<?xml version="1.0" encoding="UTF-8"?>
<testsuites tests="11" failures="0" errors="0" skipped="0">
  <testsuite timestamp="2025-04-18T17:28:31" time="1442.328" tests="11" failures="0" errors="0" skipped="0">
    <properties>
      <property name="specId" value="0"/>
      <property name="suiteName" value="Partner specific tests US150819 US151080 US151654 US151176 US103444 US151078 US151079 US151109 US151174 US151175 US151189"/>
      <property name="capabilities" value="chrome.135_0_7049_42.windows"/>
      <property name="file" value="file:///D:/a/1/s/test/specs/BTS/manage-partners.spec.js"/>
    </properties>
    <testcase classname="chrome.135_0_7049_42.windows.Partner_specific_tests_US150819_US151080_US151654_US151176_US103444_US151078_US151079_US151109_US151174_US151175_US151189" name="Should create a new yard prerequisite" time="126.56">
      <system-out><![CDATA[
COMMAND: POST /session/db7e8e0bc6cb7545f5479edbe1e25c48/window/fullscreen - {}
RESULT: {}
COMMAND: POST /session/db7e8e0bc6cb7545f5479edbe1e25c48/element - {"using":"xpath","value":"//li[.//span[text()=\"Manage Partners\"]]"}
RESULT: {"using":"xpath","value":"//li[.//span[text()=\"Manage Partners\"]]"}
COMMAND: POST /session/db7e8e0bc6cb7545f5479edbe1e25c48/element - {"using":"xpath","value":"//li[.//span[text()=\"Manage Partners\"]]"}
RESULT: {"using":"xpath","value":"//li[.//span[text()=\"Manage Partners\"]]"}
COMMAND: POST /session/db7e8e0bc6cb7545f5479edbe1e25c48/element - {"using":"css selector","value":"#shell-header-logo"}
RESULT: {"using":"css selector","value":"#shell-header-logo"}
COMMAND: POST /session/db7e8e0bc6cb7545f5479edbe1e25c48/element/f.A305B2C0A529549F02C3CF63D97C7E2E.d.5C1AEB55E9489C1DCA4686131772AABE.e.255/click - {}
COMMAND: POST /session/db7e8e0bc6cb7545f5479edbe1e25c48/execute/sync - {"script":"<script> [8489 bytes]","args":[{"element-6066-11e4-a52e-4f735466cecf":"f.A305B2C0A529549F02C3CF63D97C7E2E.d.5C1AEB55E9489C1DCA4686131772AABE.e.255","ELEMENT":"f.A305B2C0A529549F02C3CF63D97C7E2E.d.5C1AEB55E9489C1DCA4686131772AABE.e.255"}]}
RESULT: {}
COMMAND: GET /session/db7e8e0bc6cb7545f5479edbe1e25c48/screenshot - {}
RESULT: {"script":"<script> [8489 bytes]","args":[{"element-6066-11e4-a52e-4f735466cecf":"f.A305B2C0A529549F02C3CF63D97C7E2E.d.5C1AEB55E9489C1DCA4686131772AABE.e.255","ELEMENT":"f.A305B2C0A529549F02C3CF63D97C7E2E.d.5C1AEB55E9489C1DCA4686131772AABE.e.255"}]}
COMMAND: POST /session/db7e8e0bc6cb7545f5479edbe1e25c48/execute/sync - {"script":"<script> [5351 bytes]","args":[{"element-6066-11e4-a52e-4f735466cecf":"f.A305B2C0A529549F02C3CF63D97C7E2E.d.5C1AEB55E9489C1DCA4686131772AABE.e.255","ELEMENT":"f.A305B2C0A529549F02C3CF63D97C7E2E.d.5C1AEB55E9489C1DCA4686131772AABE.e.255"}]}
COMMAND: GET /session/db7e8e0bc6cb7545f5479edbe1e25c48/screenshot - {}
RESULT: {}
RESULT: {"script":"<script> [5351 bytes]","args":[{"element-6066-11e4-a52e-4f735466cecf":"f.A305B2C0A529549F02C3CF63D97C7E2E.d.5C1AEB55E9489C1DCA4686131772AABE.e.255","ELEMENT":"f.A305B2C0A529549F02C3CF63D97C7E2E.d.5C1AEB55E9489C1DCA4686131772AABE.e.255"}]}
COMMAND: GET /session/db7e8e0bc6cb7545f5479edbe1e25c48/screenshot - {}
RESULT: {}
RESULT: {}
COMMAND: POST /session/db7e8e0bc6cb7545f5479edbe1e25c48/execute/async - {"script":"<script> [1562 bytes]","args":[{"selector":{"controlType":"sap.m.GenericTile","properties":{"header":"Manage Yards"}},"wdio_ui5_key":"sapm.GenericTile{\"header\":\"Manage Yards\"}"}]}
RESULT: {"script":"<script> [1562 bytes]","args":[{"selector":{"controlType":"sap.m.GenericTile","properties":{"header":"Manage Yards"}},"wdio_ui5_key":"sapm.GenericTile{\"header\":\"Manage Yards\"}"}]}
RESULT: undefined
COMMAND: POST /session/db7e8e0bc6cb7545f5479edbe1e25c48/element - {"using":"xpath","value":"//*[@id=\"__tile41\"]"}
RESULT: {"using":"xpath","value":"//*[@id=\"__tile41\"]"}
COMMAND: POST /session/db7e8e0bc6cb7545f5479edbe1e25c48/element/f.A305B2C0A529549F02C3CF63D97C7E2E.d.5C1AEB55E9489C1DCA4686131772AABE.e.152/click - {}
RESULT: {}
COMMAND: POST /session/db7e8e0bc6cb7545f5479edbe1e25c48/element - {"using":"xpath","value":"//button[@data-kt=\"addNewYardOverflowToolbarButton\"]"}
COMMAND: GET /session/db7e8e0bc6cb7545f5479edbe1e25c48/screenshot - {}
RESULT: {"using":"xpath","value":"//button[@data-kt=\"addNewYardOverflowToolbarButton\"]"}
COMMAND: POST /session/db7e8e0bc6cb7545f5479edbe1e25c48/elements - {"using":"xpath","value":"//button[@data-kt=\"addNewYardOverflowToolbarButton\"]"}
RESULT: {}
RESULT: {"using":"xpath","value":"//button[@data-kt=\"addNewYardOverflowToolbarButton\"]"}
COMMAND: POST /session/db7e8e0bc6cb7545f5479edbe1e25c48/elements - {"using":"xpath","value":"//button[@data-kt=\"addNewYardOverflowToolbarButton\"]"}
RESULT: {"using":"xpath","value":"//button[@data-kt=\"addNewYardOverflowToolbarButton\"]"}
COMMAND: POST /session/db7e8e0bc6cb7545f5479edbe1e25c48/elements - {"using":"xpath","value":"//button[@data-kt=\"addNewYardOverflowToolbarButton\"]"}
RESULT: {"using":"xpath","value":"//button[@data-kt=\"addNewYardOverflowToolbarButton\"]"}
COMMAND: POST /session/db7e8e0bc6cb7545f5479edbe1e25c48/elements - {"using":"xpath","value":"//button[@data-kt=\"addNewYardOverflowToolbarButton\"]"}
RESULT: {"using":"xpath","value":"//button[@data-kt=\"addNewYardOverflowToolbarButton\"]"}
COMMAND: POST /session/db7e8e0bc6cb7545f5479edbe1e25c48/elements - {"using":"xpath","value":"//button[@data-kt=\"addNewYardOverflowToolbarButton\"]"}
RESULT: {"using":"xpath","value":"//button[@data-kt=\"addNewYardOverflowToolbarButton\"]"}
COMMAND: POST /session/db7e8e0bc6cb7545f5479edbe1e25c48/elements - {"using":"xpath","value":"//button[@data-kt=\"addNewYardOverflowToolbarButton\"]"}
RESULT: {"using":"xpath","value":"//button[@data-kt=\"addNewYardOverflowToolbarButton\"]"}
COMMAND: POST /session/db7e8e0bc6cb7545f5479edbe1e25c48/elements - {"using":"xpath","value":"//button[@data-kt=\"addNewYardOverflowToolbarButton\"]"}
RESULT: {"using":"xpath","value":"//button[@data-kt=\"addNewYardOverflowToolbarButton\"]"}
COMMAND: POST /session/db7e8e0bc6cb7545f5479edbe1e25c48/elements - {"using":"xpath","value":"//button[@data-kt=\"addNewYardOverflowToolbarButton\"]"}
RESULT: {"using":"xpath","value":"//button[@data-kt=\"addNewYardOverflowToolbarButton\"]"}
COMMAND: POST /session/db7e8e0bc6cb7545f5479edbe1e25c48/elements - {"using":"xpath","value":"//button[@data-kt=\"addNewYardOverflowToolbarButton\"]"}
RESULT: {"using":"xpath","value":"//button[@data-kt=\"addNewYardOverflowToolbarButton\"]"}
COMMAND: POST /session/db7e8e0bc6cb7545f5479edbe1e25c48/elements - {"using":"xpath","value":"//button[@data-kt=\"addNewYardOverflowToolbarButton\"]"}
RESULT: {"using":"xpath","value":"//button[@data-kt=\"addNewYardOverflowToolbarButton\"]"}
COMMAND: POST /session/db7e8e0bc6cb7545f5479edbe1e25c48/elements - {"using":"xpath","value":"//button[@data-kt=\"addNewYardOverflowToolbarButton\"]"}
RESULT: {"using":"xpath","value":"//button[@data-kt=\"addNewYardOverflowToolbarButton\"]"}
COMMAND: POST /session/db7e8e0bc6cb7545f5479edbe1e25c48/elements - {"using":"xpath","value":"//button[@data-kt=\"addNewYardOverflowToolbarButton\"]"}
RESULT: {"using":"xpath","value":"//button[@data-kt=\"addNewYardOverflowToolbarButton\"]"}
COMMAND: POST /session/db7e8e0bc6cb7545f5479edbe1e25c48/elements - {"using":"xpath","value":"//button[@data-kt=\"addNewYardOverflowToolbarButton\"]"}
RESULT: {"using":"xpath","value":"//button[@data-kt=\"addNewYardOverflowToolbarButton\"]"}
COMMAND: POST /session/db7e8e0bc6cb7545f5479edbe1e25c48/elements - {"using":"xpath","value":"//button[@data-kt=\"addNewYardOverflowToolbarButton\"]"}
RESULT: {"using":"xpath","value":"//button[@data-kt=\"addNewYardOverflowToolbarButton\"]"}
COMMAND: POST /session/db7e8e0bc6cb7545f5479edbe1e25c48/elements - {"using":"xpath","value":"//button[@data-kt=\"addNewYardOverflowToolbarButton\"]"}
RESULT: {"using":"xpath","value":"//button[@data-kt=\"addNewYardOverflowToolbarButton\"]"}
COMMAND: POST /session/db7e8e0bc6cb7545f5479edbe1e25c48/elements - {"using":"xpath","value":"//button[@data-kt=\"addNewYardOverflowToolbarButton\"]"}
RESULT: {"using":"xpath","value":"//button[@data-kt=\"addNewYardOverflowToolbarButton\"]"}
COMMAND: POST /session/db7e8e0bc6cb7545f5479edbe1e25c48/elements - {"using":"xpath","value":"//button[@data-kt=\"addNewYardOverflowToolbarButton\"]"}
RESULT: {"using":"xpath","value":"//button[@data-kt=\"addNewYardOverflowToolbarButton\"]"}
COMMAND: POST /session/db7e8e0bc6cb7545f5479edbe1e25c48/elements - {"using":"xpath","value":"//button[@data-kt=\"addNewYardOverflowToolbarButton\"]"}
RESULT: {"using":"xpath","value":"//button[@data-kt=\"addNewYardOverflowToolbarButton\"]"}
COMMAND: POST /session/db7e8e0bc6cb7545f5479edbe1e25c48/elements - {"using":"xpath","value":"//button[@data-kt=\"addNewYardOverflowToolbarButton\"]"}
RESULT: {"using":"xpath","value":"//button[@data-kt=\"addNewYardOverflowToolbarButton\"]"}
COMMAND: POST /session/db7e8e0bc6cb7545f5479edbe1e25c48/elements - {"using":"xpath","value":"//button[@data-kt=\"addNewYardOverflowToolbarButton\"]"}
RESULT: {"using":"xpath","value":"//button[@data-kt=\"addNewYardOverflowToolbarButton\"]"}
COMMAND: POST /session/db7e8e0bc6cb7545f5479edbe1e25c48/elements - {"using":"xpath","value":"//button[@data-kt=\"addNewYardOverflowToolbarButton\"]"}
RESULT: {"using":"xpath","value":"//button[@data-kt=\"addNewYardOverflowToolbarButton\"]"}
COMMAND: POST /session/db7e8e0bc6cb7545f5479edbe1e25c48/elements - {"using":"xpath","value":"//button[@data-kt=\"addNewYardOverflowToolbarButton\"]"}
RESULT: {"using":"xpath","value":"//button[@data-kt=\"addNewYardOverflowToolbarButton\"]"}
COMMAND: POST /session/db7e8e0bc6cb7545f5479edbe1e25c48/elements - {"using":"xpath","value":"//button[@data-kt=\"addNewYardOverflowToolbarButton\"]"}
RESULT: {"using":"xpath","value":"//button[@data-kt=\"addNewYardOverflowToolbarButton\"]"}
COMMAND: POST /session/db7e8e0bc6cb7545f5479edbe1e25c48/elements - {"using":"xpath","value":"//button[@data-kt=\"addNewYardOverflowToolbarButton\"]"}
RESULT: {"using":"xpath","value":"//button[@data-kt=\"addNewYardOverflowToolbarButton\"]"}
COMMAND: POST /session/db7e8e0bc6cb7545f5479edbe1e25c48/elements - {"using":"xpath","value":"//button[@data-kt=\"addNewYardOverflowToolbarButton\"]"}
RESULT: {"using":"xpath","value":"//button[@data-kt=\"addNewYardOverflowToolbarButton\"]"}
COMMAND: POST /session/db7e8e0bc6cb7545f5479edbe1e25c48/elements - {"using":"xpath","value":"//button[@data-kt=\"addNewYardOverflowToolbarButton\"]"}
RESULT: {"using":"xpath","value":"//button[@data-kt=\"addNewYardOverflowToolbarButton\"]"}
COMMAND: POST /session/db7e8e0bc6cb7545f5479edbe1e25c48/elements - {"using":"xpath","value":"//button[@data-kt=\"addNewYardOverflowToolbarButton\"]"}
RESULT: {"using":"xpath","value":"//button[@data-kt=\"addNewYardOverflowToolbarButton\"]"}
COMMAND: POST /session/db7e8e0bc6cb7545f5479edbe1e25c48/elements - {"using":"xpath","value":"//button[@data-kt=\"addNewYardOverflowToolbarButton\"]"}
RESULT: {"using":"xpath","value":"//button[@data-kt=\"addNewYardOverflowToolbarButton\"]"}
COMMAND: POST /session/db7e8e0bc6cb7545f5479edbe1e25c48/elements - {"using":"xpath","value":"//button[@data-kt=\"addNewYardOverflowToolbarButton\"]"}
RESULT: {"using":"xpath","value":"//button[@data-kt=\"addNewYardOverflowToolbarButton\"]"}
COMMAND: POST /session/db7e8e0bc6cb7545f5479edbe1e25c48/elements - {"using":"xpath","value":"//button[@data-kt=\"addNewYardOverflowToolbarButton\"]"}
RESULT: {"using":"xpath","value":"//button[@data-kt=\"addNewYardOverflowToolbarButton\"]"}
COMMAND: POST /session/db7e8e0bc6cb7545f5479edbe1e25c48/elements - {"using":"xpath","value":"//button[@data-kt=\"addNewYardOverflowToolbarButton\"]"}
RESULT: {"using":"xpath","value":"//button[@data-kt=\"addNewYardOverflowToolbarButton\"]"}
COMMAND: POST /session/db7e8e0bc6cb7545f5479edbe1e25c48/elements - {"using":"xpath","value":"//button[@data-kt=\"addNewYardOverflowToolbarButton\"]"}
RESULT: {"using":"xpath","value":"//button[@data-kt=\"addNewYardOverflowToolbarButton\"]"}
COMMAND: POST /session/db7e8e0bc6cb7545f5479edbe1e25c48/elements - {"using":"xpath","value":"//button[@data-kt=\"addNewYardOverflowToolbarButton\"]"}
RESULT: {"using":"xpath","value":"//button[@data-kt=\"addNewYardOverflowToolbarButton\"]"}
COMMAND: POST /session/db7e8e0bc6cb7545f5479edbe1e25c48/elements - {"using":"xpath","value":"//button[@data-kt=\"addNewYardOverflowToolbarButton\"]"}
RESULT: {"using":"xpath","value":"//button[@data-kt=\"addNewYardOverflowToolbarButton\"]"}
COMMAND: POST /session/db7e8e0bc6cb7545f5479edbe1e25c48/elements - {"using":"xpath","value":"//button[@data-kt=\"addNewYardOverflowToolbarButton\"]"}
RESULT: {"using":"xpath","value":"//button[@data-kt=\"addNewYardOverflowToolbarButton\"]"}
COMMAND: POST /session/db7e8e0bc6cb7545f5479edbe1e25c48/elements - {"using":"xpath","value":"//button[@data-kt=\"addNewYardOverflowToolbarButton\"]"}
RESULT: {"using":"xpath","value":"//button[@data-kt=\"addNewYardOverflowToolbarButton\"]"}
COMMAND: POST /session/db7e8e0bc6cb7545f5479edbe1e25c48/elements - {"using":"xpath","value":"//button[@data-kt=\"addNewYardOverflowToolbarButton\"]"}
RESULT: {"using":"xpath","value":"//button[@data-kt=\"addNewYardOverflowToolbarButton\"]"}
COMMAND: POST /session/db7e8e0bc6cb7545f5479edbe1e25c48/elements - {"using":"xpath","value":"//button[@data-kt=\"addNewYardOverflowToolbarButton\"]"}
RESULT: {"using":"xpath","value":"//button[@data-kt=\"addNewYardOverflowToolbarButton\"]"}
COMMAND: POST /session/db7e8e0bc6cb7545f5479edbe1e25c48/elements - {"using":"xpath","value":"//button[@data-kt=\"addNewYardOverflowToolbarButton\"]"}
RESULT: {"using":"xpath","value":"//button[@data-kt=\"addNewYardOverflowToolbarButton\"]"}
COMMAND: POST /session/db7e8e0bc6cb7545f5479edbe1e25c48/element - {"using":"xpath","value":"//button[@data-kt=\"addNewYardOverflowToolbarButton\"]"}
RESULT: {"using":"xpath","value":"//button[@data-kt=\"addNewYardOverflowToolbarButton\"]"}
COMMAND: POST /session/db7e8e0bc6cb7545f5479edbe1e25c48/execute/sync - {"script":"<script> [8489 bytes]","args":[{"element-6066-11e4-a52e-4f735466cecf":"f.A305B2C0A529549F02C3CF63D97C7E2E.d.5C1AEB55E9489C1DCA4686131772AABE.e.289","ELEMENT":"f.A305B2C0A529549F02C3CF63D97C7E2E.d.5C1AEB55E9489C1DCA4686131772AABE.e.289"}]}
RESULT: {"script":"<script> [8489 bytes]","args":[{"element-6066-11e4-a52e-4f735466cecf":"f.A305B2C0A529549F02C3CF63D97C7E2E.d.5C1AEB55E9489C1DCA4686131772AABE.e.289","ELEMENT":"f.A305B2C0A529549F02C3CF63D97C7E2E.d.5C1AEB55E9489C1DCA4686131772AABE.e.289"}]}
COMMAND: GET /session/db7e8e0bc6cb7545f5479edbe1e25c48/element/f.A305B2C0A529549F02C3CF63D97C7E2E.d.5C1AEB55E9489C1DCA4686131772AABE.e.289/enabled - {}
COMMAND: GET /session/db7e8e0bc6cb7545f5479edbe1e25c48/screenshot - {}
RESULT: {}
COMMAND: POST /session/db7e8e0bc6cb7545f5479edbe1e25c48/execute/sync - {"script":"<script> [8489 bytes]","args":[{"element-6066-11e4-a52e-4f735466cecf":"f.A305B2C0A529549F02C3CF63D97C7E2E.d.5C1AEB55E9489C1DCA4686131772AABE.e.289","ELEMENT":"f.A305B2C0A529549F02C3CF63D97C7E2E.d.5C1AEB55E9489C1DCA4686131772AABE.e.289"}]}
COMMAND: GET /session/db7e8e0bc6cb7545f5479edbe1e25c48/screenshot - {}
RESULT: {}
RESULT: {"script":"<script> [8489 bytes]","args":[{"element-6066-11e4-a52e-4f735466cecf":"f.A305B2C0A529549F02C3CF63D97C7E2E.d.5C1AEB55E9489C1DCA4686131772AABE.e.289","ELEMENT":"f.A305B2C0A529549F02C3CF63D97C7E2E.d.5C1AEB55E9489C1DCA4686131772AABE.e.289"}]}
COMMAND: POST /session/db7e8e0bc6cb7545f5479edbe1e25c48/execute/sync - {"script":"<script> [5351 bytes]","args":[{"element-6066-11e4-a52e-4f735466cecf":"f.A305B2C0A529549F02C3CF63D97C7E2E.d.5C1AEB55E9489C1DCA4686131772AABE.e.289","ELEMENT":"f.A305B2C0A529549F02C3CF63D97C7E2E.d.5C1AEB55E9489C1DCA4686131772AABE.e.289"}]}
COMMAND: GET /session/db7e8e0bc6cb7545f5479edbe1e25c48/screenshot - {}
RESULT: {}
RESULT: {"script":"<script> [5351 bytes]","args":[{"element-6066-11e4-a52e-4f735466cecf":"f.A305B2C0A529549F02C3CF63D97C7E2E.d.5C1AEB55E9489C1DCA4686131772AABE.e.289","ELEMENT":"f.A305B2C0A529549F02C3CF63D97C7E2E.d.5C1AEB55E9489C1DCA4686131772AABE.e.289"}]}
COMMAND: POST /session/db7e8e0bc6cb7545f5479edbe1e25c48/element/f.A305B2C0A529549F02C3CF63D97C7E2E.d.5C1AEB55E9489C1DCA4686131772AABE.e.289/click - {}
COMMAND: GET /session/db7e8e0bc6cb7545f5479edbe1e25c48/screenshot - {}
RESULT: {}
RESULT: {}
COMMAND: GET /session/db7e8e0bc6cb7545f5479edbe1e25c48/screenshot - {}
COMMAND: POST /session/db7e8e0bc6cb7545f5479edbe1e25c48/element - {"using":"xpath","value":"//input[@id=\"application-manageyards-display-component---NewYard--yardId-inner\"]"}
RESULT: {}
RESULT: {}
RESULT: {"using":"xpath","value":"//input[@id=\"application-manageyards-display-component---NewYard--yardId-inner\"]"}
COMMAND: POST /session/db7e8e0bc6cb7545f5479edbe1e25c48/element - {"using":"xpath","value":"//input[@id=\"application-manageyards-display-component---NewYard--yardId-inner\"]"}
RESULT: {"using":"xpath","value":"//input[@id=\"application-manageyards-display-component---NewYard--yardId-inner\"]"}
COMMAND: POST /session/db7e8e0bc6cb7545f5479edbe1e25c48/execute/async - {"script":"<script> [1562 bytes]","args":[{"selector":{"id":"application-manageyards-display-component---NewYard--addressDetailDetailsName1","interaction":{"idSuffix":"inner"}},"wdio_ui5_key":"applicationmanageyards-display-component---NewYard--addressDetailDetailsName1"}]}
RESULT: {"script":"<script> [1562 bytes]","args":[{"selector":{"id":"application-manageyards-display-component---NewYard--addressDetailDetailsName1","interaction":{"idSuffix":"inner"}},"wdio_ui5_key":"applicationmanageyards-display-component---NewYard--addressDetailDetailsName1"}]}
RESULT: undefined
COMMAND: POST /session/db7e8e0bc6cb7545f5479edbe1e25c48/execute/async - {"script":"<script> [776 bytes]","args":[{"enterText":"Intracompany Yard wdIO","selector":{"id":"application-manageyards-display-component---NewYard--addressDetailDetailsName1","interaction":{"idSuffix":"inner"}},"clearTextFirst":true,"interactionType":"ENTER_TEXT"}]}
RESULT: {"script":"<script> [776 bytes]","args":[{"enterText":"Intracompany Yard wdIO","selector":{"id":"application-manageyards-display-component---NewYard--addressDetailDetailsName1","interaction":{"idSuffix":"inner"}},"clearTextFirst":true,"interactionType":"ENTER_TEXT"}]}
COMMAND: POST /session/db7e8e0bc6cb7545f5479edbe1e25c48/execute/async - {"script":"<script> [1562 bytes]","args":[{"selector":{"id":"application-manageyards-display-component---NewYard--addressDetailDetailsLanguage-arrow"},"wdio_ui5_key":"applicationmanageyards-display-component---NewYard--addressDetailDetailsLanguage-arrow"}]}
RESULT: {"script":"<script> [1562 bytes]","args":[{"selector":{"id":"application-manageyards-display-component---NewYard--addressDetailDetailsLanguage-arrow"},"wdio_ui5_key":"applicationmanageyards-display-component---NewYard--addressDetailDetailsLanguage-arrow"}]}
RESULT: undefined
COMMAND: POST /session/db7e8e0bc6cb7545f5479edbe1e25c48/element - {"using":"xpath","value":"//*[@id=\"application-manageyards-display-component---NewYard--addressDetailDetailsLanguage-arrow\"]"}
RESULT: {"using":"xpath","value":"//*[@id=\"application-manageyards-display-component---NewYard--addressDetailDetailsLanguage-arrow\"]"}
COMMAND: POST /session/db7e8e0bc6cb7545f5479edbe1e25c48/element/f.A305B2C0A529549F02C3CF63D97C7E2E.d.5C1AEB55E9489C1DCA4686131772AABE.e.720/click - {}
RESULT: {}
COMMAND: POST /session/db7e8e0bc6cb7545f5479edbe1e25c48/element - {"using":"xpath","value":"//span[contains(text(), \"English\")]"}
COMMAND: GET /session/db7e8e0bc6cb7545f5479edbe1e25c48/screenshot - {}
RESULT: {"using":"xpath","value":"//span[contains(text(), \"English\")]"}
COMMAND: POST /session/db7e8e0bc6cb7545f5479edbe1e25c48/element/f.A305B2C0A529549F02C3CF63D97C7E2E.d.5C1AEB55E9489C1DCA4686131772AABE.e.721/click - {}
RESULT: {}
RESULT: {}
COMMAND: POST /session/db7e8e0bc6cb7545f5479edbe1e25c48/execute/async - {"script":"<script> [1562 bytes]","args":[{"selector":{"id":"application-manageyards-display-component---NewYard--addressDetailDetailsCity1","interaction":{"idSuffix":"inner"}},"wdio_ui5_key":"applicationmanageyards-display-component---NewYard--addressDetailDetailsCity1"}]}
COMMAND: GET /session/db7e8e0bc6cb7545f5479edbe1e25c48/screenshot - {}
RESULT: {"script":"<script> [1562 bytes]","args":[{"selector":{"id":"application-manageyards-display-component---NewYard--addressDetailDetailsCity1","interaction":{"idSuffix":"inner"}},"wdio_ui5_key":"applicationmanageyards-display-component---NewYard--addressDetailDetailsCity1"}]}
RESULT: undefined
COMMAND: POST /session/db7e8e0bc6cb7545f5479edbe1e25c48/execute/async - {"script":"<script> [776 bytes]","args":[{"enterText":"Rosario","selector":{"id":"application-manageyards-display-component---NewYard--addressDetailDetailsCity1","interaction":{"idSuffix":"inner"}},"clearTextFirst":true,"interactionType":"ENTER_TEXT"}]}
RESULT: {}
RESULT: {"script":"<script> [776 bytes]","args":[{"enterText":"Rosario","selector":{"id":"application-manageyards-display-component---NewYard--addressDetailDetailsCity1","interaction":{"idSuffix":"inner"}},"clearTextFirst":true,"interactionType":"ENTER_TEXT"}]}
COMMAND: POST /session/db7e8e0bc6cb7545f5479edbe1e25c48/execute/async - {"script":"<script> [1562 bytes]","args":[{"selector":{"id":"application-manageyards-display-component---NewYard--addressDetailDetailsCountry-arrow"},"wdio_ui5_key":"applicationmanageyards-display-component---NewYard--addressDetailDetailsCountry-arrow"}]}
RESULT: {"script":"<script> [1562 bytes]","args":[{"selector":{"id":"application-manageyards-display-component---NewYard--addressDetailDetailsCountry-arrow"},"wdio_ui5_key":"applicationmanageyards-display-component---NewYard--addressDetailDetailsCountry-arrow"}]}
RESULT: undefined
COMMAND: POST /session/db7e8e0bc6cb7545f5479edbe1e25c48/element - {"using":"xpath","value":"//*[@id=\"application-manageyards-display-component---NewYard--addressDetailDetailsCountry-arrow\"]"}
RESULT: {"using":"xpath","value":"//*[@id=\"application-manageyards-display-component---NewYard--addressDetailDetailsCountry-arrow\"]"}
COMMAND: POST /session/db7e8e0bc6cb7545f5479edbe1e25c48/element/f.A305B2C0A529549F02C3CF63D97C7E2E.d.5C1AEB55E9489C1DCA4686131772AABE.e.723/click - {}
RESULT: {}
COMMAND: POST /session/db7e8e0bc6cb7545f5479edbe1e25c48/element - {"using":"xpath","value":"//span[contains(text(), \"Argentina\")]"}
COMMAND: GET /session/db7e8e0bc6cb7545f5479edbe1e25c48/screenshot - {}
RESULT: {"using":"xpath","value":"//span[contains(text(), \"Argentina\")]"}
COMMAND: POST /session/db7e8e0bc6cb7545f5479edbe1e25c48/element/f.A305B2C0A529549F02C3CF63D97C7E2E.d.5C1AEB55E9489C1DCA4686131772AABE.e.724/click - {}
RESULT: {}
RESULT: {}
COMMAND: POST /session/db7e8e0bc6cb7545f5479edbe1e25c48/execute/async - {"script":"<script> [1562 bytes]","args":[{"selector":{"id":"application-manageyards-display-component---NewYard--addressEditDetailsCostObjectCstType-arrow"},"wdio_ui5_key":"applicationmanageyards-display-component---NewYard--addressEditDetailsCostObjectCstType-arrow"}]}
COMMAND: GET /session/db7e8e0bc6cb7545f5479edbe1e25c48/screenshot - {}
RESULT: {"script":"<script> [1562 bytes]","args":[{"selector":{"id":"application-manageyards-display-component---NewYard--addressEditDetailsCostObjectCstType-arrow"},"wdio_ui5_key":"applicationmanageyards-display-component---NewYard--addressEditDetailsCostObjectCstType-arrow"}]}
RESULT: undefined
COMMAND: POST /session/db7e8e0bc6cb7545f5479edbe1e25c48/element - {"using":"xpath","value":"//*[@id=\"application-manageyards-display-component---NewYard--addressEditDetailsCostObjectCstType-arrow\"]"}
RESULT: {}
RESULT: {"using":"xpath","value":"//*[@id=\"application-manageyards-display-component---NewYard--addressEditDetailsCostObjectCstType-arrow\"]"}
COMMAND: POST /session/db7e8e0bc6cb7545f5479edbe1e25c48/element/f.A305B2C0A529549F02C3CF63D97C7E2E.d.5C1AEB55E9489C1DCA4686131772AABE.e.726/click - {}
RESULT: {}
COMMAND: POST /session/db7e8e0bc6cb7545f5479edbe1e25c48/element - {"using":"xpath","value":"//span[contains(text(), \"Cost Center\")]"}
COMMAND: GET /session/db7e8e0bc6cb7545f5479edbe1e25c48/screenshot - {}
RESULT: {"using":"xpath","value":"//span[contains(text(), \"Cost Center\")]"}
COMMAND: POST /session/db7e8e0bc6cb7545f5479edbe1e25c48/element/f.A305B2C0A529549F02C3CF63D97C7E2E.d.5C1AEB55E9489C1DCA4686131772AABE.e.727/click - {}
RESULT: {}
RESULT: {}
COMMAND: GET /session/db7e8e0bc6cb7545f5479edbe1e25c48/screenshot - {}
RESULT: {}
COMMAND: POST /session/db7e8e0bc6cb7545f5479edbe1e25c48/element - {"using":"xpath","value":"//span[@id=\"application-manageyards-display-component---NewYard--addressNewCostObjectCstID-vhi\"]"}
RESULT: {"using":"xpath","value":"//span[@id=\"application-manageyards-display-component---NewYard--addressNewCostObjectCstID-vhi\"]"}
COMMAND: POST /session/db7e8e0bc6cb7545f5479edbe1e25c48/execute/sync - {"script":"<script> [8489 bytes]","args":[{"element-6066-11e4-a52e-4f735466cecf":"f.A305B2C0A529549F02C3CF63D97C7E2E.d.5C1AEB55E9489C1DCA4686131772AABE.e.730","ELEMENT":"f.A305B2C0A529549F02C3CF63D97C7E2E.d.5C1AEB55E9489C1DCA4686131772AABE.e.730"}]}
RESULT: {"script":"<script> [8489 bytes]","args":[{"element-6066-11e4-a52e-4f735466cecf":"f.A305B2C0A529549F02C3CF63D97C7E2E.d.5C1AEB55E9489C1DCA4686131772AABE.e.730","ELEMENT":"f.A305B2C0A529549F02C3CF63D97C7E2E.d.5C1AEB55E9489C1DCA4686131772AABE.e.730"}]}
COMMAND: POST /session/db7e8e0bc6cb7545f5479edbe1e25c48/execute/async - {"script":"<script> [1562 bytes]","args":[{"selector":{"id":"application-manageyards-display-component---NewYard--addressNewCostObjectCstID-vhi"},"wdio_ui5_key":"applicationmanageyards-display-component---NewYard--addressNewCostObjectCstID-vhi"}]}
COMMAND: GET /session/db7e8e0bc6cb7545f5479edbe1e25c48/screenshot - {}
RESULT: {"script":"<script> [1562 bytes]","args":[{"selector":{"id":"application-manageyards-display-component---NewYard--addressNewCostObjectCstID-vhi"},"wdio_ui5_key":"applicationmanageyards-display-component---NewYard--addressNewCostObjectCstID-vhi"}]}
RESULT: undefined
COMMAND: POST /session/db7e8e0bc6cb7545f5479edbe1e25c48/element - {"using":"xpath","value":"//*[@id=\"application-manageyards-display-component---NewYard--addressNewCostObjectCstID-vhi\"]"}
RESULT: {}
RESULT: {"using":"xpath","value":"//*[@id=\"application-manageyards-display-component---NewYard--addressNewCostObjectCstID-vhi\"]"}
COMMAND: POST /session/db7e8e0bc6cb7545f5479edbe1e25c48/element/f.A305B2C0A529549F02C3CF63D97C7E2E.d.5C1AEB55E9489C1DCA4686131772AABE.e.730/click - {}
RESULT: {}
COMMAND: GET /session/db7e8e0bc6cb7545f5479edbe1e25c48/screenshot - {}
RESULT: {}
COMMAND: POST /session/db7e8e0bc6cb7545f5479edbe1e25c48/execute/async - {"script":"<script> [1562 bytes]","args":[{"selector":{"controlType":"sap.m.SearchField","properties":{"placeholder":"Search"},"searchOpenDialogs":true,"interaction":{"idSuffix":"I"}},"wdio_ui5_key":"sapm.SearchField{\"placeholder\":\"Search\"}"}]}
RESULT: {"script":"<script> [1562 bytes]","args":[{"selector":{"controlType":"sap.m.SearchField","properties":{"placeholder":"Search"},"searchOpenDialogs":true,"interaction":{"idSuffix":"I"}},"wdio_ui5_key":"sapm.SearchField{\"placeholder\":\"Search\"}"}]}
RESULT: undefined
COMMAND: POST /session/db7e8e0bc6cb7545f5479edbe1e25c48/execute/async - {"script":"<script> [776 bytes]","args":[{"enterText":"10001013","selector":{"controlType":"sap.m.SearchField","properties":{"placeholder":"Search"},"searchOpenDialogs":true,"interaction":{"idSuffix":"I"}},"clearTextFirst":true,"interactionType":"ENTER_TEXT"}]}
RESULT: {"script":"<script> [776 bytes]","args":[{"enterText":"10001013","selector":{"controlType":"sap.m.SearchField","properties":{"placeholder":"Search"},"searchOpenDialogs":true,"interaction":{"idSuffix":"I"}},"clearTextFirst":true,"interactionType":"ENTER_TEXT"}]}
COMMAND: POST /session/db7e8e0bc6cb7545f5479edbe1e25c48/actions - {"actions":[{"id":"action1","type":"key","parameters":{},"actions":[{"type":"keyDown","value":""},{"type":"pause","duration":10},{"type":"keyUp","value":""}]}]}
RESULT: {"actions":[{"id":"action1","type":"key","parameters":{},"actions":[{"type":"keyDown","value":""},{"type":"pause","duration":10},{"type":"keyUp","value":""}]}]}
COMMAND: GET /session/db7e8e0bc6cb7545f5479edbe1e25c48/screenshot - {}
RESULT: {}
COMMAND: POST /session/db7e8e0bc6cb7545f5479edbe1e25c48/element - {"using":"xpath","value":"//span[contains(text(), \"General Management\")]"}
RESULT: {"using":"xpath","value":"//span[contains(text(), \"General Management\")]"}
COMMAND: POST /session/db7e8e0bc6cb7545f5479edbe1e25c48/element/f.A305B2C0A529549F02C3CF63D97C7E2E.d.5C1AEB55E9489C1DCA4686131772AABE.e.771/click - {}
RESULT: {}
COMMAND: GET /session/db7e8e0bc6cb7545f5479edbe1e25c48/screenshot - {}
RESULT: {}
COMMAND: POST /session/db7e8e0bc6cb7545f5479edbe1e25c48/element - {"using":"xpath","value":"//bdi[contains(text(), \"OK\")]"}
RESULT: {"using":"xpath","value":"//bdi[contains(text(), \"OK\")]"}
COMMAND: POST /session/db7e8e0bc6cb7545f5479edbe1e25c48/element/f.A305B2C0A529549F02C3CF63D97C7E2E.d.5C1AEB55E9489C1DCA4686131772AABE.e.772/click - {}
RESULT: {}
COMMAND: GET /session/db7e8e0bc6cb7545f5479edbe1e25c48/screenshot - {}
RESULT: {}
COMMAND: POST /session/db7e8e0bc6cb7545f5479edbe1e25c48/execute/async - {"script":"<script> [1562 bytes]","args":[{"selector":{"id":"application-manageyards-display-component---NewYard--addressEditDetailsCurrency-arrow"},"wdio_ui5_key":"applicationmanageyards-display-component---NewYard--addressEditDetailsCurrency-arrow"}]}
RESULT: {"script":"<script> [1562 bytes]","args":[{"selector":{"id":"application-manageyards-display-component---NewYard--addressEditDetailsCurrency-arrow"},"wdio_ui5_key":"applicationmanageyards-display-component---NewYard--addressEditDetailsCurrency-arrow"}]}
RESULT: undefined
COMMAND: POST /session/db7e8e0bc6cb7545f5479edbe1e25c48/element - {"using":"xpath","value":"//*[@id=\"application-manageyards-display-component---NewYard--addressEditDetailsCurrency-arrow\"]"}
RESULT: {"using":"xpath","value":"//*[@id=\"application-manageyards-display-component---NewYard--addressEditDetailsCurrency-arrow\"]"}
COMMAND: POST /session/db7e8e0bc6cb7545f5479edbe1e25c48/element/f.A305B2C0A529549F02C3CF63D97C7E2E.d.5C1AEB55E9489C1DCA4686131772AABE.e.775/click - {}
RESULT: {}
COMMAND: POST /session/db7e8e0bc6cb7545f5479edbe1e25c48/element - {"using":"xpath","value":"//span[contains(text(), \"Euro\")]"}
COMMAND: GET /session/db7e8e0bc6cb7545f5479edbe1e25c48/screenshot - {}
RESULT: {"using":"xpath","value":"//span[contains(text(), \"Euro\")]"}
COMMAND: POST /session/db7e8e0bc6cb7545f5479edbe1e25c48/element/f.A305B2C0A529549F02C3CF63D97C7E2E.d.5C1AEB55E9489C1DCA4686131772AABE.e.776/click - {}
RESULT: {}
RESULT: {}
COMMAND: POST /session/db7e8e0bc6cb7545f5479edbe1e25c48/execute/async - {"script":"<script> [1562 bytes]","args":[{"selector":{"controlType":"sap.m.Input","viewName":"etm.portal.ui.manageyards.view.New","viewId":"application-manageyards-display-component---NewYard","bindingPath":{"path":"","propertyPath":"/CONTROLLING_AREA","modelName":"NewYardModel"},"interaction":{"idSuffix":"inner"}},"wdio_ui5_key":"etmportal.ui.manageyards.view.Newsap.m.Input{\"path\":\"\",\"propertyPath\":\"/CONTROLLING_AREA\",\"modelName\":\"NewYardModel\"}"}]}
COMMAND: GET /session/db7e8e0bc6cb7545f5479edbe1e25c48/screenshot - {}
RESULT: {}
RESULT: {"script":"<script> [1562 bytes]","args":[{"selector":{"controlType":"sap.m.Input","viewName":"etm.portal.ui.manageyards.view.New","viewId":"application-manageyards-display-component---NewYard","bindingPath":{"path":"","propertyPath":"/CONTROLLING_AREA","modelName":"NewYardModel"},"interaction":{"idSuffix":"inner"}},"wdio_ui5_key":"etmportal.ui.manageyards.view.Newsap.m.Input{\"path\":\"\",\"propertyPath\":\"/CONTROLLING_AREA\",\"modelName\":\"NewYardModel\"}"}]}
RESULT: undefined
COMMAND: POST /session/db7e8e0bc6cb7545f5479edbe1e25c48/execute/async - {"script":"<script> [776 bytes]","args":[{"enterText":"Z001","selector":{"controlType":"sap.m.Input","viewName":"etm.portal.ui.manageyards.view.New","viewId":"application-manageyards-display-component---NewYard","bindingPath":{"path":"","propertyPath":"/CONTROLLING_AREA","modelName":"NewYardModel"},"interaction":{"idSuffix":"inner"}},"clearTextFirst":true,"interactionType":"ENTER_TEXT"}]}
RESULT: {"script":"<script> [776 bytes]","args":[{"enterText":"Z001","selector":{"controlType":"sap.m.Input","viewName":"etm.portal.ui.manageyards.view.New","viewId":"application-manageyards-display-component---NewYard","bindingPath":{"path":"","propertyPath":"/CONTROLLING_AREA","modelName":"NewYardModel"},"interaction":{"idSuffix":"inner"}},"clearTextFirst":true,"interactionType":"ENTER_TEXT"}]}
COMMAND: POST /session/db7e8e0bc6cb7545f5479edbe1e25c48/execute/async - {"script":"<script> [1562 bytes]","args":[{"selector":{"id":"application-manageyards-display-component---NewYard--companyCodeComboBox","interaction":{"idSuffix":"inner"}},"wdio_ui5_key":"applicationmanageyards-display-component---NewYard--companyCodeComboBox"}]}
RESULT: {"script":"<script> [1562 bytes]","args":[{"selector":{"id":"application-manageyards-display-component---NewYard--companyCodeComboBox","interaction":{"idSuffix":"inner"}},"wdio_ui5_key":"applicationmanageyards-display-component---NewYard--companyCodeComboBox"}]}
RESULT: undefined
COMMAND: POST /session/db7e8e0bc6cb7545f5479edbe1e25c48/execute/async - {"script":"<script> [776 bytes]","args":[{"enterText":"1000","selector":{"id":"application-manageyards-display-component---NewYard--companyCodeComboBox","interaction":{"idSuffix":"inner"}},"clearTextFirst":true,"interactionType":"ENTER_TEXT"}]}
RESULT: {"script":"<script> [776 bytes]","args":[{"enterText":"1000","selector":{"id":"application-manageyards-display-component---NewYard--companyCodeComboBox","interaction":{"idSuffix":"inner"}},"clearTextFirst":true,"interactionType":"ENTER_TEXT"}]}
COMMAND: POST /session/db7e8e0bc6cb7545f5479edbe1e25c48/execute/async - {"script":"<script> [1562 bytes]","args":[{"selector":{"controlType":"sap.m.Input","viewName":"etm.portal.ui.manageyards.view.New","viewId":"application-manageyards-display-component---NewYard","bindingPath":{"path":"","propertyPath":"/PLANT","modelName":"NewYardModel"},"interaction":{"idSuffix":"inner"}},"wdio_ui5_key":"etmportal.ui.manageyards.view.Newsap.m.Input{\"path\":\"\",\"propertyPath\":\"/PLANT\",\"modelName\":\"NewYardModel\"}"}]}
RESULT: {"script":"<script> [1562 bytes]","args":[{"selector":{"controlType":"sap.m.Input","viewName":"etm.portal.ui.manageyards.view.New","viewId":"application-manageyards-display-component---NewYard","bindingPath":{"path":"","propertyPath":"/PLANT","modelName":"NewYardModel"},"interaction":{"idSuffix":"inner"}},"wdio_ui5_key":"etmportal.ui.manageyards.view.Newsap.m.Input{\"path\":\"\",\"propertyPath\":\"/PLANT\",\"modelName\":\"NewYardModel\"}"}]}
RESULT: undefined
COMMAND: POST /session/db7e8e0bc6cb7545f5479edbe1e25c48/execute/async - {"script":"<script> [776 bytes]","args":[{"enterText":"1001","selector":{"controlType":"sap.m.Input","viewName":"etm.portal.ui.manageyards.view.New","viewId":"application-manageyards-display-component---NewYard","bindingPath":{"path":"","propertyPath":"/PLANT","modelName":"NewYardModel"},"interaction":{"idSuffix":"inner"}},"clearTextFirst":true,"interactionType":"ENTER_TEXT"}]}
RESULT: {"script":"<script> [776 bytes]","args":[{"enterText":"1001","selector":{"controlType":"sap.m.Input","viewName":"etm.portal.ui.manageyards.view.New","viewId":"application-manageyards-display-component---NewYard","bindingPath":{"path":"","propertyPath":"/PLANT","modelName":"NewYardModel"},"interaction":{"idSuffix":"inner"}},"clearTextFirst":true,"interactionType":"ENTER_TEXT"}]}
COMMAND: POST /session/db7e8e0bc6cb7545f5479edbe1e25c48/execute/async - {"script":"<script> [1562 bytes]","args":[{"selector":{"controlType":"sap.m.Input","viewName":"etm.portal.ui.manageyards.view.New","viewId":"application-manageyards-display-component---NewYard","bindingPath":{"path":"","propertyPath":"/SALES_AREA_VKORG","modelName":"NewYardModel"},"interaction":{"idSuffix":"inner"}},"wdio_ui5_key":"etmportal.ui.manageyards.view.Newsap.m.Input{\"path\":\"\",\"propertyPath\":\"/SALES_AREA_VKORG\",\"modelName\":\"NewYardModel\"}"}]}
RESULT: {"script":"<script> [1562 bytes]","args":[{"selector":{"controlType":"sap.m.Input","viewName":"etm.portal.ui.manageyards.view.New","viewId":"application-manageyards-display-component---NewYard","bindingPath":{"path":"","propertyPath":"/SALES_AREA_VKORG","modelName":"NewYardModel"},"interaction":{"idSuffix":"inner"}},"wdio_ui5_key":"etmportal.ui.manageyards.view.Newsap.m.Input{\"path\":\"\",\"propertyPath\":\"/SALES_AREA_VKORG\",\"modelName\":\"NewYardModel\"}"}]}
RESULT: undefined
COMMAND: POST /session/db7e8e0bc6cb7545f5479edbe1e25c48/execute/async - {"script":"<script> [776 bytes]","args":[{"enterText":"C002","selector":{"controlType":"sap.m.Input","viewName":"etm.portal.ui.manageyards.view.New","viewId":"application-manageyards-display-component---NewYard","bindingPath":{"path":"","propertyPath":"/SALES_AREA_VKORG","modelName":"NewYardModel"},"interaction":{"idSuffix":"inner"}},"clearTextFirst":true,"interactionType":"ENTER_TEXT"}]}
RESULT: {"script":"<script> [776 bytes]","args":[{"enterText":"C002","selector":{"controlType":"sap.m.Input","viewName":"etm.portal.ui.manageyards.view.New","viewId":"application-manageyards-display-component---NewYard","bindingPath":{"path":"","propertyPath":"/SALES_AREA_VKORG","modelName":"NewYardModel"},"interaction":{"idSuffix":"inner"}},"clearTextFirst":true,"interactionType":"ENTER_TEXT"}]}
COMMAND: POST /session/db7e8e0bc6cb7545f5479edbe1e25c48/execute/async - {"script":"<script> [1562 bytes]","args":[{"selector":{"controlType":"sap.m.Input","viewName":"etm.portal.ui.manageyards.view.New","viewId":"application-manageyards-display-component---NewYard","bindingPath":{"path":"","propertyPath":"/SALES_AREA_VTWEG","modelName":"NewYardModel"},"interaction":{"idSuffix":"inner"}},"wdio_ui5_key":"etmportal.ui.manageyards.view.Newsap.m.Input{\"path\":\"\",\"propertyPath\":\"/SALES_AREA_VTWEG\",\"modelName\":\"NewYardModel\"}"}]}
RESULT: {"script":"<script> [1562 bytes]","args":[{"selector":{"controlType":"sap.m.Input","viewName":"etm.portal.ui.manageyards.view.New","viewId":"application-manageyards-display-component---NewYard","bindingPath":{"path":"","propertyPath":"/SALES_AREA_VTWEG","modelName":"NewYardModel"},"interaction":{"idSuffix":"inner"}},"wdio_ui5_key":"etmportal.ui.manageyards.view.Newsap.m.Input{\"path\":\"\",\"propertyPath\":\"/SALES_AREA_VTWEG\",\"modelName\":\"NewYardModel\"}"}]}
RESULT: undefined
COMMAND: POST /session/db7e8e0bc6cb7545f5479edbe1e25c48/execute/async - {"script":"<script> [776 bytes]","args":[{"enterText":"C2","selector":{"controlType":"sap.m.Input","viewName":"etm.portal.ui.manageyards.view.New","viewId":"application-manageyards-display-component---NewYard","bindingPath":{"path":"","propertyPath":"/SALES_AREA_VTWEG","modelName":"NewYardModel"},"interaction":{"idSuffix":"inner"}},"clearTextFirst":true,"interactionType":"ENTER_TEXT"}]}
RESULT: {"script":"<script> [776 bytes]","args":[{"enterText":"C2","selector":{"controlType":"sap.m.Input","viewName":"etm.portal.ui.manageyards.view.New","viewId":"application-manageyards-display-component---NewYard","bindingPath":{"path":"","propertyPath":"/SALES_AREA_VTWEG","modelName":"NewYardModel"},"interaction":{"idSuffix":"inner"}},"clearTextFirst":true,"interactionType":"ENTER_TEXT"}]}
COMMAND: POST /session/db7e8e0bc6cb7545f5479edbe1e25c48/execute/async - {"script":"<script> [1562 bytes]","args":[{"selector":{"controlType":"sap.m.Input","viewName":"etm.portal.ui.manageyards.view.New","viewId":"application-manageyards-display-component---NewYard","bindingPath":{"path":"","propertyPath":"/SALES_AREA_SPART","modelName":"NewYardModel"},"interaction":{"idSuffix":"inner"}},"wdio_ui5_key":"etmportal.ui.manageyards.view.Newsap.m.Input{\"path\":\"\",\"propertyPath\":\"/SALES_AREA_SPART\",\"modelName\":\"NewYardModel\"}"}]}
RESULT: {"script":"<script> [1562 bytes]","args":[{"selector":{"controlType":"sap.m.Input","viewName":"etm.portal.ui.manageyards.view.New","viewId":"application-manageyards-display-component---NewYard","bindingPath":{"path":"","propertyPath":"/SALES_AREA_SPART","modelName":"NewYardModel"},"interaction":{"idSuffix":"inner"}},"wdio_ui5_key":"etmportal.ui.manageyards.view.Newsap.m.Input{\"path\":\"\",\"propertyPath\":\"/SALES_AREA_SPART\",\"modelName\":\"NewYardModel\"}"}]}
RESULT: undefined
COMMAND: POST /session/db7e8e0bc6cb7545f5479edbe1e25c48/execute/async - {"script":"<script> [776 bytes]","args":[{"enterText":"C2","selector":{"controlType":"sap.m.Input","viewName":"etm.portal.ui.manageyards.view.New","viewId":"application-manageyards-display-component---NewYard","bindingPath":{"path":"","propertyPath":"/SALES_AREA_SPART","modelName":"NewYardModel"},"interaction":{"idSuffix":"inner"}},"clearTextFirst":true,"interactionType":"ENTER_TEXT"}]}
RESULT: {"script":"<script> [776 bytes]","args":[{"enterText":"C2","selector":{"controlType":"sap.m.Input","viewName":"etm.portal.ui.manageyards.view.New","viewId":"application-manageyards-display-component---NewYard","bindingPath":{"path":"","propertyPath":"/SALES_AREA_SPART","modelName":"NewYardModel"},"interaction":{"idSuffix":"inner"}},"clearTextFirst":true,"interactionType":"ENTER_TEXT"}]}
COMMAND: POST /session/db7e8e0bc6cb7545f5479edbe1e25c48/execute/async - {"script":"<script> [1562 bytes]","args":[{"selector":{"controlType":"sap.m.Input","viewName":"etm.portal.ui.manageyards.view.New","viewId":"application-manageyards-display-component---NewYard","bindingPath":{"path":"","propertyPath":"/SHIP_POINT","modelName":"NewYardModel"},"interaction":{"idSuffix":"inner"}},"wdio_ui5_key":"etmportal.ui.manageyards.view.Newsap.m.Input{\"path\":\"\",\"propertyPath\":\"/SHIP_POINT\",\"modelName\":\"NewYardModel\"}"}]}
RESULT: {"script":"<script> [1562 bytes]","args":[{"selector":{"controlType":"sap.m.Input","viewName":"etm.portal.ui.manageyards.view.New","viewId":"application-manageyards-display-component---NewYard","bindingPath":{"path":"","propertyPath":"/SHIP_POINT","modelName":"NewYardModel"},"interaction":{"idSuffix":"inner"}},"wdio_ui5_key":"etmportal.ui.manageyards.view.Newsap.m.Input{\"path\":\"\",\"propertyPath\":\"/SHIP_POINT\",\"modelName\":\"NewYardModel\"}"}]}
RESULT: undefined
COMMAND: POST /session/db7e8e0bc6cb7545f5479edbe1e25c48/execute/async - {"script":"<script> [776 bytes]","args":[{"enterText":"1710","selector":{"controlType":"sap.m.Input","viewName":"etm.portal.ui.manageyards.view.New","viewId":"application-manageyards-display-component---NewYard","bindingPath":{"path":"","propertyPath":"/SHIP_POINT","modelName":"NewYardModel"},"interaction":{"idSuffix":"inner"}},"clearTextFirst":true,"interactionType":"ENTER_TEXT"}]}
RESULT: {"script":"<script> [776 bytes]","args":[{"enterText":"1710","selector":{"controlType":"sap.m.Input","viewName":"etm.portal.ui.manageyards.view.New","viewId":"application-manageyards-display-component---NewYard","bindingPath":{"path":"","propertyPath":"/SHIP_POINT","modelName":"NewYardModel"},"interaction":{"idSuffix":"inner"}},"clearTextFirst":true,"interactionType":"ENTER_TEXT"}]}
COMMAND: POST /session/db7e8e0bc6cb7545f5479edbe1e25c48/execute/async - {"script":"<script> [1562 bytes]","args":[{"selector":{"controlType":"sap.m.Input","viewName":"etm.portal.ui.manageyards.view.New","viewId":"application-manageyards-display-component---NewYard","bindingPath":{"path":"","propertyPath":"/DELIVERY_TYPE","modelName":"NewYardModel"},"interaction":{"idSuffix":"inner"}},"wdio_ui5_key":"etmportal.ui.manageyards.view.Newsap.m.Input{\"path\":\"\",\"propertyPath\":\"/DELIVERY_TYPE\",\"modelName\":\"NewYardModel\"}"}]}
RESULT: {"script":"<script> [1562 bytes]","args":[{"selector":{"controlType":"sap.m.Input","viewName":"etm.portal.ui.manageyards.view.New","viewId":"application-manageyards-display-component---NewYard","bindingPath":{"path":"","propertyPath":"/DELIVERY_TYPE","modelName":"NewYardModel"},"interaction":{"idSuffix":"inner"}},"wdio_ui5_key":"etmportal.ui.manageyards.view.Newsap.m.Input{\"path\":\"\",\"propertyPath\":\"/DELIVERY_TYPE\",\"modelName\":\"NewYardModel\"}"}]}
RESULT: undefined
COMMAND: POST /session/db7e8e0bc6cb7545f5479edbe1e25c48/execute/async - {"script":"<script> [776 bytes]","args":[{"enterText":"ZL01","selector":{"controlType":"sap.m.Input","viewName":"etm.portal.ui.manageyards.view.New","viewId":"application-manageyards-display-component---NewYard","bindingPath":{"path":"","propertyPath":"/DELIVERY_TYPE","modelName":"NewYardModel"},"interaction":{"idSuffix":"inner"}},"clearTextFirst":true,"interactionType":"ENTER_TEXT"}]}
RESULT: {"script":"<script> [776 bytes]","args":[{"enterText":"ZL01","selector":{"controlType":"sap.m.Input","viewName":"etm.portal.ui.manageyards.view.New","viewId":"application-manageyards-display-component---NewYard","bindingPath":{"path":"","propertyPath":"/DELIVERY_TYPE","modelName":"NewYardModel"},"interaction":{"idSuffix":"inner"}},"clearTextFirst":true,"interactionType":"ENTER_TEXT"}]}
COMMAND: POST /session/db7e8e0bc6cb7545f5479edbe1e25c48/execute/async - {"script":"<script> [1562 bytes]","args":[{"selector":{"controlType":"sap.m.Input","viewName":"etm.portal.ui.manageyards.view.New","viewId":"application-manageyards-display-component---NewYard","bindingPath":{"path":"","propertyPath":"/AUART","modelName":"NewYardModel"},"interaction":{"idSuffix":"inner"}},"wdio_ui5_key":"etmportal.ui.manageyards.view.Newsap.m.Input{\"path\":\"\",\"propertyPath\":\"/AUART\",\"modelName\":\"NewYardModel\"}"}]}
RESULT: {"script":"<script> [1562 bytes]","args":[{"selector":{"controlType":"sap.m.Input","viewName":"etm.portal.ui.manageyards.view.New","viewId":"application-manageyards-display-component---NewYard","bindingPath":{"path":"","propertyPath":"/AUART","modelName":"NewYardModel"},"interaction":{"idSuffix":"inner"}},"wdio_ui5_key":"etmportal.ui.manageyards.view.Newsap.m.Input{\"path\":\"\",\"propertyPath\":\"/AUART\",\"modelName\":\"NewYardModel\"}"}]}
RESULT: undefined
COMMAND: POST /session/db7e8e0bc6cb7545f5479edbe1e25c48/execute/async - {"script":"<script> [776 bytes]","args":[{"enterText":"TA","selector":{"controlType":"sap.m.Input","viewName":"etm.portal.ui.manageyards.view.New","viewId":"application-manageyards-display-component---NewYard","bindingPath":{"path":"","propertyPath":"/AUART","modelName":"NewYardModel"},"interaction":{"idSuffix":"inner"}},"clearTextFirst":true,"interactionType":"ENTER_TEXT"}]}
RESULT: {"script":"<script> [776 bytes]","args":[{"enterText":"TA","selector":{"controlType":"sap.m.Input","viewName":"etm.portal.ui.manageyards.view.New","viewId":"application-manageyards-display-component---NewYard","bindingPath":{"path":"","propertyPath":"/AUART","modelName":"NewYardModel"},"interaction":{"idSuffix":"inner"}},"clearTextFirst":true,"interactionType":"ENTER_TEXT"}]}
COMMAND: POST /session/db7e8e0bc6cb7545f5479edbe1e25c48/element - {"using":"xpath","value":"//button[@data-kt=\"newYardSaveButton\"]"}
RESULT: {"using":"xpath","value":"//button[@data-kt=\"newYardSaveButton\"]"}
COMMAND: POST /session/db7e8e0bc6cb7545f5479edbe1e25c48/element/f.A305B2C0A529549F02C3CF63D97C7E2E.d.5C1AEB55E9489C1DCA4686131772AABE.e.713/click - {}
RESULT: {}
COMMAND: GET /session/db7e8e0bc6cb7545f5479edbe1e25c48/screenshot - {}
RESULT: {}
COMMAND: POST /session/db7e8e0bc6cb7545f5479edbe1e25c48/element - {"using":"xpath","value":"//header[contains(@id, 'ObjectPageLayout-headerTitle')]/div[1]/div[2]/div[1]/span[1]"}
RESULT: {"using":"xpath","value":"//header[contains(@id, 'ObjectPageLayout-headerTitle')]/div[1]/div[2]/div[1]/span[1]"}
COMMAND: POST /session/db7e8e0bc6cb7545f5479edbe1e25c48/elements - {"using":"xpath","value":"//header[contains(@id, 'ObjectPageLayout-headerTitle')]/div[1]/div[2]/div[1]/span[1]"}
RESULT: {"using":"xpath","value":"//header[contains(@id, 'ObjectPageLayout-headerTitle')]/div[1]/div[2]/div[1]/span[1]"}
COMMAND: POST /session/db7e8e0bc6cb7545f5479edbe1e25c48/execute/sync - {"script":"<script> [56 bytes]","args":[{"element-6066-11e4-a52e-4f735466cecf":"f.A305B2C0A529549F02C3CF63D97C7E2E.d.5C1AEB55E9489C1DCA4686131772AABE.e.1000","ELEMENT":"f.A305B2C0A529549F02C3CF63D97C7E2E.d.5C1AEB55E9489C1DCA4686131772AABE.e.1000"}]}
RESULT: {"script":"<script> [56 bytes]","args":[{"element-6066-11e4-a52e-4f735466cecf":"f.A305B2C0A529549F02C3CF63D97C7E2E.d.5C1AEB55E9489C1DCA4686131772AABE.e.1000","ELEMENT":"f.A305B2C0A529549F02C3CF63D97C7E2E.d.5C1AEB55E9489C1DCA4686131772AABE.e.1000"}]}
COMMAND: GET /session/db7e8e0bc6cb7545f5479edbe1e25c48/screenshot - {}
RESULT: {}
COMMAND: POST /session/db7e8e0bc6cb7545f5479edbe1e25c48/element - {"using":"css selector","value":"#shell-header-logo"}
RESULT: {"using":"css selector","value":"#shell-header-logo"}
COMMAND: POST /session/db7e8e0bc6cb7545f5479edbe1e25c48/element/f.A305B2C0A529549F02C3CF63D97C7E2E.d.5C1AEB55E9489C1DCA4686131772AABE.e.255/click - {}
RESULT: {}
COMMAND: GET /session/db7e8e0bc6cb7545f5479edbe1e25c48/screenshot - {}
RESULT: {}
COMMAND: POST /session/db7e8e0bc6cb7545f5479edbe1e25c48/execute/sync - {"script":"<script> [299 bytes]","args":[["getModel","getResource"]]}
RESULT: {"script":"<script> [299 bytes]","args":[["getModel","getResource"]]}
]]></system-out>
    </testcase>
    <testcase classname="chrome.135_0_7049_42.windows.Partner_specific_tests_US150819_US151080_US151654_US151176_US103444_US151078_US151079_US151109_US151174_US151175_US151189" name="Should create new external partner US150819" time="97.15">
      <system-out><![CDATA[
COMMAND: POST /session/db7e8e0bc6cb7545f5479edbe1e25c48/element - {"using":"xpath","value":"//li[.//span[text()=\"Manage Partners\"]]"}
COMMAND: GET /session/db7e8e0bc6cb7545f5479edbe1e25c48/screenshot - {}
RESULT: {"using":"xpath","value":"//li[.//span[text()=\"Manage Partners\"]]"}
COMMAND: POST /session/db7e8e0bc6cb7545f5479edbe1e25c48/element - {"using":"xpath","value":"//li[.//span[text()=\"Manage Partners\"]]"}
RESULT: {}
RESULT: {"using":"xpath","value":"//li[.//span[text()=\"Manage Partners\"]]"}
COMMAND: POST /session/db7e8e0bc6cb7545f5479edbe1e25c48/element - {"using":"css selector","value":"#shell-header-logo"}
RESULT: {"using":"css selector","value":"#shell-header-logo"}
COMMAND: POST /session/db7e8e0bc6cb7545f5479edbe1e25c48/element/f.A305B2C0A529549F02C3CF63D97C7E2E.d.5C1AEB55E9489C1DCA4686131772AABE.e.1003/click - {}
COMMAND: POST /session/db7e8e0bc6cb7545f5479edbe1e25c48/execute/sync - {"script":"<script> [8489 bytes]","args":[{"element-6066-11e4-a52e-4f735466cecf":"f.A305B2C0A529549F02C3CF63D97C7E2E.d.5C1AEB55E9489C1DCA4686131772AABE.e.1003","ELEMENT":"f.A305B2C0A529549F02C3CF63D97C7E2E.d.5C1AEB55E9489C1DCA4686131772AABE.e.1003"}]}
RESULT: {}
RESULT: {"script":"<script> [8489 bytes]","args":[{"element-6066-11e4-a52e-4f735466cecf":"f.A305B2C0A529549F02C3CF63D97C7E2E.d.5C1AEB55E9489C1DCA4686131772AABE.e.1003","ELEMENT":"f.A305B2C0A529549F02C3CF63D97C7E2E.d.5C1AEB55E9489C1DCA4686131772AABE.e.1003"}]}
COMMAND: POST /session/db7e8e0bc6cb7545f5479edbe1e25c48/execute/sync - {"script":"<script> [5351 bytes]","args":[{"element-6066-11e4-a52e-4f735466cecf":"f.A305B2C0A529549F02C3CF63D97C7E2E.d.5C1AEB55E9489C1DCA4686131772AABE.e.1003","ELEMENT":"f.A305B2C0A529549F02C3CF63D97C7E2E.d.5C1AEB55E9489C1DCA4686131772AABE.e.1003"}]}
COMMAND: GET /session/db7e8e0bc6cb7545f5479edbe1e25c48/screenshot - {}
COMMAND: GET /session/db7e8e0bc6cb7545f5479edbe1e25c48/screenshot - {}
RESULT: {"script":"<script> [5351 bytes]","args":[{"element-6066-11e4-a52e-4f735466cecf":"f.A305B2C0A529549F02C3CF63D97C7E2E.d.5C1AEB55E9489C1DCA4686131772AABE.e.1003","ELEMENT":"f.A305B2C0A529549F02C3CF63D97C7E2E.d.5C1AEB55E9489C1DCA4686131772AABE.e.1003"}]}
COMMAND: GET /session/db7e8e0bc6cb7545f5479edbe1e25c48/screenshot - {}
RESULT: {}
RESULT: {}
RESULT: {}
COMMAND: POST /session/db7e8e0bc6cb7545f5479edbe1e25c48/window/fullscreen - {}
RESULT: {}
COMMAND: POST /session/db7e8e0bc6cb7545f5479edbe1e25c48/execute/async - {"script":"<script> [1562 bytes]","args":[{"selector":{"controlType":"sap.m.GenericTile","properties":{"header":"Manage Partners"}},"wdio_ui5_key":"sapm.GenericTile{\"header\":\"Manage Partners\"}"}]}
RESULT: {"script":"<script> [1562 bytes]","args":[{"selector":{"controlType":"sap.m.GenericTile","properties":{"header":"Manage Partners"}},"wdio_ui5_key":"sapm.GenericTile{\"header\":\"Manage Partners\"}"}]}
RESULT: undefined
COMMAND: POST /session/db7e8e0bc6cb7545f5479edbe1e25c48/element - {"using":"xpath","value":"//*[@id=\"__tile38\"]"}
RESULT: {"using":"xpath","value":"//*[@id=\"__tile38\"]"}
COMMAND: POST /session/db7e8e0bc6cb7545f5479edbe1e25c48/element/f.A305B2C0A529549F02C3CF63D97C7E2E.d.5C1AEB55E9489C1DCA4686131772AABE.e.143/click - {}
RESULT: {}
COMMAND: POST /session/db7e8e0bc6cb7545f5479edbe1e25c48/element - {"using":"xpath","value":"//button[@data-kt=\"addButton\"]"}
COMMAND: GET /session/db7e8e0bc6cb7545f5479edbe1e25c48/screenshot - {}
RESULT: {"using":"xpath","value":"//button[@data-kt=\"addButton\"]"}
COMMAND: POST /session/db7e8e0bc6cb7545f5479edbe1e25c48/elements - {"using":"xpath","value":"//button[@data-kt=\"addButton\"]"}
RESULT: {}
RESULT: {"using":"xpath","value":"//button[@data-kt=\"addButton\"]"}
COMMAND: POST /session/db7e8e0bc6cb7545f5479edbe1e25c48/elements - {"using":"xpath","value":"//button[@data-kt=\"addButton\"]"}
RESULT: {"using":"xpath","value":"//button[@data-kt=\"addButton\"]"}
COMMAND: POST /session/db7e8e0bc6cb7545f5479edbe1e25c48/elements - {"using":"xpath","value":"//button[@data-kt=\"addButton\"]"}
RESULT: {"using":"xpath","value":"//button[@data-kt=\"addButton\"]"}
COMMAND: POST /session/db7e8e0bc6cb7545f5479edbe1e25c48/elements - {"using":"xpath","value":"//button[@data-kt=\"addButton\"]"}
RESULT: {"using":"xpath","value":"//button[@data-kt=\"addButton\"]"}
COMMAND: POST /session/db7e8e0bc6cb7545f5479edbe1e25c48/elements - {"using":"xpath","value":"//button[@data-kt=\"addButton\"]"}
RESULT: {"using":"xpath","value":"//button[@data-kt=\"addButton\"]"}
COMMAND: POST /session/db7e8e0bc6cb7545f5479edbe1e25c48/elements - {"using":"xpath","value":"//button[@data-kt=\"addButton\"]"}
RESULT: {"using":"xpath","value":"//button[@data-kt=\"addButton\"]"}
COMMAND: POST /session/db7e8e0bc6cb7545f5479edbe1e25c48/elements - {"using":"xpath","value":"//button[@data-kt=\"addButton\"]"}
RESULT: {"using":"xpath","value":"//button[@data-kt=\"addButton\"]"}
COMMAND: POST /session/db7e8e0bc6cb7545f5479edbe1e25c48/elements - {"using":"xpath","value":"//button[@data-kt=\"addButton\"]"}
RESULT: {"using":"xpath","value":"//button[@data-kt=\"addButton\"]"}
COMMAND: POST /session/db7e8e0bc6cb7545f5479edbe1e25c48/elements - {"using":"xpath","value":"//button[@data-kt=\"addButton\"]"}
RESULT: {"using":"xpath","value":"//button[@data-kt=\"addButton\"]"}
COMMAND: POST /session/db7e8e0bc6cb7545f5479edbe1e25c48/elements - {"using":"xpath","value":"//button[@data-kt=\"addButton\"]"}
RESULT: {"using":"xpath","value":"//button[@data-kt=\"addButton\"]"}
COMMAND: POST /session/db7e8e0bc6cb7545f5479edbe1e25c48/elements - {"using":"xpath","value":"//button[@data-kt=\"addButton\"]"}
RESULT: {"using":"xpath","value":"//button[@data-kt=\"addButton\"]"}
COMMAND: POST /session/db7e8e0bc6cb7545f5479edbe1e25c48/elements - {"using":"xpath","value":"//button[@data-kt=\"addButton\"]"}
RESULT: {"using":"xpath","value":"//button[@data-kt=\"addButton\"]"}
COMMAND: POST /session/db7e8e0bc6cb7545f5479edbe1e25c48/elements - {"using":"xpath","value":"//button[@data-kt=\"addButton\"]"}
RESULT: {"using":"xpath","value":"//button[@data-kt=\"addButton\"]"}
COMMAND: POST /session/db7e8e0bc6cb7545f5479edbe1e25c48/elements - {"using":"xpath","value":"//button[@data-kt=\"addButton\"]"}
RESULT: {"using":"xpath","value":"//button[@data-kt=\"addButton\"]"}
COMMAND: POST /session/db7e8e0bc6cb7545f5479edbe1e25c48/elements - {"using":"xpath","value":"//button[@data-kt=\"addButton\"]"}
RESULT: {"using":"xpath","value":"//button[@data-kt=\"addButton\"]"}
COMMAND: POST /session/db7e8e0bc6cb7545f5479edbe1e25c48/elements - {"using":"xpath","value":"//button[@data-kt=\"addButton\"]"}
RESULT: {"using":"xpath","value":"//button[@data-kt=\"addButton\"]"}
COMMAND: POST /session/db7e8e0bc6cb7545f5479edbe1e25c48/elements - {"using":"xpath","value":"//button[@data-kt=\"addButton\"]"}
RESULT: {"using":"xpath","value":"//button[@data-kt=\"addButton\"]"}
COMMAND: POST /session/db7e8e0bc6cb7545f5479edbe1e25c48/element - {"using":"xpath","value":"//button[@data-kt=\"addButton\"]"}
RESULT: {"using":"xpath","value":"//button[@data-kt=\"addButton\"]"}
COMMAND: POST /session/db7e8e0bc6cb7545f5479edbe1e25c48/execute/sync - {"script":"<script> [8489 bytes]","args":[{"element-6066-11e4-a52e-4f735466cecf":"f.A305B2C0A529549F02C3CF63D97C7E2E.d.5C1AEB55E9489C1DCA4686131772AABE.e.1050","ELEMENT":"f.A305B2C0A529549F02C3CF63D97C7E2E.d.5C1AEB55E9489C1DCA4686131772AABE.e.1050"}]}
RESULT: {"script":"<script> [8489 bytes]","args":[{"element-6066-11e4-a52e-4f735466cecf":"f.A305B2C0A529549F02C3CF63D97C7E2E.d.5C1AEB55E9489C1DCA4686131772AABE.e.1050","ELEMENT":"f.A305B2C0A529549F02C3CF63D97C7E2E.d.5C1AEB55E9489C1DCA4686131772AABE.e.1050"}]}
COMMAND: GET /session/db7e8e0bc6cb7545f5479edbe1e25c48/element/f.A305B2C0A529549F02C3CF63D97C7E2E.d.5C1AEB55E9489C1DCA4686131772AABE.e.1050/enabled - {}
COMMAND: GET /session/db7e8e0bc6cb7545f5479edbe1e25c48/screenshot - {}
RESULT: {}
COMMAND: POST /session/db7e8e0bc6cb7545f5479edbe1e25c48/execute/sync - {"script":"<script> [8489 bytes]","args":[{"element-6066-11e4-a52e-4f735466cecf":"f.A305B2C0A529549F02C3CF63D97C7E2E.d.5C1AEB55E9489C1DCA4686131772AABE.e.1050","ELEMENT":"f.A305B2C0A529549F02C3CF63D97C7E2E.d.5C1AEB55E9489C1DCA4686131772AABE.e.1050"}]}
COMMAND: GET /session/db7e8e0bc6cb7545f5479edbe1e25c48/screenshot - {}
RESULT: {}
RESULT: {"script":"<script> [8489 bytes]","args":[{"element-6066-11e4-a52e-4f735466cecf":"f.A305B2C0A529549F02C3CF63D97C7E2E.d.5C1AEB55E9489C1DCA4686131772AABE.e.1050","ELEMENT":"f.A305B2C0A529549F02C3CF63D97C7E2E.d.5C1AEB55E9489C1DCA4686131772AABE.e.1050"}]}
COMMAND: POST /session/db7e8e0bc6cb7545f5479edbe1e25c48/execute/sync - {"script":"<script> [5351 bytes]","args":[{"element-6066-11e4-a52e-4f735466cecf":"f.A305B2C0A529549F02C3CF63D97C7E2E.d.5C1AEB55E9489C1DCA4686131772AABE.e.1050","ELEMENT":"f.A305B2C0A529549F02C3CF63D97C7E2E.d.5C1AEB55E9489C1DCA4686131772AABE.e.1050"}]}
COMMAND: GET /session/db7e8e0bc6cb7545f5479edbe1e25c48/screenshot - {}
RESULT: {}
RESULT: {"script":"<script> [5351 bytes]","args":[{"element-6066-11e4-a52e-4f735466cecf":"f.A305B2C0A529549F02C3CF63D97C7E2E.d.5C1AEB55E9489C1DCA4686131772AABE.e.1050","ELEMENT":"f.A305B2C0A529549F02C3CF63D97C7E2E.d.5C1AEB55E9489C1DCA4686131772AABE.e.1050"}]}
COMMAND: POST /session/db7e8e0bc6cb7545f5479edbe1e25c48/element/f.A305B2C0A529549F02C3CF63D97C7E2E.d.5C1AEB55E9489C1DCA4686131772AABE.e.1050/click - {}
COMMAND: GET /session/db7e8e0bc6cb7545f5479edbe1e25c48/screenshot - {}
RESULT: {}
RESULT: {}
COMMAND: GET /session/db7e8e0bc6cb7545f5479edbe1e25c48/screenshot - {}
COMMAND: POST /session/db7e8e0bc6cb7545f5479edbe1e25c48/execute/async - {"script":"<script> [1562 bytes]","args":[{"selector":{"id":"application-managepartners-display-component---NewPartner--addressDetailDetailsName1","interaction":{"idSuffix":"inner"}},"wdio_ui5_key":"applicationmanagepartners-display-component---NewPartner--addressDetailDetailsName1"}]}
RESULT: {}
RESULT: {}
RESULT: {"script":"<script> [1562 bytes]","args":[{"selector":{"id":"application-managepartners-display-component---NewPartner--addressDetailDetailsName1","interaction":{"idSuffix":"inner"}},"wdio_ui5_key":"applicationmanagepartners-display-component---NewPartner--addressDetailDetailsName1"}]}
RESULT: undefined
COMMAND: POST /session/db7e8e0bc6cb7545f5479edbe1e25c48/execute/async - {"script":"<script> [776 bytes]","args":[{"enterText":"External Partner WDIO","selector":{"id":"application-managepartners-display-component---NewPartner--addressDetailDetailsName1","interaction":{"idSuffix":"inner"}},"clearTextFirst":true,"interactionType":"ENTER_TEXT"}]}
RESULT: {"script":"<script> [776 bytes]","args":[{"enterText":"External Partner WDIO","selector":{"id":"application-managepartners-display-component---NewPartner--addressDetailDetailsName1","interaction":{"idSuffix":"inner"}},"clearTextFirst":true,"interactionType":"ENTER_TEXT"}]}
COMMAND: POST /session/db7e8e0bc6cb7545f5479edbe1e25c48/execute/async - {"script":"<script> [1562 bytes]","args":[{"selector":{"id":"application-managepartners-display-component---NewPartner--addressDetailDetailsLanguage-arrow"},"wdio_ui5_key":"applicationmanagepartners-display-component---NewPartner--addressDetailDetailsLanguage-arrow"}]}
RESULT: {"script":"<script> [1562 bytes]","args":[{"selector":{"id":"application-managepartners-display-component---NewPartner--addressDetailDetailsLanguage-arrow"},"wdio_ui5_key":"applicationmanagepartners-display-component---NewPartner--addressDetailDetailsLanguage-arrow"}]}
RESULT: undefined
COMMAND: POST /session/db7e8e0bc6cb7545f5479edbe1e25c48/element - {"using":"xpath","value":"//*[@id=\"application-managepartners-display-component---NewPartner--addressDetailDetailsLanguage-arrow\"]"}
RESULT: {"using":"xpath","value":"//*[@id=\"application-managepartners-display-component---NewPartner--addressDetailDetailsLanguage-arrow\"]"}
COMMAND: POST /session/db7e8e0bc6cb7545f5479edbe1e25c48/element/f.A305B2C0A529549F02C3CF63D97C7E2E.d.5C1AEB55E9489C1DCA4686131772AABE.e.1488/click - {}
RESULT: {}
COMMAND: POST /session/db7e8e0bc6cb7545f5479edbe1e25c48/element - {"using":"xpath","value":"//span[contains(text(), \"English\")]"}
COMMAND: GET /session/db7e8e0bc6cb7545f5479edbe1e25c48/screenshot - {}
RESULT: {"using":"xpath","value":"//span[contains(text(), \"English\")]"}
COMMAND: POST /session/db7e8e0bc6cb7545f5479edbe1e25c48/element/f.A305B2C0A529549F02C3CF63D97C7E2E.d.5C1AEB55E9489C1DCA4686131772AABE.e.1489/click - {}
RESULT: {}
RESULT: {}
COMMAND: GET /session/db7e8e0bc6cb7545f5479edbe1e25c48/screenshot - {}
RESULT: {}
COMMAND: POST /session/db7e8e0bc6cb7545f5479edbe1e25c48/execute/async - {"script":"<script> [1562 bytes]","args":[{"selector":{"id":"application-managepartners-display-component---NewPartner--addressDetailDetailsCity1","interaction":{"idSuffix":"inner"}},"wdio_ui5_key":"applicationmanagepartners-display-component---NewPartner--addressDetailDetailsCity1"}]}
RESULT: {"script":"<script> [1562 bytes]","args":[{"selector":{"id":"application-managepartners-display-component---NewPartner--addressDetailDetailsCity1","interaction":{"idSuffix":"inner"}},"wdio_ui5_key":"applicationmanagepartners-display-component---NewPartner--addressDetailDetailsCity1"}]}
RESULT: undefined
COMMAND: POST /session/db7e8e0bc6cb7545f5479edbe1e25c48/execute/async - {"script":"<script> [776 bytes]","args":[{"enterText":"Rosario","selector":{"id":"application-managepartners-display-component---NewPartner--addressDetailDetailsCity1","interaction":{"idSuffix":"inner"}},"clearTextFirst":true,"interactionType":"ENTER_TEXT"}]}
RESULT: {"script":"<script> [776 bytes]","args":[{"enterText":"Rosario","selector":{"id":"application-managepartners-display-component---NewPartner--addressDetailDetailsCity1","interaction":{"idSuffix":"inner"}},"clearTextFirst":true,"interactionType":"ENTER_TEXT"}]}
COMMAND: POST /session/db7e8e0bc6cb7545f5479edbe1e25c48/execute/async - {"script":"<script> [1562 bytes]","args":[{"selector":{"id":"application-managepartners-display-component---NewPartner--addressDetailDetailsCountry-arrow"},"wdio_ui5_key":"applicationmanagepartners-display-component---NewPartner--addressDetailDetailsCountry-arrow"}]}
RESULT: {"script":"<script> [1562 bytes]","args":[{"selector":{"id":"application-managepartners-display-component---NewPartner--addressDetailDetailsCountry-arrow"},"wdio_ui5_key":"applicationmanagepartners-display-component---NewPartner--addressDetailDetailsCountry-arrow"}]}
RESULT: undefined
COMMAND: POST /session/db7e8e0bc6cb7545f5479edbe1e25c48/element - {"using":"xpath","value":"//*[@id=\"application-managepartners-display-component---NewPartner--addressDetailDetailsCountry-arrow\"]"}
RESULT: {"using":"xpath","value":"//*[@id=\"application-managepartners-display-component---NewPartner--addressDetailDetailsCountry-arrow\"]"}
COMMAND: POST /session/db7e8e0bc6cb7545f5479edbe1e25c48/element/f.A305B2C0A529549F02C3CF63D97C7E2E.d.5C1AEB55E9489C1DCA4686131772AABE.e.1445/click - {}
RESULT: {}
COMMAND: POST /session/db7e8e0bc6cb7545f5479edbe1e25c48/element - {"using":"xpath","value":"//span[contains(text(), \"Argentina\")]"}
COMMAND: GET /session/db7e8e0bc6cb7545f5479edbe1e25c48/screenshot - {}
RESULT: {"using":"xpath","value":"//span[contains(text(), \"Argentina\")]"}
COMMAND: POST /session/db7e8e0bc6cb7545f5479edbe1e25c48/element/f.A305B2C0A529549F02C3CF63D97C7E2E.d.5C1AEB55E9489C1DCA4686131772AABE.e.1491/click - {}
RESULT: {}
RESULT: {}
COMMAND: GET /session/db7e8e0bc6cb7545f5479edbe1e25c48/screenshot - {}
RESULT: {}
COMMAND: POST /session/db7e8e0bc6cb7545f5479edbe1e25c48/element - {"using":"xpath","value":"//bdi[contains(text(), \"Commercial\")]"}
RESULT: {"using":"xpath","value":"//bdi[contains(text(), \"Commercial\")]"}
COMMAND: POST /session/db7e8e0bc6cb7545f5479edbe1e25c48/element/f.A305B2C0A529549F02C3CF63D97C7E2E.d.5C1AEB55E9489C1DCA4686131772AABE.e.1492/click - {}
RESULT: {}
COMMAND: GET /session/db7e8e0bc6cb7545f5479edbe1e25c48/screenshot - {}
RESULT: {}
COMMAND: POST /session/db7e8e0bc6cb7545f5479edbe1e25c48/execute/async - {"script":"<script> [1562 bytes]","args":[{"selector":{"id":"application-managepartners-display-component---NewPartner--partnerDetailInternal-arrow"},"wdio_ui5_key":"applicationmanagepartners-display-component---NewPartner--partnerDetailInternal-arrow"}]}
RESULT: {"script":"<script> [1562 bytes]","args":[{"selector":{"id":"application-managepartners-display-component---NewPartner--partnerDetailInternal-arrow"},"wdio_ui5_key":"applicationmanagepartners-display-component---NewPartner--partnerDetailInternal-arrow"}]}
RESULT: undefined
COMMAND: POST /session/db7e8e0bc6cb7545f5479edbe1e25c48/element - {"using":"xpath","value":"//*[@id=\"application-managepartners-display-component---NewPartner--partnerDetailInternal-arrow\"]"}
RESULT: {"using":"xpath","value":"//*[@id=\"application-managepartners-display-component---NewPartner--partnerDetailInternal-arrow\"]"}
COMMAND: POST /session/db7e8e0bc6cb7545f5479edbe1e25c48/element/f.A305B2C0A529549F02C3CF63D97C7E2E.d.5C1AEB55E9489C1DCA4686131772AABE.e.1498/click - {}
RESULT: {}
COMMAND: POST /session/db7e8e0bc6cb7545f5479edbe1e25c48/element - {"using":"xpath","value":"//span[contains(text(), \"External partner\")]"}
COMMAND: GET /session/db7e8e0bc6cb7545f5479edbe1e25c48/screenshot - {}
RESULT: {"using":"xpath","value":"//span[contains(text(), \"External partner\")]"}
COMMAND: POST /session/db7e8e0bc6cb7545f5479edbe1e25c48/element/f.A305B2C0A529549F02C3CF63D97C7E2E.d.5C1AEB55E9489C1DCA4686131772AABE.e.1499/click - {}
RESULT: {}
RESULT: {}
COMMAND: POST /session/db7e8e0bc6cb7545f5479edbe1e25c48/execute/async - {"script":"<script> [1562 bytes]","args":[{"selector":{"id":"application-managepartners-display-component---NewPartner--partnerDetailsCurrency-arrow"},"wdio_ui5_key":"applicationmanagepartners-display-component---NewPartner--partnerDetailsCurrency-arrow"}]}
COMMAND: GET /session/db7e8e0bc6cb7545f5479edbe1e25c48/screenshot - {}
RESULT: {"script":"<script> [1562 bytes]","args":[{"selector":{"id":"application-managepartners-display-component---NewPartner--partnerDetailsCurrency-arrow"},"wdio_ui5_key":"applicationmanagepartners-display-component---NewPartner--partnerDetailsCurrency-arrow"}]}
RESULT: undefined
COMMAND: POST /session/db7e8e0bc6cb7545f5479edbe1e25c48/element - {"using":"xpath","value":"//*[@id=\"application-managepartners-display-component---NewPartner--partnerDetailsCurrency-arrow\"]"}
RESULT: {}
RESULT: {"using":"xpath","value":"//*[@id=\"application-managepartners-display-component---NewPartner--partnerDetailsCurrency-arrow\"]"}
COMMAND: POST /session/db7e8e0bc6cb7545f5479edbe1e25c48/element/f.A305B2C0A529549F02C3CF63D97C7E2E.d.5C1AEB55E9489C1DCA4686131772AABE.e.1504/click - {}
RESULT: {}
COMMAND: POST /session/db7e8e0bc6cb7545f5479edbe1e25c48/element - {"using":"xpath","value":"//span[contains(text(), \"US Dollar\")]"}
COMMAND: GET /session/db7e8e0bc6cb7545f5479edbe1e25c48/screenshot - {}
RESULT: {"using":"xpath","value":"//span[contains(text(), \"US Dollar\")]"}
COMMAND: POST /session/db7e8e0bc6cb7545f5479edbe1e25c48/element/f.A305B2C0A529549F02C3CF63D97C7E2E.d.5C1AEB55E9489C1DCA4686131772AABE.e.1505/click - {}
RESULT: {}
RESULT: {}
COMMAND: GET /session/db7e8e0bc6cb7545f5479edbe1e25c48/screenshot - {}
RESULT: {}
COMMAND: POST /session/db7e8e0bc6cb7545f5479edbe1e25c48/element - {"using":"xpath","value":"//input[@id=\"application-managepartners-display-component---NewPartner--companyCodeComboBox-inner\"]"}
RESULT: {"using":"xpath","value":"//input[@id=\"application-managepartners-display-component---NewPartner--companyCodeComboBox-inner\"]"}
COMMAND: POST /session/db7e8e0bc6cb7545f5479edbe1e25c48/element/f.A305B2C0A529549F02C3CF63D97C7E2E.d.5C1AEB55E9489C1DCA4686131772AABE.e.1440/clear - {}
RESULT: {}
COMMAND: POST /session/db7e8e0bc6cb7545f5479edbe1e25c48/element/f.A305B2C0A529549F02C3CF63D97C7E2E.d.5C1AEB55E9489C1DCA4686131772AABE.e.1440/value - {"text":"C002"}
COMMAND: GET /session/db7e8e0bc6cb7545f5479edbe1e25c48/screenshot - {}
RESULT: {"text":"C002"}
COMMAND: GET /session/db7e8e0bc6cb7545f5479edbe1e25c48/screenshot - {}
RESULT: {}
RESULT: {}
COMMAND: POST /session/db7e8e0bc6cb7545f5479edbe1e25c48/element - {"using":"xpath","value":"//span[contains(text(), \"C002\")]"}
RESULT: {"using":"xpath","value":"//span[contains(text(), \"C002\")]"}
COMMAND: POST /session/db7e8e0bc6cb7545f5479edbe1e25c48/element/f.A305B2C0A529549F02C3CF63D97C7E2E.d.5C1AEB55E9489C1DCA4686131772AABE.e.1509/click - {}
RESULT: {}
COMMAND: GET /session/db7e8e0bc6cb7545f5479edbe1e25c48/screenshot - {}
RESULT: {}
COMMAND: POST /session/db7e8e0bc6cb7545f5479edbe1e25c48/execute/async - {"script":"<script> [1562 bytes]","args":[{"selector":{"id":"application-managepartners-display-component---NewPartner--btnAddTableRow-img"},"wdio_ui5_key":"applicationmanagepartners-display-component---NewPartner--btnAddTableRow-img"}]}
RESULT: {"script":"<script> [1562 bytes]","args":[{"selector":{"id":"application-managepartners-display-component---NewPartner--btnAddTableRow-img"},"wdio_ui5_key":"applicationmanagepartners-display-component---NewPartner--btnAddTableRow-img"}]}
RESULT: undefined
COMMAND: POST /session/db7e8e0bc6cb7545f5479edbe1e25c48/element - {"using":"xpath","value":"//*[@id=\"application-managepartners-display-component---NewPartner--btnAddTableRow-img\"]"}
RESULT: {"using":"xpath","value":"//*[@id=\"application-managepartners-display-component---NewPartner--btnAddTableRow-img\"]"}
COMMAND: POST /session/db7e8e0bc6cb7545f5479edbe1e25c48/element/f.A305B2C0A529549F02C3CF63D97C7E2E.d.5C1AEB55E9489C1DCA4686131772AABE.e.1510/click - {}
RESULT: {}
COMMAND: GET /session/db7e8e0bc6cb7545f5479edbe1e25c48/screenshot - {}
RESULT: {}
COMMAND: POST /session/db7e8e0bc6cb7545f5479edbe1e25c48/element - {"using":"xpath","value":"//input[@id=\"application-managepartners-display-component---NewPartner--assignmentYard-application-managepartners-display-component---NewPartner--assignmentsTable-0-inner\"]"}
RESULT: {"using":"xpath","value":"//input[@id=\"application-managepartners-display-component---NewPartner--assignmentYard-application-managepartners-display-component---NewPartner--assignmentsTable-0-inner\"]"}
COMMAND: POST /session/db7e8e0bc6cb7545f5479edbe1e25c48/element/f.A305B2C0A529549F02C3CF63D97C7E2E.d.5C1AEB55E9489C1DCA4686131772AABE.e.1513/clear - {}
RESULT: {}
COMMAND: POST /session/db7e8e0bc6cb7545f5479edbe1e25c48/element/f.A305B2C0A529549F02C3CF63D97C7E2E.d.5C1AEB55E9489C1DCA4686131772AABE.e.1513/value - {"text":"576"}
COMMAND: GET /session/db7e8e0bc6cb7545f5479edbe1e25c48/screenshot - {}
RESULT: {"text":"576"}
COMMAND: GET /session/db7e8e0bc6cb7545f5479edbe1e25c48/screenshot - {}
RESULT: {}
RESULT: {}
COMMAND: POST /session/db7e8e0bc6cb7545f5479edbe1e25c48/element - {"using":"xpath","value":"//li[.//span[text()='576']]"}
RESULT: {"using":"xpath","value":"//li[.//span[text()='576']]"}
COMMAND: POST /session/db7e8e0bc6cb7545f5479edbe1e25c48/element/f.A305B2C0A529549F02C3CF63D97C7E2E.d.5C1AEB55E9489C1DCA4686131772AABE.e.1521/click - {}
RESULT: {}
COMMAND: GET /session/db7e8e0bc6cb7545f5479edbe1e25c48/screenshot - {}
RESULT: {}
COMMAND: POST /session/db7e8e0bc6cb7545f5479edbe1e25c48/actions - {"actions":[{"id":"action2","type":"key","parameters":{},"actions":[{"type":"keyDown","value":""},{"type":"pause","duration":10},{"type":"keyUp","value":""}]}]}
RESULT: {"actions":[{"id":"action2","type":"key","parameters":{},"actions":[{"type":"keyDown","value":""},{"type":"pause","duration":10},{"type":"keyUp","value":""}]}]}
COMMAND: POST /session/db7e8e0bc6cb7545f5479edbe1e25c48/element - {"using":"xpath","value":"//td[contains(@id, \"assignmentsTable-0-cell2\")]/div/div"}
COMMAND: GET /session/db7e8e0bc6cb7545f5479edbe1e25c48/screenshot - {}
RESULT: {"using":"xpath","value":"//td[contains(@id, \"assignmentsTable-0-cell2\")]/div/div"}
COMMAND: POST /session/db7e8e0bc6cb7545f5479edbe1e25c48/element/f.A305B2C0A529549F02C3CF63D97C7E2E.d.5C1AEB55E9489C1DCA4686131772AABE.e.1524/click - {}
RESULT: {}
RESULT: {}
COMMAND: GET /session/db7e8e0bc6cb7545f5479edbe1e25c48/screenshot - {}
RESULT: {}
COMMAND: POST /session/db7e8e0bc6cb7545f5479edbe1e25c48/element - {"using":"xpath","value":"//button[@data-kt=\"saveButton\"]"}
RESULT: {"using":"xpath","value":"//button[@data-kt=\"saveButton\"]"}
COMMAND: POST /session/db7e8e0bc6cb7545f5479edbe1e25c48/element/f.A305B2C0A529549F02C3CF63D97C7E2E.d.5C1AEB55E9489C1DCA4686131772AABE.e.1466/click - {}
RESULT: {}
COMMAND: GET /session/db7e8e0bc6cb7545f5479edbe1e25c48/screenshot - {}
RESULT: {}
COMMAND: POST /session/db7e8e0bc6cb7545f5479edbe1e25c48/element - {"using":"xpath","value":"//header[contains(@id, 'ObjectPageLayout-headerTitle')]/div[1]/div[2]/div[2]/span[1]"}
RESULT: {"using":"xpath","value":"//header[contains(@id, 'ObjectPageLayout-headerTitle')]/div[1]/div[2]/div[2]/span[1]"}
COMMAND: POST /session/db7e8e0bc6cb7545f5479edbe1e25c48/elements - {"using":"xpath","value":"//header[contains(@id, 'ObjectPageLayout-headerTitle')]/div[1]/div[2]/div[2]/span[1]"}
RESULT: {"using":"xpath","value":"//header[contains(@id, 'ObjectPageLayout-headerTitle')]/div[1]/div[2]/div[2]/span[1]"}
COMMAND: POST /session/db7e8e0bc6cb7545f5479edbe1e25c48/execute/sync - {"script":"<script> [56 bytes]","args":[{"element-6066-11e4-a52e-4f735466cecf":"f.A305B2C0A529549F02C3CF63D97C7E2E.d.5C1AEB55E9489C1DCA4686131772AABE.e.1685","ELEMENT":"f.A305B2C0A529549F02C3CF63D97C7E2E.d.5C1AEB55E9489C1DCA4686131772AABE.e.1685"}]}
RESULT: {"script":"<script> [56 bytes]","args":[{"element-6066-11e4-a52e-4f735466cecf":"f.A305B2C0A529549F02C3CF63D97C7E2E.d.5C1AEB55E9489C1DCA4686131772AABE.e.1685","ELEMENT":"f.A305B2C0A529549F02C3CF63D97C7E2E.d.5C1AEB55E9489C1DCA4686131772AABE.e.1685"}]}
COMMAND: POST /session/db7e8e0bc6cb7545f5479edbe1e25c48/element - {"using":"css selector","value":"#shell-header-logo"}
COMMAND: GET /session/db7e8e0bc6cb7545f5479edbe1e25c48/screenshot - {}
RESULT: {"using":"css selector","value":"#shell-header-logo"}
COMMAND: POST /session/db7e8e0bc6cb7545f5479edbe1e25c48/element/f.A305B2C0A529549F02C3CF63D97C7E2E.d.5C1AEB55E9489C1DCA4686131772AABE.e.1003/click - {}
RESULT: {}
RESULT: {}
COMMAND: GET /session/db7e8e0bc6cb7545f5479edbe1e25c48/screenshot - {}
RESULT: {}
COMMAND: POST /session/db7e8e0bc6cb7545f5479edbe1e25c48/execute/sync - {"script":"<script> [299 bytes]","args":[["getModel","getResource"]]}
RESULT: {"script":"<script> [299 bytes]","args":[["getModel","getResource"]]}
COMMAND: GET /session/db7e8e0bc6cb7545f5479edbe1e25c48/screenshot - {}
]]></system-out>
    </testcase>
    <testcase classname="chrome.135_0_7049_42.windows.Partner_specific_tests_US150819_US151080_US151654_US151176_US103444_US151078_US151079_US151109_US151174_US151175_US151189" name="Should filter and search partners US151080" time="107.607">
      <system-out><![CDATA[
COMMAND: POST /session/db7e8e0bc6cb7545f5479edbe1e25c48/element - {"using":"xpath","value":"//li[.//span[text()=\"Manage Partners\"]]"}
RESULT: {}
RESULT: {"using":"xpath","value":"//li[.//span[text()=\"Manage Partners\"]]"}
COMMAND: POST /session/db7e8e0bc6cb7545f5479edbe1e25c48/element - {"using":"xpath","value":"//li[.//span[text()=\"Manage Partners\"]]"}
RESULT: {"using":"xpath","value":"//li[.//span[text()=\"Manage Partners\"]]"}
COMMAND: POST /session/db7e8e0bc6cb7545f5479edbe1e25c48/element - {"using":"css selector","value":"#shell-header-logo"}
RESULT: {"using":"css selector","value":"#shell-header-logo"}
COMMAND: POST /session/db7e8e0bc6cb7545f5479edbe1e25c48/element/f.A305B2C0A529549F02C3CF63D97C7E2E.d.5C1AEB55E9489C1DCA4686131772AABE.e.1687/click - {}
COMMAND: POST /session/db7e8e0bc6cb7545f5479edbe1e25c48/execute/sync - {"script":"<script> [8489 bytes]","args":[{"element-6066-11e4-a52e-4f735466cecf":"f.A305B2C0A529549F02C3CF63D97C7E2E.d.5C1AEB55E9489C1DCA4686131772AABE.e.1687","ELEMENT":"f.A305B2C0A529549F02C3CF63D97C7E2E.d.5C1AEB55E9489C1DCA4686131772AABE.e.1687"}]}
RESULT: {}
COMMAND: GET /session/db7e8e0bc6cb7545f5479edbe1e25c48/screenshot - {}
RESULT: {"script":"<script> [8489 bytes]","args":[{"element-6066-11e4-a52e-4f735466cecf":"f.A305B2C0A529549F02C3CF63D97C7E2E.d.5C1AEB55E9489C1DCA4686131772AABE.e.1687","ELEMENT":"f.A305B2C0A529549F02C3CF63D97C7E2E.d.5C1AEB55E9489C1DCA4686131772AABE.e.1687"}]}
COMMAND: POST /session/db7e8e0bc6cb7545f5479edbe1e25c48/execute/sync - {"script":"<script> [5351 bytes]","args":[{"element-6066-11e4-a52e-4f735466cecf":"f.A305B2C0A529549F02C3CF63D97C7E2E.d.5C1AEB55E9489C1DCA4686131772AABE.e.1687","ELEMENT":"f.A305B2C0A529549F02C3CF63D97C7E2E.d.5C1AEB55E9489C1DCA4686131772AABE.e.1687"}]}
COMMAND: GET /session/db7e8e0bc6cb7545f5479edbe1e25c48/screenshot - {}
RESULT: {}
RESULT: {"script":"<script> [5351 bytes]","args":[{"element-6066-11e4-a52e-4f735466cecf":"f.A305B2C0A529549F02C3CF63D97C7E2E.d.5C1AEB55E9489C1DCA4686131772AABE.e.1687","ELEMENT":"f.A305B2C0A529549F02C3CF63D97C7E2E.d.5C1AEB55E9489C1DCA4686131772AABE.e.1687"}]}
COMMAND: GET /session/db7e8e0bc6cb7545f5479edbe1e25c48/screenshot - {}
RESULT: {}
RESULT: {}
RESULT: undefined
COMMAND: POST /session/db7e8e0bc6cb7545f5479edbe1e25c48/element - {"using":"xpath","value":"//*[@id=\"__tile38\"]"}
RESULT: {"using":"xpath","value":"//*[@id=\"__tile38\"]"}
COMMAND: POST /session/db7e8e0bc6cb7545f5479edbe1e25c48/element/f.A305B2C0A529549F02C3CF63D97C7E2E.d.5C1AEB55E9489C1DCA4686131772AABE.e.143/click - {}
RESULT: {}
COMMAND: POST /session/db7e8e0bc6cb7545f5479edbe1e25c48/element - {"using":"xpath","value":"//button[@data-kt=\"addButton\"]"}
COMMAND: GET /session/db7e8e0bc6cb7545f5479edbe1e25c48/screenshot - {}
RESULT: {"using":"xpath","value":"//button[@data-kt=\"addButton\"]"}
COMMAND: POST /session/db7e8e0bc6cb7545f5479edbe1e25c48/elements - {"using":"xpath","value":"//button[@data-kt=\"addButton\"]"}
RESULT: {}
RESULT: {"using":"xpath","value":"//button[@data-kt=\"addButton\"]"}
COMMAND: POST /session/db7e8e0bc6cb7545f5479edbe1e25c48/elements - {"using":"xpath","value":"//button[@data-kt=\"addButton\"]"}
RESULT: {"using":"xpath","value":"//button[@data-kt=\"addButton\"]"}
COMMAND: POST /session/db7e8e0bc6cb7545f5479edbe1e25c48/element - {"using":"xpath","value":"//button[@data-kt=\"addButton\"]"}
RESULT: {"using":"xpath","value":"//button[@data-kt=\"addButton\"]"}
COMMAND: POST /session/db7e8e0bc6cb7545f5479edbe1e25c48/execute/sync - {"script":"<script> [8489 bytes]","args":[{"element-6066-11e4-a52e-4f735466cecf":"f.A305B2C0A529549F02C3CF63D97C7E2E.d.5C1AEB55E9489C1DCA4686131772AABE.e.1722","ELEMENT":"f.A305B2C0A529549F02C3CF63D97C7E2E.d.5C1AEB55E9489C1DCA4686131772AABE.e.1722"}]}
RESULT: {"script":"<script> [8489 bytes]","args":[{"element-6066-11e4-a52e-4f735466cecf":"f.A305B2C0A529549F02C3CF63D97C7E2E.d.5C1AEB55E9489C1DCA4686131772AABE.e.1722","ELEMENT":"f.A305B2C0A529549F02C3CF63D97C7E2E.d.5C1AEB55E9489C1DCA4686131772AABE.e.1722"}]}
COMMAND: GET /session/db7e8e0bc6cb7545f5479edbe1e25c48/element/f.A305B2C0A529549F02C3CF63D97C7E2E.d.5C1AEB55E9489C1DCA4686131772AABE.e.1722/enabled - {}
COMMAND: GET /session/db7e8e0bc6cb7545f5479edbe1e25c48/screenshot - {}
RESULT: {}
COMMAND: POST /session/db7e8e0bc6cb7545f5479edbe1e25c48/execute/sync - {"script":"<script> [8489 bytes]","args":[{"element-6066-11e4-a52e-4f735466cecf":"f.A305B2C0A529549F02C3CF63D97C7E2E.d.5C1AEB55E9489C1DCA4686131772AABE.e.1722","ELEMENT":"f.A305B2C0A529549F02C3CF63D97C7E2E.d.5C1AEB55E9489C1DCA4686131772AABE.e.1722"}]}
COMMAND: GET /session/db7e8e0bc6cb7545f5479edbe1e25c48/screenshot - {}
RESULT: {}
RESULT: {"script":"<script> [8489 bytes]","args":[{"element-6066-11e4-a52e-4f735466cecf":"f.A305B2C0A529549F02C3CF63D97C7E2E.d.5C1AEB55E9489C1DCA4686131772AABE.e.1722","ELEMENT":"f.A305B2C0A529549F02C3CF63D97C7E2E.d.5C1AEB55E9489C1DCA4686131772AABE.e.1722"}]}
COMMAND: POST /session/db7e8e0bc6cb7545f5479edbe1e25c48/execute/sync - {"script":"<script> [5351 bytes]","args":[{"element-6066-11e4-a52e-4f735466cecf":"f.A305B2C0A529549F02C3CF63D97C7E2E.d.5C1AEB55E9489C1DCA4686131772AABE.e.1722","ELEMENT":"f.A305B2C0A529549F02C3CF63D97C7E2E.d.5C1AEB55E9489C1DCA4686131772AABE.e.1722"}]}
COMMAND: GET /session/db7e8e0bc6cb7545f5479edbe1e25c48/screenshot - {}
RESULT: {}
RESULT: {"script":"<script> [5351 bytes]","args":[{"element-6066-11e4-a52e-4f735466cecf":"f.A305B2C0A529549F02C3CF63D97C7E2E.d.5C1AEB55E9489C1DCA4686131772AABE.e.1722","ELEMENT":"f.A305B2C0A529549F02C3CF63D97C7E2E.d.5C1AEB55E9489C1DCA4686131772AABE.e.1722"}]}
COMMAND: GET /session/db7e8e0bc6cb7545f5479edbe1e25c48/screenshot - {}
RESULT: {}
RESULT: {}
COMMAND: POST /session/db7e8e0bc6cb7545f5479edbe1e25c48/execute/async - {"script":"<script> [1562 bytes]","args":[{"selector":{"id":"application-managepartners-display-component---masterPtm--smartTable-btnPersonalisation-img"},"wdio_ui5_key":"applicationmanagepartners-display-component---masterPtm--smartTable-btnPersonalisation-img"}]}
RESULT: {"script":"<script> [1562 bytes]","args":[{"selector":{"id":"application-managepartners-display-component---masterPtm--smartTable-btnPersonalisation-img"},"wdio_ui5_key":"applicationmanagepartners-display-component---masterPtm--smartTable-btnPersonalisation-img"}]}
RESULT: undefined
COMMAND: POST /session/db7e8e0bc6cb7545f5479edbe1e25c48/element - {"using":"xpath","value":"//*[@id=\"application-managepartners-display-component---masterPtm--smartTable-btnPersonalisation-img\"]"}
RESULT: {"using":"xpath","value":"//*[@id=\"application-managepartners-display-component---masterPtm--smartTable-btnPersonalisation-img\"]"}
COMMAND: POST /session/db7e8e0bc6cb7545f5479edbe1e25c48/element/f.A305B2C0A529549F02C3CF63D97C7E2E.d.5C1AEB55E9489C1DCA4686131772AABE.e.1738/click - {}
RESULT: {}
COMMAND: GET /session/db7e8e0bc6cb7545f5479edbe1e25c48/screenshot - {}
RESULT: {}
COMMAND: POST /session/db7e8e0bc6cb7545f5479edbe1e25c48/execute/async - {"script":"<script> [1562 bytes]","args":[{"selector":{"controlType":"sap.m.IconTabFilter","viewName":"etm.portal.ui.managepartners.view.Master","viewId":"application-managepartners-display-component---masterPtm","properties":{"text":"Sort"},"searchOpenDialogs":true,"interaction":{"idSuffix":"text"}},"wdio_ui5_key":"etmportal.ui.managepartners.view.Mastersap.m.IconTabFilter{\"text\":\"Sort\"}"}]}
RESULT: {"script":"<script> [1562 bytes]","args":[{"selector":{"controlType":"sap.m.IconTabFilter","viewName":"etm.portal.ui.managepartners.view.Master","viewId":"application-managepartners-display-component---masterPtm","properties":{"text":"Sort"},"searchOpenDialogs":true,"interaction":{"idSuffix":"text"}},"wdio_ui5_key":"etmportal.ui.managepartners.view.Mastersap.m.IconTabFilter{\"text\":\"Sort\"}"}]}
RESULT: undefined
COMMAND: POST /session/db7e8e0bc6cb7545f5479edbe1e25c48/element - {"using":"xpath","value":"//*[@id=\"__filter1\"]"}
RESULT: {"using":"xpath","value":"//*[@id=\"__filter1\"]"}
COMMAND: POST /session/db7e8e0bc6cb7545f5479edbe1e25c48/element/f.A305B2C0A529549F02C3CF63D97C7E2E.d.5C1AEB55E9489C1DCA4686131772AABE.e.1880/click - {}
RESULT: {}
COMMAND: GET /session/db7e8e0bc6cb7545f5479edbe1e25c48/screenshot - {}
RESULT: {}
COMMAND: POST /session/db7e8e0bc6cb7545f5479edbe1e25c48/element - {"using":"xpath","value":"//input[@placeholder=\"Sort by\"]/following-sibling::div//span"}
RESULT: {"using":"xpath","value":"//input[@placeholder=\"Sort by\"]/following-sibling::div//span"}
COMMAND: POST /session/db7e8e0bc6cb7545f5479edbe1e25c48/element/f.A305B2C0A529549F02C3CF63D97C7E2E.d.5C1AEB55E9489C1DCA4686131772AABE.e.1882/click - {}
RESULT: {}
COMMAND: GET /session/db7e8e0bc6cb7545f5479edbe1e25c48/screenshot - {}
RESULT: {}
COMMAND: POST /session/db7e8e0bc6cb7545f5479edbe1e25c48/element - {"using":"xpath","value":"//li[.//span[text()=\"Language\"]]"}
RESULT: {"using":"xpath","value":"//li[.//span[text()=\"Language\"]]"}
COMMAND: POST /session/db7e8e0bc6cb7545f5479edbe1e25c48/element/f.A305B2C0A529549F02C3CF63D97C7E2E.d.5C1AEB55E9489C1DCA4686131772AABE.e.1883/click - {}
RESULT: {}
COMMAND: GET /session/db7e8e0bc6cb7545f5479edbe1e25c48/screenshot - {}
RESULT: {}
COMMAND: POST /session/db7e8e0bc6cb7545f5479edbe1e25c48/element - {"using":"xpath","value":"//bdi[contains(text(), \"OK\")]"}
RESULT: {"using":"xpath","value":"//bdi[contains(text(), \"OK\")]"}
COMMAND: POST /session/db7e8e0bc6cb7545f5479edbe1e25c48/element/f.A305B2C0A529549F02C3CF63D97C7E2E.d.5C1AEB55E9489C1DCA4686131772AABE.e.1887/click - {}
RESULT: {}
COMMAND: GET /session/db7e8e0bc6cb7545f5479edbe1e25c48/screenshot - {}
RESULT: {}
COMMAND: POST /session/db7e8e0bc6cb7545f5479edbe1e25c48/element - {"using":"xpath","value":"//table[contains(@id, \"customPartnersTable\")]//tbody/tr[1]/td[3]/span"}
RESULT: {"using":"xpath","value":"//table[contains(@id, \"customPartnersTable\")]//tbody/tr[1]/td[3]/span"}
COMMAND: POST /session/db7e8e0bc6cb7545f5479edbe1e25c48/execute/sync - {"script":"<script> [56 bytes]","args":[{"element-6066-11e4-a52e-4f735466cecf":"f.A305B2C0A529549F02C3CF63D97C7E2E.d.5C1AEB55E9489C1DCA4686131772AABE.e.2019","ELEMENT":"f.A305B2C0A529549F02C3CF63D97C7E2E.d.5C1AEB55E9489C1DCA4686131772AABE.e.2019"}]}
RESULT: {"script":"<script> [56 bytes]","args":[{"element-6066-11e4-a52e-4f735466cecf":"f.A305B2C0A529549F02C3CF63D97C7E2E.d.5C1AEB55E9489C1DCA4686131772AABE.e.2019","ELEMENT":"f.A305B2C0A529549F02C3CF63D97C7E2E.d.5C1AEB55E9489C1DCA4686131772AABE.e.2019"}]}
RESULT: undefined
COMMAND: POST /session/db7e8e0bc6cb7545f5479edbe1e25c48/element - {"using":"xpath","value":"//*[@id=\"application-managepartners-display-component---masterPtm--smartTable-btnPersonalisation-img\"]"}
COMMAND: GET /session/db7e8e0bc6cb7545f5479edbe1e25c48/screenshot - {}
RESULT: {"using":"xpath","value":"//*[@id=\"application-managepartners-display-component---masterPtm--smartTable-btnPersonalisation-img\"]"}
COMMAND: POST /session/db7e8e0bc6cb7545f5479edbe1e25c48/element/f.A305B2C0A529549F02C3CF63D97C7E2E.d.5C1AEB55E9489C1DCA4686131772AABE.e.1738/click - {}
RESULT: {}
RESULT: {}
COMMAND: GET /session/db7e8e0bc6cb7545f5479edbe1e25c48/screenshot - {}
RESULT: {}
COMMAND: POST /session/db7e8e0bc6cb7545f5479edbe1e25c48/element - {"using":"xpath","value":"//bdi[contains(text(), \"Reset\")]"}
RESULT: {"using":"xpath","value":"//bdi[contains(text(), \"Reset\")]"}
COMMAND: POST /session/db7e8e0bc6cb7545f5479edbe1e25c48/element/f.A305B2C0A529549F02C3CF63D97C7E2E.d.5C1AEB55E9489C1DCA4686131772AABE.e.2024/click - {}
RESULT: {}
COMMAND: GET /session/db7e8e0bc6cb7545f5479edbe1e25c48/screenshot - {}
RESULT: {}
COMMAND: POST /session/db7e8e0bc6cb7545f5479edbe1e25c48/element - {"using":"xpath","value":"(//bdi[contains(text(), \"OK\")])[2]"}
RESULT: {"using":"xpath","value":"(//bdi[contains(text(), \"OK\")])[2]"}
COMMAND: POST /session/db7e8e0bc6cb7545f5479edbe1e25c48/element/f.A305B2C0A529549F02C3CF63D97C7E2E.d.5C1AEB55E9489C1DCA4686131772AABE.e.2026/click - {}
RESULT: {}
COMMAND: GET /session/db7e8e0bc6cb7545f5479edbe1e25c48/screenshot - {}
RESULT: {}
COMMAND: POST /session/db7e8e0bc6cb7545f5479edbe1e25c48/element - {"using":"xpath","value":"//bdi[contains(text(), \"OK\")]"}
RESULT: {"using":"xpath","value":"//bdi[contains(text(), \"OK\")]"}
COMMAND: POST /session/db7e8e0bc6cb7545f5479edbe1e25c48/element/f.A305B2C0A529549F02C3CF63D97C7E2E.d.5C1AEB55E9489C1DCA4686131772AABE.e.2085/click - {}
RESULT: {}
COMMAND: GET /session/db7e8e0bc6cb7545f5479edbe1e25c48/screenshot - {}
RESULT: {}
COMMAND: POST /session/db7e8e0bc6cb7545f5479edbe1e25c48/element - {"using":"xpath","value":"//table[contains(@id, \"customPartnersTable\")]//tbody/tr[1]/td[3]/span"}
RESULT: {"using":"xpath","value":"//table[contains(@id, \"customPartnersTable\")]//tbody/tr[1]/td[3]/span"}
COMMAND: POST /session/db7e8e0bc6cb7545f5479edbe1e25c48/execute/sync - {"script":"<script> [56 bytes]","args":[{"element-6066-11e4-a52e-4f735466cecf":"f.A305B2C0A529549F02C3CF63D97C7E2E.d.5C1AEB55E9489C1DCA4686131772AABE.e.2087","ELEMENT":"f.A305B2C0A529549F02C3CF63D97C7E2E.d.5C1AEB55E9489C1DCA4686131772AABE.e.2087"}]}
RESULT: {"script":"<script> [56 bytes]","args":[{"element-6066-11e4-a52e-4f735466cecf":"f.A305B2C0A529549F02C3CF63D97C7E2E.d.5C1AEB55E9489C1DCA4686131772AABE.e.2087","ELEMENT":"f.A305B2C0A529549F02C3CF63D97C7E2E.d.5C1AEB55E9489C1DCA4686131772AABE.e.2087"}]}
RESULT: undefined
COMMAND: POST /session/db7e8e0bc6cb7545f5479edbe1e25c48/element - {"using":"xpath","value":"//*[@id=\"application-managepartners-display-component---masterPtm--smartTable-btnPersonalisation-img\"]"}
COMMAND: GET /session/db7e8e0bc6cb7545f5479edbe1e25c48/screenshot - {}
RESULT: {"using":"xpath","value":"//*[@id=\"application-managepartners-display-component---masterPtm--smartTable-btnPersonalisation-img\"]"}
COMMAND: POST /session/db7e8e0bc6cb7545f5479edbe1e25c48/element/f.A305B2C0A529549F02C3CF63D97C7E2E.d.5C1AEB55E9489C1DCA4686131772AABE.e.1738/click - {}
RESULT: {}
RESULT: {}
COMMAND: GET /session/db7e8e0bc6cb7545f5479edbe1e25c48/screenshot - {}
RESULT: {}
COMMAND: POST /session/db7e8e0bc6cb7545f5479edbe1e25c48/execute/async - {"script":"<script> [1562 bytes]","args":[{"selector":{"controlType":"sap.m.IconTabFilter","viewName":"etm.portal.ui.managepartners.view.Master","viewId":"application-managepartners-display-component---masterPtm","properties":{"text":"Filter"},"searchOpenDialogs":true,"interaction":{"idSuffix":"text"}},"wdio_ui5_key":"etmportal.ui.managepartners.view.Mastersap.m.IconTabFilter{\"text\":\"Filter\"}"}]}
RESULT: {"script":"<script> [1562 bytes]","args":[{"selector":{"controlType":"sap.m.IconTabFilter","viewName":"etm.portal.ui.managepartners.view.Master","viewId":"application-managepartners-display-component---masterPtm","properties":{"text":"Filter"},"searchOpenDialogs":true,"interaction":{"idSuffix":"text"}},"wdio_ui5_key":"etmportal.ui.managepartners.view.Mastersap.m.IconTabFilter{\"text\":\"Filter\"}"}]}
RESULT: undefined
COMMAND: POST /session/db7e8e0bc6cb7545f5479edbe1e25c48/element - {"using":"xpath","value":"//*[@id=\"__filter10\"]"}
RESULT: {"using":"xpath","value":"//*[@id=\"__filter10\"]"}
COMMAND: POST /session/db7e8e0bc6cb7545f5479edbe1e25c48/element/f.A305B2C0A529549F02C3CF63D97C7E2E.d.5C1AEB55E9489C1DCA4686131772AABE.e.2092/click - {}
RESULT: {}
COMMAND: GET /session/db7e8e0bc6cb7545f5479edbe1e25c48/screenshot - {}
RESULT: {}
COMMAND: POST /session/db7e8e0bc6cb7545f5479edbe1e25c48/element - {"using":"xpath","value":"//input[@placeholder=\"Filter by\"]/following-sibling::div//span"}
RESULT: {"using":"xpath","value":"//input[@placeholder=\"Filter by\"]/following-sibling::div//span"}
COMMAND: POST /session/db7e8e0bc6cb7545f5479edbe1e25c48/element/f.A305B2C0A529549F02C3CF63D97C7E2E.d.5C1AEB55E9489C1DCA4686131772AABE.e.2094/click - {}
RESULT: {}
COMMAND: GET /session/db7e8e0bc6cb7545f5479edbe1e25c48/screenshot - {}
RESULT: {}
COMMAND: POST /session/db7e8e0bc6cb7545f5479edbe1e25c48/element - {"using":"xpath","value":"//li[.//span[text()=\"Preferred Yard\"]]"}
RESULT: {"using":"xpath","value":"//li[.//span[text()=\"Preferred Yard\"]]"}
COMMAND: POST /session/db7e8e0bc6cb7545f5479edbe1e25c48/element/f.A305B2C0A529549F02C3CF63D97C7E2E.d.5C1AEB55E9489C1DCA4686131772AABE.e.2095/click - {}
RESULT: {}
COMMAND: GET /session/db7e8e0bc6cb7545f5479edbe1e25c48/screenshot - {}
RESULT: {}
COMMAND: POST /session/db7e8e0bc6cb7545f5479edbe1e25c48/execute/async - {"script":"<script> [1562 bytes]","args":[{"selector":{"id":"FilterPanel-filterItemControl_BASIC-application-managepartners-display-component---masterPtm--smartTable-YARDYARD-vhi","searchOpenDialogs":true},"wdio_ui5_key":"FilterPanelfilterItemControl_BASIC-application-managepartners-display-component---masterPtm--smartTable-YARDYARD-vhi"}]}
RESULT: {"script":"<script> [1562 bytes]","args":[{"selector":{"id":"FilterPanel-filterItemControl_BASIC-application-managepartners-display-component---masterPtm--smartTable-YARDYARD-vhi","searchOpenDialogs":true},"wdio_ui5_key":"FilterPanelfilterItemControl_BASIC-application-managepartners-display-component---masterPtm--smartTable-YARDYARD-vhi"}]}
RESULT: undefined
COMMAND: POST /session/db7e8e0bc6cb7545f5479edbe1e25c48/element - {"using":"xpath","value":"//*[@id=\"FilterPanel-filterItemControl_BASIC-application-managepartners-display-component---masterPtm--smartTable-YARDYARD-vhi\"]"}
RESULT: {"using":"xpath","value":"//*[@id=\"FilterPanel-filterItemControl_BASIC-application-managepartners-display-component---masterPtm--smartTable-YARDYARD-vhi\"]"}
COMMAND: POST /session/db7e8e0bc6cb7545f5479edbe1e25c48/element/f.A305B2C0A529549F02C3CF63D97C7E2E.d.5C1AEB55E9489C1DCA4686131772AABE.e.2098/click - {}
RESULT: {}
COMMAND: GET /session/db7e8e0bc6cb7545f5479edbe1e25c48/screenshot - {}
RESULT: {}
COMMAND: POST /session/db7e8e0bc6cb7545f5479edbe1e25c48/execute/async - {"script":"<script> [1562 bytes]","args":[{"selector":{"id":"FilterPanel-filterItemControl_BASIC-application-managepartners-display-component---masterPtm--smartTable-YARDYARD-valueHelpDialog-smartFilterBar-btnBasicSearch","searchOpenDialogs":true,"interaction":{"idSuffix":"I"}},"wdio_ui5_key":"FilterPanelfilterItemControl_BASIC-application-managepartners-display-component---masterPtm--smartTable-YARDYARD-valueHelpDialog-smartFilterBar-btnBasicSearch"}]}
RESULT: {"script":"<script> [1562 bytes]","args":[{"selector":{"id":"FilterPanel-filterItemControl_BASIC-application-managepartners-display-component---masterPtm--smartTable-YARDYARD-valueHelpDialog-smartFilterBar-btnBasicSearch","searchOpenDialogs":true,"interaction":{"idSuffix":"I"}},"wdio_ui5_key":"FilterPanelfilterItemControl_BASIC-application-managepartners-display-component---masterPtm--smartTable-YARDYARD-valueHelpDialog-smartFilterBar-btnBasicSearch"}]}
RESULT: undefined
COMMAND: POST /session/db7e8e0bc6cb7545f5479edbe1e25c48/execute/async - {"script":"<script> [776 bytes]","args":[{"enterText":"576","selector":{"id":"FilterPanel-filterItemControl_BASIC-application-managepartners-display-component---masterPtm--smartTable-YARDYARD-valueHelpDialog-smartFilterBar-btnBasicSearch","searchOpenDialogs":true,"interaction":{"idSuffix":"I"}},"clearTextFirst":true,"interactionType":"ENTER_TEXT"}]}
RESULT: {"script":"<script> [776 bytes]","args":[{"enterText":"576","selector":{"id":"FilterPanel-filterItemControl_BASIC-application-managepartners-display-component---masterPtm--smartTable-YARDYARD-valueHelpDialog-smartFilterBar-btnBasicSearch","searchOpenDialogs":true,"interaction":{"idSuffix":"I"}},"clearTextFirst":true,"interactionType":"ENTER_TEXT"}]}
COMMAND: POST /session/db7e8e0bc6cb7545f5479edbe1e25c48/actions - {"actions":[{"id":"action3","type":"key","parameters":{},"actions":[{"type":"keyDown","value":""},{"type":"pause","duration":10},{"type":"keyUp","value":""}]}]}
RESULT: {"actions":[{"id":"action3","type":"key","parameters":{},"actions":[{"type":"keyDown","value":""},{"type":"pause","duration":10},{"type":"keyUp","value":""}]}]}
COMMAND: GET /session/db7e8e0bc6cb7545f5479edbe1e25c48/screenshot - {}
RESULT: {}
COMMAND: POST /session/db7e8e0bc6cb7545f5479edbe1e25c48/elements - {"using":"xpath","value":"//table[contains(@id, \"smartTable-YARDYARD-valueHelpDialog-table-table\")]/tbody/tr"}
RESULT: {"using":"xpath","value":"//table[contains(@id, \"smartTable-YARDYARD-valueHelpDialog-table-table\")]/tbody/tr"}
COMMAND: POST /session/db7e8e0bc6cb7545f5479edbe1e25c48/element - {"using":"xpath","value":"//table[contains(@id, \"smartTable-YARDYARD-valueHelpDialog-table-table\")]/tbody/tr[1]/td[1]/div/span"}
RESULT: {"using":"xpath","value":"//table[contains(@id, \"smartTable-YARDYARD-valueHelpDialog-table-table\")]/tbody/tr[1]/td[1]/div/span"}
COMMAND: POST /session/db7e8e0bc6cb7545f5479edbe1e25c48/elements - {"using":"xpath","value":"//table[contains(@id, \"smartTable-YARDYARD-valueHelpDialog-table-table\")]/tbody/tr[1]/td[1]/div/span"}
RESULT: {"using":"xpath","value":"//table[contains(@id, \"smartTable-YARDYARD-valueHelpDialog-table-table\")]/tbody/tr[1]/td[1]/div/span"}
COMMAND: POST /session/db7e8e0bc6cb7545f5479edbe1e25c48/execute/sync - {"script":"<script> [56 bytes]","args":[{"element-6066-11e4-a52e-4f735466cecf":"f.A305B2C0A529549F02C3CF63D97C7E2E.d.5C1AEB55E9489C1DCA4686131772AABE.e.2117","ELEMENT":"f.A305B2C0A529549F02C3CF63D97C7E2E.d.5C1AEB55E9489C1DCA4686131772AABE.e.2117"}]}
RESULT: {"script":"<script> [56 bytes]","args":[{"element-6066-11e4-a52e-4f735466cecf":"f.A305B2C0A529549F02C3CF63D97C7E2E.d.5C1AEB55E9489C1DCA4686131772AABE.e.2117","ELEMENT":"f.A305B2C0A529549F02C3CF63D97C7E2E.d.5C1AEB55E9489C1DCA4686131772AABE.e.2117"}]}
COMMAND: POST /session/db7e8e0bc6cb7545f5479edbe1e25c48/element - {"using":"xpath","value":"//div[contains(@id, \"YARDYARD-valueHelpDialog-table-rowsel0\")]"}
COMMAND: GET /session/db7e8e0bc6cb7545f5479edbe1e25c48/screenshot - {}
RESULT: {"using":"xpath","value":"//div[contains(@id, \"YARDYARD-valueHelpDialog-table-rowsel0\")]"}
COMMAND: POST /session/db7e8e0bc6cb7545f5479edbe1e25c48/element/f.A305B2C0A529549F02C3CF63D97C7E2E.d.5C1AEB55E9489C1DCA4686131772AABE.e.2118/click - {}
RESULT: {}
RESULT: {}
COMMAND: GET /session/db7e8e0bc6cb7545f5479edbe1e25c48/screenshot - {}
RESULT: {}
COMMAND: POST /session/db7e8e0bc6cb7545f5479edbe1e25c48/element - {"using":"xpath","value":"(//bdi[contains(text(), \"OK\")])[2]"}
RESULT: {"using":"xpath","value":"(//bdi[contains(text(), \"OK\")])[2]"}
COMMAND: POST /session/db7e8e0bc6cb7545f5479edbe1e25c48/element/f.A305B2C0A529549F02C3CF63D97C7E2E.d.5C1AEB55E9489C1DCA4686131772AABE.e.2120/click - {}
RESULT: {}
COMMAND: GET /session/db7e8e0bc6cb7545f5479edbe1e25c48/screenshot - {}
RESULT: {}
COMMAND: POST /session/db7e8e0bc6cb7545f5479edbe1e25c48/element - {"using":"xpath","value":"//bdi[contains(text(), \"OK\")]"}
RESULT: {"using":"xpath","value":"//bdi[contains(text(), \"OK\")]"}
COMMAND: POST /session/db7e8e0bc6cb7545f5479edbe1e25c48/element/f.A305B2C0A529549F02C3CF63D97C7E2E.d.5C1AEB55E9489C1DCA4686131772AABE.e.2123/click - {}
RESULT: {}
COMMAND: GET /session/db7e8e0bc6cb7545f5479edbe1e25c48/screenshot - {}
COMMAND: POST /session/db7e8e0bc6cb7545f5479edbe1e25c48/element - {"using":"xpath","value":"//table[contains(@id, \"customPartnersTable\")]//tbody/tr[1]/td[3]/span"}
RESULT: {}
RESULT: {"using":"xpath","value":"//table[contains(@id, \"customPartnersTable\")]//tbody/tr[1]/td[3]/span"}
COMMAND: POST /session/db7e8e0bc6cb7545f5479edbe1e25c48/execute/sync - {"script":"<script> [56 bytes]","args":[{"element-6066-11e4-a52e-4f735466cecf":"f.A305B2C0A529549F02C3CF63D97C7E2E.d.5C1AEB55E9489C1DCA4686131772AABE.e.2087","ELEMENT":"f.A305B2C0A529549F02C3CF63D97C7E2E.d.5C1AEB55E9489C1DCA4686131772AABE.e.2087"}]}
RESULT: {"script":"<script> [56 bytes]","args":[{"element-6066-11e4-a52e-4f735466cecf":"f.A305B2C0A529549F02C3CF63D97C7E2E.d.5C1AEB55E9489C1DCA4686131772AABE.e.2087","ELEMENT":"f.A305B2C0A529549F02C3CF63D97C7E2E.d.5C1AEB55E9489C1DCA4686131772AABE.e.2087"}]}
COMMAND: POST /session/db7e8e0bc6cb7545f5479edbe1e25c48/element - {"using":"css selector","value":"#shell-header-logo"}
COMMAND: GET /session/db7e8e0bc6cb7545f5479edbe1e25c48/screenshot - {}
RESULT: {"using":"css selector","value":"#shell-header-logo"}
COMMAND: POST /session/db7e8e0bc6cb7545f5479edbe1e25c48/element/f.A305B2C0A529549F02C3CF63D97C7E2E.d.5C1AEB55E9489C1DCA4686131772AABE.e.1687/click - {}
RESULT: {}
RESULT: {}
COMMAND: GET /session/db7e8e0bc6cb7545f5479edbe1e25c48/screenshot - {}
RESULT: {}
]]></system-out>
    </testcase>
    <testcase classname="chrome.135_0_7049_42.windows.Partner_specific_tests_US150819_US151080_US151654_US151176_US103444_US151078_US151079_US151109_US151174_US151175_US151189" name="Should deactivate the created partner in earlier step US151654" time="54.485">
      <system-out><![CDATA[
COMMAND: POST /session/db7e8e0bc6cb7545f5479edbe1e25c48/element - {"using":"xpath","value":"//li[.//span[text()=\"Manage Partners\"]]"}
RESULT: {"using":"xpath","value":"//li[.//span[text()=\"Manage Partners\"]]"}
COMMAND: POST /session/db7e8e0bc6cb7545f5479edbe1e25c48/element - {"using":"xpath","value":"//li[.//span[text()=\"Manage Partners\"]]"}
RESULT: {"using":"xpath","value":"//li[.//span[text()=\"Manage Partners\"]]"}
COMMAND: POST /session/db7e8e0bc6cb7545f5479edbe1e25c48/element - {"using":"css selector","value":"#shell-header-logo"}
RESULT: {"using":"css selector","value":"#shell-header-logo"}
COMMAND: POST /session/db7e8e0bc6cb7545f5479edbe1e25c48/element/f.A305B2C0A529549F02C3CF63D97C7E2E.d.5C1AEB55E9489C1DCA4686131772AABE.e.2171/click - {}
COMMAND: POST /session/db7e8e0bc6cb7545f5479edbe1e25c48/execute/sync - {"script":"<script> [8489 bytes]","args":[{"element-6066-11e4-a52e-4f735466cecf":"f.A305B2C0A529549F02C3CF63D97C7E2E.d.5C1AEB55E9489C1DCA4686131772AABE.e.2171","ELEMENT":"f.A305B2C0A529549F02C3CF63D97C7E2E.d.5C1AEB55E9489C1DCA4686131772AABE.e.2171"}]}
RESULT: {}
COMMAND: GET /session/db7e8e0bc6cb7545f5479edbe1e25c48/screenshot - {}
RESULT: {"script":"<script> [8489 bytes]","args":[{"element-6066-11e4-a52e-4f735466cecf":"f.A305B2C0A529549F02C3CF63D97C7E2E.d.5C1AEB55E9489C1DCA4686131772AABE.e.2171","ELEMENT":"f.A305B2C0A529549F02C3CF63D97C7E2E.d.5C1AEB55E9489C1DCA4686131772AABE.e.2171"}]}
COMMAND: POST /session/db7e8e0bc6cb7545f5479edbe1e25c48/execute/sync - {"script":"<script> [5351 bytes]","args":[{"element-6066-11e4-a52e-4f735466cecf":"f.A305B2C0A529549F02C3CF63D97C7E2E.d.5C1AEB55E9489C1DCA4686131772AABE.e.2171","ELEMENT":"f.A305B2C0A529549F02C3CF63D97C7E2E.d.5C1AEB55E9489C1DCA4686131772AABE.e.2171"}]}
COMMAND: GET /session/db7e8e0bc6cb7545f5479edbe1e25c48/screenshot - {}
RESULT: {}
RESULT: {"script":"<script> [5351 bytes]","args":[{"element-6066-11e4-a52e-4f735466cecf":"f.A305B2C0A529549F02C3CF63D97C7E2E.d.5C1AEB55E9489C1DCA4686131772AABE.e.2171","ELEMENT":"f.A305B2C0A529549F02C3CF63D97C7E2E.d.5C1AEB55E9489C1DCA4686131772AABE.e.2171"}]}
COMMAND: GET /session/db7e8e0bc6cb7545f5479edbe1e25c48/screenshot - {}
RESULT: {}
RESULT: {}
RESULT: undefined
COMMAND: POST /session/db7e8e0bc6cb7545f5479edbe1e25c48/element - {"using":"xpath","value":"//*[@id=\"__tile38\"]"}
RESULT: {"using":"xpath","value":"//*[@id=\"__tile38\"]"}
COMMAND: POST /session/db7e8e0bc6cb7545f5479edbe1e25c48/element/f.A305B2C0A529549F02C3CF63D97C7E2E.d.5C1AEB55E9489C1DCA4686131772AABE.e.143/click - {}
RESULT: {}
COMMAND: POST /session/db7e8e0bc6cb7545f5479edbe1e25c48/element - {"using":"xpath","value":"//button[@data-kt=\"addButton\"]"}
COMMAND: GET /session/db7e8e0bc6cb7545f5479edbe1e25c48/screenshot - {}
RESULT: {"using":"xpath","value":"//button[@data-kt=\"addButton\"]"}
COMMAND: POST /session/db7e8e0bc6cb7545f5479edbe1e25c48/elements - {"using":"xpath","value":"//button[@data-kt=\"addButton\"]"}
RESULT: {}
RESULT: {"using":"xpath","value":"//button[@data-kt=\"addButton\"]"}
COMMAND: POST /session/db7e8e0bc6cb7545f5479edbe1e25c48/element - {"using":"xpath","value":"//button[@data-kt=\"addButton\"]"}
RESULT: {"using":"xpath","value":"//button[@data-kt=\"addButton\"]"}
COMMAND: POST /session/db7e8e0bc6cb7545f5479edbe1e25c48/execute/sync - {"script":"<script> [8489 bytes]","args":[{"element-6066-11e4-a52e-4f735466cecf":"f.A305B2C0A529549F02C3CF63D97C7E2E.d.5C1AEB55E9489C1DCA4686131772AABE.e.2217","ELEMENT":"f.A305B2C0A529549F02C3CF63D97C7E2E.d.5C1AEB55E9489C1DCA4686131772AABE.e.2217"}]}
RESULT: {"script":"<script> [8489 bytes]","args":[{"element-6066-11e4-a52e-4f735466cecf":"f.A305B2C0A529549F02C3CF63D97C7E2E.d.5C1AEB55E9489C1DCA4686131772AABE.e.2217","ELEMENT":"f.A305B2C0A529549F02C3CF63D97C7E2E.d.5C1AEB55E9489C1DCA4686131772AABE.e.2217"}]}
COMMAND: GET /session/db7e8e0bc6cb7545f5479edbe1e25c48/element/f.A305B2C0A529549F02C3CF63D97C7E2E.d.5C1AEB55E9489C1DCA4686131772AABE.e.2217/enabled - {}
COMMAND: GET /session/db7e8e0bc6cb7545f5479edbe1e25c48/screenshot - {}
RESULT: {}
COMMAND: POST /session/db7e8e0bc6cb7545f5479edbe1e25c48/execute/sync - {"script":"<script> [8489 bytes]","args":[{"element-6066-11e4-a52e-4f735466cecf":"f.A305B2C0A529549F02C3CF63D97C7E2E.d.5C1AEB55E9489C1DCA4686131772AABE.e.2217","ELEMENT":"f.A305B2C0A529549F02C3CF63D97C7E2E.d.5C1AEB55E9489C1DCA4686131772AABE.e.2217"}]}
COMMAND: GET /session/db7e8e0bc6cb7545f5479edbe1e25c48/screenshot - {}
RESULT: {}
RESULT: {"script":"<script> [8489 bytes]","args":[{"element-6066-11e4-a52e-4f735466cecf":"f.A305B2C0A529549F02C3CF63D97C7E2E.d.5C1AEB55E9489C1DCA4686131772AABE.e.2217","ELEMENT":"f.A305B2C0A529549F02C3CF63D97C7E2E.d.5C1AEB55E9489C1DCA4686131772AABE.e.2217"}]}
COMMAND: POST /session/db7e8e0bc6cb7545f5479edbe1e25c48/execute/sync - {"script":"<script> [5351 bytes]","args":[{"element-6066-11e4-a52e-4f735466cecf":"f.A305B2C0A529549F02C3CF63D97C7E2E.d.5C1AEB55E9489C1DCA4686131772AABE.e.2217","ELEMENT":"f.A305B2C0A529549F02C3CF63D97C7E2E.d.5C1AEB55E9489C1DCA4686131772AABE.e.2217"}]}
COMMAND: GET /session/db7e8e0bc6cb7545f5479edbe1e25c48/screenshot - {}
RESULT: {}
RESULT: {"script":"<script> [5351 bytes]","args":[{"element-6066-11e4-a52e-4f735466cecf":"f.A305B2C0A529549F02C3CF63D97C7E2E.d.5C1AEB55E9489C1DCA4686131772AABE.e.2217","ELEMENT":"f.A305B2C0A529549F02C3CF63D97C7E2E.d.5C1AEB55E9489C1DCA4686131772AABE.e.2217"}]}
COMMAND: GET /session/db7e8e0bc6cb7545f5479edbe1e25c48/screenshot - {}
RESULT: {}
RESULT: {}
COMMAND: POST /session/db7e8e0bc6cb7545f5479edbe1e25c48/execute/async - {"script":"<script> [1562 bytes]","args":[{"selector":{"id":"application-managepartners-display-component---masterPtm--smartFilterBar-btnBasicSearch","interaction":{"idSuffix":"I"}},"wdio_ui5_key":"applicationmanagepartners-display-component---masterPtm--smartFilterBar-btnBasicSearch"}]}
RESULT: {"script":"<script> [1562 bytes]","args":[{"selector":{"id":"application-managepartners-display-component---masterPtm--smartFilterBar-btnBasicSearch","interaction":{"idSuffix":"I"}},"wdio_ui5_key":"applicationmanagepartners-display-component---masterPtm--smartFilterBar-btnBasicSearch"}]}
RESULT: undefined
COMMAND: POST /session/db7e8e0bc6cb7545f5479edbe1e25c48/execute/async - {"script":"<script> [776 bytes]","args":[{"enterText":"1429","selector":{"id":"application-managepartners-display-component---masterPtm--smartFilterBar-btnBasicSearch","interaction":{"idSuffix":"I"}},"clearTextFirst":true,"interactionType":"ENTER_TEXT"}]}
RESULT: {"script":"<script> [776 bytes]","args":[{"enterText":"1429","selector":{"id":"application-managepartners-display-component---masterPtm--smartFilterBar-btnBasicSearch","interaction":{"idSuffix":"I"}},"clearTextFirst":true,"interactionType":"ENTER_TEXT"}]}
COMMAND: POST /session/db7e8e0bc6cb7545f5479edbe1e25c48/actions - {"actions":[{"id":"action4","type":"key","parameters":{},"actions":[{"type":"keyDown","value":""},{"type":"pause","duration":10},{"type":"keyUp","value":""}]}]}
RESULT: {"actions":[{"id":"action4","type":"key","parameters":{},"actions":[{"type":"keyDown","value":""},{"type":"pause","duration":10},{"type":"keyUp","value":""}]}]}
COMMAND: GET /session/db7e8e0bc6cb7545f5479edbe1e25c48/screenshot - {}
RESULT: {}
COMMAND: POST /session/db7e8e0bc6cb7545f5479edbe1e25c48/elements - {"using":"xpath","value":"//table[contains(@id, \"customPartnersTable-listUl\")]/tbody/tr"}
RESULT: {"using":"xpath","value":"//table[contains(@id, \"customPartnersTable-listUl\")]/tbody/tr"}
COMMAND: POST /session/db7e8e0bc6cb7545f5479edbe1e25c48/element - {"using":"xpath","value":"//table[contains(@id, \"customPartnersTable-listUl\")]/tbody/tr[1]/td[3]/span"}
RESULT: {"using":"xpath","value":"//table[contains(@id, \"customPartnersTable-listUl\")]/tbody/tr[1]/td[3]/span"}
COMMAND: POST /session/db7e8e0bc6cb7545f5479edbe1e25c48/elements - {"using":"xpath","value":"//table[contains(@id, \"customPartnersTable-listUl\")]/tbody/tr[1]/td[3]/span"}
RESULT: {"using":"xpath","value":"//table[contains(@id, \"customPartnersTable-listUl\")]/tbody/tr[1]/td[3]/span"}
COMMAND: POST /session/db7e8e0bc6cb7545f5479edbe1e25c48/execute/sync - {"script":"<script> [56 bytes]","args":[{"element-6066-11e4-a52e-4f735466cecf":"f.A305B2C0A529549F02C3CF63D97C7E2E.d.5C1AEB55E9489C1DCA4686131772AABE.e.2354","ELEMENT":"f.A305B2C0A529549F02C3CF63D97C7E2E.d.5C1AEB55E9489C1DCA4686131772AABE.e.2354"}]}
RESULT: {"script":"<script> [56 bytes]","args":[{"element-6066-11e4-a52e-4f735466cecf":"f.A305B2C0A529549F02C3CF63D97C7E2E.d.5C1AEB55E9489C1DCA4686131772AABE.e.2354","ELEMENT":"f.A305B2C0A529549F02C3CF63D97C7E2E.d.5C1AEB55E9489C1DCA4686131772AABE.e.2354"}]}
COMMAND: POST /session/db7e8e0bc6cb7545f5479edbe1e25c48/element - {"using":"xpath","value":"//table[contains(@id, \"customPartnersTable-listUl\")]/tbody/tr[1]/td[7]/div/span"}
COMMAND: GET /session/db7e8e0bc6cb7545f5479edbe1e25c48/screenshot - {}
RESULT: {"using":"xpath","value":"//table[contains(@id, \"customPartnersTable-listUl\")]/tbody/tr[1]/td[7]/div/span"}
COMMAND: POST /session/db7e8e0bc6cb7545f5479edbe1e25c48/execute/sync - {"script":"<script> [56 bytes]","args":[{"element-6066-11e4-a52e-4f735466cecf":"f.A305B2C0A529549F02C3CF63D97C7E2E.d.5C1AEB55E9489C1DCA4686131772AABE.e.2355","ELEMENT":"f.A305B2C0A529549F02C3CF63D97C7E2E.d.5C1AEB55E9489C1DCA4686131772AABE.e.2355"}]}
RESULT: {}
RESULT: {"script":"<script> [56 bytes]","args":[{"element-6066-11e4-a52e-4f735466cecf":"f.A305B2C0A529549F02C3CF63D97C7E2E.d.5C1AEB55E9489C1DCA4686131772AABE.e.2355","ELEMENT":"f.A305B2C0A529549F02C3CF63D97C7E2E.d.5C1AEB55E9489C1DCA4686131772AABE.e.2355"}]}
COMMAND: POST /session/db7e8e0bc6cb7545f5479edbe1e25c48/element - {"using":"xpath","value":"//table[contains(@id, \"customPartnersTable-listUl\")]/tbody/tr[1]/td[2]/div/div"}
COMMAND: GET /session/db7e8e0bc6cb7545f5479edbe1e25c48/screenshot - {}
RESULT: {"using":"xpath","value":"//table[contains(@id, \"customPartnersTable-listUl\")]/tbody/tr[1]/td[2]/div/div"}
COMMAND: POST /session/db7e8e0bc6cb7545f5479edbe1e25c48/element/f.A305B2C0A529549F02C3CF63D97C7E2E.d.5C1AEB55E9489C1DCA4686131772AABE.e.2356/click - {}
RESULT: {}
RESULT: {}
COMMAND: GET /session/db7e8e0bc6cb7545f5479edbe1e25c48/screenshot - {}
RESULT: {}
COMMAND: POST /session/db7e8e0bc6cb7545f5479edbe1e25c48/element - {"using":"xpath","value":"//bdi[contains(text(), \"Deactivate\")]"}
RESULT: {"using":"xpath","value":"//bdi[contains(text(), \"Deactivate\")]"}
COMMAND: POST /session/db7e8e0bc6cb7545f5479edbe1e25c48/element/f.A305B2C0A529549F02C3CF63D97C7E2E.d.5C1AEB55E9489C1DCA4686131772AABE.e.2357/click - {}
RESULT: {}
COMMAND: GET /session/db7e8e0bc6cb7545f5479edbe1e25c48/screenshot - {}
RESULT: {}
COMMAND: POST /session/db7e8e0bc6cb7545f5479edbe1e25c48/element - {"using":"xpath","value":"//bdi[contains(text(), \"Yes\")]"}
RESULT: {"using":"xpath","value":"//bdi[contains(text(), \"Yes\")]"}
COMMAND: POST /session/db7e8e0bc6cb7545f5479edbe1e25c48/element/f.A305B2C0A529549F02C3CF63D97C7E2E.d.5C1AEB55E9489C1DCA4686131772AABE.e.2359/click - {}
RESULT: {}
COMMAND: GET /session/db7e8e0bc6cb7545f5479edbe1e25c48/screenshot - {}
RESULT: {}
COMMAND: POST /session/db7e8e0bc6cb7545f5479edbe1e25c48/element - {"using":"xpath","value":"//table[contains(@id, \"customPartnersTable-listUl\")]/tbody/tr[1]/td[7]/div/span"}
RESULT: {"using":"xpath","value":"//table[contains(@id, \"customPartnersTable-listUl\")]/tbody/tr[1]/td[7]/div/span"}
COMMAND: POST /session/db7e8e0bc6cb7545f5479edbe1e25c48/execute/sync - {"script":"<script> [56 bytes]","args":[{"element-6066-11e4-a52e-4f735466cecf":"f.A305B2C0A529549F02C3CF63D97C7E2E.d.5C1AEB55E9489C1DCA4686131772AABE.e.2355","ELEMENT":"f.A305B2C0A529549F02C3CF63D97C7E2E.d.5C1AEB55E9489C1DCA4686131772AABE.e.2355"}]}
RESULT: {"script":"<script> [56 bytes]","args":[{"element-6066-11e4-a52e-4f735466cecf":"f.A305B2C0A529549F02C3CF63D97C7E2E.d.5C1AEB55E9489C1DCA4686131772AABE.e.2355","ELEMENT":"f.A305B2C0A529549F02C3CF63D97C7E2E.d.5C1AEB55E9489C1DCA4686131772AABE.e.2355"}]}
COMMAND: GET /session/db7e8e0bc6cb7545f5479edbe1e25c48/screenshot - {}
RESULT: {}
COMMAND: POST /session/db7e8e0bc6cb7545f5479edbe1e25c48/element - {"using":"css selector","value":"#shell-header-logo"}
RESULT: {"using":"css selector","value":"#shell-header-logo"}
COMMAND: POST /session/db7e8e0bc6cb7545f5479edbe1e25c48/element/f.A305B2C0A529549F02C3CF63D97C7E2E.d.5C1AEB55E9489C1DCA4686131772AABE.e.2171/click - {}
RESULT: {}
COMMAND: GET /session/db7e8e0bc6cb7545f5479edbe1e25c48/screenshot - {}
RESULT: {}
]]></system-out>
    </testcase>
    <testcase classname="chrome.135_0_7049_42.windows.Partner_specific_tests_US150819_US151080_US151654_US151176_US103444_US151078_US151079_US151109_US151174_US151175_US151189" name="Should activate the created partner again US151176" time="57.683">
      <system-out><![CDATA[
COMMAND: POST /session/db7e8e0bc6cb7545f5479edbe1e25c48/element - {"using":"xpath","value":"//li[.//span[text()=\"Manage Partners\"]]"}
RESULT: {"using":"xpath","value":"//li[.//span[text()=\"Manage Partners\"]]"}
COMMAND: POST /session/db7e8e0bc6cb7545f5479edbe1e25c48/element - {"using":"xpath","value":"//li[.//span[text()=\"Manage Partners\"]]"}
RESULT: {"using":"xpath","value":"//li[.//span[text()=\"Manage Partners\"]]"}
COMMAND: POST /session/db7e8e0bc6cb7545f5479edbe1e25c48/element - {"using":"css selector","value":"#shell-header-logo"}
RESULT: {"using":"css selector","value":"#shell-header-logo"}
COMMAND: POST /session/db7e8e0bc6cb7545f5479edbe1e25c48/element/f.A305B2C0A529549F02C3CF63D97C7E2E.d.5C1AEB55E9489C1DCA4686131772AABE.e.2363/click - {}
COMMAND: POST /session/db7e8e0bc6cb7545f5479edbe1e25c48/execute/sync - {"script":"<script> [8489 bytes]","args":[{"element-6066-11e4-a52e-4f735466cecf":"f.A305B2C0A529549F02C3CF63D97C7E2E.d.5C1AEB55E9489C1DCA4686131772AABE.e.2363","ELEMENT":"f.A305B2C0A529549F02C3CF63D97C7E2E.d.5C1AEB55E9489C1DCA4686131772AABE.e.2363"}]}
RESULT: {}
COMMAND: GET /session/db7e8e0bc6cb7545f5479edbe1e25c48/screenshot - {}
RESULT: {"script":"<script> [8489 bytes]","args":[{"element-6066-11e4-a52e-4f735466cecf":"f.A305B2C0A529549F02C3CF63D97C7E2E.d.5C1AEB55E9489C1DCA4686131772AABE.e.2363","ELEMENT":"f.A305B2C0A529549F02C3CF63D97C7E2E.d.5C1AEB55E9489C1DCA4686131772AABE.e.2363"}]}
COMMAND: POST /session/db7e8e0bc6cb7545f5479edbe1e25c48/execute/sync - {"script":"<script> [5351 bytes]","args":[{"element-6066-11e4-a52e-4f735466cecf":"f.A305B2C0A529549F02C3CF63D97C7E2E.d.5C1AEB55E9489C1DCA4686131772AABE.e.2363","ELEMENT":"f.A305B2C0A529549F02C3CF63D97C7E2E.d.5C1AEB55E9489C1DCA4686131772AABE.e.2363"}]}
COMMAND: GET /session/db7e8e0bc6cb7545f5479edbe1e25c48/screenshot - {}
RESULT: {}
RESULT: {"script":"<script> [5351 bytes]","args":[{"element-6066-11e4-a52e-4f735466cecf":"f.A305B2C0A529549F02C3CF63D97C7E2E.d.5C1AEB55E9489C1DCA4686131772AABE.e.2363","ELEMENT":"f.A305B2C0A529549F02C3CF63D97C7E2E.d.5C1AEB55E9489C1DCA4686131772AABE.e.2363"}]}
COMMAND: GET /session/db7e8e0bc6cb7545f5479edbe1e25c48/screenshot - {}
RESULT: {}
RESULT: {}
RESULT: undefined
COMMAND: POST /session/db7e8e0bc6cb7545f5479edbe1e25c48/element - {"using":"xpath","value":"//*[@id=\"__tile38\"]"}
RESULT: {"using":"xpath","value":"//*[@id=\"__tile38\"]"}
COMMAND: POST /session/db7e8e0bc6cb7545f5479edbe1e25c48/element/f.A305B2C0A529549F02C3CF63D97C7E2E.d.5C1AEB55E9489C1DCA4686131772AABE.e.143/click - {}
RESULT: {}
COMMAND: POST /session/db7e8e0bc6cb7545f5479edbe1e25c48/element - {"using":"xpath","value":"//button[@data-kt=\"addButton\"]"}
COMMAND: GET /session/db7e8e0bc6cb7545f5479edbe1e25c48/screenshot - {}
RESULT: {"using":"xpath","value":"//button[@data-kt=\"addButton\"]"}
COMMAND: POST /session/db7e8e0bc6cb7545f5479edbe1e25c48/elements - {"using":"xpath","value":"//button[@data-kt=\"addButton\"]"}
RESULT: {}
RESULT: {"using":"xpath","value":"//button[@data-kt=\"addButton\"]"}
COMMAND: POST /session/db7e8e0bc6cb7545f5479edbe1e25c48/execute/sync - {"script":"<script> [8489 bytes]","args":[{"element-6066-11e4-a52e-4f735466cecf":"f.A305B2C0A529549F02C3CF63D97C7E2E.d.5C1AEB55E9489C1DCA4686131772AABE.e.2408","ELEMENT":"f.A305B2C0A529549F02C3CF63D97C7E2E.d.5C1AEB55E9489C1DCA4686131772AABE.e.2408"}]}
RESULT: {"script":"<script> [8489 bytes]","args":[{"element-6066-11e4-a52e-4f735466cecf":"f.A305B2C0A529549F02C3CF63D97C7E2E.d.5C1AEB55E9489C1DCA4686131772AABE.e.2408","ELEMENT":"f.A305B2C0A529549F02C3CF63D97C7E2E.d.5C1AEB55E9489C1DCA4686131772AABE.e.2408"}]}
COMMAND: GET /session/db7e8e0bc6cb7545f5479edbe1e25c48/element/f.A305B2C0A529549F02C3CF63D97C7E2E.d.5C1AEB55E9489C1DCA4686131772AABE.e.2408/enabled - {}
COMMAND: GET /session/db7e8e0bc6cb7545f5479edbe1e25c48/screenshot - {}
RESULT: {}
COMMAND: POST /session/db7e8e0bc6cb7545f5479edbe1e25c48/execute/sync - {"script":"<script> [8489 bytes]","args":[{"element-6066-11e4-a52e-4f735466cecf":"f.A305B2C0A529549F02C3CF63D97C7E2E.d.5C1AEB55E9489C1DCA4686131772AABE.e.2408","ELEMENT":"f.A305B2C0A529549F02C3CF63D97C7E2E.d.5C1AEB55E9489C1DCA4686131772AABE.e.2408"}]}
COMMAND: GET /session/db7e8e0bc6cb7545f5479edbe1e25c48/screenshot - {}
RESULT: {}
RESULT: {"script":"<script> [8489 bytes]","args":[{"element-6066-11e4-a52e-4f735466cecf":"f.A305B2C0A529549F02C3CF63D97C7E2E.d.5C1AEB55E9489C1DCA4686131772AABE.e.2408","ELEMENT":"f.A305B2C0A529549F02C3CF63D97C7E2E.d.5C1AEB55E9489C1DCA4686131772AABE.e.2408"}]}
COMMAND: POST /session/db7e8e0bc6cb7545f5479edbe1e25c48/execute/sync - {"script":"<script> [5351 bytes]","args":[{"element-6066-11e4-a52e-4f735466cecf":"f.A305B2C0A529549F02C3CF63D97C7E2E.d.5C1AEB55E9489C1DCA4686131772AABE.e.2408","ELEMENT":"f.A305B2C0A529549F02C3CF63D97C7E2E.d.5C1AEB55E9489C1DCA4686131772AABE.e.2408"}]}
COMMAND: GET /session/db7e8e0bc6cb7545f5479edbe1e25c48/screenshot - {}
RESULT: {}
RESULT: {"script":"<script> [5351 bytes]","args":[{"element-6066-11e4-a52e-4f735466cecf":"f.A305B2C0A529549F02C3CF63D97C7E2E.d.5C1AEB55E9489C1DCA4686131772AABE.e.2408","ELEMENT":"f.A305B2C0A529549F02C3CF63D97C7E2E.d.5C1AEB55E9489C1DCA4686131772AABE.e.2408"}]}
COMMAND: GET /session/db7e8e0bc6cb7545f5479edbe1e25c48/screenshot - {}
RESULT: {}
RESULT: {}
RESULT: undefined
COMMAND: POST /session/db7e8e0bc6cb7545f5479edbe1e25c48/execute/async - {"script":"<script> [776 bytes]","args":[{"enterText":"1429","selector":{"id":"application-managepartners-display-component---masterPtm--smartFilterBar-btnBasicSearch","interaction":{"idSuffix":"I"}},"clearTextFirst":true,"interactionType":"ENTER_TEXT"}]}
RESULT: {"script":"<script> [776 bytes]","args":[{"enterText":"1429","selector":{"id":"application-managepartners-display-component---masterPtm--smartFilterBar-btnBasicSearch","interaction":{"idSuffix":"I"}},"clearTextFirst":true,"interactionType":"ENTER_TEXT"}]}
COMMAND: POST /session/db7e8e0bc6cb7545f5479edbe1e25c48/actions - {"actions":[{"id":"action5","type":"key","parameters":{},"actions":[{"type":"keyDown","value":""},{"type":"pause","duration":10},{"type":"keyUp","value":""}]}]}
RESULT: {"actions":[{"id":"action5","type":"key","parameters":{},"actions":[{"type":"keyDown","value":""},{"type":"pause","duration":10},{"type":"keyUp","value":""}]}]}
COMMAND: GET /session/db7e8e0bc6cb7545f5479edbe1e25c48/screenshot - {}
RESULT: {}
COMMAND: POST /session/db7e8e0bc6cb7545f5479edbe1e25c48/elements - {"using":"xpath","value":"//table[contains(@id, \"customPartnersTable-listUl\")]/tbody/tr"}
RESULT: {"using":"xpath","value":"//table[contains(@id, \"customPartnersTable-listUl\")]/tbody/tr"}
COMMAND: POST /session/db7e8e0bc6cb7545f5479edbe1e25c48/element - {"using":"xpath","value":"//table[contains(@id, \"customPartnersTable-listUl\")]/tbody/tr[1]/td[3]/span"}
RESULT: {"using":"xpath","value":"//table[contains(@id, \"customPartnersTable-listUl\")]/tbody/tr[1]/td[3]/span"}
COMMAND: POST /session/db7e8e0bc6cb7545f5479edbe1e25c48/elements - {"using":"xpath","value":"//table[contains(@id, \"customPartnersTable-listUl\")]/tbody/tr[1]/td[3]/span"}
RESULT: {"using":"xpath","value":"//table[contains(@id, \"customPartnersTable-listUl\")]/tbody/tr[1]/td[3]/span"}
COMMAND: POST /session/db7e8e0bc6cb7545f5479edbe1e25c48/execute/sync - {"script":"<script> [56 bytes]","args":[{"element-6066-11e4-a52e-4f735466cecf":"f.A305B2C0A529549F02C3CF63D97C7E2E.d.5C1AEB55E9489C1DCA4686131772AABE.e.2543","ELEMENT":"f.A305B2C0A529549F02C3CF63D97C7E2E.d.5C1AEB55E9489C1DCA4686131772AABE.e.2543"}]}
RESULT: {"script":"<script> [56 bytes]","args":[{"element-6066-11e4-a52e-4f735466cecf":"f.A305B2C0A529549F02C3CF63D97C7E2E.d.5C1AEB55E9489C1DCA4686131772AABE.e.2543","ELEMENT":"f.A305B2C0A529549F02C3CF63D97C7E2E.d.5C1AEB55E9489C1DCA4686131772AABE.e.2543"}]}
COMMAND: POST /session/db7e8e0bc6cb7545f5479edbe1e25c48/element - {"using":"xpath","value":"//table[contains(@id, \"customPartnersTable-listUl\")]/tbody/tr[1]/td[7]/div/span"}
COMMAND: GET /session/db7e8e0bc6cb7545f5479edbe1e25c48/screenshot - {}
RESULT: {"using":"xpath","value":"//table[contains(@id, \"customPartnersTable-listUl\")]/tbody/tr[1]/td[7]/div/span"}
COMMAND: POST /session/db7e8e0bc6cb7545f5479edbe1e25c48/execute/sync - {"script":"<script> [56 bytes]","args":[{"element-6066-11e4-a52e-4f735466cecf":"f.A305B2C0A529549F02C3CF63D97C7E2E.d.5C1AEB55E9489C1DCA4686131772AABE.e.2544","ELEMENT":"f.A305B2C0A529549F02C3CF63D97C7E2E.d.5C1AEB55E9489C1DCA4686131772AABE.e.2544"}]}
RESULT: {}
RESULT: {"script":"<script> [56 bytes]","args":[{"element-6066-11e4-a52e-4f735466cecf":"f.A305B2C0A529549F02C3CF63D97C7E2E.d.5C1AEB55E9489C1DCA4686131772AABE.e.2544","ELEMENT":"f.A305B2C0A529549F02C3CF63D97C7E2E.d.5C1AEB55E9489C1DCA4686131772AABE.e.2544"}]}
COMMAND: POST /session/db7e8e0bc6cb7545f5479edbe1e25c48/element - {"using":"xpath","value":"//table[contains(@id, \"customPartnersTable-listUl\")]/tbody/tr[1]/td[2]/div/div"}
COMMAND: GET /session/db7e8e0bc6cb7545f5479edbe1e25c48/screenshot - {}
RESULT: {"using":"xpath","value":"//table[contains(@id, \"customPartnersTable-listUl\")]/tbody/tr[1]/td[2]/div/div"}
COMMAND: POST /session/db7e8e0bc6cb7545f5479edbe1e25c48/element/f.A305B2C0A529549F02C3CF63D97C7E2E.d.5C1AEB55E9489C1DCA4686131772AABE.e.2545/click - {}
RESULT: {}
RESULT: {}
COMMAND: GET /session/db7e8e0bc6cb7545f5479edbe1e25c48/screenshot - {}
RESULT: {}
COMMAND: POST /session/db7e8e0bc6cb7545f5479edbe1e25c48/element - {"using":"xpath","value":"//bdi[contains(text(), \"Activate\")]"}
RESULT: {"using":"xpath","value":"//bdi[contains(text(), \"Activate\")]"}
COMMAND: POST /session/db7e8e0bc6cb7545f5479edbe1e25c48/element/f.A305B2C0A529549F02C3CF63D97C7E2E.d.5C1AEB55E9489C1DCA4686131772AABE.e.2546/click - {}
RESULT: {}
COMMAND: GET /session/db7e8e0bc6cb7545f5479edbe1e25c48/screenshot - {}
RESULT: {}
COMMAND: POST /session/db7e8e0bc6cb7545f5479edbe1e25c48/element - {"using":"xpath","value":"//bdi[contains(text(), \"Yes\")]"}
RESULT: {"using":"xpath","value":"//bdi[contains(text(), \"Yes\")]"}
COMMAND: POST /session/db7e8e0bc6cb7545f5479edbe1e25c48/element/f.A305B2C0A529549F02C3CF63D97C7E2E.d.5C1AEB55E9489C1DCA4686131772AABE.e.2548/click - {}
RESULT: {}
COMMAND: GET /session/db7e8e0bc6cb7545f5479edbe1e25c48/screenshot - {}
RESULT: {}
COMMAND: POST /session/db7e8e0bc6cb7545f5479edbe1e25c48/element - {"using":"xpath","value":"//table[contains(@id, \"customPartnersTable-listUl\")]/tbody/tr[1]/td[7]/div/span"}
RESULT: {"using":"xpath","value":"//table[contains(@id, \"customPartnersTable-listUl\")]/tbody/tr[1]/td[7]/div/span"}
COMMAND: POST /session/db7e8e0bc6cb7545f5479edbe1e25c48/execute/sync - {"script":"<script> [56 bytes]","args":[{"element-6066-11e4-a52e-4f735466cecf":"f.A305B2C0A529549F02C3CF63D97C7E2E.d.5C1AEB55E9489C1DCA4686131772AABE.e.2544","ELEMENT":"f.A305B2C0A529549F02C3CF63D97C7E2E.d.5C1AEB55E9489C1DCA4686131772AABE.e.2544"}]}
RESULT: {"script":"<script> [56 bytes]","args":[{"element-6066-11e4-a52e-4f735466cecf":"f.A305B2C0A529549F02C3CF63D97C7E2E.d.5C1AEB55E9489C1DCA4686131772AABE.e.2544","ELEMENT":"f.A305B2C0A529549F02C3CF63D97C7E2E.d.5C1AEB55E9489C1DCA4686131772AABE.e.2544"}]}
COMMAND: GET /session/db7e8e0bc6cb7545f5479edbe1e25c48/screenshot - {}
RESULT: {}
COMMAND: POST /session/db7e8e0bc6cb7545f5479edbe1e25c48/element - {"using":"css selector","value":"#shell-header-logo"}
RESULT: {"using":"css selector","value":"#shell-header-logo"}
COMMAND: POST /session/db7e8e0bc6cb7545f5479edbe1e25c48/element/f.A305B2C0A529549F02C3CF63D97C7E2E.d.5C1AEB55E9489C1DCA4686131772AABE.e.2363/click - {}
RESULT: {}
COMMAND: GET /session/db7e8e0bc6cb7545f5479edbe1e25c48/screenshot - {}
RESULT: {}
]]></system-out>
    </testcase>
    <testcase classname="chrome.135_0_7049_42.windows.Partner_specific_tests_US150819_US151080_US151654_US151176_US103444_US151078_US151079_US151109_US151174_US151175_US151189" name="Should edit the created external partner and save it and check its content US103444" time="74.189">
      <system-out><![CDATA[
COMMAND: POST /session/db7e8e0bc6cb7545f5479edbe1e25c48/element - {"using":"xpath","value":"//li[.//span[text()=\"Manage Partners\"]]"}
RESULT: {"using":"xpath","value":"//li[.//span[text()=\"Manage Partners\"]]"}
COMMAND: POST /session/db7e8e0bc6cb7545f5479edbe1e25c48/element - {"using":"xpath","value":"//li[.//span[text()=\"Manage Partners\"]]"}
RESULT: {"using":"xpath","value":"//li[.//span[text()=\"Manage Partners\"]]"}
COMMAND: POST /session/db7e8e0bc6cb7545f5479edbe1e25c48/element - {"using":"css selector","value":"#shell-header-logo"}
RESULT: {"using":"css selector","value":"#shell-header-logo"}
COMMAND: POST /session/db7e8e0bc6cb7545f5479edbe1e25c48/element/f.A305B2C0A529549F02C3CF63D97C7E2E.d.5C1AEB55E9489C1DCA4686131772AABE.e.2552/click - {}
COMMAND: POST /session/db7e8e0bc6cb7545f5479edbe1e25c48/execute/sync - {"script":"<script> [8489 bytes]","args":[{"element-6066-11e4-a52e-4f735466cecf":"f.A305B2C0A529549F02C3CF63D97C7E2E.d.5C1AEB55E9489C1DCA4686131772AABE.e.2552","ELEMENT":"f.A305B2C0A529549F02C3CF63D97C7E2E.d.5C1AEB55E9489C1DCA4686131772AABE.e.2552"}]}
RESULT: {}
COMMAND: GET /session/db7e8e0bc6cb7545f5479edbe1e25c48/screenshot - {}
RESULT: {"script":"<script> [8489 bytes]","args":[{"element-6066-11e4-a52e-4f735466cecf":"f.A305B2C0A529549F02C3CF63D97C7E2E.d.5C1AEB55E9489C1DCA4686131772AABE.e.2552","ELEMENT":"f.A305B2C0A529549F02C3CF63D97C7E2E.d.5C1AEB55E9489C1DCA4686131772AABE.e.2552"}]}
COMMAND: POST /session/db7e8e0bc6cb7545f5479edbe1e25c48/execute/sync - {"script":"<script> [5351 bytes]","args":[{"element-6066-11e4-a52e-4f735466cecf":"f.A305B2C0A529549F02C3CF63D97C7E2E.d.5C1AEB55E9489C1DCA4686131772AABE.e.2552","ELEMENT":"f.A305B2C0A529549F02C3CF63D97C7E2E.d.5C1AEB55E9489C1DCA4686131772AABE.e.2552"}]}
COMMAND: GET /session/db7e8e0bc6cb7545f5479edbe1e25c48/screenshot - {}
RESULT: {}
RESULT: {"script":"<script> [5351 bytes]","args":[{"element-6066-11e4-a52e-4f735466cecf":"f.A305B2C0A529549F02C3CF63D97C7E2E.d.5C1AEB55E9489C1DCA4686131772AABE.e.2552","ELEMENT":"f.A305B2C0A529549F02C3CF63D97C7E2E.d.5C1AEB55E9489C1DCA4686131772AABE.e.2552"}]}
COMMAND: GET /session/db7e8e0bc6cb7545f5479edbe1e25c48/screenshot - {}
RESULT: {}
RESULT: {}
RESULT: undefined
COMMAND: POST /session/db7e8e0bc6cb7545f5479edbe1e25c48/element - {"using":"xpath","value":"//*[@id=\"__tile38\"]"}
RESULT: {"using":"xpath","value":"//*[@id=\"__tile38\"]"}
COMMAND: POST /session/db7e8e0bc6cb7545f5479edbe1e25c48/element/f.A305B2C0A529549F02C3CF63D97C7E2E.d.5C1AEB55E9489C1DCA4686131772AABE.e.143/click - {}
RESULT: {}
COMMAND: POST /session/db7e8e0bc6cb7545f5479edbe1e25c48/element - {"using":"xpath","value":"//button[@data-kt=\"addButton\"]"}
COMMAND: GET /session/db7e8e0bc6cb7545f5479edbe1e25c48/screenshot - {}
RESULT: {"using":"xpath","value":"//button[@data-kt=\"addButton\"]"}
COMMAND: POST /session/db7e8e0bc6cb7545f5479edbe1e25c48/elements - {"using":"xpath","value":"//button[@data-kt=\"addButton\"]"}
RESULT: {}
RESULT: {"using":"xpath","value":"//button[@data-kt=\"addButton\"]"}
COMMAND: POST /session/db7e8e0bc6cb7545f5479edbe1e25c48/execute/sync - {"script":"<script> [8489 bytes]","args":[{"element-6066-11e4-a52e-4f735466cecf":"f.A305B2C0A529549F02C3CF63D97C7E2E.d.5C1AEB55E9489C1DCA4686131772AABE.e.2598","ELEMENT":"f.A305B2C0A529549F02C3CF63D97C7E2E.d.5C1AEB55E9489C1DCA4686131772AABE.e.2598"}]}
RESULT: {"script":"<script> [8489 bytes]","args":[{"element-6066-11e4-a52e-4f735466cecf":"f.A305B2C0A529549F02C3CF63D97C7E2E.d.5C1AEB55E9489C1DCA4686131772AABE.e.2598","ELEMENT":"f.A305B2C0A529549F02C3CF63D97C7E2E.d.5C1AEB55E9489C1DCA4686131772AABE.e.2598"}]}
COMMAND: GET /session/db7e8e0bc6cb7545f5479edbe1e25c48/element/f.A305B2C0A529549F02C3CF63D97C7E2E.d.5C1AEB55E9489C1DCA4686131772AABE.e.2598/enabled - {}
COMMAND: GET /session/db7e8e0bc6cb7545f5479edbe1e25c48/screenshot - {}
RESULT: {}
COMMAND: POST /session/db7e8e0bc6cb7545f5479edbe1e25c48/execute/sync - {"script":"<script> [8489 bytes]","args":[{"element-6066-11e4-a52e-4f735466cecf":"f.A305B2C0A529549F02C3CF63D97C7E2E.d.5C1AEB55E9489C1DCA4686131772AABE.e.2598","ELEMENT":"f.A305B2C0A529549F02C3CF63D97C7E2E.d.5C1AEB55E9489C1DCA4686131772AABE.e.2598"}]}
COMMAND: GET /session/db7e8e0bc6cb7545f5479edbe1e25c48/screenshot - {}
RESULT: {}
RESULT: {"script":"<script> [8489 bytes]","args":[{"element-6066-11e4-a52e-4f735466cecf":"f.A305B2C0A529549F02C3CF63D97C7E2E.d.5C1AEB55E9489C1DCA4686131772AABE.e.2598","ELEMENT":"f.A305B2C0A529549F02C3CF63D97C7E2E.d.5C1AEB55E9489C1DCA4686131772AABE.e.2598"}]}
COMMAND: POST /session/db7e8e0bc6cb7545f5479edbe1e25c48/execute/sync - {"script":"<script> [5351 bytes]","args":[{"element-6066-11e4-a52e-4f735466cecf":"f.A305B2C0A529549F02C3CF63D97C7E2E.d.5C1AEB55E9489C1DCA4686131772AABE.e.2598","ELEMENT":"f.A305B2C0A529549F02C3CF63D97C7E2E.d.5C1AEB55E9489C1DCA4686131772AABE.e.2598"}]}
COMMAND: GET /session/db7e8e0bc6cb7545f5479edbe1e25c48/screenshot - {}
RESULT: {}
RESULT: {"script":"<script> [5351 bytes]","args":[{"element-6066-11e4-a52e-4f735466cecf":"f.A305B2C0A529549F02C3CF63D97C7E2E.d.5C1AEB55E9489C1DCA4686131772AABE.e.2598","ELEMENT":"f.A305B2C0A529549F02C3CF63D97C7E2E.d.5C1AEB55E9489C1DCA4686131772AABE.e.2598"}]}
COMMAND: GET /session/db7e8e0bc6cb7545f5479edbe1e25c48/screenshot - {}
RESULT: {}
RESULT: {}
RESULT: undefined
COMMAND: POST /session/db7e8e0bc6cb7545f5479edbe1e25c48/execute/async - {"script":"<script> [776 bytes]","args":[{"enterText":"1429","selector":{"id":"application-managepartners-display-component---masterPtm--smartFilterBar-btnBasicSearch","interaction":{"idSuffix":"I"}},"clearTextFirst":true,"interactionType":"ENTER_TEXT"}]}
RESULT: {"script":"<script> [776 bytes]","args":[{"enterText":"1429","selector":{"id":"application-managepartners-display-component---masterPtm--smartFilterBar-btnBasicSearch","interaction":{"idSuffix":"I"}},"clearTextFirst":true,"interactionType":"ENTER_TEXT"}]}
COMMAND: POST /session/db7e8e0bc6cb7545f5479edbe1e25c48/actions - {"actions":[{"id":"action6","type":"key","parameters":{},"actions":[{"type":"keyDown","value":""},{"type":"pause","duration":10},{"type":"keyUp","value":""}]}]}
RESULT: {"actions":[{"id":"action6","type":"key","parameters":{},"actions":[{"type":"keyDown","value":""},{"type":"pause","duration":10},{"type":"keyUp","value":""}]}]}
COMMAND: GET /session/db7e8e0bc6cb7545f5479edbe1e25c48/screenshot - {}
RESULT: {}
COMMAND: POST /session/db7e8e0bc6cb7545f5479edbe1e25c48/elements - {"using":"xpath","value":"//table[contains(@id, \"customPartnersTable-listUl\")]/tbody/tr"}
RESULT: {"using":"xpath","value":"//table[contains(@id, \"customPartnersTable-listUl\")]/tbody/tr"}
COMMAND: POST /session/db7e8e0bc6cb7545f5479edbe1e25c48/element - {"using":"xpath","value":"//table[contains(@id, \"customPartnersTable-listUl\")]/tbody/tr[1]/td[3]/span"}
RESULT: {"using":"xpath","value":"//table[contains(@id, \"customPartnersTable-listUl\")]/tbody/tr[1]/td[3]/span"}
COMMAND: POST /session/db7e8e0bc6cb7545f5479edbe1e25c48/elements - {"using":"xpath","value":"//table[contains(@id, \"customPartnersTable-listUl\")]/tbody/tr[1]/td[3]/span"}
RESULT: {"using":"xpath","value":"//table[contains(@id, \"customPartnersTable-listUl\")]/tbody/tr[1]/td[3]/span"}
COMMAND: POST /session/db7e8e0bc6cb7545f5479edbe1e25c48/execute/sync - {"script":"<script> [56 bytes]","args":[{"element-6066-11e4-a52e-4f735466cecf":"f.A305B2C0A529549F02C3CF63D97C7E2E.d.5C1AEB55E9489C1DCA4686131772AABE.e.2731","ELEMENT":"f.A305B2C0A529549F02C3CF63D97C7E2E.d.5C1AEB55E9489C1DCA4686131772AABE.e.2731"}]}
RESULT: {"script":"<script> [56 bytes]","args":[{"element-6066-11e4-a52e-4f735466cecf":"f.A305B2C0A529549F02C3CF63D97C7E2E.d.5C1AEB55E9489C1DCA4686131772AABE.e.2731","ELEMENT":"f.A305B2C0A529549F02C3CF63D97C7E2E.d.5C1AEB55E9489C1DCA4686131772AABE.e.2731"}]}
COMMAND: POST /session/db7e8e0bc6cb7545f5479edbe1e25c48/element - {"using":"xpath","value":"(//span[contains(@id, \"imgNav\")])[1]"}
COMMAND: GET /session/db7e8e0bc6cb7545f5479edbe1e25c48/screenshot - {}
RESULT: {"using":"xpath","value":"(//span[contains(@id, \"imgNav\")])[1]"}
COMMAND: POST /session/db7e8e0bc6cb7545f5479edbe1e25c48/element/f.A305B2C0A529549F02C3CF63D97C7E2E.d.5C1AEB55E9489C1DCA4686131772AABE.e.2728/click - {}
RESULT: {}
RESULT: {}
COMMAND: GET /session/db7e8e0bc6cb7545f5479edbe1e25c48/screenshot - {}
COMMAND: POST /session/db7e8e0bc6cb7545f5479edbe1e25c48/element - {"using":"xpath","value":"//bdi[contains(text(), \"Edit\")]"}
RESULT: {}
RESULT: {"using":"xpath","value":"//bdi[contains(text(), \"Edit\")]"}
COMMAND: POST /session/db7e8e0bc6cb7545f5479edbe1e25c48/element/f.A305B2C0A529549F02C3CF63D97C7E2E.d.5C1AEB55E9489C1DCA4686131772AABE.e.2872/click - {}
RESULT: {}
COMMAND: GET /session/db7e8e0bc6cb7545f5479edbe1e25c48/screenshot - {}
RESULT: {}
COMMAND: POST /session/db7e8e0bc6cb7545f5479edbe1e25c48/execute/async - {"script":"<script> [1562 bytes]","args":[{"selector":{"controlType":"sap.m.Input","viewName":"etm.portal.ui.managepartners.view.EditDetail","labelFor":{"text":"Name"},"interaction":{"idSuffix":"inner"}},"wdio_ui5_key":"etmportal.ui.managepartners.view.EditDetailsap.m.Input{\"text\":\"Name\"}"}]}
RESULT: {"script":"<script> [1562 bytes]","args":[{"selector":{"controlType":"sap.m.Input","viewName":"etm.portal.ui.managepartners.view.EditDetail","labelFor":{"text":"Name"},"interaction":{"idSuffix":"inner"}},"wdio_ui5_key":"etmportal.ui.managepartners.view.EditDetailsap.m.Input{\"text\":\"Name\"}"}]}
RESULT: undefined
COMMAND: POST /session/db7e8e0bc6cb7545f5479edbe1e25c48/execute/async - {"script":"<script> [776 bytes]","args":[{"enterText":"External EDIT","selector":{"controlType":"sap.m.Input","viewName":"etm.portal.ui.managepartners.view.EditDetail","labelFor":{"text":"Name"},"interaction":{"idSuffix":"inner"}},"clearTextFirst":true,"interactionType":"ENTER_TEXT"}]}
RESULT: {"script":"<script> [776 bytes]","args":[{"enterText":"External EDIT","selector":{"controlType":"sap.m.Input","viewName":"etm.portal.ui.managepartners.view.EditDetail","labelFor":{"text":"Name"},"interaction":{"idSuffix":"inner"}},"clearTextFirst":true,"interactionType":"ENTER_TEXT"}]}
COMMAND: POST /session/db7e8e0bc6cb7545f5479edbe1e25c48/element - {"using":"xpath","value":"(//span[contains(@id,\"addressDetailDetailsLanguage-arrow\")])[1]"}
RESULT: {"using":"xpath","value":"(//span[contains(@id,\"addressDetailDetailsLanguage-arrow\")])[1]"}
COMMAND: POST /session/db7e8e0bc6cb7545f5479edbe1e25c48/element/f.A305B2C0A529549F02C3CF63D97C7E2E.d.5C1AEB55E9489C1DCA4686131772AABE.e.2951/click - {}
RESULT: {}
COMMAND: POST /session/db7e8e0bc6cb7545f5479edbe1e25c48/element - {"using":"xpath","value":"//span[contains(text(), \"Chinese\")]"}
COMMAND: GET /session/db7e8e0bc6cb7545f5479edbe1e25c48/screenshot - {}
RESULT: {"using":"xpath","value":"//span[contains(text(), \"Chinese\")]"}
COMMAND: POST /session/db7e8e0bc6cb7545f5479edbe1e25c48/element/f.A305B2C0A529549F02C3CF63D97C7E2E.d.5C1AEB55E9489C1DCA4686131772AABE.e.2952/click - {}
RESULT: {}
RESULT: {}
COMMAND: GET /session/db7e8e0bc6cb7545f5479edbe1e25c48/screenshot - {}
RESULT: {}
COMMAND: POST /session/db7e8e0bc6cb7545f5479edbe1e25c48/execute/async - {"script":"<script> [1562 bytes]","args":[{"selector":{"controlType":"sap.m.Input","viewName":"etm.portal.ui.managepartners.view.EditDetail","labelFor":{"text":"City"},"interaction":{"idSuffix":"inner"}},"wdio_ui5_key":"etmportal.ui.managepartners.view.EditDetailsap.m.Input{\"text\":\"City\"}"}]}
RESULT: {"script":"<script> [1562 bytes]","args":[{"selector":{"controlType":"sap.m.Input","viewName":"etm.portal.ui.managepartners.view.EditDetail","labelFor":{"text":"City"},"interaction":{"idSuffix":"inner"}},"wdio_ui5_key":"etmportal.ui.managepartners.view.EditDetailsap.m.Input{\"text\":\"City\"}"}]}
RESULT: undefined
COMMAND: POST /session/db7e8e0bc6cb7545f5479edbe1e25c48/execute/async - {"script":"<script> [776 bytes]","args":[{"enterText":"Clooj-Napoca","selector":{"controlType":"sap.m.Input","viewName":"etm.portal.ui.managepartners.view.EditDetail","labelFor":{"text":"City"},"interaction":{"idSuffix":"inner"}},"clearTextFirst":true,"interactionType":"ENTER_TEXT"}]}
RESULT: {"script":"<script> [776 bytes]","args":[{"enterText":"Clooj-Napoca","selector":{"controlType":"sap.m.Input","viewName":"etm.portal.ui.managepartners.view.EditDetail","labelFor":{"text":"City"},"interaction":{"idSuffix":"inner"}},"clearTextFirst":true,"interactionType":"ENTER_TEXT"}]}
COMMAND: POST /session/db7e8e0bc6cb7545f5479edbe1e25c48/element - {"using":"xpath","value":"//button[@data-kt=\"saveButton\"]"}
RESULT: {"using":"xpath","value":"//button[@data-kt=\"saveButton\"]"}
COMMAND: POST /session/db7e8e0bc6cb7545f5479edbe1e25c48/element/f.A305B2C0A529549F02C3CF63D97C7E2E.d.5C1AEB55E9489C1DCA4686131772AABE.e.2934/click - {}
RESULT: {}
COMMAND: GET /session/db7e8e0bc6cb7545f5479edbe1e25c48/screenshot - {}
RESULT: {}
COMMAND: POST /session/db7e8e0bc6cb7545f5479edbe1e25c48/execute/async - {"script":"<script> [1562 bytes]","args":[{"selector":{"id":"application-managepartners-display-component---detailPtm--addressDetailDetailsName1"},"wdio_ui5_key":"applicationmanagepartners-display-component---detailPtm--addressDetailDetailsName1"}]}
RESULT: {"script":"<script> [1562 bytes]","args":[{"selector":{"id":"application-managepartners-display-component---detailPtm--addressDetailDetailsName1"},"wdio_ui5_key":"applicationmanagepartners-display-component---detailPtm--addressDetailDetailsName1"}]}
RESULT: undefined
COMMAND: POST /session/db7e8e0bc6cb7545f5479edbe1e25c48/execute/async - {"script":"<script> [6424 bytes]","args":[{"element-6066-11e4-a52e-4f735466cecf":"f.A305B2C0A529549F02C3CF63D97C7E2E.d.5C1AEB55E9489C1DCA4686131772AABE.e.2983"},"getValue",[]]}
RESULT: {"script":"<script> [6424 bytes]","args":[{"element-6066-11e4-a52e-4f735466cecf":"f.A305B2C0A529549F02C3CF63D97C7E2E.d.5C1AEB55E9489C1DCA4686131772AABE.e.2983"},"getValue",[]]}
COMMAND: POST /session/db7e8e0bc6cb7545f5479edbe1e25c48/element - {"using":"xpath","value":"//input[@id = \"application-managepartners-display-component---detailPtm--addressDetailDetailsLanguage-inner\"]"}
RESULT: {"using":"xpath","value":"//input[@id = \"application-managepartners-display-component---detailPtm--addressDetailDetailsLanguage-inner\"]"}
COMMAND: GET /session/db7e8e0bc6cb7545f5479edbe1e25c48/element/f.A305B2C0A529549F02C3CF63D97C7E2E.d.5C1AEB55E9489C1DCA4686131772AABE.e.2984/property/value - {}
RESULT: {}
COMMAND: POST /session/db7e8e0bc6cb7545f5479edbe1e25c48/execute/async - {"script":"<script> [1562 bytes]","args":[{"selector":{"id":"application-managepartners-display-component---detailPtm--addressDetailDetailsCity1"},"wdio_ui5_key":"applicationmanagepartners-display-component---detailPtm--addressDetailDetailsCity1"}]}
COMMAND: GET /session/db7e8e0bc6cb7545f5479edbe1e25c48/screenshot - {}
RESULT: {"script":"<script> [1562 bytes]","args":[{"selector":{"id":"application-managepartners-display-component---detailPtm--addressDetailDetailsCity1"},"wdio_ui5_key":"applicationmanagepartners-display-component---detailPtm--addressDetailDetailsCity1"}]}
RESULT: undefined
COMMAND: POST /session/db7e8e0bc6cb7545f5479edbe1e25c48/execute/async - {"script":"<script> [6424 bytes]","args":[{"element-6066-11e4-a52e-4f735466cecf":"f.A305B2C0A529549F02C3CF63D97C7E2E.d.5C1AEB55E9489C1DCA4686131772AABE.e.2985"},"getValue",[]]}
RESULT: {}
RESULT: {"script":"<script> [6424 bytes]","args":[{"element-6066-11e4-a52e-4f735466cecf":"f.A305B2C0A529549F02C3CF63D97C7E2E.d.5C1AEB55E9489C1DCA4686131772AABE.e.2985"},"getValue",[]]}
COMMAND: POST /session/db7e8e0bc6cb7545f5479edbe1e25c48/element - {"using":"css selector","value":"#shell-header-logo"}
RESULT: {"using":"css selector","value":"#shell-header-logo"}
COMMAND: POST /session/db7e8e0bc6cb7545f5479edbe1e25c48/element/f.A305B2C0A529549F02C3CF63D97C7E2E.d.5C1AEB55E9489C1DCA4686131772AABE.e.2552/click - {}
RESULT: {}
COMMAND: GET /session/db7e8e0bc6cb7545f5479edbe1e25c48/screenshot - {}
RESULT: {}
]]></system-out>
    </testcase>
    <testcase classname="chrome.135_0_7049_42.windows.Partner_specific_tests_US150819_US151080_US151654_US151176_US103444_US151078_US151079_US151109_US151174_US151175_US151189" name="Should create a new intercompany partner edit some of its fields US151078" time="252.958">
      <system-out><![CDATA[
COMMAND: POST /session/db7e8e0bc6cb7545f5479edbe1e25c48/element - {"using":"xpath","value":"//li[.//span[text()=\"Manage Partners\"]]"}
RESULT: {"using":"xpath","value":"//li[.//span[text()=\"Manage Partners\"]]"}
COMMAND: POST /session/db7e8e0bc6cb7545f5479edbe1e25c48/element - {"using":"xpath","value":"//li[.//span[text()=\"Manage Partners\"]]"}
RESULT: {"using":"xpath","value":"//li[.//span[text()=\"Manage Partners\"]]"}
COMMAND: POST /session/db7e8e0bc6cb7545f5479edbe1e25c48/element - {"using":"css selector","value":"#shell-header-logo"}
RESULT: {"using":"css selector","value":"#shell-header-logo"}
COMMAND: POST /session/db7e8e0bc6cb7545f5479edbe1e25c48/element/f.A305B2C0A529549F02C3CF63D97C7E2E.d.5C1AEB55E9489C1DCA4686131772AABE.e.3015/click - {}
COMMAND: POST /session/db7e8e0bc6cb7545f5479edbe1e25c48/execute/sync - {"script":"<script> [8489 bytes]","args":[{"element-6066-11e4-a52e-4f735466cecf":"f.A305B2C0A529549F02C3CF63D97C7E2E.d.5C1AEB55E9489C1DCA4686131772AABE.e.3015","ELEMENT":"f.A305B2C0A529549F02C3CF63D97C7E2E.d.5C1AEB55E9489C1DCA4686131772AABE.e.3015"}]}
RESULT: {"script":"<script> [8489 bytes]","args":[{"element-6066-11e4-a52e-4f735466cecf":"f.A305B2C0A529549F02C3CF63D97C7E2E.d.5C1AEB55E9489C1DCA4686131772AABE.e.3015","ELEMENT":"f.A305B2C0A529549F02C3CF63D97C7E2E.d.5C1AEB55E9489C1DCA4686131772AABE.e.3015"}]}
COMMAND: POST /session/db7e8e0bc6cb7545f5479edbe1e25c48/execute/sync - {"script":"<script> [5351 bytes]","args":[{"element-6066-11e4-a52e-4f735466cecf":"f.A305B2C0A529549F02C3CF63D97C7E2E.d.5C1AEB55E9489C1DCA4686131772AABE.e.3015","ELEMENT":"f.A305B2C0A529549F02C3CF63D97C7E2E.d.5C1AEB55E9489C1DCA4686131772AABE.e.3015"}]}
COMMAND: GET /session/db7e8e0bc6cb7545f5479edbe1e25c48/screenshot - {}
RESULT: {}
COMMAND: GET /session/db7e8e0bc6cb7545f5479edbe1e25c48/screenshot - {}
RESULT: {"script":"<script> [5351 bytes]","args":[{"element-6066-11e4-a52e-4f735466cecf":"f.A305B2C0A529549F02C3CF63D97C7E2E.d.5C1AEB55E9489C1DCA4686131772AABE.e.3015","ELEMENT":"f.A305B2C0A529549F02C3CF63D97C7E2E.d.5C1AEB55E9489C1DCA4686131772AABE.e.3015"}]}
COMMAND: GET /session/db7e8e0bc6cb7545f5479edbe1e25c48/screenshot - {}
RESULT: {}
RESULT: {}
RESULT: {}
COMMAND: POST /session/db7e8e0bc6cb7545f5479edbe1e25c48/refresh - {}
RESULT: {}
COMMAND: GET /session/db7e8e0bc6cb7545f5479edbe1e25c48/screenshot - {}
RESULT: {}
COMMAND: POST /session/db7e8e0bc6cb7545f5479edbe1e25c48/refresh - {}
RESULT: {}
COMMAND: GET /session/db7e8e0bc6cb7545f5479edbe1e25c48/screenshot - {}
RESULT: {}
COMMAND: POST /session/db7e8e0bc6cb7545f5479edbe1e25c48/window/fullscreen - {}
RESULT: {}
COMMAND: POST /session/db7e8e0bc6cb7545f5479edbe1e25c48/execute/async - {"script":"<script> [189 bytes]","args":[]}
RESULT: {"script":"<script> [189 bytes]","args":[]}
COMMAND: POST /session/db7e8e0bc6cb7545f5479edbe1e25c48/execute/async - {"script":"<script> [123 bytes]","args":[]}
RESULT: {"script":"<script> [123 bytes]","args":[]}
COMMAND: POST /session/db7e8e0bc6cb7545f5479edbe1e25c48/timeouts - {"script":"<number>"}
RESULT: {"script":"<number>"}
COMMAND: GET /session/db7e8e0bc6cb7545f5479edbe1e25c48/timeouts - {}
RESULT: {}
RESULT: undefined
COMMAND: POST /session/db7e8e0bc6cb7545f5479edbe1e25c48/execute/async - {"script":"<script> [2676 bytes]","args":[]}
RESULT: {"script":"<script> [2676 bytes]","args":[]}
COMMAND: POST /session/db7e8e0bc6cb7545f5479edbe1e25c48/execute/async - {"script":"<script> [2342 bytes]","args":[{"protocol":"http","hostname":"0.0.0.0","path":"/","capabilities":{"browserName":"chrome","goog:chromeOptions":{"binary":"C:\\Program Files\\Google\\Chrome\\Application\\chrome.exe","args":["--start-maximized"]}},"logLevel":"warn","connectionRetryTimeout":120000,"connectionRetryCount":3,"logLevels":{},"enableDirectConnect":true,"strictSSL":true,"_":"65 more keys: [\"cacheDir\",\"port\",\"requestedCapabilities\",\"automationProtocol\",\"baseUrl\",\"waitforInterval\",\"waitforTimeout\",\"onReload\",\"beforeCommand\",\"afterCommand\",\"rootDir\",\"specs\",\"suites\",\"exclude\",\"groupLogsByTestSpec\",\"excludeDriverLogs\",\"bail\",\"framework\",\"reporters\",\"services\",\"maxInstances\",\"maxInstancesPerCapability\",\"injectGlobals\",\"filesToWatch\",\"execArgv\",\"runnerEnv\",\"runner\",\"shard\",\"specFileRetries\",\"specFileRetriesDelay\",\"specFileRetriesDeferred\",\"reporterSyncInterval\",\"reporterSyncTimeout\",\"cucumberFeaturesWithLineNumbers\",\"autoCompileOpts\",\"mochaOpts\",\"jasmineOpts\",\"cucumberOpts\",\"onPrepare\",\"onWorkerStart\",\"onWorkerEnd\",\"before\",\"beforeSession\",\"beforeSuite\",\"beforeHook\",\"beforeTest\",\"afterTest\",\"afterHook\",\"afterSuite\",\"afterSession\",\"after\",\"onComplete\",\"beforeAssertion\",\"afterAssertion\",\"beforeFeature\",\"beforeScenario\",\"beforeStep\",\"afterStep\",\"afterScenario\",\"afterFeature\",\"_\",\"suite\",\"$0\",\"ignoredWorkerServices\",\"wdi5\"]"}]}
RESULT: {"script":"<script> [2342 bytes]","args":[{"protocol":"http","hostname":"0.0.0.0","path":"/","capabilities":{"browserName":"chrome","goog:chromeOptions":{"binary":"C:\\Program Files\\Google\\Chrome\\Application\\chrome.exe","args":["--start-maximized"]}},"logLevel":"warn","connectionRetryTimeout":120000,"connectionRetryCount":3,"logLevels":{},"enableDirectConnect":true,"strictSSL":true,"_":"65 more keys: [\"cacheDir\",\"port\",\"requestedCapabilities\",\"automationProtocol\",\"baseUrl\",\"waitforInterval\",\"waitforTimeout\",\"onReload\",\"beforeCommand\",\"afterCommand\",\"rootDir\",\"specs\",\"suites\",\"exclude\",\"groupLogsByTestSpec\",\"excludeDriverLogs\",\"bail\",\"framework\",\"reporters\",\"services\",\"maxInstances\",\"maxInstancesPerCapability\",\"injectGlobals\",\"filesToWatch\",\"execArgv\",\"runnerEnv\",\"runner\",\"shard\",\"specFileRetries\",\"specFileRetriesDelay\",\"specFileRetriesDeferred\",\"reporterSyncInterval\",\"reporterSyncTimeout\",\"cucumberFeaturesWithLineNumbers\",\"autoCompileOpts\",\"mochaOpts\",\"jasmineOpts\",\"cucumberOpts\",\"onPrepare\",\"onWorkerStart\",\"onWorkerEnd\",\"before\",\"beforeSession\",\"beforeSuite\",\"beforeHook\",\"beforeTest\",\"afterTest\",\"afterHook\",\"afterSuite\",\"afterSession\",\"after\",\"onComplete\",\"beforeAssertion\",\"afterAssertion\",\"beforeFeature\",\"beforeScenario\",\"beforeStep\",\"afterStep\",\"afterScenario\",\"afterFeature\",\"_\",\"suite\",\"$0\",\"ignoredWorkerServices\",\"wdi5\"]"}]}
COMMAND: POST /session/db7e8e0bc6cb7545f5479edbe1e25c48/execute/async - {"script":"<script> [21126 bytes]","args":[35000]}
RESULT: {"script":"<script> [21126 bytes]","args":[35000]}
COMMAND: POST /session/db7e8e0bc6cb7545f5479edbe1e25c48/window/fullscreen - {}
RESULT: {}
COMMAND: POST /session/db7e8e0bc6cb7545f5479edbe1e25c48/window/fullscreen - {}
RESULT: {}
COMMAND: POST /session/db7e8e0bc6cb7545f5479edbe1e25c48/execute/async - {"script":"<script> [1562 bytes]","args":[{"selector":{"controlType":"sap.m.GenericTile","properties":{"header":"Manage Partners"}},"wdio_ui5_key":"sapm.GenericTile{\"header\":\"Manage Partners\"}"}]}
RESULT: {"script":"<script> [1562 bytes]","args":[{"selector":{"controlType":"sap.m.GenericTile","properties":{"header":"Manage Partners"}},"wdio_ui5_key":"sapm.GenericTile{\"header\":\"Manage Partners\"}"}]}
RESULT: undefined
COMMAND: POST /session/db7e8e0bc6cb7545f5479edbe1e25c48/element - {"using":"xpath","value":"//*[@id=\"__tile30\"]"}
RESULT: {"using":"xpath","value":"//*[@id=\"__tile30\"]"}
COMMAND: POST /session/db7e8e0bc6cb7545f5479edbe1e25c48/element/f.A305B2C0A529549F02C3CF63D97C7E2E.d.2BF8AF28594BC4C2581A9FFBA047BCF0.e.3127/click - {}
RESULT: {}
COMMAND: POST /session/db7e8e0bc6cb7545f5479edbe1e25c48/element - {"using":"xpath","value":"//button[@data-kt=\"addButton\"]"}
COMMAND: GET /session/db7e8e0bc6cb7545f5479edbe1e25c48/screenshot - {}
RESULT: {"using":"xpath","value":"//button[@data-kt=\"addButton\"]"}
COMMAND: POST /session/db7e8e0bc6cb7545f5479edbe1e25c48/elements - {"using":"xpath","value":"//button[@data-kt=\"addButton\"]"}
RESULT: {}
RESULT: {"using":"xpath","value":"//button[@data-kt=\"addButton\"]"}
COMMAND: POST /session/db7e8e0bc6cb7545f5479edbe1e25c48/elements - {"using":"xpath","value":"//button[@data-kt=\"addButton\"]"}
RESULT: {"using":"xpath","value":"//button[@data-kt=\"addButton\"]"}
COMMAND: POST /session/db7e8e0bc6cb7545f5479edbe1e25c48/elements - {"using":"xpath","value":"//button[@data-kt=\"addButton\"]"}
RESULT: {"using":"xpath","value":"//button[@data-kt=\"addButton\"]"}
COMMAND: POST /session/db7e8e0bc6cb7545f5479edbe1e25c48/elements - {"using":"xpath","value":"//button[@data-kt=\"addButton\"]"}
RESULT: {"using":"xpath","value":"//button[@data-kt=\"addButton\"]"}
COMMAND: POST /session/db7e8e0bc6cb7545f5479edbe1e25c48/elements - {"using":"xpath","value":"//button[@data-kt=\"addButton\"]"}
RESULT: {"using":"xpath","value":"//button[@data-kt=\"addButton\"]"}
COMMAND: POST /session/db7e8e0bc6cb7545f5479edbe1e25c48/elements - {"using":"xpath","value":"//button[@data-kt=\"addButton\"]"}
RESULT: {"using":"xpath","value":"//button[@data-kt=\"addButton\"]"}
COMMAND: POST /session/db7e8e0bc6cb7545f5479edbe1e25c48/elements - {"using":"xpath","value":"//button[@data-kt=\"addButton\"]"}
RESULT: {"using":"xpath","value":"//button[@data-kt=\"addButton\"]"}
COMMAND: POST /session/db7e8e0bc6cb7545f5479edbe1e25c48/elements - {"using":"xpath","value":"//button[@data-kt=\"addButton\"]"}
RESULT: {"using":"xpath","value":"//button[@data-kt=\"addButton\"]"}
COMMAND: POST /session/db7e8e0bc6cb7545f5479edbe1e25c48/elements - {"using":"xpath","value":"//button[@data-kt=\"addButton\"]"}
RESULT: {"using":"xpath","value":"//button[@data-kt=\"addButton\"]"}
COMMAND: POST /session/db7e8e0bc6cb7545f5479edbe1e25c48/elements - {"using":"xpath","value":"//button[@data-kt=\"addButton\"]"}
RESULT: {"using":"xpath","value":"//button[@data-kt=\"addButton\"]"}
COMMAND: POST /session/db7e8e0bc6cb7545f5479edbe1e25c48/elements - {"using":"xpath","value":"//button[@data-kt=\"addButton\"]"}
RESULT: {"using":"xpath","value":"//button[@data-kt=\"addButton\"]"}
COMMAND: POST /session/db7e8e0bc6cb7545f5479edbe1e25c48/elements - {"using":"xpath","value":"//button[@data-kt=\"addButton\"]"}
RESULT: {"using":"xpath","value":"//button[@data-kt=\"addButton\"]"}
COMMAND: POST /session/db7e8e0bc6cb7545f5479edbe1e25c48/elements - {"using":"xpath","value":"//button[@data-kt=\"addButton\"]"}
RESULT: {"using":"xpath","value":"//button[@data-kt=\"addButton\"]"}
COMMAND: POST /session/db7e8e0bc6cb7545f5479edbe1e25c48/elements - {"using":"xpath","value":"//button[@data-kt=\"addButton\"]"}
RESULT: {"using":"xpath","value":"//button[@data-kt=\"addButton\"]"}
COMMAND: POST /session/db7e8e0bc6cb7545f5479edbe1e25c48/elements - {"using":"xpath","value":"//button[@data-kt=\"addButton\"]"}
RESULT: {"using":"xpath","value":"//button[@data-kt=\"addButton\"]"}
COMMAND: POST /session/db7e8e0bc6cb7545f5479edbe1e25c48/elements - {"using":"xpath","value":"//button[@data-kt=\"addButton\"]"}
RESULT: {"using":"xpath","value":"//button[@data-kt=\"addButton\"]"}
COMMAND: POST /session/db7e8e0bc6cb7545f5479edbe1e25c48/elements - {"using":"xpath","value":"//button[@data-kt=\"addButton\"]"}
RESULT: {"using":"xpath","value":"//button[@data-kt=\"addButton\"]"}
COMMAND: POST /session/db7e8e0bc6cb7545f5479edbe1e25c48/elements - {"using":"xpath","value":"//button[@data-kt=\"addButton\"]"}
RESULT: {"using":"xpath","value":"//button[@data-kt=\"addButton\"]"}
COMMAND: POST /session/db7e8e0bc6cb7545f5479edbe1e25c48/elements - {"using":"xpath","value":"//button[@data-kt=\"addButton\"]"}
RESULT: {"using":"xpath","value":"//button[@data-kt=\"addButton\"]"}
COMMAND: POST /session/db7e8e0bc6cb7545f5479edbe1e25c48/elements - {"using":"xpath","value":"//button[@data-kt=\"addButton\"]"}
RESULT: {"using":"xpath","value":"//button[@data-kt=\"addButton\"]"}
COMMAND: POST /session/db7e8e0bc6cb7545f5479edbe1e25c48/elements - {"using":"xpath","value":"//button[@data-kt=\"addButton\"]"}
RESULT: {"using":"xpath","value":"//button[@data-kt=\"addButton\"]"}
COMMAND: POST /session/db7e8e0bc6cb7545f5479edbe1e25c48/elements - {"using":"xpath","value":"//button[@data-kt=\"addButton\"]"}
RESULT: {"using":"xpath","value":"//button[@data-kt=\"addButton\"]"}
COMMAND: POST /session/db7e8e0bc6cb7545f5479edbe1e25c48/elements - {"using":"xpath","value":"//button[@data-kt=\"addButton\"]"}
RESULT: {"using":"xpath","value":"//button[@data-kt=\"addButton\"]"}
COMMAND: POST /session/db7e8e0bc6cb7545f5479edbe1e25c48/elements - {"using":"xpath","value":"//button[@data-kt=\"addButton\"]"}
RESULT: {"using":"xpath","value":"//button[@data-kt=\"addButton\"]"}
COMMAND: POST /session/db7e8e0bc6cb7545f5479edbe1e25c48/elements - {"using":"xpath","value":"//button[@data-kt=\"addButton\"]"}
RESULT: {"using":"xpath","value":"//button[@data-kt=\"addButton\"]"}
COMMAND: POST /session/db7e8e0bc6cb7545f5479edbe1e25c48/elements - {"using":"xpath","value":"//button[@data-kt=\"addButton\"]"}
RESULT: {"using":"xpath","value":"//button[@data-kt=\"addButton\"]"}
COMMAND: POST /session/db7e8e0bc6cb7545f5479edbe1e25c48/elements - {"using":"xpath","value":"//button[@data-kt=\"addButton\"]"}
RESULT: {"using":"xpath","value":"//button[@data-kt=\"addButton\"]"}
COMMAND: POST /session/db7e8e0bc6cb7545f5479edbe1e25c48/elements - {"using":"xpath","value":"//button[@data-kt=\"addButton\"]"}
RESULT: {"using":"xpath","value":"//button[@data-kt=\"addButton\"]"}
COMMAND: POST /session/db7e8e0bc6cb7545f5479edbe1e25c48/elements - {"using":"xpath","value":"//button[@data-kt=\"addButton\"]"}
RESULT: {"using":"xpath","value":"//button[@data-kt=\"addButton\"]"}
COMMAND: POST /session/db7e8e0bc6cb7545f5479edbe1e25c48/elements - {"using":"xpath","value":"//button[@data-kt=\"addButton\"]"}
RESULT: {"using":"xpath","value":"//button[@data-kt=\"addButton\"]"}
COMMAND: POST /session/db7e8e0bc6cb7545f5479edbe1e25c48/elements - {"using":"xpath","value":"//button[@data-kt=\"addButton\"]"}
RESULT: {"using":"xpath","value":"//button[@data-kt=\"addButton\"]"}
COMMAND: POST /session/db7e8e0bc6cb7545f5479edbe1e25c48/elements - {"using":"xpath","value":"//button[@data-kt=\"addButton\"]"}
RESULT: {"using":"xpath","value":"//button[@data-kt=\"addButton\"]"}
COMMAND: POST /session/db7e8e0bc6cb7545f5479edbe1e25c48/elements - {"using":"xpath","value":"//button[@data-kt=\"addButton\"]"}
RESULT: {"using":"xpath","value":"//button[@data-kt=\"addButton\"]"}
COMMAND: POST /session/db7e8e0bc6cb7545f5479edbe1e25c48/elements - {"using":"xpath","value":"//button[@data-kt=\"addButton\"]"}
RESULT: {"using":"xpath","value":"//button[@data-kt=\"addButton\"]"}
COMMAND: POST /session/db7e8e0bc6cb7545f5479edbe1e25c48/elements - {"using":"xpath","value":"//button[@data-kt=\"addButton\"]"}
RESULT: {"using":"xpath","value":"//button[@data-kt=\"addButton\"]"}
COMMAND: POST /session/db7e8e0bc6cb7545f5479edbe1e25c48/elements - {"using":"xpath","value":"//button[@data-kt=\"addButton\"]"}
RESULT: {"using":"xpath","value":"//button[@data-kt=\"addButton\"]"}
COMMAND: POST /session/db7e8e0bc6cb7545f5479edbe1e25c48/elements - {"using":"xpath","value":"//button[@data-kt=\"addButton\"]"}
RESULT: {"using":"xpath","value":"//button[@data-kt=\"addButton\"]"}
COMMAND: POST /session/db7e8e0bc6cb7545f5479edbe1e25c48/elements - {"using":"xpath","value":"//button[@data-kt=\"addButton\"]"}
RESULT: {"using":"xpath","value":"//button[@data-kt=\"addButton\"]"}
COMMAND: POST /session/db7e8e0bc6cb7545f5479edbe1e25c48/elements - {"using":"xpath","value":"//button[@data-kt=\"addButton\"]"}
RESULT: {"using":"xpath","value":"//button[@data-kt=\"addButton\"]"}
COMMAND: POST /session/db7e8e0bc6cb7545f5479edbe1e25c48/elements - {"using":"xpath","value":"//button[@data-kt=\"addButton\"]"}
RESULT: {"using":"xpath","value":"//button[@data-kt=\"addButton\"]"}
COMMAND: POST /session/db7e8e0bc6cb7545f5479edbe1e25c48/elements - {"using":"xpath","value":"//button[@data-kt=\"addButton\"]"}
RESULT: {"using":"xpath","value":"//button[@data-kt=\"addButton\"]"}
COMMAND: POST /session/db7e8e0bc6cb7545f5479edbe1e25c48/elements - {"using":"xpath","value":"//button[@data-kt=\"addButton\"]"}
RESULT: {"using":"xpath","value":"//button[@data-kt=\"addButton\"]"}
COMMAND: POST /session/db7e8e0bc6cb7545f5479edbe1e25c48/elements - {"using":"xpath","value":"//button[@data-kt=\"addButton\"]"}
RESULT: {"using":"xpath","value":"//button[@data-kt=\"addButton\"]"}
COMMAND: POST /session/db7e8e0bc6cb7545f5479edbe1e25c48/elements - {"using":"xpath","value":"//button[@data-kt=\"addButton\"]"}
RESULT: {"using":"xpath","value":"//button[@data-kt=\"addButton\"]"}
COMMAND: POST /session/db7e8e0bc6cb7545f5479edbe1e25c48/element - {"using":"xpath","value":"//button[@data-kt=\"addButton\"]"}
RESULT: {"using":"xpath","value":"//button[@data-kt=\"addButton\"]"}
COMMAND: POST /session/db7e8e0bc6cb7545f5479edbe1e25c48/execute/sync - {"script":"<script> [8489 bytes]","args":[{"element-6066-11e4-a52e-4f735466cecf":"f.A305B2C0A529549F02C3CF63D97C7E2E.d.2BF8AF28594BC4C2581A9FFBA047BCF0.e.3242","ELEMENT":"f.A305B2C0A529549F02C3CF63D97C7E2E.d.2BF8AF28594BC4C2581A9FFBA047BCF0.e.3242"}]}
RESULT: {"script":"<script> [8489 bytes]","args":[{"element-6066-11e4-a52e-4f735466cecf":"f.A305B2C0A529549F02C3CF63D97C7E2E.d.2BF8AF28594BC4C2581A9FFBA047BCF0.e.3242","ELEMENT":"f.A305B2C0A529549F02C3CF63D97C7E2E.d.2BF8AF28594BC4C2581A9FFBA047BCF0.e.3242"}]}
COMMAND: GET /session/db7e8e0bc6cb7545f5479edbe1e25c48/element/f.A305B2C0A529549F02C3CF63D97C7E2E.d.2BF8AF28594BC4C2581A9FFBA047BCF0.e.3242/enabled - {}
COMMAND: GET /session/db7e8e0bc6cb7545f5479edbe1e25c48/screenshot - {}
RESULT: {}
COMMAND: POST /session/db7e8e0bc6cb7545f5479edbe1e25c48/execute/sync - {"script":"<script> [8489 bytes]","args":[{"element-6066-11e4-a52e-4f735466cecf":"f.A305B2C0A529549F02C3CF63D97C7E2E.d.2BF8AF28594BC4C2581A9FFBA047BCF0.e.3242","ELEMENT":"f.A305B2C0A529549F02C3CF63D97C7E2E.d.2BF8AF28594BC4C2581A9FFBA047BCF0.e.3242"}]}
COMMAND: GET /session/db7e8e0bc6cb7545f5479edbe1e25c48/screenshot - {}
RESULT: {}
RESULT: {"script":"<script> [8489 bytes]","args":[{"element-6066-11e4-a52e-4f735466cecf":"f.A305B2C0A529549F02C3CF63D97C7E2E.d.2BF8AF28594BC4C2581A9FFBA047BCF0.e.3242","ELEMENT":"f.A305B2C0A529549F02C3CF63D97C7E2E.d.2BF8AF28594BC4C2581A9FFBA047BCF0.e.3242"}]}
COMMAND: POST /session/db7e8e0bc6cb7545f5479edbe1e25c48/execute/sync - {"script":"<script> [5351 bytes]","args":[{"element-6066-11e4-a52e-4f735466cecf":"f.A305B2C0A529549F02C3CF63D97C7E2E.d.2BF8AF28594BC4C2581A9FFBA047BCF0.e.3242","ELEMENT":"f.A305B2C0A529549F02C3CF63D97C7E2E.d.2BF8AF28594BC4C2581A9FFBA047BCF0.e.3242"}]}
COMMAND: GET /session/db7e8e0bc6cb7545f5479edbe1e25c48/screenshot - {}
RESULT: {}
RESULT: {"script":"<script> [5351 bytes]","args":[{"element-6066-11e4-a52e-4f735466cecf":"f.A305B2C0A529549F02C3CF63D97C7E2E.d.2BF8AF28594BC4C2581A9FFBA047BCF0.e.3242","ELEMENT":"f.A305B2C0A529549F02C3CF63D97C7E2E.d.2BF8AF28594BC4C2581A9FFBA047BCF0.e.3242"}]}
COMMAND: POST /session/db7e8e0bc6cb7545f5479edbe1e25c48/element/f.A305B2C0A529549F02C3CF63D97C7E2E.d.2BF8AF28594BC4C2581A9FFBA047BCF0.e.3242/click - {}
COMMAND: GET /session/db7e8e0bc6cb7545f5479edbe1e25c48/screenshot - {}
RESULT: {}
RESULT: {}
COMMAND: GET /session/db7e8e0bc6cb7545f5479edbe1e25c48/screenshot - {}
RESULT: {}
COMMAND: POST /session/db7e8e0bc6cb7545f5479edbe1e25c48/execute/async - {"script":"<script> [1562 bytes]","args":[{"selector":{"id":"application-managepartners-display-component---NewPartner--addressDetailDetailsName1","interaction":{"idSuffix":"inner"}},"wdio_ui5_key":"applicationmanagepartners-display-component---NewPartner--addressDetailDetailsName1"}]}
RESULT: {}
RESULT: {"script":"<script> [1562 bytes]","args":[{"selector":{"id":"application-managepartners-display-component---NewPartner--addressDetailDetailsName1","interaction":{"idSuffix":"inner"}},"wdio_ui5_key":"applicationmanagepartners-display-component---NewPartner--addressDetailDetailsName1"}]}
RESULT: undefined
COMMAND: POST /session/db7e8e0bc6cb7545f5479edbe1e25c48/execute/async - {"script":"<script> [776 bytes]","args":[{"enterText":"Intercompany Partner WDIO","selector":{"id":"application-managepartners-display-component---NewPartner--addressDetailDetailsName1","interaction":{"idSuffix":"inner"}},"clearTextFirst":true,"interactionType":"ENTER_TEXT"}]}
RESULT: {"script":"<script> [776 bytes]","args":[{"enterText":"Intercompany Partner WDIO","selector":{"id":"application-managepartners-display-component---NewPartner--addressDetailDetailsName1","interaction":{"idSuffix":"inner"}},"clearTextFirst":true,"interactionType":"ENTER_TEXT"}]}
COMMAND: POST /session/db7e8e0bc6cb7545f5479edbe1e25c48/execute/async - {"script":"<script> [1562 bytes]","args":[{"selector":{"id":"application-managepartners-display-component---NewPartner--addressDetailDetailsLanguage-arrow"},"wdio_ui5_key":"applicationmanagepartners-display-component---NewPartner--addressDetailDetailsLanguage-arrow"}]}
RESULT: {"script":"<script> [1562 bytes]","args":[{"selector":{"id":"application-managepartners-display-component---NewPartner--addressDetailDetailsLanguage-arrow"},"wdio_ui5_key":"applicationmanagepartners-display-component---NewPartner--addressDetailDetailsLanguage-arrow"}]}
RESULT: undefined
COMMAND: POST /session/db7e8e0bc6cb7545f5479edbe1e25c48/element - {"using":"xpath","value":"//*[@id=\"application-managepartners-display-component---NewPartner--addressDetailDetailsLanguage-arrow\"]"}
RESULT: {"using":"xpath","value":"//*[@id=\"application-managepartners-display-component---NewPartner--addressDetailDetailsLanguage-arrow\"]"}
COMMAND: POST /session/db7e8e0bc6cb7545f5479edbe1e25c48/element/f.A305B2C0A529549F02C3CF63D97C7E2E.d.2BF8AF28594BC4C2581A9FFBA047BCF0.e.3590/click - {}
RESULT: {}
COMMAND: POST /session/db7e8e0bc6cb7545f5479edbe1e25c48/element - {"using":"xpath","value":"//span[contains(text(), \"English\")]"}
COMMAND: GET /session/db7e8e0bc6cb7545f5479edbe1e25c48/screenshot - {}
RESULT: {"using":"xpath","value":"//span[contains(text(), \"English\")]"}
COMMAND: POST /session/db7e8e0bc6cb7545f5479edbe1e25c48/element/f.A305B2C0A529549F02C3CF63D97C7E2E.d.2BF8AF28594BC4C2581A9FFBA047BCF0.e.3591/click - {}
RESULT: {}
RESULT: {}
COMMAND: GET /session/db7e8e0bc6cb7545f5479edbe1e25c48/screenshot - {}
RESULT: {}
COMMAND: POST /session/db7e8e0bc6cb7545f5479edbe1e25c48/execute/async - {"script":"<script> [1562 bytes]","args":[{"selector":{"id":"application-managepartners-display-component---NewPartner--addressDetailDetailsCity1","interaction":{"idSuffix":"inner"}},"wdio_ui5_key":"applicationmanagepartners-display-component---NewPartner--addressDetailDetailsCity1"}]}
RESULT: {"script":"<script> [1562 bytes]","args":[{"selector":{"id":"application-managepartners-display-component---NewPartner--addressDetailDetailsCity1","interaction":{"idSuffix":"inner"}},"wdio_ui5_key":"applicationmanagepartners-display-component---NewPartner--addressDetailDetailsCity1"}]}
RESULT: undefined
COMMAND: POST /session/db7e8e0bc6cb7545f5479edbe1e25c48/execute/async - {"script":"<script> [776 bytes]","args":[{"enterText":"Rosario","selector":{"id":"application-managepartners-display-component---NewPartner--addressDetailDetailsCity1","interaction":{"idSuffix":"inner"}},"clearTextFirst":true,"interactionType":"ENTER_TEXT"}]}
RESULT: {"script":"<script> [776 bytes]","args":[{"enterText":"Rosario","selector":{"id":"application-managepartners-display-component---NewPartner--addressDetailDetailsCity1","interaction":{"idSuffix":"inner"}},"clearTextFirst":true,"interactionType":"ENTER_TEXT"}]}
COMMAND: POST /session/db7e8e0bc6cb7545f5479edbe1e25c48/execute/async - {"script":"<script> [1562 bytes]","args":[{"selector":{"id":"application-managepartners-display-component---NewPartner--addressDetailDetailsCountry-arrow"},"wdio_ui5_key":"applicationmanagepartners-display-component---NewPartner--addressDetailDetailsCountry-arrow"}]}
RESULT: {"script":"<script> [1562 bytes]","args":[{"selector":{"id":"application-managepartners-display-component---NewPartner--addressDetailDetailsCountry-arrow"},"wdio_ui5_key":"applicationmanagepartners-display-component---NewPartner--addressDetailDetailsCountry-arrow"}]}
RESULT: undefined
COMMAND: POST /session/db7e8e0bc6cb7545f5479edbe1e25c48/element - {"using":"xpath","value":"//*[@id=\"application-managepartners-display-component---NewPartner--addressDetailDetailsCountry-arrow\"]"}
RESULT: {"using":"xpath","value":"//*[@id=\"application-managepartners-display-component---NewPartner--addressDetailDetailsCountry-arrow\"]"}
COMMAND: POST /session/db7e8e0bc6cb7545f5479edbe1e25c48/element/f.A305B2C0A529549F02C3CF63D97C7E2E.d.2BF8AF28594BC4C2581A9FFBA047BCF0.e.3545/click - {}
RESULT: {}
COMMAND: POST /session/db7e8e0bc6cb7545f5479edbe1e25c48/element - {"using":"xpath","value":"//span[contains(text(), \"Argentina\")]"}
COMMAND: GET /session/db7e8e0bc6cb7545f5479edbe1e25c48/screenshot - {}
RESULT: {"using":"xpath","value":"//span[contains(text(), \"Argentina\")]"}
COMMAND: POST /session/db7e8e0bc6cb7545f5479edbe1e25c48/element/f.A305B2C0A529549F02C3CF63D97C7E2E.d.2BF8AF28594BC4C2581A9FFBA047BCF0.e.3593/click - {}
RESULT: {}
RESULT: {}
COMMAND: GET /session/db7e8e0bc6cb7545f5479edbe1e25c48/screenshot - {}
RESULT: {}
COMMAND: POST /session/db7e8e0bc6cb7545f5479edbe1e25c48/element - {"using":"xpath","value":"//bdi[contains(text(), \"Commercial\")]"}
RESULT: {"using":"xpath","value":"//bdi[contains(text(), \"Commercial\")]"}
COMMAND: POST /session/db7e8e0bc6cb7545f5479edbe1e25c48/element/f.A305B2C0A529549F02C3CF63D97C7E2E.d.2BF8AF28594BC4C2581A9FFBA047BCF0.e.3594/click - {}
RESULT: {}
COMMAND: GET /session/db7e8e0bc6cb7545f5479edbe1e25c48/screenshot - {}
RESULT: {}
COMMAND: POST /session/db7e8e0bc6cb7545f5479edbe1e25c48/execute/async - {"script":"<script> [1562 bytes]","args":[{"selector":{"id":"application-managepartners-display-component---NewPartner--partnerDetailInternal-arrow"},"wdio_ui5_key":"applicationmanagepartners-display-component---NewPartner--partnerDetailInternal-arrow"}]}
RESULT: {"script":"<script> [1562 bytes]","args":[{"selector":{"id":"application-managepartners-display-component---NewPartner--partnerDetailInternal-arrow"},"wdio_ui5_key":"applicationmanagepartners-display-component---NewPartner--partnerDetailInternal-arrow"}]}
RESULT: undefined
COMMAND: POST /session/db7e8e0bc6cb7545f5479edbe1e25c48/element - {"using":"xpath","value":"//*[@id=\"application-managepartners-display-component---NewPartner--partnerDetailInternal-arrow\"]"}
RESULT: {"using":"xpath","value":"//*[@id=\"application-managepartners-display-component---NewPartner--partnerDetailInternal-arrow\"]"}
COMMAND: POST /session/db7e8e0bc6cb7545f5479edbe1e25c48/element/f.A305B2C0A529549F02C3CF63D97C7E2E.d.2BF8AF28594BC4C2581A9FFBA047BCF0.e.3600/click - {}
RESULT: {}
COMMAND: POST /session/db7e8e0bc6cb7545f5479edbe1e25c48/element - {"using":"xpath","value":"//span[contains(text(), \"Affiliated company\")]"}
COMMAND: GET /session/db7e8e0bc6cb7545f5479edbe1e25c48/screenshot - {}
RESULT: {"using":"xpath","value":"//span[contains(text(), \"Affiliated company\")]"}
COMMAND: POST /session/db7e8e0bc6cb7545f5479edbe1e25c48/element/f.A305B2C0A529549F02C3CF63D97C7E2E.d.2BF8AF28594BC4C2581A9FFBA047BCF0.e.3601/click - {}
RESULT: {}
RESULT: {}
COMMAND: POST /session/db7e8e0bc6cb7545f5479edbe1e25c48/execute/async - {"script":"<script> [1562 bytes]","args":[{"selector":{"id":"application-managepartners-display-component---NewPartner--partnerDetailsCurrency-arrow"},"wdio_ui5_key":"applicationmanagepartners-display-component---NewPartner--partnerDetailsCurrency-arrow"}]}
COMMAND: GET /session/db7e8e0bc6cb7545f5479edbe1e25c48/screenshot - {}
RESULT: {"script":"<script> [1562 bytes]","args":[{"selector":{"id":"application-managepartners-display-component---NewPartner--partnerDetailsCurrency-arrow"},"wdio_ui5_key":"applicationmanagepartners-display-component---NewPartner--partnerDetailsCurrency-arrow"}]}
RESULT: undefined
COMMAND: POST /session/db7e8e0bc6cb7545f5479edbe1e25c48/element - {"using":"xpath","value":"//*[@id=\"application-managepartners-display-component---NewPartner--partnerDetailsCurrency-arrow\"]"}
RESULT: {}
RESULT: {"using":"xpath","value":"//*[@id=\"application-managepartners-display-component---NewPartner--partnerDetailsCurrency-arrow\"]"}
COMMAND: POST /session/db7e8e0bc6cb7545f5479edbe1e25c48/element/f.A305B2C0A529549F02C3CF63D97C7E2E.d.2BF8AF28594BC4C2581A9FFBA047BCF0.e.3608/click - {}
RESULT: {}
COMMAND: POST /session/db7e8e0bc6cb7545f5479edbe1e25c48/element - {"using":"xpath","value":"//span[contains(text(), \"Euro\")]"}
COMMAND: GET /session/db7e8e0bc6cb7545f5479edbe1e25c48/screenshot - {}
RESULT: {"using":"xpath","value":"//span[contains(text(), \"Euro\")]"}
COMMAND: POST /session/db7e8e0bc6cb7545f5479edbe1e25c48/element/f.A305B2C0A529549F02C3CF63D97C7E2E.d.2BF8AF28594BC4C2581A9FFBA047BCF0.e.3609/click - {}
RESULT: {}
RESULT: {}
COMMAND: POST /session/db7e8e0bc6cb7545f5479edbe1e25c48/execute/async - {"script":"<script> [1562 bytes]","args":[{"selector":{"id":"application-managepartners-display-component---NewPartner--addressEditDetailsCostObjectCstType-arrow"},"wdio_ui5_key":"applicationmanagepartners-display-component---NewPartner--addressEditDetailsCostObjectCstType-arrow"}]}
COMMAND: GET /session/db7e8e0bc6cb7545f5479edbe1e25c48/screenshot - {}
RESULT: {"script":"<script> [1562 bytes]","args":[{"selector":{"id":"application-managepartners-display-component---NewPartner--addressEditDetailsCostObjectCstType-arrow"},"wdio_ui5_key":"applicationmanagepartners-display-component---NewPartner--addressEditDetailsCostObjectCstType-arrow"}]}
RESULT: undefined
COMMAND: POST /session/db7e8e0bc6cb7545f5479edbe1e25c48/element - {"using":"xpath","value":"//*[@id=\"application-managepartners-display-component---NewPartner--addressEditDetailsCostObjectCstType-arrow\"]"}
RESULT: {}
RESULT: {"using":"xpath","value":"//*[@id=\"application-managepartners-display-component---NewPartner--addressEditDetailsCostObjectCstType-arrow\"]"}
COMMAND: POST /session/db7e8e0bc6cb7545f5479edbe1e25c48/element/f.A305B2C0A529549F02C3CF63D97C7E2E.d.2BF8AF28594BC4C2581A9FFBA047BCF0.e.3610/click - {}
RESULT: {}
COMMAND: POST /session/db7e8e0bc6cb7545f5479edbe1e25c48/element - {"using":"xpath","value":"//span[contains(text(), \"Cost Center\")]"}
COMMAND: GET /session/db7e8e0bc6cb7545f5479edbe1e25c48/screenshot - {}
RESULT: {"using":"xpath","value":"//span[contains(text(), \"Cost Center\")]"}
COMMAND: POST /session/db7e8e0bc6cb7545f5479edbe1e25c48/element/f.A305B2C0A529549F02C3CF63D97C7E2E.d.2BF8AF28594BC4C2581A9FFBA047BCF0.e.3611/click - {}
RESULT: {}
RESULT: {}
COMMAND: GET /session/db7e8e0bc6cb7545f5479edbe1e25c48/screenshot - {}
RESULT: {}
COMMAND: POST /session/db7e8e0bc6cb7545f5479edbe1e25c48/element - {"using":"xpath","value":"//span[@id=\"application-managepartners-display-component---NewPartner--addressNewCostObjectCstID-vhi\"]"}
RESULT: {"using":"xpath","value":"//span[@id=\"application-managepartners-display-component---NewPartner--addressNewCostObjectCstID-vhi\"]"}
COMMAND: POST /session/db7e8e0bc6cb7545f5479edbe1e25c48/execute/sync - {"script":"<script> [8489 bytes]","args":[{"element-6066-11e4-a52e-4f735466cecf":"f.A305B2C0A529549F02C3CF63D97C7E2E.d.2BF8AF28594BC4C2581A9FFBA047BCF0.e.3614","ELEMENT":"f.A305B2C0A529549F02C3CF63D97C7E2E.d.2BF8AF28594BC4C2581A9FFBA047BCF0.e.3614"}]}
RESULT: {"script":"<script> [8489 bytes]","args":[{"element-6066-11e4-a52e-4f735466cecf":"f.A305B2C0A529549F02C3CF63D97C7E2E.d.2BF8AF28594BC4C2581A9FFBA047BCF0.e.3614","ELEMENT":"f.A305B2C0A529549F02C3CF63D97C7E2E.d.2BF8AF28594BC4C2581A9FFBA047BCF0.e.3614"}]}
COMMAND: POST /session/db7e8e0bc6cb7545f5479edbe1e25c48/execute/async - {"script":"<script> [1562 bytes]","args":[{"selector":{"id":"application-managepartners-display-component---NewPartner--addressNewCostObjectCstID-vhi"},"wdio_ui5_key":"applicationmanagepartners-display-component---NewPartner--addressNewCostObjectCstID-vhi"}]}
COMMAND: GET /session/db7e8e0bc6cb7545f5479edbe1e25c48/screenshot - {}
RESULT: {"script":"<script> [1562 bytes]","args":[{"selector":{"id":"application-managepartners-display-component---NewPartner--addressNewCostObjectCstID-vhi"},"wdio_ui5_key":"applicationmanagepartners-display-component---NewPartner--addressNewCostObjectCstID-vhi"}]}
RESULT: undefined
COMMAND: POST /session/db7e8e0bc6cb7545f5479edbe1e25c48/element - {"using":"xpath","value":"//*[@id=\"application-managepartners-display-component---NewPartner--addressNewCostObjectCstID-vhi\"]"}
RESULT: {}
RESULT: {"using":"xpath","value":"//*[@id=\"application-managepartners-display-component---NewPartner--addressNewCostObjectCstID-vhi\"]"}
COMMAND: POST /session/db7e8e0bc6cb7545f5479edbe1e25c48/element/f.A305B2C0A529549F02C3CF63D97C7E2E.d.2BF8AF28594BC4C2581A9FFBA047BCF0.e.3614/click - {}
RESULT: {}
COMMAND: GET /session/db7e8e0bc6cb7545f5479edbe1e25c48/screenshot - {}
RESULT: {}
COMMAND: POST /session/db7e8e0bc6cb7545f5479edbe1e25c48/execute/async - {"script":"<script> [1562 bytes]","args":[{"selector":{"controlType":"sap.m.SearchField","properties":{"placeholder":"Search"},"searchOpenDialogs":true,"interaction":{"idSuffix":"I"}},"wdio_ui5_key":"sapm.SearchField{\"placeholder\":\"Search\"}"}]}
RESULT: {"script":"<script> [1562 bytes]","args":[{"selector":{"controlType":"sap.m.SearchField","properties":{"placeholder":"Search"},"searchOpenDialogs":true,"interaction":{"idSuffix":"I"}},"wdio_ui5_key":"sapm.SearchField{\"placeholder\":\"Search\"}"}]}
RESULT: undefined
COMMAND: POST /session/db7e8e0bc6cb7545f5479edbe1e25c48/execute/async - {"script":"<script> [776 bytes]","args":[{"enterText":"10001013","selector":{"controlType":"sap.m.SearchField","properties":{"placeholder":"Search"},"searchOpenDialogs":true,"interaction":{"idSuffix":"I"}},"clearTextFirst":true,"interactionType":"ENTER_TEXT"}]}
RESULT: {"script":"<script> [776 bytes]","args":[{"enterText":"10001013","selector":{"controlType":"sap.m.SearchField","properties":{"placeholder":"Search"},"searchOpenDialogs":true,"interaction":{"idSuffix":"I"}},"clearTextFirst":true,"interactionType":"ENTER_TEXT"}]}
COMMAND: POST /session/db7e8e0bc6cb7545f5479edbe1e25c48/actions - {"actions":[{"id":"action7","type":"key","parameters":{},"actions":[{"type":"keyDown","value":""},{"type":"pause","duration":10},{"type":"keyUp","value":""}]}]}
RESULT: {"actions":[{"id":"action7","type":"key","parameters":{},"actions":[{"type":"keyDown","value":""},{"type":"pause","duration":10},{"type":"keyUp","value":""}]}]}
COMMAND: GET /session/db7e8e0bc6cb7545f5479edbe1e25c48/screenshot - {}
RESULT: {}
COMMAND: POST /session/db7e8e0bc6cb7545f5479edbe1e25c48/element - {"using":"xpath","value":"//span[contains(text(), \"General Management\")]"}
RESULT: {"using":"xpath","value":"//span[contains(text(), \"General Management\")]"}
COMMAND: POST /session/db7e8e0bc6cb7545f5479edbe1e25c48/element/f.A305B2C0A529549F02C3CF63D97C7E2E.d.2BF8AF28594BC4C2581A9FFBA047BCF0.e.3624/click - {}
RESULT: {}
COMMAND: GET /session/db7e8e0bc6cb7545f5479edbe1e25c48/screenshot - {}
RESULT: {}
COMMAND: POST /session/db7e8e0bc6cb7545f5479edbe1e25c48/element - {"using":"xpath","value":"//bdi[contains(text(), \"OK\")]"}
RESULT: {"using":"xpath","value":"//bdi[contains(text(), \"OK\")]"}
COMMAND: POST /session/db7e8e0bc6cb7545f5479edbe1e25c48/element/f.A305B2C0A529549F02C3CF63D97C7E2E.d.2BF8AF28594BC4C2581A9FFBA047BCF0.e.3626/click - {}
RESULT: {}
COMMAND: GET /session/db7e8e0bc6cb7545f5479edbe1e25c48/screenshot - {}
RESULT: {}
COMMAND: POST /session/db7e8e0bc6cb7545f5479edbe1e25c48/element - {"using":"xpath","value":"//input[@id=\"application-managepartners-display-component---NewPartner--companyCodeComboBox-inner\"]"}
RESULT: {"using":"xpath","value":"//input[@id=\"application-managepartners-display-component---NewPartner--companyCodeComboBox-inner\"]"}
COMMAND: POST /session/db7e8e0bc6cb7545f5479edbe1e25c48/element/f.A305B2C0A529549F02C3CF63D97C7E2E.d.2BF8AF28594BC4C2581A9FFBA047BCF0.e.3421/clear - {}
RESULT: {}
COMMAND: POST /session/db7e8e0bc6cb7545f5479edbe1e25c48/element/f.A305B2C0A529549F02C3CF63D97C7E2E.d.2BF8AF28594BC4C2581A9FFBA047BCF0.e.3421/value - {"text":"C002"}
COMMAND: GET /session/db7e8e0bc6cb7545f5479edbe1e25c48/screenshot - {}
RESULT: {"text":"C002"}
COMMAND: GET /session/db7e8e0bc6cb7545f5479edbe1e25c48/screenshot - {}
RESULT: {}
RESULT: {}
COMMAND: POST /session/db7e8e0bc6cb7545f5479edbe1e25c48/element - {"using":"xpath","value":"//span[contains(text(), \"C002\")]"}
RESULT: {"using":"xpath","value":"//span[contains(text(), \"C002\")]"}
COMMAND: POST /session/db7e8e0bc6cb7545f5479edbe1e25c48/element/f.A305B2C0A529549F02C3CF63D97C7E2E.d.2BF8AF28594BC4C2581A9FFBA047BCF0.e.3632/click - {}
RESULT: {}
COMMAND: GET /session/db7e8e0bc6cb7545f5479edbe1e25c48/screenshot - {}
RESULT: {}
COMMAND: POST /session/db7e8e0bc6cb7545f5479edbe1e25c48/execute/async - {"script":"<script> [1562 bytes]","args":[{"selector":{"id":"application-managepartners-display-component---NewPartner--btnAddTableRow-img"},"wdio_ui5_key":"applicationmanagepartners-display-component---NewPartner--btnAddTableRow-img"}]}
RESULT: {"script":"<script> [1562 bytes]","args":[{"selector":{"id":"application-managepartners-display-component---NewPartner--btnAddTableRow-img"},"wdio_ui5_key":"applicationmanagepartners-display-component---NewPartner--btnAddTableRow-img"}]}
RESULT: undefined
COMMAND: POST /session/db7e8e0bc6cb7545f5479edbe1e25c48/element - {"using":"xpath","value":"//*[@id=\"application-managepartners-display-component---NewPartner--btnAddTableRow-img\"]"}
RESULT: {"using":"xpath","value":"//*[@id=\"application-managepartners-display-component---NewPartner--btnAddTableRow-img\"]"}
COMMAND: POST /session/db7e8e0bc6cb7545f5479edbe1e25c48/element/f.A305B2C0A529549F02C3CF63D97C7E2E.d.2BF8AF28594BC4C2581A9FFBA047BCF0.e.3633/click - {}
RESULT: {}
COMMAND: GET /session/db7e8e0bc6cb7545f5479edbe1e25c48/screenshot - {}
RESULT: {}
COMMAND: POST /session/db7e8e0bc6cb7545f5479edbe1e25c48/element - {"using":"xpath","value":"//input[@id=\"application-managepartners-display-component---NewPartner--assignmentYard-application-managepartners-display-component---NewPartner--assignmentsTable-0-inner\"]"}
RESULT: {"using":"xpath","value":"//input[@id=\"application-managepartners-display-component---NewPartner--assignmentYard-application-managepartners-display-component---NewPartner--assignmentsTable-0-inner\"]"}
COMMAND: POST /session/db7e8e0bc6cb7545f5479edbe1e25c48/element/f.A305B2C0A529549F02C3CF63D97C7E2E.d.2BF8AF28594BC4C2581A9FFBA047BCF0.e.3636/clear - {}
RESULT: {}
COMMAND: POST /session/db7e8e0bc6cb7545f5479edbe1e25c48/element/f.A305B2C0A529549F02C3CF63D97C7E2E.d.2BF8AF28594BC4C2581A9FFBA047BCF0.e.3636/value - {"text":"576"}
COMMAND: GET /session/db7e8e0bc6cb7545f5479edbe1e25c48/screenshot - {}
RESULT: {"text":"576"}
COMMAND: GET /session/db7e8e0bc6cb7545f5479edbe1e25c48/screenshot - {}
RESULT: {}
RESULT: {}
COMMAND: POST /session/db7e8e0bc6cb7545f5479edbe1e25c48/element - {"using":"xpath","value":"//li[.//span[text()='576']]"}
RESULT: {"using":"xpath","value":"//li[.//span[text()='576']]"}
COMMAND: POST /session/db7e8e0bc6cb7545f5479edbe1e25c48/element/f.A305B2C0A529549F02C3CF63D97C7E2E.d.2BF8AF28594BC4C2581A9FFBA047BCF0.e.3645/click - {}
RESULT: {}
COMMAND: GET /session/db7e8e0bc6cb7545f5479edbe1e25c48/screenshot - {}
RESULT: {}
COMMAND: POST /session/db7e8e0bc6cb7545f5479edbe1e25c48/actions - {"actions":[{"id":"action8","type":"key","parameters":{},"actions":[{"type":"keyDown","value":""},{"type":"pause","duration":10},{"type":"keyUp","value":""}]}]}
RESULT: {"actions":[{"id":"action8","type":"key","parameters":{},"actions":[{"type":"keyDown","value":""},{"type":"pause","duration":10},{"type":"keyUp","value":""}]}]}
COMMAND: POST /session/db7e8e0bc6cb7545f5479edbe1e25c48/execute/async - {"script":"<script> [1562 bytes]","args":[{"selector":{"id":"application-managepartners-display-component---NewPartner--externalCustomerComboBox-application-managepartners-display-component---NewPartner--assignmentsTable-0-vhi"},"wdio_ui5_key":"applicationmanagepartners-display-component---NewPartner--externalCustomerComboBox-application-managepartners-display-component---NewPartner--assignmentsTable-0-vhi"}]}
COMMAND: GET /session/db7e8e0bc6cb7545f5479edbe1e25c48/screenshot - {}
RESULT: {"script":"<script> [1562 bytes]","args":[{"selector":{"id":"application-managepartners-display-component---NewPartner--externalCustomerComboBox-application-managepartners-display-component---NewPartner--assignmentsTable-0-vhi"},"wdio_ui5_key":"applicationmanagepartners-display-component---NewPartner--externalCustomerComboBox-application-managepartners-display-component---NewPartner--assignmentsTable-0-vhi"}]}
RESULT: undefined
COMMAND: POST /session/db7e8e0bc6cb7545f5479edbe1e25c48/element - {"using":"xpath","value":"//*[@id=\"application-managepartners-display-component---NewPartner--externalCustomerComboBox-application-managepartners-display-component---NewPartner--assignmentsTable-0-vhi\"]"}
RESULT: {}
RESULT: {"using":"xpath","value":"//*[@id=\"application-managepartners-display-component---NewPartner--externalCustomerComboBox-application-managepartners-display-component---NewPartner--assignmentsTable-0-vhi\"]"}
COMMAND: POST /session/db7e8e0bc6cb7545f5479edbe1e25c48/element/f.A305B2C0A529549F02C3CF63D97C7E2E.d.2BF8AF28594BC4C2581A9FFBA047BCF0.e.3649/click - {}
RESULT: {}
RESULT: undefined
COMMAND: POST /session/db7e8e0bc6cb7545f5479edbe1e25c48/execute/async - {"script":"<script> [776 bytes]","args":[{"enterText":"300003","selector":{"controlType":"sap.m.SearchField","properties":{"placeholder":"Search"},"searchOpenDialogs":true,"interaction":{"idSuffix":"I"}},"clearTextFirst":true,"interactionType":"ENTER_TEXT"}]}
COMMAND: GET /session/db7e8e0bc6cb7545f5479edbe1e25c48/screenshot - {}
RESULT: {"script":"<script> [776 bytes]","args":[{"enterText":"300003","selector":{"controlType":"sap.m.SearchField","properties":{"placeholder":"Search"},"searchOpenDialogs":true,"interaction":{"idSuffix":"I"}},"clearTextFirst":true,"interactionType":"ENTER_TEXT"}]}
COMMAND: POST /session/db7e8e0bc6cb7545f5479edbe1e25c48/actions - {"actions":[{"id":"action9","type":"key","parameters":{},"actions":[{"type":"keyDown","value":""},{"type":"pause","duration":10},{"type":"keyUp","value":""}]}]}
RESULT: {}
RESULT: {"actions":[{"id":"action9","type":"key","parameters":{},"actions":[{"type":"keyDown","value":""},{"type":"pause","duration":10},{"type":"keyUp","value":""}]}]}
COMMAND: GET /session/db7e8e0bc6cb7545f5479edbe1e25c48/screenshot - {}
RESULT: {}
COMMAND: POST /session/db7e8e0bc6cb7545f5479edbe1e25c48/element - {"using":"xpath","value":"//span[contains(text(), \"300003\")]"}
RESULT: {"using":"xpath","value":"//span[contains(text(), \"300003\")]"}
COMMAND: POST /session/db7e8e0bc6cb7545f5479edbe1e25c48/element/f.A305B2C0A529549F02C3CF63D97C7E2E.d.2BF8AF28594BC4C2581A9FFBA047BCF0.e.3668/click - {}
RESULT: {}
COMMAND: GET /session/db7e8e0bc6cb7545f5479edbe1e25c48/screenshot - {}
RESULT: {}
COMMAND: POST /session/db7e8e0bc6cb7545f5479edbe1e25c48/element - {"using":"xpath","value":"//bdi[contains(text(), \"OK\")]"}
RESULT: {"using":"xpath","value":"//bdi[contains(text(), \"OK\")]"}
COMMAND: POST /session/db7e8e0bc6cb7545f5479edbe1e25c48/element/f.A305B2C0A529549F02C3CF63D97C7E2E.d.2BF8AF28594BC4C2581A9FFBA047BCF0.e.3670/click - {}
RESULT: {}
COMMAND: GET /session/db7e8e0bc6cb7545f5479edbe1e25c48/screenshot - {}
RESULT: {}
COMMAND: POST /session/db7e8e0bc6cb7545f5479edbe1e25c48/execute/async - {"script":"<script> [1562 bytes]","args":[{"selector":{"id":"application-managepartners-display-component---NewPartner--intercompVendorComboBox-application-managepartners-display-component---NewPartner--assignmentsTable-0-vhi"},"wdio_ui5_key":"applicationmanagepartners-display-component---NewPartner--intercompVendorComboBox-application-managepartners-display-component---NewPartner--assignmentsTable-0-vhi"}]}
RESULT: {"script":"<script> [1562 bytes]","args":[{"selector":{"id":"application-managepartners-display-component---NewPartner--intercompVendorComboBox-application-managepartners-display-component---NewPartner--assignmentsTable-0-vhi"},"wdio_ui5_key":"applicationmanagepartners-display-component---NewPartner--intercompVendorComboBox-application-managepartners-display-component---NewPartner--assignmentsTable-0-vhi"}]}
RESULT: undefined
COMMAND: POST /session/db7e8e0bc6cb7545f5479edbe1e25c48/element - {"using":"xpath","value":"//*[@id=\"application-managepartners-display-component---NewPartner--intercompVendorComboBox-application-managepartners-display-component---NewPartner--assignmentsTable-0-vhi\"]"}
RESULT: {"using":"xpath","value":"//*[@id=\"application-managepartners-display-component---NewPartner--intercompVendorComboBox-application-managepartners-display-component---NewPartner--assignmentsTable-0-vhi\"]"}
COMMAND: POST /session/db7e8e0bc6cb7545f5479edbe1e25c48/element/f.A305B2C0A529549F02C3CF63D97C7E2E.d.2BF8AF28594BC4C2581A9FFBA047BCF0.e.3673/click - {}
RESULT: {}
RESULT: undefined
COMMAND: POST /session/db7e8e0bc6cb7545f5479edbe1e25c48/execute/async - {"script":"<script> [776 bytes]","args":[{"enterText":"100005","selector":{"controlType":"sap.m.SearchField","properties":{"placeholder":"Search"},"searchOpenDialogs":true,"interaction":{"idSuffix":"I"}},"clearTextFirst":true,"interactionType":"ENTER_TEXT"}]}
COMMAND: GET /session/db7e8e0bc6cb7545f5479edbe1e25c48/screenshot - {}
RESULT: {"script":"<script> [776 bytes]","args":[{"enterText":"100005","selector":{"controlType":"sap.m.SearchField","properties":{"placeholder":"Search"},"searchOpenDialogs":true,"interaction":{"idSuffix":"I"}},"clearTextFirst":true,"interactionType":"ENTER_TEXT"}]}
COMMAND: POST /session/db7e8e0bc6cb7545f5479edbe1e25c48/actions - {"actions":[{"id":"action10","type":"key","parameters":{},"actions":[{"type":"keyDown","value":""},{"type":"pause","duration":10},{"type":"keyUp","value":""}]}]}
RESULT: {}
RESULT: {"actions":[{"id":"action10","type":"key","parameters":{},"actions":[{"type":"keyDown","value":""},{"type":"pause","duration":10},{"type":"keyUp","value":""}]}]}
COMMAND: GET /session/db7e8e0bc6cb7545f5479edbe1e25c48/screenshot - {}
RESULT: {}
COMMAND: POST /session/db7e8e0bc6cb7545f5479edbe1e25c48/element - {"using":"xpath","value":"//span[contains(text(), \"Penguins - Field/12345 Berlin\")]"}
RESULT: {"using":"xpath","value":"//span[contains(text(), \"Penguins - Field/12345 Berlin\")]"}
COMMAND: POST /session/db7e8e0bc6cb7545f5479edbe1e25c48/element/f.A305B2C0A529549F02C3CF63D97C7E2E.d.2BF8AF28594BC4C2581A9FFBA047BCF0.e.3693/click - {}
RESULT: {}
COMMAND: GET /session/db7e8e0bc6cb7545f5479edbe1e25c48/screenshot - {}
RESULT: {}
COMMAND: POST /session/db7e8e0bc6cb7545f5479edbe1e25c48/element - {"using":"xpath","value":"//bdi[contains(text(), \"OK\")]"}
RESULT: {"using":"xpath","value":"//bdi[contains(text(), \"OK\")]"}
COMMAND: POST /session/db7e8e0bc6cb7545f5479edbe1e25c48/element/f.A305B2C0A529549F02C3CF63D97C7E2E.d.2BF8AF28594BC4C2581A9FFBA047BCF0.e.3695/click - {}
RESULT: {}
COMMAND: GET /session/db7e8e0bc6cb7545f5479edbe1e25c48/screenshot - {}
RESULT: {}
COMMAND: POST /session/db7e8e0bc6cb7545f5479edbe1e25c48/element - {"using":"xpath","value":"//button[@data-kt=\"saveButton\"]"}
RESULT: {"using":"xpath","value":"//button[@data-kt=\"saveButton\"]"}
COMMAND: POST /session/db7e8e0bc6cb7545f5479edbe1e25c48/element/f.A305B2C0A529549F02C3CF63D97C7E2E.d.2BF8AF28594BC4C2581A9FFBA047BCF0.e.3585/click - {}
RESULT: {}
COMMAND: GET /session/db7e8e0bc6cb7545f5479edbe1e25c48/screenshot - {}
RESULT: {}
COMMAND: POST /session/db7e8e0bc6cb7545f5479edbe1e25c48/element - {"using":"xpath","value":"//header[contains(@id, 'ObjectPageLayout-headerTitle')]/div[1]/div[2]/div[2]/span[1]"}
RESULT: {"using":"xpath","value":"//header[contains(@id, 'ObjectPageLayout-headerTitle')]/div[1]/div[2]/div[2]/span[1]"}
COMMAND: POST /session/db7e8e0bc6cb7545f5479edbe1e25c48/elements - {"using":"xpath","value":"//header[contains(@id, 'ObjectPageLayout-headerTitle')]/div[1]/div[2]/div[2]/span[1]"}
RESULT: {"using":"xpath","value":"//header[contains(@id, 'ObjectPageLayout-headerTitle')]/div[1]/div[2]/div[2]/span[1]"}
COMMAND: POST /session/db7e8e0bc6cb7545f5479edbe1e25c48/execute/sync - {"script":"<script> [56 bytes]","args":[{"element-6066-11e4-a52e-4f735466cecf":"f.A305B2C0A529549F02C3CF63D97C7E2E.d.2BF8AF28594BC4C2581A9FFBA047BCF0.e.3859","ELEMENT":"f.A305B2C0A529549F02C3CF63D97C7E2E.d.2BF8AF28594BC4C2581A9FFBA047BCF0.e.3859"}]}
RESULT: {"script":"<script> [56 bytes]","args":[{"element-6066-11e4-a52e-4f735466cecf":"f.A305B2C0A529549F02C3CF63D97C7E2E.d.2BF8AF28594BC4C2581A9FFBA047BCF0.e.3859","ELEMENT":"f.A305B2C0A529549F02C3CF63D97C7E2E.d.2BF8AF28594BC4C2581A9FFBA047BCF0.e.3859"}]}
COMMAND: POST /session/db7e8e0bc6cb7545f5479edbe1e25c48/element - {"using":"css selector","value":"#shell-header-logo"}
COMMAND: GET /session/db7e8e0bc6cb7545f5479edbe1e25c48/screenshot - {}
RESULT: {"using":"css selector","value":"#shell-header-logo"}
COMMAND: POST /session/db7e8e0bc6cb7545f5479edbe1e25c48/element/f.A305B2C0A529549F02C3CF63D97C7E2E.d.2BF8AF28594BC4C2581A9FFBA047BCF0.e.3207/click - {}
RESULT: {}
RESULT: {}
COMMAND: GET /session/db7e8e0bc6cb7545f5479edbe1e25c48/screenshot - {}
RESULT: {}
COMMAND: POST /session/db7e8e0bc6cb7545f5479edbe1e25c48/execute/sync - {"script":"<script> [299 bytes]","args":[["getModel","getResource"]]}
RESULT: {"script":"<script> [299 bytes]","args":[["getModel","getResource"]]}
RESULT: undefined
COMMAND: POST /session/db7e8e0bc6cb7545f5479edbe1e25c48/element - {"using":"xpath","value":"//*[@id=\"__tile30\"]"}
COMMAND: GET /session/db7e8e0bc6cb7545f5479edbe1e25c48/screenshot - {}
RESULT: {}
RESULT: {"using":"xpath","value":"//*[@id=\"__tile30\"]"}
COMMAND: POST /session/db7e8e0bc6cb7545f5479edbe1e25c48/element/f.A305B2C0A529549F02C3CF63D97C7E2E.d.2BF8AF28594BC4C2581A9FFBA047BCF0.e.3127/click - {}
RESULT: {}
COMMAND: POST /session/db7e8e0bc6cb7545f5479edbe1e25c48/element - {"using":"xpath","value":"//button[@data-kt=\"addButton\"]"}
COMMAND: GET /session/db7e8e0bc6cb7545f5479edbe1e25c48/screenshot - {}
RESULT: {"using":"xpath","value":"//button[@data-kt=\"addButton\"]"}
COMMAND: POST /session/db7e8e0bc6cb7545f5479edbe1e25c48/elements - {"using":"xpath","value":"//button[@data-kt=\"addButton\"]"}
RESULT: {}
RESULT: {"using":"xpath","value":"//button[@data-kt=\"addButton\"]"}
COMMAND: POST /session/db7e8e0bc6cb7545f5479edbe1e25c48/element - {"using":"xpath","value":"//button[@data-kt=\"addButton\"]"}
RESULT: {"using":"xpath","value":"//button[@data-kt=\"addButton\"]"}
COMMAND: POST /session/db7e8e0bc6cb7545f5479edbe1e25c48/execute/sync - {"script":"<script> [8489 bytes]","args":[{"element-6066-11e4-a52e-4f735466cecf":"f.A305B2C0A529549F02C3CF63D97C7E2E.d.2BF8AF28594BC4C2581A9FFBA047BCF0.e.3907","ELEMENT":"f.A305B2C0A529549F02C3CF63D97C7E2E.d.2BF8AF28594BC4C2581A9FFBA047BCF0.e.3907"}]}
RESULT: {"script":"<script> [8489 bytes]","args":[{"element-6066-11e4-a52e-4f735466cecf":"f.A305B2C0A529549F02C3CF63D97C7E2E.d.2BF8AF28594BC4C2581A9FFBA047BCF0.e.3907","ELEMENT":"f.A305B2C0A529549F02C3CF63D97C7E2E.d.2BF8AF28594BC4C2581A9FFBA047BCF0.e.3907"}]}
COMMAND: GET /session/db7e8e0bc6cb7545f5479edbe1e25c48/element/f.A305B2C0A529549F02C3CF63D97C7E2E.d.2BF8AF28594BC4C2581A9FFBA047BCF0.e.3907/enabled - {}
COMMAND: GET /session/db7e8e0bc6cb7545f5479edbe1e25c48/screenshot - {}
RESULT: {}
COMMAND: POST /session/db7e8e0bc6cb7545f5479edbe1e25c48/execute/sync - {"script":"<script> [8489 bytes]","args":[{"element-6066-11e4-a52e-4f735466cecf":"f.A305B2C0A529549F02C3CF63D97C7E2E.d.2BF8AF28594BC4C2581A9FFBA047BCF0.e.3907","ELEMENT":"f.A305B2C0A529549F02C3CF63D97C7E2E.d.2BF8AF28594BC4C2581A9FFBA047BCF0.e.3907"}]}
COMMAND: GET /session/db7e8e0bc6cb7545f5479edbe1e25c48/screenshot - {}
RESULT: {}
RESULT: {"script":"<script> [8489 bytes]","args":[{"element-6066-11e4-a52e-4f735466cecf":"f.A305B2C0A529549F02C3CF63D97C7E2E.d.2BF8AF28594BC4C2581A9FFBA047BCF0.e.3907","ELEMENT":"f.A305B2C0A529549F02C3CF63D97C7E2E.d.2BF8AF28594BC4C2581A9FFBA047BCF0.e.3907"}]}
COMMAND: POST /session/db7e8e0bc6cb7545f5479edbe1e25c48/execute/sync - {"script":"<script> [5351 bytes]","args":[{"element-6066-11e4-a52e-4f735466cecf":"f.A305B2C0A529549F02C3CF63D97C7E2E.d.2BF8AF28594BC4C2581A9FFBA047BCF0.e.3907","ELEMENT":"f.A305B2C0A529549F02C3CF63D97C7E2E.d.2BF8AF28594BC4C2581A9FFBA047BCF0.e.3907"}]}
COMMAND: GET /session/db7e8e0bc6cb7545f5479edbe1e25c48/screenshot - {}
RESULT: {}
RESULT: {"script":"<script> [5351 bytes]","args":[{"element-6066-11e4-a52e-4f735466cecf":"f.A305B2C0A529549F02C3CF63D97C7E2E.d.2BF8AF28594BC4C2581A9FFBA047BCF0.e.3907","ELEMENT":"f.A305B2C0A529549F02C3CF63D97C7E2E.d.2BF8AF28594BC4C2581A9FFBA047BCF0.e.3907"}]}
COMMAND: GET /session/db7e8e0bc6cb7545f5479edbe1e25c48/screenshot - {}
RESULT: {}
RESULT: {}
COMMAND: POST /session/db7e8e0bc6cb7545f5479edbe1e25c48/execute/async - {"script":"<script> [1562 bytes]","args":[{"selector":{"id":"application-managepartners-display-component---masterPtm--smartFilterBar-btnBasicSearch","interaction":{"idSuffix":"I"}},"wdio_ui5_key":"applicationmanagepartners-display-component---masterPtm--smartFilterBar-btnBasicSearch"}]}
RESULT: {"script":"<script> [1562 bytes]","args":[{"selector":{"id":"application-managepartners-display-component---masterPtm--smartFilterBar-btnBasicSearch","interaction":{"idSuffix":"I"}},"wdio_ui5_key":"applicationmanagepartners-display-component---masterPtm--smartFilterBar-btnBasicSearch"}]}
RESULT: undefined
COMMAND: POST /session/db7e8e0bc6cb7545f5479edbe1e25c48/execute/async - {"script":"<script> [776 bytes]","args":[{"enterText":"1432","selector":{"id":"application-managepartners-display-component---masterPtm--smartFilterBar-btnBasicSearch","interaction":{"idSuffix":"I"}},"clearTextFirst":true,"interactionType":"ENTER_TEXT"}]}
RESULT: {"script":"<script> [776 bytes]","args":[{"enterText":"1432","selector":{"id":"application-managepartners-display-component---masterPtm--smartFilterBar-btnBasicSearch","interaction":{"idSuffix":"I"}},"clearTextFirst":true,"interactionType":"ENTER_TEXT"}]}
COMMAND: POST /session/db7e8e0bc6cb7545f5479edbe1e25c48/actions - {"actions":[{"id":"action11","type":"key","parameters":{},"actions":[{"type":"keyDown","value":""},{"type":"pause","duration":10},{"type":"keyUp","value":""}]}]}
RESULT: {"actions":[{"id":"action11","type":"key","parameters":{},"actions":[{"type":"keyDown","value":""},{"type":"pause","duration":10},{"type":"keyUp","value":""}]}]}
COMMAND: GET /session/db7e8e0bc6cb7545f5479edbe1e25c48/screenshot - {}
RESULT: {}
COMMAND: POST /session/db7e8e0bc6cb7545f5479edbe1e25c48/elements - {"using":"xpath","value":"//table[contains(@id, \"customPartnersTable-listUl\")]/tbody/tr"}
RESULT: {"using":"xpath","value":"//table[contains(@id, \"customPartnersTable-listUl\")]/tbody/tr"}
COMMAND: POST /session/db7e8e0bc6cb7545f5479edbe1e25c48/element - {"using":"xpath","value":"//table[contains(@id, \"customPartnersTable-listUl\")]/tbody/tr[1]/td[3]/span"}
RESULT: {"using":"xpath","value":"//table[contains(@id, \"customPartnersTable-listUl\")]/tbody/tr[1]/td[3]/span"}
COMMAND: POST /session/db7e8e0bc6cb7545f5479edbe1e25c48/elements - {"using":"xpath","value":"//table[contains(@id, \"customPartnersTable-listUl\")]/tbody/tr[1]/td[3]/span"}
RESULT: {"using":"xpath","value":"//table[contains(@id, \"customPartnersTable-listUl\")]/tbody/tr[1]/td[3]/span"}
COMMAND: POST /session/db7e8e0bc6cb7545f5479edbe1e25c48/execute/sync - {"script":"<script> [56 bytes]","args":[{"element-6066-11e4-a52e-4f735466cecf":"f.A305B2C0A529549F02C3CF63D97C7E2E.d.2BF8AF28594BC4C2581A9FFBA047BCF0.e.4043","ELEMENT":"f.A305B2C0A529549F02C3CF63D97C7E2E.d.2BF8AF28594BC4C2581A9FFBA047BCF0.e.4043"}]}
RESULT: {"script":"<script> [56 bytes]","args":[{"element-6066-11e4-a52e-4f735466cecf":"f.A305B2C0A529549F02C3CF63D97C7E2E.d.2BF8AF28594BC4C2581A9FFBA047BCF0.e.4043","ELEMENT":"f.A305B2C0A529549F02C3CF63D97C7E2E.d.2BF8AF28594BC4C2581A9FFBA047BCF0.e.4043"}]}
COMMAND: POST /session/db7e8e0bc6cb7545f5479edbe1e25c48/element - {"using":"xpath","value":"(//span[contains(@id, \"imgNav\")])[1]"}
COMMAND: GET /session/db7e8e0bc6cb7545f5479edbe1e25c48/screenshot - {}
RESULT: {"using":"xpath","value":"(//span[contains(@id, \"imgNav\")])[1]"}
COMMAND: POST /session/db7e8e0bc6cb7545f5479edbe1e25c48/element/f.A305B2C0A529549F02C3CF63D97C7E2E.d.2BF8AF28594BC4C2581A9FFBA047BCF0.e.4041/click - {}
RESULT: {}
RESULT: {}
COMMAND: GET /session/db7e8e0bc6cb7545f5479edbe1e25c48/screenshot - {}
RESULT: {}
COMMAND: POST /session/db7e8e0bc6cb7545f5479edbe1e25c48/element - {"using":"xpath","value":"//bdi[contains(text(), \"Edit\")]"}
RESULT: {"using":"xpath","value":"//bdi[contains(text(), \"Edit\")]"}
COMMAND: POST /session/db7e8e0bc6cb7545f5479edbe1e25c48/element/f.A305B2C0A529549F02C3CF63D97C7E2E.d.2BF8AF28594BC4C2581A9FFBA047BCF0.e.4187/click - {}
RESULT: {}
COMMAND: GET /session/db7e8e0bc6cb7545f5479edbe1e25c48/screenshot - {}
RESULT: {}
COMMAND: POST /session/db7e8e0bc6cb7545f5479edbe1e25c48/execute/async - {"script":"<script> [1562 bytes]","args":[{"selector":{"controlType":"sap.m.Input","viewName":"etm.portal.ui.managepartners.view.EditDetail","labelFor":{"text":"Name"},"interaction":{"idSuffix":"inner"}},"wdio_ui5_key":"etmportal.ui.managepartners.view.EditDetailsap.m.Input{\"text\":\"Name\"}"}]}
RESULT: {"script":"<script> [1562 bytes]","args":[{"selector":{"controlType":"sap.m.Input","viewName":"etm.portal.ui.managepartners.view.EditDetail","labelFor":{"text":"Name"},"interaction":{"idSuffix":"inner"}},"wdio_ui5_key":"etmportal.ui.managepartners.view.EditDetailsap.m.Input{\"text\":\"Name\"}"}]}
RESULT: undefined
COMMAND: POST /session/db7e8e0bc6cb7545f5479edbe1e25c48/execute/async - {"script":"<script> [776 bytes]","args":[{"enterText":"Intercompany EDIT","selector":{"controlType":"sap.m.Input","viewName":"etm.portal.ui.managepartners.view.EditDetail","labelFor":{"text":"Name"},"interaction":{"idSuffix":"inner"}},"clearTextFirst":true,"interactionType":"ENTER_TEXT"}]}
RESULT: {"script":"<script> [776 bytes]","args":[{"enterText":"Intercompany EDIT","selector":{"controlType":"sap.m.Input","viewName":"etm.portal.ui.managepartners.view.EditDetail","labelFor":{"text":"Name"},"interaction":{"idSuffix":"inner"}},"clearTextFirst":true,"interactionType":"ENTER_TEXT"}]}
COMMAND: POST /session/db7e8e0bc6cb7545f5479edbe1e25c48/element - {"using":"xpath","value":"(//span[contains(@id,\"addressDetailDetailsLanguage-arrow\")])[1]"}
RESULT: {"using":"xpath","value":"(//span[contains(@id,\"addressDetailDetailsLanguage-arrow\")])[1]"}
COMMAND: POST /session/db7e8e0bc6cb7545f5479edbe1e25c48/element/f.A305B2C0A529549F02C3CF63D97C7E2E.d.2BF8AF28594BC4C2581A9FFBA047BCF0.e.4271/click - {}
RESULT: {}
COMMAND: POST /session/db7e8e0bc6cb7545f5479edbe1e25c48/element - {"using":"xpath","value":"//span[contains(text(), \"Chinese\")]"}
COMMAND: GET /session/db7e8e0bc6cb7545f5479edbe1e25c48/screenshot - {}
RESULT: {"using":"xpath","value":"//span[contains(text(), \"Chinese\")]"}
COMMAND: POST /session/db7e8e0bc6cb7545f5479edbe1e25c48/element/f.A305B2C0A529549F02C3CF63D97C7E2E.d.2BF8AF28594BC4C2581A9FFBA047BCF0.e.4272/click - {}
RESULT: {}
RESULT: {}
COMMAND: GET /session/db7e8e0bc6cb7545f5479edbe1e25c48/screenshot - {}
RESULT: {}
COMMAND: POST /session/db7e8e0bc6cb7545f5479edbe1e25c48/execute/async - {"script":"<script> [1562 bytes]","args":[{"selector":{"controlType":"sap.m.Input","viewName":"etm.portal.ui.managepartners.view.EditDetail","labelFor":{"text":"City"},"interaction":{"idSuffix":"inner"}},"wdio_ui5_key":"etmportal.ui.managepartners.view.EditDetailsap.m.Input{\"text\":\"City\"}"}]}
RESULT: {"script":"<script> [1562 bytes]","args":[{"selector":{"controlType":"sap.m.Input","viewName":"etm.portal.ui.managepartners.view.EditDetail","labelFor":{"text":"City"},"interaction":{"idSuffix":"inner"}},"wdio_ui5_key":"etmportal.ui.managepartners.view.EditDetailsap.m.Input{\"text\":\"City\"}"}]}
RESULT: undefined
COMMAND: POST /session/db7e8e0bc6cb7545f5479edbe1e25c48/execute/async - {"script":"<script> [776 bytes]","args":[{"enterText":"Clooj-Napoca","selector":{"controlType":"sap.m.Input","viewName":"etm.portal.ui.managepartners.view.EditDetail","labelFor":{"text":"City"},"interaction":{"idSuffix":"inner"}},"clearTextFirst":true,"interactionType":"ENTER_TEXT"}]}
RESULT: {"script":"<script> [776 bytes]","args":[{"enterText":"Clooj-Napoca","selector":{"controlType":"sap.m.Input","viewName":"etm.portal.ui.managepartners.view.EditDetail","labelFor":{"text":"City"},"interaction":{"idSuffix":"inner"}},"clearTextFirst":true,"interactionType":"ENTER_TEXT"}]}
COMMAND: POST /session/db7e8e0bc6cb7545f5479edbe1e25c48/element - {"using":"xpath","value":"//button[@data-kt=\"saveButton\"]"}
RESULT: {"using":"xpath","value":"//button[@data-kt=\"saveButton\"]"}
COMMAND: POST /session/db7e8e0bc6cb7545f5479edbe1e25c48/element/f.A305B2C0A529549F02C3CF63D97C7E2E.d.2BF8AF28594BC4C2581A9FFBA047BCF0.e.4249/click - {}
RESULT: {}
COMMAND: GET /session/db7e8e0bc6cb7545f5479edbe1e25c48/screenshot - {}
RESULT: {}
COMMAND: POST /session/db7e8e0bc6cb7545f5479edbe1e25c48/execute/async - {"script":"<script> [1562 bytes]","args":[{"selector":{"id":"application-managepartners-display-component---detailPtm--addressDetailDetailsName1"},"wdio_ui5_key":"applicationmanagepartners-display-component---detailPtm--addressDetailDetailsName1"}]}
RESULT: {"script":"<script> [1562 bytes]","args":[{"selector":{"id":"application-managepartners-display-component---detailPtm--addressDetailDetailsName1"},"wdio_ui5_key":"applicationmanagepartners-display-component---detailPtm--addressDetailDetailsName1"}]}
RESULT: undefined
COMMAND: POST /session/db7e8e0bc6cb7545f5479edbe1e25c48/execute/async - {"script":"<script> [6424 bytes]","args":[{"element-6066-11e4-a52e-4f735466cecf":"f.A305B2C0A529549F02C3CF63D97C7E2E.d.2BF8AF28594BC4C2581A9FFBA047BCF0.e.4303"},"getValue",[]]}
RESULT: {"script":"<script> [6424 bytes]","args":[{"element-6066-11e4-a52e-4f735466cecf":"f.A305B2C0A529549F02C3CF63D97C7E2E.d.2BF8AF28594BC4C2581A9FFBA047BCF0.e.4303"},"getValue",[]]}
COMMAND: POST /session/db7e8e0bc6cb7545f5479edbe1e25c48/element - {"using":"xpath","value":"//input[@id = \"application-managepartners-display-component---detailPtm--addressDetailDetailsLanguage-inner\"]"}
RESULT: {"using":"xpath","value":"//input[@id = \"application-managepartners-display-component---detailPtm--addressDetailDetailsLanguage-inner\"]"}
COMMAND: GET /session/db7e8e0bc6cb7545f5479edbe1e25c48/element/f.A305B2C0A529549F02C3CF63D97C7E2E.d.2BF8AF28594BC4C2581A9FFBA047BCF0.e.4304/property/value - {}
RESULT: {}
COMMAND: POST /session/db7e8e0bc6cb7545f5479edbe1e25c48/execute/async - {"script":"<script> [1562 bytes]","args":[{"selector":{"id":"application-managepartners-display-component---detailPtm--addressDetailDetailsCity1"},"wdio_ui5_key":"applicationmanagepartners-display-component---detailPtm--addressDetailDetailsCity1"}]}
COMMAND: GET /session/db7e8e0bc6cb7545f5479edbe1e25c48/screenshot - {}
RESULT: {"script":"<script> [1562 bytes]","args":[{"selector":{"id":"application-managepartners-display-component---detailPtm--addressDetailDetailsCity1"},"wdio_ui5_key":"applicationmanagepartners-display-component---detailPtm--addressDetailDetailsCity1"}]}
RESULT: undefined
COMMAND: POST /session/db7e8e0bc6cb7545f5479edbe1e25c48/execute/async - {"script":"<script> [6424 bytes]","args":[{"element-6066-11e4-a52e-4f735466cecf":"f.A305B2C0A529549F02C3CF63D97C7E2E.d.2BF8AF28594BC4C2581A9FFBA047BCF0.e.4305"},"getValue",[]]}
RESULT: {}
RESULT: {"script":"<script> [6424 bytes]","args":[{"element-6066-11e4-a52e-4f735466cecf":"f.A305B2C0A529549F02C3CF63D97C7E2E.d.2BF8AF28594BC4C2581A9FFBA047BCF0.e.4305"},"getValue",[]]}
COMMAND: POST /session/db7e8e0bc6cb7545f5479edbe1e25c48/element - {"using":"css selector","value":"#shell-header-logo"}
RESULT: {"using":"css selector","value":"#shell-header-logo"}
COMMAND: POST /session/db7e8e0bc6cb7545f5479edbe1e25c48/element/f.A305B2C0A529549F02C3CF63D97C7E2E.d.2BF8AF28594BC4C2581A9FFBA047BCF0.e.3862/click - {}
RESULT: {}
COMMAND: GET /session/db7e8e0bc6cb7545f5479edbe1e25c48/screenshot - {}
RESULT: {}
]]></system-out>
    </testcase>
    <testcase classname="chrome.135_0_7049_42.windows.Partner_specific_tests_US150819_US151080_US151654_US151176_US103444_US151078_US151079_US151109_US151174_US151175_US151189" name="Should create a new intracompany partner edit some of its fields US151079" time="238.935">
      <system-out><![CDATA[
COMMAND: POST /session/db7e8e0bc6cb7545f5479edbe1e25c48/element - {"using":"xpath","value":"//li[.//span[text()=\"Manage Partners\"]]"}
RESULT: {"using":"xpath","value":"//li[.//span[text()=\"Manage Partners\"]]"}
COMMAND: POST /session/db7e8e0bc6cb7545f5479edbe1e25c48/element - {"using":"xpath","value":"//li[.//span[text()=\"Manage Partners\"]]"}
RESULT: {"using":"xpath","value":"//li[.//span[text()=\"Manage Partners\"]]"}
COMMAND: POST /session/db7e8e0bc6cb7545f5479edbe1e25c48/element - {"using":"css selector","value":"#shell-header-logo"}
RESULT: {"using":"css selector","value":"#shell-header-logo"}
COMMAND: POST /session/db7e8e0bc6cb7545f5479edbe1e25c48/element/f.A305B2C0A529549F02C3CF63D97C7E2E.d.2BF8AF28594BC4C2581A9FFBA047BCF0.e.4335/click - {}
COMMAND: POST /session/db7e8e0bc6cb7545f5479edbe1e25c48/execute/sync - {"script":"<script> [8489 bytes]","args":[{"element-6066-11e4-a52e-4f735466cecf":"f.A305B2C0A529549F02C3CF63D97C7E2E.d.2BF8AF28594BC4C2581A9FFBA047BCF0.e.4335","ELEMENT":"f.A305B2C0A529549F02C3CF63D97C7E2E.d.2BF8AF28594BC4C2581A9FFBA047BCF0.e.4335"}]}
RESULT: {}
COMMAND: GET /session/db7e8e0bc6cb7545f5479edbe1e25c48/screenshot - {}
RESULT: {"script":"<script> [8489 bytes]","args":[{"element-6066-11e4-a52e-4f735466cecf":"f.A305B2C0A529549F02C3CF63D97C7E2E.d.2BF8AF28594BC4C2581A9FFBA047BCF0.e.4335","ELEMENT":"f.A305B2C0A529549F02C3CF63D97C7E2E.d.2BF8AF28594BC4C2581A9FFBA047BCF0.e.4335"}]}
COMMAND: POST /session/db7e8e0bc6cb7545f5479edbe1e25c48/execute/sync - {"script":"<script> [5351 bytes]","args":[{"element-6066-11e4-a52e-4f735466cecf":"f.A305B2C0A529549F02C3CF63D97C7E2E.d.2BF8AF28594BC4C2581A9FFBA047BCF0.e.4335","ELEMENT":"f.A305B2C0A529549F02C3CF63D97C7E2E.d.2BF8AF28594BC4C2581A9FFBA047BCF0.e.4335"}]}
COMMAND: GET /session/db7e8e0bc6cb7545f5479edbe1e25c48/screenshot - {}
RESULT: {}
RESULT: {"script":"<script> [5351 bytes]","args":[{"element-6066-11e4-a52e-4f735466cecf":"f.A305B2C0A529549F02C3CF63D97C7E2E.d.2BF8AF28594BC4C2581A9FFBA047BCF0.e.4335","ELEMENT":"f.A305B2C0A529549F02C3CF63D97C7E2E.d.2BF8AF28594BC4C2581A9FFBA047BCF0.e.4335"}]}
COMMAND: GET /session/db7e8e0bc6cb7545f5479edbe1e25c48/screenshot - {}
RESULT: {}
RESULT: {}
COMMAND: POST /session/db7e8e0bc6cb7545f5479edbe1e25c48/refresh - {}
RESULT: {}
COMMAND: GET /session/db7e8e0bc6cb7545f5479edbe1e25c48/screenshot - {}
RESULT: {}
COMMAND: POST /session/db7e8e0bc6cb7545f5479edbe1e25c48/refresh - {}
RESULT: {}
COMMAND: GET /session/db7e8e0bc6cb7545f5479edbe1e25c48/screenshot - {}
RESULT: {}
COMMAND: POST /session/db7e8e0bc6cb7545f5479edbe1e25c48/window/fullscreen - {}
RESULT: {}
COMMAND: POST /session/db7e8e0bc6cb7545f5479edbe1e25c48/execute/async - {"script":"<script> [189 bytes]","args":[]}
RESULT: {"script":"<script> [189 bytes]","args":[]}
COMMAND: POST /session/db7e8e0bc6cb7545f5479edbe1e25c48/execute/async - {"script":"<script> [123 bytes]","args":[]}
RESULT: {"script":"<script> [123 bytes]","args":[]}
COMMAND: POST /session/db7e8e0bc6cb7545f5479edbe1e25c48/timeouts - {"script":"<number>"}
RESULT: {"script":"<number>"}
COMMAND: GET /session/db7e8e0bc6cb7545f5479edbe1e25c48/timeouts - {}
RESULT: {}
RESULT: undefined
COMMAND: POST /session/db7e8e0bc6cb7545f5479edbe1e25c48/execute/async - {"script":"<script> [2676 bytes]","args":[]}
RESULT: {"script":"<script> [2676 bytes]","args":[]}
COMMAND: POST /session/db7e8e0bc6cb7545f5479edbe1e25c48/execute/async - {"script":"<script> [2342 bytes]","args":[{"protocol":"http","hostname":"0.0.0.0","path":"/","capabilities":{"browserName":"chrome","goog:chromeOptions":{"binary":"C:\\Program Files\\Google\\Chrome\\Application\\chrome.exe","args":["--start-maximized"]}},"logLevel":"warn","connectionRetryTimeout":120000,"connectionRetryCount":3,"logLevels":{},"enableDirectConnect":true,"strictSSL":true,"_":"65 more keys: [\"cacheDir\",\"port\",\"requestedCapabilities\",\"automationProtocol\",\"baseUrl\",\"waitforInterval\",\"waitforTimeout\",\"onReload\",\"beforeCommand\",\"afterCommand\",\"rootDir\",\"specs\",\"suites\",\"exclude\",\"groupLogsByTestSpec\",\"excludeDriverLogs\",\"bail\",\"framework\",\"reporters\",\"services\",\"maxInstances\",\"maxInstancesPerCapability\",\"injectGlobals\",\"filesToWatch\",\"execArgv\",\"runnerEnv\",\"runner\",\"shard\",\"specFileRetries\",\"specFileRetriesDelay\",\"specFileRetriesDeferred\",\"reporterSyncInterval\",\"reporterSyncTimeout\",\"cucumberFeaturesWithLineNumbers\",\"autoCompileOpts\",\"mochaOpts\",\"jasmineOpts\",\"cucumberOpts\",\"onPrepare\",\"onWorkerStart\",\"onWorkerEnd\",\"before\",\"beforeSession\",\"beforeSuite\",\"beforeHook\",\"beforeTest\",\"afterTest\",\"afterHook\",\"afterSuite\",\"afterSession\",\"after\",\"onComplete\",\"beforeAssertion\",\"afterAssertion\",\"beforeFeature\",\"beforeScenario\",\"beforeStep\",\"afterStep\",\"afterScenario\",\"afterFeature\",\"_\",\"suite\",\"$0\",\"ignoredWorkerServices\",\"wdi5\"]"}]}
RESULT: {"script":"<script> [2342 bytes]","args":[{"protocol":"http","hostname":"0.0.0.0","path":"/","capabilities":{"browserName":"chrome","goog:chromeOptions":{"binary":"C:\\Program Files\\Google\\Chrome\\Application\\chrome.exe","args":["--start-maximized"]}},"logLevel":"warn","connectionRetryTimeout":120000,"connectionRetryCount":3,"logLevels":{},"enableDirectConnect":true,"strictSSL":true,"_":"65 more keys: [\"cacheDir\",\"port\",\"requestedCapabilities\",\"automationProtocol\",\"baseUrl\",\"waitforInterval\",\"waitforTimeout\",\"onReload\",\"beforeCommand\",\"afterCommand\",\"rootDir\",\"specs\",\"suites\",\"exclude\",\"groupLogsByTestSpec\",\"excludeDriverLogs\",\"bail\",\"framework\",\"reporters\",\"services\",\"maxInstances\",\"maxInstancesPerCapability\",\"injectGlobals\",\"filesToWatch\",\"execArgv\",\"runnerEnv\",\"runner\",\"shard\",\"specFileRetries\",\"specFileRetriesDelay\",\"specFileRetriesDeferred\",\"reporterSyncInterval\",\"reporterSyncTimeout\",\"cucumberFeaturesWithLineNumbers\",\"autoCompileOpts\",\"mochaOpts\",\"jasmineOpts\",\"cucumberOpts\",\"onPrepare\",\"onWorkerStart\",\"onWorkerEnd\",\"before\",\"beforeSession\",\"beforeSuite\",\"beforeHook\",\"beforeTest\",\"afterTest\",\"afterHook\",\"afterSuite\",\"afterSession\",\"after\",\"onComplete\",\"beforeAssertion\",\"afterAssertion\",\"beforeFeature\",\"beforeScenario\",\"beforeStep\",\"afterStep\",\"afterScenario\",\"afterFeature\",\"_\",\"suite\",\"$0\",\"ignoredWorkerServices\",\"wdi5\"]"}]}
COMMAND: POST /session/db7e8e0bc6cb7545f5479edbe1e25c48/execute/async - {"script":"<script> [21126 bytes]","args":[35000]}
RESULT: {"script":"<script> [21126 bytes]","args":[35000]}
COMMAND: POST /session/db7e8e0bc6cb7545f5479edbe1e25c48/window/fullscreen - {}
RESULT: {}
COMMAND: POST /session/db7e8e0bc6cb7545f5479edbe1e25c48/window/fullscreen - {}
RESULT: {}
COMMAND: POST /session/db7e8e0bc6cb7545f5479edbe1e25c48/execute/async - {"script":"<script> [1562 bytes]","args":[{"selector":{"controlType":"sap.m.GenericTile","properties":{"header":"Manage Partners"}},"wdio_ui5_key":"sapm.GenericTile{\"header\":\"Manage Partners\"}"}]}
RESULT: {"script":"<script> [1562 bytes]","args":[{"selector":{"controlType":"sap.m.GenericTile","properties":{"header":"Manage Partners"}},"wdio_ui5_key":"sapm.GenericTile{\"header\":\"Manage Partners\"}"}]}
RESULT: undefined
COMMAND: POST /session/db7e8e0bc6cb7545f5479edbe1e25c48/element - {"using":"xpath","value":"//*[@id=\"__tile30\"]"}
RESULT: {"using":"xpath","value":"//*[@id=\"__tile30\"]"}
COMMAND: POST /session/db7e8e0bc6cb7545f5479edbe1e25c48/element/f.A305B2C0A529549F02C3CF63D97C7E2E.d.23FB0B82A821AA327EA86F078B395E90.e.4405/click - {}
RESULT: {}
COMMAND: POST /session/db7e8e0bc6cb7545f5479edbe1e25c48/element - {"using":"xpath","value":"//button[@data-kt=\"addButton\"]"}
COMMAND: GET /session/db7e8e0bc6cb7545f5479edbe1e25c48/screenshot - {}
RESULT: {"using":"xpath","value":"//button[@data-kt=\"addButton\"]"}
COMMAND: POST /session/db7e8e0bc6cb7545f5479edbe1e25c48/elements - {"using":"xpath","value":"//button[@data-kt=\"addButton\"]"}
RESULT: {}
RESULT: {"using":"xpath","value":"//button[@data-kt=\"addButton\"]"}
COMMAND: POST /session/db7e8e0bc6cb7545f5479edbe1e25c48/elements - {"using":"xpath","value":"//button[@data-kt=\"addButton\"]"}
RESULT: {"using":"xpath","value":"//button[@data-kt=\"addButton\"]"}
COMMAND: POST /session/db7e8e0bc6cb7545f5479edbe1e25c48/elements - {"using":"xpath","value":"//button[@data-kt=\"addButton\"]"}
RESULT: {"using":"xpath","value":"//button[@data-kt=\"addButton\"]"}
COMMAND: POST /session/db7e8e0bc6cb7545f5479edbe1e25c48/elements - {"using":"xpath","value":"//button[@data-kt=\"addButton\"]"}
RESULT: {"using":"xpath","value":"//button[@data-kt=\"addButton\"]"}
COMMAND: POST /session/db7e8e0bc6cb7545f5479edbe1e25c48/elements - {"using":"xpath","value":"//button[@data-kt=\"addButton\"]"}
RESULT: {"using":"xpath","value":"//button[@data-kt=\"addButton\"]"}
COMMAND: POST /session/db7e8e0bc6cb7545f5479edbe1e25c48/elements - {"using":"xpath","value":"//button[@data-kt=\"addButton\"]"}
RESULT: {"using":"xpath","value":"//button[@data-kt=\"addButton\"]"}
COMMAND: POST /session/db7e8e0bc6cb7545f5479edbe1e25c48/elements - {"using":"xpath","value":"//button[@data-kt=\"addButton\"]"}
RESULT: {"using":"xpath","value":"//button[@data-kt=\"addButton\"]"}
COMMAND: POST /session/db7e8e0bc6cb7545f5479edbe1e25c48/elements - {"using":"xpath","value":"//button[@data-kt=\"addButton\"]"}
RESULT: {"using":"xpath","value":"//button[@data-kt=\"addButton\"]"}
COMMAND: POST /session/db7e8e0bc6cb7545f5479edbe1e25c48/elements - {"using":"xpath","value":"//button[@data-kt=\"addButton\"]"}
RESULT: {"using":"xpath","value":"//button[@data-kt=\"addButton\"]"}
COMMAND: POST /session/db7e8e0bc6cb7545f5479edbe1e25c48/elements - {"using":"xpath","value":"//button[@data-kt=\"addButton\"]"}
RESULT: {"using":"xpath","value":"//button[@data-kt=\"addButton\"]"}
COMMAND: POST /session/db7e8e0bc6cb7545f5479edbe1e25c48/elements - {"using":"xpath","value":"//button[@data-kt=\"addButton\"]"}
RESULT: {"using":"xpath","value":"//button[@data-kt=\"addButton\"]"}
COMMAND: POST /session/db7e8e0bc6cb7545f5479edbe1e25c48/elements - {"using":"xpath","value":"//button[@data-kt=\"addButton\"]"}
RESULT: {"using":"xpath","value":"//button[@data-kt=\"addButton\"]"}
COMMAND: POST /session/db7e8e0bc6cb7545f5479edbe1e25c48/elements - {"using":"xpath","value":"//button[@data-kt=\"addButton\"]"}
RESULT: {"using":"xpath","value":"//button[@data-kt=\"addButton\"]"}
COMMAND: POST /session/db7e8e0bc6cb7545f5479edbe1e25c48/elements - {"using":"xpath","value":"//button[@data-kt=\"addButton\"]"}
RESULT: {"using":"xpath","value":"//button[@data-kt=\"addButton\"]"}
COMMAND: POST /session/db7e8e0bc6cb7545f5479edbe1e25c48/elements - {"using":"xpath","value":"//button[@data-kt=\"addButton\"]"}
RESULT: {"using":"xpath","value":"//button[@data-kt=\"addButton\"]"}
COMMAND: POST /session/db7e8e0bc6cb7545f5479edbe1e25c48/elements - {"using":"xpath","value":"//button[@data-kt=\"addButton\"]"}
RESULT: {"using":"xpath","value":"//button[@data-kt=\"addButton\"]"}
COMMAND: POST /session/db7e8e0bc6cb7545f5479edbe1e25c48/elements - {"using":"xpath","value":"//button[@data-kt=\"addButton\"]"}
RESULT: {"using":"xpath","value":"//button[@data-kt=\"addButton\"]"}
COMMAND: POST /session/db7e8e0bc6cb7545f5479edbe1e25c48/elements - {"using":"xpath","value":"//button[@data-kt=\"addButton\"]"}
RESULT: {"using":"xpath","value":"//button[@data-kt=\"addButton\"]"}
COMMAND: POST /session/db7e8e0bc6cb7545f5479edbe1e25c48/elements - {"using":"xpath","value":"//button[@data-kt=\"addButton\"]"}
RESULT: {"using":"xpath","value":"//button[@data-kt=\"addButton\"]"}
COMMAND: POST /session/db7e8e0bc6cb7545f5479edbe1e25c48/elements - {"using":"xpath","value":"//button[@data-kt=\"addButton\"]"}
RESULT: {"using":"xpath","value":"//button[@data-kt=\"addButton\"]"}
COMMAND: POST /session/db7e8e0bc6cb7545f5479edbe1e25c48/elements - {"using":"xpath","value":"//button[@data-kt=\"addButton\"]"}
RESULT: {"using":"xpath","value":"//button[@data-kt=\"addButton\"]"}
COMMAND: POST /session/db7e8e0bc6cb7545f5479edbe1e25c48/elements - {"using":"xpath","value":"//button[@data-kt=\"addButton\"]"}
RESULT: {"using":"xpath","value":"//button[@data-kt=\"addButton\"]"}
COMMAND: POST /session/db7e8e0bc6cb7545f5479edbe1e25c48/elements - {"using":"xpath","value":"//button[@data-kt=\"addButton\"]"}
RESULT: {"using":"xpath","value":"//button[@data-kt=\"addButton\"]"}
COMMAND: POST /session/db7e8e0bc6cb7545f5479edbe1e25c48/elements - {"using":"xpath","value":"//button[@data-kt=\"addButton\"]"}
RESULT: {"using":"xpath","value":"//button[@data-kt=\"addButton\"]"}
COMMAND: POST /session/db7e8e0bc6cb7545f5479edbe1e25c48/elements - {"using":"xpath","value":"//button[@data-kt=\"addButton\"]"}
RESULT: {"using":"xpath","value":"//button[@data-kt=\"addButton\"]"}
COMMAND: POST /session/db7e8e0bc6cb7545f5479edbe1e25c48/elements - {"using":"xpath","value":"//button[@data-kt=\"addButton\"]"}
RESULT: {"using":"xpath","value":"//button[@data-kt=\"addButton\"]"}
COMMAND: POST /session/db7e8e0bc6cb7545f5479edbe1e25c48/elements - {"using":"xpath","value":"//button[@data-kt=\"addButton\"]"}
RESULT: {"using":"xpath","value":"//button[@data-kt=\"addButton\"]"}
COMMAND: POST /session/db7e8e0bc6cb7545f5479edbe1e25c48/elements - {"using":"xpath","value":"//button[@data-kt=\"addButton\"]"}
RESULT: {"using":"xpath","value":"//button[@data-kt=\"addButton\"]"}
COMMAND: POST /session/db7e8e0bc6cb7545f5479edbe1e25c48/elements - {"using":"xpath","value":"//button[@data-kt=\"addButton\"]"}
RESULT: {"using":"xpath","value":"//button[@data-kt=\"addButton\"]"}
COMMAND: POST /session/db7e8e0bc6cb7545f5479edbe1e25c48/elements - {"using":"xpath","value":"//button[@data-kt=\"addButton\"]"}
RESULT: {"using":"xpath","value":"//button[@data-kt=\"addButton\"]"}
COMMAND: POST /session/db7e8e0bc6cb7545f5479edbe1e25c48/elements - {"using":"xpath","value":"//button[@data-kt=\"addButton\"]"}
RESULT: {"using":"xpath","value":"//button[@data-kt=\"addButton\"]"}
COMMAND: POST /session/db7e8e0bc6cb7545f5479edbe1e25c48/elements - {"using":"xpath","value":"//button[@data-kt=\"addButton\"]"}
RESULT: {"using":"xpath","value":"//button[@data-kt=\"addButton\"]"}
COMMAND: POST /session/db7e8e0bc6cb7545f5479edbe1e25c48/element - {"using":"xpath","value":"//button[@data-kt=\"addButton\"]"}
RESULT: {"using":"xpath","value":"//button[@data-kt=\"addButton\"]"}
COMMAND: POST /session/db7e8e0bc6cb7545f5479edbe1e25c48/execute/sync - {"script":"<script> [8489 bytes]","args":[{"element-6066-11e4-a52e-4f735466cecf":"f.A305B2C0A529549F02C3CF63D97C7E2E.d.23FB0B82A821AA327EA86F078B395E90.e.4519","ELEMENT":"f.A305B2C0A529549F02C3CF63D97C7E2E.d.23FB0B82A821AA327EA86F078B395E90.e.4519"}]}
RESULT: {"script":"<script> [8489 bytes]","args":[{"element-6066-11e4-a52e-4f735466cecf":"f.A305B2C0A529549F02C3CF63D97C7E2E.d.23FB0B82A821AA327EA86F078B395E90.e.4519","ELEMENT":"f.A305B2C0A529549F02C3CF63D97C7E2E.d.23FB0B82A821AA327EA86F078B395E90.e.4519"}]}
COMMAND: GET /session/db7e8e0bc6cb7545f5479edbe1e25c48/element/f.A305B2C0A529549F02C3CF63D97C7E2E.d.23FB0B82A821AA327EA86F078B395E90.e.4519/enabled - {}
COMMAND: GET /session/db7e8e0bc6cb7545f5479edbe1e25c48/screenshot - {}
RESULT: {}
COMMAND: POST /session/db7e8e0bc6cb7545f5479edbe1e25c48/execute/sync - {"script":"<script> [8489 bytes]","args":[{"element-6066-11e4-a52e-4f735466cecf":"f.A305B2C0A529549F02C3CF63D97C7E2E.d.23FB0B82A821AA327EA86F078B395E90.e.4519","ELEMENT":"f.A305B2C0A529549F02C3CF63D97C7E2E.d.23FB0B82A821AA327EA86F078B395E90.e.4519"}]}
COMMAND: GET /session/db7e8e0bc6cb7545f5479edbe1e25c48/screenshot - {}
RESULT: {}
RESULT: {"script":"<script> [8489 bytes]","args":[{"element-6066-11e4-a52e-4f735466cecf":"f.A305B2C0A529549F02C3CF63D97C7E2E.d.23FB0B82A821AA327EA86F078B395E90.e.4519","ELEMENT":"f.A305B2C0A529549F02C3CF63D97C7E2E.d.23FB0B82A821AA327EA86F078B395E90.e.4519"}]}
COMMAND: POST /session/db7e8e0bc6cb7545f5479edbe1e25c48/execute/sync - {"script":"<script> [5351 bytes]","args":[{"element-6066-11e4-a52e-4f735466cecf":"f.A305B2C0A529549F02C3CF63D97C7E2E.d.23FB0B82A821AA327EA86F078B395E90.e.4519","ELEMENT":"f.A305B2C0A529549F02C3CF63D97C7E2E.d.23FB0B82A821AA327EA86F078B395E90.e.4519"}]}
COMMAND: GET /session/db7e8e0bc6cb7545f5479edbe1e25c48/screenshot - {}
RESULT: {}
RESULT: {"script":"<script> [5351 bytes]","args":[{"element-6066-11e4-a52e-4f735466cecf":"f.A305B2C0A529549F02C3CF63D97C7E2E.d.23FB0B82A821AA327EA86F078B395E90.e.4519","ELEMENT":"f.A305B2C0A529549F02C3CF63D97C7E2E.d.23FB0B82A821AA327EA86F078B395E90.e.4519"}]}
COMMAND: POST /session/db7e8e0bc6cb7545f5479edbe1e25c48/element/f.A305B2C0A529549F02C3CF63D97C7E2E.d.23FB0B82A821AA327EA86F078B395E90.e.4519/click - {}
COMMAND: GET /session/db7e8e0bc6cb7545f5479edbe1e25c48/screenshot - {}
RESULT: {}
RESULT: {}
COMMAND: GET /session/db7e8e0bc6cb7545f5479edbe1e25c48/screenshot - {}
COMMAND: POST /session/db7e8e0bc6cb7545f5479edbe1e25c48/execute/async - {"script":"<script> [1562 bytes]","args":[{"selector":{"id":"application-managepartners-display-component---NewPartner--addressDetailDetailsName1","interaction":{"idSuffix":"inner"}},"wdio_ui5_key":"applicationmanagepartners-display-component---NewPartner--addressDetailDetailsName1"}]}
RESULT: {}
RESULT: {}
RESULT: {"script":"<script> [1562 bytes]","args":[{"selector":{"id":"application-managepartners-display-component---NewPartner--addressDetailDetailsName1","interaction":{"idSuffix":"inner"}},"wdio_ui5_key":"applicationmanagepartners-display-component---NewPartner--addressDetailDetailsName1"}]}
RESULT: undefined
COMMAND: POST /session/db7e8e0bc6cb7545f5479edbe1e25c48/execute/async - {"script":"<script> [776 bytes]","args":[{"enterText":"Intracompany Partner WDIO","selector":{"id":"application-managepartners-display-component---NewPartner--addressDetailDetailsName1","interaction":{"idSuffix":"inner"}},"clearTextFirst":true,"interactionType":"ENTER_TEXT"}]}
RESULT: {"script":"<script> [776 bytes]","args":[{"enterText":"Intracompany Partner WDIO","selector":{"id":"application-managepartners-display-component---NewPartner--addressDetailDetailsName1","interaction":{"idSuffix":"inner"}},"clearTextFirst":true,"interactionType":"ENTER_TEXT"}]}
COMMAND: POST /session/db7e8e0bc6cb7545f5479edbe1e25c48/execute/async - {"script":"<script> [1562 bytes]","args":[{"selector":{"id":"application-managepartners-display-component---NewPartner--addressDetailDetailsLanguage-arrow"},"wdio_ui5_key":"applicationmanagepartners-display-component---NewPartner--addressDetailDetailsLanguage-arrow"}]}
RESULT: {"script":"<script> [1562 bytes]","args":[{"selector":{"id":"application-managepartners-display-component---NewPartner--addressDetailDetailsLanguage-arrow"},"wdio_ui5_key":"applicationmanagepartners-display-component---NewPartner--addressDetailDetailsLanguage-arrow"}]}
RESULT: undefined
COMMAND: POST /session/db7e8e0bc6cb7545f5479edbe1e25c48/element - {"using":"xpath","value":"//*[@id=\"application-managepartners-display-component---NewPartner--addressDetailDetailsLanguage-arrow\"]"}
RESULT: {"using":"xpath","value":"//*[@id=\"application-managepartners-display-component---NewPartner--addressDetailDetailsLanguage-arrow\"]"}
COMMAND: POST /session/db7e8e0bc6cb7545f5479edbe1e25c48/element/f.A305B2C0A529549F02C3CF63D97C7E2E.d.23FB0B82A821AA327EA86F078B395E90.e.4969/click - {}
RESULT: {}
COMMAND: POST /session/db7e8e0bc6cb7545f5479edbe1e25c48/element - {"using":"xpath","value":"//span[contains(text(), \"English\")]"}
COMMAND: GET /session/db7e8e0bc6cb7545f5479edbe1e25c48/screenshot - {}
RESULT: {"using":"xpath","value":"//span[contains(text(), \"English\")]"}
COMMAND: POST /session/db7e8e0bc6cb7545f5479edbe1e25c48/element/f.A305B2C0A529549F02C3CF63D97C7E2E.d.23FB0B82A821AA327EA86F078B395E90.e.4970/click - {}
RESULT: {}
RESULT: {}
COMMAND: GET /session/db7e8e0bc6cb7545f5479edbe1e25c48/screenshot - {}
RESULT: {}
COMMAND: POST /session/db7e8e0bc6cb7545f5479edbe1e25c48/execute/async - {"script":"<script> [1562 bytes]","args":[{"selector":{"id":"application-managepartners-display-component---NewPartner--addressDetailDetailsCity1","interaction":{"idSuffix":"inner"}},"wdio_ui5_key":"applicationmanagepartners-display-component---NewPartner--addressDetailDetailsCity1"}]}
RESULT: {"script":"<script> [1562 bytes]","args":[{"selector":{"id":"application-managepartners-display-component---NewPartner--addressDetailDetailsCity1","interaction":{"idSuffix":"inner"}},"wdio_ui5_key":"applicationmanagepartners-display-component---NewPartner--addressDetailDetailsCity1"}]}
RESULT: undefined
COMMAND: POST /session/db7e8e0bc6cb7545f5479edbe1e25c48/execute/async - {"script":"<script> [776 bytes]","args":[{"enterText":"Rosario","selector":{"id":"application-managepartners-display-component---NewPartner--addressDetailDetailsCity1","interaction":{"idSuffix":"inner"}},"clearTextFirst":true,"interactionType":"ENTER_TEXT"}]}
RESULT: {"script":"<script> [776 bytes]","args":[{"enterText":"Rosario","selector":{"id":"application-managepartners-display-component---NewPartner--addressDetailDetailsCity1","interaction":{"idSuffix":"inner"}},"clearTextFirst":true,"interactionType":"ENTER_TEXT"}]}
COMMAND: POST /session/db7e8e0bc6cb7545f5479edbe1e25c48/execute/async - {"script":"<script> [1562 bytes]","args":[{"selector":{"id":"application-managepartners-display-component---NewPartner--addressDetailDetailsCountry-arrow"},"wdio_ui5_key":"applicationmanagepartners-display-component---NewPartner--addressDetailDetailsCountry-arrow"}]}
RESULT: {"script":"<script> [1562 bytes]","args":[{"selector":{"id":"application-managepartners-display-component---NewPartner--addressDetailDetailsCountry-arrow"},"wdio_ui5_key":"applicationmanagepartners-display-component---NewPartner--addressDetailDetailsCountry-arrow"}]}
RESULT: undefined
COMMAND: POST /session/db7e8e0bc6cb7545f5479edbe1e25c48/element - {"using":"xpath","value":"//*[@id=\"application-managepartners-display-component---NewPartner--addressDetailDetailsCountry-arrow\"]"}
RESULT: {"using":"xpath","value":"//*[@id=\"application-managepartners-display-component---NewPartner--addressDetailDetailsCountry-arrow\"]"}
COMMAND: POST /session/db7e8e0bc6cb7545f5479edbe1e25c48/element/f.A305B2C0A529549F02C3CF63D97C7E2E.d.23FB0B82A821AA327EA86F078B395E90.e.4955/click - {}
RESULT: {}
COMMAND: POST /session/db7e8e0bc6cb7545f5479edbe1e25c48/element - {"using":"xpath","value":"//span[contains(text(), \"Argentina\")]"}
COMMAND: GET /session/db7e8e0bc6cb7545f5479edbe1e25c48/screenshot - {}
RESULT: {"using":"xpath","value":"//span[contains(text(), \"Argentina\")]"}
COMMAND: POST /session/db7e8e0bc6cb7545f5479edbe1e25c48/element/f.A305B2C0A529549F02C3CF63D97C7E2E.d.23FB0B82A821AA327EA86F078B395E90.e.4972/click - {}
RESULT: {}
RESULT: {}
COMMAND: GET /session/db7e8e0bc6cb7545f5479edbe1e25c48/screenshot - {}
RESULT: {}
COMMAND: POST /session/db7e8e0bc6cb7545f5479edbe1e25c48/element - {"using":"xpath","value":"//bdi[contains(text(), \"Commercial\")]"}
RESULT: {"using":"xpath","value":"//bdi[contains(text(), \"Commercial\")]"}
COMMAND: POST /session/db7e8e0bc6cb7545f5479edbe1e25c48/element/f.A305B2C0A529549F02C3CF63D97C7E2E.d.23FB0B82A821AA327EA86F078B395E90.e.4973/click - {}
RESULT: {}
COMMAND: GET /session/db7e8e0bc6cb7545f5479edbe1e25c48/screenshot - {}
RESULT: {}
COMMAND: POST /session/db7e8e0bc6cb7545f5479edbe1e25c48/execute/async - {"script":"<script> [1562 bytes]","args":[{"selector":{"id":"application-managepartners-display-component---NewPartner--partnerDetailInternal-arrow"},"wdio_ui5_key":"applicationmanagepartners-display-component---NewPartner--partnerDetailInternal-arrow"}]}
RESULT: {"script":"<script> [1562 bytes]","args":[{"selector":{"id":"application-managepartners-display-component---NewPartner--partnerDetailInternal-arrow"},"wdio_ui5_key":"applicationmanagepartners-display-component---NewPartner--partnerDetailInternal-arrow"}]}
RESULT: undefined
COMMAND: POST /session/db7e8e0bc6cb7545f5479edbe1e25c48/element - {"using":"xpath","value":"//*[@id=\"application-managepartners-display-component---NewPartner--partnerDetailInternal-arrow\"]"}
RESULT: {"using":"xpath","value":"//*[@id=\"application-managepartners-display-component---NewPartner--partnerDetailInternal-arrow\"]"}
COMMAND: POST /session/db7e8e0bc6cb7545f5479edbe1e25c48/element/f.A305B2C0A529549F02C3CF63D97C7E2E.d.23FB0B82A821AA327EA86F078B395E90.e.4979/click - {}
RESULT: {}
COMMAND: POST /session/db7e8e0bc6cb7545f5479edbe1e25c48/element - {"using":"xpath","value":"//span[contains(text(), \"Affiliated company\")]"}
COMMAND: GET /session/db7e8e0bc6cb7545f5479edbe1e25c48/screenshot - {}
RESULT: {"using":"xpath","value":"//span[contains(text(), \"Affiliated company\")]"}
COMMAND: POST /session/db7e8e0bc6cb7545f5479edbe1e25c48/element/f.A305B2C0A529549F02C3CF63D97C7E2E.d.23FB0B82A821AA327EA86F078B395E90.e.4980/click - {}
RESULT: {}
RESULT: {}
COMMAND: POST /session/db7e8e0bc6cb7545f5479edbe1e25c48/execute/async - {"script":"<script> [1562 bytes]","args":[{"selector":{"id":"application-managepartners-display-component---NewPartner--partnerDetailsCurrency-arrow"},"wdio_ui5_key":"applicationmanagepartners-display-component---NewPartner--partnerDetailsCurrency-arrow"}]}
COMMAND: GET /session/db7e8e0bc6cb7545f5479edbe1e25c48/screenshot - {}
RESULT: {"script":"<script> [1562 bytes]","args":[{"selector":{"id":"application-managepartners-display-component---NewPartner--partnerDetailsCurrency-arrow"},"wdio_ui5_key":"applicationmanagepartners-display-component---NewPartner--partnerDetailsCurrency-arrow"}]}
RESULT: undefined
COMMAND: POST /session/db7e8e0bc6cb7545f5479edbe1e25c48/element - {"using":"xpath","value":"//*[@id=\"application-managepartners-display-component---NewPartner--partnerDetailsCurrency-arrow\"]"}
RESULT: {}
RESULT: {"using":"xpath","value":"//*[@id=\"application-managepartners-display-component---NewPartner--partnerDetailsCurrency-arrow\"]"}
COMMAND: POST /session/db7e8e0bc6cb7545f5479edbe1e25c48/element/f.A305B2C0A529549F02C3CF63D97C7E2E.d.23FB0B82A821AA327EA86F078B395E90.e.4987/click - {}
RESULT: {}
COMMAND: POST /session/db7e8e0bc6cb7545f5479edbe1e25c48/element - {"using":"xpath","value":"//span[contains(text(), \"Euro\")]"}
COMMAND: GET /session/db7e8e0bc6cb7545f5479edbe1e25c48/screenshot - {}
RESULT: {"using":"xpath","value":"//span[contains(text(), \"Euro\")]"}
COMMAND: POST /session/db7e8e0bc6cb7545f5479edbe1e25c48/element/f.A305B2C0A529549F02C3CF63D97C7E2E.d.23FB0B82A821AA327EA86F078B395E90.e.4988/click - {}
RESULT: {}
RESULT: {}
COMMAND: POST /session/db7e8e0bc6cb7545f5479edbe1e25c48/execute/async - {"script":"<script> [1562 bytes]","args":[{"selector":{"id":"application-managepartners-display-component---NewPartner--addressEditDetailsCostObjectCstType-arrow"},"wdio_ui5_key":"applicationmanagepartners-display-component---NewPartner--addressEditDetailsCostObjectCstType-arrow"}]}
COMMAND: GET /session/db7e8e0bc6cb7545f5479edbe1e25c48/screenshot - {}
RESULT: {"script":"<script> [1562 bytes]","args":[{"selector":{"id":"application-managepartners-display-component---NewPartner--addressEditDetailsCostObjectCstType-arrow"},"wdio_ui5_key":"applicationmanagepartners-display-component---NewPartner--addressEditDetailsCostObjectCstType-arrow"}]}
RESULT: undefined
COMMAND: POST /session/db7e8e0bc6cb7545f5479edbe1e25c48/element - {"using":"xpath","value":"//*[@id=\"application-managepartners-display-component---NewPartner--addressEditDetailsCostObjectCstType-arrow\"]"}
RESULT: {}
RESULT: {"using":"xpath","value":"//*[@id=\"application-managepartners-display-component---NewPartner--addressEditDetailsCostObjectCstType-arrow\"]"}
COMMAND: POST /session/db7e8e0bc6cb7545f5479edbe1e25c48/element/f.A305B2C0A529549F02C3CF63D97C7E2E.d.23FB0B82A821AA327EA86F078B395E90.e.4989/click - {}
RESULT: {}
COMMAND: POST /session/db7e8e0bc6cb7545f5479edbe1e25c48/element - {"using":"xpath","value":"//span[contains(text(), \"Cost Center\")]"}
COMMAND: GET /session/db7e8e0bc6cb7545f5479edbe1e25c48/screenshot - {}
RESULT: {"using":"xpath","value":"//span[contains(text(), \"Cost Center\")]"}
COMMAND: POST /session/db7e8e0bc6cb7545f5479edbe1e25c48/element/f.A305B2C0A529549F02C3CF63D97C7E2E.d.23FB0B82A821AA327EA86F078B395E90.e.4990/click - {}
RESULT: {}
RESULT: {}
COMMAND: GET /session/db7e8e0bc6cb7545f5479edbe1e25c48/screenshot - {}
RESULT: {}
COMMAND: POST /session/db7e8e0bc6cb7545f5479edbe1e25c48/element - {"using":"xpath","value":"//span[@id=\"application-managepartners-display-component---NewPartner--addressNewCostObjectCstID-vhi\"]"}
RESULT: {"using":"xpath","value":"//span[@id=\"application-managepartners-display-component---NewPartner--addressNewCostObjectCstID-vhi\"]"}
COMMAND: POST /session/db7e8e0bc6cb7545f5479edbe1e25c48/execute/sync - {"script":"<script> [8489 bytes]","args":[{"element-6066-11e4-a52e-4f735466cecf":"f.A305B2C0A529549F02C3CF63D97C7E2E.d.23FB0B82A821AA327EA86F078B395E90.e.4993","ELEMENT":"f.A305B2C0A529549F02C3CF63D97C7E2E.d.23FB0B82A821AA327EA86F078B395E90.e.4993"}]}
RESULT: {"script":"<script> [8489 bytes]","args":[{"element-6066-11e4-a52e-4f735466cecf":"f.A305B2C0A529549F02C3CF63D97C7E2E.d.23FB0B82A821AA327EA86F078B395E90.e.4993","ELEMENT":"f.A305B2C0A529549F02C3CF63D97C7E2E.d.23FB0B82A821AA327EA86F078B395E90.e.4993"}]}
COMMAND: POST /session/db7e8e0bc6cb7545f5479edbe1e25c48/execute/async - {"script":"<script> [1562 bytes]","args":[{"selector":{"id":"application-managepartners-display-component---NewPartner--addressNewCostObjectCstID-vhi"},"wdio_ui5_key":"applicationmanagepartners-display-component---NewPartner--addressNewCostObjectCstID-vhi"}]}
COMMAND: GET /session/db7e8e0bc6cb7545f5479edbe1e25c48/screenshot - {}
RESULT: {"script":"<script> [1562 bytes]","args":[{"selector":{"id":"application-managepartners-display-component---NewPartner--addressNewCostObjectCstID-vhi"},"wdio_ui5_key":"applicationmanagepartners-display-component---NewPartner--addressNewCostObjectCstID-vhi"}]}
RESULT: undefined
COMMAND: POST /session/db7e8e0bc6cb7545f5479edbe1e25c48/element - {"using":"xpath","value":"//*[@id=\"application-managepartners-display-component---NewPartner--addressNewCostObjectCstID-vhi\"]"}
RESULT: {}
RESULT: {"using":"xpath","value":"//*[@id=\"application-managepartners-display-component---NewPartner--addressNewCostObjectCstID-vhi\"]"}
COMMAND: POST /session/db7e8e0bc6cb7545f5479edbe1e25c48/element/f.A305B2C0A529549F02C3CF63D97C7E2E.d.23FB0B82A821AA327EA86F078B395E90.e.4993/click - {}
RESULT: {}
COMMAND: GET /session/db7e8e0bc6cb7545f5479edbe1e25c48/screenshot - {}
RESULT: {}
COMMAND: POST /session/db7e8e0bc6cb7545f5479edbe1e25c48/execute/async - {"script":"<script> [1562 bytes]","args":[{"selector":{"controlType":"sap.m.SearchField","properties":{"placeholder":"Search"},"searchOpenDialogs":true,"interaction":{"idSuffix":"I"}},"wdio_ui5_key":"sapm.SearchField{\"placeholder\":\"Search\"}"}]}
RESULT: {"script":"<script> [1562 bytes]","args":[{"selector":{"controlType":"sap.m.SearchField","properties":{"placeholder":"Search"},"searchOpenDialogs":true,"interaction":{"idSuffix":"I"}},"wdio_ui5_key":"sapm.SearchField{\"placeholder\":\"Search\"}"}]}
RESULT: undefined
COMMAND: POST /session/db7e8e0bc6cb7545f5479edbe1e25c48/execute/async - {"script":"<script> [776 bytes]","args":[{"enterText":"10001013","selector":{"controlType":"sap.m.SearchField","properties":{"placeholder":"Search"},"searchOpenDialogs":true,"interaction":{"idSuffix":"I"}},"clearTextFirst":true,"interactionType":"ENTER_TEXT"}]}
RESULT: {"script":"<script> [776 bytes]","args":[{"enterText":"10001013","selector":{"controlType":"sap.m.SearchField","properties":{"placeholder":"Search"},"searchOpenDialogs":true,"interaction":{"idSuffix":"I"}},"clearTextFirst":true,"interactionType":"ENTER_TEXT"}]}
COMMAND: POST /session/db7e8e0bc6cb7545f5479edbe1e25c48/actions - {"actions":[{"id":"action12","type":"key","parameters":{},"actions":[{"type":"keyDown","value":""},{"type":"pause","duration":10},{"type":"keyUp","value":""}]}]}
RESULT: {"actions":[{"id":"action12","type":"key","parameters":{},"actions":[{"type":"keyDown","value":""},{"type":"pause","duration":10},{"type":"keyUp","value":""}]}]}
COMMAND: GET /session/db7e8e0bc6cb7545f5479edbe1e25c48/screenshot - {}
RESULT: {}
COMMAND: POST /session/db7e8e0bc6cb7545f5479edbe1e25c48/element - {"using":"xpath","value":"//span[contains(text(), \"General Management\")]"}
RESULT: {"using":"xpath","value":"//span[contains(text(), \"General Management\")]"}
COMMAND: POST /session/db7e8e0bc6cb7545f5479edbe1e25c48/element/f.A305B2C0A529549F02C3CF63D97C7E2E.d.23FB0B82A821AA327EA86F078B395E90.e.5036/click - {}
RESULT: {}
COMMAND: GET /session/db7e8e0bc6cb7545f5479edbe1e25c48/screenshot - {}
RESULT: {}
COMMAND: POST /session/db7e8e0bc6cb7545f5479edbe1e25c48/element - {"using":"xpath","value":"//bdi[contains(text(), \"OK\")]"}
RESULT: {"using":"xpath","value":"//bdi[contains(text(), \"OK\")]"}
COMMAND: POST /session/db7e8e0bc6cb7545f5479edbe1e25c48/element/f.A305B2C0A529549F02C3CF63D97C7E2E.d.23FB0B82A821AA327EA86F078B395E90.e.5037/click - {}
RESULT: {}
COMMAND: GET /session/db7e8e0bc6cb7545f5479edbe1e25c48/screenshot - {}
RESULT: {}
COMMAND: POST /session/db7e8e0bc6cb7545f5479edbe1e25c48/element - {"using":"xpath","value":"//input[@id=\"application-managepartners-display-component---NewPartner--companyCodeComboBox-inner\"]"}
RESULT: {"using":"xpath","value":"//input[@id=\"application-managepartners-display-component---NewPartner--companyCodeComboBox-inner\"]"}
COMMAND: POST /session/db7e8e0bc6cb7545f5479edbe1e25c48/element/f.A305B2C0A529549F02C3CF63D97C7E2E.d.23FB0B82A821AA327EA86F078B395E90.e.4889/clear - {}
RESULT: {}
COMMAND: POST /session/db7e8e0bc6cb7545f5479edbe1e25c48/element/f.A305B2C0A529549F02C3CF63D97C7E2E.d.23FB0B82A821AA327EA86F078B395E90.e.4889/value - {"text":"1000"}
COMMAND: GET /session/db7e8e0bc6cb7545f5479edbe1e25c48/screenshot - {}
RESULT: {"text":"1000"}
COMMAND: GET /session/db7e8e0bc6cb7545f5479edbe1e25c48/screenshot - {}
RESULT: {}
RESULT: {}
COMMAND: POST /session/db7e8e0bc6cb7545f5479edbe1e25c48/element - {"using":"xpath","value":"//span[contains(text(), \"1000\")]"}
RESULT: {"using":"xpath","value":"//span[contains(text(), \"1000\")]"}
COMMAND: POST /session/db7e8e0bc6cb7545f5479edbe1e25c48/element/f.A305B2C0A529549F02C3CF63D97C7E2E.d.23FB0B82A821AA327EA86F078B395E90.e.5043/click - {}
RESULT: {}
COMMAND: GET /session/db7e8e0bc6cb7545f5479edbe1e25c48/screenshot - {}
RESULT: {}
COMMAND: POST /session/db7e8e0bc6cb7545f5479edbe1e25c48/execute/async - {"script":"<script> [1562 bytes]","args":[{"selector":{"id":"application-managepartners-display-component---NewPartner--btnAddTableRow-img"},"wdio_ui5_key":"applicationmanagepartners-display-component---NewPartner--btnAddTableRow-img"}]}
RESULT: {"script":"<script> [1562 bytes]","args":[{"selector":{"id":"application-managepartners-display-component---NewPartner--btnAddTableRow-img"},"wdio_ui5_key":"applicationmanagepartners-display-component---NewPartner--btnAddTableRow-img"}]}
RESULT: undefined
COMMAND: POST /session/db7e8e0bc6cb7545f5479edbe1e25c48/element - {"using":"xpath","value":"//*[@id=\"application-managepartners-display-component---NewPartner--btnAddTableRow-img\"]"}
RESULT: {"using":"xpath","value":"//*[@id=\"application-managepartners-display-component---NewPartner--btnAddTableRow-img\"]"}
COMMAND: POST /session/db7e8e0bc6cb7545f5479edbe1e25c48/element/f.A305B2C0A529549F02C3CF63D97C7E2E.d.23FB0B82A821AA327EA86F078B395E90.e.5044/click - {}
RESULT: {}
COMMAND: GET /session/db7e8e0bc6cb7545f5479edbe1e25c48/screenshot - {}
RESULT: {}
COMMAND: POST /session/db7e8e0bc6cb7545f5479edbe1e25c48/element - {"using":"xpath","value":"//input[@id=\"application-managepartners-display-component---NewPartner--assignmentYard-application-managepartners-display-component---NewPartner--assignmentsTable-0-inner\"]"}
RESULT: {"using":"xpath","value":"//input[@id=\"application-managepartners-display-component---NewPartner--assignmentYard-application-managepartners-display-component---NewPartner--assignmentsTable-0-inner\"]"}
COMMAND: POST /session/db7e8e0bc6cb7545f5479edbe1e25c48/element/f.A305B2C0A529549F02C3CF63D97C7E2E.d.23FB0B82A821AA327EA86F078B395E90.e.5047/clear - {}
RESULT: {}
COMMAND: POST /session/db7e8e0bc6cb7545f5479edbe1e25c48/element/f.A305B2C0A529549F02C3CF63D97C7E2E.d.23FB0B82A821AA327EA86F078B395E90.e.5047/value - {"text":"576"}
COMMAND: GET /session/db7e8e0bc6cb7545f5479edbe1e25c48/screenshot - {}
RESULT: {"text":"576"}
COMMAND: GET /session/db7e8e0bc6cb7545f5479edbe1e25c48/screenshot - {}
RESULT: {}
RESULT: {}
COMMAND: POST /session/db7e8e0bc6cb7545f5479edbe1e25c48/element - {"using":"xpath","value":"//li[.//span[text()='576']]"}
RESULT: {"using":"xpath","value":"//li[.//span[text()='576']]"}
COMMAND: POST /session/db7e8e0bc6cb7545f5479edbe1e25c48/element/f.A305B2C0A529549F02C3CF63D97C7E2E.d.23FB0B82A821AA327EA86F078B395E90.e.5056/click - {}
RESULT: {}
COMMAND: GET /session/db7e8e0bc6cb7545f5479edbe1e25c48/screenshot - {}
RESULT: {}
COMMAND: POST /session/db7e8e0bc6cb7545f5479edbe1e25c48/actions - {"actions":[{"id":"action13","type":"key","parameters":{},"actions":[{"type":"keyDown","value":""},{"type":"pause","duration":10},{"type":"keyUp","value":""}]}]}
RESULT: {"actions":[{"id":"action13","type":"key","parameters":{},"actions":[{"type":"keyDown","value":""},{"type":"pause","duration":10},{"type":"keyUp","value":""}]}]}
COMMAND: POST /session/db7e8e0bc6cb7545f5479edbe1e25c48/execute/async - {"script":"<script> [1562 bytes]","args":[{"selector":{"id":"application-managepartners-display-component---NewPartner--externalCustomerComboBox-application-managepartners-display-component---NewPartner--assignmentsTable-0-vhi"},"wdio_ui5_key":"applicationmanagepartners-display-component---NewPartner--externalCustomerComboBox-application-managepartners-display-component---NewPartner--assignmentsTable-0-vhi"}]}
COMMAND: GET /session/db7e8e0bc6cb7545f5479edbe1e25c48/screenshot - {}
RESULT: {"script":"<script> [1562 bytes]","args":[{"selector":{"id":"application-managepartners-display-component---NewPartner--externalCustomerComboBox-application-managepartners-display-component---NewPartner--assignmentsTable-0-vhi"},"wdio_ui5_key":"applicationmanagepartners-display-component---NewPartner--externalCustomerComboBox-application-managepartners-display-component---NewPartner--assignmentsTable-0-vhi"}]}
RESULT: undefined
COMMAND: POST /session/db7e8e0bc6cb7545f5479edbe1e25c48/element - {"using":"xpath","value":"//*[@id=\"application-managepartners-display-component---NewPartner--externalCustomerComboBox-application-managepartners-display-component---NewPartner--assignmentsTable-0-vhi\"]"}
RESULT: {}
RESULT: {"using":"xpath","value":"//*[@id=\"application-managepartners-display-component---NewPartner--externalCustomerComboBox-application-managepartners-display-component---NewPartner--assignmentsTable-0-vhi\"]"}
COMMAND: POST /session/db7e8e0bc6cb7545f5479edbe1e25c48/element/f.A305B2C0A529549F02C3CF63D97C7E2E.d.23FB0B82A821AA327EA86F078B395E90.e.5060/click - {}
RESULT: {}
RESULT: undefined
COMMAND: POST /session/db7e8e0bc6cb7545f5479edbe1e25c48/execute/async - {"script":"<script> [776 bytes]","args":[{"enterText":"300003","selector":{"controlType":"sap.m.SearchField","properties":{"placeholder":"Search"},"searchOpenDialogs":true,"interaction":{"idSuffix":"I"}},"clearTextFirst":true,"interactionType":"ENTER_TEXT"}]}
COMMAND: GET /session/db7e8e0bc6cb7545f5479edbe1e25c48/screenshot - {}
RESULT: {"script":"<script> [776 bytes]","args":[{"enterText":"300003","selector":{"controlType":"sap.m.SearchField","properties":{"placeholder":"Search"},"searchOpenDialogs":true,"interaction":{"idSuffix":"I"}},"clearTextFirst":true,"interactionType":"ENTER_TEXT"}]}
COMMAND: POST /session/db7e8e0bc6cb7545f5479edbe1e25c48/actions - {"actions":[{"id":"action14","type":"key","parameters":{},"actions":[{"type":"keyDown","value":""},{"type":"pause","duration":10},{"type":"keyUp","value":""}]}]}
RESULT: {}
RESULT: {"actions":[{"id":"action14","type":"key","parameters":{},"actions":[{"type":"keyDown","value":""},{"type":"pause","duration":10},{"type":"keyUp","value":""}]}]}
COMMAND: GET /session/db7e8e0bc6cb7545f5479edbe1e25c48/screenshot - {}
RESULT: {}
COMMAND: POST /session/db7e8e0bc6cb7545f5479edbe1e25c48/element - {"using":"xpath","value":"//span[contains(text(), \"300003\")]"}
RESULT: {"using":"xpath","value":"//span[contains(text(), \"300003\")]"}
COMMAND: POST /session/db7e8e0bc6cb7545f5479edbe1e25c48/element/f.A305B2C0A529549F02C3CF63D97C7E2E.d.23FB0B82A821AA327EA86F078B395E90.e.5079/click - {}
RESULT: {}
COMMAND: GET /session/db7e8e0bc6cb7545f5479edbe1e25c48/screenshot - {}
RESULT: {}
COMMAND: POST /session/db7e8e0bc6cb7545f5479edbe1e25c48/element - {"using":"xpath","value":"//bdi[contains(text(), \"OK\")]"}
RESULT: {"using":"xpath","value":"//bdi[contains(text(), \"OK\")]"}
COMMAND: POST /session/db7e8e0bc6cb7545f5479edbe1e25c48/element/f.A305B2C0A529549F02C3CF63D97C7E2E.d.23FB0B82A821AA327EA86F078B395E90.e.5081/click - {}
RESULT: {}
COMMAND: GET /session/db7e8e0bc6cb7545f5479edbe1e25c48/screenshot - {}
RESULT: {}
COMMAND: POST /session/db7e8e0bc6cb7545f5479edbe1e25c48/execute/async - {"script":"<script> [1562 bytes]","args":[{"selector":{"id":"application-managepartners-display-component---NewPartner--intercompVendorComboBox-application-managepartners-display-component---NewPartner--assignmentsTable-0-vhi"},"wdio_ui5_key":"applicationmanagepartners-display-component---NewPartner--intercompVendorComboBox-application-managepartners-display-component---NewPartner--assignmentsTable-0-vhi"}]}
RESULT: {"script":"<script> [1562 bytes]","args":[{"selector":{"id":"application-managepartners-display-component---NewPartner--intercompVendorComboBox-application-managepartners-display-component---NewPartner--assignmentsTable-0-vhi"},"wdio_ui5_key":"applicationmanagepartners-display-component---NewPartner--intercompVendorComboBox-application-managepartners-display-component---NewPartner--assignmentsTable-0-vhi"}]}
RESULT: undefined
COMMAND: POST /session/db7e8e0bc6cb7545f5479edbe1e25c48/element - {"using":"xpath","value":"//*[@id=\"application-managepartners-display-component---NewPartner--intercompVendorComboBox-application-managepartners-display-component---NewPartner--assignmentsTable-0-vhi\"]"}
RESULT: {"using":"xpath","value":"//*[@id=\"application-managepartners-display-component---NewPartner--intercompVendorComboBox-application-managepartners-display-component---NewPartner--assignmentsTable-0-vhi\"]"}
COMMAND: POST /session/db7e8e0bc6cb7545f5479edbe1e25c48/element/f.A305B2C0A529549F02C3CF63D97C7E2E.d.23FB0B82A821AA327EA86F078B395E90.e.5085/click - {}
RESULT: {}
RESULT: undefined
COMMAND: POST /session/db7e8e0bc6cb7545f5479edbe1e25c48/execute/async - {"script":"<script> [776 bytes]","args":[{"enterText":"100005","selector":{"controlType":"sap.m.SearchField","properties":{"placeholder":"Search"},"searchOpenDialogs":true,"interaction":{"idSuffix":"I"}},"clearTextFirst":true,"interactionType":"ENTER_TEXT"}]}
COMMAND: GET /session/db7e8e0bc6cb7545f5479edbe1e25c48/screenshot - {}
RESULT: {"script":"<script> [776 bytes]","args":[{"enterText":"100005","selector":{"controlType":"sap.m.SearchField","properties":{"placeholder":"Search"},"searchOpenDialogs":true,"interaction":{"idSuffix":"I"}},"clearTextFirst":true,"interactionType":"ENTER_TEXT"}]}
COMMAND: POST /session/db7e8e0bc6cb7545f5479edbe1e25c48/actions - {"actions":[{"id":"action15","type":"key","parameters":{},"actions":[{"type":"keyDown","value":""},{"type":"pause","duration":10},{"type":"keyUp","value":""}]}]}
RESULT: {}
RESULT: {"actions":[{"id":"action15","type":"key","parameters":{},"actions":[{"type":"keyDown","value":""},{"type":"pause","duration":10},{"type":"keyUp","value":""}]}]}
COMMAND: GET /session/db7e8e0bc6cb7545f5479edbe1e25c48/screenshot - {}
RESULT: {}
COMMAND: POST /session/db7e8e0bc6cb7545f5479edbe1e25c48/element - {"using":"xpath","value":"//span[contains(text(), \"Penguins - Field/12345 Berlin\")]"}
RESULT: {"using":"xpath","value":"//span[contains(text(), \"Penguins - Field/12345 Berlin\")]"}
COMMAND: POST /session/db7e8e0bc6cb7545f5479edbe1e25c48/element/f.A305B2C0A529549F02C3CF63D97C7E2E.d.23FB0B82A821AA327EA86F078B395E90.e.5104/click - {}
RESULT: {}
COMMAND: GET /session/db7e8e0bc6cb7545f5479edbe1e25c48/screenshot - {}
RESULT: {}
COMMAND: POST /session/db7e8e0bc6cb7545f5479edbe1e25c48/element - {"using":"xpath","value":"//bdi[contains(text(), \"OK\")]"}
RESULT: {"using":"xpath","value":"//bdi[contains(text(), \"OK\")]"}
COMMAND: POST /session/db7e8e0bc6cb7545f5479edbe1e25c48/element/f.A305B2C0A529549F02C3CF63D97C7E2E.d.23FB0B82A821AA327EA86F078B395E90.e.5105/click - {}
RESULT: {}
COMMAND: GET /session/db7e8e0bc6cb7545f5479edbe1e25c48/screenshot - {}
RESULT: {}
COMMAND: POST /session/db7e8e0bc6cb7545f5479edbe1e25c48/element - {"using":"xpath","value":"//button[@data-kt=\"saveButton\"]"}
RESULT: {"using":"xpath","value":"//button[@data-kt=\"saveButton\"]"}
COMMAND: POST /session/db7e8e0bc6cb7545f5479edbe1e25c48/element/f.A305B2C0A529549F02C3CF63D97C7E2E.d.23FB0B82A821AA327EA86F078B395E90.e.4895/click - {}
RESULT: {}
COMMAND: GET /session/db7e8e0bc6cb7545f5479edbe1e25c48/screenshot - {}
RESULT: {}
COMMAND: POST /session/db7e8e0bc6cb7545f5479edbe1e25c48/element - {"using":"xpath","value":"//header[contains(@id, 'ObjectPageLayout-headerTitle')]/div[1]/div[2]/div[2]/span[1]"}
RESULT: {"using":"xpath","value":"//header[contains(@id, 'ObjectPageLayout-headerTitle')]/div[1]/div[2]/div[2]/span[1]"}
COMMAND: POST /session/db7e8e0bc6cb7545f5479edbe1e25c48/elements - {"using":"xpath","value":"//header[contains(@id, 'ObjectPageLayout-headerTitle')]/div[1]/div[2]/div[2]/span[1]"}
RESULT: {"using":"xpath","value":"//header[contains(@id, 'ObjectPageLayout-headerTitle')]/div[1]/div[2]/div[2]/span[1]"}
COMMAND: POST /session/db7e8e0bc6cb7545f5479edbe1e25c48/execute/sync - {"script":"<script> [56 bytes]","args":[{"element-6066-11e4-a52e-4f735466cecf":"f.A305B2C0A529549F02C3CF63D97C7E2E.d.23FB0B82A821AA327EA86F078B395E90.e.5272","ELEMENT":"f.A305B2C0A529549F02C3CF63D97C7E2E.d.23FB0B82A821AA327EA86F078B395E90.e.5272"}]}
RESULT: {"script":"<script> [56 bytes]","args":[{"element-6066-11e4-a52e-4f735466cecf":"f.A305B2C0A529549F02C3CF63D97C7E2E.d.23FB0B82A821AA327EA86F078B395E90.e.5272","ELEMENT":"f.A305B2C0A529549F02C3CF63D97C7E2E.d.23FB0B82A821AA327EA86F078B395E90.e.5272"}]}
COMMAND: POST /session/db7e8e0bc6cb7545f5479edbe1e25c48/element - {"using":"css selector","value":"#shell-header-logo"}
COMMAND: GET /session/db7e8e0bc6cb7545f5479edbe1e25c48/screenshot - {}
RESULT: {"using":"css selector","value":"#shell-header-logo"}
COMMAND: POST /session/db7e8e0bc6cb7545f5479edbe1e25c48/element/f.A305B2C0A529549F02C3CF63D97C7E2E.d.23FB0B82A821AA327EA86F078B395E90.e.4484/click - {}
RESULT: {}
RESULT: {}
COMMAND: GET /session/db7e8e0bc6cb7545f5479edbe1e25c48/screenshot - {}
RESULT: {}
COMMAND: POST /session/db7e8e0bc6cb7545f5479edbe1e25c48/execute/sync - {"script":"<script> [299 bytes]","args":[["getModel","getResource"]]}
RESULT: {"script":"<script> [299 bytes]","args":[["getModel","getResource"]]}
RESULT: undefined
COMMAND: POST /session/db7e8e0bc6cb7545f5479edbe1e25c48/element - {"using":"xpath","value":"//*[@id=\"__tile30\"]"}
COMMAND: GET /session/db7e8e0bc6cb7545f5479edbe1e25c48/screenshot - {}
RESULT: {"using":"xpath","value":"//*[@id=\"__tile30\"]"}
COMMAND: POST /session/db7e8e0bc6cb7545f5479edbe1e25c48/element/f.A305B2C0A529549F02C3CF63D97C7E2E.d.23FB0B82A821AA327EA86F078B395E90.e.4405/click - {}
RESULT: {}
RESULT: {}
COMMAND: POST /session/db7e8e0bc6cb7545f5479edbe1e25c48/element - {"using":"xpath","value":"//button[@data-kt=\"addButton\"]"}
COMMAND: GET /session/db7e8e0bc6cb7545f5479edbe1e25c48/screenshot - {}
RESULT: {"using":"xpath","value":"//button[@data-kt=\"addButton\"]"}
COMMAND: POST /session/db7e8e0bc6cb7545f5479edbe1e25c48/elements - {"using":"xpath","value":"//button[@data-kt=\"addButton\"]"}
RESULT: {}
RESULT: {"using":"xpath","value":"//button[@data-kt=\"addButton\"]"}
COMMAND: POST /session/db7e8e0bc6cb7545f5479edbe1e25c48/elements - {"using":"xpath","value":"//button[@data-kt=\"addButton\"]"}
RESULT: {"using":"xpath","value":"//button[@data-kt=\"addButton\"]"}
COMMAND: POST /session/db7e8e0bc6cb7545f5479edbe1e25c48/element - {"using":"xpath","value":"//button[@data-kt=\"addButton\"]"}
RESULT: {"using":"xpath","value":"//button[@data-kt=\"addButton\"]"}
COMMAND: POST /session/db7e8e0bc6cb7545f5479edbe1e25c48/execute/sync - {"script":"<script> [8489 bytes]","args":[{"element-6066-11e4-a52e-4f735466cecf":"f.A305B2C0A529549F02C3CF63D97C7E2E.d.23FB0B82A821AA327EA86F078B395E90.e.5309","ELEMENT":"f.A305B2C0A529549F02C3CF63D97C7E2E.d.23FB0B82A821AA327EA86F078B395E90.e.5309"}]}
RESULT: {"script":"<script> [8489 bytes]","args":[{"element-6066-11e4-a52e-4f735466cecf":"f.A305B2C0A529549F02C3CF63D97C7E2E.d.23FB0B82A821AA327EA86F078B395E90.e.5309","ELEMENT":"f.A305B2C0A529549F02C3CF63D97C7E2E.d.23FB0B82A821AA327EA86F078B395E90.e.5309"}]}
COMMAND: GET /session/db7e8e0bc6cb7545f5479edbe1e25c48/element/f.A305B2C0A529549F02C3CF63D97C7E2E.d.23FB0B82A821AA327EA86F078B395E90.e.5309/enabled - {}
COMMAND: GET /session/db7e8e0bc6cb7545f5479edbe1e25c48/screenshot - {}
RESULT: {}
COMMAND: POST /session/db7e8e0bc6cb7545f5479edbe1e25c48/execute/sync - {"script":"<script> [8489 bytes]","args":[{"element-6066-11e4-a52e-4f735466cecf":"f.A305B2C0A529549F02C3CF63D97C7E2E.d.23FB0B82A821AA327EA86F078B395E90.e.5309","ELEMENT":"f.A305B2C0A529549F02C3CF63D97C7E2E.d.23FB0B82A821AA327EA86F078B395E90.e.5309"}]}
COMMAND: GET /session/db7e8e0bc6cb7545f5479edbe1e25c48/screenshot - {}
RESULT: {}
RESULT: {"script":"<script> [8489 bytes]","args":[{"element-6066-11e4-a52e-4f735466cecf":"f.A305B2C0A529549F02C3CF63D97C7E2E.d.23FB0B82A821AA327EA86F078B395E90.e.5309","ELEMENT":"f.A305B2C0A529549F02C3CF63D97C7E2E.d.23FB0B82A821AA327EA86F078B395E90.e.5309"}]}
COMMAND: POST /session/db7e8e0bc6cb7545f5479edbe1e25c48/execute/sync - {"script":"<script> [5351 bytes]","args":[{"element-6066-11e4-a52e-4f735466cecf":"f.A305B2C0A529549F02C3CF63D97C7E2E.d.23FB0B82A821AA327EA86F078B395E90.e.5309","ELEMENT":"f.A305B2C0A529549F02C3CF63D97C7E2E.d.23FB0B82A821AA327EA86F078B395E90.e.5309"}]}
COMMAND: GET /session/db7e8e0bc6cb7545f5479edbe1e25c48/screenshot - {}
RESULT: {}
RESULT: {"script":"<script> [5351 bytes]","args":[{"element-6066-11e4-a52e-4f735466cecf":"f.A305B2C0A529549F02C3CF63D97C7E2E.d.23FB0B82A821AA327EA86F078B395E90.e.5309","ELEMENT":"f.A305B2C0A529549F02C3CF63D97C7E2E.d.23FB0B82A821AA327EA86F078B395E90.e.5309"}]}
COMMAND: GET /session/db7e8e0bc6cb7545f5479edbe1e25c48/screenshot - {}
RESULT: {}
RESULT: {}
COMMAND: POST /session/db7e8e0bc6cb7545f5479edbe1e25c48/execute/async - {"script":"<script> [1562 bytes]","args":[{"selector":{"id":"application-managepartners-display-component---masterPtm--smartFilterBar-btnBasicSearch","interaction":{"idSuffix":"I"}},"wdio_ui5_key":"applicationmanagepartners-display-component---masterPtm--smartFilterBar-btnBasicSearch"}]}
RESULT: {"script":"<script> [1562 bytes]","args":[{"selector":{"id":"application-managepartners-display-component---masterPtm--smartFilterBar-btnBasicSearch","interaction":{"idSuffix":"I"}},"wdio_ui5_key":"applicationmanagepartners-display-component---masterPtm--smartFilterBar-btnBasicSearch"}]}
RESULT: undefined
COMMAND: POST /session/db7e8e0bc6cb7545f5479edbe1e25c48/execute/async - {"script":"<script> [776 bytes]","args":[{"enterText":"1433","selector":{"id":"application-managepartners-display-component---masterPtm--smartFilterBar-btnBasicSearch","interaction":{"idSuffix":"I"}},"clearTextFirst":true,"interactionType":"ENTER_TEXT"}]}
RESULT: {"script":"<script> [776 bytes]","args":[{"enterText":"1433","selector":{"id":"application-managepartners-display-component---masterPtm--smartFilterBar-btnBasicSearch","interaction":{"idSuffix":"I"}},"clearTextFirst":true,"interactionType":"ENTER_TEXT"}]}
COMMAND: POST /session/db7e8e0bc6cb7545f5479edbe1e25c48/actions - {"actions":[{"id":"action16","type":"key","parameters":{},"actions":[{"type":"keyDown","value":""},{"type":"pause","duration":10},{"type":"keyUp","value":""}]}]}
RESULT: {"actions":[{"id":"action16","type":"key","parameters":{},"actions":[{"type":"keyDown","value":""},{"type":"pause","duration":10},{"type":"keyUp","value":""}]}]}
COMMAND: GET /session/db7e8e0bc6cb7545f5479edbe1e25c48/screenshot - {}
RESULT: {}
COMMAND: POST /session/db7e8e0bc6cb7545f5479edbe1e25c48/elements - {"using":"xpath","value":"//table[contains(@id, \"customPartnersTable-listUl\")]/tbody/tr"}
RESULT: {"using":"xpath","value":"//table[contains(@id, \"customPartnersTable-listUl\")]/tbody/tr"}
COMMAND: POST /session/db7e8e0bc6cb7545f5479edbe1e25c48/element - {"using":"xpath","value":"//table[contains(@id, \"customPartnersTable-listUl\")]/tbody/tr[1]/td[3]/span"}
RESULT: {"using":"xpath","value":"//table[contains(@id, \"customPartnersTable-listUl\")]/tbody/tr[1]/td[3]/span"}
COMMAND: POST /session/db7e8e0bc6cb7545f5479edbe1e25c48/elements - {"using":"xpath","value":"//table[contains(@id, \"customPartnersTable-listUl\")]/tbody/tr[1]/td[3]/span"}
RESULT: {"using":"xpath","value":"//table[contains(@id, \"customPartnersTable-listUl\")]/tbody/tr[1]/td[3]/span"}
COMMAND: POST /session/db7e8e0bc6cb7545f5479edbe1e25c48/execute/sync - {"script":"<script> [56 bytes]","args":[{"element-6066-11e4-a52e-4f735466cecf":"f.A305B2C0A529549F02C3CF63D97C7E2E.d.23FB0B82A821AA327EA86F078B395E90.e.5456","ELEMENT":"f.A305B2C0A529549F02C3CF63D97C7E2E.d.23FB0B82A821AA327EA86F078B395E90.e.5456"}]}
RESULT: {"script":"<script> [56 bytes]","args":[{"element-6066-11e4-a52e-4f735466cecf":"f.A305B2C0A529549F02C3CF63D97C7E2E.d.23FB0B82A821AA327EA86F078B395E90.e.5456","ELEMENT":"f.A305B2C0A529549F02C3CF63D97C7E2E.d.23FB0B82A821AA327EA86F078B395E90.e.5456"}]}
COMMAND: POST /session/db7e8e0bc6cb7545f5479edbe1e25c48/element - {"using":"xpath","value":"(//span[contains(@id, \"imgNav\")])[1]"}
COMMAND: GET /session/db7e8e0bc6cb7545f5479edbe1e25c48/screenshot - {}
RESULT: {"using":"xpath","value":"(//span[contains(@id, \"imgNav\")])[1]"}
COMMAND: POST /session/db7e8e0bc6cb7545f5479edbe1e25c48/element/f.A305B2C0A529549F02C3CF63D97C7E2E.d.23FB0B82A821AA327EA86F078B395E90.e.5453/click - {}
RESULT: {}
RESULT: {}
COMMAND: GET /session/db7e8e0bc6cb7545f5479edbe1e25c48/screenshot - {}
RESULT: {}
COMMAND: POST /session/db7e8e0bc6cb7545f5479edbe1e25c48/element - {"using":"xpath","value":"//bdi[contains(text(), \"Edit\")]"}
RESULT: {"using":"xpath","value":"//bdi[contains(text(), \"Edit\")]"}
COMMAND: POST /session/db7e8e0bc6cb7545f5479edbe1e25c48/element/f.A305B2C0A529549F02C3CF63D97C7E2E.d.23FB0B82A821AA327EA86F078B395E90.e.5600/click - {}
RESULT: {}
COMMAND: GET /session/db7e8e0bc6cb7545f5479edbe1e25c48/screenshot - {}
RESULT: {}
COMMAND: POST /session/db7e8e0bc6cb7545f5479edbe1e25c48/execute/async - {"script":"<script> [1562 bytes]","args":[{"selector":{"controlType":"sap.m.Input","viewName":"etm.portal.ui.managepartners.view.EditDetail","labelFor":{"text":"Name"},"interaction":{"idSuffix":"inner"}},"wdio_ui5_key":"etmportal.ui.managepartners.view.EditDetailsap.m.Input{\"text\":\"Name\"}"}]}
RESULT: {"script":"<script> [1562 bytes]","args":[{"selector":{"controlType":"sap.m.Input","viewName":"etm.portal.ui.managepartners.view.EditDetail","labelFor":{"text":"Name"},"interaction":{"idSuffix":"inner"}},"wdio_ui5_key":"etmportal.ui.managepartners.view.EditDetailsap.m.Input{\"text\":\"Name\"}"}]}
RESULT: undefined
COMMAND: POST /session/db7e8e0bc6cb7545f5479edbe1e25c48/execute/async - {"script":"<script> [776 bytes]","args":[{"enterText":"Intracompany EDIT","selector":{"controlType":"sap.m.Input","viewName":"etm.portal.ui.managepartners.view.EditDetail","labelFor":{"text":"Name"},"interaction":{"idSuffix":"inner"}},"clearTextFirst":true,"interactionType":"ENTER_TEXT"}]}
RESULT: {"script":"<script> [776 bytes]","args":[{"enterText":"Intracompany EDIT","selector":{"controlType":"sap.m.Input","viewName":"etm.portal.ui.managepartners.view.EditDetail","labelFor":{"text":"Name"},"interaction":{"idSuffix":"inner"}},"clearTextFirst":true,"interactionType":"ENTER_TEXT"}]}
COMMAND: POST /session/db7e8e0bc6cb7545f5479edbe1e25c48/element - {"using":"xpath","value":"(//span[contains(@id,\"addressDetailDetailsLanguage-arrow\")])[1]"}
RESULT: {"using":"xpath","value":"(//span[contains(@id,\"addressDetailDetailsLanguage-arrow\")])[1]"}
COMMAND: POST /session/db7e8e0bc6cb7545f5479edbe1e25c48/element/f.A305B2C0A529549F02C3CF63D97C7E2E.d.23FB0B82A821AA327EA86F078B395E90.e.5684/click - {}
RESULT: {}
COMMAND: POST /session/db7e8e0bc6cb7545f5479edbe1e25c48/element - {"using":"xpath","value":"//span[contains(text(), \"Chinese\")]"}
COMMAND: GET /session/db7e8e0bc6cb7545f5479edbe1e25c48/screenshot - {}
RESULT: {"using":"xpath","value":"//span[contains(text(), \"Chinese\")]"}
COMMAND: POST /session/db7e8e0bc6cb7545f5479edbe1e25c48/element/f.A305B2C0A529549F02C3CF63D97C7E2E.d.23FB0B82A821AA327EA86F078B395E90.e.5685/click - {}
RESULT: {}
RESULT: {}
COMMAND: GET /session/db7e8e0bc6cb7545f5479edbe1e25c48/screenshot - {}
RESULT: {}
COMMAND: POST /session/db7e8e0bc6cb7545f5479edbe1e25c48/execute/async - {"script":"<script> [1562 bytes]","args":[{"selector":{"controlType":"sap.m.Input","viewName":"etm.portal.ui.managepartners.view.EditDetail","labelFor":{"text":"City"},"interaction":{"idSuffix":"inner"}},"wdio_ui5_key":"etmportal.ui.managepartners.view.EditDetailsap.m.Input{\"text\":\"City\"}"}]}
RESULT: {"script":"<script> [1562 bytes]","args":[{"selector":{"controlType":"sap.m.Input","viewName":"etm.portal.ui.managepartners.view.EditDetail","labelFor":{"text":"City"},"interaction":{"idSuffix":"inner"}},"wdio_ui5_key":"etmportal.ui.managepartners.view.EditDetailsap.m.Input{\"text\":\"City\"}"}]}
RESULT: undefined
COMMAND: POST /session/db7e8e0bc6cb7545f5479edbe1e25c48/execute/async - {"script":"<script> [776 bytes]","args":[{"enterText":"Clooj-Napoca","selector":{"controlType":"sap.m.Input","viewName":"etm.portal.ui.managepartners.view.EditDetail","labelFor":{"text":"City"},"interaction":{"idSuffix":"inner"}},"clearTextFirst":true,"interactionType":"ENTER_TEXT"}]}
RESULT: {"script":"<script> [776 bytes]","args":[{"enterText":"Clooj-Napoca","selector":{"controlType":"sap.m.Input","viewName":"etm.portal.ui.managepartners.view.EditDetail","labelFor":{"text":"City"},"interaction":{"idSuffix":"inner"}},"clearTextFirst":true,"interactionType":"ENTER_TEXT"}]}
COMMAND: POST /session/db7e8e0bc6cb7545f5479edbe1e25c48/element - {"using":"xpath","value":"//button[@data-kt=\"saveButton\"]"}
RESULT: {"using":"xpath","value":"//button[@data-kt=\"saveButton\"]"}
COMMAND: POST /session/db7e8e0bc6cb7545f5479edbe1e25c48/element/f.A305B2C0A529549F02C3CF63D97C7E2E.d.23FB0B82A821AA327EA86F078B395E90.e.5662/click - {}
RESULT: {}
COMMAND: GET /session/db7e8e0bc6cb7545f5479edbe1e25c48/screenshot - {}
RESULT: {}
COMMAND: POST /session/db7e8e0bc6cb7545f5479edbe1e25c48/execute/async - {"script":"<script> [1562 bytes]","args":[{"selector":{"id":"application-managepartners-display-component---detailPtm--addressDetailDetailsName1"},"wdio_ui5_key":"applicationmanagepartners-display-component---detailPtm--addressDetailDetailsName1"}]}
RESULT: {"script":"<script> [1562 bytes]","args":[{"selector":{"id":"application-managepartners-display-component---detailPtm--addressDetailDetailsName1"},"wdio_ui5_key":"applicationmanagepartners-display-component---detailPtm--addressDetailDetailsName1"}]}
RESULT: undefined
COMMAND: POST /session/db7e8e0bc6cb7545f5479edbe1e25c48/execute/async - {"script":"<script> [6424 bytes]","args":[{"element-6066-11e4-a52e-4f735466cecf":"f.A305B2C0A529549F02C3CF63D97C7E2E.d.23FB0B82A821AA327EA86F078B395E90.e.5716"},"getValue",[]]}
RESULT: {"script":"<script> [6424 bytes]","args":[{"element-6066-11e4-a52e-4f735466cecf":"f.A305B2C0A529549F02C3CF63D97C7E2E.d.23FB0B82A821AA327EA86F078B395E90.e.5716"},"getValue",[]]}
COMMAND: POST /session/db7e8e0bc6cb7545f5479edbe1e25c48/element - {"using":"xpath","value":"//input[@id = \"application-managepartners-display-component---detailPtm--addressDetailDetailsLanguage-inner\"]"}
RESULT: {"using":"xpath","value":"//input[@id = \"application-managepartners-display-component---detailPtm--addressDetailDetailsLanguage-inner\"]"}
COMMAND: GET /session/db7e8e0bc6cb7545f5479edbe1e25c48/element/f.A305B2C0A529549F02C3CF63D97C7E2E.d.23FB0B82A821AA327EA86F078B395E90.e.5717/property/value - {}
RESULT: {}
COMMAND: POST /session/db7e8e0bc6cb7545f5479edbe1e25c48/execute/async - {"script":"<script> [1562 bytes]","args":[{"selector":{"id":"application-managepartners-display-component---detailPtm--addressDetailDetailsCity1"},"wdio_ui5_key":"applicationmanagepartners-display-component---detailPtm--addressDetailDetailsCity1"}]}
COMMAND: GET /session/db7e8e0bc6cb7545f5479edbe1e25c48/screenshot - {}
RESULT: {"script":"<script> [1562 bytes]","args":[{"selector":{"id":"application-managepartners-display-component---detailPtm--addressDetailDetailsCity1"},"wdio_ui5_key":"applicationmanagepartners-display-component---detailPtm--addressDetailDetailsCity1"}]}
RESULT: undefined
COMMAND: POST /session/db7e8e0bc6cb7545f5479edbe1e25c48/execute/async - {"script":"<script> [6424 bytes]","args":[{"element-6066-11e4-a52e-4f735466cecf":"f.A305B2C0A529549F02C3CF63D97C7E2E.d.23FB0B82A821AA327EA86F078B395E90.e.5718"},"getValue",[]]}
RESULT: {}
RESULT: {"script":"<script> [6424 bytes]","args":[{"element-6066-11e4-a52e-4f735466cecf":"f.A305B2C0A529549F02C3CF63D97C7E2E.d.23FB0B82A821AA327EA86F078B395E90.e.5718"},"getValue",[]]}
COMMAND: POST /session/db7e8e0bc6cb7545f5479edbe1e25c48/element - {"using":"css selector","value":"#shell-header-logo"}
RESULT: {"using":"css selector","value":"#shell-header-logo"}
COMMAND: POST /session/db7e8e0bc6cb7545f5479edbe1e25c48/element/f.A305B2C0A529549F02C3CF63D97C7E2E.d.23FB0B82A821AA327EA86F078B395E90.e.5275/click - {}
RESULT: {}
COMMAND: GET /session/db7e8e0bc6cb7545f5479edbe1e25c48/screenshot - {}
RESULT: {}
]]></system-out>
    </testcase>
    <testcase classname="chrome.135_0_7049_42.windows.Partner_specific_tests_US150819_US151080_US151654_US151176_US103444_US151078_US151079_US151109_US151174_US151175_US151189" name="Should do filtering and navigation tests US151109" time="159.79">
      <system-out><![CDATA[
COMMAND: POST /session/db7e8e0bc6cb7545f5479edbe1e25c48/element - {"using":"xpath","value":"//li[.//span[text()=\"Manage Partners\"]]"}
RESULT: {"using":"xpath","value":"//li[.//span[text()=\"Manage Partners\"]]"}
COMMAND: POST /session/db7e8e0bc6cb7545f5479edbe1e25c48/element - {"using":"xpath","value":"//li[.//span[text()=\"Manage Partners\"]]"}
RESULT: {"using":"xpath","value":"//li[.//span[text()=\"Manage Partners\"]]"}
COMMAND: POST /session/db7e8e0bc6cb7545f5479edbe1e25c48/element - {"using":"css selector","value":"#shell-header-logo"}
RESULT: {"using":"css selector","value":"#shell-header-logo"}
COMMAND: POST /session/db7e8e0bc6cb7545f5479edbe1e25c48/element/f.A305B2C0A529549F02C3CF63D97C7E2E.d.23FB0B82A821AA327EA86F078B395E90.e.5748/click - {}
COMMAND: POST /session/db7e8e0bc6cb7545f5479edbe1e25c48/execute/sync - {"script":"<script> [8489 bytes]","args":[{"element-6066-11e4-a52e-4f735466cecf":"f.A305B2C0A529549F02C3CF63D97C7E2E.d.23FB0B82A821AA327EA86F078B395E90.e.5748","ELEMENT":"f.A305B2C0A529549F02C3CF63D97C7E2E.d.23FB0B82A821AA327EA86F078B395E90.e.5748"}]}
RESULT: {"script":"<script> [8489 bytes]","args":[{"element-6066-11e4-a52e-4f735466cecf":"f.A305B2C0A529549F02C3CF63D97C7E2E.d.23FB0B82A821AA327EA86F078B395E90.e.5748","ELEMENT":"f.A305B2C0A529549F02C3CF63D97C7E2E.d.23FB0B82A821AA327EA86F078B395E90.e.5748"}]}
COMMAND: POST /session/db7e8e0bc6cb7545f5479edbe1e25c48/execute/sync - {"script":"<script> [5351 bytes]","args":[{"element-6066-11e4-a52e-4f735466cecf":"f.A305B2C0A529549F02C3CF63D97C7E2E.d.23FB0B82A821AA327EA86F078B395E90.e.5748","ELEMENT":"f.A305B2C0A529549F02C3CF63D97C7E2E.d.23FB0B82A821AA327EA86F078B395E90.e.5748"}]}
COMMAND: GET /session/db7e8e0bc6cb7545f5479edbe1e25c48/screenshot - {}
RESULT: {}
COMMAND: GET /session/db7e8e0bc6cb7545f5479edbe1e25c48/screenshot - {}
RESULT: {"script":"<script> [5351 bytes]","args":[{"element-6066-11e4-a52e-4f735466cecf":"f.A305B2C0A529549F02C3CF63D97C7E2E.d.23FB0B82A821AA327EA86F078B395E90.e.5748","ELEMENT":"f.A305B2C0A529549F02C3CF63D97C7E2E.d.23FB0B82A821AA327EA86F078B395E90.e.5748"}]}
COMMAND: GET /session/db7e8e0bc6cb7545f5479edbe1e25c48/screenshot - {}
RESULT: {}
RESULT: {}
RESULT: {}
RESULT: undefined
COMMAND: POST /session/db7e8e0bc6cb7545f5479edbe1e25c48/element - {"using":"xpath","value":"//*[@id=\"__tile30\"]"}
RESULT: {"using":"xpath","value":"//*[@id=\"__tile30\"]"}
COMMAND: POST /session/db7e8e0bc6cb7545f5479edbe1e25c48/element/f.A305B2C0A529549F02C3CF63D97C7E2E.d.23FB0B82A821AA327EA86F078B395E90.e.4405/click - {}
RESULT: {}
COMMAND: POST /session/db7e8e0bc6cb7545f5479edbe1e25c48/element - {"using":"xpath","value":"//button[@data-kt=\"addButton\"]"}
COMMAND: GET /session/db7e8e0bc6cb7545f5479edbe1e25c48/screenshot - {}
RESULT: {"using":"xpath","value":"//button[@data-kt=\"addButton\"]"}
COMMAND: POST /session/db7e8e0bc6cb7545f5479edbe1e25c48/elements - {"using":"xpath","value":"//button[@data-kt=\"addButton\"]"}
RESULT: {}
RESULT: {"using":"xpath","value":"//button[@data-kt=\"addButton\"]"}
COMMAND: POST /session/db7e8e0bc6cb7545f5479edbe1e25c48/execute/sync - {"script":"<script> [8489 bytes]","args":[{"element-6066-11e4-a52e-4f735466cecf":"f.A305B2C0A529549F02C3CF63D97C7E2E.d.23FB0B82A821AA327EA86F078B395E90.e.5793","ELEMENT":"f.A305B2C0A529549F02C3CF63D97C7E2E.d.23FB0B82A821AA327EA86F078B395E90.e.5793"}]}
RESULT: {"script":"<script> [8489 bytes]","args":[{"element-6066-11e4-a52e-4f735466cecf":"f.A305B2C0A529549F02C3CF63D97C7E2E.d.23FB0B82A821AA327EA86F078B395E90.e.5793","ELEMENT":"f.A305B2C0A529549F02C3CF63D97C7E2E.d.23FB0B82A821AA327EA86F078B395E90.e.5793"}]}
COMMAND: GET /session/db7e8e0bc6cb7545f5479edbe1e25c48/element/f.A305B2C0A529549F02C3CF63D97C7E2E.d.23FB0B82A821AA327EA86F078B395E90.e.5793/enabled - {}
COMMAND: GET /session/db7e8e0bc6cb7545f5479edbe1e25c48/screenshot - {}
RESULT: {}
COMMAND: POST /session/db7e8e0bc6cb7545f5479edbe1e25c48/execute/sync - {"script":"<script> [8489 bytes]","args":[{"element-6066-11e4-a52e-4f735466cecf":"f.A305B2C0A529549F02C3CF63D97C7E2E.d.23FB0B82A821AA327EA86F078B395E90.e.5793","ELEMENT":"f.A305B2C0A529549F02C3CF63D97C7E2E.d.23FB0B82A821AA327EA86F078B395E90.e.5793"}]}
COMMAND: GET /session/db7e8e0bc6cb7545f5479edbe1e25c48/screenshot - {}
RESULT: {}
RESULT: {"script":"<script> [8489 bytes]","args":[{"element-6066-11e4-a52e-4f735466cecf":"f.A305B2C0A529549F02C3CF63D97C7E2E.d.23FB0B82A821AA327EA86F078B395E90.e.5793","ELEMENT":"f.A305B2C0A529549F02C3CF63D97C7E2E.d.23FB0B82A821AA327EA86F078B395E90.e.5793"}]}
COMMAND: POST /session/db7e8e0bc6cb7545f5479edbe1e25c48/execute/sync - {"script":"<script> [5351 bytes]","args":[{"element-6066-11e4-a52e-4f735466cecf":"f.A305B2C0A529549F02C3CF63D97C7E2E.d.23FB0B82A821AA327EA86F078B395E90.e.5793","ELEMENT":"f.A305B2C0A529549F02C3CF63D97C7E2E.d.23FB0B82A821AA327EA86F078B395E90.e.5793"}]}
COMMAND: GET /session/db7e8e0bc6cb7545f5479edbe1e25c48/screenshot - {}
RESULT: {}
RESULT: {"script":"<script> [5351 bytes]","args":[{"element-6066-11e4-a52e-4f735466cecf":"f.A305B2C0A529549F02C3CF63D97C7E2E.d.23FB0B82A821AA327EA86F078B395E90.e.5793","ELEMENT":"f.A305B2C0A529549F02C3CF63D97C7E2E.d.23FB0B82A821AA327EA86F078B395E90.e.5793"}]}
COMMAND: GET /session/db7e8e0bc6cb7545f5479edbe1e25c48/screenshot - {}
RESULT: {}
RESULT: {}
COMMAND: POST /session/db7e8e0bc6cb7545f5479edbe1e25c48/element - {"using":"xpath","value":"//span[@id=\"application-managepartners-display-component---masterPtm--smartTable-header-inner\"]"}
RESULT: {"using":"xpath","value":"//span[@id=\"application-managepartners-display-component---masterPtm--smartTable-header-inner\"]"}
COMMAND: POST /session/db7e8e0bc6cb7545f5479edbe1e25c48/elements - {"using":"xpath","value":"//span[@id=\"application-managepartners-display-component---masterPtm--smartTable-header-inner\"]"}
RESULT: {"using":"xpath","value":"//span[@id=\"application-managepartners-display-component---masterPtm--smartTable-header-inner\"]"}
COMMAND: POST /session/db7e8e0bc6cb7545f5479edbe1e25c48/execute/sync - {"script":"<script> [56 bytes]","args":[{"element-6066-11e4-a52e-4f735466cecf":"f.A305B2C0A529549F02C3CF63D97C7E2E.d.23FB0B82A821AA327EA86F078B395E90.e.5917","ELEMENT":"f.A305B2C0A529549F02C3CF63D97C7E2E.d.23FB0B82A821AA327EA86F078B395E90.e.5917"}]}
RESULT: {"script":"<script> [56 bytes]","args":[{"element-6066-11e4-a52e-4f735466cecf":"f.A305B2C0A529549F02C3CF63D97C7E2E.d.23FB0B82A821AA327EA86F078B395E90.e.5917","ELEMENT":"f.A305B2C0A529549F02C3CF63D97C7E2E.d.23FB0B82A821AA327EA86F078B395E90.e.5917"}]}
RESULT: undefined
COMMAND: POST /session/db7e8e0bc6cb7545f5479edbe1e25c48/execute/async - {"script":"<script> [776 bytes]","args":[{"enterText":"External Partner WDIO","selector":{"id":"application-managepartners-display-component---masterPtm--smartFilterBar-btnBasicSearch","interaction":{"idSuffix":"I"}},"clearTextFirst":true,"interactionType":"ENTER_TEXT"}]}
COMMAND: GET /session/db7e8e0bc6cb7545f5479edbe1e25c48/screenshot - {}
RESULT: {"script":"<script> [776 bytes]","args":[{"enterText":"External Partner WDIO","selector":{"id":"application-managepartners-display-component---masterPtm--smartFilterBar-btnBasicSearch","interaction":{"idSuffix":"I"}},"clearTextFirst":true,"interactionType":"ENTER_TEXT"}]}
RESULT: {}
COMMAND: POST /session/db7e8e0bc6cb7545f5479edbe1e25c48/actions - {"actions":[{"id":"action17","type":"key","parameters":{},"actions":[{"type":"keyDown","value":""},{"type":"pause","duration":10},{"type":"keyUp","value":""}]}]}
RESULT: {"actions":[{"id":"action17","type":"key","parameters":{},"actions":[{"type":"keyDown","value":""},{"type":"pause","duration":10},{"type":"keyUp","value":""}]}]}
COMMAND: GET /session/db7e8e0bc6cb7545f5479edbe1e25c48/screenshot - {}
RESULT: {}
COMMAND: POST /session/db7e8e0bc6cb7545f5479edbe1e25c48/element - {"using":"xpath","value":"//span[@id=\"application-managepartners-display-component---masterPtm--smartTable-header-inner\"]"}
RESULT: {"using":"xpath","value":"//span[@id=\"application-managepartners-display-component---masterPtm--smartTable-header-inner\"]"}
COMMAND: POST /session/db7e8e0bc6cb7545f5479edbe1e25c48/elements - {"using":"xpath","value":"//span[@id=\"application-managepartners-display-component---masterPtm--smartTable-header-inner\"]"}
RESULT: {"using":"xpath","value":"//span[@id=\"application-managepartners-display-component---masterPtm--smartTable-header-inner\"]"}
COMMAND: POST /session/db7e8e0bc6cb7545f5479edbe1e25c48/execute/sync - {"script":"<script> [56 bytes]","args":[{"element-6066-11e4-a52e-4f735466cecf":"f.A305B2C0A529549F02C3CF63D97C7E2E.d.23FB0B82A821AA327EA86F078B395E90.e.5917","ELEMENT":"f.A305B2C0A529549F02C3CF63D97C7E2E.d.23FB0B82A821AA327EA86F078B395E90.e.5917"}]}
RESULT: {"script":"<script> [56 bytes]","args":[{"element-6066-11e4-a52e-4f735466cecf":"f.A305B2C0A529549F02C3CF63D97C7E2E.d.23FB0B82A821AA327EA86F078B395E90.e.5917","ELEMENT":"f.A305B2C0A529549F02C3CF63D97C7E2E.d.23FB0B82A821AA327EA86F078B395E90.e.5917"}]}
COMMAND: POST /session/db7e8e0bc6cb7545f5479edbe1e25c48/element - {"using":"xpath","value":"//div[contains(@id, \"managepartners-display-component---masterPtm--smartFilterBar-btnBasicSearch-reset\")]"}
COMMAND: GET /session/db7e8e0bc6cb7545f5479edbe1e25c48/screenshot - {}
RESULT: {"using":"xpath","value":"//div[contains(@id, \"managepartners-display-component---masterPtm--smartFilterBar-btnBasicSearch-reset\")]"}
COMMAND: POST /session/db7e8e0bc6cb7545f5479edbe1e25c48/element/f.A305B2C0A529549F02C3CF63D97C7E2E.d.23FB0B82A821AA327EA86F078B395E90.e.5999/click - {}
RESULT: {}
RESULT: {}
COMMAND: GET /session/db7e8e0bc6cb7545f5479edbe1e25c48/screenshot - {}
RESULT: {}
COMMAND: POST /session/db7e8e0bc6cb7545f5479edbe1e25c48/execute/async - {"script":"<script> [1562 bytes]","args":[{"selector":{"id":"application-managepartners-display-component---masterPtm--smartFilterBar-filterItemControl_BASIC-MAIN_ADDRESS-vhi"},"wdio_ui5_key":"applicationmanagepartners-display-component---masterPtm--smartFilterBar-filterItemControl_BASIC-MAIN_ADDRESS-vhi"}]}
RESULT: {"script":"<script> [1562 bytes]","args":[{"selector":{"id":"application-managepartners-display-component---masterPtm--smartFilterBar-filterItemControl_BASIC-MAIN_ADDRESS-vhi"},"wdio_ui5_key":"applicationmanagepartners-display-component---masterPtm--smartFilterBar-filterItemControl_BASIC-MAIN_ADDRESS-vhi"}]}
RESULT: undefined
COMMAND: POST /session/db7e8e0bc6cb7545f5479edbe1e25c48/element - {"using":"xpath","value":"//*[@id=\"application-managepartners-display-component---masterPtm--smartFilterBar-filterItemControl_BASIC-MAIN_ADDRESS-vhi\"]"}
RESULT: {"using":"xpath","value":"//*[@id=\"application-managepartners-display-component---masterPtm--smartFilterBar-filterItemControl_BASIC-MAIN_ADDRESS-vhi\"]"}
COMMAND: POST /session/db7e8e0bc6cb7545f5479edbe1e25c48/element/f.A305B2C0A529549F02C3CF63D97C7E2E.d.23FB0B82A821AA327EA86F078B395E90.e.6086/click - {}
RESULT: undefined
RESULT: undefined
RESULT: {}
COMMAND: GET /session/db7e8e0bc6cb7545f5479edbe1e25c48/screenshot - {}
RESULT: {}
COMMAND: POST /session/db7e8e0bc6cb7545f5479edbe1e25c48/execute/async - {"script":"<script> [1562 bytes]","args":[{"selector":{"id":"application-managepartners-display-component---masterPtm--smartFilterBar-filterItemControl_BASIC-MAIN_ADDRESS-valueHelpDialog-smartFilterBar-btnBasicSearch","searchOpenDialogs":true,"interaction":{"idSuffix":"I"}},"wdio_ui5_key":"applicationmanagepartners-display-component---masterPtm--smartFilterBar-filterItemControl_BASIC-MAIN_ADDRESS-valueHelpDialog-smartFilterBar-btnBasicSearch"}]}
RESULT: {"script":"<script> [1562 bytes]","args":[{"selector":{"id":"application-managepartners-display-component---masterPtm--smartFilterBar-filterItemControl_BASIC-MAIN_ADDRESS-valueHelpDialog-smartFilterBar-btnBasicSearch","searchOpenDialogs":true,"interaction":{"idSuffix":"I"}},"wdio_ui5_key":"applicationmanagepartners-display-component---masterPtm--smartFilterBar-filterItemControl_BASIC-MAIN_ADDRESS-valueHelpDialog-smartFilterBar-btnBasicSearch"}]}
RESULT: undefined
COMMAND: POST /session/db7e8e0bc6cb7545f5479edbe1e25c48/execute/async - {"script":"<script> [776 bytes]","args":[{"enterText":"Romania","selector":{"id":"application-managepartners-display-component---masterPtm--smartFilterBar-filterItemControl_BASIC-MAIN_ADDRESS-valueHelpDialog-smartFilterBar-btnBasicSearch","searchOpenDialogs":true,"interaction":{"idSuffix":"I"}},"clearTextFirst":true,"interactionType":"ENTER_TEXT"}]}
RESULT: {"script":"<script> [776 bytes]","args":[{"enterText":"Romania","selector":{"id":"application-managepartners-display-component---masterPtm--smartFilterBar-filterItemControl_BASIC-MAIN_ADDRESS-valueHelpDialog-smartFilterBar-btnBasicSearch","searchOpenDialogs":true,"interaction":{"idSuffix":"I"}},"clearTextFirst":true,"interactionType":"ENTER_TEXT"}]}
COMMAND: POST /session/db7e8e0bc6cb7545f5479edbe1e25c48/actions - {"actions":[{"id":"action18","type":"key","parameters":{},"actions":[{"type":"keyDown","value":""},{"type":"pause","duration":10},{"type":"keyUp","value":""}]}]}
RESULT: {"actions":[{"id":"action18","type":"key","parameters":{},"actions":[{"type":"keyDown","value":""},{"type":"pause","duration":10},{"type":"keyUp","value":""}]}]}
COMMAND: POST /session/db7e8e0bc6cb7545f5479edbe1e25c48/elements - {"using":"xpath","value":"//table[contains(@id, \"smartFilterBar-filterItemControl_BASIC-MAIN_ADDRESS-valueHelpDialog-table-table\")]/tbody/tr"}
COMMAND: GET /session/db7e8e0bc6cb7545f5479edbe1e25c48/screenshot - {}
RESULT: {"using":"xpath","value":"//table[contains(@id, \"smartFilterBar-filterItemControl_BASIC-MAIN_ADDRESS-valueHelpDialog-table-table\")]/tbody/tr"}
COMMAND: POST /session/db7e8e0bc6cb7545f5479edbe1e25c48/element - {"using":"xpath","value":"//table[contains(@id, \"smartFilterBar-filterItemControl_BASIC-MAIN_ADDRESS-valueHelpDialog-table-table\")]/tbody/tr[1]/td[1]/div/span"}
RESULT: {}
RESULT: {"using":"xpath","value":"//table[contains(@id, \"smartFilterBar-filterItemControl_BASIC-MAIN_ADDRESS-valueHelpDialog-table-table\")]/tbody/tr[1]/td[1]/div/span"}
COMMAND: POST /session/db7e8e0bc6cb7545f5479edbe1e25c48/elements - {"using":"xpath","value":"//table[contains(@id, \"smartFilterBar-filterItemControl_BASIC-MAIN_ADDRESS-valueHelpDialog-table-table\")]/tbody/tr[1]/td[1]/div/span"}
RESULT: {"using":"xpath","value":"//table[contains(@id, \"smartFilterBar-filterItemControl_BASIC-MAIN_ADDRESS-valueHelpDialog-table-table\")]/tbody/tr[1]/td[1]/div/span"}
COMMAND: POST /session/db7e8e0bc6cb7545f5479edbe1e25c48/execute/sync - {"script":"<script> [56 bytes]","args":[{"element-6066-11e4-a52e-4f735466cecf":"f.A305B2C0A529549F02C3CF63D97C7E2E.d.23FB0B82A821AA327EA86F078B395E90.e.6109","ELEMENT":"f.A305B2C0A529549F02C3CF63D97C7E2E.d.23FB0B82A821AA327EA86F078B395E90.e.6109"}]}
RESULT: {"script":"<script> [56 bytes]","args":[{"element-6066-11e4-a52e-4f735466cecf":"f.A305B2C0A529549F02C3CF63D97C7E2E.d.23FB0B82A821AA327EA86F078B395E90.e.6109","ELEMENT":"f.A305B2C0A529549F02C3CF63D97C7E2E.d.23FB0B82A821AA327EA86F078B395E90.e.6109"}]}
COMMAND: POST /session/db7e8e0bc6cb7545f5479edbe1e25c48/element - {"using":"xpath","value":"//div[contains(@id, \"filterItemControl_BASIC-MAIN_ADDRESS-valueHelpDialog-table-rowsel0\")]"}
COMMAND: GET /session/db7e8e0bc6cb7545f5479edbe1e25c48/screenshot - {}
RESULT: {"using":"xpath","value":"//div[contains(@id, \"filterItemControl_BASIC-MAIN_ADDRESS-valueHelpDialog-table-rowsel0\")]"}
COMMAND: POST /session/db7e8e0bc6cb7545f5479edbe1e25c48/element/f.A305B2C0A529549F02C3CF63D97C7E2E.d.23FB0B82A821AA327EA86F078B395E90.e.6110/click - {}
RESULT: {}
RESULT: {}
COMMAND: GET /session/db7e8e0bc6cb7545f5479edbe1e25c48/screenshot - {}
RESULT: {}
COMMAND: POST /session/db7e8e0bc6cb7545f5479edbe1e25c48/element - {"using":"xpath","value":"(//bdi[contains(text(), \"OK\")])[1]"}
RESULT: {"using":"xpath","value":"(//bdi[contains(text(), \"OK\")])[1]"}
COMMAND: POST /session/db7e8e0bc6cb7545f5479edbe1e25c48/element/f.A305B2C0A529549F02C3CF63D97C7E2E.d.23FB0B82A821AA327EA86F078B395E90.e.6112/click - {}
RESULT: {}
COMMAND: GET /session/db7e8e0bc6cb7545f5479edbe1e25c48/screenshot - {}
RESULT: {}
COMMAND: POST /session/db7e8e0bc6cb7545f5479edbe1e25c48/element - {"using":"xpath","value":"//span[@id=\"application-managepartners-display-component---masterPtm--smartTable-header-inner\"]"}
RESULT: {"using":"xpath","value":"//span[@id=\"application-managepartners-display-component---masterPtm--smartTable-header-inner\"]"}
COMMAND: POST /session/db7e8e0bc6cb7545f5479edbe1e25c48/elements - {"using":"xpath","value":"//span[@id=\"application-managepartners-display-component---masterPtm--smartTable-header-inner\"]"}
RESULT: {"using":"xpath","value":"//span[@id=\"application-managepartners-display-component---masterPtm--smartTable-header-inner\"]"}
COMMAND: POST /session/db7e8e0bc6cb7545f5479edbe1e25c48/execute/sync - {"script":"<script> [56 bytes]","args":[{"element-6066-11e4-a52e-4f735466cecf":"f.A305B2C0A529549F02C3CF63D97C7E2E.d.23FB0B82A821AA327EA86F078B395E90.e.5917","ELEMENT":"f.A305B2C0A529549F02C3CF63D97C7E2E.d.23FB0B82A821AA327EA86F078B395E90.e.5917"}]}
RESULT: {"script":"<script> [56 bytes]","args":[{"element-6066-11e4-a52e-4f735466cecf":"f.A305B2C0A529549F02C3CF63D97C7E2E.d.23FB0B82A821AA327EA86F078B395E90.e.5917","ELEMENT":"f.A305B2C0A529549F02C3CF63D97C7E2E.d.23FB0B82A821AA327EA86F078B395E90.e.5917"}]}
COMMAND: POST /session/db7e8e0bc6cb7545f5479edbe1e25c48/element - {"using":"xpath","value":"//span[contains(@title, \"Remove\")]"}
COMMAND: GET /session/db7e8e0bc6cb7545f5479edbe1e25c48/screenshot - {}
RESULT: {"using":"xpath","value":"//span[contains(@title, \"Remove\")]"}
COMMAND: POST /session/db7e8e0bc6cb7545f5479edbe1e25c48/element/f.A305B2C0A529549F02C3CF63D97C7E2E.d.23FB0B82A821AA327EA86F078B395E90.e.6126/click - {}
RESULT: {}
RESULT: {}
COMMAND: GET /session/db7e8e0bc6cb7545f5479edbe1e25c48/screenshot - {}
RESULT: {}
COMMAND: POST /session/db7e8e0bc6cb7545f5479edbe1e25c48/element - {"using":"xpath","value":"//span[@id=\"application-managepartners-display-component---masterPtm--smartTable-header-inner\"]"}
RESULT: {"using":"xpath","value":"//span[@id=\"application-managepartners-display-component---masterPtm--smartTable-header-inner\"]"}
COMMAND: POST /session/db7e8e0bc6cb7545f5479edbe1e25c48/elements - {"using":"xpath","value":"//span[@id=\"application-managepartners-display-component---masterPtm--smartTable-header-inner\"]"}
RESULT: {"using":"xpath","value":"//span[@id=\"application-managepartners-display-component---masterPtm--smartTable-header-inner\"]"}
COMMAND: POST /session/db7e8e0bc6cb7545f5479edbe1e25c48/execute/sync - {"script":"<script> [56 bytes]","args":[{"element-6066-11e4-a52e-4f735466cecf":"f.A305B2C0A529549F02C3CF63D97C7E2E.d.23FB0B82A821AA327EA86F078B395E90.e.5917","ELEMENT":"f.A305B2C0A529549F02C3CF63D97C7E2E.d.23FB0B82A821AA327EA86F078B395E90.e.5917"}]}
RESULT: {"script":"<script> [56 bytes]","args":[{"element-6066-11e4-a52e-4f735466cecf":"f.A305B2C0A529549F02C3CF63D97C7E2E.d.23FB0B82A821AA327EA86F078B395E90.e.5917","ELEMENT":"f.A305B2C0A529549F02C3CF63D97C7E2E.d.23FB0B82A821AA327EA86F078B395E90.e.5917"}]}
COMMAND: POST /session/db7e8e0bc6cb7545f5479edbe1e25c48/execute/async - {"script":"<script> [1562 bytes]","args":[{"selector":{"id":"application-managepartners-display-component---masterPtm--smartFilterBar-filterItemControl_BASIC-YARD-vhi"},"wdio_ui5_key":"applicationmanagepartners-display-component---masterPtm--smartFilterBar-filterItemControl_BASIC-YARD-vhi"}]}
COMMAND: GET /session/db7e8e0bc6cb7545f5479edbe1e25c48/screenshot - {}
RESULT: {"script":"<script> [1562 bytes]","args":[{"selector":{"id":"application-managepartners-display-component---masterPtm--smartFilterBar-filterItemControl_BASIC-YARD-vhi"},"wdio_ui5_key":"applicationmanagepartners-display-component---masterPtm--smartFilterBar-filterItemControl_BASIC-YARD-vhi"}]}
RESULT: undefined
COMMAND: POST /session/db7e8e0bc6cb7545f5479edbe1e25c48/element - {"using":"xpath","value":"//*[@id=\"application-managepartners-display-component---masterPtm--smartFilterBar-filterItemControl_BASIC-YARD-vhi\"]"}
RESULT: {}
RESULT: {"using":"xpath","value":"//*[@id=\"application-managepartners-display-component---masterPtm--smartFilterBar-filterItemControl_BASIC-YARD-vhi\"]"}
COMMAND: POST /session/db7e8e0bc6cb7545f5479edbe1e25c48/element/f.A305B2C0A529549F02C3CF63D97C7E2E.d.23FB0B82A821AA327EA86F078B395E90.e.6230/click - {}
RESULT: {}
COMMAND: GET /session/db7e8e0bc6cb7545f5479edbe1e25c48/screenshot - {}
RESULT: {}
COMMAND: POST /session/db7e8e0bc6cb7545f5479edbe1e25c48/execute/async - {"script":"<script> [1562 bytes]","args":[{"selector":{"id":"application-managepartners-display-component---masterPtm--smartFilterBar-filterItemControl_BASIC-YARD-valueHelpDialog-smartFilterBar-btnBasicSearch","searchOpenDialogs":true,"interaction":{"idSuffix":"I"}},"wdio_ui5_key":"applicationmanagepartners-display-component---masterPtm--smartFilterBar-filterItemControl_BASIC-YARD-valueHelpDialog-smartFilterBar-btnBasicSearch"}]}
RESULT: {"script":"<script> [1562 bytes]","args":[{"selector":{"id":"application-managepartners-display-component---masterPtm--smartFilterBar-filterItemControl_BASIC-YARD-valueHelpDialog-smartFilterBar-btnBasicSearch","searchOpenDialogs":true,"interaction":{"idSuffix":"I"}},"wdio_ui5_key":"applicationmanagepartners-display-component---masterPtm--smartFilterBar-filterItemControl_BASIC-YARD-valueHelpDialog-smartFilterBar-btnBasicSearch"}]}
RESULT: undefined
COMMAND: POST /session/db7e8e0bc6cb7545f5479edbe1e25c48/execute/async - {"script":"<script> [776 bytes]","args":[{"enterText":"Test","selector":{"id":"application-managepartners-display-component---masterPtm--smartFilterBar-filterItemControl_BASIC-YARD-valueHelpDialog-smartFilterBar-btnBasicSearch","searchOpenDialogs":true,"interaction":{"idSuffix":"I"}},"clearTextFirst":true,"interactionType":"ENTER_TEXT"}]}
RESULT: {"script":"<script> [776 bytes]","args":[{"enterText":"Test","selector":{"id":"application-managepartners-display-component---masterPtm--smartFilterBar-filterItemControl_BASIC-YARD-valueHelpDialog-smartFilterBar-btnBasicSearch","searchOpenDialogs":true,"interaction":{"idSuffix":"I"}},"clearTextFirst":true,"interactionType":"ENTER_TEXT"}]}
COMMAND: POST /session/db7e8e0bc6cb7545f5479edbe1e25c48/actions - {"actions":[{"id":"action19","type":"key","parameters":{},"actions":[{"type":"keyDown","value":""},{"type":"pause","duration":10},{"type":"keyUp","value":""}]}]}
RESULT: {"actions":[{"id":"action19","type":"key","parameters":{},"actions":[{"type":"keyDown","value":""},{"type":"pause","duration":10},{"type":"keyUp","value":""}]}]}
COMMAND: POST /session/db7e8e0bc6cb7545f5479edbe1e25c48/elements - {"using":"xpath","value":"//table[contains(@id, \"smartFilterBar-filterItemControl_BASIC-YARD-valueHelpDialog-table-table\")]/tbody/tr"}
COMMAND: GET /session/db7e8e0bc6cb7545f5479edbe1e25c48/screenshot - {}
RESULT: {"using":"xpath","value":"//table[contains(@id, \"smartFilterBar-filterItemControl_BASIC-YARD-valueHelpDialog-table-table\")]/tbody/tr"}
COMMAND: POST /session/db7e8e0bc6cb7545f5479edbe1e25c48/element - {"using":"xpath","value":"//table[contains(@id, \"smartFilterBar-filterItemControl_BASIC-YARD-valueHelpDialog-table-table\")]/tbody/tr[1]/td[1]/div/span"}
RESULT: {}
RESULT: {"using":"xpath","value":"//table[contains(@id, \"smartFilterBar-filterItemControl_BASIC-YARD-valueHelpDialog-table-table\")]/tbody/tr[1]/td[1]/div/span"}
COMMAND: POST /session/db7e8e0bc6cb7545f5479edbe1e25c48/elements - {"using":"xpath","value":"//table[contains(@id, \"smartFilterBar-filterItemControl_BASIC-YARD-valueHelpDialog-table-table\")]/tbody/tr[1]/td[1]/div/span"}
RESULT: {"using":"xpath","value":"//table[contains(@id, \"smartFilterBar-filterItemControl_BASIC-YARD-valueHelpDialog-table-table\")]/tbody/tr[1]/td[1]/div/span"}
COMMAND: POST /session/db7e8e0bc6cb7545f5479edbe1e25c48/execute/sync - {"script":"<script> [56 bytes]","args":[{"element-6066-11e4-a52e-4f735466cecf":"f.A305B2C0A529549F02C3CF63D97C7E2E.d.23FB0B82A821AA327EA86F078B395E90.e.6253","ELEMENT":"f.A305B2C0A529549F02C3CF63D97C7E2E.d.23FB0B82A821AA327EA86F078B395E90.e.6253"}]}
RESULT: {"script":"<script> [56 bytes]","args":[{"element-6066-11e4-a52e-4f735466cecf":"f.A305B2C0A529549F02C3CF63D97C7E2E.d.23FB0B82A821AA327EA86F078B395E90.e.6253","ELEMENT":"f.A305B2C0A529549F02C3CF63D97C7E2E.d.23FB0B82A821AA327EA86F078B395E90.e.6253"}]}
COMMAND: POST /session/db7e8e0bc6cb7545f5479edbe1e25c48/element - {"using":"xpath","value":"//table[contains(@id, \"smartFilterBar-filterItemControl_BASIC-YARD-valueHelpDialog-table-table\")]/tbody/tr[2]/td[1]/div/span"}
COMMAND: GET /session/db7e8e0bc6cb7545f5479edbe1e25c48/screenshot - {}
RESULT: {"using":"xpath","value":"//table[contains(@id, \"smartFilterBar-filterItemControl_BASIC-YARD-valueHelpDialog-table-table\")]/tbody/tr[2]/td[1]/div/span"}
COMMAND: POST /session/db7e8e0bc6cb7545f5479edbe1e25c48/elements - {"using":"xpath","value":"//table[contains(@id, \"smartFilterBar-filterItemControl_BASIC-YARD-valueHelpDialog-table-table\")]/tbody/tr[2]/td[1]/div/span"}
RESULT: {}
RESULT: {"using":"xpath","value":"//table[contains(@id, \"smartFilterBar-filterItemControl_BASIC-YARD-valueHelpDialog-table-table\")]/tbody/tr[2]/td[1]/div/span"}
COMMAND: POST /session/db7e8e0bc6cb7545f5479edbe1e25c48/execute/sync - {"script":"<script> [56 bytes]","args":[{"element-6066-11e4-a52e-4f735466cecf":"f.A305B2C0A529549F02C3CF63D97C7E2E.d.23FB0B82A821AA327EA86F078B395E90.e.6254","ELEMENT":"f.A305B2C0A529549F02C3CF63D97C7E2E.d.23FB0B82A821AA327EA86F078B395E90.e.6254"}]}
RESULT: {"script":"<script> [56 bytes]","args":[{"element-6066-11e4-a52e-4f735466cecf":"f.A305B2C0A529549F02C3CF63D97C7E2E.d.23FB0B82A821AA327EA86F078B395E90.e.6254","ELEMENT":"f.A305B2C0A529549F02C3CF63D97C7E2E.d.23FB0B82A821AA327EA86F078B395E90.e.6254"}]}
COMMAND: POST /session/db7e8e0bc6cb7545f5479edbe1e25c48/element - {"using":"xpath","value":"//table[contains(@id, \"smartFilterBar-filterItemControl_BASIC-YARD-valueHelpDialog-table-table\")]/tbody/tr[3]/td[1]/div/span"}
COMMAND: GET /session/db7e8e0bc6cb7545f5479edbe1e25c48/screenshot - {}
RESULT: {"using":"xpath","value":"//table[contains(@id, \"smartFilterBar-filterItemControl_BASIC-YARD-valueHelpDialog-table-table\")]/tbody/tr[3]/td[1]/div/span"}
COMMAND: POST /session/db7e8e0bc6cb7545f5479edbe1e25c48/elements - {"using":"xpath","value":"//table[contains(@id, \"smartFilterBar-filterItemControl_BASIC-YARD-valueHelpDialog-table-table\")]/tbody/tr[3]/td[1]/div/span"}
RESULT: {}
RESULT: {"using":"xpath","value":"//table[contains(@id, \"smartFilterBar-filterItemControl_BASIC-YARD-valueHelpDialog-table-table\")]/tbody/tr[3]/td[1]/div/span"}
COMMAND: POST /session/db7e8e0bc6cb7545f5479edbe1e25c48/execute/sync - {"script":"<script> [56 bytes]","args":[{"element-6066-11e4-a52e-4f735466cecf":"f.A305B2C0A529549F02C3CF63D97C7E2E.d.23FB0B82A821AA327EA86F078B395E90.e.6255","ELEMENT":"f.A305B2C0A529549F02C3CF63D97C7E2E.d.23FB0B82A821AA327EA86F078B395E90.e.6255"}]}
RESULT: {"script":"<script> [56 bytes]","args":[{"element-6066-11e4-a52e-4f735466cecf":"f.A305B2C0A529549F02C3CF63D97C7E2E.d.23FB0B82A821AA327EA86F078B395E90.e.6255","ELEMENT":"f.A305B2C0A529549F02C3CF63D97C7E2E.d.23FB0B82A821AA327EA86F078B395E90.e.6255"}]}
COMMAND: POST /session/db7e8e0bc6cb7545f5479edbe1e25c48/element - {"using":"xpath","value":"//div[contains(@id, \"filterItemControl_BASIC-YARD-valueHelpDialog-table-rowsel2\")]"}
COMMAND: GET /session/db7e8e0bc6cb7545f5479edbe1e25c48/screenshot - {}
RESULT: {"using":"xpath","value":"//div[contains(@id, \"filterItemControl_BASIC-YARD-valueHelpDialog-table-rowsel2\")]"}
COMMAND: POST /session/db7e8e0bc6cb7545f5479edbe1e25c48/element/f.A305B2C0A529549F02C3CF63D97C7E2E.d.23FB0B82A821AA327EA86F078B395E90.e.6256/click - {}
RESULT: {}
RESULT: {}
COMMAND: GET /session/db7e8e0bc6cb7545f5479edbe1e25c48/screenshot - {}
RESULT: {}
COMMAND: POST /session/db7e8e0bc6cb7545f5479edbe1e25c48/element - {"using":"xpath","value":"(//bdi[contains(text(), \"OK\")])[1]"}
RESULT: {"using":"xpath","value":"(//bdi[contains(text(), \"OK\")])[1]"}
COMMAND: POST /session/db7e8e0bc6cb7545f5479edbe1e25c48/element/f.A305B2C0A529549F02C3CF63D97C7E2E.d.23FB0B82A821AA327EA86F078B395E90.e.6258/click - {}
RESULT: {}
COMMAND: GET /session/db7e8e0bc6cb7545f5479edbe1e25c48/screenshot - {}
RESULT: {}
COMMAND: POST /session/db7e8e0bc6cb7545f5479edbe1e25c48/element - {"using":"xpath","value":"//span[@id=\"application-managepartners-display-component---masterPtm--smartTable-header-inner\"]"}
RESULT: {"using":"xpath","value":"//span[@id=\"application-managepartners-display-component---masterPtm--smartTable-header-inner\"]"}
COMMAND: POST /session/db7e8e0bc6cb7545f5479edbe1e25c48/elements - {"using":"xpath","value":"//span[@id=\"application-managepartners-display-component---masterPtm--smartTable-header-inner\"]"}
RESULT: {"using":"xpath","value":"//span[@id=\"application-managepartners-display-component---masterPtm--smartTable-header-inner\"]"}
COMMAND: POST /session/db7e8e0bc6cb7545f5479edbe1e25c48/execute/sync - {"script":"<script> [56 bytes]","args":[{"element-6066-11e4-a52e-4f735466cecf":"f.A305B2C0A529549F02C3CF63D97C7E2E.d.23FB0B82A821AA327EA86F078B395E90.e.5917","ELEMENT":"f.A305B2C0A529549F02C3CF63D97C7E2E.d.23FB0B82A821AA327EA86F078B395E90.e.5917"}]}
RESULT: {"script":"<script> [56 bytes]","args":[{"element-6066-11e4-a52e-4f735466cecf":"f.A305B2C0A529549F02C3CF63D97C7E2E.d.23FB0B82A821AA327EA86F078B395E90.e.5917","ELEMENT":"f.A305B2C0A529549F02C3CF63D97C7E2E.d.23FB0B82A821AA327EA86F078B395E90.e.5917"}]}
COMMAND: POST /session/db7e8e0bc6cb7545f5479edbe1e25c48/element - {"using":"xpath","value":"//span[contains(@title, \"Remove\")]"}
COMMAND: GET /session/db7e8e0bc6cb7545f5479edbe1e25c48/screenshot - {}
RESULT: {"using":"xpath","value":"//span[contains(@title, \"Remove\")]"}
COMMAND: POST /session/db7e8e0bc6cb7545f5479edbe1e25c48/element/f.A305B2C0A529549F02C3CF63D97C7E2E.d.23FB0B82A821AA327EA86F078B395E90.e.6271/click - {}
RESULT: {}
RESULT: {}
COMMAND: GET /session/db7e8e0bc6cb7545f5479edbe1e25c48/screenshot - {}
COMMAND: POST /session/db7e8e0bc6cb7545f5479edbe1e25c48/element - {"using":"xpath","value":"//span[@id=\"application-managepartners-display-component---masterPtm--smartTable-header-inner\"]"}
RESULT: {}
RESULT: {"using":"xpath","value":"//span[@id=\"application-managepartners-display-component---masterPtm--smartTable-header-inner\"]"}
COMMAND: POST /session/db7e8e0bc6cb7545f5479edbe1e25c48/elements - {"using":"xpath","value":"//span[@id=\"application-managepartners-display-component---masterPtm--smartTable-header-inner\"]"}
RESULT: {"using":"xpath","value":"//span[@id=\"application-managepartners-display-component---masterPtm--smartTable-header-inner\"]"}
COMMAND: POST /session/db7e8e0bc6cb7545f5479edbe1e25c48/execute/sync - {"script":"<script> [56 bytes]","args":[{"element-6066-11e4-a52e-4f735466cecf":"f.A305B2C0A529549F02C3CF63D97C7E2E.d.23FB0B82A821AA327EA86F078B395E90.e.5917","ELEMENT":"f.A305B2C0A529549F02C3CF63D97C7E2E.d.23FB0B82A821AA327EA86F078B395E90.e.5917"}]}
RESULT: {"script":"<script> [56 bytes]","args":[{"element-6066-11e4-a52e-4f735466cecf":"f.A305B2C0A529549F02C3CF63D97C7E2E.d.23FB0B82A821AA327EA86F078B395E90.e.5917","ELEMENT":"f.A305B2C0A529549F02C3CF63D97C7E2E.d.23FB0B82A821AA327EA86F078B395E90.e.5917"}]}
COMMAND: POST /session/db7e8e0bc6cb7545f5479edbe1e25c48/execute/async - {"script":"<script> [1562 bytes]","args":[{"selector":{"id":"application-managepartners-display-component---masterPtm--smartFilterBar-filterItemControl_BASIC-ALL_TAGS-vhi"},"wdio_ui5_key":"applicationmanagepartners-display-component---masterPtm--smartFilterBar-filterItemControl_BASIC-ALL_TAGS-vhi"}]}
COMMAND: GET /session/db7e8e0bc6cb7545f5479edbe1e25c48/screenshot - {}
RESULT: {"script":"<script> [1562 bytes]","args":[{"selector":{"id":"application-managepartners-display-component---masterPtm--smartFilterBar-filterItemControl_BASIC-ALL_TAGS-vhi"},"wdio_ui5_key":"applicationmanagepartners-display-component---masterPtm--smartFilterBar-filterItemControl_BASIC-ALL_TAGS-vhi"}]}
RESULT: undefined
COMMAND: POST /session/db7e8e0bc6cb7545f5479edbe1e25c48/element - {"using":"xpath","value":"//*[@id=\"application-managepartners-display-component---masterPtm--smartFilterBar-filterItemControl_BASIC-ALL_TAGS-vhi\"]"}
RESULT: {}
RESULT: {"using":"xpath","value":"//*[@id=\"application-managepartners-display-component---masterPtm--smartFilterBar-filterItemControl_BASIC-ALL_TAGS-vhi\"]"}
COMMAND: POST /session/db7e8e0bc6cb7545f5479edbe1e25c48/element/f.A305B2C0A529549F02C3CF63D97C7E2E.d.23FB0B82A821AA327EA86F078B395E90.e.6374/click - {}
RESULT: {}
COMMAND: GET /session/db7e8e0bc6cb7545f5479edbe1e25c48/screenshot - {}
RESULT: {}
COMMAND: POST /session/db7e8e0bc6cb7545f5479edbe1e25c48/execute/async - {"script":"<script> [1562 bytes]","args":[{"selector":{"id":"application-managepartners-display-component---masterPtm--smartFilterBar-filterItemControl_BASIC-ALL_TAGS-valueHelpDialog-smartFilterBar-btnBasicSearch","searchOpenDialogs":true,"interaction":{"idSuffix":"I"}},"wdio_ui5_key":"applicationmanagepartners-display-component---masterPtm--smartFilterBar-filterItemControl_BASIC-ALL_TAGS-valueHelpDialog-smartFilterBar-btnBasicSearch"}]}
RESULT: {"script":"<script> [1562 bytes]","args":[{"selector":{"id":"application-managepartners-display-component---masterPtm--smartFilterBar-filterItemControl_BASIC-ALL_TAGS-valueHelpDialog-smartFilterBar-btnBasicSearch","searchOpenDialogs":true,"interaction":{"idSuffix":"I"}},"wdio_ui5_key":"applicationmanagepartners-display-component---masterPtm--smartFilterBar-filterItemControl_BASIC-ALL_TAGS-valueHelpDialog-smartFilterBar-btnBasicSearch"}]}
RESULT: undefined
COMMAND: POST /session/db7e8e0bc6cb7545f5479edbe1e25c48/execute/async - {"script":"<script> [776 bytes]","args":[{"enterText":"test-tag-1","selector":{"id":"application-managepartners-display-component---masterPtm--smartFilterBar-filterItemControl_BASIC-ALL_TAGS-valueHelpDialog-smartFilterBar-btnBasicSearch","searchOpenDialogs":true,"interaction":{"idSuffix":"I"}},"clearTextFirst":true,"interactionType":"ENTER_TEXT"}]}
RESULT: {"script":"<script> [776 bytes]","args":[{"enterText":"test-tag-1","selector":{"id":"application-managepartners-display-component---masterPtm--smartFilterBar-filterItemControl_BASIC-ALL_TAGS-valueHelpDialog-smartFilterBar-btnBasicSearch","searchOpenDialogs":true,"interaction":{"idSuffix":"I"}},"clearTextFirst":true,"interactionType":"ENTER_TEXT"}]}
COMMAND: POST /session/db7e8e0bc6cb7545f5479edbe1e25c48/actions - {"actions":[{"id":"action20","type":"key","parameters":{},"actions":[{"type":"keyDown","value":""},{"type":"pause","duration":10},{"type":"keyUp","value":""}]}]}
RESULT: {"actions":[{"id":"action20","type":"key","parameters":{},"actions":[{"type":"keyDown","value":""},{"type":"pause","duration":10},{"type":"keyUp","value":""}]}]}
COMMAND: POST /session/db7e8e0bc6cb7545f5479edbe1e25c48/elements - {"using":"xpath","value":"//table[contains(@id, \"smartFilterBar-filterItemControl_BASIC-ALL_TAGS-valueHelpDialog-table-table\")]/tbody/tr"}
COMMAND: GET /session/db7e8e0bc6cb7545f5479edbe1e25c48/screenshot - {}
RESULT: {"using":"xpath","value":"//table[contains(@id, \"smartFilterBar-filterItemControl_BASIC-ALL_TAGS-valueHelpDialog-table-table\")]/tbody/tr"}
COMMAND: POST /session/db7e8e0bc6cb7545f5479edbe1e25c48/element - {"using":"xpath","value":"//table[contains(@id, \"smartFilterBar-filterItemControl_BASIC-ALL_TAGS-valueHelpDialog-table-table\")]/tbody/tr[1]/td[1]/div/span"}
RESULT: {}
RESULT: {"using":"xpath","value":"//table[contains(@id, \"smartFilterBar-filterItemControl_BASIC-ALL_TAGS-valueHelpDialog-table-table\")]/tbody/tr[1]/td[1]/div/span"}
COMMAND: POST /session/db7e8e0bc6cb7545f5479edbe1e25c48/elements - {"using":"xpath","value":"//table[contains(@id, \"smartFilterBar-filterItemControl_BASIC-ALL_TAGS-valueHelpDialog-table-table\")]/tbody/tr[1]/td[1]/div/span"}
RESULT: {"using":"xpath","value":"//table[contains(@id, \"smartFilterBar-filterItemControl_BASIC-ALL_TAGS-valueHelpDialog-table-table\")]/tbody/tr[1]/td[1]/div/span"}
COMMAND: POST /session/db7e8e0bc6cb7545f5479edbe1e25c48/execute/sync - {"script":"<script> [56 bytes]","args":[{"element-6066-11e4-a52e-4f735466cecf":"f.A305B2C0A529549F02C3CF63D97C7E2E.d.23FB0B82A821AA327EA86F078B395E90.e.6395","ELEMENT":"f.A305B2C0A529549F02C3CF63D97C7E2E.d.23FB0B82A821AA327EA86F078B395E90.e.6395"}]}
RESULT: {"script":"<script> [56 bytes]","args":[{"element-6066-11e4-a52e-4f735466cecf":"f.A305B2C0A529549F02C3CF63D97C7E2E.d.23FB0B82A821AA327EA86F078B395E90.e.6395","ELEMENT":"f.A305B2C0A529549F02C3CF63D97C7E2E.d.23FB0B82A821AA327EA86F078B395E90.e.6395"}]}
COMMAND: POST /session/db7e8e0bc6cb7545f5479edbe1e25c48/element - {"using":"xpath","value":"//div[contains(@id, \"filterItemControl_BASIC-ALL_TAGS-valueHelpDialog-table-rowsel0\")]"}
COMMAND: GET /session/db7e8e0bc6cb7545f5479edbe1e25c48/screenshot - {}
RESULT: {"using":"xpath","value":"//div[contains(@id, \"filterItemControl_BASIC-ALL_TAGS-valueHelpDialog-table-rowsel0\")]"}
COMMAND: POST /session/db7e8e0bc6cb7545f5479edbe1e25c48/element/f.A305B2C0A529549F02C3CF63D97C7E2E.d.23FB0B82A821AA327EA86F078B395E90.e.6396/click - {}
RESULT: {}
RESULT: {}
COMMAND: GET /session/db7e8e0bc6cb7545f5479edbe1e25c48/screenshot - {}
RESULT: {}
COMMAND: POST /session/db7e8e0bc6cb7545f5479edbe1e25c48/element - {"using":"xpath","value":"(//bdi[contains(text(), \"OK\")])[1]"}
RESULT: {"using":"xpath","value":"(//bdi[contains(text(), \"OK\")])[1]"}
COMMAND: POST /session/db7e8e0bc6cb7545f5479edbe1e25c48/element/f.A305B2C0A529549F02C3CF63D97C7E2E.d.23FB0B82A821AA327EA86F078B395E90.e.6398/click - {}
RESULT: {}
COMMAND: GET /session/db7e8e0bc6cb7545f5479edbe1e25c48/screenshot - {}
RESULT: {}
COMMAND: POST /session/db7e8e0bc6cb7545f5479edbe1e25c48/element - {"using":"xpath","value":"//span[@id=\"application-managepartners-display-component---masterPtm--smartTable-header-inner\"]"}
RESULT: {"using":"xpath","value":"//span[@id=\"application-managepartners-display-component---masterPtm--smartTable-header-inner\"]"}
COMMAND: POST /session/db7e8e0bc6cb7545f5479edbe1e25c48/elements - {"using":"xpath","value":"//span[@id=\"application-managepartners-display-component---masterPtm--smartTable-header-inner\"]"}
RESULT: {"using":"xpath","value":"//span[@id=\"application-managepartners-display-component---masterPtm--smartTable-header-inner\"]"}
COMMAND: POST /session/db7e8e0bc6cb7545f5479edbe1e25c48/execute/sync - {"script":"<script> [56 bytes]","args":[{"element-6066-11e4-a52e-4f735466cecf":"f.A305B2C0A529549F02C3CF63D97C7E2E.d.23FB0B82A821AA327EA86F078B395E90.e.5917","ELEMENT":"f.A305B2C0A529549F02C3CF63D97C7E2E.d.23FB0B82A821AA327EA86F078B395E90.e.5917"}]}
RESULT: {"script":"<script> [56 bytes]","args":[{"element-6066-11e4-a52e-4f735466cecf":"f.A305B2C0A529549F02C3CF63D97C7E2E.d.23FB0B82A821AA327EA86F078B395E90.e.5917","ELEMENT":"f.A305B2C0A529549F02C3CF63D97C7E2E.d.23FB0B82A821AA327EA86F078B395E90.e.5917"}]}
COMMAND: POST /session/db7e8e0bc6cb7545f5479edbe1e25c48/element - {"using":"xpath","value":"//span[contains(@title, \"Remove\")]"}
COMMAND: GET /session/db7e8e0bc6cb7545f5479edbe1e25c48/screenshot - {}
RESULT: {"using":"xpath","value":"//span[contains(@title, \"Remove\")]"}
COMMAND: POST /session/db7e8e0bc6cb7545f5479edbe1e25c48/element/f.A305B2C0A529549F02C3CF63D97C7E2E.d.23FB0B82A821AA327EA86F078B395E90.e.6420/click - {}
RESULT: {}
RESULT: {}
COMMAND: GET /session/db7e8e0bc6cb7545f5479edbe1e25c48/screenshot - {}
COMMAND: POST /session/db7e8e0bc6cb7545f5479edbe1e25c48/execute/async - {"script":"<script> [1562 bytes]","args":[{"selector":{"id":"application-managepartners-display-component---masterPtm--partnerTypes-arrow"},"wdio_ui5_key":"applicationmanagepartners-display-component---masterPtm--partnerTypes-arrow"}]}
RESULT: {}
RESULT: {"script":"<script> [1562 bytes]","args":[{"selector":{"id":"application-managepartners-display-component---masterPtm--partnerTypes-arrow"},"wdio_ui5_key":"applicationmanagepartners-display-component---masterPtm--partnerTypes-arrow"}]}
RESULT: undefined
COMMAND: POST /session/db7e8e0bc6cb7545f5479edbe1e25c48/element - {"using":"xpath","value":"//*[@id=\"application-managepartners-display-component---masterPtm--partnerTypes-arrow\"]"}
RESULT: {"using":"xpath","value":"//*[@id=\"application-managepartners-display-component---masterPtm--partnerTypes-arrow\"]"}
COMMAND: POST /session/db7e8e0bc6cb7545f5479edbe1e25c48/element/f.A305B2C0A529549F02C3CF63D97C7E2E.d.23FB0B82A821AA327EA86F078B395E90.e.6522/click - {}
RESULT: {}
COMMAND: GET /session/db7e8e0bc6cb7545f5479edbe1e25c48/screenshot - {}
RESULT: {}
COMMAND: POST /session/db7e8e0bc6cb7545f5479edbe1e25c48/element - {"using":"xpath","value":"//li[.//span[text()=\"External partner\"]]//div[contains(@class,\"sapMCbBg\")]"}
RESULT: {"using":"xpath","value":"//li[.//span[text()=\"External partner\"]]//div[contains(@class,\"sapMCbBg\")]"}
COMMAND: POST /session/db7e8e0bc6cb7545f5479edbe1e25c48/element/f.A305B2C0A529549F02C3CF63D97C7E2E.d.23FB0B82A821AA327EA86F078B395E90.e.6527/click - {}
RESULT: {}
COMMAND: GET /session/db7e8e0bc6cb7545f5479edbe1e25c48/screenshot - {}
RESULT: {}
COMMAND: POST /session/db7e8e0bc6cb7545f5479edbe1e25c48/element - {"using":"xpath","value":"//span[@id=\"application-managepartners-display-component---masterPtm--smartTable-header-inner\"]"}
RESULT: {"using":"xpath","value":"//span[@id=\"application-managepartners-display-component---masterPtm--smartTable-header-inner\"]"}
COMMAND: POST /session/db7e8e0bc6cb7545f5479edbe1e25c48/elements - {"using":"xpath","value":"//span[@id=\"application-managepartners-display-component---masterPtm--smartTable-header-inner\"]"}
RESULT: {"using":"xpath","value":"//span[@id=\"application-managepartners-display-component---masterPtm--smartTable-header-inner\"]"}
COMMAND: POST /session/db7e8e0bc6cb7545f5479edbe1e25c48/execute/sync - {"script":"<script> [56 bytes]","args":[{"element-6066-11e4-a52e-4f735466cecf":"f.A305B2C0A529549F02C3CF63D97C7E2E.d.23FB0B82A821AA327EA86F078B395E90.e.5917","ELEMENT":"f.A305B2C0A529549F02C3CF63D97C7E2E.d.23FB0B82A821AA327EA86F078B395E90.e.5917"}]}
RESULT: {"script":"<script> [56 bytes]","args":[{"element-6066-11e4-a52e-4f735466cecf":"f.A305B2C0A529549F02C3CF63D97C7E2E.d.23FB0B82A821AA327EA86F078B395E90.e.5917","ELEMENT":"f.A305B2C0A529549F02C3CF63D97C7E2E.d.23FB0B82A821AA327EA86F078B395E90.e.5917"}]}
COMMAND: POST /session/db7e8e0bc6cb7545f5479edbe1e25c48/element - {"using":"xpath","value":"//span[contains(@title, \"Remove\")]"}
COMMAND: GET /session/db7e8e0bc6cb7545f5479edbe1e25c48/screenshot - {}
RESULT: {"using":"xpath","value":"//span[contains(@title, \"Remove\")]"}
COMMAND: POST /session/db7e8e0bc6cb7545f5479edbe1e25c48/element/f.A305B2C0A529549F02C3CF63D97C7E2E.d.23FB0B82A821AA327EA86F078B395E90.e.6602/click - {}
RESULT: {}
RESULT: {}
COMMAND: GET /session/db7e8e0bc6cb7545f5479edbe1e25c48/screenshot - {}
RESULT: {}
COMMAND: POST /session/db7e8e0bc6cb7545f5479edbe1e25c48/execute/async - {"script":"<script> [1562 bytes]","args":[{"selector":{"id":"application-managepartners-display-component---masterPtm--smartFilterBar-btnFilters","interaction":{"idSuffix":"BDI-content"}},"wdio_ui5_key":"applicationmanagepartners-display-component---masterPtm--smartFilterBar-btnFilters"}]}
RESULT: {"script":"<script> [1562 bytes]","args":[{"selector":{"id":"application-managepartners-display-component---masterPtm--smartFilterBar-btnFilters","interaction":{"idSuffix":"BDI-content"}},"wdio_ui5_key":"applicationmanagepartners-display-component---masterPtm--smartFilterBar-btnFilters"}]}
RESULT: undefined
COMMAND: POST /session/db7e8e0bc6cb7545f5479edbe1e25c48/element - {"using":"xpath","value":"//*[@id=\"application-managepartners-display-component---masterPtm--smartFilterBar-btnFilters\"]"}
RESULT: {"using":"xpath","value":"//*[@id=\"application-managepartners-display-component---masterPtm--smartFilterBar-btnFilters\"]"}
COMMAND: POST /session/db7e8e0bc6cb7545f5479edbe1e25c48/element/f.A305B2C0A529549F02C3CF63D97C7E2E.d.23FB0B82A821AA327EA86F078B395E90.e.5770/click - {}
RESULT: {}
COMMAND: GET /session/db7e8e0bc6cb7545f5479edbe1e25c48/screenshot - {}
RESULT: {}
COMMAND: POST /session/db7e8e0bc6cb7545f5479edbe1e25c48/elements - {"using":"xpath","value":"//table[contains(@id, \"listView-innerSelectionPanelTable-listUl\")]/tbody/tr"}
RESULT: {"using":"xpath","value":"//table[contains(@id, \"listView-innerSelectionPanelTable-listUl\")]/tbody/tr"}
COMMAND: POST /session/db7e8e0bc6cb7545f5479edbe1e25c48/element - {"using":"xpath","value":"//table[contains(@id, \"listView-innerSelectionPanelTable-listUl\")]/tbody/tr[2]/td[2]/div/div"}
RESULT: {"using":"xpath","value":"//table[contains(@id, \"listView-innerSelectionPanelTable-listUl\")]/tbody/tr[2]/td[2]/div/div"}
COMMAND: POST /session/db7e8e0bc6cb7545f5479edbe1e25c48/element - {"using":"xpath","value":"//table[contains(@id, \"listView-innerSelectionPanelTable-listUl\")]/tbody/tr[2]/td[2]/div"}
RESULT: {"using":"xpath","value":"//table[contains(@id, \"listView-innerSelectionPanelTable-listUl\")]/tbody/tr[2]/td[2]/div"}
COMMAND: POST /session/db7e8e0bc6cb7545f5479edbe1e25c48/element - {"using":"xpath","value":"//table[contains(@id, \"listView-innerSelectionPanelTable-listUl\")]/tbody/tr[2]/td[3]/div/div/span/span[1]/bdi"}
RESULT: {"using":"xpath","value":"//table[contains(@id, \"listView-innerSelectionPanelTable-listUl\")]/tbody/tr[2]/td[3]/div/div/span/span[1]/bdi"}
COMMAND: POST /session/db7e8e0bc6cb7545f5479edbe1e25c48/execute/sync - {"script":"<script> [56 bytes]","args":[{"element-6066-11e4-a52e-4f735466cecf":"f.A305B2C0A529549F02C3CF63D97C7E2E.d.23FB0B82A821AA327EA86F078B395E90.e.6706","ELEMENT":"f.A305B2C0A529549F02C3CF63D97C7E2E.d.23FB0B82A821AA327EA86F078B395E90.e.6706"}]}
RESULT: {"script":"<script> [56 bytes]","args":[{"element-6066-11e4-a52e-4f735466cecf":"f.A305B2C0A529549F02C3CF63D97C7E2E.d.23FB0B82A821AA327EA86F078B395E90.e.6706","ELEMENT":"f.A305B2C0A529549F02C3CF63D97C7E2E.d.23FB0B82A821AA327EA86F078B395E90.e.6706"}]}
COMMAND: GET /session/db7e8e0bc6cb7545f5479edbe1e25c48/element/f.A305B2C0A529549F02C3CF63D97C7E2E.d.23FB0B82A821AA327EA86F078B395E90.e.6705/attribute/aria-checked - {}
COMMAND: GET /session/db7e8e0bc6cb7545f5479edbe1e25c48/screenshot - {}
RESULT: {}
COMMAND: POST /session/db7e8e0bc6cb7545f5479edbe1e25c48/element - {"using":"xpath","value":"//table[contains(@id, \"listView-innerSelectionPanelTable-listUl\")]/tbody/tr[3]/td[2]/div/div"}
RESULT: {}
RESULT: {"using":"xpath","value":"//table[contains(@id, \"listView-innerSelectionPanelTable-listUl\")]/tbody/tr[3]/td[2]/div/div"}
COMMAND: POST /session/db7e8e0bc6cb7545f5479edbe1e25c48/element - {"using":"xpath","value":"//table[contains(@id, \"listView-innerSelectionPanelTable-listUl\")]/tbody/tr[3]/td[2]/div"}
RESULT: {"using":"xpath","value":"//table[contains(@id, \"listView-innerSelectionPanelTable-listUl\")]/tbody/tr[3]/td[2]/div"}
COMMAND: POST /session/db7e8e0bc6cb7545f5479edbe1e25c48/element - {"using":"xpath","value":"//table[contains(@id, \"listView-innerSelectionPanelTable-listUl\")]/tbody/tr[3]/td[3]/div/div/span/span[1]/bdi"}
RESULT: {"using":"xpath","value":"//table[contains(@id, \"listView-innerSelectionPanelTable-listUl\")]/tbody/tr[3]/td[3]/div/div/span/span[1]/bdi"}
COMMAND: POST /session/db7e8e0bc6cb7545f5479edbe1e25c48/execute/sync - {"script":"<script> [56 bytes]","args":[{"element-6066-11e4-a52e-4f735466cecf":"f.A305B2C0A529549F02C3CF63D97C7E2E.d.23FB0B82A821AA327EA86F078B395E90.e.6709","ELEMENT":"f.A305B2C0A529549F02C3CF63D97C7E2E.d.23FB0B82A821AA327EA86F078B395E90.e.6709"}]}
RESULT: {"script":"<script> [56 bytes]","args":[{"element-6066-11e4-a52e-4f735466cecf":"f.A305B2C0A529549F02C3CF63D97C7E2E.d.23FB0B82A821AA327EA86F078B395E90.e.6709","ELEMENT":"f.A305B2C0A529549F02C3CF63D97C7E2E.d.23FB0B82A821AA327EA86F078B395E90.e.6709"}]}
COMMAND: GET /session/db7e8e0bc6cb7545f5479edbe1e25c48/element/f.A305B2C0A529549F02C3CF63D97C7E2E.d.23FB0B82A821AA327EA86F078B395E90.e.6708/attribute/aria-checked - {}
COMMAND: GET /session/db7e8e0bc6cb7545f5479edbe1e25c48/screenshot - {}
RESULT: {}
COMMAND: POST /session/db7e8e0bc6cb7545f5479edbe1e25c48/element - {"using":"xpath","value":"//table[contains(@id, \"listView-innerSelectionPanelTable-listUl\")]/tbody/tr[4]/td[2]/div/div"}
RESULT: {}
RESULT: {"using":"xpath","value":"//table[contains(@id, \"listView-innerSelectionPanelTable-listUl\")]/tbody/tr[4]/td[2]/div/div"}
COMMAND: POST /session/db7e8e0bc6cb7545f5479edbe1e25c48/element - {"using":"xpath","value":"//table[contains(@id, \"listView-innerSelectionPanelTable-listUl\")]/tbody/tr[4]/td[2]/div"}
RESULT: {"using":"xpath","value":"//table[contains(@id, \"listView-innerSelectionPanelTable-listUl\")]/tbody/tr[4]/td[2]/div"}
COMMAND: POST /session/db7e8e0bc6cb7545f5479edbe1e25c48/element - {"using":"xpath","value":"//table[contains(@id, \"listView-innerSelectionPanelTable-listUl\")]/tbody/tr[4]/td[3]/div/div/span/span[1]/bdi"}
RESULT: {"using":"xpath","value":"//table[contains(@id, \"listView-innerSelectionPanelTable-listUl\")]/tbody/tr[4]/td[3]/div/div/span/span[1]/bdi"}
COMMAND: POST /session/db7e8e0bc6cb7545f5479edbe1e25c48/execute/sync - {"script":"<script> [56 bytes]","args":[{"element-6066-11e4-a52e-4f735466cecf":"f.A305B2C0A529549F02C3CF63D97C7E2E.d.23FB0B82A821AA327EA86F078B395E90.e.6712","ELEMENT":"f.A305B2C0A529549F02C3CF63D97C7E2E.d.23FB0B82A821AA327EA86F078B395E90.e.6712"}]}
RESULT: {"script":"<script> [56 bytes]","args":[{"element-6066-11e4-a52e-4f735466cecf":"f.A305B2C0A529549F02C3CF63D97C7E2E.d.23FB0B82A821AA327EA86F078B395E90.e.6712","ELEMENT":"f.A305B2C0A529549F02C3CF63D97C7E2E.d.23FB0B82A821AA327EA86F078B395E90.e.6712"}]}
COMMAND: GET /session/db7e8e0bc6cb7545f5479edbe1e25c48/element/f.A305B2C0A529549F02C3CF63D97C7E2E.d.23FB0B82A821AA327EA86F078B395E90.e.6711/attribute/aria-checked - {}
COMMAND: GET /session/db7e8e0bc6cb7545f5479edbe1e25c48/screenshot - {}
RESULT: {}
RESULT: {}
COMMAND: POST /session/db7e8e0bc6cb7545f5479edbe1e25c48/element - {"using":"xpath","value":"//table[contains(@id, \"listView-innerSelectionPanelTable-listUl\")]/tbody/tr[5]/td[2]/div/div"}
RESULT: {"using":"xpath","value":"//table[contains(@id, \"listView-innerSelectionPanelTable-listUl\")]/tbody/tr[5]/td[2]/div/div"}
COMMAND: POST /session/db7e8e0bc6cb7545f5479edbe1e25c48/element - {"using":"xpath","value":"//table[contains(@id, \"listView-innerSelectionPanelTable-listUl\")]/tbody/tr[5]/td[2]/div"}
RESULT: {"using":"xpath","value":"//table[contains(@id, \"listView-innerSelectionPanelTable-listUl\")]/tbody/tr[5]/td[2]/div"}
COMMAND: POST /session/db7e8e0bc6cb7545f5479edbe1e25c48/element - {"using":"xpath","value":"//table[contains(@id, \"listView-innerSelectionPanelTable-listUl\")]/tbody/tr[5]/td[3]/div/div/span/span[1]/bdi"}
RESULT: {"using":"xpath","value":"//table[contains(@id, \"listView-innerSelectionPanelTable-listUl\")]/tbody/tr[5]/td[3]/div/div/span/span[1]/bdi"}
COMMAND: POST /session/db7e8e0bc6cb7545f5479edbe1e25c48/execute/sync - {"script":"<script> [56 bytes]","args":[{"element-6066-11e4-a52e-4f735466cecf":"f.A305B2C0A529549F02C3CF63D97C7E2E.d.23FB0B82A821AA327EA86F078B395E90.e.6715","ELEMENT":"f.A305B2C0A529549F02C3CF63D97C7E2E.d.23FB0B82A821AA327EA86F078B395E90.e.6715"}]}
RESULT: {"script":"<script> [56 bytes]","args":[{"element-6066-11e4-a52e-4f735466cecf":"f.A305B2C0A529549F02C3CF63D97C7E2E.d.23FB0B82A821AA327EA86F078B395E90.e.6715","ELEMENT":"f.A305B2C0A529549F02C3CF63D97C7E2E.d.23FB0B82A821AA327EA86F078B395E90.e.6715"}]}
COMMAND: GET /session/db7e8e0bc6cb7545f5479edbe1e25c48/element/f.A305B2C0A529549F02C3CF63D97C7E2E.d.23FB0B82A821AA327EA86F078B395E90.e.6714/attribute/aria-checked - {}
COMMAND: GET /session/db7e8e0bc6cb7545f5479edbe1e25c48/screenshot - {}
RESULT: {}
COMMAND: POST /session/db7e8e0bc6cb7545f5479edbe1e25c48/element - {"using":"xpath","value":"//table[contains(@id, \"listView-innerSelectionPanelTable-listUl\")]/tbody/tr[6]/td[2]/div/div"}
RESULT: {}
RESULT: {"using":"xpath","value":"//table[contains(@id, \"listView-innerSelectionPanelTable-listUl\")]/tbody/tr[6]/td[2]/div/div"}
COMMAND: POST /session/db7e8e0bc6cb7545f5479edbe1e25c48/element - {"using":"xpath","value":"//table[contains(@id, \"listView-innerSelectionPanelTable-listUl\")]/tbody/tr[6]/td[2]/div"}
RESULT: {"using":"xpath","value":"//table[contains(@id, \"listView-innerSelectionPanelTable-listUl\")]/tbody/tr[6]/td[2]/div"}
COMMAND: POST /session/db7e8e0bc6cb7545f5479edbe1e25c48/element - {"using":"xpath","value":"//table[contains(@id, \"listView-innerSelectionPanelTable-listUl\")]/tbody/tr[6]/td[3]/div/div/span/span[1]/bdi"}
RESULT: {"using":"xpath","value":"//table[contains(@id, \"listView-innerSelectionPanelTable-listUl\")]/tbody/tr[6]/td[3]/div/div/span/span[1]/bdi"}
COMMAND: POST /session/db7e8e0bc6cb7545f5479edbe1e25c48/execute/sync - {"script":"<script> [56 bytes]","args":[{"element-6066-11e4-a52e-4f735466cecf":"f.A305B2C0A529549F02C3CF63D97C7E2E.d.23FB0B82A821AA327EA86F078B395E90.e.6718","ELEMENT":"f.A305B2C0A529549F02C3CF63D97C7E2E.d.23FB0B82A821AA327EA86F078B395E90.e.6718"}]}
RESULT: {"script":"<script> [56 bytes]","args":[{"element-6066-11e4-a52e-4f735466cecf":"f.A305B2C0A529549F02C3CF63D97C7E2E.d.23FB0B82A821AA327EA86F078B395E90.e.6718","ELEMENT":"f.A305B2C0A529549F02C3CF63D97C7E2E.d.23FB0B82A821AA327EA86F078B395E90.e.6718"}]}
COMMAND: GET /session/db7e8e0bc6cb7545f5479edbe1e25c48/element/f.A305B2C0A529549F02C3CF63D97C7E2E.d.23FB0B82A821AA327EA86F078B395E90.e.6717/attribute/aria-checked - {}
COMMAND: GET /session/db7e8e0bc6cb7545f5479edbe1e25c48/screenshot - {}
RESULT: {}
COMMAND: POST /session/db7e8e0bc6cb7545f5479edbe1e25c48/element - {"using":"xpath","value":"//table[contains(@id, \"listView-innerSelectionPanelTable-listUl\")]/tbody/tr[7]/td[2]/div/div"}
RESULT: {}
RESULT: {"using":"xpath","value":"//table[contains(@id, \"listView-innerSelectionPanelTable-listUl\")]/tbody/tr[7]/td[2]/div/div"}
COMMAND: POST /session/db7e8e0bc6cb7545f5479edbe1e25c48/element - {"using":"xpath","value":"//table[contains(@id, \"listView-innerSelectionPanelTable-listUl\")]/tbody/tr[7]/td[2]/div"}
RESULT: {"using":"xpath","value":"//table[contains(@id, \"listView-innerSelectionPanelTable-listUl\")]/tbody/tr[7]/td[2]/div"}
COMMAND: POST /session/db7e8e0bc6cb7545f5479edbe1e25c48/element - {"using":"xpath","value":"//table[contains(@id, \"listView-innerSelectionPanelTable-listUl\")]/tbody/tr[7]/td[3]/div/div/span/span[1]/bdi"}
RESULT: {"using":"xpath","value":"//table[contains(@id, \"listView-innerSelectionPanelTable-listUl\")]/tbody/tr[7]/td[3]/div/div/span/span[1]/bdi"}
COMMAND: POST /session/db7e8e0bc6cb7545f5479edbe1e25c48/execute/sync - {"script":"<script> [56 bytes]","args":[{"element-6066-11e4-a52e-4f735466cecf":"f.A305B2C0A529549F02C3CF63D97C7E2E.d.23FB0B82A821AA327EA86F078B395E90.e.6721","ELEMENT":"f.A305B2C0A529549F02C3CF63D97C7E2E.d.23FB0B82A821AA327EA86F078B395E90.e.6721"}]}
RESULT: {"script":"<script> [56 bytes]","args":[{"element-6066-11e4-a52e-4f735466cecf":"f.A305B2C0A529549F02C3CF63D97C7E2E.d.23FB0B82A821AA327EA86F078B395E90.e.6721","ELEMENT":"f.A305B2C0A529549F02C3CF63D97C7E2E.d.23FB0B82A821AA327EA86F078B395E90.e.6721"}]}
COMMAND: GET /session/db7e8e0bc6cb7545f5479edbe1e25c48/element/f.A305B2C0A529549F02C3CF63D97C7E2E.d.23FB0B82A821AA327EA86F078B395E90.e.6720/attribute/aria-checked - {}
COMMAND: GET /session/db7e8e0bc6cb7545f5479edbe1e25c48/screenshot - {}
RESULT: {}
COMMAND: POST /session/db7e8e0bc6cb7545f5479edbe1e25c48/element - {"using":"xpath","value":"//table[contains(@id, \"listView-innerSelectionPanelTable-listUl\")]/tbody/tr[8]/td[2]/div/div"}
RESULT: {}
RESULT: {"using":"xpath","value":"//table[contains(@id, \"listView-innerSelectionPanelTable-listUl\")]/tbody/tr[8]/td[2]/div/div"}
COMMAND: POST /session/db7e8e0bc6cb7545f5479edbe1e25c48/element - {"using":"xpath","value":"//table[contains(@id, \"listView-innerSelectionPanelTable-listUl\")]/tbody/tr[8]/td[2]/div"}
RESULT: {"using":"xpath","value":"//table[contains(@id, \"listView-innerSelectionPanelTable-listUl\")]/tbody/tr[8]/td[2]/div"}
COMMAND: POST /session/db7e8e0bc6cb7545f5479edbe1e25c48/element - {"using":"xpath","value":"//table[contains(@id, \"listView-innerSelectionPanelTable-listUl\")]/tbody/tr[8]/td[3]/div/div/span/span[1]/bdi"}
RESULT: {"using":"xpath","value":"//table[contains(@id, \"listView-innerSelectionPanelTable-listUl\")]/tbody/tr[8]/td[3]/div/div/span/span[1]/bdi"}
COMMAND: POST /session/db7e8e0bc6cb7545f5479edbe1e25c48/execute/sync - {"script":"<script> [56 bytes]","args":[{"element-6066-11e4-a52e-4f735466cecf":"f.A305B2C0A529549F02C3CF63D97C7E2E.d.23FB0B82A821AA327EA86F078B395E90.e.6724","ELEMENT":"f.A305B2C0A529549F02C3CF63D97C7E2E.d.23FB0B82A821AA327EA86F078B395E90.e.6724"}]}
RESULT: {"script":"<script> [56 bytes]","args":[{"element-6066-11e4-a52e-4f735466cecf":"f.A305B2C0A529549F02C3CF63D97C7E2E.d.23FB0B82A821AA327EA86F078B395E90.e.6724","ELEMENT":"f.A305B2C0A529549F02C3CF63D97C7E2E.d.23FB0B82A821AA327EA86F078B395E90.e.6724"}]}
COMMAND: GET /session/db7e8e0bc6cb7545f5479edbe1e25c48/element/f.A305B2C0A529549F02C3CF63D97C7E2E.d.23FB0B82A821AA327EA86F078B395E90.e.6723/attribute/aria-checked - {}
COMMAND: GET /session/db7e8e0bc6cb7545f5479edbe1e25c48/screenshot - {}
RESULT: {}
COMMAND: POST /session/db7e8e0bc6cb7545f5479edbe1e25c48/element - {"using":"xpath","value":"//table[contains(@id, \"listView-innerSelectionPanelTable-listUl\")]/tbody/tr[9]/td[2]/div/div"}
RESULT: {}
RESULT: {"using":"xpath","value":"//table[contains(@id, \"listView-innerSelectionPanelTable-listUl\")]/tbody/tr[9]/td[2]/div/div"}
COMMAND: POST /session/db7e8e0bc6cb7545f5479edbe1e25c48/element - {"using":"xpath","value":"//table[contains(@id, \"listView-innerSelectionPanelTable-listUl\")]/tbody/tr[9]/td[2]/div"}
RESULT: {"using":"xpath","value":"//table[contains(@id, \"listView-innerSelectionPanelTable-listUl\")]/tbody/tr[9]/td[2]/div"}
COMMAND: POST /session/db7e8e0bc6cb7545f5479edbe1e25c48/element - {"using":"xpath","value":"//table[contains(@id, \"listView-innerSelectionPanelTable-listUl\")]/tbody/tr[9]/td[3]/div/div/span/span[1]/bdi"}
RESULT: {"using":"xpath","value":"//table[contains(@id, \"listView-innerSelectionPanelTable-listUl\")]/tbody/tr[9]/td[3]/div/div/span/span[1]/bdi"}
COMMAND: POST /session/db7e8e0bc6cb7545f5479edbe1e25c48/execute/sync - {"script":"<script> [56 bytes]","args":[{"element-6066-11e4-a52e-4f735466cecf":"f.A305B2C0A529549F02C3CF63D97C7E2E.d.23FB0B82A821AA327EA86F078B395E90.e.6727","ELEMENT":"f.A305B2C0A529549F02C3CF63D97C7E2E.d.23FB0B82A821AA327EA86F078B395E90.e.6727"}]}
RESULT: {"script":"<script> [56 bytes]","args":[{"element-6066-11e4-a52e-4f735466cecf":"f.A305B2C0A529549F02C3CF63D97C7E2E.d.23FB0B82A821AA327EA86F078B395E90.e.6727","ELEMENT":"f.A305B2C0A529549F02C3CF63D97C7E2E.d.23FB0B82A821AA327EA86F078B395E90.e.6727"}]}
COMMAND: GET /session/db7e8e0bc6cb7545f5479edbe1e25c48/element/f.A305B2C0A529549F02C3CF63D97C7E2E.d.23FB0B82A821AA327EA86F078B395E90.e.6726/attribute/aria-checked - {}
COMMAND: GET /session/db7e8e0bc6cb7545f5479edbe1e25c48/screenshot - {}
RESULT: {}
COMMAND: POST /session/db7e8e0bc6cb7545f5479edbe1e25c48/element - {"using":"xpath","value":"//table[contains(@id, \"listView-innerSelectionPanelTable-listUl\")]/tbody/tr[10]/td[2]/div/div"}
RESULT: {}
RESULT: {"using":"xpath","value":"//table[contains(@id, \"listView-innerSelectionPanelTable-listUl\")]/tbody/tr[10]/td[2]/div/div"}
COMMAND: POST /session/db7e8e0bc6cb7545f5479edbe1e25c48/element - {"using":"xpath","value":"//table[contains(@id, \"listView-innerSelectionPanelTable-listUl\")]/tbody/tr[10]/td[2]/div"}
RESULT: {"using":"xpath","value":"//table[contains(@id, \"listView-innerSelectionPanelTable-listUl\")]/tbody/tr[10]/td[2]/div"}
COMMAND: POST /session/db7e8e0bc6cb7545f5479edbe1e25c48/element - {"using":"xpath","value":"//table[contains(@id, \"listView-innerSelectionPanelTable-listUl\")]/tbody/tr[10]/td[3]/div/div/span/span[1]/bdi"}
RESULT: {"using":"xpath","value":"//table[contains(@id, \"listView-innerSelectionPanelTable-listUl\")]/tbody/tr[10]/td[3]/div/div/span/span[1]/bdi"}
COMMAND: POST /session/db7e8e0bc6cb7545f5479edbe1e25c48/execute/sync - {"script":"<script> [56 bytes]","args":[{"element-6066-11e4-a52e-4f735466cecf":"f.A305B2C0A529549F02C3CF63D97C7E2E.d.23FB0B82A821AA327EA86F078B395E90.e.6730","ELEMENT":"f.A305B2C0A529549F02C3CF63D97C7E2E.d.23FB0B82A821AA327EA86F078B395E90.e.6730"}]}
RESULT: {"script":"<script> [56 bytes]","args":[{"element-6066-11e4-a52e-4f735466cecf":"f.A305B2C0A529549F02C3CF63D97C7E2E.d.23FB0B82A821AA327EA86F078B395E90.e.6730","ELEMENT":"f.A305B2C0A529549F02C3CF63D97C7E2E.d.23FB0B82A821AA327EA86F078B395E90.e.6730"}]}
COMMAND: GET /session/db7e8e0bc6cb7545f5479edbe1e25c48/element/f.A305B2C0A529549F02C3CF63D97C7E2E.d.23FB0B82A821AA327EA86F078B395E90.e.6729/attribute/aria-checked - {}
COMMAND: GET /session/db7e8e0bc6cb7545f5479edbe1e25c48/screenshot - {}
RESULT: {}
COMMAND: POST /session/db7e8e0bc6cb7545f5479edbe1e25c48/element - {"using":"xpath","value":"//table[contains(@id, \"listView-innerSelectionPanelTable-listUl\")]/tbody/tr[11]/td[2]/div/div"}
RESULT: {}
RESULT: {"using":"xpath","value":"//table[contains(@id, \"listView-innerSelectionPanelTable-listUl\")]/tbody/tr[11]/td[2]/div/div"}
COMMAND: POST /session/db7e8e0bc6cb7545f5479edbe1e25c48/element - {"using":"xpath","value":"//table[contains(@id, \"listView-innerSelectionPanelTable-listUl\")]/tbody/tr[11]/td[2]/div"}
RESULT: {"using":"xpath","value":"//table[contains(@id, \"listView-innerSelectionPanelTable-listUl\")]/tbody/tr[11]/td[2]/div"}
COMMAND: POST /session/db7e8e0bc6cb7545f5479edbe1e25c48/element - {"using":"xpath","value":"//table[contains(@id, \"listView-innerSelectionPanelTable-listUl\")]/tbody/tr[11]/td[3]/div/div/span/span[1]/bdi"}
RESULT: {"using":"xpath","value":"//table[contains(@id, \"listView-innerSelectionPanelTable-listUl\")]/tbody/tr[11]/td[3]/div/div/span/span[1]/bdi"}
COMMAND: POST /session/db7e8e0bc6cb7545f5479edbe1e25c48/execute/sync - {"script":"<script> [56 bytes]","args":[{"element-6066-11e4-a52e-4f735466cecf":"f.A305B2C0A529549F02C3CF63D97C7E2E.d.23FB0B82A821AA327EA86F078B395E90.e.6733","ELEMENT":"f.A305B2C0A529549F02C3CF63D97C7E2E.d.23FB0B82A821AA327EA86F078B395E90.e.6733"}]}
RESULT: {"script":"<script> [56 bytes]","args":[{"element-6066-11e4-a52e-4f735466cecf":"f.A305B2C0A529549F02C3CF63D97C7E2E.d.23FB0B82A821AA327EA86F078B395E90.e.6733","ELEMENT":"f.A305B2C0A529549F02C3CF63D97C7E2E.d.23FB0B82A821AA327EA86F078B395E90.e.6733"}]}
COMMAND: GET /session/db7e8e0bc6cb7545f5479edbe1e25c48/element/f.A305B2C0A529549F02C3CF63D97C7E2E.d.23FB0B82A821AA327EA86F078B395E90.e.6732/attribute/aria-checked - {}
COMMAND: GET /session/db7e8e0bc6cb7545f5479edbe1e25c48/screenshot - {}
RESULT: {}
COMMAND: POST /session/db7e8e0bc6cb7545f5479edbe1e25c48/element - {"using":"xpath","value":"//table[contains(@id, \"listView-innerSelectionPanelTable-listUl\")]/tbody/tr[12]/td[2]/div/div"}
RESULT: {}
RESULT: {"using":"xpath","value":"//table[contains(@id, \"listView-innerSelectionPanelTable-listUl\")]/tbody/tr[12]/td[2]/div/div"}
COMMAND: POST /session/db7e8e0bc6cb7545f5479edbe1e25c48/element - {"using":"xpath","value":"//table[contains(@id, \"listView-innerSelectionPanelTable-listUl\")]/tbody/tr[12]/td[2]/div"}
RESULT: {"using":"xpath","value":"//table[contains(@id, \"listView-innerSelectionPanelTable-listUl\")]/tbody/tr[12]/td[2]/div"}
COMMAND: POST /session/db7e8e0bc6cb7545f5479edbe1e25c48/element - {"using":"xpath","value":"//table[contains(@id, \"listView-innerSelectionPanelTable-listUl\")]/tbody/tr[12]/td[3]/div/div/span/span[1]/bdi"}
RESULT: {"using":"xpath","value":"//table[contains(@id, \"listView-innerSelectionPanelTable-listUl\")]/tbody/tr[12]/td[3]/div/div/span/span[1]/bdi"}
COMMAND: POST /session/db7e8e0bc6cb7545f5479edbe1e25c48/execute/sync - {"script":"<script> [56 bytes]","args":[{"element-6066-11e4-a52e-4f735466cecf":"f.A305B2C0A529549F02C3CF63D97C7E2E.d.23FB0B82A821AA327EA86F078B395E90.e.6736","ELEMENT":"f.A305B2C0A529549F02C3CF63D97C7E2E.d.23FB0B82A821AA327EA86F078B395E90.e.6736"}]}
RESULT: {"script":"<script> [56 bytes]","args":[{"element-6066-11e4-a52e-4f735466cecf":"f.A305B2C0A529549F02C3CF63D97C7E2E.d.23FB0B82A821AA327EA86F078B395E90.e.6736","ELEMENT":"f.A305B2C0A529549F02C3CF63D97C7E2E.d.23FB0B82A821AA327EA86F078B395E90.e.6736"}]}
COMMAND: GET /session/db7e8e0bc6cb7545f5479edbe1e25c48/element/f.A305B2C0A529549F02C3CF63D97C7E2E.d.23FB0B82A821AA327EA86F078B395E90.e.6735/attribute/aria-checked - {}
COMMAND: GET /session/db7e8e0bc6cb7545f5479edbe1e25c48/screenshot - {}
RESULT: {}
COMMAND: POST /session/db7e8e0bc6cb7545f5479edbe1e25c48/element - {"using":"xpath","value":"//table[contains(@id, \"listView-innerSelectionPanelTable-listUl\")]/tbody/tr[13]/td[2]/div/div"}
RESULT: {}
RESULT: {"using":"xpath","value":"//table[contains(@id, \"listView-innerSelectionPanelTable-listUl\")]/tbody/tr[13]/td[2]/div/div"}
COMMAND: POST /session/db7e8e0bc6cb7545f5479edbe1e25c48/element - {"using":"xpath","value":"//table[contains(@id, \"listView-innerSelectionPanelTable-listUl\")]/tbody/tr[13]/td[2]/div"}
RESULT: {"using":"xpath","value":"//table[contains(@id, \"listView-innerSelectionPanelTable-listUl\")]/tbody/tr[13]/td[2]/div"}
COMMAND: POST /session/db7e8e0bc6cb7545f5479edbe1e25c48/element - {"using":"xpath","value":"//table[contains(@id, \"listView-innerSelectionPanelTable-listUl\")]/tbody/tr[13]/td[3]/div/div/span/span[1]/bdi"}
RESULT: {"using":"xpath","value":"//table[contains(@id, \"listView-innerSelectionPanelTable-listUl\")]/tbody/tr[13]/td[3]/div/div/span/span[1]/bdi"}
COMMAND: POST /session/db7e8e0bc6cb7545f5479edbe1e25c48/execute/sync - {"script":"<script> [56 bytes]","args":[{"element-6066-11e4-a52e-4f735466cecf":"f.A305B2C0A529549F02C3CF63D97C7E2E.d.23FB0B82A821AA327EA86F078B395E90.e.6739","ELEMENT":"f.A305B2C0A529549F02C3CF63D97C7E2E.d.23FB0B82A821AA327EA86F078B395E90.e.6739"}]}
RESULT: {"script":"<script> [56 bytes]","args":[{"element-6066-11e4-a52e-4f735466cecf":"f.A305B2C0A529549F02C3CF63D97C7E2E.d.23FB0B82A821AA327EA86F078B395E90.e.6739","ELEMENT":"f.A305B2C0A529549F02C3CF63D97C7E2E.d.23FB0B82A821AA327EA86F078B395E90.e.6739"}]}
COMMAND: GET /session/db7e8e0bc6cb7545f5479edbe1e25c48/element/f.A305B2C0A529549F02C3CF63D97C7E2E.d.23FB0B82A821AA327EA86F078B395E90.e.6738/attribute/aria-checked - {}
COMMAND: GET /session/db7e8e0bc6cb7545f5479edbe1e25c48/screenshot - {}
RESULT: {}
COMMAND: POST /session/db7e8e0bc6cb7545f5479edbe1e25c48/element - {"using":"xpath","value":"//table[contains(@id, \"listView-innerSelectionPanelTable-listUl\")]/tbody/tr[14]/td[2]/div/div"}
COMMAND: POST /session/db7e8e0bc6cb7545f5479edbe1e25c48/element/f.A305B2C0A529549F02C3CF63D97C7E2E.d.23FB0B82A821AA327EA86F078B395E90.e.6737/click - {}
RESULT: {}
RESULT: {"using":"xpath","value":"//table[contains(@id, \"listView-innerSelectionPanelTable-listUl\")]/tbody/tr[14]/td[2]/div/div"}
COMMAND: POST /session/db7e8e0bc6cb7545f5479edbe1e25c48/element - {"using":"xpath","value":"//table[contains(@id, \"listView-innerSelectionPanelTable-listUl\")]/tbody/tr[14]/td[2]/div"}
RESULT: {}
COMMAND: GET /session/db7e8e0bc6cb7545f5479edbe1e25c48/screenshot - {}
RESULT: {"using":"xpath","value":"//table[contains(@id, \"listView-innerSelectionPanelTable-listUl\")]/tbody/tr[14]/td[2]/div"}
COMMAND: POST /session/db7e8e0bc6cb7545f5479edbe1e25c48/element - {"using":"xpath","value":"//table[contains(@id, \"listView-innerSelectionPanelTable-listUl\")]/tbody/tr[14]/td[3]/div/div/span/span[1]/bdi"}
RESULT: {}
RESULT: {"using":"xpath","value":"//table[contains(@id, \"listView-innerSelectionPanelTable-listUl\")]/tbody/tr[14]/td[3]/div/div/span/span[1]/bdi"}
COMMAND: POST /session/db7e8e0bc6cb7545f5479edbe1e25c48/execute/sync - {"script":"<script> [56 bytes]","args":[{"element-6066-11e4-a52e-4f735466cecf":"f.A305B2C0A529549F02C3CF63D97C7E2E.d.23FB0B82A821AA327EA86F078B395E90.e.6743","ELEMENT":"f.A305B2C0A529549F02C3CF63D97C7E2E.d.23FB0B82A821AA327EA86F078B395E90.e.6743"}]}
RESULT: {"script":"<script> [56 bytes]","args":[{"element-6066-11e4-a52e-4f735466cecf":"f.A305B2C0A529549F02C3CF63D97C7E2E.d.23FB0B82A821AA327EA86F078B395E90.e.6743","ELEMENT":"f.A305B2C0A529549F02C3CF63D97C7E2E.d.23FB0B82A821AA327EA86F078B395E90.e.6743"}]}
COMMAND: GET /session/db7e8e0bc6cb7545f5479edbe1e25c48/element/f.A305B2C0A529549F02C3CF63D97C7E2E.d.23FB0B82A821AA327EA86F078B395E90.e.6742/attribute/aria-checked - {}
COMMAND: GET /session/db7e8e0bc6cb7545f5479edbe1e25c48/screenshot - {}
RESULT: {}
COMMAND: POST /session/db7e8e0bc6cb7545f5479edbe1e25c48/element - {"using":"xpath","value":"//table[contains(@id, \"listView-innerSelectionPanelTable-listUl\")]/tbody/tr[15]/td[2]/div/div"}
RESULT: {}
RESULT: {"using":"xpath","value":"//table[contains(@id, \"listView-innerSelectionPanelTable-listUl\")]/tbody/tr[15]/td[2]/div/div"}
COMMAND: POST /session/db7e8e0bc6cb7545f5479edbe1e25c48/element - {"using":"xpath","value":"//table[contains(@id, \"listView-innerSelectionPanelTable-listUl\")]/tbody/tr[15]/td[2]/div"}
RESULT: {"using":"xpath","value":"//table[contains(@id, \"listView-innerSelectionPanelTable-listUl\")]/tbody/tr[15]/td[2]/div"}
COMMAND: POST /session/db7e8e0bc6cb7545f5479edbe1e25c48/element - {"using":"xpath","value":"//table[contains(@id, \"listView-innerSelectionPanelTable-listUl\")]/tbody/tr[15]/td[3]/div/div/span/span[1]/bdi"}
RESULT: {"using":"xpath","value":"//table[contains(@id, \"listView-innerSelectionPanelTable-listUl\")]/tbody/tr[15]/td[3]/div/div/span/span[1]/bdi"}
COMMAND: POST /session/db7e8e0bc6cb7545f5479edbe1e25c48/execute/sync - {"script":"<script> [56 bytes]","args":[{"element-6066-11e4-a52e-4f735466cecf":"f.A305B2C0A529549F02C3CF63D97C7E2E.d.23FB0B82A821AA327EA86F078B395E90.e.6746","ELEMENT":"f.A305B2C0A529549F02C3CF63D97C7E2E.d.23FB0B82A821AA327EA86F078B395E90.e.6746"}]}
RESULT: {"script":"<script> [56 bytes]","args":[{"element-6066-11e4-a52e-4f735466cecf":"f.A305B2C0A529549F02C3CF63D97C7E2E.d.23FB0B82A821AA327EA86F078B395E90.e.6746","ELEMENT":"f.A305B2C0A529549F02C3CF63D97C7E2E.d.23FB0B82A821AA327EA86F078B395E90.e.6746"}]}
COMMAND: GET /session/db7e8e0bc6cb7545f5479edbe1e25c48/element/f.A305B2C0A529549F02C3CF63D97C7E2E.d.23FB0B82A821AA327EA86F078B395E90.e.6745/attribute/aria-checked - {}
COMMAND: GET /session/db7e8e0bc6cb7545f5479edbe1e25c48/screenshot - {}
RESULT: {}
COMMAND: POST /session/db7e8e0bc6cb7545f5479edbe1e25c48/element - {"using":"xpath","value":"//table[contains(@id, \"listView-innerSelectionPanelTable-listUl\")]/tbody/tr[16]/td[2]/div/div"}
RESULT: {}
RESULT: {"using":"xpath","value":"//table[contains(@id, \"listView-innerSelectionPanelTable-listUl\")]/tbody/tr[16]/td[2]/div/div"}
COMMAND: POST /session/db7e8e0bc6cb7545f5479edbe1e25c48/element - {"using":"xpath","value":"//table[contains(@id, \"listView-innerSelectionPanelTable-listUl\")]/tbody/tr[16]/td[2]/div"}
RESULT: {"using":"xpath","value":"//table[contains(@id, \"listView-innerSelectionPanelTable-listUl\")]/tbody/tr[16]/td[2]/div"}
COMMAND: POST /session/db7e8e0bc6cb7545f5479edbe1e25c48/element - {"using":"xpath","value":"//table[contains(@id, \"listView-innerSelectionPanelTable-listUl\")]/tbody/tr[16]/td[3]/div/div/span/span[1]/bdi"}
RESULT: {"using":"xpath","value":"//table[contains(@id, \"listView-innerSelectionPanelTable-listUl\")]/tbody/tr[16]/td[3]/div/div/span/span[1]/bdi"}
COMMAND: POST /session/db7e8e0bc6cb7545f5479edbe1e25c48/execute/sync - {"script":"<script> [56 bytes]","args":[{"element-6066-11e4-a52e-4f735466cecf":"f.A305B2C0A529549F02C3CF63D97C7E2E.d.23FB0B82A821AA327EA86F078B395E90.e.6749","ELEMENT":"f.A305B2C0A529549F02C3CF63D97C7E2E.d.23FB0B82A821AA327EA86F078B395E90.e.6749"}]}
RESULT: {"script":"<script> [56 bytes]","args":[{"element-6066-11e4-a52e-4f735466cecf":"f.A305B2C0A529549F02C3CF63D97C7E2E.d.23FB0B82A821AA327EA86F078B395E90.e.6749","ELEMENT":"f.A305B2C0A529549F02C3CF63D97C7E2E.d.23FB0B82A821AA327EA86F078B395E90.e.6749"}]}
COMMAND: GET /session/db7e8e0bc6cb7545f5479edbe1e25c48/element/f.A305B2C0A529549F02C3CF63D97C7E2E.d.23FB0B82A821AA327EA86F078B395E90.e.6748/attribute/aria-checked - {}
COMMAND: GET /session/db7e8e0bc6cb7545f5479edbe1e25c48/screenshot - {}
RESULT: {}
COMMAND: POST /session/db7e8e0bc6cb7545f5479edbe1e25c48/element - {"using":"xpath","value":"//table[contains(@id, \"listView-innerSelectionPanelTable-listUl\")]/tbody/tr[17]/td[2]/div/div"}
RESULT: {}
RESULT: {"using":"xpath","value":"//table[contains(@id, \"listView-innerSelectionPanelTable-listUl\")]/tbody/tr[17]/td[2]/div/div"}
COMMAND: POST /session/db7e8e0bc6cb7545f5479edbe1e25c48/element - {"using":"xpath","value":"//table[contains(@id, \"listView-innerSelectionPanelTable-listUl\")]/tbody/tr[17]/td[2]/div"}
RESULT: {"using":"xpath","value":"//table[contains(@id, \"listView-innerSelectionPanelTable-listUl\")]/tbody/tr[17]/td[2]/div"}
COMMAND: POST /session/db7e8e0bc6cb7545f5479edbe1e25c48/element - {"using":"xpath","value":"//table[contains(@id, \"listView-innerSelectionPanelTable-listUl\")]/tbody/tr[17]/td[3]/div/div/span/span[1]/bdi"}
RESULT: {"using":"xpath","value":"//table[contains(@id, \"listView-innerSelectionPanelTable-listUl\")]/tbody/tr[17]/td[3]/div/div/span/span[1]/bdi"}
COMMAND: POST /session/db7e8e0bc6cb7545f5479edbe1e25c48/execute/sync - {"script":"<script> [56 bytes]","args":[{"element-6066-11e4-a52e-4f735466cecf":"f.A305B2C0A529549F02C3CF63D97C7E2E.d.23FB0B82A821AA327EA86F078B395E90.e.6752","ELEMENT":"f.A305B2C0A529549F02C3CF63D97C7E2E.d.23FB0B82A821AA327EA86F078B395E90.e.6752"}]}
RESULT: {"script":"<script> [56 bytes]","args":[{"element-6066-11e4-a52e-4f735466cecf":"f.A305B2C0A529549F02C3CF63D97C7E2E.d.23FB0B82A821AA327EA86F078B395E90.e.6752","ELEMENT":"f.A305B2C0A529549F02C3CF63D97C7E2E.d.23FB0B82A821AA327EA86F078B395E90.e.6752"}]}
COMMAND: GET /session/db7e8e0bc6cb7545f5479edbe1e25c48/element/f.A305B2C0A529549F02C3CF63D97C7E2E.d.23FB0B82A821AA327EA86F078B395E90.e.6751/attribute/aria-checked - {}
COMMAND: GET /session/db7e8e0bc6cb7545f5479edbe1e25c48/screenshot - {}
RESULT: {}
COMMAND: POST /session/db7e8e0bc6cb7545f5479edbe1e25c48/element - {"using":"xpath","value":"//table[contains(@id, \"listView-innerSelectionPanelTable-listUl\")]/tbody/tr[18]/td[2]/div/div"}
RESULT: {}
RESULT: {"using":"xpath","value":"//table[contains(@id, \"listView-innerSelectionPanelTable-listUl\")]/tbody/tr[18]/td[2]/div/div"}
COMMAND: POST /session/db7e8e0bc6cb7545f5479edbe1e25c48/element - {"using":"xpath","value":"//table[contains(@id, \"listView-innerSelectionPanelTable-listUl\")]/tbody/tr[18]/td[2]/div"}
RESULT: {"using":"xpath","value":"//table[contains(@id, \"listView-innerSelectionPanelTable-listUl\")]/tbody/tr[18]/td[2]/div"}
COMMAND: POST /session/db7e8e0bc6cb7545f5479edbe1e25c48/element - {"using":"xpath","value":"//table[contains(@id, \"listView-innerSelectionPanelTable-listUl\")]/tbody/tr[18]/td[3]/div/div/span/span[1]/bdi"}
RESULT: {"using":"xpath","value":"//table[contains(@id, \"listView-innerSelectionPanelTable-listUl\")]/tbody/tr[18]/td[3]/div/div/span/span[1]/bdi"}
COMMAND: POST /session/db7e8e0bc6cb7545f5479edbe1e25c48/execute/sync - {"script":"<script> [56 bytes]","args":[{"element-6066-11e4-a52e-4f735466cecf":"f.A305B2C0A529549F02C3CF63D97C7E2E.d.23FB0B82A821AA327EA86F078B395E90.e.6755","ELEMENT":"f.A305B2C0A529549F02C3CF63D97C7E2E.d.23FB0B82A821AA327EA86F078B395E90.e.6755"}]}
RESULT: {"script":"<script> [56 bytes]","args":[{"element-6066-11e4-a52e-4f735466cecf":"f.A305B2C0A529549F02C3CF63D97C7E2E.d.23FB0B82A821AA327EA86F078B395E90.e.6755","ELEMENT":"f.A305B2C0A529549F02C3CF63D97C7E2E.d.23FB0B82A821AA327EA86F078B395E90.e.6755"}]}
COMMAND: GET /session/db7e8e0bc6cb7545f5479edbe1e25c48/element/f.A305B2C0A529549F02C3CF63D97C7E2E.d.23FB0B82A821AA327EA86F078B395E90.e.6754/attribute/aria-checked - {}
COMMAND: GET /session/db7e8e0bc6cb7545f5479edbe1e25c48/screenshot - {}
RESULT: {}
COMMAND: POST /session/db7e8e0bc6cb7545f5479edbe1e25c48/element - {"using":"xpath","value":"//table[contains(@id, \"listView-innerSelectionPanelTable-listUl\")]/tbody/tr[19]/td[2]/div/div"}
RESULT: {}
RESULT: {"using":"xpath","value":"//table[contains(@id, \"listView-innerSelectionPanelTable-listUl\")]/tbody/tr[19]/td[2]/div/div"}
COMMAND: POST /session/db7e8e0bc6cb7545f5479edbe1e25c48/element - {"using":"xpath","value":"//table[contains(@id, \"listView-innerSelectionPanelTable-listUl\")]/tbody/tr[19]/td[2]/div"}
RESULT: {"using":"xpath","value":"//table[contains(@id, \"listView-innerSelectionPanelTable-listUl\")]/tbody/tr[19]/td[2]/div"}
COMMAND: POST /session/db7e8e0bc6cb7545f5479edbe1e25c48/element - {"using":"xpath","value":"//table[contains(@id, \"listView-innerSelectionPanelTable-listUl\")]/tbody/tr[19]/td[3]/div/div/span/span[1]/bdi"}
RESULT: {"using":"xpath","value":"//table[contains(@id, \"listView-innerSelectionPanelTable-listUl\")]/tbody/tr[19]/td[3]/div/div/span/span[1]/bdi"}
COMMAND: POST /session/db7e8e0bc6cb7545f5479edbe1e25c48/execute/sync - {"script":"<script> [56 bytes]","args":[{"element-6066-11e4-a52e-4f735466cecf":"f.A305B2C0A529549F02C3CF63D97C7E2E.d.23FB0B82A821AA327EA86F078B395E90.e.6758","ELEMENT":"f.A305B2C0A529549F02C3CF63D97C7E2E.d.23FB0B82A821AA327EA86F078B395E90.e.6758"}]}
RESULT: {"script":"<script> [56 bytes]","args":[{"element-6066-11e4-a52e-4f735466cecf":"f.A305B2C0A529549F02C3CF63D97C7E2E.d.23FB0B82A821AA327EA86F078B395E90.e.6758","ELEMENT":"f.A305B2C0A529549F02C3CF63D97C7E2E.d.23FB0B82A821AA327EA86F078B395E90.e.6758"}]}
COMMAND: GET /session/db7e8e0bc6cb7545f5479edbe1e25c48/element/f.A305B2C0A529549F02C3CF63D97C7E2E.d.23FB0B82A821AA327EA86F078B395E90.e.6757/attribute/aria-checked - {}
COMMAND: GET /session/db7e8e0bc6cb7545f5479edbe1e25c48/screenshot - {}
RESULT: {}
COMMAND: POST /session/db7e8e0bc6cb7545f5479edbe1e25c48/element - {"using":"xpath","value":"//table[contains(@id, \"listView-innerSelectionPanelTable-listUl\")]/tbody/tr[20]/td[2]/div/div"}
RESULT: {}
RESULT: {"using":"xpath","value":"//table[contains(@id, \"listView-innerSelectionPanelTable-listUl\")]/tbody/tr[20]/td[2]/div/div"}
COMMAND: POST /session/db7e8e0bc6cb7545f5479edbe1e25c48/element - {"using":"xpath","value":"//table[contains(@id, \"listView-innerSelectionPanelTable-listUl\")]/tbody/tr[20]/td[2]/div"}
RESULT: {"using":"xpath","value":"//table[contains(@id, \"listView-innerSelectionPanelTable-listUl\")]/tbody/tr[20]/td[2]/div"}
COMMAND: POST /session/db7e8e0bc6cb7545f5479edbe1e25c48/element - {"using":"xpath","value":"//table[contains(@id, \"listView-innerSelectionPanelTable-listUl\")]/tbody/tr[20]/td[3]/div/div/span/span[1]/bdi"}
RESULT: {"using":"xpath","value":"//table[contains(@id, \"listView-innerSelectionPanelTable-listUl\")]/tbody/tr[20]/td[3]/div/div/span/span[1]/bdi"}
COMMAND: POST /session/db7e8e0bc6cb7545f5479edbe1e25c48/execute/sync - {"script":"<script> [56 bytes]","args":[{"element-6066-11e4-a52e-4f735466cecf":"f.A305B2C0A529549F02C3CF63D97C7E2E.d.23FB0B82A821AA327EA86F078B395E90.e.6761","ELEMENT":"f.A305B2C0A529549F02C3CF63D97C7E2E.d.23FB0B82A821AA327EA86F078B395E90.e.6761"}]}
RESULT: {"script":"<script> [56 bytes]","args":[{"element-6066-11e4-a52e-4f735466cecf":"f.A305B2C0A529549F02C3CF63D97C7E2E.d.23FB0B82A821AA327EA86F078B395E90.e.6761","ELEMENT":"f.A305B2C0A529549F02C3CF63D97C7E2E.d.23FB0B82A821AA327EA86F078B395E90.e.6761"}]}
COMMAND: GET /session/db7e8e0bc6cb7545f5479edbe1e25c48/element/f.A305B2C0A529549F02C3CF63D97C7E2E.d.23FB0B82A821AA327EA86F078B395E90.e.6760/attribute/aria-checked - {}
COMMAND: GET /session/db7e8e0bc6cb7545f5479edbe1e25c48/screenshot - {}
RESULT: {}
COMMAND: POST /session/db7e8e0bc6cb7545f5479edbe1e25c48/element - {"using":"xpath","value":"//table[contains(@id, \"listView-innerSelectionPanelTable-listUl\")]/tbody/tr[21]/td[2]/div/div"}
RESULT: {}
RESULT: {"using":"xpath","value":"//table[contains(@id, \"listView-innerSelectionPanelTable-listUl\")]/tbody/tr[21]/td[2]/div/div"}
COMMAND: POST /session/db7e8e0bc6cb7545f5479edbe1e25c48/element - {"using":"xpath","value":"//table[contains(@id, \"listView-innerSelectionPanelTable-listUl\")]/tbody/tr[21]/td[2]/div"}
RESULT: {"using":"xpath","value":"//table[contains(@id, \"listView-innerSelectionPanelTable-listUl\")]/tbody/tr[21]/td[2]/div"}
COMMAND: POST /session/db7e8e0bc6cb7545f5479edbe1e25c48/element - {"using":"xpath","value":"//table[contains(@id, \"listView-innerSelectionPanelTable-listUl\")]/tbody/tr[21]/td[3]/div/div/span/span[1]/bdi"}
RESULT: {"using":"xpath","value":"//table[contains(@id, \"listView-innerSelectionPanelTable-listUl\")]/tbody/tr[21]/td[3]/div/div/span/span[1]/bdi"}
COMMAND: POST /session/db7e8e0bc6cb7545f5479edbe1e25c48/execute/sync - {"script":"<script> [56 bytes]","args":[{"element-6066-11e4-a52e-4f735466cecf":"f.A305B2C0A529549F02C3CF63D97C7E2E.d.23FB0B82A821AA327EA86F078B395E90.e.6764","ELEMENT":"f.A305B2C0A529549F02C3CF63D97C7E2E.d.23FB0B82A821AA327EA86F078B395E90.e.6764"}]}
RESULT: {"script":"<script> [56 bytes]","args":[{"element-6066-11e4-a52e-4f735466cecf":"f.A305B2C0A529549F02C3CF63D97C7E2E.d.23FB0B82A821AA327EA86F078B395E90.e.6764","ELEMENT":"f.A305B2C0A529549F02C3CF63D97C7E2E.d.23FB0B82A821AA327EA86F078B395E90.e.6764"}]}
COMMAND: GET /session/db7e8e0bc6cb7545f5479edbe1e25c48/element/f.A305B2C0A529549F02C3CF63D97C7E2E.d.23FB0B82A821AA327EA86F078B395E90.e.6763/attribute/aria-checked - {}
COMMAND: GET /session/db7e8e0bc6cb7545f5479edbe1e25c48/screenshot - {}
RESULT: {}
COMMAND: POST /session/db7e8e0bc6cb7545f5479edbe1e25c48/element - {"using":"xpath","value":"//table[contains(@id, \"listView-innerSelectionPanelTable-listUl\")]/tbody/tr[22]/td[2]/div/div"}
RESULT: {}
RESULT: {"using":"xpath","value":"//table[contains(@id, \"listView-innerSelectionPanelTable-listUl\")]/tbody/tr[22]/td[2]/div/div"}
COMMAND: POST /session/db7e8e0bc6cb7545f5479edbe1e25c48/element - {"using":"xpath","value":"//table[contains(@id, \"listView-innerSelectionPanelTable-listUl\")]/tbody/tr[22]/td[2]/div"}
RESULT: {"using":"xpath","value":"//table[contains(@id, \"listView-innerSelectionPanelTable-listUl\")]/tbody/tr[22]/td[2]/div"}
COMMAND: POST /session/db7e8e0bc6cb7545f5479edbe1e25c48/element - {"using":"xpath","value":"//table[contains(@id, \"listView-innerSelectionPanelTable-listUl\")]/tbody/tr[22]/td[3]/div/div/span/span[1]/bdi"}
RESULT: {"using":"xpath","value":"//table[contains(@id, \"listView-innerSelectionPanelTable-listUl\")]/tbody/tr[22]/td[3]/div/div/span/span[1]/bdi"}
COMMAND: POST /session/db7e8e0bc6cb7545f5479edbe1e25c48/execute/sync - {"script":"<script> [56 bytes]","args":[{"element-6066-11e4-a52e-4f735466cecf":"f.A305B2C0A529549F02C3CF63D97C7E2E.d.23FB0B82A821AA327EA86F078B395E90.e.6767","ELEMENT":"f.A305B2C0A529549F02C3CF63D97C7E2E.d.23FB0B82A821AA327EA86F078B395E90.e.6767"}]}
RESULT: {"script":"<script> [56 bytes]","args":[{"element-6066-11e4-a52e-4f735466cecf":"f.A305B2C0A529549F02C3CF63D97C7E2E.d.23FB0B82A821AA327EA86F078B395E90.e.6767","ELEMENT":"f.A305B2C0A529549F02C3CF63D97C7E2E.d.23FB0B82A821AA327EA86F078B395E90.e.6767"}]}
COMMAND: GET /session/db7e8e0bc6cb7545f5479edbe1e25c48/element/f.A305B2C0A529549F02C3CF63D97C7E2E.d.23FB0B82A821AA327EA86F078B395E90.e.6766/attribute/aria-checked - {}
COMMAND: GET /session/db7e8e0bc6cb7545f5479edbe1e25c48/screenshot - {}
RESULT: {}
COMMAND: POST /session/db7e8e0bc6cb7545f5479edbe1e25c48/element - {"using":"xpath","value":"//table[contains(@id, \"listView-innerSelectionPanelTable-listUl\")]/tbody/tr[23]/td[2]/div/div"}
RESULT: {}
RESULT: {"using":"xpath","value":"//table[contains(@id, \"listView-innerSelectionPanelTable-listUl\")]/tbody/tr[23]/td[2]/div/div"}
COMMAND: POST /session/db7e8e0bc6cb7545f5479edbe1e25c48/element - {"using":"xpath","value":"//table[contains(@id, \"listView-innerSelectionPanelTable-listUl\")]/tbody/tr[23]/td[2]/div"}
RESULT: {"using":"xpath","value":"//table[contains(@id, \"listView-innerSelectionPanelTable-listUl\")]/tbody/tr[23]/td[2]/div"}
COMMAND: POST /session/db7e8e0bc6cb7545f5479edbe1e25c48/element - {"using":"xpath","value":"//table[contains(@id, \"listView-innerSelectionPanelTable-listUl\")]/tbody/tr[23]/td[3]/div/div/span/span[1]/bdi"}
RESULT: {"using":"xpath","value":"//table[contains(@id, \"listView-innerSelectionPanelTable-listUl\")]/tbody/tr[23]/td[3]/div/div/span/span[1]/bdi"}
COMMAND: POST /session/db7e8e0bc6cb7545f5479edbe1e25c48/execute/sync - {"script":"<script> [56 bytes]","args":[{"element-6066-11e4-a52e-4f735466cecf":"f.A305B2C0A529549F02C3CF63D97C7E2E.d.23FB0B82A821AA327EA86F078B395E90.e.6770","ELEMENT":"f.A305B2C0A529549F02C3CF63D97C7E2E.d.23FB0B82A821AA327EA86F078B395E90.e.6770"}]}
RESULT: {"script":"<script> [56 bytes]","args":[{"element-6066-11e4-a52e-4f735466cecf":"f.A305B2C0A529549F02C3CF63D97C7E2E.d.23FB0B82A821AA327EA86F078B395E90.e.6770","ELEMENT":"f.A305B2C0A529549F02C3CF63D97C7E2E.d.23FB0B82A821AA327EA86F078B395E90.e.6770"}]}
COMMAND: GET /session/db7e8e0bc6cb7545f5479edbe1e25c48/element/f.A305B2C0A529549F02C3CF63D97C7E2E.d.23FB0B82A821AA327EA86F078B395E90.e.6769/attribute/aria-checked - {}
COMMAND: GET /session/db7e8e0bc6cb7545f5479edbe1e25c48/screenshot - {}
RESULT: {}
COMMAND: POST /session/db7e8e0bc6cb7545f5479edbe1e25c48/element - {"using":"xpath","value":"//table[contains(@id, \"listView-innerSelectionPanelTable-listUl\")]/tbody/tr[24]/td[2]/div/div"}
RESULT: {}
RESULT: {"using":"xpath","value":"//table[contains(@id, \"listView-innerSelectionPanelTable-listUl\")]/tbody/tr[24]/td[2]/div/div"}
COMMAND: POST /session/db7e8e0bc6cb7545f5479edbe1e25c48/element - {"using":"xpath","value":"//table[contains(@id, \"listView-innerSelectionPanelTable-listUl\")]/tbody/tr[24]/td[2]/div"}
RESULT: {"using":"xpath","value":"//table[contains(@id, \"listView-innerSelectionPanelTable-listUl\")]/tbody/tr[24]/td[2]/div"}
COMMAND: POST /session/db7e8e0bc6cb7545f5479edbe1e25c48/element - {"using":"xpath","value":"//table[contains(@id, \"listView-innerSelectionPanelTable-listUl\")]/tbody/tr[24]/td[3]/div/div/span/span[1]/bdi"}
RESULT: {"using":"xpath","value":"//table[contains(@id, \"listView-innerSelectionPanelTable-listUl\")]/tbody/tr[24]/td[3]/div/div/span/span[1]/bdi"}
COMMAND: POST /session/db7e8e0bc6cb7545f5479edbe1e25c48/execute/sync - {"script":"<script> [56 bytes]","args":[{"element-6066-11e4-a52e-4f735466cecf":"f.A305B2C0A529549F02C3CF63D97C7E2E.d.23FB0B82A821AA327EA86F078B395E90.e.6773","ELEMENT":"f.A305B2C0A529549F02C3CF63D97C7E2E.d.23FB0B82A821AA327EA86F078B395E90.e.6773"}]}
RESULT: {"script":"<script> [56 bytes]","args":[{"element-6066-11e4-a52e-4f735466cecf":"f.A305B2C0A529549F02C3CF63D97C7E2E.d.23FB0B82A821AA327EA86F078B395E90.e.6773","ELEMENT":"f.A305B2C0A529549F02C3CF63D97C7E2E.d.23FB0B82A821AA327EA86F078B395E90.e.6773"}]}
COMMAND: GET /session/db7e8e0bc6cb7545f5479edbe1e25c48/element/f.A305B2C0A529549F02C3CF63D97C7E2E.d.23FB0B82A821AA327EA86F078B395E90.e.6772/attribute/aria-checked - {}
COMMAND: GET /session/db7e8e0bc6cb7545f5479edbe1e25c48/screenshot - {}
RESULT: {}
COMMAND: POST /session/db7e8e0bc6cb7545f5479edbe1e25c48/element - {"using":"xpath","value":"//table[contains(@id, \"listView-innerSelectionPanelTable-listUl\")]/tbody/tr[25]/td[2]/div/div"}
RESULT: {}
RESULT: {"using":"xpath","value":"//table[contains(@id, \"listView-innerSelectionPanelTable-listUl\")]/tbody/tr[25]/td[2]/div/div"}
COMMAND: POST /session/db7e8e0bc6cb7545f5479edbe1e25c48/element - {"using":"xpath","value":"//table[contains(@id, \"listView-innerSelectionPanelTable-listUl\")]/tbody/tr[25]/td[2]/div"}
RESULT: {"using":"xpath","value":"//table[contains(@id, \"listView-innerSelectionPanelTable-listUl\")]/tbody/tr[25]/td[2]/div"}
COMMAND: POST /session/db7e8e0bc6cb7545f5479edbe1e25c48/element - {"using":"xpath","value":"//table[contains(@id, \"listView-innerSelectionPanelTable-listUl\")]/tbody/tr[25]/td[3]/div/div/span/span[1]/bdi"}
RESULT: {"using":"xpath","value":"//table[contains(@id, \"listView-innerSelectionPanelTable-listUl\")]/tbody/tr[25]/td[3]/div/div/span/span[1]/bdi"}
COMMAND: POST /session/db7e8e0bc6cb7545f5479edbe1e25c48/execute/sync - {"script":"<script> [56 bytes]","args":[{"element-6066-11e4-a52e-4f735466cecf":"f.A305B2C0A529549F02C3CF63D97C7E2E.d.23FB0B82A821AA327EA86F078B395E90.e.6776","ELEMENT":"f.A305B2C0A529549F02C3CF63D97C7E2E.d.23FB0B82A821AA327EA86F078B395E90.e.6776"}]}
RESULT: {"script":"<script> [56 bytes]","args":[{"element-6066-11e4-a52e-4f735466cecf":"f.A305B2C0A529549F02C3CF63D97C7E2E.d.23FB0B82A821AA327EA86F078B395E90.e.6776","ELEMENT":"f.A305B2C0A529549F02C3CF63D97C7E2E.d.23FB0B82A821AA327EA86F078B395E90.e.6776"}]}
COMMAND: GET /session/db7e8e0bc6cb7545f5479edbe1e25c48/element/f.A305B2C0A529549F02C3CF63D97C7E2E.d.23FB0B82A821AA327EA86F078B395E90.e.6775/attribute/aria-checked - {}
COMMAND: GET /session/db7e8e0bc6cb7545f5479edbe1e25c48/screenshot - {}
RESULT: {}
COMMAND: POST /session/db7e8e0bc6cb7545f5479edbe1e25c48/element - {"using":"xpath","value":"//bdi[contains(text(), \"OK\")]"}
RESULT: {}
RESULT: {"using":"xpath","value":"//bdi[contains(text(), \"OK\")]"}
COMMAND: POST /session/db7e8e0bc6cb7545f5479edbe1e25c48/element/f.A305B2C0A529549F02C3CF63D97C7E2E.d.23FB0B82A821AA327EA86F078B395E90.e.6777/click - {}
RESULT: {}
COMMAND: GET /session/db7e8e0bc6cb7545f5479edbe1e25c48/screenshot - {}
RESULT: {}
COMMAND: POST /session/db7e8e0bc6cb7545f5479edbe1e25c48/execute/async - {"script":"<script> [1562 bytes]","args":[{"selector":{"id":"application-managepartners-display-component---masterPtm--smartFilterBar-filterItemControlA_-LINK_TO_ADDRESSES_MAIN.CITY1-vhi"},"wdio_ui5_key":"applicationmanagepartners-display-component---masterPtm--smartFilterBar-filterItemControlA_-LINK_TO_ADDRESSES_MAIN.CITY1-vhi"}]}
RESULT: {"script":"<script> [1562 bytes]","args":[{"selector":{"id":"application-managepartners-display-component---masterPtm--smartFilterBar-filterItemControlA_-LINK_TO_ADDRESSES_MAIN.CITY1-vhi"},"wdio_ui5_key":"applicationmanagepartners-display-component---masterPtm--smartFilterBar-filterItemControlA_-LINK_TO_ADDRESSES_MAIN.CITY1-vhi"}]}
RESULT: undefined
COMMAND: POST /session/db7e8e0bc6cb7545f5479edbe1e25c48/element - {"using":"xpath","value":"//*[@id=\"application-managepartners-display-component---masterPtm--smartFilterBar-filterItemControlA_-LINK_TO_ADDRESSES_MAIN.CITY1-vhi\"]"}
RESULT: {"using":"xpath","value":"//*[@id=\"application-managepartners-display-component---masterPtm--smartFilterBar-filterItemControlA_-LINK_TO_ADDRESSES_MAIN.CITY1-vhi\"]"}
COMMAND: POST /session/db7e8e0bc6cb7545f5479edbe1e25c48/element/f.A305B2C0A529549F02C3CF63D97C7E2E.d.23FB0B82A821AA327EA86F078B395E90.e.6791/click - {}
RESULT: {}
COMMAND: GET /session/db7e8e0bc6cb7545f5479edbe1e25c48/screenshot - {}
RESULT: {}
COMMAND: POST /session/db7e8e0bc6cb7545f5479edbe1e25c48/execute/async - {"script":"<script> [1562 bytes]","args":[{"selector":{"controlType":"sap.m.Input","viewName":"etm.portal.ui.managepartners.view.Master","viewId":"application-managepartners-display-component---masterPtm","properties":{"valueState":"None"},"searchOpenDialogs":true,"interaction":{"idSuffix":"inner"}},"wdio_ui5_key":"etmportal.ui.managepartners.view.Mastersap.m.Input{\"valueState\":\"None\"}"}]}
RESULT: {"script":"<script> [1562 bytes]","args":[{"selector":{"controlType":"sap.m.Input","viewName":"etm.portal.ui.managepartners.view.Master","viewId":"application-managepartners-display-component---masterPtm","properties":{"valueState":"None"},"searchOpenDialogs":true,"interaction":{"idSuffix":"inner"}},"wdio_ui5_key":"etmportal.ui.managepartners.view.Mastersap.m.Input{\"valueState\":\"None\"}"}]}
RESULT: undefined
COMMAND: POST /session/db7e8e0bc6cb7545f5479edbe1e25c48/execute/async - {"script":"<script> [776 bytes]","args":[{"enterText":"Bangalore","selector":{"controlType":"sap.m.Input","viewName":"etm.portal.ui.managepartners.view.Master","viewId":"application-managepartners-display-component---masterPtm","properties":{"valueState":"None"},"searchOpenDialogs":true,"interaction":{"idSuffix":"inner"}},"clearTextFirst":true,"interactionType":"ENTER_TEXT"}]}
RESULT: {"script":"<script> [776 bytes]","args":[{"enterText":"Bangalore","selector":{"controlType":"sap.m.Input","viewName":"etm.portal.ui.managepartners.view.Master","viewId":"application-managepartners-display-component---masterPtm","properties":{"valueState":"None"},"searchOpenDialogs":true,"interaction":{"idSuffix":"inner"}},"clearTextFirst":true,"interactionType":"ENTER_TEXT"}]}
COMMAND: POST /session/db7e8e0bc6cb7545f5479edbe1e25c48/actions - {"actions":[{"id":"action21","type":"key","parameters":{},"actions":[{"type":"keyDown","value":""},{"type":"pause","duration":10},{"type":"keyUp","value":""}]}]}
RESULT: {"actions":[{"id":"action21","type":"key","parameters":{},"actions":[{"type":"keyDown","value":""},{"type":"pause","duration":10},{"type":"keyUp","value":""}]}]}
COMMAND: GET /session/db7e8e0bc6cb7545f5479edbe1e25c48/screenshot - {}
RESULT: {}
COMMAND: POST /session/db7e8e0bc6cb7545f5479edbe1e25c48/element - {"using":"xpath","value":"(//bdi[contains(text(), \"OK\")])[1]"}
RESULT: {"using":"xpath","value":"(//bdi[contains(text(), \"OK\")])[1]"}
COMMAND: POST /session/db7e8e0bc6cb7545f5479edbe1e25c48/element/f.A305B2C0A529549F02C3CF63D97C7E2E.d.23FB0B82A821AA327EA86F078B395E90.e.6797/click - {}
RESULT: {}
COMMAND: GET /session/db7e8e0bc6cb7545f5479edbe1e25c48/screenshot - {}
RESULT: {}
COMMAND: POST /session/db7e8e0bc6cb7545f5479edbe1e25c48/element - {"using":"xpath","value":"//span[@id=\"application-managepartners-display-component---masterPtm--smartTable-header-inner\"]"}
RESULT: {"using":"xpath","value":"//span[@id=\"application-managepartners-display-component---masterPtm--smartTable-header-inner\"]"}
COMMAND: POST /session/db7e8e0bc6cb7545f5479edbe1e25c48/elements - {"using":"xpath","value":"//span[@id=\"application-managepartners-display-component---masterPtm--smartTable-header-inner\"]"}
RESULT: {"using":"xpath","value":"//span[@id=\"application-managepartners-display-component---masterPtm--smartTable-header-inner\"]"}
COMMAND: POST /session/db7e8e0bc6cb7545f5479edbe1e25c48/execute/sync - {"script":"<script> [56 bytes]","args":[{"element-6066-11e4-a52e-4f735466cecf":"f.A305B2C0A529549F02C3CF63D97C7E2E.d.23FB0B82A821AA327EA86F078B395E90.e.5917","ELEMENT":"f.A305B2C0A529549F02C3CF63D97C7E2E.d.23FB0B82A821AA327EA86F078B395E90.e.5917"}]}
RESULT: {"script":"<script> [56 bytes]","args":[{"element-6066-11e4-a52e-4f735466cecf":"f.A305B2C0A529549F02C3CF63D97C7E2E.d.23FB0B82A821AA327EA86F078B395E90.e.5917","ELEMENT":"f.A305B2C0A529549F02C3CF63D97C7E2E.d.23FB0B82A821AA327EA86F078B395E90.e.5917"}]}
COMMAND: POST /session/db7e8e0bc6cb7545f5479edbe1e25c48/element - {"using":"xpath","value":"//span[contains(@title, \"Remove\")]"}
COMMAND: GET /session/db7e8e0bc6cb7545f5479edbe1e25c48/screenshot - {}
RESULT: {"using":"xpath","value":"//span[contains(@title, \"Remove\")]"}
COMMAND: POST /session/db7e8e0bc6cb7545f5479edbe1e25c48/element/f.A305B2C0A529549F02C3CF63D97C7E2E.d.23FB0B82A821AA327EA86F078B395E90.e.6964/click - {}
RESULT: {}
RESULT: {}
COMMAND: GET /session/db7e8e0bc6cb7545f5479edbe1e25c48/screenshot - {}
RESULT: {}
COMMAND: POST /session/db7e8e0bc6cb7545f5479edbe1e25c48/element - {"using":"xpath","value":"//span[@id=\"application-managepartners-display-component---masterPtm--smartTable-header-inner\"]"}
RESULT: {"using":"xpath","value":"//span[@id=\"application-managepartners-display-component---masterPtm--smartTable-header-inner\"]"}
COMMAND: POST /session/db7e8e0bc6cb7545f5479edbe1e25c48/elements - {"using":"xpath","value":"//span[@id=\"application-managepartners-display-component---masterPtm--smartTable-header-inner\"]"}
RESULT: {"using":"xpath","value":"//span[@id=\"application-managepartners-display-component---masterPtm--smartTable-header-inner\"]"}
COMMAND: POST /session/db7e8e0bc6cb7545f5479edbe1e25c48/execute/sync - {"script":"<script> [56 bytes]","args":[{"element-6066-11e4-a52e-4f735466cecf":"f.A305B2C0A529549F02C3CF63D97C7E2E.d.23FB0B82A821AA327EA86F078B395E90.e.5917","ELEMENT":"f.A305B2C0A529549F02C3CF63D97C7E2E.d.23FB0B82A821AA327EA86F078B395E90.e.5917"}]}
RESULT: {"script":"<script> [56 bytes]","args":[{"element-6066-11e4-a52e-4f735466cecf":"f.A305B2C0A529549F02C3CF63D97C7E2E.d.23FB0B82A821AA327EA86F078B395E90.e.5917","ELEMENT":"f.A305B2C0A529549F02C3CF63D97C7E2E.d.23FB0B82A821AA327EA86F078B395E90.e.5917"}]}
COMMAND: POST /session/db7e8e0bc6cb7545f5479edbe1e25c48/element - {"using":"css selector","value":"#shell-header-logo"}
COMMAND: GET /session/db7e8e0bc6cb7545f5479edbe1e25c48/screenshot - {}
RESULT: {"using":"css selector","value":"#shell-header-logo"}
COMMAND: POST /session/db7e8e0bc6cb7545f5479edbe1e25c48/element/f.A305B2C0A529549F02C3CF63D97C7E2E.d.23FB0B82A821AA327EA86F078B395E90.e.5748/click - {}
RESULT: {}
RESULT: {}
COMMAND: GET /session/db7e8e0bc6cb7545f5479edbe1e25c48/screenshot - {}
RESULT: {}
]]></system-out>
    </testcase>
    <testcase classname="chrome.135_0_7049_42.windows.Partner_specific_tests_US150819_US151080_US151654_US151176_US103444_US151078_US151079_US151109_US151174_US151175_US151189" name="Should try to save empty partner US151174" time="45.614">
      <system-out><![CDATA[
COMMAND: POST /session/db7e8e0bc6cb7545f5479edbe1e25c48/element - {"using":"xpath","value":"//li[.//span[text()=\"Manage Partners\"]]"}
RESULT: {"using":"xpath","value":"//li[.//span[text()=\"Manage Partners\"]]"}
COMMAND: POST /session/db7e8e0bc6cb7545f5479edbe1e25c48/element - {"using":"xpath","value":"//li[.//span[text()=\"Manage Partners\"]]"}
RESULT: {"using":"xpath","value":"//li[.//span[text()=\"Manage Partners\"]]"}
COMMAND: POST /session/db7e8e0bc6cb7545f5479edbe1e25c48/element - {"using":"css selector","value":"#shell-header-logo"}
RESULT: {"using":"css selector","value":"#shell-header-logo"}
COMMAND: POST /session/db7e8e0bc6cb7545f5479edbe1e25c48/element/f.A305B2C0A529549F02C3CF63D97C7E2E.d.23FB0B82A821AA327EA86F078B395E90.e.7053/click - {}
COMMAND: POST /session/db7e8e0bc6cb7545f5479edbe1e25c48/execute/sync - {"script":"<script> [8489 bytes]","args":[{"element-6066-11e4-a52e-4f735466cecf":"f.A305B2C0A529549F02C3CF63D97C7E2E.d.23FB0B82A821AA327EA86F078B395E90.e.7053","ELEMENT":"f.A305B2C0A529549F02C3CF63D97C7E2E.d.23FB0B82A821AA327EA86F078B395E90.e.7053"}]}
RESULT: {}
COMMAND: GET /session/db7e8e0bc6cb7545f5479edbe1e25c48/screenshot - {}
RESULT: {"script":"<script> [8489 bytes]","args":[{"element-6066-11e4-a52e-4f735466cecf":"f.A305B2C0A529549F02C3CF63D97C7E2E.d.23FB0B82A821AA327EA86F078B395E90.e.7053","ELEMENT":"f.A305B2C0A529549F02C3CF63D97C7E2E.d.23FB0B82A821AA327EA86F078B395E90.e.7053"}]}
COMMAND: POST /session/db7e8e0bc6cb7545f5479edbe1e25c48/execute/sync - {"script":"<script> [5351 bytes]","args":[{"element-6066-11e4-a52e-4f735466cecf":"f.A305B2C0A529549F02C3CF63D97C7E2E.d.23FB0B82A821AA327EA86F078B395E90.e.7053","ELEMENT":"f.A305B2C0A529549F02C3CF63D97C7E2E.d.23FB0B82A821AA327EA86F078B395E90.e.7053"}]}
COMMAND: GET /session/db7e8e0bc6cb7545f5479edbe1e25c48/screenshot - {}
RESULT: {}
RESULT: {"script":"<script> [5351 bytes]","args":[{"element-6066-11e4-a52e-4f735466cecf":"f.A305B2C0A529549F02C3CF63D97C7E2E.d.23FB0B82A821AA327EA86F078B395E90.e.7053","ELEMENT":"f.A305B2C0A529549F02C3CF63D97C7E2E.d.23FB0B82A821AA327EA86F078B395E90.e.7053"}]}
COMMAND: GET /session/db7e8e0bc6cb7545f5479edbe1e25c48/screenshot - {}
RESULT: {}
RESULT: {}
RESULT: undefined
COMMAND: POST /session/db7e8e0bc6cb7545f5479edbe1e25c48/element - {"using":"xpath","value":"//*[@id=\"__tile30\"]"}
RESULT: {"using":"xpath","value":"//*[@id=\"__tile30\"]"}
COMMAND: POST /session/db7e8e0bc6cb7545f5479edbe1e25c48/element/f.A305B2C0A529549F02C3CF63D97C7E2E.d.23FB0B82A821AA327EA86F078B395E90.e.4405/click - {}
RESULT: {}
COMMAND: POST /session/db7e8e0bc6cb7545f5479edbe1e25c48/element - {"using":"xpath","value":"//button[@data-kt=\"addButton\"]"}
COMMAND: GET /session/db7e8e0bc6cb7545f5479edbe1e25c48/screenshot - {}
RESULT: {"using":"xpath","value":"//button[@data-kt=\"addButton\"]"}
COMMAND: POST /session/db7e8e0bc6cb7545f5479edbe1e25c48/elements - {"using":"xpath","value":"//button[@data-kt=\"addButton\"]"}
RESULT: {}
RESULT: {"using":"xpath","value":"//button[@data-kt=\"addButton\"]"}
COMMAND: POST /session/db7e8e0bc6cb7545f5479edbe1e25c48/element - {"using":"xpath","value":"//button[@data-kt=\"addButton\"]"}
RESULT: {"using":"xpath","value":"//button[@data-kt=\"addButton\"]"}
COMMAND: POST /session/db7e8e0bc6cb7545f5479edbe1e25c48/execute/sync - {"script":"<script> [8489 bytes]","args":[{"element-6066-11e4-a52e-4f735466cecf":"f.A305B2C0A529549F02C3CF63D97C7E2E.d.23FB0B82A821AA327EA86F078B395E90.e.7098","ELEMENT":"f.A305B2C0A529549F02C3CF63D97C7E2E.d.23FB0B82A821AA327EA86F078B395E90.e.7098"}]}
RESULT: {"script":"<script> [8489 bytes]","args":[{"element-6066-11e4-a52e-4f735466cecf":"f.A305B2C0A529549F02C3CF63D97C7E2E.d.23FB0B82A821AA327EA86F078B395E90.e.7098","ELEMENT":"f.A305B2C0A529549F02C3CF63D97C7E2E.d.23FB0B82A821AA327EA86F078B395E90.e.7098"}]}
COMMAND: GET /session/db7e8e0bc6cb7545f5479edbe1e25c48/element/f.A305B2C0A529549F02C3CF63D97C7E2E.d.23FB0B82A821AA327EA86F078B395E90.e.7098/enabled - {}
COMMAND: GET /session/db7e8e0bc6cb7545f5479edbe1e25c48/screenshot - {}
RESULT: {}
COMMAND: POST /session/db7e8e0bc6cb7545f5479edbe1e25c48/execute/sync - {"script":"<script> [8489 bytes]","args":[{"element-6066-11e4-a52e-4f735466cecf":"f.A305B2C0A529549F02C3CF63D97C7E2E.d.23FB0B82A821AA327EA86F078B395E90.e.7098","ELEMENT":"f.A305B2C0A529549F02C3CF63D97C7E2E.d.23FB0B82A821AA327EA86F078B395E90.e.7098"}]}
COMMAND: GET /session/db7e8e0bc6cb7545f5479edbe1e25c48/screenshot - {}
RESULT: {}
RESULT: {"script":"<script> [8489 bytes]","args":[{"element-6066-11e4-a52e-4f735466cecf":"f.A305B2C0A529549F02C3CF63D97C7E2E.d.23FB0B82A821AA327EA86F078B395E90.e.7098","ELEMENT":"f.A305B2C0A529549F02C3CF63D97C7E2E.d.23FB0B82A821AA327EA86F078B395E90.e.7098"}]}
COMMAND: POST /session/db7e8e0bc6cb7545f5479edbe1e25c48/execute/sync - {"script":"<script> [5351 bytes]","args":[{"element-6066-11e4-a52e-4f735466cecf":"f.A305B2C0A529549F02C3CF63D97C7E2E.d.23FB0B82A821AA327EA86F078B395E90.e.7098","ELEMENT":"f.A305B2C0A529549F02C3CF63D97C7E2E.d.23FB0B82A821AA327EA86F078B395E90.e.7098"}]}
COMMAND: GET /session/db7e8e0bc6cb7545f5479edbe1e25c48/screenshot - {}
RESULT: {}
RESULT: {"script":"<script> [5351 bytes]","args":[{"element-6066-11e4-a52e-4f735466cecf":"f.A305B2C0A529549F02C3CF63D97C7E2E.d.23FB0B82A821AA327EA86F078B395E90.e.7098","ELEMENT":"f.A305B2C0A529549F02C3CF63D97C7E2E.d.23FB0B82A821AA327EA86F078B395E90.e.7098"}]}
COMMAND: POST /session/db7e8e0bc6cb7545f5479edbe1e25c48/element/f.A305B2C0A529549F02C3CF63D97C7E2E.d.23FB0B82A821AA327EA86F078B395E90.e.7098/click - {}
COMMAND: GET /session/db7e8e0bc6cb7545f5479edbe1e25c48/screenshot - {}
RESULT: {}
RESULT: {}
COMMAND: GET /session/db7e8e0bc6cb7545f5479edbe1e25c48/screenshot - {}
COMMAND: POST /session/db7e8e0bc6cb7545f5479edbe1e25c48/element - {"using":"xpath","value":"//button[@data-kt=\"saveButton\"]"}
RESULT: {}
RESULT: {}
RESULT: {"using":"xpath","value":"//button[@data-kt=\"saveButton\"]"}
COMMAND: POST /session/db7e8e0bc6cb7545f5479edbe1e25c48/element/f.A305B2C0A529549F02C3CF63D97C7E2E.d.23FB0B82A821AA327EA86F078B395E90.e.7512/click - {}
RESULT: {}
COMMAND: GET /session/db7e8e0bc6cb7545f5479edbe1e25c48/screenshot - {}
RESULT: {}
COMMAND: POST /session/db7e8e0bc6cb7545f5479edbe1e25c48/element - {"using":"xpath","value":"//span[contains(@class, \"sapMMsgBoxText\")]"}
RESULT: {"using":"xpath","value":"//span[contains(@class, \"sapMMsgBoxText\")]"}
COMMAND: POST /session/db7e8e0bc6cb7545f5479edbe1e25c48/execute/sync - {"script":"<script> [56 bytes]","args":[{"element-6066-11e4-a52e-4f735466cecf":"f.A305B2C0A529549F02C3CF63D97C7E2E.d.23FB0B82A821AA327EA86F078B395E90.e.7534","ELEMENT":"f.A305B2C0A529549F02C3CF63D97C7E2E.d.23FB0B82A821AA327EA86F078B395E90.e.7534"}]}
RESULT: {"script":"<script> [56 bytes]","args":[{"element-6066-11e4-a52e-4f735466cecf":"f.A305B2C0A529549F02C3CF63D97C7E2E.d.23FB0B82A821AA327EA86F078B395E90.e.7534","ELEMENT":"f.A305B2C0A529549F02C3CF63D97C7E2E.d.23FB0B82A821AA327EA86F078B395E90.e.7534"}]}
COMMAND: POST /session/db7e8e0bc6cb7545f5479edbe1e25c48/element - {"using":"xpath","value":"(//bdi[contains(text(), \"Close\")])[1]"}
COMMAND: POST /session/db7e8e0bc6cb7545f5479edbe1e25c48/elements - {"using":"xpath","value":"//span[contains(@class, \"sapMMsgBoxText\")]"}
COMMAND: GET /session/db7e8e0bc6cb7545f5479edbe1e25c48/screenshot - {}
RESULT: {"using":"xpath","value":"(//bdi[contains(text(), \"Close\")])[1]"}
COMMAND: POST /session/db7e8e0bc6cb7545f5479edbe1e25c48/element/f.A305B2C0A529549F02C3CF63D97C7E2E.d.23FB0B82A821AA327EA86F078B395E90.e.7535/click - {}
RESULT: {"using":"xpath","value":"//span[contains(@class, \"sapMMsgBoxText\")]"}
RESULT: {}
RESULT: {}
COMMAND: GET /session/db7e8e0bc6cb7545f5479edbe1e25c48/screenshot - {}
RESULT: {}
COMMAND: POST /session/db7e8e0bc6cb7545f5479edbe1e25c48/element - {"using":"css selector","value":"#shell-header-logo"}
RESULT: {"using":"css selector","value":"#shell-header-logo"}
COMMAND: POST /session/db7e8e0bc6cb7545f5479edbe1e25c48/element/f.A305B2C0A529549F02C3CF63D97C7E2E.d.23FB0B82A821AA327EA86F078B395E90.e.7053/click - {}
RESULT: {}
COMMAND: GET /session/db7e8e0bc6cb7545f5479edbe1e25c48/screenshot - {}
RESULT: {}
]]></system-out>
    </testcase>
    <testcase classname="chrome.135_0_7049_42.windows.Partner_specific_tests_US150819_US151080_US151654_US151176_US103444_US151078_US151079_US151109_US151174_US151175_US151189" name="Should do various searches US151175" time="151.885">
      <system-out><![CDATA[
COMMAND: POST /session/db7e8e0bc6cb7545f5479edbe1e25c48/element - {"using":"xpath","value":"//li[.//span[text()=\"Manage Partners\"]]"}
RESULT: {"using":"xpath","value":"//li[.//span[text()=\"Manage Partners\"]]"}
COMMAND: POST /session/db7e8e0bc6cb7545f5479edbe1e25c48/element - {"using":"xpath","value":"//li[.//span[text()=\"Manage Partners\"]]"}
RESULT: {"using":"xpath","value":"//li[.//span[text()=\"Manage Partners\"]]"}
COMMAND: POST /session/db7e8e0bc6cb7545f5479edbe1e25c48/element - {"using":"css selector","value":"#shell-header-logo"}
RESULT: {"using":"css selector","value":"#shell-header-logo"}
COMMAND: POST /session/db7e8e0bc6cb7545f5479edbe1e25c48/element/f.A305B2C0A529549F02C3CF63D97C7E2E.d.23FB0B82A821AA327EA86F078B395E90.e.7537/click - {}
COMMAND: POST /session/db7e8e0bc6cb7545f5479edbe1e25c48/execute/sync - {"script":"<script> [8489 bytes]","args":[{"element-6066-11e4-a52e-4f735466cecf":"f.A305B2C0A529549F02C3CF63D97C7E2E.d.23FB0B82A821AA327EA86F078B395E90.e.7537","ELEMENT":"f.A305B2C0A529549F02C3CF63D97C7E2E.d.23FB0B82A821AA327EA86F078B395E90.e.7537"}]}
RESULT: {"script":"<script> [8489 bytes]","args":[{"element-6066-11e4-a52e-4f735466cecf":"f.A305B2C0A529549F02C3CF63D97C7E2E.d.23FB0B82A821AA327EA86F078B395E90.e.7537","ELEMENT":"f.A305B2C0A529549F02C3CF63D97C7E2E.d.23FB0B82A821AA327EA86F078B395E90.e.7537"}]}
COMMAND: POST /session/db7e8e0bc6cb7545f5479edbe1e25c48/execute/sync - {"script":"<script> [5351 bytes]","args":[{"element-6066-11e4-a52e-4f735466cecf":"f.A305B2C0A529549F02C3CF63D97C7E2E.d.23FB0B82A821AA327EA86F078B395E90.e.7537","ELEMENT":"f.A305B2C0A529549F02C3CF63D97C7E2E.d.23FB0B82A821AA327EA86F078B395E90.e.7537"}]}
COMMAND: GET /session/db7e8e0bc6cb7545f5479edbe1e25c48/screenshot - {}
RESULT: {}
COMMAND: GET /session/db7e8e0bc6cb7545f5479edbe1e25c48/screenshot - {}
RESULT: {"script":"<script> [5351 bytes]","args":[{"element-6066-11e4-a52e-4f735466cecf":"f.A305B2C0A529549F02C3CF63D97C7E2E.d.23FB0B82A821AA327EA86F078B395E90.e.7537","ELEMENT":"f.A305B2C0A529549F02C3CF63D97C7E2E.d.23FB0B82A821AA327EA86F078B395E90.e.7537"}]}
COMMAND: GET /session/db7e8e0bc6cb7545f5479edbe1e25c48/screenshot - {}
RESULT: {}
RESULT: {}
RESULT: {}
RESULT: undefined
COMMAND: POST /session/db7e8e0bc6cb7545f5479edbe1e25c48/element - {"using":"xpath","value":"//*[@id=\"__tile30\"]"}
RESULT: {"using":"xpath","value":"//*[@id=\"__tile30\"]"}
COMMAND: POST /session/db7e8e0bc6cb7545f5479edbe1e25c48/element/f.A305B2C0A529549F02C3CF63D97C7E2E.d.23FB0B82A821AA327EA86F078B395E90.e.4405/click - {}
RESULT: {}
COMMAND: POST /session/db7e8e0bc6cb7545f5479edbe1e25c48/element - {"using":"xpath","value":"//button[@data-kt=\"addButton\"]"}
COMMAND: GET /session/db7e8e0bc6cb7545f5479edbe1e25c48/screenshot - {}
RESULT: {"using":"xpath","value":"//button[@data-kt=\"addButton\"]"}
COMMAND: POST /session/db7e8e0bc6cb7545f5479edbe1e25c48/elements - {"using":"xpath","value":"//button[@data-kt=\"addButton\"]"}
RESULT: {}
RESULT: {"using":"xpath","value":"//button[@data-kt=\"addButton\"]"}
COMMAND: POST /session/db7e8e0bc6cb7545f5479edbe1e25c48/elements - {"using":"xpath","value":"//button[@data-kt=\"addButton\"]"}
RESULT: {"using":"xpath","value":"//button[@data-kt=\"addButton\"]"}
COMMAND: POST /session/db7e8e0bc6cb7545f5479edbe1e25c48/element - {"using":"xpath","value":"//button[@data-kt=\"addButton\"]"}
RESULT: {"using":"xpath","value":"//button[@data-kt=\"addButton\"]"}
COMMAND: POST /session/db7e8e0bc6cb7545f5479edbe1e25c48/execute/sync - {"script":"<script> [8489 bytes]","args":[{"element-6066-11e4-a52e-4f735466cecf":"f.A305B2C0A529549F02C3CF63D97C7E2E.d.23FB0B82A821AA327EA86F078B395E90.e.7572","ELEMENT":"f.A305B2C0A529549F02C3CF63D97C7E2E.d.23FB0B82A821AA327EA86F078B395E90.e.7572"}]}
RESULT: {"script":"<script> [8489 bytes]","args":[{"element-6066-11e4-a52e-4f735466cecf":"f.A305B2C0A529549F02C3CF63D97C7E2E.d.23FB0B82A821AA327EA86F078B395E90.e.7572","ELEMENT":"f.A305B2C0A529549F02C3CF63D97C7E2E.d.23FB0B82A821AA327EA86F078B395E90.e.7572"}]}
COMMAND: GET /session/db7e8e0bc6cb7545f5479edbe1e25c48/element/f.A305B2C0A529549F02C3CF63D97C7E2E.d.23FB0B82A821AA327EA86F078B395E90.e.7572/enabled - {}
COMMAND: GET /session/db7e8e0bc6cb7545f5479edbe1e25c48/screenshot - {}
RESULT: {}
COMMAND: POST /session/db7e8e0bc6cb7545f5479edbe1e25c48/execute/sync - {"script":"<script> [8489 bytes]","args":[{"element-6066-11e4-a52e-4f735466cecf":"f.A305B2C0A529549F02C3CF63D97C7E2E.d.23FB0B82A821AA327EA86F078B395E90.e.7572","ELEMENT":"f.A305B2C0A529549F02C3CF63D97C7E2E.d.23FB0B82A821AA327EA86F078B395E90.e.7572"}]}
COMMAND: GET /session/db7e8e0bc6cb7545f5479edbe1e25c48/screenshot - {}
RESULT: {}
RESULT: {"script":"<script> [8489 bytes]","args":[{"element-6066-11e4-a52e-4f735466cecf":"f.A305B2C0A529549F02C3CF63D97C7E2E.d.23FB0B82A821AA327EA86F078B395E90.e.7572","ELEMENT":"f.A305B2C0A529549F02C3CF63D97C7E2E.d.23FB0B82A821AA327EA86F078B395E90.e.7572"}]}
COMMAND: POST /session/db7e8e0bc6cb7545f5479edbe1e25c48/execute/sync - {"script":"<script> [5351 bytes]","args":[{"element-6066-11e4-a52e-4f735466cecf":"f.A305B2C0A529549F02C3CF63D97C7E2E.d.23FB0B82A821AA327EA86F078B395E90.e.7572","ELEMENT":"f.A305B2C0A529549F02C3CF63D97C7E2E.d.23FB0B82A821AA327EA86F078B395E90.e.7572"}]}
COMMAND: GET /session/db7e8e0bc6cb7545f5479edbe1e25c48/screenshot - {}
RESULT: {}
RESULT: {"script":"<script> [5351 bytes]","args":[{"element-6066-11e4-a52e-4f735466cecf":"f.A305B2C0A529549F02C3CF63D97C7E2E.d.23FB0B82A821AA327EA86F078B395E90.e.7572","ELEMENT":"f.A305B2C0A529549F02C3CF63D97C7E2E.d.23FB0B82A821AA327EA86F078B395E90.e.7572"}]}
COMMAND: GET /session/db7e8e0bc6cb7545f5479edbe1e25c48/screenshot - {}
RESULT: {}
RESULT: {}
COMMAND: POST /session/db7e8e0bc6cb7545f5479edbe1e25c48/element - {"using":"xpath","value":"//span[@id=\"application-managepartners-display-component---masterPtm--smartTable-header-inner\"]"}
RESULT: {"using":"xpath","value":"//span[@id=\"application-managepartners-display-component---masterPtm--smartTable-header-inner\"]"}
COMMAND: POST /session/db7e8e0bc6cb7545f5479edbe1e25c48/elements - {"using":"xpath","value":"//span[@id=\"application-managepartners-display-component---masterPtm--smartTable-header-inner\"]"}
RESULT: {"using":"xpath","value":"//span[@id=\"application-managepartners-display-component---masterPtm--smartTable-header-inner\"]"}
COMMAND: POST /session/db7e8e0bc6cb7545f5479edbe1e25c48/execute/sync - {"script":"<script> [56 bytes]","args":[{"element-6066-11e4-a52e-4f735466cecf":"f.A305B2C0A529549F02C3CF63D97C7E2E.d.23FB0B82A821AA327EA86F078B395E90.e.7707","ELEMENT":"f.A305B2C0A529549F02C3CF63D97C7E2E.d.23FB0B82A821AA327EA86F078B395E90.e.7707"}]}
RESULT: {"script":"<script> [56 bytes]","args":[{"element-6066-11e4-a52e-4f735466cecf":"f.A305B2C0A529549F02C3CF63D97C7E2E.d.23FB0B82A821AA327EA86F078B395E90.e.7707","ELEMENT":"f.A305B2C0A529549F02C3CF63D97C7E2E.d.23FB0B82A821AA327EA86F078B395E90.e.7707"}]}
RESULT: undefined
COMMAND: POST /session/db7e8e0bc6cb7545f5479edbe1e25c48/element - {"using":"xpath","value":"//*[@id=\"application-managepartners-display-component---masterPtm--smartFilterBar-btnFilters\"]"}
COMMAND: GET /session/db7e8e0bc6cb7545f5479edbe1e25c48/screenshot - {}
RESULT: {"using":"xpath","value":"//*[@id=\"application-managepartners-display-component---masterPtm--smartFilterBar-btnFilters\"]"}
COMMAND: POST /session/db7e8e0bc6cb7545f5479edbe1e25c48/element/f.A305B2C0A529549F02C3CF63D97C7E2E.d.23FB0B82A821AA327EA86F078B395E90.e.7547/click - {}
RESULT: {}
RESULT: {}
COMMAND: GET /session/db7e8e0bc6cb7545f5479edbe1e25c48/screenshot - {}
RESULT: {}
COMMAND: POST /session/db7e8e0bc6cb7545f5479edbe1e25c48/elements - {"using":"xpath","value":"//table[contains(@id, \"listView-innerSelectionPanelTable-listUl\")]/tbody/tr"}
RESULT: {"using":"xpath","value":"//table[contains(@id, \"listView-innerSelectionPanelTable-listUl\")]/tbody/tr"}
COMMAND: POST /session/db7e8e0bc6cb7545f5479edbe1e25c48/element - {"using":"xpath","value":"//table[contains(@id, \"listView-innerSelectionPanelTable-listUl\")]/tbody/tr[2]/td[2]/div/div"}
RESULT: {"using":"xpath","value":"//table[contains(@id, \"listView-innerSelectionPanelTable-listUl\")]/tbody/tr[2]/td[2]/div/div"}
COMMAND: POST /session/db7e8e0bc6cb7545f5479edbe1e25c48/element - {"using":"xpath","value":"//table[contains(@id, \"listView-innerSelectionPanelTable-listUl\")]/tbody/tr[2]/td[2]/div"}
RESULT: {"using":"xpath","value":"//table[contains(@id, \"listView-innerSelectionPanelTable-listUl\")]/tbody/tr[2]/td[2]/div"}
COMMAND: POST /session/db7e8e0bc6cb7545f5479edbe1e25c48/element - {"using":"xpath","value":"//table[contains(@id, \"listView-innerSelectionPanelTable-listUl\")]/tbody/tr[2]/td[3]/div/div/span/span[1]/bdi"}
RESULT: {"using":"xpath","value":"//table[contains(@id, \"listView-innerSelectionPanelTable-listUl\")]/tbody/tr[2]/td[3]/div/div/span/span[1]/bdi"}
COMMAND: POST /session/db7e8e0bc6cb7545f5479edbe1e25c48/execute/sync - {"script":"<script> [56 bytes]","args":[{"element-6066-11e4-a52e-4f735466cecf":"f.A305B2C0A529549F02C3CF63D97C7E2E.d.23FB0B82A821AA327EA86F078B395E90.e.7775","ELEMENT":"f.A305B2C0A529549F02C3CF63D97C7E2E.d.23FB0B82A821AA327EA86F078B395E90.e.7775"}]}
RESULT: {"script":"<script> [56 bytes]","args":[{"element-6066-11e4-a52e-4f735466cecf":"f.A305B2C0A529549F02C3CF63D97C7E2E.d.23FB0B82A821AA327EA86F078B395E90.e.7775","ELEMENT":"f.A305B2C0A529549F02C3CF63D97C7E2E.d.23FB0B82A821AA327EA86F078B395E90.e.7775"}]}
COMMAND: GET /session/db7e8e0bc6cb7545f5479edbe1e25c48/element/f.A305B2C0A529549F02C3CF63D97C7E2E.d.23FB0B82A821AA327EA86F078B395E90.e.7774/attribute/aria-checked - {}
COMMAND: GET /session/db7e8e0bc6cb7545f5479edbe1e25c48/screenshot - {}
RESULT: {}
COMMAND: POST /session/db7e8e0bc6cb7545f5479edbe1e25c48/element - {"using":"xpath","value":"//table[contains(@id, \"listView-innerSelectionPanelTable-listUl\")]/tbody/tr[3]/td[2]/div/div"}
RESULT: {}
RESULT: {"using":"xpath","value":"//table[contains(@id, \"listView-innerSelectionPanelTable-listUl\")]/tbody/tr[3]/td[2]/div/div"}
COMMAND: POST /session/db7e8e0bc6cb7545f5479edbe1e25c48/element - {"using":"xpath","value":"//table[contains(@id, \"listView-innerSelectionPanelTable-listUl\")]/tbody/tr[3]/td[2]/div"}
RESULT: {"using":"xpath","value":"//table[contains(@id, \"listView-innerSelectionPanelTable-listUl\")]/tbody/tr[3]/td[2]/div"}
COMMAND: POST /session/db7e8e0bc6cb7545f5479edbe1e25c48/element - {"using":"xpath","value":"//table[contains(@id, \"listView-innerSelectionPanelTable-listUl\")]/tbody/tr[3]/td[3]/div/div/span/span[1]/bdi"}
RESULT: {"using":"xpath","value":"//table[contains(@id, \"listView-innerSelectionPanelTable-listUl\")]/tbody/tr[3]/td[3]/div/div/span/span[1]/bdi"}
COMMAND: POST /session/db7e8e0bc6cb7545f5479edbe1e25c48/execute/sync - {"script":"<script> [56 bytes]","args":[{"element-6066-11e4-a52e-4f735466cecf":"f.A305B2C0A529549F02C3CF63D97C7E2E.d.23FB0B82A821AA327EA86F078B395E90.e.7778","ELEMENT":"f.A305B2C0A529549F02C3CF63D97C7E2E.d.23FB0B82A821AA327EA86F078B395E90.e.7778"}]}
RESULT: {"script":"<script> [56 bytes]","args":[{"element-6066-11e4-a52e-4f735466cecf":"f.A305B2C0A529549F02C3CF63D97C7E2E.d.23FB0B82A821AA327EA86F078B395E90.e.7778","ELEMENT":"f.A305B2C0A529549F02C3CF63D97C7E2E.d.23FB0B82A821AA327EA86F078B395E90.e.7778"}]}
COMMAND: GET /session/db7e8e0bc6cb7545f5479edbe1e25c48/element/f.A305B2C0A529549F02C3CF63D97C7E2E.d.23FB0B82A821AA327EA86F078B395E90.e.7777/attribute/aria-checked - {}
COMMAND: GET /session/db7e8e0bc6cb7545f5479edbe1e25c48/screenshot - {}
RESULT: {}
COMMAND: POST /session/db7e8e0bc6cb7545f5479edbe1e25c48/element - {"using":"xpath","value":"//table[contains(@id, \"listView-innerSelectionPanelTable-listUl\")]/tbody/tr[4]/td[2]/div/div"}
RESULT: {}
RESULT: {"using":"xpath","value":"//table[contains(@id, \"listView-innerSelectionPanelTable-listUl\")]/tbody/tr[4]/td[2]/div/div"}
COMMAND: POST /session/db7e8e0bc6cb7545f5479edbe1e25c48/element - {"using":"xpath","value":"//table[contains(@id, \"listView-innerSelectionPanelTable-listUl\")]/tbody/tr[4]/td[2]/div"}
RESULT: {"using":"xpath","value":"//table[contains(@id, \"listView-innerSelectionPanelTable-listUl\")]/tbody/tr[4]/td[2]/div"}
COMMAND: POST /session/db7e8e0bc6cb7545f5479edbe1e25c48/element - {"using":"xpath","value":"//table[contains(@id, \"listView-innerSelectionPanelTable-listUl\")]/tbody/tr[4]/td[3]/div/div/span/span[1]/bdi"}
RESULT: {"using":"xpath","value":"//table[contains(@id, \"listView-innerSelectionPanelTable-listUl\")]/tbody/tr[4]/td[3]/div/div/span/span[1]/bdi"}
COMMAND: POST /session/db7e8e0bc6cb7545f5479edbe1e25c48/execute/sync - {"script":"<script> [56 bytes]","args":[{"element-6066-11e4-a52e-4f735466cecf":"f.A305B2C0A529549F02C3CF63D97C7E2E.d.23FB0B82A821AA327EA86F078B395E90.e.7781","ELEMENT":"f.A305B2C0A529549F02C3CF63D97C7E2E.d.23FB0B82A821AA327EA86F078B395E90.e.7781"}]}
RESULT: {"script":"<script> [56 bytes]","args":[{"element-6066-11e4-a52e-4f735466cecf":"f.A305B2C0A529549F02C3CF63D97C7E2E.d.23FB0B82A821AA327EA86F078B395E90.e.7781","ELEMENT":"f.A305B2C0A529549F02C3CF63D97C7E2E.d.23FB0B82A821AA327EA86F078B395E90.e.7781"}]}
COMMAND: GET /session/db7e8e0bc6cb7545f5479edbe1e25c48/element/f.A305B2C0A529549F02C3CF63D97C7E2E.d.23FB0B82A821AA327EA86F078B395E90.e.7780/attribute/aria-checked - {}
COMMAND: GET /session/db7e8e0bc6cb7545f5479edbe1e25c48/screenshot - {}
RESULT: {}
COMMAND: POST /session/db7e8e0bc6cb7545f5479edbe1e25c48/element - {"using":"xpath","value":"//table[contains(@id, \"listView-innerSelectionPanelTable-listUl\")]/tbody/tr[5]/td[2]/div/div"}
RESULT: {}
RESULT: {"using":"xpath","value":"//table[contains(@id, \"listView-innerSelectionPanelTable-listUl\")]/tbody/tr[5]/td[2]/div/div"}
COMMAND: POST /session/db7e8e0bc6cb7545f5479edbe1e25c48/element - {"using":"xpath","value":"//table[contains(@id, \"listView-innerSelectionPanelTable-listUl\")]/tbody/tr[5]/td[2]/div"}
RESULT: {"using":"xpath","value":"//table[contains(@id, \"listView-innerSelectionPanelTable-listUl\")]/tbody/tr[5]/td[2]/div"}
COMMAND: POST /session/db7e8e0bc6cb7545f5479edbe1e25c48/element - {"using":"xpath","value":"//table[contains(@id, \"listView-innerSelectionPanelTable-listUl\")]/tbody/tr[5]/td[3]/div/div/span/span[1]/bdi"}
RESULT: {"using":"xpath","value":"//table[contains(@id, \"listView-innerSelectionPanelTable-listUl\")]/tbody/tr[5]/td[3]/div/div/span/span[1]/bdi"}
COMMAND: POST /session/db7e8e0bc6cb7545f5479edbe1e25c48/execute/sync - {"script":"<script> [56 bytes]","args":[{"element-6066-11e4-a52e-4f735466cecf":"f.A305B2C0A529549F02C3CF63D97C7E2E.d.23FB0B82A821AA327EA86F078B395E90.e.7784","ELEMENT":"f.A305B2C0A529549F02C3CF63D97C7E2E.d.23FB0B82A821AA327EA86F078B395E90.e.7784"}]}
RESULT: {"script":"<script> [56 bytes]","args":[{"element-6066-11e4-a52e-4f735466cecf":"f.A305B2C0A529549F02C3CF63D97C7E2E.d.23FB0B82A821AA327EA86F078B395E90.e.7784","ELEMENT":"f.A305B2C0A529549F02C3CF63D97C7E2E.d.23FB0B82A821AA327EA86F078B395E90.e.7784"}]}
COMMAND: GET /session/db7e8e0bc6cb7545f5479edbe1e25c48/element/f.A305B2C0A529549F02C3CF63D97C7E2E.d.23FB0B82A821AA327EA86F078B395E90.e.7783/attribute/aria-checked - {}
COMMAND: GET /session/db7e8e0bc6cb7545f5479edbe1e25c48/screenshot - {}
RESULT: {}
COMMAND: POST /session/db7e8e0bc6cb7545f5479edbe1e25c48/element - {"using":"xpath","value":"//table[contains(@id, \"listView-innerSelectionPanelTable-listUl\")]/tbody/tr[6]/td[2]/div/div"}
RESULT: {}
RESULT: {"using":"xpath","value":"//table[contains(@id, \"listView-innerSelectionPanelTable-listUl\")]/tbody/tr[6]/td[2]/div/div"}
COMMAND: POST /session/db7e8e0bc6cb7545f5479edbe1e25c48/element - {"using":"xpath","value":"//table[contains(@id, \"listView-innerSelectionPanelTable-listUl\")]/tbody/tr[6]/td[2]/div"}
RESULT: {"using":"xpath","value":"//table[contains(@id, \"listView-innerSelectionPanelTable-listUl\")]/tbody/tr[6]/td[2]/div"}
COMMAND: POST /session/db7e8e0bc6cb7545f5479edbe1e25c48/element - {"using":"xpath","value":"//table[contains(@id, \"listView-innerSelectionPanelTable-listUl\")]/tbody/tr[6]/td[3]/div/div/span/span[1]/bdi"}
RESULT: {"using":"xpath","value":"//table[contains(@id, \"listView-innerSelectionPanelTable-listUl\")]/tbody/tr[6]/td[3]/div/div/span/span[1]/bdi"}
COMMAND: POST /session/db7e8e0bc6cb7545f5479edbe1e25c48/execute/sync - {"script":"<script> [56 bytes]","args":[{"element-6066-11e4-a52e-4f735466cecf":"f.A305B2C0A529549F02C3CF63D97C7E2E.d.23FB0B82A821AA327EA86F078B395E90.e.7787","ELEMENT":"f.A305B2C0A529549F02C3CF63D97C7E2E.d.23FB0B82A821AA327EA86F078B395E90.e.7787"}]}
RESULT: {"script":"<script> [56 bytes]","args":[{"element-6066-11e4-a52e-4f735466cecf":"f.A305B2C0A529549F02C3CF63D97C7E2E.d.23FB0B82A821AA327EA86F078B395E90.e.7787","ELEMENT":"f.A305B2C0A529549F02C3CF63D97C7E2E.d.23FB0B82A821AA327EA86F078B395E90.e.7787"}]}
COMMAND: GET /session/db7e8e0bc6cb7545f5479edbe1e25c48/element/f.A305B2C0A529549F02C3CF63D97C7E2E.d.23FB0B82A821AA327EA86F078B395E90.e.7786/attribute/aria-checked - {}
COMMAND: GET /session/db7e8e0bc6cb7545f5479edbe1e25c48/screenshot - {}
RESULT: {}
COMMAND: POST /session/db7e8e0bc6cb7545f5479edbe1e25c48/element - {"using":"xpath","value":"//table[contains(@id, \"listView-innerSelectionPanelTable-listUl\")]/tbody/tr[7]/td[2]/div/div"}
RESULT: {}
RESULT: {"using":"xpath","value":"//table[contains(@id, \"listView-innerSelectionPanelTable-listUl\")]/tbody/tr[7]/td[2]/div/div"}
COMMAND: POST /session/db7e8e0bc6cb7545f5479edbe1e25c48/element - {"using":"xpath","value":"//table[contains(@id, \"listView-innerSelectionPanelTable-listUl\")]/tbody/tr[7]/td[2]/div"}
RESULT: {"using":"xpath","value":"//table[contains(@id, \"listView-innerSelectionPanelTable-listUl\")]/tbody/tr[7]/td[2]/div"}
COMMAND: POST /session/db7e8e0bc6cb7545f5479edbe1e25c48/element - {"using":"xpath","value":"//table[contains(@id, \"listView-innerSelectionPanelTable-listUl\")]/tbody/tr[7]/td[3]/div/div/span/span[1]/bdi"}
RESULT: {"using":"xpath","value":"//table[contains(@id, \"listView-innerSelectionPanelTable-listUl\")]/tbody/tr[7]/td[3]/div/div/span/span[1]/bdi"}
COMMAND: POST /session/db7e8e0bc6cb7545f5479edbe1e25c48/execute/sync - {"script":"<script> [56 bytes]","args":[{"element-6066-11e4-a52e-4f735466cecf":"f.A305B2C0A529549F02C3CF63D97C7E2E.d.23FB0B82A821AA327EA86F078B395E90.e.7790","ELEMENT":"f.A305B2C0A529549F02C3CF63D97C7E2E.d.23FB0B82A821AA327EA86F078B395E90.e.7790"}]}
RESULT: {"script":"<script> [56 bytes]","args":[{"element-6066-11e4-a52e-4f735466cecf":"f.A305B2C0A529549F02C3CF63D97C7E2E.d.23FB0B82A821AA327EA86F078B395E90.e.7790","ELEMENT":"f.A305B2C0A529549F02C3CF63D97C7E2E.d.23FB0B82A821AA327EA86F078B395E90.e.7790"}]}
COMMAND: GET /session/db7e8e0bc6cb7545f5479edbe1e25c48/element/f.A305B2C0A529549F02C3CF63D97C7E2E.d.23FB0B82A821AA327EA86F078B395E90.e.7789/attribute/aria-checked - {}
COMMAND: GET /session/db7e8e0bc6cb7545f5479edbe1e25c48/screenshot - {}
RESULT: {}
COMMAND: POST /session/db7e8e0bc6cb7545f5479edbe1e25c48/element - {"using":"xpath","value":"//table[contains(@id, \"listView-innerSelectionPanelTable-listUl\")]/tbody/tr[8]/td[2]/div/div"}
RESULT: {}
RESULT: {"using":"xpath","value":"//table[contains(@id, \"listView-innerSelectionPanelTable-listUl\")]/tbody/tr[8]/td[2]/div/div"}
COMMAND: POST /session/db7e8e0bc6cb7545f5479edbe1e25c48/element - {"using":"xpath","value":"//table[contains(@id, \"listView-innerSelectionPanelTable-listUl\")]/tbody/tr[8]/td[2]/div"}
RESULT: {"using":"xpath","value":"//table[contains(@id, \"listView-innerSelectionPanelTable-listUl\")]/tbody/tr[8]/td[2]/div"}
COMMAND: POST /session/db7e8e0bc6cb7545f5479edbe1e25c48/element - {"using":"xpath","value":"//table[contains(@id, \"listView-innerSelectionPanelTable-listUl\")]/tbody/tr[8]/td[3]/div/div/span/span[1]/bdi"}
RESULT: {"using":"xpath","value":"//table[contains(@id, \"listView-innerSelectionPanelTable-listUl\")]/tbody/tr[8]/td[3]/div/div/span/span[1]/bdi"}
COMMAND: POST /session/db7e8e0bc6cb7545f5479edbe1e25c48/execute/sync - {"script":"<script> [56 bytes]","args":[{"element-6066-11e4-a52e-4f735466cecf":"f.A305B2C0A529549F02C3CF63D97C7E2E.d.23FB0B82A821AA327EA86F078B395E90.e.7793","ELEMENT":"f.A305B2C0A529549F02C3CF63D97C7E2E.d.23FB0B82A821AA327EA86F078B395E90.e.7793"}]}
RESULT: {"script":"<script> [56 bytes]","args":[{"element-6066-11e4-a52e-4f735466cecf":"f.A305B2C0A529549F02C3CF63D97C7E2E.d.23FB0B82A821AA327EA86F078B395E90.e.7793","ELEMENT":"f.A305B2C0A529549F02C3CF63D97C7E2E.d.23FB0B82A821AA327EA86F078B395E90.e.7793"}]}
COMMAND: GET /session/db7e8e0bc6cb7545f5479edbe1e25c48/element/f.A305B2C0A529549F02C3CF63D97C7E2E.d.23FB0B82A821AA327EA86F078B395E90.e.7792/attribute/aria-checked - {}
COMMAND: GET /session/db7e8e0bc6cb7545f5479edbe1e25c48/screenshot - {}
RESULT: {}
COMMAND: POST /session/db7e8e0bc6cb7545f5479edbe1e25c48/element - {"using":"xpath","value":"//table[contains(@id, \"listView-innerSelectionPanelTable-listUl\")]/tbody/tr[9]/td[2]/div/div"}
RESULT: {}
RESULT: {"using":"xpath","value":"//table[contains(@id, \"listView-innerSelectionPanelTable-listUl\")]/tbody/tr[9]/td[2]/div/div"}
COMMAND: POST /session/db7e8e0bc6cb7545f5479edbe1e25c48/element - {"using":"xpath","value":"//table[contains(@id, \"listView-innerSelectionPanelTable-listUl\")]/tbody/tr[9]/td[2]/div"}
RESULT: {"using":"xpath","value":"//table[contains(@id, \"listView-innerSelectionPanelTable-listUl\")]/tbody/tr[9]/td[2]/div"}
COMMAND: POST /session/db7e8e0bc6cb7545f5479edbe1e25c48/element - {"using":"xpath","value":"//table[contains(@id, \"listView-innerSelectionPanelTable-listUl\")]/tbody/tr[9]/td[3]/div/div/span/span[1]/bdi"}
RESULT: {"using":"xpath","value":"//table[contains(@id, \"listView-innerSelectionPanelTable-listUl\")]/tbody/tr[9]/td[3]/div/div/span/span[1]/bdi"}
COMMAND: POST /session/db7e8e0bc6cb7545f5479edbe1e25c48/execute/sync - {"script":"<script> [56 bytes]","args":[{"element-6066-11e4-a52e-4f735466cecf":"f.A305B2C0A529549F02C3CF63D97C7E2E.d.23FB0B82A821AA327EA86F078B395E90.e.7796","ELEMENT":"f.A305B2C0A529549F02C3CF63D97C7E2E.d.23FB0B82A821AA327EA86F078B395E90.e.7796"}]}
RESULT: {"script":"<script> [56 bytes]","args":[{"element-6066-11e4-a52e-4f735466cecf":"f.A305B2C0A529549F02C3CF63D97C7E2E.d.23FB0B82A821AA327EA86F078B395E90.e.7796","ELEMENT":"f.A305B2C0A529549F02C3CF63D97C7E2E.d.23FB0B82A821AA327EA86F078B395E90.e.7796"}]}
COMMAND: GET /session/db7e8e0bc6cb7545f5479edbe1e25c48/element/f.A305B2C0A529549F02C3CF63D97C7E2E.d.23FB0B82A821AA327EA86F078B395E90.e.7795/attribute/aria-checked - {}
COMMAND: GET /session/db7e8e0bc6cb7545f5479edbe1e25c48/screenshot - {}
RESULT: {}
COMMAND: POST /session/db7e8e0bc6cb7545f5479edbe1e25c48/element - {"using":"xpath","value":"//table[contains(@id, \"listView-innerSelectionPanelTable-listUl\")]/tbody/tr[10]/td[2]/div/div"}
RESULT: {}
RESULT: {"using":"xpath","value":"//table[contains(@id, \"listView-innerSelectionPanelTable-listUl\")]/tbody/tr[10]/td[2]/div/div"}
COMMAND: POST /session/db7e8e0bc6cb7545f5479edbe1e25c48/element - {"using":"xpath","value":"//table[contains(@id, \"listView-innerSelectionPanelTable-listUl\")]/tbody/tr[10]/td[2]/div"}
RESULT: {"using":"xpath","value":"//table[contains(@id, \"listView-innerSelectionPanelTable-listUl\")]/tbody/tr[10]/td[2]/div"}
COMMAND: POST /session/db7e8e0bc6cb7545f5479edbe1e25c48/element - {"using":"xpath","value":"//table[contains(@id, \"listView-innerSelectionPanelTable-listUl\")]/tbody/tr[10]/td[3]/div/div/span/span[1]/bdi"}
RESULT: {"using":"xpath","value":"//table[contains(@id, \"listView-innerSelectionPanelTable-listUl\")]/tbody/tr[10]/td[3]/div/div/span/span[1]/bdi"}
COMMAND: POST /session/db7e8e0bc6cb7545f5479edbe1e25c48/execute/sync - {"script":"<script> [56 bytes]","args":[{"element-6066-11e4-a52e-4f735466cecf":"f.A305B2C0A529549F02C3CF63D97C7E2E.d.23FB0B82A821AA327EA86F078B395E90.e.7799","ELEMENT":"f.A305B2C0A529549F02C3CF63D97C7E2E.d.23FB0B82A821AA327EA86F078B395E90.e.7799"}]}
RESULT: {"script":"<script> [56 bytes]","args":[{"element-6066-11e4-a52e-4f735466cecf":"f.A305B2C0A529549F02C3CF63D97C7E2E.d.23FB0B82A821AA327EA86F078B395E90.e.7799","ELEMENT":"f.A305B2C0A529549F02C3CF63D97C7E2E.d.23FB0B82A821AA327EA86F078B395E90.e.7799"}]}
COMMAND: GET /session/db7e8e0bc6cb7545f5479edbe1e25c48/element/f.A305B2C0A529549F02C3CF63D97C7E2E.d.23FB0B82A821AA327EA86F078B395E90.e.7798/attribute/aria-checked - {}
COMMAND: GET /session/db7e8e0bc6cb7545f5479edbe1e25c48/screenshot - {}
RESULT: {}
COMMAND: POST /session/db7e8e0bc6cb7545f5479edbe1e25c48/element - {"using":"xpath","value":"//table[contains(@id, \"listView-innerSelectionPanelTable-listUl\")]/tbody/tr[11]/td[2]/div/div"}
RESULT: {}
RESULT: {"using":"xpath","value":"//table[contains(@id, \"listView-innerSelectionPanelTable-listUl\")]/tbody/tr[11]/td[2]/div/div"}
COMMAND: POST /session/db7e8e0bc6cb7545f5479edbe1e25c48/element - {"using":"xpath","value":"//table[contains(@id, \"listView-innerSelectionPanelTable-listUl\")]/tbody/tr[11]/td[2]/div"}
RESULT: {"using":"xpath","value":"//table[contains(@id, \"listView-innerSelectionPanelTable-listUl\")]/tbody/tr[11]/td[2]/div"}
COMMAND: POST /session/db7e8e0bc6cb7545f5479edbe1e25c48/element - {"using":"xpath","value":"//table[contains(@id, \"listView-innerSelectionPanelTable-listUl\")]/tbody/tr[11]/td[3]/div/div/span/span[1]/bdi"}
RESULT: {"using":"xpath","value":"//table[contains(@id, \"listView-innerSelectionPanelTable-listUl\")]/tbody/tr[11]/td[3]/div/div/span/span[1]/bdi"}
COMMAND: POST /session/db7e8e0bc6cb7545f5479edbe1e25c48/execute/sync - {"script":"<script> [56 bytes]","args":[{"element-6066-11e4-a52e-4f735466cecf":"f.A305B2C0A529549F02C3CF63D97C7E2E.d.23FB0B82A821AA327EA86F078B395E90.e.7802","ELEMENT":"f.A305B2C0A529549F02C3CF63D97C7E2E.d.23FB0B82A821AA327EA86F078B395E90.e.7802"}]}
RESULT: {"script":"<script> [56 bytes]","args":[{"element-6066-11e4-a52e-4f735466cecf":"f.A305B2C0A529549F02C3CF63D97C7E2E.d.23FB0B82A821AA327EA86F078B395E90.e.7802","ELEMENT":"f.A305B2C0A529549F02C3CF63D97C7E2E.d.23FB0B82A821AA327EA86F078B395E90.e.7802"}]}
COMMAND: GET /session/db7e8e0bc6cb7545f5479edbe1e25c48/element/f.A305B2C0A529549F02C3CF63D97C7E2E.d.23FB0B82A821AA327EA86F078B395E90.e.7801/attribute/aria-checked - {}
COMMAND: GET /session/db7e8e0bc6cb7545f5479edbe1e25c48/screenshot - {}
RESULT: {}
COMMAND: POST /session/db7e8e0bc6cb7545f5479edbe1e25c48/element - {"using":"xpath","value":"//table[contains(@id, \"listView-innerSelectionPanelTable-listUl\")]/tbody/tr[12]/td[2]/div/div"}
RESULT: {}
RESULT: {"using":"xpath","value":"//table[contains(@id, \"listView-innerSelectionPanelTable-listUl\")]/tbody/tr[12]/td[2]/div/div"}
COMMAND: POST /session/db7e8e0bc6cb7545f5479edbe1e25c48/element - {"using":"xpath","value":"//table[contains(@id, \"listView-innerSelectionPanelTable-listUl\")]/tbody/tr[12]/td[2]/div"}
RESULT: {"using":"xpath","value":"//table[contains(@id, \"listView-innerSelectionPanelTable-listUl\")]/tbody/tr[12]/td[2]/div"}
COMMAND: POST /session/db7e8e0bc6cb7545f5479edbe1e25c48/element - {"using":"xpath","value":"//table[contains(@id, \"listView-innerSelectionPanelTable-listUl\")]/tbody/tr[12]/td[3]/div/div/span/span[1]/bdi"}
RESULT: {"using":"xpath","value":"//table[contains(@id, \"listView-innerSelectionPanelTable-listUl\")]/tbody/tr[12]/td[3]/div/div/span/span[1]/bdi"}
COMMAND: POST /session/db7e8e0bc6cb7545f5479edbe1e25c48/execute/sync - {"script":"<script> [56 bytes]","args":[{"element-6066-11e4-a52e-4f735466cecf":"f.A305B2C0A529549F02C3CF63D97C7E2E.d.23FB0B82A821AA327EA86F078B395E90.e.7805","ELEMENT":"f.A305B2C0A529549F02C3CF63D97C7E2E.d.23FB0B82A821AA327EA86F078B395E90.e.7805"}]}
RESULT: {"script":"<script> [56 bytes]","args":[{"element-6066-11e4-a52e-4f735466cecf":"f.A305B2C0A529549F02C3CF63D97C7E2E.d.23FB0B82A821AA327EA86F078B395E90.e.7805","ELEMENT":"f.A305B2C0A529549F02C3CF63D97C7E2E.d.23FB0B82A821AA327EA86F078B395E90.e.7805"}]}
COMMAND: GET /session/db7e8e0bc6cb7545f5479edbe1e25c48/element/f.A305B2C0A529549F02C3CF63D97C7E2E.d.23FB0B82A821AA327EA86F078B395E90.e.7804/attribute/aria-checked - {}
COMMAND: GET /session/db7e8e0bc6cb7545f5479edbe1e25c48/screenshot - {}
RESULT: {}
COMMAND: POST /session/db7e8e0bc6cb7545f5479edbe1e25c48/element - {"using":"xpath","value":"//table[contains(@id, \"listView-innerSelectionPanelTable-listUl\")]/tbody/tr[13]/td[2]/div/div"}
RESULT: {}
RESULT: {"using":"xpath","value":"//table[contains(@id, \"listView-innerSelectionPanelTable-listUl\")]/tbody/tr[13]/td[2]/div/div"}
COMMAND: POST /session/db7e8e0bc6cb7545f5479edbe1e25c48/element - {"using":"xpath","value":"//table[contains(@id, \"listView-innerSelectionPanelTable-listUl\")]/tbody/tr[13]/td[2]/div"}
RESULT: {"using":"xpath","value":"//table[contains(@id, \"listView-innerSelectionPanelTable-listUl\")]/tbody/tr[13]/td[2]/div"}
COMMAND: POST /session/db7e8e0bc6cb7545f5479edbe1e25c48/element - {"using":"xpath","value":"//table[contains(@id, \"listView-innerSelectionPanelTable-listUl\")]/tbody/tr[13]/td[3]/div/div/span/span[1]/bdi"}
RESULT: {"using":"xpath","value":"//table[contains(@id, \"listView-innerSelectionPanelTable-listUl\")]/tbody/tr[13]/td[3]/div/div/span/span[1]/bdi"}
COMMAND: POST /session/db7e8e0bc6cb7545f5479edbe1e25c48/execute/sync - {"script":"<script> [56 bytes]","args":[{"element-6066-11e4-a52e-4f735466cecf":"f.A305B2C0A529549F02C3CF63D97C7E2E.d.23FB0B82A821AA327EA86F078B395E90.e.7808","ELEMENT":"f.A305B2C0A529549F02C3CF63D97C7E2E.d.23FB0B82A821AA327EA86F078B395E90.e.7808"}]}
RESULT: {"script":"<script> [56 bytes]","args":[{"element-6066-11e4-a52e-4f735466cecf":"f.A305B2C0A529549F02C3CF63D97C7E2E.d.23FB0B82A821AA327EA86F078B395E90.e.7808","ELEMENT":"f.A305B2C0A529549F02C3CF63D97C7E2E.d.23FB0B82A821AA327EA86F078B395E90.e.7808"}]}
COMMAND: GET /session/db7e8e0bc6cb7545f5479edbe1e25c48/element/f.A305B2C0A529549F02C3CF63D97C7E2E.d.23FB0B82A821AA327EA86F078B395E90.e.7807/attribute/aria-checked - {}
COMMAND: GET /session/db7e8e0bc6cb7545f5479edbe1e25c48/screenshot - {}
RESULT: {}
COMMAND: POST /session/db7e8e0bc6cb7545f5479edbe1e25c48/element - {"using":"xpath","value":"//table[contains(@id, \"listView-innerSelectionPanelTable-listUl\")]/tbody/tr[14]/td[2]/div/div"}
RESULT: {}
RESULT: {"using":"xpath","value":"//table[contains(@id, \"listView-innerSelectionPanelTable-listUl\")]/tbody/tr[14]/td[2]/div/div"}
COMMAND: POST /session/db7e8e0bc6cb7545f5479edbe1e25c48/element - {"using":"xpath","value":"//table[contains(@id, \"listView-innerSelectionPanelTable-listUl\")]/tbody/tr[14]/td[2]/div"}
RESULT: {"using":"xpath","value":"//table[contains(@id, \"listView-innerSelectionPanelTable-listUl\")]/tbody/tr[14]/td[2]/div"}
COMMAND: POST /session/db7e8e0bc6cb7545f5479edbe1e25c48/element - {"using":"xpath","value":"//table[contains(@id, \"listView-innerSelectionPanelTable-listUl\")]/tbody/tr[14]/td[3]/div/div/span/span[1]/bdi"}
RESULT: {"using":"xpath","value":"//table[contains(@id, \"listView-innerSelectionPanelTable-listUl\")]/tbody/tr[14]/td[3]/div/div/span/span[1]/bdi"}
COMMAND: POST /session/db7e8e0bc6cb7545f5479edbe1e25c48/execute/sync - {"script":"<script> [56 bytes]","args":[{"element-6066-11e4-a52e-4f735466cecf":"f.A305B2C0A529549F02C3CF63D97C7E2E.d.23FB0B82A821AA327EA86F078B395E90.e.7811","ELEMENT":"f.A305B2C0A529549F02C3CF63D97C7E2E.d.23FB0B82A821AA327EA86F078B395E90.e.7811"}]}
RESULT: {"script":"<script> [56 bytes]","args":[{"element-6066-11e4-a52e-4f735466cecf":"f.A305B2C0A529549F02C3CF63D97C7E2E.d.23FB0B82A821AA327EA86F078B395E90.e.7811","ELEMENT":"f.A305B2C0A529549F02C3CF63D97C7E2E.d.23FB0B82A821AA327EA86F078B395E90.e.7811"}]}
COMMAND: GET /session/db7e8e0bc6cb7545f5479edbe1e25c48/element/f.A305B2C0A529549F02C3CF63D97C7E2E.d.23FB0B82A821AA327EA86F078B395E90.e.7810/attribute/aria-checked - {}
COMMAND: GET /session/db7e8e0bc6cb7545f5479edbe1e25c48/screenshot - {}
RESULT: {}
COMMAND: POST /session/db7e8e0bc6cb7545f5479edbe1e25c48/element - {"using":"xpath","value":"//table[contains(@id, \"listView-innerSelectionPanelTable-listUl\")]/tbody/tr[15]/td[2]/div/div"}
RESULT: {}
RESULT: {"using":"xpath","value":"//table[contains(@id, \"listView-innerSelectionPanelTable-listUl\")]/tbody/tr[15]/td[2]/div/div"}
COMMAND: POST /session/db7e8e0bc6cb7545f5479edbe1e25c48/element - {"using":"xpath","value":"//table[contains(@id, \"listView-innerSelectionPanelTable-listUl\")]/tbody/tr[15]/td[2]/div"}
RESULT: {"using":"xpath","value":"//table[contains(@id, \"listView-innerSelectionPanelTable-listUl\")]/tbody/tr[15]/td[2]/div"}
COMMAND: POST /session/db7e8e0bc6cb7545f5479edbe1e25c48/element - {"using":"xpath","value":"//table[contains(@id, \"listView-innerSelectionPanelTable-listUl\")]/tbody/tr[15]/td[3]/div/div/span/span[1]/bdi"}
RESULT: {"using":"xpath","value":"//table[contains(@id, \"listView-innerSelectionPanelTable-listUl\")]/tbody/tr[15]/td[3]/div/div/span/span[1]/bdi"}
COMMAND: POST /session/db7e8e0bc6cb7545f5479edbe1e25c48/execute/sync - {"script":"<script> [56 bytes]","args":[{"element-6066-11e4-a52e-4f735466cecf":"f.A305B2C0A529549F02C3CF63D97C7E2E.d.23FB0B82A821AA327EA86F078B395E90.e.7814","ELEMENT":"f.A305B2C0A529549F02C3CF63D97C7E2E.d.23FB0B82A821AA327EA86F078B395E90.e.7814"}]}
RESULT: {"script":"<script> [56 bytes]","args":[{"element-6066-11e4-a52e-4f735466cecf":"f.A305B2C0A529549F02C3CF63D97C7E2E.d.23FB0B82A821AA327EA86F078B395E90.e.7814","ELEMENT":"f.A305B2C0A529549F02C3CF63D97C7E2E.d.23FB0B82A821AA327EA86F078B395E90.e.7814"}]}
COMMAND: GET /session/db7e8e0bc6cb7545f5479edbe1e25c48/element/f.A305B2C0A529549F02C3CF63D97C7E2E.d.23FB0B82A821AA327EA86F078B395E90.e.7813/attribute/aria-checked - {}
COMMAND: GET /session/db7e8e0bc6cb7545f5479edbe1e25c48/screenshot - {}
RESULT: {}
COMMAND: POST /session/db7e8e0bc6cb7545f5479edbe1e25c48/element - {"using":"xpath","value":"//table[contains(@id, \"listView-innerSelectionPanelTable-listUl\")]/tbody/tr[16]/td[2]/div/div"}
RESULT: {}
RESULT: {"using":"xpath","value":"//table[contains(@id, \"listView-innerSelectionPanelTable-listUl\")]/tbody/tr[16]/td[2]/div/div"}
COMMAND: POST /session/db7e8e0bc6cb7545f5479edbe1e25c48/element - {"using":"xpath","value":"//table[contains(@id, \"listView-innerSelectionPanelTable-listUl\")]/tbody/tr[16]/td[2]/div"}
RESULT: {"using":"xpath","value":"//table[contains(@id, \"listView-innerSelectionPanelTable-listUl\")]/tbody/tr[16]/td[2]/div"}
COMMAND: POST /session/db7e8e0bc6cb7545f5479edbe1e25c48/element - {"using":"xpath","value":"//table[contains(@id, \"listView-innerSelectionPanelTable-listUl\")]/tbody/tr[16]/td[3]/div/div/span/span[1]/bdi"}
RESULT: {"using":"xpath","value":"//table[contains(@id, \"listView-innerSelectionPanelTable-listUl\")]/tbody/tr[16]/td[3]/div/div/span/span[1]/bdi"}
COMMAND: POST /session/db7e8e0bc6cb7545f5479edbe1e25c48/execute/sync - {"script":"<script> [56 bytes]","args":[{"element-6066-11e4-a52e-4f735466cecf":"f.A305B2C0A529549F02C3CF63D97C7E2E.d.23FB0B82A821AA327EA86F078B395E90.e.7817","ELEMENT":"f.A305B2C0A529549F02C3CF63D97C7E2E.d.23FB0B82A821AA327EA86F078B395E90.e.7817"}]}
RESULT: {"script":"<script> [56 bytes]","args":[{"element-6066-11e4-a52e-4f735466cecf":"f.A305B2C0A529549F02C3CF63D97C7E2E.d.23FB0B82A821AA327EA86F078B395E90.e.7817","ELEMENT":"f.A305B2C0A529549F02C3CF63D97C7E2E.d.23FB0B82A821AA327EA86F078B395E90.e.7817"}]}
COMMAND: GET /session/db7e8e0bc6cb7545f5479edbe1e25c48/element/f.A305B2C0A529549F02C3CF63D97C7E2E.d.23FB0B82A821AA327EA86F078B395E90.e.7816/attribute/aria-checked - {}
COMMAND: GET /session/db7e8e0bc6cb7545f5479edbe1e25c48/screenshot - {}
RESULT: {}
COMMAND: POST /session/db7e8e0bc6cb7545f5479edbe1e25c48/element - {"using":"xpath","value":"//table[contains(@id, \"listView-innerSelectionPanelTable-listUl\")]/tbody/tr[17]/td[2]/div/div"}
RESULT: {}
RESULT: {"using":"xpath","value":"//table[contains(@id, \"listView-innerSelectionPanelTable-listUl\")]/tbody/tr[17]/td[2]/div/div"}
COMMAND: POST /session/db7e8e0bc6cb7545f5479edbe1e25c48/element - {"using":"xpath","value":"//table[contains(@id, \"listView-innerSelectionPanelTable-listUl\")]/tbody/tr[17]/td[2]/div"}
RESULT: {"using":"xpath","value":"//table[contains(@id, \"listView-innerSelectionPanelTable-listUl\")]/tbody/tr[17]/td[2]/div"}
COMMAND: POST /session/db7e8e0bc6cb7545f5479edbe1e25c48/element - {"using":"xpath","value":"//table[contains(@id, \"listView-innerSelectionPanelTable-listUl\")]/tbody/tr[17]/td[3]/div/div/span/span[1]/bdi"}
RESULT: {"using":"xpath","value":"//table[contains(@id, \"listView-innerSelectionPanelTable-listUl\")]/tbody/tr[17]/td[3]/div/div/span/span[1]/bdi"}
COMMAND: POST /session/db7e8e0bc6cb7545f5479edbe1e25c48/execute/sync - {"script":"<script> [56 bytes]","args":[{"element-6066-11e4-a52e-4f735466cecf":"f.A305B2C0A529549F02C3CF63D97C7E2E.d.23FB0B82A821AA327EA86F078B395E90.e.7820","ELEMENT":"f.A305B2C0A529549F02C3CF63D97C7E2E.d.23FB0B82A821AA327EA86F078B395E90.e.7820"}]}
RESULT: {"script":"<script> [56 bytes]","args":[{"element-6066-11e4-a52e-4f735466cecf":"f.A305B2C0A529549F02C3CF63D97C7E2E.d.23FB0B82A821AA327EA86F078B395E90.e.7820","ELEMENT":"f.A305B2C0A529549F02C3CF63D97C7E2E.d.23FB0B82A821AA327EA86F078B395E90.e.7820"}]}
COMMAND: GET /session/db7e8e0bc6cb7545f5479edbe1e25c48/element/f.A305B2C0A529549F02C3CF63D97C7E2E.d.23FB0B82A821AA327EA86F078B395E90.e.7819/attribute/aria-checked - {}
COMMAND: GET /session/db7e8e0bc6cb7545f5479edbe1e25c48/screenshot - {}
RESULT: {}
COMMAND: POST /session/db7e8e0bc6cb7545f5479edbe1e25c48/element - {"using":"xpath","value":"//table[contains(@id, \"listView-innerSelectionPanelTable-listUl\")]/tbody/tr[18]/td[2]/div/div"}
RESULT: {}
RESULT: {"using":"xpath","value":"//table[contains(@id, \"listView-innerSelectionPanelTable-listUl\")]/tbody/tr[18]/td[2]/div/div"}
COMMAND: POST /session/db7e8e0bc6cb7545f5479edbe1e25c48/element - {"using":"xpath","value":"//table[contains(@id, \"listView-innerSelectionPanelTable-listUl\")]/tbody/tr[18]/td[2]/div"}
RESULT: {"using":"xpath","value":"//table[contains(@id, \"listView-innerSelectionPanelTable-listUl\")]/tbody/tr[18]/td[2]/div"}
COMMAND: POST /session/db7e8e0bc6cb7545f5479edbe1e25c48/element - {"using":"xpath","value":"//table[contains(@id, \"listView-innerSelectionPanelTable-listUl\")]/tbody/tr[18]/td[3]/div/div/span/span[1]/bdi"}
RESULT: {"using":"xpath","value":"//table[contains(@id, \"listView-innerSelectionPanelTable-listUl\")]/tbody/tr[18]/td[3]/div/div/span/span[1]/bdi"}
COMMAND: POST /session/db7e8e0bc6cb7545f5479edbe1e25c48/execute/sync - {"script":"<script> [56 bytes]","args":[{"element-6066-11e4-a52e-4f735466cecf":"f.A305B2C0A529549F02C3CF63D97C7E2E.d.23FB0B82A821AA327EA86F078B395E90.e.7823","ELEMENT":"f.A305B2C0A529549F02C3CF63D97C7E2E.d.23FB0B82A821AA327EA86F078B395E90.e.7823"}]}
RESULT: {"script":"<script> [56 bytes]","args":[{"element-6066-11e4-a52e-4f735466cecf":"f.A305B2C0A529549F02C3CF63D97C7E2E.d.23FB0B82A821AA327EA86F078B395E90.e.7823","ELEMENT":"f.A305B2C0A529549F02C3CF63D97C7E2E.d.23FB0B82A821AA327EA86F078B395E90.e.7823"}]}
COMMAND: GET /session/db7e8e0bc6cb7545f5479edbe1e25c48/element/f.A305B2C0A529549F02C3CF63D97C7E2E.d.23FB0B82A821AA327EA86F078B395E90.e.7822/attribute/aria-checked - {}
COMMAND: GET /session/db7e8e0bc6cb7545f5479edbe1e25c48/screenshot - {}
RESULT: {}
COMMAND: POST /session/db7e8e0bc6cb7545f5479edbe1e25c48/element - {"using":"xpath","value":"//table[contains(@id, \"listView-innerSelectionPanelTable-listUl\")]/tbody/tr[19]/td[2]/div/div"}
RESULT: {}
RESULT: {"using":"xpath","value":"//table[contains(@id, \"listView-innerSelectionPanelTable-listUl\")]/tbody/tr[19]/td[2]/div/div"}
COMMAND: POST /session/db7e8e0bc6cb7545f5479edbe1e25c48/element - {"using":"xpath","value":"//table[contains(@id, \"listView-innerSelectionPanelTable-listUl\")]/tbody/tr[19]/td[2]/div"}
RESULT: {"using":"xpath","value":"//table[contains(@id, \"listView-innerSelectionPanelTable-listUl\")]/tbody/tr[19]/td[2]/div"}
COMMAND: POST /session/db7e8e0bc6cb7545f5479edbe1e25c48/element - {"using":"xpath","value":"//table[contains(@id, \"listView-innerSelectionPanelTable-listUl\")]/tbody/tr[19]/td[3]/div/div/span/span[1]/bdi"}
RESULT: {"using":"xpath","value":"//table[contains(@id, \"listView-innerSelectionPanelTable-listUl\")]/tbody/tr[19]/td[3]/div/div/span/span[1]/bdi"}
COMMAND: POST /session/db7e8e0bc6cb7545f5479edbe1e25c48/execute/sync - {"script":"<script> [56 bytes]","args":[{"element-6066-11e4-a52e-4f735466cecf":"f.A305B2C0A529549F02C3CF63D97C7E2E.d.23FB0B82A821AA327EA86F078B395E90.e.7826","ELEMENT":"f.A305B2C0A529549F02C3CF63D97C7E2E.d.23FB0B82A821AA327EA86F078B395E90.e.7826"}]}
RESULT: {"script":"<script> [56 bytes]","args":[{"element-6066-11e4-a52e-4f735466cecf":"f.A305B2C0A529549F02C3CF63D97C7E2E.d.23FB0B82A821AA327EA86F078B395E90.e.7826","ELEMENT":"f.A305B2C0A529549F02C3CF63D97C7E2E.d.23FB0B82A821AA327EA86F078B395E90.e.7826"}]}
COMMAND: GET /session/db7e8e0bc6cb7545f5479edbe1e25c48/element/f.A305B2C0A529549F02C3CF63D97C7E2E.d.23FB0B82A821AA327EA86F078B395E90.e.7825/attribute/aria-checked - {}
COMMAND: GET /session/db7e8e0bc6cb7545f5479edbe1e25c48/screenshot - {}
RESULT: {}
COMMAND: POST /session/db7e8e0bc6cb7545f5479edbe1e25c48/element - {"using":"xpath","value":"//table[contains(@id, \"listView-innerSelectionPanelTable-listUl\")]/tbody/tr[20]/td[2]/div/div"}
RESULT: {}
RESULT: {"using":"xpath","value":"//table[contains(@id, \"listView-innerSelectionPanelTable-listUl\")]/tbody/tr[20]/td[2]/div/div"}
COMMAND: POST /session/db7e8e0bc6cb7545f5479edbe1e25c48/element - {"using":"xpath","value":"//table[contains(@id, \"listView-innerSelectionPanelTable-listUl\")]/tbody/tr[20]/td[2]/div"}
RESULT: {"using":"xpath","value":"//table[contains(@id, \"listView-innerSelectionPanelTable-listUl\")]/tbody/tr[20]/td[2]/div"}
COMMAND: POST /session/db7e8e0bc6cb7545f5479edbe1e25c48/element - {"using":"xpath","value":"//table[contains(@id, \"listView-innerSelectionPanelTable-listUl\")]/tbody/tr[20]/td[3]/div/div/span/span[1]/bdi"}
RESULT: {"using":"xpath","value":"//table[contains(@id, \"listView-innerSelectionPanelTable-listUl\")]/tbody/tr[20]/td[3]/div/div/span/span[1]/bdi"}
COMMAND: POST /session/db7e8e0bc6cb7545f5479edbe1e25c48/execute/sync - {"script":"<script> [56 bytes]","args":[{"element-6066-11e4-a52e-4f735466cecf":"f.A305B2C0A529549F02C3CF63D97C7E2E.d.23FB0B82A821AA327EA86F078B395E90.e.7829","ELEMENT":"f.A305B2C0A529549F02C3CF63D97C7E2E.d.23FB0B82A821AA327EA86F078B395E90.e.7829"}]}
RESULT: {"script":"<script> [56 bytes]","args":[{"element-6066-11e4-a52e-4f735466cecf":"f.A305B2C0A529549F02C3CF63D97C7E2E.d.23FB0B82A821AA327EA86F078B395E90.e.7829","ELEMENT":"f.A305B2C0A529549F02C3CF63D97C7E2E.d.23FB0B82A821AA327EA86F078B395E90.e.7829"}]}
COMMAND: GET /session/db7e8e0bc6cb7545f5479edbe1e25c48/element/f.A305B2C0A529549F02C3CF63D97C7E2E.d.23FB0B82A821AA327EA86F078B395E90.e.7828/attribute/aria-checked - {}
COMMAND: GET /session/db7e8e0bc6cb7545f5479edbe1e25c48/screenshot - {}
RESULT: {}
COMMAND: POST /session/db7e8e0bc6cb7545f5479edbe1e25c48/element - {"using":"xpath","value":"//table[contains(@id, \"listView-innerSelectionPanelTable-listUl\")]/tbody/tr[21]/td[2]/div/div"}
COMMAND: POST /session/db7e8e0bc6cb7545f5479edbe1e25c48/element/f.A305B2C0A529549F02C3CF63D97C7E2E.d.23FB0B82A821AA327EA86F078B395E90.e.7827/click - {}
RESULT: {}
RESULT: {"using":"xpath","value":"//table[contains(@id, \"listView-innerSelectionPanelTable-listUl\")]/tbody/tr[21]/td[2]/div/div"}
COMMAND: POST /session/db7e8e0bc6cb7545f5479edbe1e25c48/element - {"using":"xpath","value":"//table[contains(@id, \"listView-innerSelectionPanelTable-listUl\")]/tbody/tr[21]/td[2]/div"}
RESULT: {}
COMMAND: GET /session/db7e8e0bc6cb7545f5479edbe1e25c48/screenshot - {}
RESULT: {"using":"xpath","value":"//table[contains(@id, \"listView-innerSelectionPanelTable-listUl\")]/tbody/tr[21]/td[2]/div"}
COMMAND: POST /session/db7e8e0bc6cb7545f5479edbe1e25c48/element - {"using":"xpath","value":"//table[contains(@id, \"listView-innerSelectionPanelTable-listUl\")]/tbody/tr[21]/td[3]/div/div/span/span[1]/bdi"}
RESULT: {}
RESULT: {"using":"xpath","value":"//table[contains(@id, \"listView-innerSelectionPanelTable-listUl\")]/tbody/tr[21]/td[3]/div/div/span/span[1]/bdi"}
COMMAND: POST /session/db7e8e0bc6cb7545f5479edbe1e25c48/execute/sync - {"script":"<script> [56 bytes]","args":[{"element-6066-11e4-a52e-4f735466cecf":"f.A305B2C0A529549F02C3CF63D97C7E2E.d.23FB0B82A821AA327EA86F078B395E90.e.7835","ELEMENT":"f.A305B2C0A529549F02C3CF63D97C7E2E.d.23FB0B82A821AA327EA86F078B395E90.e.7835"}]}
RESULT: {"script":"<script> [56 bytes]","args":[{"element-6066-11e4-a52e-4f735466cecf":"f.A305B2C0A529549F02C3CF63D97C7E2E.d.23FB0B82A821AA327EA86F078B395E90.e.7835","ELEMENT":"f.A305B2C0A529549F02C3CF63D97C7E2E.d.23FB0B82A821AA327EA86F078B395E90.e.7835"}]}
COMMAND: GET /session/db7e8e0bc6cb7545f5479edbe1e25c48/element/f.A305B2C0A529549F02C3CF63D97C7E2E.d.23FB0B82A821AA327EA86F078B395E90.e.7834/attribute/aria-checked - {}
COMMAND: GET /session/db7e8e0bc6cb7545f5479edbe1e25c48/screenshot - {}
RESULT: {}
COMMAND: POST /session/db7e8e0bc6cb7545f5479edbe1e25c48/element - {"using":"xpath","value":"//table[contains(@id, \"listView-innerSelectionPanelTable-listUl\")]/tbody/tr[22]/td[2]/div/div"}
COMMAND: POST /session/db7e8e0bc6cb7545f5479edbe1e25c48/element/f.A305B2C0A529549F02C3CF63D97C7E2E.d.23FB0B82A821AA327EA86F078B395E90.e.7830/click - {}
RESULT: {}
RESULT: {}
COMMAND: GET /session/db7e8e0bc6cb7545f5479edbe1e25c48/screenshot - {}
RESULT: {"using":"xpath","value":"//table[contains(@id, \"listView-innerSelectionPanelTable-listUl\")]/tbody/tr[22]/td[2]/div/div"}
COMMAND: POST /session/db7e8e0bc6cb7545f5479edbe1e25c48/element - {"using":"xpath","value":"//table[contains(@id, \"listView-innerSelectionPanelTable-listUl\")]/tbody/tr[22]/td[2]/div"}
RESULT: {}
RESULT: {"using":"xpath","value":"//table[contains(@id, \"listView-innerSelectionPanelTable-listUl\")]/tbody/tr[22]/td[2]/div"}
COMMAND: POST /session/db7e8e0bc6cb7545f5479edbe1e25c48/element - {"using":"xpath","value":"//table[contains(@id, \"listView-innerSelectionPanelTable-listUl\")]/tbody/tr[22]/td[3]/div/div/span/span[1]/bdi"}
RESULT: {"using":"xpath","value":"//table[contains(@id, \"listView-innerSelectionPanelTable-listUl\")]/tbody/tr[22]/td[3]/div/div/span/span[1]/bdi"}
COMMAND: POST /session/db7e8e0bc6cb7545f5479edbe1e25c48/execute/sync - {"script":"<script> [56 bytes]","args":[{"element-6066-11e4-a52e-4f735466cecf":"f.A305B2C0A529549F02C3CF63D97C7E2E.d.23FB0B82A821AA327EA86F078B395E90.e.7839","ELEMENT":"f.A305B2C0A529549F02C3CF63D97C7E2E.d.23FB0B82A821AA327EA86F078B395E90.e.7839"}]}
RESULT: {"script":"<script> [56 bytes]","args":[{"element-6066-11e4-a52e-4f735466cecf":"f.A305B2C0A529549F02C3CF63D97C7E2E.d.23FB0B82A821AA327EA86F078B395E90.e.7839","ELEMENT":"f.A305B2C0A529549F02C3CF63D97C7E2E.d.23FB0B82A821AA327EA86F078B395E90.e.7839"}]}
COMMAND: GET /session/db7e8e0bc6cb7545f5479edbe1e25c48/element/f.A305B2C0A529549F02C3CF63D97C7E2E.d.23FB0B82A821AA327EA86F078B395E90.e.7838/attribute/aria-checked - {}
COMMAND: GET /session/db7e8e0bc6cb7545f5479edbe1e25c48/screenshot - {}
RESULT: {}
COMMAND: POST /session/db7e8e0bc6cb7545f5479edbe1e25c48/element - {"using":"xpath","value":"//table[contains(@id, \"listView-innerSelectionPanelTable-listUl\")]/tbody/tr[23]/td[2]/div/div"}
RESULT: {}
RESULT: {"using":"xpath","value":"//table[contains(@id, \"listView-innerSelectionPanelTable-listUl\")]/tbody/tr[23]/td[2]/div/div"}
COMMAND: POST /session/db7e8e0bc6cb7545f5479edbe1e25c48/element - {"using":"xpath","value":"//table[contains(@id, \"listView-innerSelectionPanelTable-listUl\")]/tbody/tr[23]/td[2]/div"}
RESULT: {"using":"xpath","value":"//table[contains(@id, \"listView-innerSelectionPanelTable-listUl\")]/tbody/tr[23]/td[2]/div"}
COMMAND: POST /session/db7e8e0bc6cb7545f5479edbe1e25c48/element - {"using":"xpath","value":"//table[contains(@id, \"listView-innerSelectionPanelTable-listUl\")]/tbody/tr[23]/td[3]/div/div/span/span[1]/bdi"}
RESULT: {"using":"xpath","value":"//table[contains(@id, \"listView-innerSelectionPanelTable-listUl\")]/tbody/tr[23]/td[3]/div/div/span/span[1]/bdi"}
COMMAND: POST /session/db7e8e0bc6cb7545f5479edbe1e25c48/execute/sync - {"script":"<script> [56 bytes]","args":[{"element-6066-11e4-a52e-4f735466cecf":"f.A305B2C0A529549F02C3CF63D97C7E2E.d.23FB0B82A821AA327EA86F078B395E90.e.7842","ELEMENT":"f.A305B2C0A529549F02C3CF63D97C7E2E.d.23FB0B82A821AA327EA86F078B395E90.e.7842"}]}
RESULT: {"script":"<script> [56 bytes]","args":[{"element-6066-11e4-a52e-4f735466cecf":"f.A305B2C0A529549F02C3CF63D97C7E2E.d.23FB0B82A821AA327EA86F078B395E90.e.7842","ELEMENT":"f.A305B2C0A529549F02C3CF63D97C7E2E.d.23FB0B82A821AA327EA86F078B395E90.e.7842"}]}
COMMAND: GET /session/db7e8e0bc6cb7545f5479edbe1e25c48/element/f.A305B2C0A529549F02C3CF63D97C7E2E.d.23FB0B82A821AA327EA86F078B395E90.e.7841/attribute/aria-checked - {}
COMMAND: GET /session/db7e8e0bc6cb7545f5479edbe1e25c48/screenshot - {}
RESULT: {}
COMMAND: POST /session/db7e8e0bc6cb7545f5479edbe1e25c48/element - {"using":"xpath","value":"//table[contains(@id, \"listView-innerSelectionPanelTable-listUl\")]/tbody/tr[24]/td[2]/div/div"}
RESULT: {}
RESULT: {"using":"xpath","value":"//table[contains(@id, \"listView-innerSelectionPanelTable-listUl\")]/tbody/tr[24]/td[2]/div/div"}
COMMAND: POST /session/db7e8e0bc6cb7545f5479edbe1e25c48/element - {"using":"xpath","value":"//table[contains(@id, \"listView-innerSelectionPanelTable-listUl\")]/tbody/tr[24]/td[2]/div"}
RESULT: {"using":"xpath","value":"//table[contains(@id, \"listView-innerSelectionPanelTable-listUl\")]/tbody/tr[24]/td[2]/div"}
COMMAND: POST /session/db7e8e0bc6cb7545f5479edbe1e25c48/element - {"using":"xpath","value":"//table[contains(@id, \"listView-innerSelectionPanelTable-listUl\")]/tbody/tr[24]/td[3]/div/div/span/span[1]/bdi"}
RESULT: {"using":"xpath","value":"//table[contains(@id, \"listView-innerSelectionPanelTable-listUl\")]/tbody/tr[24]/td[3]/div/div/span/span[1]/bdi"}
COMMAND: POST /session/db7e8e0bc6cb7545f5479edbe1e25c48/execute/sync - {"script":"<script> [56 bytes]","args":[{"element-6066-11e4-a52e-4f735466cecf":"f.A305B2C0A529549F02C3CF63D97C7E2E.d.23FB0B82A821AA327EA86F078B395E90.e.7845","ELEMENT":"f.A305B2C0A529549F02C3CF63D97C7E2E.d.23FB0B82A821AA327EA86F078B395E90.e.7845"}]}
RESULT: {"script":"<script> [56 bytes]","args":[{"element-6066-11e4-a52e-4f735466cecf":"f.A305B2C0A529549F02C3CF63D97C7E2E.d.23FB0B82A821AA327EA86F078B395E90.e.7845","ELEMENT":"f.A305B2C0A529549F02C3CF63D97C7E2E.d.23FB0B82A821AA327EA86F078B395E90.e.7845"}]}
COMMAND: GET /session/db7e8e0bc6cb7545f5479edbe1e25c48/element/f.A305B2C0A529549F02C3CF63D97C7E2E.d.23FB0B82A821AA327EA86F078B395E90.e.7844/attribute/aria-checked - {}
COMMAND: GET /session/db7e8e0bc6cb7545f5479edbe1e25c48/screenshot - {}
RESULT: {}
COMMAND: POST /session/db7e8e0bc6cb7545f5479edbe1e25c48/element - {"using":"xpath","value":"//table[contains(@id, \"listView-innerSelectionPanelTable-listUl\")]/tbody/tr[25]/td[2]/div/div"}
RESULT: {}
RESULT: {"using":"xpath","value":"//table[contains(@id, \"listView-innerSelectionPanelTable-listUl\")]/tbody/tr[25]/td[2]/div/div"}
COMMAND: POST /session/db7e8e0bc6cb7545f5479edbe1e25c48/element - {"using":"xpath","value":"//table[contains(@id, \"listView-innerSelectionPanelTable-listUl\")]/tbody/tr[25]/td[2]/div"}
RESULT: {"using":"xpath","value":"//table[contains(@id, \"listView-innerSelectionPanelTable-listUl\")]/tbody/tr[25]/td[2]/div"}
COMMAND: POST /session/db7e8e0bc6cb7545f5479edbe1e25c48/element - {"using":"xpath","value":"//table[contains(@id, \"listView-innerSelectionPanelTable-listUl\")]/tbody/tr[25]/td[3]/div/div/span/span[1]/bdi"}
RESULT: {"using":"xpath","value":"//table[contains(@id, \"listView-innerSelectionPanelTable-listUl\")]/tbody/tr[25]/td[3]/div/div/span/span[1]/bdi"}
COMMAND: POST /session/db7e8e0bc6cb7545f5479edbe1e25c48/execute/sync - {"script":"<script> [56 bytes]","args":[{"element-6066-11e4-a52e-4f735466cecf":"f.A305B2C0A529549F02C3CF63D97C7E2E.d.23FB0B82A821AA327EA86F078B395E90.e.7848","ELEMENT":"f.A305B2C0A529549F02C3CF63D97C7E2E.d.23FB0B82A821AA327EA86F078B395E90.e.7848"}]}
RESULT: {"script":"<script> [56 bytes]","args":[{"element-6066-11e4-a52e-4f735466cecf":"f.A305B2C0A529549F02C3CF63D97C7E2E.d.23FB0B82A821AA327EA86F078B395E90.e.7848","ELEMENT":"f.A305B2C0A529549F02C3CF63D97C7E2E.d.23FB0B82A821AA327EA86F078B395E90.e.7848"}]}
COMMAND: GET /session/db7e8e0bc6cb7545f5479edbe1e25c48/element/f.A305B2C0A529549F02C3CF63D97C7E2E.d.23FB0B82A821AA327EA86F078B395E90.e.7847/attribute/aria-checked - {}
COMMAND: GET /session/db7e8e0bc6cb7545f5479edbe1e25c48/screenshot - {}
RESULT: {}
COMMAND: POST /session/db7e8e0bc6cb7545f5479edbe1e25c48/element - {"using":"xpath","value":"//bdi[contains(text(), \"OK\")]"}
RESULT: {}
RESULT: {"using":"xpath","value":"//bdi[contains(text(), \"OK\")]"}
COMMAND: POST /session/db7e8e0bc6cb7545f5479edbe1e25c48/element/f.A305B2C0A529549F02C3CF63D97C7E2E.d.23FB0B82A821AA327EA86F078B395E90.e.7849/click - {}
RESULT: {}
COMMAND: GET /session/db7e8e0bc6cb7545f5479edbe1e25c48/screenshot - {}
RESULT: {}
COMMAND: POST /session/db7e8e0bc6cb7545f5479edbe1e25c48/execute/async - {"script":"<script> [1562 bytes]","args":[{"selector":{"id":"application-managepartners-display-component---masterPtm--smartFilterBar-filterItemControlA_-LINK_TO_ADDRESSES_MAIN.ID-vhi"},"wdio_ui5_key":"applicationmanagepartners-display-component---masterPtm--smartFilterBar-filterItemControlA_-LINK_TO_ADDRESSES_MAIN.ID-vhi"}]}
RESULT: {"script":"<script> [1562 bytes]","args":[{"selector":{"id":"application-managepartners-display-component---masterPtm--smartFilterBar-filterItemControlA_-LINK_TO_ADDRESSES_MAIN.ID-vhi"},"wdio_ui5_key":"applicationmanagepartners-display-component---masterPtm--smartFilterBar-filterItemControlA_-LINK_TO_ADDRESSES_MAIN.ID-vhi"}]}
RESULT: undefined
COMMAND: POST /session/db7e8e0bc6cb7545f5479edbe1e25c48/element - {"using":"xpath","value":"//*[@id=\"application-managepartners-display-component---masterPtm--smartFilterBar-filterItemControlA_-LINK_TO_ADDRESSES_MAIN.ID-vhi\"]"}
RESULT: {"using":"xpath","value":"//*[@id=\"application-managepartners-display-component---masterPtm--smartFilterBar-filterItemControlA_-LINK_TO_ADDRESSES_MAIN.ID-vhi\"]"}
COMMAND: POST /session/db7e8e0bc6cb7545f5479edbe1e25c48/element/f.A305B2C0A529549F02C3CF63D97C7E2E.d.23FB0B82A821AA327EA86F078B395E90.e.7862/click - {}
RESULT: {}
COMMAND: GET /session/db7e8e0bc6cb7545f5479edbe1e25c48/screenshot - {}
RESULT: {}
COMMAND: POST /session/db7e8e0bc6cb7545f5479edbe1e25c48/execute/async - {"script":"<script> [1562 bytes]","args":[{"selector":{"controlType":"sap.ui.core.Icon","viewName":"etm.portal.ui.managepartners.view.Master","viewId":"application-managepartners-display-component---masterPtm","properties":{"src":{"regex":{"source":"slim\\-arrow\\-down"}}},"searchOpenDialogs":true},"wdio_ui5_key":"etmportal.ui.managepartners.view.Mastersap.ui.core.Icon{\"src\":{\"regex\":{\"source\":\"slim\\\\-arrow\\\\-down\"}}}"}]}
RESULT: {"script":"<script> [1562 bytes]","args":[{"selector":{"controlType":"sap.ui.core.Icon","viewName":"etm.portal.ui.managepartners.view.Master","viewId":"application-managepartners-display-component---masterPtm","properties":{"src":{"regex":{"source":"slim\\-arrow\\-down"}}},"searchOpenDialogs":true},"wdio_ui5_key":"etmportal.ui.managepartners.view.Mastersap.ui.core.Icon{\"src\":{\"regex\":{\"source\":\"slim\\\\-arrow\\\\-down\"}}}"}]}
RESULT: undefined
COMMAND: POST /session/db7e8e0bc6cb7545f5479edbe1e25c48/element - {"using":"xpath","value":"//*[@id=\"__box77-arrow\"]"}
RESULT: {"using":"xpath","value":"//*[@id=\"__box77-arrow\"]"}
COMMAND: POST /session/db7e8e0bc6cb7545f5479edbe1e25c48/element/f.A305B2C0A529549F02C3CF63D97C7E2E.d.23FB0B82A821AA327EA86F078B395E90.e.7867/click - {}
RESULT: {}
COMMAND: GET /session/db7e8e0bc6cb7545f5479edbe1e25c48/screenshot - {}
RESULT: {}
COMMAND: POST /session/db7e8e0bc6cb7545f5479edbe1e25c48/element - {"using":"xpath","value":"//li[.//span[text()='equal to']]"}
RESULT: {"using":"xpath","value":"//li[.//span[text()='equal to']]"}
COMMAND: POST /session/db7e8e0bc6cb7545f5479edbe1e25c48/element/f.A305B2C0A529549F02C3CF63D97C7E2E.d.23FB0B82A821AA327EA86F078B395E90.e.7868/click - {}
RESULT: {}
COMMAND: GET /session/db7e8e0bc6cb7545f5479edbe1e25c48/screenshot - {}
RESULT: {}
RESULT: undefined
COMMAND: POST /session/db7e8e0bc6cb7545f5479edbe1e25c48/execute/async - {"script":"<script> [776 bytes]","args":[{"enterText":"1006","selector":{"controlType":"sap.m.Input","viewName":"etm.portal.ui.managepartners.view.Master","viewId":"application-managepartners-display-component---masterPtm","properties":{"valueState":"None"},"searchOpenDialogs":true,"interaction":{"idSuffix":"inner"}},"clearTextFirst":true,"interactionType":"ENTER_TEXT"}]}
RESULT: {"script":"<script> [776 bytes]","args":[{"enterText":"1006","selector":{"controlType":"sap.m.Input","viewName":"etm.portal.ui.managepartners.view.Master","viewId":"application-managepartners-display-component---masterPtm","properties":{"valueState":"None"},"searchOpenDialogs":true,"interaction":{"idSuffix":"inner"}},"clearTextFirst":true,"interactionType":"ENTER_TEXT"}]}
COMMAND: POST /session/db7e8e0bc6cb7545f5479edbe1e25c48/actions - {"actions":[{"id":"action22","type":"key","parameters":{},"actions":[{"type":"keyDown","value":""},{"type":"pause","duration":10},{"type":"keyUp","value":""}]}]}
RESULT: {"actions":[{"id":"action22","type":"key","parameters":{},"actions":[{"type":"keyDown","value":""},{"type":"pause","duration":10},{"type":"keyUp","value":""}]}]}
COMMAND: GET /session/db7e8e0bc6cb7545f5479edbe1e25c48/screenshot - {}
RESULT: {}
COMMAND: POST /session/db7e8e0bc6cb7545f5479edbe1e25c48/element - {"using":"xpath","value":"(//bdi[contains(text(), \"OK\")])[1]"}
RESULT: {"using":"xpath","value":"(//bdi[contains(text(), \"OK\")])[1]"}
COMMAND: POST /session/db7e8e0bc6cb7545f5479edbe1e25c48/element/f.A305B2C0A529549F02C3CF63D97C7E2E.d.23FB0B82A821AA327EA86F078B395E90.e.7869/click - {}
RESULT: {}
COMMAND: GET /session/db7e8e0bc6cb7545f5479edbe1e25c48/screenshot - {}
RESULT: {}
COMMAND: POST /session/db7e8e0bc6cb7545f5479edbe1e25c48/element - {"using":"xpath","value":"//span[@id=\"application-managepartners-display-component---masterPtm--smartTable-header-inner\"]"}
RESULT: {"using":"xpath","value":"//span[@id=\"application-managepartners-display-component---masterPtm--smartTable-header-inner\"]"}
COMMAND: POST /session/db7e8e0bc6cb7545f5479edbe1e25c48/elements - {"using":"xpath","value":"//span[@id=\"application-managepartners-display-component---masterPtm--smartTable-header-inner\"]"}
RESULT: {"using":"xpath","value":"//span[@id=\"application-managepartners-display-component---masterPtm--smartTable-header-inner\"]"}
COMMAND: POST /session/db7e8e0bc6cb7545f5479edbe1e25c48/execute/sync - {"script":"<script> [56 bytes]","args":[{"element-6066-11e4-a52e-4f735466cecf":"f.A305B2C0A529549F02C3CF63D97C7E2E.d.23FB0B82A821AA327EA86F078B395E90.e.7707","ELEMENT":"f.A305B2C0A529549F02C3CF63D97C7E2E.d.23FB0B82A821AA327EA86F078B395E90.e.7707"}]}
RESULT: {"script":"<script> [56 bytes]","args":[{"element-6066-11e4-a52e-4f735466cecf":"f.A305B2C0A529549F02C3CF63D97C7E2E.d.23FB0B82A821AA327EA86F078B395E90.e.7707","ELEMENT":"f.A305B2C0A529549F02C3CF63D97C7E2E.d.23FB0B82A821AA327EA86F078B395E90.e.7707"}]}
COMMAND: POST /session/db7e8e0bc6cb7545f5479edbe1e25c48/element - {"using":"xpath","value":"//span[contains(@title, \"Remove\")]"}
COMMAND: GET /session/db7e8e0bc6cb7545f5479edbe1e25c48/screenshot - {}
RESULT: {"using":"xpath","value":"//span[contains(@title, \"Remove\")]"}
COMMAND: POST /session/db7e8e0bc6cb7545f5479edbe1e25c48/element/f.A305B2C0A529549F02C3CF63D97C7E2E.d.23FB0B82A821AA327EA86F078B395E90.e.7880/click - {}
RESULT: {}
RESULT: {}
COMMAND: GET /session/db7e8e0bc6cb7545f5479edbe1e25c48/screenshot - {}
RESULT: {}
RESULT: undefined
COMMAND: POST /session/db7e8e0bc6cb7545f5479edbe1e25c48/element - {"using":"xpath","value":"//*[@id=\"application-managepartners-display-component---masterPtm--smartFilterBar-filterItemControl_BASIC-YARD-vhi\"]"}
RESULT: {"using":"xpath","value":"//*[@id=\"application-managepartners-display-component---masterPtm--smartFilterBar-filterItemControl_BASIC-YARD-vhi\"]"}
COMMAND: POST /session/db7e8e0bc6cb7545f5479edbe1e25c48/element/f.A305B2C0A529549F02C3CF63D97C7E2E.d.23FB0B82A821AA327EA86F078B395E90.e.7986/click - {}
RESULT: {}
COMMAND: GET /session/db7e8e0bc6cb7545f5479edbe1e25c48/screenshot - {}
RESULT: {}
RESULT: undefined
COMMAND: POST /session/db7e8e0bc6cb7545f5479edbe1e25c48/execute/async - {"script":"<script> [776 bytes]","args":[{"enterText":"Test","selector":{"id":"application-managepartners-display-component---masterPtm--smartFilterBar-filterItemControl_BASIC-YARD-valueHelpDialog-smartFilterBar-btnBasicSearch","searchOpenDialogs":true,"interaction":{"idSuffix":"I"}},"clearTextFirst":true,"interactionType":"ENTER_TEXT"}]}
RESULT: {"script":"<script> [776 bytes]","args":[{"enterText":"Test","selector":{"id":"application-managepartners-display-component---masterPtm--smartFilterBar-filterItemControl_BASIC-YARD-valueHelpDialog-smartFilterBar-btnBasicSearch","searchOpenDialogs":true,"interaction":{"idSuffix":"I"}},"clearTextFirst":true,"interactionType":"ENTER_TEXT"}]}
COMMAND: POST /session/db7e8e0bc6cb7545f5479edbe1e25c48/actions - {"actions":[{"id":"action23","type":"key","parameters":{},"actions":[{"type":"keyDown","value":""},{"type":"pause","duration":10},{"type":"keyUp","value":""}]}]}
RESULT: {"actions":[{"id":"action23","type":"key","parameters":{},"actions":[{"type":"keyDown","value":""},{"type":"pause","duration":10},{"type":"keyUp","value":""}]}]}
COMMAND: POST /session/db7e8e0bc6cb7545f5479edbe1e25c48/elements - {"using":"xpath","value":"//table[contains(@id, \"smartFilterBar-filterItemControl_BASIC-YARD-valueHelpDialog-table-table\")]/tbody/tr"}
COMMAND: GET /session/db7e8e0bc6cb7545f5479edbe1e25c48/screenshot - {}
RESULT: {"using":"xpath","value":"//table[contains(@id, \"smartFilterBar-filterItemControl_BASIC-YARD-valueHelpDialog-table-table\")]/tbody/tr"}
COMMAND: POST /session/db7e8e0bc6cb7545f5479edbe1e25c48/element - {"using":"xpath","value":"//table[contains(@id, \"smartFilterBar-filterItemControl_BASIC-YARD-valueHelpDialog-table-table\")]/tbody/tr[1]/td[1]/div/span"}
RESULT: {}
RESULT: {"using":"xpath","value":"//table[contains(@id, \"smartFilterBar-filterItemControl_BASIC-YARD-valueHelpDialog-table-table\")]/tbody/tr[1]/td[1]/div/span"}
COMMAND: POST /session/db7e8e0bc6cb7545f5479edbe1e25c48/elements - {"using":"xpath","value":"//table[contains(@id, \"smartFilterBar-filterItemControl_BASIC-YARD-valueHelpDialog-table-table\")]/tbody/tr[1]/td[1]/div/span"}
RESULT: {"using":"xpath","value":"//table[contains(@id, \"smartFilterBar-filterItemControl_BASIC-YARD-valueHelpDialog-table-table\")]/tbody/tr[1]/td[1]/div/span"}
COMMAND: POST /session/db7e8e0bc6cb7545f5479edbe1e25c48/execute/sync - {"script":"<script> [56 bytes]","args":[{"element-6066-11e4-a52e-4f735466cecf":"f.A305B2C0A529549F02C3CF63D97C7E2E.d.23FB0B82A821AA327EA86F078B395E90.e.8007","ELEMENT":"f.A305B2C0A529549F02C3CF63D97C7E2E.d.23FB0B82A821AA327EA86F078B395E90.e.8007"}]}
RESULT: {"script":"<script> [56 bytes]","args":[{"element-6066-11e4-a52e-4f735466cecf":"f.A305B2C0A529549F02C3CF63D97C7E2E.d.23FB0B82A821AA327EA86F078B395E90.e.8007","ELEMENT":"f.A305B2C0A529549F02C3CF63D97C7E2E.d.23FB0B82A821AA327EA86F078B395E90.e.8007"}]}
COMMAND: POST /session/db7e8e0bc6cb7545f5479edbe1e25c48/element - {"using":"xpath","value":"//table[contains(@id, \"smartFilterBar-filterItemControl_BASIC-YARD-valueHelpDialog-table-table\")]/tbody/tr[2]/td[1]/div/span"}
COMMAND: GET /session/db7e8e0bc6cb7545f5479edbe1e25c48/screenshot - {}
RESULT: {"using":"xpath","value":"//table[contains(@id, \"smartFilterBar-filterItemControl_BASIC-YARD-valueHelpDialog-table-table\")]/tbody/tr[2]/td[1]/div/span"}
COMMAND: POST /session/db7e8e0bc6cb7545f5479edbe1e25c48/elements - {"using":"xpath","value":"//table[contains(@id, \"smartFilterBar-filterItemControl_BASIC-YARD-valueHelpDialog-table-table\")]/tbody/tr[2]/td[1]/div/span"}
RESULT: {}
RESULT: {"using":"xpath","value":"//table[contains(@id, \"smartFilterBar-filterItemControl_BASIC-YARD-valueHelpDialog-table-table\")]/tbody/tr[2]/td[1]/div/span"}
COMMAND: POST /session/db7e8e0bc6cb7545f5479edbe1e25c48/execute/sync - {"script":"<script> [56 bytes]","args":[{"element-6066-11e4-a52e-4f735466cecf":"f.A305B2C0A529549F02C3CF63D97C7E2E.d.23FB0B82A821AA327EA86F078B395E90.e.8008","ELEMENT":"f.A305B2C0A529549F02C3CF63D97C7E2E.d.23FB0B82A821AA327EA86F078B395E90.e.8008"}]}
RESULT: {"script":"<script> [56 bytes]","args":[{"element-6066-11e4-a52e-4f735466cecf":"f.A305B2C0A529549F02C3CF63D97C7E2E.d.23FB0B82A821AA327EA86F078B395E90.e.8008","ELEMENT":"f.A305B2C0A529549F02C3CF63D97C7E2E.d.23FB0B82A821AA327EA86F078B395E90.e.8008"}]}
COMMAND: POST /session/db7e8e0bc6cb7545f5479edbe1e25c48/element - {"using":"xpath","value":"//table[contains(@id, \"smartFilterBar-filterItemControl_BASIC-YARD-valueHelpDialog-table-table\")]/tbody/tr[3]/td[1]/div/span"}
COMMAND: GET /session/db7e8e0bc6cb7545f5479edbe1e25c48/screenshot - {}
RESULT: {"using":"xpath","value":"//table[contains(@id, \"smartFilterBar-filterItemControl_BASIC-YARD-valueHelpDialog-table-table\")]/tbody/tr[3]/td[1]/div/span"}
COMMAND: POST /session/db7e8e0bc6cb7545f5479edbe1e25c48/elements - {"using":"xpath","value":"//table[contains(@id, \"smartFilterBar-filterItemControl_BASIC-YARD-valueHelpDialog-table-table\")]/tbody/tr[3]/td[1]/div/span"}
RESULT: {}
RESULT: {"using":"xpath","value":"//table[contains(@id, \"smartFilterBar-filterItemControl_BASIC-YARD-valueHelpDialog-table-table\")]/tbody/tr[3]/td[1]/div/span"}
COMMAND: POST /session/db7e8e0bc6cb7545f5479edbe1e25c48/execute/sync - {"script":"<script> [56 bytes]","args":[{"element-6066-11e4-a52e-4f735466cecf":"f.A305B2C0A529549F02C3CF63D97C7E2E.d.23FB0B82A821AA327EA86F078B395E90.e.8009","ELEMENT":"f.A305B2C0A529549F02C3CF63D97C7E2E.d.23FB0B82A821AA327EA86F078B395E90.e.8009"}]}
RESULT: {"script":"<script> [56 bytes]","args":[{"element-6066-11e4-a52e-4f735466cecf":"f.A305B2C0A529549F02C3CF63D97C7E2E.d.23FB0B82A821AA327EA86F078B395E90.e.8009","ELEMENT":"f.A305B2C0A529549F02C3CF63D97C7E2E.d.23FB0B82A821AA327EA86F078B395E90.e.8009"}]}
COMMAND: POST /session/db7e8e0bc6cb7545f5479edbe1e25c48/element - {"using":"xpath","value":"//div[contains(@id, \"filterItemControl_BASIC-YARD-valueHelpDialog-table-rowsel2\")]"}
COMMAND: GET /session/db7e8e0bc6cb7545f5479edbe1e25c48/screenshot - {}
RESULT: {"using":"xpath","value":"//div[contains(@id, \"filterItemControl_BASIC-YARD-valueHelpDialog-table-rowsel2\")]"}
COMMAND: POST /session/db7e8e0bc6cb7545f5479edbe1e25c48/element/f.A305B2C0A529549F02C3CF63D97C7E2E.d.23FB0B82A821AA327EA86F078B395E90.e.8010/click - {}
RESULT: {}
RESULT: {}
COMMAND: GET /session/db7e8e0bc6cb7545f5479edbe1e25c48/screenshot - {}
RESULT: {}
COMMAND: POST /session/db7e8e0bc6cb7545f5479edbe1e25c48/element - {"using":"xpath","value":"(//bdi[contains(text(), \"OK\")])[1]"}
RESULT: {"using":"xpath","value":"(//bdi[contains(text(), \"OK\")])[1]"}
COMMAND: POST /session/db7e8e0bc6cb7545f5479edbe1e25c48/element/f.A305B2C0A529549F02C3CF63D97C7E2E.d.23FB0B82A821AA327EA86F078B395E90.e.8012/click - {}
RESULT: {}
COMMAND: GET /session/db7e8e0bc6cb7545f5479edbe1e25c48/screenshot - {}
RESULT: {}
COMMAND: POST /session/db7e8e0bc6cb7545f5479edbe1e25c48/element - {"using":"xpath","value":"//span[@id=\"application-managepartners-display-component---masterPtm--smartTable-header-inner\"]"}
RESULT: {"using":"xpath","value":"//span[@id=\"application-managepartners-display-component---masterPtm--smartTable-header-inner\"]"}
COMMAND: POST /session/db7e8e0bc6cb7545f5479edbe1e25c48/elements - {"using":"xpath","value":"//span[@id=\"application-managepartners-display-component---masterPtm--smartTable-header-inner\"]"}
RESULT: {"using":"xpath","value":"//span[@id=\"application-managepartners-display-component---masterPtm--smartTable-header-inner\"]"}
COMMAND: POST /session/db7e8e0bc6cb7545f5479edbe1e25c48/execute/sync - {"script":"<script> [56 bytes]","args":[{"element-6066-11e4-a52e-4f735466cecf":"f.A305B2C0A529549F02C3CF63D97C7E2E.d.23FB0B82A821AA327EA86F078B395E90.e.7707","ELEMENT":"f.A305B2C0A529549F02C3CF63D97C7E2E.d.23FB0B82A821AA327EA86F078B395E90.e.7707"}]}
RESULT: {"script":"<script> [56 bytes]","args":[{"element-6066-11e4-a52e-4f735466cecf":"f.A305B2C0A529549F02C3CF63D97C7E2E.d.23FB0B82A821AA327EA86F078B395E90.e.7707","ELEMENT":"f.A305B2C0A529549F02C3CF63D97C7E2E.d.23FB0B82A821AA327EA86F078B395E90.e.7707"}]}
COMMAND: POST /session/db7e8e0bc6cb7545f5479edbe1e25c48/element - {"using":"xpath","value":"//span[contains(@title, \"Remove\")]"}
COMMAND: GET /session/db7e8e0bc6cb7545f5479edbe1e25c48/screenshot - {}
RESULT: {"using":"xpath","value":"//span[contains(@title, \"Remove\")]"}
COMMAND: POST /session/db7e8e0bc6cb7545f5479edbe1e25c48/element/f.A305B2C0A529549F02C3CF63D97C7E2E.d.23FB0B82A821AA327EA86F078B395E90.e.8025/click - {}
RESULT: {}
RESULT: {}
COMMAND: GET /session/db7e8e0bc6cb7545f5479edbe1e25c48/screenshot - {}
RESULT: undefined
COMMAND: POST /session/db7e8e0bc6cb7545f5479edbe1e25c48/element - {"using":"xpath","value":"//*[@id=\"application-managepartners-display-component---masterPtm--smartFilterBar-filterItemControl_BASIC-MAIN_ADDRESS-vhi\"]"}
RESULT: {}
RESULT: {"using":"xpath","value":"//*[@id=\"application-managepartners-display-component---masterPtm--smartFilterBar-filterItemControl_BASIC-MAIN_ADDRESS-vhi\"]"}
COMMAND: POST /session/db7e8e0bc6cb7545f5479edbe1e25c48/element/f.A305B2C0A529549F02C3CF63D97C7E2E.d.23FB0B82A821AA327EA86F078B395E90.e.8129/click - {}
RESULT: {}
COMMAND: GET /session/db7e8e0bc6cb7545f5479edbe1e25c48/screenshot - {}
RESULT: {}
RESULT: undefined
COMMAND: POST /session/db7e8e0bc6cb7545f5479edbe1e25c48/execute/async - {"script":"<script> [776 bytes]","args":[{"enterText":"Romania","selector":{"id":"application-managepartners-display-component---masterPtm--smartFilterBar-filterItemControl_BASIC-MAIN_ADDRESS-valueHelpDialog-smartFilterBar-btnBasicSearch","searchOpenDialogs":true,"interaction":{"idSuffix":"I"}},"clearTextFirst":true,"interactionType":"ENTER_TEXT"}]}
RESULT: {"script":"<script> [776 bytes]","args":[{"enterText":"Romania","selector":{"id":"application-managepartners-display-component---masterPtm--smartFilterBar-filterItemControl_BASIC-MAIN_ADDRESS-valueHelpDialog-smartFilterBar-btnBasicSearch","searchOpenDialogs":true,"interaction":{"idSuffix":"I"}},"clearTextFirst":true,"interactionType":"ENTER_TEXT"}]}
COMMAND: POST /session/db7e8e0bc6cb7545f5479edbe1e25c48/actions - {"actions":[{"id":"action24","type":"key","parameters":{},"actions":[{"type":"keyDown","value":""},{"type":"pause","duration":10},{"type":"keyUp","value":""}]}]}
RESULT: {"actions":[{"id":"action24","type":"key","parameters":{},"actions":[{"type":"keyDown","value":""},{"type":"pause","duration":10},{"type":"keyUp","value":""}]}]}
COMMAND: POST /session/db7e8e0bc6cb7545f5479edbe1e25c48/elements - {"using":"xpath","value":"//table[contains(@id, \"smartFilterBar-filterItemControl_BASIC-MAIN_ADDRESS-valueHelpDialog-table-table\")]/tbody/tr"}
COMMAND: GET /session/db7e8e0bc6cb7545f5479edbe1e25c48/screenshot - {}
RESULT: {"using":"xpath","value":"//table[contains(@id, \"smartFilterBar-filterItemControl_BASIC-MAIN_ADDRESS-valueHelpDialog-table-table\")]/tbody/tr"}
COMMAND: POST /session/db7e8e0bc6cb7545f5479edbe1e25c48/element - {"using":"xpath","value":"//table[contains(@id, \"smartFilterBar-filterItemControl_BASIC-MAIN_ADDRESS-valueHelpDialog-table-table\")]/tbody/tr[1]/td[1]/div/span"}
RESULT: {}
RESULT: {"using":"xpath","value":"//table[contains(@id, \"smartFilterBar-filterItemControl_BASIC-MAIN_ADDRESS-valueHelpDialog-table-table\")]/tbody/tr[1]/td[1]/div/span"}
COMMAND: POST /session/db7e8e0bc6cb7545f5479edbe1e25c48/elements - {"using":"xpath","value":"//table[contains(@id, \"smartFilterBar-filterItemControl_BASIC-MAIN_ADDRESS-valueHelpDialog-table-table\")]/tbody/tr[1]/td[1]/div/span"}
RESULT: {"using":"xpath","value":"//table[contains(@id, \"smartFilterBar-filterItemControl_BASIC-MAIN_ADDRESS-valueHelpDialog-table-table\")]/tbody/tr[1]/td[1]/div/span"}
COMMAND: POST /session/db7e8e0bc6cb7545f5479edbe1e25c48/execute/sync - {"script":"<script> [56 bytes]","args":[{"element-6066-11e4-a52e-4f735466cecf":"f.A305B2C0A529549F02C3CF63D97C7E2E.d.23FB0B82A821AA327EA86F078B395E90.e.8150","ELEMENT":"f.A305B2C0A529549F02C3CF63D97C7E2E.d.23FB0B82A821AA327EA86F078B395E90.e.8150"}]}
RESULT: {"script":"<script> [56 bytes]","args":[{"element-6066-11e4-a52e-4f735466cecf":"f.A305B2C0A529549F02C3CF63D97C7E2E.d.23FB0B82A821AA327EA86F078B395E90.e.8150","ELEMENT":"f.A305B2C0A529549F02C3CF63D97C7E2E.d.23FB0B82A821AA327EA86F078B395E90.e.8150"}]}
COMMAND: POST /session/db7e8e0bc6cb7545f5479edbe1e25c48/element - {"using":"xpath","value":"//div[contains(@id, \"filterItemControl_BASIC-MAIN_ADDRESS-valueHelpDialog-table-rowsel0\")]"}
COMMAND: GET /session/db7e8e0bc6cb7545f5479edbe1e25c48/screenshot - {}
RESULT: {"using":"xpath","value":"//div[contains(@id, \"filterItemControl_BASIC-MAIN_ADDRESS-valueHelpDialog-table-rowsel0\")]"}
COMMAND: POST /session/db7e8e0bc6cb7545f5479edbe1e25c48/element/f.A305B2C0A529549F02C3CF63D97C7E2E.d.23FB0B82A821AA327EA86F078B395E90.e.8151/click - {}
RESULT: {}
RESULT: {}
COMMAND: GET /session/db7e8e0bc6cb7545f5479edbe1e25c48/screenshot - {}
RESULT: {}
COMMAND: POST /session/db7e8e0bc6cb7545f5479edbe1e25c48/element - {"using":"xpath","value":"(//bdi[contains(text(), \"OK\")])[1]"}
RESULT: {"using":"xpath","value":"(//bdi[contains(text(), \"OK\")])[1]"}
COMMAND: POST /session/db7e8e0bc6cb7545f5479edbe1e25c48/element/f.A305B2C0A529549F02C3CF63D97C7E2E.d.23FB0B82A821AA327EA86F078B395E90.e.8153/click - {}
RESULT: {}
COMMAND: GET /session/db7e8e0bc6cb7545f5479edbe1e25c48/screenshot - {}
RESULT: {}
COMMAND: POST /session/db7e8e0bc6cb7545f5479edbe1e25c48/element - {"using":"xpath","value":"//span[@id=\"application-managepartners-display-component---masterPtm--smartTable-header-inner\"]"}
RESULT: {"using":"xpath","value":"//span[@id=\"application-managepartners-display-component---masterPtm--smartTable-header-inner\"]"}
COMMAND: POST /session/db7e8e0bc6cb7545f5479edbe1e25c48/elements - {"using":"xpath","value":"//span[@id=\"application-managepartners-display-component---masterPtm--smartTable-header-inner\"]"}
RESULT: {"using":"xpath","value":"//span[@id=\"application-managepartners-display-component---masterPtm--smartTable-header-inner\"]"}
COMMAND: POST /session/db7e8e0bc6cb7545f5479edbe1e25c48/execute/sync - {"script":"<script> [56 bytes]","args":[{"element-6066-11e4-a52e-4f735466cecf":"f.A305B2C0A529549F02C3CF63D97C7E2E.d.23FB0B82A821AA327EA86F078B395E90.e.7707","ELEMENT":"f.A305B2C0A529549F02C3CF63D97C7E2E.d.23FB0B82A821AA327EA86F078B395E90.e.7707"}]}
RESULT: {"script":"<script> [56 bytes]","args":[{"element-6066-11e4-a52e-4f735466cecf":"f.A305B2C0A529549F02C3CF63D97C7E2E.d.23FB0B82A821AA327EA86F078B395E90.e.7707","ELEMENT":"f.A305B2C0A529549F02C3CF63D97C7E2E.d.23FB0B82A821AA327EA86F078B395E90.e.7707"}]}
COMMAND: POST /session/db7e8e0bc6cb7545f5479edbe1e25c48/element - {"using":"xpath","value":"//span[contains(@title, \"Remove\")]"}
COMMAND: GET /session/db7e8e0bc6cb7545f5479edbe1e25c48/screenshot - {}
RESULT: {"using":"xpath","value":"//span[contains(@title, \"Remove\")]"}
COMMAND: POST /session/db7e8e0bc6cb7545f5479edbe1e25c48/element/f.A305B2C0A529549F02C3CF63D97C7E2E.d.23FB0B82A821AA327EA86F078B395E90.e.8166/click - {}
RESULT: {}
RESULT: {}
COMMAND: GET /session/db7e8e0bc6cb7545f5479edbe1e25c48/screenshot - {}
RESULT: {}
COMMAND: POST /session/db7e8e0bc6cb7545f5479edbe1e25c48/execute/async - {"script":"<script> [1562 bytes]","args":[{"selector":{"id":"application-managepartners-display-component---masterPtm--catalogs-arrow"},"wdio_ui5_key":"applicationmanagepartners-display-component---masterPtm--catalogs-arrow"}]}
RESULT: {"script":"<script> [1562 bytes]","args":[{"selector":{"id":"application-managepartners-display-component---masterPtm--catalogs-arrow"},"wdio_ui5_key":"applicationmanagepartners-display-component---masterPtm--catalogs-arrow"}]}
RESULT: undefined
COMMAND: POST /session/db7e8e0bc6cb7545f5479edbe1e25c48/element - {"using":"xpath","value":"//*[@id=\"application-managepartners-display-component---masterPtm--catalogs-arrow\"]"}
RESULT: {"using":"xpath","value":"//*[@id=\"application-managepartners-display-component---masterPtm--catalogs-arrow\"]"}
COMMAND: POST /session/db7e8e0bc6cb7545f5479edbe1e25c48/element/f.A305B2C0A529549F02C3CF63D97C7E2E.d.23FB0B82A821AA327EA86F078B395E90.e.8273/click - {}
RESULT: {}
COMMAND: GET /session/db7e8e0bc6cb7545f5479edbe1e25c48/screenshot - {}
RESULT: {}
COMMAND: POST /session/db7e8e0bc6cb7545f5479edbe1e25c48/element - {"using":"xpath","value":"//li[.//span[text()=\"Webshop Catalog\"]]//div[contains(@class,\"sapMCbBg\")]"}
RESULT: {"using":"xpath","value":"//li[.//span[text()=\"Webshop Catalog\"]]//div[contains(@class,\"sapMCbBg\")]"}
COMMAND: POST /session/db7e8e0bc6cb7545f5479edbe1e25c48/element/f.A305B2C0A529549F02C3CF63D97C7E2E.d.23FB0B82A821AA327EA86F078B395E90.e.8285/click - {}
RESULT: {}
COMMAND: GET /session/db7e8e0bc6cb7545f5479edbe1e25c48/screenshot - {}
RESULT: {}
RESULT: undefined
COMMAND: POST /session/db7e8e0bc6cb7545f5479edbe1e25c48/element - {"using":"xpath","value":"//*[@id=\"application-managepartners-display-component---masterPtm--catalogs-arrow\"]"}
RESULT: {"using":"xpath","value":"//*[@id=\"application-managepartners-display-component---masterPtm--catalogs-arrow\"]"}
COMMAND: POST /session/db7e8e0bc6cb7545f5479edbe1e25c48/element/f.A305B2C0A529549F02C3CF63D97C7E2E.d.23FB0B82A821AA327EA86F078B395E90.e.8273/click - {}
RESULT: {}
COMMAND: POST /session/db7e8e0bc6cb7545f5479edbe1e25c48/element - {"using":"xpath","value":"//span[@id=\"application-managepartners-display-component---masterPtm--smartTable-header-inner\"]"}
COMMAND: GET /session/db7e8e0bc6cb7545f5479edbe1e25c48/screenshot - {}
RESULT: {"using":"xpath","value":"//span[@id=\"application-managepartners-display-component---masterPtm--smartTable-header-inner\"]"}
COMMAND: POST /session/db7e8e0bc6cb7545f5479edbe1e25c48/elements - {"using":"xpath","value":"//span[@id=\"application-managepartners-display-component---masterPtm--smartTable-header-inner\"]"}
RESULT: {}
RESULT: {"using":"xpath","value":"//span[@id=\"application-managepartners-display-component---masterPtm--smartTable-header-inner\"]"}
COMMAND: POST /session/db7e8e0bc6cb7545f5479edbe1e25c48/execute/sync - {"script":"<script> [56 bytes]","args":[{"element-6066-11e4-a52e-4f735466cecf":"f.A305B2C0A529549F02C3CF63D97C7E2E.d.23FB0B82A821AA327EA86F078B395E90.e.7707","ELEMENT":"f.A305B2C0A529549F02C3CF63D97C7E2E.d.23FB0B82A821AA327EA86F078B395E90.e.7707"}]}
RESULT: {"script":"<script> [56 bytes]","args":[{"element-6066-11e4-a52e-4f735466cecf":"f.A305B2C0A529549F02C3CF63D97C7E2E.d.23FB0B82A821AA327EA86F078B395E90.e.7707","ELEMENT":"f.A305B2C0A529549F02C3CF63D97C7E2E.d.23FB0B82A821AA327EA86F078B395E90.e.7707"}]}
COMMAND: POST /session/db7e8e0bc6cb7545f5479edbe1e25c48/element - {"using":"xpath","value":"//span[contains(@title, \"Remove\")]"}
COMMAND: GET /session/db7e8e0bc6cb7545f5479edbe1e25c48/screenshot - {}
RESULT: {"using":"xpath","value":"//span[contains(@title, \"Remove\")]"}
COMMAND: POST /session/db7e8e0bc6cb7545f5479edbe1e25c48/element/f.A305B2C0A529549F02C3CF63D97C7E2E.d.23FB0B82A821AA327EA86F078B395E90.e.8308/click - {}
RESULT: {}
RESULT: {}
COMMAND: GET /session/db7e8e0bc6cb7545f5479edbe1e25c48/screenshot - {}
RESULT: {}
COMMAND: POST /session/db7e8e0bc6cb7545f5479edbe1e25c48/execute/async - {"script":"<script> [1562 bytes]","args":[{"selector":{"id":"application-managepartners-display-component---masterPtm--currencies-arrow"},"wdio_ui5_key":"applicationmanagepartners-display-component---masterPtm--currencies-arrow"}]}
RESULT: {"script":"<script> [1562 bytes]","args":[{"selector":{"id":"application-managepartners-display-component---masterPtm--currencies-arrow"},"wdio_ui5_key":"applicationmanagepartners-display-component---masterPtm--currencies-arrow"}]}
RESULT: undefined
COMMAND: POST /session/db7e8e0bc6cb7545f5479edbe1e25c48/element - {"using":"xpath","value":"//*[@id=\"application-managepartners-display-component---masterPtm--currencies-arrow\"]"}
RESULT: {"using":"xpath","value":"//*[@id=\"application-managepartners-display-component---masterPtm--currencies-arrow\"]"}
COMMAND: POST /session/db7e8e0bc6cb7545f5479edbe1e25c48/element/f.A305B2C0A529549F02C3CF63D97C7E2E.d.23FB0B82A821AA327EA86F078B395E90.e.8422/click - {}
RESULT: {}
COMMAND: GET /session/db7e8e0bc6cb7545f5479edbe1e25c48/screenshot - {}
RESULT: {}
COMMAND: POST /session/db7e8e0bc6cb7545f5479edbe1e25c48/element - {"using":"xpath","value":"//li[.//span[text()=\"US Dollar\"]]//div[contains(@class,\"sapMCbBg\")]"}
RESULT: {"using":"xpath","value":"//li[.//span[text()=\"US Dollar\"]]//div[contains(@class,\"sapMCbBg\")]"}
COMMAND: POST /session/db7e8e0bc6cb7545f5479edbe1e25c48/element/f.A305B2C0A529549F02C3CF63D97C7E2E.d.23FB0B82A821AA327EA86F078B395E90.e.8427/click - {}
RESULT: {}
COMMAND: GET /session/db7e8e0bc6cb7545f5479edbe1e25c48/screenshot - {}
RESULT: {}
RESULT: undefined
COMMAND: POST /session/db7e8e0bc6cb7545f5479edbe1e25c48/element - {"using":"xpath","value":"//*[@id=\"application-managepartners-display-component---masterPtm--currencies-arrow\"]"}
RESULT: {"using":"xpath","value":"//*[@id=\"application-managepartners-display-component---masterPtm--currencies-arrow\"]"}
COMMAND: POST /session/db7e8e0bc6cb7545f5479edbe1e25c48/element/f.A305B2C0A529549F02C3CF63D97C7E2E.d.23FB0B82A821AA327EA86F078B395E90.e.8422/click - {}
RESULT: {}
COMMAND: POST /session/db7e8e0bc6cb7545f5479edbe1e25c48/element - {"using":"xpath","value":"//span[@id=\"application-managepartners-display-component---masterPtm--smartTable-header-inner\"]"}
COMMAND: GET /session/db7e8e0bc6cb7545f5479edbe1e25c48/screenshot - {}
RESULT: {"using":"xpath","value":"//span[@id=\"application-managepartners-display-component---masterPtm--smartTable-header-inner\"]"}
COMMAND: POST /session/db7e8e0bc6cb7545f5479edbe1e25c48/elements - {"using":"xpath","value":"//span[@id=\"application-managepartners-display-component---masterPtm--smartTable-header-inner\"]"}
RESULT: {}
RESULT: {"using":"xpath","value":"//span[@id=\"application-managepartners-display-component---masterPtm--smartTable-header-inner\"]"}
COMMAND: POST /session/db7e8e0bc6cb7545f5479edbe1e25c48/execute/sync - {"script":"<script> [56 bytes]","args":[{"element-6066-11e4-a52e-4f735466cecf":"f.A305B2C0A529549F02C3CF63D97C7E2E.d.23FB0B82A821AA327EA86F078B395E90.e.7707","ELEMENT":"f.A305B2C0A529549F02C3CF63D97C7E2E.d.23FB0B82A821AA327EA86F078B395E90.e.7707"}]}
RESULT: {"script":"<script> [56 bytes]","args":[{"element-6066-11e4-a52e-4f735466cecf":"f.A305B2C0A529549F02C3CF63D97C7E2E.d.23FB0B82A821AA327EA86F078B395E90.e.7707","ELEMENT":"f.A305B2C0A529549F02C3CF63D97C7E2E.d.23FB0B82A821AA327EA86F078B395E90.e.7707"}]}
COMMAND: POST /session/db7e8e0bc6cb7545f5479edbe1e25c48/element - {"using":"xpath","value":"//span[contains(@title, \"Remove\")]"}
COMMAND: GET /session/db7e8e0bc6cb7545f5479edbe1e25c48/screenshot - {}
RESULT: {"using":"xpath","value":"//span[contains(@title, \"Remove\")]"}
COMMAND: POST /session/db7e8e0bc6cb7545f5479edbe1e25c48/element/f.A305B2C0A529549F02C3CF63D97C7E2E.d.23FB0B82A821AA327EA86F078B395E90.e.8434/click - {}
RESULT: {}
RESULT: {}
COMMAND: GET /session/db7e8e0bc6cb7545f5479edbe1e25c48/screenshot - {}
RESULT: {}
COMMAND: POST /session/db7e8e0bc6cb7545f5479edbe1e25c48/execute/async - {"script":"<script> [1562 bytes]","args":[{"selector":{"id":"application-managepartners-display-component---masterPtm--languages-arrow"},"wdio_ui5_key":"applicationmanagepartners-display-component---masterPtm--languages-arrow"}]}
RESULT: {"script":"<script> [1562 bytes]","args":[{"selector":{"id":"application-managepartners-display-component---masterPtm--languages-arrow"},"wdio_ui5_key":"applicationmanagepartners-display-component---masterPtm--languages-arrow"}]}
RESULT: undefined
COMMAND: POST /session/db7e8e0bc6cb7545f5479edbe1e25c48/element - {"using":"xpath","value":"//*[@id=\"application-managepartners-display-component---masterPtm--languages-arrow\"]"}
RESULT: {"using":"xpath","value":"//*[@id=\"application-managepartners-display-component---masterPtm--languages-arrow\"]"}
COMMAND: POST /session/db7e8e0bc6cb7545f5479edbe1e25c48/element/f.A305B2C0A529549F02C3CF63D97C7E2E.d.23FB0B82A821AA327EA86F078B395E90.e.8506/click - {}
RESULT: {}
COMMAND: GET /session/db7e8e0bc6cb7545f5479edbe1e25c48/screenshot - {}
RESULT: {}
COMMAND: POST /session/db7e8e0bc6cb7545f5479edbe1e25c48/element - {"using":"xpath","value":"//li[.//span[text()=\"German\"]]//div[contains(@class,\"sapMCbBg\")]"}
RESULT: {"using":"xpath","value":"//li[.//span[text()=\"German\"]]//div[contains(@class,\"sapMCbBg\")]"}
COMMAND: POST /session/db7e8e0bc6cb7545f5479edbe1e25c48/element/f.A305B2C0A529549F02C3CF63D97C7E2E.d.23FB0B82A821AA327EA86F078B395E90.e.8550/click - {}
RESULT: {}
COMMAND: GET /session/db7e8e0bc6cb7545f5479edbe1e25c48/screenshot - {}
RESULT: {}
RESULT: undefined
COMMAND: POST /session/db7e8e0bc6cb7545f5479edbe1e25c48/element - {"using":"xpath","value":"//*[@id=\"application-managepartners-display-component---masterPtm--languages-arrow\"]"}
RESULT: {"using":"xpath","value":"//*[@id=\"application-managepartners-display-component---masterPtm--languages-arrow\"]"}
COMMAND: POST /session/db7e8e0bc6cb7545f5479edbe1e25c48/element/f.A305B2C0A529549F02C3CF63D97C7E2E.d.23FB0B82A821AA327EA86F078B395E90.e.8506/click - {}
RESULT: {}
COMMAND: POST /session/db7e8e0bc6cb7545f5479edbe1e25c48/element - {"using":"xpath","value":"//span[@id=\"application-managepartners-display-component---masterPtm--smartTable-header-inner\"]"}
COMMAND: GET /session/db7e8e0bc6cb7545f5479edbe1e25c48/screenshot - {}
RESULT: {"using":"xpath","value":"//span[@id=\"application-managepartners-display-component---masterPtm--smartTable-header-inner\"]"}
COMMAND: POST /session/db7e8e0bc6cb7545f5479edbe1e25c48/elements - {"using":"xpath","value":"//span[@id=\"application-managepartners-display-component---masterPtm--smartTable-header-inner\"]"}
RESULT: {}
RESULT: {"using":"xpath","value":"//span[@id=\"application-managepartners-display-component---masterPtm--smartTable-header-inner\"]"}
COMMAND: POST /session/db7e8e0bc6cb7545f5479edbe1e25c48/execute/sync - {"script":"<script> [56 bytes]","args":[{"element-6066-11e4-a52e-4f735466cecf":"f.A305B2C0A529549F02C3CF63D97C7E2E.d.23FB0B82A821AA327EA86F078B395E90.e.7707","ELEMENT":"f.A305B2C0A529549F02C3CF63D97C7E2E.d.23FB0B82A821AA327EA86F078B395E90.e.7707"}]}
RESULT: {"script":"<script> [56 bytes]","args":[{"element-6066-11e4-a52e-4f735466cecf":"f.A305B2C0A529549F02C3CF63D97C7E2E.d.23FB0B82A821AA327EA86F078B395E90.e.7707","ELEMENT":"f.A305B2C0A529549F02C3CF63D97C7E2E.d.23FB0B82A821AA327EA86F078B395E90.e.7707"}]}
COMMAND: POST /session/db7e8e0bc6cb7545f5479edbe1e25c48/element - {"using":"css selector","value":"#shell-header-logo"}
COMMAND: GET /session/db7e8e0bc6cb7545f5479edbe1e25c48/screenshot - {}
RESULT: {"using":"css selector","value":"#shell-header-logo"}
COMMAND: POST /session/db7e8e0bc6cb7545f5479edbe1e25c48/element/f.A305B2C0A529549F02C3CF63D97C7E2E.d.23FB0B82A821AA327EA86F078B395E90.e.7537/click - {}
RESULT: {}
RESULT: {}
COMMAND: GET /session/db7e8e0bc6cb7545f5479edbe1e25c48/screenshot - {}
RESULT: {}
COMMAND: DELETE /session/db7e8e0bc6cb7545f5479edbe1e25c48 - {}
RESULT: {}
]]></system-out>
    </testcase>
  </testsuite>
</testsuites>