<?xml version="1.0" encoding="UTF-8"?>
<testsuites tests="15" failures="8" errors="8" skipped="0">
  <testsuite timestamp="2025-05-05T16:35:34" time="656.001" tests="9" failures="8" errors="8" skipped="0">
    <properties>
      <property name="specId" value="0" />
      <property name="suiteName" value="Prerequisites &amp; test for yard mass return on Yard Overview US131057" />
      <property name="capabilities" value="chrome.135_0_7049_96.windows" />
      <property name="file" value="file:///D:/a/1/s/test/specs/HTR/yard-mass-return.spec.js" />
    </properties>
    <testcase classname="chrome.135_0_7049_96.windows.Prerequisites_&amp;_test_for_yard_mass_return_on_Yard_Overview_US131057" name="Prereq Should create a new yard used for all following tests" time="127.65">
      <system-out><![CDATA[
COMMAND: POST /session/665038b064f9c445da0a9920eb0da919/window/fullscreen - {}
RESULT: {}
COMMAND: POST /session/665038b064f9c445da0a9920eb0da919/execute/async - {"script":"<script> [1562 bytes]","args":[{"selector":{"controlType":"sap.m.GenericTile","properties":{"header":"Manage Yards"}},"wdio_ui5_key":"sapm.GenericTile{\"header\":\"Manage Yards\"}"}]}
RESULT: {"script":"<script> [1562 bytes]","args":[{"selector":{"controlType":"sap.m.GenericTile","properties":{"header":"Manage Yards"}},"wdio_ui5_key":"sapm.GenericTile{\"header\":\"Manage Yards\"}"}]}
RESULT: undefined
COMMAND: POST /session/665038b064f9c445da0a9920eb0da919/element - {"using":"xpath","value":"//*[@id=\"__tile41\"]"}
RESULT: {"using":"xpath","value":"//*[@id=\"__tile41\"]"}
COMMAND: POST /session/665038b064f9c445da0a9920eb0da919/element/f.52921EAA7B6B91DB5228A1971BFC5B49.d.E54F83B6BC8AD0CB74BFDF291851957C.e.188/click - {}
RESULT: {}
COMMAND: POST /session/665038b064f9c445da0a9920eb0da919/element - {"using":"xpath","value":"//button[@data-kt=\"addNewYardOverflowToolbarButton\"]"}
COMMAND: GET /session/665038b064f9c445da0a9920eb0da919/screenshot - {}
RESULT: {"using":"xpath","value":"//button[@data-kt=\"addNewYardOverflowToolbarButton\"]"}
COMMAND: POST /session/665038b064f9c445da0a9920eb0da919/elements - {"using":"xpath","value":"//button[@data-kt=\"addNewYardOverflowToolbarButton\"]"}
RESULT: {}
RESULT: {"using":"xpath","value":"//button[@data-kt=\"addNewYardOverflowToolbarButton\"]"}
COMMAND: POST /session/665038b064f9c445da0a9920eb0da919/elements - {"using":"xpath","value":"//button[@data-kt=\"addNewYardOverflowToolbarButton\"]"}
RESULT: {"using":"xpath","value":"//button[@data-kt=\"addNewYardOverflowToolbarButton\"]"}
COMMAND: POST /session/665038b064f9c445da0a9920eb0da919/elements - {"using":"xpath","value":"//button[@data-kt=\"addNewYardOverflowToolbarButton\"]"}
RESULT: {"using":"xpath","value":"//button[@data-kt=\"addNewYardOverflowToolbarButton\"]"}
COMMAND: POST /session/665038b064f9c445da0a9920eb0da919/elements - {"using":"xpath","value":"//button[@data-kt=\"addNewYardOverflowToolbarButton\"]"}
RESULT: {"using":"xpath","value":"//button[@data-kt=\"addNewYardOverflowToolbarButton\"]"}
COMMAND: POST /session/665038b064f9c445da0a9920eb0da919/elements - {"using":"xpath","value":"//button[@data-kt=\"addNewYardOverflowToolbarButton\"]"}
RESULT: {"using":"xpath","value":"//button[@data-kt=\"addNewYardOverflowToolbarButton\"]"}
COMMAND: POST /session/665038b064f9c445da0a9920eb0da919/elements - {"using":"xpath","value":"//button[@data-kt=\"addNewYardOverflowToolbarButton\"]"}
RESULT: {"using":"xpath","value":"//button[@data-kt=\"addNewYardOverflowToolbarButton\"]"}
COMMAND: POST /session/665038b064f9c445da0a9920eb0da919/elements - {"using":"xpath","value":"//button[@data-kt=\"addNewYardOverflowToolbarButton\"]"}
RESULT: {"using":"xpath","value":"//button[@data-kt=\"addNewYardOverflowToolbarButton\"]"}
COMMAND: POST /session/665038b064f9c445da0a9920eb0da919/elements - {"using":"xpath","value":"//button[@data-kt=\"addNewYardOverflowToolbarButton\"]"}
RESULT: {"using":"xpath","value":"//button[@data-kt=\"addNewYardOverflowToolbarButton\"]"}
COMMAND: POST /session/665038b064f9c445da0a9920eb0da919/elements - {"using":"xpath","value":"//button[@data-kt=\"addNewYardOverflowToolbarButton\"]"}
RESULT: {"using":"xpath","value":"//button[@data-kt=\"addNewYardOverflowToolbarButton\"]"}
COMMAND: POST /session/665038b064f9c445da0a9920eb0da919/elements - {"using":"xpath","value":"//button[@data-kt=\"addNewYardOverflowToolbarButton\"]"}
RESULT: {"using":"xpath","value":"//button[@data-kt=\"addNewYardOverflowToolbarButton\"]"}
COMMAND: POST /session/665038b064f9c445da0a9920eb0da919/elements - {"using":"xpath","value":"//button[@data-kt=\"addNewYardOverflowToolbarButton\"]"}
RESULT: {"using":"xpath","value":"//button[@data-kt=\"addNewYardOverflowToolbarButton\"]"}
COMMAND: POST /session/665038b064f9c445da0a9920eb0da919/elements - {"using":"xpath","value":"//button[@data-kt=\"addNewYardOverflowToolbarButton\"]"}
RESULT: {"using":"xpath","value":"//button[@data-kt=\"addNewYardOverflowToolbarButton\"]"}
COMMAND: POST /session/665038b064f9c445da0a9920eb0da919/elements - {"using":"xpath","value":"//button[@data-kt=\"addNewYardOverflowToolbarButton\"]"}
RESULT: {"using":"xpath","value":"//button[@data-kt=\"addNewYardOverflowToolbarButton\"]"}
COMMAND: POST /session/665038b064f9c445da0a9920eb0da919/elements - {"using":"xpath","value":"//button[@data-kt=\"addNewYardOverflowToolbarButton\"]"}
RESULT: {"using":"xpath","value":"//button[@data-kt=\"addNewYardOverflowToolbarButton\"]"}
COMMAND: POST /session/665038b064f9c445da0a9920eb0da919/elements - {"using":"xpath","value":"//button[@data-kt=\"addNewYardOverflowToolbarButton\"]"}
RESULT: {"using":"xpath","value":"//button[@data-kt=\"addNewYardOverflowToolbarButton\"]"}
COMMAND: POST /session/665038b064f9c445da0a9920eb0da919/elements - {"using":"xpath","value":"//button[@data-kt=\"addNewYardOverflowToolbarButton\"]"}
RESULT: {"using":"xpath","value":"//button[@data-kt=\"addNewYardOverflowToolbarButton\"]"}
COMMAND: POST /session/665038b064f9c445da0a9920eb0da919/elements - {"using":"xpath","value":"//button[@data-kt=\"addNewYardOverflowToolbarButton\"]"}
RESULT: {"using":"xpath","value":"//button[@data-kt=\"addNewYardOverflowToolbarButton\"]"}
COMMAND: POST /session/665038b064f9c445da0a9920eb0da919/elements - {"using":"xpath","value":"//button[@data-kt=\"addNewYardOverflowToolbarButton\"]"}
RESULT: {"using":"xpath","value":"//button[@data-kt=\"addNewYardOverflowToolbarButton\"]"}
COMMAND: POST /session/665038b064f9c445da0a9920eb0da919/elements - {"using":"xpath","value":"//button[@data-kt=\"addNewYardOverflowToolbarButton\"]"}
RESULT: {"using":"xpath","value":"//button[@data-kt=\"addNewYardOverflowToolbarButton\"]"}
COMMAND: POST /session/665038b064f9c445da0a9920eb0da919/elements - {"using":"xpath","value":"//button[@data-kt=\"addNewYardOverflowToolbarButton\"]"}
RESULT: {"using":"xpath","value":"//button[@data-kt=\"addNewYardOverflowToolbarButton\"]"}
COMMAND: POST /session/665038b064f9c445da0a9920eb0da919/elements - {"using":"xpath","value":"//button[@data-kt=\"addNewYardOverflowToolbarButton\"]"}
RESULT: {"using":"xpath","value":"//button[@data-kt=\"addNewYardOverflowToolbarButton\"]"}
COMMAND: POST /session/665038b064f9c445da0a9920eb0da919/elements - {"using":"xpath","value":"//button[@data-kt=\"addNewYardOverflowToolbarButton\"]"}
RESULT: {"using":"xpath","value":"//button[@data-kt=\"addNewYardOverflowToolbarButton\"]"}
COMMAND: POST /session/665038b064f9c445da0a9920eb0da919/elements - {"using":"xpath","value":"//button[@data-kt=\"addNewYardOverflowToolbarButton\"]"}
RESULT: {"using":"xpath","value":"//button[@data-kt=\"addNewYardOverflowToolbarButton\"]"}
COMMAND: POST /session/665038b064f9c445da0a9920eb0da919/elements - {"using":"xpath","value":"//button[@data-kt=\"addNewYardOverflowToolbarButton\"]"}
RESULT: {"using":"xpath","value":"//button[@data-kt=\"addNewYardOverflowToolbarButton\"]"}
COMMAND: POST /session/665038b064f9c445da0a9920eb0da919/elements - {"using":"xpath","value":"//button[@data-kt=\"addNewYardOverflowToolbarButton\"]"}
RESULT: {"using":"xpath","value":"//button[@data-kt=\"addNewYardOverflowToolbarButton\"]"}
COMMAND: POST /session/665038b064f9c445da0a9920eb0da919/elements - {"using":"xpath","value":"//button[@data-kt=\"addNewYardOverflowToolbarButton\"]"}
RESULT: {"using":"xpath","value":"//button[@data-kt=\"addNewYardOverflowToolbarButton\"]"}
COMMAND: POST /session/665038b064f9c445da0a9920eb0da919/elements - {"using":"xpath","value":"//button[@data-kt=\"addNewYardOverflowToolbarButton\"]"}
RESULT: {"using":"xpath","value":"//button[@data-kt=\"addNewYardOverflowToolbarButton\"]"}
COMMAND: POST /session/665038b064f9c445da0a9920eb0da919/elements - {"using":"xpath","value":"//button[@data-kt=\"addNewYardOverflowToolbarButton\"]"}
RESULT: {"using":"xpath","value":"//button[@data-kt=\"addNewYardOverflowToolbarButton\"]"}
COMMAND: POST /session/665038b064f9c445da0a9920eb0da919/elements - {"using":"xpath","value":"//button[@data-kt=\"addNewYardOverflowToolbarButton\"]"}
RESULT: {"using":"xpath","value":"//button[@data-kt=\"addNewYardOverflowToolbarButton\"]"}
COMMAND: POST /session/665038b064f9c445da0a9920eb0da919/elements - {"using":"xpath","value":"//button[@data-kt=\"addNewYardOverflowToolbarButton\"]"}
RESULT: {"using":"xpath","value":"//button[@data-kt=\"addNewYardOverflowToolbarButton\"]"}
COMMAND: POST /session/665038b064f9c445da0a9920eb0da919/elements - {"using":"xpath","value":"//button[@data-kt=\"addNewYardOverflowToolbarButton\"]"}
RESULT: {"using":"xpath","value":"//button[@data-kt=\"addNewYardOverflowToolbarButton\"]"}
COMMAND: POST /session/665038b064f9c445da0a9920eb0da919/elements - {"using":"xpath","value":"//button[@data-kt=\"addNewYardOverflowToolbarButton\"]"}
RESULT: {"using":"xpath","value":"//button[@data-kt=\"addNewYardOverflowToolbarButton\"]"}
COMMAND: POST /session/665038b064f9c445da0a9920eb0da919/elements - {"using":"xpath","value":"//button[@data-kt=\"addNewYardOverflowToolbarButton\"]"}
RESULT: {"using":"xpath","value":"//button[@data-kt=\"addNewYardOverflowToolbarButton\"]"}
COMMAND: POST /session/665038b064f9c445da0a9920eb0da919/elements - {"using":"xpath","value":"//button[@data-kt=\"addNewYardOverflowToolbarButton\"]"}
RESULT: {"using":"xpath","value":"//button[@data-kt=\"addNewYardOverflowToolbarButton\"]"}
COMMAND: POST /session/665038b064f9c445da0a9920eb0da919/elements - {"using":"xpath","value":"//button[@data-kt=\"addNewYardOverflowToolbarButton\"]"}
RESULT: {"using":"xpath","value":"//button[@data-kt=\"addNewYardOverflowToolbarButton\"]"}
COMMAND: POST /session/665038b064f9c445da0a9920eb0da919/elements - {"using":"xpath","value":"//button[@data-kt=\"addNewYardOverflowToolbarButton\"]"}
RESULT: {"using":"xpath","value":"//button[@data-kt=\"addNewYardOverflowToolbarButton\"]"}
COMMAND: POST /session/665038b064f9c445da0a9920eb0da919/elements - {"using":"xpath","value":"//button[@data-kt=\"addNewYardOverflowToolbarButton\"]"}
RESULT: {"using":"xpath","value":"//button[@data-kt=\"addNewYardOverflowToolbarButton\"]"}
COMMAND: POST /session/665038b064f9c445da0a9920eb0da919/elements - {"using":"xpath","value":"//button[@data-kt=\"addNewYardOverflowToolbarButton\"]"}
RESULT: {"using":"xpath","value":"//button[@data-kt=\"addNewYardOverflowToolbarButton\"]"}
COMMAND: POST /session/665038b064f9c445da0a9920eb0da919/elements - {"using":"xpath","value":"//button[@data-kt=\"addNewYardOverflowToolbarButton\"]"}
RESULT: {"using":"xpath","value":"//button[@data-kt=\"addNewYardOverflowToolbarButton\"]"}
COMMAND: POST /session/665038b064f9c445da0a9920eb0da919/elements - {"using":"xpath","value":"//button[@data-kt=\"addNewYardOverflowToolbarButton\"]"}
RESULT: {"using":"xpath","value":"//button[@data-kt=\"addNewYardOverflowToolbarButton\"]"}
COMMAND: POST /session/665038b064f9c445da0a9920eb0da919/elements - {"using":"xpath","value":"//button[@data-kt=\"addNewYardOverflowToolbarButton\"]"}
RESULT: {"using":"xpath","value":"//button[@data-kt=\"addNewYardOverflowToolbarButton\"]"}
COMMAND: POST /session/665038b064f9c445da0a9920eb0da919/elements - {"using":"xpath","value":"//button[@data-kt=\"addNewYardOverflowToolbarButton\"]"}
RESULT: {"using":"xpath","value":"//button[@data-kt=\"addNewYardOverflowToolbarButton\"]"}
COMMAND: POST /session/665038b064f9c445da0a9920eb0da919/elements - {"using":"xpath","value":"//button[@data-kt=\"addNewYardOverflowToolbarButton\"]"}
RESULT: {"using":"xpath","value":"//button[@data-kt=\"addNewYardOverflowToolbarButton\"]"}
COMMAND: POST /session/665038b064f9c445da0a9920eb0da919/elements - {"using":"xpath","value":"//button[@data-kt=\"addNewYardOverflowToolbarButton\"]"}
RESULT: {"using":"xpath","value":"//button[@data-kt=\"addNewYardOverflowToolbarButton\"]"}
COMMAND: POST /session/665038b064f9c445da0a9920eb0da919/element - {"using":"xpath","value":"//button[@data-kt=\"addNewYardOverflowToolbarButton\"]"}
RESULT: {"using":"xpath","value":"//button[@data-kt=\"addNewYardOverflowToolbarButton\"]"}
COMMAND: POST /session/665038b064f9c445da0a9920eb0da919/execute/sync - {"script":"<script> [8489 bytes]","args":[{"element-6066-11e4-a52e-4f735466cecf":"f.52921EAA7B6B91DB5228A1971BFC5B49.d.E54F83B6BC8AD0CB74BFDF291851957C.e.323","ELEMENT":"f.52921EAA7B6B91DB5228A1971BFC5B49.d.E54F83B6BC8AD0CB74BFDF291851957C.e.323"}]}
RESULT: {"script":"<script> [8489 bytes]","args":[{"element-6066-11e4-a52e-4f735466cecf":"f.52921EAA7B6B91DB5228A1971BFC5B49.d.E54F83B6BC8AD0CB74BFDF291851957C.e.323","ELEMENT":"f.52921EAA7B6B91DB5228A1971BFC5B49.d.E54F83B6BC8AD0CB74BFDF291851957C.e.323"}]}
COMMAND: GET /session/665038b064f9c445da0a9920eb0da919/element/f.52921EAA7B6B91DB5228A1971BFC5B49.d.E54F83B6BC8AD0CB74BFDF291851957C.e.323/enabled - {}
COMMAND: GET /session/665038b064f9c445da0a9920eb0da919/screenshot - {}
RESULT: {}
COMMAND: POST /session/665038b064f9c445da0a9920eb0da919/execute/sync - {"script":"<script> [8489 bytes]","args":[{"element-6066-11e4-a52e-4f735466cecf":"f.52921EAA7B6B91DB5228A1971BFC5B49.d.E54F83B6BC8AD0CB74BFDF291851957C.e.323","ELEMENT":"f.52921EAA7B6B91DB5228A1971BFC5B49.d.E54F83B6BC8AD0CB74BFDF291851957C.e.323"}]}
COMMAND: GET /session/665038b064f9c445da0a9920eb0da919/screenshot - {}
RESULT: {}
RESULT: {"script":"<script> [8489 bytes]","args":[{"element-6066-11e4-a52e-4f735466cecf":"f.52921EAA7B6B91DB5228A1971BFC5B49.d.E54F83B6BC8AD0CB74BFDF291851957C.e.323","ELEMENT":"f.52921EAA7B6B91DB5228A1971BFC5B49.d.E54F83B6BC8AD0CB74BFDF291851957C.e.323"}]}
COMMAND: POST /session/665038b064f9c445da0a9920eb0da919/execute/sync - {"script":"<script> [5351 bytes]","args":[{"element-6066-11e4-a52e-4f735466cecf":"f.52921EAA7B6B91DB5228A1971BFC5B49.d.E54F83B6BC8AD0CB74BFDF291851957C.e.323","ELEMENT":"f.52921EAA7B6B91DB5228A1971BFC5B49.d.E54F83B6BC8AD0CB74BFDF291851957C.e.323"}]}
COMMAND: GET /session/665038b064f9c445da0a9920eb0da919/screenshot - {}
RESULT: {}
RESULT: {"script":"<script> [5351 bytes]","args":[{"element-6066-11e4-a52e-4f735466cecf":"f.52921EAA7B6B91DB5228A1971BFC5B49.d.E54F83B6BC8AD0CB74BFDF291851957C.e.323","ELEMENT":"f.52921EAA7B6B91DB5228A1971BFC5B49.d.E54F83B6BC8AD0CB74BFDF291851957C.e.323"}]}
COMMAND: POST /session/665038b064f9c445da0a9920eb0da919/element/f.52921EAA7B6B91DB5228A1971BFC5B49.d.E54F83B6BC8AD0CB74BFDF291851957C.e.323/click - {}
COMMAND: GET /session/665038b064f9c445da0a9920eb0da919/screenshot - {}
RESULT: {}
RESULT: {}
COMMAND: GET /session/665038b064f9c445da0a9920eb0da919/screenshot - {}
COMMAND: POST /session/665038b064f9c445da0a9920eb0da919/element - {"using":"xpath","value":"//input[@id=\"application-manageyards-display-component---NewYard--yardId-inner\"]"}
RESULT: {}
RESULT: {}
RESULT: {"using":"xpath","value":"//input[@id=\"application-manageyards-display-component---NewYard--yardId-inner\"]"}
COMMAND: POST /session/665038b064f9c445da0a9920eb0da919/element - {"using":"xpath","value":"//input[@id=\"application-manageyards-display-component---NewYard--yardId-inner\"]"}
RESULT: {"using":"xpath","value":"//input[@id=\"application-manageyards-display-component---NewYard--yardId-inner\"]"}
COMMAND: POST /session/665038b064f9c445da0a9920eb0da919/execute/async - {"script":"<script> [1562 bytes]","args":[{"selector":{"id":"application-manageyards-display-component---NewYard--addressDetailDetailsName1","interaction":{"idSuffix":"inner"}},"wdio_ui5_key":"applicationmanageyards-display-component---NewYard--addressDetailDetailsName1"}]}
RESULT: {"script":"<script> [1562 bytes]","args":[{"selector":{"id":"application-manageyards-display-component---NewYard--addressDetailDetailsName1","interaction":{"idSuffix":"inner"}},"wdio_ui5_key":"applicationmanageyards-display-component---NewYard--addressDetailDetailsName1"}]}
RESULT: undefined
COMMAND: POST /session/665038b064f9c445da0a9920eb0da919/execute/async - {"script":"<script> [776 bytes]","args":[{"enterText":"Other Yard WDIO","selector":{"id":"application-manageyards-display-component---NewYard--addressDetailDetailsName1","interaction":{"idSuffix":"inner"}},"clearTextFirst":true,"interactionType":"ENTER_TEXT"}]}
RESULT: {"script":"<script> [776 bytes]","args":[{"enterText":"Other Yard WDIO","selector":{"id":"application-manageyards-display-component---NewYard--addressDetailDetailsName1","interaction":{"idSuffix":"inner"}},"clearTextFirst":true,"interactionType":"ENTER_TEXT"}]}
COMMAND: POST /session/665038b064f9c445da0a9920eb0da919/execute/async - {"script":"<script> [1562 bytes]","args":[{"selector":{"id":"application-manageyards-display-component---NewYard--addressDetailDetailsLanguage-arrow"},"wdio_ui5_key":"applicationmanageyards-display-component---NewYard--addressDetailDetailsLanguage-arrow"}]}
RESULT: {"script":"<script> [1562 bytes]","args":[{"selector":{"id":"application-manageyards-display-component---NewYard--addressDetailDetailsLanguage-arrow"},"wdio_ui5_key":"applicationmanageyards-display-component---NewYard--addressDetailDetailsLanguage-arrow"}]}
RESULT: undefined
COMMAND: POST /session/665038b064f9c445da0a9920eb0da919/element - {"using":"xpath","value":"//*[@id=\"application-manageyards-display-component---NewYard--addressDetailDetailsLanguage-arrow\"]"}
RESULT: {"using":"xpath","value":"//*[@id=\"application-manageyards-display-component---NewYard--addressDetailDetailsLanguage-arrow\"]"}
COMMAND: POST /session/665038b064f9c445da0a9920eb0da919/element/f.52921EAA7B6B91DB5228A1971BFC5B49.d.E54F83B6BC8AD0CB74BFDF291851957C.e.755/click - {}
RESULT: {}
COMMAND: POST /session/665038b064f9c445da0a9920eb0da919/element - {"using":"xpath","value":"//span[contains(text(), \"English\")]"}
COMMAND: GET /session/665038b064f9c445da0a9920eb0da919/screenshot - {}
RESULT: {"using":"xpath","value":"//span[contains(text(), \"English\")]"}
COMMAND: POST /session/665038b064f9c445da0a9920eb0da919/element/f.52921EAA7B6B91DB5228A1971BFC5B49.d.E54F83B6BC8AD0CB74BFDF291851957C.e.756/click - {}
RESULT: {}
RESULT: {}
COMMAND: POST /session/665038b064f9c445da0a9920eb0da919/execute/async - {"script":"<script> [1562 bytes]","args":[{"selector":{"id":"application-manageyards-display-component---NewYard--addressDetailDetailsCity1","interaction":{"idSuffix":"inner"}},"wdio_ui5_key":"applicationmanageyards-display-component---NewYard--addressDetailDetailsCity1"}]}
COMMAND: GET /session/665038b064f9c445da0a9920eb0da919/screenshot - {}
RESULT: {"script":"<script> [1562 bytes]","args":[{"selector":{"id":"application-manageyards-display-component---NewYard--addressDetailDetailsCity1","interaction":{"idSuffix":"inner"}},"wdio_ui5_key":"applicationmanageyards-display-component---NewYard--addressDetailDetailsCity1"}]}
RESULT: undefined
COMMAND: POST /session/665038b064f9c445da0a9920eb0da919/execute/async - {"script":"<script> [776 bytes]","args":[{"enterText":"Rosario","selector":{"id":"application-manageyards-display-component---NewYard--addressDetailDetailsCity1","interaction":{"idSuffix":"inner"}},"clearTextFirst":true,"interactionType":"ENTER_TEXT"}]}
RESULT: {}
RESULT: {"script":"<script> [776 bytes]","args":[{"enterText":"Rosario","selector":{"id":"application-manageyards-display-component---NewYard--addressDetailDetailsCity1","interaction":{"idSuffix":"inner"}},"clearTextFirst":true,"interactionType":"ENTER_TEXT"}]}
COMMAND: POST /session/665038b064f9c445da0a9920eb0da919/execute/async - {"script":"<script> [1562 bytes]","args":[{"selector":{"id":"application-manageyards-display-component---NewYard--addressDetailDetailsCountry-arrow"},"wdio_ui5_key":"applicationmanageyards-display-component---NewYard--addressDetailDetailsCountry-arrow"}]}
RESULT: {"script":"<script> [1562 bytes]","args":[{"selector":{"id":"application-manageyards-display-component---NewYard--addressDetailDetailsCountry-arrow"},"wdio_ui5_key":"applicationmanageyards-display-component---NewYard--addressDetailDetailsCountry-arrow"}]}
RESULT: undefined
COMMAND: POST /session/665038b064f9c445da0a9920eb0da919/element - {"using":"xpath","value":"//*[@id=\"application-manageyards-display-component---NewYard--addressDetailDetailsCountry-arrow\"]"}
RESULT: {"using":"xpath","value":"//*[@id=\"application-manageyards-display-component---NewYard--addressDetailDetailsCountry-arrow\"]"}
COMMAND: POST /session/665038b064f9c445da0a9920eb0da919/element/f.52921EAA7B6B91DB5228A1971BFC5B49.d.E54F83B6BC8AD0CB74BFDF291851957C.e.758/click - {}
RESULT: {}
COMMAND: POST /session/665038b064f9c445da0a9920eb0da919/element - {"using":"xpath","value":"//span[contains(text(), \"Argentina\")]"}
COMMAND: GET /session/665038b064f9c445da0a9920eb0da919/screenshot - {}
RESULT: {"using":"xpath","value":"//span[contains(text(), \"Argentina\")]"}
COMMAND: POST /session/665038b064f9c445da0a9920eb0da919/element/f.52921EAA7B6B91DB5228A1971BFC5B49.d.E54F83B6BC8AD0CB74BFDF291851957C.e.760/click - {}
RESULT: {}
RESULT: {}
COMMAND: POST /session/665038b064f9c445da0a9920eb0da919/execute/async - {"script":"<script> [1562 bytes]","args":[{"selector":{"id":"application-manageyards-display-component---NewYard--addressEditDetailsCostObjectCstType-arrow"},"wdio_ui5_key":"applicationmanageyards-display-component---NewYard--addressEditDetailsCostObjectCstType-arrow"}]}
COMMAND: GET /session/665038b064f9c445da0a9920eb0da919/screenshot - {}
RESULT: {"script":"<script> [1562 bytes]","args":[{"selector":{"id":"application-manageyards-display-component---NewYard--addressEditDetailsCostObjectCstType-arrow"},"wdio_ui5_key":"applicationmanageyards-display-component---NewYard--addressEditDetailsCostObjectCstType-arrow"}]}
RESULT: undefined
COMMAND: POST /session/665038b064f9c445da0a9920eb0da919/element - {"using":"xpath","value":"//*[@id=\"application-manageyards-display-component---NewYard--addressEditDetailsCostObjectCstType-arrow\"]"}
RESULT: {}
RESULT: {"using":"xpath","value":"//*[@id=\"application-manageyards-display-component---NewYard--addressEditDetailsCostObjectCstType-arrow\"]"}
COMMAND: POST /session/665038b064f9c445da0a9920eb0da919/element/f.52921EAA7B6B91DB5228A1971BFC5B49.d.E54F83B6BC8AD0CB74BFDF291851957C.e.761/click - {}
RESULT: {}
COMMAND: POST /session/665038b064f9c445da0a9920eb0da919/element - {"using":"xpath","value":"//span[contains(text(), \"Cost Center\")]"}
COMMAND: GET /session/665038b064f9c445da0a9920eb0da919/screenshot - {}
RESULT: {"using":"xpath","value":"//span[contains(text(), \"Cost Center\")]"}
COMMAND: POST /session/665038b064f9c445da0a9920eb0da919/element/f.52921EAA7B6B91DB5228A1971BFC5B49.d.E54F83B6BC8AD0CB74BFDF291851957C.e.762/click - {}
RESULT: {}
RESULT: {}
COMMAND: GET /session/665038b064f9c445da0a9920eb0da919/screenshot - {}
RESULT: {}
COMMAND: POST /session/665038b064f9c445da0a9920eb0da919/element - {"using":"xpath","value":"//span[@id=\"application-manageyards-display-component---NewYard--addressNewCostObjectCstID-vhi\"]"}
RESULT: {"using":"xpath","value":"//span[@id=\"application-manageyards-display-component---NewYard--addressNewCostObjectCstID-vhi\"]"}
COMMAND: POST /session/665038b064f9c445da0a9920eb0da919/execute/sync - {"script":"<script> [8489 bytes]","args":[{"element-6066-11e4-a52e-4f735466cecf":"f.52921EAA7B6B91DB5228A1971BFC5B49.d.E54F83B6BC8AD0CB74BFDF291851957C.e.766","ELEMENT":"f.52921EAA7B6B91DB5228A1971BFC5B49.d.E54F83B6BC8AD0CB74BFDF291851957C.e.766"}]}
RESULT: {"script":"<script> [8489 bytes]","args":[{"element-6066-11e4-a52e-4f735466cecf":"f.52921EAA7B6B91DB5228A1971BFC5B49.d.E54F83B6BC8AD0CB74BFDF291851957C.e.766","ELEMENT":"f.52921EAA7B6B91DB5228A1971BFC5B49.d.E54F83B6BC8AD0CB74BFDF291851957C.e.766"}]}
COMMAND: POST /session/665038b064f9c445da0a9920eb0da919/execute/async - {"script":"<script> [1562 bytes]","args":[{"selector":{"id":"application-manageyards-display-component---NewYard--addressNewCostObjectCstID-vhi"},"wdio_ui5_key":"applicationmanageyards-display-component---NewYard--addressNewCostObjectCstID-vhi"}]}
COMMAND: GET /session/665038b064f9c445da0a9920eb0da919/screenshot - {}
RESULT: {"script":"<script> [1562 bytes]","args":[{"selector":{"id":"application-manageyards-display-component---NewYard--addressNewCostObjectCstID-vhi"},"wdio_ui5_key":"applicationmanageyards-display-component---NewYard--addressNewCostObjectCstID-vhi"}]}
RESULT: undefined
COMMAND: POST /session/665038b064f9c445da0a9920eb0da919/element - {"using":"xpath","value":"//*[@id=\"application-manageyards-display-component---NewYard--addressNewCostObjectCstID-vhi\"]"}
RESULT: {}
RESULT: {"using":"xpath","value":"//*[@id=\"application-manageyards-display-component---NewYard--addressNewCostObjectCstID-vhi\"]"}
COMMAND: POST /session/665038b064f9c445da0a9920eb0da919/element/f.52921EAA7B6B91DB5228A1971BFC5B49.d.E54F83B6BC8AD0CB74BFDF291851957C.e.766/click - {}
RESULT: {}
COMMAND: GET /session/665038b064f9c445da0a9920eb0da919/screenshot - {}
RESULT: {}
COMMAND: POST /session/665038b064f9c445da0a9920eb0da919/execute/async - {"script":"<script> [1562 bytes]","args":[{"selector":{"controlType":"sap.m.SearchField","properties":{"placeholder":"Search"},"searchOpenDialogs":true,"interaction":{"idSuffix":"I"}},"wdio_ui5_key":"sapm.SearchField{\"placeholder\":\"Search\"}"}]}
RESULT: {"script":"<script> [1562 bytes]","args":[{"selector":{"controlType":"sap.m.SearchField","properties":{"placeholder":"Search"},"searchOpenDialogs":true,"interaction":{"idSuffix":"I"}},"wdio_ui5_key":"sapm.SearchField{\"placeholder\":\"Search\"}"}]}
RESULT: undefined
COMMAND: POST /session/665038b064f9c445da0a9920eb0da919/execute/async - {"script":"<script> [776 bytes]","args":[{"enterText":"10001013","selector":{"controlType":"sap.m.SearchField","properties":{"placeholder":"Search"},"searchOpenDialogs":true,"interaction":{"idSuffix":"I"}},"clearTextFirst":true,"interactionType":"ENTER_TEXT"}]}
RESULT: {"script":"<script> [776 bytes]","args":[{"enterText":"10001013","selector":{"controlType":"sap.m.SearchField","properties":{"placeholder":"Search"},"searchOpenDialogs":true,"interaction":{"idSuffix":"I"}},"clearTextFirst":true,"interactionType":"ENTER_TEXT"}]}
COMMAND: POST /session/665038b064f9c445da0a9920eb0da919/actions - {"actions":[{"id":"action1","type":"key","parameters":{},"actions":[{"type":"keyDown","value":"î€‡"},{"type":"pause","duration":10},{"type":"keyUp","value":"î€‡"}]}]}
RESULT: {"actions":[{"id":"action1","type":"key","parameters":{},"actions":[{"type":"keyDown","value":"î€‡"},{"type":"pause","duration":10},{"type":"keyUp","value":"î€‡"}]}]}
COMMAND: GET /session/665038b064f9c445da0a9920eb0da919/screenshot - {}
RESULT: {}
COMMAND: POST /session/665038b064f9c445da0a9920eb0da919/element - {"using":"xpath","value":"//span[contains(text(), \"General Management\")]"}
RESULT: {"using":"xpath","value":"//span[contains(text(), \"General Management\")]"}
COMMAND: POST /session/665038b064f9c445da0a9920eb0da919/element/f.52921EAA7B6B91DB5228A1971BFC5B49.d.E54F83B6BC8AD0CB74BFDF291851957C.e.808/click - {}
RESULT: {}
COMMAND: GET /session/665038b064f9c445da0a9920eb0da919/screenshot - {}
RESULT: {}
COMMAND: POST /session/665038b064f9c445da0a9920eb0da919/element - {"using":"xpath","value":"//bdi[contains(text(), \"OK\")]"}
RESULT: {"using":"xpath","value":"//bdi[contains(text(), \"OK\")]"}
COMMAND: POST /session/665038b064f9c445da0a9920eb0da919/element/f.52921EAA7B6B91DB5228A1971BFC5B49.d.E54F83B6BC8AD0CB74BFDF291851957C.e.809/click - {}
RESULT: {}
COMMAND: GET /session/665038b064f9c445da0a9920eb0da919/screenshot - {}
RESULT: {}
COMMAND: POST /session/665038b064f9c445da0a9920eb0da919/execute/async - {"script":"<script> [1562 bytes]","args":[{"selector":{"id":"application-manageyards-display-component---NewYard--addressEditDetailsCurrency-arrow"},"wdio_ui5_key":"applicationmanageyards-display-component---NewYard--addressEditDetailsCurrency-arrow"}]}
RESULT: {"script":"<script> [1562 bytes]","args":[{"selector":{"id":"application-manageyards-display-component---NewYard--addressEditDetailsCurrency-arrow"},"wdio_ui5_key":"applicationmanageyards-display-component---NewYard--addressEditDetailsCurrency-arrow"}]}
RESULT: undefined
COMMAND: POST /session/665038b064f9c445da0a9920eb0da919/element - {"using":"xpath","value":"//*[@id=\"application-manageyards-display-component---NewYard--addressEditDetailsCurrency-arrow\"]"}
RESULT: {"using":"xpath","value":"//*[@id=\"application-manageyards-display-component---NewYard--addressEditDetailsCurrency-arrow\"]"}
COMMAND: POST /session/665038b064f9c445da0a9920eb0da919/element/f.52921EAA7B6B91DB5228A1971BFC5B49.d.E54F83B6BC8AD0CB74BFDF291851957C.e.812/click - {}
RESULT: {}
COMMAND: POST /session/665038b064f9c445da0a9920eb0da919/element - {"using":"xpath","value":"//span[contains(text(), \"Euro\")]"}
COMMAND: GET /session/665038b064f9c445da0a9920eb0da919/screenshot - {}
RESULT: {"using":"xpath","value":"//span[contains(text(), \"Euro\")]"}
COMMAND: POST /session/665038b064f9c445da0a9920eb0da919/element/f.52921EAA7B6B91DB5228A1971BFC5B49.d.E54F83B6BC8AD0CB74BFDF291851957C.e.813/click - {}
RESULT: {}
RESULT: {}
COMMAND: POST /session/665038b064f9c445da0a9920eb0da919/execute/async - {"script":"<script> [1562 bytes]","args":[{"selector":{"controlType":"sap.m.Input","viewName":"etm.portal.ui.manageyards.view.New","viewId":"application-manageyards-display-component---NewYard","bindingPath":{"path":"","propertyPath":"/CONTROLLING_AREA","modelName":"NewYardModel"},"interaction":{"idSuffix":"inner"}},"wdio_ui5_key":"etmportal.ui.manageyards.view.Newsap.m.Input{\"path\":\"\",\"propertyPath\":\"/CONTROLLING_AREA\",\"modelName\":\"NewYardModel\"}"}]}
COMMAND: GET /session/665038b064f9c445da0a9920eb0da919/screenshot - {}
RESULT: {"script":"<script> [1562 bytes]","args":[{"selector":{"controlType":"sap.m.Input","viewName":"etm.portal.ui.manageyards.view.New","viewId":"application-manageyards-display-component---NewYard","bindingPath":{"path":"","propertyPath":"/CONTROLLING_AREA","modelName":"NewYardModel"},"interaction":{"idSuffix":"inner"}},"wdio_ui5_key":"etmportal.ui.manageyards.view.Newsap.m.Input{\"path\":\"\",\"propertyPath\":\"/CONTROLLING_AREA\",\"modelName\":\"NewYardModel\"}"}]}
RESULT: undefined
COMMAND: POST /session/665038b064f9c445da0a9920eb0da919/execute/async - {"script":"<script> [776 bytes]","args":[{"enterText":"Z001","selector":{"controlType":"sap.m.Input","viewName":"etm.portal.ui.manageyards.view.New","viewId":"application-manageyards-display-component---NewYard","bindingPath":{"path":"","propertyPath":"/CONTROLLING_AREA","modelName":"NewYardModel"},"interaction":{"idSuffix":"inner"}},"clearTextFirst":true,"interactionType":"ENTER_TEXT"}]}
RESULT: {}
RESULT: {"script":"<script> [776 bytes]","args":[{"enterText":"Z001","selector":{"controlType":"sap.m.Input","viewName":"etm.portal.ui.manageyards.view.New","viewId":"application-manageyards-display-component---NewYard","bindingPath":{"path":"","propertyPath":"/CONTROLLING_AREA","modelName":"NewYardModel"},"interaction":{"idSuffix":"inner"}},"clearTextFirst":true,"interactionType":"ENTER_TEXT"}]}
COMMAND: POST /session/665038b064f9c445da0a9920eb0da919/execute/async - {"script":"<script> [1562 bytes]","args":[{"selector":{"id":"application-manageyards-display-component---NewYard--companyCodeComboBox","interaction":{"idSuffix":"inner"}},"wdio_ui5_key":"applicationmanageyards-display-component---NewYard--companyCodeComboBox"}]}
RESULT: {"script":"<script> [1562 bytes]","args":[{"selector":{"id":"application-manageyards-display-component---NewYard--companyCodeComboBox","interaction":{"idSuffix":"inner"}},"wdio_ui5_key":"applicationmanageyards-display-component---NewYard--companyCodeComboBox"}]}
RESULT: undefined
COMMAND: POST /session/665038b064f9c445da0a9920eb0da919/execute/async - {"script":"<script> [776 bytes]","args":[{"enterText":"1000","selector":{"id":"application-manageyards-display-component---NewYard--companyCodeComboBox","interaction":{"idSuffix":"inner"}},"clearTextFirst":true,"interactionType":"ENTER_TEXT"}]}
RESULT: {"script":"<script> [776 bytes]","args":[{"enterText":"1000","selector":{"id":"application-manageyards-display-component---NewYard--companyCodeComboBox","interaction":{"idSuffix":"inner"}},"clearTextFirst":true,"interactionType":"ENTER_TEXT"}]}
COMMAND: POST /session/665038b064f9c445da0a9920eb0da919/execute/async - {"script":"<script> [1562 bytes]","args":[{"selector":{"controlType":"sap.m.Input","viewName":"etm.portal.ui.manageyards.view.New","viewId":"application-manageyards-display-component---NewYard","bindingPath":{"path":"","propertyPath":"/PLANT","modelName":"NewYardModel"},"interaction":{"idSuffix":"inner"}},"wdio_ui5_key":"etmportal.ui.manageyards.view.Newsap.m.Input{\"path\":\"\",\"propertyPath\":\"/PLANT\",\"modelName\":\"NewYardModel\"}"}]}
RESULT: {"script":"<script> [1562 bytes]","args":[{"selector":{"controlType":"sap.m.Input","viewName":"etm.portal.ui.manageyards.view.New","viewId":"application-manageyards-display-component---NewYard","bindingPath":{"path":"","propertyPath":"/PLANT","modelName":"NewYardModel"},"interaction":{"idSuffix":"inner"}},"wdio_ui5_key":"etmportal.ui.manageyards.view.Newsap.m.Input{\"path\":\"\",\"propertyPath\":\"/PLANT\",\"modelName\":\"NewYardModel\"}"}]}
RESULT: undefined
COMMAND: POST /session/665038b064f9c445da0a9920eb0da919/execute/async - {"script":"<script> [776 bytes]","args":[{"enterText":"1001","selector":{"controlType":"sap.m.Input","viewName":"etm.portal.ui.manageyards.view.New","viewId":"application-manageyards-display-component---NewYard","bindingPath":{"path":"","propertyPath":"/PLANT","modelName":"NewYardModel"},"interaction":{"idSuffix":"inner"}},"clearTextFirst":true,"interactionType":"ENTER_TEXT"}]}
RESULT: {"script":"<script> [776 bytes]","args":[{"enterText":"1001","selector":{"controlType":"sap.m.Input","viewName":"etm.portal.ui.manageyards.view.New","viewId":"application-manageyards-display-component---NewYard","bindingPath":{"path":"","propertyPath":"/PLANT","modelName":"NewYardModel"},"interaction":{"idSuffix":"inner"}},"clearTextFirst":true,"interactionType":"ENTER_TEXT"}]}
COMMAND: POST /session/665038b064f9c445da0a9920eb0da919/execute/async - {"script":"<script> [1562 bytes]","args":[{"selector":{"controlType":"sap.m.Input","viewName":"etm.portal.ui.manageyards.view.New","viewId":"application-manageyards-display-component---NewYard","bindingPath":{"path":"","propertyPath":"/SALES_AREA_VKORG","modelName":"NewYardModel"},"interaction":{"idSuffix":"inner"}},"wdio_ui5_key":"etmportal.ui.manageyards.view.Newsap.m.Input{\"path\":\"\",\"propertyPath\":\"/SALES_AREA_VKORG\",\"modelName\":\"NewYardModel\"}"}]}
RESULT: {"script":"<script> [1562 bytes]","args":[{"selector":{"controlType":"sap.m.Input","viewName":"etm.portal.ui.manageyards.view.New","viewId":"application-manageyards-display-component---NewYard","bindingPath":{"path":"","propertyPath":"/SALES_AREA_VKORG","modelName":"NewYardModel"},"interaction":{"idSuffix":"inner"}},"wdio_ui5_key":"etmportal.ui.manageyards.view.Newsap.m.Input{\"path\":\"\",\"propertyPath\":\"/SALES_AREA_VKORG\",\"modelName\":\"NewYardModel\"}"}]}
RESULT: undefined
COMMAND: POST /session/665038b064f9c445da0a9920eb0da919/execute/async - {"script":"<script> [776 bytes]","args":[{"enterText":"C002","selector":{"controlType":"sap.m.Input","viewName":"etm.portal.ui.manageyards.view.New","viewId":"application-manageyards-display-component---NewYard","bindingPath":{"path":"","propertyPath":"/SALES_AREA_VKORG","modelName":"NewYardModel"},"interaction":{"idSuffix":"inner"}},"clearTextFirst":true,"interactionType":"ENTER_TEXT"}]}
RESULT: {"script":"<script> [776 bytes]","args":[{"enterText":"C002","selector":{"controlType":"sap.m.Input","viewName":"etm.portal.ui.manageyards.view.New","viewId":"application-manageyards-display-component---NewYard","bindingPath":{"path":"","propertyPath":"/SALES_AREA_VKORG","modelName":"NewYardModel"},"interaction":{"idSuffix":"inner"}},"clearTextFirst":true,"interactionType":"ENTER_TEXT"}]}
COMMAND: POST /session/665038b064f9c445da0a9920eb0da919/execute/async - {"script":"<script> [1562 bytes]","args":[{"selector":{"controlType":"sap.m.Input","viewName":"etm.portal.ui.manageyards.view.New","viewId":"application-manageyards-display-component---NewYard","bindingPath":{"path":"","propertyPath":"/SALES_AREA_VTWEG","modelName":"NewYardModel"},"interaction":{"idSuffix":"inner"}},"wdio_ui5_key":"etmportal.ui.manageyards.view.Newsap.m.Input{\"path\":\"\",\"propertyPath\":\"/SALES_AREA_VTWEG\",\"modelName\":\"NewYardModel\"}"}]}
RESULT: {"script":"<script> [1562 bytes]","args":[{"selector":{"controlType":"sap.m.Input","viewName":"etm.portal.ui.manageyards.view.New","viewId":"application-manageyards-display-component---NewYard","bindingPath":{"path":"","propertyPath":"/SALES_AREA_VTWEG","modelName":"NewYardModel"},"interaction":{"idSuffix":"inner"}},"wdio_ui5_key":"etmportal.ui.manageyards.view.Newsap.m.Input{\"path\":\"\",\"propertyPath\":\"/SALES_AREA_VTWEG\",\"modelName\":\"NewYardModel\"}"}]}
RESULT: undefined
COMMAND: POST /session/665038b064f9c445da0a9920eb0da919/execute/async - {"script":"<script> [776 bytes]","args":[{"enterText":"C2","selector":{"controlType":"sap.m.Input","viewName":"etm.portal.ui.manageyards.view.New","viewId":"application-manageyards-display-component---NewYard","bindingPath":{"path":"","propertyPath":"/SALES_AREA_VTWEG","modelName":"NewYardModel"},"interaction":{"idSuffix":"inner"}},"clearTextFirst":true,"interactionType":"ENTER_TEXT"}]}
RESULT: {"script":"<script> [776 bytes]","args":[{"enterText":"C2","selector":{"controlType":"sap.m.Input","viewName":"etm.portal.ui.manageyards.view.New","viewId":"application-manageyards-display-component---NewYard","bindingPath":{"path":"","propertyPath":"/SALES_AREA_VTWEG","modelName":"NewYardModel"},"interaction":{"idSuffix":"inner"}},"clearTextFirst":true,"interactionType":"ENTER_TEXT"}]}
COMMAND: POST /session/665038b064f9c445da0a9920eb0da919/execute/async - {"script":"<script> [1562 bytes]","args":[{"selector":{"controlType":"sap.m.Input","viewName":"etm.portal.ui.manageyards.view.New","viewId":"application-manageyards-display-component---NewYard","bindingPath":{"path":"","propertyPath":"/SALES_AREA_SPART","modelName":"NewYardModel"},"interaction":{"idSuffix":"inner"}},"wdio_ui5_key":"etmportal.ui.manageyards.view.Newsap.m.Input{\"path\":\"\",\"propertyPath\":\"/SALES_AREA_SPART\",\"modelName\":\"NewYardModel\"}"}]}
RESULT: {"script":"<script> [1562 bytes]","args":[{"selector":{"controlType":"sap.m.Input","viewName":"etm.portal.ui.manageyards.view.New","viewId":"application-manageyards-display-component---NewYard","bindingPath":{"path":"","propertyPath":"/SALES_AREA_SPART","modelName":"NewYardModel"},"interaction":{"idSuffix":"inner"}},"wdio_ui5_key":"etmportal.ui.manageyards.view.Newsap.m.Input{\"path\":\"\",\"propertyPath\":\"/SALES_AREA_SPART\",\"modelName\":\"NewYardModel\"}"}]}
RESULT: undefined
COMMAND: POST /session/665038b064f9c445da0a9920eb0da919/execute/async - {"script":"<script> [776 bytes]","args":[{"enterText":"C2","selector":{"controlType":"sap.m.Input","viewName":"etm.portal.ui.manageyards.view.New","viewId":"application-manageyards-display-component---NewYard","bindingPath":{"path":"","propertyPath":"/SALES_AREA_SPART","modelName":"NewYardModel"},"interaction":{"idSuffix":"inner"}},"clearTextFirst":true,"interactionType":"ENTER_TEXT"}]}
RESULT: {"script":"<script> [776 bytes]","args":[{"enterText":"C2","selector":{"controlType":"sap.m.Input","viewName":"etm.portal.ui.manageyards.view.New","viewId":"application-manageyards-display-component---NewYard","bindingPath":{"path":"","propertyPath":"/SALES_AREA_SPART","modelName":"NewYardModel"},"interaction":{"idSuffix":"inner"}},"clearTextFirst":true,"interactionType":"ENTER_TEXT"}]}
COMMAND: POST /session/665038b064f9c445da0a9920eb0da919/execute/async - {"script":"<script> [1562 bytes]","args":[{"selector":{"controlType":"sap.m.Input","viewName":"etm.portal.ui.manageyards.view.New","viewId":"application-manageyards-display-component---NewYard","bindingPath":{"path":"","propertyPath":"/SHIP_POINT","modelName":"NewYardModel"},"interaction":{"idSuffix":"inner"}},"wdio_ui5_key":"etmportal.ui.manageyards.view.Newsap.m.Input{\"path\":\"\",\"propertyPath\":\"/SHIP_POINT\",\"modelName\":\"NewYardModel\"}"}]}
RESULT: {"script":"<script> [1562 bytes]","args":[{"selector":{"controlType":"sap.m.Input","viewName":"etm.portal.ui.manageyards.view.New","viewId":"application-manageyards-display-component---NewYard","bindingPath":{"path":"","propertyPath":"/SHIP_POINT","modelName":"NewYardModel"},"interaction":{"idSuffix":"inner"}},"wdio_ui5_key":"etmportal.ui.manageyards.view.Newsap.m.Input{\"path\":\"\",\"propertyPath\":\"/SHIP_POINT\",\"modelName\":\"NewYardModel\"}"}]}
RESULT: undefined
COMMAND: POST /session/665038b064f9c445da0a9920eb0da919/execute/async - {"script":"<script> [776 bytes]","args":[{"enterText":"1710","selector":{"controlType":"sap.m.Input","viewName":"etm.portal.ui.manageyards.view.New","viewId":"application-manageyards-display-component---NewYard","bindingPath":{"path":"","propertyPath":"/SHIP_POINT","modelName":"NewYardModel"},"interaction":{"idSuffix":"inner"}},"clearTextFirst":true,"interactionType":"ENTER_TEXT"}]}
RESULT: {"script":"<script> [776 bytes]","args":[{"enterText":"1710","selector":{"controlType":"sap.m.Input","viewName":"etm.portal.ui.manageyards.view.New","viewId":"application-manageyards-display-component---NewYard","bindingPath":{"path":"","propertyPath":"/SHIP_POINT","modelName":"NewYardModel"},"interaction":{"idSuffix":"inner"}},"clearTextFirst":true,"interactionType":"ENTER_TEXT"}]}
COMMAND: POST /session/665038b064f9c445da0a9920eb0da919/execute/async - {"script":"<script> [1562 bytes]","args":[{"selector":{"controlType":"sap.m.Input","viewName":"etm.portal.ui.manageyards.view.New","viewId":"application-manageyards-display-component---NewYard","bindingPath":{"path":"","propertyPath":"/DELIVERY_TYPE","modelName":"NewYardModel"},"interaction":{"idSuffix":"inner"}},"wdio_ui5_key":"etmportal.ui.manageyards.view.Newsap.m.Input{\"path\":\"\",\"propertyPath\":\"/DELIVERY_TYPE\",\"modelName\":\"NewYardModel\"}"}]}
RESULT: {"script":"<script> [1562 bytes]","args":[{"selector":{"controlType":"sap.m.Input","viewName":"etm.portal.ui.manageyards.view.New","viewId":"application-manageyards-display-component---NewYard","bindingPath":{"path":"","propertyPath":"/DELIVERY_TYPE","modelName":"NewYardModel"},"interaction":{"idSuffix":"inner"}},"wdio_ui5_key":"etmportal.ui.manageyards.view.Newsap.m.Input{\"path\":\"\",\"propertyPath\":\"/DELIVERY_TYPE\",\"modelName\":\"NewYardModel\"}"}]}
RESULT: undefined
COMMAND: POST /session/665038b064f9c445da0a9920eb0da919/execute/async - {"script":"<script> [776 bytes]","args":[{"enterText":"ZL01","selector":{"controlType":"sap.m.Input","viewName":"etm.portal.ui.manageyards.view.New","viewId":"application-manageyards-display-component---NewYard","bindingPath":{"path":"","propertyPath":"/DELIVERY_TYPE","modelName":"NewYardModel"},"interaction":{"idSuffix":"inner"}},"clearTextFirst":true,"interactionType":"ENTER_TEXT"}]}
RESULT: {"script":"<script> [776 bytes]","args":[{"enterText":"ZL01","selector":{"controlType":"sap.m.Input","viewName":"etm.portal.ui.manageyards.view.New","viewId":"application-manageyards-display-component---NewYard","bindingPath":{"path":"","propertyPath":"/DELIVERY_TYPE","modelName":"NewYardModel"},"interaction":{"idSuffix":"inner"}},"clearTextFirst":true,"interactionType":"ENTER_TEXT"}]}
COMMAND: POST /session/665038b064f9c445da0a9920eb0da919/execute/async - {"script":"<script> [1562 bytes]","args":[{"selector":{"controlType":"sap.m.Input","viewName":"etm.portal.ui.manageyards.view.New","viewId":"application-manageyards-display-component---NewYard","bindingPath":{"path":"","propertyPath":"/AUART","modelName":"NewYardModel"},"interaction":{"idSuffix":"inner"}},"wdio_ui5_key":"etmportal.ui.manageyards.view.Newsap.m.Input{\"path\":\"\",\"propertyPath\":\"/AUART\",\"modelName\":\"NewYardModel\"}"}]}
RESULT: {"script":"<script> [1562 bytes]","args":[{"selector":{"controlType":"sap.m.Input","viewName":"etm.portal.ui.manageyards.view.New","viewId":"application-manageyards-display-component---NewYard","bindingPath":{"path":"","propertyPath":"/AUART","modelName":"NewYardModel"},"interaction":{"idSuffix":"inner"}},"wdio_ui5_key":"etmportal.ui.manageyards.view.Newsap.m.Input{\"path\":\"\",\"propertyPath\":\"/AUART\",\"modelName\":\"NewYardModel\"}"}]}
RESULT: undefined
COMMAND: POST /session/665038b064f9c445da0a9920eb0da919/execute/async - {"script":"<script> [776 bytes]","args":[{"enterText":"TA","selector":{"controlType":"sap.m.Input","viewName":"etm.portal.ui.manageyards.view.New","viewId":"application-manageyards-display-component---NewYard","bindingPath":{"path":"","propertyPath":"/AUART","modelName":"NewYardModel"},"interaction":{"idSuffix":"inner"}},"clearTextFirst":true,"interactionType":"ENTER_TEXT"}]}
RESULT: {"script":"<script> [776 bytes]","args":[{"enterText":"TA","selector":{"controlType":"sap.m.Input","viewName":"etm.portal.ui.manageyards.view.New","viewId":"application-manageyards-display-component---NewYard","bindingPath":{"path":"","propertyPath":"/AUART","modelName":"NewYardModel"},"interaction":{"idSuffix":"inner"}},"clearTextFirst":true,"interactionType":"ENTER_TEXT"}]}
COMMAND: POST /session/665038b064f9c445da0a9920eb0da919/element - {"using":"xpath","value":"//button[@data-kt=\"newYardSaveButton\"]"}
RESULT: {"using":"xpath","value":"//button[@data-kt=\"newYardSaveButton\"]"}
COMMAND: POST /session/665038b064f9c445da0a9920eb0da919/element/f.52921EAA7B6B91DB5228A1971BFC5B49.d.E54F83B6BC8AD0CB74BFDF291851957C.e.740/click - {}
RESULT: {}
COMMAND: GET /session/665038b064f9c445da0a9920eb0da919/screenshot - {}
RESULT: {}
COMMAND: POST /session/665038b064f9c445da0a9920eb0da919/element - {"using":"xpath","value":"//header[contains(@id, 'ObjectPageLayout-headerTitle')]/div[1]/div[2]/div[1]/span[1]"}
RESULT: {"using":"xpath","value":"//header[contains(@id, 'ObjectPageLayout-headerTitle')]/div[1]/div[2]/div[1]/span[1]"}
COMMAND: POST /session/665038b064f9c445da0a9920eb0da919/elements - {"using":"xpath","value":"//header[contains(@id, 'ObjectPageLayout-headerTitle')]/div[1]/div[2]/div[1]/span[1]"}
RESULT: {"using":"xpath","value":"//header[contains(@id, 'ObjectPageLayout-headerTitle')]/div[1]/div[2]/div[1]/span[1]"}
COMMAND: POST /session/665038b064f9c445da0a9920eb0da919/execute/sync - {"script":"<script> [56 bytes]","args":[{"element-6066-11e4-a52e-4f735466cecf":"f.52921EAA7B6B91DB5228A1971BFC5B49.d.E54F83B6BC8AD0CB74BFDF291851957C.e.1038","ELEMENT":"f.52921EAA7B6B91DB5228A1971BFC5B49.d.E54F83B6BC8AD0CB74BFDF291851957C.e.1038"}]}
RESULT: {"script":"<script> [56 bytes]","args":[{"element-6066-11e4-a52e-4f735466cecf":"f.52921EAA7B6B91DB5228A1971BFC5B49.d.E54F83B6BC8AD0CB74BFDF291851957C.e.1038","ELEMENT":"f.52921EAA7B6B91DB5228A1971BFC5B49.d.E54F83B6BC8AD0CB74BFDF291851957C.e.1038"}]}
COMMAND: GET /session/665038b064f9c445da0a9920eb0da919/screenshot - {}
RESULT: {}
COMMAND: POST /session/665038b064f9c445da0a9920eb0da919/element - {"using":"css selector","value":"#shell-header-logo"}
RESULT: {"using":"css selector","value":"#shell-header-logo"}
COMMAND: POST /session/665038b064f9c445da0a9920eb0da919/element/f.52921EAA7B6B91DB5228A1971BFC5B49.d.E54F83B6BC8AD0CB74BFDF291851957C.e.291/click - {}
RESULT: {}
COMMAND: GET /session/665038b064f9c445da0a9920eb0da919/screenshot - {}
RESULT: {}
COMMAND: POST /session/665038b064f9c445da0a9920eb0da919/execute/sync - {"script":"<script> [299 bytes]","args":[["getModel","getResource"]]}
RESULT: {"script":"<script> [299 bytes]","args":[["getModel","getResource"]]}
COMMAND: GET /session/665038b064f9c445da0a9920eb0da919/screenshot - {}
]]></system-out>
    </testcase>
  </testsuite>
  <testsuite timestamp="2025-05-05T16:46:30" time="678.134" tests="6" failures="0" errors="0" skipped="0">
    <properties>
      <property name="specId" value="0" />
      <property name="suiteName" value="Yard Overview Autoplanning US130989" />
      <property name="capabilities" value="chrome.135_0_7049_96.windows" />
      <property name="file" value="file:///D:/a/1/s/test/specs/HTR/yard-overview-autoplanning.spec.js" />
    </properties>
    <testcase classname="chrome.135_0_7049_96.windows.Yard_Overview_Autoplanning_US130989" name="Prereq Should create a new yard used for all following tests" time="0.013">
      <system-out><![CDATA[
COMMAND: POST /session/665038b064f9c445da0a9920eb0da919/window/fullscreen - {}
RESULT: {}
]]></system-out>
    </testcase>
    <testcase classname="chrome.135_0_7049_96.windows.Yard_Overview_Autoplanning_US130989" name="Prereq Should create a new partner" time="149.399">
      <system-out><![CDATA[
COMMAND: POST /session/665038b064f9c445da0a9920eb0da919/window/fullscreen - {}
RESULT: {}
COMMAND: POST /session/665038b064f9c445da0a9920eb0da919/execute/async - {"script":"<script> [1562 bytes]","args":[{"selector":{"controlType":"sap.m.GenericTile","properties":{"header":"Manage Partners"}},"wdio_ui5_key":"sapm.GenericTile{\"header\":\"Manage Partners\"}"}]}
RESULT: {"script":"<script> [1562 bytes]","args":[{"selector":{"controlType":"sap.m.GenericTile","properties":{"header":"Manage Partners"}},"wdio_ui5_key":"sapm.GenericTile{\"header\":\"Manage Partners\"}"}]}
RESULT: undefined
COMMAND: POST /session/665038b064f9c445da0a9920eb0da919/element - {"using":"xpath","value":"//*[@id=\"__tile38\"]"}
RESULT: {"using":"xpath","value":"//*[@id=\"__tile38\"]"}
COMMAND: POST /session/665038b064f9c445da0a9920eb0da919/element/f.52921EAA7B6B91DB5228A1971BFC5B49.d.FE980E392AE32A78B8A19466FE787BA3.e.1695/click - {}
RESULT: {}
COMMAND: POST /session/665038b064f9c445da0a9920eb0da919/element - {"using":"xpath","value":"//button[@data-kt=\"addButton\"]"}
COMMAND: GET /session/665038b064f9c445da0a9920eb0da919/screenshot - {}
RESULT: {"using":"xpath","value":"//button[@data-kt=\"addButton\"]"}
COMMAND: POST /session/665038b064f9c445da0a9920eb0da919/elements - {"using":"xpath","value":"//button[@data-kt=\"addButton\"]"}
RESULT: {}
RESULT: {"using":"xpath","value":"//button[@data-kt=\"addButton\"]"}
COMMAND: POST /session/665038b064f9c445da0a9920eb0da919/elements - {"using":"xpath","value":"//button[@data-kt=\"addButton\"]"}
RESULT: {"using":"xpath","value":"//button[@data-kt=\"addButton\"]"}
COMMAND: POST /session/665038b064f9c445da0a9920eb0da919/elements - {"using":"xpath","value":"//button[@data-kt=\"addButton\"]"}
RESULT: {"using":"xpath","value":"//button[@data-kt=\"addButton\"]"}
COMMAND: POST /session/665038b064f9c445da0a9920eb0da919/elements - {"using":"xpath","value":"//button[@data-kt=\"addButton\"]"}
RESULT: {"using":"xpath","value":"//button[@data-kt=\"addButton\"]"}
COMMAND: POST /session/665038b064f9c445da0a9920eb0da919/elements - {"using":"xpath","value":"//button[@data-kt=\"addButton\"]"}
RESULT: {"using":"xpath","value":"//button[@data-kt=\"addButton\"]"}
COMMAND: POST /session/665038b064f9c445da0a9920eb0da919/elements - {"using":"xpath","value":"//button[@data-kt=\"addButton\"]"}
RESULT: {"using":"xpath","value":"//button[@data-kt=\"addButton\"]"}
COMMAND: POST /session/665038b064f9c445da0a9920eb0da919/elements - {"using":"xpath","value":"//button[@data-kt=\"addButton\"]"}
RESULT: {"using":"xpath","value":"//button[@data-kt=\"addButton\"]"}
COMMAND: POST /session/665038b064f9c445da0a9920eb0da919/elements - {"using":"xpath","value":"//button[@data-kt=\"addButton\"]"}
RESULT: {"using":"xpath","value":"//button[@data-kt=\"addButton\"]"}
COMMAND: POST /session/665038b064f9c445da0a9920eb0da919/elements - {"using":"xpath","value":"//button[@data-kt=\"addButton\"]"}
RESULT: {"using":"xpath","value":"//button[@data-kt=\"addButton\"]"}
COMMAND: POST /session/665038b064f9c445da0a9920eb0da919/elements - {"using":"xpath","value":"//button[@data-kt=\"addButton\"]"}
RESULT: {"using":"xpath","value":"//button[@data-kt=\"addButton\"]"}
COMMAND: POST /session/665038b064f9c445da0a9920eb0da919/elements - {"using":"xpath","value":"//button[@data-kt=\"addButton\"]"}
RESULT: {"using":"xpath","value":"//button[@data-kt=\"addButton\"]"}
COMMAND: POST /session/665038b064f9c445da0a9920eb0da919/elements - {"using":"xpath","value":"//button[@data-kt=\"addButton\"]"}
RESULT: {"using":"xpath","value":"//button[@data-kt=\"addButton\"]"}
COMMAND: POST /session/665038b064f9c445da0a9920eb0da919/elements - {"using":"xpath","value":"//button[@data-kt=\"addButton\"]"}
RESULT: {"using":"xpath","value":"//button[@data-kt=\"addButton\"]"}
COMMAND: POST /session/665038b064f9c445da0a9920eb0da919/elements - {"using":"xpath","value":"//button[@data-kt=\"addButton\"]"}
RESULT: {"using":"xpath","value":"//button[@data-kt=\"addButton\"]"}
COMMAND: POST /session/665038b064f9c445da0a9920eb0da919/elements - {"using":"xpath","value":"//button[@data-kt=\"addButton\"]"}
RESULT: {"using":"xpath","value":"//button[@data-kt=\"addButton\"]"}
COMMAND: POST /session/665038b064f9c445da0a9920eb0da919/elements - {"using":"xpath","value":"//button[@data-kt=\"addButton\"]"}
RESULT: {"using":"xpath","value":"//button[@data-kt=\"addButton\"]"}
COMMAND: POST /session/665038b064f9c445da0a9920eb0da919/elements - {"using":"xpath","value":"//button[@data-kt=\"addButton\"]"}
RESULT: {"using":"xpath","value":"//button[@data-kt=\"addButton\"]"}
COMMAND: POST /session/665038b064f9c445da0a9920eb0da919/elements - {"using":"xpath","value":"//button[@data-kt=\"addButton\"]"}
RESULT: {"using":"xpath","value":"//button[@data-kt=\"addButton\"]"}
COMMAND: POST /session/665038b064f9c445da0a9920eb0da919/elements - {"using":"xpath","value":"//button[@data-kt=\"addButton\"]"}
RESULT: {"using":"xpath","value":"//button[@data-kt=\"addButton\"]"}
COMMAND: POST /session/665038b064f9c445da0a9920eb0da919/elements - {"using":"xpath","value":"//button[@data-kt=\"addButton\"]"}
RESULT: {"using":"xpath","value":"//button[@data-kt=\"addButton\"]"}
COMMAND: POST /session/665038b064f9c445da0a9920eb0da919/elements - {"using":"xpath","value":"//button[@data-kt=\"addButton\"]"}
RESULT: {"using":"xpath","value":"//button[@data-kt=\"addButton\"]"}
COMMAND: POST /session/665038b064f9c445da0a9920eb0da919/elements - {"using":"xpath","value":"//button[@data-kt=\"addButton\"]"}
RESULT: {"using":"xpath","value":"//button[@data-kt=\"addButton\"]"}
COMMAND: POST /session/665038b064f9c445da0a9920eb0da919/elements - {"using":"xpath","value":"//button[@data-kt=\"addButton\"]"}
RESULT: {"using":"xpath","value":"//button[@data-kt=\"addButton\"]"}
COMMAND: POST /session/665038b064f9c445da0a9920eb0da919/elements - {"using":"xpath","value":"//button[@data-kt=\"addButton\"]"}
RESULT: {"using":"xpath","value":"//button[@data-kt=\"addButton\"]"}
COMMAND: POST /session/665038b064f9c445da0a9920eb0da919/elements - {"using":"xpath","value":"//button[@data-kt=\"addButton\"]"}
RESULT: {"using":"xpath","value":"//button[@data-kt=\"addButton\"]"}
COMMAND: POST /session/665038b064f9c445da0a9920eb0da919/elements - {"using":"xpath","value":"//button[@data-kt=\"addButton\"]"}
RESULT: {"using":"xpath","value":"//button[@data-kt=\"addButton\"]"}
COMMAND: POST /session/665038b064f9c445da0a9920eb0da919/elements - {"using":"xpath","value":"//button[@data-kt=\"addButton\"]"}
RESULT: {"using":"xpath","value":"//button[@data-kt=\"addButton\"]"}
COMMAND: POST /session/665038b064f9c445da0a9920eb0da919/elements - {"using":"xpath","value":"//button[@data-kt=\"addButton\"]"}
RESULT: {"using":"xpath","value":"//button[@data-kt=\"addButton\"]"}
COMMAND: POST /session/665038b064f9c445da0a9920eb0da919/elements - {"using":"xpath","value":"//button[@data-kt=\"addButton\"]"}
RESULT: {"using":"xpath","value":"//button[@data-kt=\"addButton\"]"}
COMMAND: POST /session/665038b064f9c445da0a9920eb0da919/elements - {"using":"xpath","value":"//button[@data-kt=\"addButton\"]"}
RESULT: {"using":"xpath","value":"//button[@data-kt=\"addButton\"]"}
COMMAND: POST /session/665038b064f9c445da0a9920eb0da919/elements - {"using":"xpath","value":"//button[@data-kt=\"addButton\"]"}
RESULT: {"using":"xpath","value":"//button[@data-kt=\"addButton\"]"}
COMMAND: POST /session/665038b064f9c445da0a9920eb0da919/elements - {"using":"xpath","value":"//button[@data-kt=\"addButton\"]"}
RESULT: {"using":"xpath","value":"//button[@data-kt=\"addButton\"]"}
COMMAND: POST /session/665038b064f9c445da0a9920eb0da919/elements - {"using":"xpath","value":"//button[@data-kt=\"addButton\"]"}
RESULT: {"using":"xpath","value":"//button[@data-kt=\"addButton\"]"}
COMMAND: POST /session/665038b064f9c445da0a9920eb0da919/elements - {"using":"xpath","value":"//button[@data-kt=\"addButton\"]"}
RESULT: {"using":"xpath","value":"//button[@data-kt=\"addButton\"]"}
COMMAND: POST /session/665038b064f9c445da0a9920eb0da919/element - {"using":"xpath","value":"//button[@data-kt=\"addButton\"]"}
RESULT: {"using":"xpath","value":"//button[@data-kt=\"addButton\"]"}
COMMAND: POST /session/665038b064f9c445da0a9920eb0da919/execute/sync - {"script":"<script> [8489 bytes]","args":[{"element-6066-11e4-a52e-4f735466cecf":"f.52921EAA7B6B91DB5228A1971BFC5B49.d.FE980E392AE32A78B8A19466FE787BA3.e.1845","ELEMENT":"f.52921EAA7B6B91DB5228A1971BFC5B49.d.FE980E392AE32A78B8A19466FE787BA3.e.1845"}]}
RESULT: {"script":"<script> [8489 bytes]","args":[{"element-6066-11e4-a52e-4f735466cecf":"f.52921EAA7B6B91DB5228A1971BFC5B49.d.FE980E392AE32A78B8A19466FE787BA3.e.1845","ELEMENT":"f.52921EAA7B6B91DB5228A1971BFC5B49.d.FE980E392AE32A78B8A19466FE787BA3.e.1845"}]}
COMMAND: GET /session/665038b064f9c445da0a9920eb0da919/element/f.52921EAA7B6B91DB5228A1971BFC5B49.d.FE980E392AE32A78B8A19466FE787BA3.e.1845/enabled - {}
COMMAND: GET /session/665038b064f9c445da0a9920eb0da919/screenshot - {}
RESULT: {}
COMMAND: POST /session/665038b064f9c445da0a9920eb0da919/execute/sync - {"script":"<script> [8489 bytes]","args":[{"element-6066-11e4-a52e-4f735466cecf":"f.52921EAA7B6B91DB5228A1971BFC5B49.d.FE980E392AE32A78B8A19466FE787BA3.e.1845","ELEMENT":"f.52921EAA7B6B91DB5228A1971BFC5B49.d.FE980E392AE32A78B8A19466FE787BA3.e.1845"}]}
COMMAND: GET /session/665038b064f9c445da0a9920eb0da919/screenshot - {}
RESULT: {}
RESULT: {"script":"<script> [8489 bytes]","args":[{"element-6066-11e4-a52e-4f735466cecf":"f.52921EAA7B6B91DB5228A1971BFC5B49.d.FE980E392AE32A78B8A19466FE787BA3.e.1845","ELEMENT":"f.52921EAA7B6B91DB5228A1971BFC5B49.d.FE980E392AE32A78B8A19466FE787BA3.e.1845"}]}
COMMAND: POST /session/665038b064f9c445da0a9920eb0da919/execute/sync - {"script":"<script> [5351 bytes]","args":[{"element-6066-11e4-a52e-4f735466cecf":"f.52921EAA7B6B91DB5228A1971BFC5B49.d.FE980E392AE32A78B8A19466FE787BA3.e.1845","ELEMENT":"f.52921EAA7B6B91DB5228A1971BFC5B49.d.FE980E392AE32A78B8A19466FE787BA3.e.1845"}]}
COMMAND: GET /session/665038b064f9c445da0a9920eb0da919/screenshot - {}
RESULT: {}
RESULT: {"script":"<script> [5351 bytes]","args":[{"element-6066-11e4-a52e-4f735466cecf":"f.52921EAA7B6B91DB5228A1971BFC5B49.d.FE980E392AE32A78B8A19466FE787BA3.e.1845","ELEMENT":"f.52921EAA7B6B91DB5228A1971BFC5B49.d.FE980E392AE32A78B8A19466FE787BA3.e.1845"}]}
COMMAND: POST /session/665038b064f9c445da0a9920eb0da919/element/f.52921EAA7B6B91DB5228A1971BFC5B49.d.FE980E392AE32A78B8A19466FE787BA3.e.1845/click - {}
COMMAND: GET /session/665038b064f9c445da0a9920eb0da919/screenshot - {}
RESULT: {}
RESULT: {}
COMMAND: GET /session/665038b064f9c445da0a9920eb0da919/screenshot - {}
RESULT: {}
RESULT: {}
COMMAND: POST /session/665038b064f9c445da0a9920eb0da919/execute/async - {"script":"<script> [1562 bytes]","args":[{"selector":{"id":"application-managepartners-display-component---NewPartner--addressDetailDetailsName1","interaction":{"idSuffix":"inner"}},"wdio_ui5_key":"applicationmanagepartners-display-component---NewPartner--addressDetailDetailsName1"}]}
RESULT: {"script":"<script> [1562 bytes]","args":[{"selector":{"id":"application-managepartners-display-component---NewPartner--addressDetailDetailsName1","interaction":{"idSuffix":"inner"}},"wdio_ui5_key":"applicationmanagepartners-display-component---NewPartner--addressDetailDetailsName1"}]}
RESULT: undefined
COMMAND: POST /session/665038b064f9c445da0a9920eb0da919/execute/async - {"script":"<script> [776 bytes]","args":[{"enterText":"Intracompany Partner WDIO","selector":{"id":"application-managepartners-display-component---NewPartner--addressDetailDetailsName1","interaction":{"idSuffix":"inner"}},"clearTextFirst":true,"interactionType":"ENTER_TEXT"}]}
RESULT: {"script":"<script> [776 bytes]","args":[{"enterText":"Intracompany Partner WDIO","selector":{"id":"application-managepartners-display-component---NewPartner--addressDetailDetailsName1","interaction":{"idSuffix":"inner"}},"clearTextFirst":true,"interactionType":"ENTER_TEXT"}]}
COMMAND: POST /session/665038b064f9c445da0a9920eb0da919/execute/async - {"script":"<script> [1562 bytes]","args":[{"selector":{"id":"application-managepartners-display-component---NewPartner--addressDetailDetailsLanguage-arrow"},"wdio_ui5_key":"applicationmanagepartners-display-component---NewPartner--addressDetailDetailsLanguage-arrow"}]}
RESULT: {"script":"<script> [1562 bytes]","args":[{"selector":{"id":"application-managepartners-display-component---NewPartner--addressDetailDetailsLanguage-arrow"},"wdio_ui5_key":"applicationmanagepartners-display-component---NewPartner--addressDetailDetailsLanguage-arrow"}]}
RESULT: undefined
COMMAND: POST /session/665038b064f9c445da0a9920eb0da919/element - {"using":"xpath","value":"//*[@id=\"application-managepartners-display-component---NewPartner--addressDetailDetailsLanguage-arrow\"]"}
RESULT: {"using":"xpath","value":"//*[@id=\"application-managepartners-display-component---NewPartner--addressDetailDetailsLanguage-arrow\"]"}
COMMAND: POST /session/665038b064f9c445da0a9920eb0da919/element/f.52921EAA7B6B91DB5228A1971BFC5B49.d.FE980E392AE32A78B8A19466FE787BA3.e.2299/click - {}
RESULT: {}
COMMAND: POST /session/665038b064f9c445da0a9920eb0da919/element - {"using":"xpath","value":"//span[contains(text(), \"English\")]"}
COMMAND: GET /session/665038b064f9c445da0a9920eb0da919/screenshot - {}
RESULT: {"using":"xpath","value":"//span[contains(text(), \"English\")]"}
COMMAND: POST /session/665038b064f9c445da0a9920eb0da919/element/f.52921EAA7B6B91DB5228A1971BFC5B49.d.FE980E392AE32A78B8A19466FE787BA3.e.2300/click - {}
RESULT: {}
RESULT: {}
COMMAND: GET /session/665038b064f9c445da0a9920eb0da919/screenshot - {}
RESULT: {}
COMMAND: POST /session/665038b064f9c445da0a9920eb0da919/execute/async - {"script":"<script> [1562 bytes]","args":[{"selector":{"id":"application-managepartners-display-component---NewPartner--addressDetailDetailsCity1","interaction":{"idSuffix":"inner"}},"wdio_ui5_key":"applicationmanagepartners-display-component---NewPartner--addressDetailDetailsCity1"}]}
RESULT: {"script":"<script> [1562 bytes]","args":[{"selector":{"id":"application-managepartners-display-component---NewPartner--addressDetailDetailsCity1","interaction":{"idSuffix":"inner"}},"wdio_ui5_key":"applicationmanagepartners-display-component---NewPartner--addressDetailDetailsCity1"}]}
RESULT: undefined
COMMAND: POST /session/665038b064f9c445da0a9920eb0da919/execute/async - {"script":"<script> [776 bytes]","args":[{"enterText":"Rosario","selector":{"id":"application-managepartners-display-component---NewPartner--addressDetailDetailsCity1","interaction":{"idSuffix":"inner"}},"clearTextFirst":true,"interactionType":"ENTER_TEXT"}]}
RESULT: {"script":"<script> [776 bytes]","args":[{"enterText":"Rosario","selector":{"id":"application-managepartners-display-component---NewPartner--addressDetailDetailsCity1","interaction":{"idSuffix":"inner"}},"clearTextFirst":true,"interactionType":"ENTER_TEXT"}]}
COMMAND: POST /session/665038b064f9c445da0a9920eb0da919/execute/async - {"script":"<script> [1562 bytes]","args":[{"selector":{"id":"application-managepartners-display-component---NewPartner--addressDetailDetailsCountry-arrow"},"wdio_ui5_key":"applicationmanagepartners-display-component---NewPartner--addressDetailDetailsCountry-arrow"}]}
RESULT: {"script":"<script> [1562 bytes]","args":[{"selector":{"id":"application-managepartners-display-component---NewPartner--addressDetailDetailsCountry-arrow"},"wdio_ui5_key":"applicationmanagepartners-display-component---NewPartner--addressDetailDetailsCountry-arrow"}]}
RESULT: undefined
COMMAND: POST /session/665038b064f9c445da0a9920eb0da919/element - {"using":"xpath","value":"//*[@id=\"application-managepartners-display-component---NewPartner--addressDetailDetailsCountry-arrow\"]"}
RESULT: {"using":"xpath","value":"//*[@id=\"application-managepartners-display-component---NewPartner--addressDetailDetailsCountry-arrow\"]"}
COMMAND: POST /session/665038b064f9c445da0a9920eb0da919/element/f.52921EAA7B6B91DB5228A1971BFC5B49.d.FE980E392AE32A78B8A19466FE787BA3.e.2263/click - {}
RESULT: {}
COMMAND: POST /session/665038b064f9c445da0a9920eb0da919/element - {"using":"xpath","value":"//span[contains(text(), \"Argentina\")]"}
COMMAND: GET /session/665038b064f9c445da0a9920eb0da919/screenshot - {}
RESULT: {"using":"xpath","value":"//span[contains(text(), \"Argentina\")]"}
COMMAND: POST /session/665038b064f9c445da0a9920eb0da919/element/f.52921EAA7B6B91DB5228A1971BFC5B49.d.FE980E392AE32A78B8A19466FE787BA3.e.2302/click - {}
RESULT: {}
RESULT: {}
COMMAND: GET /session/665038b064f9c445da0a9920eb0da919/screenshot - {}
RESULT: {}
COMMAND: POST /session/665038b064f9c445da0a9920eb0da919/element - {"using":"xpath","value":"//bdi[contains(text(), \"Commercial\")]"}
RESULT: {"using":"xpath","value":"//bdi[contains(text(), \"Commercial\")]"}
COMMAND: POST /session/665038b064f9c445da0a9920eb0da919/element/f.52921EAA7B6B91DB5228A1971BFC5B49.d.FE980E392AE32A78B8A19466FE787BA3.e.2303/click - {}
RESULT: {}
COMMAND: GET /session/665038b064f9c445da0a9920eb0da919/screenshot - {}
RESULT: {}
COMMAND: POST /session/665038b064f9c445da0a9920eb0da919/execute/async - {"script":"<script> [1562 bytes]","args":[{"selector":{"id":"application-managepartners-display-component---NewPartner--partnerDetailInternal-arrow"},"wdio_ui5_key":"applicationmanagepartners-display-component---NewPartner--partnerDetailInternal-arrow"}]}
RESULT: {"script":"<script> [1562 bytes]","args":[{"selector":{"id":"application-managepartners-display-component---NewPartner--partnerDetailInternal-arrow"},"wdio_ui5_key":"applicationmanagepartners-display-component---NewPartner--partnerDetailInternal-arrow"}]}
RESULT: undefined
COMMAND: POST /session/665038b064f9c445da0a9920eb0da919/element - {"using":"xpath","value":"//*[@id=\"application-managepartners-display-component---NewPartner--partnerDetailInternal-arrow\"]"}
RESULT: {"using":"xpath","value":"//*[@id=\"application-managepartners-display-component---NewPartner--partnerDetailInternal-arrow\"]"}
COMMAND: POST /session/665038b064f9c445da0a9920eb0da919/element/f.52921EAA7B6B91DB5228A1971BFC5B49.d.FE980E392AE32A78B8A19466FE787BA3.e.2309/click - {}
RESULT: {}
COMMAND: POST /session/665038b064f9c445da0a9920eb0da919/element - {"using":"xpath","value":"//span[contains(text(), \"Affiliated company\")]"}
COMMAND: GET /session/665038b064f9c445da0a9920eb0da919/screenshot - {}
RESULT: {"using":"xpath","value":"//span[contains(text(), \"Affiliated company\")]"}
COMMAND: POST /session/665038b064f9c445da0a9920eb0da919/element/f.52921EAA7B6B91DB5228A1971BFC5B49.d.FE980E392AE32A78B8A19466FE787BA3.e.2312/click - {}
RESULT: {}
RESULT: {}
COMMAND: POST /session/665038b064f9c445da0a9920eb0da919/execute/async - {"script":"<script> [1562 bytes]","args":[{"selector":{"id":"application-managepartners-display-component---NewPartner--partnerDetailsCurrency-arrow"},"wdio_ui5_key":"applicationmanagepartners-display-component---NewPartner--partnerDetailsCurrency-arrow"}]}
COMMAND: GET /session/665038b064f9c445da0a9920eb0da919/screenshot - {}
RESULT: {"script":"<script> [1562 bytes]","args":[{"selector":{"id":"application-managepartners-display-component---NewPartner--partnerDetailsCurrency-arrow"},"wdio_ui5_key":"applicationmanagepartners-display-component---NewPartner--partnerDetailsCurrency-arrow"}]}
RESULT: undefined
COMMAND: POST /session/665038b064f9c445da0a9920eb0da919/element - {"using":"xpath","value":"//*[@id=\"application-managepartners-display-component---NewPartner--partnerDetailsCurrency-arrow\"]"}
RESULT: {}
RESULT: {"using":"xpath","value":"//*[@id=\"application-managepartners-display-component---NewPartner--partnerDetailsCurrency-arrow\"]"}
COMMAND: POST /session/665038b064f9c445da0a9920eb0da919/element/f.52921EAA7B6B91DB5228A1971BFC5B49.d.FE980E392AE32A78B8A19466FE787BA3.e.2319/click - {}
RESULT: {}
COMMAND: POST /session/665038b064f9c445da0a9920eb0da919/element - {"using":"xpath","value":"//span[contains(text(), \"Euro\")]"}
COMMAND: GET /session/665038b064f9c445da0a9920eb0da919/screenshot - {}
RESULT: {"using":"xpath","value":"//span[contains(text(), \"Euro\")]"}
COMMAND: POST /session/665038b064f9c445da0a9920eb0da919/element/f.52921EAA7B6B91DB5228A1971BFC5B49.d.FE980E392AE32A78B8A19466FE787BA3.e.2320/click - {}
RESULT: {}
RESULT: {}
COMMAND: POST /session/665038b064f9c445da0a9920eb0da919/execute/async - {"script":"<script> [1562 bytes]","args":[{"selector":{"id":"application-managepartners-display-component---NewPartner--addressEditDetailsCostObjectCstType-arrow"},"wdio_ui5_key":"applicationmanagepartners-display-component---NewPartner--addressEditDetailsCostObjectCstType-arrow"}]}
COMMAND: GET /session/665038b064f9c445da0a9920eb0da919/screenshot - {}
RESULT: {"script":"<script> [1562 bytes]","args":[{"selector":{"id":"application-managepartners-display-component---NewPartner--addressEditDetailsCostObjectCstType-arrow"},"wdio_ui5_key":"applicationmanagepartners-display-component---NewPartner--addressEditDetailsCostObjectCstType-arrow"}]}
RESULT: undefined
COMMAND: POST /session/665038b064f9c445da0a9920eb0da919/element - {"using":"xpath","value":"//*[@id=\"application-managepartners-display-component---NewPartner--addressEditDetailsCostObjectCstType-arrow\"]"}
RESULT: {}
RESULT: {"using":"xpath","value":"//*[@id=\"application-managepartners-display-component---NewPartner--addressEditDetailsCostObjectCstType-arrow\"]"}
COMMAND: POST /session/665038b064f9c445da0a9920eb0da919/element/f.52921EAA7B6B91DB5228A1971BFC5B49.d.FE980E392AE32A78B8A19466FE787BA3.e.2321/click - {}
RESULT: {}
COMMAND: POST /session/665038b064f9c445da0a9920eb0da919/element - {"using":"xpath","value":"//span[contains(text(), \"Cost Center\")]"}
COMMAND: GET /session/665038b064f9c445da0a9920eb0da919/screenshot - {}
RESULT: {"using":"xpath","value":"//span[contains(text(), \"Cost Center\")]"}
COMMAND: POST /session/665038b064f9c445da0a9920eb0da919/element/f.52921EAA7B6B91DB5228A1971BFC5B49.d.FE980E392AE32A78B8A19466FE787BA3.e.2322/click - {}
RESULT: {}
RESULT: {}
COMMAND: GET /session/665038b064f9c445da0a9920eb0da919/screenshot - {}
RESULT: {}
COMMAND: POST /session/665038b064f9c445da0a9920eb0da919/element - {"using":"xpath","value":"//span[@id=\"application-managepartners-display-component---NewPartner--addressNewCostObjectCstID-vhi\"]"}
RESULT: {"using":"xpath","value":"//span[@id=\"application-managepartners-display-component---NewPartner--addressNewCostObjectCstID-vhi\"]"}
COMMAND: POST /session/665038b064f9c445da0a9920eb0da919/execute/sync - {"script":"<script> [8489 bytes]","args":[{"element-6066-11e4-a52e-4f735466cecf":"f.52921EAA7B6B91DB5228A1971BFC5B49.d.FE980E392AE32A78B8A19466FE787BA3.e.2326","ELEMENT":"f.52921EAA7B6B91DB5228A1971BFC5B49.d.FE980E392AE32A78B8A19466FE787BA3.e.2326"}]}
RESULT: {"script":"<script> [8489 bytes]","args":[{"element-6066-11e4-a52e-4f735466cecf":"f.52921EAA7B6B91DB5228A1971BFC5B49.d.FE980E392AE32A78B8A19466FE787BA3.e.2326","ELEMENT":"f.52921EAA7B6B91DB5228A1971BFC5B49.d.FE980E392AE32A78B8A19466FE787BA3.e.2326"}]}
COMMAND: POST /session/665038b064f9c445da0a9920eb0da919/execute/async - {"script":"<script> [1562 bytes]","args":[{"selector":{"id":"application-managepartners-display-component---NewPartner--addressNewCostObjectCstID-vhi"},"wdio_ui5_key":"applicationmanagepartners-display-component---NewPartner--addressNewCostObjectCstID-vhi"}]}
COMMAND: GET /session/665038b064f9c445da0a9920eb0da919/screenshot - {}
RESULT: {"script":"<script> [1562 bytes]","args":[{"selector":{"id":"application-managepartners-display-component---NewPartner--addressNewCostObjectCstID-vhi"},"wdio_ui5_key":"applicationmanagepartners-display-component---NewPartner--addressNewCostObjectCstID-vhi"}]}
RESULT: undefined
COMMAND: POST /session/665038b064f9c445da0a9920eb0da919/element - {"using":"xpath","value":"//*[@id=\"application-managepartners-display-component---NewPartner--addressNewCostObjectCstID-vhi\"]"}
RESULT: {}
RESULT: {"using":"xpath","value":"//*[@id=\"application-managepartners-display-component---NewPartner--addressNewCostObjectCstID-vhi\"]"}
COMMAND: POST /session/665038b064f9c445da0a9920eb0da919/element/f.52921EAA7B6B91DB5228A1971BFC5B49.d.FE980E392AE32A78B8A19466FE787BA3.e.2326/click - {}
RESULT: {}
COMMAND: GET /session/665038b064f9c445da0a9920eb0da919/screenshot - {}
RESULT: {}
COMMAND: POST /session/665038b064f9c445da0a9920eb0da919/execute/async - {"script":"<script> [1562 bytes]","args":[{"selector":{"controlType":"sap.m.SearchField","properties":{"placeholder":"Search"},"searchOpenDialogs":true,"interaction":{"idSuffix":"I"}},"wdio_ui5_key":"sapm.SearchField{\"placeholder\":\"Search\"}"}]}
RESULT: {"script":"<script> [1562 bytes]","args":[{"selector":{"controlType":"sap.m.SearchField","properties":{"placeholder":"Search"},"searchOpenDialogs":true,"interaction":{"idSuffix":"I"}},"wdio_ui5_key":"sapm.SearchField{\"placeholder\":\"Search\"}"}]}
RESULT: undefined
COMMAND: POST /session/665038b064f9c445da0a9920eb0da919/execute/async - {"script":"<script> [776 bytes]","args":[{"enterText":"10001013","selector":{"controlType":"sap.m.SearchField","properties":{"placeholder":"Search"},"searchOpenDialogs":true,"interaction":{"idSuffix":"I"}},"clearTextFirst":true,"interactionType":"ENTER_TEXT"}]}
RESULT: {"script":"<script> [776 bytes]","args":[{"enterText":"10001013","selector":{"controlType":"sap.m.SearchField","properties":{"placeholder":"Search"},"searchOpenDialogs":true,"interaction":{"idSuffix":"I"}},"clearTextFirst":true,"interactionType":"ENTER_TEXT"}]}
COMMAND: POST /session/665038b064f9c445da0a9920eb0da919/actions - {"actions":[{"id":"action2","type":"key","parameters":{},"actions":[{"type":"keyDown","value":"î€‡"},{"type":"pause","duration":10},{"type":"keyUp","value":"î€‡"}]}]}
RESULT: {"actions":[{"id":"action2","type":"key","parameters":{},"actions":[{"type":"keyDown","value":"î€‡"},{"type":"pause","duration":10},{"type":"keyUp","value":"î€‡"}]}]}
COMMAND: GET /session/665038b064f9c445da0a9920eb0da919/screenshot - {}
RESULT: {}
COMMAND: POST /session/665038b064f9c445da0a9920eb0da919/element - {"using":"xpath","value":"//span[contains(text(), \"General Management\")]"}
RESULT: {"using":"xpath","value":"//span[contains(text(), \"General Management\")]"}
COMMAND: POST /session/665038b064f9c445da0a9920eb0da919/element/f.52921EAA7B6B91DB5228A1971BFC5B49.d.FE980E392AE32A78B8A19466FE787BA3.e.2369/click - {}
RESULT: {}
COMMAND: GET /session/665038b064f9c445da0a9920eb0da919/screenshot - {}
RESULT: {}
COMMAND: POST /session/665038b064f9c445da0a9920eb0da919/element - {"using":"xpath","value":"//bdi[contains(text(), \"OK\")]"}
RESULT: {"using":"xpath","value":"//bdi[contains(text(), \"OK\")]"}
COMMAND: POST /session/665038b064f9c445da0a9920eb0da919/element/f.52921EAA7B6B91DB5228A1971BFC5B49.d.FE980E392AE32A78B8A19466FE787BA3.e.2370/click - {}
RESULT: {}
COMMAND: GET /session/665038b064f9c445da0a9920eb0da919/screenshot - {}
RESULT: {}
COMMAND: POST /session/665038b064f9c445da0a9920eb0da919/element - {"using":"xpath","value":"//input[@id=\"application-managepartners-display-component---NewPartner--companyCodeComboBox-inner\"]"}
RESULT: {"using":"xpath","value":"//input[@id=\"application-managepartners-display-component---NewPartner--companyCodeComboBox-inner\"]"}
COMMAND: POST /session/665038b064f9c445da0a9920eb0da919/element/f.52921EAA7B6B91DB5228A1971BFC5B49.d.FE980E392AE32A78B8A19466FE787BA3.e.2258/clear - {}
RESULT: {}
COMMAND: POST /session/665038b064f9c445da0a9920eb0da919/element/f.52921EAA7B6B91DB5228A1971BFC5B49.d.FE980E392AE32A78B8A19466FE787BA3.e.2258/value - {"text":"1000"}
COMMAND: GET /session/665038b064f9c445da0a9920eb0da919/screenshot - {}
RESULT: {"text":"1000"}
COMMAND: GET /session/665038b064f9c445da0a9920eb0da919/screenshot - {}
RESULT: {}
RESULT: {}
COMMAND: POST /session/665038b064f9c445da0a9920eb0da919/element - {"using":"xpath","value":"//span[contains(text(), \"1000\")]"}
RESULT: {"using":"xpath","value":"//span[contains(text(), \"1000\")]"}
COMMAND: POST /session/665038b064f9c445da0a9920eb0da919/element/f.52921EAA7B6B91DB5228A1971BFC5B49.d.FE980E392AE32A78B8A19466FE787BA3.e.2376/click - {}
RESULT: {}
COMMAND: GET /session/665038b064f9c445da0a9920eb0da919/screenshot - {}
RESULT: {}
COMMAND: POST /session/665038b064f9c445da0a9920eb0da919/execute/async - {"script":"<script> [1562 bytes]","args":[{"selector":{"id":"application-managepartners-display-component---NewPartner--btnAddTableRow-img"},"wdio_ui5_key":"applicationmanagepartners-display-component---NewPartner--btnAddTableRow-img"}]}
RESULT: {"script":"<script> [1562 bytes]","args":[{"selector":{"id":"application-managepartners-display-component---NewPartner--btnAddTableRow-img"},"wdio_ui5_key":"applicationmanagepartners-display-component---NewPartner--btnAddTableRow-img"}]}
RESULT: undefined
COMMAND: POST /session/665038b064f9c445da0a9920eb0da919/element - {"using":"xpath","value":"//*[@id=\"application-managepartners-display-component---NewPartner--btnAddTableRow-img\"]"}
RESULT: {"using":"xpath","value":"//*[@id=\"application-managepartners-display-component---NewPartner--btnAddTableRow-img\"]"}
COMMAND: POST /session/665038b064f9c445da0a9920eb0da919/element/f.52921EAA7B6B91DB5228A1971BFC5B49.d.FE980E392AE32A78B8A19466FE787BA3.e.2377/click - {}
RESULT: {}
COMMAND: GET /session/665038b064f9c445da0a9920eb0da919/screenshot - {}
RESULT: {}
COMMAND: POST /session/665038b064f9c445da0a9920eb0da919/element - {"using":"xpath","value":"//input[@id=\"application-managepartners-display-component---NewPartner--assignmentYard-application-managepartners-display-component---NewPartner--assignmentsTable-0-inner\"]"}
RESULT: {"using":"xpath","value":"//input[@id=\"application-managepartners-display-component---NewPartner--assignmentYard-application-managepartners-display-component---NewPartner--assignmentsTable-0-inner\"]"}
COMMAND: POST /session/665038b064f9c445da0a9920eb0da919/element/f.52921EAA7B6B91DB5228A1971BFC5B49.d.FE980E392AE32A78B8A19466FE787BA3.e.2380/clear - {}
RESULT: {}
COMMAND: POST /session/665038b064f9c445da0a9920eb0da919/element/f.52921EAA7B6B91DB5228A1971BFC5B49.d.FE980E392AE32A78B8A19466FE787BA3.e.2380/value - {"text":"591"}
COMMAND: GET /session/665038b064f9c445da0a9920eb0da919/screenshot - {}
RESULT: {"text":"591"}
COMMAND: GET /session/665038b064f9c445da0a9920eb0da919/screenshot - {}
RESULT: {}
RESULT: {}
COMMAND: POST /session/665038b064f9c445da0a9920eb0da919/element - {"using":"xpath","value":"//li[.//span[text()='591']]"}
RESULT: {"using":"xpath","value":"//li[.//span[text()='591']]"}
COMMAND: POST /session/665038b064f9c445da0a9920eb0da919/element/f.52921EAA7B6B91DB5228A1971BFC5B49.d.FE980E392AE32A78B8A19466FE787BA3.e.2389/click - {}
RESULT: {}
COMMAND: GET /session/665038b064f9c445da0a9920eb0da919/screenshot - {}
RESULT: {}
COMMAND: POST /session/665038b064f9c445da0a9920eb0da919/actions - {"actions":[{"id":"action3","type":"key","parameters":{},"actions":[{"type":"keyDown","value":"î€‡"},{"type":"pause","duration":10},{"type":"keyUp","value":"î€‡"}]}]}
RESULT: {"actions":[{"id":"action3","type":"key","parameters":{},"actions":[{"type":"keyDown","value":"î€‡"},{"type":"pause","duration":10},{"type":"keyUp","value":"î€‡"}]}]}
COMMAND: POST /session/665038b064f9c445da0a9920eb0da919/execute/async - {"script":"<script> [1562 bytes]","args":[{"selector":{"id":"application-managepartners-display-component---NewPartner--externalCustomerComboBox-application-managepartners-display-component---NewPartner--assignmentsTable-0-vhi"},"wdio_ui5_key":"applicationmanagepartners-display-component---NewPartner--externalCustomerComboBox-application-managepartners-display-component---NewPartner--assignmentsTable-0-vhi"}]}
COMMAND: GET /session/665038b064f9c445da0a9920eb0da919/screenshot - {}
RESULT: {"script":"<script> [1562 bytes]","args":[{"selector":{"id":"application-managepartners-display-component---NewPartner--externalCustomerComboBox-application-managepartners-display-component---NewPartner--assignmentsTable-0-vhi"},"wdio_ui5_key":"applicationmanagepartners-display-component---NewPartner--externalCustomerComboBox-application-managepartners-display-component---NewPartner--assignmentsTable-0-vhi"}]}
RESULT: undefined
COMMAND: POST /session/665038b064f9c445da0a9920eb0da919/element - {"using":"xpath","value":"//*[@id=\"application-managepartners-display-component---NewPartner--externalCustomerComboBox-application-managepartners-display-component---NewPartner--assignmentsTable-0-vhi\"]"}
RESULT: {}
RESULT: {"using":"xpath","value":"//*[@id=\"application-managepartners-display-component---NewPartner--externalCustomerComboBox-application-managepartners-display-component---NewPartner--assignmentsTable-0-vhi\"]"}
COMMAND: POST /session/665038b064f9c445da0a9920eb0da919/element/f.52921EAA7B6B91DB5228A1971BFC5B49.d.FE980E392AE32A78B8A19466FE787BA3.e.2393/click - {}
RESULT: {}
RESULT: undefined
COMMAND: POST /session/665038b064f9c445da0a9920eb0da919/execute/async - {"script":"<script> [776 bytes]","args":[{"enterText":"300003","selector":{"controlType":"sap.m.SearchField","properties":{"placeholder":"Search"},"searchOpenDialogs":true,"interaction":{"idSuffix":"I"}},"clearTextFirst":true,"interactionType":"ENTER_TEXT"}]}
COMMAND: GET /session/665038b064f9c445da0a9920eb0da919/screenshot - {}
RESULT: {"script":"<script> [776 bytes]","args":[{"enterText":"300003","selector":{"controlType":"sap.m.SearchField","properties":{"placeholder":"Search"},"searchOpenDialogs":true,"interaction":{"idSuffix":"I"}},"clearTextFirst":true,"interactionType":"ENTER_TEXT"}]}
COMMAND: POST /session/665038b064f9c445da0a9920eb0da919/actions - {"actions":[{"id":"action4","type":"key","parameters":{},"actions":[{"type":"keyDown","value":"î€‡"},{"type":"pause","duration":10},{"type":"keyUp","value":"î€‡"}]}]}
RESULT: {}
RESULT: {"actions":[{"id":"action4","type":"key","parameters":{},"actions":[{"type":"keyDown","value":"î€‡"},{"type":"pause","duration":10},{"type":"keyUp","value":"î€‡"}]}]}
COMMAND: GET /session/665038b064f9c445da0a9920eb0da919/screenshot - {}
RESULT: {}
COMMAND: POST /session/665038b064f9c445da0a9920eb0da919/element - {"using":"xpath","value":"//span[contains(text(), \"300003\")]"}
RESULT: {"using":"xpath","value":"//span[contains(text(), \"300003\")]"}
COMMAND: POST /session/665038b064f9c445da0a9920eb0da919/element/f.52921EAA7B6B91DB5228A1971BFC5B49.d.FE980E392AE32A78B8A19466FE787BA3.e.2411/click - {}
RESULT: {}
COMMAND: GET /session/665038b064f9c445da0a9920eb0da919/screenshot - {}
RESULT: {}
COMMAND: POST /session/665038b064f9c445da0a9920eb0da919/element - {"using":"xpath","value":"//bdi[contains(text(), \"OK\")]"}
RESULT: {"using":"xpath","value":"//bdi[contains(text(), \"OK\")]"}
COMMAND: POST /session/665038b064f9c445da0a9920eb0da919/element/f.52921EAA7B6B91DB5228A1971BFC5B49.d.FE980E392AE32A78B8A19466FE787BA3.e.2413/click - {}
RESULT: {}
COMMAND: GET /session/665038b064f9c445da0a9920eb0da919/screenshot - {}
RESULT: {}
COMMAND: POST /session/665038b064f9c445da0a9920eb0da919/execute/async - {"script":"<script> [1562 bytes]","args":[{"selector":{"id":"application-managepartners-display-component---NewPartner--intercompVendorComboBox-application-managepartners-display-component---NewPartner--assignmentsTable-0-vhi"},"wdio_ui5_key":"applicationmanagepartners-display-component---NewPartner--intercompVendorComboBox-application-managepartners-display-component---NewPartner--assignmentsTable-0-vhi"}]}
RESULT: {"script":"<script> [1562 bytes]","args":[{"selector":{"id":"application-managepartners-display-component---NewPartner--intercompVendorComboBox-application-managepartners-display-component---NewPartner--assignmentsTable-0-vhi"},"wdio_ui5_key":"applicationmanagepartners-display-component---NewPartner--intercompVendorComboBox-application-managepartners-display-component---NewPartner--assignmentsTable-0-vhi"}]}
RESULT: undefined
COMMAND: POST /session/665038b064f9c445da0a9920eb0da919/element - {"using":"xpath","value":"//*[@id=\"application-managepartners-display-component---NewPartner--intercompVendorComboBox-application-managepartners-display-component---NewPartner--assignmentsTable-0-vhi\"]"}
RESULT: {"using":"xpath","value":"//*[@id=\"application-managepartners-display-component---NewPartner--intercompVendorComboBox-application-managepartners-display-component---NewPartner--assignmentsTable-0-vhi\"]"}
COMMAND: POST /session/665038b064f9c445da0a9920eb0da919/element/f.52921EAA7B6B91DB5228A1971BFC5B49.d.FE980E392AE32A78B8A19466FE787BA3.e.2416/click - {}
RESULT: {}
RESULT: undefined
COMMAND: POST /session/665038b064f9c445da0a9920eb0da919/execute/async - {"script":"<script> [776 bytes]","args":[{"enterText":"100005","selector":{"controlType":"sap.m.SearchField","properties":{"placeholder":"Search"},"searchOpenDialogs":true,"interaction":{"idSuffix":"I"}},"clearTextFirst":true,"interactionType":"ENTER_TEXT"}]}
COMMAND: GET /session/665038b064f9c445da0a9920eb0da919/screenshot - {}
RESULT: {"script":"<script> [776 bytes]","args":[{"enterText":"100005","selector":{"controlType":"sap.m.SearchField","properties":{"placeholder":"Search"},"searchOpenDialogs":true,"interaction":{"idSuffix":"I"}},"clearTextFirst":true,"interactionType":"ENTER_TEXT"}]}
COMMAND: POST /session/665038b064f9c445da0a9920eb0da919/actions - {"actions":[{"id":"action5","type":"key","parameters":{},"actions":[{"type":"keyDown","value":"î€‡"},{"type":"pause","duration":10},{"type":"keyUp","value":"î€‡"}]}]}
RESULT: {}
RESULT: {"actions":[{"id":"action5","type":"key","parameters":{},"actions":[{"type":"keyDown","value":"î€‡"},{"type":"pause","duration":10},{"type":"keyUp","value":"î€‡"}]}]}
COMMAND: GET /session/665038b064f9c445da0a9920eb0da919/screenshot - {}
RESULT: {}
COMMAND: POST /session/665038b064f9c445da0a9920eb0da919/element - {"using":"xpath","value":"//span[contains(text(), \"Penguins - Field/12345 Berlin\")]"}
RESULT: {"using":"xpath","value":"//span[contains(text(), \"Penguins - Field/12345 Berlin\")]"}
COMMAND: POST /session/665038b064f9c445da0a9920eb0da919/element/f.52921EAA7B6B91DB5228A1971BFC5B49.d.FE980E392AE32A78B8A19466FE787BA3.e.2434/click - {}
RESULT: {}
COMMAND: GET /session/665038b064f9c445da0a9920eb0da919/screenshot - {}
RESULT: {}
COMMAND: POST /session/665038b064f9c445da0a9920eb0da919/element - {"using":"xpath","value":"//bdi[contains(text(), \"OK\")]"}
RESULT: {"using":"xpath","value":"//bdi[contains(text(), \"OK\")]"}
COMMAND: POST /session/665038b064f9c445da0a9920eb0da919/element/f.52921EAA7B6B91DB5228A1971BFC5B49.d.FE980E392AE32A78B8A19466FE787BA3.e.2435/click - {}
RESULT: {}
COMMAND: GET /session/665038b064f9c445da0a9920eb0da919/screenshot - {}
RESULT: {}
COMMAND: POST /session/665038b064f9c445da0a9920eb0da919/element - {"using":"xpath","value":"//button[@data-kt=\"saveButton\"]"}
RESULT: {"using":"xpath","value":"//button[@data-kt=\"saveButton\"]"}
COMMAND: POST /session/665038b064f9c445da0a9920eb0da919/element/f.52921EAA7B6B91DB5228A1971BFC5B49.d.FE980E392AE32A78B8A19466FE787BA3.e.2284/click - {}
RESULT: {}
COMMAND: GET /session/665038b064f9c445da0a9920eb0da919/screenshot - {}
RESULT: {}
COMMAND: POST /session/665038b064f9c445da0a9920eb0da919/element - {"using":"xpath","value":"//header[contains(@id, 'ObjectPageLayout-headerTitle')]/div[1]/div[2]/div[2]/span[1]"}
RESULT: {"using":"xpath","value":"//header[contains(@id, 'ObjectPageLayout-headerTitle')]/div[1]/div[2]/div[2]/span[1]"}
COMMAND: POST /session/665038b064f9c445da0a9920eb0da919/elements - {"using":"xpath","value":"//header[contains(@id, 'ObjectPageLayout-headerTitle')]/div[1]/div[2]/div[2]/span[1]"}
RESULT: {"using":"xpath","value":"//header[contains(@id, 'ObjectPageLayout-headerTitle')]/div[1]/div[2]/div[2]/span[1]"}
COMMAND: POST /session/665038b064f9c445da0a9920eb0da919/execute/sync - {"script":"<script> [56 bytes]","args":[{"element-6066-11e4-a52e-4f735466cecf":"f.52921EAA7B6B91DB5228A1971BFC5B49.d.FE980E392AE32A78B8A19466FE787BA3.e.2598","ELEMENT":"f.52921EAA7B6B91DB5228A1971BFC5B49.d.FE980E392AE32A78B8A19466FE787BA3.e.2598"}]}
RESULT: {"script":"<script> [56 bytes]","args":[{"element-6066-11e4-a52e-4f735466cecf":"f.52921EAA7B6B91DB5228A1971BFC5B49.d.FE980E392AE32A78B8A19466FE787BA3.e.2598","ELEMENT":"f.52921EAA7B6B91DB5228A1971BFC5B49.d.FE980E392AE32A78B8A19466FE787BA3.e.2598"}]}
COMMAND: POST /session/665038b064f9c445da0a9920eb0da919/element - {"using":"css selector","value":"#shell-header-logo"}
COMMAND: GET /session/665038b064f9c445da0a9920eb0da919/screenshot - {}
RESULT: {"using":"css selector","value":"#shell-header-logo"}
COMMAND: POST /session/665038b064f9c445da0a9920eb0da919/element/f.52921EAA7B6B91DB5228A1971BFC5B49.d.FE980E392AE32A78B8A19466FE787BA3.e.1809/click - {}
RESULT: {}
RESULT: {}
COMMAND: GET /session/665038b064f9c445da0a9920eb0da919/screenshot - {}
RESULT: {}
COMMAND: POST /session/665038b064f9c445da0a9920eb0da919/execute/sync - {"script":"<script> [299 bytes]","args":[["getModel","getResource"]]}
RESULT: {"script":"<script> [299 bytes]","args":[["getModel","getResource"]]}
]]></system-out>
    </testcase>
    <testcase classname="chrome.135_0_7049_96.windows.Yard_Overview_Autoplanning_US130989" name="Prereq Should create a new site" time="119.211">
      <system-out><![CDATA[
COMMAND: GET /session/665038b064f9c445da0a9920eb0da919/screenshot - {}
COMMAND: POST /session/665038b064f9c445da0a9920eb0da919/execute/async - {"script":"<script> [1562 bytes]","args":[{"selector":{"controlType":"sap.m.TileContent","bindingPath":{"path":"","propertyPath":"/properties/info"},"ancestor":{"controlType":"sap.m.GenericTile","properties":{"header":"Manage Sites"}}},"wdio_ui5_key":"sapm.TileContent{\"path\":\"\",\"propertyPath\":\"/properties/info\"}{\"controlType\":\"sap.m.GenericTile\",\"properties\":{\"header\":\"Manage Sites\"}}"}]}
RESULT: {}
RESULT: {"script":"<script> [1562 bytes]","args":[{"selector":{"controlType":"sap.m.TileContent","bindingPath":{"path":"","propertyPath":"/properties/info"},"ancestor":{"controlType":"sap.m.GenericTile","properties":{"header":"Manage Sites"}}},"wdio_ui5_key":"sapm.TileContent{\"path\":\"\",\"propertyPath\":\"/properties/info\"}{\"controlType\":\"sap.m.GenericTile\",\"properties\":{\"header\":\"Manage Sites\"}}"}]}
RESULT: undefined
COMMAND: POST /session/665038b064f9c445da0a9920eb0da919/element - {"using":"xpath","value":"//*[@id=\"__xmlview7--numericTileContent\"]"}
RESULT: {"using":"xpath","value":"//*[@id=\"__xmlview7--numericTileContent\"]"}
COMMAND: POST /session/665038b064f9c445da0a9920eb0da919/element/f.52921EAA7B6B91DB5228A1971BFC5B49.d.FE980E392AE32A78B8A19466FE787BA3.e.2600/click - {}
RESULT: {}
COMMAND: POST /session/665038b064f9c445da0a9920eb0da919/element - {"using":"xpath","value":"//button[@data-kt=\"addOverflowToolbarButton\"]"}
COMMAND: GET /session/665038b064f9c445da0a9920eb0da919/screenshot - {}
RESULT: {"using":"xpath","value":"//button[@data-kt=\"addOverflowToolbarButton\"]"}
COMMAND: POST /session/665038b064f9c445da0a9920eb0da919/elements - {"using":"xpath","value":"//button[@data-kt=\"addOverflowToolbarButton\"]"}
RESULT: {}
RESULT: {"using":"xpath","value":"//button[@data-kt=\"addOverflowToolbarButton\"]"}
COMMAND: POST /session/665038b064f9c445da0a9920eb0da919/elements - {"using":"xpath","value":"//button[@data-kt=\"addOverflowToolbarButton\"]"}
RESULT: {"using":"xpath","value":"//button[@data-kt=\"addOverflowToolbarButton\"]"}
COMMAND: POST /session/665038b064f9c445da0a9920eb0da919/elements - {"using":"xpath","value":"//button[@data-kt=\"addOverflowToolbarButton\"]"}
RESULT: {"using":"xpath","value":"//button[@data-kt=\"addOverflowToolbarButton\"]"}
COMMAND: POST /session/665038b064f9c445da0a9920eb0da919/elements - {"using":"xpath","value":"//button[@data-kt=\"addOverflowToolbarButton\"]"}
RESULT: {"using":"xpath","value":"//button[@data-kt=\"addOverflowToolbarButton\"]"}
COMMAND: POST /session/665038b064f9c445da0a9920eb0da919/element - {"using":"xpath","value":"//button[@data-kt=\"addOverflowToolbarButton\"]"}
RESULT: {"using":"xpath","value":"//button[@data-kt=\"addOverflowToolbarButton\"]"}
COMMAND: POST /session/665038b064f9c445da0a9920eb0da919/execute/sync - {"script":"<script> [8489 bytes]","args":[{"element-6066-11e4-a52e-4f735466cecf":"f.52921EAA7B6B91DB5228A1971BFC5B49.d.FE980E392AE32A78B8A19466FE787BA3.e.2647","ELEMENT":"f.52921EAA7B6B91DB5228A1971BFC5B49.d.FE980E392AE32A78B8A19466FE787BA3.e.2647"}]}
RESULT: {"script":"<script> [8489 bytes]","args":[{"element-6066-11e4-a52e-4f735466cecf":"f.52921EAA7B6B91DB5228A1971BFC5B49.d.FE980E392AE32A78B8A19466FE787BA3.e.2647","ELEMENT":"f.52921EAA7B6B91DB5228A1971BFC5B49.d.FE980E392AE32A78B8A19466FE787BA3.e.2647"}]}
COMMAND: GET /session/665038b064f9c445da0a9920eb0da919/element/f.52921EAA7B6B91DB5228A1971BFC5B49.d.FE980E392AE32A78B8A19466FE787BA3.e.2647/enabled - {}
COMMAND: GET /session/665038b064f9c445da0a9920eb0da919/screenshot - {}
RESULT: {}
COMMAND: POST /session/665038b064f9c445da0a9920eb0da919/execute/sync - {"script":"<script> [8489 bytes]","args":[{"element-6066-11e4-a52e-4f735466cecf":"f.52921EAA7B6B91DB5228A1971BFC5B49.d.FE980E392AE32A78B8A19466FE787BA3.e.2647","ELEMENT":"f.52921EAA7B6B91DB5228A1971BFC5B49.d.FE980E392AE32A78B8A19466FE787BA3.e.2647"}]}
COMMAND: GET /session/665038b064f9c445da0a9920eb0da919/screenshot - {}
RESULT: {}
RESULT: {"script":"<script> [8489 bytes]","args":[{"element-6066-11e4-a52e-4f735466cecf":"f.52921EAA7B6B91DB5228A1971BFC5B49.d.FE980E392AE32A78B8A19466FE787BA3.e.2647","ELEMENT":"f.52921EAA7B6B91DB5228A1971BFC5B49.d.FE980E392AE32A78B8A19466FE787BA3.e.2647"}]}
COMMAND: POST /session/665038b064f9c445da0a9920eb0da919/execute/sync - {"script":"<script> [5351 bytes]","args":[{"element-6066-11e4-a52e-4f735466cecf":"f.52921EAA7B6B91DB5228A1971BFC5B49.d.FE980E392AE32A78B8A19466FE787BA3.e.2647","ELEMENT":"f.52921EAA7B6B91DB5228A1971BFC5B49.d.FE980E392AE32A78B8A19466FE787BA3.e.2647"}]}
COMMAND: GET /session/665038b064f9c445da0a9920eb0da919/screenshot - {}
RESULT: {}
RESULT: {"script":"<script> [5351 bytes]","args":[{"element-6066-11e4-a52e-4f735466cecf":"f.52921EAA7B6B91DB5228A1971BFC5B49.d.FE980E392AE32A78B8A19466FE787BA3.e.2647","ELEMENT":"f.52921EAA7B6B91DB5228A1971BFC5B49.d.FE980E392AE32A78B8A19466FE787BA3.e.2647"}]}
COMMAND: POST /session/665038b064f9c445da0a9920eb0da919/element/f.52921EAA7B6B91DB5228A1971BFC5B49.d.FE980E392AE32A78B8A19466FE787BA3.e.2647/click - {}
COMMAND: GET /session/665038b064f9c445da0a9920eb0da919/screenshot - {}
RESULT: {}
RESULT: {}
COMMAND: GET /session/665038b064f9c445da0a9920eb0da919/screenshot - {}
RESULT: {}
COMMAND: POST /session/665038b064f9c445da0a9920eb0da919/execute/async - {"script":"<script> [1562 bytes]","args":[{"selector":{"id":"application-managesites-display-component---NewSite--addressDetailDetailsName1","interaction":{"idSuffix":"inner"}},"wdio_ui5_key":"applicationmanagesites-display-component---NewSite--addressDetailDetailsName1"}]}
RESULT: {}
RESULT: {"script":"<script> [1562 bytes]","args":[{"selector":{"id":"application-managesites-display-component---NewSite--addressDetailDetailsName1","interaction":{"idSuffix":"inner"}},"wdio_ui5_key":"applicationmanagesites-display-component---NewSite--addressDetailDetailsName1"}]}
RESULT: undefined
COMMAND: POST /session/665038b064f9c445da0a9920eb0da919/execute/async - {"script":"<script> [776 bytes]","args":[{"enterText":"Intracompany Site wdIO","selector":{"id":"application-managesites-display-component---NewSite--addressDetailDetailsName1","interaction":{"idSuffix":"inner"}},"clearTextFirst":true,"interactionType":"ENTER_TEXT"}]}
RESULT: {"script":"<script> [776 bytes]","args":[{"enterText":"Intracompany Site wdIO","selector":{"id":"application-managesites-display-component---NewSite--addressDetailDetailsName1","interaction":{"idSuffix":"inner"}},"clearTextFirst":true,"interactionType":"ENTER_TEXT"}]}
COMMAND: POST /session/665038b064f9c445da0a9920eb0da919/execute/async - {"script":"<script> [1562 bytes]","args":[{"selector":{"id":"application-managesites-display-component---NewSite--addressDetailDetailsLanguage-arrow"},"wdio_ui5_key":"applicationmanagesites-display-component---NewSite--addressDetailDetailsLanguage-arrow"}]}
RESULT: {"script":"<script> [1562 bytes]","args":[{"selector":{"id":"application-managesites-display-component---NewSite--addressDetailDetailsLanguage-arrow"},"wdio_ui5_key":"applicationmanagesites-display-component---NewSite--addressDetailDetailsLanguage-arrow"}]}
RESULT: undefined
COMMAND: POST /session/665038b064f9c445da0a9920eb0da919/element - {"using":"xpath","value":"//*[@id=\"application-managesites-display-component---NewSite--addressDetailDetailsLanguage-arrow\"]"}
RESULT: {"using":"xpath","value":"//*[@id=\"application-managesites-display-component---NewSite--addressDetailDetailsLanguage-arrow\"]"}
COMMAND: POST /session/665038b064f9c445da0a9920eb0da919/element/f.52921EAA7B6B91DB5228A1971BFC5B49.d.FE980E392AE32A78B8A19466FE787BA3.e.3045/click - {}
RESULT: {}
COMMAND: POST /session/665038b064f9c445da0a9920eb0da919/element - {"using":"xpath","value":"//span[contains(text(), \"English\")]"}
COMMAND: GET /session/665038b064f9c445da0a9920eb0da919/screenshot - {}
RESULT: {"using":"xpath","value":"//span[contains(text(), \"English\")]"}
COMMAND: POST /session/665038b064f9c445da0a9920eb0da919/element/f.52921EAA7B6B91DB5228A1971BFC5B49.d.FE980E392AE32A78B8A19466FE787BA3.e.3046/click - {}
RESULT: {}
RESULT: {}
COMMAND: POST /session/665038b064f9c445da0a9920eb0da919/execute/async - {"script":"<script> [1562 bytes]","args":[{"selector":{"id":"application-managesites-display-component---NewSite--addressDetailDetailsCity1","interaction":{"idSuffix":"inner"}},"wdio_ui5_key":"applicationmanagesites-display-component---NewSite--addressDetailDetailsCity1"}]}
COMMAND: GET /session/665038b064f9c445da0a9920eb0da919/screenshot - {}
RESULT: {"script":"<script> [1562 bytes]","args":[{"selector":{"id":"application-managesites-display-component---NewSite--addressDetailDetailsCity1","interaction":{"idSuffix":"inner"}},"wdio_ui5_key":"applicationmanagesites-display-component---NewSite--addressDetailDetailsCity1"}]}
RESULT: undefined
COMMAND: POST /session/665038b064f9c445da0a9920eb0da919/execute/async - {"script":"<script> [776 bytes]","args":[{"enterText":"Rosario","selector":{"id":"application-managesites-display-component---NewSite--addressDetailDetailsCity1","interaction":{"idSuffix":"inner"}},"clearTextFirst":true,"interactionType":"ENTER_TEXT"}]}
RESULT: {}
RESULT: {"script":"<script> [776 bytes]","args":[{"enterText":"Rosario","selector":{"id":"application-managesites-display-component---NewSite--addressDetailDetailsCity1","interaction":{"idSuffix":"inner"}},"clearTextFirst":true,"interactionType":"ENTER_TEXT"}]}
COMMAND: POST /session/665038b064f9c445da0a9920eb0da919/execute/async - {"script":"<script> [1562 bytes]","args":[{"selector":{"id":"application-managesites-display-component---NewSite--addressDetailDetailsCountry-arrow"},"wdio_ui5_key":"applicationmanagesites-display-component---NewSite--addressDetailDetailsCountry-arrow"}]}
RESULT: {"script":"<script> [1562 bytes]","args":[{"selector":{"id":"application-managesites-display-component---NewSite--addressDetailDetailsCountry-arrow"},"wdio_ui5_key":"applicationmanagesites-display-component---NewSite--addressDetailDetailsCountry-arrow"}]}
RESULT: undefined
COMMAND: POST /session/665038b064f9c445da0a9920eb0da919/element - {"using":"xpath","value":"//*[@id=\"application-managesites-display-component---NewSite--addressDetailDetailsCountry-arrow\"]"}
RESULT: {"using":"xpath","value":"//*[@id=\"application-managesites-display-component---NewSite--addressDetailDetailsCountry-arrow\"]"}
COMMAND: POST /session/665038b064f9c445da0a9920eb0da919/element/f.52921EAA7B6B91DB5228A1971BFC5B49.d.FE980E392AE32A78B8A19466FE787BA3.e.3048/click - {}
RESULT: {}
COMMAND: POST /session/665038b064f9c445da0a9920eb0da919/element - {"using":"xpath","value":"//span[contains(text(), \"Argentina\")]"}
COMMAND: GET /session/665038b064f9c445da0a9920eb0da919/screenshot - {}
RESULT: {"using":"xpath","value":"//span[contains(text(), \"Argentina\")]"}
COMMAND: POST /session/665038b064f9c445da0a9920eb0da919/element/f.52921EAA7B6B91DB5228A1971BFC5B49.d.FE980E392AE32A78B8A19466FE787BA3.e.3050/click - {}
RESULT: {}
RESULT: {}
COMMAND: GET /session/665038b064f9c445da0a9920eb0da919/screenshot - {}
RESULT: {}
COMMAND: POST /session/665038b064f9c445da0a9920eb0da919/execute/async - {"script":"<script> [1562 bytes]","args":[{"selector":{"id":"application-managesites-display-component---NewSite--addressEditDetailsCostObjectCstType-arrow"},"wdio_ui5_key":"applicationmanagesites-display-component---NewSite--addressEditDetailsCostObjectCstType-arrow"}]}
RESULT: {"script":"<script> [1562 bytes]","args":[{"selector":{"id":"application-managesites-display-component---NewSite--addressEditDetailsCostObjectCstType-arrow"},"wdio_ui5_key":"applicationmanagesites-display-component---NewSite--addressEditDetailsCostObjectCstType-arrow"}]}
RESULT: undefined
COMMAND: POST /session/665038b064f9c445da0a9920eb0da919/element - {"using":"xpath","value":"//*[@id=\"application-managesites-display-component---NewSite--addressEditDetailsCostObjectCstType-arrow\"]"}
RESULT: {"using":"xpath","value":"//*[@id=\"application-managesites-display-component---NewSite--addressEditDetailsCostObjectCstType-arrow\"]"}
COMMAND: POST /session/665038b064f9c445da0a9920eb0da919/element/f.52921EAA7B6B91DB5228A1971BFC5B49.d.FE980E392AE32A78B8A19466FE787BA3.e.3051/click - {}
RESULT: {}
COMMAND: POST /session/665038b064f9c445da0a9920eb0da919/element - {"using":"xpath","value":"//span[contains(text(), \"Cost Center\")]"}
COMMAND: GET /session/665038b064f9c445da0a9920eb0da919/screenshot - {}
RESULT: {"using":"xpath","value":"//span[contains(text(), \"Cost Center\")]"}
COMMAND: POST /session/665038b064f9c445da0a9920eb0da919/element/f.52921EAA7B6B91DB5228A1971BFC5B49.d.FE980E392AE32A78B8A19466FE787BA3.e.3052/click - {}
RESULT: {}
RESULT: {}
COMMAND: GET /session/665038b064f9c445da0a9920eb0da919/screenshot - {}
RESULT: {}
COMMAND: POST /session/665038b064f9c445da0a9920eb0da919/element - {"using":"xpath","value":"//span[@id=\"application-managesites-display-component---NewSite--addressNewCostObjectCstID-vhi\"]"}
RESULT: {"using":"xpath","value":"//span[@id=\"application-managesites-display-component---NewSite--addressNewCostObjectCstID-vhi\"]"}
COMMAND: POST /session/665038b064f9c445da0a9920eb0da919/execute/sync - {"script":"<script> [8489 bytes]","args":[{"element-6066-11e4-a52e-4f735466cecf":"f.52921EAA7B6B91DB5228A1971BFC5B49.d.FE980E392AE32A78B8A19466FE787BA3.e.3057","ELEMENT":"f.52921EAA7B6B91DB5228A1971BFC5B49.d.FE980E392AE32A78B8A19466FE787BA3.e.3057"}]}
RESULT: {"script":"<script> [8489 bytes]","args":[{"element-6066-11e4-a52e-4f735466cecf":"f.52921EAA7B6B91DB5228A1971BFC5B49.d.FE980E392AE32A78B8A19466FE787BA3.e.3057","ELEMENT":"f.52921EAA7B6B91DB5228A1971BFC5B49.d.FE980E392AE32A78B8A19466FE787BA3.e.3057"}]}
COMMAND: POST /session/665038b064f9c445da0a9920eb0da919/execute/async - {"script":"<script> [1562 bytes]","args":[{"selector":{"id":"application-managesites-display-component---NewSite--addressNewCostObjectCstID-vhi"},"wdio_ui5_key":"applicationmanagesites-display-component---NewSite--addressNewCostObjectCstID-vhi"}]}
COMMAND: GET /session/665038b064f9c445da0a9920eb0da919/screenshot - {}
RESULT: {"script":"<script> [1562 bytes]","args":[{"selector":{"id":"application-managesites-display-component---NewSite--addressNewCostObjectCstID-vhi"},"wdio_ui5_key":"applicationmanagesites-display-component---NewSite--addressNewCostObjectCstID-vhi"}]}
RESULT: undefined
COMMAND: POST /session/665038b064f9c445da0a9920eb0da919/element - {"using":"xpath","value":"//*[@id=\"application-managesites-display-component---NewSite--addressNewCostObjectCstID-vhi\"]"}
RESULT: {}
RESULT: {"using":"xpath","value":"//*[@id=\"application-managesites-display-component---NewSite--addressNewCostObjectCstID-vhi\"]"}
COMMAND: POST /session/665038b064f9c445da0a9920eb0da919/element/f.52921EAA7B6B91DB5228A1971BFC5B49.d.FE980E392AE32A78B8A19466FE787BA3.e.3057/click - {}
RESULT: {}
COMMAND: GET /session/665038b064f9c445da0a9920eb0da919/screenshot - {}
RESULT: {}
RESULT: undefined
COMMAND: POST /session/665038b064f9c445da0a9920eb0da919/execute/async - {"script":"<script> [776 bytes]","args":[{"enterText":"10001013","selector":{"controlType":"sap.m.SearchField","properties":{"placeholder":"Search"},"searchOpenDialogs":true,"interaction":{"idSuffix":"I"}},"clearTextFirst":true,"interactionType":"ENTER_TEXT"}]}
RESULT: {"script":"<script> [776 bytes]","args":[{"enterText":"10001013","selector":{"controlType":"sap.m.SearchField","properties":{"placeholder":"Search"},"searchOpenDialogs":true,"interaction":{"idSuffix":"I"}},"clearTextFirst":true,"interactionType":"ENTER_TEXT"}]}
COMMAND: POST /session/665038b064f9c445da0a9920eb0da919/actions - {"actions":[{"id":"action6","type":"key","parameters":{},"actions":[{"type":"keyDown","value":"î€‡"},{"type":"pause","duration":10},{"type":"keyUp","value":"î€‡"}]}]}
RESULT: {"actions":[{"id":"action6","type":"key","parameters":{},"actions":[{"type":"keyDown","value":"î€‡"},{"type":"pause","duration":10},{"type":"keyUp","value":"î€‡"}]}]}
COMMAND: GET /session/665038b064f9c445da0a9920eb0da919/screenshot - {}
RESULT: {}
COMMAND: POST /session/665038b064f9c445da0a9920eb0da919/element - {"using":"xpath","value":"//span[contains(text(), \"General Management\")]"}
RESULT: {"using":"xpath","value":"//span[contains(text(), \"General Management\")]"}
COMMAND: POST /session/665038b064f9c445da0a9920eb0da919/element/f.52921EAA7B6B91DB5228A1971BFC5B49.d.FE980E392AE32A78B8A19466FE787BA3.e.3096/click - {}
RESULT: {}
COMMAND: GET /session/665038b064f9c445da0a9920eb0da919/screenshot - {}
RESULT: {}
COMMAND: POST /session/665038b064f9c445da0a9920eb0da919/element - {"using":"xpath","value":"//bdi[contains(text(), \"OK\")]"}
RESULT: {"using":"xpath","value":"//bdi[contains(text(), \"OK\")]"}
COMMAND: POST /session/665038b064f9c445da0a9920eb0da919/element/f.52921EAA7B6B91DB5228A1971BFC5B49.d.FE980E392AE32A78B8A19466FE787BA3.e.3097/click - {}
RESULT: {}
COMMAND: GET /session/665038b064f9c445da0a9920eb0da919/screenshot - {}
RESULT: {}
COMMAND: POST /session/665038b064f9c445da0a9920eb0da919/element - {"using":"xpath","value":"//input[@id=\"application-managesites-display-component---NewSite--addressDetailDetailsCalendar-inner\"]"}
RESULT: {"using":"xpath","value":"//input[@id=\"application-managesites-display-component---NewSite--addressDetailDetailsCalendar-inner\"]"}
COMMAND: POST /session/665038b064f9c445da0a9920eb0da919/element/f.52921EAA7B6B91DB5228A1971BFC5B49.d.FE980E392AE32A78B8A19466FE787BA3.e.2845/clear - {}
RESULT: {}
COMMAND: POST /session/665038b064f9c445da0a9920eb0da919/element/f.52921EAA7B6B91DB5228A1971BFC5B49.d.FE980E392AE32A78B8A19466FE787BA3.e.2845/value - {"text":"Unit"}
COMMAND: GET /session/665038b064f9c445da0a9920eb0da919/screenshot - {}
RESULT: {"text":"Unit"}
COMMAND: GET /session/665038b064f9c445da0a9920eb0da919/screenshot - {}
RESULT: {}
RESULT: {}
COMMAND: POST /session/665038b064f9c445da0a9920eb0da919/actions - {"actions":[{"id":"action7","type":"key","parameters":{},"actions":[{"type":"keyDown","value":"î€‡"},{"type":"pause","duration":10},{"type":"keyUp","value":"î€‡"}]}]}
RESULT: {"actions":[{"id":"action7","type":"key","parameters":{},"actions":[{"type":"keyDown","value":"î€‡"},{"type":"pause","duration":10},{"type":"keyUp","value":"î€‡"}]}]}
COMMAND: POST /session/665038b064f9c445da0a9920eb0da919/element - {"using":"xpath","value":"//input[@id=\"application-managesites-display-component---NewSite--addressDetailDetailsYard-inner\"]"}
COMMAND: GET /session/665038b064f9c445da0a9920eb0da919/screenshot - {}
RESULT: {"using":"xpath","value":"//input[@id=\"application-managesites-display-component---NewSite--addressDetailDetailsYard-inner\"]"}
COMMAND: POST /session/665038b064f9c445da0a9920eb0da919/element/f.52921EAA7B6B91DB5228A1971BFC5B49.d.FE980E392AE32A78B8A19466FE787BA3.e.2846/clear - {}
RESULT: {}
RESULT: {}
COMMAND: POST /session/665038b064f9c445da0a9920eb0da919/element/f.52921EAA7B6B91DB5228A1971BFC5B49.d.FE980E392AE32A78B8A19466FE787BA3.e.2846/value - {"text":"591"}
COMMAND: GET /session/665038b064f9c445da0a9920eb0da919/screenshot - {}
RESULT: {"text":"591"}
COMMAND: GET /session/665038b064f9c445da0a9920eb0da919/screenshot - {}
RESULT: {}
RESULT: {}
COMMAND: POST /session/665038b064f9c445da0a9920eb0da919/element - {"using":"xpath","value":"//li[.//span[text()='591']]"}
RESULT: {"using":"xpath","value":"//li[.//span[text()='591']]"}
COMMAND: POST /session/665038b064f9c445da0a9920eb0da919/element/f.52921EAA7B6B91DB5228A1971BFC5B49.d.FE980E392AE32A78B8A19466FE787BA3.e.3105/click - {}
RESULT: {}
COMMAND: GET /session/665038b064f9c445da0a9920eb0da919/screenshot - {}
RESULT: {}
COMMAND: POST /session/665038b064f9c445da0a9920eb0da919/element - {"using":"xpath","value":"//input[@id=\"application-managesites-display-component---NewSite--addressDetailDetailsPartner-inner\"]"}
RESULT: {"using":"xpath","value":"//input[@id=\"application-managesites-display-component---NewSite--addressDetailDetailsPartner-inner\"]"}
COMMAND: POST /session/665038b064f9c445da0a9920eb0da919/element - {"using":"xpath","value":"//input[@id=\"application-managesites-display-component---NewSite--addressDetailDetailsPartner-inner\"]"}
RESULT: {"using":"xpath","value":"//input[@id=\"application-managesites-display-component---NewSite--addressDetailDetailsPartner-inner\"]"}
COMMAND: POST /session/665038b064f9c445da0a9920eb0da919/element - {"using":"xpath","value":"//button[@data-kt=\"saveButton\"]"}
RESULT: {"using":"xpath","value":"//button[@data-kt=\"saveButton\"]"}
COMMAND: POST /session/665038b064f9c445da0a9920eb0da919/element/f.52921EAA7B6B91DB5228A1971BFC5B49.d.FE980E392AE32A78B8A19466FE787BA3.e.3030/click - {}
RESULT: {}
COMMAND: GET /session/665038b064f9c445da0a9920eb0da919/screenshot - {}
RESULT: {}
COMMAND: POST /session/665038b064f9c445da0a9920eb0da919/element - {"using":"xpath","value":"//header[contains(@id, 'ObjectPageLayout-headerTitle')]/div[1]/div[2]/div[2]/span[1]"}
RESULT: {"using":"xpath","value":"//header[contains(@id, 'ObjectPageLayout-headerTitle')]/div[1]/div[2]/div[2]/span[1]"}
COMMAND: POST /session/665038b064f9c445da0a9920eb0da919/elements - {"using":"xpath","value":"//header[contains(@id, 'ObjectPageLayout-headerTitle')]/div[1]/div[2]/div[2]/span[1]"}
RESULT: {"using":"xpath","value":"//header[contains(@id, 'ObjectPageLayout-headerTitle')]/div[1]/div[2]/div[2]/span[1]"}
COMMAND: POST /session/665038b064f9c445da0a9920eb0da919/execute/sync - {"script":"<script> [56 bytes]","args":[{"element-6066-11e4-a52e-4f735466cecf":"f.52921EAA7B6B91DB5228A1971BFC5B49.d.FE980E392AE32A78B8A19466FE787BA3.e.3307","ELEMENT":"f.52921EAA7B6B91DB5228A1971BFC5B49.d.FE980E392AE32A78B8A19466FE787BA3.e.3307"}]}
RESULT: {"script":"<script> [56 bytes]","args":[{"element-6066-11e4-a52e-4f735466cecf":"f.52921EAA7B6B91DB5228A1971BFC5B49.d.FE980E392AE32A78B8A19466FE787BA3.e.3307","ELEMENT":"f.52921EAA7B6B91DB5228A1971BFC5B49.d.FE980E392AE32A78B8A19466FE787BA3.e.3307"}]}
COMMAND: POST /session/665038b064f9c445da0a9920eb0da919/element - {"using":"css selector","value":"#shell-header-logo"}
COMMAND: GET /session/665038b064f9c445da0a9920eb0da919/screenshot - {}
RESULT: {"using":"css selector","value":"#shell-header-logo"}
COMMAND: POST /session/665038b064f9c445da0a9920eb0da919/element/f.52921EAA7B6B91DB5228A1971BFC5B49.d.FE980E392AE32A78B8A19466FE787BA3.e.2604/click - {}
RESULT: {}
RESULT: {}
COMMAND: GET /session/665038b064f9c445da0a9920eb0da919/screenshot - {}
RESULT: {}
COMMAND: POST /session/665038b064f9c445da0a9920eb0da919/execute/sync - {"script":"<script> [299 bytes]","args":[["getModel","getResource"]]}
RESULT: {"script":"<script> [299 bytes]","args":[["getModel","getResource"]]}
]]></system-out>
    </testcase>
    <testcase classname="chrome.135_0_7049_96.windows.Yard_Overview_Autoplanning_US130989" name="Prereq Should create a new material with catalog selection" time="126.093">
      <system-out><![CDATA[
COMMAND: GET /session/665038b064f9c445da0a9920eb0da919/screenshot - {}
COMMAND: POST /session/665038b064f9c445da0a9920eb0da919/execute/async - {"script":"<script> [1562 bytes]","args":[{"selector":{"controlType":"sap.m.GenericTile","properties":{"header":"Manage Resources"}},"wdio_ui5_key":"sapm.GenericTile{\"header\":\"Manage Resources\"}"}]}
RESULT: {}
RESULT: {"script":"<script> [1562 bytes]","args":[{"selector":{"controlType":"sap.m.GenericTile","properties":{"header":"Manage Resources"}},"wdio_ui5_key":"sapm.GenericTile{\"header\":\"Manage Resources\"}"}]}
RESULT: undefined
COMMAND: POST /session/665038b064f9c445da0a9920eb0da919/element - {"using":"xpath","value":"//*[@id=\"__tile39\"]"}
RESULT: {"using":"xpath","value":"//*[@id=\"__tile39\"]"}
COMMAND: POST /session/665038b064f9c445da0a9920eb0da919/element/f.52921EAA7B6B91DB5228A1971BFC5B49.d.FE980E392AE32A78B8A19466FE787BA3.e.1698/click - {}
RESULT: {}
COMMAND: POST /session/665038b064f9c445da0a9920eb0da919/element - {"using":"xpath","value":"//button[@data-kt=\"addNewRUOverflowToolbarButton\"]"}
COMMAND: GET /session/665038b064f9c445da0a9920eb0da919/screenshot - {}
RESULT: {}
RESULT: {"using":"xpath","value":"//button[@data-kt=\"addNewRUOverflowToolbarButton\"]"}
COMMAND: POST /session/665038b064f9c445da0a9920eb0da919/elements - {"using":"xpath","value":"//button[@data-kt=\"addNewRUOverflowToolbarButton\"]"}
RESULT: {"using":"xpath","value":"//button[@data-kt=\"addNewRUOverflowToolbarButton\"]"}
COMMAND: POST /session/665038b064f9c445da0a9920eb0da919/elements - {"using":"xpath","value":"//button[@data-kt=\"addNewRUOverflowToolbarButton\"]"}
RESULT: {"using":"xpath","value":"//button[@data-kt=\"addNewRUOverflowToolbarButton\"]"}
COMMAND: POST /session/665038b064f9c445da0a9920eb0da919/element - {"using":"xpath","value":"//button[@data-kt=\"addNewRUOverflowToolbarButton\"]"}
RESULT: {"using":"xpath","value":"//button[@data-kt=\"addNewRUOverflowToolbarButton\"]"}
COMMAND: POST /session/665038b064f9c445da0a9920eb0da919/execute/sync - {"script":"<script> [8489 bytes]","args":[{"element-6066-11e4-a52e-4f735466cecf":"f.52921EAA7B6B91DB5228A1971BFC5B49.d.FE980E392AE32A78B8A19466FE787BA3.e.3350","ELEMENT":"f.52921EAA7B6B91DB5228A1971BFC5B49.d.FE980E392AE32A78B8A19466FE787BA3.e.3350"}]}
RESULT: {"script":"<script> [8489 bytes]","args":[{"element-6066-11e4-a52e-4f735466cecf":"f.52921EAA7B6B91DB5228A1971BFC5B49.d.FE980E392AE32A78B8A19466FE787BA3.e.3350","ELEMENT":"f.52921EAA7B6B91DB5228A1971BFC5B49.d.FE980E392AE32A78B8A19466FE787BA3.e.3350"}]}
COMMAND: GET /session/665038b064f9c445da0a9920eb0da919/element/f.52921EAA7B6B91DB5228A1971BFC5B49.d.FE980E392AE32A78B8A19466FE787BA3.e.3350/enabled - {}
COMMAND: GET /session/665038b064f9c445da0a9920eb0da919/screenshot - {}
RESULT: {}
COMMAND: POST /session/665038b064f9c445da0a9920eb0da919/execute/sync - {"script":"<script> [8489 bytes]","args":[{"element-6066-11e4-a52e-4f735466cecf":"f.52921EAA7B6B91DB5228A1971BFC5B49.d.FE980E392AE32A78B8A19466FE787BA3.e.3350","ELEMENT":"f.52921EAA7B6B91DB5228A1971BFC5B49.d.FE980E392AE32A78B8A19466FE787BA3.e.3350"}]}
COMMAND: GET /session/665038b064f9c445da0a9920eb0da919/screenshot - {}
RESULT: {}
RESULT: {"script":"<script> [8489 bytes]","args":[{"element-6066-11e4-a52e-4f735466cecf":"f.52921EAA7B6B91DB5228A1971BFC5B49.d.FE980E392AE32A78B8A19466FE787BA3.e.3350","ELEMENT":"f.52921EAA7B6B91DB5228A1971BFC5B49.d.FE980E392AE32A78B8A19466FE787BA3.e.3350"}]}
COMMAND: POST /session/665038b064f9c445da0a9920eb0da919/execute/sync - {"script":"<script> [5351 bytes]","args":[{"element-6066-11e4-a52e-4f735466cecf":"f.52921EAA7B6B91DB5228A1971BFC5B49.d.FE980E392AE32A78B8A19466FE787BA3.e.3350","ELEMENT":"f.52921EAA7B6B91DB5228A1971BFC5B49.d.FE980E392AE32A78B8A19466FE787BA3.e.3350"}]}
COMMAND: GET /session/665038b064f9c445da0a9920eb0da919/screenshot - {}
RESULT: {}
RESULT: {"script":"<script> [5351 bytes]","args":[{"element-6066-11e4-a52e-4f735466cecf":"f.52921EAA7B6B91DB5228A1971BFC5B49.d.FE980E392AE32A78B8A19466FE787BA3.e.3350","ELEMENT":"f.52921EAA7B6B91DB5228A1971BFC5B49.d.FE980E392AE32A78B8A19466FE787BA3.e.3350"}]}
COMMAND: POST /session/665038b064f9c445da0a9920eb0da919/element/f.52921EAA7B6B91DB5228A1971BFC5B49.d.FE980E392AE32A78B8A19466FE787BA3.e.3350/click - {}
COMMAND: GET /session/665038b064f9c445da0a9920eb0da919/screenshot - {}
RESULT: {}
RESULT: {}
COMMAND: GET /session/665038b064f9c445da0a9920eb0da919/screenshot - {}
COMMAND: POST /session/665038b064f9c445da0a9920eb0da919/execute/async - {"script":"<script> [1562 bytes]","args":[{"selector":{"id":"application-manageresources-display-component---newResourceUnit--TYPE-arrow"},"wdio_ui5_key":"applicationmanageresources-display-component---newResourceUnit--TYPE-arrow"}]}
RESULT: {}
RESULT: {}
RESULT: {"script":"<script> [1562 bytes]","args":[{"selector":{"id":"application-manageresources-display-component---newResourceUnit--TYPE-arrow"},"wdio_ui5_key":"applicationmanageresources-display-component---newResourceUnit--TYPE-arrow"}]}
RESULT: undefined
COMMAND: POST /session/665038b064f9c445da0a9920eb0da919/element - {"using":"xpath","value":"//*[@id=\"application-manageresources-display-component---newResourceUnit--TYPE-arrow\"]"}
RESULT: {"using":"xpath","value":"//*[@id=\"application-manageresources-display-component---newResourceUnit--TYPE-arrow\"]"}
COMMAND: POST /session/665038b064f9c445da0a9920eb0da919/element/f.52921EAA7B6B91DB5228A1971BFC5B49.d.FE980E392AE32A78B8A19466FE787BA3.e.3694/click - {}
RESULT: {}
COMMAND: POST /session/665038b064f9c445da0a9920eb0da919/element - {"using":"xpath","value":"//input[@id=\"application-manageresources-display-component---newResourceUnit--TYPE-inner\"]"}
COMMAND: GET /session/665038b064f9c445da0a9920eb0da919/screenshot - {}
RESULT: {"using":"xpath","value":"//input[@id=\"application-manageresources-display-component---newResourceUnit--TYPE-inner\"]"}
COMMAND: POST /session/665038b064f9c445da0a9920eb0da919/element/f.52921EAA7B6B91DB5228A1971BFC5B49.d.FE980E392AE32A78B8A19466FE787BA3.e.3690/clear - {}
RESULT: {}
RESULT: {}
COMMAND: POST /session/665038b064f9c445da0a9920eb0da919/element/f.52921EAA7B6B91DB5228A1971BFC5B49.d.FE980E392AE32A78B8A19466FE787BA3.e.3690/value - {"text":"Material"}
COMMAND: GET /session/665038b064f9c445da0a9920eb0da919/screenshot - {}
RESULT: {"text":"Material"}
COMMAND: GET /session/665038b064f9c445da0a9920eb0da919/screenshot - {}
RESULT: {}
RESULT: {}
COMMAND: POST /session/665038b064f9c445da0a9920eb0da919/actions - {"actions":[{"id":"action8","type":"key","parameters":{},"actions":[{"type":"keyDown","value":"î€‡"},{"type":"pause","duration":10},{"type":"keyUp","value":"î€‡"}]}]}
RESULT: {"actions":[{"id":"action8","type":"key","parameters":{},"actions":[{"type":"keyDown","value":"î€‡"},{"type":"pause","duration":10},{"type":"keyUp","value":"î€‡"}]}]}
COMMAND: POST /session/665038b064f9c445da0a9920eb0da919/execute/async - {"script":"<script> [1562 bytes]","args":[{"selector":{"id":"application-manageresources-display-component---newResourceUnit--SHORT_TEXT","interaction":{"idSuffix":"inner"}},"wdio_ui5_key":"applicationmanageresources-display-component---newResourceUnit--SHORT_TEXT"}]}
COMMAND: GET /session/665038b064f9c445da0a9920eb0da919/screenshot - {}
RESULT: {"script":"<script> [1562 bytes]","args":[{"selector":{"id":"application-manageresources-display-component---newResourceUnit--SHORT_TEXT","interaction":{"idSuffix":"inner"}},"wdio_ui5_key":"applicationmanageresources-display-component---newResourceUnit--SHORT_TEXT"}]}
RESULT: undefined
COMMAND: POST /session/665038b064f9c445da0a9920eb0da919/execute/async - {"script":"<script> [776 bytes]","args":[{"enterText":"Cement WDIO","selector":{"id":"application-manageresources-display-component---newResourceUnit--SHORT_TEXT","interaction":{"idSuffix":"inner"}},"clearTextFirst":true,"interactionType":"ENTER_TEXT"}]}
RESULT: {}
RESULT: {"script":"<script> [776 bytes]","args":[{"enterText":"Cement WDIO","selector":{"id":"application-manageresources-display-component---newResourceUnit--SHORT_TEXT","interaction":{"idSuffix":"inner"}},"clearTextFirst":true,"interactionType":"ENTER_TEXT"}]}
COMMAND: POST /session/665038b064f9c445da0a9920eb0da919/execute/async - {"script":"<script> [1562 bytes]","args":[{"selector":{"id":"application-manageresources-display-component---newResourceUnit--BASE_UNIT_OF_MEASURE","interaction":{"idSuffix":"inner"}},"wdio_ui5_key":"applicationmanageresources-display-component---newResourceUnit--BASE_UNIT_OF_MEASURE"}]}
RESULT: {"script":"<script> [1562 bytes]","args":[{"selector":{"id":"application-manageresources-display-component---newResourceUnit--BASE_UNIT_OF_MEASURE","interaction":{"idSuffix":"inner"}},"wdio_ui5_key":"applicationmanageresources-display-component---newResourceUnit--BASE_UNIT_OF_MEASURE"}]}
RESULT: undefined
COMMAND: POST /session/665038b064f9c445da0a9920eb0da919/execute/async - {"script":"<script> [776 bytes]","args":[{"enterText":"Piece","selector":{"id":"application-manageresources-display-component---newResourceUnit--BASE_UNIT_OF_MEASURE","interaction":{"idSuffix":"inner"}},"clearTextFirst":true,"interactionType":"ENTER_TEXT"}]}
RESULT: {"script":"<script> [776 bytes]","args":[{"enterText":"Piece","selector":{"id":"application-manageresources-display-component---newResourceUnit--BASE_UNIT_OF_MEASURE","interaction":{"idSuffix":"inner"}},"clearTextFirst":true,"interactionType":"ENTER_TEXT"}]}
COMMAND: POST /session/665038b064f9c445da0a9920eb0da919/execute/async - {"script":"<script> [1562 bytes]","args":[{"selector":{"id":"application-manageresources-display-component---newResourceUnit--WEIGHT_UNIT","interaction":{"idSuffix":"inner"}},"wdio_ui5_key":"applicationmanageresources-display-component---newResourceUnit--WEIGHT_UNIT"}]}
RESULT: {"script":"<script> [1562 bytes]","args":[{"selector":{"id":"application-manageresources-display-component---newResourceUnit--WEIGHT_UNIT","interaction":{"idSuffix":"inner"}},"wdio_ui5_key":"applicationmanageresources-display-component---newResourceUnit--WEIGHT_UNIT"}]}
RESULT: undefined
COMMAND: POST /session/665038b064f9c445da0a9920eb0da919/execute/async - {"script":"<script> [776 bytes]","args":[{"enterText":"Gram","selector":{"id":"application-manageresources-display-component---newResourceUnit--WEIGHT_UNIT","interaction":{"idSuffix":"inner"}},"clearTextFirst":true,"interactionType":"ENTER_TEXT"}]}
RESULT: {"script":"<script> [776 bytes]","args":[{"enterText":"Gram","selector":{"id":"application-manageresources-display-component---newResourceUnit--WEIGHT_UNIT","interaction":{"idSuffix":"inner"}},"clearTextFirst":true,"interactionType":"ENTER_TEXT"}]}
COMMAND: POST /session/665038b064f9c445da0a9920eb0da919/execute/async - {"script":"<script> [1562 bytes]","args":[{"selector":{"id":"application-manageresources-display-component---newResourceUnit--DIMENSION_UNIT","interaction":{"idSuffix":"inner"}},"wdio_ui5_key":"applicationmanageresources-display-component---newResourceUnit--DIMENSION_UNIT"}]}
RESULT: {"script":"<script> [1562 bytes]","args":[{"selector":{"id":"application-manageresources-display-component---newResourceUnit--DIMENSION_UNIT","interaction":{"idSuffix":"inner"}},"wdio_ui5_key":"applicationmanageresources-display-component---newResourceUnit--DIMENSION_UNIT"}]}
RESULT: undefined
COMMAND: POST /session/665038b064f9c445da0a9920eb0da919/execute/async - {"script":"<script> [776 bytes]","args":[{"enterText":"Meter","selector":{"id":"application-manageresources-display-component---newResourceUnit--DIMENSION_UNIT","interaction":{"idSuffix":"inner"}},"clearTextFirst":true,"interactionType":"ENTER_TEXT"}]}
RESULT: {"script":"<script> [776 bytes]","args":[{"enterText":"Meter","selector":{"id":"application-manageresources-display-component---newResourceUnit--DIMENSION_UNIT","interaction":{"idSuffix":"inner"}},"clearTextFirst":true,"interactionType":"ENTER_TEXT"}]}
COMMAND: POST /session/665038b064f9c445da0a9920eb0da919/execute/async - {"script":"<script> [1562 bytes]","args":[{"selector":{"id":"application-manageresources-display-component---newResourceUnit--newRRUPage-anchBar-application-manageresources-display-component---newResourceUnit--control-anchor","interaction":{"idSuffix":"BDI-content"}},"wdio_ui5_key":"applicationmanageresources-display-component---newResourceUnit--newRRUPage-anchBar-application-manageresources-display-component---newResourceUnit--control-anchor"}]}
RESULT: {"script":"<script> [1562 bytes]","args":[{"selector":{"id":"application-manageresources-display-component---newResourceUnit--newRRUPage-anchBar-application-manageresources-display-component---newResourceUnit--control-anchor","interaction":{"idSuffix":"BDI-content"}},"wdio_ui5_key":"applicationmanageresources-display-component---newResourceUnit--newRRUPage-anchBar-application-manageresources-display-component---newResourceUnit--control-anchor"}]}
RESULT: undefined
COMMAND: POST /session/665038b064f9c445da0a9920eb0da919/element - {"using":"xpath","value":"//*[@id=\"application-manageresources-display-component---newResourceUnit--newRRUPage-anchBar-application-manageresources-display-component---newResourceUnit--control-anchor\"]"}
RESULT: {"using":"xpath","value":"//*[@id=\"application-manageresources-display-component---newResourceUnit--newRRUPage-anchBar-application-manageresources-display-component---newResourceUnit--control-anchor\"]"}
COMMAND: POST /session/665038b064f9c445da0a9920eb0da919/element/f.52921EAA7B6B91DB5228A1971BFC5B49.d.FE980E392AE32A78B8A19466FE787BA3.e.3761/click - {}
RESULT: {}
COMMAND: POST /session/665038b064f9c445da0a9920eb0da919/execute/async - {"script":"<script> [1562 bytes]","args":[{"selector":{"id":"application-manageresources-display-component---newResourceUnit--PLANNING_GROUP","interaction":{"idSuffix":"inner"}},"wdio_ui5_key":"applicationmanageresources-display-component---newResourceUnit--PLANNING_GROUP"}]}
COMMAND: GET /session/665038b064f9c445da0a9920eb0da919/screenshot - {}
RESULT: {"script":"<script> [1562 bytes]","args":[{"selector":{"id":"application-manageresources-display-component---newResourceUnit--PLANNING_GROUP","interaction":{"idSuffix":"inner"}},"wdio_ui5_key":"applicationmanageresources-display-component---newResourceUnit--PLANNING_GROUP"}]}
RESULT: undefined
COMMAND: POST /session/665038b064f9c445da0a9920eb0da919/execute/async - {"script":"<script> [776 bytes]","args":[{"enterText":"Material","selector":{"id":"application-manageresources-display-component---newResourceUnit--PLANNING_GROUP","interaction":{"idSuffix":"inner"}},"clearTextFirst":true,"interactionType":"ENTER_TEXT"}]}
RESULT: {}
RESULT: {"script":"<script> [776 bytes]","args":[{"enterText":"Material","selector":{"id":"application-manageresources-display-component---newResourceUnit--PLANNING_GROUP","interaction":{"idSuffix":"inner"}},"clearTextFirst":true,"interactionType":"ENTER_TEXT"}]}
COMMAND: POST /session/665038b064f9c445da0a9920eb0da919/execute/async - {"script":"<script> [1562 bytes]","args":[{"selector":{"id":"application-manageresources-display-component---newResourceUnit--PLANNING_INDICATOR","interaction":{"idSuffix":"inner"}},"wdio_ui5_key":"applicationmanageresources-display-component---newResourceUnit--PLANNING_INDICATOR"}]}
RESULT: {"script":"<script> [1562 bytes]","args":[{"selector":{"id":"application-manageresources-display-component---newResourceUnit--PLANNING_INDICATOR","interaction":{"idSuffix":"inner"}},"wdio_ui5_key":"applicationmanageresources-display-component---newResourceUnit--PLANNING_INDICATOR"}]}
RESULT: undefined
COMMAND: POST /session/665038b064f9c445da0a9920eb0da919/execute/async - {"script":"<script> [776 bytes]","args":[{"enterText":"10 - infinite","selector":{"id":"application-manageresources-display-component---newResourceUnit--PLANNING_INDICATOR","interaction":{"idSuffix":"inner"}},"clearTextFirst":true,"interactionType":"ENTER_TEXT"}]}
RESULT: {"script":"<script> [776 bytes]","args":[{"enterText":"10 - infinite","selector":{"id":"application-manageresources-display-component---newResourceUnit--PLANNING_INDICATOR","interaction":{"idSuffix":"inner"}},"clearTextFirst":true,"interactionType":"ENTER_TEXT"}]}
COMMAND: POST /session/665038b064f9c445da0a9920eb0da919/element - {"using":"css selector","value":"#application-manageresources-display-component---newResourceUnit--btnAddTimeSegment"}
RESULT: {"using":"css selector","value":"#application-manageresources-display-component---newResourceUnit--btnAddTimeSegment"}
COMMAND: GET /session/665038b064f9c445da0a9920eb0da919/element/f.52921EAA7B6B91DB5228A1971BFC5B49.d.FE980E392AE32A78B8A19466FE787BA3.e.3769/rect - {}
RESULT: {}
COMMAND: GET /session/665038b064f9c445da0a9920eb0da919/window/rect - {}
RESULT: {}
COMMAND: POST /session/665038b064f9c445da0a9920eb0da919/execute/sync - {"script":"<script> [92 bytes]","args":[]}
RESULT: {"script":"<script> [92 bytes]","args":[]}
COMMAND: POST /session/665038b064f9c445da0a9920eb0da919/actions - {"actions":[{"id":"action9","type":"wheel","parameters":{},"actions":[{"type":"scroll","x":-1888,"y":-32,"deltaX":0,"deltaY":0,"duration":0,"origin":{"element-6066-11e4-a52e-4f735466cecf":"f.52921EAA7B6B91DB5228A1971BFC5B49.d.FE980E392AE32A78B8A19466FE787BA3.e.3769"}}]}]}
COMMAND: GET /session/665038b064f9c445da0a9920eb0da919/screenshot - {}
RESULT: {}
COMMAND: POST /session/665038b064f9c445da0a9920eb0da919/execute/sync - {"script":"<script> [79 bytes]","args":[{"element-6066-11e4-a52e-4f735466cecf":"f.52921EAA7B6B91DB5228A1971BFC5B49.d.FE980E392AE32A78B8A19466FE787BA3.e.3769","ELEMENT":"f.52921EAA7B6B91DB5228A1971BFC5B49.d.FE980E392AE32A78B8A19466FE787BA3.e.3769"},{"block":"start","inline":"nearest"}]}
RESULT: {"script":"<script> [79 bytes]","args":[{"element-6066-11e4-a52e-4f735466cecf":"f.52921EAA7B6B91DB5228A1971BFC5B49.d.FE980E392AE32A78B8A19466FE787BA3.e.3769","ELEMENT":"f.52921EAA7B6B91DB5228A1971BFC5B49.d.FE980E392AE32A78B8A19466FE787BA3.e.3769"},{"block":"start","inline":"nearest"}]}
COMMAND: POST /session/665038b064f9c445da0a9920eb0da919/execute/async - {"script":"<script> [1562 bytes]","args":[{"selector":{"id":"application-manageresources-display-component---newResourceUnit--btnAddTimeSegment","interaction":{"idSuffix":"inner"}},"wdio_ui5_key":"applicationmanageresources-display-component---newResourceUnit--btnAddTimeSegment"}]}
COMMAND: GET /session/665038b064f9c445da0a9920eb0da919/screenshot - {}
RESULT: {"script":"<script> [1562 bytes]","args":[{"selector":{"id":"application-manageresources-display-component---newResourceUnit--btnAddTimeSegment","interaction":{"idSuffix":"inner"}},"wdio_ui5_key":"applicationmanageresources-display-component---newResourceUnit--btnAddTimeSegment"}]}
RESULT: undefined
COMMAND: POST /session/665038b064f9c445da0a9920eb0da919/element - {"using":"xpath","value":"//*[@id=\"application-manageresources-display-component---newResourceUnit--btnAddTimeSegment\"]"}
RESULT: {}
RESULT: {"using":"xpath","value":"//*[@id=\"application-manageresources-display-component---newResourceUnit--btnAddTimeSegment\"]"}
COMMAND: POST /session/665038b064f9c445da0a9920eb0da919/element/f.52921EAA7B6B91DB5228A1971BFC5B49.d.FE980E392AE32A78B8A19466FE787BA3.e.3769/click - {}
RESULT: {}
COMMAND: GET /session/665038b064f9c445da0a9920eb0da919/screenshot - {}
RESULT: {}
COMMAND: POST /session/665038b064f9c445da0a9920eb0da919/element - {"using":"xpath","value":"//input[@id=\"application-manageresources-display-component---newResourceUnit--idRuTSAdmin-application-manageresources-display-component---newResourceUnit--RUTimeSegment-0-inner\"]"}
RESULT: {"using":"xpath","value":"//input[@id=\"application-manageresources-display-component---newResourceUnit--idRuTSAdmin-application-manageresources-display-component---newResourceUnit--RUTimeSegment-0-inner\"]"}
COMMAND: POST /session/665038b064f9c445da0a9920eb0da919/element/f.52921EAA7B6B91DB5228A1971BFC5B49.d.FE980E392AE32A78B8A19466FE787BA3.e.3774/clear - {}
RESULT: {}
COMMAND: POST /session/665038b064f9c445da0a9920eb0da919/element/f.52921EAA7B6B91DB5228A1971BFC5B49.d.FE980E392AE32A78B8A19466FE787BA3.e.3774/value - {"text":"591"}
COMMAND: GET /session/665038b064f9c445da0a9920eb0da919/screenshot - {}
RESULT: {"text":"591"}
COMMAND: GET /session/665038b064f9c445da0a9920eb0da919/screenshot - {}
RESULT: {}
RESULT: {}
COMMAND: POST /session/665038b064f9c445da0a9920eb0da919/element - {"using":"xpath","value":"//li[.//span[text()='591']]"}
RESULT: {"using":"xpath","value":"//li[.//span[text()='591']]"}
COMMAND: POST /session/665038b064f9c445da0a9920eb0da919/element/f.52921EAA7B6B91DB5228A1971BFC5B49.d.FE980E392AE32A78B8A19466FE787BA3.e.3783/click - {}
RESULT: {}
COMMAND: GET /session/665038b064f9c445da0a9920eb0da919/screenshot - {}
RESULT: {}
COMMAND: POST /session/665038b064f9c445da0a9920eb0da919/element - {"using":"xpath","value":"//*[contains(text(), \"Catalogs\")][contains(@id ,\"application-manageresources-display-component---newResourceUnit--newRRUPage-anchBar\")]"}
RESULT: {"using":"xpath","value":"//*[contains(text(), \"Catalogs\")][contains(@id ,\"application-manageresources-display-component---newResourceUnit--newRRUPage-anchBar\")]"}
COMMAND: POST /session/665038b064f9c445da0a9920eb0da919/element/f.52921EAA7B6B91DB5228A1971BFC5B49.d.FE980E392AE32A78B8A19466FE787BA3.e.3784/click - {}
RESULT: {}
COMMAND: GET /session/665038b064f9c445da0a9920eb0da919/screenshot - {}
RESULT: {}
COMMAND: POST /session/665038b064f9c445da0a9920eb0da919/element - {"using":"xpath","value":"//*[contains(text(), \"Assign\")][contains(@id ,\"button\")]"}
RESULT: {"using":"xpath","value":"//*[contains(text(), \"Assign\")][contains(@id ,\"button\")]"}
COMMAND: POST /session/665038b064f9c445da0a9920eb0da919/element/f.52921EAA7B6B91DB5228A1971BFC5B49.d.FE980E392AE32A78B8A19466FE787BA3.e.3788/click - {}
RESULT: {}
COMMAND: GET /session/665038b064f9c445da0a9920eb0da919/screenshot - {}
RESULT: {}
COMMAND: POST /session/665038b064f9c445da0a9920eb0da919/element - {"using":"xpath","value":"//span[@id = \"application-manageresources-display-component---newResourceUnit--catalogSelect-arrow\"]"}
RESULT: {"using":"xpath","value":"//span[@id = \"application-manageresources-display-component---newResourceUnit--catalogSelect-arrow\"]"}
COMMAND: POST /session/665038b064f9c445da0a9920eb0da919/element/f.52921EAA7B6B91DB5228A1971BFC5B49.d.FE980E392AE32A78B8A19466FE787BA3.e.3796/click - {}
RESULT: {}
COMMAND: GET /session/665038b064f9c445da0a9920eb0da919/screenshot - {}
RESULT: {}
COMMAND: POST /session/665038b064f9c445da0a9920eb0da919/element - {"using":"xpath","value":"//li[.//span[text()=\"Webshop Catalog\"]]"}
RESULT: {"using":"xpath","value":"//li[.//span[text()=\"Webshop Catalog\"]]"}
COMMAND: POST /session/665038b064f9c445da0a9920eb0da919/element/f.52921EAA7B6B91DB5228A1971BFC5B49.d.FE980E392AE32A78B8A19466FE787BA3.e.3797/click - {}
RESULT: {}
COMMAND: GET /session/665038b064f9c445da0a9920eb0da919/screenshot - {}
COMMAND: POST /session/665038b064f9c445da0a9920eb0da919/element - {"using":"xpath","value":"//span[@id = \"application-manageresources-display-component---newResourceUnit--catalogItemSelect-arrow\"]"}
RESULT: {}
RESULT: {"using":"xpath","value":"//span[@id = \"application-manageresources-display-component---newResourceUnit--catalogItemSelect-arrow\"]"}
COMMAND: POST /session/665038b064f9c445da0a9920eb0da919/element/f.52921EAA7B6B91DB5228A1971BFC5B49.d.FE980E392AE32A78B8A19466FE787BA3.e.3798/click - {}
RESULT: {}
COMMAND: GET /session/665038b064f9c445da0a9920eb0da919/screenshot - {}
RESULT: {}
COMMAND: POST /session/665038b064f9c445da0a9920eb0da919/element - {"using":"xpath","value":"//li[.//span[text()=\"Concert - Concert \"]]"}
RESULT: {"using":"xpath","value":"//li[.//span[text()=\"Concert - Concert \"]]"}
COMMAND: POST /session/665038b064f9c445da0a9920eb0da919/element/f.52921EAA7B6B91DB5228A1971BFC5B49.d.FE980E392AE32A78B8A19466FE787BA3.e.3799/click - {}
RESULT: {}
COMMAND: GET /session/665038b064f9c445da0a9920eb0da919/screenshot - {}
RESULT: {}
COMMAND: POST /session/665038b064f9c445da0a9920eb0da919/execute/async - {"script":"<script> [1562 bytes]","args":[{"selector":{"id":"application-manageresources-display-component---newResourceUnit--RUAssignmentSaveButton","searchOpenDialogs":true,"interaction":{"idSuffix":"BDI-content"}},"wdio_ui5_key":"applicationmanageresources-display-component---newResourceUnit--RUAssignmentSaveButton"}]}
RESULT: {"script":"<script> [1562 bytes]","args":[{"selector":{"id":"application-manageresources-display-component---newResourceUnit--RUAssignmentSaveButton","searchOpenDialogs":true,"interaction":{"idSuffix":"BDI-content"}},"wdio_ui5_key":"applicationmanageresources-display-component---newResourceUnit--RUAssignmentSaveButton"}]}
RESULT: undefined
COMMAND: POST /session/665038b064f9c445da0a9920eb0da919/element - {"using":"xpath","value":"//*[@id=\"application-manageresources-display-component---newResourceUnit--RUAssignmentSaveButton\"]"}
RESULT: {"using":"xpath","value":"//*[@id=\"application-manageresources-display-component---newResourceUnit--RUAssignmentSaveButton\"]"}
COMMAND: POST /session/665038b064f9c445da0a9920eb0da919/element/f.52921EAA7B6B91DB5228A1971BFC5B49.d.FE980E392AE32A78B8A19466FE787BA3.e.3817/click - {}
RESULT: {}
COMMAND: GET /session/665038b064f9c445da0a9920eb0da919/screenshot - {}
RESULT: {}
COMMAND: POST /session/665038b064f9c445da0a9920eb0da919/element - {"using":"xpath","value":"//button[@data-kt=\"resourceUnitSaveButton\"]"}
RESULT: {"using":"xpath","value":"//button[@data-kt=\"resourceUnitSaveButton\"]"}
COMMAND: POST /session/665038b064f9c445da0a9920eb0da919/element/f.52921EAA7B6B91DB5228A1971BFC5B49.d.FE980E392AE32A78B8A19466FE787BA3.e.3712/click - {}
RESULT: {}
COMMAND: GET /session/665038b064f9c445da0a9920eb0da919/screenshot - {}
RESULT: {}
COMMAND: POST /session/665038b064f9c445da0a9920eb0da919/element - {"using":"xpath","value":"//bdi[contains(text(), \"Close\")]"}
RESULT: {"using":"xpath","value":"//bdi[contains(text(), \"Close\")]"}
COMMAND: POST /session/665038b064f9c445da0a9920eb0da919/element/f.52921EAA7B6B91DB5228A1971BFC5B49.d.FE980E392AE32A78B8A19466FE787BA3.e.3829/click - {}
RESULT: {}
COMMAND: GET /session/665038b064f9c445da0a9920eb0da919/screenshot - {}
RESULT: {}
COMMAND: POST /session/665038b064f9c445da0a9920eb0da919/element - {"using":"xpath","value":"//header[contains(@id, 'detailRruPage-headerTitle')]/div[1]/div[2]/div[2]/span[1]"}
RESULT: {"using":"xpath","value":"//header[contains(@id, 'detailRruPage-headerTitle')]/div[1]/div[2]/div[2]/span[1]"}
COMMAND: POST /session/665038b064f9c445da0a9920eb0da919/elements - {"using":"xpath","value":"//header[contains(@id, 'detailRruPage-headerTitle')]/div[1]/div[2]/div[2]/span[1]"}
RESULT: {"using":"xpath","value":"//header[contains(@id, 'detailRruPage-headerTitle')]/div[1]/div[2]/div[2]/span[1]"}
COMMAND: POST /session/665038b064f9c445da0a9920eb0da919/execute/sync - {"script":"<script> [56 bytes]","args":[{"element-6066-11e4-a52e-4f735466cecf":"f.52921EAA7B6B91DB5228A1971BFC5B49.d.FE980E392AE32A78B8A19466FE787BA3.e.3860","ELEMENT":"f.52921EAA7B6B91DB5228A1971BFC5B49.d.FE980E392AE32A78B8A19466FE787BA3.e.3860"}]}
RESULT: {"script":"<script> [56 bytes]","args":[{"element-6066-11e4-a52e-4f735466cecf":"f.52921EAA7B6B91DB5228A1971BFC5B49.d.FE980E392AE32A78B8A19466FE787BA3.e.3860","ELEMENT":"f.52921EAA7B6B91DB5228A1971BFC5B49.d.FE980E392AE32A78B8A19466FE787BA3.e.3860"}]}
COMMAND: POST /session/665038b064f9c445da0a9920eb0da919/element - {"using":"css selector","value":"#shell-header-logo"}
COMMAND: GET /session/665038b064f9c445da0a9920eb0da919/screenshot - {}
RESULT: {"using":"css selector","value":"#shell-header-logo"}
COMMAND: POST /session/665038b064f9c445da0a9920eb0da919/element/f.52921EAA7B6B91DB5228A1971BFC5B49.d.FE980E392AE32A78B8A19466FE787BA3.e.3310/click - {}
RESULT: {}
RESULT: {}
COMMAND: GET /session/665038b064f9c445da0a9920eb0da919/screenshot - {}
RESULT: {}
]]></system-out>
    </testcase>
    <testcase classname="chrome.135_0_7049_96.windows.Yard_Overview_Autoplanning_US130989" name="Should create a new request and add the material" time="95.613">
      <system-out><![CDATA[
COMMAND: POST /session/665038b064f9c445da0a9920eb0da919/execute/async - {"script":"<script> [1562 bytes]","args":[{"selector":{"controlType":"sap.m.Text","properties":{"text":"Manage Requests"},"interaction":{"idSuffix":"inner"}},"wdio_ui5_key":"sapm.Text{\"text\":\"Manage Requests\"}"}]}
RESULT: {"script":"<script> [1562 bytes]","args":[{"selector":{"controlType":"sap.m.Text","properties":{"text":"Manage Requests"},"interaction":{"idSuffix":"inner"}},"wdio_ui5_key":"sapm.Text{\"text\":\"Manage Requests\"}"}]}
RESULT: undefined
COMMAND: POST /session/665038b064f9c445da0a9920eb0da919/element - {"using":"xpath","value":"//*[@id=\"__tile47-title\"]"}
RESULT: {"using":"xpath","value":"//*[@id=\"__tile47-title\"]"}
COMMAND: POST /session/665038b064f9c445da0a9920eb0da919/element/f.52921EAA7B6B91DB5228A1971BFC5B49.d.FE980E392AE32A78B8A19466FE787BA3.e.3863/click - {}
RESULT: {}
COMMAND: GET /session/665038b064f9c445da0a9920eb0da919/screenshot - {}
RESULT: {}
COMMAND: POST /session/665038b064f9c445da0a9920eb0da919/execute/async - {"script":"<script> [1562 bytes]","args":[{"selector":{"id":"btnCreateNew","viewName":"etm.portal.ui.managerequests.view.Master","interaction":{"idSuffix":"inner"}},"wdio_ui5_key":"btnCreateNewetmportal.ui.managerequests.view.Master"}]}
RESULT: {"script":"<script> [1562 bytes]","args":[{"selector":{"id":"btnCreateNew","viewName":"etm.portal.ui.managerequests.view.Master","interaction":{"idSuffix":"inner"}},"wdio_ui5_key":"btnCreateNewetmportal.ui.managerequests.view.Master"}]}
RESULT: undefined
COMMAND: POST /session/665038b064f9c445da0a9920eb0da919/element - {"using":"xpath","value":"//*[@id=\"__xmlview58--btnCreateNew\"]"}
RESULT: {"using":"xpath","value":"//*[@id=\"__xmlview58--btnCreateNew\"]"}
COMMAND: POST /session/665038b064f9c445da0a9920eb0da919/element/f.52921EAA7B6B91DB5228A1971BFC5B49.d.FE980E392AE32A78B8A19466FE787BA3.e.3919/click - {}
RESULT: {}
COMMAND: GET /session/665038b064f9c445da0a9920eb0da919/screenshot - {}
RESULT: {}
COMMAND: POST /session/665038b064f9c445da0a9920eb0da919/execute/async - {"script":"<script> [1562 bytes]","args":[{"selector":{"controlType":"sap.ui.core.Icon","viewName":"etm.portal.ui.managerequests.view.NewRequest","properties":{"src":{"regex":{"source":"full\\-screen"}}}},"wdio_ui5_key":"etmportal.ui.managerequests.view.NewRequestsap.ui.core.Icon{\"src\":{\"regex\":{\"source\":\"full\\\\-screen\"}}}"}]}
RESULT: {"script":"<script> [1562 bytes]","args":[{"selector":{"controlType":"sap.ui.core.Icon","viewName":"etm.portal.ui.managerequests.view.NewRequest","properties":{"src":{"regex":{"source":"full\\-screen"}}}},"wdio_ui5_key":"etmportal.ui.managerequests.view.NewRequestsap.ui.core.Icon{\"src\":{\"regex\":{\"source\":\"full\\\\-screen\"}}}"}]}
RESULT: undefined
COMMAND: POST /session/665038b064f9c445da0a9920eb0da919/element - {"using":"xpath","value":"//*[@id=\"__button182-img\"]"}
RESULT: {"using":"xpath","value":"//*[@id=\"__button182-img\"]"}
COMMAND: POST /session/665038b064f9c445da0a9920eb0da919/element/f.52921EAA7B6B91DB5228A1971BFC5B49.d.FE980E392AE32A78B8A19466FE787BA3.e.4322/click - {}
RESULT: {}
COMMAND: GET /session/665038b064f9c445da0a9920eb0da919/screenshot - {}
RESULT: {}
COMMAND: POST /session/665038b064f9c445da0a9920eb0da919/element - {"using":"xpath","value":"//input[contains(@id ,\"yardId-inner\")]"}
RESULT: {"using":"xpath","value":"//input[contains(@id ,\"yardId-inner\")]"}
COMMAND: POST /session/665038b064f9c445da0a9920eb0da919/element/f.52921EAA7B6B91DB5228A1971BFC5B49.d.FE980E392AE32A78B8A19466FE787BA3.e.4183/value - {"text":"591"}
RESULT: {"text":"591"}
COMMAND: GET /session/665038b064f9c445da0a9920eb0da919/screenshot - {}
RESULT: {}
COMMAND: POST /session/665038b064f9c445da0a9920eb0da919/element - {"using":"xpath","value":"//li[.//span[text()='591']]"}
RESULT: {"using":"xpath","value":"//li[.//span[text()='591']]"}
COMMAND: POST /session/665038b064f9c445da0a9920eb0da919/element/f.52921EAA7B6B91DB5228A1971BFC5B49.d.FE980E392AE32A78B8A19466FE787BA3.e.4366/click - {}
RESULT: {}
COMMAND: GET /session/665038b064f9c445da0a9920eb0da919/screenshot - {}
RESULT: {}
COMMAND: POST /session/665038b064f9c445da0a9920eb0da919/element - {"using":"xpath","value":"//input[contains(@id ,\"customerNumber-inner\")]"}
RESULT: {"using":"xpath","value":"//input[contains(@id ,\"customerNumber-inner\")]"}
COMMAND: POST /session/665038b064f9c445da0a9920eb0da919/element/f.52921EAA7B6B91DB5228A1971BFC5B49.d.FE980E392AE32A78B8A19466FE787BA3.e.4177/clear - {}
RESULT: {}
COMMAND: POST /session/665038b064f9c445da0a9920eb0da919/element/f.52921EAA7B6B91DB5228A1971BFC5B49.d.FE980E392AE32A78B8A19466FE787BA3.e.4177/value - {"text":"1464"}
COMMAND: GET /session/665038b064f9c445da0a9920eb0da919/screenshot - {}
RESULT: {"text":"1464"}
COMMAND: GET /session/665038b064f9c445da0a9920eb0da919/screenshot - {}
RESULT: {}
RESULT: {}
COMMAND: POST /session/665038b064f9c445da0a9920eb0da919/element - {"using":"xpath","value":"//li[.//span[text()='1464']]"}
RESULT: {"using":"xpath","value":"//li[.//span[text()='1464']]"}
COMMAND: POST /session/665038b064f9c445da0a9920eb0da919/element/f.52921EAA7B6B91DB5228A1971BFC5B49.d.FE980E392AE32A78B8A19466FE787BA3.e.4368/click - {}
RESULT: {}
COMMAND: GET /session/665038b064f9c445da0a9920eb0da919/screenshot - {}
RESULT: {}
COMMAND: POST /session/665038b064f9c445da0a9920eb0da919/element - {"using":"xpath","value":"//button[contains(@id ,\"btnAddTableRow\")]"}
RESULT: {"using":"xpath","value":"//button[contains(@id ,\"btnAddTableRow\")]"}
COMMAND: POST /session/665038b064f9c445da0a9920eb0da919/element/f.52921EAA7B6B91DB5228A1971BFC5B49.d.FE980E392AE32A78B8A19466FE787BA3.e.4155/click - {}
RESULT: {}
COMMAND: GET /session/665038b064f9c445da0a9920eb0da919/screenshot - {}
RESULT: {}
COMMAND: POST /session/665038b064f9c445da0a9920eb0da919/actions - {"actions":[{"id":"action10","type":"key","parameters":{},"actions":[{"type":"keyDown","value":"î€•"},{"type":"pause","duration":10},{"type":"keyUp","value":"î€•"}]}]}
RESULT: {"actions":[{"id":"action10","type":"key","parameters":{},"actions":[{"type":"keyDown","value":"î€•"},{"type":"pause","duration":10},{"type":"keyUp","value":"î€•"}]}]}
COMMAND: POST /session/665038b064f9c445da0a9920eb0da919/actions - {"actions":[{"id":"action11","type":"key","parameters":{},"actions":[{"type":"keyDown","value":"î€‡"},{"type":"pause","duration":10},{"type":"keyUp","value":"î€‡"}]}]}
COMMAND: GET /session/665038b064f9c445da0a9920eb0da919/screenshot - {}
RESULT: {"actions":[{"id":"action11","type":"key","parameters":{},"actions":[{"type":"keyDown","value":"î€‡"},{"type":"pause","duration":10},{"type":"keyUp","value":"î€‡"}]}]}
COMMAND: GET /session/665038b064f9c445da0a9920eb0da919/screenshot - {}
RESULT: {}
RESULT: {}
COMMAND: POST /session/665038b064f9c445da0a9920eb0da919/element - {"using":"xpath","value":"//table[contains(@id, \"requestItemsTable-listUl\")]//tbody/tr[1]/td[3]/div/div/input"}
RESULT: {"using":"xpath","value":"//table[contains(@id, \"requestItemsTable-listUl\")]//tbody/tr[1]/td[3]/div/div/input"}
COMMAND: POST /session/665038b064f9c445da0a9920eb0da919/element/f.52921EAA7B6B91DB5228A1971BFC5B49.d.FE980E392AE32A78B8A19466FE787BA3.e.4372/clear - {}
RESULT: {}
COMMAND: POST /session/665038b064f9c445da0a9920eb0da919/element/f.52921EAA7B6B91DB5228A1971BFC5B49.d.FE980E392AE32A78B8A19466FE787BA3.e.4372/value - {"text":"Concert"}
COMMAND: GET /session/665038b064f9c445da0a9920eb0da919/screenshot - {}
RESULT: {"text":"Concert"}
COMMAND: GET /session/665038b064f9c445da0a9920eb0da919/screenshot - {}
RESULT: {}
RESULT: {}
COMMAND: POST /session/665038b064f9c445da0a9920eb0da919/element - {"using":"xpath","value":"//li[.//span[contains(text(), \"Concert\")]]"}
RESULT: {"using":"xpath","value":"//li[.//span[contains(text(), \"Concert\")]]"}
COMMAND: POST /session/665038b064f9c445da0a9920eb0da919/element/f.52921EAA7B6B91DB5228A1971BFC5B49.d.FE980E392AE32A78B8A19466FE787BA3.e.4384/click - {}
RESULT: {}
COMMAND: GET /session/665038b064f9c445da0a9920eb0da919/screenshot - {}
RESULT: {}
COMMAND: POST /session/665038b064f9c445da0a9920eb0da919/execute/async - {"script":"<script> [1562 bytes]","args":[{"selector":{"controlType":"sap.ui.core.Icon","viewName":"etm.portal.ui.managerequests.view.NewRequest","properties":{"src":{"regex":{"source":"message\\-error"}}},"ancestor":{"controlType":"sap.m.ColumnListItem","viewName":"etm.portal.ui.managerequests.view.NewRequest","bindingPath":{"modelName":"newRequestItems","path":"/RequestItems/0"},"ancestor":{"id":"requestItemsTable","viewName":"etm.portal.ui.managerequests.view.NewRequest"}}},"wdio_ui5_key":"etmportal.ui.managerequests.view.NewRequestsap.ui.core.Icon{\"src\":{\"regex\":{\"source\":\"message\\\\-error\"}}}{\"controlType\":\"sap.m.ColumnListItem\",\"viewName\":\"etm.portal.ui.managerequests.view.NewRequest\",\"bindingPath\":{\"modelName\":\"newRequestItems\",\"path\":\"/RequestItems/0\"},\"ancestor\":{\"id\":\"requestItemsTable\",\"viewName\":\"etm.portal.ui.managerequests.view.NewRequest\"}}"}]}
RESULT: {"script":"<script> [1562 bytes]","args":[{"selector":{"controlType":"sap.ui.core.Icon","viewName":"etm.portal.ui.managerequests.view.NewRequest","properties":{"src":{"regex":{"source":"message\\-error"}}},"ancestor":{"controlType":"sap.m.ColumnListItem","viewName":"etm.portal.ui.managerequests.view.NewRequest","bindingPath":{"modelName":"newRequestItems","path":"/RequestItems/0"},"ancestor":{"id":"requestItemsTable","viewName":"etm.portal.ui.managerequests.view.NewRequest"}}},"wdio_ui5_key":"etmportal.ui.managerequests.view.NewRequestsap.ui.core.Icon{\"src\":{\"regex\":{\"source\":\"message\\\\-error\"}}}{\"controlType\":\"sap.m.ColumnListItem\",\"viewName\":\"etm.portal.ui.managerequests.view.NewRequest\",\"bindingPath\":{\"modelName\":\"newRequestItems\",\"path\":\"/RequestItems/0\"},\"ancestor\":{\"id\":\"requestItemsTable\",\"viewName\":\"etm.portal.ui.managerequests.view.NewRequest\"}}"}]}
RESULT: undefined
COMMAND: POST /session/665038b064f9c445da0a9920eb0da919/element - {"using":"xpath","value":"//*[@id=\"__status12-__xmlview59--requestItemsTable-0-icon\"]"}
RESULT: {"using":"xpath","value":"//*[@id=\"__status12-__xmlview59--requestItemsTable-0-icon\"]"}
COMMAND: POST /session/665038b064f9c445da0a9920eb0da919/element/f.52921EAA7B6B91DB5228A1971BFC5B49.d.FE980E392AE32A78B8A19466FE787BA3.e.4385/click - {}
RESULT: {}
COMMAND: POST /session/665038b064f9c445da0a9920eb0da919/execute/async - {"script":"<script> [1562 bytes]","args":[{"selector":{"controlType":"sap.ui.core.Icon","viewName":"etm.portal.ui.managerequests.view.NewRequest","properties":{"src":{"regex":{"source":"slim\\-arrow\\-down"}}},"searchOpenDialogs":true,"ancestor":{"id":"costObjectAdminTypeComboBox","viewName":"etm.portal.ui.managerequests.view.NewRequest","searchOpenDialogs":true}},"wdio_ui5_key":"etmportal.ui.managerequests.view.NewRequestsap.ui.core.Icon{\"src\":{\"regex\":{\"source\":\"slim\\\\-arrow\\\\-down\"}}}{\"id\":\"costObjectAdminTypeComboBox\",\"viewName\":\"etm.portal.ui.managerequests.view.NewRequest\",\"searchOpenDialogs\":true}"}]}
COMMAND: GET /session/665038b064f9c445da0a9920eb0da919/screenshot - {}
RESULT: {"script":"<script> [1562 bytes]","args":[{"selector":{"controlType":"sap.ui.core.Icon","viewName":"etm.portal.ui.managerequests.view.NewRequest","properties":{"src":{"regex":{"source":"slim\\-arrow\\-down"}}},"searchOpenDialogs":true,"ancestor":{"id":"costObjectAdminTypeComboBox","viewName":"etm.portal.ui.managerequests.view.NewRequest","searchOpenDialogs":true}},"wdio_ui5_key":"etmportal.ui.managerequests.view.NewRequestsap.ui.core.Icon{\"src\":{\"regex\":{\"source\":\"slim\\\\-arrow\\\\-down\"}}}{\"id\":\"costObjectAdminTypeComboBox\",\"viewName\":\"etm.portal.ui.managerequests.view.NewRequest\",\"searchOpenDialogs\":true}"}]}
RESULT: undefined
COMMAND: POST /session/665038b064f9c445da0a9920eb0da919/element - {"using":"xpath","value":"//*[@id=\"__xmlview59--costObjectAdminTypeComboBox-arrow\"]"}
RESULT: {}
RESULT: {"using":"xpath","value":"//*[@id=\"__xmlview59--costObjectAdminTypeComboBox-arrow\"]"}
COMMAND: POST /session/665038b064f9c445da0a9920eb0da919/element/f.52921EAA7B6B91DB5228A1971BFC5B49.d.FE980E392AE32A78B8A19466FE787BA3.e.4389/click - {}
RESULT: {}
COMMAND: GET /session/665038b064f9c445da0a9920eb0da919/screenshot - {}
RESULT: {}
COMMAND: POST /session/665038b064f9c445da0a9920eb0da919/execute/async - {"script":"<script> [1562 bytes]","args":[{"selector":{"controlType":"sap.m.StandardListItem","viewName":"etm.portal.ui.managerequests.view.NewRequest","properties":{"title":"Cost Center"},"searchOpenDialogs":true,"interaction":{"idSuffix":"content"}},"wdio_ui5_key":"etmportal.ui.managerequests.view.NewRequestsap.m.StandardListItem{\"title\":\"Cost Center\"}"}]}
RESULT: {"script":"<script> [1562 bytes]","args":[{"selector":{"controlType":"sap.m.StandardListItem","viewName":"etm.portal.ui.managerequests.view.NewRequest","properties":{"title":"Cost Center"},"searchOpenDialogs":true,"interaction":{"idSuffix":"content"}},"wdio_ui5_key":"etmportal.ui.managerequests.view.NewRequestsap.m.StandardListItem{\"title\":\"Cost Center\"}"}]}
RESULT: undefined
COMMAND: POST /session/665038b064f9c445da0a9920eb0da919/element - {"using":"xpath","value":"//*[@id=\"__item3075\"]"}
RESULT: {"using":"xpath","value":"//*[@id=\"__item3075\"]"}
COMMAND: POST /session/665038b064f9c445da0a9920eb0da919/element/f.52921EAA7B6B91DB5228A1971BFC5B49.d.FE980E392AE32A78B8A19466FE787BA3.e.4393/click - {}
RESULT: {}
COMMAND: GET /session/665038b064f9c445da0a9920eb0da919/screenshot - {}
RESULT: {}
COMMAND: POST /session/665038b064f9c445da0a9920eb0da919/execute/async - {"script":"<script> [1562 bytes]","args":[{"selector":{"controlType":"sap.m.Button","viewName":"etm.portal.ui.managerequests.view.NewRequest","i18NText":{"propertyName":"text","key":"save"},"searchOpenDialogs":true,"interaction":{"idSuffix":"inner"}},"wdio_ui5_key":"etmportal.ui.managerequests.view.NewRequestsap.m.Button{\"propertyName\":\"text\",\"key\":\"save\"}"}]}
RESULT: {"script":"<script> [1562 bytes]","args":[{"selector":{"controlType":"sap.m.Button","viewName":"etm.portal.ui.managerequests.view.NewRequest","i18NText":{"propertyName":"text","key":"save"},"searchOpenDialogs":true,"interaction":{"idSuffix":"inner"}},"wdio_ui5_key":"etmportal.ui.managerequests.view.NewRequestsap.m.Button{\"propertyName\":\"text\",\"key\":\"save\"}"}]}
RESULT: undefined
COMMAND: POST /session/665038b064f9c445da0a9920eb0da919/element - {"using":"xpath","value":"//*[@id=\"__button200\"]"}
RESULT: {"using":"xpath","value":"//*[@id=\"__button200\"]"}
COMMAND: POST /session/665038b064f9c445da0a9920eb0da919/element/f.52921EAA7B6B91DB5228A1971BFC5B49.d.FE980E392AE32A78B8A19466FE787BA3.e.4400/click - {}
RESULT: {}
COMMAND: GET /session/665038b064f9c445da0a9920eb0da919/screenshot - {}
RESULT: {}
COMMAND: POST /session/665038b064f9c445da0a9920eb0da919/execute/async - {"script":"<script> [1562 bytes]","args":[{"selector":{"controlType":"sap.m.Button","viewName":"etm.portal.ui.managerequests.view.NewRequest","i18NText":{"propertyName":"tooltip","key":"save"},"interaction":{"idSuffix":"BDI-content"}},"wdio_ui5_key":"etmportal.ui.managerequests.view.NewRequestsap.m.Button{\"propertyName\":\"tooltip\",\"key\":\"save\"}"}]}
RESULT: {"script":"<script> [1562 bytes]","args":[{"selector":{"controlType":"sap.m.Button","viewName":"etm.portal.ui.managerequests.view.NewRequest","i18NText":{"propertyName":"tooltip","key":"save"},"interaction":{"idSuffix":"BDI-content"}},"wdio_ui5_key":"etmportal.ui.managerequests.view.NewRequestsap.m.Button{\"propertyName\":\"tooltip\",\"key\":\"save\"}"}]}
RESULT: undefined
COMMAND: POST /session/665038b064f9c445da0a9920eb0da919/element - {"using":"xpath","value":"//*[@id=\"__button189\"]"}
RESULT: {"using":"xpath","value":"//*[@id=\"__button189\"]"}
COMMAND: POST /session/665038b064f9c445da0a9920eb0da919/element/f.52921EAA7B6B91DB5228A1971BFC5B49.d.FE980E392AE32A78B8A19466FE787BA3.e.4304/click - {}
RESULT: {}
COMMAND: POST /session/665038b064f9c445da0a9920eb0da919/execute/async - {"script":"<script> [1562 bytes]","args":[{"selector":{"controlType":"sap.m.Button","properties":{"text":"Close"},"searchOpenDialogs":true,"interaction":{"idSuffix":"inner"}},"wdio_ui5_key":"sapm.Button{\"text\":\"Close\"}"}]}
COMMAND: GET /session/665038b064f9c445da0a9920eb0da919/screenshot - {}
RESULT: {"script":"<script> [1562 bytes]","args":[{"selector":{"controlType":"sap.m.Button","properties":{"text":"Close"},"searchOpenDialogs":true,"interaction":{"idSuffix":"inner"}},"wdio_ui5_key":"sapm.Button{\"text\":\"Close\"}"}]}
RESULT: undefined
COMMAND: POST /session/665038b064f9c445da0a9920eb0da919/element - {"using":"xpath","value":"//*[@id=\"__mbox-btn-1\"]"}
RESULT: {}
RESULT: {"using":"xpath","value":"//*[@id=\"__mbox-btn-1\"]"}
COMMAND: POST /session/665038b064f9c445da0a9920eb0da919/element/f.52921EAA7B6B91DB5228A1971BFC5B49.d.FE980E392AE32A78B8A19466FE787BA3.e.4403/click - {}
RESULT: {}
COMMAND: GET /session/665038b064f9c445da0a9920eb0da919/screenshot - {}
RESULT: {}
COMMAND: POST /session/665038b064f9c445da0a9920eb0da919/execute/async - {"script":"<script> [1562 bytes]","args":[{"selector":{"controlType":"sap.m.Text","viewName":"etm.portal.ui.managerequests.view.Detail","bindingPath":{"propertyPath":"NO","modelName":"catalogModel"}},"wdio_ui5_key":"etmportal.ui.managerequests.view.Detailsap.m.Text{\"propertyPath\":\"NO\",\"modelName\":\"catalogModel\"}"}]}
RESULT: {"script":"<script> [1562 bytes]","args":[{"selector":{"controlType":"sap.m.Text","viewName":"etm.portal.ui.managerequests.view.Detail","bindingPath":{"propertyPath":"NO","modelName":"catalogModel"}},"wdio_ui5_key":"etmportal.ui.managerequests.view.Detailsap.m.Text{\"propertyPath\":\"NO\",\"modelName\":\"catalogModel\"}"}]}
RESULT: undefined
COMMAND: POST /session/665038b064f9c445da0a9920eb0da919/execute/async - {"script":"<script> [6424 bytes]","args":[{"element-6066-11e4-a52e-4f735466cecf":"f.52921EAA7B6B91DB5228A1971BFC5B49.d.FE980E392AE32A78B8A19466FE787BA3.e.4661"},"getText",[]]}
RESULT: {"script":"<script> [6424 bytes]","args":[{"element-6066-11e4-a52e-4f735466cecf":"f.52921EAA7B6B91DB5228A1971BFC5B49.d.FE980E392AE32A78B8A19466FE787BA3.e.4661"},"getText",[]]}
COMMAND: POST /session/665038b064f9c445da0a9920eb0da919/element - {"using":"css selector","value":"#shell-header-logo"}
RESULT: {"using":"css selector","value":"#shell-header-logo"}
COMMAND: POST /session/665038b064f9c445da0a9920eb0da919/element/f.52921EAA7B6B91DB5228A1971BFC5B49.d.FE980E392AE32A78B8A19466FE787BA3.e.3865/click - {}
RESULT: {}
COMMAND: GET /session/665038b064f9c445da0a9920eb0da919/screenshot - {}
RESULT: {}
]]></system-out>
    </testcase>
    <testcase classname="chrome.135_0_7049_96.windows.Yard_Overview_Autoplanning_US130989" name="Should navigate to Yard overview and plan the request" time="122.961">
      <system-out><![CDATA[
COMMAND: POST /session/665038b064f9c445da0a9920eb0da919/execute/async - {"script":"<script> [1562 bytes]","args":[{"selector":{"controlType":"sap.m.GenericTile","properties":{"header":"Yard Overview"}},"wdio_ui5_key":"sapm.GenericTile{\"header\":\"Yard Overview\"}"}]}
RESULT: {"script":"<script> [1562 bytes]","args":[{"selector":{"controlType":"sap.m.GenericTile","properties":{"header":"Yard Overview"}},"wdio_ui5_key":"sapm.GenericTile{\"header\":\"Yard Overview\"}"}]}
RESULT: undefined
COMMAND: POST /session/665038b064f9c445da0a9920eb0da919/element - {"using":"xpath","value":"//*[@id=\"__tile102\"]"}
RESULT: {"using":"xpath","value":"//*[@id=\"__tile102\"]"}
COMMAND: POST /session/665038b064f9c445da0a9920eb0da919/element/f.52921EAA7B6B91DB5228A1971BFC5B49.d.FE980E392AE32A78B8A19466FE787BA3.e.4666/click - {}
RESULT: {}
COMMAND: GET /session/665038b064f9c445da0a9920eb0da919/screenshot - {}
RESULT: {}
COMMAND: POST /session/665038b064f9c445da0a9920eb0da919/execute/async - {"script":"<script> [1562 bytes]","args":[{"selector":{"id":"application-yardoverview-display-component---masterYardInventory--smartFilterBar-btnBasicSearch","interaction":{"idSuffix":"I"}},"wdio_ui5_key":"applicationyardoverview-display-component---masterYardInventory--smartFilterBar-btnBasicSearch"}]}
RESULT: {"script":"<script> [1562 bytes]","args":[{"selector":{"id":"application-yardoverview-display-component---masterYardInventory--smartFilterBar-btnBasicSearch","interaction":{"idSuffix":"I"}},"wdio_ui5_key":"applicationyardoverview-display-component---masterYardInventory--smartFilterBar-btnBasicSearch"}]}
RESULT: undefined
COMMAND: POST /session/665038b064f9c445da0a9920eb0da919/execute/async - {"script":"<script> [776 bytes]","args":[{"enterText":"591","selector":{"id":"application-yardoverview-display-component---masterYardInventory--smartFilterBar-btnBasicSearch","interaction":{"idSuffix":"I"}},"clearTextFirst":true,"interactionType":"ENTER_TEXT"}]}
RESULT: {"script":"<script> [776 bytes]","args":[{"enterText":"591","selector":{"id":"application-yardoverview-display-component---masterYardInventory--smartFilterBar-btnBasicSearch","interaction":{"idSuffix":"I"}},"clearTextFirst":true,"interactionType":"ENTER_TEXT"}]}
COMMAND: POST /session/665038b064f9c445da0a9920eb0da919/actions - {"actions":[{"id":"action12","type":"key","parameters":{},"actions":[{"type":"keyDown","value":"î€‡"},{"type":"pause","duration":10},{"type":"keyUp","value":"î€‡"}]}]}
RESULT: {"actions":[{"id":"action12","type":"key","parameters":{},"actions":[{"type":"keyDown","value":"î€‡"},{"type":"pause","duration":10},{"type":"keyUp","value":"î€‡"}]}]}
COMMAND: GET /session/665038b064f9c445da0a9920eb0da919/screenshot - {}
RESULT: {}
COMMAND: POST /session/665038b064f9c445da0a9920eb0da919/execute/async - {"script":"<script> [1562 bytes]","args":[{"selector":{"controlType":"sap.m.Text","viewName":"etm.portal.ui.yardoverview.view.Master","viewId":"application-yardoverview-display-component---masterYardInventory","bindingPath":{"propertyPath":"ID"}},"wdio_ui5_key":"etmportal.ui.yardoverview.view.Mastersap.m.Text{\"propertyPath\":\"ID\"}"}]}
RESULT: {"script":"<script> [1562 bytes]","args":[{"selector":{"controlType":"sap.m.Text","viewName":"etm.portal.ui.yardoverview.view.Master","viewId":"application-yardoverview-display-component---masterYardInventory","bindingPath":{"propertyPath":"ID"}},"wdio_ui5_key":"etmportal.ui.yardoverview.view.Mastersap.m.Text{\"propertyPath\":\"ID\"}"}]}
RESULT: undefined
COMMAND: POST /session/665038b064f9c445da0a9920eb0da919/element - {"using":"xpath","value":"//*[@id=\"__text1522-__clone7352\"]"}
RESULT: {"using":"xpath","value":"//*[@id=\"__text1522-__clone7352\"]"}
COMMAND: POST /session/665038b064f9c445da0a9920eb0da919/element/f.52921EAA7B6B91DB5228A1971BFC5B49.d.FE980E392AE32A78B8A19466FE787BA3.e.4738/click - {}
RESULT: {}
COMMAND: GET /session/665038b064f9c445da0a9920eb0da919/screenshot - {}
RESULT: {}
COMMAND: POST /session/665038b064f9c445da0a9920eb0da919/execute/async - {"script":"<script> [1562 bytes]","args":[{"selector":{"id":"application-yardoverview-display-component---detailYardInventory--ObjectPageLayout-anchBar-application-yardoverview-display-component---detailYardInventory--openRequestsSection-anchor","interaction":{"idSuffix":"BDI-content"}},"wdio_ui5_key":"applicationyardoverview-display-component---detailYardInventory--ObjectPageLayout-anchBar-application-yardoverview-display-component---detailYardInventory--openRequestsSection-anchor"}]}
RESULT: {"script":"<script> [1562 bytes]","args":[{"selector":{"id":"application-yardoverview-display-component---detailYardInventory--ObjectPageLayout-anchBar-application-yardoverview-display-component---detailYardInventory--openRequestsSection-anchor","interaction":{"idSuffix":"BDI-content"}},"wdio_ui5_key":"applicationyardoverview-display-component---detailYardInventory--ObjectPageLayout-anchBar-application-yardoverview-display-component---detailYardInventory--openRequestsSection-anchor"}]}
RESULT: undefined
COMMAND: POST /session/665038b064f9c445da0a9920eb0da919/element - {"using":"xpath","value":"//*[@id=\"application-yardoverview-display-component---detailYardInventory--ObjectPageLayout-anchBar-application-yardoverview-display-component---detailYardInventory--openRequestsSection-anchor\"]"}
RESULT: {"using":"xpath","value":"//*[@id=\"application-yardoverview-display-component---detailYardInventory--ObjectPageLayout-anchBar-application-yardoverview-display-component---detailYardInventory--openRequestsSection-anchor\"]"}
COMMAND: POST /session/665038b064f9c445da0a9920eb0da919/element/f.52921EAA7B6B91DB5228A1971BFC5B49.d.FE980E392AE32A78B8A19466FE787BA3.e.4834/click - {}
RESULT: {}
COMMAND: GET /session/665038b064f9c445da0a9920eb0da919/screenshot - {}
RESULT: {}
COMMAND: POST /session/665038b064f9c445da0a9920eb0da919/element - {"using":"xpath","value":"//input[contains(@aria-labelledby ,\"INTERNAL_GROUP-request\")]"}
RESULT: {"using":"xpath","value":"//input[contains(@aria-labelledby ,\"INTERNAL_GROUP-request\")]"}
COMMAND: POST /session/665038b064f9c445da0a9920eb0da919/element/f.52921EAA7B6B91DB5228A1971BFC5B49.d.FE980E392AE32A78B8A19466FE787BA3.e.4845/clear - {}
RESULT: {}
COMMAND: POST /session/665038b064f9c445da0a9920eb0da919/element/f.52921EAA7B6B91DB5228A1971BFC5B49.d.FE980E392AE32A78B8A19466FE787BA3.e.4845/value - {"text":"20368"}
COMMAND: GET /session/665038b064f9c445da0a9920eb0da919/screenshot - {}
RESULT: {"text":"20368"}
COMMAND: GET /session/665038b064f9c445da0a9920eb0da919/screenshot - {}
RESULT: {}
RESULT: {}
COMMAND: POST /session/665038b064f9c445da0a9920eb0da919/actions - {"actions":[{"id":"action13","type":"key","parameters":{},"actions":[{"type":"keyDown","value":"î€‡"},{"type":"pause","duration":10},{"type":"keyUp","value":"î€‡"}]}]}
RESULT: {"actions":[{"id":"action13","type":"key","parameters":{},"actions":[{"type":"keyDown","value":"î€‡"},{"type":"pause","duration":10},{"type":"keyUp","value":"î€‡"}]}]}
COMMAND: POST /session/665038b064f9c445da0a9920eb0da919/element - {"using":"xpath","value":"//button[contains(@id,\"openRequests-triggerAction-autoplanBtn\")]"}
COMMAND: GET /session/665038b064f9c445da0a9920eb0da919/screenshot - {}
RESULT: {"using":"xpath","value":"//button[contains(@id,\"openRequests-triggerAction-autoplanBtn\")]"}
COMMAND: POST /session/665038b064f9c445da0a9920eb0da919/element/f.52921EAA7B6B91DB5228A1971BFC5B49.d.FE980E392AE32A78B8A19466FE787BA3.e.4866/click - {}
RESULT: {}
RESULT: {}
COMMAND: GET /session/665038b064f9c445da0a9920eb0da919/screenshot - {}
RESULT: {}
COMMAND: POST /session/665038b064f9c445da0a9920eb0da919/execute/async - {"script":"<script> [1562 bytes]","args":[{"selector":{"id":"application-yardoverview-display-component---detailYardInventory--customRequestsTable-sa","interaction":{"idSuffix":"CbBg"}},"wdio_ui5_key":"applicationyardoverview-display-component---detailYardInventory--customRequestsTable-sa"}]}
RESULT: {"script":"<script> [1562 bytes]","args":[{"selector":{"id":"application-yardoverview-display-component---detailYardInventory--customRequestsTable-sa","interaction":{"idSuffix":"CbBg"}},"wdio_ui5_key":"applicationyardoverview-display-component---detailYardInventory--customRequestsTable-sa"}]}
RESULT: undefined
COMMAND: POST /session/665038b064f9c445da0a9920eb0da919/element - {"using":"xpath","value":"//*[@id=\"application-yardoverview-display-component---detailYardInventory--customRequestsTable-sa\"]"}
RESULT: {"using":"xpath","value":"//*[@id=\"application-yardoverview-display-component---detailYardInventory--customRequestsTable-sa\"]"}
COMMAND: POST /session/665038b064f9c445da0a9920eb0da919/element/f.52921EAA7B6B91DB5228A1971BFC5B49.d.FE980E392AE32A78B8A19466FE787BA3.e.4889/click - {}
RESULT: {}
COMMAND: GET /session/665038b064f9c445da0a9920eb0da919/screenshot - {}
RESULT: {}
COMMAND: POST /session/665038b064f9c445da0a9920eb0da919/element - {"using":"xpath","value":"//button[contains(@id,\"openRequests-triggerAction-autoplanBtn\")]"}
RESULT: {"using":"xpath","value":"//button[contains(@id,\"openRequests-triggerAction-autoplanBtn\")]"}
COMMAND: POST /session/665038b064f9c445da0a9920eb0da919/element/f.52921EAA7B6B91DB5228A1971BFC5B49.d.FE980E392AE32A78B8A19466FE787BA3.e.4866/click - {}
RESULT: {}
COMMAND: GET /session/665038b064f9c445da0a9920eb0da919/screenshot - {}
RESULT: {}
COMMAND: POST /session/665038b064f9c445da0a9920eb0da919/element - {"using":"xpath","value":"//button[.//bdi[contains(text(),\"OK\")]]"}
RESULT: {"using":"xpath","value":"//button[.//bdi[contains(text(),\"OK\")]]"}
COMMAND: POST /session/665038b064f9c445da0a9920eb0da919/element/f.52921EAA7B6B91DB5228A1971BFC5B49.d.FE980E392AE32A78B8A19466FE787BA3.e.4890/click - {}
RESULT: {}
COMMAND: GET /session/665038b064f9c445da0a9920eb0da919/screenshot - {}
RESULT: {}
COMMAND: POST /session/665038b064f9c445da0a9920eb0da919/execute/async - {"script":"<script> [1562 bytes]","args":[{"selector":{"id":"application-yardoverview-display-component---detailYardInventory--refreshOpenRequests-img"},"wdio_ui5_key":"applicationyardoverview-display-component---detailYardInventory--refreshOpenRequests-img"}]}
RESULT: {"script":"<script> [1562 bytes]","args":[{"selector":{"id":"application-yardoverview-display-component---detailYardInventory--refreshOpenRequests-img"},"wdio_ui5_key":"applicationyardoverview-display-component---detailYardInventory--refreshOpenRequests-img"}]}
RESULT: undefined
COMMAND: POST /session/665038b064f9c445da0a9920eb0da919/element - {"using":"xpath","value":"//*[@id=\"application-yardoverview-display-component---detailYardInventory--refreshOpenRequests-img\"]"}
RESULT: {"using":"xpath","value":"//*[@id=\"application-yardoverview-display-component---detailYardInventory--refreshOpenRequests-img\"]"}
COMMAND: POST /session/665038b064f9c445da0a9920eb0da919/element/f.52921EAA7B6B91DB5228A1971BFC5B49.d.FE980E392AE32A78B8A19466FE787BA3.e.4892/click - {}
RESULT: {}
COMMAND: GET /session/665038b064f9c445da0a9920eb0da919/screenshot - {}
RESULT: {}
COMMAND: POST /session/665038b064f9c445da0a9920eb0da919/execute/async - {"script":"<script> [1562 bytes]","args":[{"selector":{"id":"application-yardoverview-display-component---detailYardInventory--ObjectPageLayout-anchBar-application-yardoverview-display-component---detailYardInventory--openProvidesSection-anchor","interaction":{"idSuffix":"BDI-content"}},"wdio_ui5_key":"applicationyardoverview-display-component---detailYardInventory--ObjectPageLayout-anchBar-application-yardoverview-display-component---detailYardInventory--openProvidesSection-anchor"}]}
RESULT: {"script":"<script> [1562 bytes]","args":[{"selector":{"id":"application-yardoverview-display-component---detailYardInventory--ObjectPageLayout-anchBar-application-yardoverview-display-component---detailYardInventory--openProvidesSection-anchor","interaction":{"idSuffix":"BDI-content"}},"wdio_ui5_key":"applicationyardoverview-display-component---detailYardInventory--ObjectPageLayout-anchBar-application-yardoverview-display-component---detailYardInventory--openProvidesSection-anchor"}]}
RESULT: undefined
COMMAND: POST /session/665038b064f9c445da0a9920eb0da919/element - {"using":"xpath","value":"//*[@id=\"application-yardoverview-display-component---detailYardInventory--ObjectPageLayout-anchBar-application-yardoverview-display-component---detailYardInventory--openProvidesSection-anchor\"]"}
RESULT: {"using":"xpath","value":"//*[@id=\"application-yardoverview-display-component---detailYardInventory--ObjectPageLayout-anchBar-application-yardoverview-display-component---detailYardInventory--openProvidesSection-anchor\"]"}
COMMAND: POST /session/665038b064f9c445da0a9920eb0da919/element/f.52921EAA7B6B91DB5228A1971BFC5B49.d.FE980E392AE32A78B8A19466FE787BA3.e.4896/click - {}
RESULT: {}
COMMAND: GET /session/665038b064f9c445da0a9920eb0da919/screenshot - {}
RESULT: {}
COMMAND: POST /session/665038b064f9c445da0a9920eb0da919/element - {"using":"css selector","value":"#shell-header-logo"}
RESULT: {"using":"css selector","value":"#shell-header-logo"}
COMMAND: POST /session/665038b064f9c445da0a9920eb0da919/element/f.52921EAA7B6B91DB5228A1971BFC5B49.d.FE980E392AE32A78B8A19466FE787BA3.e.4669/click - {}
RESULT: {}
COMMAND: GET /session/665038b064f9c445da0a9920eb0da919/screenshot - {}
RESULT: {}
RESULT: undefined
COMMAND: POST /session/665038b064f9c445da0a9920eb0da919/element - {"using":"xpath","value":"//*[@id=\"__tile47-title\"]"}
RESULT: {"using":"xpath","value":"//*[@id=\"__tile47-title\"]"}
COMMAND: POST /session/665038b064f9c445da0a9920eb0da919/element/f.52921EAA7B6B91DB5228A1971BFC5B49.d.FE980E392AE32A78B8A19466FE787BA3.e.3863/click - {}
RESULT: {}
COMMAND: GET /session/665038b064f9c445da0a9920eb0da919/screenshot - {}
RESULT: {}
COMMAND: POST /session/665038b064f9c445da0a9920eb0da919/execute/async - {"script":"<script> [1562 bytes]","args":[{"selector":{"controlType":"sap.m.SearchField","viewName":"etm.portal.ui.managerequests.view.Master","bindingPath":{"path":"","propertyPath":"/_BASIC_SEARCH_FIELD","modelName":"fi1t3rM0d31"},"interaction":{"idSuffix":"I"}},"wdio_ui5_key":"etmportal.ui.managerequests.view.Mastersap.m.SearchField{\"path\":\"\",\"propertyPath\":\"/_BASIC_SEARCH_FIELD\",\"modelName\":\"fi1t3rM0d31\"}"}]}
RESULT: {"script":"<script> [1562 bytes]","args":[{"selector":{"controlType":"sap.m.SearchField","viewName":"etm.portal.ui.managerequests.view.Master","bindingPath":{"path":"","propertyPath":"/_BASIC_SEARCH_FIELD","modelName":"fi1t3rM0d31"},"interaction":{"idSuffix":"I"}},"wdio_ui5_key":"etmportal.ui.managerequests.view.Mastersap.m.SearchField{\"path\":\"\",\"propertyPath\":\"/_BASIC_SEARCH_FIELD\",\"modelName\":\"fi1t3rM0d31\"}"}]}
RESULT: undefined
COMMAND: POST /session/665038b064f9c445da0a9920eb0da919/execute/async - {"script":"<script> [776 bytes]","args":[{"enterText":"20368","selector":{"controlType":"sap.m.SearchField","viewName":"etm.portal.ui.managerequests.view.Master","bindingPath":{"path":"","propertyPath":"/_BASIC_SEARCH_FIELD","modelName":"fi1t3rM0d31"},"interaction":{"idSuffix":"I"}},"clearTextFirst":true,"interactionType":"ENTER_TEXT"}]}
RESULT: {"script":"<script> [776 bytes]","args":[{"enterText":"20368","selector":{"controlType":"sap.m.SearchField","viewName":"etm.portal.ui.managerequests.view.Master","bindingPath":{"path":"","propertyPath":"/_BASIC_SEARCH_FIELD","modelName":"fi1t3rM0d31"},"interaction":{"idSuffix":"I"}},"clearTextFirst":true,"interactionType":"ENTER_TEXT"}]}
COMMAND: POST /session/665038b064f9c445da0a9920eb0da919/actions - {"actions":[{"id":"action14","type":"key","parameters":{},"actions":[{"type":"keyDown","value":"î€‡"},{"type":"pause","duration":10},{"type":"keyUp","value":"î€‡"}]}]}
RESULT: {"actions":[{"id":"action14","type":"key","parameters":{},"actions":[{"type":"keyDown","value":"î€‡"},{"type":"pause","duration":10},{"type":"keyUp","value":"î€‡"}]}]}
COMMAND: GET /session/665038b064f9c445da0a9920eb0da919/screenshot - {}
RESULT: {}
COMMAND: POST /session/665038b064f9c445da0a9920eb0da919/execute/async - {"script":"<script> [1562 bytes]","args":[{"selector":{"controlType":"sap.m.ObjectNumber","viewName":"etm.portal.ui.managerequests.view.Master","bindingPath":{"propertyPath":"IN_USE_FOR"},"interaction":{"idSuffix":"number"}},"wdio_ui5_key":"etmportal.ui.managerequests.view.Mastersap.m.ObjectNumber{\"propertyPath\":\"IN_USE_FOR\"}"}]}
RESULT: {"script":"<script> [1562 bytes]","args":[{"selector":{"controlType":"sap.m.ObjectNumber","viewName":"etm.portal.ui.managerequests.view.Master","bindingPath":{"propertyPath":"IN_USE_FOR"},"interaction":{"idSuffix":"number"}},"wdio_ui5_key":"etmportal.ui.managerequests.view.Mastersap.m.ObjectNumber{\"propertyPath\":\"IN_USE_FOR\"}"}]}
RESULT: undefined
COMMAND: POST /session/665038b064f9c445da0a9920eb0da919/element - {"using":"xpath","value":"//*[@id=\"__number8-__clone7493\"]"}
RESULT: {"using":"xpath","value":"//*[@id=\"__number8-__clone7493\"]"}
COMMAND: POST /session/665038b064f9c445da0a9920eb0da919/element/f.52921EAA7B6B91DB5228A1971BFC5B49.d.FE980E392AE32A78B8A19466FE787BA3.e.5024/click - {}
RESULT: {}
COMMAND: POST /session/665038b064f9c445da0a9920eb0da919/execute/async - {"script":"<script> [1562 bytes]","args":[{"selector":{"controlType":"sap.m.ObjectStatus","viewName":"etm.portal.ui.managerequests.view.Detail","bindingPath":{"propertyPath":"LINK_TO_STATUS/DESCRIPTION","modelName":"catalogModel"}},"wdio_ui5_key":"etmportal.ui.managerequests.view.Detailsap.m.ObjectStatus{\"propertyPath\":\"LINK_TO_STATUS/DESCRIPTION\",\"modelName\":\"catalogModel\"}"}]}
COMMAND: GET /session/665038b064f9c445da0a9920eb0da919/screenshot - {}
RESULT: {"script":"<script> [1562 bytes]","args":[{"selector":{"controlType":"sap.m.ObjectStatus","viewName":"etm.portal.ui.managerequests.view.Detail","bindingPath":{"propertyPath":"LINK_TO_STATUS/DESCRIPTION","modelName":"catalogModel"}},"wdio_ui5_key":"etmportal.ui.managerequests.view.Detailsap.m.ObjectStatus{\"propertyPath\":\"LINK_TO_STATUS/DESCRIPTION\",\"modelName\":\"catalogModel\"}"}]}
RESULT: undefined
COMMAND: POST /session/665038b064f9c445da0a9920eb0da919/execute/async - {"script":"<script> [6424 bytes]","args":[{"element-6066-11e4-a52e-4f735466cecf":"f.52921EAA7B6B91DB5228A1971BFC5B49.d.FE980E392AE32A78B8A19466FE787BA3.e.5227"},"getText",[]]}
RESULT: {}
RESULT: {"script":"<script> [6424 bytes]","args":[{"element-6066-11e4-a52e-4f735466cecf":"f.52921EAA7B6B91DB5228A1971BFC5B49.d.FE980E392AE32A78B8A19466FE787BA3.e.5227"},"getText",[]]}
COMMAND: POST /session/665038b064f9c445da0a9920eb0da919/element - {"using":"css selector","value":"#shell-header-logo"}
RESULT: {"using":"css selector","value":"#shell-header-logo"}
COMMAND: POST /session/665038b064f9c445da0a9920eb0da919/element/f.52921EAA7B6B91DB5228A1971BFC5B49.d.FE980E392AE32A78B8A19466FE787BA3.e.4913/click - {}
RESULT: {}
COMMAND: GET /session/665038b064f9c445da0a9920eb0da919/screenshot - {}
RESULT: {}
COMMAND: DELETE /session/665038b064f9c445da0a9920eb0da919 - {}
RESULT: {}
]]></system-out>
    </testcase>
  </testsuite>
</testsuites>