<?xml version="1.0" encoding="UTF-8"?>
<testsuites tests="9" failures="0" errors="0" skipped="0">
  <testsuite timestamp="2025-06-14T15:48:11" time="115.471" tests="1" failures="0" errors="0" skipped="0">
    <properties>
      <property name="specId" value="0"/>
      <property name="suiteName" value="Create a new catalogs section"/>
      <property name="capabilities" value="chrome.137_0_7151_69.windows"/>
      <property name="file" value="file:///D:/a/1/s/test/specs/R2C/create-new-webshop-catalog-section.spec.js"/>
    </properties>
    <testcase classname="chrome.137_0_7151_69.windows.Create_a_new_catalogs_section" name="Should navigate to manage catalogs and add a new section on webshop catalog" time="85.557">
      <system-out><![CDATA[
COMMAND: POST /session/ce8dff66696d2297726851cc3bfff466/execute/async - {"script":"<script> [1562 bytes]","args":[{"selector":{"controlType":"sap.m.GenericTile","properties":{"header":"Manage Catalogs"}},"wdio_ui5_key":"sapm.GenericTile{\"header\":\"Manage Catalogs\"}"}]}
RESULT: {"script":"<script> [1562 bytes]","args":[{"selector":{"controlType":"sap.m.GenericTile","properties":{"header":"Manage Catalogs"}},"wdio_ui5_key":"sapm.GenericTile{\"header\":\"Manage Catalogs\"}"}]}
RESULT: undefined
COMMAND: POST /session/ce8dff66696d2297726851cc3bfff466/element - {"using":"xpath","value":"//*[@id=\"__tile38\"]"}
RESULT: {"using":"xpath","value":"//*[@id=\"__tile38\"]"}
COMMAND: POST /session/ce8dff66696d2297726851cc3bfff466/element/f.AC9B00B9551530AD6C9D8CCA9F7D3F7B.d.85E8E464921F19CDBC67CCCDFC66CB76.e.113/click - {}
RESULT: {}
COMMAND: GET /session/ce8dff66696d2297726851cc3bfff466/screenshot - {}
RESULT: {}
COMMAND: POST /session/ce8dff66696d2297726851cc3bfff466/elements - {"using":"xpath","value":"//span[text()='Error']"}
RESULT: {"using":"xpath","value":"//span[text()='Error']"}
COMMAND: POST /session/ce8dff66696d2297726851cc3bfff466/execute/async - {"script":"<script> [1562 bytes]","args":[{"selector":{"controlType":"sap.m.Text","viewName":"etm.portal.ui.managecatalogs.view.MasterCatalogs","viewId":"application-managecatalogs-display-component---masterCatalogs","bindingPath":{"path":"/Catalogs('0D7502D073D53A0F1700BE067B89AFF9')","propertyPath":"DESCRIPTION","modelName":"catalogModel"}},"wdio_ui5_key":"etmportal.ui.managecatalogs.view.MasterCatalogssap.m.Text{\"path\":\"/Catalogs('0D7502D073D53A0F1700BE067B89AFF9')\",\"propertyPath\":\"DESCRIPTION\",\"modelName\":\"catalogModel\"}"}]}
RESULT: {"script":"<script> [1562 bytes]","args":[{"selector":{"controlType":"sap.m.Text","viewName":"etm.portal.ui.managecatalogs.view.MasterCatalogs","viewId":"application-managecatalogs-display-component---masterCatalogs","bindingPath":{"path":"/Catalogs('0D7502D073D53A0F1700BE067B89AFF9')","propertyPath":"DESCRIPTION","modelName":"catalogModel"}},"wdio_ui5_key":"etmportal.ui.managecatalogs.view.MasterCatalogssap.m.Text{\"path\":\"/Catalogs('0D7502D073D53A0F1700BE067B89AFF9')\",\"propertyPath\":\"DESCRIPTION\",\"modelName\":\"catalogModel\"}"}]}
RESULT: undefined
COMMAND: POST /session/ce8dff66696d2297726851cc3bfff466/element - {"using":"xpath","value":"//*[@id=\"__text39-application-managecatalogs-display-component---masterCatalogs--CatalogsTable-11\"]"}
RESULT: {"using":"xpath","value":"//*[@id=\"__text39-application-managecatalogs-display-component---masterCatalogs--CatalogsTable-11\"]"}
COMMAND: POST /session/ce8dff66696d2297726851cc3bfff466/element/f.AC9B00B9551530AD6C9D8CCA9F7D3F7B.d.85E8E464921F19CDBC67CCCDFC66CB76.e.143/click - {}
RESULT: {}
COMMAND: POST /session/ce8dff66696d2297726851cc3bfff466/execute/async - {"script":"<script> [1562 bytes]","args":[{"selector":{"controlType":"sap.ui.layout.HorizontalLayout","viewName":"etm.portal.ui.managecatalogs.view.MasterItems","viewId":"application-managecatalogs-display-component---masterCatalogItems","ancestor":{"id":"application-managecatalogs-display-component---masterCatalogItems--idCatalogItemsTree-rows-row0"}},"wdio_ui5_key":"etmportal.ui.managecatalogs.view.MasterItemssap.ui.layout.HorizontalLayout{\"id\":\"application-managecatalogs-display-component---masterCatalogItems--idCatalogItemsTree-rows-row0\"}"}]}
COMMAND: GET /session/ce8dff66696d2297726851cc3bfff466/screenshot - {}
RESULT: {"script":"<script> [1562 bytes]","args":[{"selector":{"controlType":"sap.ui.layout.HorizontalLayout","viewName":"etm.portal.ui.managecatalogs.view.MasterItems","viewId":"application-managecatalogs-display-component---masterCatalogItems","ancestor":{"id":"application-managecatalogs-display-component---masterCatalogItems--idCatalogItemsTree-rows-row0"}},"wdio_ui5_key":"etmportal.ui.managecatalogs.view.MasterItemssap.ui.layout.HorizontalLayout{\"id\":\"application-managecatalogs-display-component---masterCatalogItems--idCatalogItemsTree-rows-row0\"}"}]}
RESULT: undefined
COMMAND: POST /session/ce8dff66696d2297726851cc3bfff466/element - {"using":"xpath","value":"//*[@id=\"__layout3-__clone11\"]"}
RESULT: {}
RESULT: {"using":"xpath","value":"//*[@id=\"__layout3-__clone11\"]"}
COMMAND: POST /session/ce8dff66696d2297726851cc3bfff466/element/f.AC9B00B9551530AD6C9D8CCA9F7D3F7B.d.85E8E464921F19CDBC67CCCDFC66CB76.e.153/click - {}
RESULT: {}
COMMAND: GET /session/ce8dff66696d2297726851cc3bfff466/screenshot - {}
RESULT: {}
COMMAND: POST /session/ce8dff66696d2297726851cc3bfff466/execute/async - {"script":"<script> [1562 bytes]","args":[{"selector":{"controlType":"sap.m.Button","viewName":"etm.portal.ui.managecatalogs.view.Detail","viewId":"application-managecatalogs-display-component---detailCatalog","i18NText":{"propertyName":"text","key":"edit"},"interaction":{"idSuffix":"BDI-content"}},"wdio_ui5_key":"etmportal.ui.managecatalogs.view.Detailsap.m.Button{\"propertyName\":\"text\",\"key\":\"edit\"}"}]}
RESULT: {"script":"<script> [1562 bytes]","args":[{"selector":{"controlType":"sap.m.Button","viewName":"etm.portal.ui.managecatalogs.view.Detail","viewId":"application-managecatalogs-display-component---detailCatalog","i18NText":{"propertyName":"text","key":"edit"},"interaction":{"idSuffix":"BDI-content"}},"wdio_ui5_key":"etmportal.ui.managecatalogs.view.Detailsap.m.Button{\"propertyName\":\"text\",\"key\":\"edit\"}"}]}
RESULT: undefined
COMMAND: POST /session/ce8dff66696d2297726851cc3bfff466/element - {"using":"xpath","value":"//*[@id=\"__button35\"]"}
RESULT: {"using":"xpath","value":"//*[@id=\"__button35\"]"}
COMMAND: POST /session/ce8dff66696d2297726851cc3bfff466/element/f.AC9B00B9551530AD6C9D8CCA9F7D3F7B.d.85E8E464921F19CDBC67CCCDFC66CB76.e.257/click - {}
RESULT: {}
COMMAND: GET /session/ce8dff66696d2297726851cc3bfff466/screenshot - {}
RESULT: {}
RESULT: undefined
COMMAND: POST /session/ce8dff66696d2297726851cc3bfff466/element - {"using":"xpath","value":"//bdi[contains(text(), \"Unlock\")]"}
RESULT: {"using":"xpath","value":"//bdi[contains(text(), \"Unlock\")]"}
COMMAND: POST /session/ce8dff66696d2297726851cc3bfff466/elements - {"using":"xpath","value":"//bdi[contains(text(), \"Unlock\")]"}
RESULT: {"using":"xpath","value":"//bdi[contains(text(), \"Unlock\")]"}
COMMAND: POST /session/ce8dff66696d2297726851cc3bfff466/execute/async - {"script":"<script> [1562 bytes]","args":[{"selector":{"controlType":"sap.ui.core.Icon","viewName":"etm.portal.ui.managecatalogs.view.Detail","viewId":"application-managecatalogs-display-component---detailCatalog","properties":{"src":{"regex":{"source":"add\\-folder"}}}},"wdio_ui5_key":"etmportal.ui.managecatalogs.view.Detailsap.ui.core.Icon{\"src\":{\"regex\":{\"source\":\"add\\\\-folder\"}}}"}]}
RESULT: {"script":"<script> [1562 bytes]","args":[{"selector":{"controlType":"sap.ui.core.Icon","viewName":"etm.portal.ui.managecatalogs.view.Detail","viewId":"application-managecatalogs-display-component---detailCatalog","properties":{"src":{"regex":{"source":"add\\-folder"}}}},"wdio_ui5_key":"etmportal.ui.managecatalogs.view.Detailsap.ui.core.Icon{\"src\":{\"regex\":{\"source\":\"add\\\\-folder\"}}}"}]}
RESULT: undefined
COMMAND: POST /session/ce8dff66696d2297726851cc3bfff466/element - {"using":"xpath","value":"//*[@id=\"__button43-img\"]"}
RESULT: {"using":"xpath","value":"//*[@id=\"__button43-img\"]"}
COMMAND: POST /session/ce8dff66696d2297726851cc3bfff466/element/f.AC9B00B9551530AD6C9D8CCA9F7D3F7B.d.85E8E464921F19CDBC67CCCDFC66CB76.e.265/click - {}
RESULT: {}
COMMAND: GET /session/ce8dff66696d2297726851cc3bfff466/screenshot - {}
RESULT: {}
COMMAND: POST /session/ce8dff66696d2297726851cc3bfff466/execute/async - {"script":"<script> [1562 bytes]","args":[{"selector":{"id":"application-managecatalogs-display-component---detailCatalog--numberInput","searchOpenDialogs":true,"interaction":{"idSuffix":"inner"}},"wdio_ui5_key":"applicationmanagecatalogs-display-component---detailCatalog--numberInput"}]}
RESULT: {"script":"<script> [1562 bytes]","args":[{"selector":{"id":"application-managecatalogs-display-component---detailCatalog--numberInput","searchOpenDialogs":true,"interaction":{"idSuffix":"inner"}},"wdio_ui5_key":"applicationmanagecatalogs-display-component---detailCatalog--numberInput"}]}
RESULT: undefined
COMMAND: POST /session/ce8dff66696d2297726851cc3bfff466/execute/async - {"script":"<script> [776 bytes]","args":[{"enterText":"Sectionjue8z","selector":{"id":"application-managecatalogs-display-component---detailCatalog--numberInput","searchOpenDialogs":true,"interaction":{"idSuffix":"inner"}},"clearTextFirst":true,"interactionType":"ENTER_TEXT"}]}
RESULT: {"script":"<script> [776 bytes]","args":[{"enterText":"Sectionjue8z","selector":{"id":"application-managecatalogs-display-component---detailCatalog--numberInput","searchOpenDialogs":true,"interaction":{"idSuffix":"inner"}},"clearTextFirst":true,"interactionType":"ENTER_TEXT"}]}
COMMAND: POST /session/ce8dff66696d2297726851cc3bfff466/element - {"using":"css selector","value":"#application-managecatalogs-display-component---detailCatalog--nameInput-inner"}
RESULT: {"using":"css selector","value":"#application-managecatalogs-display-component---detailCatalog--nameInput-inner"}
COMMAND: POST /session/ce8dff66696d2297726851cc3bfff466/elements - {"using":"css selector","value":"#application-managecatalogs-display-component---detailCatalog--nameInput-inner"}
RESULT: {"using":"css selector","value":"#application-managecatalogs-display-component---detailCatalog--nameInput-inner"}
COMMAND: POST /session/ce8dff66696d2297726851cc3bfff466/element/f.AC9B00B9551530AD6C9D8CCA9F7D3F7B.d.85E8E464921F19CDBC67CCCDFC66CB76.e.269/clear - {}
RESULT: {}
COMMAND: POST /session/ce8dff66696d2297726851cc3bfff466/element/f.AC9B00B9551530AD6C9D8CCA9F7D3F7B.d.85E8E464921F19CDBC67CCCDFC66CB76.e.269/value - {"text":"Webdriverhpzev"}
COMMAND: GET /session/ce8dff66696d2297726851cc3bfff466/screenshot - {}
RESULT: {"text":"Webdriverhpzev"}
COMMAND: POST /session/ce8dff66696d2297726851cc3bfff466/execute/async - {"script":"<script> [1562 bytes]","args":[{"selector":{"controlType":"sap.m.Button","viewName":"etm.portal.ui.managecatalogs.view.Detail","viewId":"application-managecatalogs-display-component---detailCatalog","i18NText":{"propertyName":"text","key":"create"},"searchOpenDialogs":true,"interaction":{"idSuffix":"BDI-content"}},"wdio_ui5_key":"etmportal.ui.managecatalogs.view.Detailsap.m.Button{\"propertyName\":\"text\",\"key\":\"create\"}"}]}
COMMAND: GET /session/ce8dff66696d2297726851cc3bfff466/screenshot - {}
RESULT: {}
RESULT: {"script":"<script> [1562 bytes]","args":[{"selector":{"controlType":"sap.m.Button","viewName":"etm.portal.ui.managecatalogs.view.Detail","viewId":"application-managecatalogs-display-component---detailCatalog","i18NText":{"propertyName":"text","key":"create"},"searchOpenDialogs":true,"interaction":{"idSuffix":"BDI-content"}},"wdio_ui5_key":"etmportal.ui.managecatalogs.view.Detailsap.m.Button{\"propertyName\":\"text\",\"key\":\"create\"}"}]}
RESULT: undefined
COMMAND: POST /session/ce8dff66696d2297726851cc3bfff466/element - {"using":"xpath","value":"//*[@id=\"__button13\"]"}
RESULT: {}
RESULT: {"using":"xpath","value":"//*[@id=\"__button13\"]"}
COMMAND: POST /session/ce8dff66696d2297726851cc3bfff466/element/f.AC9B00B9551530AD6C9D8CCA9F7D3F7B.d.85E8E464921F19CDBC67CCCDFC66CB76.e.275/click - {}
RESULT: {}
COMMAND: GET /session/ce8dff66696d2297726851cc3bfff466/screenshot - {}
RESULT: {}
COMMAND: POST /session/ce8dff66696d2297726851cc3bfff466/element - {"using":"xpath","value":"//button[@title=\"Save\"]"}
RESULT: {"using":"xpath","value":"//button[@title=\"Save\"]"}
COMMAND: POST /session/ce8dff66696d2297726851cc3bfff466/element/f.AC9B00B9551530AD6C9D8CCA9F7D3F7B.d.85E8E464921F19CDBC67CCCDFC66CB76.e.276/click - {}
RESULT: {}
COMMAND: POST /session/ce8dff66696d2297726851cc3bfff466/execute/async - {"script":"<script> [1562 bytes]","args":[{"selector":{"controlType":"sap.ui.core.Icon","viewName":"etm.portal.ui.managecatalogs.view.Detail","viewId":"application-managecatalogs-display-component---detailCatalog","properties":{"src":{"regex":{"source":"decline"}}}},"wdio_ui5_key":"etmportal.ui.managecatalogs.view.Detailsap.ui.core.Icon{\"src\":{\"regex\":{\"source\":\"decline\"}}}"}]}
COMMAND: GET /session/ce8dff66696d2297726851cc3bfff466/screenshot - {}
RESULT: {"script":"<script> [1562 bytes]","args":[{"selector":{"controlType":"sap.ui.core.Icon","viewName":"etm.portal.ui.managecatalogs.view.Detail","viewId":"application-managecatalogs-display-component---detailCatalog","properties":{"src":{"regex":{"source":"decline"}}}},"wdio_ui5_key":"etmportal.ui.managecatalogs.view.Detailsap.ui.core.Icon{\"src\":{\"regex\":{\"source\":\"decline\"}}}"}]}
RESULT: undefined
COMMAND: POST /session/ce8dff66696d2297726851cc3bfff466/element - {"using":"xpath","value":"//*[@id=\"__button38-img\"]"}
RESULT: {}
RESULT: {"using":"xpath","value":"//*[@id=\"__button38-img\"]"}
COMMAND: POST /session/ce8dff66696d2297726851cc3bfff466/element/f.AC9B00B9551530AD6C9D8CCA9F7D3F7B.d.85E8E464921F19CDBC67CCCDFC66CB76.e.282/click - {}
RESULT: {}
COMMAND: GET /session/ce8dff66696d2297726851cc3bfff466/screenshot - {}
RESULT: {}
COMMAND: POST /session/ce8dff66696d2297726851cc3bfff466/execute/async - {"script":"<script> [1562 bytes]","args":[{"selector":{"controlType":"sap.ui.core.Icon","viewName":"etm.portal.ui.managecatalogs.view.MasterItems","viewId":"application-managecatalogs-display-component---masterCatalogItems","properties":{"src":{"regex":{"source":"refresh"}}}},"wdio_ui5_key":"etmportal.ui.managecatalogs.view.MasterItemssap.ui.core.Icon{\"src\":{\"regex\":{\"source\":\"refresh\"}}}"}]}
RESULT: {"script":"<script> [1562 bytes]","args":[{"selector":{"controlType":"sap.ui.core.Icon","viewName":"etm.portal.ui.managecatalogs.view.MasterItems","viewId":"application-managecatalogs-display-component---masterCatalogItems","properties":{"src":{"regex":{"source":"refresh"}}}},"wdio_ui5_key":"etmportal.ui.managecatalogs.view.MasterItemssap.ui.core.Icon{\"src\":{\"regex\":{\"source\":\"refresh\"}}}"}]}
RESULT: undefined
COMMAND: POST /session/ce8dff66696d2297726851cc3bfff466/element - {"using":"xpath","value":"//*[@id=\"__button11-img\"]"}
RESULT: {"using":"xpath","value":"//*[@id=\"__button11-img\"]"}
COMMAND: POST /session/ce8dff66696d2297726851cc3bfff466/element/f.AC9B00B9551530AD6C9D8CCA9F7D3F7B.d.85E8E464921F19CDBC67CCCDFC66CB76.e.315/click - {}
RESULT: {}
COMMAND: POST /session/ce8dff66696d2297726851cc3bfff466/execute/async - {"script":"<script> [1562 bytes]","args":[{"selector":{"id":"application-managecatalogs-display-component---masterCatalogItems--searchItemsField","interaction":{"idSuffix":"I"}},"wdio_ui5_key":"applicationmanagecatalogs-display-component---masterCatalogItems--searchItemsField"}]}
COMMAND: GET /session/ce8dff66696d2297726851cc3bfff466/screenshot - {}
RESULT: {"script":"<script> [1562 bytes]","args":[{"selector":{"id":"application-managecatalogs-display-component---masterCatalogItems--searchItemsField","interaction":{"idSuffix":"I"}},"wdio_ui5_key":"applicationmanagecatalogs-display-component---masterCatalogItems--searchItemsField"}]}
RESULT: undefined
COMMAND: POST /session/ce8dff66696d2297726851cc3bfff466/execute/async - {"script":"<script> [776 bytes]","args":[{"enterText":"Webdriverhpzev","selector":{"id":"application-managecatalogs-display-component---masterCatalogItems--searchItemsField","interaction":{"idSuffix":"I"}},"clearTextFirst":true,"interactionType":"ENTER_TEXT"}]}
RESULT: {}
RESULT: {"script":"<script> [776 bytes]","args":[{"enterText":"Webdriverhpzev","selector":{"id":"application-managecatalogs-display-component---masterCatalogItems--searchItemsField","interaction":{"idSuffix":"I"}},"clearTextFirst":true,"interactionType":"ENTER_TEXT"}]}
COMMAND: POST /session/ce8dff66696d2297726851cc3bfff466/actions - {"actions":[{"id":"action1","type":"key","parameters":{},"actions":[{"type":"keyDown","value":""},{"type":"pause","duration":10},{"type":"keyUp","value":""}]}]}
RESULT: {"actions":[{"id":"action1","type":"key","parameters":{},"actions":[{"type":"keyDown","value":""},{"type":"pause","duration":10},{"type":"keyUp","value":""}]}]}
COMMAND: POST /session/ce8dff66696d2297726851cc3bfff466/element - {"using":"xpath","value":"(//span[contains(text(), \"Webdriverhpzev\")])[1]"}
COMMAND: GET /session/ce8dff66696d2297726851cc3bfff466/screenshot - {}
RESULT: {"using":"xpath","value":"(//span[contains(text(), \"Webdriverhpzev\")])[1]"}
COMMAND: POST /session/ce8dff66696d2297726851cc3bfff466/element/f.AC9B00B9551530AD6C9D8CCA9F7D3F7B.d.85E8E464921F19CDBC67CCCDFC66CB76.e.318/click - {}
RESULT: {}
RESULT: {}
COMMAND: GET /session/ce8dff66696d2297726851cc3bfff466/screenshot - {}
RESULT: {}
RESULT: undefined
COMMAND: POST /session/ce8dff66696d2297726851cc3bfff466/element - {"using":"xpath","value":"//*[@id=\"__button35\"]"}
RESULT: {"using":"xpath","value":"//*[@id=\"__button35\"]"}
COMMAND: POST /session/ce8dff66696d2297726851cc3bfff466/element/f.AC9B00B9551530AD6C9D8CCA9F7D3F7B.d.85E8E464921F19CDBC67CCCDFC66CB76.e.351/click - {}
RESULT: {}
COMMAND: GET /session/ce8dff66696d2297726851cc3bfff466/screenshot - {}
RESULT: {}
RESULT: undefined
COMMAND: POST /session/ce8dff66696d2297726851cc3bfff466/element - {"using":"xpath","value":"//*[@id=\"__button43-img\"]"}
RESULT: {"using":"xpath","value":"//*[@id=\"__button43-img\"]"}
COMMAND: POST /session/ce8dff66696d2297726851cc3bfff466/element/f.AC9B00B9551530AD6C9D8CCA9F7D3F7B.d.85E8E464921F19CDBC67CCCDFC66CB76.e.404/click - {}
RESULT: {}
COMMAND: GET /session/ce8dff66696d2297726851cc3bfff466/screenshot - {}
RESULT: {}
RESULT: undefined
COMMAND: POST /session/ce8dff66696d2297726851cc3bfff466/execute/async - {"script":"<script> [776 bytes]","args":[{"enterText":"SecondSection520tj","selector":{"id":"application-managecatalogs-display-component---detailCatalog--numberInput","searchOpenDialogs":true,"interaction":{"idSuffix":"inner"}},"clearTextFirst":true,"interactionType":"ENTER_TEXT"}]}
RESULT: {"script":"<script> [776 bytes]","args":[{"enterText":"SecondSection520tj","selector":{"id":"application-managecatalogs-display-component---detailCatalog--numberInput","searchOpenDialogs":true,"interaction":{"idSuffix":"inner"}},"clearTextFirst":true,"interactionType":"ENTER_TEXT"}]}
COMMAND: POST /session/ce8dff66696d2297726851cc3bfff466/element - {"using":"xpath","value":"//input[contains(@id ,\"application-managecatalogs-display-component---detailCatalog--nameInput-inner\")]"}
RESULT: {"using":"xpath","value":"//input[contains(@id ,\"application-managecatalogs-display-component---detailCatalog--nameInput-inner\")]"}
COMMAND: POST /session/ce8dff66696d2297726851cc3bfff466/elements - {"using":"xpath","value":"//input[contains(@id ,\"application-managecatalogs-display-component---detailCatalog--nameInput-inner\")]"}
RESULT: {"using":"xpath","value":"//input[contains(@id ,\"application-managecatalogs-display-component---detailCatalog--nameInput-inner\")]"}
COMMAND: POST /session/ce8dff66696d2297726851cc3bfff466/element/f.AC9B00B9551530AD6C9D8CCA9F7D3F7B.d.85E8E464921F19CDBC67CCCDFC66CB76.e.408/clear - {}
RESULT: {}
COMMAND: POST /session/ce8dff66696d2297726851cc3bfff466/element/f.AC9B00B9551530AD6C9D8CCA9F7D3F7B.d.85E8E464921F19CDBC67CCCDFC66CB76.e.408/value - {"text":"webdriversecond7hxos"}
COMMAND: GET /session/ce8dff66696d2297726851cc3bfff466/screenshot - {}
RESULT: {"text":"webdriversecond7hxos"}
COMMAND: POST /session/ce8dff66696d2297726851cc3bfff466/execute/async - {"script":"<script> [1562 bytes]","args":[{"selector":{"id":"application-managecatalogs-display-component---detailCatalog--nameInput","searchOpenDialogs":true,"interaction":{"idSuffix":"inner"}},"wdio_ui5_key":"applicationmanagecatalogs-display-component---detailCatalog--nameInput"}]}
COMMAND: GET /session/ce8dff66696d2297726851cc3bfff466/screenshot - {}
RESULT: {}
RESULT: {"script":"<script> [1562 bytes]","args":[{"selector":{"id":"application-managecatalogs-display-component---detailCatalog--nameInput","searchOpenDialogs":true,"interaction":{"idSuffix":"inner"}},"wdio_ui5_key":"applicationmanagecatalogs-display-component---detailCatalog--nameInput"}]}
RESULT: undefined
COMMAND: POST /session/ce8dff66696d2297726851cc3bfff466/execute/async - {"script":"<script> [776 bytes]","args":[{"enterText":"webdriversecond7hxos","selector":{"id":"application-managecatalogs-display-component---detailCatalog--nameInput","searchOpenDialogs":true,"interaction":{"idSuffix":"inner"}},"clearTextFirst":true,"interactionType":"ENTER_TEXT"}]}
RESULT: {}
RESULT: {"script":"<script> [776 bytes]","args":[{"enterText":"webdriversecond7hxos","selector":{"id":"application-managecatalogs-display-component---detailCatalog--nameInput","searchOpenDialogs":true,"interaction":{"idSuffix":"inner"}},"clearTextFirst":true,"interactionType":"ENTER_TEXT"}]}
RESULT: undefined
COMMAND: POST /session/ce8dff66696d2297726851cc3bfff466/element - {"using":"xpath","value":"//*[@id=\"__button13\"]"}
RESULT: {"using":"xpath","value":"//*[@id=\"__button13\"]"}
COMMAND: POST /session/ce8dff66696d2297726851cc3bfff466/element/f.AC9B00B9551530AD6C9D8CCA9F7D3F7B.d.85E8E464921F19CDBC67CCCDFC66CB76.e.412/click - {}
RESULT: {}
COMMAND: GET /session/ce8dff66696d2297726851cc3bfff466/screenshot - {}
RESULT: {}
COMMAND: POST /session/ce8dff66696d2297726851cc3bfff466/element - {"using":"xpath","value":"//button[@title=\"Save\"]"}
RESULT: {"using":"xpath","value":"//button[@title=\"Save\"]"}
COMMAND: POST /session/ce8dff66696d2297726851cc3bfff466/element/f.AC9B00B9551530AD6C9D8CCA9F7D3F7B.d.85E8E464921F19CDBC67CCCDFC66CB76.e.390/click - {}
RESULT: {}
COMMAND: GET /session/ce8dff66696d2297726851cc3bfff466/screenshot - {}
RESULT: {}
RESULT: undefined
COMMAND: POST /session/ce8dff66696d2297726851cc3bfff466/element - {"using":"xpath","value":"//*[@id=\"__button38-img\"]"}
RESULT: {"using":"xpath","value":"//*[@id=\"__button38-img\"]"}
COMMAND: POST /session/ce8dff66696d2297726851cc3bfff466/element/f.AC9B00B9551530AD6C9D8CCA9F7D3F7B.d.85E8E464921F19CDBC67CCCDFC66CB76.e.358/click - {}
RESULT: {}
COMMAND: GET /session/ce8dff66696d2297726851cc3bfff466/screenshot - {}
RESULT: {}
RESULT: undefined
COMMAND: POST /session/ce8dff66696d2297726851cc3bfff466/element - {"using":"xpath","value":"//*[@id=\"__button11-img\"]"}
RESULT: {"using":"xpath","value":"//*[@id=\"__button11-img\"]"}
COMMAND: POST /session/ce8dff66696d2297726851cc3bfff466/element/f.AC9B00B9551530AD6C9D8CCA9F7D3F7B.d.85E8E464921F19CDBC67CCCDFC66CB76.e.450/click - {}
RESULT: {}
COMMAND: GET /session/ce8dff66696d2297726851cc3bfff466/screenshot - {}
RESULT: {}
RESULT: undefined
COMMAND: POST /session/ce8dff66696d2297726851cc3bfff466/execute/async - {"script":"<script> [776 bytes]","args":[{"enterText":"SecondSection520tj","selector":{"id":"application-managecatalogs-display-component---masterCatalogItems--searchItemsField","interaction":{"idSuffix":"I"}},"clearTextFirst":true,"interactionType":"ENTER_TEXT"}]}
RESULT: {"script":"<script> [776 bytes]","args":[{"enterText":"SecondSection520tj","selector":{"id":"application-managecatalogs-display-component---masterCatalogItems--searchItemsField","interaction":{"idSuffix":"I"}},"clearTextFirst":true,"interactionType":"ENTER_TEXT"}]}
COMMAND: POST /session/ce8dff66696d2297726851cc3bfff466/actions - {"actions":[{"id":"action2","type":"key","parameters":{},"actions":[{"type":"keyDown","value":""},{"type":"pause","duration":10},{"type":"keyUp","value":""}]}]}
RESULT: {"actions":[{"id":"action2","type":"key","parameters":{},"actions":[{"type":"keyDown","value":""},{"type":"pause","duration":10},{"type":"keyUp","value":""}]}]}
COMMAND: POST /session/ce8dff66696d2297726851cc3bfff466/element - {"using":"xpath","value":"(//span[contains(text(), \"SecondSection520tj\")])[1]"}
COMMAND: GET /session/ce8dff66696d2297726851cc3bfff466/screenshot - {}
RESULT: {"using":"xpath","value":"(//span[contains(text(), \"SecondSection520tj\")])[1]"}
COMMAND: POST /session/ce8dff66696d2297726851cc3bfff466/element/f.AC9B00B9551530AD6C9D8CCA9F7D3F7B.d.85E8E464921F19CDBC67CCCDFC66CB76.e.453/click - {}
RESULT: {}
RESULT: {}
COMMAND: POST /session/ce8dff66696d2297726851cc3bfff466/element - {"using":"xpath","value":"(//span[contains(text(), \"SecondSection520tj\")])[1]"}
COMMAND: GET /session/ce8dff66696d2297726851cc3bfff466/screenshot - {}
RESULT: {"using":"xpath","value":"(//span[contains(text(), \"SecondSection520tj\")])[1]"}
COMMAND: GET /session/ce8dff66696d2297726851cc3bfff466/element/f.AC9B00B9551530AD6C9D8CCA9F7D3F7B.d.85E8E464921F19CDBC67CCCDFC66CB76.e.453/text - {}
RESULT: {}
COMMAND: POST /session/ce8dff66696d2297726851cc3bfff466/element - {"using":"xpath","value":"(//span[contains(text(), \"SecondSection520tj\")])[1]"}
RESULT: {"using":"xpath","value":"(//span[contains(text(), \"SecondSection520tj\")])[1]"}
COMMAND: GET /session/ce8dff66696d2297726851cc3bfff466/element/f.AC9B00B9551530AD6C9D8CCA9F7D3F7B.d.85E8E464921F19CDBC67CCCDFC66CB76.e.453/text - {}
COMMAND: POST /session/ce8dff66696d2297726851cc3bfff466/element - {"using":"xpath","value":"(//span[contains(text(), \"SecondSection520tj\")])[1]"}
RESULT: {"using":"xpath","value":"(//span[contains(text(), \"SecondSection520tj\")])[1]"}
COMMAND: GET /session/ce8dff66696d2297726851cc3bfff466/element/f.AC9B00B9551530AD6C9D8CCA9F7D3F7B.d.85E8E464921F19CDBC67CCCDFC66CB76.e.505/text - {}
RESULT: {}
COMMAND: POST /session/ce8dff66696d2297726851cc3bfff466/element - {"using":"css selector","value":"#shell-header-logo"}
RESULT: {"using":"css selector","value":"#shell-header-logo"}
COMMAND: POST /session/ce8dff66696d2297726851cc3bfff466/element/f.AC9B00B9551530AD6C9D8CCA9F7D3F7B.d.85E8E464921F19CDBC67CCCDFC66CB76.e.116/click - {}
RESULT: {}
COMMAND: GET /session/ce8dff66696d2297726851cc3bfff466/screenshot - {}
RESULT: {}
COMMAND: POST /session/ce8dff66696d2297726851cc3bfff466/execute/async - {"script":"<script> [1562 bytes]","args":[{"selector":{"controlType":"sap.m.GenericTile","properties":{"header":"Manage Classifications"}},"wdio_ui5_key":"sapm.GenericTile{\"header\":\"Manage Classifications\"}"}]}
RESULT: {"script":"<script> [1562 bytes]","args":[{"selector":{"controlType":"sap.m.GenericTile","properties":{"header":"Manage Classifications"}},"wdio_ui5_key":"sapm.GenericTile{\"header\":\"Manage Classifications\"}"}]}
RESULT: undefined
COMMAND: POST /session/ce8dff66696d2297726851cc3bfff466/element - {"using":"xpath","value":"//*[@id=\"__tile117\"]"}
RESULT: {"using":"xpath","value":"//*[@id=\"__tile117\"]"}
COMMAND: POST /session/ce8dff66696d2297726851cc3bfff466/element/f.AC9B00B9551530AD6C9D8CCA9F7D3F7B.d.85E8E464921F19CDBC67CCCDFC66CB76.e.511/click - {}
RESULT: {}
COMMAND: GET /session/ce8dff66696d2297726851cc3bfff466/screenshot - {}
RESULT: {}
COMMAND: POST /session/ce8dff66696d2297726851cc3bfff466/elements - {"using":"xpath","value":"//span[text()='Error']"}
RESULT: {"using":"xpath","value":"//span[text()='Error']"}
]]></system-out>
    </testcase>
  </testsuite>
  <testsuite timestamp="2025-06-14T15:50:07" time="252.687" tests="3" failures="0" errors="0" skipped="0">
    <properties>
      <property name="specId" value="0"/>
      <property name="suiteName" value="Manage catalogs - yard assignment classification US138930"/>
      <property name="capabilities" value="chrome.137_0_7151_69.windows"/>
      <property name="file" value="file:///D:/a/1/s/test/specs/R2C/manage-catalogs-yard-assignment-classification.spec.js"/>
    </properties>
    <testcase classname="chrome.137_0_7151_69.windows.Manage_catalogs_-_yard_assignment_classification_US138930" name="Should create a new classification of type yard assignment" time="35.133">
      <system-out><![CDATA[
COMMAND: POST /session/ce8dff66696d2297726851cc3bfff466/execute/async - {"script":"<script> [1562 bytes]","args":[{"selector":{"controlType":"sap.ui.core.Icon","viewName":"etm.portal.ui.manageclassifications.view.Master","viewId":"application-manageclassifications-display-component---classificationMaster","properties":{"src":{"regex":{"source":"add"}}}},"wdio_ui5_key":"etmportal.ui.manageclassifications.view.Mastersap.ui.core.Icon{\"src\":{\"regex\":{\"source\":\"add\"}}}"}]}
RESULT: {"script":"<script> [1562 bytes]","args":[{"selector":{"controlType":"sap.ui.core.Icon","viewName":"etm.portal.ui.manageclassifications.view.Master","viewId":"application-manageclassifications-display-component---classificationMaster","properties":{"src":{"regex":{"source":"add"}}}},"wdio_ui5_key":"etmportal.ui.manageclassifications.view.Mastersap.ui.core.Icon{\"src\":{\"regex\":{\"source\":\"add\"}}}"}]}
RESULT: undefined
COMMAND: POST /session/ce8dff66696d2297726851cc3bfff466/element - {"using":"xpath","value":"//*[@id=\"__button77-img\"]"}
RESULT: {"using":"xpath","value":"//*[@id=\"__button77-img\"]"}
COMMAND: POST /session/ce8dff66696d2297726851cc3bfff466/element/f.AC9B00B9551530AD6C9D8CCA9F7D3F7B.d.85E8E464921F19CDBC67CCCDFC66CB76.e.550/click - {}
RESULT: {}
COMMAND: POST /session/ce8dff66696d2297726851cc3bfff466/execute/async - {"script":"<script> [1562 bytes]","args":[{"selector":{"id":"application-manageclassifications-display-component---classificationCreate--classHeaderName","interaction":{"idSuffix":"inner"}},"wdio_ui5_key":"applicationmanageclassifications-display-component---classificationCreate--classHeaderName"}]}
COMMAND: GET /session/ce8dff66696d2297726851cc3bfff466/screenshot - {}
RESULT: {"script":"<script> [1562 bytes]","args":[{"selector":{"id":"application-manageclassifications-display-component---classificationCreate--classHeaderName","interaction":{"idSuffix":"inner"}},"wdio_ui5_key":"applicationmanageclassifications-display-component---classificationCreate--classHeaderName"}]}
RESULT: undefined
COMMAND: POST /session/ce8dff66696d2297726851cc3bfff466/execute/async - {"script":"<script> [776 bytes]","args":[{"enterText":"WebdriverYardClassjxfzph","selector":{"id":"application-manageclassifications-display-component---classificationCreate--classHeaderName","interaction":{"idSuffix":"inner"}},"clearTextFirst":true,"interactionType":"ENTER_TEXT"}]}
RESULT: {}
RESULT: {"script":"<script> [776 bytes]","args":[{"enterText":"WebdriverYardClassjxfzph","selector":{"id":"application-manageclassifications-display-component---classificationCreate--classHeaderName","interaction":{"idSuffix":"inner"}},"clearTextFirst":true,"interactionType":"ENTER_TEXT"}]}
COMMAND: POST /session/ce8dff66696d2297726851cc3bfff466/execute/async - {"script":"<script> [1562 bytes]","args":[{"selector":{"controlType":"sap.ui.core.Icon","viewName":"etm.portal.ui.manageclassifications.view.Create","viewId":"application-manageclassifications-display-component---classificationCreate","properties":{"src":{"regex":{"source":"slim\\-arrow\\-down"}}}},"wdio_ui5_key":"etmportal.ui.manageclassifications.view.Createsap.ui.core.Icon{\"src\":{\"regex\":{\"source\":\"slim\\\\-arrow\\\\-down\"}}}"}]}
RESULT: {"script":"<script> [1562 bytes]","args":[{"selector":{"controlType":"sap.ui.core.Icon","viewName":"etm.portal.ui.manageclassifications.view.Create","viewId":"application-manageclassifications-display-component---classificationCreate","properties":{"src":{"regex":{"source":"slim\\-arrow\\-down"}}}},"wdio_ui5_key":"etmportal.ui.manageclassifications.view.Createsap.ui.core.Icon{\"src\":{\"regex\":{\"source\":\"slim\\\\-arrow\\\\-down\"}}}"}]}
RESULT: undefined
COMMAND: POST /session/ce8dff66696d2297726851cc3bfff466/element - {"using":"xpath","value":"//*[@id=\"__box48-arrow\"]"}
RESULT: {"using":"xpath","value":"//*[@id=\"__box48-arrow\"]"}
COMMAND: POST /session/ce8dff66696d2297726851cc3bfff466/element/f.AC9B00B9551530AD6C9D8CCA9F7D3F7B.d.85E8E464921F19CDBC67CCCDFC66CB76.e.963/click - {}
RESULT: {}
COMMAND: POST /session/ce8dff66696d2297726851cc3bfff466/execute/async - {"script":"<script> [1562 bytes]","args":[{"selector":{"controlType":"sap.m.StandardListItem","viewName":"etm.portal.ui.manageclassifications.view.Create","viewId":"application-manageclassifications-display-component---classificationCreate","properties":{"title":"Yard assignment"},"searchOpenDialogs":true,"interaction":{"idSuffix":"titleText"}},"wdio_ui5_key":"etmportal.ui.manageclassifications.view.Createsap.m.StandardListItem{\"title\":\"Yard assignment\"}"}]}
COMMAND: GET /session/ce8dff66696d2297726851cc3bfff466/screenshot - {}
RESULT: {"script":"<script> [1562 bytes]","args":[{"selector":{"controlType":"sap.m.StandardListItem","viewName":"etm.portal.ui.manageclassifications.view.Create","viewId":"application-manageclassifications-display-component---classificationCreate","properties":{"title":"Yard assignment"},"searchOpenDialogs":true,"interaction":{"idSuffix":"titleText"}},"wdio_ui5_key":"etmportal.ui.manageclassifications.view.Createsap.m.StandardListItem{\"title\":\"Yard assignment\"}"}]}
RESULT: undefined
COMMAND: POST /session/ce8dff66696d2297726851cc3bfff466/element - {"using":"xpath","value":"//*[@id=\"__item309\"]"}
RESULT: {}
RESULT: {"using":"xpath","value":"//*[@id=\"__item309\"]"}
COMMAND: POST /session/ce8dff66696d2297726851cc3bfff466/element/f.AC9B00B9551530AD6C9D8CCA9F7D3F7B.d.85E8E464921F19CDBC67CCCDFC66CB76.e.1006/click - {}
RESULT: {}
COMMAND: POST /session/ce8dff66696d2297726851cc3bfff466/execute/async - {"script":"<script> [1562 bytes]","args":[{"selector":{"controlType":"sap.ui.core.Icon","viewName":"etm.portal.ui.manageclassifications.view.Create","viewId":"application-manageclassifications-display-component---classificationCreate","properties":{"src":{"regex":{"source":"add"}}}},"wdio_ui5_key":"etmportal.ui.manageclassifications.view.Createsap.ui.core.Icon{\"src\":{\"regex\":{\"source\":\"add\"}}}"}]}
COMMAND: GET /session/ce8dff66696d2297726851cc3bfff466/screenshot - {}
RESULT: {"script":"<script> [1562 bytes]","args":[{"selector":{"controlType":"sap.ui.core.Icon","viewName":"etm.portal.ui.manageclassifications.view.Create","viewId":"application-manageclassifications-display-component---classificationCreate","properties":{"src":{"regex":{"source":"add"}}}},"wdio_ui5_key":"etmportal.ui.manageclassifications.view.Createsap.ui.core.Icon{\"src\":{\"regex\":{\"source\":\"add\"}}}"}]}
RESULT: undefined
COMMAND: POST /session/ce8dff66696d2297726851cc3bfff466/element - {"using":"xpath","value":"//*[@id=\"__button82-img\"]"}
RESULT: {}
RESULT: {"using":"xpath","value":"//*[@id=\"__button82-img\"]"}
COMMAND: POST /session/ce8dff66696d2297726851cc3bfff466/element/f.AC9B00B9551530AD6C9D8CCA9F7D3F7B.d.85E8E464921F19CDBC67CCCDFC66CB76.e.966/click - {}
RESULT: {}
COMMAND: POST /session/ce8dff66696d2297726851cc3bfff466/execute/async - {"script":"<script> [1562 bytes]","args":[{"selector":{"controlType":"sap.m.Input","viewName":"etm.portal.ui.manageclassifications.view.Create","viewId":"application-manageclassifications-display-component---classificationCreate","bindingPath":{"path":"/0","propertyPath":"PROPERTY","modelName":"newConfigModel"},"interaction":{"idSuffix":"inner"}},"wdio_ui5_key":"etmportal.ui.manageclassifications.view.Createsap.m.Input{\"path\":\"/0\",\"propertyPath\":\"PROPERTY\",\"modelName\":\"newConfigModel\"}"}]}
COMMAND: GET /session/ce8dff66696d2297726851cc3bfff466/screenshot - {}
RESULT: {"script":"<script> [1562 bytes]","args":[{"selector":{"controlType":"sap.m.Input","viewName":"etm.portal.ui.manageclassifications.view.Create","viewId":"application-manageclassifications-display-component---classificationCreate","bindingPath":{"path":"/0","propertyPath":"PROPERTY","modelName":"newConfigModel"},"interaction":{"idSuffix":"inner"}},"wdio_ui5_key":"etmportal.ui.manageclassifications.view.Createsap.m.Input{\"path\":\"/0\",\"propertyPath\":\"PROPERTY\",\"modelName\":\"newConfigModel\"}"}]}
RESULT: undefined
COMMAND: POST /session/ce8dff66696d2297726851cc3bfff466/execute/async - {"script":"<script> [776 bytes]","args":[{"enterText":"101","selector":{"controlType":"sap.m.Input","viewName":"etm.portal.ui.manageclassifications.view.Create","viewId":"application-manageclassifications-display-component---classificationCreate","bindingPath":{"path":"/0","propertyPath":"PROPERTY","modelName":"newConfigModel"},"interaction":{"idSuffix":"inner"}},"clearTextFirst":true,"interactionType":"ENTER_TEXT"}]}
RESULT: {}
RESULT: {"script":"<script> [776 bytes]","args":[{"enterText":"101","selector":{"controlType":"sap.m.Input","viewName":"etm.portal.ui.manageclassifications.view.Create","viewId":"application-manageclassifications-display-component---classificationCreate","bindingPath":{"path":"/0","propertyPath":"PROPERTY","modelName":"newConfigModel"},"interaction":{"idSuffix":"inner"}},"clearTextFirst":true,"interactionType":"ENTER_TEXT"}]}
COMMAND: POST /session/ce8dff66696d2297726851cc3bfff466/execute/async - {"script":"<script> [1562 bytes]","args":[{"selector":{"controlType":"sap.m.Input","viewName":"etm.portal.ui.manageclassifications.view.Create","viewId":"application-manageclassifications-display-component---classificationCreate","bindingPath":{"path":"/0","propertyPath":"DESCRIPTION","modelName":"newConfigModel"},"interaction":{"idSuffix":"inner"}},"wdio_ui5_key":"etmportal.ui.manageclassifications.view.Createsap.m.Input{\"path\":\"/0\",\"propertyPath\":\"DESCRIPTION\",\"modelName\":\"newConfigModel\"}"}]}
RESULT: {"script":"<script> [1562 bytes]","args":[{"selector":{"controlType":"sap.m.Input","viewName":"etm.portal.ui.manageclassifications.view.Create","viewId":"application-manageclassifications-display-component---classificationCreate","bindingPath":{"path":"/0","propertyPath":"DESCRIPTION","modelName":"newConfigModel"},"interaction":{"idSuffix":"inner"}},"wdio_ui5_key":"etmportal.ui.manageclassifications.view.Createsap.m.Input{\"path\":\"/0\",\"propertyPath\":\"DESCRIPTION\",\"modelName\":\"newConfigModel\"}"}]}
RESULT: undefined
COMMAND: POST /session/ce8dff66696d2297726851cc3bfff466/execute/async - {"script":"<script> [776 bytes]","args":[{"enterText":"yard1","selector":{"controlType":"sap.m.Input","viewName":"etm.portal.ui.manageclassifications.view.Create","viewId":"application-manageclassifications-display-component---classificationCreate","bindingPath":{"path":"/0","propertyPath":"DESCRIPTION","modelName":"newConfigModel"},"interaction":{"idSuffix":"inner"}},"clearTextFirst":true,"interactionType":"ENTER_TEXT"}]}
RESULT: {"script":"<script> [776 bytes]","args":[{"enterText":"yard1","selector":{"controlType":"sap.m.Input","viewName":"etm.portal.ui.manageclassifications.view.Create","viewId":"application-manageclassifications-display-component---classificationCreate","bindingPath":{"path":"/0","propertyPath":"DESCRIPTION","modelName":"newConfigModel"},"interaction":{"idSuffix":"inner"}},"clearTextFirst":true,"interactionType":"ENTER_TEXT"}]}
COMMAND: POST /session/ce8dff66696d2297726851cc3bfff466/execute/async - {"script":"<script> [1562 bytes]","args":[{"selector":{"controlType":"sap.ui.core.Icon","viewName":"etm.portal.ui.manageclassifications.view.Create","viewId":"application-manageclassifications-display-component---classificationCreate","properties":{"src":{"regex":{"source":"slim\\-arrow\\-down"}}},"ancestor":{"controlType":"sap.m.ComboBox","viewName":"etm.portal.ui.manageclassifications.view.Create","viewId":"application-manageclassifications-display-component---classificationCreate","bindingPath":{"path":"/0","propertyPath":"VALUE_TYPE","modelName":"newConfigModel"}}},"wdio_ui5_key":"etmportal.ui.manageclassifications.view.Createsap.ui.core.Icon{\"src\":{\"regex\":{\"source\":\"slim\\\\-arrow\\\\-down\"}}}{\"controlType\":\"sap.m.ComboBox\",\"viewName\":\"etm.portal.ui.manageclassifications.view.Create\",\"viewId\":\"application-manageclassifications-display-component---classificationCreate\",\"bindingPath\":{\"path\":\"/0\",\"propertyPath\":\"VALUE_TYPE\",\"modelName\":\"newConfigModel\"}}"}]}
RESULT: {"script":"<script> [1562 bytes]","args":[{"selector":{"controlType":"sap.ui.core.Icon","viewName":"etm.portal.ui.manageclassifications.view.Create","viewId":"application-manageclassifications-display-component---classificationCreate","properties":{"src":{"regex":{"source":"slim\\-arrow\\-down"}}},"ancestor":{"controlType":"sap.m.ComboBox","viewName":"etm.portal.ui.manageclassifications.view.Create","viewId":"application-manageclassifications-display-component---classificationCreate","bindingPath":{"path":"/0","propertyPath":"VALUE_TYPE","modelName":"newConfigModel"}}},"wdio_ui5_key":"etmportal.ui.manageclassifications.view.Createsap.ui.core.Icon{\"src\":{\"regex\":{\"source\":\"slim\\\\-arrow\\\\-down\"}}}{\"controlType\":\"sap.m.ComboBox\",\"viewName\":\"etm.portal.ui.manageclassifications.view.Create\",\"viewId\":\"application-manageclassifications-display-component---classificationCreate\",\"bindingPath\":{\"path\":\"/0\",\"propertyPath\":\"VALUE_TYPE\",\"modelName\":\"newConfigModel\"}}"}]}
RESULT: undefined
COMMAND: POST /session/ce8dff66696d2297726851cc3bfff466/element - {"using":"xpath","value":"//*[@id=\"__box49-application-manageclassifications-display-component---classificationCreate--configurationList-0-arrow\"]"}
RESULT: {"using":"xpath","value":"//*[@id=\"__box49-application-manageclassifications-display-component---classificationCreate--configurationList-0-arrow\"]"}
COMMAND: POST /session/ce8dff66696d2297726851cc3bfff466/element/f.AC9B00B9551530AD6C9D8CCA9F7D3F7B.d.85E8E464921F19CDBC67CCCDFC66CB76.e.1015/click - {}
RESULT: {}
COMMAND: POST /session/ce8dff66696d2297726851cc3bfff466/execute/async - {"script":"<script> [1562 bytes]","args":[{"selector":{"controlType":"sap.m.StandardListItem","viewName":"etm.portal.ui.manageclassifications.view.Create","viewId":"application-manageclassifications-display-component---classificationCreate","properties":{"title":"Boolean"},"searchOpenDialogs":true,"interaction":{"idSuffix":"content"}},"wdio_ui5_key":"etmportal.ui.manageclassifications.view.Createsap.m.StandardListItem{\"title\":\"Boolean\"}"}]}
COMMAND: GET /session/ce8dff66696d2297726851cc3bfff466/screenshot - {}
RESULT: {"script":"<script> [1562 bytes]","args":[{"selector":{"controlType":"sap.m.StandardListItem","viewName":"etm.portal.ui.manageclassifications.view.Create","viewId":"application-manageclassifications-display-component---classificationCreate","properties":{"title":"Boolean"},"searchOpenDialogs":true,"interaction":{"idSuffix":"content"}},"wdio_ui5_key":"etmportal.ui.manageclassifications.view.Createsap.m.StandardListItem{\"title\":\"Boolean\"}"}]}
RESULT: undefined
COMMAND: POST /session/ce8dff66696d2297726851cc3bfff466/element - {"using":"xpath","value":"//*[@id=\"__item312\"]"}
RESULT: {}
RESULT: {"using":"xpath","value":"//*[@id=\"__item312\"]"}
COMMAND: POST /session/ce8dff66696d2297726851cc3bfff466/element/f.AC9B00B9551530AD6C9D8CCA9F7D3F7B.d.85E8E464921F19CDBC67CCCDFC66CB76.e.1017/click - {}
RESULT: {}
COMMAND: POST /session/ce8dff66696d2297726851cc3bfff466/element - {"using":"xpath","value":"//input[contains(@id ,\"application-manageclassifications-display-component---classificationCreate--classHeaderName-inner\")]"}
COMMAND: GET /session/ce8dff66696d2297726851cc3bfff466/screenshot - {}
RESULT: {"using":"xpath","value":"//input[contains(@id ,\"application-manageclassifications-display-component---classificationCreate--classHeaderName-inner\")]"}
COMMAND: GET /session/ce8dff66696d2297726851cc3bfff466/element/f.AC9B00B9551530AD6C9D8CCA9F7D3F7B.d.85E8E464921F19CDBC67CCCDFC66CB76.e.917/property/value - {}
RESULT: {}
RESULT: {}
COMMAND: GET /session/ce8dff66696d2297726851cc3bfff466/screenshot - {}
RESULT: {}
COMMAND: POST /session/ce8dff66696d2297726851cc3bfff466/element - {"using":"xpath","value":"//button[@title=\"Save\"]"}
RESULT: {"using":"xpath","value":"//button[@title=\"Save\"]"}
COMMAND: POST /session/ce8dff66696d2297726851cc3bfff466/element/f.AC9B00B9551530AD6C9D8CCA9F7D3F7B.d.85E8E464921F19CDBC67CCCDFC66CB76.e.972/click - {}
RESULT: {}
COMMAND: GET /session/ce8dff66696d2297726851cc3bfff466/screenshot - {}
RESULT: {}
COMMAND: POST /session/ce8dff66696d2297726851cc3bfff466/execute/async - {"script":"<script> [1562 bytes]","args":[{"selector":{"id":"application-manageclassifications-display-component---classificationMaster--smartFilterBar-btnBasicSearch","interaction":{"idSuffix":"I"}},"wdio_ui5_key":"applicationmanageclassifications-display-component---classificationMaster--smartFilterBar-btnBasicSearch"}]}
RESULT: {"script":"<script> [1562 bytes]","args":[{"selector":{"id":"application-manageclassifications-display-component---classificationMaster--smartFilterBar-btnBasicSearch","interaction":{"idSuffix":"I"}},"wdio_ui5_key":"applicationmanageclassifications-display-component---classificationMaster--smartFilterBar-btnBasicSearch"}]}
RESULT: undefined
COMMAND: POST /session/ce8dff66696d2297726851cc3bfff466/execute/async - {"script":"<script> [776 bytes]","args":[{"enterText":"WebdriverYardClassjxfzph","selector":{"id":"application-manageclassifications-display-component---classificationMaster--smartFilterBar-btnBasicSearch","interaction":{"idSuffix":"I"}},"clearTextFirst":true,"interactionType":"ENTER_TEXT"}]}
RESULT: {"script":"<script> [776 bytes]","args":[{"enterText":"WebdriverYardClassjxfzph","selector":{"id":"application-manageclassifications-display-component---classificationMaster--smartFilterBar-btnBasicSearch","interaction":{"idSuffix":"I"}},"clearTextFirst":true,"interactionType":"ENTER_TEXT"}]}
COMMAND: POST /session/ce8dff66696d2297726851cc3bfff466/actions - {"actions":[{"id":"action3","type":"key","parameters":{},"actions":[{"type":"keyDown","value":""},{"type":"pause","duration":10},{"type":"keyUp","value":""}]}]}
RESULT: {"actions":[{"id":"action3","type":"key","parameters":{},"actions":[{"type":"keyDown","value":""},{"type":"pause","duration":10},{"type":"keyUp","value":""}]}]}
COMMAND: POST /session/ce8dff66696d2297726851cc3bfff466/execute/async - {"script":"<script> [1562 bytes]","args":[{"selector":{"id":"application-manageclassifications-display-component---classificationMaster--smartTable-header"},"wdio_ui5_key":"applicationmanageclassifications-display-component---classificationMaster--smartTable-header"}]}
COMMAND: GET /session/ce8dff66696d2297726851cc3bfff466/screenshot - {}
RESULT: {"script":"<script> [1562 bytes]","args":[{"selector":{"id":"application-manageclassifications-display-component---classificationMaster--smartTable-header"},"wdio_ui5_key":"applicationmanageclassifications-display-component---classificationMaster--smartTable-header"}]}
RESULT: undefined
COMMAND: POST /session/ce8dff66696d2297726851cc3bfff466/execute/async - {"script":"<script> [6424 bytes]","args":[{"element-6066-11e4-a52e-4f735466cecf":"f.AC9B00B9551530AD6C9D8CCA9F7D3F7B.d.85E8E464921F19CDBC67CCCDFC66CB76.e.1190"},"getText",[]]}
RESULT: {}
RESULT: {"script":"<script> [6424 bytes]","args":[{"element-6066-11e4-a52e-4f735466cecf":"f.AC9B00B9551530AD6C9D8CCA9F7D3F7B.d.85E8E464921F19CDBC67CCCDFC66CB76.e.1190"},"getText",[]]}
COMMAND: POST /session/ce8dff66696d2297726851cc3bfff466/element - {"using":"css selector","value":"#shell-header-logo"}
RESULT: {"using":"css selector","value":"#shell-header-logo"}
COMMAND: POST /session/ce8dff66696d2297726851cc3bfff466/element/f.AC9B00B9551530AD6C9D8CCA9F7D3F7B.d.85E8E464921F19CDBC67CCCDFC66CB76.e.515/click - {}
RESULT: {}
COMMAND: GET /session/ce8dff66696d2297726851cc3bfff466/screenshot - {}
RESULT: {}
]]></system-out>
    </testcase>
    <testcase classname="chrome.137_0_7151_69.windows.Manage_catalogs_-_yard_assignment_classification_US138930" name="Should add the yard classification to a catalog item" time="135.946">
      <system-out><![CDATA[
RESULT: undefined
COMMAND: POST /session/ce8dff66696d2297726851cc3bfff466/element - {"using":"xpath","value":"//*[@id=\"__tile38\"]"}
RESULT: {"using":"xpath","value":"//*[@id=\"__tile38\"]"}
COMMAND: POST /session/ce8dff66696d2297726851cc3bfff466/element/f.AC9B00B9551530AD6C9D8CCA9F7D3F7B.d.85E8E464921F19CDBC67CCCDFC66CB76.e.113/click - {}
RESULT: {}
COMMAND: GET /session/ce8dff66696d2297726851cc3bfff466/screenshot - {}
RESULT: {}
COMMAND: POST /session/ce8dff66696d2297726851cc3bfff466/elements - {"using":"xpath","value":"//span[text()='Error']"}
RESULT: {"using":"xpath","value":"//span[text()='Error']"}
COMMAND: POST /session/ce8dff66696d2297726851cc3bfff466/refresh - {}
RESULT: {}
COMMAND: GET /session/ce8dff66696d2297726851cc3bfff466/screenshot - {}
RESULT: {}
COMMAND: POST /session/ce8dff66696d2297726851cc3bfff466/execute/async - {"script":"<script> [189 bytes]","args":[]}
RESULT: {"script":"<script> [189 bytes]","args":[]}
COMMAND: POST /session/ce8dff66696d2297726851cc3bfff466/execute/async - {"script":"<script> [123 bytes]","args":[]}
RESULT: {"script":"<script> [123 bytes]","args":[]}
COMMAND: POST /session/ce8dff66696d2297726851cc3bfff466/timeouts - {"script":"<number>"}
RESULT: {"script":"<number>"}
COMMAND: GET /session/ce8dff66696d2297726851cc3bfff466/timeouts - {}
RESULT: {}
RESULT: undefined
COMMAND: POST /session/ce8dff66696d2297726851cc3bfff466/execute/async - {"script":"<script> [2676 bytes]","args":[]}
RESULT: {"script":"<script> [2676 bytes]","args":[]}
COMMAND: POST /session/ce8dff66696d2297726851cc3bfff466/execute/async - {"script":"<script> [2342 bytes]","args":[{"protocol":"http","hostname":"0.0.0.0","path":"/","capabilities":{"browserName":"chrome","goog:chromeOptions":{"binary":"C:\\Program Files\\Google\\Chrome\\Application\\chrome.exe","args":["--start-maximized"]}},"logLevel":"warn","connectionRetryTimeout":120000,"connectionRetryCount":3,"logLevels":{},"enableDirectConnect":true,"strictSSL":true,"_":"65 more keys: [\"cacheDir\",\"port\",\"requestedCapabilities\",\"automationProtocol\",\"baseUrl\",\"waitforInterval\",\"waitforTimeout\",\"onReload\",\"beforeCommand\",\"afterCommand\",\"rootDir\",\"specs\",\"suites\",\"exclude\",\"groupLogsByTestSpec\",\"excludeDriverLogs\",\"bail\",\"framework\",\"reporters\",\"services\",\"maxInstances\",\"maxInstancesPerCapability\",\"injectGlobals\",\"filesToWatch\",\"execArgv\",\"runnerEnv\",\"runner\",\"shard\",\"specFileRetries\",\"specFileRetriesDelay\",\"specFileRetriesDeferred\",\"reporterSyncInterval\",\"reporterSyncTimeout\",\"cucumberFeaturesWithLineNumbers\",\"autoCompileOpts\",\"mochaOpts\",\"jasmineOpts\",\"cucumberOpts\",\"onPrepare\",\"onWorkerStart\",\"onWorkerEnd\",\"before\",\"beforeSession\",\"beforeSuite\",\"beforeHook\",\"beforeTest\",\"afterTest\",\"afterHook\",\"afterSuite\",\"afterSession\",\"after\",\"onComplete\",\"beforeAssertion\",\"afterAssertion\",\"beforeFeature\",\"beforeScenario\",\"beforeStep\",\"afterStep\",\"afterScenario\",\"afterFeature\",\"_\",\"suite\",\"$0\",\"ignoredWorkerServices\",\"wdi5\"]"}]}
RESULT: {"script":"<script> [2342 bytes]","args":[{"protocol":"http","hostname":"0.0.0.0","path":"/","capabilities":{"browserName":"chrome","goog:chromeOptions":{"binary":"C:\\Program Files\\Google\\Chrome\\Application\\chrome.exe","args":["--start-maximized"]}},"logLevel":"warn","connectionRetryTimeout":120000,"connectionRetryCount":3,"logLevels":{},"enableDirectConnect":true,"strictSSL":true,"_":"65 more keys: [\"cacheDir\",\"port\",\"requestedCapabilities\",\"automationProtocol\",\"baseUrl\",\"waitforInterval\",\"waitforTimeout\",\"onReload\",\"beforeCommand\",\"afterCommand\",\"rootDir\",\"specs\",\"suites\",\"exclude\",\"groupLogsByTestSpec\",\"excludeDriverLogs\",\"bail\",\"framework\",\"reporters\",\"services\",\"maxInstances\",\"maxInstancesPerCapability\",\"injectGlobals\",\"filesToWatch\",\"execArgv\",\"runnerEnv\",\"runner\",\"shard\",\"specFileRetries\",\"specFileRetriesDelay\",\"specFileRetriesDeferred\",\"reporterSyncInterval\",\"reporterSyncTimeout\",\"cucumberFeaturesWithLineNumbers\",\"autoCompileOpts\",\"mochaOpts\",\"jasmineOpts\",\"cucumberOpts\",\"onPrepare\",\"onWorkerStart\",\"onWorkerEnd\",\"before\",\"beforeSession\",\"beforeSuite\",\"beforeHook\",\"beforeTest\",\"afterTest\",\"afterHook\",\"afterSuite\",\"afterSession\",\"after\",\"onComplete\",\"beforeAssertion\",\"afterAssertion\",\"beforeFeature\",\"beforeScenario\",\"beforeStep\",\"afterStep\",\"afterScenario\",\"afterFeature\",\"_\",\"suite\",\"$0\",\"ignoredWorkerServices\",\"wdi5\"]"}]}
COMMAND: POST /session/ce8dff66696d2297726851cc3bfff466/execute/async - {"script":"<script> [21126 bytes]","args":[35000]}
RESULT: {"script":"<script> [21126 bytes]","args":[35000]}
COMMAND: POST /session/ce8dff66696d2297726851cc3bfff466/element - {"using":"xpath","value":"//span[contains(text(), \"Webshop Catalog\")][contains(@id ,\"masterCatalogs\")]"}
RESULT: {"using":"xpath","value":"//span[contains(text(), \"Webshop Catalog\")][contains(@id ,\"masterCatalogs\")]"}
COMMAND: POST /session/ce8dff66696d2297726851cc3bfff466/element/f.AC9B00B9551530AD6C9D8CCA9F7D3F7B.d.3D36C3EAD878D4228C0EA9109CFA0CEE.e.1293/click - {}
RESULT: {}
COMMAND: GET /session/ce8dff66696d2297726851cc3bfff466/screenshot - {}
RESULT: {}
COMMAND: POST /session/ce8dff66696d2297726851cc3bfff466/element - {"using":"xpath","value":"//input[contains(@id ,\"application-managecatalogs-display-component---masterCatalogItems--searchItemsField-I\")]"}
RESULT: {"using":"xpath","value":"//input[contains(@id ,\"application-managecatalogs-display-component---masterCatalogItems--searchItemsField-I\")]"}
COMMAND: POST /session/ce8dff66696d2297726851cc3bfff466/element/f.AC9B00B9551530AD6C9D8CCA9F7D3F7B.d.3D36C3EAD878D4228C0EA9109CFA0CEE.e.1302/value - {"text":"SecondSection520tj"}
RESULT: {"text":"SecondSection520tj"}
COMMAND: POST /session/ce8dff66696d2297726851cc3bfff466/actions - {"actions":[{"id":"action4","type":"key","parameters":{},"actions":[{"type":"keyDown","value":""},{"type":"pause","duration":10},{"type":"keyUp","value":""}]}]}
COMMAND: GET /session/ce8dff66696d2297726851cc3bfff466/screenshot - {}
RESULT: {"actions":[{"id":"action4","type":"key","parameters":{},"actions":[{"type":"keyDown","value":""},{"type":"pause","duration":10},{"type":"keyUp","value":""}]}]}
COMMAND: GET /session/ce8dff66696d2297726851cc3bfff466/screenshot - {}
RESULT: {}
RESULT: {}
COMMAND: POST /session/ce8dff66696d2297726851cc3bfff466/element - {"using":"xpath","value":"(//span[contains(text(), \"SecondSection520tj\")])[1]"}
RESULT: {"using":"xpath","value":"(//span[contains(text(), \"SecondSection520tj\")])[1]"}
COMMAND: POST /session/ce8dff66696d2297726851cc3bfff466/element/f.AC9B00B9551530AD6C9D8CCA9F7D3F7B.d.3D36C3EAD878D4228C0EA9109CFA0CEE.e.1309/click - {}
RESULT: {}
COMMAND: POST /session/ce8dff66696d2297726851cc3bfff466/execute/async - {"script":"<script> [1562 bytes]","args":[{"selector":{"controlType":"sap.m.Button","viewName":"etm.portal.ui.managecatalogs.view.Detail","viewId":"application-managecatalogs-display-component---detailCatalog","i18NText":{"propertyName":"text","key":"edit"},"interaction":{"idSuffix":"BDI-content"}},"wdio_ui5_key":"etmportal.ui.managecatalogs.view.Detailsap.m.Button{\"propertyName\":\"text\",\"key\":\"edit\"}"}]}
COMMAND: GET /session/ce8dff66696d2297726851cc3bfff466/screenshot - {}
RESULT: {"script":"<script> [1562 bytes]","args":[{"selector":{"controlType":"sap.m.Button","viewName":"etm.portal.ui.managecatalogs.view.Detail","viewId":"application-managecatalogs-display-component---detailCatalog","i18NText":{"propertyName":"text","key":"edit"},"interaction":{"idSuffix":"BDI-content"}},"wdio_ui5_key":"etmportal.ui.managecatalogs.view.Detailsap.m.Button{\"propertyName\":\"text\",\"key\":\"edit\"}"}]}
RESULT: undefined
COMMAND: POST /session/ce8dff66696d2297726851cc3bfff466/element - {"using":"xpath","value":"//*[@id=\"__button33\"]"}
RESULT: {}
RESULT: {"using":"xpath","value":"//*[@id=\"__button33\"]"}
COMMAND: POST /session/ce8dff66696d2297726851cc3bfff466/element/f.AC9B00B9551530AD6C9D8CCA9F7D3F7B.d.3D36C3EAD878D4228C0EA9109CFA0CEE.e.1374/click - {}
RESULT: {}
COMMAND: POST /session/ce8dff66696d2297726851cc3bfff466/execute/async - {"script":"<script> [1562 bytes]","args":[{"selector":{"controlType":"sap.ui.core.Icon","viewName":"etm.portal.ui.managecatalogs.view.Detail","viewId":"application-managecatalogs-display-component---detailCatalog","properties":{"src":{"regex":{"source":"add\\-document"}}}},"wdio_ui5_key":"etmportal.ui.managecatalogs.view.Detailsap.ui.core.Icon{\"src\":{\"regex\":{\"source\":\"add\\\\-document\"}}}"}]}
COMMAND: GET /session/ce8dff66696d2297726851cc3bfff466/screenshot - {}
RESULT: undefined
RESULT: {"script":"<script> [1562 bytes]","args":[{"selector":{"controlType":"sap.ui.core.Icon","viewName":"etm.portal.ui.managecatalogs.view.Detail","viewId":"application-managecatalogs-display-component---detailCatalog","properties":{"src":{"regex":{"source":"add\\-document"}}}},"wdio_ui5_key":"etmportal.ui.managecatalogs.view.Detailsap.ui.core.Icon{\"src\":{\"regex\":{\"source\":\"add\\\\-document\"}}}"}]}
RESULT: undefined
COMMAND: POST /session/ce8dff66696d2297726851cc3bfff466/element - {"using":"xpath","value":"//*[@id=\"__button42-img\"]"}
RESULT: {}
RESULT: {"using":"xpath","value":"//*[@id=\"__button42-img\"]"}
COMMAND: POST /session/ce8dff66696d2297726851cc3bfff466/element/f.AC9B00B9551530AD6C9D8CCA9F7D3F7B.d.3D36C3EAD878D4228C0EA9109CFA0CEE.e.1382/click - {}
RESULT: {}
COMMAND: POST /session/ce8dff66696d2297726851cc3bfff466/execute/async - {"script":"<script> [1562 bytes]","args":[{"selector":{"id":"application-managecatalogs-display-component---detailCatalog--newItemNumberInput","searchOpenDialogs":true,"interaction":{"idSuffix":"inner"}},"wdio_ui5_key":"applicationmanagecatalogs-display-component---detailCatalog--newItemNumberInput"}]}
COMMAND: GET /session/ce8dff66696d2297726851cc3bfff466/screenshot - {}
RESULT: {"script":"<script> [1562 bytes]","args":[{"selector":{"id":"application-managecatalogs-display-component---detailCatalog--newItemNumberInput","searchOpenDialogs":true,"interaction":{"idSuffix":"inner"}},"wdio_ui5_key":"applicationmanagecatalogs-display-component---detailCatalog--newItemNumberInput"}]}
RESULT: undefined
COMMAND: POST /session/ce8dff66696d2297726851cc3bfff466/execute/async - {"script":"<script> [776 bytes]","args":[{"enterText":"catalogItemhiw84","selector":{"id":"application-managecatalogs-display-component---detailCatalog--newItemNumberInput","searchOpenDialogs":true,"interaction":{"idSuffix":"inner"}},"clearTextFirst":true,"interactionType":"ENTER_TEXT"}]}
RESULT: {}
RESULT: {"script":"<script> [776 bytes]","args":[{"enterText":"catalogItemhiw84","selector":{"id":"application-managecatalogs-display-component---detailCatalog--newItemNumberInput","searchOpenDialogs":true,"interaction":{"idSuffix":"inner"}},"clearTextFirst":true,"interactionType":"ENTER_TEXT"}]}
COMMAND: POST /session/ce8dff66696d2297726851cc3bfff466/execute/async - {"script":"<script> [1562 bytes]","args":[{"selector":{"controlType":"sap.m.Input","viewName":"etm.portal.ui.managecatalogs.view.Detail","viewId":"application-managecatalogs-display-component---detailCatalog","bindingPath":{"path":"","propertyPath":"/DESCRIPTION"},"searchOpenDialogs":true,"interaction":{"idSuffix":"inner"}},"wdio_ui5_key":"etmportal.ui.managecatalogs.view.Detailsap.m.Input{\"path\":\"\",\"propertyPath\":\"/DESCRIPTION\"}"}]}
RESULT: {"script":"<script> [1562 bytes]","args":[{"selector":{"controlType":"sap.m.Input","viewName":"etm.portal.ui.managecatalogs.view.Detail","viewId":"application-managecatalogs-display-component---detailCatalog","bindingPath":{"path":"","propertyPath":"/DESCRIPTION"},"searchOpenDialogs":true,"interaction":{"idSuffix":"inner"}},"wdio_ui5_key":"etmportal.ui.managecatalogs.view.Detailsap.m.Input{\"path\":\"\",\"propertyPath\":\"/DESCRIPTION\"}"}]}
RESULT: undefined
COMMAND: POST /session/ce8dff66696d2297726851cc3bfff466/execute/async - {"script":"<script> [776 bytes]","args":[{"enterText":"catalogItemNamekfjdul","selector":{"controlType":"sap.m.Input","viewName":"etm.portal.ui.managecatalogs.view.Detail","viewId":"application-managecatalogs-display-component---detailCatalog","bindingPath":{"path":"","propertyPath":"/DESCRIPTION"},"searchOpenDialogs":true,"interaction":{"idSuffix":"inner"}},"clearTextFirst":true,"interactionType":"ENTER_TEXT"}]}
RESULT: {"script":"<script> [776 bytes]","args":[{"enterText":"catalogItemNamekfjdul","selector":{"controlType":"sap.m.Input","viewName":"etm.portal.ui.managecatalogs.view.Detail","viewId":"application-managecatalogs-display-component---detailCatalog","bindingPath":{"path":"","propertyPath":"/DESCRIPTION"},"searchOpenDialogs":true,"interaction":{"idSuffix":"inner"}},"clearTextFirst":true,"interactionType":"ENTER_TEXT"}]}
COMMAND: POST /session/ce8dff66696d2297726851cc3bfff466/execute/async - {"script":"<script> [1562 bytes]","args":[{"selector":{"controlType":"sap.m.Button","viewName":"etm.portal.ui.managecatalogs.view.Detail","viewId":"application-managecatalogs-display-component---detailCatalog","i18NText":{"propertyName":"text","key":"create"},"searchOpenDialogs":true,"interaction":{"idSuffix":"BDI-content"}},"wdio_ui5_key":"etmportal.ui.managecatalogs.view.Detailsap.m.Button{\"propertyName\":\"text\",\"key\":\"create\"}"}]}
RESULT: {"script":"<script> [1562 bytes]","args":[{"selector":{"controlType":"sap.m.Button","viewName":"etm.portal.ui.managecatalogs.view.Detail","viewId":"application-managecatalogs-display-component---detailCatalog","i18NText":{"propertyName":"text","key":"create"},"searchOpenDialogs":true,"interaction":{"idSuffix":"BDI-content"}},"wdio_ui5_key":"etmportal.ui.managecatalogs.view.Detailsap.m.Button{\"propertyName\":\"text\",\"key\":\"create\"}"}]}
RESULT: undefined
COMMAND: POST /session/ce8dff66696d2297726851cc3bfff466/element - {"using":"xpath","value":"//*[@id=\"__button17\"]"}
RESULT: {"using":"xpath","value":"//*[@id=\"__button17\"]"}
COMMAND: POST /session/ce8dff66696d2297726851cc3bfff466/element/f.AC9B00B9551530AD6C9D8CCA9F7D3F7B.d.3D36C3EAD878D4228C0EA9109CFA0CEE.e.1392/click - {}
RESULT: {}
COMMAND: GET /session/ce8dff66696d2297726851cc3bfff466/screenshot - {}
RESULT: {}
COMMAND: POST /session/ce8dff66696d2297726851cc3bfff466/element - {"using":"xpath","value":"//button[@title=\"Save\"]"}
RESULT: {"using":"xpath","value":"//button[@title=\"Save\"]"}
COMMAND: POST /session/ce8dff66696d2297726851cc3bfff466/element/f.AC9B00B9551530AD6C9D8CCA9F7D3F7B.d.3D36C3EAD878D4228C0EA9109CFA0CEE.e.1393/click - {}
RESULT: {}
COMMAND: GET /session/ce8dff66696d2297726851cc3bfff466/screenshot - {}
RESULT: {}
COMMAND: POST /session/ce8dff66696d2297726851cc3bfff466/execute/async - {"script":"<script> [1562 bytes]","args":[{"selector":{"controlType":"sap.ui.core.Icon","viewName":"etm.portal.ui.managecatalogs.view.Detail","viewId":"application-managecatalogs-display-component---detailCatalog","properties":{"src":{"regex":{"source":"decline"}}}},"wdio_ui5_key":"etmportal.ui.managecatalogs.view.Detailsap.ui.core.Icon{\"src\":{\"regex\":{\"source\":\"decline\"}}}"}]}
RESULT: {"script":"<script> [1562 bytes]","args":[{"selector":{"controlType":"sap.ui.core.Icon","viewName":"etm.portal.ui.managecatalogs.view.Detail","viewId":"application-managecatalogs-display-component---detailCatalog","properties":{"src":{"regex":{"source":"decline"}}}},"wdio_ui5_key":"etmportal.ui.managecatalogs.view.Detailsap.ui.core.Icon{\"src\":{\"regex\":{\"source\":\"decline\"}}}"}]}
RESULT: undefined
COMMAND: POST /session/ce8dff66696d2297726851cc3bfff466/element - {"using":"xpath","value":"//*[@id=\"__button36-img\"]"}
RESULT: {"using":"xpath","value":"//*[@id=\"__button36-img\"]"}
COMMAND: POST /session/ce8dff66696d2297726851cc3bfff466/element/f.AC9B00B9551530AD6C9D8CCA9F7D3F7B.d.3D36C3EAD878D4228C0EA9109CFA0CEE.e.1399/click - {}
RESULT: {}
COMMAND: GET /session/ce8dff66696d2297726851cc3bfff466/screenshot - {}
RESULT: {}
COMMAND: POST /session/ce8dff66696d2297726851cc3bfff466/execute/async - {"script":"<script> [1562 bytes]","args":[{"selector":{"controlType":"sap.ui.core.Icon","viewName":"etm.portal.ui.managecatalogs.view.MasterItems","viewId":"application-managecatalogs-display-component---masterCatalogItems","properties":{"src":{"regex":{"source":"refresh"}}}},"wdio_ui5_key":"etmportal.ui.managecatalogs.view.MasterItemssap.ui.core.Icon{\"src\":{\"regex\":{\"source\":\"refresh\"}}}"}]}
RESULT: {"script":"<script> [1562 bytes]","args":[{"selector":{"controlType":"sap.ui.core.Icon","viewName":"etm.portal.ui.managecatalogs.view.MasterItems","viewId":"application-managecatalogs-display-component---masterCatalogItems","properties":{"src":{"regex":{"source":"refresh"}}}},"wdio_ui5_key":"etmportal.ui.managecatalogs.view.MasterItemssap.ui.core.Icon{\"src\":{\"regex\":{\"source\":\"refresh\"}}}"}]}
RESULT: undefined
COMMAND: POST /session/ce8dff66696d2297726851cc3bfff466/element - {"using":"xpath","value":"//*[@id=\"__button9-img\"]"}
RESULT: {"using":"xpath","value":"//*[@id=\"__button9-img\"]"}
COMMAND: POST /session/ce8dff66696d2297726851cc3bfff466/element/f.AC9B00B9551530AD6C9D8CCA9F7D3F7B.d.3D36C3EAD878D4228C0EA9109CFA0CEE.e.1432/click - {}
RESULT: {}
COMMAND: GET /session/ce8dff66696d2297726851cc3bfff466/screenshot - {}
RESULT: {}
COMMAND: POST /session/ce8dff66696d2297726851cc3bfff466/execute/async - {"script":"<script> [1562 bytes]","args":[{"selector":{"id":"application-managecatalogs-display-component---masterCatalogItems--searchItemsField","interaction":{"idSuffix":"I"}},"wdio_ui5_key":"applicationmanagecatalogs-display-component---masterCatalogItems--searchItemsField"}]}
RESULT: {"script":"<script> [1562 bytes]","args":[{"selector":{"id":"application-managecatalogs-display-component---masterCatalogItems--searchItemsField","interaction":{"idSuffix":"I"}},"wdio_ui5_key":"applicationmanagecatalogs-display-component---masterCatalogItems--searchItemsField"}]}
RESULT: undefined
COMMAND: POST /session/ce8dff66696d2297726851cc3bfff466/execute/async - {"script":"<script> [776 bytes]","args":[{"enterText":"catalogItemNamekfjdul","selector":{"id":"application-managecatalogs-display-component---masterCatalogItems--searchItemsField","interaction":{"idSuffix":"I"}},"clearTextFirst":true,"interactionType":"ENTER_TEXT"}]}
RESULT: {"script":"<script> [776 bytes]","args":[{"enterText":"catalogItemNamekfjdul","selector":{"id":"application-managecatalogs-display-component---masterCatalogItems--searchItemsField","interaction":{"idSuffix":"I"}},"clearTextFirst":true,"interactionType":"ENTER_TEXT"}]}
COMMAND: POST /session/ce8dff66696d2297726851cc3bfff466/actions - {"actions":[{"id":"action5","type":"key","parameters":{},"actions":[{"type":"keyDown","value":""},{"type":"pause","duration":10},{"type":"keyUp","value":""}]}]}
RESULT: {"actions":[{"id":"action5","type":"key","parameters":{},"actions":[{"type":"keyDown","value":""},{"type":"pause","duration":10},{"type":"keyUp","value":""}]}]}
COMMAND: POST /session/ce8dff66696d2297726851cc3bfff466/element - {"using":"xpath","value":"(//span[contains(text(), \"catalogItemNamekfjdul\")])[1]"}
COMMAND: GET /session/ce8dff66696d2297726851cc3bfff466/screenshot - {}
RESULT: {"using":"xpath","value":"(//span[contains(text(), \"catalogItemNamekfjdul\")])[1]"}
COMMAND: POST /session/ce8dff66696d2297726851cc3bfff466/element/f.AC9B00B9551530AD6C9D8CCA9F7D3F7B.d.3D36C3EAD878D4228C0EA9109CFA0CEE.e.1439/click - {}
RESULT: {}
RESULT: {}
COMMAND: GET /session/ce8dff66696d2297726851cc3bfff466/screenshot - {}
RESULT: {}
COMMAND: POST /session/ce8dff66696d2297726851cc3bfff466/element - {"using":"xpath","value":"//span[contains(text(), \"catalogItemhiw84\")]"}
RESULT: {"using":"xpath","value":"//span[contains(text(), \"catalogItemhiw84\")]"}
COMMAND: GET /session/ce8dff66696d2297726851cc3bfff466/element/f.AC9B00B9551530AD6C9D8CCA9F7D3F7B.d.3D36C3EAD878D4228C0EA9109CFA0CEE.e.1492/text - {}
RESULT: {}
RESULT: undefined
COMMAND: POST /session/ce8dff66696d2297726851cc3bfff466/element - {"using":"xpath","value":"//*[@id=\"__button33\"]"}
RESULT: {"using":"xpath","value":"//*[@id=\"__button33\"]"}
COMMAND: POST /session/ce8dff66696d2297726851cc3bfff466/element/f.AC9B00B9551530AD6C9D8CCA9F7D3F7B.d.3D36C3EAD878D4228C0EA9109CFA0CEE.e.1480/click - {}
COMMAND: POST /session/ce8dff66696d2297726851cc3bfff466/element - {"using":"xpath","value":"//*[@id=\"__button33\"]"}
RESULT: {"using":"xpath","value":"//*[@id=\"__button33\"]"}
COMMAND: POST /session/ce8dff66696d2297726851cc3bfff466/element/f.AC9B00B9551530AD6C9D8CCA9F7D3F7B.d.3D36C3EAD878D4228C0EA9109CFA0CEE.e.1480/click - {}
COMMAND: POST /session/ce8dff66696d2297726851cc3bfff466/element - {"using":"xpath","value":"//*[@id=\"__button33\"]"}
RESULT: {"using":"xpath","value":"//*[@id=\"__button33\"]"}
COMMAND: POST /session/ce8dff66696d2297726851cc3bfff466/element/f.AC9B00B9551530AD6C9D8CCA9F7D3F7B.d.3D36C3EAD878D4228C0EA9109CFA0CEE.e.1503/click - {}
RESULT: {}
COMMAND: GET /session/ce8dff66696d2297726851cc3bfff466/screenshot - {}
RESULT: {}
COMMAND: POST /session/ce8dff66696d2297726851cc3bfff466/execute/async - {"script":"<script> [1562 bytes]","args":[{"selector":{"id":"application-managecatalogs-display-component---detailCatalog--BASE_UNIT_OF_MEASURE-arrow"},"wdio_ui5_key":"applicationmanagecatalogs-display-component---detailCatalog--BASE_UNIT_OF_MEASURE-arrow"}]}
RESULT: {"script":"<script> [1562 bytes]","args":[{"selector":{"id":"application-managecatalogs-display-component---detailCatalog--BASE_UNIT_OF_MEASURE-arrow"},"wdio_ui5_key":"applicationmanagecatalogs-display-component---detailCatalog--BASE_UNIT_OF_MEASURE-arrow"}]}
RESULT: undefined
COMMAND: POST /session/ce8dff66696d2297726851cc3bfff466/element - {"using":"xpath","value":"//*[@id=\"application-managecatalogs-display-component---detailCatalog--BASE_UNIT_OF_MEASURE-arrow\"]"}
RESULT: {"using":"xpath","value":"//*[@id=\"application-managecatalogs-display-component---detailCatalog--BASE_UNIT_OF_MEASURE-arrow\"]"}
COMMAND: POST /session/ce8dff66696d2297726851cc3bfff466/element/f.AC9B00B9551530AD6C9D8CCA9F7D3F7B.d.3D36C3EAD878D4228C0EA9109CFA0CEE.e.1534/click - {}
RESULT: {}
COMMAND: GET /session/ce8dff66696d2297726851cc3bfff466/screenshot - {}
RESULT: {}
COMMAND: POST /session/ce8dff66696d2297726851cc3bfff466/execute/async - {"script":"<script> [1562 bytes]","args":[{"selector":{"controlType":"sap.m.StandardListItem","viewName":"etm.portal.ui.managecatalogs.view.Detail","viewId":"application-managecatalogs-display-component---detailCatalog","properties":{"title":"Piece"},"searchOpenDialogs":true,"interaction":{"idSuffix":"titleText"}},"wdio_ui5_key":"etmportal.ui.managecatalogs.view.Detailsap.m.StandardListItem{\"title\":\"Piece\"}"}]}
RESULT: {"script":"<script> [1562 bytes]","args":[{"selector":{"controlType":"sap.m.StandardListItem","viewName":"etm.portal.ui.managecatalogs.view.Detail","viewId":"application-managecatalogs-display-component---detailCatalog","properties":{"title":"Piece"},"searchOpenDialogs":true,"interaction":{"idSuffix":"titleText"}},"wdio_ui5_key":"etmportal.ui.managecatalogs.view.Detailsap.m.StandardListItem{\"title\":\"Piece\"}"}]}
RESULT: undefined
COMMAND: POST /session/ce8dff66696d2297726851cc3bfff466/element - {"using":"xpath","value":"//*[@id=\"__item231\"]"}
RESULT: {"using":"xpath","value":"//*[@id=\"__item231\"]"}
COMMAND: POST /session/ce8dff66696d2297726851cc3bfff466/element/f.AC9B00B9551530AD6C9D8CCA9F7D3F7B.d.3D36C3EAD878D4228C0EA9109CFA0CEE.e.1536/click - {}
RESULT: {}
COMMAND: POST /session/ce8dff66696d2297726851cc3bfff466/execute/async - {"script":"<script> [1562 bytes]","args":[{"selector":{"controlType":"sap.ui.core.Icon","viewName":"etm.portal.ui.managecatalogs.view.Detail","viewId":"application-managecatalogs-display-component---detailCatalog","properties":{"src":{"regex":{"source":"add"}}},"ancestor":{"controlType":"sap.m.Button","viewName":"etm.portal.ui.managecatalogs.view.Detail","viewId":"application-managecatalogs-display-component---detailCatalog","i18NText":{"propertyName":"tooltip","key":"addClass"}}},"wdio_ui5_key":"etmportal.ui.managecatalogs.view.Detailsap.ui.core.Icon{\"src\":{\"regex\":{\"source\":\"add\"}}}{\"controlType\":\"sap.m.Button\",\"viewName\":\"etm.portal.ui.managecatalogs.view.Detail\",\"viewId\":\"application-managecatalogs-display-component---detailCatalog\",\"i18NText\":{\"propertyName\":\"tooltip\",\"key\":\"addClass\"}}"}]}
COMMAND: GET /session/ce8dff66696d2297726851cc3bfff466/screenshot - {}
RESULT: {"script":"<script> [1562 bytes]","args":[{"selector":{"controlType":"sap.ui.core.Icon","viewName":"etm.portal.ui.managecatalogs.view.Detail","viewId":"application-managecatalogs-display-component---detailCatalog","properties":{"src":{"regex":{"source":"add"}}},"ancestor":{"controlType":"sap.m.Button","viewName":"etm.portal.ui.managecatalogs.view.Detail","viewId":"application-managecatalogs-display-component---detailCatalog","i18NText":{"propertyName":"tooltip","key":"addClass"}}},"wdio_ui5_key":"etmportal.ui.managecatalogs.view.Detailsap.ui.core.Icon{\"src\":{\"regex\":{\"source\":\"add\"}}}{\"controlType\":\"sap.m.Button\",\"viewName\":\"etm.portal.ui.managecatalogs.view.Detail\",\"viewId\":\"application-managecatalogs-display-component---detailCatalog\",\"i18NText\":{\"propertyName\":\"tooltip\",\"key\":\"addClass\"}}"}]}
RESULT: undefined
COMMAND: POST /session/ce8dff66696d2297726851cc3bfff466/element - {"using":"xpath","value":"//*[@id=\"__button39-img\"]"}
RESULT: {}
RESULT: {"using":"xpath","value":"//*[@id=\"__button39-img\"]"}
COMMAND: POST /session/ce8dff66696d2297726851cc3bfff466/element/f.AC9B00B9551530AD6C9D8CCA9F7D3F7B.d.3D36C3EAD878D4228C0EA9109CFA0CEE.e.1537/click - {}
RESULT: {}
COMMAND: GET /session/ce8dff66696d2297726851cc3bfff466/screenshot - {}
RESULT: {}
COMMAND: POST /session/ce8dff66696d2297726851cc3bfff466/element - {"using":"xpath","value":"//input[contains(@id ,\"searchField-I\")]"}
RESULT: {"using":"xpath","value":"//input[contains(@id ,\"searchField-I\")]"}
COMMAND: POST /session/ce8dff66696d2297726851cc3bfff466/element/f.AC9B00B9551530AD6C9D8CCA9F7D3F7B.d.3D36C3EAD878D4228C0EA9109CFA0CEE.e.1541/value - {"text":"WebdriverYardClassjxfzph"}
RESULT: {"text":"WebdriverYardClassjxfzph"}
COMMAND: POST /session/ce8dff66696d2297726851cc3bfff466/actions - {"actions":[{"id":"action6","type":"key","parameters":{},"actions":[{"type":"keyDown","value":""},{"type":"pause","duration":10},{"type":"keyUp","value":""}]}]}
COMMAND: GET /session/ce8dff66696d2297726851cc3bfff466/screenshot - {}
RESULT: {"actions":[{"id":"action6","type":"key","parameters":{},"actions":[{"type":"keyDown","value":""},{"type":"pause","duration":10},{"type":"keyUp","value":""}]}]}
COMMAND: GET /session/ce8dff66696d2297726851cc3bfff466/screenshot - {}
RESULT: {}
RESULT: {}
COMMAND: POST /session/ce8dff66696d2297726851cc3bfff466/element - {"using":"xpath","value":"//span[contains(text(), \"WebdriverYardClassjxfzph\")]"}
RESULT: {"using":"xpath","value":"//span[contains(text(), \"WebdriverYardClassjxfzph\")]"}
COMMAND: POST /session/ce8dff66696d2297726851cc3bfff466/element/f.AC9B00B9551530AD6C9D8CCA9F7D3F7B.d.3D36C3EAD878D4228C0EA9109CFA0CEE.e.1572/click - {}
RESULT: {}
COMMAND: GET /session/ce8dff66696d2297726851cc3bfff466/screenshot - {}
RESULT: {}
COMMAND: POST /session/ce8dff66696d2297726851cc3bfff466/execute/async - {"script":"<script> [1562 bytes]","args":[{"selector":{"controlType":"sap.m.Button","viewName":"etm.portal.ui.managecatalogs.view.Detail","viewId":"application-managecatalogs-display-component---detailCatalog","properties":{"text":"Classification"},"interaction":{"idSuffix":"BDI-content"}},"wdio_ui5_key":"etmportal.ui.managecatalogs.view.Detailsap.m.Button{\"text\":\"Classification\"}"}]}
RESULT: {"script":"<script> [1562 bytes]","args":[{"selector":{"controlType":"sap.m.Button","viewName":"etm.portal.ui.managecatalogs.view.Detail","viewId":"application-managecatalogs-display-component---detailCatalog","properties":{"text":"Classification"},"interaction":{"idSuffix":"BDI-content"}},"wdio_ui5_key":"etmportal.ui.managecatalogs.view.Detailsap.m.Button{\"text\":\"Classification\"}"}]}
RESULT: undefined
COMMAND: POST /session/ce8dff66696d2297726851cc3bfff466/element - {"using":"xpath","value":"//*[@id=\"application-managecatalogs-display-component---detailCatalog--ObjectPageLayout-anchBar-__section3-anchor\"]"}
RESULT: {"using":"xpath","value":"//*[@id=\"application-managecatalogs-display-component---detailCatalog--ObjectPageLayout-anchBar-__section3-anchor\"]"}
COMMAND: POST /session/ce8dff66696d2297726851cc3bfff466/element/f.AC9B00B9551530AD6C9D8CCA9F7D3F7B.d.3D36C3EAD878D4228C0EA9109CFA0CEE.e.1578/click - {}
RESULT: {}
COMMAND: GET /session/ce8dff66696d2297726851cc3bfff466/screenshot - {}
RESULT: {}
COMMAND: POST /session/ce8dff66696d2297726851cc3bfff466/element - {"using":"xpath","value":"//span[contains(@id ,\"expandButton-img\")]"}
RESULT: {"using":"xpath","value":"//span[contains(@id ,\"expandButton-img\")]"}
COMMAND: POST /session/ce8dff66696d2297726851cc3bfff466/element/f.AC9B00B9551530AD6C9D8CCA9F7D3F7B.d.3D36C3EAD878D4228C0EA9109CFA0CEE.e.1583/click - {}
RESULT: {}
COMMAND: POST /session/ce8dff66696d2297726851cc3bfff466/execute/async - {"script":"<script> [1562 bytes]","args":[{"selector":{"controlType":"sap.m.CheckBox","viewName":"etm.portal.ui.managecatalogs.view.Detail","viewId":"application-managecatalogs-display-component---detailCatalog","bindingPath":{"path":"/data/0/PROPERTIES/0","propertyPath":"SELECTED","modelName":"classModel"},"interaction":{"idSuffix":"CbBg"}},"wdio_ui5_key":"etmportal.ui.managecatalogs.view.Detailsap.m.CheckBox{\"path\":\"/data/0/PROPERTIES/0\",\"propertyPath\":\"SELECTED\",\"modelName\":\"classModel\"}"}]}
COMMAND: GET /session/ce8dff66696d2297726851cc3bfff466/screenshot - {}
RESULT: {"script":"<script> [1562 bytes]","args":[{"selector":{"controlType":"sap.m.CheckBox","viewName":"etm.portal.ui.managecatalogs.view.Detail","viewId":"application-managecatalogs-display-component---detailCatalog","bindingPath":{"path":"/data/0/PROPERTIES/0","propertyPath":"SELECTED","modelName":"classModel"},"interaction":{"idSuffix":"CbBg"}},"wdio_ui5_key":"etmportal.ui.managecatalogs.view.Detailsap.m.CheckBox{\"path\":\"/data/0/PROPERTIES/0\",\"propertyPath\":\"SELECTED\",\"modelName\":\"classModel\"}"}]}
RESULT: undefined
COMMAND: POST /session/ce8dff66696d2297726851cc3bfff466/element - {"using":"xpath","value":"//*[@id=\"__box32\"]"}
RESULT: {}
RESULT: {"using":"xpath","value":"//*[@id=\"__box32\"]"}
COMMAND: POST /session/ce8dff66696d2297726851cc3bfff466/element/f.AC9B00B9551530AD6C9D8CCA9F7D3F7B.d.3D36C3EAD878D4228C0EA9109CFA0CEE.e.1600/click - {}
RESULT: {}
RESULT: undefined
COMMAND: POST /session/ce8dff66696d2297726851cc3bfff466/execute/async - {"script":"<script> [6424 bytes]","args":[{"element-6066-11e4-a52e-4f735466cecf":"f.AC9B00B9551530AD6C9D8CCA9F7D3F7B.d.3D36C3EAD878D4228C0EA9109CFA0CEE.e.1598"},"getSelected",[]]}
COMMAND: GET /session/ce8dff66696d2297726851cc3bfff466/screenshot - {}
RESULT: {"script":"<script> [6424 bytes]","args":[{"element-6066-11e4-a52e-4f735466cecf":"f.AC9B00B9551530AD6C9D8CCA9F7D3F7B.d.3D36C3EAD878D4228C0EA9109CFA0CEE.e.1598"},"getSelected",[]]}
COMMAND: POST /session/ce8dff66696d2297726851cc3bfff466/execute/async - {"script":"<script> [1562 bytes]","args":[{"selector":{"controlType":"sap.m.Button","viewName":"etm.portal.ui.managecatalogs.view.Detail","viewId":"application-managecatalogs-display-component---detailCatalog","i18NText":{"propertyName":"text","key":"save"},"interaction":{"idSuffix":"BDI-content"}},"wdio_ui5_key":"etmportal.ui.managecatalogs.view.Detailsap.m.Button{\"propertyName\":\"text\",\"key\":\"save\"}"}]}
RESULT: {}
RESULT: {"script":"<script> [1562 bytes]","args":[{"selector":{"controlType":"sap.m.Button","viewName":"etm.portal.ui.managecatalogs.view.Detail","viewId":"application-managecatalogs-display-component---detailCatalog","i18NText":{"propertyName":"text","key":"save"},"interaction":{"idSuffix":"BDI-content"}},"wdio_ui5_key":"etmportal.ui.managecatalogs.view.Detailsap.m.Button{\"propertyName\":\"text\",\"key\":\"save\"}"}]}
RESULT: undefined
COMMAND: POST /session/ce8dff66696d2297726851cc3bfff466/element - {"using":"xpath","value":"//*[@id=\"__button51\"]"}
RESULT: {"using":"xpath","value":"//*[@id=\"__button51\"]"}
COMMAND: POST /session/ce8dff66696d2297726851cc3bfff466/element/f.AC9B00B9551530AD6C9D8CCA9F7D3F7B.d.3D36C3EAD878D4228C0EA9109CFA0CEE.e.1505/click - {}
RESULT: {}
COMMAND: GET /session/ce8dff66696d2297726851cc3bfff466/screenshot - {}
RESULT: {}
COMMAND: POST /session/ce8dff66696d2297726851cc3bfff466/element - {"using":"css selector","value":"#shell-header-logo"}
RESULT: {"using":"css selector","value":"#shell-header-logo"}
COMMAND: POST /session/ce8dff66696d2297726851cc3bfff466/element/f.AC9B00B9551530AD6C9D8CCA9F7D3F7B.d.3D36C3EAD878D4228C0EA9109CFA0CEE.e.1291/click - {}
RESULT: undefined
RESULT: {}
COMMAND: GET /session/ce8dff66696d2297726851cc3bfff466/screenshot - {}
RESULT: {}
]]></system-out>
    </testcase>
    <testcase classname="chrome.137_0_7151_69.windows.Manage_catalogs_-_yard_assignment_classification_US138930" name="Should verify if the catalog item is visible after selecting the yard" time="53.613">
      <system-out><![CDATA[
COMMAND: POST /session/ce8dff66696d2297726851cc3bfff466/execute/async - {"script":"<script> [1562 bytes]","args":[{"selector":{"controlType":"sap.m.Text","properties":{"text":"Webshop"},"interaction":{"idSuffix":"inner"}},"wdio_ui5_key":"sapm.Text{\"text\":\"Webshop\"}"}]}
RESULT: {"script":"<script> [1562 bytes]","args":[{"selector":{"controlType":"sap.m.Text","properties":{"text":"Webshop"},"interaction":{"idSuffix":"inner"}},"wdio_ui5_key":"sapm.Text{\"text\":\"Webshop\"}"}]}
RESULT: undefined
COMMAND: POST /session/ce8dff66696d2297726851cc3bfff466/element - {"using":"xpath","value":"//*[@id=\"__tile51-title\"]"}
RESULT: {"using":"xpath","value":"//*[@id=\"__tile51-title\"]"}
COMMAND: POST /session/ce8dff66696d2297726851cc3bfff466/element/f.AC9B00B9551530AD6C9D8CCA9F7D3F7B.d.3D36C3EAD878D4228C0EA9109CFA0CEE.e.1626/click - {}
RESULT: {}
COMMAND: GET /session/ce8dff66696d2297726851cc3bfff466/screenshot - {}
RESULT: {}
COMMAND: POST /session/ce8dff66696d2297726851cc3bfff466/element - {"using":"css selector","value":"#requestCreationDialog--createRequestPopUp-title-inner"}
RESULT: {"using":"css selector","value":"#requestCreationDialog--createRequestPopUp-title-inner"}
COMMAND: POST /session/ce8dff66696d2297726851cc3bfff466/execute/sync - {"script":"<script> [8489 bytes]","args":[{"element-6066-11e4-a52e-4f735466cecf":"f.AC9B00B9551530AD6C9D8CCA9F7D3F7B.d.3D36C3EAD878D4228C0EA9109CFA0CEE.e.1654","ELEMENT":"f.AC9B00B9551530AD6C9D8CCA9F7D3F7B.d.3D36C3EAD878D4228C0EA9109CFA0CEE.e.1654"}]}
RESULT: {"script":"<script> [8489 bytes]","args":[{"element-6066-11e4-a52e-4f735466cecf":"f.AC9B00B9551530AD6C9D8CCA9F7D3F7B.d.3D36C3EAD878D4228C0EA9109CFA0CEE.e.1654","ELEMENT":"f.AC9B00B9551530AD6C9D8CCA9F7D3F7B.d.3D36C3EAD878D4228C0EA9109CFA0CEE.e.1654"}]}
COMMAND: GET /session/ce8dff66696d2297726851cc3bfff466/element/f.AC9B00B9551530AD6C9D8CCA9F7D3F7B.d.3D36C3EAD878D4228C0EA9109CFA0CEE.e.1654/enabled - {}
COMMAND: GET /session/ce8dff66696d2297726851cc3bfff466/screenshot - {}
RESULT: {}
COMMAND: POST /session/ce8dff66696d2297726851cc3bfff466/elements - {"using":"css selector","value":"#requestCreationDialog--createRequestPopUp-title-inner"}
COMMAND: GET /session/ce8dff66696d2297726851cc3bfff466/screenshot - {}
RESULT: {}
RESULT: {"using":"css selector","value":"#requestCreationDialog--createRequestPopUp-title-inner"}
COMMAND: POST /session/ce8dff66696d2297726851cc3bfff466/execute/async - {"script":"<script> [1562 bytes]","args":[{"selector":{"id":"requestCreationDialog--requestName","searchOpenDialogs":true,"interaction":{"idSuffix":"inner"}},"wdio_ui5_key":"requestCreationDialogrequestName"}]}
RESULT: {}
RESULT: {"script":"<script> [1562 bytes]","args":[{"selector":{"id":"requestCreationDialog--requestName","searchOpenDialogs":true,"interaction":{"idSuffix":"inner"}},"wdio_ui5_key":"requestCreationDialogrequestName"}]}
RESULT: undefined
COMMAND: POST /session/ce8dff66696d2297726851cc3bfff466/execute/async - {"script":"<script> [776 bytes]","args":[{"enterText":"WebdriverTest","selector":{"id":"requestCreationDialog--requestName","searchOpenDialogs":true,"interaction":{"idSuffix":"inner"}},"clearTextFirst":true,"interactionType":"ENTER_TEXT"}]}
RESULT: {"script":"<script> [776 bytes]","args":[{"enterText":"WebdriverTest","selector":{"id":"requestCreationDialog--requestName","searchOpenDialogs":true,"interaction":{"idSuffix":"inner"}},"clearTextFirst":true,"interactionType":"ENTER_TEXT"}]}
COMMAND: POST /session/ce8dff66696d2297726851cc3bfff466/element - {"using":"xpath","value":"//input[contains(@id ,\"requestCreationDialog--yardId-inner\")]"}
RESULT: {"using":"xpath","value":"//input[contains(@id ,\"requestCreationDialog--yardId-inner\")]"}
COMMAND: POST /session/ce8dff66696d2297726851cc3bfff466/element/f.AC9B00B9551530AD6C9D8CCA9F7D3F7B.d.3D36C3EAD878D4228C0EA9109CFA0CEE.e.1643/clear - {}
RESULT: {}
COMMAND: POST /session/ce8dff66696d2297726851cc3bfff466/element/f.AC9B00B9551530AD6C9D8CCA9F7D3F7B.d.3D36C3EAD878D4228C0EA9109CFA0CEE.e.1643/value - {"text":"101"}
COMMAND: GET /session/ce8dff66696d2297726851cc3bfff466/screenshot - {}
RESULT: {"text":"101"}
COMMAND: GET /session/ce8dff66696d2297726851cc3bfff466/screenshot - {}
RESULT: {}
RESULT: {}
COMMAND: POST /session/ce8dff66696d2297726851cc3bfff466/execute/async - {"script":"<script> [1562 bytes]","args":[{"selector":{"id":"requestCreationDialog--okButton","searchOpenDialogs":true,"interaction":{"idSuffix":"BDI-content"}},"wdio_ui5_key":"requestCreationDialogokButton"}]}
RESULT: {"script":"<script> [1562 bytes]","args":[{"selector":{"id":"requestCreationDialog--okButton","searchOpenDialogs":true,"interaction":{"idSuffix":"BDI-content"}},"wdio_ui5_key":"requestCreationDialogokButton"}]}
RESULT: undefined
COMMAND: POST /session/ce8dff66696d2297726851cc3bfff466/element - {"using":"xpath","value":"//*[@id=\"requestCreationDialog--okButton\"]"}
RESULT: {"using":"xpath","value":"//*[@id=\"requestCreationDialog--okButton\"]"}
COMMAND: POST /session/ce8dff66696d2297726851cc3bfff466/element/f.AC9B00B9551530AD6C9D8CCA9F7D3F7B.d.3D36C3EAD878D4228C0EA9109CFA0CEE.e.1660/click - {}
RESULT: {}
COMMAND: GET /session/ce8dff66696d2297726851cc3bfff466/screenshot - {}
RESULT: {}
COMMAND: POST /session/ce8dff66696d2297726851cc3bfff466/element - {"using":"xpath","value":"//input[contains(@id ,\"searchFiledId-I\")]"}
RESULT: {"using":"xpath","value":"//input[contains(@id ,\"searchFiledId-I\")]"}
COMMAND: POST /session/ce8dff66696d2297726851cc3bfff466/element/f.AC9B00B9551530AD6C9D8CCA9F7D3F7B.d.3D36C3EAD878D4228C0EA9109CFA0CEE.e.1632/value - {"text":"catalogItemhiw84"}
RESULT: {"text":"catalogItemhiw84"}
COMMAND: POST /session/ce8dff66696d2297726851cc3bfff466/actions - {"actions":[{"id":"action7","type":"key","parameters":{},"actions":[{"type":"keyDown","value":""},{"type":"pause","duration":10},{"type":"keyUp","value":""}]}]}
COMMAND: GET /session/ce8dff66696d2297726851cc3bfff466/screenshot - {}
RESULT: {"actions":[{"id":"action7","type":"key","parameters":{},"actions":[{"type":"keyDown","value":""},{"type":"pause","duration":10},{"type":"keyUp","value":""}]}]}
COMMAND: GET /session/ce8dff66696d2297726851cc3bfff466/screenshot - {}
RESULT: {}
RESULT: {}
COMMAND: POST /session/ce8dff66696d2297726851cc3bfff466/element - {"using":"xpath","value":"//span[contains(@id ,\"subTitle\")][contains(text(), \"catalogItemhiw84\")]"}
RESULT: {"using":"xpath","value":"//span[contains(@id ,\"subTitle\")][contains(text(), \"catalogItemhiw84\")]"}
COMMAND: POST /session/ce8dff66696d2297726851cc3bfff466/element - {"using":"xpath","value":"//span[contains(@id ,\"subTitle\")][contains(text(), \"catalogItemhiw84\")]"}
RESULT: {"using":"xpath","value":"//span[contains(@id ,\"subTitle\")][contains(text(), \"catalogItemhiw84\")]"}
COMMAND: POST /session/ce8dff66696d2297726851cc3bfff466/execute/async - {"script":"<script> [1562 bytes]","args":[{"selector":{"controlType":"sap.tnt.NavigationListItem","viewName":"etm.portal.ui.webshop.view.Homepage","i18NText":{"propertyName":"text","key":"exit"},"interaction":{"idSuffix":"a"}},"wdio_ui5_key":"etmportal.ui.webshop.view.Homepagesap.tnt.NavigationListItem{\"propertyName\":\"text\",\"key\":\"exit\"}"}]}
RESULT: {"script":"<script> [1562 bytes]","args":[{"selector":{"controlType":"sap.tnt.NavigationListItem","viewName":"etm.portal.ui.webshop.view.Homepage","i18NText":{"propertyName":"text","key":"exit"},"interaction":{"idSuffix":"a"}},"wdio_ui5_key":"etmportal.ui.webshop.view.Homepagesap.tnt.NavigationListItem{\"propertyName\":\"text\",\"key\":\"exit\"}"}]}
RESULT: undefined
COMMAND: POST /session/ce8dff66696d2297726851cc3bfff466/element - {"using":"xpath","value":"//*[@id=\"__item291\"]"}
RESULT: {"using":"xpath","value":"//*[@id=\"__item291\"]"}
COMMAND: POST /session/ce8dff66696d2297726851cc3bfff466/element/f.AC9B00B9551530AD6C9D8CCA9F7D3F7B.d.3D36C3EAD878D4228C0EA9109CFA0CEE.e.1666/click - {}
RESULT: {}
]]></system-out>
    </testcase>
  </testsuite>
  <testsuite timestamp="2025-06-14T15:54:19" time="304.706" tests="1" failures="0" errors="0" skipped="0">
    <properties>
      <property name="specId" value="0"/>
      <property name="suiteName" value="Catalogs section"/>
      <property name="capabilities" value="chrome.137_0_7151_69.windows"/>
      <property name="file" value="file:///D:/a/1/s/test/specs/R2C/manage-catalogs-values-section.spec.js"/>
    </properties>
    <testcase classname="chrome.137_0_7151_69.windows.Catalogs_section" name="Should add values to a catalog item" time="304.701">
      <system-out><![CDATA[
COMMAND: POST /session/ce8dff66696d2297726851cc3bfff466/element - {"using":"xpath","value":"//span[contains(@id ,\"requestCreationDialog--createRequestPopUp-title-inner\")]"}
COMMAND: GET /session/ce8dff66696d2297726851cc3bfff466/screenshot - {}
RESULT: {"using":"xpath","value":"//span[contains(@id ,\"requestCreationDialog--createRequestPopUp-title-inner\")]"}
COMMAND: POST /session/ce8dff66696d2297726851cc3bfff466/elements - {"using":"xpath","value":"//span[contains(@id ,\"requestCreationDialog--createRequestPopUp-title-inner\")]"}
RESULT: {}
RESULT: {"using":"xpath","value":"//span[contains(@id ,\"requestCreationDialog--createRequestPopUp-title-inner\")]"}
COMMAND: POST /session/ce8dff66696d2297726851cc3bfff466/execute/async - {"script":"<script> [1562 bytes]","args":[{"selector":{"controlType":"sap.m.GenericTile","properties":{"header":"Manage Catalogs"}},"wdio_ui5_key":"sapm.GenericTile{\"header\":\"Manage Catalogs\"}"}]}
RESULT: {"script":"<script> [1562 bytes]","args":[{"selector":{"controlType":"sap.m.GenericTile","properties":{"header":"Manage Catalogs"}},"wdio_ui5_key":"sapm.GenericTile{\"header\":\"Manage Catalogs\"}"}]}
RESULT: undefined
COMMAND: POST /session/ce8dff66696d2297726851cc3bfff466/element - {"using":"xpath","value":"//*[@id=\"__tile38\"]"}
RESULT: {"using":"xpath","value":"//*[@id=\"__tile38\"]"}
COMMAND: POST /session/ce8dff66696d2297726851cc3bfff466/element/f.AC9B00B9551530AD6C9D8CCA9F7D3F7B.d.3D36C3EAD878D4228C0EA9109CFA0CEE.e.1671/click - {}
RESULT: {}
COMMAND: GET /session/ce8dff66696d2297726851cc3bfff466/screenshot - {}
RESULT: {}
COMMAND: POST /session/ce8dff66696d2297726851cc3bfff466/elements - {"using":"xpath","value":"//span[text()='Error']"}
RESULT: {"using":"xpath","value":"//span[text()='Error']"}
COMMAND: POST /session/ce8dff66696d2297726851cc3bfff466/refresh - {}
RESULT: {}
COMMAND: GET /session/ce8dff66696d2297726851cc3bfff466/screenshot - {}
RESULT: {}
COMMAND: POST /session/ce8dff66696d2297726851cc3bfff466/execute/async - {"script":"<script> [189 bytes]","args":[]}
RESULT: {"script":"<script> [189 bytes]","args":[]}
COMMAND: POST /session/ce8dff66696d2297726851cc3bfff466/execute/async - {"script":"<script> [123 bytes]","args":[]}
RESULT: {"script":"<script> [123 bytes]","args":[]}
COMMAND: POST /session/ce8dff66696d2297726851cc3bfff466/timeouts - {"script":"<number>"}
RESULT: {"script":"<number>"}
COMMAND: GET /session/ce8dff66696d2297726851cc3bfff466/timeouts - {}
RESULT: {}
RESULT: undefined
COMMAND: POST /session/ce8dff66696d2297726851cc3bfff466/execute/async - {"script":"<script> [2676 bytes]","args":[]}
RESULT: {"script":"<script> [2676 bytes]","args":[]}
COMMAND: POST /session/ce8dff66696d2297726851cc3bfff466/execute/async - {"script":"<script> [2342 bytes]","args":[{"protocol":"http","hostname":"0.0.0.0","path":"/","capabilities":{"browserName":"chrome","goog:chromeOptions":{"binary":"C:\\Program Files\\Google\\Chrome\\Application\\chrome.exe","args":["--start-maximized"]}},"logLevel":"warn","connectionRetryTimeout":120000,"connectionRetryCount":3,"logLevels":{},"enableDirectConnect":true,"strictSSL":true,"_":"65 more keys: [\"cacheDir\",\"port\",\"requestedCapabilities\",\"automationProtocol\",\"baseUrl\",\"waitforInterval\",\"waitforTimeout\",\"onReload\",\"beforeCommand\",\"afterCommand\",\"rootDir\",\"specs\",\"suites\",\"exclude\",\"groupLogsByTestSpec\",\"excludeDriverLogs\",\"bail\",\"framework\",\"reporters\",\"services\",\"maxInstances\",\"maxInstancesPerCapability\",\"injectGlobals\",\"filesToWatch\",\"execArgv\",\"runnerEnv\",\"runner\",\"shard\",\"specFileRetries\",\"specFileRetriesDelay\",\"specFileRetriesDeferred\",\"reporterSyncInterval\",\"reporterSyncTimeout\",\"cucumberFeaturesWithLineNumbers\",\"autoCompileOpts\",\"mochaOpts\",\"jasmineOpts\",\"cucumberOpts\",\"onPrepare\",\"onWorkerStart\",\"onWorkerEnd\",\"before\",\"beforeSession\",\"beforeSuite\",\"beforeHook\",\"beforeTest\",\"afterTest\",\"afterHook\",\"afterSuite\",\"afterSession\",\"after\",\"onComplete\",\"beforeAssertion\",\"afterAssertion\",\"beforeFeature\",\"beforeScenario\",\"beforeStep\",\"afterStep\",\"afterScenario\",\"afterFeature\",\"_\",\"suite\",\"$0\",\"ignoredWorkerServices\",\"wdi5\"]"}]}
RESULT: {"script":"<script> [2342 bytes]","args":[{"protocol":"http","hostname":"0.0.0.0","path":"/","capabilities":{"browserName":"chrome","goog:chromeOptions":{"binary":"C:\\Program Files\\Google\\Chrome\\Application\\chrome.exe","args":["--start-maximized"]}},"logLevel":"warn","connectionRetryTimeout":120000,"connectionRetryCount":3,"logLevels":{},"enableDirectConnect":true,"strictSSL":true,"_":"65 more keys: [\"cacheDir\",\"port\",\"requestedCapabilities\",\"automationProtocol\",\"baseUrl\",\"waitforInterval\",\"waitforTimeout\",\"onReload\",\"beforeCommand\",\"afterCommand\",\"rootDir\",\"specs\",\"suites\",\"exclude\",\"groupLogsByTestSpec\",\"excludeDriverLogs\",\"bail\",\"framework\",\"reporters\",\"services\",\"maxInstances\",\"maxInstancesPerCapability\",\"injectGlobals\",\"filesToWatch\",\"execArgv\",\"runnerEnv\",\"runner\",\"shard\",\"specFileRetries\",\"specFileRetriesDelay\",\"specFileRetriesDeferred\",\"reporterSyncInterval\",\"reporterSyncTimeout\",\"cucumberFeaturesWithLineNumbers\",\"autoCompileOpts\",\"mochaOpts\",\"jasmineOpts\",\"cucumberOpts\",\"onPrepare\",\"onWorkerStart\",\"onWorkerEnd\",\"before\",\"beforeSession\",\"beforeSuite\",\"beforeHook\",\"beforeTest\",\"afterTest\",\"afterHook\",\"afterSuite\",\"afterSession\",\"after\",\"onComplete\",\"beforeAssertion\",\"afterAssertion\",\"beforeFeature\",\"beforeScenario\",\"beforeStep\",\"afterStep\",\"afterScenario\",\"afterFeature\",\"_\",\"suite\",\"$0\",\"ignoredWorkerServices\",\"wdi5\"]"}]}
COMMAND: POST /session/ce8dff66696d2297726851cc3bfff466/execute/async - {"script":"<script> [21126 bytes]","args":[35000]}
RESULT: {"script":"<script> [21126 bytes]","args":[35000]}
COMMAND: POST /session/ce8dff66696d2297726851cc3bfff466/element - {"using":"xpath","value":"//span[contains(text(), \"Webshop Catalog\")][contains(@id ,\"masterCatalogs\")]"}
RESULT: {"using":"xpath","value":"//span[contains(text(), \"Webshop Catalog\")][contains(@id ,\"masterCatalogs\")]"}
COMMAND: POST /session/ce8dff66696d2297726851cc3bfff466/element/f.AC9B00B9551530AD6C9D8CCA9F7D3F7B.d.28BDE11AC5ABD5C92936EF96F8E3118B.e.1771/click - {}
RESULT: {}
COMMAND: GET /session/ce8dff66696d2297726851cc3bfff466/screenshot - {}
RESULT: {}
COMMAND: POST /session/ce8dff66696d2297726851cc3bfff466/element - {"using":"xpath","value":"//input[contains(@id ,\"application-managecatalogs-display-component---masterCatalogItems--searchItemsField-I\")]"}
RESULT: {"using":"xpath","value":"//input[contains(@id ,\"application-managecatalogs-display-component---masterCatalogItems--searchItemsField-I\")]"}
COMMAND: POST /session/ce8dff66696d2297726851cc3bfff466/element/f.AC9B00B9551530AD6C9D8CCA9F7D3F7B.d.28BDE11AC5ABD5C92936EF96F8E3118B.e.1780/value - {"text":"SecondSection520tj"}
RESULT: {"text":"SecondSection520tj"}
COMMAND: GET /session/ce8dff66696d2297726851cc3bfff466/screenshot - {}
RESULT: {}
COMMAND: POST /session/ce8dff66696d2297726851cc3bfff466/actions - {"actions":[{"id":"action8","type":"key","parameters":{},"actions":[{"type":"keyDown","value":""},{"type":"pause","duration":10},{"type":"keyUp","value":""}]}]}
RESULT: {"actions":[{"id":"action8","type":"key","parameters":{},"actions":[{"type":"keyDown","value":""},{"type":"pause","duration":10},{"type":"keyUp","value":""}]}]}
COMMAND: GET /session/ce8dff66696d2297726851cc3bfff466/screenshot - {}
RESULT: {}
COMMAND: POST /session/ce8dff66696d2297726851cc3bfff466/element - {"using":"xpath","value":"(//span[contains(text(), \"SecondSection520tj\")])[1]"}
RESULT: {"using":"xpath","value":"(//span[contains(text(), \"SecondSection520tj\")])[1]"}
COMMAND: POST /session/ce8dff66696d2297726851cc3bfff466/element/f.AC9B00B9551530AD6C9D8CCA9F7D3F7B.d.28BDE11AC5ABD5C92936EF96F8E3118B.e.1786/click - {}
RESULT: {}
COMMAND: POST /session/ce8dff66696d2297726851cc3bfff466/execute/async - {"script":"<script> [1562 bytes]","args":[{"selector":{"controlType":"sap.m.Button","viewName":"etm.portal.ui.managecatalogs.view.Detail","viewId":"application-managecatalogs-display-component---detailCatalog","i18NText":{"propertyName":"text","key":"edit"},"interaction":{"idSuffix":"BDI-content"}},"wdio_ui5_key":"etmportal.ui.managecatalogs.view.Detailsap.m.Button{\"propertyName\":\"text\",\"key\":\"edit\"}"}]}
COMMAND: GET /session/ce8dff66696d2297726851cc3bfff466/screenshot - {}
RESULT: {"script":"<script> [1562 bytes]","args":[{"selector":{"controlType":"sap.m.Button","viewName":"etm.portal.ui.managecatalogs.view.Detail","viewId":"application-managecatalogs-display-component---detailCatalog","i18NText":{"propertyName":"text","key":"edit"},"interaction":{"idSuffix":"BDI-content"}},"wdio_ui5_key":"etmportal.ui.managecatalogs.view.Detailsap.m.Button{\"propertyName\":\"text\",\"key\":\"edit\"}"}]}
RESULT: undefined
COMMAND: POST /session/ce8dff66696d2297726851cc3bfff466/element - {"using":"xpath","value":"//*[@id=\"__button33\"]"}
RESULT: {}
RESULT: {"using":"xpath","value":"//*[@id=\"__button33\"]"}
COMMAND: POST /session/ce8dff66696d2297726851cc3bfff466/element/f.AC9B00B9551530AD6C9D8CCA9F7D3F7B.d.28BDE11AC5ABD5C92936EF96F8E3118B.e.1853/click - {}
RESULT: {}
COMMAND: POST /session/ce8dff66696d2297726851cc3bfff466/execute/async - {"script":"<script> [1562 bytes]","args":[{"selector":{"controlType":"sap.ui.core.Icon","viewName":"etm.portal.ui.managecatalogs.view.Detail","viewId":"application-managecatalogs-display-component---detailCatalog","properties":{"src":{"regex":{"source":"add\\-document"}}}},"wdio_ui5_key":"etmportal.ui.managecatalogs.view.Detailsap.ui.core.Icon{\"src\":{\"regex\":{\"source\":\"add\\\\-document\"}}}"}]}
COMMAND: GET /session/ce8dff66696d2297726851cc3bfff466/screenshot - {}
RESULT: undefined
RESULT: undefined
RESULT: {"script":"<script> [1562 bytes]","args":[{"selector":{"controlType":"sap.ui.core.Icon","viewName":"etm.portal.ui.managecatalogs.view.Detail","viewId":"application-managecatalogs-display-component---detailCatalog","properties":{"src":{"regex":{"source":"add\\-document"}}}},"wdio_ui5_key":"etmportal.ui.managecatalogs.view.Detailsap.ui.core.Icon{\"src\":{\"regex\":{\"source\":\"add\\\\-document\"}}}"}]}
RESULT: undefined
COMMAND: POST /session/ce8dff66696d2297726851cc3bfff466/element - {"using":"xpath","value":"//*[@id=\"__button42-img\"]"}
RESULT: {}
RESULT: {"using":"xpath","value":"//*[@id=\"__button42-img\"]"}
COMMAND: POST /session/ce8dff66696d2297726851cc3bfff466/element/f.AC9B00B9551530AD6C9D8CCA9F7D3F7B.d.28BDE11AC5ABD5C92936EF96F8E3118B.e.1861/click - {}
RESULT: {}
COMMAND: POST /session/ce8dff66696d2297726851cc3bfff466/execute/async - {"script":"<script> [1562 bytes]","args":[{"selector":{"id":"application-managecatalogs-display-component---detailCatalog--newItemNumberInput","searchOpenDialogs":true,"interaction":{"idSuffix":"inner"}},"wdio_ui5_key":"applicationmanagecatalogs-display-component---detailCatalog--newItemNumberInput"}]}
COMMAND: GET /session/ce8dff66696d2297726851cc3bfff466/screenshot - {}
RESULT: {"script":"<script> [1562 bytes]","args":[{"selector":{"id":"application-managecatalogs-display-component---detailCatalog--newItemNumberInput","searchOpenDialogs":true,"interaction":{"idSuffix":"inner"}},"wdio_ui5_key":"applicationmanagecatalogs-display-component---detailCatalog--newItemNumberInput"}]}
RESULT: undefined
COMMAND: POST /session/ce8dff66696d2297726851cc3bfff466/execute/async - {"script":"<script> [776 bytes]","args":[{"enterText":"catalogItemowbtr","selector":{"id":"application-managecatalogs-display-component---detailCatalog--newItemNumberInput","searchOpenDialogs":true,"interaction":{"idSuffix":"inner"}},"clearTextFirst":true,"interactionType":"ENTER_TEXT"}]}
RESULT: {}
RESULT: {"script":"<script> [776 bytes]","args":[{"enterText":"catalogItemowbtr","selector":{"id":"application-managecatalogs-display-component---detailCatalog--newItemNumberInput","searchOpenDialogs":true,"interaction":{"idSuffix":"inner"}},"clearTextFirst":true,"interactionType":"ENTER_TEXT"}]}
COMMAND: POST /session/ce8dff66696d2297726851cc3bfff466/execute/async - {"script":"<script> [1562 bytes]","args":[{"selector":{"controlType":"sap.m.Input","viewName":"etm.portal.ui.managecatalogs.view.Detail","viewId":"application-managecatalogs-display-component---detailCatalog","bindingPath":{"path":"","propertyPath":"/DESCRIPTION"},"searchOpenDialogs":true,"interaction":{"idSuffix":"inner"}},"wdio_ui5_key":"etmportal.ui.managecatalogs.view.Detailsap.m.Input{\"path\":\"\",\"propertyPath\":\"/DESCRIPTION\"}"}]}
RESULT: {"script":"<script> [1562 bytes]","args":[{"selector":{"controlType":"sap.m.Input","viewName":"etm.portal.ui.managecatalogs.view.Detail","viewId":"application-managecatalogs-display-component---detailCatalog","bindingPath":{"path":"","propertyPath":"/DESCRIPTION"},"searchOpenDialogs":true,"interaction":{"idSuffix":"inner"}},"wdio_ui5_key":"etmportal.ui.managecatalogs.view.Detailsap.m.Input{\"path\":\"\",\"propertyPath\":\"/DESCRIPTION\"}"}]}
RESULT: undefined
COMMAND: POST /session/ce8dff66696d2297726851cc3bfff466/execute/async - {"script":"<script> [776 bytes]","args":[{"enterText":"catalogItemNamejtycq","selector":{"controlType":"sap.m.Input","viewName":"etm.portal.ui.managecatalogs.view.Detail","viewId":"application-managecatalogs-display-component---detailCatalog","bindingPath":{"path":"","propertyPath":"/DESCRIPTION"},"searchOpenDialogs":true,"interaction":{"idSuffix":"inner"}},"clearTextFirst":true,"interactionType":"ENTER_TEXT"}]}
RESULT: {"script":"<script> [776 bytes]","args":[{"enterText":"catalogItemNamejtycq","selector":{"controlType":"sap.m.Input","viewName":"etm.portal.ui.managecatalogs.view.Detail","viewId":"application-managecatalogs-display-component---detailCatalog","bindingPath":{"path":"","propertyPath":"/DESCRIPTION"},"searchOpenDialogs":true,"interaction":{"idSuffix":"inner"}},"clearTextFirst":true,"interactionType":"ENTER_TEXT"}]}
COMMAND: POST /session/ce8dff66696d2297726851cc3bfff466/execute/async - {"script":"<script> [1562 bytes]","args":[{"selector":{"controlType":"sap.m.Button","viewName":"etm.portal.ui.managecatalogs.view.Detail","viewId":"application-managecatalogs-display-component---detailCatalog","i18NText":{"propertyName":"text","key":"create"},"searchOpenDialogs":true,"interaction":{"idSuffix":"BDI-content"}},"wdio_ui5_key":"etmportal.ui.managecatalogs.view.Detailsap.m.Button{\"propertyName\":\"text\",\"key\":\"create\"}"}]}
RESULT: {"script":"<script> [1562 bytes]","args":[{"selector":{"controlType":"sap.m.Button","viewName":"etm.portal.ui.managecatalogs.view.Detail","viewId":"application-managecatalogs-display-component---detailCatalog","i18NText":{"propertyName":"text","key":"create"},"searchOpenDialogs":true,"interaction":{"idSuffix":"BDI-content"}},"wdio_ui5_key":"etmportal.ui.managecatalogs.view.Detailsap.m.Button{\"propertyName\":\"text\",\"key\":\"create\"}"}]}
RESULT: undefined
COMMAND: POST /session/ce8dff66696d2297726851cc3bfff466/element - {"using":"xpath","value":"//*[@id=\"__button17\"]"}
RESULT: {"using":"xpath","value":"//*[@id=\"__button17\"]"}
COMMAND: POST /session/ce8dff66696d2297726851cc3bfff466/element/f.AC9B00B9551530AD6C9D8CCA9F7D3F7B.d.28BDE11AC5ABD5C92936EF96F8E3118B.e.1870/click - {}
RESULT: {}
COMMAND: GET /session/ce8dff66696d2297726851cc3bfff466/screenshot - {}
RESULT: {}
COMMAND: POST /session/ce8dff66696d2297726851cc3bfff466/element - {"using":"xpath","value":"//button[@title=\"Save\"]"}
RESULT: {"using":"xpath","value":"//button[@title=\"Save\"]"}
COMMAND: POST /session/ce8dff66696d2297726851cc3bfff466/element/f.AC9B00B9551530AD6C9D8CCA9F7D3F7B.d.28BDE11AC5ABD5C92936EF96F8E3118B.e.1871/click - {}
RESULT: {}
COMMAND: GET /session/ce8dff66696d2297726851cc3bfff466/screenshot - {}
COMMAND: POST /session/ce8dff66696d2297726851cc3bfff466/execute/async - {"script":"<script> [1562 bytes]","args":[{"selector":{"controlType":"sap.ui.core.Icon","viewName":"etm.portal.ui.managecatalogs.view.Detail","viewId":"application-managecatalogs-display-component---detailCatalog","properties":{"src":{"regex":{"source":"decline"}}}},"wdio_ui5_key":"etmportal.ui.managecatalogs.view.Detailsap.ui.core.Icon{\"src\":{\"regex\":{\"source\":\"decline\"}}}"}]}
RESULT: {}
RESULT: {"script":"<script> [1562 bytes]","args":[{"selector":{"controlType":"sap.ui.core.Icon","viewName":"etm.portal.ui.managecatalogs.view.Detail","viewId":"application-managecatalogs-display-component---detailCatalog","properties":{"src":{"regex":{"source":"decline"}}}},"wdio_ui5_key":"etmportal.ui.managecatalogs.view.Detailsap.ui.core.Icon{\"src\":{\"regex\":{\"source\":\"decline\"}}}"}]}
RESULT: undefined
COMMAND: POST /session/ce8dff66696d2297726851cc3bfff466/element - {"using":"xpath","value":"//*[@id=\"__button36-img\"]"}
RESULT: {"using":"xpath","value":"//*[@id=\"__button36-img\"]"}
COMMAND: POST /session/ce8dff66696d2297726851cc3bfff466/element/f.AC9B00B9551530AD6C9D8CCA9F7D3F7B.d.28BDE11AC5ABD5C92936EF96F8E3118B.e.1878/click - {}
RESULT: {}
COMMAND: GET /session/ce8dff66696d2297726851cc3bfff466/screenshot - {}
RESULT: {}
COMMAND: POST /session/ce8dff66696d2297726851cc3bfff466/execute/async - {"script":"<script> [1562 bytes]","args":[{"selector":{"controlType":"sap.ui.core.Icon","viewName":"etm.portal.ui.managecatalogs.view.MasterItems","viewId":"application-managecatalogs-display-component---masterCatalogItems","properties":{"src":{"regex":{"source":"refresh"}}}},"wdio_ui5_key":"etmportal.ui.managecatalogs.view.MasterItemssap.ui.core.Icon{\"src\":{\"regex\":{\"source\":\"refresh\"}}}"}]}
RESULT: {"script":"<script> [1562 bytes]","args":[{"selector":{"controlType":"sap.ui.core.Icon","viewName":"etm.portal.ui.managecatalogs.view.MasterItems","viewId":"application-managecatalogs-display-component---masterCatalogItems","properties":{"src":{"regex":{"source":"refresh"}}}},"wdio_ui5_key":"etmportal.ui.managecatalogs.view.MasterItemssap.ui.core.Icon{\"src\":{\"regex\":{\"source\":\"refresh\"}}}"}]}
RESULT: undefined
COMMAND: POST /session/ce8dff66696d2297726851cc3bfff466/element - {"using":"xpath","value":"//*[@id=\"__button9-img\"]"}
RESULT: {"using":"xpath","value":"//*[@id=\"__button9-img\"]"}
COMMAND: POST /session/ce8dff66696d2297726851cc3bfff466/element/f.AC9B00B9551530AD6C9D8CCA9F7D3F7B.d.28BDE11AC5ABD5C92936EF96F8E3118B.e.1911/click - {}
RESULT: {}
COMMAND: GET /session/ce8dff66696d2297726851cc3bfff466/screenshot - {}
RESULT: {}
COMMAND: POST /session/ce8dff66696d2297726851cc3bfff466/execute/async - {"script":"<script> [1562 bytes]","args":[{"selector":{"id":"application-managecatalogs-display-component---masterCatalogItems--searchItemsField","interaction":{"idSuffix":"I"}},"wdio_ui5_key":"applicationmanagecatalogs-display-component---masterCatalogItems--searchItemsField"}]}
RESULT: {"script":"<script> [1562 bytes]","args":[{"selector":{"id":"application-managecatalogs-display-component---masterCatalogItems--searchItemsField","interaction":{"idSuffix":"I"}},"wdio_ui5_key":"applicationmanagecatalogs-display-component---masterCatalogItems--searchItemsField"}]}
RESULT: undefined
COMMAND: POST /session/ce8dff66696d2297726851cc3bfff466/execute/async - {"script":"<script> [776 bytes]","args":[{"enterText":"catalogItemNamejtycq","selector":{"id":"application-managecatalogs-display-component---masterCatalogItems--searchItemsField","interaction":{"idSuffix":"I"}},"clearTextFirst":true,"interactionType":"ENTER_TEXT"}]}
RESULT: {"script":"<script> [776 bytes]","args":[{"enterText":"catalogItemNamejtycq","selector":{"id":"application-managecatalogs-display-component---masterCatalogItems--searchItemsField","interaction":{"idSuffix":"I"}},"clearTextFirst":true,"interactionType":"ENTER_TEXT"}]}
COMMAND: POST /session/ce8dff66696d2297726851cc3bfff466/actions - {"actions":[{"id":"action9","type":"key","parameters":{},"actions":[{"type":"keyDown","value":""},{"type":"pause","duration":10},{"type":"keyUp","value":""}]}]}
RESULT: {"actions":[{"id":"action9","type":"key","parameters":{},"actions":[{"type":"keyDown","value":""},{"type":"pause","duration":10},{"type":"keyUp","value":""}]}]}
COMMAND: POST /session/ce8dff66696d2297726851cc3bfff466/element - {"using":"xpath","value":"(//span[contains(text(), \"catalogItemNamejtycq\")])[1]"}
COMMAND: GET /session/ce8dff66696d2297726851cc3bfff466/screenshot - {}
RESULT: {"using":"xpath","value":"(//span[contains(text(), \"catalogItemNamejtycq\")])[1]"}
COMMAND: POST /session/ce8dff66696d2297726851cc3bfff466/element/f.AC9B00B9551530AD6C9D8CCA9F7D3F7B.d.28BDE11AC5ABD5C92936EF96F8E3118B.e.1918/click - {}
RESULT: {}
RESULT: {}
COMMAND: GET /session/ce8dff66696d2297726851cc3bfff466/screenshot - {}
RESULT: {}
COMMAND: POST /session/ce8dff66696d2297726851cc3bfff466/element - {"using":"xpath","value":"//span[contains(text(), \"catalogItemowbtr\")]"}
RESULT: {"using":"xpath","value":"//span[contains(text(), \"catalogItemowbtr\")]"}
COMMAND: GET /session/ce8dff66696d2297726851cc3bfff466/element/f.AC9B00B9551530AD6C9D8CCA9F7D3F7B.d.28BDE11AC5ABD5C92936EF96F8E3118B.e.1971/text - {}
RESULT: {}
RESULT: undefined
COMMAND: POST /session/ce8dff66696d2297726851cc3bfff466/element - {"using":"xpath","value":"//*[@id=\"__button33\"]"}
RESULT: {"using":"xpath","value":"//*[@id=\"__button33\"]"}
COMMAND: POST /session/ce8dff66696d2297726851cc3bfff466/element/f.AC9B00B9551530AD6C9D8CCA9F7D3F7B.d.28BDE11AC5ABD5C92936EF96F8E3118B.e.1979/click - {}
RESULT: {}
COMMAND: GET /session/ce8dff66696d2297726851cc3bfff466/screenshot - {}
RESULT: {}
COMMAND: POST /session/ce8dff66696d2297726851cc3bfff466/execute/async - {"script":"<script> [1562 bytes]","args":[{"selector":{"id":"application-managecatalogs-display-component---detailCatalog--BASE_UNIT_OF_MEASURE-arrow"},"wdio_ui5_key":"applicationmanagecatalogs-display-component---detailCatalog--BASE_UNIT_OF_MEASURE-arrow"}]}
RESULT: {"script":"<script> [1562 bytes]","args":[{"selector":{"id":"application-managecatalogs-display-component---detailCatalog--BASE_UNIT_OF_MEASURE-arrow"},"wdio_ui5_key":"applicationmanagecatalogs-display-component---detailCatalog--BASE_UNIT_OF_MEASURE-arrow"}]}
RESULT: undefined
COMMAND: POST /session/ce8dff66696d2297726851cc3bfff466/element - {"using":"xpath","value":"//*[@id=\"application-managecatalogs-display-component---detailCatalog--BASE_UNIT_OF_MEASURE-arrow\"]"}
RESULT: {"using":"xpath","value":"//*[@id=\"application-managecatalogs-display-component---detailCatalog--BASE_UNIT_OF_MEASURE-arrow\"]"}
COMMAND: POST /session/ce8dff66696d2297726851cc3bfff466/element/f.AC9B00B9551530AD6C9D8CCA9F7D3F7B.d.28BDE11AC5ABD5C92936EF96F8E3118B.e.2010/click - {}
RESULT: {}
COMMAND: GET /session/ce8dff66696d2297726851cc3bfff466/screenshot - {}
RESULT: {}
COMMAND: POST /session/ce8dff66696d2297726851cc3bfff466/execute/async - {"script":"<script> [1562 bytes]","args":[{"selector":{"controlType":"sap.m.StandardListItem","viewName":"etm.portal.ui.managecatalogs.view.Detail","viewId":"application-managecatalogs-display-component---detailCatalog","properties":{"title":"Piece"},"searchOpenDialogs":true,"interaction":{"idSuffix":"titleText"}},"wdio_ui5_key":"etmportal.ui.managecatalogs.view.Detailsap.m.StandardListItem{\"title\":\"Piece\"}"}]}
RESULT: {"script":"<script> [1562 bytes]","args":[{"selector":{"controlType":"sap.m.StandardListItem","viewName":"etm.portal.ui.managecatalogs.view.Detail","viewId":"application-managecatalogs-display-component---detailCatalog","properties":{"title":"Piece"},"searchOpenDialogs":true,"interaction":{"idSuffix":"titleText"}},"wdio_ui5_key":"etmportal.ui.managecatalogs.view.Detailsap.m.StandardListItem{\"title\":\"Piece\"}"}]}
RESULT: undefined
COMMAND: POST /session/ce8dff66696d2297726851cc3bfff466/element - {"using":"xpath","value":"//*[@id=\"__item226\"]"}
RESULT: {"using":"xpath","value":"//*[@id=\"__item226\"]"}
COMMAND: POST /session/ce8dff66696d2297726851cc3bfff466/element/f.AC9B00B9551530AD6C9D8CCA9F7D3F7B.d.28BDE11AC5ABD5C92936EF96F8E3118B.e.2014/click - {}
RESULT: {}
COMMAND: POST /session/ce8dff66696d2297726851cc3bfff466/execute/async - {"script":"<script> [1562 bytes]","args":[{"selector":{"id":"application-managecatalogs-display-component---detailCatalog--ObjectPageLayout-anchBar-application-managecatalogs-display-component---detailCatalog--sectionValues-anchor","interaction":{"idSuffix":"BDI-content"}},"wdio_ui5_key":"applicationmanagecatalogs-display-component---detailCatalog--ObjectPageLayout-anchBar-application-managecatalogs-display-component---detailCatalog--sectionValues-anchor"}]}
COMMAND: GET /session/ce8dff66696d2297726851cc3bfff466/screenshot - {}
RESULT: {"script":"<script> [1562 bytes]","args":[{"selector":{"id":"application-managecatalogs-display-component---detailCatalog--ObjectPageLayout-anchBar-application-managecatalogs-display-component---detailCatalog--sectionValues-anchor","interaction":{"idSuffix":"BDI-content"}},"wdio_ui5_key":"applicationmanagecatalogs-display-component---detailCatalog--ObjectPageLayout-anchBar-application-managecatalogs-display-component---detailCatalog--sectionValues-anchor"}]}
RESULT: undefined
COMMAND: POST /session/ce8dff66696d2297726851cc3bfff466/element - {"using":"xpath","value":"//*[@id=\"application-managecatalogs-display-component---detailCatalog--ObjectPageLayout-anchBar-application-managecatalogs-display-component---detailCatalog--sectionValues-anchor\"]"}
RESULT: {}
RESULT: {"using":"xpath","value":"//*[@id=\"application-managecatalogs-display-component---detailCatalog--ObjectPageLayout-anchBar-application-managecatalogs-display-component---detailCatalog--sectionValues-anchor\"]"}
COMMAND: POST /session/ce8dff66696d2297726851cc3bfff466/element/f.AC9B00B9551530AD6C9D8CCA9F7D3F7B.d.28BDE11AC5ABD5C92936EF96F8E3118B.e.2016/click - {}
RESULT: {}
COMMAND: GET /session/ce8dff66696d2297726851cc3bfff466/screenshot - {}
RESULT: {}
COMMAND: POST /session/ce8dff66696d2297726851cc3bfff466/execute/async - {"script":"<script> [1562 bytes]","args":[{"selector":{"controlType":"sap.ui.core.Icon","viewName":"etm.portal.ui.managecatalogs.view.Detail","viewId":"application-managecatalogs-display-component---detailCatalog","properties":{"src":{"regex":{"source":"add"}}},"ancestor":{"id":"application-managecatalogs-display-component---detailCatalog--ValuesTable"}},"wdio_ui5_key":"etmportal.ui.managecatalogs.view.Detailsap.ui.core.Icon{\"src\":{\"regex\":{\"source\":\"add\"}}}{\"id\":\"application-managecatalogs-display-component---detailCatalog--ValuesTable\"}"}]}
RESULT: {"script":"<script> [1562 bytes]","args":[{"selector":{"controlType":"sap.ui.core.Icon","viewName":"etm.portal.ui.managecatalogs.view.Detail","viewId":"application-managecatalogs-display-component---detailCatalog","properties":{"src":{"regex":{"source":"add"}}},"ancestor":{"id":"application-managecatalogs-display-component---detailCatalog--ValuesTable"}},"wdio_ui5_key":"etmportal.ui.managecatalogs.view.Detailsap.ui.core.Icon{\"src\":{\"regex\":{\"source\":\"add\"}}}{\"id\":\"application-managecatalogs-display-component---detailCatalog--ValuesTable\"}"}]}
RESULT: undefined
COMMAND: POST /session/ce8dff66696d2297726851cc3bfff466/element - {"using":"xpath","value":"//*[@id=\"__button45-img\"]"}
RESULT: {"using":"xpath","value":"//*[@id=\"__button45-img\"]"}
COMMAND: POST /session/ce8dff66696d2297726851cc3bfff466/element/f.AC9B00B9551530AD6C9D8CCA9F7D3F7B.d.28BDE11AC5ABD5C92936EF96F8E3118B.e.2021/click - {}
RESULT: {}
RESULT: undefined
COMMAND: POST /session/ce8dff66696d2297726851cc3bfff466/element - {"using":"xpath","value":"//*[@id=\"__button45-img\"]"}
COMMAND: GET /session/ce8dff66696d2297726851cc3bfff466/screenshot - {}
RESULT: {"using":"xpath","value":"//*[@id=\"__button45-img\"]"}
COMMAND: POST /session/ce8dff66696d2297726851cc3bfff466/element/f.AC9B00B9551530AD6C9D8CCA9F7D3F7B.d.28BDE11AC5ABD5C92936EF96F8E3118B.e.2021/click - {}
RESULT: {}
RESULT: {}
COMMAND: POST /session/ce8dff66696d2297726851cc3bfff466/element - {"using":"xpath","value":"(//input[contains(@id ,\"application-managecatalogs-display-component---detailCatalog--ValuesTable-0-inner\")])[1]"}
COMMAND: GET /session/ce8dff66696d2297726851cc3bfff466/screenshot - {}
RESULT: {"using":"xpath","value":"(//input[contains(@id ,\"application-managecatalogs-display-component---detailCatalog--ValuesTable-0-inner\")])[1]"}
COMMAND: POST /session/ce8dff66696d2297726851cc3bfff466/element/f.AC9B00B9551530AD6C9D8CCA9F7D3F7B.d.28BDE11AC5ABD5C92936EF96F8E3118B.e.2026/clear - {}
RESULT: {}
RESULT: {}
COMMAND: POST /session/ce8dff66696d2297726851cc3bfff466/element/f.AC9B00B9551530AD6C9D8CCA9F7D3F7B.d.28BDE11AC5ABD5C92936EF96F8E3118B.e.2026/value - {"text":"D&I catalog price"}
COMMAND: GET /session/ce8dff66696d2297726851cc3bfff466/screenshot - {}
RESULT: {"text":"D&I catalog price"}
COMMAND: GET /session/ce8dff66696d2297726851cc3bfff466/screenshot - {}
RESULT: {}
RESULT: {}
COMMAND: POST /session/ce8dff66696d2297726851cc3bfff466/actions - {"actions":[{"id":"action10","type":"key","parameters":{},"actions":[{"type":"keyDown","value":""},{"type":"pause","duration":10},{"type":"keyUp","value":""}]}]}
RESULT: {"actions":[{"id":"action10","type":"key","parameters":{},"actions":[{"type":"keyDown","value":""},{"type":"pause","duration":10},{"type":"keyUp","value":""}]}]}
COMMAND: POST /session/ce8dff66696d2297726851cc3bfff466/element - {"using":"xpath","value":"(//input[contains(@id ,\"application-managecatalogs-display-component---detailCatalog--ValuesTable-1-inner\")])[1]"}
COMMAND: GET /session/ce8dff66696d2297726851cc3bfff466/screenshot - {}
RESULT: {"using":"xpath","value":"(//input[contains(@id ,\"application-managecatalogs-display-component---detailCatalog--ValuesTable-1-inner\")])[1]"}
COMMAND: POST /session/ce8dff66696d2297726851cc3bfff466/element/f.AC9B00B9551530AD6C9D8CCA9F7D3F7B.d.28BDE11AC5ABD5C92936EF96F8E3118B.e.2050/clear - {}
RESULT: {}
RESULT: {}
COMMAND: POST /session/ce8dff66696d2297726851cc3bfff466/element/f.AC9B00B9551530AD6C9D8CCA9F7D3F7B.d.28BDE11AC5ABD5C92936EF96F8E3118B.e.2050/value - {"text":"D&I catalog price"}
COMMAND: GET /session/ce8dff66696d2297726851cc3bfff466/screenshot - {}
RESULT: {"text":"D&I catalog price"}
COMMAND: GET /session/ce8dff66696d2297726851cc3bfff466/screenshot - {}
RESULT: {}
RESULT: {}
COMMAND: POST /session/ce8dff66696d2297726851cc3bfff466/actions - {"actions":[{"id":"action11","type":"key","parameters":{},"actions":[{"type":"keyDown","value":""},{"type":"pause","duration":10},{"type":"keyUp","value":""}]}]}
RESULT: {"actions":[{"id":"action11","type":"key","parameters":{},"actions":[{"type":"keyDown","value":""},{"type":"pause","duration":10},{"type":"keyUp","value":""}]}]}
COMMAND: POST /session/ce8dff66696d2297726851cc3bfff466/execute/async - {"script":"<script> [1562 bytes]","args":[{"selector":{"controlType":"sap.m.Button","viewName":"etm.portal.ui.managecatalogs.view.Detail","viewId":"application-managecatalogs-display-component---detailCatalog","i18NText":{"propertyName":"text","key":"save"},"interaction":{"idSuffix":"BDI-content"}},"wdio_ui5_key":"etmportal.ui.managecatalogs.view.Detailsap.m.Button{\"propertyName\":\"text\",\"key\":\"save\"}"}]}
COMMAND: GET /session/ce8dff66696d2297726851cc3bfff466/screenshot - {}
RESULT: {"script":"<script> [1562 bytes]","args":[{"selector":{"controlType":"sap.m.Button","viewName":"etm.portal.ui.managecatalogs.view.Detail","viewId":"application-managecatalogs-display-component---detailCatalog","i18NText":{"propertyName":"text","key":"save"},"interaction":{"idSuffix":"BDI-content"}},"wdio_ui5_key":"etmportal.ui.managecatalogs.view.Detailsap.m.Button{\"propertyName\":\"text\",\"key\":\"save\"}"}]}
RESULT: undefined
COMMAND: POST /session/ce8dff66696d2297726851cc3bfff466/element - {"using":"xpath","value":"//*[@id=\"__button51\"]"}
RESULT: {}
RESULT: {"using":"xpath","value":"//*[@id=\"__button51\"]"}
COMMAND: POST /session/ce8dff66696d2297726851cc3bfff466/element/f.AC9B00B9551530AD6C9D8CCA9F7D3F7B.d.28BDE11AC5ABD5C92936EF96F8E3118B.e.1983/click - {}
RESULT: {}
COMMAND: GET /session/ce8dff66696d2297726851cc3bfff466/screenshot - {}
RESULT: {}
COMMAND: POST /session/ce8dff66696d2297726851cc3bfff466/execute/async - {"script":"<script> [1562 bytes]","args":[{"selector":{"controlType":"sap.m.Text","properties":{"text":"Existing values with the same start date!"},"searchOpenDialogs":true},"wdio_ui5_key":"sapm.Text{\"text\":\"Existing values with the same start date!\"}"}]}
RESULT: {"script":"<script> [1562 bytes]","args":[{"selector":{"controlType":"sap.m.Text","properties":{"text":"Existing values with the same start date!"},"searchOpenDialogs":true},"wdio_ui5_key":"sapm.Text{\"text\":\"Existing values with the same start date!\"}"}]}
RESULT: undefined
COMMAND: POST /session/ce8dff66696d2297726851cc3bfff466/execute/async - {"script":"<script> [6424 bytes]","args":[{"element-6066-11e4-a52e-4f735466cecf":"f.AC9B00B9551530AD6C9D8CCA9F7D3F7B.d.28BDE11AC5ABD5C92936EF96F8E3118B.e.2066"},"getText",[]]}
RESULT: {"script":"<script> [6424 bytes]","args":[{"element-6066-11e4-a52e-4f735466cecf":"f.AC9B00B9551530AD6C9D8CCA9F7D3F7B.d.28BDE11AC5ABD5C92936EF96F8E3118B.e.2066"},"getText",[]]}
COMMAND: POST /session/ce8dff66696d2297726851cc3bfff466/execute/async - {"script":"<script> [1562 bytes]","args":[{"selector":{"controlType":"sap.m.Button","properties":{"text":"OK"},"searchOpenDialogs":true,"interaction":{"idSuffix":"BDI-content"}},"wdio_ui5_key":"sapm.Button{\"text\":\"OK\"}"}]}
RESULT: {"script":"<script> [1562 bytes]","args":[{"selector":{"controlType":"sap.m.Button","properties":{"text":"OK"},"searchOpenDialogs":true,"interaction":{"idSuffix":"BDI-content"}},"wdio_ui5_key":"sapm.Button{\"text\":\"OK\"}"}]}
RESULT: undefined
COMMAND: POST /session/ce8dff66696d2297726851cc3bfff466/element - {"using":"xpath","value":"//*[@id=\"__mbox-btn-0\"]"}
RESULT: {"using":"xpath","value":"//*[@id=\"__mbox-btn-0\"]"}
COMMAND: POST /session/ce8dff66696d2297726851cc3bfff466/element/f.AC9B00B9551530AD6C9D8CCA9F7D3F7B.d.28BDE11AC5ABD5C92936EF96F8E3118B.e.2062/click - {}
RESULT: {}
COMMAND: POST /session/ce8dff66696d2297726851cc3bfff466/execute/async - {"script":"<script> [1562 bytes]","args":[{"selector":{"controlType":"sap.m.DatePicker","viewName":"etm.portal.ui.managecatalogs.view.Detail","viewId":"application-managecatalogs-display-component---detailCatalog","bindingPath":{"propertyPath":"VALID_TO","modelName":"catalogModel"},"interaction":{"idSuffix":"inner"}},"wdio_ui5_key":"etmportal.ui.managecatalogs.view.Detailsap.m.DatePicker{\"propertyPath\":\"VALID_TO\",\"modelName\":\"catalogModel\"}"}]}
COMMAND: GET /session/ce8dff66696d2297726851cc3bfff466/screenshot - {}
RESULT: {"script":"<script> [1562 bytes]","args":[{"selector":{"controlType":"sap.m.DatePicker","viewName":"etm.portal.ui.managecatalogs.view.Detail","viewId":"application-managecatalogs-display-component---detailCatalog","bindingPath":{"propertyPath":"VALID_TO","modelName":"catalogModel"},"interaction":{"idSuffix":"inner"}},"wdio_ui5_key":"etmportal.ui.managecatalogs.view.Detailsap.m.DatePicker{\"propertyPath\":\"VALID_TO\",\"modelName\":\"catalogModel\"}"}]}
RESULT: undefined
COMMAND: POST /session/ce8dff66696d2297726851cc3bfff466/execute/async - {"script":"<script> [776 bytes]","args":[{"enterText":"06/15/25","selector":{"controlType":"sap.m.DatePicker","viewName":"etm.portal.ui.managecatalogs.view.Detail","viewId":"application-managecatalogs-display-component---detailCatalog","bindingPath":{"propertyPath":"VALID_TO","modelName":"catalogModel"},"interaction":{"idSuffix":"inner"}},"clearTextFirst":true,"interactionType":"ENTER_TEXT"}]}
RESULT: {}
RESULT: {"script":"<script> [776 bytes]","args":[{"enterText":"06/15/25","selector":{"controlType":"sap.m.DatePicker","viewName":"etm.portal.ui.managecatalogs.view.Detail","viewId":"application-managecatalogs-display-component---detailCatalog","bindingPath":{"propertyPath":"VALID_TO","modelName":"catalogModel"},"interaction":{"idSuffix":"inner"}},"clearTextFirst":true,"interactionType":"ENTER_TEXT"}]}
COMMAND: POST /session/ce8dff66696d2297726851cc3bfff466/element - {"using":"xpath","value":"(//input[contains(@id ,\"-application-managecatalogs-display-component---detailCatalog--ValuesTable-0-inner\")])[7]"}
RESULT: {"using":"xpath","value":"(//input[contains(@id ,\"-application-managecatalogs-display-component---detailCatalog--ValuesTable-0-inner\")])[7]"}
COMMAND: POST /session/ce8dff66696d2297726851cc3bfff466/element/f.AC9B00B9551530AD6C9D8CCA9F7D3F7B.d.28BDE11AC5ABD5C92936EF96F8E3118B.e.2032/clear - {}
RESULT: {}
COMMAND: POST /session/ce8dff66696d2297726851cc3bfff466/element/f.AC9B00B9551530AD6C9D8CCA9F7D3F7B.d.28BDE11AC5ABD5C92936EF96F8E3118B.e.2032/value - {"text":"06/15/25"}
COMMAND: GET /session/ce8dff66696d2297726851cc3bfff466/screenshot - {}
RESULT: {"text":"06/15/25"}
COMMAND: POST /session/ce8dff66696d2297726851cc3bfff466/actions - {"actions":[{"id":"action12","type":"key","parameters":{},"actions":[{"type":"keyDown","value":""},{"type":"pause","duration":10},{"type":"keyUp","value":""}]}]}
COMMAND: GET /session/ce8dff66696d2297726851cc3bfff466/screenshot - {}
RESULT: {}
RESULT: {"actions":[{"id":"action12","type":"key","parameters":{},"actions":[{"type":"keyDown","value":""},{"type":"pause","duration":10},{"type":"keyUp","value":""}]}]}
COMMAND: POST /session/ce8dff66696d2297726851cc3bfff466/element - {"using":"xpath","value":"(//input[contains(@id ,\"application-managecatalogs-display-component---detailCatalog--ValuesTable-1-inner\")])[6]"}
COMMAND: GET /session/ce8dff66696d2297726851cc3bfff466/screenshot - {}
RESULT: {}
RESULT: {"using":"xpath","value":"(//input[contains(@id ,\"application-managecatalogs-display-component---detailCatalog--ValuesTable-1-inner\")])[6]"}
COMMAND: POST /session/ce8dff66696d2297726851cc3bfff466/element/f.AC9B00B9551530AD6C9D8CCA9F7D3F7B.d.28BDE11AC5ABD5C92936EF96F8E3118B.e.2055/clear - {}
RESULT: {}
RESULT: {}
COMMAND: POST /session/ce8dff66696d2297726851cc3bfff466/element/f.AC9B00B9551530AD6C9D8CCA9F7D3F7B.d.28BDE11AC5ABD5C92936EF96F8E3118B.e.2055/value - {"text":"06/16/25"}
COMMAND: GET /session/ce8dff66696d2297726851cc3bfff466/screenshot - {}
RESULT: {"text":"06/16/25"}
COMMAND: POST /session/ce8dff66696d2297726851cc3bfff466/actions - {"actions":[{"id":"action13","type":"key","parameters":{},"actions":[{"type":"keyDown","value":""},{"type":"pause","duration":10},{"type":"keyUp","value":""}]}]}
COMMAND: GET /session/ce8dff66696d2297726851cc3bfff466/screenshot - {}
RESULT: {}
RESULT: {"actions":[{"id":"action13","type":"key","parameters":{},"actions":[{"type":"keyDown","value":""},{"type":"pause","duration":10},{"type":"keyUp","value":""}]}]}
COMMAND: POST /session/ce8dff66696d2297726851cc3bfff466/element - {"using":"xpath","value":"//bdi[contains(text(), \"Save\")]"}
COMMAND: GET /session/ce8dff66696d2297726851cc3bfff466/screenshot - {}
RESULT: {}
RESULT: {"using":"xpath","value":"//bdi[contains(text(), \"Save\")]"}
COMMAND: POST /session/ce8dff66696d2297726851cc3bfff466/element/f.AC9B00B9551530AD6C9D8CCA9F7D3F7B.d.28BDE11AC5ABD5C92936EF96F8E3118B.e.2061/click - {}
RESULT: {}
RESULT: {}
COMMAND: GET /session/ce8dff66696d2297726851cc3bfff466/screenshot - {}
RESULT: {}
COMMAND: POST /session/ce8dff66696d2297726851cc3bfff466/execute/async - {"script":"<script> [1562 bytes]","args":[{"selector":{"controlType":"sap.m.Title","properties":{"text":"Warning"},"searchOpenDialogs":true},"wdio_ui5_key":"sapm.Title{\"text\":\"Warning\"}"}]}
RESULT: {"script":"<script> [1562 bytes]","args":[{"selector":{"controlType":"sap.m.Title","properties":{"text":"Warning"},"searchOpenDialogs":true},"wdio_ui5_key":"sapm.Title{\"text\":\"Warning\"}"}]}
RESULT: undefined
COMMAND: POST /session/ce8dff66696d2297726851cc3bfff466/execute/async - {"script":"<script> [6424 bytes]","args":[{"element-6066-11e4-a52e-4f735466cecf":"f.AC9B00B9551530AD6C9D8CCA9F7D3F7B.d.28BDE11AC5ABD5C92936EF96F8E3118B.e.2073"},"getText",[]]}
RESULT: {"script":"<script> [6424 bytes]","args":[{"element-6066-11e4-a52e-4f735466cecf":"f.AC9B00B9551530AD6C9D8CCA9F7D3F7B.d.28BDE11AC5ABD5C92936EF96F8E3118B.e.2073"},"getText",[]]}
COMMAND: POST /session/ce8dff66696d2297726851cc3bfff466/execute/async - {"script":"<script> [1562 bytes]","args":[{"selector":{"controlType":"sap.m.Button","properties":{"text":"Yes"},"searchOpenDialogs":true,"interaction":{"idSuffix":"BDI-content"}},"wdio_ui5_key":"sapm.Button{\"text\":\"Yes\"}"}]}
RESULT: {"script":"<script> [1562 bytes]","args":[{"selector":{"controlType":"sap.m.Button","properties":{"text":"Yes"},"searchOpenDialogs":true,"interaction":{"idSuffix":"BDI-content"}},"wdio_ui5_key":"sapm.Button{\"text\":\"Yes\"}"}]}
RESULT: undefined
COMMAND: POST /session/ce8dff66696d2297726851cc3bfff466/element - {"using":"xpath","value":"//*[@id=\"__mbox-btn-1\"]"}
RESULT: {"using":"xpath","value":"//*[@id=\"__mbox-btn-1\"]"}
COMMAND: POST /session/ce8dff66696d2297726851cc3bfff466/element/f.AC9B00B9551530AD6C9D8CCA9F7D3F7B.d.28BDE11AC5ABD5C92936EF96F8E3118B.e.2070/click - {}
RESULT: {}
COMMAND: GET /session/ce8dff66696d2297726851cc3bfff466/screenshot - {}
RESULT: {}
COMMAND: POST /session/ce8dff66696d2297726851cc3bfff466/refresh - {}
RESULT: {}
COMMAND: GET /session/ce8dff66696d2297726851cc3bfff466/screenshot - {}
RESULT: {}
COMMAND: POST /session/ce8dff66696d2297726851cc3bfff466/execute/async - {"script":"<script> [189 bytes]","args":[]}
RESULT: {"script":"<script> [189 bytes]","args":[]}
COMMAND: POST /session/ce8dff66696d2297726851cc3bfff466/execute/async - {"script":"<script> [123 bytes]","args":[]}
RESULT: {"script":"<script> [123 bytes]","args":[]}
COMMAND: POST /session/ce8dff66696d2297726851cc3bfff466/timeouts - {"script":"<number>"}
RESULT: {"script":"<number>"}
COMMAND: GET /session/ce8dff66696d2297726851cc3bfff466/timeouts - {}
RESULT: {}
RESULT: undefined
COMMAND: POST /session/ce8dff66696d2297726851cc3bfff466/execute/async - {"script":"<script> [2676 bytes]","args":[]}
RESULT: {"script":"<script> [2676 bytes]","args":[]}
COMMAND: POST /session/ce8dff66696d2297726851cc3bfff466/execute/async - {"script":"<script> [2342 bytes]","args":[{"protocol":"http","hostname":"0.0.0.0","path":"/","capabilities":{"browserName":"chrome","goog:chromeOptions":{"binary":"C:\\Program Files\\Google\\Chrome\\Application\\chrome.exe","args":["--start-maximized"]}},"logLevel":"warn","connectionRetryTimeout":120000,"connectionRetryCount":3,"logLevels":{},"enableDirectConnect":true,"strictSSL":true,"_":"65 more keys: [\"cacheDir\",\"port\",\"requestedCapabilities\",\"automationProtocol\",\"baseUrl\",\"waitforInterval\",\"waitforTimeout\",\"onReload\",\"beforeCommand\",\"afterCommand\",\"rootDir\",\"specs\",\"suites\",\"exclude\",\"groupLogsByTestSpec\",\"excludeDriverLogs\",\"bail\",\"framework\",\"reporters\",\"services\",\"maxInstances\",\"maxInstancesPerCapability\",\"injectGlobals\",\"filesToWatch\",\"execArgv\",\"runnerEnv\",\"runner\",\"shard\",\"specFileRetries\",\"specFileRetriesDelay\",\"specFileRetriesDeferred\",\"reporterSyncInterval\",\"reporterSyncTimeout\",\"cucumberFeaturesWithLineNumbers\",\"autoCompileOpts\",\"mochaOpts\",\"jasmineOpts\",\"cucumberOpts\",\"onPrepare\",\"onWorkerStart\",\"onWorkerEnd\",\"before\",\"beforeSession\",\"beforeSuite\",\"beforeHook\",\"beforeTest\",\"afterTest\",\"afterHook\",\"afterSuite\",\"afterSession\",\"after\",\"onComplete\",\"beforeAssertion\",\"afterAssertion\",\"beforeFeature\",\"beforeScenario\",\"beforeStep\",\"afterStep\",\"afterScenario\",\"afterFeature\",\"_\",\"suite\",\"$0\",\"ignoredWorkerServices\",\"wdi5\"]"}]}
RESULT: {"script":"<script> [2342 bytes]","args":[{"protocol":"http","hostname":"0.0.0.0","path":"/","capabilities":{"browserName":"chrome","goog:chromeOptions":{"binary":"C:\\Program Files\\Google\\Chrome\\Application\\chrome.exe","args":["--start-maximized"]}},"logLevel":"warn","connectionRetryTimeout":120000,"connectionRetryCount":3,"logLevels":{},"enableDirectConnect":true,"strictSSL":true,"_":"65 more keys: [\"cacheDir\",\"port\",\"requestedCapabilities\",\"automationProtocol\",\"baseUrl\",\"waitforInterval\",\"waitforTimeout\",\"onReload\",\"beforeCommand\",\"afterCommand\",\"rootDir\",\"specs\",\"suites\",\"exclude\",\"groupLogsByTestSpec\",\"excludeDriverLogs\",\"bail\",\"framework\",\"reporters\",\"services\",\"maxInstances\",\"maxInstancesPerCapability\",\"injectGlobals\",\"filesToWatch\",\"execArgv\",\"runnerEnv\",\"runner\",\"shard\",\"specFileRetries\",\"specFileRetriesDelay\",\"specFileRetriesDeferred\",\"reporterSyncInterval\",\"reporterSyncTimeout\",\"cucumberFeaturesWithLineNumbers\",\"autoCompileOpts\",\"mochaOpts\",\"jasmineOpts\",\"cucumberOpts\",\"onPrepare\",\"onWorkerStart\",\"onWorkerEnd\",\"before\",\"beforeSession\",\"beforeSuite\",\"beforeHook\",\"beforeTest\",\"afterTest\",\"afterHook\",\"afterSuite\",\"afterSession\",\"after\",\"onComplete\",\"beforeAssertion\",\"afterAssertion\",\"beforeFeature\",\"beforeScenario\",\"beforeStep\",\"afterStep\",\"afterScenario\",\"afterFeature\",\"_\",\"suite\",\"$0\",\"ignoredWorkerServices\",\"wdi5\"]"}]}
COMMAND: POST /session/ce8dff66696d2297726851cc3bfff466/execute/async - {"script":"<script> [21126 bytes]","args":[35000]}
RESULT: {"script":"<script> [21126 bytes]","args":[35000]}
COMMAND: POST /session/ce8dff66696d2297726851cc3bfff466/execute/async - {"script":"<script> [1562 bytes]","args":[{"selector":{"id":"application-managecatalogs-display-component---detailCatalog--ValuesSmartTable-header"},"wdio_ui5_key":"applicationmanagecatalogs-display-component---detailCatalog--ValuesSmartTable-header"}]}
RESULT: {"script":"<script> [1562 bytes]","args":[{"selector":{"id":"application-managecatalogs-display-component---detailCatalog--ValuesSmartTable-header"},"wdio_ui5_key":"applicationmanagecatalogs-display-component---detailCatalog--ValuesSmartTable-header"}]}
RESULT: undefined
COMMAND: POST /session/ce8dff66696d2297726851cc3bfff466/execute/async - {"script":"<script> [6424 bytes]","args":[{"element-6066-11e4-a52e-4f735466cecf":"f.AC9B00B9551530AD6C9D8CCA9F7D3F7B.d.071B2675FE00CD26252770D393327DF8.e.2146"},"getText",[]]}
RESULT: {"script":"<script> [6424 bytes]","args":[{"element-6066-11e4-a52e-4f735466cecf":"f.AC9B00B9551530AD6C9D8CCA9F7D3F7B.d.071B2675FE00CD26252770D393327DF8.e.2146"},"getText",[]]}
COMMAND: POST /session/ce8dff66696d2297726851cc3bfff466/execute/async - {"script":"<script> [1562 bytes]","args":[{"selector":{"controlType":"sap.m.Button","viewName":"etm.portal.ui.managecatalogs.view.Detail","viewId":"application-managecatalogs-display-component---detailCatalog","i18NText":{"propertyName":"text","key":"edit"},"interaction":{"idSuffix":"BDI-content"}},"wdio_ui5_key":"etmportal.ui.managecatalogs.view.Detailsap.m.Button{\"propertyName\":\"text\",\"key\":\"edit\"}"}]}
RESULT: {"script":"<script> [1562 bytes]","args":[{"selector":{"controlType":"sap.m.Button","viewName":"etm.portal.ui.managecatalogs.view.Detail","viewId":"application-managecatalogs-display-component---detailCatalog","i18NText":{"propertyName":"text","key":"edit"},"interaction":{"idSuffix":"BDI-content"}},"wdio_ui5_key":"etmportal.ui.managecatalogs.view.Detailsap.m.Button{\"propertyName\":\"text\",\"key\":\"edit\"}"}]}
RESULT: undefined
COMMAND: POST /session/ce8dff66696d2297726851cc3bfff466/element - {"using":"xpath","value":"//*[@id=\"__button25\"]"}
RESULT: {"using":"xpath","value":"//*[@id=\"__button25\"]"}
COMMAND: POST /session/ce8dff66696d2297726851cc3bfff466/element/f.AC9B00B9551530AD6C9D8CCA9F7D3F7B.d.071B2675FE00CD26252770D393327DF8.e.2148/click - {}
RESULT: {}
COMMAND: POST /session/ce8dff66696d2297726851cc3bfff466/execute/async - {"script":"<script> [1562 bytes]","args":[{"selector":{"id":"application-managecatalogs-display-component---detailCatalog--ObjectPageLayout-anchBar-application-managecatalogs-display-component---detailCatalog--sectionValues-anchor","interaction":{"idSuffix":"BDI-content"}},"wdio_ui5_key":"applicationmanagecatalogs-display-component---detailCatalog--ObjectPageLayout-anchBar-application-managecatalogs-display-component---detailCatalog--sectionValues-anchor"}]}
COMMAND: GET /session/ce8dff66696d2297726851cc3bfff466/screenshot - {}
RESULT: undefined
RESULT: {"script":"<script> [1562 bytes]","args":[{"selector":{"id":"application-managecatalogs-display-component---detailCatalog--ObjectPageLayout-anchBar-application-managecatalogs-display-component---detailCatalog--sectionValues-anchor","interaction":{"idSuffix":"BDI-content"}},"wdio_ui5_key":"applicationmanagecatalogs-display-component---detailCatalog--ObjectPageLayout-anchBar-application-managecatalogs-display-component---detailCatalog--sectionValues-anchor"}]}
RESULT: undefined
COMMAND: POST /session/ce8dff66696d2297726851cc3bfff466/element - {"using":"xpath","value":"//*[@id=\"application-managecatalogs-display-component---detailCatalog--ObjectPageLayout-anchBar-application-managecatalogs-display-component---detailCatalog--sectionValues-anchor\"]"}
RESULT: {}
RESULT: {"using":"xpath","value":"//*[@id=\"application-managecatalogs-display-component---detailCatalog--ObjectPageLayout-anchBar-application-managecatalogs-display-component---detailCatalog--sectionValues-anchor\"]"}
COMMAND: POST /session/ce8dff66696d2297726851cc3bfff466/element/f.AC9B00B9551530AD6C9D8CCA9F7D3F7B.d.071B2675FE00CD26252770D393327DF8.e.2191/click - {}
RESULT: {}
COMMAND: GET /session/ce8dff66696d2297726851cc3bfff466/screenshot - {}
RESULT: {}
COMMAND: POST /session/ce8dff66696d2297726851cc3bfff466/execute/async - {"script":"<script> [1562 bytes]","args":[{"selector":{"id":"application-managecatalogs-display-component---detailCatalog--ValuesTable-sa","interaction":{"idSuffix":"CbBg"}},"wdio_ui5_key":"applicationmanagecatalogs-display-component---detailCatalog--ValuesTable-sa"}]}
RESULT: {"script":"<script> [1562 bytes]","args":[{"selector":{"id":"application-managecatalogs-display-component---detailCatalog--ValuesTable-sa","interaction":{"idSuffix":"CbBg"}},"wdio_ui5_key":"applicationmanagecatalogs-display-component---detailCatalog--ValuesTable-sa"}]}
RESULT: undefined
COMMAND: POST /session/ce8dff66696d2297726851cc3bfff466/element - {"using":"xpath","value":"//*[@id=\"application-managecatalogs-display-component---detailCatalog--ValuesTable-sa\"]"}
RESULT: {"using":"xpath","value":"//*[@id=\"application-managecatalogs-display-component---detailCatalog--ValuesTable-sa\"]"}
COMMAND: POST /session/ce8dff66696d2297726851cc3bfff466/element/f.AC9B00B9551530AD6C9D8CCA9F7D3F7B.d.071B2675FE00CD26252770D393327DF8.e.2197/click - {}
RESULT: {}
COMMAND: POST /session/ce8dff66696d2297726851cc3bfff466/execute/async - {"script":"<script> [1562 bytes]","args":[{"selector":{"controlType":"sap.ui.core.Icon","viewName":"etm.portal.ui.managecatalogs.view.Detail","viewId":"application-managecatalogs-display-component---detailCatalog","properties":{"src":{"regex":{"source":"delete"}}},"ancestor":{"id":"application-managecatalogs-display-component---detailCatalog--ValuesTable"}},"wdio_ui5_key":"etmportal.ui.managecatalogs.view.Detailsap.ui.core.Icon{\"src\":{\"regex\":{\"source\":\"delete\"}}}{\"id\":\"application-managecatalogs-display-component---detailCatalog--ValuesTable\"}"}]}
COMMAND: GET /session/ce8dff66696d2297726851cc3bfff466/screenshot - {}
RESULT: {"script":"<script> [1562 bytes]","args":[{"selector":{"controlType":"sap.ui.core.Icon","viewName":"etm.portal.ui.managecatalogs.view.Detail","viewId":"application-managecatalogs-display-component---detailCatalog","properties":{"src":{"regex":{"source":"delete"}}},"ancestor":{"id":"application-managecatalogs-display-component---detailCatalog--ValuesTable"}},"wdio_ui5_key":"etmportal.ui.managecatalogs.view.Detailsap.ui.core.Icon{\"src\":{\"regex\":{\"source\":\"delete\"}}}{\"id\":\"application-managecatalogs-display-component---detailCatalog--ValuesTable\"}"}]}
RESULT: undefined
COMMAND: POST /session/ce8dff66696d2297726851cc3bfff466/element - {"using":"xpath","value":"//*[@id=\"__button36-img\"]"}
RESULT: {}
RESULT: {"using":"xpath","value":"//*[@id=\"__button36-img\"]"}
COMMAND: POST /session/ce8dff66696d2297726851cc3bfff466/element/f.AC9B00B9551530AD6C9D8CCA9F7D3F7B.d.071B2675FE00CD26252770D393327DF8.e.2200/click - {}
RESULT: {}
COMMAND: POST /session/ce8dff66696d2297726851cc3bfff466/execute/async - {"script":"<script> [1562 bytes]","args":[{"selector":{"controlType":"sap.m.Button","properties":{"text":"Yes"},"searchOpenDialogs":true,"interaction":{"idSuffix":"BDI-content"}},"wdio_ui5_key":"sapm.Button{\"text\":\"Yes\"}"}]}
COMMAND: GET /session/ce8dff66696d2297726851cc3bfff466/screenshot - {}
RESULT: {"script":"<script> [1562 bytes]","args":[{"selector":{"controlType":"sap.m.Button","properties":{"text":"Yes"},"searchOpenDialogs":true,"interaction":{"idSuffix":"BDI-content"}},"wdio_ui5_key":"sapm.Button{\"text\":\"Yes\"}"}]}
RESULT: undefined
COMMAND: POST /session/ce8dff66696d2297726851cc3bfff466/element - {"using":"xpath","value":"//*[@id=\"__mbox-btn-0\"]"}
RESULT: {}
RESULT: {"using":"xpath","value":"//*[@id=\"__mbox-btn-0\"]"}
COMMAND: POST /session/ce8dff66696d2297726851cc3bfff466/element/f.AC9B00B9551530AD6C9D8CCA9F7D3F7B.d.071B2675FE00CD26252770D393327DF8.e.2202/click - {}
RESULT: {}
COMMAND: GET /session/ce8dff66696d2297726851cc3bfff466/screenshot - {}
RESULT: {}
COMMAND: POST /session/ce8dff66696d2297726851cc3bfff466/execute/async - {"script":"<script> [1562 bytes]","args":[{"selector":{"controlType":"sap.m.Button","viewName":"etm.portal.ui.managecatalogs.view.Detail","viewId":"application-managecatalogs-display-component---detailCatalog","i18NText":{"propertyName":"text","key":"save"},"interaction":{"idSuffix":"BDI-content"}},"wdio_ui5_key":"etmportal.ui.managecatalogs.view.Detailsap.m.Button{\"propertyName\":\"text\",\"key\":\"save\"}"}]}
RESULT: {"script":"<script> [1562 bytes]","args":[{"selector":{"controlType":"sap.m.Button","viewName":"etm.portal.ui.managecatalogs.view.Detail","viewId":"application-managecatalogs-display-component---detailCatalog","i18NText":{"propertyName":"text","key":"save"},"interaction":{"idSuffix":"BDI-content"}},"wdio_ui5_key":"etmportal.ui.managecatalogs.view.Detailsap.m.Button{\"propertyName\":\"text\",\"key\":\"save\"}"}]}
RESULT: undefined
COMMAND: POST /session/ce8dff66696d2297726851cc3bfff466/element - {"using":"xpath","value":"//*[@id=\"__button43\"]"}
RESULT: {"using":"xpath","value":"//*[@id=\"__button43\"]"}
COMMAND: POST /session/ce8dff66696d2297726851cc3bfff466/element/f.AC9B00B9551530AD6C9D8CCA9F7D3F7B.d.071B2675FE00CD26252770D393327DF8.e.2207/click - {}
RESULT: {}
COMMAND: GET /session/ce8dff66696d2297726851cc3bfff466/screenshot - {}
RESULT: {}
RESULT: undefined
COMMAND: POST /session/ce8dff66696d2297726851cc3bfff466/element - {"using":"xpath","value":"//*[@id=\"__button25\"]"}
RESULT: {"using":"xpath","value":"//*[@id=\"__button25\"]"}
COMMAND: POST /session/ce8dff66696d2297726851cc3bfff466/element/f.AC9B00B9551530AD6C9D8CCA9F7D3F7B.d.071B2675FE00CD26252770D393327DF8.e.2209/click - {}
RESULT: {}
COMMAND: GET /session/ce8dff66696d2297726851cc3bfff466/screenshot - {}
RESULT: {}
RESULT: undefined
COMMAND: POST /session/ce8dff66696d2297726851cc3bfff466/element - {"using":"xpath","value":"//*[@id=\"application-managecatalogs-display-component---detailCatalog--ObjectPageLayout-anchBar-application-managecatalogs-display-component---detailCatalog--sectionValues-anchor\"]"}
RESULT: {"using":"xpath","value":"//*[@id=\"application-managecatalogs-display-component---detailCatalog--ObjectPageLayout-anchBar-application-managecatalogs-display-component---detailCatalog--sectionValues-anchor\"]"}
COMMAND: POST /session/ce8dff66696d2297726851cc3bfff466/element/f.AC9B00B9551530AD6C9D8CCA9F7D3F7B.d.071B2675FE00CD26252770D393327DF8.e.2247/click - {}
RESULT: {}
COMMAND: GET /session/ce8dff66696d2297726851cc3bfff466/screenshot - {}
RESULT: {}
COMMAND: POST /session/ce8dff66696d2297726851cc3bfff466/execute/async - {"script":"<script> [1562 bytes]","args":[{"selector":{"controlType":"sap.ui.core.Icon","viewName":"etm.portal.ui.managecatalogs.view.Detail","viewId":"application-managecatalogs-display-component---detailCatalog","properties":{"src":{"regex":{"source":"add"}}},"ancestor":{"id":"application-managecatalogs-display-component---detailCatalog--ValuesTable"}},"wdio_ui5_key":"etmportal.ui.managecatalogs.view.Detailsap.ui.core.Icon{\"src\":{\"regex\":{\"source\":\"add\"}}}{\"id\":\"application-managecatalogs-display-component---detailCatalog--ValuesTable\"}"}]}
RESULT: {"script":"<script> [1562 bytes]","args":[{"selector":{"controlType":"sap.ui.core.Icon","viewName":"etm.portal.ui.managecatalogs.view.Detail","viewId":"application-managecatalogs-display-component---detailCatalog","properties":{"src":{"regex":{"source":"add"}}},"ancestor":{"id":"application-managecatalogs-display-component---detailCatalog--ValuesTable"}},"wdio_ui5_key":"etmportal.ui.managecatalogs.view.Detailsap.ui.core.Icon{\"src\":{\"regex\":{\"source\":\"add\"}}}{\"id\":\"application-managecatalogs-display-component---detailCatalog--ValuesTable\"}"}]}
RESULT: undefined
COMMAND: POST /session/ce8dff66696d2297726851cc3bfff466/element - {"using":"xpath","value":"//*[@id=\"__button37-img\"]"}
RESULT: {"using":"xpath","value":"//*[@id=\"__button37-img\"]"}
COMMAND: POST /session/ce8dff66696d2297726851cc3bfff466/element/f.AC9B00B9551530AD6C9D8CCA9F7D3F7B.d.071B2675FE00CD26252770D393327DF8.e.2248/click - {}
RESULT: {}
RESULT: undefined
COMMAND: POST /session/ce8dff66696d2297726851cc3bfff466/element - {"using":"xpath","value":"//*[@id=\"__button37-img\"]"}
COMMAND: GET /session/ce8dff66696d2297726851cc3bfff466/screenshot - {}
RESULT: {"using":"xpath","value":"//*[@id=\"__button37-img\"]"}
COMMAND: POST /session/ce8dff66696d2297726851cc3bfff466/element/f.AC9B00B9551530AD6C9D8CCA9F7D3F7B.d.071B2675FE00CD26252770D393327DF8.e.2248/click - {}
RESULT: {}
RESULT: {}
COMMAND: POST /session/ce8dff66696d2297726851cc3bfff466/element - {"using":"xpath","value":"(//input[contains(@id ,\"application-managecatalogs-display-component---detailCatalog--ValuesTable-0-inner\")])[1]"}
COMMAND: GET /session/ce8dff66696d2297726851cc3bfff466/screenshot - {}
RESULT: {"using":"xpath","value":"(//input[contains(@id ,\"application-managecatalogs-display-component---detailCatalog--ValuesTable-0-inner\")])[1]"}
COMMAND: POST /session/ce8dff66696d2297726851cc3bfff466/element/f.AC9B00B9551530AD6C9D8CCA9F7D3F7B.d.071B2675FE00CD26252770D393327DF8.e.2251/clear - {}
RESULT: {}
RESULT: {}
COMMAND: POST /session/ce8dff66696d2297726851cc3bfff466/element/f.AC9B00B9551530AD6C9D8CCA9F7D3F7B.d.071B2675FE00CD26252770D393327DF8.e.2251/value - {"text":"D&I catalog price"}
COMMAND: GET /session/ce8dff66696d2297726851cc3bfff466/screenshot - {}
RESULT: {"text":"D&I catalog price"}
COMMAND: GET /session/ce8dff66696d2297726851cc3bfff466/screenshot - {}
RESULT: {}
RESULT: {}
COMMAND: POST /session/ce8dff66696d2297726851cc3bfff466/actions - {"actions":[{"id":"action14","type":"key","parameters":{},"actions":[{"type":"keyDown","value":""},{"type":"pause","duration":10},{"type":"keyUp","value":""}]}]}
RESULT: {"actions":[{"id":"action14","type":"key","parameters":{},"actions":[{"type":"keyDown","value":""},{"type":"pause","duration":10},{"type":"keyUp","value":""}]}]}
COMMAND: POST /session/ce8dff66696d2297726851cc3bfff466/element - {"using":"xpath","value":"(//input[contains(@id ,\"application-managecatalogs-display-component---detailCatalog--ValuesTable-1-inner\")])[1]"}
COMMAND: GET /session/ce8dff66696d2297726851cc3bfff466/screenshot - {}
RESULT: {"using":"xpath","value":"(//input[contains(@id ,\"application-managecatalogs-display-component---detailCatalog--ValuesTable-1-inner\")])[1]"}
COMMAND: POST /session/ce8dff66696d2297726851cc3bfff466/element/f.AC9B00B9551530AD6C9D8CCA9F7D3F7B.d.071B2675FE00CD26252770D393327DF8.e.2264/clear - {}
RESULT: {}
RESULT: {}
COMMAND: POST /session/ce8dff66696d2297726851cc3bfff466/element/f.AC9B00B9551530AD6C9D8CCA9F7D3F7B.d.071B2675FE00CD26252770D393327DF8.e.2264/value - {"text":"D&I catalog price"}
COMMAND: GET /session/ce8dff66696d2297726851cc3bfff466/screenshot - {}
RESULT: {"text":"D&I catalog price"}
COMMAND: GET /session/ce8dff66696d2297726851cc3bfff466/screenshot - {}
RESULT: {}
RESULT: {}
COMMAND: POST /session/ce8dff66696d2297726851cc3bfff466/actions - {"actions":[{"id":"action15","type":"key","parameters":{},"actions":[{"type":"keyDown","value":""},{"type":"pause","duration":10},{"type":"keyUp","value":""}]}]}
RESULT: {"actions":[{"id":"action15","type":"key","parameters":{},"actions":[{"type":"keyDown","value":""},{"type":"pause","duration":10},{"type":"keyUp","value":""}]}]}
COMMAND: POST /session/ce8dff66696d2297726851cc3bfff466/element - {"using":"xpath","value":"(//input[contains(@id ,\"application-managecatalogs-display-component---detailCatalog--ValuesTable-0-inner\")])[8]"}
COMMAND: GET /session/ce8dff66696d2297726851cc3bfff466/screenshot - {}
RESULT: {"using":"xpath","value":"(//input[contains(@id ,\"application-managecatalogs-display-component---detailCatalog--ValuesTable-0-inner\")])[8]"}
COMMAND: POST /session/ce8dff66696d2297726851cc3bfff466/element/f.AC9B00B9551530AD6C9D8CCA9F7D3F7B.d.071B2675FE00CD26252770D393327DF8.e.2258/clear - {}
RESULT: {}
RESULT: {}
COMMAND: POST /session/ce8dff66696d2297726851cc3bfff466/element/f.AC9B00B9551530AD6C9D8CCA9F7D3F7B.d.071B2675FE00CD26252770D393327DF8.e.2258/value - {"text":"101"}
COMMAND: GET /session/ce8dff66696d2297726851cc3bfff466/screenshot - {}
RESULT: {"text":"101"}
COMMAND: GET /session/ce8dff66696d2297726851cc3bfff466/screenshot - {}
RESULT: {}
RESULT: {}
COMMAND: POST /session/ce8dff66696d2297726851cc3bfff466/actions - {"actions":[{"id":"action16","type":"key","parameters":{},"actions":[{"type":"keyDown","value":""},{"type":"pause","duration":10},{"type":"keyUp","value":""}]}]}
RESULT: {"actions":[{"id":"action16","type":"key","parameters":{},"actions":[{"type":"keyDown","value":""},{"type":"pause","duration":10},{"type":"keyUp","value":""}]}]}
COMMAND: POST /session/ce8dff66696d2297726851cc3bfff466/element - {"using":"xpath","value":"(//input[contains(@id ,\"application-managecatalogs-display-component---detailCatalog--ValuesTable-1-inner\")])[8]"}
COMMAND: GET /session/ce8dff66696d2297726851cc3bfff466/screenshot - {}
RESULT: {"using":"xpath","value":"(//input[contains(@id ,\"application-managecatalogs-display-component---detailCatalog--ValuesTable-1-inner\")])[8]"}
COMMAND: POST /session/ce8dff66696d2297726851cc3bfff466/element/f.AC9B00B9551530AD6C9D8CCA9F7D3F7B.d.071B2675FE00CD26252770D393327DF8.e.2271/clear - {}
RESULT: {}
RESULT: {}
COMMAND: POST /session/ce8dff66696d2297726851cc3bfff466/element/f.AC9B00B9551530AD6C9D8CCA9F7D3F7B.d.071B2675FE00CD26252770D393327DF8.e.2271/value - {"text":"101"}
COMMAND: GET /session/ce8dff66696d2297726851cc3bfff466/screenshot - {}
RESULT: {"text":"101"}
COMMAND: GET /session/ce8dff66696d2297726851cc3bfff466/screenshot - {}
RESULT: {}
RESULT: {}
COMMAND: POST /session/ce8dff66696d2297726851cc3bfff466/actions - {"actions":[{"id":"action17","type":"key","parameters":{},"actions":[{"type":"keyDown","value":""},{"type":"pause","duration":10},{"type":"keyUp","value":""}]}]}
RESULT: {"actions":[{"id":"action17","type":"key","parameters":{},"actions":[{"type":"keyDown","value":""},{"type":"pause","duration":10},{"type":"keyUp","value":""}]}]}
RESULT: undefined
COMMAND: POST /session/ce8dff66696d2297726851cc3bfff466/element - {"using":"xpath","value":"//*[@id=\"__button43\"]"}
COMMAND: GET /session/ce8dff66696d2297726851cc3bfff466/screenshot - {}
RESULT: {"using":"xpath","value":"//*[@id=\"__button43\"]"}
COMMAND: POST /session/ce8dff66696d2297726851cc3bfff466/element/f.AC9B00B9551530AD6C9D8CCA9F7D3F7B.d.071B2675FE00CD26252770D393327DF8.e.2237/click - {}
RESULT: {}
RESULT: {}
COMMAND: GET /session/ce8dff66696d2297726851cc3bfff466/screenshot - {}
RESULT: {}
COMMAND: POST /session/ce8dff66696d2297726851cc3bfff466/execute/async - {"script":"<script> [1562 bytes]","args":[{"selector":{"controlType":"sap.m.Text","properties":{"text":"Existing values with the same start date!"},"searchOpenDialogs":true},"wdio_ui5_key":"sapm.Text{\"text\":\"Existing values with the same start date!\"}"}]}
RESULT: {"script":"<script> [1562 bytes]","args":[{"selector":{"controlType":"sap.m.Text","properties":{"text":"Existing values with the same start date!"},"searchOpenDialogs":true},"wdio_ui5_key":"sapm.Text{\"text\":\"Existing values with the same start date!\"}"}]}
RESULT: undefined
COMMAND: POST /session/ce8dff66696d2297726851cc3bfff466/execute/async - {"script":"<script> [6424 bytes]","args":[{"element-6066-11e4-a52e-4f735466cecf":"f.AC9B00B9551530AD6C9D8CCA9F7D3F7B.d.071B2675FE00CD26252770D393327DF8.e.2282"},"getText",[]]}
RESULT: {"script":"<script> [6424 bytes]","args":[{"element-6066-11e4-a52e-4f735466cecf":"f.AC9B00B9551530AD6C9D8CCA9F7D3F7B.d.071B2675FE00CD26252770D393327DF8.e.2282"},"getText",[]]}
COMMAND: POST /session/ce8dff66696d2297726851cc3bfff466/execute/async - {"script":"<script> [1562 bytes]","args":[{"selector":{"controlType":"sap.m.Button","properties":{"text":"OK"},"searchOpenDialogs":true,"interaction":{"idSuffix":"BDI-content"}},"wdio_ui5_key":"sapm.Button{\"text\":\"OK\"}"}]}
RESULT: {"script":"<script> [1562 bytes]","args":[{"selector":{"controlType":"sap.m.Button","properties":{"text":"OK"},"searchOpenDialogs":true,"interaction":{"idSuffix":"BDI-content"}},"wdio_ui5_key":"sapm.Button{\"text\":\"OK\"}"}]}
RESULT: undefined
COMMAND: POST /session/ce8dff66696d2297726851cc3bfff466/element - {"using":"xpath","value":"//*[@id=\"__mbox-btn-2\"]"}
RESULT: {"using":"xpath","value":"//*[@id=\"__mbox-btn-2\"]"}
COMMAND: POST /session/ce8dff66696d2297726851cc3bfff466/element/f.AC9B00B9551530AD6C9D8CCA9F7D3F7B.d.071B2675FE00CD26252770D393327DF8.e.2278/click - {}
RESULT: {}
COMMAND: POST /session/ce8dff66696d2297726851cc3bfff466/element - {"using":"xpath","value":"(//input[contains(@id ,\"application-managecatalogs-display-component---detailCatalog--ValuesTable-0-inner\")])[8]"}
COMMAND: GET /session/ce8dff66696d2297726851cc3bfff466/screenshot - {}
RESULT: {"using":"xpath","value":"(//input[contains(@id ,\"application-managecatalogs-display-component---detailCatalog--ValuesTable-0-inner\")])[8]"}
COMMAND: POST /session/ce8dff66696d2297726851cc3bfff466/element/f.AC9B00B9551530AD6C9D8CCA9F7D3F7B.d.071B2675FE00CD26252770D393327DF8.e.2258/clear - {}
RESULT: {}
RESULT: {}
COMMAND: POST /session/ce8dff66696d2297726851cc3bfff466/element/f.AC9B00B9551530AD6C9D8CCA9F7D3F7B.d.071B2675FE00CD26252770D393327DF8.e.2258/value - {"text":"102"}
COMMAND: GET /session/ce8dff66696d2297726851cc3bfff466/screenshot - {}
RESULT: {"text":"102"}
COMMAND: GET /session/ce8dff66696d2297726851cc3bfff466/screenshot - {}
RESULT: {}
RESULT: {}
COMMAND: POST /session/ce8dff66696d2297726851cc3bfff466/actions - {"actions":[{"id":"action18","type":"key","parameters":{},"actions":[{"type":"keyDown","value":""},{"type":"pause","duration":10},{"type":"keyUp","value":""}]}]}
RESULT: {"actions":[{"id":"action18","type":"key","parameters":{},"actions":[{"type":"keyDown","value":""},{"type":"pause","duration":10},{"type":"keyUp","value":""}]}]}
COMMAND: GET /session/ce8dff66696d2297726851cc3bfff466/screenshot - {}
RESULT: {}
RESULT: undefined
COMMAND: POST /session/ce8dff66696d2297726851cc3bfff466/element - {"using":"xpath","value":"//*[@id=\"__button43\"]"}
RESULT: {"using":"xpath","value":"//*[@id=\"__button43\"]"}
COMMAND: POST /session/ce8dff66696d2297726851cc3bfff466/element/f.AC9B00B9551530AD6C9D8CCA9F7D3F7B.d.071B2675FE00CD26252770D393327DF8.e.2237/click - {}
RESULT: {}
COMMAND: GET /session/ce8dff66696d2297726851cc3bfff466/screenshot - {}
RESULT: {}
COMMAND: POST /session/ce8dff66696d2297726851cc3bfff466/refresh - {}
RESULT: {}
COMMAND: GET /session/ce8dff66696d2297726851cc3bfff466/screenshot - {}
RESULT: {}
COMMAND: POST /session/ce8dff66696d2297726851cc3bfff466/execute/async - {"script":"<script> [189 bytes]","args":[]}
RESULT: {"script":"<script> [189 bytes]","args":[]}
COMMAND: POST /session/ce8dff66696d2297726851cc3bfff466/execute/async - {"script":"<script> [123 bytes]","args":[]}
RESULT: {"script":"<script> [123 bytes]","args":[]}
COMMAND: POST /session/ce8dff66696d2297726851cc3bfff466/timeouts - {"script":"<number>"}
RESULT: {"script":"<number>"}
COMMAND: GET /session/ce8dff66696d2297726851cc3bfff466/timeouts - {}
RESULT: {}
RESULT: undefined
COMMAND: POST /session/ce8dff66696d2297726851cc3bfff466/execute/async - {"script":"<script> [2676 bytes]","args":[]}
RESULT: {"script":"<script> [2676 bytes]","args":[]}
COMMAND: POST /session/ce8dff66696d2297726851cc3bfff466/execute/async - {"script":"<script> [2342 bytes]","args":[{"protocol":"http","hostname":"0.0.0.0","path":"/","capabilities":{"browserName":"chrome","goog:chromeOptions":{"binary":"C:\\Program Files\\Google\\Chrome\\Application\\chrome.exe","args":["--start-maximized"]}},"logLevel":"warn","connectionRetryTimeout":120000,"connectionRetryCount":3,"logLevels":{},"enableDirectConnect":true,"strictSSL":true,"_":"65 more keys: [\"cacheDir\",\"port\",\"requestedCapabilities\",\"automationProtocol\",\"baseUrl\",\"waitforInterval\",\"waitforTimeout\",\"onReload\",\"beforeCommand\",\"afterCommand\",\"rootDir\",\"specs\",\"suites\",\"exclude\",\"groupLogsByTestSpec\",\"excludeDriverLogs\",\"bail\",\"framework\",\"reporters\",\"services\",\"maxInstances\",\"maxInstancesPerCapability\",\"injectGlobals\",\"filesToWatch\",\"execArgv\",\"runnerEnv\",\"runner\",\"shard\",\"specFileRetries\",\"specFileRetriesDelay\",\"specFileRetriesDeferred\",\"reporterSyncInterval\",\"reporterSyncTimeout\",\"cucumberFeaturesWithLineNumbers\",\"autoCompileOpts\",\"mochaOpts\",\"jasmineOpts\",\"cucumberOpts\",\"onPrepare\",\"onWorkerStart\",\"onWorkerEnd\",\"before\",\"beforeSession\",\"beforeSuite\",\"beforeHook\",\"beforeTest\",\"afterTest\",\"afterHook\",\"afterSuite\",\"afterSession\",\"after\",\"onComplete\",\"beforeAssertion\",\"afterAssertion\",\"beforeFeature\",\"beforeScenario\",\"beforeStep\",\"afterStep\",\"afterScenario\",\"afterFeature\",\"_\",\"suite\",\"$0\",\"ignoredWorkerServices\",\"wdi5\"]"}]}
RESULT: {"script":"<script> [2342 bytes]","args":[{"protocol":"http","hostname":"0.0.0.0","path":"/","capabilities":{"browserName":"chrome","goog:chromeOptions":{"binary":"C:\\Program Files\\Google\\Chrome\\Application\\chrome.exe","args":["--start-maximized"]}},"logLevel":"warn","connectionRetryTimeout":120000,"connectionRetryCount":3,"logLevels":{},"enableDirectConnect":true,"strictSSL":true,"_":"65 more keys: [\"cacheDir\",\"port\",\"requestedCapabilities\",\"automationProtocol\",\"baseUrl\",\"waitforInterval\",\"waitforTimeout\",\"onReload\",\"beforeCommand\",\"afterCommand\",\"rootDir\",\"specs\",\"suites\",\"exclude\",\"groupLogsByTestSpec\",\"excludeDriverLogs\",\"bail\",\"framework\",\"reporters\",\"services\",\"maxInstances\",\"maxInstancesPerCapability\",\"injectGlobals\",\"filesToWatch\",\"execArgv\",\"runnerEnv\",\"runner\",\"shard\",\"specFileRetries\",\"specFileRetriesDelay\",\"specFileRetriesDeferred\",\"reporterSyncInterval\",\"reporterSyncTimeout\",\"cucumberFeaturesWithLineNumbers\",\"autoCompileOpts\",\"mochaOpts\",\"jasmineOpts\",\"cucumberOpts\",\"onPrepare\",\"onWorkerStart\",\"onWorkerEnd\",\"before\",\"beforeSession\",\"beforeSuite\",\"beforeHook\",\"beforeTest\",\"afterTest\",\"afterHook\",\"afterSuite\",\"afterSession\",\"after\",\"onComplete\",\"beforeAssertion\",\"afterAssertion\",\"beforeFeature\",\"beforeScenario\",\"beforeStep\",\"afterStep\",\"afterScenario\",\"afterFeature\",\"_\",\"suite\",\"$0\",\"ignoredWorkerServices\",\"wdi5\"]"}]}
COMMAND: POST /session/ce8dff66696d2297726851cc3bfff466/execute/async - {"script":"<script> [21126 bytes]","args":[35000]}
RESULT: {"script":"<script> [21126 bytes]","args":[35000]}
COMMAND: POST /session/ce8dff66696d2297726851cc3bfff466/execute/async - {"script":"<script> [1562 bytes]","args":[{"selector":{"id":"application-managecatalogs-display-component---detailCatalog--ValuesSmartTable-header"},"wdio_ui5_key":"applicationmanagecatalogs-display-component---detailCatalog--ValuesSmartTable-header"}]}
RESULT: {"script":"<script> [1562 bytes]","args":[{"selector":{"id":"application-managecatalogs-display-component---detailCatalog--ValuesSmartTable-header"},"wdio_ui5_key":"applicationmanagecatalogs-display-component---detailCatalog--ValuesSmartTable-header"}]}
RESULT: undefined
COMMAND: POST /session/ce8dff66696d2297726851cc3bfff466/execute/async - {"script":"<script> [6424 bytes]","args":[{"element-6066-11e4-a52e-4f735466cecf":"f.AC9B00B9551530AD6C9D8CCA9F7D3F7B.d.4152A1A2D915CC6929F081E50E7906D4.e.2383"},"getText",[]]}
RESULT: {"script":"<script> [6424 bytes]","args":[{"element-6066-11e4-a52e-4f735466cecf":"f.AC9B00B9551530AD6C9D8CCA9F7D3F7B.d.4152A1A2D915CC6929F081E50E7906D4.e.2383"},"getText",[]]}
COMMAND: POST /session/ce8dff66696d2297726851cc3bfff466/element - {"using":"css selector","value":"#shell-header-logo"}
RESULT: {"using":"css selector","value":"#shell-header-logo"}
COMMAND: POST /session/ce8dff66696d2297726851cc3bfff466/element/f.AC9B00B9551530AD6C9D8CCA9F7D3F7B.d.4152A1A2D915CC6929F081E50E7906D4.e.2322/click - {}
RESULT: {}
COMMAND: GET /session/ce8dff66696d2297726851cc3bfff466/screenshot - {}
RESULT: undefined
RESULT: {}
]]></system-out>
    </testcase>
  </testsuite>
  <testsuite timestamp="2025-06-14T15:59:24" time="431.057" tests="4" failures="0" errors="0" skipped="0">
    <properties>
      <property name="specId" value="0"/>
      <property name="suiteName" value="Verify RU inventory split cost information US139363"/>
      <property name="capabilities" value="chrome.137_0_7151_69.windows"/>
      <property name="file" value="file:///D:/a/1/s/test/specs/R2C/verify-ru-inventory-split-cost-information.spec.js"/>
    </properties>
    <testcase classname="chrome.137_0_7151_69.windows.Verify_RU_inventory_split_cost_information_US139363" name="Should create a new contract" time="94.456">
      <system-out><![CDATA[
COMMAND: POST /session/ce8dff66696d2297726851cc3bfff466/execute/async - {"script":"<script> [1562 bytes]","args":[{"selector":{"controlType":"sap.m.GenericTile","properties":{"header":"Manage Contracts"}},"wdio_ui5_key":"sapm.GenericTile{\"header\":\"Manage Contracts\"}"}]}
RESULT: {"script":"<script> [1562 bytes]","args":[{"selector":{"controlType":"sap.m.GenericTile","properties":{"header":"Manage Contracts"}},"wdio_ui5_key":"sapm.GenericTile{\"header\":\"Manage Contracts\"}"}]}
RESULT: undefined
COMMAND: POST /session/ce8dff66696d2297726851cc3bfff466/element - {"using":"xpath","value":"//*[@id=\"__tile132\"]"}
RESULT: {"using":"xpath","value":"//*[@id=\"__tile132\"]"}
COMMAND: POST /session/ce8dff66696d2297726851cc3bfff466/element/f.AC9B00B9551530AD6C9D8CCA9F7D3F7B.d.4152A1A2D915CC6929F081E50E7906D4.e.2398/click - {}
RESULT: {}
COMMAND: GET /session/ce8dff66696d2297726851cc3bfff466/screenshot - {}
RESULT: {}
COMMAND: POST /session/ce8dff66696d2297726851cc3bfff466/elements - {"using":"xpath","value":"//span[text()='Error']"}
RESULT: {"using":"xpath","value":"//span[text()='Error']"}
COMMAND: POST /session/ce8dff66696d2297726851cc3bfff466/element - {"using":"xpath","value":"//button[@data-kt=\"addButton\"]"}
RESULT: {"using":"xpath","value":"//button[@data-kt=\"addButton\"]"}
COMMAND: POST /session/ce8dff66696d2297726851cc3bfff466/element/f.AC9B00B9551530AD6C9D8CCA9F7D3F7B.d.4152A1A2D915CC6929F081E50E7906D4.e.2449/click - {}
RESULT: {}
COMMAND: GET /session/ce8dff66696d2297726851cc3bfff466/screenshot - {}
RESULT: {}
COMMAND: POST /session/ce8dff66696d2297726851cc3bfff466/execute/async - {"script":"<script> [1562 bytes]","args":[{"selector":{"id":"application-managecontracts-display-component---AddNewContract--projectDescription","interaction":{"idSuffix":"inner"}},"wdio_ui5_key":"applicationmanagecontracts-display-component---AddNewContract--projectDescription"}]}
RESULT: {"script":"<script> [1562 bytes]","args":[{"selector":{"id":"application-managecontracts-display-component---AddNewContract--projectDescription","interaction":{"idSuffix":"inner"}},"wdio_ui5_key":"applicationmanagecontracts-display-component---AddNewContract--projectDescription"}]}
RESULT: undefined
COMMAND: POST /session/ce8dff66696d2297726851cc3bfff466/execute/async - {"script":"<script> [776 bytes]","args":[{"enterText":"WdIOTestgo0gcl","selector":{"id":"application-managecontracts-display-component---AddNewContract--projectDescription","interaction":{"idSuffix":"inner"}},"clearTextFirst":true,"interactionType":"ENTER_TEXT"}]}
RESULT: {"script":"<script> [776 bytes]","args":[{"enterText":"WdIOTestgo0gcl","selector":{"id":"application-managecontracts-display-component---AddNewContract--projectDescription","interaction":{"idSuffix":"inner"}},"clearTextFirst":true,"interactionType":"ENTER_TEXT"}]}
COMMAND: POST /session/ce8dff66696d2297726851cc3bfff466/element - {"using":"xpath","value":"//input[@id=\"application-managecontracts-display-component---AddNewContract--yardId-inner\"]"}
RESULT: {"using":"xpath","value":"//input[@id=\"application-managecontracts-display-component---AddNewContract--yardId-inner\"]"}
COMMAND: POST /session/ce8dff66696d2297726851cc3bfff466/element/f.AC9B00B9551530AD6C9D8CCA9F7D3F7B.d.4152A1A2D915CC6929F081E50E7906D4.e.2717/clear - {}
RESULT: {}
COMMAND: POST /session/ce8dff66696d2297726851cc3bfff466/element/f.AC9B00B9551530AD6C9D8CCA9F7D3F7B.d.4152A1A2D915CC6929F081E50E7906D4.e.2717/value - {"text":"webdriveryard"}
COMMAND: GET /session/ce8dff66696d2297726851cc3bfff466/screenshot - {}
RESULT: {"text":"webdriveryard"}
COMMAND: GET /session/ce8dff66696d2297726851cc3bfff466/screenshot - {}
RESULT: {}
RESULT: {}
COMMAND: POST /session/ce8dff66696d2297726851cc3bfff466/actions - {"actions":[{"id":"action19","type":"key","parameters":{},"actions":[{"type":"keyDown","value":""},{"type":"pause","duration":10},{"type":"keyUp","value":""}]}]}
RESULT: {"actions":[{"id":"action19","type":"key","parameters":{},"actions":[{"type":"keyDown","value":""},{"type":"pause","duration":10},{"type":"keyUp","value":""}]}]}
COMMAND: GET /session/ce8dff66696d2297726851cc3bfff466/screenshot - {}
RESULT: {}
COMMAND: POST /session/ce8dff66696d2297726851cc3bfff466/element - {"using":"xpath","value":"//input[@id=\"application-managecontracts-display-component---AddNewContract--customerSelect-inner\"]"}
RESULT: {"using":"xpath","value":"//input[@id=\"application-managecontracts-display-component---AddNewContract--customerSelect-inner\"]"}
COMMAND: POST /session/ce8dff66696d2297726851cc3bfff466/element/f.AC9B00B9551530AD6C9D8CCA9F7D3F7B.d.4152A1A2D915CC6929F081E50E7906D4.e.2715/clear - {}
RESULT: {}
COMMAND: POST /session/ce8dff66696d2297726851cc3bfff466/element/f.AC9B00B9551530AD6C9D8CCA9F7D3F7B.d.4152A1A2D915CC6929F081E50E7906D4.e.2715/value - {"text":"webdriverpartner"}
COMMAND: GET /session/ce8dff66696d2297726851cc3bfff466/screenshot - {}
RESULT: {"text":"webdriverpartner"}
COMMAND: GET /session/ce8dff66696d2297726851cc3bfff466/screenshot - {}
RESULT: {}
RESULT: {}
COMMAND: POST /session/ce8dff66696d2297726851cc3bfff466/actions - {"actions":[{"id":"action20","type":"key","parameters":{},"actions":[{"type":"keyDown","value":""},{"type":"pause","duration":10},{"type":"keyUp","value":""}]}]}
RESULT: {"actions":[{"id":"action20","type":"key","parameters":{},"actions":[{"type":"keyDown","value":""},{"type":"pause","duration":10},{"type":"keyUp","value":""}]}]}
COMMAND: GET /session/ce8dff66696d2297726851cc3bfff466/screenshot - {}
RESULT: {}
COMMAND: POST /session/ce8dff66696d2297726851cc3bfff466/element - {"using":"xpath","value":"//input[@id=\"application-managecontracts-display-component---AddNewContract--site-inner\"]"}
RESULT: {"using":"xpath","value":"//input[@id=\"application-managecontracts-display-component---AddNewContract--site-inner\"]"}
COMMAND: POST /session/ce8dff66696d2297726851cc3bfff466/element/f.AC9B00B9551530AD6C9D8CCA9F7D3F7B.d.4152A1A2D915CC6929F081E50E7906D4.e.2716/clear - {}
RESULT: {}
COMMAND: POST /session/ce8dff66696d2297726851cc3bfff466/element/f.AC9B00B9551530AD6C9D8CCA9F7D3F7B.d.4152A1A2D915CC6929F081E50E7906D4.e.2716/value - {"text":"Webdriversite"}
COMMAND: GET /session/ce8dff66696d2297726851cc3bfff466/screenshot - {}
RESULT: {"text":"Webdriversite"}
COMMAND: GET /session/ce8dff66696d2297726851cc3bfff466/screenshot - {}
RESULT: {}
RESULT: {}
COMMAND: POST /session/ce8dff66696d2297726851cc3bfff466/actions - {"actions":[{"id":"action21","type":"key","parameters":{},"actions":[{"type":"keyDown","value":""},{"type":"pause","duration":10},{"type":"keyUp","value":""}]}]}
RESULT: {"actions":[{"id":"action21","type":"key","parameters":{},"actions":[{"type":"keyDown","value":""},{"type":"pause","duration":10},{"type":"keyUp","value":""}]}]}
COMMAND: GET /session/ce8dff66696d2297726851cc3bfff466/screenshot - {}
RESULT: {}
COMMAND: POST /session/ce8dff66696d2297726851cc3bfff466/element - {"using":"xpath","value":"//button[@data-kt=\"saveButton\"]"}
RESULT: {"using":"xpath","value":"//button[@data-kt=\"saveButton\"]"}
COMMAND: POST /session/ce8dff66696d2297726851cc3bfff466/element/f.AC9B00B9551530AD6C9D8CCA9F7D3F7B.d.4152A1A2D915CC6929F081E50E7906D4.e.2793/click - {}
RESULT: {}
COMMAND: GET /session/ce8dff66696d2297726851cc3bfff466/screenshot - {}
RESULT: {}
COMMAND: POST /session/ce8dff66696d2297726851cc3bfff466/execute/async - {"script":"<script> [1562 bytes]","args":[{"selector":{"id":"contractDetailTitleNoExpanded","viewName":"etm.portal.ui.managecontracts.view.Detail"},"wdio_ui5_key":"contractDetailTitleNoExpandedetmportal.ui.managecontracts.view.Detail"}]}
RESULT: {"script":"<script> [1562 bytes]","args":[{"selector":{"id":"contractDetailTitleNoExpanded","viewName":"etm.portal.ui.managecontracts.view.Detail"},"wdio_ui5_key":"contractDetailTitleNoExpandedetmportal.ui.managecontracts.view.Detail"}]}
RESULT: undefined
COMMAND: POST /session/ce8dff66696d2297726851cc3bfff466/execute/async - {"script":"<script> [6424 bytes]","args":[{"element-6066-11e4-a52e-4f735466cecf":"f.AC9B00B9551530AD6C9D8CCA9F7D3F7B.d.4152A1A2D915CC6929F081E50E7906D4.e.2817"},"getText",[]]}
RESULT: {"script":"<script> [6424 bytes]","args":[{"element-6066-11e4-a52e-4f735466cecf":"f.AC9B00B9551530AD6C9D8CCA9F7D3F7B.d.4152A1A2D915CC6929F081E50E7906D4.e.2817"},"getText",[]]}
COMMAND: POST /session/ce8dff66696d2297726851cc3bfff466/element - {"using":"css selector","value":"#shell-header-logo"}
RESULT: {"using":"css selector","value":"#shell-header-logo"}
COMMAND: POST /session/ce8dff66696d2297726851cc3bfff466/element/f.AC9B00B9551530AD6C9D8CCA9F7D3F7B.d.4152A1A2D915CC6929F081E50E7906D4.e.2401/click - {}
RESULT: {}
COMMAND: GET /session/ce8dff66696d2297726851cc3bfff466/screenshot - {}
RESULT: {}
]]></system-out>
    </testcase>
    <testcase classname="chrome.137_0_7151_69.windows.Verify_RU_inventory_split_cost_information_US139363" name="Should create a new equipment" time="134.968">
      <system-out><![CDATA[
COMMAND: POST /session/ce8dff66696d2297726851cc3bfff466/execute/async - {"script":"<script> [1562 bytes]","args":[{"selector":{"controlType":"sap.m.GenericTile","properties":{"header":"Manage Resources"}},"wdio_ui5_key":"sapm.GenericTile{\"header\":\"Manage Resources\"}"}]}
RESULT: {"script":"<script> [1562 bytes]","args":[{"selector":{"controlType":"sap.m.GenericTile","properties":{"header":"Manage Resources"}},"wdio_ui5_key":"sapm.GenericTile{\"header\":\"Manage Resources\"}"}]}
RESULT: undefined
COMMAND: POST /session/ce8dff66696d2297726851cc3bfff466/element - {"using":"xpath","value":"//*[@id=\"__tile40\"]"}
RESULT: {"using":"xpath","value":"//*[@id=\"__tile40\"]"}
COMMAND: POST /session/ce8dff66696d2297726851cc3bfff466/element/f.AC9B00B9551530AD6C9D8CCA9F7D3F7B.d.4152A1A2D915CC6929F081E50E7906D4.e.2820/click - {}
RESULT: {}
COMMAND: GET /session/ce8dff66696d2297726851cc3bfff466/screenshot - {}
RESULT: {}
COMMAND: POST /session/ce8dff66696d2297726851cc3bfff466/elements - {"using":"xpath","value":"//span[text()='Error']"}
RESULT: {"using":"xpath","value":"//span[text()='Error']"}
COMMAND: POST /session/ce8dff66696d2297726851cc3bfff466/element - {"using":"xpath","value":"//button[@data-kt=\"addNewRUOverflowToolbarButton\"]"}
RESULT: {"using":"xpath","value":"//button[@data-kt=\"addNewRUOverflowToolbarButton\"]"}
COMMAND: POST /session/ce8dff66696d2297726851cc3bfff466/execute/sync - {"script":"<script> [8489 bytes]","args":[{"element-6066-11e4-a52e-4f735466cecf":"f.AC9B00B9551530AD6C9D8CCA9F7D3F7B.d.4152A1A2D915CC6929F081E50E7906D4.e.2862","ELEMENT":"f.AC9B00B9551530AD6C9D8CCA9F7D3F7B.d.4152A1A2D915CC6929F081E50E7906D4.e.2862"}]}
RESULT: {"script":"<script> [8489 bytes]","args":[{"element-6066-11e4-a52e-4f735466cecf":"f.AC9B00B9551530AD6C9D8CCA9F7D3F7B.d.4152A1A2D915CC6929F081E50E7906D4.e.2862","ELEMENT":"f.AC9B00B9551530AD6C9D8CCA9F7D3F7B.d.4152A1A2D915CC6929F081E50E7906D4.e.2862"}]}
COMMAND: POST /session/ce8dff66696d2297726851cc3bfff466/element/f.AC9B00B9551530AD6C9D8CCA9F7D3F7B.d.4152A1A2D915CC6929F081E50E7906D4.e.2862/click - {}
COMMAND: GET /session/ce8dff66696d2297726851cc3bfff466/screenshot - {}
RESULT: {}
COMMAND: GET /session/ce8dff66696d2297726851cc3bfff466/screenshot - {}
RESULT: {}
RESULT: {}
COMMAND: POST /session/ce8dff66696d2297726851cc3bfff466/execute/async - {"script":"<script> [1562 bytes]","args":[{"selector":{"id":"application-manageresources-display-component---newResourceUnit--TYPE-arrow"},"wdio_ui5_key":"applicationmanageresources-display-component---newResourceUnit--TYPE-arrow"}]}
RESULT: {"script":"<script> [1562 bytes]","args":[{"selector":{"id":"application-manageresources-display-component---newResourceUnit--TYPE-arrow"},"wdio_ui5_key":"applicationmanageresources-display-component---newResourceUnit--TYPE-arrow"}]}
RESULT: undefined
COMMAND: POST /session/ce8dff66696d2297726851cc3bfff466/element - {"using":"xpath","value":"//*[@id=\"application-manageresources-display-component---newResourceUnit--TYPE-arrow\"]"}
RESULT: {"using":"xpath","value":"//*[@id=\"application-manageresources-display-component---newResourceUnit--TYPE-arrow\"]"}
COMMAND: POST /session/ce8dff66696d2297726851cc3bfff466/element/f.AC9B00B9551530AD6C9D8CCA9F7D3F7B.d.4152A1A2D915CC6929F081E50E7906D4.e.3176/click - {}
RESULT: {}
COMMAND: POST /session/ce8dff66696d2297726851cc3bfff466/execute/async - {"script":"<script> [1562 bytes]","args":[{"selector":{"controlType":"sap.m.StandardListItem","viewName":"reusables.view.manageresources.NewResourceUnit","viewId":"application-manageresources-display-component---newResourceUnit","properties":{"title":"Equipment"},"searchOpenDialogs":true,"interaction":{"idSuffix":"content"}},"wdio_ui5_key":"reusablesview.manageresources.NewResourceUnitsap.m.StandardListItem{\"title\":\"Equipment\"}"}]}
COMMAND: GET /session/ce8dff66696d2297726851cc3bfff466/screenshot - {}
RESULT: {"script":"<script> [1562 bytes]","args":[{"selector":{"controlType":"sap.m.StandardListItem","viewName":"reusables.view.manageresources.NewResourceUnit","viewId":"application-manageresources-display-component---newResourceUnit","properties":{"title":"Equipment"},"searchOpenDialogs":true,"interaction":{"idSuffix":"content"}},"wdio_ui5_key":"reusablesview.manageresources.NewResourceUnitsap.m.StandardListItem{\"title\":\"Equipment\"}"}]}
RESULT: undefined
COMMAND: POST /session/ce8dff66696d2297726851cc3bfff466/element - {"using":"xpath","value":"//*[@id=\"__item844\"]"}
RESULT: {}
RESULT: {"using":"xpath","value":"//*[@id=\"__item844\"]"}
COMMAND: POST /session/ce8dff66696d2297726851cc3bfff466/element/f.AC9B00B9551530AD6C9D8CCA9F7D3F7B.d.4152A1A2D915CC6929F081E50E7906D4.e.3179/click - {}
RESULT: {}
COMMAND: POST /session/ce8dff66696d2297726851cc3bfff466/execute/async - {"script":"<script> [1562 bytes]","args":[{"selector":{"id":"application-manageresources-display-component---newResourceUnit--resourceId","interaction":{"idSuffix":"inner"}},"wdio_ui5_key":"applicationmanageresources-display-component---newResourceUnit--resourceId"}]}
COMMAND: GET /session/ce8dff66696d2297726851cc3bfff466/screenshot - {}
RESULT: {"script":"<script> [1562 bytes]","args":[{"selector":{"id":"application-manageresources-display-component---newResourceUnit--resourceId","interaction":{"idSuffix":"inner"}},"wdio_ui5_key":"applicationmanageresources-display-component---newResourceUnit--resourceId"}]}
RESULT: undefined
COMMAND: POST /session/ce8dff66696d2297726851cc3bfff466/execute/async - {"script":"<script> [776 bytes]","args":[{"enterText":"WdIOTestEquipbngj3","selector":{"id":"application-manageresources-display-component---newResourceUnit--resourceId","interaction":{"idSuffix":"inner"}},"clearTextFirst":true,"interactionType":"ENTER_TEXT"}]}
RESULT: {}
RESULT: {"script":"<script> [776 bytes]","args":[{"enterText":"WdIOTestEquipbngj3","selector":{"id":"application-manageresources-display-component---newResourceUnit--resourceId","interaction":{"idSuffix":"inner"}},"clearTextFirst":true,"interactionType":"ENTER_TEXT"}]}
COMMAND: POST /session/ce8dff66696d2297726851cc3bfff466/execute/async - {"script":"<script> [1562 bytes]","args":[{"selector":{"id":"application-manageresources-display-component---newResourceUnit--SHORT_TEXT","interaction":{"idSuffix":"inner"}},"wdio_ui5_key":"applicationmanageresources-display-component---newResourceUnit--SHORT_TEXT"}]}
RESULT: {"script":"<script> [1562 bytes]","args":[{"selector":{"id":"application-manageresources-display-component---newResourceUnit--SHORT_TEXT","interaction":{"idSuffix":"inner"}},"wdio_ui5_key":"applicationmanageresources-display-component---newResourceUnit--SHORT_TEXT"}]}
RESULT: undefined
COMMAND: POST /session/ce8dff66696d2297726851cc3bfff466/execute/async - {"script":"<script> [776 bytes]","args":[{"enterText":"WdIOTestEquipbngj3","selector":{"id":"application-manageresources-display-component---newResourceUnit--SHORT_TEXT","interaction":{"idSuffix":"inner"}},"clearTextFirst":true,"interactionType":"ENTER_TEXT"}]}
RESULT: {"script":"<script> [776 bytes]","args":[{"enterText":"WdIOTestEquipbngj3","selector":{"id":"application-manageresources-display-component---newResourceUnit--SHORT_TEXT","interaction":{"idSuffix":"inner"}},"clearTextFirst":true,"interactionType":"ENTER_TEXT"}]}
COMMAND: POST /session/ce8dff66696d2297726851cc3bfff466/execute/async - {"script":"<script> [1562 bytes]","args":[{"selector":{"id":"application-manageresources-display-component---newResourceUnit--BASE_UNIT_OF_MEASURE","interaction":{"idSuffix":"inner"}},"wdio_ui5_key":"applicationmanageresources-display-component---newResourceUnit--BASE_UNIT_OF_MEASURE"}]}
RESULT: {"script":"<script> [1562 bytes]","args":[{"selector":{"id":"application-manageresources-display-component---newResourceUnit--BASE_UNIT_OF_MEASURE","interaction":{"idSuffix":"inner"}},"wdio_ui5_key":"applicationmanageresources-display-component---newResourceUnit--BASE_UNIT_OF_MEASURE"}]}
RESULT: undefined
COMMAND: POST /session/ce8dff66696d2297726851cc3bfff466/execute/async - {"script":"<script> [776 bytes]","args":[{"enterText":"Piece","selector":{"id":"application-manageresources-display-component---newResourceUnit--BASE_UNIT_OF_MEASURE","interaction":{"idSuffix":"inner"}},"clearTextFirst":true,"interactionType":"ENTER_TEXT"}]}
RESULT: {"script":"<script> [776 bytes]","args":[{"enterText":"Piece","selector":{"id":"application-manageresources-display-component---newResourceUnit--BASE_UNIT_OF_MEASURE","interaction":{"idSuffix":"inner"}},"clearTextFirst":true,"interactionType":"ENTER_TEXT"}]}
COMMAND: POST /session/ce8dff66696d2297726851cc3bfff466/execute/async - {"script":"<script> [1562 bytes]","args":[{"selector":{"id":"application-manageresources-display-component---newResourceUnit--WEIGHT_UNIT","interaction":{"idSuffix":"inner"}},"wdio_ui5_key":"applicationmanageresources-display-component---newResourceUnit--WEIGHT_UNIT"}]}
RESULT: {"script":"<script> [1562 bytes]","args":[{"selector":{"id":"application-manageresources-display-component---newResourceUnit--WEIGHT_UNIT","interaction":{"idSuffix":"inner"}},"wdio_ui5_key":"applicationmanageresources-display-component---newResourceUnit--WEIGHT_UNIT"}]}
RESULT: undefined
COMMAND: POST /session/ce8dff66696d2297726851cc3bfff466/execute/async - {"script":"<script> [776 bytes]","args":[{"enterText":"Gram","selector":{"id":"application-manageresources-display-component---newResourceUnit--WEIGHT_UNIT","interaction":{"idSuffix":"inner"}},"clearTextFirst":true,"interactionType":"ENTER_TEXT"}]}
RESULT: {"script":"<script> [776 bytes]","args":[{"enterText":"Gram","selector":{"id":"application-manageresources-display-component---newResourceUnit--WEIGHT_UNIT","interaction":{"idSuffix":"inner"}},"clearTextFirst":true,"interactionType":"ENTER_TEXT"}]}
COMMAND: POST /session/ce8dff66696d2297726851cc3bfff466/execute/async - {"script":"<script> [1562 bytes]","args":[{"selector":{"id":"application-manageresources-display-component---newResourceUnit--newRRUPage-OPHeaderContent-collapseBtn-img"},"wdio_ui5_key":"applicationmanageresources-display-component---newResourceUnit--newRRUPage-OPHeaderContent-collapseBtn-img"}]}
RESULT: {"script":"<script> [1562 bytes]","args":[{"selector":{"id":"application-manageresources-display-component---newResourceUnit--newRRUPage-OPHeaderContent-collapseBtn-img"},"wdio_ui5_key":"applicationmanageresources-display-component---newResourceUnit--newRRUPage-OPHeaderContent-collapseBtn-img"}]}
RESULT: undefined
COMMAND: POST /session/ce8dff66696d2297726851cc3bfff466/element - {"using":"xpath","value":"//*[@id=\"application-manageresources-display-component---newResourceUnit--newRRUPage-OPHeaderContent-collapseBtn-img\"]"}
RESULT: {"using":"xpath","value":"//*[@id=\"application-manageresources-display-component---newResourceUnit--newRRUPage-OPHeaderContent-collapseBtn-img\"]"}
COMMAND: POST /session/ce8dff66696d2297726851cc3bfff466/element/f.AC9B00B9551530AD6C9D8CCA9F7D3F7B.d.4152A1A2D915CC6929F081E50E7906D4.e.3187/click - {}
RESULT: {}
COMMAND: GET /session/ce8dff66696d2297726851cc3bfff466/screenshot - {}
RESULT: {}
COMMAND: POST /session/ce8dff66696d2297726851cc3bfff466/element - {"using":"xpath","value":"(//span[contains(@id ,\"application-manageresources-display-component---newResourceUnit--DIMENSION_UNIT-arrow\")])[1]"}
RESULT: {"using":"xpath","value":"(//span[contains(@id ,\"application-manageresources-display-component---newResourceUnit--DIMENSION_UNIT-arrow\")])[1]"}
COMMAND: POST /session/ce8dff66696d2297726851cc3bfff466/element/f.AC9B00B9551530AD6C9D8CCA9F7D3F7B.d.4152A1A2D915CC6929F081E50E7906D4.e.3335/click - {}
RESULT: {}
COMMAND: GET /session/ce8dff66696d2297726851cc3bfff466/screenshot - {}
RESULT: {}
COMMAND: POST /session/ce8dff66696d2297726851cc3bfff466/execute/async - {"script":"<script> [1562 bytes]","args":[{"selector":{"controlType":"sap.m.StandardListItem","viewName":"reusables.view.manageresources.NewResourceUnit","viewId":"application-manageresources-display-component---newResourceUnit","properties":{"title":"Centimeter"},"searchOpenDialogs":true,"interaction":{"idSuffix":"titleText"}},"wdio_ui5_key":"reusablesview.manageresources.NewResourceUnitsap.m.StandardListItem{\"title\":\"Centimeter\"}"}]}
RESULT: {"script":"<script> [1562 bytes]","args":[{"selector":{"controlType":"sap.m.StandardListItem","viewName":"reusables.view.manageresources.NewResourceUnit","viewId":"application-manageresources-display-component---newResourceUnit","properties":{"title":"Centimeter"},"searchOpenDialogs":true,"interaction":{"idSuffix":"titleText"}},"wdio_ui5_key":"reusablesview.manageresources.NewResourceUnitsap.m.StandardListItem{\"title\":\"Centimeter\"}"}]}
RESULT: undefined
COMMAND: POST /session/ce8dff66696d2297726851cc3bfff466/element - {"using":"xpath","value":"//*[@id=\"__item902\"]"}
RESULT: {"using":"xpath","value":"//*[@id=\"__item902\"]"}
COMMAND: POST /session/ce8dff66696d2297726851cc3bfff466/element/f.AC9B00B9551530AD6C9D8CCA9F7D3F7B.d.4152A1A2D915CC6929F081E50E7906D4.e.3339/click - {}
RESULT: {}
COMMAND: GET /session/ce8dff66696d2297726851cc3bfff466/screenshot - {}
RESULT: {}
COMMAND: POST /session/ce8dff66696d2297726851cc3bfff466/execute/async - {"script":"<script> [1562 bytes]","args":[{"selector":{"id":"application-manageresources-display-component---newResourceUnit--newRRUPage-anchBar-application-manageresources-display-component---newResourceUnit--control-anchor","interaction":{"idSuffix":"BDI-content"}},"wdio_ui5_key":"applicationmanageresources-display-component---newResourceUnit--newRRUPage-anchBar-application-manageresources-display-component---newResourceUnit--control-anchor"}]}
RESULT: {"script":"<script> [1562 bytes]","args":[{"selector":{"id":"application-manageresources-display-component---newResourceUnit--newRRUPage-anchBar-application-manageresources-display-component---newResourceUnit--control-anchor","interaction":{"idSuffix":"BDI-content"}},"wdio_ui5_key":"applicationmanageresources-display-component---newResourceUnit--newRRUPage-anchBar-application-manageresources-display-component---newResourceUnit--control-anchor"}]}
RESULT: undefined
COMMAND: POST /session/ce8dff66696d2297726851cc3bfff466/element - {"using":"xpath","value":"//*[@id=\"application-manageresources-display-component---newResourceUnit--newRRUPage-anchBar-application-manageresources-display-component---newResourceUnit--control-anchor\"]"}
RESULT: {"using":"xpath","value":"//*[@id=\"application-manageresources-display-component---newResourceUnit--newRRUPage-anchBar-application-manageresources-display-component---newResourceUnit--control-anchor\"]"}
COMMAND: POST /session/ce8dff66696d2297726851cc3bfff466/element/f.AC9B00B9551530AD6C9D8CCA9F7D3F7B.d.4152A1A2D915CC6929F081E50E7906D4.e.3341/click - {}
RESULT: {}
COMMAND: POST /session/ce8dff66696d2297726851cc3bfff466/execute/async - {"script":"<script> [1562 bytes]","args":[{"selector":{"id":"application-manageresources-display-component---newResourceUnit--PLANNING_GROUP","interaction":{"idSuffix":"inner"}},"wdio_ui5_key":"applicationmanageresources-display-component---newResourceUnit--PLANNING_GROUP"}]}
COMMAND: GET /session/ce8dff66696d2297726851cc3bfff466/screenshot - {}
RESULT: {"script":"<script> [1562 bytes]","args":[{"selector":{"id":"application-manageresources-display-component---newResourceUnit--PLANNING_GROUP","interaction":{"idSuffix":"inner"}},"wdio_ui5_key":"applicationmanageresources-display-component---newResourceUnit--PLANNING_GROUP"}]}
RESULT: undefined
COMMAND: POST /session/ce8dff66696d2297726851cc3bfff466/execute/async - {"script":"<script> [776 bytes]","args":[{"enterText":"Heavy Equi","selector":{"id":"application-manageresources-display-component---newResourceUnit--PLANNING_GROUP","interaction":{"idSuffix":"inner"}},"clearTextFirst":true,"interactionType":"ENTER_TEXT"}]}
RESULT: {}
RESULT: {"script":"<script> [776 bytes]","args":[{"enterText":"Heavy Equi","selector":{"id":"application-manageresources-display-component---newResourceUnit--PLANNING_GROUP","interaction":{"idSuffix":"inner"}},"clearTextFirst":true,"interactionType":"ENTER_TEXT"}]}
COMMAND: POST /session/ce8dff66696d2297726851cc3bfff466/execute/async - {"script":"<script> [1562 bytes]","args":[{"selector":{"id":"application-manageresources-display-component---newResourceUnit--ITEM_TYPE-arrow"},"wdio_ui5_key":"applicationmanageresources-display-component---newResourceUnit--ITEM_TYPE-arrow"}]}
RESULT: {"script":"<script> [1562 bytes]","args":[{"selector":{"id":"application-manageresources-display-component---newResourceUnit--ITEM_TYPE-arrow"},"wdio_ui5_key":"applicationmanageresources-display-component---newResourceUnit--ITEM_TYPE-arrow"}]}
RESULT: undefined
COMMAND: POST /session/ce8dff66696d2297726851cc3bfff466/element - {"using":"xpath","value":"//*[@id=\"application-manageresources-display-component---newResourceUnit--ITEM_TYPE-arrow\"]"}
RESULT: {"using":"xpath","value":"//*[@id=\"application-manageresources-display-component---newResourceUnit--ITEM_TYPE-arrow\"]"}
COMMAND: POST /session/ce8dff66696d2297726851cc3bfff466/element/f.AC9B00B9551530AD6C9D8CCA9F7D3F7B.d.4152A1A2D915CC6929F081E50E7906D4.e.3348/click - {}
RESULT: {}
COMMAND: POST /session/ce8dff66696d2297726851cc3bfff466/execute/async - {"script":"<script> [1562 bytes]","args":[{"selector":{"controlType":"sap.m.StandardListItem","viewName":"reusables.view.manageresources.NewResourceUnit","viewId":"application-manageresources-display-component---newResourceUnit","properties":{"title":"Resource Unit"},"searchOpenDialogs":true,"interaction":{"idSuffix":"titleText"}},"wdio_ui5_key":"reusablesview.manageresources.NewResourceUnitsap.m.StandardListItem{\"title\":\"Resource Unit\"}"}]}
COMMAND: GET /session/ce8dff66696d2297726851cc3bfff466/screenshot - {}
RESULT: {"script":"<script> [1562 bytes]","args":[{"selector":{"controlType":"sap.m.StandardListItem","viewName":"reusables.view.manageresources.NewResourceUnit","viewId":"application-manageresources-display-component---newResourceUnit","properties":{"title":"Resource Unit"},"searchOpenDialogs":true,"interaction":{"idSuffix":"titleText"}},"wdio_ui5_key":"reusablesview.manageresources.NewResourceUnitsap.m.StandardListItem{\"title\":\"Resource Unit\"}"}]}
RESULT: undefined
COMMAND: POST /session/ce8dff66696d2297726851cc3bfff466/element - {"using":"xpath","value":"//*[@id=\"__item924\"]"}
RESULT: {}
RESULT: {"using":"xpath","value":"//*[@id=\"__item924\"]"}
COMMAND: POST /session/ce8dff66696d2297726851cc3bfff466/element/f.AC9B00B9551530AD6C9D8CCA9F7D3F7B.d.4152A1A2D915CC6929F081E50E7906D4.e.3350/click - {}
RESULT: {}
COMMAND: POST /session/ce8dff66696d2297726851cc3bfff466/element - {"using":"xpath","value":"//bdi[contains(text(), \"Time Segment\")]"}
COMMAND: GET /session/ce8dff66696d2297726851cc3bfff466/screenshot - {}
RESULT: {"using":"xpath","value":"//bdi[contains(text(), \"Time Segment\")]"}
COMMAND: GET /session/ce8dff66696d2297726851cc3bfff466/element/f.AC9B00B9551530AD6C9D8CCA9F7D3F7B.d.4152A1A2D915CC6929F081E50E7906D4.e.3358/rect - {}
RESULT: {}
RESULT: {}
COMMAND: GET /session/ce8dff66696d2297726851cc3bfff466/window/rect - {}
RESULT: {}
COMMAND: POST /session/ce8dff66696d2297726851cc3bfff466/execute/sync - {"script":"<script> [92 bytes]","args":[]}
RESULT: {"script":"<script> [92 bytes]","args":[]}
COMMAND: POST /session/ce8dff66696d2297726851cc3bfff466/actions - {"actions":[{"id":"action22","type":"wheel","parameters":{},"actions":[{"type":"scroll","x":-1820,"y":-21,"deltaX":0,"deltaY":0,"duration":0,"origin":{"element-6066-11e4-a52e-4f735466cecf":"f.AC9B00B9551530AD6C9D8CCA9F7D3F7B.d.4152A1A2D915CC6929F081E50E7906D4.e.3358"}}]}]}
COMMAND: GET /session/ce8dff66696d2297726851cc3bfff466/screenshot - {}
RESULT: {}
COMMAND: POST /session/ce8dff66696d2297726851cc3bfff466/execute/sync - {"script":"<script> [79 bytes]","args":[{"element-6066-11e4-a52e-4f735466cecf":"f.AC9B00B9551530AD6C9D8CCA9F7D3F7B.d.4152A1A2D915CC6929F081E50E7906D4.e.3358","ELEMENT":"f.AC9B00B9551530AD6C9D8CCA9F7D3F7B.d.4152A1A2D915CC6929F081E50E7906D4.e.3358"},{"block":"start","inline":"nearest"}]}
RESULT: {"script":"<script> [79 bytes]","args":[{"element-6066-11e4-a52e-4f735466cecf":"f.AC9B00B9551530AD6C9D8CCA9F7D3F7B.d.4152A1A2D915CC6929F081E50E7906D4.e.3358","ELEMENT":"f.AC9B00B9551530AD6C9D8CCA9F7D3F7B.d.4152A1A2D915CC6929F081E50E7906D4.e.3358"},{"block":"start","inline":"nearest"}]}
COMMAND: POST /session/ce8dff66696d2297726851cc3bfff466/execute/async - {"script":"<script> [1562 bytes]","args":[{"selector":{"id":"application-manageresources-display-component---newResourceUnit--btnAddTimeSegment-img"},"wdio_ui5_key":"applicationmanageresources-display-component---newResourceUnit--btnAddTimeSegment-img"}]}
COMMAND: GET /session/ce8dff66696d2297726851cc3bfff466/screenshot - {}
RESULT: {"script":"<script> [1562 bytes]","args":[{"selector":{"id":"application-manageresources-display-component---newResourceUnit--btnAddTimeSegment-img"},"wdio_ui5_key":"applicationmanageresources-display-component---newResourceUnit--btnAddTimeSegment-img"}]}
RESULT: undefined
COMMAND: POST /session/ce8dff66696d2297726851cc3bfff466/element - {"using":"xpath","value":"//*[@id=\"application-manageresources-display-component---newResourceUnit--btnAddTimeSegment-img\"]"}
RESULT: {}
RESULT: {"using":"xpath","value":"//*[@id=\"application-manageresources-display-component---newResourceUnit--btnAddTimeSegment-img\"]"}
COMMAND: POST /session/ce8dff66696d2297726851cc3bfff466/element/f.AC9B00B9551530AD6C9D8CCA9F7D3F7B.d.4152A1A2D915CC6929F081E50E7906D4.e.3359/click - {}
RESULT: {}
COMMAND: GET /session/ce8dff66696d2297726851cc3bfff466/screenshot - {}
RESULT: {}
COMMAND: POST /session/ce8dff66696d2297726851cc3bfff466/element - {"using":"xpath","value":"//input[@id=\"application-manageresources-display-component---newResourceUnit--idRuTSAdmin-application-manageresources-display-component---newResourceUnit--RUTimeSegment-0-inner\"]"}
RESULT: {"using":"xpath","value":"//input[@id=\"application-manageresources-display-component---newResourceUnit--idRuTSAdmin-application-manageresources-display-component---newResourceUnit--RUTimeSegment-0-inner\"]"}
COMMAND: POST /session/ce8dff66696d2297726851cc3bfff466/element/f.AC9B00B9551530AD6C9D8CCA9F7D3F7B.d.4152A1A2D915CC6929F081E50E7906D4.e.3365/clear - {}
RESULT: {}
COMMAND: POST /session/ce8dff66696d2297726851cc3bfff466/element/f.AC9B00B9551530AD6C9D8CCA9F7D3F7B.d.4152A1A2D915CC6929F081E50E7906D4.e.3365/value - {"text":"webdriveryard"}
COMMAND: GET /session/ce8dff66696d2297726851cc3bfff466/screenshot - {}
RESULT: {"text":"webdriveryard"}
COMMAND: GET /session/ce8dff66696d2297726851cc3bfff466/screenshot - {}
RESULT: {}
RESULT: {}
COMMAND: POST /session/ce8dff66696d2297726851cc3bfff466/actions - {"actions":[{"id":"action23","type":"key","parameters":{},"actions":[{"type":"keyDown","value":""},{"type":"pause","duration":10},{"type":"keyUp","value":""}]}]}
RESULT: {"actions":[{"id":"action23","type":"key","parameters":{},"actions":[{"type":"keyDown","value":""},{"type":"pause","duration":10},{"type":"keyUp","value":""}]}]}
COMMAND: POST /session/ce8dff66696d2297726851cc3bfff466/execute/async - {"script":"<script> [1562 bytes]","args":[{"selector":{"controlType":"sap.ui.core.Icon","viewName":"reusables.view.manageresources.NewResourceUnit","viewId":"application-manageresources-display-component---newResourceUnit","properties":{"src":{"regex":{"source":"slim\\-arrow\\-down"}}},"ancestor":{"controlType":"sap.m.ComboBox","viewName":"reusables.view.manageresources.NewResourceUnit","viewId":"application-manageresources-display-component---newResourceUnit","bindingPath":{"path":"/RESOURCE_UNIT_TIME_SEQUENCES/0","propertyPath":"COST_OBJECT_ADMIN_CST_TYPE","modelName":"oNewRruModel"}}},"wdio_ui5_key":"reusablesview.manageresources.NewResourceUnitsap.ui.core.Icon{\"src\":{\"regex\":{\"source\":\"slim\\\\-arrow\\\\-down\"}}}{\"controlType\":\"sap.m.ComboBox\",\"viewName\":\"reusables.view.manageresources.NewResourceUnit\",\"viewId\":\"application-manageresources-display-component---newResourceUnit\",\"bindingPath\":{\"path\":\"/RESOURCE_UNIT_TIME_SEQUENCES/0\",\"propertyPath\":\"COST_OBJECT_ADMIN_CST_TYPE\",\"modelName\":\"oNewRruModel\"}}"}]}
COMMAND: GET /session/ce8dff66696d2297726851cc3bfff466/screenshot - {}
RESULT: {"script":"<script> [1562 bytes]","args":[{"selector":{"controlType":"sap.ui.core.Icon","viewName":"reusables.view.manageresources.NewResourceUnit","viewId":"application-manageresources-display-component---newResourceUnit","properties":{"src":{"regex":{"source":"slim\\-arrow\\-down"}}},"ancestor":{"controlType":"sap.m.ComboBox","viewName":"reusables.view.manageresources.NewResourceUnit","viewId":"application-manageresources-display-component---newResourceUnit","bindingPath":{"path":"/RESOURCE_UNIT_TIME_SEQUENCES/0","propertyPath":"COST_OBJECT_ADMIN_CST_TYPE","modelName":"oNewRruModel"}}},"wdio_ui5_key":"reusablesview.manageresources.NewResourceUnitsap.ui.core.Icon{\"src\":{\"regex\":{\"source\":\"slim\\\\-arrow\\\\-down\"}}}{\"controlType\":\"sap.m.ComboBox\",\"viewName\":\"reusables.view.manageresources.NewResourceUnit\",\"viewId\":\"application-manageresources-display-component---newResourceUnit\",\"bindingPath\":{\"path\":\"/RESOURCE_UNIT_TIME_SEQUENCES/0\",\"propertyPath\":\"COST_OBJECT_ADMIN_CST_TYPE\",\"modelName\":\"oNewRruModel\"}}"}]}
RESULT: undefined
COMMAND: POST /session/ce8dff66696d2297726851cc3bfff466/element - {"using":"xpath","value":"//*[@id=\"__box16-application-manageresources-display-component---newResourceUnit--RUTimeSegment-0-arrow\"]"}
RESULT: {}
RESULT: {"using":"xpath","value":"//*[@id=\"__box16-application-manageresources-display-component---newResourceUnit--RUTimeSegment-0-arrow\"]"}
COMMAND: POST /session/ce8dff66696d2297726851cc3bfff466/element/f.AC9B00B9551530AD6C9D8CCA9F7D3F7B.d.4152A1A2D915CC6929F081E50E7906D4.e.3379/click - {}
RESULT: {}
COMMAND: POST /session/ce8dff66696d2297726851cc3bfff466/execute/async - {"script":"<script> [1562 bytes]","args":[{"selector":{"controlType":"sap.m.StandardListItem","viewName":"reusables.view.manageresources.NewResourceUnit","viewId":"application-manageresources-display-component---newResourceUnit","properties":{"title":"PM Order"},"searchOpenDialogs":true,"interaction":{"idSuffix":"titleText"}},"wdio_ui5_key":"reusablesview.manageresources.NewResourceUnitsap.m.StandardListItem{\"title\":\"PM Order\"}"}]}
COMMAND: GET /session/ce8dff66696d2297726851cc3bfff466/screenshot - {}
RESULT: {"script":"<script> [1562 bytes]","args":[{"selector":{"controlType":"sap.m.StandardListItem","viewName":"reusables.view.manageresources.NewResourceUnit","viewId":"application-manageresources-display-component---newResourceUnit","properties":{"title":"PM Order"},"searchOpenDialogs":true,"interaction":{"idSuffix":"titleText"}},"wdio_ui5_key":"reusablesview.manageresources.NewResourceUnitsap.m.StandardListItem{\"title\":\"PM Order\"}"}]}
RESULT: undefined
COMMAND: POST /session/ce8dff66696d2297726851cc3bfff466/element - {"using":"xpath","value":"//*[@id=\"__item1105\"]"}
RESULT: {}
RESULT: {"using":"xpath","value":"//*[@id=\"__item1105\"]"}
COMMAND: POST /session/ce8dff66696d2297726851cc3bfff466/element/f.AC9B00B9551530AD6C9D8CCA9F7D3F7B.d.4152A1A2D915CC6929F081E50E7906D4.e.3383/click - {}
RESULT: {}
COMMAND: GET /session/ce8dff66696d2297726851cc3bfff466/screenshot - {}
RESULT: {}
COMMAND: POST /session/ce8dff66696d2297726851cc3bfff466/element - {"using":"xpath","value":"(//input[contains(@id ,\"-application-manageresources-display-component---newResourceUnit--RUTimeSegment-0-inner\")])[8]"}
RESULT: {"using":"xpath","value":"(//input[contains(@id ,\"-application-manageresources-display-component---newResourceUnit--RUTimeSegment-0-inner\")])[8]"}
COMMAND: POST /session/ce8dff66696d2297726851cc3bfff466/element/f.AC9B00B9551530AD6C9D8CCA9F7D3F7B.d.4152A1A2D915CC6929F081E50E7906D4.e.3386/clear - {}
RESULT: {}
COMMAND: POST /session/ce8dff66696d2297726851cc3bfff466/element/f.AC9B00B9551530AD6C9D8CCA9F7D3F7B.d.4152A1A2D915CC6929F081E50E7906D4.e.3386/value - {"text":"4000360"}
COMMAND: GET /session/ce8dff66696d2297726851cc3bfff466/screenshot - {}
RESULT: {"text":"4000360"}
COMMAND: GET /session/ce8dff66696d2297726851cc3bfff466/screenshot - {}
RESULT: {}
RESULT: {}
COMMAND: POST /session/ce8dff66696d2297726851cc3bfff466/actions - {"actions":[{"id":"action24","type":"key","parameters":{},"actions":[{"type":"keyDown","value":""},{"type":"pause","duration":10},{"type":"keyUp","value":""}]}]}
RESULT: {"actions":[{"id":"action24","type":"key","parameters":{},"actions":[{"type":"keyDown","value":""},{"type":"pause","duration":10},{"type":"keyUp","value":""}]}]}
COMMAND: GET /session/ce8dff66696d2297726851cc3bfff466/screenshot - {}
RESULT: {}
COMMAND: POST /session/ce8dff66696d2297726851cc3bfff466/element - {"using":"xpath","value":"//input[contains(@id ,\"application-manageresources-display-component---newResourceUnit--newTimeSegmentFromDatePicker-application-manageresources-display-component---newResourceUnit--RUTimeSegment-0-inner\")]"}
RESULT: {"using":"xpath","value":"//input[contains(@id ,\"application-manageresources-display-component---newResourceUnit--newTimeSegmentFromDatePicker-application-manageresources-display-component---newResourceUnit--RUTimeSegment-0-inner\")]"}
COMMAND: POST /session/ce8dff66696d2297726851cc3bfff466/element/f.AC9B00B9551530AD6C9D8CCA9F7D3F7B.d.4152A1A2D915CC6929F081E50E7906D4.e.3372/clear - {}
RESULT: {}
COMMAND: POST /session/ce8dff66696d2297726851cc3bfff466/element/f.AC9B00B9551530AD6C9D8CCA9F7D3F7B.d.4152A1A2D915CC6929F081E50E7906D4.e.3372/clear - {}
COMMAND: GET /session/ce8dff66696d2297726851cc3bfff466/screenshot - {}
RESULT: {}
COMMAND: POST /session/ce8dff66696d2297726851cc3bfff466/element/f.AC9B00B9551530AD6C9D8CCA9F7D3F7B.d.4152A1A2D915CC6929F081E50E7906D4.e.3372/value - {"text":"7/14/24"}
COMMAND: GET /session/ce8dff66696d2297726851cc3bfff466/screenshot - {}
RESULT: {}
RESULT: {"text":"7/14/24"}
COMMAND: POST /session/ce8dff66696d2297726851cc3bfff466/execute/async - {"script":"<script> [1562 bytes]","args":[{"selector":{"id":"application-manageresources-display-component---newResourceUnit--newRRUPage-anchBar-application-manageresources-display-component---newResourceUnit--resource-anchor","interaction":{"idSuffix":"BDI-content"}},"wdio_ui5_key":"applicationmanageresources-display-component---newResourceUnit--newRRUPage-anchBar-application-manageresources-display-component---newResourceUnit--resource-anchor"}]}
COMMAND: GET /session/ce8dff66696d2297726851cc3bfff466/screenshot - {}
RESULT: {}
RESULT: {"script":"<script> [1562 bytes]","args":[{"selector":{"id":"application-manageresources-display-component---newResourceUnit--newRRUPage-anchBar-application-manageresources-display-component---newResourceUnit--resource-anchor","interaction":{"idSuffix":"BDI-content"}},"wdio_ui5_key":"applicationmanageresources-display-component---newResourceUnit--newRRUPage-anchBar-application-manageresources-display-component---newResourceUnit--resource-anchor"}]}
RESULT: undefined
COMMAND: POST /session/ce8dff66696d2297726851cc3bfff466/element - {"using":"xpath","value":"//*[@id=\"application-manageresources-display-component---newResourceUnit--newRRUPage-anchBar-application-manageresources-display-component---newResourceUnit--resource-anchor\"]"}
RESULT: {}
RESULT: {"using":"xpath","value":"//*[@id=\"application-manageresources-display-component---newResourceUnit--newRRUPage-anchBar-application-manageresources-display-component---newResourceUnit--resource-anchor\"]"}
COMMAND: POST /session/ce8dff66696d2297726851cc3bfff466/element/f.AC9B00B9551530AD6C9D8CCA9F7D3F7B.d.4152A1A2D915CC6929F081E50E7906D4.e.3408/click - {}
RESULT: {}
COMMAND: POST /session/ce8dff66696d2297726851cc3bfff466/execute/async - {"script":"<script> [1562 bytes]","args":[{"selector":{"id":"application-manageresources-display-component---newResourceUnit--PLANNED_DELIVERY_DATE","interaction":{"idSuffix":"inner"}},"wdio_ui5_key":"applicationmanageresources-display-component---newResourceUnit--PLANNED_DELIVERY_DATE"}]}
COMMAND: GET /session/ce8dff66696d2297726851cc3bfff466/screenshot - {}
RESULT: {"script":"<script> [1562 bytes]","args":[{"selector":{"id":"application-manageresources-display-component---newResourceUnit--PLANNED_DELIVERY_DATE","interaction":{"idSuffix":"inner"}},"wdio_ui5_key":"applicationmanageresources-display-component---newResourceUnit--PLANNED_DELIVERY_DATE"}]}
RESULT: undefined
COMMAND: POST /session/ce8dff66696d2297726851cc3bfff466/execute/async - {"script":"<script> [6424 bytes]","args":[{"element-6066-11e4-a52e-4f735466cecf":"f.AC9B00B9551530AD6C9D8CCA9F7D3F7B.d.4152A1A2D915CC6929F081E50E7906D4.e.3234"},"setValue",["7/14/24"]]}
RESULT: {}
RESULT: {"script":"<script> [6424 bytes]","args":[{"element-6066-11e4-a52e-4f735466cecf":"f.AC9B00B9551530AD6C9D8CCA9F7D3F7B.d.4152A1A2D915CC6929F081E50E7906D4.e.3234"},"setValue",["7/14/24"]]}
COMMAND: POST /session/ce8dff66696d2297726851cc3bfff466/execute/async - {"script":"<script> [1562 bytes]","args":[{"selector":{"id":"application-manageresources-display-component---newResourceUnit--RETIRE_PLANNED_DATE","interaction":{"idSuffix":"inner"}},"wdio_ui5_key":"applicationmanageresources-display-component---newResourceUnit--RETIRE_PLANNED_DATE"}]}
RESULT: {"script":"<script> [1562 bytes]","args":[{"selector":{"id":"application-manageresources-display-component---newResourceUnit--RETIRE_PLANNED_DATE","interaction":{"idSuffix":"inner"}},"wdio_ui5_key":"applicationmanageresources-display-component---newResourceUnit--RETIRE_PLANNED_DATE"}]}
RESULT: undefined
COMMAND: POST /session/ce8dff66696d2297726851cc3bfff466/execute/async - {"script":"<script> [776 bytes]","args":[{"enterText":"3/14/29","selector":{"id":"application-manageresources-display-component---newResourceUnit--RETIRE_PLANNED_DATE","interaction":{"idSuffix":"inner"}},"clearTextFirst":true,"interactionType":"ENTER_TEXT"}]}
RESULT: {"script":"<script> [776 bytes]","args":[{"enterText":"3/14/29","selector":{"id":"application-manageresources-display-component---newResourceUnit--RETIRE_PLANNED_DATE","interaction":{"idSuffix":"inner"}},"clearTextFirst":true,"interactionType":"ENTER_TEXT"}]}
COMMAND: POST /session/ce8dff66696d2297726851cc3bfff466/execute/async - {"script":"<script> [1562 bytes]","args":[{"selector":{"controlType":"sap.m.Button","viewName":"reusables.view.manageresources.NewResourceUnit","viewId":"application-manageresources-display-component---newResourceUnit","i18NText":{"propertyName":"tooltip","key":"save"},"interaction":{"idSuffix":"BDI-content"}},"wdio_ui5_key":"reusablesview.manageresources.NewResourceUnitsap.m.Button{\"propertyName\":\"tooltip\",\"key\":\"save\"}"}]}
RESULT: {"script":"<script> [1562 bytes]","args":[{"selector":{"controlType":"sap.m.Button","viewName":"reusables.view.manageresources.NewResourceUnit","viewId":"application-manageresources-display-component---newResourceUnit","i18NText":{"propertyName":"tooltip","key":"save"},"interaction":{"idSuffix":"BDI-content"}},"wdio_ui5_key":"reusablesview.manageresources.NewResourceUnitsap.m.Button{\"propertyName\":\"tooltip\",\"key\":\"save\"}"}]}
RESULT: undefined
COMMAND: POST /session/ce8dff66696d2297726851cc3bfff466/element - {"using":"xpath","value":"//*[@id=\"application-manageresources-display-component---newResourceUnit--createRuButton\"]"}
RESULT: {"using":"xpath","value":"//*[@id=\"application-manageresources-display-component---newResourceUnit--createRuButton\"]"}
COMMAND: POST /session/ce8dff66696d2297726851cc3bfff466/element/f.AC9B00B9551530AD6C9D8CCA9F7D3F7B.d.4152A1A2D915CC6929F081E50E7906D4.e.3193/click - {}
RESULT: {}
COMMAND: GET /session/ce8dff66696d2297726851cc3bfff466/screenshot - {}
RESULT: {}
COMMAND: POST /session/ce8dff66696d2297726851cc3bfff466/execute/async - {"script":"<script> [1562 bytes]","args":[{"selector":{"controlType":"sap.m.Button","properties":{"text":"Close"},"searchOpenDialogs":true,"interaction":{"idSuffix":"inner"}},"wdio_ui5_key":"sapm.Button{\"text\":\"Close\"}"}]}
RESULT: {"script":"<script> [1562 bytes]","args":[{"selector":{"controlType":"sap.m.Button","properties":{"text":"Close"},"searchOpenDialogs":true,"interaction":{"idSuffix":"inner"}},"wdio_ui5_key":"sapm.Button{\"text\":\"Close\"}"}]}
RESULT: undefined
COMMAND: POST /session/ce8dff66696d2297726851cc3bfff466/element - {"using":"xpath","value":"//*[@id=\"__mbox-btn-0\"]"}
RESULT: {"using":"xpath","value":"//*[@id=\"__mbox-btn-0\"]"}
COMMAND: POST /session/ce8dff66696d2297726851cc3bfff466/element/f.AC9B00B9551530AD6C9D8CCA9F7D3F7B.d.4152A1A2D915CC6929F081E50E7906D4.e.3418/click - {}
RESULT: {}
COMMAND: GET /session/ce8dff66696d2297726851cc3bfff466/screenshot - {}
COMMAND: POST /session/ce8dff66696d2297726851cc3bfff466/execute/async - {"script":"<script> [1562 bytes]","args":[{"selector":{"controlType":"sap.m.Text","viewName":"etm.portal.ui.manageresources.view.Detail","viewId":"application-manageresources-display-component---detailRU","bindingPath":{"propertyPath":"ID","modelName":"catalogModel"}},"wdio_ui5_key":"etmportal.ui.manageresources.view.Detailsap.m.Text{\"propertyPath\":\"ID\",\"modelName\":\"catalogModel\"}"}]}
RESULT: {}
RESULT: {"script":"<script> [1562 bytes]","args":[{"selector":{"controlType":"sap.m.Text","viewName":"etm.portal.ui.manageresources.view.Detail","viewId":"application-manageresources-display-component---detailRU","bindingPath":{"propertyPath":"ID","modelName":"catalogModel"}},"wdio_ui5_key":"etmportal.ui.manageresources.view.Detailsap.m.Text{\"propertyPath\":\"ID\",\"modelName\":\"catalogModel\"}"}]}
RESULT: undefined
COMMAND: POST /session/ce8dff66696d2297726851cc3bfff466/execute/async - {"script":"<script> [6424 bytes]","args":[{"element-6066-11e4-a52e-4f735466cecf":"f.AC9B00B9551530AD6C9D8CCA9F7D3F7B.d.4152A1A2D915CC6929F081E50E7906D4.e.3478"},"getText",[]]}
RESULT: {"script":"<script> [6424 bytes]","args":[{"element-6066-11e4-a52e-4f735466cecf":"f.AC9B00B9551530AD6C9D8CCA9F7D3F7B.d.4152A1A2D915CC6929F081E50E7906D4.e.3478"},"getText",[]]}
COMMAND: POST /session/ce8dff66696d2297726851cc3bfff466/element - {"using":"css selector","value":"#shell-header-logo"}
RESULT: {"using":"css selector","value":"#shell-header-logo"}
COMMAND: POST /session/ce8dff66696d2297726851cc3bfff466/element/f.AC9B00B9551530AD6C9D8CCA9F7D3F7B.d.4152A1A2D915CC6929F081E50E7906D4.e.2822/click - {}
RESULT: {}
COMMAND: GET /session/ce8dff66696d2297726851cc3bfff466/screenshot - {}
RESULT: {}
]]></system-out>
    </testcase>
    <testcase classname="chrome.137_0_7151_69.windows.Verify_RU_inventory_split_cost_information_US139363" name="Should do a stock increase for the equipment" time="94.939">
      <system-out><![CDATA[
COMMAND: POST /session/ce8dff66696d2297726851cc3bfff466/execute/async - {"script":"<script> [1562 bytes]","args":[{"selector":{"controlType":"sap.m.GenericTile","properties":{"header":"Manage Handovers"}},"wdio_ui5_key":"sapm.GenericTile{\"header\":\"Manage Handovers\"}"}]}
RESULT: {"script":"<script> [1562 bytes]","args":[{"selector":{"controlType":"sap.m.GenericTile","properties":{"header":"Manage Handovers"}},"wdio_ui5_key":"sapm.GenericTile{\"header\":\"Manage Handovers\"}"}]}
RESULT: undefined
COMMAND: POST /session/ce8dff66696d2297726851cc3bfff466/element - {"using":"xpath","value":"//*[@id=\"__tile135\"]"}
RESULT: {"using":"xpath","value":"//*[@id=\"__tile135\"]"}
COMMAND: POST /session/ce8dff66696d2297726851cc3bfff466/element/f.AC9B00B9551530AD6C9D8CCA9F7D3F7B.d.4152A1A2D915CC6929F081E50E7906D4.e.3480/click - {}
RESULT: {}
COMMAND: GET /session/ce8dff66696d2297726851cc3bfff466/screenshot - {}
RESULT: {}
COMMAND: POST /session/ce8dff66696d2297726851cc3bfff466/elements - {"using":"xpath","value":"//span[text()='Error']"}
RESULT: {"using":"xpath","value":"//span[text()='Error']"}
COMMAND: POST /session/ce8dff66696d2297726851cc3bfff466/element - {"using":"xpath","value":"//button[@data-kt=\"masterHOAddButton\"]"}
RESULT: {"using":"xpath","value":"//button[@data-kt=\"masterHOAddButton\"]"}
COMMAND: POST /session/ce8dff66696d2297726851cc3bfff466/execute/sync - {"script":"<script> [8489 bytes]","args":[{"element-6066-11e4-a52e-4f735466cecf":"f.AC9B00B9551530AD6C9D8CCA9F7D3F7B.d.4152A1A2D915CC6929F081E50E7906D4.e.3535","ELEMENT":"f.AC9B00B9551530AD6C9D8CCA9F7D3F7B.d.4152A1A2D915CC6929F081E50E7906D4.e.3535"}]}
RESULT: {"script":"<script> [8489 bytes]","args":[{"element-6066-11e4-a52e-4f735466cecf":"f.AC9B00B9551530AD6C9D8CCA9F7D3F7B.d.4152A1A2D915CC6929F081E50E7906D4.e.3535","ELEMENT":"f.AC9B00B9551530AD6C9D8CCA9F7D3F7B.d.4152A1A2D915CC6929F081E50E7906D4.e.3535"}]}
COMMAND: POST /session/ce8dff66696d2297726851cc3bfff466/element/f.AC9B00B9551530AD6C9D8CCA9F7D3F7B.d.4152A1A2D915CC6929F081E50E7906D4.e.3535/click - {}
COMMAND: GET /session/ce8dff66696d2297726851cc3bfff466/screenshot - {}
RESULT: {}
COMMAND: GET /session/ce8dff66696d2297726851cc3bfff466/screenshot - {}
COMMAND: POST /session/ce8dff66696d2297726851cc3bfff466/element - {"using":"xpath","value":"//span[contains(@id ,\"AddNewHO--typeSelect-arrow\")]"}
RESULT: {}
RESULT: {}
RESULT: {"using":"xpath","value":"//span[contains(@id ,\"AddNewHO--typeSelect-arrow\")]"}
COMMAND: POST /session/ce8dff66696d2297726851cc3bfff466/element/f.AC9B00B9551530AD6C9D8CCA9F7D3F7B.d.4152A1A2D915CC6929F081E50E7906D4.e.3889/click - {}
RESULT: {}
COMMAND: GET /session/ce8dff66696d2297726851cc3bfff466/screenshot - {}
RESULT: {}
COMMAND: POST /session/ce8dff66696d2297726851cc3bfff466/element - {"using":"xpath","value":"(//li[contains(text(), \"stock increase yard\")])[1]"}
RESULT: {"using":"xpath","value":"(//li[contains(text(), \"stock increase yard\")])[1]"}
COMMAND: POST /session/ce8dff66696d2297726851cc3bfff466/element/f.AC9B00B9551530AD6C9D8CCA9F7D3F7B.d.4152A1A2D915CC6929F081E50E7906D4.e.3890/click - {}
RESULT: {}
COMMAND: GET /session/ce8dff66696d2297726851cc3bfff466/screenshot - {}
RESULT: {}
COMMAND: POST /session/ce8dff66696d2297726851cc3bfff466/execute/async - {"script":"<script> [1562 bytes]","args":[{"selector":{"id":"application-managehandovers-display-component---AddNewHO--dueDate","interaction":{"idSuffix":"inner"}},"wdio_ui5_key":"applicationmanagehandovers-display-component---AddNewHO--dueDate"}]}
RESULT: {"script":"<script> [1562 bytes]","args":[{"selector":{"id":"application-managehandovers-display-component---AddNewHO--dueDate","interaction":{"idSuffix":"inner"}},"wdio_ui5_key":"applicationmanagehandovers-display-component---AddNewHO--dueDate"}]}
RESULT: undefined
COMMAND: POST /session/ce8dff66696d2297726851cc3bfff466/execute/async - {"script":"<script> [6424 bytes]","args":[{"element-6066-11e4-a52e-4f735466cecf":"f.AC9B00B9551530AD6C9D8CCA9F7D3F7B.d.4152A1A2D915CC6929F081E50E7906D4.e.3894"},"setValue",["6/14/25"]]}
RESULT: {"script":"<script> [6424 bytes]","args":[{"element-6066-11e4-a52e-4f735466cecf":"f.AC9B00B9551530AD6C9D8CCA9F7D3F7B.d.4152A1A2D915CC6929F081E50E7906D4.e.3894"},"setValue",["6/14/25"]]}
COMMAND: POST /session/ce8dff66696d2297726851cc3bfff466/element - {"using":"xpath","value":"//input[@id=\"generalSectionFrg--receiveYard-inner\"]"}
RESULT: {"using":"xpath","value":"//input[@id=\"generalSectionFrg--receiveYard-inner\"]"}
COMMAND: POST /session/ce8dff66696d2297726851cc3bfff466/element/f.AC9B00B9551530AD6C9D8CCA9F7D3F7B.d.4152A1A2D915CC6929F081E50E7906D4.e.3900/clear - {}
RESULT: {}
COMMAND: POST /session/ce8dff66696d2297726851cc3bfff466/element/f.AC9B00B9551530AD6C9D8CCA9F7D3F7B.d.4152A1A2D915CC6929F081E50E7906D4.e.3900/value - {"text":"webdriveryard"}
COMMAND: GET /session/ce8dff66696d2297726851cc3bfff466/screenshot - {}
RESULT: {"text":"webdriveryard"}
COMMAND: GET /session/ce8dff66696d2297726851cc3bfff466/screenshot - {}
RESULT: {}
RESULT: {}
COMMAND: POST /session/ce8dff66696d2297726851cc3bfff466/execute/async - {"script":"<script> [1562 bytes]","args":[{"selector":{"id":"application-managehandovers-display-component---AddNewHO--ObjectPageLayout-anchBar-application-managehandovers-display-component---AddNewHO--section4-anchor","interaction":{"idSuffix":"BDI-content"}},"wdio_ui5_key":"applicationmanagehandovers-display-component---AddNewHO--ObjectPageLayout-anchBar-application-managehandovers-display-component---AddNewHO--section4-anchor"}]}
RESULT: {"script":"<script> [1562 bytes]","args":[{"selector":{"id":"application-managehandovers-display-component---AddNewHO--ObjectPageLayout-anchBar-application-managehandovers-display-component---AddNewHO--section4-anchor","interaction":{"idSuffix":"BDI-content"}},"wdio_ui5_key":"applicationmanagehandovers-display-component---AddNewHO--ObjectPageLayout-anchBar-application-managehandovers-display-component---AddNewHO--section4-anchor"}]}
RESULT: undefined
COMMAND: POST /session/ce8dff66696d2297726851cc3bfff466/element - {"using":"xpath","value":"//*[@id=\"application-managehandovers-display-component---AddNewHO--ObjectPageLayout-anchBar-application-managehandovers-display-component---AddNewHO--section4-anchor\"]"}
RESULT: {"using":"xpath","value":"//*[@id=\"application-managehandovers-display-component---AddNewHO--ObjectPageLayout-anchBar-application-managehandovers-display-component---AddNewHO--section4-anchor\"]"}
COMMAND: POST /session/ce8dff66696d2297726851cc3bfff466/element/f.AC9B00B9551530AD6C9D8CCA9F7D3F7B.d.4152A1A2D915CC6929F081E50E7906D4.e.3919/click - {}
RESULT: {}
COMMAND: GET /session/ce8dff66696d2297726851cc3bfff466/screenshot - {}
RESULT: {}
COMMAND: POST /session/ce8dff66696d2297726851cc3bfff466/element - {"using":"xpath","value":"//button[@aria-label=\"Add\"]"}
RESULT: {"using":"xpath","value":"//button[@aria-label=\"Add\"]"}
COMMAND: POST /session/ce8dff66696d2297726851cc3bfff466/element/f.AC9B00B9551530AD6C9D8CCA9F7D3F7B.d.4152A1A2D915CC6929F081E50E7906D4.e.3923/click - {}
RESULT: {}
COMMAND: GET /session/ce8dff66696d2297726851cc3bfff466/screenshot - {}
RESULT: {}
COMMAND: POST /session/ce8dff66696d2297726851cc3bfff466/execute/async - {"script":"<script> [1562 bytes]","args":[{"selector":{"id":"application-managehandovers-display-component---AddNewHO--smartFilterBar-btnBasicSearch","searchOpenDialogs":true,"interaction":{"idSuffix":"I"}},"wdio_ui5_key":"applicationmanagehandovers-display-component---AddNewHO--smartFilterBar-btnBasicSearch"}]}
RESULT: {"script":"<script> [1562 bytes]","args":[{"selector":{"id":"application-managehandovers-display-component---AddNewHO--smartFilterBar-btnBasicSearch","searchOpenDialogs":true,"interaction":{"idSuffix":"I"}},"wdio_ui5_key":"applicationmanagehandovers-display-component---AddNewHO--smartFilterBar-btnBasicSearch"}]}
RESULT: undefined
COMMAND: POST /session/ce8dff66696d2297726851cc3bfff466/execute/async - {"script":"<script> [776 bytes]","args":[{"enterText":"WdIOTestEquipbngj3","selector":{"id":"application-managehandovers-display-component---AddNewHO--smartFilterBar-btnBasicSearch","searchOpenDialogs":true,"interaction":{"idSuffix":"I"}},"clearTextFirst":true,"interactionType":"ENTER_TEXT"}]}
RESULT: {"script":"<script> [776 bytes]","args":[{"enterText":"WdIOTestEquipbngj3","selector":{"id":"application-managehandovers-display-component---AddNewHO--smartFilterBar-btnBasicSearch","searchOpenDialogs":true,"interaction":{"idSuffix":"I"}},"clearTextFirst":true,"interactionType":"ENTER_TEXT"}]}
COMMAND: POST /session/ce8dff66696d2297726851cc3bfff466/actions - {"actions":[{"id":"action25","type":"key","parameters":{},"actions":[{"type":"keyDown","value":""},{"type":"pause","duration":10},{"type":"keyUp","value":""}]}]}
RESULT: {"actions":[{"id":"action25","type":"key","parameters":{},"actions":[{"type":"keyDown","value":""},{"type":"pause","duration":10},{"type":"keyUp","value":""}]}]}
COMMAND: POST /session/ce8dff66696d2297726851cc3bfff466/execute/async - {"script":"<script> [1562 bytes]","args":[{"selector":{"id":"application-managehandovers-display-component---AddNewHO--popup-sa","searchOpenDialogs":true,"interaction":{"idSuffix":"CbBg"}},"wdio_ui5_key":"applicationmanagehandovers-display-component---AddNewHO--popup-sa"}]}
COMMAND: GET /session/ce8dff66696d2297726851cc3bfff466/screenshot - {}
RESULT: {"script":"<script> [1562 bytes]","args":[{"selector":{"id":"application-managehandovers-display-component---AddNewHO--popup-sa","searchOpenDialogs":true,"interaction":{"idSuffix":"CbBg"}},"wdio_ui5_key":"applicationmanagehandovers-display-component---AddNewHO--popup-sa"}]}
RESULT: undefined
COMMAND: POST /session/ce8dff66696d2297726851cc3bfff466/element - {"using":"xpath","value":"//*[@id=\"application-managehandovers-display-component---AddNewHO--popup-sa\"]"}
RESULT: {}
RESULT: {"using":"xpath","value":"//*[@id=\"application-managehandovers-display-component---AddNewHO--popup-sa\"]"}
COMMAND: POST /session/ce8dff66696d2297726851cc3bfff466/element/f.AC9B00B9551530AD6C9D8CCA9F7D3F7B.d.4152A1A2D915CC6929F081E50E7906D4.e.4007/click - {}
RESULT: {}
COMMAND: GET /session/ce8dff66696d2297726851cc3bfff466/screenshot - {}
RESULT: {}
COMMAND: POST /session/ce8dff66696d2297726851cc3bfff466/element - {"using":"xpath","value":"//bdi[contains(text(), \"Select\")]"}
RESULT: {"using":"xpath","value":"//bdi[contains(text(), \"Select\")]"}
COMMAND: POST /session/ce8dff66696d2297726851cc3bfff466/element/f.AC9B00B9551530AD6C9D8CCA9F7D3F7B.d.4152A1A2D915CC6929F081E50E7906D4.e.4008/click - {}
RESULT: {}
COMMAND: GET /session/ce8dff66696d2297726851cc3bfff466/screenshot - {}
RESULT: {}
COMMAND: POST /session/ce8dff66696d2297726851cc3bfff466/element - {"using":"xpath","value":"//button[@data-kt=\"AddNewHOSaveButton\"]"}
RESULT: {"using":"xpath","value":"//button[@data-kt=\"AddNewHOSaveButton\"]"}
COMMAND: POST /session/ce8dff66696d2297726851cc3bfff466/element/f.AC9B00B9551530AD6C9D8CCA9F7D3F7B.d.4152A1A2D915CC6929F081E50E7906D4.e.4012/click - {}
RESULT: {}
COMMAND: GET /session/ce8dff66696d2297726851cc3bfff466/screenshot - {}
RESULT: {}
COMMAND: POST /session/ce8dff66696d2297726851cc3bfff466/execute/async - {"script":"<script> [1562 bytes]","args":[{"selector":{"id":"receiptDatePicker","viewName":"etm.portal.ui.managehandovers.view.DetailExecuteHO","interaction":{"idSuffix":"inner"}},"wdio_ui5_key":"receiptDatePickeretmportal.ui.managehandovers.view.DetailExecuteHO"}]}
RESULT: {"script":"<script> [1562 bytes]","args":[{"selector":{"id":"receiptDatePicker","viewName":"etm.portal.ui.managehandovers.view.DetailExecuteHO","interaction":{"idSuffix":"inner"}},"wdio_ui5_key":"receiptDatePickeretmportal.ui.managehandovers.view.DetailExecuteHO"}]}
RESULT: undefined
COMMAND: POST /session/ce8dff66696d2297726851cc3bfff466/execute/async - {"script":"<script> [6424 bytes]","args":[{"element-6066-11e4-a52e-4f735466cecf":"f.AC9B00B9551530AD6C9D8CCA9F7D3F7B.d.4152A1A2D915CC6929F081E50E7906D4.e.4036"},"setValue",["6/14/25"]]}
RESULT: {"script":"<script> [6424 bytes]","args":[{"element-6066-11e4-a52e-4f735466cecf":"f.AC9B00B9551530AD6C9D8CCA9F7D3F7B.d.4152A1A2D915CC6929F081E50E7906D4.e.4036"},"setValue",["6/14/25"]]}
COMMAND: POST /session/ce8dff66696d2297726851cc3bfff466/actions - {"actions":[{"id":"action26","type":"key","parameters":{},"actions":[{"type":"keyDown","value":""},{"type":"pause","duration":10},{"type":"keyUp","value":""}]}]}
RESULT: {"actions":[{"id":"action26","type":"key","parameters":{},"actions":[{"type":"keyDown","value":""},{"type":"pause","duration":10},{"type":"keyUp","value":""}]}]}
COMMAND: POST /session/ce8dff66696d2297726851cc3bfff466/actions - {"actions":[{"id":"action27","type":"key","parameters":{},"actions":[{"type":"keyDown","value":""},{"type":"pause","duration":10},{"type":"keyUp","value":""}]}]}
COMMAND: GET /session/ce8dff66696d2297726851cc3bfff466/screenshot - {}
RESULT: {"actions":[{"id":"action27","type":"key","parameters":{},"actions":[{"type":"keyDown","value":""},{"type":"pause","duration":10},{"type":"keyUp","value":""}]}]}
COMMAND: POST /session/ce8dff66696d2297726851cc3bfff466/element - {"using":"xpath","value":"//button[@data-kt=\"ReceivingTableConfirmAllButton\"]"}
COMMAND: GET /session/ce8dff66696d2297726851cc3bfff466/screenshot - {}
RESULT: {}
RESULT: {"using":"xpath","value":"//button[@data-kt=\"ReceivingTableConfirmAllButton\"]"}
COMMAND: POST /session/ce8dff66696d2297726851cc3bfff466/element/f.AC9B00B9551530AD6C9D8CCA9F7D3F7B.d.4152A1A2D915CC6929F081E50E7906D4.e.4052/click - {}
RESULT: {}
RESULT: {}
COMMAND: GET /session/ce8dff66696d2297726851cc3bfff466/screenshot - {}
RESULT: {}
COMMAND: POST /session/ce8dff66696d2297726851cc3bfff466/element - {"using":"xpath","value":"//bdi[contains(text(), \"OK\")]"}
RESULT: {"using":"xpath","value":"//bdi[contains(text(), \"OK\")]"}
COMMAND: POST /session/ce8dff66696d2297726851cc3bfff466/element/f.AC9B00B9551530AD6C9D8CCA9F7D3F7B.d.4152A1A2D915CC6929F081E50E7906D4.e.4055/click - {}
RESULT: {}
COMMAND: GET /session/ce8dff66696d2297726851cc3bfff466/screenshot - {}
RESULT: {}
COMMAND: POST /session/ce8dff66696d2297726851cc3bfff466/element - {"using":"xpath","value":"(//bdi[contains(text(), \"Receive\")])[2]"}
RESULT: {"using":"xpath","value":"(//bdi[contains(text(), \"Receive\")])[2]"}
COMMAND: POST /session/ce8dff66696d2297726851cc3bfff466/element/f.AC9B00B9551530AD6C9D8CCA9F7D3F7B.d.4152A1A2D915CC6929F081E50E7906D4.e.4056/click - {}
RESULT: {}
COMMAND: GET /session/ce8dff66696d2297726851cc3bfff466/screenshot - {}
RESULT: {}
COMMAND: POST /session/ce8dff66696d2297726851cc3bfff466/element - {"using":"css selector","value":"#shell-header-logo"}
RESULT: {"using":"css selector","value":"#shell-header-logo"}
COMMAND: POST /session/ce8dff66696d2297726851cc3bfff466/element/f.AC9B00B9551530AD6C9D8CCA9F7D3F7B.d.4152A1A2D915CC6929F081E50E7906D4.e.3485/click - {}
RESULT: {}
]]></system-out>
    </testcase>
    <testcase classname="chrome.137_0_7151_69.windows.Verify_RU_inventory_split_cost_information_US139363" name="Should navigate to RU inventory and add the resource to the contract" time="101.659">
      <system-out><![CDATA[
COMMAND: POST /session/ce8dff66696d2297726851cc3bfff466/execute/async - {"script":"<script> [1562 bytes]","args":[{"selector":{"controlType":"sap.m.GenericTile","properties":{"header":"RU Inventory List"}},"wdio_ui5_key":"sapm.GenericTile{\"header\":\"RU Inventory List\"}"}]}
COMMAND: GET /session/ce8dff66696d2297726851cc3bfff466/screenshot - {}
RESULT: {"script":"<script> [1562 bytes]","args":[{"selector":{"controlType":"sap.m.GenericTile","properties":{"header":"RU Inventory List"}},"wdio_ui5_key":"sapm.GenericTile{\"header\":\"RU Inventory List\"}"}]}
RESULT: undefined
COMMAND: POST /session/ce8dff66696d2297726851cc3bfff466/element - {"using":"xpath","value":"//*[@id=\"__tile101\"]"}
RESULT: {}
RESULT: {"using":"xpath","value":"//*[@id=\"__tile101\"]"}
COMMAND: POST /session/ce8dff66696d2297726851cc3bfff466/element/f.AC9B00B9551530AD6C9D8CCA9F7D3F7B.d.4152A1A2D915CC6929F081E50E7906D4.e.4277/click - {}
RESULT: {}
COMMAND: GET /session/ce8dff66696d2297726851cc3bfff466/screenshot - {}
RESULT: {}
COMMAND: POST /session/ce8dff66696d2297726851cc3bfff466/elements - {"using":"xpath","value":"//span[text()='Error']"}
RESULT: {"using":"xpath","value":"//span[text()='Error']"}
COMMAND: POST /session/ce8dff66696d2297726851cc3bfff466/execute/async - {"script":"<script> [1562 bytes]","args":[{"selector":{"id":"application-ruinventorylist-display-component---Master--smartFilterBar-btnBasicSearch","interaction":{"idSuffix":"I"}},"wdio_ui5_key":"applicationruinventorylist-display-component---Master--smartFilterBar-btnBasicSearch"}]}
RESULT: {"script":"<script> [1562 bytes]","args":[{"selector":{"id":"application-ruinventorylist-display-component---Master--smartFilterBar-btnBasicSearch","interaction":{"idSuffix":"I"}},"wdio_ui5_key":"applicationruinventorylist-display-component---Master--smartFilterBar-btnBasicSearch"}]}
RESULT: undefined
COMMAND: POST /session/ce8dff66696d2297726851cc3bfff466/execute/async - {"script":"<script> [776 bytes]","args":[{"enterText":"WdIOTestEquipbngj3","selector":{"id":"application-ruinventorylist-display-component---Master--smartFilterBar-btnBasicSearch","interaction":{"idSuffix":"I"}},"clearTextFirst":true,"interactionType":"ENTER_TEXT"}]}
RESULT: {"script":"<script> [776 bytes]","args":[{"enterText":"WdIOTestEquipbngj3","selector":{"id":"application-ruinventorylist-display-component---Master--smartFilterBar-btnBasicSearch","interaction":{"idSuffix":"I"}},"clearTextFirst":true,"interactionType":"ENTER_TEXT"}]}
COMMAND: POST /session/ce8dff66696d2297726851cc3bfff466/actions - {"actions":[{"id":"action28","type":"key","parameters":{},"actions":[{"type":"keyDown","value":""},{"type":"pause","duration":10},{"type":"keyUp","value":""}]}]}
RESULT: {"actions":[{"id":"action28","type":"key","parameters":{},"actions":[{"type":"keyDown","value":""},{"type":"pause","duration":10},{"type":"keyUp","value":""}]}]}
COMMAND: GET /session/ce8dff66696d2297726851cc3bfff466/screenshot - {}
RESULT: {}
COMMAND: POST /session/ce8dff66696d2297726851cc3bfff466/execute/async - {"script":"<script> [1562 bytes]","args":[{"selector":{"id":"application-ruinventorylist-display-component---Master--smartTableRuInventoryList-header"},"wdio_ui5_key":"applicationruinventorylist-display-component---Master--smartTableRuInventoryList-header"}]}
RESULT: {"script":"<script> [1562 bytes]","args":[{"selector":{"id":"application-ruinventorylist-display-component---Master--smartTableRuInventoryList-header"},"wdio_ui5_key":"applicationruinventorylist-display-component---Master--smartTableRuInventoryList-header"}]}
RESULT: undefined
COMMAND: POST /session/ce8dff66696d2297726851cc3bfff466/execute/async - {"script":"<script> [6424 bytes]","args":[{"element-6066-11e4-a52e-4f735466cecf":"f.AC9B00B9551530AD6C9D8CCA9F7D3F7B.d.4152A1A2D915CC6929F081E50E7906D4.e.4490"},"getText",[]]}
RESULT: {"script":"<script> [6424 bytes]","args":[{"element-6066-11e4-a52e-4f735466cecf":"f.AC9B00B9551530AD6C9D8CCA9F7D3F7B.d.4152A1A2D915CC6929F081E50E7906D4.e.4490"},"getText",[]]}
COMMAND: POST /session/ce8dff66696d2297726851cc3bfff466/execute/async - {"script":"<script> [1562 bytes]","args":[{"selector":{"id":"application-ruinventorylist-display-component---Master--createContractItemsBtn-img"},"wdio_ui5_key":"applicationruinventorylist-display-component---Master--createContractItemsBtn-img"}]}
RESULT: {"script":"<script> [1562 bytes]","args":[{"selector":{"id":"application-ruinventorylist-display-component---Master--createContractItemsBtn-img"},"wdio_ui5_key":"applicationruinventorylist-display-component---Master--createContractItemsBtn-img"}]}
RESULT: undefined
COMMAND: POST /session/ce8dff66696d2297726851cc3bfff466/element - {"using":"xpath","value":"//*[@id=\"application-ruinventorylist-display-component---Master--createContractItemsBtn-img\"]"}
RESULT: {"using":"xpath","value":"//*[@id=\"application-ruinventorylist-display-component---Master--createContractItemsBtn-img\"]"}
COMMAND: POST /session/ce8dff66696d2297726851cc3bfff466/element/f.AC9B00B9551530AD6C9D8CCA9F7D3F7B.d.4152A1A2D915CC6929F081E50E7906D4.e.4354/click - {}
RESULT: {}
COMMAND: GET /session/ce8dff66696d2297726851cc3bfff466/screenshot - {}
RESULT: {}
COMMAND: POST /session/ce8dff66696d2297726851cc3bfff466/element - {"using":"xpath","value":"//div[contains(@id ,\"application-ruinventorylist-display-component---Master--tableRuInventoryList-sa-CbBg\")]"}
RESULT: {"using":"xpath","value":"//div[contains(@id ,\"application-ruinventorylist-display-component---Master--tableRuInventoryList-sa-CbBg\")]"}
COMMAND: POST /session/ce8dff66696d2297726851cc3bfff466/element/f.AC9B00B9551530AD6C9D8CCA9F7D3F7B.d.4152A1A2D915CC6929F081E50E7906D4.e.4499/click - {}
RESULT: {}
RESULT: undefined
COMMAND: POST /session/ce8dff66696d2297726851cc3bfff466/element - {"using":"xpath","value":"//*[@id=\"application-ruinventorylist-display-component---Master--createContractItemsBtn-img\"]"}
COMMAND: GET /session/ce8dff66696d2297726851cc3bfff466/screenshot - {}
RESULT: {"using":"xpath","value":"//*[@id=\"application-ruinventorylist-display-component---Master--createContractItemsBtn-img\"]"}
COMMAND: POST /session/ce8dff66696d2297726851cc3bfff466/element/f.AC9B00B9551530AD6C9D8CCA9F7D3F7B.d.4152A1A2D915CC6929F081E50E7906D4.e.4354/click - {}
RESULT: {}
RESULT: {}
COMMAND: GET /session/ce8dff66696d2297726851cc3bfff466/screenshot - {}
RESULT: {}
COMMAND: POST /session/ce8dff66696d2297726851cc3bfff466/element - {"using":"xpath","value":"//div[contains(@class ,\"sapMObjStatus sapMObjStatusError sapMObjStatusActive\")]"}
RESULT: {"using":"xpath","value":"//div[contains(@class ,\"sapMObjStatus sapMObjStatusError sapMObjStatusActive\")]"}
COMMAND: POST /session/ce8dff66696d2297726851cc3bfff466/elements - {"using":"xpath","value":"//div[contains(@class ,\"sapMObjStatus sapMObjStatusError sapMObjStatusActive\")]"}
RESULT: {"using":"xpath","value":"//div[contains(@class ,\"sapMObjStatus sapMObjStatusError sapMObjStatusActive\")]"}
COMMAND: POST /session/ce8dff66696d2297726851cc3bfff466/element - {"using":"xpath","value":"//input[contains(@id, \"application-ruinventorylist-display-component---Master--contractCb-inner\")]"}
RESULT: {"using":"xpath","value":"//input[contains(@id, \"application-ruinventorylist-display-component---Master--contractCb-inner\")]"}
COMMAND: POST /session/ce8dff66696d2297726851cc3bfff466/element/f.AC9B00B9551530AD6C9D8CCA9F7D3F7B.d.4152A1A2D915CC6929F081E50E7906D4.e.4502/clear - {}
RESULT: {}
COMMAND: POST /session/ce8dff66696d2297726851cc3bfff466/element/f.AC9B00B9551530AD6C9D8CCA9F7D3F7B.d.4152A1A2D915CC6929F081E50E7906D4.e.4502/value - {"text":"10192"}
COMMAND: GET /session/ce8dff66696d2297726851cc3bfff466/screenshot - {}
RESULT: {"text":"10192"}
COMMAND: GET /session/ce8dff66696d2297726851cc3bfff466/screenshot - {}
RESULT: {}
RESULT: {}
COMMAND: POST /session/ce8dff66696d2297726851cc3bfff466/actions - {"actions":[{"id":"action29","type":"key","parameters":{},"actions":[{"type":"keyDown","value":""},{"type":"pause","duration":10},{"type":"keyUp","value":""}]}]}
RESULT: {"actions":[{"id":"action29","type":"key","parameters":{},"actions":[{"type":"keyDown","value":""},{"type":"pause","duration":10},{"type":"keyUp","value":""}]}]}
COMMAND: GET /session/ce8dff66696d2297726851cc3bfff466/screenshot - {}
RESULT: {}
COMMAND: POST /session/ce8dff66696d2297726851cc3bfff466/actions - {"actions":[{"id":"action30","type":"key","parameters":{},"actions":[{"type":"keyDown","value":""},{"type":"pause","duration":10},{"type":"keyUp","value":""}]}]}
RESULT: {"actions":[{"id":"action30","type":"key","parameters":{},"actions":[{"type":"keyDown","value":""},{"type":"pause","duration":10},{"type":"keyUp","value":""}]}]}
COMMAND: GET /session/ce8dff66696d2297726851cc3bfff466/screenshot - {}
RESULT: {}
COMMAND: POST /session/ce8dff66696d2297726851cc3bfff466/element - {"using":"xpath","value":"//input[contains(@id, \"application-ruinventorylist-display-component---Master--endDate-inner\")]"}
RESULT: {"using":"xpath","value":"//input[contains(@id, \"application-ruinventorylist-display-component---Master--endDate-inner\")]"}
COMMAND: POST /session/ce8dff66696d2297726851cc3bfff466/element/f.AC9B00B9551530AD6C9D8CCA9F7D3F7B.d.4152A1A2D915CC6929F081E50E7906D4.e.4505/clear - {}
RESULT: {}
COMMAND: POST /session/ce8dff66696d2297726851cc3bfff466/element/f.AC9B00B9551530AD6C9D8CCA9F7D3F7B.d.4152A1A2D915CC6929F081E50E7906D4.e.4505/value - {"text":"06/15/25"}
COMMAND: GET /session/ce8dff66696d2297726851cc3bfff466/screenshot - {}
RESULT: {"text":"06/15/25"}
COMMAND: POST /session/ce8dff66696d2297726851cc3bfff466/element - {"using":"xpath","value":"(//div[contains(@data-kt ,\"characteristicsObjectStatus\")])[2]"}
COMMAND: GET /session/ce8dff66696d2297726851cc3bfff466/screenshot - {}
RESULT: {}
RESULT: {"using":"xpath","value":"(//div[contains(@data-kt ,\"characteristicsObjectStatus\")])[2]"}
COMMAND: POST /session/ce8dff66696d2297726851cc3bfff466/element/f.AC9B00B9551530AD6C9D8CCA9F7D3F7B.d.4152A1A2D915CC6929F081E50E7906D4.e.4519/click - {}
RESULT: {}
RESULT: {}
COMMAND: GET /session/ce8dff66696d2297726851cc3bfff466/screenshot - {}
RESULT: {}
COMMAND: POST /session/ce8dff66696d2297726851cc3bfff466/element - {"using":"xpath","value":"//span[contains(@id ,\"application-ruinventorylist-display-component---Master--addSplitCharacteristicsRowButton-img\")]"}
RESULT: {"using":"xpath","value":"//span[contains(@id ,\"application-ruinventorylist-display-component---Master--addSplitCharacteristicsRowButton-img\")]"}
COMMAND: POST /session/ce8dff66696d2297726851cc3bfff466/element/f.AC9B00B9551530AD6C9D8CCA9F7D3F7B.d.4152A1A2D915CC6929F081E50E7906D4.e.4522/click - {}
RESULT: {}
COMMAND: POST /session/ce8dff66696d2297726851cc3bfff466/element - {"using":"xpath","value":"(//input[contains(@id ,\"application-ruinventorylist-display-component---Master--splitCharacteristicsTable-0-inner\")])[1]"}
COMMAND: GET /session/ce8dff66696d2297726851cc3bfff466/screenshot - {}
RESULT: {"using":"xpath","value":"(//input[contains(@id ,\"application-ruinventorylist-display-component---Master--splitCharacteristicsTable-0-inner\")])[1]"}
COMMAND: POST /session/ce8dff66696d2297726851cc3bfff466/element/f.AC9B00B9551530AD6C9D8CCA9F7D3F7B.d.4152A1A2D915CC6929F081E50E7906D4.e.4525/clear - {}
RESULT: {}
RESULT: {}
COMMAND: POST /session/ce8dff66696d2297726851cc3bfff466/element/f.AC9B00B9551530AD6C9D8CCA9F7D3F7B.d.4152A1A2D915CC6929F081E50E7906D4.e.4525/value - {"text":"Cost Center"}
COMMAND: GET /session/ce8dff66696d2297726851cc3bfff466/screenshot - {}
RESULT: {"text":"Cost Center"}
COMMAND: GET /session/ce8dff66696d2297726851cc3bfff466/screenshot - {}
RESULT: {}
RESULT: {}
COMMAND: POST /session/ce8dff66696d2297726851cc3bfff466/actions - {"actions":[{"id":"action31","type":"key","parameters":{},"actions":[{"type":"keyDown","value":""},{"type":"pause","duration":10},{"type":"keyUp","value":""}]}]}
RESULT: {"actions":[{"id":"action31","type":"key","parameters":{},"actions":[{"type":"keyDown","value":""},{"type":"pause","duration":10},{"type":"keyUp","value":""}]}]}
COMMAND: POST /session/ce8dff66696d2297726851cc3bfff466/execute/async - {"script":"<script> [1562 bytes]","args":[{"selector":{"controlType":"sap.ui.core.Icon","viewName":"etm.portal.ui.ruinventorylist.view.Master","viewId":"application-ruinventorylist-display-component---Master","properties":{"src":{"regex":{"source":"value\\-help"}}},"searchOpenDialogs":true,"ancestor":{"controlType":"sap.m.ColumnListItem","viewName":"etm.portal.ui.ruinventorylist.view.Master","viewId":"application-ruinventorylist-display-component---Master","bindingPath":{"modelName":"additionalRequiredFields","path":"/currentCharacteristics/0"},"ancestor":{"id":"application-ruinventorylist-display-component---Master--splitCharacteristicsTable","searchOpenDialogs":true}}},"wdio_ui5_key":"etmportal.ui.ruinventorylist.view.Mastersap.ui.core.Icon{\"src\":{\"regex\":{\"source\":\"value\\\\-help\"}}}{\"controlType\":\"sap.m.ColumnListItem\",\"viewName\":\"etm.portal.ui.ruinventorylist.view.Master\",\"viewId\":\"application-ruinventorylist-display-component---Master\",\"bindingPath\":{\"modelName\":\"additionalRequiredFields\",\"path\":\"/currentCharacteristics/0\"},\"ancestor\":{\"id\":\"application-ruinventorylist-display-component---Master--splitCharacteristicsTable\",\"searchOpenDialogs\":true}}"}]}
COMMAND: GET /session/ce8dff66696d2297726851cc3bfff466/screenshot - {}
RESULT: {"script":"<script> [1562 bytes]","args":[{"selector":{"controlType":"sap.ui.core.Icon","viewName":"etm.portal.ui.ruinventorylist.view.Master","viewId":"application-ruinventorylist-display-component---Master","properties":{"src":{"regex":{"source":"value\\-help"}}},"searchOpenDialogs":true,"ancestor":{"controlType":"sap.m.ColumnListItem","viewName":"etm.portal.ui.ruinventorylist.view.Master","viewId":"application-ruinventorylist-display-component---Master","bindingPath":{"modelName":"additionalRequiredFields","path":"/currentCharacteristics/0"},"ancestor":{"id":"application-ruinventorylist-display-component---Master--splitCharacteristicsTable","searchOpenDialogs":true}}},"wdio_ui5_key":"etmportal.ui.ruinventorylist.view.Mastersap.ui.core.Icon{\"src\":{\"regex\":{\"source\":\"value\\\\-help\"}}}{\"controlType\":\"sap.m.ColumnListItem\",\"viewName\":\"etm.portal.ui.ruinventorylist.view.Master\",\"viewId\":\"application-ruinventorylist-display-component---Master\",\"bindingPath\":{\"modelName\":\"additionalRequiredFields\",\"path\":\"/currentCharacteristics/0\"},\"ancestor\":{\"id\":\"application-ruinventorylist-display-component---Master--splitCharacteristicsTable\",\"searchOpenDialogs\":true}}"}]}
RESULT: undefined
COMMAND: POST /session/ce8dff66696d2297726851cc3bfff466/element - {"using":"xpath","value":"//*[@id=\"__help4-application-ruinventorylist-display-component---Master--splitCharacteristicsTable-0-vhi\"]"}
RESULT: {}
RESULT: {"using":"xpath","value":"//*[@id=\"__help4-application-ruinventorylist-display-component---Master--splitCharacteristicsTable-0-vhi\"]"}
COMMAND: POST /session/ce8dff66696d2297726851cc3bfff466/element/f.AC9B00B9551530AD6C9D8CCA9F7D3F7B.d.4152A1A2D915CC6929F081E50E7906D4.e.4533/click - {}
RESULT: {}
COMMAND: POST /session/ce8dff66696d2297726851cc3bfff466/element - {"using":"xpath","value":"(//input[contains(@aria-label ,\"Search\")])[1]"}
COMMAND: GET /session/ce8dff66696d2297726851cc3bfff466/screenshot - {}
RESULT: {"using":"xpath","value":"(//input[contains(@aria-label ,\"Search\")])[1]"}
COMMAND: POST /session/ce8dff66696d2297726851cc3bfff466/element/f.AC9B00B9551530AD6C9D8CCA9F7D3F7B.d.4152A1A2D915CC6929F081E50E7906D4.e.4536/clear - {}
RESULT: {}
RESULT: {}
COMMAND: POST /session/ce8dff66696d2297726851cc3bfff466/element/f.AC9B00B9551530AD6C9D8CCA9F7D3F7B.d.4152A1A2D915CC6929F081E50E7906D4.e.4536/value - {"text":"10001010"}
COMMAND: GET /session/ce8dff66696d2297726851cc3bfff466/screenshot - {}
RESULT: {"text":"10001010"}
COMMAND: POST /session/ce8dff66696d2297726851cc3bfff466/actions - {"actions":[{"id":"action32","type":"key","parameters":{},"actions":[{"type":"keyDown","value":""},{"type":"pause","duration":10},{"type":"keyUp","value":""}]}]}
COMMAND: GET /session/ce8dff66696d2297726851cc3bfff466/screenshot - {}
RESULT: {}
RESULT: {"actions":[{"id":"action32","type":"key","parameters":{},"actions":[{"type":"keyDown","value":""},{"type":"pause","duration":10},{"type":"keyUp","value":""}]}]}
COMMAND: GET /session/ce8dff66696d2297726851cc3bfff466/screenshot - {}
RESULT: {}
RESULT: {}
COMMAND: POST /session/ce8dff66696d2297726851cc3bfff466/element - {"using":"xpath","value":"(//span[contains(text(), \"Purchasing\")])[1]"}
RESULT: {"using":"xpath","value":"(//span[contains(text(), \"Purchasing\")])[1]"}
COMMAND: POST /session/ce8dff66696d2297726851cc3bfff466/element/f.AC9B00B9551530AD6C9D8CCA9F7D3F7B.d.4152A1A2D915CC6929F081E50E7906D4.e.4574/click - {}
RESULT: {}
COMMAND: GET /session/ce8dff66696d2297726851cc3bfff466/screenshot - {}
RESULT: {}
COMMAND: POST /session/ce8dff66696d2297726851cc3bfff466/element - {"using":"xpath","value":"//span[contains(@id ,\"ok-content\")]"}
RESULT: {"using":"xpath","value":"//span[contains(@id ,\"ok-content\")]"}
COMMAND: POST /session/ce8dff66696d2297726851cc3bfff466/element/f.AC9B00B9551530AD6C9D8CCA9F7D3F7B.d.4152A1A2D915CC6929F081E50E7906D4.e.4575/click - {}
RESULT: {}
COMMAND: GET /session/ce8dff66696d2297726851cc3bfff466/screenshot - {}
RESULT: {}
COMMAND: POST /session/ce8dff66696d2297726851cc3bfff466/element - {"using":"xpath","value":"//bdi[contains(text(), \"Save\")]"}
RESULT: {"using":"xpath","value":"//bdi[contains(text(), \"Save\")]"}
COMMAND: POST /session/ce8dff66696d2297726851cc3bfff466/element/f.AC9B00B9551530AD6C9D8CCA9F7D3F7B.d.4152A1A2D915CC6929F081E50E7906D4.e.4578/click - {}
RESULT: {}
COMMAND: GET /session/ce8dff66696d2297726851cc3bfff466/screenshot - {}
RESULT: {}
COMMAND: POST /session/ce8dff66696d2297726851cc3bfff466/element - {"using":"xpath","value":"//bdi[contains(text(), \"OK\")]"}
RESULT: {"using":"xpath","value":"//bdi[contains(text(), \"OK\")]"}
COMMAND: POST /session/ce8dff66696d2297726851cc3bfff466/element/f.AC9B00B9551530AD6C9D8CCA9F7D3F7B.d.4152A1A2D915CC6929F081E50E7906D4.e.4580/click - {}
RESULT: {}
COMMAND: GET /session/ce8dff66696d2297726851cc3bfff466/screenshot - {}
RESULT: {}
COMMAND: POST /session/ce8dff66696d2297726851cc3bfff466/actions - {"actions":[{"id":"action33","type":"key","parameters":{},"actions":[{"type":"keyDown","value":""},{"type":"pause","duration":10},{"type":"keyUp","value":""}]}]}
RESULT: {"actions":[{"id":"action33","type":"key","parameters":{},"actions":[{"type":"keyDown","value":""},{"type":"pause","duration":10},{"type":"keyUp","value":""}]}]}
COMMAND: GET /session/ce8dff66696d2297726851cc3bfff466/screenshot - {}
RESULT: {}
COMMAND: POST /session/ce8dff66696d2297726851cc3bfff466/execute/async - {"script":"<script> [1562 bytes]","args":[{"selector":{"controlType":"sap.m.Title","viewName":"etm.portal.ui.managecontracts.view.Detail","properties":{"text":"Contract Items (1)"}},"wdio_ui5_key":"etmportal.ui.managecontracts.view.Detailsap.m.Title{\"text\":\"Contract Items (1)\"}"}]}
RESULT: {"script":"<script> [1562 bytes]","args":[{"selector":{"controlType":"sap.m.Title","viewName":"etm.portal.ui.managecontracts.view.Detail","properties":{"text":"Contract Items (1)"}},"wdio_ui5_key":"etmportal.ui.managecontracts.view.Detailsap.m.Title{\"text\":\"Contract Items (1)\"}"}]}
RESULT: undefined
COMMAND: POST /session/ce8dff66696d2297726851cc3bfff466/execute/async - {"script":"<script> [6424 bytes]","args":[{"element-6066-11e4-a52e-4f735466cecf":"f.AC9B00B9551530AD6C9D8CCA9F7D3F7B.d.4152A1A2D915CC6929F081E50E7906D4.e.4776"},"getText",[]]}
RESULT: {"script":"<script> [6424 bytes]","args":[{"element-6066-11e4-a52e-4f735466cecf":"f.AC9B00B9551530AD6C9D8CCA9F7D3F7B.d.4152A1A2D915CC6929F081E50E7906D4.e.4776"},"getText",[]]}
COMMAND: POST /session/ce8dff66696d2297726851cc3bfff466/element - {"using":"xpath","value":"//div[contains(@data-kt ,\"characteristicsObjectStatus\")]"}
RESULT: {"using":"xpath","value":"//div[contains(@data-kt ,\"characteristicsObjectStatus\")]"}
COMMAND: POST /session/ce8dff66696d2297726851cc3bfff466/element/f.AC9B00B9551530AD6C9D8CCA9F7D3F7B.d.4152A1A2D915CC6929F081E50E7906D4.e.4777/click - {}
RESULT: {}
COMMAND: GET /session/ce8dff66696d2297726851cc3bfff466/screenshot - {}
RESULT: {}
COMMAND: POST /session/ce8dff66696d2297726851cc3bfff466/element - {"using":"xpath","value":"(//input[contains(@class ,\"sapMInputBaseInner sapMComboBoxInner\")])[2]"}
RESULT: {"using":"xpath","value":"(//input[contains(@class ,\"sapMInputBaseInner sapMComboBoxInner\")])[2]"}
COMMAND: GET /session/ce8dff66696d2297726851cc3bfff466/element/f.AC9B00B9551530AD6C9D8CCA9F7D3F7B.d.4152A1A2D915CC6929F081E50E7906D4.e.4783/property/value - {}
RESULT: {}
COMMAND: POST /session/ce8dff66696d2297726851cc3bfff466/element - {"using":"xpath","value":"//span[contains(text(), \"Input (10001010) 10001010 - Purchasing\")]"}
COMMAND: GET /session/ce8dff66696d2297726851cc3bfff466/screenshot - {}
RESULT: {"using":"xpath","value":"//span[contains(text(), \"Input (10001010) 10001010 - Purchasing\")]"}
COMMAND: POST /session/ce8dff66696d2297726851cc3bfff466/elements - {"using":"xpath","value":"//span[contains(text(), \"Input (10001010) 10001010 - Purchasing\")]"}
RESULT: {}
RESULT: {"using":"xpath","value":"//span[contains(text(), \"Input (10001010) 10001010 - Purchasing\")]"}
COMMAND: POST /session/ce8dff66696d2297726851cc3bfff466/elements - {"using":"xpath","value":"//span[contains(text(), \"Input (10001010) 10001010 - Purchasing\")]"}
RESULT: {"using":"xpath","value":"//span[contains(text(), \"Input (10001010) 10001010 - Purchasing\")]"}
COMMAND: POST /session/ce8dff66696d2297726851cc3bfff466/elements - {"using":"xpath","value":"//span[contains(text(), \"Input (10001010) 10001010 - Purchasing\")]"}
RESULT: {"using":"xpath","value":"//span[contains(text(), \"Input (10001010) 10001010 - Purchasing\")]"}
COMMAND: POST /session/ce8dff66696d2297726851cc3bfff466/elements - {"using":"xpath","value":"//span[contains(text(), \"Input (10001010) 10001010 - Purchasing\")]"}
RESULT: {"using":"xpath","value":"//span[contains(text(), \"Input (10001010) 10001010 - Purchasing\")]"}
COMMAND: POST /session/ce8dff66696d2297726851cc3bfff466/elements - {"using":"xpath","value":"//span[contains(text(), \"Input (10001010) 10001010 - Purchasing\")]"}
RESULT: {"using":"xpath","value":"//span[contains(text(), \"Input (10001010) 10001010 - Purchasing\")]"}
COMMAND: POST /session/ce8dff66696d2297726851cc3bfff466/elements - {"using":"xpath","value":"//span[contains(text(), \"Input (10001010) 10001010 - Purchasing\")]"}
RESULT: {"using":"xpath","value":"//span[contains(text(), \"Input (10001010) 10001010 - Purchasing\")]"}
COMMAND: POST /session/ce8dff66696d2297726851cc3bfff466/elements - {"using":"xpath","value":"//span[contains(text(), \"Input (10001010) 10001010 - Purchasing\")]"}
RESULT: {"using":"xpath","value":"//span[contains(text(), \"Input (10001010) 10001010 - Purchasing\")]"}
COMMAND: POST /session/ce8dff66696d2297726851cc3bfff466/elements - {"using":"xpath","value":"//span[contains(text(), \"Input (10001010) 10001010 - Purchasing\")]"}
RESULT: {"using":"xpath","value":"//span[contains(text(), \"Input (10001010) 10001010 - Purchasing\")]"}
COMMAND: POST /session/ce8dff66696d2297726851cc3bfff466/elements - {"using":"xpath","value":"//span[contains(text(), \"Input (10001010) 10001010 - Purchasing\")]"}
RESULT: {"using":"xpath","value":"//span[contains(text(), \"Input (10001010) 10001010 - Purchasing\")]"}
COMMAND: POST /session/ce8dff66696d2297726851cc3bfff466/elements - {"using":"xpath","value":"//span[contains(text(), \"Input (10001010) 10001010 - Purchasing\")]"}
RESULT: {"using":"xpath","value":"//span[contains(text(), \"Input (10001010) 10001010 - Purchasing\")]"}
COMMAND: POST /session/ce8dff66696d2297726851cc3bfff466/elements - {"using":"xpath","value":"//span[contains(text(), \"Input (10001010) 10001010 - Purchasing\")]"}
RESULT: {"using":"xpath","value":"//span[contains(text(), \"Input (10001010) 10001010 - Purchasing\")]"}
COMMAND: POST /session/ce8dff66696d2297726851cc3bfff466/elements - {"using":"xpath","value":"//span[contains(text(), \"Input (10001010) 10001010 - Purchasing\")]"}
RESULT: {"using":"xpath","value":"//span[contains(text(), \"Input (10001010) 10001010 - Purchasing\")]"}
COMMAND: POST /session/ce8dff66696d2297726851cc3bfff466/elements - {"using":"xpath","value":"//span[contains(text(), \"Input (10001010) 10001010 - Purchasing\")]"}
RESULT: {"using":"xpath","value":"//span[contains(text(), \"Input (10001010) 10001010 - Purchasing\")]"}
COMMAND: POST /session/ce8dff66696d2297726851cc3bfff466/elements - {"using":"xpath","value":"//span[contains(text(), \"Input (10001010) 10001010 - Purchasing\")]"}
RESULT: {"using":"xpath","value":"//span[contains(text(), \"Input (10001010) 10001010 - Purchasing\")]"}
COMMAND: POST /session/ce8dff66696d2297726851cc3bfff466/elements - {"using":"xpath","value":"//span[contains(text(), \"Input (10001010) 10001010 - Purchasing\")]"}
RESULT: {"using":"xpath","value":"//span[contains(text(), \"Input (10001010) 10001010 - Purchasing\")]"}
COMMAND: POST /session/ce8dff66696d2297726851cc3bfff466/elements - {"using":"xpath","value":"//span[contains(text(), \"Input (10001010) 10001010 - Purchasing\")]"}
RESULT: {"using":"xpath","value":"//span[contains(text(), \"Input (10001010) 10001010 - Purchasing\")]"}
COMMAND: POST /session/ce8dff66696d2297726851cc3bfff466/elements - {"using":"xpath","value":"//span[contains(text(), \"Input (10001010) 10001010 - Purchasing\")]"}
RESULT: {"using":"xpath","value":"//span[contains(text(), \"Input (10001010) 10001010 - Purchasing\")]"}
COMMAND: POST /session/ce8dff66696d2297726851cc3bfff466/elements - {"using":"xpath","value":"//span[contains(text(), \"Input (10001010) 10001010 - Purchasing\")]"}
RESULT: {"using":"xpath","value":"//span[contains(text(), \"Input (10001010) 10001010 - Purchasing\")]"}
COMMAND: DELETE /session/ce8dff66696d2297726851cc3bfff466 - {}
COMMAND: POST /session/ce8dff66696d2297726851cc3bfff466/elements - {"using":"xpath","value":"//span[contains(text(), \"Input (10001010) 10001010 - Purchasing\")]"}
RESULT: {}
]]></system-out>
    </testcase>
  </testsuite>
</testsuites>