<?xml version="1.0" encoding="UTF-8"?>
<testsuites tests="23" failures="0" errors="0" skipped="0">
  <testsuite timestamp="2025-06-04T17:47:34" time="1152.369" tests="6" failures="0" errors="0" skipped="0">
    <properties>
      <property name="specId" value="0" />
      <property name="suiteName" value="Standard contract - add contract items by Insert Request US118222" />
      <property name="capabilities" value="chrome.137_0_7151_56.windows" />
      <property name="file" value="file:///D:/a/1/s/test/specs/R2C/standard-contract-add-contract-items-by-insert-request.spec.js" />
    </properties>
    <testcase classname="chrome.137_0_7151_56.windows.Standard_contract_-_add_contract_items_by_Insert_Request_US118222" name="Should create prerequisites yard partner site material and equipment" time="315.728">
      <system-out><![CDATA[
COMMAND: POST /session/5ddd57591a494e04841521b2f73ce0e1/execute/async - {"script":"<script> [1562 bytes]","args":[{"selector":{"controlType":"sap.m.GenericTile","properties":{"header":"Manage Yards"}},"wdio_ui5_key":"sapm.GenericTile{\"header\":\"Manage Yards\"}"}]}
RESULT: {"script":"<script> [1562 bytes]","args":[{"selector":{"controlType":"sap.m.GenericTile","properties":{"header":"Manage Yards"}},"wdio_ui5_key":"sapm.GenericTile{\"header\":\"Manage Yards\"}"}]}
RESULT: undefined
COMMAND: POST /session/5ddd57591a494e04841521b2f73ce0e1/element - {"using":"xpath","value":"//*[@id=\"__tile41\"]"}
RESULT: {"using":"xpath","value":"//*[@id=\"__tile41\"]"}
COMMAND: POST /session/5ddd57591a494e04841521b2f73ce0e1/element/f.76BD0702E8726841DC63080813E8F96A.d.8D803B255B65344489179FAE69A619A6.e.112/click - {}
RESULT: {}
COMMAND: GET /session/5ddd57591a494e04841521b2f73ce0e1/screenshot - {}
RESULT: {}
COMMAND: POST /session/5ddd57591a494e04841521b2f73ce0e1/elements - {"using":"xpath","value":"//span[text()='Error']"}
RESULT: {"using":"xpath","value":"//span[text()='Error']"}
COMMAND: POST /session/5ddd57591a494e04841521b2f73ce0e1/execute/async - {"script":"<script> [1562 bytes]","args":[{"selector":{"controlType":"sap.ui.core.Icon","viewName":"etm.portal.ui.manageyards.view.Master","viewId":"application-manageyards-display-component---masterYard","properties":{"src":{"regex":{"source":"add"}}}},"wdio_ui5_key":"etmportal.ui.manageyards.view.Mastersap.ui.core.Icon{\"src\":{\"regex\":{\"source\":\"add\"}}}"}]}
RESULT: {"script":"<script> [1562 bytes]","args":[{"selector":{"controlType":"sap.ui.core.Icon","viewName":"etm.portal.ui.manageyards.view.Master","viewId":"application-manageyards-display-component---masterYard","properties":{"src":{"regex":{"source":"add"}}}},"wdio_ui5_key":"etmportal.ui.manageyards.view.Mastersap.ui.core.Icon{\"src\":{\"regex\":{\"source\":\"add\"}}}"}]}
RESULT: undefined
COMMAND: POST /session/5ddd57591a494e04841521b2f73ce0e1/element - {"using":"xpath","value":"//*[@id=\"__button4-img\"]"}
RESULT: {"using":"xpath","value":"//*[@id=\"__button4-img\"]"}
COMMAND: POST /session/5ddd57591a494e04841521b2f73ce0e1/element/f.76BD0702E8726841DC63080813E8F96A.d.8D803B255B65344489179FAE69A619A6.e.159/click - {}
RESULT: {}
COMMAND: GET /session/5ddd57591a494e04841521b2f73ce0e1/screenshot - {}
RESULT: {}
COMMAND: POST /session/5ddd57591a494e04841521b2f73ce0e1/execute/async - {"script":"<script> [1562 bytes]","args":[{"selector":{"id":"application-manageyards-display-component---NewYard--yardId","interaction":{"idSuffix":"inner"}},"wdio_ui5_key":"applicationmanageyards-display-component---NewYard--yardId"}]}
RESULT: {"script":"<script> [1562 bytes]","args":[{"selector":{"id":"application-manageyards-display-component---NewYard--yardId","interaction":{"idSuffix":"inner"}},"wdio_ui5_key":"applicationmanageyards-display-component---NewYard--yardId"}]}
RESULT: undefined
COMMAND: POST /session/5ddd57591a494e04841521b2f73ce0e1/element - {"using":"xpath","value":"//*[@id=\"application-manageyards-display-component---NewYard--addressDetailDetailsName1-inner\"]"}
RESULT: {"using":"xpath","value":"//*[@id=\"application-manageyards-display-component---NewYard--addressDetailDetailsName1-inner\"]"}
COMMAND: POST /session/5ddd57591a494e04841521b2f73ce0e1/element/f.76BD0702E8726841DC63080813E8F96A.d.8D803B255B65344489179FAE69A619A6.e.373/clear - {}
RESULT: {}
COMMAND: POST /session/5ddd57591a494e04841521b2f73ce0e1/element/f.76BD0702E8726841DC63080813E8F96A.d.8D803B255B65344489179FAE69A619A6.e.373/value - {"text":"WebdriverYarduw3gx"}
COMMAND: GET /session/5ddd57591a494e04841521b2f73ce0e1/screenshot - {}
RESULT: {"text":"WebdriverYarduw3gx"}
COMMAND: POST /session/5ddd57591a494e04841521b2f73ce0e1/element - {"using":"xpath","value":"//*[@id=\"application-manageyards-display-component---NewYard--addressDetailDetailsLanguage-inner\"]"}
COMMAND: GET /session/5ddd57591a494e04841521b2f73ce0e1/screenshot - {}
RESULT: {}
RESULT: {"using":"xpath","value":"//*[@id=\"application-manageyards-display-component---NewYard--addressDetailDetailsLanguage-inner\"]"}
COMMAND: POST /session/5ddd57591a494e04841521b2f73ce0e1/element/f.76BD0702E8726841DC63080813E8F96A.d.8D803B255B65344489179FAE69A619A6.e.374/clear - {}
RESULT: {}
RESULT: {}
COMMAND: POST /session/5ddd57591a494e04841521b2f73ce0e1/element/f.76BD0702E8726841DC63080813E8F96A.d.8D803B255B65344489179FAE69A619A6.e.374/value - {"text":"Romanian"}
COMMAND: GET /session/5ddd57591a494e04841521b2f73ce0e1/screenshot - {}
RESULT: {"text":"Romanian"}
COMMAND: POST /session/5ddd57591a494e04841521b2f73ce0e1/element - {"using":"xpath","value":"//input[contains(@id ,\"application-manageyards-display-component---NewYard--addressDetailDetailsName1-inner\")]"}
COMMAND: GET /session/5ddd57591a494e04841521b2f73ce0e1/screenshot - {}
RESULT: {}
RESULT: {"using":"xpath","value":"//input[contains(@id ,\"application-manageyards-display-component---NewYard--addressDetailDetailsName1-inner\")]"}
COMMAND: GET /session/5ddd57591a494e04841521b2f73ce0e1/element/f.76BD0702E8726841DC63080813E8F96A.d.8D803B255B65344489179FAE69A619A6.e.373/property/value - {}
RESULT: {}
RESULT: {}
COMMAND: GET /session/5ddd57591a494e04841521b2f73ce0e1/screenshot - {}
RESULT: {}
COMMAND: POST /session/5ddd57591a494e04841521b2f73ce0e1/element - {"using":"xpath","value":"//*[@id=\"application-manageyards-display-component---NewYard--addressDetailDetailsCity1-inner\"]"}
RESULT: {"using":"xpath","value":"//*[@id=\"application-manageyards-display-component---NewYard--addressDetailDetailsCity1-inner\"]"}
COMMAND: POST /session/5ddd57591a494e04841521b2f73ce0e1/element/f.76BD0702E8726841DC63080813E8F96A.d.8D803B255B65344489179FAE69A619A6.e.376/clear - {}
RESULT: {}
COMMAND: POST /session/5ddd57591a494e04841521b2f73ce0e1/element/f.76BD0702E8726841DC63080813E8F96A.d.8D803B255B65344489179FAE69A619A6.e.376/value - {"text":"Bucuresti"}
COMMAND: GET /session/5ddd57591a494e04841521b2f73ce0e1/screenshot - {}
RESULT: {"text":"Bucuresti"}
COMMAND: GET /session/5ddd57591a494e04841521b2f73ce0e1/screenshot - {}
RESULT: {}
RESULT: {}
COMMAND: POST /session/5ddd57591a494e04841521b2f73ce0e1/element - {"using":"xpath","value":"//*[@id=\"application-manageyards-display-component---NewYard--addressDetailDetailsCountry-inner\"]"}
RESULT: {"using":"xpath","value":"//*[@id=\"application-manageyards-display-component---NewYard--addressDetailDetailsCountry-inner\"]"}
COMMAND: POST /session/5ddd57591a494e04841521b2f73ce0e1/element/f.76BD0702E8726841DC63080813E8F96A.d.8D803B255B65344489179FAE69A619A6.e.380/clear - {}
RESULT: {}
COMMAND: POST /session/5ddd57591a494e04841521b2f73ce0e1/element/f.76BD0702E8726841DC63080813E8F96A.d.8D803B255B65344489179FAE69A619A6.e.380/value - {"text":"Romania"}
COMMAND: GET /session/5ddd57591a494e04841521b2f73ce0e1/screenshot - {}
RESULT: {"text":"Romania"}
COMMAND: GET /session/5ddd57591a494e04841521b2f73ce0e1/screenshot - {}
RESULT: {}
RESULT: {}
COMMAND: POST /session/5ddd57591a494e04841521b2f73ce0e1/element - {"using":"xpath","value":"//div[contains(text(), \"Commercial\")]"}
RESULT: {"using":"xpath","value":"//div[contains(text(), \"Commercial\")]"}
COMMAND: GET /session/5ddd57591a494e04841521b2f73ce0e1/element/f.76BD0702E8726841DC63080813E8F96A.d.8D803B255B65344489179FAE69A619A6.e.569/rect - {}
RESULT: {}
COMMAND: GET /session/5ddd57591a494e04841521b2f73ce0e1/window/rect - {}
RESULT: {}
COMMAND: POST /session/5ddd57591a494e04841521b2f73ce0e1/execute/sync - {"script":"<script> [92 bytes]","args":[]}
RESULT: {"script":"<script> [92 bytes]","args":[]}
COMMAND: POST /session/5ddd57591a494e04841521b2f73ce0e1/actions - {"actions":[{"id":"action1","type":"wheel","parameters":{},"actions":[{"type":"scroll","x":-1841,"y":-44,"deltaX":0,"deltaY":0,"duration":0,"origin":{"element-6066-11e4-a52e-4f735466cecf":"f.76BD0702E8726841DC63080813E8F96A.d.8D803B255B65344489179FAE69A619A6.e.569"}}]}]}
COMMAND: GET /session/5ddd57591a494e04841521b2f73ce0e1/screenshot - {}
RESULT: {}
COMMAND: POST /session/5ddd57591a494e04841521b2f73ce0e1/execute/sync - {"script":"<script> [79 bytes]","args":[{"element-6066-11e4-a52e-4f735466cecf":"f.76BD0702E8726841DC63080813E8F96A.d.8D803B255B65344489179FAE69A619A6.e.569","ELEMENT":"f.76BD0702E8726841DC63080813E8F96A.d.8D803B255B65344489179FAE69A619A6.e.569"},{"block":"start","inline":"nearest"}]}
RESULT: {"script":"<script> [79 bytes]","args":[{"element-6066-11e4-a52e-4f735466cecf":"f.76BD0702E8726841DC63080813E8F96A.d.8D803B255B65344489179FAE69A619A6.e.569","ELEMENT":"f.76BD0702E8726841DC63080813E8F96A.d.8D803B255B65344489179FAE69A619A6.e.569"},{"block":"start","inline":"nearest"}]}
COMMAND: GET /session/5ddd57591a494e04841521b2f73ce0e1/screenshot - {}
RESULT: {}
COMMAND: POST /session/5ddd57591a494e04841521b2f73ce0e1/execute/async - {"script":"<script> [1562 bytes]","args":[{"selector":{"id":"application-manageyards-display-component---NewYard--addressEditDetailsCostObjectCstType-arrow"},"wdio_ui5_key":"applicationmanageyards-display-component---NewYard--addressEditDetailsCostObjectCstType-arrow"}]}
RESULT: {"script":"<script> [1562 bytes]","args":[{"selector":{"id":"application-manageyards-display-component---NewYard--addressEditDetailsCostObjectCstType-arrow"},"wdio_ui5_key":"applicationmanageyards-display-component---NewYard--addressEditDetailsCostObjectCstType-arrow"}]}
RESULT: undefined
COMMAND: POST /session/5ddd57591a494e04841521b2f73ce0e1/element - {"using":"xpath","value":"//*[@id=\"application-manageyards-display-component---NewYard--addressEditDetailsCostObjectCstType-arrow\"]"}
RESULT: {"using":"xpath","value":"//*[@id=\"application-manageyards-display-component---NewYard--addressEditDetailsCostObjectCstType-arrow\"]"}
COMMAND: POST /session/5ddd57591a494e04841521b2f73ce0e1/element/f.76BD0702E8726841DC63080813E8F96A.d.8D803B255B65344489179FAE69A619A6.e.577/click - {}
RESULT: {}
COMMAND: POST /session/5ddd57591a494e04841521b2f73ce0e1/element - {"using":"xpath","value":"//span[contains(text(), \"Cost Center\")]"}
COMMAND: GET /session/5ddd57591a494e04841521b2f73ce0e1/screenshot - {}
RESULT: {"using":"xpath","value":"//span[contains(text(), \"Cost Center\")]"}
COMMAND: POST /session/5ddd57591a494e04841521b2f73ce0e1/element/f.76BD0702E8726841DC63080813E8F96A.d.8D803B255B65344489179FAE69A619A6.e.578/click - {}
RESULT: {}
RESULT: {}
COMMAND: GET /session/5ddd57591a494e04841521b2f73ce0e1/screenshot - {}
RESULT: {}
COMMAND: POST /session/5ddd57591a494e04841521b2f73ce0e1/execute/async - {"script":"<script> [1562 bytes]","args":[{"selector":{"id":"application-manageyards-display-component---NewYard--addressNewCostObjectCstID-vhi"},"wdio_ui5_key":"applicationmanageyards-display-component---NewYard--addressNewCostObjectCstID-vhi"}]}
RESULT: {"script":"<script> [1562 bytes]","args":[{"selector":{"id":"application-manageyards-display-component---NewYard--addressNewCostObjectCstID-vhi"},"wdio_ui5_key":"applicationmanageyards-display-component---NewYard--addressNewCostObjectCstID-vhi"}]}
RESULT: undefined
COMMAND: POST /session/5ddd57591a494e04841521b2f73ce0e1/element - {"using":"xpath","value":"//*[@id=\"application-manageyards-display-component---NewYard--addressNewCostObjectCstID-vhi\"]"}
RESULT: {"using":"xpath","value":"//*[@id=\"application-manageyards-display-component---NewYard--addressNewCostObjectCstID-vhi\"]"}
COMMAND: POST /session/5ddd57591a494e04841521b2f73ce0e1/element/f.76BD0702E8726841DC63080813E8F96A.d.8D803B255B65344489179FAE69A619A6.e.582/click - {}
RESULT: {}
COMMAND: GET /session/5ddd57591a494e04841521b2f73ce0e1/screenshot - {}
RESULT: {}
COMMAND: POST /session/5ddd57591a494e04841521b2f73ce0e1/execute/async - {"script":"<script> [1562 bytes]","args":[{"selector":{"controlType":"sap.m.SearchField","properties":{"placeholder":"Search"},"searchOpenDialogs":true,"interaction":{"idSuffix":"I"}},"wdio_ui5_key":"sapm.SearchField{\"placeholder\":\"Search\"}"}]}
RESULT: {"script":"<script> [1562 bytes]","args":[{"selector":{"controlType":"sap.m.SearchField","properties":{"placeholder":"Search"},"searchOpenDialogs":true,"interaction":{"idSuffix":"I"}},"wdio_ui5_key":"sapm.SearchField{\"placeholder\":\"Search\"}"}]}
RESULT: undefined
COMMAND: POST /session/5ddd57591a494e04841521b2f73ce0e1/execute/async - {"script":"<script> [776 bytes]","args":[{"enterText":"10001013","selector":{"controlType":"sap.m.SearchField","properties":{"placeholder":"Search"},"searchOpenDialogs":true,"interaction":{"idSuffix":"I"}},"clearTextFirst":true,"interactionType":"ENTER_TEXT"}]}
RESULT: {"script":"<script> [776 bytes]","args":[{"enterText":"10001013","selector":{"controlType":"sap.m.SearchField","properties":{"placeholder":"Search"},"searchOpenDialogs":true,"interaction":{"idSuffix":"I"}},"clearTextFirst":true,"interactionType":"ENTER_TEXT"}]}
COMMAND: POST /session/5ddd57591a494e04841521b2f73ce0e1/actions - {"actions":[{"id":"action2","type":"key","parameters":{},"actions":[{"type":"keyDown","value":"î€‡"},{"type":"pause","duration":10},{"type":"keyUp","value":"î€‡"}]}]}
RESULT: {"actions":[{"id":"action2","type":"key","parameters":{},"actions":[{"type":"keyDown","value":"î€‡"},{"type":"pause","duration":10},{"type":"keyUp","value":"î€‡"}]}]}
COMMAND: GET /session/5ddd57591a494e04841521b2f73ce0e1/screenshot - {}
RESULT: {}
COMMAND: POST /session/5ddd57591a494e04841521b2f73ce0e1/element - {"using":"xpath","value":"//span[contains(text(), \"General Management\")]"}
RESULT: {"using":"xpath","value":"//span[contains(text(), \"General Management\")]"}
COMMAND: POST /session/5ddd57591a494e04841521b2f73ce0e1/element/f.76BD0702E8726841DC63080813E8F96A.d.8D803B255B65344489179FAE69A619A6.e.623/click - {}
RESULT: {}
COMMAND: GET /session/5ddd57591a494e04841521b2f73ce0e1/screenshot - {}
RESULT: {}
COMMAND: POST /session/5ddd57591a494e04841521b2f73ce0e1/element - {"using":"xpath","value":"//bdi[contains(text(), \"OK\")]"}
RESULT: {"using":"xpath","value":"//bdi[contains(text(), \"OK\")]"}
COMMAND: POST /session/5ddd57591a494e04841521b2f73ce0e1/element/f.76BD0702E8726841DC63080813E8F96A.d.8D803B255B65344489179FAE69A619A6.e.624/click - {}
RESULT: {}
COMMAND: GET /session/5ddd57591a494e04841521b2f73ce0e1/screenshot - {}
RESULT: {}
COMMAND: POST /session/5ddd57591a494e04841521b2f73ce0e1/execute/async - {"script":"<script> [1562 bytes]","args":[{"selector":{"controlType":"sap.m.Button","viewName":"etm.portal.ui.manageyards.view.New","viewId":"application-manageyards-display-component---NewYard","i18NText":{"propertyName":"text","key":"save"},"interaction":{"idSuffix":"inner"}},"wdio_ui5_key":"etmportal.ui.manageyards.view.Newsap.m.Button{\"propertyName\":\"text\",\"key\":\"save\"}"}]}
RESULT: {"script":"<script> [1562 bytes]","args":[{"selector":{"controlType":"sap.m.Button","viewName":"etm.portal.ui.manageyards.view.New","viewId":"application-manageyards-display-component---NewYard","i18NText":{"propertyName":"text","key":"save"},"interaction":{"idSuffix":"inner"}},"wdio_ui5_key":"etmportal.ui.manageyards.view.Newsap.m.Button{\"propertyName\":\"text\",\"key\":\"save\"}"}]}
RESULT: undefined
COMMAND: POST /session/5ddd57591a494e04841521b2f73ce0e1/element - {"using":"xpath","value":"//*[@id=\"__button18\"]"}
RESULT: {"using":"xpath","value":"//*[@id=\"__button18\"]"}
COMMAND: POST /session/5ddd57591a494e04841521b2f73ce0e1/element/f.76BD0702E8726841DC63080813E8F96A.d.8D803B255B65344489179FAE69A619A6.e.545/click - {}
RESULT: {}
COMMAND: GET /session/5ddd57591a494e04841521b2f73ce0e1/screenshot - {}
RESULT: {}
COMMAND: POST /session/5ddd57591a494e04841521b2f73ce0e1/element - {"using":"xpath","value":"//header/div/div[2]/div[2]/span"}
RESULT: {"using":"xpath","value":"//header/div/div[2]/div[2]/span"}
COMMAND: GET /session/5ddd57591a494e04841521b2f73ce0e1/element/f.76BD0702E8726841DC63080813E8F96A.d.8D803B255B65344489179FAE69A619A6.e.821/text - {}
RESULT: {}
COMMAND: POST /session/5ddd57591a494e04841521b2f73ce0e1/execute/async - {"script":"<script> [1562 bytes]","args":[{"selector":{"controlType":"sap.m.OverflowToolbarButton","viewName":"etm.portal.ui.manageyards.view.Detail","viewId":"application-manageyards-display-component---detailYard","i18NText":{"propertyName":"tooltip","key":"closeColumn"},"interaction":{"idSuffix":"inner"}},"wdio_ui5_key":"etmportal.ui.manageyards.view.Detailsap.m.OverflowToolbarButton{\"propertyName\":\"tooltip\",\"key\":\"closeColumn\"}"}]}
RESULT: {"script":"<script> [1562 bytes]","args":[{"selector":{"controlType":"sap.m.OverflowToolbarButton","viewName":"etm.portal.ui.manageyards.view.Detail","viewId":"application-manageyards-display-component---detailYard","i18NText":{"propertyName":"tooltip","key":"closeColumn"},"interaction":{"idSuffix":"inner"}},"wdio_ui5_key":"etmportal.ui.manageyards.view.Detailsap.m.OverflowToolbarButton{\"propertyName\":\"tooltip\",\"key\":\"closeColumn\"}"}]}
RESULT: undefined
COMMAND: POST /session/5ddd57591a494e04841521b2f73ce0e1/element - {"using":"xpath","value":"//*[@id=\"__button42\"]"}
RESULT: {"using":"xpath","value":"//*[@id=\"__button42\"]"}
COMMAND: POST /session/5ddd57591a494e04841521b2f73ce0e1/element/f.76BD0702E8726841DC63080813E8F96A.d.8D803B255B65344489179FAE69A619A6.e.823/click - {}
RESULT: {}
COMMAND: GET /session/5ddd57591a494e04841521b2f73ce0e1/screenshot - {}
RESULT: {}
COMMAND: POST /session/5ddd57591a494e04841521b2f73ce0e1/element - {"using":"css selector","value":"#shell-header-logo"}
RESULT: {"using":"css selector","value":"#shell-header-logo"}
COMMAND: POST /session/5ddd57591a494e04841521b2f73ce0e1/element/f.76BD0702E8726841DC63080813E8F96A.d.8D803B255B65344489179FAE69A619A6.e.115/click - {}
RESULT: {}
COMMAND: GET /session/5ddd57591a494e04841521b2f73ce0e1/screenshot - {}
RESULT: {}
COMMAND: POST /session/5ddd57591a494e04841521b2f73ce0e1/refresh - {}
RESULT: {}
COMMAND: GET /session/5ddd57591a494e04841521b2f73ce0e1/screenshot - {}
RESULT: {}
COMMAND: POST /session/5ddd57591a494e04841521b2f73ce0e1/execute/async - {"script":"<script> [189 bytes]","args":[]}
RESULT: {"script":"<script> [189 bytes]","args":[]}
COMMAND: POST /session/5ddd57591a494e04841521b2f73ce0e1/execute/async - {"script":"<script> [123 bytes]","args":[]}
RESULT: {"script":"<script> [123 bytes]","args":[]}
COMMAND: POST /session/5ddd57591a494e04841521b2f73ce0e1/timeouts - {"script":"<number>"}
RESULT: {"script":"<number>"}
COMMAND: GET /session/5ddd57591a494e04841521b2f73ce0e1/timeouts - {}
RESULT: {}
RESULT: undefined
COMMAND: POST /session/5ddd57591a494e04841521b2f73ce0e1/execute/async - {"script":"<script> [2676 bytes]","args":[]}
RESULT: {"script":"<script> [2676 bytes]","args":[]}
COMMAND: POST /session/5ddd57591a494e04841521b2f73ce0e1/execute/async - {"script":"<script> [2342 bytes]","args":[{"protocol":"http","hostname":"0.0.0.0","path":"/","capabilities":{"browserName":"chrome","goog:chromeOptions":{"binary":"C:\\Program Files\\Google\\Chrome\\Application\\chrome.exe","args":["--start-maximized"]}},"logLevel":"warn","connectionRetryTimeout":120000,"connectionRetryCount":3,"logLevels":{},"enableDirectConnect":true,"strictSSL":true,"_":"65 more keys: [\"cacheDir\",\"port\",\"requestedCapabilities\",\"automationProtocol\",\"baseUrl\",\"waitforInterval\",\"waitforTimeout\",\"onReload\",\"beforeCommand\",\"afterCommand\",\"rootDir\",\"specs\",\"suites\",\"exclude\",\"groupLogsByTestSpec\",\"excludeDriverLogs\",\"bail\",\"framework\",\"reporters\",\"services\",\"maxInstances\",\"maxInstancesPerCapability\",\"injectGlobals\",\"filesToWatch\",\"execArgv\",\"runnerEnv\",\"runner\",\"shard\",\"specFileRetries\",\"specFileRetriesDelay\",\"specFileRetriesDeferred\",\"reporterSyncInterval\",\"reporterSyncTimeout\",\"cucumberFeaturesWithLineNumbers\",\"autoCompileOpts\",\"mochaOpts\",\"jasmineOpts\",\"cucumberOpts\",\"onPrepare\",\"onWorkerStart\",\"onWorkerEnd\",\"before\",\"beforeSession\",\"beforeSuite\",\"beforeHook\",\"beforeTest\",\"afterTest\",\"afterHook\",\"afterSuite\",\"afterSession\",\"after\",\"onComplete\",\"beforeAssertion\",\"afterAssertion\",\"beforeFeature\",\"beforeScenario\",\"beforeStep\",\"afterStep\",\"afterScenario\",\"afterFeature\",\"_\",\"suite\",\"$0\",\"ignoredWorkerServices\",\"wdi5\"]"}]}
RESULT: {"script":"<script> [2342 bytes]","args":[{"protocol":"http","hostname":"0.0.0.0","path":"/","capabilities":{"browserName":"chrome","goog:chromeOptions":{"binary":"C:\\Program Files\\Google\\Chrome\\Application\\chrome.exe","args":["--start-maximized"]}},"logLevel":"warn","connectionRetryTimeout":120000,"connectionRetryCount":3,"logLevels":{},"enableDirectConnect":true,"strictSSL":true,"_":"65 more keys: [\"cacheDir\",\"port\",\"requestedCapabilities\",\"automationProtocol\",\"baseUrl\",\"waitforInterval\",\"waitforTimeout\",\"onReload\",\"beforeCommand\",\"afterCommand\",\"rootDir\",\"specs\",\"suites\",\"exclude\",\"groupLogsByTestSpec\",\"excludeDriverLogs\",\"bail\",\"framework\",\"reporters\",\"services\",\"maxInstances\",\"maxInstancesPerCapability\",\"injectGlobals\",\"filesToWatch\",\"execArgv\",\"runnerEnv\",\"runner\",\"shard\",\"specFileRetries\",\"specFileRetriesDelay\",\"specFileRetriesDeferred\",\"reporterSyncInterval\",\"reporterSyncTimeout\",\"cucumberFeaturesWithLineNumbers\",\"autoCompileOpts\",\"mochaOpts\",\"jasmineOpts\",\"cucumberOpts\",\"onPrepare\",\"onWorkerStart\",\"onWorkerEnd\",\"before\",\"beforeSession\",\"beforeSuite\",\"beforeHook\",\"beforeTest\",\"afterTest\",\"afterHook\",\"afterSuite\",\"afterSession\",\"after\",\"onComplete\",\"beforeAssertion\",\"afterAssertion\",\"beforeFeature\",\"beforeScenario\",\"beforeStep\",\"afterStep\",\"afterScenario\",\"afterFeature\",\"_\",\"suite\",\"$0\",\"ignoredWorkerServices\",\"wdi5\"]"}]}
COMMAND: POST /session/5ddd57591a494e04841521b2f73ce0e1/execute/async - {"script":"<script> [21126 bytes]","args":[35000]}
RESULT: {"script":"<script> [21126 bytes]","args":[35000]}
COMMAND: POST /session/5ddd57591a494e04841521b2f73ce0e1/execute/async - {"script":"<script> [1562 bytes]","args":[{"selector":{"controlType":"sap.m.GenericTile","properties":{"header":"Manage Partners"}},"wdio_ui5_key":"sapm.GenericTile{\"header\":\"Manage Partners\"}"}]}
RESULT: {"script":"<script> [1562 bytes]","args":[{"selector":{"controlType":"sap.m.GenericTile","properties":{"header":"Manage Partners"}},"wdio_ui5_key":"sapm.GenericTile{\"header\":\"Manage Partners\"}"}]}
RESULT: undefined
COMMAND: POST /session/5ddd57591a494e04841521b2f73ce0e1/element - {"using":"xpath","value":"//*[@id=\"__tile38\"]"}
RESULT: {"using":"xpath","value":"//*[@id=\"__tile38\"]"}
COMMAND: POST /session/5ddd57591a494e04841521b2f73ce0e1/element/f.76BD0702E8726841DC63080813E8F96A.d.8C09AE7A05853FBC591DEACEFBE3B9A2.e.1177/click - {}
RESULT: {}
COMMAND: GET /session/5ddd57591a494e04841521b2f73ce0e1/screenshot - {}
RESULT: {}
COMMAND: POST /session/5ddd57591a494e04841521b2f73ce0e1/elements - {"using":"xpath","value":"//span[text()='Error']"}
RESULT: {"using":"xpath","value":"//span[text()='Error']"}
COMMAND: POST /session/5ddd57591a494e04841521b2f73ce0e1/execute/async - {"script":"<script> [1562 bytes]","args":[{"selector":{"controlType":"sap.ui.core.Icon","viewName":"etm.portal.ui.managepartners.view.Master","viewId":"application-managepartners-display-component---masterPtm","properties":{"src":{"regex":{"source":"add"}}}},"wdio_ui5_key":"etmportal.ui.managepartners.view.Mastersap.ui.core.Icon{\"src\":{\"regex\":{\"source\":\"add\"}}}"}]}
RESULT: {"script":"<script> [1562 bytes]","args":[{"selector":{"controlType":"sap.ui.core.Icon","viewName":"etm.portal.ui.managepartners.view.Master","viewId":"application-managepartners-display-component---masterPtm","properties":{"src":{"regex":{"source":"add"}}}},"wdio_ui5_key":"etmportal.ui.managepartners.view.Mastersap.ui.core.Icon{\"src\":{\"regex\":{\"source\":\"add\"}}}"}]}
RESULT: undefined
COMMAND: POST /session/5ddd57591a494e04841521b2f73ce0e1/element - {"using":"xpath","value":"//*[@id=\"__button4-img\"]"}
RESULT: {"using":"xpath","value":"//*[@id=\"__button4-img\"]"}
COMMAND: POST /session/5ddd57591a494e04841521b2f73ce0e1/element/f.76BD0702E8726841DC63080813E8F96A.d.8C09AE7A05853FBC591DEACEFBE3B9A2.e.1227/click - {}
RESULT: {}
COMMAND: GET /session/5ddd57591a494e04841521b2f73ce0e1/screenshot - {}
RESULT: {}
COMMAND: POST /session/5ddd57591a494e04841521b2f73ce0e1/execute/async - {"script":"<script> [1562 bytes]","args":[{"selector":{"id":"application-managepartners-display-component---NewPartner--partnerId","interaction":{"idSuffix":"inner"}},"wdio_ui5_key":"applicationmanagepartners-display-component---NewPartner--partnerId"}]}
RESULT: {"script":"<script> [1562 bytes]","args":[{"selector":{"id":"application-managepartners-display-component---NewPartner--partnerId","interaction":{"idSuffix":"inner"}},"wdio_ui5_key":"applicationmanagepartners-display-component---NewPartner--partnerId"}]}
RESULT: undefined
COMMAND: POST /session/5ddd57591a494e04841521b2f73ce0e1/execute/async - {"script":"<script> [1562 bytes]","args":[{"selector":{"id":"application-managepartners-display-component---NewPartner--addressDetailDetailsName1","interaction":{"idSuffix":"inner"}},"wdio_ui5_key":"applicationmanagepartners-display-component---NewPartner--addressDetailDetailsName1"}]}
RESULT: {"script":"<script> [1562 bytes]","args":[{"selector":{"id":"application-managepartners-display-component---NewPartner--addressDetailDetailsName1","interaction":{"idSuffix":"inner"}},"wdio_ui5_key":"applicationmanagepartners-display-component---NewPartner--addressDetailDetailsName1"}]}
RESULT: undefined
COMMAND: POST /session/5ddd57591a494e04841521b2f73ce0e1/execute/async - {"script":"<script> [776 bytes]","args":[{"enterText":"WebdriverPartnernvhqh","selector":{"id":"application-managepartners-display-component---NewPartner--addressDetailDetailsName1","interaction":{"idSuffix":"inner"}},"clearTextFirst":true,"interactionType":"ENTER_TEXT"}]}
RESULT: {"script":"<script> [776 bytes]","args":[{"enterText":"WebdriverPartnernvhqh","selector":{"id":"application-managepartners-display-component---NewPartner--addressDetailDetailsName1","interaction":{"idSuffix":"inner"}},"clearTextFirst":true,"interactionType":"ENTER_TEXT"}]}
COMMAND: POST /session/5ddd57591a494e04841521b2f73ce0e1/execute/async - {"script":"<script> [1562 bytes]","args":[{"selector":{"id":"application-managepartners-display-component---NewPartner--addressDetailDetailsLanguage","interaction":{"idSuffix":"inner"}},"wdio_ui5_key":"applicationmanagepartners-display-component---NewPartner--addressDetailDetailsLanguage"}]}
RESULT: {"script":"<script> [1562 bytes]","args":[{"selector":{"id":"application-managepartners-display-component---NewPartner--addressDetailDetailsLanguage","interaction":{"idSuffix":"inner"}},"wdio_ui5_key":"applicationmanagepartners-display-component---NewPartner--addressDetailDetailsLanguage"}]}
RESULT: undefined
COMMAND: POST /session/5ddd57591a494e04841521b2f73ce0e1/execute/async - {"script":"<script> [776 bytes]","args":[{"enterText":"Romanian","selector":{"id":"application-managepartners-display-component---NewPartner--addressDetailDetailsLanguage","interaction":{"idSuffix":"inner"}},"clearTextFirst":true,"interactionType":"ENTER_TEXT"}]}
RESULT: {"script":"<script> [776 bytes]","args":[{"enterText":"Romanian","selector":{"id":"application-managepartners-display-component---NewPartner--addressDetailDetailsLanguage","interaction":{"idSuffix":"inner"}},"clearTextFirst":true,"interactionType":"ENTER_TEXT"}]}
COMMAND: POST /session/5ddd57591a494e04841521b2f73ce0e1/element - {"using":"xpath","value":"//input[contains(@id ,\"application-managepartners-display-component---NewPartner--addressDetailDetailsName1-inner\")]"}
RESULT: {"using":"xpath","value":"//input[contains(@id ,\"application-managepartners-display-component---NewPartner--addressDetailDetailsName1-inner\")]"}
COMMAND: GET /session/5ddd57591a494e04841521b2f73ce0e1/element/f.76BD0702E8726841DC63080813E8F96A.d.8C09AE7A05853FBC591DEACEFBE3B9A2.e.1400/property/value - {}
RESULT: {}
COMMAND: POST /session/5ddd57591a494e04841521b2f73ce0e1/execute/async - {"script":"<script> [1562 bytes]","args":[{"selector":{"id":"application-managepartners-display-component---NewPartner--addressDetailDetailsCity1","interaction":{"idSuffix":"inner"}},"wdio_ui5_key":"applicationmanagepartners-display-component---NewPartner--addressDetailDetailsCity1"}]}
COMMAND: GET /session/5ddd57591a494e04841521b2f73ce0e1/screenshot - {}
RESULT: {"script":"<script> [1562 bytes]","args":[{"selector":{"id":"application-managepartners-display-component---NewPartner--addressDetailDetailsCity1","interaction":{"idSuffix":"inner"}},"wdio_ui5_key":"applicationmanagepartners-display-component---NewPartner--addressDetailDetailsCity1"}]}
RESULT: undefined
COMMAND: POST /session/5ddd57591a494e04841521b2f73ce0e1/execute/async - {"script":"<script> [776 bytes]","args":[{"enterText":"Bucharest","selector":{"id":"application-managepartners-display-component---NewPartner--addressDetailDetailsCity1","interaction":{"idSuffix":"inner"}},"clearTextFirst":true,"interactionType":"ENTER_TEXT"}]}
RESULT: {}
RESULT: {"script":"<script> [776 bytes]","args":[{"enterText":"Bucharest","selector":{"id":"application-managepartners-display-component---NewPartner--addressDetailDetailsCity1","interaction":{"idSuffix":"inner"}},"clearTextFirst":true,"interactionType":"ENTER_TEXT"}]}
COMMAND: POST /session/5ddd57591a494e04841521b2f73ce0e1/execute/async - {"script":"<script> [1562 bytes]","args":[{"selector":{"id":"application-managepartners-display-component---NewPartner--addressDetailDetailsCountry","interaction":{"idSuffix":"inner"}},"wdio_ui5_key":"applicationmanagepartners-display-component---NewPartner--addressDetailDetailsCountry"}]}
RESULT: {"script":"<script> [1562 bytes]","args":[{"selector":{"id":"application-managepartners-display-component---NewPartner--addressDetailDetailsCountry","interaction":{"idSuffix":"inner"}},"wdio_ui5_key":"applicationmanagepartners-display-component---NewPartner--addressDetailDetailsCountry"}]}
RESULT: undefined
COMMAND: POST /session/5ddd57591a494e04841521b2f73ce0e1/execute/async - {"script":"<script> [6424 bytes]","args":[{"element-6066-11e4-a52e-4f735466cecf":"f.76BD0702E8726841DC63080813E8F96A.d.8C09AE7A05853FBC591DEACEFBE3B9A2.e.1407"},"setValue",["Romania"]]}
RESULT: {"script":"<script> [6424 bytes]","args":[{"element-6066-11e4-a52e-4f735466cecf":"f.76BD0702E8726841DC63080813E8F96A.d.8C09AE7A05853FBC591DEACEFBE3B9A2.e.1407"},"setValue",["Romania"]]}
COMMAND: POST /session/5ddd57591a494e04841521b2f73ce0e1/execute/async - {"script":"<script> [1562 bytes]","args":[{"selector":{"id":"application-managepartners-display-component---NewPartner--partnerDetailInternal","interaction":{"idSuffix":"inner"}},"wdio_ui5_key":"applicationmanagepartners-display-component---NewPartner--partnerDetailInternal"}]}
RESULT: {"script":"<script> [1562 bytes]","args":[{"selector":{"id":"application-managepartners-display-component---NewPartner--partnerDetailInternal","interaction":{"idSuffix":"inner"}},"wdio_ui5_key":"applicationmanagepartners-display-component---NewPartner--partnerDetailInternal"}]}
RESULT: undefined
COMMAND: POST /session/5ddd57591a494e04841521b2f73ce0e1/execute/async - {"script":"<script> [776 bytes]","args":[{"enterText":"External partner","selector":{"id":"application-managepartners-display-component---NewPartner--partnerDetailInternal","interaction":{"idSuffix":"inner"}},"clearTextFirst":true,"interactionType":"ENTER_TEXT"}]}
RESULT: {"script":"<script> [776 bytes]","args":[{"enterText":"External partner","selector":{"id":"application-managepartners-display-component---NewPartner--partnerDetailInternal","interaction":{"idSuffix":"inner"}},"clearTextFirst":true,"interactionType":"ENTER_TEXT"}]}
COMMAND: POST /session/5ddd57591a494e04841521b2f73ce0e1/execute/async - {"script":"<script> [1562 bytes]","args":[{"selector":{"id":"application-managepartners-display-component---NewPartner--partnerDetailsCurrency","interaction":{"idSuffix":"inner"}},"wdio_ui5_key":"applicationmanagepartners-display-component---NewPartner--partnerDetailsCurrency"}]}
RESULT: {"script":"<script> [1562 bytes]","args":[{"selector":{"id":"application-managepartners-display-component---NewPartner--partnerDetailsCurrency","interaction":{"idSuffix":"inner"}},"wdio_ui5_key":"applicationmanagepartners-display-component---NewPartner--partnerDetailsCurrency"}]}
RESULT: undefined
COMMAND: POST /session/5ddd57591a494e04841521b2f73ce0e1/execute/async - {"script":"<script> [776 bytes]","args":[{"enterText":"Euro","selector":{"id":"application-managepartners-display-component---NewPartner--partnerDetailsCurrency","interaction":{"idSuffix":"inner"}},"clearTextFirst":true,"interactionType":"ENTER_TEXT"}]}
RESULT: {"script":"<script> [776 bytes]","args":[{"enterText":"Euro","selector":{"id":"application-managepartners-display-component---NewPartner--partnerDetailsCurrency","interaction":{"idSuffix":"inner"}},"clearTextFirst":true,"interactionType":"ENTER_TEXT"}]}
COMMAND: POST /session/5ddd57591a494e04841521b2f73ce0e1/execute/async - {"script":"<script> [1562 bytes]","args":[{"selector":{"controlType":"sap.m.Button","viewName":"etm.portal.ui.managepartners.view.NewPartner","viewId":"application-managepartners-display-component---NewPartner","properties":{"text":"Commercial"},"interaction":{"idSuffix":"BDI-content"}},"wdio_ui5_key":"etmportal.ui.managepartners.view.NewPartnersap.m.Button{\"text\":\"Commercial\"}"}]}
RESULT: {"script":"<script> [1562 bytes]","args":[{"selector":{"controlType":"sap.m.Button","viewName":"etm.portal.ui.managepartners.view.NewPartner","viewId":"application-managepartners-display-component---NewPartner","properties":{"text":"Commercial"},"interaction":{"idSuffix":"BDI-content"}},"wdio_ui5_key":"etmportal.ui.managepartners.view.NewPartnersap.m.Button{\"text\":\"Commercial\"}"}]}
RESULT: undefined
COMMAND: POST /session/5ddd57591a494e04841521b2f73ce0e1/element - {"using":"xpath","value":"//*[@id=\"application-managepartners-display-component---NewPartner--ObjectPageLayout-anchBar-__section5-anchor\"]"}
RESULT: {"using":"xpath","value":"//*[@id=\"application-managepartners-display-component---NewPartner--ObjectPageLayout-anchBar-__section5-anchor\"]"}
COMMAND: POST /session/5ddd57591a494e04841521b2f73ce0e1/element/f.76BD0702E8726841DC63080813E8F96A.d.8C09AE7A05853FBC591DEACEFBE3B9A2.e.1643/click - {}
RESULT: {}
COMMAND: GET /session/5ddd57591a494e04841521b2f73ce0e1/screenshot - {}
RESULT: {}
COMMAND: POST /session/5ddd57591a494e04841521b2f73ce0e1/execute/async - {"script":"<script> [1562 bytes]","args":[{"selector":{"id":"application-managepartners-display-component---NewPartner--btnAddTableRow-img"},"wdio_ui5_key":"applicationmanagepartners-display-component---NewPartner--btnAddTableRow-img"}]}
RESULT: {"script":"<script> [1562 bytes]","args":[{"selector":{"id":"application-managepartners-display-component---NewPartner--btnAddTableRow-img"},"wdio_ui5_key":"applicationmanagepartners-display-component---NewPartner--btnAddTableRow-img"}]}
RESULT: undefined
COMMAND: POST /session/5ddd57591a494e04841521b2f73ce0e1/element - {"using":"xpath","value":"//*[@id=\"application-managepartners-display-component---NewPartner--btnAddTableRow-img\"]"}
RESULT: {"using":"xpath","value":"//*[@id=\"application-managepartners-display-component---NewPartner--btnAddTableRow-img\"]"}
COMMAND: POST /session/5ddd57591a494e04841521b2f73ce0e1/element/f.76BD0702E8726841DC63080813E8F96A.d.8C09AE7A05853FBC591DEACEFBE3B9A2.e.1651/click - {}
RESULT: {}
COMMAND: POST /session/5ddd57591a494e04841521b2f73ce0e1/element - {"using":"xpath","value":"//input[contains(@id ,\"application-managepartners-display-component---NewPartner--assignmentYard-application-managepartners-display-component---NewPartner\")]"}
COMMAND: GET /session/5ddd57591a494e04841521b2f73ce0e1/screenshot - {}
RESULT: {"using":"xpath","value":"//input[contains(@id ,\"application-managepartners-display-component---NewPartner--assignmentYard-application-managepartners-display-component---NewPartner\")]"}
COMMAND: POST /session/5ddd57591a494e04841521b2f73ce0e1/element/f.76BD0702E8726841DC63080813E8F96A.d.8C09AE7A05853FBC591DEACEFBE3B9A2.e.1654/clear - {}
RESULT: {}
RESULT: {}
COMMAND: POST /session/5ddd57591a494e04841521b2f73ce0e1/element/f.76BD0702E8726841DC63080813E8F96A.d.8C09AE7A05853FBC591DEACEFBE3B9A2.e.1654/value - {"text":"WebdriverYarduw3gx"}
COMMAND: GET /session/5ddd57591a494e04841521b2f73ce0e1/screenshot - {}
RESULT: {"text":"WebdriverYarduw3gx"}
COMMAND: GET /session/5ddd57591a494e04841521b2f73ce0e1/screenshot - {}
RESULT: {}
RESULT: {}
COMMAND: POST /session/5ddd57591a494e04841521b2f73ce0e1/execute/async - {"script":"<script> [1562 bytes]","args":[{"selector":{"controlType":"sap.m.Button","viewName":"etm.portal.ui.managepartners.view.NewPartner","viewId":"application-managepartners-display-component---NewPartner","i18NText":{"propertyName":"text","key":"save"},"interaction":{"idSuffix":"BDI-content"}},"wdio_ui5_key":"etmportal.ui.managepartners.view.NewPartnersap.m.Button{\"propertyName\":\"text\",\"key\":\"save\"}"}]}
RESULT: {"script":"<script> [1562 bytes]","args":[{"selector":{"controlType":"sap.m.Button","viewName":"etm.portal.ui.managepartners.view.NewPartner","viewId":"application-managepartners-display-component---NewPartner","i18NText":{"propertyName":"text","key":"save"},"interaction":{"idSuffix":"BDI-content"}},"wdio_ui5_key":"etmportal.ui.managepartners.view.NewPartnersap.m.Button{\"propertyName\":\"text\",\"key\":\"save\"}"}]}
RESULT: undefined
COMMAND: POST /session/5ddd57591a494e04841521b2f73ce0e1/element - {"using":"xpath","value":"//*[@id=\"__button12\"]"}
RESULT: {"using":"xpath","value":"//*[@id=\"__button12\"]"}
COMMAND: POST /session/5ddd57591a494e04841521b2f73ce0e1/element/f.76BD0702E8726841DC63080813E8F96A.d.8C09AE7A05853FBC591DEACEFBE3B9A2.e.1616/click - {}
RESULT: {}
COMMAND: GET /session/5ddd57591a494e04841521b2f73ce0e1/screenshot - {}
RESULT: {}
COMMAND: POST /session/5ddd57591a494e04841521b2f73ce0e1/element - {"using":"xpath","value":"//header/div/div[2]/div[2]/span"}
RESULT: {"using":"xpath","value":"//header/div/div[2]/div[2]/span"}
COMMAND: GET /session/5ddd57591a494e04841521b2f73ce0e1/element/f.76BD0702E8726841DC63080813E8F96A.d.8C09AE7A05853FBC591DEACEFBE3B9A2.e.1823/text - {}
RESULT: {}
COMMAND: POST /session/5ddd57591a494e04841521b2f73ce0e1/element - {"using":"xpath","value":"//header/div/div/div/div/div/div[2]/div/span"}
RESULT: {"using":"xpath","value":"//header/div/div/div/div/div/div[2]/div/span"}
COMMAND: GET /session/5ddd57591a494e04841521b2f73ce0e1/element/f.76BD0702E8726841DC63080813E8F96A.d.8C09AE7A05853FBC591DEACEFBE3B9A2.e.1824/text - {}
RESULT: {}
COMMAND: POST /session/5ddd57591a494e04841521b2f73ce0e1/execute/async - {"script":"<script> [1562 bytes]","args":[{"selector":{"id":"application-managepartners-display-component---detailPtm--partnerType"},"wdio_ui5_key":"applicationmanagepartners-display-component---detailPtm--partnerType"}]}
RESULT: {"script":"<script> [1562 bytes]","args":[{"selector":{"id":"application-managepartners-display-component---detailPtm--partnerType"},"wdio_ui5_key":"applicationmanagepartners-display-component---detailPtm--partnerType"}]}
RESULT: undefined
COMMAND: POST /session/5ddd57591a494e04841521b2f73ce0e1/execute/async - {"script":"<script> [6424 bytes]","args":[{"element-6066-11e4-a52e-4f735466cecf":"f.76BD0702E8726841DC63080813E8F96A.d.8C09AE7A05853FBC591DEACEFBE3B9A2.e.1825"},"getText",[]]}
RESULT: {"script":"<script> [6424 bytes]","args":[{"element-6066-11e4-a52e-4f735466cecf":"f.76BD0702E8726841DC63080813E8F96A.d.8C09AE7A05853FBC591DEACEFBE3B9A2.e.1825"},"getText",[]]}
COMMAND: POST /session/5ddd57591a494e04841521b2f73ce0e1/element - {"using":"css selector","value":"#shell-header-logo"}
RESULT: {"using":"css selector","value":"#shell-header-logo"}
COMMAND: POST /session/5ddd57591a494e04841521b2f73ce0e1/element/f.76BD0702E8726841DC63080813E8F96A.d.8C09AE7A05853FBC591DEACEFBE3B9A2.e.1179/click - {}
RESULT: {}
COMMAND: GET /session/5ddd57591a494e04841521b2f73ce0e1/screenshot - {}
RESULT: {}
COMMAND: POST /session/5ddd57591a494e04841521b2f73ce0e1/execute/async - {"script":"<script> [1562 bytes]","args":[{"selector":{"controlType":"sap.m.GenericTile","properties":{"header":"Manage Sites"}},"wdio_ui5_key":"sapm.GenericTile{\"header\":\"Manage Sites\"}"}]}
RESULT: {"script":"<script> [1562 bytes]","args":[{"selector":{"controlType":"sap.m.GenericTile","properties":{"header":"Manage Sites"}},"wdio_ui5_key":"sapm.GenericTile{\"header\":\"Manage Sites\"}"}]}
RESULT: undefined
COMMAND: POST /session/5ddd57591a494e04841521b2f73ce0e1/element - {"using":"xpath","value":"//*[@id=\"__tile40\"]"}
RESULT: {"using":"xpath","value":"//*[@id=\"__tile40\"]"}
COMMAND: POST /session/5ddd57591a494e04841521b2f73ce0e1/element/f.76BD0702E8726841DC63080813E8F96A.d.8C09AE7A05853FBC591DEACEFBE3B9A2.e.1827/click - {}
RESULT: {}
COMMAND: GET /session/5ddd57591a494e04841521b2f73ce0e1/screenshot - {}
RESULT: {}
COMMAND: POST /session/5ddd57591a494e04841521b2f73ce0e1/elements - {"using":"xpath","value":"//span[text()='Error']"}
RESULT: {"using":"xpath","value":"//span[text()='Error']"}
COMMAND: POST /session/5ddd57591a494e04841521b2f73ce0e1/execute/async - {"script":"<script> [1562 bytes]","args":[{"selector":{"controlType":"sap.ui.core.Icon","viewName":"etm.portal.ui.managesites.view.Master","viewId":"application-managesites-display-component---masterSite","properties":{"src":{"regex":{"source":"add"}}}},"wdio_ui5_key":"etmportal.ui.managesites.view.Mastersap.ui.core.Icon{\"src\":{\"regex\":{\"source\":\"add\"}}}"}]}
RESULT: {"script":"<script> [1562 bytes]","args":[{"selector":{"controlType":"sap.ui.core.Icon","viewName":"etm.portal.ui.managesites.view.Master","viewId":"application-managesites-display-component---masterSite","properties":{"src":{"regex":{"source":"add"}}}},"wdio_ui5_key":"etmportal.ui.managesites.view.Mastersap.ui.core.Icon{\"src\":{\"regex\":{\"source\":\"add\"}}}"}]}
RESULT: undefined
COMMAND: POST /session/5ddd57591a494e04841521b2f73ce0e1/element - {"using":"xpath","value":"//*[@id=\"__button52-img\"]"}
RESULT: {"using":"xpath","value":"//*[@id=\"__button52-img\"]"}
COMMAND: POST /session/5ddd57591a494e04841521b2f73ce0e1/element/f.76BD0702E8726841DC63080813E8F96A.d.8C09AE7A05853FBC591DEACEFBE3B9A2.e.1877/click - {}
RESULT: {}
COMMAND: POST /session/5ddd57591a494e04841521b2f73ce0e1/execute/async - {"script":"<script> [1562 bytes]","args":[{"selector":{"id":"application-managesites-display-component---NewSite--siteId","interaction":{"idSuffix":"inner"}},"wdio_ui5_key":"applicationmanagesites-display-component---NewSite--siteId"}]}
COMMAND: GET /session/5ddd57591a494e04841521b2f73ce0e1/screenshot - {}
RESULT: {"script":"<script> [1562 bytes]","args":[{"selector":{"id":"application-managesites-display-component---NewSite--siteId","interaction":{"idSuffix":"inner"}},"wdio_ui5_key":"applicationmanagesites-display-component---NewSite--siteId"}]}
RESULT: undefined
COMMAND: POST /session/5ddd57591a494e04841521b2f73ce0e1/execute/async - {"script":"<script> [1562 bytes]","args":[{"selector":{"id":"application-managesites-display-component---NewSite--addressDetailDetailsName1","interaction":{"idSuffix":"inner"}},"wdio_ui5_key":"applicationmanagesites-display-component---NewSite--addressDetailDetailsName1"}]}
RESULT: {}
RESULT: {"script":"<script> [1562 bytes]","args":[{"selector":{"id":"application-managesites-display-component---NewSite--addressDetailDetailsName1","interaction":{"idSuffix":"inner"}},"wdio_ui5_key":"applicationmanagesites-display-component---NewSite--addressDetailDetailsName1"}]}
RESULT: undefined
COMMAND: POST /session/5ddd57591a494e04841521b2f73ce0e1/execute/async - {"script":"<script> [776 bytes]","args":[{"enterText":"WebdriverSitep6gwf","selector":{"id":"application-managesites-display-component---NewSite--addressDetailDetailsName1","interaction":{"idSuffix":"inner"}},"clearTextFirst":true,"interactionType":"ENTER_TEXT"}]}
RESULT: {"script":"<script> [776 bytes]","args":[{"enterText":"WebdriverSitep6gwf","selector":{"id":"application-managesites-display-component---NewSite--addressDetailDetailsName1","interaction":{"idSuffix":"inner"}},"clearTextFirst":true,"interactionType":"ENTER_TEXT"}]}
COMMAND: POST /session/5ddd57591a494e04841521b2f73ce0e1/execute/async - {"script":"<script> [1562 bytes]","args":[{"selector":{"id":"application-managesites-display-component---NewSite--addressDetailDetailsLanguage","interaction":{"idSuffix":"inner"}},"wdio_ui5_key":"applicationmanagesites-display-component---NewSite--addressDetailDetailsLanguage"}]}
RESULT: {"script":"<script> [1562 bytes]","args":[{"selector":{"id":"application-managesites-display-component---NewSite--addressDetailDetailsLanguage","interaction":{"idSuffix":"inner"}},"wdio_ui5_key":"applicationmanagesites-display-component---NewSite--addressDetailDetailsLanguage"}]}
RESULT: undefined
COMMAND: POST /session/5ddd57591a494e04841521b2f73ce0e1/execute/async - {"script":"<script> [776 bytes]","args":[{"enterText":"Romanian","selector":{"id":"application-managesites-display-component---NewSite--addressDetailDetailsLanguage","interaction":{"idSuffix":"inner"}},"clearTextFirst":true,"interactionType":"ENTER_TEXT"}]}
RESULT: {"script":"<script> [776 bytes]","args":[{"enterText":"Romanian","selector":{"id":"application-managesites-display-component---NewSite--addressDetailDetailsLanguage","interaction":{"idSuffix":"inner"}},"clearTextFirst":true,"interactionType":"ENTER_TEXT"}]}
COMMAND: POST /session/5ddd57591a494e04841521b2f73ce0e1/execute/async - {"script":"<script> [1562 bytes]","args":[{"selector":{"id":"application-managesites-display-component---NewSite--addressDetailDetailsCity1","interaction":{"idSuffix":"inner"}},"wdio_ui5_key":"applicationmanagesites-display-component---NewSite--addressDetailDetailsCity1"}]}
RESULT: {"script":"<script> [1562 bytes]","args":[{"selector":{"id":"application-managesites-display-component---NewSite--addressDetailDetailsCity1","interaction":{"idSuffix":"inner"}},"wdio_ui5_key":"applicationmanagesites-display-component---NewSite--addressDetailDetailsCity1"}]}
RESULT: undefined
COMMAND: POST /session/5ddd57591a494e04841521b2f73ce0e1/execute/async - {"script":"<script> [776 bytes]","args":[{"enterText":"Bucharest","selector":{"id":"application-managesites-display-component---NewSite--addressDetailDetailsCity1","interaction":{"idSuffix":"inner"}},"clearTextFirst":true,"interactionType":"ENTER_TEXT"}]}
RESULT: {"script":"<script> [776 bytes]","args":[{"enterText":"Bucharest","selector":{"id":"application-managesites-display-component---NewSite--addressDetailDetailsCity1","interaction":{"idSuffix":"inner"}},"clearTextFirst":true,"interactionType":"ENTER_TEXT"}]}
COMMAND: POST /session/5ddd57591a494e04841521b2f73ce0e1/execute/async - {"script":"<script> [1562 bytes]","args":[{"selector":{"id":"application-managesites-display-component---NewSite--addressDetailDetailsCountry","interaction":{"idSuffix":"inner"}},"wdio_ui5_key":"applicationmanagesites-display-component---NewSite--addressDetailDetailsCountry"}]}
RESULT: {"script":"<script> [1562 bytes]","args":[{"selector":{"id":"application-managesites-display-component---NewSite--addressDetailDetailsCountry","interaction":{"idSuffix":"inner"}},"wdio_ui5_key":"applicationmanagesites-display-component---NewSite--addressDetailDetailsCountry"}]}
RESULT: undefined
COMMAND: POST /session/5ddd57591a494e04841521b2f73ce0e1/execute/async - {"script":"<script> [776 bytes]","args":[{"enterText":"Romania","selector":{"id":"application-managesites-display-component---NewSite--addressDetailDetailsCountry","interaction":{"idSuffix":"inner"}},"clearTextFirst":true,"interactionType":"ENTER_TEXT"}]}
RESULT: {"script":"<script> [776 bytes]","args":[{"enterText":"Romania","selector":{"id":"application-managesites-display-component---NewSite--addressDetailDetailsCountry","interaction":{"idSuffix":"inner"}},"clearTextFirst":true,"interactionType":"ENTER_TEXT"}]}
COMMAND: POST /session/5ddd57591a494e04841521b2f73ce0e1/element - {"using":"css selector","value":"#application-managesites-display-component---NewSite--addressDetailDetailsCalendar-inner"}
RESULT: {"using":"css selector","value":"#application-managesites-display-component---NewSite--addressDetailDetailsCalendar-inner"}
COMMAND: POST /session/5ddd57591a494e04841521b2f73ce0e1/element/f.76BD0702E8726841DC63080813E8F96A.d.8C09AE7A05853FBC591DEACEFBE3B9A2.e.2135/clear - {}
RESULT: {}
COMMAND: POST /session/5ddd57591a494e04841521b2f73ce0e1/element/f.76BD0702E8726841DC63080813E8F96A.d.8C09AE7A05853FBC591DEACEFBE3B9A2.e.2135/value - {"text":"Germany"}
COMMAND: GET /session/5ddd57591a494e04841521b2f73ce0e1/screenshot - {}
RESULT: {"text":"Germany"}
COMMAND: POST /session/5ddd57591a494e04841521b2f73ce0e1/execute/async - {"script":"<script> [1562 bytes]","args":[{"selector":{"id":"application-managesites-display-component---NewSite--addressEditDetailsCostObjectCstType-arrow"},"wdio_ui5_key":"applicationmanagesites-display-component---NewSite--addressEditDetailsCostObjectCstType-arrow"}]}
COMMAND: GET /session/5ddd57591a494e04841521b2f73ce0e1/screenshot - {}
RESULT: {}
RESULT: {"script":"<script> [1562 bytes]","args":[{"selector":{"id":"application-managesites-display-component---NewSite--addressEditDetailsCostObjectCstType-arrow"},"wdio_ui5_key":"applicationmanagesites-display-component---NewSite--addressEditDetailsCostObjectCstType-arrow"}]}
RESULT: undefined
COMMAND: POST /session/5ddd57591a494e04841521b2f73ce0e1/element - {"using":"xpath","value":"//*[@id=\"application-managesites-display-component---NewSite--addressEditDetailsCostObjectCstType-arrow\"]"}
RESULT: {}
RESULT: {"using":"xpath","value":"//*[@id=\"application-managesites-display-component---NewSite--addressEditDetailsCostObjectCstType-arrow\"]"}
COMMAND: POST /session/5ddd57591a494e04841521b2f73ce0e1/element/f.76BD0702E8726841DC63080813E8F96A.d.8C09AE7A05853FBC591DEACEFBE3B9A2.e.2275/click - {}
RESULT: {}
COMMAND: POST /session/5ddd57591a494e04841521b2f73ce0e1/element - {"using":"xpath","value":"//span[contains(text(), \"Work Breakdown Structure\")]"}
COMMAND: GET /session/5ddd57591a494e04841521b2f73ce0e1/screenshot - {}
RESULT: {"using":"xpath","value":"//span[contains(text(), \"Work Breakdown Structure\")]"}
COMMAND: POST /session/5ddd57591a494e04841521b2f73ce0e1/element/f.76BD0702E8726841DC63080813E8F96A.d.8C09AE7A05853FBC591DEACEFBE3B9A2.e.2277/click - {}
RESULT: {}
RESULT: {}
COMMAND: GET /session/5ddd57591a494e04841521b2f73ce0e1/screenshot - {}
RESULT: {}
COMMAND: POST /session/5ddd57591a494e04841521b2f73ce0e1/execute/async - {"script":"<script> [1562 bytes]","args":[{"selector":{"id":"application-managesites-display-component---NewSite--addressNewCostObjectCstID-vhi"},"wdio_ui5_key":"applicationmanagesites-display-component---NewSite--addressNewCostObjectCstID-vhi"}]}
RESULT: {"script":"<script> [1562 bytes]","args":[{"selector":{"id":"application-managesites-display-component---NewSite--addressNewCostObjectCstID-vhi"},"wdio_ui5_key":"applicationmanagesites-display-component---NewSite--addressNewCostObjectCstID-vhi"}]}
RESULT: undefined
COMMAND: POST /session/5ddd57591a494e04841521b2f73ce0e1/element - {"using":"xpath","value":"//*[@id=\"application-managesites-display-component---NewSite--addressNewCostObjectCstID-vhi\"]"}
RESULT: {"using":"xpath","value":"//*[@id=\"application-managesites-display-component---NewSite--addressNewCostObjectCstID-vhi\"]"}
COMMAND: POST /session/5ddd57591a494e04841521b2f73ce0e1/element/f.76BD0702E8726841DC63080813E8F96A.d.8C09AE7A05853FBC591DEACEFBE3B9A2.e.2282/click - {}
RESULT: {}
COMMAND: GET /session/5ddd57591a494e04841521b2f73ce0e1/screenshot - {}
RESULT: {}
COMMAND: POST /session/5ddd57591a494e04841521b2f73ce0e1/execute/async - {"script":"<script> [1562 bytes]","args":[{"selector":{"controlType":"sap.m.SearchField","properties":{"placeholder":"Search"},"searchOpenDialogs":true,"interaction":{"idSuffix":"I"}},"wdio_ui5_key":"sapm.SearchField{\"placeholder\":\"Search\"}"}]}
RESULT: {"script":"<script> [1562 bytes]","args":[{"selector":{"controlType":"sap.m.SearchField","properties":{"placeholder":"Search"},"searchOpenDialogs":true,"interaction":{"idSuffix":"I"}},"wdio_ui5_key":"sapm.SearchField{\"placeholder\":\"Search\"}"}]}
RESULT: undefined
COMMAND: POST /session/5ddd57591a494e04841521b2f73ce0e1/execute/async - {"script":"<script> [776 bytes]","args":[{"enterText":"A1-000100-01","selector":{"controlType":"sap.m.SearchField","properties":{"placeholder":"Search"},"searchOpenDialogs":true,"interaction":{"idSuffix":"I"}},"clearTextFirst":true,"interactionType":"ENTER_TEXT"}]}
RESULT: {"script":"<script> [776 bytes]","args":[{"enterText":"A1-000100-01","selector":{"controlType":"sap.m.SearchField","properties":{"placeholder":"Search"},"searchOpenDialogs":true,"interaction":{"idSuffix":"I"}},"clearTextFirst":true,"interactionType":"ENTER_TEXT"}]}
COMMAND: POST /session/5ddd57591a494e04841521b2f73ce0e1/actions - {"actions":[{"id":"action3","type":"key","parameters":{},"actions":[{"type":"keyDown","value":"î€‡"},{"type":"pause","duration":10},{"type":"keyUp","value":"î€‡"}]}]}
RESULT: {"actions":[{"id":"action3","type":"key","parameters":{},"actions":[{"type":"keyDown","value":"î€‡"},{"type":"pause","duration":10},{"type":"keyUp","value":"î€‡"}]}]}
COMMAND: GET /session/5ddd57591a494e04841521b2f73ce0e1/screenshot - {}
RESULT: {}
COMMAND: POST /session/5ddd57591a494e04841521b2f73ce0e1/element - {"using":"xpath","value":"//span[contains(text(), \"Template for ETO-Process\")]"}
RESULT: {"using":"xpath","value":"//span[contains(text(), \"Template for ETO-Process\")]"}
COMMAND: POST /session/5ddd57591a494e04841521b2f73ce0e1/element/f.76BD0702E8726841DC63080813E8F96A.d.8C09AE7A05853FBC591DEACEFBE3B9A2.e.2302/click - {}
RESULT: {}
COMMAND: GET /session/5ddd57591a494e04841521b2f73ce0e1/screenshot - {}
RESULT: {}
COMMAND: POST /session/5ddd57591a494e04841521b2f73ce0e1/element - {"using":"xpath","value":"//bdi[contains(text(), \"OK\")]"}
RESULT: {"using":"xpath","value":"//bdi[contains(text(), \"OK\")]"}
COMMAND: POST /session/5ddd57591a494e04841521b2f73ce0e1/element/f.76BD0702E8726841DC63080813E8F96A.d.8C09AE7A05853FBC591DEACEFBE3B9A2.e.2303/click - {}
RESULT: {}
COMMAND: GET /session/5ddd57591a494e04841521b2f73ce0e1/screenshot - {}
RESULT: {}
COMMAND: POST /session/5ddd57591a494e04841521b2f73ce0e1/element - {"using":"xpath","value":"//input[@id=\"application-managesites-display-component---NewSite--addressDetailDetailsYard-inner\"]"}
RESULT: {"using":"xpath","value":"//input[@id=\"application-managesites-display-component---NewSite--addressDetailDetailsYard-inner\"]"}
COMMAND: POST /session/5ddd57591a494e04841521b2f73ce0e1/element/f.76BD0702E8726841DC63080813E8F96A.d.8C09AE7A05853FBC591DEACEFBE3B9A2.e.2136/value - {"text":"WebdriverYarduw3gx"}
RESULT: {"text":"WebdriverYarduw3gx"}
COMMAND: GET /session/5ddd57591a494e04841521b2f73ce0e1/screenshot - {}
RESULT: {}
COMMAND: POST /session/5ddd57591a494e04841521b2f73ce0e1/actions - {"actions":[{"id":"action4","type":"key","parameters":{},"actions":[{"type":"keyDown","value":"î€‡"},{"type":"pause","duration":10},{"type":"keyUp","value":"î€‡"}]}]}
RESULT: {"actions":[{"id":"action4","type":"key","parameters":{},"actions":[{"type":"keyDown","value":"î€‡"},{"type":"pause","duration":10},{"type":"keyUp","value":"î€‡"}]}]}
COMMAND: GET /session/5ddd57591a494e04841521b2f73ce0e1/screenshot - {}
RESULT: {}
COMMAND: POST /session/5ddd57591a494e04841521b2f73ce0e1/element - {"using":"xpath","value":"//input[@id=\"application-managesites-display-component---NewSite--addressDetailDetailsPartner-inner\"]"}
RESULT: {"using":"xpath","value":"//input[@id=\"application-managesites-display-component---NewSite--addressDetailDetailsPartner-inner\"]"}
COMMAND: POST /session/5ddd57591a494e04841521b2f73ce0e1/elements - {"using":"xpath","value":"//input[@id=\"application-managesites-display-component---NewSite--addressDetailDetailsPartner-inner\"]"}
RESULT: {"using":"xpath","value":"//input[@id=\"application-managesites-display-component---NewSite--addressDetailDetailsPartner-inner\"]"}
COMMAND: POST /session/5ddd57591a494e04841521b2f73ce0e1/execute/async - {"script":"<script> [1562 bytes]","args":[{"selector":{"controlType":"sap.m.Button","viewName":"etm.portal.ui.managesites.view.NewSmartSite","viewId":"application-managesites-display-component---NewSite","properties":{"text":"Commercial"},"interaction":{"idSuffix":"BDI-content"}},"wdio_ui5_key":"etmportal.ui.managesites.view.NewSmartSitesap.m.Button{\"text\":\"Commercial\"}"}]}
RESULT: {"script":"<script> [1562 bytes]","args":[{"selector":{"controlType":"sap.m.Button","viewName":"etm.portal.ui.managesites.view.NewSmartSite","viewId":"application-managesites-display-component---NewSite","properties":{"text":"Commercial"},"interaction":{"idSuffix":"BDI-content"}},"wdio_ui5_key":"etmportal.ui.managesites.view.NewSmartSitesap.m.Button{\"text\":\"Commercial\"}"}]}
RESULT: undefined
COMMAND: POST /session/5ddd57591a494e04841521b2f73ce0e1/element - {"using":"xpath","value":"//*[@id=\"application-managesites-display-component---NewSite--ObjectPageLayout-anchBar-__section31-anchor\"]"}
RESULT: {"using":"xpath","value":"//*[@id=\"application-managesites-display-component---NewSite--ObjectPageLayout-anchBar-__section31-anchor\"]"}
COMMAND: POST /session/5ddd57591a494e04841521b2f73ce0e1/element/f.76BD0702E8726841DC63080813E8F96A.d.8C09AE7A05853FBC591DEACEFBE3B9A2.e.2310/click - {}
RESULT: {}
COMMAND: POST /session/5ddd57591a494e04841521b2f73ce0e1/execute/async - {"script":"<script> [1562 bytes]","args":[{"selector":{"controlType":"sap.m.Button","viewName":"etm.portal.ui.managesites.view.NewSmartSite","viewId":"application-managesites-display-component---NewSite","i18NText":{"propertyName":"text","key":"save"},"interaction":{"idSuffix":"BDI-content"}},"wdio_ui5_key":"etmportal.ui.managesites.view.NewSmartSitesap.m.Button{\"propertyName\":\"text\",\"key\":\"save\"}"}]}
COMMAND: GET /session/5ddd57591a494e04841521b2f73ce0e1/screenshot - {}
RESULT: {"script":"<script> [1562 bytes]","args":[{"selector":{"controlType":"sap.m.Button","viewName":"etm.portal.ui.managesites.view.NewSmartSite","viewId":"application-managesites-display-component---NewSite","i18NText":{"propertyName":"text","key":"save"},"interaction":{"idSuffix":"BDI-content"}},"wdio_ui5_key":"etmportal.ui.managesites.view.NewSmartSitesap.m.Button{\"propertyName\":\"text\",\"key\":\"save\"}"}]}
RESULT: undefined
COMMAND: POST /session/5ddd57591a494e04841521b2f73ce0e1/element - {"using":"xpath","value":"//*[@id=\"__button64\"]"}
RESULT: {}
RESULT: {"using":"xpath","value":"//*[@id=\"__button64\"]"}
COMMAND: POST /session/5ddd57591a494e04841521b2f73ce0e1/element/f.76BD0702E8726841DC63080813E8F96A.d.8C09AE7A05853FBC591DEACEFBE3B9A2.e.2256/click - {}
RESULT: {}
COMMAND: GET /session/5ddd57591a494e04841521b2f73ce0e1/screenshot - {}
RESULT: {}
COMMAND: POST /session/5ddd57591a494e04841521b2f73ce0e1/execute/async - {"script":"<script> [1562 bytes]","args":[{"selector":{"id":"application-managesites-display-component---detailSite--addressDetailDetailsYardText"},"wdio_ui5_key":"applicationmanagesites-display-component---detailSite--addressDetailDetailsYardText"}]}
RESULT: {"script":"<script> [1562 bytes]","args":[{"selector":{"id":"application-managesites-display-component---detailSite--addressDetailDetailsYardText"},"wdio_ui5_key":"applicationmanagesites-display-component---detailSite--addressDetailDetailsYardText"}]}
RESULT: undefined
COMMAND: POST /session/5ddd57591a494e04841521b2f73ce0e1/element - {"using":"xpath","value":"//header/div/div[2]/div[2]/span"}
RESULT: {"using":"xpath","value":"//header/div/div[2]/div[2]/span"}
COMMAND: GET /session/5ddd57591a494e04841521b2f73ce0e1/element/f.76BD0702E8726841DC63080813E8F96A.d.8C09AE7A05853FBC591DEACEFBE3B9A2.e.2513/text - {}
RESULT: {}
COMMAND: POST /session/5ddd57591a494e04841521b2f73ce0e1/element - {"using":"xpath","value":"//header/div/div/div/div/div/div[2]/div/span"}
RESULT: {"using":"xpath","value":"//header/div/div/div/div/div/div[2]/div/span"}
COMMAND: GET /session/5ddd57591a494e04841521b2f73ce0e1/element/f.76BD0702E8726841DC63080813E8F96A.d.8C09AE7A05853FBC591DEACEFBE3B9A2.e.2514/text - {}
RESULT: {}
COMMAND: POST /session/5ddd57591a494e04841521b2f73ce0e1/element - {"using":"css selector","value":"#shell-header-logo"}
RESULT: {"using":"css selector","value":"#shell-header-logo"}
COMMAND: POST /session/5ddd57591a494e04841521b2f73ce0e1/element/f.76BD0702E8726841DC63080813E8F96A.d.8C09AE7A05853FBC591DEACEFBE3B9A2.e.1832/click - {}
RESULT: {}
COMMAND: GET /session/5ddd57591a494e04841521b2f73ce0e1/screenshot - {}
RESULT: {}
]]></system-out>
    </testcase>
    <testcase classname="chrome.137_0_7151_56.windows.Standard_contract_-_add_contract_items_by_Insert_Request_US118222" name="Should create 2 new resources and a catalog item" time="421.503">
      <system-out><![CDATA[
COMMAND: POST /session/5ddd57591a494e04841521b2f73ce0e1/execute/async - {"script":"<script> [1562 bytes]","args":[{"selector":{"controlType":"sap.m.GenericTile","properties":{"header":"Manage Resources"}},"wdio_ui5_key":"sapm.GenericTile{\"header\":\"Manage Resources\"}"}]}
RESULT: {"script":"<script> [1562 bytes]","args":[{"selector":{"controlType":"sap.m.GenericTile","properties":{"header":"Manage Resources"}},"wdio_ui5_key":"sapm.GenericTile{\"header\":\"Manage Resources\"}"}]}
RESULT: undefined
COMMAND: POST /session/5ddd57591a494e04841521b2f73ce0e1/element - {"using":"xpath","value":"//*[@id=\"__tile39\"]"}
RESULT: {"using":"xpath","value":"//*[@id=\"__tile39\"]"}
COMMAND: POST /session/5ddd57591a494e04841521b2f73ce0e1/element/f.76BD0702E8726841DC63080813E8F96A.d.8C09AE7A05853FBC591DEACEFBE3B9A2.e.2516/click - {}
RESULT: {}
COMMAND: GET /session/5ddd57591a494e04841521b2f73ce0e1/screenshot - {}
RESULT: {}
COMMAND: POST /session/5ddd57591a494e04841521b2f73ce0e1/elements - {"using":"xpath","value":"//span[text()='Error']"}
RESULT: {"using":"xpath","value":"//span[text()='Error']"}
COMMAND: POST /session/5ddd57591a494e04841521b2f73ce0e1/element - {"using":"xpath","value":"//button[@data-kt=\"addNewRUOverflowToolbarButton\"]"}
RESULT: {"using":"xpath","value":"//button[@data-kt=\"addNewRUOverflowToolbarButton\"]"}
COMMAND: POST /session/5ddd57591a494e04841521b2f73ce0e1/execute/sync - {"script":"<script> [8489 bytes]","args":[{"element-6066-11e4-a52e-4f735466cecf":"f.76BD0702E8726841DC63080813E8F96A.d.8C09AE7A05853FBC591DEACEFBE3B9A2.e.2559","ELEMENT":"f.76BD0702E8726841DC63080813E8F96A.d.8C09AE7A05853FBC591DEACEFBE3B9A2.e.2559"}]}
RESULT: {"script":"<script> [8489 bytes]","args":[{"element-6066-11e4-a52e-4f735466cecf":"f.76BD0702E8726841DC63080813E8F96A.d.8C09AE7A05853FBC591DEACEFBE3B9A2.e.2559","ELEMENT":"f.76BD0702E8726841DC63080813E8F96A.d.8C09AE7A05853FBC591DEACEFBE3B9A2.e.2559"}]}
COMMAND: POST /session/5ddd57591a494e04841521b2f73ce0e1/element/f.76BD0702E8726841DC63080813E8F96A.d.8C09AE7A05853FBC591DEACEFBE3B9A2.e.2559/click - {}
COMMAND: GET /session/5ddd57591a494e04841521b2f73ce0e1/screenshot - {}
RESULT: {}
COMMAND: POST /session/5ddd57591a494e04841521b2f73ce0e1/execute/async - {"script":"<script> [1562 bytes]","args":[{"selector":{"id":"application-manageresources-display-component---newResourceUnit--TYPE-arrow"},"wdio_ui5_key":"applicationmanageresources-display-component---newResourceUnit--TYPE-arrow"}]}
COMMAND: GET /session/5ddd57591a494e04841521b2f73ce0e1/screenshot - {}
RESULT: {}
RESULT: {"script":"<script> [1562 bytes]","args":[{"selector":{"id":"application-manageresources-display-component---newResourceUnit--TYPE-arrow"},"wdio_ui5_key":"applicationmanageresources-display-component---newResourceUnit--TYPE-arrow"}]}
RESULT: undefined
COMMAND: POST /session/5ddd57591a494e04841521b2f73ce0e1/element - {"using":"xpath","value":"//*[@id=\"application-manageresources-display-component---newResourceUnit--TYPE-arrow\"]"}
RESULT: {}
RESULT: {"using":"xpath","value":"//*[@id=\"application-manageresources-display-component---newResourceUnit--TYPE-arrow\"]"}
COMMAND: POST /session/5ddd57591a494e04841521b2f73ce0e1/element/f.76BD0702E8726841DC63080813E8F96A.d.8C09AE7A05853FBC591DEACEFBE3B9A2.e.2881/click - {}
RESULT: {}
COMMAND: POST /session/5ddd57591a494e04841521b2f73ce0e1/execute/async - {"script":"<script> [1562 bytes]","args":[{"selector":{"controlType":"sap.m.StandardListItem","viewName":"reusables.view.manageresources.NewResourceUnit","viewId":"application-manageresources-display-component---newResourceUnit","properties":{"title":"Material"},"searchOpenDialogs":true,"interaction":{"idSuffix":"titleText"}},"wdio_ui5_key":"reusablesview.manageresources.NewResourceUnitsap.m.StandardListItem{\"title\":\"Material\"}"}]}
COMMAND: GET /session/5ddd57591a494e04841521b2f73ce0e1/screenshot - {}
RESULT: {"script":"<script> [1562 bytes]","args":[{"selector":{"controlType":"sap.m.StandardListItem","viewName":"reusables.view.manageresources.NewResourceUnit","viewId":"application-manageresources-display-component---newResourceUnit","properties":{"title":"Material"},"searchOpenDialogs":true,"interaction":{"idSuffix":"titleText"}},"wdio_ui5_key":"reusablesview.manageresources.NewResourceUnitsap.m.StandardListItem{\"title\":\"Material\"}"}]}
RESULT: undefined
COMMAND: POST /session/5ddd57591a494e04841521b2f73ce0e1/element - {"using":"xpath","value":"//*[@id=\"__item1283\"]"}
RESULT: {}
RESULT: {"using":"xpath","value":"//*[@id=\"__item1283\"]"}
COMMAND: POST /session/5ddd57591a494e04841521b2f73ce0e1/element/f.76BD0702E8726841DC63080813E8F96A.d.8C09AE7A05853FBC591DEACEFBE3B9A2.e.2884/click - {}
RESULT: {}
COMMAND: POST /session/5ddd57591a494e04841521b2f73ce0e1/execute/async - {"script":"<script> [1562 bytes]","args":[{"selector":{"id":"application-manageresources-display-component---newResourceUnit--SHORT_TEXT","interaction":{"idSuffix":"inner"}},"wdio_ui5_key":"applicationmanageresources-display-component---newResourceUnit--SHORT_TEXT"}]}
COMMAND: GET /session/5ddd57591a494e04841521b2f73ce0e1/screenshot - {}
RESULT: {"script":"<script> [1562 bytes]","args":[{"selector":{"id":"application-manageresources-display-component---newResourceUnit--SHORT_TEXT","interaction":{"idSuffix":"inner"}},"wdio_ui5_key":"applicationmanageresources-display-component---newResourceUnit--SHORT_TEXT"}]}
RESULT: undefined
COMMAND: POST /session/5ddd57591a494e04841521b2f73ce0e1/execute/async - {"script":"<script> [776 bytes]","args":[{"enterText":"WebdriverMatTestn7dze","selector":{"id":"application-manageresources-display-component---newResourceUnit--SHORT_TEXT","interaction":{"idSuffix":"inner"}},"clearTextFirst":true,"interactionType":"ENTER_TEXT"}]}
RESULT: {}
RESULT: {"script":"<script> [776 bytes]","args":[{"enterText":"WebdriverMatTestn7dze","selector":{"id":"application-manageresources-display-component---newResourceUnit--SHORT_TEXT","interaction":{"idSuffix":"inner"}},"clearTextFirst":true,"interactionType":"ENTER_TEXT"}]}
COMMAND: POST /session/5ddd57591a494e04841521b2f73ce0e1/execute/async - {"script":"<script> [1562 bytes]","args":[{"selector":{"id":"application-manageresources-display-component---newResourceUnit--BASE_UNIT_OF_MEASURE-arrow"},"wdio_ui5_key":"applicationmanageresources-display-component---newResourceUnit--BASE_UNIT_OF_MEASURE-arrow"}]}
RESULT: {"script":"<script> [1562 bytes]","args":[{"selector":{"id":"application-manageresources-display-component---newResourceUnit--BASE_UNIT_OF_MEASURE-arrow"},"wdio_ui5_key":"applicationmanageresources-display-component---newResourceUnit--BASE_UNIT_OF_MEASURE-arrow"}]}
RESULT: undefined
COMMAND: POST /session/5ddd57591a494e04841521b2f73ce0e1/element - {"using":"xpath","value":"//*[@id=\"application-manageresources-display-component---newResourceUnit--BASE_UNIT_OF_MEASURE-arrow\"]"}
RESULT: {"using":"xpath","value":"//*[@id=\"application-manageresources-display-component---newResourceUnit--BASE_UNIT_OF_MEASURE-arrow\"]"}
COMMAND: POST /session/5ddd57591a494e04841521b2f73ce0e1/element/f.76BD0702E8726841DC63080813E8F96A.d.8C09AE7A05853FBC591DEACEFBE3B9A2.e.3004/click - {}
RESULT: {}
COMMAND: POST /session/5ddd57591a494e04841521b2f73ce0e1/execute/async - {"script":"<script> [1562 bytes]","args":[{"selector":{"controlType":"sap.m.StandardListItem","viewName":"reusables.view.manageresources.NewResourceUnit","viewId":"application-manageresources-display-component---newResourceUnit","properties":{"title":"Piece"},"searchOpenDialogs":true,"interaction":{"idSuffix":"titleText"}},"wdio_ui5_key":"reusablesview.manageresources.NewResourceUnitsap.m.StandardListItem{\"title\":\"Piece\"}"}]}
COMMAND: GET /session/5ddd57591a494e04841521b2f73ce0e1/screenshot - {}
RESULT: {"script":"<script> [1562 bytes]","args":[{"selector":{"controlType":"sap.m.StandardListItem","viewName":"reusables.view.manageresources.NewResourceUnit","viewId":"application-manageresources-display-component---newResourceUnit","properties":{"title":"Piece"},"searchOpenDialogs":true,"interaction":{"idSuffix":"titleText"}},"wdio_ui5_key":"reusablesview.manageresources.NewResourceUnitsap.m.StandardListItem{\"title\":\"Piece\"}"}]}
RESULT: undefined
COMMAND: POST /session/5ddd57591a494e04841521b2f73ce0e1/element - {"using":"xpath","value":"//*[@id=\"__item1336\"]"}
RESULT: {}
RESULT: {"using":"xpath","value":"//*[@id=\"__item1336\"]"}
COMMAND: POST /session/5ddd57591a494e04841521b2f73ce0e1/element/f.76BD0702E8726841DC63080813E8F96A.d.8C09AE7A05853FBC591DEACEFBE3B9A2.e.3006/click - {}
RESULT: {}
COMMAND: POST /session/5ddd57591a494e04841521b2f73ce0e1/element - {"using":"xpath","value":"//input[contains(@id ,\"application-manageresources-display-component---newResourceUnit--SHORT_TEXT-inner\")]"}
COMMAND: GET /session/5ddd57591a494e04841521b2f73ce0e1/screenshot - {}
RESULT: {"using":"xpath","value":"//input[contains(@id ,\"application-manageresources-display-component---newResourceUnit--SHORT_TEXT-inner\")]"}
COMMAND: GET /session/5ddd57591a494e04841521b2f73ce0e1/element/f.76BD0702E8726841DC63080813E8F96A.d.8C09AE7A05853FBC591DEACEFBE3B9A2.e.2901/property/value - {}
RESULT: {}
RESULT: {}
COMMAND: POST /session/5ddd57591a494e04841521b2f73ce0e1/execute/async - {"script":"<script> [1562 bytes]","args":[{"selector":{"id":"application-manageresources-display-component---newResourceUnit--WEIGHT_UNIT-arrow"},"wdio_ui5_key":"applicationmanageresources-display-component---newResourceUnit--WEIGHT_UNIT-arrow"}]}
COMMAND: GET /session/5ddd57591a494e04841521b2f73ce0e1/screenshot - {}
RESULT: {"script":"<script> [1562 bytes]","args":[{"selector":{"id":"application-manageresources-display-component---newResourceUnit--WEIGHT_UNIT-arrow"},"wdio_ui5_key":"applicationmanageresources-display-component---newResourceUnit--WEIGHT_UNIT-arrow"}]}
RESULT: undefined
COMMAND: POST /session/5ddd57591a494e04841521b2f73ce0e1/element - {"using":"xpath","value":"//*[@id=\"application-manageresources-display-component---newResourceUnit--WEIGHT_UNIT-arrow\"]"}
RESULT: {}
RESULT: {"using":"xpath","value":"//*[@id=\"application-manageresources-display-component---newResourceUnit--WEIGHT_UNIT-arrow\"]"}
COMMAND: POST /session/5ddd57591a494e04841521b2f73ce0e1/element/f.76BD0702E8726841DC63080813E8F96A.d.8C09AE7A05853FBC591DEACEFBE3B9A2.e.3007/click - {}
RESULT: {}
COMMAND: POST /session/5ddd57591a494e04841521b2f73ce0e1/execute/async - {"script":"<script> [1562 bytes]","args":[{"selector":{"controlType":"sap.m.StandardListItem","viewName":"reusables.view.manageresources.NewResourceUnit","viewId":"application-manageresources-display-component---newResourceUnit","properties":{"title":"Gram"},"searchOpenDialogs":true,"interaction":{"idSuffix":"content"}},"wdio_ui5_key":"reusablesview.manageresources.NewResourceUnitsap.m.StandardListItem{\"title\":\"Gram\"}"}]}
COMMAND: GET /session/5ddd57591a494e04841521b2f73ce0e1/screenshot - {}
RESULT: {"script":"<script> [1562 bytes]","args":[{"selector":{"controlType":"sap.m.StandardListItem","viewName":"reusables.view.manageresources.NewResourceUnit","viewId":"application-manageresources-display-component---newResourceUnit","properties":{"title":"Gram"},"searchOpenDialogs":true,"interaction":{"idSuffix":"content"}},"wdio_ui5_key":"reusablesview.manageresources.NewResourceUnitsap.m.StandardListItem{\"title\":\"Gram\"}"}]}
RESULT: undefined
COMMAND: POST /session/5ddd57591a494e04841521b2f73ce0e1/element - {"using":"xpath","value":"//*[@id=\"__item1401\"]"}
RESULT: {}
RESULT: {"using":"xpath","value":"//*[@id=\"__item1401\"]"}
COMMAND: POST /session/5ddd57591a494e04841521b2f73ce0e1/element/f.76BD0702E8726841DC63080813E8F96A.d.8C09AE7A05853FBC591DEACEFBE3B9A2.e.3009/click - {}
RESULT: {}
COMMAND: POST /session/5ddd57591a494e04841521b2f73ce0e1/execute/async - {"script":"<script> [1562 bytes]","args":[{"selector":{"id":"application-manageresources-display-component---newResourceUnit--newRRUPage-OPHeaderContent-collapseBtn-img"},"wdio_ui5_key":"applicationmanageresources-display-component---newResourceUnit--newRRUPage-OPHeaderContent-collapseBtn-img"}]}
COMMAND: GET /session/5ddd57591a494e04841521b2f73ce0e1/screenshot - {}
RESULT: {"script":"<script> [1562 bytes]","args":[{"selector":{"id":"application-manageresources-display-component---newResourceUnit--newRRUPage-OPHeaderContent-collapseBtn-img"},"wdio_ui5_key":"applicationmanageresources-display-component---newResourceUnit--newRRUPage-OPHeaderContent-collapseBtn-img"}]}
RESULT: undefined
COMMAND: POST /session/5ddd57591a494e04841521b2f73ce0e1/element - {"using":"xpath","value":"//*[@id=\"application-manageresources-display-component---newResourceUnit--newRRUPage-OPHeaderContent-collapseBtn-img\"]"}
RESULT: {}
RESULT: {"using":"xpath","value":"//*[@id=\"application-manageresources-display-component---newResourceUnit--newRRUPage-OPHeaderContent-collapseBtn-img\"]"}
COMMAND: POST /session/5ddd57591a494e04841521b2f73ce0e1/element/f.76BD0702E8726841DC63080813E8F96A.d.8C09AE7A05853FBC591DEACEFBE3B9A2.e.2891/click - {}
RESULT: {}
COMMAND: GET /session/5ddd57591a494e04841521b2f73ce0e1/screenshot - {}
RESULT: {}
COMMAND: POST /session/5ddd57591a494e04841521b2f73ce0e1/element - {"using":"xpath","value":"(//span[contains(@id ,\"application-manageresources-display-component---newResourceUnit--DIMENSION_UNIT-arrow\")])[1]"}
RESULT: {"using":"xpath","value":"(//span[contains(@id ,\"application-manageresources-display-component---newResourceUnit--DIMENSION_UNIT-arrow\")])[1]"}
COMMAND: POST /session/5ddd57591a494e04841521b2f73ce0e1/element/f.76BD0702E8726841DC63080813E8F96A.d.8C09AE7A05853FBC591DEACEFBE3B9A2.e.3015/click - {}
RESULT: {}
COMMAND: GET /session/5ddd57591a494e04841521b2f73ce0e1/screenshot - {}
RESULT: {}
COMMAND: POST /session/5ddd57591a494e04841521b2f73ce0e1/execute/async - {"script":"<script> [1562 bytes]","args":[{"selector":{"controlType":"sap.m.StandardListItem","viewName":"reusables.view.manageresources.NewResourceUnit","viewId":"application-manageresources-display-component---newResourceUnit","properties":{"title":"Centimeter"},"searchOpenDialogs":true,"interaction":{"idSuffix":"titleText"}},"wdio_ui5_key":"reusablesview.manageresources.NewResourceUnitsap.m.StandardListItem{\"title\":\"Centimeter\"}"}]}
RESULT: {"script":"<script> [1562 bytes]","args":[{"selector":{"controlType":"sap.m.StandardListItem","viewName":"reusables.view.manageresources.NewResourceUnit","viewId":"application-manageresources-display-component---newResourceUnit","properties":{"title":"Centimeter"},"searchOpenDialogs":true,"interaction":{"idSuffix":"titleText"}},"wdio_ui5_key":"reusablesview.manageresources.NewResourceUnitsap.m.StandardListItem{\"title\":\"Centimeter\"}"}]}
RESULT: undefined
COMMAND: POST /session/5ddd57591a494e04841521b2f73ce0e1/element - {"using":"xpath","value":"//*[@id=\"__item1404\"]"}
RESULT: {"using":"xpath","value":"//*[@id=\"__item1404\"]"}
COMMAND: POST /session/5ddd57591a494e04841521b2f73ce0e1/element/f.76BD0702E8726841DC63080813E8F96A.d.8C09AE7A05853FBC591DEACEFBE3B9A2.e.3017/click - {}
RESULT: {}
COMMAND: POST /session/5ddd57591a494e04841521b2f73ce0e1/execute/async - {"script":"<script> [1562 bytes]","args":[{"selector":{"id":"application-manageresources-display-component---newResourceUnit--newRRUPage-anchBar-application-manageresources-display-component---newResourceUnit--reference-anchor","interaction":{"idSuffix":"BDI-content"}},"wdio_ui5_key":"applicationmanageresources-display-component---newResourceUnit--newRRUPage-anchBar-application-manageresources-display-component---newResourceUnit--reference-anchor"}]}
COMMAND: GET /session/5ddd57591a494e04841521b2f73ce0e1/screenshot - {}
RESULT: {"script":"<script> [1562 bytes]","args":[{"selector":{"id":"application-manageresources-display-component---newResourceUnit--newRRUPage-anchBar-application-manageresources-display-component---newResourceUnit--reference-anchor","interaction":{"idSuffix":"BDI-content"}},"wdio_ui5_key":"applicationmanageresources-display-component---newResourceUnit--newRRUPage-anchBar-application-manageresources-display-component---newResourceUnit--reference-anchor"}]}
RESULT: undefined
COMMAND: POST /session/5ddd57591a494e04841521b2f73ce0e1/element - {"using":"xpath","value":"//*[@id=\"application-manageresources-display-component---newResourceUnit--newRRUPage-anchBar-application-manageresources-display-component---newResourceUnit--reference-anchor\"]"}
RESULT: {}
RESULT: {"using":"xpath","value":"//*[@id=\"application-manageresources-display-component---newResourceUnit--newRRUPage-anchBar-application-manageresources-display-component---newResourceUnit--reference-anchor\"]"}
COMMAND: POST /session/5ddd57591a494e04841521b2f73ce0e1/element/f.76BD0702E8726841DC63080813E8F96A.d.8C09AE7A05853FBC591DEACEFBE3B9A2.e.3019/click - {}
RESULT: {}
COMMAND: POST /session/5ddd57591a494e04841521b2f73ce0e1/execute/async - {"script":"<script> [1562 bytes]","args":[{"selector":{"id":"application-manageresources-display-component---newResourceUnit--PLANNING_GROUP-arrow"},"wdio_ui5_key":"applicationmanageresources-display-component---newResourceUnit--PLANNING_GROUP-arrow"}]}
COMMAND: GET /session/5ddd57591a494e04841521b2f73ce0e1/screenshot - {}
RESULT: {"script":"<script> [1562 bytes]","args":[{"selector":{"id":"application-manageresources-display-component---newResourceUnit--PLANNING_GROUP-arrow"},"wdio_ui5_key":"applicationmanageresources-display-component---newResourceUnit--PLANNING_GROUP-arrow"}]}
RESULT: undefined
COMMAND: POST /session/5ddd57591a494e04841521b2f73ce0e1/element - {"using":"xpath","value":"//*[@id=\"application-manageresources-display-component---newResourceUnit--PLANNING_GROUP-arrow\"]"}
RESULT: {}
RESULT: {"using":"xpath","value":"//*[@id=\"application-manageresources-display-component---newResourceUnit--PLANNING_GROUP-arrow\"]"}
COMMAND: POST /session/5ddd57591a494e04841521b2f73ce0e1/element/f.76BD0702E8726841DC63080813E8F96A.d.8C09AE7A05853FBC591DEACEFBE3B9A2.e.3023/click - {}
RESULT: {}
COMMAND: POST /session/5ddd57591a494e04841521b2f73ce0e1/execute/async - {"script":"<script> [1562 bytes]","args":[{"selector":{"controlType":"sap.m.StandardListItem","viewName":"reusables.view.manageresources.NewResourceUnit","viewId":"application-manageresources-display-component---newResourceUnit","properties":{"title":"Heavy Equi"},"searchOpenDialogs":true,"interaction":{"idSuffix":"content"}},"wdio_ui5_key":"reusablesview.manageresources.NewResourceUnitsap.m.StandardListItem{\"title\":\"Heavy Equi\"}"}]}
COMMAND: GET /session/5ddd57591a494e04841521b2f73ce0e1/screenshot - {}
RESULT: {"script":"<script> [1562 bytes]","args":[{"selector":{"controlType":"sap.m.StandardListItem","viewName":"reusables.view.manageresources.NewResourceUnit","viewId":"application-manageresources-display-component---newResourceUnit","properties":{"title":"Heavy Equi"},"searchOpenDialogs":true,"interaction":{"idSuffix":"content"}},"wdio_ui5_key":"reusablesview.manageresources.NewResourceUnitsap.m.StandardListItem{\"title\":\"Heavy Equi\"}"}]}
RESULT: undefined
COMMAND: POST /session/5ddd57591a494e04841521b2f73ce0e1/element - {"using":"xpath","value":"//*[@id=\"__item1412\"]"}
RESULT: {}
RESULT: {"using":"xpath","value":"//*[@id=\"__item1412\"]"}
COMMAND: POST /session/5ddd57591a494e04841521b2f73ce0e1/element/f.76BD0702E8726841DC63080813E8F96A.d.8C09AE7A05853FBC591DEACEFBE3B9A2.e.3026/click - {}
RESULT: {}
COMMAND: GET /session/5ddd57591a494e04841521b2f73ce0e1/screenshot - {}
RESULT: {}
COMMAND: POST /session/5ddd57591a494e04841521b2f73ce0e1/execute/async - {"script":"<script> [1562 bytes]","args":[{"selector":{"id":"application-manageresources-display-component---newResourceUnit--PLANNING_INDICATOR-arrow"},"wdio_ui5_key":"applicationmanageresources-display-component---newResourceUnit--PLANNING_INDICATOR-arrow"}]}
RESULT: {"script":"<script> [1562 bytes]","args":[{"selector":{"id":"application-manageresources-display-component---newResourceUnit--PLANNING_INDICATOR-arrow"},"wdio_ui5_key":"applicationmanageresources-display-component---newResourceUnit--PLANNING_INDICATOR-arrow"}]}
RESULT: undefined
COMMAND: POST /session/5ddd57591a494e04841521b2f73ce0e1/element - {"using":"xpath","value":"//*[@id=\"application-manageresources-display-component---newResourceUnit--PLANNING_INDICATOR-arrow\"]"}
RESULT: {"using":"xpath","value":"//*[@id=\"application-manageresources-display-component---newResourceUnit--PLANNING_INDICATOR-arrow\"]"}
COMMAND: POST /session/5ddd57591a494e04841521b2f73ce0e1/element/f.76BD0702E8726841DC63080813E8F96A.d.8C09AE7A05853FBC591DEACEFBE3B9A2.e.3027/click - {}
RESULT: {}
COMMAND: POST /session/5ddd57591a494e04841521b2f73ce0e1/execute/async - {"script":"<script> [1562 bytes]","args":[{"selector":{"controlType":"sap.m.StandardListItem","viewName":"reusables.view.manageresources.NewResourceUnit","viewId":"application-manageresources-display-component---newResourceUnit","properties":{"title":"10 - infinite"},"searchOpenDialogs":true,"interaction":{"idSuffix":"content"}},"wdio_ui5_key":"reusablesview.manageresources.NewResourceUnitsap.m.StandardListItem{\"title\":\"10 - infinite\"}"}]}
COMMAND: GET /session/5ddd57591a494e04841521b2f73ce0e1/screenshot - {}
RESULT: {"script":"<script> [1562 bytes]","args":[{"selector":{"controlType":"sap.m.StandardListItem","viewName":"reusables.view.manageresources.NewResourceUnit","viewId":"application-manageresources-display-component---newResourceUnit","properties":{"title":"10 - infinite"},"searchOpenDialogs":true,"interaction":{"idSuffix":"content"}},"wdio_ui5_key":"reusablesview.manageresources.NewResourceUnitsap.m.StandardListItem{\"title\":\"10 - infinite\"}"}]}
RESULT: undefined
COMMAND: POST /session/5ddd57591a494e04841521b2f73ce0e1/element - {"using":"xpath","value":"//*[@id=\"__item1422\"]"}
RESULT: {}
RESULT: {"using":"xpath","value":"//*[@id=\"__item1422\"]"}
COMMAND: POST /session/5ddd57591a494e04841521b2f73ce0e1/element/f.76BD0702E8726841DC63080813E8F96A.d.8C09AE7A05853FBC591DEACEFBE3B9A2.e.3029/click - {}
RESULT: {}
COMMAND: GET /session/5ddd57591a494e04841521b2f73ce0e1/screenshot - {}
RESULT: {}
COMMAND: POST /session/5ddd57591a494e04841521b2f73ce0e1/element - {"using":"xpath","value":"//bdi[contains(text(), \"Time Segment\")]"}
RESULT: {"using":"xpath","value":"//bdi[contains(text(), \"Time Segment\")]"}
COMMAND: GET /session/5ddd57591a494e04841521b2f73ce0e1/element/f.76BD0702E8726841DC63080813E8F96A.d.8C09AE7A05853FBC591DEACEFBE3B9A2.e.3030/rect - {}
RESULT: {}
COMMAND: GET /session/5ddd57591a494e04841521b2f73ce0e1/window/rect - {}
RESULT: {}
COMMAND: POST /session/5ddd57591a494e04841521b2f73ce0e1/execute/sync - {"script":"<script> [92 bytes]","args":[]}
RESULT: {"script":"<script> [92 bytes]","args":[]}
COMMAND: POST /session/5ddd57591a494e04841521b2f73ce0e1/actions - {"actions":[{"id":"action5","type":"wheel","parameters":{},"actions":[{"type":"scroll","x":-1820,"y":-21,"deltaX":0,"deltaY":0,"duration":0,"origin":{"element-6066-11e4-a52e-4f735466cecf":"f.76BD0702E8726841DC63080813E8F96A.d.8C09AE7A05853FBC591DEACEFBE3B9A2.e.3030"}}]}]}
COMMAND: GET /session/5ddd57591a494e04841521b2f73ce0e1/screenshot - {}
RESULT: {}
COMMAND: POST /session/5ddd57591a494e04841521b2f73ce0e1/execute/sync - {"script":"<script> [79 bytes]","args":[{"element-6066-11e4-a52e-4f735466cecf":"f.76BD0702E8726841DC63080813E8F96A.d.8C09AE7A05853FBC591DEACEFBE3B9A2.e.3030","ELEMENT":"f.76BD0702E8726841DC63080813E8F96A.d.8C09AE7A05853FBC591DEACEFBE3B9A2.e.3030"},{"block":"start","inline":"nearest"}]}
RESULT: {"script":"<script> [79 bytes]","args":[{"element-6066-11e4-a52e-4f735466cecf":"f.76BD0702E8726841DC63080813E8F96A.d.8C09AE7A05853FBC591DEACEFBE3B9A2.e.3030","ELEMENT":"f.76BD0702E8726841DC63080813E8F96A.d.8C09AE7A05853FBC591DEACEFBE3B9A2.e.3030"},{"block":"start","inline":"nearest"}]}
COMMAND: GET /session/5ddd57591a494e04841521b2f73ce0e1/screenshot - {}
RESULT: {}
COMMAND: POST /session/5ddd57591a494e04841521b2f73ce0e1/element - {"using":"xpath","value":"//span[@id=\"application-manageresources-display-component---newResourceUnit--btnAddTimeSegment-img\"]"}
RESULT: {"using":"xpath","value":"//span[@id=\"application-manageresources-display-component---newResourceUnit--btnAddTimeSegment-img\"]"}
COMMAND: POST /session/5ddd57591a494e04841521b2f73ce0e1/execute/sync - {"script":"<script> [8489 bytes]","args":[{"element-6066-11e4-a52e-4f735466cecf":"f.76BD0702E8726841DC63080813E8F96A.d.8C09AE7A05853FBC591DEACEFBE3B9A2.e.3033","ELEMENT":"f.76BD0702E8726841DC63080813E8F96A.d.8C09AE7A05853FBC591DEACEFBE3B9A2.e.3033"}]}
RESULT: {"script":"<script> [8489 bytes]","args":[{"element-6066-11e4-a52e-4f735466cecf":"f.76BD0702E8726841DC63080813E8F96A.d.8C09AE7A05853FBC591DEACEFBE3B9A2.e.3033","ELEMENT":"f.76BD0702E8726841DC63080813E8F96A.d.8C09AE7A05853FBC591DEACEFBE3B9A2.e.3033"}]}
COMMAND: POST /session/5ddd57591a494e04841521b2f73ce0e1/element/f.76BD0702E8726841DC63080813E8F96A.d.8C09AE7A05853FBC591DEACEFBE3B9A2.e.3033/click - {}
COMMAND: GET /session/5ddd57591a494e04841521b2f73ce0e1/screenshot - {}
RESULT: {}
COMMAND: GET /session/5ddd57591a494e04841521b2f73ce0e1/screenshot - {}
RESULT: {}
COMMAND: POST /session/5ddd57591a494e04841521b2f73ce0e1/element - {"using":"xpath","value":"//input[@id=\"application-manageresources-display-component---newResourceUnit--idRuTSAdmin-application-manageresources-display-component---newResourceUnit--RUTimeSegment-0-inner\"]"}
RESULT: {}
RESULT: {"using":"xpath","value":"//input[@id=\"application-manageresources-display-component---newResourceUnit--idRuTSAdmin-application-manageresources-display-component---newResourceUnit--RUTimeSegment-0-inner\"]"}
COMMAND: POST /session/5ddd57591a494e04841521b2f73ce0e1/element/f.76BD0702E8726841DC63080813E8F96A.d.8C09AE7A05853FBC591DEACEFBE3B9A2.e.3036/clear - {}
RESULT: {}
COMMAND: POST /session/5ddd57591a494e04841521b2f73ce0e1/element/f.76BD0702E8726841DC63080813E8F96A.d.8C09AE7A05853FBC591DEACEFBE3B9A2.e.3036/value - {"text":"WebdriverYarduw3gx"}
COMMAND: GET /session/5ddd57591a494e04841521b2f73ce0e1/screenshot - {}
RESULT: {"text":"WebdriverYarduw3gx"}
COMMAND: GET /session/5ddd57591a494e04841521b2f73ce0e1/screenshot - {}
RESULT: {}
RESULT: {}
COMMAND: POST /session/5ddd57591a494e04841521b2f73ce0e1/actions - {"actions":[{"id":"action6","type":"key","parameters":{},"actions":[{"type":"keyDown","value":"î€‡"},{"type":"pause","duration":10},{"type":"keyUp","value":"î€‡"}]}]}
RESULT: {"actions":[{"id":"action6","type":"key","parameters":{},"actions":[{"type":"keyDown","value":"î€‡"},{"type":"pause","duration":10},{"type":"keyUp","value":"î€‡"}]}]}
COMMAND: GET /session/5ddd57591a494e04841521b2f73ce0e1/screenshot - {}
RESULT: {}
COMMAND: POST /session/5ddd57591a494e04841521b2f73ce0e1/execute/async - {"script":"<script> [1562 bytes]","args":[{"selector":{"controlType":"sap.m.Button","viewName":"reusables.view.manageresources.NewResourceUnit","viewId":"application-manageresources-display-component---newResourceUnit","i18NText":{"propertyName":"tooltip","key":"save"},"interaction":{"idSuffix":"BDI-content"}},"wdio_ui5_key":"reusablesview.manageresources.NewResourceUnitsap.m.Button{\"propertyName\":\"tooltip\",\"key\":\"save\"}"}]}
RESULT: {"script":"<script> [1562 bytes]","args":[{"selector":{"controlType":"sap.m.Button","viewName":"reusables.view.manageresources.NewResourceUnit","viewId":"application-manageresources-display-component---newResourceUnit","i18NText":{"propertyName":"tooltip","key":"save"},"interaction":{"idSuffix":"BDI-content"}},"wdio_ui5_key":"reusablesview.manageresources.NewResourceUnitsap.m.Button{\"propertyName\":\"tooltip\",\"key\":\"save\"}"}]}
RESULT: undefined
COMMAND: POST /session/5ddd57591a494e04841521b2f73ce0e1/element - {"using":"xpath","value":"//*[@id=\"application-manageresources-display-component---newResourceUnit--createRuButton\"]"}
RESULT: {"using":"xpath","value":"//*[@id=\"application-manageresources-display-component---newResourceUnit--createRuButton\"]"}
COMMAND: POST /session/5ddd57591a494e04841521b2f73ce0e1/element/f.76BD0702E8726841DC63080813E8F96A.d.8C09AE7A05853FBC591DEACEFBE3B9A2.e.2897/click - {}
RESULT: {}
COMMAND: GET /session/5ddd57591a494e04841521b2f73ce0e1/screenshot - {}
RESULT: {}
COMMAND: POST /session/5ddd57591a494e04841521b2f73ce0e1/execute/async - {"script":"<script> [1562 bytes]","args":[{"selector":{"controlType":"sap.m.Title","properties":{"text":"Success"},"searchOpenDialogs":true},"wdio_ui5_key":"sapm.Title{\"text\":\"Success\"}"}]}
RESULT: {"script":"<script> [1562 bytes]","args":[{"selector":{"controlType":"sap.m.Title","properties":{"text":"Success"},"searchOpenDialogs":true},"wdio_ui5_key":"sapm.Title{\"text\":\"Success\"}"}]}
RESULT: undefined
COMMAND: POST /session/5ddd57591a494e04841521b2f73ce0e1/execute/async - {"script":"<script> [6424 bytes]","args":[{"element-6066-11e4-a52e-4f735466cecf":"f.76BD0702E8726841DC63080813E8F96A.d.8C09AE7A05853FBC591DEACEFBE3B9A2.e.3051"},"getText",[]]}
RESULT: {"script":"<script> [6424 bytes]","args":[{"element-6066-11e4-a52e-4f735466cecf":"f.76BD0702E8726841DC63080813E8F96A.d.8C09AE7A05853FBC591DEACEFBE3B9A2.e.3051"},"getText",[]]}
COMMAND: POST /session/5ddd57591a494e04841521b2f73ce0e1/element - {"using":"xpath","value":"//*[contains(@id, '__text') and (contains(text(), 'successfully created') or contains(., 'successfully created'))]"}
RESULT: {"using":"xpath","value":"//*[contains(@id, '__text') and (contains(text(), 'successfully created') or contains(., 'successfully created'))]"}
COMMAND: GET /session/5ddd57591a494e04841521b2f73ce0e1/element/f.76BD0702E8726841DC63080813E8F96A.d.8C09AE7A05853FBC591DEACEFBE3B9A2.e.3049/text - {}
RESULT: {}
COMMAND: POST /session/5ddd57591a494e04841521b2f73ce0e1/execute/async - {"script":"<script> [1562 bytes]","args":[{"selector":{"controlType":"sap.m.Button","properties":{"text":"Close"},"searchOpenDialogs":true,"interaction":{"idSuffix":"BDI-content"}},"wdio_ui5_key":"sapm.Button{\"text\":\"Close\"}"}]}
RESULT: {"script":"<script> [1562 bytes]","args":[{"selector":{"controlType":"sap.m.Button","properties":{"text":"Close"},"searchOpenDialogs":true,"interaction":{"idSuffix":"BDI-content"}},"wdio_ui5_key":"sapm.Button{\"text\":\"Close\"}"}]}
RESULT: undefined
COMMAND: POST /session/5ddd57591a494e04841521b2f73ce0e1/element - {"using":"xpath","value":"//*[@id=\"__mbox-btn-0\"]"}
RESULT: {"using":"xpath","value":"//*[@id=\"__mbox-btn-0\"]"}
COMMAND: POST /session/5ddd57591a494e04841521b2f73ce0e1/element/f.76BD0702E8726841DC63080813E8F96A.d.8C09AE7A05853FBC591DEACEFBE3B9A2.e.3048/click - {}
RESULT: {}
COMMAND: GET /session/5ddd57591a494e04841521b2f73ce0e1/screenshot - {}
RESULT: {}
COMMAND: POST /session/5ddd57591a494e04841521b2f73ce0e1/execute/async - {"script":"<script> [1562 bytes]","args":[{"selector":{"controlType":"sap.ui.core.Icon","viewName":"etm.portal.ui.manageresources.view.Detail","viewId":"application-manageresources-display-component---detailRU","properties":{"src":{"regex":{"source":"overflow"}}}},"wdio_ui5_key":"etmportal.ui.manageresources.view.Detailsap.ui.core.Icon{\"src\":{\"regex\":{\"source\":\"overflow\"}}}"}]}
RESULT: {"script":"<script> [1562 bytes]","args":[{"selector":{"controlType":"sap.ui.core.Icon","viewName":"etm.portal.ui.manageresources.view.Detail","viewId":"application-manageresources-display-component---detailRU","properties":{"src":{"regex":{"source":"overflow"}}}},"wdio_ui5_key":"etmportal.ui.manageresources.view.Detailsap.ui.core.Icon{\"src\":{\"regex\":{\"source\":\"overflow\"}}}"}]}
RESULT: undefined
COMMAND: POST /session/5ddd57591a494e04841521b2f73ce0e1/element - {"using":"xpath","value":"//*[@id=\"__title36-_actionsToolbar-overflowButton-img\"]"}
RESULT: {"using":"xpath","value":"//*[@id=\"__title36-_actionsToolbar-overflowButton-img\"]"}
COMMAND: POST /session/5ddd57591a494e04841521b2f73ce0e1/element/f.76BD0702E8726841DC63080813E8F96A.d.8C09AE7A05853FBC591DEACEFBE3B9A2.e.3086/click - {}
RESULT: {}
COMMAND: POST /session/5ddd57591a494e04841521b2f73ce0e1/execute/async - {"script":"<script> [1562 bytes]","args":[{"selector":{"controlType":"sap.m.Button","viewName":"etm.portal.ui.manageresources.view.Detail","viewId":"application-manageresources-display-component---detailRU","i18NText":{"propertyName":"tooltip","key":"closeColumn"},"searchOpenDialogs":true,"interaction":{"idSuffix":"inner"}},"wdio_ui5_key":"etmportal.ui.manageresources.view.Detailsap.m.Button{\"propertyName\":\"tooltip\",\"key\":\"closeColumn\"}"}]}
COMMAND: GET /session/5ddd57591a494e04841521b2f73ce0e1/screenshot - {}
RESULT: {"script":"<script> [1562 bytes]","args":[{"selector":{"controlType":"sap.m.Button","viewName":"etm.portal.ui.manageresources.view.Detail","viewId":"application-manageresources-display-component---detailRU","i18NText":{"propertyName":"tooltip","key":"closeColumn"},"searchOpenDialogs":true,"interaction":{"idSuffix":"inner"}},"wdio_ui5_key":"etmportal.ui.manageresources.view.Detailsap.m.Button{\"propertyName\":\"tooltip\",\"key\":\"closeColumn\"}"}]}
RESULT: undefined
COMMAND: POST /session/5ddd57591a494e04841521b2f73ce0e1/element - {"using":"xpath","value":"//*[@id=\"__button151\"]"}
RESULT: {}
RESULT: {"using":"xpath","value":"//*[@id=\"__button151\"]"}
COMMAND: POST /session/5ddd57591a494e04841521b2f73ce0e1/element/f.76BD0702E8726841DC63080813E8F96A.d.8C09AE7A05853FBC591DEACEFBE3B9A2.e.3088/click - {}
RESULT: {}
COMMAND: GET /session/5ddd57591a494e04841521b2f73ce0e1/screenshot - {}
RESULT: {}
COMMAND: POST /session/5ddd57591a494e04841521b2f73ce0e1/refresh - {}
RESULT: {}
COMMAND: GET /session/5ddd57591a494e04841521b2f73ce0e1/screenshot - {}
RESULT: {}
COMMAND: POST /session/5ddd57591a494e04841521b2f73ce0e1/execute/async - {"script":"<script> [189 bytes]","args":[]}
RESULT: {"script":"<script> [189 bytes]","args":[]}
COMMAND: POST /session/5ddd57591a494e04841521b2f73ce0e1/execute/async - {"script":"<script> [123 bytes]","args":[]}
RESULT: {"script":"<script> [123 bytes]","args":[]}
COMMAND: POST /session/5ddd57591a494e04841521b2f73ce0e1/timeouts - {"script":"<number>"}
RESULT: {"script":"<number>"}
COMMAND: GET /session/5ddd57591a494e04841521b2f73ce0e1/timeouts - {}
RESULT: {}
RESULT: undefined
COMMAND: POST /session/5ddd57591a494e04841521b2f73ce0e1/execute/async - {"script":"<script> [2676 bytes]","args":[]}
RESULT: {"script":"<script> [2676 bytes]","args":[]}
COMMAND: POST /session/5ddd57591a494e04841521b2f73ce0e1/execute/async - {"script":"<script> [2342 bytes]","args":[{"protocol":"http","hostname":"0.0.0.0","path":"/","capabilities":{"browserName":"chrome","goog:chromeOptions":{"binary":"C:\\Program Files\\Google\\Chrome\\Application\\chrome.exe","args":["--start-maximized"]}},"logLevel":"warn","connectionRetryTimeout":120000,"connectionRetryCount":3,"logLevels":{},"enableDirectConnect":true,"strictSSL":true,"_":"65 more keys: [\"cacheDir\",\"port\",\"requestedCapabilities\",\"automationProtocol\",\"baseUrl\",\"waitforInterval\",\"waitforTimeout\",\"onReload\",\"beforeCommand\",\"afterCommand\",\"rootDir\",\"specs\",\"suites\",\"exclude\",\"groupLogsByTestSpec\",\"excludeDriverLogs\",\"bail\",\"framework\",\"reporters\",\"services\",\"maxInstances\",\"maxInstancesPerCapability\",\"injectGlobals\",\"filesToWatch\",\"execArgv\",\"runnerEnv\",\"runner\",\"shard\",\"specFileRetries\",\"specFileRetriesDelay\",\"specFileRetriesDeferred\",\"reporterSyncInterval\",\"reporterSyncTimeout\",\"cucumberFeaturesWithLineNumbers\",\"autoCompileOpts\",\"mochaOpts\",\"jasmineOpts\",\"cucumberOpts\",\"onPrepare\",\"onWorkerStart\",\"onWorkerEnd\",\"before\",\"beforeSession\",\"beforeSuite\",\"beforeHook\",\"beforeTest\",\"afterTest\",\"afterHook\",\"afterSuite\",\"afterSession\",\"after\",\"onComplete\",\"beforeAssertion\",\"afterAssertion\",\"beforeFeature\",\"beforeScenario\",\"beforeStep\",\"afterStep\",\"afterScenario\",\"afterFeature\",\"_\",\"suite\",\"$0\",\"ignoredWorkerServices\",\"wdi5\"]"}]}
RESULT: {"script":"<script> [2342 bytes]","args":[{"protocol":"http","hostname":"0.0.0.0","path":"/","capabilities":{"browserName":"chrome","goog:chromeOptions":{"binary":"C:\\Program Files\\Google\\Chrome\\Application\\chrome.exe","args":["--start-maximized"]}},"logLevel":"warn","connectionRetryTimeout":120000,"connectionRetryCount":3,"logLevels":{},"enableDirectConnect":true,"strictSSL":true,"_":"65 more keys: [\"cacheDir\",\"port\",\"requestedCapabilities\",\"automationProtocol\",\"baseUrl\",\"waitforInterval\",\"waitforTimeout\",\"onReload\",\"beforeCommand\",\"afterCommand\",\"rootDir\",\"specs\",\"suites\",\"exclude\",\"groupLogsByTestSpec\",\"excludeDriverLogs\",\"bail\",\"framework\",\"reporters\",\"services\",\"maxInstances\",\"maxInstancesPerCapability\",\"injectGlobals\",\"filesToWatch\",\"execArgv\",\"runnerEnv\",\"runner\",\"shard\",\"specFileRetries\",\"specFileRetriesDelay\",\"specFileRetriesDeferred\",\"reporterSyncInterval\",\"reporterSyncTimeout\",\"cucumberFeaturesWithLineNumbers\",\"autoCompileOpts\",\"mochaOpts\",\"jasmineOpts\",\"cucumberOpts\",\"onPrepare\",\"onWorkerStart\",\"onWorkerEnd\",\"before\",\"beforeSession\",\"beforeSuite\",\"beforeHook\",\"beforeTest\",\"afterTest\",\"afterHook\",\"afterSuite\",\"afterSession\",\"after\",\"onComplete\",\"beforeAssertion\",\"afterAssertion\",\"beforeFeature\",\"beforeScenario\",\"beforeStep\",\"afterStep\",\"afterScenario\",\"afterFeature\",\"_\",\"suite\",\"$0\",\"ignoredWorkerServices\",\"wdi5\"]"}]}
COMMAND: POST /session/5ddd57591a494e04841521b2f73ce0e1/execute/async - {"script":"<script> [21126 bytes]","args":[35000]}
RESULT: {"script":"<script> [21126 bytes]","args":[35000]}
COMMAND: POST /session/5ddd57591a494e04841521b2f73ce0e1/element - {"using":"css selector","value":"#shell-header-logo"}
RESULT: {"using":"css selector","value":"#shell-header-logo"}
COMMAND: POST /session/5ddd57591a494e04841521b2f73ce0e1/element/f.76BD0702E8726841DC63080813E8F96A.d.59C128D38FD7E346CF1D295FBA099659.e.3190/click - {}
RESULT: {}
COMMAND: GET /session/5ddd57591a494e04841521b2f73ce0e1/screenshot - {}
RESULT: {}
COMMAND: POST /session/5ddd57591a494e04841521b2f73ce0e1/execute/async - {"script":"<script> [1562 bytes]","args":[{"selector":{"controlType":"sap.m.GenericTile","properties":{"header":"Manage Resources"}},"wdio_ui5_key":"sapm.GenericTile{\"header\":\"Manage Resources\"}"}]}
RESULT: {"script":"<script> [1562 bytes]","args":[{"selector":{"controlType":"sap.m.GenericTile","properties":{"header":"Manage Resources"}},"wdio_ui5_key":"sapm.GenericTile{\"header\":\"Manage Resources\"}"}]}
RESULT: undefined
COMMAND: POST /session/5ddd57591a494e04841521b2f73ce0e1/element - {"using":"xpath","value":"//*[@id=\"__tile39\"]"}
RESULT: {"using":"xpath","value":"//*[@id=\"__tile39\"]"}
COMMAND: POST /session/5ddd57591a494e04841521b2f73ce0e1/element/f.76BD0702E8726841DC63080813E8F96A.d.59C128D38FD7E346CF1D295FBA099659.e.3373/click - {}
RESULT: {}
COMMAND: GET /session/5ddd57591a494e04841521b2f73ce0e1/screenshot - {}
RESULT: {}
COMMAND: POST /session/5ddd57591a494e04841521b2f73ce0e1/elements - {"using":"xpath","value":"//span[text()='Error']"}
RESULT: {"using":"xpath","value":"//span[text()='Error']"}
COMMAND: POST /session/5ddd57591a494e04841521b2f73ce0e1/element - {"using":"xpath","value":"//button[@data-kt=\"addNewRUOverflowToolbarButton\"]"}
RESULT: {"using":"xpath","value":"//button[@data-kt=\"addNewRUOverflowToolbarButton\"]"}
COMMAND: POST /session/5ddd57591a494e04841521b2f73ce0e1/execute/sync - {"script":"<script> [8489 bytes]","args":[{"element-6066-11e4-a52e-4f735466cecf":"f.76BD0702E8726841DC63080813E8F96A.d.59C128D38FD7E346CF1D295FBA099659.e.3413","ELEMENT":"f.76BD0702E8726841DC63080813E8F96A.d.59C128D38FD7E346CF1D295FBA099659.e.3413"}]}
RESULT: {"script":"<script> [8489 bytes]","args":[{"element-6066-11e4-a52e-4f735466cecf":"f.76BD0702E8726841DC63080813E8F96A.d.59C128D38FD7E346CF1D295FBA099659.e.3413","ELEMENT":"f.76BD0702E8726841DC63080813E8F96A.d.59C128D38FD7E346CF1D295FBA099659.e.3413"}]}
COMMAND: POST /session/5ddd57591a494e04841521b2f73ce0e1/element/f.76BD0702E8726841DC63080813E8F96A.d.59C128D38FD7E346CF1D295FBA099659.e.3413/click - {}
COMMAND: GET /session/5ddd57591a494e04841521b2f73ce0e1/screenshot - {}
RESULT: {}
COMMAND: GET /session/5ddd57591a494e04841521b2f73ce0e1/screenshot - {}
RESULT: {}
COMMAND: POST /session/5ddd57591a494e04841521b2f73ce0e1/execute/async - {"script":"<script> [1562 bytes]","args":[{"selector":{"id":"application-manageresources-display-component---newResourceUnit--TYPE-arrow"},"wdio_ui5_key":"applicationmanageresources-display-component---newResourceUnit--TYPE-arrow"}]}
RESULT: {}
RESULT: {"script":"<script> [1562 bytes]","args":[{"selector":{"id":"application-manageresources-display-component---newResourceUnit--TYPE-arrow"},"wdio_ui5_key":"applicationmanageresources-display-component---newResourceUnit--TYPE-arrow"}]}
RESULT: undefined
COMMAND: POST /session/5ddd57591a494e04841521b2f73ce0e1/element - {"using":"xpath","value":"//*[@id=\"application-manageresources-display-component---newResourceUnit--TYPE-arrow\"]"}
RESULT: {"using":"xpath","value":"//*[@id=\"application-manageresources-display-component---newResourceUnit--TYPE-arrow\"]"}
COMMAND: POST /session/5ddd57591a494e04841521b2f73ce0e1/element/f.76BD0702E8726841DC63080813E8F96A.d.59C128D38FD7E346CF1D295FBA099659.e.3732/click - {}
RESULT: {}
COMMAND: POST /session/5ddd57591a494e04841521b2f73ce0e1/execute/async - {"script":"<script> [1562 bytes]","args":[{"selector":{"controlType":"sap.m.StandardListItem","viewName":"reusables.view.manageresources.NewResourceUnit","viewId":"application-manageresources-display-component---newResourceUnit","properties":{"title":"Equipment"},"searchOpenDialogs":true,"interaction":{"idSuffix":"content"}},"wdio_ui5_key":"reusablesview.manageresources.NewResourceUnitsap.m.StandardListItem{\"title\":\"Equipment\"}"}]}
COMMAND: GET /session/5ddd57591a494e04841521b2f73ce0e1/screenshot - {}
RESULT: {"script":"<script> [1562 bytes]","args":[{"selector":{"controlType":"sap.m.StandardListItem","viewName":"reusables.view.manageresources.NewResourceUnit","viewId":"application-manageresources-display-component---newResourceUnit","properties":{"title":"Equipment"},"searchOpenDialogs":true,"interaction":{"idSuffix":"content"}},"wdio_ui5_key":"reusablesview.manageresources.NewResourceUnitsap.m.StandardListItem{\"title\":\"Equipment\"}"}]}
RESULT: undefined
COMMAND: POST /session/5ddd57591a494e04841521b2f73ce0e1/element - {"using":"xpath","value":"//*[@id=\"__item185\"]"}
RESULT: {}
RESULT: {"using":"xpath","value":"//*[@id=\"__item185\"]"}
COMMAND: POST /session/5ddd57591a494e04841521b2f73ce0e1/element/f.76BD0702E8726841DC63080813E8F96A.d.59C128D38FD7E346CF1D295FBA099659.e.3735/click - {}
RESULT: {}
COMMAND: POST /session/5ddd57591a494e04841521b2f73ce0e1/execute/async - {"script":"<script> [1562 bytes]","args":[{"selector":{"id":"application-manageresources-display-component---newResourceUnit--resourceId","interaction":{"idSuffix":"inner"}},"wdio_ui5_key":"applicationmanageresources-display-component---newResourceUnit--resourceId"}]}
COMMAND: GET /session/5ddd57591a494e04841521b2f73ce0e1/screenshot - {}
RESULT: {"script":"<script> [1562 bytes]","args":[{"selector":{"id":"application-manageresources-display-component---newResourceUnit--resourceId","interaction":{"idSuffix":"inner"}},"wdio_ui5_key":"applicationmanageresources-display-component---newResourceUnit--resourceId"}]}
RESULT: undefined
COMMAND: POST /session/5ddd57591a494e04841521b2f73ce0e1/execute/async - {"script":"<script> [776 bytes]","args":[{"enterText":"WdIOTestEquipuewg3i","selector":{"id":"application-manageresources-display-component---newResourceUnit--resourceId","interaction":{"idSuffix":"inner"}},"clearTextFirst":true,"interactionType":"ENTER_TEXT"}]}
RESULT: {}
RESULT: {"script":"<script> [776 bytes]","args":[{"enterText":"WdIOTestEquipuewg3i","selector":{"id":"application-manageresources-display-component---newResourceUnit--resourceId","interaction":{"idSuffix":"inner"}},"clearTextFirst":true,"interactionType":"ENTER_TEXT"}]}
COMMAND: POST /session/5ddd57591a494e04841521b2f73ce0e1/execute/async - {"script":"<script> [1562 bytes]","args":[{"selector":{"id":"application-manageresources-display-component---newResourceUnit--SHORT_TEXT","interaction":{"idSuffix":"inner"}},"wdio_ui5_key":"applicationmanageresources-display-component---newResourceUnit--SHORT_TEXT"}]}
RESULT: {"script":"<script> [1562 bytes]","args":[{"selector":{"id":"application-manageresources-display-component---newResourceUnit--SHORT_TEXT","interaction":{"idSuffix":"inner"}},"wdio_ui5_key":"applicationmanageresources-display-component---newResourceUnit--SHORT_TEXT"}]}
RESULT: undefined
COMMAND: POST /session/5ddd57591a494e04841521b2f73ce0e1/execute/async - {"script":"<script> [776 bytes]","args":[{"enterText":"WdIOTestEquipuewg3i","selector":{"id":"application-manageresources-display-component---newResourceUnit--SHORT_TEXT","interaction":{"idSuffix":"inner"}},"clearTextFirst":true,"interactionType":"ENTER_TEXT"}]}
RESULT: {"script":"<script> [776 bytes]","args":[{"enterText":"WdIOTestEquipuewg3i","selector":{"id":"application-manageresources-display-component---newResourceUnit--SHORT_TEXT","interaction":{"idSuffix":"inner"}},"clearTextFirst":true,"interactionType":"ENTER_TEXT"}]}
COMMAND: POST /session/5ddd57591a494e04841521b2f73ce0e1/execute/async - {"script":"<script> [1562 bytes]","args":[{"selector":{"id":"application-manageresources-display-component---newResourceUnit--BASE_UNIT_OF_MEASURE","interaction":{"idSuffix":"inner"}},"wdio_ui5_key":"applicationmanageresources-display-component---newResourceUnit--BASE_UNIT_OF_MEASURE"}]}
RESULT: {"script":"<script> [1562 bytes]","args":[{"selector":{"id":"application-manageresources-display-component---newResourceUnit--BASE_UNIT_OF_MEASURE","interaction":{"idSuffix":"inner"}},"wdio_ui5_key":"applicationmanageresources-display-component---newResourceUnit--BASE_UNIT_OF_MEASURE"}]}
RESULT: undefined
COMMAND: POST /session/5ddd57591a494e04841521b2f73ce0e1/execute/async - {"script":"<script> [776 bytes]","args":[{"enterText":"Piece","selector":{"id":"application-manageresources-display-component---newResourceUnit--BASE_UNIT_OF_MEASURE","interaction":{"idSuffix":"inner"}},"clearTextFirst":true,"interactionType":"ENTER_TEXT"}]}
RESULT: {"script":"<script> [776 bytes]","args":[{"enterText":"Piece","selector":{"id":"application-manageresources-display-component---newResourceUnit--BASE_UNIT_OF_MEASURE","interaction":{"idSuffix":"inner"}},"clearTextFirst":true,"interactionType":"ENTER_TEXT"}]}
COMMAND: POST /session/5ddd57591a494e04841521b2f73ce0e1/execute/async - {"script":"<script> [1562 bytes]","args":[{"selector":{"id":"application-manageresources-display-component---newResourceUnit--WEIGHT_UNIT","interaction":{"idSuffix":"inner"}},"wdio_ui5_key":"applicationmanageresources-display-component---newResourceUnit--WEIGHT_UNIT"}]}
RESULT: {"script":"<script> [1562 bytes]","args":[{"selector":{"id":"application-manageresources-display-component---newResourceUnit--WEIGHT_UNIT","interaction":{"idSuffix":"inner"}},"wdio_ui5_key":"applicationmanageresources-display-component---newResourceUnit--WEIGHT_UNIT"}]}
RESULT: undefined
COMMAND: POST /session/5ddd57591a494e04841521b2f73ce0e1/execute/async - {"script":"<script> [776 bytes]","args":[{"enterText":"Gram","selector":{"id":"application-manageresources-display-component---newResourceUnit--WEIGHT_UNIT","interaction":{"idSuffix":"inner"}},"clearTextFirst":true,"interactionType":"ENTER_TEXT"}]}
RESULT: {"script":"<script> [776 bytes]","args":[{"enterText":"Gram","selector":{"id":"application-manageresources-display-component---newResourceUnit--WEIGHT_UNIT","interaction":{"idSuffix":"inner"}},"clearTextFirst":true,"interactionType":"ENTER_TEXT"}]}
COMMAND: POST /session/5ddd57591a494e04841521b2f73ce0e1/execute/async - {"script":"<script> [1562 bytes]","args":[{"selector":{"id":"application-manageresources-display-component---newResourceUnit--newRRUPage-OPHeaderContent-collapseBtn-img"},"wdio_ui5_key":"applicationmanageresources-display-component---newResourceUnit--newRRUPage-OPHeaderContent-collapseBtn-img"}]}
RESULT: {"script":"<script> [1562 bytes]","args":[{"selector":{"id":"application-manageresources-display-component---newResourceUnit--newRRUPage-OPHeaderContent-collapseBtn-img"},"wdio_ui5_key":"applicationmanageresources-display-component---newResourceUnit--newRRUPage-OPHeaderContent-collapseBtn-img"}]}
RESULT: undefined
COMMAND: POST /session/5ddd57591a494e04841521b2f73ce0e1/element - {"using":"xpath","value":"//*[@id=\"application-manageresources-display-component---newResourceUnit--newRRUPage-OPHeaderContent-collapseBtn-img\"]"}
RESULT: {"using":"xpath","value":"//*[@id=\"application-manageresources-display-component---newResourceUnit--newRRUPage-OPHeaderContent-collapseBtn-img\"]"}
COMMAND: POST /session/5ddd57591a494e04841521b2f73ce0e1/element/f.76BD0702E8726841DC63080813E8F96A.d.59C128D38FD7E346CF1D295FBA099659.e.3744/click - {}
RESULT: {}
COMMAND: GET /session/5ddd57591a494e04841521b2f73ce0e1/screenshot - {}
RESULT: {}
COMMAND: POST /session/5ddd57591a494e04841521b2f73ce0e1/element - {"using":"xpath","value":"(//span[contains(@id ,\"application-manageresources-display-component---newResourceUnit--DIMENSION_UNIT-arrow\")])[1]"}
RESULT: {"using":"xpath","value":"(//span[contains(@id ,\"application-manageresources-display-component---newResourceUnit--DIMENSION_UNIT-arrow\")])[1]"}
COMMAND: POST /session/5ddd57591a494e04841521b2f73ce0e1/element/f.76BD0702E8726841DC63080813E8F96A.d.59C128D38FD7E346CF1D295FBA099659.e.3891/click - {}
RESULT: {}
COMMAND: GET /session/5ddd57591a494e04841521b2f73ce0e1/screenshot - {}
RESULT: {}
COMMAND: POST /session/5ddd57591a494e04841521b2f73ce0e1/execute/async - {"script":"<script> [1562 bytes]","args":[{"selector":{"controlType":"sap.m.StandardListItem","viewName":"reusables.view.manageresources.NewResourceUnit","viewId":"application-manageresources-display-component---newResourceUnit","properties":{"title":"Centimeter"},"searchOpenDialogs":true,"interaction":{"idSuffix":"titleText"}},"wdio_ui5_key":"reusablesview.manageresources.NewResourceUnitsap.m.StandardListItem{\"title\":\"Centimeter\"}"}]}
RESULT: {"script":"<script> [1562 bytes]","args":[{"selector":{"controlType":"sap.m.StandardListItem","viewName":"reusables.view.manageresources.NewResourceUnit","viewId":"application-manageresources-display-component---newResourceUnit","properties":{"title":"Centimeter"},"searchOpenDialogs":true,"interaction":{"idSuffix":"titleText"}},"wdio_ui5_key":"reusablesview.manageresources.NewResourceUnitsap.m.StandardListItem{\"title\":\"Centimeter\"}"}]}
RESULT: undefined
COMMAND: POST /session/5ddd57591a494e04841521b2f73ce0e1/element - {"using":"xpath","value":"//*[@id=\"__item245\"]"}
RESULT: {"using":"xpath","value":"//*[@id=\"__item245\"]"}
COMMAND: POST /session/5ddd57591a494e04841521b2f73ce0e1/element/f.76BD0702E8726841DC63080813E8F96A.d.59C128D38FD7E346CF1D295FBA099659.e.3895/click - {}
RESULT: {}
COMMAND: GET /session/5ddd57591a494e04841521b2f73ce0e1/screenshot - {}
RESULT: {}
COMMAND: POST /session/5ddd57591a494e04841521b2f73ce0e1/execute/async - {"script":"<script> [1562 bytes]","args":[{"selector":{"id":"application-manageresources-display-component---newResourceUnit--newRRUPage-anchBar-application-manageresources-display-component---newResourceUnit--control-anchor","interaction":{"idSuffix":"BDI-content"}},"wdio_ui5_key":"applicationmanageresources-display-component---newResourceUnit--newRRUPage-anchBar-application-manageresources-display-component---newResourceUnit--control-anchor"}]}
RESULT: {"script":"<script> [1562 bytes]","args":[{"selector":{"id":"application-manageresources-display-component---newResourceUnit--newRRUPage-anchBar-application-manageresources-display-component---newResourceUnit--control-anchor","interaction":{"idSuffix":"BDI-content"}},"wdio_ui5_key":"applicationmanageresources-display-component---newResourceUnit--newRRUPage-anchBar-application-manageresources-display-component---newResourceUnit--control-anchor"}]}
RESULT: undefined
COMMAND: POST /session/5ddd57591a494e04841521b2f73ce0e1/element - {"using":"xpath","value":"//*[@id=\"application-manageresources-display-component---newResourceUnit--newRRUPage-anchBar-application-manageresources-display-component---newResourceUnit--control-anchor\"]"}
RESULT: {"using":"xpath","value":"//*[@id=\"application-manageresources-display-component---newResourceUnit--newRRUPage-anchBar-application-manageresources-display-component---newResourceUnit--control-anchor\"]"}
COMMAND: POST /session/5ddd57591a494e04841521b2f73ce0e1/element/f.76BD0702E8726841DC63080813E8F96A.d.59C128D38FD7E346CF1D295FBA099659.e.3897/click - {}
RESULT: {}
COMMAND: POST /session/5ddd57591a494e04841521b2f73ce0e1/execute/async - {"script":"<script> [1562 bytes]","args":[{"selector":{"id":"application-manageresources-display-component---newResourceUnit--PLANNING_GROUP","interaction":{"idSuffix":"inner"}},"wdio_ui5_key":"applicationmanageresources-display-component---newResourceUnit--PLANNING_GROUP"}]}
COMMAND: GET /session/5ddd57591a494e04841521b2f73ce0e1/screenshot - {}
RESULT: {"script":"<script> [1562 bytes]","args":[{"selector":{"id":"application-manageresources-display-component---newResourceUnit--PLANNING_GROUP","interaction":{"idSuffix":"inner"}},"wdio_ui5_key":"applicationmanageresources-display-component---newResourceUnit--PLANNING_GROUP"}]}
RESULT: undefined
COMMAND: POST /session/5ddd57591a494e04841521b2f73ce0e1/execute/async - {"script":"<script> [776 bytes]","args":[{"enterText":"Heavy Equi","selector":{"id":"application-manageresources-display-component---newResourceUnit--PLANNING_GROUP","interaction":{"idSuffix":"inner"}},"clearTextFirst":true,"interactionType":"ENTER_TEXT"}]}
RESULT: {}
RESULT: {"script":"<script> [776 bytes]","args":[{"enterText":"Heavy Equi","selector":{"id":"application-manageresources-display-component---newResourceUnit--PLANNING_GROUP","interaction":{"idSuffix":"inner"}},"clearTextFirst":true,"interactionType":"ENTER_TEXT"}]}
COMMAND: POST /session/5ddd57591a494e04841521b2f73ce0e1/execute/async - {"script":"<script> [1562 bytes]","args":[{"selector":{"id":"application-manageresources-display-component---newResourceUnit--ITEM_TYPE-arrow"},"wdio_ui5_key":"applicationmanageresources-display-component---newResourceUnit--ITEM_TYPE-arrow"}]}
RESULT: {"script":"<script> [1562 bytes]","args":[{"selector":{"id":"application-manageresources-display-component---newResourceUnit--ITEM_TYPE-arrow"},"wdio_ui5_key":"applicationmanageresources-display-component---newResourceUnit--ITEM_TYPE-arrow"}]}
RESULT: undefined
COMMAND: POST /session/5ddd57591a494e04841521b2f73ce0e1/element - {"using":"xpath","value":"//*[@id=\"application-manageresources-display-component---newResourceUnit--ITEM_TYPE-arrow\"]"}
RESULT: {"using":"xpath","value":"//*[@id=\"application-manageresources-display-component---newResourceUnit--ITEM_TYPE-arrow\"]"}
COMMAND: POST /session/5ddd57591a494e04841521b2f73ce0e1/element/f.76BD0702E8726841DC63080813E8F96A.d.59C128D38FD7E346CF1D295FBA099659.e.3902/click - {}
RESULT: {}
COMMAND: POST /session/5ddd57591a494e04841521b2f73ce0e1/execute/async - {"script":"<script> [1562 bytes]","args":[{"selector":{"controlType":"sap.m.StandardListItem","viewName":"reusables.view.manageresources.NewResourceUnit","viewId":"application-manageresources-display-component---newResourceUnit","properties":{"title":"Resource Unit"},"searchOpenDialogs":true,"interaction":{"idSuffix":"titleText"}},"wdio_ui5_key":"reusablesview.manageresources.NewResourceUnitsap.m.StandardListItem{\"title\":\"Resource Unit\"}"}]}
COMMAND: GET /session/5ddd57591a494e04841521b2f73ce0e1/screenshot - {}
RESULT: {"script":"<script> [1562 bytes]","args":[{"selector":{"controlType":"sap.m.StandardListItem","viewName":"reusables.view.manageresources.NewResourceUnit","viewId":"application-manageresources-display-component---newResourceUnit","properties":{"title":"Resource Unit"},"searchOpenDialogs":true,"interaction":{"idSuffix":"titleText"}},"wdio_ui5_key":"reusablesview.manageresources.NewResourceUnitsap.m.StandardListItem{\"title\":\"Resource Unit\"}"}]}
RESULT: undefined
COMMAND: POST /session/5ddd57591a494e04841521b2f73ce0e1/element - {"using":"xpath","value":"//*[@id=\"__item267\"]"}
RESULT: {}
RESULT: {"using":"xpath","value":"//*[@id=\"__item267\"]"}
COMMAND: POST /session/5ddd57591a494e04841521b2f73ce0e1/element/f.76BD0702E8726841DC63080813E8F96A.d.59C128D38FD7E346CF1D295FBA099659.e.3904/click - {}
RESULT: {}
COMMAND: POST /session/5ddd57591a494e04841521b2f73ce0e1/element - {"using":"xpath","value":"//bdi[contains(text(), \"Time Segment\")]"}
COMMAND: GET /session/5ddd57591a494e04841521b2f73ce0e1/screenshot - {}
RESULT: {"using":"xpath","value":"//bdi[contains(text(), \"Time Segment\")]"}
COMMAND: GET /session/5ddd57591a494e04841521b2f73ce0e1/element/f.76BD0702E8726841DC63080813E8F96A.d.59C128D38FD7E346CF1D295FBA099659.e.3911/rect - {}
RESULT: {}
RESULT: {}
COMMAND: GET /session/5ddd57591a494e04841521b2f73ce0e1/window/rect - {}
RESULT: {}
COMMAND: POST /session/5ddd57591a494e04841521b2f73ce0e1/execute/sync - {"script":"<script> [92 bytes]","args":[]}
RESULT: {"script":"<script> [92 bytes]","args":[]}
COMMAND: POST /session/5ddd57591a494e04841521b2f73ce0e1/actions - {"actions":[{"id":"action7","type":"wheel","parameters":{},"actions":[{"type":"scroll","x":-1820,"y":-21,"deltaX":0,"deltaY":0,"duration":0,"origin":{"element-6066-11e4-a52e-4f735466cecf":"f.76BD0702E8726841DC63080813E8F96A.d.59C128D38FD7E346CF1D295FBA099659.e.3911"}}]}]}
COMMAND: GET /session/5ddd57591a494e04841521b2f73ce0e1/screenshot - {}
RESULT: {}
COMMAND: POST /session/5ddd57591a494e04841521b2f73ce0e1/execute/sync - {"script":"<script> [79 bytes]","args":[{"element-6066-11e4-a52e-4f735466cecf":"f.76BD0702E8726841DC63080813E8F96A.d.59C128D38FD7E346CF1D295FBA099659.e.3911","ELEMENT":"f.76BD0702E8726841DC63080813E8F96A.d.59C128D38FD7E346CF1D295FBA099659.e.3911"},{"block":"start","inline":"nearest"}]}
RESULT: {"script":"<script> [79 bytes]","args":[{"element-6066-11e4-a52e-4f735466cecf":"f.76BD0702E8726841DC63080813E8F96A.d.59C128D38FD7E346CF1D295FBA099659.e.3911","ELEMENT":"f.76BD0702E8726841DC63080813E8F96A.d.59C128D38FD7E346CF1D295FBA099659.e.3911"},{"block":"start","inline":"nearest"}]}
COMMAND: POST /session/5ddd57591a494e04841521b2f73ce0e1/execute/async - {"script":"<script> [1562 bytes]","args":[{"selector":{"id":"application-manageresources-display-component---newResourceUnit--btnAddTimeSegment-img"},"wdio_ui5_key":"applicationmanageresources-display-component---newResourceUnit--btnAddTimeSegment-img"}]}
COMMAND: GET /session/5ddd57591a494e04841521b2f73ce0e1/screenshot - {}
RESULT: {"script":"<script> [1562 bytes]","args":[{"selector":{"id":"application-manageresources-display-component---newResourceUnit--btnAddTimeSegment-img"},"wdio_ui5_key":"applicationmanageresources-display-component---newResourceUnit--btnAddTimeSegment-img"}]}
RESULT: undefined
COMMAND: POST /session/5ddd57591a494e04841521b2f73ce0e1/element - {"using":"xpath","value":"//*[@id=\"application-manageresources-display-component---newResourceUnit--btnAddTimeSegment-img\"]"}
RESULT: {}
RESULT: {"using":"xpath","value":"//*[@id=\"application-manageresources-display-component---newResourceUnit--btnAddTimeSegment-img\"]"}
COMMAND: POST /session/5ddd57591a494e04841521b2f73ce0e1/element/f.76BD0702E8726841DC63080813E8F96A.d.59C128D38FD7E346CF1D295FBA099659.e.3912/click - {}
RESULT: {}
COMMAND: GET /session/5ddd57591a494e04841521b2f73ce0e1/screenshot - {}
RESULT: {}
COMMAND: POST /session/5ddd57591a494e04841521b2f73ce0e1/element - {"using":"xpath","value":"//input[@id=\"application-manageresources-display-component---newResourceUnit--idRuTSAdmin-application-manageresources-display-component---newResourceUnit--RUTimeSegment-0-inner\"]"}
RESULT: {"using":"xpath","value":"//input[@id=\"application-manageresources-display-component---newResourceUnit--idRuTSAdmin-application-manageresources-display-component---newResourceUnit--RUTimeSegment-0-inner\"]"}
COMMAND: POST /session/5ddd57591a494e04841521b2f73ce0e1/element/f.76BD0702E8726841DC63080813E8F96A.d.59C128D38FD7E346CF1D295FBA099659.e.3918/clear - {}
RESULT: {}
COMMAND: POST /session/5ddd57591a494e04841521b2f73ce0e1/element/f.76BD0702E8726841DC63080813E8F96A.d.59C128D38FD7E346CF1D295FBA099659.e.3918/value - {"text":"WebdriverYarduw3gx"}
COMMAND: GET /session/5ddd57591a494e04841521b2f73ce0e1/screenshot - {}
RESULT: {"text":"WebdriverYarduw3gx"}
COMMAND: GET /session/5ddd57591a494e04841521b2f73ce0e1/screenshot - {}
RESULT: {}
RESULT: {}
COMMAND: POST /session/5ddd57591a494e04841521b2f73ce0e1/actions - {"actions":[{"id":"action8","type":"key","parameters":{},"actions":[{"type":"keyDown","value":"î€‡"},{"type":"pause","duration":10},{"type":"keyUp","value":"î€‡"}]}]}
RESULT: {"actions":[{"id":"action8","type":"key","parameters":{},"actions":[{"type":"keyDown","value":"î€‡"},{"type":"pause","duration":10},{"type":"keyUp","value":"î€‡"}]}]}
COMMAND: POST /session/5ddd57591a494e04841521b2f73ce0e1/execute/async - {"script":"<script> [1562 bytes]","args":[{"selector":{"controlType":"sap.ui.core.Icon","viewName":"reusables.view.manageresources.NewResourceUnit","viewId":"application-manageresources-display-component---newResourceUnit","properties":{"src":{"regex":{"source":"slim\\-arrow\\-down"}}},"ancestor":{"controlType":"sap.m.ComboBox","viewName":"reusables.view.manageresources.NewResourceUnit","viewId":"application-manageresources-display-component---newResourceUnit","bindingPath":{"path":"/RESOURCE_UNIT_TIME_SEQUENCES/0","propertyPath":"COST_OBJECT_ADMIN_CST_TYPE","modelName":"oNewRruModel"}}},"wdio_ui5_key":"reusablesview.manageresources.NewResourceUnitsap.ui.core.Icon{\"src\":{\"regex\":{\"source\":\"slim\\\\-arrow\\\\-down\"}}}{\"controlType\":\"sap.m.ComboBox\",\"viewName\":\"reusables.view.manageresources.NewResourceUnit\",\"viewId\":\"application-manageresources-display-component---newResourceUnit\",\"bindingPath\":{\"path\":\"/RESOURCE_UNIT_TIME_SEQUENCES/0\",\"propertyPath\":\"COST_OBJECT_ADMIN_CST_TYPE\",\"modelName\":\"oNewRruModel\"}}"}]}
COMMAND: GET /session/5ddd57591a494e04841521b2f73ce0e1/screenshot - {}
RESULT: {"script":"<script> [1562 bytes]","args":[{"selector":{"controlType":"sap.ui.core.Icon","viewName":"reusables.view.manageresources.NewResourceUnit","viewId":"application-manageresources-display-component---newResourceUnit","properties":{"src":{"regex":{"source":"slim\\-arrow\\-down"}}},"ancestor":{"controlType":"sap.m.ComboBox","viewName":"reusables.view.manageresources.NewResourceUnit","viewId":"application-manageresources-display-component---newResourceUnit","bindingPath":{"path":"/RESOURCE_UNIT_TIME_SEQUENCES/0","propertyPath":"COST_OBJECT_ADMIN_CST_TYPE","modelName":"oNewRruModel"}}},"wdio_ui5_key":"reusablesview.manageresources.NewResourceUnitsap.ui.core.Icon{\"src\":{\"regex\":{\"source\":\"slim\\\\-arrow\\\\-down\"}}}{\"controlType\":\"sap.m.ComboBox\",\"viewName\":\"reusables.view.manageresources.NewResourceUnit\",\"viewId\":\"application-manageresources-display-component---newResourceUnit\",\"bindingPath\":{\"path\":\"/RESOURCE_UNIT_TIME_SEQUENCES/0\",\"propertyPath\":\"COST_OBJECT_ADMIN_CST_TYPE\",\"modelName\":\"oNewRruModel\"}}"}]}
RESULT: undefined
COMMAND: POST /session/5ddd57591a494e04841521b2f73ce0e1/element - {"using":"xpath","value":"//*[@id=\"__box7-application-manageresources-display-component---newResourceUnit--RUTimeSegment-0-arrow\"]"}
RESULT: {}
RESULT: {"using":"xpath","value":"//*[@id=\"__box7-application-manageresources-display-component---newResourceUnit--RUTimeSegment-0-arrow\"]"}
COMMAND: POST /session/5ddd57591a494e04841521b2f73ce0e1/element/f.76BD0702E8726841DC63080813E8F96A.d.59C128D38FD7E346CF1D295FBA099659.e.3935/click - {}
RESULT: {}
COMMAND: POST /session/5ddd57591a494e04841521b2f73ce0e1/execute/async - {"script":"<script> [1562 bytes]","args":[{"selector":{"controlType":"sap.m.StandardListItem","viewName":"reusables.view.manageresources.NewResourceUnit","viewId":"application-manageresources-display-component---newResourceUnit","properties":{"title":"PM Order"},"searchOpenDialogs":true,"interaction":{"idSuffix":"titleText"}},"wdio_ui5_key":"reusablesview.manageresources.NewResourceUnitsap.m.StandardListItem{\"title\":\"PM Order\"}"}]}
COMMAND: GET /session/5ddd57591a494e04841521b2f73ce0e1/screenshot - {}
RESULT: {"script":"<script> [1562 bytes]","args":[{"selector":{"controlType":"sap.m.StandardListItem","viewName":"reusables.view.manageresources.NewResourceUnit","viewId":"application-manageresources-display-component---newResourceUnit","properties":{"title":"PM Order"},"searchOpenDialogs":true,"interaction":{"idSuffix":"titleText"}},"wdio_ui5_key":"reusablesview.manageresources.NewResourceUnitsap.m.StandardListItem{\"title\":\"PM Order\"}"}]}
RESULT: undefined
COMMAND: POST /session/5ddd57591a494e04841521b2f73ce0e1/element - {"using":"xpath","value":"//*[@id=\"__item1516\"]"}
RESULT: {}
RESULT: {"using":"xpath","value":"//*[@id=\"__item1516\"]"}
COMMAND: POST /session/5ddd57591a494e04841521b2f73ce0e1/element/f.76BD0702E8726841DC63080813E8F96A.d.59C128D38FD7E346CF1D295FBA099659.e.3939/click - {}
RESULT: {}
COMMAND: GET /session/5ddd57591a494e04841521b2f73ce0e1/screenshot - {}
RESULT: {}
COMMAND: POST /session/5ddd57591a494e04841521b2f73ce0e1/element - {"using":"xpath","value":"(//input[contains(@id ,\"-application-manageresources-display-component---newResourceUnit--RUTimeSegment-0-inner\")])[8]"}
RESULT: {"using":"xpath","value":"(//input[contains(@id ,\"-application-manageresources-display-component---newResourceUnit--RUTimeSegment-0-inner\")])[8]"}
COMMAND: POST /session/5ddd57591a494e04841521b2f73ce0e1/element/f.76BD0702E8726841DC63080813E8F96A.d.59C128D38FD7E346CF1D295FBA099659.e.3942/clear - {}
RESULT: {}
COMMAND: POST /session/5ddd57591a494e04841521b2f73ce0e1/element/f.76BD0702E8726841DC63080813E8F96A.d.59C128D38FD7E346CF1D295FBA099659.e.3942/value - {"text":"4000360"}
COMMAND: GET /session/5ddd57591a494e04841521b2f73ce0e1/screenshot - {}
RESULT: {"text":"4000360"}
COMMAND: GET /session/5ddd57591a494e04841521b2f73ce0e1/screenshot - {}
RESULT: {}
RESULT: {}
COMMAND: POST /session/5ddd57591a494e04841521b2f73ce0e1/actions - {"actions":[{"id":"action9","type":"key","parameters":{},"actions":[{"type":"keyDown","value":"î€‡"},{"type":"pause","duration":10},{"type":"keyUp","value":"î€‡"}]}]}
RESULT: {"actions":[{"id":"action9","type":"key","parameters":{},"actions":[{"type":"keyDown","value":"î€‡"},{"type":"pause","duration":10},{"type":"keyUp","value":"î€‡"}]}]}
COMMAND: GET /session/5ddd57591a494e04841521b2f73ce0e1/screenshot - {}
RESULT: {}
COMMAND: POST /session/5ddd57591a494e04841521b2f73ce0e1/element - {"using":"xpath","value":"//input[contains(@id ,\"application-manageresources-display-component---newResourceUnit--newTimeSegmentFromDatePicker-application-manageresources-display-component---newResourceUnit--RUTimeSegment-0-inner\")]"}
RESULT: {"using":"xpath","value":"//input[contains(@id ,\"application-manageresources-display-component---newResourceUnit--newTimeSegmentFromDatePicker-application-manageresources-display-component---newResourceUnit--RUTimeSegment-0-inner\")]"}
COMMAND: POST /session/5ddd57591a494e04841521b2f73ce0e1/element/f.76BD0702E8726841DC63080813E8F96A.d.59C128D38FD7E346CF1D295FBA099659.e.3925/clear - {}
RESULT: {}
COMMAND: POST /session/5ddd57591a494e04841521b2f73ce0e1/element/f.76BD0702E8726841DC63080813E8F96A.d.59C128D38FD7E346CF1D295FBA099659.e.3925/clear - {}
COMMAND: GET /session/5ddd57591a494e04841521b2f73ce0e1/screenshot - {}
RESULT: {}
COMMAND: POST /session/5ddd57591a494e04841521b2f73ce0e1/element/f.76BD0702E8726841DC63080813E8F96A.d.59C128D38FD7E346CF1D295FBA099659.e.3925/value - {"text":"7/4/24"}
COMMAND: GET /session/5ddd57591a494e04841521b2f73ce0e1/screenshot - {}
RESULT: {}
RESULT: {"text":"7/4/24"}
COMMAND: POST /session/5ddd57591a494e04841521b2f73ce0e1/execute/async - {"script":"<script> [1562 bytes]","args":[{"selector":{"id":"application-manageresources-display-component---newResourceUnit--newRRUPage-anchBar-application-manageresources-display-component---newResourceUnit--resource-anchor","interaction":{"idSuffix":"BDI-content"}},"wdio_ui5_key":"applicationmanageresources-display-component---newResourceUnit--newRRUPage-anchBar-application-manageresources-display-component---newResourceUnit--resource-anchor"}]}
COMMAND: GET /session/5ddd57591a494e04841521b2f73ce0e1/screenshot - {}
RESULT: {}
RESULT: {"script":"<script> [1562 bytes]","args":[{"selector":{"id":"application-manageresources-display-component---newResourceUnit--newRRUPage-anchBar-application-manageresources-display-component---newResourceUnit--resource-anchor","interaction":{"idSuffix":"BDI-content"}},"wdio_ui5_key":"applicationmanageresources-display-component---newResourceUnit--newRRUPage-anchBar-application-manageresources-display-component---newResourceUnit--resource-anchor"}]}
RESULT: undefined
COMMAND: POST /session/5ddd57591a494e04841521b2f73ce0e1/element - {"using":"xpath","value":"//*[@id=\"application-manageresources-display-component---newResourceUnit--newRRUPage-anchBar-application-manageresources-display-component---newResourceUnit--resource-anchor\"]"}
RESULT: {}
RESULT: {"using":"xpath","value":"//*[@id=\"application-manageresources-display-component---newResourceUnit--newRRUPage-anchBar-application-manageresources-display-component---newResourceUnit--resource-anchor\"]"}
COMMAND: POST /session/5ddd57591a494e04841521b2f73ce0e1/element/f.76BD0702E8726841DC63080813E8F96A.d.59C128D38FD7E346CF1D295FBA099659.e.3949/click - {}
RESULT: {}
COMMAND: POST /session/5ddd57591a494e04841521b2f73ce0e1/execute/async - {"script":"<script> [1562 bytes]","args":[{"selector":{"id":"application-manageresources-display-component---newResourceUnit--PLANNED_DELIVERY_DATE","interaction":{"idSuffix":"inner"}},"wdio_ui5_key":"applicationmanageresources-display-component---newResourceUnit--PLANNED_DELIVERY_DATE"}]}
COMMAND: GET /session/5ddd57591a494e04841521b2f73ce0e1/screenshot - {}
RESULT: {"script":"<script> [1562 bytes]","args":[{"selector":{"id":"application-manageresources-display-component---newResourceUnit--PLANNED_DELIVERY_DATE","interaction":{"idSuffix":"inner"}},"wdio_ui5_key":"applicationmanageresources-display-component---newResourceUnit--PLANNED_DELIVERY_DATE"}]}
RESULT: undefined
COMMAND: POST /session/5ddd57591a494e04841521b2f73ce0e1/execute/async - {"script":"<script> [6424 bytes]","args":[{"element-6066-11e4-a52e-4f735466cecf":"f.76BD0702E8726841DC63080813E8F96A.d.59C128D38FD7E346CF1D295FBA099659.e.3790"},"setValue",["7/4/24"]]}
RESULT: {}
RESULT: {"script":"<script> [6424 bytes]","args":[{"element-6066-11e4-a52e-4f735466cecf":"f.76BD0702E8726841DC63080813E8F96A.d.59C128D38FD7E346CF1D295FBA099659.e.3790"},"setValue",["7/4/24"]]}
COMMAND: POST /session/5ddd57591a494e04841521b2f73ce0e1/execute/async - {"script":"<script> [1562 bytes]","args":[{"selector":{"id":"application-manageresources-display-component---newResourceUnit--RETIRE_PLANNED_DATE","interaction":{"idSuffix":"inner"}},"wdio_ui5_key":"applicationmanageresources-display-component---newResourceUnit--RETIRE_PLANNED_DATE"}]}
RESULT: {"script":"<script> [1562 bytes]","args":[{"selector":{"id":"application-manageresources-display-component---newResourceUnit--RETIRE_PLANNED_DATE","interaction":{"idSuffix":"inner"}},"wdio_ui5_key":"applicationmanageresources-display-component---newResourceUnit--RETIRE_PLANNED_DATE"}]}
RESULT: undefined
COMMAND: POST /session/5ddd57591a494e04841521b2f73ce0e1/execute/async - {"script":"<script> [776 bytes]","args":[{"enterText":"3/14/29","selector":{"id":"application-manageresources-display-component---newResourceUnit--RETIRE_PLANNED_DATE","interaction":{"idSuffix":"inner"}},"clearTextFirst":true,"interactionType":"ENTER_TEXT"}]}
RESULT: {"script":"<script> [776 bytes]","args":[{"enterText":"3/14/29","selector":{"id":"application-manageresources-display-component---newResourceUnit--RETIRE_PLANNED_DATE","interaction":{"idSuffix":"inner"}},"clearTextFirst":true,"interactionType":"ENTER_TEXT"}]}
COMMAND: POST /session/5ddd57591a494e04841521b2f73ce0e1/execute/async - {"script":"<script> [1562 bytes]","args":[{"selector":{"controlType":"sap.m.Button","viewName":"reusables.view.manageresources.NewResourceUnit","viewId":"application-manageresources-display-component---newResourceUnit","i18NText":{"propertyName":"tooltip","key":"save"},"interaction":{"idSuffix":"BDI-content"}},"wdio_ui5_key":"reusablesview.manageresources.NewResourceUnitsap.m.Button{\"propertyName\":\"tooltip\",\"key\":\"save\"}"}]}
RESULT: {"script":"<script> [1562 bytes]","args":[{"selector":{"controlType":"sap.m.Button","viewName":"reusables.view.manageresources.NewResourceUnit","viewId":"application-manageresources-display-component---newResourceUnit","i18NText":{"propertyName":"tooltip","key":"save"},"interaction":{"idSuffix":"BDI-content"}},"wdio_ui5_key":"reusablesview.manageresources.NewResourceUnitsap.m.Button{\"propertyName\":\"tooltip\",\"key\":\"save\"}"}]}
RESULT: undefined
COMMAND: POST /session/5ddd57591a494e04841521b2f73ce0e1/element - {"using":"xpath","value":"//*[@id=\"application-manageresources-display-component---newResourceUnit--createRuButton\"]"}
RESULT: {"using":"xpath","value":"//*[@id=\"application-manageresources-display-component---newResourceUnit--createRuButton\"]"}
COMMAND: POST /session/5ddd57591a494e04841521b2f73ce0e1/element/f.76BD0702E8726841DC63080813E8F96A.d.59C128D38FD7E346CF1D295FBA099659.e.3750/click - {}
RESULT: {}
COMMAND: GET /session/5ddd57591a494e04841521b2f73ce0e1/screenshot - {}
RESULT: {}
COMMAND: POST /session/5ddd57591a494e04841521b2f73ce0e1/execute/async - {"script":"<script> [1562 bytes]","args":[{"selector":{"controlType":"sap.m.Button","properties":{"text":"Close"},"searchOpenDialogs":true,"interaction":{"idSuffix":"inner"}},"wdio_ui5_key":"sapm.Button{\"text\":\"Close\"}"}]}
RESULT: {"script":"<script> [1562 bytes]","args":[{"selector":{"controlType":"sap.m.Button","properties":{"text":"Close"},"searchOpenDialogs":true,"interaction":{"idSuffix":"inner"}},"wdio_ui5_key":"sapm.Button{\"text\":\"Close\"}"}]}
RESULT: undefined
COMMAND: POST /session/5ddd57591a494e04841521b2f73ce0e1/element - {"using":"xpath","value":"//*[@id=\"__mbox-btn-0\"]"}
RESULT: {"using":"xpath","value":"//*[@id=\"__mbox-btn-0\"]"}
COMMAND: POST /session/5ddd57591a494e04841521b2f73ce0e1/element/f.76BD0702E8726841DC63080813E8F96A.d.59C128D38FD7E346CF1D295FBA099659.e.3957/click - {}
RESULT: {}
COMMAND: GET /session/5ddd57591a494e04841521b2f73ce0e1/screenshot - {}
RESULT: {}
COMMAND: POST /session/5ddd57591a494e04841521b2f73ce0e1/execute/async - {"script":"<script> [1562 bytes]","args":[{"selector":{"controlType":"sap.m.Text","viewName":"etm.portal.ui.manageresources.view.Detail","viewId":"application-manageresources-display-component---detailRU","bindingPath":{"propertyPath":"ID","modelName":"catalogModel"}},"wdio_ui5_key":"etmportal.ui.manageresources.view.Detailsap.m.Text{\"propertyPath\":\"ID\",\"modelName\":\"catalogModel\"}"}]}
RESULT: {"script":"<script> [1562 bytes]","args":[{"selector":{"controlType":"sap.m.Text","viewName":"etm.portal.ui.manageresources.view.Detail","viewId":"application-manageresources-display-component---detailRU","bindingPath":{"propertyPath":"ID","modelName":"catalogModel"}},"wdio_ui5_key":"etmportal.ui.manageresources.view.Detailsap.m.Text{\"propertyPath\":\"ID\",\"modelName\":\"catalogModel\"}"}]}
RESULT: undefined
COMMAND: POST /session/5ddd57591a494e04841521b2f73ce0e1/execute/async - {"script":"<script> [6424 bytes]","args":[{"element-6066-11e4-a52e-4f735466cecf":"f.76BD0702E8726841DC63080813E8F96A.d.59C128D38FD7E346CF1D295FBA099659.e.4017"},"getText",[]]}
RESULT: {"script":"<script> [6424 bytes]","args":[{"element-6066-11e4-a52e-4f735466cecf":"f.76BD0702E8726841DC63080813E8F96A.d.59C128D38FD7E346CF1D295FBA099659.e.4017"},"getText",[]]}
COMMAND: POST /session/5ddd57591a494e04841521b2f73ce0e1/element - {"using":"css selector","value":"#shell-header-logo"}
RESULT: {"using":"css selector","value":"#shell-header-logo"}
COMMAND: POST /session/5ddd57591a494e04841521b2f73ce0e1/element/f.76BD0702E8726841DC63080813E8F96A.d.59C128D38FD7E346CF1D295FBA099659.e.3375/click - {}
RESULT: {}
COMMAND: GET /session/5ddd57591a494e04841521b2f73ce0e1/screenshot - {}
RESULT: {}
COMMAND: POST /session/5ddd57591a494e04841521b2f73ce0e1/execute/async - {"script":"<script> [1562 bytes]","args":[{"selector":{"controlType":"sap.m.GenericTile","properties":{"header":"Manage Catalogs"}},"wdio_ui5_key":"sapm.GenericTile{\"header\":\"Manage Catalogs\"}"}]}
RESULT: {"script":"<script> [1562 bytes]","args":[{"selector":{"controlType":"sap.m.GenericTile","properties":{"header":"Manage Catalogs"}},"wdio_ui5_key":"sapm.GenericTile{\"header\":\"Manage Catalogs\"}"}]}
RESULT: undefined
COMMAND: POST /session/5ddd57591a494e04841521b2f73ce0e1/element - {"using":"xpath","value":"//*[@id=\"__tile37\"]"}
RESULT: {"using":"xpath","value":"//*[@id=\"__tile37\"]"}
COMMAND: POST /session/5ddd57591a494e04841521b2f73ce0e1/element/f.76BD0702E8726841DC63080813E8F96A.d.59C128D38FD7E346CF1D295FBA099659.e.4019/click - {}
RESULT: {}
COMMAND: GET /session/5ddd57591a494e04841521b2f73ce0e1/screenshot - {}
RESULT: {}
COMMAND: POST /session/5ddd57591a494e04841521b2f73ce0e1/elements - {"using":"xpath","value":"//span[text()='Error']"}
RESULT: {"using":"xpath","value":"//span[text()='Error']"}
COMMAND: POST /session/5ddd57591a494e04841521b2f73ce0e1/execute/async - {"script":"<script> [1562 bytes]","args":[{"selector":{"controlType":"sap.m.Text","viewName":"etm.portal.ui.managecatalogs.view.MasterCatalogs","viewId":"application-managecatalogs-display-component---masterCatalogs","bindingPath":{"path":"/Catalogs('0D7502D073D53A0F1700BE067B89AFF9')","propertyPath":"DESCRIPTION","modelName":"catalogModel"}},"wdio_ui5_key":"etmportal.ui.managecatalogs.view.MasterCatalogssap.m.Text{\"path\":\"/Catalogs('0D7502D073D53A0F1700BE067B89AFF9')\",\"propertyPath\":\"DESCRIPTION\",\"modelName\":\"catalogModel\"}"}]}
RESULT: {"script":"<script> [1562 bytes]","args":[{"selector":{"controlType":"sap.m.Text","viewName":"etm.portal.ui.managecatalogs.view.MasterCatalogs","viewId":"application-managecatalogs-display-component---masterCatalogs","bindingPath":{"path":"/Catalogs('0D7502D073D53A0F1700BE067B89AFF9')","propertyPath":"DESCRIPTION","modelName":"catalogModel"}},"wdio_ui5_key":"etmportal.ui.managecatalogs.view.MasterCatalogssap.m.Text{\"path\":\"/Catalogs('0D7502D073D53A0F1700BE067B89AFF9')\",\"propertyPath\":\"DESCRIPTION\",\"modelName\":\"catalogModel\"}"}]}
RESULT: undefined
COMMAND: POST /session/5ddd57591a494e04841521b2f73ce0e1/element - {"using":"xpath","value":"//*[@id=\"__text1058-application-managecatalogs-display-component---masterCatalogs--CatalogsTable-11\"]"}
RESULT: {"using":"xpath","value":"//*[@id=\"__text1058-application-managecatalogs-display-component---masterCatalogs--CatalogsTable-11\"]"}
COMMAND: POST /session/5ddd57591a494e04841521b2f73ce0e1/element/f.76BD0702E8726841DC63080813E8F96A.d.59C128D38FD7E346CF1D295FBA099659.e.4089/click - {}
RESULT: {}
COMMAND: POST /session/5ddd57591a494e04841521b2f73ce0e1/execute/async - {"script":"<script> [1562 bytes]","args":[{"selector":{"controlType":"sap.ui.layout.HorizontalLayout","viewName":"etm.portal.ui.managecatalogs.view.MasterItems","viewId":"application-managecatalogs-display-component---masterCatalogItems","ancestor":{"id":"application-managecatalogs-display-component---masterCatalogItems--idCatalogItemsTree-rows-row0"}},"wdio_ui5_key":"etmportal.ui.managecatalogs.view.MasterItemssap.ui.layout.HorizontalLayout{\"id\":\"application-managecatalogs-display-component---masterCatalogItems--idCatalogItemsTree-rows-row0\"}"}]}
COMMAND: GET /session/5ddd57591a494e04841521b2f73ce0e1/screenshot - {}
RESULT: {"script":"<script> [1562 bytes]","args":[{"selector":{"controlType":"sap.ui.layout.HorizontalLayout","viewName":"etm.portal.ui.managecatalogs.view.MasterItems","viewId":"application-managecatalogs-display-component---masterCatalogItems","ancestor":{"id":"application-managecatalogs-display-component---masterCatalogItems--idCatalogItemsTree-rows-row0"}},"wdio_ui5_key":"etmportal.ui.managecatalogs.view.MasterItemssap.ui.layout.HorizontalLayout{\"id\":\"application-managecatalogs-display-component---masterCatalogItems--idCatalogItemsTree-rows-row0\"}"}]}
RESULT: undefined
COMMAND: POST /session/5ddd57591a494e04841521b2f73ce0e1/element - {"using":"xpath","value":"//*[@id=\"__layout302-__clone4518\"]"}
RESULT: {}
RESULT: {"using":"xpath","value":"//*[@id=\"__layout302-__clone4518\"]"}
COMMAND: POST /session/5ddd57591a494e04841521b2f73ce0e1/element/f.76BD0702E8726841DC63080813E8F96A.d.59C128D38FD7E346CF1D295FBA099659.e.4123/click - {}
RESULT: {}
COMMAND: GET /session/5ddd57591a494e04841521b2f73ce0e1/screenshot - {}
RESULT: {}
COMMAND: POST /session/5ddd57591a494e04841521b2f73ce0e1/execute/async - {"script":"<script> [1562 bytes]","args":[{"selector":{"controlType":"sap.m.Button","viewName":"etm.portal.ui.managecatalogs.view.Detail","viewId":"application-managecatalogs-display-component---detailCatalog","i18NText":{"propertyName":"text","key":"edit"},"interaction":{"idSuffix":"BDI-content"}},"wdio_ui5_key":"etmportal.ui.managecatalogs.view.Detailsap.m.Button{\"propertyName\":\"text\",\"key\":\"edit\"}"}]}
RESULT: {"script":"<script> [1562 bytes]","args":[{"selector":{"controlType":"sap.m.Button","viewName":"etm.portal.ui.managecatalogs.view.Detail","viewId":"application-managecatalogs-display-component---detailCatalog","i18NText":{"propertyName":"text","key":"edit"},"interaction":{"idSuffix":"BDI-content"}},"wdio_ui5_key":"etmportal.ui.managecatalogs.view.Detailsap.m.Button{\"propertyName\":\"text\",\"key\":\"edit\"}"}]}
RESULT: undefined
COMMAND: POST /session/5ddd57591a494e04841521b2f73ce0e1/element - {"using":"xpath","value":"//*[@id=\"__button134\"]"}
RESULT: {"using":"xpath","value":"//*[@id=\"__button134\"]"}
COMMAND: POST /session/5ddd57591a494e04841521b2f73ce0e1/element/f.76BD0702E8726841DC63080813E8F96A.d.59C128D38FD7E346CF1D295FBA099659.e.4241/click - {}
RESULT: {}
COMMAND: GET /session/5ddd57591a494e04841521b2f73ce0e1/screenshot - {}
RESULT: {}
COMMAND: POST /session/5ddd57591a494e04841521b2f73ce0e1/element - {"using":"xpath","value":"//bdi[contains(text(), \"Unlock\")]"}
RESULT: {"using":"xpath","value":"//bdi[contains(text(), \"Unlock\")]"}
COMMAND: POST /session/5ddd57591a494e04841521b2f73ce0e1/elements - {"using":"xpath","value":"//bdi[contains(text(), \"Unlock\")]"}
RESULT: {"using":"xpath","value":"//bdi[contains(text(), \"Unlock\")]"}
COMMAND: POST /session/5ddd57591a494e04841521b2f73ce0e1/execute/async - {"script":"<script> [1562 bytes]","args":[{"selector":{"controlType":"sap.ui.core.Icon","viewName":"etm.portal.ui.managecatalogs.view.Detail","viewId":"application-managecatalogs-display-component---detailCatalog","properties":{"src":{"regex":{"source":"add\\-folder"}}}},"wdio_ui5_key":"etmportal.ui.managecatalogs.view.Detailsap.ui.core.Icon{\"src\":{\"regex\":{\"source\":\"add\\\\-folder\"}}}"}]}
RESULT: {"script":"<script> [1562 bytes]","args":[{"selector":{"controlType":"sap.ui.core.Icon","viewName":"etm.portal.ui.managecatalogs.view.Detail","viewId":"application-managecatalogs-display-component---detailCatalog","properties":{"src":{"regex":{"source":"add\\-folder"}}}},"wdio_ui5_key":"etmportal.ui.managecatalogs.view.Detailsap.ui.core.Icon{\"src\":{\"regex\":{\"source\":\"add\\\\-folder\"}}}"}]}
RESULT: undefined
COMMAND: POST /session/5ddd57591a494e04841521b2f73ce0e1/element - {"using":"xpath","value":"//*[@id=\"__button142-img\"]"}
RESULT: {"using":"xpath","value":"//*[@id=\"__button142-img\"]"}
COMMAND: POST /session/5ddd57591a494e04841521b2f73ce0e1/element/f.76BD0702E8726841DC63080813E8F96A.d.59C128D38FD7E346CF1D295FBA099659.e.4249/click - {}
RESULT: {}
COMMAND: GET /session/5ddd57591a494e04841521b2f73ce0e1/screenshot - {}
RESULT: {}
COMMAND: POST /session/5ddd57591a494e04841521b2f73ce0e1/execute/async - {"script":"<script> [1562 bytes]","args":[{"selector":{"id":"application-managecatalogs-display-component---detailCatalog--numberInput","searchOpenDialogs":true,"interaction":{"idSuffix":"inner"}},"wdio_ui5_key":"applicationmanagecatalogs-display-component---detailCatalog--numberInput"}]}
RESULT: {"script":"<script> [1562 bytes]","args":[{"selector":{"id":"application-managecatalogs-display-component---detailCatalog--numberInput","searchOpenDialogs":true,"interaction":{"idSuffix":"inner"}},"wdio_ui5_key":"applicationmanagecatalogs-display-component---detailCatalog--numberInput"}]}
RESULT: undefined
COMMAND: POST /session/5ddd57591a494e04841521b2f73ce0e1/execute/async - {"script":"<script> [776 bytes]","args":[{"enterText":"Sectionczuej","selector":{"id":"application-managecatalogs-display-component---detailCatalog--numberInput","searchOpenDialogs":true,"interaction":{"idSuffix":"inner"}},"clearTextFirst":true,"interactionType":"ENTER_TEXT"}]}
RESULT: {"script":"<script> [776 bytes]","args":[{"enterText":"Sectionczuej","selector":{"id":"application-managecatalogs-display-component---detailCatalog--numberInput","searchOpenDialogs":true,"interaction":{"idSuffix":"inner"}},"clearTextFirst":true,"interactionType":"ENTER_TEXT"}]}
COMMAND: POST /session/5ddd57591a494e04841521b2f73ce0e1/element - {"using":"css selector","value":"#application-managecatalogs-display-component---detailCatalog--nameInput-inner"}
RESULT: {"using":"css selector","value":"#application-managecatalogs-display-component---detailCatalog--nameInput-inner"}
COMMAND: POST /session/5ddd57591a494e04841521b2f73ce0e1/elements - {"using":"css selector","value":"#application-managecatalogs-display-component---detailCatalog--nameInput-inner"}
RESULT: {"using":"css selector","value":"#application-managecatalogs-display-component---detailCatalog--nameInput-inner"}
COMMAND: POST /session/5ddd57591a494e04841521b2f73ce0e1/element/f.76BD0702E8726841DC63080813E8F96A.d.59C128D38FD7E346CF1D295FBA099659.e.4253/clear - {}
RESULT: {}
COMMAND: POST /session/5ddd57591a494e04841521b2f73ce0e1/element/f.76BD0702E8726841DC63080813E8F96A.d.59C128D38FD7E346CF1D295FBA099659.e.4253/value - {"text":"Webdrivervklx6"}
COMMAND: GET /session/5ddd57591a494e04841521b2f73ce0e1/screenshot - {}
RESULT: {"text":"Webdrivervklx6"}
COMMAND: POST /session/5ddd57591a494e04841521b2f73ce0e1/execute/async - {"script":"<script> [1562 bytes]","args":[{"selector":{"controlType":"sap.m.Button","viewName":"etm.portal.ui.managecatalogs.view.Detail","viewId":"application-managecatalogs-display-component---detailCatalog","i18NText":{"propertyName":"text","key":"create"},"searchOpenDialogs":true,"interaction":{"idSuffix":"BDI-content"}},"wdio_ui5_key":"etmportal.ui.managecatalogs.view.Detailsap.m.Button{\"propertyName\":\"text\",\"key\":\"create\"}"}]}
COMMAND: GET /session/5ddd57591a494e04841521b2f73ce0e1/screenshot - {}
RESULT: {}
RESULT: {"script":"<script> [1562 bytes]","args":[{"selector":{"controlType":"sap.m.Button","viewName":"etm.portal.ui.managecatalogs.view.Detail","viewId":"application-managecatalogs-display-component---detailCatalog","i18NText":{"propertyName":"text","key":"create"},"searchOpenDialogs":true,"interaction":{"idSuffix":"BDI-content"}},"wdio_ui5_key":"etmportal.ui.managecatalogs.view.Detailsap.m.Button{\"propertyName\":\"text\",\"key\":\"create\"}"}]}
RESULT: undefined
COMMAND: POST /session/5ddd57591a494e04841521b2f73ce0e1/element - {"using":"xpath","value":"//*[@id=\"__button112\"]"}
RESULT: {}
RESULT: {"using":"xpath","value":"//*[@id=\"__button112\"]"}
COMMAND: POST /session/5ddd57591a494e04841521b2f73ce0e1/element/f.76BD0702E8726841DC63080813E8F96A.d.59C128D38FD7E346CF1D295FBA099659.e.4257/click - {}
RESULT: {}
COMMAND: GET /session/5ddd57591a494e04841521b2f73ce0e1/screenshot - {}
RESULT: {}
COMMAND: POST /session/5ddd57591a494e04841521b2f73ce0e1/element - {"using":"xpath","value":"//button[@title=\"Save\"]"}
RESULT: {"using":"xpath","value":"//button[@title=\"Save\"]"}
COMMAND: POST /session/5ddd57591a494e04841521b2f73ce0e1/element/f.76BD0702E8726841DC63080813E8F96A.d.59C128D38FD7E346CF1D295FBA099659.e.4258/click - {}
RESULT: {}
COMMAND: POST /session/5ddd57591a494e04841521b2f73ce0e1/execute/async - {"script":"<script> [1562 bytes]","args":[{"selector":{"controlType":"sap.ui.core.Icon","viewName":"etm.portal.ui.managecatalogs.view.Detail","viewId":"application-managecatalogs-display-component---detailCatalog","properties":{"src":{"regex":{"source":"decline"}}}},"wdio_ui5_key":"etmportal.ui.managecatalogs.view.Detailsap.ui.core.Icon{\"src\":{\"regex\":{\"source\":\"decline\"}}}"}]}
COMMAND: GET /session/5ddd57591a494e04841521b2f73ce0e1/screenshot - {}
RESULT: {"script":"<script> [1562 bytes]","args":[{"selector":{"controlType":"sap.ui.core.Icon","viewName":"etm.portal.ui.managecatalogs.view.Detail","viewId":"application-managecatalogs-display-component---detailCatalog","properties":{"src":{"regex":{"source":"decline"}}}},"wdio_ui5_key":"etmportal.ui.managecatalogs.view.Detailsap.ui.core.Icon{\"src\":{\"regex\":{\"source\":\"decline\"}}}"}]}
RESULT: undefined
COMMAND: POST /session/5ddd57591a494e04841521b2f73ce0e1/element - {"using":"xpath","value":"//*[@id=\"__button137-img\"]"}
RESULT: {}
RESULT: {"using":"xpath","value":"//*[@id=\"__button137-img\"]"}
COMMAND: POST /session/5ddd57591a494e04841521b2f73ce0e1/element/f.76BD0702E8726841DC63080813E8F96A.d.59C128D38FD7E346CF1D295FBA099659.e.4265/click - {}
RESULT: {}
COMMAND: GET /session/5ddd57591a494e04841521b2f73ce0e1/screenshot - {}
RESULT: {}
COMMAND: POST /session/5ddd57591a494e04841521b2f73ce0e1/execute/async - {"script":"<script> [1562 bytes]","args":[{"selector":{"controlType":"sap.ui.core.Icon","viewName":"etm.portal.ui.managecatalogs.view.MasterItems","viewId":"application-managecatalogs-display-component---masterCatalogItems","properties":{"src":{"regex":{"source":"refresh"}}}},"wdio_ui5_key":"etmportal.ui.managecatalogs.view.MasterItemssap.ui.core.Icon{\"src\":{\"regex\":{\"source\":\"refresh\"}}}"}]}
RESULT: {"script":"<script> [1562 bytes]","args":[{"selector":{"controlType":"sap.ui.core.Icon","viewName":"etm.portal.ui.managecatalogs.view.MasterItems","viewId":"application-managecatalogs-display-component---masterCatalogItems","properties":{"src":{"regex":{"source":"refresh"}}}},"wdio_ui5_key":"etmportal.ui.managecatalogs.view.MasterItemssap.ui.core.Icon{\"src\":{\"regex\":{\"source\":\"refresh\"}}}"}]}
RESULT: undefined
COMMAND: POST /session/5ddd57591a494e04841521b2f73ce0e1/element - {"using":"xpath","value":"//*[@id=\"__button110-img\"]"}
RESULT: {"using":"xpath","value":"//*[@id=\"__button110-img\"]"}
COMMAND: POST /session/5ddd57591a494e04841521b2f73ce0e1/element/f.76BD0702E8726841DC63080813E8F96A.d.59C128D38FD7E346CF1D295FBA099659.e.4302/click - {}
RESULT: {}
COMMAND: POST /session/5ddd57591a494e04841521b2f73ce0e1/execute/async - {"script":"<script> [1562 bytes]","args":[{"selector":{"id":"application-managecatalogs-display-component---masterCatalogItems--searchItemsField","interaction":{"idSuffix":"I"}},"wdio_ui5_key":"applicationmanagecatalogs-display-component---masterCatalogItems--searchItemsField"}]}
COMMAND: GET /session/5ddd57591a494e04841521b2f73ce0e1/screenshot - {}
RESULT: {"script":"<script> [1562 bytes]","args":[{"selector":{"id":"application-managecatalogs-display-component---masterCatalogItems--searchItemsField","interaction":{"idSuffix":"I"}},"wdio_ui5_key":"applicationmanagecatalogs-display-component---masterCatalogItems--searchItemsField"}]}
RESULT: undefined
COMMAND: POST /session/5ddd57591a494e04841521b2f73ce0e1/execute/async - {"script":"<script> [776 bytes]","args":[{"enterText":"Webdrivervklx6","selector":{"id":"application-managecatalogs-display-component---masterCatalogItems--searchItemsField","interaction":{"idSuffix":"I"}},"clearTextFirst":true,"interactionType":"ENTER_TEXT"}]}
RESULT: {}
RESULT: {"script":"<script> [776 bytes]","args":[{"enterText":"Webdrivervklx6","selector":{"id":"application-managecatalogs-display-component---masterCatalogItems--searchItemsField","interaction":{"idSuffix":"I"}},"clearTextFirst":true,"interactionType":"ENTER_TEXT"}]}
COMMAND: POST /session/5ddd57591a494e04841521b2f73ce0e1/actions - {"actions":[{"id":"action10","type":"key","parameters":{},"actions":[{"type":"keyDown","value":"î€‡"},{"type":"pause","duration":10},{"type":"keyUp","value":"î€‡"}]}]}
RESULT: {"actions":[{"id":"action10","type":"key","parameters":{},"actions":[{"type":"keyDown","value":"î€‡"},{"type":"pause","duration":10},{"type":"keyUp","value":"î€‡"}]}]}
COMMAND: POST /session/5ddd57591a494e04841521b2f73ce0e1/element - {"using":"xpath","value":"(//span[contains(text(), \"Webdrivervklx6\")])[1]"}
COMMAND: GET /session/5ddd57591a494e04841521b2f73ce0e1/screenshot - {}
RESULT: {"using":"xpath","value":"(//span[contains(text(), \"Webdrivervklx6\")])[1]"}
COMMAND: POST /session/5ddd57591a494e04841521b2f73ce0e1/element/f.76BD0702E8726841DC63080813E8F96A.d.59C128D38FD7E346CF1D295FBA099659.e.4305/click - {}
RESULT: {}
RESULT: {}
COMMAND: GET /session/5ddd57591a494e04841521b2f73ce0e1/screenshot - {}
RESULT: {}
RESULT: undefined
COMMAND: POST /session/5ddd57591a494e04841521b2f73ce0e1/element - {"using":"xpath","value":"//*[@id=\"__button134\"]"}
RESULT: {"using":"xpath","value":"//*[@id=\"__button134\"]"}
COMMAND: POST /session/5ddd57591a494e04841521b2f73ce0e1/element/f.76BD0702E8726841DC63080813E8F96A.d.59C128D38FD7E346CF1D295FBA099659.e.4337/click - {}
RESULT: {}
COMMAND: GET /session/5ddd57591a494e04841521b2f73ce0e1/screenshot - {}
RESULT: {}
RESULT: undefined
COMMAND: POST /session/5ddd57591a494e04841521b2f73ce0e1/element - {"using":"xpath","value":"//*[@id=\"__button142-img\"]"}
RESULT: {"using":"xpath","value":"//*[@id=\"__button142-img\"]"}
COMMAND: POST /session/5ddd57591a494e04841521b2f73ce0e1/element/f.76BD0702E8726841DC63080813E8F96A.d.59C128D38FD7E346CF1D295FBA099659.e.4392/click - {}
RESULT: {}
COMMAND: GET /session/5ddd57591a494e04841521b2f73ce0e1/screenshot - {}
RESULT: {}
RESULT: undefined
COMMAND: POST /session/5ddd57591a494e04841521b2f73ce0e1/execute/async - {"script":"<script> [776 bytes]","args":[{"enterText":"SecondSectionf6gem","selector":{"id":"application-managecatalogs-display-component---detailCatalog--numberInput","searchOpenDialogs":true,"interaction":{"idSuffix":"inner"}},"clearTextFirst":true,"interactionType":"ENTER_TEXT"}]}
RESULT: {"script":"<script> [776 bytes]","args":[{"enterText":"SecondSectionf6gem","selector":{"id":"application-managecatalogs-display-component---detailCatalog--numberInput","searchOpenDialogs":true,"interaction":{"idSuffix":"inner"}},"clearTextFirst":true,"interactionType":"ENTER_TEXT"}]}
COMMAND: POST /session/5ddd57591a494e04841521b2f73ce0e1/element - {"using":"xpath","value":"//input[contains(@id ,\"application-managecatalogs-display-component---detailCatalog--nameInput-inner\")]"}
RESULT: {"using":"xpath","value":"//input[contains(@id ,\"application-managecatalogs-display-component---detailCatalog--nameInput-inner\")]"}
COMMAND: POST /session/5ddd57591a494e04841521b2f73ce0e1/elements - {"using":"xpath","value":"//input[contains(@id ,\"application-managecatalogs-display-component---detailCatalog--nameInput-inner\")]"}
RESULT: {"using":"xpath","value":"//input[contains(@id ,\"application-managecatalogs-display-component---detailCatalog--nameInput-inner\")]"}
COMMAND: POST /session/5ddd57591a494e04841521b2f73ce0e1/element/f.76BD0702E8726841DC63080813E8F96A.d.59C128D38FD7E346CF1D295FBA099659.e.4395/clear - {}
RESULT: {}
COMMAND: POST /session/5ddd57591a494e04841521b2f73ce0e1/element/f.76BD0702E8726841DC63080813E8F96A.d.59C128D38FD7E346CF1D295FBA099659.e.4395/value - {"text":"webdriversecondprldd"}
COMMAND: GET /session/5ddd57591a494e04841521b2f73ce0e1/screenshot - {}
RESULT: {"text":"webdriversecondprldd"}
RESULT: undefined
COMMAND: POST /session/5ddd57591a494e04841521b2f73ce0e1/element - {"using":"xpath","value":"//*[@id=\"__button112\"]"}
COMMAND: GET /session/5ddd57591a494e04841521b2f73ce0e1/screenshot - {}
RESULT: {}
RESULT: {"using":"xpath","value":"//*[@id=\"__button112\"]"}
COMMAND: POST /session/5ddd57591a494e04841521b2f73ce0e1/element/f.76BD0702E8726841DC63080813E8F96A.d.59C128D38FD7E346CF1D295FBA099659.e.4399/click - {}
RESULT: {}
RESULT: {}
COMMAND: GET /session/5ddd57591a494e04841521b2f73ce0e1/screenshot - {}
RESULT: {}
COMMAND: POST /session/5ddd57591a494e04841521b2f73ce0e1/element - {"using":"xpath","value":"//button[@title=\"Save\"]"}
RESULT: {"using":"xpath","value":"//button[@title=\"Save\"]"}
COMMAND: POST /session/5ddd57591a494e04841521b2f73ce0e1/element/f.76BD0702E8726841DC63080813E8F96A.d.59C128D38FD7E346CF1D295FBA099659.e.4377/click - {}
RESULT: {}
COMMAND: GET /session/5ddd57591a494e04841521b2f73ce0e1/screenshot - {}
RESULT: {}
RESULT: undefined
COMMAND: POST /session/5ddd57591a494e04841521b2f73ce0e1/element - {"using":"xpath","value":"//*[@id=\"__button137-img\"]"}
RESULT: {"using":"xpath","value":"//*[@id=\"__button137-img\"]"}
COMMAND: POST /session/5ddd57591a494e04841521b2f73ce0e1/element/f.76BD0702E8726841DC63080813E8F96A.d.59C128D38FD7E346CF1D295FBA099659.e.4344/click - {}
RESULT: {}
COMMAND: GET /session/5ddd57591a494e04841521b2f73ce0e1/screenshot - {}
RESULT: {}
RESULT: undefined
COMMAND: POST /session/5ddd57591a494e04841521b2f73ce0e1/element - {"using":"xpath","value":"//*[@id=\"__button110-img\"]"}
RESULT: {"using":"xpath","value":"//*[@id=\"__button110-img\"]"}
COMMAND: POST /session/5ddd57591a494e04841521b2f73ce0e1/element/f.76BD0702E8726841DC63080813E8F96A.d.59C128D38FD7E346CF1D295FBA099659.e.4439/click - {}
RESULT: {}
COMMAND: GET /session/5ddd57591a494e04841521b2f73ce0e1/screenshot - {}
RESULT: {}
RESULT: undefined
COMMAND: POST /session/5ddd57591a494e04841521b2f73ce0e1/execute/async - {"script":"<script> [776 bytes]","args":[{"enterText":"SecondSectionf6gem","selector":{"id":"application-managecatalogs-display-component---masterCatalogItems--searchItemsField","interaction":{"idSuffix":"I"}},"clearTextFirst":true,"interactionType":"ENTER_TEXT"}]}
RESULT: {"script":"<script> [776 bytes]","args":[{"enterText":"SecondSectionf6gem","selector":{"id":"application-managecatalogs-display-component---masterCatalogItems--searchItemsField","interaction":{"idSuffix":"I"}},"clearTextFirst":true,"interactionType":"ENTER_TEXT"}]}
COMMAND: POST /session/5ddd57591a494e04841521b2f73ce0e1/actions - {"actions":[{"id":"action11","type":"key","parameters":{},"actions":[{"type":"keyDown","value":"î€‡"},{"type":"pause","duration":10},{"type":"keyUp","value":"î€‡"}]}]}
RESULT: {"actions":[{"id":"action11","type":"key","parameters":{},"actions":[{"type":"keyDown","value":"î€‡"},{"type":"pause","duration":10},{"type":"keyUp","value":"î€‡"}]}]}
COMMAND: POST /session/5ddd57591a494e04841521b2f73ce0e1/element - {"using":"xpath","value":"(//span[contains(text(), \"SecondSectionf6gem\")])[1]"}
COMMAND: GET /session/5ddd57591a494e04841521b2f73ce0e1/screenshot - {}
RESULT: {"using":"xpath","value":"(//span[contains(text(), \"SecondSectionf6gem\")])[1]"}
COMMAND: POST /session/5ddd57591a494e04841521b2f73ce0e1/element/f.76BD0702E8726841DC63080813E8F96A.d.59C128D38FD7E346CF1D295FBA099659.e.4442/click - {}
RESULT: {}
RESULT: {}
COMMAND: POST /session/5ddd57591a494e04841521b2f73ce0e1/element - {"using":"xpath","value":"(//span[contains(text(), \"SecondSectionf6gem\")])[1]"}
COMMAND: GET /session/5ddd57591a494e04841521b2f73ce0e1/screenshot - {}
RESULT: {"using":"xpath","value":"(//span[contains(text(), \"SecondSectionf6gem\")])[1]"}
COMMAND: GET /session/5ddd57591a494e04841521b2f73ce0e1/element/f.76BD0702E8726841DC63080813E8F96A.d.59C128D38FD7E346CF1D295FBA099659.e.4442/text - {}
RESULT: {}
COMMAND: POST /session/5ddd57591a494e04841521b2f73ce0e1/element - {"using":"xpath","value":"(//span[contains(text(), \"SecondSectionf6gem\")])[1]"}
RESULT: {"using":"xpath","value":"(//span[contains(text(), \"SecondSectionf6gem\")])[1]"}
COMMAND: GET /session/5ddd57591a494e04841521b2f73ce0e1/element/f.76BD0702E8726841DC63080813E8F96A.d.59C128D38FD7E346CF1D295FBA099659.e.4442/text - {}
COMMAND: POST /session/5ddd57591a494e04841521b2f73ce0e1/element - {"using":"xpath","value":"(//span[contains(text(), \"SecondSectionf6gem\")])[1]"}
RESULT: {"using":"xpath","value":"(//span[contains(text(), \"SecondSectionf6gem\")])[1]"}
COMMAND: GET /session/5ddd57591a494e04841521b2f73ce0e1/element/f.76BD0702E8726841DC63080813E8F96A.d.59C128D38FD7E346CF1D295FBA099659.e.4494/text - {}
RESULT: {}
COMMAND: POST /session/5ddd57591a494e04841521b2f73ce0e1/refresh - {}
RESULT: {}
COMMAND: GET /session/5ddd57591a494e04841521b2f73ce0e1/screenshot - {}
RESULT: {}
COMMAND: POST /session/5ddd57591a494e04841521b2f73ce0e1/execute/async - {"script":"<script> [189 bytes]","args":[]}
RESULT: {"script":"<script> [189 bytes]","args":[]}
COMMAND: POST /session/5ddd57591a494e04841521b2f73ce0e1/execute/async - {"script":"<script> [123 bytes]","args":[]}
RESULT: {"script":"<script> [123 bytes]","args":[]}
COMMAND: POST /session/5ddd57591a494e04841521b2f73ce0e1/timeouts - {"script":"<number>"}
RESULT: {"script":"<number>"}
COMMAND: GET /session/5ddd57591a494e04841521b2f73ce0e1/timeouts - {}
RESULT: {}
RESULT: undefined
COMMAND: POST /session/5ddd57591a494e04841521b2f73ce0e1/execute/async - {"script":"<script> [2676 bytes]","args":[]}
RESULT: {"script":"<script> [2676 bytes]","args":[]}
COMMAND: POST /session/5ddd57591a494e04841521b2f73ce0e1/execute/async - {"script":"<script> [2342 bytes]","args":[{"protocol":"http","hostname":"0.0.0.0","path":"/","capabilities":{"browserName":"chrome","goog:chromeOptions":{"binary":"C:\\Program Files\\Google\\Chrome\\Application\\chrome.exe","args":["--start-maximized"]}},"logLevel":"warn","connectionRetryTimeout":120000,"connectionRetryCount":3,"logLevels":{},"enableDirectConnect":true,"strictSSL":true,"_":"65 more keys: [\"cacheDir\",\"port\",\"requestedCapabilities\",\"automationProtocol\",\"baseUrl\",\"waitforInterval\",\"waitforTimeout\",\"onReload\",\"beforeCommand\",\"afterCommand\",\"rootDir\",\"specs\",\"suites\",\"exclude\",\"groupLogsByTestSpec\",\"excludeDriverLogs\",\"bail\",\"framework\",\"reporters\",\"services\",\"maxInstances\",\"maxInstancesPerCapability\",\"injectGlobals\",\"filesToWatch\",\"execArgv\",\"runnerEnv\",\"runner\",\"shard\",\"specFileRetries\",\"specFileRetriesDelay\",\"specFileRetriesDeferred\",\"reporterSyncInterval\",\"reporterSyncTimeout\",\"cucumberFeaturesWithLineNumbers\",\"autoCompileOpts\",\"mochaOpts\",\"jasmineOpts\",\"cucumberOpts\",\"onPrepare\",\"onWorkerStart\",\"onWorkerEnd\",\"before\",\"beforeSession\",\"beforeSuite\",\"beforeHook\",\"beforeTest\",\"afterTest\",\"afterHook\",\"afterSuite\",\"afterSession\",\"after\",\"onComplete\",\"beforeAssertion\",\"afterAssertion\",\"beforeFeature\",\"beforeScenario\",\"beforeStep\",\"afterStep\",\"afterScenario\",\"afterFeature\",\"_\",\"suite\",\"$0\",\"ignoredWorkerServices\",\"wdi5\"]"}]}
RESULT: {"script":"<script> [2342 bytes]","args":[{"protocol":"http","hostname":"0.0.0.0","path":"/","capabilities":{"browserName":"chrome","goog:chromeOptions":{"binary":"C:\\Program Files\\Google\\Chrome\\Application\\chrome.exe","args":["--start-maximized"]}},"logLevel":"warn","connectionRetryTimeout":120000,"connectionRetryCount":3,"logLevels":{},"enableDirectConnect":true,"strictSSL":true,"_":"65 more keys: [\"cacheDir\",\"port\",\"requestedCapabilities\",\"automationProtocol\",\"baseUrl\",\"waitforInterval\",\"waitforTimeout\",\"onReload\",\"beforeCommand\",\"afterCommand\",\"rootDir\",\"specs\",\"suites\",\"exclude\",\"groupLogsByTestSpec\",\"excludeDriverLogs\",\"bail\",\"framework\",\"reporters\",\"services\",\"maxInstances\",\"maxInstancesPerCapability\",\"injectGlobals\",\"filesToWatch\",\"execArgv\",\"runnerEnv\",\"runner\",\"shard\",\"specFileRetries\",\"specFileRetriesDelay\",\"specFileRetriesDeferred\",\"reporterSyncInterval\",\"reporterSyncTimeout\",\"cucumberFeaturesWithLineNumbers\",\"autoCompileOpts\",\"mochaOpts\",\"jasmineOpts\",\"cucumberOpts\",\"onPrepare\",\"onWorkerStart\",\"onWorkerEnd\",\"before\",\"beforeSession\",\"beforeSuite\",\"beforeHook\",\"beforeTest\",\"afterTest\",\"afterHook\",\"afterSuite\",\"afterSession\",\"after\",\"onComplete\",\"beforeAssertion\",\"afterAssertion\",\"beforeFeature\",\"beforeScenario\",\"beforeStep\",\"afterStep\",\"afterScenario\",\"afterFeature\",\"_\",\"suite\",\"$0\",\"ignoredWorkerServices\",\"wdi5\"]"}]}
COMMAND: POST /session/5ddd57591a494e04841521b2f73ce0e1/execute/async - {"script":"<script> [21126 bytes]","args":[35000]}
RESULT: {"script":"<script> [21126 bytes]","args":[35000]}
COMMAND: POST /session/5ddd57591a494e04841521b2f73ce0e1/execute/async - {"script":"<script> [1562 bytes]","args":[{"selector":{"controlType":"sap.m.Button","viewName":"etm.portal.ui.managecatalogs.view.Detail","viewId":"application-managecatalogs-display-component---detailCatalog","i18NText":{"propertyName":"text","key":"edit"},"interaction":{"idSuffix":"BDI-content"}},"wdio_ui5_key":"etmportal.ui.managecatalogs.view.Detailsap.m.Button{\"propertyName\":\"text\",\"key\":\"edit\"}"}]}
RESULT: {"script":"<script> [1562 bytes]","args":[{"selector":{"controlType":"sap.m.Button","viewName":"etm.portal.ui.managecatalogs.view.Detail","viewId":"application-managecatalogs-display-component---detailCatalog","i18NText":{"propertyName":"text","key":"edit"},"interaction":{"idSuffix":"BDI-content"}},"wdio_ui5_key":"etmportal.ui.managecatalogs.view.Detailsap.m.Button{\"propertyName\":\"text\",\"key\":\"edit\"}"}]}
RESULT: undefined
COMMAND: POST /session/5ddd57591a494e04841521b2f73ce0e1/element - {"using":"xpath","value":"//*[@id=\"__button25\"]"}
RESULT: {"using":"xpath","value":"//*[@id=\"__button25\"]"}
COMMAND: POST /session/5ddd57591a494e04841521b2f73ce0e1/element/f.76BD0702E8726841DC63080813E8F96A.d.73BEE8DFA6A429C9C4D01528D3E19FBB.e.4552/click - {}
RESULT: {}
COMMAND: GET /session/5ddd57591a494e04841521b2f73ce0e1/screenshot - {}
RESULT: {}
COMMAND: POST /session/5ddd57591a494e04841521b2f73ce0e1/element - {"using":"xpath","value":"//button[contains(@title ,\"Create Catalog Item\")]"}
RESULT: {"using":"xpath","value":"//button[contains(@title ,\"Create Catalog Item\")]"}
COMMAND: POST /session/5ddd57591a494e04841521b2f73ce0e1/element/f.76BD0702E8726841DC63080813E8F96A.d.73BEE8DFA6A429C9C4D01528D3E19FBB.e.4558/click - {}
RESULT: {}
COMMAND: POST /session/5ddd57591a494e04841521b2f73ce0e1/execute/async - {"script":"<script> [1562 bytes]","args":[{"selector":{"id":"application-managecatalogs-display-component---detailCatalog--newItemNumberInput","searchOpenDialogs":true,"interaction":{"idSuffix":"inner"}},"wdio_ui5_key":"applicationmanagecatalogs-display-component---detailCatalog--newItemNumberInput"}]}
COMMAND: GET /session/5ddd57591a494e04841521b2f73ce0e1/screenshot - {}
RESULT: {"script":"<script> [1562 bytes]","args":[{"selector":{"id":"application-managecatalogs-display-component---detailCatalog--newItemNumberInput","searchOpenDialogs":true,"interaction":{"idSuffix":"inner"}},"wdio_ui5_key":"applicationmanagecatalogs-display-component---detailCatalog--newItemNumberInput"}]}
RESULT: undefined
COMMAND: POST /session/5ddd57591a494e04841521b2f73ce0e1/execute/async - {"script":"<script> [776 bytes]","args":[{"enterText":"catalogItemz5wv3","selector":{"id":"application-managecatalogs-display-component---detailCatalog--newItemNumberInput","searchOpenDialogs":true,"interaction":{"idSuffix":"inner"}},"clearTextFirst":true,"interactionType":"ENTER_TEXT"}]}
RESULT: {}
RESULT: {"script":"<script> [776 bytes]","args":[{"enterText":"catalogItemz5wv3","selector":{"id":"application-managecatalogs-display-component---detailCatalog--newItemNumberInput","searchOpenDialogs":true,"interaction":{"idSuffix":"inner"}},"clearTextFirst":true,"interactionType":"ENTER_TEXT"}]}
COMMAND: POST /session/5ddd57591a494e04841521b2f73ce0e1/execute/async - {"script":"<script> [1562 bytes]","args":[{"selector":{"controlType":"sap.m.Input","viewName":"etm.portal.ui.managecatalogs.view.Detail","viewId":"application-managecatalogs-display-component---detailCatalog","bindingPath":{"path":"","propertyPath":"/DESCRIPTION"},"searchOpenDialogs":true,"interaction":{"idSuffix":"inner"}},"wdio_ui5_key":"etmportal.ui.managecatalogs.view.Detailsap.m.Input{\"path\":\"\",\"propertyPath\":\"/DESCRIPTION\"}"}]}
RESULT: {"script":"<script> [1562 bytes]","args":[{"selector":{"controlType":"sap.m.Input","viewName":"etm.portal.ui.managecatalogs.view.Detail","viewId":"application-managecatalogs-display-component---detailCatalog","bindingPath":{"path":"","propertyPath":"/DESCRIPTION"},"searchOpenDialogs":true,"interaction":{"idSuffix":"inner"}},"wdio_ui5_key":"etmportal.ui.managecatalogs.view.Detailsap.m.Input{\"path\":\"\",\"propertyPath\":\"/DESCRIPTION\"}"}]}
RESULT: undefined
COMMAND: POST /session/5ddd57591a494e04841521b2f73ce0e1/execute/async - {"script":"<script> [776 bytes]","args":[{"enterText":"catalogItemNameg8tv3","selector":{"controlType":"sap.m.Input","viewName":"etm.portal.ui.managecatalogs.view.Detail","viewId":"application-managecatalogs-display-component---detailCatalog","bindingPath":{"path":"","propertyPath":"/DESCRIPTION"},"searchOpenDialogs":true,"interaction":{"idSuffix":"inner"}},"clearTextFirst":true,"interactionType":"ENTER_TEXT"}]}
RESULT: {"script":"<script> [776 bytes]","args":[{"enterText":"catalogItemNameg8tv3","selector":{"controlType":"sap.m.Input","viewName":"etm.portal.ui.managecatalogs.view.Detail","viewId":"application-managecatalogs-display-component---detailCatalog","bindingPath":{"path":"","propertyPath":"/DESCRIPTION"},"searchOpenDialogs":true,"interaction":{"idSuffix":"inner"}},"clearTextFirst":true,"interactionType":"ENTER_TEXT"}]}
COMMAND: POST /session/5ddd57591a494e04841521b2f73ce0e1/actions - {"actions":[{"id":"action12","type":"key","parameters":{},"actions":[{"type":"keyDown","value":"î€„"},{"type":"pause","duration":10},{"type":"keyUp","value":"î€„"}]}]}
RESULT: {"actions":[{"id":"action12","type":"key","parameters":{},"actions":[{"type":"keyDown","value":"î€„"},{"type":"pause","duration":10},{"type":"keyUp","value":"î€„"}]}]}
COMMAND: GET /session/5ddd57591a494e04841521b2f73ce0e1/screenshot - {}
RESULT: {}
COMMAND: POST /session/5ddd57591a494e04841521b2f73ce0e1/actions - {"actions":[{"id":"action13","type":"key","parameters":{},"actions":[{"type":"keyDown","value":"î€‡"},{"type":"pause","duration":10},{"type":"keyUp","value":"î€‡"}]}]}
RESULT: {"actions":[{"id":"action13","type":"key","parameters":{},"actions":[{"type":"keyDown","value":"î€‡"},{"type":"pause","duration":10},{"type":"keyUp","value":"î€‡"}]}]}
COMMAND: GET /session/5ddd57591a494e04841521b2f73ce0e1/screenshot - {}
RESULT: {}
COMMAND: POST /session/5ddd57591a494e04841521b2f73ce0e1/element - {"using":"xpath","value":"//button[@title=\"Save\"]"}
RESULT: {"using":"xpath","value":"//button[@title=\"Save\"]"}
COMMAND: POST /session/5ddd57591a494e04841521b2f73ce0e1/element/f.76BD0702E8726841DC63080813E8F96A.d.73BEE8DFA6A429C9C4D01528D3E19FBB.e.4567/click - {}
RESULT: {}
COMMAND: GET /session/5ddd57591a494e04841521b2f73ce0e1/screenshot - {}
RESULT: {}
COMMAND: POST /session/5ddd57591a494e04841521b2f73ce0e1/execute/async - {"script":"<script> [1562 bytes]","args":[{"selector":{"controlType":"sap.ui.core.Icon","viewName":"etm.portal.ui.managecatalogs.view.Detail","viewId":"application-managecatalogs-display-component---detailCatalog","properties":{"src":{"regex":{"source":"decline"}}}},"wdio_ui5_key":"etmportal.ui.managecatalogs.view.Detailsap.ui.core.Icon{\"src\":{\"regex\":{\"source\":\"decline\"}}}"}]}
RESULT: {"script":"<script> [1562 bytes]","args":[{"selector":{"controlType":"sap.ui.core.Icon","viewName":"etm.portal.ui.managecatalogs.view.Detail","viewId":"application-managecatalogs-display-component---detailCatalog","properties":{"src":{"regex":{"source":"decline"}}}},"wdio_ui5_key":"etmportal.ui.managecatalogs.view.Detailsap.ui.core.Icon{\"src\":{\"regex\":{\"source\":\"decline\"}}}"}]}
RESULT: undefined
COMMAND: POST /session/5ddd57591a494e04841521b2f73ce0e1/element - {"using":"xpath","value":"//*[@id=\"__button28-img\"]"}
RESULT: {"using":"xpath","value":"//*[@id=\"__button28-img\"]"}
COMMAND: POST /session/5ddd57591a494e04841521b2f73ce0e1/element/f.76BD0702E8726841DC63080813E8F96A.d.73BEE8DFA6A429C9C4D01528D3E19FBB.e.4573/click - {}
RESULT: {}
COMMAND: GET /session/5ddd57591a494e04841521b2f73ce0e1/screenshot - {}
RESULT: {}
COMMAND: POST /session/5ddd57591a494e04841521b2f73ce0e1/execute/async - {"script":"<script> [1562 bytes]","args":[{"selector":{"controlType":"sap.ui.core.Icon","viewName":"etm.portal.ui.managecatalogs.view.MasterItems","viewId":"application-managecatalogs-display-component---masterCatalogItems","properties":{"src":{"regex":{"source":"refresh"}}}},"wdio_ui5_key":"etmportal.ui.managecatalogs.view.MasterItemssap.ui.core.Icon{\"src\":{\"regex\":{\"source\":\"refresh\"}}}"}]}
RESULT: {"script":"<script> [1562 bytes]","args":[{"selector":{"controlType":"sap.ui.core.Icon","viewName":"etm.portal.ui.managecatalogs.view.MasterItems","viewId":"application-managecatalogs-display-component---masterCatalogItems","properties":{"src":{"regex":{"source":"refresh"}}}},"wdio_ui5_key":"etmportal.ui.managecatalogs.view.MasterItemssap.ui.core.Icon{\"src\":{\"regex\":{\"source\":\"refresh\"}}}"}]}
RESULT: undefined
COMMAND: POST /session/5ddd57591a494e04841521b2f73ce0e1/element - {"using":"xpath","value":"//*[@id=\"__button1-img\"]"}
RESULT: {"using":"xpath","value":"//*[@id=\"__button1-img\"]"}
COMMAND: POST /session/5ddd57591a494e04841521b2f73ce0e1/element/f.76BD0702E8726841DC63080813E8F96A.d.73BEE8DFA6A429C9C4D01528D3E19FBB.e.4581/click - {}
RESULT: {}
COMMAND: GET /session/5ddd57591a494e04841521b2f73ce0e1/screenshot - {}
RESULT: {}
COMMAND: POST /session/5ddd57591a494e04841521b2f73ce0e1/execute/async - {"script":"<script> [1562 bytes]","args":[{"selector":{"id":"application-managecatalogs-display-component---masterCatalogItems--searchItemsField","interaction":{"idSuffix":"I"}},"wdio_ui5_key":"applicationmanagecatalogs-display-component---masterCatalogItems--searchItemsField"}]}
RESULT: {"script":"<script> [1562 bytes]","args":[{"selector":{"id":"application-managecatalogs-display-component---masterCatalogItems--searchItemsField","interaction":{"idSuffix":"I"}},"wdio_ui5_key":"applicationmanagecatalogs-display-component---masterCatalogItems--searchItemsField"}]}
RESULT: undefined
COMMAND: POST /session/5ddd57591a494e04841521b2f73ce0e1/execute/async - {"script":"<script> [776 bytes]","args":[{"enterText":"catalogItemNameg8tv3","selector":{"id":"application-managecatalogs-display-component---masterCatalogItems--searchItemsField","interaction":{"idSuffix":"I"}},"clearTextFirst":true,"interactionType":"ENTER_TEXT"}]}
RESULT: {"script":"<script> [776 bytes]","args":[{"enterText":"catalogItemNameg8tv3","selector":{"id":"application-managecatalogs-display-component---masterCatalogItems--searchItemsField","interaction":{"idSuffix":"I"}},"clearTextFirst":true,"interactionType":"ENTER_TEXT"}]}
COMMAND: POST /session/5ddd57591a494e04841521b2f73ce0e1/actions - {"actions":[{"id":"action14","type":"key","parameters":{},"actions":[{"type":"keyDown","value":"î€‡"},{"type":"pause","duration":10},{"type":"keyUp","value":"î€‡"}]}]}
RESULT: {"actions":[{"id":"action14","type":"key","parameters":{},"actions":[{"type":"keyDown","value":"î€‡"},{"type":"pause","duration":10},{"type":"keyUp","value":"î€‡"}]}]}
COMMAND: POST /session/5ddd57591a494e04841521b2f73ce0e1/element - {"using":"xpath","value":"(//span[contains(text(), \"catalogItemNameg8tv3\")])[1]"}
COMMAND: GET /session/5ddd57591a494e04841521b2f73ce0e1/screenshot - {}
RESULT: {"using":"xpath","value":"(//span[contains(text(), \"catalogItemNameg8tv3\")])[1]"}
COMMAND: POST /session/5ddd57591a494e04841521b2f73ce0e1/element/f.76BD0702E8726841DC63080813E8F96A.d.73BEE8DFA6A429C9C4D01528D3E19FBB.e.4618/click - {}
RESULT: {}
RESULT: {}
COMMAND: GET /session/5ddd57591a494e04841521b2f73ce0e1/screenshot - {}
RESULT: {}
COMMAND: POST /session/5ddd57591a494e04841521b2f73ce0e1/element - {"using":"xpath","value":"//span[contains(text(), \"catalogItemz5wv3\")]"}
RESULT: {"using":"xpath","value":"//span[contains(text(), \"catalogItemz5wv3\")]"}
COMMAND: GET /session/5ddd57591a494e04841521b2f73ce0e1/element/f.76BD0702E8726841DC63080813E8F96A.d.73BEE8DFA6A429C9C4D01528D3E19FBB.e.4680/text - {}
RESULT: {}
]]></system-out>
    </testcase>
    <testcase classname="chrome.137_0_7151_56.windows.Standard_contract_-_add_contract_items_by_Insert_Request_US118222" name="Should assign resources to the catalog item" time="52.168">
      <system-out><![CDATA[
RESULT: undefined
COMMAND: POST /session/5ddd57591a494e04841521b2f73ce0e1/element - {"using":"xpath","value":"//*[@id=\"__button25\"]"}
RESULT: {"using":"xpath","value":"//*[@id=\"__button25\"]"}
COMMAND: POST /session/5ddd57591a494e04841521b2f73ce0e1/element/f.76BD0702E8726841DC63080813E8F96A.d.73BEE8DFA6A429C9C4D01528D3E19FBB.e.4681/click - {}
RESULT: {}
COMMAND: GET /session/5ddd57591a494e04841521b2f73ce0e1/screenshot - {}
RESULT: {}
COMMAND: POST /session/5ddd57591a494e04841521b2f73ce0e1/execute/async - {"script":"<script> [1562 bytes]","args":[{"selector":{"id":"application-managecatalogs-display-component---detailCatalog--BASE_UNIT_OF_MEASURE-arrow"},"wdio_ui5_key":"applicationmanagecatalogs-display-component---detailCatalog--BASE_UNIT_OF_MEASURE-arrow"}]}
RESULT: {"script":"<script> [1562 bytes]","args":[{"selector":{"id":"application-managecatalogs-display-component---detailCatalog--BASE_UNIT_OF_MEASURE-arrow"},"wdio_ui5_key":"applicationmanagecatalogs-display-component---detailCatalog--BASE_UNIT_OF_MEASURE-arrow"}]}
RESULT: undefined
COMMAND: POST /session/5ddd57591a494e04841521b2f73ce0e1/element - {"using":"xpath","value":"//*[@id=\"application-managecatalogs-display-component---detailCatalog--BASE_UNIT_OF_MEASURE-arrow\"]"}
RESULT: {"using":"xpath","value":"//*[@id=\"application-managecatalogs-display-component---detailCatalog--BASE_UNIT_OF_MEASURE-arrow\"]"}
COMMAND: POST /session/5ddd57591a494e04841521b2f73ce0e1/element/f.76BD0702E8726841DC63080813E8F96A.d.73BEE8DFA6A429C9C4D01528D3E19FBB.e.4710/click - {}
RESULT: {}
COMMAND: POST /session/5ddd57591a494e04841521b2f73ce0e1/execute/async - {"script":"<script> [1562 bytes]","args":[{"selector":{"controlType":"sap.m.StandardListItem","viewName":"etm.portal.ui.managecatalogs.view.Detail","viewId":"application-managecatalogs-display-component---detailCatalog","properties":{"title":"Piece"},"searchOpenDialogs":true,"interaction":{"idSuffix":"titleText"}},"wdio_ui5_key":"etmportal.ui.managecatalogs.view.Detailsap.m.StandardListItem{\"title\":\"Piece\"}"}]}
COMMAND: GET /session/5ddd57591a494e04841521b2f73ce0e1/screenshot - {}
RESULT: {"script":"<script> [1562 bytes]","args":[{"selector":{"controlType":"sap.m.StandardListItem","viewName":"etm.portal.ui.managecatalogs.view.Detail","viewId":"application-managecatalogs-display-component---detailCatalog","properties":{"title":"Piece"},"searchOpenDialogs":true,"interaction":{"idSuffix":"titleText"}},"wdio_ui5_key":"etmportal.ui.managecatalogs.view.Detailsap.m.StandardListItem{\"title\":\"Piece\"}"}]}
RESULT: undefined
COMMAND: POST /session/5ddd57591a494e04841521b2f73ce0e1/element - {"using":"xpath","value":"//*[@id=\"__item218\"]"}
RESULT: {}
RESULT: {"using":"xpath","value":"//*[@id=\"__item218\"]"}
COMMAND: POST /session/5ddd57591a494e04841521b2f73ce0e1/element/f.76BD0702E8726841DC63080813E8F96A.d.73BEE8DFA6A429C9C4D01528D3E19FBB.e.4712/click - {}
RESULT: {}
COMMAND: POST /session/5ddd57591a494e04841521b2f73ce0e1/execute/async - {"script":"<script> [1562 bytes]","args":[{"selector":{"id":"application-managecatalogs-display-component---detailCatalog--ObjectPageLayout-anchBar-application-managecatalogs-display-component---detailCatalog--sectionRUs-anchor","interaction":{"idSuffix":"BDI-content"}},"wdio_ui5_key":"applicationmanagecatalogs-display-component---detailCatalog--ObjectPageLayout-anchBar-application-managecatalogs-display-component---detailCatalog--sectionRUs-anchor"}]}
COMMAND: GET /session/5ddd57591a494e04841521b2f73ce0e1/screenshot - {}
RESULT: {"script":"<script> [1562 bytes]","args":[{"selector":{"id":"application-managecatalogs-display-component---detailCatalog--ObjectPageLayout-anchBar-application-managecatalogs-display-component---detailCatalog--sectionRUs-anchor","interaction":{"idSuffix":"BDI-content"}},"wdio_ui5_key":"applicationmanagecatalogs-display-component---detailCatalog--ObjectPageLayout-anchBar-application-managecatalogs-display-component---detailCatalog--sectionRUs-anchor"}]}
RESULT: undefined
COMMAND: POST /session/5ddd57591a494e04841521b2f73ce0e1/element - {"using":"xpath","value":"//*[@id=\"application-managecatalogs-display-component---detailCatalog--ObjectPageLayout-anchBar-application-managecatalogs-display-component---detailCatalog--sectionRUs-anchor\"]"}
RESULT: {}
RESULT: {"using":"xpath","value":"//*[@id=\"application-managecatalogs-display-component---detailCatalog--ObjectPageLayout-anchBar-application-managecatalogs-display-component---detailCatalog--sectionRUs-anchor\"]"}
COMMAND: POST /session/5ddd57591a494e04841521b2f73ce0e1/element/f.76BD0702E8726841DC63080813E8F96A.d.73BEE8DFA6A429C9C4D01528D3E19FBB.e.4714/click - {}
RESULT: {}
COMMAND: POST /session/5ddd57591a494e04841521b2f73ce0e1/element - {"using":"xpath","value":"//button[contains(@data-kt ,\"catalogItemAssignRuButton\")]"}
COMMAND: GET /session/5ddd57591a494e04841521b2f73ce0e1/screenshot - {}
RESULT: {"using":"xpath","value":"//button[contains(@data-kt ,\"catalogItemAssignRuButton\")]"}
COMMAND: POST /session/5ddd57591a494e04841521b2f73ce0e1/element/f.76BD0702E8726841DC63080813E8F96A.d.73BEE8DFA6A429C9C4D01528D3E19FBB.e.4718/click - {}
RESULT: {}
RESULT: {}
COMMAND: GET /session/5ddd57591a494e04841521b2f73ce0e1/screenshot - {}
RESULT: {}
COMMAND: POST /session/5ddd57591a494e04841521b2f73ce0e1/actions - {"actions":[{"id":"action15","type":"key","parameters":{},"actions":[{"type":"keyDown","value":"î€‡"},{"type":"pause","duration":10},{"type":"keyUp","value":"î€‡"}]}]}
RESULT: {"actions":[{"id":"action15","type":"key","parameters":{},"actions":[{"type":"keyDown","value":"î€‡"},{"type":"pause","duration":10},{"type":"keyUp","value":"î€‡"}]}]}
COMMAND: POST /session/5ddd57591a494e04841521b2f73ce0e1/execute/async - {"script":"<script> [1562 bytes]","args":[{"selector":{"id":"application-managecatalogs-display-component---detailCatalog--assignRUSearchField-vhi","searchOpenDialogs":true},"wdio_ui5_key":"applicationmanagecatalogs-display-component---detailCatalog--assignRUSearchField-vhi"}]}
COMMAND: GET /session/5ddd57591a494e04841521b2f73ce0e1/screenshot - {}
RESULT: {"script":"<script> [1562 bytes]","args":[{"selector":{"id":"application-managecatalogs-display-component---detailCatalog--assignRUSearchField-vhi","searchOpenDialogs":true},"wdio_ui5_key":"applicationmanagecatalogs-display-component---detailCatalog--assignRUSearchField-vhi"}]}
RESULT: undefined
COMMAND: POST /session/5ddd57591a494e04841521b2f73ce0e1/element - {"using":"xpath","value":"//*[@id=\"application-managecatalogs-display-component---detailCatalog--assignRUSearchField-vhi\"]"}
RESULT: {}
RESULT: {"using":"xpath","value":"//*[@id=\"application-managecatalogs-display-component---detailCatalog--assignRUSearchField-vhi\"]"}
COMMAND: POST /session/5ddd57591a494e04841521b2f73ce0e1/element/f.76BD0702E8726841DC63080813E8F96A.d.73BEE8DFA6A429C9C4D01528D3E19FBB.e.4737/click - {}
RESULT: {}
COMMAND: GET /session/5ddd57591a494e04841521b2f73ce0e1/screenshot - {}
RESULT: {}
COMMAND: POST /session/5ddd57591a494e04841521b2f73ce0e1/element - {"using":"xpath","value":"//input[contains(@id ,\"searchField-I\")]"}
RESULT: {"using":"xpath","value":"//input[contains(@id ,\"searchField-I\")]"}
COMMAND: POST /session/5ddd57591a494e04841521b2f73ce0e1/element/f.76BD0702E8726841DC63080813E8F96A.d.73BEE8DFA6A429C9C4D01528D3E19FBB.e.4741/clear - {}
RESULT: {}
COMMAND: POST /session/5ddd57591a494e04841521b2f73ce0e1/element/f.76BD0702E8726841DC63080813E8F96A.d.73BEE8DFA6A429C9C4D01528D3E19FBB.e.4741/value - {"text":"WdIOTestEquipuewg3i"}
COMMAND: GET /session/5ddd57591a494e04841521b2f73ce0e1/screenshot - {}
RESULT: {"text":"WdIOTestEquipuewg3i"}
COMMAND: GET /session/5ddd57591a494e04841521b2f73ce0e1/screenshot - {}
RESULT: {}
RESULT: {}
COMMAND: POST /session/5ddd57591a494e04841521b2f73ce0e1/actions - {"actions":[{"id":"action16","type":"key","parameters":{},"actions":[{"type":"keyDown","value":"î€‡"},{"type":"pause","duration":10},{"type":"keyUp","value":"î€‡"}]}]}
RESULT: {"actions":[{"id":"action16","type":"key","parameters":{},"actions":[{"type":"keyDown","value":"î€‡"},{"type":"pause","duration":10},{"type":"keyUp","value":"î€‡"}]}]}
COMMAND: GET /session/5ddd57591a494e04841521b2f73ce0e1/screenshot - {}
RESULT: {}
COMMAND: POST /session/5ddd57591a494e04841521b2f73ce0e1/actions - {"actions":[{"id":"action17","type":"key","parameters":{},"actions":[{"type":"keyDown","value":"î€„"},{"type":"pause","duration":10},{"type":"keyUp","value":"î€„"}]}]}
RESULT: {"actions":[{"id":"action17","type":"key","parameters":{},"actions":[{"type":"keyDown","value":"î€„"},{"type":"pause","duration":10},{"type":"keyUp","value":"î€„"}]}]}
COMMAND: GET /session/5ddd57591a494e04841521b2f73ce0e1/screenshot - {}
RESULT: {}
COMMAND: POST /session/5ddd57591a494e04841521b2f73ce0e1/actions - {"actions":[{"id":"action18","type":"key","parameters":{},"actions":[{"type":"keyDown","value":"î€‡"},{"type":"pause","duration":10},{"type":"keyUp","value":"î€‡"}]}]}
RESULT: {"actions":[{"id":"action18","type":"key","parameters":{},"actions":[{"type":"keyDown","value":"î€‡"},{"type":"pause","duration":10},{"type":"keyUp","value":"î€‡"}]}]}
COMMAND: GET /session/5ddd57591a494e04841521b2f73ce0e1/screenshot - {}
RESULT: {}
COMMAND: POST /session/5ddd57591a494e04841521b2f73ce0e1/element - {"using":"xpath","value":"//bdi[contains(@id ,\"application-managecatalogs-display-component---detailCatalog--RUAssignmentSaveButton-BDI-content\")]"}
RESULT: {"using":"xpath","value":"//bdi[contains(@id ,\"application-managecatalogs-display-component---detailCatalog--RUAssignmentSaveButton-BDI-content\")]"}
COMMAND: POST /session/5ddd57591a494e04841521b2f73ce0e1/element/f.76BD0702E8726841DC63080813E8F96A.d.73BEE8DFA6A429C9C4D01528D3E19FBB.e.4776/click - {}
RESULT: {}
COMMAND: GET /session/5ddd57591a494e04841521b2f73ce0e1/screenshot - {}
RESULT: {}
COMMAND: POST /session/5ddd57591a494e04841521b2f73ce0e1/element - {"using":"xpath","value":"//bdi[contains(@id ,\"application-managecatalogs-display-component---detailCatalog--ObjectPageLayout-anchBar-application-managecatalogs-display-component---detailCatalog--sectionRUs-anchor-BDI-content\")]"}
RESULT: {"using":"xpath","value":"//bdi[contains(@id ,\"application-managecatalogs-display-component---detailCatalog--ObjectPageLayout-anchBar-application-managecatalogs-display-component---detailCatalog--sectionRUs-anchor-BDI-content\")]"}
COMMAND: POST /session/5ddd57591a494e04841521b2f73ce0e1/element/f.76BD0702E8726841DC63080813E8F96A.d.73BEE8DFA6A429C9C4D01528D3E19FBB.e.4793/click - {}
RESULT: {}
COMMAND: GET /session/5ddd57591a494e04841521b2f73ce0e1/screenshot - {}
RESULT: {}
COMMAND: POST /session/5ddd57591a494e04841521b2f73ce0e1/element - {"using":"xpath","value":"//button[contains(@data-kt ,\"catalogItemAssignRuButton\")]"}
RESULT: {"using":"xpath","value":"//button[contains(@data-kt ,\"catalogItemAssignRuButton\")]"}
COMMAND: POST /session/5ddd57591a494e04841521b2f73ce0e1/element/f.76BD0702E8726841DC63080813E8F96A.d.73BEE8DFA6A429C9C4D01528D3E19FBB.e.4718/click - {}
RESULT: {}
COMMAND: GET /session/5ddd57591a494e04841521b2f73ce0e1/screenshot - {}
RESULT: {}
COMMAND: POST /session/5ddd57591a494e04841521b2f73ce0e1/actions - {"actions":[{"id":"action19","type":"key","parameters":{},"actions":[{"type":"keyDown","value":"î€‡"},{"type":"pause","duration":10},{"type":"keyUp","value":"î€‡"}]}]}
RESULT: {"actions":[{"id":"action19","type":"key","parameters":{},"actions":[{"type":"keyDown","value":"î€‡"},{"type":"pause","duration":10},{"type":"keyUp","value":"î€‡"}]}]}
RESULT: undefined
COMMAND: POST /session/5ddd57591a494e04841521b2f73ce0e1/element - {"using":"xpath","value":"//*[@id=\"application-managecatalogs-display-component---detailCatalog--assignRUSearchField-vhi\"]"}
COMMAND: GET /session/5ddd57591a494e04841521b2f73ce0e1/screenshot - {}
RESULT: {"using":"xpath","value":"//*[@id=\"application-managecatalogs-display-component---detailCatalog--assignRUSearchField-vhi\"]"}
COMMAND: POST /session/5ddd57591a494e04841521b2f73ce0e1/elements - {"using":"xpath","value":"//*[@id=\"application-managecatalogs-display-component---detailCatalog--assignRUSearchField-vhi\"]"}
RESULT: {}
RESULT: {"using":"xpath","value":"//*[@id=\"application-managecatalogs-display-component---detailCatalog--assignRUSearchField-vhi\"]"}
COMMAND: POST /session/5ddd57591a494e04841521b2f73ce0e1/element - {"using":"xpath","value":"//*[@id=\"application-managecatalogs-display-component---detailCatalog--assignRUSearchField-vhi\"]"}
RESULT: {"using":"xpath","value":"//*[@id=\"application-managecatalogs-display-component---detailCatalog--assignRUSearchField-vhi\"]"}
COMMAND: POST /session/5ddd57591a494e04841521b2f73ce0e1/element/f.76BD0702E8726841DC63080813E8F96A.d.73BEE8DFA6A429C9C4D01528D3E19FBB.e.4811/click - {}
RESULT: {}
COMMAND: POST /session/5ddd57591a494e04841521b2f73ce0e1/execute/async - {"script":"<script> [1562 bytes]","args":[{"selector":{"controlType":"sap.m.SearchField","viewName":"etm.portal.ui.managecatalogs.view.Detail","viewId":"application-managecatalogs-display-component---detailCatalog","searchOpenDialogs":true,"interaction":{"idSuffix":"I"}},"wdio_ui5_key":"etmportal.ui.managecatalogs.view.Detailsap.m.SearchField"}]}
COMMAND: GET /session/5ddd57591a494e04841521b2f73ce0e1/screenshot - {}
RESULT: {"script":"<script> [1562 bytes]","args":[{"selector":{"controlType":"sap.m.SearchField","viewName":"etm.portal.ui.managecatalogs.view.Detail","viewId":"application-managecatalogs-display-component---detailCatalog","searchOpenDialogs":true,"interaction":{"idSuffix":"I"}},"wdio_ui5_key":"etmportal.ui.managecatalogs.view.Detailsap.m.SearchField"}]}
RESULT: undefined
COMMAND: POST /session/5ddd57591a494e04841521b2f73ce0e1/execute/async - {"script":"<script> [776 bytes]","args":[{"enterText":"WebdriverMatTestn7dze","selector":{"controlType":"sap.m.SearchField","viewName":"etm.portal.ui.managecatalogs.view.Detail","viewId":"application-managecatalogs-display-component---detailCatalog","searchOpenDialogs":true,"interaction":{"idSuffix":"I"}},"clearTextFirst":true,"interactionType":"ENTER_TEXT"}]}
RESULT: {}
RESULT: {"script":"<script> [776 bytes]","args":[{"enterText":"WebdriverMatTestn7dze","selector":{"controlType":"sap.m.SearchField","viewName":"etm.portal.ui.managecatalogs.view.Detail","viewId":"application-managecatalogs-display-component---detailCatalog","searchOpenDialogs":true,"interaction":{"idSuffix":"I"}},"clearTextFirst":true,"interactionType":"ENTER_TEXT"}]}
COMMAND: POST /session/5ddd57591a494e04841521b2f73ce0e1/actions - {"actions":[{"id":"action20","type":"key","parameters":{},"actions":[{"type":"keyDown","value":"î€‡"},{"type":"pause","duration":10},{"type":"keyUp","value":"î€‡"}]}]}
RESULT: {"actions":[{"id":"action20","type":"key","parameters":{},"actions":[{"type":"keyDown","value":"î€‡"},{"type":"pause","duration":10},{"type":"keyUp","value":"î€‡"}]}]}
COMMAND: GET /session/5ddd57591a494e04841521b2f73ce0e1/screenshot - {}
RESULT: {}
COMMAND: POST /session/5ddd57591a494e04841521b2f73ce0e1/element - {"using":"xpath","value":"(//span[contains(text(), \"WebdriverMatTestn7dze\")])[1]"}
RESULT: {"using":"xpath","value":"(//span[contains(text(), \"WebdriverMatTestn7dze\")])[1]"}
COMMAND: POST /session/5ddd57591a494e04841521b2f73ce0e1/element/f.76BD0702E8726841DC63080813E8F96A.d.73BEE8DFA6A429C9C4D01528D3E19FBB.e.4829/click - {}
RESULT: {}
COMMAND: POST /session/5ddd57591a494e04841521b2f73ce0e1/execute/async - {"script":"<script> [1562 bytes]","args":[{"selector":{"id":"application-managecatalogs-display-component---detailCatalog--RUAssignmentSaveButton","searchOpenDialogs":true,"interaction":{"idSuffix":"BDI-content"}},"wdio_ui5_key":"applicationmanagecatalogs-display-component---detailCatalog--RUAssignmentSaveButton"}]}
COMMAND: GET /session/5ddd57591a494e04841521b2f73ce0e1/screenshot - {}
RESULT: {"script":"<script> [1562 bytes]","args":[{"selector":{"id":"application-managecatalogs-display-component---detailCatalog--RUAssignmentSaveButton","searchOpenDialogs":true,"interaction":{"idSuffix":"BDI-content"}},"wdio_ui5_key":"applicationmanagecatalogs-display-component---detailCatalog--RUAssignmentSaveButton"}]}
RESULT: undefined
COMMAND: POST /session/5ddd57591a494e04841521b2f73ce0e1/element - {"using":"xpath","value":"//*[@id=\"application-managecatalogs-display-component---detailCatalog--RUAssignmentSaveButton\"]"}
RESULT: {}
RESULT: {"using":"xpath","value":"//*[@id=\"application-managecatalogs-display-component---detailCatalog--RUAssignmentSaveButton\"]"}
COMMAND: POST /session/5ddd57591a494e04841521b2f73ce0e1/element/f.76BD0702E8726841DC63080813E8F96A.d.73BEE8DFA6A429C9C4D01528D3E19FBB.e.4832/click - {}
RESULT: {}
COMMAND: GET /session/5ddd57591a494e04841521b2f73ce0e1/screenshot - {}
RESULT: {}
COMMAND: POST /session/5ddd57591a494e04841521b2f73ce0e1/element - {"using":"xpath","value":"//bdi[contains(text(), \"Save\")]"}
RESULT: {"using":"xpath","value":"//bdi[contains(text(), \"Save\")]"}
COMMAND: POST /session/5ddd57591a494e04841521b2f73ce0e1/element/f.76BD0702E8726841DC63080813E8F96A.d.73BEE8DFA6A429C9C4D01528D3E19FBB.e.4843/click - {}
RESULT: {}
COMMAND: GET /session/5ddd57591a494e04841521b2f73ce0e1/screenshot - {}
RESULT: {}
COMMAND: POST /session/5ddd57591a494e04841521b2f73ce0e1/element - {"using":"css selector","value":"#shell-header-logo"}
RESULT: {"using":"css selector","value":"#shell-header-logo"}
COMMAND: POST /session/5ddd57591a494e04841521b2f73ce0e1/element/f.76BD0702E8726841DC63080813E8F96A.d.73BEE8DFA6A429C9C4D01528D3E19FBB.e.4516/click - {}
RESULT: {}
COMMAND: GET /session/5ddd57591a494e04841521b2f73ce0e1/screenshot - {}
RESULT: {}
]]></system-out>
    </testcase>
    <testcase classname="chrome.137_0_7151_56.windows.Standard_contract_-_add_contract_items_by_Insert_Request_US118222" name="Should create a new contract" time="93.457">
      <system-out><![CDATA[
COMMAND: POST /session/5ddd57591a494e04841521b2f73ce0e1/execute/async - {"script":"<script> [1562 bytes]","args":[{"selector":{"controlType":"sap.m.GenericTile","properties":{"header":"Manage Contracts"}},"wdio_ui5_key":"sapm.GenericTile{\"header\":\"Manage Contracts\"}"}]}
RESULT: {"script":"<script> [1562 bytes]","args":[{"selector":{"controlType":"sap.m.GenericTile","properties":{"header":"Manage Contracts"}},"wdio_ui5_key":"sapm.GenericTile{\"header\":\"Manage Contracts\"}"}]}
RESULT: undefined
COMMAND: POST /session/5ddd57591a494e04841521b2f73ce0e1/element - {"using":"xpath","value":"//*[@id=\"__tile130\"]"}
RESULT: {"using":"xpath","value":"//*[@id=\"__tile130\"]"}
COMMAND: POST /session/5ddd57591a494e04841521b2f73ce0e1/element/f.76BD0702E8726841DC63080813E8F96A.d.73BEE8DFA6A429C9C4D01528D3E19FBB.e.4875/click - {}
RESULT: {}
COMMAND: GET /session/5ddd57591a494e04841521b2f73ce0e1/screenshot - {}
RESULT: {}
COMMAND: POST /session/5ddd57591a494e04841521b2f73ce0e1/elements - {"using":"xpath","value":"//span[text()='Error']"}
RESULT: {"using":"xpath","value":"//span[text()='Error']"}
COMMAND: POST /session/5ddd57591a494e04841521b2f73ce0e1/element - {"using":"xpath","value":"//button[@data-kt=\"addButton\"]"}
RESULT: {"using":"xpath","value":"//button[@data-kt=\"addButton\"]"}
COMMAND: POST /session/5ddd57591a494e04841521b2f73ce0e1/element/f.76BD0702E8726841DC63080813E8F96A.d.73BEE8DFA6A429C9C4D01528D3E19FBB.e.4925/click - {}
RESULT: {}
COMMAND: GET /session/5ddd57591a494e04841521b2f73ce0e1/screenshot - {}
COMMAND: POST /session/5ddd57591a494e04841521b2f73ce0e1/execute/async - {"script":"<script> [1562 bytes]","args":[{"selector":{"id":"application-managecontracts-display-component---AddNewContract--projectDescription","interaction":{"idSuffix":"inner"}},"wdio_ui5_key":"applicationmanagecontracts-display-component---AddNewContract--projectDescription"}]}
RESULT: {}
RESULT: {"script":"<script> [1562 bytes]","args":[{"selector":{"id":"application-managecontracts-display-component---AddNewContract--projectDescription","interaction":{"idSuffix":"inner"}},"wdio_ui5_key":"applicationmanagecontracts-display-component---AddNewContract--projectDescription"}]}
RESULT: undefined
COMMAND: POST /session/5ddd57591a494e04841521b2f73ce0e1/execute/async - {"script":"<script> [776 bytes]","args":[{"enterText":"WdIOTesthjh21","selector":{"id":"application-managecontracts-display-component---AddNewContract--projectDescription","interaction":{"idSuffix":"inner"}},"clearTextFirst":true,"interactionType":"ENTER_TEXT"}]}
RESULT: {"script":"<script> [776 bytes]","args":[{"enterText":"WdIOTesthjh21","selector":{"id":"application-managecontracts-display-component---AddNewContract--projectDescription","interaction":{"idSuffix":"inner"}},"clearTextFirst":true,"interactionType":"ENTER_TEXT"}]}
COMMAND: POST /session/5ddd57591a494e04841521b2f73ce0e1/element - {"using":"xpath","value":"//input[@id=\"application-managecontracts-display-component---AddNewContract--yardId-inner\"]"}
RESULT: {"using":"xpath","value":"//input[@id=\"application-managecontracts-display-component---AddNewContract--yardId-inner\"]"}
COMMAND: POST /session/5ddd57591a494e04841521b2f73ce0e1/element/f.76BD0702E8726841DC63080813E8F96A.d.73BEE8DFA6A429C9C4D01528D3E19FBB.e.5187/clear - {}
RESULT: {}
COMMAND: POST /session/5ddd57591a494e04841521b2f73ce0e1/element/f.76BD0702E8726841DC63080813E8F96A.d.73BEE8DFA6A429C9C4D01528D3E19FBB.e.5187/value - {"text":"WebdriverYarduw3gx"}
COMMAND: GET /session/5ddd57591a494e04841521b2f73ce0e1/screenshot - {}
RESULT: {"text":"WebdriverYarduw3gx"}
COMMAND: GET /session/5ddd57591a494e04841521b2f73ce0e1/screenshot - {}
RESULT: {}
RESULT: {}
COMMAND: POST /session/5ddd57591a494e04841521b2f73ce0e1/actions - {"actions":[{"id":"action21","type":"key","parameters":{},"actions":[{"type":"keyDown","value":"î€‡"},{"type":"pause","duration":10},{"type":"keyUp","value":"î€‡"}]}]}
RESULT: {"actions":[{"id":"action21","type":"key","parameters":{},"actions":[{"type":"keyDown","value":"î€‡"},{"type":"pause","duration":10},{"type":"keyUp","value":"î€‡"}]}]}
COMMAND: GET /session/5ddd57591a494e04841521b2f73ce0e1/screenshot - {}
RESULT: {}
COMMAND: POST /session/5ddd57591a494e04841521b2f73ce0e1/element - {"using":"xpath","value":"//input[@id=\"application-managecontracts-display-component---AddNewContract--customerSelect-inner\"]"}
RESULT: {"using":"xpath","value":"//input[@id=\"application-managecontracts-display-component---AddNewContract--customerSelect-inner\"]"}
COMMAND: POST /session/5ddd57591a494e04841521b2f73ce0e1/element/f.76BD0702E8726841DC63080813E8F96A.d.73BEE8DFA6A429C9C4D01528D3E19FBB.e.5185/clear - {}
RESULT: {}
COMMAND: POST /session/5ddd57591a494e04841521b2f73ce0e1/element/f.76BD0702E8726841DC63080813E8F96A.d.73BEE8DFA6A429C9C4D01528D3E19FBB.e.5185/value - {"text":"WebdriverPartnernvhqh"}
COMMAND: GET /session/5ddd57591a494e04841521b2f73ce0e1/screenshot - {}
RESULT: {"text":"WebdriverPartnernvhqh"}
COMMAND: GET /session/5ddd57591a494e04841521b2f73ce0e1/screenshot - {}
RESULT: {}
RESULT: {}
COMMAND: POST /session/5ddd57591a494e04841521b2f73ce0e1/actions - {"actions":[{"id":"action22","type":"key","parameters":{},"actions":[{"type":"keyDown","value":"î€‡"},{"type":"pause","duration":10},{"type":"keyUp","value":"î€‡"}]}]}
RESULT: {"actions":[{"id":"action22","type":"key","parameters":{},"actions":[{"type":"keyDown","value":"î€‡"},{"type":"pause","duration":10},{"type":"keyUp","value":"î€‡"}]}]}
COMMAND: GET /session/5ddd57591a494e04841521b2f73ce0e1/screenshot - {}
RESULT: {}
COMMAND: POST /session/5ddd57591a494e04841521b2f73ce0e1/element - {"using":"xpath","value":"//input[@id=\"application-managecontracts-display-component---AddNewContract--site-inner\"]"}
RESULT: {"using":"xpath","value":"//input[@id=\"application-managecontracts-display-component---AddNewContract--site-inner\"]"}
COMMAND: POST /session/5ddd57591a494e04841521b2f73ce0e1/element/f.76BD0702E8726841DC63080813E8F96A.d.73BEE8DFA6A429C9C4D01528D3E19FBB.e.5186/clear - {}
RESULT: {}
COMMAND: POST /session/5ddd57591a494e04841521b2f73ce0e1/element/f.76BD0702E8726841DC63080813E8F96A.d.73BEE8DFA6A429C9C4D01528D3E19FBB.e.5186/value - {"text":"WebdriverSitep6gwf"}
COMMAND: GET /session/5ddd57591a494e04841521b2f73ce0e1/screenshot - {}
RESULT: {"text":"WebdriverSitep6gwf"}
COMMAND: GET /session/5ddd57591a494e04841521b2f73ce0e1/screenshot - {}
RESULT: {}
RESULT: {}
COMMAND: POST /session/5ddd57591a494e04841521b2f73ce0e1/actions - {"actions":[{"id":"action23","type":"key","parameters":{},"actions":[{"type":"keyDown","value":"î€‡"},{"type":"pause","duration":10},{"type":"keyUp","value":"î€‡"}]}]}
RESULT: {"actions":[{"id":"action23","type":"key","parameters":{},"actions":[{"type":"keyDown","value":"î€‡"},{"type":"pause","duration":10},{"type":"keyUp","value":"î€‡"}]}]}
COMMAND: GET /session/5ddd57591a494e04841521b2f73ce0e1/screenshot - {}
COMMAND: POST /session/5ddd57591a494e04841521b2f73ce0e1/element - {"using":"xpath","value":"//button[@data-kt=\"saveButton\"]"}
RESULT: {}
RESULT: {"using":"xpath","value":"//button[@data-kt=\"saveButton\"]"}
COMMAND: POST /session/5ddd57591a494e04841521b2f73ce0e1/element/f.76BD0702E8726841DC63080813E8F96A.d.73BEE8DFA6A429C9C4D01528D3E19FBB.e.5263/click - {}
RESULT: {}
COMMAND: GET /session/5ddd57591a494e04841521b2f73ce0e1/screenshot - {}
RESULT: {}
COMMAND: POST /session/5ddd57591a494e04841521b2f73ce0e1/execute/async - {"script":"<script> [1562 bytes]","args":[{"selector":{"id":"contractDetailTitleNoExpanded","viewName":"etm.portal.ui.managecontracts.view.Detail"},"wdio_ui5_key":"contractDetailTitleNoExpandedetmportal.ui.managecontracts.view.Detail"}]}
RESULT: {"script":"<script> [1562 bytes]","args":[{"selector":{"id":"contractDetailTitleNoExpanded","viewName":"etm.portal.ui.managecontracts.view.Detail"},"wdio_ui5_key":"contractDetailTitleNoExpandedetmportal.ui.managecontracts.view.Detail"}]}
RESULT: undefined
COMMAND: POST /session/5ddd57591a494e04841521b2f73ce0e1/execute/async - {"script":"<script> [6424 bytes]","args":[{"element-6066-11e4-a52e-4f735466cecf":"f.76BD0702E8726841DC63080813E8F96A.d.73BEE8DFA6A429C9C4D01528D3E19FBB.e.5343"},"getText",[]]}
RESULT: {"script":"<script> [6424 bytes]","args":[{"element-6066-11e4-a52e-4f735466cecf":"f.76BD0702E8726841DC63080813E8F96A.d.73BEE8DFA6A429C9C4D01528D3E19FBB.e.5343"},"getText",[]]}
]]></system-out>
    </testcase>
    <testcase classname="chrome.137_0_7151_56.windows.Standard_contract_-_add_contract_items_by_Insert_Request_US118222" name="Should create a new request and plan it" time="166.895">
      <system-out><![CDATA[
COMMAND: POST /session/5ddd57591a494e04841521b2f73ce0e1/element - {"using":"css selector","value":"#shell-header-logo"}
RESULT: {"using":"css selector","value":"#shell-header-logo"}
COMMAND: POST /session/5ddd57591a494e04841521b2f73ce0e1/element/f.76BD0702E8726841DC63080813E8F96A.d.73BEE8DFA6A429C9C4D01528D3E19FBB.e.4878/click - {}
RESULT: {}
COMMAND: GET /session/5ddd57591a494e04841521b2f73ce0e1/screenshot - {}
RESULT: {}
COMMAND: POST /session/5ddd57591a494e04841521b2f73ce0e1/execute/async - {"script":"<script> [1562 bytes]","args":[{"selector":{"controlType":"sap.m.GenericTile","properties":{"header":"Manage Requests"}},"wdio_ui5_key":"sapm.GenericTile{\"header\":\"Manage Requests\"}"}]}
RESULT: {"script":"<script> [1562 bytes]","args":[{"selector":{"controlType":"sap.m.GenericTile","properties":{"header":"Manage Requests"}},"wdio_ui5_key":"sapm.GenericTile{\"header\":\"Manage Requests\"}"}]}
RESULT: undefined
COMMAND: POST /session/5ddd57591a494e04841521b2f73ce0e1/element - {"using":"xpath","value":"//*[@id=\"__tile47\"]"}
RESULT: {"using":"xpath","value":"//*[@id=\"__tile47\"]"}
COMMAND: POST /session/5ddd57591a494e04841521b2f73ce0e1/element/f.76BD0702E8726841DC63080813E8F96A.d.73BEE8DFA6A429C9C4D01528D3E19FBB.e.5346/click - {}
RESULT: {}
COMMAND: GET /session/5ddd57591a494e04841521b2f73ce0e1/screenshot - {}
RESULT: {}
COMMAND: POST /session/5ddd57591a494e04841521b2f73ce0e1/elements - {"using":"xpath","value":"//span[text()='Error']"}
RESULT: {"using":"xpath","value":"//span[text()='Error']"}
COMMAND: POST /session/5ddd57591a494e04841521b2f73ce0e1/element - {"using":"xpath","value":"//button[contains(@data-kt ,\"btnCreateNewOverflowToolbarButton\")]"}
COMMAND: POST /session/5ddd57591a494e04841521b2f73ce0e1/element - {"using":"xpath","value":"(//span[contains(@class ,\"sapMObjStatusText\")])[1]"}
RESULT: {"using":"xpath","value":"//button[contains(@data-kt ,\"btnCreateNewOverflowToolbarButton\")]"}
COMMAND: POST /session/5ddd57591a494e04841521b2f73ce0e1/element/f.76BD0702E8726841DC63080813E8F96A.d.73BEE8DFA6A429C9C4D01528D3E19FBB.e.5385/click - {}
RESULT: {"using":"xpath","value":"(//span[contains(@class ,\"sapMObjStatusText\")])[1]"}
COMMAND: POST /session/5ddd57591a494e04841521b2f73ce0e1/execute/sync - {"script":"<script> [8489 bytes]","args":[{"element-6066-11e4-a52e-4f735466cecf":"f.76BD0702E8726841DC63080813E8F96A.d.73BEE8DFA6A429C9C4D01528D3E19FBB.e.5692","ELEMENT":"f.76BD0702E8726841DC63080813E8F96A.d.73BEE8DFA6A429C9C4D01528D3E19FBB.e.5692"}]}
RESULT: {}
RESULT: {"script":"<script> [8489 bytes]","args":[{"element-6066-11e4-a52e-4f735466cecf":"f.76BD0702E8726841DC63080813E8F96A.d.73BEE8DFA6A429C9C4D01528D3E19FBB.e.5692","ELEMENT":"f.76BD0702E8726841DC63080813E8F96A.d.73BEE8DFA6A429C9C4D01528D3E19FBB.e.5692"}]}
COMMAND: GET /session/5ddd57591a494e04841521b2f73ce0e1/screenshot - {}
COMMAND: GET /session/5ddd57591a494e04841521b2f73ce0e1/screenshot - {}
RESULT: {}
RESULT: {}
COMMAND: POST /session/5ddd57591a494e04841521b2f73ce0e1/element - {"using":"xpath","value":"//input[contains(@id ,\"yardId-inner\")]"}
RESULT: {"using":"xpath","value":"//input[contains(@id ,\"yardId-inner\")]"}
COMMAND: POST /session/5ddd57591a494e04841521b2f73ce0e1/execute/sync - {"script":"<script> [8489 bytes]","args":[{"element-6066-11e4-a52e-4f735466cecf":"f.76BD0702E8726841DC63080813E8F96A.d.73BEE8DFA6A429C9C4D01528D3E19FBB.e.5773","ELEMENT":"f.76BD0702E8726841DC63080813E8F96A.d.73BEE8DFA6A429C9C4D01528D3E19FBB.e.5773"}]}
RESULT: {"script":"<script> [8489 bytes]","args":[{"element-6066-11e4-a52e-4f735466cecf":"f.76BD0702E8726841DC63080813E8F96A.d.73BEE8DFA6A429C9C4D01528D3E19FBB.e.5773","ELEMENT":"f.76BD0702E8726841DC63080813E8F96A.d.73BEE8DFA6A429C9C4D01528D3E19FBB.e.5773"}]}
COMMAND: POST /session/5ddd57591a494e04841521b2f73ce0e1/element - {"using":"xpath","value":"//input[contains(@id ,\"requestContractNo-inner\")]"}
COMMAND: POST /session/5ddd57591a494e04841521b2f73ce0e1/element - {"using":"xpath","value":"//input[contains(@id ,\"requestContractNo-inner\")]"}
COMMAND: GET /session/5ddd57591a494e04841521b2f73ce0e1/screenshot - {}
RESULT: {"using":"xpath","value":"//input[contains(@id ,\"requestContractNo-inner\")]"}
COMMAND: POST /session/5ddd57591a494e04841521b2f73ce0e1/element/f.76BD0702E8726841DC63080813E8F96A.d.73BEE8DFA6A429C9C4D01528D3E19FBB.e.5768/value - {"text":"10456"}
RESULT: {"using":"xpath","value":"//input[contains(@id ,\"requestContractNo-inner\")]"}
COMMAND: GET /session/5ddd57591a494e04841521b2f73ce0e1/element/f.76BD0702E8726841DC63080813E8F96A.d.73BEE8DFA6A429C9C4D01528D3E19FBB.e.5768/enabled - {}
RESULT: {}
RESULT: {"text":"10456"}
RESULT: {}
COMMAND: GET /session/5ddd57591a494e04841521b2f73ce0e1/screenshot - {}
COMMAND: GET /session/5ddd57591a494e04841521b2f73ce0e1/screenshot - {}
RESULT: {}
RESULT: {}
COMMAND: POST /session/5ddd57591a494e04841521b2f73ce0e1/actions - {"actions":[{"id":"action24","type":"key","parameters":{},"actions":[{"type":"keyDown","value":"î€‡"},{"type":"pause","duration":10},{"type":"keyUp","value":"î€‡"}]}]}
RESULT: {"actions":[{"id":"action24","type":"key","parameters":{},"actions":[{"type":"keyDown","value":"î€‡"},{"type":"pause","duration":10},{"type":"keyUp","value":"î€‡"}]}]}
COMMAND: GET /session/5ddd57591a494e04841521b2f73ce0e1/screenshot - {}
RESULT: {}
COMMAND: POST /session/5ddd57591a494e04841521b2f73ce0e1/execute/async - {"script":"<script> [1562 bytes]","args":[{"selector":{"controlType":"sap.ui.core.Icon","viewName":"etm.portal.ui.managerequests.view.NewRequest","properties":{"src":{"regex":{"source":"add"}}}},"wdio_ui5_key":"etmportal.ui.managerequests.view.NewRequestsap.ui.core.Icon{\"src\":{\"regex\":{\"source\":\"add\"}}}"}]}
RESULT: {"script":"<script> [1562 bytes]","args":[{"selector":{"controlType":"sap.ui.core.Icon","viewName":"etm.portal.ui.managerequests.view.NewRequest","properties":{"src":{"regex":{"source":"add"}}}},"wdio_ui5_key":"etmportal.ui.managerequests.view.NewRequestsap.ui.core.Icon{\"src\":{\"regex\":{\"source\":\"add\"}}}"}]}
RESULT: undefined
COMMAND: POST /session/5ddd57591a494e04841521b2f73ce0e1/element - {"using":"xpath","value":"//*[@id=\"__xmlview61--btnAddTableRow-img\"]"}
RESULT: {"using":"xpath","value":"//*[@id=\"__xmlview61--btnAddTableRow-img\"]"}
COMMAND: POST /session/5ddd57591a494e04841521b2f73ce0e1/element/f.76BD0702E8726841DC63080813E8F96A.d.73BEE8DFA6A429C9C4D01528D3E19FBB.e.5941/click - {}
RESULT: {}
COMMAND: GET /session/5ddd57591a494e04841521b2f73ce0e1/screenshot - {}
RESULT: {}
COMMAND: POST /session/5ddd57591a494e04841521b2f73ce0e1/execute/async - {"script":"<script> [1562 bytes]","args":[{"selector":{"controlType":"sap.ui.unified.MenuItem","viewName":"etm.portal.ui.managerequests.view.NewRequest","i18NText":{"propertyName":"text","key":"standardEntry"},"searchOpenDialogs":true,"interaction":{"idSuffix":"txt"}},"wdio_ui5_key":"etmportal.ui.managerequests.view.NewRequestsap.ui.unified.MenuItem{\"propertyName\":\"text\",\"key\":\"standardEntry\"}"}]}
RESULT: {"script":"<script> [1562 bytes]","args":[{"selector":{"controlType":"sap.ui.unified.MenuItem","viewName":"etm.portal.ui.managerequests.view.NewRequest","i18NText":{"propertyName":"text","key":"standardEntry"},"searchOpenDialogs":true,"interaction":{"idSuffix":"txt"}},"wdio_ui5_key":"etmportal.ui.managerequests.view.NewRequestsap.ui.unified.MenuItem{\"propertyName\":\"text\",\"key\":\"standardEntry\"}"}]}
RESULT: undefined
COMMAND: POST /session/5ddd57591a494e04841521b2f73ce0e1/element - {"using":"xpath","value":"//*[@id=\"__item2539\"]"}
RESULT: {"using":"xpath","value":"//*[@id=\"__item2539\"]"}
COMMAND: POST /session/5ddd57591a494e04841521b2f73ce0e1/element/f.76BD0702E8726841DC63080813E8F96A.d.73BEE8DFA6A429C9C4D01528D3E19FBB.e.5945/click - {}
RESULT: {}
COMMAND: GET /session/5ddd57591a494e04841521b2f73ce0e1/screenshot - {}
RESULT: {}
RESULT: undefined
COMMAND: POST /session/5ddd57591a494e04841521b2f73ce0e1/element - {"using":"xpath","value":"//*[@id=\"__xmlview61--btnAddTableRow-img\"]"}
RESULT: {"using":"xpath","value":"//*[@id=\"__xmlview61--btnAddTableRow-img\"]"}
COMMAND: POST /session/5ddd57591a494e04841521b2f73ce0e1/element/f.76BD0702E8726841DC63080813E8F96A.d.73BEE8DFA6A429C9C4D01528D3E19FBB.e.5941/click - {}
RESULT: {}
COMMAND: GET /session/5ddd57591a494e04841521b2f73ce0e1/screenshot - {}
RESULT: {}
RESULT: undefined
COMMAND: POST /session/5ddd57591a494e04841521b2f73ce0e1/element - {"using":"xpath","value":"//*[@id=\"__item2539\"]"}
RESULT: {"using":"xpath","value":"//*[@id=\"__item2539\"]"}
COMMAND: POST /session/5ddd57591a494e04841521b2f73ce0e1/element/f.76BD0702E8726841DC63080813E8F96A.d.73BEE8DFA6A429C9C4D01528D3E19FBB.e.5957/click - {}
RESULT: {}
COMMAND: GET /session/5ddd57591a494e04841521b2f73ce0e1/screenshot - {}
RESULT: {}
COMMAND: POST /session/5ddd57591a494e04841521b2f73ce0e1/element - {"using":"xpath","value":"(//input[contains(@id ,\"requestItemsTable-0-inner\")])[1]"}
RESULT: {"using":"xpath","value":"(//input[contains(@id ,\"requestItemsTable-0-inner\")])[1]"}
COMMAND: POST /session/5ddd57591a494e04841521b2f73ce0e1/element/f.76BD0702E8726841DC63080813E8F96A.d.73BEE8DFA6A429C9C4D01528D3E19FBB.e.5947/clear - {}
RESULT: {}
COMMAND: POST /session/5ddd57591a494e04841521b2f73ce0e1/element/f.76BD0702E8726841DC63080813E8F96A.d.73BEE8DFA6A429C9C4D01528D3E19FBB.e.5947/value - {"text":"catalogItemz5wv3"}
COMMAND: GET /session/5ddd57591a494e04841521b2f73ce0e1/screenshot - {}
RESULT: {"text":"catalogItemz5wv3"}
COMMAND: GET /session/5ddd57591a494e04841521b2f73ce0e1/screenshot - {}
RESULT: {}
RESULT: {}
COMMAND: POST /session/5ddd57591a494e04841521b2f73ce0e1/actions - {"actions":[{"id":"action25","type":"key","parameters":{},"actions":[{"type":"keyDown","value":"î€‡"},{"type":"pause","duration":10},{"type":"keyUp","value":"î€‡"}]}]}
RESULT: {"actions":[{"id":"action25","type":"key","parameters":{},"actions":[{"type":"keyDown","value":"î€‡"},{"type":"pause","duration":10},{"type":"keyUp","value":"î€‡"}]}]}
COMMAND: POST /session/5ddd57591a494e04841521b2f73ce0e1/element - {"using":"xpath","value":"(//input[contains(@id ,\"requestItemsTable-1-inner\")])[1]"}
COMMAND: GET /session/5ddd57591a494e04841521b2f73ce0e1/screenshot - {}
RESULT: {}
RESULT: {"using":"xpath","value":"(//input[contains(@id ,\"requestItemsTable-1-inner\")])[1]"}
COMMAND: POST /session/5ddd57591a494e04841521b2f73ce0e1/element/f.76BD0702E8726841DC63080813E8F96A.d.73BEE8DFA6A429C9C4D01528D3E19FBB.e.5959/clear - {}
RESULT: {}
COMMAND: POST /session/5ddd57591a494e04841521b2f73ce0e1/element/f.76BD0702E8726841DC63080813E8F96A.d.73BEE8DFA6A429C9C4D01528D3E19FBB.e.5959/value - {"text":"catalogItemz5wv3"}
COMMAND: GET /session/5ddd57591a494e04841521b2f73ce0e1/screenshot - {}
RESULT: {"text":"catalogItemz5wv3"}
COMMAND: GET /session/5ddd57591a494e04841521b2f73ce0e1/screenshot - {}
RESULT: {}
RESULT: {}
COMMAND: POST /session/5ddd57591a494e04841521b2f73ce0e1/actions - {"actions":[{"id":"action26","type":"key","parameters":{},"actions":[{"type":"keyDown","value":"î€‡"},{"type":"pause","duration":10},{"type":"keyUp","value":"î€‡"}]}]}
RESULT: {"actions":[{"id":"action26","type":"key","parameters":{},"actions":[{"type":"keyDown","value":"î€‡"},{"type":"pause","duration":10},{"type":"keyUp","value":"î€‡"}]}]}
COMMAND: GET /session/5ddd57591a494e04841521b2f73ce0e1/screenshot - {}
RESULT: {}
COMMAND: POST /session/5ddd57591a494e04841521b2f73ce0e1/execute/async - {"script":"<script> [1562 bytes]","args":[{"selector":{"controlType":"sap.ui.core.Icon","viewName":"etm.portal.ui.managerequests.view.NewRequest","properties":{"src":{"regex":{"source":"slim\\-arrow\\-down"}}},"ancestor":{"controlType":"sap.m.Button","viewName":"etm.portal.ui.managerequests.view.NewRequest","properties":{"icon":"sap-icon://slim-arrow-down"}}},"wdio_ui5_key":"etmportal.ui.managerequests.view.NewRequestsap.ui.core.Icon{\"src\":{\"regex\":{\"source\":\"slim\\\\-arrow\\\\-down\"}}}{\"controlType\":\"sap.m.Button\",\"viewName\":\"etm.portal.ui.managerequests.view.NewRequest\",\"properties\":{\"icon\":\"sap-icon://slim-arrow-down\"}}"}]}
RESULT: {"script":"<script> [1562 bytes]","args":[{"selector":{"controlType":"sap.ui.core.Icon","viewName":"etm.portal.ui.managerequests.view.NewRequest","properties":{"src":{"regex":{"source":"slim\\-arrow\\-down"}}},"ancestor":{"controlType":"sap.m.Button","viewName":"etm.portal.ui.managerequests.view.NewRequest","properties":{"icon":"sap-icon://slim-arrow-down"}}},"wdio_ui5_key":"etmportal.ui.managerequests.view.NewRequestsap.ui.core.Icon{\"src\":{\"regex\":{\"source\":\"slim\\\\-arrow\\\\-down\"}}}{\"controlType\":\"sap.m.Button\",\"viewName\":\"etm.portal.ui.managerequests.view.NewRequest\",\"properties\":{\"icon\":\"sap-icon://slim-arrow-down\"}}"}]}
RESULT: undefined
COMMAND: POST /session/5ddd57591a494e04841521b2f73ce0e1/element - {"using":"xpath","value":"//*[@id=\"__title47-expandBtn-img\"]"}
RESULT: {"using":"xpath","value":"//*[@id=\"__title47-expandBtn-img\"]"}
COMMAND: POST /session/5ddd57591a494e04841521b2f73ce0e1/element/f.76BD0702E8726841DC63080813E8F96A.d.73BEE8DFA6A429C9C4D01528D3E19FBB.e.5979/click - {}
RESULT: {}
COMMAND: POST /session/5ddd57591a494e04841521b2f73ce0e1/element - {"using":"xpath","value":"//div[contains(@data-kt ,\"splitAllocationObjectStatus\")]"}
COMMAND: GET /session/5ddd57591a494e04841521b2f73ce0e1/screenshot - {}
RESULT: {"using":"xpath","value":"//div[contains(@data-kt ,\"splitAllocationObjectStatus\")]"}
COMMAND: POST /session/5ddd57591a494e04841521b2f73ce0e1/elements - {"using":"xpath","value":"//div[contains(@data-kt ,\"splitAllocationObjectStatus\")]"}
RESULT: {}
RESULT: {"using":"xpath","value":"//div[contains(@data-kt ,\"splitAllocationObjectStatus\")]"}
COMMAND: POST /session/5ddd57591a494e04841521b2f73ce0e1/execute/async - {"script":"<script> [1562 bytes]","args":[{"selector":{"controlType":"sap.ui.core.Icon","viewName":"etm.portal.ui.managerequests.view.NewRequest","properties":{"src":{"regex":{"source":"message\\-error"}}},"ancestor":{"controlType":"sap.m.ColumnListItem","viewName":"etm.portal.ui.managerequests.view.NewRequest","bindingPath":{"modelName":"newRequestItems","path":"/RequestItems/0"},"ancestor":{"id":"requestItemsTable","viewName":"etm.portal.ui.managerequests.view.NewRequest"}}},"wdio_ui5_key":"etmportal.ui.managerequests.view.NewRequestsap.ui.core.Icon{\"src\":{\"regex\":{\"source\":\"message\\\\-error\"}}}{\"controlType\":\"sap.m.ColumnListItem\",\"viewName\":\"etm.portal.ui.managerequests.view.NewRequest\",\"bindingPath\":{\"modelName\":\"newRequestItems\",\"path\":\"/RequestItems/0\"},\"ancestor\":{\"id\":\"requestItemsTable\",\"viewName\":\"etm.portal.ui.managerequests.view.NewRequest\"}}"}]}
RESULT: {"script":"<script> [1562 bytes]","args":[{"selector":{"controlType":"sap.ui.core.Icon","viewName":"etm.portal.ui.managerequests.view.NewRequest","properties":{"src":{"regex":{"source":"message\\-error"}}},"ancestor":{"controlType":"sap.m.ColumnListItem","viewName":"etm.portal.ui.managerequests.view.NewRequest","bindingPath":{"modelName":"newRequestItems","path":"/RequestItems/0"},"ancestor":{"id":"requestItemsTable","viewName":"etm.portal.ui.managerequests.view.NewRequest"}}},"wdio_ui5_key":"etmportal.ui.managerequests.view.NewRequestsap.ui.core.Icon{\"src\":{\"regex\":{\"source\":\"message\\\\-error\"}}}{\"controlType\":\"sap.m.ColumnListItem\",\"viewName\":\"etm.portal.ui.managerequests.view.NewRequest\",\"bindingPath\":{\"modelName\":\"newRequestItems\",\"path\":\"/RequestItems/0\"},\"ancestor\":{\"id\":\"requestItemsTable\",\"viewName\":\"etm.portal.ui.managerequests.view.NewRequest\"}}"}]}
RESULT: undefined
COMMAND: POST /session/5ddd57591a494e04841521b2f73ce0e1/element - {"using":"xpath","value":"//*[@id=\"__status15-__xmlview61--requestItemsTable-0-icon\"]"}
RESULT: {"using":"xpath","value":"//*[@id=\"__status15-__xmlview61--requestItemsTable-0-icon\"]"}
COMMAND: POST /session/5ddd57591a494e04841521b2f73ce0e1/element/f.76BD0702E8726841DC63080813E8F96A.d.73BEE8DFA6A429C9C4D01528D3E19FBB.e.5984/click - {}
RESULT: {}
COMMAND: GET /session/5ddd57591a494e04841521b2f73ce0e1/screenshot - {}
RESULT: {}
COMMAND: POST /session/5ddd57591a494e04841521b2f73ce0e1/execute/async - {"script":"<script> [1562 bytes]","args":[{"selector":{"id":"costObjectAdminTypeComboBox","viewName":"etm.portal.ui.managerequests.view.NewRequest","searchOpenDialogs":true,"interaction":{"idSuffix":"inner"}},"wdio_ui5_key":"costObjectAdminTypeComboBoxetmportal.ui.managerequests.view.NewRequest"}]}
RESULT: {"script":"<script> [1562 bytes]","args":[{"selector":{"id":"costObjectAdminTypeComboBox","viewName":"etm.portal.ui.managerequests.view.NewRequest","searchOpenDialogs":true,"interaction":{"idSuffix":"inner"}},"wdio_ui5_key":"costObjectAdminTypeComboBoxetmportal.ui.managerequests.view.NewRequest"}]}
RESULT: undefined
COMMAND: POST /session/5ddd57591a494e04841521b2f73ce0e1/execute/async - {"script":"<script> [776 bytes]","args":[{"enterText":"Cost Center","selector":{"id":"costObjectAdminTypeComboBox","viewName":"etm.portal.ui.managerequests.view.NewRequest","searchOpenDialogs":true,"interaction":{"idSuffix":"inner"}},"clearTextFirst":true,"interactionType":"ENTER_TEXT"}]}
RESULT: {"script":"<script> [776 bytes]","args":[{"enterText":"Cost Center","selector":{"id":"costObjectAdminTypeComboBox","viewName":"etm.portal.ui.managerequests.view.NewRequest","searchOpenDialogs":true,"interaction":{"idSuffix":"inner"}},"clearTextFirst":true,"interactionType":"ENTER_TEXT"}]}
COMMAND: POST /session/5ddd57591a494e04841521b2f73ce0e1/actions - {"actions":[{"id":"action27","type":"key","parameters":{},"actions":[{"type":"keyDown","value":"î€‡"},{"type":"pause","duration":10},{"type":"keyUp","value":"î€‡"}]}]}
RESULT: {"actions":[{"id":"action27","type":"key","parameters":{},"actions":[{"type":"keyDown","value":"î€‡"},{"type":"pause","duration":10},{"type":"keyUp","value":"î€‡"}]}]}
COMMAND: GET /session/5ddd57591a494e04841521b2f73ce0e1/screenshot - {}
RESULT: {}
COMMAND: POST /session/5ddd57591a494e04841521b2f73ce0e1/execute/async - {"script":"<script> [1562 bytes]","args":[{"selector":{"controlType":"sap.ui.core.Icon","viewName":"etm.portal.ui.managerequests.view.NewRequest","properties":{"src":{"regex":{"source":"value\\-help"}}},"searchOpenDialogs":true},"wdio_ui5_key":"etmportal.ui.managerequests.view.NewRequestsap.ui.core.Icon{\"src\":{\"regex\":{\"source\":\"value\\\\-help\"}}}"}]}
RESULT: {"script":"<script> [1562 bytes]","args":[{"selector":{"controlType":"sap.ui.core.Icon","viewName":"etm.portal.ui.managerequests.view.NewRequest","properties":{"src":{"regex":{"source":"value\\-help"}}},"searchOpenDialogs":true},"wdio_ui5_key":"etmportal.ui.managerequests.view.NewRequestsap.ui.core.Icon{\"src\":{\"regex\":{\"source\":\"value\\\\-help\"}}}"}]}
RESULT: undefined
COMMAND: POST /session/5ddd57591a494e04841521b2f73ce0e1/element - {"using":"xpath","value":"//*[@id=\"__xmlview61--costObjectIdComboBox-vhi\"]"}
RESULT: {"using":"xpath","value":"//*[@id=\"__xmlview61--costObjectIdComboBox-vhi\"]"}
COMMAND: POST /session/5ddd57591a494e04841521b2f73ce0e1/element/f.76BD0702E8726841DC63080813E8F96A.d.73BEE8DFA6A429C9C4D01528D3E19FBB.e.5998/click - {}
RESULT: {}
COMMAND: POST /session/5ddd57591a494e04841521b2f73ce0e1/execute/async - {"script":"<script> [1562 bytes]","args":[{"selector":{"controlType":"sap.m.SearchField","properties":{"placeholder":"Search"},"searchOpenDialogs":true,"interaction":{"idSuffix":"I"}},"wdio_ui5_key":"sapm.SearchField{\"placeholder\":\"Search\"}"}]}
COMMAND: GET /session/5ddd57591a494e04841521b2f73ce0e1/screenshot - {}
RESULT: {"script":"<script> [1562 bytes]","args":[{"selector":{"controlType":"sap.m.SearchField","properties":{"placeholder":"Search"},"searchOpenDialogs":true,"interaction":{"idSuffix":"I"}},"wdio_ui5_key":"sapm.SearchField{\"placeholder\":\"Search\"}"}]}
RESULT: undefined
COMMAND: POST /session/5ddd57591a494e04841521b2f73ce0e1/execute/async - {"script":"<script> [776 bytes]","args":[{"enterText":"10001013","selector":{"controlType":"sap.m.SearchField","properties":{"placeholder":"Search"},"searchOpenDialogs":true,"interaction":{"idSuffix":"I"}},"clearTextFirst":true,"interactionType":"ENTER_TEXT"}]}
RESULT: {}
RESULT: {"script":"<script> [776 bytes]","args":[{"enterText":"10001013","selector":{"controlType":"sap.m.SearchField","properties":{"placeholder":"Search"},"searchOpenDialogs":true,"interaction":{"idSuffix":"I"}},"clearTextFirst":true,"interactionType":"ENTER_TEXT"}]}
COMMAND: POST /session/5ddd57591a494e04841521b2f73ce0e1/actions - {"actions":[{"id":"action28","type":"key","parameters":{},"actions":[{"type":"keyDown","value":"î€‡"},{"type":"pause","duration":10},{"type":"keyUp","value":"î€‡"}]}]}
RESULT: {"actions":[{"id":"action28","type":"key","parameters":{},"actions":[{"type":"keyDown","value":"î€‡"},{"type":"pause","duration":10},{"type":"keyUp","value":"î€‡"}]}]}
COMMAND: GET /session/5ddd57591a494e04841521b2f73ce0e1/screenshot - {}
RESULT: {}
COMMAND: POST /session/5ddd57591a494e04841521b2f73ce0e1/element - {"using":"xpath","value":"//span[contains(text(), \"General Management\")]"}
RESULT: {"using":"xpath","value":"//span[contains(text(), \"General Management\")]"}
COMMAND: POST /session/5ddd57591a494e04841521b2f73ce0e1/element/f.76BD0702E8726841DC63080813E8F96A.d.73BEE8DFA6A429C9C4D01528D3E19FBB.e.6038/click - {}
RESULT: {}
COMMAND: GET /session/5ddd57591a494e04841521b2f73ce0e1/screenshot - {}
RESULT: {}
COMMAND: POST /session/5ddd57591a494e04841521b2f73ce0e1/element - {"using":"xpath","value":"//bdi[contains(text(), \"OK\")]"}
RESULT: {"using":"xpath","value":"//bdi[contains(text(), \"OK\")]"}
COMMAND: POST /session/5ddd57591a494e04841521b2f73ce0e1/element/f.76BD0702E8726841DC63080813E8F96A.d.73BEE8DFA6A429C9C4D01528D3E19FBB.e.6039/click - {}
RESULT: {}
COMMAND: GET /session/5ddd57591a494e04841521b2f73ce0e1/screenshot - {}
RESULT: {}
COMMAND: POST /session/5ddd57591a494e04841521b2f73ce0e1/element - {"using":"xpath","value":"(//bdi[contains(@id ,\"BDI-content\")][contains(text(), \"Save\")])[1]"}
RESULT: {"using":"xpath","value":"(//bdi[contains(@id ,\"BDI-content\")][contains(text(), \"Save\")])[1]"}
COMMAND: POST /session/5ddd57591a494e04841521b2f73ce0e1/element/f.76BD0702E8726841DC63080813E8F96A.d.73BEE8DFA6A429C9C4D01528D3E19FBB.e.6043/click - {}
RESULT: {}
COMMAND: GET /session/5ddd57591a494e04841521b2f73ce0e1/screenshot - {}
RESULT: {}
COMMAND: POST /session/5ddd57591a494e04841521b2f73ce0e1/execute/async - {"script":"<script> [1562 bytes]","args":[{"selector":{"controlType":"sap.ui.core.Icon","viewName":"etm.portal.ui.managerequests.view.NewRequest","properties":{"src":{"regex":{"source":"message\\-error"}}},"ancestor":{"controlType":"sap.m.ColumnListItem","viewName":"etm.portal.ui.managerequests.view.NewRequest","bindingPath":{"modelName":"newRequestItems","path":"/RequestItems/1"},"ancestor":{"id":"requestItemsTable","viewName":"etm.portal.ui.managerequests.view.NewRequest"}}},"wdio_ui5_key":"etmportal.ui.managerequests.view.NewRequestsap.ui.core.Icon{\"src\":{\"regex\":{\"source\":\"message\\\\-error\"}}}{\"controlType\":\"sap.m.ColumnListItem\",\"viewName\":\"etm.portal.ui.managerequests.view.NewRequest\",\"bindingPath\":{\"modelName\":\"newRequestItems\",\"path\":\"/RequestItems/1\"},\"ancestor\":{\"id\":\"requestItemsTable\",\"viewName\":\"etm.portal.ui.managerequests.view.NewRequest\"}}"}]}
RESULT: {"script":"<script> [1562 bytes]","args":[{"selector":{"controlType":"sap.ui.core.Icon","viewName":"etm.portal.ui.managerequests.view.NewRequest","properties":{"src":{"regex":{"source":"message\\-error"}}},"ancestor":{"controlType":"sap.m.ColumnListItem","viewName":"etm.portal.ui.managerequests.view.NewRequest","bindingPath":{"modelName":"newRequestItems","path":"/RequestItems/1"},"ancestor":{"id":"requestItemsTable","viewName":"etm.portal.ui.managerequests.view.NewRequest"}}},"wdio_ui5_key":"etmportal.ui.managerequests.view.NewRequestsap.ui.core.Icon{\"src\":{\"regex\":{\"source\":\"message\\\\-error\"}}}{\"controlType\":\"sap.m.ColumnListItem\",\"viewName\":\"etm.portal.ui.managerequests.view.NewRequest\",\"bindingPath\":{\"modelName\":\"newRequestItems\",\"path\":\"/RequestItems/1\"},\"ancestor\":{\"id\":\"requestItemsTable\",\"viewName\":\"etm.portal.ui.managerequests.view.NewRequest\"}}"}]}
RESULT: undefined
COMMAND: POST /session/5ddd57591a494e04841521b2f73ce0e1/element - {"using":"xpath","value":"//*[@id=\"__status15-__xmlview61--requestItemsTable-1-icon\"]"}
RESULT: {"using":"xpath","value":"//*[@id=\"__status15-__xmlview61--requestItemsTable-1-icon\"]"}
COMMAND: POST /session/5ddd57591a494e04841521b2f73ce0e1/element/f.76BD0702E8726841DC63080813E8F96A.d.73BEE8DFA6A429C9C4D01528D3E19FBB.e.6046/click - {}
RESULT: {}
COMMAND: GET /session/5ddd57591a494e04841521b2f73ce0e1/screenshot - {}
RESULT: {}
RESULT: undefined
COMMAND: POST /session/5ddd57591a494e04841521b2f73ce0e1/execute/async - {"script":"<script> [776 bytes]","args":[{"enterText":"Cost Center","selector":{"id":"costObjectAdminTypeComboBox","viewName":"etm.portal.ui.managerequests.view.NewRequest","searchOpenDialogs":true,"interaction":{"idSuffix":"inner"}},"clearTextFirst":true,"interactionType":"ENTER_TEXT"}]}
RESULT: {"script":"<script> [776 bytes]","args":[{"enterText":"Cost Center","selector":{"id":"costObjectAdminTypeComboBox","viewName":"etm.portal.ui.managerequests.view.NewRequest","searchOpenDialogs":true,"interaction":{"idSuffix":"inner"}},"clearTextFirst":true,"interactionType":"ENTER_TEXT"}]}
COMMAND: POST /session/5ddd57591a494e04841521b2f73ce0e1/actions - {"actions":[{"id":"action29","type":"key","parameters":{},"actions":[{"type":"keyDown","value":"î€‡"},{"type":"pause","duration":10},{"type":"keyUp","value":"î€‡"}]}]}
RESULT: {"actions":[{"id":"action29","type":"key","parameters":{},"actions":[{"type":"keyDown","value":"î€‡"},{"type":"pause","duration":10},{"type":"keyUp","value":"î€‡"}]}]}
COMMAND: GET /session/5ddd57591a494e04841521b2f73ce0e1/screenshot - {}
RESULT: {}
RESULT: undefined
COMMAND: POST /session/5ddd57591a494e04841521b2f73ce0e1/element - {"using":"xpath","value":"//*[@id=\"__xmlview61--costObjectIdComboBox-vhi\"]"}
RESULT: {"using":"xpath","value":"//*[@id=\"__xmlview61--costObjectIdComboBox-vhi\"]"}
COMMAND: POST /session/5ddd57591a494e04841521b2f73ce0e1/element/f.76BD0702E8726841DC63080813E8F96A.d.73BEE8DFA6A429C9C4D01528D3E19FBB.e.6056/click - {}
RESULT: {}
RESULT: undefined
COMMAND: POST /session/5ddd57591a494e04841521b2f73ce0e1/execute/async - {"script":"<script> [776 bytes]","args":[{"enterText":"10001013","selector":{"controlType":"sap.m.SearchField","properties":{"placeholder":"Search"},"searchOpenDialogs":true,"interaction":{"idSuffix":"I"}},"clearTextFirst":true,"interactionType":"ENTER_TEXT"}]}
COMMAND: GET /session/5ddd57591a494e04841521b2f73ce0e1/screenshot - {}
RESULT: {"script":"<script> [776 bytes]","args":[{"enterText":"10001013","selector":{"controlType":"sap.m.SearchField","properties":{"placeholder":"Search"},"searchOpenDialogs":true,"interaction":{"idSuffix":"I"}},"clearTextFirst":true,"interactionType":"ENTER_TEXT"}]}
COMMAND: POST /session/5ddd57591a494e04841521b2f73ce0e1/actions - {"actions":[{"id":"action30","type":"key","parameters":{},"actions":[{"type":"keyDown","value":"î€‡"},{"type":"pause","duration":10},{"type":"keyUp","value":"î€‡"}]}]}
RESULT: {}
RESULT: {"actions":[{"id":"action30","type":"key","parameters":{},"actions":[{"type":"keyDown","value":"î€‡"},{"type":"pause","duration":10},{"type":"keyUp","value":"î€‡"}]}]}
COMMAND: GET /session/5ddd57591a494e04841521b2f73ce0e1/screenshot - {}
RESULT: {}
COMMAND: POST /session/5ddd57591a494e04841521b2f73ce0e1/element - {"using":"xpath","value":"//span[contains(text(), \"General Management\")]"}
RESULT: {"using":"xpath","value":"//span[contains(text(), \"General Management\")]"}
COMMAND: POST /session/5ddd57591a494e04841521b2f73ce0e1/element/f.76BD0702E8726841DC63080813E8F96A.d.73BEE8DFA6A429C9C4D01528D3E19FBB.e.6095/click - {}
RESULT: {}
COMMAND: GET /session/5ddd57591a494e04841521b2f73ce0e1/screenshot - {}
RESULT: {}
COMMAND: POST /session/5ddd57591a494e04841521b2f73ce0e1/element - {"using":"xpath","value":"//bdi[contains(text(), \"OK\")]"}
RESULT: {"using":"xpath","value":"//bdi[contains(text(), \"OK\")]"}
COMMAND: POST /session/5ddd57591a494e04841521b2f73ce0e1/element/f.76BD0702E8726841DC63080813E8F96A.d.73BEE8DFA6A429C9C4D01528D3E19FBB.e.6096/click - {}
RESULT: {}
COMMAND: GET /session/5ddd57591a494e04841521b2f73ce0e1/screenshot - {}
RESULT: {}
COMMAND: POST /session/5ddd57591a494e04841521b2f73ce0e1/element - {"using":"xpath","value":"(//bdi[contains(@id ,\"BDI-content\")][contains(text(), \"Save\")])[1]"}
RESULT: {"using":"xpath","value":"(//bdi[contains(@id ,\"BDI-content\")][contains(text(), \"Save\")])[1]"}
COMMAND: POST /session/5ddd57591a494e04841521b2f73ce0e1/element/f.76BD0702E8726841DC63080813E8F96A.d.73BEE8DFA6A429C9C4D01528D3E19FBB.e.6100/click - {}
RESULT: {}
COMMAND: GET /session/5ddd57591a494e04841521b2f73ce0e1/screenshot - {}
RESULT: {}
COMMAND: POST /session/5ddd57591a494e04841521b2f73ce0e1/execute/async - {"script":"<script> [1562 bytes]","args":[{"selector":{"controlType":"sap.m.Button","viewName":"etm.portal.ui.managerequests.view.NewRequest","i18NText":{"propertyName":"tooltip","key":"save"},"interaction":{"idSuffix":"content"}},"wdio_ui5_key":"etmportal.ui.managerequests.view.NewRequestsap.m.Button{\"propertyName\":\"tooltip\",\"key\":\"save\"}"}]}
RESULT: {"script":"<script> [1562 bytes]","args":[{"selector":{"controlType":"sap.m.Button","viewName":"etm.portal.ui.managerequests.view.NewRequest","i18NText":{"propertyName":"tooltip","key":"save"},"interaction":{"idSuffix":"content"}},"wdio_ui5_key":"etmportal.ui.managerequests.view.NewRequestsap.m.Button{\"propertyName\":\"tooltip\",\"key\":\"save\"}"}]}
RESULT: undefined
COMMAND: POST /session/5ddd57591a494e04841521b2f73ce0e1/element - {"using":"xpath","value":"//*[@id=\"__button107\"]"}
RESULT: {"using":"xpath","value":"//*[@id=\"__button107\"]"}
COMMAND: POST /session/5ddd57591a494e04841521b2f73ce0e1/element/f.76BD0702E8726841DC63080813E8F96A.d.73BEE8DFA6A429C9C4D01528D3E19FBB.e.5871/click - {}
RESULT: {}
COMMAND: GET /session/5ddd57591a494e04841521b2f73ce0e1/screenshot - {}
RESULT: {}
COMMAND: POST /session/5ddd57591a494e04841521b2f73ce0e1/execute/async - {"script":"<script> [1562 bytes]","args":[{"selector":{"controlType":"sap.m.Title","properties":{"text":"Success"},"searchOpenDialogs":true},"wdio_ui5_key":"sapm.Title{\"text\":\"Success\"}"}]}
RESULT: {"script":"<script> [1562 bytes]","args":[{"selector":{"controlType":"sap.m.Title","properties":{"text":"Success"},"searchOpenDialogs":true},"wdio_ui5_key":"sapm.Title{\"text\":\"Success\"}"}]}
RESULT: undefined
COMMAND: POST /session/5ddd57591a494e04841521b2f73ce0e1/execute/async - {"script":"<script> [6424 bytes]","args":[{"element-6066-11e4-a52e-4f735466cecf":"f.76BD0702E8726841DC63080813E8F96A.d.73BEE8DFA6A429C9C4D01528D3E19FBB.e.6106"},"getText",[]]}
RESULT: {"script":"<script> [6424 bytes]","args":[{"element-6066-11e4-a52e-4f735466cecf":"f.76BD0702E8726841DC63080813E8F96A.d.73BEE8DFA6A429C9C4D01528D3E19FBB.e.6106"},"getText",[]]}
COMMAND: POST /session/5ddd57591a494e04841521b2f73ce0e1/execute/async - {"script":"<script> [1562 bytes]","args":[{"selector":{"controlType":"sap.m.Button","properties":{"text":"Close"},"searchOpenDialogs":true,"interaction":{"idSuffix":"BDI-content"}},"wdio_ui5_key":"sapm.Button{\"text\":\"Close\"}"}]}
RESULT: {"script":"<script> [1562 bytes]","args":[{"selector":{"controlType":"sap.m.Button","properties":{"text":"Close"},"searchOpenDialogs":true,"interaction":{"idSuffix":"BDI-content"}},"wdio_ui5_key":"sapm.Button{\"text\":\"Close\"}"}]}
RESULT: undefined
COMMAND: POST /session/5ddd57591a494e04841521b2f73ce0e1/element - {"using":"xpath","value":"//*[@id=\"__mbox-btn-4\"]"}
RESULT: {"using":"xpath","value":"//*[@id=\"__mbox-btn-4\"]"}
COMMAND: POST /session/5ddd57591a494e04841521b2f73ce0e1/element/f.76BD0702E8726841DC63080813E8F96A.d.73BEE8DFA6A429C9C4D01528D3E19FBB.e.6105/click - {}
RESULT: {}
COMMAND: GET /session/5ddd57591a494e04841521b2f73ce0e1/screenshot - {}
RESULT: {}
COMMAND: POST /session/5ddd57591a494e04841521b2f73ce0e1/execute/async - {"script":"<script> [1562 bytes]","args":[{"selector":{"controlType":"sap.m.Text","viewName":"etm.portal.ui.managerequests.view.Detail","bindingPath":{"propertyPath":"NO","modelName":"catalogModel"}},"wdio_ui5_key":"etmportal.ui.managerequests.view.Detailsap.m.Text{\"propertyPath\":\"NO\",\"modelName\":\"catalogModel\"}"}]}
RESULT: {"script":"<script> [1562 bytes]","args":[{"selector":{"controlType":"sap.m.Text","viewName":"etm.portal.ui.managerequests.view.Detail","bindingPath":{"propertyPath":"NO","modelName":"catalogModel"}},"wdio_ui5_key":"etmportal.ui.managerequests.view.Detailsap.m.Text{\"propertyPath\":\"NO\",\"modelName\":\"catalogModel\"}"}]}
RESULT: undefined
COMMAND: POST /session/5ddd57591a494e04841521b2f73ce0e1/execute/async - {"script":"<script> [6424 bytes]","args":[{"element-6066-11e4-a52e-4f735466cecf":"f.76BD0702E8726841DC63080813E8F96A.d.73BEE8DFA6A429C9C4D01528D3E19FBB.e.6235"},"getText",[]]}
RESULT: {"script":"<script> [6424 bytes]","args":[{"element-6066-11e4-a52e-4f735466cecf":"f.76BD0702E8726841DC63080813E8F96A.d.73BEE8DFA6A429C9C4D01528D3E19FBB.e.6235"},"getText",[]]}
COMMAND: POST /session/5ddd57591a494e04841521b2f73ce0e1/execute/async - {"script":"<script> [1562 bytes]","args":[{"selector":{"controlType":"sap.ui.core.Icon","viewName":"etm.portal.ui.managerequests.view.Detail","properties":{"src":{"regex":{"source":"date\\-time"}}},"ancestor":{"controlType":"sap.m.ColumnListItem","viewName":"etm.portal.ui.managerequests.view.Detail","bindingPath":{"path":"/SmartRequestItemsPlanningBoard(ITEM=10m,REQUEST='20260')"},"ancestor":{"id":"requestItemsTable","viewName":"etm.portal.ui.managerequests.view.Detail"}}},"wdio_ui5_key":"etmportal.ui.managerequests.view.Detailsap.ui.core.Icon{\"src\":{\"regex\":{\"source\":\"date\\\\-time\"}}}{\"controlType\":\"sap.m.ColumnListItem\",\"viewName\":\"etm.portal.ui.managerequests.view.Detail\",\"bindingPath\":{\"path\":\"/SmartRequestItemsPlanningBoard(ITEM=10m,REQUEST='20260')\"},\"ancestor\":{\"id\":\"requestItemsTable\",\"viewName\":\"etm.portal.ui.managerequests.view.Detail\"}}"}]}
RESULT: {"script":"<script> [1562 bytes]","args":[{"selector":{"controlType":"sap.ui.core.Icon","viewName":"etm.portal.ui.managerequests.view.Detail","properties":{"src":{"regex":{"source":"date\\-time"}}},"ancestor":{"controlType":"sap.m.ColumnListItem","viewName":"etm.portal.ui.managerequests.view.Detail","bindingPath":{"path":"/SmartRequestItemsPlanningBoard(ITEM=10m,REQUEST='20260')"},"ancestor":{"id":"requestItemsTable","viewName":"etm.portal.ui.managerequests.view.Detail"}}},"wdio_ui5_key":"etmportal.ui.managerequests.view.Detailsap.ui.core.Icon{\"src\":{\"regex\":{\"source\":\"date\\\\-time\"}}}{\"controlType\":\"sap.m.ColumnListItem\",\"viewName\":\"etm.portal.ui.managerequests.view.Detail\",\"bindingPath\":{\"path\":\"/SmartRequestItemsPlanningBoard(ITEM=10m,REQUEST='20260')\"},\"ancestor\":{\"id\":\"requestItemsTable\",\"viewName\":\"etm.portal.ui.managerequests.view.Detail\"}}"}]}
RESULT: undefined
COMMAND: POST /session/5ddd57591a494e04841521b2f73ce0e1/element - {"using":"xpath","value":"//*[@id=\"__button137-__clone9414-img\"]"}
RESULT: {"using":"xpath","value":"//*[@id=\"__button137-__clone9414-img\"]"}
COMMAND: POST /session/5ddd57591a494e04841521b2f73ce0e1/element/f.76BD0702E8726841DC63080813E8F96A.d.73BEE8DFA6A429C9C4D01528D3E19FBB.e.6236/click - {}
RESULT: {}
COMMAND: POST /session/5ddd57591a494e04841521b2f73ce0e1/execute/async - {"script":"<script> [1562 bytes]","args":[{"selector":{"controlType":"sap.m.Button","viewName":"etm.portal.ui.managerequests.view.Detail","properties":{"text":"Close"},"searchOpenDialogs":true,"interaction":{"idSuffix":"BDI-content"}},"wdio_ui5_key":"etmportal.ui.managerequests.view.Detailsap.m.Button{\"text\":\"Close\"}"}]}
COMMAND: GET /session/5ddd57591a494e04841521b2f73ce0e1/screenshot - {}
RESULT: {"script":"<script> [1562 bytes]","args":[{"selector":{"controlType":"sap.m.Button","viewName":"etm.portal.ui.managerequests.view.Detail","properties":{"text":"Close"},"searchOpenDialogs":true,"interaction":{"idSuffix":"BDI-content"}},"wdio_ui5_key":"etmportal.ui.managerequests.view.Detailsap.m.Button{\"text\":\"Close\"}"}]}
RESULT: undefined
COMMAND: POST /session/5ddd57591a494e04841521b2f73ce0e1/element - {"using":"xpath","value":"//*[@id=\"__button147\"]"}
RESULT: {}
RESULT: {"using":"xpath","value":"//*[@id=\"__button147\"]"}
COMMAND: POST /session/5ddd57591a494e04841521b2f73ce0e1/element/f.76BD0702E8726841DC63080813E8F96A.d.73BEE8DFA6A429C9C4D01528D3E19FBB.e.6239/click - {}
RESULT: {}
COMMAND: POST /session/5ddd57591a494e04841521b2f73ce0e1/execute/async - {"script":"<script> [1562 bytes]","args":[{"selector":{"controlType":"sap.ui.core.Icon","viewName":"etm.portal.ui.managerequests.view.Detail","properties":{"src":{"regex":{"source":"date\\-time"}}},"ancestor":{"controlType":"sap.m.ColumnListItem","viewName":"etm.portal.ui.managerequests.view.Detail","bindingPath":{"path":"/SmartRequestItemsPlanningBoard(ITEM=20m,REQUEST='20260')"},"ancestor":{"id":"requestItemsTable","viewName":"etm.portal.ui.managerequests.view.Detail"}}},"wdio_ui5_key":"etmportal.ui.managerequests.view.Detailsap.ui.core.Icon{\"src\":{\"regex\":{\"source\":\"date\\\\-time\"}}}{\"controlType\":\"sap.m.ColumnListItem\",\"viewName\":\"etm.portal.ui.managerequests.view.Detail\",\"bindingPath\":{\"path\":\"/SmartRequestItemsPlanningBoard(ITEM=20m,REQUEST='20260')\"},\"ancestor\":{\"id\":\"requestItemsTable\",\"viewName\":\"etm.portal.ui.managerequests.view.Detail\"}}"}]}
COMMAND: GET /session/5ddd57591a494e04841521b2f73ce0e1/screenshot - {}
RESULT: {"script":"<script> [1562 bytes]","args":[{"selector":{"controlType":"sap.ui.core.Icon","viewName":"etm.portal.ui.managerequests.view.Detail","properties":{"src":{"regex":{"source":"date\\-time"}}},"ancestor":{"controlType":"sap.m.ColumnListItem","viewName":"etm.portal.ui.managerequests.view.Detail","bindingPath":{"path":"/SmartRequestItemsPlanningBoard(ITEM=20m,REQUEST='20260')"},"ancestor":{"id":"requestItemsTable","viewName":"etm.portal.ui.managerequests.view.Detail"}}},"wdio_ui5_key":"etmportal.ui.managerequests.view.Detailsap.ui.core.Icon{\"src\":{\"regex\":{\"source\":\"date\\\\-time\"}}}{\"controlType\":\"sap.m.ColumnListItem\",\"viewName\":\"etm.portal.ui.managerequests.view.Detail\",\"bindingPath\":{\"path\":\"/SmartRequestItemsPlanningBoard(ITEM=20m,REQUEST='20260')\"},\"ancestor\":{\"id\":\"requestItemsTable\",\"viewName\":\"etm.portal.ui.managerequests.view.Detail\"}}"}]}
RESULT: undefined
COMMAND: POST /session/5ddd57591a494e04841521b2f73ce0e1/element - {"using":"xpath","value":"//*[@id=\"__button137-__clone9415-img\"]"}
RESULT: {}
RESULT: {"using":"xpath","value":"//*[@id=\"__button137-__clone9415-img\"]"}
COMMAND: POST /session/5ddd57591a494e04841521b2f73ce0e1/element/f.76BD0702E8726841DC63080813E8F96A.d.73BEE8DFA6A429C9C4D01528D3E19FBB.e.6246/click - {}
RESULT: {}
RESULT: undefined
COMMAND: POST /session/5ddd57591a494e04841521b2f73ce0e1/element - {"using":"xpath","value":"//*[@id=\"__button147\"]"}
COMMAND: GET /session/5ddd57591a494e04841521b2f73ce0e1/screenshot - {}
RESULT: {"using":"xpath","value":"//*[@id=\"__button147\"]"}
COMMAND: POST /session/5ddd57591a494e04841521b2f73ce0e1/elements - {"using":"xpath","value":"//*[@id=\"__button147\"]"}
RESULT: {}
RESULT: {"using":"xpath","value":"//*[@id=\"__button147\"]"}
COMMAND: POST /session/5ddd57591a494e04841521b2f73ce0e1/element - {"using":"xpath","value":"//*[@id=\"__button147\"]"}
RESULT: {"using":"xpath","value":"//*[@id=\"__button147\"]"}
COMMAND: POST /session/5ddd57591a494e04841521b2f73ce0e1/element/f.76BD0702E8726841DC63080813E8F96A.d.73BEE8DFA6A429C9C4D01528D3E19FBB.e.6263/click - {}
RESULT: {}
COMMAND: POST /session/5ddd57591a494e04841521b2f73ce0e1/element - {"using":"css selector","value":"#shell-header-logo"}
COMMAND: GET /session/5ddd57591a494e04841521b2f73ce0e1/screenshot - {}
RESULT: {"using":"css selector","value":"#shell-header-logo"}
COMMAND: POST /session/5ddd57591a494e04841521b2f73ce0e1/element/f.76BD0702E8726841DC63080813E8F96A.d.73BEE8DFA6A429C9C4D01528D3E19FBB.e.5351/click - {}
RESULT: {}
RESULT: {}
COMMAND: GET /session/5ddd57591a494e04841521b2f73ce0e1/screenshot - {}
RESULT: {}
]]></system-out>
    </testcase>
    <testcase classname="chrome.137_0_7151_56.windows.Standard_contract_-_add_contract_items_by_Insert_Request_US118222" name="Should insert the request into the contract" time="61.136">
      <system-out><![CDATA[
RESULT: undefined
COMMAND: POST /session/5ddd57591a494e04841521b2f73ce0e1/element - {"using":"xpath","value":"//*[@id=\"__tile130\"]"}
RESULT: {"using":"xpath","value":"//*[@id=\"__tile130\"]"}
COMMAND: POST /session/5ddd57591a494e04841521b2f73ce0e1/element/f.76BD0702E8726841DC63080813E8F96A.d.73BEE8DFA6A429C9C4D01528D3E19FBB.e.4875/click - {}
RESULT: {}
COMMAND: GET /session/5ddd57591a494e04841521b2f73ce0e1/screenshot - {}
RESULT: {}
COMMAND: POST /session/5ddd57591a494e04841521b2f73ce0e1/elements - {"using":"xpath","value":"//span[text()='Error']"}
RESULT: {"using":"xpath","value":"//span[text()='Error']"}
COMMAND: POST /session/5ddd57591a494e04841521b2f73ce0e1/execute/async - {"script":"<script> [1562 bytes]","args":[{"selector":{"controlType":"sap.m.SearchField","viewName":"etm.portal.ui.managecontracts.view.Master","bindingPath":{"path":"","propertyPath":"/_BASIC_SEARCH_FIELD","modelName":"fi1t3rM0d31"},"interaction":{"idSuffix":"I"}},"wdio_ui5_key":"etmportal.ui.managecontracts.view.Mastersap.m.SearchField{\"path\":\"\",\"propertyPath\":\"/_BASIC_SEARCH_FIELD\",\"modelName\":\"fi1t3rM0d31\"}"}]}
RESULT: {"script":"<script> [1562 bytes]","args":[{"selector":{"controlType":"sap.m.SearchField","viewName":"etm.portal.ui.managecontracts.view.Master","bindingPath":{"path":"","propertyPath":"/_BASIC_SEARCH_FIELD","modelName":"fi1t3rM0d31"},"interaction":{"idSuffix":"I"}},"wdio_ui5_key":"etmportal.ui.managecontracts.view.Mastersap.m.SearchField{\"path\":\"\",\"propertyPath\":\"/_BASIC_SEARCH_FIELD\",\"modelName\":\"fi1t3rM0d31\"}"}]}
RESULT: undefined
COMMAND: POST /session/5ddd57591a494e04841521b2f73ce0e1/execute/async - {"script":"<script> [776 bytes]","args":[{"enterText":"10456","selector":{"controlType":"sap.m.SearchField","viewName":"etm.portal.ui.managecontracts.view.Master","bindingPath":{"path":"","propertyPath":"/_BASIC_SEARCH_FIELD","modelName":"fi1t3rM0d31"},"interaction":{"idSuffix":"I"}},"clearTextFirst":true,"interactionType":"ENTER_TEXT"}]}
RESULT: {"script":"<script> [776 bytes]","args":[{"enterText":"10456","selector":{"controlType":"sap.m.SearchField","viewName":"etm.portal.ui.managecontracts.view.Master","bindingPath":{"path":"","propertyPath":"/_BASIC_SEARCH_FIELD","modelName":"fi1t3rM0d31"},"interaction":{"idSuffix":"I"}},"clearTextFirst":true,"interactionType":"ENTER_TEXT"}]}
COMMAND: POST /session/5ddd57591a494e04841521b2f73ce0e1/actions - {"actions":[{"id":"action31","type":"key","parameters":{},"actions":[{"type":"keyDown","value":"î€‡"},{"type":"pause","duration":10},{"type":"keyUp","value":"î€‡"}]}]}
RESULT: {"actions":[{"id":"action31","type":"key","parameters":{},"actions":[{"type":"keyDown","value":"î€‡"},{"type":"pause","duration":10},{"type":"keyUp","value":"î€‡"}]}]}
COMMAND: GET /session/5ddd57591a494e04841521b2f73ce0e1/screenshot - {}
COMMAND: POST /session/5ddd57591a494e04841521b2f73ce0e1/execute/async - {"script":"<script> [1562 bytes]","args":[{"selector":{"controlType":"sap.ui.core.Icon","viewName":"etm.portal.ui.managecontracts.view.Master","properties":{"src":{"regex":{"source":"slim\\-arrow\\-right"}}}},"wdio_ui5_key":"etmportal.ui.managecontracts.view.Mastersap.ui.core.Icon{\"src\":{\"regex\":{\"source\":\"slim\\\\-arrow\\\\-right\"}}}"}]}
RESULT: {}
RESULT: {"script":"<script> [1562 bytes]","args":[{"selector":{"controlType":"sap.ui.core.Icon","viewName":"etm.portal.ui.managecontracts.view.Master","properties":{"src":{"regex":{"source":"slim\\-arrow\\-right"}}}},"wdio_ui5_key":"etmportal.ui.managecontracts.view.Mastersap.ui.core.Icon{\"src\":{\"regex\":{\"source\":\"slim\\\\-arrow\\\\-right\"}}}"}]}
RESULT: undefined
COMMAND: POST /session/5ddd57591a494e04841521b2f73ce0e1/element - {"using":"xpath","value":"//*[@id=\"__item2827-__clone9527-imgNav\"]"}
RESULT: {"using":"xpath","value":"//*[@id=\"__item2827-__clone9527-imgNav\"]"}
COMMAND: POST /session/5ddd57591a494e04841521b2f73ce0e1/element/f.76BD0702E8726841DC63080813E8F96A.d.73BEE8DFA6A429C9C4D01528D3E19FBB.e.6376/click - {}
RESULT: {}
COMMAND: POST /session/5ddd57591a494e04841521b2f73ce0e1/execute/async - {"script":"<script> [1562 bytes]","args":[{"selector":{"id":"addRequestItemBtn","viewName":"etm.portal.ui.managecontracts.view.Detail","interaction":{"idSuffix":"BDI-content"}},"wdio_ui5_key":"addRequestItemBtnetmportal.ui.managecontracts.view.Detail"}]}
COMMAND: GET /session/5ddd57591a494e04841521b2f73ce0e1/screenshot - {}
RESULT: {"script":"<script> [1562 bytes]","args":[{"selector":{"id":"addRequestItemBtn","viewName":"etm.portal.ui.managecontracts.view.Detail","interaction":{"idSuffix":"BDI-content"}},"wdio_ui5_key":"addRequestItemBtnetmportal.ui.managecontracts.view.Detail"}]}
RESULT: undefined
COMMAND: POST /session/5ddd57591a494e04841521b2f73ce0e1/element - {"using":"xpath","value":"//*[@id=\"__xmlview64--addRequestItemBtn\"]"}
RESULT: {}
RESULT: {"using":"xpath","value":"//*[@id=\"__xmlview64--addRequestItemBtn\"]"}
COMMAND: POST /session/5ddd57591a494e04841521b2f73ce0e1/element/f.76BD0702E8726841DC63080813E8F96A.d.73BEE8DFA6A429C9C4D01528D3E19FBB.e.6446/click - {}
RESULT: {}
COMMAND: GET /session/5ddd57591a494e04841521b2f73ce0e1/screenshot - {}
RESULT: {}
COMMAND: POST /session/5ddd57591a494e04841521b2f73ce0e1/element - {"using":"xpath","value":"//div[contains(@id ,\"popupRequestTable-sa-CbBg\")]"}
RESULT: {"using":"xpath","value":"//div[contains(@id ,\"popupRequestTable-sa-CbBg\")]"}
COMMAND: POST /session/5ddd57591a494e04841521b2f73ce0e1/element/f.76BD0702E8726841DC63080813E8F96A.d.73BEE8DFA6A429C9C4D01528D3E19FBB.e.6563/click - {}
RESULT: {}
COMMAND: GET /session/5ddd57591a494e04841521b2f73ce0e1/screenshot - {}
RESULT: {}
COMMAND: POST /session/5ddd57591a494e04841521b2f73ce0e1/execute/async - {"script":"<script> [1562 bytes]","args":[{"selector":{"controlType":"sap.m.Button","viewName":"etm.portal.ui.managecontracts.view.Detail","i18NText":{"propertyName":"text","key":"selectionDone"},"searchOpenDialogs":true,"interaction":{"idSuffix":"BDI-content"}},"wdio_ui5_key":"etmportal.ui.managecontracts.view.Detailsap.m.Button{\"propertyName\":\"text\",\"key\":\"selectionDone\"}"}]}
RESULT: {"script":"<script> [1562 bytes]","args":[{"selector":{"controlType":"sap.m.Button","viewName":"etm.portal.ui.managecontracts.view.Detail","i18NText":{"propertyName":"text","key":"selectionDone"},"searchOpenDialogs":true,"interaction":{"idSuffix":"BDI-content"}},"wdio_ui5_key":"etmportal.ui.managecontracts.view.Detailsap.m.Button{\"propertyName\":\"text\",\"key\":\"selectionDone\"}"}]}
RESULT: undefined
COMMAND: POST /session/5ddd57591a494e04841521b2f73ce0e1/element - {"using":"xpath","value":"//*[@id=\"__button158\"]"}
RESULT: {"using":"xpath","value":"//*[@id=\"__button158\"]"}
COMMAND: POST /session/5ddd57591a494e04841521b2f73ce0e1/element/f.76BD0702E8726841DC63080813E8F96A.d.73BEE8DFA6A429C9C4D01528D3E19FBB.e.6565/click - {}
RESULT: {}
COMMAND: POST /session/5ddd57591a494e04841521b2f73ce0e1/execute/async - {"script":"<script> [1562 bytes]","args":[{"selector":{"controlType":"sap.m.Text","properties":{"text":"Started processing request items into the contract."},"searchOpenDialogs":true},"wdio_ui5_key":"sapm.Text{\"text\":\"Started processing request items into the contract.\"}"}]}
COMMAND: GET /session/5ddd57591a494e04841521b2f73ce0e1/screenshot - {}
RESULT: {"script":"<script> [1562 bytes]","args":[{"selector":{"controlType":"sap.m.Text","properties":{"text":"Started processing request items into the contract."},"searchOpenDialogs":true},"wdio_ui5_key":"sapm.Text{\"text\":\"Started processing request items into the contract.\"}"}]}
RESULT: undefined
COMMAND: POST /session/5ddd57591a494e04841521b2f73ce0e1/execute/async - {"script":"<script> [6424 bytes]","args":[{"element-6066-11e4-a52e-4f735466cecf":"f.76BD0702E8726841DC63080813E8F96A.d.73BEE8DFA6A429C9C4D01528D3E19FBB.e.6567"},"getText",[]]}
RESULT: {}
RESULT: {"script":"<script> [6424 bytes]","args":[{"element-6066-11e4-a52e-4f735466cecf":"f.76BD0702E8726841DC63080813E8F96A.d.73BEE8DFA6A429C9C4D01528D3E19FBB.e.6567"},"getText",[]]}
COMMAND: POST /session/5ddd57591a494e04841521b2f73ce0e1/execute/async - {"script":"<script> [1562 bytes]","args":[{"selector":{"controlType":"sap.m.Button","properties":{"text":"OK"},"searchOpenDialogs":true,"interaction":{"idSuffix":"inner"}},"wdio_ui5_key":"sapm.Button{\"text\":\"OK\"}"}]}
RESULT: {"script":"<script> [1562 bytes]","args":[{"selector":{"controlType":"sap.m.Button","properties":{"text":"OK"},"searchOpenDialogs":true,"interaction":{"idSuffix":"inner"}},"wdio_ui5_key":"sapm.Button{\"text\":\"OK\"}"}]}
RESULT: undefined
COMMAND: POST /session/5ddd57591a494e04841521b2f73ce0e1/element - {"using":"xpath","value":"//*[@id=\"__mbox-btn-5\"]"}
RESULT: {"using":"xpath","value":"//*[@id=\"__mbox-btn-5\"]"}
COMMAND: POST /session/5ddd57591a494e04841521b2f73ce0e1/element/f.76BD0702E8726841DC63080813E8F96A.d.73BEE8DFA6A429C9C4D01528D3E19FBB.e.6566/click - {}
RESULT: {}
COMMAND: POST /session/5ddd57591a494e04841521b2f73ce0e1/execute/async - {"script":"<script> [1562 bytes]","args":[{"selector":{"id":"headerBillingItemsTabFilter","viewName":"etm.portal.ui.managecontracts.view.Detail","interaction":{"idSuffix":"text"}},"wdio_ui5_key":"headerBillingItemsTabFilteretmportal.ui.managecontracts.view.Detail"}]}
COMMAND: GET /session/5ddd57591a494e04841521b2f73ce0e1/screenshot - {}
RESULT: {"script":"<script> [1562 bytes]","args":[{"selector":{"id":"headerBillingItemsTabFilter","viewName":"etm.portal.ui.managecontracts.view.Detail","interaction":{"idSuffix":"text"}},"wdio_ui5_key":"headerBillingItemsTabFilteretmportal.ui.managecontracts.view.Detail"}]}
RESULT: undefined
COMMAND: POST /session/5ddd57591a494e04841521b2f73ce0e1/element - {"using":"xpath","value":"//*[@id=\"__xmlview64--headerBillingItemsTabFilter\"]"}
RESULT: {}
RESULT: {"using":"xpath","value":"//*[@id=\"__xmlview64--headerBillingItemsTabFilter\"]"}
COMMAND: POST /session/5ddd57591a494e04841521b2f73ce0e1/element/f.76BD0702E8726841DC63080813E8F96A.d.73BEE8DFA6A429C9C4D01528D3E19FBB.e.6577/click - {}
RESULT: {}
COMMAND: GET /session/5ddd57591a494e04841521b2f73ce0e1/screenshot - {}
RESULT: {}
COMMAND: POST /session/5ddd57591a494e04841521b2f73ce0e1/execute/async - {"script":"<script> [1562 bytes]","args":[{"selector":{"controlType":"sap.ui.core.Icon","viewName":"etm.portal.ui.managecontracts.view.Detail","properties":{"src":{"regex":{"source":"synchronize"}}}},"wdio_ui5_key":"etmportal.ui.managecontracts.view.Detailsap.ui.core.Icon{\"src\":{\"regex\":{\"source\":\"synchronize\"}}}"}]}
RESULT: {"script":"<script> [1562 bytes]","args":[{"selector":{"controlType":"sap.ui.core.Icon","viewName":"etm.portal.ui.managecontracts.view.Detail","properties":{"src":{"regex":{"source":"synchronize"}}}},"wdio_ui5_key":"etmportal.ui.managecontracts.view.Detailsap.ui.core.Icon{\"src\":{\"regex\":{\"source\":\"synchronize\"}}}"}]}
RESULT: undefined
COMMAND: POST /session/5ddd57591a494e04841521b2f73ce0e1/element - {"using":"xpath","value":"//*[@id=\"__xmlview64--btnToggleUpdate-img\"]"}
RESULT: {"using":"xpath","value":"//*[@id=\"__xmlview64--btnToggleUpdate-img\"]"}
COMMAND: POST /session/5ddd57591a494e04841521b2f73ce0e1/element/f.76BD0702E8726841DC63080813E8F96A.d.73BEE8DFA6A429C9C4D01528D3E19FBB.e.6445/click - {}
RESULT: {}
COMMAND: GET /session/5ddd57591a494e04841521b2f73ce0e1/screenshot - {}
RESULT: {}
RESULT: undefined
COMMAND: POST /session/5ddd57591a494e04841521b2f73ce0e1/element - {"using":"xpath","value":"//*[@id=\"__xmlview64--headerBillingItemsTabFilter\"]"}
RESULT: {"using":"xpath","value":"//*[@id=\"__xmlview64--headerBillingItemsTabFilter\"]"}
COMMAND: POST /session/5ddd57591a494e04841521b2f73ce0e1/element/f.76BD0702E8726841DC63080813E8F96A.d.73BEE8DFA6A429C9C4D01528D3E19FBB.e.6577/click - {}
RESULT: {}
COMMAND: POST /session/5ddd57591a494e04841521b2f73ce0e1/execute/async - {"script":"<script> [1562 bytes]","args":[{"selector":{"controlType":"sap.m.Title","viewName":"etm.portal.ui.managecontracts.view.Detail","properties":{"text":"Contract Items (2)"}},"wdio_ui5_key":"etmportal.ui.managecontracts.view.Detailsap.m.Title{\"text\":\"Contract Items (2)\"}"}]}
COMMAND: GET /session/5ddd57591a494e04841521b2f73ce0e1/screenshot - {}
RESULT: {"script":"<script> [1562 bytes]","args":[{"selector":{"controlType":"sap.m.Title","viewName":"etm.portal.ui.managecontracts.view.Detail","properties":{"text":"Contract Items (2)"}},"wdio_ui5_key":"etmportal.ui.managecontracts.view.Detailsap.m.Title{\"text\":\"Contract Items (2)\"}"}]}
RESULT: undefined
COMMAND: POST /session/5ddd57591a494e04841521b2f73ce0e1/execute/async - {"script":"<script> [6424 bytes]","args":[{"element-6066-11e4-a52e-4f735466cecf":"f.76BD0702E8726841DC63080813E8F96A.d.73BEE8DFA6A429C9C4D01528D3E19FBB.e.6585"},"getText",[]]}
RESULT: {}
RESULT: {"script":"<script> [6424 bytes]","args":[{"element-6066-11e4-a52e-4f735466cecf":"f.76BD0702E8726841DC63080813E8F96A.d.73BEE8DFA6A429C9C4D01528D3E19FBB.e.6585"},"getText",[]]}
COMMAND: POST /session/5ddd57591a494e04841521b2f73ce0e1/execute/async - {"script":"<script> [1562 bytes]","args":[{"selector":{"controlType":"sap.m.ObjectStatus","viewName":"etm.portal.ui.managecontracts.view.Detail","bindingPath":{"path":"/SmartContractItems(CONTRACT='10456',ITEM=10m,SUB_ITEM=0m)","propertyPath":"STATUS"}},"wdio_ui5_key":"etmportal.ui.managecontracts.view.Detailsap.m.ObjectStatus{\"path\":\"/SmartContractItems(CONTRACT='10456',ITEM=10m,SUB_ITEM=0m)\",\"propertyPath\":\"STATUS\"}"}]}
RESULT: {"script":"<script> [1562 bytes]","args":[{"selector":{"controlType":"sap.m.ObjectStatus","viewName":"etm.portal.ui.managecontracts.view.Detail","bindingPath":{"path":"/SmartContractItems(CONTRACT='10456',ITEM=10m,SUB_ITEM=0m)","propertyPath":"STATUS"}},"wdio_ui5_key":"etmportal.ui.managecontracts.view.Detailsap.m.ObjectStatus{\"path\":\"/SmartContractItems(CONTRACT='10456',ITEM=10m,SUB_ITEM=0m)\",\"propertyPath\":\"STATUS\"}"}]}
RESULT: undefined
COMMAND: POST /session/5ddd57591a494e04841521b2f73ce0e1/execute/async - {"script":"<script> [6424 bytes]","args":[{"element-6066-11e4-a52e-4f735466cecf":"f.76BD0702E8726841DC63080813E8F96A.d.73BEE8DFA6A429C9C4D01528D3E19FBB.e.6587"},"getText",[]]}
RESULT: {"script":"<script> [6424 bytes]","args":[{"element-6066-11e4-a52e-4f735466cecf":"f.76BD0702E8726841DC63080813E8F96A.d.73BEE8DFA6A429C9C4D01528D3E19FBB.e.6587"},"getText",[]]}
COMMAND: POST /session/5ddd57591a494e04841521b2f73ce0e1/execute/async - {"script":"<script> [1562 bytes]","args":[{"selector":{"controlType":"sap.m.ObjectStatus","viewName":"etm.portal.ui.managecontracts.view.Detail","bindingPath":{"path":"/SmartContractItems(CONTRACT='10456',ITEM=20m,SUB_ITEM=0m)","propertyPath":"STATUS"}},"wdio_ui5_key":"etmportal.ui.managecontracts.view.Detailsap.m.ObjectStatus{\"path\":\"/SmartContractItems(CONTRACT='10456',ITEM=20m,SUB_ITEM=0m)\",\"propertyPath\":\"STATUS\"}"}]}
RESULT: {"script":"<script> [1562 bytes]","args":[{"selector":{"controlType":"sap.m.ObjectStatus","viewName":"etm.portal.ui.managecontracts.view.Detail","bindingPath":{"path":"/SmartContractItems(CONTRACT='10456',ITEM=20m,SUB_ITEM=0m)","propertyPath":"STATUS"}},"wdio_ui5_key":"etmportal.ui.managecontracts.view.Detailsap.m.ObjectStatus{\"path\":\"/SmartContractItems(CONTRACT='10456',ITEM=20m,SUB_ITEM=0m)\",\"propertyPath\":\"STATUS\"}"}]}
RESULT: undefined
COMMAND: POST /session/5ddd57591a494e04841521b2f73ce0e1/execute/async - {"script":"<script> [6424 bytes]","args":[{"element-6066-11e4-a52e-4f735466cecf":"f.76BD0702E8726841DC63080813E8F96A.d.73BEE8DFA6A429C9C4D01528D3E19FBB.e.6588"},"getText",[]]}
RESULT: {"script":"<script> [6424 bytes]","args":[{"element-6066-11e4-a52e-4f735466cecf":"f.76BD0702E8726841DC63080813E8F96A.d.73BEE8DFA6A429C9C4D01528D3E19FBB.e.6588"},"getText",[]]}
]]></system-out>
    </testcase>
  </testsuite>
  <testsuite timestamp="2025-06-04T18:06:46" time="89.586" tests="1" failures="0" errors="0" skipped="0">
    <properties>
      <property name="specId" value="0" />
      <property name="suiteName" value="Manage contracts - revert request US152962" />
      <property name="capabilities" value="chrome.137_0_7151_56.windows" />
      <property name="file" value="file:///D:/a/1/s/test/specs/R2C/manage-contracts-revert-request.spec.js" />
    </properties>
    <testcase classname="chrome.137_0_7151_56.windows.Manage_contracts_-_revert_request_US152962" name="Should revert the request" time="89.584">
      <system-out><![CDATA[
COMMAND: POST /session/5ddd57591a494e04841521b2f73ce0e1/execute/async - {"script":"<script> [1562 bytes]","args":[{"selector":{"id":"revertPlanningBtn","viewName":"etm.portal.ui.managecontracts.view.Detail","interaction":{"idSuffix":"BDI-content"}},"wdio_ui5_key":"revertPlanningBtnetmportal.ui.managecontracts.view.Detail"}]}
RESULT: {"script":"<script> [1562 bytes]","args":[{"selector":{"id":"revertPlanningBtn","viewName":"etm.portal.ui.managecontracts.view.Detail","interaction":{"idSuffix":"BDI-content"}},"wdio_ui5_key":"revertPlanningBtnetmportal.ui.managecontracts.view.Detail"}]}
RESULT: undefined
COMMAND: POST /session/5ddd57591a494e04841521b2f73ce0e1/element - {"using":"xpath","value":"//*[@id=\"__xmlview64--revertPlanningBtn\"]"}
RESULT: {"using":"xpath","value":"//*[@id=\"__xmlview64--revertPlanningBtn\"]"}
COMMAND: POST /session/5ddd57591a494e04841521b2f73ce0e1/element/f.76BD0702E8726841DC63080813E8F96A.d.73BEE8DFA6A429C9C4D01528D3E19FBB.e.6449/click - {}
RESULT: {}
COMMAND: POST /session/5ddd57591a494e04841521b2f73ce0e1/element - {"using":"xpath","value":"(//div[contains(@id ,\"selectMulti-CbBg\")])[2]"}
COMMAND: GET /session/5ddd57591a494e04841521b2f73ce0e1/screenshot - {}
RESULT: {"using":"xpath","value":"(//div[contains(@id ,\"selectMulti-CbBg\")])[2]"}
COMMAND: POST /session/5ddd57591a494e04841521b2f73ce0e1/element/f.76BD0702E8726841DC63080813E8F96A.d.73BEE8DFA6A429C9C4D01528D3E19FBB.e.6635/click - {}
RESULT: {}
RESULT: {}
COMMAND: GET /session/5ddd57591a494e04841521b2f73ce0e1/screenshot - {}
RESULT: {}
COMMAND: POST /session/5ddd57591a494e04841521b2f73ce0e1/element - {"using":"xpath","value":"//span[contains(@id ,\"executeRevertPlanningBtn-content\")]"}
RESULT: {"using":"xpath","value":"//span[contains(@id ,\"executeRevertPlanningBtn-content\")]"}
COMMAND: POST /session/5ddd57591a494e04841521b2f73ce0e1/element/f.76BD0702E8726841DC63080813E8F96A.d.73BEE8DFA6A429C9C4D01528D3E19FBB.e.6636/click - {}
RESULT: {}
COMMAND: GET /session/5ddd57591a494e04841521b2f73ce0e1/screenshot - {}
RESULT: {}
COMMAND: POST /session/5ddd57591a494e04841521b2f73ce0e1/actions - {"actions":[{"id":"action32","type":"key","parameters":{},"actions":[{"type":"keyDown","value":"î€‡"},{"type":"pause","duration":10},{"type":"keyUp","value":"î€‡"}]}]}
RESULT: {"actions":[{"id":"action32","type":"key","parameters":{},"actions":[{"type":"keyDown","value":"î€‡"},{"type":"pause","duration":10},{"type":"keyUp","value":"î€‡"}]}]}
COMMAND: GET /session/5ddd57591a494e04841521b2f73ce0e1/screenshot - {}
RESULT: {}
COMMAND: POST /session/5ddd57591a494e04841521b2f73ce0e1/refresh - {}
RESULT: {}
COMMAND: GET /session/5ddd57591a494e04841521b2f73ce0e1/screenshot - {}
RESULT: {}
COMMAND: POST /session/5ddd57591a494e04841521b2f73ce0e1/execute/async - {"script":"<script> [189 bytes]","args":[]}
RESULT: {"script":"<script> [189 bytes]","args":[]}
COMMAND: POST /session/5ddd57591a494e04841521b2f73ce0e1/execute/async - {"script":"<script> [123 bytes]","args":[]}
RESULT: {"script":"<script> [123 bytes]","args":[]}
COMMAND: POST /session/5ddd57591a494e04841521b2f73ce0e1/timeouts - {"script":"<number>"}
RESULT: {"script":"<number>"}
COMMAND: GET /session/5ddd57591a494e04841521b2f73ce0e1/timeouts - {}
RESULT: {}
RESULT: undefined
COMMAND: POST /session/5ddd57591a494e04841521b2f73ce0e1/execute/async - {"script":"<script> [2676 bytes]","args":[]}
RESULT: {"script":"<script> [2676 bytes]","args":[]}
COMMAND: POST /session/5ddd57591a494e04841521b2f73ce0e1/execute/async - {"script":"<script> [2342 bytes]","args":[{"protocol":"http","hostname":"0.0.0.0","path":"/","capabilities":{"browserName":"chrome","goog:chromeOptions":{"binary":"C:\\Program Files\\Google\\Chrome\\Application\\chrome.exe","args":["--start-maximized"]}},"logLevel":"warn","connectionRetryTimeout":120000,"connectionRetryCount":3,"logLevels":{},"enableDirectConnect":true,"strictSSL":true,"_":"65 more keys: [\"cacheDir\",\"port\",\"requestedCapabilities\",\"automationProtocol\",\"baseUrl\",\"waitforInterval\",\"waitforTimeout\",\"onReload\",\"beforeCommand\",\"afterCommand\",\"rootDir\",\"specs\",\"suites\",\"exclude\",\"groupLogsByTestSpec\",\"excludeDriverLogs\",\"bail\",\"framework\",\"reporters\",\"services\",\"maxInstances\",\"maxInstancesPerCapability\",\"injectGlobals\",\"filesToWatch\",\"execArgv\",\"runnerEnv\",\"runner\",\"shard\",\"specFileRetries\",\"specFileRetriesDelay\",\"specFileRetriesDeferred\",\"reporterSyncInterval\",\"reporterSyncTimeout\",\"cucumberFeaturesWithLineNumbers\",\"autoCompileOpts\",\"mochaOpts\",\"jasmineOpts\",\"cucumberOpts\",\"onPrepare\",\"onWorkerStart\",\"onWorkerEnd\",\"before\",\"beforeSession\",\"beforeSuite\",\"beforeHook\",\"beforeTest\",\"afterTest\",\"afterHook\",\"afterSuite\",\"afterSession\",\"after\",\"onComplete\",\"beforeAssertion\",\"afterAssertion\",\"beforeFeature\",\"beforeScenario\",\"beforeStep\",\"afterStep\",\"afterScenario\",\"afterFeature\",\"_\",\"suite\",\"$0\",\"ignoredWorkerServices\",\"wdi5\"]"}]}
RESULT: {"script":"<script> [2342 bytes]","args":[{"protocol":"http","hostname":"0.0.0.0","path":"/","capabilities":{"browserName":"chrome","goog:chromeOptions":{"binary":"C:\\Program Files\\Google\\Chrome\\Application\\chrome.exe","args":["--start-maximized"]}},"logLevel":"warn","connectionRetryTimeout":120000,"connectionRetryCount":3,"logLevels":{},"enableDirectConnect":true,"strictSSL":true,"_":"65 more keys: [\"cacheDir\",\"port\",\"requestedCapabilities\",\"automationProtocol\",\"baseUrl\",\"waitforInterval\",\"waitforTimeout\",\"onReload\",\"beforeCommand\",\"afterCommand\",\"rootDir\",\"specs\",\"suites\",\"exclude\",\"groupLogsByTestSpec\",\"excludeDriverLogs\",\"bail\",\"framework\",\"reporters\",\"services\",\"maxInstances\",\"maxInstancesPerCapability\",\"injectGlobals\",\"filesToWatch\",\"execArgv\",\"runnerEnv\",\"runner\",\"shard\",\"specFileRetries\",\"specFileRetriesDelay\",\"specFileRetriesDeferred\",\"reporterSyncInterval\",\"reporterSyncTimeout\",\"cucumberFeaturesWithLineNumbers\",\"autoCompileOpts\",\"mochaOpts\",\"jasmineOpts\",\"cucumberOpts\",\"onPrepare\",\"onWorkerStart\",\"onWorkerEnd\",\"before\",\"beforeSession\",\"beforeSuite\",\"beforeHook\",\"beforeTest\",\"afterTest\",\"afterHook\",\"afterSuite\",\"afterSession\",\"after\",\"onComplete\",\"beforeAssertion\",\"afterAssertion\",\"beforeFeature\",\"beforeScenario\",\"beforeStep\",\"afterStep\",\"afterScenario\",\"afterFeature\",\"_\",\"suite\",\"$0\",\"ignoredWorkerServices\",\"wdi5\"]"}]}
COMMAND: POST /session/5ddd57591a494e04841521b2f73ce0e1/execute/async - {"script":"<script> [21126 bytes]","args":[35000]}
RESULT: {"script":"<script> [21126 bytes]","args":[35000]}
COMMAND: POST /session/5ddd57591a494e04841521b2f73ce0e1/execute/async - {"script":"<script> [1562 bytes]","args":[{"selector":{"controlType":"sap.m.Title","viewName":"etm.portal.ui.managecontracts.view.Detail","properties":{"text":"Contract Items (1)"}},"wdio_ui5_key":"etmportal.ui.managecontracts.view.Detailsap.m.Title{\"text\":\"Contract Items (1)\"}"}]}
RESULT: {"script":"<script> [1562 bytes]","args":[{"selector":{"controlType":"sap.m.Title","viewName":"etm.portal.ui.managecontracts.view.Detail","properties":{"text":"Contract Items (1)"}},"wdio_ui5_key":"etmportal.ui.managecontracts.view.Detailsap.m.Title{\"text\":\"Contract Items (1)\"}"}]}
RESULT: undefined
COMMAND: POST /session/5ddd57591a494e04841521b2f73ce0e1/execute/async - {"script":"<script> [6424 bytes]","args":[{"element-6066-11e4-a52e-4f735466cecf":"f.76BD0702E8726841DC63080813E8F96A.d.F9DA795A9E8585A533040BFD0140E08D.e.6865"},"getText",[]]}
RESULT: {"script":"<script> [6424 bytes]","args":[{"element-6066-11e4-a52e-4f735466cecf":"f.76BD0702E8726841DC63080813E8F96A.d.F9DA795A9E8585A533040BFD0140E08D.e.6865"},"getText",[]]}
COMMAND: POST /session/5ddd57591a494e04841521b2f73ce0e1/execute/async - {"script":"<script> [1562 bytes]","args":[{"selector":{"id":"contractDetailEditBtn","viewName":"etm.portal.ui.managecontracts.view.Detail","interaction":{"idSuffix":"inner"}},"wdio_ui5_key":"contractDetailEditBtnetmportal.ui.managecontracts.view.Detail"}]}
RESULT: {"script":"<script> [1562 bytes]","args":[{"selector":{"id":"contractDetailEditBtn","viewName":"etm.portal.ui.managecontracts.view.Detail","interaction":{"idSuffix":"inner"}},"wdio_ui5_key":"contractDetailEditBtnetmportal.ui.managecontracts.view.Detail"}]}
RESULT: undefined
COMMAND: POST /session/5ddd57591a494e04841521b2f73ce0e1/element - {"using":"xpath","value":"//*[@id=\"__xmlview1--contractDetailEditBtn\"]"}
RESULT: {"using":"xpath","value":"//*[@id=\"__xmlview1--contractDetailEditBtn\"]"}
COMMAND: POST /session/5ddd57591a494e04841521b2f73ce0e1/element/f.76BD0702E8726841DC63080813E8F96A.d.F9DA795A9E8585A533040BFD0140E08D.e.6710/click - {}
RESULT: {}
COMMAND: GET /session/5ddd57591a494e04841521b2f73ce0e1/screenshot - {}
RESULT: {}
COMMAND: POST /session/5ddd57591a494e04841521b2f73ce0e1/element - {"using":"xpath","value":"(//span[contains(text(), \"Header Billing Items\")])[2]"}
RESULT: {"using":"xpath","value":"(//span[contains(text(), \"Header Billing Items\")])[2]"}
COMMAND: POST /session/5ddd57591a494e04841521b2f73ce0e1/element/f.76BD0702E8726841DC63080813E8F96A.d.F9DA795A9E8585A533040BFD0140E08D.e.6930/click - {}
RESULT: {}
COMMAND: GET /session/5ddd57591a494e04841521b2f73ce0e1/screenshot - {}
RESULT: {}
COMMAND: POST /session/5ddd57591a494e04841521b2f73ce0e1/element - {"using":"xpath","value":"//div[contains(@id ,\"ProductsTable-sa-CbBg\")]"}
RESULT: {"using":"xpath","value":"//div[contains(@id ,\"ProductsTable-sa-CbBg\")]"}
COMMAND: POST /session/5ddd57591a494e04841521b2f73ce0e1/element/f.76BD0702E8726841DC63080813E8F96A.d.F9DA795A9E8585A533040BFD0140E08D.e.6933/click - {}
RESULT: {}
COMMAND: GET /session/5ddd57591a494e04841521b2f73ce0e1/screenshot - {}
RESULT: {}
COMMAND: POST /session/5ddd57591a494e04841521b2f73ce0e1/execute/async - {"script":"<script> [1562 bytes]","args":[{"selector":{"id":"deleteBtn","viewName":"etm.portal.ui.managecontracts.view.EditContract","interaction":{"idSuffix":"BDI-content"}},"wdio_ui5_key":"deleteBtnetmportal.ui.managecontracts.view.EditContract"}]}
RESULT: {"script":"<script> [1562 bytes]","args":[{"selector":{"id":"deleteBtn","viewName":"etm.portal.ui.managecontracts.view.EditContract","interaction":{"idSuffix":"BDI-content"}},"wdio_ui5_key":"deleteBtnetmportal.ui.managecontracts.view.EditContract"}]}
RESULT: undefined
COMMAND: POST /session/5ddd57591a494e04841521b2f73ce0e1/element - {"using":"xpath","value":"//*[@id=\"__xmlview2--deleteBtn\"]"}
RESULT: {"using":"xpath","value":"//*[@id=\"__xmlview2--deleteBtn\"]"}
COMMAND: POST /session/5ddd57591a494e04841521b2f73ce0e1/element/f.76BD0702E8726841DC63080813E8F96A.d.F9DA795A9E8585A533040BFD0140E08D.e.6936/click - {}
RESULT: {}
COMMAND: POST /session/5ddd57591a494e04841521b2f73ce0e1/element - {"using":"xpath","value":"//bdi[contains(@id ,\"BDI-content\")][contains(text(), \"OK\")]"}
COMMAND: GET /session/5ddd57591a494e04841521b2f73ce0e1/screenshot - {}
RESULT: {"using":"xpath","value":"//bdi[contains(@id ,\"BDI-content\")][contains(text(), \"OK\")]"}
COMMAND: POST /session/5ddd57591a494e04841521b2f73ce0e1/element/f.76BD0702E8726841DC63080813E8F96A.d.F9DA795A9E8585A533040BFD0140E08D.e.6938/click - {}
RESULT: {}
RESULT: {}
COMMAND: GET /session/5ddd57591a494e04841521b2f73ce0e1/screenshot - {}
RESULT: {}
COMMAND: POST /session/5ddd57591a494e04841521b2f73ce0e1/element - {"using":"xpath","value":"//bdi[contains(@id ,\"BDI-content\")][contains(text(), \"Save\")]"}
RESULT: {"using":"xpath","value":"//bdi[contains(@id ,\"BDI-content\")][contains(text(), \"Save\")]"}
COMMAND: POST /session/5ddd57591a494e04841521b2f73ce0e1/element/f.76BD0702E8726841DC63080813E8F96A.d.F9DA795A9E8585A533040BFD0140E08D.e.6940/click - {}
RESULT: {}
COMMAND: GET /session/5ddd57591a494e04841521b2f73ce0e1/screenshot - {}
RESULT: {}
COMMAND: POST /session/5ddd57591a494e04841521b2f73ce0e1/element - {"using":"xpath","value":"(//span[contains(text(), \"Header Billing Items\")])[1]"}
RESULT: {"using":"xpath","value":"(//span[contains(text(), \"Header Billing Items\")])[1]"}
COMMAND: POST /session/5ddd57591a494e04841521b2f73ce0e1/element/f.76BD0702E8726841DC63080813E8F96A.d.F9DA795A9E8585A533040BFD0140E08D.e.6943/click - {}
RESULT: {}
COMMAND: GET /session/5ddd57591a494e04841521b2f73ce0e1/screenshot - {}
RESULT: {}
COMMAND: POST /session/5ddd57591a494e04841521b2f73ce0e1/execute/async - {"script":"<script> [1562 bytes]","args":[{"selector":{"controlType":"sap.m.ObjectStatus","viewName":"etm.portal.ui.managecontracts.view.Detail","bindingPath":{"path":"/SmartContractItems(CONTRACT='10456',ITEM=10m,SUB_ITEM=0m)","propertyPath":"STATUS"}},"wdio_ui5_key":"etmportal.ui.managecontracts.view.Detailsap.m.ObjectStatus{\"path\":\"/SmartContractItems(CONTRACT='10456',ITEM=10m,SUB_ITEM=0m)\",\"propertyPath\":\"STATUS\"}"}]}
RESULT: {"script":"<script> [1562 bytes]","args":[{"selector":{"controlType":"sap.m.ObjectStatus","viewName":"etm.portal.ui.managecontracts.view.Detail","bindingPath":{"path":"/SmartContractItems(CONTRACT='10456',ITEM=10m,SUB_ITEM=0m)","propertyPath":"STATUS"}},"wdio_ui5_key":"etmportal.ui.managecontracts.view.Detailsap.m.ObjectStatus{\"path\":\"/SmartContractItems(CONTRACT='10456',ITEM=10m,SUB_ITEM=0m)\",\"propertyPath\":\"STATUS\"}"}]}
RESULT: undefined
COMMAND: POST /session/5ddd57591a494e04841521b2f73ce0e1/execute/async - {"script":"<script> [6424 bytes]","args":[{"element-6066-11e4-a52e-4f735466cecf":"f.76BD0702E8726841DC63080813E8F96A.d.F9DA795A9E8585A533040BFD0140E08D.e.6945"},"getText",[]]}
RESULT: {"script":"<script> [6424 bytes]","args":[{"element-6066-11e4-a52e-4f735466cecf":"f.76BD0702E8726841DC63080813E8F96A.d.F9DA795A9E8585A533040BFD0140E08D.e.6945"},"getText",[]]}
COMMAND: POST /session/5ddd57591a494e04841521b2f73ce0e1/element - {"using":"css selector","value":"#shell-header-logo"}
RESULT: {"using":"css selector","value":"#shell-header-logo"}
COMMAND: POST /session/5ddd57591a494e04841521b2f73ce0e1/element/f.76BD0702E8726841DC63080813E8F96A.d.F9DA795A9E8585A533040BFD0140E08D.e.6651/click - {}
RESULT: {}
COMMAND: GET /session/5ddd57591a494e04841521b2f73ce0e1/screenshot - {}
RESULT: {}
COMMAND: POST /session/5ddd57591a494e04841521b2f73ce0e1/execute/async - {"script":"<script> [1562 bytes]","args":[{"selector":{"controlType":"sap.m.GenericTile","properties":{"header":"Manage Requests"}},"wdio_ui5_key":"sapm.GenericTile{\"header\":\"Manage Requests\"}"}]}
RESULT: {"script":"<script> [1562 bytes]","args":[{"selector":{"controlType":"sap.m.GenericTile","properties":{"header":"Manage Requests"}},"wdio_ui5_key":"sapm.GenericTile{\"header\":\"Manage Requests\"}"}]}
RESULT: undefined
COMMAND: POST /session/5ddd57591a494e04841521b2f73ce0e1/element - {"using":"xpath","value":"//*[@id=\"__tile47\"]"}
RESULT: {"using":"xpath","value":"//*[@id=\"__tile47\"]"}
COMMAND: POST /session/5ddd57591a494e04841521b2f73ce0e1/element/f.76BD0702E8726841DC63080813E8F96A.d.F9DA795A9E8585A533040BFD0140E08D.e.6965/click - {}
RESULT: {}
COMMAND: GET /session/5ddd57591a494e04841521b2f73ce0e1/screenshot - {}
RESULT: {}
COMMAND: POST /session/5ddd57591a494e04841521b2f73ce0e1/execute/async - {"script":"<script> [1562 bytes]","args":[{"selector":{"controlType":"sap.m.SearchField","viewName":"etm.portal.ui.managerequests.view.Master","bindingPath":{"path":"","propertyPath":"/_BASIC_SEARCH_FIELD","modelName":"fi1t3rM0d31"},"interaction":{"idSuffix":"I"}},"wdio_ui5_key":"etmportal.ui.managerequests.view.Mastersap.m.SearchField{\"path\":\"\",\"propertyPath\":\"/_BASIC_SEARCH_FIELD\",\"modelName\":\"fi1t3rM0d31\"}"}]}
COMMAND: POST /session/5ddd57591a494e04841521b2f73ce0e1/elements - {"using":"xpath","value":"//span[text()='Error']"}
RESULT: {"script":"<script> [1562 bytes]","args":[{"selector":{"controlType":"sap.m.SearchField","viewName":"etm.portal.ui.managerequests.view.Master","bindingPath":{"path":"","propertyPath":"/_BASIC_SEARCH_FIELD","modelName":"fi1t3rM0d31"},"interaction":{"idSuffix":"I"}},"wdio_ui5_key":"etmportal.ui.managerequests.view.Mastersap.m.SearchField{\"path\":\"\",\"propertyPath\":\"/_BASIC_SEARCH_FIELD\",\"modelName\":\"fi1t3rM0d31\"}"}]}
RESULT: undefined
COMMAND: POST /session/5ddd57591a494e04841521b2f73ce0e1/execute/async - {"script":"<script> [776 bytes]","args":[{"enterText":"20260","selector":{"controlType":"sap.m.SearchField","viewName":"etm.portal.ui.managerequests.view.Master","bindingPath":{"path":"","propertyPath":"/_BASIC_SEARCH_FIELD","modelName":"fi1t3rM0d31"},"interaction":{"idSuffix":"I"}},"clearTextFirst":true,"interactionType":"ENTER_TEXT"}]}
RESULT: {"using":"xpath","value":"//span[text()='Error']"}
RESULT: {"script":"<script> [776 bytes]","args":[{"enterText":"20260","selector":{"controlType":"sap.m.SearchField","viewName":"etm.portal.ui.managerequests.view.Master","bindingPath":{"path":"","propertyPath":"/_BASIC_SEARCH_FIELD","modelName":"fi1t3rM0d31"},"interaction":{"idSuffix":"I"}},"clearTextFirst":true,"interactionType":"ENTER_TEXT"}]}
COMMAND: POST /session/5ddd57591a494e04841521b2f73ce0e1/actions - {"actions":[{"id":"action33","type":"key","parameters":{},"actions":[{"type":"keyDown","value":"î€‡"},{"type":"pause","duration":10},{"type":"keyUp","value":"î€‡"}]}]}
RESULT: {"actions":[{"id":"action33","type":"key","parameters":{},"actions":[{"type":"keyDown","value":"î€‡"},{"type":"pause","duration":10},{"type":"keyUp","value":"î€‡"}]}]}
COMMAND: GET /session/5ddd57591a494e04841521b2f73ce0e1/screenshot - {}
RESULT: {}
COMMAND: POST /session/5ddd57591a494e04841521b2f73ce0e1/execute/async - {"script":"<script> [1562 bytes]","args":[{"selector":{"controlType":"sap.m.Text","viewName":"etm.portal.ui.managerequests.view.Master","bindingPath":{"path":"/SmartManageRequests('20260')","propertyPath":"NO"}},"wdio_ui5_key":"etmportal.ui.managerequests.view.Mastersap.m.Text{\"path\":\"/SmartManageRequests('20260')\",\"propertyPath\":\"NO\"}"}]}
RESULT: {"script":"<script> [1562 bytes]","args":[{"selector":{"controlType":"sap.m.Text","viewName":"etm.portal.ui.managerequests.view.Master","bindingPath":{"path":"/SmartManageRequests('20260')","propertyPath":"NO"}},"wdio_ui5_key":"etmportal.ui.managerequests.view.Mastersap.m.Text{\"path\":\"/SmartManageRequests('20260')\",\"propertyPath\":\"NO\"}"}]}
RESULT: undefined
COMMAND: POST /session/5ddd57591a494e04841521b2f73ce0e1/element - {"using":"xpath","value":"//*[@id=\"__text463-__clone168\"]"}
RESULT: {"using":"xpath","value":"//*[@id=\"__text463-__clone168\"]"}
COMMAND: POST /session/5ddd57591a494e04841521b2f73ce0e1/element/f.76BD0702E8726841DC63080813E8F96A.d.F9DA795A9E8585A533040BFD0140E08D.e.7089/click - {}
RESULT: {}
COMMAND: GET /session/5ddd57591a494e04841521b2f73ce0e1/screenshot - {}
RESULT: {}
COMMAND: POST /session/5ddd57591a494e04841521b2f73ce0e1/execute/async - {"script":"<script> [1562 bytes]","args":[{"selector":{"controlType":"sap.ui.core.Icon","viewName":"etm.portal.ui.managerequests.view.Detail","properties":{"src":{"regex":{"source":"slim\\-arrow\\-up"}}}},"wdio_ui5_key":"etmportal.ui.managerequests.view.Detailsap.ui.core.Icon{\"src\":{\"regex\":{\"source\":\"slim\\\\-arrow\\\\-up\"}}}"}]}
RESULT: {"script":"<script> [1562 bytes]","args":[{"selector":{"controlType":"sap.ui.core.Icon","viewName":"etm.portal.ui.managerequests.view.Detail","properties":{"src":{"regex":{"source":"slim\\-arrow\\-up"}}}},"wdio_ui5_key":"etmportal.ui.managerequests.view.Detailsap.ui.core.Icon{\"src\":{\"regex\":{\"source\":\"slim\\\\-arrow\\\\-up\"}}}"}]}
RESULT: undefined
COMMAND: POST /session/5ddd57591a494e04841521b2f73ce0e1/element - {"using":"xpath","value":"//*[@id=\"__xmlview62--detailRequestPage-OPHeaderContent-collapseBtn-img\"]"}
RESULT: {"using":"xpath","value":"//*[@id=\"__xmlview62--detailRequestPage-OPHeaderContent-collapseBtn-img\"]"}
COMMAND: POST /session/5ddd57591a494e04841521b2f73ce0e1/element/f.76BD0702E8726841DC63080813E8F96A.d.F9DA795A9E8585A533040BFD0140E08D.e.7248/click - {}
RESULT: {}
COMMAND: GET /session/5ddd57591a494e04841521b2f73ce0e1/screenshot - {}
RESULT: {}
COMMAND: POST /session/5ddd57591a494e04841521b2f73ce0e1/execute/async - {"script":"<script> [1562 bytes]","args":[{"selector":{"controlType":"sap.m.Text","viewName":"etm.portal.ui.managerequests.view.Detail","bindingPath":{"path":"/SmartRequestItemsPlanningBoard(ITEM=20m,REQUEST='20260')","propertyPath":"STATUS_DESC"}},"wdio_ui5_key":"etmportal.ui.managerequests.view.Detailsap.m.Text{\"path\":\"/SmartRequestItemsPlanningBoard(ITEM=20m,REQUEST='20260')\",\"propertyPath\":\"STATUS_DESC\"}"}]}
RESULT: {"script":"<script> [1562 bytes]","args":[{"selector":{"controlType":"sap.m.Text","viewName":"etm.portal.ui.managerequests.view.Detail","bindingPath":{"path":"/SmartRequestItemsPlanningBoard(ITEM=20m,REQUEST='20260')","propertyPath":"STATUS_DESC"}},"wdio_ui5_key":"etmportal.ui.managerequests.view.Detailsap.m.Text{\"path\":\"/SmartRequestItemsPlanningBoard(ITEM=20m,REQUEST='20260')\",\"propertyPath\":\"STATUS_DESC\"}"}]}
RESULT: undefined
COMMAND: POST /session/5ddd57591a494e04841521b2f73ce0e1/execute/async - {"script":"<script> [6424 bytes]","args":[{"element-6066-11e4-a52e-4f735466cecf":"f.76BD0702E8726841DC63080813E8F96A.d.F9DA795A9E8585A533040BFD0140E08D.e.7297"},"getText",[]]}
RESULT: {"script":"<script> [6424 bytes]","args":[{"element-6066-11e4-a52e-4f735466cecf":"f.76BD0702E8726841DC63080813E8F96A.d.F9DA795A9E8585A533040BFD0140E08D.e.7297"},"getText",[]]}
COMMAND: POST /session/5ddd57591a494e04841521b2f73ce0e1/element - {"using":"css selector","value":"#shell-header-logo"}
RESULT: {"using":"css selector","value":"#shell-header-logo"}
COMMAND: POST /session/5ddd57591a494e04841521b2f73ce0e1/element/f.76BD0702E8726841DC63080813E8F96A.d.F9DA795A9E8585A533040BFD0140E08D.e.6969/click - {}
RESULT: {}
COMMAND: GET /session/5ddd57591a494e04841521b2f73ce0e1/screenshot - {}
RESULT: {}
]]></system-out>
    </testcase>
  </testsuite>
  <testsuite timestamp="2025-06-04T18:08:16" time="257.066" tests="4" failures="0" errors="0" skipped="0">
    <properties>
      <property name="specId" value="0" />
      <property name="suiteName" value="Standard contract close-reopen US111278" />
      <property name="capabilities" value="chrome.137_0_7151_56.windows" />
      <property name="file" value="file:///D:/a/1/s/test/specs/R2C/standard-contract-close-reopen.spec.js" />
    </properties>
    <testcase classname="chrome.137_0_7151_56.windows.Standard_contract_close-reopen_US111278" name="Should create a new contract and add an item" time="146.299">
      <system-out><![CDATA[
COMMAND: POST /session/5ddd57591a494e04841521b2f73ce0e1/execute/async - {"script":"<script> [1562 bytes]","args":[{"selector":{"controlType":"sap.m.GenericTile","properties":{"header":"Manage Contracts"}},"wdio_ui5_key":"sapm.GenericTile{\"header\":\"Manage Contracts\"}"}]}
RESULT: {"script":"<script> [1562 bytes]","args":[{"selector":{"controlType":"sap.m.GenericTile","properties":{"header":"Manage Contracts"}},"wdio_ui5_key":"sapm.GenericTile{\"header\":\"Manage Contracts\"}"}]}
RESULT: undefined
COMMAND: POST /session/5ddd57591a494e04841521b2f73ce0e1/element - {"using":"xpath","value":"//*[@id=\"__tile130\"]"}
RESULT: {"using":"xpath","value":"//*[@id=\"__tile130\"]"}
COMMAND: POST /session/5ddd57591a494e04841521b2f73ce0e1/element/f.76BD0702E8726841DC63080813E8F96A.d.F9DA795A9E8585A533040BFD0140E08D.e.7300/click - {}
RESULT: {}
COMMAND: GET /session/5ddd57591a494e04841521b2f73ce0e1/screenshot - {}
RESULT: {}
COMMAND: POST /session/5ddd57591a494e04841521b2f73ce0e1/elements - {"using":"xpath","value":"//span[text()='Error']"}
RESULT: {"using":"xpath","value":"//span[text()='Error']"}
COMMAND: POST /session/5ddd57591a494e04841521b2f73ce0e1/element - {"using":"xpath","value":"//button[@data-kt=\"addButton\"]"}
RESULT: {"using":"xpath","value":"//button[@data-kt=\"addButton\"]"}
COMMAND: POST /session/5ddd57591a494e04841521b2f73ce0e1/element/f.76BD0702E8726841DC63080813E8F96A.d.F9DA795A9E8585A533040BFD0140E08D.e.7352/click - {}
RESULT: {}
COMMAND: GET /session/5ddd57591a494e04841521b2f73ce0e1/screenshot - {}
RESULT: {}
COMMAND: POST /session/5ddd57591a494e04841521b2f73ce0e1/execute/async - {"script":"<script> [1562 bytes]","args":[{"selector":{"id":"application-managecontracts-display-component---AddNewContract--projectDescription","interaction":{"idSuffix":"inner"}},"wdio_ui5_key":"applicationmanagecontracts-display-component---AddNewContract--projectDescription"}]}
RESULT: {"script":"<script> [1562 bytes]","args":[{"selector":{"id":"application-managecontracts-display-component---AddNewContract--projectDescription","interaction":{"idSuffix":"inner"}},"wdio_ui5_key":"applicationmanagecontracts-display-component---AddNewContract--projectDescription"}]}
RESULT: undefined
COMMAND: POST /session/5ddd57591a494e04841521b2f73ce0e1/execute/async - {"script":"<script> [776 bytes]","args":[{"enterText":"WdIOTesttc4n8","selector":{"id":"application-managecontracts-display-component---AddNewContract--projectDescription","interaction":{"idSuffix":"inner"}},"clearTextFirst":true,"interactionType":"ENTER_TEXT"}]}
RESULT: {"script":"<script> [776 bytes]","args":[{"enterText":"WdIOTesttc4n8","selector":{"id":"application-managecontracts-display-component---AddNewContract--projectDescription","interaction":{"idSuffix":"inner"}},"clearTextFirst":true,"interactionType":"ENTER_TEXT"}]}
COMMAND: POST /session/5ddd57591a494e04841521b2f73ce0e1/element - {"using":"xpath","value":"//input[@id=\"application-managecontracts-display-component---AddNewContract--yardId-inner\"]"}
RESULT: {"using":"xpath","value":"//input[@id=\"application-managecontracts-display-component---AddNewContract--yardId-inner\"]"}
COMMAND: POST /session/5ddd57591a494e04841521b2f73ce0e1/element/f.76BD0702E8726841DC63080813E8F96A.d.F9DA795A9E8585A533040BFD0140E08D.e.7614/clear - {}
RESULT: {}
COMMAND: POST /session/5ddd57591a494e04841521b2f73ce0e1/element/f.76BD0702E8726841DC63080813E8F96A.d.F9DA795A9E8585A533040BFD0140E08D.e.7614/value - {"text":"WebdriverYarduw3gx"}
COMMAND: GET /session/5ddd57591a494e04841521b2f73ce0e1/screenshot - {}
RESULT: {"text":"WebdriverYarduw3gx"}
COMMAND: GET /session/5ddd57591a494e04841521b2f73ce0e1/screenshot - {}
RESULT: {}
RESULT: {}
COMMAND: POST /session/5ddd57591a494e04841521b2f73ce0e1/actions - {"actions":[{"id":"action34","type":"key","parameters":{},"actions":[{"type":"keyDown","value":"î€‡"},{"type":"pause","duration":10},{"type":"keyUp","value":"î€‡"}]}]}
RESULT: {"actions":[{"id":"action34","type":"key","parameters":{},"actions":[{"type":"keyDown","value":"î€‡"},{"type":"pause","duration":10},{"type":"keyUp","value":"î€‡"}]}]}
COMMAND: GET /session/5ddd57591a494e04841521b2f73ce0e1/screenshot - {}
RESULT: {}
COMMAND: POST /session/5ddd57591a494e04841521b2f73ce0e1/element - {"using":"xpath","value":"//input[@id=\"application-managecontracts-display-component---AddNewContract--customerSelect-inner\"]"}
RESULT: {"using":"xpath","value":"//input[@id=\"application-managecontracts-display-component---AddNewContract--customerSelect-inner\"]"}
COMMAND: POST /session/5ddd57591a494e04841521b2f73ce0e1/element/f.76BD0702E8726841DC63080813E8F96A.d.F9DA795A9E8585A533040BFD0140E08D.e.7612/clear - {}
RESULT: {}
COMMAND: POST /session/5ddd57591a494e04841521b2f73ce0e1/element/f.76BD0702E8726841DC63080813E8F96A.d.F9DA795A9E8585A533040BFD0140E08D.e.7612/value - {"text":"WebdriverPartnernvhqh"}
COMMAND: GET /session/5ddd57591a494e04841521b2f73ce0e1/screenshot - {}
RESULT: {"text":"WebdriverPartnernvhqh"}
COMMAND: GET /session/5ddd57591a494e04841521b2f73ce0e1/screenshot - {}
RESULT: {}
RESULT: {}
COMMAND: POST /session/5ddd57591a494e04841521b2f73ce0e1/actions - {"actions":[{"id":"action35","type":"key","parameters":{},"actions":[{"type":"keyDown","value":"î€‡"},{"type":"pause","duration":10},{"type":"keyUp","value":"î€‡"}]}]}
RESULT: {"actions":[{"id":"action35","type":"key","parameters":{},"actions":[{"type":"keyDown","value":"î€‡"},{"type":"pause","duration":10},{"type":"keyUp","value":"î€‡"}]}]}
COMMAND: GET /session/5ddd57591a494e04841521b2f73ce0e1/screenshot - {}
RESULT: {}
COMMAND: POST /session/5ddd57591a494e04841521b2f73ce0e1/element - {"using":"xpath","value":"//input[@id=\"application-managecontracts-display-component---AddNewContract--site-inner\"]"}
RESULT: {"using":"xpath","value":"//input[@id=\"application-managecontracts-display-component---AddNewContract--site-inner\"]"}
COMMAND: POST /session/5ddd57591a494e04841521b2f73ce0e1/element/f.76BD0702E8726841DC63080813E8F96A.d.F9DA795A9E8585A533040BFD0140E08D.e.7613/clear - {}
RESULT: {}
COMMAND: POST /session/5ddd57591a494e04841521b2f73ce0e1/element/f.76BD0702E8726841DC63080813E8F96A.d.F9DA795A9E8585A533040BFD0140E08D.e.7613/value - {"text":"WebdriverSitep6gwf"}
COMMAND: GET /session/5ddd57591a494e04841521b2f73ce0e1/screenshot - {}
RESULT: {"text":"WebdriverSitep6gwf"}
COMMAND: GET /session/5ddd57591a494e04841521b2f73ce0e1/screenshot - {}
RESULT: {}
RESULT: {}
COMMAND: POST /session/5ddd57591a494e04841521b2f73ce0e1/actions - {"actions":[{"id":"action36","type":"key","parameters":{},"actions":[{"type":"keyDown","value":"î€‡"},{"type":"pause","duration":10},{"type":"keyUp","value":"î€‡"}]}]}
RESULT: {"actions":[{"id":"action36","type":"key","parameters":{},"actions":[{"type":"keyDown","value":"î€‡"},{"type":"pause","duration":10},{"type":"keyUp","value":"î€‡"}]}]}
COMMAND: GET /session/5ddd57591a494e04841521b2f73ce0e1/screenshot - {}
COMMAND: POST /session/5ddd57591a494e04841521b2f73ce0e1/element - {"using":"xpath","value":"//button[@data-kt=\"saveButton\"]"}
RESULT: {}
RESULT: {"using":"xpath","value":"//button[@data-kt=\"saveButton\"]"}
COMMAND: POST /session/5ddd57591a494e04841521b2f73ce0e1/element/f.76BD0702E8726841DC63080813E8F96A.d.F9DA795A9E8585A533040BFD0140E08D.e.7690/click - {}
RESULT: {}
COMMAND: GET /session/5ddd57591a494e04841521b2f73ce0e1/screenshot - {}
RESULT: {}
COMMAND: POST /session/5ddd57591a494e04841521b2f73ce0e1/execute/async - {"script":"<script> [1562 bytes]","args":[{"selector":{"id":"contractDetailTitleNoExpanded","viewName":"etm.portal.ui.managecontracts.view.Detail"},"wdio_ui5_key":"contractDetailTitleNoExpandedetmportal.ui.managecontracts.view.Detail"}]}
RESULT: {"script":"<script> [1562 bytes]","args":[{"selector":{"id":"contractDetailTitleNoExpanded","viewName":"etm.portal.ui.managecontracts.view.Detail"},"wdio_ui5_key":"contractDetailTitleNoExpandedetmportal.ui.managecontracts.view.Detail"}]}
RESULT: undefined
COMMAND: POST /session/5ddd57591a494e04841521b2f73ce0e1/execute/async - {"script":"<script> [6424 bytes]","args":[{"element-6066-11e4-a52e-4f735466cecf":"f.76BD0702E8726841DC63080813E8F96A.d.F9DA795A9E8585A533040BFD0140E08D.e.7770"},"getText",[]]}
RESULT: {"script":"<script> [6424 bytes]","args":[{"element-6066-11e4-a52e-4f735466cecf":"f.76BD0702E8726841DC63080813E8F96A.d.F9DA795A9E8585A533040BFD0140E08D.e.7770"},"getText",[]]}
COMMAND: POST /session/5ddd57591a494e04841521b2f73ce0e1/execute/async - {"script":"<script> [1562 bytes]","args":[{"selector":{"id":"closeContractBtn","viewName":"etm.portal.ui.managecontracts.view.Detail"},"wdio_ui5_key":"closeContractBtnetmportal.ui.managecontracts.view.Detail"}]}
RESULT: {"script":"<script> [1562 bytes]","args":[{"selector":{"id":"closeContractBtn","viewName":"etm.portal.ui.managecontracts.view.Detail"},"wdio_ui5_key":"closeContractBtnetmportal.ui.managecontracts.view.Detail"}]}
RESULT: undefined
COMMAND: POST /session/5ddd57591a494e04841521b2f73ce0e1/execute/async - {"script":"<script> [6424 bytes]","args":[{"element-6066-11e4-a52e-4f735466cecf":"f.76BD0702E8726841DC63080813E8F96A.d.F9DA795A9E8585A533040BFD0140E08D.e.7771"},"getEnabled",[]]}
RESULT: {"script":"<script> [6424 bytes]","args":[{"element-6066-11e4-a52e-4f735466cecf":"f.76BD0702E8726841DC63080813E8F96A.d.F9DA795A9E8585A533040BFD0140E08D.e.7771"},"getEnabled",[]]}
COMMAND: POST /session/5ddd57591a494e04841521b2f73ce0e1/element - {"using":"xpath","value":"//button[@data-kt=\"contractDetailEditBtnButton\"]"}
RESULT: {"using":"xpath","value":"//button[@data-kt=\"contractDetailEditBtnButton\"]"}
COMMAND: POST /session/5ddd57591a494e04841521b2f73ce0e1/element/f.76BD0702E8726841DC63080813E8F96A.d.F9DA795A9E8585A533040BFD0140E08D.e.7772/click - {}
RESULT: {}
COMMAND: GET /session/5ddd57591a494e04841521b2f73ce0e1/screenshot - {}
RESULT: {}
COMMAND: POST /session/5ddd57591a494e04841521b2f73ce0e1/element - {"using":"xpath","value":"(//span[contains(text(), \"Additional Addresses\")])[2]"}
RESULT: {"using":"xpath","value":"(//span[contains(text(), \"Additional Addresses\")])[2]"}
COMMAND: POST /session/5ddd57591a494e04841521b2f73ce0e1/element/f.76BD0702E8726841DC63080813E8F96A.d.F9DA795A9E8585A533040BFD0140E08D.e.7830/click - {}
RESULT: {}
COMMAND: GET /session/5ddd57591a494e04841521b2f73ce0e1/screenshot - {}
RESULT: {}
COMMAND: POST /session/5ddd57591a494e04841521b2f73ce0e1/element - {"using":"xpath","value":"//button[@data-kt=\"btnAddTableRowOverflowToolbarButton\"]"}
RESULT: {"using":"xpath","value":"//button[@data-kt=\"btnAddTableRowOverflowToolbarButton\"]"}
COMMAND: POST /session/5ddd57591a494e04841521b2f73ce0e1/element/f.76BD0702E8726841DC63080813E8F96A.d.F9DA795A9E8585A533040BFD0140E08D.e.7832/click - {}
RESULT: {}
COMMAND: GET /session/5ddd57591a494e04841521b2f73ce0e1/screenshot - {}
RESULT: {}
COMMAND: POST /session/5ddd57591a494e04841521b2f73ce0e1/element - {"using":"xpath","value":"//div[(text() = 'Standard Entry' or . = 'Standard Entry')]"}
RESULT: {"using":"xpath","value":"//div[(text() = 'Standard Entry' or . = 'Standard Entry')]"}
COMMAND: POST /session/5ddd57591a494e04841521b2f73ce0e1/element/f.76BD0702E8726841DC63080813E8F96A.d.F9DA795A9E8585A533040BFD0140E08D.e.7834/click - {}
RESULT: {}
COMMAND: POST /session/5ddd57591a494e04841521b2f73ce0e1/element - {"using":"xpath","value":"//td[6]/div/div/input[1]"}
COMMAND: GET /session/5ddd57591a494e04841521b2f73ce0e1/screenshot - {}
RESULT: {"using":"xpath","value":"//td[6]/div/div/input[1]"}
COMMAND: POST /session/5ddd57591a494e04841521b2f73ce0e1/element/f.76BD0702E8726841DC63080813E8F96A.d.F9DA795A9E8585A533040BFD0140E08D.e.7836/click - {}
RESULT: {}
RESULT: {}
COMMAND: POST /session/5ddd57591a494e04841521b2f73ce0e1/actions - {"actions":[{"id":"action37","type":"key","parameters":{},"actions":[{"type":"keyDown","value":"î€ƒ"},{"type":"pause","duration":10},{"type":"keyUp","value":"î€ƒ"}]}]}
COMMAND: GET /session/5ddd57591a494e04841521b2f73ce0e1/screenshot - {}
RESULT: {"actions":[{"id":"action37","type":"key","parameters":{},"actions":[{"type":"keyDown","value":"î€ƒ"},{"type":"pause","duration":10},{"type":"keyUp","value":"î€ƒ"}]}]}
COMMAND: POST /session/5ddd57591a494e04841521b2f73ce0e1/element - {"using":"xpath","value":"//td[6]/div/div/input[1]"}
COMMAND: GET /session/5ddd57591a494e04841521b2f73ce0e1/screenshot - {}
RESULT: {}
RESULT: {}
RESULT: {"using":"xpath","value":"//td[6]/div/div/input[1]"}
COMMAND: POST /session/5ddd57591a494e04841521b2f73ce0e1/element/f.76BD0702E8726841DC63080813E8F96A.d.F9DA795A9E8585A533040BFD0140E08D.e.7836/clear - {}
RESULT: {}
COMMAND: POST /session/5ddd57591a494e04841521b2f73ce0e1/element/f.76BD0702E8726841DC63080813E8F96A.d.F9DA795A9E8585A533040BFD0140E08D.e.7836/value - {"text":"Material"}
COMMAND: GET /session/5ddd57591a494e04841521b2f73ce0e1/screenshot - {}
RESULT: {"text":"Material"}
COMMAND: GET /session/5ddd57591a494e04841521b2f73ce0e1/screenshot - {}
RESULT: {}
RESULT: {}
COMMAND: POST /session/5ddd57591a494e04841521b2f73ce0e1/actions - {"actions":[{"id":"action38","type":"key","parameters":{},"actions":[{"type":"keyDown","value":"î€‡"},{"type":"pause","duration":10},{"type":"keyUp","value":"î€‡"}]}]}
RESULT: {"actions":[{"id":"action38","type":"key","parameters":{},"actions":[{"type":"keyDown","value":"î€‡"},{"type":"pause","duration":10},{"type":"keyUp","value":"î€‡"}]}]}
COMMAND: GET /session/5ddd57591a494e04841521b2f73ce0e1/screenshot - {}
COMMAND: POST /session/5ddd57591a494e04841521b2f73ce0e1/actions - {"actions":[{"id":"action39","type":"key","parameters":{},"actions":[{"type":"keyDown","value":"î€‡"},{"type":"pause","duration":10},{"type":"keyUp","value":"î€‡"}]}]}
RESULT: {}
RESULT: {"actions":[{"id":"action39","type":"key","parameters":{},"actions":[{"type":"keyDown","value":"î€‡"},{"type":"pause","duration":10},{"type":"keyUp","value":"î€‡"}]}]}
COMMAND: POST /session/5ddd57591a494e04841521b2f73ce0e1/element - {"using":"xpath","value":"//td[7]/div/div/input"}
COMMAND: GET /session/5ddd57591a494e04841521b2f73ce0e1/screenshot - {}
RESULT: {"using":"xpath","value":"//td[7]/div/div/input"}
COMMAND: POST /session/5ddd57591a494e04841521b2f73ce0e1/element/f.76BD0702E8726841DC63080813E8F96A.d.F9DA795A9E8585A533040BFD0140E08D.e.7849/clear - {}
RESULT: {}
RESULT: {}
COMMAND: POST /session/5ddd57591a494e04841521b2f73ce0e1/element/f.76BD0702E8726841DC63080813E8F96A.d.F9DA795A9E8585A533040BFD0140E08D.e.7849/value - {"text":"WebdriverMatTestn7dze"}
COMMAND: GET /session/5ddd57591a494e04841521b2f73ce0e1/screenshot - {}
RESULT: {"text":"WebdriverMatTestn7dze"}
COMMAND: GET /session/5ddd57591a494e04841521b2f73ce0e1/screenshot - {}
RESULT: {}
RESULT: {}
COMMAND: POST /session/5ddd57591a494e04841521b2f73ce0e1/actions - {"actions":[{"id":"action40","type":"key","parameters":{},"actions":[{"type":"keyDown","value":"î€‡"},{"type":"pause","duration":10},{"type":"keyUp","value":"î€‡"}]}]}
RESULT: {"actions":[{"id":"action40","type":"key","parameters":{},"actions":[{"type":"keyDown","value":"î€‡"},{"type":"pause","duration":10},{"type":"keyUp","value":"î€‡"}]}]}
COMMAND: GET /session/5ddd57591a494e04841521b2f73ce0e1/screenshot - {}
COMMAND: POST /session/5ddd57591a494e04841521b2f73ce0e1/actions - {"actions":[{"id":"action41","type":"key","parameters":{},"actions":[{"type":"keyDown","value":"î€‡"},{"type":"pause","duration":10},{"type":"keyUp","value":"î€‡"}]}]}
RESULT: {}
RESULT: {"actions":[{"id":"action41","type":"key","parameters":{},"actions":[{"type":"keyDown","value":"î€‡"},{"type":"pause","duration":10},{"type":"keyUp","value":"î€‡"}]}]}
COMMAND: GET /session/5ddd57591a494e04841521b2f73ce0e1/screenshot - {}
RESULT: {}
COMMAND: POST /session/5ddd57591a494e04841521b2f73ce0e1/element - {"using":"xpath","value":"(//button[@data-kt=\"saveButton\"])[2]"}
RESULT: {"using":"xpath","value":"(//button[@data-kt=\"saveButton\"])[2]"}
COMMAND: POST /session/5ddd57591a494e04841521b2f73ce0e1/element/f.76BD0702E8726841DC63080813E8F96A.d.F9DA795A9E8585A533040BFD0140E08D.e.7875/click - {}
RESULT: {}
COMMAND: GET /session/5ddd57591a494e04841521b2f73ce0e1/screenshot - {}
RESULT: {}
]]></system-out>
    </testcase>
    <testcase classname="chrome.137_0_7151_56.windows.Standard_contract_close-reopen_US111278" name="It should close the contract" time="22.542">
      <system-out><![CDATA[
RESULT: undefined
COMMAND: POST /session/5ddd57591a494e04841521b2f73ce0e1/element - {"using":"xpath","value":"//*[@id=\"__xmlview64--closeContractBtn\"]"}
RESULT: {"using":"xpath","value":"//*[@id=\"__xmlview64--closeContractBtn\"]"}
COMMAND: POST /session/5ddd57591a494e04841521b2f73ce0e1/element/f.76BD0702E8726841DC63080813E8F96A.d.F9DA795A9E8585A533040BFD0140E08D.e.7771/click - {}
RESULT: {}
COMMAND: GET /session/5ddd57591a494e04841521b2f73ce0e1/screenshot - {}
RESULT: {}
COMMAND: POST /session/5ddd57591a494e04841521b2f73ce0e1/element - {"using":"xpath","value":"//span[contains(text(), \"Do you want to close the whole contract?\")]"}
RESULT: {"using":"xpath","value":"//span[contains(text(), \"Do you want to close the whole contract?\")]"}
COMMAND: POST /session/5ddd57591a494e04841521b2f73ce0e1/execute/sync - {"script":"<script> [8489 bytes]","args":[{"element-6066-11e4-a52e-4f735466cecf":"f.76BD0702E8726841DC63080813E8F96A.d.F9DA795A9E8585A533040BFD0140E08D.e.7880","ELEMENT":"f.76BD0702E8726841DC63080813E8F96A.d.F9DA795A9E8585A533040BFD0140E08D.e.7880"}]}
RESULT: {"script":"<script> [8489 bytes]","args":[{"element-6066-11e4-a52e-4f735466cecf":"f.76BD0702E8726841DC63080813E8F96A.d.F9DA795A9E8585A533040BFD0140E08D.e.7880","ELEMENT":"f.76BD0702E8726841DC63080813E8F96A.d.F9DA795A9E8585A533040BFD0140E08D.e.7880"}]}
COMMAND: POST /session/5ddd57591a494e04841521b2f73ce0e1/element - {"using":"xpath","value":"//bdi[contains(text(), \"OK\")]"}
COMMAND: GET /session/5ddd57591a494e04841521b2f73ce0e1/screenshot - {}
RESULT: {"using":"xpath","value":"//bdi[contains(text(), \"OK\")]"}
COMMAND: POST /session/5ddd57591a494e04841521b2f73ce0e1/element/f.76BD0702E8726841DC63080813E8F96A.d.F9DA795A9E8585A533040BFD0140E08D.e.7881/click - {}
RESULT: {}
RESULT: {}
COMMAND: GET /session/5ddd57591a494e04841521b2f73ce0e1/screenshot - {}
RESULT: {}
COMMAND: POST /session/5ddd57591a494e04841521b2f73ce0e1/element - {"using":"xpath","value":"//input[contains(@id ,\"smartContractFilterBar-btnBasicSearch-I\")]"}
RESULT: {"using":"xpath","value":"//input[contains(@id ,\"smartContractFilterBar-btnBasicSearch-I\")]"}
COMMAND: POST /session/5ddd57591a494e04841521b2f73ce0e1/element/f.76BD0702E8726841DC63080813E8F96A.d.F9DA795A9E8585A533040BFD0140E08D.e.7313/clear - {}
RESULT: {}
COMMAND: POST /session/5ddd57591a494e04841521b2f73ce0e1/element/f.76BD0702E8726841DC63080813E8F96A.d.F9DA795A9E8585A533040BFD0140E08D.e.7313/value - {"text":"10457"}
COMMAND: GET /session/5ddd57591a494e04841521b2f73ce0e1/screenshot - {}
RESULT: {"text":"10457"}
COMMAND: POST /session/5ddd57591a494e04841521b2f73ce0e1/actions - {"actions":[{"id":"action42","type":"key","parameters":{},"actions":[{"type":"keyDown","value":"î€‡"},{"type":"pause","duration":10},{"type":"keyUp","value":"î€‡"}]}]}
COMMAND: GET /session/5ddd57591a494e04841521b2f73ce0e1/screenshot - {}
RESULT: {}
RESULT: {"actions":[{"id":"action42","type":"key","parameters":{},"actions":[{"type":"keyDown","value":"î€‡"},{"type":"pause","duration":10},{"type":"keyUp","value":"î€‡"}]}]}
COMMAND: GET /session/5ddd57591a494e04841521b2f73ce0e1/screenshot - {}
RESULT: {}
RESULT: {}
COMMAND: POST /session/5ddd57591a494e04841521b2f73ce0e1/execute/async - {"script":"<script> [1562 bytes]","args":[{"selector":{"controlType":"sap.ui.core.Icon","viewName":"etm.portal.ui.managecontracts.view.Master","properties":{"src":{"regex":{"source":"slim\\-arrow\\-right"}}}},"wdio_ui5_key":"etmportal.ui.managecontracts.view.Mastersap.ui.core.Icon{\"src\":{\"regex\":{\"source\":\"slim\\\\-arrow\\\\-right\"}}}"}]}
RESULT: {"script":"<script> [1562 bytes]","args":[{"selector":{"controlType":"sap.ui.core.Icon","viewName":"etm.portal.ui.managecontracts.view.Master","properties":{"src":{"regex":{"source":"slim\\-arrow\\-right"}}}},"wdio_ui5_key":"etmportal.ui.managecontracts.view.Mastersap.ui.core.Icon{\"src\":{\"regex\":{\"source\":\"slim\\\\-arrow\\\\-right\"}}}"}]}
RESULT: undefined
COMMAND: POST /session/5ddd57591a494e04841521b2f73ce0e1/element - {"using":"xpath","value":"//*[@id=\"__item129-__clone7111-imgNav\"]"}
RESULT: {"using":"xpath","value":"//*[@id=\"__item129-__clone7111-imgNav\"]"}
COMMAND: POST /session/5ddd57591a494e04841521b2f73ce0e1/element/f.76BD0702E8726841DC63080813E8F96A.d.F9DA795A9E8585A533040BFD0140E08D.e.8050/click - {}
RESULT: {}
COMMAND: POST /session/5ddd57591a494e04841521b2f73ce0e1/execute/async - {"script":"<script> [1562 bytes]","args":[{"selector":{"controlType":"sap.m.ObjectStatus","viewName":"etm.portal.ui.managecontracts.view.Detail","bindingPath":{"propertyPath":"LINK_TO_LOGISTICAL_STATUS/DESCRIPTION","modelName":"catalogModel"}},"wdio_ui5_key":"etmportal.ui.managecontracts.view.Detailsap.m.ObjectStatus{\"propertyPath\":\"LINK_TO_LOGISTICAL_STATUS/DESCRIPTION\",\"modelName\":\"catalogModel\"}"}]}
COMMAND: GET /session/5ddd57591a494e04841521b2f73ce0e1/screenshot - {}
RESULT: {"script":"<script> [1562 bytes]","args":[{"selector":{"controlType":"sap.m.ObjectStatus","viewName":"etm.portal.ui.managecontracts.view.Detail","bindingPath":{"propertyPath":"LINK_TO_LOGISTICAL_STATUS/DESCRIPTION","modelName":"catalogModel"}},"wdio_ui5_key":"etmportal.ui.managecontracts.view.Detailsap.m.ObjectStatus{\"propertyPath\":\"LINK_TO_LOGISTICAL_STATUS/DESCRIPTION\",\"modelName\":\"catalogModel\"}"}]}
RESULT: undefined
COMMAND: POST /session/5ddd57591a494e04841521b2f73ce0e1/execute/async - {"script":"<script> [6424 bytes]","args":[{"element-6066-11e4-a52e-4f735466cecf":"f.76BD0702E8726841DC63080813E8F96A.d.F9DA795A9E8585A533040BFD0140E08D.e.8080"},"getText",[]]}
RESULT: {}
RESULT: {"script":"<script> [6424 bytes]","args":[{"element-6066-11e4-a52e-4f735466cecf":"f.76BD0702E8726841DC63080813E8F96A.d.F9DA795A9E8585A533040BFD0140E08D.e.8080"},"getText",[]]}
]]></system-out>
    </testcase>
    <testcase classname="chrome.137_0_7151_56.windows.Standard_contract_close-reopen_US111278" name="Should reopen the contract" time="10.96">
      <system-out><![CDATA[
COMMAND: POST /session/5ddd57591a494e04841521b2f73ce0e1/execute/async - {"script":"<script> [1562 bytes]","args":[{"selector":{"id":"openContractBtn","viewName":"etm.portal.ui.managecontracts.view.Detail"},"wdio_ui5_key":"openContractBtnetmportal.ui.managecontracts.view.Detail"}]}
RESULT: {"script":"<script> [1562 bytes]","args":[{"selector":{"id":"openContractBtn","viewName":"etm.portal.ui.managecontracts.view.Detail"},"wdio_ui5_key":"openContractBtnetmportal.ui.managecontracts.view.Detail"}]}
RESULT: undefined
COMMAND: POST /session/5ddd57591a494e04841521b2f73ce0e1/execute/async - {"script":"<script> [6424 bytes]","args":[{"element-6066-11e4-a52e-4f735466cecf":"f.76BD0702E8726841DC63080813E8F96A.d.F9DA795A9E8585A533040BFD0140E08D.e.8072"},"getEnabled",[]]}
RESULT: {"script":"<script> [6424 bytes]","args":[{"element-6066-11e4-a52e-4f735466cecf":"f.76BD0702E8726841DC63080813E8F96A.d.F9DA795A9E8585A533040BFD0140E08D.e.8072"},"getEnabled",[]]}
COMMAND: POST /session/5ddd57591a494e04841521b2f73ce0e1/element - {"using":"xpath","value":"//bdi[contains(text(), \"Edit\")]"}
RESULT: {"using":"xpath","value":"//bdi[contains(text(), \"Edit\")]"}
COMMAND: POST /session/5ddd57591a494e04841521b2f73ce0e1/element - {"using":"xpath","value":"//bdi[contains(text(), \"Edit\")]"}
RESULT: undefined
COMMAND: POST /session/5ddd57591a494e04841521b2f73ce0e1/element - {"using":"xpath","value":"//*[@id=\"__xmlview64--openContractBtn\"]"}
RESULT: {"using":"xpath","value":"//*[@id=\"__xmlview64--openContractBtn\"]"}
COMMAND: POST /session/5ddd57591a494e04841521b2f73ce0e1/element/f.76BD0702E8726841DC63080813E8F96A.d.F9DA795A9E8585A533040BFD0140E08D.e.8072/click - {}
RESULT: {"using":"xpath","value":"//bdi[contains(text(), \"Edit\")]"}
RESULT: {}
COMMAND: POST /session/5ddd57591a494e04841521b2f73ce0e1/execute/async - {"script":"<script> [1562 bytes]","args":[{"selector":{"controlType":"sap.m.Text","properties":{"text":"Contract has been reopened successfully"},"searchOpenDialogs":true},"wdio_ui5_key":"sapm.Text{\"text\":\"Contract has been reopened successfully\"}"}]}
COMMAND: GET /session/5ddd57591a494e04841521b2f73ce0e1/screenshot - {}
RESULT: {"script":"<script> [1562 bytes]","args":[{"selector":{"controlType":"sap.m.Text","properties":{"text":"Contract has been reopened successfully"},"searchOpenDialogs":true},"wdio_ui5_key":"sapm.Text{\"text\":\"Contract has been reopened successfully\"}"}]}
RESULT: undefined
COMMAND: POST /session/5ddd57591a494e04841521b2f73ce0e1/execute/async - {"script":"<script> [6424 bytes]","args":[{"element-6066-11e4-a52e-4f735466cecf":"f.76BD0702E8726841DC63080813E8F96A.d.F9DA795A9E8585A533040BFD0140E08D.e.8083"},"getText",[]]}
RESULT: {}
RESULT: {"script":"<script> [6424 bytes]","args":[{"element-6066-11e4-a52e-4f735466cecf":"f.76BD0702E8726841DC63080813E8F96A.d.F9DA795A9E8585A533040BFD0140E08D.e.8083"},"getText",[]]}
COMMAND: POST /session/5ddd57591a494e04841521b2f73ce0e1/element - {"using":"xpath","value":"//bdi[contains(text(), \"OK\")]"}
RESULT: {"using":"xpath","value":"//bdi[contains(text(), \"OK\")]"}
COMMAND: POST /session/5ddd57591a494e04841521b2f73ce0e1/element/f.76BD0702E8726841DC63080813E8F96A.d.F9DA795A9E8585A533040BFD0140E08D.e.8084/click - {}
RESULT: {}
COMMAND: GET /session/5ddd57591a494e04841521b2f73ce0e1/screenshot - {}
RESULT: {}
COMMAND: POST /session/5ddd57591a494e04841521b2f73ce0e1/element - {"using":"xpath","value":"//bdi[contains(text(), \"Edit\")]"}
RESULT: undefined
COMMAND: POST /session/5ddd57591a494e04841521b2f73ce0e1/execute/async - {"script":"<script> [6424 bytes]","args":[{"element-6066-11e4-a52e-4f735466cecf":"f.76BD0702E8726841DC63080813E8F96A.d.F9DA795A9E8585A533040BFD0140E08D.e.7771"},"getEnabled",[]]}
RESULT: {"using":"xpath","value":"//bdi[contains(text(), \"Edit\")]"}
COMMAND: POST /session/5ddd57591a494e04841521b2f73ce0e1/execute/sync - {"script":"<script> [8489 bytes]","args":[{"element-6066-11e4-a52e-4f735466cecf":"f.76BD0702E8726841DC63080813E8F96A.d.F9DA795A9E8585A533040BFD0140E08D.e.8085","ELEMENT":"f.76BD0702E8726841DC63080813E8F96A.d.F9DA795A9E8585A533040BFD0140E08D.e.8085"}]}
COMMAND: POST /session/5ddd57591a494e04841521b2f73ce0e1/execute/async - {"script":"<script> [1562 bytes]","args":[{"selector":{"id":"closeContractBtn","viewName":"etm.portal.ui.managecontracts.view.Detail"},"wdio_ui5_key":"closeContractBtnetmportal.ui.managecontracts.view.Detail"}]}
RESULT: {"script":"<script> [8489 bytes]","args":[{"element-6066-11e4-a52e-4f735466cecf":"f.76BD0702E8726841DC63080813E8F96A.d.F9DA795A9E8585A533040BFD0140E08D.e.8085","ELEMENT":"f.76BD0702E8726841DC63080813E8F96A.d.F9DA795A9E8585A533040BFD0140E08D.e.8085"}]}
COMMAND: GET /session/5ddd57591a494e04841521b2f73ce0e1/screenshot - {}
RESULT: {"script":"<script> [1562 bytes]","args":[{"selector":{"id":"closeContractBtn","viewName":"etm.portal.ui.managecontracts.view.Detail"},"wdio_ui5_key":"closeContractBtnetmportal.ui.managecontracts.view.Detail"}]}
COMMAND: POST /session/5ddd57591a494e04841521b2f73ce0e1/execute/async - {"script":"<script> [6424 bytes]","args":[{"element-6066-11e4-a52e-4f735466cecf":"f.76BD0702E8726841DC63080813E8F96A.d.F9DA795A9E8585A533040BFD0140E08D.e.8086"},"getEnabled",[]]}
RESULT: {}
RESULT: {"script":"<script> [6424 bytes]","args":[{"element-6066-11e4-a52e-4f735466cecf":"f.76BD0702E8726841DC63080813E8F96A.d.F9DA795A9E8585A533040BFD0140E08D.e.8086"},"getEnabled",[]]}
]]></system-out>
    </testcase>
    <testcase classname="chrome.137_0_7151_56.windows.Standard_contract_close-reopen_US111278" name="Should verify for multiple statuses that open button is not visible" time="73.663">
      <system-out><![CDATA[
COMMAND: POST /session/5ddd57591a494e04841521b2f73ce0e1/execute/async - {"script":"<script> [1562 bytes]","args":[{"selector":{"controlType":"sap.ui.core.Icon","viewName":"etm.portal.ui.managecontracts.view.Detail","properties":{"src":{"regex":{"source":"decline"}}}},"wdio_ui5_key":"etmportal.ui.managecontracts.view.Detailsap.ui.core.Icon{\"src\":{\"regex\":{\"source\":\"decline\"}}}"}]}
RESULT: {"script":"<script> [1562 bytes]","args":[{"selector":{"controlType":"sap.ui.core.Icon","viewName":"etm.portal.ui.managecontracts.view.Detail","properties":{"src":{"regex":{"source":"decline"}}}},"wdio_ui5_key":"etmportal.ui.managecontracts.view.Detailsap.ui.core.Icon{\"src\":{\"regex\":{\"source\":\"decline\"}}}"}]}
RESULT: undefined
COMMAND: POST /session/5ddd57591a494e04841521b2f73ce0e1/element - {"using":"xpath","value":"//*[@id=\"__xmlview64--closeColumnBtn-img\"]"}
RESULT: {"using":"xpath","value":"//*[@id=\"__xmlview64--closeColumnBtn-img\"]"}
COMMAND: POST /session/5ddd57591a494e04841521b2f73ce0e1/element/f.76BD0702E8726841DC63080813E8F96A.d.F9DA795A9E8585A533040BFD0140E08D.e.8068/click - {}
RESULT: {}
COMMAND: GET /session/5ddd57591a494e04841521b2f73ce0e1/screenshot - {}
COMMAND: POST /session/5ddd57591a494e04841521b2f73ce0e1/element - {"using":"xpath","value":"//div[contains(@id ,\"smartContractFilterBar-btnBasicSearch-reset\")]"}
RESULT: {}
RESULT: {"using":"xpath","value":"//div[contains(@id ,\"smartContractFilterBar-btnBasicSearch-reset\")]"}
COMMAND: POST /session/5ddd57591a494e04841521b2f73ce0e1/element/f.76BD0702E8726841DC63080813E8F96A.d.F9DA795A9E8585A533040BFD0140E08D.e.8071/click - {}
RESULT: {}
COMMAND: GET /session/5ddd57591a494e04841521b2f73ce0e1/screenshot - {}
COMMAND: POST /session/5ddd57591a494e04841521b2f73ce0e1/execute/async - {"script":"<script> [1562 bytes]","args":[{"selector":{"controlType":"sap.ui.core.Icon","viewName":"etm.portal.ui.managecontracts.view.Master","properties":{"src":{"regex":{"source":"slim\\-arrow\\-down"}}},"ancestor":{"id":"smartContractStatusFilter","viewName":"etm.portal.ui.managecontracts.view.Master"}},"wdio_ui5_key":"etmportal.ui.managecontracts.view.Mastersap.ui.core.Icon{\"src\":{\"regex\":{\"source\":\"slim\\\\-arrow\\\\-down\"}}}{\"id\":\"smartContractStatusFilter\",\"viewName\":\"etm.portal.ui.managecontracts.view.Master\"}"}]}
RESULT: {}
RESULT: {"script":"<script> [1562 bytes]","args":[{"selector":{"controlType":"sap.ui.core.Icon","viewName":"etm.portal.ui.managecontracts.view.Master","properties":{"src":{"regex":{"source":"slim\\-arrow\\-down"}}},"ancestor":{"id":"smartContractStatusFilter","viewName":"etm.portal.ui.managecontracts.view.Master"}},"wdio_ui5_key":"etmportal.ui.managecontracts.view.Mastersap.ui.core.Icon{\"src\":{\"regex\":{\"source\":\"slim\\\\-arrow\\\\-down\"}}}{\"id\":\"smartContractStatusFilter\",\"viewName\":\"etm.portal.ui.managecontracts.view.Master\"}"}]}
RESULT: undefined
COMMAND: POST /session/5ddd57591a494e04841521b2f73ce0e1/element - {"using":"xpath","value":"//*[@id=\"__xmlview63--smartContractStatusFilter-arrow\"]"}
RESULT: {"using":"xpath","value":"//*[@id=\"__xmlview63--smartContractStatusFilter-arrow\"]"}
COMMAND: POST /session/5ddd57591a494e04841521b2f73ce0e1/element/f.76BD0702E8726841DC63080813E8F96A.d.F9DA795A9E8585A533040BFD0140E08D.e.8132/click - {}
RESULT: {}
COMMAND: POST /session/5ddd57591a494e04841521b2f73ce0e1/execute/async - {"script":"<script> [1562 bytes]","args":[{"selector":{"controlType":"sap.m.CheckBox","viewName":"etm.portal.ui.managecontracts.view.Master","properties":{"editable":true},"searchOpenDialogs":true,"ancestor":{"controlType":"sap.m.StandardListItem","viewName":"etm.portal.ui.managecontracts.view.Master","properties":{"title":"partial provided"},"searchOpenDialogs":true},"interaction":{"idSuffix":"CbBg"}},"wdio_ui5_key":"etmportal.ui.managecontracts.view.Mastersap.m.CheckBox{\"editable\":true}{\"controlType\":\"sap.m.StandardListItem\",\"viewName\":\"etm.portal.ui.managecontracts.view.Master\",\"properties\":{\"title\":\"partial provided\"},\"searchOpenDialogs\":true}"}]}
COMMAND: GET /session/5ddd57591a494e04841521b2f73ce0e1/screenshot - {}
RESULT: {"script":"<script> [1562 bytes]","args":[{"selector":{"controlType":"sap.m.CheckBox","viewName":"etm.portal.ui.managecontracts.view.Master","properties":{"editable":true},"searchOpenDialogs":true,"ancestor":{"controlType":"sap.m.StandardListItem","viewName":"etm.portal.ui.managecontracts.view.Master","properties":{"title":"partial provided"},"searchOpenDialogs":true},"interaction":{"idSuffix":"CbBg"}},"wdio_ui5_key":"etmportal.ui.managecontracts.view.Mastersap.m.CheckBox{\"editable\":true}{\"controlType\":\"sap.m.StandardListItem\",\"viewName\":\"etm.portal.ui.managecontracts.view.Master\",\"properties\":{\"title\":\"partial provided\"},\"searchOpenDialogs\":true}"}]}
RESULT: undefined
COMMAND: POST /session/5ddd57591a494e04841521b2f73ce0e1/element - {"using":"xpath","value":"//*[@id=\"__item2272-selectMulti\"]"}
RESULT: {}
RESULT: {"using":"xpath","value":"//*[@id=\"__item2272-selectMulti\"]"}
COMMAND: POST /session/5ddd57591a494e04841521b2f73ce0e1/element/f.76BD0702E8726841DC63080813E8F96A.d.F9DA795A9E8585A533040BFD0140E08D.e.8141/click - {}
RESULT: {}
COMMAND: GET /session/5ddd57591a494e04841521b2f73ce0e1/screenshot - {}
RESULT: {}
COMMAND: POST /session/5ddd57591a494e04841521b2f73ce0e1/element - {"using":"xpath","value":"(//span[contains(@title ,\"Navigation\")])[2]"}
RESULT: {"using":"xpath","value":"(//span[contains(@title ,\"Navigation\")])[2]"}
COMMAND: POST /session/5ddd57591a494e04841521b2f73ce0e1/element/f.76BD0702E8726841DC63080813E8F96A.d.F9DA795A9E8585A533040BFD0140E08D.e.8173/click - {}
RESULT: {}
COMMAND: GET /session/5ddd57591a494e04841521b2f73ce0e1/screenshot - {}
RESULT: {}
COMMAND: POST /session/5ddd57591a494e04841521b2f73ce0e1/element - {"using":"xpath","value":"//bdi[contains(@id ,\"closeContractBtn-BDI-content\")]"}
RESULT: {"using":"xpath","value":"//bdi[contains(@id ,\"closeContractBtn-BDI-content\")]"}
COMMAND: POST /session/5ddd57591a494e04841521b2f73ce0e1/execute/sync - {"script":"<script> [8489 bytes]","args":[{"element-6066-11e4-a52e-4f735466cecf":"f.76BD0702E8726841DC63080813E8F96A.d.F9DA795A9E8585A533040BFD0140E08D.e.8365","ELEMENT":"f.76BD0702E8726841DC63080813E8F96A.d.F9DA795A9E8585A533040BFD0140E08D.e.8365"}]}
RESULT: undefined
COMMAND: POST /session/5ddd57591a494e04841521b2f73ce0e1/element - {"using":"xpath","value":"//*[@id=\"__xmlview64--closeColumnBtn-img\"]"}
RESULT: {"script":"<script> [8489 bytes]","args":[{"element-6066-11e4-a52e-4f735466cecf":"f.76BD0702E8726841DC63080813E8F96A.d.F9DA795A9E8585A533040BFD0140E08D.e.8365","ELEMENT":"f.76BD0702E8726841DC63080813E8F96A.d.F9DA795A9E8585A533040BFD0140E08D.e.8365"}]}
COMMAND: GET /session/5ddd57591a494e04841521b2f73ce0e1/screenshot - {}
RESULT: {"using":"xpath","value":"//*[@id=\"__xmlview64--closeColumnBtn-img\"]"}
COMMAND: POST /session/5ddd57591a494e04841521b2f73ce0e1/element/f.76BD0702E8726841DC63080813E8F96A.d.F9DA795A9E8585A533040BFD0140E08D.e.8068/click - {}
RESULT: {}
COMMAND: POST /session/5ddd57591a494e04841521b2f73ce0e1/execute/sync - {"script":"<script> [8489 bytes]","args":[{"element-6066-11e4-a52e-4f735466cecf":"f.76BD0702E8726841DC63080813E8F96A.d.F9DA795A9E8585A533040BFD0140E08D.e.8365","ELEMENT":"f.76BD0702E8726841DC63080813E8F96A.d.F9DA795A9E8585A533040BFD0140E08D.e.8365"}]}
RESULT: {}
COMMAND: GET /session/5ddd57591a494e04841521b2f73ce0e1/screenshot - {}
RESULT: {"script":"<script> [8489 bytes]","args":[{"element-6066-11e4-a52e-4f735466cecf":"f.76BD0702E8726841DC63080813E8F96A.d.F9DA795A9E8585A533040BFD0140E08D.e.8365","ELEMENT":"f.76BD0702E8726841DC63080813E8F96A.d.F9DA795A9E8585A533040BFD0140E08D.e.8365"}]}
COMMAND: GET /session/5ddd57591a494e04841521b2f73ce0e1/screenshot - {}
COMMAND: POST /session/5ddd57591a494e04841521b2f73ce0e1/execute/sync - {"script":"<script> [8489 bytes]","args":[{"element-6066-11e4-a52e-4f735466cecf":"f.76BD0702E8726841DC63080813E8F96A.d.F9DA795A9E8585A533040BFD0140E08D.e.8365","ELEMENT":"f.76BD0702E8726841DC63080813E8F96A.d.F9DA795A9E8585A533040BFD0140E08D.e.8365"}]}
COMMAND: POST /session/5ddd57591a494e04841521b2f73ce0e1/refresh - {}
RESULT: {}
RESULT: {}
RESULT: {"script":"<script> [8489 bytes]","args":[{"element-6066-11e4-a52e-4f735466cecf":"f.76BD0702E8726841DC63080813E8F96A.d.F9DA795A9E8585A533040BFD0140E08D.e.8365","ELEMENT":"f.76BD0702E8726841DC63080813E8F96A.d.F9DA795A9E8585A533040BFD0140E08D.e.8365"}]}
COMMAND: GET /session/5ddd57591a494e04841521b2f73ce0e1/screenshot - {}
RESULT: {}
COMMAND: GET /session/5ddd57591a494e04841521b2f73ce0e1/screenshot - {}
RESULT: {}
RESULT: {}
COMMAND: POST /session/5ddd57591a494e04841521b2f73ce0e1/execute/async - {"script":"<script> [189 bytes]","args":[]}
RESULT: {"script":"<script> [189 bytes]","args":[]}
COMMAND: POST /session/5ddd57591a494e04841521b2f73ce0e1/execute/async - {"script":"<script> [123 bytes]","args":[]}
RESULT: {"script":"<script> [123 bytes]","args":[]}
COMMAND: POST /session/5ddd57591a494e04841521b2f73ce0e1/timeouts - {"script":"<number>"}
RESULT: {"script":"<number>"}
COMMAND: GET /session/5ddd57591a494e04841521b2f73ce0e1/timeouts - {}
RESULT: {}
RESULT: undefined
COMMAND: POST /session/5ddd57591a494e04841521b2f73ce0e1/execute/async - {"script":"<script> [2676 bytes]","args":[]}
RESULT: {"script":"<script> [2676 bytes]","args":[]}
COMMAND: POST /session/5ddd57591a494e04841521b2f73ce0e1/execute/async - {"script":"<script> [2342 bytes]","args":[{"protocol":"http","hostname":"0.0.0.0","path":"/","capabilities":{"browserName":"chrome","goog:chromeOptions":{"binary":"C:\\Program Files\\Google\\Chrome\\Application\\chrome.exe","args":["--start-maximized"]}},"logLevel":"warn","connectionRetryTimeout":120000,"connectionRetryCount":3,"logLevels":{},"enableDirectConnect":true,"strictSSL":true,"_":"65 more keys: [\"cacheDir\",\"port\",\"requestedCapabilities\",\"automationProtocol\",\"baseUrl\",\"waitforInterval\",\"waitforTimeout\",\"onReload\",\"beforeCommand\",\"afterCommand\",\"rootDir\",\"specs\",\"suites\",\"exclude\",\"groupLogsByTestSpec\",\"excludeDriverLogs\",\"bail\",\"framework\",\"reporters\",\"services\",\"maxInstances\",\"maxInstancesPerCapability\",\"injectGlobals\",\"filesToWatch\",\"execArgv\",\"runnerEnv\",\"runner\",\"shard\",\"specFileRetries\",\"specFileRetriesDelay\",\"specFileRetriesDeferred\",\"reporterSyncInterval\",\"reporterSyncTimeout\",\"cucumberFeaturesWithLineNumbers\",\"autoCompileOpts\",\"mochaOpts\",\"jasmineOpts\",\"cucumberOpts\",\"onPrepare\",\"onWorkerStart\",\"onWorkerEnd\",\"before\",\"beforeSession\",\"beforeSuite\",\"beforeHook\",\"beforeTest\",\"afterTest\",\"afterHook\",\"afterSuite\",\"afterSession\",\"after\",\"onComplete\",\"beforeAssertion\",\"afterAssertion\",\"beforeFeature\",\"beforeScenario\",\"beforeStep\",\"afterStep\",\"afterScenario\",\"afterFeature\",\"_\",\"suite\",\"$0\",\"ignoredWorkerServices\",\"wdi5\"]"}]}
RESULT: {"script":"<script> [2342 bytes]","args":[{"protocol":"http","hostname":"0.0.0.0","path":"/","capabilities":{"browserName":"chrome","goog:chromeOptions":{"binary":"C:\\Program Files\\Google\\Chrome\\Application\\chrome.exe","args":["--start-maximized"]}},"logLevel":"warn","connectionRetryTimeout":120000,"connectionRetryCount":3,"logLevels":{},"enableDirectConnect":true,"strictSSL":true,"_":"65 more keys: [\"cacheDir\",\"port\",\"requestedCapabilities\",\"automationProtocol\",\"baseUrl\",\"waitforInterval\",\"waitforTimeout\",\"onReload\",\"beforeCommand\",\"afterCommand\",\"rootDir\",\"specs\",\"suites\",\"exclude\",\"groupLogsByTestSpec\",\"excludeDriverLogs\",\"bail\",\"framework\",\"reporters\",\"services\",\"maxInstances\",\"maxInstancesPerCapability\",\"injectGlobals\",\"filesToWatch\",\"execArgv\",\"runnerEnv\",\"runner\",\"shard\",\"specFileRetries\",\"specFileRetriesDelay\",\"specFileRetriesDeferred\",\"reporterSyncInterval\",\"reporterSyncTimeout\",\"cucumberFeaturesWithLineNumbers\",\"autoCompileOpts\",\"mochaOpts\",\"jasmineOpts\",\"cucumberOpts\",\"onPrepare\",\"onWorkerStart\",\"onWorkerEnd\",\"before\",\"beforeSession\",\"beforeSuite\",\"beforeHook\",\"beforeTest\",\"afterTest\",\"afterHook\",\"afterSuite\",\"afterSession\",\"after\",\"onComplete\",\"beforeAssertion\",\"afterAssertion\",\"beforeFeature\",\"beforeScenario\",\"beforeStep\",\"afterStep\",\"afterScenario\",\"afterFeature\",\"_\",\"suite\",\"$0\",\"ignoredWorkerServices\",\"wdi5\"]"}]}
COMMAND: POST /session/5ddd57591a494e04841521b2f73ce0e1/execute/async - {"script":"<script> [21126 bytes]","args":[35000]}
RESULT: {"script":"<script> [21126 bytes]","args":[35000]}
COMMAND: POST /session/5ddd57591a494e04841521b2f73ce0e1/execute/async - {"script":"<script> [1562 bytes]","args":[{"selector":{"controlType":"sap.ui.core.Icon","viewName":"etm.portal.ui.managecontracts.view.Master","properties":{"src":{"regex":{"source":"slim\\-arrow\\-down"}}},"ancestor":{"id":"smartContractStatusFilter","viewName":"etm.portal.ui.managecontracts.view.Master"}},"wdio_ui5_key":"etmportal.ui.managecontracts.view.Mastersap.ui.core.Icon{\"src\":{\"regex\":{\"source\":\"slim\\\\-arrow\\\\-down\"}}}{\"id\":\"smartContractStatusFilter\",\"viewName\":\"etm.portal.ui.managecontracts.view.Master\"}"}]}
RESULT: {"script":"<script> [1562 bytes]","args":[{"selector":{"controlType":"sap.ui.core.Icon","viewName":"etm.portal.ui.managecontracts.view.Master","properties":{"src":{"regex":{"source":"slim\\-arrow\\-down"}}},"ancestor":{"id":"smartContractStatusFilter","viewName":"etm.portal.ui.managecontracts.view.Master"}},"wdio_ui5_key":"etmportal.ui.managecontracts.view.Mastersap.ui.core.Icon{\"src\":{\"regex\":{\"source\":\"slim\\\\-arrow\\\\-down\"}}}{\"id\":\"smartContractStatusFilter\",\"viewName\":\"etm.portal.ui.managecontracts.view.Master\"}"}]}
RESULT: undefined
COMMAND: POST /session/5ddd57591a494e04841521b2f73ce0e1/element - {"using":"xpath","value":"//*[@id=\"__xmlview0--smartContractStatusFilter-arrow\"]"}
RESULT: {"using":"xpath","value":"//*[@id=\"__xmlview0--smartContractStatusFilter-arrow\"]"}
COMMAND: POST /session/5ddd57591a494e04841521b2f73ce0e1/element/f.76BD0702E8726841DC63080813E8F96A.d.84D1F1BF4BC931FD87798C6DF1C34B31.e.8545/click - {}
RESULT: {}
COMMAND: GET /session/5ddd57591a494e04841521b2f73ce0e1/screenshot - {}
RESULT: {}
COMMAND: POST /session/5ddd57591a494e04841521b2f73ce0e1/execute/async - {"script":"<script> [1562 bytes]","args":[{"selector":{"controlType":"sap.m.CheckBox","viewName":"etm.portal.ui.managecontracts.view.Master","properties":{"editable":true},"searchOpenDialogs":true,"ancestor":{"controlType":"sap.m.StandardListItem","viewName":"etm.portal.ui.managecontracts.view.Master","properties":{"title":"partial billed"},"searchOpenDialogs":true},"interaction":{"idSuffix":"CbBg"}},"wdio_ui5_key":"etmportal.ui.managecontracts.view.Mastersap.m.CheckBox{\"editable\":true}{\"controlType\":\"sap.m.StandardListItem\",\"viewName\":\"etm.portal.ui.managecontracts.view.Master\",\"properties\":{\"title\":\"partial billed\"},\"searchOpenDialogs\":true}"}]}
RESULT: {"script":"<script> [1562 bytes]","args":[{"selector":{"controlType":"sap.m.CheckBox","viewName":"etm.portal.ui.managecontracts.view.Master","properties":{"editable":true},"searchOpenDialogs":true,"ancestor":{"controlType":"sap.m.StandardListItem","viewName":"etm.portal.ui.managecontracts.view.Master","properties":{"title":"partial billed"},"searchOpenDialogs":true},"interaction":{"idSuffix":"CbBg"}},"wdio_ui5_key":"etmportal.ui.managecontracts.view.Mastersap.m.CheckBox{\"editable\":true}{\"controlType\":\"sap.m.StandardListItem\",\"viewName\":\"etm.portal.ui.managecontracts.view.Master\",\"properties\":{\"title\":\"partial billed\"},\"searchOpenDialogs\":true}"}]}
RESULT: undefined
COMMAND: POST /session/5ddd57591a494e04841521b2f73ce0e1/element - {"using":"xpath","value":"//*[@id=\"__item41-selectMulti\"]"}
RESULT: {"using":"xpath","value":"//*[@id=\"__item41-selectMulti\"]"}
COMMAND: POST /session/5ddd57591a494e04841521b2f73ce0e1/element/f.76BD0702E8726841DC63080813E8F96A.d.84D1F1BF4BC931FD87798C6DF1C34B31.e.8554/click - {}
RESULT: {}
COMMAND: GET /session/5ddd57591a494e04841521b2f73ce0e1/screenshot - {}
RESULT: {}
COMMAND: POST /session/5ddd57591a494e04841521b2f73ce0e1/element - {"using":"xpath","value":"(//span[contains(@title ,\"Navigation\")])[2]"}
RESULT: {"using":"xpath","value":"(//span[contains(@title ,\"Navigation\")])[2]"}
COMMAND: POST /session/5ddd57591a494e04841521b2f73ce0e1/element/f.76BD0702E8726841DC63080813E8F96A.d.84D1F1BF4BC931FD87798C6DF1C34B31.e.8595/click - {}
RESULT: {}
COMMAND: GET /session/5ddd57591a494e04841521b2f73ce0e1/screenshot - {}
RESULT: {}
COMMAND: POST /session/5ddd57591a494e04841521b2f73ce0e1/execute/sync - {"script":"<script> [8489 bytes]","args":[{"element-6066-11e4-a52e-4f735466cecf":"f.76BD0702E8726841DC63080813E8F96A.d.F9DA795A9E8585A533040BFD0140E08D.e.8365","ELEMENT":"f.76BD0702E8726841DC63080813E8F96A.d.F9DA795A9E8585A533040BFD0140E08D.e.8365"}]}
COMMAND: POST /session/5ddd57591a494e04841521b2f73ce0e1/element - {"using":"css selector","value":"#shell-header-logo"}
COMMAND: POST /session/5ddd57591a494e04841521b2f73ce0e1/element - {"using":"xpath","value":"//bdi[contains(@id ,\"closeContractBtn-BDI-content\")]"}
RESULT: {"using":"css selector","value":"#shell-header-logo"}
COMMAND: POST /session/5ddd57591a494e04841521b2f73ce0e1/element/f.76BD0702E8726841DC63080813E8F96A.d.84D1F1BF4BC931FD87798C6DF1C34B31.e.8486/click - {}
RESULT: {"using":"xpath","value":"//bdi[contains(@id ,\"closeContractBtn-BDI-content\")]"}
COMMAND: POST /session/5ddd57591a494e04841521b2f73ce0e1/execute/sync - {"script":"<script> [8489 bytes]","args":[{"element-6066-11e4-a52e-4f735466cecf":"f.76BD0702E8726841DC63080813E8F96A.d.84D1F1BF4BC931FD87798C6DF1C34B31.e.8914","ELEMENT":"f.76BD0702E8726841DC63080813E8F96A.d.84D1F1BF4BC931FD87798C6DF1C34B31.e.8914"}]}
RESULT: {}
RESULT: {"script":"<script> [8489 bytes]","args":[{"element-6066-11e4-a52e-4f735466cecf":"f.76BD0702E8726841DC63080813E8F96A.d.84D1F1BF4BC931FD87798C6DF1C34B31.e.8914","ELEMENT":"f.76BD0702E8726841DC63080813E8F96A.d.84D1F1BF4BC931FD87798C6DF1C34B31.e.8914"}]}
COMMAND: GET /session/5ddd57591a494e04841521b2f73ce0e1/screenshot - {}
COMMAND: GET /session/5ddd57591a494e04841521b2f73ce0e1/screenshot - {}
RESULT: {}
RESULT: {}
COMMAND: POST /session/5ddd57591a494e04841521b2f73ce0e1/execute/sync - {"script":"<script> [8489 bytes]","args":[{"element-6066-11e4-a52e-4f735466cecf":"f.76BD0702E8726841DC63080813E8F96A.d.84D1F1BF4BC931FD87798C6DF1C34B31.e.8914","ELEMENT":"f.76BD0702E8726841DC63080813E8F96A.d.84D1F1BF4BC931FD87798C6DF1C34B31.e.8914"}]}
COMMAND: POST /session/5ddd57591a494e04841521b2f73ce0e1/element - {"using":"xpath","value":"//bdi[contains(@id ,\"closeContractBtn-BDI-content\")]"}
RESULT: {"using":"xpath","value":"//bdi[contains(@id ,\"closeContractBtn-BDI-content\")]"}
COMMAND: POST /session/5ddd57591a494e04841521b2f73ce0e1/element - {"using":"xpath","value":"//bdi[contains(@id ,\"closeContractBtn-BDI-content\")]"}
RESULT: {"using":"xpath","value":"//bdi[contains(@id ,\"closeContractBtn-BDI-content\")]"}
]]></system-out>
    </testcase>
  </testsuite>
  <testsuite timestamp="2025-06-04T18:12:33" time="52.176" tests="1" failures="0" errors="0" skipped="0">
    <properties>
      <property name="specId" value="0" />
      <property name="suiteName" value="Standard contract decline US151279" />
      <property name="capabilities" value="chrome.137_0_7151_56.windows" />
      <property name="file" value="file:///D:/a/1/s/test/specs/R2C/standard-contract-decline.spec.js" />
    </properties>
    <testcase classname="chrome.137_0_7151_56.windows.Standard_contract_decline_US151279" name="Should decline a contract" time="48.933">
      <system-out><![CDATA[
COMMAND: POST /session/5ddd57591a494e04841521b2f73ce0e1/execute/async - {"script":"<script> [1562 bytes]","args":[{"selector":{"controlType":"sap.m.GenericTile","properties":{"header":"Manage Contracts"}},"wdio_ui5_key":"sapm.GenericTile{\"header\":\"Manage Contracts\"}"}]}
RESULT: {"script":"<script> [1562 bytes]","args":[{"selector":{"controlType":"sap.m.GenericTile","properties":{"header":"Manage Contracts"}},"wdio_ui5_key":"sapm.GenericTile{\"header\":\"Manage Contracts\"}"}]}
RESULT: undefined
COMMAND: POST /session/5ddd57591a494e04841521b2f73ce0e1/element - {"using":"xpath","value":"//*[@id=\"__tile130\"]"}
RESULT: {"using":"xpath","value":"//*[@id=\"__tile130\"]"}
COMMAND: POST /session/5ddd57591a494e04841521b2f73ce0e1/element/f.76BD0702E8726841DC63080813E8F96A.d.84D1F1BF4BC931FD87798C6DF1C34B31.e.8930/click - {}
RESULT: {}
COMMAND: GET /session/5ddd57591a494e04841521b2f73ce0e1/screenshot - {}
RESULT: {}
COMMAND: POST /session/5ddd57591a494e04841521b2f73ce0e1/element - {"using":"xpath","value":"//input[contains(@id ,\"smartContractFilterBar-btnBasicSearch-I\")]"}
RESULT: {"using":"xpath","value":"//input[contains(@id ,\"smartContractFilterBar-btnBasicSearch-I\")]"}
COMMAND: POST /session/5ddd57591a494e04841521b2f73ce0e1/elements - {"using":"xpath","value":"//input[contains(@id ,\"smartContractFilterBar-btnBasicSearch-I\")]"}
RESULT: {"using":"xpath","value":"//input[contains(@id ,\"smartContractFilterBar-btnBasicSearch-I\")]"}
COMMAND: POST /session/5ddd57591a494e04841521b2f73ce0e1/elements - {"using":"xpath","value":"//input[contains(@id ,\"smartContractFilterBar-btnBasicSearch-I\")]"}
RESULT: {"using":"xpath","value":"//input[contains(@id ,\"smartContractFilterBar-btnBasicSearch-I\")]"}
COMMAND: POST /session/5ddd57591a494e04841521b2f73ce0e1/elements - {"using":"xpath","value":"//input[contains(@id ,\"smartContractFilterBar-btnBasicSearch-I\")]"}
RESULT: {"using":"xpath","value":"//input[contains(@id ,\"smartContractFilterBar-btnBasicSearch-I\")]"}
COMMAND: POST /session/5ddd57591a494e04841521b2f73ce0e1/element - {"using":"xpath","value":"//input[contains(@id ,\"smartContractFilterBar-btnBasicSearch-I\")]"}
RESULT: {"using":"xpath","value":"//input[contains(@id ,\"smartContractFilterBar-btnBasicSearch-I\")]"}
COMMAND: POST /session/5ddd57591a494e04841521b2f73ce0e1/element/f.76BD0702E8726841DC63080813E8F96A.d.84D1F1BF4BC931FD87798C6DF1C34B31.e.8941/clear - {}
RESULT: {}
COMMAND: POST /session/5ddd57591a494e04841521b2f73ce0e1/element/f.76BD0702E8726841DC63080813E8F96A.d.84D1F1BF4BC931FD87798C6DF1C34B31.e.8941/value - {"text":"10457"}
COMMAND: GET /session/5ddd57591a494e04841521b2f73ce0e1/screenshot - {}
RESULT: {"text":"10457"}
COMMAND: POST /session/5ddd57591a494e04841521b2f73ce0e1/actions - {"actions":[{"id":"action43","type":"key","parameters":{},"actions":[{"type":"keyDown","value":"î€‡"},{"type":"pause","duration":10},{"type":"keyUp","value":"î€‡"}]}]}
COMMAND: GET /session/5ddd57591a494e04841521b2f73ce0e1/screenshot - {}
RESULT: {}
RESULT: {"actions":[{"id":"action43","type":"key","parameters":{},"actions":[{"type":"keyDown","value":"î€‡"},{"type":"pause","duration":10},{"type":"keyUp","value":"î€‡"}]}]}
COMMAND: GET /session/5ddd57591a494e04841521b2f73ce0e1/screenshot - {}
RESULT: {}
RESULT: {}
COMMAND: POST /session/5ddd57591a494e04841521b2f73ce0e1/elements - {"using":"xpath","value":"//span[text()='Error']"}
RESULT: {"using":"xpath","value":"//span[text()='Error']"}
COMMAND: POST /session/5ddd57591a494e04841521b2f73ce0e1/execute/async - {"script":"<script> [1562 bytes]","args":[{"selector":{"controlType":"sap.ui.core.Icon","viewName":"etm.portal.ui.managecontracts.view.Master","properties":{"src":{"regex":{"source":"slim\\-arrow\\-right"}}}},"wdio_ui5_key":"etmportal.ui.managecontracts.view.Mastersap.ui.core.Icon{\"src\":{\"regex\":{\"source\":\"slim\\\\-arrow\\\\-right\"}}}"}]}
RESULT: {"script":"<script> [1562 bytes]","args":[{"selector":{"controlType":"sap.ui.core.Icon","viewName":"etm.portal.ui.managecontracts.view.Master","properties":{"src":{"regex":{"source":"slim\\-arrow\\-right"}}}},"wdio_ui5_key":"etmportal.ui.managecontracts.view.Mastersap.ui.core.Icon{\"src\":{\"regex\":{\"source\":\"slim\\\\-arrow\\\\-right\"}}}"}]}
RESULT: undefined
COMMAND: POST /session/5ddd57591a494e04841521b2f73ce0e1/element - {"using":"xpath","value":"//*[@id=\"__item77-__clone218-imgNav\"]"}
RESULT: {"using":"xpath","value":"//*[@id=\"__item77-__clone218-imgNav\"]"}
COMMAND: POST /session/5ddd57591a494e04841521b2f73ce0e1/element/f.76BD0702E8726841DC63080813E8F96A.d.84D1F1BF4BC931FD87798C6DF1C34B31.e.8994/click - {}
RESULT: {}
COMMAND: GET /session/5ddd57591a494e04841521b2f73ce0e1/screenshot - {}
RESULT: {}
COMMAND: POST /session/5ddd57591a494e04841521b2f73ce0e1/execute/async - {"script":"<script> [1562 bytes]","args":[{"selector":{"id":"cancelContractBtn","viewName":"etm.portal.ui.managecontracts.view.Detail","interaction":{"idSuffix":"BDI-content"}},"wdio_ui5_key":"cancelContractBtnetmportal.ui.managecontracts.view.Detail"}]}
RESULT: {"script":"<script> [1562 bytes]","args":[{"selector":{"id":"cancelContractBtn","viewName":"etm.portal.ui.managecontracts.view.Detail","interaction":{"idSuffix":"BDI-content"}},"wdio_ui5_key":"cancelContractBtnetmportal.ui.managecontracts.view.Detail"}]}
RESULT: undefined
COMMAND: POST /session/5ddd57591a494e04841521b2f73ce0e1/element - {"using":"xpath","value":"//*[@id=\"__xmlview61--cancelContractBtn\"]"}
RESULT: {"using":"xpath","value":"//*[@id=\"__xmlview61--cancelContractBtn\"]"}
COMMAND: POST /session/5ddd57591a494e04841521b2f73ce0e1/element/f.76BD0702E8726841DC63080813E8F96A.d.84D1F1BF4BC931FD87798C6DF1C34B31.e.9136/click - {}
RESULT: {}
COMMAND: GET /session/5ddd57591a494e04841521b2f73ce0e1/screenshot - {}
RESULT: {}
COMMAND: POST /session/5ddd57591a494e04841521b2f73ce0e1/execute/async - {"script":"<script> [1562 bytes]","args":[{"selector":{"controlType":"sap.m.Text","properties":{"text":"Do you want to cancel the whole contract?"},"searchOpenDialogs":true},"wdio_ui5_key":"sapm.Text{\"text\":\"Do you want to cancel the whole contract?\"}"}]}
RESULT: {"script":"<script> [1562 bytes]","args":[{"selector":{"controlType":"sap.m.Text","properties":{"text":"Do you want to cancel the whole contract?"},"searchOpenDialogs":true},"wdio_ui5_key":"sapm.Text{\"text\":\"Do you want to cancel the whole contract?\"}"}]}
RESULT: undefined
COMMAND: POST /session/5ddd57591a494e04841521b2f73ce0e1/execute/async - {"script":"<script> [6424 bytes]","args":[{"element-6066-11e4-a52e-4f735466cecf":"f.76BD0702E8726841DC63080813E8F96A.d.84D1F1BF4BC931FD87798C6DF1C34B31.e.9184"},"getText",[]]}
RESULT: {"script":"<script> [6424 bytes]","args":[{"element-6066-11e4-a52e-4f735466cecf":"f.76BD0702E8726841DC63080813E8F96A.d.84D1F1BF4BC931FD87798C6DF1C34B31.e.9184"},"getText",[]]}
COMMAND: POST /session/5ddd57591a494e04841521b2f73ce0e1/element - {"using":"xpath","value":"//bdi[contains(text(), \"OK\")]"}
RESULT: {"using":"xpath","value":"//bdi[contains(text(), \"OK\")]"}
COMMAND: POST /session/5ddd57591a494e04841521b2f73ce0e1/element/f.76BD0702E8726841DC63080813E8F96A.d.84D1F1BF4BC931FD87798C6DF1C34B31.e.9185/click - {}
RESULT: {}
COMMAND: GET /session/5ddd57591a494e04841521b2f73ce0e1/screenshot - {}
RESULT: {}
COMMAND: POST /session/5ddd57591a494e04841521b2f73ce0e1/element - {"using":"xpath","value":"//input[contains(@id ,\"smartContractFilterBar-btnBasicSearch-I\")]"}
RESULT: {"using":"xpath","value":"//input[contains(@id ,\"smartContractFilterBar-btnBasicSearch-I\")]"}
COMMAND: POST /session/5ddd57591a494e04841521b2f73ce0e1/element/f.76BD0702E8726841DC63080813E8F96A.d.84D1F1BF4BC931FD87798C6DF1C34B31.e.8941/clear - {}
RESULT: {}
COMMAND: POST /session/5ddd57591a494e04841521b2f73ce0e1/element/f.76BD0702E8726841DC63080813E8F96A.d.84D1F1BF4BC931FD87798C6DF1C34B31.e.8941/value - {"text":"10457"}
COMMAND: GET /session/5ddd57591a494e04841521b2f73ce0e1/screenshot - {}
RESULT: {"text":"10457"}
COMMAND: POST /session/5ddd57591a494e04841521b2f73ce0e1/actions - {"actions":[{"id":"action44","type":"key","parameters":{},"actions":[{"type":"keyDown","value":"î€‡"},{"type":"pause","duration":10},{"type":"keyUp","value":"î€‡"}]}]}
COMMAND: GET /session/5ddd57591a494e04841521b2f73ce0e1/screenshot - {}
RESULT: {}
RESULT: {"actions":[{"id":"action44","type":"key","parameters":{},"actions":[{"type":"keyDown","value":"î€‡"},{"type":"pause","duration":10},{"type":"keyUp","value":"î€‡"}]}]}
COMMAND: GET /session/5ddd57591a494e04841521b2f73ce0e1/screenshot - {}
RESULT: {}
RESULT: {}
COMMAND: POST /session/5ddd57591a494e04841521b2f73ce0e1/execute/async - {"script":"<script> [1562 bytes]","args":[{"selector":{"controlType":"sap.m.ObjectStatus","viewName":"etm.portal.ui.managecontracts.view.Master","bindingPath":{"path":"/SmartContractHeaders('10457')","propertyPath":"STATUS_DESCRIPTION"}},"wdio_ui5_key":"etmportal.ui.managecontracts.view.Mastersap.m.ObjectStatus{\"path\":\"/SmartContractHeaders('10457')\",\"propertyPath\":\"STATUS_DESCRIPTION\"}"}]}
RESULT: {"script":"<script> [1562 bytes]","args":[{"selector":{"controlType":"sap.m.ObjectStatus","viewName":"etm.portal.ui.managecontracts.view.Master","bindingPath":{"path":"/SmartContractHeaders('10457')","propertyPath":"STATUS_DESCRIPTION"}},"wdio_ui5_key":"etmportal.ui.managecontracts.view.Mastersap.m.ObjectStatus{\"path\":\"/SmartContractHeaders('10457')\",\"propertyPath\":\"STATUS_DESCRIPTION\"}"}]}
RESULT: undefined
COMMAND: POST /session/5ddd57591a494e04841521b2f73ce0e1/execute/async - {"script":"<script> [6424 bytes]","args":[{"element-6066-11e4-a52e-4f735466cecf":"f.76BD0702E8726841DC63080813E8F96A.d.84D1F1BF4BC931FD87798C6DF1C34B31.e.9244"},"getText",[]]}
RESULT: {"script":"<script> [6424 bytes]","args":[{"element-6066-11e4-a52e-4f735466cecf":"f.76BD0702E8726841DC63080813E8F96A.d.84D1F1BF4BC931FD87798C6DF1C34B31.e.9244"},"getText",[]]}
RESULT: undefined
COMMAND: POST /session/5ddd57591a494e04841521b2f73ce0e1/element - {"using":"xpath","value":"//*[@id=\"__item77-__clone218-imgNav\"]"}
RESULT: {"using":"xpath","value":"//*[@id=\"__item77-__clone218-imgNav\"]"}
COMMAND: POST /session/5ddd57591a494e04841521b2f73ce0e1/element/f.76BD0702E8726841DC63080813E8F96A.d.84D1F1BF4BC931FD87798C6DF1C34B31.e.8994/click - {}
RESULT: {}
COMMAND: GET /session/5ddd57591a494e04841521b2f73ce0e1/screenshot - {}
RESULT: {}
COMMAND: POST /session/5ddd57591a494e04841521b2f73ce0e1/execute/async - {"script":"<script> [1562 bytes]","args":[{"selector":{"controlType":"sap.m.ObjectStatus","viewName":"etm.portal.ui.managecontracts.view.Detail","bindingPath":{"path":"/SmartContractItems(CONTRACT='10457',ITEM=10m,SUB_ITEM=0m)","propertyPath":"STATUS"}},"wdio_ui5_key":"etmportal.ui.managecontracts.view.Detailsap.m.ObjectStatus{\"path\":\"/SmartContractItems(CONTRACT='10457',ITEM=10m,SUB_ITEM=0m)\",\"propertyPath\":\"STATUS\"}"}]}
RESULT: {"script":"<script> [1562 bytes]","args":[{"selector":{"controlType":"sap.m.ObjectStatus","viewName":"etm.portal.ui.managecontracts.view.Detail","bindingPath":{"path":"/SmartContractItems(CONTRACT='10457',ITEM=10m,SUB_ITEM=0m)","propertyPath":"STATUS"}},"wdio_ui5_key":"etmportal.ui.managecontracts.view.Detailsap.m.ObjectStatus{\"path\":\"/SmartContractItems(CONTRACT='10457',ITEM=10m,SUB_ITEM=0m)\",\"propertyPath\":\"STATUS\"}"}]}
RESULT: undefined
COMMAND: POST /session/5ddd57591a494e04841521b2f73ce0e1/execute/async - {"script":"<script> [6424 bytes]","args":[{"element-6066-11e4-a52e-4f735466cecf":"f.76BD0702E8726841DC63080813E8F96A.d.84D1F1BF4BC931FD87798C6DF1C34B31.e.9267"},"getText",[]]}
RESULT: {"script":"<script> [6424 bytes]","args":[{"element-6066-11e4-a52e-4f735466cecf":"f.76BD0702E8726841DC63080813E8F96A.d.84D1F1BF4BC931FD87798C6DF1C34B31.e.9267"},"getText",[]]}
COMMAND: POST /session/5ddd57591a494e04841521b2f73ce0e1/element - {"using":"css selector","value":"#shell-header-logo"}
RESULT: {"using":"css selector","value":"#shell-header-logo"}
COMMAND: POST /session/5ddd57591a494e04841521b2f73ce0e1/element/f.76BD0702E8726841DC63080813E8F96A.d.84D1F1BF4BC931FD87798C6DF1C34B31.e.8932/click - {}
RESULT: {}
COMMAND: GET /session/5ddd57591a494e04841521b2f73ce0e1/screenshot - {}
RESULT: {}
]]></system-out>
    </testcase>
  </testsuite>
  <testsuite timestamp="2025-06-04T18:13:25" time="181.779" tests="2" failures="0" errors="0" skipped="0">
    <properties>
      <property name="specId" value="0" />
      <property name="suiteName" value="Insert service into a contract US152956" />
      <property name="capabilities" value="chrome.137_0_7151_56.windows" />
      <property name="file" value="file:///D:/a/1/s/test/specs/R2C/insert-service-into-a-contract.spec.js" />
    </properties>
    <testcase classname="chrome.137_0_7151_56.windows.Insert_service_into_a_contract_US152956" name="Should create a new contract" time="96.997">
      <system-out><![CDATA[
RESULT: undefined
COMMAND: POST /session/5ddd57591a494e04841521b2f73ce0e1/element - {"using":"xpath","value":"//*[@id=\"__tile130\"]"}
RESULT: {"using":"xpath","value":"//*[@id=\"__tile130\"]"}
COMMAND: POST /session/5ddd57591a494e04841521b2f73ce0e1/element/f.76BD0702E8726841DC63080813E8F96A.d.84D1F1BF4BC931FD87798C6DF1C34B31.e.8930/click - {}
RESULT: {}
COMMAND: GET /session/5ddd57591a494e04841521b2f73ce0e1/screenshot - {}
RESULT: {}
COMMAND: POST /session/5ddd57591a494e04841521b2f73ce0e1/elements - {"using":"xpath","value":"//span[text()='Error']"}
RESULT: {"using":"xpath","value":"//span[text()='Error']"}
COMMAND: POST /session/5ddd57591a494e04841521b2f73ce0e1/element - {"using":"xpath","value":"//button[@data-kt=\"addButton\"]"}
RESULT: {"using":"xpath","value":"//button[@data-kt=\"addButton\"]"}
COMMAND: POST /session/5ddd57591a494e04841521b2f73ce0e1/element/f.76BD0702E8726841DC63080813E8F96A.d.84D1F1BF4BC931FD87798C6DF1C34B31.e.9321/click - {}
RESULT: {}
COMMAND: GET /session/5ddd57591a494e04841521b2f73ce0e1/screenshot - {}
RESULT: {}
COMMAND: POST /session/5ddd57591a494e04841521b2f73ce0e1/execute/async - {"script":"<script> [1562 bytes]","args":[{"selector":{"id":"application-managecontracts-display-component---AddNewContract--projectDescription","interaction":{"idSuffix":"inner"}},"wdio_ui5_key":"applicationmanagecontracts-display-component---AddNewContract--projectDescription"}]}
RESULT: {"script":"<script> [1562 bytes]","args":[{"selector":{"id":"application-managecontracts-display-component---AddNewContract--projectDescription","interaction":{"idSuffix":"inner"}},"wdio_ui5_key":"applicationmanagecontracts-display-component---AddNewContract--projectDescription"}]}
RESULT: undefined
COMMAND: POST /session/5ddd57591a494e04841521b2f73ce0e1/execute/async - {"script":"<script> [776 bytes]","args":[{"enterText":"WdIOTestm9krh","selector":{"id":"application-managecontracts-display-component---AddNewContract--projectDescription","interaction":{"idSuffix":"inner"}},"clearTextFirst":true,"interactionType":"ENTER_TEXT"}]}
RESULT: {"script":"<script> [776 bytes]","args":[{"enterText":"WdIOTestm9krh","selector":{"id":"application-managecontracts-display-component---AddNewContract--projectDescription","interaction":{"idSuffix":"inner"}},"clearTextFirst":true,"interactionType":"ENTER_TEXT"}]}
COMMAND: POST /session/5ddd57591a494e04841521b2f73ce0e1/element - {"using":"xpath","value":"//input[@id=\"application-managecontracts-display-component---AddNewContract--yardId-inner\"]"}
RESULT: {"using":"xpath","value":"//input[@id=\"application-managecontracts-display-component---AddNewContract--yardId-inner\"]"}
COMMAND: POST /session/5ddd57591a494e04841521b2f73ce0e1/element/f.76BD0702E8726841DC63080813E8F96A.d.84D1F1BF4BC931FD87798C6DF1C34B31.e.9583/clear - {}
RESULT: {}
COMMAND: POST /session/5ddd57591a494e04841521b2f73ce0e1/element/f.76BD0702E8726841DC63080813E8F96A.d.84D1F1BF4BC931FD87798C6DF1C34B31.e.9583/value - {"text":"WebdriverYarduw3gx"}
COMMAND: GET /session/5ddd57591a494e04841521b2f73ce0e1/screenshot - {}
RESULT: {"text":"WebdriverYarduw3gx"}
COMMAND: GET /session/5ddd57591a494e04841521b2f73ce0e1/screenshot - {}
RESULT: {}
RESULT: {}
COMMAND: POST /session/5ddd57591a494e04841521b2f73ce0e1/actions - {"actions":[{"id":"action45","type":"key","parameters":{},"actions":[{"type":"keyDown","value":"î€‡"},{"type":"pause","duration":10},{"type":"keyUp","value":"î€‡"}]}]}
RESULT: {"actions":[{"id":"action45","type":"key","parameters":{},"actions":[{"type":"keyDown","value":"î€‡"},{"type":"pause","duration":10},{"type":"keyUp","value":"î€‡"}]}]}
COMMAND: GET /session/5ddd57591a494e04841521b2f73ce0e1/screenshot - {}
RESULT: {}
COMMAND: POST /session/5ddd57591a494e04841521b2f73ce0e1/element - {"using":"xpath","value":"//input[@id=\"application-managecontracts-display-component---AddNewContract--customerSelect-inner\"]"}
RESULT: {"using":"xpath","value":"//input[@id=\"application-managecontracts-display-component---AddNewContract--customerSelect-inner\"]"}
COMMAND: POST /session/5ddd57591a494e04841521b2f73ce0e1/element/f.76BD0702E8726841DC63080813E8F96A.d.84D1F1BF4BC931FD87798C6DF1C34B31.e.9581/clear - {}
RESULT: {}
COMMAND: POST /session/5ddd57591a494e04841521b2f73ce0e1/element/f.76BD0702E8726841DC63080813E8F96A.d.84D1F1BF4BC931FD87798C6DF1C34B31.e.9581/value - {"text":"WebdriverPartnernvhqh"}
COMMAND: GET /session/5ddd57591a494e04841521b2f73ce0e1/screenshot - {}
RESULT: {"text":"WebdriverPartnernvhqh"}
COMMAND: GET /session/5ddd57591a494e04841521b2f73ce0e1/screenshot - {}
RESULT: {}
RESULT: {}
COMMAND: POST /session/5ddd57591a494e04841521b2f73ce0e1/actions - {"actions":[{"id":"action46","type":"key","parameters":{},"actions":[{"type":"keyDown","value":"î€‡"},{"type":"pause","duration":10},{"type":"keyUp","value":"î€‡"}]}]}
RESULT: {"actions":[{"id":"action46","type":"key","parameters":{},"actions":[{"type":"keyDown","value":"î€‡"},{"type":"pause","duration":10},{"type":"keyUp","value":"î€‡"}]}]}
COMMAND: GET /session/5ddd57591a494e04841521b2f73ce0e1/screenshot - {}
RESULT: {}
COMMAND: POST /session/5ddd57591a494e04841521b2f73ce0e1/element - {"using":"xpath","value":"//input[@id=\"application-managecontracts-display-component---AddNewContract--site-inner\"]"}
RESULT: {"using":"xpath","value":"//input[@id=\"application-managecontracts-display-component---AddNewContract--site-inner\"]"}
COMMAND: POST /session/5ddd57591a494e04841521b2f73ce0e1/element/f.76BD0702E8726841DC63080813E8F96A.d.84D1F1BF4BC931FD87798C6DF1C34B31.e.9582/clear - {}
RESULT: {}
COMMAND: POST /session/5ddd57591a494e04841521b2f73ce0e1/element/f.76BD0702E8726841DC63080813E8F96A.d.84D1F1BF4BC931FD87798C6DF1C34B31.e.9582/value - {"text":"WebdriverSitep6gwf"}
COMMAND: GET /session/5ddd57591a494e04841521b2f73ce0e1/screenshot - {}
RESULT: {"text":"WebdriverSitep6gwf"}
COMMAND: GET /session/5ddd57591a494e04841521b2f73ce0e1/screenshot - {}
RESULT: {}
RESULT: {}
COMMAND: POST /session/5ddd57591a494e04841521b2f73ce0e1/actions - {"actions":[{"id":"action47","type":"key","parameters":{},"actions":[{"type":"keyDown","value":"î€‡"},{"type":"pause","duration":10},{"type":"keyUp","value":"î€‡"}]}]}
RESULT: {"actions":[{"id":"action47","type":"key","parameters":{},"actions":[{"type":"keyDown","value":"î€‡"},{"type":"pause","duration":10},{"type":"keyUp","value":"î€‡"}]}]}
COMMAND: GET /session/5ddd57591a494e04841521b2f73ce0e1/screenshot - {}
COMMAND: POST /session/5ddd57591a494e04841521b2f73ce0e1/element - {"using":"xpath","value":"//button[@data-kt=\"saveButton\"]"}
RESULT: {}
RESULT: {"using":"xpath","value":"//button[@data-kt=\"saveButton\"]"}
COMMAND: POST /session/5ddd57591a494e04841521b2f73ce0e1/element/f.76BD0702E8726841DC63080813E8F96A.d.84D1F1BF4BC931FD87798C6DF1C34B31.e.9659/click - {}
RESULT: {}
COMMAND: GET /session/5ddd57591a494e04841521b2f73ce0e1/screenshot - {}
RESULT: {}
COMMAND: POST /session/5ddd57591a494e04841521b2f73ce0e1/execute/async - {"script":"<script> [1562 bytes]","args":[{"selector":{"id":"contractDetailTitleNoExpanded","viewName":"etm.portal.ui.managecontracts.view.Detail"},"wdio_ui5_key":"contractDetailTitleNoExpandedetmportal.ui.managecontracts.view.Detail"}]}
RESULT: {"script":"<script> [1562 bytes]","args":[{"selector":{"id":"contractDetailTitleNoExpanded","viewName":"etm.portal.ui.managecontracts.view.Detail"},"wdio_ui5_key":"contractDetailTitleNoExpandedetmportal.ui.managecontracts.view.Detail"}]}
RESULT: undefined
COMMAND: POST /session/5ddd57591a494e04841521b2f73ce0e1/execute/async - {"script":"<script> [6424 bytes]","args":[{"element-6066-11e4-a52e-4f735466cecf":"f.76BD0702E8726841DC63080813E8F96A.d.84D1F1BF4BC931FD87798C6DF1C34B31.e.9678"},"getText",[]]}
RESULT: {"script":"<script> [6424 bytes]","args":[{"element-6066-11e4-a52e-4f735466cecf":"f.76BD0702E8726841DC63080813E8F96A.d.84D1F1BF4BC931FD87798C6DF1C34B31.e.9678"},"getText",[]]}
]]></system-out>
    </testcase>
    <testcase classname="chrome.137_0_7151_56.windows.Insert_service_into_a_contract_US152956" name="Should add a service unit and a service group to the contract" time="80.653">
      <system-out><![CDATA[
COMMAND: POST /session/5ddd57591a494e04841521b2f73ce0e1/element - {"using":"xpath","value":"//button[@data-kt=\"contractDetailEditBtnButton\"]"}
RESULT: {"using":"xpath","value":"//button[@data-kt=\"contractDetailEditBtnButton\"]"}
COMMAND: POST /session/5ddd57591a494e04841521b2f73ce0e1/execute/sync - {"script":"<script> [8489 bytes]","args":[{"element-6066-11e4-a52e-4f735466cecf":"f.76BD0702E8726841DC63080813E8F96A.d.84D1F1BF4BC931FD87798C6DF1C34B31.e.9679","ELEMENT":"f.76BD0702E8726841DC63080813E8F96A.d.84D1F1BF4BC931FD87798C6DF1C34B31.e.9679"}]}
RESULT: {"script":"<script> [8489 bytes]","args":[{"element-6066-11e4-a52e-4f735466cecf":"f.76BD0702E8726841DC63080813E8F96A.d.84D1F1BF4BC931FD87798C6DF1C34B31.e.9679","ELEMENT":"f.76BD0702E8726841DC63080813E8F96A.d.84D1F1BF4BC931FD87798C6DF1C34B31.e.9679"}]}
COMMAND: POST /session/5ddd57591a494e04841521b2f73ce0e1/execute/sync - {"script":"<script> [8489 bytes]","args":[{"element-6066-11e4-a52e-4f735466cecf":"f.76BD0702E8726841DC63080813E8F96A.d.84D1F1BF4BC931FD87798C6DF1C34B31.e.9679","ELEMENT":"f.76BD0702E8726841DC63080813E8F96A.d.84D1F1BF4BC931FD87798C6DF1C34B31.e.9679"}]}
COMMAND: GET /session/5ddd57591a494e04841521b2f73ce0e1/screenshot - {}
RESULT: {"script":"<script> [8489 bytes]","args":[{"element-6066-11e4-a52e-4f735466cecf":"f.76BD0702E8726841DC63080813E8F96A.d.84D1F1BF4BC931FD87798C6DF1C34B31.e.9679","ELEMENT":"f.76BD0702E8726841DC63080813E8F96A.d.84D1F1BF4BC931FD87798C6DF1C34B31.e.9679"}]}
COMMAND: POST /session/5ddd57591a494e04841521b2f73ce0e1/execute/sync - {"script":"<script> [5351 bytes]","args":[{"element-6066-11e4-a52e-4f735466cecf":"f.76BD0702E8726841DC63080813E8F96A.d.84D1F1BF4BC931FD87798C6DF1C34B31.e.9679","ELEMENT":"f.76BD0702E8726841DC63080813E8F96A.d.84D1F1BF4BC931FD87798C6DF1C34B31.e.9679"}]}
COMMAND: GET /session/5ddd57591a494e04841521b2f73ce0e1/screenshot - {}
RESULT: {}
RESULT: {"script":"<script> [5351 bytes]","args":[{"element-6066-11e4-a52e-4f735466cecf":"f.76BD0702E8726841DC63080813E8F96A.d.84D1F1BF4BC931FD87798C6DF1C34B31.e.9679","ELEMENT":"f.76BD0702E8726841DC63080813E8F96A.d.84D1F1BF4BC931FD87798C6DF1C34B31.e.9679"}]}
COMMAND: POST /session/5ddd57591a494e04841521b2f73ce0e1/element/f.76BD0702E8726841DC63080813E8F96A.d.84D1F1BF4BC931FD87798C6DF1C34B31.e.9679/click - {}
COMMAND: GET /session/5ddd57591a494e04841521b2f73ce0e1/screenshot - {}
RESULT: {}
RESULT: {}
COMMAND: GET /session/5ddd57591a494e04841521b2f73ce0e1/screenshot - {}
RESULT: {}
RESULT: {}
COMMAND: POST /session/5ddd57591a494e04841521b2f73ce0e1/element - {"using":"xpath","value":"(//span[contains(text(), \"Additional Addresses\")])[2]"}
RESULT: {"using":"xpath","value":"(//span[contains(text(), \"Additional Addresses\")])[2]"}
COMMAND: POST /session/5ddd57591a494e04841521b2f73ce0e1/element/f.76BD0702E8726841DC63080813E8F96A.d.84D1F1BF4BC931FD87798C6DF1C34B31.e.9736/click - {}
RESULT: {}
COMMAND: GET /session/5ddd57591a494e04841521b2f73ce0e1/screenshot - {}
RESULT: {}
COMMAND: POST /session/5ddd57591a494e04841521b2f73ce0e1/element - {"using":"xpath","value":"//button[@data-kt=\"btnAddTableRowOverflowToolbarButton\"]"}
RESULT: {"using":"xpath","value":"//button[@data-kt=\"btnAddTableRowOverflowToolbarButton\"]"}
COMMAND: POST /session/5ddd57591a494e04841521b2f73ce0e1/element/f.76BD0702E8726841DC63080813E8F96A.d.84D1F1BF4BC931FD87798C6DF1C34B31.e.9740/click - {}
RESULT: {}
COMMAND: GET /session/5ddd57591a494e04841521b2f73ce0e1/screenshot - {}
RESULT: {}
COMMAND: POST /session/5ddd57591a494e04841521b2f73ce0e1/element - {"using":"xpath","value":"//div[(text() = 'Standard Entry' or . = 'Standard Entry')]"}
RESULT: {"using":"xpath","value":"//div[(text() = 'Standard Entry' or . = 'Standard Entry')]"}
COMMAND: POST /session/5ddd57591a494e04841521b2f73ce0e1/element/f.76BD0702E8726841DC63080813E8F96A.d.84D1F1BF4BC931FD87798C6DF1C34B31.e.9742/click - {}
RESULT: {}
COMMAND: POST /session/5ddd57591a494e04841521b2f73ce0e1/element - {"using":"xpath","value":"//button[@data-kt=\"btnAddTableRowOverflowToolbarButton\"]"}
COMMAND: GET /session/5ddd57591a494e04841521b2f73ce0e1/screenshot - {}
RESULT: {"using":"xpath","value":"//button[@data-kt=\"btnAddTableRowOverflowToolbarButton\"]"}
COMMAND: POST /session/5ddd57591a494e04841521b2f73ce0e1/element/f.76BD0702E8726841DC63080813E8F96A.d.84D1F1BF4BC931FD87798C6DF1C34B31.e.9740/click - {}
RESULT: {}
RESULT: {}
COMMAND: GET /session/5ddd57591a494e04841521b2f73ce0e1/screenshot - {}
RESULT: {}
COMMAND: POST /session/5ddd57591a494e04841521b2f73ce0e1/element - {"using":"xpath","value":"//div[(text() = 'Standard Entry' or . = 'Standard Entry')]"}
RESULT: {"using":"xpath","value":"//div[(text() = 'Standard Entry' or . = 'Standard Entry')]"}
COMMAND: POST /session/5ddd57591a494e04841521b2f73ce0e1/element/f.76BD0702E8726841DC63080813E8F96A.d.84D1F1BF4BC931FD87798C6DF1C34B31.e.9754/click - {}
RESULT: {}
COMMAND: POST /session/5ddd57591a494e04841521b2f73ce0e1/element - {"using":"xpath","value":"(//td[6]/div/div/input)[1]"}
COMMAND: GET /session/5ddd57591a494e04841521b2f73ce0e1/screenshot - {}
RESULT: {"using":"xpath","value":"(//td[6]/div/div/input)[1]"}
COMMAND: POST /session/5ddd57591a494e04841521b2f73ce0e1/element/f.76BD0702E8726841DC63080813E8F96A.d.84D1F1BF4BC931FD87798C6DF1C34B31.e.9756/click - {}
RESULT: {}
RESULT: {}
COMMAND: POST /session/5ddd57591a494e04841521b2f73ce0e1/actions - {"actions":[{"id":"action48","type":"key","parameters":{},"actions":[{"type":"keyDown","value":"î€ƒ"},{"type":"pause","duration":10},{"type":"keyUp","value":"î€ƒ"}]}]}
COMMAND: GET /session/5ddd57591a494e04841521b2f73ce0e1/screenshot - {}
RESULT: {"actions":[{"id":"action48","type":"key","parameters":{},"actions":[{"type":"keyDown","value":"î€ƒ"},{"type":"pause","duration":10},{"type":"keyUp","value":"î€ƒ"}]}]}
COMMAND: POST /session/5ddd57591a494e04841521b2f73ce0e1/element - {"using":"xpath","value":"(//td[6]/div/div/input)[1]"}
COMMAND: GET /session/5ddd57591a494e04841521b2f73ce0e1/screenshot - {}
RESULT: {}
RESULT: {"using":"xpath","value":"(//td[6]/div/div/input)[1]"}
COMMAND: POST /session/5ddd57591a494e04841521b2f73ce0e1/element/f.76BD0702E8726841DC63080813E8F96A.d.84D1F1BF4BC931FD87798C6DF1C34B31.e.9756/clear - {}
RESULT: {}
RESULT: {}
COMMAND: POST /session/5ddd57591a494e04841521b2f73ce0e1/element/f.76BD0702E8726841DC63080813E8F96A.d.84D1F1BF4BC931FD87798C6DF1C34B31.e.9756/value - {"text":"Service Unit"}
COMMAND: GET /session/5ddd57591a494e04841521b2f73ce0e1/screenshot - {}
RESULT: {"text":"Service Unit"}
COMMAND: GET /session/5ddd57591a494e04841521b2f73ce0e1/screenshot - {}
RESULT: {}
RESULT: {}
COMMAND: POST /session/5ddd57591a494e04841521b2f73ce0e1/actions - {"actions":[{"id":"action49","type":"key","parameters":{},"actions":[{"type":"keyDown","value":"î€‡"},{"type":"pause","duration":10},{"type":"keyUp","value":"î€‡"}]}]}
RESULT: {"actions":[{"id":"action49","type":"key","parameters":{},"actions":[{"type":"keyDown","value":"î€‡"},{"type":"pause","duration":10},{"type":"keyUp","value":"î€‡"}]}]}
COMMAND: GET /session/5ddd57591a494e04841521b2f73ce0e1/screenshot - {}
RESULT: {}
COMMAND: POST /session/5ddd57591a494e04841521b2f73ce0e1/actions - {"actions":[{"id":"action50","type":"key","parameters":{},"actions":[{"type":"keyDown","value":"î€‡"},{"type":"pause","duration":10},{"type":"keyUp","value":"î€‡"}]}]}
RESULT: {"actions":[{"id":"action50","type":"key","parameters":{},"actions":[{"type":"keyDown","value":"î€‡"},{"type":"pause","duration":10},{"type":"keyUp","value":"î€‡"}]}]}
COMMAND: POST /session/5ddd57591a494e04841521b2f73ce0e1/element - {"using":"xpath","value":"(//td[7]/div/div/input)[1]"}
COMMAND: GET /session/5ddd57591a494e04841521b2f73ce0e1/screenshot - {}
RESULT: {"using":"xpath","value":"(//td[7]/div/div/input)[1]"}
COMMAND: POST /session/5ddd57591a494e04841521b2f73ce0e1/element/f.76BD0702E8726841DC63080813E8F96A.d.84D1F1BF4BC931FD87798C6DF1C34B31.e.9772/clear - {}
RESULT: {}
RESULT: {}
COMMAND: POST /session/5ddd57591a494e04841521b2f73ce0e1/element/f.76BD0702E8726841DC63080813E8F96A.d.84D1F1BF4BC931FD87798C6DF1C34B31.e.9772/value - {"text":"1000001"}
COMMAND: GET /session/5ddd57591a494e04841521b2f73ce0e1/screenshot - {}
RESULT: {"text":"1000001"}
COMMAND: GET /session/5ddd57591a494e04841521b2f73ce0e1/screenshot - {}
RESULT: {}
RESULT: {}
COMMAND: POST /session/5ddd57591a494e04841521b2f73ce0e1/actions - {"actions":[{"id":"action51","type":"key","parameters":{},"actions":[{"type":"keyDown","value":"î€‡"},{"type":"pause","duration":10},{"type":"keyUp","value":"î€‡"}]}]}
RESULT: {"actions":[{"id":"action51","type":"key","parameters":{},"actions":[{"type":"keyDown","value":"î€‡"},{"type":"pause","duration":10},{"type":"keyUp","value":"î€‡"}]}]}
COMMAND: GET /session/5ddd57591a494e04841521b2f73ce0e1/screenshot - {}
RESULT: {}
COMMAND: POST /session/5ddd57591a494e04841521b2f73ce0e1/actions - {"actions":[{"id":"action52","type":"key","parameters":{},"actions":[{"type":"keyDown","value":"î€‡"},{"type":"pause","duration":10},{"type":"keyUp","value":"î€‡"}]}]}
RESULT: {"actions":[{"id":"action52","type":"key","parameters":{},"actions":[{"type":"keyDown","value":"î€‡"},{"type":"pause","duration":10},{"type":"keyUp","value":"î€‡"}]}]}
COMMAND: GET /session/5ddd57591a494e04841521b2f73ce0e1/screenshot - {}
RESULT: {}
COMMAND: POST /session/5ddd57591a494e04841521b2f73ce0e1/element - {"using":"xpath","value":"(//td[6]/div/div/input)[2]"}
RESULT: {"using":"xpath","value":"(//td[6]/div/div/input)[2]"}
COMMAND: POST /session/5ddd57591a494e04841521b2f73ce0e1/element/f.76BD0702E8726841DC63080813E8F96A.d.84D1F1BF4BC931FD87798C6DF1C34B31.e.9744/click - {}
RESULT: {}
COMMAND: POST /session/5ddd57591a494e04841521b2f73ce0e1/actions - {"actions":[{"id":"action53","type":"key","parameters":{},"actions":[{"type":"keyDown","value":"î€ƒ"},{"type":"pause","duration":10},{"type":"keyUp","value":"î€ƒ"}]}]}
COMMAND: GET /session/5ddd57591a494e04841521b2f73ce0e1/screenshot - {}
RESULT: {"actions":[{"id":"action53","type":"key","parameters":{},"actions":[{"type":"keyDown","value":"î€ƒ"},{"type":"pause","duration":10},{"type":"keyUp","value":"î€ƒ"}]}]}
COMMAND: POST /session/5ddd57591a494e04841521b2f73ce0e1/element - {"using":"xpath","value":"(//td[6]/div/div/input)[2]"}
COMMAND: GET /session/5ddd57591a494e04841521b2f73ce0e1/screenshot - {}
RESULT: {}
RESULT: {"using":"xpath","value":"(//td[6]/div/div/input)[2]"}
COMMAND: POST /session/5ddd57591a494e04841521b2f73ce0e1/element/f.76BD0702E8726841DC63080813E8F96A.d.84D1F1BF4BC931FD87798C6DF1C34B31.e.9744/clear - {}
RESULT: {}
RESULT: {}
COMMAND: POST /session/5ddd57591a494e04841521b2f73ce0e1/element/f.76BD0702E8726841DC63080813E8F96A.d.84D1F1BF4BC931FD87798C6DF1C34B31.e.9744/value - {"text":"Service Unit Group"}
COMMAND: GET /session/5ddd57591a494e04841521b2f73ce0e1/screenshot - {}
RESULT: {"text":"Service Unit Group"}
COMMAND: GET /session/5ddd57591a494e04841521b2f73ce0e1/screenshot - {}
RESULT: {}
RESULT: {}
COMMAND: POST /session/5ddd57591a494e04841521b2f73ce0e1/actions - {"actions":[{"id":"action54","type":"key","parameters":{},"actions":[{"type":"keyDown","value":"î€‡"},{"type":"pause","duration":10},{"type":"keyUp","value":"î€‡"}]}]}
RESULT: {"actions":[{"id":"action54","type":"key","parameters":{},"actions":[{"type":"keyDown","value":"î€‡"},{"type":"pause","duration":10},{"type":"keyUp","value":"î€‡"}]}]}
COMMAND: GET /session/5ddd57591a494e04841521b2f73ce0e1/screenshot - {}
RESULT: {}
COMMAND: POST /session/5ddd57591a494e04841521b2f73ce0e1/actions - {"actions":[{"id":"action55","type":"key","parameters":{},"actions":[{"type":"keyDown","value":"î€‡"},{"type":"pause","duration":10},{"type":"keyUp","value":"î€‡"}]}]}
RESULT: {"actions":[{"id":"action55","type":"key","parameters":{},"actions":[{"type":"keyDown","value":"î€‡"},{"type":"pause","duration":10},{"type":"keyUp","value":"î€‡"}]}]}
COMMAND: POST /session/5ddd57591a494e04841521b2f73ce0e1/element - {"using":"xpath","value":"(//td[7]/div/div/input)[2]"}
COMMAND: GET /session/5ddd57591a494e04841521b2f73ce0e1/screenshot - {}
RESULT: {"using":"xpath","value":"(//td[7]/div/div/input)[2]"}
COMMAND: POST /session/5ddd57591a494e04841521b2f73ce0e1/element/f.76BD0702E8726841DC63080813E8F96A.d.84D1F1BF4BC931FD87798C6DF1C34B31.e.9801/clear - {}
RESULT: {}
RESULT: {}
COMMAND: POST /session/5ddd57591a494e04841521b2f73ce0e1/element/f.76BD0702E8726841DC63080813E8F96A.d.84D1F1BF4BC931FD87798C6DF1C34B31.e.9801/value - {"text":"1100001"}
COMMAND: GET /session/5ddd57591a494e04841521b2f73ce0e1/screenshot - {}
RESULT: {"text":"1100001"}
COMMAND: GET /session/5ddd57591a494e04841521b2f73ce0e1/screenshot - {}
RESULT: {}
RESULT: {}
COMMAND: POST /session/5ddd57591a494e04841521b2f73ce0e1/actions - {"actions":[{"id":"action56","type":"key","parameters":{},"actions":[{"type":"keyDown","value":"î€‡"},{"type":"pause","duration":10},{"type":"keyUp","value":"î€‡"}]}]}
RESULT: {"actions":[{"id":"action56","type":"key","parameters":{},"actions":[{"type":"keyDown","value":"î€‡"},{"type":"pause","duration":10},{"type":"keyUp","value":"î€‡"}]}]}
COMMAND: GET /session/5ddd57591a494e04841521b2f73ce0e1/screenshot - {}
RESULT: {}
COMMAND: POST /session/5ddd57591a494e04841521b2f73ce0e1/actions - {"actions":[{"id":"action57","type":"key","parameters":{},"actions":[{"type":"keyDown","value":"î€‡"},{"type":"pause","duration":10},{"type":"keyUp","value":"î€‡"}]}]}
RESULT: {"actions":[{"id":"action57","type":"key","parameters":{},"actions":[{"type":"keyDown","value":"î€‡"},{"type":"pause","duration":10},{"type":"keyUp","value":"î€‡"}]}]}
COMMAND: GET /session/5ddd57591a494e04841521b2f73ce0e1/screenshot - {}
RESULT: {}
COMMAND: POST /session/5ddd57591a494e04841521b2f73ce0e1/element - {"using":"xpath","value":"(//button[@data-kt=\"saveButton\"])[2]"}
RESULT: {"using":"xpath","value":"(//button[@data-kt=\"saveButton\"])[2]"}
COMMAND: POST /session/5ddd57591a494e04841521b2f73ce0e1/element/f.76BD0702E8726841DC63080813E8F96A.d.84D1F1BF4BC931FD87798C6DF1C34B31.e.9825/click - {}
RESULT: {}
COMMAND: GET /session/5ddd57591a494e04841521b2f73ce0e1/screenshot - {}
RESULT: {}
COMMAND: POST /session/5ddd57591a494e04841521b2f73ce0e1/element - {"using":"xpath","value":"(//span[contains(text(), \"Additional Addresses\")])[1]"}
RESULT: {"using":"xpath","value":"(//span[contains(text(), \"Additional Addresses\")])[1]"}
COMMAND: POST /session/5ddd57591a494e04841521b2f73ce0e1/element/f.76BD0702E8726841DC63080813E8F96A.d.84D1F1BF4BC931FD87798C6DF1C34B31.e.9828/click - {}
RESULT: {}
COMMAND: GET /session/5ddd57591a494e04841521b2f73ce0e1/screenshot - {}
RESULT: {}
COMMAND: POST /session/5ddd57591a494e04841521b2f73ce0e1/execute/async - {"script":"<script> [1562 bytes]","args":[{"selector":{"controlType":"sap.m.Title","viewName":"etm.portal.ui.managecontracts.view.Detail","properties":{"text":"Contract Items (2)"}},"wdio_ui5_key":"etmportal.ui.managecontracts.view.Detailsap.m.Title{\"text\":\"Contract Items (2)\"}"}]}
RESULT: {"script":"<script> [1562 bytes]","args":[{"selector":{"controlType":"sap.m.Title","viewName":"etm.portal.ui.managecontracts.view.Detail","properties":{"text":"Contract Items (2)"}},"wdio_ui5_key":"etmportal.ui.managecontracts.view.Detailsap.m.Title{\"text\":\"Contract Items (2)\"}"}]}
RESULT: undefined
COMMAND: POST /session/5ddd57591a494e04841521b2f73ce0e1/execute/async - {"script":"<script> [6424 bytes]","args":[{"element-6066-11e4-a52e-4f735466cecf":"f.76BD0702E8726841DC63080813E8F96A.d.84D1F1BF4BC931FD87798C6DF1C34B31.e.9832"},"getText",[]]}
RESULT: {"script":"<script> [6424 bytes]","args":[{"element-6066-11e4-a52e-4f735466cecf":"f.76BD0702E8726841DC63080813E8F96A.d.84D1F1BF4BC931FD87798C6DF1C34B31.e.9832"},"getText",[]]}
COMMAND: POST /session/5ddd57591a494e04841521b2f73ce0e1/element - {"using":"xpath","value":"(//span[contains(@class ,\"sapMObjStatusText\")])[1]"}
RESULT: {"using":"xpath","value":"(//span[contains(@class ,\"sapMObjStatusText\")])[1]"}
COMMAND: GET /session/5ddd57591a494e04841521b2f73ce0e1/element/f.76BD0702E8726841DC63080813E8F96A.d.84D1F1BF4BC931FD87798C6DF1C34B31.e.9833/text - {}
RESULT: {}
COMMAND: POST /session/5ddd57591a494e04841521b2f73ce0e1/element - {"using":"xpath","value":"(//span[contains(@class ,\"sapMObjStatusText\")])[4]"}
RESULT: {"using":"xpath","value":"(//span[contains(@class ,\"sapMObjStatusText\")])[4]"}
COMMAND: GET /session/5ddd57591a494e04841521b2f73ce0e1/element/f.76BD0702E8726841DC63080813E8F96A.d.84D1F1BF4BC931FD87798C6DF1C34B31.e.9834/text - {}
RESULT: {}
COMMAND: POST /session/5ddd57591a494e04841521b2f73ce0e1/element - {"using":"css selector","value":"#shell-header-logo"}
RESULT: {"using":"css selector","value":"#shell-header-logo"}
COMMAND: POST /session/5ddd57591a494e04841521b2f73ce0e1/element/f.76BD0702E8726841DC63080813E8F96A.d.84D1F1BF4BC931FD87798C6DF1C34B31.e.9271/click - {}
RESULT: {}
COMMAND: GET /session/5ddd57591a494e04841521b2f73ce0e1/screenshot - {}
RESULT: {}
]]></system-out>
    </testcase>
  </testsuite>
  <testsuite timestamp="2025-06-04T18:16:27" time="193.279" tests="2" failures="0" errors="0" skipped="0">
    <properties>
      <property name="specId" value="0" />
      <property name="suiteName" value="Reduced contract US151275" />
      <property name="capabilities" value="chrome.137_0_7151_56.windows" />
      <property name="file" value="file:///D:/a/1/s/test/specs/R2C/reduced-contract-creation.spec.js" />
    </properties>
    <testcase classname="chrome.137_0_7151_56.windows.Reduced_contract_US151275" name="Should create a new reduced contract" time="136.755">
      <system-out><![CDATA[
RESULT: undefined
COMMAND: POST /session/5ddd57591a494e04841521b2f73ce0e1/element - {"using":"xpath","value":"//*[@id=\"__tile130\"]"}
RESULT: {"using":"xpath","value":"//*[@id=\"__tile130\"]"}
COMMAND: POST /session/5ddd57591a494e04841521b2f73ce0e1/element/f.76BD0702E8726841DC63080813E8F96A.d.84D1F1BF4BC931FD87798C6DF1C34B31.e.8930/click - {}
RESULT: {}
COMMAND: GET /session/5ddd57591a494e04841521b2f73ce0e1/screenshot - {}
RESULT: {}
COMMAND: POST /session/5ddd57591a494e04841521b2f73ce0e1/element - {"using":"xpath","value":"//button[@data-kt=\"addButton\"]"}
RESULT: {"using":"xpath","value":"//button[@data-kt=\"addButton\"]"}
COMMAND: POST /session/5ddd57591a494e04841521b2f73ce0e1/element/f.76BD0702E8726841DC63080813E8F96A.d.84D1F1BF4BC931FD87798C6DF1C34B31.e.9889/click - {}
COMMAND: POST /session/5ddd57591a494e04841521b2f73ce0e1/elements - {"using":"xpath","value":"//span[text()='Error']"}
RESULT: {}
COMMAND: GET /session/5ddd57591a494e04841521b2f73ce0e1/screenshot - {}
RESULT: {"using":"xpath","value":"//span[text()='Error']"}
COMMAND: POST /session/5ddd57591a494e04841521b2f73ce0e1/refresh - {}
RESULT: {}
RESULT: {}
COMMAND: GET /session/5ddd57591a494e04841521b2f73ce0e1/screenshot - {}
RESULT: {}
COMMAND: POST /session/5ddd57591a494e04841521b2f73ce0e1/execute/async - {"script":"<script> [189 bytes]","args":[]}
RESULT: {"script":"<script> [189 bytes]","args":[]}
COMMAND: POST /session/5ddd57591a494e04841521b2f73ce0e1/execute/async - {"script":"<script> [123 bytes]","args":[]}
RESULT: {"script":"<script> [123 bytes]","args":[]}
COMMAND: POST /session/5ddd57591a494e04841521b2f73ce0e1/timeouts - {"script":"<number>"}
RESULT: {"script":"<number>"}
COMMAND: GET /session/5ddd57591a494e04841521b2f73ce0e1/timeouts - {}
RESULT: {}
RESULT: undefined
COMMAND: POST /session/5ddd57591a494e04841521b2f73ce0e1/execute/async - {"script":"<script> [2676 bytes]","args":[]}
RESULT: {"script":"<script> [2676 bytes]","args":[]}
COMMAND: POST /session/5ddd57591a494e04841521b2f73ce0e1/execute/async - {"script":"<script> [2342 bytes]","args":[{"protocol":"http","hostname":"0.0.0.0","path":"/","capabilities":{"browserName":"chrome","goog:chromeOptions":{"binary":"C:\\Program Files\\Google\\Chrome\\Application\\chrome.exe","args":["--start-maximized"]}},"logLevel":"warn","connectionRetryTimeout":120000,"connectionRetryCount":3,"logLevels":{},"enableDirectConnect":true,"strictSSL":true,"_":"65 more keys: [\"cacheDir\",\"port\",\"requestedCapabilities\",\"automationProtocol\",\"baseUrl\",\"waitforInterval\",\"waitforTimeout\",\"onReload\",\"beforeCommand\",\"afterCommand\",\"rootDir\",\"specs\",\"suites\",\"exclude\",\"groupLogsByTestSpec\",\"excludeDriverLogs\",\"bail\",\"framework\",\"reporters\",\"services\",\"maxInstances\",\"maxInstancesPerCapability\",\"injectGlobals\",\"filesToWatch\",\"execArgv\",\"runnerEnv\",\"runner\",\"shard\",\"specFileRetries\",\"specFileRetriesDelay\",\"specFileRetriesDeferred\",\"reporterSyncInterval\",\"reporterSyncTimeout\",\"cucumberFeaturesWithLineNumbers\",\"autoCompileOpts\",\"mochaOpts\",\"jasmineOpts\",\"cucumberOpts\",\"onPrepare\",\"onWorkerStart\",\"onWorkerEnd\",\"before\",\"beforeSession\",\"beforeSuite\",\"beforeHook\",\"beforeTest\",\"afterTest\",\"afterHook\",\"afterSuite\",\"afterSession\",\"after\",\"onComplete\",\"beforeAssertion\",\"afterAssertion\",\"beforeFeature\",\"beforeScenario\",\"beforeStep\",\"afterStep\",\"afterScenario\",\"afterFeature\",\"_\",\"suite\",\"$0\",\"ignoredWorkerServices\",\"wdi5\"]"}]}
RESULT: {"script":"<script> [2342 bytes]","args":[{"protocol":"http","hostname":"0.0.0.0","path":"/","capabilities":{"browserName":"chrome","goog:chromeOptions":{"binary":"C:\\Program Files\\Google\\Chrome\\Application\\chrome.exe","args":["--start-maximized"]}},"logLevel":"warn","connectionRetryTimeout":120000,"connectionRetryCount":3,"logLevels":{},"enableDirectConnect":true,"strictSSL":true,"_":"65 more keys: [\"cacheDir\",\"port\",\"requestedCapabilities\",\"automationProtocol\",\"baseUrl\",\"waitforInterval\",\"waitforTimeout\",\"onReload\",\"beforeCommand\",\"afterCommand\",\"rootDir\",\"specs\",\"suites\",\"exclude\",\"groupLogsByTestSpec\",\"excludeDriverLogs\",\"bail\",\"framework\",\"reporters\",\"services\",\"maxInstances\",\"maxInstancesPerCapability\",\"injectGlobals\",\"filesToWatch\",\"execArgv\",\"runnerEnv\",\"runner\",\"shard\",\"specFileRetries\",\"specFileRetriesDelay\",\"specFileRetriesDeferred\",\"reporterSyncInterval\",\"reporterSyncTimeout\",\"cucumberFeaturesWithLineNumbers\",\"autoCompileOpts\",\"mochaOpts\",\"jasmineOpts\",\"cucumberOpts\",\"onPrepare\",\"onWorkerStart\",\"onWorkerEnd\",\"before\",\"beforeSession\",\"beforeSuite\",\"beforeHook\",\"beforeTest\",\"afterTest\",\"afterHook\",\"afterSuite\",\"afterSession\",\"after\",\"onComplete\",\"beforeAssertion\",\"afterAssertion\",\"beforeFeature\",\"beforeScenario\",\"beforeStep\",\"afterStep\",\"afterScenario\",\"afterFeature\",\"_\",\"suite\",\"$0\",\"ignoredWorkerServices\",\"wdi5\"]"}]}
COMMAND: POST /session/5ddd57591a494e04841521b2f73ce0e1/execute/async - {"script":"<script> [21126 bytes]","args":[35000]}
RESULT: {"script":"<script> [21126 bytes]","args":[35000]}
COMMAND: POST /session/5ddd57591a494e04841521b2f73ce0e1/execute/async - {"script":"<script> [1562 bytes]","args":[{"selector":{"id":"application-managecontracts-display-component---AddNewContract--contractType","interaction":{"idSuffix":"arrow"}},"wdio_ui5_key":"applicationmanagecontracts-display-component---AddNewContract--contractType"}]}
RESULT: {"script":"<script> [1562 bytes]","args":[{"selector":{"id":"application-managecontracts-display-component---AddNewContract--contractType","interaction":{"idSuffix":"arrow"}},"wdio_ui5_key":"applicationmanagecontracts-display-component---AddNewContract--contractType"}]}
RESULT: undefined
COMMAND: POST /session/5ddd57591a494e04841521b2f73ce0e1/element - {"using":"xpath","value":"//*[@id=\"application-managecontracts-display-component---AddNewContract--contractType\"]"}
RESULT: {"using":"xpath","value":"//*[@id=\"application-managecontracts-display-component---AddNewContract--contractType\"]"}
COMMAND: POST /session/5ddd57591a494e04841521b2f73ce0e1/element/f.76BD0702E8726841DC63080813E8F96A.d.73899F8A41E81452D89F7FDEFA442C4D.e.10434/click - {}
RESULT: {}
COMMAND: GET /session/5ddd57591a494e04841521b2f73ce0e1/screenshot - {}
RESULT: {}
COMMAND: POST /session/5ddd57591a494e04841521b2f73ce0e1/execute/async - {"script":"<script> [1562 bytes]","args":[{"selector":{"controlType":"sap.ui.core.Item","viewName":"etm.portal.ui.managecontracts.view.AddNewContract","viewId":"application-managecontracts-display-component---AddNewContract","bindingPath":{"path":"/ContractTypes('02')","propertyPath":"ID","modelName":"catalogModel"},"searchOpenDialogs":true},"wdio_ui5_key":"etmportal.ui.managecontracts.view.AddNewContractsap.ui.core.Item{\"path\":\"/ContractTypes('02')\",\"propertyPath\":\"ID\",\"modelName\":\"catalogModel\"}"}]}
RESULT: {"script":"<script> [1562 bytes]","args":[{"selector":{"controlType":"sap.ui.core.Item","viewName":"etm.portal.ui.managecontracts.view.AddNewContract","viewId":"application-managecontracts-display-component---AddNewContract","bindingPath":{"path":"/ContractTypes('02')","propertyPath":"ID","modelName":"catalogModel"},"searchOpenDialogs":true},"wdio_ui5_key":"etmportal.ui.managecontracts.view.AddNewContractsap.ui.core.Item{\"path\":\"/ContractTypes('02')\",\"propertyPath\":\"ID\",\"modelName\":\"catalogModel\"}"}]}
RESULT: undefined
COMMAND: POST /session/5ddd57591a494e04841521b2f73ce0e1/element - {"using":"xpath","value":"//*[@id=\"__item47-application-managecontracts-display-component---AddNewContract--contractType-1\"]"}
RESULT: {"using":"xpath","value":"//*[@id=\"__item47-application-managecontracts-display-component---AddNewContract--contractType-1\"]"}
COMMAND: POST /session/5ddd57591a494e04841521b2f73ce0e1/element/f.76BD0702E8726841DC63080813E8F96A.d.73899F8A41E81452D89F7FDEFA442C4D.e.10435/click - {}
RESULT: {}
COMMAND: GET /session/5ddd57591a494e04841521b2f73ce0e1/screenshot - {}
RESULT: {}
COMMAND: POST /session/5ddd57591a494e04841521b2f73ce0e1/execute/async - {"script":"<script> [1562 bytes]","args":[{"selector":{"id":"application-managecontracts-display-component---AddNewContract--projectDescription","interaction":{"idSuffix":"inner"}},"wdio_ui5_key":"applicationmanagecontracts-display-component---AddNewContract--projectDescription"}]}
RESULT: {"script":"<script> [1562 bytes]","args":[{"selector":{"id":"application-managecontracts-display-component---AddNewContract--projectDescription","interaction":{"idSuffix":"inner"}},"wdio_ui5_key":"applicationmanagecontracts-display-component---AddNewContract--projectDescription"}]}
RESULT: undefined
COMMAND: POST /session/5ddd57591a494e04841521b2f73ce0e1/execute/async - {"script":"<script> [776 bytes]","args":[{"enterText":"WdIOReduceddttg7","selector":{"id":"application-managecontracts-display-component---AddNewContract--projectDescription","interaction":{"idSuffix":"inner"}},"clearTextFirst":true,"interactionType":"ENTER_TEXT"}]}
RESULT: {"script":"<script> [776 bytes]","args":[{"enterText":"WdIOReduceddttg7","selector":{"id":"application-managecontracts-display-component---AddNewContract--projectDescription","interaction":{"idSuffix":"inner"}},"clearTextFirst":true,"interactionType":"ENTER_TEXT"}]}
COMMAND: POST /session/5ddd57591a494e04841521b2f73ce0e1/element - {"using":"xpath","value":"//input[@id=\"application-managecontracts-display-component---AddNewContract--yardId-inner\"]"}
RESULT: {"using":"xpath","value":"//input[@id=\"application-managecontracts-display-component---AddNewContract--yardId-inner\"]"}
COMMAND: POST /session/5ddd57591a494e04841521b2f73ce0e1/element/f.76BD0702E8726841DC63080813E8F96A.d.73899F8A41E81452D89F7FDEFA442C4D.e.10319/clear - {}
RESULT: {}
COMMAND: POST /session/5ddd57591a494e04841521b2f73ce0e1/element/f.76BD0702E8726841DC63080813E8F96A.d.73899F8A41E81452D89F7FDEFA442C4D.e.10319/value - {"text":"WebdriverYarduw3gx"}
COMMAND: GET /session/5ddd57591a494e04841521b2f73ce0e1/screenshot - {}
RESULT: {"text":"WebdriverYarduw3gx"}
COMMAND: GET /session/5ddd57591a494e04841521b2f73ce0e1/screenshot - {}
RESULT: {}
RESULT: {}
COMMAND: POST /session/5ddd57591a494e04841521b2f73ce0e1/actions - {"actions":[{"id":"action58","type":"key","parameters":{},"actions":[{"type":"keyDown","value":"î€‡"},{"type":"pause","duration":10},{"type":"keyUp","value":"î€‡"}]}]}
RESULT: {"actions":[{"id":"action58","type":"key","parameters":{},"actions":[{"type":"keyDown","value":"î€‡"},{"type":"pause","duration":10},{"type":"keyUp","value":"î€‡"}]}]}
COMMAND: GET /session/5ddd57591a494e04841521b2f73ce0e1/screenshot - {}
RESULT: {}
COMMAND: POST /session/5ddd57591a494e04841521b2f73ce0e1/element - {"using":"xpath","value":"//input[@id=\"application-managecontracts-display-component---AddNewContract--customerSelect-inner\"]"}
RESULT: {"using":"xpath","value":"//input[@id=\"application-managecontracts-display-component---AddNewContract--customerSelect-inner\"]"}
COMMAND: POST /session/5ddd57591a494e04841521b2f73ce0e1/element/f.76BD0702E8726841DC63080813E8F96A.d.73899F8A41E81452D89F7FDEFA442C4D.e.10317/clear - {}
RESULT: {}
COMMAND: POST /session/5ddd57591a494e04841521b2f73ce0e1/element/f.76BD0702E8726841DC63080813E8F96A.d.73899F8A41E81452D89F7FDEFA442C4D.e.10317/value - {"text":"WebdriverPartnernvhqh"}
COMMAND: GET /session/5ddd57591a494e04841521b2f73ce0e1/screenshot - {}
RESULT: {"text":"WebdriverPartnernvhqh"}
COMMAND: GET /session/5ddd57591a494e04841521b2f73ce0e1/screenshot - {}
RESULT: {}
RESULT: {}
COMMAND: POST /session/5ddd57591a494e04841521b2f73ce0e1/actions - {"actions":[{"id":"action59","type":"key","parameters":{},"actions":[{"type":"keyDown","value":"î€‡"},{"type":"pause","duration":10},{"type":"keyUp","value":"î€‡"}]}]}
RESULT: {"actions":[{"id":"action59","type":"key","parameters":{},"actions":[{"type":"keyDown","value":"î€‡"},{"type":"pause","duration":10},{"type":"keyUp","value":"î€‡"}]}]}
COMMAND: GET /session/5ddd57591a494e04841521b2f73ce0e1/screenshot - {}
RESULT: {}
COMMAND: POST /session/5ddd57591a494e04841521b2f73ce0e1/execute/async - {"script":"<script> [1562 bytes]","args":[{"selector":{"id":"application-managecontracts-display-component---AddNewContract--calendarInput-arrow"},"wdio_ui5_key":"applicationmanagecontracts-display-component---AddNewContract--calendarInput-arrow"}]}
RESULT: {"script":"<script> [1562 bytes]","args":[{"selector":{"id":"application-managecontracts-display-component---AddNewContract--calendarInput-arrow"},"wdio_ui5_key":"applicationmanagecontracts-display-component---AddNewContract--calendarInput-arrow"}]}
RESULT: undefined
COMMAND: POST /session/5ddd57591a494e04841521b2f73ce0e1/element - {"using":"xpath","value":"//*[@id=\"application-managecontracts-display-component---AddNewContract--calendarInput-arrow\"]"}
RESULT: {"using":"xpath","value":"//*[@id=\"application-managecontracts-display-component---AddNewContract--calendarInput-arrow\"]"}
COMMAND: POST /session/5ddd57591a494e04841521b2f73ce0e1/element/f.76BD0702E8726841DC63080813E8F96A.d.73899F8A41E81452D89F7FDEFA442C4D.e.10439/click - {}
RESULT: {}
COMMAND: GET /session/5ddd57591a494e04841521b2f73ce0e1/screenshot - {}
RESULT: {}
COMMAND: POST /session/5ddd57591a494e04841521b2f73ce0e1/execute/async - {"script":"<script> [1562 bytes]","args":[{"selector":{"controlType":"sap.m.StandardListItem","viewName":"etm.portal.ui.managecontracts.view.AddNewContract","viewId":"application-managecontracts-display-component---AddNewContract","properties":{"title":"1 - Calendar unit test patch"},"searchOpenDialogs":true,"interaction":{"idSuffix":"titleText"}},"wdio_ui5_key":"etmportal.ui.managecontracts.view.AddNewContractsap.m.StandardListItem{\"title\":\"1 - Calendar unit test patch\"}"}]}
RESULT: {"script":"<script> [1562 bytes]","args":[{"selector":{"controlType":"sap.m.StandardListItem","viewName":"etm.portal.ui.managecontracts.view.AddNewContract","viewId":"application-managecontracts-display-component---AddNewContract","properties":{"title":"1 - Calendar unit test patch"},"searchOpenDialogs":true,"interaction":{"idSuffix":"titleText"}},"wdio_ui5_key":"etmportal.ui.managecontracts.view.AddNewContractsap.m.StandardListItem{\"title\":\"1 - Calendar unit test patch\"}"}]}
RESULT: undefined
COMMAND: POST /session/5ddd57591a494e04841521b2f73ce0e1/element - {"using":"xpath","value":"//*[@id=\"__item1099\"]"}
RESULT: {"using":"xpath","value":"//*[@id=\"__item1099\"]"}
COMMAND: POST /session/5ddd57591a494e04841521b2f73ce0e1/element/f.76BD0702E8726841DC63080813E8F96A.d.73899F8A41E81452D89F7FDEFA442C4D.e.10441/click - {}
RESULT: {}
COMMAND: GET /session/5ddd57591a494e04841521b2f73ce0e1/screenshot - {}
RESULT: {}
COMMAND: POST /session/5ddd57591a494e04841521b2f73ce0e1/execute/async - {"script":"<script> [1562 bytes]","args":[{"selector":{"id":"application-managecontracts-display-component---AddNewContract--streetInput","interaction":{"idSuffix":"inner"}},"wdio_ui5_key":"applicationmanagecontracts-display-component---AddNewContract--streetInput"}]}
RESULT: {"script":"<script> [1562 bytes]","args":[{"selector":{"id":"application-managecontracts-display-component---AddNewContract--streetInput","interaction":{"idSuffix":"inner"}},"wdio_ui5_key":"applicationmanagecontracts-display-component---AddNewContract--streetInput"}]}
RESULT: undefined
COMMAND: POST /session/5ddd57591a494e04841521b2f73ce0e1/execute/async - {"script":"<script> [776 bytes]","args":[{"enterText":"StreetWdIO","selector":{"id":"application-managecontracts-display-component---AddNewContract--streetInput","interaction":{"idSuffix":"inner"}},"clearTextFirst":true,"interactionType":"ENTER_TEXT"}]}
RESULT: {"script":"<script> [776 bytes]","args":[{"enterText":"StreetWdIO","selector":{"id":"application-managecontracts-display-component---AddNewContract--streetInput","interaction":{"idSuffix":"inner"}},"clearTextFirst":true,"interactionType":"ENTER_TEXT"}]}
COMMAND: POST /session/5ddd57591a494e04841521b2f73ce0e1/execute/async - {"script":"<script> [1562 bytes]","args":[{"selector":{"id":"application-managecontracts-display-component---AddNewContract--numberInput","interaction":{"idSuffix":"inner"}},"wdio_ui5_key":"applicationmanagecontracts-display-component---AddNewContract--numberInput"}]}
RESULT: {"script":"<script> [1562 bytes]","args":[{"selector":{"id":"application-managecontracts-display-component---AddNewContract--numberInput","interaction":{"idSuffix":"inner"}},"wdio_ui5_key":"applicationmanagecontracts-display-component---AddNewContract--numberInput"}]}
RESULT: undefined
COMMAND: POST /session/5ddd57591a494e04841521b2f73ce0e1/execute/async - {"script":"<script> [776 bytes]","args":[{"enterText":"3","selector":{"id":"application-managecontracts-display-component---AddNewContract--numberInput","interaction":{"idSuffix":"inner"}},"clearTextFirst":true,"interactionType":"ENTER_TEXT"}]}
RESULT: {"script":"<script> [776 bytes]","args":[{"enterText":"3","selector":{"id":"application-managecontracts-display-component---AddNewContract--numberInput","interaction":{"idSuffix":"inner"}},"clearTextFirst":true,"interactionType":"ENTER_TEXT"}]}
COMMAND: POST /session/5ddd57591a494e04841521b2f73ce0e1/execute/async - {"script":"<script> [1562 bytes]","args":[{"selector":{"id":"application-managecontracts-display-component---AddNewContract--cityInput","interaction":{"idSuffix":"inner"}},"wdio_ui5_key":"applicationmanagecontracts-display-component---AddNewContract--cityInput"}]}
RESULT: {"script":"<script> [1562 bytes]","args":[{"selector":{"id":"application-managecontracts-display-component---AddNewContract--cityInput","interaction":{"idSuffix":"inner"}},"wdio_ui5_key":"applicationmanagecontracts-display-component---AddNewContract--cityInput"}]}
RESULT: undefined
COMMAND: POST /session/5ddd57591a494e04841521b2f73ce0e1/execute/async - {"script":"<script> [776 bytes]","args":[{"enterText":"Bucharest","selector":{"id":"application-managecontracts-display-component---AddNewContract--cityInput","interaction":{"idSuffix":"inner"}},"clearTextFirst":true,"interactionType":"ENTER_TEXT"}]}
RESULT: {"script":"<script> [776 bytes]","args":[{"enterText":"Bucharest","selector":{"id":"application-managecontracts-display-component---AddNewContract--cityInput","interaction":{"idSuffix":"inner"}},"clearTextFirst":true,"interactionType":"ENTER_TEXT"}]}
COMMAND: POST /session/5ddd57591a494e04841521b2f73ce0e1/execute/async - {"script":"<script> [1562 bytes]","args":[{"selector":{"id":"application-managecontracts-display-component---AddNewContract--zipInput","interaction":{"idSuffix":"inner"}},"wdio_ui5_key":"applicationmanagecontracts-display-component---AddNewContract--zipInput"}]}
RESULT: {"script":"<script> [1562 bytes]","args":[{"selector":{"id":"application-managecontracts-display-component---AddNewContract--zipInput","interaction":{"idSuffix":"inner"}},"wdio_ui5_key":"applicationmanagecontracts-display-component---AddNewContract--zipInput"}]}
RESULT: undefined
COMMAND: POST /session/5ddd57591a494e04841521b2f73ce0e1/execute/async - {"script":"<script> [776 bytes]","args":[{"enterText":"021210","selector":{"id":"application-managecontracts-display-component---AddNewContract--zipInput","interaction":{"idSuffix":"inner"}},"clearTextFirst":true,"interactionType":"ENTER_TEXT"}]}
RESULT: {"script":"<script> [776 bytes]","args":[{"enterText":"021210","selector":{"id":"application-managecontracts-display-component---AddNewContract--zipInput","interaction":{"idSuffix":"inner"}},"clearTextFirst":true,"interactionType":"ENTER_TEXT"}]}
COMMAND: POST /session/5ddd57591a494e04841521b2f73ce0e1/element - {"using":"xpath","value":"//bdi[contains(@id ,\"application-managecontracts-display-component---AddNewContract--saveBtn-BDI-content\")]"}
RESULT: {"using":"xpath","value":"//bdi[contains(@id ,\"application-managecontracts-display-component---AddNewContract--saveBtn-BDI-content\")]"}
COMMAND: POST /session/5ddd57591a494e04841521b2f73ce0e1/element/f.76BD0702E8726841DC63080813E8F96A.d.73899F8A41E81452D89F7FDEFA442C4D.e.10446/click - {}
RESULT: {}
COMMAND: GET /session/5ddd57591a494e04841521b2f73ce0e1/screenshot - {}
RESULT: {}
COMMAND: POST /session/5ddd57591a494e04841521b2f73ce0e1/element - {"using":"xpath","value":"//button[contains(@data-kt ,\"contractDetailEditBtnButton\")]"}
RESULT: {"using":"xpath","value":"//button[contains(@data-kt ,\"contractDetailEditBtnButton\")]"}
COMMAND: POST /session/5ddd57591a494e04841521b2f73ce0e1/execute/sync - {"script":"<script> [8489 bytes]","args":[{"element-6066-11e4-a52e-4f735466cecf":"f.76BD0702E8726841DC63080813E8F96A.d.73899F8A41E81452D89F7FDEFA442C4D.e.10460","ELEMENT":"f.76BD0702E8726841DC63080813E8F96A.d.73899F8A41E81452D89F7FDEFA442C4D.e.10460"}]}
RESULT: {"script":"<script> [8489 bytes]","args":[{"element-6066-11e4-a52e-4f735466cecf":"f.76BD0702E8726841DC63080813E8F96A.d.73899F8A41E81452D89F7FDEFA442C4D.e.10460","ELEMENT":"f.76BD0702E8726841DC63080813E8F96A.d.73899F8A41E81452D89F7FDEFA442C4D.e.10460"}]}
COMMAND: POST /session/5ddd57591a494e04841521b2f73ce0e1/execute/sync - {"script":"<script> [8489 bytes]","args":[{"element-6066-11e4-a52e-4f735466cecf":"f.76BD0702E8726841DC63080813E8F96A.d.73899F8A41E81452D89F7FDEFA442C4D.e.10460","ELEMENT":"f.76BD0702E8726841DC63080813E8F96A.d.73899F8A41E81452D89F7FDEFA442C4D.e.10460"}]}
COMMAND: GET /session/5ddd57591a494e04841521b2f73ce0e1/screenshot - {}
RESULT: {"script":"<script> [8489 bytes]","args":[{"element-6066-11e4-a52e-4f735466cecf":"f.76BD0702E8726841DC63080813E8F96A.d.73899F8A41E81452D89F7FDEFA442C4D.e.10460","ELEMENT":"f.76BD0702E8726841DC63080813E8F96A.d.73899F8A41E81452D89F7FDEFA442C4D.e.10460"}]}
COMMAND: POST /session/5ddd57591a494e04841521b2f73ce0e1/execute/sync - {"script":"<script> [5351 bytes]","args":[{"element-6066-11e4-a52e-4f735466cecf":"f.76BD0702E8726841DC63080813E8F96A.d.73899F8A41E81452D89F7FDEFA442C4D.e.10460","ELEMENT":"f.76BD0702E8726841DC63080813E8F96A.d.73899F8A41E81452D89F7FDEFA442C4D.e.10460"}]}
COMMAND: GET /session/5ddd57591a494e04841521b2f73ce0e1/screenshot - {}
RESULT: {}
RESULT: {"script":"<script> [5351 bytes]","args":[{"element-6066-11e4-a52e-4f735466cecf":"f.76BD0702E8726841DC63080813E8F96A.d.73899F8A41E81452D89F7FDEFA442C4D.e.10460","ELEMENT":"f.76BD0702E8726841DC63080813E8F96A.d.73899F8A41E81452D89F7FDEFA442C4D.e.10460"}]}
COMMAND: POST /session/5ddd57591a494e04841521b2f73ce0e1/execute/async - {"script":"<script> [1562 bytes]","args":[{"selector":{"controlType":"sap.m.Text","viewName":"etm.portal.ui.managecontracts.view.Detail","bindingPath":{"propertyPath":"LINK_TO_C_CONTRACT_TYPES/DESCRIPTION","modelName":"catalogModel"}},"wdio_ui5_key":"etmportal.ui.managecontracts.view.Detailsap.m.Text{\"propertyPath\":\"LINK_TO_C_CONTRACT_TYPES/DESCRIPTION\",\"modelName\":\"catalogModel\"}"}]}
COMMAND: GET /session/5ddd57591a494e04841521b2f73ce0e1/screenshot - {}
RESULT: {}
RESULT: {"script":"<script> [1562 bytes]","args":[{"selector":{"controlType":"sap.m.Text","viewName":"etm.portal.ui.managecontracts.view.Detail","bindingPath":{"propertyPath":"LINK_TO_C_CONTRACT_TYPES/DESCRIPTION","modelName":"catalogModel"}},"wdio_ui5_key":"etmportal.ui.managecontracts.view.Detailsap.m.Text{\"propertyPath\":\"LINK_TO_C_CONTRACT_TYPES/DESCRIPTION\",\"modelName\":\"catalogModel\"}"}]}
RESULT: undefined
COMMAND: POST /session/5ddd57591a494e04841521b2f73ce0e1/execute/async - {"script":"<script> [6424 bytes]","args":[{"element-6066-11e4-a52e-4f735466cecf":"f.76BD0702E8726841DC63080813E8F96A.d.73899F8A41E81452D89F7FDEFA442C4D.e.10461"},"getText",[]]}
RESULT: {}
RESULT: {"script":"<script> [6424 bytes]","args":[{"element-6066-11e4-a52e-4f735466cecf":"f.76BD0702E8726841DC63080813E8F96A.d.73899F8A41E81452D89F7FDEFA442C4D.e.10461"},"getText",[]]}
COMMAND: POST /session/5ddd57591a494e04841521b2f73ce0e1/element/f.76BD0702E8726841DC63080813E8F96A.d.73899F8A41E81452D89F7FDEFA442C4D.e.10460/click - {}
RESULT: {}
COMMAND: GET /session/5ddd57591a494e04841521b2f73ce0e1/screenshot - {}
RESULT: {}
]]></system-out>
    </testcase>
    <testcase classname="chrome.137_0_7151_56.windows.Reduced_contract_US151275" name="Should add a RU to the contract" time="50.954">
      <system-out><![CDATA[
COMMAND: POST /session/5ddd57591a494e04841521b2f73ce0e1/element - {"using":"xpath","value":"(//span[contains(text(), \"Header Billing Items\")])[2]"}
RESULT: {"using":"xpath","value":"(//span[contains(text(), \"Header Billing Items\")])[2]"}
COMMAND: POST /session/5ddd57591a494e04841521b2f73ce0e1/element/f.76BD0702E8726841DC63080813E8F96A.d.73899F8A41E81452D89F7FDEFA442C4D.e.10502/click - {}
RESULT: {}
COMMAND: GET /session/5ddd57591a494e04841521b2f73ce0e1/screenshot - {}
RESULT: {}
COMMAND: POST /session/5ddd57591a494e04841521b2f73ce0e1/element - {"using":"xpath","value":"//button[@data-kt=\"btnAddTableRowOverflowToolbarButton\"]"}
RESULT: {"using":"xpath","value":"//button[@data-kt=\"btnAddTableRowOverflowToolbarButton\"]"}
COMMAND: POST /session/5ddd57591a494e04841521b2f73ce0e1/element/f.76BD0702E8726841DC63080813E8F96A.d.73899F8A41E81452D89F7FDEFA442C4D.e.10507/click - {}
RESULT: {}
COMMAND: GET /session/5ddd57591a494e04841521b2f73ce0e1/screenshot - {}
RESULT: {}
COMMAND: POST /session/5ddd57591a494e04841521b2f73ce0e1/element - {"using":"xpath","value":"//div[(text() = 'Standard Entry' or . = 'Standard Entry')]"}
RESULT: {"using":"xpath","value":"//div[(text() = 'Standard Entry' or . = 'Standard Entry')]"}
COMMAND: POST /session/5ddd57591a494e04841521b2f73ce0e1/element/f.76BD0702E8726841DC63080813E8F96A.d.73899F8A41E81452D89F7FDEFA442C4D.e.10509/click - {}
RESULT: {}
COMMAND: POST /session/5ddd57591a494e04841521b2f73ce0e1/element - {"using":"xpath","value":"//td[6]/div/div/input[1]"}
COMMAND: GET /session/5ddd57591a494e04841521b2f73ce0e1/screenshot - {}
RESULT: {"using":"xpath","value":"//td[6]/div/div/input[1]"}
COMMAND: POST /session/5ddd57591a494e04841521b2f73ce0e1/element/f.76BD0702E8726841DC63080813E8F96A.d.73899F8A41E81452D89F7FDEFA442C4D.e.10511/click - {}
RESULT: {}
RESULT: {}
COMMAND: POST /session/5ddd57591a494e04841521b2f73ce0e1/actions - {"actions":[{"id":"action60","type":"key","parameters":{},"actions":[{"type":"keyDown","value":"î€ƒ"},{"type":"pause","duration":10},{"type":"keyUp","value":"î€ƒ"}]}]}
COMMAND: GET /session/5ddd57591a494e04841521b2f73ce0e1/screenshot - {}
RESULT: {"actions":[{"id":"action60","type":"key","parameters":{},"actions":[{"type":"keyDown","value":"î€ƒ"},{"type":"pause","duration":10},{"type":"keyUp","value":"î€ƒ"}]}]}
COMMAND: POST /session/5ddd57591a494e04841521b2f73ce0e1/element - {"using":"xpath","value":"//td[6]/div/div/input[1]"}
COMMAND: GET /session/5ddd57591a494e04841521b2f73ce0e1/screenshot - {}
RESULT: {}
RESULT: {"using":"xpath","value":"//td[6]/div/div/input[1]"}
COMMAND: POST /session/5ddd57591a494e04841521b2f73ce0e1/element/f.76BD0702E8726841DC63080813E8F96A.d.73899F8A41E81452D89F7FDEFA442C4D.e.10511/clear - {}
RESULT: {}
RESULT: {}
COMMAND: POST /session/5ddd57591a494e04841521b2f73ce0e1/element/f.76BD0702E8726841DC63080813E8F96A.d.73899F8A41E81452D89F7FDEFA442C4D.e.10511/value - {"text":"Material"}
COMMAND: GET /session/5ddd57591a494e04841521b2f73ce0e1/screenshot - {}
RESULT: {"text":"Material"}
COMMAND: GET /session/5ddd57591a494e04841521b2f73ce0e1/screenshot - {}
RESULT: {}
RESULT: {}
COMMAND: POST /session/5ddd57591a494e04841521b2f73ce0e1/actions - {"actions":[{"id":"action61","type":"key","parameters":{},"actions":[{"type":"keyDown","value":"î€‡"},{"type":"pause","duration":10},{"type":"keyUp","value":"î€‡"}]}]}
RESULT: {"actions":[{"id":"action61","type":"key","parameters":{},"actions":[{"type":"keyDown","value":"î€‡"},{"type":"pause","duration":10},{"type":"keyUp","value":"î€‡"}]}]}
COMMAND: GET /session/5ddd57591a494e04841521b2f73ce0e1/screenshot - {}
RESULT: {}
COMMAND: POST /session/5ddd57591a494e04841521b2f73ce0e1/actions - {"actions":[{"id":"action62","type":"key","parameters":{},"actions":[{"type":"keyDown","value":"î€‡"},{"type":"pause","duration":10},{"type":"keyUp","value":"î€‡"}]}]}
RESULT: {"actions":[{"id":"action62","type":"key","parameters":{},"actions":[{"type":"keyDown","value":"î€‡"},{"type":"pause","duration":10},{"type":"keyUp","value":"î€‡"}]}]}
COMMAND: POST /session/5ddd57591a494e04841521b2f73ce0e1/element - {"using":"xpath","value":"//td[7]/div/div/input"}
COMMAND: GET /session/5ddd57591a494e04841521b2f73ce0e1/screenshot - {}
RESULT: {"using":"xpath","value":"//td[7]/div/div/input"}
COMMAND: POST /session/5ddd57591a494e04841521b2f73ce0e1/element/f.76BD0702E8726841DC63080813E8F96A.d.73899F8A41E81452D89F7FDEFA442C4D.e.10524/clear - {}
RESULT: {}
RESULT: {}
COMMAND: POST /session/5ddd57591a494e04841521b2f73ce0e1/element/f.76BD0702E8726841DC63080813E8F96A.d.73899F8A41E81452D89F7FDEFA442C4D.e.10524/value - {"text":"WebdriverRUR2C"}
COMMAND: GET /session/5ddd57591a494e04841521b2f73ce0e1/screenshot - {}
RESULT: {"text":"WebdriverRUR2C"}
COMMAND: GET /session/5ddd57591a494e04841521b2f73ce0e1/screenshot - {}
RESULT: {}
RESULT: {}
COMMAND: POST /session/5ddd57591a494e04841521b2f73ce0e1/actions - {"actions":[{"id":"action63","type":"key","parameters":{},"actions":[{"type":"keyDown","value":"î€‡"},{"type":"pause","duration":10},{"type":"keyUp","value":"î€‡"}]}]}
RESULT: {"actions":[{"id":"action63","type":"key","parameters":{},"actions":[{"type":"keyDown","value":"î€‡"},{"type":"pause","duration":10},{"type":"keyUp","value":"î€‡"}]}]}
COMMAND: GET /session/5ddd57591a494e04841521b2f73ce0e1/screenshot - {}
RESULT: {}
COMMAND: POST /session/5ddd57591a494e04841521b2f73ce0e1/actions - {"actions":[{"id":"action64","type":"key","parameters":{},"actions":[{"type":"keyDown","value":"î€‡"},{"type":"pause","duration":10},{"type":"keyUp","value":"î€‡"}]}]}
RESULT: {"actions":[{"id":"action64","type":"key","parameters":{},"actions":[{"type":"keyDown","value":"î€‡"},{"type":"pause","duration":10},{"type":"keyUp","value":"î€‡"}]}]}
COMMAND: GET /session/5ddd57591a494e04841521b2f73ce0e1/screenshot - {}
RESULT: {}
COMMAND: POST /session/5ddd57591a494e04841521b2f73ce0e1/element - {"using":"xpath","value":"(//button[@data-kt=\"saveButton\"])[2]"}
RESULT: {"using":"xpath","value":"(//button[@data-kt=\"saveButton\"])[2]"}
COMMAND: POST /session/5ddd57591a494e04841521b2f73ce0e1/element/f.76BD0702E8726841DC63080813E8F96A.d.73899F8A41E81452D89F7FDEFA442C4D.e.10549/click - {}
RESULT: {}
COMMAND: GET /session/5ddd57591a494e04841521b2f73ce0e1/screenshot - {}
RESULT: {}
COMMAND: POST /session/5ddd57591a494e04841521b2f73ce0e1/element - {"using":"xpath","value":"//button[contains(@data-kt ,\"contractDetailEditBtnButton\")]"}
RESULT: {"using":"xpath","value":"//button[contains(@data-kt ,\"contractDetailEditBtnButton\")]"}
COMMAND: POST /session/5ddd57591a494e04841521b2f73ce0e1/execute/sync - {"script":"<script> [8489 bytes]","args":[{"element-6066-11e4-a52e-4f735466cecf":"f.76BD0702E8726841DC63080813E8F96A.d.73899F8A41E81452D89F7FDEFA442C4D.e.10460","ELEMENT":"f.76BD0702E8726841DC63080813E8F96A.d.73899F8A41E81452D89F7FDEFA442C4D.e.10460"}]}
RESULT: {"script":"<script> [8489 bytes]","args":[{"element-6066-11e4-a52e-4f735466cecf":"f.76BD0702E8726841DC63080813E8F96A.d.73899F8A41E81452D89F7FDEFA442C4D.e.10460","ELEMENT":"f.76BD0702E8726841DC63080813E8F96A.d.73899F8A41E81452D89F7FDEFA442C4D.e.10460"}]}
COMMAND: POST /session/5ddd57591a494e04841521b2f73ce0e1/execute/sync - {"script":"<script> [8489 bytes]","args":[{"element-6066-11e4-a52e-4f735466cecf":"f.76BD0702E8726841DC63080813E8F96A.d.73899F8A41E81452D89F7FDEFA442C4D.e.10460","ELEMENT":"f.76BD0702E8726841DC63080813E8F96A.d.73899F8A41E81452D89F7FDEFA442C4D.e.10460"}]}
COMMAND: GET /session/5ddd57591a494e04841521b2f73ce0e1/screenshot - {}
RESULT: {"script":"<script> [8489 bytes]","args":[{"element-6066-11e4-a52e-4f735466cecf":"f.76BD0702E8726841DC63080813E8F96A.d.73899F8A41E81452D89F7FDEFA442C4D.e.10460","ELEMENT":"f.76BD0702E8726841DC63080813E8F96A.d.73899F8A41E81452D89F7FDEFA442C4D.e.10460"}]}
COMMAND: POST /session/5ddd57591a494e04841521b2f73ce0e1/execute/sync - {"script":"<script> [5351 bytes]","args":[{"element-6066-11e4-a52e-4f735466cecf":"f.76BD0702E8726841DC63080813E8F96A.d.73899F8A41E81452D89F7FDEFA442C4D.e.10460","ELEMENT":"f.76BD0702E8726841DC63080813E8F96A.d.73899F8A41E81452D89F7FDEFA442C4D.e.10460"}]}
COMMAND: GET /session/5ddd57591a494e04841521b2f73ce0e1/screenshot - {}
RESULT: {}
RESULT: {"script":"<script> [5351 bytes]","args":[{"element-6066-11e4-a52e-4f735466cecf":"f.76BD0702E8726841DC63080813E8F96A.d.73899F8A41E81452D89F7FDEFA442C4D.e.10460","ELEMENT":"f.76BD0702E8726841DC63080813E8F96A.d.73899F8A41E81452D89F7FDEFA442C4D.e.10460"}]}
COMMAND: POST /session/5ddd57591a494e04841521b2f73ce0e1/element - {"using":"xpath","value":"(//span[contains(text(), \"Header Billing Items\")])[1]"}
COMMAND: GET /session/5ddd57591a494e04841521b2f73ce0e1/screenshot - {}
RESULT: {}
RESULT: {"using":"xpath","value":"(//span[contains(text(), \"Header Billing Items\")])[1]"}
COMMAND: POST /session/5ddd57591a494e04841521b2f73ce0e1/element/f.76BD0702E8726841DC63080813E8F96A.d.73899F8A41E81452D89F7FDEFA442C4D.e.10552/click - {}
RESULT: {}
RESULT: {}
COMMAND: GET /session/5ddd57591a494e04841521b2f73ce0e1/screenshot - {}
RESULT: {}
COMMAND: POST /session/5ddd57591a494e04841521b2f73ce0e1/execute/async - {"script":"<script> [1562 bytes]","args":[{"selector":{"controlType":"sap.m.Title","viewName":"etm.portal.ui.managecontracts.view.Detail","properties":{"text":"Contract Items (1)"}},"wdio_ui5_key":"etmportal.ui.managecontracts.view.Detailsap.m.Title{\"text\":\"Contract Items (1)\"}"}]}
RESULT: {"script":"<script> [1562 bytes]","args":[{"selector":{"controlType":"sap.m.Title","viewName":"etm.portal.ui.managecontracts.view.Detail","properties":{"text":"Contract Items (1)"}},"wdio_ui5_key":"etmportal.ui.managecontracts.view.Detailsap.m.Title{\"text\":\"Contract Items (1)\"}"}]}
RESULT: undefined
COMMAND: POST /session/5ddd57591a494e04841521b2f73ce0e1/execute/async - {"script":"<script> [6424 bytes]","args":[{"element-6066-11e4-a52e-4f735466cecf":"f.76BD0702E8726841DC63080813E8F96A.d.73899F8A41E81452D89F7FDEFA442C4D.e.10556"},"getText",[]]}
RESULT: {"script":"<script> [6424 bytes]","args":[{"element-6066-11e4-a52e-4f735466cecf":"f.76BD0702E8726841DC63080813E8F96A.d.73899F8A41E81452D89F7FDEFA442C4D.e.10556"},"getText",[]]}
COMMAND: POST /session/5ddd57591a494e04841521b2f73ce0e1/element - {"using":"xpath","value":"(//span[contains(@class ,\"sapMObjStatusText\")])[1]"}
RESULT: {"using":"xpath","value":"(//span[contains(@class ,\"sapMObjStatusText\")])[1]"}
COMMAND: GET /session/5ddd57591a494e04841521b2f73ce0e1/element/f.76BD0702E8726841DC63080813E8F96A.d.73899F8A41E81452D89F7FDEFA442C4D.e.10557/text - {}
RESULT: {}
COMMAND: POST /session/5ddd57591a494e04841521b2f73ce0e1/refresh - {}
RESULT: {}
COMMAND: GET /session/5ddd57591a494e04841521b2f73ce0e1/screenshot - {}
RESULT: {}
COMMAND: POST /session/5ddd57591a494e04841521b2f73ce0e1/execute/async - {"script":"<script> [189 bytes]","args":[]}
RESULT: {"script":"<script> [189 bytes]","args":[]}
COMMAND: POST /session/5ddd57591a494e04841521b2f73ce0e1/execute/async - {"script":"<script> [123 bytes]","args":[]}
RESULT: {"script":"<script> [123 bytes]","args":[]}
COMMAND: POST /session/5ddd57591a494e04841521b2f73ce0e1/timeouts - {"script":"<number>"}
RESULT: {"script":"<number>"}
COMMAND: GET /session/5ddd57591a494e04841521b2f73ce0e1/timeouts - {}
RESULT: {}
RESULT: undefined
COMMAND: POST /session/5ddd57591a494e04841521b2f73ce0e1/execute/async - {"script":"<script> [2676 bytes]","args":[]}
RESULT: {"script":"<script> [2676 bytes]","args":[]}
COMMAND: POST /session/5ddd57591a494e04841521b2f73ce0e1/execute/async - {"script":"<script> [2342 bytes]","args":[{"protocol":"http","hostname":"0.0.0.0","path":"/","capabilities":{"browserName":"chrome","goog:chromeOptions":{"binary":"C:\\Program Files\\Google\\Chrome\\Application\\chrome.exe","args":["--start-maximized"]}},"logLevel":"warn","connectionRetryTimeout":120000,"connectionRetryCount":3,"logLevels":{},"enableDirectConnect":true,"strictSSL":true,"_":"65 more keys: [\"cacheDir\",\"port\",\"requestedCapabilities\",\"automationProtocol\",\"baseUrl\",\"waitforInterval\",\"waitforTimeout\",\"onReload\",\"beforeCommand\",\"afterCommand\",\"rootDir\",\"specs\",\"suites\",\"exclude\",\"groupLogsByTestSpec\",\"excludeDriverLogs\",\"bail\",\"framework\",\"reporters\",\"services\",\"maxInstances\",\"maxInstancesPerCapability\",\"injectGlobals\",\"filesToWatch\",\"execArgv\",\"runnerEnv\",\"runner\",\"shard\",\"specFileRetries\",\"specFileRetriesDelay\",\"specFileRetriesDeferred\",\"reporterSyncInterval\",\"reporterSyncTimeout\",\"cucumberFeaturesWithLineNumbers\",\"autoCompileOpts\",\"mochaOpts\",\"jasmineOpts\",\"cucumberOpts\",\"onPrepare\",\"onWorkerStart\",\"onWorkerEnd\",\"before\",\"beforeSession\",\"beforeSuite\",\"beforeHook\",\"beforeTest\",\"afterTest\",\"afterHook\",\"afterSuite\",\"afterSession\",\"after\",\"onComplete\",\"beforeAssertion\",\"afterAssertion\",\"beforeFeature\",\"beforeScenario\",\"beforeStep\",\"afterStep\",\"afterScenario\",\"afterFeature\",\"_\",\"suite\",\"$0\",\"ignoredWorkerServices\",\"wdi5\"]"}]}
RESULT: {"script":"<script> [2342 bytes]","args":[{"protocol":"http","hostname":"0.0.0.0","path":"/","capabilities":{"browserName":"chrome","goog:chromeOptions":{"binary":"C:\\Program Files\\Google\\Chrome\\Application\\chrome.exe","args":["--start-maximized"]}},"logLevel":"warn","connectionRetryTimeout":120000,"connectionRetryCount":3,"logLevels":{},"enableDirectConnect":true,"strictSSL":true,"_":"65 more keys: [\"cacheDir\",\"port\",\"requestedCapabilities\",\"automationProtocol\",\"baseUrl\",\"waitforInterval\",\"waitforTimeout\",\"onReload\",\"beforeCommand\",\"afterCommand\",\"rootDir\",\"specs\",\"suites\",\"exclude\",\"groupLogsByTestSpec\",\"excludeDriverLogs\",\"bail\",\"framework\",\"reporters\",\"services\",\"maxInstances\",\"maxInstancesPerCapability\",\"injectGlobals\",\"filesToWatch\",\"execArgv\",\"runnerEnv\",\"runner\",\"shard\",\"specFileRetries\",\"specFileRetriesDelay\",\"specFileRetriesDeferred\",\"reporterSyncInterval\",\"reporterSyncTimeout\",\"cucumberFeaturesWithLineNumbers\",\"autoCompileOpts\",\"mochaOpts\",\"jasmineOpts\",\"cucumberOpts\",\"onPrepare\",\"onWorkerStart\",\"onWorkerEnd\",\"before\",\"beforeSession\",\"beforeSuite\",\"beforeHook\",\"beforeTest\",\"afterTest\",\"afterHook\",\"afterSuite\",\"afterSession\",\"after\",\"onComplete\",\"beforeAssertion\",\"afterAssertion\",\"beforeFeature\",\"beforeScenario\",\"beforeStep\",\"afterStep\",\"afterScenario\",\"afterFeature\",\"_\",\"suite\",\"$0\",\"ignoredWorkerServices\",\"wdi5\"]"}]}
COMMAND: POST /session/5ddd57591a494e04841521b2f73ce0e1/execute/async - {"script":"<script> [21126 bytes]","args":[35000]}
RESULT: {"script":"<script> [21126 bytes]","args":[35000]}
COMMAND: POST /session/5ddd57591a494e04841521b2f73ce0e1/element - {"using":"css selector","value":"#shell-header-logo"}
RESULT: {"using":"css selector","value":"#shell-header-logo"}
COMMAND: POST /session/5ddd57591a494e04841521b2f73ce0e1/element/f.76BD0702E8726841DC63080813E8F96A.d.389F13A9EDCD2900617374435BA07701.e.10564/click - {}
RESULT: {}
COMMAND: GET /session/5ddd57591a494e04841521b2f73ce0e1/screenshot - {}
RESULT: {}
]]></system-out>
    </testcase>
  </testsuite>
  <testsuite timestamp="2025-06-04T18:19:40" time="1422.484" tests="7" failures="0" errors="0" skipped="0">
    <properties>
      <property name="specId" value="0" />
      <property name="suiteName" value="E2E - Logistical and commercial statuses" />
      <property name="capabilities" value="chrome.137_0_7151_56.windows" />
      <property name="file" value="file:///D:/a/1/s/test/specs/R2C/E2E-Logistical-and-commercial-status.spec.js" />
    </properties>
    <testcase classname="chrome.137_0_7151_56.windows.E2E_-_Logistical_and_commercial_statuses" name="Should create prerequisites yard partner and site" time="315.117">
      <system-out><![CDATA[
COMMAND: POST /session/5ddd57591a494e04841521b2f73ce0e1/execute/async - {"script":"<script> [1562 bytes]","args":[{"selector":{"controlType":"sap.m.GenericTile","properties":{"header":"Manage Yards"}},"wdio_ui5_key":"sapm.GenericTile{\"header\":\"Manage Yards\"}"}]}
RESULT: {"script":"<script> [1562 bytes]","args":[{"selector":{"controlType":"sap.m.GenericTile","properties":{"header":"Manage Yards"}},"wdio_ui5_key":"sapm.GenericTile{\"header\":\"Manage Yards\"}"}]}
RESULT: undefined
COMMAND: POST /session/5ddd57591a494e04841521b2f73ce0e1/element - {"using":"xpath","value":"//*[@id=\"__tile41\"]"}
RESULT: {"using":"xpath","value":"//*[@id=\"__tile41\"]"}
COMMAND: POST /session/5ddd57591a494e04841521b2f73ce0e1/element/f.76BD0702E8726841DC63080813E8F96A.d.389F13A9EDCD2900617374435BA07701.e.10783/click - {}
RESULT: {}
COMMAND: GET /session/5ddd57591a494e04841521b2f73ce0e1/screenshot - {}
COMMAND: POST /session/5ddd57591a494e04841521b2f73ce0e1/elements - {"using":"xpath","value":"//span[text()='Error']"}
RESULT: {}
RESULT: {"using":"xpath","value":"//span[text()='Error']"}
COMMAND: POST /session/5ddd57591a494e04841521b2f73ce0e1/execute/async - {"script":"<script> [1562 bytes]","args":[{"selector":{"controlType":"sap.ui.core.Icon","viewName":"etm.portal.ui.manageyards.view.Master","viewId":"application-manageyards-display-component---masterYard","properties":{"src":{"regex":{"source":"add"}}}},"wdio_ui5_key":"etmportal.ui.manageyards.view.Mastersap.ui.core.Icon{\"src\":{\"regex\":{\"source\":\"add\"}}}"}]}
RESULT: {"script":"<script> [1562 bytes]","args":[{"selector":{"controlType":"sap.ui.core.Icon","viewName":"etm.portal.ui.manageyards.view.Master","viewId":"application-manageyards-display-component---masterYard","properties":{"src":{"regex":{"source":"add"}}}},"wdio_ui5_key":"etmportal.ui.manageyards.view.Mastersap.ui.core.Icon{\"src\":{\"regex\":{\"source\":\"add\"}}}"}]}
RESULT: undefined
COMMAND: POST /session/5ddd57591a494e04841521b2f73ce0e1/element - {"using":"xpath","value":"//*[@id=\"__button14-img\"]"}
RESULT: {"using":"xpath","value":"//*[@id=\"__button14-img\"]"}
COMMAND: POST /session/5ddd57591a494e04841521b2f73ce0e1/element/f.76BD0702E8726841DC63080813E8F96A.d.389F13A9EDCD2900617374435BA07701.e.10826/click - {}
RESULT: {}
COMMAND: GET /session/5ddd57591a494e04841521b2f73ce0e1/screenshot - {}
RESULT: {}
COMMAND: POST /session/5ddd57591a494e04841521b2f73ce0e1/execute/async - {"script":"<script> [1562 bytes]","args":[{"selector":{"id":"application-manageyards-display-component---NewYard--yardId","interaction":{"idSuffix":"inner"}},"wdio_ui5_key":"applicationmanageyards-display-component---NewYard--yardId"}]}
RESULT: {"script":"<script> [1562 bytes]","args":[{"selector":{"id":"application-manageyards-display-component---NewYard--yardId","interaction":{"idSuffix":"inner"}},"wdio_ui5_key":"applicationmanageyards-display-component---NewYard--yardId"}]}
RESULT: undefined
COMMAND: POST /session/5ddd57591a494e04841521b2f73ce0e1/element - {"using":"xpath","value":"//*[@id=\"application-manageyards-display-component---NewYard--addressDetailDetailsName1-inner\"]"}
RESULT: {"using":"xpath","value":"//*[@id=\"application-manageyards-display-component---NewYard--addressDetailDetailsName1-inner\"]"}
COMMAND: POST /session/5ddd57591a494e04841521b2f73ce0e1/element/f.76BD0702E8726841DC63080813E8F96A.d.389F13A9EDCD2900617374435BA07701.e.11050/clear - {}
RESULT: {}
COMMAND: POST /session/5ddd57591a494e04841521b2f73ce0e1/element/f.76BD0702E8726841DC63080813E8F96A.d.389F13A9EDCD2900617374435BA07701.e.11050/value - {"text":"WebdriverYardc2kfc"}
COMMAND: GET /session/5ddd57591a494e04841521b2f73ce0e1/screenshot - {}
RESULT: {"text":"WebdriverYardc2kfc"}
COMMAND: POST /session/5ddd57591a494e04841521b2f73ce0e1/element - {"using":"xpath","value":"//*[@id=\"application-manageyards-display-component---NewYard--addressDetailDetailsLanguage-inner\"]"}
COMMAND: GET /session/5ddd57591a494e04841521b2f73ce0e1/screenshot - {}
RESULT: {}
RESULT: {"using":"xpath","value":"//*[@id=\"application-manageyards-display-component---NewYard--addressDetailDetailsLanguage-inner\"]"}
COMMAND: POST /session/5ddd57591a494e04841521b2f73ce0e1/element/f.76BD0702E8726841DC63080813E8F96A.d.389F13A9EDCD2900617374435BA07701.e.11051/clear - {}
RESULT: {}
RESULT: {}
COMMAND: POST /session/5ddd57591a494e04841521b2f73ce0e1/element/f.76BD0702E8726841DC63080813E8F96A.d.389F13A9EDCD2900617374435BA07701.e.11051/value - {"text":"Romanian"}
COMMAND: GET /session/5ddd57591a494e04841521b2f73ce0e1/screenshot - {}
RESULT: {"text":"Romanian"}
COMMAND: POST /session/5ddd57591a494e04841521b2f73ce0e1/element - {"using":"xpath","value":"//input[contains(@id ,\"application-manageyards-display-component---NewYard--addressDetailDetailsName1-inner\")]"}
COMMAND: GET /session/5ddd57591a494e04841521b2f73ce0e1/screenshot - {}
RESULT: {}
RESULT: {"using":"xpath","value":"//input[contains(@id ,\"application-manageyards-display-component---NewYard--addressDetailDetailsName1-inner\")]"}
COMMAND: GET /session/5ddd57591a494e04841521b2f73ce0e1/element/f.76BD0702E8726841DC63080813E8F96A.d.389F13A9EDCD2900617374435BA07701.e.11050/property/value - {}
RESULT: {}
RESULT: {}
COMMAND: GET /session/5ddd57591a494e04841521b2f73ce0e1/screenshot - {}
RESULT: {}
COMMAND: POST /session/5ddd57591a494e04841521b2f73ce0e1/element - {"using":"xpath","value":"//*[@id=\"application-manageyards-display-component---NewYard--addressDetailDetailsCity1-inner\"]"}
RESULT: {"using":"xpath","value":"//*[@id=\"application-manageyards-display-component---NewYard--addressDetailDetailsCity1-inner\"]"}
COMMAND: POST /session/5ddd57591a494e04841521b2f73ce0e1/element/f.76BD0702E8726841DC63080813E8F96A.d.389F13A9EDCD2900617374435BA07701.e.11053/clear - {}
RESULT: {}
COMMAND: POST /session/5ddd57591a494e04841521b2f73ce0e1/element/f.76BD0702E8726841DC63080813E8F96A.d.389F13A9EDCD2900617374435BA07701.e.11053/value - {"text":"Bucuresti"}
COMMAND: GET /session/5ddd57591a494e04841521b2f73ce0e1/screenshot - {}
RESULT: {"text":"Bucuresti"}
COMMAND: GET /session/5ddd57591a494e04841521b2f73ce0e1/screenshot - {}
RESULT: {}
RESULT: {}
COMMAND: POST /session/5ddd57591a494e04841521b2f73ce0e1/element - {"using":"xpath","value":"//*[@id=\"application-manageyards-display-component---NewYard--addressDetailDetailsCountry-inner\"]"}
RESULT: {"using":"xpath","value":"//*[@id=\"application-manageyards-display-component---NewYard--addressDetailDetailsCountry-inner\"]"}
COMMAND: POST /session/5ddd57591a494e04841521b2f73ce0e1/element/f.76BD0702E8726841DC63080813E8F96A.d.389F13A9EDCD2900617374435BA07701.e.11057/clear - {}
RESULT: {}
COMMAND: POST /session/5ddd57591a494e04841521b2f73ce0e1/element/f.76BD0702E8726841DC63080813E8F96A.d.389F13A9EDCD2900617374435BA07701.e.11057/value - {"text":"Romania"}
COMMAND: GET /session/5ddd57591a494e04841521b2f73ce0e1/screenshot - {}
RESULT: {"text":"Romania"}
COMMAND: GET /session/5ddd57591a494e04841521b2f73ce0e1/screenshot - {}
RESULT: {}
RESULT: {}
COMMAND: POST /session/5ddd57591a494e04841521b2f73ce0e1/element - {"using":"xpath","value":"//div[contains(text(), \"Commercial\")]"}
RESULT: {"using":"xpath","value":"//div[contains(text(), \"Commercial\")]"}
COMMAND: GET /session/5ddd57591a494e04841521b2f73ce0e1/element/f.76BD0702E8726841DC63080813E8F96A.d.389F13A9EDCD2900617374435BA07701.e.11243/rect - {}
RESULT: {}
COMMAND: GET /session/5ddd57591a494e04841521b2f73ce0e1/window/rect - {}
RESULT: {}
COMMAND: POST /session/5ddd57591a494e04841521b2f73ce0e1/execute/sync - {"script":"<script> [92 bytes]","args":[]}
RESULT: {"script":"<script> [92 bytes]","args":[]}
COMMAND: POST /session/5ddd57591a494e04841521b2f73ce0e1/actions - {"actions":[{"id":"action65","type":"wheel","parameters":{},"actions":[{"type":"scroll","x":-1841,"y":-44,"deltaX":0,"deltaY":0,"duration":0,"origin":{"element-6066-11e4-a52e-4f735466cecf":"f.76BD0702E8726841DC63080813E8F96A.d.389F13A9EDCD2900617374435BA07701.e.11243"}}]}]}
COMMAND: GET /session/5ddd57591a494e04841521b2f73ce0e1/screenshot - {}
RESULT: {}
COMMAND: POST /session/5ddd57591a494e04841521b2f73ce0e1/execute/sync - {"script":"<script> [79 bytes]","args":[{"element-6066-11e4-a52e-4f735466cecf":"f.76BD0702E8726841DC63080813E8F96A.d.389F13A9EDCD2900617374435BA07701.e.11243","ELEMENT":"f.76BD0702E8726841DC63080813E8F96A.d.389F13A9EDCD2900617374435BA07701.e.11243"},{"block":"start","inline":"nearest"}]}
RESULT: {"script":"<script> [79 bytes]","args":[{"element-6066-11e4-a52e-4f735466cecf":"f.76BD0702E8726841DC63080813E8F96A.d.389F13A9EDCD2900617374435BA07701.e.11243","ELEMENT":"f.76BD0702E8726841DC63080813E8F96A.d.389F13A9EDCD2900617374435BA07701.e.11243"},{"block":"start","inline":"nearest"}]}
COMMAND: GET /session/5ddd57591a494e04841521b2f73ce0e1/screenshot - {}
RESULT: {}
COMMAND: POST /session/5ddd57591a494e04841521b2f73ce0e1/execute/async - {"script":"<script> [1562 bytes]","args":[{"selector":{"id":"application-manageyards-display-component---NewYard--addressEditDetailsCostObjectCstType-arrow"},"wdio_ui5_key":"applicationmanageyards-display-component---NewYard--addressEditDetailsCostObjectCstType-arrow"}]}
RESULT: {"script":"<script> [1562 bytes]","args":[{"selector":{"id":"application-manageyards-display-component---NewYard--addressEditDetailsCostObjectCstType-arrow"},"wdio_ui5_key":"applicationmanageyards-display-component---NewYard--addressEditDetailsCostObjectCstType-arrow"}]}
RESULT: undefined
COMMAND: POST /session/5ddd57591a494e04841521b2f73ce0e1/element - {"using":"xpath","value":"//*[@id=\"application-manageyards-display-component---NewYard--addressEditDetailsCostObjectCstType-arrow\"]"}
RESULT: {"using":"xpath","value":"//*[@id=\"application-manageyards-display-component---NewYard--addressEditDetailsCostObjectCstType-arrow\"]"}
COMMAND: POST /session/5ddd57591a494e04841521b2f73ce0e1/element/f.76BD0702E8726841DC63080813E8F96A.d.389F13A9EDCD2900617374435BA07701.e.11251/click - {}
RESULT: {}
COMMAND: POST /session/5ddd57591a494e04841521b2f73ce0e1/element - {"using":"xpath","value":"//span[contains(text(), \"Cost Center\")]"}
COMMAND: GET /session/5ddd57591a494e04841521b2f73ce0e1/screenshot - {}
RESULT: {"using":"xpath","value":"//span[contains(text(), \"Cost Center\")]"}
COMMAND: POST /session/5ddd57591a494e04841521b2f73ce0e1/element/f.76BD0702E8726841DC63080813E8F96A.d.389F13A9EDCD2900617374435BA07701.e.11252/click - {}
RESULT: {}
RESULT: {}
COMMAND: GET /session/5ddd57591a494e04841521b2f73ce0e1/screenshot - {}
RESULT: {}
COMMAND: POST /session/5ddd57591a494e04841521b2f73ce0e1/execute/async - {"script":"<script> [1562 bytes]","args":[{"selector":{"id":"application-manageyards-display-component---NewYard--addressNewCostObjectCstID-vhi"},"wdio_ui5_key":"applicationmanageyards-display-component---NewYard--addressNewCostObjectCstID-vhi"}]}
RESULT: {"script":"<script> [1562 bytes]","args":[{"selector":{"id":"application-manageyards-display-component---NewYard--addressNewCostObjectCstID-vhi"},"wdio_ui5_key":"applicationmanageyards-display-component---NewYard--addressNewCostObjectCstID-vhi"}]}
RESULT: undefined
COMMAND: POST /session/5ddd57591a494e04841521b2f73ce0e1/element - {"using":"xpath","value":"//*[@id=\"application-manageyards-display-component---NewYard--addressNewCostObjectCstID-vhi\"]"}
RESULT: {"using":"xpath","value":"//*[@id=\"application-manageyards-display-component---NewYard--addressNewCostObjectCstID-vhi\"]"}
COMMAND: POST /session/5ddd57591a494e04841521b2f73ce0e1/element/f.76BD0702E8726841DC63080813E8F96A.d.389F13A9EDCD2900617374435BA07701.e.11256/click - {}
RESULT: {}
COMMAND: GET /session/5ddd57591a494e04841521b2f73ce0e1/screenshot - {}
RESULT: {}
COMMAND: POST /session/5ddd57591a494e04841521b2f73ce0e1/execute/async - {"script":"<script> [1562 bytes]","args":[{"selector":{"controlType":"sap.m.SearchField","properties":{"placeholder":"Search"},"searchOpenDialogs":true,"interaction":{"idSuffix":"I"}},"wdio_ui5_key":"sapm.SearchField{\"placeholder\":\"Search\"}"}]}
RESULT: {"script":"<script> [1562 bytes]","args":[{"selector":{"controlType":"sap.m.SearchField","properties":{"placeholder":"Search"},"searchOpenDialogs":true,"interaction":{"idSuffix":"I"}},"wdio_ui5_key":"sapm.SearchField{\"placeholder\":\"Search\"}"}]}
RESULT: undefined
COMMAND: POST /session/5ddd57591a494e04841521b2f73ce0e1/execute/async - {"script":"<script> [776 bytes]","args":[{"enterText":"10001013","selector":{"controlType":"sap.m.SearchField","properties":{"placeholder":"Search"},"searchOpenDialogs":true,"interaction":{"idSuffix":"I"}},"clearTextFirst":true,"interactionType":"ENTER_TEXT"}]}
RESULT: {"script":"<script> [776 bytes]","args":[{"enterText":"10001013","selector":{"controlType":"sap.m.SearchField","properties":{"placeholder":"Search"},"searchOpenDialogs":true,"interaction":{"idSuffix":"I"}},"clearTextFirst":true,"interactionType":"ENTER_TEXT"}]}
COMMAND: POST /session/5ddd57591a494e04841521b2f73ce0e1/actions - {"actions":[{"id":"action66","type":"key","parameters":{},"actions":[{"type":"keyDown","value":"î€‡"},{"type":"pause","duration":10},{"type":"keyUp","value":"î€‡"}]}]}
RESULT: {"actions":[{"id":"action66","type":"key","parameters":{},"actions":[{"type":"keyDown","value":"î€‡"},{"type":"pause","duration":10},{"type":"keyUp","value":"î€‡"}]}]}
COMMAND: GET /session/5ddd57591a494e04841521b2f73ce0e1/screenshot - {}
RESULT: {}
COMMAND: POST /session/5ddd57591a494e04841521b2f73ce0e1/element - {"using":"xpath","value":"//span[contains(text(), \"General Management\")]"}
RESULT: {"using":"xpath","value":"//span[contains(text(), \"General Management\")]"}
COMMAND: POST /session/5ddd57591a494e04841521b2f73ce0e1/element/f.76BD0702E8726841DC63080813E8F96A.d.389F13A9EDCD2900617374435BA07701.e.11296/click - {}
RESULT: {}
COMMAND: GET /session/5ddd57591a494e04841521b2f73ce0e1/screenshot - {}
RESULT: {}
COMMAND: POST /session/5ddd57591a494e04841521b2f73ce0e1/element - {"using":"xpath","value":"//bdi[contains(text(), \"OK\")]"}
RESULT: {"using":"xpath","value":"//bdi[contains(text(), \"OK\")]"}
COMMAND: POST /session/5ddd57591a494e04841521b2f73ce0e1/element/f.76BD0702E8726841DC63080813E8F96A.d.389F13A9EDCD2900617374435BA07701.e.11297/click - {}
RESULT: {}
COMMAND: GET /session/5ddd57591a494e04841521b2f73ce0e1/screenshot - {}
RESULT: {}
COMMAND: POST /session/5ddd57591a494e04841521b2f73ce0e1/execute/async - {"script":"<script> [1562 bytes]","args":[{"selector":{"controlType":"sap.m.Button","viewName":"etm.portal.ui.manageyards.view.New","viewId":"application-manageyards-display-component---NewYard","i18NText":{"propertyName":"text","key":"save"},"interaction":{"idSuffix":"inner"}},"wdio_ui5_key":"etmportal.ui.manageyards.view.Newsap.m.Button{\"propertyName\":\"text\",\"key\":\"save\"}"}]}
RESULT: {"script":"<script> [1562 bytes]","args":[{"selector":{"controlType":"sap.m.Button","viewName":"etm.portal.ui.manageyards.view.New","viewId":"application-manageyards-display-component---NewYard","i18NText":{"propertyName":"text","key":"save"},"interaction":{"idSuffix":"inner"}},"wdio_ui5_key":"etmportal.ui.manageyards.view.Newsap.m.Button{\"propertyName\":\"text\",\"key\":\"save\"}"}]}
RESULT: undefined
COMMAND: POST /session/5ddd57591a494e04841521b2f73ce0e1/element - {"using":"xpath","value":"//*[@id=\"__button28\"]"}
RESULT: {"using":"xpath","value":"//*[@id=\"__button28\"]"}
COMMAND: POST /session/5ddd57591a494e04841521b2f73ce0e1/element/f.76BD0702E8726841DC63080813E8F96A.d.389F13A9EDCD2900617374435BA07701.e.11223/click - {}
RESULT: {}
COMMAND: GET /session/5ddd57591a494e04841521b2f73ce0e1/screenshot - {}
RESULT: {}
COMMAND: POST /session/5ddd57591a494e04841521b2f73ce0e1/element - {"using":"xpath","value":"//header/div/div[2]/div[2]/span"}
RESULT: {"using":"xpath","value":"//header/div/div[2]/div[2]/span"}
COMMAND: GET /session/5ddd57591a494e04841521b2f73ce0e1/element/f.76BD0702E8726841DC63080813E8F96A.d.389F13A9EDCD2900617374435BA07701.e.11492/text - {}
RESULT: {}
COMMAND: POST /session/5ddd57591a494e04841521b2f73ce0e1/execute/async - {"script":"<script> [1562 bytes]","args":[{"selector":{"controlType":"sap.m.OverflowToolbarButton","viewName":"etm.portal.ui.manageyards.view.Detail","viewId":"application-manageyards-display-component---detailYard","i18NText":{"propertyName":"tooltip","key":"closeColumn"},"interaction":{"idSuffix":"inner"}},"wdio_ui5_key":"etmportal.ui.manageyards.view.Detailsap.m.OverflowToolbarButton{\"propertyName\":\"tooltip\",\"key\":\"closeColumn\"}"}]}
RESULT: {"script":"<script> [1562 bytes]","args":[{"selector":{"controlType":"sap.m.OverflowToolbarButton","viewName":"etm.portal.ui.manageyards.view.Detail","viewId":"application-manageyards-display-component---detailYard","i18NText":{"propertyName":"tooltip","key":"closeColumn"},"interaction":{"idSuffix":"inner"}},"wdio_ui5_key":"etmportal.ui.manageyards.view.Detailsap.m.OverflowToolbarButton{\"propertyName\":\"tooltip\",\"key\":\"closeColumn\"}"}]}
RESULT: undefined
COMMAND: POST /session/5ddd57591a494e04841521b2f73ce0e1/element - {"using":"xpath","value":"//*[@id=\"__button52\"]"}
RESULT: {"using":"xpath","value":"//*[@id=\"__button52\"]"}
COMMAND: POST /session/5ddd57591a494e04841521b2f73ce0e1/element/f.76BD0702E8726841DC63080813E8F96A.d.389F13A9EDCD2900617374435BA07701.e.11494/click - {}
RESULT: {}
COMMAND: GET /session/5ddd57591a494e04841521b2f73ce0e1/screenshot - {}
RESULT: {}
COMMAND: POST /session/5ddd57591a494e04841521b2f73ce0e1/element - {"using":"css selector","value":"#shell-header-logo"}
RESULT: {"using":"css selector","value":"#shell-header-logo"}
COMMAND: POST /session/5ddd57591a494e04841521b2f73ce0e1/element/f.76BD0702E8726841DC63080813E8F96A.d.389F13A9EDCD2900617374435BA07701.e.10786/click - {}
RESULT: {}
COMMAND: GET /session/5ddd57591a494e04841521b2f73ce0e1/screenshot - {}
RESULT: {}
COMMAND: POST /session/5ddd57591a494e04841521b2f73ce0e1/refresh - {}
RESULT: {}
COMMAND: GET /session/5ddd57591a494e04841521b2f73ce0e1/screenshot - {}
RESULT: {}
COMMAND: POST /session/5ddd57591a494e04841521b2f73ce0e1/execute/async - {"script":"<script> [189 bytes]","args":[]}
RESULT: {"script":"<script> [189 bytes]","args":[]}
COMMAND: POST /session/5ddd57591a494e04841521b2f73ce0e1/execute/async - {"script":"<script> [123 bytes]","args":[]}
RESULT: {"script":"<script> [123 bytes]","args":[]}
COMMAND: POST /session/5ddd57591a494e04841521b2f73ce0e1/timeouts - {"script":"<number>"}
RESULT: {"script":"<number>"}
COMMAND: GET /session/5ddd57591a494e04841521b2f73ce0e1/timeouts - {}
RESULT: {}
RESULT: undefined
COMMAND: POST /session/5ddd57591a494e04841521b2f73ce0e1/execute/async - {"script":"<script> [2676 bytes]","args":[]}
RESULT: {"script":"<script> [2676 bytes]","args":[]}
COMMAND: POST /session/5ddd57591a494e04841521b2f73ce0e1/execute/async - {"script":"<script> [2342 bytes]","args":[{"protocol":"http","hostname":"0.0.0.0","path":"/","capabilities":{"browserName":"chrome","goog:chromeOptions":{"binary":"C:\\Program Files\\Google\\Chrome\\Application\\chrome.exe","args":["--start-maximized"]}},"logLevel":"warn","connectionRetryTimeout":120000,"connectionRetryCount":3,"logLevels":{},"enableDirectConnect":true,"strictSSL":true,"_":"65 more keys: [\"cacheDir\",\"port\",\"requestedCapabilities\",\"automationProtocol\",\"baseUrl\",\"waitforInterval\",\"waitforTimeout\",\"onReload\",\"beforeCommand\",\"afterCommand\",\"rootDir\",\"specs\",\"suites\",\"exclude\",\"groupLogsByTestSpec\",\"excludeDriverLogs\",\"bail\",\"framework\",\"reporters\",\"services\",\"maxInstances\",\"maxInstancesPerCapability\",\"injectGlobals\",\"filesToWatch\",\"execArgv\",\"runnerEnv\",\"runner\",\"shard\",\"specFileRetries\",\"specFileRetriesDelay\",\"specFileRetriesDeferred\",\"reporterSyncInterval\",\"reporterSyncTimeout\",\"cucumberFeaturesWithLineNumbers\",\"autoCompileOpts\",\"mochaOpts\",\"jasmineOpts\",\"cucumberOpts\",\"onPrepare\",\"onWorkerStart\",\"onWorkerEnd\",\"before\",\"beforeSession\",\"beforeSuite\",\"beforeHook\",\"beforeTest\",\"afterTest\",\"afterHook\",\"afterSuite\",\"afterSession\",\"after\",\"onComplete\",\"beforeAssertion\",\"afterAssertion\",\"beforeFeature\",\"beforeScenario\",\"beforeStep\",\"afterStep\",\"afterScenario\",\"afterFeature\",\"_\",\"suite\",\"$0\",\"ignoredWorkerServices\",\"wdi5\"]"}]}
RESULT: {"script":"<script> [2342 bytes]","args":[{"protocol":"http","hostname":"0.0.0.0","path":"/","capabilities":{"browserName":"chrome","goog:chromeOptions":{"binary":"C:\\Program Files\\Google\\Chrome\\Application\\chrome.exe","args":["--start-maximized"]}},"logLevel":"warn","connectionRetryTimeout":120000,"connectionRetryCount":3,"logLevels":{},"enableDirectConnect":true,"strictSSL":true,"_":"65 more keys: [\"cacheDir\",\"port\",\"requestedCapabilities\",\"automationProtocol\",\"baseUrl\",\"waitforInterval\",\"waitforTimeout\",\"onReload\",\"beforeCommand\",\"afterCommand\",\"rootDir\",\"specs\",\"suites\",\"exclude\",\"groupLogsByTestSpec\",\"excludeDriverLogs\",\"bail\",\"framework\",\"reporters\",\"services\",\"maxInstances\",\"maxInstancesPerCapability\",\"injectGlobals\",\"filesToWatch\",\"execArgv\",\"runnerEnv\",\"runner\",\"shard\",\"specFileRetries\",\"specFileRetriesDelay\",\"specFileRetriesDeferred\",\"reporterSyncInterval\",\"reporterSyncTimeout\",\"cucumberFeaturesWithLineNumbers\",\"autoCompileOpts\",\"mochaOpts\",\"jasmineOpts\",\"cucumberOpts\",\"onPrepare\",\"onWorkerStart\",\"onWorkerEnd\",\"before\",\"beforeSession\",\"beforeSuite\",\"beforeHook\",\"beforeTest\",\"afterTest\",\"afterHook\",\"afterSuite\",\"afterSession\",\"after\",\"onComplete\",\"beforeAssertion\",\"afterAssertion\",\"beforeFeature\",\"beforeScenario\",\"beforeStep\",\"afterStep\",\"afterScenario\",\"afterFeature\",\"_\",\"suite\",\"$0\",\"ignoredWorkerServices\",\"wdi5\"]"}]}
COMMAND: POST /session/5ddd57591a494e04841521b2f73ce0e1/execute/async - {"script":"<script> [21126 bytes]","args":[35000]}
RESULT: {"script":"<script> [21126 bytes]","args":[35000]}
COMMAND: POST /session/5ddd57591a494e04841521b2f73ce0e1/execute/async - {"script":"<script> [1562 bytes]","args":[{"selector":{"controlType":"sap.m.GenericTile","properties":{"header":"Manage Partners"}},"wdio_ui5_key":"sapm.GenericTile{\"header\":\"Manage Partners\"}"}]}
RESULT: {"script":"<script> [1562 bytes]","args":[{"selector":{"controlType":"sap.m.GenericTile","properties":{"header":"Manage Partners"}},"wdio_ui5_key":"sapm.GenericTile{\"header\":\"Manage Partners\"}"}]}
RESULT: undefined
COMMAND: POST /session/5ddd57591a494e04841521b2f73ce0e1/element - {"using":"xpath","value":"//*[@id=\"__tile38\"]"}
RESULT: {"using":"xpath","value":"//*[@id=\"__tile38\"]"}
COMMAND: POST /session/5ddd57591a494e04841521b2f73ce0e1/element/f.76BD0702E8726841DC63080813E8F96A.d.30895738F97008CCEBA9252FDAB0DE49.e.11848/click - {}
RESULT: {}
COMMAND: GET /session/5ddd57591a494e04841521b2f73ce0e1/screenshot - {}
RESULT: {}
COMMAND: POST /session/5ddd57591a494e04841521b2f73ce0e1/elements - {"using":"xpath","value":"//span[text()='Error']"}
RESULT: {"using":"xpath","value":"//span[text()='Error']"}
COMMAND: POST /session/5ddd57591a494e04841521b2f73ce0e1/execute/async - {"script":"<script> [1562 bytes]","args":[{"selector":{"controlType":"sap.ui.core.Icon","viewName":"etm.portal.ui.managepartners.view.Master","viewId":"application-managepartners-display-component---masterPtm","properties":{"src":{"regex":{"source":"add"}}}},"wdio_ui5_key":"etmportal.ui.managepartners.view.Mastersap.ui.core.Icon{\"src\":{\"regex\":{\"source\":\"add\"}}}"}]}
RESULT: {"script":"<script> [1562 bytes]","args":[{"selector":{"controlType":"sap.ui.core.Icon","viewName":"etm.portal.ui.managepartners.view.Master","viewId":"application-managepartners-display-component---masterPtm","properties":{"src":{"regex":{"source":"add"}}}},"wdio_ui5_key":"etmportal.ui.managepartners.view.Mastersap.ui.core.Icon{\"src\":{\"regex\":{\"source\":\"add\"}}}"}]}
RESULT: undefined
COMMAND: POST /session/5ddd57591a494e04841521b2f73ce0e1/element - {"using":"xpath","value":"//*[@id=\"__button4-img\"]"}
RESULT: {"using":"xpath","value":"//*[@id=\"__button4-img\"]"}
COMMAND: POST /session/5ddd57591a494e04841521b2f73ce0e1/element/f.76BD0702E8726841DC63080813E8F96A.d.30895738F97008CCEBA9252FDAB0DE49.e.11897/click - {}
RESULT: {}
COMMAND: GET /session/5ddd57591a494e04841521b2f73ce0e1/screenshot - {}
RESULT: {}
COMMAND: POST /session/5ddd57591a494e04841521b2f73ce0e1/execute/async - {"script":"<script> [1562 bytes]","args":[{"selector":{"id":"application-managepartners-display-component---NewPartner--partnerId","interaction":{"idSuffix":"inner"}},"wdio_ui5_key":"applicationmanagepartners-display-component---NewPartner--partnerId"}]}
RESULT: {"script":"<script> [1562 bytes]","args":[{"selector":{"id":"application-managepartners-display-component---NewPartner--partnerId","interaction":{"idSuffix":"inner"}},"wdio_ui5_key":"applicationmanagepartners-display-component---NewPartner--partnerId"}]}
RESULT: undefined
COMMAND: POST /session/5ddd57591a494e04841521b2f73ce0e1/execute/async - {"script":"<script> [1562 bytes]","args":[{"selector":{"id":"application-managepartners-display-component---NewPartner--addressDetailDetailsName1","interaction":{"idSuffix":"inner"}},"wdio_ui5_key":"applicationmanagepartners-display-component---NewPartner--addressDetailDetailsName1"}]}
RESULT: {"script":"<script> [1562 bytes]","args":[{"selector":{"id":"application-managepartners-display-component---NewPartner--addressDetailDetailsName1","interaction":{"idSuffix":"inner"}},"wdio_ui5_key":"applicationmanagepartners-display-component---NewPartner--addressDetailDetailsName1"}]}
RESULT: undefined
COMMAND: POST /session/5ddd57591a494e04841521b2f73ce0e1/execute/async - {"script":"<script> [776 bytes]","args":[{"enterText":"WebdriverPartnerp10i8","selector":{"id":"application-managepartners-display-component---NewPartner--addressDetailDetailsName1","interaction":{"idSuffix":"inner"}},"clearTextFirst":true,"interactionType":"ENTER_TEXT"}]}
RESULT: {"script":"<script> [776 bytes]","args":[{"enterText":"WebdriverPartnerp10i8","selector":{"id":"application-managepartners-display-component---NewPartner--addressDetailDetailsName1","interaction":{"idSuffix":"inner"}},"clearTextFirst":true,"interactionType":"ENTER_TEXT"}]}
COMMAND: POST /session/5ddd57591a494e04841521b2f73ce0e1/execute/async - {"script":"<script> [1562 bytes]","args":[{"selector":{"id":"application-managepartners-display-component---NewPartner--addressDetailDetailsLanguage","interaction":{"idSuffix":"inner"}},"wdio_ui5_key":"applicationmanagepartners-display-component---NewPartner--addressDetailDetailsLanguage"}]}
RESULT: {"script":"<script> [1562 bytes]","args":[{"selector":{"id":"application-managepartners-display-component---NewPartner--addressDetailDetailsLanguage","interaction":{"idSuffix":"inner"}},"wdio_ui5_key":"applicationmanagepartners-display-component---NewPartner--addressDetailDetailsLanguage"}]}
RESULT: undefined
COMMAND: POST /session/5ddd57591a494e04841521b2f73ce0e1/execute/async - {"script":"<script> [776 bytes]","args":[{"enterText":"Romanian","selector":{"id":"application-managepartners-display-component---NewPartner--addressDetailDetailsLanguage","interaction":{"idSuffix":"inner"}},"clearTextFirst":true,"interactionType":"ENTER_TEXT"}]}
RESULT: {"script":"<script> [776 bytes]","args":[{"enterText":"Romanian","selector":{"id":"application-managepartners-display-component---NewPartner--addressDetailDetailsLanguage","interaction":{"idSuffix":"inner"}},"clearTextFirst":true,"interactionType":"ENTER_TEXT"}]}
COMMAND: POST /session/5ddd57591a494e04841521b2f73ce0e1/element - {"using":"xpath","value":"//input[contains(@id ,\"application-managepartners-display-component---NewPartner--addressDetailDetailsName1-inner\")]"}
RESULT: {"using":"xpath","value":"//input[contains(@id ,\"application-managepartners-display-component---NewPartner--addressDetailDetailsName1-inner\")]"}
COMMAND: GET /session/5ddd57591a494e04841521b2f73ce0e1/element/f.76BD0702E8726841DC63080813E8F96A.d.30895738F97008CCEBA9252FDAB0DE49.e.12070/property/value - {}
RESULT: {}
COMMAND: POST /session/5ddd57591a494e04841521b2f73ce0e1/execute/async - {"script":"<script> [1562 bytes]","args":[{"selector":{"id":"application-managepartners-display-component---NewPartner--addressDetailDetailsCity1","interaction":{"idSuffix":"inner"}},"wdio_ui5_key":"applicationmanagepartners-display-component---NewPartner--addressDetailDetailsCity1"}]}
COMMAND: GET /session/5ddd57591a494e04841521b2f73ce0e1/screenshot - {}
RESULT: {"script":"<script> [1562 bytes]","args":[{"selector":{"id":"application-managepartners-display-component---NewPartner--addressDetailDetailsCity1","interaction":{"idSuffix":"inner"}},"wdio_ui5_key":"applicationmanagepartners-display-component---NewPartner--addressDetailDetailsCity1"}]}
RESULT: undefined
COMMAND: POST /session/5ddd57591a494e04841521b2f73ce0e1/execute/async - {"script":"<script> [776 bytes]","args":[{"enterText":"Bucharest","selector":{"id":"application-managepartners-display-component---NewPartner--addressDetailDetailsCity1","interaction":{"idSuffix":"inner"}},"clearTextFirst":true,"interactionType":"ENTER_TEXT"}]}
RESULT: {}
RESULT: {"script":"<script> [776 bytes]","args":[{"enterText":"Bucharest","selector":{"id":"application-managepartners-display-component---NewPartner--addressDetailDetailsCity1","interaction":{"idSuffix":"inner"}},"clearTextFirst":true,"interactionType":"ENTER_TEXT"}]}
COMMAND: POST /session/5ddd57591a494e04841521b2f73ce0e1/execute/async - {"script":"<script> [1562 bytes]","args":[{"selector":{"id":"application-managepartners-display-component---NewPartner--addressDetailDetailsCountry","interaction":{"idSuffix":"inner"}},"wdio_ui5_key":"applicationmanagepartners-display-component---NewPartner--addressDetailDetailsCountry"}]}
RESULT: {"script":"<script> [1562 bytes]","args":[{"selector":{"id":"application-managepartners-display-component---NewPartner--addressDetailDetailsCountry","interaction":{"idSuffix":"inner"}},"wdio_ui5_key":"applicationmanagepartners-display-component---NewPartner--addressDetailDetailsCountry"}]}
RESULT: undefined
COMMAND: POST /session/5ddd57591a494e04841521b2f73ce0e1/execute/async - {"script":"<script> [6424 bytes]","args":[{"element-6066-11e4-a52e-4f735466cecf":"f.76BD0702E8726841DC63080813E8F96A.d.30895738F97008CCEBA9252FDAB0DE49.e.12077"},"setValue",["Romania"]]}
RESULT: {"script":"<script> [6424 bytes]","args":[{"element-6066-11e4-a52e-4f735466cecf":"f.76BD0702E8726841DC63080813E8F96A.d.30895738F97008CCEBA9252FDAB0DE49.e.12077"},"setValue",["Romania"]]}
COMMAND: POST /session/5ddd57591a494e04841521b2f73ce0e1/execute/async - {"script":"<script> [1562 bytes]","args":[{"selector":{"id":"application-managepartners-display-component---NewPartner--partnerDetailInternal","interaction":{"idSuffix":"inner"}},"wdio_ui5_key":"applicationmanagepartners-display-component---NewPartner--partnerDetailInternal"}]}
RESULT: {"script":"<script> [1562 bytes]","args":[{"selector":{"id":"application-managepartners-display-component---NewPartner--partnerDetailInternal","interaction":{"idSuffix":"inner"}},"wdio_ui5_key":"applicationmanagepartners-display-component---NewPartner--partnerDetailInternal"}]}
RESULT: undefined
COMMAND: POST /session/5ddd57591a494e04841521b2f73ce0e1/execute/async - {"script":"<script> [776 bytes]","args":[{"enterText":"External partner","selector":{"id":"application-managepartners-display-component---NewPartner--partnerDetailInternal","interaction":{"idSuffix":"inner"}},"clearTextFirst":true,"interactionType":"ENTER_TEXT"}]}
RESULT: {"script":"<script> [776 bytes]","args":[{"enterText":"External partner","selector":{"id":"application-managepartners-display-component---NewPartner--partnerDetailInternal","interaction":{"idSuffix":"inner"}},"clearTextFirst":true,"interactionType":"ENTER_TEXT"}]}
COMMAND: POST /session/5ddd57591a494e04841521b2f73ce0e1/execute/async - {"script":"<script> [1562 bytes]","args":[{"selector":{"id":"application-managepartners-display-component---NewPartner--partnerDetailsCurrency","interaction":{"idSuffix":"inner"}},"wdio_ui5_key":"applicationmanagepartners-display-component---NewPartner--partnerDetailsCurrency"}]}
RESULT: {"script":"<script> [1562 bytes]","args":[{"selector":{"id":"application-managepartners-display-component---NewPartner--partnerDetailsCurrency","interaction":{"idSuffix":"inner"}},"wdio_ui5_key":"applicationmanagepartners-display-component---NewPartner--partnerDetailsCurrency"}]}
RESULT: undefined
COMMAND: POST /session/5ddd57591a494e04841521b2f73ce0e1/execute/async - {"script":"<script> [776 bytes]","args":[{"enterText":"Euro","selector":{"id":"application-managepartners-display-component---NewPartner--partnerDetailsCurrency","interaction":{"idSuffix":"inner"}},"clearTextFirst":true,"interactionType":"ENTER_TEXT"}]}
RESULT: {"script":"<script> [776 bytes]","args":[{"enterText":"Euro","selector":{"id":"application-managepartners-display-component---NewPartner--partnerDetailsCurrency","interaction":{"idSuffix":"inner"}},"clearTextFirst":true,"interactionType":"ENTER_TEXT"}]}
COMMAND: POST /session/5ddd57591a494e04841521b2f73ce0e1/execute/async - {"script":"<script> [1562 bytes]","args":[{"selector":{"controlType":"sap.m.Button","viewName":"etm.portal.ui.managepartners.view.NewPartner","viewId":"application-managepartners-display-component---NewPartner","properties":{"text":"Commercial"},"interaction":{"idSuffix":"BDI-content"}},"wdio_ui5_key":"etmportal.ui.managepartners.view.NewPartnersap.m.Button{\"text\":\"Commercial\"}"}]}
RESULT: {"script":"<script> [1562 bytes]","args":[{"selector":{"controlType":"sap.m.Button","viewName":"etm.portal.ui.managepartners.view.NewPartner","viewId":"application-managepartners-display-component---NewPartner","properties":{"text":"Commercial"},"interaction":{"idSuffix":"BDI-content"}},"wdio_ui5_key":"etmportal.ui.managepartners.view.NewPartnersap.m.Button{\"text\":\"Commercial\"}"}]}
RESULT: undefined
COMMAND: POST /session/5ddd57591a494e04841521b2f73ce0e1/element - {"using":"xpath","value":"//*[@id=\"application-managepartners-display-component---NewPartner--ObjectPageLayout-anchBar-__section5-anchor\"]"}
RESULT: {"using":"xpath","value":"//*[@id=\"application-managepartners-display-component---NewPartner--ObjectPageLayout-anchBar-__section5-anchor\"]"}
COMMAND: POST /session/5ddd57591a494e04841521b2f73ce0e1/element/f.76BD0702E8726841DC63080813E8F96A.d.30895738F97008CCEBA9252FDAB0DE49.e.12317/click - {}
RESULT: {}
COMMAND: GET /session/5ddd57591a494e04841521b2f73ce0e1/screenshot - {}
RESULT: {}
COMMAND: POST /session/5ddd57591a494e04841521b2f73ce0e1/execute/async - {"script":"<script> [1562 bytes]","args":[{"selector":{"id":"application-managepartners-display-component---NewPartner--btnAddTableRow-img"},"wdio_ui5_key":"applicationmanagepartners-display-component---NewPartner--btnAddTableRow-img"}]}
RESULT: {"script":"<script> [1562 bytes]","args":[{"selector":{"id":"application-managepartners-display-component---NewPartner--btnAddTableRow-img"},"wdio_ui5_key":"applicationmanagepartners-display-component---NewPartner--btnAddTableRow-img"}]}
RESULT: undefined
COMMAND: POST /session/5ddd57591a494e04841521b2f73ce0e1/element - {"using":"xpath","value":"//*[@id=\"application-managepartners-display-component---NewPartner--btnAddTableRow-img\"]"}
RESULT: {"using":"xpath","value":"//*[@id=\"application-managepartners-display-component---NewPartner--btnAddTableRow-img\"]"}
COMMAND: POST /session/5ddd57591a494e04841521b2f73ce0e1/element/f.76BD0702E8726841DC63080813E8F96A.d.30895738F97008CCEBA9252FDAB0DE49.e.12325/click - {}
RESULT: {}
COMMAND: POST /session/5ddd57591a494e04841521b2f73ce0e1/element - {"using":"xpath","value":"//input[contains(@id ,\"application-managepartners-display-component---NewPartner--assignmentYard-application-managepartners-display-component---NewPartner\")]"}
COMMAND: GET /session/5ddd57591a494e04841521b2f73ce0e1/screenshot - {}
RESULT: {"using":"xpath","value":"//input[contains(@id ,\"application-managepartners-display-component---NewPartner--assignmentYard-application-managepartners-display-component---NewPartner\")]"}
COMMAND: POST /session/5ddd57591a494e04841521b2f73ce0e1/element/f.76BD0702E8726841DC63080813E8F96A.d.30895738F97008CCEBA9252FDAB0DE49.e.12328/clear - {}
RESULT: {}
RESULT: {}
COMMAND: POST /session/5ddd57591a494e04841521b2f73ce0e1/element/f.76BD0702E8726841DC63080813E8F96A.d.30895738F97008CCEBA9252FDAB0DE49.e.12328/value - {"text":"WebdriverYardc2kfc"}
COMMAND: GET /session/5ddd57591a494e04841521b2f73ce0e1/screenshot - {}
RESULT: {"text":"WebdriverYardc2kfc"}
COMMAND: GET /session/5ddd57591a494e04841521b2f73ce0e1/screenshot - {}
RESULT: {}
RESULT: {}
COMMAND: POST /session/5ddd57591a494e04841521b2f73ce0e1/execute/async - {"script":"<script> [1562 bytes]","args":[{"selector":{"controlType":"sap.m.Button","viewName":"etm.portal.ui.managepartners.view.NewPartner","viewId":"application-managepartners-display-component---NewPartner","i18NText":{"propertyName":"text","key":"save"},"interaction":{"idSuffix":"BDI-content"}},"wdio_ui5_key":"etmportal.ui.managepartners.view.NewPartnersap.m.Button{\"propertyName\":\"text\",\"key\":\"save\"}"}]}
RESULT: {"script":"<script> [1562 bytes]","args":[{"selector":{"controlType":"sap.m.Button","viewName":"etm.portal.ui.managepartners.view.NewPartner","viewId":"application-managepartners-display-component---NewPartner","i18NText":{"propertyName":"text","key":"save"},"interaction":{"idSuffix":"BDI-content"}},"wdio_ui5_key":"etmportal.ui.managepartners.view.NewPartnersap.m.Button{\"propertyName\":\"text\",\"key\":\"save\"}"}]}
RESULT: undefined
COMMAND: POST /session/5ddd57591a494e04841521b2f73ce0e1/element - {"using":"xpath","value":"//*[@id=\"__button12\"]"}
RESULT: {"using":"xpath","value":"//*[@id=\"__button12\"]"}
COMMAND: POST /session/5ddd57591a494e04841521b2f73ce0e1/element/f.76BD0702E8726841DC63080813E8F96A.d.30895738F97008CCEBA9252FDAB0DE49.e.12293/click - {}
RESULT: {}
COMMAND: GET /session/5ddd57591a494e04841521b2f73ce0e1/screenshot - {}
RESULT: {}
COMMAND: POST /session/5ddd57591a494e04841521b2f73ce0e1/element - {"using":"xpath","value":"//header/div/div[2]/div[2]/span"}
RESULT: {"using":"xpath","value":"//header/div/div[2]/div[2]/span"}
COMMAND: GET /session/5ddd57591a494e04841521b2f73ce0e1/element/f.76BD0702E8726841DC63080813E8F96A.d.30895738F97008CCEBA9252FDAB0DE49.e.12496/text - {}
RESULT: {}
COMMAND: POST /session/5ddd57591a494e04841521b2f73ce0e1/element - {"using":"xpath","value":"//header/div/div/div/div/div/div[2]/div/span"}
RESULT: {"using":"xpath","value":"//header/div/div/div/div/div/div[2]/div/span"}
COMMAND: GET /session/5ddd57591a494e04841521b2f73ce0e1/element/f.76BD0702E8726841DC63080813E8F96A.d.30895738F97008CCEBA9252FDAB0DE49.e.12497/text - {}
RESULT: {}
COMMAND: POST /session/5ddd57591a494e04841521b2f73ce0e1/execute/async - {"script":"<script> [1562 bytes]","args":[{"selector":{"id":"application-managepartners-display-component---detailPtm--partnerType"},"wdio_ui5_key":"applicationmanagepartners-display-component---detailPtm--partnerType"}]}
RESULT: {"script":"<script> [1562 bytes]","args":[{"selector":{"id":"application-managepartners-display-component---detailPtm--partnerType"},"wdio_ui5_key":"applicationmanagepartners-display-component---detailPtm--partnerType"}]}
RESULT: undefined
COMMAND: POST /session/5ddd57591a494e04841521b2f73ce0e1/execute/async - {"script":"<script> [6424 bytes]","args":[{"element-6066-11e4-a52e-4f735466cecf":"f.76BD0702E8726841DC63080813E8F96A.d.30895738F97008CCEBA9252FDAB0DE49.e.12498"},"getText",[]]}
RESULT: {"script":"<script> [6424 bytes]","args":[{"element-6066-11e4-a52e-4f735466cecf":"f.76BD0702E8726841DC63080813E8F96A.d.30895738F97008CCEBA9252FDAB0DE49.e.12498"},"getText",[]]}
COMMAND: POST /session/5ddd57591a494e04841521b2f73ce0e1/element - {"using":"css selector","value":"#shell-header-logo"}
RESULT: {"using":"css selector","value":"#shell-header-logo"}
COMMAND: POST /session/5ddd57591a494e04841521b2f73ce0e1/element/f.76BD0702E8726841DC63080813E8F96A.d.30895738F97008CCEBA9252FDAB0DE49.e.11836/click - {}
RESULT: {}
COMMAND: GET /session/5ddd57591a494e04841521b2f73ce0e1/screenshot - {}
RESULT: {}
COMMAND: POST /session/5ddd57591a494e04841521b2f73ce0e1/execute/async - {"script":"<script> [1562 bytes]","args":[{"selector":{"controlType":"sap.m.GenericTile","properties":{"header":"Manage Sites"}},"wdio_ui5_key":"sapm.GenericTile{\"header\":\"Manage Sites\"}"}]}
RESULT: {"script":"<script> [1562 bytes]","args":[{"selector":{"controlType":"sap.m.GenericTile","properties":{"header":"Manage Sites"}},"wdio_ui5_key":"sapm.GenericTile{\"header\":\"Manage Sites\"}"}]}
RESULT: undefined
COMMAND: POST /session/5ddd57591a494e04841521b2f73ce0e1/element - {"using":"xpath","value":"//*[@id=\"__tile40\"]"}
RESULT: {"using":"xpath","value":"//*[@id=\"__tile40\"]"}
COMMAND: POST /session/5ddd57591a494e04841521b2f73ce0e1/element/f.76BD0702E8726841DC63080813E8F96A.d.30895738F97008CCEBA9252FDAB0DE49.e.12500/click - {}
RESULT: {}
COMMAND: GET /session/5ddd57591a494e04841521b2f73ce0e1/screenshot - {}
RESULT: {}
COMMAND: POST /session/5ddd57591a494e04841521b2f73ce0e1/elements - {"using":"xpath","value":"//span[text()='Error']"}
RESULT: {"using":"xpath","value":"//span[text()='Error']"}
COMMAND: POST /session/5ddd57591a494e04841521b2f73ce0e1/execute/async - {"script":"<script> [1562 bytes]","args":[{"selector":{"controlType":"sap.ui.core.Icon","viewName":"etm.portal.ui.managesites.view.Master","viewId":"application-managesites-display-component---masterSite","properties":{"src":{"regex":{"source":"add"}}}},"wdio_ui5_key":"etmportal.ui.managesites.view.Mastersap.ui.core.Icon{\"src\":{\"regex\":{\"source\":\"add\"}}}"}]}
RESULT: {"script":"<script> [1562 bytes]","args":[{"selector":{"controlType":"sap.ui.core.Icon","viewName":"etm.portal.ui.managesites.view.Master","viewId":"application-managesites-display-component---masterSite","properties":{"src":{"regex":{"source":"add"}}}},"wdio_ui5_key":"etmportal.ui.managesites.view.Mastersap.ui.core.Icon{\"src\":{\"regex\":{\"source\":\"add\"}}}"}]}
RESULT: undefined
COMMAND: POST /session/5ddd57591a494e04841521b2f73ce0e1/element - {"using":"xpath","value":"//*[@id=\"__button52-img\"]"}
RESULT: {"using":"xpath","value":"//*[@id=\"__button52-img\"]"}
COMMAND: POST /session/5ddd57591a494e04841521b2f73ce0e1/element/f.76BD0702E8726841DC63080813E8F96A.d.30895738F97008CCEBA9252FDAB0DE49.e.12551/click - {}
RESULT: {}
COMMAND: POST /session/5ddd57591a494e04841521b2f73ce0e1/execute/async - {"script":"<script> [1562 bytes]","args":[{"selector":{"id":"application-managesites-display-component---NewSite--siteId","interaction":{"idSuffix":"inner"}},"wdio_ui5_key":"applicationmanagesites-display-component---NewSite--siteId"}]}
COMMAND: GET /session/5ddd57591a494e04841521b2f73ce0e1/screenshot - {}
RESULT: {"script":"<script> [1562 bytes]","args":[{"selector":{"id":"application-managesites-display-component---NewSite--siteId","interaction":{"idSuffix":"inner"}},"wdio_ui5_key":"applicationmanagesites-display-component---NewSite--siteId"}]}
RESULT: undefined
COMMAND: POST /session/5ddd57591a494e04841521b2f73ce0e1/execute/async - {"script":"<script> [1562 bytes]","args":[{"selector":{"id":"application-managesites-display-component---NewSite--addressDetailDetailsName1","interaction":{"idSuffix":"inner"}},"wdio_ui5_key":"applicationmanagesites-display-component---NewSite--addressDetailDetailsName1"}]}
RESULT: {}
RESULT: {"script":"<script> [1562 bytes]","args":[{"selector":{"id":"application-managesites-display-component---NewSite--addressDetailDetailsName1","interaction":{"idSuffix":"inner"}},"wdio_ui5_key":"applicationmanagesites-display-component---NewSite--addressDetailDetailsName1"}]}
RESULT: undefined
COMMAND: POST /session/5ddd57591a494e04841521b2f73ce0e1/execute/async - {"script":"<script> [776 bytes]","args":[{"enterText":"WebdriverSitewlqs9","selector":{"id":"application-managesites-display-component---NewSite--addressDetailDetailsName1","interaction":{"idSuffix":"inner"}},"clearTextFirst":true,"interactionType":"ENTER_TEXT"}]}
RESULT: {"script":"<script> [776 bytes]","args":[{"enterText":"WebdriverSitewlqs9","selector":{"id":"application-managesites-display-component---NewSite--addressDetailDetailsName1","interaction":{"idSuffix":"inner"}},"clearTextFirst":true,"interactionType":"ENTER_TEXT"}]}
COMMAND: POST /session/5ddd57591a494e04841521b2f73ce0e1/execute/async - {"script":"<script> [1562 bytes]","args":[{"selector":{"id":"application-managesites-display-component---NewSite--addressDetailDetailsLanguage","interaction":{"idSuffix":"inner"}},"wdio_ui5_key":"applicationmanagesites-display-component---NewSite--addressDetailDetailsLanguage"}]}
RESULT: {"script":"<script> [1562 bytes]","args":[{"selector":{"id":"application-managesites-display-component---NewSite--addressDetailDetailsLanguage","interaction":{"idSuffix":"inner"}},"wdio_ui5_key":"applicationmanagesites-display-component---NewSite--addressDetailDetailsLanguage"}]}
RESULT: undefined
COMMAND: POST /session/5ddd57591a494e04841521b2f73ce0e1/execute/async - {"script":"<script> [776 bytes]","args":[{"enterText":"Romanian","selector":{"id":"application-managesites-display-component---NewSite--addressDetailDetailsLanguage","interaction":{"idSuffix":"inner"}},"clearTextFirst":true,"interactionType":"ENTER_TEXT"}]}
RESULT: {"script":"<script> [776 bytes]","args":[{"enterText":"Romanian","selector":{"id":"application-managesites-display-component---NewSite--addressDetailDetailsLanguage","interaction":{"idSuffix":"inner"}},"clearTextFirst":true,"interactionType":"ENTER_TEXT"}]}
COMMAND: POST /session/5ddd57591a494e04841521b2f73ce0e1/execute/async - {"script":"<script> [1562 bytes]","args":[{"selector":{"id":"application-managesites-display-component---NewSite--addressDetailDetailsCity1","interaction":{"idSuffix":"inner"}},"wdio_ui5_key":"applicationmanagesites-display-component---NewSite--addressDetailDetailsCity1"}]}
RESULT: {"script":"<script> [1562 bytes]","args":[{"selector":{"id":"application-managesites-display-component---NewSite--addressDetailDetailsCity1","interaction":{"idSuffix":"inner"}},"wdio_ui5_key":"applicationmanagesites-display-component---NewSite--addressDetailDetailsCity1"}]}
RESULT: undefined
COMMAND: POST /session/5ddd57591a494e04841521b2f73ce0e1/execute/async - {"script":"<script> [776 bytes]","args":[{"enterText":"Bucharest","selector":{"id":"application-managesites-display-component---NewSite--addressDetailDetailsCity1","interaction":{"idSuffix":"inner"}},"clearTextFirst":true,"interactionType":"ENTER_TEXT"}]}
RESULT: {"script":"<script> [776 bytes]","args":[{"enterText":"Bucharest","selector":{"id":"application-managesites-display-component---NewSite--addressDetailDetailsCity1","interaction":{"idSuffix":"inner"}},"clearTextFirst":true,"interactionType":"ENTER_TEXT"}]}
COMMAND: POST /session/5ddd57591a494e04841521b2f73ce0e1/execute/async - {"script":"<script> [1562 bytes]","args":[{"selector":{"id":"application-managesites-display-component---NewSite--addressDetailDetailsCountry","interaction":{"idSuffix":"inner"}},"wdio_ui5_key":"applicationmanagesites-display-component---NewSite--addressDetailDetailsCountry"}]}
RESULT: {"script":"<script> [1562 bytes]","args":[{"selector":{"id":"application-managesites-display-component---NewSite--addressDetailDetailsCountry","interaction":{"idSuffix":"inner"}},"wdio_ui5_key":"applicationmanagesites-display-component---NewSite--addressDetailDetailsCountry"}]}
RESULT: undefined
COMMAND: POST /session/5ddd57591a494e04841521b2f73ce0e1/execute/async - {"script":"<script> [776 bytes]","args":[{"enterText":"Romania","selector":{"id":"application-managesites-display-component---NewSite--addressDetailDetailsCountry","interaction":{"idSuffix":"inner"}},"clearTextFirst":true,"interactionType":"ENTER_TEXT"}]}
RESULT: {"script":"<script> [776 bytes]","args":[{"enterText":"Romania","selector":{"id":"application-managesites-display-component---NewSite--addressDetailDetailsCountry","interaction":{"idSuffix":"inner"}},"clearTextFirst":true,"interactionType":"ENTER_TEXT"}]}
COMMAND: POST /session/5ddd57591a494e04841521b2f73ce0e1/element - {"using":"css selector","value":"#application-managesites-display-component---NewSite--addressDetailDetailsCalendar-inner"}
RESULT: {"using":"css selector","value":"#application-managesites-display-component---NewSite--addressDetailDetailsCalendar-inner"}
COMMAND: POST /session/5ddd57591a494e04841521b2f73ce0e1/element/f.76BD0702E8726841DC63080813E8F96A.d.30895738F97008CCEBA9252FDAB0DE49.e.12935/clear - {}
RESULT: {}
COMMAND: POST /session/5ddd57591a494e04841521b2f73ce0e1/element/f.76BD0702E8726841DC63080813E8F96A.d.30895738F97008CCEBA9252FDAB0DE49.e.12935/value - {"text":"Germany"}
COMMAND: GET /session/5ddd57591a494e04841521b2f73ce0e1/screenshot - {}
RESULT: {"text":"Germany"}
COMMAND: POST /session/5ddd57591a494e04841521b2f73ce0e1/execute/async - {"script":"<script> [1562 bytes]","args":[{"selector":{"id":"application-managesites-display-component---NewSite--addressEditDetailsCostObjectCstType-arrow"},"wdio_ui5_key":"applicationmanagesites-display-component---NewSite--addressEditDetailsCostObjectCstType-arrow"}]}
COMMAND: GET /session/5ddd57591a494e04841521b2f73ce0e1/screenshot - {}
RESULT: {}
RESULT: {"script":"<script> [1562 bytes]","args":[{"selector":{"id":"application-managesites-display-component---NewSite--addressEditDetailsCostObjectCstType-arrow"},"wdio_ui5_key":"applicationmanagesites-display-component---NewSite--addressEditDetailsCostObjectCstType-arrow"}]}
RESULT: undefined
COMMAND: POST /session/5ddd57591a494e04841521b2f73ce0e1/element - {"using":"xpath","value":"//*[@id=\"application-managesites-display-component---NewSite--addressEditDetailsCostObjectCstType-arrow\"]"}
RESULT: {}
RESULT: {"using":"xpath","value":"//*[@id=\"application-managesites-display-component---NewSite--addressEditDetailsCostObjectCstType-arrow\"]"}
COMMAND: POST /session/5ddd57591a494e04841521b2f73ce0e1/element/f.76BD0702E8726841DC63080813E8F96A.d.30895738F97008CCEBA9252FDAB0DE49.e.13096/click - {}
RESULT: {}
COMMAND: POST /session/5ddd57591a494e04841521b2f73ce0e1/element - {"using":"xpath","value":"//span[contains(text(), \"Work Breakdown Structure\")]"}
COMMAND: GET /session/5ddd57591a494e04841521b2f73ce0e1/screenshot - {}
RESULT: {"using":"xpath","value":"//span[contains(text(), \"Work Breakdown Structure\")]"}
COMMAND: POST /session/5ddd57591a494e04841521b2f73ce0e1/element/f.76BD0702E8726841DC63080813E8F96A.d.30895738F97008CCEBA9252FDAB0DE49.e.13098/click - {}
RESULT: {}
RESULT: {}
COMMAND: GET /session/5ddd57591a494e04841521b2f73ce0e1/screenshot - {}
RESULT: {}
COMMAND: POST /session/5ddd57591a494e04841521b2f73ce0e1/execute/async - {"script":"<script> [1562 bytes]","args":[{"selector":{"id":"application-managesites-display-component---NewSite--addressNewCostObjectCstID-vhi"},"wdio_ui5_key":"applicationmanagesites-display-component---NewSite--addressNewCostObjectCstID-vhi"}]}
RESULT: {"script":"<script> [1562 bytes]","args":[{"selector":{"id":"application-managesites-display-component---NewSite--addressNewCostObjectCstID-vhi"},"wdio_ui5_key":"applicationmanagesites-display-component---NewSite--addressNewCostObjectCstID-vhi"}]}
RESULT: undefined
COMMAND: POST /session/5ddd57591a494e04841521b2f73ce0e1/element - {"using":"xpath","value":"//*[@id=\"application-managesites-display-component---NewSite--addressNewCostObjectCstID-vhi\"]"}
RESULT: {"using":"xpath","value":"//*[@id=\"application-managesites-display-component---NewSite--addressNewCostObjectCstID-vhi\"]"}
COMMAND: POST /session/5ddd57591a494e04841521b2f73ce0e1/element/f.76BD0702E8726841DC63080813E8F96A.d.30895738F97008CCEBA9252FDAB0DE49.e.13102/click - {}
RESULT: {}
COMMAND: GET /session/5ddd57591a494e04841521b2f73ce0e1/screenshot - {}
RESULT: {}
COMMAND: POST /session/5ddd57591a494e04841521b2f73ce0e1/execute/async - {"script":"<script> [1562 bytes]","args":[{"selector":{"controlType":"sap.m.SearchField","properties":{"placeholder":"Search"},"searchOpenDialogs":true,"interaction":{"idSuffix":"I"}},"wdio_ui5_key":"sapm.SearchField{\"placeholder\":\"Search\"}"}]}
RESULT: {"script":"<script> [1562 bytes]","args":[{"selector":{"controlType":"sap.m.SearchField","properties":{"placeholder":"Search"},"searchOpenDialogs":true,"interaction":{"idSuffix":"I"}},"wdio_ui5_key":"sapm.SearchField{\"placeholder\":\"Search\"}"}]}
RESULT: undefined
COMMAND: POST /session/5ddd57591a494e04841521b2f73ce0e1/execute/async - {"script":"<script> [776 bytes]","args":[{"enterText":"A1-000100-01","selector":{"controlType":"sap.m.SearchField","properties":{"placeholder":"Search"},"searchOpenDialogs":true,"interaction":{"idSuffix":"I"}},"clearTextFirst":true,"interactionType":"ENTER_TEXT"}]}
RESULT: {"script":"<script> [776 bytes]","args":[{"enterText":"A1-000100-01","selector":{"controlType":"sap.m.SearchField","properties":{"placeholder":"Search"},"searchOpenDialogs":true,"interaction":{"idSuffix":"I"}},"clearTextFirst":true,"interactionType":"ENTER_TEXT"}]}
COMMAND: POST /session/5ddd57591a494e04841521b2f73ce0e1/actions - {"actions":[{"id":"action67","type":"key","parameters":{},"actions":[{"type":"keyDown","value":"î€‡"},{"type":"pause","duration":10},{"type":"keyUp","value":"î€‡"}]}]}
RESULT: {"actions":[{"id":"action67","type":"key","parameters":{},"actions":[{"type":"keyDown","value":"î€‡"},{"type":"pause","duration":10},{"type":"keyUp","value":"î€‡"}]}]}
COMMAND: GET /session/5ddd57591a494e04841521b2f73ce0e1/screenshot - {}
RESULT: {}
COMMAND: POST /session/5ddd57591a494e04841521b2f73ce0e1/element - {"using":"xpath","value":"//span[contains(text(), \"Template for ETO-Process\")]"}
RESULT: {"using":"xpath","value":"//span[contains(text(), \"Template for ETO-Process\")]"}
COMMAND: POST /session/5ddd57591a494e04841521b2f73ce0e1/element/f.76BD0702E8726841DC63080813E8F96A.d.30895738F97008CCEBA9252FDAB0DE49.e.13122/click - {}
RESULT: {}
COMMAND: GET /session/5ddd57591a494e04841521b2f73ce0e1/screenshot - {}
RESULT: {}
COMMAND: POST /session/5ddd57591a494e04841521b2f73ce0e1/element - {"using":"xpath","value":"//bdi[contains(text(), \"OK\")]"}
RESULT: {"using":"xpath","value":"//bdi[contains(text(), \"OK\")]"}
COMMAND: POST /session/5ddd57591a494e04841521b2f73ce0e1/element/f.76BD0702E8726841DC63080813E8F96A.d.30895738F97008CCEBA9252FDAB0DE49.e.13123/click - {}
RESULT: {}
COMMAND: GET /session/5ddd57591a494e04841521b2f73ce0e1/screenshot - {}
RESULT: {}
COMMAND: POST /session/5ddd57591a494e04841521b2f73ce0e1/element - {"using":"xpath","value":"//input[@id=\"application-managesites-display-component---NewSite--addressDetailDetailsYard-inner\"]"}
RESULT: {"using":"xpath","value":"//input[@id=\"application-managesites-display-component---NewSite--addressDetailDetailsYard-inner\"]"}
COMMAND: POST /session/5ddd57591a494e04841521b2f73ce0e1/element/f.76BD0702E8726841DC63080813E8F96A.d.30895738F97008CCEBA9252FDAB0DE49.e.12936/value - {"text":"WebdriverYardc2kfc"}
RESULT: {"text":"WebdriverYardc2kfc"}
COMMAND: GET /session/5ddd57591a494e04841521b2f73ce0e1/screenshot - {}
RESULT: {}
COMMAND: POST /session/5ddd57591a494e04841521b2f73ce0e1/actions - {"actions":[{"id":"action68","type":"key","parameters":{},"actions":[{"type":"keyDown","value":"î€‡"},{"type":"pause","duration":10},{"type":"keyUp","value":"î€‡"}]}]}
RESULT: {"actions":[{"id":"action68","type":"key","parameters":{},"actions":[{"type":"keyDown","value":"î€‡"},{"type":"pause","duration":10},{"type":"keyUp","value":"î€‡"}]}]}
COMMAND: GET /session/5ddd57591a494e04841521b2f73ce0e1/screenshot - {}
RESULT: {}
COMMAND: POST /session/5ddd57591a494e04841521b2f73ce0e1/element - {"using":"xpath","value":"//input[@id=\"application-managesites-display-component---NewSite--addressDetailDetailsPartner-inner\"]"}
RESULT: {"using":"xpath","value":"//input[@id=\"application-managesites-display-component---NewSite--addressDetailDetailsPartner-inner\"]"}
COMMAND: POST /session/5ddd57591a494e04841521b2f73ce0e1/elements - {"using":"xpath","value":"//input[@id=\"application-managesites-display-component---NewSite--addressDetailDetailsPartner-inner\"]"}
RESULT: {"using":"xpath","value":"//input[@id=\"application-managesites-display-component---NewSite--addressDetailDetailsPartner-inner\"]"}
COMMAND: POST /session/5ddd57591a494e04841521b2f73ce0e1/execute/async - {"script":"<script> [1562 bytes]","args":[{"selector":{"controlType":"sap.m.Button","viewName":"etm.portal.ui.managesites.view.NewSmartSite","viewId":"application-managesites-display-component---NewSite","properties":{"text":"Commercial"},"interaction":{"idSuffix":"BDI-content"}},"wdio_ui5_key":"etmportal.ui.managesites.view.NewSmartSitesap.m.Button{\"text\":\"Commercial\"}"}]}
RESULT: {"script":"<script> [1562 bytes]","args":[{"selector":{"controlType":"sap.m.Button","viewName":"etm.portal.ui.managesites.view.NewSmartSite","viewId":"application-managesites-display-component---NewSite","properties":{"text":"Commercial"},"interaction":{"idSuffix":"BDI-content"}},"wdio_ui5_key":"etmportal.ui.managesites.view.NewSmartSitesap.m.Button{\"text\":\"Commercial\"}"}]}
RESULT: undefined
COMMAND: POST /session/5ddd57591a494e04841521b2f73ce0e1/element - {"using":"xpath","value":"//*[@id=\"application-managesites-display-component---NewSite--ObjectPageLayout-anchBar-__section31-anchor\"]"}
RESULT: {"using":"xpath","value":"//*[@id=\"application-managesites-display-component---NewSite--ObjectPageLayout-anchBar-__section31-anchor\"]"}
COMMAND: POST /session/5ddd57591a494e04841521b2f73ce0e1/element/f.76BD0702E8726841DC63080813E8F96A.d.30895738F97008CCEBA9252FDAB0DE49.e.13130/click - {}
RESULT: {}
COMMAND: POST /session/5ddd57591a494e04841521b2f73ce0e1/execute/async - {"script":"<script> [1562 bytes]","args":[{"selector":{"controlType":"sap.m.Button","viewName":"etm.portal.ui.managesites.view.NewSmartSite","viewId":"application-managesites-display-component---NewSite","i18NText":{"propertyName":"text","key":"save"},"interaction":{"idSuffix":"BDI-content"}},"wdio_ui5_key":"etmportal.ui.managesites.view.NewSmartSitesap.m.Button{\"propertyName\":\"text\",\"key\":\"save\"}"}]}
COMMAND: GET /session/5ddd57591a494e04841521b2f73ce0e1/screenshot - {}
RESULT: {"script":"<script> [1562 bytes]","args":[{"selector":{"controlType":"sap.m.Button","viewName":"etm.portal.ui.managesites.view.NewSmartSite","viewId":"application-managesites-display-component---NewSite","i18NText":{"propertyName":"text","key":"save"},"interaction":{"idSuffix":"BDI-content"}},"wdio_ui5_key":"etmportal.ui.managesites.view.NewSmartSitesap.m.Button{\"propertyName\":\"text\",\"key\":\"save\"}"}]}
RESULT: undefined
COMMAND: POST /session/5ddd57591a494e04841521b2f73ce0e1/element - {"using":"xpath","value":"//*[@id=\"__button64\"]"}
RESULT: {}
RESULT: {"using":"xpath","value":"//*[@id=\"__button64\"]"}
COMMAND: POST /session/5ddd57591a494e04841521b2f73ce0e1/element/f.76BD0702E8726841DC63080813E8F96A.d.30895738F97008CCEBA9252FDAB0DE49.e.13073/click - {}
RESULT: {}
COMMAND: GET /session/5ddd57591a494e04841521b2f73ce0e1/screenshot - {}
RESULT: {}
COMMAND: POST /session/5ddd57591a494e04841521b2f73ce0e1/execute/async - {"script":"<script> [1562 bytes]","args":[{"selector":{"id":"application-managesites-display-component---detailSite--addressDetailDetailsYardText"},"wdio_ui5_key":"applicationmanagesites-display-component---detailSite--addressDetailDetailsYardText"}]}
RESULT: {"script":"<script> [1562 bytes]","args":[{"selector":{"id":"application-managesites-display-component---detailSite--addressDetailDetailsYardText"},"wdio_ui5_key":"applicationmanagesites-display-component---detailSite--addressDetailDetailsYardText"}]}
RESULT: undefined
COMMAND: POST /session/5ddd57591a494e04841521b2f73ce0e1/element - {"using":"xpath","value":"//header/div/div[2]/div[2]/span"}
RESULT: {"using":"xpath","value":"//header/div/div[2]/div[2]/span"}
COMMAND: GET /session/5ddd57591a494e04841521b2f73ce0e1/element/f.76BD0702E8726841DC63080813E8F96A.d.30895738F97008CCEBA9252FDAB0DE49.e.13336/text - {}
RESULT: {}
COMMAND: POST /session/5ddd57591a494e04841521b2f73ce0e1/element - {"using":"xpath","value":"//header/div/div/div/div/div/div[2]/div/span"}
RESULT: {"using":"xpath","value":"//header/div/div/div/div/div/div[2]/div/span"}
COMMAND: GET /session/5ddd57591a494e04841521b2f73ce0e1/element/f.76BD0702E8726841DC63080813E8F96A.d.30895738F97008CCEBA9252FDAB0DE49.e.13337/text - {}
RESULT: {}
COMMAND: POST /session/5ddd57591a494e04841521b2f73ce0e1/element - {"using":"css selector","value":"#shell-header-logo"}
RESULT: {"using":"css selector","value":"#shell-header-logo"}
COMMAND: POST /session/5ddd57591a494e04841521b2f73ce0e1/element/f.76BD0702E8726841DC63080813E8F96A.d.30895738F97008CCEBA9252FDAB0DE49.e.12505/click - {}
RESULT: {}
COMMAND: GET /session/5ddd57591a494e04841521b2f73ce0e1/screenshot - {}
RESULT: {}
]]></system-out>
    </testcase>
    <testcase classname="chrome.137_0_7151_56.windows.E2E_-_Logistical_and_commercial_statuses" name="It should stock increase the resource" time="220.337">
      <system-out><![CDATA[
COMMAND: POST /session/5ddd57591a494e04841521b2f73ce0e1/execute/async - {"script":"<script> [1562 bytes]","args":[{"selector":{"controlType":"sap.m.GenericTile","properties":{"header":"Manage Resources"}},"wdio_ui5_key":"sapm.GenericTile{\"header\":\"Manage Resources\"}"}]}
RESULT: {"script":"<script> [1562 bytes]","args":[{"selector":{"controlType":"sap.m.GenericTile","properties":{"header":"Manage Resources"}},"wdio_ui5_key":"sapm.GenericTile{\"header\":\"Manage Resources\"}"}]}
RESULT: undefined
COMMAND: POST /session/5ddd57591a494e04841521b2f73ce0e1/element - {"using":"xpath","value":"//*[@id=\"__tile39\"]"}
RESULT: {"using":"xpath","value":"//*[@id=\"__tile39\"]"}
COMMAND: POST /session/5ddd57591a494e04841521b2f73ce0e1/element/f.76BD0702E8726841DC63080813E8F96A.d.30895738F97008CCEBA9252FDAB0DE49.e.13339/click - {}
RESULT: {}
COMMAND: GET /session/5ddd57591a494e04841521b2f73ce0e1/screenshot - {}
RESULT: {}
COMMAND: POST /session/5ddd57591a494e04841521b2f73ce0e1/elements - {"using":"xpath","value":"//span[text()='Error']"}
RESULT: {"using":"xpath","value":"//span[text()='Error']"}
COMMAND: POST /session/5ddd57591a494e04841521b2f73ce0e1/element - {"using":"xpath","value":"//button[@data-kt=\"addNewRUOverflowToolbarButton\"]"}
RESULT: {"using":"xpath","value":"//button[@data-kt=\"addNewRUOverflowToolbarButton\"]"}
COMMAND: POST /session/5ddd57591a494e04841521b2f73ce0e1/execute/sync - {"script":"<script> [8489 bytes]","args":[{"element-6066-11e4-a52e-4f735466cecf":"f.76BD0702E8726841DC63080813E8F96A.d.30895738F97008CCEBA9252FDAB0DE49.e.13380","ELEMENT":"f.76BD0702E8726841DC63080813E8F96A.d.30895738F97008CCEBA9252FDAB0DE49.e.13380"}]}
RESULT: {"script":"<script> [8489 bytes]","args":[{"element-6066-11e4-a52e-4f735466cecf":"f.76BD0702E8726841DC63080813E8F96A.d.30895738F97008CCEBA9252FDAB0DE49.e.13380","ELEMENT":"f.76BD0702E8726841DC63080813E8F96A.d.30895738F97008CCEBA9252FDAB0DE49.e.13380"}]}
COMMAND: POST /session/5ddd57591a494e04841521b2f73ce0e1/element/f.76BD0702E8726841DC63080813E8F96A.d.30895738F97008CCEBA9252FDAB0DE49.e.13380/click - {}
COMMAND: GET /session/5ddd57591a494e04841521b2f73ce0e1/screenshot - {}
RESULT: {}
COMMAND: POST /session/5ddd57591a494e04841521b2f73ce0e1/execute/async - {"script":"<script> [1562 bytes]","args":[{"selector":{"id":"application-manageresources-display-component---newResourceUnit--TYPE-arrow"},"wdio_ui5_key":"applicationmanageresources-display-component---newResourceUnit--TYPE-arrow"}]}
COMMAND: GET /session/5ddd57591a494e04841521b2f73ce0e1/screenshot - {}
RESULT: {}
RESULT: {"script":"<script> [1562 bytes]","args":[{"selector":{"id":"application-manageresources-display-component---newResourceUnit--TYPE-arrow"},"wdio_ui5_key":"applicationmanageresources-display-component---newResourceUnit--TYPE-arrow"}]}
RESULT: undefined
COMMAND: POST /session/5ddd57591a494e04841521b2f73ce0e1/element - {"using":"xpath","value":"//*[@id=\"application-manageresources-display-component---newResourceUnit--TYPE-arrow\"]"}
RESULT: {}
RESULT: {"using":"xpath","value":"//*[@id=\"application-manageresources-display-component---newResourceUnit--TYPE-arrow\"]"}
COMMAND: POST /session/5ddd57591a494e04841521b2f73ce0e1/element/f.76BD0702E8726841DC63080813E8F96A.d.30895738F97008CCEBA9252FDAB0DE49.e.13706/click - {}
RESULT: {}
COMMAND: POST /session/5ddd57591a494e04841521b2f73ce0e1/execute/async - {"script":"<script> [1562 bytes]","args":[{"selector":{"controlType":"sap.m.StandardListItem","viewName":"reusables.view.manageresources.NewResourceUnit","viewId":"application-manageresources-display-component---newResourceUnit","properties":{"title":"Material"},"searchOpenDialogs":true,"interaction":{"idSuffix":"titleText"}},"wdio_ui5_key":"reusablesview.manageresources.NewResourceUnitsap.m.StandardListItem{\"title\":\"Material\"}"}]}
COMMAND: GET /session/5ddd57591a494e04841521b2f73ce0e1/screenshot - {}
RESULT: {"script":"<script> [1562 bytes]","args":[{"selector":{"controlType":"sap.m.StandardListItem","viewName":"reusables.view.manageresources.NewResourceUnit","viewId":"application-manageresources-display-component---newResourceUnit","properties":{"title":"Material"},"searchOpenDialogs":true,"interaction":{"idSuffix":"titleText"}},"wdio_ui5_key":"reusablesview.manageresources.NewResourceUnitsap.m.StandardListItem{\"title\":\"Material\"}"}]}
RESULT: undefined
COMMAND: POST /session/5ddd57591a494e04841521b2f73ce0e1/element - {"using":"xpath","value":"//*[@id=\"__item1281\"]"}
RESULT: {}
RESULT: {"using":"xpath","value":"//*[@id=\"__item1281\"]"}
COMMAND: POST /session/5ddd57591a494e04841521b2f73ce0e1/element/f.76BD0702E8726841DC63080813E8F96A.d.30895738F97008CCEBA9252FDAB0DE49.e.13709/click - {}
RESULT: {}
COMMAND: POST /session/5ddd57591a494e04841521b2f73ce0e1/execute/async - {"script":"<script> [1562 bytes]","args":[{"selector":{"id":"application-manageresources-display-component---newResourceUnit--SHORT_TEXT","interaction":{"idSuffix":"inner"}},"wdio_ui5_key":"applicationmanageresources-display-component---newResourceUnit--SHORT_TEXT"}]}
COMMAND: GET /session/5ddd57591a494e04841521b2f73ce0e1/screenshot - {}
RESULT: {"script":"<script> [1562 bytes]","args":[{"selector":{"id":"application-manageresources-display-component---newResourceUnit--SHORT_TEXT","interaction":{"idSuffix":"inner"}},"wdio_ui5_key":"applicationmanageresources-display-component---newResourceUnit--SHORT_TEXT"}]}
RESULT: undefined
COMMAND: POST /session/5ddd57591a494e04841521b2f73ce0e1/execute/async - {"script":"<script> [776 bytes]","args":[{"enterText":"WebdriverMatTestii0he","selector":{"id":"application-manageresources-display-component---newResourceUnit--SHORT_TEXT","interaction":{"idSuffix":"inner"}},"clearTextFirst":true,"interactionType":"ENTER_TEXT"}]}
RESULT: {}
RESULT: {"script":"<script> [776 bytes]","args":[{"enterText":"WebdriverMatTestii0he","selector":{"id":"application-manageresources-display-component---newResourceUnit--SHORT_TEXT","interaction":{"idSuffix":"inner"}},"clearTextFirst":true,"interactionType":"ENTER_TEXT"}]}
COMMAND: POST /session/5ddd57591a494e04841521b2f73ce0e1/execute/async - {"script":"<script> [1562 bytes]","args":[{"selector":{"id":"application-manageresources-display-component---newResourceUnit--BASE_UNIT_OF_MEASURE-arrow"},"wdio_ui5_key":"applicationmanageresources-display-component---newResourceUnit--BASE_UNIT_OF_MEASURE-arrow"}]}
RESULT: {"script":"<script> [1562 bytes]","args":[{"selector":{"id":"application-manageresources-display-component---newResourceUnit--BASE_UNIT_OF_MEASURE-arrow"},"wdio_ui5_key":"applicationmanageresources-display-component---newResourceUnit--BASE_UNIT_OF_MEASURE-arrow"}]}
RESULT: undefined
COMMAND: POST /session/5ddd57591a494e04841521b2f73ce0e1/element - {"using":"xpath","value":"//*[@id=\"application-manageresources-display-component---newResourceUnit--BASE_UNIT_OF_MEASURE-arrow\"]"}
RESULT: {"using":"xpath","value":"//*[@id=\"application-manageresources-display-component---newResourceUnit--BASE_UNIT_OF_MEASURE-arrow\"]"}
COMMAND: POST /session/5ddd57591a494e04841521b2f73ce0e1/element/f.76BD0702E8726841DC63080813E8F96A.d.30895738F97008CCEBA9252FDAB0DE49.e.13829/click - {}
RESULT: {}
COMMAND: POST /session/5ddd57591a494e04841521b2f73ce0e1/execute/async - {"script":"<script> [1562 bytes]","args":[{"selector":{"controlType":"sap.m.StandardListItem","viewName":"reusables.view.manageresources.NewResourceUnit","viewId":"application-manageresources-display-component---newResourceUnit","properties":{"title":"Piece"},"searchOpenDialogs":true,"interaction":{"idSuffix":"titleText"}},"wdio_ui5_key":"reusablesview.manageresources.NewResourceUnitsap.m.StandardListItem{\"title\":\"Piece\"}"}]}
COMMAND: GET /session/5ddd57591a494e04841521b2f73ce0e1/screenshot - {}
RESULT: {"script":"<script> [1562 bytes]","args":[{"selector":{"controlType":"sap.m.StandardListItem","viewName":"reusables.view.manageresources.NewResourceUnit","viewId":"application-manageresources-display-component---newResourceUnit","properties":{"title":"Piece"},"searchOpenDialogs":true,"interaction":{"idSuffix":"titleText"}},"wdio_ui5_key":"reusablesview.manageresources.NewResourceUnitsap.m.StandardListItem{\"title\":\"Piece\"}"}]}
RESULT: undefined
COMMAND: POST /session/5ddd57591a494e04841521b2f73ce0e1/element - {"using":"xpath","value":"//*[@id=\"__item1334\"]"}
RESULT: {}
RESULT: {"using":"xpath","value":"//*[@id=\"__item1334\"]"}
COMMAND: POST /session/5ddd57591a494e04841521b2f73ce0e1/element/f.76BD0702E8726841DC63080813E8F96A.d.30895738F97008CCEBA9252FDAB0DE49.e.13831/click - {}
RESULT: {}
COMMAND: POST /session/5ddd57591a494e04841521b2f73ce0e1/element - {"using":"xpath","value":"//input[contains(@id ,\"application-manageresources-display-component---newResourceUnit--SHORT_TEXT-inner\")]"}
COMMAND: GET /session/5ddd57591a494e04841521b2f73ce0e1/screenshot - {}
RESULT: {"using":"xpath","value":"//input[contains(@id ,\"application-manageresources-display-component---newResourceUnit--SHORT_TEXT-inner\")]"}
COMMAND: GET /session/5ddd57591a494e04841521b2f73ce0e1/element/f.76BD0702E8726841DC63080813E8F96A.d.30895738F97008CCEBA9252FDAB0DE49.e.13726/property/value - {}
RESULT: {}
RESULT: {}
COMMAND: POST /session/5ddd57591a494e04841521b2f73ce0e1/execute/async - {"script":"<script> [1562 bytes]","args":[{"selector":{"id":"application-manageresources-display-component---newResourceUnit--WEIGHT_UNIT-arrow"},"wdio_ui5_key":"applicationmanageresources-display-component---newResourceUnit--WEIGHT_UNIT-arrow"}]}
COMMAND: GET /session/5ddd57591a494e04841521b2f73ce0e1/screenshot - {}
RESULT: {"script":"<script> [1562 bytes]","args":[{"selector":{"id":"application-manageresources-display-component---newResourceUnit--WEIGHT_UNIT-arrow"},"wdio_ui5_key":"applicationmanageresources-display-component---newResourceUnit--WEIGHT_UNIT-arrow"}]}
RESULT: undefined
COMMAND: POST /session/5ddd57591a494e04841521b2f73ce0e1/element - {"using":"xpath","value":"//*[@id=\"application-manageresources-display-component---newResourceUnit--WEIGHT_UNIT-arrow\"]"}
RESULT: {}
RESULT: {"using":"xpath","value":"//*[@id=\"application-manageresources-display-component---newResourceUnit--WEIGHT_UNIT-arrow\"]"}
COMMAND: POST /session/5ddd57591a494e04841521b2f73ce0e1/element/f.76BD0702E8726841DC63080813E8F96A.d.30895738F97008CCEBA9252FDAB0DE49.e.13832/click - {}
RESULT: {}
COMMAND: POST /session/5ddd57591a494e04841521b2f73ce0e1/execute/async - {"script":"<script> [1562 bytes]","args":[{"selector":{"controlType":"sap.m.StandardListItem","viewName":"reusables.view.manageresources.NewResourceUnit","viewId":"application-manageresources-display-component---newResourceUnit","properties":{"title":"Gram"},"searchOpenDialogs":true,"interaction":{"idSuffix":"content"}},"wdio_ui5_key":"reusablesview.manageresources.NewResourceUnitsap.m.StandardListItem{\"title\":\"Gram\"}"}]}
COMMAND: GET /session/5ddd57591a494e04841521b2f73ce0e1/screenshot - {}
RESULT: {"script":"<script> [1562 bytes]","args":[{"selector":{"controlType":"sap.m.StandardListItem","viewName":"reusables.view.manageresources.NewResourceUnit","viewId":"application-manageresources-display-component---newResourceUnit","properties":{"title":"Gram"},"searchOpenDialogs":true,"interaction":{"idSuffix":"content"}},"wdio_ui5_key":"reusablesview.manageresources.NewResourceUnitsap.m.StandardListItem{\"title\":\"Gram\"}"}]}
RESULT: undefined
COMMAND: POST /session/5ddd57591a494e04841521b2f73ce0e1/element - {"using":"xpath","value":"//*[@id=\"__item1399\"]"}
RESULT: {}
RESULT: {"using":"xpath","value":"//*[@id=\"__item1399\"]"}
COMMAND: POST /session/5ddd57591a494e04841521b2f73ce0e1/element/f.76BD0702E8726841DC63080813E8F96A.d.30895738F97008CCEBA9252FDAB0DE49.e.13834/click - {}
RESULT: {}
COMMAND: POST /session/5ddd57591a494e04841521b2f73ce0e1/execute/async - {"script":"<script> [1562 bytes]","args":[{"selector":{"id":"application-manageresources-display-component---newResourceUnit--newRRUPage-OPHeaderContent-collapseBtn-img"},"wdio_ui5_key":"applicationmanageresources-display-component---newResourceUnit--newRRUPage-OPHeaderContent-collapseBtn-img"}]}
COMMAND: GET /session/5ddd57591a494e04841521b2f73ce0e1/screenshot - {}
RESULT: {"script":"<script> [1562 bytes]","args":[{"selector":{"id":"application-manageresources-display-component---newResourceUnit--newRRUPage-OPHeaderContent-collapseBtn-img"},"wdio_ui5_key":"applicationmanageresources-display-component---newResourceUnit--newRRUPage-OPHeaderContent-collapseBtn-img"}]}
RESULT: undefined
COMMAND: POST /session/5ddd57591a494e04841521b2f73ce0e1/element - {"using":"xpath","value":"//*[@id=\"application-manageresources-display-component---newResourceUnit--newRRUPage-OPHeaderContent-collapseBtn-img\"]"}
RESULT: {}
RESULT: {"using":"xpath","value":"//*[@id=\"application-manageresources-display-component---newResourceUnit--newRRUPage-OPHeaderContent-collapseBtn-img\"]"}
COMMAND: POST /session/5ddd57591a494e04841521b2f73ce0e1/element/f.76BD0702E8726841DC63080813E8F96A.d.30895738F97008CCEBA9252FDAB0DE49.e.13716/click - {}
RESULT: {}
COMMAND: GET /session/5ddd57591a494e04841521b2f73ce0e1/screenshot - {}
RESULT: {}
COMMAND: POST /session/5ddd57591a494e04841521b2f73ce0e1/element - {"using":"xpath","value":"(//span[contains(@id ,\"application-manageresources-display-component---newResourceUnit--DIMENSION_UNIT-arrow\")])[1]"}
RESULT: {"using":"xpath","value":"(//span[contains(@id ,\"application-manageresources-display-component---newResourceUnit--DIMENSION_UNIT-arrow\")])[1]"}
COMMAND: POST /session/5ddd57591a494e04841521b2f73ce0e1/element/f.76BD0702E8726841DC63080813E8F96A.d.30895738F97008CCEBA9252FDAB0DE49.e.13838/click - {}
RESULT: {}
COMMAND: GET /session/5ddd57591a494e04841521b2f73ce0e1/screenshot - {}
RESULT: {}
COMMAND: POST /session/5ddd57591a494e04841521b2f73ce0e1/execute/async - {"script":"<script> [1562 bytes]","args":[{"selector":{"controlType":"sap.m.StandardListItem","viewName":"reusables.view.manageresources.NewResourceUnit","viewId":"application-manageresources-display-component---newResourceUnit","properties":{"title":"Centimeter"},"searchOpenDialogs":true,"interaction":{"idSuffix":"titleText"}},"wdio_ui5_key":"reusablesview.manageresources.NewResourceUnitsap.m.StandardListItem{\"title\":\"Centimeter\"}"}]}
RESULT: {"script":"<script> [1562 bytes]","args":[{"selector":{"controlType":"sap.m.StandardListItem","viewName":"reusables.view.manageresources.NewResourceUnit","viewId":"application-manageresources-display-component---newResourceUnit","properties":{"title":"Centimeter"},"searchOpenDialogs":true,"interaction":{"idSuffix":"titleText"}},"wdio_ui5_key":"reusablesview.manageresources.NewResourceUnitsap.m.StandardListItem{\"title\":\"Centimeter\"}"}]}
RESULT: undefined
COMMAND: POST /session/5ddd57591a494e04841521b2f73ce0e1/element - {"using":"xpath","value":"//*[@id=\"__item1402\"]"}
RESULT: {"using":"xpath","value":"//*[@id=\"__item1402\"]"}
COMMAND: POST /session/5ddd57591a494e04841521b2f73ce0e1/element/f.76BD0702E8726841DC63080813E8F96A.d.30895738F97008CCEBA9252FDAB0DE49.e.13842/click - {}
RESULT: {}
COMMAND: POST /session/5ddd57591a494e04841521b2f73ce0e1/execute/async - {"script":"<script> [1562 bytes]","args":[{"selector":{"id":"application-manageresources-display-component---newResourceUnit--newRRUPage-anchBar-application-manageresources-display-component---newResourceUnit--reference-anchor","interaction":{"idSuffix":"BDI-content"}},"wdio_ui5_key":"applicationmanageresources-display-component---newResourceUnit--newRRUPage-anchBar-application-manageresources-display-component---newResourceUnit--reference-anchor"}]}
COMMAND: GET /session/5ddd57591a494e04841521b2f73ce0e1/screenshot - {}
RESULT: {"script":"<script> [1562 bytes]","args":[{"selector":{"id":"application-manageresources-display-component---newResourceUnit--newRRUPage-anchBar-application-manageresources-display-component---newResourceUnit--reference-anchor","interaction":{"idSuffix":"BDI-content"}},"wdio_ui5_key":"applicationmanageresources-display-component---newResourceUnit--newRRUPage-anchBar-application-manageresources-display-component---newResourceUnit--reference-anchor"}]}
RESULT: undefined
COMMAND: POST /session/5ddd57591a494e04841521b2f73ce0e1/element - {"using":"xpath","value":"//*[@id=\"application-manageresources-display-component---newResourceUnit--newRRUPage-anchBar-application-manageresources-display-component---newResourceUnit--reference-anchor\"]"}
RESULT: {}
RESULT: {"using":"xpath","value":"//*[@id=\"application-manageresources-display-component---newResourceUnit--newRRUPage-anchBar-application-manageresources-display-component---newResourceUnit--reference-anchor\"]"}
COMMAND: POST /session/5ddd57591a494e04841521b2f73ce0e1/element/f.76BD0702E8726841DC63080813E8F96A.d.30895738F97008CCEBA9252FDAB0DE49.e.13844/click - {}
RESULT: {}
COMMAND: POST /session/5ddd57591a494e04841521b2f73ce0e1/execute/async - {"script":"<script> [1562 bytes]","args":[{"selector":{"id":"application-manageresources-display-component---newResourceUnit--PLANNING_GROUP-arrow"},"wdio_ui5_key":"applicationmanageresources-display-component---newResourceUnit--PLANNING_GROUP-arrow"}]}
COMMAND: GET /session/5ddd57591a494e04841521b2f73ce0e1/screenshot - {}
RESULT: {"script":"<script> [1562 bytes]","args":[{"selector":{"id":"application-manageresources-display-component---newResourceUnit--PLANNING_GROUP-arrow"},"wdio_ui5_key":"applicationmanageresources-display-component---newResourceUnit--PLANNING_GROUP-arrow"}]}
RESULT: undefined
COMMAND: POST /session/5ddd57591a494e04841521b2f73ce0e1/element - {"using":"xpath","value":"//*[@id=\"application-manageresources-display-component---newResourceUnit--PLANNING_GROUP-arrow\"]"}
RESULT: {}
RESULT: {"using":"xpath","value":"//*[@id=\"application-manageresources-display-component---newResourceUnit--PLANNING_GROUP-arrow\"]"}
COMMAND: POST /session/5ddd57591a494e04841521b2f73ce0e1/element/f.76BD0702E8726841DC63080813E8F96A.d.30895738F97008CCEBA9252FDAB0DE49.e.13848/click - {}
RESULT: {}
COMMAND: POST /session/5ddd57591a494e04841521b2f73ce0e1/execute/async - {"script":"<script> [1562 bytes]","args":[{"selector":{"controlType":"sap.m.StandardListItem","viewName":"reusables.view.manageresources.NewResourceUnit","viewId":"application-manageresources-display-component---newResourceUnit","properties":{"title":"Heavy Equi"},"searchOpenDialogs":true,"interaction":{"idSuffix":"content"}},"wdio_ui5_key":"reusablesview.manageresources.NewResourceUnitsap.m.StandardListItem{\"title\":\"Heavy Equi\"}"}]}
COMMAND: GET /session/5ddd57591a494e04841521b2f73ce0e1/screenshot - {}
RESULT: {"script":"<script> [1562 bytes]","args":[{"selector":{"controlType":"sap.m.StandardListItem","viewName":"reusables.view.manageresources.NewResourceUnit","viewId":"application-manageresources-display-component---newResourceUnit","properties":{"title":"Heavy Equi"},"searchOpenDialogs":true,"interaction":{"idSuffix":"content"}},"wdio_ui5_key":"reusablesview.manageresources.NewResourceUnitsap.m.StandardListItem{\"title\":\"Heavy Equi\"}"}]}
RESULT: undefined
COMMAND: POST /session/5ddd57591a494e04841521b2f73ce0e1/element - {"using":"xpath","value":"//*[@id=\"__item1410\"]"}
RESULT: {}
RESULT: {"using":"xpath","value":"//*[@id=\"__item1410\"]"}
COMMAND: POST /session/5ddd57591a494e04841521b2f73ce0e1/element/f.76BD0702E8726841DC63080813E8F96A.d.30895738F97008CCEBA9252FDAB0DE49.e.13850/click - {}
RESULT: {}
COMMAND: GET /session/5ddd57591a494e04841521b2f73ce0e1/screenshot - {}
RESULT: {}
COMMAND: POST /session/5ddd57591a494e04841521b2f73ce0e1/execute/async - {"script":"<script> [1562 bytes]","args":[{"selector":{"id":"application-manageresources-display-component---newResourceUnit--PLANNING_INDICATOR-arrow"},"wdio_ui5_key":"applicationmanageresources-display-component---newResourceUnit--PLANNING_INDICATOR-arrow"}]}
RESULT: {"script":"<script> [1562 bytes]","args":[{"selector":{"id":"application-manageresources-display-component---newResourceUnit--PLANNING_INDICATOR-arrow"},"wdio_ui5_key":"applicationmanageresources-display-component---newResourceUnit--PLANNING_INDICATOR-arrow"}]}
RESULT: undefined
COMMAND: POST /session/5ddd57591a494e04841521b2f73ce0e1/element - {"using":"xpath","value":"//*[@id=\"application-manageresources-display-component---newResourceUnit--PLANNING_INDICATOR-arrow\"]"}
RESULT: {"using":"xpath","value":"//*[@id=\"application-manageresources-display-component---newResourceUnit--PLANNING_INDICATOR-arrow\"]"}
COMMAND: POST /session/5ddd57591a494e04841521b2f73ce0e1/element/f.76BD0702E8726841DC63080813E8F96A.d.30895738F97008CCEBA9252FDAB0DE49.e.13851/click - {}
RESULT: {}
COMMAND: POST /session/5ddd57591a494e04841521b2f73ce0e1/execute/async - {"script":"<script> [1562 bytes]","args":[{"selector":{"controlType":"sap.m.StandardListItem","viewName":"reusables.view.manageresources.NewResourceUnit","viewId":"application-manageresources-display-component---newResourceUnit","properties":{"title":"10 - infinite"},"searchOpenDialogs":true,"interaction":{"idSuffix":"content"}},"wdio_ui5_key":"reusablesview.manageresources.NewResourceUnitsap.m.StandardListItem{\"title\":\"10 - infinite\"}"}]}
COMMAND: GET /session/5ddd57591a494e04841521b2f73ce0e1/screenshot - {}
RESULT: {"script":"<script> [1562 bytes]","args":[{"selector":{"controlType":"sap.m.StandardListItem","viewName":"reusables.view.manageresources.NewResourceUnit","viewId":"application-manageresources-display-component---newResourceUnit","properties":{"title":"10 - infinite"},"searchOpenDialogs":true,"interaction":{"idSuffix":"content"}},"wdio_ui5_key":"reusablesview.manageresources.NewResourceUnitsap.m.StandardListItem{\"title\":\"10 - infinite\"}"}]}
RESULT: undefined
COMMAND: POST /session/5ddd57591a494e04841521b2f73ce0e1/element - {"using":"xpath","value":"//*[@id=\"__item1420\"]"}
RESULT: {}
RESULT: {"using":"xpath","value":"//*[@id=\"__item1420\"]"}
COMMAND: POST /session/5ddd57591a494e04841521b2f73ce0e1/element/f.76BD0702E8726841DC63080813E8F96A.d.30895738F97008CCEBA9252FDAB0DE49.e.13853/click - {}
RESULT: {}
COMMAND: GET /session/5ddd57591a494e04841521b2f73ce0e1/screenshot - {}
RESULT: {}
COMMAND: POST /session/5ddd57591a494e04841521b2f73ce0e1/element - {"using":"xpath","value":"//bdi[contains(text(), \"Time Segment\")]"}
RESULT: {"using":"xpath","value":"//bdi[contains(text(), \"Time Segment\")]"}
COMMAND: GET /session/5ddd57591a494e04841521b2f73ce0e1/element/f.76BD0702E8726841DC63080813E8F96A.d.30895738F97008CCEBA9252FDAB0DE49.e.13854/rect - {}
RESULT: {}
COMMAND: GET /session/5ddd57591a494e04841521b2f73ce0e1/window/rect - {}
RESULT: {}
COMMAND: POST /session/5ddd57591a494e04841521b2f73ce0e1/execute/sync - {"script":"<script> [92 bytes]","args":[]}
RESULT: {"script":"<script> [92 bytes]","args":[]}
COMMAND: POST /session/5ddd57591a494e04841521b2f73ce0e1/actions - {"actions":[{"id":"action69","type":"wheel","parameters":{},"actions":[{"type":"scroll","x":-1820,"y":-21,"deltaX":0,"deltaY":0,"duration":0,"origin":{"element-6066-11e4-a52e-4f735466cecf":"f.76BD0702E8726841DC63080813E8F96A.d.30895738F97008CCEBA9252FDAB0DE49.e.13854"}}]}]}
COMMAND: GET /session/5ddd57591a494e04841521b2f73ce0e1/screenshot - {}
RESULT: {}
COMMAND: POST /session/5ddd57591a494e04841521b2f73ce0e1/execute/sync - {"script":"<script> [79 bytes]","args":[{"element-6066-11e4-a52e-4f735466cecf":"f.76BD0702E8726841DC63080813E8F96A.d.30895738F97008CCEBA9252FDAB0DE49.e.13854","ELEMENT":"f.76BD0702E8726841DC63080813E8F96A.d.30895738F97008CCEBA9252FDAB0DE49.e.13854"},{"block":"start","inline":"nearest"}]}
RESULT: {"script":"<script> [79 bytes]","args":[{"element-6066-11e4-a52e-4f735466cecf":"f.76BD0702E8726841DC63080813E8F96A.d.30895738F97008CCEBA9252FDAB0DE49.e.13854","ELEMENT":"f.76BD0702E8726841DC63080813E8F96A.d.30895738F97008CCEBA9252FDAB0DE49.e.13854"},{"block":"start","inline":"nearest"}]}
COMMAND: GET /session/5ddd57591a494e04841521b2f73ce0e1/screenshot - {}
RESULT: {}
COMMAND: POST /session/5ddd57591a494e04841521b2f73ce0e1/element - {"using":"xpath","value":"//span[@id=\"application-manageresources-display-component---newResourceUnit--btnAddTimeSegment-img\"]"}
RESULT: {"using":"xpath","value":"//span[@id=\"application-manageresources-display-component---newResourceUnit--btnAddTimeSegment-img\"]"}
COMMAND: POST /session/5ddd57591a494e04841521b2f73ce0e1/execute/sync - {"script":"<script> [8489 bytes]","args":[{"element-6066-11e4-a52e-4f735466cecf":"f.76BD0702E8726841DC63080813E8F96A.d.30895738F97008CCEBA9252FDAB0DE49.e.13857","ELEMENT":"f.76BD0702E8726841DC63080813E8F96A.d.30895738F97008CCEBA9252FDAB0DE49.e.13857"}]}
RESULT: {"script":"<script> [8489 bytes]","args":[{"element-6066-11e4-a52e-4f735466cecf":"f.76BD0702E8726841DC63080813E8F96A.d.30895738F97008CCEBA9252FDAB0DE49.e.13857","ELEMENT":"f.76BD0702E8726841DC63080813E8F96A.d.30895738F97008CCEBA9252FDAB0DE49.e.13857"}]}
COMMAND: POST /session/5ddd57591a494e04841521b2f73ce0e1/element/f.76BD0702E8726841DC63080813E8F96A.d.30895738F97008CCEBA9252FDAB0DE49.e.13857/click - {}
COMMAND: GET /session/5ddd57591a494e04841521b2f73ce0e1/screenshot - {}
RESULT: {}
COMMAND: GET /session/5ddd57591a494e04841521b2f73ce0e1/screenshot - {}
COMMAND: POST /session/5ddd57591a494e04841521b2f73ce0e1/element - {"using":"xpath","value":"//input[@id=\"application-manageresources-display-component---newResourceUnit--idRuTSAdmin-application-manageresources-display-component---newResourceUnit--RUTimeSegment-0-inner\"]"}
RESULT: {}
RESULT: {}
RESULT: {"using":"xpath","value":"//input[@id=\"application-manageresources-display-component---newResourceUnit--idRuTSAdmin-application-manageresources-display-component---newResourceUnit--RUTimeSegment-0-inner\"]"}
COMMAND: POST /session/5ddd57591a494e04841521b2f73ce0e1/element/f.76BD0702E8726841DC63080813E8F96A.d.30895738F97008CCEBA9252FDAB0DE49.e.13860/clear - {}
RESULT: {}
COMMAND: POST /session/5ddd57591a494e04841521b2f73ce0e1/element/f.76BD0702E8726841DC63080813E8F96A.d.30895738F97008CCEBA9252FDAB0DE49.e.13860/value - {"text":"WebdriverYardc2kfc"}
COMMAND: GET /session/5ddd57591a494e04841521b2f73ce0e1/screenshot - {}
RESULT: {"text":"WebdriverYardc2kfc"}
COMMAND: GET /session/5ddd57591a494e04841521b2f73ce0e1/screenshot - {}
RESULT: {}
RESULT: {}
COMMAND: POST /session/5ddd57591a494e04841521b2f73ce0e1/actions - {"actions":[{"id":"action70","type":"key","parameters":{},"actions":[{"type":"keyDown","value":"î€‡"},{"type":"pause","duration":10},{"type":"keyUp","value":"î€‡"}]}]}
RESULT: {"actions":[{"id":"action70","type":"key","parameters":{},"actions":[{"type":"keyDown","value":"î€‡"},{"type":"pause","duration":10},{"type":"keyUp","value":"î€‡"}]}]}
COMMAND: GET /session/5ddd57591a494e04841521b2f73ce0e1/screenshot - {}
RESULT: {}
COMMAND: POST /session/5ddd57591a494e04841521b2f73ce0e1/execute/async - {"script":"<script> [1562 bytes]","args":[{"selector":{"controlType":"sap.m.Button","viewName":"reusables.view.manageresources.NewResourceUnit","viewId":"application-manageresources-display-component---newResourceUnit","i18NText":{"propertyName":"tooltip","key":"save"},"interaction":{"idSuffix":"BDI-content"}},"wdio_ui5_key":"reusablesview.manageresources.NewResourceUnitsap.m.Button{\"propertyName\":\"tooltip\",\"key\":\"save\"}"}]}
RESULT: {"script":"<script> [1562 bytes]","args":[{"selector":{"controlType":"sap.m.Button","viewName":"reusables.view.manageresources.NewResourceUnit","viewId":"application-manageresources-display-component---newResourceUnit","i18NText":{"propertyName":"tooltip","key":"save"},"interaction":{"idSuffix":"BDI-content"}},"wdio_ui5_key":"reusablesview.manageresources.NewResourceUnitsap.m.Button{\"propertyName\":\"tooltip\",\"key\":\"save\"}"}]}
RESULT: undefined
COMMAND: POST /session/5ddd57591a494e04841521b2f73ce0e1/element - {"using":"xpath","value":"//*[@id=\"application-manageresources-display-component---newResourceUnit--createRuButton\"]"}
RESULT: {"using":"xpath","value":"//*[@id=\"application-manageresources-display-component---newResourceUnit--createRuButton\"]"}
COMMAND: POST /session/5ddd57591a494e04841521b2f73ce0e1/element/f.76BD0702E8726841DC63080813E8F96A.d.30895738F97008CCEBA9252FDAB0DE49.e.13722/click - {}
RESULT: {}
COMMAND: GET /session/5ddd57591a494e04841521b2f73ce0e1/screenshot - {}
RESULT: {}
COMMAND: POST /session/5ddd57591a494e04841521b2f73ce0e1/execute/async - {"script":"<script> [1562 bytes]","args":[{"selector":{"controlType":"sap.m.Title","properties":{"text":"Success"},"searchOpenDialogs":true},"wdio_ui5_key":"sapm.Title{\"text\":\"Success\"}"}]}
RESULT: {"script":"<script> [1562 bytes]","args":[{"selector":{"controlType":"sap.m.Title","properties":{"text":"Success"},"searchOpenDialogs":true},"wdio_ui5_key":"sapm.Title{\"text\":\"Success\"}"}]}
RESULT: undefined
COMMAND: POST /session/5ddd57591a494e04841521b2f73ce0e1/execute/async - {"script":"<script> [6424 bytes]","args":[{"element-6066-11e4-a52e-4f735466cecf":"f.76BD0702E8726841DC63080813E8F96A.d.30895738F97008CCEBA9252FDAB0DE49.e.13877"},"getText",[]]}
RESULT: {"script":"<script> [6424 bytes]","args":[{"element-6066-11e4-a52e-4f735466cecf":"f.76BD0702E8726841DC63080813E8F96A.d.30895738F97008CCEBA9252FDAB0DE49.e.13877"},"getText",[]]}
COMMAND: POST /session/5ddd57591a494e04841521b2f73ce0e1/element - {"using":"xpath","value":"//*[contains(@id, '__text') and (contains(text(), 'successfully created') or contains(., 'successfully created'))]"}
RESULT: {"using":"xpath","value":"//*[contains(@id, '__text') and (contains(text(), 'successfully created') or contains(., 'successfully created'))]"}
COMMAND: GET /session/5ddd57591a494e04841521b2f73ce0e1/element/f.76BD0702E8726841DC63080813E8F96A.d.30895738F97008CCEBA9252FDAB0DE49.e.13875/text - {}
RESULT: {}
COMMAND: POST /session/5ddd57591a494e04841521b2f73ce0e1/execute/async - {"script":"<script> [1562 bytes]","args":[{"selector":{"controlType":"sap.m.Button","properties":{"text":"Close"},"searchOpenDialogs":true,"interaction":{"idSuffix":"BDI-content"}},"wdio_ui5_key":"sapm.Button{\"text\":\"Close\"}"}]}
RESULT: {"script":"<script> [1562 bytes]","args":[{"selector":{"controlType":"sap.m.Button","properties":{"text":"Close"},"searchOpenDialogs":true,"interaction":{"idSuffix":"BDI-content"}},"wdio_ui5_key":"sapm.Button{\"text\":\"Close\"}"}]}
RESULT: undefined
COMMAND: POST /session/5ddd57591a494e04841521b2f73ce0e1/element - {"using":"xpath","value":"//*[@id=\"__mbox-btn-0\"]"}
RESULT: {"using":"xpath","value":"//*[@id=\"__mbox-btn-0\"]"}
COMMAND: POST /session/5ddd57591a494e04841521b2f73ce0e1/element/f.76BD0702E8726841DC63080813E8F96A.d.30895738F97008CCEBA9252FDAB0DE49.e.13874/click - {}
RESULT: {}
COMMAND: GET /session/5ddd57591a494e04841521b2f73ce0e1/screenshot - {}
RESULT: {}
COMMAND: POST /session/5ddd57591a494e04841521b2f73ce0e1/execute/async - {"script":"<script> [1562 bytes]","args":[{"selector":{"controlType":"sap.ui.core.Icon","viewName":"etm.portal.ui.manageresources.view.Detail","viewId":"application-manageresources-display-component---detailRU","properties":{"src":{"regex":{"source":"overflow"}}}},"wdio_ui5_key":"etmportal.ui.manageresources.view.Detailsap.ui.core.Icon{\"src\":{\"regex\":{\"source\":\"overflow\"}}}"}]}
RESULT: {"script":"<script> [1562 bytes]","args":[{"selector":{"controlType":"sap.ui.core.Icon","viewName":"etm.portal.ui.manageresources.view.Detail","viewId":"application-manageresources-display-component---detailRU","properties":{"src":{"regex":{"source":"overflow"}}}},"wdio_ui5_key":"etmportal.ui.manageresources.view.Detailsap.ui.core.Icon{\"src\":{\"regex\":{\"source\":\"overflow\"}}}"}]}
RESULT: undefined
COMMAND: POST /session/5ddd57591a494e04841521b2f73ce0e1/element - {"using":"xpath","value":"//*[@id=\"__title36-_actionsToolbar-overflowButton-img\"]"}
RESULT: {"using":"xpath","value":"//*[@id=\"__title36-_actionsToolbar-overflowButton-img\"]"}
COMMAND: POST /session/5ddd57591a494e04841521b2f73ce0e1/element/f.76BD0702E8726841DC63080813E8F96A.d.30895738F97008CCEBA9252FDAB0DE49.e.13907/click - {}
RESULT: {}
COMMAND: POST /session/5ddd57591a494e04841521b2f73ce0e1/execute/async - {"script":"<script> [1562 bytes]","args":[{"selector":{"controlType":"sap.m.Button","viewName":"etm.portal.ui.manageresources.view.Detail","viewId":"application-manageresources-display-component---detailRU","i18NText":{"propertyName":"tooltip","key":"closeColumn"},"searchOpenDialogs":true,"interaction":{"idSuffix":"inner"}},"wdio_ui5_key":"etmportal.ui.manageresources.view.Detailsap.m.Button{\"propertyName\":\"tooltip\",\"key\":\"closeColumn\"}"}]}
COMMAND: GET /session/5ddd57591a494e04841521b2f73ce0e1/screenshot - {}
RESULT: {"script":"<script> [1562 bytes]","args":[{"selector":{"controlType":"sap.m.Button","viewName":"etm.portal.ui.manageresources.view.Detail","viewId":"application-manageresources-display-component---detailRU","i18NText":{"propertyName":"tooltip","key":"closeColumn"},"searchOpenDialogs":true,"interaction":{"idSuffix":"inner"}},"wdio_ui5_key":"etmportal.ui.manageresources.view.Detailsap.m.Button{\"propertyName\":\"tooltip\",\"key\":\"closeColumn\"}"}]}
RESULT: undefined
COMMAND: POST /session/5ddd57591a494e04841521b2f73ce0e1/element - {"using":"xpath","value":"//*[@id=\"__button151\"]"}
RESULT: {}
RESULT: {"using":"xpath","value":"//*[@id=\"__button151\"]"}
COMMAND: POST /session/5ddd57591a494e04841521b2f73ce0e1/element/f.76BD0702E8726841DC63080813E8F96A.d.30895738F97008CCEBA9252FDAB0DE49.e.13909/click - {}
RESULT: {}
COMMAND: GET /session/5ddd57591a494e04841521b2f73ce0e1/screenshot - {}
RESULT: {}
COMMAND: POST /session/5ddd57591a494e04841521b2f73ce0e1/refresh - {}
RESULT: {}
COMMAND: GET /session/5ddd57591a494e04841521b2f73ce0e1/screenshot - {}
RESULT: {}
COMMAND: POST /session/5ddd57591a494e04841521b2f73ce0e1/execute/async - {"script":"<script> [189 bytes]","args":[]}
RESULT: {"script":"<script> [189 bytes]","args":[]}
COMMAND: POST /session/5ddd57591a494e04841521b2f73ce0e1/execute/async - {"script":"<script> [123 bytes]","args":[]}
RESULT: {"script":"<script> [123 bytes]","args":[]}
COMMAND: POST /session/5ddd57591a494e04841521b2f73ce0e1/timeouts - {"script":"<number>"}
RESULT: {"script":"<number>"}
COMMAND: GET /session/5ddd57591a494e04841521b2f73ce0e1/timeouts - {}
RESULT: {}
RESULT: undefined
COMMAND: POST /session/5ddd57591a494e04841521b2f73ce0e1/execute/async - {"script":"<script> [2676 bytes]","args":[]}
RESULT: {"script":"<script> [2676 bytes]","args":[]}
COMMAND: POST /session/5ddd57591a494e04841521b2f73ce0e1/execute/async - {"script":"<script> [2342 bytes]","args":[{"protocol":"http","hostname":"0.0.0.0","path":"/","capabilities":{"browserName":"chrome","goog:chromeOptions":{"binary":"C:\\Program Files\\Google\\Chrome\\Application\\chrome.exe","args":["--start-maximized"]}},"logLevel":"warn","connectionRetryTimeout":120000,"connectionRetryCount":3,"logLevels":{},"enableDirectConnect":true,"strictSSL":true,"_":"65 more keys: [\"cacheDir\",\"port\",\"requestedCapabilities\",\"automationProtocol\",\"baseUrl\",\"waitforInterval\",\"waitforTimeout\",\"onReload\",\"beforeCommand\",\"afterCommand\",\"rootDir\",\"specs\",\"suites\",\"exclude\",\"groupLogsByTestSpec\",\"excludeDriverLogs\",\"bail\",\"framework\",\"reporters\",\"services\",\"maxInstances\",\"maxInstancesPerCapability\",\"injectGlobals\",\"filesToWatch\",\"execArgv\",\"runnerEnv\",\"runner\",\"shard\",\"specFileRetries\",\"specFileRetriesDelay\",\"specFileRetriesDeferred\",\"reporterSyncInterval\",\"reporterSyncTimeout\",\"cucumberFeaturesWithLineNumbers\",\"autoCompileOpts\",\"mochaOpts\",\"jasmineOpts\",\"cucumberOpts\",\"onPrepare\",\"onWorkerStart\",\"onWorkerEnd\",\"before\",\"beforeSession\",\"beforeSuite\",\"beforeHook\",\"beforeTest\",\"afterTest\",\"afterHook\",\"afterSuite\",\"afterSession\",\"after\",\"onComplete\",\"beforeAssertion\",\"afterAssertion\",\"beforeFeature\",\"beforeScenario\",\"beforeStep\",\"afterStep\",\"afterScenario\",\"afterFeature\",\"_\",\"suite\",\"$0\",\"ignoredWorkerServices\",\"wdi5\"]"}]}
RESULT: {"script":"<script> [2342 bytes]","args":[{"protocol":"http","hostname":"0.0.0.0","path":"/","capabilities":{"browserName":"chrome","goog:chromeOptions":{"binary":"C:\\Program Files\\Google\\Chrome\\Application\\chrome.exe","args":["--start-maximized"]}},"logLevel":"warn","connectionRetryTimeout":120000,"connectionRetryCount":3,"logLevels":{},"enableDirectConnect":true,"strictSSL":true,"_":"65 more keys: [\"cacheDir\",\"port\",\"requestedCapabilities\",\"automationProtocol\",\"baseUrl\",\"waitforInterval\",\"waitforTimeout\",\"onReload\",\"beforeCommand\",\"afterCommand\",\"rootDir\",\"specs\",\"suites\",\"exclude\",\"groupLogsByTestSpec\",\"excludeDriverLogs\",\"bail\",\"framework\",\"reporters\",\"services\",\"maxInstances\",\"maxInstancesPerCapability\",\"injectGlobals\",\"filesToWatch\",\"execArgv\",\"runnerEnv\",\"runner\",\"shard\",\"specFileRetries\",\"specFileRetriesDelay\",\"specFileRetriesDeferred\",\"reporterSyncInterval\",\"reporterSyncTimeout\",\"cucumberFeaturesWithLineNumbers\",\"autoCompileOpts\",\"mochaOpts\",\"jasmineOpts\",\"cucumberOpts\",\"onPrepare\",\"onWorkerStart\",\"onWorkerEnd\",\"before\",\"beforeSession\",\"beforeSuite\",\"beforeHook\",\"beforeTest\",\"afterTest\",\"afterHook\",\"afterSuite\",\"afterSession\",\"after\",\"onComplete\",\"beforeAssertion\",\"afterAssertion\",\"beforeFeature\",\"beforeScenario\",\"beforeStep\",\"afterStep\",\"afterScenario\",\"afterFeature\",\"_\",\"suite\",\"$0\",\"ignoredWorkerServices\",\"wdi5\"]"}]}
COMMAND: POST /session/5ddd57591a494e04841521b2f73ce0e1/execute/async - {"script":"<script> [21126 bytes]","args":[35000]}
RESULT: {"script":"<script> [21126 bytes]","args":[35000]}
COMMAND: POST /session/5ddd57591a494e04841521b2f73ce0e1/element - {"using":"css selector","value":"#shell-header-logo"}
RESULT: {"using":"css selector","value":"#shell-header-logo"}
COMMAND: POST /session/5ddd57591a494e04841521b2f73ce0e1/element/f.76BD0702E8726841DC63080813E8F96A.d.0046A2D3E4F0F48592F64BFE8AE173D0.e.13986/click - {}
RESULT: {}
COMMAND: GET /session/5ddd57591a494e04841521b2f73ce0e1/screenshot - {}
COMMAND: POST /session/5ddd57591a494e04841521b2f73ce0e1/execute/async - {"script":"<script> [1562 bytes]","args":[{"selector":{"controlType":"sap.m.GenericTile","properties":{"header":"Manage Handovers"}},"wdio_ui5_key":"sapm.GenericTile{\"header\":\"Manage Handovers\"}"}]}
RESULT: {}
RESULT: {"script":"<script> [1562 bytes]","args":[{"selector":{"controlType":"sap.m.GenericTile","properties":{"header":"Manage Handovers"}},"wdio_ui5_key":"sapm.GenericTile{\"header\":\"Manage Handovers\"}"}]}
RESULT: undefined
COMMAND: POST /session/5ddd57591a494e04841521b2f73ce0e1/element - {"using":"xpath","value":"//*[@id=\"__tile132\"]"}
RESULT: {"using":"xpath","value":"//*[@id=\"__tile132\"]"}
COMMAND: POST /session/5ddd57591a494e04841521b2f73ce0e1/element/f.76BD0702E8726841DC63080813E8F96A.d.0046A2D3E4F0F48592F64BFE8AE173D0.e.14175/click - {}
RESULT: {}
COMMAND: GET /session/5ddd57591a494e04841521b2f73ce0e1/screenshot - {}
RESULT: {}
COMMAND: POST /session/5ddd57591a494e04841521b2f73ce0e1/elements - {"using":"xpath","value":"//span[text()='Error']"}
RESULT: {"using":"xpath","value":"//span[text()='Error']"}
COMMAND: POST /session/5ddd57591a494e04841521b2f73ce0e1/element - {"using":"xpath","value":"//button[@data-kt=\"masterHOAddButton\"]"}
RESULT: {"using":"xpath","value":"//button[@data-kt=\"masterHOAddButton\"]"}
COMMAND: POST /session/5ddd57591a494e04841521b2f73ce0e1/execute/sync - {"script":"<script> [8489 bytes]","args":[{"element-6066-11e4-a52e-4f735466cecf":"f.76BD0702E8726841DC63080813E8F96A.d.0046A2D3E4F0F48592F64BFE8AE173D0.e.14211","ELEMENT":"f.76BD0702E8726841DC63080813E8F96A.d.0046A2D3E4F0F48592F64BFE8AE173D0.e.14211"}]}
RESULT: {"script":"<script> [8489 bytes]","args":[{"element-6066-11e4-a52e-4f735466cecf":"f.76BD0702E8726841DC63080813E8F96A.d.0046A2D3E4F0F48592F64BFE8AE173D0.e.14211","ELEMENT":"f.76BD0702E8726841DC63080813E8F96A.d.0046A2D3E4F0F48592F64BFE8AE173D0.e.14211"}]}
COMMAND: POST /session/5ddd57591a494e04841521b2f73ce0e1/element/f.76BD0702E8726841DC63080813E8F96A.d.0046A2D3E4F0F48592F64BFE8AE173D0.e.14211/click - {}
COMMAND: GET /session/5ddd57591a494e04841521b2f73ce0e1/screenshot - {}
RESULT: {}
COMMAND: GET /session/5ddd57591a494e04841521b2f73ce0e1/screenshot - {}
RESULT: {}
COMMAND: POST /session/5ddd57591a494e04841521b2f73ce0e1/element - {"using":"xpath","value":"//span[contains(@id ,\"AddNewHO--typeSelect-arrow\")]"}
RESULT: {}
RESULT: {"using":"xpath","value":"//span[contains(@id ,\"AddNewHO--typeSelect-arrow\")]"}
COMMAND: POST /session/5ddd57591a494e04841521b2f73ce0e1/element/f.76BD0702E8726841DC63080813E8F96A.d.0046A2D3E4F0F48592F64BFE8AE173D0.e.14506/click - {}
RESULT: {}
COMMAND: GET /session/5ddd57591a494e04841521b2f73ce0e1/screenshot - {}
RESULT: {}
COMMAND: POST /session/5ddd57591a494e04841521b2f73ce0e1/element - {"using":"xpath","value":"(//li[contains(text(), \"stock increase yard\")])[1]"}
RESULT: {"using":"xpath","value":"(//li[contains(text(), \"stock increase yard\")])[1]"}
COMMAND: POST /session/5ddd57591a494e04841521b2f73ce0e1/element/f.76BD0702E8726841DC63080813E8F96A.d.0046A2D3E4F0F48592F64BFE8AE173D0.e.14507/click - {}
RESULT: {}
COMMAND: GET /session/5ddd57591a494e04841521b2f73ce0e1/screenshot - {}
RESULT: {}
COMMAND: POST /session/5ddd57591a494e04841521b2f73ce0e1/execute/async - {"script":"<script> [1562 bytes]","args":[{"selector":{"id":"application-managehandovers-display-component---AddNewHO--dueDate","interaction":{"idSuffix":"inner"}},"wdio_ui5_key":"applicationmanagehandovers-display-component---AddNewHO--dueDate"}]}
RESULT: {"script":"<script> [1562 bytes]","args":[{"selector":{"id":"application-managehandovers-display-component---AddNewHO--dueDate","interaction":{"idSuffix":"inner"}},"wdio_ui5_key":"applicationmanagehandovers-display-component---AddNewHO--dueDate"}]}
RESULT: undefined
COMMAND: POST /session/5ddd57591a494e04841521b2f73ce0e1/execute/async - {"script":"<script> [6424 bytes]","args":[{"element-6066-11e4-a52e-4f735466cecf":"f.76BD0702E8726841DC63080813E8F96A.d.0046A2D3E4F0F48592F64BFE8AE173D0.e.14511"},"setValue",["6/4/25"]]}
RESULT: {"script":"<script> [6424 bytes]","args":[{"element-6066-11e4-a52e-4f735466cecf":"f.76BD0702E8726841DC63080813E8F96A.d.0046A2D3E4F0F48592F64BFE8AE173D0.e.14511"},"setValue",["6/4/25"]]}
COMMAND: POST /session/5ddd57591a494e04841521b2f73ce0e1/element - {"using":"xpath","value":"//input[@id=\"generalSectionFrg--receiveYard-inner\"]"}
RESULT: {"using":"xpath","value":"//input[@id=\"generalSectionFrg--receiveYard-inner\"]"}
COMMAND: POST /session/5ddd57591a494e04841521b2f73ce0e1/element/f.76BD0702E8726841DC63080813E8F96A.d.0046A2D3E4F0F48592F64BFE8AE173D0.e.14517/clear - {}
RESULT: {}
COMMAND: POST /session/5ddd57591a494e04841521b2f73ce0e1/element/f.76BD0702E8726841DC63080813E8F96A.d.0046A2D3E4F0F48592F64BFE8AE173D0.e.14517/value - {"text":"WebdriverYardc2kfc"}
COMMAND: GET /session/5ddd57591a494e04841521b2f73ce0e1/screenshot - {}
RESULT: {"text":"WebdriverYardc2kfc"}
COMMAND: GET /session/5ddd57591a494e04841521b2f73ce0e1/screenshot - {}
RESULT: {}
RESULT: {}
COMMAND: POST /session/5ddd57591a494e04841521b2f73ce0e1/execute/async - {"script":"<script> [1562 bytes]","args":[{"selector":{"id":"application-managehandovers-display-component---AddNewHO--ObjectPageLayout-anchBar-application-managehandovers-display-component---AddNewHO--section4-anchor","interaction":{"idSuffix":"BDI-content"}},"wdio_ui5_key":"applicationmanagehandovers-display-component---AddNewHO--ObjectPageLayout-anchBar-application-managehandovers-display-component---AddNewHO--section4-anchor"}]}
RESULT: {"script":"<script> [1562 bytes]","args":[{"selector":{"id":"application-managehandovers-display-component---AddNewHO--ObjectPageLayout-anchBar-application-managehandovers-display-component---AddNewHO--section4-anchor","interaction":{"idSuffix":"BDI-content"}},"wdio_ui5_key":"applicationmanagehandovers-display-component---AddNewHO--ObjectPageLayout-anchBar-application-managehandovers-display-component---AddNewHO--section4-anchor"}]}
RESULT: undefined
COMMAND: POST /session/5ddd57591a494e04841521b2f73ce0e1/element - {"using":"xpath","value":"//*[@id=\"application-managehandovers-display-component---AddNewHO--ObjectPageLayout-anchBar-application-managehandovers-display-component---AddNewHO--section4-anchor\"]"}
RESULT: {"using":"xpath","value":"//*[@id=\"application-managehandovers-display-component---AddNewHO--ObjectPageLayout-anchBar-application-managehandovers-display-component---AddNewHO--section4-anchor\"]"}
COMMAND: POST /session/5ddd57591a494e04841521b2f73ce0e1/element/f.76BD0702E8726841DC63080813E8F96A.d.0046A2D3E4F0F48592F64BFE8AE173D0.e.14535/click - {}
RESULT: {}
COMMAND: GET /session/5ddd57591a494e04841521b2f73ce0e1/screenshot - {}
RESULT: {}
COMMAND: POST /session/5ddd57591a494e04841521b2f73ce0e1/element - {"using":"xpath","value":"//button[@aria-label=\"Add\"]"}
RESULT: {"using":"xpath","value":"//button[@aria-label=\"Add\"]"}
COMMAND: POST /session/5ddd57591a494e04841521b2f73ce0e1/element/f.76BD0702E8726841DC63080813E8F96A.d.0046A2D3E4F0F48592F64BFE8AE173D0.e.14538/click - {}
RESULT: {}
COMMAND: GET /session/5ddd57591a494e04841521b2f73ce0e1/screenshot - {}
RESULT: {}
COMMAND: POST /session/5ddd57591a494e04841521b2f73ce0e1/execute/async - {"script":"<script> [1562 bytes]","args":[{"selector":{"id":"application-managehandovers-display-component---AddNewHO--smartFilterBar-btnBasicSearch","searchOpenDialogs":true,"interaction":{"idSuffix":"I"}},"wdio_ui5_key":"applicationmanagehandovers-display-component---AddNewHO--smartFilterBar-btnBasicSearch"}]}
RESULT: {"script":"<script> [1562 bytes]","args":[{"selector":{"id":"application-managehandovers-display-component---AddNewHO--smartFilterBar-btnBasicSearch","searchOpenDialogs":true,"interaction":{"idSuffix":"I"}},"wdio_ui5_key":"applicationmanagehandovers-display-component---AddNewHO--smartFilterBar-btnBasicSearch"}]}
RESULT: undefined
COMMAND: POST /session/5ddd57591a494e04841521b2f73ce0e1/execute/async - {"script":"<script> [776 bytes]","args":[{"enterText":"WebdriverMatTestii0he","selector":{"id":"application-managehandovers-display-component---AddNewHO--smartFilterBar-btnBasicSearch","searchOpenDialogs":true,"interaction":{"idSuffix":"I"}},"clearTextFirst":true,"interactionType":"ENTER_TEXT"}]}
RESULT: {"script":"<script> [776 bytes]","args":[{"enterText":"WebdriverMatTestii0he","selector":{"id":"application-managehandovers-display-component---AddNewHO--smartFilterBar-btnBasicSearch","searchOpenDialogs":true,"interaction":{"idSuffix":"I"}},"clearTextFirst":true,"interactionType":"ENTER_TEXT"}]}
COMMAND: POST /session/5ddd57591a494e04841521b2f73ce0e1/actions - {"actions":[{"id":"action71","type":"key","parameters":{},"actions":[{"type":"keyDown","value":"î€‡"},{"type":"pause","duration":10},{"type":"keyUp","value":"î€‡"}]}]}
RESULT: {"actions":[{"id":"action71","type":"key","parameters":{},"actions":[{"type":"keyDown","value":"î€‡"},{"type":"pause","duration":10},{"type":"keyUp","value":"î€‡"}]}]}
COMMAND: POST /session/5ddd57591a494e04841521b2f73ce0e1/execute/async - {"script":"<script> [1562 bytes]","args":[{"selector":{"id":"application-managehandovers-display-component---AddNewHO--popup-sa","searchOpenDialogs":true,"interaction":{"idSuffix":"CbBg"}},"wdio_ui5_key":"applicationmanagehandovers-display-component---AddNewHO--popup-sa"}]}
COMMAND: GET /session/5ddd57591a494e04841521b2f73ce0e1/screenshot - {}
RESULT: {"script":"<script> [1562 bytes]","args":[{"selector":{"id":"application-managehandovers-display-component---AddNewHO--popup-sa","searchOpenDialogs":true,"interaction":{"idSuffix":"CbBg"}},"wdio_ui5_key":"applicationmanagehandovers-display-component---AddNewHO--popup-sa"}]}
RESULT: undefined
COMMAND: POST /session/5ddd57591a494e04841521b2f73ce0e1/element - {"using":"xpath","value":"//*[@id=\"application-managehandovers-display-component---AddNewHO--popup-sa\"]"}
RESULT: {}
RESULT: {"using":"xpath","value":"//*[@id=\"application-managehandovers-display-component---AddNewHO--popup-sa\"]"}
COMMAND: POST /session/5ddd57591a494e04841521b2f73ce0e1/element/f.76BD0702E8726841DC63080813E8F96A.d.0046A2D3E4F0F48592F64BFE8AE173D0.e.14678/click - {}
RESULT: {}
COMMAND: GET /session/5ddd57591a494e04841521b2f73ce0e1/screenshot - {}
RESULT: {}
COMMAND: POST /session/5ddd57591a494e04841521b2f73ce0e1/element - {"using":"xpath","value":"//bdi[contains(text(), \"Select\")]"}
RESULT: {"using":"xpath","value":"//bdi[contains(text(), \"Select\")]"}
COMMAND: POST /session/5ddd57591a494e04841521b2f73ce0e1/element/f.76BD0702E8726841DC63080813E8F96A.d.0046A2D3E4F0F48592F64BFE8AE173D0.e.14679/click - {}
RESULT: {}
COMMAND: GET /session/5ddd57591a494e04841521b2f73ce0e1/screenshot - {}
RESULT: {}
COMMAND: POST /session/5ddd57591a494e04841521b2f73ce0e1/execute/async - {"script":"<script> [1562 bytes]","args":[{"selector":{"controlType":"sap.m.Input","viewName":"etm.portal.ui.managehandovers.view.AddNewHO","viewId":"application-managehandovers-display-component---AddNewHO","bindingPath":{"path":"/items/0","propertyPath":"TYPE","modelName":"hoItemsModel"},"interaction":{"idSuffix":"inner"}},"wdio_ui5_key":"etmportal.ui.managehandovers.view.AddNewHOsap.m.Input{\"path\":\"/items/0\",\"propertyPath\":\"TYPE\",\"modelName\":\"hoItemsModel\"}"}]}
RESULT: {"script":"<script> [1562 bytes]","args":[{"selector":{"controlType":"sap.m.Input","viewName":"etm.portal.ui.managehandovers.view.AddNewHO","viewId":"application-managehandovers-display-component---AddNewHO","bindingPath":{"path":"/items/0","propertyPath":"TYPE","modelName":"hoItemsModel"},"interaction":{"idSuffix":"inner"}},"wdio_ui5_key":"etmportal.ui.managehandovers.view.AddNewHOsap.m.Input{\"path\":\"/items/0\",\"propertyPath\":\"TYPE\",\"modelName\":\"hoItemsModel\"}"}]}
RESULT: undefined
COMMAND: POST /session/5ddd57591a494e04841521b2f73ce0e1/execute/async - {"script":"<script> [776 bytes]","args":[{"enterText":"100","selector":{"controlType":"sap.m.Input","viewName":"etm.portal.ui.managehandovers.view.AddNewHO","viewId":"application-managehandovers-display-component---AddNewHO","bindingPath":{"path":"/items/0","propertyPath":"TYPE","modelName":"hoItemsModel"},"interaction":{"idSuffix":"inner"}},"clearTextFirst":true,"interactionType":"ENTER_TEXT"}]}
RESULT: {"script":"<script> [776 bytes]","args":[{"enterText":"100","selector":{"controlType":"sap.m.Input","viewName":"etm.portal.ui.managehandovers.view.AddNewHO","viewId":"application-managehandovers-display-component---AddNewHO","bindingPath":{"path":"/items/0","propertyPath":"TYPE","modelName":"hoItemsModel"},"interaction":{"idSuffix":"inner"}},"clearTextFirst":true,"interactionType":"ENTER_TEXT"}]}
COMMAND: POST /session/5ddd57591a494e04841521b2f73ce0e1/element - {"using":"xpath","value":"//button[@data-kt=\"AddNewHOSaveButton\"]"}
RESULT: {"using":"xpath","value":"//button[@data-kt=\"AddNewHOSaveButton\"]"}
COMMAND: POST /session/5ddd57591a494e04841521b2f73ce0e1/element/f.76BD0702E8726841DC63080813E8F96A.d.0046A2D3E4F0F48592F64BFE8AE173D0.e.14684/click - {}
RESULT: {}
COMMAND: GET /session/5ddd57591a494e04841521b2f73ce0e1/screenshot - {}
RESULT: {}
COMMAND: POST /session/5ddd57591a494e04841521b2f73ce0e1/execute/async - {"script":"<script> [1562 bytes]","args":[{"selector":{"id":"receiptDatePicker","viewName":"etm.portal.ui.managehandovers.view.DetailExecuteHO","interaction":{"idSuffix":"inner"}},"wdio_ui5_key":"receiptDatePickeretmportal.ui.managehandovers.view.DetailExecuteHO"}]}
RESULT: {"script":"<script> [1562 bytes]","args":[{"selector":{"id":"receiptDatePicker","viewName":"etm.portal.ui.managehandovers.view.DetailExecuteHO","interaction":{"idSuffix":"inner"}},"wdio_ui5_key":"receiptDatePickeretmportal.ui.managehandovers.view.DetailExecuteHO"}]}
RESULT: undefined
COMMAND: POST /session/5ddd57591a494e04841521b2f73ce0e1/execute/async - {"script":"<script> [6424 bytes]","args":[{"element-6066-11e4-a52e-4f735466cecf":"f.76BD0702E8726841DC63080813E8F96A.d.0046A2D3E4F0F48592F64BFE8AE173D0.e.14710"},"setValue",["6/4/25"]]}
RESULT: {"script":"<script> [6424 bytes]","args":[{"element-6066-11e4-a52e-4f735466cecf":"f.76BD0702E8726841DC63080813E8F96A.d.0046A2D3E4F0F48592F64BFE8AE173D0.e.14710"},"setValue",["6/4/25"]]}
COMMAND: POST /session/5ddd57591a494e04841521b2f73ce0e1/actions - {"actions":[{"id":"action72","type":"key","parameters":{},"actions":[{"type":"keyDown","value":"î€‡"},{"type":"pause","duration":10},{"type":"keyUp","value":"î€‡"}]}]}
RESULT: {"actions":[{"id":"action72","type":"key","parameters":{},"actions":[{"type":"keyDown","value":"î€‡"},{"type":"pause","duration":10},{"type":"keyUp","value":"î€‡"}]}]}
COMMAND: POST /session/5ddd57591a494e04841521b2f73ce0e1/actions - {"actions":[{"id":"action73","type":"key","parameters":{},"actions":[{"type":"keyDown","value":"î€‡"},{"type":"pause","duration":10},{"type":"keyUp","value":"î€‡"}]}]}
COMMAND: GET /session/5ddd57591a494e04841521b2f73ce0e1/screenshot - {}
RESULT: {"actions":[{"id":"action73","type":"key","parameters":{},"actions":[{"type":"keyDown","value":"î€‡"},{"type":"pause","duration":10},{"type":"keyUp","value":"î€‡"}]}]}
COMMAND: POST /session/5ddd57591a494e04841521b2f73ce0e1/element - {"using":"xpath","value":"//button[@data-kt=\"ReceivingTableConfirmAllButton\"]"}
COMMAND: GET /session/5ddd57591a494e04841521b2f73ce0e1/screenshot - {}
RESULT: {}
RESULT: {"using":"xpath","value":"//button[@data-kt=\"ReceivingTableConfirmAllButton\"]"}
COMMAND: POST /session/5ddd57591a494e04841521b2f73ce0e1/element/f.76BD0702E8726841DC63080813E8F96A.d.0046A2D3E4F0F48592F64BFE8AE173D0.e.14725/click - {}
RESULT: {}
RESULT: {}
COMMAND: GET /session/5ddd57591a494e04841521b2f73ce0e1/screenshot - {}
RESULT: {}
COMMAND: POST /session/5ddd57591a494e04841521b2f73ce0e1/element - {"using":"xpath","value":"//bdi[contains(text(), \"OK\")]"}
RESULT: {"using":"xpath","value":"//bdi[contains(text(), \"OK\")]"}
COMMAND: POST /session/5ddd57591a494e04841521b2f73ce0e1/element/f.76BD0702E8726841DC63080813E8F96A.d.0046A2D3E4F0F48592F64BFE8AE173D0.e.14727/click - {}
RESULT: {}
COMMAND: GET /session/5ddd57591a494e04841521b2f73ce0e1/screenshot - {}
RESULT: {}
COMMAND: POST /session/5ddd57591a494e04841521b2f73ce0e1/element - {"using":"xpath","value":"(//bdi[contains(text(), \"Receive\")])[2]"}
RESULT: {"using":"xpath","value":"(//bdi[contains(text(), \"Receive\")])[2]"}
COMMAND: POST /session/5ddd57591a494e04841521b2f73ce0e1/element/f.76BD0702E8726841DC63080813E8F96A.d.0046A2D3E4F0F48592F64BFE8AE173D0.e.14729/click - {}
RESULT: {}
COMMAND: GET /session/5ddd57591a494e04841521b2f73ce0e1/screenshot - {}
RESULT: {}
COMMAND: POST /session/5ddd57591a494e04841521b2f73ce0e1/element - {"using":"css selector","value":"#shell-header-logo"}
RESULT: {"using":"css selector","value":"#shell-header-logo"}
COMMAND: POST /session/5ddd57591a494e04841521b2f73ce0e1/element/f.76BD0702E8726841DC63080813E8F96A.d.0046A2D3E4F0F48592F64BFE8AE173D0.e.14178/click - {}
RESULT: {}
]]></system-out>
    </testcase>
    <testcase classname="chrome.137_0_7151_56.windows.E2E_-_Logistical_and_commercial_statuses" name="Should add a pricing rule and a condition to the RU" time="105.27">
      <system-out><![CDATA[
COMMAND: POST /session/5ddd57591a494e04841521b2f73ce0e1/execute/async - {"script":"<script> [1562 bytes]","args":[{"selector":{"controlType":"sap.m.GenericTile","properties":{"header":"Manage Pricing Rules"}},"wdio_ui5_key":"sapm.GenericTile{\"header\":\"Manage Pricing Rules\"}"}]}
COMMAND: GET /session/5ddd57591a494e04841521b2f73ce0e1/screenshot - {}
RESULT: {"script":"<script> [1562 bytes]","args":[{"selector":{"controlType":"sap.m.GenericTile","properties":{"header":"Manage Pricing Rules"}},"wdio_ui5_key":"sapm.GenericTile{\"header\":\"Manage Pricing Rules\"}"}]}
RESULT: undefined
COMMAND: POST /session/5ddd57591a494e04841521b2f73ce0e1/element - {"using":"xpath","value":"//*[@id=\"__tile55\"]"}
RESULT: {}
RESULT: {"using":"xpath","value":"//*[@id=\"__tile55\"]"}
COMMAND: POST /session/5ddd57591a494e04841521b2f73ce0e1/element/f.76BD0702E8726841DC63080813E8F96A.d.0046A2D3E4F0F48592F64BFE8AE173D0.e.14957/click - {}
RESULT: {}
COMMAND: GET /session/5ddd57591a494e04841521b2f73ce0e1/screenshot - {}
RESULT: {}
COMMAND: POST /session/5ddd57591a494e04841521b2f73ce0e1/elements - {"using":"xpath","value":"//span[text()='Error']"}
RESULT: {"using":"xpath","value":"//span[text()='Error']"}
COMMAND: POST /session/5ddd57591a494e04841521b2f73ce0e1/execute/async - {"script":"<script> [1562 bytes]","args":[{"selector":{"controlType":"sap.ui.core.Icon","viewName":"etm.portal.ui.managepricingrules.view.MasterHeader","viewId":"application-managepricingrules-display-component---priceInfoHeader","properties":{"src":{"regex":{"source":"activity\\-items"}}}},"wdio_ui5_key":"etmportal.ui.managepricingrules.view.MasterHeadersap.ui.core.Icon{\"src\":{\"regex\":{\"source\":\"activity\\\\-items\"}}}"}]}
RESULT: {"script":"<script> [1562 bytes]","args":[{"selector":{"controlType":"sap.ui.core.Icon","viewName":"etm.portal.ui.managepricingrules.view.MasterHeader","viewId":"application-managepricingrules-display-component---priceInfoHeader","properties":{"src":{"regex":{"source":"activity\\-items"}}}},"wdio_ui5_key":"etmportal.ui.managepricingrules.view.MasterHeadersap.ui.core.Icon{\"src\":{\"regex\":{\"source\":\"activity\\\\-items\"}}}"}]}
RESULT: undefined
COMMAND: POST /session/5ddd57591a494e04841521b2f73ce0e1/element - {"using":"xpath","value":"//*[@id=\"__filter22-icon\"]"}
RESULT: {"using":"xpath","value":"//*[@id=\"__filter22-icon\"]"}
COMMAND: POST /session/5ddd57591a494e04841521b2f73ce0e1/element/f.76BD0702E8726841DC63080813E8F96A.d.0046A2D3E4F0F48592F64BFE8AE173D0.e.15005/click - {}
RESULT: {}
COMMAND: GET /session/5ddd57591a494e04841521b2f73ce0e1/screenshot - {}
RESULT: {}
COMMAND: POST /session/5ddd57591a494e04841521b2f73ce0e1/execute/async - {"script":"<script> [1562 bytes]","args":[{"selector":{"controlType":"sap.ui.core.Icon","viewName":"etm.portal.ui.managepricingrules.view.MasterItem","viewId":"application-managepricingrules-display-component---priceInfoItem","properties":{"src":{"regex":{"source":"add"}}}},"wdio_ui5_key":"etmportal.ui.managepricingrules.view.MasterItemsap.ui.core.Icon{\"src\":{\"regex\":{\"source\":\"add\"}}}"}]}
RESULT: {"script":"<script> [1562 bytes]","args":[{"selector":{"controlType":"sap.ui.core.Icon","viewName":"etm.portal.ui.managepricingrules.view.MasterItem","viewId":"application-managepricingrules-display-component---priceInfoItem","properties":{"src":{"regex":{"source":"add"}}}},"wdio_ui5_key":"etmportal.ui.managepricingrules.view.MasterItemsap.ui.core.Icon{\"src\":{\"regex\":{\"source\":\"add\"}}}"}]}
RESULT: undefined
COMMAND: POST /session/5ddd57591a494e04841521b2f73ce0e1/element - {"using":"xpath","value":"//*[@id=\"__button80-img\"]"}
RESULT: {"using":"xpath","value":"//*[@id=\"__button80-img\"]"}
COMMAND: POST /session/5ddd57591a494e04841521b2f73ce0e1/element/f.76BD0702E8726841DC63080813E8F96A.d.0046A2D3E4F0F48592F64BFE8AE173D0.e.15053/click - {}
RESULT: {}
COMMAND: GET /session/5ddd57591a494e04841521b2f73ce0e1/screenshot - {}
RESULT: {}
COMMAND: POST /session/5ddd57591a494e04841521b2f73ce0e1/element - {"using":"xpath","value":"//input[@id=\"application-managepricingrules-display-component---newInfoPriceItem--condRU-inner\"]"}
RESULT: {"using":"xpath","value":"//input[@id=\"application-managepricingrules-display-component---newInfoPriceItem--condRU-inner\"]"}
COMMAND: POST /session/5ddd57591a494e04841521b2f73ce0e1/element/f.76BD0702E8726841DC63080813E8F96A.d.0046A2D3E4F0F48592F64BFE8AE173D0.e.15265/clear - {}
RESULT: {}
COMMAND: POST /session/5ddd57591a494e04841521b2f73ce0e1/element/f.76BD0702E8726841DC63080813E8F96A.d.0046A2D3E4F0F48592F64BFE8AE173D0.e.15265/value - {"text":"WebdriverMatTestii0he"}
COMMAND: GET /session/5ddd57591a494e04841521b2f73ce0e1/screenshot - {}
RESULT: {"text":"WebdriverMatTestii0he"}
COMMAND: POST /session/5ddd57591a494e04841521b2f73ce0e1/execute/async - {"script":"<script> [1562 bytes]","args":[{"selector":{"id":"application-managepricingrules-display-component---newInfoPriceItem--condValidTo","interaction":{"idSuffix":"inner"}},"wdio_ui5_key":"applicationmanagepricingrules-display-component---newInfoPriceItem--condValidTo"}]}
COMMAND: GET /session/5ddd57591a494e04841521b2f73ce0e1/screenshot - {}
RESULT: {}
RESULT: {"script":"<script> [1562 bytes]","args":[{"selector":{"id":"application-managepricingrules-display-component---newInfoPriceItem--condValidTo","interaction":{"idSuffix":"inner"}},"wdio_ui5_key":"applicationmanagepricingrules-display-component---newInfoPriceItem--condValidTo"}]}
RESULT: undefined
COMMAND: POST /session/5ddd57591a494e04841521b2f73ce0e1/execute/async - {"script":"<script> [776 bytes]","args":[{"enterText":"5/18/33","selector":{"id":"application-managepricingrules-display-component---newInfoPriceItem--condValidTo","interaction":{"idSuffix":"inner"}},"clearTextFirst":true,"interactionType":"ENTER_TEXT"}]}
RESULT: {}
RESULT: {"script":"<script> [776 bytes]","args":[{"enterText":"5/18/33","selector":{"id":"application-managepricingrules-display-component---newInfoPriceItem--condValidTo","interaction":{"idSuffix":"inner"}},"clearTextFirst":true,"interactionType":"ENTER_TEXT"}]}
COMMAND: POST /session/5ddd57591a494e04841521b2f73ce0e1/execute/async - {"script":"<script> [1562 bytes]","args":[{"selector":{"id":"application-managepricingrules-display-component---newInfoPriceItem--billType-arrow"},"wdio_ui5_key":"applicationmanagepricingrules-display-component---newInfoPriceItem--billType-arrow"}]}
RESULT: {"script":"<script> [1562 bytes]","args":[{"selector":{"id":"application-managepricingrules-display-component---newInfoPriceItem--billType-arrow"},"wdio_ui5_key":"applicationmanagepricingrules-display-component---newInfoPriceItem--billType-arrow"}]}
RESULT: undefined
COMMAND: POST /session/5ddd57591a494e04841521b2f73ce0e1/element - {"using":"xpath","value":"//*[@id=\"application-managepricingrules-display-component---newInfoPriceItem--billType-arrow\"]"}
RESULT: {"using":"xpath","value":"//*[@id=\"application-managepricingrules-display-component---newInfoPriceItem--billType-arrow\"]"}
COMMAND: POST /session/5ddd57591a494e04841521b2f73ce0e1/element/f.76BD0702E8726841DC63080813E8F96A.d.0046A2D3E4F0F48592F64BFE8AE173D0.e.15358/click - {}
RESULT: {}
COMMAND: POST /session/5ddd57591a494e04841521b2f73ce0e1/element - {"using":"xpath","value":"//span[contains(text(), \"TB - Time based\")]"}
COMMAND: GET /session/5ddd57591a494e04841521b2f73ce0e1/screenshot - {}
RESULT: {"using":"xpath","value":"//span[contains(text(), \"TB - Time based\")]"}
COMMAND: POST /session/5ddd57591a494e04841521b2f73ce0e1/element/f.76BD0702E8726841DC63080813E8F96A.d.0046A2D3E4F0F48592F64BFE8AE173D0.e.15405/click - {}
RESULT: {}
RESULT: {}
COMMAND: POST /session/5ddd57591a494e04841521b2f73ce0e1/execute/async - {"script":"<script> [1562 bytes]","args":[{"selector":{"id":"application-managepricingrules-display-component---newInfoPriceItem--priceProc-arrow"},"wdio_ui5_key":"applicationmanagepricingrules-display-component---newInfoPriceItem--priceProc-arrow"}]}
COMMAND: GET /session/5ddd57591a494e04841521b2f73ce0e1/screenshot - {}
RESULT: {"script":"<script> [1562 bytes]","args":[{"selector":{"id":"application-managepricingrules-display-component---newInfoPriceItem--priceProc-arrow"},"wdio_ui5_key":"applicationmanagepricingrules-display-component---newInfoPriceItem--priceProc-arrow"}]}
RESULT: undefined
COMMAND: POST /session/5ddd57591a494e04841521b2f73ce0e1/element - {"using":"xpath","value":"//*[@id=\"application-managepricingrules-display-component---newInfoPriceItem--priceProc-arrow\"]"}
RESULT: {}
RESULT: {"using":"xpath","value":"//*[@id=\"application-managepricingrules-display-component---newInfoPriceItem--priceProc-arrow\"]"}
COMMAND: POST /session/5ddd57591a494e04841521b2f73ce0e1/element/f.76BD0702E8726841DC63080813E8F96A.d.0046A2D3E4F0F48592F64BFE8AE173D0.e.15365/click - {}
RESULT: {}
COMMAND: POST /session/5ddd57591a494e04841521b2f73ce0e1/element - {"using":"xpath","value":"//span[contains(text(), \"TBS - Time based standard\")]"}
COMMAND: GET /session/5ddd57591a494e04841521b2f73ce0e1/screenshot - {}
RESULT: {"using":"xpath","value":"//span[contains(text(), \"TBS - Time based standard\")]"}
COMMAND: POST /session/5ddd57591a494e04841521b2f73ce0e1/element/f.76BD0702E8726841DC63080813E8F96A.d.0046A2D3E4F0F48592F64BFE8AE173D0.e.15406/click - {}
RESULT: {}
RESULT: {}
COMMAND: POST /session/5ddd57591a494e04841521b2f73ce0e1/execute/async - {"script":"<script> [1562 bytes]","args":[{"selector":{"id":"application-managepricingrules-display-component---newInfoPriceItem--calcBase-arrow"},"wdio_ui5_key":"applicationmanagepricingrules-display-component---newInfoPriceItem--calcBase-arrow"}]}
COMMAND: GET /session/5ddd57591a494e04841521b2f73ce0e1/screenshot - {}
RESULT: {"script":"<script> [1562 bytes]","args":[{"selector":{"id":"application-managepricingrules-display-component---newInfoPriceItem--calcBase-arrow"},"wdio_ui5_key":"applicationmanagepricingrules-display-component---newInfoPriceItem--calcBase-arrow"}]}
RESULT: undefined
COMMAND: POST /session/5ddd57591a494e04841521b2f73ce0e1/element - {"using":"xpath","value":"//*[@id=\"application-managepricingrules-display-component---newInfoPriceItem--calcBase-arrow\"]"}
RESULT: {}
RESULT: {"using":"xpath","value":"//*[@id=\"application-managepricingrules-display-component---newInfoPriceItem--calcBase-arrow\"]"}
COMMAND: POST /session/5ddd57591a494e04841521b2f73ce0e1/element/f.76BD0702E8726841DC63080813E8F96A.d.0046A2D3E4F0F48592F64BFE8AE173D0.e.15372/click - {}
RESULT: {}
COMMAND: GET /session/5ddd57591a494e04841521b2f73ce0e1/screenshot - {}
RESULT: {}
COMMAND: POST /session/5ddd57591a494e04841521b2f73ce0e1/element - {"using":"xpath","value":"//span[contains(text(), \"0006 - TB(calendar days)\")]"}
RESULT: {"using":"xpath","value":"//span[contains(text(), \"0006 - TB(calendar days)\")]"}
COMMAND: POST /session/5ddd57591a494e04841521b2f73ce0e1/element/f.76BD0702E8726841DC63080813E8F96A.d.0046A2D3E4F0F48592F64BFE8AE173D0.e.15407/click - {}
RESULT: {}
COMMAND: POST /session/5ddd57591a494e04841521b2f73ce0e1/execute/async - {"script":"<script> [1562 bytes]","args":[{"selector":{"id":"application-managepricingrules-display-component---newInfoPriceItem--daysMonth","interaction":{"idSuffix":"inner"}},"wdio_ui5_key":"applicationmanagepricingrules-display-component---newInfoPriceItem--daysMonth"}]}
COMMAND: GET /session/5ddd57591a494e04841521b2f73ce0e1/screenshot - {}
RESULT: {"script":"<script> [1562 bytes]","args":[{"selector":{"id":"application-managepricingrules-display-component---newInfoPriceItem--daysMonth","interaction":{"idSuffix":"inner"}},"wdio_ui5_key":"applicationmanagepricingrules-display-component---newInfoPriceItem--daysMonth"}]}
RESULT: undefined
COMMAND: POST /session/5ddd57591a494e04841521b2f73ce0e1/execute/async - {"script":"<script> [776 bytes]","args":[{"enterText":"30","selector":{"id":"application-managepricingrules-display-component---newInfoPriceItem--daysMonth","interaction":{"idSuffix":"inner"}},"clearTextFirst":true,"interactionType":"ENTER_TEXT"}]}
RESULT: {}
RESULT: {"script":"<script> [776 bytes]","args":[{"enterText":"30","selector":{"id":"application-managepricingrules-display-component---newInfoPriceItem--daysMonth","interaction":{"idSuffix":"inner"}},"clearTextFirst":true,"interactionType":"ENTER_TEXT"}]}
COMMAND: POST /session/5ddd57591a494e04841521b2f73ce0e1/element - {"using":"xpath","value":"//button[@data-kt=\"saveNewRuleButton\"]"}
RESULT: {"using":"xpath","value":"//button[@data-kt=\"saveNewRuleButton\"]"}
COMMAND: POST /session/5ddd57591a494e04841521b2f73ce0e1/element/f.76BD0702E8726841DC63080813E8F96A.d.0046A2D3E4F0F48592F64BFE8AE173D0.e.15393/click - {}
RESULT: {}
COMMAND: GET /session/5ddd57591a494e04841521b2f73ce0e1/screenshot - {}
RESULT: {}
COMMAND: POST /session/5ddd57591a494e04841521b2f73ce0e1/element - {"using":"css selector","value":"#shell-header-logo"}
RESULT: {"using":"css selector","value":"#shell-header-logo"}
COMMAND: POST /session/5ddd57591a494e04841521b2f73ce0e1/element/f.76BD0702E8726841DC63080813E8F96A.d.0046A2D3E4F0F48592F64BFE8AE173D0.e.14959/click - {}
RESULT: {}
COMMAND: GET /session/5ddd57591a494e04841521b2f73ce0e1/screenshot - {}
RESULT: {}
COMMAND: POST /session/5ddd57591a494e04841521b2f73ce0e1/execute/async - {"script":"<script> [1562 bytes]","args":[{"selector":{"controlType":"sap.m.Text","properties":{"text":"Manage Conditions & Prices"},"interaction":{"idSuffix":"inner"}},"wdio_ui5_key":"sapm.Text{\"text\":\"Manage Conditions & Prices\"}"}]}
RESULT: {"script":"<script> [1562 bytes]","args":[{"selector":{"controlType":"sap.m.Text","properties":{"text":"Manage Conditions & Prices"},"interaction":{"idSuffix":"inner"}},"wdio_ui5_key":"sapm.Text{\"text\":\"Manage Conditions & Prices\"}"}]}
RESULT: undefined
COMMAND: POST /session/5ddd57591a494e04841521b2f73ce0e1/element - {"using":"xpath","value":"//*[@id=\"__tile53-title\"]"}
RESULT: {"using":"xpath","value":"//*[@id=\"__tile53-title\"]"}
COMMAND: POST /session/5ddd57591a494e04841521b2f73ce0e1/element/f.76BD0702E8726841DC63080813E8F96A.d.0046A2D3E4F0F48592F64BFE8AE173D0.e.15426/click - {}
RESULT: {}
COMMAND: GET /session/5ddd57591a494e04841521b2f73ce0e1/screenshot - {}
RESULT: {}
COMMAND: POST /session/5ddd57591a494e04841521b2f73ce0e1/element - {"using":"xpath","value":"//button[@aria-label=\"Create\"]"}
RESULT: {"using":"xpath","value":"//button[@aria-label=\"Create\"]"}
COMMAND: POST /session/5ddd57591a494e04841521b2f73ce0e1/elements - {"using":"xpath","value":"//button[@aria-label=\"Create\"]"}
RESULT: {"using":"xpath","value":"//button[@aria-label=\"Create\"]"}
COMMAND: POST /session/5ddd57591a494e04841521b2f73ce0e1/element - {"using":"xpath","value":"//button[@aria-label=\"Create\"]"}
RESULT: {"using":"xpath","value":"//button[@aria-label=\"Create\"]"}
COMMAND: POST /session/5ddd57591a494e04841521b2f73ce0e1/element/f.76BD0702E8726841DC63080813E8F96A.d.0046A2D3E4F0F48592F64BFE8AE173D0.e.15457/click - {}
RESULT: {}
COMMAND: POST /session/5ddd57591a494e04841521b2f73ce0e1/actions - {"actions":[{"id":"action74","type":"key","parameters":{},"actions":[{"type":"keyDown","value":"î€‡"},{"type":"pause","duration":10},{"type":"keyUp","value":"î€‡"}]}]}
COMMAND: GET /session/5ddd57591a494e04841521b2f73ce0e1/screenshot - {}
RESULT: {"actions":[{"id":"action74","type":"key","parameters":{},"actions":[{"type":"keyDown","value":"î€‡"},{"type":"pause","duration":10},{"type":"keyUp","value":"î€‡"}]}]}
COMMAND: GET /session/5ddd57591a494e04841521b2f73ce0e1/screenshot - {}
COMMAND: POST /session/5ddd57591a494e04841521b2f73ce0e1/execute/async - {"script":"<script> [1562 bytes]","args":[{"selector":{"id":"application-manageconditionprice-display-component---newCondition--condBillCond-arrow"},"wdio_ui5_key":"applicationmanageconditionprice-display-component---newCondition--condBillCond-arrow"}]}
RESULT: {}
RESULT: {}
RESULT: {"script":"<script> [1562 bytes]","args":[{"selector":{"id":"application-manageconditionprice-display-component---newCondition--condBillCond-arrow"},"wdio_ui5_key":"applicationmanageconditionprice-display-component---newCondition--condBillCond-arrow"}]}
RESULT: undefined
COMMAND: POST /session/5ddd57591a494e04841521b2f73ce0e1/element - {"using":"xpath","value":"//*[@id=\"application-manageconditionprice-display-component---newCondition--condBillCond-arrow\"]"}
RESULT: {"using":"xpath","value":"//*[@id=\"application-manageconditionprice-display-component---newCondition--condBillCond-arrow\"]"}
COMMAND: POST /session/5ddd57591a494e04841521b2f73ce0e1/element/f.76BD0702E8726841DC63080813E8F96A.d.0046A2D3E4F0F48592F64BFE8AE173D0.e.15825/click - {}
RESULT: {}
COMMAND: POST /session/5ddd57591a494e04841521b2f73ce0e1/element - {"using":"xpath","value":"//span[contains(text(), \"DISP - D&I special price\")]"}
COMMAND: GET /session/5ddd57591a494e04841521b2f73ce0e1/screenshot - {}
RESULT: {"using":"xpath","value":"//span[contains(text(), \"DISP - D&I special price\")]"}
COMMAND: POST /session/5ddd57591a494e04841521b2f73ce0e1/element/f.76BD0702E8726841DC63080813E8F96A.d.0046A2D3E4F0F48592F64BFE8AE173D0.e.15826/click - {}
RESULT: {}
RESULT: {}
COMMAND: POST /session/5ddd57591a494e04841521b2f73ce0e1/execute/async - {"script":"<script> [1562 bytes]","args":[{"selector":{"id":"application-manageconditionprice-display-component---newCondition--condValidTo","interaction":{"idSuffix":"inner"}},"wdio_ui5_key":"applicationmanageconditionprice-display-component---newCondition--condValidTo"}]}
COMMAND: GET /session/5ddd57591a494e04841521b2f73ce0e1/screenshot - {}
RESULT: {"script":"<script> [1562 bytes]","args":[{"selector":{"id":"application-manageconditionprice-display-component---newCondition--condValidTo","interaction":{"idSuffix":"inner"}},"wdio_ui5_key":"applicationmanageconditionprice-display-component---newCondition--condValidTo"}]}
RESULT: undefined
COMMAND: POST /session/5ddd57591a494e04841521b2f73ce0e1/execute/async - {"script":"<script> [776 bytes]","args":[{"enterText":"5/11/33","selector":{"id":"application-manageconditionprice-display-component---newCondition--condValidTo","interaction":{"idSuffix":"inner"}},"clearTextFirst":true,"interactionType":"ENTER_TEXT"}]}
RESULT: {}
RESULT: {"script":"<script> [776 bytes]","args":[{"enterText":"5/11/33","selector":{"id":"application-manageconditionprice-display-component---newCondition--condValidTo","interaction":{"idSuffix":"inner"}},"clearTextFirst":true,"interactionType":"ENTER_TEXT"}]}
COMMAND: POST /session/5ddd57591a494e04841521b2f73ce0e1/element - {"using":"xpath","value":"//input[@id=\"application-manageconditionprice-display-component---newCondition--condRU-inner\"]"}
RESULT: {"using":"xpath","value":"//input[@id=\"application-manageconditionprice-display-component---newCondition--condRU-inner\"]"}
COMMAND: POST /session/5ddd57591a494e04841521b2f73ce0e1/element/f.76BD0702E8726841DC63080813E8F96A.d.0046A2D3E4F0F48592F64BFE8AE173D0.e.15519/clear - {}
RESULT: {}
COMMAND: POST /session/5ddd57591a494e04841521b2f73ce0e1/element/f.76BD0702E8726841DC63080813E8F96A.d.0046A2D3E4F0F48592F64BFE8AE173D0.e.15519/value - {"text":"WebdriverMatTestii0he"}
COMMAND: GET /session/5ddd57591a494e04841521b2f73ce0e1/screenshot - {}
RESULT: {"text":"WebdriverMatTestii0he"}
COMMAND: GET /session/5ddd57591a494e04841521b2f73ce0e1/screenshot - {}
RESULT: {}
RESULT: {}
COMMAND: POST /session/5ddd57591a494e04841521b2f73ce0e1/actions - {"actions":[{"id":"action75","type":"key","parameters":{},"actions":[{"type":"keyDown","value":"î€‡"},{"type":"pause","duration":10},{"type":"keyUp","value":"î€‡"}]}]}
RESULT: {"actions":[{"id":"action75","type":"key","parameters":{},"actions":[{"type":"keyDown","value":"î€‡"},{"type":"pause","duration":10},{"type":"keyUp","value":"î€‡"}]}]}
COMMAND: POST /session/5ddd57591a494e04841521b2f73ce0e1/execute/async - {"script":"<script> [1562 bytes]","args":[{"selector":{"id":"application-manageconditionprice-display-component---newCondition--condBaseQty","interaction":{"idSuffix":"inner"}},"wdio_ui5_key":"applicationmanageconditionprice-display-component---newCondition--condBaseQty"}]}
COMMAND: GET /session/5ddd57591a494e04841521b2f73ce0e1/screenshot - {}
RESULT: {"script":"<script> [1562 bytes]","args":[{"selector":{"id":"application-manageconditionprice-display-component---newCondition--condBaseQty","interaction":{"idSuffix":"inner"}},"wdio_ui5_key":"applicationmanageconditionprice-display-component---newCondition--condBaseQty"}]}
RESULT: undefined
COMMAND: POST /session/5ddd57591a494e04841521b2f73ce0e1/execute/async - {"script":"<script> [776 bytes]","args":[{"enterText":"1","selector":{"id":"application-manageconditionprice-display-component---newCondition--condBaseQty","interaction":{"idSuffix":"inner"}},"clearTextFirst":true,"interactionType":"ENTER_TEXT"}]}
RESULT: {}
RESULT: {"script":"<script> [776 bytes]","args":[{"enterText":"1","selector":{"id":"application-manageconditionprice-display-component---newCondition--condBaseQty","interaction":{"idSuffix":"inner"}},"clearTextFirst":true,"interactionType":"ENTER_TEXT"}]}
COMMAND: POST /session/5ddd57591a494e04841521b2f73ce0e1/execute/async - {"script":"<script> [1562 bytes]","args":[{"selector":{"id":"application-manageconditionprice-display-component---newCondition--condValue","interaction":{"idSuffix":"inner"}},"wdio_ui5_key":"applicationmanageconditionprice-display-component---newCondition--condValue"}]}
RESULT: {"script":"<script> [1562 bytes]","args":[{"selector":{"id":"application-manageconditionprice-display-component---newCondition--condValue","interaction":{"idSuffix":"inner"}},"wdio_ui5_key":"applicationmanageconditionprice-display-component---newCondition--condValue"}]}
RESULT: undefined
COMMAND: POST /session/5ddd57591a494e04841521b2f73ce0e1/execute/async - {"script":"<script> [776 bytes]","args":[{"enterText":"100","selector":{"id":"application-manageconditionprice-display-component---newCondition--condValue","interaction":{"idSuffix":"inner"}},"clearTextFirst":true,"interactionType":"ENTER_TEXT"}]}
RESULT: {"script":"<script> [776 bytes]","args":[{"enterText":"100","selector":{"id":"application-manageconditionprice-display-component---newCondition--condValue","interaction":{"idSuffix":"inner"}},"clearTextFirst":true,"interactionType":"ENTER_TEXT"}]}
COMMAND: POST /session/5ddd57591a494e04841521b2f73ce0e1/execute/async - {"script":"<script> [1562 bytes]","args":[{"selector":{"id":"application-manageconditionprice-display-component---newCondition--condCurr-arrow"},"wdio_ui5_key":"applicationmanageconditionprice-display-component---newCondition--condCurr-arrow"}]}
RESULT: {"script":"<script> [1562 bytes]","args":[{"selector":{"id":"application-manageconditionprice-display-component---newCondition--condCurr-arrow"},"wdio_ui5_key":"applicationmanageconditionprice-display-component---newCondition--condCurr-arrow"}]}
RESULT: undefined
COMMAND: POST /session/5ddd57591a494e04841521b2f73ce0e1/element - {"using":"xpath","value":"//*[@id=\"application-manageconditionprice-display-component---newCondition--condCurr-arrow\"]"}
RESULT: {"using":"xpath","value":"//*[@id=\"application-manageconditionprice-display-component---newCondition--condCurr-arrow\"]"}
COMMAND: POST /session/5ddd57591a494e04841521b2f73ce0e1/element/f.76BD0702E8726841DC63080813E8F96A.d.0046A2D3E4F0F48592F64BFE8AE173D0.e.15754/click - {}
RESULT: {}
COMMAND: POST /session/5ddd57591a494e04841521b2f73ce0e1/element - {"using":"xpath","value":"//span[contains(text(), \"Euro\")]"}
COMMAND: GET /session/5ddd57591a494e04841521b2f73ce0e1/screenshot - {}
RESULT: {"using":"xpath","value":"//span[contains(text(), \"Euro\")]"}
COMMAND: POST /session/5ddd57591a494e04841521b2f73ce0e1/element/f.76BD0702E8726841DC63080813E8F96A.d.0046A2D3E4F0F48592F64BFE8AE173D0.e.15862/click - {}
RESULT: {}
RESULT: {}
COMMAND: POST /session/5ddd57591a494e04841521b2f73ce0e1/element - {"using":"xpath","value":"//button[@data-kt=\"saveButton\"]"}
COMMAND: GET /session/5ddd57591a494e04841521b2f73ce0e1/screenshot - {}
RESULT: {"using":"xpath","value":"//button[@data-kt=\"saveButton\"]"}
COMMAND: POST /session/5ddd57591a494e04841521b2f73ce0e1/element/f.76BD0702E8726841DC63080813E8F96A.d.0046A2D3E4F0F48592F64BFE8AE173D0.e.15755/click - {}
RESULT: {}
RESULT: {}
COMMAND: GET /session/5ddd57591a494e04841521b2f73ce0e1/screenshot - {}
RESULT: {}
COMMAND: POST /session/5ddd57591a494e04841521b2f73ce0e1/element - {"using":"css selector","value":"#shell-header-logo"}
RESULT: {"using":"css selector","value":"#shell-header-logo"}
COMMAND: POST /session/5ddd57591a494e04841521b2f73ce0e1/element/f.76BD0702E8726841DC63080813E8F96A.d.0046A2D3E4F0F48592F64BFE8AE173D0.e.15429/click - {}
RESULT: {}
COMMAND: GET /session/5ddd57591a494e04841521b2f73ce0e1/screenshot - {}
RESULT: {}
]]></system-out>
    </testcase>
    <testcase classname="chrome.137_0_7151_56.windows.E2E_-_Logistical_and_commercial_statuses" name="Should create a new contract" time="74.614">
      <system-out><![CDATA[
COMMAND: POST /session/5ddd57591a494e04841521b2f73ce0e1/execute/async - {"script":"<script> [1562 bytes]","args":[{"selector":{"controlType":"sap.m.GenericTile","properties":{"header":"Manage Contracts"}},"wdio_ui5_key":"sapm.GenericTile{\"header\":\"Manage Contracts\"}"}]}
RESULT: {"script":"<script> [1562 bytes]","args":[{"selector":{"controlType":"sap.m.GenericTile","properties":{"header":"Manage Contracts"}},"wdio_ui5_key":"sapm.GenericTile{\"header\":\"Manage Contracts\"}"}]}
RESULT: undefined
COMMAND: POST /session/5ddd57591a494e04841521b2f73ce0e1/element - {"using":"xpath","value":"//*[@id=\"__tile130\"]"}
RESULT: {"using":"xpath","value":"//*[@id=\"__tile130\"]"}
COMMAND: POST /session/5ddd57591a494e04841521b2f73ce0e1/element/f.76BD0702E8726841DC63080813E8F96A.d.0046A2D3E4F0F48592F64BFE8AE173D0.e.16013/click - {}
RESULT: {}
COMMAND: GET /session/5ddd57591a494e04841521b2f73ce0e1/screenshot - {}
RESULT: {}
COMMAND: POST /session/5ddd57591a494e04841521b2f73ce0e1/elements - {"using":"xpath","value":"//span[text()='Error']"}
RESULT: {"using":"xpath","value":"//span[text()='Error']"}
COMMAND: POST /session/5ddd57591a494e04841521b2f73ce0e1/element - {"using":"xpath","value":"//button[@data-kt=\"addButton\"]"}
RESULT: {"using":"xpath","value":"//button[@data-kt=\"addButton\"]"}
COMMAND: POST /session/5ddd57591a494e04841521b2f73ce0e1/element/f.76BD0702E8726841DC63080813E8F96A.d.0046A2D3E4F0F48592F64BFE8AE173D0.e.16063/click - {}
RESULT: {}
COMMAND: GET /session/5ddd57591a494e04841521b2f73ce0e1/screenshot - {}
RESULT: {}
COMMAND: POST /session/5ddd57591a494e04841521b2f73ce0e1/execute/async - {"script":"<script> [1562 bytes]","args":[{"selector":{"id":"application-managecontracts-display-component---AddNewContract--projectDescription","interaction":{"idSuffix":"inner"}},"wdio_ui5_key":"applicationmanagecontracts-display-component---AddNewContract--projectDescription"}]}
RESULT: {"script":"<script> [1562 bytes]","args":[{"selector":{"id":"application-managecontracts-display-component---AddNewContract--projectDescription","interaction":{"idSuffix":"inner"}},"wdio_ui5_key":"applicationmanagecontracts-display-component---AddNewContract--projectDescription"}]}
RESULT: undefined
COMMAND: POST /session/5ddd57591a494e04841521b2f73ce0e1/execute/async - {"script":"<script> [776 bytes]","args":[{"enterText":"WdIOR2culuj2","selector":{"id":"application-managecontracts-display-component---AddNewContract--projectDescription","interaction":{"idSuffix":"inner"}},"clearTextFirst":true,"interactionType":"ENTER_TEXT"}]}
RESULT: {"script":"<script> [776 bytes]","args":[{"enterText":"WdIOR2culuj2","selector":{"id":"application-managecontracts-display-component---AddNewContract--projectDescription","interaction":{"idSuffix":"inner"}},"clearTextFirst":true,"interactionType":"ENTER_TEXT"}]}
COMMAND: POST /session/5ddd57591a494e04841521b2f73ce0e1/element - {"using":"xpath","value":"//input[@id=\"application-managecontracts-display-component---AddNewContract--yardId-inner\"]"}
RESULT: {"using":"xpath","value":"//input[@id=\"application-managecontracts-display-component---AddNewContract--yardId-inner\"]"}
COMMAND: POST /session/5ddd57591a494e04841521b2f73ce0e1/element/f.76BD0702E8726841DC63080813E8F96A.d.0046A2D3E4F0F48592F64BFE8AE173D0.e.16324/clear - {}
RESULT: {}
COMMAND: POST /session/5ddd57591a494e04841521b2f73ce0e1/element/f.76BD0702E8726841DC63080813E8F96A.d.0046A2D3E4F0F48592F64BFE8AE173D0.e.16324/value - {"text":"WebdriverYardc2kfc"}
COMMAND: GET /session/5ddd57591a494e04841521b2f73ce0e1/screenshot - {}
RESULT: {"text":"WebdriverYardc2kfc"}
COMMAND: GET /session/5ddd57591a494e04841521b2f73ce0e1/screenshot - {}
RESULT: {}
RESULT: {}
COMMAND: POST /session/5ddd57591a494e04841521b2f73ce0e1/actions - {"actions":[{"id":"action76","type":"key","parameters":{},"actions":[{"type":"keyDown","value":"î€‡"},{"type":"pause","duration":10},{"type":"keyUp","value":"î€‡"}]}]}
RESULT: {"actions":[{"id":"action76","type":"key","parameters":{},"actions":[{"type":"keyDown","value":"î€‡"},{"type":"pause","duration":10},{"type":"keyUp","value":"î€‡"}]}]}
COMMAND: GET /session/5ddd57591a494e04841521b2f73ce0e1/screenshot - {}
RESULT: {}
COMMAND: POST /session/5ddd57591a494e04841521b2f73ce0e1/element - {"using":"xpath","value":"//input[@id=\"application-managecontracts-display-component---AddNewContract--customerSelect-inner\"]"}
RESULT: {"using":"xpath","value":"//input[@id=\"application-managecontracts-display-component---AddNewContract--customerSelect-inner\"]"}
COMMAND: POST /session/5ddd57591a494e04841521b2f73ce0e1/element/f.76BD0702E8726841DC63080813E8F96A.d.0046A2D3E4F0F48592F64BFE8AE173D0.e.16322/clear - {}
RESULT: {}
COMMAND: POST /session/5ddd57591a494e04841521b2f73ce0e1/element/f.76BD0702E8726841DC63080813E8F96A.d.0046A2D3E4F0F48592F64BFE8AE173D0.e.16322/value - {"text":"WebdriverPartnerp10i8"}
COMMAND: GET /session/5ddd57591a494e04841521b2f73ce0e1/screenshot - {}
RESULT: {"text":"WebdriverPartnerp10i8"}
COMMAND: GET /session/5ddd57591a494e04841521b2f73ce0e1/screenshot - {}
RESULT: {}
RESULT: {}
COMMAND: POST /session/5ddd57591a494e04841521b2f73ce0e1/actions - {"actions":[{"id":"action77","type":"key","parameters":{},"actions":[{"type":"keyDown","value":"î€‡"},{"type":"pause","duration":10},{"type":"keyUp","value":"î€‡"}]}]}
RESULT: {"actions":[{"id":"action77","type":"key","parameters":{},"actions":[{"type":"keyDown","value":"î€‡"},{"type":"pause","duration":10},{"type":"keyUp","value":"î€‡"}]}]}
COMMAND: GET /session/5ddd57591a494e04841521b2f73ce0e1/screenshot - {}
RESULT: {}
COMMAND: POST /session/5ddd57591a494e04841521b2f73ce0e1/element - {"using":"xpath","value":"//input[@id=\"application-managecontracts-display-component---AddNewContract--site-inner\"]"}
RESULT: {"using":"xpath","value":"//input[@id=\"application-managecontracts-display-component---AddNewContract--site-inner\"]"}
COMMAND: POST /session/5ddd57591a494e04841521b2f73ce0e1/element/f.76BD0702E8726841DC63080813E8F96A.d.0046A2D3E4F0F48592F64BFE8AE173D0.e.16323/clear - {}
RESULT: {}
COMMAND: POST /session/5ddd57591a494e04841521b2f73ce0e1/element/f.76BD0702E8726841DC63080813E8F96A.d.0046A2D3E4F0F48592F64BFE8AE173D0.e.16323/value - {"text":"WebdriverSitewlqs9"}
COMMAND: GET /session/5ddd57591a494e04841521b2f73ce0e1/screenshot - {}
RESULT: {"text":"WebdriverSitewlqs9"}
COMMAND: GET /session/5ddd57591a494e04841521b2f73ce0e1/screenshot - {}
RESULT: {}
RESULT: {}
COMMAND: POST /session/5ddd57591a494e04841521b2f73ce0e1/actions - {"actions":[{"id":"action78","type":"key","parameters":{},"actions":[{"type":"keyDown","value":"î€‡"},{"type":"pause","duration":10},{"type":"keyUp","value":"î€‡"}]}]}
RESULT: {"actions":[{"id":"action78","type":"key","parameters":{},"actions":[{"type":"keyDown","value":"î€‡"},{"type":"pause","duration":10},{"type":"keyUp","value":"î€‡"}]}]}
COMMAND: POST /session/5ddd57591a494e04841521b2f73ce0e1/element - {"using":"xpath","value":"//button[@data-kt=\"saveButton\"]"}
COMMAND: GET /session/5ddd57591a494e04841521b2f73ce0e1/screenshot - {}
RESULT: {"using":"xpath","value":"//button[@data-kt=\"saveButton\"]"}
COMMAND: POST /session/5ddd57591a494e04841521b2f73ce0e1/element/f.76BD0702E8726841DC63080813E8F96A.d.0046A2D3E4F0F48592F64BFE8AE173D0.e.16397/click - {}
RESULT: {}
RESULT: {}
COMMAND: GET /session/5ddd57591a494e04841521b2f73ce0e1/screenshot - {}
RESULT: {}
COMMAND: POST /session/5ddd57591a494e04841521b2f73ce0e1/execute/async - {"script":"<script> [1562 bytes]","args":[{"selector":{"id":"contractDetailTitleNoExpanded","viewName":"etm.portal.ui.managecontracts.view.Detail"},"wdio_ui5_key":"contractDetailTitleNoExpandedetmportal.ui.managecontracts.view.Detail"}]}
RESULT: {"script":"<script> [1562 bytes]","args":[{"selector":{"id":"contractDetailTitleNoExpanded","viewName":"etm.portal.ui.managecontracts.view.Detail"},"wdio_ui5_key":"contractDetailTitleNoExpandedetmportal.ui.managecontracts.view.Detail"}]}
RESULT: undefined
COMMAND: POST /session/5ddd57591a494e04841521b2f73ce0e1/execute/async - {"script":"<script> [6424 bytes]","args":[{"element-6066-11e4-a52e-4f735466cecf":"f.76BD0702E8726841DC63080813E8F96A.d.0046A2D3E4F0F48592F64BFE8AE173D0.e.16417"},"getText",[]]}
RESULT: {"script":"<script> [6424 bytes]","args":[{"element-6066-11e4-a52e-4f735466cecf":"f.76BD0702E8726841DC63080813E8F96A.d.0046A2D3E4F0F48592F64BFE8AE173D0.e.16417"},"getText",[]]}
]]></system-out>
    </testcase>
    <testcase classname="chrome.137_0_7151_56.windows.E2E_-_Logistical_and_commercial_statuses" name="Should add materialID to the contract" time="45.811">
      <system-out><![CDATA[
COMMAND: POST /session/5ddd57591a494e04841521b2f73ce0e1/element - {"using":"xpath","value":"//button[@data-kt=\"contractDetailEditBtnButton\"]"}
RESULT: {"using":"xpath","value":"//button[@data-kt=\"contractDetailEditBtnButton\"]"}
COMMAND: POST /session/5ddd57591a494e04841521b2f73ce0e1/element/f.76BD0702E8726841DC63080813E8F96A.d.0046A2D3E4F0F48592F64BFE8AE173D0.e.16418/click - {}
RESULT: {}
COMMAND: GET /session/5ddd57591a494e04841521b2f73ce0e1/screenshot - {}
RESULT: {}
COMMAND: POST /session/5ddd57591a494e04841521b2f73ce0e1/element - {"using":"xpath","value":"(//span[contains(text(), \"Additional Addresses\")])[2]"}
RESULT: {"using":"xpath","value":"(//span[contains(text(), \"Additional Addresses\")])[2]"}
COMMAND: POST /session/5ddd57591a494e04841521b2f73ce0e1/element/f.76BD0702E8726841DC63080813E8F96A.d.0046A2D3E4F0F48592F64BFE8AE173D0.e.16476/click - {}
RESULT: {}
COMMAND: GET /session/5ddd57591a494e04841521b2f73ce0e1/screenshot - {}
RESULT: {}
COMMAND: POST /session/5ddd57591a494e04841521b2f73ce0e1/element - {"using":"xpath","value":"//button[@data-kt=\"btnAddTableRowOverflowToolbarButton\"]"}
RESULT: {"using":"xpath","value":"//button[@data-kt=\"btnAddTableRowOverflowToolbarButton\"]"}
COMMAND: POST /session/5ddd57591a494e04841521b2f73ce0e1/element/f.76BD0702E8726841DC63080813E8F96A.d.0046A2D3E4F0F48592F64BFE8AE173D0.e.16478/click - {}
RESULT: {}
COMMAND: GET /session/5ddd57591a494e04841521b2f73ce0e1/screenshot - {}
RESULT: {}
COMMAND: POST /session/5ddd57591a494e04841521b2f73ce0e1/element - {"using":"xpath","value":"//div[(text() = 'Standard Entry' or . = 'Standard Entry')]"}
RESULT: {"using":"xpath","value":"//div[(text() = 'Standard Entry' or . = 'Standard Entry')]"}
COMMAND: POST /session/5ddd57591a494e04841521b2f73ce0e1/element/f.76BD0702E8726841DC63080813E8F96A.d.0046A2D3E4F0F48592F64BFE8AE173D0.e.16480/click - {}
RESULT: {}
COMMAND: POST /session/5ddd57591a494e04841521b2f73ce0e1/element - {"using":"xpath","value":"//td[6]/div/div/input[1]"}
COMMAND: GET /session/5ddd57591a494e04841521b2f73ce0e1/screenshot - {}
RESULT: {"using":"xpath","value":"//td[6]/div/div/input[1]"}
COMMAND: POST /session/5ddd57591a494e04841521b2f73ce0e1/element/f.76BD0702E8726841DC63080813E8F96A.d.0046A2D3E4F0F48592F64BFE8AE173D0.e.16482/click - {}
RESULT: {}
RESULT: {}
COMMAND: POST /session/5ddd57591a494e04841521b2f73ce0e1/actions - {"actions":[{"id":"action79","type":"key","parameters":{},"actions":[{"type":"keyDown","value":"î€ƒ"},{"type":"pause","duration":10},{"type":"keyUp","value":"î€ƒ"}]}]}
COMMAND: GET /session/5ddd57591a494e04841521b2f73ce0e1/screenshot - {}
RESULT: {"actions":[{"id":"action79","type":"key","parameters":{},"actions":[{"type":"keyDown","value":"î€ƒ"},{"type":"pause","duration":10},{"type":"keyUp","value":"î€ƒ"}]}]}
COMMAND: POST /session/5ddd57591a494e04841521b2f73ce0e1/element - {"using":"xpath","value":"//td[6]/div/div/input[1]"}
COMMAND: GET /session/5ddd57591a494e04841521b2f73ce0e1/screenshot - {}
RESULT: {}
RESULT: {"using":"xpath","value":"//td[6]/div/div/input[1]"}
COMMAND: POST /session/5ddd57591a494e04841521b2f73ce0e1/element/f.76BD0702E8726841DC63080813E8F96A.d.0046A2D3E4F0F48592F64BFE8AE173D0.e.16482/clear - {}
RESULT: {}
RESULT: {}
COMMAND: POST /session/5ddd57591a494e04841521b2f73ce0e1/element/f.76BD0702E8726841DC63080813E8F96A.d.0046A2D3E4F0F48592F64BFE8AE173D0.e.16482/value - {"text":"Material"}
COMMAND: GET /session/5ddd57591a494e04841521b2f73ce0e1/screenshot - {}
RESULT: {"text":"Material"}
COMMAND: GET /session/5ddd57591a494e04841521b2f73ce0e1/screenshot - {}
RESULT: {}
RESULT: {}
COMMAND: POST /session/5ddd57591a494e04841521b2f73ce0e1/actions - {"actions":[{"id":"action80","type":"key","parameters":{},"actions":[{"type":"keyDown","value":"î€‡"},{"type":"pause","duration":10},{"type":"keyUp","value":"î€‡"}]}]}
RESULT: {"actions":[{"id":"action80","type":"key","parameters":{},"actions":[{"type":"keyDown","value":"î€‡"},{"type":"pause","duration":10},{"type":"keyUp","value":"î€‡"}]}]}
COMMAND: GET /session/5ddd57591a494e04841521b2f73ce0e1/screenshot - {}
COMMAND: POST /session/5ddd57591a494e04841521b2f73ce0e1/actions - {"actions":[{"id":"action81","type":"key","parameters":{},"actions":[{"type":"keyDown","value":"î€‡"},{"type":"pause","duration":10},{"type":"keyUp","value":"î€‡"}]}]}
RESULT: {}
RESULT: {"actions":[{"id":"action81","type":"key","parameters":{},"actions":[{"type":"keyDown","value":"î€‡"},{"type":"pause","duration":10},{"type":"keyUp","value":"î€‡"}]}]}
COMMAND: POST /session/5ddd57591a494e04841521b2f73ce0e1/element - {"using":"xpath","value":"//td[7]/div/div/input"}
COMMAND: GET /session/5ddd57591a494e04841521b2f73ce0e1/screenshot - {}
RESULT: {"using":"xpath","value":"//td[7]/div/div/input"}
COMMAND: POST /session/5ddd57591a494e04841521b2f73ce0e1/element/f.76BD0702E8726841DC63080813E8F96A.d.0046A2D3E4F0F48592F64BFE8AE173D0.e.16495/clear - {}
RESULT: {}
RESULT: {}
COMMAND: POST /session/5ddd57591a494e04841521b2f73ce0e1/element/f.76BD0702E8726841DC63080813E8F96A.d.0046A2D3E4F0F48592F64BFE8AE173D0.e.16495/value - {"text":"WebdriverMatTestii0he"}
COMMAND: GET /session/5ddd57591a494e04841521b2f73ce0e1/screenshot - {}
RESULT: {"text":"WebdriverMatTestii0he"}
COMMAND: GET /session/5ddd57591a494e04841521b2f73ce0e1/screenshot - {}
RESULT: {}
RESULT: {}
COMMAND: POST /session/5ddd57591a494e04841521b2f73ce0e1/actions - {"actions":[{"id":"action82","type":"key","parameters":{},"actions":[{"type":"keyDown","value":"î€‡"},{"type":"pause","duration":10},{"type":"keyUp","value":"î€‡"}]}]}
RESULT: {"actions":[{"id":"action82","type":"key","parameters":{},"actions":[{"type":"keyDown","value":"î€‡"},{"type":"pause","duration":10},{"type":"keyUp","value":"î€‡"}]}]}
COMMAND: GET /session/5ddd57591a494e04841521b2f73ce0e1/screenshot - {}
RESULT: {}
COMMAND: POST /session/5ddd57591a494e04841521b2f73ce0e1/actions - {"actions":[{"id":"action83","type":"key","parameters":{},"actions":[{"type":"keyDown","value":"î€‡"},{"type":"pause","duration":10},{"type":"keyUp","value":"î€‡"}]}]}
RESULT: {"actions":[{"id":"action83","type":"key","parameters":{},"actions":[{"type":"keyDown","value":"î€‡"},{"type":"pause","duration":10},{"type":"keyUp","value":"î€‡"}]}]}
COMMAND: GET /session/5ddd57591a494e04841521b2f73ce0e1/screenshot - {}
RESULT: {}
COMMAND: POST /session/5ddd57591a494e04841521b2f73ce0e1/element - {"using":"xpath","value":"(//button[@data-kt=\"saveButton\"])[2]"}
RESULT: {"using":"xpath","value":"(//button[@data-kt=\"saveButton\"])[2]"}
COMMAND: POST /session/5ddd57591a494e04841521b2f73ce0e1/element/f.76BD0702E8726841DC63080813E8F96A.d.0046A2D3E4F0F48592F64BFE8AE173D0.e.16518/click - {}
RESULT: {}
COMMAND: GET /session/5ddd57591a494e04841521b2f73ce0e1/screenshot - {}
RESULT: {}
]]></system-out>
    </testcase>
    <testcase classname="chrome.137_0_7151_56.windows.E2E_-_Logistical_and_commercial_statuses" name="It should follow the handover steps to the status fully provided" time="366.631">
      <system-out><![CDATA[
COMMAND: POST /session/5ddd57591a494e04841521b2f73ce0e1/execute/async - {"script":"<script> [1562 bytes]","args":[{"selector":{"id":"contractDetailProvideButton","viewName":"etm.portal.ui.managecontracts.view.Detail","interaction":{"idSuffix":"BDI-content"}},"wdio_ui5_key":"contractDetailProvideButtonetmportal.ui.managecontracts.view.Detail"}]}
RESULT: {"script":"<script> [1562 bytes]","args":[{"selector":{"id":"contractDetailProvideButton","viewName":"etm.portal.ui.managecontracts.view.Detail","interaction":{"idSuffix":"BDI-content"}},"wdio_ui5_key":"contractDetailProvideButtonetmportal.ui.managecontracts.view.Detail"}]}
RESULT: undefined
COMMAND: POST /session/5ddd57591a494e04841521b2f73ce0e1/element - {"using":"xpath","value":"//*[@id=\"__xmlview61--contractDetailProvideButton\"]"}
RESULT: {"using":"xpath","value":"//*[@id=\"__xmlview61--contractDetailProvideButton\"]"}
COMMAND: POST /session/5ddd57591a494e04841521b2f73ce0e1/element/f.76BD0702E8726841DC63080813E8F96A.d.0046A2D3E4F0F48592F64BFE8AE173D0.e.16523/click - {}
RESULT: {}
COMMAND: GET /session/5ddd57591a494e04841521b2f73ce0e1/screenshot - {}
RESULT: {}
COMMAND: POST /session/5ddd57591a494e04841521b2f73ce0e1/execute/async - {"script":"<script> [1562 bytes]","args":[{"selector":{"id":"application-managehandovers-display-component---AddNewHO--oneStep","interaction":{"idSuffix":"CbBg"}},"wdio_ui5_key":"applicationmanagehandovers-display-component---AddNewHO--oneStep"}]}
RESULT: {"script":"<script> [1562 bytes]","args":[{"selector":{"id":"application-managehandovers-display-component---AddNewHO--oneStep","interaction":{"idSuffix":"CbBg"}},"wdio_ui5_key":"applicationmanagehandovers-display-component---AddNewHO--oneStep"}]}
RESULT: undefined
COMMAND: POST /session/5ddd57591a494e04841521b2f73ce0e1/element - {"using":"xpath","value":"//*[@id=\"application-managehandovers-display-component---AddNewHO--oneStep\"]"}
RESULT: {"using":"xpath","value":"//*[@id=\"application-managehandovers-display-component---AddNewHO--oneStep\"]"}
COMMAND: POST /session/5ddd57591a494e04841521b2f73ce0e1/element/f.76BD0702E8726841DC63080813E8F96A.d.0046A2D3E4F0F48592F64BFE8AE173D0.e.16688/click - {}
RESULT: {}
RESULT: undefined
COMMAND: POST /session/5ddd57591a494e04841521b2f73ce0e1/execute/async - {"script":"<script> [776 bytes]","args":[{"enterText":"06/04/25","selector":{"id":"application-managehandovers-display-component---AddNewHO--dueDate","interaction":{"idSuffix":"inner"}},"clearTextFirst":true,"interactionType":"ENTER_TEXT"}]}
COMMAND: GET /session/5ddd57591a494e04841521b2f73ce0e1/screenshot - {}
RESULT: {"script":"<script> [776 bytes]","args":[{"enterText":"06/04/25","selector":{"id":"application-managehandovers-display-component---AddNewHO--dueDate","interaction":{"idSuffix":"inner"}},"clearTextFirst":true,"interactionType":"ENTER_TEXT"}]}
RESULT: undefined
COMMAND: POST /session/5ddd57591a494e04841521b2f73ce0e1/element - {"using":"xpath","value":"//*[@id=\"application-managehandovers-display-component---AddNewHO--ObjectPageLayout-anchBar-application-managehandovers-display-component---AddNewHO--section4-anchor\"]"}
RESULT: {}
RESULT: {"using":"xpath","value":"//*[@id=\"application-managehandovers-display-component---AddNewHO--ObjectPageLayout-anchBar-application-managehandovers-display-component---AddNewHO--section4-anchor\"]"}
COMMAND: POST /session/5ddd57591a494e04841521b2f73ce0e1/element/f.76BD0702E8726841DC63080813E8F96A.d.0046A2D3E4F0F48592F64BFE8AE173D0.e.16689/click - {}
RESULT: {}
COMMAND: POST /session/5ddd57591a494e04841521b2f73ce0e1/execute/async - {"script":"<script> [1562 bytes]","args":[{"selector":{"controlType":"sap.ui.core.Icon","viewName":"etm.portal.ui.managehandovers.view.AddNewHO","viewId":"application-managehandovers-display-component---AddNewHO","properties":{"src":{"regex":{"source":"add"}}}},"wdio_ui5_key":"etmportal.ui.managehandovers.view.AddNewHOsap.ui.core.Icon{\"src\":{\"regex\":{\"source\":\"add\"}}}"}]}
COMMAND: GET /session/5ddd57591a494e04841521b2f73ce0e1/screenshot - {}
RESULT: {"script":"<script> [1562 bytes]","args":[{"selector":{"controlType":"sap.ui.core.Icon","viewName":"etm.portal.ui.managehandovers.view.AddNewHO","viewId":"application-managehandovers-display-component---AddNewHO","properties":{"src":{"regex":{"source":"add"}}}},"wdio_ui5_key":"etmportal.ui.managehandovers.view.AddNewHOsap.ui.core.Icon{\"src\":{\"regex\":{\"source\":\"add\"}}}"}]}
RESULT: undefined
COMMAND: POST /session/5ddd57591a494e04841521b2f73ce0e1/element - {"using":"xpath","value":"//*[@id=\"__button178-img\"]"}
RESULT: {}
RESULT: {"using":"xpath","value":"//*[@id=\"__button178-img\"]"}
COMMAND: POST /session/5ddd57591a494e04841521b2f73ce0e1/element/f.76BD0702E8726841DC63080813E8F96A.d.0046A2D3E4F0F48592F64BFE8AE173D0.e.16693/click - {}
RESULT: {}
COMMAND: GET /session/5ddd57591a494e04841521b2f73ce0e1/screenshot - {}
RESULT: {}
RESULT: undefined
COMMAND: POST /session/5ddd57591a494e04841521b2f73ce0e1/element - {"using":"xpath","value":"//*[@id=\"application-managehandovers-display-component---AddNewHO--popup-sa\"]"}
RESULT: {"using":"xpath","value":"//*[@id=\"application-managehandovers-display-component---AddNewHO--popup-sa\"]"}
COMMAND: POST /session/5ddd57591a494e04841521b2f73ce0e1/element/f.76BD0702E8726841DC63080813E8F96A.d.0046A2D3E4F0F48592F64BFE8AE173D0.e.16703/click - {}
RESULT: {}
COMMAND: POST /session/5ddd57591a494e04841521b2f73ce0e1/execute/async - {"script":"<script> [1562 bytes]","args":[{"selector":{"controlType":"sap.m.Button","viewName":"etm.portal.ui.managehandovers.view.AddNewHO","viewId":"application-managehandovers-display-component---AddNewHO","i18NText":{"propertyName":"text","key":"select"},"searchOpenDialogs":true,"interaction":{"idSuffix":"inner"}},"wdio_ui5_key":"etmportal.ui.managehandovers.view.AddNewHOsap.m.Button{\"propertyName\":\"text\",\"key\":\"select\"}"}]}
COMMAND: GET /session/5ddd57591a494e04841521b2f73ce0e1/screenshot - {}
RESULT: {"script":"<script> [1562 bytes]","args":[{"selector":{"controlType":"sap.m.Button","viewName":"etm.portal.ui.managehandovers.view.AddNewHO","viewId":"application-managehandovers-display-component---AddNewHO","i18NText":{"propertyName":"text","key":"select"},"searchOpenDialogs":true,"interaction":{"idSuffix":"inner"}},"wdio_ui5_key":"etmportal.ui.managehandovers.view.AddNewHOsap.m.Button{\"propertyName\":\"text\",\"key\":\"select\"}"}]}
RESULT: undefined
COMMAND: POST /session/5ddd57591a494e04841521b2f73ce0e1/element - {"using":"xpath","value":"//*[@id=\"__button182\"]"}
RESULT: {}
RESULT: {"using":"xpath","value":"//*[@id=\"__button182\"]"}
COMMAND: POST /session/5ddd57591a494e04841521b2f73ce0e1/element/f.76BD0702E8726841DC63080813E8F96A.d.0046A2D3E4F0F48592F64BFE8AE173D0.e.16706/click - {}
RESULT: {}
COMMAND: POST /session/5ddd57591a494e04841521b2f73ce0e1/execute/async - {"script":"<script> [1562 bytes]","args":[{"selector":{"id":"application-managehandovers-display-component---AddNewHO--confirmCreationButton","interaction":{"idSuffix":"BDI-content"}},"wdio_ui5_key":"applicationmanagehandovers-display-component---AddNewHO--confirmCreationButton"}]}
COMMAND: GET /session/5ddd57591a494e04841521b2f73ce0e1/screenshot - {}
RESULT: {"script":"<script> [1562 bytes]","args":[{"selector":{"id":"application-managehandovers-display-component---AddNewHO--confirmCreationButton","interaction":{"idSuffix":"BDI-content"}},"wdio_ui5_key":"applicationmanagehandovers-display-component---AddNewHO--confirmCreationButton"}]}
RESULT: undefined
COMMAND: POST /session/5ddd57591a494e04841521b2f73ce0e1/element - {"using":"xpath","value":"//*[@id=\"application-managehandovers-display-component---AddNewHO--confirmCreationButton\"]"}
RESULT: {}
RESULT: {"using":"xpath","value":"//*[@id=\"application-managehandovers-display-component---AddNewHO--confirmCreationButton\"]"}
COMMAND: POST /session/5ddd57591a494e04841521b2f73ce0e1/element/f.76BD0702E8726841DC63080813E8F96A.d.0046A2D3E4F0F48592F64BFE8AE173D0.e.16642/click - {}
RESULT: {}
COMMAND: GET /session/5ddd57591a494e04841521b2f73ce0e1/screenshot - {}
RESULT: {}
COMMAND: POST /session/5ddd57591a494e04841521b2f73ce0e1/element - {"using":"xpath","value":"//a[contains(@data-kt ,\"GeneralSectionReceiveContracttLink\")]"}
RESULT: {"using":"xpath","value":"//a[contains(@data-kt ,\"GeneralSectionReceiveContracttLink\")]"}
COMMAND: POST /session/5ddd57591a494e04841521b2f73ce0e1/element/f.76BD0702E8726841DC63080813E8F96A.d.0046A2D3E4F0F48592F64BFE8AE173D0.e.16759/click - {}
RESULT: {}
COMMAND: GET /session/5ddd57591a494e04841521b2f73ce0e1/screenshot - {}
RESULT: {}
COMMAND: POST /session/5ddd57591a494e04841521b2f73ce0e1/element - {"using":"xpath","value":"//a[contains(@data-kt ,\"ContextMenuId2Link\")]"}
RESULT: {"using":"xpath","value":"//a[contains(@data-kt ,\"ContextMenuId2Link\")]"}
COMMAND: POST /session/5ddd57591a494e04841521b2f73ce0e1/element/f.76BD0702E8726841DC63080813E8F96A.d.0046A2D3E4F0F48592F64BFE8AE173D0.e.16763/click - {}
RESULT: {}
COMMAND: GET /session/5ddd57591a494e04841521b2f73ce0e1/screenshot - {}
RESULT: {}
COMMAND: POST /session/5ddd57591a494e04841521b2f73ce0e1/execute/async - {"script":"<script> [1562 bytes]","args":[{"selector":{"controlType":"sap.m.ObjectStatus","viewName":"etm.portal.ui.managecontracts.view.Detail","bindingPath":{"propertyPath":"LINK_TO_LOGISTICAL_STATUS/DESCRIPTION","modelName":"catalogModel"}},"wdio_ui5_key":"etmportal.ui.managecontracts.view.Detailsap.m.ObjectStatus{\"propertyPath\":\"LINK_TO_LOGISTICAL_STATUS/DESCRIPTION\",\"modelName\":\"catalogModel\"}"}]}
RESULT: {"script":"<script> [1562 bytes]","args":[{"selector":{"controlType":"sap.m.ObjectStatus","viewName":"etm.portal.ui.managecontracts.view.Detail","bindingPath":{"propertyPath":"LINK_TO_LOGISTICAL_STATUS/DESCRIPTION","modelName":"catalogModel"}},"wdio_ui5_key":"etmportal.ui.managecontracts.view.Detailsap.m.ObjectStatus{\"propertyPath\":\"LINK_TO_LOGISTICAL_STATUS/DESCRIPTION\",\"modelName\":\"catalogModel\"}"}]}
RESULT: undefined
COMMAND: POST /session/5ddd57591a494e04841521b2f73ce0e1/execute/async - {"script":"<script> [6424 bytes]","args":[{"element-6066-11e4-a52e-4f735466cecf":"f.76BD0702E8726841DC63080813E8F96A.d.0046A2D3E4F0F48592F64BFE8AE173D0.e.16923"},"getText",[]]}
RESULT: {"script":"<script> [6424 bytes]","args":[{"element-6066-11e4-a52e-4f735466cecf":"f.76BD0702E8726841DC63080813E8F96A.d.0046A2D3E4F0F48592F64BFE8AE173D0.e.16923"},"getText",[]]}
COMMAND: POST /session/5ddd57591a494e04841521b2f73ce0e1/execute/async - {"script":"<script> [1562 bytes]","args":[{"selector":{"controlType":"sap.m.ObjectStatus","viewName":"etm.portal.ui.managecontracts.view.Detail","bindingPath":{"propertyPath":"LINK_TO_COMMERCIAL_STATUS/DESCRIPTION","modelName":"catalogModel"}},"wdio_ui5_key":"etmportal.ui.managecontracts.view.Detailsap.m.ObjectStatus{\"propertyPath\":\"LINK_TO_COMMERCIAL_STATUS/DESCRIPTION\",\"modelName\":\"catalogModel\"}"}]}
RESULT: {"script":"<script> [1562 bytes]","args":[{"selector":{"controlType":"sap.m.ObjectStatus","viewName":"etm.portal.ui.managecontracts.view.Detail","bindingPath":{"propertyPath":"LINK_TO_COMMERCIAL_STATUS/DESCRIPTION","modelName":"catalogModel"}},"wdio_ui5_key":"etmportal.ui.managecontracts.view.Detailsap.m.ObjectStatus{\"propertyPath\":\"LINK_TO_COMMERCIAL_STATUS/DESCRIPTION\",\"modelName\":\"catalogModel\"}"}]}
RESULT: undefined
COMMAND: POST /session/5ddd57591a494e04841521b2f73ce0e1/execute/async - {"script":"<script> [6424 bytes]","args":[{"element-6066-11e4-a52e-4f735466cecf":"f.76BD0702E8726841DC63080813E8F96A.d.0046A2D3E4F0F48592F64BFE8AE173D0.e.16924"},"getText",[]]}
RESULT: {"script":"<script> [6424 bytes]","args":[{"element-6066-11e4-a52e-4f735466cecf":"f.76BD0702E8726841DC63080813E8F96A.d.0046A2D3E4F0F48592F64BFE8AE173D0.e.16924"},"getText",[]]}
COMMAND: POST /session/5ddd57591a494e04841521b2f73ce0e1/execute/async - {"script":"<script> [1562 bytes]","args":[{"selector":{"id":"backBtn"},"wdio_ui5_key":"backBtn"}]}
RESULT: {"script":"<script> [1562 bytes]","args":[{"selector":{"id":"backBtn"},"wdio_ui5_key":"backBtn"}]}
RESULT: undefined
COMMAND: POST /session/5ddd57591a494e04841521b2f73ce0e1/element - {"using":"xpath","value":"//*[@id=\"backBtn\"]"}
RESULT: {"using":"xpath","value":"//*[@id=\"backBtn\"]"}
COMMAND: POST /session/5ddd57591a494e04841521b2f73ce0e1/element/f.76BD0702E8726841DC63080813E8F96A.d.0046A2D3E4F0F48592F64BFE8AE173D0.e.16925/click - {}
RESULT: {}
COMMAND: GET /session/5ddd57591a494e04841521b2f73ce0e1/screenshot - {}
COMMAND: POST /session/5ddd57591a494e04841521b2f73ce0e1/execute/async - {"script":"<script> [1562 bytes]","args":[{"selector":{"controlType":"sap.m.Text","viewName":"etm.portal.ui.managehandovers.view.DetailExecuteHO","bindingPath":{"propertyPath":"NO","modelName":"catalogModel"}},"wdio_ui5_key":"etmportal.ui.managehandovers.view.DetailExecuteHOsap.m.Text{\"propertyPath\":\"NO\",\"modelName\":\"catalogModel\"}"}]}
RESULT: {}
RESULT: {"script":"<script> [1562 bytes]","args":[{"selector":{"controlType":"sap.m.Text","viewName":"etm.portal.ui.managehandovers.view.DetailExecuteHO","bindingPath":{"propertyPath":"NO","modelName":"catalogModel"}},"wdio_ui5_key":"etmportal.ui.managehandovers.view.DetailExecuteHOsap.m.Text{\"propertyPath\":\"NO\",\"modelName\":\"catalogModel\"}"}]}
RESULT: undefined
COMMAND: POST /session/5ddd57591a494e04841521b2f73ce0e1/execute/async - {"script":"<script> [6424 bytes]","args":[{"element-6066-11e4-a52e-4f735466cecf":"f.76BD0702E8726841DC63080813E8F96A.d.0046A2D3E4F0F48592F64BFE8AE173D0.e.17076"},"getText",[]]}
RESULT: {"script":"<script> [6424 bytes]","args":[{"element-6066-11e4-a52e-4f735466cecf":"f.76BD0702E8726841DC63080813E8F96A.d.0046A2D3E4F0F48592F64BFE8AE173D0.e.17076"},"getText",[]]}
COMMAND: POST /session/5ddd57591a494e04841521b2f73ce0e1/element - {"using":"xpath","value":"//input[contains(@id ,\"issueDatePicker-inner\")]"}
RESULT: {"using":"xpath","value":"//input[contains(@id ,\"issueDatePicker-inner\")]"}
COMMAND: GET /session/5ddd57591a494e04841521b2f73ce0e1/element/f.76BD0702E8726841DC63080813E8F96A.d.0046A2D3E4F0F48592F64BFE8AE173D0.e.17055/property/value - {}
RESULT: {}
COMMAND: POST /session/5ddd57591a494e04841521b2f73ce0e1/element/f.76BD0702E8726841DC63080813E8F96A.d.0046A2D3E4F0F48592F64BFE8AE173D0.e.17055/clear - {}
COMMAND: GET /session/5ddd57591a494e04841521b2f73ce0e1/screenshot - {}
RESULT: {}
COMMAND: POST /session/5ddd57591a494e04841521b2f73ce0e1/element/f.76BD0702E8726841DC63080813E8F96A.d.0046A2D3E4F0F48592F64BFE8AE173D0.e.17055/value - {"text":"06/04/25"}
COMMAND: GET /session/5ddd57591a494e04841521b2f73ce0e1/screenshot - {}
RESULT: {}
RESULT: {"text":"06/04/25"}
COMMAND: GET /session/5ddd57591a494e04841521b2f73ce0e1/screenshot - {}
RESULT: {}
RESULT: {}
COMMAND: POST /session/5ddd57591a494e04841521b2f73ce0e1/execute/async - {"script":"<script> [1562 bytes]","args":[{"selector":{"controlType":"sap.m.Button","viewName":"etm.portal.ui.managehandovers.view.DetailExecuteHO","i18NText":{"propertyName":"text","key":"confirmAll"},"interaction":{"idSuffix":"inner"}},"wdio_ui5_key":"etmportal.ui.managehandovers.view.DetailExecuteHOsap.m.Button{\"propertyName\":\"text\",\"key\":\"confirmAll\"}"}]}
RESULT: {"script":"<script> [1562 bytes]","args":[{"selector":{"controlType":"sap.m.Button","viewName":"etm.portal.ui.managehandovers.view.DetailExecuteHO","i18NText":{"propertyName":"text","key":"confirmAll"},"interaction":{"idSuffix":"inner"}},"wdio_ui5_key":"etmportal.ui.managehandovers.view.DetailExecuteHOsap.m.Button{\"propertyName\":\"text\",\"key\":\"confirmAll\"}"}]}
RESULT: undefined
COMMAND: POST /session/5ddd57591a494e04841521b2f73ce0e1/element - {"using":"xpath","value":"//*[@id=\"__button266\"]"}
RESULT: {"using":"xpath","value":"//*[@id=\"__button266\"]"}
COMMAND: POST /session/5ddd57591a494e04841521b2f73ce0e1/element/f.76BD0702E8726841DC63080813E8F96A.d.0046A2D3E4F0F48592F64BFE8AE173D0.e.17079/click - {}
RESULT: {}
COMMAND: GET /session/5ddd57591a494e04841521b2f73ce0e1/screenshot - {}
RESULT: {}
COMMAND: POST /session/5ddd57591a494e04841521b2f73ce0e1/actions - {"actions":[{"id":"action84","type":"key","parameters":{},"actions":[{"type":"keyDown","value":"î€‡"},{"type":"pause","duration":10},{"type":"keyUp","value":"î€‡"}]}]}
RESULT: {"actions":[{"id":"action84","type":"key","parameters":{},"actions":[{"type":"keyDown","value":"î€‡"},{"type":"pause","duration":10},{"type":"keyUp","value":"î€‡"}]}]}
COMMAND: GET /session/5ddd57591a494e04841521b2f73ce0e1/screenshot - {}
RESULT: {}
RESULT: undefined
COMMAND: POST /session/5ddd57591a494e04841521b2f73ce0e1/element - {"using":"xpath","value":"//*[@id=\"__button266\"]"}
RESULT: {"using":"xpath","value":"//*[@id=\"__button266\"]"}
COMMAND: POST /session/5ddd57591a494e04841521b2f73ce0e1/element/f.76BD0702E8726841DC63080813E8F96A.d.0046A2D3E4F0F48592F64BFE8AE173D0.e.17079/click - {}
RESULT: {}
COMMAND: GET /session/5ddd57591a494e04841521b2f73ce0e1/screenshot - {}
RESULT: {}
COMMAND: POST /session/5ddd57591a494e04841521b2f73ce0e1/execute/async - {"script":"<script> [1562 bytes]","args":[{"selector":{"controlType":"sap.m.Button","properties":{"text":"OK"},"searchOpenDialogs":true,"interaction":{"idSuffix":"content"}},"wdio_ui5_key":"sapm.Button{\"text\":\"OK\"}"}]}
RESULT: {"script":"<script> [1562 bytes]","args":[{"selector":{"controlType":"sap.m.Button","properties":{"text":"OK"},"searchOpenDialogs":true,"interaction":{"idSuffix":"content"}},"wdio_ui5_key":"sapm.Button{\"text\":\"OK\"}"}]}
RESULT: undefined
COMMAND: POST /session/5ddd57591a494e04841521b2f73ce0e1/element - {"using":"xpath","value":"//*[@id=\"__mbox-btn-4\"]"}
RESULT: {"using":"xpath","value":"//*[@id=\"__mbox-btn-4\"]"}
COMMAND: POST /session/5ddd57591a494e04841521b2f73ce0e1/element/f.76BD0702E8726841DC63080813E8F96A.d.0046A2D3E4F0F48592F64BFE8AE173D0.e.17087/click - {}
RESULT: {}
COMMAND: GET /session/5ddd57591a494e04841521b2f73ce0e1/screenshot - {}
RESULT: {}
COMMAND: POST /session/5ddd57591a494e04841521b2f73ce0e1/element - {"using":"xpath","value":"//button[contains(@data-kt ,\"execHoPickFooterButton\")]"}
RESULT: {"using":"xpath","value":"//button[contains(@data-kt ,\"execHoPickFooterButton\")]"}
COMMAND: POST /session/5ddd57591a494e04841521b2f73ce0e1/element/f.76BD0702E8726841DC63080813E8F96A.d.0046A2D3E4F0F48592F64BFE8AE173D0.e.17091/click - {}
RESULT: {}
COMMAND: GET /session/5ddd57591a494e04841521b2f73ce0e1/screenshot - {}
RESULT: {}
COMMAND: POST /session/5ddd57591a494e04841521b2f73ce0e1/refresh - {}
RESULT: {}
COMMAND: GET /session/5ddd57591a494e04841521b2f73ce0e1/screenshot - {}
RESULT: {}
COMMAND: POST /session/5ddd57591a494e04841521b2f73ce0e1/refresh - {}
RESULT: {}
COMMAND: GET /session/5ddd57591a494e04841521b2f73ce0e1/screenshot - {}
RESULT: {}
COMMAND: POST /session/5ddd57591a494e04841521b2f73ce0e1/window/fullscreen - {}
RESULT: {}
COMMAND: POST /session/5ddd57591a494e04841521b2f73ce0e1/execute/async - {"script":"<script> [189 bytes]","args":[]}
RESULT: {"script":"<script> [189 bytes]","args":[]}
COMMAND: POST /session/5ddd57591a494e04841521b2f73ce0e1/execute/async - {"script":"<script> [123 bytes]","args":[]}
RESULT: {"script":"<script> [123 bytes]","args":[]}
COMMAND: POST /session/5ddd57591a494e04841521b2f73ce0e1/timeouts - {"script":"<number>"}
RESULT: {"script":"<number>"}
COMMAND: GET /session/5ddd57591a494e04841521b2f73ce0e1/timeouts - {}
RESULT: {}
RESULT: undefined
COMMAND: POST /session/5ddd57591a494e04841521b2f73ce0e1/execute/async - {"script":"<script> [2676 bytes]","args":[]}
RESULT: {"script":"<script> [2676 bytes]","args":[]}
COMMAND: POST /session/5ddd57591a494e04841521b2f73ce0e1/execute/async - {"script":"<script> [2342 bytes]","args":[{"protocol":"http","hostname":"0.0.0.0","path":"/","capabilities":{"browserName":"chrome","goog:chromeOptions":{"binary":"C:\\Program Files\\Google\\Chrome\\Application\\chrome.exe","args":["--start-maximized"]}},"logLevel":"warn","connectionRetryTimeout":120000,"connectionRetryCount":3,"logLevels":{},"enableDirectConnect":true,"strictSSL":true,"_":"65 more keys: [\"cacheDir\",\"port\",\"requestedCapabilities\",\"automationProtocol\",\"baseUrl\",\"waitforInterval\",\"waitforTimeout\",\"onReload\",\"beforeCommand\",\"afterCommand\",\"rootDir\",\"specs\",\"suites\",\"exclude\",\"groupLogsByTestSpec\",\"excludeDriverLogs\",\"bail\",\"framework\",\"reporters\",\"services\",\"maxInstances\",\"maxInstancesPerCapability\",\"injectGlobals\",\"filesToWatch\",\"execArgv\",\"runnerEnv\",\"runner\",\"shard\",\"specFileRetries\",\"specFileRetriesDelay\",\"specFileRetriesDeferred\",\"reporterSyncInterval\",\"reporterSyncTimeout\",\"cucumberFeaturesWithLineNumbers\",\"autoCompileOpts\",\"mochaOpts\",\"jasmineOpts\",\"cucumberOpts\",\"onPrepare\",\"onWorkerStart\",\"onWorkerEnd\",\"before\",\"beforeSession\",\"beforeSuite\",\"beforeHook\",\"beforeTest\",\"afterTest\",\"afterHook\",\"afterSuite\",\"afterSession\",\"after\",\"onComplete\",\"beforeAssertion\",\"afterAssertion\",\"beforeFeature\",\"beforeScenario\",\"beforeStep\",\"afterStep\",\"afterScenario\",\"afterFeature\",\"_\",\"suite\",\"$0\",\"ignoredWorkerServices\",\"wdi5\"]"}]}
RESULT: {"script":"<script> [2342 bytes]","args":[{"protocol":"http","hostname":"0.0.0.0","path":"/","capabilities":{"browserName":"chrome","goog:chromeOptions":{"binary":"C:\\Program Files\\Google\\Chrome\\Application\\chrome.exe","args":["--start-maximized"]}},"logLevel":"warn","connectionRetryTimeout":120000,"connectionRetryCount":3,"logLevels":{},"enableDirectConnect":true,"strictSSL":true,"_":"65 more keys: [\"cacheDir\",\"port\",\"requestedCapabilities\",\"automationProtocol\",\"baseUrl\",\"waitforInterval\",\"waitforTimeout\",\"onReload\",\"beforeCommand\",\"afterCommand\",\"rootDir\",\"specs\",\"suites\",\"exclude\",\"groupLogsByTestSpec\",\"excludeDriverLogs\",\"bail\",\"framework\",\"reporters\",\"services\",\"maxInstances\",\"maxInstancesPerCapability\",\"injectGlobals\",\"filesToWatch\",\"execArgv\",\"runnerEnv\",\"runner\",\"shard\",\"specFileRetries\",\"specFileRetriesDelay\",\"specFileRetriesDeferred\",\"reporterSyncInterval\",\"reporterSyncTimeout\",\"cucumberFeaturesWithLineNumbers\",\"autoCompileOpts\",\"mochaOpts\",\"jasmineOpts\",\"cucumberOpts\",\"onPrepare\",\"onWorkerStart\",\"onWorkerEnd\",\"before\",\"beforeSession\",\"beforeSuite\",\"beforeHook\",\"beforeTest\",\"afterTest\",\"afterHook\",\"afterSuite\",\"afterSession\",\"after\",\"onComplete\",\"beforeAssertion\",\"afterAssertion\",\"beforeFeature\",\"beforeScenario\",\"beforeStep\",\"afterStep\",\"afterScenario\",\"afterFeature\",\"_\",\"suite\",\"$0\",\"ignoredWorkerServices\",\"wdi5\"]"}]}
COMMAND: POST /session/5ddd57591a494e04841521b2f73ce0e1/execute/async - {"script":"<script> [21126 bytes]","args":[35000]}
RESULT: {"script":"<script> [21126 bytes]","args":[35000]}
COMMAND: POST /session/5ddd57591a494e04841521b2f73ce0e1/execute/async - {"script":"<script> [1562 bytes]","args":[{"selector":{"controlType":"sap.m.SearchField","viewName":"etm.portal.ui.managehandovers.view.MasterHO","bindingPath":{"path":"","propertyPath":"/_BASIC_SEARCH_FIELD","modelName":"fi1t3rM0d31"},"interaction":{"idSuffix":"I"}},"wdio_ui5_key":"etmportal.ui.managehandovers.view.MasterHOsap.m.SearchField{\"path\":\"\",\"propertyPath\":\"/_BASIC_SEARCH_FIELD\",\"modelName\":\"fi1t3rM0d31\"}"}]}
RESULT: {"script":"<script> [1562 bytes]","args":[{"selector":{"controlType":"sap.m.SearchField","viewName":"etm.portal.ui.managehandovers.view.MasterHO","bindingPath":{"path":"","propertyPath":"/_BASIC_SEARCH_FIELD","modelName":"fi1t3rM0d31"},"interaction":{"idSuffix":"I"}},"wdio_ui5_key":"etmportal.ui.managehandovers.view.MasterHOsap.m.SearchField{\"path\":\"\",\"propertyPath\":\"/_BASIC_SEARCH_FIELD\",\"modelName\":\"fi1t3rM0d31\"}"}]}
RESULT: undefined
COMMAND: POST /session/5ddd57591a494e04841521b2f73ce0e1/execute/async - {"script":"<script> [776 bytes]","args":[{"enterText":"30923","selector":{"controlType":"sap.m.SearchField","viewName":"etm.portal.ui.managehandovers.view.MasterHO","bindingPath":{"path":"","propertyPath":"/_BASIC_SEARCH_FIELD","modelName":"fi1t3rM0d31"},"interaction":{"idSuffix":"I"}},"clearTextFirst":true,"interactionType":"ENTER_TEXT"}]}
RESULT: {"script":"<script> [776 bytes]","args":[{"enterText":"30923","selector":{"controlType":"sap.m.SearchField","viewName":"etm.portal.ui.managehandovers.view.MasterHO","bindingPath":{"path":"","propertyPath":"/_BASIC_SEARCH_FIELD","modelName":"fi1t3rM0d31"},"interaction":{"idSuffix":"I"}},"clearTextFirst":true,"interactionType":"ENTER_TEXT"}]}
COMMAND: POST /session/5ddd57591a494e04841521b2f73ce0e1/actions - {"actions":[{"id":"action85","type":"key","parameters":{},"actions":[{"type":"keyDown","value":"î€‡"},{"type":"pause","duration":10},{"type":"keyUp","value":"î€‡"}]}]}
RESULT: {"actions":[{"id":"action85","type":"key","parameters":{},"actions":[{"type":"keyDown","value":"î€‡"},{"type":"pause","duration":10},{"type":"keyUp","value":"î€‡"}]}]}
COMMAND: GET /session/5ddd57591a494e04841521b2f73ce0e1/screenshot - {}
RESULT: {}
COMMAND: POST /session/5ddd57591a494e04841521b2f73ce0e1/execute/async - {"script":"<script> [1562 bytes]","args":[{"selector":{"controlType":"sap.m.Title","viewName":"etm.portal.ui.managehandovers.view.MasterHO","properties":{"text":"Records (1)"}},"wdio_ui5_key":"etmportal.ui.managehandovers.view.MasterHOsap.m.Title{\"text\":\"Records (1)\"}"}]}
RESULT: {"script":"<script> [1562 bytes]","args":[{"selector":{"controlType":"sap.m.Title","viewName":"etm.portal.ui.managehandovers.view.MasterHO","properties":{"text":"Records (1)"}},"wdio_ui5_key":"etmportal.ui.managehandovers.view.MasterHOsap.m.Title{\"text\":\"Records (1)\"}"}]}
RESULT: undefined
COMMAND: POST /session/5ddd57591a494e04841521b2f73ce0e1/execute/async - {"script":"<script> [6424 bytes]","args":[{"element-6066-11e4-a52e-4f735466cecf":"f.76BD0702E8726841DC63080813E8F96A.d.76B72AC71DB3677FC64007FD1AE03B23.e.17407"},"getText",[]]}
RESULT: {"script":"<script> [6424 bytes]","args":[{"element-6066-11e4-a52e-4f735466cecf":"f.76BD0702E8726841DC63080813E8F96A.d.76B72AC71DB3677FC64007FD1AE03B23.e.17407"},"getText",[]]}
COMMAND: POST /session/5ddd57591a494e04841521b2f73ce0e1/execute/async - {"script":"<script> [1562 bytes]","args":[{"selector":{"controlType":"sap.ui.core.Icon","viewName":"etm.portal.ui.managehandovers.view.MasterHO","properties":{"src":{"regex":{"source":"slim\\-arrow\\-right"}}}},"wdio_ui5_key":"etmportal.ui.managehandovers.view.MasterHOsap.ui.core.Icon{\"src\":{\"regex\":{\"source\":\"slim\\\\-arrow\\\\-right\"}}}"}]}
RESULT: {"script":"<script> [1562 bytes]","args":[{"selector":{"controlType":"sap.ui.core.Icon","viewName":"etm.portal.ui.managehandovers.view.MasterHO","properties":{"src":{"regex":{"source":"slim\\-arrow\\-right"}}}},"wdio_ui5_key":"etmportal.ui.managehandovers.view.MasterHOsap.ui.core.Icon{\"src\":{\"regex\":{\"source\":\"slim\\\\-arrow\\\\-right\"}}}"}]}
RESULT: undefined
COMMAND: POST /session/5ddd57591a494e04841521b2f73ce0e1/element - {"using":"xpath","value":"//*[@id=\"__item17-__clone17-imgNav\"]"}
RESULT: {"using":"xpath","value":"//*[@id=\"__item17-__clone17-imgNav\"]"}
COMMAND: POST /session/5ddd57591a494e04841521b2f73ce0e1/element/f.76BD0702E8726841DC63080813E8F96A.d.76B72AC71DB3677FC64007FD1AE03B23.e.17406/click - {}
RESULT: {}
COMMAND: GET /session/5ddd57591a494e04841521b2f73ce0e1/screenshot - {}
RESULT: {}
COMMAND: POST /session/5ddd57591a494e04841521b2f73ce0e1/element - {"using":"xpath","value":"//a[contains(@data-kt ,\"GeneralSectionReceiveContracttLink\")]"}
RESULT: {"using":"xpath","value":"//a[contains(@data-kt ,\"GeneralSectionReceiveContracttLink\")]"}
COMMAND: POST /session/5ddd57591a494e04841521b2f73ce0e1/element/f.76BD0702E8726841DC63080813E8F96A.d.76B72AC71DB3677FC64007FD1AE03B23.e.17510/click - {}
RESULT: {}
COMMAND: GET /session/5ddd57591a494e04841521b2f73ce0e1/screenshot - {}
RESULT: {}
COMMAND: POST /session/5ddd57591a494e04841521b2f73ce0e1/element - {"using":"xpath","value":"//a[contains(@data-kt ,\"ContextMenuId2Link\")]"}
RESULT: {"using":"xpath","value":"//a[contains(@data-kt ,\"ContextMenuId2Link\")]"}
COMMAND: POST /session/5ddd57591a494e04841521b2f73ce0e1/element/f.76BD0702E8726841DC63080813E8F96A.d.76B72AC71DB3677FC64007FD1AE03B23.e.17513/click - {}
RESULT: {}
COMMAND: GET /session/5ddd57591a494e04841521b2f73ce0e1/screenshot - {}
RESULT: {}
COMMAND: POST /session/5ddd57591a494e04841521b2f73ce0e1/execute/async - {"script":"<script> [1562 bytes]","args":[{"selector":{"controlType":"sap.m.ObjectStatus","viewName":"etm.portal.ui.managecontracts.view.Detail","bindingPath":{"propertyPath":"LINK_TO_LOGISTICAL_STATUS/DESCRIPTION","modelName":"catalogModel"}},"wdio_ui5_key":"etmportal.ui.managecontracts.view.Detailsap.m.ObjectStatus{\"propertyPath\":\"LINK_TO_LOGISTICAL_STATUS/DESCRIPTION\",\"modelName\":\"catalogModel\"}"}]}
RESULT: {"script":"<script> [1562 bytes]","args":[{"selector":{"controlType":"sap.m.ObjectStatus","viewName":"etm.portal.ui.managecontracts.view.Detail","bindingPath":{"propertyPath":"LINK_TO_LOGISTICAL_STATUS/DESCRIPTION","modelName":"catalogModel"}},"wdio_ui5_key":"etmportal.ui.managecontracts.view.Detailsap.m.ObjectStatus{\"propertyPath\":\"LINK_TO_LOGISTICAL_STATUS/DESCRIPTION\",\"modelName\":\"catalogModel\"}"}]}
RESULT: undefined
COMMAND: POST /session/5ddd57591a494e04841521b2f73ce0e1/execute/async - {"script":"<script> [6424 bytes]","args":[{"element-6066-11e4-a52e-4f735466cecf":"f.76BD0702E8726841DC63080813E8F96A.d.76B72AC71DB3677FC64007FD1AE03B23.e.17747"},"getText",[]]}
RESULT: {"script":"<script> [6424 bytes]","args":[{"element-6066-11e4-a52e-4f735466cecf":"f.76BD0702E8726841DC63080813E8F96A.d.76B72AC71DB3677FC64007FD1AE03B23.e.17747"},"getText",[]]}
COMMAND: POST /session/5ddd57591a494e04841521b2f73ce0e1/execute/async - {"script":"<script> [1562 bytes]","args":[{"selector":{"controlType":"sap.m.ObjectStatus","viewName":"etm.portal.ui.managecontracts.view.Detail","bindingPath":{"propertyPath":"LINK_TO_COMMERCIAL_STATUS/DESCRIPTION","modelName":"catalogModel"}},"wdio_ui5_key":"etmportal.ui.managecontracts.view.Detailsap.m.ObjectStatus{\"propertyPath\":\"LINK_TO_COMMERCIAL_STATUS/DESCRIPTION\",\"modelName\":\"catalogModel\"}"}]}
RESULT: {"script":"<script> [1562 bytes]","args":[{"selector":{"controlType":"sap.m.ObjectStatus","viewName":"etm.portal.ui.managecontracts.view.Detail","bindingPath":{"propertyPath":"LINK_TO_COMMERCIAL_STATUS/DESCRIPTION","modelName":"catalogModel"}},"wdio_ui5_key":"etmportal.ui.managecontracts.view.Detailsap.m.ObjectStatus{\"propertyPath\":\"LINK_TO_COMMERCIAL_STATUS/DESCRIPTION\",\"modelName\":\"catalogModel\"}"}]}
RESULT: undefined
COMMAND: POST /session/5ddd57591a494e04841521b2f73ce0e1/execute/async - {"script":"<script> [6424 bytes]","args":[{"element-6066-11e4-a52e-4f735466cecf":"f.76BD0702E8726841DC63080813E8F96A.d.76B72AC71DB3677FC64007FD1AE03B23.e.17748"},"getText",[]]}
RESULT: {"script":"<script> [6424 bytes]","args":[{"element-6066-11e4-a52e-4f735466cecf":"f.76BD0702E8726841DC63080813E8F96A.d.76B72AC71DB3677FC64007FD1AE03B23.e.17748"},"getText",[]]}
COMMAND: POST /session/5ddd57591a494e04841521b2f73ce0e1/execute/async - {"script":"<script> [1562 bytes]","args":[{"selector":{"id":"backBtn"},"wdio_ui5_key":"backBtn"}]}
RESULT: {"script":"<script> [1562 bytes]","args":[{"selector":{"id":"backBtn"},"wdio_ui5_key":"backBtn"}]}
RESULT: undefined
COMMAND: POST /session/5ddd57591a494e04841521b2f73ce0e1/element - {"using":"xpath","value":"//*[@id=\"backBtn\"]"}
RESULT: {"using":"xpath","value":"//*[@id=\"backBtn\"]"}
COMMAND: POST /session/5ddd57591a494e04841521b2f73ce0e1/element/f.76BD0702E8726841DC63080813E8F96A.d.76B72AC71DB3677FC64007FD1AE03B23.e.17749/click - {}
RESULT: {}
COMMAND: GET /session/5ddd57591a494e04841521b2f73ce0e1/screenshot - {}
RESULT: {}
COMMAND: POST /session/5ddd57591a494e04841521b2f73ce0e1/execute/async - {"script":"<script> [1562 bytes]","args":[{"selector":{"controlType":"sap.m.Button","viewName":"etm.portal.ui.managehandovers.view.DetailExecuteHO","i18NText":{"propertyName":"text","key":"confirmAll"},"interaction":{"idSuffix":"BDI-content"}},"wdio_ui5_key":"etmportal.ui.managehandovers.view.DetailExecuteHOsap.m.Button{\"propertyName\":\"text\",\"key\":\"confirmAll\"}"}]}
RESULT: {"script":"<script> [1562 bytes]","args":[{"selector":{"controlType":"sap.m.Button","viewName":"etm.portal.ui.managehandovers.view.DetailExecuteHO","i18NText":{"propertyName":"text","key":"confirmAll"},"interaction":{"idSuffix":"BDI-content"}},"wdio_ui5_key":"etmportal.ui.managehandovers.view.DetailExecuteHOsap.m.Button{\"propertyName\":\"text\",\"key\":\"confirmAll\"}"}]}
RESULT: undefined
COMMAND: POST /session/5ddd57591a494e04841521b2f73ce0e1/element - {"using":"xpath","value":"//*[@id=\"__button85\"]"}
RESULT: {"using":"xpath","value":"//*[@id=\"__button85\"]"}
COMMAND: POST /session/5ddd57591a494e04841521b2f73ce0e1/element/f.76BD0702E8726841DC63080813E8F96A.d.76B72AC71DB3677FC64007FD1AE03B23.e.18032/click - {}
RESULT: {}
COMMAND: GET /session/5ddd57591a494e04841521b2f73ce0e1/screenshot - {}
RESULT: {}
COMMAND: POST /session/5ddd57591a494e04841521b2f73ce0e1/execute/async - {"script":"<script> [1562 bytes]","args":[{"selector":{"controlType":"sap.m.Button","properties":{"text":"OK"},"searchOpenDialogs":true,"interaction":{"idSuffix":"inner"}},"wdio_ui5_key":"sapm.Button{\"text\":\"OK\"}"}]}
RESULT: {"script":"<script> [1562 bytes]","args":[{"selector":{"controlType":"sap.m.Button","properties":{"text":"OK"},"searchOpenDialogs":true,"interaction":{"idSuffix":"inner"}},"wdio_ui5_key":"sapm.Button{\"text\":\"OK\"}"}]}
RESULT: undefined
COMMAND: POST /session/5ddd57591a494e04841521b2f73ce0e1/element - {"using":"xpath","value":"//*[@id=\"__mbox-btn-0\"]"}
RESULT: {"using":"xpath","value":"//*[@id=\"__mbox-btn-0\"]"}
COMMAND: POST /session/5ddd57591a494e04841521b2f73ce0e1/element/f.76BD0702E8726841DC63080813E8F96A.d.76B72AC71DB3677FC64007FD1AE03B23.e.18037/click - {}
RESULT: {}
COMMAND: GET /session/5ddd57591a494e04841521b2f73ce0e1/screenshot - {}
RESULT: {}
COMMAND: POST /session/5ddd57591a494e04841521b2f73ce0e1/element - {"using":"xpath","value":"//button[contains(@data-kt ,\"execHoIssueFooterButton\")]"}
RESULT: {"using":"xpath","value":"//button[contains(@data-kt ,\"execHoIssueFooterButton\")]"}
COMMAND: POST /session/5ddd57591a494e04841521b2f73ce0e1/element/f.76BD0702E8726841DC63080813E8F96A.d.76B72AC71DB3677FC64007FD1AE03B23.e.18040/click - {}
RESULT: {}
COMMAND: GET /session/5ddd57591a494e04841521b2f73ce0e1/screenshot - {}
RESULT: {}
COMMAND: POST /session/5ddd57591a494e04841521b2f73ce0e1/refresh - {}
RESULT: {}
COMMAND: GET /session/5ddd57591a494e04841521b2f73ce0e1/screenshot - {}
RESULT: {}
COMMAND: POST /session/5ddd57591a494e04841521b2f73ce0e1/refresh - {}
RESULT: {}
COMMAND: GET /session/5ddd57591a494e04841521b2f73ce0e1/screenshot - {}
RESULT: {}
COMMAND: POST /session/5ddd57591a494e04841521b2f73ce0e1/window/fullscreen - {}
RESULT: {}
COMMAND: POST /session/5ddd57591a494e04841521b2f73ce0e1/execute/async - {"script":"<script> [189 bytes]","args":[]}
RESULT: {"script":"<script> [189 bytes]","args":[]}
COMMAND: POST /session/5ddd57591a494e04841521b2f73ce0e1/execute/async - {"script":"<script> [123 bytes]","args":[]}
RESULT: {"script":"<script> [123 bytes]","args":[]}
COMMAND: POST /session/5ddd57591a494e04841521b2f73ce0e1/timeouts - {"script":"<number>"}
RESULT: {"script":"<number>"}
COMMAND: GET /session/5ddd57591a494e04841521b2f73ce0e1/timeouts - {}
RESULT: {}
RESULT: undefined
COMMAND: POST /session/5ddd57591a494e04841521b2f73ce0e1/execute/async - {"script":"<script> [2676 bytes]","args":[]}
RESULT: {"script":"<script> [2676 bytes]","args":[]}
COMMAND: POST /session/5ddd57591a494e04841521b2f73ce0e1/execute/async - {"script":"<script> [2342 bytes]","args":[{"protocol":"http","hostname":"0.0.0.0","path":"/","capabilities":{"browserName":"chrome","goog:chromeOptions":{"binary":"C:\\Program Files\\Google\\Chrome\\Application\\chrome.exe","args":["--start-maximized"]}},"logLevel":"warn","connectionRetryTimeout":120000,"connectionRetryCount":3,"logLevels":{},"enableDirectConnect":true,"strictSSL":true,"_":"65 more keys: [\"cacheDir\",\"port\",\"requestedCapabilities\",\"automationProtocol\",\"baseUrl\",\"waitforInterval\",\"waitforTimeout\",\"onReload\",\"beforeCommand\",\"afterCommand\",\"rootDir\",\"specs\",\"suites\",\"exclude\",\"groupLogsByTestSpec\",\"excludeDriverLogs\",\"bail\",\"framework\",\"reporters\",\"services\",\"maxInstances\",\"maxInstancesPerCapability\",\"injectGlobals\",\"filesToWatch\",\"execArgv\",\"runnerEnv\",\"runner\",\"shard\",\"specFileRetries\",\"specFileRetriesDelay\",\"specFileRetriesDeferred\",\"reporterSyncInterval\",\"reporterSyncTimeout\",\"cucumberFeaturesWithLineNumbers\",\"autoCompileOpts\",\"mochaOpts\",\"jasmineOpts\",\"cucumberOpts\",\"onPrepare\",\"onWorkerStart\",\"onWorkerEnd\",\"before\",\"beforeSession\",\"beforeSuite\",\"beforeHook\",\"beforeTest\",\"afterTest\",\"afterHook\",\"afterSuite\",\"afterSession\",\"after\",\"onComplete\",\"beforeAssertion\",\"afterAssertion\",\"beforeFeature\",\"beforeScenario\",\"beforeStep\",\"afterStep\",\"afterScenario\",\"afterFeature\",\"_\",\"suite\",\"$0\",\"ignoredWorkerServices\",\"wdi5\"]"}]}
RESULT: {"script":"<script> [2342 bytes]","args":[{"protocol":"http","hostname":"0.0.0.0","path":"/","capabilities":{"browserName":"chrome","goog:chromeOptions":{"binary":"C:\\Program Files\\Google\\Chrome\\Application\\chrome.exe","args":["--start-maximized"]}},"logLevel":"warn","connectionRetryTimeout":120000,"connectionRetryCount":3,"logLevels":{},"enableDirectConnect":true,"strictSSL":true,"_":"65 more keys: [\"cacheDir\",\"port\",\"requestedCapabilities\",\"automationProtocol\",\"baseUrl\",\"waitforInterval\",\"waitforTimeout\",\"onReload\",\"beforeCommand\",\"afterCommand\",\"rootDir\",\"specs\",\"suites\",\"exclude\",\"groupLogsByTestSpec\",\"excludeDriverLogs\",\"bail\",\"framework\",\"reporters\",\"services\",\"maxInstances\",\"maxInstancesPerCapability\",\"injectGlobals\",\"filesToWatch\",\"execArgv\",\"runnerEnv\",\"runner\",\"shard\",\"specFileRetries\",\"specFileRetriesDelay\",\"specFileRetriesDeferred\",\"reporterSyncInterval\",\"reporterSyncTimeout\",\"cucumberFeaturesWithLineNumbers\",\"autoCompileOpts\",\"mochaOpts\",\"jasmineOpts\",\"cucumberOpts\",\"onPrepare\",\"onWorkerStart\",\"onWorkerEnd\",\"before\",\"beforeSession\",\"beforeSuite\",\"beforeHook\",\"beforeTest\",\"afterTest\",\"afterHook\",\"afterSuite\",\"afterSession\",\"after\",\"onComplete\",\"beforeAssertion\",\"afterAssertion\",\"beforeFeature\",\"beforeScenario\",\"beforeStep\",\"afterStep\",\"afterScenario\",\"afterFeature\",\"_\",\"suite\",\"$0\",\"ignoredWorkerServices\",\"wdi5\"]"}]}
COMMAND: POST /session/5ddd57591a494e04841521b2f73ce0e1/execute/async - {"script":"<script> [21126 bytes]","args":[35000]}
RESULT: {"script":"<script> [21126 bytes]","args":[35000]}
COMMAND: POST /session/5ddd57591a494e04841521b2f73ce0e1/execute/async - {"script":"<script> [1562 bytes]","args":[{"selector":{"controlType":"sap.m.SearchField","viewName":"etm.portal.ui.managehandovers.view.MasterHO","bindingPath":{"path":"","propertyPath":"/_BASIC_SEARCH_FIELD","modelName":"fi1t3rM0d31"},"interaction":{"idSuffix":"I"}},"wdio_ui5_key":"etmportal.ui.managehandovers.view.MasterHOsap.m.SearchField{\"path\":\"\",\"propertyPath\":\"/_BASIC_SEARCH_FIELD\",\"modelName\":\"fi1t3rM0d31\"}"}]}
RESULT: {"script":"<script> [1562 bytes]","args":[{"selector":{"controlType":"sap.m.SearchField","viewName":"etm.portal.ui.managehandovers.view.MasterHO","bindingPath":{"path":"","propertyPath":"/_BASIC_SEARCH_FIELD","modelName":"fi1t3rM0d31"},"interaction":{"idSuffix":"I"}},"wdio_ui5_key":"etmportal.ui.managehandovers.view.MasterHOsap.m.SearchField{\"path\":\"\",\"propertyPath\":\"/_BASIC_SEARCH_FIELD\",\"modelName\":\"fi1t3rM0d31\"}"}]}
RESULT: undefined
COMMAND: POST /session/5ddd57591a494e04841521b2f73ce0e1/execute/async - {"script":"<script> [776 bytes]","args":[{"enterText":"30923","selector":{"controlType":"sap.m.SearchField","viewName":"etm.portal.ui.managehandovers.view.MasterHO","bindingPath":{"path":"","propertyPath":"/_BASIC_SEARCH_FIELD","modelName":"fi1t3rM0d31"},"interaction":{"idSuffix":"I"}},"clearTextFirst":true,"interactionType":"ENTER_TEXT"}]}
RESULT: {"script":"<script> [776 bytes]","args":[{"enterText":"30923","selector":{"controlType":"sap.m.SearchField","viewName":"etm.portal.ui.managehandovers.view.MasterHO","bindingPath":{"path":"","propertyPath":"/_BASIC_SEARCH_FIELD","modelName":"fi1t3rM0d31"},"interaction":{"idSuffix":"I"}},"clearTextFirst":true,"interactionType":"ENTER_TEXT"}]}
COMMAND: POST /session/5ddd57591a494e04841521b2f73ce0e1/actions - {"actions":[{"id":"action86","type":"key","parameters":{},"actions":[{"type":"keyDown","value":"î€‡"},{"type":"pause","duration":10},{"type":"keyUp","value":"î€‡"}]}]}
RESULT: {"actions":[{"id":"action86","type":"key","parameters":{},"actions":[{"type":"keyDown","value":"î€‡"},{"type":"pause","duration":10},{"type":"keyUp","value":"î€‡"}]}]}
COMMAND: GET /session/5ddd57591a494e04841521b2f73ce0e1/screenshot - {}
RESULT: {}
COMMAND: POST /session/5ddd57591a494e04841521b2f73ce0e1/execute/async - {"script":"<script> [1562 bytes]","args":[{"selector":{"controlType":"sap.m.Title","viewName":"etm.portal.ui.managehandovers.view.MasterHO","properties":{"text":"Records (1)"}},"wdio_ui5_key":"etmportal.ui.managehandovers.view.MasterHOsap.m.Title{\"text\":\"Records (1)\"}"}]}
RESULT: {"script":"<script> [1562 bytes]","args":[{"selector":{"controlType":"sap.m.Title","viewName":"etm.portal.ui.managehandovers.view.MasterHO","properties":{"text":"Records (1)"}},"wdio_ui5_key":"etmportal.ui.managehandovers.view.MasterHOsap.m.Title{\"text\":\"Records (1)\"}"}]}
RESULT: undefined
COMMAND: POST /session/5ddd57591a494e04841521b2f73ce0e1/execute/async - {"script":"<script> [6424 bytes]","args":[{"element-6066-11e4-a52e-4f735466cecf":"f.76BD0702E8726841DC63080813E8F96A.d.70DBC8DDA243E8C4F084219E857589C1.e.18224"},"getText",[]]}
RESULT: {"script":"<script> [6424 bytes]","args":[{"element-6066-11e4-a52e-4f735466cecf":"f.76BD0702E8726841DC63080813E8F96A.d.70DBC8DDA243E8C4F084219E857589C1.e.18224"},"getText",[]]}
COMMAND: POST /session/5ddd57591a494e04841521b2f73ce0e1/execute/async - {"script":"<script> [1562 bytes]","args":[{"selector":{"controlType":"sap.ui.core.Icon","viewName":"etm.portal.ui.managehandovers.view.MasterHO","properties":{"src":{"regex":{"source":"slim\\-arrow\\-right"}}}},"wdio_ui5_key":"etmportal.ui.managehandovers.view.MasterHOsap.ui.core.Icon{\"src\":{\"regex\":{\"source\":\"slim\\\\-arrow\\\\-right\"}}}"}]}
RESULT: {"script":"<script> [1562 bytes]","args":[{"selector":{"controlType":"sap.ui.core.Icon","viewName":"etm.portal.ui.managehandovers.view.MasterHO","properties":{"src":{"regex":{"source":"slim\\-arrow\\-right"}}}},"wdio_ui5_key":"etmportal.ui.managehandovers.view.MasterHOsap.ui.core.Icon{\"src\":{\"regex\":{\"source\":\"slim\\\\-arrow\\\\-right\"}}}"}]}
RESULT: undefined
COMMAND: POST /session/5ddd57591a494e04841521b2f73ce0e1/element - {"using":"xpath","value":"//*[@id=\"__item27-__clone17-imgNav\"]"}
RESULT: {"using":"xpath","value":"//*[@id=\"__item27-__clone17-imgNav\"]"}
COMMAND: POST /session/5ddd57591a494e04841521b2f73ce0e1/element/f.76BD0702E8726841DC63080813E8F96A.d.70DBC8DDA243E8C4F084219E857589C1.e.18223/click - {}
RESULT: {}
COMMAND: GET /session/5ddd57591a494e04841521b2f73ce0e1/screenshot - {}
RESULT: {}
COMMAND: POST /session/5ddd57591a494e04841521b2f73ce0e1/execute/async - {"script":"<script> [1562 bytes]","args":[{"selector":{"controlType":"sap.m.ObjectStatus","viewName":"etm.portal.ui.managehandovers.view.DetailExecuteHO","labelFor":{"text":"Status"}},"wdio_ui5_key":"etmportal.ui.managehandovers.view.DetailExecuteHOsap.m.ObjectStatus{\"text\":\"Status\"}"}]}
RESULT: {"script":"<script> [1562 bytes]","args":[{"selector":{"controlType":"sap.m.ObjectStatus","viewName":"etm.portal.ui.managehandovers.view.DetailExecuteHO","labelFor":{"text":"Status"}},"wdio_ui5_key":"etmportal.ui.managehandovers.view.DetailExecuteHOsap.m.ObjectStatus{\"text\":\"Status\"}"}]}
RESULT: undefined
COMMAND: POST /session/5ddd57591a494e04841521b2f73ce0e1/execute/async - {"script":"<script> [6424 bytes]","args":[{"element-6066-11e4-a52e-4f735466cecf":"f.76BD0702E8726841DC63080813E8F96A.d.70DBC8DDA243E8C4F084219E857589C1.e.18322"},"getText",[]]}
RESULT: {"script":"<script> [6424 bytes]","args":[{"element-6066-11e4-a52e-4f735466cecf":"f.76BD0702E8726841DC63080813E8F96A.d.70DBC8DDA243E8C4F084219E857589C1.e.18322"},"getText",[]]}
COMMAND: POST /session/5ddd57591a494e04841521b2f73ce0e1/execute/async - {"script":"<script> [1562 bytes]","args":[{"selector":{"controlType":"sap.m.Button","viewName":"etm.portal.ui.managehandovers.view.DetailExecuteHO","i18NText":{"propertyName":"text","key":"confirmAll"},"interaction":{"idSuffix":"BDI-content"}},"wdio_ui5_key":"etmportal.ui.managehandovers.view.DetailExecuteHOsap.m.Button{\"propertyName\":\"text\",\"key\":\"confirmAll\"}"}]}
RESULT: {"script":"<script> [1562 bytes]","args":[{"selector":{"controlType":"sap.m.Button","viewName":"etm.portal.ui.managehandovers.view.DetailExecuteHO","i18NText":{"propertyName":"text","key":"confirmAll"},"interaction":{"idSuffix":"BDI-content"}},"wdio_ui5_key":"etmportal.ui.managehandovers.view.DetailExecuteHOsap.m.Button{\"propertyName\":\"text\",\"key\":\"confirmAll\"}"}]}
RESULT: undefined
COMMAND: POST /session/5ddd57591a494e04841521b2f73ce0e1/element - {"using":"xpath","value":"//*[@id=\"__button30\"]"}
RESULT: {"using":"xpath","value":"//*[@id=\"__button30\"]"}
COMMAND: POST /session/5ddd57591a494e04841521b2f73ce0e1/element/f.76BD0702E8726841DC63080813E8F96A.d.70DBC8DDA243E8C4F084219E857589C1.e.18324/click - {}
RESULT: {}
COMMAND: GET /session/5ddd57591a494e04841521b2f73ce0e1/screenshot - {}
RESULT: {}
COMMAND: POST /session/5ddd57591a494e04841521b2f73ce0e1/execute/async - {"script":"<script> [1562 bytes]","args":[{"selector":{"controlType":"sap.m.Button","properties":{"text":"OK"},"searchOpenDialogs":true,"interaction":{"idSuffix":"BDI-content"}},"wdio_ui5_key":"sapm.Button{\"text\":\"OK\"}"}]}
RESULT: {"script":"<script> [1562 bytes]","args":[{"selector":{"controlType":"sap.m.Button","properties":{"text":"OK"},"searchOpenDialogs":true,"interaction":{"idSuffix":"BDI-content"}},"wdio_ui5_key":"sapm.Button{\"text\":\"OK\"}"}]}
RESULT: undefined
COMMAND: POST /session/5ddd57591a494e04841521b2f73ce0e1/element - {"using":"xpath","value":"//*[@id=\"__mbox-btn-0\"]"}
RESULT: {"using":"xpath","value":"//*[@id=\"__mbox-btn-0\"]"}
COMMAND: POST /session/5ddd57591a494e04841521b2f73ce0e1/element/f.76BD0702E8726841DC63080813E8F96A.d.70DBC8DDA243E8C4F084219E857589C1.e.18325/click - {}
RESULT: {}
COMMAND: GET /session/5ddd57591a494e04841521b2f73ce0e1/screenshot - {}
RESULT: {}
COMMAND: POST /session/5ddd57591a494e04841521b2f73ce0e1/element - {"using":"xpath","value":"//button[contains(@data-kt ,\"execHoReceiveFooterButton\")]"}
RESULT: {"using":"xpath","value":"//button[contains(@data-kt ,\"execHoReceiveFooterButton\")]"}
COMMAND: POST /session/5ddd57591a494e04841521b2f73ce0e1/element/f.76BD0702E8726841DC63080813E8F96A.d.70DBC8DDA243E8C4F084219E857589C1.e.18281/click - {}
RESULT: {}
COMMAND: GET /session/5ddd57591a494e04841521b2f73ce0e1/screenshot - {}
RESULT: {}
COMMAND: POST /session/5ddd57591a494e04841521b2f73ce0e1/refresh - {}
RESULT: {}
COMMAND: GET /session/5ddd57591a494e04841521b2f73ce0e1/screenshot - {}
RESULT: {}
COMMAND: POST /session/5ddd57591a494e04841521b2f73ce0e1/refresh - {}
RESULT: {}
COMMAND: GET /session/5ddd57591a494e04841521b2f73ce0e1/screenshot - {}
RESULT: {}
COMMAND: POST /session/5ddd57591a494e04841521b2f73ce0e1/window/fullscreen - {}
RESULT: {}
COMMAND: POST /session/5ddd57591a494e04841521b2f73ce0e1/execute/async - {"script":"<script> [189 bytes]","args":[]}
RESULT: {"script":"<script> [189 bytes]","args":[]}
COMMAND: POST /session/5ddd57591a494e04841521b2f73ce0e1/execute/async - {"script":"<script> [123 bytes]","args":[]}
RESULT: {"script":"<script> [123 bytes]","args":[]}
COMMAND: POST /session/5ddd57591a494e04841521b2f73ce0e1/timeouts - {"script":"<number>"}
RESULT: {"script":"<number>"}
COMMAND: GET /session/5ddd57591a494e04841521b2f73ce0e1/timeouts - {}
RESULT: {}
RESULT: undefined
COMMAND: POST /session/5ddd57591a494e04841521b2f73ce0e1/execute/async - {"script":"<script> [2676 bytes]","args":[]}
RESULT: {"script":"<script> [2676 bytes]","args":[]}
COMMAND: POST /session/5ddd57591a494e04841521b2f73ce0e1/execute/async - {"script":"<script> [2342 bytes]","args":[{"protocol":"http","hostname":"0.0.0.0","path":"/","capabilities":{"browserName":"chrome","goog:chromeOptions":{"binary":"C:\\Program Files\\Google\\Chrome\\Application\\chrome.exe","args":["--start-maximized"]}},"logLevel":"warn","connectionRetryTimeout":120000,"connectionRetryCount":3,"logLevels":{},"enableDirectConnect":true,"strictSSL":true,"_":"65 more keys: [\"cacheDir\",\"port\",\"requestedCapabilities\",\"automationProtocol\",\"baseUrl\",\"waitforInterval\",\"waitforTimeout\",\"onReload\",\"beforeCommand\",\"afterCommand\",\"rootDir\",\"specs\",\"suites\",\"exclude\",\"groupLogsByTestSpec\",\"excludeDriverLogs\",\"bail\",\"framework\",\"reporters\",\"services\",\"maxInstances\",\"maxInstancesPerCapability\",\"injectGlobals\",\"filesToWatch\",\"execArgv\",\"runnerEnv\",\"runner\",\"shard\",\"specFileRetries\",\"specFileRetriesDelay\",\"specFileRetriesDeferred\",\"reporterSyncInterval\",\"reporterSyncTimeout\",\"cucumberFeaturesWithLineNumbers\",\"autoCompileOpts\",\"mochaOpts\",\"jasmineOpts\",\"cucumberOpts\",\"onPrepare\",\"onWorkerStart\",\"onWorkerEnd\",\"before\",\"beforeSession\",\"beforeSuite\",\"beforeHook\",\"beforeTest\",\"afterTest\",\"afterHook\",\"afterSuite\",\"afterSession\",\"after\",\"onComplete\",\"beforeAssertion\",\"afterAssertion\",\"beforeFeature\",\"beforeScenario\",\"beforeStep\",\"afterStep\",\"afterScenario\",\"afterFeature\",\"_\",\"suite\",\"$0\",\"ignoredWorkerServices\",\"wdi5\"]"}]}
RESULT: {"script":"<script> [2342 bytes]","args":[{"protocol":"http","hostname":"0.0.0.0","path":"/","capabilities":{"browserName":"chrome","goog:chromeOptions":{"binary":"C:\\Program Files\\Google\\Chrome\\Application\\chrome.exe","args":["--start-maximized"]}},"logLevel":"warn","connectionRetryTimeout":120000,"connectionRetryCount":3,"logLevels":{},"enableDirectConnect":true,"strictSSL":true,"_":"65 more keys: [\"cacheDir\",\"port\",\"requestedCapabilities\",\"automationProtocol\",\"baseUrl\",\"waitforInterval\",\"waitforTimeout\",\"onReload\",\"beforeCommand\",\"afterCommand\",\"rootDir\",\"specs\",\"suites\",\"exclude\",\"groupLogsByTestSpec\",\"excludeDriverLogs\",\"bail\",\"framework\",\"reporters\",\"services\",\"maxInstances\",\"maxInstancesPerCapability\",\"injectGlobals\",\"filesToWatch\",\"execArgv\",\"runnerEnv\",\"runner\",\"shard\",\"specFileRetries\",\"specFileRetriesDelay\",\"specFileRetriesDeferred\",\"reporterSyncInterval\",\"reporterSyncTimeout\",\"cucumberFeaturesWithLineNumbers\",\"autoCompileOpts\",\"mochaOpts\",\"jasmineOpts\",\"cucumberOpts\",\"onPrepare\",\"onWorkerStart\",\"onWorkerEnd\",\"before\",\"beforeSession\",\"beforeSuite\",\"beforeHook\",\"beforeTest\",\"afterTest\",\"afterHook\",\"afterSuite\",\"afterSession\",\"after\",\"onComplete\",\"beforeAssertion\",\"afterAssertion\",\"beforeFeature\",\"beforeScenario\",\"beforeStep\",\"afterStep\",\"afterScenario\",\"afterFeature\",\"_\",\"suite\",\"$0\",\"ignoredWorkerServices\",\"wdi5\"]"}]}
COMMAND: POST /session/5ddd57591a494e04841521b2f73ce0e1/execute/async - {"script":"<script> [21126 bytes]","args":[35000]}
RESULT: {"script":"<script> [21126 bytes]","args":[35000]}
COMMAND: POST /session/5ddd57591a494e04841521b2f73ce0e1/execute/async - {"script":"<script> [1562 bytes]","args":[{"selector":{"controlType":"sap.m.SearchField","viewName":"etm.portal.ui.managehandovers.view.MasterHO","bindingPath":{"path":"","propertyPath":"/_BASIC_SEARCH_FIELD","modelName":"fi1t3rM0d31"},"interaction":{"idSuffix":"I"}},"wdio_ui5_key":"etmportal.ui.managehandovers.view.MasterHOsap.m.SearchField{\"path\":\"\",\"propertyPath\":\"/_BASIC_SEARCH_FIELD\",\"modelName\":\"fi1t3rM0d31\"}"}]}
RESULT: {"script":"<script> [1562 bytes]","args":[{"selector":{"controlType":"sap.m.SearchField","viewName":"etm.portal.ui.managehandovers.view.MasterHO","bindingPath":{"path":"","propertyPath":"/_BASIC_SEARCH_FIELD","modelName":"fi1t3rM0d31"},"interaction":{"idSuffix":"I"}},"wdio_ui5_key":"etmportal.ui.managehandovers.view.MasterHOsap.m.SearchField{\"path\":\"\",\"propertyPath\":\"/_BASIC_SEARCH_FIELD\",\"modelName\":\"fi1t3rM0d31\"}"}]}
RESULT: undefined
COMMAND: POST /session/5ddd57591a494e04841521b2f73ce0e1/execute/async - {"script":"<script> [776 bytes]","args":[{"enterText":"30923","selector":{"controlType":"sap.m.SearchField","viewName":"etm.portal.ui.managehandovers.view.MasterHO","bindingPath":{"path":"","propertyPath":"/_BASIC_SEARCH_FIELD","modelName":"fi1t3rM0d31"},"interaction":{"idSuffix":"I"}},"clearTextFirst":true,"interactionType":"ENTER_TEXT"}]}
RESULT: {"script":"<script> [776 bytes]","args":[{"enterText":"30923","selector":{"controlType":"sap.m.SearchField","viewName":"etm.portal.ui.managehandovers.view.MasterHO","bindingPath":{"path":"","propertyPath":"/_BASIC_SEARCH_FIELD","modelName":"fi1t3rM0d31"},"interaction":{"idSuffix":"I"}},"clearTextFirst":true,"interactionType":"ENTER_TEXT"}]}
COMMAND: POST /session/5ddd57591a494e04841521b2f73ce0e1/actions - {"actions":[{"id":"action87","type":"key","parameters":{},"actions":[{"type":"keyDown","value":"î€‡"},{"type":"pause","duration":10},{"type":"keyUp","value":"î€‡"}]}]}
RESULT: {"actions":[{"id":"action87","type":"key","parameters":{},"actions":[{"type":"keyDown","value":"î€‡"},{"type":"pause","duration":10},{"type":"keyUp","value":"î€‡"}]}]}
COMMAND: GET /session/5ddd57591a494e04841521b2f73ce0e1/screenshot - {}
RESULT: {}
COMMAND: POST /session/5ddd57591a494e04841521b2f73ce0e1/execute/async - {"script":"<script> [1562 bytes]","args":[{"selector":{"controlType":"sap.m.Title","viewName":"etm.portal.ui.managehandovers.view.MasterHO","properties":{"text":"Records (1)"}},"wdio_ui5_key":"etmportal.ui.managehandovers.view.MasterHOsap.m.Title{\"text\":\"Records (1)\"}"}]}
RESULT: {"script":"<script> [1562 bytes]","args":[{"selector":{"controlType":"sap.m.Title","viewName":"etm.portal.ui.managehandovers.view.MasterHO","properties":{"text":"Records (1)"}},"wdio_ui5_key":"etmportal.ui.managehandovers.view.MasterHOsap.m.Title{\"text\":\"Records (1)\"}"}]}
RESULT: undefined
COMMAND: POST /session/5ddd57591a494e04841521b2f73ce0e1/execute/async - {"script":"<script> [6424 bytes]","args":[{"element-6066-11e4-a52e-4f735466cecf":"f.76BD0702E8726841DC63080813E8F96A.d.FEC53867A3B7467368153BB09DA62273.e.18511"},"getText",[]]}
RESULT: {"script":"<script> [6424 bytes]","args":[{"element-6066-11e4-a52e-4f735466cecf":"f.76BD0702E8726841DC63080813E8F96A.d.FEC53867A3B7467368153BB09DA62273.e.18511"},"getText",[]]}
COMMAND: POST /session/5ddd57591a494e04841521b2f73ce0e1/execute/async - {"script":"<script> [1562 bytes]","args":[{"selector":{"controlType":"sap.ui.core.Icon","viewName":"etm.portal.ui.managehandovers.view.MasterHO","properties":{"src":{"regex":{"source":"slim\\-arrow\\-right"}}}},"wdio_ui5_key":"etmportal.ui.managehandovers.view.MasterHOsap.ui.core.Icon{\"src\":{\"regex\":{\"source\":\"slim\\\\-arrow\\\\-right\"}}}"}]}
RESULT: {"script":"<script> [1562 bytes]","args":[{"selector":{"controlType":"sap.ui.core.Icon","viewName":"etm.portal.ui.managehandovers.view.MasterHO","properties":{"src":{"regex":{"source":"slim\\-arrow\\-right"}}}},"wdio_ui5_key":"etmportal.ui.managehandovers.view.MasterHOsap.ui.core.Icon{\"src\":{\"regex\":{\"source\":\"slim\\\\-arrow\\\\-right\"}}}"}]}
RESULT: undefined
COMMAND: POST /session/5ddd57591a494e04841521b2f73ce0e1/element - {"using":"xpath","value":"//*[@id=\"__item27-__clone17-imgNav\"]"}
RESULT: {"using":"xpath","value":"//*[@id=\"__item27-__clone17-imgNav\"]"}
COMMAND: POST /session/5ddd57591a494e04841521b2f73ce0e1/element/f.76BD0702E8726841DC63080813E8F96A.d.FEC53867A3B7467368153BB09DA62273.e.18510/click - {}
RESULT: {}
COMMAND: GET /session/5ddd57591a494e04841521b2f73ce0e1/screenshot - {}
RESULT: {}
COMMAND: POST /session/5ddd57591a494e04841521b2f73ce0e1/execute/async - {"script":"<script> [1562 bytes]","args":[{"selector":{"controlType":"sap.m.ObjectStatus","viewName":"etm.portal.ui.managehandovers.view.DetailManageHO","viewId":"application-managehandovers-display-component---detailManageHO","labelFor":{"text":"Status"}},"wdio_ui5_key":"etmportal.ui.managehandovers.view.DetailManageHOsap.m.ObjectStatus{\"text\":\"Status\"}"}]}
RESULT: {"script":"<script> [1562 bytes]","args":[{"selector":{"controlType":"sap.m.ObjectStatus","viewName":"etm.portal.ui.managehandovers.view.DetailManageHO","viewId":"application-managehandovers-display-component---detailManageHO","labelFor":{"text":"Status"}},"wdio_ui5_key":"etmportal.ui.managehandovers.view.DetailManageHOsap.m.ObjectStatus{\"text\":\"Status\"}"}]}
RESULT: undefined
COMMAND: POST /session/5ddd57591a494e04841521b2f73ce0e1/execute/async - {"script":"<script> [6424 bytes]","args":[{"element-6066-11e4-a52e-4f735466cecf":"f.76BD0702E8726841DC63080813E8F96A.d.FEC53867A3B7467368153BB09DA62273.e.18602"},"getText",[]]}
RESULT: {"script":"<script> [6424 bytes]","args":[{"element-6066-11e4-a52e-4f735466cecf":"f.76BD0702E8726841DC63080813E8F96A.d.FEC53867A3B7467368153BB09DA62273.e.18602"},"getText",[]]}
COMMAND: POST /session/5ddd57591a494e04841521b2f73ce0e1/element - {"using":"xpath","value":"//a[contains(@data-kt ,\"GeneralSectionReceiveContracttLink\")]"}
RESULT: {"using":"xpath","value":"//a[contains(@data-kt ,\"GeneralSectionReceiveContracttLink\")]"}
COMMAND: POST /session/5ddd57591a494e04841521b2f73ce0e1/element/f.76BD0702E8726841DC63080813E8F96A.d.FEC53867A3B7467368153BB09DA62273.e.18603/click - {}
RESULT: {}
COMMAND: GET /session/5ddd57591a494e04841521b2f73ce0e1/screenshot - {}
RESULT: {}
COMMAND: POST /session/5ddd57591a494e04841521b2f73ce0e1/element - {"using":"xpath","value":"//a[contains(@data-kt ,\"ContextMenuId2Link\")]"}
RESULT: {"using":"xpath","value":"//a[contains(@data-kt ,\"ContextMenuId2Link\")]"}
COMMAND: POST /session/5ddd57591a494e04841521b2f73ce0e1/element/f.76BD0702E8726841DC63080813E8F96A.d.FEC53867A3B7467368153BB09DA62273.e.18606/click - {}
RESULT: {}
COMMAND: GET /session/5ddd57591a494e04841521b2f73ce0e1/screenshot - {}
RESULT: {}
COMMAND: POST /session/5ddd57591a494e04841521b2f73ce0e1/execute/async - {"script":"<script> [1562 bytes]","args":[{"selector":{"controlType":"sap.m.ObjectStatus","viewName":"etm.portal.ui.managecontracts.view.Detail","bindingPath":{"propertyPath":"LINK_TO_LOGISTICAL_STATUS/DESCRIPTION","modelName":"catalogModel"}},"wdio_ui5_key":"etmportal.ui.managecontracts.view.Detailsap.m.ObjectStatus{\"propertyPath\":\"LINK_TO_LOGISTICAL_STATUS/DESCRIPTION\",\"modelName\":\"catalogModel\"}"}]}
RESULT: {"script":"<script> [1562 bytes]","args":[{"selector":{"controlType":"sap.m.ObjectStatus","viewName":"etm.portal.ui.managecontracts.view.Detail","bindingPath":{"propertyPath":"LINK_TO_LOGISTICAL_STATUS/DESCRIPTION","modelName":"catalogModel"}},"wdio_ui5_key":"etmportal.ui.managecontracts.view.Detailsap.m.ObjectStatus{\"propertyPath\":\"LINK_TO_LOGISTICAL_STATUS/DESCRIPTION\",\"modelName\":\"catalogModel\"}"}]}
RESULT: undefined
COMMAND: POST /session/5ddd57591a494e04841521b2f73ce0e1/execute/async - {"script":"<script> [6424 bytes]","args":[{"element-6066-11e4-a52e-4f735466cecf":"f.76BD0702E8726841DC63080813E8F96A.d.FEC53867A3B7467368153BB09DA62273.e.18841"},"getText",[]]}
RESULT: {"script":"<script> [6424 bytes]","args":[{"element-6066-11e4-a52e-4f735466cecf":"f.76BD0702E8726841DC63080813E8F96A.d.FEC53867A3B7467368153BB09DA62273.e.18841"},"getText",[]]}
COMMAND: POST /session/5ddd57591a494e04841521b2f73ce0e1/execute/async - {"script":"<script> [1562 bytes]","args":[{"selector":{"controlType":"sap.m.ObjectStatus","viewName":"etm.portal.ui.managecontracts.view.Detail","bindingPath":{"propertyPath":"LINK_TO_COMMERCIAL_STATUS/DESCRIPTION","modelName":"catalogModel"}},"wdio_ui5_key":"etmportal.ui.managecontracts.view.Detailsap.m.ObjectStatus{\"propertyPath\":\"LINK_TO_COMMERCIAL_STATUS/DESCRIPTION\",\"modelName\":\"catalogModel\"}"}]}
RESULT: {"script":"<script> [1562 bytes]","args":[{"selector":{"controlType":"sap.m.ObjectStatus","viewName":"etm.portal.ui.managecontracts.view.Detail","bindingPath":{"propertyPath":"LINK_TO_COMMERCIAL_STATUS/DESCRIPTION","modelName":"catalogModel"}},"wdio_ui5_key":"etmportal.ui.managecontracts.view.Detailsap.m.ObjectStatus{\"propertyPath\":\"LINK_TO_COMMERCIAL_STATUS/DESCRIPTION\",\"modelName\":\"catalogModel\"}"}]}
RESULT: undefined
COMMAND: POST /session/5ddd57591a494e04841521b2f73ce0e1/execute/async - {"script":"<script> [6424 bytes]","args":[{"element-6066-11e4-a52e-4f735466cecf":"f.76BD0702E8726841DC63080813E8F96A.d.FEC53867A3B7467368153BB09DA62273.e.18842"},"getText",[]]}
RESULT: {"script":"<script> [6424 bytes]","args":[{"element-6066-11e4-a52e-4f735466cecf":"f.76BD0702E8726841DC63080813E8F96A.d.FEC53867A3B7467368153BB09DA62273.e.18842"},"getText",[]]}
]]></system-out>
    </testcase>
    <testcase classname="chrome.137_0_7151_56.windows.E2E_-_Logistical_and_commercial_statuses" name="It should follow the handover steps to the status fully returned" time="259.921">
      <system-out><![CDATA[
COMMAND: POST /session/5ddd57591a494e04841521b2f73ce0e1/execute/async - {"script":"<script> [1562 bytes]","args":[{"selector":{"id":"contractDetailReturnButton","viewName":"etm.portal.ui.managecontracts.view.Detail","interaction":{"idSuffix":"BDI-content"}},"wdio_ui5_key":"contractDetailReturnButtonetmportal.ui.managecontracts.view.Detail"}]}
RESULT: {"script":"<script> [1562 bytes]","args":[{"selector":{"id":"contractDetailReturnButton","viewName":"etm.portal.ui.managecontracts.view.Detail","interaction":{"idSuffix":"BDI-content"}},"wdio_ui5_key":"contractDetailReturnButtonetmportal.ui.managecontracts.view.Detail"}]}
RESULT: undefined
COMMAND: POST /session/5ddd57591a494e04841521b2f73ce0e1/element - {"using":"xpath","value":"//*[@id=\"__xmlview2--contractDetailReturnButton\"]"}
RESULT: {"using":"xpath","value":"//*[@id=\"__xmlview2--contractDetailReturnButton\"]"}
COMMAND: POST /session/5ddd57591a494e04841521b2f73ce0e1/element/f.76BD0702E8726841DC63080813E8F96A.d.FEC53867A3B7467368153BB09DA62273.e.18706/click - {}
RESULT: {}
COMMAND: POST /session/5ddd57591a494e04841521b2f73ce0e1/execute/async - {"script":"<script> [1562 bytes]","args":[{"selector":{"id":"application-managehandovers-display-component---AddNewHO--dueDate","interaction":{"idSuffix":"inner"}},"wdio_ui5_key":"applicationmanagehandovers-display-component---AddNewHO--dueDate"}]}
COMMAND: GET /session/5ddd57591a494e04841521b2f73ce0e1/screenshot - {}
RESULT: {"script":"<script> [1562 bytes]","args":[{"selector":{"id":"application-managehandovers-display-component---AddNewHO--dueDate","interaction":{"idSuffix":"inner"}},"wdio_ui5_key":"applicationmanagehandovers-display-component---AddNewHO--dueDate"}]}
RESULT: undefined
COMMAND: POST /session/5ddd57591a494e04841521b2f73ce0e1/execute/async - {"script":"<script> [776 bytes]","args":[{"enterText":"06/04/25","selector":{"id":"application-managehandovers-display-component---AddNewHO--dueDate","interaction":{"idSuffix":"inner"}},"clearTextFirst":true,"interactionType":"ENTER_TEXT"}]}
RESULT: {}
RESULT: {"script":"<script> [776 bytes]","args":[{"enterText":"06/04/25","selector":{"id":"application-managehandovers-display-component---AddNewHO--dueDate","interaction":{"idSuffix":"inner"}},"clearTextFirst":true,"interactionType":"ENTER_TEXT"}]}
COMMAND: POST /session/5ddd57591a494e04841521b2f73ce0e1/element - {"using":"xpath","value":"//bdi[contains(@id ,\"application-managehandovers-display-component---AddNewHO--ObjectPageLayout-anchBar-application-managehandovers-display-component---AddNewHO--section4-anchor-BDI-content\")]"}
RESULT: {"using":"xpath","value":"//bdi[contains(@id ,\"application-managehandovers-display-component---AddNewHO--ObjectPageLayout-anchBar-application-managehandovers-display-component---AddNewHO--section4-anchor-BDI-content\")]"}
COMMAND: POST /session/5ddd57591a494e04841521b2f73ce0e1/element/f.76BD0702E8726841DC63080813E8F96A.d.FEC53867A3B7467368153BB09DA62273.e.19152/click - {}
RESULT: {}
COMMAND: GET /session/5ddd57591a494e04841521b2f73ce0e1/screenshot - {}
RESULT: {}
COMMAND: POST /session/5ddd57591a494e04841521b2f73ce0e1/element - {"using":"xpath","value":"//button[contains(@data-kt ,\"AddNewHOProvideAddItemsButton\")]"}
RESULT: {"using":"xpath","value":"//button[contains(@data-kt ,\"AddNewHOProvideAddItemsButton\")]"}
COMMAND: POST /session/5ddd57591a494e04841521b2f73ce0e1/element/f.76BD0702E8726841DC63080813E8F96A.d.FEC53867A3B7467368153BB09DA62273.e.18975/click - {}
RESULT: {}
COMMAND: GET /session/5ddd57591a494e04841521b2f73ce0e1/screenshot - {}
RESULT: {}
COMMAND: POST /session/5ddd57591a494e04841521b2f73ce0e1/execute/async - {"script":"<script> [1562 bytes]","args":[{"selector":{"id":"application-managehandovers-display-component---AddNewHO--popup-sa","searchOpenDialogs":true,"interaction":{"idSuffix":"CbBg"}},"wdio_ui5_key":"applicationmanagehandovers-display-component---AddNewHO--popup-sa"}]}
RESULT: {"script":"<script> [1562 bytes]","args":[{"selector":{"id":"application-managehandovers-display-component---AddNewHO--popup-sa","searchOpenDialogs":true,"interaction":{"idSuffix":"CbBg"}},"wdio_ui5_key":"applicationmanagehandovers-display-component---AddNewHO--popup-sa"}]}
RESULT: undefined
COMMAND: POST /session/5ddd57591a494e04841521b2f73ce0e1/element - {"using":"xpath","value":"//*[@id=\"application-managehandovers-display-component---AddNewHO--popup-sa\"]"}
RESULT: {"using":"xpath","value":"//*[@id=\"application-managehandovers-display-component---AddNewHO--popup-sa\"]"}
COMMAND: POST /session/5ddd57591a494e04841521b2f73ce0e1/element/f.76BD0702E8726841DC63080813E8F96A.d.FEC53867A3B7467368153BB09DA62273.e.19167/click - {}
RESULT: {}
COMMAND: POST /session/5ddd57591a494e04841521b2f73ce0e1/execute/async - {"script":"<script> [1562 bytes]","args":[{"selector":{"controlType":"sap.m.Button","viewName":"etm.portal.ui.managehandovers.view.AddNewHO","viewId":"application-managehandovers-display-component---AddNewHO","i18NText":{"propertyName":"text","key":"select"},"searchOpenDialogs":true,"interaction":{"idSuffix":"BDI-content"}},"wdio_ui5_key":"etmportal.ui.managehandovers.view.AddNewHOsap.m.Button{\"propertyName\":\"text\",\"key\":\"select\"}"}]}
COMMAND: GET /session/5ddd57591a494e04841521b2f73ce0e1/screenshot - {}
RESULT: {"script":"<script> [1562 bytes]","args":[{"selector":{"controlType":"sap.m.Button","viewName":"etm.portal.ui.managehandovers.view.AddNewHO","viewId":"application-managehandovers-display-component---AddNewHO","i18NText":{"propertyName":"text","key":"select"},"searchOpenDialogs":true,"interaction":{"idSuffix":"BDI-content"}},"wdio_ui5_key":"etmportal.ui.managehandovers.view.AddNewHOsap.m.Button{\"propertyName\":\"text\",\"key\":\"select\"}"}]}
RESULT: undefined
COMMAND: POST /session/5ddd57591a494e04841521b2f73ce0e1/element - {"using":"xpath","value":"//*[@id=\"__button61\"]"}
RESULT: {}
RESULT: {"using":"xpath","value":"//*[@id=\"__button61\"]"}
COMMAND: POST /session/5ddd57591a494e04841521b2f73ce0e1/element/f.76BD0702E8726841DC63080813E8F96A.d.FEC53867A3B7467368153BB09DA62273.e.19170/click - {}
RESULT: {}
COMMAND: GET /session/5ddd57591a494e04841521b2f73ce0e1/screenshot - {}
RESULT: {}
COMMAND: POST /session/5ddd57591a494e04841521b2f73ce0e1/execute/async - {"script":"<script> [1562 bytes]","args":[{"selector":{"id":"application-managehandovers-display-component---AddNewHO--confirmCreationButton","interaction":{"idSuffix":"BDI-content"}},"wdio_ui5_key":"applicationmanagehandovers-display-component---AddNewHO--confirmCreationButton"}]}
RESULT: {"script":"<script> [1562 bytes]","args":[{"selector":{"id":"application-managehandovers-display-component---AddNewHO--confirmCreationButton","interaction":{"idSuffix":"BDI-content"}},"wdio_ui5_key":"applicationmanagehandovers-display-component---AddNewHO--confirmCreationButton"}]}
RESULT: undefined
COMMAND: POST /session/5ddd57591a494e04841521b2f73ce0e1/element - {"using":"xpath","value":"//*[@id=\"application-managehandovers-display-component---AddNewHO--confirmCreationButton\"]"}
RESULT: {"using":"xpath","value":"//*[@id=\"application-managehandovers-display-component---AddNewHO--confirmCreationButton\"]"}
COMMAND: POST /session/5ddd57591a494e04841521b2f73ce0e1/element/f.76BD0702E8726841DC63080813E8F96A.d.FEC53867A3B7467368153BB09DA62273.e.18982/click - {}
RESULT: {}
COMMAND: GET /session/5ddd57591a494e04841521b2f73ce0e1/screenshot - {}
RESULT: {}
COMMAND: POST /session/5ddd57591a494e04841521b2f73ce0e1/execute/async - {"script":"<script> [1562 bytes]","args":[{"selector":{"controlType":"sap.m.Text","viewName":"etm.portal.ui.managehandovers.view.DetailExecuteHO","bindingPath":{"propertyPath":"NO","modelName":"catalogModel"}},"wdio_ui5_key":"etmportal.ui.managehandovers.view.DetailExecuteHOsap.m.Text{\"propertyPath\":\"NO\",\"modelName\":\"catalogModel\"}"}]}
RESULT: {"script":"<script> [1562 bytes]","args":[{"selector":{"controlType":"sap.m.Text","viewName":"etm.portal.ui.managehandovers.view.DetailExecuteHO","bindingPath":{"propertyPath":"NO","modelName":"catalogModel"}},"wdio_ui5_key":"etmportal.ui.managehandovers.view.DetailExecuteHOsap.m.Text{\"propertyPath\":\"NO\",\"modelName\":\"catalogModel\"}"}]}
RESULT: undefined
COMMAND: POST /session/5ddd57591a494e04841521b2f73ce0e1/execute/async - {"script":"<script> [6424 bytes]","args":[{"element-6066-11e4-a52e-4f735466cecf":"f.76BD0702E8726841DC63080813E8F96A.d.FEC53867A3B7467368153BB09DA62273.e.19226"},"getText",[]]}
RESULT: {"script":"<script> [6424 bytes]","args":[{"element-6066-11e4-a52e-4f735466cecf":"f.76BD0702E8726841DC63080813E8F96A.d.FEC53867A3B7467368153BB09DA62273.e.19226"},"getText",[]]}
COMMAND: POST /session/5ddd57591a494e04841521b2f73ce0e1/element - {"using":"xpath","value":"//a[contains(@data-kt ,\"GeneralSectionSendContractLink\")]"}
RESULT: {"using":"xpath","value":"//a[contains(@data-kt ,\"GeneralSectionSendContractLink\")]"}
COMMAND: POST /session/5ddd57591a494e04841521b2f73ce0e1/element/f.76BD0702E8726841DC63080813E8F96A.d.FEC53867A3B7467368153BB09DA62273.e.19227/click - {}
RESULT: {}
COMMAND: GET /session/5ddd57591a494e04841521b2f73ce0e1/screenshot - {}
RESULT: {}
COMMAND: POST /session/5ddd57591a494e04841521b2f73ce0e1/element - {"using":"xpath","value":"//a[contains(@data-kt ,\"ContextMenuId2Link\")]"}
RESULT: {"using":"xpath","value":"//a[contains(@data-kt ,\"ContextMenuId2Link\")]"}
COMMAND: POST /session/5ddd57591a494e04841521b2f73ce0e1/elements - {"using":"xpath","value":"//a[contains(@data-kt ,\"ContextMenuId2Link\")]"}
RESULT: {"using":"xpath","value":"//a[contains(@data-kt ,\"ContextMenuId2Link\")]"}
COMMAND: POST /session/5ddd57591a494e04841521b2f73ce0e1/element/f.76BD0702E8726841DC63080813E8F96A.d.FEC53867A3B7467368153BB09DA62273.e.19229/click - {}
RESULT: {}
COMMAND: GET /session/5ddd57591a494e04841521b2f73ce0e1/screenshot - {}
RESULT: {}
COMMAND: POST /session/5ddd57591a494e04841521b2f73ce0e1/execute/async - {"script":"<script> [1562 bytes]","args":[{"selector":{"controlType":"sap.m.Link","viewName":"etm.portal.ui.managehandovers.view.DetailExecuteHO","properties":{"text":"Contract Overview"},"searchOpenDialogs":true},"wdio_ui5_key":"etmportal.ui.managehandovers.view.DetailExecuteHOsap.m.Link{\"text\":\"Contract Overview\"}"}]}
RESULT: {"script":"<script> [1562 bytes]","args":[{"selector":{"controlType":"sap.m.Link","viewName":"etm.portal.ui.managehandovers.view.DetailExecuteHO","properties":{"text":"Contract Overview"},"searchOpenDialogs":true},"wdio_ui5_key":"etmportal.ui.managehandovers.view.DetailExecuteHOsap.m.Link{\"text\":\"Contract Overview\"}"}]}
RESULT: undefined
RESULT: undefined
COMMAND: POST /session/5ddd57591a494e04841521b2f73ce0e1/execute/async - {"script":"<script> [6424 bytes]","args":[{"element-6066-11e4-a52e-4f735466cecf":"f.76BD0702E8726841DC63080813E8F96A.d.FEC53867A3B7467368153BB09DA62273.e.18841"},"getText",[]]}
COMMAND: POST /session/5ddd57591a494e04841521b2f73ce0e1/execute/async - {"script":"<script> [1562 bytes]","args":[{"selector":{"controlType":"sap.m.ObjectStatus","viewName":"etm.portal.ui.managecontracts.view.Detail","bindingPath":{"propertyPath":"LINK_TO_LOGISTICAL_STATUS/DESCRIPTION","modelName":"catalogModel"}},"wdio_ui5_key":"etmportal.ui.managecontracts.view.Detailsap.m.ObjectStatus{\"propertyPath\":\"LINK_TO_LOGISTICAL_STATUS/DESCRIPTION\",\"modelName\":\"catalogModel\"}"}]}
RESULT: {"script":"<script> [1562 bytes]","args":[{"selector":{"controlType":"sap.m.ObjectStatus","viewName":"etm.portal.ui.managecontracts.view.Detail","bindingPath":{"propertyPath":"LINK_TO_LOGISTICAL_STATUS/DESCRIPTION","modelName":"catalogModel"}},"wdio_ui5_key":"etmportal.ui.managecontracts.view.Detailsap.m.ObjectStatus{\"propertyPath\":\"LINK_TO_LOGISTICAL_STATUS/DESCRIPTION\",\"modelName\":\"catalogModel\"}"}]}
COMMAND: POST /session/5ddd57591a494e04841521b2f73ce0e1/execute/async - {"script":"<script> [6424 bytes]","args":[{"element-6066-11e4-a52e-4f735466cecf":"f.76BD0702E8726841DC63080813E8F96A.d.FEC53867A3B7467368153BB09DA62273.e.19489"},"getText",[]]}
RESULT: {"script":"<script> [6424 bytes]","args":[{"element-6066-11e4-a52e-4f735466cecf":"f.76BD0702E8726841DC63080813E8F96A.d.FEC53867A3B7467368153BB09DA62273.e.19489"},"getText",[]]}
RESULT: undefined
COMMAND: POST /session/5ddd57591a494e04841521b2f73ce0e1/execute/async - {"script":"<script> [6424 bytes]","args":[{"element-6066-11e4-a52e-4f735466cecf":"f.76BD0702E8726841DC63080813E8F96A.d.FEC53867A3B7467368153BB09DA62273.e.18842"},"getText",[]]}
COMMAND: POST /session/5ddd57591a494e04841521b2f73ce0e1/execute/async - {"script":"<script> [1562 bytes]","args":[{"selector":{"controlType":"sap.m.ObjectStatus","viewName":"etm.portal.ui.managecontracts.view.Detail","bindingPath":{"propertyPath":"LINK_TO_COMMERCIAL_STATUS/DESCRIPTION","modelName":"catalogModel"}},"wdio_ui5_key":"etmportal.ui.managecontracts.view.Detailsap.m.ObjectStatus{\"propertyPath\":\"LINK_TO_COMMERCIAL_STATUS/DESCRIPTION\",\"modelName\":\"catalogModel\"}"}]}
RESULT: {"script":"<script> [1562 bytes]","args":[{"selector":{"controlType":"sap.m.ObjectStatus","viewName":"etm.portal.ui.managecontracts.view.Detail","bindingPath":{"propertyPath":"LINK_TO_COMMERCIAL_STATUS/DESCRIPTION","modelName":"catalogModel"}},"wdio_ui5_key":"etmportal.ui.managecontracts.view.Detailsap.m.ObjectStatus{\"propertyPath\":\"LINK_TO_COMMERCIAL_STATUS/DESCRIPTION\",\"modelName\":\"catalogModel\"}"}]}
COMMAND: POST /session/5ddd57591a494e04841521b2f73ce0e1/execute/async - {"script":"<script> [6424 bytes]","args":[{"element-6066-11e4-a52e-4f735466cecf":"f.76BD0702E8726841DC63080813E8F96A.d.FEC53867A3B7467368153BB09DA62273.e.19490"},"getText",[]]}
RESULT: {"script":"<script> [6424 bytes]","args":[{"element-6066-11e4-a52e-4f735466cecf":"f.76BD0702E8726841DC63080813E8F96A.d.FEC53867A3B7467368153BB09DA62273.e.19490"},"getText",[]]}
COMMAND: POST /session/5ddd57591a494e04841521b2f73ce0e1/execute/async - {"script":"<script> [1562 bytes]","args":[{"selector":{"id":"backBtn"},"wdio_ui5_key":"backBtn"}]}
RESULT: {"script":"<script> [1562 bytes]","args":[{"selector":{"id":"backBtn"},"wdio_ui5_key":"backBtn"}]}
RESULT: undefined
COMMAND: POST /session/5ddd57591a494e04841521b2f73ce0e1/element - {"using":"xpath","value":"//*[@id=\"backBtn\"]"}
RESULT: {"using":"xpath","value":"//*[@id=\"backBtn\"]"}
COMMAND: POST /session/5ddd57591a494e04841521b2f73ce0e1/element/f.76BD0702E8726841DC63080813E8F96A.d.FEC53867A3B7467368153BB09DA62273.e.19491/click - {}
RESULT: {}
COMMAND: GET /session/5ddd57591a494e04841521b2f73ce0e1/screenshot - {}
RESULT: {}
COMMAND: POST /session/5ddd57591a494e04841521b2f73ce0e1/element - {"using":"xpath","value":"//input[contains(@id ,\"issueDatePicker-inner\")]"}
RESULT: {"using":"xpath","value":"//input[contains(@id ,\"issueDatePicker-inner\")]"}
COMMAND: GET /session/5ddd57591a494e04841521b2f73ce0e1/element/f.76BD0702E8726841DC63080813E8F96A.d.FEC53867A3B7467368153BB09DA62273.e.19767/property/value - {}
RESULT: {}
COMMAND: POST /session/5ddd57591a494e04841521b2f73ce0e1/element/f.76BD0702E8726841DC63080813E8F96A.d.FEC53867A3B7467368153BB09DA62273.e.19767/clear - {}
COMMAND: GET /session/5ddd57591a494e04841521b2f73ce0e1/screenshot - {}
RESULT: {}
COMMAND: POST /session/5ddd57591a494e04841521b2f73ce0e1/element/f.76BD0702E8726841DC63080813E8F96A.d.FEC53867A3B7467368153BB09DA62273.e.19767/value - {"text":"06/04/25"}
COMMAND: GET /session/5ddd57591a494e04841521b2f73ce0e1/screenshot - {}
RESULT: {}
RESULT: {"text":"06/04/25"}
COMMAND: GET /session/5ddd57591a494e04841521b2f73ce0e1/screenshot - {}
RESULT: {}
RESULT: {}
COMMAND: POST /session/5ddd57591a494e04841521b2f73ce0e1/execute/async - {"script":"<script> [1562 bytes]","args":[{"selector":{"controlType":"sap.m.Button","viewName":"etm.portal.ui.managehandovers.view.DetailExecuteHO","i18NText":{"propertyName":"text","key":"confirmAll"},"interaction":{"idSuffix":"inner"}},"wdio_ui5_key":"etmportal.ui.managehandovers.view.DetailExecuteHOsap.m.Button{\"propertyName\":\"text\",\"key\":\"confirmAll\"}"}]}
RESULT: {"script":"<script> [1562 bytes]","args":[{"selector":{"controlType":"sap.m.Button","viewName":"etm.portal.ui.managehandovers.view.DetailExecuteHO","i18NText":{"propertyName":"text","key":"confirmAll"},"interaction":{"idSuffix":"inner"}},"wdio_ui5_key":"etmportal.ui.managehandovers.view.DetailExecuteHOsap.m.Button{\"propertyName\":\"text\",\"key\":\"confirmAll\"}"}]}
RESULT: undefined
COMMAND: POST /session/5ddd57591a494e04841521b2f73ce0e1/element - {"using":"xpath","value":"//*[@id=\"__button145\"]"}
RESULT: {"using":"xpath","value":"//*[@id=\"__button145\"]"}
COMMAND: POST /session/5ddd57591a494e04841521b2f73ce0e1/element/f.76BD0702E8726841DC63080813E8F96A.d.FEC53867A3B7467368153BB09DA62273.e.19790/click - {}
RESULT: {}
COMMAND: GET /session/5ddd57591a494e04841521b2f73ce0e1/screenshot - {}
RESULT: {}
COMMAND: POST /session/5ddd57591a494e04841521b2f73ce0e1/actions - {"actions":[{"id":"action88","type":"key","parameters":{},"actions":[{"type":"keyDown","value":"î€‡"},{"type":"pause","duration":10},{"type":"keyUp","value":"î€‡"}]}]}
RESULT: {"actions":[{"id":"action88","type":"key","parameters":{},"actions":[{"type":"keyDown","value":"î€‡"},{"type":"pause","duration":10},{"type":"keyUp","value":"î€‡"}]}]}
COMMAND: GET /session/5ddd57591a494e04841521b2f73ce0e1/screenshot - {}
RESULT: {}
RESULT: undefined
COMMAND: POST /session/5ddd57591a494e04841521b2f73ce0e1/element - {"using":"xpath","value":"//*[@id=\"__button145\"]"}
RESULT: {"using":"xpath","value":"//*[@id=\"__button145\"]"}
COMMAND: POST /session/5ddd57591a494e04841521b2f73ce0e1/element/f.76BD0702E8726841DC63080813E8F96A.d.FEC53867A3B7467368153BB09DA62273.e.19790/click - {}
RESULT: {}
COMMAND: GET /session/5ddd57591a494e04841521b2f73ce0e1/screenshot - {}
RESULT: {}
COMMAND: POST /session/5ddd57591a494e04841521b2f73ce0e1/execute/async - {"script":"<script> [1562 bytes]","args":[{"selector":{"controlType":"sap.m.Button","properties":{"text":"OK"},"searchOpenDialogs":true,"interaction":{"idSuffix":"content"}},"wdio_ui5_key":"sapm.Button{\"text\":\"OK\"}"}]}
RESULT: {"script":"<script> [1562 bytes]","args":[{"selector":{"controlType":"sap.m.Button","properties":{"text":"OK"},"searchOpenDialogs":true,"interaction":{"idSuffix":"content"}},"wdio_ui5_key":"sapm.Button{\"text\":\"OK\"}"}]}
RESULT: undefined
COMMAND: POST /session/5ddd57591a494e04841521b2f73ce0e1/element - {"using":"xpath","value":"//*[@id=\"__mbox-btn-2\"]"}
RESULT: {"using":"xpath","value":"//*[@id=\"__mbox-btn-2\"]"}
COMMAND: POST /session/5ddd57591a494e04841521b2f73ce0e1/element/f.76BD0702E8726841DC63080813E8F96A.d.FEC53867A3B7467368153BB09DA62273.e.19798/click - {}
RESULT: {}
COMMAND: GET /session/5ddd57591a494e04841521b2f73ce0e1/screenshot - {}
RESULT: {}
COMMAND: POST /session/5ddd57591a494e04841521b2f73ce0e1/element - {"using":"xpath","value":"//button[contains(@data-kt ,\"execHoIssueFooterButton\")]"}
RESULT: {"using":"xpath","value":"//button[contains(@data-kt ,\"execHoIssueFooterButton\")]"}
COMMAND: POST /session/5ddd57591a494e04841521b2f73ce0e1/element/f.76BD0702E8726841DC63080813E8F96A.d.FEC53867A3B7467368153BB09DA62273.e.19802/click - {}
RESULT: {}
COMMAND: GET /session/5ddd57591a494e04841521b2f73ce0e1/screenshot - {}
RESULT: {}
COMMAND: POST /session/5ddd57591a494e04841521b2f73ce0e1/refresh - {}
RESULT: {}
COMMAND: GET /session/5ddd57591a494e04841521b2f73ce0e1/screenshot - {}
RESULT: {}
COMMAND: POST /session/5ddd57591a494e04841521b2f73ce0e1/refresh - {}
RESULT: {}
COMMAND: GET /session/5ddd57591a494e04841521b2f73ce0e1/screenshot - {}
RESULT: {}
COMMAND: POST /session/5ddd57591a494e04841521b2f73ce0e1/window/fullscreen - {}
RESULT: {}
COMMAND: POST /session/5ddd57591a494e04841521b2f73ce0e1/execute/async - {"script":"<script> [189 bytes]","args":[]}
RESULT: {"script":"<script> [189 bytes]","args":[]}
COMMAND: POST /session/5ddd57591a494e04841521b2f73ce0e1/execute/async - {"script":"<script> [123 bytes]","args":[]}
RESULT: {"script":"<script> [123 bytes]","args":[]}
COMMAND: POST /session/5ddd57591a494e04841521b2f73ce0e1/timeouts - {"script":"<number>"}
RESULT: {"script":"<number>"}
COMMAND: GET /session/5ddd57591a494e04841521b2f73ce0e1/timeouts - {}
RESULT: {}
RESULT: undefined
COMMAND: POST /session/5ddd57591a494e04841521b2f73ce0e1/execute/async - {"script":"<script> [2676 bytes]","args":[]}
RESULT: {"script":"<script> [2676 bytes]","args":[]}
COMMAND: POST /session/5ddd57591a494e04841521b2f73ce0e1/execute/async - {"script":"<script> [2342 bytes]","args":[{"protocol":"http","hostname":"0.0.0.0","path":"/","capabilities":{"browserName":"chrome","goog:chromeOptions":{"binary":"C:\\Program Files\\Google\\Chrome\\Application\\chrome.exe","args":["--start-maximized"]}},"logLevel":"warn","connectionRetryTimeout":120000,"connectionRetryCount":3,"logLevels":{},"enableDirectConnect":true,"strictSSL":true,"_":"65 more keys: [\"cacheDir\",\"port\",\"requestedCapabilities\",\"automationProtocol\",\"baseUrl\",\"waitforInterval\",\"waitforTimeout\",\"onReload\",\"beforeCommand\",\"afterCommand\",\"rootDir\",\"specs\",\"suites\",\"exclude\",\"groupLogsByTestSpec\",\"excludeDriverLogs\",\"bail\",\"framework\",\"reporters\",\"services\",\"maxInstances\",\"maxInstancesPerCapability\",\"injectGlobals\",\"filesToWatch\",\"execArgv\",\"runnerEnv\",\"runner\",\"shard\",\"specFileRetries\",\"specFileRetriesDelay\",\"specFileRetriesDeferred\",\"reporterSyncInterval\",\"reporterSyncTimeout\",\"cucumberFeaturesWithLineNumbers\",\"autoCompileOpts\",\"mochaOpts\",\"jasmineOpts\",\"cucumberOpts\",\"onPrepare\",\"onWorkerStart\",\"onWorkerEnd\",\"before\",\"beforeSession\",\"beforeSuite\",\"beforeHook\",\"beforeTest\",\"afterTest\",\"afterHook\",\"afterSuite\",\"afterSession\",\"after\",\"onComplete\",\"beforeAssertion\",\"afterAssertion\",\"beforeFeature\",\"beforeScenario\",\"beforeStep\",\"afterStep\",\"afterScenario\",\"afterFeature\",\"_\",\"suite\",\"$0\",\"ignoredWorkerServices\",\"wdi5\"]"}]}
RESULT: {"script":"<script> [2342 bytes]","args":[{"protocol":"http","hostname":"0.0.0.0","path":"/","capabilities":{"browserName":"chrome","goog:chromeOptions":{"binary":"C:\\Program Files\\Google\\Chrome\\Application\\chrome.exe","args":["--start-maximized"]}},"logLevel":"warn","connectionRetryTimeout":120000,"connectionRetryCount":3,"logLevels":{},"enableDirectConnect":true,"strictSSL":true,"_":"65 more keys: [\"cacheDir\",\"port\",\"requestedCapabilities\",\"automationProtocol\",\"baseUrl\",\"waitforInterval\",\"waitforTimeout\",\"onReload\",\"beforeCommand\",\"afterCommand\",\"rootDir\",\"specs\",\"suites\",\"exclude\",\"groupLogsByTestSpec\",\"excludeDriverLogs\",\"bail\",\"framework\",\"reporters\",\"services\",\"maxInstances\",\"maxInstancesPerCapability\",\"injectGlobals\",\"filesToWatch\",\"execArgv\",\"runnerEnv\",\"runner\",\"shard\",\"specFileRetries\",\"specFileRetriesDelay\",\"specFileRetriesDeferred\",\"reporterSyncInterval\",\"reporterSyncTimeout\",\"cucumberFeaturesWithLineNumbers\",\"autoCompileOpts\",\"mochaOpts\",\"jasmineOpts\",\"cucumberOpts\",\"onPrepare\",\"onWorkerStart\",\"onWorkerEnd\",\"before\",\"beforeSession\",\"beforeSuite\",\"beforeHook\",\"beforeTest\",\"afterTest\",\"afterHook\",\"afterSuite\",\"afterSession\",\"after\",\"onComplete\",\"beforeAssertion\",\"afterAssertion\",\"beforeFeature\",\"beforeScenario\",\"beforeStep\",\"afterStep\",\"afterScenario\",\"afterFeature\",\"_\",\"suite\",\"$0\",\"ignoredWorkerServices\",\"wdi5\"]"}]}
COMMAND: POST /session/5ddd57591a494e04841521b2f73ce0e1/execute/async - {"script":"<script> [21126 bytes]","args":[35000]}
RESULT: {"script":"<script> [21126 bytes]","args":[35000]}
COMMAND: POST /session/5ddd57591a494e04841521b2f73ce0e1/execute/async - {"script":"<script> [1562 bytes]","args":[{"selector":{"controlType":"sap.m.SearchField","viewName":"etm.portal.ui.managehandovers.view.MasterHO","bindingPath":{"path":"","propertyPath":"/_BASIC_SEARCH_FIELD","modelName":"fi1t3rM0d31"},"interaction":{"idSuffix":"I"}},"wdio_ui5_key":"etmportal.ui.managehandovers.view.MasterHOsap.m.SearchField{\"path\":\"\",\"propertyPath\":\"/_BASIC_SEARCH_FIELD\",\"modelName\":\"fi1t3rM0d31\"}"}]}
RESULT: {"script":"<script> [1562 bytes]","args":[{"selector":{"controlType":"sap.m.SearchField","viewName":"etm.portal.ui.managehandovers.view.MasterHO","bindingPath":{"path":"","propertyPath":"/_BASIC_SEARCH_FIELD","modelName":"fi1t3rM0d31"},"interaction":{"idSuffix":"I"}},"wdio_ui5_key":"etmportal.ui.managehandovers.view.MasterHOsap.m.SearchField{\"path\":\"\",\"propertyPath\":\"/_BASIC_SEARCH_FIELD\",\"modelName\":\"fi1t3rM0d31\"}"}]}
RESULT: undefined
COMMAND: POST /session/5ddd57591a494e04841521b2f73ce0e1/execute/async - {"script":"<script> [776 bytes]","args":[{"enterText":"30924","selector":{"controlType":"sap.m.SearchField","viewName":"etm.portal.ui.managehandovers.view.MasterHO","bindingPath":{"path":"","propertyPath":"/_BASIC_SEARCH_FIELD","modelName":"fi1t3rM0d31"},"interaction":{"idSuffix":"I"}},"clearTextFirst":true,"interactionType":"ENTER_TEXT"}]}
RESULT: {"script":"<script> [776 bytes]","args":[{"enterText":"30924","selector":{"controlType":"sap.m.SearchField","viewName":"etm.portal.ui.managehandovers.view.MasterHO","bindingPath":{"path":"","propertyPath":"/_BASIC_SEARCH_FIELD","modelName":"fi1t3rM0d31"},"interaction":{"idSuffix":"I"}},"clearTextFirst":true,"interactionType":"ENTER_TEXT"}]}
COMMAND: POST /session/5ddd57591a494e04841521b2f73ce0e1/actions - {"actions":[{"id":"action89","type":"key","parameters":{},"actions":[{"type":"keyDown","value":"î€‡"},{"type":"pause","duration":10},{"type":"keyUp","value":"î€‡"}]}]}
RESULT: {"actions":[{"id":"action89","type":"key","parameters":{},"actions":[{"type":"keyDown","value":"î€‡"},{"type":"pause","duration":10},{"type":"keyUp","value":"î€‡"}]}]}
COMMAND: GET /session/5ddd57591a494e04841521b2f73ce0e1/screenshot - {}
RESULT: {}
COMMAND: POST /session/5ddd57591a494e04841521b2f73ce0e1/execute/async - {"script":"<script> [1562 bytes]","args":[{"selector":{"controlType":"sap.m.Title","viewName":"etm.portal.ui.managehandovers.view.MasterHO","properties":{"text":"Records (1)"}},"wdio_ui5_key":"etmportal.ui.managehandovers.view.MasterHOsap.m.Title{\"text\":\"Records (1)\"}"}]}
RESULT: {"script":"<script> [1562 bytes]","args":[{"selector":{"controlType":"sap.m.Title","viewName":"etm.portal.ui.managehandovers.view.MasterHO","properties":{"text":"Records (1)"}},"wdio_ui5_key":"etmportal.ui.managehandovers.view.MasterHOsap.m.Title{\"text\":\"Records (1)\"}"}]}
RESULT: undefined
COMMAND: POST /session/5ddd57591a494e04841521b2f73ce0e1/execute/async - {"script":"<script> [6424 bytes]","args":[{"element-6066-11e4-a52e-4f735466cecf":"f.76BD0702E8726841DC63080813E8F96A.d.733873BBF3EE9C3DAD04F2BBD2F4CCB6.e.20001"},"getText",[]]}
RESULT: {"script":"<script> [6424 bytes]","args":[{"element-6066-11e4-a52e-4f735466cecf":"f.76BD0702E8726841DC63080813E8F96A.d.733873BBF3EE9C3DAD04F2BBD2F4CCB6.e.20001"},"getText",[]]}
COMMAND: POST /session/5ddd57591a494e04841521b2f73ce0e1/execute/async - {"script":"<script> [1562 bytes]","args":[{"selector":{"controlType":"sap.ui.core.Icon","viewName":"etm.portal.ui.managehandovers.view.MasterHO","properties":{"src":{"regex":{"source":"slim\\-arrow\\-right"}}}},"wdio_ui5_key":"etmportal.ui.managehandovers.view.MasterHOsap.ui.core.Icon{\"src\":{\"regex\":{\"source\":\"slim\\\\-arrow\\\\-right\"}}}"}]}
RESULT: {"script":"<script> [1562 bytes]","args":[{"selector":{"controlType":"sap.ui.core.Icon","viewName":"etm.portal.ui.managehandovers.view.MasterHO","properties":{"src":{"regex":{"source":"slim\\-arrow\\-right"}}}},"wdio_ui5_key":"etmportal.ui.managehandovers.view.MasterHOsap.ui.core.Icon{\"src\":{\"regex\":{\"source\":\"slim\\\\-arrow\\\\-right\"}}}"}]}
RESULT: undefined
COMMAND: POST /session/5ddd57591a494e04841521b2f73ce0e1/element - {"using":"xpath","value":"//*[@id=\"__item27-__clone17-imgNav\"]"}
RESULT: {"using":"xpath","value":"//*[@id=\"__item27-__clone17-imgNav\"]"}
COMMAND: POST /session/5ddd57591a494e04841521b2f73ce0e1/element/f.76BD0702E8726841DC63080813E8F96A.d.733873BBF3EE9C3DAD04F2BBD2F4CCB6.e.20000/click - {}
RESULT: {}
COMMAND: GET /session/5ddd57591a494e04841521b2f73ce0e1/screenshot - {}
RESULT: {}
COMMAND: POST /session/5ddd57591a494e04841521b2f73ce0e1/execute/async - {"script":"<script> [1562 bytes]","args":[{"selector":{"controlType":"sap.m.ObjectStatus","viewName":"etm.portal.ui.managehandovers.view.DetailManageHO","viewId":"application-managehandovers-display-component---detailManageHO","labelFor":{"text":"Status"}},"wdio_ui5_key":"etmportal.ui.managehandovers.view.DetailManageHOsap.m.ObjectStatus{\"text\":\"Status\"}"}]}
RESULT: {"script":"<script> [1562 bytes]","args":[{"selector":{"controlType":"sap.m.ObjectStatus","viewName":"etm.portal.ui.managehandovers.view.DetailManageHO","viewId":"application-managehandovers-display-component---detailManageHO","labelFor":{"text":"Status"}},"wdio_ui5_key":"etmportal.ui.managehandovers.view.DetailManageHOsap.m.ObjectStatus{\"text\":\"Status\"}"}]}
RESULT: undefined
COMMAND: POST /session/5ddd57591a494e04841521b2f73ce0e1/execute/async - {"script":"<script> [6424 bytes]","args":[{"element-6066-11e4-a52e-4f735466cecf":"f.76BD0702E8726841DC63080813E8F96A.d.733873BBF3EE9C3DAD04F2BBD2F4CCB6.e.20082"},"getText",[]]}
RESULT: {"script":"<script> [6424 bytes]","args":[{"element-6066-11e4-a52e-4f735466cecf":"f.76BD0702E8726841DC63080813E8F96A.d.733873BBF3EE9C3DAD04F2BBD2F4CCB6.e.20082"},"getText",[]]}
COMMAND: POST /session/5ddd57591a494e04841521b2f73ce0e1/element - {"using":"xpath","value":"//a[contains(@data-kt ,\"GeneralSectionSendContractLink\")]"}
RESULT: {"using":"xpath","value":"//a[contains(@data-kt ,\"GeneralSectionSendContractLink\")]"}
COMMAND: POST /session/5ddd57591a494e04841521b2f73ce0e1/element/f.76BD0702E8726841DC63080813E8F96A.d.733873BBF3EE9C3DAD04F2BBD2F4CCB6.e.20083/click - {}
RESULT: {}
COMMAND: GET /session/5ddd57591a494e04841521b2f73ce0e1/screenshot - {}
RESULT: {}
COMMAND: POST /session/5ddd57591a494e04841521b2f73ce0e1/elements - {"using":"xpath","value":"//a[contains(@data-kt ,\"ContextMenuId2Link\")]"}
RESULT: {"using":"xpath","value":"//a[contains(@data-kt ,\"ContextMenuId2Link\")]"}
COMMAND: POST /session/5ddd57591a494e04841521b2f73ce0e1/element/f.76BD0702E8726841DC63080813E8F96A.d.FEC53867A3B7467368153BB09DA62273.e.19229/click - {}
COMMAND: POST /session/5ddd57591a494e04841521b2f73ce0e1/element - {"using":"xpath","value":"//a[contains(@data-kt ,\"ContextMenuId2Link\")]"}
RESULT: {"using":"xpath","value":"//a[contains(@data-kt ,\"ContextMenuId2Link\")]"}
COMMAND: POST /session/5ddd57591a494e04841521b2f73ce0e1/element/f.76BD0702E8726841DC63080813E8F96A.d.FEC53867A3B7467368153BB09DA62273.e.19229/click - {}
COMMAND: POST /session/5ddd57591a494e04841521b2f73ce0e1/element - {"using":"xpath","value":"//a[contains(@data-kt ,\"ContextMenuId2Link\")]"}
RESULT: {"using":"xpath","value":"//a[contains(@data-kt ,\"ContextMenuId2Link\")]"}
COMMAND: POST /session/5ddd57591a494e04841521b2f73ce0e1/element/f.76BD0702E8726841DC63080813E8F96A.d.733873BBF3EE9C3DAD04F2BBD2F4CCB6.e.20086/click - {}
RESULT: {}
COMMAND: GET /session/5ddd57591a494e04841521b2f73ce0e1/screenshot - {}
RESULT: {}
COMMAND: POST /session/5ddd57591a494e04841521b2f73ce0e1/execute/async - {"script":"<script> [1562 bytes]","args":[{"selector":{"controlType":"sap.m.ObjectStatus","viewName":"etm.portal.ui.managecontracts.view.Detail","bindingPath":{"propertyPath":"LINK_TO_COMMERCIAL_STATUS/DESCRIPTION","modelName":"catalogModel"}},"wdio_ui5_key":"etmportal.ui.managecontracts.view.Detailsap.m.ObjectStatus{\"propertyPath\":\"LINK_TO_COMMERCIAL_STATUS/DESCRIPTION\",\"modelName\":\"catalogModel\"}"}]}
RESULT: {"script":"<script> [1562 bytes]","args":[{"selector":{"controlType":"sap.m.ObjectStatus","viewName":"etm.portal.ui.managecontracts.view.Detail","bindingPath":{"propertyPath":"LINK_TO_COMMERCIAL_STATUS/DESCRIPTION","modelName":"catalogModel"}},"wdio_ui5_key":"etmportal.ui.managecontracts.view.Detailsap.m.ObjectStatus{\"propertyPath\":\"LINK_TO_COMMERCIAL_STATUS/DESCRIPTION\",\"modelName\":\"catalogModel\"}"}]}
RESULT: undefined
COMMAND: POST /session/5ddd57591a494e04841521b2f73ce0e1/execute/async - {"script":"<script> [6424 bytes]","args":[{"element-6066-11e4-a52e-4f735466cecf":"f.76BD0702E8726841DC63080813E8F96A.d.733873BBF3EE9C3DAD04F2BBD2F4CCB6.e.20322"},"getText",[]]}
RESULT: {"script":"<script> [6424 bytes]","args":[{"element-6066-11e4-a52e-4f735466cecf":"f.76BD0702E8726841DC63080813E8F96A.d.733873BBF3EE9C3DAD04F2BBD2F4CCB6.e.20322"},"getText",[]]}
COMMAND: POST /session/5ddd57591a494e04841521b2f73ce0e1/execute/async - {"script":"<script> [1562 bytes]","args":[{"selector":{"controlType":"sap.m.ObjectStatus","viewName":"etm.portal.ui.managecontracts.view.Detail","bindingPath":{"propertyPath":"LINK_TO_LOGISTICAL_STATUS/DESCRIPTION","modelName":"catalogModel"}},"wdio_ui5_key":"etmportal.ui.managecontracts.view.Detailsap.m.ObjectStatus{\"propertyPath\":\"LINK_TO_LOGISTICAL_STATUS/DESCRIPTION\",\"modelName\":\"catalogModel\"}"}]}
RESULT: {"script":"<script> [1562 bytes]","args":[{"selector":{"controlType":"sap.m.ObjectStatus","viewName":"etm.portal.ui.managecontracts.view.Detail","bindingPath":{"propertyPath":"LINK_TO_LOGISTICAL_STATUS/DESCRIPTION","modelName":"catalogModel"}},"wdio_ui5_key":"etmportal.ui.managecontracts.view.Detailsap.m.ObjectStatus{\"propertyPath\":\"LINK_TO_LOGISTICAL_STATUS/DESCRIPTION\",\"modelName\":\"catalogModel\"}"}]}
RESULT: undefined
COMMAND: POST /session/5ddd57591a494e04841521b2f73ce0e1/execute/async - {"script":"<script> [6424 bytes]","args":[{"element-6066-11e4-a52e-4f735466cecf":"f.76BD0702E8726841DC63080813E8F96A.d.733873BBF3EE9C3DAD04F2BBD2F4CCB6.e.20323"},"getText",[]]}
RESULT: {"script":"<script> [6424 bytes]","args":[{"element-6066-11e4-a52e-4f735466cecf":"f.76BD0702E8726841DC63080813E8F96A.d.733873BBF3EE9C3DAD04F2BBD2F4CCB6.e.20323"},"getText",[]]}
COMMAND: POST /session/5ddd57591a494e04841521b2f73ce0e1/element - {"using":"xpath","value":"//button[@data-kt=\"contractDetailEditBtnButton\"]"}
RESULT: {"using":"xpath","value":"//button[@data-kt=\"contractDetailEditBtnButton\"]"}
COMMAND: POST /session/5ddd57591a494e04841521b2f73ce0e1/element/f.76BD0702E8726841DC63080813E8F96A.d.733873BBF3EE9C3DAD04F2BBD2F4CCB6.e.20149/click - {}
RESULT: {}
COMMAND: GET /session/5ddd57591a494e04841521b2f73ce0e1/screenshot - {}
RESULT: {}
COMMAND: POST /session/5ddd57591a494e04841521b2f73ce0e1/element - {"using":"xpath","value":"(//span[contains(text(), \"Additional Addresses\")])[2]"}
RESULT: {"using":"xpath","value":"(//span[contains(text(), \"Additional Addresses\")])[2]"}
COMMAND: POST /session/5ddd57591a494e04841521b2f73ce0e1/element/f.76BD0702E8726841DC63080813E8F96A.d.733873BBF3EE9C3DAD04F2BBD2F4CCB6.e.20385/click - {}
RESULT: {}
COMMAND: GET /session/5ddd57591a494e04841521b2f73ce0e1/screenshot - {}
RESULT: {}
COMMAND: POST /session/5ddd57591a494e04841521b2f73ce0e1/element - {"using":"xpath","value":"//button[@data-kt=\"btnAddTableRowOverflowToolbarButton\"]"}
RESULT: {"using":"xpath","value":"//button[@data-kt=\"btnAddTableRowOverflowToolbarButton\"]"}
COMMAND: POST /session/5ddd57591a494e04841521b2f73ce0e1/element/f.76BD0702E8726841DC63080813E8F96A.d.733873BBF3EE9C3DAD04F2BBD2F4CCB6.e.20387/click - {}
RESULT: {}
COMMAND: GET /session/5ddd57591a494e04841521b2f73ce0e1/screenshot - {}
RESULT: {}
COMMAND: POST /session/5ddd57591a494e04841521b2f73ce0e1/element - {"using":"xpath","value":"//div[(text() = 'Standard Entry' or . = 'Standard Entry')]"}
RESULT: {"using":"xpath","value":"//div[(text() = 'Standard Entry' or . = 'Standard Entry')]"}
COMMAND: POST /session/5ddd57591a494e04841521b2f73ce0e1/element/f.76BD0702E8726841DC63080813E8F96A.d.733873BBF3EE9C3DAD04F2BBD2F4CCB6.e.20389/click - {}
RESULT: {}
COMMAND: POST /session/5ddd57591a494e04841521b2f73ce0e1/execute/async - {"script":"<script> [1562 bytes]","args":[{"selector":{"controlType":"sap.ui.core.Icon","viewName":"etm.portal.ui.managecontracts.view.EditContract","properties":{"src":{"regex":{"source":"slim\\-arrow\\-down"}}},"ancestor":{"controlType":"sap.m.ComboBox","viewName":"etm.portal.ui.managecontracts.view.EditContract","bindingPath":{"propertyPath":"RU_TYPE","modelName":"catalogModel"}}},"wdio_ui5_key":"etmportal.ui.managecontracts.view.EditContractsap.ui.core.Icon{\"src\":{\"regex\":{\"source\":\"slim\\\\-arrow\\\\-down\"}}}{\"controlType\":\"sap.m.ComboBox\",\"viewName\":\"etm.portal.ui.managecontracts.view.EditContract\",\"bindingPath\":{\"propertyPath\":\"RU_TYPE\",\"modelName\":\"catalogModel\"}}"}]}
COMMAND: GET /session/5ddd57591a494e04841521b2f73ce0e1/screenshot - {}
RESULT: {"script":"<script> [1562 bytes]","args":[{"selector":{"controlType":"sap.ui.core.Icon","viewName":"etm.portal.ui.managecontracts.view.EditContract","properties":{"src":{"regex":{"source":"slim\\-arrow\\-down"}}},"ancestor":{"controlType":"sap.m.ComboBox","viewName":"etm.portal.ui.managecontracts.view.EditContract","bindingPath":{"propertyPath":"RU_TYPE","modelName":"catalogModel"}}},"wdio_ui5_key":"etmportal.ui.managecontracts.view.EditContractsap.ui.core.Icon{\"src\":{\"regex\":{\"source\":\"slim\\\\-arrow\\\\-down\"}}}{\"controlType\":\"sap.m.ComboBox\",\"viewName\":\"etm.portal.ui.managecontracts.view.EditContract\",\"bindingPath\":{\"propertyPath\":\"RU_TYPE\",\"modelName\":\"catalogModel\"}}"}]}
RESULT: undefined
COMMAND: POST /session/5ddd57591a494e04841521b2f73ce0e1/element - {"using":"xpath","value":"//*[@id=\"__box19-arrow\"]"}
RESULT: {}
RESULT: {"using":"xpath","value":"//*[@id=\"__box19-arrow\"]"}
COMMAND: POST /session/5ddd57591a494e04841521b2f73ce0e1/element/f.76BD0702E8726841DC63080813E8F96A.d.733873BBF3EE9C3DAD04F2BBD2F4CCB6.e.20404/click - {}
RESULT: {}
COMMAND: POST /session/5ddd57591a494e04841521b2f73ce0e1/execute/async - {"script":"<script> [1562 bytes]","args":[{"selector":{"controlType":"sap.m.StandardListItem","viewName":"etm.portal.ui.managecontracts.view.EditContract","properties":{"title":"Material"},"searchOpenDialogs":true,"interaction":{"idSuffix":"content"}},"wdio_ui5_key":"etmportal.ui.managecontracts.view.EditContractsap.m.StandardListItem{\"title\":\"Material\"}"}]}
COMMAND: GET /session/5ddd57591a494e04841521b2f73ce0e1/screenshot - {}
RESULT: {"script":"<script> [1562 bytes]","args":[{"selector":{"controlType":"sap.m.StandardListItem","viewName":"etm.portal.ui.managecontracts.view.EditContract","properties":{"title":"Material"},"searchOpenDialogs":true,"interaction":{"idSuffix":"content"}},"wdio_ui5_key":"etmportal.ui.managecontracts.view.EditContractsap.m.StandardListItem{\"title\":\"Material\"}"}]}
RESULT: undefined
COMMAND: POST /session/5ddd57591a494e04841521b2f73ce0e1/element - {"using":"xpath","value":"//*[@id=\"__item94\"]"}
RESULT: {}
RESULT: {"using":"xpath","value":"//*[@id=\"__item94\"]"}
COMMAND: POST /session/5ddd57591a494e04841521b2f73ce0e1/element/f.76BD0702E8726841DC63080813E8F96A.d.733873BBF3EE9C3DAD04F2BBD2F4CCB6.e.20407/click - {}
RESULT: {}
COMMAND: POST /session/5ddd57591a494e04841521b2f73ce0e1/element - {"using":"xpath","value":"//td[7]/div/div/input"}
COMMAND: GET /session/5ddd57591a494e04841521b2f73ce0e1/screenshot - {}
RESULT: {"using":"xpath","value":"//td[7]/div/div/input"}
COMMAND: POST /session/5ddd57591a494e04841521b2f73ce0e1/element/f.76BD0702E8726841DC63080813E8F96A.d.733873BBF3EE9C3DAD04F2BBD2F4CCB6.e.20410/clear - {}
RESULT: {}
RESULT: {}
COMMAND: POST /session/5ddd57591a494e04841521b2f73ce0e1/element/f.76BD0702E8726841DC63080813E8F96A.d.733873BBF3EE9C3DAD04F2BBD2F4CCB6.e.20410/value - {"text":"WebdriverMatTestii0he"}
COMMAND: GET /session/5ddd57591a494e04841521b2f73ce0e1/screenshot - {}
RESULT: {"text":"WebdriverMatTestii0he"}
COMMAND: GET /session/5ddd57591a494e04841521b2f73ce0e1/screenshot - {}
RESULT: {}
RESULT: {}
COMMAND: POST /session/5ddd57591a494e04841521b2f73ce0e1/actions - {"actions":[{"id":"action90","type":"key","parameters":{},"actions":[{"type":"keyDown","value":"î€‡"},{"type":"pause","duration":10},{"type":"keyUp","value":"î€‡"}]}]}
RESULT: {"actions":[{"id":"action90","type":"key","parameters":{},"actions":[{"type":"keyDown","value":"î€‡"},{"type":"pause","duration":10},{"type":"keyUp","value":"î€‡"}]}]}
COMMAND: GET /session/5ddd57591a494e04841521b2f73ce0e1/screenshot - {}
RESULT: {}
COMMAND: POST /session/5ddd57591a494e04841521b2f73ce0e1/element - {"using":"xpath","value":"//button[@data-kt=\"saveButton\"]"}
RESULT: {"using":"xpath","value":"//button[@data-kt=\"saveButton\"]"}
COMMAND: POST /session/5ddd57591a494e04841521b2f73ce0e1/element/f.76BD0702E8726841DC63080813E8F96A.d.733873BBF3EE9C3DAD04F2BBD2F4CCB6.e.20433/click - {}
RESULT: {}
COMMAND: GET /session/5ddd57591a494e04841521b2f73ce0e1/screenshot - {}
RESULT: {}
RESULT: undefined
COMMAND: POST /session/5ddd57591a494e04841521b2f73ce0e1/execute/async - {"script":"<script> [6424 bytes]","args":[{"element-6066-11e4-a52e-4f735466cecf":"f.76BD0702E8726841DC63080813E8F96A.d.733873BBF3EE9C3DAD04F2BBD2F4CCB6.e.20323"},"getText",[]]}
RESULT: {"script":"<script> [6424 bytes]","args":[{"element-6066-11e4-a52e-4f735466cecf":"f.76BD0702E8726841DC63080813E8F96A.d.733873BBF3EE9C3DAD04F2BBD2F4CCB6.e.20323"},"getText",[]]}
COMMAND: DELETE /session/5ddd57591a494e04841521b2f73ce0e1 - {}
RESULT: {}
]]></system-out>
    </testcase>
  </testsuite>
</testsuites>