<?xml version="1.0" encoding="UTF-8"?>
<testsuites tests="6" failures="0" errors="0" skipped="0">
  <testsuite timestamp="2025-04-30T16:33:05" time="1129.608" tests="6" failures="0" errors="0" skipped="0">
    <properties>
      <property name="specId" value="0" />
      <property name="suiteName" value="RU Inventory Mass State Change Multiple Items US151066" />
      <property name="capabilities" value="chrome.135_0_7049_96.windows" />
      <property name="file" value="file:///D:/a/1/s/test/specs/HTR/ru-inv-list-mass-state-change.spec.js" />
    </properties>
    <testcase classname="chrome.135_0_7049_96.windows.RU_Inventory_Mass_State_Change_Multiple_Items_US151066" name="Step 1 Should do a RU inventory mass state change on chosen yard 109 with the resources available one equipment multipart one tool pool" time="300.142">
      <system-out><![CDATA[
COMMAND: POST /session/99c1e0432be813f94d8279fe5f2ff00b/execute/async - {"script":"<script> [1562 bytes]","args":[{"selector":{"controlType":"sap.m.GenericTile","properties":{"header":"RU Inventory List"}},"wdio_ui5_key":"sapm.GenericTile{\"header\":\"RU Inventory List\"}"}]}
RESULT: {"script":"<script> [1562 bytes]","args":[{"selector":{"controlType":"sap.m.GenericTile","properties":{"header":"RU Inventory List"}},"wdio_ui5_key":"sapm.GenericTile{\"header\":\"RU Inventory List\"}"}]}
RESULT: undefined
COMMAND: POST /session/99c1e0432be813f94d8279fe5f2ff00b/element - {"using":"xpath","value":"//*[@id=\"__tile99\"]"}
RESULT: {"using":"xpath","value":"//*[@id=\"__tile99\"]"}
COMMAND: POST /session/99c1e0432be813f94d8279fe5f2ff00b/element/f.385D30113BF6ACD9869CE178C0BE29E7.d.F53D608A77FD9DC4DD399FBF48144F6F.e.260/click - {}
RESULT: {}
COMMAND: POST /session/99c1e0432be813f94d8279fe5f2ff00b/element - {"using":"xpath","value":"//button[contains(@id, \"massStateBtn\")]"}
COMMAND: GET /session/99c1e0432be813f94d8279fe5f2ff00b/screenshot - {}
RESULT: {"using":"xpath","value":"//button[contains(@id, \"massStateBtn\")]"}
COMMAND: POST /session/99c1e0432be813f94d8279fe5f2ff00b/elements - {"using":"xpath","value":"//button[contains(@id, \"massStateBtn\")]"}
RESULT: {}
RESULT: {"using":"xpath","value":"//button[contains(@id, \"massStateBtn\")]"}
COMMAND: POST /session/99c1e0432be813f94d8279fe5f2ff00b/elements - {"using":"xpath","value":"//button[contains(@id, \"massStateBtn\")]"}
RESULT: {"using":"xpath","value":"//button[contains(@id, \"massStateBtn\")]"}
COMMAND: POST /session/99c1e0432be813f94d8279fe5f2ff00b/elements - {"using":"xpath","value":"//button[contains(@id, \"massStateBtn\")]"}
RESULT: {"using":"xpath","value":"//button[contains(@id, \"massStateBtn\")]"}
COMMAND: POST /session/99c1e0432be813f94d8279fe5f2ff00b/elements - {"using":"xpath","value":"//button[contains(@id, \"massStateBtn\")]"}
RESULT: {"using":"xpath","value":"//button[contains(@id, \"massStateBtn\")]"}
COMMAND: POST /session/99c1e0432be813f94d8279fe5f2ff00b/elements - {"using":"xpath","value":"//button[contains(@id, \"massStateBtn\")]"}
RESULT: {"using":"xpath","value":"//button[contains(@id, \"massStateBtn\")]"}
COMMAND: POST /session/99c1e0432be813f94d8279fe5f2ff00b/elements - {"using":"xpath","value":"//button[contains(@id, \"massStateBtn\")]"}
RESULT: {"using":"xpath","value":"//button[contains(@id, \"massStateBtn\")]"}
COMMAND: POST /session/99c1e0432be813f94d8279fe5f2ff00b/elements - {"using":"xpath","value":"//button[contains(@id, \"massStateBtn\")]"}
RESULT: {"using":"xpath","value":"//button[contains(@id, \"massStateBtn\")]"}
COMMAND: POST /session/99c1e0432be813f94d8279fe5f2ff00b/elements - {"using":"xpath","value":"//button[contains(@id, \"massStateBtn\")]"}
RESULT: {"using":"xpath","value":"//button[contains(@id, \"massStateBtn\")]"}
COMMAND: POST /session/99c1e0432be813f94d8279fe5f2ff00b/elements - {"using":"xpath","value":"//button[contains(@id, \"massStateBtn\")]"}
RESULT: {"using":"xpath","value":"//button[contains(@id, \"massStateBtn\")]"}
COMMAND: POST /session/99c1e0432be813f94d8279fe5f2ff00b/elements - {"using":"xpath","value":"//button[contains(@id, \"massStateBtn\")]"}
RESULT: {"using":"xpath","value":"//button[contains(@id, \"massStateBtn\")]"}
COMMAND: POST /session/99c1e0432be813f94d8279fe5f2ff00b/elements - {"using":"xpath","value":"//button[contains(@id, \"massStateBtn\")]"}
RESULT: {"using":"xpath","value":"//button[contains(@id, \"massStateBtn\")]"}
COMMAND: POST /session/99c1e0432be813f94d8279fe5f2ff00b/elements - {"using":"xpath","value":"//button[contains(@id, \"massStateBtn\")]"}
RESULT: {"using":"xpath","value":"//button[contains(@id, \"massStateBtn\")]"}
COMMAND: POST /session/99c1e0432be813f94d8279fe5f2ff00b/elements - {"using":"xpath","value":"//button[contains(@id, \"massStateBtn\")]"}
RESULT: {"using":"xpath","value":"//button[contains(@id, \"massStateBtn\")]"}
COMMAND: POST /session/99c1e0432be813f94d8279fe5f2ff00b/elements - {"using":"xpath","value":"//button[contains(@id, \"massStateBtn\")]"}
RESULT: {"using":"xpath","value":"//button[contains(@id, \"massStateBtn\")]"}
COMMAND: POST /session/99c1e0432be813f94d8279fe5f2ff00b/elements - {"using":"xpath","value":"//button[contains(@id, \"massStateBtn\")]"}
RESULT: {"using":"xpath","value":"//button[contains(@id, \"massStateBtn\")]"}
COMMAND: POST /session/99c1e0432be813f94d8279fe5f2ff00b/elements - {"using":"xpath","value":"//button[contains(@id, \"massStateBtn\")]"}
RESULT: {"using":"xpath","value":"//button[contains(@id, \"massStateBtn\")]"}
COMMAND: POST /session/99c1e0432be813f94d8279fe5f2ff00b/elements - {"using":"xpath","value":"//button[contains(@id, \"massStateBtn\")]"}
RESULT: {"using":"xpath","value":"//button[contains(@id, \"massStateBtn\")]"}
COMMAND: POST /session/99c1e0432be813f94d8279fe5f2ff00b/elements - {"using":"xpath","value":"//button[contains(@id, \"massStateBtn\")]"}
RESULT: {"using":"xpath","value":"//button[contains(@id, \"massStateBtn\")]"}
COMMAND: POST /session/99c1e0432be813f94d8279fe5f2ff00b/elements - {"using":"xpath","value":"//button[contains(@id, \"massStateBtn\")]"}
RESULT: {"using":"xpath","value":"//button[contains(@id, \"massStateBtn\")]"}
COMMAND: POST /session/99c1e0432be813f94d8279fe5f2ff00b/elements - {"using":"xpath","value":"//button[contains(@id, \"massStateBtn\")]"}
RESULT: {"using":"xpath","value":"//button[contains(@id, \"massStateBtn\")]"}
COMMAND: POST /session/99c1e0432be813f94d8279fe5f2ff00b/elements - {"using":"xpath","value":"//button[contains(@id, \"massStateBtn\")]"}
RESULT: {"using":"xpath","value":"//button[contains(@id, \"massStateBtn\")]"}
COMMAND: POST /session/99c1e0432be813f94d8279fe5f2ff00b/elements - {"using":"xpath","value":"//button[contains(@id, \"massStateBtn\")]"}
RESULT: {"using":"xpath","value":"//button[contains(@id, \"massStateBtn\")]"}
COMMAND: POST /session/99c1e0432be813f94d8279fe5f2ff00b/elements - {"using":"xpath","value":"//button[contains(@id, \"massStateBtn\")]"}
RESULT: {"using":"xpath","value":"//button[contains(@id, \"massStateBtn\")]"}
COMMAND: POST /session/99c1e0432be813f94d8279fe5f2ff00b/elements - {"using":"xpath","value":"//button[contains(@id, \"massStateBtn\")]"}
RESULT: {"using":"xpath","value":"//button[contains(@id, \"massStateBtn\")]"}
COMMAND: POST /session/99c1e0432be813f94d8279fe5f2ff00b/elements - {"using":"xpath","value":"//button[contains(@id, \"massStateBtn\")]"}
RESULT: {"using":"xpath","value":"//button[contains(@id, \"massStateBtn\")]"}
COMMAND: POST /session/99c1e0432be813f94d8279fe5f2ff00b/elements - {"using":"xpath","value":"//button[contains(@id, \"massStateBtn\")]"}
RESULT: {"using":"xpath","value":"//button[contains(@id, \"massStateBtn\")]"}
COMMAND: POST /session/99c1e0432be813f94d8279fe5f2ff00b/elements - {"using":"xpath","value":"//button[contains(@id, \"massStateBtn\")]"}
RESULT: {"using":"xpath","value":"//button[contains(@id, \"massStateBtn\")]"}
COMMAND: POST /session/99c1e0432be813f94d8279fe5f2ff00b/elements - {"using":"xpath","value":"//button[contains(@id, \"massStateBtn\")]"}
RESULT: {"using":"xpath","value":"//button[contains(@id, \"massStateBtn\")]"}
COMMAND: POST /session/99c1e0432be813f94d8279fe5f2ff00b/elements - {"using":"xpath","value":"//button[contains(@id, \"massStateBtn\")]"}
RESULT: {"using":"xpath","value":"//button[contains(@id, \"massStateBtn\")]"}
COMMAND: POST /session/99c1e0432be813f94d8279fe5f2ff00b/elements - {"using":"xpath","value":"//button[contains(@id, \"massStateBtn\")]"}
RESULT: {"using":"xpath","value":"//button[contains(@id, \"massStateBtn\")]"}
COMMAND: POST /session/99c1e0432be813f94d8279fe5f2ff00b/elements - {"using":"xpath","value":"//button[contains(@id, \"massStateBtn\")]"}
RESULT: {"using":"xpath","value":"//button[contains(@id, \"massStateBtn\")]"}
COMMAND: POST /session/99c1e0432be813f94d8279fe5f2ff00b/elements - {"using":"xpath","value":"//button[contains(@id, \"massStateBtn\")]"}
RESULT: {"using":"xpath","value":"//button[contains(@id, \"massStateBtn\")]"}
COMMAND: POST /session/99c1e0432be813f94d8279fe5f2ff00b/elements - {"using":"xpath","value":"//button[contains(@id, \"massStateBtn\")]"}
RESULT: {"using":"xpath","value":"//button[contains(@id, \"massStateBtn\")]"}
COMMAND: POST /session/99c1e0432be813f94d8279fe5f2ff00b/element - {"using":"xpath","value":"//button[contains(@id, \"massStateBtn\")]"}
RESULT: {"using":"xpath","value":"//button[contains(@id, \"massStateBtn\")]"}
COMMAND: POST /session/99c1e0432be813f94d8279fe5f2ff00b/execute/sync - {"script":"<script> [8489 bytes]","args":[{"element-6066-11e4-a52e-4f735466cecf":"f.385D30113BF6ACD9869CE178C0BE29E7.d.F53D608A77FD9DC4DD399FBF48144F6F.e.296","ELEMENT":"f.385D30113BF6ACD9869CE178C0BE29E7.d.F53D608A77FD9DC4DD399FBF48144F6F.e.296"}]}
RESULT: {"script":"<script> [8489 bytes]","args":[{"element-6066-11e4-a52e-4f735466cecf":"f.385D30113BF6ACD9869CE178C0BE29E7.d.F53D608A77FD9DC4DD399FBF48144F6F.e.296","ELEMENT":"f.385D30113BF6ACD9869CE178C0BE29E7.d.F53D608A77FD9DC4DD399FBF48144F6F.e.296"}]}
COMMAND: GET /session/99c1e0432be813f94d8279fe5f2ff00b/element/f.385D30113BF6ACD9869CE178C0BE29E7.d.F53D608A77FD9DC4DD399FBF48144F6F.e.296/enabled - {}
COMMAND: GET /session/99c1e0432be813f94d8279fe5f2ff00b/screenshot - {}
RESULT: {}
COMMAND: POST /session/99c1e0432be813f94d8279fe5f2ff00b/execute/sync - {"script":"<script> [8489 bytes]","args":[{"element-6066-11e4-a52e-4f735466cecf":"f.385D30113BF6ACD9869CE178C0BE29E7.d.F53D608A77FD9DC4DD399FBF48144F6F.e.296","ELEMENT":"f.385D30113BF6ACD9869CE178C0BE29E7.d.F53D608A77FD9DC4DD399FBF48144F6F.e.296"}]}
COMMAND: GET /session/99c1e0432be813f94d8279fe5f2ff00b/screenshot - {}
RESULT: {}
RESULT: {"script":"<script> [8489 bytes]","args":[{"element-6066-11e4-a52e-4f735466cecf":"f.385D30113BF6ACD9869CE178C0BE29E7.d.F53D608A77FD9DC4DD399FBF48144F6F.e.296","ELEMENT":"f.385D30113BF6ACD9869CE178C0BE29E7.d.F53D608A77FD9DC4DD399FBF48144F6F.e.296"}]}
COMMAND: POST /session/99c1e0432be813f94d8279fe5f2ff00b/execute/sync - {"script":"<script> [5351 bytes]","args":[{"element-6066-11e4-a52e-4f735466cecf":"f.385D30113BF6ACD9869CE178C0BE29E7.d.F53D608A77FD9DC4DD399FBF48144F6F.e.296","ELEMENT":"f.385D30113BF6ACD9869CE178C0BE29E7.d.F53D608A77FD9DC4DD399FBF48144F6F.e.296"}]}
COMMAND: GET /session/99c1e0432be813f94d8279fe5f2ff00b/screenshot - {}
RESULT: {}
RESULT: {"script":"<script> [5351 bytes]","args":[{"element-6066-11e4-a52e-4f735466cecf":"f.385D30113BF6ACD9869CE178C0BE29E7.d.F53D608A77FD9DC4DD399FBF48144F6F.e.296","ELEMENT":"f.385D30113BF6ACD9869CE178C0BE29E7.d.F53D608A77FD9DC4DD399FBF48144F6F.e.296"}]}
COMMAND: POST /session/99c1e0432be813f94d8279fe5f2ff00b/element/f.385D30113BF6ACD9869CE178C0BE29E7.d.F53D608A77FD9DC4DD399FBF48144F6F.e.296/click - {}
COMMAND: GET /session/99c1e0432be813f94d8279fe5f2ff00b/screenshot - {}
RESULT: {}
RESULT: {}
COMMAND: GET /session/99c1e0432be813f94d8279fe5f2ff00b/screenshot - {}
RESULT: {}
RESULT: {}
COMMAND: POST /session/99c1e0432be813f94d8279fe5f2ff00b/execute/async - {"script":"<script> [1562 bytes]","args":[{"selector":{"id":"application-ruinventorylist-display-component---Master--ruLocationTypeComboBox-arrow"},"wdio_ui5_key":"applicationruinventorylist-display-component---Master--ruLocationTypeComboBox-arrow"}]}
RESULT: {"script":"<script> [1562 bytes]","args":[{"selector":{"id":"application-ruinventorylist-display-component---Master--ruLocationTypeComboBox-arrow"},"wdio_ui5_key":"applicationruinventorylist-display-component---Master--ruLocationTypeComboBox-arrow"}]}
RESULT: undefined
COMMAND: POST /session/99c1e0432be813f94d8279fe5f2ff00b/element - {"using":"xpath","value":"//*[@id=\"application-ruinventorylist-display-component---Master--ruLocationTypeComboBox-arrow\"]"}
RESULT: {"using":"xpath","value":"//*[@id=\"application-ruinventorylist-display-component---Master--ruLocationTypeComboBox-arrow\"]"}
COMMAND: POST /session/99c1e0432be813f94d8279fe5f2ff00b/element/f.385D30113BF6ACD9869CE178C0BE29E7.d.F53D608A77FD9DC4DD399FBF48144F6F.e.648/click - {}
RESULT: {}
COMMAND: GET /session/99c1e0432be813f94d8279fe5f2ff00b/screenshot - {}
RESULT: {}
COMMAND: POST /session/99c1e0432be813f94d8279fe5f2ff00b/element - {"using":"xpath","value":"//li[.//span[text()='Yard']]"}
RESULT: {"using":"xpath","value":"//li[.//span[text()='Yard']]"}
COMMAND: POST /session/99c1e0432be813f94d8279fe5f2ff00b/element/f.385D30113BF6ACD9869CE178C0BE29E7.d.F53D608A77FD9DC4DD399FBF48144F6F.e.649/click - {}
RESULT: {}
COMMAND: GET /session/99c1e0432be813f94d8279fe5f2ff00b/screenshot - {}
RESULT: {}
COMMAND: POST /session/99c1e0432be813f94d8279fe5f2ff00b/execute/async - {"script":"<script> [1562 bytes]","args":[{"selector":{"id":"application-ruinventorylist-display-component---Master--smartFilterBar-filterItemControl_BASIC-YARD-vhi"},"wdio_ui5_key":"applicationruinventorylist-display-component---Master--smartFilterBar-filterItemControl_BASIC-YARD-vhi"}]}
RESULT: {"script":"<script> [1562 bytes]","args":[{"selector":{"id":"application-ruinventorylist-display-component---Master--smartFilterBar-filterItemControl_BASIC-YARD-vhi"},"wdio_ui5_key":"applicationruinventorylist-display-component---Master--smartFilterBar-filterItemControl_BASIC-YARD-vhi"}]}
RESULT: undefined
COMMAND: POST /session/99c1e0432be813f94d8279fe5f2ff00b/element - {"using":"xpath","value":"//*[@id=\"application-ruinventorylist-display-component---Master--smartFilterBar-filterItemControl_BASIC-YARD-vhi\"]"}
RESULT: {"using":"xpath","value":"//*[@id=\"application-ruinventorylist-display-component---Master--smartFilterBar-filterItemControl_BASIC-YARD-vhi\"]"}
COMMAND: POST /session/99c1e0432be813f94d8279fe5f2ff00b/element/f.385D30113BF6ACD9869CE178C0BE29E7.d.F53D608A77FD9DC4DD399FBF48144F6F.e.709/click - {}
RESULT: {}
COMMAND: GET /session/99c1e0432be813f94d8279fe5f2ff00b/screenshot - {}
RESULT: {}
COMMAND: POST /session/99c1e0432be813f94d8279fe5f2ff00b/execute/async - {"script":"<script> [1562 bytes]","args":[{"selector":{"id":"application-ruinventorylist-display-component---Master--smartFilterBar-filterItemControl_BASIC-YARD-valueHelpDialog-smartFilterBar-btnBasicSearch","searchOpenDialogs":true,"interaction":{"idSuffix":"I"}},"wdio_ui5_key":"applicationruinventorylist-display-component---Master--smartFilterBar-filterItemControl_BASIC-YARD-valueHelpDialog-smartFilterBar-btnBasicSearch"}]}
RESULT: {"script":"<script> [1562 bytes]","args":[{"selector":{"id":"application-ruinventorylist-display-component---Master--smartFilterBar-filterItemControl_BASIC-YARD-valueHelpDialog-smartFilterBar-btnBasicSearch","searchOpenDialogs":true,"interaction":{"idSuffix":"I"}},"wdio_ui5_key":"applicationruinventorylist-display-component---Master--smartFilterBar-filterItemControl_BASIC-YARD-valueHelpDialog-smartFilterBar-btnBasicSearch"}]}
RESULT: undefined
COMMAND: POST /session/99c1e0432be813f94d8279fe5f2ff00b/execute/async - {"script":"<script> [776 bytes]","args":[{"enterText":"109","selector":{"id":"application-ruinventorylist-display-component---Master--smartFilterBar-filterItemControl_BASIC-YARD-valueHelpDialog-smartFilterBar-btnBasicSearch","searchOpenDialogs":true,"interaction":{"idSuffix":"I"}},"clearTextFirst":true,"interactionType":"ENTER_TEXT"}]}
RESULT: {"script":"<script> [776 bytes]","args":[{"enterText":"109","selector":{"id":"application-ruinventorylist-display-component---Master--smartFilterBar-filterItemControl_BASIC-YARD-valueHelpDialog-smartFilterBar-btnBasicSearch","searchOpenDialogs":true,"interaction":{"idSuffix":"I"}},"clearTextFirst":true,"interactionType":"ENTER_TEXT"}]}
COMMAND: POST /session/99c1e0432be813f94d8279fe5f2ff00b/actions - {"actions":[{"id":"action1","type":"key","parameters":{},"actions":[{"type":"keyDown","value":"î€‡"},{"type":"pause","duration":10},{"type":"keyUp","value":"î€‡"}]}]}
RESULT: {"actions":[{"id":"action1","type":"key","parameters":{},"actions":[{"type":"keyDown","value":"î€‡"},{"type":"pause","duration":10},{"type":"keyUp","value":"î€‡"}]}]}
COMMAND: GET /session/99c1e0432be813f94d8279fe5f2ff00b/screenshot - {}
RESULT: {}
COMMAND: POST /session/99c1e0432be813f94d8279fe5f2ff00b/elements - {"using":"xpath","value":"//table[contains(@id, \"filterItemControl_BASIC-YARD-valueHelpDialog-table-table\")]/tbody/tr"}
RESULT: {"using":"xpath","value":"//table[contains(@id, \"filterItemControl_BASIC-YARD-valueHelpDialog-table-table\")]/tbody/tr"}
COMMAND: POST /session/99c1e0432be813f94d8279fe5f2ff00b/element - {"using":"xpath","value":"//table[contains(@id, \"filterItemControl_BASIC-YARD-valueHelpDialog-table-table\")]/tbody/tr[1]/td[1]/div/span"}
RESULT: {"using":"xpath","value":"//table[contains(@id, \"filterItemControl_BASIC-YARD-valueHelpDialog-table-table\")]/tbody/tr[1]/td[1]/div/span"}
COMMAND: POST /session/99c1e0432be813f94d8279fe5f2ff00b/elements - {"using":"xpath","value":"//table[contains(@id, \"filterItemControl_BASIC-YARD-valueHelpDialog-table-table\")]/tbody/tr[1]/td[1]/div/span"}
RESULT: {"using":"xpath","value":"//table[contains(@id, \"filterItemControl_BASIC-YARD-valueHelpDialog-table-table\")]/tbody/tr[1]/td[1]/div/span"}
COMMAND: POST /session/99c1e0432be813f94d8279fe5f2ff00b/execute/sync - {"script":"<script> [56 bytes]","args":[{"element-6066-11e4-a52e-4f735466cecf":"f.385D30113BF6ACD9869CE178C0BE29E7.d.F53D608A77FD9DC4DD399FBF48144F6F.e.733","ELEMENT":"f.385D30113BF6ACD9869CE178C0BE29E7.d.F53D608A77FD9DC4DD399FBF48144F6F.e.733"}]}
RESULT: {"script":"<script> [56 bytes]","args":[{"element-6066-11e4-a52e-4f735466cecf":"f.385D30113BF6ACD9869CE178C0BE29E7.d.F53D608A77FD9DC4DD399FBF48144F6F.e.733","ELEMENT":"f.385D30113BF6ACD9869CE178C0BE29E7.d.F53D608A77FD9DC4DD399FBF48144F6F.e.733"}]}
COMMAND: POST /session/99c1e0432be813f94d8279fe5f2ff00b/element - {"using":"xpath","value":"//div[contains(@id, \"filterItemControl_BASIC-YARD-valueHelpDialog-table-rowsel0\")]"}
COMMAND: GET /session/99c1e0432be813f94d8279fe5f2ff00b/screenshot - {}
RESULT: {"using":"xpath","value":"//div[contains(@id, \"filterItemControl_BASIC-YARD-valueHelpDialog-table-rowsel0\")]"}
COMMAND: POST /session/99c1e0432be813f94d8279fe5f2ff00b/element/f.385D30113BF6ACD9869CE178C0BE29E7.d.F53D608A77FD9DC4DD399FBF48144F6F.e.734/click - {}
RESULT: {}
RESULT: {}
COMMAND: GET /session/99c1e0432be813f94d8279fe5f2ff00b/screenshot - {}
RESULT: {}
COMMAND: POST /session/99c1e0432be813f94d8279fe5f2ff00b/element - {"using":"xpath","value":"//div[contains(@id, \"smartFilterBar-filterItemControl_BASIC-YARD-valueHelpDialog-smartFilterBar-btnBasicSearch-reset\")]"}
RESULT: {"using":"xpath","value":"//div[contains(@id, \"smartFilterBar-filterItemControl_BASIC-YARD-valueHelpDialog-smartFilterBar-btnBasicSearch-reset\")]"}
COMMAND: POST /session/99c1e0432be813f94d8279fe5f2ff00b/element/f.385D30113BF6ACD9869CE178C0BE29E7.d.F53D608A77FD9DC4DD399FBF48144F6F.e.736/click - {}
RESULT: {}
RESULT: undefined
COMMAND: POST /session/99c1e0432be813f94d8279fe5f2ff00b/execute/async - {"script":"<script> [776 bytes]","args":[{"enterText":"OPA5_BST01_YARD1","selector":{"id":"application-ruinventorylist-display-component---Master--smartFilterBar-filterItemControl_BASIC-YARD-valueHelpDialog-smartFilterBar-btnBasicSearch","searchOpenDialogs":true,"interaction":{"idSuffix":"I"}},"clearTextFirst":true,"interactionType":"ENTER_TEXT"}]}
COMMAND: GET /session/99c1e0432be813f94d8279fe5f2ff00b/screenshot - {}
RESULT: {"script":"<script> [776 bytes]","args":[{"enterText":"OPA5_BST01_YARD1","selector":{"id":"application-ruinventorylist-display-component---Master--smartFilterBar-filterItemControl_BASIC-YARD-valueHelpDialog-smartFilterBar-btnBasicSearch","searchOpenDialogs":true,"interaction":{"idSuffix":"I"}},"clearTextFirst":true,"interactionType":"ENTER_TEXT"}]}
COMMAND: POST /session/99c1e0432be813f94d8279fe5f2ff00b/actions - {"actions":[{"id":"action2","type":"key","parameters":{},"actions":[{"type":"keyDown","value":"î€‡"},{"type":"pause","duration":10},{"type":"keyUp","value":"î€‡"}]}]}
RESULT: {}
RESULT: {"actions":[{"id":"action2","type":"key","parameters":{},"actions":[{"type":"keyDown","value":"î€‡"},{"type":"pause","duration":10},{"type":"keyUp","value":"î€‡"}]}]}
COMMAND: GET /session/99c1e0432be813f94d8279fe5f2ff00b/screenshot - {}
RESULT: {}
COMMAND: POST /session/99c1e0432be813f94d8279fe5f2ff00b/elements - {"using":"xpath","value":"//table[contains(@id, \"filterItemControl_BASIC-YARD-valueHelpDialog-table-table\")]/tbody/tr"}
RESULT: {"using":"xpath","value":"//table[contains(@id, \"filterItemControl_BASIC-YARD-valueHelpDialog-table-table\")]/tbody/tr"}
COMMAND: POST /session/99c1e0432be813f94d8279fe5f2ff00b/element - {"using":"xpath","value":"//table[contains(@id, \"filterItemControl_BASIC-YARD-valueHelpDialog-table-table\")]/tbody/tr[1]/td[1]/div/span"}
RESULT: {"using":"xpath","value":"//table[contains(@id, \"filterItemControl_BASIC-YARD-valueHelpDialog-table-table\")]/tbody/tr[1]/td[1]/div/span"}
COMMAND: POST /session/99c1e0432be813f94d8279fe5f2ff00b/elements - {"using":"xpath","value":"//table[contains(@id, \"filterItemControl_BASIC-YARD-valueHelpDialog-table-table\")]/tbody/tr[1]/td[1]/div/span"}
RESULT: {"using":"xpath","value":"//table[contains(@id, \"filterItemControl_BASIC-YARD-valueHelpDialog-table-table\")]/tbody/tr[1]/td[1]/div/span"}
COMMAND: POST /session/99c1e0432be813f94d8279fe5f2ff00b/execute/sync - {"script":"<script> [56 bytes]","args":[{"element-6066-11e4-a52e-4f735466cecf":"f.385D30113BF6ACD9869CE178C0BE29E7.d.F53D608A77FD9DC4DD399FBF48144F6F.e.733","ELEMENT":"f.385D30113BF6ACD9869CE178C0BE29E7.d.F53D608A77FD9DC4DD399FBF48144F6F.e.733"}]}
RESULT: {"script":"<script> [56 bytes]","args":[{"element-6066-11e4-a52e-4f735466cecf":"f.385D30113BF6ACD9869CE178C0BE29E7.d.F53D608A77FD9DC4DD399FBF48144F6F.e.733","ELEMENT":"f.385D30113BF6ACD9869CE178C0BE29E7.d.F53D608A77FD9DC4DD399FBF48144F6F.e.733"}]}
COMMAND: POST /session/99c1e0432be813f94d8279fe5f2ff00b/element - {"using":"xpath","value":"//div[contains(@id, \"filterItemControl_BASIC-YARD-valueHelpDialog-table-rowsel0\")]"}
COMMAND: GET /session/99c1e0432be813f94d8279fe5f2ff00b/screenshot - {}
RESULT: {"using":"xpath","value":"//div[contains(@id, \"filterItemControl_BASIC-YARD-valueHelpDialog-table-rowsel0\")]"}
COMMAND: POST /session/99c1e0432be813f94d8279fe5f2ff00b/element/f.385D30113BF6ACD9869CE178C0BE29E7.d.F53D608A77FD9DC4DD399FBF48144F6F.e.734/click - {}
RESULT: {}
RESULT: {}
COMMAND: GET /session/99c1e0432be813f94d8279fe5f2ff00b/screenshot - {}
RESULT: {}
COMMAND: POST /session/99c1e0432be813f94d8279fe5f2ff00b/element - {"using":"xpath","value":"(//bdi[contains(text(), \"OK\")])[1]"}
RESULT: {"using":"xpath","value":"(//bdi[contains(text(), \"OK\")])[1]"}
COMMAND: POST /session/99c1e0432be813f94d8279fe5f2ff00b/element/f.385D30113BF6ACD9869CE178C0BE29E7.d.F53D608A77FD9DC4DD399FBF48144F6F.e.737/click - {}
RESULT: {}
COMMAND: GET /session/99c1e0432be813f94d8279fe5f2ff00b/screenshot - {}
RESULT: {}
COMMAND: POST /session/99c1e0432be813f94d8279fe5f2ff00b/element - {"using":"xpath","value":"//span[@id=\"application-ruinventorylist-display-component---Master--smartTableRuInventoryList-header-inner\"]"}
RESULT: {"using":"xpath","value":"//span[@id=\"application-ruinventorylist-display-component---Master--smartTableRuInventoryList-header-inner\"]"}
COMMAND: POST /session/99c1e0432be813f94d8279fe5f2ff00b/elements - {"using":"xpath","value":"//span[@id=\"application-ruinventorylist-display-component---Master--smartTableRuInventoryList-header-inner\"]"}
RESULT: {"using":"xpath","value":"//span[@id=\"application-ruinventorylist-display-component---Master--smartTableRuInventoryList-header-inner\"]"}
COMMAND: POST /session/99c1e0432be813f94d8279fe5f2ff00b/execute/sync - {"script":"<script> [56 bytes]","args":[{"element-6066-11e4-a52e-4f735466cecf":"f.385D30113BF6ACD9869CE178C0BE29E7.d.F53D608A77FD9DC4DD399FBF48144F6F.e.880","ELEMENT":"f.385D30113BF6ACD9869CE178C0BE29E7.d.F53D608A77FD9DC4DD399FBF48144F6F.e.880"}]}
RESULT: {"script":"<script> [56 bytes]","args":[{"element-6066-11e4-a52e-4f735466cecf":"f.385D30113BF6ACD9869CE178C0BE29E7.d.F53D608A77FD9DC4DD399FBF48144F6F.e.880","ELEMENT":"f.385D30113BF6ACD9869CE178C0BE29E7.d.F53D608A77FD9DC4DD399FBF48144F6F.e.880"}]}
COMMAND: POST /session/99c1e0432be813f94d8279fe5f2ff00b/execute/async - {"script":"<script> [1562 bytes]","args":[{"selector":{"id":"application-ruinventorylist-display-component---Master--smartFilterBar-btnBasicSearch","interaction":{"idSuffix":"I"}},"wdio_ui5_key":"applicationruinventorylist-display-component---Master--smartFilterBar-btnBasicSearch"}]}
COMMAND: GET /session/99c1e0432be813f94d8279fe5f2ff00b/screenshot - {}
RESULT: {"script":"<script> [1562 bytes]","args":[{"selector":{"id":"application-ruinventorylist-display-component---Master--smartFilterBar-btnBasicSearch","interaction":{"idSuffix":"I"}},"wdio_ui5_key":"applicationruinventorylist-display-component---Master--smartFilterBar-btnBasicSearch"}]}
RESULT: undefined
COMMAND: POST /session/99c1e0432be813f94d8279fe5f2ff00b/execute/async - {"script":"<script> [776 bytes]","args":[{"enterText":"600002","selector":{"id":"application-ruinventorylist-display-component---Master--smartFilterBar-btnBasicSearch","interaction":{"idSuffix":"I"}},"clearTextFirst":true,"interactionType":"ENTER_TEXT"}]}
RESULT: {}
RESULT: {"script":"<script> [776 bytes]","args":[{"enterText":"600002","selector":{"id":"application-ruinventorylist-display-component---Master--smartFilterBar-btnBasicSearch","interaction":{"idSuffix":"I"}},"clearTextFirst":true,"interactionType":"ENTER_TEXT"}]}
COMMAND: POST /session/99c1e0432be813f94d8279fe5f2ff00b/actions - {"actions":[{"id":"action3","type":"key","parameters":{},"actions":[{"type":"keyDown","value":"î€‡"},{"type":"pause","duration":10},{"type":"keyUp","value":"î€‡"}]}]}
RESULT: {"actions":[{"id":"action3","type":"key","parameters":{},"actions":[{"type":"keyDown","value":"î€‡"},{"type":"pause","duration":10},{"type":"keyUp","value":"î€‡"}]}]}
COMMAND: GET /session/99c1e0432be813f94d8279fe5f2ff00b/screenshot - {}
RESULT: {}
COMMAND: POST /session/99c1e0432be813f94d8279fe5f2ff00b/element - {"using":"xpath","value":"//span[@id=\"application-ruinventorylist-display-component---Master--smartTableRuInventoryList-header-inner\"]"}
RESULT: {"using":"xpath","value":"//span[@id=\"application-ruinventorylist-display-component---Master--smartTableRuInventoryList-header-inner\"]"}
COMMAND: POST /session/99c1e0432be813f94d8279fe5f2ff00b/elements - {"using":"xpath","value":"//span[@id=\"application-ruinventorylist-display-component---Master--smartTableRuInventoryList-header-inner\"]"}
RESULT: {"using":"xpath","value":"//span[@id=\"application-ruinventorylist-display-component---Master--smartTableRuInventoryList-header-inner\"]"}
COMMAND: POST /session/99c1e0432be813f94d8279fe5f2ff00b/execute/sync - {"script":"<script> [56 bytes]","args":[{"element-6066-11e4-a52e-4f735466cecf":"f.385D30113BF6ACD9869CE178C0BE29E7.d.F53D608A77FD9DC4DD399FBF48144F6F.e.880","ELEMENT":"f.385D30113BF6ACD9869CE178C0BE29E7.d.F53D608A77FD9DC4DD399FBF48144F6F.e.880"}]}
RESULT: {"script":"<script> [56 bytes]","args":[{"element-6066-11e4-a52e-4f735466cecf":"f.385D30113BF6ACD9869CE178C0BE29E7.d.F53D608A77FD9DC4DD399FBF48144F6F.e.880","ELEMENT":"f.385D30113BF6ACD9869CE178C0BE29E7.d.F53D608A77FD9DC4DD399FBF48144F6F.e.880"}]}
COMMAND: POST /session/99c1e0432be813f94d8279fe5f2ff00b/element - {"using":"xpath","value":"//table[contains(@id, \"application-ruinventorylist-display-component---Master--tableRuInventoryList-listUl\")]/tbody/tr[1]/td[2]/div/div"}
COMMAND: GET /session/99c1e0432be813f94d8279fe5f2ff00b/screenshot - {}
RESULT: {"using":"xpath","value":"//table[contains(@id, \"application-ruinventorylist-display-component---Master--tableRuInventoryList-listUl\")]/tbody/tr[1]/td[2]/div/div"}
COMMAND: POST /session/99c1e0432be813f94d8279fe5f2ff00b/element/f.385D30113BF6ACD9869CE178C0BE29E7.d.F53D608A77FD9DC4DD399FBF48144F6F.e.887/click - {}
RESULT: {}
RESULT: {}
COMMAND: GET /session/99c1e0432be813f94d8279fe5f2ff00b/screenshot - {}
RESULT: {}
COMMAND: POST /session/99c1e0432be813f94d8279fe5f2ff00b/element - {"using":"xpath","value":"//div[contains(@id, \"smartFilterBar-btnBasicSearch-reset\")]"}
RESULT: {"using":"xpath","value":"//div[contains(@id, \"smartFilterBar-btnBasicSearch-reset\")]"}
COMMAND: POST /session/99c1e0432be813f94d8279fe5f2ff00b/element/f.385D30113BF6ACD9869CE178C0BE29E7.d.F53D608A77FD9DC4DD399FBF48144F6F.e.897/click - {}
RESULT: {}
COMMAND: GET /session/99c1e0432be813f94d8279fe5f2ff00b/screenshot - {}
RESULT: {}
RESULT: undefined
COMMAND: POST /session/99c1e0432be813f94d8279fe5f2ff00b/execute/async - {"script":"<script> [776 bytes]","args":[{"enterText":"401002","selector":{"id":"application-ruinventorylist-display-component---Master--smartFilterBar-btnBasicSearch","interaction":{"idSuffix":"I"}},"clearTextFirst":true,"interactionType":"ENTER_TEXT"}]}
RESULT: {"script":"<script> [776 bytes]","args":[{"enterText":"401002","selector":{"id":"application-ruinventorylist-display-component---Master--smartFilterBar-btnBasicSearch","interaction":{"idSuffix":"I"}},"clearTextFirst":true,"interactionType":"ENTER_TEXT"}]}
COMMAND: POST /session/99c1e0432be813f94d8279fe5f2ff00b/actions - {"actions":[{"id":"action4","type":"key","parameters":{},"actions":[{"type":"keyDown","value":"î€‡"},{"type":"pause","duration":10},{"type":"keyUp","value":"î€‡"}]}]}
RESULT: {"actions":[{"id":"action4","type":"key","parameters":{},"actions":[{"type":"keyDown","value":"î€‡"},{"type":"pause","duration":10},{"type":"keyUp","value":"î€‡"}]}]}
COMMAND: GET /session/99c1e0432be813f94d8279fe5f2ff00b/screenshot - {}
RESULT: {}
COMMAND: POST /session/99c1e0432be813f94d8279fe5f2ff00b/element - {"using":"xpath","value":"//span[@id=\"application-ruinventorylist-display-component---Master--smartTableRuInventoryList-header-inner\"]"}
RESULT: {"using":"xpath","value":"//span[@id=\"application-ruinventorylist-display-component---Master--smartTableRuInventoryList-header-inner\"]"}
COMMAND: POST /session/99c1e0432be813f94d8279fe5f2ff00b/elements - {"using":"xpath","value":"//span[@id=\"application-ruinventorylist-display-component---Master--smartTableRuInventoryList-header-inner\"]"}
RESULT: {"using":"xpath","value":"//span[@id=\"application-ruinventorylist-display-component---Master--smartTableRuInventoryList-header-inner\"]"}
COMMAND: POST /session/99c1e0432be813f94d8279fe5f2ff00b/execute/sync - {"script":"<script> [56 bytes]","args":[{"element-6066-11e4-a52e-4f735466cecf":"f.385D30113BF6ACD9869CE178C0BE29E7.d.F53D608A77FD9DC4DD399FBF48144F6F.e.880","ELEMENT":"f.385D30113BF6ACD9869CE178C0BE29E7.d.F53D608A77FD9DC4DD399FBF48144F6F.e.880"}]}
RESULT: {"script":"<script> [56 bytes]","args":[{"element-6066-11e4-a52e-4f735466cecf":"f.385D30113BF6ACD9869CE178C0BE29E7.d.F53D608A77FD9DC4DD399FBF48144F6F.e.880","ELEMENT":"f.385D30113BF6ACD9869CE178C0BE29E7.d.F53D608A77FD9DC4DD399FBF48144F6F.e.880"}]}
COMMAND: POST /session/99c1e0432be813f94d8279fe5f2ff00b/element - {"using":"xpath","value":"//table[contains(@id, \"application-ruinventorylist-display-component---Master--tableRuInventoryList-listUl\")]/tbody/tr[1]/td[2]/div/div"}
COMMAND: GET /session/99c1e0432be813f94d8279fe5f2ff00b/screenshot - {}
RESULT: {"using":"xpath","value":"//table[contains(@id, \"application-ruinventorylist-display-component---Master--tableRuInventoryList-listUl\")]/tbody/tr[1]/td[2]/div/div"}
COMMAND: POST /session/99c1e0432be813f94d8279fe5f2ff00b/element/f.385D30113BF6ACD9869CE178C0BE29E7.d.F53D608A77FD9DC4DD399FBF48144F6F.e.1049/click - {}
RESULT: {}
RESULT: {}
COMMAND: GET /session/99c1e0432be813f94d8279fe5f2ff00b/screenshot - {}
RESULT: {}
COMMAND: POST /session/99c1e0432be813f94d8279fe5f2ff00b/element - {"using":"xpath","value":"//div[contains(@id, \"smartFilterBar-btnBasicSearch-reset\")]"}
RESULT: {"using":"xpath","value":"//div[contains(@id, \"smartFilterBar-btnBasicSearch-reset\")]"}
COMMAND: POST /session/99c1e0432be813f94d8279fe5f2ff00b/element/f.385D30113BF6ACD9869CE178C0BE29E7.d.F53D608A77FD9DC4DD399FBF48144F6F.e.897/click - {}
RESULT: {}
COMMAND: GET /session/99c1e0432be813f94d8279fe5f2ff00b/screenshot - {}
RESULT: {}
COMMAND: POST /session/99c1e0432be813f94d8279fe5f2ff00b/element/f.385D30113BF6ACD9869CE178C0BE29E7.d.F53D608A77FD9DC4DD399FBF48144F6F.e.296/click - {}
RESULT: {}
COMMAND: GET /session/99c1e0432be813f94d8279fe5f2ff00b/screenshot - {}
RESULT: {}
COMMAND: POST /session/99c1e0432be813f94d8279fe5f2ff00b/execute/async - {"script":"<script> [1562 bytes]","args":[{"selector":{"controlType":"sap.m.Title","viewName":"etm.portal.ui.ruinventorylist.view.Master","viewId":"application-ruinventorylist-display-component---Master","properties":{"text":"Mass State Change"},"searchOpenDialogs":true},"wdio_ui5_key":"etmportal.ui.ruinventorylist.view.Mastersap.m.Title{\"text\":\"Mass State Change\"}"}]}
RESULT: {"script":"<script> [1562 bytes]","args":[{"selector":{"controlType":"sap.m.Title","viewName":"etm.portal.ui.ruinventorylist.view.Master","viewId":"application-ruinventorylist-display-component---Master","properties":{"text":"Mass State Change"},"searchOpenDialogs":true},"wdio_ui5_key":"etmportal.ui.ruinventorylist.view.Mastersap.m.Title{\"text\":\"Mass State Change\"}"}]}
RESULT: undefined
COMMAND: POST /session/99c1e0432be813f94d8279fe5f2ff00b/execute/async - {"script":"<script> [6424 bytes]","args":[{"element-6066-11e4-a52e-4f735466cecf":"f.385D30113BF6ACD9869CE178C0BE29E7.d.F53D608A77FD9DC4DD399FBF48144F6F.e.1221"},"getText",[]]}
RESULT: {"script":"<script> [6424 bytes]","args":[{"element-6066-11e4-a52e-4f735466cecf":"f.385D30113BF6ACD9869CE178C0BE29E7.d.F53D608A77FD9DC4DD399FBF48144F6F.e.1221"},"getText",[]]}
COMMAND: POST /session/99c1e0432be813f94d8279fe5f2ff00b/element - {"using":"xpath","value":"(//bdi[contains(text(), \"OK\")])[1]"}
RESULT: {"using":"xpath","value":"(//bdi[contains(text(), \"OK\")])[1]"}
COMMAND: POST /session/99c1e0432be813f94d8279fe5f2ff00b/element/f.385D30113BF6ACD9869CE178C0BE29E7.d.F53D608A77FD9DC4DD399FBF48144F6F.e.1222/click - {}
RESULT: {}
COMMAND: GET /session/99c1e0432be813f94d8279fe5f2ff00b/screenshot - {}
RESULT: {}
COMMAND: POST /session/99c1e0432be813f94d8279fe5f2ff00b/element - {"using":"css selector","value":"div.sapMMessageBoxError"}
RESULT: {"using":"css selector","value":"div.sapMMessageBoxError"}
COMMAND: POST /session/99c1e0432be813f94d8279fe5f2ff00b/elements - {"using":"css selector","value":"div.sapMMessageBoxError"}
RESULT: {"using":"css selector","value":"div.sapMMessageBoxError"}
COMMAND: POST /session/99c1e0432be813f94d8279fe5f2ff00b/element - {"using":"xpath","value":"(//bdi[contains(text(), \"Close\")])[1]"}
RESULT: {"using":"xpath","value":"(//bdi[contains(text(), \"Close\")])[1]"}
COMMAND: POST /session/99c1e0432be813f94d8279fe5f2ff00b/element/f.385D30113BF6ACD9869CE178C0BE29E7.d.F53D608A77FD9DC4DD399FBF48144F6F.e.1226/click - {}
RESULT: {}
COMMAND: GET /session/99c1e0432be813f94d8279fe5f2ff00b/screenshot - {}
RESULT: {}
COMMAND: POST /session/99c1e0432be813f94d8279fe5f2ff00b/execute/async - {"script":"<script> [1562 bytes]","args":[{"selector":{"id":"application-ruinventorylist-display-component---Master--ruStateTypes-arrow","searchOpenDialogs":true},"wdio_ui5_key":"applicationruinventorylist-display-component---Master--ruStateTypes-arrow"}]}
RESULT: {"script":"<script> [1562 bytes]","args":[{"selector":{"id":"application-ruinventorylist-display-component---Master--ruStateTypes-arrow","searchOpenDialogs":true},"wdio_ui5_key":"applicationruinventorylist-display-component---Master--ruStateTypes-arrow"}]}
RESULT: undefined
COMMAND: POST /session/99c1e0432be813f94d8279fe5f2ff00b/element - {"using":"xpath","value":"//*[@id=\"application-ruinventorylist-display-component---Master--ruStateTypes-arrow\"]"}
RESULT: {"using":"xpath","value":"//*[@id=\"application-ruinventorylist-display-component---Master--ruStateTypes-arrow\"]"}
COMMAND: POST /session/99c1e0432be813f94d8279fe5f2ff00b/element/f.385D30113BF6ACD9869CE178C0BE29E7.d.F53D608A77FD9DC4DD399FBF48144F6F.e.1228/click - {}
RESULT: {}
COMMAND: GET /session/99c1e0432be813f94d8279fe5f2ff00b/screenshot - {}
RESULT: {}
COMMAND: POST /session/99c1e0432be813f94d8279fe5f2ff00b/element - {"using":"xpath","value":"//li[.//span[text()=\"defect\"]]"}
RESULT: {"using":"xpath","value":"//li[.//span[text()=\"defect\"]]"}
COMMAND: POST /session/99c1e0432be813f94d8279fe5f2ff00b/element/f.385D30113BF6ACD9869CE178C0BE29E7.d.F53D608A77FD9DC4DD399FBF48144F6F.e.1229/click - {}
RESULT: {}
COMMAND: GET /session/99c1e0432be813f94d8279fe5f2ff00b/screenshot - {}
RESULT: {}
COMMAND: POST /session/99c1e0432be813f94d8279fe5f2ff00b/element - {"using":"xpath","value":"(//span[@data-kt=\"trashMassStateChangeIcon\"])[1]"}
RESULT: {"using":"xpath","value":"(//span[@data-kt=\"trashMassStateChangeIcon\"])[1]"}
COMMAND: POST /session/99c1e0432be813f94d8279fe5f2ff00b/element/f.385D30113BF6ACD9869CE178C0BE29E7.d.F53D608A77FD9DC4DD399FBF48144F6F.e.1230/click - {}
RESULT: {}
COMMAND: GET /session/99c1e0432be813f94d8279fe5f2ff00b/screenshot - {}
RESULT: {}
COMMAND: POST /session/99c1e0432be813f94d8279fe5f2ff00b/element - {"using":"xpath","value":"//table[contains(@id, \"massStateChangeTable-listUl\")]/tbody/tr[1]/td[11]/div/div/div/input"}
RESULT: {"using":"xpath","value":"//table[contains(@id, \"massStateChangeTable-listUl\")]/tbody/tr[1]/td[11]/div/div/div/input"}
COMMAND: GET /session/99c1e0432be813f94d8279fe5f2ff00b/element/f.385D30113BF6ACD9869CE178C0BE29E7.d.F53D608A77FD9DC4DD399FBF48144F6F.e.1214/property/value - {}
RESULT: {}
COMMAND: POST /session/99c1e0432be813f94d8279fe5f2ff00b/element - {"using":"xpath","value":"(//span[@data-kt=\"trashMassStateChangeIcon\"])[2]"}
COMMAND: GET /session/99c1e0432be813f94d8279fe5f2ff00b/screenshot - {}
RESULT: {"using":"xpath","value":"(//span[@data-kt=\"trashMassStateChangeIcon\"])[2]"}
COMMAND: POST /session/99c1e0432be813f94d8279fe5f2ff00b/element/f.385D30113BF6ACD9869CE178C0BE29E7.d.F53D608A77FD9DC4DD399FBF48144F6F.e.1232/click - {}
RESULT: {}
RESULT: {}
COMMAND: GET /session/99c1e0432be813f94d8279fe5f2ff00b/screenshot - {}
RESULT: {}
COMMAND: POST /session/99c1e0432be813f94d8279fe5f2ff00b/element - {"using":"xpath","value":"//table[contains(@id, \"massStateChangeTable-listUl\")]/tbody/tr[2]/td[11]/div/div/div/input"}
RESULT: {"using":"xpath","value":"//table[contains(@id, \"massStateChangeTable-listUl\")]/tbody/tr[2]/td[11]/div/div/div/input"}
COMMAND: GET /session/99c1e0432be813f94d8279fe5f2ff00b/element/f.385D30113BF6ACD9869CE178C0BE29E7.d.F53D608A77FD9DC4DD399FBF48144F6F.e.1218/property/value - {}
RESULT: {}
COMMAND: POST /session/99c1e0432be813f94d8279fe5f2ff00b/element - {"using":"xpath","value":"//table[contains(@id, \"massStateChangeTable-listUl\")]/tbody/tr[1]/td[10]/div/span/span[1]"}
COMMAND: GET /session/99c1e0432be813f94d8279fe5f2ff00b/screenshot - {}
RESULT: {"using":"xpath","value":"//table[contains(@id, \"massStateChangeTable-listUl\")]/tbody/tr[1]/td[10]/div/span/span[1]"}
COMMAND: POST /session/99c1e0432be813f94d8279fe5f2ff00b/execute/sync - {"script":"<script> [56 bytes]","args":[{"element-6066-11e4-a52e-4f735466cecf":"f.385D30113BF6ACD9869CE178C0BE29E7.d.F53D608A77FD9DC4DD399FBF48144F6F.e.1234","ELEMENT":"f.385D30113BF6ACD9869CE178C0BE29E7.d.F53D608A77FD9DC4DD399FBF48144F6F.e.1234"}]}
RESULT: {}
RESULT: {"script":"<script> [56 bytes]","args":[{"element-6066-11e4-a52e-4f735466cecf":"f.385D30113BF6ACD9869CE178C0BE29E7.d.F53D608A77FD9DC4DD399FBF48144F6F.e.1234","ELEMENT":"f.385D30113BF6ACD9869CE178C0BE29E7.d.F53D608A77FD9DC4DD399FBF48144F6F.e.1234"}]}
COMMAND: POST /session/99c1e0432be813f94d8279fe5f2ff00b/element - {"using":"xpath","value":"//table[contains(@id, \"massStateChangeTable-listUl\")]/tbody/tr[1]/td[11]/div/div/div/div[2]/span"}
COMMAND: GET /session/99c1e0432be813f94d8279fe5f2ff00b/screenshot - {}
RESULT: {"using":"xpath","value":"//table[contains(@id, \"massStateChangeTable-listUl\")]/tbody/tr[1]/td[11]/div/div/div/div[2]/span"}
COMMAND: POST /session/99c1e0432be813f94d8279fe5f2ff00b/element/f.385D30113BF6ACD9869CE178C0BE29E7.d.F53D608A77FD9DC4DD399FBF48144F6F.e.1235/click - {}
RESULT: {}
RESULT: {}
COMMAND: GET /session/99c1e0432be813f94d8279fe5f2ff00b/screenshot - {}
RESULT: {}
COMMAND: POST /session/99c1e0432be813f94d8279fe5f2ff00b/element - {"using":"xpath","value":"//table[contains(@id, \"massStateChangeTable-listUl\")]/tbody/tr[1]/td[11]/div/div/div/div[2]/span"}
RESULT: {"using":"xpath","value":"//table[contains(@id, \"massStateChangeTable-listUl\")]/tbody/tr[1]/td[11]/div/div/div/div[2]/span"}
COMMAND: POST /session/99c1e0432be813f94d8279fe5f2ff00b/element/f.385D30113BF6ACD9869CE178C0BE29E7.d.F53D608A77FD9DC4DD399FBF48144F6F.e.1235/click - {}
RESULT: {}
COMMAND: GET /session/99c1e0432be813f94d8279fe5f2ff00b/screenshot - {}
RESULT: {}
COMMAND: POST /session/99c1e0432be813f94d8279fe5f2ff00b/element - {"using":"xpath","value":"//table[contains(@id, \"massStateChangeTable-listUl\")]/tbody/tr[1]/td[11]/div/div/div/div[2]/span"}
RESULT: {"using":"xpath","value":"//table[contains(@id, \"massStateChangeTable-listUl\")]/tbody/tr[1]/td[11]/div/div/div/div[2]/span"}
COMMAND: POST /session/99c1e0432be813f94d8279fe5f2ff00b/element/f.385D30113BF6ACD9869CE178C0BE29E7.d.F53D608A77FD9DC4DD399FBF48144F6F.e.1235/click - {}
RESULT: {}
COMMAND: GET /session/99c1e0432be813f94d8279fe5f2ff00b/screenshot - {}
RESULT: {}
COMMAND: POST /session/99c1e0432be813f94d8279fe5f2ff00b/element - {"using":"xpath","value":"//table[contains(@id, \"massStateChangeTable-listUl\")]/tbody/tr[1]/td[11]/div/div/div/div[2]/span"}
RESULT: {"using":"xpath","value":"//table[contains(@id, \"massStateChangeTable-listUl\")]/tbody/tr[1]/td[11]/div/div/div/div[2]/span"}
COMMAND: POST /session/99c1e0432be813f94d8279fe5f2ff00b/element/f.385D30113BF6ACD9869CE178C0BE29E7.d.F53D608A77FD9DC4DD399FBF48144F6F.e.1235/click - {}
RESULT: {}
COMMAND: GET /session/99c1e0432be813f94d8279fe5f2ff00b/screenshot - {}
RESULT: {}
COMMAND: POST /session/99c1e0432be813f94d8279fe5f2ff00b/element - {"using":"xpath","value":"//table[contains(@id, \"massStateChangeTable-listUl\")]/tbody/tr[1]/td[11]/div/div/div/div[2]/span"}
RESULT: {"using":"xpath","value":"//table[contains(@id, \"massStateChangeTable-listUl\")]/tbody/tr[1]/td[11]/div/div/div/div[2]/span"}
COMMAND: POST /session/99c1e0432be813f94d8279fe5f2ff00b/element/f.385D30113BF6ACD9869CE178C0BE29E7.d.F53D608A77FD9DC4DD399FBF48144F6F.e.1235/click - {}
RESULT: {}
COMMAND: GET /session/99c1e0432be813f94d8279fe5f2ff00b/screenshot - {}
RESULT: {}
COMMAND: POST /session/99c1e0432be813f94d8279fe5f2ff00b/element - {"using":"xpath","value":"//table[contains(@id, \"massStateChangeTable-listUl\")]/tbody/tr[1]/td[11]/div/div/div/div[2]/span"}
RESULT: {"using":"xpath","value":"//table[contains(@id, \"massStateChangeTable-listUl\")]/tbody/tr[1]/td[11]/div/div/div/div[2]/span"}
COMMAND: POST /session/99c1e0432be813f94d8279fe5f2ff00b/element/f.385D30113BF6ACD9869CE178C0BE29E7.d.F53D608A77FD9DC4DD399FBF48144F6F.e.1235/click - {}
RESULT: {}
COMMAND: GET /session/99c1e0432be813f94d8279fe5f2ff00b/screenshot - {}
RESULT: {}
COMMAND: POST /session/99c1e0432be813f94d8279fe5f2ff00b/element - {"using":"xpath","value":"//table[contains(@id, \"massStateChangeTable-listUl\")]/tbody/tr[1]/td[11]/div/div/div/div[2]/span"}
RESULT: {"using":"xpath","value":"//table[contains(@id, \"massStateChangeTable-listUl\")]/tbody/tr[1]/td[11]/div/div/div/div[2]/span"}
COMMAND: POST /session/99c1e0432be813f94d8279fe5f2ff00b/element/f.385D30113BF6ACD9869CE178C0BE29E7.d.F53D608A77FD9DC4DD399FBF48144F6F.e.1235/click - {}
RESULT: {}
COMMAND: GET /session/99c1e0432be813f94d8279fe5f2ff00b/screenshot - {}
RESULT: {}
COMMAND: POST /session/99c1e0432be813f94d8279fe5f2ff00b/element - {"using":"xpath","value":"//table[contains(@id, \"massStateChangeTable-listUl\")]/tbody/tr[1]/td[11]/div/div/div/div[2]/span"}
RESULT: {"using":"xpath","value":"//table[contains(@id, \"massStateChangeTable-listUl\")]/tbody/tr[1]/td[11]/div/div/div/div[2]/span"}
COMMAND: POST /session/99c1e0432be813f94d8279fe5f2ff00b/element/f.385D30113BF6ACD9869CE178C0BE29E7.d.F53D608A77FD9DC4DD399FBF48144F6F.e.1235/click - {}
RESULT: {}
COMMAND: GET /session/99c1e0432be813f94d8279fe5f2ff00b/screenshot - {}
RESULT: {}
COMMAND: POST /session/99c1e0432be813f94d8279fe5f2ff00b/element - {"using":"xpath","value":"//table[contains(@id, \"massStateChangeTable-listUl\")]/tbody/tr[1]/td[11]/div/div/div/div[2]/span"}
RESULT: {"using":"xpath","value":"//table[contains(@id, \"massStateChangeTable-listUl\")]/tbody/tr[1]/td[11]/div/div/div/div[2]/span"}
COMMAND: POST /session/99c1e0432be813f94d8279fe5f2ff00b/element/f.385D30113BF6ACD9869CE178C0BE29E7.d.F53D608A77FD9DC4DD399FBF48144F6F.e.1235/click - {}
RESULT: {}
COMMAND: GET /session/99c1e0432be813f94d8279fe5f2ff00b/screenshot - {}
RESULT: {}
COMMAND: POST /session/99c1e0432be813f94d8279fe5f2ff00b/element - {"using":"xpath","value":"//table[contains(@id, \"massStateChangeTable-listUl\")]/tbody/tr[1]/td[11]/div/div/div/div[2]/span"}
RESULT: {"using":"xpath","value":"//table[contains(@id, \"massStateChangeTable-listUl\")]/tbody/tr[1]/td[11]/div/div/div/div[2]/span"}
COMMAND: POST /session/99c1e0432be813f94d8279fe5f2ff00b/element/f.385D30113BF6ACD9869CE178C0BE29E7.d.F53D608A77FD9DC4DD399FBF48144F6F.e.1235/click - {}
RESULT: {}
COMMAND: GET /session/99c1e0432be813f94d8279fe5f2ff00b/screenshot - {}
RESULT: {}
COMMAND: POST /session/99c1e0432be813f94d8279fe5f2ff00b/element - {"using":"xpath","value":"//table[contains(@id, \"massStateChangeTable-listUl\")]/tbody/tr[1]/td[11]/div/div/div/div[2]/span"}
RESULT: {"using":"xpath","value":"//table[contains(@id, \"massStateChangeTable-listUl\")]/tbody/tr[1]/td[11]/div/div/div/div[2]/span"}
COMMAND: POST /session/99c1e0432be813f94d8279fe5f2ff00b/element/f.385D30113BF6ACD9869CE178C0BE29E7.d.F53D608A77FD9DC4DD399FBF48144F6F.e.1235/click - {}
RESULT: {}
COMMAND: GET /session/99c1e0432be813f94d8279fe5f2ff00b/screenshot - {}
RESULT: {}
COMMAND: POST /session/99c1e0432be813f94d8279fe5f2ff00b/element - {"using":"xpath","value":"//table[contains(@id, \"massStateChangeTable-listUl\")]/tbody/tr[1]/td[11]/div/div/div/div[2]/span"}
RESULT: {"using":"xpath","value":"//table[contains(@id, \"massStateChangeTable-listUl\")]/tbody/tr[1]/td[11]/div/div/div/div[2]/span"}
COMMAND: POST /session/99c1e0432be813f94d8279fe5f2ff00b/element/f.385D30113BF6ACD9869CE178C0BE29E7.d.F53D608A77FD9DC4DD399FBF48144F6F.e.1235/click - {}
RESULT: {}
COMMAND: GET /session/99c1e0432be813f94d8279fe5f2ff00b/screenshot - {}
RESULT: {}
COMMAND: POST /session/99c1e0432be813f94d8279fe5f2ff00b/element - {"using":"xpath","value":"//table[contains(@id, \"massStateChangeTable-listUl\")]/tbody/tr[1]/td[11]/div/div/div/div[2]/span"}
RESULT: {"using":"xpath","value":"//table[contains(@id, \"massStateChangeTable-listUl\")]/tbody/tr[1]/td[11]/div/div/div/div[2]/span"}
COMMAND: POST /session/99c1e0432be813f94d8279fe5f2ff00b/element/f.385D30113BF6ACD9869CE178C0BE29E7.d.F53D608A77FD9DC4DD399FBF48144F6F.e.1235/click - {}
RESULT: {}
COMMAND: GET /session/99c1e0432be813f94d8279fe5f2ff00b/screenshot - {}
RESULT: {}
COMMAND: POST /session/99c1e0432be813f94d8279fe5f2ff00b/element - {"using":"xpath","value":"//table[contains(@id, \"massStateChangeTable-listUl\")]/tbody/tr[1]/td[11]/div/div/div/div[2]/span"}
RESULT: {"using":"xpath","value":"//table[contains(@id, \"massStateChangeTable-listUl\")]/tbody/tr[1]/td[11]/div/div/div/div[2]/span"}
COMMAND: POST /session/99c1e0432be813f94d8279fe5f2ff00b/element/f.385D30113BF6ACD9869CE178C0BE29E7.d.F53D608A77FD9DC4DD399FBF48144F6F.e.1235/click - {}
RESULT: {}
COMMAND: GET /session/99c1e0432be813f94d8279fe5f2ff00b/screenshot - {}
RESULT: {}
COMMAND: POST /session/99c1e0432be813f94d8279fe5f2ff00b/element - {"using":"xpath","value":"//table[contains(@id, \"massStateChangeTable-listUl\")]/tbody/tr[1]/td[11]/div/div/div/div[2]/span"}
RESULT: {"using":"xpath","value":"//table[contains(@id, \"massStateChangeTable-listUl\")]/tbody/tr[1]/td[11]/div/div/div/div[2]/span"}
COMMAND: POST /session/99c1e0432be813f94d8279fe5f2ff00b/element/f.385D30113BF6ACD9869CE178C0BE29E7.d.F53D608A77FD9DC4DD399FBF48144F6F.e.1235/click - {}
RESULT: {}
COMMAND: GET /session/99c1e0432be813f94d8279fe5f2ff00b/screenshot - {}
RESULT: {}
COMMAND: POST /session/99c1e0432be813f94d8279fe5f2ff00b/element - {"using":"xpath","value":"//table[contains(@id, \"massStateChangeTable-listUl\")]/tbody/tr[1]/td[11]/div/div/div/div[2]/span"}
RESULT: {"using":"xpath","value":"//table[contains(@id, \"massStateChangeTable-listUl\")]/tbody/tr[1]/td[11]/div/div/div/div[2]/span"}
COMMAND: POST /session/99c1e0432be813f94d8279fe5f2ff00b/element/f.385D30113BF6ACD9869CE178C0BE29E7.d.F53D608A77FD9DC4DD399FBF48144F6F.e.1235/click - {}
RESULT: {}
COMMAND: GET /session/99c1e0432be813f94d8279fe5f2ff00b/screenshot - {}
RESULT: {}
COMMAND: POST /session/99c1e0432be813f94d8279fe5f2ff00b/element - {"using":"xpath","value":"//table[contains(@id, \"massStateChangeTable-listUl\")]/tbody/tr[1]/td[11]/div/div/div/div[2]/span"}
RESULT: {"using":"xpath","value":"//table[contains(@id, \"massStateChangeTable-listUl\")]/tbody/tr[1]/td[11]/div/div/div/div[2]/span"}
COMMAND: POST /session/99c1e0432be813f94d8279fe5f2ff00b/element/f.385D30113BF6ACD9869CE178C0BE29E7.d.F53D608A77FD9DC4DD399FBF48144F6F.e.1235/click - {}
RESULT: {}
COMMAND: GET /session/99c1e0432be813f94d8279fe5f2ff00b/screenshot - {}
RESULT: {}
COMMAND: POST /session/99c1e0432be813f94d8279fe5f2ff00b/element - {"using":"xpath","value":"//table[contains(@id, \"massStateChangeTable-listUl\")]/tbody/tr[1]/td[11]/div/div/div/div[2]/span"}
RESULT: {"using":"xpath","value":"//table[contains(@id, \"massStateChangeTable-listUl\")]/tbody/tr[1]/td[11]/div/div/div/div[2]/span"}
COMMAND: POST /session/99c1e0432be813f94d8279fe5f2ff00b/element/f.385D30113BF6ACD9869CE178C0BE29E7.d.F53D608A77FD9DC4DD399FBF48144F6F.e.1235/click - {}
RESULT: {}
COMMAND: GET /session/99c1e0432be813f94d8279fe5f2ff00b/screenshot - {}
RESULT: {}
COMMAND: POST /session/99c1e0432be813f94d8279fe5f2ff00b/element - {"using":"xpath","value":"//table[contains(@id, \"massStateChangeTable-listUl\")]/tbody/tr[1]/td[11]/div/div/div/div[2]/span"}
RESULT: {"using":"xpath","value":"//table[contains(@id, \"massStateChangeTable-listUl\")]/tbody/tr[1]/td[11]/div/div/div/div[2]/span"}
COMMAND: POST /session/99c1e0432be813f94d8279fe5f2ff00b/element/f.385D30113BF6ACD9869CE178C0BE29E7.d.F53D608A77FD9DC4DD399FBF48144F6F.e.1235/click - {}
RESULT: {}
COMMAND: GET /session/99c1e0432be813f94d8279fe5f2ff00b/screenshot - {}
RESULT: {}
COMMAND: POST /session/99c1e0432be813f94d8279fe5f2ff00b/element - {"using":"xpath","value":"//table[contains(@id, \"massStateChangeTable-listUl\")]/tbody/tr[1]/td[11]/div/div/div/div[2]/span"}
RESULT: {"using":"xpath","value":"//table[contains(@id, \"massStateChangeTable-listUl\")]/tbody/tr[1]/td[11]/div/div/div/div[2]/span"}
COMMAND: POST /session/99c1e0432be813f94d8279fe5f2ff00b/element/f.385D30113BF6ACD9869CE178C0BE29E7.d.F53D608A77FD9DC4DD399FBF48144F6F.e.1235/click - {}
RESULT: {}
COMMAND: GET /session/99c1e0432be813f94d8279fe5f2ff00b/screenshot - {}
RESULT: {}
COMMAND: POST /session/99c1e0432be813f94d8279fe5f2ff00b/element - {"using":"xpath","value":"//table[contains(@id, \"massStateChangeTable-listUl\")]/tbody/tr[1]/td[11]/div/div/div/div[2]/span"}
RESULT: {"using":"xpath","value":"//table[contains(@id, \"massStateChangeTable-listUl\")]/tbody/tr[1]/td[11]/div/div/div/div[2]/span"}
COMMAND: POST /session/99c1e0432be813f94d8279fe5f2ff00b/element/f.385D30113BF6ACD9869CE178C0BE29E7.d.F53D608A77FD9DC4DD399FBF48144F6F.e.1235/click - {}
RESULT: {}
COMMAND: GET /session/99c1e0432be813f94d8279fe5f2ff00b/screenshot - {}
RESULT: {}
COMMAND: POST /session/99c1e0432be813f94d8279fe5f2ff00b/element - {"using":"xpath","value":"//table[contains(@id, \"massStateChangeTable-listUl\")]/tbody/tr[1]/td[11]/div/div/div/div[2]/span"}
RESULT: {"using":"xpath","value":"//table[contains(@id, \"massStateChangeTable-listUl\")]/tbody/tr[1]/td[11]/div/div/div/div[2]/span"}
COMMAND: POST /session/99c1e0432be813f94d8279fe5f2ff00b/element/f.385D30113BF6ACD9869CE178C0BE29E7.d.F53D608A77FD9DC4DD399FBF48144F6F.e.1235/click - {}
RESULT: {}
COMMAND: GET /session/99c1e0432be813f94d8279fe5f2ff00b/screenshot - {}
RESULT: {}
COMMAND: POST /session/99c1e0432be813f94d8279fe5f2ff00b/element - {"using":"xpath","value":"//table[contains(@id, \"massStateChangeTable-listUl\")]/tbody/tr[1]/td[11]/div/div/div/div[2]/span"}
RESULT: {"using":"xpath","value":"//table[contains(@id, \"massStateChangeTable-listUl\")]/tbody/tr[1]/td[11]/div/div/div/div[2]/span"}
COMMAND: POST /session/99c1e0432be813f94d8279fe5f2ff00b/element/f.385D30113BF6ACD9869CE178C0BE29E7.d.F53D608A77FD9DC4DD399FBF48144F6F.e.1235/click - {}
RESULT: {}
COMMAND: GET /session/99c1e0432be813f94d8279fe5f2ff00b/screenshot - {}
RESULT: {}
COMMAND: POST /session/99c1e0432be813f94d8279fe5f2ff00b/element - {"using":"xpath","value":"//table[contains(@id, \"massStateChangeTable-listUl\")]/tbody/tr[1]/td[11]/div/div/div/div[2]/span"}
RESULT: {"using":"xpath","value":"//table[contains(@id, \"massStateChangeTable-listUl\")]/tbody/tr[1]/td[11]/div/div/div/div[2]/span"}
COMMAND: POST /session/99c1e0432be813f94d8279fe5f2ff00b/element/f.385D30113BF6ACD9869CE178C0BE29E7.d.F53D608A77FD9DC4DD399FBF48144F6F.e.1235/click - {}
RESULT: {}
COMMAND: GET /session/99c1e0432be813f94d8279fe5f2ff00b/screenshot - {}
RESULT: {}
COMMAND: POST /session/99c1e0432be813f94d8279fe5f2ff00b/element - {"using":"xpath","value":"//table[contains(@id, \"massStateChangeTable-listUl\")]/tbody/tr[1]/td[11]/div/div/div/div[2]/span"}
RESULT: {"using":"xpath","value":"//table[contains(@id, \"massStateChangeTable-listUl\")]/tbody/tr[1]/td[11]/div/div/div/div[2]/span"}
COMMAND: POST /session/99c1e0432be813f94d8279fe5f2ff00b/element/f.385D30113BF6ACD9869CE178C0BE29E7.d.F53D608A77FD9DC4DD399FBF48144F6F.e.1235/click - {}
RESULT: {}
COMMAND: GET /session/99c1e0432be813f94d8279fe5f2ff00b/screenshot - {}
RESULT: {}
COMMAND: POST /session/99c1e0432be813f94d8279fe5f2ff00b/element - {"using":"xpath","value":"//table[contains(@id, \"massStateChangeTable-listUl\")]/tbody/tr[1]/td[11]/div/div/div/div[2]/span"}
RESULT: {"using":"xpath","value":"//table[contains(@id, \"massStateChangeTable-listUl\")]/tbody/tr[1]/td[11]/div/div/div/div[2]/span"}
COMMAND: POST /session/99c1e0432be813f94d8279fe5f2ff00b/element/f.385D30113BF6ACD9869CE178C0BE29E7.d.F53D608A77FD9DC4DD399FBF48144F6F.e.1235/click - {}
RESULT: {}
COMMAND: GET /session/99c1e0432be813f94d8279fe5f2ff00b/screenshot - {}
RESULT: {}
COMMAND: POST /session/99c1e0432be813f94d8279fe5f2ff00b/element - {"using":"xpath","value":"//table[contains(@id, \"massStateChangeTable-listUl\")]/tbody/tr[1]/td[11]/div/div/div/div[2]/span"}
RESULT: {"using":"xpath","value":"//table[contains(@id, \"massStateChangeTable-listUl\")]/tbody/tr[1]/td[11]/div/div/div/div[2]/span"}
COMMAND: POST /session/99c1e0432be813f94d8279fe5f2ff00b/element/f.385D30113BF6ACD9869CE178C0BE29E7.d.F53D608A77FD9DC4DD399FBF48144F6F.e.1235/click - {}
RESULT: {}
COMMAND: GET /session/99c1e0432be813f94d8279fe5f2ff00b/screenshot - {}
RESULT: {}
COMMAND: POST /session/99c1e0432be813f94d8279fe5f2ff00b/element - {"using":"xpath","value":"//table[contains(@id, \"massStateChangeTable-listUl\")]/tbody/tr[1]/td[11]/div/div/div/div[2]/span"}
RESULT: {"using":"xpath","value":"//table[contains(@id, \"massStateChangeTable-listUl\")]/tbody/tr[1]/td[11]/div/div/div/div[2]/span"}
COMMAND: POST /session/99c1e0432be813f94d8279fe5f2ff00b/element/f.385D30113BF6ACD9869CE178C0BE29E7.d.F53D608A77FD9DC4DD399FBF48144F6F.e.1235/click - {}
RESULT: {}
COMMAND: GET /session/99c1e0432be813f94d8279fe5f2ff00b/screenshot - {}
RESULT: {}
COMMAND: POST /session/99c1e0432be813f94d8279fe5f2ff00b/element - {"using":"xpath","value":"//table[contains(@id, \"massStateChangeTable-listUl\")]/tbody/tr[1]/td[11]/div/div/div/div[2]/span"}
RESULT: {"using":"xpath","value":"//table[contains(@id, \"massStateChangeTable-listUl\")]/tbody/tr[1]/td[11]/div/div/div/div[2]/span"}
COMMAND: POST /session/99c1e0432be813f94d8279fe5f2ff00b/element/f.385D30113BF6ACD9869CE178C0BE29E7.d.F53D608A77FD9DC4DD399FBF48144F6F.e.1235/click - {}
RESULT: {}
COMMAND: GET /session/99c1e0432be813f94d8279fe5f2ff00b/screenshot - {}
RESULT: {}
COMMAND: POST /session/99c1e0432be813f94d8279fe5f2ff00b/element - {"using":"xpath","value":"//table[contains(@id, \"massStateChangeTable-listUl\")]/tbody/tr[1]/td[11]/div/div/div/div[2]/span"}
RESULT: {"using":"xpath","value":"//table[contains(@id, \"massStateChangeTable-listUl\")]/tbody/tr[1]/td[11]/div/div/div/div[2]/span"}
COMMAND: POST /session/99c1e0432be813f94d8279fe5f2ff00b/element/f.385D30113BF6ACD9869CE178C0BE29E7.d.F53D608A77FD9DC4DD399FBF48144F6F.e.1235/click - {}
RESULT: {}
COMMAND: GET /session/99c1e0432be813f94d8279fe5f2ff00b/screenshot - {}
RESULT: {}
COMMAND: POST /session/99c1e0432be813f94d8279fe5f2ff00b/element - {"using":"xpath","value":"//table[contains(@id, \"massStateChangeTable-listUl\")]/tbody/tr[1]/td[11]/div/div/div/div[2]/span"}
RESULT: {"using":"xpath","value":"//table[contains(@id, \"massStateChangeTable-listUl\")]/tbody/tr[1]/td[11]/div/div/div/div[2]/span"}
COMMAND: POST /session/99c1e0432be813f94d8279fe5f2ff00b/element/f.385D30113BF6ACD9869CE178C0BE29E7.d.F53D608A77FD9DC4DD399FBF48144F6F.e.1235/click - {}
RESULT: {}
COMMAND: GET /session/99c1e0432be813f94d8279fe5f2ff00b/screenshot - {}
RESULT: {}
COMMAND: POST /session/99c1e0432be813f94d8279fe5f2ff00b/element - {"using":"xpath","value":"//table[contains(@id, \"massStateChangeTable-listUl\")]/tbody/tr[1]/td[11]/div/div/div/div[2]/span"}
RESULT: {"using":"xpath","value":"//table[contains(@id, \"massStateChangeTable-listUl\")]/tbody/tr[1]/td[11]/div/div/div/div[2]/span"}
COMMAND: POST /session/99c1e0432be813f94d8279fe5f2ff00b/element/f.385D30113BF6ACD9869CE178C0BE29E7.d.F53D608A77FD9DC4DD399FBF48144F6F.e.1235/click - {}
RESULT: {}
COMMAND: GET /session/99c1e0432be813f94d8279fe5f2ff00b/screenshot - {}
RESULT: {}
COMMAND: POST /session/99c1e0432be813f94d8279fe5f2ff00b/element - {"using":"xpath","value":"//table[contains(@id, \"massStateChangeTable-listUl\")]/tbody/tr[1]/td[11]/div/div/div/div[2]/span"}
RESULT: {"using":"xpath","value":"//table[contains(@id, \"massStateChangeTable-listUl\")]/tbody/tr[1]/td[11]/div/div/div/div[2]/span"}
COMMAND: POST /session/99c1e0432be813f94d8279fe5f2ff00b/element/f.385D30113BF6ACD9869CE178C0BE29E7.d.F53D608A77FD9DC4DD399FBF48144F6F.e.1235/click - {}
RESULT: {}
COMMAND: GET /session/99c1e0432be813f94d8279fe5f2ff00b/screenshot - {}
RESULT: {}
COMMAND: POST /session/99c1e0432be813f94d8279fe5f2ff00b/element - {"using":"xpath","value":"//table[contains(@id, \"massStateChangeTable-listUl\")]/tbody/tr[1]/td[11]/div/div/div/div[2]/span"}
RESULT: {"using":"xpath","value":"//table[contains(@id, \"massStateChangeTable-listUl\")]/tbody/tr[1]/td[11]/div/div/div/div[2]/span"}
COMMAND: POST /session/99c1e0432be813f94d8279fe5f2ff00b/element/f.385D30113BF6ACD9869CE178C0BE29E7.d.F53D608A77FD9DC4DD399FBF48144F6F.e.1235/click - {}
RESULT: {}
COMMAND: GET /session/99c1e0432be813f94d8279fe5f2ff00b/screenshot - {}
RESULT: {}
COMMAND: POST /session/99c1e0432be813f94d8279fe5f2ff00b/element - {"using":"xpath","value":"//table[contains(@id, \"massStateChangeTable-listUl\")]/tbody/tr[1]/td[11]/div/div/div/div[2]/span"}
RESULT: {"using":"xpath","value":"//table[contains(@id, \"massStateChangeTable-listUl\")]/tbody/tr[1]/td[11]/div/div/div/div[2]/span"}
COMMAND: POST /session/99c1e0432be813f94d8279fe5f2ff00b/element/f.385D30113BF6ACD9869CE178C0BE29E7.d.F53D608A77FD9DC4DD399FBF48144F6F.e.1235/click - {}
RESULT: {}
COMMAND: GET /session/99c1e0432be813f94d8279fe5f2ff00b/screenshot - {}
RESULT: {}
COMMAND: POST /session/99c1e0432be813f94d8279fe5f2ff00b/element - {"using":"xpath","value":"//table[contains(@id, \"massStateChangeTable-listUl\")]/tbody/tr[1]/td[11]/div/div/div/div[2]/span"}
RESULT: {"using":"xpath","value":"//table[contains(@id, \"massStateChangeTable-listUl\")]/tbody/tr[1]/td[11]/div/div/div/div[2]/span"}
COMMAND: POST /session/99c1e0432be813f94d8279fe5f2ff00b/element/f.385D30113BF6ACD9869CE178C0BE29E7.d.F53D608A77FD9DC4DD399FBF48144F6F.e.1235/click - {}
RESULT: {}
COMMAND: GET /session/99c1e0432be813f94d8279fe5f2ff00b/screenshot - {}
RESULT: {}
COMMAND: POST /session/99c1e0432be813f94d8279fe5f2ff00b/element - {"using":"xpath","value":"//table[contains(@id, \"massStateChangeTable-listUl\")]/tbody/tr[1]/td[11]/div/div/div/div[2]/span"}
RESULT: {"using":"xpath","value":"//table[contains(@id, \"massStateChangeTable-listUl\")]/tbody/tr[1]/td[11]/div/div/div/div[2]/span"}
COMMAND: POST /session/99c1e0432be813f94d8279fe5f2ff00b/element/f.385D30113BF6ACD9869CE178C0BE29E7.d.F53D608A77FD9DC4DD399FBF48144F6F.e.1235/click - {}
RESULT: {}
COMMAND: GET /session/99c1e0432be813f94d8279fe5f2ff00b/screenshot - {}
RESULT: {}
COMMAND: POST /session/99c1e0432be813f94d8279fe5f2ff00b/element - {"using":"xpath","value":"//table[contains(@id, \"massStateChangeTable-listUl\")]/tbody/tr[1]/td[11]/div/div/div/div[2]/span"}
RESULT: {"using":"xpath","value":"//table[contains(@id, \"massStateChangeTable-listUl\")]/tbody/tr[1]/td[11]/div/div/div/div[2]/span"}
COMMAND: POST /session/99c1e0432be813f94d8279fe5f2ff00b/element/f.385D30113BF6ACD9869CE178C0BE29E7.d.F53D608A77FD9DC4DD399FBF48144F6F.e.1235/click - {}
RESULT: {}
COMMAND: GET /session/99c1e0432be813f94d8279fe5f2ff00b/screenshot - {}
RESULT: {}
COMMAND: POST /session/99c1e0432be813f94d8279fe5f2ff00b/element - {"using":"xpath","value":"//table[contains(@id, \"massStateChangeTable-listUl\")]/tbody/tr[1]/td[11]/div/div/div/div[2]/span"}
RESULT: {"using":"xpath","value":"//table[contains(@id, \"massStateChangeTable-listUl\")]/tbody/tr[1]/td[11]/div/div/div/div[2]/span"}
COMMAND: POST /session/99c1e0432be813f94d8279fe5f2ff00b/element/f.385D30113BF6ACD9869CE178C0BE29E7.d.F53D608A77FD9DC4DD399FBF48144F6F.e.1235/click - {}
RESULT: {}
COMMAND: GET /session/99c1e0432be813f94d8279fe5f2ff00b/screenshot - {}
RESULT: {}
COMMAND: POST /session/99c1e0432be813f94d8279fe5f2ff00b/element - {"using":"xpath","value":"//table[contains(@id, \"massStateChangeTable-listUl\")]/tbody/tr[1]/td[11]/div/div/div/div[2]/span"}
RESULT: {"using":"xpath","value":"//table[contains(@id, \"massStateChangeTable-listUl\")]/tbody/tr[1]/td[11]/div/div/div/div[2]/span"}
COMMAND: POST /session/99c1e0432be813f94d8279fe5f2ff00b/element/f.385D30113BF6ACD9869CE178C0BE29E7.d.F53D608A77FD9DC4DD399FBF48144F6F.e.1235/click - {}
RESULT: {}
COMMAND: GET /session/99c1e0432be813f94d8279fe5f2ff00b/screenshot - {}
RESULT: {}
COMMAND: POST /session/99c1e0432be813f94d8279fe5f2ff00b/element - {"using":"xpath","value":"//table[contains(@id, \"massStateChangeTable-listUl\")]/tbody/tr[1]/td[11]/div/div/div/div[2]/span"}
RESULT: {"using":"xpath","value":"//table[contains(@id, \"massStateChangeTable-listUl\")]/tbody/tr[1]/td[11]/div/div/div/div[2]/span"}
COMMAND: POST /session/99c1e0432be813f94d8279fe5f2ff00b/element/f.385D30113BF6ACD9869CE178C0BE29E7.d.F53D608A77FD9DC4DD399FBF48144F6F.e.1235/click - {}
RESULT: {}
COMMAND: GET /session/99c1e0432be813f94d8279fe5f2ff00b/screenshot - {}
RESULT: {}
COMMAND: POST /session/99c1e0432be813f94d8279fe5f2ff00b/element - {"using":"xpath","value":"//table[contains(@id, \"massStateChangeTable-listUl\")]/tbody/tr[1]/td[11]/div/div/div/div[2]/span"}
RESULT: {"using":"xpath","value":"//table[contains(@id, \"massStateChangeTable-listUl\")]/tbody/tr[1]/td[11]/div/div/div/div[2]/span"}
COMMAND: POST /session/99c1e0432be813f94d8279fe5f2ff00b/element/f.385D30113BF6ACD9869CE178C0BE29E7.d.F53D608A77FD9DC4DD399FBF48144F6F.e.1235/click - {}
RESULT: {}
COMMAND: GET /session/99c1e0432be813f94d8279fe5f2ff00b/screenshot - {}
RESULT: {}
COMMAND: POST /session/99c1e0432be813f94d8279fe5f2ff00b/element - {"using":"xpath","value":"//table[contains(@id, \"massStateChangeTable-listUl\")]/tbody/tr[1]/td[11]/div/div/div/div[2]/span"}
RESULT: {"using":"xpath","value":"//table[contains(@id, \"massStateChangeTable-listUl\")]/tbody/tr[1]/td[11]/div/div/div/div[2]/span"}
COMMAND: POST /session/99c1e0432be813f94d8279fe5f2ff00b/element/f.385D30113BF6ACD9869CE178C0BE29E7.d.F53D608A77FD9DC4DD399FBF48144F6F.e.1235/click - {}
RESULT: {}
COMMAND: GET /session/99c1e0432be813f94d8279fe5f2ff00b/screenshot - {}
RESULT: {}
COMMAND: POST /session/99c1e0432be813f94d8279fe5f2ff00b/element - {"using":"xpath","value":"//table[contains(@id, \"massStateChangeTable-listUl\")]/tbody/tr[1]/td[11]/div/div/div/div[2]/span"}
RESULT: {"using":"xpath","value":"//table[contains(@id, \"massStateChangeTable-listUl\")]/tbody/tr[1]/td[11]/div/div/div/div[2]/span"}
COMMAND: POST /session/99c1e0432be813f94d8279fe5f2ff00b/element/f.385D30113BF6ACD9869CE178C0BE29E7.d.F53D608A77FD9DC4DD399FBF48144F6F.e.1235/click - {}
RESULT: {}
COMMAND: GET /session/99c1e0432be813f94d8279fe5f2ff00b/screenshot - {}
RESULT: {}
COMMAND: POST /session/99c1e0432be813f94d8279fe5f2ff00b/element - {"using":"xpath","value":"//table[contains(@id, \"massStateChangeTable-listUl\")]/tbody/tr[1]/td[11]/div/div/div/div[2]/span"}
RESULT: {"using":"xpath","value":"//table[contains(@id, \"massStateChangeTable-listUl\")]/tbody/tr[1]/td[11]/div/div/div/div[2]/span"}
COMMAND: POST /session/99c1e0432be813f94d8279fe5f2ff00b/element/f.385D30113BF6ACD9869CE178C0BE29E7.d.F53D608A77FD9DC4DD399FBF48144F6F.e.1235/click - {}
RESULT: {}
COMMAND: GET /session/99c1e0432be813f94d8279fe5f2ff00b/screenshot - {}
RESULT: {}
COMMAND: POST /session/99c1e0432be813f94d8279fe5f2ff00b/element - {"using":"xpath","value":"//table[contains(@id, \"massStateChangeTable-listUl\")]/tbody/tr[1]/td[11]/div/div/div/div[2]/span"}
RESULT: {"using":"xpath","value":"//table[contains(@id, \"massStateChangeTable-listUl\")]/tbody/tr[1]/td[11]/div/div/div/div[2]/span"}
COMMAND: POST /session/99c1e0432be813f94d8279fe5f2ff00b/element/f.385D30113BF6ACD9869CE178C0BE29E7.d.F53D608A77FD9DC4DD399FBF48144F6F.e.1235/click - {}
RESULT: {}
COMMAND: GET /session/99c1e0432be813f94d8279fe5f2ff00b/screenshot - {}
RESULT: {}
COMMAND: POST /session/99c1e0432be813f94d8279fe5f2ff00b/element - {"using":"xpath","value":"//table[contains(@id, \"massStateChangeTable-listUl\")]/tbody/tr[1]/td[11]/div/div/div/div[2]/span"}
RESULT: {"using":"xpath","value":"//table[contains(@id, \"massStateChangeTable-listUl\")]/tbody/tr[1]/td[11]/div/div/div/div[2]/span"}
COMMAND: POST /session/99c1e0432be813f94d8279fe5f2ff00b/element/f.385D30113BF6ACD9869CE178C0BE29E7.d.F53D608A77FD9DC4DD399FBF48144F6F.e.1235/click - {}
RESULT: {}
COMMAND: GET /session/99c1e0432be813f94d8279fe5f2ff00b/screenshot - {}
RESULT: {}
COMMAND: POST /session/99c1e0432be813f94d8279fe5f2ff00b/element - {"using":"xpath","value":"//table[contains(@id, \"massStateChangeTable-listUl\")]/tbody/tr[1]/td[11]/div/div/div/div[2]/span"}
RESULT: {"using":"xpath","value":"//table[contains(@id, \"massStateChangeTable-listUl\")]/tbody/tr[1]/td[11]/div/div/div/div[2]/span"}
COMMAND: POST /session/99c1e0432be813f94d8279fe5f2ff00b/element/f.385D30113BF6ACD9869CE178C0BE29E7.d.F53D608A77FD9DC4DD399FBF48144F6F.e.1235/click - {}
RESULT: {}
COMMAND: GET /session/99c1e0432be813f94d8279fe5f2ff00b/screenshot - {}
RESULT: {}
COMMAND: POST /session/99c1e0432be813f94d8279fe5f2ff00b/element - {"using":"xpath","value":"//table[contains(@id, \"massStateChangeTable-listUl\")]/tbody/tr[1]/td[11]/div/div/div/div[2]/span"}
RESULT: {"using":"xpath","value":"//table[contains(@id, \"massStateChangeTable-listUl\")]/tbody/tr[1]/td[11]/div/div/div/div[2]/span"}
COMMAND: POST /session/99c1e0432be813f94d8279fe5f2ff00b/element/f.385D30113BF6ACD9869CE178C0BE29E7.d.F53D608A77FD9DC4DD399FBF48144F6F.e.1235/click - {}
RESULT: {}
COMMAND: GET /session/99c1e0432be813f94d8279fe5f2ff00b/screenshot - {}
RESULT: {}
COMMAND: POST /session/99c1e0432be813f94d8279fe5f2ff00b/element - {"using":"xpath","value":"//table[contains(@id, \"massStateChangeTable-listUl\")]/tbody/tr[1]/td[11]/div/div/div/div[2]/span"}
RESULT: {"using":"xpath","value":"//table[contains(@id, \"massStateChangeTable-listUl\")]/tbody/tr[1]/td[11]/div/div/div/div[2]/span"}
COMMAND: POST /session/99c1e0432be813f94d8279fe5f2ff00b/element/f.385D30113BF6ACD9869CE178C0BE29E7.d.F53D608A77FD9DC4DD399FBF48144F6F.e.1235/click - {}
RESULT: {}
COMMAND: GET /session/99c1e0432be813f94d8279fe5f2ff00b/screenshot - {}
RESULT: {}
COMMAND: POST /session/99c1e0432be813f94d8279fe5f2ff00b/element - {"using":"xpath","value":"//table[contains(@id, \"massStateChangeTable-listUl\")]/tbody/tr[2]/td[11]/div/div/div/div[2]/span"}
RESULT: {"using":"xpath","value":"//table[contains(@id, \"massStateChangeTable-listUl\")]/tbody/tr[2]/td[11]/div/div/div/div[2]/span"}
COMMAND: POST /session/99c1e0432be813f94d8279fe5f2ff00b/element/f.385D30113BF6ACD9869CE178C0BE29E7.d.F53D608A77FD9DC4DD399FBF48144F6F.e.1236/click - {}
RESULT: {}
COMMAND: GET /session/99c1e0432be813f94d8279fe5f2ff00b/screenshot - {}
RESULT: {}
COMMAND: POST /session/99c1e0432be813f94d8279fe5f2ff00b/element - {"using":"xpath","value":"//table[contains(@id, \"massStateChangeTable-listUl\")]/tbody/tr[1]/td[11]/div/div/div/input"}
RESULT: {"using":"xpath","value":"//table[contains(@id, \"massStateChangeTable-listUl\")]/tbody/tr[1]/td[11]/div/div/div/input"}
COMMAND: GET /session/99c1e0432be813f94d8279fe5f2ff00b/element/f.385D30113BF6ACD9869CE178C0BE29E7.d.F53D608A77FD9DC4DD399FBF48144F6F.e.1214/property/value - {}
RESULT: {}
COMMAND: POST /session/99c1e0432be813f94d8279fe5f2ff00b/element - {"using":"xpath","value":"//table[contains(@id, \"massStateChangeTable-listUl\")]/tbody/tr[2]/td[11]/div/div/div/input"}
COMMAND: GET /session/99c1e0432be813f94d8279fe5f2ff00b/screenshot - {}
RESULT: {"using":"xpath","value":"//table[contains(@id, \"massStateChangeTable-listUl\")]/tbody/tr[2]/td[11]/div/div/div/input"}
COMMAND: GET /session/99c1e0432be813f94d8279fe5f2ff00b/element/f.385D30113BF6ACD9869CE178C0BE29E7.d.F53D608A77FD9DC4DD399FBF48144F6F.e.1218/property/value - {}
RESULT: {}
RESULT: {}
COMMAND: POST /session/99c1e0432be813f94d8279fe5f2ff00b/element - {"using":"xpath","value":"(//bdi[contains(text(), \"OK\")])[1]"}
COMMAND: GET /session/99c1e0432be813f94d8279fe5f2ff00b/screenshot - {}
RESULT: {"using":"xpath","value":"(//bdi[contains(text(), \"OK\")])[1]"}
COMMAND: POST /session/99c1e0432be813f94d8279fe5f2ff00b/element/f.385D30113BF6ACD9869CE178C0BE29E7.d.F53D608A77FD9DC4DD399FBF48144F6F.e.1222/click - {}
RESULT: {}
RESULT: {}
COMMAND: GET /session/99c1e0432be813f94d8279fe5f2ff00b/screenshot - {}
RESULT: {}
COMMAND: POST /session/99c1e0432be813f94d8279fe5f2ff00b/element - {"using":"xpath","value":"(//bdi[contains(text(), \"OK\")])[2]"}
RESULT: {"using":"xpath","value":"(//bdi[contains(text(), \"OK\")])[2]"}
COMMAND: POST /session/99c1e0432be813f94d8279fe5f2ff00b/element/f.385D30113BF6ACD9869CE178C0BE29E7.d.F53D608A77FD9DC4DD399FBF48144F6F.e.1238/click - {}
RESULT: {}
COMMAND: GET /session/99c1e0432be813f94d8279fe5f2ff00b/screenshot - {}
RESULT: {}
RESULT: undefined
COMMAND: POST /session/99c1e0432be813f94d8279fe5f2ff00b/execute/async - {"script":"<script> [776 bytes]","args":[{"enterText":"600002","selector":{"id":"application-ruinventorylist-display-component---Master--smartFilterBar-btnBasicSearch","interaction":{"idSuffix":"I"}},"clearTextFirst":true,"interactionType":"ENTER_TEXT"}]}
RESULT: {"script":"<script> [776 bytes]","args":[{"enterText":"600002","selector":{"id":"application-ruinventorylist-display-component---Master--smartFilterBar-btnBasicSearch","interaction":{"idSuffix":"I"}},"clearTextFirst":true,"interactionType":"ENTER_TEXT"}]}
COMMAND: POST /session/99c1e0432be813f94d8279fe5f2ff00b/actions - {"actions":[{"id":"action5","type":"key","parameters":{},"actions":[{"type":"keyDown","value":"î€‡"},{"type":"pause","duration":10},{"type":"keyUp","value":"î€‡"}]}]}
RESULT: {"actions":[{"id":"action5","type":"key","parameters":{},"actions":[{"type":"keyDown","value":"î€‡"},{"type":"pause","duration":10},{"type":"keyUp","value":"î€‡"}]}]}
COMMAND: GET /session/99c1e0432be813f94d8279fe5f2ff00b/screenshot - {}
RESULT: {}
COMMAND: POST /session/99c1e0432be813f94d8279fe5f2ff00b/element - {"using":"xpath","value":"//span[@id=\"application-ruinventorylist-display-component---Master--smartTableRuInventoryList-header-inner\"]"}
RESULT: {"using":"xpath","value":"//span[@id=\"application-ruinventorylist-display-component---Master--smartTableRuInventoryList-header-inner\"]"}
COMMAND: POST /session/99c1e0432be813f94d8279fe5f2ff00b/elements - {"using":"xpath","value":"//span[@id=\"application-ruinventorylist-display-component---Master--smartTableRuInventoryList-header-inner\"]"}
RESULT: {"using":"xpath","value":"//span[@id=\"application-ruinventorylist-display-component---Master--smartTableRuInventoryList-header-inner\"]"}
COMMAND: POST /session/99c1e0432be813f94d8279fe5f2ff00b/execute/sync - {"script":"<script> [56 bytes]","args":[{"element-6066-11e4-a52e-4f735466cecf":"f.385D30113BF6ACD9869CE178C0BE29E7.d.F53D608A77FD9DC4DD399FBF48144F6F.e.880","ELEMENT":"f.385D30113BF6ACD9869CE178C0BE29E7.d.F53D608A77FD9DC4DD399FBF48144F6F.e.880"}]}
RESULT: {"script":"<script> [56 bytes]","args":[{"element-6066-11e4-a52e-4f735466cecf":"f.385D30113BF6ACD9869CE178C0BE29E7.d.F53D608A77FD9DC4DD399FBF48144F6F.e.880","ELEMENT":"f.385D30113BF6ACD9869CE178C0BE29E7.d.F53D608A77FD9DC4DD399FBF48144F6F.e.880"}]}
COMMAND: POST /session/99c1e0432be813f94d8279fe5f2ff00b/element - {"using":"xpath","value":"//table[contains(@id, \"application-ruinventorylist-display-component---Master--tableRuInventoryList-listUl\")]/tbody/tr[1]/td[6]/div/span"}
COMMAND: GET /session/99c1e0432be813f94d8279fe5f2ff00b/screenshot - {}
RESULT: {"using":"xpath","value":"//table[contains(@id, \"application-ruinventorylist-display-component---Master--tableRuInventoryList-listUl\")]/tbody/tr[1]/td[6]/div/span"}
COMMAND: POST /session/99c1e0432be813f94d8279fe5f2ff00b/execute/sync - {"script":"<script> [56 bytes]","args":[{"element-6066-11e4-a52e-4f735466cecf":"f.385D30113BF6ACD9869CE178C0BE29E7.d.F53D608A77FD9DC4DD399FBF48144F6F.e.1260","ELEMENT":"f.385D30113BF6ACD9869CE178C0BE29E7.d.F53D608A77FD9DC4DD399FBF48144F6F.e.1260"}]}
RESULT: {}
RESULT: {"script":"<script> [56 bytes]","args":[{"element-6066-11e4-a52e-4f735466cecf":"f.385D30113BF6ACD9869CE178C0BE29E7.d.F53D608A77FD9DC4DD399FBF48144F6F.e.1260","ELEMENT":"f.385D30113BF6ACD9869CE178C0BE29E7.d.F53D608A77FD9DC4DD399FBF48144F6F.e.1260"}]}
COMMAND: POST /session/99c1e0432be813f94d8279fe5f2ff00b/element - {"using":"xpath","value":"//div[contains(@id, \"smartFilterBar-btnBasicSearch-reset\")]"}
COMMAND: GET /session/99c1e0432be813f94d8279fe5f2ff00b/screenshot - {}
RESULT: {"using":"xpath","value":"//div[contains(@id, \"smartFilterBar-btnBasicSearch-reset\")]"}
COMMAND: POST /session/99c1e0432be813f94d8279fe5f2ff00b/element/f.385D30113BF6ACD9869CE178C0BE29E7.d.F53D608A77FD9DC4DD399FBF48144F6F.e.897/click - {}
RESULT: {}
RESULT: {}
COMMAND: GET /session/99c1e0432be813f94d8279fe5f2ff00b/screenshot - {}
RESULT: {}
RESULT: undefined
COMMAND: POST /session/99c1e0432be813f94d8279fe5f2ff00b/execute/async - {"script":"<script> [776 bytes]","args":[{"enterText":"401002","selector":{"id":"application-ruinventorylist-display-component---Master--smartFilterBar-btnBasicSearch","interaction":{"idSuffix":"I"}},"clearTextFirst":true,"interactionType":"ENTER_TEXT"}]}
RESULT: {"script":"<script> [776 bytes]","args":[{"enterText":"401002","selector":{"id":"application-ruinventorylist-display-component---Master--smartFilterBar-btnBasicSearch","interaction":{"idSuffix":"I"}},"clearTextFirst":true,"interactionType":"ENTER_TEXT"}]}
COMMAND: POST /session/99c1e0432be813f94d8279fe5f2ff00b/actions - {"actions":[{"id":"action6","type":"key","parameters":{},"actions":[{"type":"keyDown","value":"î€‡"},{"type":"pause","duration":10},{"type":"keyUp","value":"î€‡"}]}]}
RESULT: {"actions":[{"id":"action6","type":"key","parameters":{},"actions":[{"type":"keyDown","value":"î€‡"},{"type":"pause","duration":10},{"type":"keyUp","value":"î€‡"}]}]}
COMMAND: GET /session/99c1e0432be813f94d8279fe5f2ff00b/screenshot - {}
RESULT: {}
COMMAND: POST /session/99c1e0432be813f94d8279fe5f2ff00b/element - {"using":"xpath","value":"//span[@id=\"application-ruinventorylist-display-component---Master--smartTableRuInventoryList-header-inner\"]"}
RESULT: {"using":"xpath","value":"//span[@id=\"application-ruinventorylist-display-component---Master--smartTableRuInventoryList-header-inner\"]"}
COMMAND: POST /session/99c1e0432be813f94d8279fe5f2ff00b/elements - {"using":"xpath","value":"//span[@id=\"application-ruinventorylist-display-component---Master--smartTableRuInventoryList-header-inner\"]"}
RESULT: {"using":"xpath","value":"//span[@id=\"application-ruinventorylist-display-component---Master--smartTableRuInventoryList-header-inner\"]"}
COMMAND: POST /session/99c1e0432be813f94d8279fe5f2ff00b/execute/sync - {"script":"<script> [56 bytes]","args":[{"element-6066-11e4-a52e-4f735466cecf":"f.385D30113BF6ACD9869CE178C0BE29E7.d.F53D608A77FD9DC4DD399FBF48144F6F.e.880","ELEMENT":"f.385D30113BF6ACD9869CE178C0BE29E7.d.F53D608A77FD9DC4DD399FBF48144F6F.e.880"}]}
RESULT: {"script":"<script> [56 bytes]","args":[{"element-6066-11e4-a52e-4f735466cecf":"f.385D30113BF6ACD9869CE178C0BE29E7.d.F53D608A77FD9DC4DD399FBF48144F6F.e.880","ELEMENT":"f.385D30113BF6ACD9869CE178C0BE29E7.d.F53D608A77FD9DC4DD399FBF48144F6F.e.880"}]}
COMMAND: POST /session/99c1e0432be813f94d8279fe5f2ff00b/element - {"using":"xpath","value":"//table[contains(@id, \"application-ruinventorylist-display-component---Master--tableRuInventoryList-listUl\")]/tbody/tr[1]/td[6]/div/span"}
COMMAND: GET /session/99c1e0432be813f94d8279fe5f2ff00b/screenshot - {}
RESULT: {"using":"xpath","value":"//table[contains(@id, \"application-ruinventorylist-display-component---Master--tableRuInventoryList-listUl\")]/tbody/tr[1]/td[6]/div/span"}
COMMAND: POST /session/99c1e0432be813f94d8279fe5f2ff00b/execute/sync - {"script":"<script> [56 bytes]","args":[{"element-6066-11e4-a52e-4f735466cecf":"f.385D30113BF6ACD9869CE178C0BE29E7.d.F53D608A77FD9DC4DD399FBF48144F6F.e.1347","ELEMENT":"f.385D30113BF6ACD9869CE178C0BE29E7.d.F53D608A77FD9DC4DD399FBF48144F6F.e.1347"}]}
RESULT: {}
RESULT: {"script":"<script> [56 bytes]","args":[{"element-6066-11e4-a52e-4f735466cecf":"f.385D30113BF6ACD9869CE178C0BE29E7.d.F53D608A77FD9DC4DD399FBF48144F6F.e.1347","ELEMENT":"f.385D30113BF6ACD9869CE178C0BE29E7.d.F53D608A77FD9DC4DD399FBF48144F6F.e.1347"}]}
COMMAND: POST /session/99c1e0432be813f94d8279fe5f2ff00b/element - {"using":"xpath","value":"//div[contains(@id, \"smartFilterBar-btnBasicSearch-reset\")]"}
COMMAND: GET /session/99c1e0432be813f94d8279fe5f2ff00b/screenshot - {}
RESULT: {"using":"xpath","value":"//div[contains(@id, \"smartFilterBar-btnBasicSearch-reset\")]"}
COMMAND: POST /session/99c1e0432be813f94d8279fe5f2ff00b/element/f.385D30113BF6ACD9869CE178C0BE29E7.d.F53D608A77FD9DC4DD399FBF48144F6F.e.897/click - {}
RESULT: {}
RESULT: {}
COMMAND: GET /session/99c1e0432be813f94d8279fe5f2ff00b/screenshot - {}
RESULT: {}
COMMAND: POST /session/99c1e0432be813f94d8279fe5f2ff00b/element/f.385D30113BF6ACD9869CE178C0BE29E7.d.F53D608A77FD9DC4DD399FBF48144F6F.e.296/click - {}
RESULT: {}
COMMAND: GET /session/99c1e0432be813f94d8279fe5f2ff00b/screenshot - {}
RESULT: {}
RESULT: undefined
COMMAND: POST /session/99c1e0432be813f94d8279fe5f2ff00b/execute/async - {"script":"<script> [776 bytes]","args":[{"enterText":"600002","selector":{"id":"application-ruinventorylist-display-component---Master--smartFilterBar-btnBasicSearch","interaction":{"idSuffix":"I"}},"clearTextFirst":true,"interactionType":"ENTER_TEXT"}]}
RESULT: {"script":"<script> [776 bytes]","args":[{"enterText":"600002","selector":{"id":"application-ruinventorylist-display-component---Master--smartFilterBar-btnBasicSearch","interaction":{"idSuffix":"I"}},"clearTextFirst":true,"interactionType":"ENTER_TEXT"}]}
COMMAND: POST /session/99c1e0432be813f94d8279fe5f2ff00b/actions - {"actions":[{"id":"action7","type":"key","parameters":{},"actions":[{"type":"keyDown","value":"î€‡"},{"type":"pause","duration":10},{"type":"keyUp","value":"î€‡"}]}]}
RESULT: {"actions":[{"id":"action7","type":"key","parameters":{},"actions":[{"type":"keyDown","value":"î€‡"},{"type":"pause","duration":10},{"type":"keyUp","value":"î€‡"}]}]}
COMMAND: GET /session/99c1e0432be813f94d8279fe5f2ff00b/screenshot - {}
RESULT: {}
COMMAND: POST /session/99c1e0432be813f94d8279fe5f2ff00b/element - {"using":"xpath","value":"//span[@id=\"application-ruinventorylist-display-component---Master--smartTableRuInventoryList-header-inner\"]"}
RESULT: {"using":"xpath","value":"//span[@id=\"application-ruinventorylist-display-component---Master--smartTableRuInventoryList-header-inner\"]"}
COMMAND: POST /session/99c1e0432be813f94d8279fe5f2ff00b/elements - {"using":"xpath","value":"//span[@id=\"application-ruinventorylist-display-component---Master--smartTableRuInventoryList-header-inner\"]"}
RESULT: {"using":"xpath","value":"//span[@id=\"application-ruinventorylist-display-component---Master--smartTableRuInventoryList-header-inner\"]"}
COMMAND: POST /session/99c1e0432be813f94d8279fe5f2ff00b/execute/sync - {"script":"<script> [56 bytes]","args":[{"element-6066-11e4-a52e-4f735466cecf":"f.385D30113BF6ACD9869CE178C0BE29E7.d.F53D608A77FD9DC4DD399FBF48144F6F.e.880","ELEMENT":"f.385D30113BF6ACD9869CE178C0BE29E7.d.F53D608A77FD9DC4DD399FBF48144F6F.e.880"}]}
RESULT: {"script":"<script> [56 bytes]","args":[{"element-6066-11e4-a52e-4f735466cecf":"f.385D30113BF6ACD9869CE178C0BE29E7.d.F53D608A77FD9DC4DD399FBF48144F6F.e.880","ELEMENT":"f.385D30113BF6ACD9869CE178C0BE29E7.d.F53D608A77FD9DC4DD399FBF48144F6F.e.880"}]}
COMMAND: POST /session/99c1e0432be813f94d8279fe5f2ff00b/element - {"using":"xpath","value":"//table[contains(@id, \"application-ruinventorylist-display-component---Master--tableRuInventoryList-listUl\")]/tbody/tr[1]/td[2]/div/div"}
COMMAND: GET /session/99c1e0432be813f94d8279fe5f2ff00b/screenshot - {}
RESULT: {"using":"xpath","value":"//table[contains(@id, \"application-ruinventorylist-display-component---Master--tableRuInventoryList-listUl\")]/tbody/tr[1]/td[2]/div/div"}
COMMAND: POST /session/99c1e0432be813f94d8279fe5f2ff00b/element/f.385D30113BF6ACD9869CE178C0BE29E7.d.F53D608A77FD9DC4DD399FBF48144F6F.e.1611/click - {}
RESULT: {}
RESULT: {}
COMMAND: GET /session/99c1e0432be813f94d8279fe5f2ff00b/screenshot - {}
RESULT: {}
COMMAND: POST /session/99c1e0432be813f94d8279fe5f2ff00b/element - {"using":"xpath","value":"//div[contains(@id, \"smartFilterBar-btnBasicSearch-reset\")]"}
RESULT: {"using":"xpath","value":"//div[contains(@id, \"smartFilterBar-btnBasicSearch-reset\")]"}
COMMAND: POST /session/99c1e0432be813f94d8279fe5f2ff00b/element/f.385D30113BF6ACD9869CE178C0BE29E7.d.F53D608A77FD9DC4DD399FBF48144F6F.e.897/click - {}
RESULT: {}
COMMAND: GET /session/99c1e0432be813f94d8279fe5f2ff00b/screenshot - {}
RESULT: {}
RESULT: undefined
COMMAND: POST /session/99c1e0432be813f94d8279fe5f2ff00b/execute/async - {"script":"<script> [776 bytes]","args":[{"enterText":"401002","selector":{"id":"application-ruinventorylist-display-component---Master--smartFilterBar-btnBasicSearch","interaction":{"idSuffix":"I"}},"clearTextFirst":true,"interactionType":"ENTER_TEXT"}]}
RESULT: {"script":"<script> [776 bytes]","args":[{"enterText":"401002","selector":{"id":"application-ruinventorylist-display-component---Master--smartFilterBar-btnBasicSearch","interaction":{"idSuffix":"I"}},"clearTextFirst":true,"interactionType":"ENTER_TEXT"}]}
COMMAND: POST /session/99c1e0432be813f94d8279fe5f2ff00b/actions - {"actions":[{"id":"action8","type":"key","parameters":{},"actions":[{"type":"keyDown","value":"î€‡"},{"type":"pause","duration":10},{"type":"keyUp","value":"î€‡"}]}]}
RESULT: {"actions":[{"id":"action8","type":"key","parameters":{},"actions":[{"type":"keyDown","value":"î€‡"},{"type":"pause","duration":10},{"type":"keyUp","value":"î€‡"}]}]}
COMMAND: GET /session/99c1e0432be813f94d8279fe5f2ff00b/screenshot - {}
RESULT: {}
COMMAND: POST /session/99c1e0432be813f94d8279fe5f2ff00b/element - {"using":"xpath","value":"//span[@id=\"application-ruinventorylist-display-component---Master--smartTableRuInventoryList-header-inner\"]"}
RESULT: {"using":"xpath","value":"//span[@id=\"application-ruinventorylist-display-component---Master--smartTableRuInventoryList-header-inner\"]"}
COMMAND: POST /session/99c1e0432be813f94d8279fe5f2ff00b/elements - {"using":"xpath","value":"//span[@id=\"application-ruinventorylist-display-component---Master--smartTableRuInventoryList-header-inner\"]"}
RESULT: {"using":"xpath","value":"//span[@id=\"application-ruinventorylist-display-component---Master--smartTableRuInventoryList-header-inner\"]"}
COMMAND: POST /session/99c1e0432be813f94d8279fe5f2ff00b/execute/sync - {"script":"<script> [56 bytes]","args":[{"element-6066-11e4-a52e-4f735466cecf":"f.385D30113BF6ACD9869CE178C0BE29E7.d.F53D608A77FD9DC4DD399FBF48144F6F.e.880","ELEMENT":"f.385D30113BF6ACD9869CE178C0BE29E7.d.F53D608A77FD9DC4DD399FBF48144F6F.e.880"}]}
RESULT: {"script":"<script> [56 bytes]","args":[{"element-6066-11e4-a52e-4f735466cecf":"f.385D30113BF6ACD9869CE178C0BE29E7.d.F53D608A77FD9DC4DD399FBF48144F6F.e.880","ELEMENT":"f.385D30113BF6ACD9869CE178C0BE29E7.d.F53D608A77FD9DC4DD399FBF48144F6F.e.880"}]}
COMMAND: POST /session/99c1e0432be813f94d8279fe5f2ff00b/element - {"using":"xpath","value":"//table[contains(@id, \"application-ruinventorylist-display-component---Master--tableRuInventoryList-listUl\")]/tbody/tr[1]/td[2]/div/div"}
COMMAND: GET /session/99c1e0432be813f94d8279fe5f2ff00b/screenshot - {}
RESULT: {"using":"xpath","value":"//table[contains(@id, \"application-ruinventorylist-display-component---Master--tableRuInventoryList-listUl\")]/tbody/tr[1]/td[2]/div/div"}
COMMAND: POST /session/99c1e0432be813f94d8279fe5f2ff00b/element/f.385D30113BF6ACD9869CE178C0BE29E7.d.F53D608A77FD9DC4DD399FBF48144F6F.e.1771/click - {}
RESULT: {}
RESULT: {}
COMMAND: GET /session/99c1e0432be813f94d8279fe5f2ff00b/screenshot - {}
RESULT: {}
COMMAND: POST /session/99c1e0432be813f94d8279fe5f2ff00b/element - {"using":"xpath","value":"//div[contains(@id, \"smartFilterBar-btnBasicSearch-reset\")]"}
RESULT: {"using":"xpath","value":"//div[contains(@id, \"smartFilterBar-btnBasicSearch-reset\")]"}
COMMAND: POST /session/99c1e0432be813f94d8279fe5f2ff00b/element/f.385D30113BF6ACD9869CE178C0BE29E7.d.F53D608A77FD9DC4DD399FBF48144F6F.e.897/click - {}
RESULT: {}
COMMAND: GET /session/99c1e0432be813f94d8279fe5f2ff00b/screenshot - {}
RESULT: {}
COMMAND: POST /session/99c1e0432be813f94d8279fe5f2ff00b/element/f.385D30113BF6ACD9869CE178C0BE29E7.d.F53D608A77FD9DC4DD399FBF48144F6F.e.296/click - {}
RESULT: {}
COMMAND: GET /session/99c1e0432be813f94d8279fe5f2ff00b/screenshot - {}
RESULT: {}
RESULT: undefined
COMMAND: POST /session/99c1e0432be813f94d8279fe5f2ff00b/element - {"using":"xpath","value":"//*[@id=\"application-ruinventorylist-display-component---Master--ruStateTypes-arrow\"]"}
RESULT: {"using":"xpath","value":"//*[@id=\"application-ruinventorylist-display-component---Master--ruStateTypes-arrow\"]"}
COMMAND: POST /session/99c1e0432be813f94d8279fe5f2ff00b/element/f.385D30113BF6ACD9869CE178C0BE29E7.d.F53D608A77FD9DC4DD399FBF48144F6F.e.1945/click - {}
RESULT: {}
COMMAND: GET /session/99c1e0432be813f94d8279fe5f2ff00b/screenshot - {}
RESULT: {}
COMMAND: POST /session/99c1e0432be813f94d8279fe5f2ff00b/element - {"using":"xpath","value":"//li[.//span[text()=\"available\"]]"}
RESULT: {"using":"xpath","value":"//li[.//span[text()=\"available\"]]"}
COMMAND: POST /session/99c1e0432be813f94d8279fe5f2ff00b/element/f.385D30113BF6ACD9869CE178C0BE29E7.d.F53D608A77FD9DC4DD399FBF48144F6F.e.1946/click - {}
RESULT: {}
COMMAND: GET /session/99c1e0432be813f94d8279fe5f2ff00b/screenshot - {}
RESULT: {}
COMMAND: POST /session/99c1e0432be813f94d8279fe5f2ff00b/element - {"using":"xpath","value":"(//bdi[contains(text(), \"OK\")])[1]"}
RESULT: {"using":"xpath","value":"(//bdi[contains(text(), \"OK\")])[1]"}
COMMAND: POST /session/99c1e0432be813f94d8279fe5f2ff00b/element/f.385D30113BF6ACD9869CE178C0BE29E7.d.F53D608A77FD9DC4DD399FBF48144F6F.e.1947/click - {}
RESULT: {}
COMMAND: GET /session/99c1e0432be813f94d8279fe5f2ff00b/screenshot - {}
RESULT: {}
COMMAND: POST /session/99c1e0432be813f94d8279fe5f2ff00b/element - {"using":"xpath","value":"(//bdi[contains(text(), \"OK\")])[2]"}
RESULT: {"using":"xpath","value":"(//bdi[contains(text(), \"OK\")])[2]"}
COMMAND: POST /session/99c1e0432be813f94d8279fe5f2ff00b/element/f.385D30113BF6ACD9869CE178C0BE29E7.d.F53D608A77FD9DC4DD399FBF48144F6F.e.1952/click - {}
RESULT: {}
COMMAND: GET /session/99c1e0432be813f94d8279fe5f2ff00b/screenshot - {}
RESULT: {}
RESULT: undefined
COMMAND: POST /session/99c1e0432be813f94d8279fe5f2ff00b/execute/async - {"script":"<script> [776 bytes]","args":[{"enterText":"600002","selector":{"id":"application-ruinventorylist-display-component---Master--smartFilterBar-btnBasicSearch","interaction":{"idSuffix":"I"}},"clearTextFirst":true,"interactionType":"ENTER_TEXT"}]}
RESULT: {"script":"<script> [776 bytes]","args":[{"enterText":"600002","selector":{"id":"application-ruinventorylist-display-component---Master--smartFilterBar-btnBasicSearch","interaction":{"idSuffix":"I"}},"clearTextFirst":true,"interactionType":"ENTER_TEXT"}]}
COMMAND: POST /session/99c1e0432be813f94d8279fe5f2ff00b/actions - {"actions":[{"id":"action9","type":"key","parameters":{},"actions":[{"type":"keyDown","value":"î€‡"},{"type":"pause","duration":10},{"type":"keyUp","value":"î€‡"}]}]}
RESULT: {"actions":[{"id":"action9","type":"key","parameters":{},"actions":[{"type":"keyDown","value":"î€‡"},{"type":"pause","duration":10},{"type":"keyUp","value":"î€‡"}]}]}
COMMAND: GET /session/99c1e0432be813f94d8279fe5f2ff00b/screenshot - {}
RESULT: {}
COMMAND: POST /session/99c1e0432be813f94d8279fe5f2ff00b/element - {"using":"xpath","value":"//span[@id=\"application-ruinventorylist-display-component---Master--smartTableRuInventoryList-header-inner\"]"}
RESULT: {"using":"xpath","value":"//span[@id=\"application-ruinventorylist-display-component---Master--smartTableRuInventoryList-header-inner\"]"}
COMMAND: POST /session/99c1e0432be813f94d8279fe5f2ff00b/elements - {"using":"xpath","value":"//span[@id=\"application-ruinventorylist-display-component---Master--smartTableRuInventoryList-header-inner\"]"}
RESULT: {"using":"xpath","value":"//span[@id=\"application-ruinventorylist-display-component---Master--smartTableRuInventoryList-header-inner\"]"}
COMMAND: POST /session/99c1e0432be813f94d8279fe5f2ff00b/execute/sync - {"script":"<script> [56 bytes]","args":[{"element-6066-11e4-a52e-4f735466cecf":"f.385D30113BF6ACD9869CE178C0BE29E7.d.F53D608A77FD9DC4DD399FBF48144F6F.e.880","ELEMENT":"f.385D30113BF6ACD9869CE178C0BE29E7.d.F53D608A77FD9DC4DD399FBF48144F6F.e.880"}]}
RESULT: {"script":"<script> [56 bytes]","args":[{"element-6066-11e4-a52e-4f735466cecf":"f.385D30113BF6ACD9869CE178C0BE29E7.d.F53D608A77FD9DC4DD399FBF48144F6F.e.880","ELEMENT":"f.385D30113BF6ACD9869CE178C0BE29E7.d.F53D608A77FD9DC4DD399FBF48144F6F.e.880"}]}
COMMAND: POST /session/99c1e0432be813f94d8279fe5f2ff00b/element - {"using":"xpath","value":"//table[contains(@id, \"application-ruinventorylist-display-component---Master--tableRuInventoryList-listUl\")]/tbody/tr[1]/td[6]/div/span"}
COMMAND: GET /session/99c1e0432be813f94d8279fe5f2ff00b/screenshot - {}
RESULT: {"using":"xpath","value":"//table[contains(@id, \"application-ruinventorylist-display-component---Master--tableRuInventoryList-listUl\")]/tbody/tr[1]/td[6]/div/span"}
COMMAND: POST /session/99c1e0432be813f94d8279fe5f2ff00b/execute/sync - {"script":"<script> [56 bytes]","args":[{"element-6066-11e4-a52e-4f735466cecf":"f.385D30113BF6ACD9869CE178C0BE29E7.d.F53D608A77FD9DC4DD399FBF48144F6F.e.1973","ELEMENT":"f.385D30113BF6ACD9869CE178C0BE29E7.d.F53D608A77FD9DC4DD399FBF48144F6F.e.1973"}]}
RESULT: {}
RESULT: {"script":"<script> [56 bytes]","args":[{"element-6066-11e4-a52e-4f735466cecf":"f.385D30113BF6ACD9869CE178C0BE29E7.d.F53D608A77FD9DC4DD399FBF48144F6F.e.1973","ELEMENT":"f.385D30113BF6ACD9869CE178C0BE29E7.d.F53D608A77FD9DC4DD399FBF48144F6F.e.1973"}]}
COMMAND: POST /session/99c1e0432be813f94d8279fe5f2ff00b/element - {"using":"xpath","value":"//div[contains(@id, \"smartFilterBar-btnBasicSearch-reset\")]"}
COMMAND: GET /session/99c1e0432be813f94d8279fe5f2ff00b/screenshot - {}
RESULT: {"using":"xpath","value":"//div[contains(@id, \"smartFilterBar-btnBasicSearch-reset\")]"}
COMMAND: POST /session/99c1e0432be813f94d8279fe5f2ff00b/element/f.385D30113BF6ACD9869CE178C0BE29E7.d.F53D608A77FD9DC4DD399FBF48144F6F.e.897/click - {}
RESULT: {}
RESULT: {}
COMMAND: GET /session/99c1e0432be813f94d8279fe5f2ff00b/screenshot - {}
RESULT: {}
RESULT: undefined
COMMAND: POST /session/99c1e0432be813f94d8279fe5f2ff00b/execute/async - {"script":"<script> [776 bytes]","args":[{"enterText":"401002","selector":{"id":"application-ruinventorylist-display-component---Master--smartFilterBar-btnBasicSearch","interaction":{"idSuffix":"I"}},"clearTextFirst":true,"interactionType":"ENTER_TEXT"}]}
RESULT: {"script":"<script> [776 bytes]","args":[{"enterText":"401002","selector":{"id":"application-ruinventorylist-display-component---Master--smartFilterBar-btnBasicSearch","interaction":{"idSuffix":"I"}},"clearTextFirst":true,"interactionType":"ENTER_TEXT"}]}
COMMAND: POST /session/99c1e0432be813f94d8279fe5f2ff00b/actions - {"actions":[{"id":"action10","type":"key","parameters":{},"actions":[{"type":"keyDown","value":"î€‡"},{"type":"pause","duration":10},{"type":"keyUp","value":"î€‡"}]}]}
RESULT: {"actions":[{"id":"action10","type":"key","parameters":{},"actions":[{"type":"keyDown","value":"î€‡"},{"type":"pause","duration":10},{"type":"keyUp","value":"î€‡"}]}]}
COMMAND: GET /session/99c1e0432be813f94d8279fe5f2ff00b/screenshot - {}
RESULT: {}
COMMAND: POST /session/99c1e0432be813f94d8279fe5f2ff00b/element - {"using":"xpath","value":"//span[@id=\"application-ruinventorylist-display-component---Master--smartTableRuInventoryList-header-inner\"]"}
RESULT: {"using":"xpath","value":"//span[@id=\"application-ruinventorylist-display-component---Master--smartTableRuInventoryList-header-inner\"]"}
COMMAND: POST /session/99c1e0432be813f94d8279fe5f2ff00b/elements - {"using":"xpath","value":"//span[@id=\"application-ruinventorylist-display-component---Master--smartTableRuInventoryList-header-inner\"]"}
RESULT: {"using":"xpath","value":"//span[@id=\"application-ruinventorylist-display-component---Master--smartTableRuInventoryList-header-inner\"]"}
COMMAND: POST /session/99c1e0432be813f94d8279fe5f2ff00b/execute/sync - {"script":"<script> [56 bytes]","args":[{"element-6066-11e4-a52e-4f735466cecf":"f.385D30113BF6ACD9869CE178C0BE29E7.d.F53D608A77FD9DC4DD399FBF48144F6F.e.880","ELEMENT":"f.385D30113BF6ACD9869CE178C0BE29E7.d.F53D608A77FD9DC4DD399FBF48144F6F.e.880"}]}
RESULT: {"script":"<script> [56 bytes]","args":[{"element-6066-11e4-a52e-4f735466cecf":"f.385D30113BF6ACD9869CE178C0BE29E7.d.F53D608A77FD9DC4DD399FBF48144F6F.e.880","ELEMENT":"f.385D30113BF6ACD9869CE178C0BE29E7.d.F53D608A77FD9DC4DD399FBF48144F6F.e.880"}]}
COMMAND: POST /session/99c1e0432be813f94d8279fe5f2ff00b/element - {"using":"xpath","value":"//table[contains(@id, \"application-ruinventorylist-display-component---Master--tableRuInventoryList-listUl\")]/tbody/tr[1]/td[6]/div/span"}
COMMAND: GET /session/99c1e0432be813f94d8279fe5f2ff00b/screenshot - {}
RESULT: {"using":"xpath","value":"//table[contains(@id, \"application-ruinventorylist-display-component---Master--tableRuInventoryList-listUl\")]/tbody/tr[1]/td[6]/div/span"}
COMMAND: POST /session/99c1e0432be813f94d8279fe5f2ff00b/execute/sync - {"script":"<script> [56 bytes]","args":[{"element-6066-11e4-a52e-4f735466cecf":"f.385D30113BF6ACD9869CE178C0BE29E7.d.F53D608A77FD9DC4DD399FBF48144F6F.e.2060","ELEMENT":"f.385D30113BF6ACD9869CE178C0BE29E7.d.F53D608A77FD9DC4DD399FBF48144F6F.e.2060"}]}
RESULT: {}
RESULT: {"script":"<script> [56 bytes]","args":[{"element-6066-11e4-a52e-4f735466cecf":"f.385D30113BF6ACD9869CE178C0BE29E7.d.F53D608A77FD9DC4DD399FBF48144F6F.e.2060","ELEMENT":"f.385D30113BF6ACD9869CE178C0BE29E7.d.F53D608A77FD9DC4DD399FBF48144F6F.e.2060"}]}
COMMAND: POST /session/99c1e0432be813f94d8279fe5f2ff00b/element - {"using":"xpath","value":"//div[contains(@id, \"smartFilterBar-btnBasicSearch-reset\")]"}
COMMAND: GET /session/99c1e0432be813f94d8279fe5f2ff00b/screenshot - {}
RESULT: {"using":"xpath","value":"//div[contains(@id, \"smartFilterBar-btnBasicSearch-reset\")]"}
COMMAND: POST /session/99c1e0432be813f94d8279fe5f2ff00b/element/f.385D30113BF6ACD9869CE178C0BE29E7.d.F53D608A77FD9DC4DD399FBF48144F6F.e.897/click - {}
RESULT: {}
RESULT: {}
COMMAND: GET /session/99c1e0432be813f94d8279fe5f2ff00b/screenshot - {}
RESULT: {}
COMMAND: POST /session/99c1e0432be813f94d8279fe5f2ff00b/element - {"using":"css selector","value":"#shell-header-logo"}
RESULT: {"using":"css selector","value":"#shell-header-logo"}
COMMAND: POST /session/99c1e0432be813f94d8279fe5f2ff00b/element/f.385D30113BF6ACD9869CE178C0BE29E7.d.F53D608A77FD9DC4DD399FBF48144F6F.e.264/click - {}
RESULT: {}
COMMAND: GET /session/99c1e0432be813f94d8279fe5f2ff00b/screenshot - {}
RESULT: {}
]]></system-out>
    </testcase>
    <testcase classname="chrome.135_0_7049_96.windows.RU_Inventory_Mass_State_Change_Multiple_Items_US151066" name="Prerequisite Step 2 Should create a new equipment" time="147.991">
      <system-out><![CDATA[
COMMAND: POST /session/99c1e0432be813f94d8279fe5f2ff00b/execute/async - {"script":"<script> [1562 bytes]","args":[{"selector":{"controlType":"sap.m.GenericTile","properties":{"header":"Manage Resources"}},"wdio_ui5_key":"sapm.GenericTile{\"header\":\"Manage Resources\"}"}]}
RESULT: {"script":"<script> [1562 bytes]","args":[{"selector":{"controlType":"sap.m.GenericTile","properties":{"header":"Manage Resources"}},"wdio_ui5_key":"sapm.GenericTile{\"header\":\"Manage Resources\"}"}]}
RESULT: undefined
COMMAND: POST /session/99c1e0432be813f94d8279fe5f2ff00b/element - {"using":"xpath","value":"//*[@id=\"__tile39\"]"}
RESULT: {"using":"xpath","value":"//*[@id=\"__tile39\"]"}
COMMAND: POST /session/99c1e0432be813f94d8279fe5f2ff00b/element/f.385D30113BF6ACD9869CE178C0BE29E7.d.F53D608A77FD9DC4DD399FBF48144F6F.e.151/click - {}
RESULT: {}
COMMAND: POST /session/99c1e0432be813f94d8279fe5f2ff00b/element - {"using":"xpath","value":"//button[@data-kt=\"addNewRUOverflowToolbarButton\"]"}
COMMAND: GET /session/99c1e0432be813f94d8279fe5f2ff00b/screenshot - {}
RESULT: {"using":"xpath","value":"//button[@data-kt=\"addNewRUOverflowToolbarButton\"]"}
COMMAND: POST /session/99c1e0432be813f94d8279fe5f2ff00b/elements - {"using":"xpath","value":"//button[@data-kt=\"addNewRUOverflowToolbarButton\"]"}
RESULT: {}
RESULT: {"using":"xpath","value":"//button[@data-kt=\"addNewRUOverflowToolbarButton\"]"}
COMMAND: POST /session/99c1e0432be813f94d8279fe5f2ff00b/elements - {"using":"xpath","value":"//button[@data-kt=\"addNewRUOverflowToolbarButton\"]"}
RESULT: {"using":"xpath","value":"//button[@data-kt=\"addNewRUOverflowToolbarButton\"]"}
COMMAND: POST /session/99c1e0432be813f94d8279fe5f2ff00b/elements - {"using":"xpath","value":"//button[@data-kt=\"addNewRUOverflowToolbarButton\"]"}
RESULT: {"using":"xpath","value":"//button[@data-kt=\"addNewRUOverflowToolbarButton\"]"}
COMMAND: POST /session/99c1e0432be813f94d8279fe5f2ff00b/elements - {"using":"xpath","value":"//button[@data-kt=\"addNewRUOverflowToolbarButton\"]"}
RESULT: {"using":"xpath","value":"//button[@data-kt=\"addNewRUOverflowToolbarButton\"]"}
COMMAND: POST /session/99c1e0432be813f94d8279fe5f2ff00b/elements - {"using":"xpath","value":"//button[@data-kt=\"addNewRUOverflowToolbarButton\"]"}
RESULT: {"using":"xpath","value":"//button[@data-kt=\"addNewRUOverflowToolbarButton\"]"}
COMMAND: POST /session/99c1e0432be813f94d8279fe5f2ff00b/elements - {"using":"xpath","value":"//button[@data-kt=\"addNewRUOverflowToolbarButton\"]"}
RESULT: {"using":"xpath","value":"//button[@data-kt=\"addNewRUOverflowToolbarButton\"]"}
COMMAND: POST /session/99c1e0432be813f94d8279fe5f2ff00b/elements - {"using":"xpath","value":"//button[@data-kt=\"addNewRUOverflowToolbarButton\"]"}
RESULT: {"using":"xpath","value":"//button[@data-kt=\"addNewRUOverflowToolbarButton\"]"}
COMMAND: POST /session/99c1e0432be813f94d8279fe5f2ff00b/elements - {"using":"xpath","value":"//button[@data-kt=\"addNewRUOverflowToolbarButton\"]"}
RESULT: {"using":"xpath","value":"//button[@data-kt=\"addNewRUOverflowToolbarButton\"]"}
COMMAND: POST /session/99c1e0432be813f94d8279fe5f2ff00b/elements - {"using":"xpath","value":"//button[@data-kt=\"addNewRUOverflowToolbarButton\"]"}
RESULT: {"using":"xpath","value":"//button[@data-kt=\"addNewRUOverflowToolbarButton\"]"}
COMMAND: POST /session/99c1e0432be813f94d8279fe5f2ff00b/elements - {"using":"xpath","value":"//button[@data-kt=\"addNewRUOverflowToolbarButton\"]"}
RESULT: {"using":"xpath","value":"//button[@data-kt=\"addNewRUOverflowToolbarButton\"]"}
COMMAND: POST /session/99c1e0432be813f94d8279fe5f2ff00b/elements - {"using":"xpath","value":"//button[@data-kt=\"addNewRUOverflowToolbarButton\"]"}
RESULT: {"using":"xpath","value":"//button[@data-kt=\"addNewRUOverflowToolbarButton\"]"}
COMMAND: POST /session/99c1e0432be813f94d8279fe5f2ff00b/elements - {"using":"xpath","value":"//button[@data-kt=\"addNewRUOverflowToolbarButton\"]"}
RESULT: {"using":"xpath","value":"//button[@data-kt=\"addNewRUOverflowToolbarButton\"]"}
COMMAND: POST /session/99c1e0432be813f94d8279fe5f2ff00b/element - {"using":"xpath","value":"//button[@data-kt=\"addNewRUOverflowToolbarButton\"]"}
RESULT: {"using":"xpath","value":"//button[@data-kt=\"addNewRUOverflowToolbarButton\"]"}
COMMAND: POST /session/99c1e0432be813f94d8279fe5f2ff00b/execute/sync - {"script":"<script> [8489 bytes]","args":[{"element-6066-11e4-a52e-4f735466cecf":"f.385D30113BF6ACD9869CE178C0BE29E7.d.F53D608A77FD9DC4DD399FBF48144F6F.e.2172","ELEMENT":"f.385D30113BF6ACD9869CE178C0BE29E7.d.F53D608A77FD9DC4DD399FBF48144F6F.e.2172"}]}
RESULT: {"script":"<script> [8489 bytes]","args":[{"element-6066-11e4-a52e-4f735466cecf":"f.385D30113BF6ACD9869CE178C0BE29E7.d.F53D608A77FD9DC4DD399FBF48144F6F.e.2172","ELEMENT":"f.385D30113BF6ACD9869CE178C0BE29E7.d.F53D608A77FD9DC4DD399FBF48144F6F.e.2172"}]}
COMMAND: GET /session/99c1e0432be813f94d8279fe5f2ff00b/element/f.385D30113BF6ACD9869CE178C0BE29E7.d.F53D608A77FD9DC4DD399FBF48144F6F.e.2172/enabled - {}
COMMAND: GET /session/99c1e0432be813f94d8279fe5f2ff00b/screenshot - {}
RESULT: {}
COMMAND: POST /session/99c1e0432be813f94d8279fe5f2ff00b/execute/sync - {"script":"<script> [8489 bytes]","args":[{"element-6066-11e4-a52e-4f735466cecf":"f.385D30113BF6ACD9869CE178C0BE29E7.d.F53D608A77FD9DC4DD399FBF48144F6F.e.2172","ELEMENT":"f.385D30113BF6ACD9869CE178C0BE29E7.d.F53D608A77FD9DC4DD399FBF48144F6F.e.2172"}]}
COMMAND: GET /session/99c1e0432be813f94d8279fe5f2ff00b/screenshot - {}
RESULT: {}
RESULT: {"script":"<script> [8489 bytes]","args":[{"element-6066-11e4-a52e-4f735466cecf":"f.385D30113BF6ACD9869CE178C0BE29E7.d.F53D608A77FD9DC4DD399FBF48144F6F.e.2172","ELEMENT":"f.385D30113BF6ACD9869CE178C0BE29E7.d.F53D608A77FD9DC4DD399FBF48144F6F.e.2172"}]}
COMMAND: POST /session/99c1e0432be813f94d8279fe5f2ff00b/execute/sync - {"script":"<script> [5351 bytes]","args":[{"element-6066-11e4-a52e-4f735466cecf":"f.385D30113BF6ACD9869CE178C0BE29E7.d.F53D608A77FD9DC4DD399FBF48144F6F.e.2172","ELEMENT":"f.385D30113BF6ACD9869CE178C0BE29E7.d.F53D608A77FD9DC4DD399FBF48144F6F.e.2172"}]}
COMMAND: GET /session/99c1e0432be813f94d8279fe5f2ff00b/screenshot - {}
RESULT: {}
RESULT: {"script":"<script> [5351 bytes]","args":[{"element-6066-11e4-a52e-4f735466cecf":"f.385D30113BF6ACD9869CE178C0BE29E7.d.F53D608A77FD9DC4DD399FBF48144F6F.e.2172","ELEMENT":"f.385D30113BF6ACD9869CE178C0BE29E7.d.F53D608A77FD9DC4DD399FBF48144F6F.e.2172"}]}
COMMAND: POST /session/99c1e0432be813f94d8279fe5f2ff00b/element/f.385D30113BF6ACD9869CE178C0BE29E7.d.F53D608A77FD9DC4DD399FBF48144F6F.e.2172/click - {}
COMMAND: GET /session/99c1e0432be813f94d8279fe5f2ff00b/screenshot - {}
RESULT: {}
RESULT: {}
COMMAND: GET /session/99c1e0432be813f94d8279fe5f2ff00b/screenshot - {}
COMMAND: POST /session/99c1e0432be813f94d8279fe5f2ff00b/execute/async - {"script":"<script> [1562 bytes]","args":[{"selector":{"id":"application-manageresources-display-component---newResourceUnit--TYPE-arrow"},"wdio_ui5_key":"applicationmanageresources-display-component---newResourceUnit--TYPE-arrow"}]}
RESULT: {}
RESULT: {}
RESULT: {"script":"<script> [1562 bytes]","args":[{"selector":{"id":"application-manageresources-display-component---newResourceUnit--TYPE-arrow"},"wdio_ui5_key":"applicationmanageresources-display-component---newResourceUnit--TYPE-arrow"}]}
RESULT: undefined
COMMAND: POST /session/99c1e0432be813f94d8279fe5f2ff00b/element - {"using":"xpath","value":"//*[@id=\"application-manageresources-display-component---newResourceUnit--TYPE-arrow\"]"}
RESULT: {"using":"xpath","value":"//*[@id=\"application-manageresources-display-component---newResourceUnit--TYPE-arrow\"]"}
COMMAND: POST /session/99c1e0432be813f94d8279fe5f2ff00b/element/f.385D30113BF6ACD9869CE178C0BE29E7.d.F53D608A77FD9DC4DD399FBF48144F6F.e.2345/click - {}
RESULT: {}
COMMAND: POST /session/99c1e0432be813f94d8279fe5f2ff00b/element - {"using":"xpath","value":"//input[@id=\"application-manageresources-display-component---newResourceUnit--TYPE-inner\"]"}
COMMAND: GET /session/99c1e0432be813f94d8279fe5f2ff00b/screenshot - {}
RESULT: {"using":"xpath","value":"//input[@id=\"application-manageresources-display-component---newResourceUnit--TYPE-inner\"]"}
COMMAND: POST /session/99c1e0432be813f94d8279fe5f2ff00b/element/f.385D30113BF6ACD9869CE178C0BE29E7.d.F53D608A77FD9DC4DD399FBF48144F6F.e.2231/clear - {}
RESULT: {}
RESULT: {}
COMMAND: POST /session/99c1e0432be813f94d8279fe5f2ff00b/element/f.385D30113BF6ACD9869CE178C0BE29E7.d.F53D608A77FD9DC4DD399FBF48144F6F.e.2231/value - {"text":"Equipment"}
COMMAND: GET /session/99c1e0432be813f94d8279fe5f2ff00b/screenshot - {}
RESULT: {"text":"Equipment"}
COMMAND: GET /session/99c1e0432be813f94d8279fe5f2ff00b/screenshot - {}
RESULT: {}
RESULT: {}
COMMAND: POST /session/99c1e0432be813f94d8279fe5f2ff00b/actions - {"actions":[{"id":"action11","type":"key","parameters":{},"actions":[{"type":"keyDown","value":"î€‡"},{"type":"pause","duration":10},{"type":"keyUp","value":"î€‡"}]}]}
RESULT: {"actions":[{"id":"action11","type":"key","parameters":{},"actions":[{"type":"keyDown","value":"î€‡"},{"type":"pause","duration":10},{"type":"keyUp","value":"î€‡"}]}]}
COMMAND: POST /session/99c1e0432be813f94d8279fe5f2ff00b/execute/async - {"script":"<script> [1562 bytes]","args":[{"selector":{"id":"application-manageresources-display-component---newResourceUnit--resourceId","interaction":{"idSuffix":"inner"}},"wdio_ui5_key":"applicationmanageresources-display-component---newResourceUnit--resourceId"}]}
COMMAND: GET /session/99c1e0432be813f94d8279fe5f2ff00b/screenshot - {}
RESULT: {"script":"<script> [1562 bytes]","args":[{"selector":{"id":"application-manageresources-display-component---newResourceUnit--resourceId","interaction":{"idSuffix":"inner"}},"wdio_ui5_key":"applicationmanageresources-display-component---newResourceUnit--resourceId"}]}
RESULT: undefined
COMMAND: POST /session/99c1e0432be813f94d8279fe5f2ff00b/execute/async - {"script":"<script> [776 bytes]","args":[{"enterText":"YQqzno7aNU","selector":{"id":"application-manageresources-display-component---newResourceUnit--resourceId","interaction":{"idSuffix":"inner"}},"clearTextFirst":true,"interactionType":"ENTER_TEXT"}]}
RESULT: {}
RESULT: {"script":"<script> [776 bytes]","args":[{"enterText":"YQqzno7aNU","selector":{"id":"application-manageresources-display-component---newResourceUnit--resourceId","interaction":{"idSuffix":"inner"}},"clearTextFirst":true,"interactionType":"ENTER_TEXT"}]}
COMMAND: POST /session/99c1e0432be813f94d8279fe5f2ff00b/execute/async - {"script":"<script> [1562 bytes]","args":[{"selector":{"id":"application-manageresources-display-component---newResourceUnit--SHORT_TEXT","interaction":{"idSuffix":"inner"}},"wdio_ui5_key":"applicationmanageresources-display-component---newResourceUnit--SHORT_TEXT"}]}
RESULT: {"script":"<script> [1562 bytes]","args":[{"selector":{"id":"application-manageresources-display-component---newResourceUnit--SHORT_TEXT","interaction":{"idSuffix":"inner"}},"wdio_ui5_key":"applicationmanageresources-display-component---newResourceUnit--SHORT_TEXT"}]}
RESULT: undefined
COMMAND: POST /session/99c1e0432be813f94d8279fe5f2ff00b/execute/async - {"script":"<script> [776 bytes]","args":[{"enterText":"Intercompany Equipment WDIO","selector":{"id":"application-manageresources-display-component---newResourceUnit--SHORT_TEXT","interaction":{"idSuffix":"inner"}},"clearTextFirst":true,"interactionType":"ENTER_TEXT"}]}
RESULT: {"script":"<script> [776 bytes]","args":[{"enterText":"Intercompany Equipment WDIO","selector":{"id":"application-manageresources-display-component---newResourceUnit--SHORT_TEXT","interaction":{"idSuffix":"inner"}},"clearTextFirst":true,"interactionType":"ENTER_TEXT"}]}
COMMAND: POST /session/99c1e0432be813f94d8279fe5f2ff00b/execute/async - {"script":"<script> [1562 bytes]","args":[{"selector":{"id":"application-manageresources-display-component---newResourceUnit--BASE_UNIT_OF_MEASURE","interaction":{"idSuffix":"inner"}},"wdio_ui5_key":"applicationmanageresources-display-component---newResourceUnit--BASE_UNIT_OF_MEASURE"}]}
RESULT: {"script":"<script> [1562 bytes]","args":[{"selector":{"id":"application-manageresources-display-component---newResourceUnit--BASE_UNIT_OF_MEASURE","interaction":{"idSuffix":"inner"}},"wdio_ui5_key":"applicationmanageresources-display-component---newResourceUnit--BASE_UNIT_OF_MEASURE"}]}
RESULT: undefined
COMMAND: POST /session/99c1e0432be813f94d8279fe5f2ff00b/execute/async - {"script":"<script> [776 bytes]","args":[{"enterText":"Piece","selector":{"id":"application-manageresources-display-component---newResourceUnit--BASE_UNIT_OF_MEASURE","interaction":{"idSuffix":"inner"}},"clearTextFirst":true,"interactionType":"ENTER_TEXT"}]}
RESULT: {"script":"<script> [776 bytes]","args":[{"enterText":"Piece","selector":{"id":"application-manageresources-display-component---newResourceUnit--BASE_UNIT_OF_MEASURE","interaction":{"idSuffix":"inner"}},"clearTextFirst":true,"interactionType":"ENTER_TEXT"}]}
COMMAND: POST /session/99c1e0432be813f94d8279fe5f2ff00b/execute/async - {"script":"<script> [1562 bytes]","args":[{"selector":{"id":"application-manageresources-display-component---newResourceUnit--WEIGHT_UNIT","interaction":{"idSuffix":"inner"}},"wdio_ui5_key":"applicationmanageresources-display-component---newResourceUnit--WEIGHT_UNIT"}]}
RESULT: {"script":"<script> [1562 bytes]","args":[{"selector":{"id":"application-manageresources-display-component---newResourceUnit--WEIGHT_UNIT","interaction":{"idSuffix":"inner"}},"wdio_ui5_key":"applicationmanageresources-display-component---newResourceUnit--WEIGHT_UNIT"}]}
RESULT: undefined
COMMAND: POST /session/99c1e0432be813f94d8279fe5f2ff00b/execute/async - {"script":"<script> [776 bytes]","args":[{"enterText":"Gram","selector":{"id":"application-manageresources-display-component---newResourceUnit--WEIGHT_UNIT","interaction":{"idSuffix":"inner"}},"clearTextFirst":true,"interactionType":"ENTER_TEXT"}]}
RESULT: {"script":"<script> [776 bytes]","args":[{"enterText":"Gram","selector":{"id":"application-manageresources-display-component---newResourceUnit--WEIGHT_UNIT","interaction":{"idSuffix":"inner"}},"clearTextFirst":true,"interactionType":"ENTER_TEXT"}]}
COMMAND: POST /session/99c1e0432be813f94d8279fe5f2ff00b/execute/async - {"script":"<script> [1562 bytes]","args":[{"selector":{"id":"application-manageresources-display-component---newResourceUnit--DIMENSION_UNIT","interaction":{"idSuffix":"inner"}},"wdio_ui5_key":"applicationmanageresources-display-component---newResourceUnit--DIMENSION_UNIT"}]}
RESULT: {"script":"<script> [1562 bytes]","args":[{"selector":{"id":"application-manageresources-display-component---newResourceUnit--DIMENSION_UNIT","interaction":{"idSuffix":"inner"}},"wdio_ui5_key":"applicationmanageresources-display-component---newResourceUnit--DIMENSION_UNIT"}]}
RESULT: undefined
COMMAND: POST /session/99c1e0432be813f94d8279fe5f2ff00b/execute/async - {"script":"<script> [776 bytes]","args":[{"enterText":"Meter","selector":{"id":"application-manageresources-display-component---newResourceUnit--DIMENSION_UNIT","interaction":{"idSuffix":"inner"}},"clearTextFirst":true,"interactionType":"ENTER_TEXT"}]}
RESULT: {"script":"<script> [776 bytes]","args":[{"enterText":"Meter","selector":{"id":"application-manageresources-display-component---newResourceUnit--DIMENSION_UNIT","interaction":{"idSuffix":"inner"}},"clearTextFirst":true,"interactionType":"ENTER_TEXT"}]}
COMMAND: POST /session/99c1e0432be813f94d8279fe5f2ff00b/execute/async - {"script":"<script> [1562 bytes]","args":[{"selector":{"id":"application-manageresources-display-component---newResourceUnit--newRRUPage-anchBar-application-manageresources-display-component---newResourceUnit--control-anchor","interaction":{"idSuffix":"BDI-content"}},"wdio_ui5_key":"applicationmanageresources-display-component---newResourceUnit--newRRUPage-anchBar-application-manageresources-display-component---newResourceUnit--control-anchor"}]}
RESULT: {"script":"<script> [1562 bytes]","args":[{"selector":{"id":"application-manageresources-display-component---newResourceUnit--newRRUPage-anchBar-application-manageresources-display-component---newResourceUnit--control-anchor","interaction":{"idSuffix":"BDI-content"}},"wdio_ui5_key":"applicationmanageresources-display-component---newResourceUnit--newRRUPage-anchBar-application-manageresources-display-component---newResourceUnit--control-anchor"}]}
RESULT: undefined
COMMAND: POST /session/99c1e0432be813f94d8279fe5f2ff00b/element - {"using":"xpath","value":"//*[@id=\"application-manageresources-display-component---newResourceUnit--newRRUPage-anchBar-application-manageresources-display-component---newResourceUnit--control-anchor\"]"}
RESULT: {"using":"xpath","value":"//*[@id=\"application-manageresources-display-component---newResourceUnit--newRRUPage-anchBar-application-manageresources-display-component---newResourceUnit--control-anchor\"]"}
COMMAND: POST /session/99c1e0432be813f94d8279fe5f2ff00b/element/f.385D30113BF6ACD9869CE178C0BE29E7.d.F53D608A77FD9DC4DD399FBF48144F6F.e.2480/click - {}
RESULT: {}
COMMAND: POST /session/99c1e0432be813f94d8279fe5f2ff00b/execute/async - {"script":"<script> [1562 bytes]","args":[{"selector":{"id":"application-manageresources-display-component---newResourceUnit--PLANNING_GROUP","interaction":{"idSuffix":"inner"}},"wdio_ui5_key":"applicationmanageresources-display-component---newResourceUnit--PLANNING_GROUP"}]}
COMMAND: GET /session/99c1e0432be813f94d8279fe5f2ff00b/screenshot - {}
RESULT: {"script":"<script> [1562 bytes]","args":[{"selector":{"id":"application-manageresources-display-component---newResourceUnit--PLANNING_GROUP","interaction":{"idSuffix":"inner"}},"wdio_ui5_key":"applicationmanageresources-display-component---newResourceUnit--PLANNING_GROUP"}]}
RESULT: undefined
COMMAND: POST /session/99c1e0432be813f94d8279fe5f2ff00b/execute/async - {"script":"<script> [776 bytes]","args":[{"enterText":"Heavy Equi","selector":{"id":"application-manageresources-display-component---newResourceUnit--PLANNING_GROUP","interaction":{"idSuffix":"inner"}},"clearTextFirst":true,"interactionType":"ENTER_TEXT"}]}
RESULT: {}
RESULT: {"script":"<script> [776 bytes]","args":[{"enterText":"Heavy Equi","selector":{"id":"application-manageresources-display-component---newResourceUnit--PLANNING_GROUP","interaction":{"idSuffix":"inner"}},"clearTextFirst":true,"interactionType":"ENTER_TEXT"}]}
COMMAND: POST /session/99c1e0432be813f94d8279fe5f2ff00b/execute/async - {"script":"<script> [1562 bytes]","args":[{"selector":{"id":"application-manageresources-display-component---newResourceUnit--ITEM_TYPE-arrow"},"wdio_ui5_key":"applicationmanageresources-display-component---newResourceUnit--ITEM_TYPE-arrow"}]}
RESULT: {"script":"<script> [1562 bytes]","args":[{"selector":{"id":"application-manageresources-display-component---newResourceUnit--ITEM_TYPE-arrow"},"wdio_ui5_key":"applicationmanageresources-display-component---newResourceUnit--ITEM_TYPE-arrow"}]}
RESULT: undefined
COMMAND: POST /session/99c1e0432be813f94d8279fe5f2ff00b/element - {"using":"xpath","value":"//*[@id=\"application-manageresources-display-component---newResourceUnit--ITEM_TYPE-arrow\"]"}
RESULT: {"using":"xpath","value":"//*[@id=\"application-manageresources-display-component---newResourceUnit--ITEM_TYPE-arrow\"]"}
COMMAND: POST /session/99c1e0432be813f94d8279fe5f2ff00b/element/f.385D30113BF6ACD9869CE178C0BE29E7.d.F53D608A77FD9DC4DD399FBF48144F6F.e.2488/click - {}
RESULT: {}
COMMAND: POST /session/99c1e0432be813f94d8279fe5f2ff00b/element - {"using":"xpath","value":"(//span[contains(text(), \"Resource Unit\")])[2]"}
COMMAND: GET /session/99c1e0432be813f94d8279fe5f2ff00b/screenshot - {}
RESULT: {"using":"xpath","value":"(//span[contains(text(), \"Resource Unit\")])[2]"}
COMMAND: POST /session/99c1e0432be813f94d8279fe5f2ff00b/element/f.385D30113BF6ACD9869CE178C0BE29E7.d.F53D608A77FD9DC4DD399FBF48144F6F.e.2489/click - {}
RESULT: {}
RESULT: {}
COMMAND: GET /session/99c1e0432be813f94d8279fe5f2ff00b/screenshot - {}
RESULT: {}
COMMAND: POST /session/99c1e0432be813f94d8279fe5f2ff00b/element - {"using":"css selector","value":"#application-manageresources-display-component---newResourceUnit--btnAddTimeSegment"}
RESULT: {"using":"css selector","value":"#application-manageresources-display-component---newResourceUnit--btnAddTimeSegment"}
COMMAND: GET /session/99c1e0432be813f94d8279fe5f2ff00b/element/f.385D30113BF6ACD9869CE178C0BE29E7.d.F53D608A77FD9DC4DD399FBF48144F6F.e.2490/rect - {}
RESULT: {}
COMMAND: GET /session/99c1e0432be813f94d8279fe5f2ff00b/window/rect - {}
RESULT: {}
COMMAND: POST /session/99c1e0432be813f94d8279fe5f2ff00b/execute/sync - {"script":"<script> [92 bytes]","args":[]}
RESULT: {"script":"<script> [92 bytes]","args":[]}
COMMAND: POST /session/99c1e0432be813f94d8279fe5f2ff00b/actions - {"actions":[{"id":"action12","type":"wheel","parameters":{},"actions":[{"type":"scroll","x":-1888,"y":-32,"deltaX":0,"deltaY":0,"duration":0,"origin":{"element-6066-11e4-a52e-4f735466cecf":"f.385D30113BF6ACD9869CE178C0BE29E7.d.F53D608A77FD9DC4DD399FBF48144F6F.e.2490"}}]}]}
COMMAND: GET /session/99c1e0432be813f94d8279fe5f2ff00b/screenshot - {}
RESULT: {}
COMMAND: POST /session/99c1e0432be813f94d8279fe5f2ff00b/execute/sync - {"script":"<script> [79 bytes]","args":[{"element-6066-11e4-a52e-4f735466cecf":"f.385D30113BF6ACD9869CE178C0BE29E7.d.F53D608A77FD9DC4DD399FBF48144F6F.e.2490","ELEMENT":"f.385D30113BF6ACD9869CE178C0BE29E7.d.F53D608A77FD9DC4DD399FBF48144F6F.e.2490"},{"block":"start","inline":"nearest"}]}
RESULT: {"script":"<script> [79 bytes]","args":[{"element-6066-11e4-a52e-4f735466cecf":"f.385D30113BF6ACD9869CE178C0BE29E7.d.F53D608A77FD9DC4DD399FBF48144F6F.e.2490","ELEMENT":"f.385D30113BF6ACD9869CE178C0BE29E7.d.F53D608A77FD9DC4DD399FBF48144F6F.e.2490"},{"block":"start","inline":"nearest"}]}
COMMAND: POST /session/99c1e0432be813f94d8279fe5f2ff00b/execute/async - {"script":"<script> [1562 bytes]","args":[{"selector":{"id":"application-manageresources-display-component---newResourceUnit--btnAddTimeSegment","interaction":{"idSuffix":"inner"}},"wdio_ui5_key":"applicationmanageresources-display-component---newResourceUnit--btnAddTimeSegment"}]}
COMMAND: GET /session/99c1e0432be813f94d8279fe5f2ff00b/screenshot - {}
RESULT: {"script":"<script> [1562 bytes]","args":[{"selector":{"id":"application-manageresources-display-component---newResourceUnit--btnAddTimeSegment","interaction":{"idSuffix":"inner"}},"wdio_ui5_key":"applicationmanageresources-display-component---newResourceUnit--btnAddTimeSegment"}]}
RESULT: undefined
COMMAND: POST /session/99c1e0432be813f94d8279fe5f2ff00b/element - {"using":"xpath","value":"//*[@id=\"application-manageresources-display-component---newResourceUnit--btnAddTimeSegment\"]"}
RESULT: {}
RESULT: {"using":"xpath","value":"//*[@id=\"application-manageresources-display-component---newResourceUnit--btnAddTimeSegment\"]"}
COMMAND: POST /session/99c1e0432be813f94d8279fe5f2ff00b/element/f.385D30113BF6ACD9869CE178C0BE29E7.d.F53D608A77FD9DC4DD399FBF48144F6F.e.2490/click - {}
RESULT: {}
COMMAND: GET /session/99c1e0432be813f94d8279fe5f2ff00b/screenshot - {}
RESULT: {}
COMMAND: POST /session/99c1e0432be813f94d8279fe5f2ff00b/element - {"using":"xpath","value":"//input[@id=\"application-manageresources-display-component---newResourceUnit--idRuTSAdmin-application-manageresources-display-component---newResourceUnit--RUTimeSegment-0-inner\"]"}
RESULT: {"using":"xpath","value":"//input[@id=\"application-manageresources-display-component---newResourceUnit--idRuTSAdmin-application-manageresources-display-component---newResourceUnit--RUTimeSegment-0-inner\"]"}
COMMAND: POST /session/99c1e0432be813f94d8279fe5f2ff00b/element/f.385D30113BF6ACD9869CE178C0BE29E7.d.F53D608A77FD9DC4DD399FBF48144F6F.e.2496/clear - {}
RESULT: {}
COMMAND: POST /session/99c1e0432be813f94d8279fe5f2ff00b/element/f.385D30113BF6ACD9869CE178C0BE29E7.d.F53D608A77FD9DC4DD399FBF48144F6F.e.2496/value - {"text":"109"}
COMMAND: GET /session/99c1e0432be813f94d8279fe5f2ff00b/screenshot - {}
RESULT: {"text":"109"}
COMMAND: GET /session/99c1e0432be813f94d8279fe5f2ff00b/screenshot - {}
RESULT: {}
RESULT: {}
COMMAND: POST /session/99c1e0432be813f94d8279fe5f2ff00b/element - {"using":"xpath","value":"//li[.//span[text()='109']]"}
RESULT: {"using":"xpath","value":"//li[.//span[text()='109']]"}
COMMAND: POST /session/99c1e0432be813f94d8279fe5f2ff00b/element/f.385D30113BF6ACD9869CE178C0BE29E7.d.F53D608A77FD9DC4DD399FBF48144F6F.e.2508/click - {}
RESULT: {}
COMMAND: GET /session/99c1e0432be813f94d8279fe5f2ff00b/screenshot - {}
RESULT: {}
COMMAND: POST /session/99c1e0432be813f94d8279fe5f2ff00b/element - {"using":"xpath","value":"(//span[contains(@id, \"-application-manageresources-display-component---newResourceUnit--RUTimeSegment-0-arrow\")])[6]"}
RESULT: {"using":"xpath","value":"(//span[contains(@id, \"-application-manageresources-display-component---newResourceUnit--RUTimeSegment-0-arrow\")])[6]"}
COMMAND: POST /session/99c1e0432be813f94d8279fe5f2ff00b/element/f.385D30113BF6ACD9869CE178C0BE29E7.d.F53D608A77FD9DC4DD399FBF48144F6F.e.2509/click - {}
RESULT: {}
COMMAND: GET /session/99c1e0432be813f94d8279fe5f2ff00b/screenshot - {}
RESULT: {}
COMMAND: POST /session/99c1e0432be813f94d8279fe5f2ff00b/element - {"using":"xpath","value":"//span[contains(text(), \"PM Order\")]"}
RESULT: {"using":"xpath","value":"//span[contains(text(), \"PM Order\")]"}
COMMAND: POST /session/99c1e0432be813f94d8279fe5f2ff00b/element/f.385D30113BF6ACD9869CE178C0BE29E7.d.F53D608A77FD9DC4DD399FBF48144F6F.e.2512/click - {}
RESULT: {}
COMMAND: GET /session/99c1e0432be813f94d8279fe5f2ff00b/screenshot - {}
RESULT: {}
COMMAND: POST /session/99c1e0432be813f94d8279fe5f2ff00b/element - {"using":"xpath","value":"(//span[contains(@id ,\"manageresources-display-component---newResourceUnit--RUTimeSegment-0-vhi\")])[1]"}
RESULT: {"using":"xpath","value":"(//span[contains(@id ,\"manageresources-display-component---newResourceUnit--RUTimeSegment-0-vhi\")])[1]"}
COMMAND: GET /session/99c1e0432be813f94d8279fe5f2ff00b/element/f.385D30113BF6ACD9869CE178C0BE29E7.d.F53D608A77FD9DC4DD399FBF48144F6F.e.2516/rect - {}
RESULT: {}
COMMAND: GET /session/99c1e0432be813f94d8279fe5f2ff00b/window/rect - {}
RESULT: {}
COMMAND: POST /session/99c1e0432be813f94d8279fe5f2ff00b/execute/sync - {"script":"<script> [92 bytes]","args":[]}
RESULT: {"script":"<script> [92 bytes]","args":[]}
COMMAND: POST /session/99c1e0432be813f94d8279fe5f2ff00b/actions - {"actions":[{"id":"action13","type":"wheel","parameters":{},"actions":[{"type":"scroll","x":-869,"y":-24,"deltaX":0,"deltaY":0,"duration":0,"origin":{"element-6066-11e4-a52e-4f735466cecf":"f.385D30113BF6ACD9869CE178C0BE29E7.d.F53D608A77FD9DC4DD399FBF48144F6F.e.2516"}}]}]}
COMMAND: GET /session/99c1e0432be813f94d8279fe5f2ff00b/screenshot - {}
RESULT: {"actions":[{"id":"action13","type":"wheel","parameters":{},"actions":[{"type":"scroll","x":-869,"y":-24,"deltaX":0,"deltaY":0,"duration":0,"origin":{"element-6066-11e4-a52e-4f735466cecf":"f.385D30113BF6ACD9869CE178C0BE29E7.d.F53D608A77FD9DC4DD399FBF48144F6F.e.2516"}}]}]}
COMMAND: DELETE /session/99c1e0432be813f94d8279fe5f2ff00b/actions - {}
COMMAND: GET /session/99c1e0432be813f94d8279fe5f2ff00b/screenshot - {}
RESULT: {}
RESULT: {}
COMMAND: GET /session/99c1e0432be813f94d8279fe5f2ff00b/screenshot - {}
RESULT: {}
RESULT: {}
COMMAND: POST /session/99c1e0432be813f94d8279fe5f2ff00b/element/f.385D30113BF6ACD9869CE178C0BE29E7.d.F53D608A77FD9DC4DD399FBF48144F6F.e.2516/click - {}
RESULT: {}
COMMAND: GET /session/99c1e0432be813f94d8279fe5f2ff00b/screenshot - {}
RESULT: {}
COMMAND: POST /session/99c1e0432be813f94d8279fe5f2ff00b/execute/async - {"script":"<script> [1562 bytes]","args":[{"selector":{"controlType":"sap.m.SearchField","properties":{"placeholder":"Search"},"searchOpenDialogs":true,"interaction":{"idSuffix":"I"}},"wdio_ui5_key":"sapm.SearchField{\"placeholder\":\"Search\"}"}]}
RESULT: {"script":"<script> [1562 bytes]","args":[{"selector":{"controlType":"sap.m.SearchField","properties":{"placeholder":"Search"},"searchOpenDialogs":true,"interaction":{"idSuffix":"I"}},"wdio_ui5_key":"sapm.SearchField{\"placeholder\":\"Search\"}"}]}
RESULT: undefined
COMMAND: POST /session/99c1e0432be813f94d8279fe5f2ff00b/execute/async - {"script":"<script> [776 bytes]","args":[{"enterText":"4000360","selector":{"controlType":"sap.m.SearchField","properties":{"placeholder":"Search"},"searchOpenDialogs":true,"interaction":{"idSuffix":"I"}},"clearTextFirst":true,"interactionType":"ENTER_TEXT"}]}
RESULT: {"script":"<script> [776 bytes]","args":[{"enterText":"4000360","selector":{"controlType":"sap.m.SearchField","properties":{"placeholder":"Search"},"searchOpenDialogs":true,"interaction":{"idSuffix":"I"}},"clearTextFirst":true,"interactionType":"ENTER_TEXT"}]}
COMMAND: POST /session/99c1e0432be813f94d8279fe5f2ff00b/actions - {"actions":[{"id":"action14","type":"key","parameters":{},"actions":[{"type":"keyDown","value":"î€‡"},{"type":"pause","duration":10},{"type":"keyUp","value":"î€‡"}]}]}
RESULT: {"actions":[{"id":"action14","type":"key","parameters":{},"actions":[{"type":"keyDown","value":"î€‡"},{"type":"pause","duration":10},{"type":"keyUp","value":"î€‡"}]}]}
COMMAND: GET /session/99c1e0432be813f94d8279fe5f2ff00b/screenshot - {}
RESULT: {}
COMMAND: POST /session/99c1e0432be813f94d8279fe5f2ff00b/element - {"using":"xpath","value":"//td/div/span[contains(text(), \"BGL Vehicles\")]"}
RESULT: {"using":"xpath","value":"//td/div/span[contains(text(), \"BGL Vehicles\")]"}
COMMAND: POST /session/99c1e0432be813f94d8279fe5f2ff00b/element/f.385D30113BF6ACD9869CE178C0BE29E7.d.F53D608A77FD9DC4DD399FBF48144F6F.e.2536/click - {}
RESULT: {}
COMMAND: GET /session/99c1e0432be813f94d8279fe5f2ff00b/screenshot - {}
RESULT: {}
COMMAND: POST /session/99c1e0432be813f94d8279fe5f2ff00b/element - {"using":"xpath","value":"//bdi[contains(text(), \"OK\")]"}
RESULT: {"using":"xpath","value":"//bdi[contains(text(), \"OK\")]"}
COMMAND: POST /session/99c1e0432be813f94d8279fe5f2ff00b/element/f.385D30113BF6ACD9869CE178C0BE29E7.d.F53D608A77FD9DC4DD399FBF48144F6F.e.2537/click - {}
RESULT: {}
COMMAND: GET /session/99c1e0432be813f94d8279fe5f2ff00b/screenshot - {}
RESULT: {}
COMMAND: POST /session/99c1e0432be813f94d8279fe5f2ff00b/execute/async - {"script":"<script> [1562 bytes]","args":[{"selector":{"id":"application-manageresources-display-component---newResourceUnit--newRRUPage-anchBar-application-manageresources-display-component---newResourceUnit--resource-anchor","interaction":{"idSuffix":"BDI-content"}},"wdio_ui5_key":"applicationmanageresources-display-component---newResourceUnit--newRRUPage-anchBar-application-manageresources-display-component---newResourceUnit--resource-anchor"}]}
RESULT: {"script":"<script> [1562 bytes]","args":[{"selector":{"id":"application-manageresources-display-component---newResourceUnit--newRRUPage-anchBar-application-manageresources-display-component---newResourceUnit--resource-anchor","interaction":{"idSuffix":"BDI-content"}},"wdio_ui5_key":"applicationmanageresources-display-component---newResourceUnit--newRRUPage-anchBar-application-manageresources-display-component---newResourceUnit--resource-anchor"}]}
RESULT: undefined
COMMAND: POST /session/99c1e0432be813f94d8279fe5f2ff00b/element - {"using":"xpath","value":"//*[@id=\"application-manageresources-display-component---newResourceUnit--newRRUPage-anchBar-application-manageresources-display-component---newResourceUnit--resource-anchor\"]"}
RESULT: {"using":"xpath","value":"//*[@id=\"application-manageresources-display-component---newResourceUnit--newRRUPage-anchBar-application-manageresources-display-component---newResourceUnit--resource-anchor\"]"}
COMMAND: POST /session/99c1e0432be813f94d8279fe5f2ff00b/element/f.385D30113BF6ACD9869CE178C0BE29E7.d.F53D608A77FD9DC4DD399FBF48144F6F.e.2541/click - {}
RESULT: {}
COMMAND: POST /session/99c1e0432be813f94d8279fe5f2ff00b/execute/async - {"script":"<script> [1562 bytes]","args":[{"selector":{"id":"application-manageresources-display-component---newResourceUnit--PLANNED_DELIVERY_DATE","interaction":{"idSuffix":"inner"}},"wdio_ui5_key":"applicationmanageresources-display-component---newResourceUnit--PLANNED_DELIVERY_DATE"}]}
COMMAND: GET /session/99c1e0432be813f94d8279fe5f2ff00b/screenshot - {}
RESULT: {"script":"<script> [1562 bytes]","args":[{"selector":{"id":"application-manageresources-display-component---newResourceUnit--PLANNED_DELIVERY_DATE","interaction":{"idSuffix":"inner"}},"wdio_ui5_key":"applicationmanageresources-display-component---newResourceUnit--PLANNED_DELIVERY_DATE"}]}
RESULT: undefined
COMMAND: POST /session/99c1e0432be813f94d8279fe5f2ff00b/execute/async - {"script":"<script> [6424 bytes]","args":[{"element-6066-11e4-a52e-4f735466cecf":"f.385D30113BF6ACD9869CE178C0BE29E7.d.F53D608A77FD9DC4DD399FBF48144F6F.e.2403"},"setValue",["4/30/25"]]}
RESULT: {}
RESULT: {"script":"<script> [6424 bytes]","args":[{"element-6066-11e4-a52e-4f735466cecf":"f.385D30113BF6ACD9869CE178C0BE29E7.d.F53D608A77FD9DC4DD399FBF48144F6F.e.2403"},"setValue",["4/30/25"]]}
COMMAND: POST /session/99c1e0432be813f94d8279fe5f2ff00b/element - {"using":"xpath","value":"//button[@data-kt=\"resourceUnitSaveButton\"]"}
RESULT: {"using":"xpath","value":"//button[@data-kt=\"resourceUnitSaveButton\"]"}
COMMAND: POST /session/99c1e0432be813f94d8279fe5f2ff00b/element/f.385D30113BF6ACD9869CE178C0BE29E7.d.F53D608A77FD9DC4DD399FBF48144F6F.e.2363/click - {}
RESULT: {}
COMMAND: GET /session/99c1e0432be813f94d8279fe5f2ff00b/screenshot - {}
RESULT: {}
COMMAND: POST /session/99c1e0432be813f94d8279fe5f2ff00b/element - {"using":"xpath","value":"//bdi[contains(text(), \"Close\")]"}
RESULT: {"using":"xpath","value":"//bdi[contains(text(), \"Close\")]"}
COMMAND: POST /session/99c1e0432be813f94d8279fe5f2ff00b/element/f.385D30113BF6ACD9869CE178C0BE29E7.d.F53D608A77FD9DC4DD399FBF48144F6F.e.2549/click - {}
RESULT: {}
COMMAND: GET /session/99c1e0432be813f94d8279fe5f2ff00b/screenshot - {}
RESULT: {}
COMMAND: POST /session/99c1e0432be813f94d8279fe5f2ff00b/element - {"using":"xpath","value":"(//button[contains(@id ,\"actionsToolbar-overflowButton\")])[1]"}
RESULT: {"using":"xpath","value":"(//button[contains(@id ,\"actionsToolbar-overflowButton\")])[1]"}
COMMAND: POST /session/99c1e0432be813f94d8279fe5f2ff00b/element/f.385D30113BF6ACD9869CE178C0BE29E7.d.F53D608A77FD9DC4DD399FBF48144F6F.e.2607/click - {}
RESULT: {}
COMMAND: GET /session/99c1e0432be813f94d8279fe5f2ff00b/screenshot - {}
RESULT: {}
COMMAND: POST /session/99c1e0432be813f94d8279fe5f2ff00b/element - {"using":"xpath","value":"//button[@data-kt=\"priceInfoButton\"]"}
RESULT: {"using":"xpath","value":"//button[@data-kt=\"priceInfoButton\"]"}
COMMAND: POST /session/99c1e0432be813f94d8279fe5f2ff00b/element/f.385D30113BF6ACD9869CE178C0BE29E7.d.F53D608A77FD9DC4DD399FBF48144F6F.e.2609/click - {}
RESULT: {}
COMMAND: GET /session/99c1e0432be813f94d8279fe5f2ff00b/screenshot - {}
RESULT: {}
COMMAND: POST /session/99c1e0432be813f94d8279fe5f2ff00b/element - {"using":"css selector","value":"#shell-header-logo"}
RESULT: {"using":"css selector","value":"#shell-header-logo"}
COMMAND: POST /session/99c1e0432be813f94d8279fe5f2ff00b/element/f.385D30113BF6ACD9869CE178C0BE29E7.d.F53D608A77FD9DC4DD399FBF48144F6F.e.2142/click - {}
RESULT: {}
COMMAND: GET /session/99c1e0432be813f94d8279fe5f2ff00b/screenshot - {}
RESULT: {}
]]></system-out>
    </testcase>
    <testcase classname="chrome.135_0_7049_96.windows.RU_Inventory_Mass_State_Change_Multiple_Items_US151066" name="Prerequisite Step 2 Should create a new material" time="109.279">
      <system-out><![CDATA[
RESULT: undefined
COMMAND: POST /session/99c1e0432be813f94d8279fe5f2ff00b/element - {"using":"xpath","value":"//*[@id=\"__tile39\"]"}
RESULT: {"using":"xpath","value":"//*[@id=\"__tile39\"]"}
COMMAND: POST /session/99c1e0432be813f94d8279fe5f2ff00b/element/f.385D30113BF6ACD9869CE178C0BE29E7.d.F53D608A77FD9DC4DD399FBF48144F6F.e.151/click - {}
RESULT: {}
COMMAND: POST /session/99c1e0432be813f94d8279fe5f2ff00b/element - {"using":"xpath","value":"//button[@data-kt=\"addNewRUOverflowToolbarButton\"]"}
COMMAND: GET /session/99c1e0432be813f94d8279fe5f2ff00b/screenshot - {}
RESULT: {"using":"xpath","value":"//button[@data-kt=\"addNewRUOverflowToolbarButton\"]"}
COMMAND: POST /session/99c1e0432be813f94d8279fe5f2ff00b/elements - {"using":"xpath","value":"//button[@data-kt=\"addNewRUOverflowToolbarButton\"]"}
RESULT: {}
RESULT: {"using":"xpath","value":"//button[@data-kt=\"addNewRUOverflowToolbarButton\"]"}
COMMAND: POST /session/99c1e0432be813f94d8279fe5f2ff00b/element - {"using":"xpath","value":"//button[@data-kt=\"addNewRUOverflowToolbarButton\"]"}
RESULT: {"using":"xpath","value":"//button[@data-kt=\"addNewRUOverflowToolbarButton\"]"}
COMMAND: POST /session/99c1e0432be813f94d8279fe5f2ff00b/execute/sync - {"script":"<script> [8489 bytes]","args":[{"element-6066-11e4-a52e-4f735466cecf":"f.385D30113BF6ACD9869CE178C0BE29E7.d.F53D608A77FD9DC4DD399FBF48144F6F.e.2682","ELEMENT":"f.385D30113BF6ACD9869CE178C0BE29E7.d.F53D608A77FD9DC4DD399FBF48144F6F.e.2682"}]}
RESULT: {"script":"<script> [8489 bytes]","args":[{"element-6066-11e4-a52e-4f735466cecf":"f.385D30113BF6ACD9869CE178C0BE29E7.d.F53D608A77FD9DC4DD399FBF48144F6F.e.2682","ELEMENT":"f.385D30113BF6ACD9869CE178C0BE29E7.d.F53D608A77FD9DC4DD399FBF48144F6F.e.2682"}]}
COMMAND: GET /session/99c1e0432be813f94d8279fe5f2ff00b/element/f.385D30113BF6ACD9869CE178C0BE29E7.d.F53D608A77FD9DC4DD399FBF48144F6F.e.2682/enabled - {}
COMMAND: GET /session/99c1e0432be813f94d8279fe5f2ff00b/screenshot - {}
RESULT: {}
COMMAND: POST /session/99c1e0432be813f94d8279fe5f2ff00b/execute/sync - {"script":"<script> [8489 bytes]","args":[{"element-6066-11e4-a52e-4f735466cecf":"f.385D30113BF6ACD9869CE178C0BE29E7.d.F53D608A77FD9DC4DD399FBF48144F6F.e.2682","ELEMENT":"f.385D30113BF6ACD9869CE178C0BE29E7.d.F53D608A77FD9DC4DD399FBF48144F6F.e.2682"}]}
COMMAND: GET /session/99c1e0432be813f94d8279fe5f2ff00b/screenshot - {}
RESULT: {}
RESULT: {"script":"<script> [8489 bytes]","args":[{"element-6066-11e4-a52e-4f735466cecf":"f.385D30113BF6ACD9869CE178C0BE29E7.d.F53D608A77FD9DC4DD399FBF48144F6F.e.2682","ELEMENT":"f.385D30113BF6ACD9869CE178C0BE29E7.d.F53D608A77FD9DC4DD399FBF48144F6F.e.2682"}]}
COMMAND: POST /session/99c1e0432be813f94d8279fe5f2ff00b/execute/sync - {"script":"<script> [5351 bytes]","args":[{"element-6066-11e4-a52e-4f735466cecf":"f.385D30113BF6ACD9869CE178C0BE29E7.d.F53D608A77FD9DC4DD399FBF48144F6F.e.2682","ELEMENT":"f.385D30113BF6ACD9869CE178C0BE29E7.d.F53D608A77FD9DC4DD399FBF48144F6F.e.2682"}]}
COMMAND: GET /session/99c1e0432be813f94d8279fe5f2ff00b/screenshot - {}
RESULT: {}
RESULT: {"script":"<script> [5351 bytes]","args":[{"element-6066-11e4-a52e-4f735466cecf":"f.385D30113BF6ACD9869CE178C0BE29E7.d.F53D608A77FD9DC4DD399FBF48144F6F.e.2682","ELEMENT":"f.385D30113BF6ACD9869CE178C0BE29E7.d.F53D608A77FD9DC4DD399FBF48144F6F.e.2682"}]}
COMMAND: POST /session/99c1e0432be813f94d8279fe5f2ff00b/element/f.385D30113BF6ACD9869CE178C0BE29E7.d.F53D608A77FD9DC4DD399FBF48144F6F.e.2682/click - {}
COMMAND: GET /session/99c1e0432be813f94d8279fe5f2ff00b/screenshot - {}
RESULT: {}
RESULT: {}
COMMAND: GET /session/99c1e0432be813f94d8279fe5f2ff00b/screenshot - {}
RESULT: {}
RESULT: undefined
COMMAND: POST /session/99c1e0432be813f94d8279fe5f2ff00b/element - {"using":"xpath","value":"//*[@id=\"application-manageresources-display-component---newResourceUnit--TYPE-arrow\"]"}
RESULT: {}
RESULT: {"using":"xpath","value":"//*[@id=\"application-manageresources-display-component---newResourceUnit--TYPE-arrow\"]"}
COMMAND: POST /session/99c1e0432be813f94d8279fe5f2ff00b/element/f.385D30113BF6ACD9869CE178C0BE29E7.d.F53D608A77FD9DC4DD399FBF48144F6F.e.3012/click - {}
RESULT: {}
COMMAND: POST /session/99c1e0432be813f94d8279fe5f2ff00b/element - {"using":"xpath","value":"//input[@id=\"application-manageresources-display-component---newResourceUnit--TYPE-inner\"]"}
COMMAND: GET /session/99c1e0432be813f94d8279fe5f2ff00b/screenshot - {}
RESULT: {"using":"xpath","value":"//input[@id=\"application-manageresources-display-component---newResourceUnit--TYPE-inner\"]"}
COMMAND: POST /session/99c1e0432be813f94d8279fe5f2ff00b/element/f.385D30113BF6ACD9869CE178C0BE29E7.d.F53D608A77FD9DC4DD399FBF48144F6F.e.3009/clear - {}
RESULT: {}
RESULT: {}
COMMAND: POST /session/99c1e0432be813f94d8279fe5f2ff00b/element/f.385D30113BF6ACD9869CE178C0BE29E7.d.F53D608A77FD9DC4DD399FBF48144F6F.e.3009/value - {"text":"Material"}
COMMAND: GET /session/99c1e0432be813f94d8279fe5f2ff00b/screenshot - {}
RESULT: {"text":"Material"}
COMMAND: GET /session/99c1e0432be813f94d8279fe5f2ff00b/screenshot - {}
RESULT: {}
RESULT: {}
COMMAND: POST /session/99c1e0432be813f94d8279fe5f2ff00b/actions - {"actions":[{"id":"action15","type":"key","parameters":{},"actions":[{"type":"keyDown","value":"î€‡"},{"type":"pause","duration":10},{"type":"keyUp","value":"î€‡"}]}]}
RESULT: {"actions":[{"id":"action15","type":"key","parameters":{},"actions":[{"type":"keyDown","value":"î€‡"},{"type":"pause","duration":10},{"type":"keyUp","value":"î€‡"}]}]}
RESULT: undefined
COMMAND: POST /session/99c1e0432be813f94d8279fe5f2ff00b/execute/async - {"script":"<script> [776 bytes]","args":[{"enterText":"Cement WDIO","selector":{"id":"application-manageresources-display-component---newResourceUnit--SHORT_TEXT","interaction":{"idSuffix":"inner"}},"clearTextFirst":true,"interactionType":"ENTER_TEXT"}]}
COMMAND: GET /session/99c1e0432be813f94d8279fe5f2ff00b/screenshot - {}
RESULT: {"script":"<script> [776 bytes]","args":[{"enterText":"Cement WDIO","selector":{"id":"application-manageresources-display-component---newResourceUnit--SHORT_TEXT","interaction":{"idSuffix":"inner"}},"clearTextFirst":true,"interactionType":"ENTER_TEXT"}]}
RESULT: undefined
COMMAND: POST /session/99c1e0432be813f94d8279fe5f2ff00b/execute/async - {"script":"<script> [776 bytes]","args":[{"enterText":"Piece","selector":{"id":"application-manageresources-display-component---newResourceUnit--BASE_UNIT_OF_MEASURE","interaction":{"idSuffix":"inner"}},"clearTextFirst":true,"interactionType":"ENTER_TEXT"}]}
RESULT: {}
RESULT: {"script":"<script> [776 bytes]","args":[{"enterText":"Piece","selector":{"id":"application-manageresources-display-component---newResourceUnit--BASE_UNIT_OF_MEASURE","interaction":{"idSuffix":"inner"}},"clearTextFirst":true,"interactionType":"ENTER_TEXT"}]}
RESULT: undefined
COMMAND: POST /session/99c1e0432be813f94d8279fe5f2ff00b/execute/async - {"script":"<script> [776 bytes]","args":[{"enterText":"Gram","selector":{"id":"application-manageresources-display-component---newResourceUnit--WEIGHT_UNIT","interaction":{"idSuffix":"inner"}},"clearTextFirst":true,"interactionType":"ENTER_TEXT"}]}
RESULT: {"script":"<script> [776 bytes]","args":[{"enterText":"Gram","selector":{"id":"application-manageresources-display-component---newResourceUnit--WEIGHT_UNIT","interaction":{"idSuffix":"inner"}},"clearTextFirst":true,"interactionType":"ENTER_TEXT"}]}
RESULT: undefined
COMMAND: POST /session/99c1e0432be813f94d8279fe5f2ff00b/execute/async - {"script":"<script> [776 bytes]","args":[{"enterText":"Meter","selector":{"id":"application-manageresources-display-component---newResourceUnit--DIMENSION_UNIT","interaction":{"idSuffix":"inner"}},"clearTextFirst":true,"interactionType":"ENTER_TEXT"}]}
RESULT: {"script":"<script> [776 bytes]","args":[{"enterText":"Meter","selector":{"id":"application-manageresources-display-component---newResourceUnit--DIMENSION_UNIT","interaction":{"idSuffix":"inner"}},"clearTextFirst":true,"interactionType":"ENTER_TEXT"}]}
RESULT: undefined
COMMAND: POST /session/99c1e0432be813f94d8279fe5f2ff00b/element - {"using":"xpath","value":"//*[@id=\"application-manageresources-display-component---newResourceUnit--newRRUPage-anchBar-application-manageresources-display-component---newResourceUnit--control-anchor\"]"}
RESULT: {"using":"xpath","value":"//*[@id=\"application-manageresources-display-component---newResourceUnit--newRRUPage-anchBar-application-manageresources-display-component---newResourceUnit--control-anchor\"]"}
COMMAND: POST /session/99c1e0432be813f94d8279fe5f2ff00b/element/f.385D30113BF6ACD9869CE178C0BE29E7.d.F53D608A77FD9DC4DD399FBF48144F6F.e.3077/click - {}
RESULT: {}
RESULT: undefined
COMMAND: POST /session/99c1e0432be813f94d8279fe5f2ff00b/execute/async - {"script":"<script> [776 bytes]","args":[{"enterText":"Material","selector":{"id":"application-manageresources-display-component---newResourceUnit--PLANNING_GROUP","interaction":{"idSuffix":"inner"}},"clearTextFirst":true,"interactionType":"ENTER_TEXT"}]}
COMMAND: GET /session/99c1e0432be813f94d8279fe5f2ff00b/screenshot - {}
RESULT: {}
RESULT: {"script":"<script> [776 bytes]","args":[{"enterText":"Material","selector":{"id":"application-manageresources-display-component---newResourceUnit--PLANNING_GROUP","interaction":{"idSuffix":"inner"}},"clearTextFirst":true,"interactionType":"ENTER_TEXT"}]}
COMMAND: POST /session/99c1e0432be813f94d8279fe5f2ff00b/execute/async - {"script":"<script> [1562 bytes]","args":[{"selector":{"id":"application-manageresources-display-component---newResourceUnit--PLANNING_INDICATOR","interaction":{"idSuffix":"inner"}},"wdio_ui5_key":"applicationmanageresources-display-component---newResourceUnit--PLANNING_INDICATOR"}]}
RESULT: {"script":"<script> [1562 bytes]","args":[{"selector":{"id":"application-manageresources-display-component---newResourceUnit--PLANNING_INDICATOR","interaction":{"idSuffix":"inner"}},"wdio_ui5_key":"applicationmanageresources-display-component---newResourceUnit--PLANNING_INDICATOR"}]}
RESULT: undefined
COMMAND: POST /session/99c1e0432be813f94d8279fe5f2ff00b/execute/async - {"script":"<script> [776 bytes]","args":[{"enterText":"10 - infinite","selector":{"id":"application-manageresources-display-component---newResourceUnit--PLANNING_INDICATOR","interaction":{"idSuffix":"inner"}},"clearTextFirst":true,"interactionType":"ENTER_TEXT"}]}
RESULT: {"script":"<script> [776 bytes]","args":[{"enterText":"10 - infinite","selector":{"id":"application-manageresources-display-component---newResourceUnit--PLANNING_INDICATOR","interaction":{"idSuffix":"inner"}},"clearTextFirst":true,"interactionType":"ENTER_TEXT"}]}
COMMAND: POST /session/99c1e0432be813f94d8279fe5f2ff00b/element - {"using":"css selector","value":"#application-manageresources-display-component---newResourceUnit--btnAddTimeSegment"}
RESULT: {"using":"css selector","value":"#application-manageresources-display-component---newResourceUnit--btnAddTimeSegment"}
COMMAND: GET /session/99c1e0432be813f94d8279fe5f2ff00b/element/f.385D30113BF6ACD9869CE178C0BE29E7.d.F53D608A77FD9DC4DD399FBF48144F6F.e.3086/rect - {}
RESULT: {}
COMMAND: GET /session/99c1e0432be813f94d8279fe5f2ff00b/window/rect - {}
RESULT: {}
COMMAND: POST /session/99c1e0432be813f94d8279fe5f2ff00b/execute/sync - {"script":"<script> [92 bytes]","args":[]}
RESULT: {"script":"<script> [92 bytes]","args":[]}
COMMAND: POST /session/99c1e0432be813f94d8279fe5f2ff00b/actions - {"actions":[{"id":"action16","type":"wheel","parameters":{},"actions":[{"type":"scroll","x":-1888,"y":-32,"deltaX":0,"deltaY":0,"duration":0,"origin":{"element-6066-11e4-a52e-4f735466cecf":"f.385D30113BF6ACD9869CE178C0BE29E7.d.F53D608A77FD9DC4DD399FBF48144F6F.e.3086"}}]}]}
COMMAND: GET /session/99c1e0432be813f94d8279fe5f2ff00b/screenshot - {}
RESULT: {}
COMMAND: POST /session/99c1e0432be813f94d8279fe5f2ff00b/execute/sync - {"script":"<script> [79 bytes]","args":[{"element-6066-11e4-a52e-4f735466cecf":"f.385D30113BF6ACD9869CE178C0BE29E7.d.F53D608A77FD9DC4DD399FBF48144F6F.e.3086","ELEMENT":"f.385D30113BF6ACD9869CE178C0BE29E7.d.F53D608A77FD9DC4DD399FBF48144F6F.e.3086"},{"block":"start","inline":"nearest"}]}
RESULT: {"script":"<script> [79 bytes]","args":[{"element-6066-11e4-a52e-4f735466cecf":"f.385D30113BF6ACD9869CE178C0BE29E7.d.F53D608A77FD9DC4DD399FBF48144F6F.e.3086","ELEMENT":"f.385D30113BF6ACD9869CE178C0BE29E7.d.F53D608A77FD9DC4DD399FBF48144F6F.e.3086"},{"block":"start","inline":"nearest"}]}
RESULT: undefined
COMMAND: POST /session/99c1e0432be813f94d8279fe5f2ff00b/element - {"using":"xpath","value":"//*[@id=\"application-manageresources-display-component---newResourceUnit--btnAddTimeSegment\"]"}
COMMAND: GET /session/99c1e0432be813f94d8279fe5f2ff00b/screenshot - {}
RESULT: {"using":"xpath","value":"//*[@id=\"application-manageresources-display-component---newResourceUnit--btnAddTimeSegment\"]"}
COMMAND: POST /session/99c1e0432be813f94d8279fe5f2ff00b/element/f.385D30113BF6ACD9869CE178C0BE29E7.d.F53D608A77FD9DC4DD399FBF48144F6F.e.3086/click - {}
RESULT: {}
RESULT: {}
COMMAND: GET /session/99c1e0432be813f94d8279fe5f2ff00b/screenshot - {}
RESULT: {}
COMMAND: POST /session/99c1e0432be813f94d8279fe5f2ff00b/element - {"using":"xpath","value":"//input[@id=\"application-manageresources-display-component---newResourceUnit--idRuTSAdmin-application-manageresources-display-component---newResourceUnit--RUTimeSegment-0-inner\"]"}
RESULT: {"using":"xpath","value":"//input[@id=\"application-manageresources-display-component---newResourceUnit--idRuTSAdmin-application-manageresources-display-component---newResourceUnit--RUTimeSegment-0-inner\"]"}
COMMAND: POST /session/99c1e0432be813f94d8279fe5f2ff00b/element/f.385D30113BF6ACD9869CE178C0BE29E7.d.F53D608A77FD9DC4DD399FBF48144F6F.e.3090/clear - {}
RESULT: {}
COMMAND: POST /session/99c1e0432be813f94d8279fe5f2ff00b/element/f.385D30113BF6ACD9869CE178C0BE29E7.d.F53D608A77FD9DC4DD399FBF48144F6F.e.3090/value - {"text":"109"}
COMMAND: GET /session/99c1e0432be813f94d8279fe5f2ff00b/screenshot - {}
RESULT: {"text":"109"}
COMMAND: GET /session/99c1e0432be813f94d8279fe5f2ff00b/screenshot - {}
RESULT: {}
RESULT: {}
COMMAND: POST /session/99c1e0432be813f94d8279fe5f2ff00b/element - {"using":"xpath","value":"//li[.//span[text()='109']]"}
RESULT: {"using":"xpath","value":"//li[.//span[text()='109']]"}
COMMAND: POST /session/99c1e0432be813f94d8279fe5f2ff00b/element/f.385D30113BF6ACD9869CE178C0BE29E7.d.F53D608A77FD9DC4DD399FBF48144F6F.e.3101/click - {}
RESULT: {}
COMMAND: GET /session/99c1e0432be813f94d8279fe5f2ff00b/screenshot - {}
RESULT: {}
COMMAND: POST /session/99c1e0432be813f94d8279fe5f2ff00b/element - {"using":"xpath","value":"(//span[contains(@id, \"-application-manageresources-display-component---newResourceUnit--RUTimeSegment-0-arrow\")])[2]"}
RESULT: {"using":"xpath","value":"(//span[contains(@id, \"-application-manageresources-display-component---newResourceUnit--RUTimeSegment-0-arrow\")])[2]"}
COMMAND: POST /session/99c1e0432be813f94d8279fe5f2ff00b/element/f.385D30113BF6ACD9869CE178C0BE29E7.d.F53D608A77FD9DC4DD399FBF48144F6F.e.3102/click - {}
RESULT: {}
COMMAND: POST /session/99c1e0432be813f94d8279fe5f2ff00b/element - {"using":"xpath","value":"//span[contains(text(), \"PM Order\")]"}
COMMAND: GET /session/99c1e0432be813f94d8279fe5f2ff00b/screenshot - {}
RESULT: {"using":"xpath","value":"//span[contains(text(), \"PM Order\")]"}
COMMAND: POST /session/99c1e0432be813f94d8279fe5f2ff00b/element/f.385D30113BF6ACD9869CE178C0BE29E7.d.F53D608A77FD9DC4DD399FBF48144F6F.e.3103/click - {}
RESULT: {}
RESULT: {}
COMMAND: GET /session/99c1e0432be813f94d8279fe5f2ff00b/screenshot - {}
RESULT: {}
COMMAND: POST /session/99c1e0432be813f94d8279fe5f2ff00b/element - {"using":"xpath","value":"//td/div/div/div/span[contains(@id, \"newResourceUnit--RUTimeSegment-0-vhi\")][1]"}
RESULT: {"using":"xpath","value":"//td/div/div/div/span[contains(@id, \"newResourceUnit--RUTimeSegment-0-vhi\")][1]"}
COMMAND: GET /session/99c1e0432be813f94d8279fe5f2ff00b/element/f.385D30113BF6ACD9869CE178C0BE29E7.d.F53D608A77FD9DC4DD399FBF48144F6F.e.3107/rect - {}
RESULT: {}
COMMAND: GET /session/99c1e0432be813f94d8279fe5f2ff00b/window/rect - {}
RESULT: {}
COMMAND: POST /session/99c1e0432be813f94d8279fe5f2ff00b/execute/sync - {"script":"<script> [92 bytes]","args":[]}
RESULT: {"script":"<script> [92 bytes]","args":[]}
COMMAND: POST /session/99c1e0432be813f94d8279fe5f2ff00b/actions - {"actions":[{"id":"action17","type":"wheel","parameters":{},"actions":[{"type":"scroll","x":-1888,"y":-24,"deltaX":0,"deltaY":0,"duration":0,"origin":{"element-6066-11e4-a52e-4f735466cecf":"f.385D30113BF6ACD9869CE178C0BE29E7.d.F53D608A77FD9DC4DD399FBF48144F6F.e.3107"}}]}]}
COMMAND: GET /session/99c1e0432be813f94d8279fe5f2ff00b/screenshot - {}
RESULT: {}
COMMAND: POST /session/99c1e0432be813f94d8279fe5f2ff00b/execute/sync - {"script":"<script> [79 bytes]","args":[{"element-6066-11e4-a52e-4f735466cecf":"f.385D30113BF6ACD9869CE178C0BE29E7.d.F53D608A77FD9DC4DD399FBF48144F6F.e.3107","ELEMENT":"f.385D30113BF6ACD9869CE178C0BE29E7.d.F53D608A77FD9DC4DD399FBF48144F6F.e.3107"},{"block":"start","inline":"nearest"}]}
RESULT: {"script":"<script> [79 bytes]","args":[{"element-6066-11e4-a52e-4f735466cecf":"f.385D30113BF6ACD9869CE178C0BE29E7.d.F53D608A77FD9DC4DD399FBF48144F6F.e.3107","ELEMENT":"f.385D30113BF6ACD9869CE178C0BE29E7.d.F53D608A77FD9DC4DD399FBF48144F6F.e.3107"},{"block":"start","inline":"nearest"}]}
COMMAND: GET /session/99c1e0432be813f94d8279fe5f2ff00b/screenshot - {}
RESULT: {}
COMMAND: POST /session/99c1e0432be813f94d8279fe5f2ff00b/element/f.385D30113BF6ACD9869CE178C0BE29E7.d.F53D608A77FD9DC4DD399FBF48144F6F.e.3107/click - {}
RESULT: {}
COMMAND: GET /session/99c1e0432be813f94d8279fe5f2ff00b/screenshot - {}
RESULT: {}
RESULT: undefined
COMMAND: POST /session/99c1e0432be813f94d8279fe5f2ff00b/execute/async - {"script":"<script> [776 bytes]","args":[{"enterText":"4000360","selector":{"controlType":"sap.m.SearchField","properties":{"placeholder":"Search"},"searchOpenDialogs":true,"interaction":{"idSuffix":"I"}},"clearTextFirst":true,"interactionType":"ENTER_TEXT"}]}
RESULT: {"script":"<script> [776 bytes]","args":[{"enterText":"4000360","selector":{"controlType":"sap.m.SearchField","properties":{"placeholder":"Search"},"searchOpenDialogs":true,"interaction":{"idSuffix":"I"}},"clearTextFirst":true,"interactionType":"ENTER_TEXT"}]}
COMMAND: POST /session/99c1e0432be813f94d8279fe5f2ff00b/actions - {"actions":[{"id":"action18","type":"key","parameters":{},"actions":[{"type":"keyDown","value":"î€‡"},{"type":"pause","duration":10},{"type":"keyUp","value":"î€‡"}]}]}
RESULT: {"actions":[{"id":"action18","type":"key","parameters":{},"actions":[{"type":"keyDown","value":"î€‡"},{"type":"pause","duration":10},{"type":"keyUp","value":"î€‡"}]}]}
COMMAND: GET /session/99c1e0432be813f94d8279fe5f2ff00b/screenshot - {}
RESULT: {}
COMMAND: POST /session/99c1e0432be813f94d8279fe5f2ff00b/element - {"using":"xpath","value":"//td/div/span[contains(text(), \"BGL Vehicles\")]"}
RESULT: {"using":"xpath","value":"//td/div/span[contains(text(), \"BGL Vehicles\")]"}
COMMAND: POST /session/99c1e0432be813f94d8279fe5f2ff00b/element/f.385D30113BF6ACD9869CE178C0BE29E7.d.F53D608A77FD9DC4DD399FBF48144F6F.e.3128/click - {}
RESULT: {}
COMMAND: GET /session/99c1e0432be813f94d8279fe5f2ff00b/screenshot - {}
RESULT: {}
COMMAND: POST /session/99c1e0432be813f94d8279fe5f2ff00b/element - {"using":"xpath","value":"//bdi[contains(text(), \"OK\")]"}
RESULT: {"using":"xpath","value":"//bdi[contains(text(), \"OK\")]"}
COMMAND: POST /session/99c1e0432be813f94d8279fe5f2ff00b/element/f.385D30113BF6ACD9869CE178C0BE29E7.d.F53D608A77FD9DC4DD399FBF48144F6F.e.3129/click - {}
RESULT: {}
COMMAND: GET /session/99c1e0432be813f94d8279fe5f2ff00b/screenshot - {}
RESULT: {}
COMMAND: POST /session/99c1e0432be813f94d8279fe5f2ff00b/element - {"using":"xpath","value":"//button[@data-kt=\"resourceUnitSaveButton\"]"}
RESULT: {"using":"xpath","value":"//button[@data-kt=\"resourceUnitSaveButton\"]"}
COMMAND: POST /session/99c1e0432be813f94d8279fe5f2ff00b/element/f.385D30113BF6ACD9869CE178C0BE29E7.d.F53D608A77FD9DC4DD399FBF48144F6F.e.3033/click - {}
RESULT: {}
COMMAND: GET /session/99c1e0432be813f94d8279fe5f2ff00b/screenshot - {}
RESULT: {}
COMMAND: POST /session/99c1e0432be813f94d8279fe5f2ff00b/element - {"using":"xpath","value":"//bdi[contains(text(), \"Close\")]"}
RESULT: {"using":"xpath","value":"//bdi[contains(text(), \"Close\")]"}
COMMAND: POST /session/99c1e0432be813f94d8279fe5f2ff00b/element/f.385D30113BF6ACD9869CE178C0BE29E7.d.F53D608A77FD9DC4DD399FBF48144F6F.e.3135/click - {}
RESULT: {}
COMMAND: GET /session/99c1e0432be813f94d8279fe5f2ff00b/screenshot - {}
RESULT: {}
COMMAND: POST /session/99c1e0432be813f94d8279fe5f2ff00b/element - {"using":"xpath","value":"//header[contains(@id, 'detailRruPage-headerTitle')]/div[1]/div[2]/div[2]/span[1]"}
RESULT: {"using":"xpath","value":"//header[contains(@id, 'detailRruPage-headerTitle')]/div[1]/div[2]/div[2]/span[1]"}
COMMAND: POST /session/99c1e0432be813f94d8279fe5f2ff00b/elements - {"using":"xpath","value":"//header[contains(@id, 'detailRruPage-headerTitle')]/div[1]/div[2]/div[2]/span[1]"}
RESULT: {"using":"xpath","value":"//header[contains(@id, 'detailRruPage-headerTitle')]/div[1]/div[2]/div[2]/span[1]"}
COMMAND: POST /session/99c1e0432be813f94d8279fe5f2ff00b/execute/sync - {"script":"<script> [56 bytes]","args":[{"element-6066-11e4-a52e-4f735466cecf":"f.385D30113BF6ACD9869CE178C0BE29E7.d.F53D608A77FD9DC4DD399FBF48144F6F.e.3169","ELEMENT":"f.385D30113BF6ACD9869CE178C0BE29E7.d.F53D608A77FD9DC4DD399FBF48144F6F.e.3169"}]}
RESULT: {"script":"<script> [56 bytes]","args":[{"element-6066-11e4-a52e-4f735466cecf":"f.385D30113BF6ACD9869CE178C0BE29E7.d.F53D608A77FD9DC4DD399FBF48144F6F.e.3169","ELEMENT":"f.385D30113BF6ACD9869CE178C0BE29E7.d.F53D608A77FD9DC4DD399FBF48144F6F.e.3169"}]}
COMMAND: POST /session/99c1e0432be813f94d8279fe5f2ff00b/element - {"using":"css selector","value":"#shell-header-logo"}
COMMAND: GET /session/99c1e0432be813f94d8279fe5f2ff00b/screenshot - {}
RESULT: {"using":"css selector","value":"#shell-header-logo"}
COMMAND: POST /session/99c1e0432be813f94d8279fe5f2ff00b/element/f.385D30113BF6ACD9869CE178C0BE29E7.d.F53D608A77FD9DC4DD399FBF48144F6F.e.2615/click - {}
RESULT: {}
RESULT: {}
COMMAND: GET /session/99c1e0432be813f94d8279fe5f2ff00b/screenshot - {}
RESULT: {}
]]></system-out>
    </testcase>
    <testcase classname="chrome.135_0_7049_96.windows.RU_Inventory_Mass_State_Change_Multiple_Items_US151066" name="Prerequisite Step 2 Should do a stock increase handover for the equipment" time="98.354">
      <system-out><![CDATA[
COMMAND: POST /session/99c1e0432be813f94d8279fe5f2ff00b/execute/async - {"script":"<script> [1562 bytes]","args":[{"selector":{"controlType":"sap.m.Text","viewName":"etm.portal.ui.managehandoverstile.view.Master","properties":{"text":"Manage Handovers"},"interaction":{"idSuffix":"inner"}},"wdio_ui5_key":"etmportal.ui.managehandoverstile.view.Mastersap.m.Text{\"text\":\"Manage Handovers\"}"}]}
RESULT: {"script":"<script> [1562 bytes]","args":[{"selector":{"controlType":"sap.m.Text","viewName":"etm.portal.ui.managehandoverstile.view.Master","properties":{"text":"Manage Handovers"},"interaction":{"idSuffix":"inner"}},"wdio_ui5_key":"etmportal.ui.managehandoverstile.view.Mastersap.m.Text{\"text\":\"Manage Handovers\"}"}]}
RESULT: undefined
COMMAND: POST /session/99c1e0432be813f94d8279fe5f2ff00b/element - {"using":"xpath","value":"//*[@id=\"__tile132-title\"]"}
RESULT: {"using":"xpath","value":"//*[@id=\"__tile132-title\"]"}
COMMAND: POST /session/99c1e0432be813f94d8279fe5f2ff00b/element/f.385D30113BF6ACD9869CE178C0BE29E7.d.F53D608A77FD9DC4DD399FBF48144F6F.e.3172/click - {}
RESULT: {}
COMMAND: POST /session/99c1e0432be813f94d8279fe5f2ff00b/element - {"using":"xpath","value":"//button[@data-kt=\"masterHOAddButton\"]"}
COMMAND: GET /session/99c1e0432be813f94d8279fe5f2ff00b/screenshot - {}
RESULT: {"using":"xpath","value":"//button[@data-kt=\"masterHOAddButton\"]"}
COMMAND: POST /session/99c1e0432be813f94d8279fe5f2ff00b/elements - {"using":"xpath","value":"//button[@data-kt=\"masterHOAddButton\"]"}
RESULT: {}
RESULT: {"using":"xpath","value":"//button[@data-kt=\"masterHOAddButton\"]"}
COMMAND: POST /session/99c1e0432be813f94d8279fe5f2ff00b/elements - {"using":"xpath","value":"//button[@data-kt=\"masterHOAddButton\"]"}
RESULT: {"using":"xpath","value":"//button[@data-kt=\"masterHOAddButton\"]"}
COMMAND: POST /session/99c1e0432be813f94d8279fe5f2ff00b/elements - {"using":"xpath","value":"//button[@data-kt=\"masterHOAddButton\"]"}
RESULT: {"using":"xpath","value":"//button[@data-kt=\"masterHOAddButton\"]"}
COMMAND: POST /session/99c1e0432be813f94d8279fe5f2ff00b/elements - {"using":"xpath","value":"//button[@data-kt=\"masterHOAddButton\"]"}
RESULT: {"using":"xpath","value":"//button[@data-kt=\"masterHOAddButton\"]"}
COMMAND: POST /session/99c1e0432be813f94d8279fe5f2ff00b/elements - {"using":"xpath","value":"//button[@data-kt=\"masterHOAddButton\"]"}
RESULT: {"using":"xpath","value":"//button[@data-kt=\"masterHOAddButton\"]"}
COMMAND: POST /session/99c1e0432be813f94d8279fe5f2ff00b/elements - {"using":"xpath","value":"//button[@data-kt=\"masterHOAddButton\"]"}
RESULT: {"using":"xpath","value":"//button[@data-kt=\"masterHOAddButton\"]"}
COMMAND: POST /session/99c1e0432be813f94d8279fe5f2ff00b/elements - {"using":"xpath","value":"//button[@data-kt=\"masterHOAddButton\"]"}
RESULT: {"using":"xpath","value":"//button[@data-kt=\"masterHOAddButton\"]"}
COMMAND: POST /session/99c1e0432be813f94d8279fe5f2ff00b/elements - {"using":"xpath","value":"//button[@data-kt=\"masterHOAddButton\"]"}
RESULT: {"using":"xpath","value":"//button[@data-kt=\"masterHOAddButton\"]"}
COMMAND: POST /session/99c1e0432be813f94d8279fe5f2ff00b/elements - {"using":"xpath","value":"//button[@data-kt=\"masterHOAddButton\"]"}
RESULT: {"using":"xpath","value":"//button[@data-kt=\"masterHOAddButton\"]"}
COMMAND: POST /session/99c1e0432be813f94d8279fe5f2ff00b/elements - {"using":"xpath","value":"//button[@data-kt=\"masterHOAddButton\"]"}
RESULT: {"using":"xpath","value":"//button[@data-kt=\"masterHOAddButton\"]"}
COMMAND: POST /session/99c1e0432be813f94d8279fe5f2ff00b/elements - {"using":"xpath","value":"//button[@data-kt=\"masterHOAddButton\"]"}
RESULT: {"using":"xpath","value":"//button[@data-kt=\"masterHOAddButton\"]"}
COMMAND: POST /session/99c1e0432be813f94d8279fe5f2ff00b/elements - {"using":"xpath","value":"//button[@data-kt=\"masterHOAddButton\"]"}
RESULT: {"using":"xpath","value":"//button[@data-kt=\"masterHOAddButton\"]"}
COMMAND: POST /session/99c1e0432be813f94d8279fe5f2ff00b/element - {"using":"xpath","value":"//button[@data-kt=\"masterHOAddButton\"]"}
RESULT: {"using":"xpath","value":"//button[@data-kt=\"masterHOAddButton\"]"}
COMMAND: POST /session/99c1e0432be813f94d8279fe5f2ff00b/execute/sync - {"script":"<script> [8489 bytes]","args":[{"element-6066-11e4-a52e-4f735466cecf":"f.385D30113BF6ACD9869CE178C0BE29E7.d.F53D608A77FD9DC4DD399FBF48144F6F.e.3203","ELEMENT":"f.385D30113BF6ACD9869CE178C0BE29E7.d.F53D608A77FD9DC4DD399FBF48144F6F.e.3203"}]}
RESULT: {"script":"<script> [8489 bytes]","args":[{"element-6066-11e4-a52e-4f735466cecf":"f.385D30113BF6ACD9869CE178C0BE29E7.d.F53D608A77FD9DC4DD399FBF48144F6F.e.3203","ELEMENT":"f.385D30113BF6ACD9869CE178C0BE29E7.d.F53D608A77FD9DC4DD399FBF48144F6F.e.3203"}]}
COMMAND: GET /session/99c1e0432be813f94d8279fe5f2ff00b/element/f.385D30113BF6ACD9869CE178C0BE29E7.d.F53D608A77FD9DC4DD399FBF48144F6F.e.3203/enabled - {}
COMMAND: GET /session/99c1e0432be813f94d8279fe5f2ff00b/screenshot - {}
RESULT: {}
COMMAND: POST /session/99c1e0432be813f94d8279fe5f2ff00b/execute/sync - {"script":"<script> [8489 bytes]","args":[{"element-6066-11e4-a52e-4f735466cecf":"f.385D30113BF6ACD9869CE178C0BE29E7.d.F53D608A77FD9DC4DD399FBF48144F6F.e.3203","ELEMENT":"f.385D30113BF6ACD9869CE178C0BE29E7.d.F53D608A77FD9DC4DD399FBF48144F6F.e.3203"}]}
COMMAND: GET /session/99c1e0432be813f94d8279fe5f2ff00b/screenshot - {}
RESULT: {}
RESULT: {"script":"<script> [8489 bytes]","args":[{"element-6066-11e4-a52e-4f735466cecf":"f.385D30113BF6ACD9869CE178C0BE29E7.d.F53D608A77FD9DC4DD399FBF48144F6F.e.3203","ELEMENT":"f.385D30113BF6ACD9869CE178C0BE29E7.d.F53D608A77FD9DC4DD399FBF48144F6F.e.3203"}]}
COMMAND: POST /session/99c1e0432be813f94d8279fe5f2ff00b/execute/sync - {"script":"<script> [5351 bytes]","args":[{"element-6066-11e4-a52e-4f735466cecf":"f.385D30113BF6ACD9869CE178C0BE29E7.d.F53D608A77FD9DC4DD399FBF48144F6F.e.3203","ELEMENT":"f.385D30113BF6ACD9869CE178C0BE29E7.d.F53D608A77FD9DC4DD399FBF48144F6F.e.3203"}]}
COMMAND: GET /session/99c1e0432be813f94d8279fe5f2ff00b/screenshot - {}
RESULT: {}
RESULT: {"script":"<script> [5351 bytes]","args":[{"element-6066-11e4-a52e-4f735466cecf":"f.385D30113BF6ACD9869CE178C0BE29E7.d.F53D608A77FD9DC4DD399FBF48144F6F.e.3203","ELEMENT":"f.385D30113BF6ACD9869CE178C0BE29E7.d.F53D608A77FD9DC4DD399FBF48144F6F.e.3203"}]}
COMMAND: POST /session/99c1e0432be813f94d8279fe5f2ff00b/element/f.385D30113BF6ACD9869CE178C0BE29E7.d.F53D608A77FD9DC4DD399FBF48144F6F.e.3203/click - {}
COMMAND: GET /session/99c1e0432be813f94d8279fe5f2ff00b/screenshot - {}
RESULT: {}
RESULT: {}
COMMAND: GET /session/99c1e0432be813f94d8279fe5f2ff00b/screenshot - {}
COMMAND: POST /session/99c1e0432be813f94d8279fe5f2ff00b/element - {"using":"xpath","value":"//span[contains(@id ,\"AddNewHO--typeSelect-arrow\")]"}
RESULT: {}
RESULT: {}
RESULT: {"using":"xpath","value":"//span[contains(@id ,\"AddNewHO--typeSelect-arrow\")]"}
COMMAND: POST /session/99c1e0432be813f94d8279fe5f2ff00b/element/f.385D30113BF6ACD9869CE178C0BE29E7.d.F53D608A77FD9DC4DD399FBF48144F6F.e.3565/click - {}
RESULT: {}
COMMAND: GET /session/99c1e0432be813f94d8279fe5f2ff00b/screenshot - {}
RESULT: {}
COMMAND: POST /session/99c1e0432be813f94d8279fe5f2ff00b/element - {"using":"xpath","value":"(//li[contains(text(), \"stock increase yard\")])[1]"}
RESULT: {"using":"xpath","value":"(//li[contains(text(), \"stock increase yard\")])[1]"}
COMMAND: POST /session/99c1e0432be813f94d8279fe5f2ff00b/element/f.385D30113BF6ACD9869CE178C0BE29E7.d.F53D608A77FD9DC4DD399FBF48144F6F.e.3566/click - {}
RESULT: {}
COMMAND: GET /session/99c1e0432be813f94d8279fe5f2ff00b/screenshot - {}
RESULT: {}
COMMAND: POST /session/99c1e0432be813f94d8279fe5f2ff00b/execute/async - {"script":"<script> [1562 bytes]","args":[{"selector":{"id":"application-managehandovers-display-component---AddNewHO--dueDate","interaction":{"idSuffix":"inner"}},"wdio_ui5_key":"applicationmanagehandovers-display-component---AddNewHO--dueDate"}]}
RESULT: {"script":"<script> [1562 bytes]","args":[{"selector":{"id":"application-managehandovers-display-component---AddNewHO--dueDate","interaction":{"idSuffix":"inner"}},"wdio_ui5_key":"applicationmanagehandovers-display-component---AddNewHO--dueDate"}]}
RESULT: undefined
COMMAND: POST /session/99c1e0432be813f94d8279fe5f2ff00b/execute/async - {"script":"<script> [6424 bytes]","args":[{"element-6066-11e4-a52e-4f735466cecf":"f.385D30113BF6ACD9869CE178C0BE29E7.d.F53D608A77FD9DC4DD399FBF48144F6F.e.3570"},"setValue",["04/30/2025"]]}
RESULT: {"script":"<script> [6424 bytes]","args":[{"element-6066-11e4-a52e-4f735466cecf":"f.385D30113BF6ACD9869CE178C0BE29E7.d.F53D608A77FD9DC4DD399FBF48144F6F.e.3570"},"setValue",["04/30/2025"]]}
COMMAND: POST /session/99c1e0432be813f94d8279fe5f2ff00b/element - {"using":"xpath","value":"//input[@id=\"generalSectionFrg--receiveYard-inner\"]"}
RESULT: {"using":"xpath","value":"//input[@id=\"generalSectionFrg--receiveYard-inner\"]"}
COMMAND: POST /session/99c1e0432be813f94d8279fe5f2ff00b/element/f.385D30113BF6ACD9869CE178C0BE29E7.d.F53D608A77FD9DC4DD399FBF48144F6F.e.3576/clear - {}
RESULT: {}
COMMAND: POST /session/99c1e0432be813f94d8279fe5f2ff00b/element/f.385D30113BF6ACD9869CE178C0BE29E7.d.F53D608A77FD9DC4DD399FBF48144F6F.e.3576/value - {"text":"109"}
COMMAND: GET /session/99c1e0432be813f94d8279fe5f2ff00b/screenshot - {}
RESULT: {}
RESULT: {"text":"109"}
COMMAND: GET /session/99c1e0432be813f94d8279fe5f2ff00b/screenshot - {}
RESULT: {}
COMMAND: POST /session/99c1e0432be813f94d8279fe5f2ff00b/element - {"using":"xpath","value":"//li[.//span[text()='109']]"}
RESULT: {"using":"xpath","value":"//li[.//span[text()='109']]"}
COMMAND: POST /session/99c1e0432be813f94d8279fe5f2ff00b/element/f.385D30113BF6ACD9869CE178C0BE29E7.d.F53D608A77FD9DC4DD399FBF48144F6F.e.3592/click - {}
RESULT: {}
COMMAND: GET /session/99c1e0432be813f94d8279fe5f2ff00b/screenshot - {}
RESULT: {}
COMMAND: POST /session/99c1e0432be813f94d8279fe5f2ff00b/execute/async - {"script":"<script> [1562 bytes]","args":[{"selector":{"id":"application-managehandovers-display-component---AddNewHO--ObjectPageLayout-anchBar-application-managehandovers-display-component---AddNewHO--section4-anchor","interaction":{"idSuffix":"BDI-content"}},"wdio_ui5_key":"applicationmanagehandovers-display-component---AddNewHO--ObjectPageLayout-anchBar-application-managehandovers-display-component---AddNewHO--section4-anchor"}]}
RESULT: {"script":"<script> [1562 bytes]","args":[{"selector":{"id":"application-managehandovers-display-component---AddNewHO--ObjectPageLayout-anchBar-application-managehandovers-display-component---AddNewHO--section4-anchor","interaction":{"idSuffix":"BDI-content"}},"wdio_ui5_key":"applicationmanagehandovers-display-component---AddNewHO--ObjectPageLayout-anchBar-application-managehandovers-display-component---AddNewHO--section4-anchor"}]}
RESULT: undefined
COMMAND: POST /session/99c1e0432be813f94d8279fe5f2ff00b/element - {"using":"xpath","value":"//*[@id=\"application-managehandovers-display-component---AddNewHO--ObjectPageLayout-anchBar-application-managehandovers-display-component---AddNewHO--section4-anchor\"]"}
RESULT: {"using":"xpath","value":"//*[@id=\"application-managehandovers-display-component---AddNewHO--ObjectPageLayout-anchBar-application-managehandovers-display-component---AddNewHO--section4-anchor\"]"}
COMMAND: POST /session/99c1e0432be813f94d8279fe5f2ff00b/element/f.385D30113BF6ACD9869CE178C0BE29E7.d.F53D608A77FD9DC4DD399FBF48144F6F.e.3594/click - {}
RESULT: {}
COMMAND: POST /session/99c1e0432be813f94d8279fe5f2ff00b/element - {"using":"xpath","value":"//button[@aria-label=\"Add\"]"}
COMMAND: GET /session/99c1e0432be813f94d8279fe5f2ff00b/screenshot - {}
RESULT: {"using":"xpath","value":"//button[@aria-label=\"Add\"]"}
COMMAND: POST /session/99c1e0432be813f94d8279fe5f2ff00b/element/f.385D30113BF6ACD9869CE178C0BE29E7.d.F53D608A77FD9DC4DD399FBF48144F6F.e.3598/click - {}
RESULT: {}
RESULT: {}
COMMAND: GET /session/99c1e0432be813f94d8279fe5f2ff00b/screenshot - {}
RESULT: {}
COMMAND: POST /session/99c1e0432be813f94d8279fe5f2ff00b/execute/async - {"script":"<script> [1562 bytes]","args":[{"selector":{"id":"application-managehandovers-display-component---AddNewHO--smartFilterBar-btnBasicSearch","searchOpenDialogs":true,"interaction":{"idSuffix":"I"}},"wdio_ui5_key":"applicationmanagehandovers-display-component---AddNewHO--smartFilterBar-btnBasicSearch"}]}
RESULT: {"script":"<script> [1562 bytes]","args":[{"selector":{"id":"application-managehandovers-display-component---AddNewHO--smartFilterBar-btnBasicSearch","searchOpenDialogs":true,"interaction":{"idSuffix":"I"}},"wdio_ui5_key":"applicationmanagehandovers-display-component---AddNewHO--smartFilterBar-btnBasicSearch"}]}
RESULT: undefined
COMMAND: POST /session/99c1e0432be813f94d8279fe5f2ff00b/execute/async - {"script":"<script> [776 bytes]","args":[{"enterText":"YQqzno7aNU","selector":{"id":"application-managehandovers-display-component---AddNewHO--smartFilterBar-btnBasicSearch","searchOpenDialogs":true,"interaction":{"idSuffix":"I"}},"clearTextFirst":true,"interactionType":"ENTER_TEXT"}]}
RESULT: {"script":"<script> [776 bytes]","args":[{"enterText":"YQqzno7aNU","selector":{"id":"application-managehandovers-display-component---AddNewHO--smartFilterBar-btnBasicSearch","searchOpenDialogs":true,"interaction":{"idSuffix":"I"}},"clearTextFirst":true,"interactionType":"ENTER_TEXT"}]}
COMMAND: POST /session/99c1e0432be813f94d8279fe5f2ff00b/actions - {"actions":[{"id":"action19","type":"key","parameters":{},"actions":[{"type":"keyDown","value":"î€‡"},{"type":"pause","duration":10},{"type":"keyUp","value":"î€‡"}]}]}
RESULT: {"actions":[{"id":"action19","type":"key","parameters":{},"actions":[{"type":"keyDown","value":"î€‡"},{"type":"pause","duration":10},{"type":"keyUp","value":"î€‡"}]}]}
COMMAND: GET /session/99c1e0432be813f94d8279fe5f2ff00b/screenshot - {}
RESULT: {}
COMMAND: POST /session/99c1e0432be813f94d8279fe5f2ff00b/execute/async - {"script":"<script> [1562 bytes]","args":[{"selector":{"id":"application-managehandovers-display-component---AddNewHO--popup-sa","searchOpenDialogs":true,"interaction":{"idSuffix":"CbBg"}},"wdio_ui5_key":"applicationmanagehandovers-display-component---AddNewHO--popup-sa"}]}
RESULT: {"script":"<script> [1562 bytes]","args":[{"selector":{"id":"application-managehandovers-display-component---AddNewHO--popup-sa","searchOpenDialogs":true,"interaction":{"idSuffix":"CbBg"}},"wdio_ui5_key":"applicationmanagehandovers-display-component---AddNewHO--popup-sa"}]}
RESULT: undefined
COMMAND: POST /session/99c1e0432be813f94d8279fe5f2ff00b/element - {"using":"xpath","value":"//*[@id=\"application-managehandovers-display-component---AddNewHO--popup-sa\"]"}
RESULT: {"using":"xpath","value":"//*[@id=\"application-managehandovers-display-component---AddNewHO--popup-sa\"]"}
COMMAND: POST /session/99c1e0432be813f94d8279fe5f2ff00b/element/f.385D30113BF6ACD9869CE178C0BE29E7.d.F53D608A77FD9DC4DD399FBF48144F6F.e.3753/click - {}
RESULT: {}
COMMAND: GET /session/99c1e0432be813f94d8279fe5f2ff00b/screenshot - {}
RESULT: {}
COMMAND: POST /session/99c1e0432be813f94d8279fe5f2ff00b/element - {"using":"xpath","value":"//bdi[contains(text(), \"Select\")]"}
RESULT: {"using":"xpath","value":"//bdi[contains(text(), \"Select\")]"}
COMMAND: POST /session/99c1e0432be813f94d8279fe5f2ff00b/element/f.385D30113BF6ACD9869CE178C0BE29E7.d.F53D608A77FD9DC4DD399FBF48144F6F.e.3754/click - {}
RESULT: {}
COMMAND: GET /session/99c1e0432be813f94d8279fe5f2ff00b/screenshot - {}
RESULT: {}
COMMAND: POST /session/99c1e0432be813f94d8279fe5f2ff00b/element - {"using":"xpath","value":"//button[@data-kt=\"AddNewHOSaveButton\"]"}
RESULT: {"using":"xpath","value":"//button[@data-kt=\"AddNewHOSaveButton\"]"}
COMMAND: POST /session/99c1e0432be813f94d8279fe5f2ff00b/element/f.385D30113BF6ACD9869CE178C0BE29E7.d.F53D608A77FD9DC4DD399FBF48144F6F.e.3758/click - {}
RESULT: {}
COMMAND: GET /session/99c1e0432be813f94d8279fe5f2ff00b/screenshot - {}
RESULT: {}
COMMAND: POST /session/99c1e0432be813f94d8279fe5f2ff00b/execute/async - {"script":"<script> [1562 bytes]","args":[{"selector":{"id":"receiptDatePicker","viewName":"etm.portal.ui.managehandovers.view.DetailExecuteHO","interaction":{"idSuffix":"inner"}},"wdio_ui5_key":"receiptDatePickeretmportal.ui.managehandovers.view.DetailExecuteHO"}]}
RESULT: {"script":"<script> [1562 bytes]","args":[{"selector":{"id":"receiptDatePicker","viewName":"etm.portal.ui.managehandovers.view.DetailExecuteHO","interaction":{"idSuffix":"inner"}},"wdio_ui5_key":"receiptDatePickeretmportal.ui.managehandovers.view.DetailExecuteHO"}]}
RESULT: undefined
COMMAND: POST /session/99c1e0432be813f94d8279fe5f2ff00b/execute/async - {"script":"<script> [6424 bytes]","args":[{"element-6066-11e4-a52e-4f735466cecf":"f.385D30113BF6ACD9869CE178C0BE29E7.d.F53D608A77FD9DC4DD399FBF48144F6F.e.3787"},"setValue",["04/30/2025"]]}
RESULT: {"script":"<script> [6424 bytes]","args":[{"element-6066-11e4-a52e-4f735466cecf":"f.385D30113BF6ACD9869CE178C0BE29E7.d.F53D608A77FD9DC4DD399FBF48144F6F.e.3787"},"setValue",["04/30/2025"]]}
COMMAND: POST /session/99c1e0432be813f94d8279fe5f2ff00b/element - {"using":"xpath","value":"//button[@data-kt=\"PickingTableConfirmAllButton\"]"}
RESULT: {"using":"xpath","value":"//button[@data-kt=\"PickingTableConfirmAllButton\"]"}
COMMAND: POST /session/99c1e0432be813f94d8279fe5f2ff00b/element/f.385D30113BF6ACD9869CE178C0BE29E7.d.F53D608A77FD9DC4DD399FBF48144F6F.e.3802/click - {}
RESULT: {}
COMMAND: GET /session/99c1e0432be813f94d8279fe5f2ff00b/screenshot - {}
RESULT: {}
COMMAND: POST /session/99c1e0432be813f94d8279fe5f2ff00b/element - {"using":"xpath","value":"//bdi[contains(text(), \"OK\")]"}
RESULT: {"using":"xpath","value":"//bdi[contains(text(), \"OK\")]"}
COMMAND: POST /session/99c1e0432be813f94d8279fe5f2ff00b/element/f.385D30113BF6ACD9869CE178C0BE29E7.d.F53D608A77FD9DC4DD399FBF48144F6F.e.3804/click - {}
RESULT: {}
COMMAND: GET /session/99c1e0432be813f94d8279fe5f2ff00b/screenshot - {}
RESULT: {}
COMMAND: POST /session/99c1e0432be813f94d8279fe5f2ff00b/element - {"using":"xpath","value":"(//bdi[contains(text(), \"Receive\")])[2]"}
RESULT: {"using":"xpath","value":"(//bdi[contains(text(), \"Receive\")])[2]"}
COMMAND: POST /session/99c1e0432be813f94d8279fe5f2ff00b/element/f.385D30113BF6ACD9869CE178C0BE29E7.d.F53D608A77FD9DC4DD399FBF48144F6F.e.3806/click - {}
RESULT: {}
COMMAND: GET /session/99c1e0432be813f94d8279fe5f2ff00b/screenshot - {}
RESULT: {}
COMMAND: POST /session/99c1e0432be813f94d8279fe5f2ff00b/element - {"using":"css selector","value":"#shell-header-logo"}
RESULT: {"using":"css selector","value":"#shell-header-logo"}
COMMAND: POST /session/99c1e0432be813f94d8279fe5f2ff00b/element/f.385D30113BF6ACD9869CE178C0BE29E7.d.F53D608A77FD9DC4DD399FBF48144F6F.e.3175/click - {}
RESULT: {}
COMMAND: GET /session/99c1e0432be813f94d8279fe5f2ff00b/screenshot - {}
RESULT: {}
]]></system-out>
    </testcase>
    <testcase classname="chrome.135_0_7049_96.windows.RU_Inventory_Mass_State_Change_Multiple_Items_US151066" name="Prerequisite Step 2 Should do a stock increase handover for the material" time="94.683">
      <system-out><![CDATA[
RESULT: undefined
COMMAND: POST /session/99c1e0432be813f94d8279fe5f2ff00b/element - {"using":"xpath","value":"//*[@id=\"__tile132-title\"]"}
RESULT: {"using":"xpath","value":"//*[@id=\"__tile132-title\"]"}
COMMAND: POST /session/99c1e0432be813f94d8279fe5f2ff00b/element/f.385D30113BF6ACD9869CE178C0BE29E7.d.F53D608A77FD9DC4DD399FBF48144F6F.e.3172/click - {}
RESULT: {}
COMMAND: POST /session/99c1e0432be813f94d8279fe5f2ff00b/element - {"using":"xpath","value":"//button[@data-kt=\"masterHOAddButton\"]"}
COMMAND: GET /session/99c1e0432be813f94d8279fe5f2ff00b/screenshot - {}
RESULT: {"using":"xpath","value":"//button[@data-kt=\"masterHOAddButton\"]"}
COMMAND: POST /session/99c1e0432be813f94d8279fe5f2ff00b/elements - {"using":"xpath","value":"//button[@data-kt=\"masterHOAddButton\"]"}
RESULT: {}
RESULT: {"using":"xpath","value":"//button[@data-kt=\"masterHOAddButton\"]"}
COMMAND: POST /session/99c1e0432be813f94d8279fe5f2ff00b/element - {"using":"xpath","value":"//button[@data-kt=\"masterHOAddButton\"]"}
RESULT: {"using":"xpath","value":"//button[@data-kt=\"masterHOAddButton\"]"}
COMMAND: POST /session/99c1e0432be813f94d8279fe5f2ff00b/execute/sync - {"script":"<script> [8489 bytes]","args":[{"element-6066-11e4-a52e-4f735466cecf":"f.385D30113BF6ACD9869CE178C0BE29E7.d.F53D608A77FD9DC4DD399FBF48144F6F.e.4029","ELEMENT":"f.385D30113BF6ACD9869CE178C0BE29E7.d.F53D608A77FD9DC4DD399FBF48144F6F.e.4029"}]}
RESULT: {"script":"<script> [8489 bytes]","args":[{"element-6066-11e4-a52e-4f735466cecf":"f.385D30113BF6ACD9869CE178C0BE29E7.d.F53D608A77FD9DC4DD399FBF48144F6F.e.4029","ELEMENT":"f.385D30113BF6ACD9869CE178C0BE29E7.d.F53D608A77FD9DC4DD399FBF48144F6F.e.4029"}]}
COMMAND: GET /session/99c1e0432be813f94d8279fe5f2ff00b/element/f.385D30113BF6ACD9869CE178C0BE29E7.d.F53D608A77FD9DC4DD399FBF48144F6F.e.4029/enabled - {}
COMMAND: GET /session/99c1e0432be813f94d8279fe5f2ff00b/screenshot - {}
RESULT: {}
COMMAND: POST /session/99c1e0432be813f94d8279fe5f2ff00b/execute/sync - {"script":"<script> [8489 bytes]","args":[{"element-6066-11e4-a52e-4f735466cecf":"f.385D30113BF6ACD9869CE178C0BE29E7.d.F53D608A77FD9DC4DD399FBF48144F6F.e.4029","ELEMENT":"f.385D30113BF6ACD9869CE178C0BE29E7.d.F53D608A77FD9DC4DD399FBF48144F6F.e.4029"}]}
COMMAND: GET /session/99c1e0432be813f94d8279fe5f2ff00b/screenshot - {}
RESULT: {}
RESULT: {"script":"<script> [8489 bytes]","args":[{"element-6066-11e4-a52e-4f735466cecf":"f.385D30113BF6ACD9869CE178C0BE29E7.d.F53D608A77FD9DC4DD399FBF48144F6F.e.4029","ELEMENT":"f.385D30113BF6ACD9869CE178C0BE29E7.d.F53D608A77FD9DC4DD399FBF48144F6F.e.4029"}]}
COMMAND: POST /session/99c1e0432be813f94d8279fe5f2ff00b/execute/sync - {"script":"<script> [5351 bytes]","args":[{"element-6066-11e4-a52e-4f735466cecf":"f.385D30113BF6ACD9869CE178C0BE29E7.d.F53D608A77FD9DC4DD399FBF48144F6F.e.4029","ELEMENT":"f.385D30113BF6ACD9869CE178C0BE29E7.d.F53D608A77FD9DC4DD399FBF48144F6F.e.4029"}]}
COMMAND: GET /session/99c1e0432be813f94d8279fe5f2ff00b/screenshot - {}
RESULT: {}
RESULT: {"script":"<script> [5351 bytes]","args":[{"element-6066-11e4-a52e-4f735466cecf":"f.385D30113BF6ACD9869CE178C0BE29E7.d.F53D608A77FD9DC4DD399FBF48144F6F.e.4029","ELEMENT":"f.385D30113BF6ACD9869CE178C0BE29E7.d.F53D608A77FD9DC4DD399FBF48144F6F.e.4029"}]}
COMMAND: POST /session/99c1e0432be813f94d8279fe5f2ff00b/element/f.385D30113BF6ACD9869CE178C0BE29E7.d.F53D608A77FD9DC4DD399FBF48144F6F.e.4029/click - {}
COMMAND: GET /session/99c1e0432be813f94d8279fe5f2ff00b/screenshot - {}
RESULT: {}
RESULT: {}
COMMAND: GET /session/99c1e0432be813f94d8279fe5f2ff00b/screenshot - {}
COMMAND: POST /session/99c1e0432be813f94d8279fe5f2ff00b/element - {"using":"xpath","value":"//span[contains(@id ,\"AddNewHO--typeSelect-arrow\")]"}
RESULT: {}
RESULT: {}
RESULT: {"using":"xpath","value":"//span[contains(@id ,\"AddNewHO--typeSelect-arrow\")]"}
COMMAND: POST /session/99c1e0432be813f94d8279fe5f2ff00b/element/f.385D30113BF6ACD9869CE178C0BE29E7.d.F53D608A77FD9DC4DD399FBF48144F6F.e.4452/click - {}
RESULT: {}
COMMAND: GET /session/99c1e0432be813f94d8279fe5f2ff00b/screenshot - {}
RESULT: {}
COMMAND: POST /session/99c1e0432be813f94d8279fe5f2ff00b/element - {"using":"xpath","value":"(//li[contains(text(), \"stock increase yard\")])[1]"}
RESULT: {"using":"xpath","value":"(//li[contains(text(), \"stock increase yard\")])[1]"}
COMMAND: POST /session/99c1e0432be813f94d8279fe5f2ff00b/element/f.385D30113BF6ACD9869CE178C0BE29E7.d.F53D608A77FD9DC4DD399FBF48144F6F.e.4453/click - {}
RESULT: {}
COMMAND: GET /session/99c1e0432be813f94d8279fe5f2ff00b/screenshot - {}
RESULT: {}
RESULT: undefined
COMMAND: POST /session/99c1e0432be813f94d8279fe5f2ff00b/execute/async - {"script":"<script> [6424 bytes]","args":[{"element-6066-11e4-a52e-4f735466cecf":"f.385D30113BF6ACD9869CE178C0BE29E7.d.F53D608A77FD9DC4DD399FBF48144F6F.e.3570"},"setValue",["04/30/2025"]]}
COMMAND: POST /session/99c1e0432be813f94d8279fe5f2ff00b/execute/async - {"script":"<script> [1562 bytes]","args":[{"selector":{"id":"application-managehandovers-display-component---AddNewHO--dueDate","interaction":{"idSuffix":"inner"}},"wdio_ui5_key":"applicationmanagehandovers-display-component---AddNewHO--dueDate"}]}
RESULT: {"script":"<script> [1562 bytes]","args":[{"selector":{"id":"application-managehandovers-display-component---AddNewHO--dueDate","interaction":{"idSuffix":"inner"}},"wdio_ui5_key":"applicationmanagehandovers-display-component---AddNewHO--dueDate"}]}
COMMAND: POST /session/99c1e0432be813f94d8279fe5f2ff00b/execute/async - {"script":"<script> [6424 bytes]","args":[{"element-6066-11e4-a52e-4f735466cecf":"f.385D30113BF6ACD9869CE178C0BE29E7.d.F53D608A77FD9DC4DD399FBF48144F6F.e.4455"},"setValue",["04/30/2025"]]}
RESULT: {"script":"<script> [6424 bytes]","args":[{"element-6066-11e4-a52e-4f735466cecf":"f.385D30113BF6ACD9869CE178C0BE29E7.d.F53D608A77FD9DC4DD399FBF48144F6F.e.4455"},"setValue",["04/30/2025"]]}
COMMAND: POST /session/99c1e0432be813f94d8279fe5f2ff00b/element - {"using":"xpath","value":"//input[@id=\"generalSectionFrg--receiveYard-inner\"]"}
RESULT: {"using":"xpath","value":"//input[@id=\"generalSectionFrg--receiveYard-inner\"]"}
COMMAND: POST /session/99c1e0432be813f94d8279fe5f2ff00b/element/f.385D30113BF6ACD9869CE178C0BE29E7.d.F53D608A77FD9DC4DD399FBF48144F6F.e.4461/clear - {}
RESULT: {}
COMMAND: POST /session/99c1e0432be813f94d8279fe5f2ff00b/element/f.385D30113BF6ACD9869CE178C0BE29E7.d.F53D608A77FD9DC4DD399FBF48144F6F.e.4461/value - {"text":"109"}
COMMAND: GET /session/99c1e0432be813f94d8279fe5f2ff00b/screenshot - {}
RESULT: {"text":"109"}
COMMAND: GET /session/99c1e0432be813f94d8279fe5f2ff00b/screenshot - {}
RESULT: {}
RESULT: {}
COMMAND: POST /session/99c1e0432be813f94d8279fe5f2ff00b/element - {"using":"xpath","value":"//li[.//span[text()='109']]"}
RESULT: {"using":"xpath","value":"//li[.//span[text()='109']]"}
COMMAND: POST /session/99c1e0432be813f94d8279fe5f2ff00b/element/f.385D30113BF6ACD9869CE178C0BE29E7.d.F53D608A77FD9DC4DD399FBF48144F6F.e.4477/click - {}
RESULT: {}
COMMAND: GET /session/99c1e0432be813f94d8279fe5f2ff00b/screenshot - {}
RESULT: {}
RESULT: undefined
COMMAND: POST /session/99c1e0432be813f94d8279fe5f2ff00b/element - {"using":"xpath","value":"//*[@id=\"application-managehandovers-display-component---AddNewHO--ObjectPageLayout-anchBar-application-managehandovers-display-component---AddNewHO--section4-anchor\"]"}
RESULT: {"using":"xpath","value":"//*[@id=\"application-managehandovers-display-component---AddNewHO--ObjectPageLayout-anchBar-application-managehandovers-display-component---AddNewHO--section4-anchor\"]"}
COMMAND: POST /session/99c1e0432be813f94d8279fe5f2ff00b/element/f.385D30113BF6ACD9869CE178C0BE29E7.d.F53D608A77FD9DC4DD399FBF48144F6F.e.4478/click - {}
RESULT: {}
COMMAND: POST /session/99c1e0432be813f94d8279fe5f2ff00b/element - {"using":"xpath","value":"//button[@aria-label=\"Add\"]"}
COMMAND: GET /session/99c1e0432be813f94d8279fe5f2ff00b/screenshot - {}
RESULT: {"using":"xpath","value":"//button[@aria-label=\"Add\"]"}
COMMAND: POST /session/99c1e0432be813f94d8279fe5f2ff00b/element/f.385D30113BF6ACD9869CE178C0BE29E7.d.F53D608A77FD9DC4DD399FBF48144F6F.e.4480/click - {}
RESULT: {}
RESULT: {}
COMMAND: GET /session/99c1e0432be813f94d8279fe5f2ff00b/screenshot - {}
RESULT: {}
RESULT: undefined
COMMAND: POST /session/99c1e0432be813f94d8279fe5f2ff00b/execute/async - {"script":"<script> [776 bytes]","args":[{"enterText":"200244","selector":{"id":"application-managehandovers-display-component---AddNewHO--smartFilterBar-btnBasicSearch","searchOpenDialogs":true,"interaction":{"idSuffix":"I"}},"clearTextFirst":true,"interactionType":"ENTER_TEXT"}]}
RESULT: {"script":"<script> [776 bytes]","args":[{"enterText":"200244","selector":{"id":"application-managehandovers-display-component---AddNewHO--smartFilterBar-btnBasicSearch","searchOpenDialogs":true,"interaction":{"idSuffix":"I"}},"clearTextFirst":true,"interactionType":"ENTER_TEXT"}]}
COMMAND: POST /session/99c1e0432be813f94d8279fe5f2ff00b/actions - {"actions":[{"id":"action20","type":"key","parameters":{},"actions":[{"type":"keyDown","value":"î€‡"},{"type":"pause","duration":10},{"type":"keyUp","value":"î€‡"}]}]}
RESULT: {"actions":[{"id":"action20","type":"key","parameters":{},"actions":[{"type":"keyDown","value":"î€‡"},{"type":"pause","duration":10},{"type":"keyUp","value":"î€‡"}]}]}
COMMAND: GET /session/99c1e0432be813f94d8279fe5f2ff00b/screenshot - {}
RESULT: {}
RESULT: undefined
COMMAND: POST /session/99c1e0432be813f94d8279fe5f2ff00b/element - {"using":"xpath","value":"//*[@id=\"application-managehandovers-display-component---AddNewHO--popup-sa\"]"}
RESULT: {"using":"xpath","value":"//*[@id=\"application-managehandovers-display-component---AddNewHO--popup-sa\"]"}
COMMAND: POST /session/99c1e0432be813f94d8279fe5f2ff00b/element/f.385D30113BF6ACD9869CE178C0BE29E7.d.F53D608A77FD9DC4DD399FBF48144F6F.e.4633/click - {}
RESULT: {}
COMMAND: GET /session/99c1e0432be813f94d8279fe5f2ff00b/screenshot - {}
RESULT: {}
COMMAND: POST /session/99c1e0432be813f94d8279fe5f2ff00b/element - {"using":"xpath","value":"//bdi[contains(text(), \"Select\")]"}
RESULT: {"using":"xpath","value":"//bdi[contains(text(), \"Select\")]"}
COMMAND: POST /session/99c1e0432be813f94d8279fe5f2ff00b/element/f.385D30113BF6ACD9869CE178C0BE29E7.d.F53D608A77FD9DC4DD399FBF48144F6F.e.4634/click - {}
RESULT: {}
COMMAND: GET /session/99c1e0432be813f94d8279fe5f2ff00b/screenshot - {}
RESULT: {}
COMMAND: POST /session/99c1e0432be813f94d8279fe5f2ff00b/element - {"using":"xpath","value":"//button[@data-kt=\"AddNewHOSaveButton\"]"}
RESULT: {"using":"xpath","value":"//button[@data-kt=\"AddNewHOSaveButton\"]"}
COMMAND: POST /session/99c1e0432be813f94d8279fe5f2ff00b/element/f.385D30113BF6ACD9869CE178C0BE29E7.d.F53D608A77FD9DC4DD399FBF48144F6F.e.4638/click - {}
RESULT: {}
COMMAND: GET /session/99c1e0432be813f94d8279fe5f2ff00b/screenshot - {}
RESULT: {}
RESULT: undefined
COMMAND: POST /session/99c1e0432be813f94d8279fe5f2ff00b/execute/async - {"script":"<script> [6424 bytes]","args":[{"element-6066-11e4-a52e-4f735466cecf":"f.385D30113BF6ACD9869CE178C0BE29E7.d.F53D608A77FD9DC4DD399FBF48144F6F.e.3787"},"setValue",["04/30/2025"]]}
COMMAND: POST /session/99c1e0432be813f94d8279fe5f2ff00b/execute/async - {"script":"<script> [1562 bytes]","args":[{"selector":{"id":"receiptDatePicker","viewName":"etm.portal.ui.managehandovers.view.DetailExecuteHO","interaction":{"idSuffix":"inner"}},"wdio_ui5_key":"receiptDatePickeretmportal.ui.managehandovers.view.DetailExecuteHO"}]}
RESULT: {"script":"<script> [1562 bytes]","args":[{"selector":{"id":"receiptDatePicker","viewName":"etm.portal.ui.managehandovers.view.DetailExecuteHO","interaction":{"idSuffix":"inner"}},"wdio_ui5_key":"receiptDatePickeretmportal.ui.managehandovers.view.DetailExecuteHO"}]}
COMMAND: POST /session/99c1e0432be813f94d8279fe5f2ff00b/execute/async - {"script":"<script> [6424 bytes]","args":[{"element-6066-11e4-a52e-4f735466cecf":"f.385D30113BF6ACD9869CE178C0BE29E7.d.F53D608A77FD9DC4DD399FBF48144F6F.e.4666"},"setValue",["04/30/2025"]]}
RESULT: {"script":"<script> [6424 bytes]","args":[{"element-6066-11e4-a52e-4f735466cecf":"f.385D30113BF6ACD9869CE178C0BE29E7.d.F53D608A77FD9DC4DD399FBF48144F6F.e.4666"},"setValue",["04/30/2025"]]}
COMMAND: POST /session/99c1e0432be813f94d8279fe5f2ff00b/element - {"using":"xpath","value":"//button[@data-kt=\"PickingTableConfirmAllButton\"]"}
RESULT: {"using":"xpath","value":"//button[@data-kt=\"PickingTableConfirmAllButton\"]"}
COMMAND: POST /session/99c1e0432be813f94d8279fe5f2ff00b/element/f.385D30113BF6ACD9869CE178C0BE29E7.d.F53D608A77FD9DC4DD399FBF48144F6F.e.4681/click - {}
RESULT: {}
COMMAND: GET /session/99c1e0432be813f94d8279fe5f2ff00b/screenshot - {}
RESULT: {}
COMMAND: POST /session/99c1e0432be813f94d8279fe5f2ff00b/element - {"using":"xpath","value":"//bdi[contains(text(), \"OK\")]"}
RESULT: {"using":"xpath","value":"//bdi[contains(text(), \"OK\")]"}
COMMAND: POST /session/99c1e0432be813f94d8279fe5f2ff00b/element/f.385D30113BF6ACD9869CE178C0BE29E7.d.F53D608A77FD9DC4DD399FBF48144F6F.e.4683/click - {}
RESULT: {}
COMMAND: GET /session/99c1e0432be813f94d8279fe5f2ff00b/screenshot - {}
RESULT: {}
COMMAND: POST /session/99c1e0432be813f94d8279fe5f2ff00b/element - {"using":"xpath","value":"(//bdi[contains(text(), \"Receive\")])[2]"}
RESULT: {"using":"xpath","value":"(//bdi[contains(text(), \"Receive\")])[2]"}
COMMAND: POST /session/99c1e0432be813f94d8279fe5f2ff00b/element/f.385D30113BF6ACD9869CE178C0BE29E7.d.F53D608A77FD9DC4DD399FBF48144F6F.e.4685/click - {}
RESULT: {}
COMMAND: GET /session/99c1e0432be813f94d8279fe5f2ff00b/screenshot - {}
RESULT: {}
COMMAND: POST /session/99c1e0432be813f94d8279fe5f2ff00b/element - {"using":"css selector","value":"#shell-header-logo"}
RESULT: {"using":"css selector","value":"#shell-header-logo"}
COMMAND: POST /session/99c1e0432be813f94d8279fe5f2ff00b/element/f.385D30113BF6ACD9869CE178C0BE29E7.d.F53D608A77FD9DC4DD399FBF48144F6F.e.3979/click - {}
RESULT: {}
COMMAND: GET /session/99c1e0432be813f94d8279fe5f2ff00b/screenshot - {}
RESULT: {}
]]></system-out>
    </testcase>
    <testcase classname="chrome.135_0_7049_96.windows.RU_Inventory_Mass_State_Change_Multiple_Items_US151066" name="Step 2 Should do a RU inventory mass state change on chosen yard 109 with the resources created one equipment one material the existing ones too" time="311.981">
      <system-out><![CDATA[
RESULT: undefined
COMMAND: POST /session/99c1e0432be813f94d8279fe5f2ff00b/element - {"using":"xpath","value":"//*[@id=\"__tile99\"]"}
RESULT: {"using":"xpath","value":"//*[@id=\"__tile99\"]"}
COMMAND: POST /session/99c1e0432be813f94d8279fe5f2ff00b/element/f.385D30113BF6ACD9869CE178C0BE29E7.d.F53D608A77FD9DC4DD399FBF48144F6F.e.260/click - {}
RESULT: {}
COMMAND: POST /session/99c1e0432be813f94d8279fe5f2ff00b/element - {"using":"xpath","value":"//button[contains(@id, \"massStateBtn\")]"}
COMMAND: GET /session/99c1e0432be813f94d8279fe5f2ff00b/screenshot - {}
RESULT: {"using":"xpath","value":"//button[contains(@id, \"massStateBtn\")]"}
COMMAND: POST /session/99c1e0432be813f94d8279fe5f2ff00b/elements - {"using":"xpath","value":"//button[contains(@id, \"massStateBtn\")]"}
RESULT: {}
RESULT: {"using":"xpath","value":"//button[contains(@id, \"massStateBtn\")]"}
COMMAND: POST /session/99c1e0432be813f94d8279fe5f2ff00b/element - {"using":"xpath","value":"//button[contains(@id, \"massStateBtn\")]"}
RESULT: {"using":"xpath","value":"//button[contains(@id, \"massStateBtn\")]"}
COMMAND: POST /session/99c1e0432be813f94d8279fe5f2ff00b/execute/sync - {"script":"<script> [8489 bytes]","args":[{"element-6066-11e4-a52e-4f735466cecf":"f.385D30113BF6ACD9869CE178C0BE29E7.d.F53D608A77FD9DC4DD399FBF48144F6F.e.4993","ELEMENT":"f.385D30113BF6ACD9869CE178C0BE29E7.d.F53D608A77FD9DC4DD399FBF48144F6F.e.4993"}]}
RESULT: {"script":"<script> [8489 bytes]","args":[{"element-6066-11e4-a52e-4f735466cecf":"f.385D30113BF6ACD9869CE178C0BE29E7.d.F53D608A77FD9DC4DD399FBF48144F6F.e.4993","ELEMENT":"f.385D30113BF6ACD9869CE178C0BE29E7.d.F53D608A77FD9DC4DD399FBF48144F6F.e.4993"}]}
COMMAND: GET /session/99c1e0432be813f94d8279fe5f2ff00b/element/f.385D30113BF6ACD9869CE178C0BE29E7.d.F53D608A77FD9DC4DD399FBF48144F6F.e.4993/enabled - {}
COMMAND: GET /session/99c1e0432be813f94d8279fe5f2ff00b/screenshot - {}
RESULT: {}
COMMAND: POST /session/99c1e0432be813f94d8279fe5f2ff00b/execute/sync - {"script":"<script> [8489 bytes]","args":[{"element-6066-11e4-a52e-4f735466cecf":"f.385D30113BF6ACD9869CE178C0BE29E7.d.F53D608A77FD9DC4DD399FBF48144F6F.e.4993","ELEMENT":"f.385D30113BF6ACD9869CE178C0BE29E7.d.F53D608A77FD9DC4DD399FBF48144F6F.e.4993"}]}
COMMAND: GET /session/99c1e0432be813f94d8279fe5f2ff00b/screenshot - {}
RESULT: {}
RESULT: {"script":"<script> [8489 bytes]","args":[{"element-6066-11e4-a52e-4f735466cecf":"f.385D30113BF6ACD9869CE178C0BE29E7.d.F53D608A77FD9DC4DD399FBF48144F6F.e.4993","ELEMENT":"f.385D30113BF6ACD9869CE178C0BE29E7.d.F53D608A77FD9DC4DD399FBF48144F6F.e.4993"}]}
COMMAND: POST /session/99c1e0432be813f94d8279fe5f2ff00b/execute/sync - {"script":"<script> [5351 bytes]","args":[{"element-6066-11e4-a52e-4f735466cecf":"f.385D30113BF6ACD9869CE178C0BE29E7.d.F53D608A77FD9DC4DD399FBF48144F6F.e.4993","ELEMENT":"f.385D30113BF6ACD9869CE178C0BE29E7.d.F53D608A77FD9DC4DD399FBF48144F6F.e.4993"}]}
COMMAND: GET /session/99c1e0432be813f94d8279fe5f2ff00b/screenshot - {}
RESULT: {}
RESULT: {"script":"<script> [5351 bytes]","args":[{"element-6066-11e4-a52e-4f735466cecf":"f.385D30113BF6ACD9869CE178C0BE29E7.d.F53D608A77FD9DC4DD399FBF48144F6F.e.4993","ELEMENT":"f.385D30113BF6ACD9869CE178C0BE29E7.d.F53D608A77FD9DC4DD399FBF48144F6F.e.4993"}]}
COMMAND: POST /session/99c1e0432be813f94d8279fe5f2ff00b/element/f.385D30113BF6ACD9869CE178C0BE29E7.d.F53D608A77FD9DC4DD399FBF48144F6F.e.4993/click - {}
COMMAND: GET /session/99c1e0432be813f94d8279fe5f2ff00b/screenshot - {}
RESULT: {}
RESULT: {}
COMMAND: GET /session/99c1e0432be813f94d8279fe5f2ff00b/screenshot - {}
RESULT: {}
RESULT: {}
RESULT: undefined
COMMAND: POST /session/99c1e0432be813f94d8279fe5f2ff00b/element - {"using":"xpath","value":"//*[@id=\"application-ruinventorylist-display-component---Master--ruLocationTypeComboBox-arrow\"]"}
RESULT: {"using":"xpath","value":"//*[@id=\"application-ruinventorylist-display-component---Master--ruLocationTypeComboBox-arrow\"]"}
COMMAND: POST /session/99c1e0432be813f94d8279fe5f2ff00b/element/f.385D30113BF6ACD9869CE178C0BE29E7.d.F53D608A77FD9DC4DD399FBF48144F6F.e.5459/click - {}
RESULT: {}
COMMAND: GET /session/99c1e0432be813f94d8279fe5f2ff00b/screenshot - {}
RESULT: {}
COMMAND: POST /session/99c1e0432be813f94d8279fe5f2ff00b/element - {"using":"xpath","value":"//li[.//span[text()='Yard']]"}
RESULT: {"using":"xpath","value":"//li[.//span[text()='Yard']]"}
COMMAND: POST /session/99c1e0432be813f94d8279fe5f2ff00b/element/f.385D30113BF6ACD9869CE178C0BE29E7.d.F53D608A77FD9DC4DD399FBF48144F6F.e.5460/click - {}
RESULT: {}
COMMAND: GET /session/99c1e0432be813f94d8279fe5f2ff00b/screenshot - {}
RESULT: {}
RESULT: undefined
COMMAND: POST /session/99c1e0432be813f94d8279fe5f2ff00b/element - {"using":"xpath","value":"//*[@id=\"application-ruinventorylist-display-component---Master--smartFilterBar-filterItemControl_BASIC-YARD-vhi\"]"}
RESULT: {"using":"xpath","value":"//*[@id=\"application-ruinventorylist-display-component---Master--smartFilterBar-filterItemControl_BASIC-YARD-vhi\"]"}
COMMAND: POST /session/99c1e0432be813f94d8279fe5f2ff00b/element/f.385D30113BF6ACD9869CE178C0BE29E7.d.F53D608A77FD9DC4DD399FBF48144F6F.e.5511/click - {}
RESULT: {}
COMMAND: GET /session/99c1e0432be813f94d8279fe5f2ff00b/screenshot - {}
RESULT: {}
RESULT: undefined
COMMAND: POST /session/99c1e0432be813f94d8279fe5f2ff00b/execute/async - {"script":"<script> [776 bytes]","args":[{"enterText":"109","selector":{"id":"application-ruinventorylist-display-component---Master--smartFilterBar-filterItemControl_BASIC-YARD-valueHelpDialog-smartFilterBar-btnBasicSearch","searchOpenDialogs":true,"interaction":{"idSuffix":"I"}},"clearTextFirst":true,"interactionType":"ENTER_TEXT"}]}
RESULT: {"script":"<script> [776 bytes]","args":[{"enterText":"109","selector":{"id":"application-ruinventorylist-display-component---Master--smartFilterBar-filterItemControl_BASIC-YARD-valueHelpDialog-smartFilterBar-btnBasicSearch","searchOpenDialogs":true,"interaction":{"idSuffix":"I"}},"clearTextFirst":true,"interactionType":"ENTER_TEXT"}]}
COMMAND: POST /session/99c1e0432be813f94d8279fe5f2ff00b/actions - {"actions":[{"id":"action21","type":"key","parameters":{},"actions":[{"type":"keyDown","value":"î€‡"},{"type":"pause","duration":10},{"type":"keyUp","value":"î€‡"}]}]}
RESULT: {"actions":[{"id":"action21","type":"key","parameters":{},"actions":[{"type":"keyDown","value":"î€‡"},{"type":"pause","duration":10},{"type":"keyUp","value":"î€‡"}]}]}
COMMAND: GET /session/99c1e0432be813f94d8279fe5f2ff00b/screenshot - {}
RESULT: {}
COMMAND: POST /session/99c1e0432be813f94d8279fe5f2ff00b/elements - {"using":"xpath","value":"//table[contains(@id, \"filterItemControl_BASIC-YARD-valueHelpDialog-table-table\")]/tbody/tr"}
RESULT: {"using":"xpath","value":"//table[contains(@id, \"filterItemControl_BASIC-YARD-valueHelpDialog-table-table\")]/tbody/tr"}
COMMAND: POST /session/99c1e0432be813f94d8279fe5f2ff00b/element - {"using":"xpath","value":"//table[contains(@id, \"filterItemControl_BASIC-YARD-valueHelpDialog-table-table\")]/tbody/tr[1]/td[1]/div/span"}
RESULT: {"using":"xpath","value":"//table[contains(@id, \"filterItemControl_BASIC-YARD-valueHelpDialog-table-table\")]/tbody/tr[1]/td[1]/div/span"}
COMMAND: POST /session/99c1e0432be813f94d8279fe5f2ff00b/elements - {"using":"xpath","value":"//table[contains(@id, \"filterItemControl_BASIC-YARD-valueHelpDialog-table-table\")]/tbody/tr[1]/td[1]/div/span"}
RESULT: {"using":"xpath","value":"//table[contains(@id, \"filterItemControl_BASIC-YARD-valueHelpDialog-table-table\")]/tbody/tr[1]/td[1]/div/span"}
COMMAND: POST /session/99c1e0432be813f94d8279fe5f2ff00b/execute/sync - {"script":"<script> [56 bytes]","args":[{"element-6066-11e4-a52e-4f735466cecf":"f.385D30113BF6ACD9869CE178C0BE29E7.d.F53D608A77FD9DC4DD399FBF48144F6F.e.5531","ELEMENT":"f.385D30113BF6ACD9869CE178C0BE29E7.d.F53D608A77FD9DC4DD399FBF48144F6F.e.5531"}]}
RESULT: {"script":"<script> [56 bytes]","args":[{"element-6066-11e4-a52e-4f735466cecf":"f.385D30113BF6ACD9869CE178C0BE29E7.d.F53D608A77FD9DC4DD399FBF48144F6F.e.5531","ELEMENT":"f.385D30113BF6ACD9869CE178C0BE29E7.d.F53D608A77FD9DC4DD399FBF48144F6F.e.5531"}]}
COMMAND: POST /session/99c1e0432be813f94d8279fe5f2ff00b/element - {"using":"xpath","value":"//div[contains(@id, \"filterItemControl_BASIC-YARD-valueHelpDialog-table-rowsel0\")]"}
COMMAND: GET /session/99c1e0432be813f94d8279fe5f2ff00b/screenshot - {}
RESULT: {"using":"xpath","value":"//div[contains(@id, \"filterItemControl_BASIC-YARD-valueHelpDialog-table-rowsel0\")]"}
COMMAND: POST /session/99c1e0432be813f94d8279fe5f2ff00b/element/f.385D30113BF6ACD9869CE178C0BE29E7.d.F53D608A77FD9DC4DD399FBF48144F6F.e.5532/click - {}
RESULT: {}
RESULT: {}
COMMAND: GET /session/99c1e0432be813f94d8279fe5f2ff00b/screenshot - {}
RESULT: {}
COMMAND: POST /session/99c1e0432be813f94d8279fe5f2ff00b/element - {"using":"xpath","value":"//div[contains(@id, \"smartFilterBar-filterItemControl_BASIC-YARD-valueHelpDialog-smartFilterBar-btnBasicSearch-reset\")]"}
RESULT: {"using":"xpath","value":"//div[contains(@id, \"smartFilterBar-filterItemControl_BASIC-YARD-valueHelpDialog-smartFilterBar-btnBasicSearch-reset\")]"}
COMMAND: POST /session/99c1e0432be813f94d8279fe5f2ff00b/element/f.385D30113BF6ACD9869CE178C0BE29E7.d.F53D608A77FD9DC4DD399FBF48144F6F.e.5534/click - {}
RESULT: {}
RESULT: undefined
COMMAND: POST /session/99c1e0432be813f94d8279fe5f2ff00b/execute/async - {"script":"<script> [776 bytes]","args":[{"enterText":"OPA5_BST01_YARD1","selector":{"id":"application-ruinventorylist-display-component---Master--smartFilterBar-filterItemControl_BASIC-YARD-valueHelpDialog-smartFilterBar-btnBasicSearch","searchOpenDialogs":true,"interaction":{"idSuffix":"I"}},"clearTextFirst":true,"interactionType":"ENTER_TEXT"}]}
COMMAND: GET /session/99c1e0432be813f94d8279fe5f2ff00b/screenshot - {}
RESULT: {"script":"<script> [776 bytes]","args":[{"enterText":"OPA5_BST01_YARD1","selector":{"id":"application-ruinventorylist-display-component---Master--smartFilterBar-filterItemControl_BASIC-YARD-valueHelpDialog-smartFilterBar-btnBasicSearch","searchOpenDialogs":true,"interaction":{"idSuffix":"I"}},"clearTextFirst":true,"interactionType":"ENTER_TEXT"}]}
COMMAND: POST /session/99c1e0432be813f94d8279fe5f2ff00b/actions - {"actions":[{"id":"action22","type":"key","parameters":{},"actions":[{"type":"keyDown","value":"î€‡"},{"type":"pause","duration":10},{"type":"keyUp","value":"î€‡"}]}]}
RESULT: {}
RESULT: {"actions":[{"id":"action22","type":"key","parameters":{},"actions":[{"type":"keyDown","value":"î€‡"},{"type":"pause","duration":10},{"type":"keyUp","value":"î€‡"}]}]}
COMMAND: GET /session/99c1e0432be813f94d8279fe5f2ff00b/screenshot - {}
RESULT: {}
COMMAND: POST /session/99c1e0432be813f94d8279fe5f2ff00b/elements - {"using":"xpath","value":"//table[contains(@id, \"filterItemControl_BASIC-YARD-valueHelpDialog-table-table\")]/tbody/tr"}
RESULT: {"using":"xpath","value":"//table[contains(@id, \"filterItemControl_BASIC-YARD-valueHelpDialog-table-table\")]/tbody/tr"}
COMMAND: POST /session/99c1e0432be813f94d8279fe5f2ff00b/element - {"using":"xpath","value":"//table[contains(@id, \"filterItemControl_BASIC-YARD-valueHelpDialog-table-table\")]/tbody/tr[1]/td[1]/div/span"}
RESULT: {"using":"xpath","value":"//table[contains(@id, \"filterItemControl_BASIC-YARD-valueHelpDialog-table-table\")]/tbody/tr[1]/td[1]/div/span"}
COMMAND: POST /session/99c1e0432be813f94d8279fe5f2ff00b/elements - {"using":"xpath","value":"//table[contains(@id, \"filterItemControl_BASIC-YARD-valueHelpDialog-table-table\")]/tbody/tr[1]/td[1]/div/span"}
RESULT: {"using":"xpath","value":"//table[contains(@id, \"filterItemControl_BASIC-YARD-valueHelpDialog-table-table\")]/tbody/tr[1]/td[1]/div/span"}
COMMAND: POST /session/99c1e0432be813f94d8279fe5f2ff00b/execute/sync - {"script":"<script> [56 bytes]","args":[{"element-6066-11e4-a52e-4f735466cecf":"f.385D30113BF6ACD9869CE178C0BE29E7.d.F53D608A77FD9DC4DD399FBF48144F6F.e.5531","ELEMENT":"f.385D30113BF6ACD9869CE178C0BE29E7.d.F53D608A77FD9DC4DD399FBF48144F6F.e.5531"}]}
RESULT: {"script":"<script> [56 bytes]","args":[{"element-6066-11e4-a52e-4f735466cecf":"f.385D30113BF6ACD9869CE178C0BE29E7.d.F53D608A77FD9DC4DD399FBF48144F6F.e.5531","ELEMENT":"f.385D30113BF6ACD9869CE178C0BE29E7.d.F53D608A77FD9DC4DD399FBF48144F6F.e.5531"}]}
COMMAND: POST /session/99c1e0432be813f94d8279fe5f2ff00b/element - {"using":"xpath","value":"//div[contains(@id, \"filterItemControl_BASIC-YARD-valueHelpDialog-table-rowsel0\")]"}
COMMAND: GET /session/99c1e0432be813f94d8279fe5f2ff00b/screenshot - {}
RESULT: {"using":"xpath","value":"//div[contains(@id, \"filterItemControl_BASIC-YARD-valueHelpDialog-table-rowsel0\")]"}
COMMAND: POST /session/99c1e0432be813f94d8279fe5f2ff00b/element/f.385D30113BF6ACD9869CE178C0BE29E7.d.F53D608A77FD9DC4DD399FBF48144F6F.e.5532/click - {}
RESULT: {}
RESULT: {}
COMMAND: GET /session/99c1e0432be813f94d8279fe5f2ff00b/screenshot - {}
RESULT: {}
COMMAND: POST /session/99c1e0432be813f94d8279fe5f2ff00b/element - {"using":"xpath","value":"(//bdi[contains(text(), \"OK\")])[1]"}
RESULT: {"using":"xpath","value":"(//bdi[contains(text(), \"OK\")])[1]"}
COMMAND: POST /session/99c1e0432be813f94d8279fe5f2ff00b/element/f.385D30113BF6ACD9869CE178C0BE29E7.d.F53D608A77FD9DC4DD399FBF48144F6F.e.5535/click - {}
RESULT: {}
COMMAND: GET /session/99c1e0432be813f94d8279fe5f2ff00b/screenshot - {}
RESULT: {}
COMMAND: POST /session/99c1e0432be813f94d8279fe5f2ff00b/element - {"using":"xpath","value":"//span[@id=\"application-ruinventorylist-display-component---Master--smartTableRuInventoryList-header-inner\"]"}
RESULT: {"using":"xpath","value":"//span[@id=\"application-ruinventorylist-display-component---Master--smartTableRuInventoryList-header-inner\"]"}
COMMAND: POST /session/99c1e0432be813f94d8279fe5f2ff00b/elements - {"using":"xpath","value":"//span[@id=\"application-ruinventorylist-display-component---Master--smartTableRuInventoryList-header-inner\"]"}
RESULT: {"using":"xpath","value":"//span[@id=\"application-ruinventorylist-display-component---Master--smartTableRuInventoryList-header-inner\"]"}
COMMAND: POST /session/99c1e0432be813f94d8279fe5f2ff00b/execute/sync - {"script":"<script> [56 bytes]","args":[{"element-6066-11e4-a52e-4f735466cecf":"f.385D30113BF6ACD9869CE178C0BE29E7.d.F53D608A77FD9DC4DD399FBF48144F6F.e.5683","ELEMENT":"f.385D30113BF6ACD9869CE178C0BE29E7.d.F53D608A77FD9DC4DD399FBF48144F6F.e.5683"}]}
RESULT: {"script":"<script> [56 bytes]","args":[{"element-6066-11e4-a52e-4f735466cecf":"f.385D30113BF6ACD9869CE178C0BE29E7.d.F53D608A77FD9DC4DD399FBF48144F6F.e.5683","ELEMENT":"f.385D30113BF6ACD9869CE178C0BE29E7.d.F53D608A77FD9DC4DD399FBF48144F6F.e.5683"}]}
RESULT: undefined
COMMAND: POST /session/99c1e0432be813f94d8279fe5f2ff00b/execute/async - {"script":"<script> [776 bytes]","args":[{"enterText":"600002","selector":{"id":"application-ruinventorylist-display-component---Master--smartFilterBar-btnBasicSearch","interaction":{"idSuffix":"I"}},"clearTextFirst":true,"interactionType":"ENTER_TEXT"}]}
COMMAND: GET /session/99c1e0432be813f94d8279fe5f2ff00b/screenshot - {}
RESULT: {"script":"<script> [776 bytes]","args":[{"enterText":"600002","selector":{"id":"application-ruinventorylist-display-component---Master--smartFilterBar-btnBasicSearch","interaction":{"idSuffix":"I"}},"clearTextFirst":true,"interactionType":"ENTER_TEXT"}]}
COMMAND: POST /session/99c1e0432be813f94d8279fe5f2ff00b/actions - {"actions":[{"id":"action23","type":"key","parameters":{},"actions":[{"type":"keyDown","value":"î€‡"},{"type":"pause","duration":10},{"type":"keyUp","value":"î€‡"}]}]}
RESULT: {}
RESULT: {"actions":[{"id":"action23","type":"key","parameters":{},"actions":[{"type":"keyDown","value":"î€‡"},{"type":"pause","duration":10},{"type":"keyUp","value":"î€‡"}]}]}
COMMAND: GET /session/99c1e0432be813f94d8279fe5f2ff00b/screenshot - {}
RESULT: {}
COMMAND: POST /session/99c1e0432be813f94d8279fe5f2ff00b/element - {"using":"xpath","value":"//span[@id=\"application-ruinventorylist-display-component---Master--smartTableRuInventoryList-header-inner\"]"}
RESULT: {"using":"xpath","value":"//span[@id=\"application-ruinventorylist-display-component---Master--smartTableRuInventoryList-header-inner\"]"}
COMMAND: POST /session/99c1e0432be813f94d8279fe5f2ff00b/elements - {"using":"xpath","value":"//span[@id=\"application-ruinventorylist-display-component---Master--smartTableRuInventoryList-header-inner\"]"}
RESULT: {"using":"xpath","value":"//span[@id=\"application-ruinventorylist-display-component---Master--smartTableRuInventoryList-header-inner\"]"}
COMMAND: POST /session/99c1e0432be813f94d8279fe5f2ff00b/execute/sync - {"script":"<script> [56 bytes]","args":[{"element-6066-11e4-a52e-4f735466cecf":"f.385D30113BF6ACD9869CE178C0BE29E7.d.F53D608A77FD9DC4DD399FBF48144F6F.e.5683","ELEMENT":"f.385D30113BF6ACD9869CE178C0BE29E7.d.F53D608A77FD9DC4DD399FBF48144F6F.e.5683"}]}
RESULT: {"script":"<script> [56 bytes]","args":[{"element-6066-11e4-a52e-4f735466cecf":"f.385D30113BF6ACD9869CE178C0BE29E7.d.F53D608A77FD9DC4DD399FBF48144F6F.e.5683","ELEMENT":"f.385D30113BF6ACD9869CE178C0BE29E7.d.F53D608A77FD9DC4DD399FBF48144F6F.e.5683"}]}
COMMAND: POST /session/99c1e0432be813f94d8279fe5f2ff00b/element - {"using":"xpath","value":"//table[contains(@id, \"application-ruinventorylist-display-component---Master--tableRuInventoryList-listUl\")]/tbody/tr[1]/td[2]/div/div"}
COMMAND: GET /session/99c1e0432be813f94d8279fe5f2ff00b/screenshot - {}
RESULT: {"using":"xpath","value":"//table[contains(@id, \"application-ruinventorylist-display-component---Master--tableRuInventoryList-listUl\")]/tbody/tr[1]/td[2]/div/div"}
COMMAND: POST /session/99c1e0432be813f94d8279fe5f2ff00b/element/f.385D30113BF6ACD9869CE178C0BE29E7.d.F53D608A77FD9DC4DD399FBF48144F6F.e.5689/click - {}
RESULT: {}
RESULT: {}
COMMAND: GET /session/99c1e0432be813f94d8279fe5f2ff00b/screenshot - {}
RESULT: {}
COMMAND: POST /session/99c1e0432be813f94d8279fe5f2ff00b/element - {"using":"xpath","value":"//div[contains(@id, \"smartFilterBar-btnBasicSearch-reset\")]"}
RESULT: {"using":"xpath","value":"//div[contains(@id, \"smartFilterBar-btnBasicSearch-reset\")]"}
COMMAND: POST /session/99c1e0432be813f94d8279fe5f2ff00b/element/f.385D30113BF6ACD9869CE178C0BE29E7.d.F53D608A77FD9DC4DD399FBF48144F6F.e.5699/click - {}
RESULT: {}
COMMAND: GET /session/99c1e0432be813f94d8279fe5f2ff00b/screenshot - {}
RESULT: {}
RESULT: undefined
COMMAND: POST /session/99c1e0432be813f94d8279fe5f2ff00b/execute/async - {"script":"<script> [776 bytes]","args":[{"enterText":"401002","selector":{"id":"application-ruinventorylist-display-component---Master--smartFilterBar-btnBasicSearch","interaction":{"idSuffix":"I"}},"clearTextFirst":true,"interactionType":"ENTER_TEXT"}]}
RESULT: {"script":"<script> [776 bytes]","args":[{"enterText":"401002","selector":{"id":"application-ruinventorylist-display-component---Master--smartFilterBar-btnBasicSearch","interaction":{"idSuffix":"I"}},"clearTextFirst":true,"interactionType":"ENTER_TEXT"}]}
COMMAND: POST /session/99c1e0432be813f94d8279fe5f2ff00b/actions - {"actions":[{"id":"action24","type":"key","parameters":{},"actions":[{"type":"keyDown","value":"î€‡"},{"type":"pause","duration":10},{"type":"keyUp","value":"î€‡"}]}]}
RESULT: {"actions":[{"id":"action24","type":"key","parameters":{},"actions":[{"type":"keyDown","value":"î€‡"},{"type":"pause","duration":10},{"type":"keyUp","value":"î€‡"}]}]}
COMMAND: GET /session/99c1e0432be813f94d8279fe5f2ff00b/screenshot - {}
RESULT: {}
COMMAND: POST /session/99c1e0432be813f94d8279fe5f2ff00b/element - {"using":"xpath","value":"//span[@id=\"application-ruinventorylist-display-component---Master--smartTableRuInventoryList-header-inner\"]"}
RESULT: {"using":"xpath","value":"//span[@id=\"application-ruinventorylist-display-component---Master--smartTableRuInventoryList-header-inner\"]"}
COMMAND: POST /session/99c1e0432be813f94d8279fe5f2ff00b/elements - {"using":"xpath","value":"//span[@id=\"application-ruinventorylist-display-component---Master--smartTableRuInventoryList-header-inner\"]"}
RESULT: {"using":"xpath","value":"//span[@id=\"application-ruinventorylist-display-component---Master--smartTableRuInventoryList-header-inner\"]"}
COMMAND: POST /session/99c1e0432be813f94d8279fe5f2ff00b/execute/sync - {"script":"<script> [56 bytes]","args":[{"element-6066-11e4-a52e-4f735466cecf":"f.385D30113BF6ACD9869CE178C0BE29E7.d.F53D608A77FD9DC4DD399FBF48144F6F.e.5683","ELEMENT":"f.385D30113BF6ACD9869CE178C0BE29E7.d.F53D608A77FD9DC4DD399FBF48144F6F.e.5683"}]}
RESULT: {"script":"<script> [56 bytes]","args":[{"element-6066-11e4-a52e-4f735466cecf":"f.385D30113BF6ACD9869CE178C0BE29E7.d.F53D608A77FD9DC4DD399FBF48144F6F.e.5683","ELEMENT":"f.385D30113BF6ACD9869CE178C0BE29E7.d.F53D608A77FD9DC4DD399FBF48144F6F.e.5683"}]}
COMMAND: POST /session/99c1e0432be813f94d8279fe5f2ff00b/element - {"using":"xpath","value":"//table[contains(@id, \"application-ruinventorylist-display-component---Master--tableRuInventoryList-listUl\")]/tbody/tr[1]/td[2]/div/div"}
COMMAND: GET /session/99c1e0432be813f94d8279fe5f2ff00b/screenshot - {}
RESULT: {"using":"xpath","value":"//table[contains(@id, \"application-ruinventorylist-display-component---Master--tableRuInventoryList-listUl\")]/tbody/tr[1]/td[2]/div/div"}
COMMAND: POST /session/99c1e0432be813f94d8279fe5f2ff00b/element/f.385D30113BF6ACD9869CE178C0BE29E7.d.F53D608A77FD9DC4DD399FBF48144F6F.e.5854/click - {}
RESULT: {}
RESULT: {}
COMMAND: GET /session/99c1e0432be813f94d8279fe5f2ff00b/screenshot - {}
RESULT: {}
COMMAND: POST /session/99c1e0432be813f94d8279fe5f2ff00b/element - {"using":"xpath","value":"//div[contains(@id, \"smartFilterBar-btnBasicSearch-reset\")]"}
RESULT: {"using":"xpath","value":"//div[contains(@id, \"smartFilterBar-btnBasicSearch-reset\")]"}
COMMAND: POST /session/99c1e0432be813f94d8279fe5f2ff00b/element/f.385D30113BF6ACD9869CE178C0BE29E7.d.F53D608A77FD9DC4DD399FBF48144F6F.e.5699/click - {}
RESULT: {}
COMMAND: GET /session/99c1e0432be813f94d8279fe5f2ff00b/screenshot - {}
RESULT: {}
RESULT: undefined
COMMAND: POST /session/99c1e0432be813f94d8279fe5f2ff00b/execute/async - {"script":"<script> [776 bytes]","args":[{"enterText":"YQqzno7aNU","selector":{"id":"application-ruinventorylist-display-component---Master--smartFilterBar-btnBasicSearch","interaction":{"idSuffix":"I"}},"clearTextFirst":true,"interactionType":"ENTER_TEXT"}]}
RESULT: {"script":"<script> [776 bytes]","args":[{"enterText":"YQqzno7aNU","selector":{"id":"application-ruinventorylist-display-component---Master--smartFilterBar-btnBasicSearch","interaction":{"idSuffix":"I"}},"clearTextFirst":true,"interactionType":"ENTER_TEXT"}]}
COMMAND: POST /session/99c1e0432be813f94d8279fe5f2ff00b/actions - {"actions":[{"id":"action25","type":"key","parameters":{},"actions":[{"type":"keyDown","value":"î€‡"},{"type":"pause","duration":10},{"type":"keyUp","value":"î€‡"}]}]}
RESULT: {"actions":[{"id":"action25","type":"key","parameters":{},"actions":[{"type":"keyDown","value":"î€‡"},{"type":"pause","duration":10},{"type":"keyUp","value":"î€‡"}]}]}
COMMAND: GET /session/99c1e0432be813f94d8279fe5f2ff00b/screenshot - {}
RESULT: {}
COMMAND: POST /session/99c1e0432be813f94d8279fe5f2ff00b/element - {"using":"xpath","value":"//span[@id=\"application-ruinventorylist-display-component---Master--smartTableRuInventoryList-header-inner\"]"}
RESULT: {"using":"xpath","value":"//span[@id=\"application-ruinventorylist-display-component---Master--smartTableRuInventoryList-header-inner\"]"}
COMMAND: POST /session/99c1e0432be813f94d8279fe5f2ff00b/elements - {"using":"xpath","value":"//span[@id=\"application-ruinventorylist-display-component---Master--smartTableRuInventoryList-header-inner\"]"}
RESULT: {"using":"xpath","value":"//span[@id=\"application-ruinventorylist-display-component---Master--smartTableRuInventoryList-header-inner\"]"}
COMMAND: POST /session/99c1e0432be813f94d8279fe5f2ff00b/execute/sync - {"script":"<script> [56 bytes]","args":[{"element-6066-11e4-a52e-4f735466cecf":"f.385D30113BF6ACD9869CE178C0BE29E7.d.F53D608A77FD9DC4DD399FBF48144F6F.e.5683","ELEMENT":"f.385D30113BF6ACD9869CE178C0BE29E7.d.F53D608A77FD9DC4DD399FBF48144F6F.e.5683"}]}
RESULT: {"script":"<script> [56 bytes]","args":[{"element-6066-11e4-a52e-4f735466cecf":"f.385D30113BF6ACD9869CE178C0BE29E7.d.F53D608A77FD9DC4DD399FBF48144F6F.e.5683","ELEMENT":"f.385D30113BF6ACD9869CE178C0BE29E7.d.F53D608A77FD9DC4DD399FBF48144F6F.e.5683"}]}
COMMAND: POST /session/99c1e0432be813f94d8279fe5f2ff00b/element - {"using":"xpath","value":"//table[contains(@id, \"application-ruinventorylist-display-component---Master--tableRuInventoryList-listUl\")]/tbody/tr[1]/td[2]/div/div"}
COMMAND: GET /session/99c1e0432be813f94d8279fe5f2ff00b/screenshot - {}
RESULT: {"using":"xpath","value":"//table[contains(@id, \"application-ruinventorylist-display-component---Master--tableRuInventoryList-listUl\")]/tbody/tr[1]/td[2]/div/div"}
COMMAND: POST /session/99c1e0432be813f94d8279fe5f2ff00b/element/f.385D30113BF6ACD9869CE178C0BE29E7.d.F53D608A77FD9DC4DD399FBF48144F6F.e.6019/click - {}
RESULT: {}
RESULT: {}
COMMAND: GET /session/99c1e0432be813f94d8279fe5f2ff00b/screenshot - {}
RESULT: {}
COMMAND: POST /session/99c1e0432be813f94d8279fe5f2ff00b/element - {"using":"xpath","value":"//div[contains(@id, \"smartFilterBar-btnBasicSearch-reset\")]"}
RESULT: {"using":"xpath","value":"//div[contains(@id, \"smartFilterBar-btnBasicSearch-reset\")]"}
COMMAND: POST /session/99c1e0432be813f94d8279fe5f2ff00b/element/f.385D30113BF6ACD9869CE178C0BE29E7.d.F53D608A77FD9DC4DD399FBF48144F6F.e.5699/click - {}
RESULT: {}
COMMAND: GET /session/99c1e0432be813f94d8279fe5f2ff00b/screenshot - {}
RESULT: {}
RESULT: undefined
COMMAND: POST /session/99c1e0432be813f94d8279fe5f2ff00b/execute/async - {"script":"<script> [776 bytes]","args":[{"enterText":"200244","selector":{"id":"application-ruinventorylist-display-component---Master--smartFilterBar-btnBasicSearch","interaction":{"idSuffix":"I"}},"clearTextFirst":true,"interactionType":"ENTER_TEXT"}]}
RESULT: {"script":"<script> [776 bytes]","args":[{"enterText":"200244","selector":{"id":"application-ruinventorylist-display-component---Master--smartFilterBar-btnBasicSearch","interaction":{"idSuffix":"I"}},"clearTextFirst":true,"interactionType":"ENTER_TEXT"}]}
COMMAND: POST /session/99c1e0432be813f94d8279fe5f2ff00b/actions - {"actions":[{"id":"action26","type":"key","parameters":{},"actions":[{"type":"keyDown","value":"î€‡"},{"type":"pause","duration":10},{"type":"keyUp","value":"î€‡"}]}]}
RESULT: {"actions":[{"id":"action26","type":"key","parameters":{},"actions":[{"type":"keyDown","value":"î€‡"},{"type":"pause","duration":10},{"type":"keyUp","value":"î€‡"}]}]}
COMMAND: GET /session/99c1e0432be813f94d8279fe5f2ff00b/screenshot - {}
RESULT: {}
COMMAND: POST /session/99c1e0432be813f94d8279fe5f2ff00b/element - {"using":"xpath","value":"//span[@id=\"application-ruinventorylist-display-component---Master--smartTableRuInventoryList-header-inner\"]"}
RESULT: {"using":"xpath","value":"//span[@id=\"application-ruinventorylist-display-component---Master--smartTableRuInventoryList-header-inner\"]"}
COMMAND: POST /session/99c1e0432be813f94d8279fe5f2ff00b/elements - {"using":"xpath","value":"//span[@id=\"application-ruinventorylist-display-component---Master--smartTableRuInventoryList-header-inner\"]"}
RESULT: {"using":"xpath","value":"//span[@id=\"application-ruinventorylist-display-component---Master--smartTableRuInventoryList-header-inner\"]"}
COMMAND: POST /session/99c1e0432be813f94d8279fe5f2ff00b/execute/sync - {"script":"<script> [56 bytes]","args":[{"element-6066-11e4-a52e-4f735466cecf":"f.385D30113BF6ACD9869CE178C0BE29E7.d.F53D608A77FD9DC4DD399FBF48144F6F.e.5683","ELEMENT":"f.385D30113BF6ACD9869CE178C0BE29E7.d.F53D608A77FD9DC4DD399FBF48144F6F.e.5683"}]}
RESULT: {"script":"<script> [56 bytes]","args":[{"element-6066-11e4-a52e-4f735466cecf":"f.385D30113BF6ACD9869CE178C0BE29E7.d.F53D608A77FD9DC4DD399FBF48144F6F.e.5683","ELEMENT":"f.385D30113BF6ACD9869CE178C0BE29E7.d.F53D608A77FD9DC4DD399FBF48144F6F.e.5683"}]}
COMMAND: POST /session/99c1e0432be813f94d8279fe5f2ff00b/element - {"using":"xpath","value":"//table[contains(@id, \"application-ruinventorylist-display-component---Master--tableRuInventoryList-listUl\")]/tbody/tr[1]/td[2]/div/div"}
COMMAND: GET /session/99c1e0432be813f94d8279fe5f2ff00b/screenshot - {}
RESULT: {"using":"xpath","value":"//table[contains(@id, \"application-ruinventorylist-display-component---Master--tableRuInventoryList-listUl\")]/tbody/tr[1]/td[2]/div/div"}
COMMAND: POST /session/99c1e0432be813f94d8279fe5f2ff00b/element/f.385D30113BF6ACD9869CE178C0BE29E7.d.F53D608A77FD9DC4DD399FBF48144F6F.e.6185/click - {}
RESULT: {}
RESULT: {}
COMMAND: GET /session/99c1e0432be813f94d8279fe5f2ff00b/screenshot - {}
RESULT: {}
COMMAND: POST /session/99c1e0432be813f94d8279fe5f2ff00b/element - {"using":"xpath","value":"//div[contains(@id, \"smartFilterBar-btnBasicSearch-reset\")]"}
RESULT: {"using":"xpath","value":"//div[contains(@id, \"smartFilterBar-btnBasicSearch-reset\")]"}
COMMAND: POST /session/99c1e0432be813f94d8279fe5f2ff00b/element/f.385D30113BF6ACD9869CE178C0BE29E7.d.F53D608A77FD9DC4DD399FBF48144F6F.e.5699/click - {}
RESULT: {}
COMMAND: GET /session/99c1e0432be813f94d8279fe5f2ff00b/screenshot - {}
RESULT: {}
COMMAND: POST /session/99c1e0432be813f94d8279fe5f2ff00b/element/f.385D30113BF6ACD9869CE178C0BE29E7.d.F53D608A77FD9DC4DD399FBF48144F6F.e.4993/click - {}
RESULT: {}
COMMAND: GET /session/99c1e0432be813f94d8279fe5f2ff00b/screenshot - {}
RESULT: {}
COMMAND: POST /session/99c1e0432be813f94d8279fe5f2ff00b/execute/async - {"script":"<script> [1562 bytes]","args":[{"selector":{"id":"application-ruinventorylist-display-component---Master--effectiveDate","searchOpenDialogs":true,"interaction":{"idSuffix":"inner"}},"wdio_ui5_key":"applicationruinventorylist-display-component---Master--effectiveDate"}]}
RESULT: {"script":"<script> [1562 bytes]","args":[{"selector":{"id":"application-ruinventorylist-display-component---Master--effectiveDate","searchOpenDialogs":true,"interaction":{"idSuffix":"inner"}},"wdio_ui5_key":"applicationruinventorylist-display-component---Master--effectiveDate"}]}
RESULT: undefined
COMMAND: POST /session/99c1e0432be813f94d8279fe5f2ff00b/execute/async - {"script":"<script> [776 bytes]","args":[{"enterText":"04/29/25","selector":{"id":"application-ruinventorylist-display-component---Master--effectiveDate","searchOpenDialogs":true,"interaction":{"idSuffix":"inner"}},"clearTextFirst":true,"interactionType":"ENTER_TEXT"}]}
RESULT: {"script":"<script> [776 bytes]","args":[{"enterText":"04/29/25","selector":{"id":"application-ruinventorylist-display-component---Master--effectiveDate","searchOpenDialogs":true,"interaction":{"idSuffix":"inner"}},"clearTextFirst":true,"interactionType":"ENTER_TEXT"}]}
COMMAND: POST /session/99c1e0432be813f94d8279fe5f2ff00b/element - {"using":"xpath","value":"//span[contains(@data-kt,\"correctionMassStateChangeIcon\")]"}
RESULT: {"using":"xpath","value":"//span[contains(@data-kt,\"correctionMassStateChangeIcon\")]"}
COMMAND: POST /session/99c1e0432be813f94d8279fe5f2ff00b/elements - {"using":"xpath","value":"//span[contains(@data-kt,\"correctionMassStateChangeIcon\")]"}
RESULT: {"using":"xpath","value":"//span[contains(@data-kt,\"correctionMassStateChangeIcon\")]"}
COMMAND: POST /session/99c1e0432be813f94d8279fe5f2ff00b/elements - {"using":"xpath","value":"//span[contains(@data-kt,\"correctionMassStateChangeIcon\")]"}
RESULT: {"using":"xpath","value":"//span[contains(@data-kt,\"correctionMassStateChangeIcon\")]"}
RESULT: undefined
COMMAND: POST /session/99c1e0432be813f94d8279fe5f2ff00b/element - {"using":"xpath","value":"//*[@id=\"application-ruinventorylist-display-component---Master--ruStateTypes-arrow\"]"}
RESULT: {"using":"xpath","value":"//*[@id=\"application-ruinventorylist-display-component---Master--ruStateTypes-arrow\"]"}
COMMAND: POST /session/99c1e0432be813f94d8279fe5f2ff00b/element/f.385D30113BF6ACD9869CE178C0BE29E7.d.F53D608A77FD9DC4DD399FBF48144F6F.e.6387/click - {}
RESULT: {}
COMMAND: GET /session/99c1e0432be813f94d8279fe5f2ff00b/screenshot - {}
RESULT: {}
COMMAND: POST /session/99c1e0432be813f94d8279fe5f2ff00b/element - {"using":"xpath","value":"//li[.//span[text()=\"defect\"]]"}
RESULT: {"using":"xpath","value":"//li[.//span[text()=\"defect\"]]"}
COMMAND: POST /session/99c1e0432be813f94d8279fe5f2ff00b/element/f.385D30113BF6ACD9869CE178C0BE29E7.d.F53D608A77FD9DC4DD399FBF48144F6F.e.6388/click - {}
RESULT: {}
COMMAND: GET /session/99c1e0432be813f94d8279fe5f2ff00b/screenshot - {}
RESULT: {}
COMMAND: POST /session/99c1e0432be813f94d8279fe5f2ff00b/element - {"using":"xpath","value":"(//bdi[contains(text(), \"OK\")])[1]"}
RESULT: {"using":"xpath","value":"(//bdi[contains(text(), \"OK\")])[1]"}
COMMAND: POST /session/99c1e0432be813f94d8279fe5f2ff00b/element/f.385D30113BF6ACD9869CE178C0BE29E7.d.F53D608A77FD9DC4DD399FBF48144F6F.e.6389/click - {}
RESULT: {}
COMMAND: GET /session/99c1e0432be813f94d8279fe5f2ff00b/screenshot - {}
RESULT: {}
COMMAND: POST /session/99c1e0432be813f94d8279fe5f2ff00b/element - {"using":"css selector","value":"div.sapMMessageBoxError"}
RESULT: {"using":"css selector","value":"div.sapMMessageBoxError"}
COMMAND: POST /session/99c1e0432be813f94d8279fe5f2ff00b/elements - {"using":"css selector","value":"div.sapMMessageBoxError"}
RESULT: {"using":"css selector","value":"div.sapMMessageBoxError"}
COMMAND: POST /session/99c1e0432be813f94d8279fe5f2ff00b/element - {"using":"xpath","value":"//div[contains(@class, \"sapMMessageBoxError\")]/section/div/div/span"}
RESULT: {"using":"xpath","value":"//div[contains(@class, \"sapMMessageBoxError\")]/section/div/div/span"}
COMMAND: POST /session/99c1e0432be813f94d8279fe5f2ff00b/execute/sync - {"script":"<script> [56 bytes]","args":[{"element-6066-11e4-a52e-4f735466cecf":"f.385D30113BF6ACD9869CE178C0BE29E7.d.F53D608A77FD9DC4DD399FBF48144F6F.e.6393","ELEMENT":"f.385D30113BF6ACD9869CE178C0BE29E7.d.F53D608A77FD9DC4DD399FBF48144F6F.e.6393"}]}
RESULT: {"script":"<script> [56 bytes]","args":[{"element-6066-11e4-a52e-4f735466cecf":"f.385D30113BF6ACD9869CE178C0BE29E7.d.F53D608A77FD9DC4DD399FBF48144F6F.e.6393","ELEMENT":"f.385D30113BF6ACD9869CE178C0BE29E7.d.F53D608A77FD9DC4DD399FBF48144F6F.e.6393"}]}
COMMAND: POST /session/99c1e0432be813f94d8279fe5f2ff00b/element - {"using":"xpath","value":"(//bdi[contains(text(), \"Close\")])[1]"}
COMMAND: GET /session/99c1e0432be813f94d8279fe5f2ff00b/screenshot - {}
RESULT: {"using":"xpath","value":"(//bdi[contains(text(), \"Close\")])[1]"}
COMMAND: POST /session/99c1e0432be813f94d8279fe5f2ff00b/element/f.385D30113BF6ACD9869CE178C0BE29E7.d.F53D608A77FD9DC4DD399FBF48144F6F.e.6394/click - {}
RESULT: {}
RESULT: {}
COMMAND: GET /session/99c1e0432be813f94d8279fe5f2ff00b/screenshot - {}
RESULT: {}
RESULT: undefined
COMMAND: POST /session/99c1e0432be813f94d8279fe5f2ff00b/execute/async - {"script":"<script> [776 bytes]","args":[{"enterText":"04/30/25","selector":{"id":"application-ruinventorylist-display-component---Master--effectiveDate","searchOpenDialogs":true,"interaction":{"idSuffix":"inner"}},"clearTextFirst":true,"interactionType":"ENTER_TEXT"}]}
RESULT: {"script":"<script> [776 bytes]","args":[{"enterText":"04/30/25","selector":{"id":"application-ruinventorylist-display-component---Master--effectiveDate","searchOpenDialogs":true,"interaction":{"idSuffix":"inner"}},"clearTextFirst":true,"interactionType":"ENTER_TEXT"}]}
COMMAND: POST /session/99c1e0432be813f94d8279fe5f2ff00b/element - {"using":"xpath","value":"(//bdi[contains(text(), \"OK\")])[1]"}
RESULT: {"using":"xpath","value":"(//bdi[contains(text(), \"OK\")])[1]"}
COMMAND: POST /session/99c1e0432be813f94d8279fe5f2ff00b/element/f.385D30113BF6ACD9869CE178C0BE29E7.d.F53D608A77FD9DC4DD399FBF48144F6F.e.6389/click - {}
RESULT: {}
COMMAND: GET /session/99c1e0432be813f94d8279fe5f2ff00b/screenshot - {}
RESULT: {}
COMMAND: POST /session/99c1e0432be813f94d8279fe5f2ff00b/element - {"using":"xpath","value":"(//bdi[contains(text(), \"OK\")])[2]"}
RESULT: {"using":"xpath","value":"(//bdi[contains(text(), \"OK\")])[2]"}
COMMAND: POST /session/99c1e0432be813f94d8279fe5f2ff00b/element/f.385D30113BF6ACD9869CE178C0BE29E7.d.F53D608A77FD9DC4DD399FBF48144F6F.e.6443/click - {}
RESULT: {}
COMMAND: GET /session/99c1e0432be813f94d8279fe5f2ff00b/screenshot - {}
RESULT: {}
RESULT: undefined
COMMAND: POST /session/99c1e0432be813f94d8279fe5f2ff00b/execute/async - {"script":"<script> [776 bytes]","args":[{"enterText":"600002","selector":{"id":"application-ruinventorylist-display-component---Master--smartFilterBar-btnBasicSearch","interaction":{"idSuffix":"I"}},"clearTextFirst":true,"interactionType":"ENTER_TEXT"}]}
RESULT: {"script":"<script> [776 bytes]","args":[{"enterText":"600002","selector":{"id":"application-ruinventorylist-display-component---Master--smartFilterBar-btnBasicSearch","interaction":{"idSuffix":"I"}},"clearTextFirst":true,"interactionType":"ENTER_TEXT"}]}
COMMAND: POST /session/99c1e0432be813f94d8279fe5f2ff00b/actions - {"actions":[{"id":"action27","type":"key","parameters":{},"actions":[{"type":"keyDown","value":"î€‡"},{"type":"pause","duration":10},{"type":"keyUp","value":"î€‡"}]}]}
RESULT: {"actions":[{"id":"action27","type":"key","parameters":{},"actions":[{"type":"keyDown","value":"î€‡"},{"type":"pause","duration":10},{"type":"keyUp","value":"î€‡"}]}]}
COMMAND: GET /session/99c1e0432be813f94d8279fe5f2ff00b/screenshot - {}
RESULT: {}
COMMAND: POST /session/99c1e0432be813f94d8279fe5f2ff00b/element - {"using":"xpath","value":"//span[@id=\"application-ruinventorylist-display-component---Master--smartTableRuInventoryList-header-inner\"]"}
RESULT: {"using":"xpath","value":"//span[@id=\"application-ruinventorylist-display-component---Master--smartTableRuInventoryList-header-inner\"]"}
COMMAND: POST /session/99c1e0432be813f94d8279fe5f2ff00b/elements - {"using":"xpath","value":"//span[@id=\"application-ruinventorylist-display-component---Master--smartTableRuInventoryList-header-inner\"]"}
RESULT: {"using":"xpath","value":"//span[@id=\"application-ruinventorylist-display-component---Master--smartTableRuInventoryList-header-inner\"]"}
COMMAND: POST /session/99c1e0432be813f94d8279fe5f2ff00b/execute/sync - {"script":"<script> [56 bytes]","args":[{"element-6066-11e4-a52e-4f735466cecf":"f.385D30113BF6ACD9869CE178C0BE29E7.d.F53D608A77FD9DC4DD399FBF48144F6F.e.5683","ELEMENT":"f.385D30113BF6ACD9869CE178C0BE29E7.d.F53D608A77FD9DC4DD399FBF48144F6F.e.5683"}]}
RESULT: {"script":"<script> [56 bytes]","args":[{"element-6066-11e4-a52e-4f735466cecf":"f.385D30113BF6ACD9869CE178C0BE29E7.d.F53D608A77FD9DC4DD399FBF48144F6F.e.5683","ELEMENT":"f.385D30113BF6ACD9869CE178C0BE29E7.d.F53D608A77FD9DC4DD399FBF48144F6F.e.5683"}]}
COMMAND: POST /session/99c1e0432be813f94d8279fe5f2ff00b/element - {"using":"xpath","value":"//table[contains(@id, \"application-ruinventorylist-display-component---Master--tableRuInventoryList-listUl\")]/tbody/tr[1]/td[6]/div/span"}
COMMAND: GET /session/99c1e0432be813f94d8279fe5f2ff00b/screenshot - {}
RESULT: {"using":"xpath","value":"//table[contains(@id, \"application-ruinventorylist-display-component---Master--tableRuInventoryList-listUl\")]/tbody/tr[1]/td[6]/div/span"}
COMMAND: POST /session/99c1e0432be813f94d8279fe5f2ff00b/execute/sync - {"script":"<script> [56 bytes]","args":[{"element-6066-11e4-a52e-4f735466cecf":"f.385D30113BF6ACD9869CE178C0BE29E7.d.F53D608A77FD9DC4DD399FBF48144F6F.e.6465","ELEMENT":"f.385D30113BF6ACD9869CE178C0BE29E7.d.F53D608A77FD9DC4DD399FBF48144F6F.e.6465"}]}
RESULT: {}
RESULT: {"script":"<script> [56 bytes]","args":[{"element-6066-11e4-a52e-4f735466cecf":"f.385D30113BF6ACD9869CE178C0BE29E7.d.F53D608A77FD9DC4DD399FBF48144F6F.e.6465","ELEMENT":"f.385D30113BF6ACD9869CE178C0BE29E7.d.F53D608A77FD9DC4DD399FBF48144F6F.e.6465"}]}
COMMAND: POST /session/99c1e0432be813f94d8279fe5f2ff00b/element - {"using":"xpath","value":"//div[contains(@id, \"smartFilterBar-btnBasicSearch-reset\")]"}
COMMAND: GET /session/99c1e0432be813f94d8279fe5f2ff00b/screenshot - {}
RESULT: {"using":"xpath","value":"//div[contains(@id, \"smartFilterBar-btnBasicSearch-reset\")]"}
COMMAND: POST /session/99c1e0432be813f94d8279fe5f2ff00b/element/f.385D30113BF6ACD9869CE178C0BE29E7.d.F53D608A77FD9DC4DD399FBF48144F6F.e.5699/click - {}
RESULT: {}
RESULT: {}
COMMAND: GET /session/99c1e0432be813f94d8279fe5f2ff00b/screenshot - {}
RESULT: {}
RESULT: undefined
COMMAND: POST /session/99c1e0432be813f94d8279fe5f2ff00b/execute/async - {"script":"<script> [776 bytes]","args":[{"enterText":"401002","selector":{"id":"application-ruinventorylist-display-component---Master--smartFilterBar-btnBasicSearch","interaction":{"idSuffix":"I"}},"clearTextFirst":true,"interactionType":"ENTER_TEXT"}]}
RESULT: {"script":"<script> [776 bytes]","args":[{"enterText":"401002","selector":{"id":"application-ruinventorylist-display-component---Master--smartFilterBar-btnBasicSearch","interaction":{"idSuffix":"I"}},"clearTextFirst":true,"interactionType":"ENTER_TEXT"}]}
COMMAND: POST /session/99c1e0432be813f94d8279fe5f2ff00b/actions - {"actions":[{"id":"action28","type":"key","parameters":{},"actions":[{"type":"keyDown","value":"î€‡"},{"type":"pause","duration":10},{"type":"keyUp","value":"î€‡"}]}]}
RESULT: {"actions":[{"id":"action28","type":"key","parameters":{},"actions":[{"type":"keyDown","value":"î€‡"},{"type":"pause","duration":10},{"type":"keyUp","value":"î€‡"}]}]}
COMMAND: GET /session/99c1e0432be813f94d8279fe5f2ff00b/screenshot - {}
RESULT: {}
COMMAND: POST /session/99c1e0432be813f94d8279fe5f2ff00b/element - {"using":"xpath","value":"//span[@id=\"application-ruinventorylist-display-component---Master--smartTableRuInventoryList-header-inner\"]"}
RESULT: {"using":"xpath","value":"//span[@id=\"application-ruinventorylist-display-component---Master--smartTableRuInventoryList-header-inner\"]"}
COMMAND: POST /session/99c1e0432be813f94d8279fe5f2ff00b/elements - {"using":"xpath","value":"//span[@id=\"application-ruinventorylist-display-component---Master--smartTableRuInventoryList-header-inner\"]"}
RESULT: {"using":"xpath","value":"//span[@id=\"application-ruinventorylist-display-component---Master--smartTableRuInventoryList-header-inner\"]"}
COMMAND: POST /session/99c1e0432be813f94d8279fe5f2ff00b/execute/sync - {"script":"<script> [56 bytes]","args":[{"element-6066-11e4-a52e-4f735466cecf":"f.385D30113BF6ACD9869CE178C0BE29E7.d.F53D608A77FD9DC4DD399FBF48144F6F.e.5683","ELEMENT":"f.385D30113BF6ACD9869CE178C0BE29E7.d.F53D608A77FD9DC4DD399FBF48144F6F.e.5683"}]}
RESULT: {"script":"<script> [56 bytes]","args":[{"element-6066-11e4-a52e-4f735466cecf":"f.385D30113BF6ACD9869CE178C0BE29E7.d.F53D608A77FD9DC4DD399FBF48144F6F.e.5683","ELEMENT":"f.385D30113BF6ACD9869CE178C0BE29E7.d.F53D608A77FD9DC4DD399FBF48144F6F.e.5683"}]}
COMMAND: POST /session/99c1e0432be813f94d8279fe5f2ff00b/element - {"using":"xpath","value":"//table[contains(@id, \"application-ruinventorylist-display-component---Master--tableRuInventoryList-listUl\")]/tbody/tr[1]/td[6]/div/span"}
COMMAND: GET /session/99c1e0432be813f94d8279fe5f2ff00b/screenshot - {}
RESULT: {"using":"xpath","value":"//table[contains(@id, \"application-ruinventorylist-display-component---Master--tableRuInventoryList-listUl\")]/tbody/tr[1]/td[6]/div/span"}
COMMAND: POST /session/99c1e0432be813f94d8279fe5f2ff00b/execute/sync - {"script":"<script> [56 bytes]","args":[{"element-6066-11e4-a52e-4f735466cecf":"f.385D30113BF6ACD9869CE178C0BE29E7.d.F53D608A77FD9DC4DD399FBF48144F6F.e.6557","ELEMENT":"f.385D30113BF6ACD9869CE178C0BE29E7.d.F53D608A77FD9DC4DD399FBF48144F6F.e.6557"}]}
RESULT: {}
RESULT: {"script":"<script> [56 bytes]","args":[{"element-6066-11e4-a52e-4f735466cecf":"f.385D30113BF6ACD9869CE178C0BE29E7.d.F53D608A77FD9DC4DD399FBF48144F6F.e.6557","ELEMENT":"f.385D30113BF6ACD9869CE178C0BE29E7.d.F53D608A77FD9DC4DD399FBF48144F6F.e.6557"}]}
COMMAND: POST /session/99c1e0432be813f94d8279fe5f2ff00b/element - {"using":"xpath","value":"//div[contains(@id, \"smartFilterBar-btnBasicSearch-reset\")]"}
COMMAND: GET /session/99c1e0432be813f94d8279fe5f2ff00b/screenshot - {}
RESULT: {"using":"xpath","value":"//div[contains(@id, \"smartFilterBar-btnBasicSearch-reset\")]"}
COMMAND: POST /session/99c1e0432be813f94d8279fe5f2ff00b/element/f.385D30113BF6ACD9869CE178C0BE29E7.d.F53D608A77FD9DC4DD399FBF48144F6F.e.5699/click - {}
RESULT: {}
RESULT: {}
COMMAND: GET /session/99c1e0432be813f94d8279fe5f2ff00b/screenshot - {}
RESULT: {}
RESULT: undefined
COMMAND: POST /session/99c1e0432be813f94d8279fe5f2ff00b/execute/async - {"script":"<script> [776 bytes]","args":[{"enterText":"YQqzno7aNU","selector":{"id":"application-ruinventorylist-display-component---Master--smartFilterBar-btnBasicSearch","interaction":{"idSuffix":"I"}},"clearTextFirst":true,"interactionType":"ENTER_TEXT"}]}
RESULT: {"script":"<script> [776 bytes]","args":[{"enterText":"YQqzno7aNU","selector":{"id":"application-ruinventorylist-display-component---Master--smartFilterBar-btnBasicSearch","interaction":{"idSuffix":"I"}},"clearTextFirst":true,"interactionType":"ENTER_TEXT"}]}
COMMAND: POST /session/99c1e0432be813f94d8279fe5f2ff00b/actions - {"actions":[{"id":"action29","type":"key","parameters":{},"actions":[{"type":"keyDown","value":"î€‡"},{"type":"pause","duration":10},{"type":"keyUp","value":"î€‡"}]}]}
RESULT: {"actions":[{"id":"action29","type":"key","parameters":{},"actions":[{"type":"keyDown","value":"î€‡"},{"type":"pause","duration":10},{"type":"keyUp","value":"î€‡"}]}]}
COMMAND: GET /session/99c1e0432be813f94d8279fe5f2ff00b/screenshot - {}
RESULT: {}
COMMAND: POST /session/99c1e0432be813f94d8279fe5f2ff00b/element - {"using":"xpath","value":"//span[@id=\"application-ruinventorylist-display-component---Master--smartTableRuInventoryList-header-inner\"]"}
RESULT: {"using":"xpath","value":"//span[@id=\"application-ruinventorylist-display-component---Master--smartTableRuInventoryList-header-inner\"]"}
COMMAND: POST /session/99c1e0432be813f94d8279fe5f2ff00b/elements - {"using":"xpath","value":"//span[@id=\"application-ruinventorylist-display-component---Master--smartTableRuInventoryList-header-inner\"]"}
RESULT: {"using":"xpath","value":"//span[@id=\"application-ruinventorylist-display-component---Master--smartTableRuInventoryList-header-inner\"]"}
COMMAND: POST /session/99c1e0432be813f94d8279fe5f2ff00b/execute/sync - {"script":"<script> [56 bytes]","args":[{"element-6066-11e4-a52e-4f735466cecf":"f.385D30113BF6ACD9869CE178C0BE29E7.d.F53D608A77FD9DC4DD399FBF48144F6F.e.5683","ELEMENT":"f.385D30113BF6ACD9869CE178C0BE29E7.d.F53D608A77FD9DC4DD399FBF48144F6F.e.5683"}]}
RESULT: {"script":"<script> [56 bytes]","args":[{"element-6066-11e4-a52e-4f735466cecf":"f.385D30113BF6ACD9869CE178C0BE29E7.d.F53D608A77FD9DC4DD399FBF48144F6F.e.5683","ELEMENT":"f.385D30113BF6ACD9869CE178C0BE29E7.d.F53D608A77FD9DC4DD399FBF48144F6F.e.5683"}]}
COMMAND: POST /session/99c1e0432be813f94d8279fe5f2ff00b/element - {"using":"xpath","value":"//table[contains(@id, \"application-ruinventorylist-display-component---Master--tableRuInventoryList-listUl\")]/tbody/tr[1]/td[6]/div/span"}
COMMAND: GET /session/99c1e0432be813f94d8279fe5f2ff00b/screenshot - {}
RESULT: {"using":"xpath","value":"//table[contains(@id, \"application-ruinventorylist-display-component---Master--tableRuInventoryList-listUl\")]/tbody/tr[1]/td[6]/div/span"}
COMMAND: POST /session/99c1e0432be813f94d8279fe5f2ff00b/execute/sync - {"script":"<script> [56 bytes]","args":[{"element-6066-11e4-a52e-4f735466cecf":"f.385D30113BF6ACD9869CE178C0BE29E7.d.F53D608A77FD9DC4DD399FBF48144F6F.e.6649","ELEMENT":"f.385D30113BF6ACD9869CE178C0BE29E7.d.F53D608A77FD9DC4DD399FBF48144F6F.e.6649"}]}
RESULT: {}
RESULT: {"script":"<script> [56 bytes]","args":[{"element-6066-11e4-a52e-4f735466cecf":"f.385D30113BF6ACD9869CE178C0BE29E7.d.F53D608A77FD9DC4DD399FBF48144F6F.e.6649","ELEMENT":"f.385D30113BF6ACD9869CE178C0BE29E7.d.F53D608A77FD9DC4DD399FBF48144F6F.e.6649"}]}
COMMAND: POST /session/99c1e0432be813f94d8279fe5f2ff00b/element - {"using":"xpath","value":"//div[contains(@id, \"smartFilterBar-btnBasicSearch-reset\")]"}
COMMAND: GET /session/99c1e0432be813f94d8279fe5f2ff00b/screenshot - {}
RESULT: {"using":"xpath","value":"//div[contains(@id, \"smartFilterBar-btnBasicSearch-reset\")]"}
COMMAND: POST /session/99c1e0432be813f94d8279fe5f2ff00b/element/f.385D30113BF6ACD9869CE178C0BE29E7.d.F53D608A77FD9DC4DD399FBF48144F6F.e.5699/click - {}
RESULT: {}
RESULT: {}
COMMAND: GET /session/99c1e0432be813f94d8279fe5f2ff00b/screenshot - {}
RESULT: {}
RESULT: undefined
COMMAND: POST /session/99c1e0432be813f94d8279fe5f2ff00b/execute/async - {"script":"<script> [776 bytes]","args":[{"enterText":"200244","selector":{"id":"application-ruinventorylist-display-component---Master--smartFilterBar-btnBasicSearch","interaction":{"idSuffix":"I"}},"clearTextFirst":true,"interactionType":"ENTER_TEXT"}]}
RESULT: {"script":"<script> [776 bytes]","args":[{"enterText":"200244","selector":{"id":"application-ruinventorylist-display-component---Master--smartFilterBar-btnBasicSearch","interaction":{"idSuffix":"I"}},"clearTextFirst":true,"interactionType":"ENTER_TEXT"}]}
COMMAND: POST /session/99c1e0432be813f94d8279fe5f2ff00b/actions - {"actions":[{"id":"action30","type":"key","parameters":{},"actions":[{"type":"keyDown","value":"î€‡"},{"type":"pause","duration":10},{"type":"keyUp","value":"î€‡"}]}]}
RESULT: {"actions":[{"id":"action30","type":"key","parameters":{},"actions":[{"type":"keyDown","value":"î€‡"},{"type":"pause","duration":10},{"type":"keyUp","value":"î€‡"}]}]}
COMMAND: GET /session/99c1e0432be813f94d8279fe5f2ff00b/screenshot - {}
RESULT: {}
COMMAND: POST /session/99c1e0432be813f94d8279fe5f2ff00b/element - {"using":"xpath","value":"//span[@id=\"application-ruinventorylist-display-component---Master--smartTableRuInventoryList-header-inner\"]"}
RESULT: {"using":"xpath","value":"//span[@id=\"application-ruinventorylist-display-component---Master--smartTableRuInventoryList-header-inner\"]"}
COMMAND: POST /session/99c1e0432be813f94d8279fe5f2ff00b/elements - {"using":"xpath","value":"//span[@id=\"application-ruinventorylist-display-component---Master--smartTableRuInventoryList-header-inner\"]"}
RESULT: {"using":"xpath","value":"//span[@id=\"application-ruinventorylist-display-component---Master--smartTableRuInventoryList-header-inner\"]"}
COMMAND: POST /session/99c1e0432be813f94d8279fe5f2ff00b/execute/sync - {"script":"<script> [56 bytes]","args":[{"element-6066-11e4-a52e-4f735466cecf":"f.385D30113BF6ACD9869CE178C0BE29E7.d.F53D608A77FD9DC4DD399FBF48144F6F.e.5683","ELEMENT":"f.385D30113BF6ACD9869CE178C0BE29E7.d.F53D608A77FD9DC4DD399FBF48144F6F.e.5683"}]}
RESULT: {"script":"<script> [56 bytes]","args":[{"element-6066-11e4-a52e-4f735466cecf":"f.385D30113BF6ACD9869CE178C0BE29E7.d.F53D608A77FD9DC4DD399FBF48144F6F.e.5683","ELEMENT":"f.385D30113BF6ACD9869CE178C0BE29E7.d.F53D608A77FD9DC4DD399FBF48144F6F.e.5683"}]}
COMMAND: POST /session/99c1e0432be813f94d8279fe5f2ff00b/element - {"using":"xpath","value":"//table[contains(@id, \"application-ruinventorylist-display-component---Master--tableRuInventoryList-listUl\")]/tbody/tr[1]/td[6]/div/span"}
COMMAND: GET /session/99c1e0432be813f94d8279fe5f2ff00b/screenshot - {}
RESULT: {"using":"xpath","value":"//table[contains(@id, \"application-ruinventorylist-display-component---Master--tableRuInventoryList-listUl\")]/tbody/tr[1]/td[6]/div/span"}
COMMAND: POST /session/99c1e0432be813f94d8279fe5f2ff00b/execute/sync - {"script":"<script> [56 bytes]","args":[{"element-6066-11e4-a52e-4f735466cecf":"f.385D30113BF6ACD9869CE178C0BE29E7.d.F53D608A77FD9DC4DD399FBF48144F6F.e.6741","ELEMENT":"f.385D30113BF6ACD9869CE178C0BE29E7.d.F53D608A77FD9DC4DD399FBF48144F6F.e.6741"}]}
RESULT: {}
RESULT: {"script":"<script> [56 bytes]","args":[{"element-6066-11e4-a52e-4f735466cecf":"f.385D30113BF6ACD9869CE178C0BE29E7.d.F53D608A77FD9DC4DD399FBF48144F6F.e.6741","ELEMENT":"f.385D30113BF6ACD9869CE178C0BE29E7.d.F53D608A77FD9DC4DD399FBF48144F6F.e.6741"}]}
COMMAND: POST /session/99c1e0432be813f94d8279fe5f2ff00b/element - {"using":"xpath","value":"//div[contains(@id, \"smartFilterBar-btnBasicSearch-reset\")]"}
COMMAND: GET /session/99c1e0432be813f94d8279fe5f2ff00b/screenshot - {}
RESULT: {"using":"xpath","value":"//div[contains(@id, \"smartFilterBar-btnBasicSearch-reset\")]"}
COMMAND: POST /session/99c1e0432be813f94d8279fe5f2ff00b/element/f.385D30113BF6ACD9869CE178C0BE29E7.d.F53D608A77FD9DC4DD399FBF48144F6F.e.5699/click - {}
RESULT: {}
RESULT: {}
COMMAND: GET /session/99c1e0432be813f94d8279fe5f2ff00b/screenshot - {}
RESULT: {}
COMMAND: POST /session/99c1e0432be813f94d8279fe5f2ff00b/element/f.385D30113BF6ACD9869CE178C0BE29E7.d.F53D608A77FD9DC4DD399FBF48144F6F.e.4993/click - {}
RESULT: {}
COMMAND: GET /session/99c1e0432be813f94d8279fe5f2ff00b/screenshot - {}
RESULT: {}
RESULT: undefined
COMMAND: POST /session/99c1e0432be813f94d8279fe5f2ff00b/execute/async - {"script":"<script> [776 bytes]","args":[{"enterText":"600002","selector":{"id":"application-ruinventorylist-display-component---Master--smartFilterBar-btnBasicSearch","interaction":{"idSuffix":"I"}},"clearTextFirst":true,"interactionType":"ENTER_TEXT"}]}
RESULT: {"script":"<script> [776 bytes]","args":[{"enterText":"600002","selector":{"id":"application-ruinventorylist-display-component---Master--smartFilterBar-btnBasicSearch","interaction":{"idSuffix":"I"}},"clearTextFirst":true,"interactionType":"ENTER_TEXT"}]}
COMMAND: POST /session/99c1e0432be813f94d8279fe5f2ff00b/actions - {"actions":[{"id":"action31","type":"key","parameters":{},"actions":[{"type":"keyDown","value":"î€‡"},{"type":"pause","duration":10},{"type":"keyUp","value":"î€‡"}]}]}
RESULT: {"actions":[{"id":"action31","type":"key","parameters":{},"actions":[{"type":"keyDown","value":"î€‡"},{"type":"pause","duration":10},{"type":"keyUp","value":"î€‡"}]}]}
COMMAND: GET /session/99c1e0432be813f94d8279fe5f2ff00b/screenshot - {}
RESULT: {}
COMMAND: POST /session/99c1e0432be813f94d8279fe5f2ff00b/element - {"using":"xpath","value":"//span[@id=\"application-ruinventorylist-display-component---Master--smartTableRuInventoryList-header-inner\"]"}
RESULT: {"using":"xpath","value":"//span[@id=\"application-ruinventorylist-display-component---Master--smartTableRuInventoryList-header-inner\"]"}
COMMAND: POST /session/99c1e0432be813f94d8279fe5f2ff00b/elements - {"using":"xpath","value":"//span[@id=\"application-ruinventorylist-display-component---Master--smartTableRuInventoryList-header-inner\"]"}
RESULT: {"using":"xpath","value":"//span[@id=\"application-ruinventorylist-display-component---Master--smartTableRuInventoryList-header-inner\"]"}
COMMAND: POST /session/99c1e0432be813f94d8279fe5f2ff00b/execute/sync - {"script":"<script> [56 bytes]","args":[{"element-6066-11e4-a52e-4f735466cecf":"f.385D30113BF6ACD9869CE178C0BE29E7.d.F53D608A77FD9DC4DD399FBF48144F6F.e.5683","ELEMENT":"f.385D30113BF6ACD9869CE178C0BE29E7.d.F53D608A77FD9DC4DD399FBF48144F6F.e.5683"}]}
RESULT: {"script":"<script> [56 bytes]","args":[{"element-6066-11e4-a52e-4f735466cecf":"f.385D30113BF6ACD9869CE178C0BE29E7.d.F53D608A77FD9DC4DD399FBF48144F6F.e.5683","ELEMENT":"f.385D30113BF6ACD9869CE178C0BE29E7.d.F53D608A77FD9DC4DD399FBF48144F6F.e.5683"}]}
COMMAND: POST /session/99c1e0432be813f94d8279fe5f2ff00b/element - {"using":"xpath","value":"//table[contains(@id, \"application-ruinventorylist-display-component---Master--tableRuInventoryList-listUl\")]/tbody/tr[1]/td[2]/div/div"}
COMMAND: GET /session/99c1e0432be813f94d8279fe5f2ff00b/screenshot - {}
RESULT: {"using":"xpath","value":"//table[contains(@id, \"application-ruinventorylist-display-component---Master--tableRuInventoryList-listUl\")]/tbody/tr[1]/td[2]/div/div"}
COMMAND: POST /session/99c1e0432be813f94d8279fe5f2ff00b/element/f.385D30113BF6ACD9869CE178C0BE29E7.d.F53D608A77FD9DC4DD399FBF48144F6F.e.7010/click - {}
RESULT: {}
RESULT: {}
COMMAND: GET /session/99c1e0432be813f94d8279fe5f2ff00b/screenshot - {}
RESULT: {}
COMMAND: POST /session/99c1e0432be813f94d8279fe5f2ff00b/element - {"using":"xpath","value":"//div[contains(@id, \"smartFilterBar-btnBasicSearch-reset\")]"}
RESULT: {"using":"xpath","value":"//div[contains(@id, \"smartFilterBar-btnBasicSearch-reset\")]"}
COMMAND: POST /session/99c1e0432be813f94d8279fe5f2ff00b/element/f.385D30113BF6ACD9869CE178C0BE29E7.d.F53D608A77FD9DC4DD399FBF48144F6F.e.5699/click - {}
RESULT: {}
COMMAND: GET /session/99c1e0432be813f94d8279fe5f2ff00b/screenshot - {}
RESULT: {}
RESULT: undefined
COMMAND: POST /session/99c1e0432be813f94d8279fe5f2ff00b/execute/async - {"script":"<script> [776 bytes]","args":[{"enterText":"401002","selector":{"id":"application-ruinventorylist-display-component---Master--smartFilterBar-btnBasicSearch","interaction":{"idSuffix":"I"}},"clearTextFirst":true,"interactionType":"ENTER_TEXT"}]}
RESULT: {"script":"<script> [776 bytes]","args":[{"enterText":"401002","selector":{"id":"application-ruinventorylist-display-component---Master--smartFilterBar-btnBasicSearch","interaction":{"idSuffix":"I"}},"clearTextFirst":true,"interactionType":"ENTER_TEXT"}]}
COMMAND: POST /session/99c1e0432be813f94d8279fe5f2ff00b/actions - {"actions":[{"id":"action32","type":"key","parameters":{},"actions":[{"type":"keyDown","value":"î€‡"},{"type":"pause","duration":10},{"type":"keyUp","value":"î€‡"}]}]}
RESULT: {"actions":[{"id":"action32","type":"key","parameters":{},"actions":[{"type":"keyDown","value":"î€‡"},{"type":"pause","duration":10},{"type":"keyUp","value":"î€‡"}]}]}
COMMAND: GET /session/99c1e0432be813f94d8279fe5f2ff00b/screenshot - {}
RESULT: {}
COMMAND: POST /session/99c1e0432be813f94d8279fe5f2ff00b/element - {"using":"xpath","value":"//span[@id=\"application-ruinventorylist-display-component---Master--smartTableRuInventoryList-header-inner\"]"}
RESULT: {"using":"xpath","value":"//span[@id=\"application-ruinventorylist-display-component---Master--smartTableRuInventoryList-header-inner\"]"}
COMMAND: POST /session/99c1e0432be813f94d8279fe5f2ff00b/elements - {"using":"xpath","value":"//span[@id=\"application-ruinventorylist-display-component---Master--smartTableRuInventoryList-header-inner\"]"}
RESULT: {"using":"xpath","value":"//span[@id=\"application-ruinventorylist-display-component---Master--smartTableRuInventoryList-header-inner\"]"}
COMMAND: POST /session/99c1e0432be813f94d8279fe5f2ff00b/execute/sync - {"script":"<script> [56 bytes]","args":[{"element-6066-11e4-a52e-4f735466cecf":"f.385D30113BF6ACD9869CE178C0BE29E7.d.F53D608A77FD9DC4DD399FBF48144F6F.e.5683","ELEMENT":"f.385D30113BF6ACD9869CE178C0BE29E7.d.F53D608A77FD9DC4DD399FBF48144F6F.e.5683"}]}
RESULT: {"script":"<script> [56 bytes]","args":[{"element-6066-11e4-a52e-4f735466cecf":"f.385D30113BF6ACD9869CE178C0BE29E7.d.F53D608A77FD9DC4DD399FBF48144F6F.e.5683","ELEMENT":"f.385D30113BF6ACD9869CE178C0BE29E7.d.F53D608A77FD9DC4DD399FBF48144F6F.e.5683"}]}
COMMAND: POST /session/99c1e0432be813f94d8279fe5f2ff00b/element - {"using":"xpath","value":"//table[contains(@id, \"application-ruinventorylist-display-component---Master--tableRuInventoryList-listUl\")]/tbody/tr[1]/td[2]/div/div"}
COMMAND: GET /session/99c1e0432be813f94d8279fe5f2ff00b/screenshot - {}
RESULT: {"using":"xpath","value":"//table[contains(@id, \"application-ruinventorylist-display-component---Master--tableRuInventoryList-listUl\")]/tbody/tr[1]/td[2]/div/div"}
COMMAND: POST /session/99c1e0432be813f94d8279fe5f2ff00b/element/f.385D30113BF6ACD9869CE178C0BE29E7.d.F53D608A77FD9DC4DD399FBF48144F6F.e.7176/click - {}
RESULT: {}
RESULT: {}
COMMAND: GET /session/99c1e0432be813f94d8279fe5f2ff00b/screenshot - {}
RESULT: {}
COMMAND: POST /session/99c1e0432be813f94d8279fe5f2ff00b/element - {"using":"xpath","value":"//div[contains(@id, \"smartFilterBar-btnBasicSearch-reset\")]"}
RESULT: {"using":"xpath","value":"//div[contains(@id, \"smartFilterBar-btnBasicSearch-reset\")]"}
COMMAND: POST /session/99c1e0432be813f94d8279fe5f2ff00b/element/f.385D30113BF6ACD9869CE178C0BE29E7.d.F53D608A77FD9DC4DD399FBF48144F6F.e.5699/click - {}
RESULT: {}
COMMAND: GET /session/99c1e0432be813f94d8279fe5f2ff00b/screenshot - {}
RESULT: {}
RESULT: undefined
COMMAND: POST /session/99c1e0432be813f94d8279fe5f2ff00b/execute/async - {"script":"<script> [776 bytes]","args":[{"enterText":"YQqzno7aNU","selector":{"id":"application-ruinventorylist-display-component---Master--smartFilterBar-btnBasicSearch","interaction":{"idSuffix":"I"}},"clearTextFirst":true,"interactionType":"ENTER_TEXT"}]}
RESULT: {"script":"<script> [776 bytes]","args":[{"enterText":"YQqzno7aNU","selector":{"id":"application-ruinventorylist-display-component---Master--smartFilterBar-btnBasicSearch","interaction":{"idSuffix":"I"}},"clearTextFirst":true,"interactionType":"ENTER_TEXT"}]}
COMMAND: POST /session/99c1e0432be813f94d8279fe5f2ff00b/actions - {"actions":[{"id":"action33","type":"key","parameters":{},"actions":[{"type":"keyDown","value":"î€‡"},{"type":"pause","duration":10},{"type":"keyUp","value":"î€‡"}]}]}
RESULT: {"actions":[{"id":"action33","type":"key","parameters":{},"actions":[{"type":"keyDown","value":"î€‡"},{"type":"pause","duration":10},{"type":"keyUp","value":"î€‡"}]}]}
COMMAND: GET /session/99c1e0432be813f94d8279fe5f2ff00b/screenshot - {}
RESULT: {}
COMMAND: POST /session/99c1e0432be813f94d8279fe5f2ff00b/element - {"using":"xpath","value":"//span[@id=\"application-ruinventorylist-display-component---Master--smartTableRuInventoryList-header-inner\"]"}
RESULT: {"using":"xpath","value":"//span[@id=\"application-ruinventorylist-display-component---Master--smartTableRuInventoryList-header-inner\"]"}
COMMAND: POST /session/99c1e0432be813f94d8279fe5f2ff00b/elements - {"using":"xpath","value":"//span[@id=\"application-ruinventorylist-display-component---Master--smartTableRuInventoryList-header-inner\"]"}
RESULT: {"using":"xpath","value":"//span[@id=\"application-ruinventorylist-display-component---Master--smartTableRuInventoryList-header-inner\"]"}
COMMAND: POST /session/99c1e0432be813f94d8279fe5f2ff00b/execute/sync - {"script":"<script> [56 bytes]","args":[{"element-6066-11e4-a52e-4f735466cecf":"f.385D30113BF6ACD9869CE178C0BE29E7.d.F53D608A77FD9DC4DD399FBF48144F6F.e.5683","ELEMENT":"f.385D30113BF6ACD9869CE178C0BE29E7.d.F53D608A77FD9DC4DD399FBF48144F6F.e.5683"}]}
RESULT: {"script":"<script> [56 bytes]","args":[{"element-6066-11e4-a52e-4f735466cecf":"f.385D30113BF6ACD9869CE178C0BE29E7.d.F53D608A77FD9DC4DD399FBF48144F6F.e.5683","ELEMENT":"f.385D30113BF6ACD9869CE178C0BE29E7.d.F53D608A77FD9DC4DD399FBF48144F6F.e.5683"}]}
COMMAND: POST /session/99c1e0432be813f94d8279fe5f2ff00b/element - {"using":"xpath","value":"//table[contains(@id, \"application-ruinventorylist-display-component---Master--tableRuInventoryList-listUl\")]/tbody/tr[1]/td[2]/div/div"}
COMMAND: GET /session/99c1e0432be813f94d8279fe5f2ff00b/screenshot - {}
RESULT: {"using":"xpath","value":"//table[contains(@id, \"application-ruinventorylist-display-component---Master--tableRuInventoryList-listUl\")]/tbody/tr[1]/td[2]/div/div"}
COMMAND: POST /session/99c1e0432be813f94d8279fe5f2ff00b/element/f.385D30113BF6ACD9869CE178C0BE29E7.d.F53D608A77FD9DC4DD399FBF48144F6F.e.7340/click - {}
RESULT: {}
RESULT: {}
COMMAND: GET /session/99c1e0432be813f94d8279fe5f2ff00b/screenshot - {}
RESULT: {}
COMMAND: POST /session/99c1e0432be813f94d8279fe5f2ff00b/element - {"using":"xpath","value":"//div[contains(@id, \"smartFilterBar-btnBasicSearch-reset\")]"}
RESULT: {"using":"xpath","value":"//div[contains(@id, \"smartFilterBar-btnBasicSearch-reset\")]"}
COMMAND: POST /session/99c1e0432be813f94d8279fe5f2ff00b/element/f.385D30113BF6ACD9869CE178C0BE29E7.d.F53D608A77FD9DC4DD399FBF48144F6F.e.5699/click - {}
RESULT: {}
COMMAND: GET /session/99c1e0432be813f94d8279fe5f2ff00b/screenshot - {}
RESULT: {}
RESULT: undefined
COMMAND: POST /session/99c1e0432be813f94d8279fe5f2ff00b/execute/async - {"script":"<script> [776 bytes]","args":[{"enterText":"200244","selector":{"id":"application-ruinventorylist-display-component---Master--smartFilterBar-btnBasicSearch","interaction":{"idSuffix":"I"}},"clearTextFirst":true,"interactionType":"ENTER_TEXT"}]}
RESULT: {"script":"<script> [776 bytes]","args":[{"enterText":"200244","selector":{"id":"application-ruinventorylist-display-component---Master--smartFilterBar-btnBasicSearch","interaction":{"idSuffix":"I"}},"clearTextFirst":true,"interactionType":"ENTER_TEXT"}]}
COMMAND: POST /session/99c1e0432be813f94d8279fe5f2ff00b/actions - {"actions":[{"id":"action34","type":"key","parameters":{},"actions":[{"type":"keyDown","value":"î€‡"},{"type":"pause","duration":10},{"type":"keyUp","value":"î€‡"}]}]}
RESULT: {"actions":[{"id":"action34","type":"key","parameters":{},"actions":[{"type":"keyDown","value":"î€‡"},{"type":"pause","duration":10},{"type":"keyUp","value":"î€‡"}]}]}
COMMAND: GET /session/99c1e0432be813f94d8279fe5f2ff00b/screenshot - {}
RESULT: {}
COMMAND: POST /session/99c1e0432be813f94d8279fe5f2ff00b/element - {"using":"xpath","value":"//span[@id=\"application-ruinventorylist-display-component---Master--smartTableRuInventoryList-header-inner\"]"}
RESULT: {"using":"xpath","value":"//span[@id=\"application-ruinventorylist-display-component---Master--smartTableRuInventoryList-header-inner\"]"}
COMMAND: POST /session/99c1e0432be813f94d8279fe5f2ff00b/elements - {"using":"xpath","value":"//span[@id=\"application-ruinventorylist-display-component---Master--smartTableRuInventoryList-header-inner\"]"}
RESULT: {"using":"xpath","value":"//span[@id=\"application-ruinventorylist-display-component---Master--smartTableRuInventoryList-header-inner\"]"}
COMMAND: POST /session/99c1e0432be813f94d8279fe5f2ff00b/execute/sync - {"script":"<script> [56 bytes]","args":[{"element-6066-11e4-a52e-4f735466cecf":"f.385D30113BF6ACD9869CE178C0BE29E7.d.F53D608A77FD9DC4DD399FBF48144F6F.e.5683","ELEMENT":"f.385D30113BF6ACD9869CE178C0BE29E7.d.F53D608A77FD9DC4DD399FBF48144F6F.e.5683"}]}
RESULT: {"script":"<script> [56 bytes]","args":[{"element-6066-11e4-a52e-4f735466cecf":"f.385D30113BF6ACD9869CE178C0BE29E7.d.F53D608A77FD9DC4DD399FBF48144F6F.e.5683","ELEMENT":"f.385D30113BF6ACD9869CE178C0BE29E7.d.F53D608A77FD9DC4DD399FBF48144F6F.e.5683"}]}
COMMAND: POST /session/99c1e0432be813f94d8279fe5f2ff00b/element - {"using":"xpath","value":"//table[contains(@id, \"application-ruinventorylist-display-component---Master--tableRuInventoryList-listUl\")]/tbody/tr[1]/td[2]/div/div"}
COMMAND: GET /session/99c1e0432be813f94d8279fe5f2ff00b/screenshot - {}
RESULT: {"using":"xpath","value":"//table[contains(@id, \"application-ruinventorylist-display-component---Master--tableRuInventoryList-listUl\")]/tbody/tr[1]/td[2]/div/div"}
COMMAND: POST /session/99c1e0432be813f94d8279fe5f2ff00b/element/f.385D30113BF6ACD9869CE178C0BE29E7.d.F53D608A77FD9DC4DD399FBF48144F6F.e.7504/click - {}
RESULT: {}
RESULT: {}
COMMAND: GET /session/99c1e0432be813f94d8279fe5f2ff00b/screenshot - {}
RESULT: {}
COMMAND: POST /session/99c1e0432be813f94d8279fe5f2ff00b/element - {"using":"xpath","value":"//div[contains(@id, \"smartFilterBar-btnBasicSearch-reset\")]"}
RESULT: {"using":"xpath","value":"//div[contains(@id, \"smartFilterBar-btnBasicSearch-reset\")]"}
COMMAND: POST /session/99c1e0432be813f94d8279fe5f2ff00b/element/f.385D30113BF6ACD9869CE178C0BE29E7.d.F53D608A77FD9DC4DD399FBF48144F6F.e.5699/click - {}
RESULT: {}
COMMAND: GET /session/99c1e0432be813f94d8279fe5f2ff00b/screenshot - {}
RESULT: {}
COMMAND: POST /session/99c1e0432be813f94d8279fe5f2ff00b/element/f.385D30113BF6ACD9869CE178C0BE29E7.d.F53D608A77FD9DC4DD399FBF48144F6F.e.4993/click - {}
RESULT: {}
COMMAND: GET /session/99c1e0432be813f94d8279fe5f2ff00b/screenshot - {}
RESULT: {}
RESULT: undefined
COMMAND: POST /session/99c1e0432be813f94d8279fe5f2ff00b/element - {"using":"xpath","value":"//*[@id=\"application-ruinventorylist-display-component---Master--ruStateTypes-arrow\"]"}
RESULT: {"using":"xpath","value":"//*[@id=\"application-ruinventorylist-display-component---Master--ruStateTypes-arrow\"]"}
COMMAND: POST /session/99c1e0432be813f94d8279fe5f2ff00b/element/f.385D30113BF6ACD9869CE178C0BE29E7.d.F53D608A77FD9DC4DD399FBF48144F6F.e.7691/click - {}
RESULT: {}
COMMAND: GET /session/99c1e0432be813f94d8279fe5f2ff00b/screenshot - {}
RESULT: {}
COMMAND: POST /session/99c1e0432be813f94d8279fe5f2ff00b/element - {"using":"xpath","value":"//li[.//span[text()=\"available\"]]"}
RESULT: {"using":"xpath","value":"//li[.//span[text()=\"available\"]]"}
COMMAND: POST /session/99c1e0432be813f94d8279fe5f2ff00b/element/f.385D30113BF6ACD9869CE178C0BE29E7.d.F53D608A77FD9DC4DD399FBF48144F6F.e.7692/click - {}
RESULT: {}
COMMAND: GET /session/99c1e0432be813f94d8279fe5f2ff00b/screenshot - {}
RESULT: {}
COMMAND: POST /session/99c1e0432be813f94d8279fe5f2ff00b/element - {"using":"xpath","value":"(//bdi[contains(text(), \"OK\")])[1]"}
RESULT: {"using":"xpath","value":"(//bdi[contains(text(), \"OK\")])[1]"}
COMMAND: POST /session/99c1e0432be813f94d8279fe5f2ff00b/element/f.385D30113BF6ACD9869CE178C0BE29E7.d.F53D608A77FD9DC4DD399FBF48144F6F.e.7693/click - {}
RESULT: {}
COMMAND: GET /session/99c1e0432be813f94d8279fe5f2ff00b/screenshot - {}
RESULT: {}
COMMAND: POST /session/99c1e0432be813f94d8279fe5f2ff00b/element - {"using":"xpath","value":"(//bdi[contains(text(), \"OK\")])[2]"}
RESULT: {"using":"xpath","value":"(//bdi[contains(text(), \"OK\")])[2]"}
COMMAND: POST /session/99c1e0432be813f94d8279fe5f2ff00b/element/f.385D30113BF6ACD9869CE178C0BE29E7.d.F53D608A77FD9DC4DD399FBF48144F6F.e.7697/click - {}
RESULT: {}
COMMAND: GET /session/99c1e0432be813f94d8279fe5f2ff00b/screenshot - {}
RESULT: {}
RESULT: undefined
COMMAND: POST /session/99c1e0432be813f94d8279fe5f2ff00b/execute/async - {"script":"<script> [776 bytes]","args":[{"enterText":"600002","selector":{"id":"application-ruinventorylist-display-component---Master--smartFilterBar-btnBasicSearch","interaction":{"idSuffix":"I"}},"clearTextFirst":true,"interactionType":"ENTER_TEXT"}]}
RESULT: {"script":"<script> [776 bytes]","args":[{"enterText":"600002","selector":{"id":"application-ruinventorylist-display-component---Master--smartFilterBar-btnBasicSearch","interaction":{"idSuffix":"I"}},"clearTextFirst":true,"interactionType":"ENTER_TEXT"}]}
COMMAND: POST /session/99c1e0432be813f94d8279fe5f2ff00b/actions - {"actions":[{"id":"action35","type":"key","parameters":{},"actions":[{"type":"keyDown","value":"î€‡"},{"type":"pause","duration":10},{"type":"keyUp","value":"î€‡"}]}]}
RESULT: {"actions":[{"id":"action35","type":"key","parameters":{},"actions":[{"type":"keyDown","value":"î€‡"},{"type":"pause","duration":10},{"type":"keyUp","value":"î€‡"}]}]}
COMMAND: GET /session/99c1e0432be813f94d8279fe5f2ff00b/screenshot - {}
RESULT: {}
COMMAND: POST /session/99c1e0432be813f94d8279fe5f2ff00b/element - {"using":"xpath","value":"//span[@id=\"application-ruinventorylist-display-component---Master--smartTableRuInventoryList-header-inner\"]"}
RESULT: {"using":"xpath","value":"//span[@id=\"application-ruinventorylist-display-component---Master--smartTableRuInventoryList-header-inner\"]"}
COMMAND: POST /session/99c1e0432be813f94d8279fe5f2ff00b/elements - {"using":"xpath","value":"//span[@id=\"application-ruinventorylist-display-component---Master--smartTableRuInventoryList-header-inner\"]"}
RESULT: {"using":"xpath","value":"//span[@id=\"application-ruinventorylist-display-component---Master--smartTableRuInventoryList-header-inner\"]"}
COMMAND: POST /session/99c1e0432be813f94d8279fe5f2ff00b/execute/sync - {"script":"<script> [56 bytes]","args":[{"element-6066-11e4-a52e-4f735466cecf":"f.385D30113BF6ACD9869CE178C0BE29E7.d.F53D608A77FD9DC4DD399FBF48144F6F.e.5683","ELEMENT":"f.385D30113BF6ACD9869CE178C0BE29E7.d.F53D608A77FD9DC4DD399FBF48144F6F.e.5683"}]}
RESULT: {"script":"<script> [56 bytes]","args":[{"element-6066-11e4-a52e-4f735466cecf":"f.385D30113BF6ACD9869CE178C0BE29E7.d.F53D608A77FD9DC4DD399FBF48144F6F.e.5683","ELEMENT":"f.385D30113BF6ACD9869CE178C0BE29E7.d.F53D608A77FD9DC4DD399FBF48144F6F.e.5683"}]}
COMMAND: POST /session/99c1e0432be813f94d8279fe5f2ff00b/element - {"using":"xpath","value":"//table[contains(@id, \"application-ruinventorylist-display-component---Master--tableRuInventoryList-listUl\")]/tbody/tr[1]/td[6]/div/span"}
COMMAND: GET /session/99c1e0432be813f94d8279fe5f2ff00b/screenshot - {}
RESULT: {"using":"xpath","value":"//table[contains(@id, \"application-ruinventorylist-display-component---Master--tableRuInventoryList-listUl\")]/tbody/tr[1]/td[6]/div/span"}
COMMAND: POST /session/99c1e0432be813f94d8279fe5f2ff00b/execute/sync - {"script":"<script> [56 bytes]","args":[{"element-6066-11e4-a52e-4f735466cecf":"f.385D30113BF6ACD9869CE178C0BE29E7.d.F53D608A77FD9DC4DD399FBF48144F6F.e.7721","ELEMENT":"f.385D30113BF6ACD9869CE178C0BE29E7.d.F53D608A77FD9DC4DD399FBF48144F6F.e.7721"}]}
RESULT: {}
RESULT: {"script":"<script> [56 bytes]","args":[{"element-6066-11e4-a52e-4f735466cecf":"f.385D30113BF6ACD9869CE178C0BE29E7.d.F53D608A77FD9DC4DD399FBF48144F6F.e.7721","ELEMENT":"f.385D30113BF6ACD9869CE178C0BE29E7.d.F53D608A77FD9DC4DD399FBF48144F6F.e.7721"}]}
COMMAND: POST /session/99c1e0432be813f94d8279fe5f2ff00b/element - {"using":"xpath","value":"//div[contains(@id, \"smartFilterBar-btnBasicSearch-reset\")]"}
COMMAND: GET /session/99c1e0432be813f94d8279fe5f2ff00b/screenshot - {}
RESULT: {"using":"xpath","value":"//div[contains(@id, \"smartFilterBar-btnBasicSearch-reset\")]"}
COMMAND: POST /session/99c1e0432be813f94d8279fe5f2ff00b/element/f.385D30113BF6ACD9869CE178C0BE29E7.d.F53D608A77FD9DC4DD399FBF48144F6F.e.5699/click - {}
RESULT: {}
RESULT: {}
COMMAND: GET /session/99c1e0432be813f94d8279fe5f2ff00b/screenshot - {}
RESULT: {}
RESULT: undefined
COMMAND: POST /session/99c1e0432be813f94d8279fe5f2ff00b/execute/async - {"script":"<script> [776 bytes]","args":[{"enterText":"401002","selector":{"id":"application-ruinventorylist-display-component---Master--smartFilterBar-btnBasicSearch","interaction":{"idSuffix":"I"}},"clearTextFirst":true,"interactionType":"ENTER_TEXT"}]}
RESULT: {"script":"<script> [776 bytes]","args":[{"enterText":"401002","selector":{"id":"application-ruinventorylist-display-component---Master--smartFilterBar-btnBasicSearch","interaction":{"idSuffix":"I"}},"clearTextFirst":true,"interactionType":"ENTER_TEXT"}]}
COMMAND: POST /session/99c1e0432be813f94d8279fe5f2ff00b/actions - {"actions":[{"id":"action36","type":"key","parameters":{},"actions":[{"type":"keyDown","value":"î€‡"},{"type":"pause","duration":10},{"type":"keyUp","value":"î€‡"}]}]}
RESULT: {"actions":[{"id":"action36","type":"key","parameters":{},"actions":[{"type":"keyDown","value":"î€‡"},{"type":"pause","duration":10},{"type":"keyUp","value":"î€‡"}]}]}
COMMAND: GET /session/99c1e0432be813f94d8279fe5f2ff00b/screenshot - {}
RESULT: {}
COMMAND: POST /session/99c1e0432be813f94d8279fe5f2ff00b/element - {"using":"xpath","value":"//span[@id=\"application-ruinventorylist-display-component---Master--smartTableRuInventoryList-header-inner\"]"}
RESULT: {"using":"xpath","value":"//span[@id=\"application-ruinventorylist-display-component---Master--smartTableRuInventoryList-header-inner\"]"}
COMMAND: POST /session/99c1e0432be813f94d8279fe5f2ff00b/elements - {"using":"xpath","value":"//span[@id=\"application-ruinventorylist-display-component---Master--smartTableRuInventoryList-header-inner\"]"}
RESULT: {"using":"xpath","value":"//span[@id=\"application-ruinventorylist-display-component---Master--smartTableRuInventoryList-header-inner\"]"}
COMMAND: POST /session/99c1e0432be813f94d8279fe5f2ff00b/execute/sync - {"script":"<script> [56 bytes]","args":[{"element-6066-11e4-a52e-4f735466cecf":"f.385D30113BF6ACD9869CE178C0BE29E7.d.F53D608A77FD9DC4DD399FBF48144F6F.e.5683","ELEMENT":"f.385D30113BF6ACD9869CE178C0BE29E7.d.F53D608A77FD9DC4DD399FBF48144F6F.e.5683"}]}
RESULT: {"script":"<script> [56 bytes]","args":[{"element-6066-11e4-a52e-4f735466cecf":"f.385D30113BF6ACD9869CE178C0BE29E7.d.F53D608A77FD9DC4DD399FBF48144F6F.e.5683","ELEMENT":"f.385D30113BF6ACD9869CE178C0BE29E7.d.F53D608A77FD9DC4DD399FBF48144F6F.e.5683"}]}
COMMAND: POST /session/99c1e0432be813f94d8279fe5f2ff00b/element - {"using":"xpath","value":"//table[contains(@id, \"application-ruinventorylist-display-component---Master--tableRuInventoryList-listUl\")]/tbody/tr[1]/td[6]/div/span"}
COMMAND: GET /session/99c1e0432be813f94d8279fe5f2ff00b/screenshot - {}
RESULT: {"using":"xpath","value":"//table[contains(@id, \"application-ruinventorylist-display-component---Master--tableRuInventoryList-listUl\")]/tbody/tr[1]/td[6]/div/span"}
COMMAND: POST /session/99c1e0432be813f94d8279fe5f2ff00b/execute/sync - {"script":"<script> [56 bytes]","args":[{"element-6066-11e4-a52e-4f735466cecf":"f.385D30113BF6ACD9869CE178C0BE29E7.d.F53D608A77FD9DC4DD399FBF48144F6F.e.7811","ELEMENT":"f.385D30113BF6ACD9869CE178C0BE29E7.d.F53D608A77FD9DC4DD399FBF48144F6F.e.7811"}]}
RESULT: {}
RESULT: {"script":"<script> [56 bytes]","args":[{"element-6066-11e4-a52e-4f735466cecf":"f.385D30113BF6ACD9869CE178C0BE29E7.d.F53D608A77FD9DC4DD399FBF48144F6F.e.7811","ELEMENT":"f.385D30113BF6ACD9869CE178C0BE29E7.d.F53D608A77FD9DC4DD399FBF48144F6F.e.7811"}]}
COMMAND: POST /session/99c1e0432be813f94d8279fe5f2ff00b/element - {"using":"xpath","value":"//div[contains(@id, \"smartFilterBar-btnBasicSearch-reset\")]"}
COMMAND: GET /session/99c1e0432be813f94d8279fe5f2ff00b/screenshot - {}
RESULT: {"using":"xpath","value":"//div[contains(@id, \"smartFilterBar-btnBasicSearch-reset\")]"}
COMMAND: POST /session/99c1e0432be813f94d8279fe5f2ff00b/element/f.385D30113BF6ACD9869CE178C0BE29E7.d.F53D608A77FD9DC4DD399FBF48144F6F.e.5699/click - {}
RESULT: {}
RESULT: {}
COMMAND: GET /session/99c1e0432be813f94d8279fe5f2ff00b/screenshot - {}
RESULT: {}
RESULT: undefined
COMMAND: POST /session/99c1e0432be813f94d8279fe5f2ff00b/execute/async - {"script":"<script> [776 bytes]","args":[{"enterText":"YQqzno7aNU","selector":{"id":"application-ruinventorylist-display-component---Master--smartFilterBar-btnBasicSearch","interaction":{"idSuffix":"I"}},"clearTextFirst":true,"interactionType":"ENTER_TEXT"}]}
RESULT: {"script":"<script> [776 bytes]","args":[{"enterText":"YQqzno7aNU","selector":{"id":"application-ruinventorylist-display-component---Master--smartFilterBar-btnBasicSearch","interaction":{"idSuffix":"I"}},"clearTextFirst":true,"interactionType":"ENTER_TEXT"}]}
COMMAND: POST /session/99c1e0432be813f94d8279fe5f2ff00b/actions - {"actions":[{"id":"action37","type":"key","parameters":{},"actions":[{"type":"keyDown","value":"î€‡"},{"type":"pause","duration":10},{"type":"keyUp","value":"î€‡"}]}]}
RESULT: {"actions":[{"id":"action37","type":"key","parameters":{},"actions":[{"type":"keyDown","value":"î€‡"},{"type":"pause","duration":10},{"type":"keyUp","value":"î€‡"}]}]}
COMMAND: GET /session/99c1e0432be813f94d8279fe5f2ff00b/screenshot - {}
RESULT: {}
COMMAND: POST /session/99c1e0432be813f94d8279fe5f2ff00b/element - {"using":"xpath","value":"//span[@id=\"application-ruinventorylist-display-component---Master--smartTableRuInventoryList-header-inner\"]"}
RESULT: {"using":"xpath","value":"//span[@id=\"application-ruinventorylist-display-component---Master--smartTableRuInventoryList-header-inner\"]"}
COMMAND: POST /session/99c1e0432be813f94d8279fe5f2ff00b/elements - {"using":"xpath","value":"//span[@id=\"application-ruinventorylist-display-component---Master--smartTableRuInventoryList-header-inner\"]"}
RESULT: {"using":"xpath","value":"//span[@id=\"application-ruinventorylist-display-component---Master--smartTableRuInventoryList-header-inner\"]"}
COMMAND: POST /session/99c1e0432be813f94d8279fe5f2ff00b/execute/sync - {"script":"<script> [56 bytes]","args":[{"element-6066-11e4-a52e-4f735466cecf":"f.385D30113BF6ACD9869CE178C0BE29E7.d.F53D608A77FD9DC4DD399FBF48144F6F.e.5683","ELEMENT":"f.385D30113BF6ACD9869CE178C0BE29E7.d.F53D608A77FD9DC4DD399FBF48144F6F.e.5683"}]}
RESULT: {"script":"<script> [56 bytes]","args":[{"element-6066-11e4-a52e-4f735466cecf":"f.385D30113BF6ACD9869CE178C0BE29E7.d.F53D608A77FD9DC4DD399FBF48144F6F.e.5683","ELEMENT":"f.385D30113BF6ACD9869CE178C0BE29E7.d.F53D608A77FD9DC4DD399FBF48144F6F.e.5683"}]}
COMMAND: POST /session/99c1e0432be813f94d8279fe5f2ff00b/element - {"using":"xpath","value":"//table[contains(@id, \"application-ruinventorylist-display-component---Master--tableRuInventoryList-listUl\")]/tbody/tr[1]/td[6]/div/span"}
COMMAND: GET /session/99c1e0432be813f94d8279fe5f2ff00b/screenshot - {}
RESULT: {"using":"xpath","value":"//table[contains(@id, \"application-ruinventorylist-display-component---Master--tableRuInventoryList-listUl\")]/tbody/tr[1]/td[6]/div/span"}
COMMAND: POST /session/99c1e0432be813f94d8279fe5f2ff00b/execute/sync - {"script":"<script> [56 bytes]","args":[{"element-6066-11e4-a52e-4f735466cecf":"f.385D30113BF6ACD9869CE178C0BE29E7.d.F53D608A77FD9DC4DD399FBF48144F6F.e.7905","ELEMENT":"f.385D30113BF6ACD9869CE178C0BE29E7.d.F53D608A77FD9DC4DD399FBF48144F6F.e.7905"}]}
RESULT: {}
RESULT: {"script":"<script> [56 bytes]","args":[{"element-6066-11e4-a52e-4f735466cecf":"f.385D30113BF6ACD9869CE178C0BE29E7.d.F53D608A77FD9DC4DD399FBF48144F6F.e.7905","ELEMENT":"f.385D30113BF6ACD9869CE178C0BE29E7.d.F53D608A77FD9DC4DD399FBF48144F6F.e.7905"}]}
COMMAND: POST /session/99c1e0432be813f94d8279fe5f2ff00b/element - {"using":"xpath","value":"//div[contains(@id, \"smartFilterBar-btnBasicSearch-reset\")]"}
COMMAND: GET /session/99c1e0432be813f94d8279fe5f2ff00b/screenshot - {}
RESULT: {"using":"xpath","value":"//div[contains(@id, \"smartFilterBar-btnBasicSearch-reset\")]"}
COMMAND: POST /session/99c1e0432be813f94d8279fe5f2ff00b/element/f.385D30113BF6ACD9869CE178C0BE29E7.d.F53D608A77FD9DC4DD399FBF48144F6F.e.5699/click - {}
RESULT: {}
RESULT: {}
COMMAND: GET /session/99c1e0432be813f94d8279fe5f2ff00b/screenshot - {}
RESULT: {}
RESULT: undefined
COMMAND: POST /session/99c1e0432be813f94d8279fe5f2ff00b/execute/async - {"script":"<script> [776 bytes]","args":[{"enterText":"200244","selector":{"id":"application-ruinventorylist-display-component---Master--smartFilterBar-btnBasicSearch","interaction":{"idSuffix":"I"}},"clearTextFirst":true,"interactionType":"ENTER_TEXT"}]}
RESULT: {"script":"<script> [776 bytes]","args":[{"enterText":"200244","selector":{"id":"application-ruinventorylist-display-component---Master--smartFilterBar-btnBasicSearch","interaction":{"idSuffix":"I"}},"clearTextFirst":true,"interactionType":"ENTER_TEXT"}]}
COMMAND: POST /session/99c1e0432be813f94d8279fe5f2ff00b/actions - {"actions":[{"id":"action38","type":"key","parameters":{},"actions":[{"type":"keyDown","value":"î€‡"},{"type":"pause","duration":10},{"type":"keyUp","value":"î€‡"}]}]}
RESULT: {"actions":[{"id":"action38","type":"key","parameters":{},"actions":[{"type":"keyDown","value":"î€‡"},{"type":"pause","duration":10},{"type":"keyUp","value":"î€‡"}]}]}
COMMAND: GET /session/99c1e0432be813f94d8279fe5f2ff00b/screenshot - {}
RESULT: {}
COMMAND: POST /session/99c1e0432be813f94d8279fe5f2ff00b/element - {"using":"xpath","value":"//span[@id=\"application-ruinventorylist-display-component---Master--smartTableRuInventoryList-header-inner\"]"}
RESULT: {"using":"xpath","value":"//span[@id=\"application-ruinventorylist-display-component---Master--smartTableRuInventoryList-header-inner\"]"}
COMMAND: POST /session/99c1e0432be813f94d8279fe5f2ff00b/elements - {"using":"xpath","value":"//span[@id=\"application-ruinventorylist-display-component---Master--smartTableRuInventoryList-header-inner\"]"}
RESULT: {"using":"xpath","value":"//span[@id=\"application-ruinventorylist-display-component---Master--smartTableRuInventoryList-header-inner\"]"}
COMMAND: POST /session/99c1e0432be813f94d8279fe5f2ff00b/execute/sync - {"script":"<script> [56 bytes]","args":[{"element-6066-11e4-a52e-4f735466cecf":"f.385D30113BF6ACD9869CE178C0BE29E7.d.F53D608A77FD9DC4DD399FBF48144F6F.e.5683","ELEMENT":"f.385D30113BF6ACD9869CE178C0BE29E7.d.F53D608A77FD9DC4DD399FBF48144F6F.e.5683"}]}
RESULT: {"script":"<script> [56 bytes]","args":[{"element-6066-11e4-a52e-4f735466cecf":"f.385D30113BF6ACD9869CE178C0BE29E7.d.F53D608A77FD9DC4DD399FBF48144F6F.e.5683","ELEMENT":"f.385D30113BF6ACD9869CE178C0BE29E7.d.F53D608A77FD9DC4DD399FBF48144F6F.e.5683"}]}
COMMAND: POST /session/99c1e0432be813f94d8279fe5f2ff00b/element - {"using":"xpath","value":"//table[contains(@id, \"application-ruinventorylist-display-component---Master--tableRuInventoryList-listUl\")]/tbody/tr[1]/td[6]/div/span"}
COMMAND: GET /session/99c1e0432be813f94d8279fe5f2ff00b/screenshot - {}
RESULT: {"using":"xpath","value":"//table[contains(@id, \"application-ruinventorylist-display-component---Master--tableRuInventoryList-listUl\")]/tbody/tr[1]/td[6]/div/span"}
COMMAND: POST /session/99c1e0432be813f94d8279fe5f2ff00b/execute/sync - {"script":"<script> [56 bytes]","args":[{"element-6066-11e4-a52e-4f735466cecf":"f.385D30113BF6ACD9869CE178C0BE29E7.d.F53D608A77FD9DC4DD399FBF48144F6F.e.7997","ELEMENT":"f.385D30113BF6ACD9869CE178C0BE29E7.d.F53D608A77FD9DC4DD399FBF48144F6F.e.7997"}]}
RESULT: {}
RESULT: {"script":"<script> [56 bytes]","args":[{"element-6066-11e4-a52e-4f735466cecf":"f.385D30113BF6ACD9869CE178C0BE29E7.d.F53D608A77FD9DC4DD399FBF48144F6F.e.7997","ELEMENT":"f.385D30113BF6ACD9869CE178C0BE29E7.d.F53D608A77FD9DC4DD399FBF48144F6F.e.7997"}]}
COMMAND: POST /session/99c1e0432be813f94d8279fe5f2ff00b/element - {"using":"xpath","value":"//div[contains(@id, \"smartFilterBar-btnBasicSearch-reset\")]"}
COMMAND: GET /session/99c1e0432be813f94d8279fe5f2ff00b/screenshot - {}
RESULT: {"using":"xpath","value":"//div[contains(@id, \"smartFilterBar-btnBasicSearch-reset\")]"}
COMMAND: POST /session/99c1e0432be813f94d8279fe5f2ff00b/element/f.385D30113BF6ACD9869CE178C0BE29E7.d.F53D608A77FD9DC4DD399FBF48144F6F.e.5699/click - {}
RESULT: {}
RESULT: {}
COMMAND: GET /session/99c1e0432be813f94d8279fe5f2ff00b/screenshot - {}
RESULT: {}
COMMAND: POST /session/99c1e0432be813f94d8279fe5f2ff00b/element - {"using":"css selector","value":"#shell-header-logo"}
RESULT: {"using":"css selector","value":"#shell-header-logo"}
COMMAND: POST /session/99c1e0432be813f94d8279fe5f2ff00b/element/f.385D30113BF6ACD9869CE178C0BE29E7.d.F53D608A77FD9DC4DD399FBF48144F6F.e.4962/click - {}
RESULT: {}
COMMAND: GET /session/99c1e0432be813f94d8279fe5f2ff00b/screenshot - {}
RESULT: {}
COMMAND: DELETE /session/99c1e0432be813f94d8279fe5f2ff00b - {}
RESULT: {}
]]></system-out>
    </testcase>
  </testsuite>
</testsuites>