<?xml version="1.0" encoding="UTF-8"?>
<testsuites tests="21" failures="0" errors="0" skipped="0">
  <testsuite timestamp="2025-06-05T16:56:47" time="343.762" tests="3" failures="0" errors="0" skipped="0">
    <properties>
      <property name="specId" value="0" />
      <property name="suiteName" value="Create condition pricing US117289 US134625" />
      <property name="capabilities" value="chrome.137_0_7151_56.windows" />
      <property name="file" value="file:///D:/a/1/s/test/specs/BTS/create-condition-pricing.spec.js" />
    </properties>
    <testcase classname="chrome.137_0_7151_56.windows.Create_condition_pricing_US117289_US134625" name="Should create a new yard used for all following tests" time="106.619">
      <system-out><![CDATA[
COMMAND: POST /session/9813251e0ae410a7418940dcaaaaf337/window/fullscreen - {}
RESULT: {}
COMMAND: POST /session/9813251e0ae410a7418940dcaaaaf337/execute/async - {"script":"<script> [1562 bytes]","args":[{"selector":{"controlType":"sap.m.GenericTile","properties":{"header":"Manage Yards"}},"wdio_ui5_key":"sapm.GenericTile{\"header\":\"Manage Yards\"}"}]}
RESULT: {"script":"<script> [1562 bytes]","args":[{"selector":{"controlType":"sap.m.GenericTile","properties":{"header":"Manage Yards"}},"wdio_ui5_key":"sapm.GenericTile{\"header\":\"Manage Yards\"}"}]}
RESULT: undefined
COMMAND: POST /session/9813251e0ae410a7418940dcaaaaf337/element - {"using":"xpath","value":"//*[@id=\"__tile41\"]"}
RESULT: {"using":"xpath","value":"//*[@id=\"__tile41\"]"}
COMMAND: POST /session/9813251e0ae410a7418940dcaaaaf337/element/f.6D6192A7F298CA7F9ED2043BE1BC656F.d.529E3580E9835E4686EB93B6564DB3EF.e.159/click - {}
RESULT: {}
COMMAND: GET /session/9813251e0ae410a7418940dcaaaaf337/screenshot - {}
RESULT: {}
COMMAND: POST /session/9813251e0ae410a7418940dcaaaaf337/elements - {"using":"xpath","value":"//span[text()='Error']"}
RESULT: {"using":"xpath","value":"//span[text()='Error']"}
COMMAND: POST /session/9813251e0ae410a7418940dcaaaaf337/element - {"using":"xpath","value":"//button[@data-kt=\"addNewYardOverflowToolbarButton\"]"}
RESULT: {"using":"xpath","value":"//button[@data-kt=\"addNewYardOverflowToolbarButton\"]"}
COMMAND: POST /session/9813251e0ae410a7418940dcaaaaf337/elements - {"using":"xpath","value":"//button[@data-kt=\"addNewYardOverflowToolbarButton\"]"}
RESULT: {"using":"xpath","value":"//button[@data-kt=\"addNewYardOverflowToolbarButton\"]"}
COMMAND: POST /session/9813251e0ae410a7418940dcaaaaf337/execute/sync - {"script":"<script> [8489 bytes]","args":[{"element-6066-11e4-a52e-4f735466cecf":"f.6D6192A7F298CA7F9ED2043BE1BC656F.d.529E3580E9835E4686EB93B6564DB3EF.e.297","ELEMENT":"f.6D6192A7F298CA7F9ED2043BE1BC656F.d.529E3580E9835E4686EB93B6564DB3EF.e.297"}]}
RESULT: {"script":"<script> [8489 bytes]","args":[{"element-6066-11e4-a52e-4f735466cecf":"f.6D6192A7F298CA7F9ED2043BE1BC656F.d.529E3580E9835E4686EB93B6564DB3EF.e.297","ELEMENT":"f.6D6192A7F298CA7F9ED2043BE1BC656F.d.529E3580E9835E4686EB93B6564DB3EF.e.297"}]}
COMMAND: GET /session/9813251e0ae410a7418940dcaaaaf337/element/f.6D6192A7F298CA7F9ED2043BE1BC656F.d.529E3580E9835E4686EB93B6564DB3EF.e.297/enabled - {}
COMMAND: GET /session/9813251e0ae410a7418940dcaaaaf337/screenshot - {}
RESULT: {}
COMMAND: POST /session/9813251e0ae410a7418940dcaaaaf337/execute/sync - {"script":"<script> [8489 bytes]","args":[{"element-6066-11e4-a52e-4f735466cecf":"f.6D6192A7F298CA7F9ED2043BE1BC656F.d.529E3580E9835E4686EB93B6564DB3EF.e.297","ELEMENT":"f.6D6192A7F298CA7F9ED2043BE1BC656F.d.529E3580E9835E4686EB93B6564DB3EF.e.297"}]}
COMMAND: GET /session/9813251e0ae410a7418940dcaaaaf337/screenshot - {}
RESULT: {}
RESULT: {"script":"<script> [8489 bytes]","args":[{"element-6066-11e4-a52e-4f735466cecf":"f.6D6192A7F298CA7F9ED2043BE1BC656F.d.529E3580E9835E4686EB93B6564DB3EF.e.297","ELEMENT":"f.6D6192A7F298CA7F9ED2043BE1BC656F.d.529E3580E9835E4686EB93B6564DB3EF.e.297"}]}
COMMAND: POST /session/9813251e0ae410a7418940dcaaaaf337/execute/sync - {"script":"<script> [5351 bytes]","args":[{"element-6066-11e4-a52e-4f735466cecf":"f.6D6192A7F298CA7F9ED2043BE1BC656F.d.529E3580E9835E4686EB93B6564DB3EF.e.297","ELEMENT":"f.6D6192A7F298CA7F9ED2043BE1BC656F.d.529E3580E9835E4686EB93B6564DB3EF.e.297"}]}
COMMAND: GET /session/9813251e0ae410a7418940dcaaaaf337/screenshot - {}
RESULT: {}
RESULT: {"script":"<script> [5351 bytes]","args":[{"element-6066-11e4-a52e-4f735466cecf":"f.6D6192A7F298CA7F9ED2043BE1BC656F.d.529E3580E9835E4686EB93B6564DB3EF.e.297","ELEMENT":"f.6D6192A7F298CA7F9ED2043BE1BC656F.d.529E3580E9835E4686EB93B6564DB3EF.e.297"}]}
COMMAND: POST /session/9813251e0ae410a7418940dcaaaaf337/element/f.6D6192A7F298CA7F9ED2043BE1BC656F.d.529E3580E9835E4686EB93B6564DB3EF.e.297/click - {}
COMMAND: GET /session/9813251e0ae410a7418940dcaaaaf337/screenshot - {}
RESULT: {}
RESULT: {}
COMMAND: GET /session/9813251e0ae410a7418940dcaaaaf337/screenshot - {}
RESULT: {}
RESULT: {}
COMMAND: POST /session/9813251e0ae410a7418940dcaaaaf337/element - {"using":"xpath","value":"//input[@id=\"application-manageyards-display-component---NewYard--yardId-inner\"]"}
RESULT: {"using":"xpath","value":"//input[@id=\"application-manageyards-display-component---NewYard--yardId-inner\"]"}
COMMAND: POST /session/9813251e0ae410a7418940dcaaaaf337/element - {"using":"xpath","value":"//input[@id=\"application-manageyards-display-component---NewYard--yardId-inner\"]"}
RESULT: {"using":"xpath","value":"//input[@id=\"application-manageyards-display-component---NewYard--yardId-inner\"]"}
COMMAND: POST /session/9813251e0ae410a7418940dcaaaaf337/execute/async - {"script":"<script> [1562 bytes]","args":[{"selector":{"id":"application-manageyards-display-component---NewYard--addressDetailDetailsName1","interaction":{"idSuffix":"inner"}},"wdio_ui5_key":"applicationmanageyards-display-component---NewYard--addressDetailDetailsName1"}]}
RESULT: {"script":"<script> [1562 bytes]","args":[{"selector":{"id":"application-manageyards-display-component---NewYard--addressDetailDetailsName1","interaction":{"idSuffix":"inner"}},"wdio_ui5_key":"applicationmanageyards-display-component---NewYard--addressDetailDetailsName1"}]}
RESULT: undefined
COMMAND: POST /session/9813251e0ae410a7418940dcaaaaf337/execute/async - {"script":"<script> [776 bytes]","args":[{"enterText":"DailyPrice WDIO","selector":{"id":"application-manageyards-display-component---NewYard--addressDetailDetailsName1","interaction":{"idSuffix":"inner"}},"clearTextFirst":true,"interactionType":"ENTER_TEXT"}]}
RESULT: {"script":"<script> [776 bytes]","args":[{"enterText":"DailyPrice WDIO","selector":{"id":"application-manageyards-display-component---NewYard--addressDetailDetailsName1","interaction":{"idSuffix":"inner"}},"clearTextFirst":true,"interactionType":"ENTER_TEXT"}]}
COMMAND: POST /session/9813251e0ae410a7418940dcaaaaf337/execute/async - {"script":"<script> [1562 bytes]","args":[{"selector":{"id":"application-manageyards-display-component---NewYard--addressDetailDetailsLanguage-arrow"},"wdio_ui5_key":"applicationmanageyards-display-component---NewYard--addressDetailDetailsLanguage-arrow"}]}
RESULT: {"script":"<script> [1562 bytes]","args":[{"selector":{"id":"application-manageyards-display-component---NewYard--addressDetailDetailsLanguage-arrow"},"wdio_ui5_key":"applicationmanageyards-display-component---NewYard--addressDetailDetailsLanguage-arrow"}]}
RESULT: undefined
COMMAND: POST /session/9813251e0ae410a7418940dcaaaaf337/element - {"using":"xpath","value":"//*[@id=\"application-manageyards-display-component---NewYard--addressDetailDetailsLanguage-arrow\"]"}
RESULT: {"using":"xpath","value":"//*[@id=\"application-manageyards-display-component---NewYard--addressDetailDetailsLanguage-arrow\"]"}
COMMAND: POST /session/9813251e0ae410a7418940dcaaaaf337/element/f.6D6192A7F298CA7F9ED2043BE1BC656F.d.529E3580E9835E4686EB93B6564DB3EF.e.725/click - {}
RESULT: {}
COMMAND: POST /session/9813251e0ae410a7418940dcaaaaf337/element - {"using":"xpath","value":"//span[contains(text(), \"English\")]"}
COMMAND: GET /session/9813251e0ae410a7418940dcaaaaf337/screenshot - {}
RESULT: {"using":"xpath","value":"//span[contains(text(), \"English\")]"}
COMMAND: POST /session/9813251e0ae410a7418940dcaaaaf337/element/f.6D6192A7F298CA7F9ED2043BE1BC656F.d.529E3580E9835E4686EB93B6564DB3EF.e.726/click - {}
RESULT: {}
RESULT: {}
COMMAND: POST /session/9813251e0ae410a7418940dcaaaaf337/execute/async - {"script":"<script> [1562 bytes]","args":[{"selector":{"id":"application-manageyards-display-component---NewYard--addressDetailDetailsCity1","interaction":{"idSuffix":"inner"}},"wdio_ui5_key":"applicationmanageyards-display-component---NewYard--addressDetailDetailsCity1"}]}
COMMAND: GET /session/9813251e0ae410a7418940dcaaaaf337/screenshot - {}
RESULT: {"script":"<script> [1562 bytes]","args":[{"selector":{"id":"application-manageyards-display-component---NewYard--addressDetailDetailsCity1","interaction":{"idSuffix":"inner"}},"wdio_ui5_key":"applicationmanageyards-display-component---NewYard--addressDetailDetailsCity1"}]}
RESULT: undefined
COMMAND: POST /session/9813251e0ae410a7418940dcaaaaf337/execute/async - {"script":"<script> [776 bytes]","args":[{"enterText":"Rosario","selector":{"id":"application-manageyards-display-component---NewYard--addressDetailDetailsCity1","interaction":{"idSuffix":"inner"}},"clearTextFirst":true,"interactionType":"ENTER_TEXT"}]}
RESULT: {}
RESULT: {"script":"<script> [776 bytes]","args":[{"enterText":"Rosario","selector":{"id":"application-manageyards-display-component---NewYard--addressDetailDetailsCity1","interaction":{"idSuffix":"inner"}},"clearTextFirst":true,"interactionType":"ENTER_TEXT"}]}
COMMAND: POST /session/9813251e0ae410a7418940dcaaaaf337/execute/async - {"script":"<script> [1562 bytes]","args":[{"selector":{"id":"application-manageyards-display-component---NewYard--addressDetailDetailsCountry-arrow"},"wdio_ui5_key":"applicationmanageyards-display-component---NewYard--addressDetailDetailsCountry-arrow"}]}
RESULT: {"script":"<script> [1562 bytes]","args":[{"selector":{"id":"application-manageyards-display-component---NewYard--addressDetailDetailsCountry-arrow"},"wdio_ui5_key":"applicationmanageyards-display-component---NewYard--addressDetailDetailsCountry-arrow"}]}
RESULT: undefined
COMMAND: POST /session/9813251e0ae410a7418940dcaaaaf337/element - {"using":"xpath","value":"//*[@id=\"application-manageyards-display-component---NewYard--addressDetailDetailsCountry-arrow\"]"}
RESULT: {"using":"xpath","value":"//*[@id=\"application-manageyards-display-component---NewYard--addressDetailDetailsCountry-arrow\"]"}
COMMAND: POST /session/9813251e0ae410a7418940dcaaaaf337/element/f.6D6192A7F298CA7F9ED2043BE1BC656F.d.529E3580E9835E4686EB93B6564DB3EF.e.728/click - {}
RESULT: {}
COMMAND: POST /session/9813251e0ae410a7418940dcaaaaf337/element - {"using":"xpath","value":"//span[contains(text(), \"Argentina\")]"}
COMMAND: GET /session/9813251e0ae410a7418940dcaaaaf337/screenshot - {}
RESULT: {"using":"xpath","value":"//span[contains(text(), \"Argentina\")]"}
COMMAND: POST /session/9813251e0ae410a7418940dcaaaaf337/element/f.6D6192A7F298CA7F9ED2043BE1BC656F.d.529E3580E9835E4686EB93B6564DB3EF.e.729/click - {}
RESULT: {}
RESULT: {}
COMMAND: POST /session/9813251e0ae410a7418940dcaaaaf337/execute/async - {"script":"<script> [1562 bytes]","args":[{"selector":{"id":"application-manageyards-display-component---NewYard--addressEditDetailsCostObjectCstType-arrow"},"wdio_ui5_key":"applicationmanageyards-display-component---NewYard--addressEditDetailsCostObjectCstType-arrow"}]}
COMMAND: GET /session/9813251e0ae410a7418940dcaaaaf337/screenshot - {}
RESULT: {"script":"<script> [1562 bytes]","args":[{"selector":{"id":"application-manageyards-display-component---NewYard--addressEditDetailsCostObjectCstType-arrow"},"wdio_ui5_key":"applicationmanageyards-display-component---NewYard--addressEditDetailsCostObjectCstType-arrow"}]}
RESULT: undefined
COMMAND: POST /session/9813251e0ae410a7418940dcaaaaf337/element - {"using":"xpath","value":"//*[@id=\"application-manageyards-display-component---NewYard--addressEditDetailsCostObjectCstType-arrow\"]"}
RESULT: {}
RESULT: {"using":"xpath","value":"//*[@id=\"application-manageyards-display-component---NewYard--addressEditDetailsCostObjectCstType-arrow\"]"}
COMMAND: POST /session/9813251e0ae410a7418940dcaaaaf337/element/f.6D6192A7F298CA7F9ED2043BE1BC656F.d.529E3580E9835E4686EB93B6564DB3EF.e.731/click - {}
RESULT: {}
COMMAND: POST /session/9813251e0ae410a7418940dcaaaaf337/element - {"using":"xpath","value":"//span[contains(text(), \"Cost Center\")]"}
COMMAND: GET /session/9813251e0ae410a7418940dcaaaaf337/screenshot - {}
RESULT: {"using":"xpath","value":"//span[contains(text(), \"Cost Center\")]"}
COMMAND: POST /session/9813251e0ae410a7418940dcaaaaf337/element/f.6D6192A7F298CA7F9ED2043BE1BC656F.d.529E3580E9835E4686EB93B6564DB3EF.e.732/click - {}
RESULT: {}
RESULT: {}
COMMAND: GET /session/9813251e0ae410a7418940dcaaaaf337/screenshot - {}
RESULT: {}
COMMAND: POST /session/9813251e0ae410a7418940dcaaaaf337/element - {"using":"xpath","value":"//span[@id=\"application-manageyards-display-component---NewYard--addressNewCostObjectCstID-vhi\"]"}
RESULT: {"using":"xpath","value":"//span[@id=\"application-manageyards-display-component---NewYard--addressNewCostObjectCstID-vhi\"]"}
COMMAND: POST /session/9813251e0ae410a7418940dcaaaaf337/execute/sync - {"script":"<script> [8489 bytes]","args":[{"element-6066-11e4-a52e-4f735466cecf":"f.6D6192A7F298CA7F9ED2043BE1BC656F.d.529E3580E9835E4686EB93B6564DB3EF.e.736","ELEMENT":"f.6D6192A7F298CA7F9ED2043BE1BC656F.d.529E3580E9835E4686EB93B6564DB3EF.e.736"}]}
RESULT: {"script":"<script> [8489 bytes]","args":[{"element-6066-11e4-a52e-4f735466cecf":"f.6D6192A7F298CA7F9ED2043BE1BC656F.d.529E3580E9835E4686EB93B6564DB3EF.e.736","ELEMENT":"f.6D6192A7F298CA7F9ED2043BE1BC656F.d.529E3580E9835E4686EB93B6564DB3EF.e.736"}]}
COMMAND: POST /session/9813251e0ae410a7418940dcaaaaf337/execute/async - {"script":"<script> [1562 bytes]","args":[{"selector":{"id":"application-manageyards-display-component---NewYard--addressNewCostObjectCstID-vhi"},"wdio_ui5_key":"applicationmanageyards-display-component---NewYard--addressNewCostObjectCstID-vhi"}]}
COMMAND: GET /session/9813251e0ae410a7418940dcaaaaf337/screenshot - {}
RESULT: {"script":"<script> [1562 bytes]","args":[{"selector":{"id":"application-manageyards-display-component---NewYard--addressNewCostObjectCstID-vhi"},"wdio_ui5_key":"applicationmanageyards-display-component---NewYard--addressNewCostObjectCstID-vhi"}]}
RESULT: undefined
COMMAND: POST /session/9813251e0ae410a7418940dcaaaaf337/element - {"using":"xpath","value":"//*[@id=\"application-manageyards-display-component---NewYard--addressNewCostObjectCstID-vhi\"]"}
RESULT: {}
RESULT: {"using":"xpath","value":"//*[@id=\"application-manageyards-display-component---NewYard--addressNewCostObjectCstID-vhi\"]"}
COMMAND: POST /session/9813251e0ae410a7418940dcaaaaf337/element/f.6D6192A7F298CA7F9ED2043BE1BC656F.d.529E3580E9835E4686EB93B6564DB3EF.e.736/click - {}
RESULT: {}
COMMAND: GET /session/9813251e0ae410a7418940dcaaaaf337/screenshot - {}
RESULT: {}
COMMAND: POST /session/9813251e0ae410a7418940dcaaaaf337/execute/async - {"script":"<script> [1562 bytes]","args":[{"selector":{"controlType":"sap.m.SearchField","properties":{"placeholder":"Search"},"searchOpenDialogs":true,"interaction":{"idSuffix":"I"}},"wdio_ui5_key":"sapm.SearchField{\"placeholder\":\"Search\"}"}]}
RESULT: {"script":"<script> [1562 bytes]","args":[{"selector":{"controlType":"sap.m.SearchField","properties":{"placeholder":"Search"},"searchOpenDialogs":true,"interaction":{"idSuffix":"I"}},"wdio_ui5_key":"sapm.SearchField{\"placeholder\":\"Search\"}"}]}
RESULT: undefined
COMMAND: POST /session/9813251e0ae410a7418940dcaaaaf337/execute/async - {"script":"<script> [776 bytes]","args":[{"enterText":"bauh_b","selector":{"controlType":"sap.m.SearchField","properties":{"placeholder":"Search"},"searchOpenDialogs":true,"interaction":{"idSuffix":"I"}},"clearTextFirst":true,"interactionType":"ENTER_TEXT"}]}
RESULT: {"script":"<script> [776 bytes]","args":[{"enterText":"bauh_b","selector":{"controlType":"sap.m.SearchField","properties":{"placeholder":"Search"},"searchOpenDialogs":true,"interaction":{"idSuffix":"I"}},"clearTextFirst":true,"interactionType":"ENTER_TEXT"}]}
COMMAND: POST /session/9813251e0ae410a7418940dcaaaaf337/actions - {"actions":[{"id":"action1","type":"key","parameters":{},"actions":[{"type":"keyDown","value":"î€‡"},{"type":"pause","duration":10},{"type":"keyUp","value":"î€‡"}]}]}
RESULT: {"actions":[{"id":"action1","type":"key","parameters":{},"actions":[{"type":"keyDown","value":"î€‡"},{"type":"pause","duration":10},{"type":"keyUp","value":"î€‡"}]}]}
COMMAND: GET /session/9813251e0ae410a7418940dcaaaaf337/screenshot - {}
RESULT: {}
COMMAND: POST /session/9813251e0ae410a7418940dcaaaaf337/element - {"using":"xpath","value":"//span[contains(text(), \"Demo Yard\")]"}
RESULT: {"using":"xpath","value":"//span[contains(text(), \"Demo Yard\")]"}
COMMAND: POST /session/9813251e0ae410a7418940dcaaaaf337/element/f.6D6192A7F298CA7F9ED2043BE1BC656F.d.529E3580E9835E4686EB93B6564DB3EF.e.777/click - {}
RESULT: {}
COMMAND: GET /session/9813251e0ae410a7418940dcaaaaf337/screenshot - {}
RESULT: {}
COMMAND: POST /session/9813251e0ae410a7418940dcaaaaf337/element - {"using":"xpath","value":"//bdi[contains(text(), \"OK\")]"}
RESULT: {"using":"xpath","value":"//bdi[contains(text(), \"OK\")]"}
COMMAND: POST /session/9813251e0ae410a7418940dcaaaaf337/element/f.6D6192A7F298CA7F9ED2043BE1BC656F.d.529E3580E9835E4686EB93B6564DB3EF.e.778/click - {}
RESULT: {}
COMMAND: GET /session/9813251e0ae410a7418940dcaaaaf337/screenshot - {}
RESULT: {}
COMMAND: POST /session/9813251e0ae410a7418940dcaaaaf337/execute/async - {"script":"<script> [1562 bytes]","args":[{"selector":{"id":"application-manageyards-display-component---NewYard--addressEditDetailsCurrency-arrow"},"wdio_ui5_key":"applicationmanageyards-display-component---NewYard--addressEditDetailsCurrency-arrow"}]}
RESULT: {"script":"<script> [1562 bytes]","args":[{"selector":{"id":"application-manageyards-display-component---NewYard--addressEditDetailsCurrency-arrow"},"wdio_ui5_key":"applicationmanageyards-display-component---NewYard--addressEditDetailsCurrency-arrow"}]}
RESULT: undefined
COMMAND: POST /session/9813251e0ae410a7418940dcaaaaf337/element - {"using":"xpath","value":"//*[@id=\"application-manageyards-display-component---NewYard--addressEditDetailsCurrency-arrow\"]"}
RESULT: {"using":"xpath","value":"//*[@id=\"application-manageyards-display-component---NewYard--addressEditDetailsCurrency-arrow\"]"}
COMMAND: POST /session/9813251e0ae410a7418940dcaaaaf337/element/f.6D6192A7F298CA7F9ED2043BE1BC656F.d.529E3580E9835E4686EB93B6564DB3EF.e.781/click - {}
RESULT: {}
COMMAND: POST /session/9813251e0ae410a7418940dcaaaaf337/element - {"using":"xpath","value":"//span[contains(text(), \"Euro\")]"}
COMMAND: GET /session/9813251e0ae410a7418940dcaaaaf337/screenshot - {}
RESULT: {"using":"xpath","value":"//span[contains(text(), \"Euro\")]"}
COMMAND: POST /session/9813251e0ae410a7418940dcaaaaf337/element/f.6D6192A7F298CA7F9ED2043BE1BC656F.d.529E3580E9835E4686EB93B6564DB3EF.e.782/click - {}
RESULT: {}
RESULT: {}
COMMAND: POST /session/9813251e0ae410a7418940dcaaaaf337/execute/async - {"script":"<script> [1562 bytes]","args":[{"selector":{"controlType":"sap.m.Input","viewName":"etm.portal.ui.manageyards.view.New","viewId":"application-manageyards-display-component---NewYard","bindingPath":{"path":"","propertyPath":"/CONTROLLING_AREA","modelName":"NewYardModel"},"interaction":{"idSuffix":"inner"}},"wdio_ui5_key":"etmportal.ui.manageyards.view.Newsap.m.Input{\"path\":\"\",\"propertyPath\":\"/CONTROLLING_AREA\",\"modelName\":\"NewYardModel\"}"}]}
COMMAND: GET /session/9813251e0ae410a7418940dcaaaaf337/screenshot - {}
RESULT: {"script":"<script> [1562 bytes]","args":[{"selector":{"controlType":"sap.m.Input","viewName":"etm.portal.ui.manageyards.view.New","viewId":"application-manageyards-display-component---NewYard","bindingPath":{"path":"","propertyPath":"/CONTROLLING_AREA","modelName":"NewYardModel"},"interaction":{"idSuffix":"inner"}},"wdio_ui5_key":"etmportal.ui.manageyards.view.Newsap.m.Input{\"path\":\"\",\"propertyPath\":\"/CONTROLLING_AREA\",\"modelName\":\"NewYardModel\"}"}]}
RESULT: undefined
COMMAND: POST /session/9813251e0ae410a7418940dcaaaaf337/execute/async - {"script":"<script> [776 bytes]","args":[{"enterText":"Z001","selector":{"controlType":"sap.m.Input","viewName":"etm.portal.ui.manageyards.view.New","viewId":"application-manageyards-display-component---NewYard","bindingPath":{"path":"","propertyPath":"/CONTROLLING_AREA","modelName":"NewYardModel"},"interaction":{"idSuffix":"inner"}},"clearTextFirst":true,"interactionType":"ENTER_TEXT"}]}
RESULT: {}
RESULT: {"script":"<script> [776 bytes]","args":[{"enterText":"Z001","selector":{"controlType":"sap.m.Input","viewName":"etm.portal.ui.manageyards.view.New","viewId":"application-manageyards-display-component---NewYard","bindingPath":{"path":"","propertyPath":"/CONTROLLING_AREA","modelName":"NewYardModel"},"interaction":{"idSuffix":"inner"}},"clearTextFirst":true,"interactionType":"ENTER_TEXT"}]}
COMMAND: POST /session/9813251e0ae410a7418940dcaaaaf337/execute/async - {"script":"<script> [1562 bytes]","args":[{"selector":{"id":"application-manageyards-display-component---NewYard--companyCodeComboBox","interaction":{"idSuffix":"inner"}},"wdio_ui5_key":"applicationmanageyards-display-component---NewYard--companyCodeComboBox"}]}
RESULT: {"script":"<script> [1562 bytes]","args":[{"selector":{"id":"application-manageyards-display-component---NewYard--companyCodeComboBox","interaction":{"idSuffix":"inner"}},"wdio_ui5_key":"applicationmanageyards-display-component---NewYard--companyCodeComboBox"}]}
RESULT: undefined
COMMAND: POST /session/9813251e0ae410a7418940dcaaaaf337/execute/async - {"script":"<script> [776 bytes]","args":[{"enterText":"1000","selector":{"id":"application-manageyards-display-component---NewYard--companyCodeComboBox","interaction":{"idSuffix":"inner"}},"clearTextFirst":true,"interactionType":"ENTER_TEXT"}]}
RESULT: {"script":"<script> [776 bytes]","args":[{"enterText":"1000","selector":{"id":"application-manageyards-display-component---NewYard--companyCodeComboBox","interaction":{"idSuffix":"inner"}},"clearTextFirst":true,"interactionType":"ENTER_TEXT"}]}
COMMAND: POST /session/9813251e0ae410a7418940dcaaaaf337/execute/async - {"script":"<script> [1562 bytes]","args":[{"selector":{"controlType":"sap.m.Input","viewName":"etm.portal.ui.manageyards.view.New","viewId":"application-manageyards-display-component---NewYard","bindingPath":{"path":"","propertyPath":"/PLANT","modelName":"NewYardModel"},"interaction":{"idSuffix":"inner"}},"wdio_ui5_key":"etmportal.ui.manageyards.view.Newsap.m.Input{\"path\":\"\",\"propertyPath\":\"/PLANT\",\"modelName\":\"NewYardModel\"}"}]}
RESULT: {"script":"<script> [1562 bytes]","args":[{"selector":{"controlType":"sap.m.Input","viewName":"etm.portal.ui.manageyards.view.New","viewId":"application-manageyards-display-component---NewYard","bindingPath":{"path":"","propertyPath":"/PLANT","modelName":"NewYardModel"},"interaction":{"idSuffix":"inner"}},"wdio_ui5_key":"etmportal.ui.manageyards.view.Newsap.m.Input{\"path\":\"\",\"propertyPath\":\"/PLANT\",\"modelName\":\"NewYardModel\"}"}]}
RESULT: undefined
COMMAND: POST /session/9813251e0ae410a7418940dcaaaaf337/execute/async - {"script":"<script> [776 bytes]","args":[{"enterText":"1001","selector":{"controlType":"sap.m.Input","viewName":"etm.portal.ui.manageyards.view.New","viewId":"application-manageyards-display-component---NewYard","bindingPath":{"path":"","propertyPath":"/PLANT","modelName":"NewYardModel"},"interaction":{"idSuffix":"inner"}},"clearTextFirst":true,"interactionType":"ENTER_TEXT"}]}
RESULT: {"script":"<script> [776 bytes]","args":[{"enterText":"1001","selector":{"controlType":"sap.m.Input","viewName":"etm.portal.ui.manageyards.view.New","viewId":"application-manageyards-display-component---NewYard","bindingPath":{"path":"","propertyPath":"/PLANT","modelName":"NewYardModel"},"interaction":{"idSuffix":"inner"}},"clearTextFirst":true,"interactionType":"ENTER_TEXT"}]}
COMMAND: POST /session/9813251e0ae410a7418940dcaaaaf337/execute/async - {"script":"<script> [1562 bytes]","args":[{"selector":{"controlType":"sap.m.Input","viewName":"etm.portal.ui.manageyards.view.New","viewId":"application-manageyards-display-component---NewYard","bindingPath":{"path":"","propertyPath":"/SALES_AREA_VKORG","modelName":"NewYardModel"},"interaction":{"idSuffix":"inner"}},"wdio_ui5_key":"etmportal.ui.manageyards.view.Newsap.m.Input{\"path\":\"\",\"propertyPath\":\"/SALES_AREA_VKORG\",\"modelName\":\"NewYardModel\"}"}]}
RESULT: {"script":"<script> [1562 bytes]","args":[{"selector":{"controlType":"sap.m.Input","viewName":"etm.portal.ui.manageyards.view.New","viewId":"application-manageyards-display-component---NewYard","bindingPath":{"path":"","propertyPath":"/SALES_AREA_VKORG","modelName":"NewYardModel"},"interaction":{"idSuffix":"inner"}},"wdio_ui5_key":"etmportal.ui.manageyards.view.Newsap.m.Input{\"path\":\"\",\"propertyPath\":\"/SALES_AREA_VKORG\",\"modelName\":\"NewYardModel\"}"}]}
RESULT: undefined
COMMAND: POST /session/9813251e0ae410a7418940dcaaaaf337/execute/async - {"script":"<script> [776 bytes]","args":[{"enterText":"C002","selector":{"controlType":"sap.m.Input","viewName":"etm.portal.ui.manageyards.view.New","viewId":"application-manageyards-display-component---NewYard","bindingPath":{"path":"","propertyPath":"/SALES_AREA_VKORG","modelName":"NewYardModel"},"interaction":{"idSuffix":"inner"}},"clearTextFirst":true,"interactionType":"ENTER_TEXT"}]}
RESULT: {"script":"<script> [776 bytes]","args":[{"enterText":"C002","selector":{"controlType":"sap.m.Input","viewName":"etm.portal.ui.manageyards.view.New","viewId":"application-manageyards-display-component---NewYard","bindingPath":{"path":"","propertyPath":"/SALES_AREA_VKORG","modelName":"NewYardModel"},"interaction":{"idSuffix":"inner"}},"clearTextFirst":true,"interactionType":"ENTER_TEXT"}]}
COMMAND: POST /session/9813251e0ae410a7418940dcaaaaf337/execute/async - {"script":"<script> [1562 bytes]","args":[{"selector":{"controlType":"sap.m.Input","viewName":"etm.portal.ui.manageyards.view.New","viewId":"application-manageyards-display-component---NewYard","bindingPath":{"path":"","propertyPath":"/SALES_AREA_VTWEG","modelName":"NewYardModel"},"interaction":{"idSuffix":"inner"}},"wdio_ui5_key":"etmportal.ui.manageyards.view.Newsap.m.Input{\"path\":\"\",\"propertyPath\":\"/SALES_AREA_VTWEG\",\"modelName\":\"NewYardModel\"}"}]}
RESULT: {"script":"<script> [1562 bytes]","args":[{"selector":{"controlType":"sap.m.Input","viewName":"etm.portal.ui.manageyards.view.New","viewId":"application-manageyards-display-component---NewYard","bindingPath":{"path":"","propertyPath":"/SALES_AREA_VTWEG","modelName":"NewYardModel"},"interaction":{"idSuffix":"inner"}},"wdio_ui5_key":"etmportal.ui.manageyards.view.Newsap.m.Input{\"path\":\"\",\"propertyPath\":\"/SALES_AREA_VTWEG\",\"modelName\":\"NewYardModel\"}"}]}
RESULT: undefined
COMMAND: POST /session/9813251e0ae410a7418940dcaaaaf337/execute/async - {"script":"<script> [776 bytes]","args":[{"enterText":"C2","selector":{"controlType":"sap.m.Input","viewName":"etm.portal.ui.manageyards.view.New","viewId":"application-manageyards-display-component---NewYard","bindingPath":{"path":"","propertyPath":"/SALES_AREA_VTWEG","modelName":"NewYardModel"},"interaction":{"idSuffix":"inner"}},"clearTextFirst":true,"interactionType":"ENTER_TEXT"}]}
RESULT: {"script":"<script> [776 bytes]","args":[{"enterText":"C2","selector":{"controlType":"sap.m.Input","viewName":"etm.portal.ui.manageyards.view.New","viewId":"application-manageyards-display-component---NewYard","bindingPath":{"path":"","propertyPath":"/SALES_AREA_VTWEG","modelName":"NewYardModel"},"interaction":{"idSuffix":"inner"}},"clearTextFirst":true,"interactionType":"ENTER_TEXT"}]}
COMMAND: POST /session/9813251e0ae410a7418940dcaaaaf337/execute/async - {"script":"<script> [1562 bytes]","args":[{"selector":{"controlType":"sap.m.Input","viewName":"etm.portal.ui.manageyards.view.New","viewId":"application-manageyards-display-component---NewYard","bindingPath":{"path":"","propertyPath":"/SALES_AREA_SPART","modelName":"NewYardModel"},"interaction":{"idSuffix":"inner"}},"wdio_ui5_key":"etmportal.ui.manageyards.view.Newsap.m.Input{\"path\":\"\",\"propertyPath\":\"/SALES_AREA_SPART\",\"modelName\":\"NewYardModel\"}"}]}
RESULT: {"script":"<script> [1562 bytes]","args":[{"selector":{"controlType":"sap.m.Input","viewName":"etm.portal.ui.manageyards.view.New","viewId":"application-manageyards-display-component---NewYard","bindingPath":{"path":"","propertyPath":"/SALES_AREA_SPART","modelName":"NewYardModel"},"interaction":{"idSuffix":"inner"}},"wdio_ui5_key":"etmportal.ui.manageyards.view.Newsap.m.Input{\"path\":\"\",\"propertyPath\":\"/SALES_AREA_SPART\",\"modelName\":\"NewYardModel\"}"}]}
RESULT: undefined
COMMAND: POST /session/9813251e0ae410a7418940dcaaaaf337/execute/async - {"script":"<script> [776 bytes]","args":[{"enterText":"C2","selector":{"controlType":"sap.m.Input","viewName":"etm.portal.ui.manageyards.view.New","viewId":"application-manageyards-display-component---NewYard","bindingPath":{"path":"","propertyPath":"/SALES_AREA_SPART","modelName":"NewYardModel"},"interaction":{"idSuffix":"inner"}},"clearTextFirst":true,"interactionType":"ENTER_TEXT"}]}
RESULT: {"script":"<script> [776 bytes]","args":[{"enterText":"C2","selector":{"controlType":"sap.m.Input","viewName":"etm.portal.ui.manageyards.view.New","viewId":"application-manageyards-display-component---NewYard","bindingPath":{"path":"","propertyPath":"/SALES_AREA_SPART","modelName":"NewYardModel"},"interaction":{"idSuffix":"inner"}},"clearTextFirst":true,"interactionType":"ENTER_TEXT"}]}
COMMAND: POST /session/9813251e0ae410a7418940dcaaaaf337/execute/async - {"script":"<script> [1562 bytes]","args":[{"selector":{"controlType":"sap.m.Input","viewName":"etm.portal.ui.manageyards.view.New","viewId":"application-manageyards-display-component---NewYard","bindingPath":{"path":"","propertyPath":"/SHIP_POINT","modelName":"NewYardModel"},"interaction":{"idSuffix":"inner"}},"wdio_ui5_key":"etmportal.ui.manageyards.view.Newsap.m.Input{\"path\":\"\",\"propertyPath\":\"/SHIP_POINT\",\"modelName\":\"NewYardModel\"}"}]}
RESULT: {"script":"<script> [1562 bytes]","args":[{"selector":{"controlType":"sap.m.Input","viewName":"etm.portal.ui.manageyards.view.New","viewId":"application-manageyards-display-component---NewYard","bindingPath":{"path":"","propertyPath":"/SHIP_POINT","modelName":"NewYardModel"},"interaction":{"idSuffix":"inner"}},"wdio_ui5_key":"etmportal.ui.manageyards.view.Newsap.m.Input{\"path\":\"\",\"propertyPath\":\"/SHIP_POINT\",\"modelName\":\"NewYardModel\"}"}]}
RESULT: undefined
COMMAND: POST /session/9813251e0ae410a7418940dcaaaaf337/execute/async - {"script":"<script> [776 bytes]","args":[{"enterText":"1710","selector":{"controlType":"sap.m.Input","viewName":"etm.portal.ui.manageyards.view.New","viewId":"application-manageyards-display-component---NewYard","bindingPath":{"path":"","propertyPath":"/SHIP_POINT","modelName":"NewYardModel"},"interaction":{"idSuffix":"inner"}},"clearTextFirst":true,"interactionType":"ENTER_TEXT"}]}
RESULT: {"script":"<script> [776 bytes]","args":[{"enterText":"1710","selector":{"controlType":"sap.m.Input","viewName":"etm.portal.ui.manageyards.view.New","viewId":"application-manageyards-display-component---NewYard","bindingPath":{"path":"","propertyPath":"/SHIP_POINT","modelName":"NewYardModel"},"interaction":{"idSuffix":"inner"}},"clearTextFirst":true,"interactionType":"ENTER_TEXT"}]}
COMMAND: POST /session/9813251e0ae410a7418940dcaaaaf337/execute/async - {"script":"<script> [1562 bytes]","args":[{"selector":{"controlType":"sap.m.Input","viewName":"etm.portal.ui.manageyards.view.New","viewId":"application-manageyards-display-component---NewYard","bindingPath":{"path":"","propertyPath":"/DELIVERY_TYPE","modelName":"NewYardModel"},"interaction":{"idSuffix":"inner"}},"wdio_ui5_key":"etmportal.ui.manageyards.view.Newsap.m.Input{\"path\":\"\",\"propertyPath\":\"/DELIVERY_TYPE\",\"modelName\":\"NewYardModel\"}"}]}
RESULT: {"script":"<script> [1562 bytes]","args":[{"selector":{"controlType":"sap.m.Input","viewName":"etm.portal.ui.manageyards.view.New","viewId":"application-manageyards-display-component---NewYard","bindingPath":{"path":"","propertyPath":"/DELIVERY_TYPE","modelName":"NewYardModel"},"interaction":{"idSuffix":"inner"}},"wdio_ui5_key":"etmportal.ui.manageyards.view.Newsap.m.Input{\"path\":\"\",\"propertyPath\":\"/DELIVERY_TYPE\",\"modelName\":\"NewYardModel\"}"}]}
RESULT: undefined
COMMAND: POST /session/9813251e0ae410a7418940dcaaaaf337/execute/async - {"script":"<script> [776 bytes]","args":[{"enterText":"ZL01","selector":{"controlType":"sap.m.Input","viewName":"etm.portal.ui.manageyards.view.New","viewId":"application-manageyards-display-component---NewYard","bindingPath":{"path":"","propertyPath":"/DELIVERY_TYPE","modelName":"NewYardModel"},"interaction":{"idSuffix":"inner"}},"clearTextFirst":true,"interactionType":"ENTER_TEXT"}]}
RESULT: {"script":"<script> [776 bytes]","args":[{"enterText":"ZL01","selector":{"controlType":"sap.m.Input","viewName":"etm.portal.ui.manageyards.view.New","viewId":"application-manageyards-display-component---NewYard","bindingPath":{"path":"","propertyPath":"/DELIVERY_TYPE","modelName":"NewYardModel"},"interaction":{"idSuffix":"inner"}},"clearTextFirst":true,"interactionType":"ENTER_TEXT"}]}
COMMAND: POST /session/9813251e0ae410a7418940dcaaaaf337/execute/async - {"script":"<script> [1562 bytes]","args":[{"selector":{"controlType":"sap.m.Input","viewName":"etm.portal.ui.manageyards.view.New","viewId":"application-manageyards-display-component---NewYard","bindingPath":{"path":"","propertyPath":"/AUART","modelName":"NewYardModel"},"interaction":{"idSuffix":"inner"}},"wdio_ui5_key":"etmportal.ui.manageyards.view.Newsap.m.Input{\"path\":\"\",\"propertyPath\":\"/AUART\",\"modelName\":\"NewYardModel\"}"}]}
RESULT: {"script":"<script> [1562 bytes]","args":[{"selector":{"controlType":"sap.m.Input","viewName":"etm.portal.ui.manageyards.view.New","viewId":"application-manageyards-display-component---NewYard","bindingPath":{"path":"","propertyPath":"/AUART","modelName":"NewYardModel"},"interaction":{"idSuffix":"inner"}},"wdio_ui5_key":"etmportal.ui.manageyards.view.Newsap.m.Input{\"path\":\"\",\"propertyPath\":\"/AUART\",\"modelName\":\"NewYardModel\"}"}]}
RESULT: undefined
COMMAND: POST /session/9813251e0ae410a7418940dcaaaaf337/execute/async - {"script":"<script> [776 bytes]","args":[{"enterText":"TA","selector":{"controlType":"sap.m.Input","viewName":"etm.portal.ui.manageyards.view.New","viewId":"application-manageyards-display-component---NewYard","bindingPath":{"path":"","propertyPath":"/AUART","modelName":"NewYardModel"},"interaction":{"idSuffix":"inner"}},"clearTextFirst":true,"interactionType":"ENTER_TEXT"}]}
RESULT: {"script":"<script> [776 bytes]","args":[{"enterText":"TA","selector":{"controlType":"sap.m.Input","viewName":"etm.portal.ui.manageyards.view.New","viewId":"application-manageyards-display-component---NewYard","bindingPath":{"path":"","propertyPath":"/AUART","modelName":"NewYardModel"},"interaction":{"idSuffix":"inner"}},"clearTextFirst":true,"interactionType":"ENTER_TEXT"}]}
COMMAND: POST /session/9813251e0ae410a7418940dcaaaaf337/element - {"using":"xpath","value":"//button[@data-kt=\"newYardSaveButton\"]"}
RESULT: {"using":"xpath","value":"//button[@data-kt=\"newYardSaveButton\"]"}
COMMAND: POST /session/9813251e0ae410a7418940dcaaaaf337/element/f.6D6192A7F298CA7F9ED2043BE1BC656F.d.529E3580E9835E4686EB93B6564DB3EF.e.692/click - {}
RESULT: {}
COMMAND: GET /session/9813251e0ae410a7418940dcaaaaf337/screenshot - {}
RESULT: {}
COMMAND: POST /session/9813251e0ae410a7418940dcaaaaf337/element - {"using":"xpath","value":"//header[contains(@id, 'ObjectPageLayout-headerTitle')]/div[1]/div[2]/div[1]/span[1]"}
RESULT: {"using":"xpath","value":"//header[contains(@id, 'ObjectPageLayout-headerTitle')]/div[1]/div[2]/div[1]/span[1]"}
COMMAND: POST /session/9813251e0ae410a7418940dcaaaaf337/elements - {"using":"xpath","value":"//header[contains(@id, 'ObjectPageLayout-headerTitle')]/div[1]/div[2]/div[1]/span[1]"}
RESULT: {"using":"xpath","value":"//header[contains(@id, 'ObjectPageLayout-headerTitle')]/div[1]/div[2]/div[1]/span[1]"}
COMMAND: POST /session/9813251e0ae410a7418940dcaaaaf337/execute/sync - {"script":"<script> [56 bytes]","args":[{"element-6066-11e4-a52e-4f735466cecf":"f.6D6192A7F298CA7F9ED2043BE1BC656F.d.529E3580E9835E4686EB93B6564DB3EF.e.1009","ELEMENT":"f.6D6192A7F298CA7F9ED2043BE1BC656F.d.529E3580E9835E4686EB93B6564DB3EF.e.1009"}]}
RESULT: {"script":"<script> [56 bytes]","args":[{"element-6066-11e4-a52e-4f735466cecf":"f.6D6192A7F298CA7F9ED2043BE1BC656F.d.529E3580E9835E4686EB93B6564DB3EF.e.1009","ELEMENT":"f.6D6192A7F298CA7F9ED2043BE1BC656F.d.529E3580E9835E4686EB93B6564DB3EF.e.1009"}]}
COMMAND: GET /session/9813251e0ae410a7418940dcaaaaf337/screenshot - {}
RESULT: {}
COMMAND: POST /session/9813251e0ae410a7418940dcaaaaf337/element - {"using":"css selector","value":"#shell-header-logo"}
RESULT: {"using":"css selector","value":"#shell-header-logo"}
COMMAND: POST /session/9813251e0ae410a7418940dcaaaaf337/element/f.6D6192A7F298CA7F9ED2043BE1BC656F.d.529E3580E9835E4686EB93B6564DB3EF.e.255/click - {}
RESULT: {}
COMMAND: GET /session/9813251e0ae410a7418940dcaaaaf337/screenshot - {}
RESULT: {}
COMMAND: POST /session/9813251e0ae410a7418940dcaaaaf337/execute/sync - {"script":"<script> [299 bytes]","args":[["getModel","getResource"]]}
RESULT: {"script":"<script> [299 bytes]","args":[["getModel","getResource"]]}
COMMAND: GET /session/9813251e0ae410a7418940dcaaaaf337/screenshot - {}
]]></system-out>
    </testcase>
    <testcase classname="chrome.137_0_7151_56.windows.Create_condition_pricing_US117289_US134625" name="Should create a new equipment used for all following tests" time="128.995">
      <system-out><![CDATA[
COMMAND: POST /session/9813251e0ae410a7418940dcaaaaf337/execute/async - {"script":"<script> [1562 bytes]","args":[{"selector":{"controlType":"sap.m.GenericTile","properties":{"header":"Manage Resources"}},"wdio_ui5_key":"sapm.GenericTile{\"header\":\"Manage Resources\"}"}]}
RESULT: {}
RESULT: {"script":"<script> [1562 bytes]","args":[{"selector":{"controlType":"sap.m.GenericTile","properties":{"header":"Manage Resources"}},"wdio_ui5_key":"sapm.GenericTile{\"header\":\"Manage Resources\"}"}]}
RESULT: undefined
COMMAND: POST /session/9813251e0ae410a7418940dcaaaaf337/element - {"using":"xpath","value":"//*[@id=\"__tile39\"]"}
RESULT: {"using":"xpath","value":"//*[@id=\"__tile39\"]"}
COMMAND: POST /session/9813251e0ae410a7418940dcaaaaf337/element/f.6D6192A7F298CA7F9ED2043BE1BC656F.d.529E3580E9835E4686EB93B6564DB3EF.e.153/click - {}
RESULT: {}
COMMAND: GET /session/9813251e0ae410a7418940dcaaaaf337/screenshot - {}
RESULT: {}
COMMAND: POST /session/9813251e0ae410a7418940dcaaaaf337/elements - {"using":"xpath","value":"//span[text()='Error']"}
RESULT: {"using":"xpath","value":"//span[text()='Error']"}
COMMAND: POST /session/9813251e0ae410a7418940dcaaaaf337/element - {"using":"xpath","value":"//button[@data-kt=\"addNewRUOverflowToolbarButton\"]"}
RESULT: {"using":"xpath","value":"//button[@data-kt=\"addNewRUOverflowToolbarButton\"]"}
COMMAND: POST /session/9813251e0ae410a7418940dcaaaaf337/elements - {"using":"xpath","value":"//button[@data-kt=\"addNewRUOverflowToolbarButton\"]"}
RESULT: {"using":"xpath","value":"//button[@data-kt=\"addNewRUOverflowToolbarButton\"]"}
COMMAND: POST /session/9813251e0ae410a7418940dcaaaaf337/execute/sync - {"script":"<script> [8489 bytes]","args":[{"element-6066-11e4-a52e-4f735466cecf":"f.6D6192A7F298CA7F9ED2043BE1BC656F.d.529E3580E9835E4686EB93B6564DB3EF.e.1055","ELEMENT":"f.6D6192A7F298CA7F9ED2043BE1BC656F.d.529E3580E9835E4686EB93B6564DB3EF.e.1055"}]}
RESULT: {"script":"<script> [8489 bytes]","args":[{"element-6066-11e4-a52e-4f735466cecf":"f.6D6192A7F298CA7F9ED2043BE1BC656F.d.529E3580E9835E4686EB93B6564DB3EF.e.1055","ELEMENT":"f.6D6192A7F298CA7F9ED2043BE1BC656F.d.529E3580E9835E4686EB93B6564DB3EF.e.1055"}]}
COMMAND: GET /session/9813251e0ae410a7418940dcaaaaf337/element/f.6D6192A7F298CA7F9ED2043BE1BC656F.d.529E3580E9835E4686EB93B6564DB3EF.e.1055/enabled - {}
COMMAND: GET /session/9813251e0ae410a7418940dcaaaaf337/screenshot - {}
RESULT: {}
COMMAND: POST /session/9813251e0ae410a7418940dcaaaaf337/execute/sync - {"script":"<script> [8489 bytes]","args":[{"element-6066-11e4-a52e-4f735466cecf":"f.6D6192A7F298CA7F9ED2043BE1BC656F.d.529E3580E9835E4686EB93B6564DB3EF.e.1055","ELEMENT":"f.6D6192A7F298CA7F9ED2043BE1BC656F.d.529E3580E9835E4686EB93B6564DB3EF.e.1055"}]}
COMMAND: GET /session/9813251e0ae410a7418940dcaaaaf337/screenshot - {}
RESULT: {}
RESULT: {"script":"<script> [8489 bytes]","args":[{"element-6066-11e4-a52e-4f735466cecf":"f.6D6192A7F298CA7F9ED2043BE1BC656F.d.529E3580E9835E4686EB93B6564DB3EF.e.1055","ELEMENT":"f.6D6192A7F298CA7F9ED2043BE1BC656F.d.529E3580E9835E4686EB93B6564DB3EF.e.1055"}]}
COMMAND: POST /session/9813251e0ae410a7418940dcaaaaf337/execute/sync - {"script":"<script> [5351 bytes]","args":[{"element-6066-11e4-a52e-4f735466cecf":"f.6D6192A7F298CA7F9ED2043BE1BC656F.d.529E3580E9835E4686EB93B6564DB3EF.e.1055","ELEMENT":"f.6D6192A7F298CA7F9ED2043BE1BC656F.d.529E3580E9835E4686EB93B6564DB3EF.e.1055"}]}
COMMAND: GET /session/9813251e0ae410a7418940dcaaaaf337/screenshot - {}
RESULT: {}
RESULT: {"script":"<script> [5351 bytes]","args":[{"element-6066-11e4-a52e-4f735466cecf":"f.6D6192A7F298CA7F9ED2043BE1BC656F.d.529E3580E9835E4686EB93B6564DB3EF.e.1055","ELEMENT":"f.6D6192A7F298CA7F9ED2043BE1BC656F.d.529E3580E9835E4686EB93B6564DB3EF.e.1055"}]}
COMMAND: POST /session/9813251e0ae410a7418940dcaaaaf337/element/f.6D6192A7F298CA7F9ED2043BE1BC656F.d.529E3580E9835E4686EB93B6564DB3EF.e.1055/click - {}
COMMAND: GET /session/9813251e0ae410a7418940dcaaaaf337/screenshot - {}
RESULT: {}
RESULT: {}
COMMAND: GET /session/9813251e0ae410a7418940dcaaaaf337/screenshot - {}
RESULT: {}
RESULT: {}
COMMAND: POST /session/9813251e0ae410a7418940dcaaaaf337/execute/async - {"script":"<script> [1562 bytes]","args":[{"selector":{"id":"application-manageresources-display-component---newResourceUnit--TYPE-arrow"},"wdio_ui5_key":"applicationmanageresources-display-component---newResourceUnit--TYPE-arrow"}]}
RESULT: {"script":"<script> [1562 bytes]","args":[{"selector":{"id":"application-manageresources-display-component---newResourceUnit--TYPE-arrow"},"wdio_ui5_key":"applicationmanageresources-display-component---newResourceUnit--TYPE-arrow"}]}
RESULT: undefined
COMMAND: POST /session/9813251e0ae410a7418940dcaaaaf337/element - {"using":"xpath","value":"//*[@id=\"application-manageresources-display-component---newResourceUnit--TYPE-arrow\"]"}
RESULT: {"using":"xpath","value":"//*[@id=\"application-manageresources-display-component---newResourceUnit--TYPE-arrow\"]"}
COMMAND: POST /session/9813251e0ae410a7418940dcaaaaf337/element/f.6D6192A7F298CA7F9ED2043BE1BC656F.d.529E3580E9835E4686EB93B6564DB3EF.e.1423/click - {}
RESULT: {}
COMMAND: POST /session/9813251e0ae410a7418940dcaaaaf337/element - {"using":"xpath","value":"//input[@id=\"application-manageresources-display-component---newResourceUnit--TYPE-inner\"]"}
COMMAND: GET /session/9813251e0ae410a7418940dcaaaaf337/screenshot - {}
RESULT: {"using":"xpath","value":"//input[@id=\"application-manageresources-display-component---newResourceUnit--TYPE-inner\"]"}
COMMAND: POST /session/9813251e0ae410a7418940dcaaaaf337/element/f.6D6192A7F298CA7F9ED2043BE1BC656F.d.529E3580E9835E4686EB93B6564DB3EF.e.1394/clear - {}
RESULT: {}
RESULT: {}
COMMAND: POST /session/9813251e0ae410a7418940dcaaaaf337/element/f.6D6192A7F298CA7F9ED2043BE1BC656F.d.529E3580E9835E4686EB93B6564DB3EF.e.1394/value - {"text":"Equipment"}
COMMAND: GET /session/9813251e0ae410a7418940dcaaaaf337/screenshot - {}
RESULT: {"text":"Equipment"}
COMMAND: GET /session/9813251e0ae410a7418940dcaaaaf337/screenshot - {}
RESULT: {}
RESULT: {}
COMMAND: POST /session/9813251e0ae410a7418940dcaaaaf337/actions - {"actions":[{"id":"action2","type":"key","parameters":{},"actions":[{"type":"keyDown","value":"î€‡"},{"type":"pause","duration":10},{"type":"keyUp","value":"î€‡"}]}]}
RESULT: {"actions":[{"id":"action2","type":"key","parameters":{},"actions":[{"type":"keyDown","value":"î€‡"},{"type":"pause","duration":10},{"type":"keyUp","value":"î€‡"}]}]}
COMMAND: POST /session/9813251e0ae410a7418940dcaaaaf337/execute/async - {"script":"<script> [1562 bytes]","args":[{"selector":{"id":"application-manageresources-display-component---newResourceUnit--resourceId","interaction":{"idSuffix":"inner"}},"wdio_ui5_key":"applicationmanageresources-display-component---newResourceUnit--resourceId"}]}
COMMAND: GET /session/9813251e0ae410a7418940dcaaaaf337/screenshot - {}
RESULT: {"script":"<script> [1562 bytes]","args":[{"selector":{"id":"application-manageresources-display-component---newResourceUnit--resourceId","interaction":{"idSuffix":"inner"}},"wdio_ui5_key":"applicationmanageresources-display-component---newResourceUnit--resourceId"}]}
RESULT: undefined
COMMAND: POST /session/9813251e0ae410a7418940dcaaaaf337/execute/async - {"script":"<script> [776 bytes]","args":[{"enterText":"EGsoTbVSiS","selector":{"id":"application-manageresources-display-component---newResourceUnit--resourceId","interaction":{"idSuffix":"inner"}},"clearTextFirst":true,"interactionType":"ENTER_TEXT"}]}
RESULT: {}
RESULT: {"script":"<script> [776 bytes]","args":[{"enterText":"EGsoTbVSiS","selector":{"id":"application-manageresources-display-component---newResourceUnit--resourceId","interaction":{"idSuffix":"inner"}},"clearTextFirst":true,"interactionType":"ENTER_TEXT"}]}
COMMAND: POST /session/9813251e0ae410a7418940dcaaaaf337/execute/async - {"script":"<script> [1562 bytes]","args":[{"selector":{"id":"application-manageresources-display-component---newResourceUnit--SHORT_TEXT","interaction":{"idSuffix":"inner"}},"wdio_ui5_key":"applicationmanageresources-display-component---newResourceUnit--SHORT_TEXT"}]}
RESULT: {"script":"<script> [1562 bytes]","args":[{"selector":{"id":"application-manageresources-display-component---newResourceUnit--SHORT_TEXT","interaction":{"idSuffix":"inner"}},"wdio_ui5_key":"applicationmanageresources-display-component---newResourceUnit--SHORT_TEXT"}]}
RESULT: undefined
COMMAND: POST /session/9813251e0ae410a7418940dcaaaaf337/execute/async - {"script":"<script> [776 bytes]","args":[{"enterText":"Intercompany Equipment WDIO","selector":{"id":"application-manageresources-display-component---newResourceUnit--SHORT_TEXT","interaction":{"idSuffix":"inner"}},"clearTextFirst":true,"interactionType":"ENTER_TEXT"}]}
RESULT: {"script":"<script> [776 bytes]","args":[{"enterText":"Intercompany Equipment WDIO","selector":{"id":"application-manageresources-display-component---newResourceUnit--SHORT_TEXT","interaction":{"idSuffix":"inner"}},"clearTextFirst":true,"interactionType":"ENTER_TEXT"}]}
COMMAND: POST /session/9813251e0ae410a7418940dcaaaaf337/execute/async - {"script":"<script> [1562 bytes]","args":[{"selector":{"id":"application-manageresources-display-component---newResourceUnit--BASE_UNIT_OF_MEASURE","interaction":{"idSuffix":"inner"}},"wdio_ui5_key":"applicationmanageresources-display-component---newResourceUnit--BASE_UNIT_OF_MEASURE"}]}
RESULT: {"script":"<script> [1562 bytes]","args":[{"selector":{"id":"application-manageresources-display-component---newResourceUnit--BASE_UNIT_OF_MEASURE","interaction":{"idSuffix":"inner"}},"wdio_ui5_key":"applicationmanageresources-display-component---newResourceUnit--BASE_UNIT_OF_MEASURE"}]}
RESULT: undefined
COMMAND: POST /session/9813251e0ae410a7418940dcaaaaf337/execute/async - {"script":"<script> [776 bytes]","args":[{"enterText":"Piece","selector":{"id":"application-manageresources-display-component---newResourceUnit--BASE_UNIT_OF_MEASURE","interaction":{"idSuffix":"inner"}},"clearTextFirst":true,"interactionType":"ENTER_TEXT"}]}
RESULT: {"script":"<script> [776 bytes]","args":[{"enterText":"Piece","selector":{"id":"application-manageresources-display-component---newResourceUnit--BASE_UNIT_OF_MEASURE","interaction":{"idSuffix":"inner"}},"clearTextFirst":true,"interactionType":"ENTER_TEXT"}]}
COMMAND: POST /session/9813251e0ae410a7418940dcaaaaf337/execute/async - {"script":"<script> [1562 bytes]","args":[{"selector":{"id":"application-manageresources-display-component---newResourceUnit--WEIGHT_UNIT","interaction":{"idSuffix":"inner"}},"wdio_ui5_key":"applicationmanageresources-display-component---newResourceUnit--WEIGHT_UNIT"}]}
RESULT: {"script":"<script> [1562 bytes]","args":[{"selector":{"id":"application-manageresources-display-component---newResourceUnit--WEIGHT_UNIT","interaction":{"idSuffix":"inner"}},"wdio_ui5_key":"applicationmanageresources-display-component---newResourceUnit--WEIGHT_UNIT"}]}
RESULT: undefined
COMMAND: POST /session/9813251e0ae410a7418940dcaaaaf337/execute/async - {"script":"<script> [776 bytes]","args":[{"enterText":"Gram","selector":{"id":"application-manageresources-display-component---newResourceUnit--WEIGHT_UNIT","interaction":{"idSuffix":"inner"}},"clearTextFirst":true,"interactionType":"ENTER_TEXT"}]}
RESULT: {"script":"<script> [776 bytes]","args":[{"enterText":"Gram","selector":{"id":"application-manageresources-display-component---newResourceUnit--WEIGHT_UNIT","interaction":{"idSuffix":"inner"}},"clearTextFirst":true,"interactionType":"ENTER_TEXT"}]}
COMMAND: POST /session/9813251e0ae410a7418940dcaaaaf337/execute/async - {"script":"<script> [1562 bytes]","args":[{"selector":{"id":"application-manageresources-display-component---newResourceUnit--DIMENSION_UNIT","interaction":{"idSuffix":"inner"}},"wdio_ui5_key":"applicationmanageresources-display-component---newResourceUnit--DIMENSION_UNIT"}]}
RESULT: {"script":"<script> [1562 bytes]","args":[{"selector":{"id":"application-manageresources-display-component---newResourceUnit--DIMENSION_UNIT","interaction":{"idSuffix":"inner"}},"wdio_ui5_key":"applicationmanageresources-display-component---newResourceUnit--DIMENSION_UNIT"}]}
RESULT: undefined
COMMAND: POST /session/9813251e0ae410a7418940dcaaaaf337/execute/async - {"script":"<script> [776 bytes]","args":[{"enterText":"Meter","selector":{"id":"application-manageresources-display-component---newResourceUnit--DIMENSION_UNIT","interaction":{"idSuffix":"inner"}},"clearTextFirst":true,"interactionType":"ENTER_TEXT"}]}
RESULT: {"script":"<script> [776 bytes]","args":[{"enterText":"Meter","selector":{"id":"application-manageresources-display-component---newResourceUnit--DIMENSION_UNIT","interaction":{"idSuffix":"inner"}},"clearTextFirst":true,"interactionType":"ENTER_TEXT"}]}
COMMAND: POST /session/9813251e0ae410a7418940dcaaaaf337/execute/async - {"script":"<script> [1562 bytes]","args":[{"selector":{"id":"application-manageresources-display-component---newResourceUnit--newRRUPage-anchBar-application-manageresources-display-component---newResourceUnit--control-anchor","interaction":{"idSuffix":"BDI-content"}},"wdio_ui5_key":"applicationmanageresources-display-component---newResourceUnit--newRRUPage-anchBar-application-manageresources-display-component---newResourceUnit--control-anchor"}]}
RESULT: {"script":"<script> [1562 bytes]","args":[{"selector":{"id":"application-manageresources-display-component---newResourceUnit--newRRUPage-anchBar-application-manageresources-display-component---newResourceUnit--control-anchor","interaction":{"idSuffix":"BDI-content"}},"wdio_ui5_key":"applicationmanageresources-display-component---newResourceUnit--newRRUPage-anchBar-application-manageresources-display-component---newResourceUnit--control-anchor"}]}
RESULT: undefined
COMMAND: POST /session/9813251e0ae410a7418940dcaaaaf337/element - {"using":"xpath","value":"//*[@id=\"application-manageresources-display-component---newResourceUnit--newRRUPage-anchBar-application-manageresources-display-component---newResourceUnit--control-anchor\"]"}
RESULT: {"using":"xpath","value":"//*[@id=\"application-manageresources-display-component---newResourceUnit--newRRUPage-anchBar-application-manageresources-display-component---newResourceUnit--control-anchor\"]"}
COMMAND: POST /session/9813251e0ae410a7418940dcaaaaf337/element/f.6D6192A7F298CA7F9ED2043BE1BC656F.d.529E3580E9835E4686EB93B6564DB3EF.e.1581/click - {}
RESULT: {}
COMMAND: POST /session/9813251e0ae410a7418940dcaaaaf337/execute/async - {"script":"<script> [1562 bytes]","args":[{"selector":{"id":"application-manageresources-display-component---newResourceUnit--PLANNING_GROUP","interaction":{"idSuffix":"inner"}},"wdio_ui5_key":"applicationmanageresources-display-component---newResourceUnit--PLANNING_GROUP"}]}
COMMAND: GET /session/9813251e0ae410a7418940dcaaaaf337/screenshot - {}
RESULT: {"script":"<script> [1562 bytes]","args":[{"selector":{"id":"application-manageresources-display-component---newResourceUnit--PLANNING_GROUP","interaction":{"idSuffix":"inner"}},"wdio_ui5_key":"applicationmanageresources-display-component---newResourceUnit--PLANNING_GROUP"}]}
RESULT: undefined
COMMAND: POST /session/9813251e0ae410a7418940dcaaaaf337/execute/async - {"script":"<script> [776 bytes]","args":[{"enterText":"Heavy Equi","selector":{"id":"application-manageresources-display-component---newResourceUnit--PLANNING_GROUP","interaction":{"idSuffix":"inner"}},"clearTextFirst":true,"interactionType":"ENTER_TEXT"}]}
RESULT: {}
RESULT: {"script":"<script> [776 bytes]","args":[{"enterText":"Heavy Equi","selector":{"id":"application-manageresources-display-component---newResourceUnit--PLANNING_GROUP","interaction":{"idSuffix":"inner"}},"clearTextFirst":true,"interactionType":"ENTER_TEXT"}]}
COMMAND: POST /session/9813251e0ae410a7418940dcaaaaf337/execute/async - {"script":"<script> [1562 bytes]","args":[{"selector":{"id":"application-manageresources-display-component---newResourceUnit--ITEM_TYPE-arrow"},"wdio_ui5_key":"applicationmanageresources-display-component---newResourceUnit--ITEM_TYPE-arrow"}]}
RESULT: {"script":"<script> [1562 bytes]","args":[{"selector":{"id":"application-manageresources-display-component---newResourceUnit--ITEM_TYPE-arrow"},"wdio_ui5_key":"applicationmanageresources-display-component---newResourceUnit--ITEM_TYPE-arrow"}]}
RESULT: undefined
COMMAND: POST /session/9813251e0ae410a7418940dcaaaaf337/element - {"using":"xpath","value":"//*[@id=\"application-manageresources-display-component---newResourceUnit--ITEM_TYPE-arrow\"]"}
RESULT: {"using":"xpath","value":"//*[@id=\"application-manageresources-display-component---newResourceUnit--ITEM_TYPE-arrow\"]"}
COMMAND: POST /session/9813251e0ae410a7418940dcaaaaf337/element/f.6D6192A7F298CA7F9ED2043BE1BC656F.d.529E3580E9835E4686EB93B6564DB3EF.e.1590/click - {}
RESULT: {}
COMMAND: POST /session/9813251e0ae410a7418940dcaaaaf337/element - {"using":"xpath","value":"//ul[contains(@id,\"ITEM_TYPE-popup-list-listUl\")]//li[.//span[contains(text(),\"Resource Unit\")]]"}
COMMAND: GET /session/9813251e0ae410a7418940dcaaaaf337/screenshot - {}
RESULT: {"using":"xpath","value":"//ul[contains(@id,\"ITEM_TYPE-popup-list-listUl\")]//li[.//span[contains(text(),\"Resource Unit\")]]"}
COMMAND: POST /session/9813251e0ae410a7418940dcaaaaf337/element/f.6D6192A7F298CA7F9ED2043BE1BC656F.d.529E3580E9835E4686EB93B6564DB3EF.e.1591/click - {}
RESULT: {}
RESULT: {}
COMMAND: GET /session/9813251e0ae410a7418940dcaaaaf337/screenshot - {}
RESULT: {}
COMMAND: POST /session/9813251e0ae410a7418940dcaaaaf337/element - {"using":"css selector","value":"#application-manageresources-display-component---newResourceUnit--btnAddTimeSegment"}
RESULT: {"using":"css selector","value":"#application-manageresources-display-component---newResourceUnit--btnAddTimeSegment"}
COMMAND: GET /session/9813251e0ae410a7418940dcaaaaf337/element/f.6D6192A7F298CA7F9ED2043BE1BC656F.d.529E3580E9835E4686EB93B6564DB3EF.e.1598/rect - {}
RESULT: {}
COMMAND: GET /session/9813251e0ae410a7418940dcaaaaf337/window/rect - {}
RESULT: {}
COMMAND: POST /session/9813251e0ae410a7418940dcaaaaf337/execute/sync - {"script":"<script> [92 bytes]","args":[]}
RESULT: {"script":"<script> [92 bytes]","args":[]}
COMMAND: POST /session/9813251e0ae410a7418940dcaaaaf337/actions - {"actions":[{"id":"action3","type":"wheel","parameters":{},"actions":[{"type":"scroll","x":-1888,"y":-32,"deltaX":0,"deltaY":0,"duration":0,"origin":{"element-6066-11e4-a52e-4f735466cecf":"f.6D6192A7F298CA7F9ED2043BE1BC656F.d.529E3580E9835E4686EB93B6564DB3EF.e.1598"}}]}]}
COMMAND: GET /session/9813251e0ae410a7418940dcaaaaf337/screenshot - {}
RESULT: {}
COMMAND: POST /session/9813251e0ae410a7418940dcaaaaf337/execute/sync - {"script":"<script> [79 bytes]","args":[{"element-6066-11e4-a52e-4f735466cecf":"f.6D6192A7F298CA7F9ED2043BE1BC656F.d.529E3580E9835E4686EB93B6564DB3EF.e.1598","ELEMENT":"f.6D6192A7F298CA7F9ED2043BE1BC656F.d.529E3580E9835E4686EB93B6564DB3EF.e.1598"},{"block":"start","inline":"nearest"}]}
RESULT: {"script":"<script> [79 bytes]","args":[{"element-6066-11e4-a52e-4f735466cecf":"f.6D6192A7F298CA7F9ED2043BE1BC656F.d.529E3580E9835E4686EB93B6564DB3EF.e.1598","ELEMENT":"f.6D6192A7F298CA7F9ED2043BE1BC656F.d.529E3580E9835E4686EB93B6564DB3EF.e.1598"},{"block":"start","inline":"nearest"}]}
COMMAND: POST /session/9813251e0ae410a7418940dcaaaaf337/execute/async - {"script":"<script> [1562 bytes]","args":[{"selector":{"id":"application-manageresources-display-component---newResourceUnit--btnAddTimeSegment","interaction":{"idSuffix":"inner"}},"wdio_ui5_key":"applicationmanageresources-display-component---newResourceUnit--btnAddTimeSegment"}]}
COMMAND: GET /session/9813251e0ae410a7418940dcaaaaf337/screenshot - {}
RESULT: {"script":"<script> [1562 bytes]","args":[{"selector":{"id":"application-manageresources-display-component---newResourceUnit--btnAddTimeSegment","interaction":{"idSuffix":"inner"}},"wdio_ui5_key":"applicationmanageresources-display-component---newResourceUnit--btnAddTimeSegment"}]}
RESULT: undefined
COMMAND: POST /session/9813251e0ae410a7418940dcaaaaf337/element - {"using":"xpath","value":"//*[@id=\"application-manageresources-display-component---newResourceUnit--btnAddTimeSegment\"]"}
RESULT: {}
RESULT: {"using":"xpath","value":"//*[@id=\"application-manageresources-display-component---newResourceUnit--btnAddTimeSegment\"]"}
COMMAND: POST /session/9813251e0ae410a7418940dcaaaaf337/element/f.6D6192A7F298CA7F9ED2043BE1BC656F.d.529E3580E9835E4686EB93B6564DB3EF.e.1598/click - {}
RESULT: {}
COMMAND: GET /session/9813251e0ae410a7418940dcaaaaf337/screenshot - {}
RESULT: {}
COMMAND: POST /session/9813251e0ae410a7418940dcaaaaf337/element - {"using":"xpath","value":"//input[@id=\"application-manageresources-display-component---newResourceUnit--idRuTSAdmin-application-manageresources-display-component---newResourceUnit--RUTimeSegment-0-inner\"]"}
RESULT: {"using":"xpath","value":"//input[@id=\"application-manageresources-display-component---newResourceUnit--idRuTSAdmin-application-manageresources-display-component---newResourceUnit--RUTimeSegment-0-inner\"]"}
COMMAND: POST /session/9813251e0ae410a7418940dcaaaaf337/element/f.6D6192A7F298CA7F9ED2043BE1BC656F.d.529E3580E9835E4686EB93B6564DB3EF.e.1604/clear - {}
RESULT: {}
COMMAND: POST /session/9813251e0ae410a7418940dcaaaaf337/element/f.6D6192A7F298CA7F9ED2043BE1BC656F.d.529E3580E9835E4686EB93B6564DB3EF.e.1604/value - {"text":"687"}
COMMAND: GET /session/9813251e0ae410a7418940dcaaaaf337/screenshot - {}
RESULT: {"text":"687"}
COMMAND: GET /session/9813251e0ae410a7418940dcaaaaf337/screenshot - {}
RESULT: {}
RESULT: {}
COMMAND: POST /session/9813251e0ae410a7418940dcaaaaf337/element - {"using":"xpath","value":"//li[.//span[text()='687']]"}
RESULT: {"using":"xpath","value":"//li[.//span[text()='687']]"}
COMMAND: POST /session/9813251e0ae410a7418940dcaaaaf337/element/f.6D6192A7F298CA7F9ED2043BE1BC656F.d.529E3580E9835E4686EB93B6564DB3EF.e.1616/click - {}
RESULT: {}
COMMAND: GET /session/9813251e0ae410a7418940dcaaaaf337/screenshot - {}
RESULT: {}
COMMAND: POST /session/9813251e0ae410a7418940dcaaaaf337/element - {"using":"xpath","value":"(//span[contains(@id, \"-application-manageresources-display-component---newResourceUnit--RUTimeSegment-0-arrow\")])[6]"}
RESULT: {"using":"xpath","value":"(//span[contains(@id, \"-application-manageresources-display-component---newResourceUnit--RUTimeSegment-0-arrow\")])[6]"}
COMMAND: POST /session/9813251e0ae410a7418940dcaaaaf337/element/f.6D6192A7F298CA7F9ED2043BE1BC656F.d.529E3580E9835E4686EB93B6564DB3EF.e.1617/click - {}
RESULT: {}
COMMAND: GET /session/9813251e0ae410a7418940dcaaaaf337/screenshot - {}
RESULT: {}
COMMAND: POST /session/9813251e0ae410a7418940dcaaaaf337/element - {"using":"xpath","value":"//span[contains(text(), \"PM Order\")]"}
RESULT: {"using":"xpath","value":"//span[contains(text(), \"PM Order\")]"}
COMMAND: POST /session/9813251e0ae410a7418940dcaaaaf337/element/f.6D6192A7F298CA7F9ED2043BE1BC656F.d.529E3580E9835E4686EB93B6564DB3EF.e.1620/click - {}
RESULT: {}
COMMAND: GET /session/9813251e0ae410a7418940dcaaaaf337/screenshot - {}
RESULT: {}
COMMAND: POST /session/9813251e0ae410a7418940dcaaaaf337/element - {"using":"xpath","value":"(//span[contains(@id ,\"manageresources-display-component---newResourceUnit--RUTimeSegment-0-vhi\")])[1]"}
RESULT: {"using":"xpath","value":"(//span[contains(@id ,\"manageresources-display-component---newResourceUnit--RUTimeSegment-0-vhi\")])[1]"}
COMMAND: GET /session/9813251e0ae410a7418940dcaaaaf337/element/f.6D6192A7F298CA7F9ED2043BE1BC656F.d.529E3580E9835E4686EB93B6564DB3EF.e.1624/rect - {}
RESULT: {}
COMMAND: GET /session/9813251e0ae410a7418940dcaaaaf337/window/rect - {}
RESULT: {}
COMMAND: POST /session/9813251e0ae410a7418940dcaaaaf337/execute/sync - {"script":"<script> [92 bytes]","args":[]}
RESULT: {"script":"<script> [92 bytes]","args":[]}
COMMAND: POST /session/9813251e0ae410a7418940dcaaaaf337/actions - {"actions":[{"id":"action4","type":"wheel","parameters":{},"actions":[{"type":"scroll","x":-869,"y":-24,"deltaX":0,"deltaY":0,"duration":0,"origin":{"element-6066-11e4-a52e-4f735466cecf":"f.6D6192A7F298CA7F9ED2043BE1BC656F.d.529E3580E9835E4686EB93B6564DB3EF.e.1624"}}]}]}
COMMAND: GET /session/9813251e0ae410a7418940dcaaaaf337/screenshot - {}
RESULT: {"actions":[{"id":"action4","type":"wheel","parameters":{},"actions":[{"type":"scroll","x":-869,"y":-24,"deltaX":0,"deltaY":0,"duration":0,"origin":{"element-6066-11e4-a52e-4f735466cecf":"f.6D6192A7F298CA7F9ED2043BE1BC656F.d.529E3580E9835E4686EB93B6564DB3EF.e.1624"}}]}]}
COMMAND: DELETE /session/9813251e0ae410a7418940dcaaaaf337/actions - {}
COMMAND: GET /session/9813251e0ae410a7418940dcaaaaf337/screenshot - {}
RESULT: {}
RESULT: {}
COMMAND: GET /session/9813251e0ae410a7418940dcaaaaf337/screenshot - {}
RESULT: {}
RESULT: {}
COMMAND: POST /session/9813251e0ae410a7418940dcaaaaf337/element/f.6D6192A7F298CA7F9ED2043BE1BC656F.d.529E3580E9835E4686EB93B6564DB3EF.e.1624/click - {}
RESULT: {}
COMMAND: GET /session/9813251e0ae410a7418940dcaaaaf337/screenshot - {}
RESULT: {}
RESULT: undefined
COMMAND: POST /session/9813251e0ae410a7418940dcaaaaf337/execute/async - {"script":"<script> [776 bytes]","args":[{"enterText":"4000360","selector":{"controlType":"sap.m.SearchField","properties":{"placeholder":"Search"},"searchOpenDialogs":true,"interaction":{"idSuffix":"I"}},"clearTextFirst":true,"interactionType":"ENTER_TEXT"}]}
RESULT: {"script":"<script> [776 bytes]","args":[{"enterText":"4000360","selector":{"controlType":"sap.m.SearchField","properties":{"placeholder":"Search"},"searchOpenDialogs":true,"interaction":{"idSuffix":"I"}},"clearTextFirst":true,"interactionType":"ENTER_TEXT"}]}
COMMAND: POST /session/9813251e0ae410a7418940dcaaaaf337/actions - {"actions":[{"id":"action5","type":"key","parameters":{},"actions":[{"type":"keyDown","value":"î€‡"},{"type":"pause","duration":10},{"type":"keyUp","value":"î€‡"}]}]}
RESULT: {"actions":[{"id":"action5","type":"key","parameters":{},"actions":[{"type":"keyDown","value":"î€‡"},{"type":"pause","duration":10},{"type":"keyUp","value":"î€‡"}]}]}
COMMAND: GET /session/9813251e0ae410a7418940dcaaaaf337/screenshot - {}
RESULT: {}
COMMAND: POST /session/9813251e0ae410a7418940dcaaaaf337/element - {"using":"xpath","value":"//td/div/span[contains(text(), \"BGL Vehicles\")]"}
RESULT: {"using":"xpath","value":"//td/div/span[contains(text(), \"BGL Vehicles\")]"}
COMMAND: POST /session/9813251e0ae410a7418940dcaaaaf337/element/f.6D6192A7F298CA7F9ED2043BE1BC656F.d.529E3580E9835E4686EB93B6564DB3EF.e.1644/click - {}
RESULT: {}
COMMAND: GET /session/9813251e0ae410a7418940dcaaaaf337/screenshot - {}
RESULT: {}
COMMAND: POST /session/9813251e0ae410a7418940dcaaaaf337/element - {"using":"xpath","value":"//bdi[contains(text(), \"OK\")]"}
RESULT: {"using":"xpath","value":"//bdi[contains(text(), \"OK\")]"}
COMMAND: POST /session/9813251e0ae410a7418940dcaaaaf337/element/f.6D6192A7F298CA7F9ED2043BE1BC656F.d.529E3580E9835E4686EB93B6564DB3EF.e.1645/click - {}
RESULT: {}
COMMAND: GET /session/9813251e0ae410a7418940dcaaaaf337/screenshot - {}
RESULT: {}
COMMAND: POST /session/9813251e0ae410a7418940dcaaaaf337/execute/async - {"script":"<script> [1562 bytes]","args":[{"selector":{"id":"application-manageresources-display-component---newResourceUnit--newRRUPage-anchBar-application-manageresources-display-component---newResourceUnit--resource-anchor","interaction":{"idSuffix":"BDI-content"}},"wdio_ui5_key":"applicationmanageresources-display-component---newResourceUnit--newRRUPage-anchBar-application-manageresources-display-component---newResourceUnit--resource-anchor"}]}
RESULT: {"script":"<script> [1562 bytes]","args":[{"selector":{"id":"application-manageresources-display-component---newResourceUnit--newRRUPage-anchBar-application-manageresources-display-component---newResourceUnit--resource-anchor","interaction":{"idSuffix":"BDI-content"}},"wdio_ui5_key":"applicationmanageresources-display-component---newResourceUnit--newRRUPage-anchBar-application-manageresources-display-component---newResourceUnit--resource-anchor"}]}
RESULT: undefined
COMMAND: POST /session/9813251e0ae410a7418940dcaaaaf337/element - {"using":"xpath","value":"//*[@id=\"application-manageresources-display-component---newResourceUnit--newRRUPage-anchBar-application-manageresources-display-component---newResourceUnit--resource-anchor\"]"}
RESULT: {"using":"xpath","value":"//*[@id=\"application-manageresources-display-component---newResourceUnit--newRRUPage-anchBar-application-manageresources-display-component---newResourceUnit--resource-anchor\"]"}
COMMAND: POST /session/9813251e0ae410a7418940dcaaaaf337/element/f.6D6192A7F298CA7F9ED2043BE1BC656F.d.529E3580E9835E4686EB93B6564DB3EF.e.1649/click - {}
RESULT: {}
COMMAND: POST /session/9813251e0ae410a7418940dcaaaaf337/execute/async - {"script":"<script> [1562 bytes]","args":[{"selector":{"id":"application-manageresources-display-component---newResourceUnit--PLANNED_DELIVERY_DATE","interaction":{"idSuffix":"inner"}},"wdio_ui5_key":"applicationmanageresources-display-component---newResourceUnit--PLANNED_DELIVERY_DATE"}]}
COMMAND: GET /session/9813251e0ae410a7418940dcaaaaf337/screenshot - {}
RESULT: {"script":"<script> [1562 bytes]","args":[{"selector":{"id":"application-manageresources-display-component---newResourceUnit--PLANNED_DELIVERY_DATE","interaction":{"idSuffix":"inner"}},"wdio_ui5_key":"applicationmanageresources-display-component---newResourceUnit--PLANNED_DELIVERY_DATE"}]}
RESULT: undefined
COMMAND: POST /session/9813251e0ae410a7418940dcaaaaf337/execute/async - {"script":"<script> [6424 bytes]","args":[{"element-6066-11e4-a52e-4f735466cecf":"f.6D6192A7F298CA7F9ED2043BE1BC656F.d.529E3580E9835E4686EB93B6564DB3EF.e.1480"},"setValue",["6/5/25"]]}
RESULT: {}
RESULT: {"script":"<script> [6424 bytes]","args":[{"element-6066-11e4-a52e-4f735466cecf":"f.6D6192A7F298CA7F9ED2043BE1BC656F.d.529E3580E9835E4686EB93B6564DB3EF.e.1480"},"setValue",["6/5/25"]]}
COMMAND: POST /session/9813251e0ae410a7418940dcaaaaf337/element - {"using":"xpath","value":"//label[contains(@class, 'sapMLabelRequired') and .//bdi[contains(text(), 'Planned Retirement')]]"}
RESULT: {"using":"xpath","value":"//label[contains(@class, 'sapMLabelRequired') and .//bdi[contains(text(), 'Planned Retirement')]]"}
COMMAND: POST /session/9813251e0ae410a7418940dcaaaaf337/elements - {"using":"xpath","value":"//label[contains(@class, 'sapMLabelRequired') and .//bdi[contains(text(), 'Planned Retirement')]]"}
RESULT: {"using":"xpath","value":"//label[contains(@class, 'sapMLabelRequired') and .//bdi[contains(text(), 'Planned Retirement')]]"}
COMMAND: POST /session/9813251e0ae410a7418940dcaaaaf337/element - {"using":"xpath","value":"//button[@data-kt=\"resourceUnitSaveButton\"]"}
RESULT: {"using":"xpath","value":"//button[@data-kt=\"resourceUnitSaveButton\"]"}
COMMAND: POST /session/9813251e0ae410a7418940dcaaaaf337/element/f.6D6192A7F298CA7F9ED2043BE1BC656F.d.529E3580E9835E4686EB93B6564DB3EF.e.1440/click - {}
RESULT: {}
COMMAND: GET /session/9813251e0ae410a7418940dcaaaaf337/screenshot - {}
RESULT: {}
COMMAND: POST /session/9813251e0ae410a7418940dcaaaaf337/element - {"using":"xpath","value":"//bdi[contains(text(), \"Close\")]"}
RESULT: {"using":"xpath","value":"//bdi[contains(text(), \"Close\")]"}
COMMAND: POST /session/9813251e0ae410a7418940dcaaaaf337/element/f.6D6192A7F298CA7F9ED2043BE1BC656F.d.529E3580E9835E4686EB93B6564DB3EF.e.1657/click - {}
RESULT: {}
COMMAND: GET /session/9813251e0ae410a7418940dcaaaaf337/screenshot - {}
RESULT: {}
COMMAND: POST /session/9813251e0ae410a7418940dcaaaaf337/element - {"using":"xpath","value":"(//button[contains(@id ,\"actionsToolbar-overflowButton\")])[1]"}
RESULT: {"using":"xpath","value":"(//button[contains(@id ,\"actionsToolbar-overflowButton\")])[1]"}
COMMAND: POST /session/9813251e0ae410a7418940dcaaaaf337/element/f.6D6192A7F298CA7F9ED2043BE1BC656F.d.529E3580E9835E4686EB93B6564DB3EF.e.1714/click - {}
RESULT: {}
COMMAND: GET /session/9813251e0ae410a7418940dcaaaaf337/screenshot - {}
RESULT: {}
COMMAND: POST /session/9813251e0ae410a7418940dcaaaaf337/element - {"using":"xpath","value":"//button[@data-kt=\"priceInfoButton\"]"}
RESULT: {"using":"xpath","value":"//button[@data-kt=\"priceInfoButton\"]"}
COMMAND: POST /session/9813251e0ae410a7418940dcaaaaf337/element/f.6D6192A7F298CA7F9ED2043BE1BC656F.d.529E3580E9835E4686EB93B6564DB3EF.e.1716/click - {}
RESULT: {}
COMMAND: GET /session/9813251e0ae410a7418940dcaaaaf337/screenshot - {}
RESULT: {}
COMMAND: POST /session/9813251e0ae410a7418940dcaaaaf337/element - {"using":"css selector","value":"#shell-header-logo"}
RESULT: {"using":"css selector","value":"#shell-header-logo"}
COMMAND: POST /session/9813251e0ae410a7418940dcaaaaf337/element/f.6D6192A7F298CA7F9ED2043BE1BC656F.d.529E3580E9835E4686EB93B6564DB3EF.e.1013/click - {}
RESULT: {}
]]></system-out>
    </testcase>
    <testcase classname="chrome.137_0_7151_56.windows.Create_condition_pricing_US117289_US134625" name="Should create new condition" time="62.561">
      <system-out><![CDATA[
COMMAND: POST /session/9813251e0ae410a7418940dcaaaaf337/execute/async - {"script":"<script> [1562 bytes]","args":[{"selector":{"controlType":"sap.m.GenericTile","properties":{"header":"Manage Conditions & Prices"}},"wdio_ui5_key":"sapm.GenericTile{\"header\":\"Manage Conditions & Prices\"}"}]}
COMMAND: GET /session/9813251e0ae410a7418940dcaaaaf337/screenshot - {}
RESULT: {"script":"<script> [1562 bytes]","args":[{"selector":{"controlType":"sap.m.GenericTile","properties":{"header":"Manage Conditions & Prices"}},"wdio_ui5_key":"sapm.GenericTile{\"header\":\"Manage Conditions & Prices\"}"}]}
RESULT: undefined
COMMAND: POST /session/9813251e0ae410a7418940dcaaaaf337/element - {"using":"xpath","value":"//*[@id=\"__tile53\"]"}
RESULT: {}
RESULT: {"using":"xpath","value":"//*[@id=\"__tile53\"]"}
COMMAND: POST /session/9813251e0ae410a7418940dcaaaaf337/element/f.6D6192A7F298CA7F9ED2043BE1BC656F.d.529E3580E9835E4686EB93B6564DB3EF.e.200/click - {}
RESULT: {}
COMMAND: GET /session/9813251e0ae410a7418940dcaaaaf337/screenshot - {}
RESULT: {}
COMMAND: POST /session/9813251e0ae410a7418940dcaaaaf337/elements - {"using":"xpath","value":"//span[text()='Error']"}
RESULT: {"using":"xpath","value":"//span[text()='Error']"}
COMMAND: POST /session/9813251e0ae410a7418940dcaaaaf337/element - {"using":"xpath","value":"//button[@aria-label=\"Create\"]"}
RESULT: {"using":"xpath","value":"//button[@aria-label=\"Create\"]"}
COMMAND: POST /session/9813251e0ae410a7418940dcaaaaf337/elements - {"using":"xpath","value":"//button[@aria-label=\"Create\"]"}
RESULT: {"using":"xpath","value":"//button[@aria-label=\"Create\"]"}
COMMAND: POST /session/9813251e0ae410a7418940dcaaaaf337/execute/sync - {"script":"<script> [8489 bytes]","args":[{"element-6066-11e4-a52e-4f735466cecf":"f.6D6192A7F298CA7F9ED2043BE1BC656F.d.529E3580E9835E4686EB93B6564DB3EF.e.1827","ELEMENT":"f.6D6192A7F298CA7F9ED2043BE1BC656F.d.529E3580E9835E4686EB93B6564DB3EF.e.1827"}]}
RESULT: {"script":"<script> [8489 bytes]","args":[{"element-6066-11e4-a52e-4f735466cecf":"f.6D6192A7F298CA7F9ED2043BE1BC656F.d.529E3580E9835E4686EB93B6564DB3EF.e.1827","ELEMENT":"f.6D6192A7F298CA7F9ED2043BE1BC656F.d.529E3580E9835E4686EB93B6564DB3EF.e.1827"}]}
COMMAND: GET /session/9813251e0ae410a7418940dcaaaaf337/element/f.6D6192A7F298CA7F9ED2043BE1BC656F.d.529E3580E9835E4686EB93B6564DB3EF.e.1827/enabled - {}
COMMAND: GET /session/9813251e0ae410a7418940dcaaaaf337/screenshot - {}
RESULT: {}
COMMAND: POST /session/9813251e0ae410a7418940dcaaaaf337/execute/sync - {"script":"<script> [8489 bytes]","args":[{"element-6066-11e4-a52e-4f735466cecf":"f.6D6192A7F298CA7F9ED2043BE1BC656F.d.529E3580E9835E4686EB93B6564DB3EF.e.1827","ELEMENT":"f.6D6192A7F298CA7F9ED2043BE1BC656F.d.529E3580E9835E4686EB93B6564DB3EF.e.1827"}]}
COMMAND: GET /session/9813251e0ae410a7418940dcaaaaf337/screenshot - {}
RESULT: {}
RESULT: {"script":"<script> [8489 bytes]","args":[{"element-6066-11e4-a52e-4f735466cecf":"f.6D6192A7F298CA7F9ED2043BE1BC656F.d.529E3580E9835E4686EB93B6564DB3EF.e.1827","ELEMENT":"f.6D6192A7F298CA7F9ED2043BE1BC656F.d.529E3580E9835E4686EB93B6564DB3EF.e.1827"}]}
COMMAND: POST /session/9813251e0ae410a7418940dcaaaaf337/execute/sync - {"script":"<script> [5351 bytes]","args":[{"element-6066-11e4-a52e-4f735466cecf":"f.6D6192A7F298CA7F9ED2043BE1BC656F.d.529E3580E9835E4686EB93B6564DB3EF.e.1827","ELEMENT":"f.6D6192A7F298CA7F9ED2043BE1BC656F.d.529E3580E9835E4686EB93B6564DB3EF.e.1827"}]}
COMMAND: GET /session/9813251e0ae410a7418940dcaaaaf337/screenshot - {}
RESULT: {}
RESULT: {"script":"<script> [5351 bytes]","args":[{"element-6066-11e4-a52e-4f735466cecf":"f.6D6192A7F298CA7F9ED2043BE1BC656F.d.529E3580E9835E4686EB93B6564DB3EF.e.1827","ELEMENT":"f.6D6192A7F298CA7F9ED2043BE1BC656F.d.529E3580E9835E4686EB93B6564DB3EF.e.1827"}]}
COMMAND: POST /session/9813251e0ae410a7418940dcaaaaf337/element/f.6D6192A7F298CA7F9ED2043BE1BC656F.d.529E3580E9835E4686EB93B6564DB3EF.e.1827/click - {}
COMMAND: GET /session/9813251e0ae410a7418940dcaaaaf337/screenshot - {}
RESULT: {}
RESULT: {}
COMMAND: GET /session/9813251e0ae410a7418940dcaaaaf337/screenshot - {}
RESULT: {}
RESULT: {}
COMMAND: POST /session/9813251e0ae410a7418940dcaaaaf337/actions - {"actions":[{"id":"action6","type":"key","parameters":{},"actions":[{"type":"keyDown","value":"î€‡"},{"type":"pause","duration":10},{"type":"keyUp","value":"î€‡"}]}]}
RESULT: {"actions":[{"id":"action6","type":"key","parameters":{},"actions":[{"type":"keyDown","value":"î€‡"},{"type":"pause","duration":10},{"type":"keyUp","value":"î€‡"}]}]}
COMMAND: GET /session/9813251e0ae410a7418940dcaaaaf337/screenshot - {}
RESULT: {}
COMMAND: POST /session/9813251e0ae410a7418940dcaaaaf337/execute/async - {"script":"<script> [1562 bytes]","args":[{"selector":{"id":"application-manageconditionprice-display-component---newCondition--condBillCond-arrow"},"wdio_ui5_key":"applicationmanageconditionprice-display-component---newCondition--condBillCond-arrow"}]}
RESULT: {"script":"<script> [1562 bytes]","args":[{"selector":{"id":"application-manageconditionprice-display-component---newCondition--condBillCond-arrow"},"wdio_ui5_key":"applicationmanageconditionprice-display-component---newCondition--condBillCond-arrow"}]}
RESULT: undefined
COMMAND: POST /session/9813251e0ae410a7418940dcaaaaf337/element - {"using":"xpath","value":"//*[@id=\"application-manageconditionprice-display-component---newCondition--condBillCond-arrow\"]"}
RESULT: {"using":"xpath","value":"//*[@id=\"application-manageconditionprice-display-component---newCondition--condBillCond-arrow\"]"}
COMMAND: POST /session/9813251e0ae410a7418940dcaaaaf337/element/f.6D6192A7F298CA7F9ED2043BE1BC656F.d.529E3580E9835E4686EB93B6564DB3EF.e.2004/click - {}
RESULT: {}
COMMAND: GET /session/9813251e0ae410a7418940dcaaaaf337/screenshot - {}
RESULT: {}
COMMAND: POST /session/9813251e0ae410a7418940dcaaaaf337/element - {"using":"xpath","value":"//li[.//span[contains(text(), \"SAPR - Sales price\")]]"}
RESULT: {"using":"xpath","value":"//li[.//span[contains(text(), \"SAPR - Sales price\")]]"}
COMMAND: POST /session/9813251e0ae410a7418940dcaaaaf337/element/f.6D6192A7F298CA7F9ED2043BE1BC656F.d.529E3580E9835E4686EB93B6564DB3EF.e.2007/click - {}
RESULT: {}
COMMAND: GET /session/9813251e0ae410a7418940dcaaaaf337/screenshot - {}
RESULT: {}
COMMAND: POST /session/9813251e0ae410a7418940dcaaaaf337/execute/async - {"script":"<script> [1562 bytes]","args":[{"selector":{"id":"application-manageconditionprice-display-component---newCondition--condValidTo","interaction":{"idSuffix":"inner"}},"wdio_ui5_key":"applicationmanageconditionprice-display-component---newCondition--condValidTo"}]}
RESULT: {"script":"<script> [1562 bytes]","args":[{"selector":{"id":"application-manageconditionprice-display-component---newCondition--condValidTo","interaction":{"idSuffix":"inner"}},"wdio_ui5_key":"applicationmanageconditionprice-display-component---newCondition--condValidTo"}]}
RESULT: undefined
COMMAND: POST /session/9813251e0ae410a7418940dcaaaaf337/execute/async - {"script":"<script> [776 bytes]","args":[{"enterText":"2/5/26","selector":{"id":"application-manageconditionprice-display-component---newCondition--condValidTo","interaction":{"idSuffix":"inner"}},"clearTextFirst":true,"interactionType":"ENTER_TEXT"}]}
RESULT: {"script":"<script> [776 bytes]","args":[{"enterText":"2/5/26","selector":{"id":"application-manageconditionprice-display-component---newCondition--condValidTo","interaction":{"idSuffix":"inner"}},"clearTextFirst":true,"interactionType":"ENTER_TEXT"}]}
COMMAND: POST /session/9813251e0ae410a7418940dcaaaaf337/element - {"using":"xpath","value":"//input[@id=\"application-manageconditionprice-display-component---newCondition--condRU-inner\"]"}
RESULT: {"using":"xpath","value":"//input[@id=\"application-manageconditionprice-display-component---newCondition--condRU-inner\"]"}
COMMAND: POST /session/9813251e0ae410a7418940dcaaaaf337/element/f.6D6192A7F298CA7F9ED2043BE1BC656F.d.529E3580E9835E4686EB93B6564DB3EF.e.1868/clear - {}
RESULT: {}
COMMAND: POST /session/9813251e0ae410a7418940dcaaaaf337/element/f.6D6192A7F298CA7F9ED2043BE1BC656F.d.529E3580E9835E4686EB93B6564DB3EF.e.1868/value - {"text":"EGsoTbVSiS"}
COMMAND: GET /session/9813251e0ae410a7418940dcaaaaf337/screenshot - {}
RESULT: {"text":"EGsoTbVSiS"}
COMMAND: GET /session/9813251e0ae410a7418940dcaaaaf337/screenshot - {}
RESULT: {}
RESULT: {}
COMMAND: POST /session/9813251e0ae410a7418940dcaaaaf337/actions - {"actions":[{"id":"action7","type":"key","parameters":{},"actions":[{"type":"keyDown","value":"î€‡"},{"type":"pause","duration":10},{"type":"keyUp","value":"î€‡"}]}]}
RESULT: {"actions":[{"id":"action7","type":"key","parameters":{},"actions":[{"type":"keyDown","value":"î€‡"},{"type":"pause","duration":10},{"type":"keyUp","value":"î€‡"}]}]}
COMMAND: POST /session/9813251e0ae410a7418940dcaaaaf337/execute/async - {"script":"<script> [1562 bytes]","args":[{"selector":{"id":"application-manageconditionprice-display-component---newCondition--condBaseQty","interaction":{"idSuffix":"inner"}},"wdio_ui5_key":"applicationmanageconditionprice-display-component---newCondition--condBaseQty"}]}
COMMAND: GET /session/9813251e0ae410a7418940dcaaaaf337/screenshot - {}
RESULT: {"script":"<script> [1562 bytes]","args":[{"selector":{"id":"application-manageconditionprice-display-component---newCondition--condBaseQty","interaction":{"idSuffix":"inner"}},"wdio_ui5_key":"applicationmanageconditionprice-display-component---newCondition--condBaseQty"}]}
RESULT: undefined
COMMAND: POST /session/9813251e0ae410a7418940dcaaaaf337/execute/async - {"script":"<script> [776 bytes]","args":[{"enterText":"1","selector":{"id":"application-manageconditionprice-display-component---newCondition--condBaseQty","interaction":{"idSuffix":"inner"}},"clearTextFirst":true,"interactionType":"ENTER_TEXT"}]}
RESULT: {}
RESULT: {"script":"<script> [776 bytes]","args":[{"enterText":"1","selector":{"id":"application-manageconditionprice-display-component---newCondition--condBaseQty","interaction":{"idSuffix":"inner"}},"clearTextFirst":true,"interactionType":"ENTER_TEXT"}]}
COMMAND: POST /session/9813251e0ae410a7418940dcaaaaf337/execute/async - {"script":"<script> [1562 bytes]","args":[{"selector":{"id":"application-manageconditionprice-display-component---newCondition--condValue","interaction":{"idSuffix":"inner"}},"wdio_ui5_key":"applicationmanageconditionprice-display-component---newCondition--condValue"}]}
RESULT: {"script":"<script> [1562 bytes]","args":[{"selector":{"id":"application-manageconditionprice-display-component---newCondition--condValue","interaction":{"idSuffix":"inner"}},"wdio_ui5_key":"applicationmanageconditionprice-display-component---newCondition--condValue"}]}
RESULT: undefined
COMMAND: POST /session/9813251e0ae410a7418940dcaaaaf337/execute/async - {"script":"<script> [776 bytes]","args":[{"enterText":"200","selector":{"id":"application-manageconditionprice-display-component---newCondition--condValue","interaction":{"idSuffix":"inner"}},"clearTextFirst":true,"interactionType":"ENTER_TEXT"}]}
RESULT: {"script":"<script> [776 bytes]","args":[{"enterText":"200","selector":{"id":"application-manageconditionprice-display-component---newCondition--condValue","interaction":{"idSuffix":"inner"}},"clearTextFirst":true,"interactionType":"ENTER_TEXT"}]}
COMMAND: POST /session/9813251e0ae410a7418940dcaaaaf337/execute/async - {"script":"<script> [1562 bytes]","args":[{"selector":{"id":"application-manageconditionprice-display-component---newCondition--condCurr-arrow"},"wdio_ui5_key":"applicationmanageconditionprice-display-component---newCondition--condCurr-arrow"}]}
RESULT: {"script":"<script> [1562 bytes]","args":[{"selector":{"id":"application-manageconditionprice-display-component---newCondition--condCurr-arrow"},"wdio_ui5_key":"applicationmanageconditionprice-display-component---newCondition--condCurr-arrow"}]}
RESULT: undefined
COMMAND: POST /session/9813251e0ae410a7418940dcaaaaf337/element - {"using":"xpath","value":"//*[@id=\"application-manageconditionprice-display-component---newCondition--condCurr-arrow\"]"}
RESULT: {"using":"xpath","value":"//*[@id=\"application-manageconditionprice-display-component---newCondition--condCurr-arrow\"]"}
COMMAND: POST /session/9813251e0ae410a7418940dcaaaaf337/element/f.6D6192A7F298CA7F9ED2043BE1BC656F.d.529E3580E9835E4686EB93B6564DB3EF.e.1985/click - {}
RESULT: {}
COMMAND: POST /session/9813251e0ae410a7418940dcaaaaf337/element - {"using":"xpath","value":"//span[contains(text(), \"Euro\")]"}
COMMAND: GET /session/9813251e0ae410a7418940dcaaaaf337/screenshot - {}
RESULT: {"using":"xpath","value":"//span[contains(text(), \"Euro\")]"}
COMMAND: POST /session/9813251e0ae410a7418940dcaaaaf337/element/f.6D6192A7F298CA7F9ED2043BE1BC656F.d.529E3580E9835E4686EB93B6564DB3EF.e.2046/click - {}
RESULT: {}
RESULT: {}
COMMAND: POST /session/9813251e0ae410a7418940dcaaaaf337/element - {"using":"xpath","value":"//button[@data-kt=\"saveButton\"]"}
COMMAND: GET /session/9813251e0ae410a7418940dcaaaaf337/screenshot - {}
RESULT: {"using":"xpath","value":"//button[@data-kt=\"saveButton\"]"}
COMMAND: POST /session/9813251e0ae410a7418940dcaaaaf337/element/f.6D6192A7F298CA7F9ED2043BE1BC656F.d.529E3580E9835E4686EB93B6564DB3EF.e.1986/click - {}
RESULT: {}
RESULT: {}
COMMAND: GET /session/9813251e0ae410a7418940dcaaaaf337/screenshot - {}
RESULT: {}
COMMAND: POST /session/9813251e0ae410a7418940dcaaaaf337/execute/async - {"script":"<script> [1562 bytes]","args":[{"selector":{"id":"application-manageconditionprice-display-component---conditions--smartFilterBar-btnBasicSearch","interaction":{"idSuffix":"I"}},"wdio_ui5_key":"applicationmanageconditionprice-display-component---conditions--smartFilterBar-btnBasicSearch"}]}
RESULT: {"script":"<script> [1562 bytes]","args":[{"selector":{"id":"application-manageconditionprice-display-component---conditions--smartFilterBar-btnBasicSearch","interaction":{"idSuffix":"I"}},"wdio_ui5_key":"applicationmanageconditionprice-display-component---conditions--smartFilterBar-btnBasicSearch"}]}
RESULT: undefined
COMMAND: POST /session/9813251e0ae410a7418940dcaaaaf337/execute/async - {"script":"<script> [776 bytes]","args":[{"enterText":"EGsoTbVSiS","selector":{"id":"application-manageconditionprice-display-component---conditions--smartFilterBar-btnBasicSearch","interaction":{"idSuffix":"I"}},"clearTextFirst":true,"interactionType":"ENTER_TEXT"}]}
RESULT: {"script":"<script> [776 bytes]","args":[{"enterText":"EGsoTbVSiS","selector":{"id":"application-manageconditionprice-display-component---conditions--smartFilterBar-btnBasicSearch","interaction":{"idSuffix":"I"}},"clearTextFirst":true,"interactionType":"ENTER_TEXT"}]}
COMMAND: POST /session/9813251e0ae410a7418940dcaaaaf337/actions - {"actions":[{"id":"action8","type":"key","parameters":{},"actions":[{"type":"keyDown","value":"î€‡"},{"type":"pause","duration":10},{"type":"keyUp","value":"î€‡"}]}]}
RESULT: {"actions":[{"id":"action8","type":"key","parameters":{},"actions":[{"type":"keyDown","value":"î€‡"},{"type":"pause","duration":10},{"type":"keyUp","value":"î€‡"}]}]}
COMMAND: GET /session/9813251e0ae410a7418940dcaaaaf337/screenshot - {}
RESULT: {}
COMMAND: POST /session/9813251e0ae410a7418940dcaaaaf337/execute/async - {"script":"<script> [1562 bytes]","args":[{"selector":{"id":"application-manageconditionprice-display-component---conditions--smartFilterBar-filterItemControl_BASIC-BILL_TYPES-vhi"},"wdio_ui5_key":"applicationmanageconditionprice-display-component---conditions--smartFilterBar-filterItemControl_BASIC-BILL_TYPES-vhi"}]}
RESULT: {"script":"<script> [1562 bytes]","args":[{"selector":{"id":"application-manageconditionprice-display-component---conditions--smartFilterBar-filterItemControl_BASIC-BILL_TYPES-vhi"},"wdio_ui5_key":"applicationmanageconditionprice-display-component---conditions--smartFilterBar-filterItemControl_BASIC-BILL_TYPES-vhi"}]}
RESULT: undefined
COMMAND: POST /session/9813251e0ae410a7418940dcaaaaf337/element - {"using":"xpath","value":"//*[@id=\"application-manageconditionprice-display-component---conditions--smartFilterBar-filterItemControl_BASIC-BILL_TYPES-vhi\"]"}
RESULT: {"using":"xpath","value":"//*[@id=\"application-manageconditionprice-display-component---conditions--smartFilterBar-filterItemControl_BASIC-BILL_TYPES-vhi\"]"}
COMMAND: POST /session/9813251e0ae410a7418940dcaaaaf337/element/f.6D6192A7F298CA7F9ED2043BE1BC656F.d.529E3580E9835E4686EB93B6564DB3EF.e.2153/click - {}
RESULT: {}
COMMAND: POST /session/9813251e0ae410a7418940dcaaaaf337/execute/async - {"script":"<script> [1562 bytes]","args":[{"selector":{"id":"application-manageconditionprice-display-component---conditions--smartFilterBar-filterItemControl_BASIC-BILL_TYPES-valueHelpDialog-smartFilterBar-btnBasicSearch","searchOpenDialogs":true,"interaction":{"idSuffix":"I"}},"wdio_ui5_key":"applicationmanageconditionprice-display-component---conditions--smartFilterBar-filterItemControl_BASIC-BILL_TYPES-valueHelpDialog-smartFilterBar-btnBasicSearch"}]}
COMMAND: GET /session/9813251e0ae410a7418940dcaaaaf337/screenshot - {}
RESULT: {"script":"<script> [1562 bytes]","args":[{"selector":{"id":"application-manageconditionprice-display-component---conditions--smartFilterBar-filterItemControl_BASIC-BILL_TYPES-valueHelpDialog-smartFilterBar-btnBasicSearch","searchOpenDialogs":true,"interaction":{"idSuffix":"I"}},"wdio_ui5_key":"applicationmanageconditionprice-display-component---conditions--smartFilterBar-filterItemControl_BASIC-BILL_TYPES-valueHelpDialog-smartFilterBar-btnBasicSearch"}]}
RESULT: undefined
COMMAND: POST /session/9813251e0ae410a7418940dcaaaaf337/execute/async - {"script":"<script> [776 bytes]","args":[{"enterText":"one","selector":{"id":"application-manageconditionprice-display-component---conditions--smartFilterBar-filterItemControl_BASIC-BILL_TYPES-valueHelpDialog-smartFilterBar-btnBasicSearch","searchOpenDialogs":true,"interaction":{"idSuffix":"I"}},"clearTextFirst":true,"interactionType":"ENTER_TEXT"}]}
RESULT: {}
RESULT: {"script":"<script> [776 bytes]","args":[{"enterText":"one","selector":{"id":"application-manageconditionprice-display-component---conditions--smartFilterBar-filterItemControl_BASIC-BILL_TYPES-valueHelpDialog-smartFilterBar-btnBasicSearch","searchOpenDialogs":true,"interaction":{"idSuffix":"I"}},"clearTextFirst":true,"interactionType":"ENTER_TEXT"}]}
COMMAND: POST /session/9813251e0ae410a7418940dcaaaaf337/actions - {"actions":[{"id":"action9","type":"key","parameters":{},"actions":[{"type":"keyDown","value":"î€‡"},{"type":"pause","duration":10},{"type":"keyUp","value":"î€‡"}]}]}
RESULT: {"actions":[{"id":"action9","type":"key","parameters":{},"actions":[{"type":"keyDown","value":"î€‡"},{"type":"pause","duration":10},{"type":"keyUp","value":"î€‡"}]}]}
COMMAND: GET /session/9813251e0ae410a7418940dcaaaaf337/screenshot - {}
RESULT: {}
COMMAND: POST /session/9813251e0ae410a7418940dcaaaaf337/element - {"using":"xpath","value":"//div[contains(@id, 'application-manageconditionprice-display-component---conditions--smartFilterBar-filterItemControl_BASIC-BILL_TYPES-valueHelpDialog-table-rowsel0')]"}
RESULT: {"using":"xpath","value":"//div[contains(@id, 'application-manageconditionprice-display-component---conditions--smartFilterBar-filterItemControl_BASIC-BILL_TYPES-valueHelpDialog-table-rowsel0')]"}
COMMAND: POST /session/9813251e0ae410a7418940dcaaaaf337/element/f.6D6192A7F298CA7F9ED2043BE1BC656F.d.529E3580E9835E4686EB93B6564DB3EF.e.2162/click - {}
RESULT: {}
COMMAND: GET /session/9813251e0ae410a7418940dcaaaaf337/screenshot - {}
RESULT: {}
COMMAND: POST /session/9813251e0ae410a7418940dcaaaaf337/element - {"using":"xpath","value":"//bdi[contains(text(), \"OK\")]"}
RESULT: {"using":"xpath","value":"//bdi[contains(text(), \"OK\")]"}
COMMAND: POST /session/9813251e0ae410a7418940dcaaaaf337/element/f.6D6192A7F298CA7F9ED2043BE1BC656F.d.529E3580E9835E4686EB93B6564DB3EF.e.2164/click - {}
RESULT: {}
COMMAND: GET /session/9813251e0ae410a7418940dcaaaaf337/screenshot - {}
RESULT: {}
COMMAND: POST /session/9813251e0ae410a7418940dcaaaaf337/element - {"using":"xpath","value":"//span[@id=\"application-manageconditionprice-display-component---conditions--smartTable-header-inner\"]"}
RESULT: {"using":"xpath","value":"//span[@id=\"application-manageconditionprice-display-component---conditions--smartTable-header-inner\"]"}
COMMAND: POST /session/9813251e0ae410a7418940dcaaaaf337/elements - {"using":"xpath","value":"//span[@id=\"application-manageconditionprice-display-component---conditions--smartTable-header-inner\"]"}
RESULT: {"using":"xpath","value":"//span[@id=\"application-manageconditionprice-display-component---conditions--smartTable-header-inner\"]"}
COMMAND: POST /session/9813251e0ae410a7418940dcaaaaf337/execute/sync - {"script":"<script> [56 bytes]","args":[{"element-6066-11e4-a52e-4f735466cecf":"f.6D6192A7F298CA7F9ED2043BE1BC656F.d.529E3580E9835E4686EB93B6564DB3EF.e.2167","ELEMENT":"f.6D6192A7F298CA7F9ED2043BE1BC656F.d.529E3580E9835E4686EB93B6564DB3EF.e.2167"}]}
RESULT: {"script":"<script> [56 bytes]","args":[{"element-6066-11e4-a52e-4f735466cecf":"f.6D6192A7F298CA7F9ED2043BE1BC656F.d.529E3580E9835E4686EB93B6564DB3EF.e.2167","ELEMENT":"f.6D6192A7F298CA7F9ED2043BE1BC656F.d.529E3580E9835E4686EB93B6564DB3EF.e.2167"}]}
COMMAND: POST /session/9813251e0ae410a7418940dcaaaaf337/element - {"using":"css selector","value":"#shell-header-logo"}
COMMAND: GET /session/9813251e0ae410a7418940dcaaaaf337/screenshot - {}
RESULT: {"using":"css selector","value":"#shell-header-logo"}
COMMAND: POST /session/9813251e0ae410a7418940dcaaaaf337/element/f.6D6192A7F298CA7F9ED2043BE1BC656F.d.529E3580E9835E4686EB93B6564DB3EF.e.1795/click - {}
RESULT: {}
RESULT: {}
COMMAND: GET /session/9813251e0ae410a7418940dcaaaaf337/screenshot - {}
RESULT: {}
COMMAND: POST /session/9813251e0ae410a7418940dcaaaaf337/element - {"using":"css selector","value":"#j_username"}
COMMAND: POST /session/9813251e0ae410a7418940dcaaaaf337/url - {"url":"https://qa-testing-00-live-etm-ui.cfapps.eu10-004.hana.ondemand.com/"}
RESULT: {"using":"css selector","value":"#j_username"}
COMMAND: POST /session/9813251e0ae410a7418940dcaaaaf337/element - {"using":"css selector","value":"#j_username"}
RESULT: {"url":"https://qa-testing-00-live-etm-ui.cfapps.eu10-004.hana.ondemand.com/"}
RESULT: undefined
COMMAND: GET /session/9813251e0ae410a7418940dcaaaaf337/screenshot - {}
RESULT: {"using":"css selector","value":"#j_username"}
COMMAND: POST /session/9813251e0ae410a7418940dcaaaaf337/element - {"using":"css selector","value":"#shell-header-logo"}
RESULT: {}
RESULT: {"using":"css selector","value":"#shell-header-logo"}
COMMAND: POST /session/9813251e0ae410a7418940dcaaaaf337/execute/sync - {"script":"<script> [8489 bytes]","args":[{"element-6066-11e4-a52e-4f735466cecf":"f.6D6192A7F298CA7F9ED2043BE1BC656F.d.6A2D536B87CA085452691058F8AC60A4.e.2253","ELEMENT":"f.6D6192A7F298CA7F9ED2043BE1BC656F.d.6A2D536B87CA085452691058F8AC60A4.e.2253"}]}
RESULT: {"script":"<script> [8489 bytes]","args":[{"element-6066-11e4-a52e-4f735466cecf":"f.6D6192A7F298CA7F9ED2043BE1BC656F.d.6A2D536B87CA085452691058F8AC60A4.e.2253","ELEMENT":"f.6D6192A7F298CA7F9ED2043BE1BC656F.d.6A2D536B87CA085452691058F8AC60A4.e.2253"}]}
COMMAND: POST /session/9813251e0ae410a7418940dcaaaaf337/element - {"using":"css selector","value":"#shell-header-logo"}
COMMAND: GET /session/9813251e0ae410a7418940dcaaaaf337/screenshot - {}
RESULT: {"using":"css selector","value":"#shell-header-logo"}
COMMAND: POST /session/9813251e0ae410a7418940dcaaaaf337/execute/sync - {"script":"<script> [8489 bytes]","args":[{"element-6066-11e4-a52e-4f735466cecf":"f.6D6192A7F298CA7F9ED2043BE1BC656F.d.6A2D536B87CA085452691058F8AC60A4.e.2253","ELEMENT":"f.6D6192A7F298CA7F9ED2043BE1BC656F.d.6A2D536B87CA085452691058F8AC60A4.e.2253"}]}
RESULT: {}
RESULT: {"script":"<script> [8489 bytes]","args":[{"element-6066-11e4-a52e-4f735466cecf":"f.6D6192A7F298CA7F9ED2043BE1BC656F.d.6A2D536B87CA085452691058F8AC60A4.e.2253","ELEMENT":"f.6D6192A7F298CA7F9ED2043BE1BC656F.d.6A2D536B87CA085452691058F8AC60A4.e.2253"}]}
COMMAND: POST /session/9813251e0ae410a7418940dcaaaaf337/execute/sync - {"script":"<script> [5351 bytes]","args":[{"element-6066-11e4-a52e-4f735466cecf":"f.6D6192A7F298CA7F9ED2043BE1BC656F.d.6A2D536B87CA085452691058F8AC60A4.e.2253","ELEMENT":"f.6D6192A7F298CA7F9ED2043BE1BC656F.d.6A2D536B87CA085452691058F8AC60A4.e.2253"}]}
COMMAND: GET /session/9813251e0ae410a7418940dcaaaaf337/screenshot - {}
RESULT: {"script":"<script> [5351 bytes]","args":[{"element-6066-11e4-a52e-4f735466cecf":"f.6D6192A7F298CA7F9ED2043BE1BC656F.d.6A2D536B87CA085452691058F8AC60A4.e.2253","ELEMENT":"f.6D6192A7F298CA7F9ED2043BE1BC656F.d.6A2D536B87CA085452691058F8AC60A4.e.2253"}]}
COMMAND: POST /session/9813251e0ae410a7418940dcaaaaf337/element - {"using":"css selector","value":"#shell-header-logo"}
COMMAND: GET /session/9813251e0ae410a7418940dcaaaaf337/screenshot - {}
RESULT: {}
RESULT: {"using":"css selector","value":"#shell-header-logo"}
COMMAND: POST /session/9813251e0ae410a7418940dcaaaaf337/element/f.6D6192A7F298CA7F9ED2043BE1BC656F.d.6A2D536B87CA085452691058F8AC60A4.e.2253/click - {}
RESULT: {}
RESULT: {}
COMMAND: GET /session/9813251e0ae410a7418940dcaaaaf337/screenshot - {}
RESULT: {}
COMMAND: POST /session/9813251e0ae410a7418940dcaaaaf337/execute/async - {"script":"<script> [189 bytes]","args":[]}
RESULT: {"script":"<script> [189 bytes]","args":[]}
COMMAND: POST /session/9813251e0ae410a7418940dcaaaaf337/execute/async - {"script":"<script> [123 bytes]","args":[]}
RESULT: {"script":"<script> [123 bytes]","args":[]}
COMMAND: POST /session/9813251e0ae410a7418940dcaaaaf337/timeouts - {"script":"<number>"}
RESULT: {"script":"<number>"}
COMMAND: GET /session/9813251e0ae410a7418940dcaaaaf337/timeouts - {}
RESULT: {}
RESULT: undefined
COMMAND: POST /session/9813251e0ae410a7418940dcaaaaf337/execute/async - {"script":"<script> [2676 bytes]","args":[]}
RESULT: {"script":"<script> [2676 bytes]","args":[]}
COMMAND: POST /session/9813251e0ae410a7418940dcaaaaf337/execute/async - {"script":"<script> [2342 bytes]","args":[{"protocol":"http","hostname":"0.0.0.0","path":"/","capabilities":{"browserName":"chrome","goog:chromeOptions":{"binary":"C:\\Program Files\\Google\\Chrome\\Application\\chrome.exe","args":["--start-maximized"]}},"logLevel":"warn","connectionRetryTimeout":120000,"connectionRetryCount":3,"logLevels":{},"enableDirectConnect":true,"strictSSL":true,"_":"65 more keys: [\"cacheDir\",\"port\",\"requestedCapabilities\",\"automationProtocol\",\"baseUrl\",\"waitforInterval\",\"waitforTimeout\",\"onReload\",\"beforeCommand\",\"afterCommand\",\"rootDir\",\"specs\",\"suites\",\"exclude\",\"groupLogsByTestSpec\",\"excludeDriverLogs\",\"bail\",\"framework\",\"reporters\",\"services\",\"maxInstances\",\"maxInstancesPerCapability\",\"injectGlobals\",\"filesToWatch\",\"execArgv\",\"runnerEnv\",\"runner\",\"shard\",\"specFileRetries\",\"specFileRetriesDelay\",\"specFileRetriesDeferred\",\"reporterSyncInterval\",\"reporterSyncTimeout\",\"cucumberFeaturesWithLineNumbers\",\"autoCompileOpts\",\"mochaOpts\",\"jasmineOpts\",\"cucumberOpts\",\"onPrepare\",\"onWorkerStart\",\"onWorkerEnd\",\"before\",\"beforeSession\",\"beforeSuite\",\"beforeHook\",\"beforeTest\",\"afterTest\",\"afterHook\",\"afterSuite\",\"afterSession\",\"after\",\"onComplete\",\"beforeAssertion\",\"afterAssertion\",\"beforeFeature\",\"beforeScenario\",\"beforeStep\",\"afterStep\",\"afterScenario\",\"afterFeature\",\"_\",\"suite\",\"$0\",\"ignoredWorkerServices\",\"wdi5\"]"}]}
RESULT: {"script":"<script> [2342 bytes]","args":[{"protocol":"http","hostname":"0.0.0.0","path":"/","capabilities":{"browserName":"chrome","goog:chromeOptions":{"binary":"C:\\Program Files\\Google\\Chrome\\Application\\chrome.exe","args":["--start-maximized"]}},"logLevel":"warn","connectionRetryTimeout":120000,"connectionRetryCount":3,"logLevels":{},"enableDirectConnect":true,"strictSSL":true,"_":"65 more keys: [\"cacheDir\",\"port\",\"requestedCapabilities\",\"automationProtocol\",\"baseUrl\",\"waitforInterval\",\"waitforTimeout\",\"onReload\",\"beforeCommand\",\"afterCommand\",\"rootDir\",\"specs\",\"suites\",\"exclude\",\"groupLogsByTestSpec\",\"excludeDriverLogs\",\"bail\",\"framework\",\"reporters\",\"services\",\"maxInstances\",\"maxInstancesPerCapability\",\"injectGlobals\",\"filesToWatch\",\"execArgv\",\"runnerEnv\",\"runner\",\"shard\",\"specFileRetries\",\"specFileRetriesDelay\",\"specFileRetriesDeferred\",\"reporterSyncInterval\",\"reporterSyncTimeout\",\"cucumberFeaturesWithLineNumbers\",\"autoCompileOpts\",\"mochaOpts\",\"jasmineOpts\",\"cucumberOpts\",\"onPrepare\",\"onWorkerStart\",\"onWorkerEnd\",\"before\",\"beforeSession\",\"beforeSuite\",\"beforeHook\",\"beforeTest\",\"afterTest\",\"afterHook\",\"afterSuite\",\"afterSession\",\"after\",\"onComplete\",\"beforeAssertion\",\"afterAssertion\",\"beforeFeature\",\"beforeScenario\",\"beforeStep\",\"afterStep\",\"afterScenario\",\"afterFeature\",\"_\",\"suite\",\"$0\",\"ignoredWorkerServices\",\"wdi5\"]"}]}
COMMAND: POST /session/9813251e0ae410a7418940dcaaaaf337/execute/async - {"script":"<script> [21126 bytes]","args":[35000]}
RESULT: {"script":"<script> [21126 bytes]","args":[35000]}
COMMAND: POST /session/9813251e0ae410a7418940dcaaaaf337/window/maximize - {}
RESULT: {}
COMMAND: POST /session/9813251e0ae410a7418940dcaaaaf337/execute/async - {"script":"<script> [1562 bytes]","args":[{"selector":{"id":"shell-header","interaction":{"idSuffix":"icon"}},"wdio_ui5_key":"shellheader"}]}
COMMAND: GET /session/9813251e0ae410a7418940dcaaaaf337/screenshot - {}
RESULT: {"script":"<script> [1562 bytes]","args":[{"selector":{"id":"shell-header","interaction":{"idSuffix":"icon"}},"wdio_ui5_key":"shellheader"}]}
RESULT: undefined
COMMAND: POST /session/9813251e0ae410a7418940dcaaaaf337/refresh - {}
RESULT: {}
RESULT: {}
COMMAND: GET /session/9813251e0ae410a7418940dcaaaaf337/screenshot - {}
RESULT: {}
COMMAND: POST /session/9813251e0ae410a7418940dcaaaaf337/refresh - {}
RESULT: {}
COMMAND: GET /session/9813251e0ae410a7418940dcaaaaf337/screenshot - {}
RESULT: {}
COMMAND: POST /session/9813251e0ae410a7418940dcaaaaf337/window/fullscreen - {}
RESULT: {}
COMMAND: POST /session/9813251e0ae410a7418940dcaaaaf337/execute/async - {"script":"<script> [189 bytes]","args":[]}
RESULT: {"script":"<script> [189 bytes]","args":[]}
COMMAND: POST /session/9813251e0ae410a7418940dcaaaaf337/execute/async - {"script":"<script> [123 bytes]","args":[]}
RESULT: {"script":"<script> [123 bytes]","args":[]}
COMMAND: POST /session/9813251e0ae410a7418940dcaaaaf337/timeouts - {"script":"<number>"}
RESULT: {"script":"<number>"}
COMMAND: GET /session/9813251e0ae410a7418940dcaaaaf337/timeouts - {}
RESULT: {}
RESULT: undefined
COMMAND: POST /session/9813251e0ae410a7418940dcaaaaf337/execute/async - {"script":"<script> [2676 bytes]","args":[]}
RESULT: {"script":"<script> [2676 bytes]","args":[]}
COMMAND: POST /session/9813251e0ae410a7418940dcaaaaf337/execute/async - {"script":"<script> [2342 bytes]","args":[{"protocol":"http","hostname":"0.0.0.0","path":"/","capabilities":{"browserName":"chrome","goog:chromeOptions":{"binary":"C:\\Program Files\\Google\\Chrome\\Application\\chrome.exe","args":["--start-maximized"]}},"logLevel":"warn","connectionRetryTimeout":120000,"connectionRetryCount":3,"logLevels":{},"enableDirectConnect":true,"strictSSL":true,"_":"65 more keys: [\"cacheDir\",\"port\",\"requestedCapabilities\",\"automationProtocol\",\"baseUrl\",\"waitforInterval\",\"waitforTimeout\",\"onReload\",\"beforeCommand\",\"afterCommand\",\"rootDir\",\"specs\",\"suites\",\"exclude\",\"groupLogsByTestSpec\",\"excludeDriverLogs\",\"bail\",\"framework\",\"reporters\",\"services\",\"maxInstances\",\"maxInstancesPerCapability\",\"injectGlobals\",\"filesToWatch\",\"execArgv\",\"runnerEnv\",\"runner\",\"shard\",\"specFileRetries\",\"specFileRetriesDelay\",\"specFileRetriesDeferred\",\"reporterSyncInterval\",\"reporterSyncTimeout\",\"cucumberFeaturesWithLineNumbers\",\"autoCompileOpts\",\"mochaOpts\",\"jasmineOpts\",\"cucumberOpts\",\"onPrepare\",\"onWorkerStart\",\"onWorkerEnd\",\"before\",\"beforeSession\",\"beforeSuite\",\"beforeHook\",\"beforeTest\",\"afterTest\",\"afterHook\",\"afterSuite\",\"afterSession\",\"after\",\"onComplete\",\"beforeAssertion\",\"afterAssertion\",\"beforeFeature\",\"beforeScenario\",\"beforeStep\",\"afterStep\",\"afterScenario\",\"afterFeature\",\"_\",\"suite\",\"$0\",\"ignoredWorkerServices\",\"wdi5\"]"}]}
RESULT: {"script":"<script> [2342 bytes]","args":[{"protocol":"http","hostname":"0.0.0.0","path":"/","capabilities":{"browserName":"chrome","goog:chromeOptions":{"binary":"C:\\Program Files\\Google\\Chrome\\Application\\chrome.exe","args":["--start-maximized"]}},"logLevel":"warn","connectionRetryTimeout":120000,"connectionRetryCount":3,"logLevels":{},"enableDirectConnect":true,"strictSSL":true,"_":"65 more keys: [\"cacheDir\",\"port\",\"requestedCapabilities\",\"automationProtocol\",\"baseUrl\",\"waitforInterval\",\"waitforTimeout\",\"onReload\",\"beforeCommand\",\"afterCommand\",\"rootDir\",\"specs\",\"suites\",\"exclude\",\"groupLogsByTestSpec\",\"excludeDriverLogs\",\"bail\",\"framework\",\"reporters\",\"services\",\"maxInstances\",\"maxInstancesPerCapability\",\"injectGlobals\",\"filesToWatch\",\"execArgv\",\"runnerEnv\",\"runner\",\"shard\",\"specFileRetries\",\"specFileRetriesDelay\",\"specFileRetriesDeferred\",\"reporterSyncInterval\",\"reporterSyncTimeout\",\"cucumberFeaturesWithLineNumbers\",\"autoCompileOpts\",\"mochaOpts\",\"jasmineOpts\",\"cucumberOpts\",\"onPrepare\",\"onWorkerStart\",\"onWorkerEnd\",\"before\",\"beforeSession\",\"beforeSuite\",\"beforeHook\",\"beforeTest\",\"afterTest\",\"afterHook\",\"afterSuite\",\"afterSession\",\"after\",\"onComplete\",\"beforeAssertion\",\"afterAssertion\",\"beforeFeature\",\"beforeScenario\",\"beforeStep\",\"afterStep\",\"afterScenario\",\"afterFeature\",\"_\",\"suite\",\"$0\",\"ignoredWorkerServices\",\"wdi5\"]"}]}
COMMAND: POST /session/9813251e0ae410a7418940dcaaaaf337/execute/async - {"script":"<script> [21126 bytes]","args":[35000]}
RESULT: {"script":"<script> [21126 bytes]","args":[35000]}
]]></system-out>
    </testcase>
  </testsuite>
  <testsuite timestamp="2025-06-05T17:02:30" time="107.553" tests="3" failures="0" errors="0" skipped="0">
    <properties>
      <property name="specId" value="0" />
      <property name="suiteName" value="Set up pricing rule(OT) 104624" />
      <property name="capabilities" value="chrome.137_0_7151_56.windows" />
      <property name="file" value="file:///D:/a/1/s/test/specs/BTS/create-pricing-rule.spec.js" />
    </properties>
    <testcase classname="chrome.137_0_7151_56.windows.Set_up_pricing_rule(OT)_104624" name="Should create a new yard used for all following tests" time="0.011">
      <system-out><![CDATA[
COMMAND: POST /session/9813251e0ae410a7418940dcaaaaf337/window/fullscreen - {}
RESULT: {}
]]></system-out>
    </testcase>
    <testcase classname="chrome.137_0_7151_56.windows.Set_up_pricing_rule(OT)_104624" name="Should create a new equipment used for all following tests" time="0.003" />
    <testcase classname="chrome.137_0_7151_56.windows.Set_up_pricing_rule(OT)_104624" name="Should create new pricing rule on the created resource from earlier module or above" time="59.861">
      <system-out><![CDATA[
COMMAND: POST /session/9813251e0ae410a7418940dcaaaaf337/execute/async - {"script":"<script> [1562 bytes]","args":[{"selector":{"controlType":"sap.m.GenericTile","properties":{"header":"Manage Pricing Rules"}},"wdio_ui5_key":"sapm.GenericTile{\"header\":\"Manage Pricing Rules\"}"}]}
RESULT: {"script":"<script> [1562 bytes]","args":[{"selector":{"controlType":"sap.m.GenericTile","properties":{"header":"Manage Pricing Rules"}},"wdio_ui5_key":"sapm.GenericTile{\"header\":\"Manage Pricing Rules\"}"}]}
RESULT: undefined
COMMAND: POST /session/9813251e0ae410a7418940dcaaaaf337/element - {"using":"xpath","value":"//*[@id=\"__tile55\"]"}
RESULT: {"using":"xpath","value":"//*[@id=\"__tile55\"]"}
COMMAND: POST /session/9813251e0ae410a7418940dcaaaaf337/element/f.6D6192A7F298CA7F9ED2043BE1BC656F.d.C7040004AA119E125268483DB2FB2418.e.2440/click - {}
RESULT: {}
COMMAND: GET /session/9813251e0ae410a7418940dcaaaaf337/screenshot - {}
RESULT: {}
COMMAND: POST /session/9813251e0ae410a7418940dcaaaaf337/elements - {"using":"xpath","value":"//span[text()='Error']"}
RESULT: {"using":"xpath","value":"//span[text()='Error']"}
COMMAND: POST /session/9813251e0ae410a7418940dcaaaaf337/execute/async - {"script":"<script> [1562 bytes]","args":[{"selector":{"controlType":"sap.ui.core.Icon","viewName":"etm.portal.ui.managepricingrules.view.MasterHeader","viewId":"application-managepricingrules-display-component---priceInfoHeader","properties":{"src":{"regex":{"source":"activity\\-items"}}}},"wdio_ui5_key":"etmportal.ui.managepricingrules.view.MasterHeadersap.ui.core.Icon{\"src\":{\"regex\":{\"source\":\"activity\\\\-items\"}}}"}]}
RESULT: {"script":"<script> [1562 bytes]","args":[{"selector":{"controlType":"sap.ui.core.Icon","viewName":"etm.portal.ui.managepricingrules.view.MasterHeader","viewId":"application-managepricingrules-display-component---priceInfoHeader","properties":{"src":{"regex":{"source":"activity\\-items"}}}},"wdio_ui5_key":"etmportal.ui.managepricingrules.view.MasterHeadersap.ui.core.Icon{\"src\":{\"regex\":{\"source\":\"activity\\\\-items\"}}}"}]}
RESULT: undefined
COMMAND: POST /session/9813251e0ae410a7418940dcaaaaf337/element - {"using":"xpath","value":"//*[@id=\"__filter1-icon\"]"}
RESULT: {"using":"xpath","value":"//*[@id=\"__filter1-icon\"]"}
COMMAND: POST /session/9813251e0ae410a7418940dcaaaaf337/element/f.6D6192A7F298CA7F9ED2043BE1BC656F.d.C7040004AA119E125268483DB2FB2418.e.2493/click - {}
RESULT: {}
COMMAND: GET /session/9813251e0ae410a7418940dcaaaaf337/screenshot - {}
RESULT: {}
COMMAND: POST /session/9813251e0ae410a7418940dcaaaaf337/element - {"using":"xpath","value":"//button[@data-kt=\"addButton\"]"}
RESULT: {"using":"xpath","value":"//button[@data-kt=\"addButton\"]"}
COMMAND: POST /session/9813251e0ae410a7418940dcaaaaf337/elements - {"using":"xpath","value":"//button[@data-kt=\"addButton\"]"}
RESULT: {"using":"xpath","value":"//button[@data-kt=\"addButton\"]"}
COMMAND: POST /session/9813251e0ae410a7418940dcaaaaf337/execute/sync - {"script":"<script> [8489 bytes]","args":[{"element-6066-11e4-a52e-4f735466cecf":"f.6D6192A7F298CA7F9ED2043BE1BC656F.d.C7040004AA119E125268483DB2FB2418.e.2542","ELEMENT":"f.6D6192A7F298CA7F9ED2043BE1BC656F.d.C7040004AA119E125268483DB2FB2418.e.2542"}]}
RESULT: {"script":"<script> [8489 bytes]","args":[{"element-6066-11e4-a52e-4f735466cecf":"f.6D6192A7F298CA7F9ED2043BE1BC656F.d.C7040004AA119E125268483DB2FB2418.e.2542","ELEMENT":"f.6D6192A7F298CA7F9ED2043BE1BC656F.d.C7040004AA119E125268483DB2FB2418.e.2542"}]}
COMMAND: GET /session/9813251e0ae410a7418940dcaaaaf337/element/f.6D6192A7F298CA7F9ED2043BE1BC656F.d.C7040004AA119E125268483DB2FB2418.e.2542/enabled - {}
COMMAND: GET /session/9813251e0ae410a7418940dcaaaaf337/screenshot - {}
RESULT: {}
COMMAND: POST /session/9813251e0ae410a7418940dcaaaaf337/execute/sync - {"script":"<script> [8489 bytes]","args":[{"element-6066-11e4-a52e-4f735466cecf":"f.6D6192A7F298CA7F9ED2043BE1BC656F.d.C7040004AA119E125268483DB2FB2418.e.2542","ELEMENT":"f.6D6192A7F298CA7F9ED2043BE1BC656F.d.C7040004AA119E125268483DB2FB2418.e.2542"}]}
COMMAND: GET /session/9813251e0ae410a7418940dcaaaaf337/screenshot - {}
RESULT: {}
RESULT: {"script":"<script> [8489 bytes]","args":[{"element-6066-11e4-a52e-4f735466cecf":"f.6D6192A7F298CA7F9ED2043BE1BC656F.d.C7040004AA119E125268483DB2FB2418.e.2542","ELEMENT":"f.6D6192A7F298CA7F9ED2043BE1BC656F.d.C7040004AA119E125268483DB2FB2418.e.2542"}]}
COMMAND: POST /session/9813251e0ae410a7418940dcaaaaf337/execute/sync - {"script":"<script> [5351 bytes]","args":[{"element-6066-11e4-a52e-4f735466cecf":"f.6D6192A7F298CA7F9ED2043BE1BC656F.d.C7040004AA119E125268483DB2FB2418.e.2542","ELEMENT":"f.6D6192A7F298CA7F9ED2043BE1BC656F.d.C7040004AA119E125268483DB2FB2418.e.2542"}]}
COMMAND: GET /session/9813251e0ae410a7418940dcaaaaf337/screenshot - {}
RESULT: {}
RESULT: {"script":"<script> [5351 bytes]","args":[{"element-6066-11e4-a52e-4f735466cecf":"f.6D6192A7F298CA7F9ED2043BE1BC656F.d.C7040004AA119E125268483DB2FB2418.e.2542","ELEMENT":"f.6D6192A7F298CA7F9ED2043BE1BC656F.d.C7040004AA119E125268483DB2FB2418.e.2542"}]}
COMMAND: POST /session/9813251e0ae410a7418940dcaaaaf337/element/f.6D6192A7F298CA7F9ED2043BE1BC656F.d.C7040004AA119E125268483DB2FB2418.e.2542/click - {}
COMMAND: GET /session/9813251e0ae410a7418940dcaaaaf337/screenshot - {}
RESULT: {}
RESULT: {}
COMMAND: GET /session/9813251e0ae410a7418940dcaaaaf337/screenshot - {}
RESULT: {}
RESULT: {}
COMMAND: POST /session/9813251e0ae410a7418940dcaaaaf337/execute/async - {"script":"<script> [1562 bytes]","args":[{"selector":{"controlType":"sap.m.Title","viewName":"etm.portal.ui.managepricingrules.view.NewItem","viewId":"application-managepricingrules-display-component---newInfoPriceItem","properties":{"text":"New Pricing Rules - Item Level"}},"wdio_ui5_key":"etmportal.ui.managepricingrules.view.NewItemsap.m.Title{\"text\":\"New Pricing Rules - Item Level\"}"}]}
RESULT: {"script":"<script> [1562 bytes]","args":[{"selector":{"controlType":"sap.m.Title","viewName":"etm.portal.ui.managepricingrules.view.NewItem","viewId":"application-managepricingrules-display-component---newInfoPriceItem","properties":{"text":"New Pricing Rules - Item Level"}},"wdio_ui5_key":"etmportal.ui.managepricingrules.view.NewItemsap.m.Title{\"text\":\"New Pricing Rules - Item Level\"}"}]}
RESULT: undefined
COMMAND: POST /session/9813251e0ae410a7418940dcaaaaf337/execute/async - {"script":"<script> [6424 bytes]","args":[{"element-6066-11e4-a52e-4f735466cecf":"f.6D6192A7F298CA7F9ED2043BE1BC656F.d.C7040004AA119E125268483DB2FB2418.e.2826"},"getText",[]]}
RESULT: {"script":"<script> [6424 bytes]","args":[{"element-6066-11e4-a52e-4f735466cecf":"f.6D6192A7F298CA7F9ED2043BE1BC656F.d.C7040004AA119E125268483DB2FB2418.e.2826"},"getText",[]]}
COMMAND: POST /session/9813251e0ae410a7418940dcaaaaf337/execute/async - {"script":"<script> [1562 bytes]","args":[{"selector":{"id":"application-managepricingrules-display-component---newInfoPriceItem--condValidTo","interaction":{"idSuffix":"inner"}},"wdio_ui5_key":"applicationmanagepricingrules-display-component---newInfoPriceItem--condValidTo"}]}
RESULT: {"script":"<script> [1562 bytes]","args":[{"selector":{"id":"application-managepricingrules-display-component---newInfoPriceItem--condValidTo","interaction":{"idSuffix":"inner"}},"wdio_ui5_key":"applicationmanagepricingrules-display-component---newInfoPriceItem--condValidTo"}]}
RESULT: undefined
COMMAND: POST /session/9813251e0ae410a7418940dcaaaaf337/execute/async - {"script":"<script> [776 bytes]","args":[{"enterText":"2/5/26","selector":{"id":"application-managepricingrules-display-component---newInfoPriceItem--condValidTo","interaction":{"idSuffix":"inner"}},"clearTextFirst":true,"interactionType":"ENTER_TEXT"}]}
RESULT: {"script":"<script> [776 bytes]","args":[{"enterText":"2/5/26","selector":{"id":"application-managepricingrules-display-component---newInfoPriceItem--condValidTo","interaction":{"idSuffix":"inner"}},"clearTextFirst":true,"interactionType":"ENTER_TEXT"}]}
COMMAND: POST /session/9813251e0ae410a7418940dcaaaaf337/element - {"using":"xpath","value":"//input[@id=\"application-managepricingrules-display-component---newInfoPriceItem--condRU-inner\"]"}
RESULT: {"using":"xpath","value":"//input[@id=\"application-managepricingrules-display-component---newInfoPriceItem--condRU-inner\"]"}
COMMAND: POST /session/9813251e0ae410a7418940dcaaaaf337/element/f.6D6192A7F298CA7F9ED2043BE1BC656F.d.C7040004AA119E125268483DB2FB2418.e.2795/clear - {}
RESULT: {}
COMMAND: POST /session/9813251e0ae410a7418940dcaaaaf337/element/f.6D6192A7F298CA7F9ED2043BE1BC656F.d.C7040004AA119E125268483DB2FB2418.e.2795/value - {"text":"EGsoTbVSiS"}
COMMAND: GET /session/9813251e0ae410a7418940dcaaaaf337/screenshot - {}
RESULT: {"text":"EGsoTbVSiS"}
COMMAND: GET /session/9813251e0ae410a7418940dcaaaaf337/screenshot - {}
RESULT: {}
RESULT: {}
COMMAND: POST /session/9813251e0ae410a7418940dcaaaaf337/execute/async - {"script":"<script> [1562 bytes]","args":[{"selector":{"id":"application-managepricingrules-display-component---newInfoPriceItem--billType-arrow"},"wdio_ui5_key":"applicationmanagepricingrules-display-component---newInfoPriceItem--billType-arrow"}]}
RESULT: {"script":"<script> [1562 bytes]","args":[{"selector":{"id":"application-managepricingrules-display-component---newInfoPriceItem--billType-arrow"},"wdio_ui5_key":"applicationmanagepricingrules-display-component---newInfoPriceItem--billType-arrow"}]}
RESULT: undefined
COMMAND: POST /session/9813251e0ae410a7418940dcaaaaf337/element - {"using":"xpath","value":"//*[@id=\"application-managepricingrules-display-component---newInfoPriceItem--billType-arrow\"]"}
RESULT: {"using":"xpath","value":"//*[@id=\"application-managepricingrules-display-component---newInfoPriceItem--billType-arrow\"]"}
COMMAND: POST /session/9813251e0ae410a7418940dcaaaaf337/element/f.6D6192A7F298CA7F9ED2043BE1BC656F.d.C7040004AA119E125268483DB2FB2418.e.2883/click - {}
RESULT: {}
COMMAND: POST /session/9813251e0ae410a7418940dcaaaaf337/element - {"using":"xpath","value":"//span[contains(text(), \"OT - Sales (one-time)\")]"}
COMMAND: GET /session/9813251e0ae410a7418940dcaaaaf337/screenshot - {}
RESULT: {"using":"xpath","value":"//span[contains(text(), \"OT - Sales (one-time)\")]"}
COMMAND: POST /session/9813251e0ae410a7418940dcaaaaf337/element/f.6D6192A7F298CA7F9ED2043BE1BC656F.d.C7040004AA119E125268483DB2FB2418.e.2936/click - {}
RESULT: {}
RESULT: {}
COMMAND: POST /session/9813251e0ae410a7418940dcaaaaf337/execute/async - {"script":"<script> [1562 bytes]","args":[{"selector":{"id":"application-managepricingrules-display-component---newInfoPriceItem--priceProc-arrow"},"wdio_ui5_key":"applicationmanagepricingrules-display-component---newInfoPriceItem--priceProc-arrow"}]}
COMMAND: GET /session/9813251e0ae410a7418940dcaaaaf337/screenshot - {}
RESULT: {"script":"<script> [1562 bytes]","args":[{"selector":{"id":"application-managepricingrules-display-component---newInfoPriceItem--priceProc-arrow"},"wdio_ui5_key":"applicationmanagepricingrules-display-component---newInfoPriceItem--priceProc-arrow"}]}
RESULT: undefined
COMMAND: POST /session/9813251e0ae410a7418940dcaaaaf337/element - {"using":"xpath","value":"//*[@id=\"application-managepricingrules-display-component---newInfoPriceItem--priceProc-arrow\"]"}
RESULT: {}
RESULT: {"using":"xpath","value":"//*[@id=\"application-managepricingrules-display-component---newInfoPriceItem--priceProc-arrow\"]"}
COMMAND: POST /session/9813251e0ae410a7418940dcaaaaf337/element/f.6D6192A7F298CA7F9ED2043BE1BC656F.d.C7040004AA119E125268483DB2FB2418.e.2890/click - {}
RESULT: {}
COMMAND: POST /session/9813251e0ae410a7418940dcaaaaf337/element - {"using":"xpath","value":"//span[contains(text(), \"MAT - Material\")]"}
COMMAND: GET /session/9813251e0ae410a7418940dcaaaaf337/screenshot - {}
RESULT: {"using":"xpath","value":"//span[contains(text(), \"MAT - Material\")]"}
COMMAND: POST /session/9813251e0ae410a7418940dcaaaaf337/element/f.6D6192A7F298CA7F9ED2043BE1BC656F.d.C7040004AA119E125268483DB2FB2418.e.2937/click - {}
RESULT: {}
RESULT: {}
COMMAND: POST /session/9813251e0ae410a7418940dcaaaaf337/execute/async - {"script":"<script> [1562 bytes]","args":[{"selector":{"id":"application-managepricingrules-display-component---newInfoPriceItem--calcBase-arrow"},"wdio_ui5_key":"applicationmanagepricingrules-display-component---newInfoPriceItem--calcBase-arrow"}]}
COMMAND: GET /session/9813251e0ae410a7418940dcaaaaf337/screenshot - {}
RESULT: {"script":"<script> [1562 bytes]","args":[{"selector":{"id":"application-managepricingrules-display-component---newInfoPriceItem--calcBase-arrow"},"wdio_ui5_key":"applicationmanagepricingrules-display-component---newInfoPriceItem--calcBase-arrow"}]}
RESULT: undefined
COMMAND: POST /session/9813251e0ae410a7418940dcaaaaf337/element - {"using":"xpath","value":"//*[@id=\"application-managepricingrules-display-component---newInfoPriceItem--calcBase-arrow\"]"}
RESULT: {}
RESULT: {"using":"xpath","value":"//*[@id=\"application-managepricingrules-display-component---newInfoPriceItem--calcBase-arrow\"]"}
COMMAND: POST /session/9813251e0ae410a7418940dcaaaaf337/element/f.6D6192A7F298CA7F9ED2043BE1BC656F.d.C7040004AA119E125268483DB2FB2418.e.2897/click - {}
RESULT: {}
COMMAND: GET /session/9813251e0ae410a7418940dcaaaaf337/screenshot - {}
RESULT: {}
COMMAND: POST /session/9813251e0ae410a7418940dcaaaaf337/element - {"using":"xpath","value":"//span[contains(text(), \"0001 - TB(exact month + cal_days)\")]"}
RESULT: {"using":"xpath","value":"//span[contains(text(), \"0001 - TB(exact month + cal_days)\")]"}
COMMAND: POST /session/9813251e0ae410a7418940dcaaaaf337/element/f.6D6192A7F298CA7F9ED2043BE1BC656F.d.C7040004AA119E125268483DB2FB2418.e.2938/click - {}
RESULT: {}
COMMAND: GET /session/9813251e0ae410a7418940dcaaaaf337/screenshot - {}
RESULT: {}
COMMAND: POST /session/9813251e0ae410a7418940dcaaaaf337/element - {"using":"xpath","value":"//button[@data-kt=\"saveNewRuleButton\"]"}
RESULT: {"using":"xpath","value":"//button[@data-kt=\"saveNewRuleButton\"]"}
COMMAND: POST /session/9813251e0ae410a7418940dcaaaaf337/element/f.6D6192A7F298CA7F9ED2043BE1BC656F.d.C7040004AA119E125268483DB2FB2418.e.2918/click - {}
RESULT: {}
COMMAND: GET /session/9813251e0ae410a7418940dcaaaaf337/screenshot - {}
RESULT: {}
COMMAND: POST /session/9813251e0ae410a7418940dcaaaaf337/execute/async - {"script":"<script> [1562 bytes]","args":[{"selector":{"id":"application-managepricingrules-display-component---priceInfoItem--smartFilterBar-btnBasicSearch","interaction":{"idSuffix":"I"}},"wdio_ui5_key":"applicationmanagepricingrules-display-component---priceInfoItem--smartFilterBar-btnBasicSearch"}]}
RESULT: {"script":"<script> [1562 bytes]","args":[{"selector":{"id":"application-managepricingrules-display-component---priceInfoItem--smartFilterBar-btnBasicSearch","interaction":{"idSuffix":"I"}},"wdio_ui5_key":"applicationmanagepricingrules-display-component---priceInfoItem--smartFilterBar-btnBasicSearch"}]}
RESULT: undefined
COMMAND: POST /session/9813251e0ae410a7418940dcaaaaf337/execute/async - {"script":"<script> [776 bytes]","args":[{"enterText":"EGsoTbVSiS","selector":{"id":"application-managepricingrules-display-component---priceInfoItem--smartFilterBar-btnBasicSearch","interaction":{"idSuffix":"I"}},"clearTextFirst":true,"interactionType":"ENTER_TEXT"}]}
RESULT: {"script":"<script> [776 bytes]","args":[{"enterText":"EGsoTbVSiS","selector":{"id":"application-managepricingrules-display-component---priceInfoItem--smartFilterBar-btnBasicSearch","interaction":{"idSuffix":"I"}},"clearTextFirst":true,"interactionType":"ENTER_TEXT"}]}
COMMAND: POST /session/9813251e0ae410a7418940dcaaaaf337/actions - {"actions":[{"id":"action10","type":"key","parameters":{},"actions":[{"type":"keyDown","value":"î€‡"},{"type":"pause","duration":10},{"type":"keyUp","value":"î€‡"}]}]}
RESULT: {"actions":[{"id":"action10","type":"key","parameters":{},"actions":[{"type":"keyDown","value":"î€‡"},{"type":"pause","duration":10},{"type":"keyUp","value":"î€‡"}]}]}
COMMAND: GET /session/9813251e0ae410a7418940dcaaaaf337/screenshot - {}
RESULT: {}
COMMAND: POST /session/9813251e0ae410a7418940dcaaaaf337/element - {"using":"xpath","value":"//span[@id=\"application-managepricingrules-display-component---priceInfoItem--smartTable-header-inner\"]"}
RESULT: {"using":"xpath","value":"//span[@id=\"application-managepricingrules-display-component---priceInfoItem--smartTable-header-inner\"]"}
COMMAND: POST /session/9813251e0ae410a7418940dcaaaaf337/elements - {"using":"xpath","value":"//span[@id=\"application-managepricingrules-display-component---priceInfoItem--smartTable-header-inner\"]"}
RESULT: {"using":"xpath","value":"//span[@id=\"application-managepricingrules-display-component---priceInfoItem--smartTable-header-inner\"]"}
COMMAND: POST /session/9813251e0ae410a7418940dcaaaaf337/execute/sync - {"script":"<script> [56 bytes]","args":[{"element-6066-11e4-a52e-4f735466cecf":"f.6D6192A7F298CA7F9ED2043BE1BC656F.d.C7040004AA119E125268483DB2FB2418.e.2956","ELEMENT":"f.6D6192A7F298CA7F9ED2043BE1BC656F.d.C7040004AA119E125268483DB2FB2418.e.2956"}]}
RESULT: {"script":"<script> [56 bytes]","args":[{"element-6066-11e4-a52e-4f735466cecf":"f.6D6192A7F298CA7F9ED2043BE1BC656F.d.C7040004AA119E125268483DB2FB2418.e.2956","ELEMENT":"f.6D6192A7F298CA7F9ED2043BE1BC656F.d.C7040004AA119E125268483DB2FB2418.e.2956"}]}
COMMAND: POST /session/9813251e0ae410a7418940dcaaaaf337/element - {"using":"css selector","value":"#shell-header-logo"}
COMMAND: GET /session/9813251e0ae410a7418940dcaaaaf337/screenshot - {}
RESULT: {"using":"css selector","value":"#shell-header-logo"}
COMMAND: POST /session/9813251e0ae410a7418940dcaaaaf337/element/f.6D6192A7F298CA7F9ED2043BE1BC656F.d.C7040004AA119E125268483DB2FB2418.e.2446/click - {}
RESULT: {}
RESULT: {}
COMMAND: GET /session/9813251e0ae410a7418940dcaaaaf337/screenshot - {}
RESULT: {}
COMMAND: POST /session/9813251e0ae410a7418940dcaaaaf337/element - {"using":"css selector","value":"#j_username"}
COMMAND: POST /session/9813251e0ae410a7418940dcaaaaf337/url - {"url":"https://qa-testing-00-live-etm-ui.cfapps.eu10-004.hana.ondemand.com/"}
RESULT: {"using":"css selector","value":"#j_username"}
COMMAND: POST /session/9813251e0ae410a7418940dcaaaaf337/element - {"using":"css selector","value":"#j_username"}
RESULT: {"url":"https://qa-testing-00-live-etm-ui.cfapps.eu10-004.hana.ondemand.com/"}
RESULT: undefined
COMMAND: GET /session/9813251e0ae410a7418940dcaaaaf337/screenshot - {}
RESULT: {"using":"css selector","value":"#j_username"}
COMMAND: POST /session/9813251e0ae410a7418940dcaaaaf337/element - {"using":"css selector","value":"#shell-header-logo"}
RESULT: {}
RESULT: {"using":"css selector","value":"#shell-header-logo"}
COMMAND: POST /session/9813251e0ae410a7418940dcaaaaf337/execute/sync - {"script":"<script> [8489 bytes]","args":[{"element-6066-11e4-a52e-4f735466cecf":"f.6D6192A7F298CA7F9ED2043BE1BC656F.d.9BB238BA1F11C73BAF2B337BF9BA12CE.e.2970","ELEMENT":"f.6D6192A7F298CA7F9ED2043BE1BC656F.d.9BB238BA1F11C73BAF2B337BF9BA12CE.e.2970"}]}
RESULT: {"script":"<script> [8489 bytes]","args":[{"element-6066-11e4-a52e-4f735466cecf":"f.6D6192A7F298CA7F9ED2043BE1BC656F.d.9BB238BA1F11C73BAF2B337BF9BA12CE.e.2970","ELEMENT":"f.6D6192A7F298CA7F9ED2043BE1BC656F.d.9BB238BA1F11C73BAF2B337BF9BA12CE.e.2970"}]}
COMMAND: POST /session/9813251e0ae410a7418940dcaaaaf337/element - {"using":"css selector","value":"#shell-header-logo"}
COMMAND: GET /session/9813251e0ae410a7418940dcaaaaf337/screenshot - {}
RESULT: {"using":"css selector","value":"#shell-header-logo"}
COMMAND: POST /session/9813251e0ae410a7418940dcaaaaf337/execute/sync - {"script":"<script> [8489 bytes]","args":[{"element-6066-11e4-a52e-4f735466cecf":"f.6D6192A7F298CA7F9ED2043BE1BC656F.d.9BB238BA1F11C73BAF2B337BF9BA12CE.e.2970","ELEMENT":"f.6D6192A7F298CA7F9ED2043BE1BC656F.d.9BB238BA1F11C73BAF2B337BF9BA12CE.e.2970"}]}
RESULT: {}
RESULT: {"script":"<script> [8489 bytes]","args":[{"element-6066-11e4-a52e-4f735466cecf":"f.6D6192A7F298CA7F9ED2043BE1BC656F.d.9BB238BA1F11C73BAF2B337BF9BA12CE.e.2970","ELEMENT":"f.6D6192A7F298CA7F9ED2043BE1BC656F.d.9BB238BA1F11C73BAF2B337BF9BA12CE.e.2970"}]}
COMMAND: POST /session/9813251e0ae410a7418940dcaaaaf337/execute/sync - {"script":"<script> [5351 bytes]","args":[{"element-6066-11e4-a52e-4f735466cecf":"f.6D6192A7F298CA7F9ED2043BE1BC656F.d.9BB238BA1F11C73BAF2B337BF9BA12CE.e.2970","ELEMENT":"f.6D6192A7F298CA7F9ED2043BE1BC656F.d.9BB238BA1F11C73BAF2B337BF9BA12CE.e.2970"}]}
COMMAND: GET /session/9813251e0ae410a7418940dcaaaaf337/screenshot - {}
RESULT: {"script":"<script> [5351 bytes]","args":[{"element-6066-11e4-a52e-4f735466cecf":"f.6D6192A7F298CA7F9ED2043BE1BC656F.d.9BB238BA1F11C73BAF2B337BF9BA12CE.e.2970","ELEMENT":"f.6D6192A7F298CA7F9ED2043BE1BC656F.d.9BB238BA1F11C73BAF2B337BF9BA12CE.e.2970"}]}
COMMAND: POST /session/9813251e0ae410a7418940dcaaaaf337/element - {"using":"css selector","value":"#shell-header-logo"}
COMMAND: GET /session/9813251e0ae410a7418940dcaaaaf337/screenshot - {}
RESULT: {}
RESULT: {"using":"css selector","value":"#shell-header-logo"}
COMMAND: POST /session/9813251e0ae410a7418940dcaaaaf337/element/f.6D6192A7F298CA7F9ED2043BE1BC656F.d.9BB238BA1F11C73BAF2B337BF9BA12CE.e.2970/click - {}
RESULT: {}
RESULT: {}
COMMAND: GET /session/9813251e0ae410a7418940dcaaaaf337/screenshot - {}
RESULT: {}
COMMAND: POST /session/9813251e0ae410a7418940dcaaaaf337/execute/async - {"script":"<script> [189 bytes]","args":[]}
RESULT: {"script":"<script> [189 bytes]","args":[]}
COMMAND: POST /session/9813251e0ae410a7418940dcaaaaf337/execute/async - {"script":"<script> [123 bytes]","args":[]}
RESULT: {"script":"<script> [123 bytes]","args":[]}
COMMAND: POST /session/9813251e0ae410a7418940dcaaaaf337/timeouts - {"script":"<number>"}
RESULT: {"script":"<number>"}
COMMAND: GET /session/9813251e0ae410a7418940dcaaaaf337/timeouts - {}
RESULT: {}
RESULT: undefined
COMMAND: POST /session/9813251e0ae410a7418940dcaaaaf337/execute/async - {"script":"<script> [2676 bytes]","args":[]}
RESULT: {"script":"<script> [2676 bytes]","args":[]}
COMMAND: POST /session/9813251e0ae410a7418940dcaaaaf337/execute/async - {"script":"<script> [2342 bytes]","args":[{"protocol":"http","hostname":"0.0.0.0","path":"/","capabilities":{"browserName":"chrome","goog:chromeOptions":{"binary":"C:\\Program Files\\Google\\Chrome\\Application\\chrome.exe","args":["--start-maximized"]}},"logLevel":"warn","connectionRetryTimeout":120000,"connectionRetryCount":3,"logLevels":{},"enableDirectConnect":true,"strictSSL":true,"_":"65 more keys: [\"cacheDir\",\"port\",\"requestedCapabilities\",\"automationProtocol\",\"baseUrl\",\"waitforInterval\",\"waitforTimeout\",\"onReload\",\"beforeCommand\",\"afterCommand\",\"rootDir\",\"specs\",\"suites\",\"exclude\",\"groupLogsByTestSpec\",\"excludeDriverLogs\",\"bail\",\"framework\",\"reporters\",\"services\",\"maxInstances\",\"maxInstancesPerCapability\",\"injectGlobals\",\"filesToWatch\",\"execArgv\",\"runnerEnv\",\"runner\",\"shard\",\"specFileRetries\",\"specFileRetriesDelay\",\"specFileRetriesDeferred\",\"reporterSyncInterval\",\"reporterSyncTimeout\",\"cucumberFeaturesWithLineNumbers\",\"autoCompileOpts\",\"mochaOpts\",\"jasmineOpts\",\"cucumberOpts\",\"onPrepare\",\"onWorkerStart\",\"onWorkerEnd\",\"before\",\"beforeSession\",\"beforeSuite\",\"beforeHook\",\"beforeTest\",\"afterTest\",\"afterHook\",\"afterSuite\",\"afterSession\",\"after\",\"onComplete\",\"beforeAssertion\",\"afterAssertion\",\"beforeFeature\",\"beforeScenario\",\"beforeStep\",\"afterStep\",\"afterScenario\",\"afterFeature\",\"_\",\"suite\",\"$0\",\"ignoredWorkerServices\",\"wdi5\"]"}]}
RESULT: {"script":"<script> [2342 bytes]","args":[{"protocol":"http","hostname":"0.0.0.0","path":"/","capabilities":{"browserName":"chrome","goog:chromeOptions":{"binary":"C:\\Program Files\\Google\\Chrome\\Application\\chrome.exe","args":["--start-maximized"]}},"logLevel":"warn","connectionRetryTimeout":120000,"connectionRetryCount":3,"logLevels":{},"enableDirectConnect":true,"strictSSL":true,"_":"65 more keys: [\"cacheDir\",\"port\",\"requestedCapabilities\",\"automationProtocol\",\"baseUrl\",\"waitforInterval\",\"waitforTimeout\",\"onReload\",\"beforeCommand\",\"afterCommand\",\"rootDir\",\"specs\",\"suites\",\"exclude\",\"groupLogsByTestSpec\",\"excludeDriverLogs\",\"bail\",\"framework\",\"reporters\",\"services\",\"maxInstances\",\"maxInstancesPerCapability\",\"injectGlobals\",\"filesToWatch\",\"execArgv\",\"runnerEnv\",\"runner\",\"shard\",\"specFileRetries\",\"specFileRetriesDelay\",\"specFileRetriesDeferred\",\"reporterSyncInterval\",\"reporterSyncTimeout\",\"cucumberFeaturesWithLineNumbers\",\"autoCompileOpts\",\"mochaOpts\",\"jasmineOpts\",\"cucumberOpts\",\"onPrepare\",\"onWorkerStart\",\"onWorkerEnd\",\"before\",\"beforeSession\",\"beforeSuite\",\"beforeHook\",\"beforeTest\",\"afterTest\",\"afterHook\",\"afterSuite\",\"afterSession\",\"after\",\"onComplete\",\"beforeAssertion\",\"afterAssertion\",\"beforeFeature\",\"beforeScenario\",\"beforeStep\",\"afterStep\",\"afterScenario\",\"afterFeature\",\"_\",\"suite\",\"$0\",\"ignoredWorkerServices\",\"wdi5\"]"}]}
COMMAND: POST /session/9813251e0ae410a7418940dcaaaaf337/execute/async - {"script":"<script> [21126 bytes]","args":[35000]}
RESULT: {"script":"<script> [21126 bytes]","args":[35000]}
COMMAND: POST /session/9813251e0ae410a7418940dcaaaaf337/window/maximize - {}
RESULT: {}
COMMAND: POST /session/9813251e0ae410a7418940dcaaaaf337/execute/async - {"script":"<script> [1562 bytes]","args":[{"selector":{"id":"shell-header","interaction":{"idSuffix":"icon"}},"wdio_ui5_key":"shellheader"}]}
COMMAND: GET /session/9813251e0ae410a7418940dcaaaaf337/screenshot - {}
RESULT: {"script":"<script> [1562 bytes]","args":[{"selector":{"id":"shell-header","interaction":{"idSuffix":"icon"}},"wdio_ui5_key":"shellheader"}]}
RESULT: undefined
COMMAND: POST /session/9813251e0ae410a7418940dcaaaaf337/refresh - {}
RESULT: {}
RESULT: {}
COMMAND: GET /session/9813251e0ae410a7418940dcaaaaf337/screenshot - {}
RESULT: {}
COMMAND: POST /session/9813251e0ae410a7418940dcaaaaf337/refresh - {}
RESULT: {}
COMMAND: GET /session/9813251e0ae410a7418940dcaaaaf337/screenshot - {}
RESULT: {}
COMMAND: POST /session/9813251e0ae410a7418940dcaaaaf337/window/fullscreen - {}
RESULT: {}
COMMAND: POST /session/9813251e0ae410a7418940dcaaaaf337/execute/async - {"script":"<script> [189 bytes]","args":[]}
RESULT: {"script":"<script> [189 bytes]","args":[]}
COMMAND: POST /session/9813251e0ae410a7418940dcaaaaf337/execute/async - {"script":"<script> [123 bytes]","args":[]}
RESULT: {"script":"<script> [123 bytes]","args":[]}
COMMAND: POST /session/9813251e0ae410a7418940dcaaaaf337/timeouts - {"script":"<number>"}
RESULT: {"script":"<number>"}
COMMAND: GET /session/9813251e0ae410a7418940dcaaaaf337/timeouts - {}
RESULT: {}
RESULT: undefined
COMMAND: POST /session/9813251e0ae410a7418940dcaaaaf337/execute/async - {"script":"<script> [2676 bytes]","args":[]}
RESULT: {"script":"<script> [2676 bytes]","args":[]}
COMMAND: POST /session/9813251e0ae410a7418940dcaaaaf337/execute/async - {"script":"<script> [2342 bytes]","args":[{"protocol":"http","hostname":"0.0.0.0","path":"/","capabilities":{"browserName":"chrome","goog:chromeOptions":{"binary":"C:\\Program Files\\Google\\Chrome\\Application\\chrome.exe","args":["--start-maximized"]}},"logLevel":"warn","connectionRetryTimeout":120000,"connectionRetryCount":3,"logLevels":{},"enableDirectConnect":true,"strictSSL":true,"_":"65 more keys: [\"cacheDir\",\"port\",\"requestedCapabilities\",\"automationProtocol\",\"baseUrl\",\"waitforInterval\",\"waitforTimeout\",\"onReload\",\"beforeCommand\",\"afterCommand\",\"rootDir\",\"specs\",\"suites\",\"exclude\",\"groupLogsByTestSpec\",\"excludeDriverLogs\",\"bail\",\"framework\",\"reporters\",\"services\",\"maxInstances\",\"maxInstancesPerCapability\",\"injectGlobals\",\"filesToWatch\",\"execArgv\",\"runnerEnv\",\"runner\",\"shard\",\"specFileRetries\",\"specFileRetriesDelay\",\"specFileRetriesDeferred\",\"reporterSyncInterval\",\"reporterSyncTimeout\",\"cucumberFeaturesWithLineNumbers\",\"autoCompileOpts\",\"mochaOpts\",\"jasmineOpts\",\"cucumberOpts\",\"onPrepare\",\"onWorkerStart\",\"onWorkerEnd\",\"before\",\"beforeSession\",\"beforeSuite\",\"beforeHook\",\"beforeTest\",\"afterTest\",\"afterHook\",\"afterSuite\",\"afterSession\",\"after\",\"onComplete\",\"beforeAssertion\",\"afterAssertion\",\"beforeFeature\",\"beforeScenario\",\"beforeStep\",\"afterStep\",\"afterScenario\",\"afterFeature\",\"_\",\"suite\",\"$0\",\"ignoredWorkerServices\",\"wdi5\"]"}]}
RESULT: {"script":"<script> [2342 bytes]","args":[{"protocol":"http","hostname":"0.0.0.0","path":"/","capabilities":{"browserName":"chrome","goog:chromeOptions":{"binary":"C:\\Program Files\\Google\\Chrome\\Application\\chrome.exe","args":["--start-maximized"]}},"logLevel":"warn","connectionRetryTimeout":120000,"connectionRetryCount":3,"logLevels":{},"enableDirectConnect":true,"strictSSL":true,"_":"65 more keys: [\"cacheDir\",\"port\",\"requestedCapabilities\",\"automationProtocol\",\"baseUrl\",\"waitforInterval\",\"waitforTimeout\",\"onReload\",\"beforeCommand\",\"afterCommand\",\"rootDir\",\"specs\",\"suites\",\"exclude\",\"groupLogsByTestSpec\",\"excludeDriverLogs\",\"bail\",\"framework\",\"reporters\",\"services\",\"maxInstances\",\"maxInstancesPerCapability\",\"injectGlobals\",\"filesToWatch\",\"execArgv\",\"runnerEnv\",\"runner\",\"shard\",\"specFileRetries\",\"specFileRetriesDelay\",\"specFileRetriesDeferred\",\"reporterSyncInterval\",\"reporterSyncTimeout\",\"cucumberFeaturesWithLineNumbers\",\"autoCompileOpts\",\"mochaOpts\",\"jasmineOpts\",\"cucumberOpts\",\"onPrepare\",\"onWorkerStart\",\"onWorkerEnd\",\"before\",\"beforeSession\",\"beforeSuite\",\"beforeHook\",\"beforeTest\",\"afterTest\",\"afterHook\",\"afterSuite\",\"afterSession\",\"after\",\"onComplete\",\"beforeAssertion\",\"afterAssertion\",\"beforeFeature\",\"beforeScenario\",\"beforeStep\",\"afterStep\",\"afterScenario\",\"afterFeature\",\"_\",\"suite\",\"$0\",\"ignoredWorkerServices\",\"wdi5\"]"}]}
COMMAND: POST /session/9813251e0ae410a7418940dcaaaaf337/execute/async - {"script":"<script> [21126 bytes]","args":[35000]}
RESULT: {"script":"<script> [21126 bytes]","args":[35000]}
]]></system-out>
    </testcase>
  </testsuite>
  <testsuite timestamp="2025-06-05T17:04:18" time="364.923" tests="6" failures="0" errors="0" skipped="0">
    <properties>
      <property name="specId" value="0" />
      <property name="suiteName" value="Edit and delete daily price US134629 US134627" />
      <property name="capabilities" value="chrome.137_0_7151_56.windows" />
      <property name="file" value="file:///D:/a/1/s/test/specs/BTS/conditions-prices-daily-price.spec.js" />
    </properties>
    <testcase classname="chrome.137_0_7151_56.windows.Edit_and_delete_daily_price_US134629_US134627" name="Should create a new yard used for all following tests" time="0.01">
      <system-out><![CDATA[
COMMAND: POST /session/9813251e0ae410a7418940dcaaaaf337/window/fullscreen - {}
RESULT: {}
]]></system-out>
    </testcase>
    <testcase classname="chrome.137_0_7151_56.windows.Edit_and_delete_daily_price_US134629_US134627" name="Should create a new partner" time="126.726">
      <system-out><![CDATA[
COMMAND: POST /session/9813251e0ae410a7418940dcaaaaf337/window/fullscreen - {}
RESULT: {}
COMMAND: POST /session/9813251e0ae410a7418940dcaaaaf337/execute/async - {"script":"<script> [1562 bytes]","args":[{"selector":{"controlType":"sap.m.GenericTile","properties":{"header":"Manage Partners"}},"wdio_ui5_key":"sapm.GenericTile{\"header\":\"Manage Partners\"}"}]}
RESULT: {"script":"<script> [1562 bytes]","args":[{"selector":{"controlType":"sap.m.GenericTile","properties":{"header":"Manage Partners"}},"wdio_ui5_key":"sapm.GenericTile{\"header\":\"Manage Partners\"}"}]}
RESULT: undefined
COMMAND: POST /session/9813251e0ae410a7418940dcaaaaf337/element - {"using":"xpath","value":"//*[@id=\"__tile38\"]"}
RESULT: {"using":"xpath","value":"//*[@id=\"__tile38\"]"}
COMMAND: POST /session/9813251e0ae410a7418940dcaaaaf337/element/f.6D6192A7F298CA7F9ED2043BE1BC656F.d.FCF436341789D48D5EB9B01703867A94.e.3129/click - {}
RESULT: {}
COMMAND: GET /session/9813251e0ae410a7418940dcaaaaf337/screenshot - {}
RESULT: {}
COMMAND: POST /session/9813251e0ae410a7418940dcaaaaf337/elements - {"using":"xpath","value":"//span[text()='Error']"}
RESULT: {"using":"xpath","value":"//span[text()='Error']"}
COMMAND: POST /session/9813251e0ae410a7418940dcaaaaf337/element - {"using":"xpath","value":"//button[@data-kt=\"addButton\"]"}
RESULT: {"using":"xpath","value":"//button[@data-kt=\"addButton\"]"}
COMMAND: POST /session/9813251e0ae410a7418940dcaaaaf337/elements - {"using":"xpath","value":"//button[@data-kt=\"addButton\"]"}
RESULT: {"using":"xpath","value":"//button[@data-kt=\"addButton\"]"}
COMMAND: POST /session/9813251e0ae410a7418940dcaaaaf337/execute/sync - {"script":"<script> [8489 bytes]","args":[{"element-6066-11e4-a52e-4f735466cecf":"f.6D6192A7F298CA7F9ED2043BE1BC656F.d.FCF436341789D48D5EB9B01703867A94.e.3289","ELEMENT":"f.6D6192A7F298CA7F9ED2043BE1BC656F.d.FCF436341789D48D5EB9B01703867A94.e.3289"}]}
RESULT: {"script":"<script> [8489 bytes]","args":[{"element-6066-11e4-a52e-4f735466cecf":"f.6D6192A7F298CA7F9ED2043BE1BC656F.d.FCF436341789D48D5EB9B01703867A94.e.3289","ELEMENT":"f.6D6192A7F298CA7F9ED2043BE1BC656F.d.FCF436341789D48D5EB9B01703867A94.e.3289"}]}
COMMAND: GET /session/9813251e0ae410a7418940dcaaaaf337/element/f.6D6192A7F298CA7F9ED2043BE1BC656F.d.FCF436341789D48D5EB9B01703867A94.e.3289/enabled - {}
COMMAND: GET /session/9813251e0ae410a7418940dcaaaaf337/screenshot - {}
RESULT: {}
RESULT: {}
COMMAND: POST /session/9813251e0ae410a7418940dcaaaaf337/execute/sync - {"script":"<script> [8489 bytes]","args":[{"element-6066-11e4-a52e-4f735466cecf":"f.6D6192A7F298CA7F9ED2043BE1BC656F.d.FCF436341789D48D5EB9B01703867A94.e.3289","ELEMENT":"f.6D6192A7F298CA7F9ED2043BE1BC656F.d.FCF436341789D48D5EB9B01703867A94.e.3289"}]}
COMMAND: GET /session/9813251e0ae410a7418940dcaaaaf337/screenshot - {}
RESULT: {"script":"<script> [8489 bytes]","args":[{"element-6066-11e4-a52e-4f735466cecf":"f.6D6192A7F298CA7F9ED2043BE1BC656F.d.FCF436341789D48D5EB9B01703867A94.e.3289","ELEMENT":"f.6D6192A7F298CA7F9ED2043BE1BC656F.d.FCF436341789D48D5EB9B01703867A94.e.3289"}]}
COMMAND: POST /session/9813251e0ae410a7418940dcaaaaf337/execute/sync - {"script":"<script> [5351 bytes]","args":[{"element-6066-11e4-a52e-4f735466cecf":"f.6D6192A7F298CA7F9ED2043BE1BC656F.d.FCF436341789D48D5EB9B01703867A94.e.3289","ELEMENT":"f.6D6192A7F298CA7F9ED2043BE1BC656F.d.FCF436341789D48D5EB9B01703867A94.e.3289"}]}
COMMAND: GET /session/9813251e0ae410a7418940dcaaaaf337/screenshot - {}
RESULT: {}
RESULT: {"script":"<script> [5351 bytes]","args":[{"element-6066-11e4-a52e-4f735466cecf":"f.6D6192A7F298CA7F9ED2043BE1BC656F.d.FCF436341789D48D5EB9B01703867A94.e.3289","ELEMENT":"f.6D6192A7F298CA7F9ED2043BE1BC656F.d.FCF436341789D48D5EB9B01703867A94.e.3289"}]}
COMMAND: POST /session/9813251e0ae410a7418940dcaaaaf337/element/f.6D6192A7F298CA7F9ED2043BE1BC656F.d.FCF436341789D48D5EB9B01703867A94.e.3289/click - {}
COMMAND: GET /session/9813251e0ae410a7418940dcaaaaf337/screenshot - {}
RESULT: {}
RESULT: {}
COMMAND: GET /session/9813251e0ae410a7418940dcaaaaf337/screenshot - {}
RESULT: {}
RESULT: {}
COMMAND: POST /session/9813251e0ae410a7418940dcaaaaf337/execute/async - {"script":"<script> [1562 bytes]","args":[{"selector":{"id":"application-managepartners-display-component---NewPartner--addressDetailDetailsName1","interaction":{"idSuffix":"inner"}},"wdio_ui5_key":"applicationmanagepartners-display-component---NewPartner--addressDetailDetailsName1"}]}
RESULT: {"script":"<script> [1562 bytes]","args":[{"selector":{"id":"application-managepartners-display-component---NewPartner--addressDetailDetailsName1","interaction":{"idSuffix":"inner"}},"wdio_ui5_key":"applicationmanagepartners-display-component---NewPartner--addressDetailDetailsName1"}]}
RESULT: undefined
COMMAND: POST /session/9813251e0ae410a7418940dcaaaaf337/execute/async - {"script":"<script> [776 bytes]","args":[{"enterText":"DailyPrice Partner WDIO","selector":{"id":"application-managepartners-display-component---NewPartner--addressDetailDetailsName1","interaction":{"idSuffix":"inner"}},"clearTextFirst":true,"interactionType":"ENTER_TEXT"}]}
RESULT: {"script":"<script> [776 bytes]","args":[{"enterText":"DailyPrice Partner WDIO","selector":{"id":"application-managepartners-display-component---NewPartner--addressDetailDetailsName1","interaction":{"idSuffix":"inner"}},"clearTextFirst":true,"interactionType":"ENTER_TEXT"}]}
COMMAND: POST /session/9813251e0ae410a7418940dcaaaaf337/execute/async - {"script":"<script> [1562 bytes]","args":[{"selector":{"id":"application-managepartners-display-component---NewPartner--addressDetailDetailsLanguage-arrow"},"wdio_ui5_key":"applicationmanagepartners-display-component---NewPartner--addressDetailDetailsLanguage-arrow"}]}
RESULT: {"script":"<script> [1562 bytes]","args":[{"selector":{"id":"application-managepartners-display-component---NewPartner--addressDetailDetailsLanguage-arrow"},"wdio_ui5_key":"applicationmanagepartners-display-component---NewPartner--addressDetailDetailsLanguage-arrow"}]}
RESULT: undefined
COMMAND: POST /session/9813251e0ae410a7418940dcaaaaf337/element - {"using":"xpath","value":"//*[@id=\"application-managepartners-display-component---NewPartner--addressDetailDetailsLanguage-arrow\"]"}
RESULT: {"using":"xpath","value":"//*[@id=\"application-managepartners-display-component---NewPartner--addressDetailDetailsLanguage-arrow\"]"}
COMMAND: POST /session/9813251e0ae410a7418940dcaaaaf337/element/f.6D6192A7F298CA7F9ED2043BE1BC656F.d.FCF436341789D48D5EB9B01703867A94.e.3732/click - {}
RESULT: {}
COMMAND: POST /session/9813251e0ae410a7418940dcaaaaf337/element - {"using":"xpath","value":"//span[contains(text(), \"English\")]"}
COMMAND: GET /session/9813251e0ae410a7418940dcaaaaf337/screenshot - {}
RESULT: {"using":"xpath","value":"//span[contains(text(), \"English\")]"}
COMMAND: POST /session/9813251e0ae410a7418940dcaaaaf337/element/f.6D6192A7F298CA7F9ED2043BE1BC656F.d.FCF436341789D48D5EB9B01703867A94.e.3733/click - {}
RESULT: {}
RESULT: {}
COMMAND: GET /session/9813251e0ae410a7418940dcaaaaf337/screenshot - {}
RESULT: {}
COMMAND: POST /session/9813251e0ae410a7418940dcaaaaf337/execute/async - {"script":"<script> [1562 bytes]","args":[{"selector":{"id":"application-managepartners-display-component---NewPartner--addressDetailDetailsCity1","interaction":{"idSuffix":"inner"}},"wdio_ui5_key":"applicationmanagepartners-display-component---NewPartner--addressDetailDetailsCity1"}]}
RESULT: {"script":"<script> [1562 bytes]","args":[{"selector":{"id":"application-managepartners-display-component---NewPartner--addressDetailDetailsCity1","interaction":{"idSuffix":"inner"}},"wdio_ui5_key":"applicationmanagepartners-display-component---NewPartner--addressDetailDetailsCity1"}]}
RESULT: undefined
COMMAND: POST /session/9813251e0ae410a7418940dcaaaaf337/execute/async - {"script":"<script> [776 bytes]","args":[{"enterText":"Rosario","selector":{"id":"application-managepartners-display-component---NewPartner--addressDetailDetailsCity1","interaction":{"idSuffix":"inner"}},"clearTextFirst":true,"interactionType":"ENTER_TEXT"}]}
RESULT: {"script":"<script> [776 bytes]","args":[{"enterText":"Rosario","selector":{"id":"application-managepartners-display-component---NewPartner--addressDetailDetailsCity1","interaction":{"idSuffix":"inner"}},"clearTextFirst":true,"interactionType":"ENTER_TEXT"}]}
COMMAND: POST /session/9813251e0ae410a7418940dcaaaaf337/execute/async - {"script":"<script> [1562 bytes]","args":[{"selector":{"id":"application-managepartners-display-component---NewPartner--addressDetailDetailsCountry-arrow"},"wdio_ui5_key":"applicationmanagepartners-display-component---NewPartner--addressDetailDetailsCountry-arrow"}]}
RESULT: {"script":"<script> [1562 bytes]","args":[{"selector":{"id":"application-managepartners-display-component---NewPartner--addressDetailDetailsCountry-arrow"},"wdio_ui5_key":"applicationmanagepartners-display-component---NewPartner--addressDetailDetailsCountry-arrow"}]}
RESULT: undefined
COMMAND: POST /session/9813251e0ae410a7418940dcaaaaf337/element - {"using":"xpath","value":"//*[@id=\"application-managepartners-display-component---NewPartner--addressDetailDetailsCountry-arrow\"]"}
RESULT: {"using":"xpath","value":"//*[@id=\"application-managepartners-display-component---NewPartner--addressDetailDetailsCountry-arrow\"]"}
COMMAND: POST /session/9813251e0ae410a7418940dcaaaaf337/element/f.6D6192A7F298CA7F9ED2043BE1BC656F.d.FCF436341789D48D5EB9B01703867A94.e.3719/click - {}
RESULT: {}
COMMAND: POST /session/9813251e0ae410a7418940dcaaaaf337/element - {"using":"xpath","value":"//span[contains(text(), \"Argentina\")]"}
COMMAND: GET /session/9813251e0ae410a7418940dcaaaaf337/screenshot - {}
RESULT: {"using":"xpath","value":"//span[contains(text(), \"Argentina\")]"}
COMMAND: POST /session/9813251e0ae410a7418940dcaaaaf337/element/f.6D6192A7F298CA7F9ED2043BE1BC656F.d.FCF436341789D48D5EB9B01703867A94.e.3735/click - {}
RESULT: {}
RESULT: {}
COMMAND: GET /session/9813251e0ae410a7418940dcaaaaf337/screenshot - {}
RESULT: {}
COMMAND: POST /session/9813251e0ae410a7418940dcaaaaf337/element - {"using":"xpath","value":"//bdi[contains(text(), \"Commercial\")]"}
RESULT: {"using":"xpath","value":"//bdi[contains(text(), \"Commercial\")]"}
COMMAND: POST /session/9813251e0ae410a7418940dcaaaaf337/element/f.6D6192A7F298CA7F9ED2043BE1BC656F.d.FCF436341789D48D5EB9B01703867A94.e.3736/click - {}
RESULT: {}
COMMAND: GET /session/9813251e0ae410a7418940dcaaaaf337/screenshot - {}
RESULT: {}
COMMAND: POST /session/9813251e0ae410a7418940dcaaaaf337/execute/async - {"script":"<script> [1562 bytes]","args":[{"selector":{"id":"application-managepartners-display-component---NewPartner--partnerDetailInternal-arrow"},"wdio_ui5_key":"applicationmanagepartners-display-component---NewPartner--partnerDetailInternal-arrow"}]}
RESULT: {"script":"<script> [1562 bytes]","args":[{"selector":{"id":"application-managepartners-display-component---NewPartner--partnerDetailInternal-arrow"},"wdio_ui5_key":"applicationmanagepartners-display-component---NewPartner--partnerDetailInternal-arrow"}]}
RESULT: undefined
COMMAND: POST /session/9813251e0ae410a7418940dcaaaaf337/element - {"using":"xpath","value":"//*[@id=\"application-managepartners-display-component---NewPartner--partnerDetailInternal-arrow\"]"}
RESULT: {"using":"xpath","value":"//*[@id=\"application-managepartners-display-component---NewPartner--partnerDetailInternal-arrow\"]"}
COMMAND: POST /session/9813251e0ae410a7418940dcaaaaf337/element/f.6D6192A7F298CA7F9ED2043BE1BC656F.d.FCF436341789D48D5EB9B01703867A94.e.3742/click - {}
RESULT: {}
COMMAND: POST /session/9813251e0ae410a7418940dcaaaaf337/element - {"using":"xpath","value":"//span[contains(text(), \"Affiliated company\")]"}
COMMAND: GET /session/9813251e0ae410a7418940dcaaaaf337/screenshot - {}
RESULT: {"using":"xpath","value":"//span[contains(text(), \"Affiliated company\")]"}
COMMAND: POST /session/9813251e0ae410a7418940dcaaaaf337/element/f.6D6192A7F298CA7F9ED2043BE1BC656F.d.FCF436341789D48D5EB9B01703867A94.e.3743/click - {}
RESULT: {}
RESULT: {}
COMMAND: POST /session/9813251e0ae410a7418940dcaaaaf337/execute/async - {"script":"<script> [1562 bytes]","args":[{"selector":{"id":"application-managepartners-display-component---NewPartner--partnerDetailsCurrency-arrow"},"wdio_ui5_key":"applicationmanagepartners-display-component---NewPartner--partnerDetailsCurrency-arrow"}]}
COMMAND: GET /session/9813251e0ae410a7418940dcaaaaf337/screenshot - {}
RESULT: {"script":"<script> [1562 bytes]","args":[{"selector":{"id":"application-managepartners-display-component---NewPartner--partnerDetailsCurrency-arrow"},"wdio_ui5_key":"applicationmanagepartners-display-component---NewPartner--partnerDetailsCurrency-arrow"}]}
RESULT: undefined
COMMAND: POST /session/9813251e0ae410a7418940dcaaaaf337/element - {"using":"xpath","value":"//*[@id=\"application-managepartners-display-component---NewPartner--partnerDetailsCurrency-arrow\"]"}
RESULT: {}
RESULT: {"using":"xpath","value":"//*[@id=\"application-managepartners-display-component---NewPartner--partnerDetailsCurrency-arrow\"]"}
COMMAND: POST /session/9813251e0ae410a7418940dcaaaaf337/element/f.6D6192A7F298CA7F9ED2043BE1BC656F.d.FCF436341789D48D5EB9B01703867A94.e.3750/click - {}
RESULT: {}
COMMAND: POST /session/9813251e0ae410a7418940dcaaaaf337/element - {"using":"xpath","value":"//span[contains(text(), \"Euro\")]"}
COMMAND: GET /session/9813251e0ae410a7418940dcaaaaf337/screenshot - {}
RESULT: {"using":"xpath","value":"//span[contains(text(), \"Euro\")]"}
COMMAND: POST /session/9813251e0ae410a7418940dcaaaaf337/element/f.6D6192A7F298CA7F9ED2043BE1BC656F.d.FCF436341789D48D5EB9B01703867A94.e.3751/click - {}
RESULT: {}
RESULT: {}
COMMAND: POST /session/9813251e0ae410a7418940dcaaaaf337/execute/async - {"script":"<script> [1562 bytes]","args":[{"selector":{"id":"application-managepartners-display-component---NewPartner--addressEditDetailsCostObjectCstType-arrow"},"wdio_ui5_key":"applicationmanagepartners-display-component---NewPartner--addressEditDetailsCostObjectCstType-arrow"}]}
COMMAND: GET /session/9813251e0ae410a7418940dcaaaaf337/screenshot - {}
RESULT: {"script":"<script> [1562 bytes]","args":[{"selector":{"id":"application-managepartners-display-component---NewPartner--addressEditDetailsCostObjectCstType-arrow"},"wdio_ui5_key":"applicationmanagepartners-display-component---NewPartner--addressEditDetailsCostObjectCstType-arrow"}]}
RESULT: undefined
COMMAND: POST /session/9813251e0ae410a7418940dcaaaaf337/element - {"using":"xpath","value":"//*[@id=\"application-managepartners-display-component---NewPartner--addressEditDetailsCostObjectCstType-arrow\"]"}
RESULT: {}
RESULT: {"using":"xpath","value":"//*[@id=\"application-managepartners-display-component---NewPartner--addressEditDetailsCostObjectCstType-arrow\"]"}
COMMAND: POST /session/9813251e0ae410a7418940dcaaaaf337/element/f.6D6192A7F298CA7F9ED2043BE1BC656F.d.FCF436341789D48D5EB9B01703867A94.e.3752/click - {}
RESULT: {}
COMMAND: POST /session/9813251e0ae410a7418940dcaaaaf337/element - {"using":"xpath","value":"//span[contains(text(), \"Cost Center\")]"}
COMMAND: GET /session/9813251e0ae410a7418940dcaaaaf337/screenshot - {}
RESULT: {"using":"xpath","value":"//span[contains(text(), \"Cost Center\")]"}
COMMAND: POST /session/9813251e0ae410a7418940dcaaaaf337/element/f.6D6192A7F298CA7F9ED2043BE1BC656F.d.FCF436341789D48D5EB9B01703867A94.e.3753/click - {}
RESULT: {}
RESULT: {}
COMMAND: GET /session/9813251e0ae410a7418940dcaaaaf337/screenshot - {}
RESULT: {}
COMMAND: POST /session/9813251e0ae410a7418940dcaaaaf337/element - {"using":"xpath","value":"//span[@id=\"application-managepartners-display-component---NewPartner--addressNewCostObjectCstID-vhi\"]"}
RESULT: {"using":"xpath","value":"//span[@id=\"application-managepartners-display-component---NewPartner--addressNewCostObjectCstID-vhi\"]"}
COMMAND: POST /session/9813251e0ae410a7418940dcaaaaf337/execute/sync - {"script":"<script> [8489 bytes]","args":[{"element-6066-11e4-a52e-4f735466cecf":"f.6D6192A7F298CA7F9ED2043BE1BC656F.d.FCF436341789D48D5EB9B01703867A94.e.3757","ELEMENT":"f.6D6192A7F298CA7F9ED2043BE1BC656F.d.FCF436341789D48D5EB9B01703867A94.e.3757"}]}
RESULT: {"script":"<script> [8489 bytes]","args":[{"element-6066-11e4-a52e-4f735466cecf":"f.6D6192A7F298CA7F9ED2043BE1BC656F.d.FCF436341789D48D5EB9B01703867A94.e.3757","ELEMENT":"f.6D6192A7F298CA7F9ED2043BE1BC656F.d.FCF436341789D48D5EB9B01703867A94.e.3757"}]}
COMMAND: POST /session/9813251e0ae410a7418940dcaaaaf337/execute/async - {"script":"<script> [1562 bytes]","args":[{"selector":{"id":"application-managepartners-display-component---NewPartner--addressNewCostObjectCstID-vhi"},"wdio_ui5_key":"applicationmanagepartners-display-component---NewPartner--addressNewCostObjectCstID-vhi"}]}
COMMAND: GET /session/9813251e0ae410a7418940dcaaaaf337/screenshot - {}
RESULT: {"script":"<script> [1562 bytes]","args":[{"selector":{"id":"application-managepartners-display-component---NewPartner--addressNewCostObjectCstID-vhi"},"wdio_ui5_key":"applicationmanagepartners-display-component---NewPartner--addressNewCostObjectCstID-vhi"}]}
RESULT: undefined
COMMAND: POST /session/9813251e0ae410a7418940dcaaaaf337/element - {"using":"xpath","value":"//*[@id=\"application-managepartners-display-component---NewPartner--addressNewCostObjectCstID-vhi\"]"}
RESULT: {}
RESULT: {"using":"xpath","value":"//*[@id=\"application-managepartners-display-component---NewPartner--addressNewCostObjectCstID-vhi\"]"}
COMMAND: POST /session/9813251e0ae410a7418940dcaaaaf337/element/f.6D6192A7F298CA7F9ED2043BE1BC656F.d.FCF436341789D48D5EB9B01703867A94.e.3757/click - {}
RESULT: {}
COMMAND: GET /session/9813251e0ae410a7418940dcaaaaf337/screenshot - {}
RESULT: {}
COMMAND: POST /session/9813251e0ae410a7418940dcaaaaf337/execute/async - {"script":"<script> [1562 bytes]","args":[{"selector":{"controlType":"sap.m.SearchField","properties":{"placeholder":"Search"},"searchOpenDialogs":true,"interaction":{"idSuffix":"I"}},"wdio_ui5_key":"sapm.SearchField{\"placeholder\":\"Search\"}"}]}
RESULT: {"script":"<script> [1562 bytes]","args":[{"selector":{"controlType":"sap.m.SearchField","properties":{"placeholder":"Search"},"searchOpenDialogs":true,"interaction":{"idSuffix":"I"}},"wdio_ui5_key":"sapm.SearchField{\"placeholder\":\"Search\"}"}]}
RESULT: undefined
COMMAND: POST /session/9813251e0ae410a7418940dcaaaaf337/execute/async - {"script":"<script> [776 bytes]","args":[{"enterText":"10001013","selector":{"controlType":"sap.m.SearchField","properties":{"placeholder":"Search"},"searchOpenDialogs":true,"interaction":{"idSuffix":"I"}},"clearTextFirst":true,"interactionType":"ENTER_TEXT"}]}
RESULT: {"script":"<script> [776 bytes]","args":[{"enterText":"10001013","selector":{"controlType":"sap.m.SearchField","properties":{"placeholder":"Search"},"searchOpenDialogs":true,"interaction":{"idSuffix":"I"}},"clearTextFirst":true,"interactionType":"ENTER_TEXT"}]}
COMMAND: POST /session/9813251e0ae410a7418940dcaaaaf337/actions - {"actions":[{"id":"action11","type":"key","parameters":{},"actions":[{"type":"keyDown","value":"î€‡"},{"type":"pause","duration":10},{"type":"keyUp","value":"î€‡"}]}]}
RESULT: {"actions":[{"id":"action11","type":"key","parameters":{},"actions":[{"type":"keyDown","value":"î€‡"},{"type":"pause","duration":10},{"type":"keyUp","value":"î€‡"}]}]}
COMMAND: GET /session/9813251e0ae410a7418940dcaaaaf337/screenshot - {}
RESULT: {}
COMMAND: POST /session/9813251e0ae410a7418940dcaaaaf337/element - {"using":"xpath","value":"//span[contains(text(), \"General Management\")]"}
RESULT: {"using":"xpath","value":"//span[contains(text(), \"General Management\")]"}
COMMAND: POST /session/9813251e0ae410a7418940dcaaaaf337/element/f.6D6192A7F298CA7F9ED2043BE1BC656F.d.FCF436341789D48D5EB9B01703867A94.e.3798/click - {}
RESULT: {}
COMMAND: GET /session/9813251e0ae410a7418940dcaaaaf337/screenshot - {}
RESULT: {}
COMMAND: POST /session/9813251e0ae410a7418940dcaaaaf337/element - {"using":"xpath","value":"//bdi[contains(text(), \"OK\")]"}
RESULT: {"using":"xpath","value":"//bdi[contains(text(), \"OK\")]"}
COMMAND: POST /session/9813251e0ae410a7418940dcaaaaf337/element/f.6D6192A7F298CA7F9ED2043BE1BC656F.d.FCF436341789D48D5EB9B01703867A94.e.3799/click - {}
RESULT: {}
COMMAND: GET /session/9813251e0ae410a7418940dcaaaaf337/screenshot - {}
RESULT: {}
COMMAND: POST /session/9813251e0ae410a7418940dcaaaaf337/element - {"using":"xpath","value":"//input[@id=\"application-managepartners-display-component---NewPartner--companyCodeComboBox-inner\"]"}
RESULT: {"using":"xpath","value":"//input[@id=\"application-managepartners-display-component---NewPartner--companyCodeComboBox-inner\"]"}
COMMAND: POST /session/9813251e0ae410a7418940dcaaaaf337/element/f.6D6192A7F298CA7F9ED2043BE1BC656F.d.FCF436341789D48D5EB9B01703867A94.e.3601/clear - {}
RESULT: {}
COMMAND: POST /session/9813251e0ae410a7418940dcaaaaf337/element/f.6D6192A7F298CA7F9ED2043BE1BC656F.d.FCF436341789D48D5EB9B01703867A94.e.3601/value - {"text":"C002"}
COMMAND: GET /session/9813251e0ae410a7418940dcaaaaf337/screenshot - {}
RESULT: {"text":"C002"}
COMMAND: GET /session/9813251e0ae410a7418940dcaaaaf337/screenshot - {}
RESULT: {}
RESULT: {}
COMMAND: POST /session/9813251e0ae410a7418940dcaaaaf337/element - {"using":"xpath","value":"//li[.//span[text()= \"C002\"]]"}
RESULT: {"using":"xpath","value":"//li[.//span[text()= \"C002\"]]"}
COMMAND: POST /session/9813251e0ae410a7418940dcaaaaf337/element/f.6D6192A7F298CA7F9ED2043BE1BC656F.d.FCF436341789D48D5EB9B01703867A94.e.3805/click - {}
RESULT: {}
COMMAND: GET /session/9813251e0ae410a7418940dcaaaaf337/screenshot - {}
RESULT: {}
COMMAND: POST /session/9813251e0ae410a7418940dcaaaaf337/execute/async - {"script":"<script> [1562 bytes]","args":[{"selector":{"id":"application-managepartners-display-component---NewPartner--btnAddTableRow-img"},"wdio_ui5_key":"applicationmanagepartners-display-component---NewPartner--btnAddTableRow-img"}]}
RESULT: {"script":"<script> [1562 bytes]","args":[{"selector":{"id":"application-managepartners-display-component---NewPartner--btnAddTableRow-img"},"wdio_ui5_key":"applicationmanagepartners-display-component---NewPartner--btnAddTableRow-img"}]}
RESULT: undefined
COMMAND: POST /session/9813251e0ae410a7418940dcaaaaf337/element - {"using":"xpath","value":"//*[@id=\"application-managepartners-display-component---NewPartner--btnAddTableRow-img\"]"}
RESULT: {"using":"xpath","value":"//*[@id=\"application-managepartners-display-component---NewPartner--btnAddTableRow-img\"]"}
COMMAND: POST /session/9813251e0ae410a7418940dcaaaaf337/element/f.6D6192A7F298CA7F9ED2043BE1BC656F.d.FCF436341789D48D5EB9B01703867A94.e.3806/click - {}
RESULT: {}
COMMAND: GET /session/9813251e0ae410a7418940dcaaaaf337/screenshot - {}
RESULT: {}
COMMAND: POST /session/9813251e0ae410a7418940dcaaaaf337/element - {"using":"xpath","value":"//input[@id=\"application-managepartners-display-component---NewPartner--assignmentYard-application-managepartners-display-component---NewPartner--assignmentsTable-0-inner\"]"}
RESULT: {"using":"xpath","value":"//input[@id=\"application-managepartners-display-component---NewPartner--assignmentYard-application-managepartners-display-component---NewPartner--assignmentsTable-0-inner\"]"}
COMMAND: POST /session/9813251e0ae410a7418940dcaaaaf337/element/f.6D6192A7F298CA7F9ED2043BE1BC656F.d.FCF436341789D48D5EB9B01703867A94.e.3809/clear - {}
RESULT: {}
COMMAND: POST /session/9813251e0ae410a7418940dcaaaaf337/element/f.6D6192A7F298CA7F9ED2043BE1BC656F.d.FCF436341789D48D5EB9B01703867A94.e.3809/value - {"text":"687"}
COMMAND: GET /session/9813251e0ae410a7418940dcaaaaf337/screenshot - {}
RESULT: {"text":"687"}
COMMAND: GET /session/9813251e0ae410a7418940dcaaaaf337/screenshot - {}
RESULT: {}
RESULT: {}
COMMAND: POST /session/9813251e0ae410a7418940dcaaaaf337/element - {"using":"xpath","value":"//li[.//span[text()='687']]"}
RESULT: {"using":"xpath","value":"//li[.//span[text()='687']]"}
COMMAND: POST /session/9813251e0ae410a7418940dcaaaaf337/element/f.6D6192A7F298CA7F9ED2043BE1BC656F.d.FCF436341789D48D5EB9B01703867A94.e.3818/click - {}
RESULT: {}
COMMAND: GET /session/9813251e0ae410a7418940dcaaaaf337/screenshot - {}
RESULT: {}
COMMAND: POST /session/9813251e0ae410a7418940dcaaaaf337/actions - {"actions":[{"id":"action12","type":"key","parameters":{},"actions":[{"type":"keyDown","value":"î€‡"},{"type":"pause","duration":10},{"type":"keyUp","value":"î€‡"}]}]}
RESULT: {"actions":[{"id":"action12","type":"key","parameters":{},"actions":[{"type":"keyDown","value":"î€‡"},{"type":"pause","duration":10},{"type":"keyUp","value":"î€‡"}]}]}
COMMAND: POST /session/9813251e0ae410a7418940dcaaaaf337/execute/async - {"script":"<script> [1562 bytes]","args":[{"selector":{"id":"application-managepartners-display-component---NewPartner--externalCustomerComboBox-application-managepartners-display-component---NewPartner--assignmentsTable-0-vhi"},"wdio_ui5_key":"applicationmanagepartners-display-component---NewPartner--externalCustomerComboBox-application-managepartners-display-component---NewPartner--assignmentsTable-0-vhi"}]}
COMMAND: GET /session/9813251e0ae410a7418940dcaaaaf337/screenshot - {}
RESULT: {"script":"<script> [1562 bytes]","args":[{"selector":{"id":"application-managepartners-display-component---NewPartner--externalCustomerComboBox-application-managepartners-display-component---NewPartner--assignmentsTable-0-vhi"},"wdio_ui5_key":"applicationmanagepartners-display-component---NewPartner--externalCustomerComboBox-application-managepartners-display-component---NewPartner--assignmentsTable-0-vhi"}]}
RESULT: undefined
COMMAND: POST /session/9813251e0ae410a7418940dcaaaaf337/element - {"using":"xpath","value":"//*[@id=\"application-managepartners-display-component---NewPartner--externalCustomerComboBox-application-managepartners-display-component---NewPartner--assignmentsTable-0-vhi\"]"}
RESULT: {}
RESULT: {"using":"xpath","value":"//*[@id=\"application-managepartners-display-component---NewPartner--externalCustomerComboBox-application-managepartners-display-component---NewPartner--assignmentsTable-0-vhi\"]"}
COMMAND: POST /session/9813251e0ae410a7418940dcaaaaf337/element/f.6D6192A7F298CA7F9ED2043BE1BC656F.d.FCF436341789D48D5EB9B01703867A94.e.3822/click - {}
RESULT: {}
RESULT: undefined
COMMAND: POST /session/9813251e0ae410a7418940dcaaaaf337/execute/async - {"script":"<script> [776 bytes]","args":[{"enterText":"300003","selector":{"controlType":"sap.m.SearchField","properties":{"placeholder":"Search"},"searchOpenDialogs":true,"interaction":{"idSuffix":"I"}},"clearTextFirst":true,"interactionType":"ENTER_TEXT"}]}
COMMAND: GET /session/9813251e0ae410a7418940dcaaaaf337/screenshot - {}
RESULT: {"script":"<script> [776 bytes]","args":[{"enterText":"300003","selector":{"controlType":"sap.m.SearchField","properties":{"placeholder":"Search"},"searchOpenDialogs":true,"interaction":{"idSuffix":"I"}},"clearTextFirst":true,"interactionType":"ENTER_TEXT"}]}
COMMAND: POST /session/9813251e0ae410a7418940dcaaaaf337/actions - {"actions":[{"id":"action13","type":"key","parameters":{},"actions":[{"type":"keyDown","value":"î€‡"},{"type":"pause","duration":10},{"type":"keyUp","value":"î€‡"}]}]}
RESULT: {}
RESULT: {"actions":[{"id":"action13","type":"key","parameters":{},"actions":[{"type":"keyDown","value":"î€‡"},{"type":"pause","duration":10},{"type":"keyUp","value":"î€‡"}]}]}
COMMAND: GET /session/9813251e0ae410a7418940dcaaaaf337/screenshot - {}
RESULT: {}
COMMAND: POST /session/9813251e0ae410a7418940dcaaaaf337/element - {"using":"xpath","value":"//span[contains(text(), \"300003\")]"}
RESULT: {"using":"xpath","value":"//span[contains(text(), \"300003\")]"}
COMMAND: POST /session/9813251e0ae410a7418940dcaaaaf337/element/f.6D6192A7F298CA7F9ED2043BE1BC656F.d.FCF436341789D48D5EB9B01703867A94.e.3839/click - {}
RESULT: {}
COMMAND: GET /session/9813251e0ae410a7418940dcaaaaf337/screenshot - {}
RESULT: {}
COMMAND: POST /session/9813251e0ae410a7418940dcaaaaf337/element - {"using":"xpath","value":"//bdi[contains(text(), \"OK\")]"}
RESULT: {"using":"xpath","value":"//bdi[contains(text(), \"OK\")]"}
COMMAND: POST /session/9813251e0ae410a7418940dcaaaaf337/element/f.6D6192A7F298CA7F9ED2043BE1BC656F.d.FCF436341789D48D5EB9B01703867A94.e.3841/click - {}
RESULT: {}
COMMAND: GET /session/9813251e0ae410a7418940dcaaaaf337/screenshot - {}
RESULT: {}
COMMAND: POST /session/9813251e0ae410a7418940dcaaaaf337/execute/async - {"script":"<script> [1562 bytes]","args":[{"selector":{"id":"application-managepartners-display-component---NewPartner--intercompVendorComboBox-application-managepartners-display-component---NewPartner--assignmentsTable-0-vhi"},"wdio_ui5_key":"applicationmanagepartners-display-component---NewPartner--intercompVendorComboBox-application-managepartners-display-component---NewPartner--assignmentsTable-0-vhi"}]}
RESULT: {"script":"<script> [1562 bytes]","args":[{"selector":{"id":"application-managepartners-display-component---NewPartner--intercompVendorComboBox-application-managepartners-display-component---NewPartner--assignmentsTable-0-vhi"},"wdio_ui5_key":"applicationmanagepartners-display-component---NewPartner--intercompVendorComboBox-application-managepartners-display-component---NewPartner--assignmentsTable-0-vhi"}]}
RESULT: undefined
COMMAND: POST /session/9813251e0ae410a7418940dcaaaaf337/element - {"using":"xpath","value":"//*[@id=\"application-managepartners-display-component---NewPartner--intercompVendorComboBox-application-managepartners-display-component---NewPartner--assignmentsTable-0-vhi\"]"}
RESULT: {"using":"xpath","value":"//*[@id=\"application-managepartners-display-component---NewPartner--intercompVendorComboBox-application-managepartners-display-component---NewPartner--assignmentsTable-0-vhi\"]"}
COMMAND: POST /session/9813251e0ae410a7418940dcaaaaf337/element/f.6D6192A7F298CA7F9ED2043BE1BC656F.d.FCF436341789D48D5EB9B01703867A94.e.3844/click - {}
RESULT: {}
RESULT: undefined
COMMAND: POST /session/9813251e0ae410a7418940dcaaaaf337/execute/async - {"script":"<script> [776 bytes]","args":[{"enterText":"100005","selector":{"controlType":"sap.m.SearchField","properties":{"placeholder":"Search"},"searchOpenDialogs":true,"interaction":{"idSuffix":"I"}},"clearTextFirst":true,"interactionType":"ENTER_TEXT"}]}
COMMAND: GET /session/9813251e0ae410a7418940dcaaaaf337/screenshot - {}
RESULT: {"script":"<script> [776 bytes]","args":[{"enterText":"100005","selector":{"controlType":"sap.m.SearchField","properties":{"placeholder":"Search"},"searchOpenDialogs":true,"interaction":{"idSuffix":"I"}},"clearTextFirst":true,"interactionType":"ENTER_TEXT"}]}
COMMAND: POST /session/9813251e0ae410a7418940dcaaaaf337/actions - {"actions":[{"id":"action14","type":"key","parameters":{},"actions":[{"type":"keyDown","value":"î€‡"},{"type":"pause","duration":10},{"type":"keyUp","value":"î€‡"}]}]}
RESULT: {}
RESULT: {"actions":[{"id":"action14","type":"key","parameters":{},"actions":[{"type":"keyDown","value":"î€‡"},{"type":"pause","duration":10},{"type":"keyUp","value":"î€‡"}]}]}
COMMAND: GET /session/9813251e0ae410a7418940dcaaaaf337/screenshot - {}
RESULT: {}
COMMAND: POST /session/9813251e0ae410a7418940dcaaaaf337/element - {"using":"xpath","value":"//span[contains(text(), \"Penguins - Field/12345 Berlin\")]"}
RESULT: {"using":"xpath","value":"//span[contains(text(), \"Penguins - Field/12345 Berlin\")]"}
COMMAND: POST /session/9813251e0ae410a7418940dcaaaaf337/element/f.6D6192A7F298CA7F9ED2043BE1BC656F.d.FCF436341789D48D5EB9B01703867A94.e.3861/click - {}
RESULT: {}
COMMAND: GET /session/9813251e0ae410a7418940dcaaaaf337/screenshot - {}
RESULT: {}
COMMAND: POST /session/9813251e0ae410a7418940dcaaaaf337/element - {"using":"xpath","value":"//bdi[contains(text(), \"OK\")]"}
RESULT: {"using":"xpath","value":"//bdi[contains(text(), \"OK\")]"}
COMMAND: POST /session/9813251e0ae410a7418940dcaaaaf337/element/f.6D6192A7F298CA7F9ED2043BE1BC656F.d.FCF436341789D48D5EB9B01703867A94.e.3862/click - {}
RESULT: {}
COMMAND: GET /session/9813251e0ae410a7418940dcaaaaf337/screenshot - {}
RESULT: {}
COMMAND: POST /session/9813251e0ae410a7418940dcaaaaf337/element - {"using":"xpath","value":"//button[@data-kt=\"saveButton\"]"}
RESULT: {"using":"xpath","value":"//button[@data-kt=\"saveButton\"]"}
COMMAND: POST /session/9813251e0ae410a7418940dcaaaaf337/element/f.6D6192A7F298CA7F9ED2043BE1BC656F.d.FCF436341789D48D5EB9B01703867A94.e.3657/click - {}
RESULT: {}
COMMAND: GET /session/9813251e0ae410a7418940dcaaaaf337/screenshot - {}
RESULT: {}
COMMAND: POST /session/9813251e0ae410a7418940dcaaaaf337/element - {"using":"xpath","value":"//header[contains(@id, 'ObjectPageLayout-headerTitle')]/div[1]/div[2]/div[2]/span[1]"}
RESULT: {"using":"xpath","value":"//header[contains(@id, 'ObjectPageLayout-headerTitle')]/div[1]/div[2]/div[2]/span[1]"}
COMMAND: POST /session/9813251e0ae410a7418940dcaaaaf337/elements - {"using":"xpath","value":"//header[contains(@id, 'ObjectPageLayout-headerTitle')]/div[1]/div[2]/div[2]/span[1]"}
RESULT: {"using":"xpath","value":"//header[contains(@id, 'ObjectPageLayout-headerTitle')]/div[1]/div[2]/div[2]/span[1]"}
COMMAND: POST /session/9813251e0ae410a7418940dcaaaaf337/execute/sync - {"script":"<script> [56 bytes]","args":[{"element-6066-11e4-a52e-4f735466cecf":"f.6D6192A7F298CA7F9ED2043BE1BC656F.d.FCF436341789D48D5EB9B01703867A94.e.4029","ELEMENT":"f.6D6192A7F298CA7F9ED2043BE1BC656F.d.FCF436341789D48D5EB9B01703867A94.e.4029"}]}
RESULT: {"script":"<script> [56 bytes]","args":[{"element-6066-11e4-a52e-4f735466cecf":"f.6D6192A7F298CA7F9ED2043BE1BC656F.d.FCF436341789D48D5EB9B01703867A94.e.4029","ELEMENT":"f.6D6192A7F298CA7F9ED2043BE1BC656F.d.FCF436341789D48D5EB9B01703867A94.e.4029"}]}
COMMAND: POST /session/9813251e0ae410a7418940dcaaaaf337/element - {"using":"css selector","value":"#shell-header-logo"}
COMMAND: GET /session/9813251e0ae410a7418940dcaaaaf337/screenshot - {}
RESULT: {"using":"css selector","value":"#shell-header-logo"}
COMMAND: POST /session/9813251e0ae410a7418940dcaaaaf337/element/f.6D6192A7F298CA7F9ED2043BE1BC656F.d.FCF436341789D48D5EB9B01703867A94.e.3243/click - {}
RESULT: {}
RESULT: {}
COMMAND: GET /session/9813251e0ae410a7418940dcaaaaf337/screenshot - {}
RESULT: {}
COMMAND: POST /session/9813251e0ae410a7418940dcaaaaf337/execute/sync - {"script":"<script> [299 bytes]","args":[["getModel","getResource"]]}
RESULT: {"script":"<script> [299 bytes]","args":[["getModel","getResource"]]}
]]></system-out>
    </testcase>
    <testcase classname="chrome.137_0_7151_56.windows.Edit_and_delete_daily_price_US134629_US134627" name="Should create a new site used for following tests" time="86.083">
      <system-out><![CDATA[
COMMAND: POST /session/9813251e0ae410a7418940dcaaaaf337/execute/async - {"script":"<script> [1562 bytes]","args":[{"selector":{"controlType":"sap.m.GenericTile","properties":{"header":"Manage Sites"}},"wdio_ui5_key":"sapm.GenericTile{\"header\":\"Manage Sites\"}"}]}
COMMAND: GET /session/9813251e0ae410a7418940dcaaaaf337/screenshot - {}
RESULT: {"script":"<script> [1562 bytes]","args":[{"selector":{"controlType":"sap.m.GenericTile","properties":{"header":"Manage Sites"}},"wdio_ui5_key":"sapm.GenericTile{\"header\":\"Manage Sites\"}"}]}
RESULT: undefined
COMMAND: POST /session/9813251e0ae410a7418940dcaaaaf337/element - {"using":"xpath","value":"//*[@id=\"__tile40\"]"}
RESULT: {}
RESULT: {"using":"xpath","value":"//*[@id=\"__tile40\"]"}
COMMAND: POST /session/9813251e0ae410a7418940dcaaaaf337/element/f.6D6192A7F298CA7F9ED2043BE1BC656F.d.FCF436341789D48D5EB9B01703867A94.e.3135/click - {}
RESULT: {}
COMMAND: GET /session/9813251e0ae410a7418940dcaaaaf337/screenshot - {}
RESULT: {}
COMMAND: POST /session/9813251e0ae410a7418940dcaaaaf337/elements - {"using":"xpath","value":"//span[text()='Error']"}
RESULT: {"using":"xpath","value":"//span[text()='Error']"}
COMMAND: POST /session/9813251e0ae410a7418940dcaaaaf337/element - {"using":"xpath","value":"//button[@data-kt=\"addOverflowToolbarButton\"]"}
RESULT: {"using":"xpath","value":"//button[@data-kt=\"addOverflowToolbarButton\"]"}
COMMAND: POST /session/9813251e0ae410a7418940dcaaaaf337/elements - {"using":"xpath","value":"//button[@data-kt=\"addOverflowToolbarButton\"]"}
RESULT: {"using":"xpath","value":"//button[@data-kt=\"addOverflowToolbarButton\"]"}
COMMAND: POST /session/9813251e0ae410a7418940dcaaaaf337/execute/sync - {"script":"<script> [8489 bytes]","args":[{"element-6066-11e4-a52e-4f735466cecf":"f.6D6192A7F298CA7F9ED2043BE1BC656F.d.FCF436341789D48D5EB9B01703867A94.e.4075","ELEMENT":"f.6D6192A7F298CA7F9ED2043BE1BC656F.d.FCF436341789D48D5EB9B01703867A94.e.4075"}]}
RESULT: {"script":"<script> [8489 bytes]","args":[{"element-6066-11e4-a52e-4f735466cecf":"f.6D6192A7F298CA7F9ED2043BE1BC656F.d.FCF436341789D48D5EB9B01703867A94.e.4075","ELEMENT":"f.6D6192A7F298CA7F9ED2043BE1BC656F.d.FCF436341789D48D5EB9B01703867A94.e.4075"}]}
COMMAND: GET /session/9813251e0ae410a7418940dcaaaaf337/element/f.6D6192A7F298CA7F9ED2043BE1BC656F.d.FCF436341789D48D5EB9B01703867A94.e.4075/enabled - {}
COMMAND: GET /session/9813251e0ae410a7418940dcaaaaf337/screenshot - {}
RESULT: {}
COMMAND: POST /session/9813251e0ae410a7418940dcaaaaf337/execute/sync - {"script":"<script> [8489 bytes]","args":[{"element-6066-11e4-a52e-4f735466cecf":"f.6D6192A7F298CA7F9ED2043BE1BC656F.d.FCF436341789D48D5EB9B01703867A94.e.4075","ELEMENT":"f.6D6192A7F298CA7F9ED2043BE1BC656F.d.FCF436341789D48D5EB9B01703867A94.e.4075"}]}
COMMAND: GET /session/9813251e0ae410a7418940dcaaaaf337/screenshot - {}
RESULT: {}
RESULT: {"script":"<script> [8489 bytes]","args":[{"element-6066-11e4-a52e-4f735466cecf":"f.6D6192A7F298CA7F9ED2043BE1BC656F.d.FCF436341789D48D5EB9B01703867A94.e.4075","ELEMENT":"f.6D6192A7F298CA7F9ED2043BE1BC656F.d.FCF436341789D48D5EB9B01703867A94.e.4075"}]}
COMMAND: POST /session/9813251e0ae410a7418940dcaaaaf337/execute/sync - {"script":"<script> [5351 bytes]","args":[{"element-6066-11e4-a52e-4f735466cecf":"f.6D6192A7F298CA7F9ED2043BE1BC656F.d.FCF436341789D48D5EB9B01703867A94.e.4075","ELEMENT":"f.6D6192A7F298CA7F9ED2043BE1BC656F.d.FCF436341789D48D5EB9B01703867A94.e.4075"}]}
COMMAND: GET /session/9813251e0ae410a7418940dcaaaaf337/screenshot - {}
RESULT: {}
RESULT: {"script":"<script> [5351 bytes]","args":[{"element-6066-11e4-a52e-4f735466cecf":"f.6D6192A7F298CA7F9ED2043BE1BC656F.d.FCF436341789D48D5EB9B01703867A94.e.4075","ELEMENT":"f.6D6192A7F298CA7F9ED2043BE1BC656F.d.FCF436341789D48D5EB9B01703867A94.e.4075"}]}
COMMAND: POST /session/9813251e0ae410a7418940dcaaaaf337/element/f.6D6192A7F298CA7F9ED2043BE1BC656F.d.FCF436341789D48D5EB9B01703867A94.e.4075/click - {}
COMMAND: GET /session/9813251e0ae410a7418940dcaaaaf337/screenshot - {}
RESULT: {}
RESULT: {}
COMMAND: GET /session/9813251e0ae410a7418940dcaaaaf337/screenshot - {}
RESULT: {}
RESULT: {}
COMMAND: POST /session/9813251e0ae410a7418940dcaaaaf337/element - {"using":"xpath","value":"//input[@id=\"application-managesites-display-component---NewSite--siteId-inner\"]"}
RESULT: {"using":"xpath","value":"//input[@id=\"application-managesites-display-component---NewSite--siteId-inner\"]"}
COMMAND: POST /session/9813251e0ae410a7418940dcaaaaf337/element - {"using":"xpath","value":"//input[@id=\"application-managesites-display-component---NewSite--siteId-inner\"]"}
RESULT: {"using":"xpath","value":"//input[@id=\"application-managesites-display-component---NewSite--siteId-inner\"]"}
COMMAND: POST /session/9813251e0ae410a7418940dcaaaaf337/execute/async - {"script":"<script> [1562 bytes]","args":[{"selector":{"id":"application-managesites-display-component---NewSite--addressDetailDetailsName1","interaction":{"idSuffix":"inner"}},"wdio_ui5_key":"applicationmanagesites-display-component---NewSite--addressDetailDetailsName1"}]}
RESULT: {"script":"<script> [1562 bytes]","args":[{"selector":{"id":"application-managesites-display-component---NewSite--addressDetailDetailsName1","interaction":{"idSuffix":"inner"}},"wdio_ui5_key":"applicationmanagesites-display-component---NewSite--addressDetailDetailsName1"}]}
RESULT: undefined
COMMAND: POST /session/9813251e0ae410a7418940dcaaaaf337/execute/async - {"script":"<script> [776 bytes]","args":[{"enterText":"DailyPrice WDIO","selector":{"id":"application-managesites-display-component---NewSite--addressDetailDetailsName1","interaction":{"idSuffix":"inner"}},"clearTextFirst":true,"interactionType":"ENTER_TEXT"}]}
RESULT: {"script":"<script> [776 bytes]","args":[{"enterText":"DailyPrice WDIO","selector":{"id":"application-managesites-display-component---NewSite--addressDetailDetailsName1","interaction":{"idSuffix":"inner"}},"clearTextFirst":true,"interactionType":"ENTER_TEXT"}]}
COMMAND: POST /session/9813251e0ae410a7418940dcaaaaf337/execute/async - {"script":"<script> [1562 bytes]","args":[{"selector":{"id":"application-managesites-display-component---NewSite--addressDetailDetailsLanguage-arrow"},"wdio_ui5_key":"applicationmanagesites-display-component---NewSite--addressDetailDetailsLanguage-arrow"}]}
RESULT: {"script":"<script> [1562 bytes]","args":[{"selector":{"id":"application-managesites-display-component---NewSite--addressDetailDetailsLanguage-arrow"},"wdio_ui5_key":"applicationmanagesites-display-component---NewSite--addressDetailDetailsLanguage-arrow"}]}
RESULT: undefined
COMMAND: POST /session/9813251e0ae410a7418940dcaaaaf337/element - {"using":"xpath","value":"//*[@id=\"application-managesites-display-component---NewSite--addressDetailDetailsLanguage-arrow\"]"}
RESULT: {"using":"xpath","value":"//*[@id=\"application-managesites-display-component---NewSite--addressDetailDetailsLanguage-arrow\"]"}
COMMAND: POST /session/9813251e0ae410a7418940dcaaaaf337/element/f.6D6192A7F298CA7F9ED2043BE1BC656F.d.FCF436341789D48D5EB9B01703867A94.e.4710/click - {}
RESULT: {}
COMMAND: POST /session/9813251e0ae410a7418940dcaaaaf337/element - {"using":"xpath","value":"//span[contains(text(), \"English\")]"}
COMMAND: GET /session/9813251e0ae410a7418940dcaaaaf337/screenshot - {}
RESULT: {"using":"xpath","value":"//span[contains(text(), \"English\")]"}
COMMAND: POST /session/9813251e0ae410a7418940dcaaaaf337/element/f.6D6192A7F298CA7F9ED2043BE1BC656F.d.FCF436341789D48D5EB9B01703867A94.e.4711/click - {}
RESULT: {}
RESULT: {}
COMMAND: POST /session/9813251e0ae410a7418940dcaaaaf337/execute/async - {"script":"<script> [1562 bytes]","args":[{"selector":{"id":"application-managesites-display-component---NewSite--addressDetailDetailsCity1","interaction":{"idSuffix":"inner"}},"wdio_ui5_key":"applicationmanagesites-display-component---NewSite--addressDetailDetailsCity1"}]}
COMMAND: GET /session/9813251e0ae410a7418940dcaaaaf337/screenshot - {}
RESULT: {"script":"<script> [1562 bytes]","args":[{"selector":{"id":"application-managesites-display-component---NewSite--addressDetailDetailsCity1","interaction":{"idSuffix":"inner"}},"wdio_ui5_key":"applicationmanagesites-display-component---NewSite--addressDetailDetailsCity1"}]}
RESULT: undefined
COMMAND: POST /session/9813251e0ae410a7418940dcaaaaf337/execute/async - {"script":"<script> [776 bytes]","args":[{"enterText":"Rosario","selector":{"id":"application-managesites-display-component---NewSite--addressDetailDetailsCity1","interaction":{"idSuffix":"inner"}},"clearTextFirst":true,"interactionType":"ENTER_TEXT"}]}
RESULT: {}
RESULT: {"script":"<script> [776 bytes]","args":[{"enterText":"Rosario","selector":{"id":"application-managesites-display-component---NewSite--addressDetailDetailsCity1","interaction":{"idSuffix":"inner"}},"clearTextFirst":true,"interactionType":"ENTER_TEXT"}]}
COMMAND: POST /session/9813251e0ae410a7418940dcaaaaf337/execute/async - {"script":"<script> [1562 bytes]","args":[{"selector":{"id":"application-managesites-display-component---NewSite--addressDetailDetailsCountry-arrow"},"wdio_ui5_key":"applicationmanagesites-display-component---NewSite--addressDetailDetailsCountry-arrow"}]}
RESULT: {"script":"<script> [1562 bytes]","args":[{"selector":{"id":"application-managesites-display-component---NewSite--addressDetailDetailsCountry-arrow"},"wdio_ui5_key":"applicationmanagesites-display-component---NewSite--addressDetailDetailsCountry-arrow"}]}
RESULT: undefined
COMMAND: POST /session/9813251e0ae410a7418940dcaaaaf337/element - {"using":"xpath","value":"//*[@id=\"application-managesites-display-component---NewSite--addressDetailDetailsCountry-arrow\"]"}
RESULT: {"using":"xpath","value":"//*[@id=\"application-managesites-display-component---NewSite--addressDetailDetailsCountry-arrow\"]"}
COMMAND: POST /session/9813251e0ae410a7418940dcaaaaf337/element/f.6D6192A7F298CA7F9ED2043BE1BC656F.d.FCF436341789D48D5EB9B01703867A94.e.4713/click - {}
RESULT: {}
COMMAND: POST /session/9813251e0ae410a7418940dcaaaaf337/element - {"using":"xpath","value":"//span[contains(text(), \"Argentina\")]"}
COMMAND: GET /session/9813251e0ae410a7418940dcaaaaf337/screenshot - {}
RESULT: {"using":"xpath","value":"//span[contains(text(), \"Argentina\")]"}
COMMAND: POST /session/9813251e0ae410a7418940dcaaaaf337/element/f.6D6192A7F298CA7F9ED2043BE1BC656F.d.FCF436341789D48D5EB9B01703867A94.e.4714/click - {}
RESULT: {}
RESULT: {}
COMMAND: GET /session/9813251e0ae410a7418940dcaaaaf337/screenshot - {}
RESULT: {}
COMMAND: POST /session/9813251e0ae410a7418940dcaaaaf337/execute/async - {"script":"<script> [1562 bytes]","args":[{"selector":{"id":"application-managesites-display-component---NewSite--addressEditDetailsCostObjectCstType-arrow"},"wdio_ui5_key":"applicationmanagesites-display-component---NewSite--addressEditDetailsCostObjectCstType-arrow"}]}
RESULT: {"script":"<script> [1562 bytes]","args":[{"selector":{"id":"application-managesites-display-component---NewSite--addressEditDetailsCostObjectCstType-arrow"},"wdio_ui5_key":"applicationmanagesites-display-component---NewSite--addressEditDetailsCostObjectCstType-arrow"}]}
RESULT: undefined
COMMAND: POST /session/9813251e0ae410a7418940dcaaaaf337/element - {"using":"xpath","value":"//*[@id=\"application-managesites-display-component---NewSite--addressEditDetailsCostObjectCstType-arrow\"]"}
RESULT: {"using":"xpath","value":"//*[@id=\"application-managesites-display-component---NewSite--addressEditDetailsCostObjectCstType-arrow\"]"}
COMMAND: POST /session/9813251e0ae410a7418940dcaaaaf337/element/f.6D6192A7F298CA7F9ED2043BE1BC656F.d.FCF436341789D48D5EB9B01703867A94.e.4716/click - {}
RESULT: {}
COMMAND: POST /session/9813251e0ae410a7418940dcaaaaf337/element - {"using":"xpath","value":"//span[contains(text(), \"Cost Center\")]"}
COMMAND: GET /session/9813251e0ae410a7418940dcaaaaf337/screenshot - {}
RESULT: {"using":"xpath","value":"//span[contains(text(), \"Cost Center\")]"}
COMMAND: POST /session/9813251e0ae410a7418940dcaaaaf337/element/f.6D6192A7F298CA7F9ED2043BE1BC656F.d.FCF436341789D48D5EB9B01703867A94.e.4717/click - {}
RESULT: {}
RESULT: {}
COMMAND: GET /session/9813251e0ae410a7418940dcaaaaf337/screenshot - {}
RESULT: {}
COMMAND: POST /session/9813251e0ae410a7418940dcaaaaf337/element - {"using":"xpath","value":"//span[@id=\"application-managesites-display-component---NewSite--addressNewCostObjectCstID-vhi\"]"}
RESULT: {"using":"xpath","value":"//span[@id=\"application-managesites-display-component---NewSite--addressNewCostObjectCstID-vhi\"]"}
COMMAND: POST /session/9813251e0ae410a7418940dcaaaaf337/execute/sync - {"script":"<script> [8489 bytes]","args":[{"element-6066-11e4-a52e-4f735466cecf":"f.6D6192A7F298CA7F9ED2043BE1BC656F.d.FCF436341789D48D5EB9B01703867A94.e.4722","ELEMENT":"f.6D6192A7F298CA7F9ED2043BE1BC656F.d.FCF436341789D48D5EB9B01703867A94.e.4722"}]}
RESULT: {"script":"<script> [8489 bytes]","args":[{"element-6066-11e4-a52e-4f735466cecf":"f.6D6192A7F298CA7F9ED2043BE1BC656F.d.FCF436341789D48D5EB9B01703867A94.e.4722","ELEMENT":"f.6D6192A7F298CA7F9ED2043BE1BC656F.d.FCF436341789D48D5EB9B01703867A94.e.4722"}]}
COMMAND: POST /session/9813251e0ae410a7418940dcaaaaf337/execute/async - {"script":"<script> [1562 bytes]","args":[{"selector":{"id":"application-managesites-display-component---NewSite--addressNewCostObjectCstID-vhi"},"wdio_ui5_key":"applicationmanagesites-display-component---NewSite--addressNewCostObjectCstID-vhi"}]}
COMMAND: GET /session/9813251e0ae410a7418940dcaaaaf337/screenshot - {}
RESULT: {"script":"<script> [1562 bytes]","args":[{"selector":{"id":"application-managesites-display-component---NewSite--addressNewCostObjectCstID-vhi"},"wdio_ui5_key":"applicationmanagesites-display-component---NewSite--addressNewCostObjectCstID-vhi"}]}
RESULT: undefined
COMMAND: POST /session/9813251e0ae410a7418940dcaaaaf337/element - {"using":"xpath","value":"//*[@id=\"application-managesites-display-component---NewSite--addressNewCostObjectCstID-vhi\"]"}
RESULT: {}
RESULT: {"using":"xpath","value":"//*[@id=\"application-managesites-display-component---NewSite--addressNewCostObjectCstID-vhi\"]"}
COMMAND: POST /session/9813251e0ae410a7418940dcaaaaf337/element/f.6D6192A7F298CA7F9ED2043BE1BC656F.d.FCF436341789D48D5EB9B01703867A94.e.4722/click - {}
RESULT: {}
COMMAND: GET /session/9813251e0ae410a7418940dcaaaaf337/screenshot - {}
RESULT: {}
RESULT: undefined
COMMAND: POST /session/9813251e0ae410a7418940dcaaaaf337/execute/async - {"script":"<script> [776 bytes]","args":[{"enterText":"10001013","selector":{"controlType":"sap.m.SearchField","properties":{"placeholder":"Search"},"searchOpenDialogs":true,"interaction":{"idSuffix":"I"}},"clearTextFirst":true,"interactionType":"ENTER_TEXT"}]}
RESULT: {"script":"<script> [776 bytes]","args":[{"enterText":"10001013","selector":{"controlType":"sap.m.SearchField","properties":{"placeholder":"Search"},"searchOpenDialogs":true,"interaction":{"idSuffix":"I"}},"clearTextFirst":true,"interactionType":"ENTER_TEXT"}]}
COMMAND: POST /session/9813251e0ae410a7418940dcaaaaf337/actions - {"actions":[{"id":"action15","type":"key","parameters":{},"actions":[{"type":"keyDown","value":"î€‡"},{"type":"pause","duration":10},{"type":"keyUp","value":"î€‡"}]}]}
RESULT: {"actions":[{"id":"action15","type":"key","parameters":{},"actions":[{"type":"keyDown","value":"î€‡"},{"type":"pause","duration":10},{"type":"keyUp","value":"î€‡"}]}]}
COMMAND: GET /session/9813251e0ae410a7418940dcaaaaf337/screenshot - {}
RESULT: {}
COMMAND: POST /session/9813251e0ae410a7418940dcaaaaf337/element - {"using":"xpath","value":"//span[contains(text(), \"General Management\")]"}
RESULT: {"using":"xpath","value":"//span[contains(text(), \"General Management\")]"}
COMMAND: POST /session/9813251e0ae410a7418940dcaaaaf337/element/f.6D6192A7F298CA7F9ED2043BE1BC656F.d.FCF436341789D48D5EB9B01703867A94.e.4761/click - {}
RESULT: {}
COMMAND: GET /session/9813251e0ae410a7418940dcaaaaf337/screenshot - {}
RESULT: {}
COMMAND: POST /session/9813251e0ae410a7418940dcaaaaf337/element - {"using":"xpath","value":"//bdi[contains(text(), \"OK\")]"}
RESULT: {"using":"xpath","value":"//bdi[contains(text(), \"OK\")]"}
COMMAND: POST /session/9813251e0ae410a7418940dcaaaaf337/element/f.6D6192A7F298CA7F9ED2043BE1BC656F.d.FCF436341789D48D5EB9B01703867A94.e.4762/click - {}
RESULT: {}
COMMAND: GET /session/9813251e0ae410a7418940dcaaaaf337/screenshot - {}
RESULT: {}
COMMAND: POST /session/9813251e0ae410a7418940dcaaaaf337/element - {"using":"xpath","value":"//input[@id=\"application-managesites-display-component---NewSite--addressDetailDetailsCalendar-inner\"]"}
RESULT: {"using":"xpath","value":"//input[@id=\"application-managesites-display-component---NewSite--addressDetailDetailsCalendar-inner\"]"}
COMMAND: POST /session/9813251e0ae410a7418940dcaaaaf337/element/f.6D6192A7F298CA7F9ED2043BE1BC656F.d.FCF436341789D48D5EB9B01703867A94.e.4501/clear - {}
RESULT: {}
COMMAND: POST /session/9813251e0ae410a7418940dcaaaaf337/element/f.6D6192A7F298CA7F9ED2043BE1BC656F.d.FCF436341789D48D5EB9B01703867A94.e.4501/value - {"text":"Unit"}
COMMAND: GET /session/9813251e0ae410a7418940dcaaaaf337/screenshot - {}
RESULT: {"text":"Unit"}
COMMAND: GET /session/9813251e0ae410a7418940dcaaaaf337/screenshot - {}
RESULT: {}
RESULT: {}
COMMAND: POST /session/9813251e0ae410a7418940dcaaaaf337/actions - {"actions":[{"id":"action16","type":"key","parameters":{},"actions":[{"type":"keyDown","value":"î€‡"},{"type":"pause","duration":10},{"type":"keyUp","value":"î€‡"}]}]}
RESULT: {"actions":[{"id":"action16","type":"key","parameters":{},"actions":[{"type":"keyDown","value":"î€‡"},{"type":"pause","duration":10},{"type":"keyUp","value":"î€‡"}]}]}
COMMAND: POST /session/9813251e0ae410a7418940dcaaaaf337/element - {"using":"xpath","value":"//input[@id=\"application-managesites-display-component---NewSite--addressDetailDetailsYard-inner\"]"}
COMMAND: GET /session/9813251e0ae410a7418940dcaaaaf337/screenshot - {}
RESULT: {"using":"xpath","value":"//input[@id=\"application-managesites-display-component---NewSite--addressDetailDetailsYard-inner\"]"}
COMMAND: POST /session/9813251e0ae410a7418940dcaaaaf337/element/f.6D6192A7F298CA7F9ED2043BE1BC656F.d.FCF436341789D48D5EB9B01703867A94.e.4502/clear - {}
RESULT: {}
RESULT: {}
COMMAND: POST /session/9813251e0ae410a7418940dcaaaaf337/element/f.6D6192A7F298CA7F9ED2043BE1BC656F.d.FCF436341789D48D5EB9B01703867A94.e.4502/value - {"text":"687"}
COMMAND: GET /session/9813251e0ae410a7418940dcaaaaf337/screenshot - {}
RESULT: {"text":"687"}
COMMAND: GET /session/9813251e0ae410a7418940dcaaaaf337/screenshot - {}
RESULT: {}
RESULT: {}
COMMAND: POST /session/9813251e0ae410a7418940dcaaaaf337/element - {"using":"xpath","value":"//li[.//span[text()='687']]"}
RESULT: {"using":"xpath","value":"//li[.//span[text()='687']]"}
COMMAND: POST /session/9813251e0ae410a7418940dcaaaaf337/element/f.6D6192A7F298CA7F9ED2043BE1BC656F.d.FCF436341789D48D5EB9B01703867A94.e.4770/click - {}
RESULT: {}
COMMAND: GET /session/9813251e0ae410a7418940dcaaaaf337/screenshot - {}
RESULT: {}
COMMAND: POST /session/9813251e0ae410a7418940dcaaaaf337/element - {"using":"xpath","value":"//input[@id=\"application-managesites-display-component---NewSite--addressDetailDetailsPartner-inner\"]"}
RESULT: {"using":"xpath","value":"//input[@id=\"application-managesites-display-component---NewSite--addressDetailDetailsPartner-inner\"]"}
COMMAND: POST /session/9813251e0ae410a7418940dcaaaaf337/element - {"using":"xpath","value":"//input[@id=\"application-managesites-display-component---NewSite--addressDetailDetailsPartner-inner\"]"}
RESULT: {"using":"xpath","value":"//input[@id=\"application-managesites-display-component---NewSite--addressDetailDetailsPartner-inner\"]"}
COMMAND: POST /session/9813251e0ae410a7418940dcaaaaf337/element - {"using":"xpath","value":"//button[@data-kt=\"saveButton\"]"}
RESULT: {"using":"xpath","value":"//button[@data-kt=\"saveButton\"]"}
COMMAND: POST /session/9813251e0ae410a7418940dcaaaaf337/element/f.6D6192A7F298CA7F9ED2043BE1BC656F.d.FCF436341789D48D5EB9B01703867A94.e.4663/click - {}
RESULT: {}
COMMAND: GET /session/9813251e0ae410a7418940dcaaaaf337/screenshot - {}
RESULT: {}
COMMAND: POST /session/9813251e0ae410a7418940dcaaaaf337/element - {"using":"xpath","value":"//header[contains(@id, 'ObjectPageLayout-headerTitle')]/div[1]/div[2]/div[2]/span[1]"}
RESULT: {"using":"xpath","value":"//header[contains(@id, 'ObjectPageLayout-headerTitle')]/div[1]/div[2]/div[2]/span[1]"}
COMMAND: POST /session/9813251e0ae410a7418940dcaaaaf337/elements - {"using":"xpath","value":"//header[contains(@id, 'ObjectPageLayout-headerTitle')]/div[1]/div[2]/div[2]/span[1]"}
RESULT: {"using":"xpath","value":"//header[contains(@id, 'ObjectPageLayout-headerTitle')]/div[1]/div[2]/div[2]/span[1]"}
COMMAND: POST /session/9813251e0ae410a7418940dcaaaaf337/execute/sync - {"script":"<script> [56 bytes]","args":[{"element-6066-11e4-a52e-4f735466cecf":"f.6D6192A7F298CA7F9ED2043BE1BC656F.d.FCF436341789D48D5EB9B01703867A94.e.4974","ELEMENT":"f.6D6192A7F298CA7F9ED2043BE1BC656F.d.FCF436341789D48D5EB9B01703867A94.e.4974"}]}
RESULT: {"script":"<script> [56 bytes]","args":[{"element-6066-11e4-a52e-4f735466cecf":"f.6D6192A7F298CA7F9ED2043BE1BC656F.d.FCF436341789D48D5EB9B01703867A94.e.4974","ELEMENT":"f.6D6192A7F298CA7F9ED2043BE1BC656F.d.FCF436341789D48D5EB9B01703867A94.e.4974"}]}
COMMAND: POST /session/9813251e0ae410a7418940dcaaaaf337/element - {"using":"css selector","value":"#shell-header-logo"}
COMMAND: GET /session/9813251e0ae410a7418940dcaaaaf337/screenshot - {}
RESULT: {"using":"css selector","value":"#shell-header-logo"}
COMMAND: POST /session/9813251e0ae410a7418940dcaaaaf337/element/f.6D6192A7F298CA7F9ED2043BE1BC656F.d.FCF436341789D48D5EB9B01703867A94.e.4033/click - {}
RESULT: {}
RESULT: {}
COMMAND: GET /session/9813251e0ae410a7418940dcaaaaf337/screenshot - {}
RESULT: {}
COMMAND: POST /session/9813251e0ae410a7418940dcaaaaf337/execute/sync - {"script":"<script> [299 bytes]","args":[["getModel","getResource"]]}
RESULT: {"script":"<script> [299 bytes]","args":[["getModel","getResource"]]}
]]></system-out>
    </testcase>
    <testcase classname="chrome.137_0_7151_56.windows.Edit_and_delete_daily_price_US134629_US134627" name="Should go to Manage Conditions Daily Price and add the 2 rows one with yard site and one with yard" time="70.884">
      <system-out><![CDATA[
COMMAND: GET /session/9813251e0ae410a7418940dcaaaaf337/screenshot - {}
COMMAND: POST /session/9813251e0ae410a7418940dcaaaaf337/execute/async - {"script":"<script> [1562 bytes]","args":[{"selector":{"controlType":"sap.m.GenericTile","properties":{"header":"Manage Conditions & Prices"}},"wdio_ui5_key":"sapm.GenericTile{\"header\":\"Manage Conditions & Prices\"}"}]}
RESULT: {}
RESULT: {"script":"<script> [1562 bytes]","args":[{"selector":{"controlType":"sap.m.GenericTile","properties":{"header":"Manage Conditions & Prices"}},"wdio_ui5_key":"sapm.GenericTile{\"header\":\"Manage Conditions & Prices\"}"}]}
RESULT: undefined
COMMAND: POST /session/9813251e0ae410a7418940dcaaaaf337/element - {"using":"xpath","value":"//*[@id=\"__tile53\"]"}
RESULT: {"using":"xpath","value":"//*[@id=\"__tile53\"]"}
COMMAND: POST /session/9813251e0ae410a7418940dcaaaaf337/element/f.6D6192A7F298CA7F9ED2043BE1BC656F.d.FCF436341789D48D5EB9B01703867A94.e.3179/click - {}
RESULT: {}
COMMAND: GET /session/9813251e0ae410a7418940dcaaaaf337/screenshot - {}
RESULT: {}
COMMAND: POST /session/9813251e0ae410a7418940dcaaaaf337/elements - {"using":"xpath","value":"//span[text()='Error']"}
RESULT: {"using":"xpath","value":"//span[text()='Error']"}
COMMAND: POST /session/9813251e0ae410a7418940dcaaaaf337/element - {"using":"xpath","value":"//button[@aria-label=\"Create\"]"}
RESULT: {"using":"xpath","value":"//button[@aria-label=\"Create\"]"}
COMMAND: POST /session/9813251e0ae410a7418940dcaaaaf337/element/f.6D6192A7F298CA7F9ED2043BE1BC656F.d.FCF436341789D48D5EB9B01703867A94.e.5013/click - {}
RESULT: {}
COMMAND: GET /session/9813251e0ae410a7418940dcaaaaf337/screenshot - {}
RESULT: {}
COMMAND: POST /session/9813251e0ae410a7418940dcaaaaf337/actions - {"actions":[{"id":"action17","type":"key","parameters":{},"actions":[{"type":"keyDown","value":"î€•"},{"type":"pause","duration":10},{"type":"keyUp","value":"î€•"}]}]}
RESULT: {"actions":[{"id":"action17","type":"key","parameters":{},"actions":[{"type":"keyDown","value":"î€•"},{"type":"pause","duration":10},{"type":"keyUp","value":"î€•"}]}]}
COMMAND: POST /session/9813251e0ae410a7418940dcaaaaf337/actions - {"actions":[{"id":"action18","type":"key","parameters":{},"actions":[{"type":"keyDown","value":"î€‡"},{"type":"pause","duration":10},{"type":"keyUp","value":"î€‡"}]}]}
COMMAND: GET /session/9813251e0ae410a7418940dcaaaaf337/screenshot - {}
RESULT: {"actions":[{"id":"action18","type":"key","parameters":{},"actions":[{"type":"keyDown","value":"î€‡"},{"type":"pause","duration":10},{"type":"keyUp","value":"î€‡"}]}]}
COMMAND: POST /session/9813251e0ae410a7418940dcaaaaf337/execute/async - {"script":"<script> [1562 bytes]","args":[{"selector":{"controlType":"sap.m.Title","viewName":"etm.portal.ui.manageconditionprice.view.DailyPrices","viewId":"application-manageconditionprice-display-component---dailyPrices","i18NText":{"propertyName":"text","key":"dailyPrices"}},"wdio_ui5_key":"etmportal.ui.manageconditionprice.view.DailyPricessap.m.Title{\"propertyName\":\"text\",\"key\":\"dailyPrices\"}"}]}
COMMAND: GET /session/9813251e0ae410a7418940dcaaaaf337/screenshot - {}
RESULT: {}
RESULT: {"script":"<script> [1562 bytes]","args":[{"selector":{"controlType":"sap.m.Title","viewName":"etm.portal.ui.manageconditionprice.view.DailyPrices","viewId":"application-manageconditionprice-display-component---dailyPrices","i18NText":{"propertyName":"text","key":"dailyPrices"}},"wdio_ui5_key":"etmportal.ui.manageconditionprice.view.DailyPricessap.m.Title{\"propertyName\":\"text\",\"key\":\"dailyPrices\"}"}]}
RESULT: undefined
COMMAND: POST /session/9813251e0ae410a7418940dcaaaaf337/execute/async - {"script":"<script> [6424 bytes]","args":[{"element-6066-11e4-a52e-4f735466cecf":"f.6D6192A7F298CA7F9ED2043BE1BC656F.d.FCF436341789D48D5EB9B01703867A94.e.5393"},"getText",[]]}
RESULT: {}
RESULT: {"script":"<script> [6424 bytes]","args":[{"element-6066-11e4-a52e-4f735466cecf":"f.6D6192A7F298CA7F9ED2043BE1BC656F.d.FCF436341789D48D5EB9B01703867A94.e.5393"},"getText",[]]}
COMMAND: POST /session/9813251e0ae410a7418940dcaaaaf337/execute/async - {"script":"<script> [1562 bytes]","args":[{"selector":{"id":"application-manageconditionprice-display-component---dailyPrices--condBillCond","interaction":{"idSuffix":"inner"}},"wdio_ui5_key":"applicationmanageconditionprice-display-component---dailyPrices--condBillCond"}]}
RESULT: {"script":"<script> [1562 bytes]","args":[{"selector":{"id":"application-manageconditionprice-display-component---dailyPrices--condBillCond","interaction":{"idSuffix":"inner"}},"wdio_ui5_key":"applicationmanageconditionprice-display-component---dailyPrices--condBillCond"}]}
RESULT: undefined
COMMAND: POST /session/9813251e0ae410a7418940dcaaaaf337/execute/async - {"script":"<script> [776 bytes]","args":[{"enterText":"Residual Value %","selector":{"id":"application-manageconditionprice-display-component---dailyPrices--condBillCond","interaction":{"idSuffix":"inner"}},"clearTextFirst":true,"interactionType":"ENTER_TEXT"}]}
RESULT: {"script":"<script> [776 bytes]","args":[{"enterText":"Residual Value %","selector":{"id":"application-manageconditionprice-display-component---dailyPrices--condBillCond","interaction":{"idSuffix":"inner"}},"clearTextFirst":true,"interactionType":"ENTER_TEXT"}]}
COMMAND: POST /session/9813251e0ae410a7418940dcaaaaf337/execute/async - {"script":"<script> [1562 bytes]","args":[{"selector":{"controlType":"sap.m.StandardListItem","viewName":"etm.portal.ui.manageconditionprice.view.DailyPrices","viewId":"application-manageconditionprice-display-component---dailyPrices","properties":{"type":"Active"},"searchOpenDialogs":true,"interaction":{"idSuffix":"titleText"}},"wdio_ui5_key":"etmportal.ui.manageconditionprice.view.DailyPricessap.m.StandardListItem{\"type\":\"Active\"}"}]}
RESULT: {"script":"<script> [1562 bytes]","args":[{"selector":{"controlType":"sap.m.StandardListItem","viewName":"etm.portal.ui.manageconditionprice.view.DailyPrices","viewId":"application-manageconditionprice-display-component---dailyPrices","properties":{"type":"Active"},"searchOpenDialogs":true,"interaction":{"idSuffix":"titleText"}},"wdio_ui5_key":"etmportal.ui.manageconditionprice.view.DailyPricessap.m.StandardListItem{\"type\":\"Active\"}"}]}
RESULT: undefined
COMMAND: POST /session/9813251e0ae410a7418940dcaaaaf337/element - {"using":"xpath","value":"//*[@id=\"__item1390\"]"}
RESULT: {"using":"xpath","value":"//*[@id=\"__item1390\"]"}
COMMAND: POST /session/9813251e0ae410a7418940dcaaaaf337/element/f.6D6192A7F298CA7F9ED2043BE1BC656F.d.FCF436341789D48D5EB9B01703867A94.e.5397/click - {}
RESULT: {}
COMMAND: POST /session/9813251e0ae410a7418940dcaaaaf337/execute/async - {"script":"<script> [1562 bytes]","args":[{"selector":{"id":"application-manageconditionprice-display-component---dailyPrices--editBtn","interaction":{"idSuffix":"BDI-content"}},"wdio_ui5_key":"applicationmanageconditionprice-display-component---dailyPrices--editBtn"}]}
COMMAND: GET /session/9813251e0ae410a7418940dcaaaaf337/screenshot - {}
RESULT: {"script":"<script> [1562 bytes]","args":[{"selector":{"id":"application-manageconditionprice-display-component---dailyPrices--editBtn","interaction":{"idSuffix":"BDI-content"}},"wdio_ui5_key":"applicationmanageconditionprice-display-component---dailyPrices--editBtn"}]}
RESULT: undefined
COMMAND: POST /session/9813251e0ae410a7418940dcaaaaf337/element - {"using":"xpath","value":"//*[@id=\"application-manageconditionprice-display-component---dailyPrices--editBtn\"]"}
RESULT: {}
RESULT: {"using":"xpath","value":"//*[@id=\"application-manageconditionprice-display-component---dailyPrices--editBtn\"]"}
COMMAND: POST /session/9813251e0ae410a7418940dcaaaaf337/element/f.6D6192A7F298CA7F9ED2043BE1BC656F.d.FCF436341789D48D5EB9B01703867A94.e.5395/click - {}
RESULT: {}
COMMAND: POST /session/9813251e0ae410a7418940dcaaaaf337/execute/async - {"script":"<script> [1562 bytes]","args":[{"selector":{"controlType":"sap.m.Button","viewName":"etm.portal.ui.manageconditionprice.view.DailyPrices","viewId":"application-manageconditionprice-display-component---dailyPrices","i18NText":{"propertyName":"text","key":"add"},"interaction":{"idSuffix":"BDI-content"}},"wdio_ui5_key":"etmportal.ui.manageconditionprice.view.DailyPricessap.m.Button{\"propertyName\":\"text\",\"key\":\"add\"}"}]}
COMMAND: GET /session/9813251e0ae410a7418940dcaaaaf337/screenshot - {}
RESULT: {"script":"<script> [1562 bytes]","args":[{"selector":{"controlType":"sap.m.Button","viewName":"etm.portal.ui.manageconditionprice.view.DailyPrices","viewId":"application-manageconditionprice-display-component---dailyPrices","i18NText":{"propertyName":"text","key":"add"},"interaction":{"idSuffix":"BDI-content"}},"wdio_ui5_key":"etmportal.ui.manageconditionprice.view.DailyPricessap.m.Button{\"propertyName\":\"text\",\"key\":\"add\"}"}]}
RESULT: undefined
COMMAND: POST /session/9813251e0ae410a7418940dcaaaaf337/element - {"using":"xpath","value":"//*[@id=\"__button113\"]"}
RESULT: {}
RESULT: {"using":"xpath","value":"//*[@id=\"__button113\"]"}
COMMAND: POST /session/9813251e0ae410a7418940dcaaaaf337/element/f.6D6192A7F298CA7F9ED2043BE1BC656F.d.FCF436341789D48D5EB9B01703867A94.e.5405/click - {}
RESULT: {}
COMMAND: POST /session/9813251e0ae410a7418940dcaaaaf337/elements - {"using":"css selector","value":"table tr"}
COMMAND: GET /session/9813251e0ae410a7418940dcaaaaf337/screenshot - {}
RESULT: {"using":"css selector","value":"table tr"}
COMMAND: POST /session/9813251e0ae410a7418940dcaaaaf337/element/f.6D6192A7F298CA7F9ED2043BE1BC656F.d.FCF436341789D48D5EB9B01703867A94.e.5603/elements - {"using":"css selector","value":"input"}
RESULT: {}
RESULT: {"using":"css selector","value":"input"}
COMMAND: POST /session/9813251e0ae410a7418940dcaaaaf337/element/f.6D6192A7F298CA7F9ED2043BE1BC656F.d.FCF436341789D48D5EB9B01703867A94.e.5606/clear - {}
COMMAND: POST /session/9813251e0ae410a7418940dcaaaaf337/element/f.6D6192A7F298CA7F9ED2043BE1BC656F.d.FCF436341789D48D5EB9B01703867A94.e.5604/clear - {}
COMMAND: POST /session/9813251e0ae410a7418940dcaaaaf337/element/f.6D6192A7F298CA7F9ED2043BE1BC656F.d.FCF436341789D48D5EB9B01703867A94.e.5607/clear - {}
COMMAND: POST /session/9813251e0ae410a7418940dcaaaaf337/element/f.6D6192A7F298CA7F9ED2043BE1BC656F.d.FCF436341789D48D5EB9B01703867A94.e.5605/clear - {}
COMMAND: POST /session/9813251e0ae410a7418940dcaaaaf337/element/f.6D6192A7F298CA7F9ED2043BE1BC656F.d.FCF436341789D48D5EB9B01703867A94.e.5603/elements - {"using":"css selector","value":"td"}
RESULT: {}
COMMAND: POST /session/9813251e0ae410a7418940dcaaaaf337/element/f.6D6192A7F298CA7F9ED2043BE1BC656F.d.FCF436341789D48D5EB9B01703867A94.e.5606/value - {"text":"705.60"}
COMMAND: GET /session/9813251e0ae410a7418940dcaaaaf337/screenshot - {}
RESULT: {}
COMMAND: POST /session/9813251e0ae410a7418940dcaaaaf337/element/f.6D6192A7F298CA7F9ED2043BE1BC656F.d.FCF436341789D48D5EB9B01703867A94.e.5604/value - {"text":"06/05/25"}
COMMAND: GET /session/9813251e0ae410a7418940dcaaaaf337/screenshot - {}
RESULT: {}
COMMAND: POST /session/9813251e0ae410a7418940dcaaaaf337/element/f.6D6192A7F298CA7F9ED2043BE1BC656F.d.FCF436341789D48D5EB9B01703867A94.e.5607/value - {"text":"Euro"}
COMMAND: GET /session/9813251e0ae410a7418940dcaaaaf337/screenshot - {}
RESULT: {}
COMMAND: POST /session/9813251e0ae410a7418940dcaaaaf337/element/f.6D6192A7F298CA7F9ED2043BE1BC656F.d.FCF436341789D48D5EB9B01703867A94.e.5605/value - {"text":"11/05/25"}
COMMAND: GET /session/9813251e0ae410a7418940dcaaaaf337/screenshot - {}
RESULT: {"using":"css selector","value":"td"}
COMMAND: POST /session/9813251e0ae410a7418940dcaaaaf337/element - {"using":"xpath","value":".//li[contains(., \"2390\") and not(.//li)]"}
COMMAND: POST /session/9813251e0ae410a7418940dcaaaaf337/element/f.6D6192A7F298CA7F9ED2043BE1BC656F.d.FCF436341789D48D5EB9B01703867A94.e.5625/element - {"using":"css selector","value":"input"}
COMMAND: POST /session/9813251e0ae410a7418940dcaaaaf337/element/f.6D6192A7F298CA7F9ED2043BE1BC656F.d.FCF436341789D48D5EB9B01703867A94.e.5625/element - {"using":"css selector","value":"input"}
RESULT: {"text":"705.60"}
COMMAND: GET /session/9813251e0ae410a7418940dcaaaaf337/screenshot - {}
RESULT: {}
RESULT: {"text":"06/05/25"}
COMMAND: GET /session/9813251e0ae410a7418940dcaaaaf337/screenshot - {}
RESULT: {}
RESULT: {"text":"Euro"}
COMMAND: GET /session/9813251e0ae410a7418940dcaaaaf337/screenshot - {}
RESULT: {}
RESULT: {"text":"11/05/25"}
COMMAND: GET /session/9813251e0ae410a7418940dcaaaaf337/screenshot - {}
RESULT: {}
RESULT: {"using":"xpath","value":".//li[contains(., \"2390\") and not(.//li)]"}
RESULT: {"using":"css selector","value":"input"}
COMMAND: POST /session/9813251e0ae410a7418940dcaaaaf337/element/f.6D6192A7F298CA7F9ED2043BE1BC656F.d.FCF436341789D48D5EB9B01703867A94.e.5608/click - {}
RESULT: {"using":"css selector","value":"input"}
COMMAND: POST /session/9813251e0ae410a7418940dcaaaaf337/element/f.6D6192A7F298CA7F9ED2043BE1BC656F.d.FCF436341789D48D5EB9B01703867A94.e.5608/clear - {}
RESULT: {}
RESULT: {}
RESULT: {}
RESULT: {}
RESULT: {}
COMMAND: GET /session/9813251e0ae410a7418940dcaaaaf337/screenshot - {}
RESULT: {}
COMMAND: POST /session/9813251e0ae410a7418940dcaaaaf337/element/f.6D6192A7F298CA7F9ED2043BE1BC656F.d.FCF436341789D48D5EB9B01703867A94.e.5608/value - {"text":"2390"}
COMMAND: GET /session/9813251e0ae410a7418940dcaaaaf337/screenshot - {}
COMMAND: POST /session/9813251e0ae410a7418940dcaaaaf337/elements - {"using":"xpath","value":".//li[contains(., \"2390\") and not(.//li)]"}
RESULT: {}
RESULT: {"text":"2390"}
COMMAND: GET /session/9813251e0ae410a7418940dcaaaaf337/screenshot - {}
RESULT: {}
RESULT: {"using":"xpath","value":".//li[contains(., \"2390\") and not(.//li)]"}
COMMAND: POST /session/9813251e0ae410a7418940dcaaaaf337/element - {"using":"xpath","value":".//li[contains(., \"2390\") and not(.//li)]"}
RESULT: {}
RESULT: {"using":"xpath","value":".//li[contains(., \"2390\") and not(.//li)]"}
COMMAND: POST /session/9813251e0ae410a7418940dcaaaaf337/element/f.6D6192A7F298CA7F9ED2043BE1BC656F.d.FCF436341789D48D5EB9B01703867A94.e.5632/click - {}
RESULT: {}
COMMAND: POST /session/9813251e0ae410a7418940dcaaaaf337/element/f.6D6192A7F298CA7F9ED2043BE1BC656F.d.FCF436341789D48D5EB9B01703867A94.e.5626/element - {"using":"css selector","value":"input"}
COMMAND: GET /session/9813251e0ae410a7418940dcaaaaf337/screenshot - {}
RESULT: {"using":"css selector","value":"input"}
COMMAND: POST /session/9813251e0ae410a7418940dcaaaaf337/element/f.6D6192A7F298CA7F9ED2043BE1BC656F.d.FCF436341789D48D5EB9B01703867A94.e.5609/click - {}
RESULT: {}
RESULT: {}
COMMAND: GET /session/9813251e0ae410a7418940dcaaaaf337/screenshot - {}
RESULT: {}
COMMAND: POST /session/9813251e0ae410a7418940dcaaaaf337/element/f.6D6192A7F298CA7F9ED2043BE1BC656F.d.FCF436341789D48D5EB9B01703867A94.e.5626/element - {"using":"css selector","value":"input"}
RESULT: {"using":"css selector","value":"input"}
COMMAND: POST /session/9813251e0ae410a7418940dcaaaaf337/element/f.6D6192A7F298CA7F9ED2043BE1BC656F.d.FCF436341789D48D5EB9B01703867A94.e.5609/clear - {}
RESULT: {}
COMMAND: POST /session/9813251e0ae410a7418940dcaaaaf337/element/f.6D6192A7F298CA7F9ED2043BE1BC656F.d.FCF436341789D48D5EB9B01703867A94.e.5609/value - {"text":"687"}
COMMAND: GET /session/9813251e0ae410a7418940dcaaaaf337/screenshot - {}
RESULT: {"text":"687"}
COMMAND: GET /session/9813251e0ae410a7418940dcaaaaf337/screenshot - {}
RESULT: {}
RESULT: {}
COMMAND: POST /session/9813251e0ae410a7418940dcaaaaf337/element - {"using":"xpath","value":".//li[contains(., \"687\") and not(.//li)]"}
RESULT: {"using":"xpath","value":".//li[contains(., \"687\") and not(.//li)]"}
COMMAND: POST /session/9813251e0ae410a7418940dcaaaaf337/element/f.6D6192A7F298CA7F9ED2043BE1BC656F.d.FCF436341789D48D5EB9B01703867A94.e.5633/click - {}
RESULT: {}
RESULT: undefined
COMMAND: POST /session/9813251e0ae410a7418940dcaaaaf337/element - {"using":"xpath","value":"//*[@id=\"__button113\"]"}
COMMAND: GET /session/9813251e0ae410a7418940dcaaaaf337/screenshot - {}
RESULT: {"using":"xpath","value":"//*[@id=\"__button113\"]"}
COMMAND: POST /session/9813251e0ae410a7418940dcaaaaf337/element/f.6D6192A7F298CA7F9ED2043BE1BC656F.d.FCF436341789D48D5EB9B01703867A94.e.5405/click - {}
RESULT: {}
RESULT: {}
COMMAND: POST /session/9813251e0ae410a7418940dcaaaaf337/elements - {"using":"css selector","value":"table tr"}
COMMAND: GET /session/9813251e0ae410a7418940dcaaaaf337/screenshot - {}
RESULT: {"using":"css selector","value":"table tr"}
COMMAND: POST /session/9813251e0ae410a7418940dcaaaaf337/element/f.6D6192A7F298CA7F9ED2043BE1BC656F.d.FCF436341789D48D5EB9B01703867A94.e.5635/elements - {"using":"css selector","value":"input"}
RESULT: {}
RESULT: {"using":"css selector","value":"input"}
COMMAND: POST /session/9813251e0ae410a7418940dcaaaaf337/element/f.6D6192A7F298CA7F9ED2043BE1BC656F.d.FCF436341789D48D5EB9B01703867A94.e.5638/clear - {}
COMMAND: POST /session/9813251e0ae410a7418940dcaaaaf337/element/f.6D6192A7F298CA7F9ED2043BE1BC656F.d.FCF436341789D48D5EB9B01703867A94.e.5636/clear - {}
COMMAND: POST /session/9813251e0ae410a7418940dcaaaaf337/element/f.6D6192A7F298CA7F9ED2043BE1BC656F.d.FCF436341789D48D5EB9B01703867A94.e.5639/clear - {}
COMMAND: POST /session/9813251e0ae410a7418940dcaaaaf337/element/f.6D6192A7F298CA7F9ED2043BE1BC656F.d.FCF436341789D48D5EB9B01703867A94.e.5637/clear - {}
RESULT: {}
COMMAND: POST /session/9813251e0ae410a7418940dcaaaaf337/element/f.6D6192A7F298CA7F9ED2043BE1BC656F.d.FCF436341789D48D5EB9B01703867A94.e.5638/value - {"text":"99.5"}
COMMAND: GET /session/9813251e0ae410a7418940dcaaaaf337/screenshot - {}
RESULT: {}
COMMAND: POST /session/9813251e0ae410a7418940dcaaaaf337/element/f.6D6192A7F298CA7F9ED2043BE1BC656F.d.FCF436341789D48D5EB9B01703867A94.e.5636/value - {"text":"06/05/25"}
COMMAND: GET /session/9813251e0ae410a7418940dcaaaaf337/screenshot - {}
RESULT: {}
COMMAND: POST /session/9813251e0ae410a7418940dcaaaaf337/element/f.6D6192A7F298CA7F9ED2043BE1BC656F.d.FCF436341789D48D5EB9B01703867A94.e.5639/value - {"text":"US Dollar"}
COMMAND: GET /session/9813251e0ae410a7418940dcaaaaf337/screenshot - {}
RESULT: {}
COMMAND: POST /session/9813251e0ae410a7418940dcaaaaf337/element/f.6D6192A7F298CA7F9ED2043BE1BC656F.d.FCF436341789D48D5EB9B01703867A94.e.5637/value - {"text":"11/05/25"}
COMMAND: GET /session/9813251e0ae410a7418940dcaaaaf337/screenshot - {}
RESULT: {"text":"99.5"}
COMMAND: GET /session/9813251e0ae410a7418940dcaaaaf337/screenshot - {}
RESULT: {}
RESULT: {"text":"06/05/25"}
COMMAND: GET /session/9813251e0ae410a7418940dcaaaaf337/screenshot - {}
RESULT: {}
COMMAND: POST /session/9813251e0ae410a7418940dcaaaaf337/element/f.6D6192A7F298CA7F9ED2043BE1BC656F.d.FCF436341789D48D5EB9B01703867A94.e.5635/elements - {"using":"css selector","value":"td"}
RESULT: {"text":"US Dollar"}
COMMAND: GET /session/9813251e0ae410a7418940dcaaaaf337/screenshot - {}
RESULT: {}
RESULT: {"text":"11/05/25"}
COMMAND: GET /session/9813251e0ae410a7418940dcaaaaf337/screenshot - {}
RESULT: {}
RESULT: {}
RESULT: {}
RESULT: {"using":"css selector","value":"td"}
COMMAND: POST /session/9813251e0ae410a7418940dcaaaaf337/element/f.6D6192A7F298CA7F9ED2043BE1BC656F.d.FCF436341789D48D5EB9B01703867A94.e.5657/element - {"using":"css selector","value":"input"}
RESULT: {}
RESULT: {}
RESULT: {"using":"css selector","value":"input"}
COMMAND: POST /session/9813251e0ae410a7418940dcaaaaf337/element/f.6D6192A7F298CA7F9ED2043BE1BC656F.d.FCF436341789D48D5EB9B01703867A94.e.5640/click - {}
RESULT: {}
COMMAND: GET /session/9813251e0ae410a7418940dcaaaaf337/screenshot - {}
RESULT: {}
COMMAND: POST /session/9813251e0ae410a7418940dcaaaaf337/element/f.6D6192A7F298CA7F9ED2043BE1BC656F.d.FCF436341789D48D5EB9B01703867A94.e.5657/element - {"using":"css selector","value":"input"}
RESULT: {"using":"css selector","value":"input"}
COMMAND: POST /session/9813251e0ae410a7418940dcaaaaf337/element/f.6D6192A7F298CA7F9ED2043BE1BC656F.d.FCF436341789D48D5EB9B01703867A94.e.5640/clear - {}
RESULT: {}
COMMAND: POST /session/9813251e0ae410a7418940dcaaaaf337/element/f.6D6192A7F298CA7F9ED2043BE1BC656F.d.FCF436341789D48D5EB9B01703867A94.e.5640/value - {"text":"2390"}
COMMAND: GET /session/9813251e0ae410a7418940dcaaaaf337/screenshot - {}
RESULT: {"text":"2390"}
COMMAND: GET /session/9813251e0ae410a7418940dcaaaaf337/screenshot - {}
RESULT: {}
RESULT: {}
COMMAND: POST /session/9813251e0ae410a7418940dcaaaaf337/element - {"using":"xpath","value":"(//li[div//span[contains(text(), '2390')]])[2]"}
RESULT: {"using":"xpath","value":"(//li[div//span[contains(text(), '2390')]])[2]"}
COMMAND: POST /session/9813251e0ae410a7418940dcaaaaf337/element/f.6D6192A7F298CA7F9ED2043BE1BC656F.d.FCF436341789D48D5EB9B01703867A94.e.5663/click - {}
RESULT: {}
COMMAND: POST /session/9813251e0ae410a7418940dcaaaaf337/execute/async - {"script":"<script> [1562 bytes]","args":[{"selector":{"controlType":"sap.m.Button","viewName":"etm.portal.ui.manageconditionprice.view.DailyPrices","viewId":"application-manageconditionprice-display-component---dailyPrices","i18NText":{"propertyName":"tooltip","key":"save"},"interaction":{"idSuffix":"BDI-content"}},"wdio_ui5_key":"etmportal.ui.manageconditionprice.view.DailyPricessap.m.Button{\"propertyName\":\"tooltip\",\"key\":\"save\"}"}]}
COMMAND: GET /session/9813251e0ae410a7418940dcaaaaf337/screenshot - {}
RESULT: {"script":"<script> [1562 bytes]","args":[{"selector":{"controlType":"sap.m.Button","viewName":"etm.portal.ui.manageconditionprice.view.DailyPrices","viewId":"application-manageconditionprice-display-component---dailyPrices","i18NText":{"propertyName":"tooltip","key":"save"},"interaction":{"idSuffix":"BDI-content"}},"wdio_ui5_key":"etmportal.ui.manageconditionprice.view.DailyPricessap.m.Button{\"propertyName\":\"tooltip\",\"key\":\"save\"}"}]}
RESULT: undefined
COMMAND: POST /session/9813251e0ae410a7418940dcaaaaf337/element - {"using":"xpath","value":"//*[@id=\"__button115\"]"}
RESULT: {}
RESULT: {"using":"xpath","value":"//*[@id=\"__button115\"]"}
COMMAND: POST /session/9813251e0ae410a7418940dcaaaaf337/element/f.6D6192A7F298CA7F9ED2043BE1BC656F.d.FCF436341789D48D5EB9B01703867A94.e.5399/click - {}
RESULT: {}
COMMAND: GET /session/9813251e0ae410a7418940dcaaaaf337/screenshot - {}
RESULT: {}
]]></system-out>
    </testcase>
    <testcase classname="chrome.137_0_7151_56.windows.Edit_and_delete_daily_price_US134629_US134627" name="Should check whether the 2 rows have been added then edit one of the rows s currency and value and save and check the edited values" time="10.902">
      <system-out><![CDATA[
COMMAND: POST /session/9813251e0ae410a7418940dcaaaaf337/elements - {"using":"css selector","value":"table tr"}
RESULT: {"using":"css selector","value":"table tr"}
COMMAND: POST /session/9813251e0ae410a7418940dcaaaaf337/element/f.6D6192A7F298CA7F9ED2043BE1BC656F.d.FCF436341789D48D5EB9B01703867A94.e.5635/elements - {"using":"css selector","value":"td"}
RESULT: {"using":"css selector","value":"td"}
COMMAND: POST /session/9813251e0ae410a7418940dcaaaaf337/element/f.6D6192A7F298CA7F9ED2043BE1BC656F.d.FCF436341789D48D5EB9B01703867A94.e.5603/elements - {"using":"css selector","value":"td"}
RESULT: {"using":"css selector","value":"td"}
COMMAND: POST /session/9813251e0ae410a7418940dcaaaaf337/element/f.6D6192A7F298CA7F9ED2043BE1BC656F.d.FCF436341789D48D5EB9B01703867A94.e.5666/element - {"using":"css selector","value":".sapMObjectNumberText"}
RESULT: {"using":"css selector","value":".sapMObjectNumberText"}
COMMAND: GET /session/9813251e0ae410a7418940dcaaaaf337/element/f.6D6192A7F298CA7F9ED2043BE1BC656F.d.FCF436341789D48D5EB9B01703867A94.e.5668/text - {}
RESULT: {}
COMMAND: POST /session/9813251e0ae410a7418940dcaaaaf337/element/f.6D6192A7F298CA7F9ED2043BE1BC656F.d.FCF436341789D48D5EB9B01703867A94.e.5667/element - {"using":"css selector","value":".sapMObjectNumberText"}
RESULT: {"using":"css selector","value":".sapMObjectNumberText"}
COMMAND: GET /session/9813251e0ae410a7418940dcaaaaf337/element/f.6D6192A7F298CA7F9ED2043BE1BC656F.d.FCF436341789D48D5EB9B01703867A94.e.5669/text - {}
RESULT: {}
RESULT: undefined
COMMAND: POST /session/9813251e0ae410a7418940dcaaaaf337/element - {"using":"xpath","value":"//*[@id=\"application-manageconditionprice-display-component---dailyPrices--editBtn\"]"}
RESULT: {"using":"xpath","value":"//*[@id=\"application-manageconditionprice-display-component---dailyPrices--editBtn\"]"}
COMMAND: POST /session/9813251e0ae410a7418940dcaaaaf337/element/f.6D6192A7F298CA7F9ED2043BE1BC656F.d.FCF436341789D48D5EB9B01703867A94.e.5665/click - {}
RESULT: {}
COMMAND: POST /session/9813251e0ae410a7418940dcaaaaf337/elements - {"using":"css selector","value":"table tr"}
COMMAND: GET /session/9813251e0ae410a7418940dcaaaaf337/screenshot - {}
RESULT: {"using":"css selector","value":"table tr"}
COMMAND: POST /session/9813251e0ae410a7418940dcaaaaf337/element/f.6D6192A7F298CA7F9ED2043BE1BC656F.d.FCF436341789D48D5EB9B01703867A94.e.5635/elements - {"using":"css selector","value":"input"}
RESULT: {}
RESULT: {"using":"css selector","value":"input"}
COMMAND: POST /session/9813251e0ae410a7418940dcaaaaf337/element/f.6D6192A7F298CA7F9ED2043BE1BC656F.d.FCF436341789D48D5EB9B01703867A94.e.5684/clear - {}
COMMAND: POST /session/9813251e0ae410a7418940dcaaaaf337/element/f.6D6192A7F298CA7F9ED2043BE1BC656F.d.FCF436341789D48D5EB9B01703867A94.e.5685/clear - {}
RESULT: {}
COMMAND: POST /session/9813251e0ae410a7418940dcaaaaf337/element/f.6D6192A7F298CA7F9ED2043BE1BC656F.d.FCF436341789D48D5EB9B01703867A94.e.5684/value - {"text":"566.1"}
COMMAND: GET /session/9813251e0ae410a7418940dcaaaaf337/screenshot - {}
RESULT: {}
COMMAND: POST /session/9813251e0ae410a7418940dcaaaaf337/element/f.6D6192A7F298CA7F9ED2043BE1BC656F.d.FCF436341789D48D5EB9B01703867A94.e.5685/value - {"text":"US Dollar"}
COMMAND: GET /session/9813251e0ae410a7418940dcaaaaf337/screenshot - {}
RESULT: {"text":"566.1"}
COMMAND: GET /session/9813251e0ae410a7418940dcaaaaf337/screenshot - {}
RESULT: {}
RESULT: {"text":"US Dollar"}
COMMAND: GET /session/9813251e0ae410a7418940dcaaaaf337/screenshot - {}
RESULT: {}
RESULT: {}
RESULT: {}
RESULT: undefined
COMMAND: POST /session/9813251e0ae410a7418940dcaaaaf337/element - {"using":"xpath","value":"//*[@id=\"__button115\"]"}
RESULT: {"using":"xpath","value":"//*[@id=\"__button115\"]"}
COMMAND: POST /session/9813251e0ae410a7418940dcaaaaf337/element/f.6D6192A7F298CA7F9ED2043BE1BC656F.d.FCF436341789D48D5EB9B01703867A94.e.5670/click - {}
RESULT: {}
COMMAND: GET /session/9813251e0ae410a7418940dcaaaaf337/screenshot - {}
RESULT: {}
COMMAND: POST /session/9813251e0ae410a7418940dcaaaaf337/elements - {"using":"css selector","value":"table tr"}
RESULT: {"using":"css selector","value":"table tr"}
COMMAND: POST /session/9813251e0ae410a7418940dcaaaaf337/element/f.6D6192A7F298CA7F9ED2043BE1BC656F.d.FCF436341789D48D5EB9B01703867A94.e.5635/elements - {"using":"css selector","value":"td"}
RESULT: {"using":"css selector","value":"td"}
COMMAND: POST /session/9813251e0ae410a7418940dcaaaaf337/element/f.6D6192A7F298CA7F9ED2043BE1BC656F.d.FCF436341789D48D5EB9B01703867A94.e.5689/element - {"using":"css selector","value":".sapMObjectNumberText"}
RESULT: {"using":"css selector","value":".sapMObjectNumberText"}
COMMAND: GET /session/9813251e0ae410a7418940dcaaaaf337/element/f.6D6192A7F298CA7F9ED2043BE1BC656F.d.FCF436341789D48D5EB9B01703867A94.e.5691/text - {}
RESULT: {}
]]></system-out>
    </testcase>
    <testcase classname="chrome.137_0_7151_56.windows.Edit_and_delete_daily_price_US134629_US134627" name="Should go into edit and delete all the rows that match the yard we have created for this scenario check if all rows deleted" time="24.863">
      <system-out><![CDATA[
RESULT: undefined
COMMAND: POST /session/9813251e0ae410a7418940dcaaaaf337/element - {"using":"xpath","value":"//*[@id=\"application-manageconditionprice-display-component---dailyPrices--editBtn\"]"}
RESULT: {"using":"xpath","value":"//*[@id=\"application-manageconditionprice-display-component---dailyPrices--editBtn\"]"}
COMMAND: POST /session/9813251e0ae410a7418940dcaaaaf337/element/f.6D6192A7F298CA7F9ED2043BE1BC656F.d.FCF436341789D48D5EB9B01703867A94.e.5688/click - {}
RESULT: {}
COMMAND: GET /session/9813251e0ae410a7418940dcaaaaf337/screenshot - {}
RESULT: {}
COMMAND: POST /session/9813251e0ae410a7418940dcaaaaf337/elements - {"using":"css selector","value":"table tr"}
RESULT: {"using":"css selector","value":"table tr"}
COMMAND: POST /session/9813251e0ae410a7418940dcaaaaf337/element/f.6D6192A7F298CA7F9ED2043BE1BC656F.d.FCF436341789D48D5EB9B01703867A94.e.5407/elements - {"using":"css selector","value":"td"}
RESULT: {"using":"css selector","value":"td"}
COMMAND: POST /session/9813251e0ae410a7418940dcaaaaf337/element/f.6D6192A7F298CA7F9ED2043BE1BC656F.d.FCF436341789D48D5EB9B01703867A94.e.5408/elements - {"using":"css selector","value":"td"}
RESULT: {"using":"css selector","value":"td"}
COMMAND: POST /session/9813251e0ae410a7418940dcaaaaf337/element/f.6D6192A7F298CA7F9ED2043BE1BC656F.d.FCF436341789D48D5EB9B01703867A94.e.5409/elements - {"using":"css selector","value":"td"}
RESULT: {"using":"css selector","value":"td"}
COMMAND: POST /session/9813251e0ae410a7418940dcaaaaf337/element/f.6D6192A7F298CA7F9ED2043BE1BC656F.d.FCF436341789D48D5EB9B01703867A94.e.5353/elements - {"using":"css selector","value":"td"}
RESULT: {"using":"css selector","value":"td"}
COMMAND: POST /session/9813251e0ae410a7418940dcaaaaf337/element/f.6D6192A7F298CA7F9ED2043BE1BC656F.d.FCF436341789D48D5EB9B01703867A94.e.5354/elements - {"using":"css selector","value":"td"}
RESULT: {"using":"css selector","value":"td"}
COMMAND: POST /session/9813251e0ae410a7418940dcaaaaf337/element/f.6D6192A7F298CA7F9ED2043BE1BC656F.d.FCF436341789D48D5EB9B01703867A94.e.5360/elements - {"using":"css selector","value":"td"}
RESULT: {"using":"css selector","value":"td"}
COMMAND: POST /session/9813251e0ae410a7418940dcaaaaf337/element/f.6D6192A7F298CA7F9ED2043BE1BC656F.d.FCF436341789D48D5EB9B01703867A94.e.5361/elements - {"using":"css selector","value":"td"}
RESULT: {"using":"css selector","value":"td"}
COMMAND: POST /session/9813251e0ae410a7418940dcaaaaf337/element/f.6D6192A7F298CA7F9ED2043BE1BC656F.d.FCF436341789D48D5EB9B01703867A94.e.5317/elements - {"using":"css selector","value":"td"}
RESULT: {"using":"css selector","value":"td"}
COMMAND: POST /session/9813251e0ae410a7418940dcaaaaf337/element/f.6D6192A7F298CA7F9ED2043BE1BC656F.d.FCF436341789D48D5EB9B01703867A94.e.5318/elements - {"using":"css selector","value":"td"}
RESULT: {"using":"css selector","value":"td"}
COMMAND: POST /session/9813251e0ae410a7418940dcaaaaf337/element/f.6D6192A7F298CA7F9ED2043BE1BC656F.d.FCF436341789D48D5EB9B01703867A94.e.5326/elements - {"using":"css selector","value":"td"}
RESULT: {"using":"css selector","value":"td"}
COMMAND: POST /session/9813251e0ae410a7418940dcaaaaf337/element/f.6D6192A7F298CA7F9ED2043BE1BC656F.d.FCF436341789D48D5EB9B01703867A94.e.5410/elements - {"using":"css selector","value":"td"}
RESULT: {"using":"css selector","value":"td"}
COMMAND: POST /session/9813251e0ae410a7418940dcaaaaf337/element/f.6D6192A7F298CA7F9ED2043BE1BC656F.d.FCF436341789D48D5EB9B01703867A94.e.5411/elements - {"using":"css selector","value":"td"}
RESULT: {"using":"css selector","value":"td"}
COMMAND: POST /session/9813251e0ae410a7418940dcaaaaf337/element/f.6D6192A7F298CA7F9ED2043BE1BC656F.d.FCF436341789D48D5EB9B01703867A94.e.5412/elements - {"using":"css selector","value":"td"}
RESULT: {"using":"css selector","value":"td"}
COMMAND: POST /session/9813251e0ae410a7418940dcaaaaf337/element/f.6D6192A7F298CA7F9ED2043BE1BC656F.d.FCF436341789D48D5EB9B01703867A94.e.5413/elements - {"using":"css selector","value":"td"}
RESULT: {"using":"css selector","value":"td"}
COMMAND: POST /session/9813251e0ae410a7418940dcaaaaf337/element/f.6D6192A7F298CA7F9ED2043BE1BC656F.d.FCF436341789D48D5EB9B01703867A94.e.5414/elements - {"using":"css selector","value":"td"}
RESULT: {"using":"css selector","value":"td"}
COMMAND: POST /session/9813251e0ae410a7418940dcaaaaf337/element/f.6D6192A7F298CA7F9ED2043BE1BC656F.d.FCF436341789D48D5EB9B01703867A94.e.5415/elements - {"using":"css selector","value":"td"}
RESULT: {"using":"css selector","value":"td"}
COMMAND: POST /session/9813251e0ae410a7418940dcaaaaf337/element/f.6D6192A7F298CA7F9ED2043BE1BC656F.d.FCF436341789D48D5EB9B01703867A94.e.5416/elements - {"using":"css selector","value":"td"}
RESULT: {"using":"css selector","value":"td"}
COMMAND: POST /session/9813251e0ae410a7418940dcaaaaf337/element/f.6D6192A7F298CA7F9ED2043BE1BC656F.d.FCF436341789D48D5EB9B01703867A94.e.5417/elements - {"using":"css selector","value":"td"}
RESULT: {"using":"css selector","value":"td"}
COMMAND: POST /session/9813251e0ae410a7418940dcaaaaf337/element/f.6D6192A7F298CA7F9ED2043BE1BC656F.d.FCF436341789D48D5EB9B01703867A94.e.5418/elements - {"using":"css selector","value":"td"}
RESULT: {"using":"css selector","value":"td"}
COMMAND: POST /session/9813251e0ae410a7418940dcaaaaf337/element/f.6D6192A7F298CA7F9ED2043BE1BC656F.d.FCF436341789D48D5EB9B01703867A94.e.5419/elements - {"using":"css selector","value":"td"}
RESULT: {"using":"css selector","value":"td"}
COMMAND: POST /session/9813251e0ae410a7418940dcaaaaf337/element/f.6D6192A7F298CA7F9ED2043BE1BC656F.d.FCF436341789D48D5EB9B01703867A94.e.5420/elements - {"using":"css selector","value":"td"}
RESULT: {"using":"css selector","value":"td"}
COMMAND: POST /session/9813251e0ae410a7418940dcaaaaf337/element/f.6D6192A7F298CA7F9ED2043BE1BC656F.d.FCF436341789D48D5EB9B01703867A94.e.5421/elements - {"using":"css selector","value":"td"}
RESULT: {"using":"css selector","value":"td"}
COMMAND: POST /session/9813251e0ae410a7418940dcaaaaf337/element/f.6D6192A7F298CA7F9ED2043BE1BC656F.d.FCF436341789D48D5EB9B01703867A94.e.5422/elements - {"using":"css selector","value":"td"}
RESULT: {"using":"css selector","value":"td"}
COMMAND: POST /session/9813251e0ae410a7418940dcaaaaf337/element/f.6D6192A7F298CA7F9ED2043BE1BC656F.d.FCF436341789D48D5EB9B01703867A94.e.5423/elements - {"using":"css selector","value":"td"}
RESULT: {"using":"css selector","value":"td"}
COMMAND: POST /session/9813251e0ae410a7418940dcaaaaf337/element/f.6D6192A7F298CA7F9ED2043BE1BC656F.d.FCF436341789D48D5EB9B01703867A94.e.5424/elements - {"using":"css selector","value":"td"}
RESULT: {"using":"css selector","value":"td"}
COMMAND: POST /session/9813251e0ae410a7418940dcaaaaf337/element/f.6D6192A7F298CA7F9ED2043BE1BC656F.d.FCF436341789D48D5EB9B01703867A94.e.5425/elements - {"using":"css selector","value":"td"}
RESULT: {"using":"css selector","value":"td"}
COMMAND: POST /session/9813251e0ae410a7418940dcaaaaf337/element/f.6D6192A7F298CA7F9ED2043BE1BC656F.d.FCF436341789D48D5EB9B01703867A94.e.5426/elements - {"using":"css selector","value":"td"}
RESULT: {"using":"css selector","value":"td"}
COMMAND: POST /session/9813251e0ae410a7418940dcaaaaf337/element/f.6D6192A7F298CA7F9ED2043BE1BC656F.d.FCF436341789D48D5EB9B01703867A94.e.5427/elements - {"using":"css selector","value":"td"}
RESULT: {"using":"css selector","value":"td"}
COMMAND: POST /session/9813251e0ae410a7418940dcaaaaf337/element/f.6D6192A7F298CA7F9ED2043BE1BC656F.d.FCF436341789D48D5EB9B01703867A94.e.5428/elements - {"using":"css selector","value":"td"}
RESULT: {"using":"css selector","value":"td"}
COMMAND: POST /session/9813251e0ae410a7418940dcaaaaf337/element/f.6D6192A7F298CA7F9ED2043BE1BC656F.d.FCF436341789D48D5EB9B01703867A94.e.5429/elements - {"using":"css selector","value":"td"}
RESULT: {"using":"css selector","value":"td"}
COMMAND: POST /session/9813251e0ae410a7418940dcaaaaf337/element/f.6D6192A7F298CA7F9ED2043BE1BC656F.d.FCF436341789D48D5EB9B01703867A94.e.5430/elements - {"using":"css selector","value":"td"}
RESULT: {"using":"css selector","value":"td"}
COMMAND: POST /session/9813251e0ae410a7418940dcaaaaf337/element/f.6D6192A7F298CA7F9ED2043BE1BC656F.d.FCF436341789D48D5EB9B01703867A94.e.5431/elements - {"using":"css selector","value":"td"}
RESULT: {"using":"css selector","value":"td"}
COMMAND: POST /session/9813251e0ae410a7418940dcaaaaf337/element/f.6D6192A7F298CA7F9ED2043BE1BC656F.d.FCF436341789D48D5EB9B01703867A94.e.5432/elements - {"using":"css selector","value":"td"}
RESULT: {"using":"css selector","value":"td"}
COMMAND: POST /session/9813251e0ae410a7418940dcaaaaf337/element/f.6D6192A7F298CA7F9ED2043BE1BC656F.d.FCF436341789D48D5EB9B01703867A94.e.5433/elements - {"using":"css selector","value":"td"}
RESULT: {"using":"css selector","value":"td"}
COMMAND: POST /session/9813251e0ae410a7418940dcaaaaf337/element/f.6D6192A7F298CA7F9ED2043BE1BC656F.d.FCF436341789D48D5EB9B01703867A94.e.5434/elements - {"using":"css selector","value":"td"}
RESULT: {"using":"css selector","value":"td"}
COMMAND: POST /session/9813251e0ae410a7418940dcaaaaf337/element/f.6D6192A7F298CA7F9ED2043BE1BC656F.d.FCF436341789D48D5EB9B01703867A94.e.5435/elements - {"using":"css selector","value":"td"}
RESULT: {"using":"css selector","value":"td"}
COMMAND: POST /session/9813251e0ae410a7418940dcaaaaf337/element/f.6D6192A7F298CA7F9ED2043BE1BC656F.d.FCF436341789D48D5EB9B01703867A94.e.5436/elements - {"using":"css selector","value":"td"}
RESULT: {"using":"css selector","value":"td"}
COMMAND: POST /session/9813251e0ae410a7418940dcaaaaf337/element/f.6D6192A7F298CA7F9ED2043BE1BC656F.d.FCF436341789D48D5EB9B01703867A94.e.5437/elements - {"using":"css selector","value":"td"}
RESULT: {"using":"css selector","value":"td"}
COMMAND: POST /session/9813251e0ae410a7418940dcaaaaf337/element/f.6D6192A7F298CA7F9ED2043BE1BC656F.d.FCF436341789D48D5EB9B01703867A94.e.5438/elements - {"using":"css selector","value":"td"}
RESULT: {"using":"css selector","value":"td"}
COMMAND: POST /session/9813251e0ae410a7418940dcaaaaf337/element/f.6D6192A7F298CA7F9ED2043BE1BC656F.d.FCF436341789D48D5EB9B01703867A94.e.5439/elements - {"using":"css selector","value":"td"}
RESULT: {"using":"css selector","value":"td"}
COMMAND: POST /session/9813251e0ae410a7418940dcaaaaf337/element/f.6D6192A7F298CA7F9ED2043BE1BC656F.d.FCF436341789D48D5EB9B01703867A94.e.5440/elements - {"using":"css selector","value":"td"}
RESULT: {"using":"css selector","value":"td"}
COMMAND: POST /session/9813251e0ae410a7418940dcaaaaf337/element/f.6D6192A7F298CA7F9ED2043BE1BC656F.d.FCF436341789D48D5EB9B01703867A94.e.5441/elements - {"using":"css selector","value":"td"}
RESULT: {"using":"css selector","value":"td"}
COMMAND: POST /session/9813251e0ae410a7418940dcaaaaf337/element/f.6D6192A7F298CA7F9ED2043BE1BC656F.d.FCF436341789D48D5EB9B01703867A94.e.5442/elements - {"using":"css selector","value":"td"}
RESULT: {"using":"css selector","value":"td"}
COMMAND: POST /session/9813251e0ae410a7418940dcaaaaf337/element/f.6D6192A7F298CA7F9ED2043BE1BC656F.d.FCF436341789D48D5EB9B01703867A94.e.5443/elements - {"using":"css selector","value":"td"}
RESULT: {"using":"css selector","value":"td"}
COMMAND: POST /session/9813251e0ae410a7418940dcaaaaf337/element/f.6D6192A7F298CA7F9ED2043BE1BC656F.d.FCF436341789D48D5EB9B01703867A94.e.5444/elements - {"using":"css selector","value":"td"}
RESULT: {"using":"css selector","value":"td"}
COMMAND: POST /session/9813251e0ae410a7418940dcaaaaf337/element/f.6D6192A7F298CA7F9ED2043BE1BC656F.d.FCF436341789D48D5EB9B01703867A94.e.5445/elements - {"using":"css selector","value":"td"}
RESULT: {"using":"css selector","value":"td"}
COMMAND: POST /session/9813251e0ae410a7418940dcaaaaf337/element/f.6D6192A7F298CA7F9ED2043BE1BC656F.d.FCF436341789D48D5EB9B01703867A94.e.5446/elements - {"using":"css selector","value":"td"}
RESULT: {"using":"css selector","value":"td"}
COMMAND: POST /session/9813251e0ae410a7418940dcaaaaf337/element/f.6D6192A7F298CA7F9ED2043BE1BC656F.d.FCF436341789D48D5EB9B01703867A94.e.5447/elements - {"using":"css selector","value":"td"}
RESULT: {"using":"css selector","value":"td"}
COMMAND: POST /session/9813251e0ae410a7418940dcaaaaf337/element/f.6D6192A7F298CA7F9ED2043BE1BC656F.d.FCF436341789D48D5EB9B01703867A94.e.5448/elements - {"using":"css selector","value":"td"}
RESULT: {"using":"css selector","value":"td"}
COMMAND: POST /session/9813251e0ae410a7418940dcaaaaf337/element/f.6D6192A7F298CA7F9ED2043BE1BC656F.d.FCF436341789D48D5EB9B01703867A94.e.5449/elements - {"using":"css selector","value":"td"}
RESULT: {"using":"css selector","value":"td"}
COMMAND: POST /session/9813251e0ae410a7418940dcaaaaf337/element/f.6D6192A7F298CA7F9ED2043BE1BC656F.d.FCF436341789D48D5EB9B01703867A94.e.5450/elements - {"using":"css selector","value":"td"}
RESULT: {"using":"css selector","value":"td"}
COMMAND: POST /session/9813251e0ae410a7418940dcaaaaf337/element/f.6D6192A7F298CA7F9ED2043BE1BC656F.d.FCF436341789D48D5EB9B01703867A94.e.5451/elements - {"using":"css selector","value":"td"}
RESULT: {"using":"css selector","value":"td"}
COMMAND: POST /session/9813251e0ae410a7418940dcaaaaf337/element/f.6D6192A7F298CA7F9ED2043BE1BC656F.d.FCF436341789D48D5EB9B01703867A94.e.5452/elements - {"using":"css selector","value":"td"}
RESULT: {"using":"css selector","value":"td"}
COMMAND: POST /session/9813251e0ae410a7418940dcaaaaf337/element/f.6D6192A7F298CA7F9ED2043BE1BC656F.d.FCF436341789D48D5EB9B01703867A94.e.5453/elements - {"using":"css selector","value":"td"}
RESULT: {"using":"css selector","value":"td"}
COMMAND: POST /session/9813251e0ae410a7418940dcaaaaf337/element/f.6D6192A7F298CA7F9ED2043BE1BC656F.d.FCF436341789D48D5EB9B01703867A94.e.5454/elements - {"using":"css selector","value":"td"}
RESULT: {"using":"css selector","value":"td"}
COMMAND: POST /session/9813251e0ae410a7418940dcaaaaf337/element/f.6D6192A7F298CA7F9ED2043BE1BC656F.d.FCF436341789D48D5EB9B01703867A94.e.5455/elements - {"using":"css selector","value":"td"}
RESULT: {"using":"css selector","value":"td"}
COMMAND: POST /session/9813251e0ae410a7418940dcaaaaf337/element/f.6D6192A7F298CA7F9ED2043BE1BC656F.d.FCF436341789D48D5EB9B01703867A94.e.5456/elements - {"using":"css selector","value":"td"}
RESULT: {"using":"css selector","value":"td"}
COMMAND: POST /session/9813251e0ae410a7418940dcaaaaf337/element/f.6D6192A7F298CA7F9ED2043BE1BC656F.d.FCF436341789D48D5EB9B01703867A94.e.5457/elements - {"using":"css selector","value":"td"}
RESULT: {"using":"css selector","value":"td"}
COMMAND: POST /session/9813251e0ae410a7418940dcaaaaf337/element/f.6D6192A7F298CA7F9ED2043BE1BC656F.d.FCF436341789D48D5EB9B01703867A94.e.5458/elements - {"using":"css selector","value":"td"}
RESULT: {"using":"css selector","value":"td"}
COMMAND: POST /session/9813251e0ae410a7418940dcaaaaf337/element/f.6D6192A7F298CA7F9ED2043BE1BC656F.d.FCF436341789D48D5EB9B01703867A94.e.5459/elements - {"using":"css selector","value":"td"}
RESULT: {"using":"css selector","value":"td"}
COMMAND: POST /session/9813251e0ae410a7418940dcaaaaf337/element/f.6D6192A7F298CA7F9ED2043BE1BC656F.d.FCF436341789D48D5EB9B01703867A94.e.5460/elements - {"using":"css selector","value":"td"}
RESULT: {"using":"css selector","value":"td"}
COMMAND: POST /session/9813251e0ae410a7418940dcaaaaf337/element/f.6D6192A7F298CA7F9ED2043BE1BC656F.d.FCF436341789D48D5EB9B01703867A94.e.5461/elements - {"using":"css selector","value":"td"}
RESULT: {"using":"css selector","value":"td"}
COMMAND: POST /session/9813251e0ae410a7418940dcaaaaf337/element/f.6D6192A7F298CA7F9ED2043BE1BC656F.d.FCF436341789D48D5EB9B01703867A94.e.5462/elements - {"using":"css selector","value":"td"}
RESULT: {"using":"css selector","value":"td"}
COMMAND: POST /session/9813251e0ae410a7418940dcaaaaf337/element/f.6D6192A7F298CA7F9ED2043BE1BC656F.d.FCF436341789D48D5EB9B01703867A94.e.5463/elements - {"using":"css selector","value":"td"}
RESULT: {"using":"css selector","value":"td"}
COMMAND: POST /session/9813251e0ae410a7418940dcaaaaf337/element/f.6D6192A7F298CA7F9ED2043BE1BC656F.d.FCF436341789D48D5EB9B01703867A94.e.5464/elements - {"using":"css selector","value":"td"}
RESULT: {"using":"css selector","value":"td"}
COMMAND: POST /session/9813251e0ae410a7418940dcaaaaf337/element/f.6D6192A7F298CA7F9ED2043BE1BC656F.d.FCF436341789D48D5EB9B01703867A94.e.5465/elements - {"using":"css selector","value":"td"}
RESULT: {"using":"css selector","value":"td"}
COMMAND: POST /session/9813251e0ae410a7418940dcaaaaf337/element/f.6D6192A7F298CA7F9ED2043BE1BC656F.d.FCF436341789D48D5EB9B01703867A94.e.5466/elements - {"using":"css selector","value":"td"}
RESULT: {"using":"css selector","value":"td"}
COMMAND: POST /session/9813251e0ae410a7418940dcaaaaf337/element/f.6D6192A7F298CA7F9ED2043BE1BC656F.d.FCF436341789D48D5EB9B01703867A94.e.5467/elements - {"using":"css selector","value":"td"}
RESULT: {"using":"css selector","value":"td"}
COMMAND: POST /session/9813251e0ae410a7418940dcaaaaf337/element/f.6D6192A7F298CA7F9ED2043BE1BC656F.d.FCF436341789D48D5EB9B01703867A94.e.5468/elements - {"using":"css selector","value":"td"}
RESULT: {"using":"css selector","value":"td"}
COMMAND: POST /session/9813251e0ae410a7418940dcaaaaf337/element/f.6D6192A7F298CA7F9ED2043BE1BC656F.d.FCF436341789D48D5EB9B01703867A94.e.5469/elements - {"using":"css selector","value":"td"}
RESULT: {"using":"css selector","value":"td"}
COMMAND: POST /session/9813251e0ae410a7418940dcaaaaf337/element/f.6D6192A7F298CA7F9ED2043BE1BC656F.d.FCF436341789D48D5EB9B01703867A94.e.5470/elements - {"using":"css selector","value":"td"}
RESULT: {"using":"css selector","value":"td"}
COMMAND: POST /session/9813251e0ae410a7418940dcaaaaf337/element/f.6D6192A7F298CA7F9ED2043BE1BC656F.d.FCF436341789D48D5EB9B01703867A94.e.5471/elements - {"using":"css selector","value":"td"}
RESULT: {"using":"css selector","value":"td"}
COMMAND: POST /session/9813251e0ae410a7418940dcaaaaf337/element/f.6D6192A7F298CA7F9ED2043BE1BC656F.d.FCF436341789D48D5EB9B01703867A94.e.5472/elements - {"using":"css selector","value":"td"}
RESULT: {"using":"css selector","value":"td"}
COMMAND: POST /session/9813251e0ae410a7418940dcaaaaf337/element/f.6D6192A7F298CA7F9ED2043BE1BC656F.d.FCF436341789D48D5EB9B01703867A94.e.5473/elements - {"using":"css selector","value":"td"}
RESULT: {"using":"css selector","value":"td"}
COMMAND: POST /session/9813251e0ae410a7418940dcaaaaf337/element/f.6D6192A7F298CA7F9ED2043BE1BC656F.d.FCF436341789D48D5EB9B01703867A94.e.5474/elements - {"using":"css selector","value":"td"}
RESULT: {"using":"css selector","value":"td"}
COMMAND: POST /session/9813251e0ae410a7418940dcaaaaf337/element/f.6D6192A7F298CA7F9ED2043BE1BC656F.d.FCF436341789D48D5EB9B01703867A94.e.5475/elements - {"using":"css selector","value":"td"}
RESULT: {"using":"css selector","value":"td"}
COMMAND: POST /session/9813251e0ae410a7418940dcaaaaf337/element/f.6D6192A7F298CA7F9ED2043BE1BC656F.d.FCF436341789D48D5EB9B01703867A94.e.5476/elements - {"using":"css selector","value":"td"}
RESULT: {"using":"css selector","value":"td"}
COMMAND: POST /session/9813251e0ae410a7418940dcaaaaf337/element/f.6D6192A7F298CA7F9ED2043BE1BC656F.d.FCF436341789D48D5EB9B01703867A94.e.5477/elements - {"using":"css selector","value":"td"}
RESULT: {"using":"css selector","value":"td"}
COMMAND: POST /session/9813251e0ae410a7418940dcaaaaf337/element/f.6D6192A7F298CA7F9ED2043BE1BC656F.d.FCF436341789D48D5EB9B01703867A94.e.5478/elements - {"using":"css selector","value":"td"}
RESULT: {"using":"css selector","value":"td"}
COMMAND: POST /session/9813251e0ae410a7418940dcaaaaf337/element/f.6D6192A7F298CA7F9ED2043BE1BC656F.d.FCF436341789D48D5EB9B01703867A94.e.5479/elements - {"using":"css selector","value":"td"}
RESULT: {"using":"css selector","value":"td"}
COMMAND: POST /session/9813251e0ae410a7418940dcaaaaf337/element/f.6D6192A7F298CA7F9ED2043BE1BC656F.d.FCF436341789D48D5EB9B01703867A94.e.5480/elements - {"using":"css selector","value":"td"}
RESULT: {"using":"css selector","value":"td"}
COMMAND: POST /session/9813251e0ae410a7418940dcaaaaf337/element/f.6D6192A7F298CA7F9ED2043BE1BC656F.d.FCF436341789D48D5EB9B01703867A94.e.5481/elements - {"using":"css selector","value":"td"}
RESULT: {"using":"css selector","value":"td"}
COMMAND: POST /session/9813251e0ae410a7418940dcaaaaf337/element/f.6D6192A7F298CA7F9ED2043BE1BC656F.d.FCF436341789D48D5EB9B01703867A94.e.5482/elements - {"using":"css selector","value":"td"}
RESULT: {"using":"css selector","value":"td"}
COMMAND: POST /session/9813251e0ae410a7418940dcaaaaf337/element/f.6D6192A7F298CA7F9ED2043BE1BC656F.d.FCF436341789D48D5EB9B01703867A94.e.5483/elements - {"using":"css selector","value":"td"}
RESULT: {"using":"css selector","value":"td"}
COMMAND: POST /session/9813251e0ae410a7418940dcaaaaf337/element/f.6D6192A7F298CA7F9ED2043BE1BC656F.d.FCF436341789D48D5EB9B01703867A94.e.5484/elements - {"using":"css selector","value":"td"}
RESULT: {"using":"css selector","value":"td"}
COMMAND: POST /session/9813251e0ae410a7418940dcaaaaf337/element/f.6D6192A7F298CA7F9ED2043BE1BC656F.d.FCF436341789D48D5EB9B01703867A94.e.5485/elements - {"using":"css selector","value":"td"}
RESULT: {"using":"css selector","value":"td"}
COMMAND: POST /session/9813251e0ae410a7418940dcaaaaf337/element/f.6D6192A7F298CA7F9ED2043BE1BC656F.d.FCF436341789D48D5EB9B01703867A94.e.5486/elements - {"using":"css selector","value":"td"}
RESULT: {"using":"css selector","value":"td"}
COMMAND: POST /session/9813251e0ae410a7418940dcaaaaf337/element/f.6D6192A7F298CA7F9ED2043BE1BC656F.d.FCF436341789D48D5EB9B01703867A94.e.5487/elements - {"using":"css selector","value":"td"}
RESULT: {"using":"css selector","value":"td"}
COMMAND: POST /session/9813251e0ae410a7418940dcaaaaf337/element/f.6D6192A7F298CA7F9ED2043BE1BC656F.d.FCF436341789D48D5EB9B01703867A94.e.5488/elements - {"using":"css selector","value":"td"}
RESULT: {"using":"css selector","value":"td"}
COMMAND: POST /session/9813251e0ae410a7418940dcaaaaf337/element/f.6D6192A7F298CA7F9ED2043BE1BC656F.d.FCF436341789D48D5EB9B01703867A94.e.5489/elements - {"using":"css selector","value":"td"}
RESULT: {"using":"css selector","value":"td"}
COMMAND: POST /session/9813251e0ae410a7418940dcaaaaf337/element/f.6D6192A7F298CA7F9ED2043BE1BC656F.d.FCF436341789D48D5EB9B01703867A94.e.5490/elements - {"using":"css selector","value":"td"}
RESULT: {"using":"css selector","value":"td"}
COMMAND: POST /session/9813251e0ae410a7418940dcaaaaf337/element/f.6D6192A7F298CA7F9ED2043BE1BC656F.d.FCF436341789D48D5EB9B01703867A94.e.5491/elements - {"using":"css selector","value":"td"}
RESULT: {"using":"css selector","value":"td"}
COMMAND: POST /session/9813251e0ae410a7418940dcaaaaf337/element/f.6D6192A7F298CA7F9ED2043BE1BC656F.d.FCF436341789D48D5EB9B01703867A94.e.5492/elements - {"using":"css selector","value":"td"}
RESULT: {"using":"css selector","value":"td"}
COMMAND: POST /session/9813251e0ae410a7418940dcaaaaf337/element/f.6D6192A7F298CA7F9ED2043BE1BC656F.d.FCF436341789D48D5EB9B01703867A94.e.5493/elements - {"using":"css selector","value":"td"}
RESULT: {"using":"css selector","value":"td"}
COMMAND: POST /session/9813251e0ae410a7418940dcaaaaf337/element/f.6D6192A7F298CA7F9ED2043BE1BC656F.d.FCF436341789D48D5EB9B01703867A94.e.5494/elements - {"using":"css selector","value":"td"}
RESULT: {"using":"css selector","value":"td"}
COMMAND: POST /session/9813251e0ae410a7418940dcaaaaf337/element/f.6D6192A7F298CA7F9ED2043BE1BC656F.d.FCF436341789D48D5EB9B01703867A94.e.5495/elements - {"using":"css selector","value":"td"}
RESULT: {"using":"css selector","value":"td"}
COMMAND: POST /session/9813251e0ae410a7418940dcaaaaf337/element/f.6D6192A7F298CA7F9ED2043BE1BC656F.d.FCF436341789D48D5EB9B01703867A94.e.5496/elements - {"using":"css selector","value":"td"}
RESULT: {"using":"css selector","value":"td"}
COMMAND: POST /session/9813251e0ae410a7418940dcaaaaf337/element/f.6D6192A7F298CA7F9ED2043BE1BC656F.d.FCF436341789D48D5EB9B01703867A94.e.5497/elements - {"using":"css selector","value":"td"}
RESULT: {"using":"css selector","value":"td"}
COMMAND: POST /session/9813251e0ae410a7418940dcaaaaf337/element/f.6D6192A7F298CA7F9ED2043BE1BC656F.d.FCF436341789D48D5EB9B01703867A94.e.5498/elements - {"using":"css selector","value":"td"}
RESULT: {"using":"css selector","value":"td"}
COMMAND: POST /session/9813251e0ae410a7418940dcaaaaf337/element/f.6D6192A7F298CA7F9ED2043BE1BC656F.d.FCF436341789D48D5EB9B01703867A94.e.5499/elements - {"using":"css selector","value":"td"}
RESULT: {"using":"css selector","value":"td"}
COMMAND: POST /session/9813251e0ae410a7418940dcaaaaf337/element/f.6D6192A7F298CA7F9ED2043BE1BC656F.d.FCF436341789D48D5EB9B01703867A94.e.5500/elements - {"using":"css selector","value":"td"}
RESULT: {"using":"css selector","value":"td"}
COMMAND: POST /session/9813251e0ae410a7418940dcaaaaf337/element/f.6D6192A7F298CA7F9ED2043BE1BC656F.d.FCF436341789D48D5EB9B01703867A94.e.5501/elements - {"using":"css selector","value":"td"}
RESULT: {"using":"css selector","value":"td"}
COMMAND: POST /session/9813251e0ae410a7418940dcaaaaf337/element/f.6D6192A7F298CA7F9ED2043BE1BC656F.d.FCF436341789D48D5EB9B01703867A94.e.5502/elements - {"using":"css selector","value":"td"}
RESULT: {"using":"css selector","value":"td"}
COMMAND: POST /session/9813251e0ae410a7418940dcaaaaf337/element/f.6D6192A7F298CA7F9ED2043BE1BC656F.d.FCF436341789D48D5EB9B01703867A94.e.5503/elements - {"using":"css selector","value":"td"}
RESULT: {"using":"css selector","value":"td"}
COMMAND: POST /session/9813251e0ae410a7418940dcaaaaf337/element/f.6D6192A7F298CA7F9ED2043BE1BC656F.d.FCF436341789D48D5EB9B01703867A94.e.5504/elements - {"using":"css selector","value":"td"}
RESULT: {"using":"css selector","value":"td"}
COMMAND: POST /session/9813251e0ae410a7418940dcaaaaf337/element/f.6D6192A7F298CA7F9ED2043BE1BC656F.d.FCF436341789D48D5EB9B01703867A94.e.5505/elements - {"using":"css selector","value":"td"}
RESULT: {"using":"css selector","value":"td"}
COMMAND: POST /session/9813251e0ae410a7418940dcaaaaf337/element/f.6D6192A7F298CA7F9ED2043BE1BC656F.d.FCF436341789D48D5EB9B01703867A94.e.5506/elements - {"using":"css selector","value":"td"}
RESULT: {"using":"css selector","value":"td"}
COMMAND: POST /session/9813251e0ae410a7418940dcaaaaf337/element/f.6D6192A7F298CA7F9ED2043BE1BC656F.d.FCF436341789D48D5EB9B01703867A94.e.5507/elements - {"using":"css selector","value":"td"}
RESULT: {"using":"css selector","value":"td"}
COMMAND: POST /session/9813251e0ae410a7418940dcaaaaf337/element/f.6D6192A7F298CA7F9ED2043BE1BC656F.d.FCF436341789D48D5EB9B01703867A94.e.5508/elements - {"using":"css selector","value":"td"}
RESULT: {"using":"css selector","value":"td"}
COMMAND: POST /session/9813251e0ae410a7418940dcaaaaf337/element/f.6D6192A7F298CA7F9ED2043BE1BC656F.d.FCF436341789D48D5EB9B01703867A94.e.5509/elements - {"using":"css selector","value":"td"}
RESULT: {"using":"css selector","value":"td"}
COMMAND: POST /session/9813251e0ae410a7418940dcaaaaf337/element/f.6D6192A7F298CA7F9ED2043BE1BC656F.d.FCF436341789D48D5EB9B01703867A94.e.5510/elements - {"using":"css selector","value":"td"}
RESULT: {"using":"css selector","value":"td"}
COMMAND: POST /session/9813251e0ae410a7418940dcaaaaf337/element/f.6D6192A7F298CA7F9ED2043BE1BC656F.d.FCF436341789D48D5EB9B01703867A94.e.5511/elements - {"using":"css selector","value":"td"}
RESULT: {"using":"css selector","value":"td"}
COMMAND: POST /session/9813251e0ae410a7418940dcaaaaf337/element/f.6D6192A7F298CA7F9ED2043BE1BC656F.d.FCF436341789D48D5EB9B01703867A94.e.5512/elements - {"using":"css selector","value":"td"}
RESULT: {"using":"css selector","value":"td"}
COMMAND: POST /session/9813251e0ae410a7418940dcaaaaf337/element/f.6D6192A7F298CA7F9ED2043BE1BC656F.d.FCF436341789D48D5EB9B01703867A94.e.5513/elements - {"using":"css selector","value":"td"}
RESULT: {"using":"css selector","value":"td"}
COMMAND: POST /session/9813251e0ae410a7418940dcaaaaf337/element/f.6D6192A7F298CA7F9ED2043BE1BC656F.d.FCF436341789D48D5EB9B01703867A94.e.5514/elements - {"using":"css selector","value":"td"}
RESULT: {"using":"css selector","value":"td"}
COMMAND: POST /session/9813251e0ae410a7418940dcaaaaf337/element/f.6D6192A7F298CA7F9ED2043BE1BC656F.d.FCF436341789D48D5EB9B01703867A94.e.5515/elements - {"using":"css selector","value":"td"}
RESULT: {"using":"css selector","value":"td"}
COMMAND: POST /session/9813251e0ae410a7418940dcaaaaf337/element/f.6D6192A7F298CA7F9ED2043BE1BC656F.d.FCF436341789D48D5EB9B01703867A94.e.5516/elements - {"using":"css selector","value":"td"}
RESULT: {"using":"css selector","value":"td"}
COMMAND: POST /session/9813251e0ae410a7418940dcaaaaf337/element/f.6D6192A7F298CA7F9ED2043BE1BC656F.d.FCF436341789D48D5EB9B01703867A94.e.5517/elements - {"using":"css selector","value":"td"}
RESULT: {"using":"css selector","value":"td"}
COMMAND: POST /session/9813251e0ae410a7418940dcaaaaf337/element/f.6D6192A7F298CA7F9ED2043BE1BC656F.d.FCF436341789D48D5EB9B01703867A94.e.5518/elements - {"using":"css selector","value":"td"}
RESULT: {"using":"css selector","value":"td"}
COMMAND: POST /session/9813251e0ae410a7418940dcaaaaf337/element/f.6D6192A7F298CA7F9ED2043BE1BC656F.d.FCF436341789D48D5EB9B01703867A94.e.5519/elements - {"using":"css selector","value":"td"}
RESULT: {"using":"css selector","value":"td"}
COMMAND: POST /session/9813251e0ae410a7418940dcaaaaf337/element/f.6D6192A7F298CA7F9ED2043BE1BC656F.d.FCF436341789D48D5EB9B01703867A94.e.5520/elements - {"using":"css selector","value":"td"}
RESULT: {"using":"css selector","value":"td"}
COMMAND: POST /session/9813251e0ae410a7418940dcaaaaf337/element/f.6D6192A7F298CA7F9ED2043BE1BC656F.d.FCF436341789D48D5EB9B01703867A94.e.5521/elements - {"using":"css selector","value":"td"}
RESULT: {"using":"css selector","value":"td"}
COMMAND: POST /session/9813251e0ae410a7418940dcaaaaf337/element/f.6D6192A7F298CA7F9ED2043BE1BC656F.d.FCF436341789D48D5EB9B01703867A94.e.5522/elements - {"using":"css selector","value":"td"}
RESULT: {"using":"css selector","value":"td"}
COMMAND: POST /session/9813251e0ae410a7418940dcaaaaf337/element/f.6D6192A7F298CA7F9ED2043BE1BC656F.d.FCF436341789D48D5EB9B01703867A94.e.5523/elements - {"using":"css selector","value":"td"}
RESULT: {"using":"css selector","value":"td"}
COMMAND: POST /session/9813251e0ae410a7418940dcaaaaf337/element/f.6D6192A7F298CA7F9ED2043BE1BC656F.d.FCF436341789D48D5EB9B01703867A94.e.5524/elements - {"using":"css selector","value":"td"}
RESULT: {"using":"css selector","value":"td"}
COMMAND: POST /session/9813251e0ae410a7418940dcaaaaf337/element/f.6D6192A7F298CA7F9ED2043BE1BC656F.d.FCF436341789D48D5EB9B01703867A94.e.5525/elements - {"using":"css selector","value":"td"}
RESULT: {"using":"css selector","value":"td"}
COMMAND: POST /session/9813251e0ae410a7418940dcaaaaf337/element/f.6D6192A7F298CA7F9ED2043BE1BC656F.d.FCF436341789D48D5EB9B01703867A94.e.5526/elements - {"using":"css selector","value":"td"}
RESULT: {"using":"css selector","value":"td"}
COMMAND: POST /session/9813251e0ae410a7418940dcaaaaf337/element/f.6D6192A7F298CA7F9ED2043BE1BC656F.d.FCF436341789D48D5EB9B01703867A94.e.5527/elements - {"using":"css selector","value":"td"}
RESULT: {"using":"css selector","value":"td"}
COMMAND: POST /session/9813251e0ae410a7418940dcaaaaf337/element/f.6D6192A7F298CA7F9ED2043BE1BC656F.d.FCF436341789D48D5EB9B01703867A94.e.5528/elements - {"using":"css selector","value":"td"}
RESULT: {"using":"css selector","value":"td"}
COMMAND: POST /session/9813251e0ae410a7418940dcaaaaf337/element/f.6D6192A7F298CA7F9ED2043BE1BC656F.d.FCF436341789D48D5EB9B01703867A94.e.5529/elements - {"using":"css selector","value":"td"}
RESULT: {"using":"css selector","value":"td"}
COMMAND: POST /session/9813251e0ae410a7418940dcaaaaf337/element/f.6D6192A7F298CA7F9ED2043BE1BC656F.d.FCF436341789D48D5EB9B01703867A94.e.5530/elements - {"using":"css selector","value":"td"}
RESULT: {"using":"css selector","value":"td"}
COMMAND: POST /session/9813251e0ae410a7418940dcaaaaf337/element/f.6D6192A7F298CA7F9ED2043BE1BC656F.d.FCF436341789D48D5EB9B01703867A94.e.5531/elements - {"using":"css selector","value":"td"}
RESULT: {"using":"css selector","value":"td"}
COMMAND: POST /session/9813251e0ae410a7418940dcaaaaf337/element/f.6D6192A7F298CA7F9ED2043BE1BC656F.d.FCF436341789D48D5EB9B01703867A94.e.5532/elements - {"using":"css selector","value":"td"}
RESULT: {"using":"css selector","value":"td"}
COMMAND: POST /session/9813251e0ae410a7418940dcaaaaf337/element/f.6D6192A7F298CA7F9ED2043BE1BC656F.d.FCF436341789D48D5EB9B01703867A94.e.5533/elements - {"using":"css selector","value":"td"}
RESULT: {"using":"css selector","value":"td"}
COMMAND: POST /session/9813251e0ae410a7418940dcaaaaf337/element/f.6D6192A7F298CA7F9ED2043BE1BC656F.d.FCF436341789D48D5EB9B01703867A94.e.5534/elements - {"using":"css selector","value":"td"}
RESULT: {"using":"css selector","value":"td"}
COMMAND: POST /session/9813251e0ae410a7418940dcaaaaf337/element/f.6D6192A7F298CA7F9ED2043BE1BC656F.d.FCF436341789D48D5EB9B01703867A94.e.5535/elements - {"using":"css selector","value":"td"}
RESULT: {"using":"css selector","value":"td"}
COMMAND: POST /session/9813251e0ae410a7418940dcaaaaf337/element/f.6D6192A7F298CA7F9ED2043BE1BC656F.d.FCF436341789D48D5EB9B01703867A94.e.5536/elements - {"using":"css selector","value":"td"}
RESULT: {"using":"css selector","value":"td"}
COMMAND: POST /session/9813251e0ae410a7418940dcaaaaf337/element/f.6D6192A7F298CA7F9ED2043BE1BC656F.d.FCF436341789D48D5EB9B01703867A94.e.5537/elements - {"using":"css selector","value":"td"}
RESULT: {"using":"css selector","value":"td"}
COMMAND: POST /session/9813251e0ae410a7418940dcaaaaf337/element/f.6D6192A7F298CA7F9ED2043BE1BC656F.d.FCF436341789D48D5EB9B01703867A94.e.5538/elements - {"using":"css selector","value":"td"}
RESULT: {"using":"css selector","value":"td"}
COMMAND: POST /session/9813251e0ae410a7418940dcaaaaf337/element/f.6D6192A7F298CA7F9ED2043BE1BC656F.d.FCF436341789D48D5EB9B01703867A94.e.5539/elements - {"using":"css selector","value":"td"}
RESULT: {"using":"css selector","value":"td"}
COMMAND: POST /session/9813251e0ae410a7418940dcaaaaf337/element/f.6D6192A7F298CA7F9ED2043BE1BC656F.d.FCF436341789D48D5EB9B01703867A94.e.5540/elements - {"using":"css selector","value":"td"}
RESULT: {"using":"css selector","value":"td"}
COMMAND: POST /session/9813251e0ae410a7418940dcaaaaf337/element/f.6D6192A7F298CA7F9ED2043BE1BC656F.d.FCF436341789D48D5EB9B01703867A94.e.5541/elements - {"using":"css selector","value":"td"}
RESULT: {"using":"css selector","value":"td"}
COMMAND: POST /session/9813251e0ae410a7418940dcaaaaf337/element/f.6D6192A7F298CA7F9ED2043BE1BC656F.d.FCF436341789D48D5EB9B01703867A94.e.5542/elements - {"using":"css selector","value":"td"}
RESULT: {"using":"css selector","value":"td"}
COMMAND: POST /session/9813251e0ae410a7418940dcaaaaf337/element/f.6D6192A7F298CA7F9ED2043BE1BC656F.d.FCF436341789D48D5EB9B01703867A94.e.5543/elements - {"using":"css selector","value":"td"}
RESULT: {"using":"css selector","value":"td"}
COMMAND: POST /session/9813251e0ae410a7418940dcaaaaf337/element/f.6D6192A7F298CA7F9ED2043BE1BC656F.d.FCF436341789D48D5EB9B01703867A94.e.5544/elements - {"using":"css selector","value":"td"}
RESULT: {"using":"css selector","value":"td"}
COMMAND: POST /session/9813251e0ae410a7418940dcaaaaf337/element/f.6D6192A7F298CA7F9ED2043BE1BC656F.d.FCF436341789D48D5EB9B01703867A94.e.5545/elements - {"using":"css selector","value":"td"}
RESULT: {"using":"css selector","value":"td"}
COMMAND: POST /session/9813251e0ae410a7418940dcaaaaf337/element/f.6D6192A7F298CA7F9ED2043BE1BC656F.d.FCF436341789D48D5EB9B01703867A94.e.5546/elements - {"using":"css selector","value":"td"}
RESULT: {"using":"css selector","value":"td"}
COMMAND: POST /session/9813251e0ae410a7418940dcaaaaf337/element/f.6D6192A7F298CA7F9ED2043BE1BC656F.d.FCF436341789D48D5EB9B01703867A94.e.5547/elements - {"using":"css selector","value":"td"}
RESULT: {"using":"css selector","value":"td"}
COMMAND: POST /session/9813251e0ae410a7418940dcaaaaf337/element/f.6D6192A7F298CA7F9ED2043BE1BC656F.d.FCF436341789D48D5EB9B01703867A94.e.5548/elements - {"using":"css selector","value":"td"}
RESULT: {"using":"css selector","value":"td"}
COMMAND: POST /session/9813251e0ae410a7418940dcaaaaf337/element/f.6D6192A7F298CA7F9ED2043BE1BC656F.d.FCF436341789D48D5EB9B01703867A94.e.5549/elements - {"using":"css selector","value":"td"}
RESULT: {"using":"css selector","value":"td"}
COMMAND: POST /session/9813251e0ae410a7418940dcaaaaf337/element/f.6D6192A7F298CA7F9ED2043BE1BC656F.d.FCF436341789D48D5EB9B01703867A94.e.5550/elements - {"using":"css selector","value":"td"}
RESULT: {"using":"css selector","value":"td"}
COMMAND: POST /session/9813251e0ae410a7418940dcaaaaf337/element/f.6D6192A7F298CA7F9ED2043BE1BC656F.d.FCF436341789D48D5EB9B01703867A94.e.5551/elements - {"using":"css selector","value":"td"}
RESULT: {"using":"css selector","value":"td"}
COMMAND: POST /session/9813251e0ae410a7418940dcaaaaf337/element/f.6D6192A7F298CA7F9ED2043BE1BC656F.d.FCF436341789D48D5EB9B01703867A94.e.5552/elements - {"using":"css selector","value":"td"}
RESULT: {"using":"css selector","value":"td"}
COMMAND: POST /session/9813251e0ae410a7418940dcaaaaf337/element/f.6D6192A7F298CA7F9ED2043BE1BC656F.d.FCF436341789D48D5EB9B01703867A94.e.5553/elements - {"using":"css selector","value":"td"}
RESULT: {"using":"css selector","value":"td"}
COMMAND: POST /session/9813251e0ae410a7418940dcaaaaf337/element/f.6D6192A7F298CA7F9ED2043BE1BC656F.d.FCF436341789D48D5EB9B01703867A94.e.5554/elements - {"using":"css selector","value":"td"}
RESULT: {"using":"css selector","value":"td"}
COMMAND: POST /session/9813251e0ae410a7418940dcaaaaf337/element/f.6D6192A7F298CA7F9ED2043BE1BC656F.d.FCF436341789D48D5EB9B01703867A94.e.5555/elements - {"using":"css selector","value":"td"}
RESULT: {"using":"css selector","value":"td"}
COMMAND: POST /session/9813251e0ae410a7418940dcaaaaf337/element/f.6D6192A7F298CA7F9ED2043BE1BC656F.d.FCF436341789D48D5EB9B01703867A94.e.5556/elements - {"using":"css selector","value":"td"}
RESULT: {"using":"css selector","value":"td"}
COMMAND: POST /session/9813251e0ae410a7418940dcaaaaf337/element/f.6D6192A7F298CA7F9ED2043BE1BC656F.d.FCF436341789D48D5EB9B01703867A94.e.5557/elements - {"using":"css selector","value":"td"}
RESULT: {"using":"css selector","value":"td"}
COMMAND: POST /session/9813251e0ae410a7418940dcaaaaf337/element/f.6D6192A7F298CA7F9ED2043BE1BC656F.d.FCF436341789D48D5EB9B01703867A94.e.5558/elements - {"using":"css selector","value":"td"}
RESULT: {"using":"css selector","value":"td"}
COMMAND: POST /session/9813251e0ae410a7418940dcaaaaf337/element/f.6D6192A7F298CA7F9ED2043BE1BC656F.d.FCF436341789D48D5EB9B01703867A94.e.5559/elements - {"using":"css selector","value":"td"}
RESULT: {"using":"css selector","value":"td"}
COMMAND: POST /session/9813251e0ae410a7418940dcaaaaf337/element/f.6D6192A7F298CA7F9ED2043BE1BC656F.d.FCF436341789D48D5EB9B01703867A94.e.5560/elements - {"using":"css selector","value":"td"}
RESULT: {"using":"css selector","value":"td"}
COMMAND: POST /session/9813251e0ae410a7418940dcaaaaf337/element/f.6D6192A7F298CA7F9ED2043BE1BC656F.d.FCF436341789D48D5EB9B01703867A94.e.5561/elements - {"using":"css selector","value":"td"}
RESULT: {"using":"css selector","value":"td"}
COMMAND: POST /session/9813251e0ae410a7418940dcaaaaf337/element/f.6D6192A7F298CA7F9ED2043BE1BC656F.d.FCF436341789D48D5EB9B01703867A94.e.5562/elements - {"using":"css selector","value":"td"}
RESULT: {"using":"css selector","value":"td"}
COMMAND: POST /session/9813251e0ae410a7418940dcaaaaf337/element/f.6D6192A7F298CA7F9ED2043BE1BC656F.d.FCF436341789D48D5EB9B01703867A94.e.5563/elements - {"using":"css selector","value":"td"}
RESULT: {"using":"css selector","value":"td"}
COMMAND: POST /session/9813251e0ae410a7418940dcaaaaf337/element/f.6D6192A7F298CA7F9ED2043BE1BC656F.d.FCF436341789D48D5EB9B01703867A94.e.5564/elements - {"using":"css selector","value":"td"}
RESULT: {"using":"css selector","value":"td"}
COMMAND: POST /session/9813251e0ae410a7418940dcaaaaf337/element/f.6D6192A7F298CA7F9ED2043BE1BC656F.d.FCF436341789D48D5EB9B01703867A94.e.5565/elements - {"using":"css selector","value":"td"}
RESULT: {"using":"css selector","value":"td"}
COMMAND: POST /session/9813251e0ae410a7418940dcaaaaf337/element/f.6D6192A7F298CA7F9ED2043BE1BC656F.d.FCF436341789D48D5EB9B01703867A94.e.5566/elements - {"using":"css selector","value":"td"}
RESULT: {"using":"css selector","value":"td"}
COMMAND: POST /session/9813251e0ae410a7418940dcaaaaf337/element/f.6D6192A7F298CA7F9ED2043BE1BC656F.d.FCF436341789D48D5EB9B01703867A94.e.5567/elements - {"using":"css selector","value":"td"}
RESULT: {"using":"css selector","value":"td"}
COMMAND: POST /session/9813251e0ae410a7418940dcaaaaf337/element/f.6D6192A7F298CA7F9ED2043BE1BC656F.d.FCF436341789D48D5EB9B01703867A94.e.5568/elements - {"using":"css selector","value":"td"}
RESULT: {"using":"css selector","value":"td"}
COMMAND: POST /session/9813251e0ae410a7418940dcaaaaf337/element/f.6D6192A7F298CA7F9ED2043BE1BC656F.d.FCF436341789D48D5EB9B01703867A94.e.5569/elements - {"using":"css selector","value":"td"}
RESULT: {"using":"css selector","value":"td"}
COMMAND: POST /session/9813251e0ae410a7418940dcaaaaf337/element/f.6D6192A7F298CA7F9ED2043BE1BC656F.d.FCF436341789D48D5EB9B01703867A94.e.5570/elements - {"using":"css selector","value":"td"}
RESULT: {"using":"css selector","value":"td"}
COMMAND: POST /session/9813251e0ae410a7418940dcaaaaf337/element/f.6D6192A7F298CA7F9ED2043BE1BC656F.d.FCF436341789D48D5EB9B01703867A94.e.5571/elements - {"using":"css selector","value":"td"}
RESULT: {"using":"css selector","value":"td"}
COMMAND: POST /session/9813251e0ae410a7418940dcaaaaf337/element/f.6D6192A7F298CA7F9ED2043BE1BC656F.d.FCF436341789D48D5EB9B01703867A94.e.5572/elements - {"using":"css selector","value":"td"}
RESULT: {"using":"css selector","value":"td"}
COMMAND: POST /session/9813251e0ae410a7418940dcaaaaf337/element/f.6D6192A7F298CA7F9ED2043BE1BC656F.d.FCF436341789D48D5EB9B01703867A94.e.5573/elements - {"using":"css selector","value":"td"}
RESULT: {"using":"css selector","value":"td"}
COMMAND: POST /session/9813251e0ae410a7418940dcaaaaf337/element/f.6D6192A7F298CA7F9ED2043BE1BC656F.d.FCF436341789D48D5EB9B01703867A94.e.5574/elements - {"using":"css selector","value":"td"}
RESULT: {"using":"css selector","value":"td"}
COMMAND: POST /session/9813251e0ae410a7418940dcaaaaf337/element/f.6D6192A7F298CA7F9ED2043BE1BC656F.d.FCF436341789D48D5EB9B01703867A94.e.5575/elements - {"using":"css selector","value":"td"}
RESULT: {"using":"css selector","value":"td"}
COMMAND: POST /session/9813251e0ae410a7418940dcaaaaf337/element/f.6D6192A7F298CA7F9ED2043BE1BC656F.d.FCF436341789D48D5EB9B01703867A94.e.5576/elements - {"using":"css selector","value":"td"}
RESULT: {"using":"css selector","value":"td"}
COMMAND: POST /session/9813251e0ae410a7418940dcaaaaf337/element/f.6D6192A7F298CA7F9ED2043BE1BC656F.d.FCF436341789D48D5EB9B01703867A94.e.5577/elements - {"using":"css selector","value":"td"}
RESULT: {"using":"css selector","value":"td"}
COMMAND: POST /session/9813251e0ae410a7418940dcaaaaf337/element/f.6D6192A7F298CA7F9ED2043BE1BC656F.d.FCF436341789D48D5EB9B01703867A94.e.5578/elements - {"using":"css selector","value":"td"}
RESULT: {"using":"css selector","value":"td"}
COMMAND: POST /session/9813251e0ae410a7418940dcaaaaf337/element/f.6D6192A7F298CA7F9ED2043BE1BC656F.d.FCF436341789D48D5EB9B01703867A94.e.5579/elements - {"using":"css selector","value":"td"}
RESULT: {"using":"css selector","value":"td"}
COMMAND: POST /session/9813251e0ae410a7418940dcaaaaf337/element/f.6D6192A7F298CA7F9ED2043BE1BC656F.d.FCF436341789D48D5EB9B01703867A94.e.5580/elements - {"using":"css selector","value":"td"}
RESULT: {"using":"css selector","value":"td"}
COMMAND: POST /session/9813251e0ae410a7418940dcaaaaf337/element/f.6D6192A7F298CA7F9ED2043BE1BC656F.d.FCF436341789D48D5EB9B01703867A94.e.5581/elements - {"using":"css selector","value":"td"}
RESULT: {"using":"css selector","value":"td"}
COMMAND: POST /session/9813251e0ae410a7418940dcaaaaf337/element/f.6D6192A7F298CA7F9ED2043BE1BC656F.d.FCF436341789D48D5EB9B01703867A94.e.5582/elements - {"using":"css selector","value":"td"}
RESULT: {"using":"css selector","value":"td"}
COMMAND: POST /session/9813251e0ae410a7418940dcaaaaf337/element/f.6D6192A7F298CA7F9ED2043BE1BC656F.d.FCF436341789D48D5EB9B01703867A94.e.5583/elements - {"using":"css selector","value":"td"}
RESULT: {"using":"css selector","value":"td"}
COMMAND: POST /session/9813251e0ae410a7418940dcaaaaf337/element/f.6D6192A7F298CA7F9ED2043BE1BC656F.d.FCF436341789D48D5EB9B01703867A94.e.5584/elements - {"using":"css selector","value":"td"}
RESULT: {"using":"css selector","value":"td"}
COMMAND: POST /session/9813251e0ae410a7418940dcaaaaf337/element/f.6D6192A7F298CA7F9ED2043BE1BC656F.d.FCF436341789D48D5EB9B01703867A94.e.5585/elements - {"using":"css selector","value":"td"}
RESULT: {"using":"css selector","value":"td"}
COMMAND: POST /session/9813251e0ae410a7418940dcaaaaf337/element/f.6D6192A7F298CA7F9ED2043BE1BC656F.d.FCF436341789D48D5EB9B01703867A94.e.5586/elements - {"using":"css selector","value":"td"}
RESULT: {"using":"css selector","value":"td"}
COMMAND: POST /session/9813251e0ae410a7418940dcaaaaf337/element/f.6D6192A7F298CA7F9ED2043BE1BC656F.d.FCF436341789D48D5EB9B01703867A94.e.5587/elements - {"using":"css selector","value":"td"}
RESULT: {"using":"css selector","value":"td"}
COMMAND: POST /session/9813251e0ae410a7418940dcaaaaf337/element/f.6D6192A7F298CA7F9ED2043BE1BC656F.d.FCF436341789D48D5EB9B01703867A94.e.5588/elements - {"using":"css selector","value":"td"}
RESULT: {"using":"css selector","value":"td"}
COMMAND: POST /session/9813251e0ae410a7418940dcaaaaf337/element/f.6D6192A7F298CA7F9ED2043BE1BC656F.d.FCF436341789D48D5EB9B01703867A94.e.5589/elements - {"using":"css selector","value":"td"}
RESULT: {"using":"css selector","value":"td"}
COMMAND: POST /session/9813251e0ae410a7418940dcaaaaf337/element/f.6D6192A7F298CA7F9ED2043BE1BC656F.d.FCF436341789D48D5EB9B01703867A94.e.5590/elements - {"using":"css selector","value":"td"}
RESULT: {"using":"css selector","value":"td"}
COMMAND: POST /session/9813251e0ae410a7418940dcaaaaf337/element/f.6D6192A7F298CA7F9ED2043BE1BC656F.d.FCF436341789D48D5EB9B01703867A94.e.5591/elements - {"using":"css selector","value":"td"}
RESULT: {"using":"css selector","value":"td"}
COMMAND: POST /session/9813251e0ae410a7418940dcaaaaf337/element/f.6D6192A7F298CA7F9ED2043BE1BC656F.d.FCF436341789D48D5EB9B01703867A94.e.5592/elements - {"using":"css selector","value":"td"}
RESULT: {"using":"css selector","value":"td"}
COMMAND: POST /session/9813251e0ae410a7418940dcaaaaf337/element/f.6D6192A7F298CA7F9ED2043BE1BC656F.d.FCF436341789D48D5EB9B01703867A94.e.5593/elements - {"using":"css selector","value":"td"}
RESULT: {"using":"css selector","value":"td"}
COMMAND: POST /session/9813251e0ae410a7418940dcaaaaf337/element/f.6D6192A7F298CA7F9ED2043BE1BC656F.d.FCF436341789D48D5EB9B01703867A94.e.5594/elements - {"using":"css selector","value":"td"}
RESULT: {"using":"css selector","value":"td"}
COMMAND: POST /session/9813251e0ae410a7418940dcaaaaf337/element/f.6D6192A7F298CA7F9ED2043BE1BC656F.d.FCF436341789D48D5EB9B01703867A94.e.5595/elements - {"using":"css selector","value":"td"}
RESULT: {"using":"css selector","value":"td"}
COMMAND: POST /session/9813251e0ae410a7418940dcaaaaf337/element/f.6D6192A7F298CA7F9ED2043BE1BC656F.d.FCF436341789D48D5EB9B01703867A94.e.5596/elements - {"using":"css selector","value":"td"}
RESULT: {"using":"css selector","value":"td"}
COMMAND: POST /session/9813251e0ae410a7418940dcaaaaf337/element/f.6D6192A7F298CA7F9ED2043BE1BC656F.d.FCF436341789D48D5EB9B01703867A94.e.5597/elements - {"using":"css selector","value":"td"}
RESULT: {"using":"css selector","value":"td"}
COMMAND: POST /session/9813251e0ae410a7418940dcaaaaf337/element/f.6D6192A7F298CA7F9ED2043BE1BC656F.d.FCF436341789D48D5EB9B01703867A94.e.5598/elements - {"using":"css selector","value":"td"}
RESULT: {"using":"css selector","value":"td"}
COMMAND: POST /session/9813251e0ae410a7418940dcaaaaf337/element/f.6D6192A7F298CA7F9ED2043BE1BC656F.d.FCF436341789D48D5EB9B01703867A94.e.5599/elements - {"using":"css selector","value":"td"}
RESULT: {"using":"css selector","value":"td"}
COMMAND: POST /session/9813251e0ae410a7418940dcaaaaf337/element/f.6D6192A7F298CA7F9ED2043BE1BC656F.d.FCF436341789D48D5EB9B01703867A94.e.5600/elements - {"using":"css selector","value":"td"}
RESULT: {"using":"css selector","value":"td"}
COMMAND: POST /session/9813251e0ae410a7418940dcaaaaf337/element/f.6D6192A7F298CA7F9ED2043BE1BC656F.d.FCF436341789D48D5EB9B01703867A94.e.5601/elements - {"using":"css selector","value":"td"}
RESULT: {"using":"css selector","value":"td"}
COMMAND: POST /session/9813251e0ae410a7418940dcaaaaf337/element/f.6D6192A7F298CA7F9ED2043BE1BC656F.d.FCF436341789D48D5EB9B01703867A94.e.5602/elements - {"using":"css selector","value":"td"}
RESULT: {"using":"css selector","value":"td"}
COMMAND: POST /session/9813251e0ae410a7418940dcaaaaf337/element/f.6D6192A7F298CA7F9ED2043BE1BC656F.d.FCF436341789D48D5EB9B01703867A94.e.5603/elements - {"using":"css selector","value":"td"}
RESULT: {"using":"css selector","value":"td"}
COMMAND: POST /session/9813251e0ae410a7418940dcaaaaf337/element/f.6D6192A7F298CA7F9ED2043BE1BC656F.d.FCF436341789D48D5EB9B01703867A94.e.5625/element - {"using":"css selector","value":"input"}
RESULT: {"using":"css selector","value":"input"}
COMMAND: GET /session/9813251e0ae410a7418940dcaaaaf337/element/f.6D6192A7F298CA7F9ED2043BE1BC656F.d.FCF436341789D48D5EB9B01703867A94.e.5608/property/value - {}
RESULT: {}
COMMAND: POST /session/9813251e0ae410a7418940dcaaaaf337/element/f.6D6192A7F298CA7F9ED2043BE1BC656F.d.FCF436341789D48D5EB9B01703867A94.e.5603/element - {"using":"css selector","value":".sapMCbBg"}
COMMAND: GET /session/9813251e0ae410a7418940dcaaaaf337/screenshot - {}
RESULT: {"using":"css selector","value":".sapMCbBg"}
COMMAND: GET /session/9813251e0ae410a7418940dcaaaaf337/element/f.6D6192A7F298CA7F9ED2043BE1BC656F.d.FCF436341789D48D5EB9B01703867A94.e.6497/selected - {}
RESULT: {}
RESULT: {}
COMMAND: POST /session/9813251e0ae410a7418940dcaaaaf337/element/f.6D6192A7F298CA7F9ED2043BE1BC656F.d.FCF436341789D48D5EB9B01703867A94.e.6497/click - {}
COMMAND: GET /session/9813251e0ae410a7418940dcaaaaf337/screenshot - {}
RESULT: {}
COMMAND: POST /session/9813251e0ae410a7418940dcaaaaf337/element/f.6D6192A7F298CA7F9ED2043BE1BC656F.d.FCF436341789D48D5EB9B01703867A94.e.5635/elements - {"using":"css selector","value":"td"}
COMMAND: GET /session/9813251e0ae410a7418940dcaaaaf337/screenshot - {}
RESULT: {}
RESULT: {}
RESULT: {"using":"css selector","value":"td"}
COMMAND: POST /session/9813251e0ae410a7418940dcaaaaf337/element/f.6D6192A7F298CA7F9ED2043BE1BC656F.d.FCF436341789D48D5EB9B01703867A94.e.5657/element - {"using":"css selector","value":"input"}
RESULT: {"using":"css selector","value":"input"}
COMMAND: GET /session/9813251e0ae410a7418940dcaaaaf337/element/f.6D6192A7F298CA7F9ED2043BE1BC656F.d.FCF436341789D48D5EB9B01703867A94.e.5640/property/value - {}
RESULT: {}
COMMAND: POST /session/9813251e0ae410a7418940dcaaaaf337/element/f.6D6192A7F298CA7F9ED2043BE1BC656F.d.FCF436341789D48D5EB9B01703867A94.e.5635/element - {"using":"css selector","value":".sapMCbBg"}
COMMAND: GET /session/9813251e0ae410a7418940dcaaaaf337/screenshot - {}
RESULT: {"using":"css selector","value":".sapMCbBg"}
COMMAND: GET /session/9813251e0ae410a7418940dcaaaaf337/element/f.6D6192A7F298CA7F9ED2043BE1BC656F.d.FCF436341789D48D5EB9B01703867A94.e.6501/selected - {}
RESULT: {}
RESULT: {}
COMMAND: POST /session/9813251e0ae410a7418940dcaaaaf337/element/f.6D6192A7F298CA7F9ED2043BE1BC656F.d.FCF436341789D48D5EB9B01703867A94.e.6501/click - {}
COMMAND: GET /session/9813251e0ae410a7418940dcaaaaf337/screenshot - {}
RESULT: {}
COMMAND: GET /session/9813251e0ae410a7418940dcaaaaf337/screenshot - {}
RESULT: {}
RESULT: {}
COMMAND: POST /session/9813251e0ae410a7418940dcaaaaf337/execute/async - {"script":"<script> [1562 bytes]","args":[{"selector":{"id":"application-manageconditionprice-display-component---dailyPrices--deleteBtn","interaction":{"idSuffix":"content"}},"wdio_ui5_key":"applicationmanageconditionprice-display-component---dailyPrices--deleteBtn"}]}
RESULT: {"script":"<script> [1562 bytes]","args":[{"selector":{"id":"application-manageconditionprice-display-component---dailyPrices--deleteBtn","interaction":{"idSuffix":"content"}},"wdio_ui5_key":"applicationmanageconditionprice-display-component---dailyPrices--deleteBtn"}]}
RESULT: undefined
COMMAND: POST /session/9813251e0ae410a7418940dcaaaaf337/element - {"using":"xpath","value":"//*[@id=\"application-manageconditionprice-display-component---dailyPrices--deleteBtn\"]"}
RESULT: {"using":"xpath","value":"//*[@id=\"application-manageconditionprice-display-component---dailyPrices--deleteBtn\"]"}
COMMAND: POST /session/9813251e0ae410a7418940dcaaaaf337/element/f.6D6192A7F298CA7F9ED2043BE1BC656F.d.FCF436341789D48D5EB9B01703867A94.e.6503/click - {}
RESULT: {}
COMMAND: POST /session/9813251e0ae410a7418940dcaaaaf337/execute/async - {"script":"<script> [1562 bytes]","args":[{"selector":{"controlType":"sap.m.Button","properties":{"text":"OK"},"searchOpenDialogs":true,"interaction":{"idSuffix":"BDI-content"}},"wdio_ui5_key":"sapm.Button{\"text\":\"OK\"}"}]}
COMMAND: GET /session/9813251e0ae410a7418940dcaaaaf337/screenshot - {}
RESULT: {"script":"<script> [1562 bytes]","args":[{"selector":{"controlType":"sap.m.Button","properties":{"text":"OK"},"searchOpenDialogs":true,"interaction":{"idSuffix":"BDI-content"}},"wdio_ui5_key":"sapm.Button{\"text\":\"OK\"}"}]}
RESULT: undefined
COMMAND: POST /session/9813251e0ae410a7418940dcaaaaf337/element - {"using":"xpath","value":"//*[@id=\"__mbox-btn-0\"]"}
RESULT: {}
RESULT: {"using":"xpath","value":"//*[@id=\"__mbox-btn-0\"]"}
COMMAND: POST /session/9813251e0ae410a7418940dcaaaaf337/element/f.6D6192A7F298CA7F9ED2043BE1BC656F.d.FCF436341789D48D5EB9B01703867A94.e.6504/click - {}
RESULT: {}
COMMAND: GET /session/9813251e0ae410a7418940dcaaaaf337/screenshot - {}
RESULT: {}
RESULT: undefined
COMMAND: POST /session/9813251e0ae410a7418940dcaaaaf337/element - {"using":"xpath","value":"//*[@id=\"__button115\"]"}
RESULT: {"using":"xpath","value":"//*[@id=\"__button115\"]"}
COMMAND: POST /session/9813251e0ae410a7418940dcaaaaf337/element/f.6D6192A7F298CA7F9ED2043BE1BC656F.d.FCF436341789D48D5EB9B01703867A94.e.5692/click - {}
RESULT: {}
COMMAND: GET /session/9813251e0ae410a7418940dcaaaaf337/screenshot - {}
RESULT: {}
COMMAND: POST /session/9813251e0ae410a7418940dcaaaaf337/elements - {"using":"css selector","value":"table tr"}
RESULT: {"using":"css selector","value":"table tr"}
COMMAND: POST /session/9813251e0ae410a7418940dcaaaaf337/element/f.6D6192A7F298CA7F9ED2043BE1BC656F.d.FCF436341789D48D5EB9B01703867A94.e.5407/elements - {"using":"css selector","value":"td"}
RESULT: {"using":"css selector","value":"td"}
COMMAND: POST /session/9813251e0ae410a7418940dcaaaaf337/element/f.6D6192A7F298CA7F9ED2043BE1BC656F.d.FCF436341789D48D5EB9B01703867A94.e.5408/elements - {"using":"css selector","value":"td"}
RESULT: {"using":"css selector","value":"td"}
COMMAND: POST /session/9813251e0ae410a7418940dcaaaaf337/element/f.6D6192A7F298CA7F9ED2043BE1BC656F.d.FCF436341789D48D5EB9B01703867A94.e.5409/elements - {"using":"css selector","value":"td"}
RESULT: {"using":"css selector","value":"td"}
COMMAND: POST /session/9813251e0ae410a7418940dcaaaaf337/element/f.6D6192A7F298CA7F9ED2043BE1BC656F.d.FCF436341789D48D5EB9B01703867A94.e.5353/elements - {"using":"css selector","value":"td"}
RESULT: {"using":"css selector","value":"td"}
COMMAND: POST /session/9813251e0ae410a7418940dcaaaaf337/element/f.6D6192A7F298CA7F9ED2043BE1BC656F.d.FCF436341789D48D5EB9B01703867A94.e.5354/elements - {"using":"css selector","value":"td"}
RESULT: {"using":"css selector","value":"td"}
COMMAND: POST /session/9813251e0ae410a7418940dcaaaaf337/element/f.6D6192A7F298CA7F9ED2043BE1BC656F.d.FCF436341789D48D5EB9B01703867A94.e.5360/elements - {"using":"css selector","value":"td"}
RESULT: {"using":"css selector","value":"td"}
COMMAND: POST /session/9813251e0ae410a7418940dcaaaaf337/element/f.6D6192A7F298CA7F9ED2043BE1BC656F.d.FCF436341789D48D5EB9B01703867A94.e.5361/elements - {"using":"css selector","value":"td"}
RESULT: {"using":"css selector","value":"td"}
COMMAND: POST /session/9813251e0ae410a7418940dcaaaaf337/element/f.6D6192A7F298CA7F9ED2043BE1BC656F.d.FCF436341789D48D5EB9B01703867A94.e.5317/elements - {"using":"css selector","value":"td"}
RESULT: {"using":"css selector","value":"td"}
COMMAND: POST /session/9813251e0ae410a7418940dcaaaaf337/element/f.6D6192A7F298CA7F9ED2043BE1BC656F.d.FCF436341789D48D5EB9B01703867A94.e.5318/elements - {"using":"css selector","value":"td"}
RESULT: {"using":"css selector","value":"td"}
COMMAND: POST /session/9813251e0ae410a7418940dcaaaaf337/element/f.6D6192A7F298CA7F9ED2043BE1BC656F.d.FCF436341789D48D5EB9B01703867A94.e.5326/elements - {"using":"css selector","value":"td"}
RESULT: {"using":"css selector","value":"td"}
COMMAND: POST /session/9813251e0ae410a7418940dcaaaaf337/element/f.6D6192A7F298CA7F9ED2043BE1BC656F.d.FCF436341789D48D5EB9B01703867A94.e.5410/elements - {"using":"css selector","value":"td"}
RESULT: {"using":"css selector","value":"td"}
COMMAND: POST /session/9813251e0ae410a7418940dcaaaaf337/element/f.6D6192A7F298CA7F9ED2043BE1BC656F.d.FCF436341789D48D5EB9B01703867A94.e.5411/elements - {"using":"css selector","value":"td"}
RESULT: {"using":"css selector","value":"td"}
COMMAND: POST /session/9813251e0ae410a7418940dcaaaaf337/element/f.6D6192A7F298CA7F9ED2043BE1BC656F.d.FCF436341789D48D5EB9B01703867A94.e.5412/elements - {"using":"css selector","value":"td"}
RESULT: {"using":"css selector","value":"td"}
COMMAND: POST /session/9813251e0ae410a7418940dcaaaaf337/element/f.6D6192A7F298CA7F9ED2043BE1BC656F.d.FCF436341789D48D5EB9B01703867A94.e.5413/elements - {"using":"css selector","value":"td"}
RESULT: {"using":"css selector","value":"td"}
COMMAND: POST /session/9813251e0ae410a7418940dcaaaaf337/element/f.6D6192A7F298CA7F9ED2043BE1BC656F.d.FCF436341789D48D5EB9B01703867A94.e.5414/elements - {"using":"css selector","value":"td"}
RESULT: {"using":"css selector","value":"td"}
COMMAND: POST /session/9813251e0ae410a7418940dcaaaaf337/element/f.6D6192A7F298CA7F9ED2043BE1BC656F.d.FCF436341789D48D5EB9B01703867A94.e.5415/elements - {"using":"css selector","value":"td"}
RESULT: {"using":"css selector","value":"td"}
COMMAND: POST /session/9813251e0ae410a7418940dcaaaaf337/element/f.6D6192A7F298CA7F9ED2043BE1BC656F.d.FCF436341789D48D5EB9B01703867A94.e.5416/elements - {"using":"css selector","value":"td"}
RESULT: {"using":"css selector","value":"td"}
COMMAND: POST /session/9813251e0ae410a7418940dcaaaaf337/element/f.6D6192A7F298CA7F9ED2043BE1BC656F.d.FCF436341789D48D5EB9B01703867A94.e.5417/elements - {"using":"css selector","value":"td"}
RESULT: {"using":"css selector","value":"td"}
COMMAND: POST /session/9813251e0ae410a7418940dcaaaaf337/element/f.6D6192A7F298CA7F9ED2043BE1BC656F.d.FCF436341789D48D5EB9B01703867A94.e.5418/elements - {"using":"css selector","value":"td"}
RESULT: {"using":"css selector","value":"td"}
COMMAND: POST /session/9813251e0ae410a7418940dcaaaaf337/element/f.6D6192A7F298CA7F9ED2043BE1BC656F.d.FCF436341789D48D5EB9B01703867A94.e.5419/elements - {"using":"css selector","value":"td"}
RESULT: {"using":"css selector","value":"td"}
COMMAND: POST /session/9813251e0ae410a7418940dcaaaaf337/element/f.6D6192A7F298CA7F9ED2043BE1BC656F.d.FCF436341789D48D5EB9B01703867A94.e.5420/elements - {"using":"css selector","value":"td"}
RESULT: {"using":"css selector","value":"td"}
COMMAND: POST /session/9813251e0ae410a7418940dcaaaaf337/element/f.6D6192A7F298CA7F9ED2043BE1BC656F.d.FCF436341789D48D5EB9B01703867A94.e.5421/elements - {"using":"css selector","value":"td"}
RESULT: {"using":"css selector","value":"td"}
COMMAND: POST /session/9813251e0ae410a7418940dcaaaaf337/element/f.6D6192A7F298CA7F9ED2043BE1BC656F.d.FCF436341789D48D5EB9B01703867A94.e.5422/elements - {"using":"css selector","value":"td"}
RESULT: {"using":"css selector","value":"td"}
COMMAND: POST /session/9813251e0ae410a7418940dcaaaaf337/element/f.6D6192A7F298CA7F9ED2043BE1BC656F.d.FCF436341789D48D5EB9B01703867A94.e.5423/elements - {"using":"css selector","value":"td"}
RESULT: {"using":"css selector","value":"td"}
COMMAND: POST /session/9813251e0ae410a7418940dcaaaaf337/element/f.6D6192A7F298CA7F9ED2043BE1BC656F.d.FCF436341789D48D5EB9B01703867A94.e.5424/elements - {"using":"css selector","value":"td"}
RESULT: {"using":"css selector","value":"td"}
COMMAND: POST /session/9813251e0ae410a7418940dcaaaaf337/element/f.6D6192A7F298CA7F9ED2043BE1BC656F.d.FCF436341789D48D5EB9B01703867A94.e.5425/elements - {"using":"css selector","value":"td"}
RESULT: {"using":"css selector","value":"td"}
COMMAND: POST /session/9813251e0ae410a7418940dcaaaaf337/element/f.6D6192A7F298CA7F9ED2043BE1BC656F.d.FCF436341789D48D5EB9B01703867A94.e.5426/elements - {"using":"css selector","value":"td"}
RESULT: {"using":"css selector","value":"td"}
COMMAND: POST /session/9813251e0ae410a7418940dcaaaaf337/element/f.6D6192A7F298CA7F9ED2043BE1BC656F.d.FCF436341789D48D5EB9B01703867A94.e.5427/elements - {"using":"css selector","value":"td"}
RESULT: {"using":"css selector","value":"td"}
COMMAND: POST /session/9813251e0ae410a7418940dcaaaaf337/element/f.6D6192A7F298CA7F9ED2043BE1BC656F.d.FCF436341789D48D5EB9B01703867A94.e.5428/elements - {"using":"css selector","value":"td"}
RESULT: {"using":"css selector","value":"td"}
COMMAND: POST /session/9813251e0ae410a7418940dcaaaaf337/element/f.6D6192A7F298CA7F9ED2043BE1BC656F.d.FCF436341789D48D5EB9B01703867A94.e.5429/elements - {"using":"css selector","value":"td"}
RESULT: {"using":"css selector","value":"td"}
COMMAND: POST /session/9813251e0ae410a7418940dcaaaaf337/element/f.6D6192A7F298CA7F9ED2043BE1BC656F.d.FCF436341789D48D5EB9B01703867A94.e.5430/elements - {"using":"css selector","value":"td"}
RESULT: {"using":"css selector","value":"td"}
COMMAND: POST /session/9813251e0ae410a7418940dcaaaaf337/element/f.6D6192A7F298CA7F9ED2043BE1BC656F.d.FCF436341789D48D5EB9B01703867A94.e.5431/elements - {"using":"css selector","value":"td"}
RESULT: {"using":"css selector","value":"td"}
COMMAND: POST /session/9813251e0ae410a7418940dcaaaaf337/element/f.6D6192A7F298CA7F9ED2043BE1BC656F.d.FCF436341789D48D5EB9B01703867A94.e.5432/elements - {"using":"css selector","value":"td"}
RESULT: {"using":"css selector","value":"td"}
COMMAND: POST /session/9813251e0ae410a7418940dcaaaaf337/element/f.6D6192A7F298CA7F9ED2043BE1BC656F.d.FCF436341789D48D5EB9B01703867A94.e.5433/elements - {"using":"css selector","value":"td"}
RESULT: {"using":"css selector","value":"td"}
COMMAND: POST /session/9813251e0ae410a7418940dcaaaaf337/element/f.6D6192A7F298CA7F9ED2043BE1BC656F.d.FCF436341789D48D5EB9B01703867A94.e.5434/elements - {"using":"css selector","value":"td"}
RESULT: {"using":"css selector","value":"td"}
COMMAND: POST /session/9813251e0ae410a7418940dcaaaaf337/element/f.6D6192A7F298CA7F9ED2043BE1BC656F.d.FCF436341789D48D5EB9B01703867A94.e.5435/elements - {"using":"css selector","value":"td"}
RESULT: {"using":"css selector","value":"td"}
COMMAND: POST /session/9813251e0ae410a7418940dcaaaaf337/element/f.6D6192A7F298CA7F9ED2043BE1BC656F.d.FCF436341789D48D5EB9B01703867A94.e.5436/elements - {"using":"css selector","value":"td"}
RESULT: {"using":"css selector","value":"td"}
COMMAND: POST /session/9813251e0ae410a7418940dcaaaaf337/element/f.6D6192A7F298CA7F9ED2043BE1BC656F.d.FCF436341789D48D5EB9B01703867A94.e.5437/elements - {"using":"css selector","value":"td"}
RESULT: {"using":"css selector","value":"td"}
COMMAND: POST /session/9813251e0ae410a7418940dcaaaaf337/element/f.6D6192A7F298CA7F9ED2043BE1BC656F.d.FCF436341789D48D5EB9B01703867A94.e.5438/elements - {"using":"css selector","value":"td"}
RESULT: {"using":"css selector","value":"td"}
COMMAND: POST /session/9813251e0ae410a7418940dcaaaaf337/element/f.6D6192A7F298CA7F9ED2043BE1BC656F.d.FCF436341789D48D5EB9B01703867A94.e.5439/elements - {"using":"css selector","value":"td"}
RESULT: {"using":"css selector","value":"td"}
COMMAND: POST /session/9813251e0ae410a7418940dcaaaaf337/element/f.6D6192A7F298CA7F9ED2043BE1BC656F.d.FCF436341789D48D5EB9B01703867A94.e.5440/elements - {"using":"css selector","value":"td"}
RESULT: {"using":"css selector","value":"td"}
COMMAND: POST /session/9813251e0ae410a7418940dcaaaaf337/element/f.6D6192A7F298CA7F9ED2043BE1BC656F.d.FCF436341789D48D5EB9B01703867A94.e.5441/elements - {"using":"css selector","value":"td"}
RESULT: {"using":"css selector","value":"td"}
COMMAND: POST /session/9813251e0ae410a7418940dcaaaaf337/element/f.6D6192A7F298CA7F9ED2043BE1BC656F.d.FCF436341789D48D5EB9B01703867A94.e.5442/elements - {"using":"css selector","value":"td"}
RESULT: {"using":"css selector","value":"td"}
COMMAND: POST /session/9813251e0ae410a7418940dcaaaaf337/element/f.6D6192A7F298CA7F9ED2043BE1BC656F.d.FCF436341789D48D5EB9B01703867A94.e.5443/elements - {"using":"css selector","value":"td"}
RESULT: {"using":"css selector","value":"td"}
COMMAND: POST /session/9813251e0ae410a7418940dcaaaaf337/element/f.6D6192A7F298CA7F9ED2043BE1BC656F.d.FCF436341789D48D5EB9B01703867A94.e.5444/elements - {"using":"css selector","value":"td"}
RESULT: {"using":"css selector","value":"td"}
COMMAND: POST /session/9813251e0ae410a7418940dcaaaaf337/element/f.6D6192A7F298CA7F9ED2043BE1BC656F.d.FCF436341789D48D5EB9B01703867A94.e.5445/elements - {"using":"css selector","value":"td"}
RESULT: {"using":"css selector","value":"td"}
COMMAND: POST /session/9813251e0ae410a7418940dcaaaaf337/element/f.6D6192A7F298CA7F9ED2043BE1BC656F.d.FCF436341789D48D5EB9B01703867A94.e.5446/elements - {"using":"css selector","value":"td"}
RESULT: {"using":"css selector","value":"td"}
COMMAND: POST /session/9813251e0ae410a7418940dcaaaaf337/element/f.6D6192A7F298CA7F9ED2043BE1BC656F.d.FCF436341789D48D5EB9B01703867A94.e.5447/elements - {"using":"css selector","value":"td"}
RESULT: {"using":"css selector","value":"td"}
COMMAND: POST /session/9813251e0ae410a7418940dcaaaaf337/element/f.6D6192A7F298CA7F9ED2043BE1BC656F.d.FCF436341789D48D5EB9B01703867A94.e.5448/elements - {"using":"css selector","value":"td"}
RESULT: {"using":"css selector","value":"td"}
COMMAND: POST /session/9813251e0ae410a7418940dcaaaaf337/element/f.6D6192A7F298CA7F9ED2043BE1BC656F.d.FCF436341789D48D5EB9B01703867A94.e.5449/elements - {"using":"css selector","value":"td"}
RESULT: {"using":"css selector","value":"td"}
COMMAND: POST /session/9813251e0ae410a7418940dcaaaaf337/element/f.6D6192A7F298CA7F9ED2043BE1BC656F.d.FCF436341789D48D5EB9B01703867A94.e.5450/elements - {"using":"css selector","value":"td"}
RESULT: {"using":"css selector","value":"td"}
COMMAND: POST /session/9813251e0ae410a7418940dcaaaaf337/element/f.6D6192A7F298CA7F9ED2043BE1BC656F.d.FCF436341789D48D5EB9B01703867A94.e.5451/elements - {"using":"css selector","value":"td"}
RESULT: {"using":"css selector","value":"td"}
COMMAND: POST /session/9813251e0ae410a7418940dcaaaaf337/element/f.6D6192A7F298CA7F9ED2043BE1BC656F.d.FCF436341789D48D5EB9B01703867A94.e.5452/elements - {"using":"css selector","value":"td"}
RESULT: {"using":"css selector","value":"td"}
COMMAND: POST /session/9813251e0ae410a7418940dcaaaaf337/element/f.6D6192A7F298CA7F9ED2043BE1BC656F.d.FCF436341789D48D5EB9B01703867A94.e.5453/elements - {"using":"css selector","value":"td"}
RESULT: {"using":"css selector","value":"td"}
COMMAND: POST /session/9813251e0ae410a7418940dcaaaaf337/element/f.6D6192A7F298CA7F9ED2043BE1BC656F.d.FCF436341789D48D5EB9B01703867A94.e.5454/elements - {"using":"css selector","value":"td"}
RESULT: {"using":"css selector","value":"td"}
COMMAND: POST /session/9813251e0ae410a7418940dcaaaaf337/element/f.6D6192A7F298CA7F9ED2043BE1BC656F.d.FCF436341789D48D5EB9B01703867A94.e.5455/elements - {"using":"css selector","value":"td"}
RESULT: {"using":"css selector","value":"td"}
COMMAND: POST /session/9813251e0ae410a7418940dcaaaaf337/element/f.6D6192A7F298CA7F9ED2043BE1BC656F.d.FCF436341789D48D5EB9B01703867A94.e.5456/elements - {"using":"css selector","value":"td"}
RESULT: {"using":"css selector","value":"td"}
COMMAND: POST /session/9813251e0ae410a7418940dcaaaaf337/element/f.6D6192A7F298CA7F9ED2043BE1BC656F.d.FCF436341789D48D5EB9B01703867A94.e.5457/elements - {"using":"css selector","value":"td"}
RESULT: {"using":"css selector","value":"td"}
COMMAND: POST /session/9813251e0ae410a7418940dcaaaaf337/element/f.6D6192A7F298CA7F9ED2043BE1BC656F.d.FCF436341789D48D5EB9B01703867A94.e.5458/elements - {"using":"css selector","value":"td"}
RESULT: {"using":"css selector","value":"td"}
COMMAND: POST /session/9813251e0ae410a7418940dcaaaaf337/element/f.6D6192A7F298CA7F9ED2043BE1BC656F.d.FCF436341789D48D5EB9B01703867A94.e.5459/elements - {"using":"css selector","value":"td"}
RESULT: {"using":"css selector","value":"td"}
COMMAND: POST /session/9813251e0ae410a7418940dcaaaaf337/element/f.6D6192A7F298CA7F9ED2043BE1BC656F.d.FCF436341789D48D5EB9B01703867A94.e.5460/elements - {"using":"css selector","value":"td"}
RESULT: {"using":"css selector","value":"td"}
COMMAND: POST /session/9813251e0ae410a7418940dcaaaaf337/element/f.6D6192A7F298CA7F9ED2043BE1BC656F.d.FCF436341789D48D5EB9B01703867A94.e.5461/elements - {"using":"css selector","value":"td"}
RESULT: {"using":"css selector","value":"td"}
COMMAND: POST /session/9813251e0ae410a7418940dcaaaaf337/element/f.6D6192A7F298CA7F9ED2043BE1BC656F.d.FCF436341789D48D5EB9B01703867A94.e.5462/elements - {"using":"css selector","value":"td"}
RESULT: {"using":"css selector","value":"td"}
COMMAND: POST /session/9813251e0ae410a7418940dcaaaaf337/element/f.6D6192A7F298CA7F9ED2043BE1BC656F.d.FCF436341789D48D5EB9B01703867A94.e.5463/elements - {"using":"css selector","value":"td"}
RESULT: {"using":"css selector","value":"td"}
COMMAND: POST /session/9813251e0ae410a7418940dcaaaaf337/element/f.6D6192A7F298CA7F9ED2043BE1BC656F.d.FCF436341789D48D5EB9B01703867A94.e.5464/elements - {"using":"css selector","value":"td"}
RESULT: {"using":"css selector","value":"td"}
COMMAND: POST /session/9813251e0ae410a7418940dcaaaaf337/element/f.6D6192A7F298CA7F9ED2043BE1BC656F.d.FCF436341789D48D5EB9B01703867A94.e.5465/elements - {"using":"css selector","value":"td"}
RESULT: {"using":"css selector","value":"td"}
COMMAND: POST /session/9813251e0ae410a7418940dcaaaaf337/element/f.6D6192A7F298CA7F9ED2043BE1BC656F.d.FCF436341789D48D5EB9B01703867A94.e.5466/elements - {"using":"css selector","value":"td"}
RESULT: {"using":"css selector","value":"td"}
COMMAND: POST /session/9813251e0ae410a7418940dcaaaaf337/element/f.6D6192A7F298CA7F9ED2043BE1BC656F.d.FCF436341789D48D5EB9B01703867A94.e.5467/elements - {"using":"css selector","value":"td"}
RESULT: {"using":"css selector","value":"td"}
COMMAND: POST /session/9813251e0ae410a7418940dcaaaaf337/element/f.6D6192A7F298CA7F9ED2043BE1BC656F.d.FCF436341789D48D5EB9B01703867A94.e.5468/elements - {"using":"css selector","value":"td"}
RESULT: {"using":"css selector","value":"td"}
COMMAND: POST /session/9813251e0ae410a7418940dcaaaaf337/element/f.6D6192A7F298CA7F9ED2043BE1BC656F.d.FCF436341789D48D5EB9B01703867A94.e.5469/elements - {"using":"css selector","value":"td"}
RESULT: {"using":"css selector","value":"td"}
COMMAND: POST /session/9813251e0ae410a7418940dcaaaaf337/element/f.6D6192A7F298CA7F9ED2043BE1BC656F.d.FCF436341789D48D5EB9B01703867A94.e.5470/elements - {"using":"css selector","value":"td"}
RESULT: {"using":"css selector","value":"td"}
COMMAND: POST /session/9813251e0ae410a7418940dcaaaaf337/element/f.6D6192A7F298CA7F9ED2043BE1BC656F.d.FCF436341789D48D5EB9B01703867A94.e.5471/elements - {"using":"css selector","value":"td"}
RESULT: {"using":"css selector","value":"td"}
COMMAND: POST /session/9813251e0ae410a7418940dcaaaaf337/element/f.6D6192A7F298CA7F9ED2043BE1BC656F.d.FCF436341789D48D5EB9B01703867A94.e.5472/elements - {"using":"css selector","value":"td"}
RESULT: {"using":"css selector","value":"td"}
COMMAND: POST /session/9813251e0ae410a7418940dcaaaaf337/element/f.6D6192A7F298CA7F9ED2043BE1BC656F.d.FCF436341789D48D5EB9B01703867A94.e.5473/elements - {"using":"css selector","value":"td"}
RESULT: {"using":"css selector","value":"td"}
COMMAND: POST /session/9813251e0ae410a7418940dcaaaaf337/element/f.6D6192A7F298CA7F9ED2043BE1BC656F.d.FCF436341789D48D5EB9B01703867A94.e.5474/elements - {"using":"css selector","value":"td"}
RESULT: {"using":"css selector","value":"td"}
COMMAND: POST /session/9813251e0ae410a7418940dcaaaaf337/element/f.6D6192A7F298CA7F9ED2043BE1BC656F.d.FCF436341789D48D5EB9B01703867A94.e.5475/elements - {"using":"css selector","value":"td"}
RESULT: {"using":"css selector","value":"td"}
COMMAND: POST /session/9813251e0ae410a7418940dcaaaaf337/element/f.6D6192A7F298CA7F9ED2043BE1BC656F.d.FCF436341789D48D5EB9B01703867A94.e.5476/elements - {"using":"css selector","value":"td"}
RESULT: {"using":"css selector","value":"td"}
COMMAND: POST /session/9813251e0ae410a7418940dcaaaaf337/element/f.6D6192A7F298CA7F9ED2043BE1BC656F.d.FCF436341789D48D5EB9B01703867A94.e.5477/elements - {"using":"css selector","value":"td"}
RESULT: {"using":"css selector","value":"td"}
COMMAND: POST /session/9813251e0ae410a7418940dcaaaaf337/element/f.6D6192A7F298CA7F9ED2043BE1BC656F.d.FCF436341789D48D5EB9B01703867A94.e.5478/elements - {"using":"css selector","value":"td"}
RESULT: {"using":"css selector","value":"td"}
COMMAND: POST /session/9813251e0ae410a7418940dcaaaaf337/element/f.6D6192A7F298CA7F9ED2043BE1BC656F.d.FCF436341789D48D5EB9B01703867A94.e.5479/elements - {"using":"css selector","value":"td"}
RESULT: {"using":"css selector","value":"td"}
COMMAND: POST /session/9813251e0ae410a7418940dcaaaaf337/element/f.6D6192A7F298CA7F9ED2043BE1BC656F.d.FCF436341789D48D5EB9B01703867A94.e.5480/elements - {"using":"css selector","value":"td"}
RESULT: {"using":"css selector","value":"td"}
COMMAND: POST /session/9813251e0ae410a7418940dcaaaaf337/element/f.6D6192A7F298CA7F9ED2043BE1BC656F.d.FCF436341789D48D5EB9B01703867A94.e.5481/elements - {"using":"css selector","value":"td"}
RESULT: {"using":"css selector","value":"td"}
COMMAND: POST /session/9813251e0ae410a7418940dcaaaaf337/element/f.6D6192A7F298CA7F9ED2043BE1BC656F.d.FCF436341789D48D5EB9B01703867A94.e.5482/elements - {"using":"css selector","value":"td"}
RESULT: {"using":"css selector","value":"td"}
COMMAND: POST /session/9813251e0ae410a7418940dcaaaaf337/element/f.6D6192A7F298CA7F9ED2043BE1BC656F.d.FCF436341789D48D5EB9B01703867A94.e.5483/elements - {"using":"css selector","value":"td"}
RESULT: {"using":"css selector","value":"td"}
COMMAND: POST /session/9813251e0ae410a7418940dcaaaaf337/element/f.6D6192A7F298CA7F9ED2043BE1BC656F.d.FCF436341789D48D5EB9B01703867A94.e.5484/elements - {"using":"css selector","value":"td"}
RESULT: {"using":"css selector","value":"td"}
COMMAND: POST /session/9813251e0ae410a7418940dcaaaaf337/element/f.6D6192A7F298CA7F9ED2043BE1BC656F.d.FCF436341789D48D5EB9B01703867A94.e.5485/elements - {"using":"css selector","value":"td"}
RESULT: {"using":"css selector","value":"td"}
COMMAND: POST /session/9813251e0ae410a7418940dcaaaaf337/element/f.6D6192A7F298CA7F9ED2043BE1BC656F.d.FCF436341789D48D5EB9B01703867A94.e.5486/elements - {"using":"css selector","value":"td"}
RESULT: {"using":"css selector","value":"td"}
COMMAND: POST /session/9813251e0ae410a7418940dcaaaaf337/element/f.6D6192A7F298CA7F9ED2043BE1BC656F.d.FCF436341789D48D5EB9B01703867A94.e.5487/elements - {"using":"css selector","value":"td"}
RESULT: {"using":"css selector","value":"td"}
COMMAND: POST /session/9813251e0ae410a7418940dcaaaaf337/element/f.6D6192A7F298CA7F9ED2043BE1BC656F.d.FCF436341789D48D5EB9B01703867A94.e.5488/elements - {"using":"css selector","value":"td"}
RESULT: {"using":"css selector","value":"td"}
COMMAND: POST /session/9813251e0ae410a7418940dcaaaaf337/element/f.6D6192A7F298CA7F9ED2043BE1BC656F.d.FCF436341789D48D5EB9B01703867A94.e.5489/elements - {"using":"css selector","value":"td"}
RESULT: {"using":"css selector","value":"td"}
COMMAND: POST /session/9813251e0ae410a7418940dcaaaaf337/element/f.6D6192A7F298CA7F9ED2043BE1BC656F.d.FCF436341789D48D5EB9B01703867A94.e.5490/elements - {"using":"css selector","value":"td"}
RESULT: {"using":"css selector","value":"td"}
COMMAND: POST /session/9813251e0ae410a7418940dcaaaaf337/element/f.6D6192A7F298CA7F9ED2043BE1BC656F.d.FCF436341789D48D5EB9B01703867A94.e.5491/elements - {"using":"css selector","value":"td"}
RESULT: {"using":"css selector","value":"td"}
COMMAND: POST /session/9813251e0ae410a7418940dcaaaaf337/element/f.6D6192A7F298CA7F9ED2043BE1BC656F.d.FCF436341789D48D5EB9B01703867A94.e.5492/elements - {"using":"css selector","value":"td"}
RESULT: {"using":"css selector","value":"td"}
COMMAND: POST /session/9813251e0ae410a7418940dcaaaaf337/element/f.6D6192A7F298CA7F9ED2043BE1BC656F.d.FCF436341789D48D5EB9B01703867A94.e.5493/elements - {"using":"css selector","value":"td"}
RESULT: {"using":"css selector","value":"td"}
COMMAND: POST /session/9813251e0ae410a7418940dcaaaaf337/element/f.6D6192A7F298CA7F9ED2043BE1BC656F.d.FCF436341789D48D5EB9B01703867A94.e.5494/elements - {"using":"css selector","value":"td"}
RESULT: {"using":"css selector","value":"td"}
COMMAND: POST /session/9813251e0ae410a7418940dcaaaaf337/element/f.6D6192A7F298CA7F9ED2043BE1BC656F.d.FCF436341789D48D5EB9B01703867A94.e.5495/elements - {"using":"css selector","value":"td"}
RESULT: {"using":"css selector","value":"td"}
COMMAND: POST /session/9813251e0ae410a7418940dcaaaaf337/element/f.6D6192A7F298CA7F9ED2043BE1BC656F.d.FCF436341789D48D5EB9B01703867A94.e.5496/elements - {"using":"css selector","value":"td"}
RESULT: {"using":"css selector","value":"td"}
COMMAND: POST /session/9813251e0ae410a7418940dcaaaaf337/element/f.6D6192A7F298CA7F9ED2043BE1BC656F.d.FCF436341789D48D5EB9B01703867A94.e.5497/elements - {"using":"css selector","value":"td"}
RESULT: {"using":"css selector","value":"td"}
COMMAND: POST /session/9813251e0ae410a7418940dcaaaaf337/element/f.6D6192A7F298CA7F9ED2043BE1BC656F.d.FCF436341789D48D5EB9B01703867A94.e.5498/elements - {"using":"css selector","value":"td"}
RESULT: {"using":"css selector","value":"td"}
COMMAND: POST /session/9813251e0ae410a7418940dcaaaaf337/element/f.6D6192A7F298CA7F9ED2043BE1BC656F.d.FCF436341789D48D5EB9B01703867A94.e.5499/elements - {"using":"css selector","value":"td"}
RESULT: {"using":"css selector","value":"td"}
COMMAND: POST /session/9813251e0ae410a7418940dcaaaaf337/element/f.6D6192A7F298CA7F9ED2043BE1BC656F.d.FCF436341789D48D5EB9B01703867A94.e.5500/elements - {"using":"css selector","value":"td"}
RESULT: {"using":"css selector","value":"td"}
COMMAND: POST /session/9813251e0ae410a7418940dcaaaaf337/element/f.6D6192A7F298CA7F9ED2043BE1BC656F.d.FCF436341789D48D5EB9B01703867A94.e.5501/elements - {"using":"css selector","value":"td"}
RESULT: {"using":"css selector","value":"td"}
COMMAND: POST /session/9813251e0ae410a7418940dcaaaaf337/element/f.6D6192A7F298CA7F9ED2043BE1BC656F.d.FCF436341789D48D5EB9B01703867A94.e.5502/elements - {"using":"css selector","value":"td"}
RESULT: {"using":"css selector","value":"td"}
COMMAND: POST /session/9813251e0ae410a7418940dcaaaaf337/element/f.6D6192A7F298CA7F9ED2043BE1BC656F.d.FCF436341789D48D5EB9B01703867A94.e.5503/elements - {"using":"css selector","value":"td"}
RESULT: {"using":"css selector","value":"td"}
COMMAND: POST /session/9813251e0ae410a7418940dcaaaaf337/element/f.6D6192A7F298CA7F9ED2043BE1BC656F.d.FCF436341789D48D5EB9B01703867A94.e.5504/elements - {"using":"css selector","value":"td"}
RESULT: {"using":"css selector","value":"td"}
COMMAND: POST /session/9813251e0ae410a7418940dcaaaaf337/element/f.6D6192A7F298CA7F9ED2043BE1BC656F.d.FCF436341789D48D5EB9B01703867A94.e.5505/elements - {"using":"css selector","value":"td"}
RESULT: {"using":"css selector","value":"td"}
COMMAND: POST /session/9813251e0ae410a7418940dcaaaaf337/element/f.6D6192A7F298CA7F9ED2043BE1BC656F.d.FCF436341789D48D5EB9B01703867A94.e.5506/elements - {"using":"css selector","value":"td"}
RESULT: {"using":"css selector","value":"td"}
COMMAND: POST /session/9813251e0ae410a7418940dcaaaaf337/element/f.6D6192A7F298CA7F9ED2043BE1BC656F.d.FCF436341789D48D5EB9B01703867A94.e.5507/elements - {"using":"css selector","value":"td"}
RESULT: {"using":"css selector","value":"td"}
COMMAND: POST /session/9813251e0ae410a7418940dcaaaaf337/element/f.6D6192A7F298CA7F9ED2043BE1BC656F.d.FCF436341789D48D5EB9B01703867A94.e.5508/elements - {"using":"css selector","value":"td"}
RESULT: {"using":"css selector","value":"td"}
COMMAND: POST /session/9813251e0ae410a7418940dcaaaaf337/element/f.6D6192A7F298CA7F9ED2043BE1BC656F.d.FCF436341789D48D5EB9B01703867A94.e.5509/elements - {"using":"css selector","value":"td"}
RESULT: {"using":"css selector","value":"td"}
COMMAND: POST /session/9813251e0ae410a7418940dcaaaaf337/element/f.6D6192A7F298CA7F9ED2043BE1BC656F.d.FCF436341789D48D5EB9B01703867A94.e.5510/elements - {"using":"css selector","value":"td"}
RESULT: {"using":"css selector","value":"td"}
COMMAND: POST /session/9813251e0ae410a7418940dcaaaaf337/element/f.6D6192A7F298CA7F9ED2043BE1BC656F.d.FCF436341789D48D5EB9B01703867A94.e.5511/elements - {"using":"css selector","value":"td"}
RESULT: {"using":"css selector","value":"td"}
COMMAND: POST /session/9813251e0ae410a7418940dcaaaaf337/element/f.6D6192A7F298CA7F9ED2043BE1BC656F.d.FCF436341789D48D5EB9B01703867A94.e.5512/elements - {"using":"css selector","value":"td"}
RESULT: {"using":"css selector","value":"td"}
COMMAND: POST /session/9813251e0ae410a7418940dcaaaaf337/element/f.6D6192A7F298CA7F9ED2043BE1BC656F.d.FCF436341789D48D5EB9B01703867A94.e.5513/elements - {"using":"css selector","value":"td"}
RESULT: {"using":"css selector","value":"td"}
COMMAND: POST /session/9813251e0ae410a7418940dcaaaaf337/element/f.6D6192A7F298CA7F9ED2043BE1BC656F.d.FCF436341789D48D5EB9B01703867A94.e.5514/elements - {"using":"css selector","value":"td"}
RESULT: {"using":"css selector","value":"td"}
COMMAND: POST /session/9813251e0ae410a7418940dcaaaaf337/element/f.6D6192A7F298CA7F9ED2043BE1BC656F.d.FCF436341789D48D5EB9B01703867A94.e.5515/elements - {"using":"css selector","value":"td"}
RESULT: {"using":"css selector","value":"td"}
COMMAND: POST /session/9813251e0ae410a7418940dcaaaaf337/element/f.6D6192A7F298CA7F9ED2043BE1BC656F.d.FCF436341789D48D5EB9B01703867A94.e.5516/elements - {"using":"css selector","value":"td"}
RESULT: {"using":"css selector","value":"td"}
COMMAND: POST /session/9813251e0ae410a7418940dcaaaaf337/element/f.6D6192A7F298CA7F9ED2043BE1BC656F.d.FCF436341789D48D5EB9B01703867A94.e.5517/elements - {"using":"css selector","value":"td"}
RESULT: {"using":"css selector","value":"td"}
COMMAND: POST /session/9813251e0ae410a7418940dcaaaaf337/element/f.6D6192A7F298CA7F9ED2043BE1BC656F.d.FCF436341789D48D5EB9B01703867A94.e.5518/elements - {"using":"css selector","value":"td"}
RESULT: {"using":"css selector","value":"td"}
COMMAND: POST /session/9813251e0ae410a7418940dcaaaaf337/element/f.6D6192A7F298CA7F9ED2043BE1BC656F.d.FCF436341789D48D5EB9B01703867A94.e.5519/elements - {"using":"css selector","value":"td"}
RESULT: {"using":"css selector","value":"td"}
COMMAND: POST /session/9813251e0ae410a7418940dcaaaaf337/element/f.6D6192A7F298CA7F9ED2043BE1BC656F.d.FCF436341789D48D5EB9B01703867A94.e.5520/elements - {"using":"css selector","value":"td"}
RESULT: {"using":"css selector","value":"td"}
COMMAND: POST /session/9813251e0ae410a7418940dcaaaaf337/element/f.6D6192A7F298CA7F9ED2043BE1BC656F.d.FCF436341789D48D5EB9B01703867A94.e.5521/elements - {"using":"css selector","value":"td"}
RESULT: {"using":"css selector","value":"td"}
COMMAND: POST /session/9813251e0ae410a7418940dcaaaaf337/element/f.6D6192A7F298CA7F9ED2043BE1BC656F.d.FCF436341789D48D5EB9B01703867A94.e.5522/elements - {"using":"css selector","value":"td"}
RESULT: {"using":"css selector","value":"td"}
COMMAND: POST /session/9813251e0ae410a7418940dcaaaaf337/element/f.6D6192A7F298CA7F9ED2043BE1BC656F.d.FCF436341789D48D5EB9B01703867A94.e.5523/elements - {"using":"css selector","value":"td"}
RESULT: {"using":"css selector","value":"td"}
COMMAND: POST /session/9813251e0ae410a7418940dcaaaaf337/element/f.6D6192A7F298CA7F9ED2043BE1BC656F.d.FCF436341789D48D5EB9B01703867A94.e.5524/elements - {"using":"css selector","value":"td"}
RESULT: {"using":"css selector","value":"td"}
COMMAND: POST /session/9813251e0ae410a7418940dcaaaaf337/element/f.6D6192A7F298CA7F9ED2043BE1BC656F.d.FCF436341789D48D5EB9B01703867A94.e.5525/elements - {"using":"css selector","value":"td"}
RESULT: {"using":"css selector","value":"td"}
COMMAND: POST /session/9813251e0ae410a7418940dcaaaaf337/element/f.6D6192A7F298CA7F9ED2043BE1BC656F.d.FCF436341789D48D5EB9B01703867A94.e.5526/elements - {"using":"css selector","value":"td"}
RESULT: {"using":"css selector","value":"td"}
COMMAND: POST /session/9813251e0ae410a7418940dcaaaaf337/element/f.6D6192A7F298CA7F9ED2043BE1BC656F.d.FCF436341789D48D5EB9B01703867A94.e.5527/elements - {"using":"css selector","value":"td"}
RESULT: {"using":"css selector","value":"td"}
COMMAND: POST /session/9813251e0ae410a7418940dcaaaaf337/element/f.6D6192A7F298CA7F9ED2043BE1BC656F.d.FCF436341789D48D5EB9B01703867A94.e.5528/elements - {"using":"css selector","value":"td"}
RESULT: {"using":"css selector","value":"td"}
COMMAND: POST /session/9813251e0ae410a7418940dcaaaaf337/element/f.6D6192A7F298CA7F9ED2043BE1BC656F.d.FCF436341789D48D5EB9B01703867A94.e.5529/elements - {"using":"css selector","value":"td"}
RESULT: {"using":"css selector","value":"td"}
COMMAND: POST /session/9813251e0ae410a7418940dcaaaaf337/element/f.6D6192A7F298CA7F9ED2043BE1BC656F.d.FCF436341789D48D5EB9B01703867A94.e.5530/elements - {"using":"css selector","value":"td"}
RESULT: {"using":"css selector","value":"td"}
COMMAND: POST /session/9813251e0ae410a7418940dcaaaaf337/element/f.6D6192A7F298CA7F9ED2043BE1BC656F.d.FCF436341789D48D5EB9B01703867A94.e.5531/elements - {"using":"css selector","value":"td"}
RESULT: {"using":"css selector","value":"td"}
COMMAND: POST /session/9813251e0ae410a7418940dcaaaaf337/element/f.6D6192A7F298CA7F9ED2043BE1BC656F.d.FCF436341789D48D5EB9B01703867A94.e.5532/elements - {"using":"css selector","value":"td"}
RESULT: {"using":"css selector","value":"td"}
COMMAND: POST /session/9813251e0ae410a7418940dcaaaaf337/element/f.6D6192A7F298CA7F9ED2043BE1BC656F.d.FCF436341789D48D5EB9B01703867A94.e.5533/elements - {"using":"css selector","value":"td"}
RESULT: {"using":"css selector","value":"td"}
COMMAND: POST /session/9813251e0ae410a7418940dcaaaaf337/element/f.6D6192A7F298CA7F9ED2043BE1BC656F.d.FCF436341789D48D5EB9B01703867A94.e.5534/elements - {"using":"css selector","value":"td"}
RESULT: {"using":"css selector","value":"td"}
COMMAND: POST /session/9813251e0ae410a7418940dcaaaaf337/element/f.6D6192A7F298CA7F9ED2043BE1BC656F.d.FCF436341789D48D5EB9B01703867A94.e.5535/elements - {"using":"css selector","value":"td"}
RESULT: {"using":"css selector","value":"td"}
COMMAND: POST /session/9813251e0ae410a7418940dcaaaaf337/element/f.6D6192A7F298CA7F9ED2043BE1BC656F.d.FCF436341789D48D5EB9B01703867A94.e.5536/elements - {"using":"css selector","value":"td"}
RESULT: {"using":"css selector","value":"td"}
COMMAND: POST /session/9813251e0ae410a7418940dcaaaaf337/element/f.6D6192A7F298CA7F9ED2043BE1BC656F.d.FCF436341789D48D5EB9B01703867A94.e.5537/elements - {"using":"css selector","value":"td"}
RESULT: {"using":"css selector","value":"td"}
COMMAND: POST /session/9813251e0ae410a7418940dcaaaaf337/element/f.6D6192A7F298CA7F9ED2043BE1BC656F.d.FCF436341789D48D5EB9B01703867A94.e.5538/elements - {"using":"css selector","value":"td"}
RESULT: {"using":"css selector","value":"td"}
COMMAND: POST /session/9813251e0ae410a7418940dcaaaaf337/element/f.6D6192A7F298CA7F9ED2043BE1BC656F.d.FCF436341789D48D5EB9B01703867A94.e.5539/elements - {"using":"css selector","value":"td"}
RESULT: {"using":"css selector","value":"td"}
COMMAND: POST /session/9813251e0ae410a7418940dcaaaaf337/element/f.6D6192A7F298CA7F9ED2043BE1BC656F.d.FCF436341789D48D5EB9B01703867A94.e.5540/elements - {"using":"css selector","value":"td"}
RESULT: {"using":"css selector","value":"td"}
COMMAND: POST /session/9813251e0ae410a7418940dcaaaaf337/element/f.6D6192A7F298CA7F9ED2043BE1BC656F.d.FCF436341789D48D5EB9B01703867A94.e.5541/elements - {"using":"css selector","value":"td"}
RESULT: {"using":"css selector","value":"td"}
COMMAND: POST /session/9813251e0ae410a7418940dcaaaaf337/element/f.6D6192A7F298CA7F9ED2043BE1BC656F.d.FCF436341789D48D5EB9B01703867A94.e.5542/elements - {"using":"css selector","value":"td"}
RESULT: {"using":"css selector","value":"td"}
COMMAND: POST /session/9813251e0ae410a7418940dcaaaaf337/element/f.6D6192A7F298CA7F9ED2043BE1BC656F.d.FCF436341789D48D5EB9B01703867A94.e.5543/elements - {"using":"css selector","value":"td"}
RESULT: {"using":"css selector","value":"td"}
COMMAND: POST /session/9813251e0ae410a7418940dcaaaaf337/element/f.6D6192A7F298CA7F9ED2043BE1BC656F.d.FCF436341789D48D5EB9B01703867A94.e.5544/elements - {"using":"css selector","value":"td"}
RESULT: {"using":"css selector","value":"td"}
COMMAND: POST /session/9813251e0ae410a7418940dcaaaaf337/element/f.6D6192A7F298CA7F9ED2043BE1BC656F.d.FCF436341789D48D5EB9B01703867A94.e.5545/elements - {"using":"css selector","value":"td"}
RESULT: {"using":"css selector","value":"td"}
COMMAND: POST /session/9813251e0ae410a7418940dcaaaaf337/element/f.6D6192A7F298CA7F9ED2043BE1BC656F.d.FCF436341789D48D5EB9B01703867A94.e.5546/elements - {"using":"css selector","value":"td"}
RESULT: {"using":"css selector","value":"td"}
COMMAND: POST /session/9813251e0ae410a7418940dcaaaaf337/element/f.6D6192A7F298CA7F9ED2043BE1BC656F.d.FCF436341789D48D5EB9B01703867A94.e.5547/elements - {"using":"css selector","value":"td"}
RESULT: {"using":"css selector","value":"td"}
COMMAND: POST /session/9813251e0ae410a7418940dcaaaaf337/element/f.6D6192A7F298CA7F9ED2043BE1BC656F.d.FCF436341789D48D5EB9B01703867A94.e.5548/elements - {"using":"css selector","value":"td"}
RESULT: {"using":"css selector","value":"td"}
COMMAND: POST /session/9813251e0ae410a7418940dcaaaaf337/element/f.6D6192A7F298CA7F9ED2043BE1BC656F.d.FCF436341789D48D5EB9B01703867A94.e.5549/elements - {"using":"css selector","value":"td"}
RESULT: {"using":"css selector","value":"td"}
COMMAND: POST /session/9813251e0ae410a7418940dcaaaaf337/element/f.6D6192A7F298CA7F9ED2043BE1BC656F.d.FCF436341789D48D5EB9B01703867A94.e.5550/elements - {"using":"css selector","value":"td"}
RESULT: {"using":"css selector","value":"td"}
COMMAND: POST /session/9813251e0ae410a7418940dcaaaaf337/element/f.6D6192A7F298CA7F9ED2043BE1BC656F.d.FCF436341789D48D5EB9B01703867A94.e.5551/elements - {"using":"css selector","value":"td"}
RESULT: {"using":"css selector","value":"td"}
COMMAND: POST /session/9813251e0ae410a7418940dcaaaaf337/element/f.6D6192A7F298CA7F9ED2043BE1BC656F.d.FCF436341789D48D5EB9B01703867A94.e.5552/elements - {"using":"css selector","value":"td"}
RESULT: {"using":"css selector","value":"td"}
COMMAND: POST /session/9813251e0ae410a7418940dcaaaaf337/element/f.6D6192A7F298CA7F9ED2043BE1BC656F.d.FCF436341789D48D5EB9B01703867A94.e.5553/elements - {"using":"css selector","value":"td"}
RESULT: {"using":"css selector","value":"td"}
COMMAND: POST /session/9813251e0ae410a7418940dcaaaaf337/element/f.6D6192A7F298CA7F9ED2043BE1BC656F.d.FCF436341789D48D5EB9B01703867A94.e.5554/elements - {"using":"css selector","value":"td"}
RESULT: {"using":"css selector","value":"td"}
COMMAND: POST /session/9813251e0ae410a7418940dcaaaaf337/element/f.6D6192A7F298CA7F9ED2043BE1BC656F.d.FCF436341789D48D5EB9B01703867A94.e.5555/elements - {"using":"css selector","value":"td"}
RESULT: {"using":"css selector","value":"td"}
COMMAND: POST /session/9813251e0ae410a7418940dcaaaaf337/element/f.6D6192A7F298CA7F9ED2043BE1BC656F.d.FCF436341789D48D5EB9B01703867A94.e.5556/elements - {"using":"css selector","value":"td"}
RESULT: {"using":"css selector","value":"td"}
COMMAND: POST /session/9813251e0ae410a7418940dcaaaaf337/element/f.6D6192A7F298CA7F9ED2043BE1BC656F.d.FCF436341789D48D5EB9B01703867A94.e.5557/elements - {"using":"css selector","value":"td"}
RESULT: {"using":"css selector","value":"td"}
COMMAND: POST /session/9813251e0ae410a7418940dcaaaaf337/element/f.6D6192A7F298CA7F9ED2043BE1BC656F.d.FCF436341789D48D5EB9B01703867A94.e.5558/elements - {"using":"css selector","value":"td"}
RESULT: {"using":"css selector","value":"td"}
COMMAND: POST /session/9813251e0ae410a7418940dcaaaaf337/element/f.6D6192A7F298CA7F9ED2043BE1BC656F.d.FCF436341789D48D5EB9B01703867A94.e.5559/elements - {"using":"css selector","value":"td"}
RESULT: {"using":"css selector","value":"td"}
COMMAND: POST /session/9813251e0ae410a7418940dcaaaaf337/element/f.6D6192A7F298CA7F9ED2043BE1BC656F.d.FCF436341789D48D5EB9B01703867A94.e.5560/elements - {"using":"css selector","value":"td"}
RESULT: {"using":"css selector","value":"td"}
COMMAND: POST /session/9813251e0ae410a7418940dcaaaaf337/element/f.6D6192A7F298CA7F9ED2043BE1BC656F.d.FCF436341789D48D5EB9B01703867A94.e.5561/elements - {"using":"css selector","value":"td"}
RESULT: {"using":"css selector","value":"td"}
COMMAND: POST /session/9813251e0ae410a7418940dcaaaaf337/element/f.6D6192A7F298CA7F9ED2043BE1BC656F.d.FCF436341789D48D5EB9B01703867A94.e.5562/elements - {"using":"css selector","value":"td"}
RESULT: {"using":"css selector","value":"td"}
COMMAND: POST /session/9813251e0ae410a7418940dcaaaaf337/element/f.6D6192A7F298CA7F9ED2043BE1BC656F.d.FCF436341789D48D5EB9B01703867A94.e.5563/elements - {"using":"css selector","value":"td"}
RESULT: {"using":"css selector","value":"td"}
COMMAND: POST /session/9813251e0ae410a7418940dcaaaaf337/element/f.6D6192A7F298CA7F9ED2043BE1BC656F.d.FCF436341789D48D5EB9B01703867A94.e.5564/elements - {"using":"css selector","value":"td"}
RESULT: {"using":"css selector","value":"td"}
COMMAND: POST /session/9813251e0ae410a7418940dcaaaaf337/element/f.6D6192A7F298CA7F9ED2043BE1BC656F.d.FCF436341789D48D5EB9B01703867A94.e.5565/elements - {"using":"css selector","value":"td"}
RESULT: {"using":"css selector","value":"td"}
COMMAND: POST /session/9813251e0ae410a7418940dcaaaaf337/element/f.6D6192A7F298CA7F9ED2043BE1BC656F.d.FCF436341789D48D5EB9B01703867A94.e.5566/elements - {"using":"css selector","value":"td"}
RESULT: {"using":"css selector","value":"td"}
COMMAND: POST /session/9813251e0ae410a7418940dcaaaaf337/element/f.6D6192A7F298CA7F9ED2043BE1BC656F.d.FCF436341789D48D5EB9B01703867A94.e.5567/elements - {"using":"css selector","value":"td"}
RESULT: {"using":"css selector","value":"td"}
COMMAND: POST /session/9813251e0ae410a7418940dcaaaaf337/element/f.6D6192A7F298CA7F9ED2043BE1BC656F.d.FCF436341789D48D5EB9B01703867A94.e.5568/elements - {"using":"css selector","value":"td"}
RESULT: {"using":"css selector","value":"td"}
COMMAND: POST /session/9813251e0ae410a7418940dcaaaaf337/element/f.6D6192A7F298CA7F9ED2043BE1BC656F.d.FCF436341789D48D5EB9B01703867A94.e.5569/elements - {"using":"css selector","value":"td"}
RESULT: {"using":"css selector","value":"td"}
COMMAND: POST /session/9813251e0ae410a7418940dcaaaaf337/element/f.6D6192A7F298CA7F9ED2043BE1BC656F.d.FCF436341789D48D5EB9B01703867A94.e.5570/elements - {"using":"css selector","value":"td"}
RESULT: {"using":"css selector","value":"td"}
COMMAND: POST /session/9813251e0ae410a7418940dcaaaaf337/element/f.6D6192A7F298CA7F9ED2043BE1BC656F.d.FCF436341789D48D5EB9B01703867A94.e.5571/elements - {"using":"css selector","value":"td"}
RESULT: {"using":"css selector","value":"td"}
COMMAND: POST /session/9813251e0ae410a7418940dcaaaaf337/element/f.6D6192A7F298CA7F9ED2043BE1BC656F.d.FCF436341789D48D5EB9B01703867A94.e.5572/elements - {"using":"css selector","value":"td"}
RESULT: {"using":"css selector","value":"td"}
COMMAND: POST /session/9813251e0ae410a7418940dcaaaaf337/element/f.6D6192A7F298CA7F9ED2043BE1BC656F.d.FCF436341789D48D5EB9B01703867A94.e.5573/elements - {"using":"css selector","value":"td"}
RESULT: {"using":"css selector","value":"td"}
COMMAND: POST /session/9813251e0ae410a7418940dcaaaaf337/element/f.6D6192A7F298CA7F9ED2043BE1BC656F.d.FCF436341789D48D5EB9B01703867A94.e.5574/elements - {"using":"css selector","value":"td"}
RESULT: {"using":"css selector","value":"td"}
COMMAND: POST /session/9813251e0ae410a7418940dcaaaaf337/element/f.6D6192A7F298CA7F9ED2043BE1BC656F.d.FCF436341789D48D5EB9B01703867A94.e.5575/elements - {"using":"css selector","value":"td"}
RESULT: {"using":"css selector","value":"td"}
COMMAND: POST /session/9813251e0ae410a7418940dcaaaaf337/element/f.6D6192A7F298CA7F9ED2043BE1BC656F.d.FCF436341789D48D5EB9B01703867A94.e.5576/elements - {"using":"css selector","value":"td"}
RESULT: {"using":"css selector","value":"td"}
COMMAND: POST /session/9813251e0ae410a7418940dcaaaaf337/element/f.6D6192A7F298CA7F9ED2043BE1BC656F.d.FCF436341789D48D5EB9B01703867A94.e.5577/elements - {"using":"css selector","value":"td"}
RESULT: {"using":"css selector","value":"td"}
COMMAND: POST /session/9813251e0ae410a7418940dcaaaaf337/element/f.6D6192A7F298CA7F9ED2043BE1BC656F.d.FCF436341789D48D5EB9B01703867A94.e.5578/elements - {"using":"css selector","value":"td"}
RESULT: {"using":"css selector","value":"td"}
COMMAND: POST /session/9813251e0ae410a7418940dcaaaaf337/element/f.6D6192A7F298CA7F9ED2043BE1BC656F.d.FCF436341789D48D5EB9B01703867A94.e.5579/elements - {"using":"css selector","value":"td"}
RESULT: {"using":"css selector","value":"td"}
COMMAND: POST /session/9813251e0ae410a7418940dcaaaaf337/element/f.6D6192A7F298CA7F9ED2043BE1BC656F.d.FCF436341789D48D5EB9B01703867A94.e.5580/elements - {"using":"css selector","value":"td"}
RESULT: {"using":"css selector","value":"td"}
COMMAND: POST /session/9813251e0ae410a7418940dcaaaaf337/element/f.6D6192A7F298CA7F9ED2043BE1BC656F.d.FCF436341789D48D5EB9B01703867A94.e.5581/elements - {"using":"css selector","value":"td"}
RESULT: {"using":"css selector","value":"td"}
COMMAND: POST /session/9813251e0ae410a7418940dcaaaaf337/element/f.6D6192A7F298CA7F9ED2043BE1BC656F.d.FCF436341789D48D5EB9B01703867A94.e.5582/elements - {"using":"css selector","value":"td"}
RESULT: {"using":"css selector","value":"td"}
COMMAND: POST /session/9813251e0ae410a7418940dcaaaaf337/element/f.6D6192A7F298CA7F9ED2043BE1BC656F.d.FCF436341789D48D5EB9B01703867A94.e.5583/elements - {"using":"css selector","value":"td"}
RESULT: {"using":"css selector","value":"td"}
COMMAND: POST /session/9813251e0ae410a7418940dcaaaaf337/element/f.6D6192A7F298CA7F9ED2043BE1BC656F.d.FCF436341789D48D5EB9B01703867A94.e.5584/elements - {"using":"css selector","value":"td"}
RESULT: {"using":"css selector","value":"td"}
COMMAND: POST /session/9813251e0ae410a7418940dcaaaaf337/element/f.6D6192A7F298CA7F9ED2043BE1BC656F.d.FCF436341789D48D5EB9B01703867A94.e.5585/elements - {"using":"css selector","value":"td"}
RESULT: {"using":"css selector","value":"td"}
COMMAND: POST /session/9813251e0ae410a7418940dcaaaaf337/element/f.6D6192A7F298CA7F9ED2043BE1BC656F.d.FCF436341789D48D5EB9B01703867A94.e.5586/elements - {"using":"css selector","value":"td"}
RESULT: {"using":"css selector","value":"td"}
COMMAND: POST /session/9813251e0ae410a7418940dcaaaaf337/element/f.6D6192A7F298CA7F9ED2043BE1BC656F.d.FCF436341789D48D5EB9B01703867A94.e.5587/elements - {"using":"css selector","value":"td"}
RESULT: {"using":"css selector","value":"td"}
COMMAND: POST /session/9813251e0ae410a7418940dcaaaaf337/element/f.6D6192A7F298CA7F9ED2043BE1BC656F.d.FCF436341789D48D5EB9B01703867A94.e.5588/elements - {"using":"css selector","value":"td"}
RESULT: {"using":"css selector","value":"td"}
COMMAND: POST /session/9813251e0ae410a7418940dcaaaaf337/element/f.6D6192A7F298CA7F9ED2043BE1BC656F.d.FCF436341789D48D5EB9B01703867A94.e.5589/elements - {"using":"css selector","value":"td"}
RESULT: {"using":"css selector","value":"td"}
COMMAND: POST /session/9813251e0ae410a7418940dcaaaaf337/element/f.6D6192A7F298CA7F9ED2043BE1BC656F.d.FCF436341789D48D5EB9B01703867A94.e.5590/elements - {"using":"css selector","value":"td"}
RESULT: {"using":"css selector","value":"td"}
COMMAND: POST /session/9813251e0ae410a7418940dcaaaaf337/element/f.6D6192A7F298CA7F9ED2043BE1BC656F.d.FCF436341789D48D5EB9B01703867A94.e.5591/elements - {"using":"css selector","value":"td"}
RESULT: {"using":"css selector","value":"td"}
COMMAND: POST /session/9813251e0ae410a7418940dcaaaaf337/element/f.6D6192A7F298CA7F9ED2043BE1BC656F.d.FCF436341789D48D5EB9B01703867A94.e.5592/elements - {"using":"css selector","value":"td"}
RESULT: {"using":"css selector","value":"td"}
COMMAND: POST /session/9813251e0ae410a7418940dcaaaaf337/element/f.6D6192A7F298CA7F9ED2043BE1BC656F.d.FCF436341789D48D5EB9B01703867A94.e.5593/elements - {"using":"css selector","value":"td"}
RESULT: {"using":"css selector","value":"td"}
COMMAND: POST /session/9813251e0ae410a7418940dcaaaaf337/element/f.6D6192A7F298CA7F9ED2043BE1BC656F.d.FCF436341789D48D5EB9B01703867A94.e.5594/elements - {"using":"css selector","value":"td"}
RESULT: {"using":"css selector","value":"td"}
COMMAND: POST /session/9813251e0ae410a7418940dcaaaaf337/element/f.6D6192A7F298CA7F9ED2043BE1BC656F.d.FCF436341789D48D5EB9B01703867A94.e.5595/elements - {"using":"css selector","value":"td"}
RESULT: {"using":"css selector","value":"td"}
COMMAND: POST /session/9813251e0ae410a7418940dcaaaaf337/element/f.6D6192A7F298CA7F9ED2043BE1BC656F.d.FCF436341789D48D5EB9B01703867A94.e.5596/elements - {"using":"css selector","value":"td"}
RESULT: {"using":"css selector","value":"td"}
COMMAND: POST /session/9813251e0ae410a7418940dcaaaaf337/element/f.6D6192A7F298CA7F9ED2043BE1BC656F.d.FCF436341789D48D5EB9B01703867A94.e.5597/elements - {"using":"css selector","value":"td"}
RESULT: {"using":"css selector","value":"td"}
COMMAND: POST /session/9813251e0ae410a7418940dcaaaaf337/element/f.6D6192A7F298CA7F9ED2043BE1BC656F.d.FCF436341789D48D5EB9B01703867A94.e.5598/elements - {"using":"css selector","value":"td"}
RESULT: {"using":"css selector","value":"td"}
COMMAND: POST /session/9813251e0ae410a7418940dcaaaaf337/element/f.6D6192A7F298CA7F9ED2043BE1BC656F.d.FCF436341789D48D5EB9B01703867A94.e.5599/elements - {"using":"css selector","value":"td"}
RESULT: {"using":"css selector","value":"td"}
COMMAND: POST /session/9813251e0ae410a7418940dcaaaaf337/element/f.6D6192A7F298CA7F9ED2043BE1BC656F.d.FCF436341789D48D5EB9B01703867A94.e.5600/elements - {"using":"css selector","value":"td"}
RESULT: {"using":"css selector","value":"td"}
COMMAND: POST /session/9813251e0ae410a7418940dcaaaaf337/element/f.6D6192A7F298CA7F9ED2043BE1BC656F.d.FCF436341789D48D5EB9B01703867A94.e.5601/elements - {"using":"css selector","value":"td"}
RESULT: {"using":"css selector","value":"td"}
COMMAND: POST /session/9813251e0ae410a7418940dcaaaaf337/element/f.6D6192A7F298CA7F9ED2043BE1BC656F.d.FCF436341789D48D5EB9B01703867A94.e.5602/elements - {"using":"css selector","value":"td"}
RESULT: {"using":"css selector","value":"td"}
COMMAND: POST /session/9813251e0ae410a7418940dcaaaaf337/element/f.6D6192A7F298CA7F9ED2043BE1BC656F.d.FCF436341789D48D5EB9B01703867A94.e.6509/elements - {"using":"css selector","value":"td"}
RESULT: {"using":"css selector","value":"td"}
COMMAND: POST /session/9813251e0ae410a7418940dcaaaaf337/element - {"using":"css selector","value":"#j_username"}
COMMAND: POST /session/9813251e0ae410a7418940dcaaaaf337/url - {"url":"https://qa-testing-00-live-etm-ui.cfapps.eu10-004.hana.ondemand.com/"}
RESULT: {"using":"css selector","value":"#j_username"}
COMMAND: POST /session/9813251e0ae410a7418940dcaaaaf337/element - {"using":"css selector","value":"#j_username"}
RESULT: {"url":"https://qa-testing-00-live-etm-ui.cfapps.eu10-004.hana.ondemand.com/"}
RESULT: undefined
COMMAND: GET /session/9813251e0ae410a7418940dcaaaaf337/screenshot - {}
RESULT: {"using":"css selector","value":"#j_username"}
COMMAND: POST /session/9813251e0ae410a7418940dcaaaaf337/element - {"using":"css selector","value":"#shell-header-logo"}
RESULT: {}
RESULT: {"using":"css selector","value":"#shell-header-logo"}
COMMAND: POST /session/9813251e0ae410a7418940dcaaaaf337/execute/sync - {"script":"<script> [8489 bytes]","args":[{"element-6066-11e4-a52e-4f735466cecf":"f.6D6192A7F298CA7F9ED2043BE1BC656F.d.EE28C8DF9B07FE61E9A55C1EF709703E.e.6523","ELEMENT":"f.6D6192A7F298CA7F9ED2043BE1BC656F.d.EE28C8DF9B07FE61E9A55C1EF709703E.e.6523"}]}
RESULT: {"script":"<script> [8489 bytes]","args":[{"element-6066-11e4-a52e-4f735466cecf":"f.6D6192A7F298CA7F9ED2043BE1BC656F.d.EE28C8DF9B07FE61E9A55C1EF709703E.e.6523","ELEMENT":"f.6D6192A7F298CA7F9ED2043BE1BC656F.d.EE28C8DF9B07FE61E9A55C1EF709703E.e.6523"}]}
COMMAND: POST /session/9813251e0ae410a7418940dcaaaaf337/element - {"using":"css selector","value":"#shell-header-logo"}
COMMAND: GET /session/9813251e0ae410a7418940dcaaaaf337/screenshot - {}
RESULT: {"using":"css selector","value":"#shell-header-logo"}
COMMAND: POST /session/9813251e0ae410a7418940dcaaaaf337/execute/sync - {"script":"<script> [8489 bytes]","args":[{"element-6066-11e4-a52e-4f735466cecf":"f.6D6192A7F298CA7F9ED2043BE1BC656F.d.EE28C8DF9B07FE61E9A55C1EF709703E.e.6523","ELEMENT":"f.6D6192A7F298CA7F9ED2043BE1BC656F.d.EE28C8DF9B07FE61E9A55C1EF709703E.e.6523"}]}
RESULT: {}
RESULT: {"script":"<script> [8489 bytes]","args":[{"element-6066-11e4-a52e-4f735466cecf":"f.6D6192A7F298CA7F9ED2043BE1BC656F.d.EE28C8DF9B07FE61E9A55C1EF709703E.e.6523","ELEMENT":"f.6D6192A7F298CA7F9ED2043BE1BC656F.d.EE28C8DF9B07FE61E9A55C1EF709703E.e.6523"}]}
COMMAND: POST /session/9813251e0ae410a7418940dcaaaaf337/execute/sync - {"script":"<script> [5351 bytes]","args":[{"element-6066-11e4-a52e-4f735466cecf":"f.6D6192A7F298CA7F9ED2043BE1BC656F.d.EE28C8DF9B07FE61E9A55C1EF709703E.e.6523","ELEMENT":"f.6D6192A7F298CA7F9ED2043BE1BC656F.d.EE28C8DF9B07FE61E9A55C1EF709703E.e.6523"}]}
COMMAND: GET /session/9813251e0ae410a7418940dcaaaaf337/screenshot - {}
RESULT: {"script":"<script> [5351 bytes]","args":[{"element-6066-11e4-a52e-4f735466cecf":"f.6D6192A7F298CA7F9ED2043BE1BC656F.d.EE28C8DF9B07FE61E9A55C1EF709703E.e.6523","ELEMENT":"f.6D6192A7F298CA7F9ED2043BE1BC656F.d.EE28C8DF9B07FE61E9A55C1EF709703E.e.6523"}]}
COMMAND: POST /session/9813251e0ae410a7418940dcaaaaf337/element - {"using":"css selector","value":"#shell-header-logo"}
COMMAND: GET /session/9813251e0ae410a7418940dcaaaaf337/screenshot - {}
RESULT: {}
RESULT: {"using":"css selector","value":"#shell-header-logo"}
COMMAND: POST /session/9813251e0ae410a7418940dcaaaaf337/element/f.6D6192A7F298CA7F9ED2043BE1BC656F.d.EE28C8DF9B07FE61E9A55C1EF709703E.e.6523/click - {}
RESULT: {}
RESULT: {}
COMMAND: GET /session/9813251e0ae410a7418940dcaaaaf337/screenshot - {}
RESULT: {}
COMMAND: POST /session/9813251e0ae410a7418940dcaaaaf337/execute/async - {"script":"<script> [189 bytes]","args":[]}
RESULT: {"script":"<script> [189 bytes]","args":[]}
COMMAND: POST /session/9813251e0ae410a7418940dcaaaaf337/execute/async - {"script":"<script> [123 bytes]","args":[]}
RESULT: {"script":"<script> [123 bytes]","args":[]}
COMMAND: POST /session/9813251e0ae410a7418940dcaaaaf337/timeouts - {"script":"<number>"}
RESULT: {"script":"<number>"}
COMMAND: GET /session/9813251e0ae410a7418940dcaaaaf337/timeouts - {}
RESULT: {}
RESULT: undefined
COMMAND: POST /session/9813251e0ae410a7418940dcaaaaf337/execute/async - {"script":"<script> [2676 bytes]","args":[]}
RESULT: {"script":"<script> [2676 bytes]","args":[]}
COMMAND: POST /session/9813251e0ae410a7418940dcaaaaf337/execute/async - {"script":"<script> [2342 bytes]","args":[{"protocol":"http","hostname":"0.0.0.0","path":"/","capabilities":{"browserName":"chrome","goog:chromeOptions":{"binary":"C:\\Program Files\\Google\\Chrome\\Application\\chrome.exe","args":["--start-maximized"]}},"logLevel":"warn","connectionRetryTimeout":120000,"connectionRetryCount":3,"logLevels":{},"enableDirectConnect":true,"strictSSL":true,"_":"65 more keys: [\"cacheDir\",\"port\",\"requestedCapabilities\",\"automationProtocol\",\"baseUrl\",\"waitforInterval\",\"waitforTimeout\",\"onReload\",\"beforeCommand\",\"afterCommand\",\"rootDir\",\"specs\",\"suites\",\"exclude\",\"groupLogsByTestSpec\",\"excludeDriverLogs\",\"bail\",\"framework\",\"reporters\",\"services\",\"maxInstances\",\"maxInstancesPerCapability\",\"injectGlobals\",\"filesToWatch\",\"execArgv\",\"runnerEnv\",\"runner\",\"shard\",\"specFileRetries\",\"specFileRetriesDelay\",\"specFileRetriesDeferred\",\"reporterSyncInterval\",\"reporterSyncTimeout\",\"cucumberFeaturesWithLineNumbers\",\"autoCompileOpts\",\"mochaOpts\",\"jasmineOpts\",\"cucumberOpts\",\"onPrepare\",\"onWorkerStart\",\"onWorkerEnd\",\"before\",\"beforeSession\",\"beforeSuite\",\"beforeHook\",\"beforeTest\",\"afterTest\",\"afterHook\",\"afterSuite\",\"afterSession\",\"after\",\"onComplete\",\"beforeAssertion\",\"afterAssertion\",\"beforeFeature\",\"beforeScenario\",\"beforeStep\",\"afterStep\",\"afterScenario\",\"afterFeature\",\"_\",\"suite\",\"$0\",\"ignoredWorkerServices\",\"wdi5\"]"}]}
RESULT: {"script":"<script> [2342 bytes]","args":[{"protocol":"http","hostname":"0.0.0.0","path":"/","capabilities":{"browserName":"chrome","goog:chromeOptions":{"binary":"C:\\Program Files\\Google\\Chrome\\Application\\chrome.exe","args":["--start-maximized"]}},"logLevel":"warn","connectionRetryTimeout":120000,"connectionRetryCount":3,"logLevels":{},"enableDirectConnect":true,"strictSSL":true,"_":"65 more keys: [\"cacheDir\",\"port\",\"requestedCapabilities\",\"automationProtocol\",\"baseUrl\",\"waitforInterval\",\"waitforTimeout\",\"onReload\",\"beforeCommand\",\"afterCommand\",\"rootDir\",\"specs\",\"suites\",\"exclude\",\"groupLogsByTestSpec\",\"excludeDriverLogs\",\"bail\",\"framework\",\"reporters\",\"services\",\"maxInstances\",\"maxInstancesPerCapability\",\"injectGlobals\",\"filesToWatch\",\"execArgv\",\"runnerEnv\",\"runner\",\"shard\",\"specFileRetries\",\"specFileRetriesDelay\",\"specFileRetriesDeferred\",\"reporterSyncInterval\",\"reporterSyncTimeout\",\"cucumberFeaturesWithLineNumbers\",\"autoCompileOpts\",\"mochaOpts\",\"jasmineOpts\",\"cucumberOpts\",\"onPrepare\",\"onWorkerStart\",\"onWorkerEnd\",\"before\",\"beforeSession\",\"beforeSuite\",\"beforeHook\",\"beforeTest\",\"afterTest\",\"afterHook\",\"afterSuite\",\"afterSession\",\"after\",\"onComplete\",\"beforeAssertion\",\"afterAssertion\",\"beforeFeature\",\"beforeScenario\",\"beforeStep\",\"afterStep\",\"afterScenario\",\"afterFeature\",\"_\",\"suite\",\"$0\",\"ignoredWorkerServices\",\"wdi5\"]"}]}
COMMAND: POST /session/9813251e0ae410a7418940dcaaaaf337/execute/async - {"script":"<script> [21126 bytes]","args":[35000]}
RESULT: {"script":"<script> [21126 bytes]","args":[35000]}
COMMAND: POST /session/9813251e0ae410a7418940dcaaaaf337/window/maximize - {}
RESULT: {}
COMMAND: POST /session/9813251e0ae410a7418940dcaaaaf337/execute/async - {"script":"<script> [1562 bytes]","args":[{"selector":{"id":"shell-header","interaction":{"idSuffix":"icon"}},"wdio_ui5_key":"shellheader"}]}
COMMAND: GET /session/9813251e0ae410a7418940dcaaaaf337/screenshot - {}
RESULT: {"script":"<script> [1562 bytes]","args":[{"selector":{"id":"shell-header","interaction":{"idSuffix":"icon"}},"wdio_ui5_key":"shellheader"}]}
RESULT: undefined
COMMAND: POST /session/9813251e0ae410a7418940dcaaaaf337/refresh - {}
RESULT: {}
RESULT: {}
COMMAND: GET /session/9813251e0ae410a7418940dcaaaaf337/screenshot - {}
RESULT: {}
COMMAND: POST /session/9813251e0ae410a7418940dcaaaaf337/refresh - {}
RESULT: {}
COMMAND: GET /session/9813251e0ae410a7418940dcaaaaf337/screenshot - {}
RESULT: {}
COMMAND: POST /session/9813251e0ae410a7418940dcaaaaf337/window/fullscreen - {}
RESULT: {}
COMMAND: POST /session/9813251e0ae410a7418940dcaaaaf337/execute/async - {"script":"<script> [189 bytes]","args":[]}
RESULT: {"script":"<script> [189 bytes]","args":[]}
COMMAND: POST /session/9813251e0ae410a7418940dcaaaaf337/execute/async - {"script":"<script> [123 bytes]","args":[]}
RESULT: {"script":"<script> [123 bytes]","args":[]}
COMMAND: POST /session/9813251e0ae410a7418940dcaaaaf337/timeouts - {"script":"<number>"}
RESULT: {"script":"<number>"}
COMMAND: GET /session/9813251e0ae410a7418940dcaaaaf337/timeouts - {}
RESULT: {}
RESULT: undefined
COMMAND: POST /session/9813251e0ae410a7418940dcaaaaf337/execute/async - {"script":"<script> [2676 bytes]","args":[]}
RESULT: {"script":"<script> [2676 bytes]","args":[]}
COMMAND: POST /session/9813251e0ae410a7418940dcaaaaf337/execute/async - {"script":"<script> [2342 bytes]","args":[{"protocol":"http","hostname":"0.0.0.0","path":"/","capabilities":{"browserName":"chrome","goog:chromeOptions":{"binary":"C:\\Program Files\\Google\\Chrome\\Application\\chrome.exe","args":["--start-maximized"]}},"logLevel":"warn","connectionRetryTimeout":120000,"connectionRetryCount":3,"logLevels":{},"enableDirectConnect":true,"strictSSL":true,"_":"65 more keys: [\"cacheDir\",\"port\",\"requestedCapabilities\",\"automationProtocol\",\"baseUrl\",\"waitforInterval\",\"waitforTimeout\",\"onReload\",\"beforeCommand\",\"afterCommand\",\"rootDir\",\"specs\",\"suites\",\"exclude\",\"groupLogsByTestSpec\",\"excludeDriverLogs\",\"bail\",\"framework\",\"reporters\",\"services\",\"maxInstances\",\"maxInstancesPerCapability\",\"injectGlobals\",\"filesToWatch\",\"execArgv\",\"runnerEnv\",\"runner\",\"shard\",\"specFileRetries\",\"specFileRetriesDelay\",\"specFileRetriesDeferred\",\"reporterSyncInterval\",\"reporterSyncTimeout\",\"cucumberFeaturesWithLineNumbers\",\"autoCompileOpts\",\"mochaOpts\",\"jasmineOpts\",\"cucumberOpts\",\"onPrepare\",\"onWorkerStart\",\"onWorkerEnd\",\"before\",\"beforeSession\",\"beforeSuite\",\"beforeHook\",\"beforeTest\",\"afterTest\",\"afterHook\",\"afterSuite\",\"afterSession\",\"after\",\"onComplete\",\"beforeAssertion\",\"afterAssertion\",\"beforeFeature\",\"beforeScenario\",\"beforeStep\",\"afterStep\",\"afterScenario\",\"afterFeature\",\"_\",\"suite\",\"$0\",\"ignoredWorkerServices\",\"wdi5\"]"}]}
RESULT: {"script":"<script> [2342 bytes]","args":[{"protocol":"http","hostname":"0.0.0.0","path":"/","capabilities":{"browserName":"chrome","goog:chromeOptions":{"binary":"C:\\Program Files\\Google\\Chrome\\Application\\chrome.exe","args":["--start-maximized"]}},"logLevel":"warn","connectionRetryTimeout":120000,"connectionRetryCount":3,"logLevels":{},"enableDirectConnect":true,"strictSSL":true,"_":"65 more keys: [\"cacheDir\",\"port\",\"requestedCapabilities\",\"automationProtocol\",\"baseUrl\",\"waitforInterval\",\"waitforTimeout\",\"onReload\",\"beforeCommand\",\"afterCommand\",\"rootDir\",\"specs\",\"suites\",\"exclude\",\"groupLogsByTestSpec\",\"excludeDriverLogs\",\"bail\",\"framework\",\"reporters\",\"services\",\"maxInstances\",\"maxInstancesPerCapability\",\"injectGlobals\",\"filesToWatch\",\"execArgv\",\"runnerEnv\",\"runner\",\"shard\",\"specFileRetries\",\"specFileRetriesDelay\",\"specFileRetriesDeferred\",\"reporterSyncInterval\",\"reporterSyncTimeout\",\"cucumberFeaturesWithLineNumbers\",\"autoCompileOpts\",\"mochaOpts\",\"jasmineOpts\",\"cucumberOpts\",\"onPrepare\",\"onWorkerStart\",\"onWorkerEnd\",\"before\",\"beforeSession\",\"beforeSuite\",\"beforeHook\",\"beforeTest\",\"afterTest\",\"afterHook\",\"afterSuite\",\"afterSession\",\"after\",\"onComplete\",\"beforeAssertion\",\"afterAssertion\",\"beforeFeature\",\"beforeScenario\",\"beforeStep\",\"afterStep\",\"afterScenario\",\"afterFeature\",\"_\",\"suite\",\"$0\",\"ignoredWorkerServices\",\"wdi5\"]"}]}
COMMAND: POST /session/9813251e0ae410a7418940dcaaaaf337/execute/async - {"script":"<script> [21126 bytes]","args":[35000]}
RESULT: {"script":"<script> [21126 bytes]","args":[35000]}
]]></system-out>
    </testcase>
  </testsuite>
  <testsuite timestamp="2025-06-05T17:10:23" time="379.416" tests="9" failures="0" errors="0" skipped="0">
    <properties>
      <property name="specId" value="0" />
      <property name="suiteName" value="US134625 Set up price condition - one time" />
      <property name="capabilities" value="chrome.137_0_7151_56.windows" />
      <property name="file" value="file:///D:/a/1/s/test/specs/BTS/set-up-price-condition-one-time.spec.js" />
    </properties>
    <testcase classname="chrome.137_0_7151_56.windows.US134625_Set_up_price_condition_-_one_time" name="Should create a new yard used for all following tests" time="0.013">
      <system-out><![CDATA[
COMMAND: POST /session/9813251e0ae410a7418940dcaaaaf337/window/fullscreen - {}
RESULT: {}
]]></system-out>
    </testcase>
    <testcase classname="chrome.137_0_7151_56.windows.US134625_Set_up_price_condition_-_one_time" name="Should create a new partner" time="0.002" />
    <testcase classname="chrome.137_0_7151_56.windows.US134625_Set_up_price_condition_-_one_time" name="Should create a new site used for following tests" time="0.001" />
    <testcase classname="chrome.137_0_7151_56.windows.US134625_Set_up_price_condition_-_one_time" name="Should create a new material for billing type one time" time="104.416">
      <system-out><![CDATA[
COMMAND: POST /session/9813251e0ae410a7418940dcaaaaf337/execute/async - {"script":"<script> [1562 bytes]","args":[{"selector":{"controlType":"sap.m.GenericTile","properties":{"header":"Manage Resources"}},"wdio_ui5_key":"sapm.GenericTile{\"header\":\"Manage Resources\"}"}]}
RESULT: {"script":"<script> [1562 bytes]","args":[{"selector":{"controlType":"sap.m.GenericTile","properties":{"header":"Manage Resources"}},"wdio_ui5_key":"sapm.GenericTile{\"header\":\"Manage Resources\"}"}]}
RESULT: undefined
COMMAND: POST /session/9813251e0ae410a7418940dcaaaaf337/element - {"using":"xpath","value":"//*[@id=\"__tile39\"]"}
RESULT: {"using":"xpath","value":"//*[@id=\"__tile39\"]"}
COMMAND: POST /session/9813251e0ae410a7418940dcaaaaf337/element/f.6D6192A7F298CA7F9ED2043BE1BC656F.d.2CBAE40A7DD7888EA6F5F330D21D9575.e.6665/click - {}
RESULT: {}
COMMAND: GET /session/9813251e0ae410a7418940dcaaaaf337/screenshot - {}
RESULT: {}
COMMAND: POST /session/9813251e0ae410a7418940dcaaaaf337/elements - {"using":"xpath","value":"//span[text()='Error']"}
RESULT: {"using":"xpath","value":"//span[text()='Error']"}
COMMAND: POST /session/9813251e0ae410a7418940dcaaaaf337/element - {"using":"xpath","value":"//button[@data-kt=\"addNewRUOverflowToolbarButton\"]"}
RESULT: {"using":"xpath","value":"//button[@data-kt=\"addNewRUOverflowToolbarButton\"]"}
COMMAND: POST /session/9813251e0ae410a7418940dcaaaaf337/elements - {"using":"xpath","value":"//button[@data-kt=\"addNewRUOverflowToolbarButton\"]"}
RESULT: {"using":"xpath","value":"//button[@data-kt=\"addNewRUOverflowToolbarButton\"]"}
COMMAND: POST /session/9813251e0ae410a7418940dcaaaaf337/execute/sync - {"script":"<script> [8489 bytes]","args":[{"element-6066-11e4-a52e-4f735466cecf":"f.6D6192A7F298CA7F9ED2043BE1BC656F.d.2CBAE40A7DD7888EA6F5F330D21D9575.e.6814","ELEMENT":"f.6D6192A7F298CA7F9ED2043BE1BC656F.d.2CBAE40A7DD7888EA6F5F330D21D9575.e.6814"}]}
RESULT: {"script":"<script> [8489 bytes]","args":[{"element-6066-11e4-a52e-4f735466cecf":"f.6D6192A7F298CA7F9ED2043BE1BC656F.d.2CBAE40A7DD7888EA6F5F330D21D9575.e.6814","ELEMENT":"f.6D6192A7F298CA7F9ED2043BE1BC656F.d.2CBAE40A7DD7888EA6F5F330D21D9575.e.6814"}]}
COMMAND: GET /session/9813251e0ae410a7418940dcaaaaf337/element/f.6D6192A7F298CA7F9ED2043BE1BC656F.d.2CBAE40A7DD7888EA6F5F330D21D9575.e.6814/enabled - {}
COMMAND: GET /session/9813251e0ae410a7418940dcaaaaf337/screenshot - {}
RESULT: {}
COMMAND: POST /session/9813251e0ae410a7418940dcaaaaf337/execute/sync - {"script":"<script> [8489 bytes]","args":[{"element-6066-11e4-a52e-4f735466cecf":"f.6D6192A7F298CA7F9ED2043BE1BC656F.d.2CBAE40A7DD7888EA6F5F330D21D9575.e.6814","ELEMENT":"f.6D6192A7F298CA7F9ED2043BE1BC656F.d.2CBAE40A7DD7888EA6F5F330D21D9575.e.6814"}]}
COMMAND: GET /session/9813251e0ae410a7418940dcaaaaf337/screenshot - {}
RESULT: {}
RESULT: {"script":"<script> [8489 bytes]","args":[{"element-6066-11e4-a52e-4f735466cecf":"f.6D6192A7F298CA7F9ED2043BE1BC656F.d.2CBAE40A7DD7888EA6F5F330D21D9575.e.6814","ELEMENT":"f.6D6192A7F298CA7F9ED2043BE1BC656F.d.2CBAE40A7DD7888EA6F5F330D21D9575.e.6814"}]}
COMMAND: POST /session/9813251e0ae410a7418940dcaaaaf337/execute/sync - {"script":"<script> [5351 bytes]","args":[{"element-6066-11e4-a52e-4f735466cecf":"f.6D6192A7F298CA7F9ED2043BE1BC656F.d.2CBAE40A7DD7888EA6F5F330D21D9575.e.6814","ELEMENT":"f.6D6192A7F298CA7F9ED2043BE1BC656F.d.2CBAE40A7DD7888EA6F5F330D21D9575.e.6814"}]}
COMMAND: GET /session/9813251e0ae410a7418940dcaaaaf337/screenshot - {}
RESULT: {}
RESULT: {"script":"<script> [5351 bytes]","args":[{"element-6066-11e4-a52e-4f735466cecf":"f.6D6192A7F298CA7F9ED2043BE1BC656F.d.2CBAE40A7DD7888EA6F5F330D21D9575.e.6814","ELEMENT":"f.6D6192A7F298CA7F9ED2043BE1BC656F.d.2CBAE40A7DD7888EA6F5F330D21D9575.e.6814"}]}
COMMAND: POST /session/9813251e0ae410a7418940dcaaaaf337/element/f.6D6192A7F298CA7F9ED2043BE1BC656F.d.2CBAE40A7DD7888EA6F5F330D21D9575.e.6814/click - {}
COMMAND: GET /session/9813251e0ae410a7418940dcaaaaf337/screenshot - {}
RESULT: {}
RESULT: {}
COMMAND: GET /session/9813251e0ae410a7418940dcaaaaf337/screenshot - {}
RESULT: {}
RESULT: {}
COMMAND: POST /session/9813251e0ae410a7418940dcaaaaf337/execute/async - {"script":"<script> [1562 bytes]","args":[{"selector":{"id":"application-manageresources-display-component---newResourceUnit--TYPE-arrow"},"wdio_ui5_key":"applicationmanageresources-display-component---newResourceUnit--TYPE-arrow"}]}
RESULT: {"script":"<script> [1562 bytes]","args":[{"selector":{"id":"application-manageresources-display-component---newResourceUnit--TYPE-arrow"},"wdio_ui5_key":"applicationmanageresources-display-component---newResourceUnit--TYPE-arrow"}]}
RESULT: undefined
COMMAND: POST /session/9813251e0ae410a7418940dcaaaaf337/element - {"using":"xpath","value":"//*[@id=\"application-manageresources-display-component---newResourceUnit--TYPE-arrow\"]"}
RESULT: {"using":"xpath","value":"//*[@id=\"application-manageresources-display-component---newResourceUnit--TYPE-arrow\"]"}
COMMAND: POST /session/9813251e0ae410a7418940dcaaaaf337/element/f.6D6192A7F298CA7F9ED2043BE1BC656F.d.2CBAE40A7DD7888EA6F5F330D21D9575.e.7184/click - {}
RESULT: {}
COMMAND: POST /session/9813251e0ae410a7418940dcaaaaf337/element - {"using":"xpath","value":"//input[@id=\"application-manageresources-display-component---newResourceUnit--TYPE-inner\"]"}
COMMAND: GET /session/9813251e0ae410a7418940dcaaaaf337/screenshot - {}
RESULT: {"using":"xpath","value":"//input[@id=\"application-manageresources-display-component---newResourceUnit--TYPE-inner\"]"}
COMMAND: POST /session/9813251e0ae410a7418940dcaaaaf337/element/f.6D6192A7F298CA7F9ED2043BE1BC656F.d.2CBAE40A7DD7888EA6F5F330D21D9575.e.7154/clear - {}
RESULT: {}
RESULT: {}
COMMAND: POST /session/9813251e0ae410a7418940dcaaaaf337/element/f.6D6192A7F298CA7F9ED2043BE1BC656F.d.2CBAE40A7DD7888EA6F5F330D21D9575.e.7154/value - {"text":"Material"}
COMMAND: GET /session/9813251e0ae410a7418940dcaaaaf337/screenshot - {}
RESULT: {"text":"Material"}
COMMAND: GET /session/9813251e0ae410a7418940dcaaaaf337/screenshot - {}
RESULT: {}
RESULT: {}
COMMAND: POST /session/9813251e0ae410a7418940dcaaaaf337/actions - {"actions":[{"id":"action19","type":"key","parameters":{},"actions":[{"type":"keyDown","value":"î€‡"},{"type":"pause","duration":10},{"type":"keyUp","value":"î€‡"}]}]}
RESULT: {"actions":[{"id":"action19","type":"key","parameters":{},"actions":[{"type":"keyDown","value":"î€‡"},{"type":"pause","duration":10},{"type":"keyUp","value":"î€‡"}]}]}
COMMAND: POST /session/9813251e0ae410a7418940dcaaaaf337/execute/async - {"script":"<script> [1562 bytes]","args":[{"selector":{"id":"application-manageresources-display-component---newResourceUnit--SHORT_TEXT","interaction":{"idSuffix":"inner"}},"wdio_ui5_key":"applicationmanageresources-display-component---newResourceUnit--SHORT_TEXT"}]}
COMMAND: GET /session/9813251e0ae410a7418940dcaaaaf337/screenshot - {}
RESULT: {"script":"<script> [1562 bytes]","args":[{"selector":{"id":"application-manageresources-display-component---newResourceUnit--SHORT_TEXT","interaction":{"idSuffix":"inner"}},"wdio_ui5_key":"applicationmanageresources-display-component---newResourceUnit--SHORT_TEXT"}]}
RESULT: undefined
COMMAND: POST /session/9813251e0ae410a7418940dcaaaaf337/execute/async - {"script":"<script> [776 bytes]","args":[{"enterText":"Cement WDIO","selector":{"id":"application-manageresources-display-component---newResourceUnit--SHORT_TEXT","interaction":{"idSuffix":"inner"}},"clearTextFirst":true,"interactionType":"ENTER_TEXT"}]}
RESULT: {}
RESULT: {"script":"<script> [776 bytes]","args":[{"enterText":"Cement WDIO","selector":{"id":"application-manageresources-display-component---newResourceUnit--SHORT_TEXT","interaction":{"idSuffix":"inner"}},"clearTextFirst":true,"interactionType":"ENTER_TEXT"}]}
COMMAND: POST /session/9813251e0ae410a7418940dcaaaaf337/execute/async - {"script":"<script> [1562 bytes]","args":[{"selector":{"id":"application-manageresources-display-component---newResourceUnit--BASE_UNIT_OF_MEASURE","interaction":{"idSuffix":"inner"}},"wdio_ui5_key":"applicationmanageresources-display-component---newResourceUnit--BASE_UNIT_OF_MEASURE"}]}
RESULT: {"script":"<script> [1562 bytes]","args":[{"selector":{"id":"application-manageresources-display-component---newResourceUnit--BASE_UNIT_OF_MEASURE","interaction":{"idSuffix":"inner"}},"wdio_ui5_key":"applicationmanageresources-display-component---newResourceUnit--BASE_UNIT_OF_MEASURE"}]}
RESULT: undefined
COMMAND: POST /session/9813251e0ae410a7418940dcaaaaf337/execute/async - {"script":"<script> [776 bytes]","args":[{"enterText":"Piece","selector":{"id":"application-manageresources-display-component---newResourceUnit--BASE_UNIT_OF_MEASURE","interaction":{"idSuffix":"inner"}},"clearTextFirst":true,"interactionType":"ENTER_TEXT"}]}
RESULT: {"script":"<script> [776 bytes]","args":[{"enterText":"Piece","selector":{"id":"application-manageresources-display-component---newResourceUnit--BASE_UNIT_OF_MEASURE","interaction":{"idSuffix":"inner"}},"clearTextFirst":true,"interactionType":"ENTER_TEXT"}]}
COMMAND: POST /session/9813251e0ae410a7418940dcaaaaf337/execute/async - {"script":"<script> [1562 bytes]","args":[{"selector":{"id":"application-manageresources-display-component---newResourceUnit--WEIGHT_UNIT","interaction":{"idSuffix":"inner"}},"wdio_ui5_key":"applicationmanageresources-display-component---newResourceUnit--WEIGHT_UNIT"}]}
RESULT: {"script":"<script> [1562 bytes]","args":[{"selector":{"id":"application-manageresources-display-component---newResourceUnit--WEIGHT_UNIT","interaction":{"idSuffix":"inner"}},"wdio_ui5_key":"applicationmanageresources-display-component---newResourceUnit--WEIGHT_UNIT"}]}
RESULT: undefined
COMMAND: POST /session/9813251e0ae410a7418940dcaaaaf337/execute/async - {"script":"<script> [776 bytes]","args":[{"enterText":"Gram","selector":{"id":"application-manageresources-display-component---newResourceUnit--WEIGHT_UNIT","interaction":{"idSuffix":"inner"}},"clearTextFirst":true,"interactionType":"ENTER_TEXT"}]}
RESULT: {"script":"<script> [776 bytes]","args":[{"enterText":"Gram","selector":{"id":"application-manageresources-display-component---newResourceUnit--WEIGHT_UNIT","interaction":{"idSuffix":"inner"}},"clearTextFirst":true,"interactionType":"ENTER_TEXT"}]}
COMMAND: POST /session/9813251e0ae410a7418940dcaaaaf337/execute/async - {"script":"<script> [1562 bytes]","args":[{"selector":{"id":"application-manageresources-display-component---newResourceUnit--DIMENSION_UNIT","interaction":{"idSuffix":"inner"}},"wdio_ui5_key":"applicationmanageresources-display-component---newResourceUnit--DIMENSION_UNIT"}]}
RESULT: {"script":"<script> [1562 bytes]","args":[{"selector":{"id":"application-manageresources-display-component---newResourceUnit--DIMENSION_UNIT","interaction":{"idSuffix":"inner"}},"wdio_ui5_key":"applicationmanageresources-display-component---newResourceUnit--DIMENSION_UNIT"}]}
RESULT: undefined
COMMAND: POST /session/9813251e0ae410a7418940dcaaaaf337/execute/async - {"script":"<script> [776 bytes]","args":[{"enterText":"Meter","selector":{"id":"application-manageresources-display-component---newResourceUnit--DIMENSION_UNIT","interaction":{"idSuffix":"inner"}},"clearTextFirst":true,"interactionType":"ENTER_TEXT"}]}
RESULT: {"script":"<script> [776 bytes]","args":[{"enterText":"Meter","selector":{"id":"application-manageresources-display-component---newResourceUnit--DIMENSION_UNIT","interaction":{"idSuffix":"inner"}},"clearTextFirst":true,"interactionType":"ENTER_TEXT"}]}
COMMAND: POST /session/9813251e0ae410a7418940dcaaaaf337/execute/async - {"script":"<script> [1562 bytes]","args":[{"selector":{"id":"application-manageresources-display-component---newResourceUnit--newRRUPage-anchBar-application-manageresources-display-component---newResourceUnit--control-anchor","interaction":{"idSuffix":"BDI-content"}},"wdio_ui5_key":"applicationmanageresources-display-component---newResourceUnit--newRRUPage-anchBar-application-manageresources-display-component---newResourceUnit--control-anchor"}]}
RESULT: {"script":"<script> [1562 bytes]","args":[{"selector":{"id":"application-manageresources-display-component---newResourceUnit--newRRUPage-anchBar-application-manageresources-display-component---newResourceUnit--control-anchor","interaction":{"idSuffix":"BDI-content"}},"wdio_ui5_key":"applicationmanageresources-display-component---newResourceUnit--newRRUPage-anchBar-application-manageresources-display-component---newResourceUnit--control-anchor"}]}
RESULT: undefined
COMMAND: POST /session/9813251e0ae410a7418940dcaaaaf337/element - {"using":"xpath","value":"//*[@id=\"application-manageresources-display-component---newResourceUnit--newRRUPage-anchBar-application-manageresources-display-component---newResourceUnit--control-anchor\"]"}
RESULT: {"using":"xpath","value":"//*[@id=\"application-manageresources-display-component---newResourceUnit--newRRUPage-anchBar-application-manageresources-display-component---newResourceUnit--control-anchor\"]"}
COMMAND: POST /session/9813251e0ae410a7418940dcaaaaf337/element/f.6D6192A7F298CA7F9ED2043BE1BC656F.d.2CBAE40A7DD7888EA6F5F330D21D9575.e.7317/click - {}
RESULT: {}
COMMAND: POST /session/9813251e0ae410a7418940dcaaaaf337/execute/async - {"script":"<script> [1562 bytes]","args":[{"selector":{"id":"application-manageresources-display-component---newResourceUnit--PLANNING_GROUP","interaction":{"idSuffix":"inner"}},"wdio_ui5_key":"applicationmanageresources-display-component---newResourceUnit--PLANNING_GROUP"}]}
COMMAND: GET /session/9813251e0ae410a7418940dcaaaaf337/screenshot - {}
RESULT: {"script":"<script> [1562 bytes]","args":[{"selector":{"id":"application-manageresources-display-component---newResourceUnit--PLANNING_GROUP","interaction":{"idSuffix":"inner"}},"wdio_ui5_key":"applicationmanageresources-display-component---newResourceUnit--PLANNING_GROUP"}]}
RESULT: undefined
COMMAND: POST /session/9813251e0ae410a7418940dcaaaaf337/execute/async - {"script":"<script> [776 bytes]","args":[{"enterText":"Material","selector":{"id":"application-manageresources-display-component---newResourceUnit--PLANNING_GROUP","interaction":{"idSuffix":"inner"}},"clearTextFirst":true,"interactionType":"ENTER_TEXT"}]}
RESULT: {}
RESULT: {"script":"<script> [776 bytes]","args":[{"enterText":"Material","selector":{"id":"application-manageresources-display-component---newResourceUnit--PLANNING_GROUP","interaction":{"idSuffix":"inner"}},"clearTextFirst":true,"interactionType":"ENTER_TEXT"}]}
COMMAND: POST /session/9813251e0ae410a7418940dcaaaaf337/execute/async - {"script":"<script> [1562 bytes]","args":[{"selector":{"id":"application-manageresources-display-component---newResourceUnit--PLANNING_INDICATOR","interaction":{"idSuffix":"inner"}},"wdio_ui5_key":"applicationmanageresources-display-component---newResourceUnit--PLANNING_INDICATOR"}]}
RESULT: {"script":"<script> [1562 bytes]","args":[{"selector":{"id":"application-manageresources-display-component---newResourceUnit--PLANNING_INDICATOR","interaction":{"idSuffix":"inner"}},"wdio_ui5_key":"applicationmanageresources-display-component---newResourceUnit--PLANNING_INDICATOR"}]}
RESULT: undefined
COMMAND: POST /session/9813251e0ae410a7418940dcaaaaf337/execute/async - {"script":"<script> [776 bytes]","args":[{"enterText":"10 - infinite","selector":{"id":"application-manageresources-display-component---newResourceUnit--PLANNING_INDICATOR","interaction":{"idSuffix":"inner"}},"clearTextFirst":true,"interactionType":"ENTER_TEXT"}]}
RESULT: {"script":"<script> [776 bytes]","args":[{"enterText":"10 - infinite","selector":{"id":"application-manageresources-display-component---newResourceUnit--PLANNING_INDICATOR","interaction":{"idSuffix":"inner"}},"clearTextFirst":true,"interactionType":"ENTER_TEXT"}]}
COMMAND: POST /session/9813251e0ae410a7418940dcaaaaf337/element - {"using":"css selector","value":"#application-manageresources-display-component---newResourceUnit--btnAddTimeSegment"}
RESULT: {"using":"css selector","value":"#application-manageresources-display-component---newResourceUnit--btnAddTimeSegment"}
COMMAND: GET /session/9813251e0ae410a7418940dcaaaaf337/element/f.6D6192A7F298CA7F9ED2043BE1BC656F.d.2CBAE40A7DD7888EA6F5F330D21D9575.e.7327/rect - {}
RESULT: {}
COMMAND: GET /session/9813251e0ae410a7418940dcaaaaf337/window/rect - {}
RESULT: {}
COMMAND: POST /session/9813251e0ae410a7418940dcaaaaf337/execute/sync - {"script":"<script> [92 bytes]","args":[]}
RESULT: {"script":"<script> [92 bytes]","args":[]}
COMMAND: POST /session/9813251e0ae410a7418940dcaaaaf337/actions - {"actions":[{"id":"action20","type":"wheel","parameters":{},"actions":[{"type":"scroll","x":-1888,"y":-32,"deltaX":0,"deltaY":0,"duration":0,"origin":{"element-6066-11e4-a52e-4f735466cecf":"f.6D6192A7F298CA7F9ED2043BE1BC656F.d.2CBAE40A7DD7888EA6F5F330D21D9575.e.7327"}}]}]}
COMMAND: GET /session/9813251e0ae410a7418940dcaaaaf337/screenshot - {}
RESULT: {}
COMMAND: POST /session/9813251e0ae410a7418940dcaaaaf337/execute/sync - {"script":"<script> [79 bytes]","args":[{"element-6066-11e4-a52e-4f735466cecf":"f.6D6192A7F298CA7F9ED2043BE1BC656F.d.2CBAE40A7DD7888EA6F5F330D21D9575.e.7327","ELEMENT":"f.6D6192A7F298CA7F9ED2043BE1BC656F.d.2CBAE40A7DD7888EA6F5F330D21D9575.e.7327"},{"block":"start","inline":"nearest"}]}
RESULT: {"script":"<script> [79 bytes]","args":[{"element-6066-11e4-a52e-4f735466cecf":"f.6D6192A7F298CA7F9ED2043BE1BC656F.d.2CBAE40A7DD7888EA6F5F330D21D9575.e.7327","ELEMENT":"f.6D6192A7F298CA7F9ED2043BE1BC656F.d.2CBAE40A7DD7888EA6F5F330D21D9575.e.7327"},{"block":"start","inline":"nearest"}]}
COMMAND: POST /session/9813251e0ae410a7418940dcaaaaf337/execute/async - {"script":"<script> [1562 bytes]","args":[{"selector":{"id":"application-manageresources-display-component---newResourceUnit--btnAddTimeSegment","interaction":{"idSuffix":"inner"}},"wdio_ui5_key":"applicationmanageresources-display-component---newResourceUnit--btnAddTimeSegment"}]}
COMMAND: GET /session/9813251e0ae410a7418940dcaaaaf337/screenshot - {}
RESULT: {"script":"<script> [1562 bytes]","args":[{"selector":{"id":"application-manageresources-display-component---newResourceUnit--btnAddTimeSegment","interaction":{"idSuffix":"inner"}},"wdio_ui5_key":"applicationmanageresources-display-component---newResourceUnit--btnAddTimeSegment"}]}
RESULT: undefined
COMMAND: POST /session/9813251e0ae410a7418940dcaaaaf337/element - {"using":"xpath","value":"//*[@id=\"application-manageresources-display-component---newResourceUnit--btnAddTimeSegment\"]"}
RESULT: {}
RESULT: {"using":"xpath","value":"//*[@id=\"application-manageresources-display-component---newResourceUnit--btnAddTimeSegment\"]"}
COMMAND: POST /session/9813251e0ae410a7418940dcaaaaf337/element/f.6D6192A7F298CA7F9ED2043BE1BC656F.d.2CBAE40A7DD7888EA6F5F330D21D9575.e.7327/click - {}
RESULT: {}
COMMAND: GET /session/9813251e0ae410a7418940dcaaaaf337/screenshot - {}
RESULT: {}
COMMAND: POST /session/9813251e0ae410a7418940dcaaaaf337/element - {"using":"xpath","value":"//input[@id=\"application-manageresources-display-component---newResourceUnit--idRuTSAdmin-application-manageresources-display-component---newResourceUnit--RUTimeSegment-0-inner\"]"}
RESULT: {"using":"xpath","value":"//input[@id=\"application-manageresources-display-component---newResourceUnit--idRuTSAdmin-application-manageresources-display-component---newResourceUnit--RUTimeSegment-0-inner\"]"}
COMMAND: POST /session/9813251e0ae410a7418940dcaaaaf337/element/f.6D6192A7F298CA7F9ED2043BE1BC656F.d.2CBAE40A7DD7888EA6F5F330D21D9575.e.7332/clear - {}
RESULT: {}
COMMAND: POST /session/9813251e0ae410a7418940dcaaaaf337/element/f.6D6192A7F298CA7F9ED2043BE1BC656F.d.2CBAE40A7DD7888EA6F5F330D21D9575.e.7332/value - {"text":"687"}
COMMAND: GET /session/9813251e0ae410a7418940dcaaaaf337/screenshot - {}
RESULT: {"text":"687"}
COMMAND: GET /session/9813251e0ae410a7418940dcaaaaf337/screenshot - {}
RESULT: {}
RESULT: {}
COMMAND: POST /session/9813251e0ae410a7418940dcaaaaf337/element - {"using":"xpath","value":"//li[.//span[text()='687']]"}
RESULT: {"using":"xpath","value":"//li[.//span[text()='687']]"}
COMMAND: POST /session/9813251e0ae410a7418940dcaaaaf337/element/f.6D6192A7F298CA7F9ED2043BE1BC656F.d.2CBAE40A7DD7888EA6F5F330D21D9575.e.7341/click - {}
RESULT: {}
COMMAND: GET /session/9813251e0ae410a7418940dcaaaaf337/screenshot - {}
RESULT: {}
COMMAND: POST /session/9813251e0ae410a7418940dcaaaaf337/element - {"using":"xpath","value":"(//span[contains(@id, \"-application-manageresources-display-component---newResourceUnit--RUTimeSegment-0-arrow\")])[2]"}
RESULT: {"using":"xpath","value":"(//span[contains(@id, \"-application-manageresources-display-component---newResourceUnit--RUTimeSegment-0-arrow\")])[2]"}
COMMAND: POST /session/9813251e0ae410a7418940dcaaaaf337/element/f.6D6192A7F298CA7F9ED2043BE1BC656F.d.2CBAE40A7DD7888EA6F5F330D21D9575.e.7342/click - {}
RESULT: {}
COMMAND: POST /session/9813251e0ae410a7418940dcaaaaf337/element - {"using":"xpath","value":"//span[contains(text(), \"PM Order\")]"}
COMMAND: GET /session/9813251e0ae410a7418940dcaaaaf337/screenshot - {}
RESULT: {"using":"xpath","value":"//span[contains(text(), \"PM Order\")]"}
COMMAND: POST /session/9813251e0ae410a7418940dcaaaaf337/element/f.6D6192A7F298CA7F9ED2043BE1BC656F.d.2CBAE40A7DD7888EA6F5F330D21D9575.e.7343/click - {}
RESULT: {}
RESULT: {}
COMMAND: GET /session/9813251e0ae410a7418940dcaaaaf337/screenshot - {}
RESULT: {}
COMMAND: POST /session/9813251e0ae410a7418940dcaaaaf337/element - {"using":"xpath","value":"//td/div/div/div/span[contains(@id, \"newResourceUnit--RUTimeSegment-0-vhi\")][1]"}
RESULT: {"using":"xpath","value":"//td/div/div/div/span[contains(@id, \"newResourceUnit--RUTimeSegment-0-vhi\")][1]"}
COMMAND: GET /session/9813251e0ae410a7418940dcaaaaf337/element/f.6D6192A7F298CA7F9ED2043BE1BC656F.d.2CBAE40A7DD7888EA6F5F330D21D9575.e.7347/rect - {}
RESULT: {}
COMMAND: GET /session/9813251e0ae410a7418940dcaaaaf337/window/rect - {}
RESULT: {}
COMMAND: POST /session/9813251e0ae410a7418940dcaaaaf337/execute/sync - {"script":"<script> [92 bytes]","args":[]}
RESULT: {"script":"<script> [92 bytes]","args":[]}
COMMAND: POST /session/9813251e0ae410a7418940dcaaaaf337/actions - {"actions":[{"id":"action21","type":"wheel","parameters":{},"actions":[{"type":"scroll","x":-1888,"y":-24,"deltaX":0,"deltaY":0,"duration":0,"origin":{"element-6066-11e4-a52e-4f735466cecf":"f.6D6192A7F298CA7F9ED2043BE1BC656F.d.2CBAE40A7DD7888EA6F5F330D21D9575.e.7347"}}]}]}
COMMAND: GET /session/9813251e0ae410a7418940dcaaaaf337/screenshot - {}
RESULT: {}
COMMAND: POST /session/9813251e0ae410a7418940dcaaaaf337/execute/sync - {"script":"<script> [79 bytes]","args":[{"element-6066-11e4-a52e-4f735466cecf":"f.6D6192A7F298CA7F9ED2043BE1BC656F.d.2CBAE40A7DD7888EA6F5F330D21D9575.e.7347","ELEMENT":"f.6D6192A7F298CA7F9ED2043BE1BC656F.d.2CBAE40A7DD7888EA6F5F330D21D9575.e.7347"},{"block":"start","inline":"nearest"}]}
RESULT: {"script":"<script> [79 bytes]","args":[{"element-6066-11e4-a52e-4f735466cecf":"f.6D6192A7F298CA7F9ED2043BE1BC656F.d.2CBAE40A7DD7888EA6F5F330D21D9575.e.7347","ELEMENT":"f.6D6192A7F298CA7F9ED2043BE1BC656F.d.2CBAE40A7DD7888EA6F5F330D21D9575.e.7347"},{"block":"start","inline":"nearest"}]}
COMMAND: GET /session/9813251e0ae410a7418940dcaaaaf337/screenshot - {}
RESULT: {}
COMMAND: POST /session/9813251e0ae410a7418940dcaaaaf337/element/f.6D6192A7F298CA7F9ED2043BE1BC656F.d.2CBAE40A7DD7888EA6F5F330D21D9575.e.7347/click - {}
RESULT: {}
COMMAND: GET /session/9813251e0ae410a7418940dcaaaaf337/screenshot - {}
RESULT: {}
COMMAND: POST /session/9813251e0ae410a7418940dcaaaaf337/execute/async - {"script":"<script> [1562 bytes]","args":[{"selector":{"controlType":"sap.m.SearchField","properties":{"placeholder":"Search"},"searchOpenDialogs":true,"interaction":{"idSuffix":"I"}},"wdio_ui5_key":"sapm.SearchField{\"placeholder\":\"Search\"}"}]}
RESULT: {"script":"<script> [1562 bytes]","args":[{"selector":{"controlType":"sap.m.SearchField","properties":{"placeholder":"Search"},"searchOpenDialogs":true,"interaction":{"idSuffix":"I"}},"wdio_ui5_key":"sapm.SearchField{\"placeholder\":\"Search\"}"}]}
RESULT: undefined
COMMAND: POST /session/9813251e0ae410a7418940dcaaaaf337/execute/async - {"script":"<script> [776 bytes]","args":[{"enterText":"4000360","selector":{"controlType":"sap.m.SearchField","properties":{"placeholder":"Search"},"searchOpenDialogs":true,"interaction":{"idSuffix":"I"}},"clearTextFirst":true,"interactionType":"ENTER_TEXT"}]}
RESULT: {"script":"<script> [776 bytes]","args":[{"enterText":"4000360","selector":{"controlType":"sap.m.SearchField","properties":{"placeholder":"Search"},"searchOpenDialogs":true,"interaction":{"idSuffix":"I"}},"clearTextFirst":true,"interactionType":"ENTER_TEXT"}]}
COMMAND: POST /session/9813251e0ae410a7418940dcaaaaf337/actions - {"actions":[{"id":"action22","type":"key","parameters":{},"actions":[{"type":"keyDown","value":"î€‡"},{"type":"pause","duration":10},{"type":"keyUp","value":"î€‡"}]}]}
RESULT: {"actions":[{"id":"action22","type":"key","parameters":{},"actions":[{"type":"keyDown","value":"î€‡"},{"type":"pause","duration":10},{"type":"keyUp","value":"î€‡"}]}]}
COMMAND: GET /session/9813251e0ae410a7418940dcaaaaf337/screenshot - {}
RESULT: {}
COMMAND: POST /session/9813251e0ae410a7418940dcaaaaf337/element - {"using":"xpath","value":"//td/div/span[contains(text(), \"BGL Vehicles\")]"}
RESULT: {"using":"xpath","value":"//td/div/span[contains(text(), \"BGL Vehicles\")]"}
COMMAND: POST /session/9813251e0ae410a7418940dcaaaaf337/element/f.6D6192A7F298CA7F9ED2043BE1BC656F.d.2CBAE40A7DD7888EA6F5F330D21D9575.e.7368/click - {}
RESULT: {}
COMMAND: GET /session/9813251e0ae410a7418940dcaaaaf337/screenshot - {}
RESULT: {}
COMMAND: POST /session/9813251e0ae410a7418940dcaaaaf337/element - {"using":"xpath","value":"//bdi[contains(text(), \"OK\")]"}
RESULT: {"using":"xpath","value":"//bdi[contains(text(), \"OK\")]"}
COMMAND: POST /session/9813251e0ae410a7418940dcaaaaf337/element/f.6D6192A7F298CA7F9ED2043BE1BC656F.d.2CBAE40A7DD7888EA6F5F330D21D9575.e.7369/click - {}
RESULT: {}
COMMAND: GET /session/9813251e0ae410a7418940dcaaaaf337/screenshot - {}
RESULT: {}
COMMAND: POST /session/9813251e0ae410a7418940dcaaaaf337/element - {"using":"xpath","value":"//label[contains(@class, 'sapMLabelRequired') and .//bdi[contains(text(), 'Planned Retirement')]]"}
RESULT: {"using":"xpath","value":"//label[contains(@class, 'sapMLabelRequired') and .//bdi[contains(text(), 'Planned Retirement')]]"}
COMMAND: POST /session/9813251e0ae410a7418940dcaaaaf337/elements - {"using":"xpath","value":"//label[contains(@class, 'sapMLabelRequired') and .//bdi[contains(text(), 'Planned Retirement')]]"}
RESULT: {"using":"xpath","value":"//label[contains(@class, 'sapMLabelRequired') and .//bdi[contains(text(), 'Planned Retirement')]]"}
COMMAND: POST /session/9813251e0ae410a7418940dcaaaaf337/element - {"using":"xpath","value":"//button[@data-kt=\"resourceUnitSaveButton\"]"}
RESULT: {"using":"xpath","value":"//button[@data-kt=\"resourceUnitSaveButton\"]"}
COMMAND: POST /session/9813251e0ae410a7418940dcaaaaf337/element/f.6D6192A7F298CA7F9ED2043BE1BC656F.d.2CBAE40A7DD7888EA6F5F330D21D9575.e.7204/click - {}
RESULT: {}
COMMAND: GET /session/9813251e0ae410a7418940dcaaaaf337/screenshot - {}
RESULT: {}
COMMAND: POST /session/9813251e0ae410a7418940dcaaaaf337/element - {"using":"xpath","value":"//bdi[contains(text(), \"Close\")]"}
RESULT: {"using":"xpath","value":"//bdi[contains(text(), \"Close\")]"}
COMMAND: POST /session/9813251e0ae410a7418940dcaaaaf337/element/f.6D6192A7F298CA7F9ED2043BE1BC656F.d.2CBAE40A7DD7888EA6F5F330D21D9575.e.7375/click - {}
RESULT: {}
COMMAND: GET /session/9813251e0ae410a7418940dcaaaaf337/screenshot - {}
RESULT: {}
COMMAND: POST /session/9813251e0ae410a7418940dcaaaaf337/element - {"using":"xpath","value":"//header[contains(@id, 'detailRruPage-headerTitle')]/div[1]/div[2]/div[2]/span[1]"}
RESULT: {"using":"xpath","value":"//header[contains(@id, 'detailRruPage-headerTitle')]/div[1]/div[2]/div[2]/span[1]"}
COMMAND: POST /session/9813251e0ae410a7418940dcaaaaf337/elements - {"using":"xpath","value":"//header[contains(@id, 'detailRruPage-headerTitle')]/div[1]/div[2]/div[2]/span[1]"}
RESULT: {"using":"xpath","value":"//header[contains(@id, 'detailRruPage-headerTitle')]/div[1]/div[2]/div[2]/span[1]"}
COMMAND: POST /session/9813251e0ae410a7418940dcaaaaf337/execute/sync - {"script":"<script> [56 bytes]","args":[{"element-6066-11e4-a52e-4f735466cecf":"f.6D6192A7F298CA7F9ED2043BE1BC656F.d.2CBAE40A7DD7888EA6F5F330D21D9575.e.7401","ELEMENT":"f.6D6192A7F298CA7F9ED2043BE1BC656F.d.2CBAE40A7DD7888EA6F5F330D21D9575.e.7401"}]}
RESULT: {"script":"<script> [56 bytes]","args":[{"element-6066-11e4-a52e-4f735466cecf":"f.6D6192A7F298CA7F9ED2043BE1BC656F.d.2CBAE40A7DD7888EA6F5F330D21D9575.e.7401","ELEMENT":"f.6D6192A7F298CA7F9ED2043BE1BC656F.d.2CBAE40A7DD7888EA6F5F330D21D9575.e.7401"}]}
COMMAND: GET /session/9813251e0ae410a7418940dcaaaaf337/screenshot - {}
]]></system-out>
    </testcase>
    <testcase classname="chrome.137_0_7151_56.windows.US134625_Set_up_price_condition_-_one_time" name="Should create new pricing rule one time" time="50.987">
      <system-out><![CDATA[
COMMAND: POST /session/9813251e0ae410a7418940dcaaaaf337/element - {"using":"xpath","value":"(//button[contains(@id ,\"actionsToolbar-overflowButton\")])[1]"}
RESULT: {}
RESULT: {"using":"xpath","value":"(//button[contains(@id ,\"actionsToolbar-overflowButton\")])[1]"}
COMMAND: POST /session/9813251e0ae410a7418940dcaaaaf337/element/f.6D6192A7F298CA7F9ED2043BE1BC656F.d.2CBAE40A7DD7888EA6F5F330D21D9575.e.7402/click - {}
RESULT: {}
COMMAND: GET /session/9813251e0ae410a7418940dcaaaaf337/screenshot - {}
RESULT: {}
COMMAND: POST /session/9813251e0ae410a7418940dcaaaaf337/element - {"using":"xpath","value":"//button[@data-kt=\"priceInfoButton\"]"}
RESULT: {"using":"xpath","value":"//button[@data-kt=\"priceInfoButton\"]"}
COMMAND: POST /session/9813251e0ae410a7418940dcaaaaf337/element/f.6D6192A7F298CA7F9ED2043BE1BC656F.d.2CBAE40A7DD7888EA6F5F330D21D9575.e.7404/click - {}
RESULT: {}
COMMAND: GET /session/9813251e0ae410a7418940dcaaaaf337/screenshot - {}
RESULT: {}
COMMAND: POST /session/9813251e0ae410a7418940dcaaaaf337/element - {"using":"xpath","value":"//button[@data-kt=\"addButton\"]"}
RESULT: {"using":"xpath","value":"//button[@data-kt=\"addButton\"]"}
COMMAND: POST /session/9813251e0ae410a7418940dcaaaaf337/elements - {"using":"xpath","value":"//button[@data-kt=\"addButton\"]"}
RESULT: {"using":"xpath","value":"//button[@data-kt=\"addButton\"]"}
COMMAND: POST /session/9813251e0ae410a7418940dcaaaaf337/elements - {"using":"xpath","value":"//button[@data-kt=\"addButton\"]"}
RESULT: {"using":"xpath","value":"//button[@data-kt=\"addButton\"]"}
COMMAND: POST /session/9813251e0ae410a7418940dcaaaaf337/element - {"using":"xpath","value":"//button[@data-kt=\"addButton\"]"}
RESULT: {"using":"xpath","value":"//button[@data-kt=\"addButton\"]"}
COMMAND: POST /session/9813251e0ae410a7418940dcaaaaf337/execute/sync - {"script":"<script> [8489 bytes]","args":[{"element-6066-11e4-a52e-4f735466cecf":"f.6D6192A7F298CA7F9ED2043BE1BC656F.d.2CBAE40A7DD7888EA6F5F330D21D9575.e.7440","ELEMENT":"f.6D6192A7F298CA7F9ED2043BE1BC656F.d.2CBAE40A7DD7888EA6F5F330D21D9575.e.7440"}]}
RESULT: {"script":"<script> [8489 bytes]","args":[{"element-6066-11e4-a52e-4f735466cecf":"f.6D6192A7F298CA7F9ED2043BE1BC656F.d.2CBAE40A7DD7888EA6F5F330D21D9575.e.7440","ELEMENT":"f.6D6192A7F298CA7F9ED2043BE1BC656F.d.2CBAE40A7DD7888EA6F5F330D21D9575.e.7440"}]}
COMMAND: GET /session/9813251e0ae410a7418940dcaaaaf337/element/f.6D6192A7F298CA7F9ED2043BE1BC656F.d.2CBAE40A7DD7888EA6F5F330D21D9575.e.7440/enabled - {}
COMMAND: GET /session/9813251e0ae410a7418940dcaaaaf337/screenshot - {}
RESULT: {}
COMMAND: POST /session/9813251e0ae410a7418940dcaaaaf337/execute/sync - {"script":"<script> [8489 bytes]","args":[{"element-6066-11e4-a52e-4f735466cecf":"f.6D6192A7F298CA7F9ED2043BE1BC656F.d.2CBAE40A7DD7888EA6F5F330D21D9575.e.7440","ELEMENT":"f.6D6192A7F298CA7F9ED2043BE1BC656F.d.2CBAE40A7DD7888EA6F5F330D21D9575.e.7440"}]}
COMMAND: GET /session/9813251e0ae410a7418940dcaaaaf337/screenshot - {}
RESULT: {}
RESULT: {"script":"<script> [8489 bytes]","args":[{"element-6066-11e4-a52e-4f735466cecf":"f.6D6192A7F298CA7F9ED2043BE1BC656F.d.2CBAE40A7DD7888EA6F5F330D21D9575.e.7440","ELEMENT":"f.6D6192A7F298CA7F9ED2043BE1BC656F.d.2CBAE40A7DD7888EA6F5F330D21D9575.e.7440"}]}
COMMAND: POST /session/9813251e0ae410a7418940dcaaaaf337/execute/sync - {"script":"<script> [5351 bytes]","args":[{"element-6066-11e4-a52e-4f735466cecf":"f.6D6192A7F298CA7F9ED2043BE1BC656F.d.2CBAE40A7DD7888EA6F5F330D21D9575.e.7440","ELEMENT":"f.6D6192A7F298CA7F9ED2043BE1BC656F.d.2CBAE40A7DD7888EA6F5F330D21D9575.e.7440"}]}
COMMAND: GET /session/9813251e0ae410a7418940dcaaaaf337/screenshot - {}
RESULT: {}
RESULT: {"script":"<script> [5351 bytes]","args":[{"element-6066-11e4-a52e-4f735466cecf":"f.6D6192A7F298CA7F9ED2043BE1BC656F.d.2CBAE40A7DD7888EA6F5F330D21D9575.e.7440","ELEMENT":"f.6D6192A7F298CA7F9ED2043BE1BC656F.d.2CBAE40A7DD7888EA6F5F330D21D9575.e.7440"}]}
COMMAND: POST /session/9813251e0ae410a7418940dcaaaaf337/element/f.6D6192A7F298CA7F9ED2043BE1BC656F.d.2CBAE40A7DD7888EA6F5F330D21D9575.e.7440/click - {}
COMMAND: GET /session/9813251e0ae410a7418940dcaaaaf337/screenshot - {}
RESULT: {}
RESULT: {}
COMMAND: GET /session/9813251e0ae410a7418940dcaaaaf337/screenshot - {}
RESULT: {}
RESULT: {}
COMMAND: POST /session/9813251e0ae410a7418940dcaaaaf337/execute/async - {"script":"<script> [1562 bytes]","args":[{"selector":{"controlType":"sap.m.Title","viewName":"etm.portal.ui.managepricingrules.view.NewItem","viewId":"application-managepricingrules-display-component---newInfoPriceItem","properties":{"text":"New Pricing Rules - Item Level"}},"wdio_ui5_key":"etmportal.ui.managepricingrules.view.NewItemsap.m.Title{\"text\":\"New Pricing Rules - Item Level\"}"}]}
RESULT: {"script":"<script> [1562 bytes]","args":[{"selector":{"controlType":"sap.m.Title","viewName":"etm.portal.ui.managepricingrules.view.NewItem","viewId":"application-managepricingrules-display-component---newInfoPriceItem","properties":{"text":"New Pricing Rules - Item Level"}},"wdio_ui5_key":"etmportal.ui.managepricingrules.view.NewItemsap.m.Title{\"text\":\"New Pricing Rules - Item Level\"}"}]}
RESULT: undefined
COMMAND: POST /session/9813251e0ae410a7418940dcaaaaf337/execute/async - {"script":"<script> [6424 bytes]","args":[{"element-6066-11e4-a52e-4f735466cecf":"f.6D6192A7F298CA7F9ED2043BE1BC656F.d.2CBAE40A7DD7888EA6F5F330D21D9575.e.7611"},"getText",[]]}
RESULT: {"script":"<script> [6424 bytes]","args":[{"element-6066-11e4-a52e-4f735466cecf":"f.6D6192A7F298CA7F9ED2043BE1BC656F.d.2CBAE40A7DD7888EA6F5F330D21D9575.e.7611"},"getText",[]]}
COMMAND: POST /session/9813251e0ae410a7418940dcaaaaf337/execute/async - {"script":"<script> [1562 bytes]","args":[{"selector":{"id":"application-managepricingrules-display-component---newInfoPriceItem--condValidTo","interaction":{"idSuffix":"inner"}},"wdio_ui5_key":"applicationmanagepricingrules-display-component---newInfoPriceItem--condValidTo"}]}
RESULT: {"script":"<script> [1562 bytes]","args":[{"selector":{"id":"application-managepricingrules-display-component---newInfoPriceItem--condValidTo","interaction":{"idSuffix":"inner"}},"wdio_ui5_key":"applicationmanagepricingrules-display-component---newInfoPriceItem--condValidTo"}]}
RESULT: undefined
COMMAND: POST /session/9813251e0ae410a7418940dcaaaaf337/execute/async - {"script":"<script> [776 bytes]","args":[{"enterText":"2/5/26","selector":{"id":"application-managepricingrules-display-component---newInfoPriceItem--condValidTo","interaction":{"idSuffix":"inner"}},"clearTextFirst":true,"interactionType":"ENTER_TEXT"}]}
RESULT: {"script":"<script> [776 bytes]","args":[{"enterText":"2/5/26","selector":{"id":"application-managepricingrules-display-component---newInfoPriceItem--condValidTo","interaction":{"idSuffix":"inner"}},"clearTextFirst":true,"interactionType":"ENTER_TEXT"}]}
COMMAND: POST /session/9813251e0ae410a7418940dcaaaaf337/execute/async - {"script":"<script> [1562 bytes]","args":[{"selector":{"id":"application-managepricingrules-display-component---newInfoPriceItem--billType-arrow"},"wdio_ui5_key":"applicationmanagepricingrules-display-component---newInfoPriceItem--billType-arrow"}]}
RESULT: {"script":"<script> [1562 bytes]","args":[{"selector":{"id":"application-managepricingrules-display-component---newInfoPriceItem--billType-arrow"},"wdio_ui5_key":"applicationmanagepricingrules-display-component---newInfoPriceItem--billType-arrow"}]}
RESULT: undefined
COMMAND: POST /session/9813251e0ae410a7418940dcaaaaf337/element - {"using":"xpath","value":"//*[@id=\"application-managepricingrules-display-component---newInfoPriceItem--billType-arrow\"]"}
RESULT: {"using":"xpath","value":"//*[@id=\"application-managepricingrules-display-component---newInfoPriceItem--billType-arrow\"]"}
COMMAND: POST /session/9813251e0ae410a7418940dcaaaaf337/element/f.6D6192A7F298CA7F9ED2043BE1BC656F.d.2CBAE40A7DD7888EA6F5F330D21D9575.e.7570/click - {}
RESULT: {}
COMMAND: POST /session/9813251e0ae410a7418940dcaaaaf337/element - {"using":"xpath","value":"//span[contains(text(), \"OT - Sales (one-time)\")]"}
COMMAND: GET /session/9813251e0ae410a7418940dcaaaaf337/screenshot - {}
RESULT: {"using":"xpath","value":"//span[contains(text(), \"OT - Sales (one-time)\")]"}
COMMAND: POST /session/9813251e0ae410a7418940dcaaaaf337/element/f.6D6192A7F298CA7F9ED2043BE1BC656F.d.2CBAE40A7DD7888EA6F5F330D21D9575.e.7613/click - {}
RESULT: {}
RESULT: {}
COMMAND: POST /session/9813251e0ae410a7418940dcaaaaf337/execute/async - {"script":"<script> [1562 bytes]","args":[{"selector":{"id":"application-managepricingrules-display-component---newInfoPriceItem--priceProc-arrow"},"wdio_ui5_key":"applicationmanagepricingrules-display-component---newInfoPriceItem--priceProc-arrow"}]}
COMMAND: GET /session/9813251e0ae410a7418940dcaaaaf337/screenshot - {}
RESULT: {"script":"<script> [1562 bytes]","args":[{"selector":{"id":"application-managepricingrules-display-component---newInfoPriceItem--priceProc-arrow"},"wdio_ui5_key":"applicationmanagepricingrules-display-component---newInfoPriceItem--priceProc-arrow"}]}
RESULT: undefined
COMMAND: POST /session/9813251e0ae410a7418940dcaaaaf337/element - {"using":"xpath","value":"//*[@id=\"application-managepricingrules-display-component---newInfoPriceItem--priceProc-arrow\"]"}
RESULT: {}
RESULT: {"using":"xpath","value":"//*[@id=\"application-managepricingrules-display-component---newInfoPriceItem--priceProc-arrow\"]"}
COMMAND: POST /session/9813251e0ae410a7418940dcaaaaf337/element/f.6D6192A7F298CA7F9ED2043BE1BC656F.d.2CBAE40A7DD7888EA6F5F330D21D9575.e.7577/click - {}
RESULT: {}
COMMAND: POST /session/9813251e0ae410a7418940dcaaaaf337/element - {"using":"xpath","value":"//span[contains(text(), \"MAT - Material\")]"}
COMMAND: GET /session/9813251e0ae410a7418940dcaaaaf337/screenshot - {}
RESULT: {"using":"xpath","value":"//span[contains(text(), \"MAT - Material\")]"}
COMMAND: POST /session/9813251e0ae410a7418940dcaaaaf337/element/f.6D6192A7F298CA7F9ED2043BE1BC656F.d.2CBAE40A7DD7888EA6F5F330D21D9575.e.7614/click - {}
RESULT: {}
RESULT: {}
COMMAND: POST /session/9813251e0ae410a7418940dcaaaaf337/execute/async - {"script":"<script> [1562 bytes]","args":[{"selector":{"id":"application-managepricingrules-display-component---newInfoPriceItem--calcBase-arrow"},"wdio_ui5_key":"applicationmanagepricingrules-display-component---newInfoPriceItem--calcBase-arrow"}]}
COMMAND: GET /session/9813251e0ae410a7418940dcaaaaf337/screenshot - {}
RESULT: {"script":"<script> [1562 bytes]","args":[{"selector":{"id":"application-managepricingrules-display-component---newInfoPriceItem--calcBase-arrow"},"wdio_ui5_key":"applicationmanagepricingrules-display-component---newInfoPriceItem--calcBase-arrow"}]}
RESULT: undefined
COMMAND: POST /session/9813251e0ae410a7418940dcaaaaf337/element - {"using":"xpath","value":"//*[@id=\"application-managepricingrules-display-component---newInfoPriceItem--calcBase-arrow\"]"}
RESULT: {}
RESULT: {"using":"xpath","value":"//*[@id=\"application-managepricingrules-display-component---newInfoPriceItem--calcBase-arrow\"]"}
COMMAND: POST /session/9813251e0ae410a7418940dcaaaaf337/element/f.6D6192A7F298CA7F9ED2043BE1BC656F.d.2CBAE40A7DD7888EA6F5F330D21D9575.e.7584/click - {}
RESULT: {}
COMMAND: GET /session/9813251e0ae410a7418940dcaaaaf337/screenshot - {}
RESULT: {}
COMMAND: POST /session/9813251e0ae410a7418940dcaaaaf337/element - {"using":"xpath","value":"//span[contains(text(), \"0001 - TB(exact month + cal_days)\")]"}
RESULT: {"using":"xpath","value":"//span[contains(text(), \"0001 - TB(exact month + cal_days)\")]"}
COMMAND: POST /session/9813251e0ae410a7418940dcaaaaf337/element/f.6D6192A7F298CA7F9ED2043BE1BC656F.d.2CBAE40A7DD7888EA6F5F330D21D9575.e.7615/click - {}
RESULT: {}
COMMAND: GET /session/9813251e0ae410a7418940dcaaaaf337/screenshot - {}
RESULT: {}
COMMAND: POST /session/9813251e0ae410a7418940dcaaaaf337/element - {"using":"xpath","value":"//button[@data-kt=\"saveNewRuleButton\"]"}
RESULT: {"using":"xpath","value":"//button[@data-kt=\"saveNewRuleButton\"]"}
COMMAND: POST /session/9813251e0ae410a7418940dcaaaaf337/element/f.6D6192A7F298CA7F9ED2043BE1BC656F.d.2CBAE40A7DD7888EA6F5F330D21D9575.e.7604/click - {}
RESULT: {}
COMMAND: GET /session/9813251e0ae410a7418940dcaaaaf337/screenshot - {}
RESULT: {}
COMMAND: POST /session/9813251e0ae410a7418940dcaaaaf337/execute/async - {"script":"<script> [1562 bytes]","args":[{"selector":{"id":"application-managepricingrules-display-component---priceInfoItem--smartFilterBar-btnBasicSearch","interaction":{"idSuffix":"I"}},"wdio_ui5_key":"applicationmanagepricingrules-display-component---priceInfoItem--smartFilterBar-btnBasicSearch"}]}
RESULT: {"script":"<script> [1562 bytes]","args":[{"selector":{"id":"application-managepricingrules-display-component---priceInfoItem--smartFilterBar-btnBasicSearch","interaction":{"idSuffix":"I"}},"wdio_ui5_key":"applicationmanagepricingrules-display-component---priceInfoItem--smartFilterBar-btnBasicSearch"}]}
RESULT: undefined
COMMAND: POST /session/9813251e0ae410a7418940dcaaaaf337/execute/async - {"script":"<script> [776 bytes]","args":[{"enterText":"200401","selector":{"id":"application-managepricingrules-display-component---priceInfoItem--smartFilterBar-btnBasicSearch","interaction":{"idSuffix":"I"}},"clearTextFirst":true,"interactionType":"ENTER_TEXT"}]}
RESULT: {"script":"<script> [776 bytes]","args":[{"enterText":"200401","selector":{"id":"application-managepricingrules-display-component---priceInfoItem--smartFilterBar-btnBasicSearch","interaction":{"idSuffix":"I"}},"clearTextFirst":true,"interactionType":"ENTER_TEXT"}]}
COMMAND: POST /session/9813251e0ae410a7418940dcaaaaf337/actions - {"actions":[{"id":"action23","type":"key","parameters":{},"actions":[{"type":"keyDown","value":"î€‡"},{"type":"pause","duration":10},{"type":"keyUp","value":"î€‡"}]}]}
RESULT: {"actions":[{"id":"action23","type":"key","parameters":{},"actions":[{"type":"keyDown","value":"î€‡"},{"type":"pause","duration":10},{"type":"keyUp","value":"î€‡"}]}]}
COMMAND: GET /session/9813251e0ae410a7418940dcaaaaf337/screenshot - {}
RESULT: {}
COMMAND: POST /session/9813251e0ae410a7418940dcaaaaf337/element - {"using":"xpath","value":"//span[@id=\"application-managepricingrules-display-component---priceInfoItem--smartTable-header-inner\"]"}
RESULT: {"using":"xpath","value":"//span[@id=\"application-managepricingrules-display-component---priceInfoItem--smartTable-header-inner\"]"}
COMMAND: POST /session/9813251e0ae410a7418940dcaaaaf337/elements - {"using":"xpath","value":"//span[@id=\"application-managepricingrules-display-component---priceInfoItem--smartTable-header-inner\"]"}
RESULT: {"using":"xpath","value":"//span[@id=\"application-managepricingrules-display-component---priceInfoItem--smartTable-header-inner\"]"}
COMMAND: POST /session/9813251e0ae410a7418940dcaaaaf337/execute/sync - {"script":"<script> [56 bytes]","args":[{"element-6066-11e4-a52e-4f735466cecf":"f.6D6192A7F298CA7F9ED2043BE1BC656F.d.2CBAE40A7DD7888EA6F5F330D21D9575.e.7627","ELEMENT":"f.6D6192A7F298CA7F9ED2043BE1BC656F.d.2CBAE40A7DD7888EA6F5F330D21D9575.e.7627"}]}
RESULT: {"script":"<script> [56 bytes]","args":[{"element-6066-11e4-a52e-4f735466cecf":"f.6D6192A7F298CA7F9ED2043BE1BC656F.d.2CBAE40A7DD7888EA6F5F330D21D9575.e.7627","ELEMENT":"f.6D6192A7F298CA7F9ED2043BE1BC656F.d.2CBAE40A7DD7888EA6F5F330D21D9575.e.7627"}]}
COMMAND: POST /session/9813251e0ae410a7418940dcaaaaf337/element - {"using":"css selector","value":"#shell-header-logo"}
COMMAND: GET /session/9813251e0ae410a7418940dcaaaaf337/screenshot - {}
RESULT: {"using":"css selector","value":"#shell-header-logo"}
COMMAND: POST /session/9813251e0ae410a7418940dcaaaaf337/element/f.6D6192A7F298CA7F9ED2043BE1BC656F.d.2CBAE40A7DD7888EA6F5F330D21D9575.e.6773/click - {}
RESULT: {}
RESULT: {}
COMMAND: GET /session/9813251e0ae410a7418940dcaaaaf337/screenshot - {}
RESULT: {}
]]></system-out>
    </testcase>
    <testcase classname="chrome.137_0_7151_56.windows.US134625_Set_up_price_condition_-_one_time" name="Should create new condition one time" time="61.874">
      <system-out><![CDATA[
COMMAND: POST /session/9813251e0ae410a7418940dcaaaaf337/execute/async - {"script":"<script> [1562 bytes]","args":[{"selector":{"controlType":"sap.m.GenericTile","properties":{"header":"Manage Conditions & Prices"}},"wdio_ui5_key":"sapm.GenericTile{\"header\":\"Manage Conditions & Prices\"}"}]}
RESULT: {"script":"<script> [1562 bytes]","args":[{"selector":{"controlType":"sap.m.GenericTile","properties":{"header":"Manage Conditions & Prices"}},"wdio_ui5_key":"sapm.GenericTile{\"header\":\"Manage Conditions & Prices\"}"}]}
RESULT: undefined
COMMAND: POST /session/9813251e0ae410a7418940dcaaaaf337/element - {"using":"xpath","value":"//*[@id=\"__tile53\"]"}
RESULT: {"using":"xpath","value":"//*[@id=\"__tile53\"]"}
COMMAND: POST /session/9813251e0ae410a7418940dcaaaaf337/element/f.6D6192A7F298CA7F9ED2043BE1BC656F.d.2CBAE40A7DD7888EA6F5F330D21D9575.e.6712/click - {}
RESULT: {}
COMMAND: GET /session/9813251e0ae410a7418940dcaaaaf337/screenshot - {}
RESULT: {}
COMMAND: POST /session/9813251e0ae410a7418940dcaaaaf337/elements - {"using":"xpath","value":"//span[text()='Error']"}
RESULT: {"using":"xpath","value":"//span[text()='Error']"}
COMMAND: POST /session/9813251e0ae410a7418940dcaaaaf337/element - {"using":"xpath","value":"//button[@aria-label=\"Create\"]"}
RESULT: {"using":"xpath","value":"//button[@aria-label=\"Create\"]"}
COMMAND: POST /session/9813251e0ae410a7418940dcaaaaf337/elements - {"using":"xpath","value":"//button[@aria-label=\"Create\"]"}
RESULT: {"using":"xpath","value":"//button[@aria-label=\"Create\"]"}
COMMAND: POST /session/9813251e0ae410a7418940dcaaaaf337/execute/sync - {"script":"<script> [8489 bytes]","args":[{"element-6066-11e4-a52e-4f735466cecf":"f.6D6192A7F298CA7F9ED2043BE1BC656F.d.2CBAE40A7DD7888EA6F5F330D21D9575.e.7662","ELEMENT":"f.6D6192A7F298CA7F9ED2043BE1BC656F.d.2CBAE40A7DD7888EA6F5F330D21D9575.e.7662"}]}
RESULT: {"script":"<script> [8489 bytes]","args":[{"element-6066-11e4-a52e-4f735466cecf":"f.6D6192A7F298CA7F9ED2043BE1BC656F.d.2CBAE40A7DD7888EA6F5F330D21D9575.e.7662","ELEMENT":"f.6D6192A7F298CA7F9ED2043BE1BC656F.d.2CBAE40A7DD7888EA6F5F330D21D9575.e.7662"}]}
COMMAND: GET /session/9813251e0ae410a7418940dcaaaaf337/element/f.6D6192A7F298CA7F9ED2043BE1BC656F.d.2CBAE40A7DD7888EA6F5F330D21D9575.e.7662/enabled - {}
COMMAND: GET /session/9813251e0ae410a7418940dcaaaaf337/screenshot - {}
RESULT: {}
COMMAND: POST /session/9813251e0ae410a7418940dcaaaaf337/execute/sync - {"script":"<script> [8489 bytes]","args":[{"element-6066-11e4-a52e-4f735466cecf":"f.6D6192A7F298CA7F9ED2043BE1BC656F.d.2CBAE40A7DD7888EA6F5F330D21D9575.e.7662","ELEMENT":"f.6D6192A7F298CA7F9ED2043BE1BC656F.d.2CBAE40A7DD7888EA6F5F330D21D9575.e.7662"}]}
COMMAND: GET /session/9813251e0ae410a7418940dcaaaaf337/screenshot - {}
RESULT: {}
RESULT: {"script":"<script> [8489 bytes]","args":[{"element-6066-11e4-a52e-4f735466cecf":"f.6D6192A7F298CA7F9ED2043BE1BC656F.d.2CBAE40A7DD7888EA6F5F330D21D9575.e.7662","ELEMENT":"f.6D6192A7F298CA7F9ED2043BE1BC656F.d.2CBAE40A7DD7888EA6F5F330D21D9575.e.7662"}]}
COMMAND: POST /session/9813251e0ae410a7418940dcaaaaf337/execute/sync - {"script":"<script> [5351 bytes]","args":[{"element-6066-11e4-a52e-4f735466cecf":"f.6D6192A7F298CA7F9ED2043BE1BC656F.d.2CBAE40A7DD7888EA6F5F330D21D9575.e.7662","ELEMENT":"f.6D6192A7F298CA7F9ED2043BE1BC656F.d.2CBAE40A7DD7888EA6F5F330D21D9575.e.7662"}]}
COMMAND: GET /session/9813251e0ae410a7418940dcaaaaf337/screenshot - {}
RESULT: {}
RESULT: {"script":"<script> [5351 bytes]","args":[{"element-6066-11e4-a52e-4f735466cecf":"f.6D6192A7F298CA7F9ED2043BE1BC656F.d.2CBAE40A7DD7888EA6F5F330D21D9575.e.7662","ELEMENT":"f.6D6192A7F298CA7F9ED2043BE1BC656F.d.2CBAE40A7DD7888EA6F5F330D21D9575.e.7662"}]}
COMMAND: POST /session/9813251e0ae410a7418940dcaaaaf337/element/f.6D6192A7F298CA7F9ED2043BE1BC656F.d.2CBAE40A7DD7888EA6F5F330D21D9575.e.7662/click - {}
COMMAND: GET /session/9813251e0ae410a7418940dcaaaaf337/screenshot - {}
RESULT: {}
RESULT: {}
COMMAND: GET /session/9813251e0ae410a7418940dcaaaaf337/screenshot - {}
RESULT: {}
RESULT: {}
COMMAND: POST /session/9813251e0ae410a7418940dcaaaaf337/actions - {"actions":[{"id":"action24","type":"key","parameters":{},"actions":[{"type":"keyDown","value":"î€‡"},{"type":"pause","duration":10},{"type":"keyUp","value":"î€‡"}]}]}
RESULT: {"actions":[{"id":"action24","type":"key","parameters":{},"actions":[{"type":"keyDown","value":"î€‡"},{"type":"pause","duration":10},{"type":"keyUp","value":"î€‡"}]}]}
COMMAND: GET /session/9813251e0ae410a7418940dcaaaaf337/screenshot - {}
RESULT: {}
COMMAND: POST /session/9813251e0ae410a7418940dcaaaaf337/execute/async - {"script":"<script> [1562 bytes]","args":[{"selector":{"id":"application-manageconditionprice-display-component---newCondition--condBillCond-arrow"},"wdio_ui5_key":"applicationmanageconditionprice-display-component---newCondition--condBillCond-arrow"}]}
RESULT: {"script":"<script> [1562 bytes]","args":[{"selector":{"id":"application-manageconditionprice-display-component---newCondition--condBillCond-arrow"},"wdio_ui5_key":"applicationmanageconditionprice-display-component---newCondition--condBillCond-arrow"}]}
RESULT: undefined
COMMAND: POST /session/9813251e0ae410a7418940dcaaaaf337/element - {"using":"xpath","value":"//*[@id=\"application-manageconditionprice-display-component---newCondition--condBillCond-arrow\"]"}
RESULT: {"using":"xpath","value":"//*[@id=\"application-manageconditionprice-display-component---newCondition--condBillCond-arrow\"]"}
COMMAND: POST /session/9813251e0ae410a7418940dcaaaaf337/element/f.6D6192A7F298CA7F9ED2043BE1BC656F.d.2CBAE40A7DD7888EA6F5F330D21D9575.e.7841/click - {}
RESULT: {}
COMMAND: GET /session/9813251e0ae410a7418940dcaaaaf337/screenshot - {}
RESULT: {}
COMMAND: POST /session/9813251e0ae410a7418940dcaaaaf337/element - {"using":"xpath","value":"//li[.//span[contains(text(), \"SAPR - Sales price\")]]"}
RESULT: {"using":"xpath","value":"//li[.//span[contains(text(), \"SAPR - Sales price\")]]"}
COMMAND: POST /session/9813251e0ae410a7418940dcaaaaf337/element/f.6D6192A7F298CA7F9ED2043BE1BC656F.d.2CBAE40A7DD7888EA6F5F330D21D9575.e.7844/click - {}
RESULT: {}
COMMAND: GET /session/9813251e0ae410a7418940dcaaaaf337/screenshot - {}
RESULT: {}
COMMAND: POST /session/9813251e0ae410a7418940dcaaaaf337/execute/async - {"script":"<script> [1562 bytes]","args":[{"selector":{"id":"application-manageconditionprice-display-component---newCondition--condValidTo","interaction":{"idSuffix":"inner"}},"wdio_ui5_key":"applicationmanageconditionprice-display-component---newCondition--condValidTo"}]}
RESULT: {"script":"<script> [1562 bytes]","args":[{"selector":{"id":"application-manageconditionprice-display-component---newCondition--condValidTo","interaction":{"idSuffix":"inner"}},"wdio_ui5_key":"applicationmanageconditionprice-display-component---newCondition--condValidTo"}]}
RESULT: undefined
COMMAND: POST /session/9813251e0ae410a7418940dcaaaaf337/execute/async - {"script":"<script> [776 bytes]","args":[{"enterText":"2/5/26","selector":{"id":"application-manageconditionprice-display-component---newCondition--condValidTo","interaction":{"idSuffix":"inner"}},"clearTextFirst":true,"interactionType":"ENTER_TEXT"}]}
RESULT: {"script":"<script> [776 bytes]","args":[{"enterText":"2/5/26","selector":{"id":"application-manageconditionprice-display-component---newCondition--condValidTo","interaction":{"idSuffix":"inner"}},"clearTextFirst":true,"interactionType":"ENTER_TEXT"}]}
COMMAND: POST /session/9813251e0ae410a7418940dcaaaaf337/element - {"using":"xpath","value":"//input[@id=\"application-manageconditionprice-display-component---newCondition--condRU-inner\"]"}
RESULT: {"using":"xpath","value":"//input[@id=\"application-manageconditionprice-display-component---newCondition--condRU-inner\"]"}
COMMAND: POST /session/9813251e0ae410a7418940dcaaaaf337/element/f.6D6192A7F298CA7F9ED2043BE1BC656F.d.2CBAE40A7DD7888EA6F5F330D21D9575.e.7678/clear - {}
RESULT: {}
COMMAND: POST /session/9813251e0ae410a7418940dcaaaaf337/element/f.6D6192A7F298CA7F9ED2043BE1BC656F.d.2CBAE40A7DD7888EA6F5F330D21D9575.e.7678/value - {"text":"200401"}
COMMAND: GET /session/9813251e0ae410a7418940dcaaaaf337/screenshot - {}
RESULT: {"text":"200401"}
COMMAND: GET /session/9813251e0ae410a7418940dcaaaaf337/screenshot - {}
RESULT: {}
RESULT: {}
COMMAND: POST /session/9813251e0ae410a7418940dcaaaaf337/actions - {"actions":[{"id":"action25","type":"key","parameters":{},"actions":[{"type":"keyDown","value":"î€‡"},{"type":"pause","duration":10},{"type":"keyUp","value":"î€‡"}]}]}
RESULT: {"actions":[{"id":"action25","type":"key","parameters":{},"actions":[{"type":"keyDown","value":"î€‡"},{"type":"pause","duration":10},{"type":"keyUp","value":"î€‡"}]}]}
COMMAND: POST /session/9813251e0ae410a7418940dcaaaaf337/execute/async - {"script":"<script> [1562 bytes]","args":[{"selector":{"id":"application-manageconditionprice-display-component---newCondition--condBaseQty","interaction":{"idSuffix":"inner"}},"wdio_ui5_key":"applicationmanageconditionprice-display-component---newCondition--condBaseQty"}]}
COMMAND: GET /session/9813251e0ae410a7418940dcaaaaf337/screenshot - {}
RESULT: {"script":"<script> [1562 bytes]","args":[{"selector":{"id":"application-manageconditionprice-display-component---newCondition--condBaseQty","interaction":{"idSuffix":"inner"}},"wdio_ui5_key":"applicationmanageconditionprice-display-component---newCondition--condBaseQty"}]}
RESULT: undefined
COMMAND: POST /session/9813251e0ae410a7418940dcaaaaf337/execute/async - {"script":"<script> [776 bytes]","args":[{"enterText":"1","selector":{"id":"application-manageconditionprice-display-component---newCondition--condBaseQty","interaction":{"idSuffix":"inner"}},"clearTextFirst":true,"interactionType":"ENTER_TEXT"}]}
RESULT: {}
RESULT: {"script":"<script> [776 bytes]","args":[{"enterText":"1","selector":{"id":"application-manageconditionprice-display-component---newCondition--condBaseQty","interaction":{"idSuffix":"inner"}},"clearTextFirst":true,"interactionType":"ENTER_TEXT"}]}
COMMAND: POST /session/9813251e0ae410a7418940dcaaaaf337/execute/async - {"script":"<script> [1562 bytes]","args":[{"selector":{"id":"application-manageconditionprice-display-component---newCondition--condValue","interaction":{"idSuffix":"inner"}},"wdio_ui5_key":"applicationmanageconditionprice-display-component---newCondition--condValue"}]}
RESULT: {"script":"<script> [1562 bytes]","args":[{"selector":{"id":"application-manageconditionprice-display-component---newCondition--condValue","interaction":{"idSuffix":"inner"}},"wdio_ui5_key":"applicationmanageconditionprice-display-component---newCondition--condValue"}]}
RESULT: undefined
COMMAND: POST /session/9813251e0ae410a7418940dcaaaaf337/execute/async - {"script":"<script> [776 bytes]","args":[{"enterText":"100.00","selector":{"id":"application-manageconditionprice-display-component---newCondition--condValue","interaction":{"idSuffix":"inner"}},"clearTextFirst":true,"interactionType":"ENTER_TEXT"}]}
RESULT: {"script":"<script> [776 bytes]","args":[{"enterText":"100.00","selector":{"id":"application-manageconditionprice-display-component---newCondition--condValue","interaction":{"idSuffix":"inner"}},"clearTextFirst":true,"interactionType":"ENTER_TEXT"}]}
COMMAND: POST /session/9813251e0ae410a7418940dcaaaaf337/execute/async - {"script":"<script> [1562 bytes]","args":[{"selector":{"id":"application-manageconditionprice-display-component---newCondition--condCurr-arrow"},"wdio_ui5_key":"applicationmanageconditionprice-display-component---newCondition--condCurr-arrow"}]}
RESULT: {"script":"<script> [1562 bytes]","args":[{"selector":{"id":"application-manageconditionprice-display-component---newCondition--condCurr-arrow"},"wdio_ui5_key":"applicationmanageconditionprice-display-component---newCondition--condCurr-arrow"}]}
RESULT: undefined
COMMAND: POST /session/9813251e0ae410a7418940dcaaaaf337/element - {"using":"xpath","value":"//*[@id=\"application-manageconditionprice-display-component---newCondition--condCurr-arrow\"]"}
RESULT: {"using":"xpath","value":"//*[@id=\"application-manageconditionprice-display-component---newCondition--condCurr-arrow\"]"}
COMMAND: POST /session/9813251e0ae410a7418940dcaaaaf337/element/f.6D6192A7F298CA7F9ED2043BE1BC656F.d.2CBAE40A7DD7888EA6F5F330D21D9575.e.7814/click - {}
RESULT: {}
COMMAND: POST /session/9813251e0ae410a7418940dcaaaaf337/element - {"using":"xpath","value":"//span[contains(text(), \"Euro\")]"}
COMMAND: GET /session/9813251e0ae410a7418940dcaaaaf337/screenshot - {}
RESULT: {}
RESULT: {"using":"xpath","value":"//span[contains(text(), \"Euro\")]"}
COMMAND: POST /session/9813251e0ae410a7418940dcaaaaf337/element/f.6D6192A7F298CA7F9ED2043BE1BC656F.d.2CBAE40A7DD7888EA6F5F330D21D9575.e.7876/click - {}
RESULT: {}
COMMAND: POST /session/9813251e0ae410a7418940dcaaaaf337/element - {"using":"xpath","value":"//button[@data-kt=\"saveButton\"]"}
COMMAND: GET /session/9813251e0ae410a7418940dcaaaaf337/screenshot - {}
RESULT: {"using":"xpath","value":"//button[@data-kt=\"saveButton\"]"}
COMMAND: POST /session/9813251e0ae410a7418940dcaaaaf337/element/f.6D6192A7F298CA7F9ED2043BE1BC656F.d.2CBAE40A7DD7888EA6F5F330D21D9575.e.7815/click - {}
RESULT: {}
RESULT: {}
COMMAND: GET /session/9813251e0ae410a7418940dcaaaaf337/screenshot - {}
RESULT: {}
COMMAND: POST /session/9813251e0ae410a7418940dcaaaaf337/execute/async - {"script":"<script> [1562 bytes]","args":[{"selector":{"id":"application-manageconditionprice-display-component---conditions--smartFilterBar-btnBasicSearch","interaction":{"idSuffix":"I"}},"wdio_ui5_key":"applicationmanageconditionprice-display-component---conditions--smartFilterBar-btnBasicSearch"}]}
RESULT: {"script":"<script> [1562 bytes]","args":[{"selector":{"id":"application-manageconditionprice-display-component---conditions--smartFilterBar-btnBasicSearch","interaction":{"idSuffix":"I"}},"wdio_ui5_key":"applicationmanageconditionprice-display-component---conditions--smartFilterBar-btnBasicSearch"}]}
RESULT: undefined
COMMAND: POST /session/9813251e0ae410a7418940dcaaaaf337/execute/async - {"script":"<script> [776 bytes]","args":[{"enterText":"200401","selector":{"id":"application-manageconditionprice-display-component---conditions--smartFilterBar-btnBasicSearch","interaction":{"idSuffix":"I"}},"clearTextFirst":true,"interactionType":"ENTER_TEXT"}]}
RESULT: {"script":"<script> [776 bytes]","args":[{"enterText":"200401","selector":{"id":"application-manageconditionprice-display-component---conditions--smartFilterBar-btnBasicSearch","interaction":{"idSuffix":"I"}},"clearTextFirst":true,"interactionType":"ENTER_TEXT"}]}
COMMAND: POST /session/9813251e0ae410a7418940dcaaaaf337/actions - {"actions":[{"id":"action26","type":"key","parameters":{},"actions":[{"type":"keyDown","value":"î€‡"},{"type":"pause","duration":10},{"type":"keyUp","value":"î€‡"}]}]}
RESULT: {"actions":[{"id":"action26","type":"key","parameters":{},"actions":[{"type":"keyDown","value":"î€‡"},{"type":"pause","duration":10},{"type":"keyUp","value":"î€‡"}]}]}
COMMAND: GET /session/9813251e0ae410a7418940dcaaaaf337/screenshot - {}
RESULT: {}
COMMAND: POST /session/9813251e0ae410a7418940dcaaaaf337/execute/async - {"script":"<script> [1562 bytes]","args":[{"selector":{"id":"application-manageconditionprice-display-component---conditions--smartFilterBar-filterItemControl_BASIC-BILL_TYPES-vhi"},"wdio_ui5_key":"applicationmanageconditionprice-display-component---conditions--smartFilterBar-filterItemControl_BASIC-BILL_TYPES-vhi"}]}
RESULT: {"script":"<script> [1562 bytes]","args":[{"selector":{"id":"application-manageconditionprice-display-component---conditions--smartFilterBar-filterItemControl_BASIC-BILL_TYPES-vhi"},"wdio_ui5_key":"applicationmanageconditionprice-display-component---conditions--smartFilterBar-filterItemControl_BASIC-BILL_TYPES-vhi"}]}
RESULT: undefined
COMMAND: POST /session/9813251e0ae410a7418940dcaaaaf337/element - {"using":"xpath","value":"//*[@id=\"application-manageconditionprice-display-component---conditions--smartFilterBar-filterItemControl_BASIC-BILL_TYPES-vhi\"]"}
RESULT: {"using":"xpath","value":"//*[@id=\"application-manageconditionprice-display-component---conditions--smartFilterBar-filterItemControl_BASIC-BILL_TYPES-vhi\"]"}
COMMAND: POST /session/9813251e0ae410a7418940dcaaaaf337/element/f.6D6192A7F298CA7F9ED2043BE1BC656F.d.2CBAE40A7DD7888EA6F5F330D21D9575.e.7893/click - {}
RESULT: {}
COMMAND: POST /session/9813251e0ae410a7418940dcaaaaf337/execute/async - {"script":"<script> [1562 bytes]","args":[{"selector":{"id":"application-manageconditionprice-display-component---conditions--smartFilterBar-filterItemControl_BASIC-BILL_TYPES-valueHelpDialog-smartFilterBar-btnBasicSearch","searchOpenDialogs":true,"interaction":{"idSuffix":"I"}},"wdio_ui5_key":"applicationmanageconditionprice-display-component---conditions--smartFilterBar-filterItemControl_BASIC-BILL_TYPES-valueHelpDialog-smartFilterBar-btnBasicSearch"}]}
COMMAND: GET /session/9813251e0ae410a7418940dcaaaaf337/screenshot - {}
RESULT: {"script":"<script> [1562 bytes]","args":[{"selector":{"id":"application-manageconditionprice-display-component---conditions--smartFilterBar-filterItemControl_BASIC-BILL_TYPES-valueHelpDialog-smartFilterBar-btnBasicSearch","searchOpenDialogs":true,"interaction":{"idSuffix":"I"}},"wdio_ui5_key":"applicationmanageconditionprice-display-component---conditions--smartFilterBar-filterItemControl_BASIC-BILL_TYPES-valueHelpDialog-smartFilterBar-btnBasicSearch"}]}
RESULT: undefined
COMMAND: POST /session/9813251e0ae410a7418940dcaaaaf337/execute/async - {"script":"<script> [776 bytes]","args":[{"enterText":"one","selector":{"id":"application-manageconditionprice-display-component---conditions--smartFilterBar-filterItemControl_BASIC-BILL_TYPES-valueHelpDialog-smartFilterBar-btnBasicSearch","searchOpenDialogs":true,"interaction":{"idSuffix":"I"}},"clearTextFirst":true,"interactionType":"ENTER_TEXT"}]}
RESULT: {}
RESULT: {"script":"<script> [776 bytes]","args":[{"enterText":"one","selector":{"id":"application-manageconditionprice-display-component---conditions--smartFilterBar-filterItemControl_BASIC-BILL_TYPES-valueHelpDialog-smartFilterBar-btnBasicSearch","searchOpenDialogs":true,"interaction":{"idSuffix":"I"}},"clearTextFirst":true,"interactionType":"ENTER_TEXT"}]}
COMMAND: POST /session/9813251e0ae410a7418940dcaaaaf337/actions - {"actions":[{"id":"action27","type":"key","parameters":{},"actions":[{"type":"keyDown","value":"î€‡"},{"type":"pause","duration":10},{"type":"keyUp","value":"î€‡"}]}]}
RESULT: {"actions":[{"id":"action27","type":"key","parameters":{},"actions":[{"type":"keyDown","value":"î€‡"},{"type":"pause","duration":10},{"type":"keyUp","value":"î€‡"}]}]}
COMMAND: GET /session/9813251e0ae410a7418940dcaaaaf337/screenshot - {}
RESULT: {}
COMMAND: POST /session/9813251e0ae410a7418940dcaaaaf337/element - {"using":"xpath","value":"//div[contains(@id, 'application-manageconditionprice-display-component---conditions--smartFilterBar-filterItemControl_BASIC-BILL_TYPES-valueHelpDialog-table-rowsel0')]"}
RESULT: {"using":"xpath","value":"//div[contains(@id, 'application-manageconditionprice-display-component---conditions--smartFilterBar-filterItemControl_BASIC-BILL_TYPES-valueHelpDialog-table-rowsel0')]"}
COMMAND: POST /session/9813251e0ae410a7418940dcaaaaf337/element/f.6D6192A7F298CA7F9ED2043BE1BC656F.d.2CBAE40A7DD7888EA6F5F330D21D9575.e.7901/click - {}
RESULT: {}
COMMAND: GET /session/9813251e0ae410a7418940dcaaaaf337/screenshot - {}
RESULT: {}
COMMAND: POST /session/9813251e0ae410a7418940dcaaaaf337/element - {"using":"xpath","value":"//bdi[contains(text(), \"OK\")]"}
RESULT: {"using":"xpath","value":"//bdi[contains(text(), \"OK\")]"}
COMMAND: POST /session/9813251e0ae410a7418940dcaaaaf337/element/f.6D6192A7F298CA7F9ED2043BE1BC656F.d.2CBAE40A7DD7888EA6F5F330D21D9575.e.7903/click - {}
RESULT: {}
COMMAND: GET /session/9813251e0ae410a7418940dcaaaaf337/screenshot - {}
RESULT: {}
COMMAND: POST /session/9813251e0ae410a7418940dcaaaaf337/element - {"using":"xpath","value":"//span[@id=\"application-manageconditionprice-display-component---conditions--smartTable-header-inner\"]"}
RESULT: {"using":"xpath","value":"//span[@id=\"application-manageconditionprice-display-component---conditions--smartTable-header-inner\"]"}
COMMAND: POST /session/9813251e0ae410a7418940dcaaaaf337/elements - {"using":"xpath","value":"//span[@id=\"application-manageconditionprice-display-component---conditions--smartTable-header-inner\"]"}
RESULT: {"using":"xpath","value":"//span[@id=\"application-manageconditionprice-display-component---conditions--smartTable-header-inner\"]"}
COMMAND: POST /session/9813251e0ae410a7418940dcaaaaf337/execute/sync - {"script":"<script> [56 bytes]","args":[{"element-6066-11e4-a52e-4f735466cecf":"f.6D6192A7F298CA7F9ED2043BE1BC656F.d.2CBAE40A7DD7888EA6F5F330D21D9575.e.7906","ELEMENT":"f.6D6192A7F298CA7F9ED2043BE1BC656F.d.2CBAE40A7DD7888EA6F5F330D21D9575.e.7906"}]}
RESULT: {"script":"<script> [56 bytes]","args":[{"element-6066-11e4-a52e-4f735466cecf":"f.6D6192A7F298CA7F9ED2043BE1BC656F.d.2CBAE40A7DD7888EA6F5F330D21D9575.e.7906","ELEMENT":"f.6D6192A7F298CA7F9ED2043BE1BC656F.d.2CBAE40A7DD7888EA6F5F330D21D9575.e.7906"}]}
COMMAND: POST /session/9813251e0ae410a7418940dcaaaaf337/element - {"using":"css selector","value":"#shell-header-logo"}
COMMAND: GET /session/9813251e0ae410a7418940dcaaaaf337/screenshot - {}
RESULT: {"using":"css selector","value":"#shell-header-logo"}
COMMAND: POST /session/9813251e0ae410a7418940dcaaaaf337/element/f.6D6192A7F298CA7F9ED2043BE1BC656F.d.2CBAE40A7DD7888EA6F5F330D21D9575.e.7630/click - {}
RESULT: {}
RESULT: {}
COMMAND: GET /session/9813251e0ae410a7418940dcaaaaf337/screenshot - {}
RESULT: {}
]]></system-out>
    </testcase>
    <testcase classname="chrome.137_0_7151_56.windows.US134625_Set_up_price_condition_-_one_time" name="Should create a new contract" time="57.028">
      <system-out><![CDATA[
COMMAND: POST /session/9813251e0ae410a7418940dcaaaaf337/execute/async - {"script":"<script> [1562 bytes]","args":[{"selector":{"controlType":"sap.m.GenericTile","properties":{"header":"Manage Contracts"}},"wdio_ui5_key":"sapm.GenericTile{\"header\":\"Manage Contracts\"}"}]}
RESULT: {"script":"<script> [1562 bytes]","args":[{"selector":{"controlType":"sap.m.GenericTile","properties":{"header":"Manage Contracts"}},"wdio_ui5_key":"sapm.GenericTile{\"header\":\"Manage Contracts\"}"}]}
RESULT: undefined
COMMAND: POST /session/9813251e0ae410a7418940dcaaaaf337/element - {"using":"xpath","value":"//*[@id=\"__tile131\"]"}
RESULT: {"using":"xpath","value":"//*[@id=\"__tile131\"]"}
COMMAND: POST /session/9813251e0ae410a7418940dcaaaaf337/element/f.6D6192A7F298CA7F9ED2043BE1BC656F.d.2CBAE40A7DD7888EA6F5F330D21D9575.e.6681/click - {}
RESULT: {}
COMMAND: GET /session/9813251e0ae410a7418940dcaaaaf337/screenshot - {}
RESULT: {}
COMMAND: POST /session/9813251e0ae410a7418940dcaaaaf337/elements - {"using":"xpath","value":"//span[text()='Error']"}
RESULT: {"using":"xpath","value":"//span[text()='Error']"}
COMMAND: POST /session/9813251e0ae410a7418940dcaaaaf337/element - {"using":"xpath","value":"//button[@data-kt=\"addButton\"]"}
RESULT: {"using":"xpath","value":"//button[@data-kt=\"addButton\"]"}
COMMAND: POST /session/9813251e0ae410a7418940dcaaaaf337/elements - {"using":"xpath","value":"//button[@data-kt=\"addButton\"]"}
RESULT: {"using":"xpath","value":"//button[@data-kt=\"addButton\"]"}
COMMAND: POST /session/9813251e0ae410a7418940dcaaaaf337/execute/sync - {"script":"<script> [8489 bytes]","args":[{"element-6066-11e4-a52e-4f735466cecf":"f.6D6192A7F298CA7F9ED2043BE1BC656F.d.2CBAE40A7DD7888EA6F5F330D21D9575.e.7962","ELEMENT":"f.6D6192A7F298CA7F9ED2043BE1BC656F.d.2CBAE40A7DD7888EA6F5F330D21D9575.e.7962"}]}
RESULT: {"script":"<script> [8489 bytes]","args":[{"element-6066-11e4-a52e-4f735466cecf":"f.6D6192A7F298CA7F9ED2043BE1BC656F.d.2CBAE40A7DD7888EA6F5F330D21D9575.e.7962","ELEMENT":"f.6D6192A7F298CA7F9ED2043BE1BC656F.d.2CBAE40A7DD7888EA6F5F330D21D9575.e.7962"}]}
COMMAND: GET /session/9813251e0ae410a7418940dcaaaaf337/element/f.6D6192A7F298CA7F9ED2043BE1BC656F.d.2CBAE40A7DD7888EA6F5F330D21D9575.e.7962/enabled - {}
COMMAND: GET /session/9813251e0ae410a7418940dcaaaaf337/screenshot - {}
RESULT: {}
COMMAND: POST /session/9813251e0ae410a7418940dcaaaaf337/execute/sync - {"script":"<script> [8489 bytes]","args":[{"element-6066-11e4-a52e-4f735466cecf":"f.6D6192A7F298CA7F9ED2043BE1BC656F.d.2CBAE40A7DD7888EA6F5F330D21D9575.e.7962","ELEMENT":"f.6D6192A7F298CA7F9ED2043BE1BC656F.d.2CBAE40A7DD7888EA6F5F330D21D9575.e.7962"}]}
COMMAND: GET /session/9813251e0ae410a7418940dcaaaaf337/screenshot - {}
RESULT: {}
RESULT: {"script":"<script> [8489 bytes]","args":[{"element-6066-11e4-a52e-4f735466cecf":"f.6D6192A7F298CA7F9ED2043BE1BC656F.d.2CBAE40A7DD7888EA6F5F330D21D9575.e.7962","ELEMENT":"f.6D6192A7F298CA7F9ED2043BE1BC656F.d.2CBAE40A7DD7888EA6F5F330D21D9575.e.7962"}]}
COMMAND: POST /session/9813251e0ae410a7418940dcaaaaf337/execute/sync - {"script":"<script> [5351 bytes]","args":[{"element-6066-11e4-a52e-4f735466cecf":"f.6D6192A7F298CA7F9ED2043BE1BC656F.d.2CBAE40A7DD7888EA6F5F330D21D9575.e.7962","ELEMENT":"f.6D6192A7F298CA7F9ED2043BE1BC656F.d.2CBAE40A7DD7888EA6F5F330D21D9575.e.7962"}]}
COMMAND: GET /session/9813251e0ae410a7418940dcaaaaf337/screenshot - {}
RESULT: {}
RESULT: {"script":"<script> [5351 bytes]","args":[{"element-6066-11e4-a52e-4f735466cecf":"f.6D6192A7F298CA7F9ED2043BE1BC656F.d.2CBAE40A7DD7888EA6F5F330D21D9575.e.7962","ELEMENT":"f.6D6192A7F298CA7F9ED2043BE1BC656F.d.2CBAE40A7DD7888EA6F5F330D21D9575.e.7962"}]}
COMMAND: GET /session/9813251e0ae410a7418940dcaaaaf337/screenshot - {}
RESULT: {}
RESULT: {}
COMMAND: POST /session/9813251e0ae410a7418940dcaaaaf337/element/f.6D6192A7F298CA7F9ED2043BE1BC656F.d.2CBAE40A7DD7888EA6F5F330D21D9575.e.7962/click - {}
RESULT: {}
COMMAND: GET /session/9813251e0ae410a7418940dcaaaaf337/screenshot - {}
COMMAND: POST /session/9813251e0ae410a7418940dcaaaaf337/execute/async - {"script":"<script> [1562 bytes]","args":[{"selector":{"id":"application-managecontracts-display-component---AddNewContract--projectDescription","interaction":{"idSuffix":"inner"}},"wdio_ui5_key":"applicationmanagecontracts-display-component---AddNewContract--projectDescription"}]}
RESULT: {}
RESULT: {"script":"<script> [1562 bytes]","args":[{"selector":{"id":"application-managecontracts-display-component---AddNewContract--projectDescription","interaction":{"idSuffix":"inner"}},"wdio_ui5_key":"applicationmanagecontracts-display-component---AddNewContract--projectDescription"}]}
RESULT: undefined
COMMAND: POST /session/9813251e0ae410a7418940dcaaaaf337/execute/async - {"script":"<script> [776 bytes]","args":[{"enterText":"Intercompany Contract WDIO","selector":{"id":"application-managecontracts-display-component---AddNewContract--projectDescription","interaction":{"idSuffix":"inner"}},"clearTextFirst":true,"interactionType":"ENTER_TEXT"}]}
RESULT: {"script":"<script> [776 bytes]","args":[{"enterText":"Intercompany Contract WDIO","selector":{"id":"application-managecontracts-display-component---AddNewContract--projectDescription","interaction":{"idSuffix":"inner"}},"clearTextFirst":true,"interactionType":"ENTER_TEXT"}]}
COMMAND: POST /session/9813251e0ae410a7418940dcaaaaf337/element - {"using":"xpath","value":"//input[@id=\"application-managecontracts-display-component---AddNewContract--site-inner\"]"}
RESULT: {"using":"xpath","value":"//input[@id=\"application-managecontracts-display-component---AddNewContract--site-inner\"]"}
COMMAND: POST /session/9813251e0ae410a7418940dcaaaaf337/element/f.6D6192A7F298CA7F9ED2043BE1BC656F.d.2CBAE40A7DD7888EA6F5F330D21D9575.e.8288/clear - {}
RESULT: {}
COMMAND: POST /session/9813251e0ae410a7418940dcaaaaf337/element/f.6D6192A7F298CA7F9ED2043BE1BC656F.d.2CBAE40A7DD7888EA6F5F330D21D9575.e.8288/value - {"text":"2390"}
COMMAND: GET /session/9813251e0ae410a7418940dcaaaaf337/screenshot - {}
RESULT: {"text":"2390"}
COMMAND: GET /session/9813251e0ae410a7418940dcaaaaf337/screenshot - {}
RESULT: {}
RESULT: {}
COMMAND: POST /session/9813251e0ae410a7418940dcaaaaf337/element - {"using":"xpath","value":"//li[.//span[text()='2390']]"}
RESULT: {"using":"xpath","value":"//li[.//span[text()='2390']]"}
COMMAND: POST /session/9813251e0ae410a7418940dcaaaaf337/element/f.6D6192A7F298CA7F9ED2043BE1BC656F.d.2CBAE40A7DD7888EA6F5F330D21D9575.e.8371/click - {}
RESULT: {}
COMMAND: GET /session/9813251e0ae410a7418940dcaaaaf337/screenshot - {}
RESULT: {}
COMMAND: POST /session/9813251e0ae410a7418940dcaaaaf337/element - {"using":"xpath","value":"//input[@id=\"application-managecontracts-display-component---AddNewContract--yardId-inner\"]"}
RESULT: {"using":"xpath","value":"//input[@id=\"application-managecontracts-display-component---AddNewContract--yardId-inner\"]"}
COMMAND: GET /session/9813251e0ae410a7418940dcaaaaf337/element/f.6D6192A7F298CA7F9ED2043BE1BC656F.d.2CBAE40A7DD7888EA6F5F330D21D9575.e.8289/property/value - {}
RESULT: {}
COMMAND: POST /session/9813251e0ae410a7418940dcaaaaf337/element - {"using":"xpath","value":"//input[@id=\"application-managecontracts-display-component---AddNewContract--customerSelect-inner\"]"}
COMMAND: GET /session/9813251e0ae410a7418940dcaaaaf337/screenshot - {}
RESULT: {"using":"xpath","value":"//input[@id=\"application-managecontracts-display-component---AddNewContract--customerSelect-inner\"]"}
COMMAND: POST /session/9813251e0ae410a7418940dcaaaaf337/element/f.6D6192A7F298CA7F9ED2043BE1BC656F.d.2CBAE40A7DD7888EA6F5F330D21D9575.e.8287/clear - {}
RESULT: {}
RESULT: {}
COMMAND: POST /session/9813251e0ae410a7418940dcaaaaf337/element/f.6D6192A7F298CA7F9ED2043BE1BC656F.d.2CBAE40A7DD7888EA6F5F330D21D9575.e.8287/value - {"text":"1450"}
COMMAND: GET /session/9813251e0ae410a7418940dcaaaaf337/screenshot - {}
RESULT: {"text":"1450"}
COMMAND: GET /session/9813251e0ae410a7418940dcaaaaf337/screenshot - {}
RESULT: {}
RESULT: {}
COMMAND: POST /session/9813251e0ae410a7418940dcaaaaf337/element - {"using":"xpath","value":"//li[.//span[text()='1450']]"}
RESULT: {"using":"xpath","value":"//li[.//span[text()='1450']]"}
COMMAND: POST /session/9813251e0ae410a7418940dcaaaaf337/element/f.6D6192A7F298CA7F9ED2043BE1BC656F.d.2CBAE40A7DD7888EA6F5F330D21D9575.e.8374/click - {}
RESULT: {}
COMMAND: GET /session/9813251e0ae410a7418940dcaaaaf337/screenshot - {}
RESULT: {}
COMMAND: POST /session/9813251e0ae410a7418940dcaaaaf337/element - {"using":"xpath","value":"//button[@data-kt=\"saveButton\"]"}
RESULT: {"using":"xpath","value":"//button[@data-kt=\"saveButton\"]"}
COMMAND: POST /session/9813251e0ae410a7418940dcaaaaf337/element/f.6D6192A7F298CA7F9ED2043BE1BC656F.d.2CBAE40A7DD7888EA6F5F330D21D9575.e.8362/click - {}
RESULT: {}
COMMAND: GET /session/9813251e0ae410a7418940dcaaaaf337/screenshot - {}
RESULT: {}
COMMAND: POST /session/9813251e0ae410a7418940dcaaaaf337/element - {"using":"xpath","value":"//span[contains(@id ,\"contractDetailTitleNoExpanded\")]"}
RESULT: {"using":"xpath","value":"//span[contains(@id ,\"contractDetailTitleNoExpanded\")]"}
COMMAND: POST /session/9813251e0ae410a7418940dcaaaaf337/elements - {"using":"xpath","value":"//span[contains(@id ,\"contractDetailTitleNoExpanded\")]"}
RESULT: {"using":"xpath","value":"//span[contains(@id ,\"contractDetailTitleNoExpanded\")]"}
COMMAND: POST /session/9813251e0ae410a7418940dcaaaaf337/execute/sync - {"script":"<script> [56 bytes]","args":[{"element-6066-11e4-a52e-4f735466cecf":"f.6D6192A7F298CA7F9ED2043BE1BC656F.d.2CBAE40A7DD7888EA6F5F330D21D9575.e.8446","ELEMENT":"f.6D6192A7F298CA7F9ED2043BE1BC656F.d.2CBAE40A7DD7888EA6F5F330D21D9575.e.8446"}]}
RESULT: {"script":"<script> [56 bytes]","args":[{"element-6066-11e4-a52e-4f735466cecf":"f.6D6192A7F298CA7F9ED2043BE1BC656F.d.2CBAE40A7DD7888EA6F5F330D21D9575.e.8446","ELEMENT":"f.6D6192A7F298CA7F9ED2043BE1BC656F.d.2CBAE40A7DD7888EA6F5F330D21D9575.e.8446"}]}
COMMAND: GET /session/9813251e0ae410a7418940dcaaaaf337/screenshot - {}
RESULT: {}
]]></system-out>
    </testcase>
    <testcase classname="chrome.137_0_7151_56.windows.US134625_Set_up_price_condition_-_one_time" name="Should add the material to the contract" time="50.632">
      <system-out><![CDATA[
COMMAND: POST /session/9813251e0ae410a7418940dcaaaaf337/element - {"using":"xpath","value":"//button[@data-kt=\"contractDetailEditBtnButton\"]"}
RESULT: {"using":"xpath","value":"//button[@data-kt=\"contractDetailEditBtnButton\"]"}
COMMAND: POST /session/9813251e0ae410a7418940dcaaaaf337/element/f.6D6192A7F298CA7F9ED2043BE1BC656F.d.2CBAE40A7DD7888EA6F5F330D21D9575.e.8448/click - {}
RESULT: {}
COMMAND: GET /session/9813251e0ae410a7418940dcaaaaf337/screenshot - {}
RESULT: {}
COMMAND: POST /session/9813251e0ae410a7418940dcaaaaf337/element - {"using":"xpath","value":"(//span[contains(text(), \"Additional Addresses\")])[2]"}
RESULT: {"using":"xpath","value":"(//span[contains(text(), \"Additional Addresses\")])[2]"}
COMMAND: POST /session/9813251e0ae410a7418940dcaaaaf337/element/f.6D6192A7F298CA7F9ED2043BE1BC656F.d.2CBAE40A7DD7888EA6F5F330D21D9575.e.8504/click - {}
RESULT: {}
COMMAND: GET /session/9813251e0ae410a7418940dcaaaaf337/screenshot - {}
RESULT: {}
COMMAND: POST /session/9813251e0ae410a7418940dcaaaaf337/element - {"using":"xpath","value":"//button[@data-kt=\"btnAddTableRowOverflowToolbarButton\"]"}
RESULT: {"using":"xpath","value":"//button[@data-kt=\"btnAddTableRowOverflowToolbarButton\"]"}
COMMAND: POST /session/9813251e0ae410a7418940dcaaaaf337/element/f.6D6192A7F298CA7F9ED2043BE1BC656F.d.2CBAE40A7DD7888EA6F5F330D21D9575.e.8507/click - {}
RESULT: {}
COMMAND: GET /session/9813251e0ae410a7418940dcaaaaf337/screenshot - {}
RESULT: {}
COMMAND: POST /session/9813251e0ae410a7418940dcaaaaf337/element - {"using":"xpath","value":"//div[(text() = 'Standard Entry' or . = 'Standard Entry')]"}
RESULT: {"using":"xpath","value":"//div[(text() = 'Standard Entry' or . = 'Standard Entry')]"}
COMMAND: POST /session/9813251e0ae410a7418940dcaaaaf337/element/f.6D6192A7F298CA7F9ED2043BE1BC656F.d.2CBAE40A7DD7888EA6F5F330D21D9575.e.8509/click - {}
RESULT: {}
COMMAND: GET /session/9813251e0ae410a7418940dcaaaaf337/screenshot - {}
RESULT: {}
COMMAND: POST /session/9813251e0ae410a7418940dcaaaaf337/element - {"using":"xpath","value":"//td[6]/div/div/div/span"}
RESULT: {"using":"xpath","value":"//td[6]/div/div/div/span"}
COMMAND: POST /session/9813251e0ae410a7418940dcaaaaf337/element/f.6D6192A7F298CA7F9ED2043BE1BC656F.d.2CBAE40A7DD7888EA6F5F330D21D9575.e.8521/click - {}
RESULT: {}
COMMAND: GET /session/9813251e0ae410a7418940dcaaaaf337/screenshot - {}
RESULT: {}
COMMAND: POST /session/9813251e0ae410a7418940dcaaaaf337/element - {"using":"xpath","value":"(//span[contains(text(), \"Material\")])"}
RESULT: {"using":"xpath","value":"(//span[contains(text(), \"Material\")])"}
COMMAND: POST /session/9813251e0ae410a7418940dcaaaaf337/element/f.6D6192A7F298CA7F9ED2043BE1BC656F.d.2CBAE40A7DD7888EA6F5F330D21D9575.e.8522/click - {}
RESULT: {}
COMMAND: GET /session/9813251e0ae410a7418940dcaaaaf337/screenshot - {}
RESULT: {}
COMMAND: POST /session/9813251e0ae410a7418940dcaaaaf337/element - {"using":"xpath","value":"//td[7]/div/div/input"}
RESULT: {"using":"xpath","value":"//td[7]/div/div/input"}
COMMAND: POST /session/9813251e0ae410a7418940dcaaaaf337/element/f.6D6192A7F298CA7F9ED2043BE1BC656F.d.2CBAE40A7DD7888EA6F5F330D21D9575.e.8526/clear - {}
RESULT: {}
COMMAND: POST /session/9813251e0ae410a7418940dcaaaaf337/element/f.6D6192A7F298CA7F9ED2043BE1BC656F.d.2CBAE40A7DD7888EA6F5F330D21D9575.e.8526/value - {"text":"200401"}
COMMAND: GET /session/9813251e0ae410a7418940dcaaaaf337/screenshot - {}
RESULT: {"text":"200401"}
COMMAND: GET /session/9813251e0ae410a7418940dcaaaaf337/screenshot - {}
RESULT: {}
RESULT: {}
COMMAND: POST /session/9813251e0ae410a7418940dcaaaaf337/actions - {"actions":[{"id":"action28","type":"key","parameters":{},"actions":[{"type":"keyDown","value":"î€‡"},{"type":"pause","duration":10},{"type":"keyUp","value":"î€‡"}]}]}
RESULT: {"actions":[{"id":"action28","type":"key","parameters":{},"actions":[{"type":"keyDown","value":"î€‡"},{"type":"pause","duration":10},{"type":"keyUp","value":"î€‡"}]}]}
COMMAND: GET /session/9813251e0ae410a7418940dcaaaaf337/screenshot - {}
RESULT: {}
COMMAND: POST /session/9813251e0ae410a7418940dcaaaaf337/execute/sync - {"script":"<script> [276 bytes]","args":["No pricing information was found"]}
RESULT: {"script":"<script> [276 bytes]","args":["No pricing information was found"]}
COMMAND: POST /session/9813251e0ae410a7418940dcaaaaf337/element - {"using":"xpath","value":"(//button[@data-kt=\"saveButton\"])[2]"}
COMMAND: GET /session/9813251e0ae410a7418940dcaaaaf337/screenshot - {}
RESULT: {"using":"xpath","value":"(//button[@data-kt=\"saveButton\"])[2]"}
COMMAND: POST /session/9813251e0ae410a7418940dcaaaaf337/element/f.6D6192A7F298CA7F9ED2043BE1BC656F.d.2CBAE40A7DD7888EA6F5F330D21D9575.e.8549/click - {}
RESULT: {}
RESULT: {}
COMMAND: GET /session/9813251e0ae410a7418940dcaaaaf337/screenshot - {}
RESULT: {}
COMMAND: POST /session/9813251e0ae410a7418940dcaaaaf337/execute/sync - {"script":"<script> [276 bytes]","args":["Some contract items are having rental validity exceeding header rental validity"]}
RESULT: {"script":"<script> [276 bytes]","args":["Some contract items are having rental validity exceeding header rental validity"]}
COMMAND: GET /session/9813251e0ae410a7418940dcaaaaf337/screenshot - {}
RESULT: {}
COMMAND: POST /session/9813251e0ae410a7418940dcaaaaf337/element - {"using":"xpath","value":"//span[contains(@id ,\"contractItemsSmartTable-header-inner\")]"}
RESULT: {"using":"xpath","value":"//span[contains(@id ,\"contractItemsSmartTable-header-inner\")]"}
COMMAND: POST /session/9813251e0ae410a7418940dcaaaaf337/elements - {"using":"xpath","value":"//span[contains(@id ,\"contractItemsSmartTable-header-inner\")]"}
RESULT: {"using":"xpath","value":"//span[contains(@id ,\"contractItemsSmartTable-header-inner\")]"}
COMMAND: POST /session/9813251e0ae410a7418940dcaaaaf337/execute/sync - {"script":"<script> [56 bytes]","args":[{"element-6066-11e4-a52e-4f735466cecf":"f.6D6192A7F298CA7F9ED2043BE1BC656F.d.2CBAE40A7DD7888EA6F5F330D21D9575.e.8556","ELEMENT":"f.6D6192A7F298CA7F9ED2043BE1BC656F.d.2CBAE40A7DD7888EA6F5F330D21D9575.e.8556"}]}
RESULT: {"script":"<script> [56 bytes]","args":[{"element-6066-11e4-a52e-4f735466cecf":"f.6D6192A7F298CA7F9ED2043BE1BC656F.d.2CBAE40A7DD7888EA6F5F330D21D9575.e.8556","ELEMENT":"f.6D6192A7F298CA7F9ED2043BE1BC656F.d.2CBAE40A7DD7888EA6F5F330D21D9575.e.8556"}]}
]]></system-out>
    </testcase>
    <testcase classname="chrome.137_0_7151_56.windows.US134625_Set_up_price_condition_-_one_time" name="Should verify the bill item creation and pricing condition" time="10.169">
      <system-out><![CDATA[
COMMAND: POST /session/9813251e0ae410a7418940dcaaaaf337/execute/async - {"script":"<script> [1562 bytes]","args":[{"selector":{"controlType":"sap.ui.core.Icon","viewName":"etm.portal.ui.managecontracts.view.Detail","properties":{"src":{"regex":{"source":"slim\\-arrow\\-right"}}}},"wdio_ui5_key":"etmportal.ui.managecontracts.view.Detailsap.ui.core.Icon{\"src\":{\"regex\":{\"source\":\"slim\\\\-arrow\\\\-right\"}}}"}]}
COMMAND: GET /session/9813251e0ae410a7418940dcaaaaf337/screenshot - {}
RESULT: {"script":"<script> [1562 bytes]","args":[{"selector":{"controlType":"sap.ui.core.Icon","viewName":"etm.portal.ui.managecontracts.view.Detail","properties":{"src":{"regex":{"source":"slim\\-arrow\\-right"}}}},"wdio_ui5_key":"etmportal.ui.managecontracts.view.Detailsap.ui.core.Icon{\"src\":{\"regex\":{\"source\":\"slim\\\\-arrow\\\\-right\"}}}"}]}
RESULT: undefined
COMMAND: POST /session/9813251e0ae410a7418940dcaaaaf337/element - {"using":"xpath","value":"//*[@id=\"__item2116-__clone4337-imgNav\"]"}
RESULT: {}
RESULT: {"using":"xpath","value":"//*[@id=\"__item2116-__clone4337-imgNav\"]"}
COMMAND: POST /session/9813251e0ae410a7418940dcaaaaf337/element/f.6D6192A7F298CA7F9ED2043BE1BC656F.d.2CBAE40A7DD7888EA6F5F330D21D9575.e.8557/click - {}
RESULT: {}
COMMAND: GET /session/9813251e0ae410a7418940dcaaaaf337/screenshot - {}
RESULT: {}
COMMAND: POST /session/9813251e0ae410a7418940dcaaaaf337/execute/async - {"script":"<script> [1562 bytes]","args":[{"selector":{"controlType":"sap.m.Text","viewName":"etm.portal.ui.managecontracts.view.BillingItem","viewId":"application-managecontracts-display-component---BillingItem","bindingPath":{"propertyPath":"LINK_TO_C_BILL_TYPES/DESCRIPTION"}},"wdio_ui5_key":"etmportal.ui.managecontracts.view.BillingItemsap.m.Text{\"propertyPath\":\"LINK_TO_C_BILL_TYPES/DESCRIPTION\"}"}]}
RESULT: {"script":"<script> [1562 bytes]","args":[{"selector":{"controlType":"sap.m.Text","viewName":"etm.portal.ui.managecontracts.view.BillingItem","viewId":"application-managecontracts-display-component---BillingItem","bindingPath":{"propertyPath":"LINK_TO_C_BILL_TYPES/DESCRIPTION"}},"wdio_ui5_key":"etmportal.ui.managecontracts.view.BillingItemsap.m.Text{\"propertyPath\":\"LINK_TO_C_BILL_TYPES/DESCRIPTION\"}"}]}
RESULT: undefined
COMMAND: POST /session/9813251e0ae410a7418940dcaaaaf337/execute/async - {"script":"<script> [6424 bytes]","args":[{"element-6066-11e4-a52e-4f735466cecf":"f.6D6192A7F298CA7F9ED2043BE1BC656F.d.2CBAE40A7DD7888EA6F5F330D21D9575.e.8599"},"getText",[]]}
RESULT: {"script":"<script> [6424 bytes]","args":[{"element-6066-11e4-a52e-4f735466cecf":"f.6D6192A7F298CA7F9ED2043BE1BC656F.d.2CBAE40A7DD7888EA6F5F330D21D9575.e.8599"},"getText",[]]}
COMMAND: POST /session/9813251e0ae410a7418940dcaaaaf337/execute/async - {"script":"<script> [1562 bytes]","args":[{"selector":{"controlType":"sap.m.ObjectNumber","viewName":"etm.portal.ui.managecontracts.view.BillingItem","viewId":"application-managecontracts-display-component---BillingItem","bindingPath":{"propertyPath":"BASE_PRICE"}},"wdio_ui5_key":"etmportal.ui.managecontracts.view.BillingItemsap.m.ObjectNumber{\"propertyPath\":\"BASE_PRICE\"}"}]}
RESULT: {"script":"<script> [1562 bytes]","args":[{"selector":{"controlType":"sap.m.ObjectNumber","viewName":"etm.portal.ui.managecontracts.view.BillingItem","viewId":"application-managecontracts-display-component---BillingItem","bindingPath":{"propertyPath":"BASE_PRICE"}},"wdio_ui5_key":"etmportal.ui.managecontracts.view.BillingItemsap.m.ObjectNumber{\"propertyPath\":\"BASE_PRICE\"}"}]}
RESULT: undefined
COMMAND: POST /session/9813251e0ae410a7418940dcaaaaf337/execute/async - {"script":"<script> [6424 bytes]","args":[{"element-6066-11e4-a52e-4f735466cecf":"f.6D6192A7F298CA7F9ED2043BE1BC656F.d.2CBAE40A7DD7888EA6F5F330D21D9575.e.8600"},"getNumber",[]]}
RESULT: {"script":"<script> [6424 bytes]","args":[{"element-6066-11e4-a52e-4f735466cecf":"f.6D6192A7F298CA7F9ED2043BE1BC656F.d.2CBAE40A7DD7888EA6F5F330D21D9575.e.8600"},"getNumber",[]]}
COMMAND: POST /session/9813251e0ae410a7418940dcaaaaf337/execute/async - {"script":"<script> [1562 bytes]","args":[{"selector":{"controlType":"sap.m.ObjectNumber","viewName":"etm.portal.ui.managecontracts.view.BillingItem","viewId":"application-managecontracts-display-component---BillingItem","bindingPath":{"propertyPath":"BASE_QUANTITY"}},"wdio_ui5_key":"etmportal.ui.managecontracts.view.BillingItemsap.m.ObjectNumber{\"propertyPath\":\"BASE_QUANTITY\"}"}]}
RESULT: {"script":"<script> [1562 bytes]","args":[{"selector":{"controlType":"sap.m.ObjectNumber","viewName":"etm.portal.ui.managecontracts.view.BillingItem","viewId":"application-managecontracts-display-component---BillingItem","bindingPath":{"propertyPath":"BASE_QUANTITY"}},"wdio_ui5_key":"etmportal.ui.managecontracts.view.BillingItemsap.m.ObjectNumber{\"propertyPath\":\"BASE_QUANTITY\"}"}]}
RESULT: undefined
COMMAND: POST /session/9813251e0ae410a7418940dcaaaaf337/execute/async - {"script":"<script> [6424 bytes]","args":[{"element-6066-11e4-a52e-4f735466cecf":"f.6D6192A7F298CA7F9ED2043BE1BC656F.d.2CBAE40A7DD7888EA6F5F330D21D9575.e.8601"},"getNumber",[]]}
RESULT: {"script":"<script> [6424 bytes]","args":[{"element-6066-11e4-a52e-4f735466cecf":"f.6D6192A7F298CA7F9ED2043BE1BC656F.d.2CBAE40A7DD7888EA6F5F330D21D9575.e.8601"},"getNumber",[]]}
COMMAND: DELETE /session/9813251e0ae410a7418940dcaaaaf337 - {}
RESULT: {}
]]></system-out>
    </testcase>
  </testsuite>
</testsuites>