<?xml version="1.0" encoding="UTF-8"?>
<testsuites tests="15" failures="0" errors="0" skipped="0">
  <testsuite timestamp="2025-05-19T16:40:49" time="894.877" tests="9" failures="0" errors="0" skipped="0">
    <properties>
      <property name="specId" value="0" />
      <property name="suiteName" value="Prerequisites &amp; test for yard mass return on Yard Overview US131057" />
      <property name="capabilities" value="chrome.136_0_7103_93.windows" />
      <property name="file" value="file:///D:/a/1/s/test/specs/HTR/yard-mass-return.spec.js" />
    </properties>
    <testcase classname="chrome.136_0_7103_93.windows.Prerequisites_&amp;_test_for_yard_mass_return_on_Yard_Overview_US131057" name="Prereq Should create a new yard used for all following tests" time="127.941">
      <system-out><![CDATA[
COMMAND: POST /session/edf591f4886fe2f4d5accf7d7849bb74/window/fullscreen - {}
RESULT: {}
COMMAND: POST /session/edf591f4886fe2f4d5accf7d7849bb74/execute/async - {"script":"<script> [1562 bytes]","args":[{"selector":{"controlType":"sap.m.GenericTile","properties":{"header":"Manage Yards"}},"wdio_ui5_key":"sapm.GenericTile{\"header\":\"Manage Yards\"}"}]}
RESULT: {"script":"<script> [1562 bytes]","args":[{"selector":{"controlType":"sap.m.GenericTile","properties":{"header":"Manage Yards"}},"wdio_ui5_key":"sapm.GenericTile{\"header\":\"Manage Yards\"}"}]}
RESULT: undefined
COMMAND: POST /session/edf591f4886fe2f4d5accf7d7849bb74/element - {"using":"xpath","value":"//*[@id=\"__tile41\"]"}
RESULT: {"using":"xpath","value":"//*[@id=\"__tile41\"]"}
COMMAND: POST /session/edf591f4886fe2f4d5accf7d7849bb74/element/f.F79DA72124CEC4D1C0F67458F1C76B54.d.01C5431C145A81F9764885D99E94980A.e.161/click - {}
RESULT: {}
COMMAND: GET /session/edf591f4886fe2f4d5accf7d7849bb74/screenshot - {}
RESULT: {}
COMMAND: POST /session/edf591f4886fe2f4d5accf7d7849bb74/elements - {"using":"xpath","value":"//span[text()='Error']"}
RESULT: {"using":"xpath","value":"//span[text()='Error']"}
COMMAND: POST /session/edf591f4886fe2f4d5accf7d7849bb74/element - {"using":"xpath","value":"//button[@data-kt=\"addNewYardOverflowToolbarButton\"]"}
RESULT: {"using":"xpath","value":"//button[@data-kt=\"addNewYardOverflowToolbarButton\"]"}
COMMAND: POST /session/edf591f4886fe2f4d5accf7d7849bb74/elements - {"using":"xpath","value":"//button[@data-kt=\"addNewYardOverflowToolbarButton\"]"}
RESULT: {"using":"xpath","value":"//button[@data-kt=\"addNewYardOverflowToolbarButton\"]"}
COMMAND: POST /session/edf591f4886fe2f4d5accf7d7849bb74/elements - {"using":"xpath","value":"//button[@data-kt=\"addNewYardOverflowToolbarButton\"]"}
RESULT: {"using":"xpath","value":"//button[@data-kt=\"addNewYardOverflowToolbarButton\"]"}
COMMAND: POST /session/edf591f4886fe2f4d5accf7d7849bb74/elements - {"using":"xpath","value":"//button[@data-kt=\"addNewYardOverflowToolbarButton\"]"}
RESULT: {"using":"xpath","value":"//button[@data-kt=\"addNewYardOverflowToolbarButton\"]"}
COMMAND: POST /session/edf591f4886fe2f4d5accf7d7849bb74/elements - {"using":"xpath","value":"//button[@data-kt=\"addNewYardOverflowToolbarButton\"]"}
RESULT: {"using":"xpath","value":"//button[@data-kt=\"addNewYardOverflowToolbarButton\"]"}
COMMAND: POST /session/edf591f4886fe2f4d5accf7d7849bb74/elements - {"using":"xpath","value":"//button[@data-kt=\"addNewYardOverflowToolbarButton\"]"}
RESULT: {"using":"xpath","value":"//button[@data-kt=\"addNewYardOverflowToolbarButton\"]"}
COMMAND: POST /session/edf591f4886fe2f4d5accf7d7849bb74/elements - {"using":"xpath","value":"//button[@data-kt=\"addNewYardOverflowToolbarButton\"]"}
RESULT: {"using":"xpath","value":"//button[@data-kt=\"addNewYardOverflowToolbarButton\"]"}
COMMAND: POST /session/edf591f4886fe2f4d5accf7d7849bb74/elements - {"using":"xpath","value":"//button[@data-kt=\"addNewYardOverflowToolbarButton\"]"}
RESULT: {"using":"xpath","value":"//button[@data-kt=\"addNewYardOverflowToolbarButton\"]"}
COMMAND: POST /session/edf591f4886fe2f4d5accf7d7849bb74/elements - {"using":"xpath","value":"//button[@data-kt=\"addNewYardOverflowToolbarButton\"]"}
RESULT: {"using":"xpath","value":"//button[@data-kt=\"addNewYardOverflowToolbarButton\"]"}
COMMAND: POST /session/edf591f4886fe2f4d5accf7d7849bb74/element - {"using":"xpath","value":"//button[@data-kt=\"addNewYardOverflowToolbarButton\"]"}
RESULT: {"using":"xpath","value":"//button[@data-kt=\"addNewYardOverflowToolbarButton\"]"}
COMMAND: POST /session/edf591f4886fe2f4d5accf7d7849bb74/execute/sync - {"script":"<script> [8489 bytes]","args":[{"element-6066-11e4-a52e-4f735466cecf":"f.F79DA72124CEC4D1C0F67458F1C76B54.d.01C5431C145A81F9764885D99E94980A.e.298","ELEMENT":"f.F79DA72124CEC4D1C0F67458F1C76B54.d.01C5431C145A81F9764885D99E94980A.e.298"}]}
RESULT: {"script":"<script> [8489 bytes]","args":[{"element-6066-11e4-a52e-4f735466cecf":"f.F79DA72124CEC4D1C0F67458F1C76B54.d.01C5431C145A81F9764885D99E94980A.e.298","ELEMENT":"f.F79DA72124CEC4D1C0F67458F1C76B54.d.01C5431C145A81F9764885D99E94980A.e.298"}]}
COMMAND: GET /session/edf591f4886fe2f4d5accf7d7849bb74/element/f.F79DA72124CEC4D1C0F67458F1C76B54.d.01C5431C145A81F9764885D99E94980A.e.298/enabled - {}
COMMAND: GET /session/edf591f4886fe2f4d5accf7d7849bb74/screenshot - {}
RESULT: {}
COMMAND: POST /session/edf591f4886fe2f4d5accf7d7849bb74/execute/sync - {"script":"<script> [8489 bytes]","args":[{"element-6066-11e4-a52e-4f735466cecf":"f.F79DA72124CEC4D1C0F67458F1C76B54.d.01C5431C145A81F9764885D99E94980A.e.298","ELEMENT":"f.F79DA72124CEC4D1C0F67458F1C76B54.d.01C5431C145A81F9764885D99E94980A.e.298"}]}
COMMAND: GET /session/edf591f4886fe2f4d5accf7d7849bb74/screenshot - {}
RESULT: {}
RESULT: {"script":"<script> [8489 bytes]","args":[{"element-6066-11e4-a52e-4f735466cecf":"f.F79DA72124CEC4D1C0F67458F1C76B54.d.01C5431C145A81F9764885D99E94980A.e.298","ELEMENT":"f.F79DA72124CEC4D1C0F67458F1C76B54.d.01C5431C145A81F9764885D99E94980A.e.298"}]}
COMMAND: POST /session/edf591f4886fe2f4d5accf7d7849bb74/execute/sync - {"script":"<script> [5351 bytes]","args":[{"element-6066-11e4-a52e-4f735466cecf":"f.F79DA72124CEC4D1C0F67458F1C76B54.d.01C5431C145A81F9764885D99E94980A.e.298","ELEMENT":"f.F79DA72124CEC4D1C0F67458F1C76B54.d.01C5431C145A81F9764885D99E94980A.e.298"}]}
COMMAND: GET /session/edf591f4886fe2f4d5accf7d7849bb74/screenshot - {}
RESULT: {}
RESULT: {"script":"<script> [5351 bytes]","args":[{"element-6066-11e4-a52e-4f735466cecf":"f.F79DA72124CEC4D1C0F67458F1C76B54.d.01C5431C145A81F9764885D99E94980A.e.298","ELEMENT":"f.F79DA72124CEC4D1C0F67458F1C76B54.d.01C5431C145A81F9764885D99E94980A.e.298"}]}
COMMAND: POST /session/edf591f4886fe2f4d5accf7d7849bb74/element/f.F79DA72124CEC4D1C0F67458F1C76B54.d.01C5431C145A81F9764885D99E94980A.e.298/click - {}
COMMAND: GET /session/edf591f4886fe2f4d5accf7d7849bb74/screenshot - {}
RESULT: {}
RESULT: {}
COMMAND: GET /session/edf591f4886fe2f4d5accf7d7849bb74/screenshot - {}
RESULT: {}
COMMAND: POST /session/edf591f4886fe2f4d5accf7d7849bb74/element - {"using":"xpath","value":"//input[@id=\"application-manageyards-display-component---NewYard--yardId-inner\"]"}
RESULT: {}
RESULT: {"using":"xpath","value":"//input[@id=\"application-manageyards-display-component---NewYard--yardId-inner\"]"}
COMMAND: POST /session/edf591f4886fe2f4d5accf7d7849bb74/element - {"using":"xpath","value":"//input[@id=\"application-manageyards-display-component---NewYard--yardId-inner\"]"}
RESULT: {"using":"xpath","value":"//input[@id=\"application-manageyards-display-component---NewYard--yardId-inner\"]"}
COMMAND: POST /session/edf591f4886fe2f4d5accf7d7849bb74/execute/async - {"script":"<script> [1562 bytes]","args":[{"selector":{"id":"application-manageyards-display-component---NewYard--addressDetailDetailsName1","interaction":{"idSuffix":"inner"}},"wdio_ui5_key":"applicationmanageyards-display-component---NewYard--addressDetailDetailsName1"}]}
RESULT: {"script":"<script> [1562 bytes]","args":[{"selector":{"id":"application-manageyards-display-component---NewYard--addressDetailDetailsName1","interaction":{"idSuffix":"inner"}},"wdio_ui5_key":"applicationmanageyards-display-component---NewYard--addressDetailDetailsName1"}]}
RESULT: undefined
COMMAND: POST /session/edf591f4886fe2f4d5accf7d7849bb74/execute/async - {"script":"<script> [776 bytes]","args":[{"enterText":"Other Yard WDIO","selector":{"id":"application-manageyards-display-component---NewYard--addressDetailDetailsName1","interaction":{"idSuffix":"inner"}},"clearTextFirst":true,"interactionType":"ENTER_TEXT"}]}
RESULT: {"script":"<script> [776 bytes]","args":[{"enterText":"Other Yard WDIO","selector":{"id":"application-manageyards-display-component---NewYard--addressDetailDetailsName1","interaction":{"idSuffix":"inner"}},"clearTextFirst":true,"interactionType":"ENTER_TEXT"}]}
COMMAND: POST /session/edf591f4886fe2f4d5accf7d7849bb74/execute/async - {"script":"<script> [1562 bytes]","args":[{"selector":{"id":"application-manageyards-display-component---NewYard--addressDetailDetailsLanguage-arrow"},"wdio_ui5_key":"applicationmanageyards-display-component---NewYard--addressDetailDetailsLanguage-arrow"}]}
RESULT: {"script":"<script> [1562 bytes]","args":[{"selector":{"id":"application-manageyards-display-component---NewYard--addressDetailDetailsLanguage-arrow"},"wdio_ui5_key":"applicationmanageyards-display-component---NewYard--addressDetailDetailsLanguage-arrow"}]}
RESULT: undefined
COMMAND: POST /session/edf591f4886fe2f4d5accf7d7849bb74/element - {"using":"xpath","value":"//*[@id=\"application-manageyards-display-component---NewYard--addressDetailDetailsLanguage-arrow\"]"}
RESULT: {"using":"xpath","value":"//*[@id=\"application-manageyards-display-component---NewYard--addressDetailDetailsLanguage-arrow\"]"}
COMMAND: POST /session/edf591f4886fe2f4d5accf7d7849bb74/element/f.F79DA72124CEC4D1C0F67458F1C76B54.d.01C5431C145A81F9764885D99E94980A.e.731/click - {}
RESULT: {}
COMMAND: POST /session/edf591f4886fe2f4d5accf7d7849bb74/element - {"using":"xpath","value":"//span[contains(text(), \"English\")]"}
COMMAND: GET /session/edf591f4886fe2f4d5accf7d7849bb74/screenshot - {}
RESULT: {"using":"xpath","value":"//span[contains(text(), \"English\")]"}
COMMAND: POST /session/edf591f4886fe2f4d5accf7d7849bb74/element/f.F79DA72124CEC4D1C0F67458F1C76B54.d.01C5431C145A81F9764885D99E94980A.e.732/click - {}
RESULT: {}
RESULT: {}
COMMAND: POST /session/edf591f4886fe2f4d5accf7d7849bb74/execute/async - {"script":"<script> [1562 bytes]","args":[{"selector":{"id":"application-manageyards-display-component---NewYard--addressDetailDetailsCity1","interaction":{"idSuffix":"inner"}},"wdio_ui5_key":"applicationmanageyards-display-component---NewYard--addressDetailDetailsCity1"}]}
COMMAND: GET /session/edf591f4886fe2f4d5accf7d7849bb74/screenshot - {}
RESULT: {"script":"<script> [1562 bytes]","args":[{"selector":{"id":"application-manageyards-display-component---NewYard--addressDetailDetailsCity1","interaction":{"idSuffix":"inner"}},"wdio_ui5_key":"applicationmanageyards-display-component---NewYard--addressDetailDetailsCity1"}]}
RESULT: undefined
COMMAND: POST /session/edf591f4886fe2f4d5accf7d7849bb74/execute/async - {"script":"<script> [776 bytes]","args":[{"enterText":"Rosario","selector":{"id":"application-manageyards-display-component---NewYard--addressDetailDetailsCity1","interaction":{"idSuffix":"inner"}},"clearTextFirst":true,"interactionType":"ENTER_TEXT"}]}
RESULT: {}
RESULT: {"script":"<script> [776 bytes]","args":[{"enterText":"Rosario","selector":{"id":"application-manageyards-display-component---NewYard--addressDetailDetailsCity1","interaction":{"idSuffix":"inner"}},"clearTextFirst":true,"interactionType":"ENTER_TEXT"}]}
COMMAND: POST /session/edf591f4886fe2f4d5accf7d7849bb74/execute/async - {"script":"<script> [1562 bytes]","args":[{"selector":{"id":"application-manageyards-display-component---NewYard--addressDetailDetailsCountry-arrow"},"wdio_ui5_key":"applicationmanageyards-display-component---NewYard--addressDetailDetailsCountry-arrow"}]}
RESULT: {"script":"<script> [1562 bytes]","args":[{"selector":{"id":"application-manageyards-display-component---NewYard--addressDetailDetailsCountry-arrow"},"wdio_ui5_key":"applicationmanageyards-display-component---NewYard--addressDetailDetailsCountry-arrow"}]}
RESULT: undefined
COMMAND: POST /session/edf591f4886fe2f4d5accf7d7849bb74/element - {"using":"xpath","value":"//*[@id=\"application-manageyards-display-component---NewYard--addressDetailDetailsCountry-arrow\"]"}
RESULT: {"using":"xpath","value":"//*[@id=\"application-manageyards-display-component---NewYard--addressDetailDetailsCountry-arrow\"]"}
COMMAND: POST /session/edf591f4886fe2f4d5accf7d7849bb74/element/f.F79DA72124CEC4D1C0F67458F1C76B54.d.01C5431C145A81F9764885D99E94980A.e.734/click - {}
RESULT: {}
COMMAND: POST /session/edf591f4886fe2f4d5accf7d7849bb74/element - {"using":"xpath","value":"//span[contains(text(), \"Argentina\")]"}
COMMAND: GET /session/edf591f4886fe2f4d5accf7d7849bb74/screenshot - {}
RESULT: {"using":"xpath","value":"//span[contains(text(), \"Argentina\")]"}
COMMAND: POST /session/edf591f4886fe2f4d5accf7d7849bb74/element/f.F79DA72124CEC4D1C0F67458F1C76B54.d.01C5431C145A81F9764885D99E94980A.e.736/click - {}
RESULT: {}
RESULT: {}
COMMAND: POST /session/edf591f4886fe2f4d5accf7d7849bb74/execute/async - {"script":"<script> [1562 bytes]","args":[{"selector":{"id":"application-manageyards-display-component---NewYard--addressEditDetailsCostObjectCstType-arrow"},"wdio_ui5_key":"applicationmanageyards-display-component---NewYard--addressEditDetailsCostObjectCstType-arrow"}]}
COMMAND: GET /session/edf591f4886fe2f4d5accf7d7849bb74/screenshot - {}
RESULT: {"script":"<script> [1562 bytes]","args":[{"selector":{"id":"application-manageyards-display-component---NewYard--addressEditDetailsCostObjectCstType-arrow"},"wdio_ui5_key":"applicationmanageyards-display-component---NewYard--addressEditDetailsCostObjectCstType-arrow"}]}
RESULT: undefined
COMMAND: POST /session/edf591f4886fe2f4d5accf7d7849bb74/element - {"using":"xpath","value":"//*[@id=\"application-manageyards-display-component---NewYard--addressEditDetailsCostObjectCstType-arrow\"]"}
RESULT: {}
RESULT: {"using":"xpath","value":"//*[@id=\"application-manageyards-display-component---NewYard--addressEditDetailsCostObjectCstType-arrow\"]"}
COMMAND: POST /session/edf591f4886fe2f4d5accf7d7849bb74/element/f.F79DA72124CEC4D1C0F67458F1C76B54.d.01C5431C145A81F9764885D99E94980A.e.737/click - {}
RESULT: {}
COMMAND: POST /session/edf591f4886fe2f4d5accf7d7849bb74/element - {"using":"xpath","value":"//span[contains(text(), \"Cost Center\")]"}
COMMAND: GET /session/edf591f4886fe2f4d5accf7d7849bb74/screenshot - {}
RESULT: {"using":"xpath","value":"//span[contains(text(), \"Cost Center\")]"}
COMMAND: POST /session/edf591f4886fe2f4d5accf7d7849bb74/element/f.F79DA72124CEC4D1C0F67458F1C76B54.d.01C5431C145A81F9764885D99E94980A.e.738/click - {}
RESULT: {}
RESULT: {}
COMMAND: GET /session/edf591f4886fe2f4d5accf7d7849bb74/screenshot - {}
RESULT: {}
COMMAND: POST /session/edf591f4886fe2f4d5accf7d7849bb74/element - {"using":"xpath","value":"//span[@id=\"application-manageyards-display-component---NewYard--addressNewCostObjectCstID-vhi\"]"}
RESULT: {"using":"xpath","value":"//span[@id=\"application-manageyards-display-component---NewYard--addressNewCostObjectCstID-vhi\"]"}
COMMAND: POST /session/edf591f4886fe2f4d5accf7d7849bb74/execute/sync - {"script":"<script> [8489 bytes]","args":[{"element-6066-11e4-a52e-4f735466cecf":"f.F79DA72124CEC4D1C0F67458F1C76B54.d.01C5431C145A81F9764885D99E94980A.e.742","ELEMENT":"f.F79DA72124CEC4D1C0F67458F1C76B54.d.01C5431C145A81F9764885D99E94980A.e.742"}]}
RESULT: {"script":"<script> [8489 bytes]","args":[{"element-6066-11e4-a52e-4f735466cecf":"f.F79DA72124CEC4D1C0F67458F1C76B54.d.01C5431C145A81F9764885D99E94980A.e.742","ELEMENT":"f.F79DA72124CEC4D1C0F67458F1C76B54.d.01C5431C145A81F9764885D99E94980A.e.742"}]}
COMMAND: POST /session/edf591f4886fe2f4d5accf7d7849bb74/execute/async - {"script":"<script> [1562 bytes]","args":[{"selector":{"id":"application-manageyards-display-component---NewYard--addressNewCostObjectCstID-vhi"},"wdio_ui5_key":"applicationmanageyards-display-component---NewYard--addressNewCostObjectCstID-vhi"}]}
COMMAND: GET /session/edf591f4886fe2f4d5accf7d7849bb74/screenshot - {}
RESULT: {"script":"<script> [1562 bytes]","args":[{"selector":{"id":"application-manageyards-display-component---NewYard--addressNewCostObjectCstID-vhi"},"wdio_ui5_key":"applicationmanageyards-display-component---NewYard--addressNewCostObjectCstID-vhi"}]}
RESULT: undefined
COMMAND: POST /session/edf591f4886fe2f4d5accf7d7849bb74/element - {"using":"xpath","value":"//*[@id=\"application-manageyards-display-component---NewYard--addressNewCostObjectCstID-vhi\"]"}
RESULT: {}
RESULT: {"using":"xpath","value":"//*[@id=\"application-manageyards-display-component---NewYard--addressNewCostObjectCstID-vhi\"]"}
COMMAND: POST /session/edf591f4886fe2f4d5accf7d7849bb74/element/f.F79DA72124CEC4D1C0F67458F1C76B54.d.01C5431C145A81F9764885D99E94980A.e.742/click - {}
RESULT: {}
COMMAND: GET /session/edf591f4886fe2f4d5accf7d7849bb74/screenshot - {}
RESULT: {}
COMMAND: POST /session/edf591f4886fe2f4d5accf7d7849bb74/execute/async - {"script":"<script> [1562 bytes]","args":[{"selector":{"controlType":"sap.m.SearchField","properties":{"placeholder":"Search"},"searchOpenDialogs":true,"interaction":{"idSuffix":"I"}},"wdio_ui5_key":"sapm.SearchField{\"placeholder\":\"Search\"}"}]}
RESULT: {"script":"<script> [1562 bytes]","args":[{"selector":{"controlType":"sap.m.SearchField","properties":{"placeholder":"Search"},"searchOpenDialogs":true,"interaction":{"idSuffix":"I"}},"wdio_ui5_key":"sapm.SearchField{\"placeholder\":\"Search\"}"}]}
RESULT: undefined
COMMAND: POST /session/edf591f4886fe2f4d5accf7d7849bb74/execute/async - {"script":"<script> [776 bytes]","args":[{"enterText":"bauh_b","selector":{"controlType":"sap.m.SearchField","properties":{"placeholder":"Search"},"searchOpenDialogs":true,"interaction":{"idSuffix":"I"}},"clearTextFirst":true,"interactionType":"ENTER_TEXT"}]}
RESULT: {"script":"<script> [776 bytes]","args":[{"enterText":"bauh_b","selector":{"controlType":"sap.m.SearchField","properties":{"placeholder":"Search"},"searchOpenDialogs":true,"interaction":{"idSuffix":"I"}},"clearTextFirst":true,"interactionType":"ENTER_TEXT"}]}
COMMAND: POST /session/edf591f4886fe2f4d5accf7d7849bb74/actions - {"actions":[{"id":"action1","type":"key","parameters":{},"actions":[{"type":"keyDown","value":"î€‡"},{"type":"pause","duration":10},{"type":"keyUp","value":"î€‡"}]}]}
RESULT: {"actions":[{"id":"action1","type":"key","parameters":{},"actions":[{"type":"keyDown","value":"î€‡"},{"type":"pause","duration":10},{"type":"keyUp","value":"î€‡"}]}]}
COMMAND: GET /session/edf591f4886fe2f4d5accf7d7849bb74/screenshot - {}
RESULT: {}
COMMAND: POST /session/edf591f4886fe2f4d5accf7d7849bb74/element - {"using":"xpath","value":"//span[contains(text(), \"Demo Yard\")]"}
RESULT: {"using":"xpath","value":"//span[contains(text(), \"Demo Yard\")]"}
COMMAND: POST /session/edf591f4886fe2f4d5accf7d7849bb74/element/f.F79DA72124CEC4D1C0F67458F1C76B54.d.01C5431C145A81F9764885D99E94980A.e.784/click - {}
RESULT: {}
COMMAND: GET /session/edf591f4886fe2f4d5accf7d7849bb74/screenshot - {}
RESULT: {}
COMMAND: POST /session/edf591f4886fe2f4d5accf7d7849bb74/element - {"using":"xpath","value":"//bdi[contains(text(), \"OK\")]"}
RESULT: {"using":"xpath","value":"//bdi[contains(text(), \"OK\")]"}
COMMAND: POST /session/edf591f4886fe2f4d5accf7d7849bb74/element/f.F79DA72124CEC4D1C0F67458F1C76B54.d.01C5431C145A81F9764885D99E94980A.e.785/click - {}
RESULT: {}
COMMAND: GET /session/edf591f4886fe2f4d5accf7d7849bb74/screenshot - {}
RESULT: {}
COMMAND: POST /session/edf591f4886fe2f4d5accf7d7849bb74/execute/async - {"script":"<script> [1562 bytes]","args":[{"selector":{"id":"application-manageyards-display-component---NewYard--addressEditDetailsCurrency-arrow"},"wdio_ui5_key":"applicationmanageyards-display-component---NewYard--addressEditDetailsCurrency-arrow"}]}
RESULT: {"script":"<script> [1562 bytes]","args":[{"selector":{"id":"application-manageyards-display-component---NewYard--addressEditDetailsCurrency-arrow"},"wdio_ui5_key":"applicationmanageyards-display-component---NewYard--addressEditDetailsCurrency-arrow"}]}
RESULT: undefined
COMMAND: POST /session/edf591f4886fe2f4d5accf7d7849bb74/element - {"using":"xpath","value":"//*[@id=\"application-manageyards-display-component---NewYard--addressEditDetailsCurrency-arrow\"]"}
RESULT: {"using":"xpath","value":"//*[@id=\"application-manageyards-display-component---NewYard--addressEditDetailsCurrency-arrow\"]"}
COMMAND: POST /session/edf591f4886fe2f4d5accf7d7849bb74/element/f.F79DA72124CEC4D1C0F67458F1C76B54.d.01C5431C145A81F9764885D99E94980A.e.788/click - {}
RESULT: {}
COMMAND: POST /session/edf591f4886fe2f4d5accf7d7849bb74/element - {"using":"xpath","value":"//span[contains(text(), \"Euro\")]"}
COMMAND: GET /session/edf591f4886fe2f4d5accf7d7849bb74/screenshot - {}
RESULT: {"using":"xpath","value":"//span[contains(text(), \"Euro\")]"}
COMMAND: POST /session/edf591f4886fe2f4d5accf7d7849bb74/element/f.F79DA72124CEC4D1C0F67458F1C76B54.d.01C5431C145A81F9764885D99E94980A.e.789/click - {}
RESULT: {}
RESULT: {}
COMMAND: POST /session/edf591f4886fe2f4d5accf7d7849bb74/execute/async - {"script":"<script> [1562 bytes]","args":[{"selector":{"controlType":"sap.m.Input","viewName":"etm.portal.ui.manageyards.view.New","viewId":"application-manageyards-display-component---NewYard","bindingPath":{"path":"","propertyPath":"/CONTROLLING_AREA","modelName":"NewYardModel"},"interaction":{"idSuffix":"inner"}},"wdio_ui5_key":"etmportal.ui.manageyards.view.Newsap.m.Input{\"path\":\"\",\"propertyPath\":\"/CONTROLLING_AREA\",\"modelName\":\"NewYardModel\"}"}]}
COMMAND: GET /session/edf591f4886fe2f4d5accf7d7849bb74/screenshot - {}
RESULT: {"script":"<script> [1562 bytes]","args":[{"selector":{"controlType":"sap.m.Input","viewName":"etm.portal.ui.manageyards.view.New","viewId":"application-manageyards-display-component---NewYard","bindingPath":{"path":"","propertyPath":"/CONTROLLING_AREA","modelName":"NewYardModel"},"interaction":{"idSuffix":"inner"}},"wdio_ui5_key":"etmportal.ui.manageyards.view.Newsap.m.Input{\"path\":\"\",\"propertyPath\":\"/CONTROLLING_AREA\",\"modelName\":\"NewYardModel\"}"}]}
RESULT: undefined
COMMAND: POST /session/edf591f4886fe2f4d5accf7d7849bb74/execute/async - {"script":"<script> [776 bytes]","args":[{"enterText":"Z001","selector":{"controlType":"sap.m.Input","viewName":"etm.portal.ui.manageyards.view.New","viewId":"application-manageyards-display-component---NewYard","bindingPath":{"path":"","propertyPath":"/CONTROLLING_AREA","modelName":"NewYardModel"},"interaction":{"idSuffix":"inner"}},"clearTextFirst":true,"interactionType":"ENTER_TEXT"}]}
RESULT: {}
RESULT: {"script":"<script> [776 bytes]","args":[{"enterText":"Z001","selector":{"controlType":"sap.m.Input","viewName":"etm.portal.ui.manageyards.view.New","viewId":"application-manageyards-display-component---NewYard","bindingPath":{"path":"","propertyPath":"/CONTROLLING_AREA","modelName":"NewYardModel"},"interaction":{"idSuffix":"inner"}},"clearTextFirst":true,"interactionType":"ENTER_TEXT"}]}
COMMAND: POST /session/edf591f4886fe2f4d5accf7d7849bb74/execute/async - {"script":"<script> [1562 bytes]","args":[{"selector":{"id":"application-manageyards-display-component---NewYard--companyCodeComboBox","interaction":{"idSuffix":"inner"}},"wdio_ui5_key":"applicationmanageyards-display-component---NewYard--companyCodeComboBox"}]}
RESULT: {"script":"<script> [1562 bytes]","args":[{"selector":{"id":"application-manageyards-display-component---NewYard--companyCodeComboBox","interaction":{"idSuffix":"inner"}},"wdio_ui5_key":"applicationmanageyards-display-component---NewYard--companyCodeComboBox"}]}
RESULT: undefined
COMMAND: POST /session/edf591f4886fe2f4d5accf7d7849bb74/execute/async - {"script":"<script> [776 bytes]","args":[{"enterText":"1000","selector":{"id":"application-manageyards-display-component---NewYard--companyCodeComboBox","interaction":{"idSuffix":"inner"}},"clearTextFirst":true,"interactionType":"ENTER_TEXT"}]}
RESULT: {"script":"<script> [776 bytes]","args":[{"enterText":"1000","selector":{"id":"application-manageyards-display-component---NewYard--companyCodeComboBox","interaction":{"idSuffix":"inner"}},"clearTextFirst":true,"interactionType":"ENTER_TEXT"}]}
COMMAND: POST /session/edf591f4886fe2f4d5accf7d7849bb74/execute/async - {"script":"<script> [1562 bytes]","args":[{"selector":{"controlType":"sap.m.Input","viewName":"etm.portal.ui.manageyards.view.New","viewId":"application-manageyards-display-component---NewYard","bindingPath":{"path":"","propertyPath":"/PLANT","modelName":"NewYardModel"},"interaction":{"idSuffix":"inner"}},"wdio_ui5_key":"etmportal.ui.manageyards.view.Newsap.m.Input{\"path\":\"\",\"propertyPath\":\"/PLANT\",\"modelName\":\"NewYardModel\"}"}]}
RESULT: {"script":"<script> [1562 bytes]","args":[{"selector":{"controlType":"sap.m.Input","viewName":"etm.portal.ui.manageyards.view.New","viewId":"application-manageyards-display-component---NewYard","bindingPath":{"path":"","propertyPath":"/PLANT","modelName":"NewYardModel"},"interaction":{"idSuffix":"inner"}},"wdio_ui5_key":"etmportal.ui.manageyards.view.Newsap.m.Input{\"path\":\"\",\"propertyPath\":\"/PLANT\",\"modelName\":\"NewYardModel\"}"}]}
RESULT: undefined
COMMAND: POST /session/edf591f4886fe2f4d5accf7d7849bb74/execute/async - {"script":"<script> [776 bytes]","args":[{"enterText":"1001","selector":{"controlType":"sap.m.Input","viewName":"etm.portal.ui.manageyards.view.New","viewId":"application-manageyards-display-component---NewYard","bindingPath":{"path":"","propertyPath":"/PLANT","modelName":"NewYardModel"},"interaction":{"idSuffix":"inner"}},"clearTextFirst":true,"interactionType":"ENTER_TEXT"}]}
RESULT: {"script":"<script> [776 bytes]","args":[{"enterText":"1001","selector":{"controlType":"sap.m.Input","viewName":"etm.portal.ui.manageyards.view.New","viewId":"application-manageyards-display-component---NewYard","bindingPath":{"path":"","propertyPath":"/PLANT","modelName":"NewYardModel"},"interaction":{"idSuffix":"inner"}},"clearTextFirst":true,"interactionType":"ENTER_TEXT"}]}
COMMAND: POST /session/edf591f4886fe2f4d5accf7d7849bb74/execute/async - {"script":"<script> [1562 bytes]","args":[{"selector":{"controlType":"sap.m.Input","viewName":"etm.portal.ui.manageyards.view.New","viewId":"application-manageyards-display-component---NewYard","bindingPath":{"path":"","propertyPath":"/SALES_AREA_VKORG","modelName":"NewYardModel"},"interaction":{"idSuffix":"inner"}},"wdio_ui5_key":"etmportal.ui.manageyards.view.Newsap.m.Input{\"path\":\"\",\"propertyPath\":\"/SALES_AREA_VKORG\",\"modelName\":\"NewYardModel\"}"}]}
RESULT: {"script":"<script> [1562 bytes]","args":[{"selector":{"controlType":"sap.m.Input","viewName":"etm.portal.ui.manageyards.view.New","viewId":"application-manageyards-display-component---NewYard","bindingPath":{"path":"","propertyPath":"/SALES_AREA_VKORG","modelName":"NewYardModel"},"interaction":{"idSuffix":"inner"}},"wdio_ui5_key":"etmportal.ui.manageyards.view.Newsap.m.Input{\"path\":\"\",\"propertyPath\":\"/SALES_AREA_VKORG\",\"modelName\":\"NewYardModel\"}"}]}
RESULT: undefined
COMMAND: POST /session/edf591f4886fe2f4d5accf7d7849bb74/execute/async - {"script":"<script> [776 bytes]","args":[{"enterText":"C002","selector":{"controlType":"sap.m.Input","viewName":"etm.portal.ui.manageyards.view.New","viewId":"application-manageyards-display-component---NewYard","bindingPath":{"path":"","propertyPath":"/SALES_AREA_VKORG","modelName":"NewYardModel"},"interaction":{"idSuffix":"inner"}},"clearTextFirst":true,"interactionType":"ENTER_TEXT"}]}
RESULT: {"script":"<script> [776 bytes]","args":[{"enterText":"C002","selector":{"controlType":"sap.m.Input","viewName":"etm.portal.ui.manageyards.view.New","viewId":"application-manageyards-display-component---NewYard","bindingPath":{"path":"","propertyPath":"/SALES_AREA_VKORG","modelName":"NewYardModel"},"interaction":{"idSuffix":"inner"}},"clearTextFirst":true,"interactionType":"ENTER_TEXT"}]}
COMMAND: POST /session/edf591f4886fe2f4d5accf7d7849bb74/execute/async - {"script":"<script> [1562 bytes]","args":[{"selector":{"controlType":"sap.m.Input","viewName":"etm.portal.ui.manageyards.view.New","viewId":"application-manageyards-display-component---NewYard","bindingPath":{"path":"","propertyPath":"/SALES_AREA_VTWEG","modelName":"NewYardModel"},"interaction":{"idSuffix":"inner"}},"wdio_ui5_key":"etmportal.ui.manageyards.view.Newsap.m.Input{\"path\":\"\",\"propertyPath\":\"/SALES_AREA_VTWEG\",\"modelName\":\"NewYardModel\"}"}]}
RESULT: {"script":"<script> [1562 bytes]","args":[{"selector":{"controlType":"sap.m.Input","viewName":"etm.portal.ui.manageyards.view.New","viewId":"application-manageyards-display-component---NewYard","bindingPath":{"path":"","propertyPath":"/SALES_AREA_VTWEG","modelName":"NewYardModel"},"interaction":{"idSuffix":"inner"}},"wdio_ui5_key":"etmportal.ui.manageyards.view.Newsap.m.Input{\"path\":\"\",\"propertyPath\":\"/SALES_AREA_VTWEG\",\"modelName\":\"NewYardModel\"}"}]}
RESULT: undefined
COMMAND: POST /session/edf591f4886fe2f4d5accf7d7849bb74/execute/async - {"script":"<script> [776 bytes]","args":[{"enterText":"C2","selector":{"controlType":"sap.m.Input","viewName":"etm.portal.ui.manageyards.view.New","viewId":"application-manageyards-display-component---NewYard","bindingPath":{"path":"","propertyPath":"/SALES_AREA_VTWEG","modelName":"NewYardModel"},"interaction":{"idSuffix":"inner"}},"clearTextFirst":true,"interactionType":"ENTER_TEXT"}]}
RESULT: {"script":"<script> [776 bytes]","args":[{"enterText":"C2","selector":{"controlType":"sap.m.Input","viewName":"etm.portal.ui.manageyards.view.New","viewId":"application-manageyards-display-component---NewYard","bindingPath":{"path":"","propertyPath":"/SALES_AREA_VTWEG","modelName":"NewYardModel"},"interaction":{"idSuffix":"inner"}},"clearTextFirst":true,"interactionType":"ENTER_TEXT"}]}
COMMAND: POST /session/edf591f4886fe2f4d5accf7d7849bb74/execute/async - {"script":"<script> [1562 bytes]","args":[{"selector":{"controlType":"sap.m.Input","viewName":"etm.portal.ui.manageyards.view.New","viewId":"application-manageyards-display-component---NewYard","bindingPath":{"path":"","propertyPath":"/SALES_AREA_SPART","modelName":"NewYardModel"},"interaction":{"idSuffix":"inner"}},"wdio_ui5_key":"etmportal.ui.manageyards.view.Newsap.m.Input{\"path\":\"\",\"propertyPath\":\"/SALES_AREA_SPART\",\"modelName\":\"NewYardModel\"}"}]}
RESULT: {"script":"<script> [1562 bytes]","args":[{"selector":{"controlType":"sap.m.Input","viewName":"etm.portal.ui.manageyards.view.New","viewId":"application-manageyards-display-component---NewYard","bindingPath":{"path":"","propertyPath":"/SALES_AREA_SPART","modelName":"NewYardModel"},"interaction":{"idSuffix":"inner"}},"wdio_ui5_key":"etmportal.ui.manageyards.view.Newsap.m.Input{\"path\":\"\",\"propertyPath\":\"/SALES_AREA_SPART\",\"modelName\":\"NewYardModel\"}"}]}
RESULT: undefined
COMMAND: POST /session/edf591f4886fe2f4d5accf7d7849bb74/execute/async - {"script":"<script> [776 bytes]","args":[{"enterText":"C2","selector":{"controlType":"sap.m.Input","viewName":"etm.portal.ui.manageyards.view.New","viewId":"application-manageyards-display-component---NewYard","bindingPath":{"path":"","propertyPath":"/SALES_AREA_SPART","modelName":"NewYardModel"},"interaction":{"idSuffix":"inner"}},"clearTextFirst":true,"interactionType":"ENTER_TEXT"}]}
RESULT: {"script":"<script> [776 bytes]","args":[{"enterText":"C2","selector":{"controlType":"sap.m.Input","viewName":"etm.portal.ui.manageyards.view.New","viewId":"application-manageyards-display-component---NewYard","bindingPath":{"path":"","propertyPath":"/SALES_AREA_SPART","modelName":"NewYardModel"},"interaction":{"idSuffix":"inner"}},"clearTextFirst":true,"interactionType":"ENTER_TEXT"}]}
COMMAND: POST /session/edf591f4886fe2f4d5accf7d7849bb74/execute/async - {"script":"<script> [1562 bytes]","args":[{"selector":{"controlType":"sap.m.Input","viewName":"etm.portal.ui.manageyards.view.New","viewId":"application-manageyards-display-component---NewYard","bindingPath":{"path":"","propertyPath":"/SHIP_POINT","modelName":"NewYardModel"},"interaction":{"idSuffix":"inner"}},"wdio_ui5_key":"etmportal.ui.manageyards.view.Newsap.m.Input{\"path\":\"\",\"propertyPath\":\"/SHIP_POINT\",\"modelName\":\"NewYardModel\"}"}]}
RESULT: {"script":"<script> [1562 bytes]","args":[{"selector":{"controlType":"sap.m.Input","viewName":"etm.portal.ui.manageyards.view.New","viewId":"application-manageyards-display-component---NewYard","bindingPath":{"path":"","propertyPath":"/SHIP_POINT","modelName":"NewYardModel"},"interaction":{"idSuffix":"inner"}},"wdio_ui5_key":"etmportal.ui.manageyards.view.Newsap.m.Input{\"path\":\"\",\"propertyPath\":\"/SHIP_POINT\",\"modelName\":\"NewYardModel\"}"}]}
RESULT: undefined
COMMAND: POST /session/edf591f4886fe2f4d5accf7d7849bb74/execute/async - {"script":"<script> [776 bytes]","args":[{"enterText":"1710","selector":{"controlType":"sap.m.Input","viewName":"etm.portal.ui.manageyards.view.New","viewId":"application-manageyards-display-component---NewYard","bindingPath":{"path":"","propertyPath":"/SHIP_POINT","modelName":"NewYardModel"},"interaction":{"idSuffix":"inner"}},"clearTextFirst":true,"interactionType":"ENTER_TEXT"}]}
RESULT: {"script":"<script> [776 bytes]","args":[{"enterText":"1710","selector":{"controlType":"sap.m.Input","viewName":"etm.portal.ui.manageyards.view.New","viewId":"application-manageyards-display-component---NewYard","bindingPath":{"path":"","propertyPath":"/SHIP_POINT","modelName":"NewYardModel"},"interaction":{"idSuffix":"inner"}},"clearTextFirst":true,"interactionType":"ENTER_TEXT"}]}
COMMAND: POST /session/edf591f4886fe2f4d5accf7d7849bb74/execute/async - {"script":"<script> [1562 bytes]","args":[{"selector":{"controlType":"sap.m.Input","viewName":"etm.portal.ui.manageyards.view.New","viewId":"application-manageyards-display-component---NewYard","bindingPath":{"path":"","propertyPath":"/DELIVERY_TYPE","modelName":"NewYardModel"},"interaction":{"idSuffix":"inner"}},"wdio_ui5_key":"etmportal.ui.manageyards.view.Newsap.m.Input{\"path\":\"\",\"propertyPath\":\"/DELIVERY_TYPE\",\"modelName\":\"NewYardModel\"}"}]}
RESULT: {"script":"<script> [1562 bytes]","args":[{"selector":{"controlType":"sap.m.Input","viewName":"etm.portal.ui.manageyards.view.New","viewId":"application-manageyards-display-component---NewYard","bindingPath":{"path":"","propertyPath":"/DELIVERY_TYPE","modelName":"NewYardModel"},"interaction":{"idSuffix":"inner"}},"wdio_ui5_key":"etmportal.ui.manageyards.view.Newsap.m.Input{\"path\":\"\",\"propertyPath\":\"/DELIVERY_TYPE\",\"modelName\":\"NewYardModel\"}"}]}
RESULT: undefined
COMMAND: POST /session/edf591f4886fe2f4d5accf7d7849bb74/execute/async - {"script":"<script> [776 bytes]","args":[{"enterText":"ZL01","selector":{"controlType":"sap.m.Input","viewName":"etm.portal.ui.manageyards.view.New","viewId":"application-manageyards-display-component---NewYard","bindingPath":{"path":"","propertyPath":"/DELIVERY_TYPE","modelName":"NewYardModel"},"interaction":{"idSuffix":"inner"}},"clearTextFirst":true,"interactionType":"ENTER_TEXT"}]}
RESULT: {"script":"<script> [776 bytes]","args":[{"enterText":"ZL01","selector":{"controlType":"sap.m.Input","viewName":"etm.portal.ui.manageyards.view.New","viewId":"application-manageyards-display-component---NewYard","bindingPath":{"path":"","propertyPath":"/DELIVERY_TYPE","modelName":"NewYardModel"},"interaction":{"idSuffix":"inner"}},"clearTextFirst":true,"interactionType":"ENTER_TEXT"}]}
COMMAND: POST /session/edf591f4886fe2f4d5accf7d7849bb74/execute/async - {"script":"<script> [1562 bytes]","args":[{"selector":{"controlType":"sap.m.Input","viewName":"etm.portal.ui.manageyards.view.New","viewId":"application-manageyards-display-component---NewYard","bindingPath":{"path":"","propertyPath":"/AUART","modelName":"NewYardModel"},"interaction":{"idSuffix":"inner"}},"wdio_ui5_key":"etmportal.ui.manageyards.view.Newsap.m.Input{\"path\":\"\",\"propertyPath\":\"/AUART\",\"modelName\":\"NewYardModel\"}"}]}
RESULT: {"script":"<script> [1562 bytes]","args":[{"selector":{"controlType":"sap.m.Input","viewName":"etm.portal.ui.manageyards.view.New","viewId":"application-manageyards-display-component---NewYard","bindingPath":{"path":"","propertyPath":"/AUART","modelName":"NewYardModel"},"interaction":{"idSuffix":"inner"}},"wdio_ui5_key":"etmportal.ui.manageyards.view.Newsap.m.Input{\"path\":\"\",\"propertyPath\":\"/AUART\",\"modelName\":\"NewYardModel\"}"}]}
RESULT: undefined
COMMAND: POST /session/edf591f4886fe2f4d5accf7d7849bb74/execute/async - {"script":"<script> [776 bytes]","args":[{"enterText":"TA","selector":{"controlType":"sap.m.Input","viewName":"etm.portal.ui.manageyards.view.New","viewId":"application-manageyards-display-component---NewYard","bindingPath":{"path":"","propertyPath":"/AUART","modelName":"NewYardModel"},"interaction":{"idSuffix":"inner"}},"clearTextFirst":true,"interactionType":"ENTER_TEXT"}]}
RESULT: {"script":"<script> [776 bytes]","args":[{"enterText":"TA","selector":{"controlType":"sap.m.Input","viewName":"etm.portal.ui.manageyards.view.New","viewId":"application-manageyards-display-component---NewYard","bindingPath":{"path":"","propertyPath":"/AUART","modelName":"NewYardModel"},"interaction":{"idSuffix":"inner"}},"clearTextFirst":true,"interactionType":"ENTER_TEXT"}]}
COMMAND: POST /session/edf591f4886fe2f4d5accf7d7849bb74/element - {"using":"xpath","value":"//button[@data-kt=\"newYardSaveButton\"]"}
RESULT: {"using":"xpath","value":"//button[@data-kt=\"newYardSaveButton\"]"}
COMMAND: POST /session/edf591f4886fe2f4d5accf7d7849bb74/element/f.F79DA72124CEC4D1C0F67458F1C76B54.d.01C5431C145A81F9764885D99E94980A.e.696/click - {}
RESULT: {}
COMMAND: GET /session/edf591f4886fe2f4d5accf7d7849bb74/screenshot - {}
RESULT: {}
COMMAND: POST /session/edf591f4886fe2f4d5accf7d7849bb74/element - {"using":"xpath","value":"//header[contains(@id, 'ObjectPageLayout-headerTitle')]/div[1]/div[2]/div[1]/span[1]"}
RESULT: {"using":"xpath","value":"//header[contains(@id, 'ObjectPageLayout-headerTitle')]/div[1]/div[2]/div[1]/span[1]"}
COMMAND: POST /session/edf591f4886fe2f4d5accf7d7849bb74/elements - {"using":"xpath","value":"//header[contains(@id, 'ObjectPageLayout-headerTitle')]/div[1]/div[2]/div[1]/span[1]"}
RESULT: {"using":"xpath","value":"//header[contains(@id, 'ObjectPageLayout-headerTitle')]/div[1]/div[2]/div[1]/span[1]"}
COMMAND: POST /session/edf591f4886fe2f4d5accf7d7849bb74/execute/sync - {"script":"<script> [56 bytes]","args":[{"element-6066-11e4-a52e-4f735466cecf":"f.F79DA72124CEC4D1C0F67458F1C76B54.d.01C5431C145A81F9764885D99E94980A.e.1020","ELEMENT":"f.F79DA72124CEC4D1C0F67458F1C76B54.d.01C5431C145A81F9764885D99E94980A.e.1020"}]}
RESULT: {"script":"<script> [56 bytes]","args":[{"element-6066-11e4-a52e-4f735466cecf":"f.F79DA72124CEC4D1C0F67458F1C76B54.d.01C5431C145A81F9764885D99E94980A.e.1020","ELEMENT":"f.F79DA72124CEC4D1C0F67458F1C76B54.d.01C5431C145A81F9764885D99E94980A.e.1020"}]}
COMMAND: GET /session/edf591f4886fe2f4d5accf7d7849bb74/screenshot - {}
RESULT: {}
COMMAND: POST /session/edf591f4886fe2f4d5accf7d7849bb74/element - {"using":"css selector","value":"#shell-header-logo"}
RESULT: {"using":"css selector","value":"#shell-header-logo"}
COMMAND: POST /session/edf591f4886fe2f4d5accf7d7849bb74/element/f.F79DA72124CEC4D1C0F67458F1C76B54.d.01C5431C145A81F9764885D99E94980A.e.267/click - {}
RESULT: {}
COMMAND: GET /session/edf591f4886fe2f4d5accf7d7849bb74/screenshot - {}
RESULT: {}
COMMAND: POST /session/edf591f4886fe2f4d5accf7d7849bb74/execute/sync - {"script":"<script> [299 bytes]","args":[["getModel","getResource"]]}
RESULT: {"script":"<script> [299 bytes]","args":[["getModel","getResource"]]}
]]></system-out>
    </testcase>
    <testcase classname="chrome.136_0_7103_93.windows.Prerequisites_&amp;_test_for_yard_mass_return_on_Yard_Overview_US131057" name="Prereq Should create a new partner" time="146.901">
      <system-out><![CDATA[
COMMAND: GET /session/edf591f4886fe2f4d5accf7d7849bb74/screenshot - {}
COMMAND: POST /session/edf591f4886fe2f4d5accf7d7849bb74/window/fullscreen - {}
RESULT: {}
RESULT: {}
COMMAND: POST /session/edf591f4886fe2f4d5accf7d7849bb74/execute/async - {"script":"<script> [1562 bytes]","args":[{"selector":{"controlType":"sap.m.GenericTile","properties":{"header":"Manage Partners"}},"wdio_ui5_key":"sapm.GenericTile{\"header\":\"Manage Partners\"}"}]}
RESULT: {"script":"<script> [1562 bytes]","args":[{"selector":{"controlType":"sap.m.GenericTile","properties":{"header":"Manage Partners"}},"wdio_ui5_key":"sapm.GenericTile{\"header\":\"Manage Partners\"}"}]}
RESULT: undefined
COMMAND: POST /session/edf591f4886fe2f4d5accf7d7849bb74/element - {"using":"xpath","value":"//*[@id=\"__tile38\"]"}
RESULT: {"using":"xpath","value":"//*[@id=\"__tile38\"]"}
COMMAND: POST /session/edf591f4886fe2f4d5accf7d7849bb74/element/f.F79DA72124CEC4D1C0F67458F1C76B54.d.01C5431C145A81F9764885D99E94980A.e.152/click - {}
RESULT: {}
COMMAND: GET /session/edf591f4886fe2f4d5accf7d7849bb74/screenshot - {}
RESULT: {}
COMMAND: POST /session/edf591f4886fe2f4d5accf7d7849bb74/elements - {"using":"xpath","value":"//span[text()='Error']"}
RESULT: {"using":"xpath","value":"//span[text()='Error']"}
COMMAND: POST /session/edf591f4886fe2f4d5accf7d7849bb74/element - {"using":"xpath","value":"//button[@data-kt=\"addButton\"]"}
RESULT: {"using":"xpath","value":"//button[@data-kt=\"addButton\"]"}
COMMAND: POST /session/edf591f4886fe2f4d5accf7d7849bb74/elements - {"using":"xpath","value":"//button[@data-kt=\"addButton\"]"}
RESULT: {"using":"xpath","value":"//button[@data-kt=\"addButton\"]"}
COMMAND: POST /session/edf591f4886fe2f4d5accf7d7849bb74/elements - {"using":"xpath","value":"//button[@data-kt=\"addButton\"]"}
RESULT: {"using":"xpath","value":"//button[@data-kt=\"addButton\"]"}
COMMAND: POST /session/edf591f4886fe2f4d5accf7d7849bb74/elements - {"using":"xpath","value":"//button[@data-kt=\"addButton\"]"}
RESULT: {"using":"xpath","value":"//button[@data-kt=\"addButton\"]"}
COMMAND: POST /session/edf591f4886fe2f4d5accf7d7849bb74/elements - {"using":"xpath","value":"//button[@data-kt=\"addButton\"]"}
RESULT: {"using":"xpath","value":"//button[@data-kt=\"addButton\"]"}
COMMAND: POST /session/edf591f4886fe2f4d5accf7d7849bb74/element - {"using":"xpath","value":"//button[@data-kt=\"addButton\"]"}
RESULT: {"using":"xpath","value":"//button[@data-kt=\"addButton\"]"}
COMMAND: POST /session/edf591f4886fe2f4d5accf7d7849bb74/execute/sync - {"script":"<script> [8489 bytes]","args":[{"element-6066-11e4-a52e-4f735466cecf":"f.F79DA72124CEC4D1C0F67458F1C76B54.d.01C5431C145A81F9764885D99E94980A.e.1070","ELEMENT":"f.F79DA72124CEC4D1C0F67458F1C76B54.d.01C5431C145A81F9764885D99E94980A.e.1070"}]}
RESULT: {"script":"<script> [8489 bytes]","args":[{"element-6066-11e4-a52e-4f735466cecf":"f.F79DA72124CEC4D1C0F67458F1C76B54.d.01C5431C145A81F9764885D99E94980A.e.1070","ELEMENT":"f.F79DA72124CEC4D1C0F67458F1C76B54.d.01C5431C145A81F9764885D99E94980A.e.1070"}]}
COMMAND: GET /session/edf591f4886fe2f4d5accf7d7849bb74/element/f.F79DA72124CEC4D1C0F67458F1C76B54.d.01C5431C145A81F9764885D99E94980A.e.1070/enabled - {}
COMMAND: GET /session/edf591f4886fe2f4d5accf7d7849bb74/screenshot - {}
RESULT: {}
COMMAND: POST /session/edf591f4886fe2f4d5accf7d7849bb74/execute/sync - {"script":"<script> [8489 bytes]","args":[{"element-6066-11e4-a52e-4f735466cecf":"f.F79DA72124CEC4D1C0F67458F1C76B54.d.01C5431C145A81F9764885D99E94980A.e.1070","ELEMENT":"f.F79DA72124CEC4D1C0F67458F1C76B54.d.01C5431C145A81F9764885D99E94980A.e.1070"}]}
COMMAND: GET /session/edf591f4886fe2f4d5accf7d7849bb74/screenshot - {}
RESULT: {}
RESULT: {"script":"<script> [8489 bytes]","args":[{"element-6066-11e4-a52e-4f735466cecf":"f.F79DA72124CEC4D1C0F67458F1C76B54.d.01C5431C145A81F9764885D99E94980A.e.1070","ELEMENT":"f.F79DA72124CEC4D1C0F67458F1C76B54.d.01C5431C145A81F9764885D99E94980A.e.1070"}]}
COMMAND: POST /session/edf591f4886fe2f4d5accf7d7849bb74/execute/sync - {"script":"<script> [5351 bytes]","args":[{"element-6066-11e4-a52e-4f735466cecf":"f.F79DA72124CEC4D1C0F67458F1C76B54.d.01C5431C145A81F9764885D99E94980A.e.1070","ELEMENT":"f.F79DA72124CEC4D1C0F67458F1C76B54.d.01C5431C145A81F9764885D99E94980A.e.1070"}]}
COMMAND: GET /session/edf591f4886fe2f4d5accf7d7849bb74/screenshot - {}
RESULT: {}
RESULT: {"script":"<script> [5351 bytes]","args":[{"element-6066-11e4-a52e-4f735466cecf":"f.F79DA72124CEC4D1C0F67458F1C76B54.d.01C5431C145A81F9764885D99E94980A.e.1070","ELEMENT":"f.F79DA72124CEC4D1C0F67458F1C76B54.d.01C5431C145A81F9764885D99E94980A.e.1070"}]}
COMMAND: POST /session/edf591f4886fe2f4d5accf7d7849bb74/element/f.F79DA72124CEC4D1C0F67458F1C76B54.d.01C5431C145A81F9764885D99E94980A.e.1070/click - {}
COMMAND: GET /session/edf591f4886fe2f4d5accf7d7849bb74/screenshot - {}
RESULT: {}
RESULT: {}
COMMAND: GET /session/edf591f4886fe2f4d5accf7d7849bb74/screenshot - {}
RESULT: {}
RESULT: {}
COMMAND: POST /session/edf591f4886fe2f4d5accf7d7849bb74/execute/async - {"script":"<script> [1562 bytes]","args":[{"selector":{"id":"application-managepartners-display-component---NewPartner--addressDetailDetailsName1","interaction":{"idSuffix":"inner"}},"wdio_ui5_key":"applicationmanagepartners-display-component---NewPartner--addressDetailDetailsName1"}]}
RESULT: {"script":"<script> [1562 bytes]","args":[{"selector":{"id":"application-managepartners-display-component---NewPartner--addressDetailDetailsName1","interaction":{"idSuffix":"inner"}},"wdio_ui5_key":"applicationmanagepartners-display-component---NewPartner--addressDetailDetailsName1"}]}
RESULT: undefined
COMMAND: POST /session/edf591f4886fe2f4d5accf7d7849bb74/execute/async - {"script":"<script> [776 bytes]","args":[{"enterText":"Intracompany Partner WDIO","selector":{"id":"application-managepartners-display-component---NewPartner--addressDetailDetailsName1","interaction":{"idSuffix":"inner"}},"clearTextFirst":true,"interactionType":"ENTER_TEXT"}]}
RESULT: {"script":"<script> [776 bytes]","args":[{"enterText":"Intracompany Partner WDIO","selector":{"id":"application-managepartners-display-component---NewPartner--addressDetailDetailsName1","interaction":{"idSuffix":"inner"}},"clearTextFirst":true,"interactionType":"ENTER_TEXT"}]}
COMMAND: POST /session/edf591f4886fe2f4d5accf7d7849bb74/execute/async - {"script":"<script> [1562 bytes]","args":[{"selector":{"id":"application-managepartners-display-component---NewPartner--addressDetailDetailsLanguage-arrow"},"wdio_ui5_key":"applicationmanagepartners-display-component---NewPartner--addressDetailDetailsLanguage-arrow"}]}
RESULT: {"script":"<script> [1562 bytes]","args":[{"selector":{"id":"application-managepartners-display-component---NewPartner--addressDetailDetailsLanguage-arrow"},"wdio_ui5_key":"applicationmanagepartners-display-component---NewPartner--addressDetailDetailsLanguage-arrow"}]}
RESULT: undefined
COMMAND: POST /session/edf591f4886fe2f4d5accf7d7849bb74/element - {"using":"xpath","value":"//*[@id=\"application-managepartners-display-component---NewPartner--addressDetailDetailsLanguage-arrow\"]"}
RESULT: {"using":"xpath","value":"//*[@id=\"application-managepartners-display-component---NewPartner--addressDetailDetailsLanguage-arrow\"]"}
COMMAND: POST /session/edf591f4886fe2f4d5accf7d7849bb74/element/f.F79DA72124CEC4D1C0F67458F1C76B54.d.01C5431C145A81F9764885D99E94980A.e.1515/click - {}
RESULT: {}
COMMAND: POST /session/edf591f4886fe2f4d5accf7d7849bb74/element - {"using":"xpath","value":"//span[contains(text(), \"English\")]"}
COMMAND: GET /session/edf591f4886fe2f4d5accf7d7849bb74/screenshot - {}
RESULT: {"using":"xpath","value":"//span[contains(text(), \"English\")]"}
COMMAND: POST /session/edf591f4886fe2f4d5accf7d7849bb74/element/f.F79DA72124CEC4D1C0F67458F1C76B54.d.01C5431C145A81F9764885D99E94980A.e.1516/click - {}
RESULT: {}
RESULT: {}
COMMAND: GET /session/edf591f4886fe2f4d5accf7d7849bb74/screenshot - {}
RESULT: {}
COMMAND: POST /session/edf591f4886fe2f4d5accf7d7849bb74/execute/async - {"script":"<script> [1562 bytes]","args":[{"selector":{"id":"application-managepartners-display-component---NewPartner--addressDetailDetailsCity1","interaction":{"idSuffix":"inner"}},"wdio_ui5_key":"applicationmanagepartners-display-component---NewPartner--addressDetailDetailsCity1"}]}
RESULT: {"script":"<script> [1562 bytes]","args":[{"selector":{"id":"application-managepartners-display-component---NewPartner--addressDetailDetailsCity1","interaction":{"idSuffix":"inner"}},"wdio_ui5_key":"applicationmanagepartners-display-component---NewPartner--addressDetailDetailsCity1"}]}
RESULT: undefined
COMMAND: POST /session/edf591f4886fe2f4d5accf7d7849bb74/execute/async - {"script":"<script> [776 bytes]","args":[{"enterText":"Rosario","selector":{"id":"application-managepartners-display-component---NewPartner--addressDetailDetailsCity1","interaction":{"idSuffix":"inner"}},"clearTextFirst":true,"interactionType":"ENTER_TEXT"}]}
RESULT: {"script":"<script> [776 bytes]","args":[{"enterText":"Rosario","selector":{"id":"application-managepartners-display-component---NewPartner--addressDetailDetailsCity1","interaction":{"idSuffix":"inner"}},"clearTextFirst":true,"interactionType":"ENTER_TEXT"}]}
COMMAND: POST /session/edf591f4886fe2f4d5accf7d7849bb74/execute/async - {"script":"<script> [1562 bytes]","args":[{"selector":{"id":"application-managepartners-display-component---NewPartner--addressDetailDetailsCountry-arrow"},"wdio_ui5_key":"applicationmanagepartners-display-component---NewPartner--addressDetailDetailsCountry-arrow"}]}
RESULT: {"script":"<script> [1562 bytes]","args":[{"selector":{"id":"application-managepartners-display-component---NewPartner--addressDetailDetailsCountry-arrow"},"wdio_ui5_key":"applicationmanagepartners-display-component---NewPartner--addressDetailDetailsCountry-arrow"}]}
RESULT: undefined
COMMAND: POST /session/edf591f4886fe2f4d5accf7d7849bb74/element - {"using":"xpath","value":"//*[@id=\"application-managepartners-display-component---NewPartner--addressDetailDetailsCountry-arrow\"]"}
RESULT: {"using":"xpath","value":"//*[@id=\"application-managepartners-display-component---NewPartner--addressDetailDetailsCountry-arrow\"]"}
COMMAND: POST /session/edf591f4886fe2f4d5accf7d7849bb74/element/f.F79DA72124CEC4D1C0F67458F1C76B54.d.01C5431C145A81F9764885D99E94980A.e.1483/click - {}
RESULT: {}
COMMAND: POST /session/edf591f4886fe2f4d5accf7d7849bb74/element - {"using":"xpath","value":"//span[contains(text(), \"Argentina\")]"}
COMMAND: GET /session/edf591f4886fe2f4d5accf7d7849bb74/screenshot - {}
RESULT: {"using":"xpath","value":"//span[contains(text(), \"Argentina\")]"}
COMMAND: POST /session/edf591f4886fe2f4d5accf7d7849bb74/element/f.F79DA72124CEC4D1C0F67458F1C76B54.d.01C5431C145A81F9764885D99E94980A.e.1518/click - {}
RESULT: {}
RESULT: {}
COMMAND: GET /session/edf591f4886fe2f4d5accf7d7849bb74/screenshot - {}
RESULT: {}
COMMAND: POST /session/edf591f4886fe2f4d5accf7d7849bb74/element - {"using":"xpath","value":"//bdi[contains(text(), \"Commercial\")]"}
RESULT: {"using":"xpath","value":"//bdi[contains(text(), \"Commercial\")]"}
COMMAND: POST /session/edf591f4886fe2f4d5accf7d7849bb74/element/f.F79DA72124CEC4D1C0F67458F1C76B54.d.01C5431C145A81F9764885D99E94980A.e.1519/click - {}
RESULT: {}
COMMAND: GET /session/edf591f4886fe2f4d5accf7d7849bb74/screenshot - {}
RESULT: {}
COMMAND: POST /session/edf591f4886fe2f4d5accf7d7849bb74/execute/async - {"script":"<script> [1562 bytes]","args":[{"selector":{"id":"application-managepartners-display-component---NewPartner--partnerDetailInternal-arrow"},"wdio_ui5_key":"applicationmanagepartners-display-component---NewPartner--partnerDetailInternal-arrow"}]}
RESULT: {"script":"<script> [1562 bytes]","args":[{"selector":{"id":"application-managepartners-display-component---NewPartner--partnerDetailInternal-arrow"},"wdio_ui5_key":"applicationmanagepartners-display-component---NewPartner--partnerDetailInternal-arrow"}]}
RESULT: undefined
COMMAND: POST /session/edf591f4886fe2f4d5accf7d7849bb74/element - {"using":"xpath","value":"//*[@id=\"application-managepartners-display-component---NewPartner--partnerDetailInternal-arrow\"]"}
RESULT: {"using":"xpath","value":"//*[@id=\"application-managepartners-display-component---NewPartner--partnerDetailInternal-arrow\"]"}
COMMAND: POST /session/edf591f4886fe2f4d5accf7d7849bb74/element/f.F79DA72124CEC4D1C0F67458F1C76B54.d.01C5431C145A81F9764885D99E94980A.e.1525/click - {}
RESULT: {}
COMMAND: POST /session/edf591f4886fe2f4d5accf7d7849bb74/element - {"using":"xpath","value":"//span[contains(text(), \"Affiliated company\")]"}
COMMAND: GET /session/edf591f4886fe2f4d5accf7d7849bb74/screenshot - {}
RESULT: {"using":"xpath","value":"//span[contains(text(), \"Affiliated company\")]"}
COMMAND: POST /session/edf591f4886fe2f4d5accf7d7849bb74/element/f.F79DA72124CEC4D1C0F67458F1C76B54.d.01C5431C145A81F9764885D99E94980A.e.1526/click - {}
RESULT: {}
RESULT: {}
COMMAND: POST /session/edf591f4886fe2f4d5accf7d7849bb74/execute/async - {"script":"<script> [1562 bytes]","args":[{"selector":{"id":"application-managepartners-display-component---NewPartner--partnerDetailsCurrency-arrow"},"wdio_ui5_key":"applicationmanagepartners-display-component---NewPartner--partnerDetailsCurrency-arrow"}]}
COMMAND: GET /session/edf591f4886fe2f4d5accf7d7849bb74/screenshot - {}
RESULT: {"script":"<script> [1562 bytes]","args":[{"selector":{"id":"application-managepartners-display-component---NewPartner--partnerDetailsCurrency-arrow"},"wdio_ui5_key":"applicationmanagepartners-display-component---NewPartner--partnerDetailsCurrency-arrow"}]}
RESULT: undefined
COMMAND: POST /session/edf591f4886fe2f4d5accf7d7849bb74/element - {"using":"xpath","value":"//*[@id=\"application-managepartners-display-component---NewPartner--partnerDetailsCurrency-arrow\"]"}
RESULT: {}
RESULT: {"using":"xpath","value":"//*[@id=\"application-managepartners-display-component---NewPartner--partnerDetailsCurrency-arrow\"]"}
COMMAND: POST /session/edf591f4886fe2f4d5accf7d7849bb74/element/f.F79DA72124CEC4D1C0F67458F1C76B54.d.01C5431C145A81F9764885D99E94980A.e.1533/click - {}
RESULT: {}
COMMAND: POST /session/edf591f4886fe2f4d5accf7d7849bb74/element - {"using":"xpath","value":"//span[contains(text(), \"Euro\")]"}
COMMAND: GET /session/edf591f4886fe2f4d5accf7d7849bb74/screenshot - {}
RESULT: {"using":"xpath","value":"//span[contains(text(), \"Euro\")]"}
COMMAND: POST /session/edf591f4886fe2f4d5accf7d7849bb74/element/f.F79DA72124CEC4D1C0F67458F1C76B54.d.01C5431C145A81F9764885D99E94980A.e.1534/click - {}
RESULT: {}
RESULT: {}
COMMAND: POST /session/edf591f4886fe2f4d5accf7d7849bb74/execute/async - {"script":"<script> [1562 bytes]","args":[{"selector":{"id":"application-managepartners-display-component---NewPartner--addressEditDetailsCostObjectCstType-arrow"},"wdio_ui5_key":"applicationmanagepartners-display-component---NewPartner--addressEditDetailsCostObjectCstType-arrow"}]}
COMMAND: GET /session/edf591f4886fe2f4d5accf7d7849bb74/screenshot - {}
RESULT: {"script":"<script> [1562 bytes]","args":[{"selector":{"id":"application-managepartners-display-component---NewPartner--addressEditDetailsCostObjectCstType-arrow"},"wdio_ui5_key":"applicationmanagepartners-display-component---NewPartner--addressEditDetailsCostObjectCstType-arrow"}]}
RESULT: undefined
COMMAND: POST /session/edf591f4886fe2f4d5accf7d7849bb74/element - {"using":"xpath","value":"//*[@id=\"application-managepartners-display-component---NewPartner--addressEditDetailsCostObjectCstType-arrow\"]"}
RESULT: {}
RESULT: {"using":"xpath","value":"//*[@id=\"application-managepartners-display-component---NewPartner--addressEditDetailsCostObjectCstType-arrow\"]"}
COMMAND: POST /session/edf591f4886fe2f4d5accf7d7849bb74/element/f.F79DA72124CEC4D1C0F67458F1C76B54.d.01C5431C145A81F9764885D99E94980A.e.1535/click - {}
RESULT: {}
COMMAND: POST /session/edf591f4886fe2f4d5accf7d7849bb74/element - {"using":"xpath","value":"//span[contains(text(), \"Cost Center\")]"}
COMMAND: GET /session/edf591f4886fe2f4d5accf7d7849bb74/screenshot - {}
RESULT: {"using":"xpath","value":"//span[contains(text(), \"Cost Center\")]"}
COMMAND: POST /session/edf591f4886fe2f4d5accf7d7849bb74/element/f.F79DA72124CEC4D1C0F67458F1C76B54.d.01C5431C145A81F9764885D99E94980A.e.1536/click - {}
RESULT: {}
RESULT: {}
COMMAND: GET /session/edf591f4886fe2f4d5accf7d7849bb74/screenshot - {}
RESULT: {}
COMMAND: POST /session/edf591f4886fe2f4d5accf7d7849bb74/element - {"using":"xpath","value":"//span[@id=\"application-managepartners-display-component---NewPartner--addressNewCostObjectCstID-vhi\"]"}
RESULT: {"using":"xpath","value":"//span[@id=\"application-managepartners-display-component---NewPartner--addressNewCostObjectCstID-vhi\"]"}
COMMAND: POST /session/edf591f4886fe2f4d5accf7d7849bb74/execute/sync - {"script":"<script> [8489 bytes]","args":[{"element-6066-11e4-a52e-4f735466cecf":"f.F79DA72124CEC4D1C0F67458F1C76B54.d.01C5431C145A81F9764885D99E94980A.e.1540","ELEMENT":"f.F79DA72124CEC4D1C0F67458F1C76B54.d.01C5431C145A81F9764885D99E94980A.e.1540"}]}
RESULT: {"script":"<script> [8489 bytes]","args":[{"element-6066-11e4-a52e-4f735466cecf":"f.F79DA72124CEC4D1C0F67458F1C76B54.d.01C5431C145A81F9764885D99E94980A.e.1540","ELEMENT":"f.F79DA72124CEC4D1C0F67458F1C76B54.d.01C5431C145A81F9764885D99E94980A.e.1540"}]}
COMMAND: POST /session/edf591f4886fe2f4d5accf7d7849bb74/execute/async - {"script":"<script> [1562 bytes]","args":[{"selector":{"id":"application-managepartners-display-component---NewPartner--addressNewCostObjectCstID-vhi"},"wdio_ui5_key":"applicationmanagepartners-display-component---NewPartner--addressNewCostObjectCstID-vhi"}]}
COMMAND: GET /session/edf591f4886fe2f4d5accf7d7849bb74/screenshot - {}
RESULT: {"script":"<script> [1562 bytes]","args":[{"selector":{"id":"application-managepartners-display-component---NewPartner--addressNewCostObjectCstID-vhi"},"wdio_ui5_key":"applicationmanagepartners-display-component---NewPartner--addressNewCostObjectCstID-vhi"}]}
RESULT: undefined
COMMAND: POST /session/edf591f4886fe2f4d5accf7d7849bb74/element - {"using":"xpath","value":"//*[@id=\"application-managepartners-display-component---NewPartner--addressNewCostObjectCstID-vhi\"]"}
RESULT: {}
RESULT: {"using":"xpath","value":"//*[@id=\"application-managepartners-display-component---NewPartner--addressNewCostObjectCstID-vhi\"]"}
COMMAND: POST /session/edf591f4886fe2f4d5accf7d7849bb74/element/f.F79DA72124CEC4D1C0F67458F1C76B54.d.01C5431C145A81F9764885D99E94980A.e.1540/click - {}
RESULT: {}
COMMAND: GET /session/edf591f4886fe2f4d5accf7d7849bb74/screenshot - {}
RESULT: {}
RESULT: undefined
COMMAND: POST /session/edf591f4886fe2f4d5accf7d7849bb74/execute/async - {"script":"<script> [776 bytes]","args":[{"enterText":"10001013","selector":{"controlType":"sap.m.SearchField","properties":{"placeholder":"Search"},"searchOpenDialogs":true,"interaction":{"idSuffix":"I"}},"clearTextFirst":true,"interactionType":"ENTER_TEXT"}]}
RESULT: {"script":"<script> [776 bytes]","args":[{"enterText":"10001013","selector":{"controlType":"sap.m.SearchField","properties":{"placeholder":"Search"},"searchOpenDialogs":true,"interaction":{"idSuffix":"I"}},"clearTextFirst":true,"interactionType":"ENTER_TEXT"}]}
COMMAND: POST /session/edf591f4886fe2f4d5accf7d7849bb74/actions - {"actions":[{"id":"action2","type":"key","parameters":{},"actions":[{"type":"keyDown","value":"î€‡"},{"type":"pause","duration":10},{"type":"keyUp","value":"î€‡"}]}]}
RESULT: {"actions":[{"id":"action2","type":"key","parameters":{},"actions":[{"type":"keyDown","value":"î€‡"},{"type":"pause","duration":10},{"type":"keyUp","value":"î€‡"}]}]}
COMMAND: GET /session/edf591f4886fe2f4d5accf7d7849bb74/screenshot - {}
COMMAND: POST /session/edf591f4886fe2f4d5accf7d7849bb74/element - {"using":"xpath","value":"//span[contains(text(), \"General Management\")]"}
RESULT: {}
RESULT: {"using":"xpath","value":"//span[contains(text(), \"General Management\")]"}
COMMAND: POST /session/edf591f4886fe2f4d5accf7d7849bb74/element/f.F79DA72124CEC4D1C0F67458F1C76B54.d.01C5431C145A81F9764885D99E94980A.e.1579/click - {}
RESULT: {}
COMMAND: GET /session/edf591f4886fe2f4d5accf7d7849bb74/screenshot - {}
RESULT: {}
COMMAND: POST /session/edf591f4886fe2f4d5accf7d7849bb74/element - {"using":"xpath","value":"//bdi[contains(text(), \"OK\")]"}
RESULT: {"using":"xpath","value":"//bdi[contains(text(), \"OK\")]"}
COMMAND: POST /session/edf591f4886fe2f4d5accf7d7849bb74/element/f.F79DA72124CEC4D1C0F67458F1C76B54.d.01C5431C145A81F9764885D99E94980A.e.1580/click - {}
RESULT: {}
COMMAND: GET /session/edf591f4886fe2f4d5accf7d7849bb74/screenshot - {}
RESULT: {}
COMMAND: POST /session/edf591f4886fe2f4d5accf7d7849bb74/element - {"using":"xpath","value":"//input[@id=\"application-managepartners-display-component---NewPartner--companyCodeComboBox-inner\"]"}
RESULT: {"using":"xpath","value":"//input[@id=\"application-managepartners-display-component---NewPartner--companyCodeComboBox-inner\"]"}
COMMAND: POST /session/edf591f4886fe2f4d5accf7d7849bb74/element/f.F79DA72124CEC4D1C0F67458F1C76B54.d.01C5431C145A81F9764885D99E94980A.e.1332/clear - {}
RESULT: {}
COMMAND: POST /session/edf591f4886fe2f4d5accf7d7849bb74/element/f.F79DA72124CEC4D1C0F67458F1C76B54.d.01C5431C145A81F9764885D99E94980A.e.1332/value - {"text":"1000"}
COMMAND: GET /session/edf591f4886fe2f4d5accf7d7849bb74/screenshot - {}
RESULT: {"text":"1000"}
COMMAND: GET /session/edf591f4886fe2f4d5accf7d7849bb74/screenshot - {}
RESULT: {}
RESULT: {}
COMMAND: POST /session/edf591f4886fe2f4d5accf7d7849bb74/element - {"using":"xpath","value":"//li[.//span[text()= \"1000\"]]"}
RESULT: {"using":"xpath","value":"//li[.//span[text()= \"1000\"]]"}
COMMAND: POST /session/edf591f4886fe2f4d5accf7d7849bb74/element/f.F79DA72124CEC4D1C0F67458F1C76B54.d.01C5431C145A81F9764885D99E94980A.e.1586/click - {}
RESULT: {}
COMMAND: GET /session/edf591f4886fe2f4d5accf7d7849bb74/screenshot - {}
RESULT: {}
COMMAND: POST /session/edf591f4886fe2f4d5accf7d7849bb74/execute/async - {"script":"<script> [1562 bytes]","args":[{"selector":{"id":"application-managepartners-display-component---NewPartner--btnAddTableRow-img"},"wdio_ui5_key":"applicationmanagepartners-display-component---NewPartner--btnAddTableRow-img"}]}
RESULT: {"script":"<script> [1562 bytes]","args":[{"selector":{"id":"application-managepartners-display-component---NewPartner--btnAddTableRow-img"},"wdio_ui5_key":"applicationmanagepartners-display-component---NewPartner--btnAddTableRow-img"}]}
RESULT: undefined
COMMAND: POST /session/edf591f4886fe2f4d5accf7d7849bb74/element - {"using":"xpath","value":"//*[@id=\"application-managepartners-display-component---NewPartner--btnAddTableRow-img\"]"}
RESULT: {"using":"xpath","value":"//*[@id=\"application-managepartners-display-component---NewPartner--btnAddTableRow-img\"]"}
COMMAND: POST /session/edf591f4886fe2f4d5accf7d7849bb74/element/f.F79DA72124CEC4D1C0F67458F1C76B54.d.01C5431C145A81F9764885D99E94980A.e.1587/click - {}
RESULT: {}
COMMAND: GET /session/edf591f4886fe2f4d5accf7d7849bb74/screenshot - {}
RESULT: {}
COMMAND: POST /session/edf591f4886fe2f4d5accf7d7849bb74/element - {"using":"xpath","value":"//input[@id=\"application-managepartners-display-component---NewPartner--assignmentYard-application-managepartners-display-component---NewPartner--assignmentsTable-0-inner\"]"}
RESULT: {"using":"xpath","value":"//input[@id=\"application-managepartners-display-component---NewPartner--assignmentYard-application-managepartners-display-component---NewPartner--assignmentsTable-0-inner\"]"}
COMMAND: POST /session/edf591f4886fe2f4d5accf7d7849bb74/element/f.F79DA72124CEC4D1C0F67458F1C76B54.d.01C5431C145A81F9764885D99E94980A.e.1590/clear - {}
RESULT: {}
COMMAND: POST /session/edf591f4886fe2f4d5accf7d7849bb74/element/f.F79DA72124CEC4D1C0F67458F1C76B54.d.01C5431C145A81F9764885D99E94980A.e.1590/value - {"text":"559"}
COMMAND: GET /session/edf591f4886fe2f4d5accf7d7849bb74/screenshot - {}
RESULT: {"text":"559"}
COMMAND: GET /session/edf591f4886fe2f4d5accf7d7849bb74/screenshot - {}
RESULT: {}
RESULT: {}
COMMAND: POST /session/edf591f4886fe2f4d5accf7d7849bb74/element - {"using":"xpath","value":"//li[.//span[text()='559']]"}
RESULT: {"using":"xpath","value":"//li[.//span[text()='559']]"}
COMMAND: POST /session/edf591f4886fe2f4d5accf7d7849bb74/element/f.F79DA72124CEC4D1C0F67458F1C76B54.d.01C5431C145A81F9764885D99E94980A.e.1599/click - {}
RESULT: {}
COMMAND: GET /session/edf591f4886fe2f4d5accf7d7849bb74/screenshot - {}
RESULT: {}
COMMAND: POST /session/edf591f4886fe2f4d5accf7d7849bb74/actions - {"actions":[{"id":"action3","type":"key","parameters":{},"actions":[{"type":"keyDown","value":"î€‡"},{"type":"pause","duration":10},{"type":"keyUp","value":"î€‡"}]}]}
RESULT: {"actions":[{"id":"action3","type":"key","parameters":{},"actions":[{"type":"keyDown","value":"î€‡"},{"type":"pause","duration":10},{"type":"keyUp","value":"î€‡"}]}]}
COMMAND: POST /session/edf591f4886fe2f4d5accf7d7849bb74/execute/async - {"script":"<script> [1562 bytes]","args":[{"selector":{"id":"application-managepartners-display-component---NewPartner--externalCustomerComboBox-application-managepartners-display-component---NewPartner--assignmentsTable-0-vhi"},"wdio_ui5_key":"applicationmanagepartners-display-component---NewPartner--externalCustomerComboBox-application-managepartners-display-component---NewPartner--assignmentsTable-0-vhi"}]}
COMMAND: GET /session/edf591f4886fe2f4d5accf7d7849bb74/screenshot - {}
RESULT: {"script":"<script> [1562 bytes]","args":[{"selector":{"id":"application-managepartners-display-component---NewPartner--externalCustomerComboBox-application-managepartners-display-component---NewPartner--assignmentsTable-0-vhi"},"wdio_ui5_key":"applicationmanagepartners-display-component---NewPartner--externalCustomerComboBox-application-managepartners-display-component---NewPartner--assignmentsTable-0-vhi"}]}
RESULT: undefined
COMMAND: POST /session/edf591f4886fe2f4d5accf7d7849bb74/element - {"using":"xpath","value":"//*[@id=\"application-managepartners-display-component---NewPartner--externalCustomerComboBox-application-managepartners-display-component---NewPartner--assignmentsTable-0-vhi\"]"}
RESULT: {}
RESULT: {"using":"xpath","value":"//*[@id=\"application-managepartners-display-component---NewPartner--externalCustomerComboBox-application-managepartners-display-component---NewPartner--assignmentsTable-0-vhi\"]"}
COMMAND: POST /session/edf591f4886fe2f4d5accf7d7849bb74/element/f.F79DA72124CEC4D1C0F67458F1C76B54.d.01C5431C145A81F9764885D99E94980A.e.1603/click - {}
RESULT: {}
RESULT: undefined
COMMAND: POST /session/edf591f4886fe2f4d5accf7d7849bb74/execute/async - {"script":"<script> [776 bytes]","args":[{"enterText":"300003","selector":{"controlType":"sap.m.SearchField","properties":{"placeholder":"Search"},"searchOpenDialogs":true,"interaction":{"idSuffix":"I"}},"clearTextFirst":true,"interactionType":"ENTER_TEXT"}]}
COMMAND: GET /session/edf591f4886fe2f4d5accf7d7849bb74/screenshot - {}
RESULT: {"script":"<script> [776 bytes]","args":[{"enterText":"300003","selector":{"controlType":"sap.m.SearchField","properties":{"placeholder":"Search"},"searchOpenDialogs":true,"interaction":{"idSuffix":"I"}},"clearTextFirst":true,"interactionType":"ENTER_TEXT"}]}
COMMAND: POST /session/edf591f4886fe2f4d5accf7d7849bb74/actions - {"actions":[{"id":"action4","type":"key","parameters":{},"actions":[{"type":"keyDown","value":"î€‡"},{"type":"pause","duration":10},{"type":"keyUp","value":"î€‡"}]}]}
RESULT: {}
RESULT: {"actions":[{"id":"action4","type":"key","parameters":{},"actions":[{"type":"keyDown","value":"î€‡"},{"type":"pause","duration":10},{"type":"keyUp","value":"î€‡"}]}]}
COMMAND: GET /session/edf591f4886fe2f4d5accf7d7849bb74/screenshot - {}
RESULT: {}
COMMAND: POST /session/edf591f4886fe2f4d5accf7d7849bb74/element - {"using":"xpath","value":"//span[contains(text(), \"300003\")]"}
RESULT: {"using":"xpath","value":"//span[contains(text(), \"300003\")]"}
COMMAND: POST /session/edf591f4886fe2f4d5accf7d7849bb74/element/f.F79DA72124CEC4D1C0F67458F1C76B54.d.01C5431C145A81F9764885D99E94980A.e.1620/click - {}
RESULT: {}
COMMAND: GET /session/edf591f4886fe2f4d5accf7d7849bb74/screenshot - {}
RESULT: {}
COMMAND: POST /session/edf591f4886fe2f4d5accf7d7849bb74/element - {"using":"xpath","value":"//bdi[contains(text(), \"OK\")]"}
RESULT: {"using":"xpath","value":"//bdi[contains(text(), \"OK\")]"}
COMMAND: POST /session/edf591f4886fe2f4d5accf7d7849bb74/element/f.F79DA72124CEC4D1C0F67458F1C76B54.d.01C5431C145A81F9764885D99E94980A.e.1622/click - {}
RESULT: {}
COMMAND: GET /session/edf591f4886fe2f4d5accf7d7849bb74/screenshot - {}
RESULT: {}
COMMAND: POST /session/edf591f4886fe2f4d5accf7d7849bb74/execute/async - {"script":"<script> [1562 bytes]","args":[{"selector":{"id":"application-managepartners-display-component---NewPartner--intercompVendorComboBox-application-managepartners-display-component---NewPartner--assignmentsTable-0-vhi"},"wdio_ui5_key":"applicationmanagepartners-display-component---NewPartner--intercompVendorComboBox-application-managepartners-display-component---NewPartner--assignmentsTable-0-vhi"}]}
RESULT: {"script":"<script> [1562 bytes]","args":[{"selector":{"id":"application-managepartners-display-component---NewPartner--intercompVendorComboBox-application-managepartners-display-component---NewPartner--assignmentsTable-0-vhi"},"wdio_ui5_key":"applicationmanagepartners-display-component---NewPartner--intercompVendorComboBox-application-managepartners-display-component---NewPartner--assignmentsTable-0-vhi"}]}
RESULT: undefined
COMMAND: POST /session/edf591f4886fe2f4d5accf7d7849bb74/element - {"using":"xpath","value":"//*[@id=\"application-managepartners-display-component---NewPartner--intercompVendorComboBox-application-managepartners-display-component---NewPartner--assignmentsTable-0-vhi\"]"}
RESULT: {"using":"xpath","value":"//*[@id=\"application-managepartners-display-component---NewPartner--intercompVendorComboBox-application-managepartners-display-component---NewPartner--assignmentsTable-0-vhi\"]"}
COMMAND: POST /session/edf591f4886fe2f4d5accf7d7849bb74/element/f.F79DA72124CEC4D1C0F67458F1C76B54.d.01C5431C145A81F9764885D99E94980A.e.1625/click - {}
RESULT: {}
RESULT: undefined
COMMAND: POST /session/edf591f4886fe2f4d5accf7d7849bb74/execute/async - {"script":"<script> [776 bytes]","args":[{"enterText":"100005","selector":{"controlType":"sap.m.SearchField","properties":{"placeholder":"Search"},"searchOpenDialogs":true,"interaction":{"idSuffix":"I"}},"clearTextFirst":true,"interactionType":"ENTER_TEXT"}]}
COMMAND: GET /session/edf591f4886fe2f4d5accf7d7849bb74/screenshot - {}
RESULT: {"script":"<script> [776 bytes]","args":[{"enterText":"100005","selector":{"controlType":"sap.m.SearchField","properties":{"placeholder":"Search"},"searchOpenDialogs":true,"interaction":{"idSuffix":"I"}},"clearTextFirst":true,"interactionType":"ENTER_TEXT"}]}
COMMAND: POST /session/edf591f4886fe2f4d5accf7d7849bb74/actions - {"actions":[{"id":"action5","type":"key","parameters":{},"actions":[{"type":"keyDown","value":"î€‡"},{"type":"pause","duration":10},{"type":"keyUp","value":"î€‡"}]}]}
RESULT: {}
RESULT: {"actions":[{"id":"action5","type":"key","parameters":{},"actions":[{"type":"keyDown","value":"î€‡"},{"type":"pause","duration":10},{"type":"keyUp","value":"î€‡"}]}]}
COMMAND: GET /session/edf591f4886fe2f4d5accf7d7849bb74/screenshot - {}
RESULT: {}
COMMAND: POST /session/edf591f4886fe2f4d5accf7d7849bb74/element - {"using":"xpath","value":"//span[contains(text(), \"Penguins - Field/12345 Berlin\")]"}
RESULT: {"using":"xpath","value":"//span[contains(text(), \"Penguins - Field/12345 Berlin\")]"}
COMMAND: POST /session/edf591f4886fe2f4d5accf7d7849bb74/element/f.F79DA72124CEC4D1C0F67458F1C76B54.d.01C5431C145A81F9764885D99E94980A.e.1642/click - {}
RESULT: {}
COMMAND: GET /session/edf591f4886fe2f4d5accf7d7849bb74/screenshot - {}
RESULT: {}
COMMAND: POST /session/edf591f4886fe2f4d5accf7d7849bb74/element - {"using":"xpath","value":"//bdi[contains(text(), \"OK\")]"}
RESULT: {"using":"xpath","value":"//bdi[contains(text(), \"OK\")]"}
COMMAND: POST /session/edf591f4886fe2f4d5accf7d7849bb74/element/f.F79DA72124CEC4D1C0F67458F1C76B54.d.01C5431C145A81F9764885D99E94980A.e.1643/click - {}
RESULT: {}
COMMAND: GET /session/edf591f4886fe2f4d5accf7d7849bb74/screenshot - {}
RESULT: {}
COMMAND: POST /session/edf591f4886fe2f4d5accf7d7849bb74/element - {"using":"xpath","value":"//button[@data-kt=\"saveButton\"]"}
RESULT: {"using":"xpath","value":"//button[@data-kt=\"saveButton\"]"}
COMMAND: POST /session/edf591f4886fe2f4d5accf7d7849bb74/element/f.F79DA72124CEC4D1C0F67458F1C76B54.d.01C5431C145A81F9764885D99E94980A.e.1377/click - {}
RESULT: {}
COMMAND: GET /session/edf591f4886fe2f4d5accf7d7849bb74/screenshot - {}
RESULT: {}
COMMAND: POST /session/edf591f4886fe2f4d5accf7d7849bb74/element - {"using":"xpath","value":"//header[contains(@id, 'ObjectPageLayout-headerTitle')]/div[1]/div[2]/div[2]/span[1]"}
RESULT: {"using":"xpath","value":"//header[contains(@id, 'ObjectPageLayout-headerTitle')]/div[1]/div[2]/div[2]/span[1]"}
COMMAND: POST /session/edf591f4886fe2f4d5accf7d7849bb74/elements - {"using":"xpath","value":"//header[contains(@id, 'ObjectPageLayout-headerTitle')]/div[1]/div[2]/div[2]/span[1]"}
RESULT: {"using":"xpath","value":"//header[contains(@id, 'ObjectPageLayout-headerTitle')]/div[1]/div[2]/div[2]/span[1]"}
COMMAND: POST /session/edf591f4886fe2f4d5accf7d7849bb74/execute/sync - {"script":"<script> [56 bytes]","args":[{"element-6066-11e4-a52e-4f735466cecf":"f.F79DA72124CEC4D1C0F67458F1C76B54.d.01C5431C145A81F9764885D99E94980A.e.1808","ELEMENT":"f.F79DA72124CEC4D1C0F67458F1C76B54.d.01C5431C145A81F9764885D99E94980A.e.1808"}]}
RESULT: {"script":"<script> [56 bytes]","args":[{"element-6066-11e4-a52e-4f735466cecf":"f.F79DA72124CEC4D1C0F67458F1C76B54.d.01C5431C145A81F9764885D99E94980A.e.1808","ELEMENT":"f.F79DA72124CEC4D1C0F67458F1C76B54.d.01C5431C145A81F9764885D99E94980A.e.1808"}]}
COMMAND: POST /session/edf591f4886fe2f4d5accf7d7849bb74/element - {"using":"css selector","value":"#shell-header-logo"}
COMMAND: GET /session/edf591f4886fe2f4d5accf7d7849bb74/screenshot - {}
RESULT: {"using":"css selector","value":"#shell-header-logo"}
COMMAND: POST /session/edf591f4886fe2f4d5accf7d7849bb74/element/f.F79DA72124CEC4D1C0F67458F1C76B54.d.01C5431C145A81F9764885D99E94980A.e.1025/click - {}
RESULT: {}
RESULT: {}
COMMAND: GET /session/edf591f4886fe2f4d5accf7d7849bb74/screenshot - {}
RESULT: {}
COMMAND: POST /session/edf591f4886fe2f4d5accf7d7849bb74/execute/sync - {"script":"<script> [299 bytes]","args":[["getModel","getResource"]]}
RESULT: {"script":"<script> [299 bytes]","args":[["getModel","getResource"]]}
COMMAND: GET /session/edf591f4886fe2f4d5accf7d7849bb74/screenshot - {}
]]></system-out>
    </testcase>
    <testcase classname="chrome.136_0_7103_93.windows.Prerequisites_&amp;_test_for_yard_mass_return_on_Yard_Overview_US131057" name="Prereq Should create a new site" time="106.087">
      <system-out><![CDATA[
COMMAND: POST /session/edf591f4886fe2f4d5accf7d7849bb74/execute/async - {"script":"<script> [1562 bytes]","args":[{"selector":{"controlType":"sap.m.GenericTile","properties":{"header":"Manage Sites"}},"wdio_ui5_key":"sapm.GenericTile{\"header\":\"Manage Sites\"}"}]}
RESULT: {"script":"<script> [1562 bytes]","args":[{"selector":{"controlType":"sap.m.GenericTile","properties":{"header":"Manage Sites"}},"wdio_ui5_key":"sapm.GenericTile{\"header\":\"Manage Sites\"}"}]}
RESULT: undefined
COMMAND: POST /session/edf591f4886fe2f4d5accf7d7849bb74/element - {"using":"xpath","value":"//*[@id=\"__tile40\"]"}
RESULT: {}
RESULT: {"using":"xpath","value":"//*[@id=\"__tile40\"]"}
COMMAND: POST /session/edf591f4886fe2f4d5accf7d7849bb74/element/f.F79DA72124CEC4D1C0F67458F1C76B54.d.01C5431C145A81F9764885D99E94980A.e.158/click - {}
RESULT: {}
COMMAND: GET /session/edf591f4886fe2f4d5accf7d7849bb74/screenshot - {}
RESULT: {}
COMMAND: POST /session/edf591f4886fe2f4d5accf7d7849bb74/elements - {"using":"xpath","value":"//span[text()='Error']"}
RESULT: {"using":"xpath","value":"//span[text()='Error']"}
COMMAND: POST /session/edf591f4886fe2f4d5accf7d7849bb74/element - {"using":"xpath","value":"//button[@data-kt=\"addOverflowToolbarButton\"]"}
RESULT: {"using":"xpath","value":"//button[@data-kt=\"addOverflowToolbarButton\"]"}
COMMAND: POST /session/edf591f4886fe2f4d5accf7d7849bb74/elements - {"using":"xpath","value":"//button[@data-kt=\"addOverflowToolbarButton\"]"}
RESULT: {"using":"xpath","value":"//button[@data-kt=\"addOverflowToolbarButton\"]"}
COMMAND: POST /session/edf591f4886fe2f4d5accf7d7849bb74/execute/sync - {"script":"<script> [8489 bytes]","args":[{"element-6066-11e4-a52e-4f735466cecf":"f.F79DA72124CEC4D1C0F67458F1C76B54.d.01C5431C145A81F9764885D99E94980A.e.1856","ELEMENT":"f.F79DA72124CEC4D1C0F67458F1C76B54.d.01C5431C145A81F9764885D99E94980A.e.1856"}]}
RESULT: {"script":"<script> [8489 bytes]","args":[{"element-6066-11e4-a52e-4f735466cecf":"f.F79DA72124CEC4D1C0F67458F1C76B54.d.01C5431C145A81F9764885D99E94980A.e.1856","ELEMENT":"f.F79DA72124CEC4D1C0F67458F1C76B54.d.01C5431C145A81F9764885D99E94980A.e.1856"}]}
COMMAND: GET /session/edf591f4886fe2f4d5accf7d7849bb74/element/f.F79DA72124CEC4D1C0F67458F1C76B54.d.01C5431C145A81F9764885D99E94980A.e.1856/enabled - {}
COMMAND: GET /session/edf591f4886fe2f4d5accf7d7849bb74/screenshot - {}
RESULT: {}
COMMAND: POST /session/edf591f4886fe2f4d5accf7d7849bb74/execute/sync - {"script":"<script> [8489 bytes]","args":[{"element-6066-11e4-a52e-4f735466cecf":"f.F79DA72124CEC4D1C0F67458F1C76B54.d.01C5431C145A81F9764885D99E94980A.e.1856","ELEMENT":"f.F79DA72124CEC4D1C0F67458F1C76B54.d.01C5431C145A81F9764885D99E94980A.e.1856"}]}
COMMAND: GET /session/edf591f4886fe2f4d5accf7d7849bb74/screenshot - {}
RESULT: {}
RESULT: {"script":"<script> [8489 bytes]","args":[{"element-6066-11e4-a52e-4f735466cecf":"f.F79DA72124CEC4D1C0F67458F1C76B54.d.01C5431C145A81F9764885D99E94980A.e.1856","ELEMENT":"f.F79DA72124CEC4D1C0F67458F1C76B54.d.01C5431C145A81F9764885D99E94980A.e.1856"}]}
COMMAND: POST /session/edf591f4886fe2f4d5accf7d7849bb74/execute/sync - {"script":"<script> [5351 bytes]","args":[{"element-6066-11e4-a52e-4f735466cecf":"f.F79DA72124CEC4D1C0F67458F1C76B54.d.01C5431C145A81F9764885D99E94980A.e.1856","ELEMENT":"f.F79DA72124CEC4D1C0F67458F1C76B54.d.01C5431C145A81F9764885D99E94980A.e.1856"}]}
COMMAND: GET /session/edf591f4886fe2f4d5accf7d7849bb74/screenshot - {}
RESULT: {}
RESULT: {"script":"<script> [5351 bytes]","args":[{"element-6066-11e4-a52e-4f735466cecf":"f.F79DA72124CEC4D1C0F67458F1C76B54.d.01C5431C145A81F9764885D99E94980A.e.1856","ELEMENT":"f.F79DA72124CEC4D1C0F67458F1C76B54.d.01C5431C145A81F9764885D99E94980A.e.1856"}]}
COMMAND: POST /session/edf591f4886fe2f4d5accf7d7849bb74/element/f.F79DA72124CEC4D1C0F67458F1C76B54.d.01C5431C145A81F9764885D99E94980A.e.1856/click - {}
COMMAND: GET /session/edf591f4886fe2f4d5accf7d7849bb74/screenshot - {}
RESULT: {}
RESULT: {}
COMMAND: GET /session/edf591f4886fe2f4d5accf7d7849bb74/screenshot - {}
COMMAND: POST /session/edf591f4886fe2f4d5accf7d7849bb74/element - {"using":"xpath","value":"//input[@id=\"application-managesites-display-component---NewSite--siteId-inner\"]"}
RESULT: {}
RESULT: {}
RESULT: {"using":"xpath","value":"//input[@id=\"application-managesites-display-component---NewSite--siteId-inner\"]"}
COMMAND: POST /session/edf591f4886fe2f4d5accf7d7849bb74/element - {"using":"xpath","value":"//input[@id=\"application-managesites-display-component---NewSite--siteId-inner\"]"}
RESULT: {"using":"xpath","value":"//input[@id=\"application-managesites-display-component---NewSite--siteId-inner\"]"}
COMMAND: POST /session/edf591f4886fe2f4d5accf7d7849bb74/execute/async - {"script":"<script> [1562 bytes]","args":[{"selector":{"id":"application-managesites-display-component---NewSite--addressDetailDetailsName1","interaction":{"idSuffix":"inner"}},"wdio_ui5_key":"applicationmanagesites-display-component---NewSite--addressDetailDetailsName1"}]}
RESULT: {"script":"<script> [1562 bytes]","args":[{"selector":{"id":"application-managesites-display-component---NewSite--addressDetailDetailsName1","interaction":{"idSuffix":"inner"}},"wdio_ui5_key":"applicationmanagesites-display-component---NewSite--addressDetailDetailsName1"}]}
RESULT: undefined
COMMAND: POST /session/edf591f4886fe2f4d5accf7d7849bb74/execute/async - {"script":"<script> [776 bytes]","args":[{"enterText":"Intracompany Site wdIO","selector":{"id":"application-managesites-display-component---NewSite--addressDetailDetailsName1","interaction":{"idSuffix":"inner"}},"clearTextFirst":true,"interactionType":"ENTER_TEXT"}]}
RESULT: {"script":"<script> [776 bytes]","args":[{"enterText":"Intracompany Site wdIO","selector":{"id":"application-managesites-display-component---NewSite--addressDetailDetailsName1","interaction":{"idSuffix":"inner"}},"clearTextFirst":true,"interactionType":"ENTER_TEXT"}]}
COMMAND: POST /session/edf591f4886fe2f4d5accf7d7849bb74/execute/async - {"script":"<script> [1562 bytes]","args":[{"selector":{"id":"application-managesites-display-component---NewSite--addressDetailDetailsLanguage-arrow"},"wdio_ui5_key":"applicationmanagesites-display-component---NewSite--addressDetailDetailsLanguage-arrow"}]}
RESULT: {"script":"<script> [1562 bytes]","args":[{"selector":{"id":"application-managesites-display-component---NewSite--addressDetailDetailsLanguage-arrow"},"wdio_ui5_key":"applicationmanagesites-display-component---NewSite--addressDetailDetailsLanguage-arrow"}]}
RESULT: undefined
COMMAND: POST /session/edf591f4886fe2f4d5accf7d7849bb74/element - {"using":"xpath","value":"//*[@id=\"application-managesites-display-component---NewSite--addressDetailDetailsLanguage-arrow\"]"}
RESULT: {"using":"xpath","value":"//*[@id=\"application-managesites-display-component---NewSite--addressDetailDetailsLanguage-arrow\"]"}
COMMAND: POST /session/edf591f4886fe2f4d5accf7d7849bb74/element/f.F79DA72124CEC4D1C0F67458F1C76B54.d.01C5431C145A81F9764885D99E94980A.e.2257/click - {}
RESULT: {}
COMMAND: POST /session/edf591f4886fe2f4d5accf7d7849bb74/element - {"using":"xpath","value":"//span[contains(text(), \"English\")]"}
COMMAND: GET /session/edf591f4886fe2f4d5accf7d7849bb74/screenshot - {}
RESULT: {"using":"xpath","value":"//span[contains(text(), \"English\")]"}
COMMAND: POST /session/edf591f4886fe2f4d5accf7d7849bb74/element/f.F79DA72124CEC4D1C0F67458F1C76B54.d.01C5431C145A81F9764885D99E94980A.e.2258/click - {}
RESULT: {}
RESULT: {}
COMMAND: POST /session/edf591f4886fe2f4d5accf7d7849bb74/execute/async - {"script":"<script> [1562 bytes]","args":[{"selector":{"id":"application-managesites-display-component---NewSite--addressDetailDetailsCity1","interaction":{"idSuffix":"inner"}},"wdio_ui5_key":"applicationmanagesites-display-component---NewSite--addressDetailDetailsCity1"}]}
COMMAND: GET /session/edf591f4886fe2f4d5accf7d7849bb74/screenshot - {}
RESULT: {"script":"<script> [1562 bytes]","args":[{"selector":{"id":"application-managesites-display-component---NewSite--addressDetailDetailsCity1","interaction":{"idSuffix":"inner"}},"wdio_ui5_key":"applicationmanagesites-display-component---NewSite--addressDetailDetailsCity1"}]}
RESULT: undefined
COMMAND: POST /session/edf591f4886fe2f4d5accf7d7849bb74/execute/async - {"script":"<script> [776 bytes]","args":[{"enterText":"Rosario","selector":{"id":"application-managesites-display-component---NewSite--addressDetailDetailsCity1","interaction":{"idSuffix":"inner"}},"clearTextFirst":true,"interactionType":"ENTER_TEXT"}]}
RESULT: {}
RESULT: {"script":"<script> [776 bytes]","args":[{"enterText":"Rosario","selector":{"id":"application-managesites-display-component---NewSite--addressDetailDetailsCity1","interaction":{"idSuffix":"inner"}},"clearTextFirst":true,"interactionType":"ENTER_TEXT"}]}
COMMAND: POST /session/edf591f4886fe2f4d5accf7d7849bb74/execute/async - {"script":"<script> [1562 bytes]","args":[{"selector":{"id":"application-managesites-display-component---NewSite--addressDetailDetailsCountry-arrow"},"wdio_ui5_key":"applicationmanagesites-display-component---NewSite--addressDetailDetailsCountry-arrow"}]}
RESULT: {"script":"<script> [1562 bytes]","args":[{"selector":{"id":"application-managesites-display-component---NewSite--addressDetailDetailsCountry-arrow"},"wdio_ui5_key":"applicationmanagesites-display-component---NewSite--addressDetailDetailsCountry-arrow"}]}
RESULT: undefined
COMMAND: POST /session/edf591f4886fe2f4d5accf7d7849bb74/element - {"using":"xpath","value":"//*[@id=\"application-managesites-display-component---NewSite--addressDetailDetailsCountry-arrow\"]"}
RESULT: {"using":"xpath","value":"//*[@id=\"application-managesites-display-component---NewSite--addressDetailDetailsCountry-arrow\"]"}
COMMAND: POST /session/edf591f4886fe2f4d5accf7d7849bb74/element/f.F79DA72124CEC4D1C0F67458F1C76B54.d.01C5431C145A81F9764885D99E94980A.e.2260/click - {}
RESULT: {}
COMMAND: POST /session/edf591f4886fe2f4d5accf7d7849bb74/element - {"using":"xpath","value":"//span[contains(text(), \"Argentina\")]"}
COMMAND: GET /session/edf591f4886fe2f4d5accf7d7849bb74/screenshot - {}
RESULT: {"using":"xpath","value":"//span[contains(text(), \"Argentina\")]"}
COMMAND: POST /session/edf591f4886fe2f4d5accf7d7849bb74/element/f.F79DA72124CEC4D1C0F67458F1C76B54.d.01C5431C145A81F9764885D99E94980A.e.2261/click - {}
RESULT: {}
RESULT: {}
COMMAND: GET /session/edf591f4886fe2f4d5accf7d7849bb74/screenshot - {}
RESULT: {}
COMMAND: POST /session/edf591f4886fe2f4d5accf7d7849bb74/execute/async - {"script":"<script> [1562 bytes]","args":[{"selector":{"id":"application-managesites-display-component---NewSite--addressEditDetailsCostObjectCstType-arrow"},"wdio_ui5_key":"applicationmanagesites-display-component---NewSite--addressEditDetailsCostObjectCstType-arrow"}]}
RESULT: {"script":"<script> [1562 bytes]","args":[{"selector":{"id":"application-managesites-display-component---NewSite--addressEditDetailsCostObjectCstType-arrow"},"wdio_ui5_key":"applicationmanagesites-display-component---NewSite--addressEditDetailsCostObjectCstType-arrow"}]}
RESULT: undefined
COMMAND: POST /session/edf591f4886fe2f4d5accf7d7849bb74/element - {"using":"xpath","value":"//*[@id=\"application-managesites-display-component---NewSite--addressEditDetailsCostObjectCstType-arrow\"]"}
RESULT: {"using":"xpath","value":"//*[@id=\"application-managesites-display-component---NewSite--addressEditDetailsCostObjectCstType-arrow\"]"}
COMMAND: POST /session/edf591f4886fe2f4d5accf7d7849bb74/element/f.F79DA72124CEC4D1C0F67458F1C76B54.d.01C5431C145A81F9764885D99E94980A.e.2263/click - {}
RESULT: {}
COMMAND: POST /session/edf591f4886fe2f4d5accf7d7849bb74/element - {"using":"xpath","value":"//span[contains(text(), \"Cost Center\")]"}
COMMAND: GET /session/edf591f4886fe2f4d5accf7d7849bb74/screenshot - {}
RESULT: {"using":"xpath","value":"//span[contains(text(), \"Cost Center\")]"}
COMMAND: POST /session/edf591f4886fe2f4d5accf7d7849bb74/element/f.F79DA72124CEC4D1C0F67458F1C76B54.d.01C5431C145A81F9764885D99E94980A.e.2264/click - {}
RESULT: {}
RESULT: {}
COMMAND: GET /session/edf591f4886fe2f4d5accf7d7849bb74/screenshot - {}
RESULT: {}
COMMAND: POST /session/edf591f4886fe2f4d5accf7d7849bb74/element - {"using":"xpath","value":"//span[@id=\"application-managesites-display-component---NewSite--addressNewCostObjectCstID-vhi\"]"}
RESULT: {"using":"xpath","value":"//span[@id=\"application-managesites-display-component---NewSite--addressNewCostObjectCstID-vhi\"]"}
COMMAND: POST /session/edf591f4886fe2f4d5accf7d7849bb74/execute/sync - {"script":"<script> [8489 bytes]","args":[{"element-6066-11e4-a52e-4f735466cecf":"f.F79DA72124CEC4D1C0F67458F1C76B54.d.01C5431C145A81F9764885D99E94980A.e.2269","ELEMENT":"f.F79DA72124CEC4D1C0F67458F1C76B54.d.01C5431C145A81F9764885D99E94980A.e.2269"}]}
RESULT: {"script":"<script> [8489 bytes]","args":[{"element-6066-11e4-a52e-4f735466cecf":"f.F79DA72124CEC4D1C0F67458F1C76B54.d.01C5431C145A81F9764885D99E94980A.e.2269","ELEMENT":"f.F79DA72124CEC4D1C0F67458F1C76B54.d.01C5431C145A81F9764885D99E94980A.e.2269"}]}
COMMAND: POST /session/edf591f4886fe2f4d5accf7d7849bb74/execute/async - {"script":"<script> [1562 bytes]","args":[{"selector":{"id":"application-managesites-display-component---NewSite--addressNewCostObjectCstID-vhi"},"wdio_ui5_key":"applicationmanagesites-display-component---NewSite--addressNewCostObjectCstID-vhi"}]}
COMMAND: GET /session/edf591f4886fe2f4d5accf7d7849bb74/screenshot - {}
RESULT: {"script":"<script> [1562 bytes]","args":[{"selector":{"id":"application-managesites-display-component---NewSite--addressNewCostObjectCstID-vhi"},"wdio_ui5_key":"applicationmanagesites-display-component---NewSite--addressNewCostObjectCstID-vhi"}]}
RESULT: undefined
COMMAND: POST /session/edf591f4886fe2f4d5accf7d7849bb74/element - {"using":"xpath","value":"//*[@id=\"application-managesites-display-component---NewSite--addressNewCostObjectCstID-vhi\"]"}
RESULT: {}
RESULT: {"using":"xpath","value":"//*[@id=\"application-managesites-display-component---NewSite--addressNewCostObjectCstID-vhi\"]"}
COMMAND: POST /session/edf591f4886fe2f4d5accf7d7849bb74/element/f.F79DA72124CEC4D1C0F67458F1C76B54.d.01C5431C145A81F9764885D99E94980A.e.2269/click - {}
RESULT: {}
COMMAND: GET /session/edf591f4886fe2f4d5accf7d7849bb74/screenshot - {}
RESULT: {}
RESULT: undefined
COMMAND: POST /session/edf591f4886fe2f4d5accf7d7849bb74/execute/async - {"script":"<script> [776 bytes]","args":[{"enterText":"10001013","selector":{"controlType":"sap.m.SearchField","properties":{"placeholder":"Search"},"searchOpenDialogs":true,"interaction":{"idSuffix":"I"}},"clearTextFirst":true,"interactionType":"ENTER_TEXT"}]}
RESULT: {"script":"<script> [776 bytes]","args":[{"enterText":"10001013","selector":{"controlType":"sap.m.SearchField","properties":{"placeholder":"Search"},"searchOpenDialogs":true,"interaction":{"idSuffix":"I"}},"clearTextFirst":true,"interactionType":"ENTER_TEXT"}]}
COMMAND: POST /session/edf591f4886fe2f4d5accf7d7849bb74/actions - {"actions":[{"id":"action6","type":"key","parameters":{},"actions":[{"type":"keyDown","value":"î€‡"},{"type":"pause","duration":10},{"type":"keyUp","value":"î€‡"}]}]}
RESULT: {"actions":[{"id":"action6","type":"key","parameters":{},"actions":[{"type":"keyDown","value":"î€‡"},{"type":"pause","duration":10},{"type":"keyUp","value":"î€‡"}]}]}
COMMAND: GET /session/edf591f4886fe2f4d5accf7d7849bb74/screenshot - {}
RESULT: {}
COMMAND: POST /session/edf591f4886fe2f4d5accf7d7849bb74/element - {"using":"xpath","value":"//span[contains(text(), \"General Management\")]"}
RESULT: {"using":"xpath","value":"//span[contains(text(), \"General Management\")]"}
COMMAND: POST /session/edf591f4886fe2f4d5accf7d7849bb74/element/f.F79DA72124CEC4D1C0F67458F1C76B54.d.01C5431C145A81F9764885D99E94980A.e.2308/click - {}
RESULT: {}
COMMAND: GET /session/edf591f4886fe2f4d5accf7d7849bb74/screenshot - {}
RESULT: {}
COMMAND: POST /session/edf591f4886fe2f4d5accf7d7849bb74/element - {"using":"xpath","value":"//bdi[contains(text(), \"OK\")]"}
RESULT: {"using":"xpath","value":"//bdi[contains(text(), \"OK\")]"}
COMMAND: POST /session/edf591f4886fe2f4d5accf7d7849bb74/element/f.F79DA72124CEC4D1C0F67458F1C76B54.d.01C5431C145A81F9764885D99E94980A.e.2309/click - {}
RESULT: {}
COMMAND: GET /session/edf591f4886fe2f4d5accf7d7849bb74/screenshot - {}
RESULT: {}
COMMAND: POST /session/edf591f4886fe2f4d5accf7d7849bb74/element - {"using":"xpath","value":"//input[@id=\"application-managesites-display-component---NewSite--addressDetailDetailsCalendar-inner\"]"}
RESULT: {"using":"xpath","value":"//input[@id=\"application-managesites-display-component---NewSite--addressDetailDetailsCalendar-inner\"]"}
COMMAND: POST /session/edf591f4886fe2f4d5accf7d7849bb74/element/f.F79DA72124CEC4D1C0F67458F1C76B54.d.01C5431C145A81F9764885D99E94980A.e.2061/clear - {}
RESULT: {}
COMMAND: POST /session/edf591f4886fe2f4d5accf7d7849bb74/element/f.F79DA72124CEC4D1C0F67458F1C76B54.d.01C5431C145A81F9764885D99E94980A.e.2061/value - {"text":"Unit"}
COMMAND: GET /session/edf591f4886fe2f4d5accf7d7849bb74/screenshot - {}
RESULT: {"text":"Unit"}
COMMAND: GET /session/edf591f4886fe2f4d5accf7d7849bb74/screenshot - {}
RESULT: {}
RESULT: {}
COMMAND: POST /session/edf591f4886fe2f4d5accf7d7849bb74/actions - {"actions":[{"id":"action7","type":"key","parameters":{},"actions":[{"type":"keyDown","value":"î€‡"},{"type":"pause","duration":10},{"type":"keyUp","value":"î€‡"}]}]}
RESULT: {"actions":[{"id":"action7","type":"key","parameters":{},"actions":[{"type":"keyDown","value":"î€‡"},{"type":"pause","duration":10},{"type":"keyUp","value":"î€‡"}]}]}
COMMAND: POST /session/edf591f4886fe2f4d5accf7d7849bb74/element - {"using":"xpath","value":"//input[@id=\"application-managesites-display-component---NewSite--addressDetailDetailsYard-inner\"]"}
COMMAND: GET /session/edf591f4886fe2f4d5accf7d7849bb74/screenshot - {}
RESULT: {"using":"xpath","value":"//input[@id=\"application-managesites-display-component---NewSite--addressDetailDetailsYard-inner\"]"}
COMMAND: POST /session/edf591f4886fe2f4d5accf7d7849bb74/element/f.F79DA72124CEC4D1C0F67458F1C76B54.d.01C5431C145A81F9764885D99E94980A.e.2062/clear - {}
RESULT: {}
RESULT: {}
COMMAND: POST /session/edf591f4886fe2f4d5accf7d7849bb74/element/f.F79DA72124CEC4D1C0F67458F1C76B54.d.01C5431C145A81F9764885D99E94980A.e.2062/value - {"text":"559"}
COMMAND: GET /session/edf591f4886fe2f4d5accf7d7849bb74/screenshot - {}
RESULT: {"text":"559"}
COMMAND: GET /session/edf591f4886fe2f4d5accf7d7849bb74/screenshot - {}
RESULT: {}
COMMAND: POST /session/edf591f4886fe2f4d5accf7d7849bb74/element - {"using":"xpath","value":"//li[.//span[text()='559']]"}
RESULT: {}
RESULT: {"using":"xpath","value":"//li[.//span[text()='559']]"}
COMMAND: POST /session/edf591f4886fe2f4d5accf7d7849bb74/element/f.F79DA72124CEC4D1C0F67458F1C76B54.d.01C5431C145A81F9764885D99E94980A.e.2317/click - {}
COMMAND: POST /session/edf591f4886fe2f4d5accf7d7849bb74/element - {"using":"xpath","value":"//li[.//span[text()='559']]"}
RESULT: {"using":"xpath","value":"//li[.//span[text()='559']]"}
COMMAND: POST /session/edf591f4886fe2f4d5accf7d7849bb74/element/f.F79DA72124CEC4D1C0F67458F1C76B54.d.01C5431C145A81F9764885D99E94980A.e.2317/click - {}
COMMAND: POST /session/edf591f4886fe2f4d5accf7d7849bb74/element - {"using":"xpath","value":"//li[.//span[text()='559']]"}
RESULT: {"using":"xpath","value":"//li[.//span[text()='559']]"}
COMMAND: POST /session/edf591f4886fe2f4d5accf7d7849bb74/element/f.F79DA72124CEC4D1C0F67458F1C76B54.d.01C5431C145A81F9764885D99E94980A.e.2318/click - {}
RESULT: {}
COMMAND: GET /session/edf591f4886fe2f4d5accf7d7849bb74/screenshot - {}
RESULT: {}
COMMAND: POST /session/edf591f4886fe2f4d5accf7d7849bb74/element - {"using":"xpath","value":"//input[@id=\"application-managesites-display-component---NewSite--addressDetailDetailsPartner-inner\"]"}
RESULT: {"using":"xpath","value":"//input[@id=\"application-managesites-display-component---NewSite--addressDetailDetailsPartner-inner\"]"}
COMMAND: POST /session/edf591f4886fe2f4d5accf7d7849bb74/element - {"using":"xpath","value":"//input[@id=\"application-managesites-display-component---NewSite--addressDetailDetailsPartner-inner\"]"}
RESULT: {"using":"xpath","value":"//input[@id=\"application-managesites-display-component---NewSite--addressDetailDetailsPartner-inner\"]"}
COMMAND: POST /session/edf591f4886fe2f4d5accf7d7849bb74/element - {"using":"xpath","value":"//button[@data-kt=\"saveButton\"]"}
RESULT: {"using":"xpath","value":"//button[@data-kt=\"saveButton\"]"}
COMMAND: POST /session/edf591f4886fe2f4d5accf7d7849bb74/element/f.F79DA72124CEC4D1C0F67458F1C76B54.d.01C5431C145A81F9764885D99E94980A.e.2201/click - {}
RESULT: {}
COMMAND: GET /session/edf591f4886fe2f4d5accf7d7849bb74/screenshot - {}
RESULT: {}
COMMAND: POST /session/edf591f4886fe2f4d5accf7d7849bb74/element - {"using":"xpath","value":"//header[contains(@id, 'ObjectPageLayout-headerTitle')]/div[1]/div[2]/div[2]/span[1]"}
RESULT: {"using":"xpath","value":"//header[contains(@id, 'ObjectPageLayout-headerTitle')]/div[1]/div[2]/div[2]/span[1]"}
COMMAND: POST /session/edf591f4886fe2f4d5accf7d7849bb74/elements - {"using":"xpath","value":"//header[contains(@id, 'ObjectPageLayout-headerTitle')]/div[1]/div[2]/div[2]/span[1]"}
RESULT: {"using":"xpath","value":"//header[contains(@id, 'ObjectPageLayout-headerTitle')]/div[1]/div[2]/div[2]/span[1]"}
COMMAND: POST /session/edf591f4886fe2f4d5accf7d7849bb74/execute/sync - {"script":"<script> [56 bytes]","args":[{"element-6066-11e4-a52e-4f735466cecf":"f.F79DA72124CEC4D1C0F67458F1C76B54.d.01C5431C145A81F9764885D99E94980A.e.2521","ELEMENT":"f.F79DA72124CEC4D1C0F67458F1C76B54.d.01C5431C145A81F9764885D99E94980A.e.2521"}]}
RESULT: {"script":"<script> [56 bytes]","args":[{"element-6066-11e4-a52e-4f735466cecf":"f.F79DA72124CEC4D1C0F67458F1C76B54.d.01C5431C145A81F9764885D99E94980A.e.2521","ELEMENT":"f.F79DA72124CEC4D1C0F67458F1C76B54.d.01C5431C145A81F9764885D99E94980A.e.2521"}]}
COMMAND: POST /session/edf591f4886fe2f4d5accf7d7849bb74/element - {"using":"css selector","value":"#shell-header-logo"}
COMMAND: GET /session/edf591f4886fe2f4d5accf7d7849bb74/screenshot - {}
RESULT: {"using":"css selector","value":"#shell-header-logo"}
COMMAND: POST /session/edf591f4886fe2f4d5accf7d7849bb74/element/f.F79DA72124CEC4D1C0F67458F1C76B54.d.01C5431C145A81F9764885D99E94980A.e.1813/click - {}
RESULT: {}
RESULT: {}
COMMAND: GET /session/edf591f4886fe2f4d5accf7d7849bb74/screenshot - {}
RESULT: {}
COMMAND: POST /session/edf591f4886fe2f4d5accf7d7849bb74/execute/sync - {"script":"<script> [299 bytes]","args":[["getModel","getResource"]]}
RESULT: {"script":"<script> [299 bytes]","args":[["getModel","getResource"]]}
]]></system-out>
    </testcase>
    <testcase classname="chrome.136_0_7103_93.windows.Prerequisites_&amp;_test_for_yard_mass_return_on_Yard_Overview_US131057" name="Prereq Should create a new material" time="116.268">
      <system-out><![CDATA[
COMMAND: GET /session/edf591f4886fe2f4d5accf7d7849bb74/screenshot - {}
COMMAND: POST /session/edf591f4886fe2f4d5accf7d7849bb74/execute/async - {"script":"<script> [1562 bytes]","args":[{"selector":{"controlType":"sap.m.GenericTile","properties":{"header":"Manage Resources"}},"wdio_ui5_key":"sapm.GenericTile{\"header\":\"Manage Resources\"}"}]}
RESULT: {}
RESULT: {"script":"<script> [1562 bytes]","args":[{"selector":{"controlType":"sap.m.GenericTile","properties":{"header":"Manage Resources"}},"wdio_ui5_key":"sapm.GenericTile{\"header\":\"Manage Resources\"}"}]}
RESULT: undefined
COMMAND: POST /session/edf591f4886fe2f4d5accf7d7849bb74/element - {"using":"xpath","value":"//*[@id=\"__tile39\"]"}
RESULT: {"using":"xpath","value":"//*[@id=\"__tile39\"]"}
COMMAND: POST /session/edf591f4886fe2f4d5accf7d7849bb74/element/f.F79DA72124CEC4D1C0F67458F1C76B54.d.01C5431C145A81F9764885D99E94980A.e.155/click - {}
RESULT: {}
COMMAND: GET /session/edf591f4886fe2f4d5accf7d7849bb74/screenshot - {}
RESULT: {}
COMMAND: POST /session/edf591f4886fe2f4d5accf7d7849bb74/elements - {"using":"xpath","value":"//span[text()='Error']"}
RESULT: {"using":"xpath","value":"//span[text()='Error']"}
COMMAND: POST /session/edf591f4886fe2f4d5accf7d7849bb74/element - {"using":"xpath","value":"//button[@data-kt=\"addNewRUOverflowToolbarButton\"]"}
RESULT: {"using":"xpath","value":"//button[@data-kt=\"addNewRUOverflowToolbarButton\"]"}
COMMAND: POST /session/edf591f4886fe2f4d5accf7d7849bb74/elements - {"using":"xpath","value":"//button[@data-kt=\"addNewRUOverflowToolbarButton\"]"}
RESULT: {"using":"xpath","value":"//button[@data-kt=\"addNewRUOverflowToolbarButton\"]"}
COMMAND: POST /session/edf591f4886fe2f4d5accf7d7849bb74/elements - {"using":"xpath","value":"//button[@data-kt=\"addNewRUOverflowToolbarButton\"]"}
RESULT: {"using":"xpath","value":"//button[@data-kt=\"addNewRUOverflowToolbarButton\"]"}
COMMAND: POST /session/edf591f4886fe2f4d5accf7d7849bb74/element - {"using":"xpath","value":"//button[@data-kt=\"addNewRUOverflowToolbarButton\"]"}
RESULT: {"using":"xpath","value":"//button[@data-kt=\"addNewRUOverflowToolbarButton\"]"}
COMMAND: POST /session/edf591f4886fe2f4d5accf7d7849bb74/execute/sync - {"script":"<script> [8489 bytes]","args":[{"element-6066-11e4-a52e-4f735466cecf":"f.F79DA72124CEC4D1C0F67458F1C76B54.d.01C5431C145A81F9764885D99E94980A.e.2565","ELEMENT":"f.F79DA72124CEC4D1C0F67458F1C76B54.d.01C5431C145A81F9764885D99E94980A.e.2565"}]}
RESULT: {"script":"<script> [8489 bytes]","args":[{"element-6066-11e4-a52e-4f735466cecf":"f.F79DA72124CEC4D1C0F67458F1C76B54.d.01C5431C145A81F9764885D99E94980A.e.2565","ELEMENT":"f.F79DA72124CEC4D1C0F67458F1C76B54.d.01C5431C145A81F9764885D99E94980A.e.2565"}]}
COMMAND: GET /session/edf591f4886fe2f4d5accf7d7849bb74/element/f.F79DA72124CEC4D1C0F67458F1C76B54.d.01C5431C145A81F9764885D99E94980A.e.2565/enabled - {}
COMMAND: GET /session/edf591f4886fe2f4d5accf7d7849bb74/screenshot - {}
RESULT: {}
COMMAND: POST /session/edf591f4886fe2f4d5accf7d7849bb74/execute/sync - {"script":"<script> [8489 bytes]","args":[{"element-6066-11e4-a52e-4f735466cecf":"f.F79DA72124CEC4D1C0F67458F1C76B54.d.01C5431C145A81F9764885D99E94980A.e.2565","ELEMENT":"f.F79DA72124CEC4D1C0F67458F1C76B54.d.01C5431C145A81F9764885D99E94980A.e.2565"}]}
COMMAND: GET /session/edf591f4886fe2f4d5accf7d7849bb74/screenshot - {}
RESULT: {}
RESULT: {"script":"<script> [8489 bytes]","args":[{"element-6066-11e4-a52e-4f735466cecf":"f.F79DA72124CEC4D1C0F67458F1C76B54.d.01C5431C145A81F9764885D99E94980A.e.2565","ELEMENT":"f.F79DA72124CEC4D1C0F67458F1C76B54.d.01C5431C145A81F9764885D99E94980A.e.2565"}]}
COMMAND: POST /session/edf591f4886fe2f4d5accf7d7849bb74/execute/sync - {"script":"<script> [5351 bytes]","args":[{"element-6066-11e4-a52e-4f735466cecf":"f.F79DA72124CEC4D1C0F67458F1C76B54.d.01C5431C145A81F9764885D99E94980A.e.2565","ELEMENT":"f.F79DA72124CEC4D1C0F67458F1C76B54.d.01C5431C145A81F9764885D99E94980A.e.2565"}]}
COMMAND: GET /session/edf591f4886fe2f4d5accf7d7849bb74/screenshot - {}
RESULT: {}
RESULT: {"script":"<script> [5351 bytes]","args":[{"element-6066-11e4-a52e-4f735466cecf":"f.F79DA72124CEC4D1C0F67458F1C76B54.d.01C5431C145A81F9764885D99E94980A.e.2565","ELEMENT":"f.F79DA72124CEC4D1C0F67458F1C76B54.d.01C5431C145A81F9764885D99E94980A.e.2565"}]}
COMMAND: POST /session/edf591f4886fe2f4d5accf7d7849bb74/element/f.F79DA72124CEC4D1C0F67458F1C76B54.d.01C5431C145A81F9764885D99E94980A.e.2565/click - {}
COMMAND: GET /session/edf591f4886fe2f4d5accf7d7849bb74/screenshot - {}
RESULT: {}
RESULT: {}
COMMAND: GET /session/edf591f4886fe2f4d5accf7d7849bb74/screenshot - {}
RESULT: {}
COMMAND: POST /session/edf591f4886fe2f4d5accf7d7849bb74/execute/async - {"script":"<script> [1562 bytes]","args":[{"selector":{"id":"application-manageresources-display-component---newResourceUnit--TYPE-arrow"},"wdio_ui5_key":"applicationmanageresources-display-component---newResourceUnit--TYPE-arrow"}]}
RESULT: {}
RESULT: {"script":"<script> [1562 bytes]","args":[{"selector":{"id":"application-manageresources-display-component---newResourceUnit--TYPE-arrow"},"wdio_ui5_key":"applicationmanageresources-display-component---newResourceUnit--TYPE-arrow"}]}
RESULT: undefined
COMMAND: POST /session/edf591f4886fe2f4d5accf7d7849bb74/element - {"using":"xpath","value":"//*[@id=\"application-manageresources-display-component---newResourceUnit--TYPE-arrow\"]"}
RESULT: {"using":"xpath","value":"//*[@id=\"application-manageresources-display-component---newResourceUnit--TYPE-arrow\"]"}
COMMAND: POST /session/edf591f4886fe2f4d5accf7d7849bb74/element/f.F79DA72124CEC4D1C0F67458F1C76B54.d.01C5431C145A81F9764885D99E94980A.e.2910/click - {}
RESULT: {}
COMMAND: POST /session/edf591f4886fe2f4d5accf7d7849bb74/element - {"using":"xpath","value":"//input[@id=\"application-manageresources-display-component---newResourceUnit--TYPE-inner\"]"}
COMMAND: GET /session/edf591f4886fe2f4d5accf7d7849bb74/screenshot - {}
RESULT: {"using":"xpath","value":"//input[@id=\"application-manageresources-display-component---newResourceUnit--TYPE-inner\"]"}
COMMAND: POST /session/edf591f4886fe2f4d5accf7d7849bb74/element/f.F79DA72124CEC4D1C0F67458F1C76B54.d.01C5431C145A81F9764885D99E94980A.e.2905/clear - {}
RESULT: {}
RESULT: {}
COMMAND: POST /session/edf591f4886fe2f4d5accf7d7849bb74/element/f.F79DA72124CEC4D1C0F67458F1C76B54.d.01C5431C145A81F9764885D99E94980A.e.2905/value - {"text":"Material"}
COMMAND: GET /session/edf591f4886fe2f4d5accf7d7849bb74/screenshot - {}
RESULT: {"text":"Material"}
COMMAND: GET /session/edf591f4886fe2f4d5accf7d7849bb74/screenshot - {}
RESULT: {}
RESULT: {}
COMMAND: POST /session/edf591f4886fe2f4d5accf7d7849bb74/actions - {"actions":[{"id":"action8","type":"key","parameters":{},"actions":[{"type":"keyDown","value":"î€‡"},{"type":"pause","duration":10},{"type":"keyUp","value":"î€‡"}]}]}
RESULT: {"actions":[{"id":"action8","type":"key","parameters":{},"actions":[{"type":"keyDown","value":"î€‡"},{"type":"pause","duration":10},{"type":"keyUp","value":"î€‡"}]}]}
COMMAND: POST /session/edf591f4886fe2f4d5accf7d7849bb74/execute/async - {"script":"<script> [1562 bytes]","args":[{"selector":{"id":"application-manageresources-display-component---newResourceUnit--SHORT_TEXT","interaction":{"idSuffix":"inner"}},"wdio_ui5_key":"applicationmanageresources-display-component---newResourceUnit--SHORT_TEXT"}]}
COMMAND: GET /session/edf591f4886fe2f4d5accf7d7849bb74/screenshot - {}
RESULT: {"script":"<script> [1562 bytes]","args":[{"selector":{"id":"application-manageresources-display-component---newResourceUnit--SHORT_TEXT","interaction":{"idSuffix":"inner"}},"wdio_ui5_key":"applicationmanageresources-display-component---newResourceUnit--SHORT_TEXT"}]}
RESULT: undefined
COMMAND: POST /session/edf591f4886fe2f4d5accf7d7849bb74/execute/async - {"script":"<script> [776 bytes]","args":[{"enterText":"Cement WDIO","selector":{"id":"application-manageresources-display-component---newResourceUnit--SHORT_TEXT","interaction":{"idSuffix":"inner"}},"clearTextFirst":true,"interactionType":"ENTER_TEXT"}]}
RESULT: {}
RESULT: {"script":"<script> [776 bytes]","args":[{"enterText":"Cement WDIO","selector":{"id":"application-manageresources-display-component---newResourceUnit--SHORT_TEXT","interaction":{"idSuffix":"inner"}},"clearTextFirst":true,"interactionType":"ENTER_TEXT"}]}
COMMAND: POST /session/edf591f4886fe2f4d5accf7d7849bb74/execute/async - {"script":"<script> [1562 bytes]","args":[{"selector":{"id":"application-manageresources-display-component---newResourceUnit--BASE_UNIT_OF_MEASURE","interaction":{"idSuffix":"inner"}},"wdio_ui5_key":"applicationmanageresources-display-component---newResourceUnit--BASE_UNIT_OF_MEASURE"}]}
RESULT: {"script":"<script> [1562 bytes]","args":[{"selector":{"id":"application-manageresources-display-component---newResourceUnit--BASE_UNIT_OF_MEASURE","interaction":{"idSuffix":"inner"}},"wdio_ui5_key":"applicationmanageresources-display-component---newResourceUnit--BASE_UNIT_OF_MEASURE"}]}
RESULT: undefined
COMMAND: POST /session/edf591f4886fe2f4d5accf7d7849bb74/execute/async - {"script":"<script> [776 bytes]","args":[{"enterText":"Piece","selector":{"id":"application-manageresources-display-component---newResourceUnit--BASE_UNIT_OF_MEASURE","interaction":{"idSuffix":"inner"}},"clearTextFirst":true,"interactionType":"ENTER_TEXT"}]}
RESULT: {"script":"<script> [776 bytes]","args":[{"enterText":"Piece","selector":{"id":"application-manageresources-display-component---newResourceUnit--BASE_UNIT_OF_MEASURE","interaction":{"idSuffix":"inner"}},"clearTextFirst":true,"interactionType":"ENTER_TEXT"}]}
COMMAND: POST /session/edf591f4886fe2f4d5accf7d7849bb74/execute/async - {"script":"<script> [1562 bytes]","args":[{"selector":{"id":"application-manageresources-display-component---newResourceUnit--WEIGHT_UNIT","interaction":{"idSuffix":"inner"}},"wdio_ui5_key":"applicationmanageresources-display-component---newResourceUnit--WEIGHT_UNIT"}]}
RESULT: {"script":"<script> [1562 bytes]","args":[{"selector":{"id":"application-manageresources-display-component---newResourceUnit--WEIGHT_UNIT","interaction":{"idSuffix":"inner"}},"wdio_ui5_key":"applicationmanageresources-display-component---newResourceUnit--WEIGHT_UNIT"}]}
RESULT: undefined
COMMAND: POST /session/edf591f4886fe2f4d5accf7d7849bb74/execute/async - {"script":"<script> [776 bytes]","args":[{"enterText":"Gram","selector":{"id":"application-manageresources-display-component---newResourceUnit--WEIGHT_UNIT","interaction":{"idSuffix":"inner"}},"clearTextFirst":true,"interactionType":"ENTER_TEXT"}]}
RESULT: {"script":"<script> [776 bytes]","args":[{"enterText":"Gram","selector":{"id":"application-manageresources-display-component---newResourceUnit--WEIGHT_UNIT","interaction":{"idSuffix":"inner"}},"clearTextFirst":true,"interactionType":"ENTER_TEXT"}]}
COMMAND: POST /session/edf591f4886fe2f4d5accf7d7849bb74/execute/async - {"script":"<script> [1562 bytes]","args":[{"selector":{"id":"application-manageresources-display-component---newResourceUnit--DIMENSION_UNIT","interaction":{"idSuffix":"inner"}},"wdio_ui5_key":"applicationmanageresources-display-component---newResourceUnit--DIMENSION_UNIT"}]}
RESULT: {"script":"<script> [1562 bytes]","args":[{"selector":{"id":"application-manageresources-display-component---newResourceUnit--DIMENSION_UNIT","interaction":{"idSuffix":"inner"}},"wdio_ui5_key":"applicationmanageresources-display-component---newResourceUnit--DIMENSION_UNIT"}]}
RESULT: undefined
COMMAND: POST /session/edf591f4886fe2f4d5accf7d7849bb74/execute/async - {"script":"<script> [776 bytes]","args":[{"enterText":"Meter","selector":{"id":"application-manageresources-display-component---newResourceUnit--DIMENSION_UNIT","interaction":{"idSuffix":"inner"}},"clearTextFirst":true,"interactionType":"ENTER_TEXT"}]}
RESULT: {"script":"<script> [776 bytes]","args":[{"enterText":"Meter","selector":{"id":"application-manageresources-display-component---newResourceUnit--DIMENSION_UNIT","interaction":{"idSuffix":"inner"}},"clearTextFirst":true,"interactionType":"ENTER_TEXT"}]}
COMMAND: POST /session/edf591f4886fe2f4d5accf7d7849bb74/execute/async - {"script":"<script> [1562 bytes]","args":[{"selector":{"id":"application-manageresources-display-component---newResourceUnit--newRRUPage-anchBar-application-manageresources-display-component---newResourceUnit--control-anchor","interaction":{"idSuffix":"BDI-content"}},"wdio_ui5_key":"applicationmanageresources-display-component---newResourceUnit--newRRUPage-anchBar-application-manageresources-display-component---newResourceUnit--control-anchor"}]}
RESULT: {"script":"<script> [1562 bytes]","args":[{"selector":{"id":"application-manageresources-display-component---newResourceUnit--newRRUPage-anchBar-application-manageresources-display-component---newResourceUnit--control-anchor","interaction":{"idSuffix":"BDI-content"}},"wdio_ui5_key":"applicationmanageresources-display-component---newResourceUnit--newRRUPage-anchBar-application-manageresources-display-component---newResourceUnit--control-anchor"}]}
RESULT: undefined
COMMAND: POST /session/edf591f4886fe2f4d5accf7d7849bb74/element - {"using":"xpath","value":"//*[@id=\"application-manageresources-display-component---newResourceUnit--newRRUPage-anchBar-application-manageresources-display-component---newResourceUnit--control-anchor\"]"}
RESULT: {"using":"xpath","value":"//*[@id=\"application-manageresources-display-component---newResourceUnit--newRRUPage-anchBar-application-manageresources-display-component---newResourceUnit--control-anchor\"]"}
COMMAND: POST /session/edf591f4886fe2f4d5accf7d7849bb74/element/f.F79DA72124CEC4D1C0F67458F1C76B54.d.01C5431C145A81F9764885D99E94980A.e.2974/click - {}
RESULT: {}
COMMAND: POST /session/edf591f4886fe2f4d5accf7d7849bb74/execute/async - {"script":"<script> [1562 bytes]","args":[{"selector":{"id":"application-manageresources-display-component---newResourceUnit--PLANNING_GROUP","interaction":{"idSuffix":"inner"}},"wdio_ui5_key":"applicationmanageresources-display-component---newResourceUnit--PLANNING_GROUP"}]}
COMMAND: GET /session/edf591f4886fe2f4d5accf7d7849bb74/screenshot - {}
RESULT: {"script":"<script> [1562 bytes]","args":[{"selector":{"id":"application-manageresources-display-component---newResourceUnit--PLANNING_GROUP","interaction":{"idSuffix":"inner"}},"wdio_ui5_key":"applicationmanageresources-display-component---newResourceUnit--PLANNING_GROUP"}]}
RESULT: undefined
COMMAND: POST /session/edf591f4886fe2f4d5accf7d7849bb74/execute/async - {"script":"<script> [776 bytes]","args":[{"enterText":"Material","selector":{"id":"application-manageresources-display-component---newResourceUnit--PLANNING_GROUP","interaction":{"idSuffix":"inner"}},"clearTextFirst":true,"interactionType":"ENTER_TEXT"}]}
RESULT: {}
RESULT: {"script":"<script> [776 bytes]","args":[{"enterText":"Material","selector":{"id":"application-manageresources-display-component---newResourceUnit--PLANNING_GROUP","interaction":{"idSuffix":"inner"}},"clearTextFirst":true,"interactionType":"ENTER_TEXT"}]}
COMMAND: POST /session/edf591f4886fe2f4d5accf7d7849bb74/execute/async - {"script":"<script> [1562 bytes]","args":[{"selector":{"id":"application-manageresources-display-component---newResourceUnit--PLANNING_INDICATOR","interaction":{"idSuffix":"inner"}},"wdio_ui5_key":"applicationmanageresources-display-component---newResourceUnit--PLANNING_INDICATOR"}]}
RESULT: {"script":"<script> [1562 bytes]","args":[{"selector":{"id":"application-manageresources-display-component---newResourceUnit--PLANNING_INDICATOR","interaction":{"idSuffix":"inner"}},"wdio_ui5_key":"applicationmanageresources-display-component---newResourceUnit--PLANNING_INDICATOR"}]}
RESULT: undefined
COMMAND: POST /session/edf591f4886fe2f4d5accf7d7849bb74/execute/async - {"script":"<script> [776 bytes]","args":[{"enterText":"10 - infinite","selector":{"id":"application-manageresources-display-component---newResourceUnit--PLANNING_INDICATOR","interaction":{"idSuffix":"inner"}},"clearTextFirst":true,"interactionType":"ENTER_TEXT"}]}
RESULT: {"script":"<script> [776 bytes]","args":[{"enterText":"10 - infinite","selector":{"id":"application-manageresources-display-component---newResourceUnit--PLANNING_INDICATOR","interaction":{"idSuffix":"inner"}},"clearTextFirst":true,"interactionType":"ENTER_TEXT"}]}
COMMAND: POST /session/edf591f4886fe2f4d5accf7d7849bb74/element - {"using":"css selector","value":"#application-manageresources-display-component---newResourceUnit--btnAddTimeSegment"}
RESULT: {"using":"css selector","value":"#application-manageresources-display-component---newResourceUnit--btnAddTimeSegment"}
COMMAND: GET /session/edf591f4886fe2f4d5accf7d7849bb74/element/f.F79DA72124CEC4D1C0F67458F1C76B54.d.01C5431C145A81F9764885D99E94980A.e.2982/rect - {}
RESULT: {}
COMMAND: GET /session/edf591f4886fe2f4d5accf7d7849bb74/window/rect - {}
RESULT: {}
COMMAND: POST /session/edf591f4886fe2f4d5accf7d7849bb74/execute/sync - {"script":"<script> [92 bytes]","args":[]}
RESULT: {"script":"<script> [92 bytes]","args":[]}
COMMAND: POST /session/edf591f4886fe2f4d5accf7d7849bb74/actions - {"actions":[{"id":"action9","type":"wheel","parameters":{},"actions":[{"type":"scroll","x":-1888,"y":-32,"deltaX":0,"deltaY":0,"duration":0,"origin":{"element-6066-11e4-a52e-4f735466cecf":"f.F79DA72124CEC4D1C0F67458F1C76B54.d.01C5431C145A81F9764885D99E94980A.e.2982"}}]}]}
COMMAND: GET /session/edf591f4886fe2f4d5accf7d7849bb74/screenshot - {}
RESULT: {}
COMMAND: POST /session/edf591f4886fe2f4d5accf7d7849bb74/execute/sync - {"script":"<script> [79 bytes]","args":[{"element-6066-11e4-a52e-4f735466cecf":"f.F79DA72124CEC4D1C0F67458F1C76B54.d.01C5431C145A81F9764885D99E94980A.e.2982","ELEMENT":"f.F79DA72124CEC4D1C0F67458F1C76B54.d.01C5431C145A81F9764885D99E94980A.e.2982"},{"block":"start","inline":"nearest"}]}
RESULT: {"script":"<script> [79 bytes]","args":[{"element-6066-11e4-a52e-4f735466cecf":"f.F79DA72124CEC4D1C0F67458F1C76B54.d.01C5431C145A81F9764885D99E94980A.e.2982","ELEMENT":"f.F79DA72124CEC4D1C0F67458F1C76B54.d.01C5431C145A81F9764885D99E94980A.e.2982"},{"block":"start","inline":"nearest"}]}
COMMAND: POST /session/edf591f4886fe2f4d5accf7d7849bb74/execute/async - {"script":"<script> [1562 bytes]","args":[{"selector":{"id":"application-manageresources-display-component---newResourceUnit--btnAddTimeSegment","interaction":{"idSuffix":"inner"}},"wdio_ui5_key":"applicationmanageresources-display-component---newResourceUnit--btnAddTimeSegment"}]}
COMMAND: GET /session/edf591f4886fe2f4d5accf7d7849bb74/screenshot - {}
RESULT: {"script":"<script> [1562 bytes]","args":[{"selector":{"id":"application-manageresources-display-component---newResourceUnit--btnAddTimeSegment","interaction":{"idSuffix":"inner"}},"wdio_ui5_key":"applicationmanageresources-display-component---newResourceUnit--btnAddTimeSegment"}]}
RESULT: undefined
COMMAND: POST /session/edf591f4886fe2f4d5accf7d7849bb74/element - {"using":"xpath","value":"//*[@id=\"application-manageresources-display-component---newResourceUnit--btnAddTimeSegment\"]"}
RESULT: {}
RESULT: {"using":"xpath","value":"//*[@id=\"application-manageresources-display-component---newResourceUnit--btnAddTimeSegment\"]"}
COMMAND: POST /session/edf591f4886fe2f4d5accf7d7849bb74/element/f.F79DA72124CEC4D1C0F67458F1C76B54.d.01C5431C145A81F9764885D99E94980A.e.2982/click - {}
RESULT: {}
COMMAND: GET /session/edf591f4886fe2f4d5accf7d7849bb74/screenshot - {}
RESULT: {}
COMMAND: POST /session/edf591f4886fe2f4d5accf7d7849bb74/element - {"using":"xpath","value":"//input[@id=\"application-manageresources-display-component---newResourceUnit--idRuTSAdmin-application-manageresources-display-component---newResourceUnit--RUTimeSegment-0-inner\"]"}
RESULT: {"using":"xpath","value":"//input[@id=\"application-manageresources-display-component---newResourceUnit--idRuTSAdmin-application-manageresources-display-component---newResourceUnit--RUTimeSegment-0-inner\"]"}
COMMAND: POST /session/edf591f4886fe2f4d5accf7d7849bb74/element/f.F79DA72124CEC4D1C0F67458F1C76B54.d.01C5431C145A81F9764885D99E94980A.e.2987/clear - {}
RESULT: {}
COMMAND: POST /session/edf591f4886fe2f4d5accf7d7849bb74/element/f.F79DA72124CEC4D1C0F67458F1C76B54.d.01C5431C145A81F9764885D99E94980A.e.2987/value - {"text":"559"}
COMMAND: GET /session/edf591f4886fe2f4d5accf7d7849bb74/screenshot - {}
RESULT: {"text":"559"}
COMMAND: GET /session/edf591f4886fe2f4d5accf7d7849bb74/screenshot - {}
RESULT: {}
RESULT: {}
COMMAND: POST /session/edf591f4886fe2f4d5accf7d7849bb74/element - {"using":"xpath","value":"//li[.//span[text()='559']]"}
RESULT: {"using":"xpath","value":"//li[.//span[text()='559']]"}
COMMAND: POST /session/edf591f4886fe2f4d5accf7d7849bb74/element/f.F79DA72124CEC4D1C0F67458F1C76B54.d.01C5431C145A81F9764885D99E94980A.e.2996/click - {}
RESULT: {}
COMMAND: GET /session/edf591f4886fe2f4d5accf7d7849bb74/screenshot - {}
RESULT: {}
COMMAND: POST /session/edf591f4886fe2f4d5accf7d7849bb74/element - {"using":"xpath","value":"(//span[contains(@id, \"-application-manageresources-display-component---newResourceUnit--RUTimeSegment-0-arrow\")])[2]"}
RESULT: {"using":"xpath","value":"(//span[contains(@id, \"-application-manageresources-display-component---newResourceUnit--RUTimeSegment-0-arrow\")])[2]"}
COMMAND: POST /session/edf591f4886fe2f4d5accf7d7849bb74/element/f.F79DA72124CEC4D1C0F67458F1C76B54.d.01C5431C145A81F9764885D99E94980A.e.2997/click - {}
RESULT: {}
COMMAND: POST /session/edf591f4886fe2f4d5accf7d7849bb74/element - {"using":"xpath","value":"//span[contains(text(), \"PM Order\")]"}
COMMAND: GET /session/edf591f4886fe2f4d5accf7d7849bb74/screenshot - {}
RESULT: {"using":"xpath","value":"//span[contains(text(), \"PM Order\")]"}
COMMAND: POST /session/edf591f4886fe2f4d5accf7d7849bb74/element/f.F79DA72124CEC4D1C0F67458F1C76B54.d.01C5431C145A81F9764885D99E94980A.e.2998/click - {}
RESULT: {}
RESULT: {}
COMMAND: GET /session/edf591f4886fe2f4d5accf7d7849bb74/screenshot - {}
RESULT: {}
COMMAND: POST /session/edf591f4886fe2f4d5accf7d7849bb74/element - {"using":"xpath","value":"//td/div/div/div/span[contains(@id, \"newResourceUnit--RUTimeSegment-0-vhi\")][1]"}
RESULT: {"using":"xpath","value":"//td/div/div/div/span[contains(@id, \"newResourceUnit--RUTimeSegment-0-vhi\")][1]"}
COMMAND: GET /session/edf591f4886fe2f4d5accf7d7849bb74/element/f.F79DA72124CEC4D1C0F67458F1C76B54.d.01C5431C145A81F9764885D99E94980A.e.3002/rect - {}
RESULT: {}
COMMAND: GET /session/edf591f4886fe2f4d5accf7d7849bb74/window/rect - {}
RESULT: {}
COMMAND: POST /session/edf591f4886fe2f4d5accf7d7849bb74/execute/sync - {"script":"<script> [92 bytes]","args":[]}
RESULT: {"script":"<script> [92 bytes]","args":[]}
COMMAND: POST /session/edf591f4886fe2f4d5accf7d7849bb74/actions - {"actions":[{"id":"action10","type":"wheel","parameters":{},"actions":[{"type":"scroll","x":-1888,"y":-24,"deltaX":0,"deltaY":0,"duration":0,"origin":{"element-6066-11e4-a52e-4f735466cecf":"f.F79DA72124CEC4D1C0F67458F1C76B54.d.01C5431C145A81F9764885D99E94980A.e.3002"}}]}]}
COMMAND: GET /session/edf591f4886fe2f4d5accf7d7849bb74/screenshot - {}
RESULT: {}
COMMAND: POST /session/edf591f4886fe2f4d5accf7d7849bb74/execute/sync - {"script":"<script> [79 bytes]","args":[{"element-6066-11e4-a52e-4f735466cecf":"f.F79DA72124CEC4D1C0F67458F1C76B54.d.01C5431C145A81F9764885D99E94980A.e.3002","ELEMENT":"f.F79DA72124CEC4D1C0F67458F1C76B54.d.01C5431C145A81F9764885D99E94980A.e.3002"},{"block":"start","inline":"nearest"}]}
RESULT: {"script":"<script> [79 bytes]","args":[{"element-6066-11e4-a52e-4f735466cecf":"f.F79DA72124CEC4D1C0F67458F1C76B54.d.01C5431C145A81F9764885D99E94980A.e.3002","ELEMENT":"f.F79DA72124CEC4D1C0F67458F1C76B54.d.01C5431C145A81F9764885D99E94980A.e.3002"},{"block":"start","inline":"nearest"}]}
COMMAND: GET /session/edf591f4886fe2f4d5accf7d7849bb74/screenshot - {}
RESULT: {}
COMMAND: POST /session/edf591f4886fe2f4d5accf7d7849bb74/element/f.F79DA72124CEC4D1C0F67458F1C76B54.d.01C5431C145A81F9764885D99E94980A.e.3002/click - {}
RESULT: {}
COMMAND: GET /session/edf591f4886fe2f4d5accf7d7849bb74/screenshot - {}
RESULT: {}
RESULT: undefined
COMMAND: POST /session/edf591f4886fe2f4d5accf7d7849bb74/execute/async - {"script":"<script> [776 bytes]","args":[{"enterText":"4000360","selector":{"controlType":"sap.m.SearchField","properties":{"placeholder":"Search"},"searchOpenDialogs":true,"interaction":{"idSuffix":"I"}},"clearTextFirst":true,"interactionType":"ENTER_TEXT"}]}
RESULT: {"script":"<script> [776 bytes]","args":[{"enterText":"4000360","selector":{"controlType":"sap.m.SearchField","properties":{"placeholder":"Search"},"searchOpenDialogs":true,"interaction":{"idSuffix":"I"}},"clearTextFirst":true,"interactionType":"ENTER_TEXT"}]}
COMMAND: POST /session/edf591f4886fe2f4d5accf7d7849bb74/actions - {"actions":[{"id":"action11","type":"key","parameters":{},"actions":[{"type":"keyDown","value":"î€‡"},{"type":"pause","duration":10},{"type":"keyUp","value":"î€‡"}]}]}
RESULT: {"actions":[{"id":"action11","type":"key","parameters":{},"actions":[{"type":"keyDown","value":"î€‡"},{"type":"pause","duration":10},{"type":"keyUp","value":"î€‡"}]}]}
COMMAND: GET /session/edf591f4886fe2f4d5accf7d7849bb74/screenshot - {}
RESULT: {}
COMMAND: POST /session/edf591f4886fe2f4d5accf7d7849bb74/element - {"using":"xpath","value":"//td/div/span[contains(text(), \"BGL Vehicles\")]"}
RESULT: {"using":"xpath","value":"//td/div/span[contains(text(), \"BGL Vehicles\")]"}
COMMAND: POST /session/edf591f4886fe2f4d5accf7d7849bb74/element/f.F79DA72124CEC4D1C0F67458F1C76B54.d.01C5431C145A81F9764885D99E94980A.e.3022/click - {}
RESULT: {}
COMMAND: GET /session/edf591f4886fe2f4d5accf7d7849bb74/screenshot - {}
RESULT: {}
COMMAND: POST /session/edf591f4886fe2f4d5accf7d7849bb74/element - {"using":"xpath","value":"//bdi[contains(text(), \"OK\")]"}
RESULT: {"using":"xpath","value":"//bdi[contains(text(), \"OK\")]"}
COMMAND: POST /session/edf591f4886fe2f4d5accf7d7849bb74/element/f.F79DA72124CEC4D1C0F67458F1C76B54.d.01C5431C145A81F9764885D99E94980A.e.3023/click - {}
RESULT: {}
COMMAND: GET /session/edf591f4886fe2f4d5accf7d7849bb74/screenshot - {}
RESULT: {}
COMMAND: POST /session/edf591f4886fe2f4d5accf7d7849bb74/element - {"using":"xpath","value":"//label[contains(@class, 'sapMLabelRequired') and .//bdi[contains(text(), 'Planned Retirement')]]"}
RESULT: {"using":"xpath","value":"//label[contains(@class, 'sapMLabelRequired') and .//bdi[contains(text(), 'Planned Retirement')]]"}
COMMAND: POST /session/edf591f4886fe2f4d5accf7d7849bb74/elements - {"using":"xpath","value":"//label[contains(@class, 'sapMLabelRequired') and .//bdi[contains(text(), 'Planned Retirement')]]"}
RESULT: {"using":"xpath","value":"//label[contains(@class, 'sapMLabelRequired') and .//bdi[contains(text(), 'Planned Retirement')]]"}
COMMAND: POST /session/edf591f4886fe2f4d5accf7d7849bb74/element - {"using":"xpath","value":"//button[@data-kt=\"resourceUnitSaveButton\"]"}
RESULT: {"using":"xpath","value":"//button[@data-kt=\"resourceUnitSaveButton\"]"}
COMMAND: POST /session/edf591f4886fe2f4d5accf7d7849bb74/element/f.F79DA72124CEC4D1C0F67458F1C76B54.d.01C5431C145A81F9764885D99E94980A.e.2927/click - {}
RESULT: {}
COMMAND: GET /session/edf591f4886fe2f4d5accf7d7849bb74/screenshot - {}
RESULT: {}
COMMAND: POST /session/edf591f4886fe2f4d5accf7d7849bb74/element - {"using":"xpath","value":"//bdi[contains(text(), \"Close\")]"}
RESULT: {"using":"xpath","value":"//bdi[contains(text(), \"Close\")]"}
COMMAND: POST /session/edf591f4886fe2f4d5accf7d7849bb74/element/f.F79DA72124CEC4D1C0F67458F1C76B54.d.01C5431C145A81F9764885D99E94980A.e.3029/click - {}
RESULT: {}
COMMAND: GET /session/edf591f4886fe2f4d5accf7d7849bb74/screenshot - {}
RESULT: {}
COMMAND: POST /session/edf591f4886fe2f4d5accf7d7849bb74/element - {"using":"xpath","value":"//header[contains(@id, 'detailRruPage-headerTitle')]/div[1]/div[2]/div[2]/span[1]"}
RESULT: {"using":"xpath","value":"//header[contains(@id, 'detailRruPage-headerTitle')]/div[1]/div[2]/div[2]/span[1]"}
COMMAND: POST /session/edf591f4886fe2f4d5accf7d7849bb74/elements - {"using":"xpath","value":"//header[contains(@id, 'detailRruPage-headerTitle')]/div[1]/div[2]/div[2]/span[1]"}
RESULT: {"using":"xpath","value":"//header[contains(@id, 'detailRruPage-headerTitle')]/div[1]/div[2]/div[2]/span[1]"}
COMMAND: POST /session/edf591f4886fe2f4d5accf7d7849bb74/execute/sync - {"script":"<script> [56 bytes]","args":[{"element-6066-11e4-a52e-4f735466cecf":"f.F79DA72124CEC4D1C0F67458F1C76B54.d.01C5431C145A81F9764885D99E94980A.e.3057","ELEMENT":"f.F79DA72124CEC4D1C0F67458F1C76B54.d.01C5431C145A81F9764885D99E94980A.e.3057"}]}
RESULT: {"script":"<script> [56 bytes]","args":[{"element-6066-11e4-a52e-4f735466cecf":"f.F79DA72124CEC4D1C0F67458F1C76B54.d.01C5431C145A81F9764885D99E94980A.e.3057","ELEMENT":"f.F79DA72124CEC4D1C0F67458F1C76B54.d.01C5431C145A81F9764885D99E94980A.e.3057"}]}
COMMAND: POST /session/edf591f4886fe2f4d5accf7d7849bb74/element - {"using":"css selector","value":"#shell-header-logo"}
COMMAND: GET /session/edf591f4886fe2f4d5accf7d7849bb74/screenshot - {}
RESULT: {"using":"css selector","value":"#shell-header-logo"}
COMMAND: POST /session/edf591f4886fe2f4d5accf7d7849bb74/element/f.F79DA72124CEC4D1C0F67458F1C76B54.d.01C5431C145A81F9764885D99E94980A.e.2526/click - {}
RESULT: {}
RESULT: {}
COMMAND: GET /session/edf591f4886fe2f4d5accf7d7849bb74/screenshot - {}
RESULT: {}
]]></system-out>
    </testcase>
    <testcase classname="chrome.136_0_7103_93.windows.Prerequisites_&amp;_test_for_yard_mass_return_on_Yard_Overview_US131057" name="Prereq Should do stock increase" time="95.272">
      <system-out><![CDATA[
COMMAND: POST /session/edf591f4886fe2f4d5accf7d7849bb74/execute/async - {"script":"<script> [1562 bytes]","args":[{"selector":{"controlType":"sap.m.GenericTile","properties":{"header":"Manage Handovers"}},"wdio_ui5_key":"sapm.GenericTile{\"header\":\"Manage Handovers\"}"}]}
RESULT: {"script":"<script> [1562 bytes]","args":[{"selector":{"controlType":"sap.m.GenericTile","properties":{"header":"Manage Handovers"}},"wdio_ui5_key":"sapm.GenericTile{\"header\":\"Manage Handovers\"}"}]}
RESULT: undefined
COMMAND: POST /session/edf591f4886fe2f4d5accf7d7849bb74/element - {"using":"xpath","value":"//*[@id=\"__tile131\"]"}
RESULT: {"using":"xpath","value":"//*[@id=\"__tile131\"]"}
COMMAND: POST /session/edf591f4886fe2f4d5accf7d7849bb74/element/f.F79DA72124CEC4D1C0F67458F1C76B54.d.01C5431C145A81F9764885D99E94980A.e.241/click - {}
RESULT: {}
COMMAND: GET /session/edf591f4886fe2f4d5accf7d7849bb74/screenshot - {}
RESULT: {}
COMMAND: POST /session/edf591f4886fe2f4d5accf7d7849bb74/elements - {"using":"xpath","value":"//span[text()='Error']"}
RESULT: {"using":"xpath","value":"//span[text()='Error']"}
COMMAND: POST /session/edf591f4886fe2f4d5accf7d7849bb74/element - {"using":"xpath","value":"//button[@data-kt=\"masterHOAddButton\"]"}
RESULT: {"using":"xpath","value":"//button[@data-kt=\"masterHOAddButton\"]"}
COMMAND: POST /session/edf591f4886fe2f4d5accf7d7849bb74/elements - {"using":"xpath","value":"//button[@data-kt=\"masterHOAddButton\"]"}
RESULT: {"using":"xpath","value":"//button[@data-kt=\"masterHOAddButton\"]"}
COMMAND: POST /session/edf591f4886fe2f4d5accf7d7849bb74/execute/sync - {"script":"<script> [8489 bytes]","args":[{"element-6066-11e4-a52e-4f735466cecf":"f.F79DA72124CEC4D1C0F67458F1C76B54.d.01C5431C145A81F9764885D99E94980A.e.3096","ELEMENT":"f.F79DA72124CEC4D1C0F67458F1C76B54.d.01C5431C145A81F9764885D99E94980A.e.3096"}]}
RESULT: {"script":"<script> [8489 bytes]","args":[{"element-6066-11e4-a52e-4f735466cecf":"f.F79DA72124CEC4D1C0F67458F1C76B54.d.01C5431C145A81F9764885D99E94980A.e.3096","ELEMENT":"f.F79DA72124CEC4D1C0F67458F1C76B54.d.01C5431C145A81F9764885D99E94980A.e.3096"}]}
COMMAND: GET /session/edf591f4886fe2f4d5accf7d7849bb74/element/f.F79DA72124CEC4D1C0F67458F1C76B54.d.01C5431C145A81F9764885D99E94980A.e.3096/enabled - {}
COMMAND: GET /session/edf591f4886fe2f4d5accf7d7849bb74/screenshot - {}
RESULT: {}
COMMAND: POST /session/edf591f4886fe2f4d5accf7d7849bb74/execute/sync - {"script":"<script> [8489 bytes]","args":[{"element-6066-11e4-a52e-4f735466cecf":"f.F79DA72124CEC4D1C0F67458F1C76B54.d.01C5431C145A81F9764885D99E94980A.e.3096","ELEMENT":"f.F79DA72124CEC4D1C0F67458F1C76B54.d.01C5431C145A81F9764885D99E94980A.e.3096"}]}
COMMAND: GET /session/edf591f4886fe2f4d5accf7d7849bb74/screenshot - {}
RESULT: {}
RESULT: {"script":"<script> [8489 bytes]","args":[{"element-6066-11e4-a52e-4f735466cecf":"f.F79DA72124CEC4D1C0F67458F1C76B54.d.01C5431C145A81F9764885D99E94980A.e.3096","ELEMENT":"f.F79DA72124CEC4D1C0F67458F1C76B54.d.01C5431C145A81F9764885D99E94980A.e.3096"}]}
COMMAND: POST /session/edf591f4886fe2f4d5accf7d7849bb74/execute/sync - {"script":"<script> [5351 bytes]","args":[{"element-6066-11e4-a52e-4f735466cecf":"f.F79DA72124CEC4D1C0F67458F1C76B54.d.01C5431C145A81F9764885D99E94980A.e.3096","ELEMENT":"f.F79DA72124CEC4D1C0F67458F1C76B54.d.01C5431C145A81F9764885D99E94980A.e.3096"}]}
COMMAND: GET /session/edf591f4886fe2f4d5accf7d7849bb74/screenshot - {}
RESULT: {}
RESULT: {"script":"<script> [5351 bytes]","args":[{"element-6066-11e4-a52e-4f735466cecf":"f.F79DA72124CEC4D1C0F67458F1C76B54.d.01C5431C145A81F9764885D99E94980A.e.3096","ELEMENT":"f.F79DA72124CEC4D1C0F67458F1C76B54.d.01C5431C145A81F9764885D99E94980A.e.3096"}]}
COMMAND: POST /session/edf591f4886fe2f4d5accf7d7849bb74/element/f.F79DA72124CEC4D1C0F67458F1C76B54.d.01C5431C145A81F9764885D99E94980A.e.3096/click - {}
COMMAND: GET /session/edf591f4886fe2f4d5accf7d7849bb74/screenshot - {}
RESULT: {}
RESULT: {}
COMMAND: GET /session/edf591f4886fe2f4d5accf7d7849bb74/screenshot - {}
RESULT: {}
COMMAND: POST /session/edf591f4886fe2f4d5accf7d7849bb74/element - {"using":"xpath","value":"//span[contains(@id ,\"AddNewHO--typeSelect-arrow\")]"}
RESULT: {}
RESULT: {"using":"xpath","value":"//span[contains(@id ,\"AddNewHO--typeSelect-arrow\")]"}
COMMAND: POST /session/edf591f4886fe2f4d5accf7d7849bb74/element/f.F79DA72124CEC4D1C0F67458F1C76B54.d.01C5431C145A81F9764885D99E94980A.e.3453/click - {}
RESULT: {}
COMMAND: GET /session/edf591f4886fe2f4d5accf7d7849bb74/screenshot - {}
RESULT: {}
COMMAND: POST /session/edf591f4886fe2f4d5accf7d7849bb74/element - {"using":"xpath","value":"(//li[contains(text(), \"stock increase yard\")])[1]"}
RESULT: {"using":"xpath","value":"(//li[contains(text(), \"stock increase yard\")])[1]"}
COMMAND: POST /session/edf591f4886fe2f4d5accf7d7849bb74/element/f.F79DA72124CEC4D1C0F67458F1C76B54.d.01C5431C145A81F9764885D99E94980A.e.3454/click - {}
RESULT: {}
COMMAND: GET /session/edf591f4886fe2f4d5accf7d7849bb74/screenshot - {}
RESULT: {}
COMMAND: POST /session/edf591f4886fe2f4d5accf7d7849bb74/execute/async - {"script":"<script> [1562 bytes]","args":[{"selector":{"id":"application-managehandovers-display-component---AddNewHO--dueDate","interaction":{"idSuffix":"inner"}},"wdio_ui5_key":"applicationmanagehandovers-display-component---AddNewHO--dueDate"}]}
RESULT: {"script":"<script> [1562 bytes]","args":[{"selector":{"id":"application-managehandovers-display-component---AddNewHO--dueDate","interaction":{"idSuffix":"inner"}},"wdio_ui5_key":"applicationmanagehandovers-display-component---AddNewHO--dueDate"}]}
RESULT: undefined
COMMAND: POST /session/edf591f4886fe2f4d5accf7d7849bb74/execute/async - {"script":"<script> [6424 bytes]","args":[{"element-6066-11e4-a52e-4f735466cecf":"f.F79DA72124CEC4D1C0F67458F1C76B54.d.01C5431C145A81F9764885D99E94980A.e.3456"},"setValue",["5/19/25"]]}
RESULT: {"script":"<script> [6424 bytes]","args":[{"element-6066-11e4-a52e-4f735466cecf":"f.F79DA72124CEC4D1C0F67458F1C76B54.d.01C5431C145A81F9764885D99E94980A.e.3456"},"setValue",["5/19/25"]]}
COMMAND: POST /session/edf591f4886fe2f4d5accf7d7849bb74/element - {"using":"xpath","value":"//input[@id=\"generalSectionFrg--receiveYard-inner\"]"}
RESULT: {"using":"xpath","value":"//input[@id=\"generalSectionFrg--receiveYard-inner\"]"}
COMMAND: POST /session/edf591f4886fe2f4d5accf7d7849bb74/element/f.F79DA72124CEC4D1C0F67458F1C76B54.d.01C5431C145A81F9764885D99E94980A.e.3460/clear - {}
RESULT: {}
COMMAND: POST /session/edf591f4886fe2f4d5accf7d7849bb74/element/f.F79DA72124CEC4D1C0F67458F1C76B54.d.01C5431C145A81F9764885D99E94980A.e.3460/value - {"text":"559"}
COMMAND: GET /session/edf591f4886fe2f4d5accf7d7849bb74/screenshot - {}
RESULT: {"text":"559"}
COMMAND: GET /session/edf591f4886fe2f4d5accf7d7849bb74/screenshot - {}
RESULT: {}
RESULT: {}
COMMAND: POST /session/edf591f4886fe2f4d5accf7d7849bb74/element - {"using":"xpath","value":"//li[.//span[text()='559']]"}
RESULT: {"using":"xpath","value":"//li[.//span[text()='559']]"}
COMMAND: POST /session/edf591f4886fe2f4d5accf7d7849bb74/element/f.F79DA72124CEC4D1C0F67458F1C76B54.d.01C5431C145A81F9764885D99E94980A.e.3478/click - {}
RESULT: {}
COMMAND: GET /session/edf591f4886fe2f4d5accf7d7849bb74/screenshot - {}
RESULT: {}
COMMAND: POST /session/edf591f4886fe2f4d5accf7d7849bb74/execute/async - {"script":"<script> [1562 bytes]","args":[{"selector":{"id":"application-managehandovers-display-component---AddNewHO--ObjectPageLayout-anchBar-application-managehandovers-display-component---AddNewHO--section4-anchor","interaction":{"idSuffix":"BDI-content"}},"wdio_ui5_key":"applicationmanagehandovers-display-component---AddNewHO--ObjectPageLayout-anchBar-application-managehandovers-display-component---AddNewHO--section4-anchor"}]}
RESULT: {"script":"<script> [1562 bytes]","args":[{"selector":{"id":"application-managehandovers-display-component---AddNewHO--ObjectPageLayout-anchBar-application-managehandovers-display-component---AddNewHO--section4-anchor","interaction":{"idSuffix":"BDI-content"}},"wdio_ui5_key":"applicationmanagehandovers-display-component---AddNewHO--ObjectPageLayout-anchBar-application-managehandovers-display-component---AddNewHO--section4-anchor"}]}
RESULT: undefined
COMMAND: POST /session/edf591f4886fe2f4d5accf7d7849bb74/element - {"using":"xpath","value":"//*[@id=\"application-managehandovers-display-component---AddNewHO--ObjectPageLayout-anchBar-application-managehandovers-display-component---AddNewHO--section4-anchor\"]"}
RESULT: {"using":"xpath","value":"//*[@id=\"application-managehandovers-display-component---AddNewHO--ObjectPageLayout-anchBar-application-managehandovers-display-component---AddNewHO--section4-anchor\"]"}
COMMAND: POST /session/edf591f4886fe2f4d5accf7d7849bb74/element/f.F79DA72124CEC4D1C0F67458F1C76B54.d.01C5431C145A81F9764885D99E94980A.e.3480/click - {}
RESULT: {}
COMMAND: POST /session/edf591f4886fe2f4d5accf7d7849bb74/element - {"using":"xpath","value":"//button[@aria-label=\"Add\"]"}
COMMAND: GET /session/edf591f4886fe2f4d5accf7d7849bb74/screenshot - {}
RESULT: {"using":"xpath","value":"//button[@aria-label=\"Add\"]"}
COMMAND: POST /session/edf591f4886fe2f4d5accf7d7849bb74/element/f.F79DA72124CEC4D1C0F67458F1C76B54.d.01C5431C145A81F9764885D99E94980A.e.3482/click - {}
RESULT: {}
RESULT: {}
COMMAND: GET /session/edf591f4886fe2f4d5accf7d7849bb74/screenshot - {}
RESULT: {}
COMMAND: POST /session/edf591f4886fe2f4d5accf7d7849bb74/execute/async - {"script":"<script> [1562 bytes]","args":[{"selector":{"id":"application-managehandovers-display-component---AddNewHO--smartFilterBar-btnBasicSearch","searchOpenDialogs":true,"interaction":{"idSuffix":"I"}},"wdio_ui5_key":"applicationmanagehandovers-display-component---AddNewHO--smartFilterBar-btnBasicSearch"}]}
RESULT: {"script":"<script> [1562 bytes]","args":[{"selector":{"id":"application-managehandovers-display-component---AddNewHO--smartFilterBar-btnBasicSearch","searchOpenDialogs":true,"interaction":{"idSuffix":"I"}},"wdio_ui5_key":"applicationmanagehandovers-display-component---AddNewHO--smartFilterBar-btnBasicSearch"}]}
RESULT: undefined
COMMAND: POST /session/edf591f4886fe2f4d5accf7d7849bb74/execute/async - {"script":"<script> [776 bytes]","args":[{"enterText":"200304","selector":{"id":"application-managehandovers-display-component---AddNewHO--smartFilterBar-btnBasicSearch","searchOpenDialogs":true,"interaction":{"idSuffix":"I"}},"clearTextFirst":true,"interactionType":"ENTER_TEXT"}]}
RESULT: {"script":"<script> [776 bytes]","args":[{"enterText":"200304","selector":{"id":"application-managehandovers-display-component---AddNewHO--smartFilterBar-btnBasicSearch","searchOpenDialogs":true,"interaction":{"idSuffix":"I"}},"clearTextFirst":true,"interactionType":"ENTER_TEXT"}]}
COMMAND: POST /session/edf591f4886fe2f4d5accf7d7849bb74/actions - {"actions":[{"id":"action12","type":"key","parameters":{},"actions":[{"type":"keyDown","value":"î€‡"},{"type":"pause","duration":10},{"type":"keyUp","value":"î€‡"}]}]}
RESULT: {"actions":[{"id":"action12","type":"key","parameters":{},"actions":[{"type":"keyDown","value":"î€‡"},{"type":"pause","duration":10},{"type":"keyUp","value":"î€‡"}]}]}
COMMAND: GET /session/edf591f4886fe2f4d5accf7d7849bb74/screenshot - {}
RESULT: {}
COMMAND: POST /session/edf591f4886fe2f4d5accf7d7849bb74/execute/async - {"script":"<script> [1562 bytes]","args":[{"selector":{"id":"application-managehandovers-display-component---AddNewHO--popup-sa","searchOpenDialogs":true,"interaction":{"idSuffix":"CbBg"}},"wdio_ui5_key":"applicationmanagehandovers-display-component---AddNewHO--popup-sa"}]}
RESULT: {"script":"<script> [1562 bytes]","args":[{"selector":{"id":"application-managehandovers-display-component---AddNewHO--popup-sa","searchOpenDialogs":true,"interaction":{"idSuffix":"CbBg"}},"wdio_ui5_key":"applicationmanagehandovers-display-component---AddNewHO--popup-sa"}]}
RESULT: undefined
COMMAND: POST /session/edf591f4886fe2f4d5accf7d7849bb74/element - {"using":"xpath","value":"//*[@id=\"application-managehandovers-display-component---AddNewHO--popup-sa\"]"}
RESULT: {"using":"xpath","value":"//*[@id=\"application-managehandovers-display-component---AddNewHO--popup-sa\"]"}
COMMAND: POST /session/edf591f4886fe2f4d5accf7d7849bb74/element/f.F79DA72124CEC4D1C0F67458F1C76B54.d.01C5431C145A81F9764885D99E94980A.e.3634/click - {}
RESULT: {}
COMMAND: GET /session/edf591f4886fe2f4d5accf7d7849bb74/screenshot - {}
RESULT: {}
COMMAND: POST /session/edf591f4886fe2f4d5accf7d7849bb74/element - {"using":"xpath","value":"//bdi[contains(text(), \"Select\")]"}
RESULT: {"using":"xpath","value":"//bdi[contains(text(), \"Select\")]"}
COMMAND: POST /session/edf591f4886fe2f4d5accf7d7849bb74/element/f.F79DA72124CEC4D1C0F67458F1C76B54.d.01C5431C145A81F9764885D99E94980A.e.3635/click - {}
RESULT: {}
COMMAND: GET /session/edf591f4886fe2f4d5accf7d7849bb74/screenshot - {}
RESULT: {}
COMMAND: POST /session/edf591f4886fe2f4d5accf7d7849bb74/element - {"using":"xpath","value":"//button[@data-kt=\"AddNewHOSaveButton\"]"}
RESULT: {"using":"xpath","value":"//button[@data-kt=\"AddNewHOSaveButton\"]"}
COMMAND: POST /session/edf591f4886fe2f4d5accf7d7849bb74/element/f.F79DA72124CEC4D1C0F67458F1C76B54.d.01C5431C145A81F9764885D99E94980A.e.3639/click - {}
RESULT: {}
COMMAND: GET /session/edf591f4886fe2f4d5accf7d7849bb74/screenshot - {}
RESULT: {}
COMMAND: POST /session/edf591f4886fe2f4d5accf7d7849bb74/execute/async - {"script":"<script> [1562 bytes]","args":[{"selector":{"id":"receiptDatePicker","viewName":"etm.portal.ui.managehandovers.view.DetailExecuteHO","interaction":{"idSuffix":"inner"}},"wdio_ui5_key":"receiptDatePickeretmportal.ui.managehandovers.view.DetailExecuteHO"}]}
RESULT: {"script":"<script> [1562 bytes]","args":[{"selector":{"id":"receiptDatePicker","viewName":"etm.portal.ui.managehandovers.view.DetailExecuteHO","interaction":{"idSuffix":"inner"}},"wdio_ui5_key":"receiptDatePickeretmportal.ui.managehandovers.view.DetailExecuteHO"}]}
RESULT: undefined
COMMAND: POST /session/edf591f4886fe2f4d5accf7d7849bb74/execute/async - {"script":"<script> [6424 bytes]","args":[{"element-6066-11e4-a52e-4f735466cecf":"f.F79DA72124CEC4D1C0F67458F1C76B54.d.01C5431C145A81F9764885D99E94980A.e.3675"},"setValue",["5/19/25"]]}
RESULT: {"script":"<script> [6424 bytes]","args":[{"element-6066-11e4-a52e-4f735466cecf":"f.F79DA72124CEC4D1C0F67458F1C76B54.d.01C5431C145A81F9764885D99E94980A.e.3675"},"setValue",["5/19/25"]]}
COMMAND: POST /session/edf591f4886fe2f4d5accf7d7849bb74/element - {"using":"xpath","value":"//button[@data-kt=\"PickingTableConfirmAllButton\"]"}
RESULT: {"using":"xpath","value":"//button[@data-kt=\"PickingTableConfirmAllButton\"]"}
COMMAND: POST /session/edf591f4886fe2f4d5accf7d7849bb74/element/f.F79DA72124CEC4D1C0F67458F1C76B54.d.01C5431C145A81F9764885D99E94980A.e.3689/click - {}
RESULT: {}
COMMAND: GET /session/edf591f4886fe2f4d5accf7d7849bb74/screenshot - {}
RESULT: {}
COMMAND: POST /session/edf591f4886fe2f4d5accf7d7849bb74/element - {"using":"xpath","value":"//bdi[contains(text(), \"OK\")]"}
RESULT: {"using":"xpath","value":"//bdi[contains(text(), \"OK\")]"}
COMMAND: POST /session/edf591f4886fe2f4d5accf7d7849bb74/element/f.F79DA72124CEC4D1C0F67458F1C76B54.d.01C5431C145A81F9764885D99E94980A.e.3691/click - {}
RESULT: {}
COMMAND: GET /session/edf591f4886fe2f4d5accf7d7849bb74/screenshot - {}
RESULT: {}
COMMAND: POST /session/edf591f4886fe2f4d5accf7d7849bb74/element - {"using":"xpath","value":"(//bdi[contains(text(), \"Receive\")])[2]"}
RESULT: {"using":"xpath","value":"(//bdi[contains(text(), \"Receive\")])[2]"}
COMMAND: POST /session/edf591f4886fe2f4d5accf7d7849bb74/element/f.F79DA72124CEC4D1C0F67458F1C76B54.d.01C5431C145A81F9764885D99E94980A.e.3693/click - {}
RESULT: {}
COMMAND: GET /session/edf591f4886fe2f4d5accf7d7849bb74/screenshot - {}
RESULT: {}
COMMAND: POST /session/edf591f4886fe2f4d5accf7d7849bb74/element - {"using":"css selector","value":"#shell-header-logo"}
RESULT: {"using":"css selector","value":"#shell-header-logo"}
COMMAND: POST /session/edf591f4886fe2f4d5accf7d7849bb74/element/f.F79DA72124CEC4D1C0F67458F1C76B54.d.01C5431C145A81F9764885D99E94980A.e.3061/click - {}
RESULT: {}
COMMAND: GET /session/edf591f4886fe2f4d5accf7d7849bb74/screenshot - {}
RESULT: {}
]]></system-out>
    </testcase>
    <testcase classname="chrome.136_0_7103_93.windows.Prerequisites_&amp;_test_for_yard_mass_return_on_Yard_Overview_US131057" name="Prereq Should create a new contract" time="61.167">
      <system-out><![CDATA[
COMMAND: POST /session/edf591f4886fe2f4d5accf7d7849bb74/execute/async - {"script":"<script> [1562 bytes]","args":[{"selector":{"controlType":"sap.m.GenericTile","properties":{"header":"Manage Contracts"}},"wdio_ui5_key":"sapm.GenericTile{\"header\":\"Manage Contracts\"}"}]}
RESULT: {"script":"<script> [1562 bytes]","args":[{"selector":{"controlType":"sap.m.GenericTile","properties":{"header":"Manage Contracts"}},"wdio_ui5_key":"sapm.GenericTile{\"header\":\"Manage Contracts\"}"}]}
RESULT: undefined
COMMAND: POST /session/edf591f4886fe2f4d5accf7d7849bb74/element - {"using":"xpath","value":"//*[@id=\"__tile130\"]"}
RESULT: {"using":"xpath","value":"//*[@id=\"__tile130\"]"}
COMMAND: POST /session/edf591f4886fe2f4d5accf7d7849bb74/element/f.F79DA72124CEC4D1C0F67458F1C76B54.d.01C5431C145A81F9764885D99E94980A.e.171/click - {}
RESULT: {}
COMMAND: GET /session/edf591f4886fe2f4d5accf7d7849bb74/screenshot - {}
RESULT: {}
COMMAND: POST /session/edf591f4886fe2f4d5accf7d7849bb74/elements - {"using":"xpath","value":"//span[text()='Error']"}
RESULT: {"using":"xpath","value":"//span[text()='Error']"}
COMMAND: POST /session/edf591f4886fe2f4d5accf7d7849bb74/element - {"using":"xpath","value":"//button[@data-kt=\"addButton\"]"}
RESULT: {"using":"xpath","value":"//button[@data-kt=\"addButton\"]"}
COMMAND: POST /session/edf591f4886fe2f4d5accf7d7849bb74/elements - {"using":"xpath","value":"//button[@data-kt=\"addButton\"]"}
RESULT: {"using":"xpath","value":"//button[@data-kt=\"addButton\"]"}
COMMAND: POST /session/edf591f4886fe2f4d5accf7d7849bb74/execute/sync - {"script":"<script> [8489 bytes]","args":[{"element-6066-11e4-a52e-4f735466cecf":"f.F79DA72124CEC4D1C0F67458F1C76B54.d.01C5431C145A81F9764885D99E94980A.e.3914","ELEMENT":"f.F79DA72124CEC4D1C0F67458F1C76B54.d.01C5431C145A81F9764885D99E94980A.e.3914"}]}
RESULT: {"script":"<script> [8489 bytes]","args":[{"element-6066-11e4-a52e-4f735466cecf":"f.F79DA72124CEC4D1C0F67458F1C76B54.d.01C5431C145A81F9764885D99E94980A.e.3914","ELEMENT":"f.F79DA72124CEC4D1C0F67458F1C76B54.d.01C5431C145A81F9764885D99E94980A.e.3914"}]}
COMMAND: GET /session/edf591f4886fe2f4d5accf7d7849bb74/element/f.F79DA72124CEC4D1C0F67458F1C76B54.d.01C5431C145A81F9764885D99E94980A.e.3914/enabled - {}
COMMAND: GET /session/edf591f4886fe2f4d5accf7d7849bb74/screenshot - {}
RESULT: {}
COMMAND: POST /session/edf591f4886fe2f4d5accf7d7849bb74/execute/sync - {"script":"<script> [8489 bytes]","args":[{"element-6066-11e4-a52e-4f735466cecf":"f.F79DA72124CEC4D1C0F67458F1C76B54.d.01C5431C145A81F9764885D99E94980A.e.3914","ELEMENT":"f.F79DA72124CEC4D1C0F67458F1C76B54.d.01C5431C145A81F9764885D99E94980A.e.3914"}]}
COMMAND: GET /session/edf591f4886fe2f4d5accf7d7849bb74/screenshot - {}
RESULT: {}
RESULT: {"script":"<script> [8489 bytes]","args":[{"element-6066-11e4-a52e-4f735466cecf":"f.F79DA72124CEC4D1C0F67458F1C76B54.d.01C5431C145A81F9764885D99E94980A.e.3914","ELEMENT":"f.F79DA72124CEC4D1C0F67458F1C76B54.d.01C5431C145A81F9764885D99E94980A.e.3914"}]}
COMMAND: POST /session/edf591f4886fe2f4d5accf7d7849bb74/execute/sync - {"script":"<script> [5351 bytes]","args":[{"element-6066-11e4-a52e-4f735466cecf":"f.F79DA72124CEC4D1C0F67458F1C76B54.d.01C5431C145A81F9764885D99E94980A.e.3914","ELEMENT":"f.F79DA72124CEC4D1C0F67458F1C76B54.d.01C5431C145A81F9764885D99E94980A.e.3914"}]}
COMMAND: GET /session/edf591f4886fe2f4d5accf7d7849bb74/screenshot - {}
RESULT: {}
RESULT: {"script":"<script> [5351 bytes]","args":[{"element-6066-11e4-a52e-4f735466cecf":"f.F79DA72124CEC4D1C0F67458F1C76B54.d.01C5431C145A81F9764885D99E94980A.e.3914","ELEMENT":"f.F79DA72124CEC4D1C0F67458F1C76B54.d.01C5431C145A81F9764885D99E94980A.e.3914"}]}
COMMAND: GET /session/edf591f4886fe2f4d5accf7d7849bb74/screenshot - {}
RESULT: {}
RESULT: {}
COMMAND: POST /session/edf591f4886fe2f4d5accf7d7849bb74/element/f.F79DA72124CEC4D1C0F67458F1C76B54.d.01C5431C145A81F9764885D99E94980A.e.3914/click - {}
RESULT: {}
COMMAND: GET /session/edf591f4886fe2f4d5accf7d7849bb74/screenshot - {}
RESULT: {}
COMMAND: POST /session/edf591f4886fe2f4d5accf7d7849bb74/execute/async - {"script":"<script> [1562 bytes]","args":[{"selector":{"id":"application-managecontracts-display-component---AddNewContract--projectDescription","interaction":{"idSuffix":"inner"}},"wdio_ui5_key":"applicationmanagecontracts-display-component---AddNewContract--projectDescription"}]}
RESULT: {"script":"<script> [1562 bytes]","args":[{"selector":{"id":"application-managecontracts-display-component---AddNewContract--projectDescription","interaction":{"idSuffix":"inner"}},"wdio_ui5_key":"applicationmanagecontracts-display-component---AddNewContract--projectDescription"}]}
RESULT: undefined
COMMAND: POST /session/edf591f4886fe2f4d5accf7d7849bb74/execute/async - {"script":"<script> [776 bytes]","args":[{"enterText":"Contract WDIO","selector":{"id":"application-managecontracts-display-component---AddNewContract--projectDescription","interaction":{"idSuffix":"inner"}},"clearTextFirst":true,"interactionType":"ENTER_TEXT"}]}
RESULT: {"script":"<script> [776 bytes]","args":[{"enterText":"Contract WDIO","selector":{"id":"application-managecontracts-display-component---AddNewContract--projectDescription","interaction":{"idSuffix":"inner"}},"clearTextFirst":true,"interactionType":"ENTER_TEXT"}]}
COMMAND: POST /session/edf591f4886fe2f4d5accf7d7849bb74/element - {"using":"xpath","value":"//input[@id=\"application-managecontracts-display-component---AddNewContract--site-inner\"]"}
RESULT: {"using":"xpath","value":"//input[@id=\"application-managecontracts-display-component---AddNewContract--site-inner\"]"}
COMMAND: POST /session/edf591f4886fe2f4d5accf7d7849bb74/element/f.F79DA72124CEC4D1C0F67458F1C76B54.d.01C5431C145A81F9764885D99E94980A.e.4269/clear - {}
RESULT: {}
COMMAND: POST /session/edf591f4886fe2f4d5accf7d7849bb74/element/f.F79DA72124CEC4D1C0F67458F1C76B54.d.01C5431C145A81F9764885D99E94980A.e.4269/value - {"text":"2279"}
COMMAND: GET /session/edf591f4886fe2f4d5accf7d7849bb74/screenshot - {}
RESULT: {"text":"2279"}
COMMAND: GET /session/edf591f4886fe2f4d5accf7d7849bb74/screenshot - {}
RESULT: {}
RESULT: {}
COMMAND: POST /session/edf591f4886fe2f4d5accf7d7849bb74/element - {"using":"xpath","value":"//li[.//span[text()='2279']]"}
RESULT: {"using":"xpath","value":"//li[.//span[text()='2279']]"}
COMMAND: POST /session/edf591f4886fe2f4d5accf7d7849bb74/element/f.F79DA72124CEC4D1C0F67458F1C76B54.d.01C5431C145A81F9764885D99E94980A.e.4302/click - {}
RESULT: {}
COMMAND: GET /session/edf591f4886fe2f4d5accf7d7849bb74/screenshot - {}
RESULT: {}
COMMAND: POST /session/edf591f4886fe2f4d5accf7d7849bb74/element - {"using":"xpath","value":"//input[@id=\"application-managecontracts-display-component---AddNewContract--yardId-inner\"]"}
RESULT: {"using":"xpath","value":"//input[@id=\"application-managecontracts-display-component---AddNewContract--yardId-inner\"]"}
COMMAND: GET /session/edf591f4886fe2f4d5accf7d7849bb74/element/f.F79DA72124CEC4D1C0F67458F1C76B54.d.01C5431C145A81F9764885D99E94980A.e.4270/property/value - {}
RESULT: {}
COMMAND: POST /session/edf591f4886fe2f4d5accf7d7849bb74/element - {"using":"xpath","value":"//input[@id=\"application-managecontracts-display-component---AddNewContract--customerSelect-inner\"]"}
COMMAND: GET /session/edf591f4886fe2f4d5accf7d7849bb74/screenshot - {}
RESULT: {"using":"xpath","value":"//input[@id=\"application-managecontracts-display-component---AddNewContract--customerSelect-inner\"]"}
COMMAND: POST /session/edf591f4886fe2f4d5accf7d7849bb74/element/f.F79DA72124CEC4D1C0F67458F1C76B54.d.01C5431C145A81F9764885D99E94980A.e.4268/clear - {}
RESULT: {}
RESULT: {}
COMMAND: POST /session/edf591f4886fe2f4d5accf7d7849bb74/element/f.F79DA72124CEC4D1C0F67458F1C76B54.d.01C5431C145A81F9764885D99E94980A.e.4268/value - {"text":"1331"}
COMMAND: GET /session/edf591f4886fe2f4d5accf7d7849bb74/screenshot - {}
RESULT: {"text":"1331"}
COMMAND: GET /session/edf591f4886fe2f4d5accf7d7849bb74/screenshot - {}
RESULT: {}
RESULT: {}
COMMAND: POST /session/edf591f4886fe2f4d5accf7d7849bb74/element - {"using":"xpath","value":"//li[.//span[text()='1331']]"}
RESULT: {"using":"xpath","value":"//li[.//span[text()='1331']]"}
COMMAND: POST /session/edf591f4886fe2f4d5accf7d7849bb74/element/f.F79DA72124CEC4D1C0F67458F1C76B54.d.01C5431C145A81F9764885D99E94980A.e.4305/click - {}
RESULT: {}
COMMAND: GET /session/edf591f4886fe2f4d5accf7d7849bb74/screenshot - {}
RESULT: {}
COMMAND: POST /session/edf591f4886fe2f4d5accf7d7849bb74/element - {"using":"xpath","value":"//button[@data-kt=\"saveButton\"]"}
RESULT: {"using":"xpath","value":"//button[@data-kt=\"saveButton\"]"}
COMMAND: POST /session/edf591f4886fe2f4d5accf7d7849bb74/element/f.F79DA72124CEC4D1C0F67458F1C76B54.d.01C5431C145A81F9764885D99E94980A.e.4306/click - {}
RESULT: {}
COMMAND: GET /session/edf591f4886fe2f4d5accf7d7849bb74/screenshot - {}
RESULT: {}
COMMAND: POST /session/edf591f4886fe2f4d5accf7d7849bb74/element - {"using":"xpath","value":"//span[contains(@id ,\"contractDetailTitleNoExpanded\")]"}
RESULT: {"using":"xpath","value":"//span[contains(@id ,\"contractDetailTitleNoExpanded\")]"}
COMMAND: POST /session/edf591f4886fe2f4d5accf7d7849bb74/elements - {"using":"xpath","value":"//span[contains(@id ,\"contractDetailTitleNoExpanded\")]"}
RESULT: {"using":"xpath","value":"//span[contains(@id ,\"contractDetailTitleNoExpanded\")]"}
COMMAND: POST /session/edf591f4886fe2f4d5accf7d7849bb74/execute/sync - {"script":"<script> [56 bytes]","args":[{"element-6066-11e4-a52e-4f735466cecf":"f.F79DA72124CEC4D1C0F67458F1C76B54.d.01C5431C145A81F9764885D99E94980A.e.4335","ELEMENT":"f.F79DA72124CEC4D1C0F67458F1C76B54.d.01C5431C145A81F9764885D99E94980A.e.4335"}]}
RESULT: {"script":"<script> [56 bytes]","args":[{"element-6066-11e4-a52e-4f735466cecf":"f.F79DA72124CEC4D1C0F67458F1C76B54.d.01C5431C145A81F9764885D99E94980A.e.4335","ELEMENT":"f.F79DA72124CEC4D1C0F67458F1C76B54.d.01C5431C145A81F9764885D99E94980A.e.4335"}]}
COMMAND: GET /session/edf591f4886fe2f4d5accf7d7849bb74/screenshot - {}
RESULT: {}
]]></system-out>
    </testcase>
    <testcase classname="chrome.136_0_7103_93.windows.Prerequisites_&amp;_test_for_yard_mass_return_on_Yard_Overview_US131057" name="Prereq Should add created material to contract" time="59.12">
      <system-out><![CDATA[
COMMAND: POST /session/edf591f4886fe2f4d5accf7d7849bb74/element - {"using":"xpath","value":"//button[@data-kt=\"contractDetailEditBtnButton\"]"}
RESULT: {"using":"xpath","value":"//button[@data-kt=\"contractDetailEditBtnButton\"]"}
COMMAND: POST /session/edf591f4886fe2f4d5accf7d7849bb74/element/f.F79DA72124CEC4D1C0F67458F1C76B54.d.01C5431C145A81F9764885D99E94980A.e.4338/click - {}
RESULT: {}
COMMAND: GET /session/edf591f4886fe2f4d5accf7d7849bb74/screenshot - {}
RESULT: {}
COMMAND: POST /session/edf591f4886fe2f4d5accf7d7849bb74/element - {"using":"xpath","value":"(//span[contains(text(), \"Additional Addresses\")])[2]"}
RESULT: {"using":"xpath","value":"(//span[contains(text(), \"Additional Addresses\")])[2]"}
COMMAND: POST /session/edf591f4886fe2f4d5accf7d7849bb74/element/f.F79DA72124CEC4D1C0F67458F1C76B54.d.01C5431C145A81F9764885D99E94980A.e.4393/click - {}
RESULT: {}
COMMAND: GET /session/edf591f4886fe2f4d5accf7d7849bb74/screenshot - {}
RESULT: {}
COMMAND: POST /session/edf591f4886fe2f4d5accf7d7849bb74/element - {"using":"xpath","value":"//button[@data-kt=\"btnAddTableRowOverflowToolbarButton\"]"}
RESULT: {"using":"xpath","value":"//button[@data-kt=\"btnAddTableRowOverflowToolbarButton\"]"}
COMMAND: POST /session/edf591f4886fe2f4d5accf7d7849bb74/element/f.F79DA72124CEC4D1C0F67458F1C76B54.d.01C5431C145A81F9764885D99E94980A.e.4396/click - {}
RESULT: {}
COMMAND: GET /session/edf591f4886fe2f4d5accf7d7849bb74/screenshot - {}
RESULT: {}
COMMAND: POST /session/edf591f4886fe2f4d5accf7d7849bb74/element - {"using":"xpath","value":"//div[(text() = 'Standard Entry' or . = 'Standard Entry')]"}
RESULT: {"using":"xpath","value":"//div[(text() = 'Standard Entry' or . = 'Standard Entry')]"}
COMMAND: POST /session/edf591f4886fe2f4d5accf7d7849bb74/element/f.F79DA72124CEC4D1C0F67458F1C76B54.d.01C5431C145A81F9764885D99E94980A.e.4398/click - {}
RESULT: {}
COMMAND: GET /session/edf591f4886fe2f4d5accf7d7849bb74/screenshot - {}
RESULT: {}
COMMAND: POST /session/edf591f4886fe2f4d5accf7d7849bb74/element - {"using":"xpath","value":"//td[6]/div/div/div/span"}
RESULT: {"using":"xpath","value":"//td[6]/div/div/div/span"}
COMMAND: POST /session/edf591f4886fe2f4d5accf7d7849bb74/element/f.F79DA72124CEC4D1C0F67458F1C76B54.d.01C5431C145A81F9764885D99E94980A.e.4410/click - {}
RESULT: {}
COMMAND: GET /session/edf591f4886fe2f4d5accf7d7849bb74/screenshot - {}
RESULT: {}
COMMAND: POST /session/edf591f4886fe2f4d5accf7d7849bb74/element - {"using":"xpath","value":"(//span[contains(text(), \"Material\")])"}
RESULT: {"using":"xpath","value":"(//span[contains(text(), \"Material\")])"}
COMMAND: POST /session/edf591f4886fe2f4d5accf7d7849bb74/element/f.F79DA72124CEC4D1C0F67458F1C76B54.d.01C5431C145A81F9764885D99E94980A.e.4411/click - {}
RESULT: {}
COMMAND: GET /session/edf591f4886fe2f4d5accf7d7849bb74/screenshot - {}
RESULT: {}
COMMAND: POST /session/edf591f4886fe2f4d5accf7d7849bb74/element - {"using":"xpath","value":"//td[7]/div/div/input"}
RESULT: {"using":"xpath","value":"//td[7]/div/div/input"}
COMMAND: POST /session/edf591f4886fe2f4d5accf7d7849bb74/element/f.F79DA72124CEC4D1C0F67458F1C76B54.d.01C5431C145A81F9764885D99E94980A.e.4415/clear - {}
RESULT: {}
COMMAND: POST /session/edf591f4886fe2f4d5accf7d7849bb74/element/f.F79DA72124CEC4D1C0F67458F1C76B54.d.01C5431C145A81F9764885D99E94980A.e.4415/value - {"text":"200304"}
COMMAND: GET /session/edf591f4886fe2f4d5accf7d7849bb74/screenshot - {}
RESULT: {"text":"200304"}
COMMAND: GET /session/edf591f4886fe2f4d5accf7d7849bb74/screenshot - {}
RESULT: {}
RESULT: {}
COMMAND: POST /session/edf591f4886fe2f4d5accf7d7849bb74/actions - {"actions":[{"id":"action13","type":"key","parameters":{},"actions":[{"type":"keyDown","value":"î€‡"},{"type":"pause","duration":10},{"type":"keyUp","value":"î€‡"}]}]}
RESULT: {"actions":[{"id":"action13","type":"key","parameters":{},"actions":[{"type":"keyDown","value":"î€‡"},{"type":"pause","duration":10},{"type":"keyUp","value":"î€‡"}]}]}
COMMAND: GET /session/edf591f4886fe2f4d5accf7d7849bb74/screenshot - {}
RESULT: {}
COMMAND: POST /session/edf591f4886fe2f4d5accf7d7849bb74/execute/sync - {"script":"<script> [276 bytes]","args":["No pricing information was found"]}
RESULT: {"script":"<script> [276 bytes]","args":["No pricing information was found"]}
COMMAND: POST /session/edf591f4886fe2f4d5accf7d7849bb74/element - {"using":"xpath","value":"//bdi[contains(text(), \"OK\")]"}
COMMAND: GET /session/edf591f4886fe2f4d5accf7d7849bb74/screenshot - {}
RESULT: {"using":"xpath","value":"//bdi[contains(text(), \"OK\")]"}
COMMAND: POST /session/edf591f4886fe2f4d5accf7d7849bb74/element/f.F79DA72124CEC4D1C0F67458F1C76B54.d.01C5431C145A81F9764885D99E94980A.e.4441/click - {}
RESULT: {}
RESULT: {}
COMMAND: GET /session/edf591f4886fe2f4d5accf7d7849bb74/screenshot - {}
RESULT: {}
COMMAND: POST /session/edf591f4886fe2f4d5accf7d7849bb74/element - {"using":"xpath","value":"(//button[@data-kt=\"saveButton\"])[2]"}
RESULT: {"using":"xpath","value":"(//button[@data-kt=\"saveButton\"])[2]"}
COMMAND: POST /session/edf591f4886fe2f4d5accf7d7849bb74/element/f.F79DA72124CEC4D1C0F67458F1C76B54.d.01C5431C145A81F9764885D99E94980A.e.4442/click - {}
RESULT: {}
COMMAND: GET /session/edf591f4886fe2f4d5accf7d7849bb74/screenshot - {}
RESULT: {}
COMMAND: POST /session/edf591f4886fe2f4d5accf7d7849bb74/execute/sync - {"script":"<script> [276 bytes]","args":["Some contract items are having rental validity exceeding header rental validity"]}
RESULT: {"script":"<script> [276 bytes]","args":["Some contract items are having rental validity exceeding header rental validity"]}
COMMAND: GET /session/edf591f4886fe2f4d5accf7d7849bb74/screenshot - {}
RESULT: {}
COMMAND: POST /session/edf591f4886fe2f4d5accf7d7849bb74/element - {"using":"xpath","value":"//span[contains(@id ,\"contractItemsSmartTable-header-inner\")]"}
RESULT: {"using":"xpath","value":"//span[contains(@id ,\"contractItemsSmartTable-header-inner\")]"}
COMMAND: POST /session/edf591f4886fe2f4d5accf7d7849bb74/elements - {"using":"xpath","value":"//span[contains(@id ,\"contractItemsSmartTable-header-inner\")]"}
RESULT: {"using":"xpath","value":"//span[contains(@id ,\"contractItemsSmartTable-header-inner\")]"}
COMMAND: POST /session/edf591f4886fe2f4d5accf7d7849bb74/execute/sync - {"script":"<script> [56 bytes]","args":[{"element-6066-11e4-a52e-4f735466cecf":"f.F79DA72124CEC4D1C0F67458F1C76B54.d.01C5431C145A81F9764885D99E94980A.e.4447","ELEMENT":"f.F79DA72124CEC4D1C0F67458F1C76B54.d.01C5431C145A81F9764885D99E94980A.e.4447"}]}
RESULT: {"script":"<script> [56 bytes]","args":[{"element-6066-11e4-a52e-4f735466cecf":"f.F79DA72124CEC4D1C0F67458F1C76B54.d.01C5431C145A81F9764885D99E94980A.e.4447","ELEMENT":"f.F79DA72124CEC4D1C0F67458F1C76B54.d.01C5431C145A81F9764885D99E94980A.e.4447"}]}
COMMAND: GET /session/edf591f4886fe2f4d5accf7d7849bb74/screenshot - {}
]]></system-out>
    </testcase>
    <testcase classname="chrome.136_0_7103_93.windows.Prerequisites_&amp;_test_for_yard_mass_return_on_Yard_Overview_US131057" name="Prerq Should do a provide to site handover" time="66.982">
      <system-out><![CDATA[
COMMAND: POST /session/edf591f4886fe2f4d5accf7d7849bb74/element - {"using":"xpath","value":"//button[@data-kt=\"provideButton\"]"}
RESULT: {}
RESULT: {"using":"xpath","value":"//button[@data-kt=\"provideButton\"]"}
COMMAND: POST /session/edf591f4886fe2f4d5accf7d7849bb74/element/f.F79DA72124CEC4D1C0F67458F1C76B54.d.01C5431C145A81F9764885D99E94980A.e.4448/click - {}
RESULT: {}
COMMAND: GET /session/edf591f4886fe2f4d5accf7d7849bb74/screenshot - {}
RESULT: {}
RESULT: undefined
COMMAND: POST /session/edf591f4886fe2f4d5accf7d7849bb74/execute/async - {"script":"<script> [6424 bytes]","args":[{"element-6066-11e4-a52e-4f735466cecf":"f.F79DA72124CEC4D1C0F67458F1C76B54.d.01C5431C145A81F9764885D99E94980A.e.3456"},"setValue",["5/19/25"]]}
COMMAND: POST /session/edf591f4886fe2f4d5accf7d7849bb74/execute/async - {"script":"<script> [1562 bytes]","args":[{"selector":{"id":"application-managehandovers-display-component---AddNewHO--dueDate","interaction":{"idSuffix":"inner"}},"wdio_ui5_key":"applicationmanagehandovers-display-component---AddNewHO--dueDate"}]}
RESULT: {"script":"<script> [1562 bytes]","args":[{"selector":{"id":"application-managehandovers-display-component---AddNewHO--dueDate","interaction":{"idSuffix":"inner"}},"wdio_ui5_key":"applicationmanagehandovers-display-component---AddNewHO--dueDate"}]}
COMMAND: POST /session/edf591f4886fe2f4d5accf7d7849bb74/execute/async - {"script":"<script> [6424 bytes]","args":[{"element-6066-11e4-a52e-4f735466cecf":"f.F79DA72124CEC4D1C0F67458F1C76B54.d.01C5431C145A81F9764885D99E94980A.e.4524"},"setValue",["5/19/25"]]}
RESULT: {"script":"<script> [6424 bytes]","args":[{"element-6066-11e4-a52e-4f735466cecf":"f.F79DA72124CEC4D1C0F67458F1C76B54.d.01C5431C145A81F9764885D99E94980A.e.4524"},"setValue",["5/19/25"]]}
COMMAND: POST /session/edf591f4886fe2f4d5accf7d7849bb74/element - {"using":"xpath","value":"//bdi[contains(text(), \"Instructions\")]"}
RESULT: {"using":"xpath","value":"//bdi[contains(text(), \"Instructions\")]"}
COMMAND: POST /session/edf591f4886fe2f4d5accf7d7849bb74/element/f.F79DA72124CEC4D1C0F67458F1C76B54.d.01C5431C145A81F9764885D99E94980A.e.4756/click - {}
RESULT: {}
COMMAND: GET /session/edf591f4886fe2f4d5accf7d7849bb74/screenshot - {}
RESULT: {}
COMMAND: POST /session/edf591f4886fe2f4d5accf7d7849bb74/element - {"using":"xpath","value":"//button[@data-kt=\"AddNewHOProvideAddItemsButton\"]"}
RESULT: {"using":"xpath","value":"//button[@data-kt=\"AddNewHOProvideAddItemsButton\"]"}
COMMAND: POST /session/edf591f4886fe2f4d5accf7d7849bb74/element/f.F79DA72124CEC4D1C0F67458F1C76B54.d.01C5431C145A81F9764885D99E94980A.e.4760/click - {}
RESULT: {}
COMMAND: GET /session/edf591f4886fe2f4d5accf7d7849bb74/screenshot - {}
RESULT: {}
RESULT: undefined
COMMAND: POST /session/edf591f4886fe2f4d5accf7d7849bb74/element - {"using":"xpath","value":"//*[@id=\"application-managehandovers-display-component---AddNewHO--popup-sa\"]"}
RESULT: {"using":"xpath","value":"//*[@id=\"application-managehandovers-display-component---AddNewHO--popup-sa\"]"}
COMMAND: POST /session/edf591f4886fe2f4d5accf7d7849bb74/element/f.F79DA72124CEC4D1C0F67458F1C76B54.d.01C5431C145A81F9764885D99E94980A.e.4767/click - {}
RESULT: {}
COMMAND: GET /session/edf591f4886fe2f4d5accf7d7849bb74/screenshot - {}
RESULT: {}
COMMAND: POST /session/edf591f4886fe2f4d5accf7d7849bb74/element - {"using":"xpath","value":"//*[contains(@id ,\"BDI-content\")][contains(text(), \"Select\")]"}
RESULT: {"using":"xpath","value":"//*[contains(@id ,\"BDI-content\")][contains(text(), \"Select\")]"}
COMMAND: POST /session/edf591f4886fe2f4d5accf7d7849bb74/element/f.F79DA72124CEC4D1C0F67458F1C76B54.d.01C5431C145A81F9764885D99E94980A.e.4768/click - {}
RESULT: {}
COMMAND: GET /session/edf591f4886fe2f4d5accf7d7849bb74/screenshot - {}
RESULT: {}
COMMAND: POST /session/edf591f4886fe2f4d5accf7d7849bb74/execute/async - {"script":"<script> [1562 bytes]","args":[{"selector":{"id":"application-managehandovers-display-component---AddNewHO--confirmCreationButton","interaction":{"idSuffix":"BDI-content"}},"wdio_ui5_key":"applicationmanagehandovers-display-component---AddNewHO--confirmCreationButton"}]}
RESULT: {"script":"<script> [1562 bytes]","args":[{"selector":{"id":"application-managehandovers-display-component---AddNewHO--confirmCreationButton","interaction":{"idSuffix":"BDI-content"}},"wdio_ui5_key":"applicationmanagehandovers-display-component---AddNewHO--confirmCreationButton"}]}
RESULT: undefined
COMMAND: POST /session/edf591f4886fe2f4d5accf7d7849bb74/element - {"using":"xpath","value":"//*[@id=\"application-managehandovers-display-component---AddNewHO--confirmCreationButton\"]"}
RESULT: {"using":"xpath","value":"//*[@id=\"application-managehandovers-display-component---AddNewHO--confirmCreationButton\"]"}
COMMAND: POST /session/edf591f4886fe2f4d5accf7d7849bb74/element/f.F79DA72124CEC4D1C0F67458F1C76B54.d.01C5431C145A81F9764885D99E94980A.e.4569/click - {}
RESULT: {}
COMMAND: GET /session/edf591f4886fe2f4d5accf7d7849bb74/screenshot - {}
RESULT: {}
COMMAND: POST /session/edf591f4886fe2f4d5accf7d7849bb74/execute/async - {"script":"<script> [1562 bytes]","args":[{"selector":{"id":"issueDatePicker","viewName":"etm.portal.ui.managehandovers.view.DetailExecuteHO","interaction":{"idSuffix":"inner"}},"wdio_ui5_key":"issueDatePickeretmportal.ui.managehandovers.view.DetailExecuteHO"}]}
RESULT: {"script":"<script> [1562 bytes]","args":[{"selector":{"id":"issueDatePicker","viewName":"etm.portal.ui.managehandovers.view.DetailExecuteHO","interaction":{"idSuffix":"inner"}},"wdio_ui5_key":"issueDatePickeretmportal.ui.managehandovers.view.DetailExecuteHO"}]}
RESULT: undefined
COMMAND: POST /session/edf591f4886fe2f4d5accf7d7849bb74/execute/async - {"script":"<script> [776 bytes]","args":[{"enterText":"5/19/25","selector":{"id":"issueDatePicker","viewName":"etm.portal.ui.managehandovers.view.DetailExecuteHO","interaction":{"idSuffix":"inner"}},"clearTextFirst":true,"interactionType":"ENTER_TEXT"}]}
RESULT: {"script":"<script> [776 bytes]","args":[{"enterText":"5/19/25","selector":{"id":"issueDatePicker","viewName":"etm.portal.ui.managehandovers.view.DetailExecuteHO","interaction":{"idSuffix":"inner"}},"clearTextFirst":true,"interactionType":"ENTER_TEXT"}]}
COMMAND: POST /session/edf591f4886fe2f4d5accf7d7849bb74/element - {"using":"xpath","value":"//bdi[contains(text(), \"OK\")]"}
RESULT: {"using":"xpath","value":"//bdi[contains(text(), \"OK\")]"}
COMMAND: POST /session/edf591f4886fe2f4d5accf7d7849bb74/element/f.F79DA72124CEC4D1C0F67458F1C76B54.d.01C5431C145A81F9764885D99E94980A.e.4811/click - {}
RESULT: {}
COMMAND: GET /session/edf591f4886fe2f4d5accf7d7849bb74/screenshot - {}
RESULT: {}
COMMAND: POST /session/edf591f4886fe2f4d5accf7d7849bb74/element - {"using":"xpath","value":"//button[@data-kt=\"PickingTableConfirmAllButton\"]"}
RESULT: {"using":"xpath","value":"//button[@data-kt=\"PickingTableConfirmAllButton\"]"}
COMMAND: POST /session/edf591f4886fe2f4d5accf7d7849bb74/element/f.F79DA72124CEC4D1C0F67458F1C76B54.d.01C5431C145A81F9764885D99E94980A.e.4818/click - {}
RESULT: {}
COMMAND: GET /session/edf591f4886fe2f4d5accf7d7849bb74/screenshot - {}
RESULT: {}
COMMAND: POST /session/edf591f4886fe2f4d5accf7d7849bb74/element - {"using":"xpath","value":"//bdi[contains(text(), \"OK\")]"}
RESULT: {"using":"xpath","value":"//bdi[contains(text(), \"OK\")]"}
COMMAND: POST /session/edf591f4886fe2f4d5accf7d7849bb74/element/f.F79DA72124CEC4D1C0F67458F1C76B54.d.01C5431C145A81F9764885D99E94980A.e.4821/click - {}
RESULT: {}
COMMAND: GET /session/edf591f4886fe2f4d5accf7d7849bb74/screenshot - {}
RESULT: {}
COMMAND: POST /session/edf591f4886fe2f4d5accf7d7849bb74/element - {"using":"xpath","value":"//bdi[contains(text(), \"Issue\")]"}
RESULT: {"using":"xpath","value":"//bdi[contains(text(), \"Issue\")]"}
COMMAND: POST /session/edf591f4886fe2f4d5accf7d7849bb74/element/f.F79DA72124CEC4D1C0F67458F1C76B54.d.01C5431C145A81F9764885D99E94980A.e.4823/click - {}
RESULT: {}
COMMAND: GET /session/edf591f4886fe2f4d5accf7d7849bb74/screenshot - {}
RESULT: {}
COMMAND: POST /session/edf591f4886fe2f4d5accf7d7849bb74/element - {"using":"css selector","value":"#shell-header-logo"}
RESULT: {"using":"css selector","value":"#shell-header-logo"}
COMMAND: POST /session/edf591f4886fe2f4d5accf7d7849bb74/element/f.F79DA72124CEC4D1C0F67458F1C76B54.d.01C5431C145A81F9764885D99E94980A.e.3865/click - {}
RESULT: {}
COMMAND: GET /session/edf591f4886fe2f4d5accf7d7849bb74/screenshot - {}
RESULT: {}
]]></system-out>
    </testcase>
    <testcase classname="chrome.136_0_7103_93.windows.Prerequisites_&amp;_test_for_yard_mass_return_on_Yard_Overview_US131057" name="Should do mass return on Yard Overview US131057" time="57.434">
      <system-out><![CDATA[
COMMAND: POST /session/edf591f4886fe2f4d5accf7d7849bb74/execute/async - {"script":"<script> [1562 bytes]","args":[{"selector":{"controlType":"sap.m.GenericTile","properties":{"header":"Yard Overview"}},"wdio_ui5_key":"sapm.GenericTile{\"header\":\"Yard Overview\"}"}]}
RESULT: {"script":"<script> [1562 bytes]","args":[{"selector":{"controlType":"sap.m.GenericTile","properties":{"header":"Yard Overview"}},"wdio_ui5_key":"sapm.GenericTile{\"header\":\"Yard Overview\"}"}]}
RESULT: undefined
COMMAND: POST /session/edf591f4886fe2f4d5accf7d7849bb74/element - {"using":"xpath","value":"//*[@id=\"__tile102\"]"}
RESULT: {"using":"xpath","value":"//*[@id=\"__tile102\"]"}
COMMAND: POST /session/edf591f4886fe2f4d5accf7d7849bb74/element/f.F79DA72124CEC4D1C0F67458F1C76B54.d.01C5431C145A81F9764885D99E94980A.e.4999/click - {}
RESULT: {}
COMMAND: GET /session/edf591f4886fe2f4d5accf7d7849bb74/screenshot - {}
RESULT: {}
COMMAND: POST /session/edf591f4886fe2f4d5accf7d7849bb74/elements - {"using":"xpath","value":"//span[text()='Error']"}
RESULT: {"using":"xpath","value":"//span[text()='Error']"}
COMMAND: POST /session/edf591f4886fe2f4d5accf7d7849bb74/element - {"using":"xpath","value":"//input[contains(@id,\"application-yardoverview-display-component---masterYardInventory--smartFilterBar-btnBasicSearch-I\")]"}
RESULT: {"using":"xpath","value":"//input[contains(@id,\"application-yardoverview-display-component---masterYardInventory--smartFilterBar-btnBasicSearch-I\")]"}
COMMAND: POST /session/edf591f4886fe2f4d5accf7d7849bb74/elements - {"using":"xpath","value":"//input[contains(@id,\"application-yardoverview-display-component---masterYardInventory--smartFilterBar-btnBasicSearch-I\")]"}
RESULT: {"using":"xpath","value":"//input[contains(@id,\"application-yardoverview-display-component---masterYardInventory--smartFilterBar-btnBasicSearch-I\")]"}
COMMAND: POST /session/edf591f4886fe2f4d5accf7d7849bb74/execute/sync - {"script":"<script> [8489 bytes]","args":[{"element-6066-11e4-a52e-4f735466cecf":"f.F79DA72124CEC4D1C0F67458F1C76B54.d.01C5431C145A81F9764885D99E94980A.e.5006","ELEMENT":"f.F79DA72124CEC4D1C0F67458F1C76B54.d.01C5431C145A81F9764885D99E94980A.e.5006"}]}
RESULT: {"script":"<script> [8489 bytes]","args":[{"element-6066-11e4-a52e-4f735466cecf":"f.F79DA72124CEC4D1C0F67458F1C76B54.d.01C5431C145A81F9764885D99E94980A.e.5006","ELEMENT":"f.F79DA72124CEC4D1C0F67458F1C76B54.d.01C5431C145A81F9764885D99E94980A.e.5006"}]}
COMMAND: GET /session/edf591f4886fe2f4d5accf7d7849bb74/element/f.F79DA72124CEC4D1C0F67458F1C76B54.d.01C5431C145A81F9764885D99E94980A.e.5006/enabled - {}
COMMAND: GET /session/edf591f4886fe2f4d5accf7d7849bb74/screenshot - {}
RESULT: {}
COMMAND: POST /session/edf591f4886fe2f4d5accf7d7849bb74/execute/sync - {"script":"<script> [8489 bytes]","args":[{"element-6066-11e4-a52e-4f735466cecf":"f.F79DA72124CEC4D1C0F67458F1C76B54.d.01C5431C145A81F9764885D99E94980A.e.5006","ELEMENT":"f.F79DA72124CEC4D1C0F67458F1C76B54.d.01C5431C145A81F9764885D99E94980A.e.5006"}]}
COMMAND: GET /session/edf591f4886fe2f4d5accf7d7849bb74/screenshot - {}
RESULT: {}
RESULT: {"script":"<script> [8489 bytes]","args":[{"element-6066-11e4-a52e-4f735466cecf":"f.F79DA72124CEC4D1C0F67458F1C76B54.d.01C5431C145A81F9764885D99E94980A.e.5006","ELEMENT":"f.F79DA72124CEC4D1C0F67458F1C76B54.d.01C5431C145A81F9764885D99E94980A.e.5006"}]}
COMMAND: POST /session/edf591f4886fe2f4d5accf7d7849bb74/execute/sync - {"script":"<script> [5351 bytes]","args":[{"element-6066-11e4-a52e-4f735466cecf":"f.F79DA72124CEC4D1C0F67458F1C76B54.d.01C5431C145A81F9764885D99E94980A.e.5006","ELEMENT":"f.F79DA72124CEC4D1C0F67458F1C76B54.d.01C5431C145A81F9764885D99E94980A.e.5006"}]}
COMMAND: GET /session/edf591f4886fe2f4d5accf7d7849bb74/screenshot - {}
RESULT: {}
RESULT: {"script":"<script> [5351 bytes]","args":[{"element-6066-11e4-a52e-4f735466cecf":"f.F79DA72124CEC4D1C0F67458F1C76B54.d.01C5431C145A81F9764885D99E94980A.e.5006","ELEMENT":"f.F79DA72124CEC4D1C0F67458F1C76B54.d.01C5431C145A81F9764885D99E94980A.e.5006"}]}
COMMAND: GET /session/edf591f4886fe2f4d5accf7d7849bb74/screenshot - {}
RESULT: {}
RESULT: {}
COMMAND: POST /session/edf591f4886fe2f4d5accf7d7849bb74/execute/async - {"script":"<script> [1562 bytes]","args":[{"selector":{"id":"application-yardoverview-display-component---masterYardInventory--smartFilterBar-btnBasicSearch","interaction":{"idSuffix":"I"}},"wdio_ui5_key":"applicationyardoverview-display-component---masterYardInventory--smartFilterBar-btnBasicSearch"}]}
RESULT: {"script":"<script> [1562 bytes]","args":[{"selector":{"id":"application-yardoverview-display-component---masterYardInventory--smartFilterBar-btnBasicSearch","interaction":{"idSuffix":"I"}},"wdio_ui5_key":"applicationyardoverview-display-component---masterYardInventory--smartFilterBar-btnBasicSearch"}]}
RESULT: undefined
COMMAND: POST /session/edf591f4886fe2f4d5accf7d7849bb74/execute/async - {"script":"<script> [776 bytes]","args":[{"enterText":"559","selector":{"id":"application-yardoverview-display-component---masterYardInventory--smartFilterBar-btnBasicSearch","interaction":{"idSuffix":"I"}},"clearTextFirst":true,"interactionType":"ENTER_TEXT"}]}
RESULT: {"script":"<script> [776 bytes]","args":[{"enterText":"559","selector":{"id":"application-yardoverview-display-component---masterYardInventory--smartFilterBar-btnBasicSearch","interaction":{"idSuffix":"I"}},"clearTextFirst":true,"interactionType":"ENTER_TEXT"}]}
COMMAND: POST /session/edf591f4886fe2f4d5accf7d7849bb74/actions - {"actions":[{"id":"action14","type":"key","parameters":{},"actions":[{"type":"keyDown","value":"î€‡"},{"type":"pause","duration":10},{"type":"keyUp","value":"î€‡"}]}]}
RESULT: {"actions":[{"id":"action14","type":"key","parameters":{},"actions":[{"type":"keyDown","value":"î€‡"},{"type":"pause","duration":10},{"type":"keyUp","value":"î€‡"}]}]}
COMMAND: GET /session/edf591f4886fe2f4d5accf7d7849bb74/screenshot - {}
RESULT: {}
COMMAND: POST /session/edf591f4886fe2f4d5accf7d7849bb74/element - {"using":"xpath","value":"(//span[contains(@id, \"imgNav\")])[1]"}
RESULT: {"using":"xpath","value":"(//span[contains(@id, \"imgNav\")])[1]"}
COMMAND: POST /session/edf591f4886fe2f4d5accf7d7849bb74/element/f.F79DA72124CEC4D1C0F67458F1C76B54.d.01C5431C145A81F9764885D99E94980A.e.5068/click - {}
RESULT: {}
COMMAND: GET /session/edf591f4886fe2f4d5accf7d7849bb74/screenshot - {}
RESULT: {}
COMMAND: POST /session/edf591f4886fe2f4d5accf7d7849bb74/execute/async - {"script":"<script> [1562 bytes]","args":[{"selector":{"id":"application-yardoverview-display-component---detailYardInventory--ObjectPageLayout-anchBar-application-yardoverview-display-component---detailYardInventory--openReturnsSection-anchor","interaction":{"idSuffix":"BDI-content"}},"wdio_ui5_key":"applicationyardoverview-display-component---detailYardInventory--ObjectPageLayout-anchBar-application-yardoverview-display-component---detailYardInventory--openReturnsSection-anchor"}]}
RESULT: {"script":"<script> [1562 bytes]","args":[{"selector":{"id":"application-yardoverview-display-component---detailYardInventory--ObjectPageLayout-anchBar-application-yardoverview-display-component---detailYardInventory--openReturnsSection-anchor","interaction":{"idSuffix":"BDI-content"}},"wdio_ui5_key":"applicationyardoverview-display-component---detailYardInventory--ObjectPageLayout-anchBar-application-yardoverview-display-component---detailYardInventory--openReturnsSection-anchor"}]}
RESULT: undefined
COMMAND: POST /session/edf591f4886fe2f4d5accf7d7849bb74/element - {"using":"xpath","value":"//*[@id=\"application-yardoverview-display-component---detailYardInventory--ObjectPageLayout-anchBar-application-yardoverview-display-component---detailYardInventory--openReturnsSection-anchor\"]"}
RESULT: {"using":"xpath","value":"//*[@id=\"application-yardoverview-display-component---detailYardInventory--ObjectPageLayout-anchBar-application-yardoverview-display-component---detailYardInventory--openReturnsSection-anchor\"]"}
COMMAND: POST /session/edf591f4886fe2f4d5accf7d7849bb74/element/f.F79DA72124CEC4D1C0F67458F1C76B54.d.01C5431C145A81F9764885D99E94980A.e.5141/click - {}
RESULT: {}
COMMAND: GET /session/edf591f4886fe2f4d5accf7d7849bb74/screenshot - {}
RESULT: {}
COMMAND: POST /session/edf591f4886fe2f4d5accf7d7849bb74/execute/async - {"script":"<script> [1562 bytes]","args":[{"selector":{"id":"application-yardoverview-display-component---detailYardInventory--openReturns-triggerAction-returnBtn","interaction":{"idSuffix":"BDI-content"}},"wdio_ui5_key":"applicationyardoverview-display-component---detailYardInventory--openReturns-triggerAction-returnBtn"}]}
RESULT: {"script":"<script> [1562 bytes]","args":[{"selector":{"id":"application-yardoverview-display-component---detailYardInventory--openReturns-triggerAction-returnBtn","interaction":{"idSuffix":"BDI-content"}},"wdio_ui5_key":"applicationyardoverview-display-component---detailYardInventory--openReturns-triggerAction-returnBtn"}]}
RESULT: undefined
COMMAND: POST /session/edf591f4886fe2f4d5accf7d7849bb74/element - {"using":"xpath","value":"//*[@id=\"application-yardoverview-display-component---detailYardInventory--openReturns-triggerAction-returnBtn\"]"}
RESULT: {"using":"xpath","value":"//*[@id=\"application-yardoverview-display-component---detailYardInventory--openReturns-triggerAction-returnBtn\"]"}
COMMAND: POST /session/edf591f4886fe2f4d5accf7d7849bb74/element/f.F79DA72124CEC4D1C0F67458F1C76B54.d.01C5431C145A81F9764885D99E94980A.e.5164/click - {}
RESULT: {}
COMMAND: GET /session/edf591f4886fe2f4d5accf7d7849bb74/screenshot - {}
RESULT: {}
COMMAND: POST /session/edf591f4886fe2f4d5accf7d7849bb74/element - {"using":"xpath","value":"//div[@id=\"application-yardoverview-display-component---detailYardInventory--customReturnsTable-sa-CbBg\"]"}
RESULT: {"using":"xpath","value":"//div[@id=\"application-yardoverview-display-component---detailYardInventory--customReturnsTable-sa-CbBg\"]"}
COMMAND: POST /session/edf591f4886fe2f4d5accf7d7849bb74/execute/sync - {"script":"<script> [8489 bytes]","args":[{"element-6066-11e4-a52e-4f735466cecf":"f.F79DA72124CEC4D1C0F67458F1C76B54.d.01C5431C145A81F9764885D99E94980A.e.5182","ELEMENT":"f.F79DA72124CEC4D1C0F67458F1C76B54.d.01C5431C145A81F9764885D99E94980A.e.5182"}]}
RESULT: {"script":"<script> [8489 bytes]","args":[{"element-6066-11e4-a52e-4f735466cecf":"f.F79DA72124CEC4D1C0F67458F1C76B54.d.01C5431C145A81F9764885D99E94980A.e.5182","ELEMENT":"f.F79DA72124CEC4D1C0F67458F1C76B54.d.01C5431C145A81F9764885D99E94980A.e.5182"}]}
COMMAND: POST /session/edf591f4886fe2f4d5accf7d7849bb74/execute/sync - {"script":"<script> [5351 bytes]","args":[{"element-6066-11e4-a52e-4f735466cecf":"f.F79DA72124CEC4D1C0F67458F1C76B54.d.01C5431C145A81F9764885D99E94980A.e.5182","ELEMENT":"f.F79DA72124CEC4D1C0F67458F1C76B54.d.01C5431C145A81F9764885D99E94980A.e.5182"}]}
COMMAND: GET /session/edf591f4886fe2f4d5accf7d7849bb74/screenshot - {}
RESULT: {"script":"<script> [5351 bytes]","args":[{"element-6066-11e4-a52e-4f735466cecf":"f.F79DA72124CEC4D1C0F67458F1C76B54.d.01C5431C145A81F9764885D99E94980A.e.5182","ELEMENT":"f.F79DA72124CEC4D1C0F67458F1C76B54.d.01C5431C145A81F9764885D99E94980A.e.5182"}]}
COMMAND: POST /session/edf591f4886fe2f4d5accf7d7849bb74/element/f.F79DA72124CEC4D1C0F67458F1C76B54.d.01C5431C145A81F9764885D99E94980A.e.5182/click - {}
COMMAND: GET /session/edf591f4886fe2f4d5accf7d7849bb74/screenshot - {}
RESULT: {}
RESULT: {}
COMMAND: GET /session/edf591f4886fe2f4d5accf7d7849bb74/screenshot - {}
RESULT: {}
RESULT: {}
COMMAND: POST /session/edf591f4886fe2f4d5accf7d7849bb74/actions - {"actions":[{"id":"action15","type":"key","parameters":{},"actions":[{"type":"keyDown","value":"î€‡"},{"type":"pause","duration":10},{"type":"keyUp","value":"î€‡"}]}]}
RESULT: {"actions":[{"id":"action15","type":"key","parameters":{},"actions":[{"type":"keyDown","value":"î€‡"},{"type":"pause","duration":10},{"type":"keyUp","value":"î€‡"}]}]}
COMMAND: POST /session/edf591f4886fe2f4d5accf7d7849bb74/element - {"using":"xpath","value":"//bdi[text()=\"Return\"]"}
COMMAND: GET /session/edf591f4886fe2f4d5accf7d7849bb74/screenshot - {}
RESULT: {"using":"xpath","value":"//bdi[text()=\"Return\"]"}
COMMAND: POST /session/edf591f4886fe2f4d5accf7d7849bb74/execute/sync - {"script":"<script> [8489 bytes]","args":[{"element-6066-11e4-a52e-4f735466cecf":"f.F79DA72124CEC4D1C0F67458F1C76B54.d.01C5431C145A81F9764885D99E94980A.e.5163","ELEMENT":"f.F79DA72124CEC4D1C0F67458F1C76B54.d.01C5431C145A81F9764885D99E94980A.e.5163"}]}
RESULT: {}
RESULT: {"script":"<script> [8489 bytes]","args":[{"element-6066-11e4-a52e-4f735466cecf":"f.F79DA72124CEC4D1C0F67458F1C76B54.d.01C5431C145A81F9764885D99E94980A.e.5163","ELEMENT":"f.F79DA72124CEC4D1C0F67458F1C76B54.d.01C5431C145A81F9764885D99E94980A.e.5163"}]}
COMMAND: POST /session/edf591f4886fe2f4d5accf7d7849bb74/execute/sync - {"script":"<script> [5351 bytes]","args":[{"element-6066-11e4-a52e-4f735466cecf":"f.F79DA72124CEC4D1C0F67458F1C76B54.d.01C5431C145A81F9764885D99E94980A.e.5163","ELEMENT":"f.F79DA72124CEC4D1C0F67458F1C76B54.d.01C5431C145A81F9764885D99E94980A.e.5163"}]}
COMMAND: GET /session/edf591f4886fe2f4d5accf7d7849bb74/screenshot - {}
RESULT: {"script":"<script> [5351 bytes]","args":[{"element-6066-11e4-a52e-4f735466cecf":"f.F79DA72124CEC4D1C0F67458F1C76B54.d.01C5431C145A81F9764885D99E94980A.e.5163","ELEMENT":"f.F79DA72124CEC4D1C0F67458F1C76B54.d.01C5431C145A81F9764885D99E94980A.e.5163"}]}
COMMAND: POST /session/edf591f4886fe2f4d5accf7d7849bb74/element/f.F79DA72124CEC4D1C0F67458F1C76B54.d.01C5431C145A81F9764885D99E94980A.e.5163/click - {}
COMMAND: GET /session/edf591f4886fe2f4d5accf7d7849bb74/screenshot - {}
RESULT: {}
RESULT: {}
COMMAND: POST /session/edf591f4886fe2f4d5accf7d7849bb74/execute/async - {"script":"<script> [1562 bytes]","args":[{"selector":{"controlType":"sap.m.Text","properties":{"text":"Mass Create Handovers process was executed with success!"},"searchOpenDialogs":true},"wdio_ui5_key":"sapm.Text{\"text\":\"Mass Create Handovers process was executed with success!\"}"}]}
COMMAND: GET /session/edf591f4886fe2f4d5accf7d7849bb74/screenshot - {}
RESULT: {}
RESULT: {"script":"<script> [1562 bytes]","args":[{"selector":{"controlType":"sap.m.Text","properties":{"text":"Mass Create Handovers process was executed with success!"},"searchOpenDialogs":true},"wdio_ui5_key":"sapm.Text{\"text\":\"Mass Create Handovers process was executed with success!\"}"}]}
RESULT: undefined
COMMAND: POST /session/edf591f4886fe2f4d5accf7d7849bb74/execute/async - {"script":"<script> [6424 bytes]","args":[{"element-6066-11e4-a52e-4f735466cecf":"f.F79DA72124CEC4D1C0F67458F1C76B54.d.01C5431C145A81F9764885D99E94980A.e.5185"},"getText",[]]}
RESULT: {}
RESULT: {"script":"<script> [6424 bytes]","args":[{"element-6066-11e4-a52e-4f735466cecf":"f.F79DA72124CEC4D1C0F67458F1C76B54.d.01C5431C145A81F9764885D99E94980A.e.5185"},"getText",[]]}
COMMAND: POST /session/edf591f4886fe2f4d5accf7d7849bb74/execute/async - {"script":"<script> [1562 bytes]","args":[{"selector":{"controlType":"sap.m.Button","properties":{"text":"OK"},"searchOpenDialogs":true,"interaction":{"idSuffix":"BDI-content"}},"wdio_ui5_key":"sapm.Button{\"text\":\"OK\"}"}]}
RESULT: {"script":"<script> [1562 bytes]","args":[{"selector":{"controlType":"sap.m.Button","properties":{"text":"OK"},"searchOpenDialogs":true,"interaction":{"idSuffix":"BDI-content"}},"wdio_ui5_key":"sapm.Button{\"text\":\"OK\"}"}]}
RESULT: undefined
COMMAND: POST /session/edf591f4886fe2f4d5accf7d7849bb74/element - {"using":"xpath","value":"//*[@id=\"__mbox-btn-8\"]"}
RESULT: {"using":"xpath","value":"//*[@id=\"__mbox-btn-8\"]"}
COMMAND: POST /session/edf591f4886fe2f4d5accf7d7849bb74/element/f.F79DA72124CEC4D1C0F67458F1C76B54.d.01C5431C145A81F9764885D99E94980A.e.5184/click - {}
RESULT: {}
COMMAND: GET /session/edf591f4886fe2f4d5accf7d7849bb74/screenshot - {}
RESULT: {}
COMMAND: POST /session/edf591f4886fe2f4d5accf7d7849bb74/execute/async - {"script":"<script> [1562 bytes]","args":[{"selector":{"controlType":"sap.m.Text","viewName":"etm.portal.ui.yardoverview.view.Detail","viewId":"application-yardoverview-display-component---detailYardInventory","bindingPath":{"path":"","propertyPath":"STATUS_DESC"}},"wdio_ui5_key":"etmportal.ui.yardoverview.view.Detailsap.m.Text{\"path\":\"\",\"propertyPath\":\"STATUS_DESC\"}"}]}
RESULT: {"script":"<script> [1562 bytes]","args":[{"selector":{"controlType":"sap.m.Text","viewName":"etm.portal.ui.yardoverview.view.Detail","viewId":"application-yardoverview-display-component---detailYardInventory","bindingPath":{"path":"","propertyPath":"STATUS_DESC"}},"wdio_ui5_key":"etmportal.ui.yardoverview.view.Detailsap.m.Text{\"path\":\"\",\"propertyPath\":\"STATUS_DESC\"}"}]}
RESULT: undefined
COMMAND: POST /session/edf591f4886fe2f4d5accf7d7849bb74/execute/async - {"script":"<script> [6424 bytes]","args":[{"element-6066-11e4-a52e-4f735466cecf":"f.F79DA72124CEC4D1C0F67458F1C76B54.d.01C5431C145A81F9764885D99E94980A.e.5187"},"getText",[]]}
RESULT: {"script":"<script> [6424 bytes]","args":[{"element-6066-11e4-a52e-4f735466cecf":"f.F79DA72124CEC4D1C0F67458F1C76B54.d.01C5431C145A81F9764885D99E94980A.e.5187"},"getText",[]]}
COMMAND: POST /session/edf591f4886fe2f4d5accf7d7849bb74/element - {"using":"css selector","value":"#shell-header-logo"}
RESULT: {"using":"css selector","value":"#shell-header-logo"}
COMMAND: POST /session/edf591f4886fe2f4d5accf7d7849bb74/element/f.F79DA72124CEC4D1C0F67458F1C76B54.d.01C5431C145A81F9764885D99E94980A.e.5002/click - {}
RESULT: {}
COMMAND: GET /session/edf591f4886fe2f4d5accf7d7849bb74/screenshot - {}
RESULT: {}
COMMAND: POST /session/edf591f4886fe2f4d5accf7d7849bb74/element - {"using":"css selector","value":"#j_username"}
COMMAND: POST /session/edf591f4886fe2f4d5accf7d7849bb74/url - {"url":"https://qa-testing-00-live-etm-ui.cfapps.eu10-004.hana.ondemand.com/"}
RESULT: {"using":"css selector","value":"#j_username"}
COMMAND: POST /session/edf591f4886fe2f4d5accf7d7849bb74/element - {"using":"css selector","value":"#j_username"}
RESULT: {"url":"https://qa-testing-00-live-etm-ui.cfapps.eu10-004.hana.ondemand.com/"}
RESULT: undefined
COMMAND: GET /session/edf591f4886fe2f4d5accf7d7849bb74/screenshot - {}
RESULT: {"using":"css selector","value":"#j_username"}
COMMAND: POST /session/edf591f4886fe2f4d5accf7d7849bb74/element - {"using":"css selector","value":"#shell-header-logo"}
RESULT: {}
RESULT: {"using":"css selector","value":"#shell-header-logo"}
COMMAND: POST /session/edf591f4886fe2f4d5accf7d7849bb74/execute/sync - {"script":"<script> [8489 bytes]","args":[{"element-6066-11e4-a52e-4f735466cecf":"f.F79DA72124CEC4D1C0F67458F1C76B54.d.E34D573A5D98A1B9AEB452BABFFEB103.e.5203","ELEMENT":"f.F79DA72124CEC4D1C0F67458F1C76B54.d.E34D573A5D98A1B9AEB452BABFFEB103.e.5203"}]}
RESULT: {"script":"<script> [8489 bytes]","args":[{"element-6066-11e4-a52e-4f735466cecf":"f.F79DA72124CEC4D1C0F67458F1C76B54.d.E34D573A5D98A1B9AEB452BABFFEB103.e.5203","ELEMENT":"f.F79DA72124CEC4D1C0F67458F1C76B54.d.E34D573A5D98A1B9AEB452BABFFEB103.e.5203"}]}
COMMAND: POST /session/edf591f4886fe2f4d5accf7d7849bb74/element - {"using":"css selector","value":"#shell-header-logo"}
COMMAND: GET /session/edf591f4886fe2f4d5accf7d7849bb74/screenshot - {}
RESULT: {"using":"css selector","value":"#shell-header-logo"}
COMMAND: POST /session/edf591f4886fe2f4d5accf7d7849bb74/execute/sync - {"script":"<script> [8489 bytes]","args":[{"element-6066-11e4-a52e-4f735466cecf":"f.F79DA72124CEC4D1C0F67458F1C76B54.d.E34D573A5D98A1B9AEB452BABFFEB103.e.5203","ELEMENT":"f.F79DA72124CEC4D1C0F67458F1C76B54.d.E34D573A5D98A1B9AEB452BABFFEB103.e.5203"}]}
RESULT: {}
RESULT: {"script":"<script> [8489 bytes]","args":[{"element-6066-11e4-a52e-4f735466cecf":"f.F79DA72124CEC4D1C0F67458F1C76B54.d.E34D573A5D98A1B9AEB452BABFFEB103.e.5203","ELEMENT":"f.F79DA72124CEC4D1C0F67458F1C76B54.d.E34D573A5D98A1B9AEB452BABFFEB103.e.5203"}]}
COMMAND: POST /session/edf591f4886fe2f4d5accf7d7849bb74/execute/sync - {"script":"<script> [5351 bytes]","args":[{"element-6066-11e4-a52e-4f735466cecf":"f.F79DA72124CEC4D1C0F67458F1C76B54.d.E34D573A5D98A1B9AEB452BABFFEB103.e.5203","ELEMENT":"f.F79DA72124CEC4D1C0F67458F1C76B54.d.E34D573A5D98A1B9AEB452BABFFEB103.e.5203"}]}
COMMAND: GET /session/edf591f4886fe2f4d5accf7d7849bb74/screenshot - {}
RESULT: {"script":"<script> [5351 bytes]","args":[{"element-6066-11e4-a52e-4f735466cecf":"f.F79DA72124CEC4D1C0F67458F1C76B54.d.E34D573A5D98A1B9AEB452BABFFEB103.e.5203","ELEMENT":"f.F79DA72124CEC4D1C0F67458F1C76B54.d.E34D573A5D98A1B9AEB452BABFFEB103.e.5203"}]}
COMMAND: POST /session/edf591f4886fe2f4d5accf7d7849bb74/element - {"using":"css selector","value":"#shell-header-logo"}
COMMAND: GET /session/edf591f4886fe2f4d5accf7d7849bb74/screenshot - {}
RESULT: {}
RESULT: {"using":"css selector","value":"#shell-header-logo"}
COMMAND: POST /session/edf591f4886fe2f4d5accf7d7849bb74/element/f.F79DA72124CEC4D1C0F67458F1C76B54.d.E34D573A5D98A1B9AEB452BABFFEB103.e.5203/click - {}
RESULT: {}
RESULT: {}
COMMAND: GET /session/edf591f4886fe2f4d5accf7d7849bb74/screenshot - {}
RESULT: {}
COMMAND: POST /session/edf591f4886fe2f4d5accf7d7849bb74/execute/async - {"script":"<script> [189 bytes]","args":[]}
RESULT: {"script":"<script> [189 bytes]","args":[]}
COMMAND: POST /session/edf591f4886fe2f4d5accf7d7849bb74/execute/async - {"script":"<script> [123 bytes]","args":[]}
RESULT: {"script":"<script> [123 bytes]","args":[]}
COMMAND: POST /session/edf591f4886fe2f4d5accf7d7849bb74/timeouts - {"script":"<number>"}
RESULT: {"script":"<number>"}
COMMAND: GET /session/edf591f4886fe2f4d5accf7d7849bb74/timeouts - {}
RESULT: {}
RESULT: undefined
COMMAND: POST /session/edf591f4886fe2f4d5accf7d7849bb74/execute/async - {"script":"<script> [2676 bytes]","args":[]}
RESULT: {"script":"<script> [2676 bytes]","args":[]}
COMMAND: POST /session/edf591f4886fe2f4d5accf7d7849bb74/execute/async - {"script":"<script> [2342 bytes]","args":[{"protocol":"http","hostname":"0.0.0.0","path":"/","capabilities":{"browserName":"chrome","goog:chromeOptions":{"binary":"C:\\Program Files\\Google\\Chrome\\Application\\chrome.exe","args":["--start-maximized"]}},"logLevel":"warn","connectionRetryTimeout":120000,"connectionRetryCount":3,"logLevels":{},"enableDirectConnect":true,"strictSSL":true,"_":"65 more keys: [\"cacheDir\",\"port\",\"requestedCapabilities\",\"automationProtocol\",\"baseUrl\",\"waitforInterval\",\"waitforTimeout\",\"onReload\",\"beforeCommand\",\"afterCommand\",\"rootDir\",\"specs\",\"suites\",\"exclude\",\"groupLogsByTestSpec\",\"excludeDriverLogs\",\"bail\",\"framework\",\"reporters\",\"services\",\"maxInstances\",\"maxInstancesPerCapability\",\"injectGlobals\",\"filesToWatch\",\"execArgv\",\"runnerEnv\",\"runner\",\"shard\",\"specFileRetries\",\"specFileRetriesDelay\",\"specFileRetriesDeferred\",\"reporterSyncInterval\",\"reporterSyncTimeout\",\"cucumberFeaturesWithLineNumbers\",\"autoCompileOpts\",\"mochaOpts\",\"jasmineOpts\",\"cucumberOpts\",\"onPrepare\",\"onWorkerStart\",\"onWorkerEnd\",\"before\",\"beforeSession\",\"beforeSuite\",\"beforeHook\",\"beforeTest\",\"afterTest\",\"afterHook\",\"afterSuite\",\"afterSession\",\"after\",\"onComplete\",\"beforeAssertion\",\"afterAssertion\",\"beforeFeature\",\"beforeScenario\",\"beforeStep\",\"afterStep\",\"afterScenario\",\"afterFeature\",\"_\",\"suite\",\"$0\",\"ignoredWorkerServices\",\"wdi5\"]"}]}
RESULT: {"script":"<script> [2342 bytes]","args":[{"protocol":"http","hostname":"0.0.0.0","path":"/","capabilities":{"browserName":"chrome","goog:chromeOptions":{"binary":"C:\\Program Files\\Google\\Chrome\\Application\\chrome.exe","args":["--start-maximized"]}},"logLevel":"warn","connectionRetryTimeout":120000,"connectionRetryCount":3,"logLevels":{},"enableDirectConnect":true,"strictSSL":true,"_":"65 more keys: [\"cacheDir\",\"port\",\"requestedCapabilities\",\"automationProtocol\",\"baseUrl\",\"waitforInterval\",\"waitforTimeout\",\"onReload\",\"beforeCommand\",\"afterCommand\",\"rootDir\",\"specs\",\"suites\",\"exclude\",\"groupLogsByTestSpec\",\"excludeDriverLogs\",\"bail\",\"framework\",\"reporters\",\"services\",\"maxInstances\",\"maxInstancesPerCapability\",\"injectGlobals\",\"filesToWatch\",\"execArgv\",\"runnerEnv\",\"runner\",\"shard\",\"specFileRetries\",\"specFileRetriesDelay\",\"specFileRetriesDeferred\",\"reporterSyncInterval\",\"reporterSyncTimeout\",\"cucumberFeaturesWithLineNumbers\",\"autoCompileOpts\",\"mochaOpts\",\"jasmineOpts\",\"cucumberOpts\",\"onPrepare\",\"onWorkerStart\",\"onWorkerEnd\",\"before\",\"beforeSession\",\"beforeSuite\",\"beforeHook\",\"beforeTest\",\"afterTest\",\"afterHook\",\"afterSuite\",\"afterSession\",\"after\",\"onComplete\",\"beforeAssertion\",\"afterAssertion\",\"beforeFeature\",\"beforeScenario\",\"beforeStep\",\"afterStep\",\"afterScenario\",\"afterFeature\",\"_\",\"suite\",\"$0\",\"ignoredWorkerServices\",\"wdi5\"]"}]}
COMMAND: POST /session/edf591f4886fe2f4d5accf7d7849bb74/execute/async - {"script":"<script> [21126 bytes]","args":[35000]}
RESULT: {"script":"<script> [21126 bytes]","args":[35000]}
COMMAND: POST /session/edf591f4886fe2f4d5accf7d7849bb74/window/maximize - {}
RESULT: {}
COMMAND: POST /session/edf591f4886fe2f4d5accf7d7849bb74/execute/async - {"script":"<script> [1562 bytes]","args":[{"selector":{"id":"shell-header","interaction":{"idSuffix":"icon"}},"wdio_ui5_key":"shellheader"}]}
COMMAND: GET /session/edf591f4886fe2f4d5accf7d7849bb74/screenshot - {}
RESULT: {"script":"<script> [1562 bytes]","args":[{"selector":{"id":"shell-header","interaction":{"idSuffix":"icon"}},"wdio_ui5_key":"shellheader"}]}
RESULT: undefined
COMMAND: POST /session/edf591f4886fe2f4d5accf7d7849bb74/refresh - {}
RESULT: {}
RESULT: {}
COMMAND: GET /session/edf591f4886fe2f4d5accf7d7849bb74/screenshot - {}
RESULT: {}
COMMAND: POST /session/edf591f4886fe2f4d5accf7d7849bb74/refresh - {}
RESULT: {}
COMMAND: GET /session/edf591f4886fe2f4d5accf7d7849bb74/screenshot - {}
RESULT: {}
COMMAND: POST /session/edf591f4886fe2f4d5accf7d7849bb74/window/fullscreen - {}
RESULT: {}
COMMAND: POST /session/edf591f4886fe2f4d5accf7d7849bb74/execute/async - {"script":"<script> [189 bytes]","args":[]}
RESULT: {"script":"<script> [189 bytes]","args":[]}
COMMAND: POST /session/edf591f4886fe2f4d5accf7d7849bb74/execute/async - {"script":"<script> [123 bytes]","args":[]}
RESULT: {"script":"<script> [123 bytes]","args":[]}
COMMAND: POST /session/edf591f4886fe2f4d5accf7d7849bb74/timeouts - {"script":"<number>"}
RESULT: {"script":"<number>"}
COMMAND: GET /session/edf591f4886fe2f4d5accf7d7849bb74/timeouts - {}
RESULT: {}
RESULT: undefined
COMMAND: POST /session/edf591f4886fe2f4d5accf7d7849bb74/execute/async - {"script":"<script> [2676 bytes]","args":[]}
RESULT: {"script":"<script> [2676 bytes]","args":[]}
COMMAND: POST /session/edf591f4886fe2f4d5accf7d7849bb74/execute/async - {"script":"<script> [2342 bytes]","args":[{"protocol":"http","hostname":"0.0.0.0","path":"/","capabilities":{"browserName":"chrome","goog:chromeOptions":{"binary":"C:\\Program Files\\Google\\Chrome\\Application\\chrome.exe","args":["--start-maximized"]}},"logLevel":"warn","connectionRetryTimeout":120000,"connectionRetryCount":3,"logLevels":{},"enableDirectConnect":true,"strictSSL":true,"_":"65 more keys: [\"cacheDir\",\"port\",\"requestedCapabilities\",\"automationProtocol\",\"baseUrl\",\"waitforInterval\",\"waitforTimeout\",\"onReload\",\"beforeCommand\",\"afterCommand\",\"rootDir\",\"specs\",\"suites\",\"exclude\",\"groupLogsByTestSpec\",\"excludeDriverLogs\",\"bail\",\"framework\",\"reporters\",\"services\",\"maxInstances\",\"maxInstancesPerCapability\",\"injectGlobals\",\"filesToWatch\",\"execArgv\",\"runnerEnv\",\"runner\",\"shard\",\"specFileRetries\",\"specFileRetriesDelay\",\"specFileRetriesDeferred\",\"reporterSyncInterval\",\"reporterSyncTimeout\",\"cucumberFeaturesWithLineNumbers\",\"autoCompileOpts\",\"mochaOpts\",\"jasmineOpts\",\"cucumberOpts\",\"onPrepare\",\"onWorkerStart\",\"onWorkerEnd\",\"before\",\"beforeSession\",\"beforeSuite\",\"beforeHook\",\"beforeTest\",\"afterTest\",\"afterHook\",\"afterSuite\",\"afterSession\",\"after\",\"onComplete\",\"beforeAssertion\",\"afterAssertion\",\"beforeFeature\",\"beforeScenario\",\"beforeStep\",\"afterStep\",\"afterScenario\",\"afterFeature\",\"_\",\"suite\",\"$0\",\"ignoredWorkerServices\",\"wdi5\"]"}]}
RESULT: {"script":"<script> [2342 bytes]","args":[{"protocol":"http","hostname":"0.0.0.0","path":"/","capabilities":{"browserName":"chrome","goog:chromeOptions":{"binary":"C:\\Program Files\\Google\\Chrome\\Application\\chrome.exe","args":["--start-maximized"]}},"logLevel":"warn","connectionRetryTimeout":120000,"connectionRetryCount":3,"logLevels":{},"enableDirectConnect":true,"strictSSL":true,"_":"65 more keys: [\"cacheDir\",\"port\",\"requestedCapabilities\",\"automationProtocol\",\"baseUrl\",\"waitforInterval\",\"waitforTimeout\",\"onReload\",\"beforeCommand\",\"afterCommand\",\"rootDir\",\"specs\",\"suites\",\"exclude\",\"groupLogsByTestSpec\",\"excludeDriverLogs\",\"bail\",\"framework\",\"reporters\",\"services\",\"maxInstances\",\"maxInstancesPerCapability\",\"injectGlobals\",\"filesToWatch\",\"execArgv\",\"runnerEnv\",\"runner\",\"shard\",\"specFileRetries\",\"specFileRetriesDelay\",\"specFileRetriesDeferred\",\"reporterSyncInterval\",\"reporterSyncTimeout\",\"cucumberFeaturesWithLineNumbers\",\"autoCompileOpts\",\"mochaOpts\",\"jasmineOpts\",\"cucumberOpts\",\"onPrepare\",\"onWorkerStart\",\"onWorkerEnd\",\"before\",\"beforeSession\",\"beforeSuite\",\"beforeHook\",\"beforeTest\",\"afterTest\",\"afterHook\",\"afterSuite\",\"afterSession\",\"after\",\"onComplete\",\"beforeAssertion\",\"afterAssertion\",\"beforeFeature\",\"beforeScenario\",\"beforeStep\",\"afterStep\",\"afterScenario\",\"afterFeature\",\"_\",\"suite\",\"$0\",\"ignoredWorkerServices\",\"wdi5\"]"}]}
COMMAND: POST /session/edf591f4886fe2f4d5accf7d7849bb74/execute/async - {"script":"<script> [21126 bytes]","args":[35000]}
RESULT: {"script":"<script> [21126 bytes]","args":[35000]}
COMMAND: POST /session/edf591f4886fe2f4d5accf7d7849bb74/window/fullscreen - {}
RESULT: {}
]]></system-out>
    </testcase>
  </testsuite>
  <testsuite timestamp="2025-05-19T16:55:43" time="396.873" tests="6" failures="0" errors="0" skipped="0">
    <properties>
      <property name="specId" value="0" />
      <property name="suiteName" value="Yard Overview Autoplanning US130989" />
      <property name="capabilities" value="chrome.136_0_7103_93.windows" />
      <property name="file" value="file:///D:/a/1/s/test/specs/HTR/yard-overview-autoplanning.spec.js" />
    </properties>
    <testcase classname="chrome.136_0_7103_93.windows.Yard_Overview_Autoplanning_US130989" name="Prereq Should create a new yard used for all following tests" time="0.016">
      <system-out><![CDATA[
COMMAND: POST /session/edf591f4886fe2f4d5accf7d7849bb74/window/fullscreen - {}
RESULT: {}
]]></system-out>
    </testcase>
    <testcase classname="chrome.136_0_7103_93.windows.Yard_Overview_Autoplanning_US130989" name="Prereq Should create a new partner" time="0.004" />
    <testcase classname="chrome.136_0_7103_93.windows.Yard_Overview_Autoplanning_US130989" name="Prereq Should create a new site" time="0.005" />
    <testcase classname="chrome.136_0_7103_93.windows.Yard_Overview_Autoplanning_US130989" name="Prereq Should create a new material with catalog selection" time="113.638">
      <system-out><![CDATA[
COMMAND: POST /session/edf591f4886fe2f4d5accf7d7849bb74/execute/async - {"script":"<script> [1562 bytes]","args":[{"selector":{"controlType":"sap.m.GenericTile","properties":{"header":"Manage Resources"}},"wdio_ui5_key":"sapm.GenericTile{\"header\":\"Manage Resources\"}"}]}
RESULT: {"script":"<script> [1562 bytes]","args":[{"selector":{"controlType":"sap.m.GenericTile","properties":{"header":"Manage Resources"}},"wdio_ui5_key":"sapm.GenericTile{\"header\":\"Manage Resources\"}"}]}
RESULT: undefined
COMMAND: POST /session/edf591f4886fe2f4d5accf7d7849bb74/element - {"using":"xpath","value":"//*[@id=\"__tile39\"]"}
RESULT: {"using":"xpath","value":"//*[@id=\"__tile39\"]"}
COMMAND: POST /session/edf591f4886fe2f4d5accf7d7849bb74/element/f.F79DA72124CEC4D1C0F67458F1C76B54.d.D85B4D99B9A53618CD2BA187FC457C24.e.5356/click - {}
RESULT: {}
COMMAND: GET /session/edf591f4886fe2f4d5accf7d7849bb74/screenshot - {}
RESULT: {}
COMMAND: POST /session/edf591f4886fe2f4d5accf7d7849bb74/elements - {"using":"xpath","value":"//span[text()='Error']"}
RESULT: {"using":"xpath","value":"//span[text()='Error']"}
COMMAND: POST /session/edf591f4886fe2f4d5accf7d7849bb74/element - {"using":"xpath","value":"//button[@data-kt=\"addNewRUOverflowToolbarButton\"]"}
RESULT: {"using":"xpath","value":"//button[@data-kt=\"addNewRUOverflowToolbarButton\"]"}
COMMAND: POST /session/edf591f4886fe2f4d5accf7d7849bb74/elements - {"using":"xpath","value":"//button[@data-kt=\"addNewRUOverflowToolbarButton\"]"}
RESULT: {"using":"xpath","value":"//button[@data-kt=\"addNewRUOverflowToolbarButton\"]"}
COMMAND: POST /session/edf591f4886fe2f4d5accf7d7849bb74/elements - {"using":"xpath","value":"//button[@data-kt=\"addNewRUOverflowToolbarButton\"]"}
RESULT: {"using":"xpath","value":"//button[@data-kt=\"addNewRUOverflowToolbarButton\"]"}
COMMAND: POST /session/edf591f4886fe2f4d5accf7d7849bb74/element - {"using":"xpath","value":"//button[@data-kt=\"addNewRUOverflowToolbarButton\"]"}
RESULT: {"using":"xpath","value":"//button[@data-kt=\"addNewRUOverflowToolbarButton\"]"}
COMMAND: POST /session/edf591f4886fe2f4d5accf7d7849bb74/execute/sync - {"script":"<script> [8489 bytes]","args":[{"element-6066-11e4-a52e-4f735466cecf":"f.F79DA72124CEC4D1C0F67458F1C76B54.d.D85B4D99B9A53618CD2BA187FC457C24.e.5495","ELEMENT":"f.F79DA72124CEC4D1C0F67458F1C76B54.d.D85B4D99B9A53618CD2BA187FC457C24.e.5495"}]}
RESULT: {"script":"<script> [8489 bytes]","args":[{"element-6066-11e4-a52e-4f735466cecf":"f.F79DA72124CEC4D1C0F67458F1C76B54.d.D85B4D99B9A53618CD2BA187FC457C24.e.5495","ELEMENT":"f.F79DA72124CEC4D1C0F67458F1C76B54.d.D85B4D99B9A53618CD2BA187FC457C24.e.5495"}]}
COMMAND: GET /session/edf591f4886fe2f4d5accf7d7849bb74/element/f.F79DA72124CEC4D1C0F67458F1C76B54.d.D85B4D99B9A53618CD2BA187FC457C24.e.5495/enabled - {}
COMMAND: GET /session/edf591f4886fe2f4d5accf7d7849bb74/screenshot - {}
RESULT: {}
COMMAND: POST /session/edf591f4886fe2f4d5accf7d7849bb74/execute/sync - {"script":"<script> [8489 bytes]","args":[{"element-6066-11e4-a52e-4f735466cecf":"f.F79DA72124CEC4D1C0F67458F1C76B54.d.D85B4D99B9A53618CD2BA187FC457C24.e.5495","ELEMENT":"f.F79DA72124CEC4D1C0F67458F1C76B54.d.D85B4D99B9A53618CD2BA187FC457C24.e.5495"}]}
COMMAND: GET /session/edf591f4886fe2f4d5accf7d7849bb74/screenshot - {}
RESULT: {}
RESULT: {"script":"<script> [8489 bytes]","args":[{"element-6066-11e4-a52e-4f735466cecf":"f.F79DA72124CEC4D1C0F67458F1C76B54.d.D85B4D99B9A53618CD2BA187FC457C24.e.5495","ELEMENT":"f.F79DA72124CEC4D1C0F67458F1C76B54.d.D85B4D99B9A53618CD2BA187FC457C24.e.5495"}]}
COMMAND: POST /session/edf591f4886fe2f4d5accf7d7849bb74/execute/sync - {"script":"<script> [5351 bytes]","args":[{"element-6066-11e4-a52e-4f735466cecf":"f.F79DA72124CEC4D1C0F67458F1C76B54.d.D85B4D99B9A53618CD2BA187FC457C24.e.5495","ELEMENT":"f.F79DA72124CEC4D1C0F67458F1C76B54.d.D85B4D99B9A53618CD2BA187FC457C24.e.5495"}]}
COMMAND: GET /session/edf591f4886fe2f4d5accf7d7849bb74/screenshot - {}
RESULT: {}
RESULT: {"script":"<script> [5351 bytes]","args":[{"element-6066-11e4-a52e-4f735466cecf":"f.F79DA72124CEC4D1C0F67458F1C76B54.d.D85B4D99B9A53618CD2BA187FC457C24.e.5495","ELEMENT":"f.F79DA72124CEC4D1C0F67458F1C76B54.d.D85B4D99B9A53618CD2BA187FC457C24.e.5495"}]}
COMMAND: POST /session/edf591f4886fe2f4d5accf7d7849bb74/element/f.F79DA72124CEC4D1C0F67458F1C76B54.d.D85B4D99B9A53618CD2BA187FC457C24.e.5495/click - {}
COMMAND: GET /session/edf591f4886fe2f4d5accf7d7849bb74/screenshot - {}
RESULT: {}
RESULT: {}
COMMAND: GET /session/edf591f4886fe2f4d5accf7d7849bb74/screenshot - {}
COMMAND: POST /session/edf591f4886fe2f4d5accf7d7849bb74/execute/async - {"script":"<script> [1562 bytes]","args":[{"selector":{"id":"application-manageresources-display-component---newResourceUnit--TYPE-arrow"},"wdio_ui5_key":"applicationmanageresources-display-component---newResourceUnit--TYPE-arrow"}]}
RESULT: {}
RESULT: {}
RESULT: {"script":"<script> [1562 bytes]","args":[{"selector":{"id":"application-manageresources-display-component---newResourceUnit--TYPE-arrow"},"wdio_ui5_key":"applicationmanageresources-display-component---newResourceUnit--TYPE-arrow"}]}
RESULT: undefined
COMMAND: POST /session/edf591f4886fe2f4d5accf7d7849bb74/element - {"using":"xpath","value":"//*[@id=\"application-manageresources-display-component---newResourceUnit--TYPE-arrow\"]"}
RESULT: {"using":"xpath","value":"//*[@id=\"application-manageresources-display-component---newResourceUnit--TYPE-arrow\"]"}
COMMAND: POST /session/edf591f4886fe2f4d5accf7d7849bb74/element/f.F79DA72124CEC4D1C0F67458F1C76B54.d.D85B4D99B9A53618CD2BA187FC457C24.e.5855/click - {}
RESULT: {}
COMMAND: POST /session/edf591f4886fe2f4d5accf7d7849bb74/element - {"using":"xpath","value":"//input[@id=\"application-manageresources-display-component---newResourceUnit--TYPE-inner\"]"}
COMMAND: GET /session/edf591f4886fe2f4d5accf7d7849bb74/screenshot - {}
RESULT: {"using":"xpath","value":"//input[@id=\"application-manageresources-display-component---newResourceUnit--TYPE-inner\"]"}
COMMAND: POST /session/edf591f4886fe2f4d5accf7d7849bb74/element/f.F79DA72124CEC4D1C0F67458F1C76B54.d.D85B4D99B9A53618CD2BA187FC457C24.e.5847/clear - {}
RESULT: {}
RESULT: {}
COMMAND: POST /session/edf591f4886fe2f4d5accf7d7849bb74/element/f.F79DA72124CEC4D1C0F67458F1C76B54.d.D85B4D99B9A53618CD2BA187FC457C24.e.5847/value - {"text":"Material"}
COMMAND: GET /session/edf591f4886fe2f4d5accf7d7849bb74/screenshot - {}
RESULT: {"text":"Material"}
COMMAND: GET /session/edf591f4886fe2f4d5accf7d7849bb74/screenshot - {}
RESULT: {}
RESULT: {}
COMMAND: POST /session/edf591f4886fe2f4d5accf7d7849bb74/actions - {"actions":[{"id":"action16","type":"key","parameters":{},"actions":[{"type":"keyDown","value":"î€‡"},{"type":"pause","duration":10},{"type":"keyUp","value":"î€‡"}]}]}
RESULT: {"actions":[{"id":"action16","type":"key","parameters":{},"actions":[{"type":"keyDown","value":"î€‡"},{"type":"pause","duration":10},{"type":"keyUp","value":"î€‡"}]}]}
COMMAND: POST /session/edf591f4886fe2f4d5accf7d7849bb74/execute/async - {"script":"<script> [1562 bytes]","args":[{"selector":{"id":"application-manageresources-display-component---newResourceUnit--SHORT_TEXT","interaction":{"idSuffix":"inner"}},"wdio_ui5_key":"applicationmanageresources-display-component---newResourceUnit--SHORT_TEXT"}]}
COMMAND: GET /session/edf591f4886fe2f4d5accf7d7849bb74/screenshot - {}
RESULT: {"script":"<script> [1562 bytes]","args":[{"selector":{"id":"application-manageresources-display-component---newResourceUnit--SHORT_TEXT","interaction":{"idSuffix":"inner"}},"wdio_ui5_key":"applicationmanageresources-display-component---newResourceUnit--SHORT_TEXT"}]}
RESULT: undefined
COMMAND: POST /session/edf591f4886fe2f4d5accf7d7849bb74/execute/async - {"script":"<script> [776 bytes]","args":[{"enterText":"Cement WDIO","selector":{"id":"application-manageresources-display-component---newResourceUnit--SHORT_TEXT","interaction":{"idSuffix":"inner"}},"clearTextFirst":true,"interactionType":"ENTER_TEXT"}]}
RESULT: {}
RESULT: {"script":"<script> [776 bytes]","args":[{"enterText":"Cement WDIO","selector":{"id":"application-manageresources-display-component---newResourceUnit--SHORT_TEXT","interaction":{"idSuffix":"inner"}},"clearTextFirst":true,"interactionType":"ENTER_TEXT"}]}
COMMAND: POST /session/edf591f4886fe2f4d5accf7d7849bb74/execute/async - {"script":"<script> [1562 bytes]","args":[{"selector":{"id":"application-manageresources-display-component---newResourceUnit--BASE_UNIT_OF_MEASURE","interaction":{"idSuffix":"inner"}},"wdio_ui5_key":"applicationmanageresources-display-component---newResourceUnit--BASE_UNIT_OF_MEASURE"}]}
RESULT: {"script":"<script> [1562 bytes]","args":[{"selector":{"id":"application-manageresources-display-component---newResourceUnit--BASE_UNIT_OF_MEASURE","interaction":{"idSuffix":"inner"}},"wdio_ui5_key":"applicationmanageresources-display-component---newResourceUnit--BASE_UNIT_OF_MEASURE"}]}
RESULT: undefined
COMMAND: POST /session/edf591f4886fe2f4d5accf7d7849bb74/execute/async - {"script":"<script> [776 bytes]","args":[{"enterText":"Piece","selector":{"id":"application-manageresources-display-component---newResourceUnit--BASE_UNIT_OF_MEASURE","interaction":{"idSuffix":"inner"}},"clearTextFirst":true,"interactionType":"ENTER_TEXT"}]}
RESULT: {"script":"<script> [776 bytes]","args":[{"enterText":"Piece","selector":{"id":"application-manageresources-display-component---newResourceUnit--BASE_UNIT_OF_MEASURE","interaction":{"idSuffix":"inner"}},"clearTextFirst":true,"interactionType":"ENTER_TEXT"}]}
COMMAND: POST /session/edf591f4886fe2f4d5accf7d7849bb74/execute/async - {"script":"<script> [1562 bytes]","args":[{"selector":{"id":"application-manageresources-display-component---newResourceUnit--WEIGHT_UNIT","interaction":{"idSuffix":"inner"}},"wdio_ui5_key":"applicationmanageresources-display-component---newResourceUnit--WEIGHT_UNIT"}]}
RESULT: {"script":"<script> [1562 bytes]","args":[{"selector":{"id":"application-manageresources-display-component---newResourceUnit--WEIGHT_UNIT","interaction":{"idSuffix":"inner"}},"wdio_ui5_key":"applicationmanageresources-display-component---newResourceUnit--WEIGHT_UNIT"}]}
RESULT: undefined
COMMAND: POST /session/edf591f4886fe2f4d5accf7d7849bb74/execute/async - {"script":"<script> [776 bytes]","args":[{"enterText":"Gram","selector":{"id":"application-manageresources-display-component---newResourceUnit--WEIGHT_UNIT","interaction":{"idSuffix":"inner"}},"clearTextFirst":true,"interactionType":"ENTER_TEXT"}]}
RESULT: {"script":"<script> [776 bytes]","args":[{"enterText":"Gram","selector":{"id":"application-manageresources-display-component---newResourceUnit--WEIGHT_UNIT","interaction":{"idSuffix":"inner"}},"clearTextFirst":true,"interactionType":"ENTER_TEXT"}]}
COMMAND: POST /session/edf591f4886fe2f4d5accf7d7849bb74/execute/async - {"script":"<script> [1562 bytes]","args":[{"selector":{"id":"application-manageresources-display-component---newResourceUnit--DIMENSION_UNIT","interaction":{"idSuffix":"inner"}},"wdio_ui5_key":"applicationmanageresources-display-component---newResourceUnit--DIMENSION_UNIT"}]}
RESULT: {"script":"<script> [1562 bytes]","args":[{"selector":{"id":"application-manageresources-display-component---newResourceUnit--DIMENSION_UNIT","interaction":{"idSuffix":"inner"}},"wdio_ui5_key":"applicationmanageresources-display-component---newResourceUnit--DIMENSION_UNIT"}]}
RESULT: undefined
COMMAND: POST /session/edf591f4886fe2f4d5accf7d7849bb74/execute/async - {"script":"<script> [776 bytes]","args":[{"enterText":"Meter","selector":{"id":"application-manageresources-display-component---newResourceUnit--DIMENSION_UNIT","interaction":{"idSuffix":"inner"}},"clearTextFirst":true,"interactionType":"ENTER_TEXT"}]}
RESULT: {"script":"<script> [776 bytes]","args":[{"enterText":"Meter","selector":{"id":"application-manageresources-display-component---newResourceUnit--DIMENSION_UNIT","interaction":{"idSuffix":"inner"}},"clearTextFirst":true,"interactionType":"ENTER_TEXT"}]}
COMMAND: POST /session/edf591f4886fe2f4d5accf7d7849bb74/execute/async - {"script":"<script> [1562 bytes]","args":[{"selector":{"id":"application-manageresources-display-component---newResourceUnit--newRRUPage-anchBar-application-manageresources-display-component---newResourceUnit--control-anchor","interaction":{"idSuffix":"BDI-content"}},"wdio_ui5_key":"applicationmanageresources-display-component---newResourceUnit--newRRUPage-anchBar-application-manageresources-display-component---newResourceUnit--control-anchor"}]}
RESULT: {"script":"<script> [1562 bytes]","args":[{"selector":{"id":"application-manageresources-display-component---newResourceUnit--newRRUPage-anchBar-application-manageresources-display-component---newResourceUnit--control-anchor","interaction":{"idSuffix":"BDI-content"}},"wdio_ui5_key":"applicationmanageresources-display-component---newResourceUnit--newRRUPage-anchBar-application-manageresources-display-component---newResourceUnit--control-anchor"}]}
RESULT: undefined
COMMAND: POST /session/edf591f4886fe2f4d5accf7d7849bb74/element - {"using":"xpath","value":"//*[@id=\"application-manageresources-display-component---newResourceUnit--newRRUPage-anchBar-application-manageresources-display-component---newResourceUnit--control-anchor\"]"}
RESULT: {"using":"xpath","value":"//*[@id=\"application-manageresources-display-component---newResourceUnit--newRRUPage-anchBar-application-manageresources-display-component---newResourceUnit--control-anchor\"]"}
COMMAND: POST /session/edf591f4886fe2f4d5accf7d7849bb74/element/f.F79DA72124CEC4D1C0F67458F1C76B54.d.D85B4D99B9A53618CD2BA187FC457C24.e.5921/click - {}
RESULT: {}
COMMAND: POST /session/edf591f4886fe2f4d5accf7d7849bb74/execute/async - {"script":"<script> [1562 bytes]","args":[{"selector":{"id":"application-manageresources-display-component---newResourceUnit--PLANNING_GROUP","interaction":{"idSuffix":"inner"}},"wdio_ui5_key":"applicationmanageresources-display-component---newResourceUnit--PLANNING_GROUP"}]}
COMMAND: GET /session/edf591f4886fe2f4d5accf7d7849bb74/screenshot - {}
RESULT: {"script":"<script> [1562 bytes]","args":[{"selector":{"id":"application-manageresources-display-component---newResourceUnit--PLANNING_GROUP","interaction":{"idSuffix":"inner"}},"wdio_ui5_key":"applicationmanageresources-display-component---newResourceUnit--PLANNING_GROUP"}]}
RESULT: undefined
COMMAND: POST /session/edf591f4886fe2f4d5accf7d7849bb74/execute/async - {"script":"<script> [776 bytes]","args":[{"enterText":"Material","selector":{"id":"application-manageresources-display-component---newResourceUnit--PLANNING_GROUP","interaction":{"idSuffix":"inner"}},"clearTextFirst":true,"interactionType":"ENTER_TEXT"}]}
RESULT: {}
RESULT: {"script":"<script> [776 bytes]","args":[{"enterText":"Material","selector":{"id":"application-manageresources-display-component---newResourceUnit--PLANNING_GROUP","interaction":{"idSuffix":"inner"}},"clearTextFirst":true,"interactionType":"ENTER_TEXT"}]}
COMMAND: POST /session/edf591f4886fe2f4d5accf7d7849bb74/execute/async - {"script":"<script> [1562 bytes]","args":[{"selector":{"id":"application-manageresources-display-component---newResourceUnit--PLANNING_INDICATOR","interaction":{"idSuffix":"inner"}},"wdio_ui5_key":"applicationmanageresources-display-component---newResourceUnit--PLANNING_INDICATOR"}]}
RESULT: {"script":"<script> [1562 bytes]","args":[{"selector":{"id":"application-manageresources-display-component---newResourceUnit--PLANNING_INDICATOR","interaction":{"idSuffix":"inner"}},"wdio_ui5_key":"applicationmanageresources-display-component---newResourceUnit--PLANNING_INDICATOR"}]}
RESULT: undefined
COMMAND: POST /session/edf591f4886fe2f4d5accf7d7849bb74/execute/async - {"script":"<script> [776 bytes]","args":[{"enterText":"10 - infinite","selector":{"id":"application-manageresources-display-component---newResourceUnit--PLANNING_INDICATOR","interaction":{"idSuffix":"inner"}},"clearTextFirst":true,"interactionType":"ENTER_TEXT"}]}
RESULT: {"script":"<script> [776 bytes]","args":[{"enterText":"10 - infinite","selector":{"id":"application-manageresources-display-component---newResourceUnit--PLANNING_INDICATOR","interaction":{"idSuffix":"inner"}},"clearTextFirst":true,"interactionType":"ENTER_TEXT"}]}
COMMAND: POST /session/edf591f4886fe2f4d5accf7d7849bb74/element - {"using":"css selector","value":"#application-manageresources-display-component---newResourceUnit--btnAddTimeSegment"}
RESULT: {"using":"css selector","value":"#application-manageresources-display-component---newResourceUnit--btnAddTimeSegment"}
COMMAND: GET /session/edf591f4886fe2f4d5accf7d7849bb74/element/f.F79DA72124CEC4D1C0F67458F1C76B54.d.D85B4D99B9A53618CD2BA187FC457C24.e.5931/rect - {}
RESULT: {}
COMMAND: GET /session/edf591f4886fe2f4d5accf7d7849bb74/window/rect - {}
RESULT: {}
COMMAND: POST /session/edf591f4886fe2f4d5accf7d7849bb74/execute/sync - {"script":"<script> [92 bytes]","args":[]}
RESULT: {"script":"<script> [92 bytes]","args":[]}
COMMAND: POST /session/edf591f4886fe2f4d5accf7d7849bb74/actions - {"actions":[{"id":"action17","type":"wheel","parameters":{},"actions":[{"type":"scroll","x":-1888,"y":-32,"deltaX":0,"deltaY":0,"duration":0,"origin":{"element-6066-11e4-a52e-4f735466cecf":"f.F79DA72124CEC4D1C0F67458F1C76B54.d.D85B4D99B9A53618CD2BA187FC457C24.e.5931"}}]}]}
COMMAND: GET /session/edf591f4886fe2f4d5accf7d7849bb74/screenshot - {}
RESULT: {}
COMMAND: POST /session/edf591f4886fe2f4d5accf7d7849bb74/execute/sync - {"script":"<script> [79 bytes]","args":[{"element-6066-11e4-a52e-4f735466cecf":"f.F79DA72124CEC4D1C0F67458F1C76B54.d.D85B4D99B9A53618CD2BA187FC457C24.e.5931","ELEMENT":"f.F79DA72124CEC4D1C0F67458F1C76B54.d.D85B4D99B9A53618CD2BA187FC457C24.e.5931"},{"block":"start","inline":"nearest"}]}
RESULT: {"script":"<script> [79 bytes]","args":[{"element-6066-11e4-a52e-4f735466cecf":"f.F79DA72124CEC4D1C0F67458F1C76B54.d.D85B4D99B9A53618CD2BA187FC457C24.e.5931","ELEMENT":"f.F79DA72124CEC4D1C0F67458F1C76B54.d.D85B4D99B9A53618CD2BA187FC457C24.e.5931"},{"block":"start","inline":"nearest"}]}
COMMAND: POST /session/edf591f4886fe2f4d5accf7d7849bb74/execute/async - {"script":"<script> [1562 bytes]","args":[{"selector":{"id":"application-manageresources-display-component---newResourceUnit--btnAddTimeSegment","interaction":{"idSuffix":"inner"}},"wdio_ui5_key":"applicationmanageresources-display-component---newResourceUnit--btnAddTimeSegment"}]}
COMMAND: GET /session/edf591f4886fe2f4d5accf7d7849bb74/screenshot - {}
RESULT: {"script":"<script> [1562 bytes]","args":[{"selector":{"id":"application-manageresources-display-component---newResourceUnit--btnAddTimeSegment","interaction":{"idSuffix":"inner"}},"wdio_ui5_key":"applicationmanageresources-display-component---newResourceUnit--btnAddTimeSegment"}]}
RESULT: undefined
COMMAND: POST /session/edf591f4886fe2f4d5accf7d7849bb74/element - {"using":"xpath","value":"//*[@id=\"application-manageresources-display-component---newResourceUnit--btnAddTimeSegment\"]"}
RESULT: {}
RESULT: {"using":"xpath","value":"//*[@id=\"application-manageresources-display-component---newResourceUnit--btnAddTimeSegment\"]"}
COMMAND: POST /session/edf591f4886fe2f4d5accf7d7849bb74/element/f.F79DA72124CEC4D1C0F67458F1C76B54.d.D85B4D99B9A53618CD2BA187FC457C24.e.5931/click - {}
RESULT: {}
COMMAND: GET /session/edf591f4886fe2f4d5accf7d7849bb74/screenshot - {}
RESULT: {}
COMMAND: POST /session/edf591f4886fe2f4d5accf7d7849bb74/element - {"using":"xpath","value":"//input[@id=\"application-manageresources-display-component---newResourceUnit--idRuTSAdmin-application-manageresources-display-component---newResourceUnit--RUTimeSegment-0-inner\"]"}
RESULT: {"using":"xpath","value":"//input[@id=\"application-manageresources-display-component---newResourceUnit--idRuTSAdmin-application-manageresources-display-component---newResourceUnit--RUTimeSegment-0-inner\"]"}
COMMAND: POST /session/edf591f4886fe2f4d5accf7d7849bb74/element/f.F79DA72124CEC4D1C0F67458F1C76B54.d.D85B4D99B9A53618CD2BA187FC457C24.e.5936/clear - {}
RESULT: {}
COMMAND: POST /session/edf591f4886fe2f4d5accf7d7849bb74/element/f.F79DA72124CEC4D1C0F67458F1C76B54.d.D85B4D99B9A53618CD2BA187FC457C24.e.5936/value - {"text":"559"}
COMMAND: GET /session/edf591f4886fe2f4d5accf7d7849bb74/screenshot - {}
RESULT: {"text":"559"}
COMMAND: GET /session/edf591f4886fe2f4d5accf7d7849bb74/screenshot - {}
RESULT: {}
RESULT: {}
COMMAND: POST /session/edf591f4886fe2f4d5accf7d7849bb74/element - {"using":"xpath","value":"//li[.//span[text()='559']]"}
RESULT: {"using":"xpath","value":"//li[.//span[text()='559']]"}
COMMAND: POST /session/edf591f4886fe2f4d5accf7d7849bb74/element/f.F79DA72124CEC4D1C0F67458F1C76B54.d.D85B4D99B9A53618CD2BA187FC457C24.e.5945/click - {}
RESULT: {}
COMMAND: GET /session/edf591f4886fe2f4d5accf7d7849bb74/screenshot - {}
RESULT: {}
COMMAND: POST /session/edf591f4886fe2f4d5accf7d7849bb74/element - {"using":"xpath","value":"//*[contains(text(), \"Catalogs\")][contains(@id ,\"application-manageresources-display-component---newResourceUnit--newRRUPage-anchBar\")]"}
RESULT: {"using":"xpath","value":"//*[contains(text(), \"Catalogs\")][contains(@id ,\"application-manageresources-display-component---newResourceUnit--newRRUPage-anchBar\")]"}
COMMAND: POST /session/edf591f4886fe2f4d5accf7d7849bb74/element/f.F79DA72124CEC4D1C0F67458F1C76B54.d.D85B4D99B9A53618CD2BA187FC457C24.e.5946/click - {}
RESULT: {}
COMMAND: GET /session/edf591f4886fe2f4d5accf7d7849bb74/screenshot - {}
RESULT: {}
COMMAND: POST /session/edf591f4886fe2f4d5accf7d7849bb74/element - {"using":"xpath","value":"//*[contains(text(), \"Assign\")][contains(@id ,\"button\")]"}
RESULT: {"using":"xpath","value":"//*[contains(text(), \"Assign\")][contains(@id ,\"button\")]"}
COMMAND: POST /session/edf591f4886fe2f4d5accf7d7849bb74/element/f.F79DA72124CEC4D1C0F67458F1C76B54.d.D85B4D99B9A53618CD2BA187FC457C24.e.5949/click - {}
RESULT: {}
COMMAND: GET /session/edf591f4886fe2f4d5accf7d7849bb74/screenshot - {}
RESULT: {}
COMMAND: POST /session/edf591f4886fe2f4d5accf7d7849bb74/element - {"using":"xpath","value":"//span[@id = \"application-manageresources-display-component---newResourceUnit--catalogSelect-arrow\"]"}
RESULT: {"using":"xpath","value":"//span[@id = \"application-manageresources-display-component---newResourceUnit--catalogSelect-arrow\"]"}
COMMAND: POST /session/edf591f4886fe2f4d5accf7d7849bb74/element/f.F79DA72124CEC4D1C0F67458F1C76B54.d.D85B4D99B9A53618CD2BA187FC457C24.e.5957/click - {}
RESULT: {}
COMMAND: GET /session/edf591f4886fe2f4d5accf7d7849bb74/screenshot - {}
RESULT: {}
COMMAND: POST /session/edf591f4886fe2f4d5accf7d7849bb74/element - {"using":"xpath","value":"//li[.//span[text()=\"Webshop Catalog\"]]"}
RESULT: {"using":"xpath","value":"//li[.//span[text()=\"Webshop Catalog\"]]"}
COMMAND: POST /session/edf591f4886fe2f4d5accf7d7849bb74/element/f.F79DA72124CEC4D1C0F67458F1C76B54.d.D85B4D99B9A53618CD2BA187FC457C24.e.5958/click - {}
RESULT: {}
COMMAND: GET /session/edf591f4886fe2f4d5accf7d7849bb74/screenshot - {}
RESULT: {}
COMMAND: POST /session/edf591f4886fe2f4d5accf7d7849bb74/element - {"using":"xpath","value":"//span[@id = \"application-manageresources-display-component---newResourceUnit--catalogItemSelect-arrow\"]"}
RESULT: {"using":"xpath","value":"//span[@id = \"application-manageresources-display-component---newResourceUnit--catalogItemSelect-arrow\"]"}
COMMAND: POST /session/edf591f4886fe2f4d5accf7d7849bb74/element/f.F79DA72124CEC4D1C0F67458F1C76B54.d.D85B4D99B9A53618CD2BA187FC457C24.e.5959/click - {}
RESULT: {}
COMMAND: GET /session/edf591f4886fe2f4d5accf7d7849bb74/screenshot - {}
RESULT: {}
COMMAND: POST /session/edf591f4886fe2f4d5accf7d7849bb74/element - {"using":"xpath","value":"//li[.//span[text()=\"Concert - Concert \"]]"}
RESULT: {"using":"xpath","value":"//li[.//span[text()=\"Concert - Concert \"]]"}
COMMAND: POST /session/edf591f4886fe2f4d5accf7d7849bb74/element/f.F79DA72124CEC4D1C0F67458F1C76B54.d.D85B4D99B9A53618CD2BA187FC457C24.e.5960/click - {}
RESULT: {}
COMMAND: GET /session/edf591f4886fe2f4d5accf7d7849bb74/screenshot - {}
RESULT: {}
COMMAND: POST /session/edf591f4886fe2f4d5accf7d7849bb74/execute/async - {"script":"<script> [1562 bytes]","args":[{"selector":{"id":"application-manageresources-display-component---newResourceUnit--RUAssignmentSaveButton","searchOpenDialogs":true,"interaction":{"idSuffix":"BDI-content"}},"wdio_ui5_key":"applicationmanageresources-display-component---newResourceUnit--RUAssignmentSaveButton"}]}
RESULT: {"script":"<script> [1562 bytes]","args":[{"selector":{"id":"application-manageresources-display-component---newResourceUnit--RUAssignmentSaveButton","searchOpenDialogs":true,"interaction":{"idSuffix":"BDI-content"}},"wdio_ui5_key":"applicationmanageresources-display-component---newResourceUnit--RUAssignmentSaveButton"}]}
RESULT: undefined
COMMAND: POST /session/edf591f4886fe2f4d5accf7d7849bb74/element - {"using":"xpath","value":"//*[@id=\"application-manageresources-display-component---newResourceUnit--RUAssignmentSaveButton\"]"}
RESULT: {"using":"xpath","value":"//*[@id=\"application-manageresources-display-component---newResourceUnit--RUAssignmentSaveButton\"]"}
COMMAND: POST /session/edf591f4886fe2f4d5accf7d7849bb74/element/f.F79DA72124CEC4D1C0F67458F1C76B54.d.D85B4D99B9A53618CD2BA187FC457C24.e.5976/click - {}
RESULT: {}
COMMAND: GET /session/edf591f4886fe2f4d5accf7d7849bb74/screenshot - {}
RESULT: {}
COMMAND: POST /session/edf591f4886fe2f4d5accf7d7849bb74/element - {"using":"xpath","value":"//button[@data-kt=\"resourceUnitSaveButton\"]"}
RESULT: {"using":"xpath","value":"//button[@data-kt=\"resourceUnitSaveButton\"]"}
COMMAND: POST /session/edf591f4886fe2f4d5accf7d7849bb74/element/f.F79DA72124CEC4D1C0F67458F1C76B54.d.D85B4D99B9A53618CD2BA187FC457C24.e.5873/click - {}
RESULT: {}
COMMAND: GET /session/edf591f4886fe2f4d5accf7d7849bb74/screenshot - {}
RESULT: {}
COMMAND: POST /session/edf591f4886fe2f4d5accf7d7849bb74/element - {"using":"xpath","value":"//bdi[contains(text(), \"Close\")]"}
RESULT: {"using":"xpath","value":"//bdi[contains(text(), \"Close\")]"}
COMMAND: POST /session/edf591f4886fe2f4d5accf7d7849bb74/element/f.F79DA72124CEC4D1C0F67458F1C76B54.d.D85B4D99B9A53618CD2BA187FC457C24.e.5980/click - {}
RESULT: {}
COMMAND: GET /session/edf591f4886fe2f4d5accf7d7849bb74/screenshot - {}
RESULT: {}
COMMAND: POST /session/edf591f4886fe2f4d5accf7d7849bb74/element - {"using":"xpath","value":"//header[contains(@id, 'detailRruPage-headerTitle')]/div[1]/div[2]/div[2]/span[1]"}
RESULT: {"using":"xpath","value":"//header[contains(@id, 'detailRruPage-headerTitle')]/div[1]/div[2]/div[2]/span[1]"}
COMMAND: POST /session/edf591f4886fe2f4d5accf7d7849bb74/elements - {"using":"xpath","value":"//header[contains(@id, 'detailRruPage-headerTitle')]/div[1]/div[2]/div[2]/span[1]"}
RESULT: {"using":"xpath","value":"//header[contains(@id, 'detailRruPage-headerTitle')]/div[1]/div[2]/div[2]/span[1]"}
COMMAND: POST /session/edf591f4886fe2f4d5accf7d7849bb74/execute/sync - {"script":"<script> [56 bytes]","args":[{"element-6066-11e4-a52e-4f735466cecf":"f.F79DA72124CEC4D1C0F67458F1C76B54.d.D85B4D99B9A53618CD2BA187FC457C24.e.6012","ELEMENT":"f.F79DA72124CEC4D1C0F67458F1C76B54.d.D85B4D99B9A53618CD2BA187FC457C24.e.6012"}]}
RESULT: {"script":"<script> [56 bytes]","args":[{"element-6066-11e4-a52e-4f735466cecf":"f.F79DA72124CEC4D1C0F67458F1C76B54.d.D85B4D99B9A53618CD2BA187FC457C24.e.6012","ELEMENT":"f.F79DA72124CEC4D1C0F67458F1C76B54.d.D85B4D99B9A53618CD2BA187FC457C24.e.6012"}]}
COMMAND: POST /session/edf591f4886fe2f4d5accf7d7849bb74/element - {"using":"css selector","value":"#shell-header-logo"}
COMMAND: GET /session/edf591f4886fe2f4d5accf7d7849bb74/screenshot - {}
RESULT: {"using":"css selector","value":"#shell-header-logo"}
COMMAND: POST /session/edf591f4886fe2f4d5accf7d7849bb74/element/f.F79DA72124CEC4D1C0F67458F1C76B54.d.D85B4D99B9A53618CD2BA187FC457C24.e.5465/click - {}
RESULT: {}
RESULT: {}
COMMAND: GET /session/edf591f4886fe2f4d5accf7d7849bb74/screenshot - {}
RESULT: {}
]]></system-out>
    </testcase>
    <testcase classname="chrome.136_0_7103_93.windows.Yard_Overview_Autoplanning_US130989" name="Should create a new request and add the material" time="93.012">
      <system-out><![CDATA[
COMMAND: POST /session/edf591f4886fe2f4d5accf7d7849bb74/execute/async - {"script":"<script> [1562 bytes]","args":[{"selector":{"controlType":"sap.m.GenericTile","properties":{"header":"Manage Requests"}},"wdio_ui5_key":"sapm.GenericTile{\"header\":\"Manage Requests\"}"}]}
RESULT: {"script":"<script> [1562 bytes]","args":[{"selector":{"controlType":"sap.m.GenericTile","properties":{"header":"Manage Requests"}},"wdio_ui5_key":"sapm.GenericTile{\"header\":\"Manage Requests\"}"}]}
RESULT: undefined
COMMAND: POST /session/edf591f4886fe2f4d5accf7d7849bb74/element - {"using":"xpath","value":"//*[@id=\"__tile47\"]"}
RESULT: {"using":"xpath","value":"//*[@id=\"__tile47\"]"}
COMMAND: POST /session/edf591f4886fe2f4d5accf7d7849bb74/element/f.F79DA72124CEC4D1C0F67458F1C76B54.d.D85B4D99B9A53618CD2BA187FC457C24.e.5451/click - {}
RESULT: {}
COMMAND: GET /session/edf591f4886fe2f4d5accf7d7849bb74/screenshot - {}
RESULT: {}
COMMAND: POST /session/edf591f4886fe2f4d5accf7d7849bb74/elements - {"using":"xpath","value":"//span[text()='Error']"}
RESULT: {"using":"xpath","value":"//span[text()='Error']"}
COMMAND: POST /session/edf591f4886fe2f4d5accf7d7849bb74/execute/async - {"script":"<script> [1562 bytes]","args":[{"selector":{"id":"btnCreateNew","viewName":"etm.portal.ui.managerequests.view.Master","interaction":{"idSuffix":"inner"}},"wdio_ui5_key":"btnCreateNewetmportal.ui.managerequests.view.Master"}]}
RESULT: {"script":"<script> [1562 bytes]","args":[{"selector":{"id":"btnCreateNew","viewName":"etm.portal.ui.managerequests.view.Master","interaction":{"idSuffix":"inner"}},"wdio_ui5_key":"btnCreateNewetmportal.ui.managerequests.view.Master"}]}
RESULT: undefined
COMMAND: POST /session/edf591f4886fe2f4d5accf7d7849bb74/element - {"using":"xpath","value":"//*[@id=\"__xmlview58--btnCreateNew\"]"}
RESULT: {"using":"xpath","value":"//*[@id=\"__xmlview58--btnCreateNew\"]"}
COMMAND: POST /session/edf591f4886fe2f4d5accf7d7849bb74/element/f.F79DA72124CEC4D1C0F67458F1C76B54.d.D85B4D99B9A53618CD2BA187FC457C24.e.6069/click - {}
RESULT: {}
COMMAND: GET /session/edf591f4886fe2f4d5accf7d7849bb74/screenshot - {}
RESULT: {}
COMMAND: POST /session/edf591f4886fe2f4d5accf7d7849bb74/execute/async - {"script":"<script> [1562 bytes]","args":[{"selector":{"controlType":"sap.ui.core.Icon","viewName":"etm.portal.ui.managerequests.view.NewRequest","properties":{"src":{"regex":{"source":"full\\-screen"}}}},"wdio_ui5_key":"etmportal.ui.managerequests.view.NewRequestsap.ui.core.Icon{\"src\":{\"regex\":{\"source\":\"full\\\\-screen\"}}}"}]}
RESULT: {"script":"<script> [1562 bytes]","args":[{"selector":{"controlType":"sap.ui.core.Icon","viewName":"etm.portal.ui.managerequests.view.NewRequest","properties":{"src":{"regex":{"source":"full\\-screen"}}}},"wdio_ui5_key":"etmportal.ui.managerequests.view.NewRequestsap.ui.core.Icon{\"src\":{\"regex\":{\"source\":\"full\\\\-screen\"}}}"}]}
RESULT: undefined
COMMAND: POST /session/edf591f4886fe2f4d5accf7d7849bb74/element - {"using":"xpath","value":"//*[@id=\"__button71-img\"]"}
RESULT: {"using":"xpath","value":"//*[@id=\"__button71-img\"]"}
COMMAND: POST /session/edf591f4886fe2f4d5accf7d7849bb74/element/f.F79DA72124CEC4D1C0F67458F1C76B54.d.D85B4D99B9A53618CD2BA187FC457C24.e.6176/click - {}
RESULT: {}
COMMAND: GET /session/edf591f4886fe2f4d5accf7d7849bb74/screenshot - {}
RESULT: {}
COMMAND: POST /session/edf591f4886fe2f4d5accf7d7849bb74/element - {"using":"xpath","value":"//input[contains(@id ,\"yardId-inner\")]"}
RESULT: {"using":"xpath","value":"//input[contains(@id ,\"yardId-inner\")]"}
COMMAND: POST /session/edf591f4886fe2f4d5accf7d7849bb74/element/f.F79DA72124CEC4D1C0F67458F1C76B54.d.D85B4D99B9A53618CD2BA187FC457C24.e.6200/value - {"text":"559"}
RESULT: {"text":"559"}
COMMAND: GET /session/edf591f4886fe2f4d5accf7d7849bb74/screenshot - {}
RESULT: {}
COMMAND: POST /session/edf591f4886fe2f4d5accf7d7849bb74/element - {"using":"xpath","value":"//li[.//span[text()='559']]"}
RESULT: {"using":"xpath","value":"//li[.//span[text()='559']]"}
COMMAND: POST /session/edf591f4886fe2f4d5accf7d7849bb74/element/f.F79DA72124CEC4D1C0F67458F1C76B54.d.D85B4D99B9A53618CD2BA187FC457C24.e.6524/click - {}
RESULT: {}
COMMAND: GET /session/edf591f4886fe2f4d5accf7d7849bb74/screenshot - {}
RESULT: {}
COMMAND: POST /session/edf591f4886fe2f4d5accf7d7849bb74/element - {"using":"xpath","value":"//input[contains(@id ,\"customerNumber-inner\")]"}
RESULT: {"using":"xpath","value":"//input[contains(@id ,\"customerNumber-inner\")]"}
COMMAND: POST /session/edf591f4886fe2f4d5accf7d7849bb74/element/f.F79DA72124CEC4D1C0F67458F1C76B54.d.D85B4D99B9A53618CD2BA187FC457C24.e.6196/clear - {}
RESULT: {}
COMMAND: POST /session/edf591f4886fe2f4d5accf7d7849bb74/element/f.F79DA72124CEC4D1C0F67458F1C76B54.d.D85B4D99B9A53618CD2BA187FC457C24.e.6196/value - {"text":"1331"}
COMMAND: GET /session/edf591f4886fe2f4d5accf7d7849bb74/screenshot - {}
RESULT: {"text":"1331"}
COMMAND: GET /session/edf591f4886fe2f4d5accf7d7849bb74/screenshot - {}
RESULT: {}
RESULT: {}
COMMAND: POST /session/edf591f4886fe2f4d5accf7d7849bb74/element - {"using":"xpath","value":"//li[.//span[text()='1331']]"}
RESULT: {"using":"xpath","value":"//li[.//span[text()='1331']]"}
COMMAND: POST /session/edf591f4886fe2f4d5accf7d7849bb74/element/f.F79DA72124CEC4D1C0F67458F1C76B54.d.D85B4D99B9A53618CD2BA187FC457C24.e.6526/click - {}
RESULT: {}
COMMAND: GET /session/edf591f4886fe2f4d5accf7d7849bb74/screenshot - {}
RESULT: {}
COMMAND: POST /session/edf591f4886fe2f4d5accf7d7849bb74/element - {"using":"xpath","value":"//button[contains(@id ,\"btnAddTableRow\")]"}
RESULT: {"using":"xpath","value":"//button[contains(@id ,\"btnAddTableRow\")]"}
COMMAND: POST /session/edf591f4886fe2f4d5accf7d7849bb74/element/f.F79DA72124CEC4D1C0F67458F1C76B54.d.D85B4D99B9A53618CD2BA187FC457C24.e.6373/click - {}
RESULT: {}
COMMAND: GET /session/edf591f4886fe2f4d5accf7d7849bb74/screenshot - {}
RESULT: {}
COMMAND: POST /session/edf591f4886fe2f4d5accf7d7849bb74/actions - {"actions":[{"id":"action18","type":"key","parameters":{},"actions":[{"type":"keyDown","value":"î€•"},{"type":"pause","duration":10},{"type":"keyUp","value":"î€•"}]}]}
RESULT: {"actions":[{"id":"action18","type":"key","parameters":{},"actions":[{"type":"keyDown","value":"î€•"},{"type":"pause","duration":10},{"type":"keyUp","value":"î€•"}]}]}
COMMAND: POST /session/edf591f4886fe2f4d5accf7d7849bb74/actions - {"actions":[{"id":"action19","type":"key","parameters":{},"actions":[{"type":"keyDown","value":"î€‡"},{"type":"pause","duration":10},{"type":"keyUp","value":"î€‡"}]}]}
COMMAND: GET /session/edf591f4886fe2f4d5accf7d7849bb74/screenshot - {}
RESULT: {"actions":[{"id":"action19","type":"key","parameters":{},"actions":[{"type":"keyDown","value":"î€‡"},{"type":"pause","duration":10},{"type":"keyUp","value":"î€‡"}]}]}
COMMAND: GET /session/edf591f4886fe2f4d5accf7d7849bb74/screenshot - {}
RESULT: {}
RESULT: {}
COMMAND: POST /session/edf591f4886fe2f4d5accf7d7849bb74/element - {"using":"xpath","value":"//table[contains(@id, \"requestItemsTable-listUl\")]//tbody/tr[1]/td[3]/div/div/input"}
RESULT: {"using":"xpath","value":"//table[contains(@id, \"requestItemsTable-listUl\")]//tbody/tr[1]/td[3]/div/div/input"}
COMMAND: POST /session/edf591f4886fe2f4d5accf7d7849bb74/element/f.F79DA72124CEC4D1C0F67458F1C76B54.d.D85B4D99B9A53618CD2BA187FC457C24.e.6530/clear - {}
RESULT: {}
COMMAND: POST /session/edf591f4886fe2f4d5accf7d7849bb74/element/f.F79DA72124CEC4D1C0F67458F1C76B54.d.D85B4D99B9A53618CD2BA187FC457C24.e.6530/value - {"text":"Concert"}
COMMAND: GET /session/edf591f4886fe2f4d5accf7d7849bb74/screenshot - {}
RESULT: {"text":"Concert"}
COMMAND: GET /session/edf591f4886fe2f4d5accf7d7849bb74/screenshot - {}
RESULT: {}
RESULT: {}
COMMAND: POST /session/edf591f4886fe2f4d5accf7d7849bb74/element - {"using":"xpath","value":"//li[.//span[contains(text(), \"Concert\")]]"}
RESULT: {"using":"xpath","value":"//li[.//span[contains(text(), \"Concert\")]]"}
COMMAND: POST /session/edf591f4886fe2f4d5accf7d7849bb74/element/f.F79DA72124CEC4D1C0F67458F1C76B54.d.D85B4D99B9A53618CD2BA187FC457C24.e.6541/click - {}
RESULT: {}
COMMAND: GET /session/edf591f4886fe2f4d5accf7d7849bb74/screenshot - {}
RESULT: {}
COMMAND: POST /session/edf591f4886fe2f4d5accf7d7849bb74/execute/async - {"script":"<script> [1562 bytes]","args":[{"selector":{"controlType":"sap.ui.core.Icon","viewName":"etm.portal.ui.managerequests.view.NewRequest","properties":{"src":{"regex":{"source":"message\\-error"}}},"ancestor":{"controlType":"sap.m.ColumnListItem","viewName":"etm.portal.ui.managerequests.view.NewRequest","bindingPath":{"modelName":"newRequestItems","path":"/RequestItems/0"},"ancestor":{"id":"requestItemsTable","viewName":"etm.portal.ui.managerequests.view.NewRequest"}}},"wdio_ui5_key":"etmportal.ui.managerequests.view.NewRequestsap.ui.core.Icon{\"src\":{\"regex\":{\"source\":\"message\\\\-error\"}}}{\"controlType\":\"sap.m.ColumnListItem\",\"viewName\":\"etm.portal.ui.managerequests.view.NewRequest\",\"bindingPath\":{\"modelName\":\"newRequestItems\",\"path\":\"/RequestItems/0\"},\"ancestor\":{\"id\":\"requestItemsTable\",\"viewName\":\"etm.portal.ui.managerequests.view.NewRequest\"}}"}]}
RESULT: {"script":"<script> [1562 bytes]","args":[{"selector":{"controlType":"sap.ui.core.Icon","viewName":"etm.portal.ui.managerequests.view.NewRequest","properties":{"src":{"regex":{"source":"message\\-error"}}},"ancestor":{"controlType":"sap.m.ColumnListItem","viewName":"etm.portal.ui.managerequests.view.NewRequest","bindingPath":{"modelName":"newRequestItems","path":"/RequestItems/0"},"ancestor":{"id":"requestItemsTable","viewName":"etm.portal.ui.managerequests.view.NewRequest"}}},"wdio_ui5_key":"etmportal.ui.managerequests.view.NewRequestsap.ui.core.Icon{\"src\":{\"regex\":{\"source\":\"message\\\\-error\"}}}{\"controlType\":\"sap.m.ColumnListItem\",\"viewName\":\"etm.portal.ui.managerequests.view.NewRequest\",\"bindingPath\":{\"modelName\":\"newRequestItems\",\"path\":\"/RequestItems/0\"},\"ancestor\":{\"id\":\"requestItemsTable\",\"viewName\":\"etm.portal.ui.managerequests.view.NewRequest\"}}"}]}
RESULT: undefined
COMMAND: POST /session/edf591f4886fe2f4d5accf7d7849bb74/element - {"using":"xpath","value":"//*[@id=\"__status10-__xmlview59--requestItemsTable-0-icon\"]"}
RESULT: {"using":"xpath","value":"//*[@id=\"__status10-__xmlview59--requestItemsTable-0-icon\"]"}
COMMAND: POST /session/edf591f4886fe2f4d5accf7d7849bb74/element/f.F79DA72124CEC4D1C0F67458F1C76B54.d.D85B4D99B9A53618CD2BA187FC457C24.e.6542/click - {}
RESULT: {}
COMMAND: POST /session/edf591f4886fe2f4d5accf7d7849bb74/execute/async - {"script":"<script> [1562 bytes]","args":[{"selector":{"controlType":"sap.ui.core.Icon","viewName":"etm.portal.ui.managerequests.view.NewRequest","properties":{"src":{"regex":{"source":"slim\\-arrow\\-down"}}},"searchOpenDialogs":true,"ancestor":{"id":"costObjectAdminTypeComboBox","viewName":"etm.portal.ui.managerequests.view.NewRequest","searchOpenDialogs":true}},"wdio_ui5_key":"etmportal.ui.managerequests.view.NewRequestsap.ui.core.Icon{\"src\":{\"regex\":{\"source\":\"slim\\\\-arrow\\\\-down\"}}}{\"id\":\"costObjectAdminTypeComboBox\",\"viewName\":\"etm.portal.ui.managerequests.view.NewRequest\",\"searchOpenDialogs\":true}"}]}
COMMAND: GET /session/edf591f4886fe2f4d5accf7d7849bb74/screenshot - {}
RESULT: {"script":"<script> [1562 bytes]","args":[{"selector":{"controlType":"sap.ui.core.Icon","viewName":"etm.portal.ui.managerequests.view.NewRequest","properties":{"src":{"regex":{"source":"slim\\-arrow\\-down"}}},"searchOpenDialogs":true,"ancestor":{"id":"costObjectAdminTypeComboBox","viewName":"etm.portal.ui.managerequests.view.NewRequest","searchOpenDialogs":true}},"wdio_ui5_key":"etmportal.ui.managerequests.view.NewRequestsap.ui.core.Icon{\"src\":{\"regex\":{\"source\":\"slim\\\\-arrow\\\\-down\"}}}{\"id\":\"costObjectAdminTypeComboBox\",\"viewName\":\"etm.portal.ui.managerequests.view.NewRequest\",\"searchOpenDialogs\":true}"}]}
RESULT: undefined
COMMAND: POST /session/edf591f4886fe2f4d5accf7d7849bb74/element - {"using":"xpath","value":"//*[@id=\"__xmlview59--costObjectAdminTypeComboBox-arrow\"]"}
RESULT: {}
RESULT: {"using":"xpath","value":"//*[@id=\"__xmlview59--costObjectAdminTypeComboBox-arrow\"]"}
COMMAND: POST /session/edf591f4886fe2f4d5accf7d7849bb74/element/f.F79DA72124CEC4D1C0F67458F1C76B54.d.D85B4D99B9A53618CD2BA187FC457C24.e.6546/click - {}
RESULT: {}
COMMAND: GET /session/edf591f4886fe2f4d5accf7d7849bb74/screenshot - {}
RESULT: {}
COMMAND: POST /session/edf591f4886fe2f4d5accf7d7849bb74/execute/async - {"script":"<script> [1562 bytes]","args":[{"selector":{"controlType":"sap.m.StandardListItem","viewName":"etm.portal.ui.managerequests.view.NewRequest","properties":{"title":"Cost Center"},"searchOpenDialogs":true,"interaction":{"idSuffix":"content"}},"wdio_ui5_key":"etmportal.ui.managerequests.view.NewRequestsap.m.StandardListItem{\"title\":\"Cost Center\"}"}]}
RESULT: {"script":"<script> [1562 bytes]","args":[{"selector":{"controlType":"sap.m.StandardListItem","viewName":"etm.portal.ui.managerequests.view.NewRequest","properties":{"title":"Cost Center"},"searchOpenDialogs":true,"interaction":{"idSuffix":"content"}},"wdio_ui5_key":"etmportal.ui.managerequests.view.NewRequestsap.m.StandardListItem{\"title\":\"Cost Center\"}"}]}
RESULT: undefined
COMMAND: POST /session/edf591f4886fe2f4d5accf7d7849bb74/element - {"using":"xpath","value":"//*[@id=\"__item1589\"]"}
RESULT: {"using":"xpath","value":"//*[@id=\"__item1589\"]"}
COMMAND: POST /session/edf591f4886fe2f4d5accf7d7849bb74/element/f.F79DA72124CEC4D1C0F67458F1C76B54.d.D85B4D99B9A53618CD2BA187FC457C24.e.6550/click - {}
RESULT: {}
COMMAND: GET /session/edf591f4886fe2f4d5accf7d7849bb74/screenshot - {}
RESULT: {}
COMMAND: POST /session/edf591f4886fe2f4d5accf7d7849bb74/execute/async - {"script":"<script> [1562 bytes]","args":[{"selector":{"controlType":"sap.m.Button","viewName":"etm.portal.ui.managerequests.view.NewRequest","i18NText":{"propertyName":"text","key":"save"},"searchOpenDialogs":true,"interaction":{"idSuffix":"inner"}},"wdio_ui5_key":"etmportal.ui.managerequests.view.NewRequestsap.m.Button{\"propertyName\":\"text\",\"key\":\"save\"}"}]}
RESULT: {"script":"<script> [1562 bytes]","args":[{"selector":{"controlType":"sap.m.Button","viewName":"etm.portal.ui.managerequests.view.NewRequest","i18NText":{"propertyName":"text","key":"save"},"searchOpenDialogs":true,"interaction":{"idSuffix":"inner"}},"wdio_ui5_key":"etmportal.ui.managerequests.view.NewRequestsap.m.Button{\"propertyName\":\"text\",\"key\":\"save\"}"}]}
RESULT: undefined
COMMAND: POST /session/edf591f4886fe2f4d5accf7d7849bb74/element - {"using":"xpath","value":"//*[@id=\"__button87\"]"}
RESULT: {"using":"xpath","value":"//*[@id=\"__button87\"]"}
COMMAND: POST /session/edf591f4886fe2f4d5accf7d7849bb74/element/f.F79DA72124CEC4D1C0F67458F1C76B54.d.D85B4D99B9A53618CD2BA187FC457C24.e.6558/click - {}
RESULT: {}
COMMAND: GET /session/edf591f4886fe2f4d5accf7d7849bb74/screenshot - {}
RESULT: {}
COMMAND: POST /session/edf591f4886fe2f4d5accf7d7849bb74/execute/async - {"script":"<script> [1562 bytes]","args":[{"selector":{"controlType":"sap.m.Button","viewName":"etm.portal.ui.managerequests.view.NewRequest","i18NText":{"propertyName":"tooltip","key":"save"},"interaction":{"idSuffix":"BDI-content"}},"wdio_ui5_key":"etmportal.ui.managerequests.view.NewRequestsap.m.Button{\"propertyName\":\"tooltip\",\"key\":\"save\"}"}]}
RESULT: {"script":"<script> [1562 bytes]","args":[{"selector":{"controlType":"sap.m.Button","viewName":"etm.portal.ui.managerequests.view.NewRequest","i18NText":{"propertyName":"tooltip","key":"save"},"interaction":{"idSuffix":"BDI-content"}},"wdio_ui5_key":"etmportal.ui.managerequests.view.NewRequestsap.m.Button{\"propertyName\":\"tooltip\",\"key\":\"save\"}"}]}
RESULT: undefined
COMMAND: POST /session/edf591f4886fe2f4d5accf7d7849bb74/element - {"using":"xpath","value":"//*[@id=\"__button78\"]"}
RESULT: {"using":"xpath","value":"//*[@id=\"__button78\"]"}
COMMAND: POST /session/edf591f4886fe2f4d5accf7d7849bb74/element/f.F79DA72124CEC4D1C0F67458F1C76B54.d.D85B4D99B9A53618CD2BA187FC457C24.e.6379/click - {}
RESULT: {}
COMMAND: POST /session/edf591f4886fe2f4d5accf7d7849bb74/execute/async - {"script":"<script> [1562 bytes]","args":[{"selector":{"controlType":"sap.m.Button","properties":{"text":"Close"},"searchOpenDialogs":true,"interaction":{"idSuffix":"inner"}},"wdio_ui5_key":"sapm.Button{\"text\":\"Close\"}"}]}
COMMAND: GET /session/edf591f4886fe2f4d5accf7d7849bb74/screenshot - {}
RESULT: {"script":"<script> [1562 bytes]","args":[{"selector":{"controlType":"sap.m.Button","properties":{"text":"Close"},"searchOpenDialogs":true,"interaction":{"idSuffix":"inner"}},"wdio_ui5_key":"sapm.Button{\"text\":\"Close\"}"}]}
RESULT: undefined
COMMAND: POST /session/edf591f4886fe2f4d5accf7d7849bb74/element - {"using":"xpath","value":"//*[@id=\"__mbox-btn-1\"]"}
RESULT: {}
RESULT: {"using":"xpath","value":"//*[@id=\"__mbox-btn-1\"]"}
COMMAND: POST /session/edf591f4886fe2f4d5accf7d7849bb74/element/f.F79DA72124CEC4D1C0F67458F1C76B54.d.D85B4D99B9A53618CD2BA187FC457C24.e.6561/click - {}
RESULT: {}
COMMAND: GET /session/edf591f4886fe2f4d5accf7d7849bb74/screenshot - {}
RESULT: {}
COMMAND: POST /session/edf591f4886fe2f4d5accf7d7849bb74/execute/async - {"script":"<script> [1562 bytes]","args":[{"selector":{"controlType":"sap.m.Text","viewName":"etm.portal.ui.managerequests.view.Detail","bindingPath":{"propertyPath":"NO","modelName":"catalogModel"}},"wdio_ui5_key":"etmportal.ui.managerequests.view.Detailsap.m.Text{\"propertyPath\":\"NO\",\"modelName\":\"catalogModel\"}"}]}
RESULT: {"script":"<script> [1562 bytes]","args":[{"selector":{"controlType":"sap.m.Text","viewName":"etm.portal.ui.managerequests.view.Detail","bindingPath":{"propertyPath":"NO","modelName":"catalogModel"}},"wdio_ui5_key":"etmportal.ui.managerequests.view.Detailsap.m.Text{\"propertyPath\":\"NO\",\"modelName\":\"catalogModel\"}"}]}
RESULT: undefined
COMMAND: POST /session/edf591f4886fe2f4d5accf7d7849bb74/execute/async - {"script":"<script> [6424 bytes]","args":[{"element-6066-11e4-a52e-4f735466cecf":"f.F79DA72124CEC4D1C0F67458F1C76B54.d.D85B4D99B9A53618CD2BA187FC457C24.e.6830"},"getText",[]]}
RESULT: {"script":"<script> [6424 bytes]","args":[{"element-6066-11e4-a52e-4f735466cecf":"f.F79DA72124CEC4D1C0F67458F1C76B54.d.D85B4D99B9A53618CD2BA187FC457C24.e.6830"},"getText",[]]}
COMMAND: POST /session/edf591f4886fe2f4d5accf7d7849bb74/element - {"using":"css selector","value":"#shell-header-logo"}
RESULT: {"using":"css selector","value":"#shell-header-logo"}
COMMAND: POST /session/edf591f4886fe2f4d5accf7d7849bb74/element/f.F79DA72124CEC4D1C0F67458F1C76B54.d.D85B4D99B9A53618CD2BA187FC457C24.e.6016/click - {}
RESULT: {}
COMMAND: GET /session/edf591f4886fe2f4d5accf7d7849bb74/screenshot - {}
RESULT: {}
]]></system-out>
    </testcase>
    <testcase classname="chrome.136_0_7103_93.windows.Yard_Overview_Autoplanning_US130989" name="Should navigate to Yard overview and plan the request" time="134.022">
      <system-out><![CDATA[
COMMAND: POST /session/edf591f4886fe2f4d5accf7d7849bb74/execute/async - {"script":"<script> [1562 bytes]","args":[{"selector":{"controlType":"sap.m.GenericTile","properties":{"header":"Yard Overview"}},"wdio_ui5_key":"sapm.GenericTile{\"header\":\"Yard Overview\"}"}]}
RESULT: {"script":"<script> [1562 bytes]","args":[{"selector":{"controlType":"sap.m.GenericTile","properties":{"header":"Yard Overview"}},"wdio_ui5_key":"sapm.GenericTile{\"header\":\"Yard Overview\"}"}]}
RESULT: undefined
COMMAND: POST /session/edf591f4886fe2f4d5accf7d7849bb74/element - {"using":"xpath","value":"//*[@id=\"__tile102\"]"}
RESULT: {"using":"xpath","value":"//*[@id=\"__tile102\"]"}
COMMAND: POST /session/edf591f4886fe2f4d5accf7d7849bb74/element/f.F79DA72124CEC4D1C0F67458F1C76B54.d.D85B4D99B9A53618CD2BA187FC457C24.e.6834/click - {}
RESULT: {}
COMMAND: GET /session/edf591f4886fe2f4d5accf7d7849bb74/screenshot - {}
RESULT: {}
COMMAND: POST /session/edf591f4886fe2f4d5accf7d7849bb74/elements - {"using":"xpath","value":"//span[text()='Error']"}
RESULT: {"using":"xpath","value":"//span[text()='Error']"}
COMMAND: POST /session/edf591f4886fe2f4d5accf7d7849bb74/execute/async - {"script":"<script> [1562 bytes]","args":[{"selector":{"id":"application-yardoverview-display-component---masterYardInventory--smartFilterBar-btnBasicSearch","interaction":{"idSuffix":"I"}},"wdio_ui5_key":"applicationyardoverview-display-component---masterYardInventory--smartFilterBar-btnBasicSearch"}]}
RESULT: {"script":"<script> [1562 bytes]","args":[{"selector":{"id":"application-yardoverview-display-component---masterYardInventory--smartFilterBar-btnBasicSearch","interaction":{"idSuffix":"I"}},"wdio_ui5_key":"applicationyardoverview-display-component---masterYardInventory--smartFilterBar-btnBasicSearch"}]}
RESULT: undefined
COMMAND: POST /session/edf591f4886fe2f4d5accf7d7849bb74/execute/async - {"script":"<script> [776 bytes]","args":[{"enterText":"559","selector":{"id":"application-yardoverview-display-component---masterYardInventory--smartFilterBar-btnBasicSearch","interaction":{"idSuffix":"I"}},"clearTextFirst":true,"interactionType":"ENTER_TEXT"}]}
RESULT: {"script":"<script> [776 bytes]","args":[{"enterText":"559","selector":{"id":"application-yardoverview-display-component---masterYardInventory--smartFilterBar-btnBasicSearch","interaction":{"idSuffix":"I"}},"clearTextFirst":true,"interactionType":"ENTER_TEXT"}]}
COMMAND: POST /session/edf591f4886fe2f4d5accf7d7849bb74/actions - {"actions":[{"id":"action20","type":"key","parameters":{},"actions":[{"type":"keyDown","value":"î€‡"},{"type":"pause","duration":10},{"type":"keyUp","value":"î€‡"}]}]}
RESULT: {"actions":[{"id":"action20","type":"key","parameters":{},"actions":[{"type":"keyDown","value":"î€‡"},{"type":"pause","duration":10},{"type":"keyUp","value":"î€‡"}]}]}
COMMAND: GET /session/edf591f4886fe2f4d5accf7d7849bb74/screenshot - {}
RESULT: {}
COMMAND: POST /session/edf591f4886fe2f4d5accf7d7849bb74/execute/async - {"script":"<script> [1562 bytes]","args":[{"selector":{"controlType":"sap.m.Text","viewName":"etm.portal.ui.yardoverview.view.Master","viewId":"application-yardoverview-display-component---masterYardInventory","bindingPath":{"propertyPath":"ID"}},"wdio_ui5_key":"etmportal.ui.yardoverview.view.Mastersap.m.Text{\"propertyPath\":\"ID\"}"}]}
RESULT: {"script":"<script> [1562 bytes]","args":[{"selector":{"controlType":"sap.m.Text","viewName":"etm.portal.ui.yardoverview.view.Master","viewId":"application-yardoverview-display-component---masterYardInventory","bindingPath":{"propertyPath":"ID"}},"wdio_ui5_key":"etmportal.ui.yardoverview.view.Mastersap.m.Text{\"propertyPath\":\"ID\"}"}]}
RESULT: undefined
COMMAND: POST /session/edf591f4886fe2f4d5accf7d7849bb74/element - {"using":"xpath","value":"//*[@id=\"__text882-__clone2891\"]"}
RESULT: {"using":"xpath","value":"//*[@id=\"__text882-__clone2891\"]"}
COMMAND: POST /session/edf591f4886fe2f4d5accf7d7849bb74/element/f.F79DA72124CEC4D1C0F67458F1C76B54.d.D85B4D99B9A53618CD2BA187FC457C24.e.6908/click - {}
RESULT: {}
COMMAND: GET /session/edf591f4886fe2f4d5accf7d7849bb74/screenshot - {}
RESULT: {}
COMMAND: POST /session/edf591f4886fe2f4d5accf7d7849bb74/execute/async - {"script":"<script> [1562 bytes]","args":[{"selector":{"id":"application-yardoverview-display-component---detailYardInventory--ObjectPageLayout-anchBar-application-yardoverview-display-component---detailYardInventory--openRequestsSection-anchor","interaction":{"idSuffix":"BDI-content"}},"wdio_ui5_key":"applicationyardoverview-display-component---detailYardInventory--ObjectPageLayout-anchBar-application-yardoverview-display-component---detailYardInventory--openRequestsSection-anchor"}]}
RESULT: {"script":"<script> [1562 bytes]","args":[{"selector":{"id":"application-yardoverview-display-component---detailYardInventory--ObjectPageLayout-anchBar-application-yardoverview-display-component---detailYardInventory--openRequestsSection-anchor","interaction":{"idSuffix":"BDI-content"}},"wdio_ui5_key":"applicationyardoverview-display-component---detailYardInventory--ObjectPageLayout-anchBar-application-yardoverview-display-component---detailYardInventory--openRequestsSection-anchor"}]}
RESULT: undefined
COMMAND: POST /session/edf591f4886fe2f4d5accf7d7849bb74/element - {"using":"xpath","value":"//*[@id=\"application-yardoverview-display-component---detailYardInventory--ObjectPageLayout-anchBar-application-yardoverview-display-component---detailYardInventory--openRequestsSection-anchor\"]"}
RESULT: {"using":"xpath","value":"//*[@id=\"application-yardoverview-display-component---detailYardInventory--ObjectPageLayout-anchBar-application-yardoverview-display-component---detailYardInventory--openRequestsSection-anchor\"]"}
COMMAND: POST /session/edf591f4886fe2f4d5accf7d7849bb74/element/f.F79DA72124CEC4D1C0F67458F1C76B54.d.D85B4D99B9A53618CD2BA187FC457C24.e.7000/click - {}
RESULT: {}
COMMAND: GET /session/edf591f4886fe2f4d5accf7d7849bb74/screenshot - {}
RESULT: {}
COMMAND: POST /session/edf591f4886fe2f4d5accf7d7849bb74/element - {"using":"xpath","value":"//input[contains(@aria-labelledby ,\"INTERNAL_GROUP-request\")]"}
RESULT: {"using":"xpath","value":"//input[contains(@aria-labelledby ,\"INTERNAL_GROUP-request\")]"}
COMMAND: POST /session/edf591f4886fe2f4d5accf7d7849bb74/element/f.F79DA72124CEC4D1C0F67458F1C76B54.d.D85B4D99B9A53618CD2BA187FC457C24.e.7012/clear - {}
RESULT: {}
COMMAND: POST /session/edf591f4886fe2f4d5accf7d7849bb74/element/f.F79DA72124CEC4D1C0F67458F1C76B54.d.D85B4D99B9A53618CD2BA187FC457C24.e.7012/value - {"text":"20168"}
COMMAND: GET /session/edf591f4886fe2f4d5accf7d7849bb74/screenshot - {}
RESULT: {"text":"20168"}
COMMAND: GET /session/edf591f4886fe2f4d5accf7d7849bb74/screenshot - {}
RESULT: {}
RESULT: {}
COMMAND: POST /session/edf591f4886fe2f4d5accf7d7849bb74/actions - {"actions":[{"id":"action21","type":"key","parameters":{},"actions":[{"type":"keyDown","value":"î€‡"},{"type":"pause","duration":10},{"type":"keyUp","value":"î€‡"}]}]}
RESULT: {"actions":[{"id":"action21","type":"key","parameters":{},"actions":[{"type":"keyDown","value":"î€‡"},{"type":"pause","duration":10},{"type":"keyUp","value":"î€‡"}]}]}
COMMAND: POST /session/edf591f4886fe2f4d5accf7d7849bb74/element - {"using":"xpath","value":"//button[contains(@id,\"openRequests-triggerAction-autoplanBtn\")]"}
COMMAND: GET /session/edf591f4886fe2f4d5accf7d7849bb74/screenshot - {}
RESULT: {"using":"xpath","value":"//button[contains(@id,\"openRequests-triggerAction-autoplanBtn\")]"}
COMMAND: POST /session/edf591f4886fe2f4d5accf7d7849bb74/element/f.F79DA72124CEC4D1C0F67458F1C76B54.d.D85B4D99B9A53618CD2BA187FC457C24.e.7033/click - {}
RESULT: {}
RESULT: {}
COMMAND: GET /session/edf591f4886fe2f4d5accf7d7849bb74/screenshot - {}
RESULT: {}
COMMAND: POST /session/edf591f4886fe2f4d5accf7d7849bb74/execute/async - {"script":"<script> [1562 bytes]","args":[{"selector":{"id":"application-yardoverview-display-component---detailYardInventory--customRequestsTable-sa","interaction":{"idSuffix":"CbBg"}},"wdio_ui5_key":"applicationyardoverview-display-component---detailYardInventory--customRequestsTable-sa"}]}
RESULT: {"script":"<script> [1562 bytes]","args":[{"selector":{"id":"application-yardoverview-display-component---detailYardInventory--customRequestsTable-sa","interaction":{"idSuffix":"CbBg"}},"wdio_ui5_key":"applicationyardoverview-display-component---detailYardInventory--customRequestsTable-sa"}]}
RESULT: undefined
COMMAND: POST /session/edf591f4886fe2f4d5accf7d7849bb74/element - {"using":"xpath","value":"//*[@id=\"application-yardoverview-display-component---detailYardInventory--customRequestsTable-sa\"]"}
RESULT: {"using":"xpath","value":"//*[@id=\"application-yardoverview-display-component---detailYardInventory--customRequestsTable-sa\"]"}
COMMAND: POST /session/edf591f4886fe2f4d5accf7d7849bb74/element/f.F79DA72124CEC4D1C0F67458F1C76B54.d.D85B4D99B9A53618CD2BA187FC457C24.e.7056/click - {}
RESULT: {}
COMMAND: GET /session/edf591f4886fe2f4d5accf7d7849bb74/screenshot - {}
RESULT: {}
COMMAND: POST /session/edf591f4886fe2f4d5accf7d7849bb74/element - {"using":"xpath","value":"//button[contains(@id,\"openRequests-triggerAction-autoplanBtn\")]"}
RESULT: {"using":"xpath","value":"//button[contains(@id,\"openRequests-triggerAction-autoplanBtn\")]"}
COMMAND: POST /session/edf591f4886fe2f4d5accf7d7849bb74/element/f.F79DA72124CEC4D1C0F67458F1C76B54.d.D85B4D99B9A53618CD2BA187FC457C24.e.7033/click - {}
RESULT: {}
COMMAND: GET /session/edf591f4886fe2f4d5accf7d7849bb74/screenshot - {}
RESULT: {}
COMMAND: POST /session/edf591f4886fe2f4d5accf7d7849bb74/element - {"using":"xpath","value":"//button[.//bdi[contains(text(),\"OK\")]]"}
RESULT: {"using":"xpath","value":"//button[.//bdi[contains(text(),\"OK\")]]"}
COMMAND: POST /session/edf591f4886fe2f4d5accf7d7849bb74/element/f.F79DA72124CEC4D1C0F67458F1C76B54.d.D85B4D99B9A53618CD2BA187FC457C24.e.7057/click - {}
RESULT: {}
COMMAND: GET /session/edf591f4886fe2f4d5accf7d7849bb74/screenshot - {}
RESULT: {}
COMMAND: POST /session/edf591f4886fe2f4d5accf7d7849bb74/execute/async - {"script":"<script> [1562 bytes]","args":[{"selector":{"id":"application-yardoverview-display-component---detailYardInventory--refreshOpenRequests-img"},"wdio_ui5_key":"applicationyardoverview-display-component---detailYardInventory--refreshOpenRequests-img"}]}
RESULT: {"script":"<script> [1562 bytes]","args":[{"selector":{"id":"application-yardoverview-display-component---detailYardInventory--refreshOpenRequests-img"},"wdio_ui5_key":"applicationyardoverview-display-component---detailYardInventory--refreshOpenRequests-img"}]}
RESULT: undefined
COMMAND: POST /session/edf591f4886fe2f4d5accf7d7849bb74/element - {"using":"xpath","value":"//*[@id=\"application-yardoverview-display-component---detailYardInventory--refreshOpenRequests-img\"]"}
RESULT: {"using":"xpath","value":"//*[@id=\"application-yardoverview-display-component---detailYardInventory--refreshOpenRequests-img\"]"}
COMMAND: POST /session/edf591f4886fe2f4d5accf7d7849bb74/element/f.F79DA72124CEC4D1C0F67458F1C76B54.d.D85B4D99B9A53618CD2BA187FC457C24.e.7059/click - {}
RESULT: {}
COMMAND: GET /session/edf591f4886fe2f4d5accf7d7849bb74/screenshot - {}
RESULT: {}
COMMAND: POST /session/edf591f4886fe2f4d5accf7d7849bb74/execute/async - {"script":"<script> [1562 bytes]","args":[{"selector":{"id":"application-yardoverview-display-component---detailYardInventory--ObjectPageLayout-anchBar-application-yardoverview-display-component---detailYardInventory--openProvidesSection-anchor","interaction":{"idSuffix":"BDI-content"}},"wdio_ui5_key":"applicationyardoverview-display-component---detailYardInventory--ObjectPageLayout-anchBar-application-yardoverview-display-component---detailYardInventory--openProvidesSection-anchor"}]}
RESULT: {"script":"<script> [1562 bytes]","args":[{"selector":{"id":"application-yardoverview-display-component---detailYardInventory--ObjectPageLayout-anchBar-application-yardoverview-display-component---detailYardInventory--openProvidesSection-anchor","interaction":{"idSuffix":"BDI-content"}},"wdio_ui5_key":"applicationyardoverview-display-component---detailYardInventory--ObjectPageLayout-anchBar-application-yardoverview-display-component---detailYardInventory--openProvidesSection-anchor"}]}
RESULT: undefined
COMMAND: POST /session/edf591f4886fe2f4d5accf7d7849bb74/element - {"using":"xpath","value":"//*[@id=\"application-yardoverview-display-component---detailYardInventory--ObjectPageLayout-anchBar-application-yardoverview-display-component---detailYardInventory--openProvidesSection-anchor\"]"}
RESULT: {"using":"xpath","value":"//*[@id=\"application-yardoverview-display-component---detailYardInventory--ObjectPageLayout-anchBar-application-yardoverview-display-component---detailYardInventory--openProvidesSection-anchor\"]"}
COMMAND: POST /session/edf591f4886fe2f4d5accf7d7849bb74/element/f.F79DA72124CEC4D1C0F67458F1C76B54.d.D85B4D99B9A53618CD2BA187FC457C24.e.7063/click - {}
RESULT: {}
COMMAND: GET /session/edf591f4886fe2f4d5accf7d7849bb74/screenshot - {}
RESULT: {}
COMMAND: POST /session/edf591f4886fe2f4d5accf7d7849bb74/element - {"using":"css selector","value":"#shell-header-logo"}
RESULT: {"using":"css selector","value":"#shell-header-logo"}
COMMAND: POST /session/edf591f4886fe2f4d5accf7d7849bb74/element/f.F79DA72124CEC4D1C0F67458F1C76B54.d.D85B4D99B9A53618CD2BA187FC457C24.e.6836/click - {}
RESULT: {}
COMMAND: GET /session/edf591f4886fe2f4d5accf7d7849bb74/screenshot - {}
RESULT: {}
RESULT: undefined
COMMAND: POST /session/edf591f4886fe2f4d5accf7d7849bb74/element - {"using":"xpath","value":"//*[@id=\"__tile47\"]"}
RESULT: {"using":"xpath","value":"//*[@id=\"__tile47\"]"}
COMMAND: POST /session/edf591f4886fe2f4d5accf7d7849bb74/element/f.F79DA72124CEC4D1C0F67458F1C76B54.d.D85B4D99B9A53618CD2BA187FC457C24.e.5451/click - {}
RESULT: {}
COMMAND: GET /session/edf591f4886fe2f4d5accf7d7849bb74/screenshot - {}
RESULT: {}
COMMAND: POST /session/edf591f4886fe2f4d5accf7d7849bb74/elements - {"using":"xpath","value":"//span[text()='Error']"}
RESULT: {"using":"xpath","value":"//span[text()='Error']"}
COMMAND: POST /session/edf591f4886fe2f4d5accf7d7849bb74/execute/async - {"script":"<script> [1562 bytes]","args":[{"selector":{"controlType":"sap.m.SearchField","viewName":"etm.portal.ui.managerequests.view.Master","bindingPath":{"path":"","propertyPath":"/_BASIC_SEARCH_FIELD","modelName":"fi1t3rM0d31"},"interaction":{"idSuffix":"I"}},"wdio_ui5_key":"etmportal.ui.managerequests.view.Mastersap.m.SearchField{\"path\":\"\",\"propertyPath\":\"/_BASIC_SEARCH_FIELD\",\"modelName\":\"fi1t3rM0d31\"}"}]}
RESULT: {"script":"<script> [1562 bytes]","args":[{"selector":{"controlType":"sap.m.SearchField","viewName":"etm.portal.ui.managerequests.view.Master","bindingPath":{"path":"","propertyPath":"/_BASIC_SEARCH_FIELD","modelName":"fi1t3rM0d31"},"interaction":{"idSuffix":"I"}},"wdio_ui5_key":"etmportal.ui.managerequests.view.Mastersap.m.SearchField{\"path\":\"\",\"propertyPath\":\"/_BASIC_SEARCH_FIELD\",\"modelName\":\"fi1t3rM0d31\"}"}]}
RESULT: undefined
COMMAND: POST /session/edf591f4886fe2f4d5accf7d7849bb74/execute/async - {"script":"<script> [776 bytes]","args":[{"enterText":"20168","selector":{"controlType":"sap.m.SearchField","viewName":"etm.portal.ui.managerequests.view.Master","bindingPath":{"path":"","propertyPath":"/_BASIC_SEARCH_FIELD","modelName":"fi1t3rM0d31"},"interaction":{"idSuffix":"I"}},"clearTextFirst":true,"interactionType":"ENTER_TEXT"}]}
RESULT: {"script":"<script> [776 bytes]","args":[{"enterText":"20168","selector":{"controlType":"sap.m.SearchField","viewName":"etm.portal.ui.managerequests.view.Master","bindingPath":{"path":"","propertyPath":"/_BASIC_SEARCH_FIELD","modelName":"fi1t3rM0d31"},"interaction":{"idSuffix":"I"}},"clearTextFirst":true,"interactionType":"ENTER_TEXT"}]}
COMMAND: POST /session/edf591f4886fe2f4d5accf7d7849bb74/actions - {"actions":[{"id":"action22","type":"key","parameters":{},"actions":[{"type":"keyDown","value":"î€‡"},{"type":"pause","duration":10},{"type":"keyUp","value":"î€‡"}]}]}
RESULT: {"actions":[{"id":"action22","type":"key","parameters":{},"actions":[{"type":"keyDown","value":"î€‡"},{"type":"pause","duration":10},{"type":"keyUp","value":"î€‡"}]}]}
COMMAND: GET /session/edf591f4886fe2f4d5accf7d7849bb74/screenshot - {}
RESULT: {}
COMMAND: POST /session/edf591f4886fe2f4d5accf7d7849bb74/execute/async - {"script":"<script> [1562 bytes]","args":[{"selector":{"controlType":"sap.m.ObjectNumber","viewName":"etm.portal.ui.managerequests.view.Master","bindingPath":{"propertyPath":"IN_USE_FOR"},"interaction":{"idSuffix":"number"}},"wdio_ui5_key":"etmportal.ui.managerequests.view.Mastersap.m.ObjectNumber{\"propertyPath\":\"IN_USE_FOR\"}"}]}
RESULT: {"script":"<script> [1562 bytes]","args":[{"selector":{"controlType":"sap.m.ObjectNumber","viewName":"etm.portal.ui.managerequests.view.Master","bindingPath":{"propertyPath":"IN_USE_FOR"},"interaction":{"idSuffix":"number"}},"wdio_ui5_key":"etmportal.ui.managerequests.view.Mastersap.m.ObjectNumber{\"propertyPath\":\"IN_USE_FOR\"}"}]}
RESULT: undefined
COMMAND: POST /session/edf591f4886fe2f4d5accf7d7849bb74/element - {"using":"xpath","value":"//*[@id=\"__number8-__clone3032\"]"}
RESULT: {"using":"xpath","value":"//*[@id=\"__number8-__clone3032\"]"}
COMMAND: POST /session/edf591f4886fe2f4d5accf7d7849bb74/element/f.F79DA72124CEC4D1C0F67458F1C76B54.d.D85B4D99B9A53618CD2BA187FC457C24.e.7200/click - {}
RESULT: {}
COMMAND: POST /session/edf591f4886fe2f4d5accf7d7849bb74/execute/async - {"script":"<script> [1562 bytes]","args":[{"selector":{"controlType":"sap.m.ObjectStatus","viewName":"etm.portal.ui.managerequests.view.Detail","bindingPath":{"propertyPath":"LINK_TO_STATUS/DESCRIPTION","modelName":"catalogModel"}},"wdio_ui5_key":"etmportal.ui.managerequests.view.Detailsap.m.ObjectStatus{\"propertyPath\":\"LINK_TO_STATUS/DESCRIPTION\",\"modelName\":\"catalogModel\"}"}]}
COMMAND: GET /session/edf591f4886fe2f4d5accf7d7849bb74/screenshot - {}
RESULT: {"script":"<script> [1562 bytes]","args":[{"selector":{"controlType":"sap.m.ObjectStatus","viewName":"etm.portal.ui.managerequests.view.Detail","bindingPath":{"propertyPath":"LINK_TO_STATUS/DESCRIPTION","modelName":"catalogModel"}},"wdio_ui5_key":"etmportal.ui.managerequests.view.Detailsap.m.ObjectStatus{\"propertyPath\":\"LINK_TO_STATUS/DESCRIPTION\",\"modelName\":\"catalogModel\"}"}]}
RESULT: undefined
COMMAND: POST /session/edf591f4886fe2f4d5accf7d7849bb74/execute/async - {"script":"<script> [6424 bytes]","args":[{"element-6066-11e4-a52e-4f735466cecf":"f.F79DA72124CEC4D1C0F67458F1C76B54.d.D85B4D99B9A53618CD2BA187FC457C24.e.7420"},"getText",[]]}
RESULT: {}
RESULT: {"script":"<script> [6424 bytes]","args":[{"element-6066-11e4-a52e-4f735466cecf":"f.F79DA72124CEC4D1C0F67458F1C76B54.d.D85B4D99B9A53618CD2BA187FC457C24.e.7420"},"getText",[]]}
COMMAND: POST /session/edf591f4886fe2f4d5accf7d7849bb74/element - {"using":"css selector","value":"#shell-header-logo"}
RESULT: {"using":"css selector","value":"#shell-header-logo"}
COMMAND: POST /session/edf591f4886fe2f4d5accf7d7849bb74/element/f.F79DA72124CEC4D1C0F67458F1C76B54.d.D85B4D99B9A53618CD2BA187FC457C24.e.7081/click - {}
RESULT: {}
COMMAND: GET /session/edf591f4886fe2f4d5accf7d7849bb74/screenshot - {}
RESULT: {}
COMMAND: DELETE /session/edf591f4886fe2f4d5accf7d7849bb74 - {}
RESULT: {}
]]></system-out>
    </testcase>
  </testsuite>
</testsuites>