<?xml version="1.0" encoding="UTF-8"?>
<testsuites tests="58" failures="31" errors="31" skipped="0">
  <testsuite timestamp="2025-05-14T06:07:09" time="1055.754" tests="11" failures="5" errors="5" skipped="0">
    <properties>
      <property name="specId" value="0" />
      <property name="suiteName" value="Billing confirm US117289" />
      <property name="capabilities" value="chrome.136_0_7103_49.windows" />
      <property name="file" value="file:///D:/a/1/s/test/specs/BTS/billing-confirm.spec.js" />
    </properties>
    <testcase classname="chrome.136_0_7103_49.windows.Billing_confirm_US117289" name="Should create a new yard" time="130.051">
      <system-out><![CDATA[
COMMAND: POST /session/ee4ef4c40535e05b41317013d6b0695a/window/fullscreen - {}
RESULT: {}
COMMAND: POST /session/ee4ef4c40535e05b41317013d6b0695a/execute/async - {"script":"<script> [1562 bytes]","args":[{"selector":{"controlType":"sap.m.GenericTile","properties":{"header":"Manage Yards"}},"wdio_ui5_key":"sapm.GenericTile{\"header\":\"Manage Yards\"}"}]}
RESULT: {"script":"<script> [1562 bytes]","args":[{"selector":{"controlType":"sap.m.GenericTile","properties":{"header":"Manage Yards"}},"wdio_ui5_key":"sapm.GenericTile{\"header\":\"Manage Yards\"}"}]}
RESULT: undefined
COMMAND: POST /session/ee4ef4c40535e05b41317013d6b0695a/element - {"using":"xpath","value":"//*[@id=\"__tile41\"]"}
RESULT: {"using":"xpath","value":"//*[@id=\"__tile41\"]"}
COMMAND: POST /session/ee4ef4c40535e05b41317013d6b0695a/element/f.00329360D5A862BC98A13AE160565CE6.d.F469D31E7BA5D2C0909C719968402DDB.e.166/click - {}
RESULT: {}
COMMAND: POST /session/ee4ef4c40535e05b41317013d6b0695a/element - {"using":"xpath","value":"//button[@data-kt=\"addNewYardOverflowToolbarButton\"]"}
COMMAND: GET /session/ee4ef4c40535e05b41317013d6b0695a/screenshot - {}
RESULT: {"using":"xpath","value":"//button[@data-kt=\"addNewYardOverflowToolbarButton\"]"}
COMMAND: POST /session/ee4ef4c40535e05b41317013d6b0695a/elements - {"using":"xpath","value":"//button[@data-kt=\"addNewYardOverflowToolbarButton\"]"}
RESULT: {}
RESULT: {"using":"xpath","value":"//button[@data-kt=\"addNewYardOverflowToolbarButton\"]"}
COMMAND: POST /session/ee4ef4c40535e05b41317013d6b0695a/elements - {"using":"xpath","value":"//button[@data-kt=\"addNewYardOverflowToolbarButton\"]"}
RESULT: {"using":"xpath","value":"//button[@data-kt=\"addNewYardOverflowToolbarButton\"]"}
COMMAND: POST /session/ee4ef4c40535e05b41317013d6b0695a/elements - {"using":"xpath","value":"//button[@data-kt=\"addNewYardOverflowToolbarButton\"]"}
RESULT: {"using":"xpath","value":"//button[@data-kt=\"addNewYardOverflowToolbarButton\"]"}
COMMAND: POST /session/ee4ef4c40535e05b41317013d6b0695a/elements - {"using":"xpath","value":"//button[@data-kt=\"addNewYardOverflowToolbarButton\"]"}
RESULT: {"using":"xpath","value":"//button[@data-kt=\"addNewYardOverflowToolbarButton\"]"}
COMMAND: POST /session/ee4ef4c40535e05b41317013d6b0695a/elements - {"using":"xpath","value":"//button[@data-kt=\"addNewYardOverflowToolbarButton\"]"}
RESULT: {"using":"xpath","value":"//button[@data-kt=\"addNewYardOverflowToolbarButton\"]"}
COMMAND: POST /session/ee4ef4c40535e05b41317013d6b0695a/elements - {"using":"xpath","value":"//button[@data-kt=\"addNewYardOverflowToolbarButton\"]"}
RESULT: {"using":"xpath","value":"//button[@data-kt=\"addNewYardOverflowToolbarButton\"]"}
COMMAND: POST /session/ee4ef4c40535e05b41317013d6b0695a/elements - {"using":"xpath","value":"//button[@data-kt=\"addNewYardOverflowToolbarButton\"]"}
RESULT: {"using":"xpath","value":"//button[@data-kt=\"addNewYardOverflowToolbarButton\"]"}
COMMAND: POST /session/ee4ef4c40535e05b41317013d6b0695a/elements - {"using":"xpath","value":"//button[@data-kt=\"addNewYardOverflowToolbarButton\"]"}
RESULT: {"using":"xpath","value":"//button[@data-kt=\"addNewYardOverflowToolbarButton\"]"}
COMMAND: POST /session/ee4ef4c40535e05b41317013d6b0695a/elements - {"using":"xpath","value":"//button[@data-kt=\"addNewYardOverflowToolbarButton\"]"}
RESULT: {"using":"xpath","value":"//button[@data-kt=\"addNewYardOverflowToolbarButton\"]"}
COMMAND: POST /session/ee4ef4c40535e05b41317013d6b0695a/elements - {"using":"xpath","value":"//button[@data-kt=\"addNewYardOverflowToolbarButton\"]"}
RESULT: {"using":"xpath","value":"//button[@data-kt=\"addNewYardOverflowToolbarButton\"]"}
COMMAND: POST /session/ee4ef4c40535e05b41317013d6b0695a/elements - {"using":"xpath","value":"//button[@data-kt=\"addNewYardOverflowToolbarButton\"]"}
RESULT: {"using":"xpath","value":"//button[@data-kt=\"addNewYardOverflowToolbarButton\"]"}
COMMAND: POST /session/ee4ef4c40535e05b41317013d6b0695a/elements - {"using":"xpath","value":"//button[@data-kt=\"addNewYardOverflowToolbarButton\"]"}
RESULT: {"using":"xpath","value":"//button[@data-kt=\"addNewYardOverflowToolbarButton\"]"}
COMMAND: POST /session/ee4ef4c40535e05b41317013d6b0695a/elements - {"using":"xpath","value":"//button[@data-kt=\"addNewYardOverflowToolbarButton\"]"}
RESULT: {"using":"xpath","value":"//button[@data-kt=\"addNewYardOverflowToolbarButton\"]"}
COMMAND: POST /session/ee4ef4c40535e05b41317013d6b0695a/elements - {"using":"xpath","value":"//button[@data-kt=\"addNewYardOverflowToolbarButton\"]"}
RESULT: {"using":"xpath","value":"//button[@data-kt=\"addNewYardOverflowToolbarButton\"]"}
COMMAND: POST /session/ee4ef4c40535e05b41317013d6b0695a/elements - {"using":"xpath","value":"//button[@data-kt=\"addNewYardOverflowToolbarButton\"]"}
RESULT: {"using":"xpath","value":"//button[@data-kt=\"addNewYardOverflowToolbarButton\"]"}
COMMAND: POST /session/ee4ef4c40535e05b41317013d6b0695a/elements - {"using":"xpath","value":"//button[@data-kt=\"addNewYardOverflowToolbarButton\"]"}
RESULT: {"using":"xpath","value":"//button[@data-kt=\"addNewYardOverflowToolbarButton\"]"}
COMMAND: POST /session/ee4ef4c40535e05b41317013d6b0695a/elements - {"using":"xpath","value":"//button[@data-kt=\"addNewYardOverflowToolbarButton\"]"}
RESULT: {"using":"xpath","value":"//button[@data-kt=\"addNewYardOverflowToolbarButton\"]"}
COMMAND: POST /session/ee4ef4c40535e05b41317013d6b0695a/elements - {"using":"xpath","value":"//button[@data-kt=\"addNewYardOverflowToolbarButton\"]"}
RESULT: {"using":"xpath","value":"//button[@data-kt=\"addNewYardOverflowToolbarButton\"]"}
COMMAND: POST /session/ee4ef4c40535e05b41317013d6b0695a/elements - {"using":"xpath","value":"//button[@data-kt=\"addNewYardOverflowToolbarButton\"]"}
RESULT: {"using":"xpath","value":"//button[@data-kt=\"addNewYardOverflowToolbarButton\"]"}
COMMAND: POST /session/ee4ef4c40535e05b41317013d6b0695a/elements - {"using":"xpath","value":"//button[@data-kt=\"addNewYardOverflowToolbarButton\"]"}
RESULT: {"using":"xpath","value":"//button[@data-kt=\"addNewYardOverflowToolbarButton\"]"}
COMMAND: POST /session/ee4ef4c40535e05b41317013d6b0695a/elements - {"using":"xpath","value":"//button[@data-kt=\"addNewYardOverflowToolbarButton\"]"}
RESULT: {"using":"xpath","value":"//button[@data-kt=\"addNewYardOverflowToolbarButton\"]"}
COMMAND: POST /session/ee4ef4c40535e05b41317013d6b0695a/elements - {"using":"xpath","value":"//button[@data-kt=\"addNewYardOverflowToolbarButton\"]"}
RESULT: {"using":"xpath","value":"//button[@data-kt=\"addNewYardOverflowToolbarButton\"]"}
COMMAND: POST /session/ee4ef4c40535e05b41317013d6b0695a/elements - {"using":"xpath","value":"//button[@data-kt=\"addNewYardOverflowToolbarButton\"]"}
RESULT: {"using":"xpath","value":"//button[@data-kt=\"addNewYardOverflowToolbarButton\"]"}
COMMAND: POST /session/ee4ef4c40535e05b41317013d6b0695a/elements - {"using":"xpath","value":"//button[@data-kt=\"addNewYardOverflowToolbarButton\"]"}
RESULT: {"using":"xpath","value":"//button[@data-kt=\"addNewYardOverflowToolbarButton\"]"}
COMMAND: POST /session/ee4ef4c40535e05b41317013d6b0695a/elements - {"using":"xpath","value":"//button[@data-kt=\"addNewYardOverflowToolbarButton\"]"}
RESULT: {"using":"xpath","value":"//button[@data-kt=\"addNewYardOverflowToolbarButton\"]"}
COMMAND: POST /session/ee4ef4c40535e05b41317013d6b0695a/elements - {"using":"xpath","value":"//button[@data-kt=\"addNewYardOverflowToolbarButton\"]"}
RESULT: {"using":"xpath","value":"//button[@data-kt=\"addNewYardOverflowToolbarButton\"]"}
COMMAND: POST /session/ee4ef4c40535e05b41317013d6b0695a/elements - {"using":"xpath","value":"//button[@data-kt=\"addNewYardOverflowToolbarButton\"]"}
RESULT: {"using":"xpath","value":"//button[@data-kt=\"addNewYardOverflowToolbarButton\"]"}
COMMAND: POST /session/ee4ef4c40535e05b41317013d6b0695a/elements - {"using":"xpath","value":"//button[@data-kt=\"addNewYardOverflowToolbarButton\"]"}
RESULT: {"using":"xpath","value":"//button[@data-kt=\"addNewYardOverflowToolbarButton\"]"}
COMMAND: POST /session/ee4ef4c40535e05b41317013d6b0695a/elements - {"using":"xpath","value":"//button[@data-kt=\"addNewYardOverflowToolbarButton\"]"}
RESULT: {"using":"xpath","value":"//button[@data-kt=\"addNewYardOverflowToolbarButton\"]"}
COMMAND: POST /session/ee4ef4c40535e05b41317013d6b0695a/elements - {"using":"xpath","value":"//button[@data-kt=\"addNewYardOverflowToolbarButton\"]"}
RESULT: {"using":"xpath","value":"//button[@data-kt=\"addNewYardOverflowToolbarButton\"]"}
COMMAND: POST /session/ee4ef4c40535e05b41317013d6b0695a/elements - {"using":"xpath","value":"//button[@data-kt=\"addNewYardOverflowToolbarButton\"]"}
RESULT: {"using":"xpath","value":"//button[@data-kt=\"addNewYardOverflowToolbarButton\"]"}
COMMAND: POST /session/ee4ef4c40535e05b41317013d6b0695a/elements - {"using":"xpath","value":"//button[@data-kt=\"addNewYardOverflowToolbarButton\"]"}
RESULT: {"using":"xpath","value":"//button[@data-kt=\"addNewYardOverflowToolbarButton\"]"}
COMMAND: POST /session/ee4ef4c40535e05b41317013d6b0695a/element - {"using":"xpath","value":"//button[@data-kt=\"addNewYardOverflowToolbarButton\"]"}
RESULT: {"using":"xpath","value":"//button[@data-kt=\"addNewYardOverflowToolbarButton\"]"}
COMMAND: POST /session/ee4ef4c40535e05b41317013d6b0695a/execute/sync - {"script":"<script> [8489 bytes]","args":[{"element-6066-11e4-a52e-4f735466cecf":"f.00329360D5A862BC98A13AE160565CE6.d.F469D31E7BA5D2C0909C719968402DDB.e.301","ELEMENT":"f.00329360D5A862BC98A13AE160565CE6.d.F469D31E7BA5D2C0909C719968402DDB.e.301"}]}
RESULT: {"script":"<script> [8489 bytes]","args":[{"element-6066-11e4-a52e-4f735466cecf":"f.00329360D5A862BC98A13AE160565CE6.d.F469D31E7BA5D2C0909C719968402DDB.e.301","ELEMENT":"f.00329360D5A862BC98A13AE160565CE6.d.F469D31E7BA5D2C0909C719968402DDB.e.301"}]}
COMMAND: GET /session/ee4ef4c40535e05b41317013d6b0695a/element/f.00329360D5A862BC98A13AE160565CE6.d.F469D31E7BA5D2C0909C719968402DDB.e.301/enabled - {}
COMMAND: GET /session/ee4ef4c40535e05b41317013d6b0695a/screenshot - {}
RESULT: {}
COMMAND: POST /session/ee4ef4c40535e05b41317013d6b0695a/execute/sync - {"script":"<script> [8489 bytes]","args":[{"element-6066-11e4-a52e-4f735466cecf":"f.00329360D5A862BC98A13AE160565CE6.d.F469D31E7BA5D2C0909C719968402DDB.e.301","ELEMENT":"f.00329360D5A862BC98A13AE160565CE6.d.F469D31E7BA5D2C0909C719968402DDB.e.301"}]}
COMMAND: GET /session/ee4ef4c40535e05b41317013d6b0695a/screenshot - {}
RESULT: {}
RESULT: {"script":"<script> [8489 bytes]","args":[{"element-6066-11e4-a52e-4f735466cecf":"f.00329360D5A862BC98A13AE160565CE6.d.F469D31E7BA5D2C0909C719968402DDB.e.301","ELEMENT":"f.00329360D5A862BC98A13AE160565CE6.d.F469D31E7BA5D2C0909C719968402DDB.e.301"}]}
COMMAND: POST /session/ee4ef4c40535e05b41317013d6b0695a/execute/sync - {"script":"<script> [5351 bytes]","args":[{"element-6066-11e4-a52e-4f735466cecf":"f.00329360D5A862BC98A13AE160565CE6.d.F469D31E7BA5D2C0909C719968402DDB.e.301","ELEMENT":"f.00329360D5A862BC98A13AE160565CE6.d.F469D31E7BA5D2C0909C719968402DDB.e.301"}]}
COMMAND: GET /session/ee4ef4c40535e05b41317013d6b0695a/screenshot - {}
RESULT: {}
RESULT: {"script":"<script> [5351 bytes]","args":[{"element-6066-11e4-a52e-4f735466cecf":"f.00329360D5A862BC98A13AE160565CE6.d.F469D31E7BA5D2C0909C719968402DDB.e.301","ELEMENT":"f.00329360D5A862BC98A13AE160565CE6.d.F469D31E7BA5D2C0909C719968402DDB.e.301"}]}
COMMAND: POST /session/ee4ef4c40535e05b41317013d6b0695a/element/f.00329360D5A862BC98A13AE160565CE6.d.F469D31E7BA5D2C0909C719968402DDB.e.301/click - {}
COMMAND: GET /session/ee4ef4c40535e05b41317013d6b0695a/screenshot - {}
RESULT: {}
RESULT: {}
COMMAND: GET /session/ee4ef4c40535e05b41317013d6b0695a/screenshot - {}
RESULT: {}
COMMAND: POST /session/ee4ef4c40535e05b41317013d6b0695a/element - {"using":"xpath","value":"//input[@id=\"application-manageyards-display-component---NewYard--yardId-inner\"]"}
RESULT: {}
RESULT: {"using":"xpath","value":"//input[@id=\"application-manageyards-display-component---NewYard--yardId-inner\"]"}
COMMAND: POST /session/ee4ef4c40535e05b41317013d6b0695a/element - {"using":"xpath","value":"//input[@id=\"application-manageyards-display-component---NewYard--yardId-inner\"]"}
RESULT: {"using":"xpath","value":"//input[@id=\"application-manageyards-display-component---NewYard--yardId-inner\"]"}
COMMAND: POST /session/ee4ef4c40535e05b41317013d6b0695a/execute/async - {"script":"<script> [1562 bytes]","args":[{"selector":{"id":"application-manageyards-display-component---NewYard--addressDetailDetailsName1","interaction":{"idSuffix":"inner"}},"wdio_ui5_key":"applicationmanageyards-display-component---NewYard--addressDetailDetailsName1"}]}
RESULT: {"script":"<script> [1562 bytes]","args":[{"selector":{"id":"application-manageyards-display-component---NewYard--addressDetailDetailsName1","interaction":{"idSuffix":"inner"}},"wdio_ui5_key":"applicationmanageyards-display-component---NewYard--addressDetailDetailsName1"}]}
RESULT: undefined
COMMAND: POST /session/ee4ef4c40535e05b41317013d6b0695a/execute/async - {"script":"<script> [776 bytes]","args":[{"enterText":"Intracompany Yard wdIO","selector":{"id":"application-manageyards-display-component---NewYard--addressDetailDetailsName1","interaction":{"idSuffix":"inner"}},"clearTextFirst":true,"interactionType":"ENTER_TEXT"}]}
RESULT: {"script":"<script> [776 bytes]","args":[{"enterText":"Intracompany Yard wdIO","selector":{"id":"application-manageyards-display-component---NewYard--addressDetailDetailsName1","interaction":{"idSuffix":"inner"}},"clearTextFirst":true,"interactionType":"ENTER_TEXT"}]}
COMMAND: POST /session/ee4ef4c40535e05b41317013d6b0695a/execute/async - {"script":"<script> [1562 bytes]","args":[{"selector":{"id":"application-manageyards-display-component---NewYard--addressDetailDetailsLanguage-arrow"},"wdio_ui5_key":"applicationmanageyards-display-component---NewYard--addressDetailDetailsLanguage-arrow"}]}
RESULT: {"script":"<script> [1562 bytes]","args":[{"selector":{"id":"application-manageyards-display-component---NewYard--addressDetailDetailsLanguage-arrow"},"wdio_ui5_key":"applicationmanageyards-display-component---NewYard--addressDetailDetailsLanguage-arrow"}]}
RESULT: undefined
COMMAND: POST /session/ee4ef4c40535e05b41317013d6b0695a/element - {"using":"xpath","value":"//*[@id=\"application-manageyards-display-component---NewYard--addressDetailDetailsLanguage-arrow\"]"}
RESULT: {"using":"xpath","value":"//*[@id=\"application-manageyards-display-component---NewYard--addressDetailDetailsLanguage-arrow\"]"}
COMMAND: POST /session/ee4ef4c40535e05b41317013d6b0695a/element/f.00329360D5A862BC98A13AE160565CE6.d.F469D31E7BA5D2C0909C719968402DDB.e.750/click - {}
RESULT: {}
COMMAND: POST /session/ee4ef4c40535e05b41317013d6b0695a/element - {"using":"xpath","value":"//span[contains(text(), \"English\")]"}
COMMAND: GET /session/ee4ef4c40535e05b41317013d6b0695a/screenshot - {}
RESULT: {"using":"xpath","value":"//span[contains(text(), \"English\")]"}
COMMAND: POST /session/ee4ef4c40535e05b41317013d6b0695a/element/f.00329360D5A862BC98A13AE160565CE6.d.F469D31E7BA5D2C0909C719968402DDB.e.751/click - {}
RESULT: {}
RESULT: {}
COMMAND: POST /session/ee4ef4c40535e05b41317013d6b0695a/execute/async - {"script":"<script> [1562 bytes]","args":[{"selector":{"id":"application-manageyards-display-component---NewYard--addressDetailDetailsCity1","interaction":{"idSuffix":"inner"}},"wdio_ui5_key":"applicationmanageyards-display-component---NewYard--addressDetailDetailsCity1"}]}
COMMAND: GET /session/ee4ef4c40535e05b41317013d6b0695a/screenshot - {}
RESULT: {"script":"<script> [1562 bytes]","args":[{"selector":{"id":"application-manageyards-display-component---NewYard--addressDetailDetailsCity1","interaction":{"idSuffix":"inner"}},"wdio_ui5_key":"applicationmanageyards-display-component---NewYard--addressDetailDetailsCity1"}]}
RESULT: undefined
COMMAND: POST /session/ee4ef4c40535e05b41317013d6b0695a/execute/async - {"script":"<script> [776 bytes]","args":[{"enterText":"Rosario","selector":{"id":"application-manageyards-display-component---NewYard--addressDetailDetailsCity1","interaction":{"idSuffix":"inner"}},"clearTextFirst":true,"interactionType":"ENTER_TEXT"}]}
RESULT: {}
RESULT: {"script":"<script> [776 bytes]","args":[{"enterText":"Rosario","selector":{"id":"application-manageyards-display-component---NewYard--addressDetailDetailsCity1","interaction":{"idSuffix":"inner"}},"clearTextFirst":true,"interactionType":"ENTER_TEXT"}]}
COMMAND: POST /session/ee4ef4c40535e05b41317013d6b0695a/execute/async - {"script":"<script> [1562 bytes]","args":[{"selector":{"id":"application-manageyards-display-component---NewYard--addressDetailDetailsCountry-arrow"},"wdio_ui5_key":"applicationmanageyards-display-component---NewYard--addressDetailDetailsCountry-arrow"}]}
RESULT: {"script":"<script> [1562 bytes]","args":[{"selector":{"id":"application-manageyards-display-component---NewYard--addressDetailDetailsCountry-arrow"},"wdio_ui5_key":"applicationmanageyards-display-component---NewYard--addressDetailDetailsCountry-arrow"}]}
RESULT: undefined
COMMAND: POST /session/ee4ef4c40535e05b41317013d6b0695a/element - {"using":"xpath","value":"//*[@id=\"application-manageyards-display-component---NewYard--addressDetailDetailsCountry-arrow\"]"}
RESULT: {"using":"xpath","value":"//*[@id=\"application-manageyards-display-component---NewYard--addressDetailDetailsCountry-arrow\"]"}
COMMAND: POST /session/ee4ef4c40535e05b41317013d6b0695a/element/f.00329360D5A862BC98A13AE160565CE6.d.F469D31E7BA5D2C0909C719968402DDB.e.753/click - {}
RESULT: {}
COMMAND: POST /session/ee4ef4c40535e05b41317013d6b0695a/element - {"using":"xpath","value":"//span[contains(text(), \"Argentina\")]"}
COMMAND: GET /session/ee4ef4c40535e05b41317013d6b0695a/screenshot - {}
RESULT: {"using":"xpath","value":"//span[contains(text(), \"Argentina\")]"}
COMMAND: POST /session/ee4ef4c40535e05b41317013d6b0695a/element/f.00329360D5A862BC98A13AE160565CE6.d.F469D31E7BA5D2C0909C719968402DDB.e.754/click - {}
RESULT: {}
RESULT: {}
COMMAND: POST /session/ee4ef4c40535e05b41317013d6b0695a/execute/async - {"script":"<script> [1562 bytes]","args":[{"selector":{"id":"application-manageyards-display-component---NewYard--addressEditDetailsCostObjectCstType-arrow"},"wdio_ui5_key":"applicationmanageyards-display-component---NewYard--addressEditDetailsCostObjectCstType-arrow"}]}
COMMAND: GET /session/ee4ef4c40535e05b41317013d6b0695a/screenshot - {}
RESULT: {"script":"<script> [1562 bytes]","args":[{"selector":{"id":"application-manageyards-display-component---NewYard--addressEditDetailsCostObjectCstType-arrow"},"wdio_ui5_key":"applicationmanageyards-display-component---NewYard--addressEditDetailsCostObjectCstType-arrow"}]}
RESULT: undefined
COMMAND: POST /session/ee4ef4c40535e05b41317013d6b0695a/element - {"using":"xpath","value":"//*[@id=\"application-manageyards-display-component---NewYard--addressEditDetailsCostObjectCstType-arrow\"]"}
RESULT: {}
RESULT: {"using":"xpath","value":"//*[@id=\"application-manageyards-display-component---NewYard--addressEditDetailsCostObjectCstType-arrow\"]"}
COMMAND: POST /session/ee4ef4c40535e05b41317013d6b0695a/element/f.00329360D5A862BC98A13AE160565CE6.d.F469D31E7BA5D2C0909C719968402DDB.e.756/click - {}
RESULT: {}
COMMAND: POST /session/ee4ef4c40535e05b41317013d6b0695a/element - {"using":"xpath","value":"//span[contains(text(), \"Cost Center\")]"}
COMMAND: GET /session/ee4ef4c40535e05b41317013d6b0695a/screenshot - {}
RESULT: {"using":"xpath","value":"//span[contains(text(), \"Cost Center\")]"}
COMMAND: POST /session/ee4ef4c40535e05b41317013d6b0695a/element/f.00329360D5A862BC98A13AE160565CE6.d.F469D31E7BA5D2C0909C719968402DDB.e.757/click - {}
RESULT: {}
RESULT: {}
COMMAND: GET /session/ee4ef4c40535e05b41317013d6b0695a/screenshot - {}
RESULT: {}
COMMAND: POST /session/ee4ef4c40535e05b41317013d6b0695a/element - {"using":"xpath","value":"//span[@id=\"application-manageyards-display-component---NewYard--addressNewCostObjectCstID-vhi\"]"}
RESULT: {"using":"xpath","value":"//span[@id=\"application-manageyards-display-component---NewYard--addressNewCostObjectCstID-vhi\"]"}
COMMAND: POST /session/ee4ef4c40535e05b41317013d6b0695a/execute/sync - {"script":"<script> [8489 bytes]","args":[{"element-6066-11e4-a52e-4f735466cecf":"f.00329360D5A862BC98A13AE160565CE6.d.F469D31E7BA5D2C0909C719968402DDB.e.761","ELEMENT":"f.00329360D5A862BC98A13AE160565CE6.d.F469D31E7BA5D2C0909C719968402DDB.e.761"}]}
RESULT: {"script":"<script> [8489 bytes]","args":[{"element-6066-11e4-a52e-4f735466cecf":"f.00329360D5A862BC98A13AE160565CE6.d.F469D31E7BA5D2C0909C719968402DDB.e.761","ELEMENT":"f.00329360D5A862BC98A13AE160565CE6.d.F469D31E7BA5D2C0909C719968402DDB.e.761"}]}
COMMAND: POST /session/ee4ef4c40535e05b41317013d6b0695a/execute/async - {"script":"<script> [1562 bytes]","args":[{"selector":{"id":"application-manageyards-display-component---NewYard--addressNewCostObjectCstID-vhi"},"wdio_ui5_key":"applicationmanageyards-display-component---NewYard--addressNewCostObjectCstID-vhi"}]}
COMMAND: GET /session/ee4ef4c40535e05b41317013d6b0695a/screenshot - {}
RESULT: {"script":"<script> [1562 bytes]","args":[{"selector":{"id":"application-manageyards-display-component---NewYard--addressNewCostObjectCstID-vhi"},"wdio_ui5_key":"applicationmanageyards-display-component---NewYard--addressNewCostObjectCstID-vhi"}]}
RESULT: undefined
COMMAND: POST /session/ee4ef4c40535e05b41317013d6b0695a/element - {"using":"xpath","value":"//*[@id=\"application-manageyards-display-component---NewYard--addressNewCostObjectCstID-vhi\"]"}
RESULT: {}
RESULT: {"using":"xpath","value":"//*[@id=\"application-manageyards-display-component---NewYard--addressNewCostObjectCstID-vhi\"]"}
COMMAND: POST /session/ee4ef4c40535e05b41317013d6b0695a/element/f.00329360D5A862BC98A13AE160565CE6.d.F469D31E7BA5D2C0909C719968402DDB.e.761/click - {}
RESULT: {}
COMMAND: GET /session/ee4ef4c40535e05b41317013d6b0695a/screenshot - {}
RESULT: {}
COMMAND: POST /session/ee4ef4c40535e05b41317013d6b0695a/execute/async - {"script":"<script> [1562 bytes]","args":[{"selector":{"controlType":"sap.m.SearchField","properties":{"placeholder":"Search"},"searchOpenDialogs":true,"interaction":{"idSuffix":"I"}},"wdio_ui5_key":"sapm.SearchField{\"placeholder\":\"Search\"}"}]}
RESULT: {"script":"<script> [1562 bytes]","args":[{"selector":{"controlType":"sap.m.SearchField","properties":{"placeholder":"Search"},"searchOpenDialogs":true,"interaction":{"idSuffix":"I"}},"wdio_ui5_key":"sapm.SearchField{\"placeholder\":\"Search\"}"}]}
RESULT: undefined
COMMAND: POST /session/ee4ef4c40535e05b41317013d6b0695a/execute/async - {"script":"<script> [776 bytes]","args":[{"enterText":"10001013","selector":{"controlType":"sap.m.SearchField","properties":{"placeholder":"Search"},"searchOpenDialogs":true,"interaction":{"idSuffix":"I"}},"clearTextFirst":true,"interactionType":"ENTER_TEXT"}]}
RESULT: {"script":"<script> [776 bytes]","args":[{"enterText":"10001013","selector":{"controlType":"sap.m.SearchField","properties":{"placeholder":"Search"},"searchOpenDialogs":true,"interaction":{"idSuffix":"I"}},"clearTextFirst":true,"interactionType":"ENTER_TEXT"}]}
COMMAND: POST /session/ee4ef4c40535e05b41317013d6b0695a/actions - {"actions":[{"id":"action1","type":"key","parameters":{},"actions":[{"type":"keyDown","value":"î€‡"},{"type":"pause","duration":10},{"type":"keyUp","value":"î€‡"}]}]}
RESULT: {"actions":[{"id":"action1","type":"key","parameters":{},"actions":[{"type":"keyDown","value":"î€‡"},{"type":"pause","duration":10},{"type":"keyUp","value":"î€‡"}]}]}
COMMAND: GET /session/ee4ef4c40535e05b41317013d6b0695a/screenshot - {}
RESULT: {}
COMMAND: POST /session/ee4ef4c40535e05b41317013d6b0695a/element - {"using":"xpath","value":"//span[contains(text(), \"General Management\")]"}
RESULT: {"using":"xpath","value":"//span[contains(text(), \"General Management\")]"}
COMMAND: POST /session/ee4ef4c40535e05b41317013d6b0695a/element/f.00329360D5A862BC98A13AE160565CE6.d.F469D31E7BA5D2C0909C719968402DDB.e.803/click - {}
RESULT: {}
COMMAND: GET /session/ee4ef4c40535e05b41317013d6b0695a/screenshot - {}
RESULT: {}
COMMAND: POST /session/ee4ef4c40535e05b41317013d6b0695a/element - {"using":"xpath","value":"//bdi[contains(text(), \"OK\")]"}
RESULT: {"using":"xpath","value":"//bdi[contains(text(), \"OK\")]"}
COMMAND: POST /session/ee4ef4c40535e05b41317013d6b0695a/element/f.00329360D5A862BC98A13AE160565CE6.d.F469D31E7BA5D2C0909C719968402DDB.e.804/click - {}
RESULT: {}
COMMAND: GET /session/ee4ef4c40535e05b41317013d6b0695a/screenshot - {}
RESULT: {}
COMMAND: POST /session/ee4ef4c40535e05b41317013d6b0695a/execute/async - {"script":"<script> [1562 bytes]","args":[{"selector":{"id":"application-manageyards-display-component---NewYard--addressEditDetailsCurrency-arrow"},"wdio_ui5_key":"applicationmanageyards-display-component---NewYard--addressEditDetailsCurrency-arrow"}]}
RESULT: {"script":"<script> [1562 bytes]","args":[{"selector":{"id":"application-manageyards-display-component---NewYard--addressEditDetailsCurrency-arrow"},"wdio_ui5_key":"applicationmanageyards-display-component---NewYard--addressEditDetailsCurrency-arrow"}]}
RESULT: undefined
COMMAND: POST /session/ee4ef4c40535e05b41317013d6b0695a/element - {"using":"xpath","value":"//*[@id=\"application-manageyards-display-component---NewYard--addressEditDetailsCurrency-arrow\"]"}
RESULT: {"using":"xpath","value":"//*[@id=\"application-manageyards-display-component---NewYard--addressEditDetailsCurrency-arrow\"]"}
COMMAND: POST /session/ee4ef4c40535e05b41317013d6b0695a/element/f.00329360D5A862BC98A13AE160565CE6.d.F469D31E7BA5D2C0909C719968402DDB.e.807/click - {}
RESULT: {}
COMMAND: POST /session/ee4ef4c40535e05b41317013d6b0695a/element - {"using":"xpath","value":"//span[contains(text(), \"Euro\")]"}
COMMAND: GET /session/ee4ef4c40535e05b41317013d6b0695a/screenshot - {}
RESULT: {"using":"xpath","value":"//span[contains(text(), \"Euro\")]"}
COMMAND: POST /session/ee4ef4c40535e05b41317013d6b0695a/element/f.00329360D5A862BC98A13AE160565CE6.d.F469D31E7BA5D2C0909C719968402DDB.e.808/click - {}
RESULT: {}
RESULT: {}
COMMAND: POST /session/ee4ef4c40535e05b41317013d6b0695a/execute/async - {"script":"<script> [1562 bytes]","args":[{"selector":{"controlType":"sap.m.Input","viewName":"etm.portal.ui.manageyards.view.New","viewId":"application-manageyards-display-component---NewYard","bindingPath":{"path":"","propertyPath":"/CONTROLLING_AREA","modelName":"NewYardModel"},"interaction":{"idSuffix":"inner"}},"wdio_ui5_key":"etmportal.ui.manageyards.view.Newsap.m.Input{\"path\":\"\",\"propertyPath\":\"/CONTROLLING_AREA\",\"modelName\":\"NewYardModel\"}"}]}
COMMAND: GET /session/ee4ef4c40535e05b41317013d6b0695a/screenshot - {}
RESULT: {"script":"<script> [1562 bytes]","args":[{"selector":{"controlType":"sap.m.Input","viewName":"etm.portal.ui.manageyards.view.New","viewId":"application-manageyards-display-component---NewYard","bindingPath":{"path":"","propertyPath":"/CONTROLLING_AREA","modelName":"NewYardModel"},"interaction":{"idSuffix":"inner"}},"wdio_ui5_key":"etmportal.ui.manageyards.view.Newsap.m.Input{\"path\":\"\",\"propertyPath\":\"/CONTROLLING_AREA\",\"modelName\":\"NewYardModel\"}"}]}
RESULT: undefined
COMMAND: POST /session/ee4ef4c40535e05b41317013d6b0695a/execute/async - {"script":"<script> [776 bytes]","args":[{"enterText":"Z001","selector":{"controlType":"sap.m.Input","viewName":"etm.portal.ui.manageyards.view.New","viewId":"application-manageyards-display-component---NewYard","bindingPath":{"path":"","propertyPath":"/CONTROLLING_AREA","modelName":"NewYardModel"},"interaction":{"idSuffix":"inner"}},"clearTextFirst":true,"interactionType":"ENTER_TEXT"}]}
RESULT: {}
RESULT: {"script":"<script> [776 bytes]","args":[{"enterText":"Z001","selector":{"controlType":"sap.m.Input","viewName":"etm.portal.ui.manageyards.view.New","viewId":"application-manageyards-display-component---NewYard","bindingPath":{"path":"","propertyPath":"/CONTROLLING_AREA","modelName":"NewYardModel"},"interaction":{"idSuffix":"inner"}},"clearTextFirst":true,"interactionType":"ENTER_TEXT"}]}
COMMAND: POST /session/ee4ef4c40535e05b41317013d6b0695a/execute/async - {"script":"<script> [1562 bytes]","args":[{"selector":{"id":"application-manageyards-display-component---NewYard--companyCodeComboBox","interaction":{"idSuffix":"inner"}},"wdio_ui5_key":"applicationmanageyards-display-component---NewYard--companyCodeComboBox"}]}
RESULT: {"script":"<script> [1562 bytes]","args":[{"selector":{"id":"application-manageyards-display-component---NewYard--companyCodeComboBox","interaction":{"idSuffix":"inner"}},"wdio_ui5_key":"applicationmanageyards-display-component---NewYard--companyCodeComboBox"}]}
RESULT: undefined
COMMAND: POST /session/ee4ef4c40535e05b41317013d6b0695a/execute/async - {"script":"<script> [776 bytes]","args":[{"enterText":"1000","selector":{"id":"application-manageyards-display-component---NewYard--companyCodeComboBox","interaction":{"idSuffix":"inner"}},"clearTextFirst":true,"interactionType":"ENTER_TEXT"}]}
RESULT: {"script":"<script> [776 bytes]","args":[{"enterText":"1000","selector":{"id":"application-manageyards-display-component---NewYard--companyCodeComboBox","interaction":{"idSuffix":"inner"}},"clearTextFirst":true,"interactionType":"ENTER_TEXT"}]}
COMMAND: POST /session/ee4ef4c40535e05b41317013d6b0695a/execute/async - {"script":"<script> [1562 bytes]","args":[{"selector":{"controlType":"sap.m.Input","viewName":"etm.portal.ui.manageyards.view.New","viewId":"application-manageyards-display-component---NewYard","bindingPath":{"path":"","propertyPath":"/PLANT","modelName":"NewYardModel"},"interaction":{"idSuffix":"inner"}},"wdio_ui5_key":"etmportal.ui.manageyards.view.Newsap.m.Input{\"path\":\"\",\"propertyPath\":\"/PLANT\",\"modelName\":\"NewYardModel\"}"}]}
RESULT: {"script":"<script> [1562 bytes]","args":[{"selector":{"controlType":"sap.m.Input","viewName":"etm.portal.ui.manageyards.view.New","viewId":"application-manageyards-display-component---NewYard","bindingPath":{"path":"","propertyPath":"/PLANT","modelName":"NewYardModel"},"interaction":{"idSuffix":"inner"}},"wdio_ui5_key":"etmportal.ui.manageyards.view.Newsap.m.Input{\"path\":\"\",\"propertyPath\":\"/PLANT\",\"modelName\":\"NewYardModel\"}"}]}
RESULT: undefined
COMMAND: POST /session/ee4ef4c40535e05b41317013d6b0695a/execute/async - {"script":"<script> [776 bytes]","args":[{"enterText":"1001","selector":{"controlType":"sap.m.Input","viewName":"etm.portal.ui.manageyards.view.New","viewId":"application-manageyards-display-component---NewYard","bindingPath":{"path":"","propertyPath":"/PLANT","modelName":"NewYardModel"},"interaction":{"idSuffix":"inner"}},"clearTextFirst":true,"interactionType":"ENTER_TEXT"}]}
RESULT: {"script":"<script> [776 bytes]","args":[{"enterText":"1001","selector":{"controlType":"sap.m.Input","viewName":"etm.portal.ui.manageyards.view.New","viewId":"application-manageyards-display-component---NewYard","bindingPath":{"path":"","propertyPath":"/PLANT","modelName":"NewYardModel"},"interaction":{"idSuffix":"inner"}},"clearTextFirst":true,"interactionType":"ENTER_TEXT"}]}
COMMAND: POST /session/ee4ef4c40535e05b41317013d6b0695a/execute/async - {"script":"<script> [1562 bytes]","args":[{"selector":{"controlType":"sap.m.Input","viewName":"etm.portal.ui.manageyards.view.New","viewId":"application-manageyards-display-component---NewYard","bindingPath":{"path":"","propertyPath":"/SALES_AREA_VKORG","modelName":"NewYardModel"},"interaction":{"idSuffix":"inner"}},"wdio_ui5_key":"etmportal.ui.manageyards.view.Newsap.m.Input{\"path\":\"\",\"propertyPath\":\"/SALES_AREA_VKORG\",\"modelName\":\"NewYardModel\"}"}]}
RESULT: {"script":"<script> [1562 bytes]","args":[{"selector":{"controlType":"sap.m.Input","viewName":"etm.portal.ui.manageyards.view.New","viewId":"application-manageyards-display-component---NewYard","bindingPath":{"path":"","propertyPath":"/SALES_AREA_VKORG","modelName":"NewYardModel"},"interaction":{"idSuffix":"inner"}},"wdio_ui5_key":"etmportal.ui.manageyards.view.Newsap.m.Input{\"path\":\"\",\"propertyPath\":\"/SALES_AREA_VKORG\",\"modelName\":\"NewYardModel\"}"}]}
RESULT: undefined
COMMAND: POST /session/ee4ef4c40535e05b41317013d6b0695a/execute/async - {"script":"<script> [776 bytes]","args":[{"enterText":"C002","selector":{"controlType":"sap.m.Input","viewName":"etm.portal.ui.manageyards.view.New","viewId":"application-manageyards-display-component---NewYard","bindingPath":{"path":"","propertyPath":"/SALES_AREA_VKORG","modelName":"NewYardModel"},"interaction":{"idSuffix":"inner"}},"clearTextFirst":true,"interactionType":"ENTER_TEXT"}]}
RESULT: {"script":"<script> [776 bytes]","args":[{"enterText":"C002","selector":{"controlType":"sap.m.Input","viewName":"etm.portal.ui.manageyards.view.New","viewId":"application-manageyards-display-component---NewYard","bindingPath":{"path":"","propertyPath":"/SALES_AREA_VKORG","modelName":"NewYardModel"},"interaction":{"idSuffix":"inner"}},"clearTextFirst":true,"interactionType":"ENTER_TEXT"}]}
COMMAND: POST /session/ee4ef4c40535e05b41317013d6b0695a/execute/async - {"script":"<script> [1562 bytes]","args":[{"selector":{"controlType":"sap.m.Input","viewName":"etm.portal.ui.manageyards.view.New","viewId":"application-manageyards-display-component---NewYard","bindingPath":{"path":"","propertyPath":"/SALES_AREA_VTWEG","modelName":"NewYardModel"},"interaction":{"idSuffix":"inner"}},"wdio_ui5_key":"etmportal.ui.manageyards.view.Newsap.m.Input{\"path\":\"\",\"propertyPath\":\"/SALES_AREA_VTWEG\",\"modelName\":\"NewYardModel\"}"}]}
RESULT: {"script":"<script> [1562 bytes]","args":[{"selector":{"controlType":"sap.m.Input","viewName":"etm.portal.ui.manageyards.view.New","viewId":"application-manageyards-display-component---NewYard","bindingPath":{"path":"","propertyPath":"/SALES_AREA_VTWEG","modelName":"NewYardModel"},"interaction":{"idSuffix":"inner"}},"wdio_ui5_key":"etmportal.ui.manageyards.view.Newsap.m.Input{\"path\":\"\",\"propertyPath\":\"/SALES_AREA_VTWEG\",\"modelName\":\"NewYardModel\"}"}]}
RESULT: undefined
COMMAND: POST /session/ee4ef4c40535e05b41317013d6b0695a/execute/async - {"script":"<script> [776 bytes]","args":[{"enterText":"C2","selector":{"controlType":"sap.m.Input","viewName":"etm.portal.ui.manageyards.view.New","viewId":"application-manageyards-display-component---NewYard","bindingPath":{"path":"","propertyPath":"/SALES_AREA_VTWEG","modelName":"NewYardModel"},"interaction":{"idSuffix":"inner"}},"clearTextFirst":true,"interactionType":"ENTER_TEXT"}]}
RESULT: {"script":"<script> [776 bytes]","args":[{"enterText":"C2","selector":{"controlType":"sap.m.Input","viewName":"etm.portal.ui.manageyards.view.New","viewId":"application-manageyards-display-component---NewYard","bindingPath":{"path":"","propertyPath":"/SALES_AREA_VTWEG","modelName":"NewYardModel"},"interaction":{"idSuffix":"inner"}},"clearTextFirst":true,"interactionType":"ENTER_TEXT"}]}
COMMAND: POST /session/ee4ef4c40535e05b41317013d6b0695a/execute/async - {"script":"<script> [1562 bytes]","args":[{"selector":{"controlType":"sap.m.Input","viewName":"etm.portal.ui.manageyards.view.New","viewId":"application-manageyards-display-component---NewYard","bindingPath":{"path":"","propertyPath":"/SALES_AREA_SPART","modelName":"NewYardModel"},"interaction":{"idSuffix":"inner"}},"wdio_ui5_key":"etmportal.ui.manageyards.view.Newsap.m.Input{\"path\":\"\",\"propertyPath\":\"/SALES_AREA_SPART\",\"modelName\":\"NewYardModel\"}"}]}
RESULT: {"script":"<script> [1562 bytes]","args":[{"selector":{"controlType":"sap.m.Input","viewName":"etm.portal.ui.manageyards.view.New","viewId":"application-manageyards-display-component---NewYard","bindingPath":{"path":"","propertyPath":"/SALES_AREA_SPART","modelName":"NewYardModel"},"interaction":{"idSuffix":"inner"}},"wdio_ui5_key":"etmportal.ui.manageyards.view.Newsap.m.Input{\"path\":\"\",\"propertyPath\":\"/SALES_AREA_SPART\",\"modelName\":\"NewYardModel\"}"}]}
RESULT: undefined
COMMAND: POST /session/ee4ef4c40535e05b41317013d6b0695a/execute/async - {"script":"<script> [776 bytes]","args":[{"enterText":"C2","selector":{"controlType":"sap.m.Input","viewName":"etm.portal.ui.manageyards.view.New","viewId":"application-manageyards-display-component---NewYard","bindingPath":{"path":"","propertyPath":"/SALES_AREA_SPART","modelName":"NewYardModel"},"interaction":{"idSuffix":"inner"}},"clearTextFirst":true,"interactionType":"ENTER_TEXT"}]}
RESULT: {"script":"<script> [776 bytes]","args":[{"enterText":"C2","selector":{"controlType":"sap.m.Input","viewName":"etm.portal.ui.manageyards.view.New","viewId":"application-manageyards-display-component---NewYard","bindingPath":{"path":"","propertyPath":"/SALES_AREA_SPART","modelName":"NewYardModel"},"interaction":{"idSuffix":"inner"}},"clearTextFirst":true,"interactionType":"ENTER_TEXT"}]}
COMMAND: POST /session/ee4ef4c40535e05b41317013d6b0695a/execute/async - {"script":"<script> [1562 bytes]","args":[{"selector":{"controlType":"sap.m.Input","viewName":"etm.portal.ui.manageyards.view.New","viewId":"application-manageyards-display-component---NewYard","bindingPath":{"path":"","propertyPath":"/SHIP_POINT","modelName":"NewYardModel"},"interaction":{"idSuffix":"inner"}},"wdio_ui5_key":"etmportal.ui.manageyards.view.Newsap.m.Input{\"path\":\"\",\"propertyPath\":\"/SHIP_POINT\",\"modelName\":\"NewYardModel\"}"}]}
RESULT: {"script":"<script> [1562 bytes]","args":[{"selector":{"controlType":"sap.m.Input","viewName":"etm.portal.ui.manageyards.view.New","viewId":"application-manageyards-display-component---NewYard","bindingPath":{"path":"","propertyPath":"/SHIP_POINT","modelName":"NewYardModel"},"interaction":{"idSuffix":"inner"}},"wdio_ui5_key":"etmportal.ui.manageyards.view.Newsap.m.Input{\"path\":\"\",\"propertyPath\":\"/SHIP_POINT\",\"modelName\":\"NewYardModel\"}"}]}
RESULT: undefined
COMMAND: POST /session/ee4ef4c40535e05b41317013d6b0695a/execute/async - {"script":"<script> [776 bytes]","args":[{"enterText":"1710","selector":{"controlType":"sap.m.Input","viewName":"etm.portal.ui.manageyards.view.New","viewId":"application-manageyards-display-component---NewYard","bindingPath":{"path":"","propertyPath":"/SHIP_POINT","modelName":"NewYardModel"},"interaction":{"idSuffix":"inner"}},"clearTextFirst":true,"interactionType":"ENTER_TEXT"}]}
RESULT: {"script":"<script> [776 bytes]","args":[{"enterText":"1710","selector":{"controlType":"sap.m.Input","viewName":"etm.portal.ui.manageyards.view.New","viewId":"application-manageyards-display-component---NewYard","bindingPath":{"path":"","propertyPath":"/SHIP_POINT","modelName":"NewYardModel"},"interaction":{"idSuffix":"inner"}},"clearTextFirst":true,"interactionType":"ENTER_TEXT"}]}
COMMAND: POST /session/ee4ef4c40535e05b41317013d6b0695a/execute/async - {"script":"<script> [1562 bytes]","args":[{"selector":{"controlType":"sap.m.Input","viewName":"etm.portal.ui.manageyards.view.New","viewId":"application-manageyards-display-component---NewYard","bindingPath":{"path":"","propertyPath":"/DELIVERY_TYPE","modelName":"NewYardModel"},"interaction":{"idSuffix":"inner"}},"wdio_ui5_key":"etmportal.ui.manageyards.view.Newsap.m.Input{\"path\":\"\",\"propertyPath\":\"/DELIVERY_TYPE\",\"modelName\":\"NewYardModel\"}"}]}
RESULT: {"script":"<script> [1562 bytes]","args":[{"selector":{"controlType":"sap.m.Input","viewName":"etm.portal.ui.manageyards.view.New","viewId":"application-manageyards-display-component---NewYard","bindingPath":{"path":"","propertyPath":"/DELIVERY_TYPE","modelName":"NewYardModel"},"interaction":{"idSuffix":"inner"}},"wdio_ui5_key":"etmportal.ui.manageyards.view.Newsap.m.Input{\"path\":\"\",\"propertyPath\":\"/DELIVERY_TYPE\",\"modelName\":\"NewYardModel\"}"}]}
RESULT: undefined
COMMAND: POST /session/ee4ef4c40535e05b41317013d6b0695a/execute/async - {"script":"<script> [776 bytes]","args":[{"enterText":"ZL01","selector":{"controlType":"sap.m.Input","viewName":"etm.portal.ui.manageyards.view.New","viewId":"application-manageyards-display-component---NewYard","bindingPath":{"path":"","propertyPath":"/DELIVERY_TYPE","modelName":"NewYardModel"},"interaction":{"idSuffix":"inner"}},"clearTextFirst":true,"interactionType":"ENTER_TEXT"}]}
RESULT: {"script":"<script> [776 bytes]","args":[{"enterText":"ZL01","selector":{"controlType":"sap.m.Input","viewName":"etm.portal.ui.manageyards.view.New","viewId":"application-manageyards-display-component---NewYard","bindingPath":{"path":"","propertyPath":"/DELIVERY_TYPE","modelName":"NewYardModel"},"interaction":{"idSuffix":"inner"}},"clearTextFirst":true,"interactionType":"ENTER_TEXT"}]}
COMMAND: POST /session/ee4ef4c40535e05b41317013d6b0695a/execute/async - {"script":"<script> [1562 bytes]","args":[{"selector":{"controlType":"sap.m.Input","viewName":"etm.portal.ui.manageyards.view.New","viewId":"application-manageyards-display-component---NewYard","bindingPath":{"path":"","propertyPath":"/AUART","modelName":"NewYardModel"},"interaction":{"idSuffix":"inner"}},"wdio_ui5_key":"etmportal.ui.manageyards.view.Newsap.m.Input{\"path\":\"\",\"propertyPath\":\"/AUART\",\"modelName\":\"NewYardModel\"}"}]}
RESULT: {"script":"<script> [1562 bytes]","args":[{"selector":{"controlType":"sap.m.Input","viewName":"etm.portal.ui.manageyards.view.New","viewId":"application-manageyards-display-component---NewYard","bindingPath":{"path":"","propertyPath":"/AUART","modelName":"NewYardModel"},"interaction":{"idSuffix":"inner"}},"wdio_ui5_key":"etmportal.ui.manageyards.view.Newsap.m.Input{\"path\":\"\",\"propertyPath\":\"/AUART\",\"modelName\":\"NewYardModel\"}"}]}
RESULT: undefined
COMMAND: POST /session/ee4ef4c40535e05b41317013d6b0695a/execute/async - {"script":"<script> [776 bytes]","args":[{"enterText":"TA","selector":{"controlType":"sap.m.Input","viewName":"etm.portal.ui.manageyards.view.New","viewId":"application-manageyards-display-component---NewYard","bindingPath":{"path":"","propertyPath":"/AUART","modelName":"NewYardModel"},"interaction":{"idSuffix":"inner"}},"clearTextFirst":true,"interactionType":"ENTER_TEXT"}]}
RESULT: {"script":"<script> [776 bytes]","args":[{"enterText":"TA","selector":{"controlType":"sap.m.Input","viewName":"etm.portal.ui.manageyards.view.New","viewId":"application-manageyards-display-component---NewYard","bindingPath":{"path":"","propertyPath":"/AUART","modelName":"NewYardModel"},"interaction":{"idSuffix":"inner"}},"clearTextFirst":true,"interactionType":"ENTER_TEXT"}]}
COMMAND: POST /session/ee4ef4c40535e05b41317013d6b0695a/element - {"using":"xpath","value":"//button[@data-kt=\"newYardSaveButton\"]"}
RESULT: {"using":"xpath","value":"//button[@data-kt=\"newYardSaveButton\"]"}
COMMAND: POST /session/ee4ef4c40535e05b41317013d6b0695a/element/f.00329360D5A862BC98A13AE160565CE6.d.F469D31E7BA5D2C0909C719968402DDB.e.716/click - {}
RESULT: {}
COMMAND: GET /session/ee4ef4c40535e05b41317013d6b0695a/screenshot - {}
RESULT: {}
COMMAND: POST /session/ee4ef4c40535e05b41317013d6b0695a/element - {"using":"xpath","value":"//header[contains(@id, 'ObjectPageLayout-headerTitle')]/div[1]/div[2]/div[1]/span[1]"}
RESULT: {"using":"xpath","value":"//header[contains(@id, 'ObjectPageLayout-headerTitle')]/div[1]/div[2]/div[1]/span[1]"}
COMMAND: POST /session/ee4ef4c40535e05b41317013d6b0695a/elements - {"using":"xpath","value":"//header[contains(@id, 'ObjectPageLayout-headerTitle')]/div[1]/div[2]/div[1]/span[1]"}
RESULT: {"using":"xpath","value":"//header[contains(@id, 'ObjectPageLayout-headerTitle')]/div[1]/div[2]/div[1]/span[1]"}
COMMAND: POST /session/ee4ef4c40535e05b41317013d6b0695a/execute/sync - {"script":"<script> [56 bytes]","args":[{"element-6066-11e4-a52e-4f735466cecf":"f.00329360D5A862BC98A13AE160565CE6.d.F469D31E7BA5D2C0909C719968402DDB.e.1028","ELEMENT":"f.00329360D5A862BC98A13AE160565CE6.d.F469D31E7BA5D2C0909C719968402DDB.e.1028"}]}
RESULT: {"script":"<script> [56 bytes]","args":[{"element-6066-11e4-a52e-4f735466cecf":"f.00329360D5A862BC98A13AE160565CE6.d.F469D31E7BA5D2C0909C719968402DDB.e.1028","ELEMENT":"f.00329360D5A862BC98A13AE160565CE6.d.F469D31E7BA5D2C0909C719968402DDB.e.1028"}]}
COMMAND: GET /session/ee4ef4c40535e05b41317013d6b0695a/screenshot - {}
COMMAND: POST /session/ee4ef4c40535e05b41317013d6b0695a/execute/sync - {"script":"<script> [56 bytes]","args":[{"element-6066-11e4-a52e-4f735466cecf":"f.00329360D5A862BC98A13AE160565CE6.d.F469D31E7BA5D2C0909C719968402DDB.e.1028","ELEMENT":"f.00329360D5A862BC98A13AE160565CE6.d.F469D31E7BA5D2C0909C719968402DDB.e.1028"}]}
RESULT: {}
RESULT: {"script":"<script> [56 bytes]","args":[{"element-6066-11e4-a52e-4f735466cecf":"f.00329360D5A862BC98A13AE160565CE6.d.F469D31E7BA5D2C0909C719968402DDB.e.1028","ELEMENT":"f.00329360D5A862BC98A13AE160565CE6.d.F469D31E7BA5D2C0909C719968402DDB.e.1028"}]}
COMMAND: GET /session/ee4ef4c40535e05b41317013d6b0695a/screenshot - {}
COMMAND: POST /session/ee4ef4c40535e05b41317013d6b0695a/execute/sync - {"script":"<script> [56 bytes]","args":[{"element-6066-11e4-a52e-4f735466cecf":"f.00329360D5A862BC98A13AE160565CE6.d.F469D31E7BA5D2C0909C719968402DDB.e.1028","ELEMENT":"f.00329360D5A862BC98A13AE160565CE6.d.F469D31E7BA5D2C0909C719968402DDB.e.1028"}]}
RESULT: {}
RESULT: {"script":"<script> [56 bytes]","args":[{"element-6066-11e4-a52e-4f735466cecf":"f.00329360D5A862BC98A13AE160565CE6.d.F469D31E7BA5D2C0909C719968402DDB.e.1028","ELEMENT":"f.00329360D5A862BC98A13AE160565CE6.d.F469D31E7BA5D2C0909C719968402DDB.e.1028"}]}
COMMAND: GET /session/ee4ef4c40535e05b41317013d6b0695a/screenshot - {}
COMMAND: POST /session/ee4ef4c40535e05b41317013d6b0695a/execute/sync - {"script":"<script> [56 bytes]","args":[{"element-6066-11e4-a52e-4f735466cecf":"f.00329360D5A862BC98A13AE160565CE6.d.F469D31E7BA5D2C0909C719968402DDB.e.1028","ELEMENT":"f.00329360D5A862BC98A13AE160565CE6.d.F469D31E7BA5D2C0909C719968402DDB.e.1028"}]}
RESULT: {}
RESULT: {"script":"<script> [56 bytes]","args":[{"element-6066-11e4-a52e-4f735466cecf":"f.00329360D5A862BC98A13AE160565CE6.d.F469D31E7BA5D2C0909C719968402DDB.e.1028","ELEMENT":"f.00329360D5A862BC98A13AE160565CE6.d.F469D31E7BA5D2C0909C719968402DDB.e.1028"}]}
COMMAND: GET /session/ee4ef4c40535e05b41317013d6b0695a/screenshot - {}
COMMAND: POST /session/ee4ef4c40535e05b41317013d6b0695a/execute/sync - {"script":"<script> [56 bytes]","args":[{"element-6066-11e4-a52e-4f735466cecf":"f.00329360D5A862BC98A13AE160565CE6.d.F469D31E7BA5D2C0909C719968402DDB.e.1028","ELEMENT":"f.00329360D5A862BC98A13AE160565CE6.d.F469D31E7BA5D2C0909C719968402DDB.e.1028"}]}
RESULT: {}
RESULT: {"script":"<script> [56 bytes]","args":[{"element-6066-11e4-a52e-4f735466cecf":"f.00329360D5A862BC98A13AE160565CE6.d.F469D31E7BA5D2C0909C719968402DDB.e.1028","ELEMENT":"f.00329360D5A862BC98A13AE160565CE6.d.F469D31E7BA5D2C0909C719968402DDB.e.1028"}]}
COMMAND: GET /session/ee4ef4c40535e05b41317013d6b0695a/screenshot - {}
RESULT: {}
COMMAND: POST /session/ee4ef4c40535e05b41317013d6b0695a/element - {"using":"css selector","value":"#shell-header-logo"}
RESULT: {"using":"css selector","value":"#shell-header-logo"}
COMMAND: POST /session/ee4ef4c40535e05b41317013d6b0695a/element/f.00329360D5A862BC98A13AE160565CE6.d.F469D31E7BA5D2C0909C719968402DDB.e.271/click - {}
RESULT: {}
COMMAND: GET /session/ee4ef4c40535e05b41317013d6b0695a/screenshot - {}
RESULT: {}
COMMAND: POST /session/ee4ef4c40535e05b41317013d6b0695a/execute/sync - {"script":"<script> [299 bytes]","args":[["getModel","getResource"]]}
RESULT: {"script":"<script> [299 bytes]","args":[["getModel","getResource"]]}
COMMAND: GET /session/ee4ef4c40535e05b41317013d6b0695a/screenshot - {}
]]></system-out>
    </testcase>
    <testcase classname="chrome.136_0_7103_49.windows.Billing_confirm_US117289" name="Should create a new partner" time="133.809">
      <system-out><![CDATA[
RESULT: {}
COMMAND: POST /session/ee4ef4c40535e05b41317013d6b0695a/window/fullscreen - {}
RESULT: {}
COMMAND: POST /session/ee4ef4c40535e05b41317013d6b0695a/execute/async - {"script":"<script> [1562 bytes]","args":[{"selector":{"controlType":"sap.m.GenericTile","properties":{"header":"Manage Partners"}},"wdio_ui5_key":"sapm.GenericTile{\"header\":\"Manage Partners\"}"}]}
RESULT: {"script":"<script> [1562 bytes]","args":[{"selector":{"controlType":"sap.m.GenericTile","properties":{"header":"Manage Partners"}},"wdio_ui5_key":"sapm.GenericTile{\"header\":\"Manage Partners\"}"}]}
RESULT: undefined
COMMAND: POST /session/ee4ef4c40535e05b41317013d6b0695a/element - {"using":"xpath","value":"//*[@id=\"__tile38\"]"}
RESULT: {"using":"xpath","value":"//*[@id=\"__tile38\"]"}
COMMAND: POST /session/ee4ef4c40535e05b41317013d6b0695a/element/f.00329360D5A862BC98A13AE160565CE6.d.F469D31E7BA5D2C0909C719968402DDB.e.157/click - {}
RESULT: {}
COMMAND: POST /session/ee4ef4c40535e05b41317013d6b0695a/element - {"using":"xpath","value":"//button[@data-kt=\"addButton\"]"}
COMMAND: GET /session/ee4ef4c40535e05b41317013d6b0695a/screenshot - {}
RESULT: {"using":"xpath","value":"//button[@data-kt=\"addButton\"]"}
COMMAND: POST /session/ee4ef4c40535e05b41317013d6b0695a/elements - {"using":"xpath","value":"//button[@data-kt=\"addButton\"]"}
RESULT: {}
RESULT: {"using":"xpath","value":"//button[@data-kt=\"addButton\"]"}
COMMAND: POST /session/ee4ef4c40535e05b41317013d6b0695a/elements - {"using":"xpath","value":"//button[@data-kt=\"addButton\"]"}
RESULT: {"using":"xpath","value":"//button[@data-kt=\"addButton\"]"}
COMMAND: POST /session/ee4ef4c40535e05b41317013d6b0695a/elements - {"using":"xpath","value":"//button[@data-kt=\"addButton\"]"}
RESULT: {"using":"xpath","value":"//button[@data-kt=\"addButton\"]"}
COMMAND: POST /session/ee4ef4c40535e05b41317013d6b0695a/elements - {"using":"xpath","value":"//button[@data-kt=\"addButton\"]"}
RESULT: {"using":"xpath","value":"//button[@data-kt=\"addButton\"]"}
COMMAND: POST /session/ee4ef4c40535e05b41317013d6b0695a/elements - {"using":"xpath","value":"//button[@data-kt=\"addButton\"]"}
RESULT: {"using":"xpath","value":"//button[@data-kt=\"addButton\"]"}
COMMAND: POST /session/ee4ef4c40535e05b41317013d6b0695a/elements - {"using":"xpath","value":"//button[@data-kt=\"addButton\"]"}
RESULT: {"using":"xpath","value":"//button[@data-kt=\"addButton\"]"}
COMMAND: POST /session/ee4ef4c40535e05b41317013d6b0695a/elements - {"using":"xpath","value":"//button[@data-kt=\"addButton\"]"}
RESULT: {"using":"xpath","value":"//button[@data-kt=\"addButton\"]"}
COMMAND: POST /session/ee4ef4c40535e05b41317013d6b0695a/elements - {"using":"xpath","value":"//button[@data-kt=\"addButton\"]"}
RESULT: {"using":"xpath","value":"//button[@data-kt=\"addButton\"]"}
COMMAND: POST /session/ee4ef4c40535e05b41317013d6b0695a/elements - {"using":"xpath","value":"//button[@data-kt=\"addButton\"]"}
RESULT: {"using":"xpath","value":"//button[@data-kt=\"addButton\"]"}
COMMAND: POST /session/ee4ef4c40535e05b41317013d6b0695a/elements - {"using":"xpath","value":"//button[@data-kt=\"addButton\"]"}
RESULT: {"using":"xpath","value":"//button[@data-kt=\"addButton\"]"}
COMMAND: POST /session/ee4ef4c40535e05b41317013d6b0695a/elements - {"using":"xpath","value":"//button[@data-kt=\"addButton\"]"}
RESULT: {"using":"xpath","value":"//button[@data-kt=\"addButton\"]"}
COMMAND: POST /session/ee4ef4c40535e05b41317013d6b0695a/elements - {"using":"xpath","value":"//button[@data-kt=\"addButton\"]"}
RESULT: {"using":"xpath","value":"//button[@data-kt=\"addButton\"]"}
COMMAND: POST /session/ee4ef4c40535e05b41317013d6b0695a/elements - {"using":"xpath","value":"//button[@data-kt=\"addButton\"]"}
RESULT: {"using":"xpath","value":"//button[@data-kt=\"addButton\"]"}
COMMAND: POST /session/ee4ef4c40535e05b41317013d6b0695a/elements - {"using":"xpath","value":"//button[@data-kt=\"addButton\"]"}
RESULT: {"using":"xpath","value":"//button[@data-kt=\"addButton\"]"}
COMMAND: POST /session/ee4ef4c40535e05b41317013d6b0695a/elements - {"using":"xpath","value":"//button[@data-kt=\"addButton\"]"}
RESULT: {"using":"xpath","value":"//button[@data-kt=\"addButton\"]"}
COMMAND: POST /session/ee4ef4c40535e05b41317013d6b0695a/elements - {"using":"xpath","value":"//button[@data-kt=\"addButton\"]"}
RESULT: {"using":"xpath","value":"//button[@data-kt=\"addButton\"]"}
COMMAND: POST /session/ee4ef4c40535e05b41317013d6b0695a/elements - {"using":"xpath","value":"//button[@data-kt=\"addButton\"]"}
RESULT: {"using":"xpath","value":"//button[@data-kt=\"addButton\"]"}
COMMAND: POST /session/ee4ef4c40535e05b41317013d6b0695a/elements - {"using":"xpath","value":"//button[@data-kt=\"addButton\"]"}
RESULT: {"using":"xpath","value":"//button[@data-kt=\"addButton\"]"}
COMMAND: POST /session/ee4ef4c40535e05b41317013d6b0695a/elements - {"using":"xpath","value":"//button[@data-kt=\"addButton\"]"}
RESULT: {"using":"xpath","value":"//button[@data-kt=\"addButton\"]"}
COMMAND: POST /session/ee4ef4c40535e05b41317013d6b0695a/elements - {"using":"xpath","value":"//button[@data-kt=\"addButton\"]"}
RESULT: {"using":"xpath","value":"//button[@data-kt=\"addButton\"]"}
COMMAND: POST /session/ee4ef4c40535e05b41317013d6b0695a/elements - {"using":"xpath","value":"//button[@data-kt=\"addButton\"]"}
RESULT: {"using":"xpath","value":"//button[@data-kt=\"addButton\"]"}
COMMAND: POST /session/ee4ef4c40535e05b41317013d6b0695a/elements - {"using":"xpath","value":"//button[@data-kt=\"addButton\"]"}
RESULT: {"using":"xpath","value":"//button[@data-kt=\"addButton\"]"}
COMMAND: POST /session/ee4ef4c40535e05b41317013d6b0695a/elements - {"using":"xpath","value":"//button[@data-kt=\"addButton\"]"}
RESULT: {"using":"xpath","value":"//button[@data-kt=\"addButton\"]"}
COMMAND: POST /session/ee4ef4c40535e05b41317013d6b0695a/elements - {"using":"xpath","value":"//button[@data-kt=\"addButton\"]"}
RESULT: {"using":"xpath","value":"//button[@data-kt=\"addButton\"]"}
COMMAND: POST /session/ee4ef4c40535e05b41317013d6b0695a/elements - {"using":"xpath","value":"//button[@data-kt=\"addButton\"]"}
RESULT: {"using":"xpath","value":"//button[@data-kt=\"addButton\"]"}
COMMAND: POST /session/ee4ef4c40535e05b41317013d6b0695a/element - {"using":"xpath","value":"//button[@data-kt=\"addButton\"]"}
RESULT: {"using":"xpath","value":"//button[@data-kt=\"addButton\"]"}
COMMAND: POST /session/ee4ef4c40535e05b41317013d6b0695a/execute/sync - {"script":"<script> [8489 bytes]","args":[{"element-6066-11e4-a52e-4f735466cecf":"f.00329360D5A862BC98A13AE160565CE6.d.F469D31E7BA5D2C0909C719968402DDB.e.1073","ELEMENT":"f.00329360D5A862BC98A13AE160565CE6.d.F469D31E7BA5D2C0909C719968402DDB.e.1073"}]}
RESULT: {"script":"<script> [8489 bytes]","args":[{"element-6066-11e4-a52e-4f735466cecf":"f.00329360D5A862BC98A13AE160565CE6.d.F469D31E7BA5D2C0909C719968402DDB.e.1073","ELEMENT":"f.00329360D5A862BC98A13AE160565CE6.d.F469D31E7BA5D2C0909C719968402DDB.e.1073"}]}
COMMAND: GET /session/ee4ef4c40535e05b41317013d6b0695a/element/f.00329360D5A862BC98A13AE160565CE6.d.F469D31E7BA5D2C0909C719968402DDB.e.1073/enabled - {}
COMMAND: GET /session/ee4ef4c40535e05b41317013d6b0695a/screenshot - {}
RESULT: {}
COMMAND: POST /session/ee4ef4c40535e05b41317013d6b0695a/execute/sync - {"script":"<script> [8489 bytes]","args":[{"element-6066-11e4-a52e-4f735466cecf":"f.00329360D5A862BC98A13AE160565CE6.d.F469D31E7BA5D2C0909C719968402DDB.e.1073","ELEMENT":"f.00329360D5A862BC98A13AE160565CE6.d.F469D31E7BA5D2C0909C719968402DDB.e.1073"}]}
COMMAND: GET /session/ee4ef4c40535e05b41317013d6b0695a/screenshot - {}
RESULT: {}
RESULT: {"script":"<script> [8489 bytes]","args":[{"element-6066-11e4-a52e-4f735466cecf":"f.00329360D5A862BC98A13AE160565CE6.d.F469D31E7BA5D2C0909C719968402DDB.e.1073","ELEMENT":"f.00329360D5A862BC98A13AE160565CE6.d.F469D31E7BA5D2C0909C719968402DDB.e.1073"}]}
COMMAND: POST /session/ee4ef4c40535e05b41317013d6b0695a/execute/sync - {"script":"<script> [5351 bytes]","args":[{"element-6066-11e4-a52e-4f735466cecf":"f.00329360D5A862BC98A13AE160565CE6.d.F469D31E7BA5D2C0909C719968402DDB.e.1073","ELEMENT":"f.00329360D5A862BC98A13AE160565CE6.d.F469D31E7BA5D2C0909C719968402DDB.e.1073"}]}
COMMAND: GET /session/ee4ef4c40535e05b41317013d6b0695a/screenshot - {}
RESULT: {}
RESULT: {"script":"<script> [5351 bytes]","args":[{"element-6066-11e4-a52e-4f735466cecf":"f.00329360D5A862BC98A13AE160565CE6.d.F469D31E7BA5D2C0909C719968402DDB.e.1073","ELEMENT":"f.00329360D5A862BC98A13AE160565CE6.d.F469D31E7BA5D2C0909C719968402DDB.e.1073"}]}
COMMAND: POST /session/ee4ef4c40535e05b41317013d6b0695a/element/f.00329360D5A862BC98A13AE160565CE6.d.F469D31E7BA5D2C0909C719968402DDB.e.1073/click - {}
COMMAND: GET /session/ee4ef4c40535e05b41317013d6b0695a/screenshot - {}
RESULT: {}
RESULT: {}
COMMAND: GET /session/ee4ef4c40535e05b41317013d6b0695a/screenshot - {}
COMMAND: POST /session/ee4ef4c40535e05b41317013d6b0695a/execute/async - {"script":"<script> [1562 bytes]","args":[{"selector":{"id":"application-managepartners-display-component---NewPartner--addressDetailDetailsName1","interaction":{"idSuffix":"inner"}},"wdio_ui5_key":"applicationmanagepartners-display-component---NewPartner--addressDetailDetailsName1"}]}
RESULT: {}
RESULT: {}
RESULT: {"script":"<script> [1562 bytes]","args":[{"selector":{"id":"application-managepartners-display-component---NewPartner--addressDetailDetailsName1","interaction":{"idSuffix":"inner"}},"wdio_ui5_key":"applicationmanagepartners-display-component---NewPartner--addressDetailDetailsName1"}]}
RESULT: undefined
COMMAND: POST /session/ee4ef4c40535e05b41317013d6b0695a/execute/async - {"script":"<script> [776 bytes]","args":[{"enterText":"Intracompany Partner WDIO","selector":{"id":"application-managepartners-display-component---NewPartner--addressDetailDetailsName1","interaction":{"idSuffix":"inner"}},"clearTextFirst":true,"interactionType":"ENTER_TEXT"}]}
RESULT: {"script":"<script> [776 bytes]","args":[{"enterText":"Intracompany Partner WDIO","selector":{"id":"application-managepartners-display-component---NewPartner--addressDetailDetailsName1","interaction":{"idSuffix":"inner"}},"clearTextFirst":true,"interactionType":"ENTER_TEXT"}]}
COMMAND: POST /session/ee4ef4c40535e05b41317013d6b0695a/execute/async - {"script":"<script> [1562 bytes]","args":[{"selector":{"id":"application-managepartners-display-component---NewPartner--addressDetailDetailsLanguage-arrow"},"wdio_ui5_key":"applicationmanagepartners-display-component---NewPartner--addressDetailDetailsLanguage-arrow"}]}
RESULT: {"script":"<script> [1562 bytes]","args":[{"selector":{"id":"application-managepartners-display-component---NewPartner--addressDetailDetailsLanguage-arrow"},"wdio_ui5_key":"applicationmanagepartners-display-component---NewPartner--addressDetailDetailsLanguage-arrow"}]}
RESULT: undefined
COMMAND: POST /session/ee4ef4c40535e05b41317013d6b0695a/element - {"using":"xpath","value":"//*[@id=\"application-managepartners-display-component---NewPartner--addressDetailDetailsLanguage-arrow\"]"}
RESULT: {"using":"xpath","value":"//*[@id=\"application-managepartners-display-component---NewPartner--addressDetailDetailsLanguage-arrow\"]"}
COMMAND: POST /session/ee4ef4c40535e05b41317013d6b0695a/element/f.00329360D5A862BC98A13AE160565CE6.d.F469D31E7BA5D2C0909C719968402DDB.e.1531/click - {}
RESULT: {}
COMMAND: POST /session/ee4ef4c40535e05b41317013d6b0695a/element - {"using":"xpath","value":"//span[contains(text(), \"English\")]"}
COMMAND: GET /session/ee4ef4c40535e05b41317013d6b0695a/screenshot - {}
RESULT: {"using":"xpath","value":"//span[contains(text(), \"English\")]"}
COMMAND: POST /session/ee4ef4c40535e05b41317013d6b0695a/element/f.00329360D5A862BC98A13AE160565CE6.d.F469D31E7BA5D2C0909C719968402DDB.e.1532/click - {}
RESULT: {}
RESULT: {}
COMMAND: GET /session/ee4ef4c40535e05b41317013d6b0695a/screenshot - {}
RESULT: {}
COMMAND: POST /session/ee4ef4c40535e05b41317013d6b0695a/execute/async - {"script":"<script> [1562 bytes]","args":[{"selector":{"id":"application-managepartners-display-component---NewPartner--addressDetailDetailsCity1","interaction":{"idSuffix":"inner"}},"wdio_ui5_key":"applicationmanagepartners-display-component---NewPartner--addressDetailDetailsCity1"}]}
RESULT: {"script":"<script> [1562 bytes]","args":[{"selector":{"id":"application-managepartners-display-component---NewPartner--addressDetailDetailsCity1","interaction":{"idSuffix":"inner"}},"wdio_ui5_key":"applicationmanagepartners-display-component---NewPartner--addressDetailDetailsCity1"}]}
RESULT: undefined
COMMAND: POST /session/ee4ef4c40535e05b41317013d6b0695a/execute/async - {"script":"<script> [776 bytes]","args":[{"enterText":"Rosario","selector":{"id":"application-managepartners-display-component---NewPartner--addressDetailDetailsCity1","interaction":{"idSuffix":"inner"}},"clearTextFirst":true,"interactionType":"ENTER_TEXT"}]}
RESULT: {"script":"<script> [776 bytes]","args":[{"enterText":"Rosario","selector":{"id":"application-managepartners-display-component---NewPartner--addressDetailDetailsCity1","interaction":{"idSuffix":"inner"}},"clearTextFirst":true,"interactionType":"ENTER_TEXT"}]}
COMMAND: POST /session/ee4ef4c40535e05b41317013d6b0695a/execute/async - {"script":"<script> [1562 bytes]","args":[{"selector":{"id":"application-managepartners-display-component---NewPartner--addressDetailDetailsCountry-arrow"},"wdio_ui5_key":"applicationmanagepartners-display-component---NewPartner--addressDetailDetailsCountry-arrow"}]}
RESULT: {"script":"<script> [1562 bytes]","args":[{"selector":{"id":"application-managepartners-display-component---NewPartner--addressDetailDetailsCountry-arrow"},"wdio_ui5_key":"applicationmanagepartners-display-component---NewPartner--addressDetailDetailsCountry-arrow"}]}
RESULT: undefined
COMMAND: POST /session/ee4ef4c40535e05b41317013d6b0695a/element - {"using":"xpath","value":"//*[@id=\"application-managepartners-display-component---NewPartner--addressDetailDetailsCountry-arrow\"]"}
RESULT: {"using":"xpath","value":"//*[@id=\"application-managepartners-display-component---NewPartner--addressDetailDetailsCountry-arrow\"]"}
COMMAND: POST /session/ee4ef4c40535e05b41317013d6b0695a/element/f.00329360D5A862BC98A13AE160565CE6.d.F469D31E7BA5D2C0909C719968402DDB.e.1518/click - {}
RESULT: {}
COMMAND: POST /session/ee4ef4c40535e05b41317013d6b0695a/element - {"using":"xpath","value":"//span[contains(text(), \"Argentina\")]"}
COMMAND: GET /session/ee4ef4c40535e05b41317013d6b0695a/screenshot - {}
RESULT: {"using":"xpath","value":"//span[contains(text(), \"Argentina\")]"}
COMMAND: POST /session/ee4ef4c40535e05b41317013d6b0695a/element/f.00329360D5A862BC98A13AE160565CE6.d.F469D31E7BA5D2C0909C719968402DDB.e.1534/click - {}
RESULT: {}
RESULT: {}
COMMAND: GET /session/ee4ef4c40535e05b41317013d6b0695a/screenshot - {}
RESULT: {}
COMMAND: POST /session/ee4ef4c40535e05b41317013d6b0695a/element - {"using":"xpath","value":"//bdi[contains(text(), \"Commercial\")]"}
RESULT: {"using":"xpath","value":"//bdi[contains(text(), \"Commercial\")]"}
COMMAND: POST /session/ee4ef4c40535e05b41317013d6b0695a/element/f.00329360D5A862BC98A13AE160565CE6.d.F469D31E7BA5D2C0909C719968402DDB.e.1535/click - {}
RESULT: {}
COMMAND: GET /session/ee4ef4c40535e05b41317013d6b0695a/screenshot - {}
RESULT: {}
COMMAND: POST /session/ee4ef4c40535e05b41317013d6b0695a/execute/async - {"script":"<script> [1562 bytes]","args":[{"selector":{"id":"application-managepartners-display-component---NewPartner--partnerDetailInternal-arrow"},"wdio_ui5_key":"applicationmanagepartners-display-component---NewPartner--partnerDetailInternal-arrow"}]}
RESULT: {"script":"<script> [1562 bytes]","args":[{"selector":{"id":"application-managepartners-display-component---NewPartner--partnerDetailInternal-arrow"},"wdio_ui5_key":"applicationmanagepartners-display-component---NewPartner--partnerDetailInternal-arrow"}]}
RESULT: undefined
COMMAND: POST /session/ee4ef4c40535e05b41317013d6b0695a/element - {"using":"xpath","value":"//*[@id=\"application-managepartners-display-component---NewPartner--partnerDetailInternal-arrow\"]"}
RESULT: {"using":"xpath","value":"//*[@id=\"application-managepartners-display-component---NewPartner--partnerDetailInternal-arrow\"]"}
COMMAND: POST /session/ee4ef4c40535e05b41317013d6b0695a/element/f.00329360D5A862BC98A13AE160565CE6.d.F469D31E7BA5D2C0909C719968402DDB.e.1541/click - {}
RESULT: {}
COMMAND: POST /session/ee4ef4c40535e05b41317013d6b0695a/element - {"using":"xpath","value":"//span[contains(text(), \"Affiliated company\")]"}
COMMAND: GET /session/ee4ef4c40535e05b41317013d6b0695a/screenshot - {}
RESULT: {"using":"xpath","value":"//span[contains(text(), \"Affiliated company\")]"}
COMMAND: POST /session/ee4ef4c40535e05b41317013d6b0695a/element/f.00329360D5A862BC98A13AE160565CE6.d.F469D31E7BA5D2C0909C719968402DDB.e.1542/click - {}
RESULT: {}
RESULT: {}
COMMAND: POST /session/ee4ef4c40535e05b41317013d6b0695a/execute/async - {"script":"<script> [1562 bytes]","args":[{"selector":{"id":"application-managepartners-display-component---NewPartner--partnerDetailsCurrency-arrow"},"wdio_ui5_key":"applicationmanagepartners-display-component---NewPartner--partnerDetailsCurrency-arrow"}]}
COMMAND: GET /session/ee4ef4c40535e05b41317013d6b0695a/screenshot - {}
RESULT: {"script":"<script> [1562 bytes]","args":[{"selector":{"id":"application-managepartners-display-component---NewPartner--partnerDetailsCurrency-arrow"},"wdio_ui5_key":"applicationmanagepartners-display-component---NewPartner--partnerDetailsCurrency-arrow"}]}
RESULT: undefined
COMMAND: POST /session/ee4ef4c40535e05b41317013d6b0695a/element - {"using":"xpath","value":"//*[@id=\"application-managepartners-display-component---NewPartner--partnerDetailsCurrency-arrow\"]"}
RESULT: {}
RESULT: {"using":"xpath","value":"//*[@id=\"application-managepartners-display-component---NewPartner--partnerDetailsCurrency-arrow\"]"}
COMMAND: POST /session/ee4ef4c40535e05b41317013d6b0695a/element/f.00329360D5A862BC98A13AE160565CE6.d.F469D31E7BA5D2C0909C719968402DDB.e.1549/click - {}
RESULT: {}
COMMAND: POST /session/ee4ef4c40535e05b41317013d6b0695a/element - {"using":"xpath","value":"//span[contains(text(), \"Euro\")]"}
COMMAND: GET /session/ee4ef4c40535e05b41317013d6b0695a/screenshot - {}
RESULT: {"using":"xpath","value":"//span[contains(text(), \"Euro\")]"}
COMMAND: POST /session/ee4ef4c40535e05b41317013d6b0695a/element/f.00329360D5A862BC98A13AE160565CE6.d.F469D31E7BA5D2C0909C719968402DDB.e.1550/click - {}
RESULT: {}
RESULT: {}
COMMAND: POST /session/ee4ef4c40535e05b41317013d6b0695a/execute/async - {"script":"<script> [1562 bytes]","args":[{"selector":{"id":"application-managepartners-display-component---NewPartner--addressEditDetailsCostObjectCstType-arrow"},"wdio_ui5_key":"applicationmanagepartners-display-component---NewPartner--addressEditDetailsCostObjectCstType-arrow"}]}
COMMAND: GET /session/ee4ef4c40535e05b41317013d6b0695a/screenshot - {}
RESULT: {"script":"<script> [1562 bytes]","args":[{"selector":{"id":"application-managepartners-display-component---NewPartner--addressEditDetailsCostObjectCstType-arrow"},"wdio_ui5_key":"applicationmanagepartners-display-component---NewPartner--addressEditDetailsCostObjectCstType-arrow"}]}
RESULT: undefined
COMMAND: POST /session/ee4ef4c40535e05b41317013d6b0695a/element - {"using":"xpath","value":"//*[@id=\"application-managepartners-display-component---NewPartner--addressEditDetailsCostObjectCstType-arrow\"]"}
RESULT: {}
RESULT: {"using":"xpath","value":"//*[@id=\"application-managepartners-display-component---NewPartner--addressEditDetailsCostObjectCstType-arrow\"]"}
COMMAND: POST /session/ee4ef4c40535e05b41317013d6b0695a/element/f.00329360D5A862BC98A13AE160565CE6.d.F469D31E7BA5D2C0909C719968402DDB.e.1551/click - {}
RESULT: {}
COMMAND: POST /session/ee4ef4c40535e05b41317013d6b0695a/element - {"using":"xpath","value":"//span[contains(text(), \"Cost Center\")]"}
COMMAND: GET /session/ee4ef4c40535e05b41317013d6b0695a/screenshot - {}
RESULT: {"using":"xpath","value":"//span[contains(text(), \"Cost Center\")]"}
COMMAND: POST /session/ee4ef4c40535e05b41317013d6b0695a/element/f.00329360D5A862BC98A13AE160565CE6.d.F469D31E7BA5D2C0909C719968402DDB.e.1552/click - {}
RESULT: {}
RESULT: {}
COMMAND: GET /session/ee4ef4c40535e05b41317013d6b0695a/screenshot - {}
RESULT: {}
COMMAND: POST /session/ee4ef4c40535e05b41317013d6b0695a/element - {"using":"xpath","value":"//span[@id=\"application-managepartners-display-component---NewPartner--addressNewCostObjectCstID-vhi\"]"}
RESULT: {"using":"xpath","value":"//span[@id=\"application-managepartners-display-component---NewPartner--addressNewCostObjectCstID-vhi\"]"}
COMMAND: POST /session/ee4ef4c40535e05b41317013d6b0695a/execute/sync - {"script":"<script> [8489 bytes]","args":[{"element-6066-11e4-a52e-4f735466cecf":"f.00329360D5A862BC98A13AE160565CE6.d.F469D31E7BA5D2C0909C719968402DDB.e.1556","ELEMENT":"f.00329360D5A862BC98A13AE160565CE6.d.F469D31E7BA5D2C0909C719968402DDB.e.1556"}]}
RESULT: {"script":"<script> [8489 bytes]","args":[{"element-6066-11e4-a52e-4f735466cecf":"f.00329360D5A862BC98A13AE160565CE6.d.F469D31E7BA5D2C0909C719968402DDB.e.1556","ELEMENT":"f.00329360D5A862BC98A13AE160565CE6.d.F469D31E7BA5D2C0909C719968402DDB.e.1556"}]}
COMMAND: POST /session/ee4ef4c40535e05b41317013d6b0695a/execute/async - {"script":"<script> [1562 bytes]","args":[{"selector":{"id":"application-managepartners-display-component---NewPartner--addressNewCostObjectCstID-vhi"},"wdio_ui5_key":"applicationmanagepartners-display-component---NewPartner--addressNewCostObjectCstID-vhi"}]}
COMMAND: GET /session/ee4ef4c40535e05b41317013d6b0695a/screenshot - {}
RESULT: {"script":"<script> [1562 bytes]","args":[{"selector":{"id":"application-managepartners-display-component---NewPartner--addressNewCostObjectCstID-vhi"},"wdio_ui5_key":"applicationmanagepartners-display-component---NewPartner--addressNewCostObjectCstID-vhi"}]}
RESULT: undefined
COMMAND: POST /session/ee4ef4c40535e05b41317013d6b0695a/element - {"using":"xpath","value":"//*[@id=\"application-managepartners-display-component---NewPartner--addressNewCostObjectCstID-vhi\"]"}
RESULT: {}
RESULT: {"using":"xpath","value":"//*[@id=\"application-managepartners-display-component---NewPartner--addressNewCostObjectCstID-vhi\"]"}
COMMAND: POST /session/ee4ef4c40535e05b41317013d6b0695a/element/f.00329360D5A862BC98A13AE160565CE6.d.F469D31E7BA5D2C0909C719968402DDB.e.1556/click - {}
RESULT: {}
COMMAND: GET /session/ee4ef4c40535e05b41317013d6b0695a/screenshot - {}
RESULT: {}
RESULT: undefined
COMMAND: POST /session/ee4ef4c40535e05b41317013d6b0695a/execute/async - {"script":"<script> [776 bytes]","args":[{"enterText":"10001013","selector":{"controlType":"sap.m.SearchField","properties":{"placeholder":"Search"},"searchOpenDialogs":true,"interaction":{"idSuffix":"I"}},"clearTextFirst":true,"interactionType":"ENTER_TEXT"}]}
RESULT: {"script":"<script> [776 bytes]","args":[{"enterText":"10001013","selector":{"controlType":"sap.m.SearchField","properties":{"placeholder":"Search"},"searchOpenDialogs":true,"interaction":{"idSuffix":"I"}},"clearTextFirst":true,"interactionType":"ENTER_TEXT"}]}
COMMAND: POST /session/ee4ef4c40535e05b41317013d6b0695a/actions - {"actions":[{"id":"action2","type":"key","parameters":{},"actions":[{"type":"keyDown","value":"î€‡"},{"type":"pause","duration":10},{"type":"keyUp","value":"î€‡"}]}]}
RESULT: {"actions":[{"id":"action2","type":"key","parameters":{},"actions":[{"type":"keyDown","value":"î€‡"},{"type":"pause","duration":10},{"type":"keyUp","value":"î€‡"}]}]}
COMMAND: GET /session/ee4ef4c40535e05b41317013d6b0695a/screenshot - {}
RESULT: {}
COMMAND: POST /session/ee4ef4c40535e05b41317013d6b0695a/element - {"using":"xpath","value":"//span[contains(text(), \"General Management\")]"}
RESULT: {"using":"xpath","value":"//span[contains(text(), \"General Management\")]"}
COMMAND: POST /session/ee4ef4c40535e05b41317013d6b0695a/element/f.00329360D5A862BC98A13AE160565CE6.d.F469D31E7BA5D2C0909C719968402DDB.e.1595/click - {}
RESULT: {}
COMMAND: GET /session/ee4ef4c40535e05b41317013d6b0695a/screenshot - {}
RESULT: {}
COMMAND: POST /session/ee4ef4c40535e05b41317013d6b0695a/element - {"using":"xpath","value":"//bdi[contains(text(), \"OK\")]"}
RESULT: {"using":"xpath","value":"//bdi[contains(text(), \"OK\")]"}
COMMAND: POST /session/ee4ef4c40535e05b41317013d6b0695a/element/f.00329360D5A862BC98A13AE160565CE6.d.F469D31E7BA5D2C0909C719968402DDB.e.1596/click - {}
RESULT: {}
COMMAND: GET /session/ee4ef4c40535e05b41317013d6b0695a/screenshot - {}
RESULT: {}
COMMAND: POST /session/ee4ef4c40535e05b41317013d6b0695a/element - {"using":"xpath","value":"//input[@id=\"application-managepartners-display-component---NewPartner--companyCodeComboBox-inner\"]"}
RESULT: {"using":"xpath","value":"//input[@id=\"application-managepartners-display-component---NewPartner--companyCodeComboBox-inner\"]"}
COMMAND: POST /session/ee4ef4c40535e05b41317013d6b0695a/element/f.00329360D5A862BC98A13AE160565CE6.d.F469D31E7BA5D2C0909C719968402DDB.e.1397/clear - {}
RESULT: {}
COMMAND: POST /session/ee4ef4c40535e05b41317013d6b0695a/element/f.00329360D5A862BC98A13AE160565CE6.d.F469D31E7BA5D2C0909C719968402DDB.e.1397/value - {"text":"1000"}
COMMAND: GET /session/ee4ef4c40535e05b41317013d6b0695a/screenshot - {}
RESULT: {"text":"1000"}
COMMAND: GET /session/ee4ef4c40535e05b41317013d6b0695a/screenshot - {}
RESULT: {}
RESULT: {}
COMMAND: POST /session/ee4ef4c40535e05b41317013d6b0695a/element - {"using":"xpath","value":"//li[.//span[text()= \"1000\"]]"}
RESULT: {"using":"xpath","value":"//li[.//span[text()= \"1000\"]]"}
COMMAND: POST /session/ee4ef4c40535e05b41317013d6b0695a/element/f.00329360D5A862BC98A13AE160565CE6.d.F469D31E7BA5D2C0909C719968402DDB.e.1602/click - {}
RESULT: {}
COMMAND: GET /session/ee4ef4c40535e05b41317013d6b0695a/screenshot - {}
RESULT: {}
COMMAND: POST /session/ee4ef4c40535e05b41317013d6b0695a/execute/async - {"script":"<script> [1562 bytes]","args":[{"selector":{"id":"application-managepartners-display-component---NewPartner--btnAddTableRow-img"},"wdio_ui5_key":"applicationmanagepartners-display-component---NewPartner--btnAddTableRow-img"}]}
RESULT: {"script":"<script> [1562 bytes]","args":[{"selector":{"id":"application-managepartners-display-component---NewPartner--btnAddTableRow-img"},"wdio_ui5_key":"applicationmanagepartners-display-component---NewPartner--btnAddTableRow-img"}]}
RESULT: undefined
COMMAND: POST /session/ee4ef4c40535e05b41317013d6b0695a/element - {"using":"xpath","value":"//*[@id=\"application-managepartners-display-component---NewPartner--btnAddTableRow-img\"]"}
RESULT: {"using":"xpath","value":"//*[@id=\"application-managepartners-display-component---NewPartner--btnAddTableRow-img\"]"}
COMMAND: POST /session/ee4ef4c40535e05b41317013d6b0695a/element/f.00329360D5A862BC98A13AE160565CE6.d.F469D31E7BA5D2C0909C719968402DDB.e.1603/click - {}
RESULT: {}
COMMAND: GET /session/ee4ef4c40535e05b41317013d6b0695a/screenshot - {}
RESULT: {}
COMMAND: POST /session/ee4ef4c40535e05b41317013d6b0695a/element - {"using":"xpath","value":"//input[@id=\"application-managepartners-display-component---NewPartner--assignmentYard-application-managepartners-display-component---NewPartner--assignmentsTable-0-inner\"]"}
RESULT: {"using":"xpath","value":"//input[@id=\"application-managepartners-display-component---NewPartner--assignmentYard-application-managepartners-display-component---NewPartner--assignmentsTable-0-inner\"]"}
COMMAND: POST /session/ee4ef4c40535e05b41317013d6b0695a/element/f.00329360D5A862BC98A13AE160565CE6.d.F469D31E7BA5D2C0909C719968402DDB.e.1606/clear - {}
RESULT: {}
COMMAND: POST /session/ee4ef4c40535e05b41317013d6b0695a/element/f.00329360D5A862BC98A13AE160565CE6.d.F469D31E7BA5D2C0909C719968402DDB.e.1606/value - {"text":"297"}
COMMAND: GET /session/ee4ef4c40535e05b41317013d6b0695a/screenshot - {}
RESULT: {"text":"297"}
COMMAND: GET /session/ee4ef4c40535e05b41317013d6b0695a/screenshot - {}
RESULT: {}
RESULT: {}
COMMAND: POST /session/ee4ef4c40535e05b41317013d6b0695a/element - {"using":"xpath","value":"//li[.//span[text()='297']]"}
RESULT: {"using":"xpath","value":"//li[.//span[text()='297']]"}
COMMAND: POST /session/ee4ef4c40535e05b41317013d6b0695a/element/f.00329360D5A862BC98A13AE160565CE6.d.F469D31E7BA5D2C0909C719968402DDB.e.1615/click - {}
RESULT: {}
COMMAND: GET /session/ee4ef4c40535e05b41317013d6b0695a/screenshot - {}
RESULT: {}
COMMAND: POST /session/ee4ef4c40535e05b41317013d6b0695a/actions - {"actions":[{"id":"action3","type":"key","parameters":{},"actions":[{"type":"keyDown","value":"î€‡"},{"type":"pause","duration":10},{"type":"keyUp","value":"î€‡"}]}]}
RESULT: {"actions":[{"id":"action3","type":"key","parameters":{},"actions":[{"type":"keyDown","value":"î€‡"},{"type":"pause","duration":10},{"type":"keyUp","value":"î€‡"}]}]}
COMMAND: POST /session/ee4ef4c40535e05b41317013d6b0695a/execute/async - {"script":"<script> [1562 bytes]","args":[{"selector":{"id":"application-managepartners-display-component---NewPartner--externalCustomerComboBox-application-managepartners-display-component---NewPartner--assignmentsTable-0-vhi"},"wdio_ui5_key":"applicationmanagepartners-display-component---NewPartner--externalCustomerComboBox-application-managepartners-display-component---NewPartner--assignmentsTable-0-vhi"}]}
COMMAND: GET /session/ee4ef4c40535e05b41317013d6b0695a/screenshot - {}
RESULT: {"script":"<script> [1562 bytes]","args":[{"selector":{"id":"application-managepartners-display-component---NewPartner--externalCustomerComboBox-application-managepartners-display-component---NewPartner--assignmentsTable-0-vhi"},"wdio_ui5_key":"applicationmanagepartners-display-component---NewPartner--externalCustomerComboBox-application-managepartners-display-component---NewPartner--assignmentsTable-0-vhi"}]}
RESULT: undefined
COMMAND: POST /session/ee4ef4c40535e05b41317013d6b0695a/element - {"using":"xpath","value":"//*[@id=\"application-managepartners-display-component---NewPartner--externalCustomerComboBox-application-managepartners-display-component---NewPartner--assignmentsTable-0-vhi\"]"}
RESULT: {}
RESULT: {"using":"xpath","value":"//*[@id=\"application-managepartners-display-component---NewPartner--externalCustomerComboBox-application-managepartners-display-component---NewPartner--assignmentsTable-0-vhi\"]"}
COMMAND: POST /session/ee4ef4c40535e05b41317013d6b0695a/element/f.00329360D5A862BC98A13AE160565CE6.d.F469D31E7BA5D2C0909C719968402DDB.e.1619/click - {}
RESULT: {}
RESULT: undefined
COMMAND: POST /session/ee4ef4c40535e05b41317013d6b0695a/execute/async - {"script":"<script> [776 bytes]","args":[{"enterText":"300003","selector":{"controlType":"sap.m.SearchField","properties":{"placeholder":"Search"},"searchOpenDialogs":true,"interaction":{"idSuffix":"I"}},"clearTextFirst":true,"interactionType":"ENTER_TEXT"}]}
COMMAND: GET /session/ee4ef4c40535e05b41317013d6b0695a/screenshot - {}
RESULT: {"script":"<script> [776 bytes]","args":[{"enterText":"300003","selector":{"controlType":"sap.m.SearchField","properties":{"placeholder":"Search"},"searchOpenDialogs":true,"interaction":{"idSuffix":"I"}},"clearTextFirst":true,"interactionType":"ENTER_TEXT"}]}
COMMAND: POST /session/ee4ef4c40535e05b41317013d6b0695a/actions - {"actions":[{"id":"action4","type":"key","parameters":{},"actions":[{"type":"keyDown","value":"î€‡"},{"type":"pause","duration":10},{"type":"keyUp","value":"î€‡"}]}]}
RESULT: {}
RESULT: {"actions":[{"id":"action4","type":"key","parameters":{},"actions":[{"type":"keyDown","value":"î€‡"},{"type":"pause","duration":10},{"type":"keyUp","value":"î€‡"}]}]}
COMMAND: GET /session/ee4ef4c40535e05b41317013d6b0695a/screenshot - {}
RESULT: {}
COMMAND: POST /session/ee4ef4c40535e05b41317013d6b0695a/element - {"using":"xpath","value":"//span[contains(text(), \"300003\")]"}
RESULT: {"using":"xpath","value":"//span[contains(text(), \"300003\")]"}
COMMAND: POST /session/ee4ef4c40535e05b41317013d6b0695a/element/f.00329360D5A862BC98A13AE160565CE6.d.F469D31E7BA5D2C0909C719968402DDB.e.1637/click - {}
RESULT: {}
COMMAND: GET /session/ee4ef4c40535e05b41317013d6b0695a/screenshot - {}
RESULT: {}
COMMAND: POST /session/ee4ef4c40535e05b41317013d6b0695a/element - {"using":"xpath","value":"//bdi[contains(text(), \"OK\")]"}
RESULT: {"using":"xpath","value":"//bdi[contains(text(), \"OK\")]"}
COMMAND: POST /session/ee4ef4c40535e05b41317013d6b0695a/element/f.00329360D5A862BC98A13AE160565CE6.d.F469D31E7BA5D2C0909C719968402DDB.e.1639/click - {}
RESULT: {}
COMMAND: GET /session/ee4ef4c40535e05b41317013d6b0695a/screenshot - {}
RESULT: {}
COMMAND: POST /session/ee4ef4c40535e05b41317013d6b0695a/execute/async - {"script":"<script> [1562 bytes]","args":[{"selector":{"id":"application-managepartners-display-component---NewPartner--intercompVendorComboBox-application-managepartners-display-component---NewPartner--assignmentsTable-0-vhi"},"wdio_ui5_key":"applicationmanagepartners-display-component---NewPartner--intercompVendorComboBox-application-managepartners-display-component---NewPartner--assignmentsTable-0-vhi"}]}
RESULT: {"script":"<script> [1562 bytes]","args":[{"selector":{"id":"application-managepartners-display-component---NewPartner--intercompVendorComboBox-application-managepartners-display-component---NewPartner--assignmentsTable-0-vhi"},"wdio_ui5_key":"applicationmanagepartners-display-component---NewPartner--intercompVendorComboBox-application-managepartners-display-component---NewPartner--assignmentsTable-0-vhi"}]}
RESULT: undefined
COMMAND: POST /session/ee4ef4c40535e05b41317013d6b0695a/element - {"using":"xpath","value":"//*[@id=\"application-managepartners-display-component---NewPartner--intercompVendorComboBox-application-managepartners-display-component---NewPartner--assignmentsTable-0-vhi\"]"}
RESULT: {"using":"xpath","value":"//*[@id=\"application-managepartners-display-component---NewPartner--intercompVendorComboBox-application-managepartners-display-component---NewPartner--assignmentsTable-0-vhi\"]"}
COMMAND: POST /session/ee4ef4c40535e05b41317013d6b0695a/element/f.00329360D5A862BC98A13AE160565CE6.d.F469D31E7BA5D2C0909C719968402DDB.e.1643/click - {}
RESULT: {}
RESULT: undefined
COMMAND: POST /session/ee4ef4c40535e05b41317013d6b0695a/execute/async - {"script":"<script> [776 bytes]","args":[{"enterText":"100005","selector":{"controlType":"sap.m.SearchField","properties":{"placeholder":"Search"},"searchOpenDialogs":true,"interaction":{"idSuffix":"I"}},"clearTextFirst":true,"interactionType":"ENTER_TEXT"}]}
COMMAND: GET /session/ee4ef4c40535e05b41317013d6b0695a/screenshot - {}
RESULT: {"script":"<script> [776 bytes]","args":[{"enterText":"100005","selector":{"controlType":"sap.m.SearchField","properties":{"placeholder":"Search"},"searchOpenDialogs":true,"interaction":{"idSuffix":"I"}},"clearTextFirst":true,"interactionType":"ENTER_TEXT"}]}
COMMAND: POST /session/ee4ef4c40535e05b41317013d6b0695a/actions - {"actions":[{"id":"action5","type":"key","parameters":{},"actions":[{"type":"keyDown","value":"î€‡"},{"type":"pause","duration":10},{"type":"keyUp","value":"î€‡"}]}]}
RESULT: {}
RESULT: {"actions":[{"id":"action5","type":"key","parameters":{},"actions":[{"type":"keyDown","value":"î€‡"},{"type":"pause","duration":10},{"type":"keyUp","value":"î€‡"}]}]}
COMMAND: GET /session/ee4ef4c40535e05b41317013d6b0695a/screenshot - {}
RESULT: {}
COMMAND: POST /session/ee4ef4c40535e05b41317013d6b0695a/element - {"using":"xpath","value":"//span[contains(text(), \"Penguins - Field/12345 Berlin\")]"}
RESULT: {"using":"xpath","value":"//span[contains(text(), \"Penguins - Field/12345 Berlin\")]"}
COMMAND: POST /session/ee4ef4c40535e05b41317013d6b0695a/element/f.00329360D5A862BC98A13AE160565CE6.d.F469D31E7BA5D2C0909C719968402DDB.e.1661/click - {}
RESULT: {}
COMMAND: GET /session/ee4ef4c40535e05b41317013d6b0695a/screenshot - {}
RESULT: {}
COMMAND: POST /session/ee4ef4c40535e05b41317013d6b0695a/element - {"using":"xpath","value":"//bdi[contains(text(), \"OK\")]"}
RESULT: {"using":"xpath","value":"//bdi[contains(text(), \"OK\")]"}
COMMAND: POST /session/ee4ef4c40535e05b41317013d6b0695a/element/f.00329360D5A862BC98A13AE160565CE6.d.F469D31E7BA5D2C0909C719968402DDB.e.1662/click - {}
RESULT: {}
COMMAND: GET /session/ee4ef4c40535e05b41317013d6b0695a/screenshot - {}
RESULT: {}
COMMAND: POST /session/ee4ef4c40535e05b41317013d6b0695a/element - {"using":"xpath","value":"//button[@data-kt=\"saveButton\"]"}
RESULT: {"using":"xpath","value":"//button[@data-kt=\"saveButton\"]"}
COMMAND: POST /session/ee4ef4c40535e05b41317013d6b0695a/element/f.00329360D5A862BC98A13AE160565CE6.d.F469D31E7BA5D2C0909C719968402DDB.e.1436/click - {}
RESULT: {}
COMMAND: GET /session/ee4ef4c40535e05b41317013d6b0695a/screenshot - {}
RESULT: {}
COMMAND: POST /session/ee4ef4c40535e05b41317013d6b0695a/element - {"using":"xpath","value":"//header[contains(@id, 'ObjectPageLayout-headerTitle')]/div[1]/div[2]/div[2]/span[1]"}
RESULT: {"using":"xpath","value":"//header[contains(@id, 'ObjectPageLayout-headerTitle')]/div[1]/div[2]/div[2]/span[1]"}
COMMAND: POST /session/ee4ef4c40535e05b41317013d6b0695a/elements - {"using":"xpath","value":"//header[contains(@id, 'ObjectPageLayout-headerTitle')]/div[1]/div[2]/div[2]/span[1]"}
RESULT: {"using":"xpath","value":"//header[contains(@id, 'ObjectPageLayout-headerTitle')]/div[1]/div[2]/div[2]/span[1]"}
COMMAND: POST /session/ee4ef4c40535e05b41317013d6b0695a/execute/sync - {"script":"<script> [56 bytes]","args":[{"element-6066-11e4-a52e-4f735466cecf":"f.00329360D5A862BC98A13AE160565CE6.d.F469D31E7BA5D2C0909C719968402DDB.e.1827","ELEMENT":"f.00329360D5A862BC98A13AE160565CE6.d.F469D31E7BA5D2C0909C719968402DDB.e.1827"}]}
RESULT: {"script":"<script> [56 bytes]","args":[{"element-6066-11e4-a52e-4f735466cecf":"f.00329360D5A862BC98A13AE160565CE6.d.F469D31E7BA5D2C0909C719968402DDB.e.1827","ELEMENT":"f.00329360D5A862BC98A13AE160565CE6.d.F469D31E7BA5D2C0909C719968402DDB.e.1827"}]}
COMMAND: POST /session/ee4ef4c40535e05b41317013d6b0695a/element - {"using":"css selector","value":"#shell-header-logo"}
COMMAND: GET /session/ee4ef4c40535e05b41317013d6b0695a/screenshot - {}
RESULT: {"using":"css selector","value":"#shell-header-logo"}
COMMAND: POST /session/ee4ef4c40535e05b41317013d6b0695a/element/f.00329360D5A862BC98A13AE160565CE6.d.F469D31E7BA5D2C0909C719968402DDB.e.1039/click - {}
RESULT: {}
RESULT: {}
COMMAND: GET /session/ee4ef4c40535e05b41317013d6b0695a/screenshot - {}
RESULT: {}
COMMAND: POST /session/ee4ef4c40535e05b41317013d6b0695a/execute/sync - {"script":"<script> [299 bytes]","args":[["getModel","getResource"]]}
RESULT: {"script":"<script> [299 bytes]","args":[["getModel","getResource"]]}
]]></system-out>
    </testcase>
    <testcase classname="chrome.136_0_7103_49.windows.Billing_confirm_US117289" name="Should create a new site" time="158.572">
      <system-out><![CDATA[
COMMAND: GET /session/ee4ef4c40535e05b41317013d6b0695a/screenshot - {}
COMMAND: POST /session/ee4ef4c40535e05b41317013d6b0695a/execute/async - {"script":"<script> [1562 bytes]","args":[{"selector":{"controlType":"sap.m.TileContent","bindingPath":{"path":"","propertyPath":"/properties/info"},"ancestor":{"controlType":"sap.m.GenericTile","properties":{"header":"Manage Sites"}}},"wdio_ui5_key":"sapm.TileContent{\"path\":\"\",\"propertyPath\":\"/properties/info\"}{\"controlType\":\"sap.m.GenericTile\",\"properties\":{\"header\":\"Manage Sites\"}}"}]}
RESULT: {}
RESULT: {"script":"<script> [1562 bytes]","args":[{"selector":{"controlType":"sap.m.TileContent","bindingPath":{"path":"","propertyPath":"/properties/info"},"ancestor":{"controlType":"sap.m.GenericTile","properties":{"header":"Manage Sites"}}},"wdio_ui5_key":"sapm.TileContent{\"path\":\"\",\"propertyPath\":\"/properties/info\"}{\"controlType\":\"sap.m.GenericTile\",\"properties\":{\"header\":\"Manage Sites\"}}"}]}
RESULT: undefined
COMMAND: POST /session/ee4ef4c40535e05b41317013d6b0695a/element - {"using":"xpath","value":"//*[@id=\"__xmlview7--numericTileContent\"]"}
RESULT: {"using":"xpath","value":"//*[@id=\"__xmlview7--numericTileContent\"]"}
COMMAND: POST /session/ee4ef4c40535e05b41317013d6b0695a/element/f.00329360D5A862BC98A13AE160565CE6.d.F469D31E7BA5D2C0909C719968402DDB.e.1829/click - {}
RESULT: {}
COMMAND: POST /session/ee4ef4c40535e05b41317013d6b0695a/element - {"using":"xpath","value":"//button[@data-kt=\"addOverflowToolbarButton\"]"}
COMMAND: GET /session/ee4ef4c40535e05b41317013d6b0695a/screenshot - {}
RESULT: {"using":"xpath","value":"//button[@data-kt=\"addOverflowToolbarButton\"]"}
COMMAND: POST /session/ee4ef4c40535e05b41317013d6b0695a/elements - {"using":"xpath","value":"//button[@data-kt=\"addOverflowToolbarButton\"]"}
RESULT: {}
RESULT: {"using":"xpath","value":"//button[@data-kt=\"addOverflowToolbarButton\"]"}
COMMAND: POST /session/ee4ef4c40535e05b41317013d6b0695a/elements - {"using":"xpath","value":"//button[@data-kt=\"addOverflowToolbarButton\"]"}
RESULT: {"using":"xpath","value":"//button[@data-kt=\"addOverflowToolbarButton\"]"}
COMMAND: POST /session/ee4ef4c40535e05b41317013d6b0695a/elements - {"using":"xpath","value":"//button[@data-kt=\"addOverflowToolbarButton\"]"}
RESULT: {"using":"xpath","value":"//button[@data-kt=\"addOverflowToolbarButton\"]"}
COMMAND: POST /session/ee4ef4c40535e05b41317013d6b0695a/element - {"using":"xpath","value":"//button[@data-kt=\"addOverflowToolbarButton\"]"}
RESULT: {"using":"xpath","value":"//button[@data-kt=\"addOverflowToolbarButton\"]"}
COMMAND: POST /session/ee4ef4c40535e05b41317013d6b0695a/execute/sync - {"script":"<script> [8489 bytes]","args":[{"element-6066-11e4-a52e-4f735466cecf":"f.00329360D5A862BC98A13AE160565CE6.d.F469D31E7BA5D2C0909C719968402DDB.e.1876","ELEMENT":"f.00329360D5A862BC98A13AE160565CE6.d.F469D31E7BA5D2C0909C719968402DDB.e.1876"}]}
RESULT: {"script":"<script> [8489 bytes]","args":[{"element-6066-11e4-a52e-4f735466cecf":"f.00329360D5A862BC98A13AE160565CE6.d.F469D31E7BA5D2C0909C719968402DDB.e.1876","ELEMENT":"f.00329360D5A862BC98A13AE160565CE6.d.F469D31E7BA5D2C0909C719968402DDB.e.1876"}]}
COMMAND: GET /session/ee4ef4c40535e05b41317013d6b0695a/element/f.00329360D5A862BC98A13AE160565CE6.d.F469D31E7BA5D2C0909C719968402DDB.e.1876/enabled - {}
COMMAND: GET /session/ee4ef4c40535e05b41317013d6b0695a/screenshot - {}
RESULT: {}
COMMAND: POST /session/ee4ef4c40535e05b41317013d6b0695a/execute/sync - {"script":"<script> [8489 bytes]","args":[{"element-6066-11e4-a52e-4f735466cecf":"f.00329360D5A862BC98A13AE160565CE6.d.F469D31E7BA5D2C0909C719968402DDB.e.1876","ELEMENT":"f.00329360D5A862BC98A13AE160565CE6.d.F469D31E7BA5D2C0909C719968402DDB.e.1876"}]}
COMMAND: GET /session/ee4ef4c40535e05b41317013d6b0695a/screenshot - {}
RESULT: {}
RESULT: {}
RESULT: {"script":"<script> [8489 bytes]","args":[{"element-6066-11e4-a52e-4f735466cecf":"f.00329360D5A862BC98A13AE160565CE6.d.F469D31E7BA5D2C0909C719968402DDB.e.1876","ELEMENT":"f.00329360D5A862BC98A13AE160565CE6.d.F469D31E7BA5D2C0909C719968402DDB.e.1876"}]}
COMMAND: POST /session/ee4ef4c40535e05b41317013d6b0695a/execute/sync - {"script":"<script> [5351 bytes]","args":[{"element-6066-11e4-a52e-4f735466cecf":"f.00329360D5A862BC98A13AE160565CE6.d.F469D31E7BA5D2C0909C719968402DDB.e.1876","ELEMENT":"f.00329360D5A862BC98A13AE160565CE6.d.F469D31E7BA5D2C0909C719968402DDB.e.1876"}]}
COMMAND: GET /session/ee4ef4c40535e05b41317013d6b0695a/screenshot - {}
RESULT: {"script":"<script> [5351 bytes]","args":[{"element-6066-11e4-a52e-4f735466cecf":"f.00329360D5A862BC98A13AE160565CE6.d.F469D31E7BA5D2C0909C719968402DDB.e.1876","ELEMENT":"f.00329360D5A862BC98A13AE160565CE6.d.F469D31E7BA5D2C0909C719968402DDB.e.1876"}]}
COMMAND: POST /session/ee4ef4c40535e05b41317013d6b0695a/element/f.00329360D5A862BC98A13AE160565CE6.d.F469D31E7BA5D2C0909C719968402DDB.e.1876/click - {}
COMMAND: GET /session/ee4ef4c40535e05b41317013d6b0695a/screenshot - {}
RESULT: {}
RESULT: {}
COMMAND: GET /session/ee4ef4c40535e05b41317013d6b0695a/screenshot - {}
COMMAND: POST /session/ee4ef4c40535e05b41317013d6b0695a/element - {"using":"xpath","value":"//input[@id=\"application-managesites-display-component---NewSite--siteId-inner\"]"}
RESULT: {}
RESULT: {}
RESULT: {"using":"xpath","value":"//input[@id=\"application-managesites-display-component---NewSite--siteId-inner\"]"}
COMMAND: POST /session/ee4ef4c40535e05b41317013d6b0695a/element - {"using":"xpath","value":"//input[@id=\"application-managesites-display-component---NewSite--siteId-inner\"]"}
RESULT: {"using":"xpath","value":"//input[@id=\"application-managesites-display-component---NewSite--siteId-inner\"]"}
COMMAND: POST /session/ee4ef4c40535e05b41317013d6b0695a/execute/async - {"script":"<script> [1562 bytes]","args":[{"selector":{"id":"application-managesites-display-component---NewSite--addressDetailDetailsName1","interaction":{"idSuffix":"inner"}},"wdio_ui5_key":"applicationmanagesites-display-component---NewSite--addressDetailDetailsName1"}]}
RESULT: {"script":"<script> [1562 bytes]","args":[{"selector":{"id":"application-managesites-display-component---NewSite--addressDetailDetailsName1","interaction":{"idSuffix":"inner"}},"wdio_ui5_key":"applicationmanagesites-display-component---NewSite--addressDetailDetailsName1"}]}
RESULT: undefined
COMMAND: POST /session/ee4ef4c40535e05b41317013d6b0695a/execute/async - {"script":"<script> [776 bytes]","args":[{"enterText":"Intracompany Site wdIO","selector":{"id":"application-managesites-display-component---NewSite--addressDetailDetailsName1","interaction":{"idSuffix":"inner"}},"clearTextFirst":true,"interactionType":"ENTER_TEXT"}]}
RESULT: {"script":"<script> [776 bytes]","args":[{"enterText":"Intracompany Site wdIO","selector":{"id":"application-managesites-display-component---NewSite--addressDetailDetailsName1","interaction":{"idSuffix":"inner"}},"clearTextFirst":true,"interactionType":"ENTER_TEXT"}]}
COMMAND: POST /session/ee4ef4c40535e05b41317013d6b0695a/execute/async - {"script":"<script> [1562 bytes]","args":[{"selector":{"id":"application-managesites-display-component---NewSite--addressDetailDetailsLanguage-arrow"},"wdio_ui5_key":"applicationmanagesites-display-component---NewSite--addressDetailDetailsLanguage-arrow"}]}
RESULT: {"script":"<script> [1562 bytes]","args":[{"selector":{"id":"application-managesites-display-component---NewSite--addressDetailDetailsLanguage-arrow"},"wdio_ui5_key":"applicationmanagesites-display-component---NewSite--addressDetailDetailsLanguage-arrow"}]}
RESULT: undefined
COMMAND: POST /session/ee4ef4c40535e05b41317013d6b0695a/element - {"using":"xpath","value":"//*[@id=\"application-managesites-display-component---NewSite--addressDetailDetailsLanguage-arrow\"]"}
RESULT: {"using":"xpath","value":"//*[@id=\"application-managesites-display-component---NewSite--addressDetailDetailsLanguage-arrow\"]"}
COMMAND: POST /session/ee4ef4c40535e05b41317013d6b0695a/element/f.00329360D5A862BC98A13AE160565CE6.d.F469D31E7BA5D2C0909C719968402DDB.e.2517/click - {}
RESULT: {}
COMMAND: POST /session/ee4ef4c40535e05b41317013d6b0695a/element - {"using":"xpath","value":"//span[contains(text(), \"English\")]"}
COMMAND: GET /session/ee4ef4c40535e05b41317013d6b0695a/screenshot - {}
RESULT: {"using":"xpath","value":"//span[contains(text(), \"English\")]"}
COMMAND: POST /session/ee4ef4c40535e05b41317013d6b0695a/element/f.00329360D5A862BC98A13AE160565CE6.d.F469D31E7BA5D2C0909C719968402DDB.e.2518/click - {}
RESULT: {}
RESULT: {}
COMMAND: POST /session/ee4ef4c40535e05b41317013d6b0695a/execute/async - {"script":"<script> [1562 bytes]","args":[{"selector":{"id":"application-managesites-display-component---NewSite--addressDetailDetailsCity1","interaction":{"idSuffix":"inner"}},"wdio_ui5_key":"applicationmanagesites-display-component---NewSite--addressDetailDetailsCity1"}]}
COMMAND: GET /session/ee4ef4c40535e05b41317013d6b0695a/screenshot - {}
RESULT: {"script":"<script> [1562 bytes]","args":[{"selector":{"id":"application-managesites-display-component---NewSite--addressDetailDetailsCity1","interaction":{"idSuffix":"inner"}},"wdio_ui5_key":"applicationmanagesites-display-component---NewSite--addressDetailDetailsCity1"}]}
RESULT: undefined
COMMAND: POST /session/ee4ef4c40535e05b41317013d6b0695a/execute/async - {"script":"<script> [776 bytes]","args":[{"enterText":"Rosario","selector":{"id":"application-managesites-display-component---NewSite--addressDetailDetailsCity1","interaction":{"idSuffix":"inner"}},"clearTextFirst":true,"interactionType":"ENTER_TEXT"}]}
RESULT: {}
RESULT: {"script":"<script> [776 bytes]","args":[{"enterText":"Rosario","selector":{"id":"application-managesites-display-component---NewSite--addressDetailDetailsCity1","interaction":{"idSuffix":"inner"}},"clearTextFirst":true,"interactionType":"ENTER_TEXT"}]}
COMMAND: POST /session/ee4ef4c40535e05b41317013d6b0695a/execute/async - {"script":"<script> [1562 bytes]","args":[{"selector":{"id":"application-managesites-display-component---NewSite--addressDetailDetailsCountry-arrow"},"wdio_ui5_key":"applicationmanagesites-display-component---NewSite--addressDetailDetailsCountry-arrow"}]}
RESULT: {"script":"<script> [1562 bytes]","args":[{"selector":{"id":"application-managesites-display-component---NewSite--addressDetailDetailsCountry-arrow"},"wdio_ui5_key":"applicationmanagesites-display-component---NewSite--addressDetailDetailsCountry-arrow"}]}
RESULT: undefined
COMMAND: POST /session/ee4ef4c40535e05b41317013d6b0695a/element - {"using":"xpath","value":"//*[@id=\"application-managesites-display-component---NewSite--addressDetailDetailsCountry-arrow\"]"}
RESULT: {"using":"xpath","value":"//*[@id=\"application-managesites-display-component---NewSite--addressDetailDetailsCountry-arrow\"]"}
COMMAND: POST /session/ee4ef4c40535e05b41317013d6b0695a/element/f.00329360D5A862BC98A13AE160565CE6.d.F469D31E7BA5D2C0909C719968402DDB.e.2520/click - {}
RESULT: {}
COMMAND: POST /session/ee4ef4c40535e05b41317013d6b0695a/element - {"using":"xpath","value":"//span[contains(text(), \"Argentina\")]"}
COMMAND: GET /session/ee4ef4c40535e05b41317013d6b0695a/screenshot - {}
RESULT: {"using":"xpath","value":"//span[contains(text(), \"Argentina\")]"}
COMMAND: POST /session/ee4ef4c40535e05b41317013d6b0695a/element/f.00329360D5A862BC98A13AE160565CE6.d.F469D31E7BA5D2C0909C719968402DDB.e.2521/click - {}
RESULT: {}
RESULT: {}
COMMAND: GET /session/ee4ef4c40535e05b41317013d6b0695a/screenshot - {}
RESULT: {}
COMMAND: POST /session/ee4ef4c40535e05b41317013d6b0695a/execute/async - {"script":"<script> [1562 bytes]","args":[{"selector":{"id":"application-managesites-display-component---NewSite--addressEditDetailsCostObjectCstType-arrow"},"wdio_ui5_key":"applicationmanagesites-display-component---NewSite--addressEditDetailsCostObjectCstType-arrow"}]}
RESULT: {"script":"<script> [1562 bytes]","args":[{"selector":{"id":"application-managesites-display-component---NewSite--addressEditDetailsCostObjectCstType-arrow"},"wdio_ui5_key":"applicationmanagesites-display-component---NewSite--addressEditDetailsCostObjectCstType-arrow"}]}
RESULT: undefined
COMMAND: POST /session/ee4ef4c40535e05b41317013d6b0695a/element - {"using":"xpath","value":"//*[@id=\"application-managesites-display-component---NewSite--addressEditDetailsCostObjectCstType-arrow\"]"}
RESULT: {"using":"xpath","value":"//*[@id=\"application-managesites-display-component---NewSite--addressEditDetailsCostObjectCstType-arrow\"]"}
COMMAND: POST /session/ee4ef4c40535e05b41317013d6b0695a/element/f.00329360D5A862BC98A13AE160565CE6.d.F469D31E7BA5D2C0909C719968402DDB.e.2523/click - {}
RESULT: {}
COMMAND: POST /session/ee4ef4c40535e05b41317013d6b0695a/element - {"using":"xpath","value":"//span[contains(text(), \"Cost Center\")]"}
COMMAND: GET /session/ee4ef4c40535e05b41317013d6b0695a/screenshot - {}
RESULT: {"using":"xpath","value":"//span[contains(text(), \"Cost Center\")]"}
COMMAND: POST /session/ee4ef4c40535e05b41317013d6b0695a/element/f.00329360D5A862BC98A13AE160565CE6.d.F469D31E7BA5D2C0909C719968402DDB.e.2525/click - {}
RESULT: {}
RESULT: {}
COMMAND: GET /session/ee4ef4c40535e05b41317013d6b0695a/screenshot - {}
RESULT: {}
COMMAND: POST /session/ee4ef4c40535e05b41317013d6b0695a/element - {"using":"xpath","value":"//span[@id=\"application-managesites-display-component---NewSite--addressNewCostObjectCstID-vhi\"]"}
RESULT: {"using":"xpath","value":"//span[@id=\"application-managesites-display-component---NewSite--addressNewCostObjectCstID-vhi\"]"}
COMMAND: POST /session/ee4ef4c40535e05b41317013d6b0695a/execute/sync - {"script":"<script> [8489 bytes]","args":[{"element-6066-11e4-a52e-4f735466cecf":"f.00329360D5A862BC98A13AE160565CE6.d.F469D31E7BA5D2C0909C719968402DDB.e.2529","ELEMENT":"f.00329360D5A862BC98A13AE160565CE6.d.F469D31E7BA5D2C0909C719968402DDB.e.2529"}]}
RESULT: {"script":"<script> [8489 bytes]","args":[{"element-6066-11e4-a52e-4f735466cecf":"f.00329360D5A862BC98A13AE160565CE6.d.F469D31E7BA5D2C0909C719968402DDB.e.2529","ELEMENT":"f.00329360D5A862BC98A13AE160565CE6.d.F469D31E7BA5D2C0909C719968402DDB.e.2529"}]}
COMMAND: POST /session/ee4ef4c40535e05b41317013d6b0695a/execute/async - {"script":"<script> [1562 bytes]","args":[{"selector":{"id":"application-managesites-display-component---NewSite--addressNewCostObjectCstID-vhi"},"wdio_ui5_key":"applicationmanagesites-display-component---NewSite--addressNewCostObjectCstID-vhi"}]}
COMMAND: GET /session/ee4ef4c40535e05b41317013d6b0695a/screenshot - {}
RESULT: {"script":"<script> [1562 bytes]","args":[{"selector":{"id":"application-managesites-display-component---NewSite--addressNewCostObjectCstID-vhi"},"wdio_ui5_key":"applicationmanagesites-display-component---NewSite--addressNewCostObjectCstID-vhi"}]}
RESULT: undefined
COMMAND: POST /session/ee4ef4c40535e05b41317013d6b0695a/element - {"using":"xpath","value":"//*[@id=\"application-managesites-display-component---NewSite--addressNewCostObjectCstID-vhi\"]"}
RESULT: {}
RESULT: {"using":"xpath","value":"//*[@id=\"application-managesites-display-component---NewSite--addressNewCostObjectCstID-vhi\"]"}
COMMAND: POST /session/ee4ef4c40535e05b41317013d6b0695a/element/f.00329360D5A862BC98A13AE160565CE6.d.F469D31E7BA5D2C0909C719968402DDB.e.2529/click - {}
RESULT: {}
COMMAND: GET /session/ee4ef4c40535e05b41317013d6b0695a/screenshot - {}
RESULT: {}
RESULT: undefined
COMMAND: POST /session/ee4ef4c40535e05b41317013d6b0695a/execute/async - {"script":"<script> [776 bytes]","args":[{"enterText":"10001013","selector":{"controlType":"sap.m.SearchField","properties":{"placeholder":"Search"},"searchOpenDialogs":true,"interaction":{"idSuffix":"I"}},"clearTextFirst":true,"interactionType":"ENTER_TEXT"}]}
RESULT: {"script":"<script> [776 bytes]","args":[{"enterText":"10001013","selector":{"controlType":"sap.m.SearchField","properties":{"placeholder":"Search"},"searchOpenDialogs":true,"interaction":{"idSuffix":"I"}},"clearTextFirst":true,"interactionType":"ENTER_TEXT"}]}
COMMAND: POST /session/ee4ef4c40535e05b41317013d6b0695a/actions - {"actions":[{"id":"action6","type":"key","parameters":{},"actions":[{"type":"keyDown","value":"î€‡"},{"type":"pause","duration":10},{"type":"keyUp","value":"î€‡"}]}]}
RESULT: {"actions":[{"id":"action6","type":"key","parameters":{},"actions":[{"type":"keyDown","value":"î€‡"},{"type":"pause","duration":10},{"type":"keyUp","value":"î€‡"}]}]}
COMMAND: GET /session/ee4ef4c40535e05b41317013d6b0695a/screenshot - {}
RESULT: {}
COMMAND: POST /session/ee4ef4c40535e05b41317013d6b0695a/element - {"using":"xpath","value":"//span[contains(text(), \"General Management\")]"}
RESULT: {"using":"xpath","value":"//span[contains(text(), \"General Management\")]"}
COMMAND: POST /session/ee4ef4c40535e05b41317013d6b0695a/element/f.00329360D5A862BC98A13AE160565CE6.d.F469D31E7BA5D2C0909C719968402DDB.e.2569/click - {}
RESULT: {}
COMMAND: GET /session/ee4ef4c40535e05b41317013d6b0695a/screenshot - {}
RESULT: {}
COMMAND: POST /session/ee4ef4c40535e05b41317013d6b0695a/element - {"using":"xpath","value":"//bdi[contains(text(), \"OK\")]"}
RESULT: {"using":"xpath","value":"//bdi[contains(text(), \"OK\")]"}
COMMAND: POST /session/ee4ef4c40535e05b41317013d6b0695a/element/f.00329360D5A862BC98A13AE160565CE6.d.F469D31E7BA5D2C0909C719968402DDB.e.2570/click - {}
RESULT: {}
COMMAND: GET /session/ee4ef4c40535e05b41317013d6b0695a/screenshot - {}
RESULT: {}
COMMAND: POST /session/ee4ef4c40535e05b41317013d6b0695a/element - {"using":"xpath","value":"//input[@id=\"application-managesites-display-component---NewSite--addressDetailDetailsCalendar-inner\"]"}
RESULT: {"using":"xpath","value":"//input[@id=\"application-managesites-display-component---NewSite--addressDetailDetailsCalendar-inner\"]"}
COMMAND: POST /session/ee4ef4c40535e05b41317013d6b0695a/element/f.00329360D5A862BC98A13AE160565CE6.d.F469D31E7BA5D2C0909C719968402DDB.e.2318/clear - {}
RESULT: {}
COMMAND: POST /session/ee4ef4c40535e05b41317013d6b0695a/element/f.00329360D5A862BC98A13AE160565CE6.d.F469D31E7BA5D2C0909C719968402DDB.e.2318/value - {"text":"Unit"}
COMMAND: GET /session/ee4ef4c40535e05b41317013d6b0695a/screenshot - {}
RESULT: {"text":"Unit"}
COMMAND: GET /session/ee4ef4c40535e05b41317013d6b0695a/screenshot - {}
RESULT: {}
RESULT: {}
COMMAND: POST /session/ee4ef4c40535e05b41317013d6b0695a/actions - {"actions":[{"id":"action7","type":"key","parameters":{},"actions":[{"type":"keyDown","value":"î€‡"},{"type":"pause","duration":10},{"type":"keyUp","value":"î€‡"}]}]}
RESULT: {"actions":[{"id":"action7","type":"key","parameters":{},"actions":[{"type":"keyDown","value":"î€‡"},{"type":"pause","duration":10},{"type":"keyUp","value":"î€‡"}]}]}
COMMAND: POST /session/ee4ef4c40535e05b41317013d6b0695a/element - {"using":"xpath","value":"//input[@id=\"application-managesites-display-component---NewSite--addressDetailDetailsYard-inner\"]"}
COMMAND: GET /session/ee4ef4c40535e05b41317013d6b0695a/screenshot - {}
RESULT: {"using":"xpath","value":"//input[@id=\"application-managesites-display-component---NewSite--addressDetailDetailsYard-inner\"]"}
COMMAND: POST /session/ee4ef4c40535e05b41317013d6b0695a/element/f.00329360D5A862BC98A13AE160565CE6.d.F469D31E7BA5D2C0909C719968402DDB.e.2319/clear - {}
RESULT: {}
RESULT: {}
COMMAND: POST /session/ee4ef4c40535e05b41317013d6b0695a/element/f.00329360D5A862BC98A13AE160565CE6.d.F469D31E7BA5D2C0909C719968402DDB.e.2319/value - {"text":"297"}
COMMAND: GET /session/ee4ef4c40535e05b41317013d6b0695a/screenshot - {}
RESULT: {"text":"297"}
COMMAND: GET /session/ee4ef4c40535e05b41317013d6b0695a/screenshot - {}
RESULT: {}
RESULT: {}
COMMAND: POST /session/ee4ef4c40535e05b41317013d6b0695a/element - {"using":"xpath","value":"//li[.//span[text()='297']]"}
RESULT: {"using":"xpath","value":"//li[.//span[text()='297']]"}
COMMAND: POST /session/ee4ef4c40535e05b41317013d6b0695a/element/f.00329360D5A862BC98A13AE160565CE6.d.F469D31E7BA5D2C0909C719968402DDB.e.2588/click - {}
RESULT: {}
COMMAND: GET /session/ee4ef4c40535e05b41317013d6b0695a/screenshot - {}
RESULT: {}
COMMAND: POST /session/ee4ef4c40535e05b41317013d6b0695a/element - {"using":"xpath","value":"//input[@id=\"application-managesites-display-component---NewSite--addressDetailDetailsPartner-inner\"]"}
RESULT: {"using":"xpath","value":"//input[@id=\"application-managesites-display-component---NewSite--addressDetailDetailsPartner-inner\"]"}
COMMAND: POST /session/ee4ef4c40535e05b41317013d6b0695a/element - {"using":"xpath","value":"//input[@id=\"application-managesites-display-component---NewSite--addressDetailDetailsPartner-inner\"]"}
RESULT: {"using":"xpath","value":"//input[@id=\"application-managesites-display-component---NewSite--addressDetailDetailsPartner-inner\"]"}
COMMAND: POST /session/ee4ef4c40535e05b41317013d6b0695a/element - {"using":"xpath","value":"//button[@data-kt=\"saveButton\"]"}
RESULT: {"using":"xpath","value":"//button[@data-kt=\"saveButton\"]"}
COMMAND: POST /session/ee4ef4c40535e05b41317013d6b0695a/element/f.00329360D5A862BC98A13AE160565CE6.d.F469D31E7BA5D2C0909C719968402DDB.e.2455/click - {}
RESULT: {}
COMMAND: GET /session/ee4ef4c40535e05b41317013d6b0695a/screenshot - {}
RESULT: {}
COMMAND: POST /session/ee4ef4c40535e05b41317013d6b0695a/element - {"using":"xpath","value":"//header[contains(@id, 'ObjectPageLayout-headerTitle')]/div[1]/div[2]/div[2]/span[1]"}
RESULT: {"using":"xpath","value":"//header[contains(@id, 'ObjectPageLayout-headerTitle')]/div[1]/div[2]/div[2]/span[1]"}
COMMAND: POST /session/ee4ef4c40535e05b41317013d6b0695a/elements - {"using":"xpath","value":"//header[contains(@id, 'ObjectPageLayout-headerTitle')]/div[1]/div[2]/div[2]/span[1]"}
RESULT: {"using":"xpath","value":"//header[contains(@id, 'ObjectPageLayout-headerTitle')]/div[1]/div[2]/div[2]/span[1]"}
COMMAND: POST /session/ee4ef4c40535e05b41317013d6b0695a/execute/sync - {"script":"<script> [56 bytes]","args":[{"element-6066-11e4-a52e-4f735466cecf":"f.00329360D5A862BC98A13AE160565CE6.d.F469D31E7BA5D2C0909C719968402DDB.e.2798","ELEMENT":"f.00329360D5A862BC98A13AE160565CE6.d.F469D31E7BA5D2C0909C719968402DDB.e.2798"}]}
RESULT: {"script":"<script> [56 bytes]","args":[{"element-6066-11e4-a52e-4f735466cecf":"f.00329360D5A862BC98A13AE160565CE6.d.F469D31E7BA5D2C0909C719968402DDB.e.2798","ELEMENT":"f.00329360D5A862BC98A13AE160565CE6.d.F469D31E7BA5D2C0909C719968402DDB.e.2798"}]}
COMMAND: POST /session/ee4ef4c40535e05b41317013d6b0695a/element - {"using":"css selector","value":"#shell-header-logo"}
COMMAND: GET /session/ee4ef4c40535e05b41317013d6b0695a/screenshot - {}
RESULT: {"using":"css selector","value":"#shell-header-logo"}
COMMAND: POST /session/ee4ef4c40535e05b41317013d6b0695a/element/f.00329360D5A862BC98A13AE160565CE6.d.F469D31E7BA5D2C0909C719968402DDB.e.1833/click - {}
RESULT: {}
RESULT: {}
COMMAND: GET /session/ee4ef4c40535e05b41317013d6b0695a/screenshot - {}
RESULT: {}
COMMAND: POST /session/ee4ef4c40535e05b41317013d6b0695a/execute/sync - {"script":"<script> [299 bytes]","args":[["getModel","getResource"]]}
RESULT: {"script":"<script> [299 bytes]","args":[["getModel","getResource"]]}
COMMAND: POST /session/ee4ef4c40535e05b41317013d6b0695a/actions - {"actions":[{"id":"action8","type":"key","parameters":{},"actions":[{"type":"keyDown","value":"î€‡"},{"type":"pause","duration":10},{"type":"keyUp","value":"î€‡"}]}]}
COMMAND: GET /session/ee4ef4c40535e05b41317013d6b0695a/screenshot - {}
RESULT: {"actions":[{"id":"action8","type":"key","parameters":{},"actions":[{"type":"keyDown","value":"î€‡"},{"type":"pause","duration":10},{"type":"keyUp","value":"î€‡"}]}]}
COMMAND: GET /session/ee4ef4c40535e05b41317013d6b0695a/screenshot - {}
RESULT: {}
RESULT: {}
COMMAND: POST /session/ee4ef4c40535e05b41317013d6b0695a/refresh - {}
RESULT: {}
COMMAND: GET /session/ee4ef4c40535e05b41317013d6b0695a/screenshot - {}
RESULT: {}
COMMAND: POST /session/ee4ef4c40535e05b41317013d6b0695a/refresh - {}
RESULT: {}
COMMAND: GET /session/ee4ef4c40535e05b41317013d6b0695a/screenshot - {}
RESULT: {}
COMMAND: POST /session/ee4ef4c40535e05b41317013d6b0695a/window/fullscreen - {}
RESULT: {}
COMMAND: POST /session/ee4ef4c40535e05b41317013d6b0695a/execute/async - {"script":"<script> [189 bytes]","args":[]}
RESULT: {"script":"<script> [189 bytes]","args":[]}
COMMAND: POST /session/ee4ef4c40535e05b41317013d6b0695a/execute/async - {"script":"<script> [123 bytes]","args":[]}
RESULT: {"script":"<script> [123 bytes]","args":[]}
COMMAND: POST /session/ee4ef4c40535e05b41317013d6b0695a/timeouts - {"script":"<number>"}
RESULT: {"script":"<number>"}
COMMAND: GET /session/ee4ef4c40535e05b41317013d6b0695a/timeouts - {}
RESULT: {}
RESULT: undefined
COMMAND: POST /session/ee4ef4c40535e05b41317013d6b0695a/execute/async - {"script":"<script> [2676 bytes]","args":[]}
RESULT: {"script":"<script> [2676 bytes]","args":[]}
COMMAND: POST /session/ee4ef4c40535e05b41317013d6b0695a/execute/async - {"script":"<script> [2342 bytes]","args":[{"protocol":"http","hostname":"0.0.0.0","path":"/","capabilities":{"browserName":"chrome","goog:chromeOptions":{"binary":"C:\\Program Files\\Google\\Chrome\\Application\\chrome.exe","args":["--start-maximized"]}},"logLevel":"warn","connectionRetryTimeout":120000,"connectionRetryCount":3,"logLevels":{},"enableDirectConnect":true,"strictSSL":true,"_":"65 more keys: [\"cacheDir\",\"port\",\"requestedCapabilities\",\"automationProtocol\",\"baseUrl\",\"waitforInterval\",\"waitforTimeout\",\"onReload\",\"beforeCommand\",\"afterCommand\",\"rootDir\",\"specs\",\"suites\",\"exclude\",\"groupLogsByTestSpec\",\"excludeDriverLogs\",\"bail\",\"framework\",\"reporters\",\"services\",\"maxInstances\",\"maxInstancesPerCapability\",\"injectGlobals\",\"filesToWatch\",\"execArgv\",\"runnerEnv\",\"runner\",\"shard\",\"specFileRetries\",\"specFileRetriesDelay\",\"specFileRetriesDeferred\",\"reporterSyncInterval\",\"reporterSyncTimeout\",\"cucumberFeaturesWithLineNumbers\",\"autoCompileOpts\",\"mochaOpts\",\"jasmineOpts\",\"cucumberOpts\",\"onPrepare\",\"onWorkerStart\",\"onWorkerEnd\",\"before\",\"beforeSession\",\"beforeSuite\",\"beforeHook\",\"beforeTest\",\"afterTest\",\"afterHook\",\"afterSuite\",\"afterSession\",\"after\",\"onComplete\",\"beforeAssertion\",\"afterAssertion\",\"beforeFeature\",\"beforeScenario\",\"beforeStep\",\"afterStep\",\"afterScenario\",\"afterFeature\",\"_\",\"suite\",\"$0\",\"ignoredWorkerServices\",\"wdi5\"]"}]}
RESULT: {"script":"<script> [2342 bytes]","args":[{"protocol":"http","hostname":"0.0.0.0","path":"/","capabilities":{"browserName":"chrome","goog:chromeOptions":{"binary":"C:\\Program Files\\Google\\Chrome\\Application\\chrome.exe","args":["--start-maximized"]}},"logLevel":"warn","connectionRetryTimeout":120000,"connectionRetryCount":3,"logLevels":{},"enableDirectConnect":true,"strictSSL":true,"_":"65 more keys: [\"cacheDir\",\"port\",\"requestedCapabilities\",\"automationProtocol\",\"baseUrl\",\"waitforInterval\",\"waitforTimeout\",\"onReload\",\"beforeCommand\",\"afterCommand\",\"rootDir\",\"specs\",\"suites\",\"exclude\",\"groupLogsByTestSpec\",\"excludeDriverLogs\",\"bail\",\"framework\",\"reporters\",\"services\",\"maxInstances\",\"maxInstancesPerCapability\",\"injectGlobals\",\"filesToWatch\",\"execArgv\",\"runnerEnv\",\"runner\",\"shard\",\"specFileRetries\",\"specFileRetriesDelay\",\"specFileRetriesDeferred\",\"reporterSyncInterval\",\"reporterSyncTimeout\",\"cucumberFeaturesWithLineNumbers\",\"autoCompileOpts\",\"mochaOpts\",\"jasmineOpts\",\"cucumberOpts\",\"onPrepare\",\"onWorkerStart\",\"onWorkerEnd\",\"before\",\"beforeSession\",\"beforeSuite\",\"beforeHook\",\"beforeTest\",\"afterTest\",\"afterHook\",\"afterSuite\",\"afterSession\",\"after\",\"onComplete\",\"beforeAssertion\",\"afterAssertion\",\"beforeFeature\",\"beforeScenario\",\"beforeStep\",\"afterStep\",\"afterScenario\",\"afterFeature\",\"_\",\"suite\",\"$0\",\"ignoredWorkerServices\",\"wdi5\"]"}]}
COMMAND: POST /session/ee4ef4c40535e05b41317013d6b0695a/execute/async - {"script":"<script> [21126 bytes]","args":[35000]}
RESULT: {"script":"<script> [21126 bytes]","args":[35000]}
COMMAND: POST /session/ee4ef4c40535e05b41317013d6b0695a/window/fullscreen - {}
RESULT: {}
]]></system-out>
    </testcase>
    <testcase classname="chrome.136_0_7103_49.windows.Billing_confirm_US117289" name="Should create a new equipment" time="136.997">
      <system-out><![CDATA[
COMMAND: POST /session/ee4ef4c40535e05b41317013d6b0695a/execute/async - {"script":"<script> [1562 bytes]","args":[{"selector":{"controlType":"sap.m.GenericTile","properties":{"header":"Manage Resources"}},"wdio_ui5_key":"sapm.GenericTile{\"header\":\"Manage Resources\"}"}]}
RESULT: {"script":"<script> [1562 bytes]","args":[{"selector":{"controlType":"sap.m.GenericTile","properties":{"header":"Manage Resources"}},"wdio_ui5_key":"sapm.GenericTile{\"header\":\"Manage Resources\"}"}]}
RESULT: undefined
COMMAND: POST /session/ee4ef4c40535e05b41317013d6b0695a/element - {"using":"xpath","value":"//*[@id=\"__tile31\"]"}
RESULT: {"using":"xpath","value":"//*[@id=\"__tile31\"]"}
COMMAND: POST /session/ee4ef4c40535e05b41317013d6b0695a/element/f.00329360D5A862BC98A13AE160565CE6.d.D473991A860082981F4077D604865BA1.e.2874/click - {}
RESULT: {}
COMMAND: POST /session/ee4ef4c40535e05b41317013d6b0695a/element - {"using":"xpath","value":"//button[@data-kt=\"addNewRUOverflowToolbarButton\"]"}
COMMAND: GET /session/ee4ef4c40535e05b41317013d6b0695a/screenshot - {}
RESULT: {"using":"xpath","value":"//button[@data-kt=\"addNewRUOverflowToolbarButton\"]"}
COMMAND: POST /session/ee4ef4c40535e05b41317013d6b0695a/elements - {"using":"xpath","value":"//button[@data-kt=\"addNewRUOverflowToolbarButton\"]"}
RESULT: {}
RESULT: {"using":"xpath","value":"//button[@data-kt=\"addNewRUOverflowToolbarButton\"]"}
COMMAND: POST /session/ee4ef4c40535e05b41317013d6b0695a/elements - {"using":"xpath","value":"//button[@data-kt=\"addNewRUOverflowToolbarButton\"]"}
RESULT: {"using":"xpath","value":"//button[@data-kt=\"addNewRUOverflowToolbarButton\"]"}
COMMAND: POST /session/ee4ef4c40535e05b41317013d6b0695a/elements - {"using":"xpath","value":"//button[@data-kt=\"addNewRUOverflowToolbarButton\"]"}
RESULT: {"using":"xpath","value":"//button[@data-kt=\"addNewRUOverflowToolbarButton\"]"}
COMMAND: POST /session/ee4ef4c40535e05b41317013d6b0695a/elements - {"using":"xpath","value":"//button[@data-kt=\"addNewRUOverflowToolbarButton\"]"}
RESULT: {"using":"xpath","value":"//button[@data-kt=\"addNewRUOverflowToolbarButton\"]"}
COMMAND: POST /session/ee4ef4c40535e05b41317013d6b0695a/elements - {"using":"xpath","value":"//button[@data-kt=\"addNewRUOverflowToolbarButton\"]"}
RESULT: {"using":"xpath","value":"//button[@data-kt=\"addNewRUOverflowToolbarButton\"]"}
COMMAND: POST /session/ee4ef4c40535e05b41317013d6b0695a/elements - {"using":"xpath","value":"//button[@data-kt=\"addNewRUOverflowToolbarButton\"]"}
RESULT: {"using":"xpath","value":"//button[@data-kt=\"addNewRUOverflowToolbarButton\"]"}
COMMAND: POST /session/ee4ef4c40535e05b41317013d6b0695a/elements - {"using":"xpath","value":"//button[@data-kt=\"addNewRUOverflowToolbarButton\"]"}
RESULT: {"using":"xpath","value":"//button[@data-kt=\"addNewRUOverflowToolbarButton\"]"}
COMMAND: POST /session/ee4ef4c40535e05b41317013d6b0695a/elements - {"using":"xpath","value":"//button[@data-kt=\"addNewRUOverflowToolbarButton\"]"}
RESULT: {"using":"xpath","value":"//button[@data-kt=\"addNewRUOverflowToolbarButton\"]"}
COMMAND: POST /session/ee4ef4c40535e05b41317013d6b0695a/elements - {"using":"xpath","value":"//button[@data-kt=\"addNewRUOverflowToolbarButton\"]"}
RESULT: {"using":"xpath","value":"//button[@data-kt=\"addNewRUOverflowToolbarButton\"]"}
COMMAND: POST /session/ee4ef4c40535e05b41317013d6b0695a/elements - {"using":"xpath","value":"//button[@data-kt=\"addNewRUOverflowToolbarButton\"]"}
RESULT: {"using":"xpath","value":"//button[@data-kt=\"addNewRUOverflowToolbarButton\"]"}
COMMAND: POST /session/ee4ef4c40535e05b41317013d6b0695a/elements - {"using":"xpath","value":"//button[@data-kt=\"addNewRUOverflowToolbarButton\"]"}
RESULT: {"using":"xpath","value":"//button[@data-kt=\"addNewRUOverflowToolbarButton\"]"}
COMMAND: POST /session/ee4ef4c40535e05b41317013d6b0695a/elements - {"using":"xpath","value":"//button[@data-kt=\"addNewRUOverflowToolbarButton\"]"}
RESULT: {"using":"xpath","value":"//button[@data-kt=\"addNewRUOverflowToolbarButton\"]"}
COMMAND: POST /session/ee4ef4c40535e05b41317013d6b0695a/elements - {"using":"xpath","value":"//button[@data-kt=\"addNewRUOverflowToolbarButton\"]"}
RESULT: {"using":"xpath","value":"//button[@data-kt=\"addNewRUOverflowToolbarButton\"]"}
COMMAND: POST /session/ee4ef4c40535e05b41317013d6b0695a/elements - {"using":"xpath","value":"//button[@data-kt=\"addNewRUOverflowToolbarButton\"]"}
RESULT: {"using":"xpath","value":"//button[@data-kt=\"addNewRUOverflowToolbarButton\"]"}
COMMAND: POST /session/ee4ef4c40535e05b41317013d6b0695a/elements - {"using":"xpath","value":"//button[@data-kt=\"addNewRUOverflowToolbarButton\"]"}
RESULT: {"using":"xpath","value":"//button[@data-kt=\"addNewRUOverflowToolbarButton\"]"}
COMMAND: POST /session/ee4ef4c40535e05b41317013d6b0695a/elements - {"using":"xpath","value":"//button[@data-kt=\"addNewRUOverflowToolbarButton\"]"}
RESULT: {"using":"xpath","value":"//button[@data-kt=\"addNewRUOverflowToolbarButton\"]"}
COMMAND: POST /session/ee4ef4c40535e05b41317013d6b0695a/elements - {"using":"xpath","value":"//button[@data-kt=\"addNewRUOverflowToolbarButton\"]"}
RESULT: {"using":"xpath","value":"//button[@data-kt=\"addNewRUOverflowToolbarButton\"]"}
COMMAND: POST /session/ee4ef4c40535e05b41317013d6b0695a/elements - {"using":"xpath","value":"//button[@data-kt=\"addNewRUOverflowToolbarButton\"]"}
RESULT: {"using":"xpath","value":"//button[@data-kt=\"addNewRUOverflowToolbarButton\"]"}
COMMAND: POST /session/ee4ef4c40535e05b41317013d6b0695a/elements - {"using":"xpath","value":"//button[@data-kt=\"addNewRUOverflowToolbarButton\"]"}
RESULT: {"using":"xpath","value":"//button[@data-kt=\"addNewRUOverflowToolbarButton\"]"}
COMMAND: POST /session/ee4ef4c40535e05b41317013d6b0695a/elements - {"using":"xpath","value":"//button[@data-kt=\"addNewRUOverflowToolbarButton\"]"}
RESULT: {"using":"xpath","value":"//button[@data-kt=\"addNewRUOverflowToolbarButton\"]"}
COMMAND: POST /session/ee4ef4c40535e05b41317013d6b0695a/elements - {"using":"xpath","value":"//button[@data-kt=\"addNewRUOverflowToolbarButton\"]"}
RESULT: {"using":"xpath","value":"//button[@data-kt=\"addNewRUOverflowToolbarButton\"]"}
COMMAND: POST /session/ee4ef4c40535e05b41317013d6b0695a/elements - {"using":"xpath","value":"//button[@data-kt=\"addNewRUOverflowToolbarButton\"]"}
RESULT: {"using":"xpath","value":"//button[@data-kt=\"addNewRUOverflowToolbarButton\"]"}
COMMAND: POST /session/ee4ef4c40535e05b41317013d6b0695a/elements - {"using":"xpath","value":"//button[@data-kt=\"addNewRUOverflowToolbarButton\"]"}
RESULT: {"using":"xpath","value":"//button[@data-kt=\"addNewRUOverflowToolbarButton\"]"}
COMMAND: POST /session/ee4ef4c40535e05b41317013d6b0695a/elements - {"using":"xpath","value":"//button[@data-kt=\"addNewRUOverflowToolbarButton\"]"}
RESULT: {"using":"xpath","value":"//button[@data-kt=\"addNewRUOverflowToolbarButton\"]"}
COMMAND: POST /session/ee4ef4c40535e05b41317013d6b0695a/elements - {"using":"xpath","value":"//button[@data-kt=\"addNewRUOverflowToolbarButton\"]"}
RESULT: {"using":"xpath","value":"//button[@data-kt=\"addNewRUOverflowToolbarButton\"]"}
COMMAND: POST /session/ee4ef4c40535e05b41317013d6b0695a/elements - {"using":"xpath","value":"//button[@data-kt=\"addNewRUOverflowToolbarButton\"]"}
RESULT: {"using":"xpath","value":"//button[@data-kt=\"addNewRUOverflowToolbarButton\"]"}
COMMAND: POST /session/ee4ef4c40535e05b41317013d6b0695a/elements - {"using":"xpath","value":"//button[@data-kt=\"addNewRUOverflowToolbarButton\"]"}
RESULT: {"using":"xpath","value":"//button[@data-kt=\"addNewRUOverflowToolbarButton\"]"}
COMMAND: POST /session/ee4ef4c40535e05b41317013d6b0695a/elements - {"using":"xpath","value":"//button[@data-kt=\"addNewRUOverflowToolbarButton\"]"}
RESULT: {"using":"xpath","value":"//button[@data-kt=\"addNewRUOverflowToolbarButton\"]"}
COMMAND: POST /session/ee4ef4c40535e05b41317013d6b0695a/elements - {"using":"xpath","value":"//button[@data-kt=\"addNewRUOverflowToolbarButton\"]"}
RESULT: {"using":"xpath","value":"//button[@data-kt=\"addNewRUOverflowToolbarButton\"]"}
COMMAND: POST /session/ee4ef4c40535e05b41317013d6b0695a/elements - {"using":"xpath","value":"//button[@data-kt=\"addNewRUOverflowToolbarButton\"]"}
RESULT: {"using":"xpath","value":"//button[@data-kt=\"addNewRUOverflowToolbarButton\"]"}
COMMAND: POST /session/ee4ef4c40535e05b41317013d6b0695a/elements - {"using":"xpath","value":"//button[@data-kt=\"addNewRUOverflowToolbarButton\"]"}
RESULT: {"using":"xpath","value":"//button[@data-kt=\"addNewRUOverflowToolbarButton\"]"}
COMMAND: POST /session/ee4ef4c40535e05b41317013d6b0695a/elements - {"using":"xpath","value":"//button[@data-kt=\"addNewRUOverflowToolbarButton\"]"}
RESULT: {"using":"xpath","value":"//button[@data-kt=\"addNewRUOverflowToolbarButton\"]"}
COMMAND: POST /session/ee4ef4c40535e05b41317013d6b0695a/elements - {"using":"xpath","value":"//button[@data-kt=\"addNewRUOverflowToolbarButton\"]"}
RESULT: {"using":"xpath","value":"//button[@data-kt=\"addNewRUOverflowToolbarButton\"]"}
COMMAND: POST /session/ee4ef4c40535e05b41317013d6b0695a/elements - {"using":"xpath","value":"//button[@data-kt=\"addNewRUOverflowToolbarButton\"]"}
RESULT: {"using":"xpath","value":"//button[@data-kt=\"addNewRUOverflowToolbarButton\"]"}
COMMAND: POST /session/ee4ef4c40535e05b41317013d6b0695a/elements - {"using":"xpath","value":"//button[@data-kt=\"addNewRUOverflowToolbarButton\"]"}
RESULT: {"using":"xpath","value":"//button[@data-kt=\"addNewRUOverflowToolbarButton\"]"}
COMMAND: POST /session/ee4ef4c40535e05b41317013d6b0695a/elements - {"using":"xpath","value":"//button[@data-kt=\"addNewRUOverflowToolbarButton\"]"}
RESULT: {"using":"xpath","value":"//button[@data-kt=\"addNewRUOverflowToolbarButton\"]"}
COMMAND: POST /session/ee4ef4c40535e05b41317013d6b0695a/elements - {"using":"xpath","value":"//button[@data-kt=\"addNewRUOverflowToolbarButton\"]"}
RESULT: {"using":"xpath","value":"//button[@data-kt=\"addNewRUOverflowToolbarButton\"]"}
COMMAND: POST /session/ee4ef4c40535e05b41317013d6b0695a/elements - {"using":"xpath","value":"//button[@data-kt=\"addNewRUOverflowToolbarButton\"]"}
RESULT: {"using":"xpath","value":"//button[@data-kt=\"addNewRUOverflowToolbarButton\"]"}
COMMAND: POST /session/ee4ef4c40535e05b41317013d6b0695a/elements - {"using":"xpath","value":"//button[@data-kt=\"addNewRUOverflowToolbarButton\"]"}
RESULT: {"using":"xpath","value":"//button[@data-kt=\"addNewRUOverflowToolbarButton\"]"}
COMMAND: POST /session/ee4ef4c40535e05b41317013d6b0695a/elements - {"using":"xpath","value":"//button[@data-kt=\"addNewRUOverflowToolbarButton\"]"}
RESULT: {"using":"xpath","value":"//button[@data-kt=\"addNewRUOverflowToolbarButton\"]"}
COMMAND: POST /session/ee4ef4c40535e05b41317013d6b0695a/elements - {"using":"xpath","value":"//button[@data-kt=\"addNewRUOverflowToolbarButton\"]"}
RESULT: {"using":"xpath","value":"//button[@data-kt=\"addNewRUOverflowToolbarButton\"]"}
COMMAND: POST /session/ee4ef4c40535e05b41317013d6b0695a/elements - {"using":"xpath","value":"//button[@data-kt=\"addNewRUOverflowToolbarButton\"]"}
RESULT: {"using":"xpath","value":"//button[@data-kt=\"addNewRUOverflowToolbarButton\"]"}
COMMAND: POST /session/ee4ef4c40535e05b41317013d6b0695a/elements - {"using":"xpath","value":"//button[@data-kt=\"addNewRUOverflowToolbarButton\"]"}
RESULT: {"using":"xpath","value":"//button[@data-kt=\"addNewRUOverflowToolbarButton\"]"}
COMMAND: POST /session/ee4ef4c40535e05b41317013d6b0695a/elements - {"using":"xpath","value":"//button[@data-kt=\"addNewRUOverflowToolbarButton\"]"}
RESULT: {"using":"xpath","value":"//button[@data-kt=\"addNewRUOverflowToolbarButton\"]"}
COMMAND: POST /session/ee4ef4c40535e05b41317013d6b0695a/elements - {"using":"xpath","value":"//button[@data-kt=\"addNewRUOverflowToolbarButton\"]"}
RESULT: {"using":"xpath","value":"//button[@data-kt=\"addNewRUOverflowToolbarButton\"]"}
COMMAND: POST /session/ee4ef4c40535e05b41317013d6b0695a/element - {"using":"xpath","value":"//button[@data-kt=\"addNewRUOverflowToolbarButton\"]"}
RESULT: {"using":"xpath","value":"//button[@data-kt=\"addNewRUOverflowToolbarButton\"]"}
COMMAND: POST /session/ee4ef4c40535e05b41317013d6b0695a/execute/sync - {"script":"<script> [8489 bytes]","args":[{"element-6066-11e4-a52e-4f735466cecf":"f.00329360D5A862BC98A13AE160565CE6.d.D473991A860082981F4077D604865BA1.e.2982","ELEMENT":"f.00329360D5A862BC98A13AE160565CE6.d.D473991A860082981F4077D604865BA1.e.2982"}]}
RESULT: {"script":"<script> [8489 bytes]","args":[{"element-6066-11e4-a52e-4f735466cecf":"f.00329360D5A862BC98A13AE160565CE6.d.D473991A860082981F4077D604865BA1.e.2982","ELEMENT":"f.00329360D5A862BC98A13AE160565CE6.d.D473991A860082981F4077D604865BA1.e.2982"}]}
COMMAND: GET /session/ee4ef4c40535e05b41317013d6b0695a/element/f.00329360D5A862BC98A13AE160565CE6.d.D473991A860082981F4077D604865BA1.e.2982/enabled - {}
COMMAND: GET /session/ee4ef4c40535e05b41317013d6b0695a/screenshot - {}
RESULT: {}
COMMAND: POST /session/ee4ef4c40535e05b41317013d6b0695a/execute/sync - {"script":"<script> [8489 bytes]","args":[{"element-6066-11e4-a52e-4f735466cecf":"f.00329360D5A862BC98A13AE160565CE6.d.D473991A860082981F4077D604865BA1.e.2982","ELEMENT":"f.00329360D5A862BC98A13AE160565CE6.d.D473991A860082981F4077D604865BA1.e.2982"}]}
COMMAND: GET /session/ee4ef4c40535e05b41317013d6b0695a/screenshot - {}
RESULT: {}
RESULT: {"script":"<script> [8489 bytes]","args":[{"element-6066-11e4-a52e-4f735466cecf":"f.00329360D5A862BC98A13AE160565CE6.d.D473991A860082981F4077D604865BA1.e.2982","ELEMENT":"f.00329360D5A862BC98A13AE160565CE6.d.D473991A860082981F4077D604865BA1.e.2982"}]}
COMMAND: POST /session/ee4ef4c40535e05b41317013d6b0695a/execute/sync - {"script":"<script> [5351 bytes]","args":[{"element-6066-11e4-a52e-4f735466cecf":"f.00329360D5A862BC98A13AE160565CE6.d.D473991A860082981F4077D604865BA1.e.2982","ELEMENT":"f.00329360D5A862BC98A13AE160565CE6.d.D473991A860082981F4077D604865BA1.e.2982"}]}
COMMAND: GET /session/ee4ef4c40535e05b41317013d6b0695a/screenshot - {}
RESULT: {}
RESULT: {"script":"<script> [5351 bytes]","args":[{"element-6066-11e4-a52e-4f735466cecf":"f.00329360D5A862BC98A13AE160565CE6.d.D473991A860082981F4077D604865BA1.e.2982","ELEMENT":"f.00329360D5A862BC98A13AE160565CE6.d.D473991A860082981F4077D604865BA1.e.2982"}]}
COMMAND: POST /session/ee4ef4c40535e05b41317013d6b0695a/element/f.00329360D5A862BC98A13AE160565CE6.d.D473991A860082981F4077D604865BA1.e.2982/click - {}
COMMAND: GET /session/ee4ef4c40535e05b41317013d6b0695a/screenshot - {}
RESULT: {}
RESULT: {}
COMMAND: GET /session/ee4ef4c40535e05b41317013d6b0695a/screenshot - {}
RESULT: {}
RESULT: {}
COMMAND: POST /session/ee4ef4c40535e05b41317013d6b0695a/execute/async - {"script":"<script> [1562 bytes]","args":[{"selector":{"id":"application-manageresources-display-component---newResourceUnit--TYPE-arrow"},"wdio_ui5_key":"applicationmanageresources-display-component---newResourceUnit--TYPE-arrow"}]}
RESULT: {"script":"<script> [1562 bytes]","args":[{"selector":{"id":"application-manageresources-display-component---newResourceUnit--TYPE-arrow"},"wdio_ui5_key":"applicationmanageresources-display-component---newResourceUnit--TYPE-arrow"}]}
RESULT: undefined
COMMAND: POST /session/ee4ef4c40535e05b41317013d6b0695a/element - {"using":"xpath","value":"//*[@id=\"application-manageresources-display-component---newResourceUnit--TYPE-arrow\"]"}
RESULT: {"using":"xpath","value":"//*[@id=\"application-manageresources-display-component---newResourceUnit--TYPE-arrow\"]"}
COMMAND: POST /session/ee4ef4c40535e05b41317013d6b0695a/element/f.00329360D5A862BC98A13AE160565CE6.d.D473991A860082981F4077D604865BA1.e.3343/click - {}
RESULT: {}
COMMAND: POST /session/ee4ef4c40535e05b41317013d6b0695a/element - {"using":"xpath","value":"//input[@id=\"application-manageresources-display-component---newResourceUnit--TYPE-inner\"]"}
COMMAND: GET /session/ee4ef4c40535e05b41317013d6b0695a/screenshot - {}
RESULT: {"using":"xpath","value":"//input[@id=\"application-manageresources-display-component---newResourceUnit--TYPE-inner\"]"}
COMMAND: POST /session/ee4ef4c40535e05b41317013d6b0695a/element/f.00329360D5A862BC98A13AE160565CE6.d.D473991A860082981F4077D604865BA1.e.3336/clear - {}
RESULT: {}
RESULT: {}
COMMAND: POST /session/ee4ef4c40535e05b41317013d6b0695a/element/f.00329360D5A862BC98A13AE160565CE6.d.D473991A860082981F4077D604865BA1.e.3336/value - {"text":"Equipment"}
COMMAND: GET /session/ee4ef4c40535e05b41317013d6b0695a/screenshot - {}
RESULT: {"text":"Equipment"}
COMMAND: GET /session/ee4ef4c40535e05b41317013d6b0695a/screenshot - {}
RESULT: {}
RESULT: {}
COMMAND: POST /session/ee4ef4c40535e05b41317013d6b0695a/actions - {"actions":[{"id":"action9","type":"key","parameters":{},"actions":[{"type":"keyDown","value":"î€‡"},{"type":"pause","duration":10},{"type":"keyUp","value":"î€‡"}]}]}
RESULT: {"actions":[{"id":"action9","type":"key","parameters":{},"actions":[{"type":"keyDown","value":"î€‡"},{"type":"pause","duration":10},{"type":"keyUp","value":"î€‡"}]}]}
COMMAND: POST /session/ee4ef4c40535e05b41317013d6b0695a/execute/async - {"script":"<script> [1562 bytes]","args":[{"selector":{"id":"application-manageresources-display-component---newResourceUnit--resourceId","interaction":{"idSuffix":"inner"}},"wdio_ui5_key":"applicationmanageresources-display-component---newResourceUnit--resourceId"}]}
COMMAND: GET /session/ee4ef4c40535e05b41317013d6b0695a/screenshot - {}
RESULT: {"script":"<script> [1562 bytes]","args":[{"selector":{"id":"application-manageresources-display-component---newResourceUnit--resourceId","interaction":{"idSuffix":"inner"}},"wdio_ui5_key":"applicationmanageresources-display-component---newResourceUnit--resourceId"}]}
RESULT: undefined
COMMAND: POST /session/ee4ef4c40535e05b41317013d6b0695a/execute/async - {"script":"<script> [776 bytes]","args":[{"enterText":"SOZxvstOXj","selector":{"id":"application-manageresources-display-component---newResourceUnit--resourceId","interaction":{"idSuffix":"inner"}},"clearTextFirst":true,"interactionType":"ENTER_TEXT"}]}
RESULT: {}
RESULT: {"script":"<script> [776 bytes]","args":[{"enterText":"SOZxvstOXj","selector":{"id":"application-manageresources-display-component---newResourceUnit--resourceId","interaction":{"idSuffix":"inner"}},"clearTextFirst":true,"interactionType":"ENTER_TEXT"}]}
COMMAND: POST /session/ee4ef4c40535e05b41317013d6b0695a/execute/async - {"script":"<script> [1562 bytes]","args":[{"selector":{"id":"application-manageresources-display-component---newResourceUnit--SHORT_TEXT","interaction":{"idSuffix":"inner"}},"wdio_ui5_key":"applicationmanageresources-display-component---newResourceUnit--SHORT_TEXT"}]}
RESULT: {"script":"<script> [1562 bytes]","args":[{"selector":{"id":"application-manageresources-display-component---newResourceUnit--SHORT_TEXT","interaction":{"idSuffix":"inner"}},"wdio_ui5_key":"applicationmanageresources-display-component---newResourceUnit--SHORT_TEXT"}]}
RESULT: undefined
COMMAND: POST /session/ee4ef4c40535e05b41317013d6b0695a/execute/async - {"script":"<script> [776 bytes]","args":[{"enterText":"Intercompany Equipment WDIO","selector":{"id":"application-manageresources-display-component---newResourceUnit--SHORT_TEXT","interaction":{"idSuffix":"inner"}},"clearTextFirst":true,"interactionType":"ENTER_TEXT"}]}
RESULT: {"script":"<script> [776 bytes]","args":[{"enterText":"Intercompany Equipment WDIO","selector":{"id":"application-manageresources-display-component---newResourceUnit--SHORT_TEXT","interaction":{"idSuffix":"inner"}},"clearTextFirst":true,"interactionType":"ENTER_TEXT"}]}
COMMAND: POST /session/ee4ef4c40535e05b41317013d6b0695a/execute/async - {"script":"<script> [1562 bytes]","args":[{"selector":{"id":"application-manageresources-display-component---newResourceUnit--BASE_UNIT_OF_MEASURE","interaction":{"idSuffix":"inner"}},"wdio_ui5_key":"applicationmanageresources-display-component---newResourceUnit--BASE_UNIT_OF_MEASURE"}]}
RESULT: {"script":"<script> [1562 bytes]","args":[{"selector":{"id":"application-manageresources-display-component---newResourceUnit--BASE_UNIT_OF_MEASURE","interaction":{"idSuffix":"inner"}},"wdio_ui5_key":"applicationmanageresources-display-component---newResourceUnit--BASE_UNIT_OF_MEASURE"}]}
RESULT: undefined
COMMAND: POST /session/ee4ef4c40535e05b41317013d6b0695a/execute/async - {"script":"<script> [776 bytes]","args":[{"enterText":"Piece","selector":{"id":"application-manageresources-display-component---newResourceUnit--BASE_UNIT_OF_MEASURE","interaction":{"idSuffix":"inner"}},"clearTextFirst":true,"interactionType":"ENTER_TEXT"}]}
RESULT: {"script":"<script> [776 bytes]","args":[{"enterText":"Piece","selector":{"id":"application-manageresources-display-component---newResourceUnit--BASE_UNIT_OF_MEASURE","interaction":{"idSuffix":"inner"}},"clearTextFirst":true,"interactionType":"ENTER_TEXT"}]}
COMMAND: POST /session/ee4ef4c40535e05b41317013d6b0695a/execute/async - {"script":"<script> [1562 bytes]","args":[{"selector":{"id":"application-manageresources-display-component---newResourceUnit--WEIGHT_UNIT","interaction":{"idSuffix":"inner"}},"wdio_ui5_key":"applicationmanageresources-display-component---newResourceUnit--WEIGHT_UNIT"}]}
RESULT: {"script":"<script> [1562 bytes]","args":[{"selector":{"id":"application-manageresources-display-component---newResourceUnit--WEIGHT_UNIT","interaction":{"idSuffix":"inner"}},"wdio_ui5_key":"applicationmanageresources-display-component---newResourceUnit--WEIGHT_UNIT"}]}
RESULT: undefined
COMMAND: POST /session/ee4ef4c40535e05b41317013d6b0695a/execute/async - {"script":"<script> [776 bytes]","args":[{"enterText":"Gram","selector":{"id":"application-manageresources-display-component---newResourceUnit--WEIGHT_UNIT","interaction":{"idSuffix":"inner"}},"clearTextFirst":true,"interactionType":"ENTER_TEXT"}]}
RESULT: {"script":"<script> [776 bytes]","args":[{"enterText":"Gram","selector":{"id":"application-manageresources-display-component---newResourceUnit--WEIGHT_UNIT","interaction":{"idSuffix":"inner"}},"clearTextFirst":true,"interactionType":"ENTER_TEXT"}]}
COMMAND: POST /session/ee4ef4c40535e05b41317013d6b0695a/execute/async - {"script":"<script> [1562 bytes]","args":[{"selector":{"id":"application-manageresources-display-component---newResourceUnit--DIMENSION_UNIT","interaction":{"idSuffix":"inner"}},"wdio_ui5_key":"applicationmanageresources-display-component---newResourceUnit--DIMENSION_UNIT"}]}
RESULT: {"script":"<script> [1562 bytes]","args":[{"selector":{"id":"application-manageresources-display-component---newResourceUnit--DIMENSION_UNIT","interaction":{"idSuffix":"inner"}},"wdio_ui5_key":"applicationmanageresources-display-component---newResourceUnit--DIMENSION_UNIT"}]}
RESULT: undefined
COMMAND: POST /session/ee4ef4c40535e05b41317013d6b0695a/execute/async - {"script":"<script> [776 bytes]","args":[{"enterText":"Meter","selector":{"id":"application-manageresources-display-component---newResourceUnit--DIMENSION_UNIT","interaction":{"idSuffix":"inner"}},"clearTextFirst":true,"interactionType":"ENTER_TEXT"}]}
RESULT: {"script":"<script> [776 bytes]","args":[{"enterText":"Meter","selector":{"id":"application-manageresources-display-component---newResourceUnit--DIMENSION_UNIT","interaction":{"idSuffix":"inner"}},"clearTextFirst":true,"interactionType":"ENTER_TEXT"}]}
COMMAND: POST /session/ee4ef4c40535e05b41317013d6b0695a/execute/async - {"script":"<script> [1562 bytes]","args":[{"selector":{"id":"application-manageresources-display-component---newResourceUnit--newRRUPage-anchBar-application-manageresources-display-component---newResourceUnit--control-anchor","interaction":{"idSuffix":"BDI-content"}},"wdio_ui5_key":"applicationmanageresources-display-component---newResourceUnit--newRRUPage-anchBar-application-manageresources-display-component---newResourceUnit--control-anchor"}]}
RESULT: {"script":"<script> [1562 bytes]","args":[{"selector":{"id":"application-manageresources-display-component---newResourceUnit--newRRUPage-anchBar-application-manageresources-display-component---newResourceUnit--control-anchor","interaction":{"idSuffix":"BDI-content"}},"wdio_ui5_key":"applicationmanageresources-display-component---newResourceUnit--newRRUPage-anchBar-application-manageresources-display-component---newResourceUnit--control-anchor"}]}
RESULT: undefined
COMMAND: POST /session/ee4ef4c40535e05b41317013d6b0695a/element - {"using":"xpath","value":"//*[@id=\"application-manageresources-display-component---newResourceUnit--newRRUPage-anchBar-application-manageresources-display-component---newResourceUnit--control-anchor\"]"}
RESULT: {"using":"xpath","value":"//*[@id=\"application-manageresources-display-component---newResourceUnit--newRRUPage-anchBar-application-manageresources-display-component---newResourceUnit--control-anchor\"]"}
COMMAND: POST /session/ee4ef4c40535e05b41317013d6b0695a/element/f.00329360D5A862BC98A13AE160565CE6.d.D473991A860082981F4077D604865BA1.e.3474/click - {}
RESULT: {}
COMMAND: POST /session/ee4ef4c40535e05b41317013d6b0695a/execute/async - {"script":"<script> [1562 bytes]","args":[{"selector":{"id":"application-manageresources-display-component---newResourceUnit--PLANNING_GROUP","interaction":{"idSuffix":"inner"}},"wdio_ui5_key":"applicationmanageresources-display-component---newResourceUnit--PLANNING_GROUP"}]}
COMMAND: GET /session/ee4ef4c40535e05b41317013d6b0695a/screenshot - {}
RESULT: {"script":"<script> [1562 bytes]","args":[{"selector":{"id":"application-manageresources-display-component---newResourceUnit--PLANNING_GROUP","interaction":{"idSuffix":"inner"}},"wdio_ui5_key":"applicationmanageresources-display-component---newResourceUnit--PLANNING_GROUP"}]}
RESULT: undefined
COMMAND: POST /session/ee4ef4c40535e05b41317013d6b0695a/execute/async - {"script":"<script> [776 bytes]","args":[{"enterText":"Heavy Equi","selector":{"id":"application-manageresources-display-component---newResourceUnit--PLANNING_GROUP","interaction":{"idSuffix":"inner"}},"clearTextFirst":true,"interactionType":"ENTER_TEXT"}]}
RESULT: {}
RESULT: {"script":"<script> [776 bytes]","args":[{"enterText":"Heavy Equi","selector":{"id":"application-manageresources-display-component---newResourceUnit--PLANNING_GROUP","interaction":{"idSuffix":"inner"}},"clearTextFirst":true,"interactionType":"ENTER_TEXT"}]}
COMMAND: POST /session/ee4ef4c40535e05b41317013d6b0695a/execute/async - {"script":"<script> [1562 bytes]","args":[{"selector":{"id":"application-manageresources-display-component---newResourceUnit--ITEM_TYPE-arrow"},"wdio_ui5_key":"applicationmanageresources-display-component---newResourceUnit--ITEM_TYPE-arrow"}]}
RESULT: {"script":"<script> [1562 bytes]","args":[{"selector":{"id":"application-manageresources-display-component---newResourceUnit--ITEM_TYPE-arrow"},"wdio_ui5_key":"applicationmanageresources-display-component---newResourceUnit--ITEM_TYPE-arrow"}]}
RESULT: undefined
COMMAND: POST /session/ee4ef4c40535e05b41317013d6b0695a/element - {"using":"xpath","value":"//*[@id=\"application-manageresources-display-component---newResourceUnit--ITEM_TYPE-arrow\"]"}
RESULT: {"using":"xpath","value":"//*[@id=\"application-manageresources-display-component---newResourceUnit--ITEM_TYPE-arrow\"]"}
COMMAND: POST /session/ee4ef4c40535e05b41317013d6b0695a/element/f.00329360D5A862BC98A13AE160565CE6.d.D473991A860082981F4077D604865BA1.e.3481/click - {}
RESULT: {}
COMMAND: POST /session/ee4ef4c40535e05b41317013d6b0695a/element - {"using":"xpath","value":"(//span[contains(text(), \"Resource Unit\")])[2]"}
COMMAND: GET /session/ee4ef4c40535e05b41317013d6b0695a/screenshot - {}
RESULT: {"using":"xpath","value":"(//span[contains(text(), \"Resource Unit\")])[2]"}
COMMAND: POST /session/ee4ef4c40535e05b41317013d6b0695a/element/f.00329360D5A862BC98A13AE160565CE6.d.D473991A860082981F4077D604865BA1.e.3482/click - {}
RESULT: {}
RESULT: {}
COMMAND: GET /session/ee4ef4c40535e05b41317013d6b0695a/screenshot - {}
RESULT: {}
COMMAND: POST /session/ee4ef4c40535e05b41317013d6b0695a/element - {"using":"css selector","value":"#application-manageresources-display-component---newResourceUnit--btnAddTimeSegment"}
RESULT: {"using":"css selector","value":"#application-manageresources-display-component---newResourceUnit--btnAddTimeSegment"}
COMMAND: GET /session/ee4ef4c40535e05b41317013d6b0695a/element/f.00329360D5A862BC98A13AE160565CE6.d.D473991A860082981F4077D604865BA1.e.3483/rect - {}
RESULT: {}
COMMAND: GET /session/ee4ef4c40535e05b41317013d6b0695a/window/rect - {}
RESULT: {}
COMMAND: POST /session/ee4ef4c40535e05b41317013d6b0695a/execute/sync - {"script":"<script> [92 bytes]","args":[]}
RESULT: {"script":"<script> [92 bytes]","args":[]}
COMMAND: POST /session/ee4ef4c40535e05b41317013d6b0695a/actions - {"actions":[{"id":"action10","type":"wheel","parameters":{},"actions":[{"type":"scroll","x":-1888,"y":-32,"deltaX":0,"deltaY":0,"duration":0,"origin":{"element-6066-11e4-a52e-4f735466cecf":"f.00329360D5A862BC98A13AE160565CE6.d.D473991A860082981F4077D604865BA1.e.3483"}}]}]}
COMMAND: GET /session/ee4ef4c40535e05b41317013d6b0695a/screenshot - {}
RESULT: {}
COMMAND: POST /session/ee4ef4c40535e05b41317013d6b0695a/execute/sync - {"script":"<script> [79 bytes]","args":[{"element-6066-11e4-a52e-4f735466cecf":"f.00329360D5A862BC98A13AE160565CE6.d.D473991A860082981F4077D604865BA1.e.3483","ELEMENT":"f.00329360D5A862BC98A13AE160565CE6.d.D473991A860082981F4077D604865BA1.e.3483"},{"block":"start","inline":"nearest"}]}
RESULT: {"script":"<script> [79 bytes]","args":[{"element-6066-11e4-a52e-4f735466cecf":"f.00329360D5A862BC98A13AE160565CE6.d.D473991A860082981F4077D604865BA1.e.3483","ELEMENT":"f.00329360D5A862BC98A13AE160565CE6.d.D473991A860082981F4077D604865BA1.e.3483"},{"block":"start","inline":"nearest"}]}
COMMAND: POST /session/ee4ef4c40535e05b41317013d6b0695a/execute/async - {"script":"<script> [1562 bytes]","args":[{"selector":{"id":"application-manageresources-display-component---newResourceUnit--btnAddTimeSegment","interaction":{"idSuffix":"inner"}},"wdio_ui5_key":"applicationmanageresources-display-component---newResourceUnit--btnAddTimeSegment"}]}
COMMAND: GET /session/ee4ef4c40535e05b41317013d6b0695a/screenshot - {}
RESULT: {"script":"<script> [1562 bytes]","args":[{"selector":{"id":"application-manageresources-display-component---newResourceUnit--btnAddTimeSegment","interaction":{"idSuffix":"inner"}},"wdio_ui5_key":"applicationmanageresources-display-component---newResourceUnit--btnAddTimeSegment"}]}
RESULT: undefined
COMMAND: POST /session/ee4ef4c40535e05b41317013d6b0695a/element - {"using":"xpath","value":"//*[@id=\"application-manageresources-display-component---newResourceUnit--btnAddTimeSegment\"]"}
RESULT: {}
RESULT: {"using":"xpath","value":"//*[@id=\"application-manageresources-display-component---newResourceUnit--btnAddTimeSegment\"]"}
COMMAND: POST /session/ee4ef4c40535e05b41317013d6b0695a/element/f.00329360D5A862BC98A13AE160565CE6.d.D473991A860082981F4077D604865BA1.e.3483/click - {}
RESULT: {}
COMMAND: GET /session/ee4ef4c40535e05b41317013d6b0695a/screenshot - {}
RESULT: {}
COMMAND: POST /session/ee4ef4c40535e05b41317013d6b0695a/element - {"using":"xpath","value":"//input[@id=\"application-manageresources-display-component---newResourceUnit--idRuTSAdmin-application-manageresources-display-component---newResourceUnit--RUTimeSegment-0-inner\"]"}
RESULT: {"using":"xpath","value":"//input[@id=\"application-manageresources-display-component---newResourceUnit--idRuTSAdmin-application-manageresources-display-component---newResourceUnit--RUTimeSegment-0-inner\"]"}
COMMAND: POST /session/ee4ef4c40535e05b41317013d6b0695a/element/f.00329360D5A862BC98A13AE160565CE6.d.D473991A860082981F4077D604865BA1.e.3489/clear - {}
RESULT: {}
COMMAND: POST /session/ee4ef4c40535e05b41317013d6b0695a/element/f.00329360D5A862BC98A13AE160565CE6.d.D473991A860082981F4077D604865BA1.e.3489/value - {"text":"297"}
COMMAND: GET /session/ee4ef4c40535e05b41317013d6b0695a/screenshot - {}
RESULT: {"text":"297"}
COMMAND: GET /session/ee4ef4c40535e05b41317013d6b0695a/screenshot - {}
RESULT: {}
RESULT: {}
COMMAND: POST /session/ee4ef4c40535e05b41317013d6b0695a/element - {"using":"xpath","value":"//li[.//span[text()='297']]"}
RESULT: {"using":"xpath","value":"//li[.//span[text()='297']]"}
COMMAND: POST /session/ee4ef4c40535e05b41317013d6b0695a/element/f.00329360D5A862BC98A13AE160565CE6.d.D473991A860082981F4077D604865BA1.e.3501/click - {}
RESULT: {}
COMMAND: GET /session/ee4ef4c40535e05b41317013d6b0695a/screenshot - {}
RESULT: {}
COMMAND: POST /session/ee4ef4c40535e05b41317013d6b0695a/element - {"using":"xpath","value":"(//span[contains(@id, \"-application-manageresources-display-component---newResourceUnit--RUTimeSegment-0-arrow\")])[6]"}
RESULT: {"using":"xpath","value":"(//span[contains(@id, \"-application-manageresources-display-component---newResourceUnit--RUTimeSegment-0-arrow\")])[6]"}
COMMAND: POST /session/ee4ef4c40535e05b41317013d6b0695a/element/f.00329360D5A862BC98A13AE160565CE6.d.D473991A860082981F4077D604865BA1.e.3502/click - {}
RESULT: {}
COMMAND: GET /session/ee4ef4c40535e05b41317013d6b0695a/screenshot - {}
RESULT: {}
COMMAND: POST /session/ee4ef4c40535e05b41317013d6b0695a/element - {"using":"xpath","value":"//span[contains(text(), \"PM Order\")]"}
RESULT: {"using":"xpath","value":"//span[contains(text(), \"PM Order\")]"}
COMMAND: POST /session/ee4ef4c40535e05b41317013d6b0695a/element/f.00329360D5A862BC98A13AE160565CE6.d.D473991A860082981F4077D604865BA1.e.3505/click - {}
RESULT: {}
COMMAND: GET /session/ee4ef4c40535e05b41317013d6b0695a/screenshot - {}
RESULT: {}
COMMAND: POST /session/ee4ef4c40535e05b41317013d6b0695a/element - {"using":"xpath","value":"(//span[contains(@id ,\"manageresources-display-component---newResourceUnit--RUTimeSegment-0-vhi\")])[1]"}
RESULT: {"using":"xpath","value":"(//span[contains(@id ,\"manageresources-display-component---newResourceUnit--RUTimeSegment-0-vhi\")])[1]"}
COMMAND: GET /session/ee4ef4c40535e05b41317013d6b0695a/element/f.00329360D5A862BC98A13AE160565CE6.d.D473991A860082981F4077D604865BA1.e.3509/rect - {}
RESULT: {}
COMMAND: GET /session/ee4ef4c40535e05b41317013d6b0695a/window/rect - {}
RESULT: {}
COMMAND: POST /session/ee4ef4c40535e05b41317013d6b0695a/execute/sync - {"script":"<script> [92 bytes]","args":[]}
RESULT: {"script":"<script> [92 bytes]","args":[]}
COMMAND: POST /session/ee4ef4c40535e05b41317013d6b0695a/actions - {"actions":[{"id":"action11","type":"wheel","parameters":{},"actions":[{"type":"scroll","x":-869,"y":-24,"deltaX":0,"deltaY":0,"duration":0,"origin":{"element-6066-11e4-a52e-4f735466cecf":"f.00329360D5A862BC98A13AE160565CE6.d.D473991A860082981F4077D604865BA1.e.3509"}}]}]}
COMMAND: GET /session/ee4ef4c40535e05b41317013d6b0695a/screenshot - {}
RESULT: {"actions":[{"id":"action11","type":"wheel","parameters":{},"actions":[{"type":"scroll","x":-869,"y":-24,"deltaX":0,"deltaY":0,"duration":0,"origin":{"element-6066-11e4-a52e-4f735466cecf":"f.00329360D5A862BC98A13AE160565CE6.d.D473991A860082981F4077D604865BA1.e.3509"}}]}]}
COMMAND: DELETE /session/ee4ef4c40535e05b41317013d6b0695a/actions - {}
COMMAND: GET /session/ee4ef4c40535e05b41317013d6b0695a/screenshot - {}
RESULT: {}
RESULT: {}
COMMAND: GET /session/ee4ef4c40535e05b41317013d6b0695a/screenshot - {}
RESULT: {}
RESULT: {}
COMMAND: POST /session/ee4ef4c40535e05b41317013d6b0695a/element/f.00329360D5A862BC98A13AE160565CE6.d.D473991A860082981F4077D604865BA1.e.3509/click - {}
RESULT: {}
COMMAND: GET /session/ee4ef4c40535e05b41317013d6b0695a/screenshot - {}
RESULT: {}
COMMAND: POST /session/ee4ef4c40535e05b41317013d6b0695a/execute/async - {"script":"<script> [1562 bytes]","args":[{"selector":{"controlType":"sap.m.SearchField","properties":{"placeholder":"Search"},"searchOpenDialogs":true,"interaction":{"idSuffix":"I"}},"wdio_ui5_key":"sapm.SearchField{\"placeholder\":\"Search\"}"}]}
RESULT: {"script":"<script> [1562 bytes]","args":[{"selector":{"controlType":"sap.m.SearchField","properties":{"placeholder":"Search"},"searchOpenDialogs":true,"interaction":{"idSuffix":"I"}},"wdio_ui5_key":"sapm.SearchField{\"placeholder\":\"Search\"}"}]}
RESULT: undefined
COMMAND: POST /session/ee4ef4c40535e05b41317013d6b0695a/execute/async - {"script":"<script> [776 bytes]","args":[{"enterText":"4000360","selector":{"controlType":"sap.m.SearchField","properties":{"placeholder":"Search"},"searchOpenDialogs":true,"interaction":{"idSuffix":"I"}},"clearTextFirst":true,"interactionType":"ENTER_TEXT"}]}
RESULT: {"script":"<script> [776 bytes]","args":[{"enterText":"4000360","selector":{"controlType":"sap.m.SearchField","properties":{"placeholder":"Search"},"searchOpenDialogs":true,"interaction":{"idSuffix":"I"}},"clearTextFirst":true,"interactionType":"ENTER_TEXT"}]}
COMMAND: POST /session/ee4ef4c40535e05b41317013d6b0695a/actions - {"actions":[{"id":"action12","type":"key","parameters":{},"actions":[{"type":"keyDown","value":"î€‡"},{"type":"pause","duration":10},{"type":"keyUp","value":"î€‡"}]}]}
RESULT: {"actions":[{"id":"action12","type":"key","parameters":{},"actions":[{"type":"keyDown","value":"î€‡"},{"type":"pause","duration":10},{"type":"keyUp","value":"î€‡"}]}]}
COMMAND: GET /session/ee4ef4c40535e05b41317013d6b0695a/screenshot - {}
RESULT: {}
COMMAND: POST /session/ee4ef4c40535e05b41317013d6b0695a/element - {"using":"xpath","value":"//td/div/span[contains(text(), \"BGL Vehicles\")]"}
RESULT: {"using":"xpath","value":"//td/div/span[contains(text(), \"BGL Vehicles\")]"}
COMMAND: POST /session/ee4ef4c40535e05b41317013d6b0695a/element/f.00329360D5A862BC98A13AE160565CE6.d.D473991A860082981F4077D604865BA1.e.3532/click - {}
RESULT: {}
COMMAND: GET /session/ee4ef4c40535e05b41317013d6b0695a/screenshot - {}
RESULT: {}
COMMAND: POST /session/ee4ef4c40535e05b41317013d6b0695a/element - {"using":"xpath","value":"//bdi[contains(text(), \"OK\")]"}
RESULT: {"using":"xpath","value":"//bdi[contains(text(), \"OK\")]"}
COMMAND: POST /session/ee4ef4c40535e05b41317013d6b0695a/element/f.00329360D5A862BC98A13AE160565CE6.d.D473991A860082981F4077D604865BA1.e.3533/click - {}
RESULT: {}
COMMAND: GET /session/ee4ef4c40535e05b41317013d6b0695a/screenshot - {}
RESULT: {}
COMMAND: POST /session/ee4ef4c40535e05b41317013d6b0695a/execute/async - {"script":"<script> [1562 bytes]","args":[{"selector":{"id":"application-manageresources-display-component---newResourceUnit--newRRUPage-anchBar-application-manageresources-display-component---newResourceUnit--resource-anchor","interaction":{"idSuffix":"BDI-content"}},"wdio_ui5_key":"applicationmanageresources-display-component---newResourceUnit--newRRUPage-anchBar-application-manageresources-display-component---newResourceUnit--resource-anchor"}]}
RESULT: {"script":"<script> [1562 bytes]","args":[{"selector":{"id":"application-manageresources-display-component---newResourceUnit--newRRUPage-anchBar-application-manageresources-display-component---newResourceUnit--resource-anchor","interaction":{"idSuffix":"BDI-content"}},"wdio_ui5_key":"applicationmanageresources-display-component---newResourceUnit--newRRUPage-anchBar-application-manageresources-display-component---newResourceUnit--resource-anchor"}]}
RESULT: undefined
COMMAND: POST /session/ee4ef4c40535e05b41317013d6b0695a/element - {"using":"xpath","value":"//*[@id=\"application-manageresources-display-component---newResourceUnit--newRRUPage-anchBar-application-manageresources-display-component---newResourceUnit--resource-anchor\"]"}
RESULT: {"using":"xpath","value":"//*[@id=\"application-manageresources-display-component---newResourceUnit--newRRUPage-anchBar-application-manageresources-display-component---newResourceUnit--resource-anchor\"]"}
COMMAND: POST /session/ee4ef4c40535e05b41317013d6b0695a/element/f.00329360D5A862BC98A13AE160565CE6.d.D473991A860082981F4077D604865BA1.e.3537/click - {}
RESULT: {}
COMMAND: POST /session/ee4ef4c40535e05b41317013d6b0695a/execute/async - {"script":"<script> [1562 bytes]","args":[{"selector":{"id":"application-manageresources-display-component---newResourceUnit--PLANNED_DELIVERY_DATE","interaction":{"idSuffix":"inner"}},"wdio_ui5_key":"applicationmanageresources-display-component---newResourceUnit--PLANNED_DELIVERY_DATE"}]}
COMMAND: GET /session/ee4ef4c40535e05b41317013d6b0695a/screenshot - {}
RESULT: {"script":"<script> [1562 bytes]","args":[{"selector":{"id":"application-manageresources-display-component---newResourceUnit--PLANNED_DELIVERY_DATE","interaction":{"idSuffix":"inner"}},"wdio_ui5_key":"applicationmanageresources-display-component---newResourceUnit--PLANNED_DELIVERY_DATE"}]}
RESULT: undefined
COMMAND: POST /session/ee4ef4c40535e05b41317013d6b0695a/execute/async - {"script":"<script> [6424 bytes]","args":[{"element-6066-11e4-a52e-4f735466cecf":"f.00329360D5A862BC98A13AE160565CE6.d.D473991A860082981F4077D604865BA1.e.3399"},"setValue",["5/14/25"]]}
RESULT: {}
RESULT: {"script":"<script> [6424 bytes]","args":[{"element-6066-11e4-a52e-4f735466cecf":"f.00329360D5A862BC98A13AE160565CE6.d.D473991A860082981F4077D604865BA1.e.3399"},"setValue",["5/14/25"]]}
COMMAND: POST /session/ee4ef4c40535e05b41317013d6b0695a/element - {"using":"xpath","value":"//label[contains(@class, 'sapMLabelRequired') and .//bdi[contains(text(), 'Planned Retirement')]]"}
RESULT: {"using":"xpath","value":"//label[contains(@class, 'sapMLabelRequired') and .//bdi[contains(text(), 'Planned Retirement')]]"}
COMMAND: POST /session/ee4ef4c40535e05b41317013d6b0695a/elements - {"using":"xpath","value":"//label[contains(@class, 'sapMLabelRequired') and .//bdi[contains(text(), 'Planned Retirement')]]"}
RESULT: {"using":"xpath","value":"//label[contains(@class, 'sapMLabelRequired') and .//bdi[contains(text(), 'Planned Retirement')]]"}
COMMAND: POST /session/ee4ef4c40535e05b41317013d6b0695a/element - {"using":"xpath","value":"//button[@data-kt=\"resourceUnitSaveButton\"]"}
RESULT: {"using":"xpath","value":"//button[@data-kt=\"resourceUnitSaveButton\"]"}
COMMAND: POST /session/ee4ef4c40535e05b41317013d6b0695a/element/f.00329360D5A862BC98A13AE160565CE6.d.D473991A860082981F4077D604865BA1.e.3359/click - {}
RESULT: {}
COMMAND: GET /session/ee4ef4c40535e05b41317013d6b0695a/screenshot - {}
RESULT: {}
COMMAND: POST /session/ee4ef4c40535e05b41317013d6b0695a/element - {"using":"xpath","value":"//bdi[contains(text(), \"Close\")]"}
RESULT: {"using":"xpath","value":"//bdi[contains(text(), \"Close\")]"}
COMMAND: POST /session/ee4ef4c40535e05b41317013d6b0695a/element/f.00329360D5A862BC98A13AE160565CE6.d.D473991A860082981F4077D604865BA1.e.3545/click - {}
RESULT: {}
COMMAND: GET /session/ee4ef4c40535e05b41317013d6b0695a/screenshot - {}
RESULT: {}
COMMAND: POST /session/ee4ef4c40535e05b41317013d6b0695a/element - {"using":"xpath","value":"(//button[contains(@id ,\"actionsToolbar-overflowButton\")])[1]"}
RESULT: {"using":"xpath","value":"(//button[contains(@id ,\"actionsToolbar-overflowButton\")])[1]"}
COMMAND: POST /session/ee4ef4c40535e05b41317013d6b0695a/element/f.00329360D5A862BC98A13AE160565CE6.d.D473991A860082981F4077D604865BA1.e.3604/click - {}
RESULT: {}
COMMAND: GET /session/ee4ef4c40535e05b41317013d6b0695a/screenshot - {}
RESULT: {}
COMMAND: POST /session/ee4ef4c40535e05b41317013d6b0695a/element - {"using":"xpath","value":"//button[@data-kt=\"priceInfoButton\"]"}
RESULT: {"using":"xpath","value":"//button[@data-kt=\"priceInfoButton\"]"}
COMMAND: POST /session/ee4ef4c40535e05b41317013d6b0695a/element/f.00329360D5A862BC98A13AE160565CE6.d.D473991A860082981F4077D604865BA1.e.3606/click - {}
RESULT: {}
COMMAND: GET /session/ee4ef4c40535e05b41317013d6b0695a/screenshot - {}
RESULT: {}
]]></system-out>
    </testcase>
    <testcase classname="chrome.136_0_7103_49.windows.Billing_confirm_US117289" name="Should create new pricing rule" time="54.998">
      <system-out><![CDATA[
COMMAND: POST /session/ee4ef4c40535e05b41317013d6b0695a/element - {"using":"xpath","value":"//button[@data-kt=\"addButton\"]"}
RESULT: {"using":"xpath","value":"//button[@data-kt=\"addButton\"]"}
COMMAND: POST /session/ee4ef4c40535e05b41317013d6b0695a/elements - {"using":"xpath","value":"//button[@data-kt=\"addButton\"]"}
RESULT: {"using":"xpath","value":"//button[@data-kt=\"addButton\"]"}
COMMAND: POST /session/ee4ef4c40535e05b41317013d6b0695a/elements - {"using":"xpath","value":"//button[@data-kt=\"addButton\"]"}
RESULT: {"using":"xpath","value":"//button[@data-kt=\"addButton\"]"}
COMMAND: POST /session/ee4ef4c40535e05b41317013d6b0695a/element - {"using":"xpath","value":"//button[@data-kt=\"addButton\"]"}
RESULT: {"using":"xpath","value":"//button[@data-kt=\"addButton\"]"}
COMMAND: POST /session/ee4ef4c40535e05b41317013d6b0695a/execute/sync - {"script":"<script> [8489 bytes]","args":[{"element-6066-11e4-a52e-4f735466cecf":"f.00329360D5A862BC98A13AE160565CE6.d.D473991A860082981F4077D604865BA1.e.3642","ELEMENT":"f.00329360D5A862BC98A13AE160565CE6.d.D473991A860082981F4077D604865BA1.e.3642"}]}
RESULT: {"script":"<script> [8489 bytes]","args":[{"element-6066-11e4-a52e-4f735466cecf":"f.00329360D5A862BC98A13AE160565CE6.d.D473991A860082981F4077D604865BA1.e.3642","ELEMENT":"f.00329360D5A862BC98A13AE160565CE6.d.D473991A860082981F4077D604865BA1.e.3642"}]}
COMMAND: GET /session/ee4ef4c40535e05b41317013d6b0695a/element/f.00329360D5A862BC98A13AE160565CE6.d.D473991A860082981F4077D604865BA1.e.3642/enabled - {}
COMMAND: GET /session/ee4ef4c40535e05b41317013d6b0695a/screenshot - {}
RESULT: {}
COMMAND: POST /session/ee4ef4c40535e05b41317013d6b0695a/execute/sync - {"script":"<script> [8489 bytes]","args":[{"element-6066-11e4-a52e-4f735466cecf":"f.00329360D5A862BC98A13AE160565CE6.d.D473991A860082981F4077D604865BA1.e.3642","ELEMENT":"f.00329360D5A862BC98A13AE160565CE6.d.D473991A860082981F4077D604865BA1.e.3642"}]}
COMMAND: GET /session/ee4ef4c40535e05b41317013d6b0695a/screenshot - {}
RESULT: {}
RESULT: {"script":"<script> [8489 bytes]","args":[{"element-6066-11e4-a52e-4f735466cecf":"f.00329360D5A862BC98A13AE160565CE6.d.D473991A860082981F4077D604865BA1.e.3642","ELEMENT":"f.00329360D5A862BC98A13AE160565CE6.d.D473991A860082981F4077D604865BA1.e.3642"}]}
COMMAND: POST /session/ee4ef4c40535e05b41317013d6b0695a/execute/sync - {"script":"<script> [5351 bytes]","args":[{"element-6066-11e4-a52e-4f735466cecf":"f.00329360D5A862BC98A13AE160565CE6.d.D473991A860082981F4077D604865BA1.e.3642","ELEMENT":"f.00329360D5A862BC98A13AE160565CE6.d.D473991A860082981F4077D604865BA1.e.3642"}]}
COMMAND: GET /session/ee4ef4c40535e05b41317013d6b0695a/screenshot - {}
RESULT: {}
RESULT: {"script":"<script> [5351 bytes]","args":[{"element-6066-11e4-a52e-4f735466cecf":"f.00329360D5A862BC98A13AE160565CE6.d.D473991A860082981F4077D604865BA1.e.3642","ELEMENT":"f.00329360D5A862BC98A13AE160565CE6.d.D473991A860082981F4077D604865BA1.e.3642"}]}
COMMAND: POST /session/ee4ef4c40535e05b41317013d6b0695a/element/f.00329360D5A862BC98A13AE160565CE6.d.D473991A860082981F4077D604865BA1.e.3642/click - {}
COMMAND: GET /session/ee4ef4c40535e05b41317013d6b0695a/screenshot - {}
RESULT: {}
RESULT: {}
COMMAND: GET /session/ee4ef4c40535e05b41317013d6b0695a/screenshot - {}
RESULT: {}
RESULT: {}
COMMAND: POST /session/ee4ef4c40535e05b41317013d6b0695a/execute/async - {"script":"<script> [1562 bytes]","args":[{"selector":{"controlType":"sap.m.Title","viewName":"etm.portal.ui.managepricingrules.view.NewItem","viewId":"application-managepricingrules-display-component---newInfoPriceItem","properties":{"text":"New Pricing Rules - Item Level"}},"wdio_ui5_key":"etmportal.ui.managepricingrules.view.NewItemsap.m.Title{\"text\":\"New Pricing Rules - Item Level\"}"}]}
RESULT: {"script":"<script> [1562 bytes]","args":[{"selector":{"controlType":"sap.m.Title","viewName":"etm.portal.ui.managepricingrules.view.NewItem","viewId":"application-managepricingrules-display-component---newInfoPriceItem","properties":{"text":"New Pricing Rules - Item Level"}},"wdio_ui5_key":"etmportal.ui.managepricingrules.view.NewItemsap.m.Title{\"text\":\"New Pricing Rules - Item Level\"}"}]}
RESULT: undefined
COMMAND: POST /session/ee4ef4c40535e05b41317013d6b0695a/execute/async - {"script":"<script> [6424 bytes]","args":[{"element-6066-11e4-a52e-4f735466cecf":"f.00329360D5A862BC98A13AE160565CE6.d.D473991A860082981F4077D604865BA1.e.3803"},"getText",[]]}
RESULT: {"script":"<script> [6424 bytes]","args":[{"element-6066-11e4-a52e-4f735466cecf":"f.00329360D5A862BC98A13AE160565CE6.d.D473991A860082981F4077D604865BA1.e.3803"},"getText",[]]}
COMMAND: POST /session/ee4ef4c40535e05b41317013d6b0695a/execute/async - {"script":"<script> [1562 bytes]","args":[{"selector":{"id":"application-managepricingrules-display-component---newInfoPriceItem--condValidTo","interaction":{"idSuffix":"inner"}},"wdio_ui5_key":"applicationmanagepricingrules-display-component---newInfoPriceItem--condValidTo"}]}
RESULT: {"script":"<script> [1562 bytes]","args":[{"selector":{"id":"application-managepricingrules-display-component---newInfoPriceItem--condValidTo","interaction":{"idSuffix":"inner"}},"wdio_ui5_key":"applicationmanagepricingrules-display-component---newInfoPriceItem--condValidTo"}]}
RESULT: undefined
COMMAND: POST /session/ee4ef4c40535e05b41317013d6b0695a/execute/async - {"script":"<script> [776 bytes]","args":[{"enterText":"01/14/26","selector":{"id":"application-managepricingrules-display-component---newInfoPriceItem--condValidTo","interaction":{"idSuffix":"inner"}},"clearTextFirst":true,"interactionType":"ENTER_TEXT"}]}
RESULT: {"script":"<script> [776 bytes]","args":[{"enterText":"01/14/26","selector":{"id":"application-managepricingrules-display-component---newInfoPriceItem--condValidTo","interaction":{"idSuffix":"inner"}},"clearTextFirst":true,"interactionType":"ENTER_TEXT"}]}
COMMAND: POST /session/ee4ef4c40535e05b41317013d6b0695a/execute/async - {"script":"<script> [1562 bytes]","args":[{"selector":{"id":"application-managepricingrules-display-component---newInfoPriceItem--billType-arrow"},"wdio_ui5_key":"applicationmanagepricingrules-display-component---newInfoPriceItem--billType-arrow"}]}
RESULT: {"script":"<script> [1562 bytes]","args":[{"selector":{"id":"application-managepricingrules-display-component---newInfoPriceItem--billType-arrow"},"wdio_ui5_key":"applicationmanagepricingrules-display-component---newInfoPriceItem--billType-arrow"}]}
RESULT: undefined
COMMAND: POST /session/ee4ef4c40535e05b41317013d6b0695a/element - {"using":"xpath","value":"//*[@id=\"application-managepricingrules-display-component---newInfoPriceItem--billType-arrow\"]"}
RESULT: {"using":"xpath","value":"//*[@id=\"application-managepricingrules-display-component---newInfoPriceItem--billType-arrow\"]"}
COMMAND: POST /session/ee4ef4c40535e05b41317013d6b0695a/element/f.00329360D5A862BC98A13AE160565CE6.d.D473991A860082981F4077D604865BA1.e.3805/click - {}
RESULT: {}
COMMAND: POST /session/ee4ef4c40535e05b41317013d6b0695a/element - {"using":"xpath","value":"//span[contains(text(), \"TB - Time based\")]"}
COMMAND: GET /session/ee4ef4c40535e05b41317013d6b0695a/screenshot - {}
RESULT: {"using":"xpath","value":"//span[contains(text(), \"TB - Time based\")]"}
COMMAND: POST /session/ee4ef4c40535e05b41317013d6b0695a/element/f.00329360D5A862BC98A13AE160565CE6.d.D473991A860082981F4077D604865BA1.e.3806/click - {}
RESULT: {}
RESULT: {}
COMMAND: POST /session/ee4ef4c40535e05b41317013d6b0695a/execute/async - {"script":"<script> [1562 bytes]","args":[{"selector":{"id":"application-managepricingrules-display-component---newInfoPriceItem--priceProc-arrow"},"wdio_ui5_key":"applicationmanagepricingrules-display-component---newInfoPriceItem--priceProc-arrow"}]}
COMMAND: GET /session/ee4ef4c40535e05b41317013d6b0695a/screenshot - {}
RESULT: {"script":"<script> [1562 bytes]","args":[{"selector":{"id":"application-managepricingrules-display-component---newInfoPriceItem--priceProc-arrow"},"wdio_ui5_key":"applicationmanagepricingrules-display-component---newInfoPriceItem--priceProc-arrow"}]}
RESULT: undefined
COMMAND: POST /session/ee4ef4c40535e05b41317013d6b0695a/element - {"using":"xpath","value":"//*[@id=\"application-managepricingrules-display-component---newInfoPriceItem--priceProc-arrow\"]"}
RESULT: {}
RESULT: {"using":"xpath","value":"//*[@id=\"application-managepricingrules-display-component---newInfoPriceItem--priceProc-arrow\"]"}
COMMAND: POST /session/ee4ef4c40535e05b41317013d6b0695a/element/f.00329360D5A862BC98A13AE160565CE6.d.D473991A860082981F4077D604865BA1.e.3768/click - {}
RESULT: {}
COMMAND: POST /session/ee4ef4c40535e05b41317013d6b0695a/element - {"using":"xpath","value":"//span[contains(text(), \"TBS - Time based standard\")]"}
COMMAND: GET /session/ee4ef4c40535e05b41317013d6b0695a/screenshot - {}
RESULT: {"using":"xpath","value":"//span[contains(text(), \"TBS - Time based standard\")]"}
COMMAND: POST /session/ee4ef4c40535e05b41317013d6b0695a/element/f.00329360D5A862BC98A13AE160565CE6.d.D473991A860082981F4077D604865BA1.e.3807/click - {}
RESULT: {}
RESULT: {}
COMMAND: POST /session/ee4ef4c40535e05b41317013d6b0695a/execute/async - {"script":"<script> [1562 bytes]","args":[{"selector":{"id":"application-managepricingrules-display-component---newInfoPriceItem--calcBase-arrow"},"wdio_ui5_key":"applicationmanagepricingrules-display-component---newInfoPriceItem--calcBase-arrow"}]}
COMMAND: GET /session/ee4ef4c40535e05b41317013d6b0695a/screenshot - {}
RESULT: {"script":"<script> [1562 bytes]","args":[{"selector":{"id":"application-managepricingrules-display-component---newInfoPriceItem--calcBase-arrow"},"wdio_ui5_key":"applicationmanagepricingrules-display-component---newInfoPriceItem--calcBase-arrow"}]}
RESULT: undefined
COMMAND: POST /session/ee4ef4c40535e05b41317013d6b0695a/element - {"using":"xpath","value":"//*[@id=\"application-managepricingrules-display-component---newInfoPriceItem--calcBase-arrow\"]"}
RESULT: {}
RESULT: {"using":"xpath","value":"//*[@id=\"application-managepricingrules-display-component---newInfoPriceItem--calcBase-arrow\"]"}
COMMAND: POST /session/ee4ef4c40535e05b41317013d6b0695a/element/f.00329360D5A862BC98A13AE160565CE6.d.D473991A860082981F4077D604865BA1.e.3775/click - {}
RESULT: {}
COMMAND: GET /session/ee4ef4c40535e05b41317013d6b0695a/screenshot - {}
RESULT: {}
COMMAND: POST /session/ee4ef4c40535e05b41317013d6b0695a/element - {"using":"xpath","value":"//span[contains(text(), \"0006 - TB(calendar days)\")]"}
RESULT: {"using":"xpath","value":"//span[contains(text(), \"0006 - TB(calendar days)\")]"}
COMMAND: POST /session/ee4ef4c40535e05b41317013d6b0695a/element/f.00329360D5A862BC98A13AE160565CE6.d.D473991A860082981F4077D604865BA1.e.3808/click - {}
RESULT: {}
COMMAND: GET /session/ee4ef4c40535e05b41317013d6b0695a/screenshot - {}
RESULT: {}
COMMAND: POST /session/ee4ef4c40535e05b41317013d6b0695a/execute/async - {"script":"<script> [1562 bytes]","args":[{"selector":{"id":"application-managepricingrules-display-component---newInfoPriceItem--daysMonth","interaction":{"idSuffix":"inner"}},"wdio_ui5_key":"applicationmanagepricingrules-display-component---newInfoPriceItem--daysMonth"}]}
RESULT: {"script":"<script> [1562 bytes]","args":[{"selector":{"id":"application-managepricingrules-display-component---newInfoPriceItem--daysMonth","interaction":{"idSuffix":"inner"}},"wdio_ui5_key":"applicationmanagepricingrules-display-component---newInfoPriceItem--daysMonth"}]}
RESULT: undefined
COMMAND: POST /session/ee4ef4c40535e05b41317013d6b0695a/execute/async - {"script":"<script> [776 bytes]","args":[{"enterText":"30","selector":{"id":"application-managepricingrules-display-component---newInfoPriceItem--daysMonth","interaction":{"idSuffix":"inner"}},"clearTextFirst":true,"interactionType":"ENTER_TEXT"}]}
RESULT: {"script":"<script> [776 bytes]","args":[{"enterText":"30","selector":{"id":"application-managepricingrules-display-component---newInfoPriceItem--daysMonth","interaction":{"idSuffix":"inner"}},"clearTextFirst":true,"interactionType":"ENTER_TEXT"}]}
COMMAND: POST /session/ee4ef4c40535e05b41317013d6b0695a/element - {"using":"xpath","value":"//button[@data-kt=\"saveNewRuleButton\"]"}
RESULT: {"using":"xpath","value":"//button[@data-kt=\"saveNewRuleButton\"]"}
COMMAND: POST /session/ee4ef4c40535e05b41317013d6b0695a/element/f.00329360D5A862BC98A13AE160565CE6.d.D473991A860082981F4077D604865BA1.e.3792/click - {}
RESULT: {}
COMMAND: GET /session/ee4ef4c40535e05b41317013d6b0695a/screenshot - {}
RESULT: {}
COMMAND: POST /session/ee4ef4c40535e05b41317013d6b0695a/execute/async - {"script":"<script> [1562 bytes]","args":[{"selector":{"id":"application-managepricingrules-display-component---priceInfoItem--smartFilterBar-btnBasicSearch","interaction":{"idSuffix":"I"}},"wdio_ui5_key":"applicationmanagepricingrules-display-component---priceInfoItem--smartFilterBar-btnBasicSearch"}]}
RESULT: {"script":"<script> [1562 bytes]","args":[{"selector":{"id":"application-managepricingrules-display-component---priceInfoItem--smartFilterBar-btnBasicSearch","interaction":{"idSuffix":"I"}},"wdio_ui5_key":"applicationmanagepricingrules-display-component---priceInfoItem--smartFilterBar-btnBasicSearch"}]}
RESULT: undefined
COMMAND: POST /session/ee4ef4c40535e05b41317013d6b0695a/execute/async - {"script":"<script> [776 bytes]","args":[{"enterText":"SOZxvstOXj","selector":{"id":"application-managepricingrules-display-component---priceInfoItem--smartFilterBar-btnBasicSearch","interaction":{"idSuffix":"I"}},"clearTextFirst":true,"interactionType":"ENTER_TEXT"}]}
RESULT: {"script":"<script> [776 bytes]","args":[{"enterText":"SOZxvstOXj","selector":{"id":"application-managepricingrules-display-component---priceInfoItem--smartFilterBar-btnBasicSearch","interaction":{"idSuffix":"I"}},"clearTextFirst":true,"interactionType":"ENTER_TEXT"}]}
COMMAND: POST /session/ee4ef4c40535e05b41317013d6b0695a/actions - {"actions":[{"id":"action13","type":"key","parameters":{},"actions":[{"type":"keyDown","value":"î€‡"},{"type":"pause","duration":10},{"type":"keyUp","value":"î€‡"}]}]}
RESULT: {"actions":[{"id":"action13","type":"key","parameters":{},"actions":[{"type":"keyDown","value":"î€‡"},{"type":"pause","duration":10},{"type":"keyUp","value":"î€‡"}]}]}
COMMAND: GET /session/ee4ef4c40535e05b41317013d6b0695a/screenshot - {}
RESULT: {}
COMMAND: POST /session/ee4ef4c40535e05b41317013d6b0695a/element - {"using":"xpath","value":"//span[@id=\"application-managepricingrules-display-component---priceInfoItem--smartTable-header-inner\"]"}
RESULT: {"using":"xpath","value":"//span[@id=\"application-managepricingrules-display-component---priceInfoItem--smartTable-header-inner\"]"}
COMMAND: POST /session/ee4ef4c40535e05b41317013d6b0695a/elements - {"using":"xpath","value":"//span[@id=\"application-managepricingrules-display-component---priceInfoItem--smartTable-header-inner\"]"}
RESULT: {"using":"xpath","value":"//span[@id=\"application-managepricingrules-display-component---priceInfoItem--smartTable-header-inner\"]"}
COMMAND: POST /session/ee4ef4c40535e05b41317013d6b0695a/execute/sync - {"script":"<script> [56 bytes]","args":[{"element-6066-11e4-a52e-4f735466cecf":"f.00329360D5A862BC98A13AE160565CE6.d.D473991A860082981F4077D604865BA1.e.3832","ELEMENT":"f.00329360D5A862BC98A13AE160565CE6.d.D473991A860082981F4077D604865BA1.e.3832"}]}
RESULT: {"script":"<script> [56 bytes]","args":[{"element-6066-11e4-a52e-4f735466cecf":"f.00329360D5A862BC98A13AE160565CE6.d.D473991A860082981F4077D604865BA1.e.3832","ELEMENT":"f.00329360D5A862BC98A13AE160565CE6.d.D473991A860082981F4077D604865BA1.e.3832"}]}
COMMAND: POST /session/ee4ef4c40535e05b41317013d6b0695a/element - {"using":"css selector","value":"#shell-header-logo"}
COMMAND: GET /session/ee4ef4c40535e05b41317013d6b0695a/screenshot - {}
RESULT: {"using":"css selector","value":"#shell-header-logo"}
COMMAND: POST /session/ee4ef4c40535e05b41317013d6b0695a/element/f.00329360D5A862BC98A13AE160565CE6.d.D473991A860082981F4077D604865BA1.e.2952/click - {}
RESULT: {}
RESULT: {}
COMMAND: GET /session/ee4ef4c40535e05b41317013d6b0695a/screenshot - {}
RESULT: {}
]]></system-out>
    </testcase>
    <testcase classname="chrome.136_0_7103_49.windows.Billing_confirm_US117289" name="Should create new condition for equipment" time="67.93">
      <system-out><![CDATA[
COMMAND: POST /session/ee4ef4c40535e05b41317013d6b0695a/execute/async - {"script":"<script> [1562 bytes]","args":[{"selector":{"controlType":"sap.m.Text","properties":{"text":"Manage Conditions & Prices"},"interaction":{"idSuffix":"inner"}},"wdio_ui5_key":"sapm.Text{\"text\":\"Manage Conditions & Prices\"}"}]}
RESULT: {"script":"<script> [1562 bytes]","args":[{"selector":{"controlType":"sap.m.Text","properties":{"text":"Manage Conditions & Prices"},"interaction":{"idSuffix":"inner"}},"wdio_ui5_key":"sapm.Text{\"text\":\"Manage Conditions & Prices\"}"}]}
RESULT: undefined
COMMAND: POST /session/ee4ef4c40535e05b41317013d6b0695a/element - {"using":"xpath","value":"//*[@id=\"__tile93-title\"]"}
RESULT: {"using":"xpath","value":"//*[@id=\"__tile93-title\"]"}
COMMAND: POST /session/ee4ef4c40535e05b41317013d6b0695a/element/f.00329360D5A862BC98A13AE160565CE6.d.D473991A860082981F4077D604865BA1.e.3837/click - {}
RESULT: {}
COMMAND: POST /session/ee4ef4c40535e05b41317013d6b0695a/element - {"using":"xpath","value":"//button[@aria-label=\"Create\"]"}
COMMAND: GET /session/ee4ef4c40535e05b41317013d6b0695a/screenshot - {}
RESULT: {"using":"xpath","value":"//button[@aria-label=\"Create\"]"}
COMMAND: POST /session/ee4ef4c40535e05b41317013d6b0695a/elements - {"using":"xpath","value":"//button[@aria-label=\"Create\"]"}
RESULT: {}
RESULT: {"using":"xpath","value":"//button[@aria-label=\"Create\"]"}
COMMAND: POST /session/ee4ef4c40535e05b41317013d6b0695a/elements - {"using":"xpath","value":"//button[@aria-label=\"Create\"]"}
RESULT: {"using":"xpath","value":"//button[@aria-label=\"Create\"]"}
COMMAND: POST /session/ee4ef4c40535e05b41317013d6b0695a/elements - {"using":"xpath","value":"//button[@aria-label=\"Create\"]"}
RESULT: {"using":"xpath","value":"//button[@aria-label=\"Create\"]"}
COMMAND: POST /session/ee4ef4c40535e05b41317013d6b0695a/elements - {"using":"xpath","value":"//button[@aria-label=\"Create\"]"}
RESULT: {"using":"xpath","value":"//button[@aria-label=\"Create\"]"}
COMMAND: POST /session/ee4ef4c40535e05b41317013d6b0695a/elements - {"using":"xpath","value":"//button[@aria-label=\"Create\"]"}
RESULT: {"using":"xpath","value":"//button[@aria-label=\"Create\"]"}
COMMAND: POST /session/ee4ef4c40535e05b41317013d6b0695a/elements - {"using":"xpath","value":"//button[@aria-label=\"Create\"]"}
RESULT: {"using":"xpath","value":"//button[@aria-label=\"Create\"]"}
COMMAND: POST /session/ee4ef4c40535e05b41317013d6b0695a/elements - {"using":"xpath","value":"//button[@aria-label=\"Create\"]"}
RESULT: {"using":"xpath","value":"//button[@aria-label=\"Create\"]"}
COMMAND: POST /session/ee4ef4c40535e05b41317013d6b0695a/element - {"using":"xpath","value":"//button[@aria-label=\"Create\"]"}
RESULT: {"using":"xpath","value":"//button[@aria-label=\"Create\"]"}
COMMAND: POST /session/ee4ef4c40535e05b41317013d6b0695a/execute/sync - {"script":"<script> [8489 bytes]","args":[{"element-6066-11e4-a52e-4f735466cecf":"f.00329360D5A862BC98A13AE160565CE6.d.D473991A860082981F4077D604865BA1.e.3871","ELEMENT":"f.00329360D5A862BC98A13AE160565CE6.d.D473991A860082981F4077D604865BA1.e.3871"}]}
RESULT: {"script":"<script> [8489 bytes]","args":[{"element-6066-11e4-a52e-4f735466cecf":"f.00329360D5A862BC98A13AE160565CE6.d.D473991A860082981F4077D604865BA1.e.3871","ELEMENT":"f.00329360D5A862BC98A13AE160565CE6.d.D473991A860082981F4077D604865BA1.e.3871"}]}
COMMAND: GET /session/ee4ef4c40535e05b41317013d6b0695a/element/f.00329360D5A862BC98A13AE160565CE6.d.D473991A860082981F4077D604865BA1.e.3871/enabled - {}
COMMAND: GET /session/ee4ef4c40535e05b41317013d6b0695a/screenshot - {}
RESULT: {}
COMMAND: POST /session/ee4ef4c40535e05b41317013d6b0695a/execute/sync - {"script":"<script> [8489 bytes]","args":[{"element-6066-11e4-a52e-4f735466cecf":"f.00329360D5A862BC98A13AE160565CE6.d.D473991A860082981F4077D604865BA1.e.3871","ELEMENT":"f.00329360D5A862BC98A13AE160565CE6.d.D473991A860082981F4077D604865BA1.e.3871"}]}
COMMAND: GET /session/ee4ef4c40535e05b41317013d6b0695a/screenshot - {}
RESULT: {}
RESULT: {"script":"<script> [8489 bytes]","args":[{"element-6066-11e4-a52e-4f735466cecf":"f.00329360D5A862BC98A13AE160565CE6.d.D473991A860082981F4077D604865BA1.e.3871","ELEMENT":"f.00329360D5A862BC98A13AE160565CE6.d.D473991A860082981F4077D604865BA1.e.3871"}]}
COMMAND: POST /session/ee4ef4c40535e05b41317013d6b0695a/execute/sync - {"script":"<script> [5351 bytes]","args":[{"element-6066-11e4-a52e-4f735466cecf":"f.00329360D5A862BC98A13AE160565CE6.d.D473991A860082981F4077D604865BA1.e.3871","ELEMENT":"f.00329360D5A862BC98A13AE160565CE6.d.D473991A860082981F4077D604865BA1.e.3871"}]}
COMMAND: GET /session/ee4ef4c40535e05b41317013d6b0695a/screenshot - {}
RESULT: {}
RESULT: {"script":"<script> [5351 bytes]","args":[{"element-6066-11e4-a52e-4f735466cecf":"f.00329360D5A862BC98A13AE160565CE6.d.D473991A860082981F4077D604865BA1.e.3871","ELEMENT":"f.00329360D5A862BC98A13AE160565CE6.d.D473991A860082981F4077D604865BA1.e.3871"}]}
COMMAND: POST /session/ee4ef4c40535e05b41317013d6b0695a/element/f.00329360D5A862BC98A13AE160565CE6.d.D473991A860082981F4077D604865BA1.e.3871/click - {}
COMMAND: GET /session/ee4ef4c40535e05b41317013d6b0695a/screenshot - {}
RESULT: {}
RESULT: {}
COMMAND: GET /session/ee4ef4c40535e05b41317013d6b0695a/screenshot - {}
RESULT: {}
RESULT: {}
COMMAND: POST /session/ee4ef4c40535e05b41317013d6b0695a/actions - {"actions":[{"id":"action14","type":"key","parameters":{},"actions":[{"type":"keyDown","value":"î€‡"},{"type":"pause","duration":10},{"type":"keyUp","value":"î€‡"}]}]}
RESULT: {"actions":[{"id":"action14","type":"key","parameters":{},"actions":[{"type":"keyDown","value":"î€‡"},{"type":"pause","duration":10},{"type":"keyUp","value":"î€‡"}]}]}
COMMAND: GET /session/ee4ef4c40535e05b41317013d6b0695a/screenshot - {}
RESULT: {}
COMMAND: POST /session/ee4ef4c40535e05b41317013d6b0695a/execute/async - {"script":"<script> [1562 bytes]","args":[{"selector":{"id":"application-manageconditionprice-display-component---newCondition--condBillCond-arrow"},"wdio_ui5_key":"applicationmanageconditionprice-display-component---newCondition--condBillCond-arrow"}]}
RESULT: {"script":"<script> [1562 bytes]","args":[{"selector":{"id":"application-manageconditionprice-display-component---newCondition--condBillCond-arrow"},"wdio_ui5_key":"applicationmanageconditionprice-display-component---newCondition--condBillCond-arrow"}]}
RESULT: undefined
COMMAND: POST /session/ee4ef4c40535e05b41317013d6b0695a/element - {"using":"xpath","value":"//*[@id=\"application-manageconditionprice-display-component---newCondition--condBillCond-arrow\"]"}
RESULT: {"using":"xpath","value":"//*[@id=\"application-manageconditionprice-display-component---newCondition--condBillCond-arrow\"]"}
COMMAND: POST /session/ee4ef4c40535e05b41317013d6b0695a/element/f.00329360D5A862BC98A13AE160565CE6.d.D473991A860082981F4077D604865BA1.e.4051/click - {}
RESULT: {}
COMMAND: GET /session/ee4ef4c40535e05b41317013d6b0695a/screenshot - {}
RESULT: {}
COMMAND: POST /session/ee4ef4c40535e05b41317013d6b0695a/element - {"using":"xpath","value":"//li[.//span[contains(text(), \"DISP - D&I special price\")]]"}
RESULT: {"using":"xpath","value":"//li[.//span[contains(text(), \"DISP - D&I special price\")]]"}
COMMAND: POST /session/ee4ef4c40535e05b41317013d6b0695a/element/f.00329360D5A862BC98A13AE160565CE6.d.D473991A860082981F4077D604865BA1.e.4054/click - {}
RESULT: {}
COMMAND: GET /session/ee4ef4c40535e05b41317013d6b0695a/screenshot - {}
RESULT: {}
COMMAND: POST /session/ee4ef4c40535e05b41317013d6b0695a/execute/async - {"script":"<script> [1562 bytes]","args":[{"selector":{"id":"application-manageconditionprice-display-component---newCondition--condValidTo","interaction":{"idSuffix":"inner"}},"wdio_ui5_key":"applicationmanageconditionprice-display-component---newCondition--condValidTo"}]}
RESULT: {"script":"<script> [1562 bytes]","args":[{"selector":{"id":"application-manageconditionprice-display-component---newCondition--condValidTo","interaction":{"idSuffix":"inner"}},"wdio_ui5_key":"applicationmanageconditionprice-display-component---newCondition--condValidTo"}]}
RESULT: undefined
COMMAND: POST /session/ee4ef4c40535e05b41317013d6b0695a/execute/async - {"script":"<script> [776 bytes]","args":[{"enterText":"01/14/26","selector":{"id":"application-manageconditionprice-display-component---newCondition--condValidTo","interaction":{"idSuffix":"inner"}},"clearTextFirst":true,"interactionType":"ENTER_TEXT"}]}
RESULT: {"script":"<script> [776 bytes]","args":[{"enterText":"01/14/26","selector":{"id":"application-manageconditionprice-display-component---newCondition--condValidTo","interaction":{"idSuffix":"inner"}},"clearTextFirst":true,"interactionType":"ENTER_TEXT"}]}
COMMAND: POST /session/ee4ef4c40535e05b41317013d6b0695a/element - {"using":"xpath","value":"//input[@id=\"application-manageconditionprice-display-component---newCondition--condRU-inner\"]"}
RESULT: {"using":"xpath","value":"//input[@id=\"application-manageconditionprice-display-component---newCondition--condRU-inner\"]"}
COMMAND: POST /session/ee4ef4c40535e05b41317013d6b0695a/element/f.00329360D5A862BC98A13AE160565CE6.d.D473991A860082981F4077D604865BA1.e.3887/clear - {}
RESULT: {}
COMMAND: POST /session/ee4ef4c40535e05b41317013d6b0695a/element/f.00329360D5A862BC98A13AE160565CE6.d.D473991A860082981F4077D604865BA1.e.3887/value - {"text":"SOZxvstOXj"}
COMMAND: GET /session/ee4ef4c40535e05b41317013d6b0695a/screenshot - {}
RESULT: {}
RESULT: {"text":"SOZxvstOXj"}
COMMAND: GET /session/ee4ef4c40535e05b41317013d6b0695a/screenshot - {}
RESULT: {}
COMMAND: POST /session/ee4ef4c40535e05b41317013d6b0695a/actions - {"actions":[{"id":"action15","type":"key","parameters":{},"actions":[{"type":"keyDown","value":"î€‡"},{"type":"pause","duration":10},{"type":"keyUp","value":"î€‡"}]}]}
RESULT: {"actions":[{"id":"action15","type":"key","parameters":{},"actions":[{"type":"keyDown","value":"î€‡"},{"type":"pause","duration":10},{"type":"keyUp","value":"î€‡"}]}]}
COMMAND: POST /session/ee4ef4c40535e05b41317013d6b0695a/execute/async - {"script":"<script> [1562 bytes]","args":[{"selector":{"id":"application-manageconditionprice-display-component---newCondition--condBaseQty","interaction":{"idSuffix":"inner"}},"wdio_ui5_key":"applicationmanageconditionprice-display-component---newCondition--condBaseQty"}]}
COMMAND: GET /session/ee4ef4c40535e05b41317013d6b0695a/screenshot - {}
RESULT: {"script":"<script> [1562 bytes]","args":[{"selector":{"id":"application-manageconditionprice-display-component---newCondition--condBaseQty","interaction":{"idSuffix":"inner"}},"wdio_ui5_key":"applicationmanageconditionprice-display-component---newCondition--condBaseQty"}]}
RESULT: undefined
COMMAND: POST /session/ee4ef4c40535e05b41317013d6b0695a/execute/async - {"script":"<script> [776 bytes]","args":[{"enterText":"1","selector":{"id":"application-manageconditionprice-display-component---newCondition--condBaseQty","interaction":{"idSuffix":"inner"}},"clearTextFirst":true,"interactionType":"ENTER_TEXT"}]}
RESULT: {}
RESULT: {"script":"<script> [776 bytes]","args":[{"enterText":"1","selector":{"id":"application-manageconditionprice-display-component---newCondition--condBaseQty","interaction":{"idSuffix":"inner"}},"clearTextFirst":true,"interactionType":"ENTER_TEXT"}]}
COMMAND: POST /session/ee4ef4c40535e05b41317013d6b0695a/execute/async - {"script":"<script> [1562 bytes]","args":[{"selector":{"id":"application-manageconditionprice-display-component---newCondition--condValue","interaction":{"idSuffix":"inner"}},"wdio_ui5_key":"applicationmanageconditionprice-display-component---newCondition--condValue"}]}
RESULT: {"script":"<script> [1562 bytes]","args":[{"selector":{"id":"application-manageconditionprice-display-component---newCondition--condValue","interaction":{"idSuffix":"inner"}},"wdio_ui5_key":"applicationmanageconditionprice-display-component---newCondition--condValue"}]}
RESULT: undefined
COMMAND: POST /session/ee4ef4c40535e05b41317013d6b0695a/execute/async - {"script":"<script> [776 bytes]","args":[{"enterText":"100","selector":{"id":"application-manageconditionprice-display-component---newCondition--condValue","interaction":{"idSuffix":"inner"}},"clearTextFirst":true,"interactionType":"ENTER_TEXT"}]}
RESULT: {"script":"<script> [776 bytes]","args":[{"enterText":"100","selector":{"id":"application-manageconditionprice-display-component---newCondition--condValue","interaction":{"idSuffix":"inner"}},"clearTextFirst":true,"interactionType":"ENTER_TEXT"}]}
COMMAND: POST /session/ee4ef4c40535e05b41317013d6b0695a/execute/async - {"script":"<script> [1562 bytes]","args":[{"selector":{"id":"application-manageconditionprice-display-component---newCondition--condCurr-arrow"},"wdio_ui5_key":"applicationmanageconditionprice-display-component---newCondition--condCurr-arrow"}]}
RESULT: {"script":"<script> [1562 bytes]","args":[{"selector":{"id":"application-manageconditionprice-display-component---newCondition--condCurr-arrow"},"wdio_ui5_key":"applicationmanageconditionprice-display-component---newCondition--condCurr-arrow"}]}
RESULT: undefined
COMMAND: POST /session/ee4ef4c40535e05b41317013d6b0695a/element - {"using":"xpath","value":"//*[@id=\"application-manageconditionprice-display-component---newCondition--condCurr-arrow\"]"}
RESULT: {"using":"xpath","value":"//*[@id=\"application-manageconditionprice-display-component---newCondition--condCurr-arrow\"]"}
COMMAND: POST /session/ee4ef4c40535e05b41317013d6b0695a/element/f.00329360D5A862BC98A13AE160565CE6.d.D473991A860082981F4077D604865BA1.e.4007/click - {}
RESULT: {}
COMMAND: POST /session/ee4ef4c40535e05b41317013d6b0695a/element - {"using":"xpath","value":"//span[contains(text(), \"Euro\")]"}
COMMAND: GET /session/ee4ef4c40535e05b41317013d6b0695a/screenshot - {}
RESULT: {"using":"xpath","value":"//span[contains(text(), \"Euro\")]"}
COMMAND: POST /session/ee4ef4c40535e05b41317013d6b0695a/element/f.00329360D5A862BC98A13AE160565CE6.d.D473991A860082981F4077D604865BA1.e.4091/click - {}
RESULT: {}
RESULT: {}
COMMAND: POST /session/ee4ef4c40535e05b41317013d6b0695a/element - {"using":"xpath","value":"//button[@data-kt=\"saveButton\"]"}
COMMAND: GET /session/ee4ef4c40535e05b41317013d6b0695a/screenshot - {}
RESULT: {"using":"xpath","value":"//button[@data-kt=\"saveButton\"]"}
COMMAND: POST /session/ee4ef4c40535e05b41317013d6b0695a/element/f.00329360D5A862BC98A13AE160565CE6.d.D473991A860082981F4077D604865BA1.e.4008/click - {}
RESULT: {}
RESULT: {}
COMMAND: GET /session/ee4ef4c40535e05b41317013d6b0695a/screenshot - {}
RESULT: {}
COMMAND: POST /session/ee4ef4c40535e05b41317013d6b0695a/execute/async - {"script":"<script> [1562 bytes]","args":[{"selector":{"id":"application-manageconditionprice-display-component---conditions--smartFilterBar-btnBasicSearch","interaction":{"idSuffix":"I"}},"wdio_ui5_key":"applicationmanageconditionprice-display-component---conditions--smartFilterBar-btnBasicSearch"}]}
RESULT: {"script":"<script> [1562 bytes]","args":[{"selector":{"id":"application-manageconditionprice-display-component---conditions--smartFilterBar-btnBasicSearch","interaction":{"idSuffix":"I"}},"wdio_ui5_key":"applicationmanageconditionprice-display-component---conditions--smartFilterBar-btnBasicSearch"}]}
RESULT: undefined
COMMAND: POST /session/ee4ef4c40535e05b41317013d6b0695a/execute/async - {"script":"<script> [776 bytes]","args":[{"enterText":"SOZxvstOXj","selector":{"id":"application-manageconditionprice-display-component---conditions--smartFilterBar-btnBasicSearch","interaction":{"idSuffix":"I"}},"clearTextFirst":true,"interactionType":"ENTER_TEXT"}]}
RESULT: {"script":"<script> [776 bytes]","args":[{"enterText":"SOZxvstOXj","selector":{"id":"application-manageconditionprice-display-component---conditions--smartFilterBar-btnBasicSearch","interaction":{"idSuffix":"I"}},"clearTextFirst":true,"interactionType":"ENTER_TEXT"}]}
COMMAND: POST /session/ee4ef4c40535e05b41317013d6b0695a/actions - {"actions":[{"id":"action16","type":"key","parameters":{},"actions":[{"type":"keyDown","value":"î€‡"},{"type":"pause","duration":10},{"type":"keyUp","value":"î€‡"}]}]}
RESULT: {"actions":[{"id":"action16","type":"key","parameters":{},"actions":[{"type":"keyDown","value":"î€‡"},{"type":"pause","duration":10},{"type":"keyUp","value":"î€‡"}]}]}
COMMAND: GET /session/ee4ef4c40535e05b41317013d6b0695a/screenshot - {}
RESULT: {}
COMMAND: POST /session/ee4ef4c40535e05b41317013d6b0695a/execute/async - {"script":"<script> [1562 bytes]","args":[{"selector":{"id":"application-manageconditionprice-display-component---conditions--smartFilterBar-filterItemControl_BASIC-BILL_TYPES-vhi"},"wdio_ui5_key":"applicationmanageconditionprice-display-component---conditions--smartFilterBar-filterItemControl_BASIC-BILL_TYPES-vhi"}]}
RESULT: {"script":"<script> [1562 bytes]","args":[{"selector":{"id":"application-manageconditionprice-display-component---conditions--smartFilterBar-filterItemControl_BASIC-BILL_TYPES-vhi"},"wdio_ui5_key":"applicationmanageconditionprice-display-component---conditions--smartFilterBar-filterItemControl_BASIC-BILL_TYPES-vhi"}]}
RESULT: undefined
COMMAND: POST /session/ee4ef4c40535e05b41317013d6b0695a/element - {"using":"xpath","value":"//*[@id=\"application-manageconditionprice-display-component---conditions--smartFilterBar-filterItemControl_BASIC-BILL_TYPES-vhi\"]"}
RESULT: {"using":"xpath","value":"//*[@id=\"application-manageconditionprice-display-component---conditions--smartFilterBar-filterItemControl_BASIC-BILL_TYPES-vhi\"]"}
COMMAND: POST /session/ee4ef4c40535e05b41317013d6b0695a/element/f.00329360D5A862BC98A13AE160565CE6.d.D473991A860082981F4077D604865BA1.e.4107/click - {}
RESULT: {}
COMMAND: POST /session/ee4ef4c40535e05b41317013d6b0695a/execute/async - {"script":"<script> [1562 bytes]","args":[{"selector":{"id":"application-manageconditionprice-display-component---conditions--smartFilterBar-filterItemControl_BASIC-BILL_TYPES-valueHelpDialog-smartFilterBar-btnBasicSearch","searchOpenDialogs":true,"interaction":{"idSuffix":"I"}},"wdio_ui5_key":"applicationmanageconditionprice-display-component---conditions--smartFilterBar-filterItemControl_BASIC-BILL_TYPES-valueHelpDialog-smartFilterBar-btnBasicSearch"}]}
COMMAND: GET /session/ee4ef4c40535e05b41317013d6b0695a/screenshot - {}
RESULT: {"script":"<script> [1562 bytes]","args":[{"selector":{"id":"application-manageconditionprice-display-component---conditions--smartFilterBar-filterItemControl_BASIC-BILL_TYPES-valueHelpDialog-smartFilterBar-btnBasicSearch","searchOpenDialogs":true,"interaction":{"idSuffix":"I"}},"wdio_ui5_key":"applicationmanageconditionprice-display-component---conditions--smartFilterBar-filterItemControl_BASIC-BILL_TYPES-valueHelpDialog-smartFilterBar-btnBasicSearch"}]}
RESULT: undefined
COMMAND: POST /session/ee4ef4c40535e05b41317013d6b0695a/execute/async - {"script":"<script> [776 bytes]","args":[{"enterText":"TB","selector":{"id":"application-manageconditionprice-display-component---conditions--smartFilterBar-filterItemControl_BASIC-BILL_TYPES-valueHelpDialog-smartFilterBar-btnBasicSearch","searchOpenDialogs":true,"interaction":{"idSuffix":"I"}},"clearTextFirst":true,"interactionType":"ENTER_TEXT"}]}
RESULT: {}
RESULT: {"script":"<script> [776 bytes]","args":[{"enterText":"TB","selector":{"id":"application-manageconditionprice-display-component---conditions--smartFilterBar-filterItemControl_BASIC-BILL_TYPES-valueHelpDialog-smartFilterBar-btnBasicSearch","searchOpenDialogs":true,"interaction":{"idSuffix":"I"}},"clearTextFirst":true,"interactionType":"ENTER_TEXT"}]}
COMMAND: POST /session/ee4ef4c40535e05b41317013d6b0695a/actions - {"actions":[{"id":"action17","type":"key","parameters":{},"actions":[{"type":"keyDown","value":"î€‡"},{"type":"pause","duration":10},{"type":"keyUp","value":"î€‡"}]}]}
RESULT: {"actions":[{"id":"action17","type":"key","parameters":{},"actions":[{"type":"keyDown","value":"î€‡"},{"type":"pause","duration":10},{"type":"keyUp","value":"î€‡"}]}]}
COMMAND: GET /session/ee4ef4c40535e05b41317013d6b0695a/screenshot - {}
RESULT: {}
COMMAND: POST /session/ee4ef4c40535e05b41317013d6b0695a/element - {"using":"xpath","value":"//div[contains(@id, 'application-manageconditionprice-display-component---conditions--smartFilterBar-filterItemControl_BASIC-BILL_TYPES-valueHelpDialog-table-rowsel0')]"}
RESULT: {"using":"xpath","value":"//div[contains(@id, 'application-manageconditionprice-display-component---conditions--smartFilterBar-filterItemControl_BASIC-BILL_TYPES-valueHelpDialog-table-rowsel0')]"}
COMMAND: POST /session/ee4ef4c40535e05b41317013d6b0695a/element/f.00329360D5A862BC98A13AE160565CE6.d.D473991A860082981F4077D604865BA1.e.4117/click - {}
RESULT: {}
COMMAND: GET /session/ee4ef4c40535e05b41317013d6b0695a/screenshot - {}
RESULT: {}
COMMAND: POST /session/ee4ef4c40535e05b41317013d6b0695a/element - {"using":"xpath","value":"//bdi[contains(text(), \"OK\")]"}
RESULT: {"using":"xpath","value":"//bdi[contains(text(), \"OK\")]"}
COMMAND: POST /session/ee4ef4c40535e05b41317013d6b0695a/element/f.00329360D5A862BC98A13AE160565CE6.d.D473991A860082981F4077D604865BA1.e.4119/click - {}
RESULT: {}
COMMAND: GET /session/ee4ef4c40535e05b41317013d6b0695a/screenshot - {}
RESULT: {}
COMMAND: POST /session/ee4ef4c40535e05b41317013d6b0695a/element - {"using":"xpath","value":"//span[@id=\"application-manageconditionprice-display-component---conditions--smartTable-header-inner\"]"}
RESULT: {"using":"xpath","value":"//span[@id=\"application-manageconditionprice-display-component---conditions--smartTable-header-inner\"]"}
COMMAND: POST /session/ee4ef4c40535e05b41317013d6b0695a/elements - {"using":"xpath","value":"//span[@id=\"application-manageconditionprice-display-component---conditions--smartTable-header-inner\"]"}
RESULT: {"using":"xpath","value":"//span[@id=\"application-manageconditionprice-display-component---conditions--smartTable-header-inner\"]"}
COMMAND: POST /session/ee4ef4c40535e05b41317013d6b0695a/execute/sync - {"script":"<script> [56 bytes]","args":[{"element-6066-11e4-a52e-4f735466cecf":"f.00329360D5A862BC98A13AE160565CE6.d.D473991A860082981F4077D604865BA1.e.4122","ELEMENT":"f.00329360D5A862BC98A13AE160565CE6.d.D473991A860082981F4077D604865BA1.e.4122"}]}
RESULT: {"script":"<script> [56 bytes]","args":[{"element-6066-11e4-a52e-4f735466cecf":"f.00329360D5A862BC98A13AE160565CE6.d.D473991A860082981F4077D604865BA1.e.4122","ELEMENT":"f.00329360D5A862BC98A13AE160565CE6.d.D473991A860082981F4077D604865BA1.e.4122"}]}
COMMAND: POST /session/ee4ef4c40535e05b41317013d6b0695a/element - {"using":"css selector","value":"#shell-header-logo"}
COMMAND: GET /session/ee4ef4c40535e05b41317013d6b0695a/screenshot - {}
RESULT: {"using":"css selector","value":"#shell-header-logo"}
COMMAND: POST /session/ee4ef4c40535e05b41317013d6b0695a/element/f.00329360D5A862BC98A13AE160565CE6.d.D473991A860082981F4077D604865BA1.e.3839/click - {}
RESULT: {}
RESULT: {}
COMMAND: GET /session/ee4ef4c40535e05b41317013d6b0695a/screenshot - {}
RESULT: {}
]]></system-out>
    </testcase>
  </testsuite>
  <testsuite timestamp="2025-05-14T06:24:44" time="1155.541" tests="14" failures="6" errors="6" skipped="0">
    <properties>
      <property name="specId" value="0" />
      <property name="suiteName" value="Create master data for mixed billing &amp; do billing calculation US151661" />
      <property name="capabilities" value="chrome.136_0_7103_49.windows" />
      <property name="file" value="file:///D:/a/1/s/test/specs/BTS/billing-calculation-mixed.spec.js" />
    </properties>
    <testcase classname="chrome.136_0_7103_49.windows.Create_master_data_for_mixed_billing_&amp;_do_billing_calculation_US151661" name="Should create a new yard" time="119.844">
      <system-out><![CDATA[
COMMAND: POST /session/ee4ef4c40535e05b41317013d6b0695a/window/fullscreen - {}
RESULT: {}
COMMAND: POST /session/ee4ef4c40535e05b41317013d6b0695a/execute/async - {"script":"<script> [1562 bytes]","args":[{"selector":{"controlType":"sap.m.GenericTile","properties":{"header":"Manage Yards"}},"wdio_ui5_key":"sapm.GenericTile{\"header\":\"Manage Yards\"}"}]}
RESULT: {"script":"<script> [1562 bytes]","args":[{"selector":{"controlType":"sap.m.GenericTile","properties":{"header":"Manage Yards"}},"wdio_ui5_key":"sapm.GenericTile{\"header\":\"Manage Yards\"}"}]}
RESULT: undefined
COMMAND: POST /session/ee4ef4c40535e05b41317013d6b0695a/element - {"using":"xpath","value":"//*[@id=\"__tile41\"]"}
RESULT: {"using":"xpath","value":"//*[@id=\"__tile41\"]"}
COMMAND: POST /session/ee4ef4c40535e05b41317013d6b0695a/element/f.00329360D5A862BC98A13AE160565CE6.d.9ECF0F2F5698FC5B96CB1175780A91A7.e.4899/click - {}
RESULT: {}
COMMAND: POST /session/ee4ef4c40535e05b41317013d6b0695a/element - {"using":"xpath","value":"//button[@data-kt=\"addNewYardOverflowToolbarButton\"]"}
COMMAND: GET /session/ee4ef4c40535e05b41317013d6b0695a/screenshot - {}
RESULT: {"using":"xpath","value":"//button[@data-kt=\"addNewYardOverflowToolbarButton\"]"}
COMMAND: POST /session/ee4ef4c40535e05b41317013d6b0695a/elements - {"using":"xpath","value":"//button[@data-kt=\"addNewYardOverflowToolbarButton\"]"}
RESULT: {}
RESULT: {"using":"xpath","value":"//button[@data-kt=\"addNewYardOverflowToolbarButton\"]"}
COMMAND: POST /session/ee4ef4c40535e05b41317013d6b0695a/elements - {"using":"xpath","value":"//button[@data-kt=\"addNewYardOverflowToolbarButton\"]"}
RESULT: {"using":"xpath","value":"//button[@data-kt=\"addNewYardOverflowToolbarButton\"]"}
COMMAND: POST /session/ee4ef4c40535e05b41317013d6b0695a/elements - {"using":"xpath","value":"//button[@data-kt=\"addNewYardOverflowToolbarButton\"]"}
RESULT: {"using":"xpath","value":"//button[@data-kt=\"addNewYardOverflowToolbarButton\"]"}
COMMAND: POST /session/ee4ef4c40535e05b41317013d6b0695a/elements - {"using":"xpath","value":"//button[@data-kt=\"addNewYardOverflowToolbarButton\"]"}
RESULT: {"using":"xpath","value":"//button[@data-kt=\"addNewYardOverflowToolbarButton\"]"}
COMMAND: POST /session/ee4ef4c40535e05b41317013d6b0695a/elements - {"using":"xpath","value":"//button[@data-kt=\"addNewYardOverflowToolbarButton\"]"}
RESULT: {"using":"xpath","value":"//button[@data-kt=\"addNewYardOverflowToolbarButton\"]"}
COMMAND: POST /session/ee4ef4c40535e05b41317013d6b0695a/elements - {"using":"xpath","value":"//button[@data-kt=\"addNewYardOverflowToolbarButton\"]"}
RESULT: {"using":"xpath","value":"//button[@data-kt=\"addNewYardOverflowToolbarButton\"]"}
COMMAND: POST /session/ee4ef4c40535e05b41317013d6b0695a/elements - {"using":"xpath","value":"//button[@data-kt=\"addNewYardOverflowToolbarButton\"]"}
RESULT: {"using":"xpath","value":"//button[@data-kt=\"addNewYardOverflowToolbarButton\"]"}
COMMAND: POST /session/ee4ef4c40535e05b41317013d6b0695a/elements - {"using":"xpath","value":"//button[@data-kt=\"addNewYardOverflowToolbarButton\"]"}
RESULT: {"using":"xpath","value":"//button[@data-kt=\"addNewYardOverflowToolbarButton\"]"}
COMMAND: POST /session/ee4ef4c40535e05b41317013d6b0695a/elements - {"using":"xpath","value":"//button[@data-kt=\"addNewYardOverflowToolbarButton\"]"}
RESULT: {"using":"xpath","value":"//button[@data-kt=\"addNewYardOverflowToolbarButton\"]"}
COMMAND: POST /session/ee4ef4c40535e05b41317013d6b0695a/elements - {"using":"xpath","value":"//button[@data-kt=\"addNewYardOverflowToolbarButton\"]"}
RESULT: {"using":"xpath","value":"//button[@data-kt=\"addNewYardOverflowToolbarButton\"]"}
COMMAND: POST /session/ee4ef4c40535e05b41317013d6b0695a/elements - {"using":"xpath","value":"//button[@data-kt=\"addNewYardOverflowToolbarButton\"]"}
RESULT: {"using":"xpath","value":"//button[@data-kt=\"addNewYardOverflowToolbarButton\"]"}
COMMAND: POST /session/ee4ef4c40535e05b41317013d6b0695a/elements - {"using":"xpath","value":"//button[@data-kt=\"addNewYardOverflowToolbarButton\"]"}
RESULT: {"using":"xpath","value":"//button[@data-kt=\"addNewYardOverflowToolbarButton\"]"}
COMMAND: POST /session/ee4ef4c40535e05b41317013d6b0695a/elements - {"using":"xpath","value":"//button[@data-kt=\"addNewYardOverflowToolbarButton\"]"}
RESULT: {"using":"xpath","value":"//button[@data-kt=\"addNewYardOverflowToolbarButton\"]"}
COMMAND: POST /session/ee4ef4c40535e05b41317013d6b0695a/elements - {"using":"xpath","value":"//button[@data-kt=\"addNewYardOverflowToolbarButton\"]"}
RESULT: {"using":"xpath","value":"//button[@data-kt=\"addNewYardOverflowToolbarButton\"]"}
COMMAND: POST /session/ee4ef4c40535e05b41317013d6b0695a/elements - {"using":"xpath","value":"//button[@data-kt=\"addNewYardOverflowToolbarButton\"]"}
RESULT: {"using":"xpath","value":"//button[@data-kt=\"addNewYardOverflowToolbarButton\"]"}
COMMAND: POST /session/ee4ef4c40535e05b41317013d6b0695a/elements - {"using":"xpath","value":"//button[@data-kt=\"addNewYardOverflowToolbarButton\"]"}
RESULT: {"using":"xpath","value":"//button[@data-kt=\"addNewYardOverflowToolbarButton\"]"}
COMMAND: POST /session/ee4ef4c40535e05b41317013d6b0695a/elements - {"using":"xpath","value":"//button[@data-kt=\"addNewYardOverflowToolbarButton\"]"}
RESULT: {"using":"xpath","value":"//button[@data-kt=\"addNewYardOverflowToolbarButton\"]"}
COMMAND: POST /session/ee4ef4c40535e05b41317013d6b0695a/elements - {"using":"xpath","value":"//button[@data-kt=\"addNewYardOverflowToolbarButton\"]"}
RESULT: {"using":"xpath","value":"//button[@data-kt=\"addNewYardOverflowToolbarButton\"]"}
COMMAND: POST /session/ee4ef4c40535e05b41317013d6b0695a/elements - {"using":"xpath","value":"//button[@data-kt=\"addNewYardOverflowToolbarButton\"]"}
RESULT: {"using":"xpath","value":"//button[@data-kt=\"addNewYardOverflowToolbarButton\"]"}
COMMAND: POST /session/ee4ef4c40535e05b41317013d6b0695a/elements - {"using":"xpath","value":"//button[@data-kt=\"addNewYardOverflowToolbarButton\"]"}
RESULT: {"using":"xpath","value":"//button[@data-kt=\"addNewYardOverflowToolbarButton\"]"}
COMMAND: POST /session/ee4ef4c40535e05b41317013d6b0695a/elements - {"using":"xpath","value":"//button[@data-kt=\"addNewYardOverflowToolbarButton\"]"}
RESULT: {"using":"xpath","value":"//button[@data-kt=\"addNewYardOverflowToolbarButton\"]"}
COMMAND: POST /session/ee4ef4c40535e05b41317013d6b0695a/elements - {"using":"xpath","value":"//button[@data-kt=\"addNewYardOverflowToolbarButton\"]"}
RESULT: {"using":"xpath","value":"//button[@data-kt=\"addNewYardOverflowToolbarButton\"]"}
COMMAND: POST /session/ee4ef4c40535e05b41317013d6b0695a/elements - {"using":"xpath","value":"//button[@data-kt=\"addNewYardOverflowToolbarButton\"]"}
RESULT: {"using":"xpath","value":"//button[@data-kt=\"addNewYardOverflowToolbarButton\"]"}
COMMAND: POST /session/ee4ef4c40535e05b41317013d6b0695a/elements - {"using":"xpath","value":"//button[@data-kt=\"addNewYardOverflowToolbarButton\"]"}
RESULT: {"using":"xpath","value":"//button[@data-kt=\"addNewYardOverflowToolbarButton\"]"}
COMMAND: POST /session/ee4ef4c40535e05b41317013d6b0695a/elements - {"using":"xpath","value":"//button[@data-kt=\"addNewYardOverflowToolbarButton\"]"}
RESULT: {"using":"xpath","value":"//button[@data-kt=\"addNewYardOverflowToolbarButton\"]"}
COMMAND: POST /session/ee4ef4c40535e05b41317013d6b0695a/elements - {"using":"xpath","value":"//button[@data-kt=\"addNewYardOverflowToolbarButton\"]"}
RESULT: {"using":"xpath","value":"//button[@data-kt=\"addNewYardOverflowToolbarButton\"]"}
COMMAND: POST /session/ee4ef4c40535e05b41317013d6b0695a/elements - {"using":"xpath","value":"//button[@data-kt=\"addNewYardOverflowToolbarButton\"]"}
RESULT: {"using":"xpath","value":"//button[@data-kt=\"addNewYardOverflowToolbarButton\"]"}
COMMAND: POST /session/ee4ef4c40535e05b41317013d6b0695a/elements - {"using":"xpath","value":"//button[@data-kt=\"addNewYardOverflowToolbarButton\"]"}
RESULT: {"using":"xpath","value":"//button[@data-kt=\"addNewYardOverflowToolbarButton\"]"}
COMMAND: POST /session/ee4ef4c40535e05b41317013d6b0695a/elements - {"using":"xpath","value":"//button[@data-kt=\"addNewYardOverflowToolbarButton\"]"}
RESULT: {"using":"xpath","value":"//button[@data-kt=\"addNewYardOverflowToolbarButton\"]"}
COMMAND: POST /session/ee4ef4c40535e05b41317013d6b0695a/elements - {"using":"xpath","value":"//button[@data-kt=\"addNewYardOverflowToolbarButton\"]"}
RESULT: {"using":"xpath","value":"//button[@data-kt=\"addNewYardOverflowToolbarButton\"]"}
COMMAND: POST /session/ee4ef4c40535e05b41317013d6b0695a/elements - {"using":"xpath","value":"//button[@data-kt=\"addNewYardOverflowToolbarButton\"]"}
RESULT: {"using":"xpath","value":"//button[@data-kt=\"addNewYardOverflowToolbarButton\"]"}
COMMAND: POST /session/ee4ef4c40535e05b41317013d6b0695a/elements - {"using":"xpath","value":"//button[@data-kt=\"addNewYardOverflowToolbarButton\"]"}
RESULT: {"using":"xpath","value":"//button[@data-kt=\"addNewYardOverflowToolbarButton\"]"}
COMMAND: POST /session/ee4ef4c40535e05b41317013d6b0695a/elements - {"using":"xpath","value":"//button[@data-kt=\"addNewYardOverflowToolbarButton\"]"}
RESULT: {"using":"xpath","value":"//button[@data-kt=\"addNewYardOverflowToolbarButton\"]"}
COMMAND: POST /session/ee4ef4c40535e05b41317013d6b0695a/elements - {"using":"xpath","value":"//button[@data-kt=\"addNewYardOverflowToolbarButton\"]"}
RESULT: {"using":"xpath","value":"//button[@data-kt=\"addNewYardOverflowToolbarButton\"]"}
COMMAND: POST /session/ee4ef4c40535e05b41317013d6b0695a/elements - {"using":"xpath","value":"//button[@data-kt=\"addNewYardOverflowToolbarButton\"]"}
RESULT: {"using":"xpath","value":"//button[@data-kt=\"addNewYardOverflowToolbarButton\"]"}
COMMAND: POST /session/ee4ef4c40535e05b41317013d6b0695a/elements - {"using":"xpath","value":"//button[@data-kt=\"addNewYardOverflowToolbarButton\"]"}
RESULT: {"using":"xpath","value":"//button[@data-kt=\"addNewYardOverflowToolbarButton\"]"}
COMMAND: POST /session/ee4ef4c40535e05b41317013d6b0695a/elements - {"using":"xpath","value":"//button[@data-kt=\"addNewYardOverflowToolbarButton\"]"}
RESULT: {"using":"xpath","value":"//button[@data-kt=\"addNewYardOverflowToolbarButton\"]"}
COMMAND: POST /session/ee4ef4c40535e05b41317013d6b0695a/element - {"using":"xpath","value":"//button[@data-kt=\"addNewYardOverflowToolbarButton\"]"}
RESULT: {"using":"xpath","value":"//button[@data-kt=\"addNewYardOverflowToolbarButton\"]"}
COMMAND: POST /session/ee4ef4c40535e05b41317013d6b0695a/execute/sync - {"script":"<script> [8489 bytes]","args":[{"element-6066-11e4-a52e-4f735466cecf":"f.00329360D5A862BC98A13AE160565CE6.d.9ECF0F2F5698FC5B96CB1175780A91A7.e.5035","ELEMENT":"f.00329360D5A862BC98A13AE160565CE6.d.9ECF0F2F5698FC5B96CB1175780A91A7.e.5035"}]}
RESULT: {"script":"<script> [8489 bytes]","args":[{"element-6066-11e4-a52e-4f735466cecf":"f.00329360D5A862BC98A13AE160565CE6.d.9ECF0F2F5698FC5B96CB1175780A91A7.e.5035","ELEMENT":"f.00329360D5A862BC98A13AE160565CE6.d.9ECF0F2F5698FC5B96CB1175780A91A7.e.5035"}]}
COMMAND: GET /session/ee4ef4c40535e05b41317013d6b0695a/element/f.00329360D5A862BC98A13AE160565CE6.d.9ECF0F2F5698FC5B96CB1175780A91A7.e.5035/enabled - {}
COMMAND: GET /session/ee4ef4c40535e05b41317013d6b0695a/screenshot - {}
RESULT: {}
COMMAND: POST /session/ee4ef4c40535e05b41317013d6b0695a/execute/sync - {"script":"<script> [8489 bytes]","args":[{"element-6066-11e4-a52e-4f735466cecf":"f.00329360D5A862BC98A13AE160565CE6.d.9ECF0F2F5698FC5B96CB1175780A91A7.e.5035","ELEMENT":"f.00329360D5A862BC98A13AE160565CE6.d.9ECF0F2F5698FC5B96CB1175780A91A7.e.5035"}]}
COMMAND: GET /session/ee4ef4c40535e05b41317013d6b0695a/screenshot - {}
RESULT: {}
RESULT: {"script":"<script> [8489 bytes]","args":[{"element-6066-11e4-a52e-4f735466cecf":"f.00329360D5A862BC98A13AE160565CE6.d.9ECF0F2F5698FC5B96CB1175780A91A7.e.5035","ELEMENT":"f.00329360D5A862BC98A13AE160565CE6.d.9ECF0F2F5698FC5B96CB1175780A91A7.e.5035"}]}
COMMAND: POST /session/ee4ef4c40535e05b41317013d6b0695a/execute/sync - {"script":"<script> [5351 bytes]","args":[{"element-6066-11e4-a52e-4f735466cecf":"f.00329360D5A862BC98A13AE160565CE6.d.9ECF0F2F5698FC5B96CB1175780A91A7.e.5035","ELEMENT":"f.00329360D5A862BC98A13AE160565CE6.d.9ECF0F2F5698FC5B96CB1175780A91A7.e.5035"}]}
COMMAND: GET /session/ee4ef4c40535e05b41317013d6b0695a/screenshot - {}
RESULT: {}
RESULT: {"script":"<script> [5351 bytes]","args":[{"element-6066-11e4-a52e-4f735466cecf":"f.00329360D5A862BC98A13AE160565CE6.d.9ECF0F2F5698FC5B96CB1175780A91A7.e.5035","ELEMENT":"f.00329360D5A862BC98A13AE160565CE6.d.9ECF0F2F5698FC5B96CB1175780A91A7.e.5035"}]}
COMMAND: POST /session/ee4ef4c40535e05b41317013d6b0695a/element/f.00329360D5A862BC98A13AE160565CE6.d.9ECF0F2F5698FC5B96CB1175780A91A7.e.5035/click - {}
COMMAND: GET /session/ee4ef4c40535e05b41317013d6b0695a/screenshot - {}
RESULT: {}
RESULT: {}
COMMAND: GET /session/ee4ef4c40535e05b41317013d6b0695a/screenshot - {}
RESULT: {}
COMMAND: POST /session/ee4ef4c40535e05b41317013d6b0695a/element - {"using":"xpath","value":"//input[@id=\"application-manageyards-display-component---NewYard--yardId-inner\"]"}
RESULT: {}
RESULT: {"using":"xpath","value":"//input[@id=\"application-manageyards-display-component---NewYard--yardId-inner\"]"}
COMMAND: POST /session/ee4ef4c40535e05b41317013d6b0695a/element - {"using":"xpath","value":"//input[@id=\"application-manageyards-display-component---NewYard--yardId-inner\"]"}
RESULT: {"using":"xpath","value":"//input[@id=\"application-manageyards-display-component---NewYard--yardId-inner\"]"}
COMMAND: POST /session/ee4ef4c40535e05b41317013d6b0695a/execute/async - {"script":"<script> [1562 bytes]","args":[{"selector":{"id":"application-manageyards-display-component---NewYard--addressDetailDetailsName1","interaction":{"idSuffix":"inner"}},"wdio_ui5_key":"applicationmanageyards-display-component---NewYard--addressDetailDetailsName1"}]}
RESULT: {"script":"<script> [1562 bytes]","args":[{"selector":{"id":"application-manageyards-display-component---NewYard--addressDetailDetailsName1","interaction":{"idSuffix":"inner"}},"wdio_ui5_key":"applicationmanageyards-display-component---NewYard--addressDetailDetailsName1"}]}
RESULT: undefined
COMMAND: POST /session/ee4ef4c40535e05b41317013d6b0695a/execute/async - {"script":"<script> [776 bytes]","args":[{"enterText":"Intercompany Yard wdIO","selector":{"id":"application-manageyards-display-component---NewYard--addressDetailDetailsName1","interaction":{"idSuffix":"inner"}},"clearTextFirst":true,"interactionType":"ENTER_TEXT"}]}
RESULT: {"script":"<script> [776 bytes]","args":[{"enterText":"Intercompany Yard wdIO","selector":{"id":"application-manageyards-display-component---NewYard--addressDetailDetailsName1","interaction":{"idSuffix":"inner"}},"clearTextFirst":true,"interactionType":"ENTER_TEXT"}]}
COMMAND: POST /session/ee4ef4c40535e05b41317013d6b0695a/execute/async - {"script":"<script> [1562 bytes]","args":[{"selector":{"id":"application-manageyards-display-component---NewYard--addressDetailDetailsLanguage-arrow"},"wdio_ui5_key":"applicationmanageyards-display-component---NewYard--addressDetailDetailsLanguage-arrow"}]}
RESULT: {"script":"<script> [1562 bytes]","args":[{"selector":{"id":"application-manageyards-display-component---NewYard--addressDetailDetailsLanguage-arrow"},"wdio_ui5_key":"applicationmanageyards-display-component---NewYard--addressDetailDetailsLanguage-arrow"}]}
RESULT: undefined
COMMAND: POST /session/ee4ef4c40535e05b41317013d6b0695a/element - {"using":"xpath","value":"//*[@id=\"application-manageyards-display-component---NewYard--addressDetailDetailsLanguage-arrow\"]"}
RESULT: {"using":"xpath","value":"//*[@id=\"application-manageyards-display-component---NewYard--addressDetailDetailsLanguage-arrow\"]"}
COMMAND: POST /session/ee4ef4c40535e05b41317013d6b0695a/element/f.00329360D5A862BC98A13AE160565CE6.d.9ECF0F2F5698FC5B96CB1175780A91A7.e.5466/click - {}
RESULT: {}
COMMAND: POST /session/ee4ef4c40535e05b41317013d6b0695a/element - {"using":"xpath","value":"//span[contains(text(), \"English\")]"}
COMMAND: GET /session/ee4ef4c40535e05b41317013d6b0695a/screenshot - {}
RESULT: {"using":"xpath","value":"//span[contains(text(), \"English\")]"}
COMMAND: POST /session/ee4ef4c40535e05b41317013d6b0695a/element/f.00329360D5A862BC98A13AE160565CE6.d.9ECF0F2F5698FC5B96CB1175780A91A7.e.5467/click - {}
RESULT: {}
RESULT: {}
COMMAND: POST /session/ee4ef4c40535e05b41317013d6b0695a/execute/async - {"script":"<script> [1562 bytes]","args":[{"selector":{"id":"application-manageyards-display-component---NewYard--addressDetailDetailsCity1","interaction":{"idSuffix":"inner"}},"wdio_ui5_key":"applicationmanageyards-display-component---NewYard--addressDetailDetailsCity1"}]}
COMMAND: GET /session/ee4ef4c40535e05b41317013d6b0695a/screenshot - {}
RESULT: {"script":"<script> [1562 bytes]","args":[{"selector":{"id":"application-manageyards-display-component---NewYard--addressDetailDetailsCity1","interaction":{"idSuffix":"inner"}},"wdio_ui5_key":"applicationmanageyards-display-component---NewYard--addressDetailDetailsCity1"}]}
RESULT: undefined
COMMAND: POST /session/ee4ef4c40535e05b41317013d6b0695a/execute/async - {"script":"<script> [776 bytes]","args":[{"enterText":"Rosario","selector":{"id":"application-manageyards-display-component---NewYard--addressDetailDetailsCity1","interaction":{"idSuffix":"inner"}},"clearTextFirst":true,"interactionType":"ENTER_TEXT"}]}
RESULT: {}
RESULT: {"script":"<script> [776 bytes]","args":[{"enterText":"Rosario","selector":{"id":"application-manageyards-display-component---NewYard--addressDetailDetailsCity1","interaction":{"idSuffix":"inner"}},"clearTextFirst":true,"interactionType":"ENTER_TEXT"}]}
COMMAND: POST /session/ee4ef4c40535e05b41317013d6b0695a/execute/async - {"script":"<script> [1562 bytes]","args":[{"selector":{"id":"application-manageyards-display-component---NewYard--addressDetailDetailsCountry-arrow"},"wdio_ui5_key":"applicationmanageyards-display-component---NewYard--addressDetailDetailsCountry-arrow"}]}
RESULT: {"script":"<script> [1562 bytes]","args":[{"selector":{"id":"application-manageyards-display-component---NewYard--addressDetailDetailsCountry-arrow"},"wdio_ui5_key":"applicationmanageyards-display-component---NewYard--addressDetailDetailsCountry-arrow"}]}
RESULT: undefined
COMMAND: POST /session/ee4ef4c40535e05b41317013d6b0695a/element - {"using":"xpath","value":"//*[@id=\"application-manageyards-display-component---NewYard--addressDetailDetailsCountry-arrow\"]"}
RESULT: {"using":"xpath","value":"//*[@id=\"application-manageyards-display-component---NewYard--addressDetailDetailsCountry-arrow\"]"}
COMMAND: POST /session/ee4ef4c40535e05b41317013d6b0695a/element/f.00329360D5A862BC98A13AE160565CE6.d.9ECF0F2F5698FC5B96CB1175780A91A7.e.5469/click - {}
RESULT: {}
COMMAND: POST /session/ee4ef4c40535e05b41317013d6b0695a/element - {"using":"xpath","value":"//span[contains(text(), \"Argentina\")]"}
COMMAND: GET /session/ee4ef4c40535e05b41317013d6b0695a/screenshot - {}
RESULT: {"using":"xpath","value":"//span[contains(text(), \"Argentina\")]"}
COMMAND: POST /session/ee4ef4c40535e05b41317013d6b0695a/element/f.00329360D5A862BC98A13AE160565CE6.d.9ECF0F2F5698FC5B96CB1175780A91A7.e.5471/click - {}
RESULT: {}
RESULT: {}
COMMAND: POST /session/ee4ef4c40535e05b41317013d6b0695a/execute/async - {"script":"<script> [1562 bytes]","args":[{"selector":{"id":"application-manageyards-display-component---NewYard--addressEditDetailsCostObjectCstType-arrow"},"wdio_ui5_key":"applicationmanageyards-display-component---NewYard--addressEditDetailsCostObjectCstType-arrow"}]}
COMMAND: GET /session/ee4ef4c40535e05b41317013d6b0695a/screenshot - {}
RESULT: {"script":"<script> [1562 bytes]","args":[{"selector":{"id":"application-manageyards-display-component---NewYard--addressEditDetailsCostObjectCstType-arrow"},"wdio_ui5_key":"applicationmanageyards-display-component---NewYard--addressEditDetailsCostObjectCstType-arrow"}]}
RESULT: undefined
COMMAND: POST /session/ee4ef4c40535e05b41317013d6b0695a/element - {"using":"xpath","value":"//*[@id=\"application-manageyards-display-component---NewYard--addressEditDetailsCostObjectCstType-arrow\"]"}
RESULT: {}
RESULT: {"using":"xpath","value":"//*[@id=\"application-manageyards-display-component---NewYard--addressEditDetailsCostObjectCstType-arrow\"]"}
COMMAND: POST /session/ee4ef4c40535e05b41317013d6b0695a/element/f.00329360D5A862BC98A13AE160565CE6.d.9ECF0F2F5698FC5B96CB1175780A91A7.e.5472/click - {}
RESULT: {}
COMMAND: POST /session/ee4ef4c40535e05b41317013d6b0695a/element - {"using":"xpath","value":"//span[contains(text(), \"Cost Center\")]"}
COMMAND: GET /session/ee4ef4c40535e05b41317013d6b0695a/screenshot - {}
RESULT: {"using":"xpath","value":"//span[contains(text(), \"Cost Center\")]"}
COMMAND: POST /session/ee4ef4c40535e05b41317013d6b0695a/element/f.00329360D5A862BC98A13AE160565CE6.d.9ECF0F2F5698FC5B96CB1175780A91A7.e.5473/click - {}
RESULT: {}
RESULT: {}
COMMAND: GET /session/ee4ef4c40535e05b41317013d6b0695a/screenshot - {}
RESULT: {}
COMMAND: POST /session/ee4ef4c40535e05b41317013d6b0695a/element - {"using":"xpath","value":"//span[@id=\"application-manageyards-display-component---NewYard--addressNewCostObjectCstID-vhi\"]"}
RESULT: {"using":"xpath","value":"//span[@id=\"application-manageyards-display-component---NewYard--addressNewCostObjectCstID-vhi\"]"}
COMMAND: POST /session/ee4ef4c40535e05b41317013d6b0695a/execute/sync - {"script":"<script> [8489 bytes]","args":[{"element-6066-11e4-a52e-4f735466cecf":"f.00329360D5A862BC98A13AE160565CE6.d.9ECF0F2F5698FC5B96CB1175780A91A7.e.5477","ELEMENT":"f.00329360D5A862BC98A13AE160565CE6.d.9ECF0F2F5698FC5B96CB1175780A91A7.e.5477"}]}
RESULT: {"script":"<script> [8489 bytes]","args":[{"element-6066-11e4-a52e-4f735466cecf":"f.00329360D5A862BC98A13AE160565CE6.d.9ECF0F2F5698FC5B96CB1175780A91A7.e.5477","ELEMENT":"f.00329360D5A862BC98A13AE160565CE6.d.9ECF0F2F5698FC5B96CB1175780A91A7.e.5477"}]}
COMMAND: POST /session/ee4ef4c40535e05b41317013d6b0695a/execute/async - {"script":"<script> [1562 bytes]","args":[{"selector":{"id":"application-manageyards-display-component---NewYard--addressNewCostObjectCstID-vhi"},"wdio_ui5_key":"applicationmanageyards-display-component---NewYard--addressNewCostObjectCstID-vhi"}]}
COMMAND: GET /session/ee4ef4c40535e05b41317013d6b0695a/screenshot - {}
RESULT: {"script":"<script> [1562 bytes]","args":[{"selector":{"id":"application-manageyards-display-component---NewYard--addressNewCostObjectCstID-vhi"},"wdio_ui5_key":"applicationmanageyards-display-component---NewYard--addressNewCostObjectCstID-vhi"}]}
RESULT: undefined
COMMAND: POST /session/ee4ef4c40535e05b41317013d6b0695a/element - {"using":"xpath","value":"//*[@id=\"application-manageyards-display-component---NewYard--addressNewCostObjectCstID-vhi\"]"}
RESULT: {}
RESULT: {"using":"xpath","value":"//*[@id=\"application-manageyards-display-component---NewYard--addressNewCostObjectCstID-vhi\"]"}
COMMAND: POST /session/ee4ef4c40535e05b41317013d6b0695a/element/f.00329360D5A862BC98A13AE160565CE6.d.9ECF0F2F5698FC5B96CB1175780A91A7.e.5477/click - {}
RESULT: {}
COMMAND: GET /session/ee4ef4c40535e05b41317013d6b0695a/screenshot - {}
RESULT: {}
COMMAND: POST /session/ee4ef4c40535e05b41317013d6b0695a/execute/async - {"script":"<script> [1562 bytes]","args":[{"selector":{"controlType":"sap.m.SearchField","properties":{"placeholder":"Search"},"searchOpenDialogs":true,"interaction":{"idSuffix":"I"}},"wdio_ui5_key":"sapm.SearchField{\"placeholder\":\"Search\"}"}]}
RESULT: {"script":"<script> [1562 bytes]","args":[{"selector":{"controlType":"sap.m.SearchField","properties":{"placeholder":"Search"},"searchOpenDialogs":true,"interaction":{"idSuffix":"I"}},"wdio_ui5_key":"sapm.SearchField{\"placeholder\":\"Search\"}"}]}
RESULT: undefined
COMMAND: POST /session/ee4ef4c40535e05b41317013d6b0695a/execute/async - {"script":"<script> [776 bytes]","args":[{"enterText":"10001013","selector":{"controlType":"sap.m.SearchField","properties":{"placeholder":"Search"},"searchOpenDialogs":true,"interaction":{"idSuffix":"I"}},"clearTextFirst":true,"interactionType":"ENTER_TEXT"}]}
RESULT: {"script":"<script> [776 bytes]","args":[{"enterText":"10001013","selector":{"controlType":"sap.m.SearchField","properties":{"placeholder":"Search"},"searchOpenDialogs":true,"interaction":{"idSuffix":"I"}},"clearTextFirst":true,"interactionType":"ENTER_TEXT"}]}
COMMAND: POST /session/ee4ef4c40535e05b41317013d6b0695a/actions - {"actions":[{"id":"action20","type":"key","parameters":{},"actions":[{"type":"keyDown","value":"î€‡"},{"type":"pause","duration":10},{"type":"keyUp","value":"î€‡"}]}]}
RESULT: {"actions":[{"id":"action20","type":"key","parameters":{},"actions":[{"type":"keyDown","value":"î€‡"},{"type":"pause","duration":10},{"type":"keyUp","value":"î€‡"}]}]}
COMMAND: GET /session/ee4ef4c40535e05b41317013d6b0695a/screenshot - {}
RESULT: {}
COMMAND: POST /session/ee4ef4c40535e05b41317013d6b0695a/element - {"using":"xpath","value":"//span[contains(text(), \"General Management\")]"}
RESULT: {"using":"xpath","value":"//span[contains(text(), \"General Management\")]"}
COMMAND: POST /session/ee4ef4c40535e05b41317013d6b0695a/element/f.00329360D5A862BC98A13AE160565CE6.d.9ECF0F2F5698FC5B96CB1175780A91A7.e.5517/click - {}
RESULT: {}
COMMAND: GET /session/ee4ef4c40535e05b41317013d6b0695a/screenshot - {}
RESULT: {}
COMMAND: POST /session/ee4ef4c40535e05b41317013d6b0695a/element - {"using":"xpath","value":"//bdi[contains(text(), \"OK\")]"}
RESULT: {"using":"xpath","value":"//bdi[contains(text(), \"OK\")]"}
COMMAND: POST /session/ee4ef4c40535e05b41317013d6b0695a/element/f.00329360D5A862BC98A13AE160565CE6.d.9ECF0F2F5698FC5B96CB1175780A91A7.e.5518/click - {}
RESULT: {}
COMMAND: GET /session/ee4ef4c40535e05b41317013d6b0695a/screenshot - {}
RESULT: {}
COMMAND: POST /session/ee4ef4c40535e05b41317013d6b0695a/execute/async - {"script":"<script> [1562 bytes]","args":[{"selector":{"id":"application-manageyards-display-component---NewYard--addressEditDetailsCurrency-arrow"},"wdio_ui5_key":"applicationmanageyards-display-component---NewYard--addressEditDetailsCurrency-arrow"}]}
RESULT: {"script":"<script> [1562 bytes]","args":[{"selector":{"id":"application-manageyards-display-component---NewYard--addressEditDetailsCurrency-arrow"},"wdio_ui5_key":"applicationmanageyards-display-component---NewYard--addressEditDetailsCurrency-arrow"}]}
RESULT: undefined
COMMAND: POST /session/ee4ef4c40535e05b41317013d6b0695a/element - {"using":"xpath","value":"//*[@id=\"application-manageyards-display-component---NewYard--addressEditDetailsCurrency-arrow\"]"}
RESULT: {"using":"xpath","value":"//*[@id=\"application-manageyards-display-component---NewYard--addressEditDetailsCurrency-arrow\"]"}
COMMAND: POST /session/ee4ef4c40535e05b41317013d6b0695a/element/f.00329360D5A862BC98A13AE160565CE6.d.9ECF0F2F5698FC5B96CB1175780A91A7.e.5521/click - {}
RESULT: {}
COMMAND: POST /session/ee4ef4c40535e05b41317013d6b0695a/element - {"using":"xpath","value":"//span[contains(text(), \"Euro\")]"}
COMMAND: GET /session/ee4ef4c40535e05b41317013d6b0695a/screenshot - {}
RESULT: {"using":"xpath","value":"//span[contains(text(), \"Euro\")]"}
COMMAND: POST /session/ee4ef4c40535e05b41317013d6b0695a/element/f.00329360D5A862BC98A13AE160565CE6.d.9ECF0F2F5698FC5B96CB1175780A91A7.e.5522/click - {}
RESULT: {}
RESULT: {}
COMMAND: POST /session/ee4ef4c40535e05b41317013d6b0695a/execute/async - {"script":"<script> [1562 bytes]","args":[{"selector":{"controlType":"sap.m.Input","viewName":"etm.portal.ui.manageyards.view.New","viewId":"application-manageyards-display-component---NewYard","bindingPath":{"path":"","propertyPath":"/CONTROLLING_AREA","modelName":"NewYardModel"},"interaction":{"idSuffix":"inner"}},"wdio_ui5_key":"etmportal.ui.manageyards.view.Newsap.m.Input{\"path\":\"\",\"propertyPath\":\"/CONTROLLING_AREA\",\"modelName\":\"NewYardModel\"}"}]}
COMMAND: GET /session/ee4ef4c40535e05b41317013d6b0695a/screenshot - {}
RESULT: {"script":"<script> [1562 bytes]","args":[{"selector":{"controlType":"sap.m.Input","viewName":"etm.portal.ui.manageyards.view.New","viewId":"application-manageyards-display-component---NewYard","bindingPath":{"path":"","propertyPath":"/CONTROLLING_AREA","modelName":"NewYardModel"},"interaction":{"idSuffix":"inner"}},"wdio_ui5_key":"etmportal.ui.manageyards.view.Newsap.m.Input{\"path\":\"\",\"propertyPath\":\"/CONTROLLING_AREA\",\"modelName\":\"NewYardModel\"}"}]}
RESULT: undefined
COMMAND: POST /session/ee4ef4c40535e05b41317013d6b0695a/execute/async - {"script":"<script> [776 bytes]","args":[{"enterText":"Z001","selector":{"controlType":"sap.m.Input","viewName":"etm.portal.ui.manageyards.view.New","viewId":"application-manageyards-display-component---NewYard","bindingPath":{"path":"","propertyPath":"/CONTROLLING_AREA","modelName":"NewYardModel"},"interaction":{"idSuffix":"inner"}},"clearTextFirst":true,"interactionType":"ENTER_TEXT"}]}
RESULT: {}
RESULT: {"script":"<script> [776 bytes]","args":[{"enterText":"Z001","selector":{"controlType":"sap.m.Input","viewName":"etm.portal.ui.manageyards.view.New","viewId":"application-manageyards-display-component---NewYard","bindingPath":{"path":"","propertyPath":"/CONTROLLING_AREA","modelName":"NewYardModel"},"interaction":{"idSuffix":"inner"}},"clearTextFirst":true,"interactionType":"ENTER_TEXT"}]}
COMMAND: POST /session/ee4ef4c40535e05b41317013d6b0695a/execute/async - {"script":"<script> [1562 bytes]","args":[{"selector":{"id":"application-manageyards-display-component---NewYard--companyCodeComboBox","interaction":{"idSuffix":"inner"}},"wdio_ui5_key":"applicationmanageyards-display-component---NewYard--companyCodeComboBox"}]}
RESULT: {"script":"<script> [1562 bytes]","args":[{"selector":{"id":"application-manageyards-display-component---NewYard--companyCodeComboBox","interaction":{"idSuffix":"inner"}},"wdio_ui5_key":"applicationmanageyards-display-component---NewYard--companyCodeComboBox"}]}
RESULT: undefined
COMMAND: POST /session/ee4ef4c40535e05b41317013d6b0695a/execute/async - {"script":"<script> [776 bytes]","args":[{"enterText":"1000","selector":{"id":"application-manageyards-display-component---NewYard--companyCodeComboBox","interaction":{"idSuffix":"inner"}},"clearTextFirst":true,"interactionType":"ENTER_TEXT"}]}
RESULT: {"script":"<script> [776 bytes]","args":[{"enterText":"1000","selector":{"id":"application-manageyards-display-component---NewYard--companyCodeComboBox","interaction":{"idSuffix":"inner"}},"clearTextFirst":true,"interactionType":"ENTER_TEXT"}]}
COMMAND: POST /session/ee4ef4c40535e05b41317013d6b0695a/execute/async - {"script":"<script> [1562 bytes]","args":[{"selector":{"controlType":"sap.m.Input","viewName":"etm.portal.ui.manageyards.view.New","viewId":"application-manageyards-display-component---NewYard","bindingPath":{"path":"","propertyPath":"/PLANT","modelName":"NewYardModel"},"interaction":{"idSuffix":"inner"}},"wdio_ui5_key":"etmportal.ui.manageyards.view.Newsap.m.Input{\"path\":\"\",\"propertyPath\":\"/PLANT\",\"modelName\":\"NewYardModel\"}"}]}
RESULT: {"script":"<script> [1562 bytes]","args":[{"selector":{"controlType":"sap.m.Input","viewName":"etm.portal.ui.manageyards.view.New","viewId":"application-manageyards-display-component---NewYard","bindingPath":{"path":"","propertyPath":"/PLANT","modelName":"NewYardModel"},"interaction":{"idSuffix":"inner"}},"wdio_ui5_key":"etmportal.ui.manageyards.view.Newsap.m.Input{\"path\":\"\",\"propertyPath\":\"/PLANT\",\"modelName\":\"NewYardModel\"}"}]}
RESULT: undefined
COMMAND: POST /session/ee4ef4c40535e05b41317013d6b0695a/execute/async - {"script":"<script> [776 bytes]","args":[{"enterText":"1001","selector":{"controlType":"sap.m.Input","viewName":"etm.portal.ui.manageyards.view.New","viewId":"application-manageyards-display-component---NewYard","bindingPath":{"path":"","propertyPath":"/PLANT","modelName":"NewYardModel"},"interaction":{"idSuffix":"inner"}},"clearTextFirst":true,"interactionType":"ENTER_TEXT"}]}
RESULT: {"script":"<script> [776 bytes]","args":[{"enterText":"1001","selector":{"controlType":"sap.m.Input","viewName":"etm.portal.ui.manageyards.view.New","viewId":"application-manageyards-display-component---NewYard","bindingPath":{"path":"","propertyPath":"/PLANT","modelName":"NewYardModel"},"interaction":{"idSuffix":"inner"}},"clearTextFirst":true,"interactionType":"ENTER_TEXT"}]}
COMMAND: POST /session/ee4ef4c40535e05b41317013d6b0695a/execute/async - {"script":"<script> [1562 bytes]","args":[{"selector":{"controlType":"sap.m.Input","viewName":"etm.portal.ui.manageyards.view.New","viewId":"application-manageyards-display-component---NewYard","bindingPath":{"path":"","propertyPath":"/SALES_AREA_VKORG","modelName":"NewYardModel"},"interaction":{"idSuffix":"inner"}},"wdio_ui5_key":"etmportal.ui.manageyards.view.Newsap.m.Input{\"path\":\"\",\"propertyPath\":\"/SALES_AREA_VKORG\",\"modelName\":\"NewYardModel\"}"}]}
RESULT: {"script":"<script> [1562 bytes]","args":[{"selector":{"controlType":"sap.m.Input","viewName":"etm.portal.ui.manageyards.view.New","viewId":"application-manageyards-display-component---NewYard","bindingPath":{"path":"","propertyPath":"/SALES_AREA_VKORG","modelName":"NewYardModel"},"interaction":{"idSuffix":"inner"}},"wdio_ui5_key":"etmportal.ui.manageyards.view.Newsap.m.Input{\"path\":\"\",\"propertyPath\":\"/SALES_AREA_VKORG\",\"modelName\":\"NewYardModel\"}"}]}
RESULT: undefined
COMMAND: POST /session/ee4ef4c40535e05b41317013d6b0695a/execute/async - {"script":"<script> [776 bytes]","args":[{"enterText":"C002","selector":{"controlType":"sap.m.Input","viewName":"etm.portal.ui.manageyards.view.New","viewId":"application-manageyards-display-component---NewYard","bindingPath":{"path":"","propertyPath":"/SALES_AREA_VKORG","modelName":"NewYardModel"},"interaction":{"idSuffix":"inner"}},"clearTextFirst":true,"interactionType":"ENTER_TEXT"}]}
RESULT: {"script":"<script> [776 bytes]","args":[{"enterText":"C002","selector":{"controlType":"sap.m.Input","viewName":"etm.portal.ui.manageyards.view.New","viewId":"application-manageyards-display-component---NewYard","bindingPath":{"path":"","propertyPath":"/SALES_AREA_VKORG","modelName":"NewYardModel"},"interaction":{"idSuffix":"inner"}},"clearTextFirst":true,"interactionType":"ENTER_TEXT"}]}
COMMAND: POST /session/ee4ef4c40535e05b41317013d6b0695a/execute/async - {"script":"<script> [1562 bytes]","args":[{"selector":{"controlType":"sap.m.Input","viewName":"etm.portal.ui.manageyards.view.New","viewId":"application-manageyards-display-component---NewYard","bindingPath":{"path":"","propertyPath":"/SALES_AREA_VTWEG","modelName":"NewYardModel"},"interaction":{"idSuffix":"inner"}},"wdio_ui5_key":"etmportal.ui.manageyards.view.Newsap.m.Input{\"path\":\"\",\"propertyPath\":\"/SALES_AREA_VTWEG\",\"modelName\":\"NewYardModel\"}"}]}
RESULT: {"script":"<script> [1562 bytes]","args":[{"selector":{"controlType":"sap.m.Input","viewName":"etm.portal.ui.manageyards.view.New","viewId":"application-manageyards-display-component---NewYard","bindingPath":{"path":"","propertyPath":"/SALES_AREA_VTWEG","modelName":"NewYardModel"},"interaction":{"idSuffix":"inner"}},"wdio_ui5_key":"etmportal.ui.manageyards.view.Newsap.m.Input{\"path\":\"\",\"propertyPath\":\"/SALES_AREA_VTWEG\",\"modelName\":\"NewYardModel\"}"}]}
RESULT: undefined
COMMAND: POST /session/ee4ef4c40535e05b41317013d6b0695a/execute/async - {"script":"<script> [776 bytes]","args":[{"enterText":"C2","selector":{"controlType":"sap.m.Input","viewName":"etm.portal.ui.manageyards.view.New","viewId":"application-manageyards-display-component---NewYard","bindingPath":{"path":"","propertyPath":"/SALES_AREA_VTWEG","modelName":"NewYardModel"},"interaction":{"idSuffix":"inner"}},"clearTextFirst":true,"interactionType":"ENTER_TEXT"}]}
RESULT: {"script":"<script> [776 bytes]","args":[{"enterText":"C2","selector":{"controlType":"sap.m.Input","viewName":"etm.portal.ui.manageyards.view.New","viewId":"application-manageyards-display-component---NewYard","bindingPath":{"path":"","propertyPath":"/SALES_AREA_VTWEG","modelName":"NewYardModel"},"interaction":{"idSuffix":"inner"}},"clearTextFirst":true,"interactionType":"ENTER_TEXT"}]}
COMMAND: POST /session/ee4ef4c40535e05b41317013d6b0695a/execute/async - {"script":"<script> [1562 bytes]","args":[{"selector":{"controlType":"sap.m.Input","viewName":"etm.portal.ui.manageyards.view.New","viewId":"application-manageyards-display-component---NewYard","bindingPath":{"path":"","propertyPath":"/SALES_AREA_SPART","modelName":"NewYardModel"},"interaction":{"idSuffix":"inner"}},"wdio_ui5_key":"etmportal.ui.manageyards.view.Newsap.m.Input{\"path\":\"\",\"propertyPath\":\"/SALES_AREA_SPART\",\"modelName\":\"NewYardModel\"}"}]}
RESULT: {"script":"<script> [1562 bytes]","args":[{"selector":{"controlType":"sap.m.Input","viewName":"etm.portal.ui.manageyards.view.New","viewId":"application-manageyards-display-component---NewYard","bindingPath":{"path":"","propertyPath":"/SALES_AREA_SPART","modelName":"NewYardModel"},"interaction":{"idSuffix":"inner"}},"wdio_ui5_key":"etmportal.ui.manageyards.view.Newsap.m.Input{\"path\":\"\",\"propertyPath\":\"/SALES_AREA_SPART\",\"modelName\":\"NewYardModel\"}"}]}
RESULT: undefined
COMMAND: POST /session/ee4ef4c40535e05b41317013d6b0695a/execute/async - {"script":"<script> [776 bytes]","args":[{"enterText":"C2","selector":{"controlType":"sap.m.Input","viewName":"etm.portal.ui.manageyards.view.New","viewId":"application-manageyards-display-component---NewYard","bindingPath":{"path":"","propertyPath":"/SALES_AREA_SPART","modelName":"NewYardModel"},"interaction":{"idSuffix":"inner"}},"clearTextFirst":true,"interactionType":"ENTER_TEXT"}]}
RESULT: {"script":"<script> [776 bytes]","args":[{"enterText":"C2","selector":{"controlType":"sap.m.Input","viewName":"etm.portal.ui.manageyards.view.New","viewId":"application-manageyards-display-component---NewYard","bindingPath":{"path":"","propertyPath":"/SALES_AREA_SPART","modelName":"NewYardModel"},"interaction":{"idSuffix":"inner"}},"clearTextFirst":true,"interactionType":"ENTER_TEXT"}]}
COMMAND: POST /session/ee4ef4c40535e05b41317013d6b0695a/execute/async - {"script":"<script> [1562 bytes]","args":[{"selector":{"controlType":"sap.m.Input","viewName":"etm.portal.ui.manageyards.view.New","viewId":"application-manageyards-display-component---NewYard","bindingPath":{"path":"","propertyPath":"/SHIP_POINT","modelName":"NewYardModel"},"interaction":{"idSuffix":"inner"}},"wdio_ui5_key":"etmportal.ui.manageyards.view.Newsap.m.Input{\"path\":\"\",\"propertyPath\":\"/SHIP_POINT\",\"modelName\":\"NewYardModel\"}"}]}
RESULT: {"script":"<script> [1562 bytes]","args":[{"selector":{"controlType":"sap.m.Input","viewName":"etm.portal.ui.manageyards.view.New","viewId":"application-manageyards-display-component---NewYard","bindingPath":{"path":"","propertyPath":"/SHIP_POINT","modelName":"NewYardModel"},"interaction":{"idSuffix":"inner"}},"wdio_ui5_key":"etmportal.ui.manageyards.view.Newsap.m.Input{\"path\":\"\",\"propertyPath\":\"/SHIP_POINT\",\"modelName\":\"NewYardModel\"}"}]}
RESULT: undefined
COMMAND: POST /session/ee4ef4c40535e05b41317013d6b0695a/execute/async - {"script":"<script> [776 bytes]","args":[{"enterText":"1710","selector":{"controlType":"sap.m.Input","viewName":"etm.portal.ui.manageyards.view.New","viewId":"application-manageyards-display-component---NewYard","bindingPath":{"path":"","propertyPath":"/SHIP_POINT","modelName":"NewYardModel"},"interaction":{"idSuffix":"inner"}},"clearTextFirst":true,"interactionType":"ENTER_TEXT"}]}
RESULT: {"script":"<script> [776 bytes]","args":[{"enterText":"1710","selector":{"controlType":"sap.m.Input","viewName":"etm.portal.ui.manageyards.view.New","viewId":"application-manageyards-display-component---NewYard","bindingPath":{"path":"","propertyPath":"/SHIP_POINT","modelName":"NewYardModel"},"interaction":{"idSuffix":"inner"}},"clearTextFirst":true,"interactionType":"ENTER_TEXT"}]}
COMMAND: POST /session/ee4ef4c40535e05b41317013d6b0695a/execute/async - {"script":"<script> [1562 bytes]","args":[{"selector":{"controlType":"sap.m.Input","viewName":"etm.portal.ui.manageyards.view.New","viewId":"application-manageyards-display-component---NewYard","bindingPath":{"path":"","propertyPath":"/DELIVERY_TYPE","modelName":"NewYardModel"},"interaction":{"idSuffix":"inner"}},"wdio_ui5_key":"etmportal.ui.manageyards.view.Newsap.m.Input{\"path\":\"\",\"propertyPath\":\"/DELIVERY_TYPE\",\"modelName\":\"NewYardModel\"}"}]}
RESULT: {"script":"<script> [1562 bytes]","args":[{"selector":{"controlType":"sap.m.Input","viewName":"etm.portal.ui.manageyards.view.New","viewId":"application-manageyards-display-component---NewYard","bindingPath":{"path":"","propertyPath":"/DELIVERY_TYPE","modelName":"NewYardModel"},"interaction":{"idSuffix":"inner"}},"wdio_ui5_key":"etmportal.ui.manageyards.view.Newsap.m.Input{\"path\":\"\",\"propertyPath\":\"/DELIVERY_TYPE\",\"modelName\":\"NewYardModel\"}"}]}
RESULT: undefined
COMMAND: POST /session/ee4ef4c40535e05b41317013d6b0695a/execute/async - {"script":"<script> [776 bytes]","args":[{"enterText":"ZL01","selector":{"controlType":"sap.m.Input","viewName":"etm.portal.ui.manageyards.view.New","viewId":"application-manageyards-display-component---NewYard","bindingPath":{"path":"","propertyPath":"/DELIVERY_TYPE","modelName":"NewYardModel"},"interaction":{"idSuffix":"inner"}},"clearTextFirst":true,"interactionType":"ENTER_TEXT"}]}
RESULT: {"script":"<script> [776 bytes]","args":[{"enterText":"ZL01","selector":{"controlType":"sap.m.Input","viewName":"etm.portal.ui.manageyards.view.New","viewId":"application-manageyards-display-component---NewYard","bindingPath":{"path":"","propertyPath":"/DELIVERY_TYPE","modelName":"NewYardModel"},"interaction":{"idSuffix":"inner"}},"clearTextFirst":true,"interactionType":"ENTER_TEXT"}]}
COMMAND: POST /session/ee4ef4c40535e05b41317013d6b0695a/execute/async - {"script":"<script> [1562 bytes]","args":[{"selector":{"controlType":"sap.m.Input","viewName":"etm.portal.ui.manageyards.view.New","viewId":"application-manageyards-display-component---NewYard","bindingPath":{"path":"","propertyPath":"/AUART","modelName":"NewYardModel"},"interaction":{"idSuffix":"inner"}},"wdio_ui5_key":"etmportal.ui.manageyards.view.Newsap.m.Input{\"path\":\"\",\"propertyPath\":\"/AUART\",\"modelName\":\"NewYardModel\"}"}]}
RESULT: {"script":"<script> [1562 bytes]","args":[{"selector":{"controlType":"sap.m.Input","viewName":"etm.portal.ui.manageyards.view.New","viewId":"application-manageyards-display-component---NewYard","bindingPath":{"path":"","propertyPath":"/AUART","modelName":"NewYardModel"},"interaction":{"idSuffix":"inner"}},"wdio_ui5_key":"etmportal.ui.manageyards.view.Newsap.m.Input{\"path\":\"\",\"propertyPath\":\"/AUART\",\"modelName\":\"NewYardModel\"}"}]}
RESULT: undefined
COMMAND: POST /session/ee4ef4c40535e05b41317013d6b0695a/execute/async - {"script":"<script> [776 bytes]","args":[{"enterText":"TA","selector":{"controlType":"sap.m.Input","viewName":"etm.portal.ui.manageyards.view.New","viewId":"application-manageyards-display-component---NewYard","bindingPath":{"path":"","propertyPath":"/AUART","modelName":"NewYardModel"},"interaction":{"idSuffix":"inner"}},"clearTextFirst":true,"interactionType":"ENTER_TEXT"}]}
RESULT: {"script":"<script> [776 bytes]","args":[{"enterText":"TA","selector":{"controlType":"sap.m.Input","viewName":"etm.portal.ui.manageyards.view.New","viewId":"application-manageyards-display-component---NewYard","bindingPath":{"path":"","propertyPath":"/AUART","modelName":"NewYardModel"},"interaction":{"idSuffix":"inner"}},"clearTextFirst":true,"interactionType":"ENTER_TEXT"}]}
COMMAND: POST /session/ee4ef4c40535e05b41317013d6b0695a/element - {"using":"xpath","value":"//button[@data-kt=\"newYardSaveButton\"]"}
RESULT: {"using":"xpath","value":"//button[@data-kt=\"newYardSaveButton\"]"}
COMMAND: POST /session/ee4ef4c40535e05b41317013d6b0695a/element/f.00329360D5A862BC98A13AE160565CE6.d.9ECF0F2F5698FC5B96CB1175780A91A7.e.5431/click - {}
RESULT: {}
COMMAND: GET /session/ee4ef4c40535e05b41317013d6b0695a/screenshot - {}
RESULT: {}
COMMAND: POST /session/ee4ef4c40535e05b41317013d6b0695a/element - {"using":"xpath","value":"//header[contains(@id, 'ObjectPageLayout-headerTitle')]/div[1]/div[2]/div[1]/span[1]"}
RESULT: {"using":"xpath","value":"//header[contains(@id, 'ObjectPageLayout-headerTitle')]/div[1]/div[2]/div[1]/span[1]"}
COMMAND: POST /session/ee4ef4c40535e05b41317013d6b0695a/elements - {"using":"xpath","value":"//header[contains(@id, 'ObjectPageLayout-headerTitle')]/div[1]/div[2]/div[1]/span[1]"}
RESULT: {"using":"xpath","value":"//header[contains(@id, 'ObjectPageLayout-headerTitle')]/div[1]/div[2]/div[1]/span[1]"}
COMMAND: POST /session/ee4ef4c40535e05b41317013d6b0695a/execute/sync - {"script":"<script> [56 bytes]","args":[{"element-6066-11e4-a52e-4f735466cecf":"f.00329360D5A862BC98A13AE160565CE6.d.9ECF0F2F5698FC5B96CB1175780A91A7.e.5750","ELEMENT":"f.00329360D5A862BC98A13AE160565CE6.d.9ECF0F2F5698FC5B96CB1175780A91A7.e.5750"}]}
RESULT: {"script":"<script> [56 bytes]","args":[{"element-6066-11e4-a52e-4f735466cecf":"f.00329360D5A862BC98A13AE160565CE6.d.9ECF0F2F5698FC5B96CB1175780A91A7.e.5750","ELEMENT":"f.00329360D5A862BC98A13AE160565CE6.d.9ECF0F2F5698FC5B96CB1175780A91A7.e.5750"}]}
COMMAND: GET /session/ee4ef4c40535e05b41317013d6b0695a/screenshot - {}
RESULT: {}
COMMAND: POST /session/ee4ef4c40535e05b41317013d6b0695a/element - {"using":"css selector","value":"#shell-header-logo"}
RESULT: {"using":"css selector","value":"#shell-header-logo"}
COMMAND: POST /session/ee4ef4c40535e05b41317013d6b0695a/element/f.00329360D5A862BC98A13AE160565CE6.d.9ECF0F2F5698FC5B96CB1175780A91A7.e.5004/click - {}
RESULT: {}
COMMAND: GET /session/ee4ef4c40535e05b41317013d6b0695a/screenshot - {}
RESULT: {}
COMMAND: POST /session/ee4ef4c40535e05b41317013d6b0695a/execute/sync - {"script":"<script> [299 bytes]","args":[["getModel","getResource"]]}
RESULT: {"script":"<script> [299 bytes]","args":[["getModel","getResource"]]}
]]></system-out>
    </testcase>
    <testcase classname="chrome.136_0_7103_49.windows.Create_master_data_for_mixed_billing_&amp;_do_billing_calculation_US151661" name="Should create a new partner" time="130.724">
      <system-out><![CDATA[
COMMAND: POST /session/ee4ef4c40535e05b41317013d6b0695a/window/fullscreen - {}
COMMAND: GET /session/ee4ef4c40535e05b41317013d6b0695a/screenshot - {}
RESULT: {}
COMMAND: POST /session/ee4ef4c40535e05b41317013d6b0695a/execute/async - {"script":"<script> [1562 bytes]","args":[{"selector":{"controlType":"sap.m.GenericTile","properties":{"header":"Manage Partners"}},"wdio_ui5_key":"sapm.GenericTile{\"header\":\"Manage Partners\"}"}]}
RESULT: {}
RESULT: {"script":"<script> [1562 bytes]","args":[{"selector":{"controlType":"sap.m.GenericTile","properties":{"header":"Manage Partners"}},"wdio_ui5_key":"sapm.GenericTile{\"header\":\"Manage Partners\"}"}]}
RESULT: undefined
COMMAND: POST /session/ee4ef4c40535e05b41317013d6b0695a/element - {"using":"xpath","value":"//*[@id=\"__tile38\"]"}
RESULT: {"using":"xpath","value":"//*[@id=\"__tile38\"]"}
COMMAND: POST /session/ee4ef4c40535e05b41317013d6b0695a/element/f.00329360D5A862BC98A13AE160565CE6.d.9ECF0F2F5698FC5B96CB1175780A91A7.e.4890/click - {}
RESULT: {}
COMMAND: POST /session/ee4ef4c40535e05b41317013d6b0695a/element - {"using":"xpath","value":"//button[@data-kt=\"addButton\"]"}
COMMAND: GET /session/ee4ef4c40535e05b41317013d6b0695a/screenshot - {}
RESULT: {"using":"xpath","value":"//button[@data-kt=\"addButton\"]"}
COMMAND: POST /session/ee4ef4c40535e05b41317013d6b0695a/elements - {"using":"xpath","value":"//button[@data-kt=\"addButton\"]"}
RESULT: {}
RESULT: {"using":"xpath","value":"//button[@data-kt=\"addButton\"]"}
COMMAND: POST /session/ee4ef4c40535e05b41317013d6b0695a/elements - {"using":"xpath","value":"//button[@data-kt=\"addButton\"]"}
RESULT: {"using":"xpath","value":"//button[@data-kt=\"addButton\"]"}
COMMAND: POST /session/ee4ef4c40535e05b41317013d6b0695a/elements - {"using":"xpath","value":"//button[@data-kt=\"addButton\"]"}
RESULT: {"using":"xpath","value":"//button[@data-kt=\"addButton\"]"}
COMMAND: POST /session/ee4ef4c40535e05b41317013d6b0695a/elements - {"using":"xpath","value":"//button[@data-kt=\"addButton\"]"}
RESULT: {"using":"xpath","value":"//button[@data-kt=\"addButton\"]"}
COMMAND: POST /session/ee4ef4c40535e05b41317013d6b0695a/elements - {"using":"xpath","value":"//button[@data-kt=\"addButton\"]"}
RESULT: {"using":"xpath","value":"//button[@data-kt=\"addButton\"]"}
COMMAND: POST /session/ee4ef4c40535e05b41317013d6b0695a/elements - {"using":"xpath","value":"//button[@data-kt=\"addButton\"]"}
RESULT: {"using":"xpath","value":"//button[@data-kt=\"addButton\"]"}
COMMAND: POST /session/ee4ef4c40535e05b41317013d6b0695a/elements - {"using":"xpath","value":"//button[@data-kt=\"addButton\"]"}
RESULT: {"using":"xpath","value":"//button[@data-kt=\"addButton\"]"}
COMMAND: POST /session/ee4ef4c40535e05b41317013d6b0695a/elements - {"using":"xpath","value":"//button[@data-kt=\"addButton\"]"}
RESULT: {"using":"xpath","value":"//button[@data-kt=\"addButton\"]"}
COMMAND: POST /session/ee4ef4c40535e05b41317013d6b0695a/elements - {"using":"xpath","value":"//button[@data-kt=\"addButton\"]"}
RESULT: {"using":"xpath","value":"//button[@data-kt=\"addButton\"]"}
COMMAND: POST /session/ee4ef4c40535e05b41317013d6b0695a/elements - {"using":"xpath","value":"//button[@data-kt=\"addButton\"]"}
RESULT: {"using":"xpath","value":"//button[@data-kt=\"addButton\"]"}
COMMAND: POST /session/ee4ef4c40535e05b41317013d6b0695a/elements - {"using":"xpath","value":"//button[@data-kt=\"addButton\"]"}
RESULT: {"using":"xpath","value":"//button[@data-kt=\"addButton\"]"}
COMMAND: POST /session/ee4ef4c40535e05b41317013d6b0695a/elements - {"using":"xpath","value":"//button[@data-kt=\"addButton\"]"}
RESULT: {"using":"xpath","value":"//button[@data-kt=\"addButton\"]"}
COMMAND: POST /session/ee4ef4c40535e05b41317013d6b0695a/elements - {"using":"xpath","value":"//button[@data-kt=\"addButton\"]"}
RESULT: {"using":"xpath","value":"//button[@data-kt=\"addButton\"]"}
COMMAND: POST /session/ee4ef4c40535e05b41317013d6b0695a/elements - {"using":"xpath","value":"//button[@data-kt=\"addButton\"]"}
RESULT: {"using":"xpath","value":"//button[@data-kt=\"addButton\"]"}
COMMAND: POST /session/ee4ef4c40535e05b41317013d6b0695a/elements - {"using":"xpath","value":"//button[@data-kt=\"addButton\"]"}
RESULT: {"using":"xpath","value":"//button[@data-kt=\"addButton\"]"}
COMMAND: POST /session/ee4ef4c40535e05b41317013d6b0695a/elements - {"using":"xpath","value":"//button[@data-kt=\"addButton\"]"}
RESULT: {"using":"xpath","value":"//button[@data-kt=\"addButton\"]"}
COMMAND: POST /session/ee4ef4c40535e05b41317013d6b0695a/elements - {"using":"xpath","value":"//button[@data-kt=\"addButton\"]"}
RESULT: {"using":"xpath","value":"//button[@data-kt=\"addButton\"]"}
COMMAND: POST /session/ee4ef4c40535e05b41317013d6b0695a/elements - {"using":"xpath","value":"//button[@data-kt=\"addButton\"]"}
RESULT: {"using":"xpath","value":"//button[@data-kt=\"addButton\"]"}
COMMAND: POST /session/ee4ef4c40535e05b41317013d6b0695a/elements - {"using":"xpath","value":"//button[@data-kt=\"addButton\"]"}
RESULT: {"using":"xpath","value":"//button[@data-kt=\"addButton\"]"}
COMMAND: POST /session/ee4ef4c40535e05b41317013d6b0695a/elements - {"using":"xpath","value":"//button[@data-kt=\"addButton\"]"}
RESULT: {"using":"xpath","value":"//button[@data-kt=\"addButton\"]"}
COMMAND: POST /session/ee4ef4c40535e05b41317013d6b0695a/elements - {"using":"xpath","value":"//button[@data-kt=\"addButton\"]"}
RESULT: {"using":"xpath","value":"//button[@data-kt=\"addButton\"]"}
COMMAND: POST /session/ee4ef4c40535e05b41317013d6b0695a/elements - {"using":"xpath","value":"//button[@data-kt=\"addButton\"]"}
RESULT: {"using":"xpath","value":"//button[@data-kt=\"addButton\"]"}
COMMAND: POST /session/ee4ef4c40535e05b41317013d6b0695a/elements - {"using":"xpath","value":"//button[@data-kt=\"addButton\"]"}
RESULT: {"using":"xpath","value":"//button[@data-kt=\"addButton\"]"}
COMMAND: POST /session/ee4ef4c40535e05b41317013d6b0695a/element - {"using":"xpath","value":"//button[@data-kt=\"addButton\"]"}
RESULT: {"using":"xpath","value":"//button[@data-kt=\"addButton\"]"}
COMMAND: POST /session/ee4ef4c40535e05b41317013d6b0695a/execute/sync - {"script":"<script> [8489 bytes]","args":[{"element-6066-11e4-a52e-4f735466cecf":"f.00329360D5A862BC98A13AE160565CE6.d.9ECF0F2F5698FC5B96CB1175780A91A7.e.5797","ELEMENT":"f.00329360D5A862BC98A13AE160565CE6.d.9ECF0F2F5698FC5B96CB1175780A91A7.e.5797"}]}
RESULT: {"script":"<script> [8489 bytes]","args":[{"element-6066-11e4-a52e-4f735466cecf":"f.00329360D5A862BC98A13AE160565CE6.d.9ECF0F2F5698FC5B96CB1175780A91A7.e.5797","ELEMENT":"f.00329360D5A862BC98A13AE160565CE6.d.9ECF0F2F5698FC5B96CB1175780A91A7.e.5797"}]}
COMMAND: GET /session/ee4ef4c40535e05b41317013d6b0695a/element/f.00329360D5A862BC98A13AE160565CE6.d.9ECF0F2F5698FC5B96CB1175780A91A7.e.5797/enabled - {}
COMMAND: GET /session/ee4ef4c40535e05b41317013d6b0695a/screenshot - {}
RESULT: {}
COMMAND: POST /session/ee4ef4c40535e05b41317013d6b0695a/execute/sync - {"script":"<script> [8489 bytes]","args":[{"element-6066-11e4-a52e-4f735466cecf":"f.00329360D5A862BC98A13AE160565CE6.d.9ECF0F2F5698FC5B96CB1175780A91A7.e.5797","ELEMENT":"f.00329360D5A862BC98A13AE160565CE6.d.9ECF0F2F5698FC5B96CB1175780A91A7.e.5797"}]}
COMMAND: GET /session/ee4ef4c40535e05b41317013d6b0695a/screenshot - {}
RESULT: {}
RESULT: {"script":"<script> [8489 bytes]","args":[{"element-6066-11e4-a52e-4f735466cecf":"f.00329360D5A862BC98A13AE160565CE6.d.9ECF0F2F5698FC5B96CB1175780A91A7.e.5797","ELEMENT":"f.00329360D5A862BC98A13AE160565CE6.d.9ECF0F2F5698FC5B96CB1175780A91A7.e.5797"}]}
COMMAND: POST /session/ee4ef4c40535e05b41317013d6b0695a/execute/sync - {"script":"<script> [5351 bytes]","args":[{"element-6066-11e4-a52e-4f735466cecf":"f.00329360D5A862BC98A13AE160565CE6.d.9ECF0F2F5698FC5B96CB1175780A91A7.e.5797","ELEMENT":"f.00329360D5A862BC98A13AE160565CE6.d.9ECF0F2F5698FC5B96CB1175780A91A7.e.5797"}]}
COMMAND: GET /session/ee4ef4c40535e05b41317013d6b0695a/screenshot - {}
RESULT: {}
RESULT: {"script":"<script> [5351 bytes]","args":[{"element-6066-11e4-a52e-4f735466cecf":"f.00329360D5A862BC98A13AE160565CE6.d.9ECF0F2F5698FC5B96CB1175780A91A7.e.5797","ELEMENT":"f.00329360D5A862BC98A13AE160565CE6.d.9ECF0F2F5698FC5B96CB1175780A91A7.e.5797"}]}
COMMAND: POST /session/ee4ef4c40535e05b41317013d6b0695a/element/f.00329360D5A862BC98A13AE160565CE6.d.9ECF0F2F5698FC5B96CB1175780A91A7.e.5797/click - {}
COMMAND: GET /session/ee4ef4c40535e05b41317013d6b0695a/screenshot - {}
RESULT: {}
RESULT: {}
COMMAND: GET /session/ee4ef4c40535e05b41317013d6b0695a/screenshot - {}
RESULT: {}
COMMAND: POST /session/ee4ef4c40535e05b41317013d6b0695a/execute/async - {"script":"<script> [1562 bytes]","args":[{"selector":{"id":"application-managepartners-display-component---NewPartner--addressDetailDetailsName1","interaction":{"idSuffix":"inner"}},"wdio_ui5_key":"applicationmanagepartners-display-component---NewPartner--addressDetailDetailsName1"}]}
RESULT: {}
RESULT: {"script":"<script> [1562 bytes]","args":[{"selector":{"id":"application-managepartners-display-component---NewPartner--addressDetailDetailsName1","interaction":{"idSuffix":"inner"}},"wdio_ui5_key":"applicationmanagepartners-display-component---NewPartner--addressDetailDetailsName1"}]}
RESULT: undefined
COMMAND: POST /session/ee4ef4c40535e05b41317013d6b0695a/execute/async - {"script":"<script> [776 bytes]","args":[{"enterText":"Intercompany Partner WDIO","selector":{"id":"application-managepartners-display-component---NewPartner--addressDetailDetailsName1","interaction":{"idSuffix":"inner"}},"clearTextFirst":true,"interactionType":"ENTER_TEXT"}]}
RESULT: {"script":"<script> [776 bytes]","args":[{"enterText":"Intercompany Partner WDIO","selector":{"id":"application-managepartners-display-component---NewPartner--addressDetailDetailsName1","interaction":{"idSuffix":"inner"}},"clearTextFirst":true,"interactionType":"ENTER_TEXT"}]}
COMMAND: POST /session/ee4ef4c40535e05b41317013d6b0695a/execute/async - {"script":"<script> [1562 bytes]","args":[{"selector":{"id":"application-managepartners-display-component---NewPartner--addressDetailDetailsLanguage-arrow"},"wdio_ui5_key":"applicationmanagepartners-display-component---NewPartner--addressDetailDetailsLanguage-arrow"}]}
RESULT: {"script":"<script> [1562 bytes]","args":[{"selector":{"id":"application-managepartners-display-component---NewPartner--addressDetailDetailsLanguage-arrow"},"wdio_ui5_key":"applicationmanagepartners-display-component---NewPartner--addressDetailDetailsLanguage-arrow"}]}
RESULT: undefined
COMMAND: POST /session/ee4ef4c40535e05b41317013d6b0695a/element - {"using":"xpath","value":"//*[@id=\"application-managepartners-display-component---NewPartner--addressDetailDetailsLanguage-arrow\"]"}
RESULT: {"using":"xpath","value":"//*[@id=\"application-managepartners-display-component---NewPartner--addressDetailDetailsLanguage-arrow\"]"}
COMMAND: POST /session/ee4ef4c40535e05b41317013d6b0695a/element/f.00329360D5A862BC98A13AE160565CE6.d.9ECF0F2F5698FC5B96CB1175780A91A7.e.6206/click - {}
RESULT: {}
COMMAND: POST /session/ee4ef4c40535e05b41317013d6b0695a/element - {"using":"xpath","value":"//span[contains(text(), \"English\")]"}
COMMAND: GET /session/ee4ef4c40535e05b41317013d6b0695a/screenshot - {}
RESULT: {"using":"xpath","value":"//span[contains(text(), \"English\")]"}
COMMAND: POST /session/ee4ef4c40535e05b41317013d6b0695a/element/f.00329360D5A862BC98A13AE160565CE6.d.9ECF0F2F5698FC5B96CB1175780A91A7.e.6207/click - {}
RESULT: {}
RESULT: {}
COMMAND: GET /session/ee4ef4c40535e05b41317013d6b0695a/screenshot - {}
RESULT: {}
COMMAND: POST /session/ee4ef4c40535e05b41317013d6b0695a/execute/async - {"script":"<script> [1562 bytes]","args":[{"selector":{"id":"application-managepartners-display-component---NewPartner--addressDetailDetailsCity1","interaction":{"idSuffix":"inner"}},"wdio_ui5_key":"applicationmanagepartners-display-component---NewPartner--addressDetailDetailsCity1"}]}
RESULT: {"script":"<script> [1562 bytes]","args":[{"selector":{"id":"application-managepartners-display-component---NewPartner--addressDetailDetailsCity1","interaction":{"idSuffix":"inner"}},"wdio_ui5_key":"applicationmanagepartners-display-component---NewPartner--addressDetailDetailsCity1"}]}
RESULT: undefined
COMMAND: POST /session/ee4ef4c40535e05b41317013d6b0695a/execute/async - {"script":"<script> [776 bytes]","args":[{"enterText":"Rosario","selector":{"id":"application-managepartners-display-component---NewPartner--addressDetailDetailsCity1","interaction":{"idSuffix":"inner"}},"clearTextFirst":true,"interactionType":"ENTER_TEXT"}]}
RESULT: {"script":"<script> [776 bytes]","args":[{"enterText":"Rosario","selector":{"id":"application-managepartners-display-component---NewPartner--addressDetailDetailsCity1","interaction":{"idSuffix":"inner"}},"clearTextFirst":true,"interactionType":"ENTER_TEXT"}]}
COMMAND: POST /session/ee4ef4c40535e05b41317013d6b0695a/execute/async - {"script":"<script> [1562 bytes]","args":[{"selector":{"id":"application-managepartners-display-component---NewPartner--addressDetailDetailsCountry-arrow"},"wdio_ui5_key":"applicationmanagepartners-display-component---NewPartner--addressDetailDetailsCountry-arrow"}]}
RESULT: {"script":"<script> [1562 bytes]","args":[{"selector":{"id":"application-managepartners-display-component---NewPartner--addressDetailDetailsCountry-arrow"},"wdio_ui5_key":"applicationmanagepartners-display-component---NewPartner--addressDetailDetailsCountry-arrow"}]}
RESULT: undefined
COMMAND: POST /session/ee4ef4c40535e05b41317013d6b0695a/element - {"using":"xpath","value":"//*[@id=\"application-managepartners-display-component---NewPartner--addressDetailDetailsCountry-arrow\"]"}
RESULT: {"using":"xpath","value":"//*[@id=\"application-managepartners-display-component---NewPartner--addressDetailDetailsCountry-arrow\"]"}
COMMAND: POST /session/ee4ef4c40535e05b41317013d6b0695a/element/f.00329360D5A862BC98A13AE160565CE6.d.9ECF0F2F5698FC5B96CB1175780A91A7.e.6148/click - {}
RESULT: {}
COMMAND: POST /session/ee4ef4c40535e05b41317013d6b0695a/element - {"using":"xpath","value":"//span[contains(text(), \"Argentina\")]"}
COMMAND: GET /session/ee4ef4c40535e05b41317013d6b0695a/screenshot - {}
RESULT: {"using":"xpath","value":"//span[contains(text(), \"Argentina\")]"}
COMMAND: POST /session/ee4ef4c40535e05b41317013d6b0695a/element/f.00329360D5A862BC98A13AE160565CE6.d.9ECF0F2F5698FC5B96CB1175780A91A7.e.6209/click - {}
RESULT: {}
RESULT: {}
COMMAND: GET /session/ee4ef4c40535e05b41317013d6b0695a/screenshot - {}
RESULT: {}
COMMAND: POST /session/ee4ef4c40535e05b41317013d6b0695a/element - {"using":"xpath","value":"//bdi[contains(text(), \"Commercial\")]"}
RESULT: {"using":"xpath","value":"//bdi[contains(text(), \"Commercial\")]"}
COMMAND: POST /session/ee4ef4c40535e05b41317013d6b0695a/element/f.00329360D5A862BC98A13AE160565CE6.d.9ECF0F2F5698FC5B96CB1175780A91A7.e.6210/click - {}
RESULT: {}
COMMAND: GET /session/ee4ef4c40535e05b41317013d6b0695a/screenshot - {}
RESULT: {}
COMMAND: POST /session/ee4ef4c40535e05b41317013d6b0695a/execute/async - {"script":"<script> [1562 bytes]","args":[{"selector":{"id":"application-managepartners-display-component---NewPartner--partnerDetailInternal-arrow"},"wdio_ui5_key":"applicationmanagepartners-display-component---NewPartner--partnerDetailInternal-arrow"}]}
RESULT: {"script":"<script> [1562 bytes]","args":[{"selector":{"id":"application-managepartners-display-component---NewPartner--partnerDetailInternal-arrow"},"wdio_ui5_key":"applicationmanagepartners-display-component---NewPartner--partnerDetailInternal-arrow"}]}
RESULT: undefined
COMMAND: POST /session/ee4ef4c40535e05b41317013d6b0695a/element - {"using":"xpath","value":"//*[@id=\"application-managepartners-display-component---NewPartner--partnerDetailInternal-arrow\"]"}
RESULT: {"using":"xpath","value":"//*[@id=\"application-managepartners-display-component---NewPartner--partnerDetailInternal-arrow\"]"}
COMMAND: POST /session/ee4ef4c40535e05b41317013d6b0695a/element/f.00329360D5A862BC98A13AE160565CE6.d.9ECF0F2F5698FC5B96CB1175780A91A7.e.6216/click - {}
RESULT: {}
COMMAND: POST /session/ee4ef4c40535e05b41317013d6b0695a/element - {"using":"xpath","value":"//span[contains(text(), \"Affiliated company\")]"}
COMMAND: GET /session/ee4ef4c40535e05b41317013d6b0695a/screenshot - {}
RESULT: {"using":"xpath","value":"//span[contains(text(), \"Affiliated company\")]"}
COMMAND: POST /session/ee4ef4c40535e05b41317013d6b0695a/element/f.00329360D5A862BC98A13AE160565CE6.d.9ECF0F2F5698FC5B96CB1175780A91A7.e.6219/click - {}
RESULT: {}
RESULT: {}
COMMAND: POST /session/ee4ef4c40535e05b41317013d6b0695a/execute/async - {"script":"<script> [1562 bytes]","args":[{"selector":{"id":"application-managepartners-display-component---NewPartner--partnerDetailsCurrency-arrow"},"wdio_ui5_key":"applicationmanagepartners-display-component---NewPartner--partnerDetailsCurrency-arrow"}]}
COMMAND: GET /session/ee4ef4c40535e05b41317013d6b0695a/screenshot - {}
RESULT: {"script":"<script> [1562 bytes]","args":[{"selector":{"id":"application-managepartners-display-component---NewPartner--partnerDetailsCurrency-arrow"},"wdio_ui5_key":"applicationmanagepartners-display-component---NewPartner--partnerDetailsCurrency-arrow"}]}
RESULT: undefined
COMMAND: POST /session/ee4ef4c40535e05b41317013d6b0695a/element - {"using":"xpath","value":"//*[@id=\"application-managepartners-display-component---NewPartner--partnerDetailsCurrency-arrow\"]"}
RESULT: {}
RESULT: {"using":"xpath","value":"//*[@id=\"application-managepartners-display-component---NewPartner--partnerDetailsCurrency-arrow\"]"}
COMMAND: POST /session/ee4ef4c40535e05b41317013d6b0695a/element/f.00329360D5A862BC98A13AE160565CE6.d.9ECF0F2F5698FC5B96CB1175780A91A7.e.6226/click - {}
RESULT: {}
COMMAND: POST /session/ee4ef4c40535e05b41317013d6b0695a/element - {"using":"xpath","value":"//span[contains(text(), \"Euro\")]"}
COMMAND: GET /session/ee4ef4c40535e05b41317013d6b0695a/screenshot - {}
RESULT: {"using":"xpath","value":"//span[contains(text(), \"Euro\")]"}
COMMAND: POST /session/ee4ef4c40535e05b41317013d6b0695a/element/f.00329360D5A862BC98A13AE160565CE6.d.9ECF0F2F5698FC5B96CB1175780A91A7.e.6227/click - {}
RESULT: {}
RESULT: {}
COMMAND: POST /session/ee4ef4c40535e05b41317013d6b0695a/execute/async - {"script":"<script> [1562 bytes]","args":[{"selector":{"id":"application-managepartners-display-component---NewPartner--addressEditDetailsCostObjectCstType-arrow"},"wdio_ui5_key":"applicationmanagepartners-display-component---NewPartner--addressEditDetailsCostObjectCstType-arrow"}]}
COMMAND: GET /session/ee4ef4c40535e05b41317013d6b0695a/screenshot - {}
RESULT: {"script":"<script> [1562 bytes]","args":[{"selector":{"id":"application-managepartners-display-component---NewPartner--addressEditDetailsCostObjectCstType-arrow"},"wdio_ui5_key":"applicationmanagepartners-display-component---NewPartner--addressEditDetailsCostObjectCstType-arrow"}]}
RESULT: undefined
COMMAND: POST /session/ee4ef4c40535e05b41317013d6b0695a/element - {"using":"xpath","value":"//*[@id=\"application-managepartners-display-component---NewPartner--addressEditDetailsCostObjectCstType-arrow\"]"}
RESULT: {}
RESULT: {"using":"xpath","value":"//*[@id=\"application-managepartners-display-component---NewPartner--addressEditDetailsCostObjectCstType-arrow\"]"}
COMMAND: POST /session/ee4ef4c40535e05b41317013d6b0695a/element/f.00329360D5A862BC98A13AE160565CE6.d.9ECF0F2F5698FC5B96CB1175780A91A7.e.6228/click - {}
RESULT: {}
COMMAND: POST /session/ee4ef4c40535e05b41317013d6b0695a/element - {"using":"xpath","value":"//span[contains(text(), \"Cost Center\")]"}
COMMAND: GET /session/ee4ef4c40535e05b41317013d6b0695a/screenshot - {}
RESULT: {"using":"xpath","value":"//span[contains(text(), \"Cost Center\")]"}
COMMAND: POST /session/ee4ef4c40535e05b41317013d6b0695a/element/f.00329360D5A862BC98A13AE160565CE6.d.9ECF0F2F5698FC5B96CB1175780A91A7.e.6229/click - {}
RESULT: {}
RESULT: {}
COMMAND: GET /session/ee4ef4c40535e05b41317013d6b0695a/screenshot - {}
RESULT: {}
COMMAND: POST /session/ee4ef4c40535e05b41317013d6b0695a/element - {"using":"xpath","value":"//span[@id=\"application-managepartners-display-component---NewPartner--addressNewCostObjectCstID-vhi\"]"}
RESULT: {"using":"xpath","value":"//span[@id=\"application-managepartners-display-component---NewPartner--addressNewCostObjectCstID-vhi\"]"}
COMMAND: POST /session/ee4ef4c40535e05b41317013d6b0695a/execute/sync - {"script":"<script> [8489 bytes]","args":[{"element-6066-11e4-a52e-4f735466cecf":"f.00329360D5A862BC98A13AE160565CE6.d.9ECF0F2F5698FC5B96CB1175780A91A7.e.6233","ELEMENT":"f.00329360D5A862BC98A13AE160565CE6.d.9ECF0F2F5698FC5B96CB1175780A91A7.e.6233"}]}
RESULT: {"script":"<script> [8489 bytes]","args":[{"element-6066-11e4-a52e-4f735466cecf":"f.00329360D5A862BC98A13AE160565CE6.d.9ECF0F2F5698FC5B96CB1175780A91A7.e.6233","ELEMENT":"f.00329360D5A862BC98A13AE160565CE6.d.9ECF0F2F5698FC5B96CB1175780A91A7.e.6233"}]}
COMMAND: POST /session/ee4ef4c40535e05b41317013d6b0695a/execute/async - {"script":"<script> [1562 bytes]","args":[{"selector":{"id":"application-managepartners-display-component---NewPartner--addressNewCostObjectCstID-vhi"},"wdio_ui5_key":"applicationmanagepartners-display-component---NewPartner--addressNewCostObjectCstID-vhi"}]}
COMMAND: GET /session/ee4ef4c40535e05b41317013d6b0695a/screenshot - {}
RESULT: {"script":"<script> [1562 bytes]","args":[{"selector":{"id":"application-managepartners-display-component---NewPartner--addressNewCostObjectCstID-vhi"},"wdio_ui5_key":"applicationmanagepartners-display-component---NewPartner--addressNewCostObjectCstID-vhi"}]}
RESULT: undefined
COMMAND: POST /session/ee4ef4c40535e05b41317013d6b0695a/element - {"using":"xpath","value":"//*[@id=\"application-managepartners-display-component---NewPartner--addressNewCostObjectCstID-vhi\"]"}
RESULT: {}
RESULT: {"using":"xpath","value":"//*[@id=\"application-managepartners-display-component---NewPartner--addressNewCostObjectCstID-vhi\"]"}
COMMAND: POST /session/ee4ef4c40535e05b41317013d6b0695a/element/f.00329360D5A862BC98A13AE160565CE6.d.9ECF0F2F5698FC5B96CB1175780A91A7.e.6233/click - {}
RESULT: {}
COMMAND: GET /session/ee4ef4c40535e05b41317013d6b0695a/screenshot - {}
RESULT: {}
RESULT: undefined
COMMAND: POST /session/ee4ef4c40535e05b41317013d6b0695a/execute/async - {"script":"<script> [776 bytes]","args":[{"enterText":"10001013","selector":{"controlType":"sap.m.SearchField","properties":{"placeholder":"Search"},"searchOpenDialogs":true,"interaction":{"idSuffix":"I"}},"clearTextFirst":true,"interactionType":"ENTER_TEXT"}]}
RESULT: {"script":"<script> [776 bytes]","args":[{"enterText":"10001013","selector":{"controlType":"sap.m.SearchField","properties":{"placeholder":"Search"},"searchOpenDialogs":true,"interaction":{"idSuffix":"I"}},"clearTextFirst":true,"interactionType":"ENTER_TEXT"}]}
COMMAND: POST /session/ee4ef4c40535e05b41317013d6b0695a/actions - {"actions":[{"id":"action21","type":"key","parameters":{},"actions":[{"type":"keyDown","value":"î€‡"},{"type":"pause","duration":10},{"type":"keyUp","value":"î€‡"}]}]}
RESULT: {"actions":[{"id":"action21","type":"key","parameters":{},"actions":[{"type":"keyDown","value":"î€‡"},{"type":"pause","duration":10},{"type":"keyUp","value":"î€‡"}]}]}
COMMAND: GET /session/ee4ef4c40535e05b41317013d6b0695a/screenshot - {}
RESULT: {}
COMMAND: POST /session/ee4ef4c40535e05b41317013d6b0695a/element - {"using":"xpath","value":"//span[contains(text(), \"General Management\")]"}
RESULT: {"using":"xpath","value":"//span[contains(text(), \"General Management\")]"}
COMMAND: POST /session/ee4ef4c40535e05b41317013d6b0695a/element/f.00329360D5A862BC98A13AE160565CE6.d.9ECF0F2F5698FC5B96CB1175780A91A7.e.6272/click - {}
RESULT: {}
COMMAND: GET /session/ee4ef4c40535e05b41317013d6b0695a/screenshot - {}
RESULT: {}
COMMAND: POST /session/ee4ef4c40535e05b41317013d6b0695a/element - {"using":"xpath","value":"//bdi[contains(text(), \"OK\")]"}
RESULT: {"using":"xpath","value":"//bdi[contains(text(), \"OK\")]"}
COMMAND: POST /session/ee4ef4c40535e05b41317013d6b0695a/element/f.00329360D5A862BC98A13AE160565CE6.d.9ECF0F2F5698FC5B96CB1175780A91A7.e.6273/click - {}
RESULT: {}
COMMAND: GET /session/ee4ef4c40535e05b41317013d6b0695a/screenshot - {}
RESULT: {}
COMMAND: POST /session/ee4ef4c40535e05b41317013d6b0695a/element - {"using":"xpath","value":"//input[@id=\"application-managepartners-display-component---NewPartner--companyCodeComboBox-inner\"]"}
RESULT: {"using":"xpath","value":"//input[@id=\"application-managepartners-display-component---NewPartner--companyCodeComboBox-inner\"]"}
COMMAND: POST /session/ee4ef4c40535e05b41317013d6b0695a/element/f.00329360D5A862BC98A13AE160565CE6.d.9ECF0F2F5698FC5B96CB1175780A91A7.e.6061/clear - {}
RESULT: {}
COMMAND: POST /session/ee4ef4c40535e05b41317013d6b0695a/element/f.00329360D5A862BC98A13AE160565CE6.d.9ECF0F2F5698FC5B96CB1175780A91A7.e.6061/value - {"text":"C002"}
COMMAND: GET /session/ee4ef4c40535e05b41317013d6b0695a/screenshot - {}
RESULT: {"text":"C002"}
COMMAND: GET /session/ee4ef4c40535e05b41317013d6b0695a/screenshot - {}
RESULT: {}
RESULT: {}
COMMAND: POST /session/ee4ef4c40535e05b41317013d6b0695a/element - {"using":"xpath","value":"//li[.//span[text()= \"C002\"]]"}
RESULT: {"using":"xpath","value":"//li[.//span[text()= \"C002\"]]"}
COMMAND: POST /session/ee4ef4c40535e05b41317013d6b0695a/element/f.00329360D5A862BC98A13AE160565CE6.d.9ECF0F2F5698FC5B96CB1175780A91A7.e.6279/click - {}
RESULT: {}
COMMAND: GET /session/ee4ef4c40535e05b41317013d6b0695a/screenshot - {}
RESULT: {}
COMMAND: POST /session/ee4ef4c40535e05b41317013d6b0695a/execute/async - {"script":"<script> [1562 bytes]","args":[{"selector":{"id":"application-managepartners-display-component---NewPartner--btnAddTableRow-img"},"wdio_ui5_key":"applicationmanagepartners-display-component---NewPartner--btnAddTableRow-img"}]}
RESULT: {"script":"<script> [1562 bytes]","args":[{"selector":{"id":"application-managepartners-display-component---NewPartner--btnAddTableRow-img"},"wdio_ui5_key":"applicationmanagepartners-display-component---NewPartner--btnAddTableRow-img"}]}
RESULT: undefined
COMMAND: POST /session/ee4ef4c40535e05b41317013d6b0695a/element - {"using":"xpath","value":"//*[@id=\"application-managepartners-display-component---NewPartner--btnAddTableRow-img\"]"}
RESULT: {"using":"xpath","value":"//*[@id=\"application-managepartners-display-component---NewPartner--btnAddTableRow-img\"]"}
COMMAND: POST /session/ee4ef4c40535e05b41317013d6b0695a/element/f.00329360D5A862BC98A13AE160565CE6.d.9ECF0F2F5698FC5B96CB1175780A91A7.e.6280/click - {}
RESULT: {}
COMMAND: GET /session/ee4ef4c40535e05b41317013d6b0695a/screenshot - {}
RESULT: {}
COMMAND: POST /session/ee4ef4c40535e05b41317013d6b0695a/element - {"using":"xpath","value":"//input[@id=\"application-managepartners-display-component---NewPartner--assignmentYard-application-managepartners-display-component---NewPartner--assignmentsTable-0-inner\"]"}
RESULT: {"using":"xpath","value":"//input[@id=\"application-managepartners-display-component---NewPartner--assignmentYard-application-managepartners-display-component---NewPartner--assignmentsTable-0-inner\"]"}
COMMAND: POST /session/ee4ef4c40535e05b41317013d6b0695a/element/f.00329360D5A862BC98A13AE160565CE6.d.9ECF0F2F5698FC5B96CB1175780A91A7.e.6283/clear - {}
RESULT: {}
COMMAND: POST /session/ee4ef4c40535e05b41317013d6b0695a/element/f.00329360D5A862BC98A13AE160565CE6.d.9ECF0F2F5698FC5B96CB1175780A91A7.e.6283/value - {"text":"306"}
COMMAND: GET /session/ee4ef4c40535e05b41317013d6b0695a/screenshot - {}
RESULT: {"text":"306"}
COMMAND: GET /session/ee4ef4c40535e05b41317013d6b0695a/screenshot - {}
RESULT: {}
RESULT: {}
COMMAND: POST /session/ee4ef4c40535e05b41317013d6b0695a/element - {"using":"xpath","value":"//li[.//span[text()='306']]"}
RESULT: {"using":"xpath","value":"//li[.//span[text()='306']]"}
COMMAND: POST /session/ee4ef4c40535e05b41317013d6b0695a/element/f.00329360D5A862BC98A13AE160565CE6.d.9ECF0F2F5698FC5B96CB1175780A91A7.e.6292/click - {}
RESULT: {}
COMMAND: GET /session/ee4ef4c40535e05b41317013d6b0695a/screenshot - {}
RESULT: {}
COMMAND: POST /session/ee4ef4c40535e05b41317013d6b0695a/actions - {"actions":[{"id":"action22","type":"key","parameters":{},"actions":[{"type":"keyDown","value":"î€‡"},{"type":"pause","duration":10},{"type":"keyUp","value":"î€‡"}]}]}
RESULT: {"actions":[{"id":"action22","type":"key","parameters":{},"actions":[{"type":"keyDown","value":"î€‡"},{"type":"pause","duration":10},{"type":"keyUp","value":"î€‡"}]}]}
COMMAND: POST /session/ee4ef4c40535e05b41317013d6b0695a/execute/async - {"script":"<script> [1562 bytes]","args":[{"selector":{"id":"application-managepartners-display-component---NewPartner--externalCustomerComboBox-application-managepartners-display-component---NewPartner--assignmentsTable-0-vhi"},"wdio_ui5_key":"applicationmanagepartners-display-component---NewPartner--externalCustomerComboBox-application-managepartners-display-component---NewPartner--assignmentsTable-0-vhi"}]}
COMMAND: GET /session/ee4ef4c40535e05b41317013d6b0695a/screenshot - {}
RESULT: {"script":"<script> [1562 bytes]","args":[{"selector":{"id":"application-managepartners-display-component---NewPartner--externalCustomerComboBox-application-managepartners-display-component---NewPartner--assignmentsTable-0-vhi"},"wdio_ui5_key":"applicationmanagepartners-display-component---NewPartner--externalCustomerComboBox-application-managepartners-display-component---NewPartner--assignmentsTable-0-vhi"}]}
RESULT: undefined
COMMAND: POST /session/ee4ef4c40535e05b41317013d6b0695a/element - {"using":"xpath","value":"//*[@id=\"application-managepartners-display-component---NewPartner--externalCustomerComboBox-application-managepartners-display-component---NewPartner--assignmentsTable-0-vhi\"]"}
RESULT: {}
RESULT: {"using":"xpath","value":"//*[@id=\"application-managepartners-display-component---NewPartner--externalCustomerComboBox-application-managepartners-display-component---NewPartner--assignmentsTable-0-vhi\"]"}
COMMAND: POST /session/ee4ef4c40535e05b41317013d6b0695a/element/f.00329360D5A862BC98A13AE160565CE6.d.9ECF0F2F5698FC5B96CB1175780A91A7.e.6296/click - {}
RESULT: {}
RESULT: undefined
COMMAND: POST /session/ee4ef4c40535e05b41317013d6b0695a/execute/async - {"script":"<script> [776 bytes]","args":[{"enterText":"300003","selector":{"controlType":"sap.m.SearchField","properties":{"placeholder":"Search"},"searchOpenDialogs":true,"interaction":{"idSuffix":"I"}},"clearTextFirst":true,"interactionType":"ENTER_TEXT"}]}
COMMAND: GET /session/ee4ef4c40535e05b41317013d6b0695a/screenshot - {}
RESULT: {"script":"<script> [776 bytes]","args":[{"enterText":"300003","selector":{"controlType":"sap.m.SearchField","properties":{"placeholder":"Search"},"searchOpenDialogs":true,"interaction":{"idSuffix":"I"}},"clearTextFirst":true,"interactionType":"ENTER_TEXT"}]}
COMMAND: POST /session/ee4ef4c40535e05b41317013d6b0695a/actions - {"actions":[{"id":"action23","type":"key","parameters":{},"actions":[{"type":"keyDown","value":"î€‡"},{"type":"pause","duration":10},{"type":"keyUp","value":"î€‡"}]}]}
RESULT: {}
RESULT: {"actions":[{"id":"action23","type":"key","parameters":{},"actions":[{"type":"keyDown","value":"î€‡"},{"type":"pause","duration":10},{"type":"keyUp","value":"î€‡"}]}]}
COMMAND: GET /session/ee4ef4c40535e05b41317013d6b0695a/screenshot - {}
RESULT: {}
COMMAND: POST /session/ee4ef4c40535e05b41317013d6b0695a/element - {"using":"xpath","value":"//span[contains(text(), \"300003\")]"}
RESULT: {"using":"xpath","value":"//span[contains(text(), \"300003\")]"}
COMMAND: POST /session/ee4ef4c40535e05b41317013d6b0695a/element/f.00329360D5A862BC98A13AE160565CE6.d.9ECF0F2F5698FC5B96CB1175780A91A7.e.6313/click - {}
RESULT: {}
COMMAND: GET /session/ee4ef4c40535e05b41317013d6b0695a/screenshot - {}
RESULT: {}
COMMAND: POST /session/ee4ef4c40535e05b41317013d6b0695a/element - {"using":"xpath","value":"//bdi[contains(text(), \"OK\")]"}
RESULT: {"using":"xpath","value":"//bdi[contains(text(), \"OK\")]"}
COMMAND: POST /session/ee4ef4c40535e05b41317013d6b0695a/element/f.00329360D5A862BC98A13AE160565CE6.d.9ECF0F2F5698FC5B96CB1175780A91A7.e.6315/click - {}
RESULT: {}
COMMAND: GET /session/ee4ef4c40535e05b41317013d6b0695a/screenshot - {}
RESULT: {}
COMMAND: POST /session/ee4ef4c40535e05b41317013d6b0695a/execute/async - {"script":"<script> [1562 bytes]","args":[{"selector":{"id":"application-managepartners-display-component---NewPartner--intercompVendorComboBox-application-managepartners-display-component---NewPartner--assignmentsTable-0-vhi"},"wdio_ui5_key":"applicationmanagepartners-display-component---NewPartner--intercompVendorComboBox-application-managepartners-display-component---NewPartner--assignmentsTable-0-vhi"}]}
RESULT: {"script":"<script> [1562 bytes]","args":[{"selector":{"id":"application-managepartners-display-component---NewPartner--intercompVendorComboBox-application-managepartners-display-component---NewPartner--assignmentsTable-0-vhi"},"wdio_ui5_key":"applicationmanagepartners-display-component---NewPartner--intercompVendorComboBox-application-managepartners-display-component---NewPartner--assignmentsTable-0-vhi"}]}
RESULT: undefined
COMMAND: POST /session/ee4ef4c40535e05b41317013d6b0695a/element - {"using":"xpath","value":"//*[@id=\"application-managepartners-display-component---NewPartner--intercompVendorComboBox-application-managepartners-display-component---NewPartner--assignmentsTable-0-vhi\"]"}
RESULT: {"using":"xpath","value":"//*[@id=\"application-managepartners-display-component---NewPartner--intercompVendorComboBox-application-managepartners-display-component---NewPartner--assignmentsTable-0-vhi\"]"}
COMMAND: POST /session/ee4ef4c40535e05b41317013d6b0695a/element/f.00329360D5A862BC98A13AE160565CE6.d.9ECF0F2F5698FC5B96CB1175780A91A7.e.6318/click - {}
RESULT: {}
RESULT: undefined
COMMAND: POST /session/ee4ef4c40535e05b41317013d6b0695a/execute/async - {"script":"<script> [776 bytes]","args":[{"enterText":"100005","selector":{"controlType":"sap.m.SearchField","properties":{"placeholder":"Search"},"searchOpenDialogs":true,"interaction":{"idSuffix":"I"}},"clearTextFirst":true,"interactionType":"ENTER_TEXT"}]}
COMMAND: GET /session/ee4ef4c40535e05b41317013d6b0695a/screenshot - {}
RESULT: {"script":"<script> [776 bytes]","args":[{"enterText":"100005","selector":{"controlType":"sap.m.SearchField","properties":{"placeholder":"Search"},"searchOpenDialogs":true,"interaction":{"idSuffix":"I"}},"clearTextFirst":true,"interactionType":"ENTER_TEXT"}]}
COMMAND: POST /session/ee4ef4c40535e05b41317013d6b0695a/actions - {"actions":[{"id":"action24","type":"key","parameters":{},"actions":[{"type":"keyDown","value":"î€‡"},{"type":"pause","duration":10},{"type":"keyUp","value":"î€‡"}]}]}
RESULT: {}
RESULT: {"actions":[{"id":"action24","type":"key","parameters":{},"actions":[{"type":"keyDown","value":"î€‡"},{"type":"pause","duration":10},{"type":"keyUp","value":"î€‡"}]}]}
COMMAND: GET /session/ee4ef4c40535e05b41317013d6b0695a/screenshot - {}
RESULT: {}
COMMAND: POST /session/ee4ef4c40535e05b41317013d6b0695a/element - {"using":"xpath","value":"//span[contains(text(), \"Penguins - Field/12345 Berlin\")]"}
RESULT: {"using":"xpath","value":"//span[contains(text(), \"Penguins - Field/12345 Berlin\")]"}
COMMAND: POST /session/ee4ef4c40535e05b41317013d6b0695a/element/f.00329360D5A862BC98A13AE160565CE6.d.9ECF0F2F5698FC5B96CB1175780A91A7.e.6335/click - {}
RESULT: {}
COMMAND: GET /session/ee4ef4c40535e05b41317013d6b0695a/screenshot - {}
RESULT: {}
COMMAND: POST /session/ee4ef4c40535e05b41317013d6b0695a/element - {"using":"xpath","value":"//bdi[contains(text(), \"OK\")]"}
RESULT: {"using":"xpath","value":"//bdi[contains(text(), \"OK\")]"}
COMMAND: POST /session/ee4ef4c40535e05b41317013d6b0695a/element/f.00329360D5A862BC98A13AE160565CE6.d.9ECF0F2F5698FC5B96CB1175780A91A7.e.6336/click - {}
RESULT: {}
COMMAND: GET /session/ee4ef4c40535e05b41317013d6b0695a/screenshot - {}
RESULT: {}
COMMAND: POST /session/ee4ef4c40535e05b41317013d6b0695a/element - {"using":"xpath","value":"//button[@data-kt=\"saveButton\"]"}
RESULT: {"using":"xpath","value":"//button[@data-kt=\"saveButton\"]"}
COMMAND: POST /session/ee4ef4c40535e05b41317013d6b0695a/element/f.00329360D5A862BC98A13AE160565CE6.d.9ECF0F2F5698FC5B96CB1175780A91A7.e.6106/click - {}
RESULT: {}
COMMAND: GET /session/ee4ef4c40535e05b41317013d6b0695a/screenshot - {}
RESULT: {}
COMMAND: POST /session/ee4ef4c40535e05b41317013d6b0695a/element - {"using":"xpath","value":"//header[contains(@id, 'ObjectPageLayout-headerTitle')]/div[1]/div[2]/div[2]/span[1]"}
RESULT: {"using":"xpath","value":"//header[contains(@id, 'ObjectPageLayout-headerTitle')]/div[1]/div[2]/div[2]/span[1]"}
COMMAND: POST /session/ee4ef4c40535e05b41317013d6b0695a/elements - {"using":"xpath","value":"//header[contains(@id, 'ObjectPageLayout-headerTitle')]/div[1]/div[2]/div[2]/span[1]"}
RESULT: {"using":"xpath","value":"//header[contains(@id, 'ObjectPageLayout-headerTitle')]/div[1]/div[2]/div[2]/span[1]"}
COMMAND: POST /session/ee4ef4c40535e05b41317013d6b0695a/execute/sync - {"script":"<script> [56 bytes]","args":[{"element-6066-11e4-a52e-4f735466cecf":"f.00329360D5A862BC98A13AE160565CE6.d.9ECF0F2F5698FC5B96CB1175780A91A7.e.6500","ELEMENT":"f.00329360D5A862BC98A13AE160565CE6.d.9ECF0F2F5698FC5B96CB1175780A91A7.e.6500"}]}
RESULT: {"script":"<script> [56 bytes]","args":[{"element-6066-11e4-a52e-4f735466cecf":"f.00329360D5A862BC98A13AE160565CE6.d.9ECF0F2F5698FC5B96CB1175780A91A7.e.6500","ELEMENT":"f.00329360D5A862BC98A13AE160565CE6.d.9ECF0F2F5698FC5B96CB1175780A91A7.e.6500"}]}
COMMAND: POST /session/ee4ef4c40535e05b41317013d6b0695a/element - {"using":"css selector","value":"#shell-header-logo"}
COMMAND: GET /session/ee4ef4c40535e05b41317013d6b0695a/screenshot - {}
RESULT: {"using":"css selector","value":"#shell-header-logo"}
COMMAND: POST /session/ee4ef4c40535e05b41317013d6b0695a/element/f.00329360D5A862BC98A13AE160565CE6.d.9ECF0F2F5698FC5B96CB1175780A91A7.e.5753/click - {}
RESULT: {}
RESULT: {}
COMMAND: GET /session/ee4ef4c40535e05b41317013d6b0695a/screenshot - {}
RESULT: {}
COMMAND: POST /session/ee4ef4c40535e05b41317013d6b0695a/execute/sync - {"script":"<script> [299 bytes]","args":[["getModel","getResource"]]}
RESULT: {"script":"<script> [299 bytes]","args":[["getModel","getResource"]]}
]]></system-out>
    </testcase>
    <testcase classname="chrome.136_0_7103_49.windows.Create_master_data_for_mixed_billing_&amp;_do_billing_calculation_US151661" name="Should create a new site" time="95.829">
      <system-out><![CDATA[
COMMAND: GET /session/ee4ef4c40535e05b41317013d6b0695a/screenshot - {}
COMMAND: POST /session/ee4ef4c40535e05b41317013d6b0695a/execute/async - {"script":"<script> [1562 bytes]","args":[{"selector":{"controlType":"sap.m.TileContent","bindingPath":{"path":"","propertyPath":"/properties/info"},"ancestor":{"controlType":"sap.m.GenericTile","properties":{"header":"Manage Sites"}}},"wdio_ui5_key":"sapm.TileContent{\"path\":\"\",\"propertyPath\":\"/properties/info\"}{\"controlType\":\"sap.m.GenericTile\",\"properties\":{\"header\":\"Manage Sites\"}}"}]}
RESULT: {}
RESULT: {"script":"<script> [1562 bytes]","args":[{"selector":{"controlType":"sap.m.TileContent","bindingPath":{"path":"","propertyPath":"/properties/info"},"ancestor":{"controlType":"sap.m.GenericTile","properties":{"header":"Manage Sites"}}},"wdio_ui5_key":"sapm.TileContent{\"path\":\"\",\"propertyPath\":\"/properties/info\"}{\"controlType\":\"sap.m.GenericTile\",\"properties\":{\"header\":\"Manage Sites\"}}"}]}
RESULT: undefined
COMMAND: POST /session/ee4ef4c40535e05b41317013d6b0695a/element - {"using":"xpath","value":"//*[@id=\"__xmlview7--numericTileContent\"]"}
RESULT: {"using":"xpath","value":"//*[@id=\"__xmlview7--numericTileContent\"]"}
COMMAND: POST /session/ee4ef4c40535e05b41317013d6b0695a/element/f.00329360D5A862BC98A13AE160565CE6.d.9ECF0F2F5698FC5B96CB1175780A91A7.e.6502/click - {}
RESULT: {}
COMMAND: POST /session/ee4ef4c40535e05b41317013d6b0695a/element - {"using":"xpath","value":"//button[@data-kt=\"addOverflowToolbarButton\"]"}
COMMAND: GET /session/ee4ef4c40535e05b41317013d6b0695a/screenshot - {}
RESULT: {"using":"xpath","value":"//button[@data-kt=\"addOverflowToolbarButton\"]"}
COMMAND: POST /session/ee4ef4c40535e05b41317013d6b0695a/elements - {"using":"xpath","value":"//button[@data-kt=\"addOverflowToolbarButton\"]"}
RESULT: {}
RESULT: {"using":"xpath","value":"//button[@data-kt=\"addOverflowToolbarButton\"]"}
COMMAND: POST /session/ee4ef4c40535e05b41317013d6b0695a/elements - {"using":"xpath","value":"//button[@data-kt=\"addOverflowToolbarButton\"]"}
RESULT: {"using":"xpath","value":"//button[@data-kt=\"addOverflowToolbarButton\"]"}
COMMAND: POST /session/ee4ef4c40535e05b41317013d6b0695a/element - {"using":"xpath","value":"//button[@data-kt=\"addOverflowToolbarButton\"]"}
RESULT: {"using":"xpath","value":"//button[@data-kt=\"addOverflowToolbarButton\"]"}
COMMAND: POST /session/ee4ef4c40535e05b41317013d6b0695a/execute/sync - {"script":"<script> [8489 bytes]","args":[{"element-6066-11e4-a52e-4f735466cecf":"f.00329360D5A862BC98A13AE160565CE6.d.9ECF0F2F5698FC5B96CB1175780A91A7.e.6548","ELEMENT":"f.00329360D5A862BC98A13AE160565CE6.d.9ECF0F2F5698FC5B96CB1175780A91A7.e.6548"}]}
RESULT: {"script":"<script> [8489 bytes]","args":[{"element-6066-11e4-a52e-4f735466cecf":"f.00329360D5A862BC98A13AE160565CE6.d.9ECF0F2F5698FC5B96CB1175780A91A7.e.6548","ELEMENT":"f.00329360D5A862BC98A13AE160565CE6.d.9ECF0F2F5698FC5B96CB1175780A91A7.e.6548"}]}
COMMAND: GET /session/ee4ef4c40535e05b41317013d6b0695a/element/f.00329360D5A862BC98A13AE160565CE6.d.9ECF0F2F5698FC5B96CB1175780A91A7.e.6548/enabled - {}
COMMAND: GET /session/ee4ef4c40535e05b41317013d6b0695a/screenshot - {}
RESULT: {}
COMMAND: POST /session/ee4ef4c40535e05b41317013d6b0695a/execute/sync - {"script":"<script> [8489 bytes]","args":[{"element-6066-11e4-a52e-4f735466cecf":"f.00329360D5A862BC98A13AE160565CE6.d.9ECF0F2F5698FC5B96CB1175780A91A7.e.6548","ELEMENT":"f.00329360D5A862BC98A13AE160565CE6.d.9ECF0F2F5698FC5B96CB1175780A91A7.e.6548"}]}
COMMAND: GET /session/ee4ef4c40535e05b41317013d6b0695a/screenshot - {}
RESULT: {}
RESULT: {"script":"<script> [8489 bytes]","args":[{"element-6066-11e4-a52e-4f735466cecf":"f.00329360D5A862BC98A13AE160565CE6.d.9ECF0F2F5698FC5B96CB1175780A91A7.e.6548","ELEMENT":"f.00329360D5A862BC98A13AE160565CE6.d.9ECF0F2F5698FC5B96CB1175780A91A7.e.6548"}]}
COMMAND: POST /session/ee4ef4c40535e05b41317013d6b0695a/execute/sync - {"script":"<script> [5351 bytes]","args":[{"element-6066-11e4-a52e-4f735466cecf":"f.00329360D5A862BC98A13AE160565CE6.d.9ECF0F2F5698FC5B96CB1175780A91A7.e.6548","ELEMENT":"f.00329360D5A862BC98A13AE160565CE6.d.9ECF0F2F5698FC5B96CB1175780A91A7.e.6548"}]}
COMMAND: GET /session/ee4ef4c40535e05b41317013d6b0695a/screenshot - {}
RESULT: {}
RESULT: {"script":"<script> [5351 bytes]","args":[{"element-6066-11e4-a52e-4f735466cecf":"f.00329360D5A862BC98A13AE160565CE6.d.9ECF0F2F5698FC5B96CB1175780A91A7.e.6548","ELEMENT":"f.00329360D5A862BC98A13AE160565CE6.d.9ECF0F2F5698FC5B96CB1175780A91A7.e.6548"}]}
COMMAND: POST /session/ee4ef4c40535e05b41317013d6b0695a/element/f.00329360D5A862BC98A13AE160565CE6.d.9ECF0F2F5698FC5B96CB1175780A91A7.e.6548/click - {}
COMMAND: GET /session/ee4ef4c40535e05b41317013d6b0695a/screenshot - {}
RESULT: {}
RESULT: {}
COMMAND: GET /session/ee4ef4c40535e05b41317013d6b0695a/screenshot - {}
RESULT: {}
RESULT: {}
COMMAND: POST /session/ee4ef4c40535e05b41317013d6b0695a/element - {"using":"xpath","value":"//input[@id=\"application-managesites-display-component---NewSite--siteId-inner\"]"}
RESULT: {"using":"xpath","value":"//input[@id=\"application-managesites-display-component---NewSite--siteId-inner\"]"}
COMMAND: POST /session/ee4ef4c40535e05b41317013d6b0695a/element - {"using":"xpath","value":"//input[@id=\"application-managesites-display-component---NewSite--siteId-inner\"]"}
RESULT: {"using":"xpath","value":"//input[@id=\"application-managesites-display-component---NewSite--siteId-inner\"]"}
COMMAND: POST /session/ee4ef4c40535e05b41317013d6b0695a/execute/async - {"script":"<script> [1562 bytes]","args":[{"selector":{"id":"application-managesites-display-component---NewSite--addressDetailDetailsName1","interaction":{"idSuffix":"inner"}},"wdio_ui5_key":"applicationmanagesites-display-component---NewSite--addressDetailDetailsName1"}]}
RESULT: {"script":"<script> [1562 bytes]","args":[{"selector":{"id":"application-managesites-display-component---NewSite--addressDetailDetailsName1","interaction":{"idSuffix":"inner"}},"wdio_ui5_key":"applicationmanagesites-display-component---NewSite--addressDetailDetailsName1"}]}
RESULT: undefined
COMMAND: POST /session/ee4ef4c40535e05b41317013d6b0695a/execute/async - {"script":"<script> [776 bytes]","args":[{"enterText":"Intercompany Site wdIO","selector":{"id":"application-managesites-display-component---NewSite--addressDetailDetailsName1","interaction":{"idSuffix":"inner"}},"clearTextFirst":true,"interactionType":"ENTER_TEXT"}]}
RESULT: {"script":"<script> [776 bytes]","args":[{"enterText":"Intercompany Site wdIO","selector":{"id":"application-managesites-display-component---NewSite--addressDetailDetailsName1","interaction":{"idSuffix":"inner"}},"clearTextFirst":true,"interactionType":"ENTER_TEXT"}]}
COMMAND: POST /session/ee4ef4c40535e05b41317013d6b0695a/execute/async - {"script":"<script> [1562 bytes]","args":[{"selector":{"id":"application-managesites-display-component---NewSite--addressDetailDetailsLanguage-arrow"},"wdio_ui5_key":"applicationmanagesites-display-component---NewSite--addressDetailDetailsLanguage-arrow"}]}
RESULT: {"script":"<script> [1562 bytes]","args":[{"selector":{"id":"application-managesites-display-component---NewSite--addressDetailDetailsLanguage-arrow"},"wdio_ui5_key":"applicationmanagesites-display-component---NewSite--addressDetailDetailsLanguage-arrow"}]}
RESULT: undefined
COMMAND: POST /session/ee4ef4c40535e05b41317013d6b0695a/element - {"using":"xpath","value":"//*[@id=\"application-managesites-display-component---NewSite--addressDetailDetailsLanguage-arrow\"]"}
RESULT: {"using":"xpath","value":"//*[@id=\"application-managesites-display-component---NewSite--addressDetailDetailsLanguage-arrow\"]"}
COMMAND: POST /session/ee4ef4c40535e05b41317013d6b0695a/element/f.00329360D5A862BC98A13AE160565CE6.d.9ECF0F2F5698FC5B96CB1175780A91A7.e.7184/click - {}
RESULT: {}
COMMAND: POST /session/ee4ef4c40535e05b41317013d6b0695a/element - {"using":"xpath","value":"//span[contains(text(), \"English\")]"}
COMMAND: GET /session/ee4ef4c40535e05b41317013d6b0695a/screenshot - {}
RESULT: {"using":"xpath","value":"//span[contains(text(), \"English\")]"}
COMMAND: POST /session/ee4ef4c40535e05b41317013d6b0695a/element/f.00329360D5A862BC98A13AE160565CE6.d.9ECF0F2F5698FC5B96CB1175780A91A7.e.7185/click - {}
RESULT: {}
RESULT: {}
COMMAND: POST /session/ee4ef4c40535e05b41317013d6b0695a/execute/async - {"script":"<script> [1562 bytes]","args":[{"selector":{"id":"application-managesites-display-component---NewSite--addressDetailDetailsCity1","interaction":{"idSuffix":"inner"}},"wdio_ui5_key":"applicationmanagesites-display-component---NewSite--addressDetailDetailsCity1"}]}
COMMAND: GET /session/ee4ef4c40535e05b41317013d6b0695a/screenshot - {}
RESULT: {"script":"<script> [1562 bytes]","args":[{"selector":{"id":"application-managesites-display-component---NewSite--addressDetailDetailsCity1","interaction":{"idSuffix":"inner"}},"wdio_ui5_key":"applicationmanagesites-display-component---NewSite--addressDetailDetailsCity1"}]}
RESULT: undefined
COMMAND: POST /session/ee4ef4c40535e05b41317013d6b0695a/execute/async - {"script":"<script> [776 bytes]","args":[{"enterText":"Rosario","selector":{"id":"application-managesites-display-component---NewSite--addressDetailDetailsCity1","interaction":{"idSuffix":"inner"}},"clearTextFirst":true,"interactionType":"ENTER_TEXT"}]}
RESULT: {}
RESULT: {"script":"<script> [776 bytes]","args":[{"enterText":"Rosario","selector":{"id":"application-managesites-display-component---NewSite--addressDetailDetailsCity1","interaction":{"idSuffix":"inner"}},"clearTextFirst":true,"interactionType":"ENTER_TEXT"}]}
COMMAND: POST /session/ee4ef4c40535e05b41317013d6b0695a/execute/async - {"script":"<script> [1562 bytes]","args":[{"selector":{"id":"application-managesites-display-component---NewSite--addressDetailDetailsCountry-arrow"},"wdio_ui5_key":"applicationmanagesites-display-component---NewSite--addressDetailDetailsCountry-arrow"}]}
RESULT: {"script":"<script> [1562 bytes]","args":[{"selector":{"id":"application-managesites-display-component---NewSite--addressDetailDetailsCountry-arrow"},"wdio_ui5_key":"applicationmanagesites-display-component---NewSite--addressDetailDetailsCountry-arrow"}]}
RESULT: undefined
COMMAND: POST /session/ee4ef4c40535e05b41317013d6b0695a/element - {"using":"xpath","value":"//*[@id=\"application-managesites-display-component---NewSite--addressDetailDetailsCountry-arrow\"]"}
RESULT: {"using":"xpath","value":"//*[@id=\"application-managesites-display-component---NewSite--addressDetailDetailsCountry-arrow\"]"}
COMMAND: POST /session/ee4ef4c40535e05b41317013d6b0695a/element/f.00329360D5A862BC98A13AE160565CE6.d.9ECF0F2F5698FC5B96CB1175780A91A7.e.7187/click - {}
RESULT: {}
COMMAND: POST /session/ee4ef4c40535e05b41317013d6b0695a/element - {"using":"xpath","value":"//span[contains(text(), \"Argentina\")]"}
COMMAND: GET /session/ee4ef4c40535e05b41317013d6b0695a/screenshot - {}
RESULT: {"using":"xpath","value":"//span[contains(text(), \"Argentina\")]"}
COMMAND: POST /session/ee4ef4c40535e05b41317013d6b0695a/element/f.00329360D5A862BC98A13AE160565CE6.d.9ECF0F2F5698FC5B96CB1175780A91A7.e.7188/click - {}
RESULT: {}
RESULT: {}
COMMAND: GET /session/ee4ef4c40535e05b41317013d6b0695a/screenshot - {}
RESULT: {}
COMMAND: POST /session/ee4ef4c40535e05b41317013d6b0695a/execute/async - {"script":"<script> [1562 bytes]","args":[{"selector":{"id":"application-managesites-display-component---NewSite--addressEditDetailsCostObjectCstType-arrow"},"wdio_ui5_key":"applicationmanagesites-display-component---NewSite--addressEditDetailsCostObjectCstType-arrow"}]}
RESULT: {"script":"<script> [1562 bytes]","args":[{"selector":{"id":"application-managesites-display-component---NewSite--addressEditDetailsCostObjectCstType-arrow"},"wdio_ui5_key":"applicationmanagesites-display-component---NewSite--addressEditDetailsCostObjectCstType-arrow"}]}
RESULT: undefined
COMMAND: POST /session/ee4ef4c40535e05b41317013d6b0695a/element - {"using":"xpath","value":"//*[@id=\"application-managesites-display-component---NewSite--addressEditDetailsCostObjectCstType-arrow\"]"}
RESULT: {"using":"xpath","value":"//*[@id=\"application-managesites-display-component---NewSite--addressEditDetailsCostObjectCstType-arrow\"]"}
COMMAND: POST /session/ee4ef4c40535e05b41317013d6b0695a/element/f.00329360D5A862BC98A13AE160565CE6.d.9ECF0F2F5698FC5B96CB1175780A91A7.e.7190/click - {}
RESULT: {}
COMMAND: POST /session/ee4ef4c40535e05b41317013d6b0695a/element - {"using":"xpath","value":"//span[contains(text(), \"Cost Center\")]"}
COMMAND: GET /session/ee4ef4c40535e05b41317013d6b0695a/screenshot - {}
RESULT: {"using":"xpath","value":"//span[contains(text(), \"Cost Center\")]"}
COMMAND: POST /session/ee4ef4c40535e05b41317013d6b0695a/element/f.00329360D5A862BC98A13AE160565CE6.d.9ECF0F2F5698FC5B96CB1175780A91A7.e.7191/click - {}
RESULT: {}
RESULT: {}
COMMAND: GET /session/ee4ef4c40535e05b41317013d6b0695a/screenshot - {}
RESULT: {}
COMMAND: POST /session/ee4ef4c40535e05b41317013d6b0695a/element - {"using":"xpath","value":"//span[@id=\"application-managesites-display-component---NewSite--addressNewCostObjectCstID-vhi\"]"}
RESULT: {"using":"xpath","value":"//span[@id=\"application-managesites-display-component---NewSite--addressNewCostObjectCstID-vhi\"]"}
COMMAND: POST /session/ee4ef4c40535e05b41317013d6b0695a/execute/sync - {"script":"<script> [8489 bytes]","args":[{"element-6066-11e4-a52e-4f735466cecf":"f.00329360D5A862BC98A13AE160565CE6.d.9ECF0F2F5698FC5B96CB1175780A91A7.e.7196","ELEMENT":"f.00329360D5A862BC98A13AE160565CE6.d.9ECF0F2F5698FC5B96CB1175780A91A7.e.7196"}]}
RESULT: {"script":"<script> [8489 bytes]","args":[{"element-6066-11e4-a52e-4f735466cecf":"f.00329360D5A862BC98A13AE160565CE6.d.9ECF0F2F5698FC5B96CB1175780A91A7.e.7196","ELEMENT":"f.00329360D5A862BC98A13AE160565CE6.d.9ECF0F2F5698FC5B96CB1175780A91A7.e.7196"}]}
COMMAND: POST /session/ee4ef4c40535e05b41317013d6b0695a/execute/async - {"script":"<script> [1562 bytes]","args":[{"selector":{"id":"application-managesites-display-component---NewSite--addressNewCostObjectCstID-vhi"},"wdio_ui5_key":"applicationmanagesites-display-component---NewSite--addressNewCostObjectCstID-vhi"}]}
COMMAND: GET /session/ee4ef4c40535e05b41317013d6b0695a/screenshot - {}
RESULT: {"script":"<script> [1562 bytes]","args":[{"selector":{"id":"application-managesites-display-component---NewSite--addressNewCostObjectCstID-vhi"},"wdio_ui5_key":"applicationmanagesites-display-component---NewSite--addressNewCostObjectCstID-vhi"}]}
RESULT: undefined
COMMAND: POST /session/ee4ef4c40535e05b41317013d6b0695a/element - {"using":"xpath","value":"//*[@id=\"application-managesites-display-component---NewSite--addressNewCostObjectCstID-vhi\"]"}
RESULT: {}
RESULT: {"using":"xpath","value":"//*[@id=\"application-managesites-display-component---NewSite--addressNewCostObjectCstID-vhi\"]"}
COMMAND: POST /session/ee4ef4c40535e05b41317013d6b0695a/element/f.00329360D5A862BC98A13AE160565CE6.d.9ECF0F2F5698FC5B96CB1175780A91A7.e.7196/click - {}
RESULT: {}
COMMAND: GET /session/ee4ef4c40535e05b41317013d6b0695a/screenshot - {}
RESULT: {}
RESULT: undefined
COMMAND: POST /session/ee4ef4c40535e05b41317013d6b0695a/execute/async - {"script":"<script> [776 bytes]","args":[{"enterText":"10001013","selector":{"controlType":"sap.m.SearchField","properties":{"placeholder":"Search"},"searchOpenDialogs":true,"interaction":{"idSuffix":"I"}},"clearTextFirst":true,"interactionType":"ENTER_TEXT"}]}
RESULT: {"script":"<script> [776 bytes]","args":[{"enterText":"10001013","selector":{"controlType":"sap.m.SearchField","properties":{"placeholder":"Search"},"searchOpenDialogs":true,"interaction":{"idSuffix":"I"}},"clearTextFirst":true,"interactionType":"ENTER_TEXT"}]}
COMMAND: POST /session/ee4ef4c40535e05b41317013d6b0695a/actions - {"actions":[{"id":"action25","type":"key","parameters":{},"actions":[{"type":"keyDown","value":"î€‡"},{"type":"pause","duration":10},{"type":"keyUp","value":"î€‡"}]}]}
RESULT: {"actions":[{"id":"action25","type":"key","parameters":{},"actions":[{"type":"keyDown","value":"î€‡"},{"type":"pause","duration":10},{"type":"keyUp","value":"î€‡"}]}]}
COMMAND: GET /session/ee4ef4c40535e05b41317013d6b0695a/screenshot - {}
RESULT: {}
COMMAND: POST /session/ee4ef4c40535e05b41317013d6b0695a/element - {"using":"xpath","value":"//span[contains(text(), \"General Management\")]"}
RESULT: {"using":"xpath","value":"//span[contains(text(), \"General Management\")]"}
COMMAND: POST /session/ee4ef4c40535e05b41317013d6b0695a/element/f.00329360D5A862BC98A13AE160565CE6.d.9ECF0F2F5698FC5B96CB1175780A91A7.e.7234/click - {}
RESULT: {}
COMMAND: GET /session/ee4ef4c40535e05b41317013d6b0695a/screenshot - {}
RESULT: {}
COMMAND: POST /session/ee4ef4c40535e05b41317013d6b0695a/element - {"using":"xpath","value":"//bdi[contains(text(), \"OK\")]"}
RESULT: {"using":"xpath","value":"//bdi[contains(text(), \"OK\")]"}
COMMAND: POST /session/ee4ef4c40535e05b41317013d6b0695a/element/f.00329360D5A862BC98A13AE160565CE6.d.9ECF0F2F5698FC5B96CB1175780A91A7.e.7235/click - {}
RESULT: {}
COMMAND: GET /session/ee4ef4c40535e05b41317013d6b0695a/screenshot - {}
RESULT: {}
COMMAND: POST /session/ee4ef4c40535e05b41317013d6b0695a/element - {"using":"xpath","value":"//input[@id=\"application-managesites-display-component---NewSite--addressDetailDetailsCalendar-inner\"]"}
RESULT: {"using":"xpath","value":"//input[@id=\"application-managesites-display-component---NewSite--addressDetailDetailsCalendar-inner\"]"}
COMMAND: POST /session/ee4ef4c40535e05b41317013d6b0695a/element/f.00329360D5A862BC98A13AE160565CE6.d.9ECF0F2F5698FC5B96CB1175780A91A7.e.6986/clear - {}
RESULT: {}
COMMAND: POST /session/ee4ef4c40535e05b41317013d6b0695a/element/f.00329360D5A862BC98A13AE160565CE6.d.9ECF0F2F5698FC5B96CB1175780A91A7.e.6986/value - {"text":"Unit"}
COMMAND: GET /session/ee4ef4c40535e05b41317013d6b0695a/screenshot - {}
RESULT: {"text":"Unit"}
COMMAND: GET /session/ee4ef4c40535e05b41317013d6b0695a/screenshot - {}
RESULT: {}
RESULT: {}
COMMAND: POST /session/ee4ef4c40535e05b41317013d6b0695a/actions - {"actions":[{"id":"action26","type":"key","parameters":{},"actions":[{"type":"keyDown","value":"î€‡"},{"type":"pause","duration":10},{"type":"keyUp","value":"î€‡"}]}]}
RESULT: {"actions":[{"id":"action26","type":"key","parameters":{},"actions":[{"type":"keyDown","value":"î€‡"},{"type":"pause","duration":10},{"type":"keyUp","value":"î€‡"}]}]}
COMMAND: POST /session/ee4ef4c40535e05b41317013d6b0695a/element - {"using":"xpath","value":"//input[@id=\"application-managesites-display-component---NewSite--addressDetailDetailsYard-inner\"]"}
COMMAND: GET /session/ee4ef4c40535e05b41317013d6b0695a/screenshot - {}
RESULT: {"using":"xpath","value":"//input[@id=\"application-managesites-display-component---NewSite--addressDetailDetailsYard-inner\"]"}
COMMAND: POST /session/ee4ef4c40535e05b41317013d6b0695a/element/f.00329360D5A862BC98A13AE160565CE6.d.9ECF0F2F5698FC5B96CB1175780A91A7.e.6987/clear - {}
RESULT: {}
RESULT: {}
COMMAND: POST /session/ee4ef4c40535e05b41317013d6b0695a/element/f.00329360D5A862BC98A13AE160565CE6.d.9ECF0F2F5698FC5B96CB1175780A91A7.e.6987/value - {"text":"306"}
COMMAND: GET /session/ee4ef4c40535e05b41317013d6b0695a/screenshot - {}
RESULT: {"text":"306"}
COMMAND: GET /session/ee4ef4c40535e05b41317013d6b0695a/screenshot - {}
RESULT: {}
RESULT: {}
COMMAND: POST /session/ee4ef4c40535e05b41317013d6b0695a/element - {"using":"xpath","value":"//li[.//span[text()='306']]"}
RESULT: {"using":"xpath","value":"//li[.//span[text()='306']]"}
COMMAND: POST /session/ee4ef4c40535e05b41317013d6b0695a/element/f.00329360D5A862BC98A13AE160565CE6.d.9ECF0F2F5698FC5B96CB1175780A91A7.e.7243/click - {}
RESULT: {}
COMMAND: GET /session/ee4ef4c40535e05b41317013d6b0695a/screenshot - {}
RESULT: {}
COMMAND: POST /session/ee4ef4c40535e05b41317013d6b0695a/element - {"using":"xpath","value":"//input[@id=\"application-managesites-display-component---NewSite--addressDetailDetailsPartner-inner\"]"}
RESULT: {"using":"xpath","value":"//input[@id=\"application-managesites-display-component---NewSite--addressDetailDetailsPartner-inner\"]"}
COMMAND: POST /session/ee4ef4c40535e05b41317013d6b0695a/element - {"using":"xpath","value":"//input[@id=\"application-managesites-display-component---NewSite--addressDetailDetailsPartner-inner\"]"}
RESULT: {"using":"xpath","value":"//input[@id=\"application-managesites-display-component---NewSite--addressDetailDetailsPartner-inner\"]"}
COMMAND: POST /session/ee4ef4c40535e05b41317013d6b0695a/element - {"using":"xpath","value":"//button[@data-kt=\"saveButton\"]"}
RESULT: {"using":"xpath","value":"//button[@data-kt=\"saveButton\"]"}
COMMAND: POST /session/ee4ef4c40535e05b41317013d6b0695a/element/f.00329360D5A862BC98A13AE160565CE6.d.9ECF0F2F5698FC5B96CB1175780A91A7.e.7126/click - {}
RESULT: {}
COMMAND: GET /session/ee4ef4c40535e05b41317013d6b0695a/screenshot - {}
RESULT: {}
COMMAND: POST /session/ee4ef4c40535e05b41317013d6b0695a/element - {"using":"xpath","value":"//header[contains(@id, 'ObjectPageLayout-headerTitle')]/div[1]/div[2]/div[2]/span[1]"}
RESULT: {"using":"xpath","value":"//header[contains(@id, 'ObjectPageLayout-headerTitle')]/div[1]/div[2]/div[2]/span[1]"}
COMMAND: POST /session/ee4ef4c40535e05b41317013d6b0695a/elements - {"using":"xpath","value":"//header[contains(@id, 'ObjectPageLayout-headerTitle')]/div[1]/div[2]/div[2]/span[1]"}
RESULT: {"using":"xpath","value":"//header[contains(@id, 'ObjectPageLayout-headerTitle')]/div[1]/div[2]/div[2]/span[1]"}
COMMAND: POST /session/ee4ef4c40535e05b41317013d6b0695a/execute/sync - {"script":"<script> [56 bytes]","args":[{"element-6066-11e4-a52e-4f735466cecf":"f.00329360D5A862BC98A13AE160565CE6.d.9ECF0F2F5698FC5B96CB1175780A91A7.e.7449","ELEMENT":"f.00329360D5A862BC98A13AE160565CE6.d.9ECF0F2F5698FC5B96CB1175780A91A7.e.7449"}]}
RESULT: {"script":"<script> [56 bytes]","args":[{"element-6066-11e4-a52e-4f735466cecf":"f.00329360D5A862BC98A13AE160565CE6.d.9ECF0F2F5698FC5B96CB1175780A91A7.e.7449","ELEMENT":"f.00329360D5A862BC98A13AE160565CE6.d.9ECF0F2F5698FC5B96CB1175780A91A7.e.7449"}]}
COMMAND: POST /session/ee4ef4c40535e05b41317013d6b0695a/element - {"using":"css selector","value":"#shell-header-logo"}
COMMAND: GET /session/ee4ef4c40535e05b41317013d6b0695a/screenshot - {}
RESULT: {"using":"css selector","value":"#shell-header-logo"}
COMMAND: POST /session/ee4ef4c40535e05b41317013d6b0695a/element/f.00329360D5A862BC98A13AE160565CE6.d.9ECF0F2F5698FC5B96CB1175780A91A7.e.6505/click - {}
RESULT: {}
RESULT: {}
COMMAND: GET /session/ee4ef4c40535e05b41317013d6b0695a/screenshot - {}
RESULT: {}
COMMAND: POST /session/ee4ef4c40535e05b41317013d6b0695a/execute/sync - {"script":"<script> [299 bytes]","args":[["getModel","getResource"]]}
RESULT: {"script":"<script> [299 bytes]","args":[["getModel","getResource"]]}
]]></system-out>
    </testcase>
    <testcase classname="chrome.136_0_7103_49.windows.Create_master_data_for_mixed_billing_&amp;_do_billing_calculation_US151661" name="Should create a new equipment and add a counter to it" time="162.951">
      <system-out><![CDATA[
COMMAND: POST /session/ee4ef4c40535e05b41317013d6b0695a/execute/async - {"script":"<script> [1562 bytes]","args":[{"selector":{"controlType":"sap.m.GenericTile","properties":{"header":"Manage Resources"}},"wdio_ui5_key":"sapm.GenericTile{\"header\":\"Manage Resources\"}"}]}
COMMAND: GET /session/ee4ef4c40535e05b41317013d6b0695a/screenshot - {}
RESULT: {"script":"<script> [1562 bytes]","args":[{"selector":{"controlType":"sap.m.GenericTile","properties":{"header":"Manage Resources"}},"wdio_ui5_key":"sapm.GenericTile{\"header\":\"Manage Resources\"}"}]}
RESULT: undefined
COMMAND: POST /session/ee4ef4c40535e05b41317013d6b0695a/element - {"using":"xpath","value":"//*[@id=\"__tile39\"]"}
RESULT: {}
RESULT: {"using":"xpath","value":"//*[@id=\"__tile39\"]"}
COMMAND: POST /session/ee4ef4c40535e05b41317013d6b0695a/element/f.00329360D5A862BC98A13AE160565CE6.d.9ECF0F2F5698FC5B96CB1175780A91A7.e.4893/click - {}
RESULT: {}
COMMAND: POST /session/ee4ef4c40535e05b41317013d6b0695a/element - {"using":"xpath","value":"//button[@data-kt=\"addNewRUOverflowToolbarButton\"]"}
COMMAND: GET /session/ee4ef4c40535e05b41317013d6b0695a/screenshot - {}
RESULT: {"using":"xpath","value":"//button[@data-kt=\"addNewRUOverflowToolbarButton\"]"}
COMMAND: POST /session/ee4ef4c40535e05b41317013d6b0695a/elements - {"using":"xpath","value":"//button[@data-kt=\"addNewRUOverflowToolbarButton\"]"}
RESULT: {}
RESULT: {"using":"xpath","value":"//button[@data-kt=\"addNewRUOverflowToolbarButton\"]"}
COMMAND: POST /session/ee4ef4c40535e05b41317013d6b0695a/elements - {"using":"xpath","value":"//button[@data-kt=\"addNewRUOverflowToolbarButton\"]"}
RESULT: {"using":"xpath","value":"//button[@data-kt=\"addNewRUOverflowToolbarButton\"]"}
COMMAND: POST /session/ee4ef4c40535e05b41317013d6b0695a/elements - {"using":"xpath","value":"//button[@data-kt=\"addNewRUOverflowToolbarButton\"]"}
RESULT: {"using":"xpath","value":"//button[@data-kt=\"addNewRUOverflowToolbarButton\"]"}
COMMAND: POST /session/ee4ef4c40535e05b41317013d6b0695a/elements - {"using":"xpath","value":"//button[@data-kt=\"addNewRUOverflowToolbarButton\"]"}
RESULT: {"using":"xpath","value":"//button[@data-kt=\"addNewRUOverflowToolbarButton\"]"}
COMMAND: POST /session/ee4ef4c40535e05b41317013d6b0695a/elements - {"using":"xpath","value":"//button[@data-kt=\"addNewRUOverflowToolbarButton\"]"}
RESULT: {"using":"xpath","value":"//button[@data-kt=\"addNewRUOverflowToolbarButton\"]"}
COMMAND: POST /session/ee4ef4c40535e05b41317013d6b0695a/elements - {"using":"xpath","value":"//button[@data-kt=\"addNewRUOverflowToolbarButton\"]"}
RESULT: {"using":"xpath","value":"//button[@data-kt=\"addNewRUOverflowToolbarButton\"]"}
COMMAND: POST /session/ee4ef4c40535e05b41317013d6b0695a/elements - {"using":"xpath","value":"//button[@data-kt=\"addNewRUOverflowToolbarButton\"]"}
RESULT: {"using":"xpath","value":"//button[@data-kt=\"addNewRUOverflowToolbarButton\"]"}
COMMAND: POST /session/ee4ef4c40535e05b41317013d6b0695a/elements - {"using":"xpath","value":"//button[@data-kt=\"addNewRUOverflowToolbarButton\"]"}
RESULT: {"using":"xpath","value":"//button[@data-kt=\"addNewRUOverflowToolbarButton\"]"}
COMMAND: POST /session/ee4ef4c40535e05b41317013d6b0695a/elements - {"using":"xpath","value":"//button[@data-kt=\"addNewRUOverflowToolbarButton\"]"}
RESULT: {"using":"xpath","value":"//button[@data-kt=\"addNewRUOverflowToolbarButton\"]"}
COMMAND: POST /session/ee4ef4c40535e05b41317013d6b0695a/elements - {"using":"xpath","value":"//button[@data-kt=\"addNewRUOverflowToolbarButton\"]"}
RESULT: {"using":"xpath","value":"//button[@data-kt=\"addNewRUOverflowToolbarButton\"]"}
COMMAND: POST /session/ee4ef4c40535e05b41317013d6b0695a/elements - {"using":"xpath","value":"//button[@data-kt=\"addNewRUOverflowToolbarButton\"]"}
RESULT: {"using":"xpath","value":"//button[@data-kt=\"addNewRUOverflowToolbarButton\"]"}
COMMAND: POST /session/ee4ef4c40535e05b41317013d6b0695a/elements - {"using":"xpath","value":"//button[@data-kt=\"addNewRUOverflowToolbarButton\"]"}
RESULT: {"using":"xpath","value":"//button[@data-kt=\"addNewRUOverflowToolbarButton\"]"}
COMMAND: POST /session/ee4ef4c40535e05b41317013d6b0695a/elements - {"using":"xpath","value":"//button[@data-kt=\"addNewRUOverflowToolbarButton\"]"}
RESULT: {"using":"xpath","value":"//button[@data-kt=\"addNewRUOverflowToolbarButton\"]"}
COMMAND: POST /session/ee4ef4c40535e05b41317013d6b0695a/elements - {"using":"xpath","value":"//button[@data-kt=\"addNewRUOverflowToolbarButton\"]"}
RESULT: {"using":"xpath","value":"//button[@data-kt=\"addNewRUOverflowToolbarButton\"]"}
COMMAND: POST /session/ee4ef4c40535e05b41317013d6b0695a/elements - {"using":"xpath","value":"//button[@data-kt=\"addNewRUOverflowToolbarButton\"]"}
RESULT: {"using":"xpath","value":"//button[@data-kt=\"addNewRUOverflowToolbarButton\"]"}
COMMAND: POST /session/ee4ef4c40535e05b41317013d6b0695a/elements - {"using":"xpath","value":"//button[@data-kt=\"addNewRUOverflowToolbarButton\"]"}
RESULT: {"using":"xpath","value":"//button[@data-kt=\"addNewRUOverflowToolbarButton\"]"}
COMMAND: POST /session/ee4ef4c40535e05b41317013d6b0695a/elements - {"using":"xpath","value":"//button[@data-kt=\"addNewRUOverflowToolbarButton\"]"}
RESULT: {"using":"xpath","value":"//button[@data-kt=\"addNewRUOverflowToolbarButton\"]"}
COMMAND: POST /session/ee4ef4c40535e05b41317013d6b0695a/elements - {"using":"xpath","value":"//button[@data-kt=\"addNewRUOverflowToolbarButton\"]"}
RESULT: {"using":"xpath","value":"//button[@data-kt=\"addNewRUOverflowToolbarButton\"]"}
COMMAND: POST /session/ee4ef4c40535e05b41317013d6b0695a/elements - {"using":"xpath","value":"//button[@data-kt=\"addNewRUOverflowToolbarButton\"]"}
RESULT: {"using":"xpath","value":"//button[@data-kt=\"addNewRUOverflowToolbarButton\"]"}
COMMAND: POST /session/ee4ef4c40535e05b41317013d6b0695a/elements - {"using":"xpath","value":"//button[@data-kt=\"addNewRUOverflowToolbarButton\"]"}
RESULT: {"using":"xpath","value":"//button[@data-kt=\"addNewRUOverflowToolbarButton\"]"}
COMMAND: POST /session/ee4ef4c40535e05b41317013d6b0695a/element - {"using":"xpath","value":"//button[@data-kt=\"addNewRUOverflowToolbarButton\"]"}
RESULT: {"using":"xpath","value":"//button[@data-kt=\"addNewRUOverflowToolbarButton\"]"}
COMMAND: POST /session/ee4ef4c40535e05b41317013d6b0695a/execute/sync - {"script":"<script> [8489 bytes]","args":[{"element-6066-11e4-a52e-4f735466cecf":"f.00329360D5A862BC98A13AE160565CE6.d.9ECF0F2F5698FC5B96CB1175780A91A7.e.7492","ELEMENT":"f.00329360D5A862BC98A13AE160565CE6.d.9ECF0F2F5698FC5B96CB1175780A91A7.e.7492"}]}
RESULT: {"script":"<script> [8489 bytes]","args":[{"element-6066-11e4-a52e-4f735466cecf":"f.00329360D5A862BC98A13AE160565CE6.d.9ECF0F2F5698FC5B96CB1175780A91A7.e.7492","ELEMENT":"f.00329360D5A862BC98A13AE160565CE6.d.9ECF0F2F5698FC5B96CB1175780A91A7.e.7492"}]}
COMMAND: GET /session/ee4ef4c40535e05b41317013d6b0695a/element/f.00329360D5A862BC98A13AE160565CE6.d.9ECF0F2F5698FC5B96CB1175780A91A7.e.7492/enabled - {}
COMMAND: GET /session/ee4ef4c40535e05b41317013d6b0695a/screenshot - {}
RESULT: {}
COMMAND: POST /session/ee4ef4c40535e05b41317013d6b0695a/execute/sync - {"script":"<script> [8489 bytes]","args":[{"element-6066-11e4-a52e-4f735466cecf":"f.00329360D5A862BC98A13AE160565CE6.d.9ECF0F2F5698FC5B96CB1175780A91A7.e.7492","ELEMENT":"f.00329360D5A862BC98A13AE160565CE6.d.9ECF0F2F5698FC5B96CB1175780A91A7.e.7492"}]}
COMMAND: GET /session/ee4ef4c40535e05b41317013d6b0695a/screenshot - {}
RESULT: {}
RESULT: {"script":"<script> [8489 bytes]","args":[{"element-6066-11e4-a52e-4f735466cecf":"f.00329360D5A862BC98A13AE160565CE6.d.9ECF0F2F5698FC5B96CB1175780A91A7.e.7492","ELEMENT":"f.00329360D5A862BC98A13AE160565CE6.d.9ECF0F2F5698FC5B96CB1175780A91A7.e.7492"}]}
COMMAND: POST /session/ee4ef4c40535e05b41317013d6b0695a/execute/sync - {"script":"<script> [5351 bytes]","args":[{"element-6066-11e4-a52e-4f735466cecf":"f.00329360D5A862BC98A13AE160565CE6.d.9ECF0F2F5698FC5B96CB1175780A91A7.e.7492","ELEMENT":"f.00329360D5A862BC98A13AE160565CE6.d.9ECF0F2F5698FC5B96CB1175780A91A7.e.7492"}]}
COMMAND: GET /session/ee4ef4c40535e05b41317013d6b0695a/screenshot - {}
RESULT: {}
RESULT: {"script":"<script> [5351 bytes]","args":[{"element-6066-11e4-a52e-4f735466cecf":"f.00329360D5A862BC98A13AE160565CE6.d.9ECF0F2F5698FC5B96CB1175780A91A7.e.7492","ELEMENT":"f.00329360D5A862BC98A13AE160565CE6.d.9ECF0F2F5698FC5B96CB1175780A91A7.e.7492"}]}
COMMAND: POST /session/ee4ef4c40535e05b41317013d6b0695a/element/f.00329360D5A862BC98A13AE160565CE6.d.9ECF0F2F5698FC5B96CB1175780A91A7.e.7492/click - {}
COMMAND: GET /session/ee4ef4c40535e05b41317013d6b0695a/screenshot - {}
RESULT: {}
RESULT: {}
COMMAND: GET /session/ee4ef4c40535e05b41317013d6b0695a/screenshot - {}
RESULT: {}
COMMAND: POST /session/ee4ef4c40535e05b41317013d6b0695a/execute/async - {"script":"<script> [1562 bytes]","args":[{"selector":{"id":"application-manageresources-display-component---newResourceUnit--TYPE-arrow"},"wdio_ui5_key":"applicationmanageresources-display-component---newResourceUnit--TYPE-arrow"}]}
RESULT: {}
RESULT: {"script":"<script> [1562 bytes]","args":[{"selector":{"id":"application-manageresources-display-component---newResourceUnit--TYPE-arrow"},"wdio_ui5_key":"applicationmanageresources-display-component---newResourceUnit--TYPE-arrow"}]}
RESULT: undefined
COMMAND: POST /session/ee4ef4c40535e05b41317013d6b0695a/element - {"using":"xpath","value":"//*[@id=\"application-manageresources-display-component---newResourceUnit--TYPE-arrow\"]"}
RESULT: {"using":"xpath","value":"//*[@id=\"application-manageresources-display-component---newResourceUnit--TYPE-arrow\"]"}
COMMAND: POST /session/ee4ef4c40535e05b41317013d6b0695a/element/f.00329360D5A862BC98A13AE160565CE6.d.9ECF0F2F5698FC5B96CB1175780A91A7.e.7840/click - {}
RESULT: {}
COMMAND: POST /session/ee4ef4c40535e05b41317013d6b0695a/element - {"using":"xpath","value":"//input[@id=\"application-manageresources-display-component---newResourceUnit--TYPE-inner\"]"}
COMMAND: GET /session/ee4ef4c40535e05b41317013d6b0695a/screenshot - {}
RESULT: {"using":"xpath","value":"//input[@id=\"application-manageresources-display-component---newResourceUnit--TYPE-inner\"]"}
COMMAND: POST /session/ee4ef4c40535e05b41317013d6b0695a/element/f.00329360D5A862BC98A13AE160565CE6.d.9ECF0F2F5698FC5B96CB1175780A91A7.e.7833/clear - {}
RESULT: {}
RESULT: {}
COMMAND: POST /session/ee4ef4c40535e05b41317013d6b0695a/element/f.00329360D5A862BC98A13AE160565CE6.d.9ECF0F2F5698FC5B96CB1175780A91A7.e.7833/value - {"text":"Equipment"}
COMMAND: GET /session/ee4ef4c40535e05b41317013d6b0695a/screenshot - {}
RESULT: {"text":"Equipment"}
COMMAND: GET /session/ee4ef4c40535e05b41317013d6b0695a/screenshot - {}
RESULT: {}
RESULT: {}
COMMAND: POST /session/ee4ef4c40535e05b41317013d6b0695a/actions - {"actions":[{"id":"action27","type":"key","parameters":{},"actions":[{"type":"keyDown","value":"î€‡"},{"type":"pause","duration":10},{"type":"keyUp","value":"î€‡"}]}]}
RESULT: {"actions":[{"id":"action27","type":"key","parameters":{},"actions":[{"type":"keyDown","value":"î€‡"},{"type":"pause","duration":10},{"type":"keyUp","value":"î€‡"}]}]}
COMMAND: POST /session/ee4ef4c40535e05b41317013d6b0695a/execute/async - {"script":"<script> [1562 bytes]","args":[{"selector":{"id":"application-manageresources-display-component---newResourceUnit--resourceId","interaction":{"idSuffix":"inner"}},"wdio_ui5_key":"applicationmanageresources-display-component---newResourceUnit--resourceId"}]}
COMMAND: GET /session/ee4ef4c40535e05b41317013d6b0695a/screenshot - {}
RESULT: {"script":"<script> [1562 bytes]","args":[{"selector":{"id":"application-manageresources-display-component---newResourceUnit--resourceId","interaction":{"idSuffix":"inner"}},"wdio_ui5_key":"applicationmanageresources-display-component---newResourceUnit--resourceId"}]}
RESULT: undefined
COMMAND: POST /session/ee4ef4c40535e05b41317013d6b0695a/execute/async - {"script":"<script> [776 bytes]","args":[{"enterText":"Gq3DUE8nAG","selector":{"id":"application-manageresources-display-component---newResourceUnit--resourceId","interaction":{"idSuffix":"inner"}},"clearTextFirst":true,"interactionType":"ENTER_TEXT"}]}
RESULT: {}
RESULT: {"script":"<script> [776 bytes]","args":[{"enterText":"Gq3DUE8nAG","selector":{"id":"application-manageresources-display-component---newResourceUnit--resourceId","interaction":{"idSuffix":"inner"}},"clearTextFirst":true,"interactionType":"ENTER_TEXT"}]}
COMMAND: POST /session/ee4ef4c40535e05b41317013d6b0695a/execute/async - {"script":"<script> [1562 bytes]","args":[{"selector":{"id":"application-manageresources-display-component---newResourceUnit--SHORT_TEXT","interaction":{"idSuffix":"inner"}},"wdio_ui5_key":"applicationmanageresources-display-component---newResourceUnit--SHORT_TEXT"}]}
RESULT: {"script":"<script> [1562 bytes]","args":[{"selector":{"id":"application-manageresources-display-component---newResourceUnit--SHORT_TEXT","interaction":{"idSuffix":"inner"}},"wdio_ui5_key":"applicationmanageresources-display-component---newResourceUnit--SHORT_TEXT"}]}
RESULT: undefined
COMMAND: POST /session/ee4ef4c40535e05b41317013d6b0695a/execute/async - {"script":"<script> [776 bytes]","args":[{"enterText":"Intercompany Equipment WDIO","selector":{"id":"application-manageresources-display-component---newResourceUnit--SHORT_TEXT","interaction":{"idSuffix":"inner"}},"clearTextFirst":true,"interactionType":"ENTER_TEXT"}]}
RESULT: {"script":"<script> [776 bytes]","args":[{"enterText":"Intercompany Equipment WDIO","selector":{"id":"application-manageresources-display-component---newResourceUnit--SHORT_TEXT","interaction":{"idSuffix":"inner"}},"clearTextFirst":true,"interactionType":"ENTER_TEXT"}]}
COMMAND: POST /session/ee4ef4c40535e05b41317013d6b0695a/execute/async - {"script":"<script> [1562 bytes]","args":[{"selector":{"id":"application-manageresources-display-component---newResourceUnit--BASE_UNIT_OF_MEASURE","interaction":{"idSuffix":"inner"}},"wdio_ui5_key":"applicationmanageresources-display-component---newResourceUnit--BASE_UNIT_OF_MEASURE"}]}
RESULT: {"script":"<script> [1562 bytes]","args":[{"selector":{"id":"application-manageresources-display-component---newResourceUnit--BASE_UNIT_OF_MEASURE","interaction":{"idSuffix":"inner"}},"wdio_ui5_key":"applicationmanageresources-display-component---newResourceUnit--BASE_UNIT_OF_MEASURE"}]}
RESULT: undefined
COMMAND: POST /session/ee4ef4c40535e05b41317013d6b0695a/execute/async - {"script":"<script> [776 bytes]","args":[{"enterText":"Piece","selector":{"id":"application-manageresources-display-component---newResourceUnit--BASE_UNIT_OF_MEASURE","interaction":{"idSuffix":"inner"}},"clearTextFirst":true,"interactionType":"ENTER_TEXT"}]}
RESULT: {"script":"<script> [776 bytes]","args":[{"enterText":"Piece","selector":{"id":"application-manageresources-display-component---newResourceUnit--BASE_UNIT_OF_MEASURE","interaction":{"idSuffix":"inner"}},"clearTextFirst":true,"interactionType":"ENTER_TEXT"}]}
COMMAND: POST /session/ee4ef4c40535e05b41317013d6b0695a/execute/async - {"script":"<script> [1562 bytes]","args":[{"selector":{"id":"application-manageresources-display-component---newResourceUnit--WEIGHT_UNIT","interaction":{"idSuffix":"inner"}},"wdio_ui5_key":"applicationmanageresources-display-component---newResourceUnit--WEIGHT_UNIT"}]}
RESULT: {"script":"<script> [1562 bytes]","args":[{"selector":{"id":"application-manageresources-display-component---newResourceUnit--WEIGHT_UNIT","interaction":{"idSuffix":"inner"}},"wdio_ui5_key":"applicationmanageresources-display-component---newResourceUnit--WEIGHT_UNIT"}]}
RESULT: undefined
COMMAND: POST /session/ee4ef4c40535e05b41317013d6b0695a/execute/async - {"script":"<script> [776 bytes]","args":[{"enterText":"Gram","selector":{"id":"application-manageresources-display-component---newResourceUnit--WEIGHT_UNIT","interaction":{"idSuffix":"inner"}},"clearTextFirst":true,"interactionType":"ENTER_TEXT"}]}
RESULT: {"script":"<script> [776 bytes]","args":[{"enterText":"Gram","selector":{"id":"application-manageresources-display-component---newResourceUnit--WEIGHT_UNIT","interaction":{"idSuffix":"inner"}},"clearTextFirst":true,"interactionType":"ENTER_TEXT"}]}
COMMAND: POST /session/ee4ef4c40535e05b41317013d6b0695a/execute/async - {"script":"<script> [1562 bytes]","args":[{"selector":{"id":"application-manageresources-display-component---newResourceUnit--DIMENSION_UNIT","interaction":{"idSuffix":"inner"}},"wdio_ui5_key":"applicationmanageresources-display-component---newResourceUnit--DIMENSION_UNIT"}]}
RESULT: {"script":"<script> [1562 bytes]","args":[{"selector":{"id":"application-manageresources-display-component---newResourceUnit--DIMENSION_UNIT","interaction":{"idSuffix":"inner"}},"wdio_ui5_key":"applicationmanageresources-display-component---newResourceUnit--DIMENSION_UNIT"}]}
RESULT: undefined
COMMAND: POST /session/ee4ef4c40535e05b41317013d6b0695a/execute/async - {"script":"<script> [776 bytes]","args":[{"enterText":"Meter","selector":{"id":"application-manageresources-display-component---newResourceUnit--DIMENSION_UNIT","interaction":{"idSuffix":"inner"}},"clearTextFirst":true,"interactionType":"ENTER_TEXT"}]}
RESULT: {"script":"<script> [776 bytes]","args":[{"enterText":"Meter","selector":{"id":"application-manageresources-display-component---newResourceUnit--DIMENSION_UNIT","interaction":{"idSuffix":"inner"}},"clearTextFirst":true,"interactionType":"ENTER_TEXT"}]}
COMMAND: POST /session/ee4ef4c40535e05b41317013d6b0695a/execute/async - {"script":"<script> [1562 bytes]","args":[{"selector":{"id":"application-manageresources-display-component---newResourceUnit--newRRUPage-anchBar-application-manageresources-display-component---newResourceUnit--control-anchor","interaction":{"idSuffix":"BDI-content"}},"wdio_ui5_key":"applicationmanageresources-display-component---newResourceUnit--newRRUPage-anchBar-application-manageresources-display-component---newResourceUnit--control-anchor"}]}
RESULT: {"script":"<script> [1562 bytes]","args":[{"selector":{"id":"application-manageresources-display-component---newResourceUnit--newRRUPage-anchBar-application-manageresources-display-component---newResourceUnit--control-anchor","interaction":{"idSuffix":"BDI-content"}},"wdio_ui5_key":"applicationmanageresources-display-component---newResourceUnit--newRRUPage-anchBar-application-manageresources-display-component---newResourceUnit--control-anchor"}]}
RESULT: undefined
COMMAND: POST /session/ee4ef4c40535e05b41317013d6b0695a/element - {"using":"xpath","value":"//*[@id=\"application-manageresources-display-component---newResourceUnit--newRRUPage-anchBar-application-manageresources-display-component---newResourceUnit--control-anchor\"]"}
RESULT: {"using":"xpath","value":"//*[@id=\"application-manageresources-display-component---newResourceUnit--newRRUPage-anchBar-application-manageresources-display-component---newResourceUnit--control-anchor\"]"}
COMMAND: POST /session/ee4ef4c40535e05b41317013d6b0695a/element/f.00329360D5A862BC98A13AE160565CE6.d.9ECF0F2F5698FC5B96CB1175780A91A7.e.7971/click - {}
RESULT: {}
COMMAND: POST /session/ee4ef4c40535e05b41317013d6b0695a/execute/async - {"script":"<script> [1562 bytes]","args":[{"selector":{"id":"application-manageresources-display-component---newResourceUnit--PLANNING_GROUP","interaction":{"idSuffix":"inner"}},"wdio_ui5_key":"applicationmanageresources-display-component---newResourceUnit--PLANNING_GROUP"}]}
COMMAND: GET /session/ee4ef4c40535e05b41317013d6b0695a/screenshot - {}
RESULT: {"script":"<script> [1562 bytes]","args":[{"selector":{"id":"application-manageresources-display-component---newResourceUnit--PLANNING_GROUP","interaction":{"idSuffix":"inner"}},"wdio_ui5_key":"applicationmanageresources-display-component---newResourceUnit--PLANNING_GROUP"}]}
RESULT: undefined
COMMAND: POST /session/ee4ef4c40535e05b41317013d6b0695a/execute/async - {"script":"<script> [776 bytes]","args":[{"enterText":"Heavy Equi","selector":{"id":"application-manageresources-display-component---newResourceUnit--PLANNING_GROUP","interaction":{"idSuffix":"inner"}},"clearTextFirst":true,"interactionType":"ENTER_TEXT"}]}
RESULT: {}
RESULT: {"script":"<script> [776 bytes]","args":[{"enterText":"Heavy Equi","selector":{"id":"application-manageresources-display-component---newResourceUnit--PLANNING_GROUP","interaction":{"idSuffix":"inner"}},"clearTextFirst":true,"interactionType":"ENTER_TEXT"}]}
COMMAND: POST /session/ee4ef4c40535e05b41317013d6b0695a/execute/async - {"script":"<script> [1562 bytes]","args":[{"selector":{"id":"application-manageresources-display-component---newResourceUnit--ITEM_TYPE-arrow"},"wdio_ui5_key":"applicationmanageresources-display-component---newResourceUnit--ITEM_TYPE-arrow"}]}
RESULT: {"script":"<script> [1562 bytes]","args":[{"selector":{"id":"application-manageresources-display-component---newResourceUnit--ITEM_TYPE-arrow"},"wdio_ui5_key":"applicationmanageresources-display-component---newResourceUnit--ITEM_TYPE-arrow"}]}
RESULT: undefined
COMMAND: POST /session/ee4ef4c40535e05b41317013d6b0695a/element - {"using":"xpath","value":"//*[@id=\"application-manageresources-display-component---newResourceUnit--ITEM_TYPE-arrow\"]"}
RESULT: {"using":"xpath","value":"//*[@id=\"application-manageresources-display-component---newResourceUnit--ITEM_TYPE-arrow\"]"}
COMMAND: POST /session/ee4ef4c40535e05b41317013d6b0695a/element/f.00329360D5A862BC98A13AE160565CE6.d.9ECF0F2F5698FC5B96CB1175780A91A7.e.7978/click - {}
RESULT: {}
COMMAND: POST /session/ee4ef4c40535e05b41317013d6b0695a/element - {"using":"xpath","value":"(//span[contains(text(), \"Resource Unit\")])[2]"}
COMMAND: GET /session/ee4ef4c40535e05b41317013d6b0695a/screenshot - {}
RESULT: {"using":"xpath","value":"(//span[contains(text(), \"Resource Unit\")])[2]"}
COMMAND: POST /session/ee4ef4c40535e05b41317013d6b0695a/element/f.00329360D5A862BC98A13AE160565CE6.d.9ECF0F2F5698FC5B96CB1175780A91A7.e.7979/click - {}
RESULT: {}
RESULT: {}
COMMAND: GET /session/ee4ef4c40535e05b41317013d6b0695a/screenshot - {}
RESULT: {}
COMMAND: POST /session/ee4ef4c40535e05b41317013d6b0695a/element - {"using":"css selector","value":"#application-manageresources-display-component---newResourceUnit--btnAddTimeSegment"}
RESULT: {"using":"css selector","value":"#application-manageresources-display-component---newResourceUnit--btnAddTimeSegment"}
COMMAND: GET /session/ee4ef4c40535e05b41317013d6b0695a/element/f.00329360D5A862BC98A13AE160565CE6.d.9ECF0F2F5698FC5B96CB1175780A91A7.e.7980/rect - {}
RESULT: {}
COMMAND: GET /session/ee4ef4c40535e05b41317013d6b0695a/window/rect - {}
RESULT: {}
COMMAND: POST /session/ee4ef4c40535e05b41317013d6b0695a/execute/sync - {"script":"<script> [92 bytes]","args":[]}
RESULT: {"script":"<script> [92 bytes]","args":[]}
COMMAND: POST /session/ee4ef4c40535e05b41317013d6b0695a/actions - {"actions":[{"id":"action28","type":"wheel","parameters":{},"actions":[{"type":"scroll","x":-1888,"y":-32,"deltaX":0,"deltaY":0,"duration":0,"origin":{"element-6066-11e4-a52e-4f735466cecf":"f.00329360D5A862BC98A13AE160565CE6.d.9ECF0F2F5698FC5B96CB1175780A91A7.e.7980"}}]}]}
COMMAND: GET /session/ee4ef4c40535e05b41317013d6b0695a/screenshot - {}
RESULT: {}
COMMAND: POST /session/ee4ef4c40535e05b41317013d6b0695a/execute/sync - {"script":"<script> [79 bytes]","args":[{"element-6066-11e4-a52e-4f735466cecf":"f.00329360D5A862BC98A13AE160565CE6.d.9ECF0F2F5698FC5B96CB1175780A91A7.e.7980","ELEMENT":"f.00329360D5A862BC98A13AE160565CE6.d.9ECF0F2F5698FC5B96CB1175780A91A7.e.7980"},{"block":"start","inline":"nearest"}]}
RESULT: {"script":"<script> [79 bytes]","args":[{"element-6066-11e4-a52e-4f735466cecf":"f.00329360D5A862BC98A13AE160565CE6.d.9ECF0F2F5698FC5B96CB1175780A91A7.e.7980","ELEMENT":"f.00329360D5A862BC98A13AE160565CE6.d.9ECF0F2F5698FC5B96CB1175780A91A7.e.7980"},{"block":"start","inline":"nearest"}]}
COMMAND: POST /session/ee4ef4c40535e05b41317013d6b0695a/execute/async - {"script":"<script> [1562 bytes]","args":[{"selector":{"id":"application-manageresources-display-component---newResourceUnit--btnAddTimeSegment","interaction":{"idSuffix":"inner"}},"wdio_ui5_key":"applicationmanageresources-display-component---newResourceUnit--btnAddTimeSegment"}]}
COMMAND: GET /session/ee4ef4c40535e05b41317013d6b0695a/screenshot - {}
RESULT: {"script":"<script> [1562 bytes]","args":[{"selector":{"id":"application-manageresources-display-component---newResourceUnit--btnAddTimeSegment","interaction":{"idSuffix":"inner"}},"wdio_ui5_key":"applicationmanageresources-display-component---newResourceUnit--btnAddTimeSegment"}]}
RESULT: undefined
COMMAND: POST /session/ee4ef4c40535e05b41317013d6b0695a/element - {"using":"xpath","value":"//*[@id=\"application-manageresources-display-component---newResourceUnit--btnAddTimeSegment\"]"}
RESULT: {}
RESULT: {"using":"xpath","value":"//*[@id=\"application-manageresources-display-component---newResourceUnit--btnAddTimeSegment\"]"}
COMMAND: POST /session/ee4ef4c40535e05b41317013d6b0695a/element/f.00329360D5A862BC98A13AE160565CE6.d.9ECF0F2F5698FC5B96CB1175780A91A7.e.7980/click - {}
RESULT: {}
COMMAND: GET /session/ee4ef4c40535e05b41317013d6b0695a/screenshot - {}
RESULT: {}
COMMAND: POST /session/ee4ef4c40535e05b41317013d6b0695a/element - {"using":"xpath","value":"//input[@id=\"application-manageresources-display-component---newResourceUnit--idRuTSAdmin-application-manageresources-display-component---newResourceUnit--RUTimeSegment-0-inner\"]"}
RESULT: {"using":"xpath","value":"//input[@id=\"application-manageresources-display-component---newResourceUnit--idRuTSAdmin-application-manageresources-display-component---newResourceUnit--RUTimeSegment-0-inner\"]"}
COMMAND: POST /session/ee4ef4c40535e05b41317013d6b0695a/element/f.00329360D5A862BC98A13AE160565CE6.d.9ECF0F2F5698FC5B96CB1175780A91A7.e.7986/clear - {}
RESULT: {}
COMMAND: POST /session/ee4ef4c40535e05b41317013d6b0695a/element/f.00329360D5A862BC98A13AE160565CE6.d.9ECF0F2F5698FC5B96CB1175780A91A7.e.7986/value - {"text":"306"}
COMMAND: GET /session/ee4ef4c40535e05b41317013d6b0695a/screenshot - {}
RESULT: {"text":"306"}
COMMAND: GET /session/ee4ef4c40535e05b41317013d6b0695a/screenshot - {}
RESULT: {}
RESULT: {}
COMMAND: POST /session/ee4ef4c40535e05b41317013d6b0695a/element - {"using":"xpath","value":"//li[.//span[text()='306']]"}
RESULT: {"using":"xpath","value":"//li[.//span[text()='306']]"}
COMMAND: POST /session/ee4ef4c40535e05b41317013d6b0695a/element/f.00329360D5A862BC98A13AE160565CE6.d.9ECF0F2F5698FC5B96CB1175780A91A7.e.8000/click - {}
RESULT: {}
COMMAND: GET /session/ee4ef4c40535e05b41317013d6b0695a/screenshot - {}
RESULT: {}
COMMAND: POST /session/ee4ef4c40535e05b41317013d6b0695a/element - {"using":"xpath","value":"(//span[contains(@id, \"-application-manageresources-display-component---newResourceUnit--RUTimeSegment-0-arrow\")])[6]"}
RESULT: {"using":"xpath","value":"(//span[contains(@id, \"-application-manageresources-display-component---newResourceUnit--RUTimeSegment-0-arrow\")])[6]"}
COMMAND: POST /session/ee4ef4c40535e05b41317013d6b0695a/element/f.00329360D5A862BC98A13AE160565CE6.d.9ECF0F2F5698FC5B96CB1175780A91A7.e.8001/click - {}
RESULT: {}
COMMAND: GET /session/ee4ef4c40535e05b41317013d6b0695a/screenshot - {}
RESULT: {}
COMMAND: POST /session/ee4ef4c40535e05b41317013d6b0695a/element - {"using":"xpath","value":"//span[contains(text(), \"PM Order\")]"}
RESULT: {"using":"xpath","value":"//span[contains(text(), \"PM Order\")]"}
COMMAND: POST /session/ee4ef4c40535e05b41317013d6b0695a/element/f.00329360D5A862BC98A13AE160565CE6.d.9ECF0F2F5698FC5B96CB1175780A91A7.e.8004/click - {}
RESULT: {}
COMMAND: GET /session/ee4ef4c40535e05b41317013d6b0695a/screenshot - {}
RESULT: {}
COMMAND: POST /session/ee4ef4c40535e05b41317013d6b0695a/element - {"using":"xpath","value":"(//span[contains(@id ,\"manageresources-display-component---newResourceUnit--RUTimeSegment-0-vhi\")])[1]"}
RESULT: {"using":"xpath","value":"(//span[contains(@id ,\"manageresources-display-component---newResourceUnit--RUTimeSegment-0-vhi\")])[1]"}
COMMAND: GET /session/ee4ef4c40535e05b41317013d6b0695a/element/f.00329360D5A862BC98A13AE160565CE6.d.9ECF0F2F5698FC5B96CB1175780A91A7.e.8008/rect - {}
RESULT: {}
COMMAND: GET /session/ee4ef4c40535e05b41317013d6b0695a/window/rect - {}
RESULT: {}
COMMAND: POST /session/ee4ef4c40535e05b41317013d6b0695a/execute/sync - {"script":"<script> [92 bytes]","args":[]}
RESULT: {"script":"<script> [92 bytes]","args":[]}
COMMAND: POST /session/ee4ef4c40535e05b41317013d6b0695a/actions - {"actions":[{"id":"action29","type":"wheel","parameters":{},"actions":[{"type":"scroll","x":-869,"y":-24,"deltaX":0,"deltaY":0,"duration":0,"origin":{"element-6066-11e4-a52e-4f735466cecf":"f.00329360D5A862BC98A13AE160565CE6.d.9ECF0F2F5698FC5B96CB1175780A91A7.e.8008"}}]}]}
COMMAND: GET /session/ee4ef4c40535e05b41317013d6b0695a/screenshot - {}
RESULT: {"actions":[{"id":"action29","type":"wheel","parameters":{},"actions":[{"type":"scroll","x":-869,"y":-24,"deltaX":0,"deltaY":0,"duration":0,"origin":{"element-6066-11e4-a52e-4f735466cecf":"f.00329360D5A862BC98A13AE160565CE6.d.9ECF0F2F5698FC5B96CB1175780A91A7.e.8008"}}]}]}
COMMAND: DELETE /session/ee4ef4c40535e05b41317013d6b0695a/actions - {}
COMMAND: GET /session/ee4ef4c40535e05b41317013d6b0695a/screenshot - {}
RESULT: {}
RESULT: {}
COMMAND: GET /session/ee4ef4c40535e05b41317013d6b0695a/screenshot - {}
RESULT: {}
RESULT: {}
COMMAND: POST /session/ee4ef4c40535e05b41317013d6b0695a/element/f.00329360D5A862BC98A13AE160565CE6.d.9ECF0F2F5698FC5B96CB1175780A91A7.e.8008/click - {}
RESULT: {}
COMMAND: GET /session/ee4ef4c40535e05b41317013d6b0695a/screenshot - {}
RESULT: {}
RESULT: undefined
COMMAND: POST /session/ee4ef4c40535e05b41317013d6b0695a/execute/async - {"script":"<script> [776 bytes]","args":[{"enterText":"4000360","selector":{"controlType":"sap.m.SearchField","properties":{"placeholder":"Search"},"searchOpenDialogs":true,"interaction":{"idSuffix":"I"}},"clearTextFirst":true,"interactionType":"ENTER_TEXT"}]}
RESULT: {"script":"<script> [776 bytes]","args":[{"enterText":"4000360","selector":{"controlType":"sap.m.SearchField","properties":{"placeholder":"Search"},"searchOpenDialogs":true,"interaction":{"idSuffix":"I"}},"clearTextFirst":true,"interactionType":"ENTER_TEXT"}]}
COMMAND: POST /session/ee4ef4c40535e05b41317013d6b0695a/actions - {"actions":[{"id":"action30","type":"key","parameters":{},"actions":[{"type":"keyDown","value":"î€‡"},{"type":"pause","duration":10},{"type":"keyUp","value":"î€‡"}]}]}
RESULT: {"actions":[{"id":"action30","type":"key","parameters":{},"actions":[{"type":"keyDown","value":"î€‡"},{"type":"pause","duration":10},{"type":"keyUp","value":"î€‡"}]}]}
COMMAND: GET /session/ee4ef4c40535e05b41317013d6b0695a/screenshot - {}
RESULT: {}
COMMAND: POST /session/ee4ef4c40535e05b41317013d6b0695a/element - {"using":"xpath","value":"//td/div/span[contains(text(), \"BGL Vehicles\")]"}
RESULT: {"using":"xpath","value":"//td/div/span[contains(text(), \"BGL Vehicles\")]"}
COMMAND: POST /session/ee4ef4c40535e05b41317013d6b0695a/element/f.00329360D5A862BC98A13AE160565CE6.d.9ECF0F2F5698FC5B96CB1175780A91A7.e.8028/click - {}
RESULT: {}
COMMAND: GET /session/ee4ef4c40535e05b41317013d6b0695a/screenshot - {}
RESULT: {}
COMMAND: POST /session/ee4ef4c40535e05b41317013d6b0695a/element - {"using":"xpath","value":"//bdi[contains(text(), \"OK\")]"}
RESULT: {"using":"xpath","value":"//bdi[contains(text(), \"OK\")]"}
COMMAND: POST /session/ee4ef4c40535e05b41317013d6b0695a/element/f.00329360D5A862BC98A13AE160565CE6.d.9ECF0F2F5698FC5B96CB1175780A91A7.e.8029/click - {}
RESULT: {}
COMMAND: GET /session/ee4ef4c40535e05b41317013d6b0695a/screenshot - {}
RESULT: {}
COMMAND: POST /session/ee4ef4c40535e05b41317013d6b0695a/execute/async - {"script":"<script> [1562 bytes]","args":[{"selector":{"id":"application-manageresources-display-component---newResourceUnit--newRRUPage-anchBar-application-manageresources-display-component---newResourceUnit--resource-anchor","interaction":{"idSuffix":"BDI-content"}},"wdio_ui5_key":"applicationmanageresources-display-component---newResourceUnit--newRRUPage-anchBar-application-manageresources-display-component---newResourceUnit--resource-anchor"}]}
RESULT: {"script":"<script> [1562 bytes]","args":[{"selector":{"id":"application-manageresources-display-component---newResourceUnit--newRRUPage-anchBar-application-manageresources-display-component---newResourceUnit--resource-anchor","interaction":{"idSuffix":"BDI-content"}},"wdio_ui5_key":"applicationmanageresources-display-component---newResourceUnit--newRRUPage-anchBar-application-manageresources-display-component---newResourceUnit--resource-anchor"}]}
RESULT: undefined
COMMAND: POST /session/ee4ef4c40535e05b41317013d6b0695a/element - {"using":"xpath","value":"//*[@id=\"application-manageresources-display-component---newResourceUnit--newRRUPage-anchBar-application-manageresources-display-component---newResourceUnit--resource-anchor\"]"}
RESULT: {"using":"xpath","value":"//*[@id=\"application-manageresources-display-component---newResourceUnit--newRRUPage-anchBar-application-manageresources-display-component---newResourceUnit--resource-anchor\"]"}
COMMAND: POST /session/ee4ef4c40535e05b41317013d6b0695a/element/f.00329360D5A862BC98A13AE160565CE6.d.9ECF0F2F5698FC5B96CB1175780A91A7.e.8033/click - {}
RESULT: {}
COMMAND: POST /session/ee4ef4c40535e05b41317013d6b0695a/execute/async - {"script":"<script> [1562 bytes]","args":[{"selector":{"id":"application-manageresources-display-component---newResourceUnit--PLANNED_DELIVERY_DATE","interaction":{"idSuffix":"inner"}},"wdio_ui5_key":"applicationmanageresources-display-component---newResourceUnit--PLANNED_DELIVERY_DATE"}]}
COMMAND: GET /session/ee4ef4c40535e05b41317013d6b0695a/screenshot - {}
RESULT: {"script":"<script> [1562 bytes]","args":[{"selector":{"id":"application-manageresources-display-component---newResourceUnit--PLANNED_DELIVERY_DATE","interaction":{"idSuffix":"inner"}},"wdio_ui5_key":"applicationmanageresources-display-component---newResourceUnit--PLANNED_DELIVERY_DATE"}]}
RESULT: undefined
COMMAND: POST /session/ee4ef4c40535e05b41317013d6b0695a/execute/async - {"script":"<script> [6424 bytes]","args":[{"element-6066-11e4-a52e-4f735466cecf":"f.00329360D5A862BC98A13AE160565CE6.d.9ECF0F2F5698FC5B96CB1175780A91A7.e.7896"},"setValue",["5/14/25"]]}
RESULT: {}
RESULT: {"script":"<script> [6424 bytes]","args":[{"element-6066-11e4-a52e-4f735466cecf":"f.00329360D5A862BC98A13AE160565CE6.d.9ECF0F2F5698FC5B96CB1175780A91A7.e.7896"},"setValue",["5/14/25"]]}
COMMAND: POST /session/ee4ef4c40535e05b41317013d6b0695a/element - {"using":"xpath","value":"//label[contains(@class, 'sapMLabelRequired') and .//bdi[contains(text(), 'Planned Retirement')]]"}
RESULT: {"using":"xpath","value":"//label[contains(@class, 'sapMLabelRequired') and .//bdi[contains(text(), 'Planned Retirement')]]"}
COMMAND: POST /session/ee4ef4c40535e05b41317013d6b0695a/elements - {"using":"xpath","value":"//label[contains(@class, 'sapMLabelRequired') and .//bdi[contains(text(), 'Planned Retirement')]]"}
RESULT: {"using":"xpath","value":"//label[contains(@class, 'sapMLabelRequired') and .//bdi[contains(text(), 'Planned Retirement')]]"}
COMMAND: POST /session/ee4ef4c40535e05b41317013d6b0695a/element - {"using":"xpath","value":"//button[@data-kt=\"resourceUnitSaveButton\"]"}
RESULT: {"using":"xpath","value":"//button[@data-kt=\"resourceUnitSaveButton\"]"}
COMMAND: POST /session/ee4ef4c40535e05b41317013d6b0695a/element/f.00329360D5A862BC98A13AE160565CE6.d.9ECF0F2F5698FC5B96CB1175780A91A7.e.7857/click - {}
RESULT: {}
COMMAND: GET /session/ee4ef4c40535e05b41317013d6b0695a/screenshot - {}
RESULT: {}
COMMAND: POST /session/ee4ef4c40535e05b41317013d6b0695a/element - {"using":"xpath","value":"//bdi[contains(text(), \"Close\")]"}
RESULT: {"using":"xpath","value":"//bdi[contains(text(), \"Close\")]"}
COMMAND: POST /session/ee4ef4c40535e05b41317013d6b0695a/element/f.00329360D5A862BC98A13AE160565CE6.d.9ECF0F2F5698FC5B96CB1175780A91A7.e.8041/click - {}
RESULT: {}
COMMAND: GET /session/ee4ef4c40535e05b41317013d6b0695a/screenshot - {}
RESULT: {}
COMMAND: POST /session/ee4ef4c40535e05b41317013d6b0695a/element - {"using":"xpath","value":"//bdi[contains(text(), \"Edit\")]"}
RESULT: {"using":"xpath","value":"//bdi[contains(text(), \"Edit\")]"}
COMMAND: POST /session/ee4ef4c40535e05b41317013d6b0695a/execute/sync - {"script":"<script> [8489 bytes]","args":[{"element-6066-11e4-a52e-4f735466cecf":"f.00329360D5A862BC98A13AE160565CE6.d.9ECF0F2F5698FC5B96CB1175780A91A7.e.8099","ELEMENT":"f.00329360D5A862BC98A13AE160565CE6.d.9ECF0F2F5698FC5B96CB1175780A91A7.e.8099"}]}
RESULT: {"script":"<script> [8489 bytes]","args":[{"element-6066-11e4-a52e-4f735466cecf":"f.00329360D5A862BC98A13AE160565CE6.d.9ECF0F2F5698FC5B96CB1175780A91A7.e.8099","ELEMENT":"f.00329360D5A862BC98A13AE160565CE6.d.9ECF0F2F5698FC5B96CB1175780A91A7.e.8099"}]}
COMMAND: POST /session/ee4ef4c40535e05b41317013d6b0695a/element/f.00329360D5A862BC98A13AE160565CE6.d.9ECF0F2F5698FC5B96CB1175780A91A7.e.8099/click - {}
COMMAND: GET /session/ee4ef4c40535e05b41317013d6b0695a/screenshot - {}
RESULT: {}
COMMAND: GET /session/ee4ef4c40535e05b41317013d6b0695a/screenshot - {}
RESULT: {}
RESULT: {}
COMMAND: POST /session/ee4ef4c40535e05b41317013d6b0695a/execute/async - {"script":"<script> [1562 bytes]","args":[{"selector":{"id":"application-manageresources-display-component---editResource--editRruPage-anchBar-application-manageresources-display-component---editResource--counters-anchor","interaction":{"idSuffix":"BDI-content"}},"wdio_ui5_key":"applicationmanageresources-display-component---editResource--editRruPage-anchBar-application-manageresources-display-component---editResource--counters-anchor"}]}
RESULT: {"script":"<script> [1562 bytes]","args":[{"selector":{"id":"application-manageresources-display-component---editResource--editRruPage-anchBar-application-manageresources-display-component---editResource--counters-anchor","interaction":{"idSuffix":"BDI-content"}},"wdio_ui5_key":"applicationmanageresources-display-component---editResource--editRruPage-anchBar-application-manageresources-display-component---editResource--counters-anchor"}]}
RESULT: undefined
COMMAND: POST /session/ee4ef4c40535e05b41317013d6b0695a/element - {"using":"xpath","value":"//*[@id=\"application-manageresources-display-component---editResource--editRruPage-anchBar-application-manageresources-display-component---editResource--counters-anchor\"]"}
RESULT: {"using":"xpath","value":"//*[@id=\"application-manageresources-display-component---editResource--editRruPage-anchBar-application-manageresources-display-component---editResource--counters-anchor\"]"}
COMMAND: POST /session/ee4ef4c40535e05b41317013d6b0695a/element/f.00329360D5A862BC98A13AE160565CE6.d.9ECF0F2F5698FC5B96CB1175780A91A7.e.8210/click - {}
RESULT: {}
COMMAND: GET /session/ee4ef4c40535e05b41317013d6b0695a/screenshot - {}
RESULT: {}
COMMAND: POST /session/ee4ef4c40535e05b41317013d6b0695a/execute/async - {"script":"<script> [1562 bytes]","args":[{"selector":{"id":"application-manageresources-display-component---editResource--btnAddCounter-img"},"wdio_ui5_key":"applicationmanageresources-display-component---editResource--btnAddCounter-img"}]}
RESULT: {"script":"<script> [1562 bytes]","args":[{"selector":{"id":"application-manageresources-display-component---editResource--btnAddCounter-img"},"wdio_ui5_key":"applicationmanageresources-display-component---editResource--btnAddCounter-img"}]}
RESULT: undefined
COMMAND: POST /session/ee4ef4c40535e05b41317013d6b0695a/element - {"using":"xpath","value":"//*[@id=\"application-manageresources-display-component---editResource--btnAddCounter-img\"]"}
RESULT: {"using":"xpath","value":"//*[@id=\"application-manageresources-display-component---editResource--btnAddCounter-img\"]"}
COMMAND: POST /session/ee4ef4c40535e05b41317013d6b0695a/element/f.00329360D5A862BC98A13AE160565CE6.d.9ECF0F2F5698FC5B96CB1175780A91A7.e.8244/click - {}
RESULT: {}
COMMAND: POST /session/ee4ef4c40535e05b41317013d6b0695a/execute/async - {"script":"<script> [1562 bytes]","args":[{"selector":{"id":"application-manageresources-display-component---editResource--COUNTER_ID-application-manageresources-display-component---editResource--RUCounters-0-arrow"},"wdio_ui5_key":"applicationmanageresources-display-component---editResource--COUNTER_ID-application-manageresources-display-component---editResource--RUCounters-0-arrow"}]}
COMMAND: GET /session/ee4ef4c40535e05b41317013d6b0695a/screenshot - {}
RESULT: {"script":"<script> [1562 bytes]","args":[{"selector":{"id":"application-manageresources-display-component---editResource--COUNTER_ID-application-manageresources-display-component---editResource--RUCounters-0-arrow"},"wdio_ui5_key":"applicationmanageresources-display-component---editResource--COUNTER_ID-application-manageresources-display-component---editResource--RUCounters-0-arrow"}]}
RESULT: undefined
COMMAND: POST /session/ee4ef4c40535e05b41317013d6b0695a/element - {"using":"xpath","value":"//*[@id=\"application-manageresources-display-component---editResource--COUNTER_ID-application-manageresources-display-component---editResource--RUCounters-0-arrow\"]"}
RESULT: {}
RESULT: {"using":"xpath","value":"//*[@id=\"application-manageresources-display-component---editResource--COUNTER_ID-application-manageresources-display-component---editResource--RUCounters-0-arrow\"]"}
COMMAND: POST /session/ee4ef4c40535e05b41317013d6b0695a/element/f.00329360D5A862BC98A13AE160565CE6.d.9ECF0F2F5698FC5B96CB1175780A91A7.e.8249/click - {}
RESULT: {}
COMMAND: POST /session/ee4ef4c40535e05b41317013d6b0695a/execute/async - {"script":"<script> [1562 bytes]","args":[{"selector":{"controlType":"sap.m.StandardListItem","viewName":"etm.portal.ui.manageresources.view.EditResource","viewId":"application-manageresources-display-component---editResource","properties":{"title":"fuel"},"searchOpenDialogs":true,"interaction":{"idSuffix":"content"}},"wdio_ui5_key":"etmportal.ui.manageresources.view.EditResourcesap.m.StandardListItem{\"title\":\"fuel\"}"}]}
COMMAND: GET /session/ee4ef4c40535e05b41317013d6b0695a/screenshot - {}
RESULT: {"script":"<script> [1562 bytes]","args":[{"selector":{"controlType":"sap.m.StandardListItem","viewName":"etm.portal.ui.manageresources.view.EditResource","viewId":"application-manageresources-display-component---editResource","properties":{"title":"fuel"},"searchOpenDialogs":true,"interaction":{"idSuffix":"content"}},"wdio_ui5_key":"etmportal.ui.manageresources.view.EditResourcesap.m.StandardListItem{\"title\":\"fuel\"}"}]}
RESULT: undefined
COMMAND: POST /session/ee4ef4c40535e05b41317013d6b0695a/element - {"using":"xpath","value":"//*[@id=\"__item2053\"]"}
RESULT: {}
RESULT: {"using":"xpath","value":"//*[@id=\"__item2053\"]"}
COMMAND: POST /session/ee4ef4c40535e05b41317013d6b0695a/element/f.00329360D5A862BC98A13AE160565CE6.d.9ECF0F2F5698FC5B96CB1175780A91A7.e.8251/click - {}
RESULT: {}
COMMAND: GET /session/ee4ef4c40535e05b41317013d6b0695a/screenshot - {}
RESULT: {}
COMMAND: POST /session/ee4ef4c40535e05b41317013d6b0695a/element - {"using":"xpath","value":"//button[@data-kt=\"saveButton\"]"}
RESULT: {"using":"xpath","value":"//button[@data-kt=\"saveButton\"]"}
COMMAND: POST /session/ee4ef4c40535e05b41317013d6b0695a/element/f.00329360D5A862BC98A13AE160565CE6.d.9ECF0F2F5698FC5B96CB1175780A91A7.e.8252/click - {}
RESULT: {}
COMMAND: GET /session/ee4ef4c40535e05b41317013d6b0695a/screenshot - {}
RESULT: {}
COMMAND: POST /session/ee4ef4c40535e05b41317013d6b0695a/element - {"using":"xpath","value":"(//button[contains(@id ,\"actionsToolbar-overflowButton\")])[1]"}
RESULT: {"using":"xpath","value":"(//button[contains(@id ,\"actionsToolbar-overflowButton\")])[1]"}
COMMAND: POST /session/ee4ef4c40535e05b41317013d6b0695a/element/f.00329360D5A862BC98A13AE160565CE6.d.9ECF0F2F5698FC5B96CB1175780A91A7.e.8264/click - {}
RESULT: {}
COMMAND: GET /session/ee4ef4c40535e05b41317013d6b0695a/screenshot - {}
RESULT: {}
COMMAND: POST /session/ee4ef4c40535e05b41317013d6b0695a/element - {"using":"xpath","value":"//button[@data-kt=\"priceInfoButton\"]"}
RESULT: {"using":"xpath","value":"//button[@data-kt=\"priceInfoButton\"]"}
COMMAND: POST /session/ee4ef4c40535e05b41317013d6b0695a/element/f.00329360D5A862BC98A13AE160565CE6.d.9ECF0F2F5698FC5B96CB1175780A91A7.e.8266/click - {}
RESULT: {}
COMMAND: GET /session/ee4ef4c40535e05b41317013d6b0695a/screenshot - {}
RESULT: {}
]]></system-out>
    </testcase>
    <testcase classname="chrome.136_0_7103_49.windows.Create_master_data_for_mixed_billing_&amp;_do_billing_calculation_US151661" name="Should create a TB pricing procedure" time="59.373">
      <system-out><![CDATA[
COMMAND: POST /session/ee4ef4c40535e05b41317013d6b0695a/element - {"using":"xpath","value":"//button[@data-kt=\"addButton\"]"}
RESULT: {"using":"xpath","value":"//button[@data-kt=\"addButton\"]"}
COMMAND: POST /session/ee4ef4c40535e05b41317013d6b0695a/elements - {"using":"xpath","value":"//button[@data-kt=\"addButton\"]"}
RESULT: {"using":"xpath","value":"//button[@data-kt=\"addButton\"]"}
COMMAND: POST /session/ee4ef4c40535e05b41317013d6b0695a/element - {"using":"xpath","value":"//button[@data-kt=\"addButton\"]"}
RESULT: {"using":"xpath","value":"//button[@data-kt=\"addButton\"]"}
COMMAND: POST /session/ee4ef4c40535e05b41317013d6b0695a/execute/sync - {"script":"<script> [8489 bytes]","args":[{"element-6066-11e4-a52e-4f735466cecf":"f.00329360D5A862BC98A13AE160565CE6.d.9ECF0F2F5698FC5B96CB1175780A91A7.e.8302","ELEMENT":"f.00329360D5A862BC98A13AE160565CE6.d.9ECF0F2F5698FC5B96CB1175780A91A7.e.8302"}]}
RESULT: {"script":"<script> [8489 bytes]","args":[{"element-6066-11e4-a52e-4f735466cecf":"f.00329360D5A862BC98A13AE160565CE6.d.9ECF0F2F5698FC5B96CB1175780A91A7.e.8302","ELEMENT":"f.00329360D5A862BC98A13AE160565CE6.d.9ECF0F2F5698FC5B96CB1175780A91A7.e.8302"}]}
COMMAND: GET /session/ee4ef4c40535e05b41317013d6b0695a/element/f.00329360D5A862BC98A13AE160565CE6.d.9ECF0F2F5698FC5B96CB1175780A91A7.e.8302/enabled - {}
COMMAND: GET /session/ee4ef4c40535e05b41317013d6b0695a/screenshot - {}
RESULT: {}
COMMAND: POST /session/ee4ef4c40535e05b41317013d6b0695a/execute/sync - {"script":"<script> [8489 bytes]","args":[{"element-6066-11e4-a52e-4f735466cecf":"f.00329360D5A862BC98A13AE160565CE6.d.9ECF0F2F5698FC5B96CB1175780A91A7.e.8302","ELEMENT":"f.00329360D5A862BC98A13AE160565CE6.d.9ECF0F2F5698FC5B96CB1175780A91A7.e.8302"}]}
COMMAND: GET /session/ee4ef4c40535e05b41317013d6b0695a/screenshot - {}
RESULT: {}
RESULT: {"script":"<script> [8489 bytes]","args":[{"element-6066-11e4-a52e-4f735466cecf":"f.00329360D5A862BC98A13AE160565CE6.d.9ECF0F2F5698FC5B96CB1175780A91A7.e.8302","ELEMENT":"f.00329360D5A862BC98A13AE160565CE6.d.9ECF0F2F5698FC5B96CB1175780A91A7.e.8302"}]}
COMMAND: POST /session/ee4ef4c40535e05b41317013d6b0695a/execute/sync - {"script":"<script> [5351 bytes]","args":[{"element-6066-11e4-a52e-4f735466cecf":"f.00329360D5A862BC98A13AE160565CE6.d.9ECF0F2F5698FC5B96CB1175780A91A7.e.8302","ELEMENT":"f.00329360D5A862BC98A13AE160565CE6.d.9ECF0F2F5698FC5B96CB1175780A91A7.e.8302"}]}
COMMAND: GET /session/ee4ef4c40535e05b41317013d6b0695a/screenshot - {}
RESULT: {}
RESULT: {"script":"<script> [5351 bytes]","args":[{"element-6066-11e4-a52e-4f735466cecf":"f.00329360D5A862BC98A13AE160565CE6.d.9ECF0F2F5698FC5B96CB1175780A91A7.e.8302","ELEMENT":"f.00329360D5A862BC98A13AE160565CE6.d.9ECF0F2F5698FC5B96CB1175780A91A7.e.8302"}]}
COMMAND: POST /session/ee4ef4c40535e05b41317013d6b0695a/element/f.00329360D5A862BC98A13AE160565CE6.d.9ECF0F2F5698FC5B96CB1175780A91A7.e.8302/click - {}
COMMAND: GET /session/ee4ef4c40535e05b41317013d6b0695a/screenshot - {}
RESULT: {}
RESULT: {}
COMMAND: GET /session/ee4ef4c40535e05b41317013d6b0695a/screenshot - {}
RESULT: {}
RESULT: {}
COMMAND: POST /session/ee4ef4c40535e05b41317013d6b0695a/execute/async - {"script":"<script> [1562 bytes]","args":[{"selector":{"controlType":"sap.m.Title","viewName":"etm.portal.ui.managepricingrules.view.NewItem","viewId":"application-managepricingrules-display-component---newInfoPriceItem","properties":{"text":"New Pricing Rules - Item Level"}},"wdio_ui5_key":"etmportal.ui.managepricingrules.view.NewItemsap.m.Title{\"text\":\"New Pricing Rules - Item Level\"}"}]}
RESULT: {"script":"<script> [1562 bytes]","args":[{"selector":{"controlType":"sap.m.Title","viewName":"etm.portal.ui.managepricingrules.view.NewItem","viewId":"application-managepricingrules-display-component---newInfoPriceItem","properties":{"text":"New Pricing Rules - Item Level"}},"wdio_ui5_key":"etmportal.ui.managepricingrules.view.NewItemsap.m.Title{\"text\":\"New Pricing Rules - Item Level\"}"}]}
RESULT: undefined
COMMAND: POST /session/ee4ef4c40535e05b41317013d6b0695a/execute/async - {"script":"<script> [6424 bytes]","args":[{"element-6066-11e4-a52e-4f735466cecf":"f.00329360D5A862BC98A13AE160565CE6.d.9ECF0F2F5698FC5B96CB1175780A91A7.e.8376"},"getText",[]]}
RESULT: {"script":"<script> [6424 bytes]","args":[{"element-6066-11e4-a52e-4f735466cecf":"f.00329360D5A862BC98A13AE160565CE6.d.9ECF0F2F5698FC5B96CB1175780A91A7.e.8376"},"getText",[]]}
COMMAND: POST /session/ee4ef4c40535e05b41317013d6b0695a/execute/async - {"script":"<script> [1562 bytes]","args":[{"selector":{"id":"application-managepricingrules-display-component---newInfoPriceItem--condValidTo","interaction":{"idSuffix":"inner"}},"wdio_ui5_key":"applicationmanagepricingrules-display-component---newInfoPriceItem--condValidTo"}]}
RESULT: {"script":"<script> [1562 bytes]","args":[{"selector":{"id":"application-managepricingrules-display-component---newInfoPriceItem--condValidTo","interaction":{"idSuffix":"inner"}},"wdio_ui5_key":"applicationmanagepricingrules-display-component---newInfoPriceItem--condValidTo"}]}
RESULT: undefined
COMMAND: POST /session/ee4ef4c40535e05b41317013d6b0695a/execute/async - {"script":"<script> [776 bytes]","args":[{"enterText":"01/14/26","selector":{"id":"application-managepricingrules-display-component---newInfoPriceItem--condValidTo","interaction":{"idSuffix":"inner"}},"clearTextFirst":true,"interactionType":"ENTER_TEXT"}]}
RESULT: {"script":"<script> [776 bytes]","args":[{"enterText":"01/14/26","selector":{"id":"application-managepricingrules-display-component---newInfoPriceItem--condValidTo","interaction":{"idSuffix":"inner"}},"clearTextFirst":true,"interactionType":"ENTER_TEXT"}]}
COMMAND: POST /session/ee4ef4c40535e05b41317013d6b0695a/execute/async - {"script":"<script> [1562 bytes]","args":[{"selector":{"id":"application-managepricingrules-display-component---newInfoPriceItem--billType-arrow"},"wdio_ui5_key":"applicationmanagepricingrules-display-component---newInfoPriceItem--billType-arrow"}]}
RESULT: {"script":"<script> [1562 bytes]","args":[{"selector":{"id":"application-managepricingrules-display-component---newInfoPriceItem--billType-arrow"},"wdio_ui5_key":"applicationmanagepricingrules-display-component---newInfoPriceItem--billType-arrow"}]}
RESULT: undefined
COMMAND: POST /session/ee4ef4c40535e05b41317013d6b0695a/element - {"using":"xpath","value":"//*[@id=\"application-managepricingrules-display-component---newInfoPriceItem--billType-arrow\"]"}
RESULT: {"using":"xpath","value":"//*[@id=\"application-managepricingrules-display-component---newInfoPriceItem--billType-arrow\"]"}
COMMAND: POST /session/ee4ef4c40535e05b41317013d6b0695a/element/f.00329360D5A862BC98A13AE160565CE6.d.9ECF0F2F5698FC5B96CB1175780A91A7.e.8389/click - {}
RESULT: {}
COMMAND: POST /session/ee4ef4c40535e05b41317013d6b0695a/element - {"using":"xpath","value":"//span[contains(text(), \"TB - Time based\")]"}
COMMAND: GET /session/ee4ef4c40535e05b41317013d6b0695a/screenshot - {}
RESULT: {"using":"xpath","value":"//span[contains(text(), \"TB - Time based\")]"}
COMMAND: POST /session/ee4ef4c40535e05b41317013d6b0695a/element/f.00329360D5A862BC98A13AE160565CE6.d.9ECF0F2F5698FC5B96CB1175780A91A7.e.8390/click - {}
RESULT: {}
RESULT: {}
COMMAND: POST /session/ee4ef4c40535e05b41317013d6b0695a/execute/async - {"script":"<script> [1562 bytes]","args":[{"selector":{"id":"application-managepricingrules-display-component---newInfoPriceItem--priceProc-arrow"},"wdio_ui5_key":"applicationmanagepricingrules-display-component---newInfoPriceItem--priceProc-arrow"}]}
COMMAND: GET /session/ee4ef4c40535e05b41317013d6b0695a/screenshot - {}
RESULT: {"script":"<script> [1562 bytes]","args":[{"selector":{"id":"application-managepricingrules-display-component---newInfoPriceItem--priceProc-arrow"},"wdio_ui5_key":"applicationmanagepricingrules-display-component---newInfoPriceItem--priceProc-arrow"}]}
RESULT: undefined
COMMAND: POST /session/ee4ef4c40535e05b41317013d6b0695a/element - {"using":"xpath","value":"//*[@id=\"application-managepricingrules-display-component---newInfoPriceItem--priceProc-arrow\"]"}
RESULT: {}
RESULT: {"using":"xpath","value":"//*[@id=\"application-managepricingrules-display-component---newInfoPriceItem--priceProc-arrow\"]"}
COMMAND: POST /session/ee4ef4c40535e05b41317013d6b0695a/element/f.00329360D5A862BC98A13AE160565CE6.d.9ECF0F2F5698FC5B96CB1175780A91A7.e.8391/click - {}
RESULT: {}
COMMAND: POST /session/ee4ef4c40535e05b41317013d6b0695a/element - {"using":"xpath","value":"//span[contains(text(), \"TB - Time based BGL\")]"}
COMMAND: GET /session/ee4ef4c40535e05b41317013d6b0695a/screenshot - {}
RESULT: {"using":"xpath","value":"//span[contains(text(), \"TB - Time based BGL\")]"}
COMMAND: POST /session/ee4ef4c40535e05b41317013d6b0695a/element/f.00329360D5A862BC98A13AE160565CE6.d.9ECF0F2F5698FC5B96CB1175780A91A7.e.8392/click - {}
RESULT: {}
RESULT: {}
COMMAND: POST /session/ee4ef4c40535e05b41317013d6b0695a/execute/async - {"script":"<script> [1562 bytes]","args":[{"selector":{"id":"application-managepricingrules-display-component---newInfoPriceItem--calcBase-arrow"},"wdio_ui5_key":"applicationmanagepricingrules-display-component---newInfoPriceItem--calcBase-arrow"}]}
COMMAND: GET /session/ee4ef4c40535e05b41317013d6b0695a/screenshot - {}
RESULT: {"script":"<script> [1562 bytes]","args":[{"selector":{"id":"application-managepricingrules-display-component---newInfoPriceItem--calcBase-arrow"},"wdio_ui5_key":"applicationmanagepricingrules-display-component---newInfoPriceItem--calcBase-arrow"}]}
RESULT: undefined
COMMAND: POST /session/ee4ef4c40535e05b41317013d6b0695a/element - {"using":"xpath","value":"//*[@id=\"application-managepricingrules-display-component---newInfoPriceItem--calcBase-arrow\"]"}
RESULT: {}
RESULT: {"using":"xpath","value":"//*[@id=\"application-managepricingrules-display-component---newInfoPriceItem--calcBase-arrow\"]"}
COMMAND: POST /session/ee4ef4c40535e05b41317013d6b0695a/element/f.00329360D5A862BC98A13AE160565CE6.d.9ECF0F2F5698FC5B96CB1175780A91A7.e.8393/click - {}
RESULT: {}
COMMAND: GET /session/ee4ef4c40535e05b41317013d6b0695a/screenshot - {}
RESULT: {}
COMMAND: POST /session/ee4ef4c40535e05b41317013d6b0695a/element - {"using":"xpath","value":"//span[contains(text(), \"0006 - TB(calendar days)\")]"}
RESULT: {"using":"xpath","value":"//span[contains(text(), \"0006 - TB(calendar days)\")]"}
COMMAND: POST /session/ee4ef4c40535e05b41317013d6b0695a/element/f.00329360D5A862BC98A13AE160565CE6.d.9ECF0F2F5698FC5B96CB1175780A91A7.e.8394/click - {}
RESULT: {}
COMMAND: GET /session/ee4ef4c40535e05b41317013d6b0695a/screenshot - {}
RESULT: {}
COMMAND: POST /session/ee4ef4c40535e05b41317013d6b0695a/execute/async - {"script":"<script> [1562 bytes]","args":[{"selector":{"id":"application-managepricingrules-display-component---newInfoPriceItem--hoursMonth","interaction":{"idSuffix":"inner"}},"wdio_ui5_key":"applicationmanagepricingrules-display-component---newInfoPriceItem--hoursMonth"}]}
RESULT: {"script":"<script> [1562 bytes]","args":[{"selector":{"id":"application-managepricingrules-display-component---newInfoPriceItem--hoursMonth","interaction":{"idSuffix":"inner"}},"wdio_ui5_key":"applicationmanagepricingrules-display-component---newInfoPriceItem--hoursMonth"}]}
RESULT: undefined
COMMAND: POST /session/ee4ef4c40535e05b41317013d6b0695a/execute/async - {"script":"<script> [776 bytes]","args":[{"enterText":"160","selector":{"id":"application-managepricingrules-display-component---newInfoPriceItem--hoursMonth","interaction":{"idSuffix":"inner"}},"clearTextFirst":true,"interactionType":"ENTER_TEXT"}]}
RESULT: {"script":"<script> [776 bytes]","args":[{"enterText":"160","selector":{"id":"application-managepricingrules-display-component---newInfoPriceItem--hoursMonth","interaction":{"idSuffix":"inner"}},"clearTextFirst":true,"interactionType":"ENTER_TEXT"}]}
COMMAND: POST /session/ee4ef4c40535e05b41317013d6b0695a/execute/async - {"script":"<script> [1562 bytes]","args":[{"selector":{"id":"application-managepricingrules-display-component---newInfoPriceItem--daysMonth","interaction":{"idSuffix":"inner"}},"wdio_ui5_key":"applicationmanagepricingrules-display-component---newInfoPriceItem--daysMonth"}]}
RESULT: {"script":"<script> [1562 bytes]","args":[{"selector":{"id":"application-managepricingrules-display-component---newInfoPriceItem--daysMonth","interaction":{"idSuffix":"inner"}},"wdio_ui5_key":"applicationmanagepricingrules-display-component---newInfoPriceItem--daysMonth"}]}
RESULT: undefined
COMMAND: POST /session/ee4ef4c40535e05b41317013d6b0695a/execute/async - {"script":"<script> [776 bytes]","args":[{"enterText":"30","selector":{"id":"application-managepricingrules-display-component---newInfoPriceItem--daysMonth","interaction":{"idSuffix":"inner"}},"clearTextFirst":true,"interactionType":"ENTER_TEXT"}]}
RESULT: {"script":"<script> [776 bytes]","args":[{"enterText":"30","selector":{"id":"application-managepricingrules-display-component---newInfoPriceItem--daysMonth","interaction":{"idSuffix":"inner"}},"clearTextFirst":true,"interactionType":"ENTER_TEXT"}]}
COMMAND: POST /session/ee4ef4c40535e05b41317013d6b0695a/element - {"using":"xpath","value":"//button[@data-kt=\"saveNewRuleButton\"]"}
RESULT: {"using":"xpath","value":"//button[@data-kt=\"saveNewRuleButton\"]"}
COMMAND: POST /session/ee4ef4c40535e05b41317013d6b0695a/element/f.00329360D5A862BC98A13AE160565CE6.d.9ECF0F2F5698FC5B96CB1175780A91A7.e.8397/click - {}
RESULT: {}
COMMAND: GET /session/ee4ef4c40535e05b41317013d6b0695a/screenshot - {}
RESULT: {}
COMMAND: POST /session/ee4ef4c40535e05b41317013d6b0695a/execute/async - {"script":"<script> [1562 bytes]","args":[{"selector":{"id":"application-managepricingrules-display-component---priceInfoItem--smartFilterBar-btnBasicSearch","interaction":{"idSuffix":"I"}},"wdio_ui5_key":"applicationmanagepricingrules-display-component---priceInfoItem--smartFilterBar-btnBasicSearch"}]}
RESULT: {"script":"<script> [1562 bytes]","args":[{"selector":{"id":"application-managepricingrules-display-component---priceInfoItem--smartFilterBar-btnBasicSearch","interaction":{"idSuffix":"I"}},"wdio_ui5_key":"applicationmanagepricingrules-display-component---priceInfoItem--smartFilterBar-btnBasicSearch"}]}
RESULT: undefined
COMMAND: POST /session/ee4ef4c40535e05b41317013d6b0695a/execute/async - {"script":"<script> [776 bytes]","args":[{"enterText":"Gq3DUE8nAG","selector":{"id":"application-managepricingrules-display-component---priceInfoItem--smartFilterBar-btnBasicSearch","interaction":{"idSuffix":"I"}},"clearTextFirst":true,"interactionType":"ENTER_TEXT"}]}
RESULT: {"script":"<script> [776 bytes]","args":[{"enterText":"Gq3DUE8nAG","selector":{"id":"application-managepricingrules-display-component---priceInfoItem--smartFilterBar-btnBasicSearch","interaction":{"idSuffix":"I"}},"clearTextFirst":true,"interactionType":"ENTER_TEXT"}]}
COMMAND: POST /session/ee4ef4c40535e05b41317013d6b0695a/actions - {"actions":[{"id":"action31","type":"key","parameters":{},"actions":[{"type":"keyDown","value":"î€‡"},{"type":"pause","duration":10},{"type":"keyUp","value":"î€‡"}]}]}
RESULT: {"actions":[{"id":"action31","type":"key","parameters":{},"actions":[{"type":"keyDown","value":"î€‡"},{"type":"pause","duration":10},{"type":"keyUp","value":"î€‡"}]}]}
COMMAND: GET /session/ee4ef4c40535e05b41317013d6b0695a/screenshot - {}
RESULT: {}
COMMAND: POST /session/ee4ef4c40535e05b41317013d6b0695a/element - {"using":"xpath","value":"//span[@id=\"application-managepricingrules-display-component---priceInfoItem--smartTable-header-inner\"]"}
RESULT: {"using":"xpath","value":"//span[@id=\"application-managepricingrules-display-component---priceInfoItem--smartTable-header-inner\"]"}
COMMAND: POST /session/ee4ef4c40535e05b41317013d6b0695a/elements - {"using":"xpath","value":"//span[@id=\"application-managepricingrules-display-component---priceInfoItem--smartTable-header-inner\"]"}
RESULT: {"using":"xpath","value":"//span[@id=\"application-managepricingrules-display-component---priceInfoItem--smartTable-header-inner\"]"}
COMMAND: POST /session/ee4ef4c40535e05b41317013d6b0695a/execute/sync - {"script":"<script> [56 bytes]","args":[{"element-6066-11e4-a52e-4f735466cecf":"f.00329360D5A862BC98A13AE160565CE6.d.9ECF0F2F5698FC5B96CB1175780A91A7.e.8420","ELEMENT":"f.00329360D5A862BC98A13AE160565CE6.d.9ECF0F2F5698FC5B96CB1175780A91A7.e.8420"}]}
RESULT: {"script":"<script> [56 bytes]","args":[{"element-6066-11e4-a52e-4f735466cecf":"f.00329360D5A862BC98A13AE160565CE6.d.9ECF0F2F5698FC5B96CB1175780A91A7.e.8420","ELEMENT":"f.00329360D5A862BC98A13AE160565CE6.d.9ECF0F2F5698FC5B96CB1175780A91A7.e.8420"}]}
COMMAND: POST /session/ee4ef4c40535e05b41317013d6b0695a/element - {"using":"css selector","value":"#shell-header-logo"}
COMMAND: GET /session/ee4ef4c40535e05b41317013d6b0695a/screenshot - {}
RESULT: {"using":"css selector","value":"#shell-header-logo"}
COMMAND: POST /session/ee4ef4c40535e05b41317013d6b0695a/element/f.00329360D5A862BC98A13AE160565CE6.d.9ECF0F2F5698FC5B96CB1175780A91A7.e.7452/click - {}
RESULT: {}
RESULT: {}
COMMAND: GET /session/ee4ef4c40535e05b41317013d6b0695a/screenshot - {}
RESULT: {}
]]></system-out>
    </testcase>
    <testcase classname="chrome.136_0_7103_49.windows.Create_master_data_for_mixed_billing_&amp;_do_billing_calculation_US151661" name="Should add one time condition" time="73.797">
      <system-out><![CDATA[
COMMAND: POST /session/ee4ef4c40535e05b41317013d6b0695a/execute/async - {"script":"<script> [1562 bytes]","args":[{"selector":{"controlType":"sap.m.Text","properties":{"text":"Manage Conditions & Prices"},"interaction":{"idSuffix":"inner"}},"wdio_ui5_key":"sapm.Text{\"text\":\"Manage Conditions & Prices\"}"}]}
RESULT: {"script":"<script> [1562 bytes]","args":[{"selector":{"controlType":"sap.m.Text","properties":{"text":"Manage Conditions & Prices"},"interaction":{"idSuffix":"inner"}},"wdio_ui5_key":"sapm.Text{\"text\":\"Manage Conditions & Prices\"}"}]}
RESULT: undefined
COMMAND: POST /session/ee4ef4c40535e05b41317013d6b0695a/element - {"using":"xpath","value":"//*[@id=\"__tile53-title\"]"}
RESULT: {"using":"xpath","value":"//*[@id=\"__tile53-title\"]"}
COMMAND: POST /session/ee4ef4c40535e05b41317013d6b0695a/element/f.00329360D5A862BC98A13AE160565CE6.d.9ECF0F2F5698FC5B96CB1175780A91A7.e.8423/click - {}
RESULT: {}
COMMAND: POST /session/ee4ef4c40535e05b41317013d6b0695a/element - {"using":"xpath","value":"//button[@aria-label=\"Create\"]"}
COMMAND: GET /session/ee4ef4c40535e05b41317013d6b0695a/screenshot - {}
RESULT: {"using":"xpath","value":"//button[@aria-label=\"Create\"]"}
COMMAND: POST /session/ee4ef4c40535e05b41317013d6b0695a/elements - {"using":"xpath","value":"//button[@aria-label=\"Create\"]"}
RESULT: {}
RESULT: {"using":"xpath","value":"//button[@aria-label=\"Create\"]"}
COMMAND: POST /session/ee4ef4c40535e05b41317013d6b0695a/element - {"using":"xpath","value":"//button[@aria-label=\"Create\"]"}
RESULT: {"using":"xpath","value":"//button[@aria-label=\"Create\"]"}
COMMAND: POST /session/ee4ef4c40535e05b41317013d6b0695a/execute/sync - {"script":"<script> [8489 bytes]","args":[{"element-6066-11e4-a52e-4f735466cecf":"f.00329360D5A862BC98A13AE160565CE6.d.9ECF0F2F5698FC5B96CB1175780A91A7.e.8468","ELEMENT":"f.00329360D5A862BC98A13AE160565CE6.d.9ECF0F2F5698FC5B96CB1175780A91A7.e.8468"}]}
RESULT: {"script":"<script> [8489 bytes]","args":[{"element-6066-11e4-a52e-4f735466cecf":"f.00329360D5A862BC98A13AE160565CE6.d.9ECF0F2F5698FC5B96CB1175780A91A7.e.8468","ELEMENT":"f.00329360D5A862BC98A13AE160565CE6.d.9ECF0F2F5698FC5B96CB1175780A91A7.e.8468"}]}
COMMAND: GET /session/ee4ef4c40535e05b41317013d6b0695a/element/f.00329360D5A862BC98A13AE160565CE6.d.9ECF0F2F5698FC5B96CB1175780A91A7.e.8468/enabled - {}
COMMAND: GET /session/ee4ef4c40535e05b41317013d6b0695a/screenshot - {}
RESULT: {}
COMMAND: POST /session/ee4ef4c40535e05b41317013d6b0695a/execute/sync - {"script":"<script> [8489 bytes]","args":[{"element-6066-11e4-a52e-4f735466cecf":"f.00329360D5A862BC98A13AE160565CE6.d.9ECF0F2F5698FC5B96CB1175780A91A7.e.8468","ELEMENT":"f.00329360D5A862BC98A13AE160565CE6.d.9ECF0F2F5698FC5B96CB1175780A91A7.e.8468"}]}
COMMAND: GET /session/ee4ef4c40535e05b41317013d6b0695a/screenshot - {}
RESULT: {}
RESULT: {"script":"<script> [8489 bytes]","args":[{"element-6066-11e4-a52e-4f735466cecf":"f.00329360D5A862BC98A13AE160565CE6.d.9ECF0F2F5698FC5B96CB1175780A91A7.e.8468","ELEMENT":"f.00329360D5A862BC98A13AE160565CE6.d.9ECF0F2F5698FC5B96CB1175780A91A7.e.8468"}]}
COMMAND: POST /session/ee4ef4c40535e05b41317013d6b0695a/execute/sync - {"script":"<script> [5351 bytes]","args":[{"element-6066-11e4-a52e-4f735466cecf":"f.00329360D5A862BC98A13AE160565CE6.d.9ECF0F2F5698FC5B96CB1175780A91A7.e.8468","ELEMENT":"f.00329360D5A862BC98A13AE160565CE6.d.9ECF0F2F5698FC5B96CB1175780A91A7.e.8468"}]}
RESULT: {}
RESULT: {"script":"<script> [5351 bytes]","args":[{"element-6066-11e4-a52e-4f735466cecf":"f.00329360D5A862BC98A13AE160565CE6.d.9ECF0F2F5698FC5B96CB1175780A91A7.e.8468","ELEMENT":"f.00329360D5A862BC98A13AE160565CE6.d.9ECF0F2F5698FC5B96CB1175780A91A7.e.8468"}]}
COMMAND: POST /session/ee4ef4c40535e05b41317013d6b0695a/element/f.00329360D5A862BC98A13AE160565CE6.d.9ECF0F2F5698FC5B96CB1175780A91A7.e.8468/click - {}
COMMAND: GET /session/ee4ef4c40535e05b41317013d6b0695a/screenshot - {}
COMMAND: GET /session/ee4ef4c40535e05b41317013d6b0695a/screenshot - {}
RESULT: {}
COMMAND: GET /session/ee4ef4c40535e05b41317013d6b0695a/screenshot - {}
RESULT: {}
RESULT: {}
RESULT: {}
COMMAND: POST /session/ee4ef4c40535e05b41317013d6b0695a/actions - {"actions":[{"id":"action32","type":"key","parameters":{},"actions":[{"type":"keyDown","value":"î€‡"},{"type":"pause","duration":10},{"type":"keyUp","value":"î€‡"}]}]}
RESULT: {"actions":[{"id":"action32","type":"key","parameters":{},"actions":[{"type":"keyDown","value":"î€‡"},{"type":"pause","duration":10},{"type":"keyUp","value":"î€‡"}]}]}
COMMAND: GET /session/ee4ef4c40535e05b41317013d6b0695a/screenshot - {}
RESULT: {}
COMMAND: POST /session/ee4ef4c40535e05b41317013d6b0695a/execute/async - {"script":"<script> [1562 bytes]","args":[{"selector":{"id":"application-manageconditionprice-display-component---newCondition--condBillCond-arrow"},"wdio_ui5_key":"applicationmanageconditionprice-display-component---newCondition--condBillCond-arrow"}]}
RESULT: {"script":"<script> [1562 bytes]","args":[{"selector":{"id":"application-manageconditionprice-display-component---newCondition--condBillCond-arrow"},"wdio_ui5_key":"applicationmanageconditionprice-display-component---newCondition--condBillCond-arrow"}]}
RESULT: undefined
COMMAND: POST /session/ee4ef4c40535e05b41317013d6b0695a/element - {"using":"xpath","value":"//*[@id=\"application-manageconditionprice-display-component---newCondition--condBillCond-arrow\"]"}
RESULT: {"using":"xpath","value":"//*[@id=\"application-manageconditionprice-display-component---newCondition--condBillCond-arrow\"]"}
COMMAND: POST /session/ee4ef4c40535e05b41317013d6b0695a/element/f.00329360D5A862BC98A13AE160565CE6.d.9ECF0F2F5698FC5B96CB1175780A91A7.e.8654/click - {}
RESULT: {}
COMMAND: GET /session/ee4ef4c40535e05b41317013d6b0695a/screenshot - {}
RESULT: {}
COMMAND: POST /session/ee4ef4c40535e05b41317013d6b0695a/element - {"using":"xpath","value":"//li[.//span[contains(text(), \"SAPR - Sales price\")]]"}
RESULT: {"using":"xpath","value":"//li[.//span[contains(text(), \"SAPR - Sales price\")]]"}
COMMAND: POST /session/ee4ef4c40535e05b41317013d6b0695a/element/f.00329360D5A862BC98A13AE160565CE6.d.9ECF0F2F5698FC5B96CB1175780A91A7.e.8657/click - {}
RESULT: {}
COMMAND: GET /session/ee4ef4c40535e05b41317013d6b0695a/screenshot - {}
RESULT: {}
COMMAND: POST /session/ee4ef4c40535e05b41317013d6b0695a/execute/async - {"script":"<script> [1562 bytes]","args":[{"selector":{"id":"application-manageconditionprice-display-component---newCondition--condValidTo","interaction":{"idSuffix":"inner"}},"wdio_ui5_key":"applicationmanageconditionprice-display-component---newCondition--condValidTo"}]}
RESULT: {"script":"<script> [1562 bytes]","args":[{"selector":{"id":"application-manageconditionprice-display-component---newCondition--condValidTo","interaction":{"idSuffix":"inner"}},"wdio_ui5_key":"applicationmanageconditionprice-display-component---newCondition--condValidTo"}]}
RESULT: undefined
COMMAND: POST /session/ee4ef4c40535e05b41317013d6b0695a/execute/async - {"script":"<script> [776 bytes]","args":[{"enterText":"01/14/26","selector":{"id":"application-manageconditionprice-display-component---newCondition--condValidTo","interaction":{"idSuffix":"inner"}},"clearTextFirst":true,"interactionType":"ENTER_TEXT"}]}
RESULT: {"script":"<script> [776 bytes]","args":[{"enterText":"01/14/26","selector":{"id":"application-manageconditionprice-display-component---newCondition--condValidTo","interaction":{"idSuffix":"inner"}},"clearTextFirst":true,"interactionType":"ENTER_TEXT"}]}
COMMAND: POST /session/ee4ef4c40535e05b41317013d6b0695a/element - {"using":"xpath","value":"//input[@id=\"application-manageconditionprice-display-component---newCondition--condRU-inner\"]"}
RESULT: {"using":"xpath","value":"//input[@id=\"application-manageconditionprice-display-component---newCondition--condRU-inner\"]"}
COMMAND: POST /session/ee4ef4c40535e05b41317013d6b0695a/element/f.00329360D5A862BC98A13AE160565CE6.d.9ECF0F2F5698FC5B96CB1175780A91A7.e.8519/clear - {}
RESULT: {}
COMMAND: POST /session/ee4ef4c40535e05b41317013d6b0695a/element/f.00329360D5A862BC98A13AE160565CE6.d.9ECF0F2F5698FC5B96CB1175780A91A7.e.8519/value - {"text":"Gq3DUE8nAG"}
COMMAND: GET /session/ee4ef4c40535e05b41317013d6b0695a/screenshot - {}
RESULT: {"text":"Gq3DUE8nAG"}
COMMAND: GET /session/ee4ef4c40535e05b41317013d6b0695a/screenshot - {}
RESULT: {}
RESULT: {}
COMMAND: POST /session/ee4ef4c40535e05b41317013d6b0695a/actions - {"actions":[{"id":"action33","type":"key","parameters":{},"actions":[{"type":"keyDown","value":"î€‡"},{"type":"pause","duration":10},{"type":"keyUp","value":"î€‡"}]}]}
RESULT: {"actions":[{"id":"action33","type":"key","parameters":{},"actions":[{"type":"keyDown","value":"î€‡"},{"type":"pause","duration":10},{"type":"keyUp","value":"î€‡"}]}]}
COMMAND: POST /session/ee4ef4c40535e05b41317013d6b0695a/execute/async - {"script":"<script> [1562 bytes]","args":[{"selector":{"id":"application-manageconditionprice-display-component---newCondition--condBaseQty","interaction":{"idSuffix":"inner"}},"wdio_ui5_key":"applicationmanageconditionprice-display-component---newCondition--condBaseQty"}]}
COMMAND: GET /session/ee4ef4c40535e05b41317013d6b0695a/screenshot - {}
RESULT: {"script":"<script> [1562 bytes]","args":[{"selector":{"id":"application-manageconditionprice-display-component---newCondition--condBaseQty","interaction":{"idSuffix":"inner"}},"wdio_ui5_key":"applicationmanageconditionprice-display-component---newCondition--condBaseQty"}]}
RESULT: undefined
COMMAND: POST /session/ee4ef4c40535e05b41317013d6b0695a/execute/async - {"script":"<script> [776 bytes]","args":[{"enterText":"1","selector":{"id":"application-manageconditionprice-display-component---newCondition--condBaseQty","interaction":{"idSuffix":"inner"}},"clearTextFirst":true,"interactionType":"ENTER_TEXT"}]}
RESULT: {}
RESULT: {"script":"<script> [776 bytes]","args":[{"enterText":"1","selector":{"id":"application-manageconditionprice-display-component---newCondition--condBaseQty","interaction":{"idSuffix":"inner"}},"clearTextFirst":true,"interactionType":"ENTER_TEXT"}]}
COMMAND: POST /session/ee4ef4c40535e05b41317013d6b0695a/execute/async - {"script":"<script> [1562 bytes]","args":[{"selector":{"id":"application-manageconditionprice-display-component---newCondition--condValue","interaction":{"idSuffix":"inner"}},"wdio_ui5_key":"applicationmanageconditionprice-display-component---newCondition--condValue"}]}
RESULT: {"script":"<script> [1562 bytes]","args":[{"selector":{"id":"application-manageconditionprice-display-component---newCondition--condValue","interaction":{"idSuffix":"inner"}},"wdio_ui5_key":"applicationmanageconditionprice-display-component---newCondition--condValue"}]}
RESULT: undefined
COMMAND: POST /session/ee4ef4c40535e05b41317013d6b0695a/execute/async - {"script":"<script> [776 bytes]","args":[{"enterText":"200","selector":{"id":"application-manageconditionprice-display-component---newCondition--condValue","interaction":{"idSuffix":"inner"}},"clearTextFirst":true,"interactionType":"ENTER_TEXT"}]}
RESULT: {"script":"<script> [776 bytes]","args":[{"enterText":"200","selector":{"id":"application-manageconditionprice-display-component---newCondition--condValue","interaction":{"idSuffix":"inner"}},"clearTextFirst":true,"interactionType":"ENTER_TEXT"}]}
COMMAND: POST /session/ee4ef4c40535e05b41317013d6b0695a/execute/async - {"script":"<script> [1562 bytes]","args":[{"selector":{"id":"application-manageconditionprice-display-component---newCondition--condCurr-arrow"},"wdio_ui5_key":"applicationmanageconditionprice-display-component---newCondition--condCurr-arrow"}]}
RESULT: {"script":"<script> [1562 bytes]","args":[{"selector":{"id":"application-manageconditionprice-display-component---newCondition--condCurr-arrow"},"wdio_ui5_key":"applicationmanageconditionprice-display-component---newCondition--condCurr-arrow"}]}
RESULT: undefined
COMMAND: POST /session/ee4ef4c40535e05b41317013d6b0695a/element - {"using":"xpath","value":"//*[@id=\"application-manageconditionprice-display-component---newCondition--condCurr-arrow\"]"}
RESULT: {"using":"xpath","value":"//*[@id=\"application-manageconditionprice-display-component---newCondition--condCurr-arrow\"]"}
COMMAND: POST /session/ee4ef4c40535e05b41317013d6b0695a/element/f.00329360D5A862BC98A13AE160565CE6.d.9ECF0F2F5698FC5B96CB1175780A91A7.e.8621/click - {}
RESULT: {}
COMMAND: POST /session/ee4ef4c40535e05b41317013d6b0695a/element - {"using":"xpath","value":"//span[contains(text(), \"Euro\")]"}
COMMAND: GET /session/ee4ef4c40535e05b41317013d6b0695a/screenshot - {}
RESULT: {"using":"xpath","value":"//span[contains(text(), \"Euro\")]"}
COMMAND: POST /session/ee4ef4c40535e05b41317013d6b0695a/element/f.00329360D5A862BC98A13AE160565CE6.d.9ECF0F2F5698FC5B96CB1175780A91A7.e.8691/click - {}
RESULT: {}
RESULT: {}
COMMAND: POST /session/ee4ef4c40535e05b41317013d6b0695a/element - {"using":"xpath","value":"//button[@data-kt=\"saveButton\"]"}
COMMAND: GET /session/ee4ef4c40535e05b41317013d6b0695a/screenshot - {}
RESULT: {"using":"xpath","value":"//button[@data-kt=\"saveButton\"]"}
COMMAND: POST /session/ee4ef4c40535e05b41317013d6b0695a/element/f.00329360D5A862BC98A13AE160565CE6.d.9ECF0F2F5698FC5B96CB1175780A91A7.e.8622/click - {}
RESULT: {}
RESULT: {}
COMMAND: GET /session/ee4ef4c40535e05b41317013d6b0695a/screenshot - {}
RESULT: {}
COMMAND: POST /session/ee4ef4c40535e05b41317013d6b0695a/execute/async - {"script":"<script> [1562 bytes]","args":[{"selector":{"id":"application-manageconditionprice-display-component---conditions--smartFilterBar-btnBasicSearch","interaction":{"idSuffix":"I"}},"wdio_ui5_key":"applicationmanageconditionprice-display-component---conditions--smartFilterBar-btnBasicSearch"}]}
RESULT: {"script":"<script> [1562 bytes]","args":[{"selector":{"id":"application-manageconditionprice-display-component---conditions--smartFilterBar-btnBasicSearch","interaction":{"idSuffix":"I"}},"wdio_ui5_key":"applicationmanageconditionprice-display-component---conditions--smartFilterBar-btnBasicSearch"}]}
RESULT: undefined
COMMAND: POST /session/ee4ef4c40535e05b41317013d6b0695a/execute/async - {"script":"<script> [776 bytes]","args":[{"enterText":"Gq3DUE8nAG","selector":{"id":"application-manageconditionprice-display-component---conditions--smartFilterBar-btnBasicSearch","interaction":{"idSuffix":"I"}},"clearTextFirst":true,"interactionType":"ENTER_TEXT"}]}
RESULT: {"script":"<script> [776 bytes]","args":[{"enterText":"Gq3DUE8nAG","selector":{"id":"application-manageconditionprice-display-component---conditions--smartFilterBar-btnBasicSearch","interaction":{"idSuffix":"I"}},"clearTextFirst":true,"interactionType":"ENTER_TEXT"}]}
COMMAND: POST /session/ee4ef4c40535e05b41317013d6b0695a/actions - {"actions":[{"id":"action34","type":"key","parameters":{},"actions":[{"type":"keyDown","value":"î€‡"},{"type":"pause","duration":10},{"type":"keyUp","value":"î€‡"}]}]}
RESULT: {"actions":[{"id":"action34","type":"key","parameters":{},"actions":[{"type":"keyDown","value":"î€‡"},{"type":"pause","duration":10},{"type":"keyUp","value":"î€‡"}]}]}
COMMAND: GET /session/ee4ef4c40535e05b41317013d6b0695a/screenshot - {}
RESULT: {}
COMMAND: POST /session/ee4ef4c40535e05b41317013d6b0695a/execute/async - {"script":"<script> [1562 bytes]","args":[{"selector":{"id":"application-manageconditionprice-display-component---conditions--smartFilterBar-filterItemControl_BASIC-BILL_TYPES-vhi"},"wdio_ui5_key":"applicationmanageconditionprice-display-component---conditions--smartFilterBar-filterItemControl_BASIC-BILL_TYPES-vhi"}]}
RESULT: {"script":"<script> [1562 bytes]","args":[{"selector":{"id":"application-manageconditionprice-display-component---conditions--smartFilterBar-filterItemControl_BASIC-BILL_TYPES-vhi"},"wdio_ui5_key":"applicationmanageconditionprice-display-component---conditions--smartFilterBar-filterItemControl_BASIC-BILL_TYPES-vhi"}]}
RESULT: undefined
COMMAND: POST /session/ee4ef4c40535e05b41317013d6b0695a/element - {"using":"xpath","value":"//*[@id=\"application-manageconditionprice-display-component---conditions--smartFilterBar-filterItemControl_BASIC-BILL_TYPES-vhi\"]"}
RESULT: {"using":"xpath","value":"//*[@id=\"application-manageconditionprice-display-component---conditions--smartFilterBar-filterItemControl_BASIC-BILL_TYPES-vhi\"]"}
COMMAND: POST /session/ee4ef4c40535e05b41317013d6b0695a/element/f.00329360D5A862BC98A13AE160565CE6.d.9ECF0F2F5698FC5B96CB1175780A91A7.e.8707/click - {}
RESULT: {}
COMMAND: POST /session/ee4ef4c40535e05b41317013d6b0695a/execute/async - {"script":"<script> [1562 bytes]","args":[{"selector":{"id":"application-manageconditionprice-display-component---conditions--smartFilterBar-filterItemControl_BASIC-BILL_TYPES-valueHelpDialog-smartFilterBar-btnBasicSearch","searchOpenDialogs":true,"interaction":{"idSuffix":"I"}},"wdio_ui5_key":"applicationmanageconditionprice-display-component---conditions--smartFilterBar-filterItemControl_BASIC-BILL_TYPES-valueHelpDialog-smartFilterBar-btnBasicSearch"}]}
COMMAND: GET /session/ee4ef4c40535e05b41317013d6b0695a/screenshot - {}
RESULT: {"script":"<script> [1562 bytes]","args":[{"selector":{"id":"application-manageconditionprice-display-component---conditions--smartFilterBar-filterItemControl_BASIC-BILL_TYPES-valueHelpDialog-smartFilterBar-btnBasicSearch","searchOpenDialogs":true,"interaction":{"idSuffix":"I"}},"wdio_ui5_key":"applicationmanageconditionprice-display-component---conditions--smartFilterBar-filterItemControl_BASIC-BILL_TYPES-valueHelpDialog-smartFilterBar-btnBasicSearch"}]}
RESULT: undefined
COMMAND: POST /session/ee4ef4c40535e05b41317013d6b0695a/execute/async - {"script":"<script> [776 bytes]","args":[{"enterText":"one","selector":{"id":"application-manageconditionprice-display-component---conditions--smartFilterBar-filterItemControl_BASIC-BILL_TYPES-valueHelpDialog-smartFilterBar-btnBasicSearch","searchOpenDialogs":true,"interaction":{"idSuffix":"I"}},"clearTextFirst":true,"interactionType":"ENTER_TEXT"}]}
RESULT: {}
RESULT: {"script":"<script> [776 bytes]","args":[{"enterText":"one","selector":{"id":"application-manageconditionprice-display-component---conditions--smartFilterBar-filterItemControl_BASIC-BILL_TYPES-valueHelpDialog-smartFilterBar-btnBasicSearch","searchOpenDialogs":true,"interaction":{"idSuffix":"I"}},"clearTextFirst":true,"interactionType":"ENTER_TEXT"}]}
COMMAND: POST /session/ee4ef4c40535e05b41317013d6b0695a/actions - {"actions":[{"id":"action35","type":"key","parameters":{},"actions":[{"type":"keyDown","value":"î€‡"},{"type":"pause","duration":10},{"type":"keyUp","value":"î€‡"}]}]}
RESULT: {"actions":[{"id":"action35","type":"key","parameters":{},"actions":[{"type":"keyDown","value":"î€‡"},{"type":"pause","duration":10},{"type":"keyUp","value":"î€‡"}]}]}
COMMAND: GET /session/ee4ef4c40535e05b41317013d6b0695a/screenshot - {}
RESULT: {}
COMMAND: POST /session/ee4ef4c40535e05b41317013d6b0695a/element - {"using":"xpath","value":"//div[contains(@id, 'application-manageconditionprice-display-component---conditions--smartFilterBar-filterItemControl_BASIC-BILL_TYPES-valueHelpDialog-table-rowsel0')]"}
RESULT: {"using":"xpath","value":"//div[contains(@id, 'application-manageconditionprice-display-component---conditions--smartFilterBar-filterItemControl_BASIC-BILL_TYPES-valueHelpDialog-table-rowsel0')]"}
COMMAND: POST /session/ee4ef4c40535e05b41317013d6b0695a/element/f.00329360D5A862BC98A13AE160565CE6.d.9ECF0F2F5698FC5B96CB1175780A91A7.e.8715/click - {}
RESULT: {}
COMMAND: GET /session/ee4ef4c40535e05b41317013d6b0695a/screenshot - {}
RESULT: {}
COMMAND: POST /session/ee4ef4c40535e05b41317013d6b0695a/element - {"using":"xpath","value":"//bdi[contains(text(), \"OK\")]"}
RESULT: {"using":"xpath","value":"//bdi[contains(text(), \"OK\")]"}
COMMAND: POST /session/ee4ef4c40535e05b41317013d6b0695a/element/f.00329360D5A862BC98A13AE160565CE6.d.9ECF0F2F5698FC5B96CB1175780A91A7.e.8717/click - {}
RESULT: {}
COMMAND: GET /session/ee4ef4c40535e05b41317013d6b0695a/screenshot - {}
RESULT: {}
COMMAND: POST /session/ee4ef4c40535e05b41317013d6b0695a/element - {"using":"xpath","value":"//span[@id=\"application-manageconditionprice-display-component---conditions--smartTable-header-inner\"]"}
RESULT: {"using":"xpath","value":"//span[@id=\"application-manageconditionprice-display-component---conditions--smartTable-header-inner\"]"}
COMMAND: POST /session/ee4ef4c40535e05b41317013d6b0695a/elements - {"using":"xpath","value":"//span[@id=\"application-manageconditionprice-display-component---conditions--smartTable-header-inner\"]"}
RESULT: {"using":"xpath","value":"//span[@id=\"application-manageconditionprice-display-component---conditions--smartTable-header-inner\"]"}
COMMAND: POST /session/ee4ef4c40535e05b41317013d6b0695a/execute/sync - {"script":"<script> [56 bytes]","args":[{"element-6066-11e4-a52e-4f735466cecf":"f.00329360D5A862BC98A13AE160565CE6.d.9ECF0F2F5698FC5B96CB1175780A91A7.e.8720","ELEMENT":"f.00329360D5A862BC98A13AE160565CE6.d.9ECF0F2F5698FC5B96CB1175780A91A7.e.8720"}]}
RESULT: {"script":"<script> [56 bytes]","args":[{"element-6066-11e4-a52e-4f735466cecf":"f.00329360D5A862BC98A13AE160565CE6.d.9ECF0F2F5698FC5B96CB1175780A91A7.e.8720","ELEMENT":"f.00329360D5A862BC98A13AE160565CE6.d.9ECF0F2F5698FC5B96CB1175780A91A7.e.8720"}]}
COMMAND: POST /session/ee4ef4c40535e05b41317013d6b0695a/element - {"using":"css selector","value":"#shell-header-logo"}
RESULT: {"using":"css selector","value":"#shell-header-logo"}
COMMAND: POST /session/ee4ef4c40535e05b41317013d6b0695a/element/f.00329360D5A862BC98A13AE160565CE6.d.9ECF0F2F5698FC5B96CB1175780A91A7.e.8427/click - {}
COMMAND: GET /session/ee4ef4c40535e05b41317013d6b0695a/screenshot - {}
RESULT: {}
COMMAND: GET /session/ee4ef4c40535e05b41317013d6b0695a/screenshot - {}
RESULT: {}
RESULT: {}
]]></system-out>
    </testcase>
    <testcase classname="chrome.136_0_7103_49.windows.Create_master_data_for_mixed_billing_&amp;_do_billing_calculation_US151661" name="Should add performance based condition" time="66.328">
      <system-out><![CDATA[
RESULT: undefined
COMMAND: POST /session/ee4ef4c40535e05b41317013d6b0695a/element - {"using":"xpath","value":"//*[@id=\"__tile53-title\"]"}
RESULT: {"using":"xpath","value":"//*[@id=\"__tile53-title\"]"}
COMMAND: POST /session/ee4ef4c40535e05b41317013d6b0695a/element/f.00329360D5A862BC98A13AE160565CE6.d.9ECF0F2F5698FC5B96CB1175780A91A7.e.8423/click - {}
RESULT: {}
COMMAND: POST /session/ee4ef4c40535e05b41317013d6b0695a/element - {"using":"xpath","value":"//button[@aria-label=\"Create\"]"}
COMMAND: GET /session/ee4ef4c40535e05b41317013d6b0695a/screenshot - {}
RESULT: {"using":"xpath","value":"//button[@aria-label=\"Create\"]"}
COMMAND: POST /session/ee4ef4c40535e05b41317013d6b0695a/elements - {"using":"xpath","value":"//button[@aria-label=\"Create\"]"}
RESULT: {}
RESULT: {"using":"xpath","value":"//button[@aria-label=\"Create\"]"}
COMMAND: POST /session/ee4ef4c40535e05b41317013d6b0695a/execute/sync - {"script":"<script> [8489 bytes]","args":[{"element-6066-11e4-a52e-4f735466cecf":"f.00329360D5A862BC98A13AE160565CE6.d.9ECF0F2F5698FC5B96CB1175780A91A7.e.8761","ELEMENT":"f.00329360D5A862BC98A13AE160565CE6.d.9ECF0F2F5698FC5B96CB1175780A91A7.e.8761"}]}
RESULT: {"script":"<script> [8489 bytes]","args":[{"element-6066-11e4-a52e-4f735466cecf":"f.00329360D5A862BC98A13AE160565CE6.d.9ECF0F2F5698FC5B96CB1175780A91A7.e.8761","ELEMENT":"f.00329360D5A862BC98A13AE160565CE6.d.9ECF0F2F5698FC5B96CB1175780A91A7.e.8761"}]}
COMMAND: GET /session/ee4ef4c40535e05b41317013d6b0695a/element/f.00329360D5A862BC98A13AE160565CE6.d.9ECF0F2F5698FC5B96CB1175780A91A7.e.8761/enabled - {}
COMMAND: GET /session/ee4ef4c40535e05b41317013d6b0695a/screenshot - {}
RESULT: {}
COMMAND: POST /session/ee4ef4c40535e05b41317013d6b0695a/execute/sync - {"script":"<script> [8489 bytes]","args":[{"element-6066-11e4-a52e-4f735466cecf":"f.00329360D5A862BC98A13AE160565CE6.d.9ECF0F2F5698FC5B96CB1175780A91A7.e.8761","ELEMENT":"f.00329360D5A862BC98A13AE160565CE6.d.9ECF0F2F5698FC5B96CB1175780A91A7.e.8761"}]}
COMMAND: GET /session/ee4ef4c40535e05b41317013d6b0695a/screenshot - {}
RESULT: {}
RESULT: {"script":"<script> [8489 bytes]","args":[{"element-6066-11e4-a52e-4f735466cecf":"f.00329360D5A862BC98A13AE160565CE6.d.9ECF0F2F5698FC5B96CB1175780A91A7.e.8761","ELEMENT":"f.00329360D5A862BC98A13AE160565CE6.d.9ECF0F2F5698FC5B96CB1175780A91A7.e.8761"}]}
COMMAND: POST /session/ee4ef4c40535e05b41317013d6b0695a/execute/sync - {"script":"<script> [5351 bytes]","args":[{"element-6066-11e4-a52e-4f735466cecf":"f.00329360D5A862BC98A13AE160565CE6.d.9ECF0F2F5698FC5B96CB1175780A91A7.e.8761","ELEMENT":"f.00329360D5A862BC98A13AE160565CE6.d.9ECF0F2F5698FC5B96CB1175780A91A7.e.8761"}]}
COMMAND: GET /session/ee4ef4c40535e05b41317013d6b0695a/screenshot - {}
RESULT: {}
RESULT: {"script":"<script> [5351 bytes]","args":[{"element-6066-11e4-a52e-4f735466cecf":"f.00329360D5A862BC98A13AE160565CE6.d.9ECF0F2F5698FC5B96CB1175780A91A7.e.8761","ELEMENT":"f.00329360D5A862BC98A13AE160565CE6.d.9ECF0F2F5698FC5B96CB1175780A91A7.e.8761"}]}
COMMAND: POST /session/ee4ef4c40535e05b41317013d6b0695a/element/f.00329360D5A862BC98A13AE160565CE6.d.9ECF0F2F5698FC5B96CB1175780A91A7.e.8761/click - {}
COMMAND: GET /session/ee4ef4c40535e05b41317013d6b0695a/screenshot - {}
RESULT: {}
RESULT: {}
COMMAND: GET /session/ee4ef4c40535e05b41317013d6b0695a/screenshot - {}
RESULT: {}
RESULT: {}
COMMAND: POST /session/ee4ef4c40535e05b41317013d6b0695a/actions - {"actions":[{"id":"action36","type":"key","parameters":{},"actions":[{"type":"keyDown","value":"î€‡"},{"type":"pause","duration":10},{"type":"keyUp","value":"î€‡"}]}]}
RESULT: {"actions":[{"id":"action36","type":"key","parameters":{},"actions":[{"type":"keyDown","value":"î€‡"},{"type":"pause","duration":10},{"type":"keyUp","value":"î€‡"}]}]}
COMMAND: GET /session/ee4ef4c40535e05b41317013d6b0695a/screenshot - {}
RESULT: {}
RESULT: undefined
COMMAND: POST /session/ee4ef4c40535e05b41317013d6b0695a/element - {"using":"xpath","value":"//*[@id=\"application-manageconditionprice-display-component---newCondition--condBillCond-arrow\"]"}
RESULT: {"using":"xpath","value":"//*[@id=\"application-manageconditionprice-display-component---newCondition--condBillCond-arrow\"]"}
COMMAND: POST /session/ee4ef4c40535e05b41317013d6b0695a/element/f.00329360D5A862BC98A13AE160565CE6.d.9ECF0F2F5698FC5B96CB1175780A91A7.e.9128/click - {}
RESULT: {}
COMMAND: GET /session/ee4ef4c40535e05b41317013d6b0695a/screenshot - {}
RESULT: {}
COMMAND: POST /session/ee4ef4c40535e05b41317013d6b0695a/element - {"using":"xpath","value":"//li[.//span[contains(text(), \"PC06 - Performance Price - fuel\")]]"}
RESULT: {"using":"xpath","value":"//li[.//span[contains(text(), \"PC06 - Performance Price - fuel\")]]"}
COMMAND: POST /session/ee4ef4c40535e05b41317013d6b0695a/element/f.00329360D5A862BC98A13AE160565CE6.d.9ECF0F2F5698FC5B96CB1175780A91A7.e.9131/click - {}
RESULT: {}
COMMAND: GET /session/ee4ef4c40535e05b41317013d6b0695a/screenshot - {}
RESULT: {}
RESULT: undefined
COMMAND: POST /session/ee4ef4c40535e05b41317013d6b0695a/execute/async - {"script":"<script> [776 bytes]","args":[{"enterText":"01/14/26","selector":{"id":"application-manageconditionprice-display-component---newCondition--condValidTo","interaction":{"idSuffix":"inner"}},"clearTextFirst":true,"interactionType":"ENTER_TEXT"}]}
RESULT: {"script":"<script> [776 bytes]","args":[{"enterText":"01/14/26","selector":{"id":"application-manageconditionprice-display-component---newCondition--condValidTo","interaction":{"idSuffix":"inner"}},"clearTextFirst":true,"interactionType":"ENTER_TEXT"}]}
COMMAND: POST /session/ee4ef4c40535e05b41317013d6b0695a/element - {"using":"xpath","value":"//input[@id=\"application-manageconditionprice-display-component---newCondition--condRU-inner\"]"}
RESULT: {"using":"xpath","value":"//input[@id=\"application-manageconditionprice-display-component---newCondition--condRU-inner\"]"}
COMMAND: POST /session/ee4ef4c40535e05b41317013d6b0695a/element/f.00329360D5A862BC98A13AE160565CE6.d.9ECF0F2F5698FC5B96CB1175780A91A7.e.8907/clear - {}
RESULT: {}
COMMAND: POST /session/ee4ef4c40535e05b41317013d6b0695a/element/f.00329360D5A862BC98A13AE160565CE6.d.9ECF0F2F5698FC5B96CB1175780A91A7.e.8907/value - {"text":"Gq3DUE8nAG"}
COMMAND: GET /session/ee4ef4c40535e05b41317013d6b0695a/screenshot - {}
RESULT: {"text":"Gq3DUE8nAG"}
COMMAND: GET /session/ee4ef4c40535e05b41317013d6b0695a/screenshot - {}
RESULT: {}
RESULT: {}
COMMAND: POST /session/ee4ef4c40535e05b41317013d6b0695a/actions - {"actions":[{"id":"action37","type":"key","parameters":{},"actions":[{"type":"keyDown","value":"î€‡"},{"type":"pause","duration":10},{"type":"keyUp","value":"î€‡"}]}]}
RESULT: {"actions":[{"id":"action37","type":"key","parameters":{},"actions":[{"type":"keyDown","value":"î€‡"},{"type":"pause","duration":10},{"type":"keyUp","value":"î€‡"}]}]}
RESULT: undefined
COMMAND: POST /session/ee4ef4c40535e05b41317013d6b0695a/execute/async - {"script":"<script> [776 bytes]","args":[{"enterText":"1","selector":{"id":"application-manageconditionprice-display-component---newCondition--condBaseQty","interaction":{"idSuffix":"inner"}},"clearTextFirst":true,"interactionType":"ENTER_TEXT"}]}
COMMAND: GET /session/ee4ef4c40535e05b41317013d6b0695a/screenshot - {}
RESULT: {"script":"<script> [776 bytes]","args":[{"enterText":"1","selector":{"id":"application-manageconditionprice-display-component---newCondition--condBaseQty","interaction":{"idSuffix":"inner"}},"clearTextFirst":true,"interactionType":"ENTER_TEXT"}]}
RESULT: undefined
COMMAND: POST /session/ee4ef4c40535e05b41317013d6b0695a/execute/async - {"script":"<script> [776 bytes]","args":[{"enterText":"10","selector":{"id":"application-manageconditionprice-display-component---newCondition--condValue","interaction":{"idSuffix":"inner"}},"clearTextFirst":true,"interactionType":"ENTER_TEXT"}]}
RESULT: {}
RESULT: {"script":"<script> [776 bytes]","args":[{"enterText":"10","selector":{"id":"application-manageconditionprice-display-component---newCondition--condValue","interaction":{"idSuffix":"inner"}},"clearTextFirst":true,"interactionType":"ENTER_TEXT"}]}
RESULT: undefined
COMMAND: POST /session/ee4ef4c40535e05b41317013d6b0695a/element - {"using":"xpath","value":"//*[@id=\"application-manageconditionprice-display-component---newCondition--condCurr-arrow\"]"}
RESULT: {"using":"xpath","value":"//*[@id=\"application-manageconditionprice-display-component---newCondition--condCurr-arrow\"]"}
COMMAND: POST /session/ee4ef4c40535e05b41317013d6b0695a/element/f.00329360D5A862BC98A13AE160565CE6.d.9ECF0F2F5698FC5B96CB1175780A91A7.e.9045/click - {}
RESULT: {}
COMMAND: POST /session/ee4ef4c40535e05b41317013d6b0695a/element - {"using":"xpath","value":"//span[contains(text(), \"Euro\")]"}
COMMAND: GET /session/ee4ef4c40535e05b41317013d6b0695a/screenshot - {}
RESULT: {"using":"xpath","value":"//span[contains(text(), \"Euro\")]"}
COMMAND: POST /session/ee4ef4c40535e05b41317013d6b0695a/element/f.00329360D5A862BC98A13AE160565CE6.d.9ECF0F2F5698FC5B96CB1175780A91A7.e.9166/click - {}
RESULT: {}
RESULT: {}
COMMAND: POST /session/ee4ef4c40535e05b41317013d6b0695a/element - {"using":"xpath","value":"//button[@data-kt=\"saveButton\"]"}
COMMAND: GET /session/ee4ef4c40535e05b41317013d6b0695a/screenshot - {}
RESULT: {"using":"xpath","value":"//button[@data-kt=\"saveButton\"]"}
COMMAND: POST /session/ee4ef4c40535e05b41317013d6b0695a/element/f.00329360D5A862BC98A13AE160565CE6.d.9ECF0F2F5698FC5B96CB1175780A91A7.e.9046/click - {}
RESULT: {}
RESULT: {}
COMMAND: GET /session/ee4ef4c40535e05b41317013d6b0695a/screenshot - {}
RESULT: {}
RESULT: undefined
COMMAND: POST /session/ee4ef4c40535e05b41317013d6b0695a/execute/async - {"script":"<script> [776 bytes]","args":[{"enterText":"Gq3DUE8nAG","selector":{"id":"application-manageconditionprice-display-component---conditions--smartFilterBar-btnBasicSearch","interaction":{"idSuffix":"I"}},"clearTextFirst":true,"interactionType":"ENTER_TEXT"}]}
RESULT: {"script":"<script> [776 bytes]","args":[{"enterText":"Gq3DUE8nAG","selector":{"id":"application-manageconditionprice-display-component---conditions--smartFilterBar-btnBasicSearch","interaction":{"idSuffix":"I"}},"clearTextFirst":true,"interactionType":"ENTER_TEXT"}]}
COMMAND: POST /session/ee4ef4c40535e05b41317013d6b0695a/actions - {"actions":[{"id":"action38","type":"key","parameters":{},"actions":[{"type":"keyDown","value":"î€‡"},{"type":"pause","duration":10},{"type":"keyUp","value":"î€‡"}]}]}
RESULT: {"actions":[{"id":"action38","type":"key","parameters":{},"actions":[{"type":"keyDown","value":"î€‡"},{"type":"pause","duration":10},{"type":"keyUp","value":"î€‡"}]}]}
COMMAND: GET /session/ee4ef4c40535e05b41317013d6b0695a/screenshot - {}
RESULT: {}
RESULT: undefined
COMMAND: POST /session/ee4ef4c40535e05b41317013d6b0695a/element - {"using":"xpath","value":"//*[@id=\"application-manageconditionprice-display-component---conditions--smartFilterBar-filterItemControl_BASIC-BILL_TYPES-vhi\"]"}
RESULT: {"using":"xpath","value":"//*[@id=\"application-manageconditionprice-display-component---conditions--smartFilterBar-filterItemControl_BASIC-BILL_TYPES-vhi\"]"}
COMMAND: POST /session/ee4ef4c40535e05b41317013d6b0695a/element/f.00329360D5A862BC98A13AE160565CE6.d.9ECF0F2F5698FC5B96CB1175780A91A7.e.9365/click - {}
RESULT: {}
RESULT: undefined
COMMAND: POST /session/ee4ef4c40535e05b41317013d6b0695a/execute/async - {"script":"<script> [776 bytes]","args":[{"enterText":"PB","selector":{"id":"application-manageconditionprice-display-component---conditions--smartFilterBar-filterItemControl_BASIC-BILL_TYPES-valueHelpDialog-smartFilterBar-btnBasicSearch","searchOpenDialogs":true,"interaction":{"idSuffix":"I"}},"clearTextFirst":true,"interactionType":"ENTER_TEXT"}]}
COMMAND: GET /session/ee4ef4c40535e05b41317013d6b0695a/screenshot - {}
RESULT: {"script":"<script> [776 bytes]","args":[{"enterText":"PB","selector":{"id":"application-manageconditionprice-display-component---conditions--smartFilterBar-filterItemControl_BASIC-BILL_TYPES-valueHelpDialog-smartFilterBar-btnBasicSearch","searchOpenDialogs":true,"interaction":{"idSuffix":"I"}},"clearTextFirst":true,"interactionType":"ENTER_TEXT"}]}
COMMAND: POST /session/ee4ef4c40535e05b41317013d6b0695a/actions - {"actions":[{"id":"action39","type":"key","parameters":{},"actions":[{"type":"keyDown","value":"î€‡"},{"type":"pause","duration":10},{"type":"keyUp","value":"î€‡"}]}]}
RESULT: {}
RESULT: {"actions":[{"id":"action39","type":"key","parameters":{},"actions":[{"type":"keyDown","value":"î€‡"},{"type":"pause","duration":10},{"type":"keyUp","value":"î€‡"}]}]}
COMMAND: GET /session/ee4ef4c40535e05b41317013d6b0695a/screenshot - {}
RESULT: {}
COMMAND: POST /session/ee4ef4c40535e05b41317013d6b0695a/element - {"using":"xpath","value":"//div[contains(@id, 'application-manageconditionprice-display-component---conditions--smartFilterBar-filterItemControl_BASIC-BILL_TYPES-valueHelpDialog-table-rowsel0')]"}
RESULT: {"using":"xpath","value":"//div[contains(@id, 'application-manageconditionprice-display-component---conditions--smartFilterBar-filterItemControl_BASIC-BILL_TYPES-valueHelpDialog-table-rowsel0')]"}
COMMAND: POST /session/ee4ef4c40535e05b41317013d6b0695a/element/f.00329360D5A862BC98A13AE160565CE6.d.9ECF0F2F5698FC5B96CB1175780A91A7.e.9373/click - {}
RESULT: {}
COMMAND: GET /session/ee4ef4c40535e05b41317013d6b0695a/screenshot - {}
RESULT: {}
COMMAND: POST /session/ee4ef4c40535e05b41317013d6b0695a/element - {"using":"xpath","value":"//bdi[contains(text(), \"OK\")]"}
RESULT: {"using":"xpath","value":"//bdi[contains(text(), \"OK\")]"}
COMMAND: POST /session/ee4ef4c40535e05b41317013d6b0695a/element/f.00329360D5A862BC98A13AE160565CE6.d.9ECF0F2F5698FC5B96CB1175780A91A7.e.9375/click - {}
RESULT: {}
COMMAND: GET /session/ee4ef4c40535e05b41317013d6b0695a/screenshot - {}
RESULT: {}
COMMAND: POST /session/ee4ef4c40535e05b41317013d6b0695a/element - {"using":"xpath","value":"//span[@id=\"application-manageconditionprice-display-component---conditions--smartTable-header-inner\"]"}
RESULT: {"using":"xpath","value":"//span[@id=\"application-manageconditionprice-display-component---conditions--smartTable-header-inner\"]"}
COMMAND: POST /session/ee4ef4c40535e05b41317013d6b0695a/elements - {"using":"xpath","value":"//span[@id=\"application-manageconditionprice-display-component---conditions--smartTable-header-inner\"]"}
RESULT: {"using":"xpath","value":"//span[@id=\"application-manageconditionprice-display-component---conditions--smartTable-header-inner\"]"}
COMMAND: POST /session/ee4ef4c40535e05b41317013d6b0695a/execute/sync - {"script":"<script> [56 bytes]","args":[{"element-6066-11e4-a52e-4f735466cecf":"f.00329360D5A862BC98A13AE160565CE6.d.9ECF0F2F5698FC5B96CB1175780A91A7.e.9378","ELEMENT":"f.00329360D5A862BC98A13AE160565CE6.d.9ECF0F2F5698FC5B96CB1175780A91A7.e.9378"}]}
RESULT: {"script":"<script> [56 bytes]","args":[{"element-6066-11e4-a52e-4f735466cecf":"f.00329360D5A862BC98A13AE160565CE6.d.9ECF0F2F5698FC5B96CB1175780A91A7.e.9378","ELEMENT":"f.00329360D5A862BC98A13AE160565CE6.d.9ECF0F2F5698FC5B96CB1175780A91A7.e.9378"}]}
COMMAND: POST /session/ee4ef4c40535e05b41317013d6b0695a/element - {"using":"css selector","value":"#shell-header-logo"}
COMMAND: GET /session/ee4ef4c40535e05b41317013d6b0695a/screenshot - {}
RESULT: {"using":"css selector","value":"#shell-header-logo"}
COMMAND: POST /session/ee4ef4c40535e05b41317013d6b0695a/element/f.00329360D5A862BC98A13AE160565CE6.d.9ECF0F2F5698FC5B96CB1175780A91A7.e.8727/click - {}
RESULT: {}
RESULT: {}
COMMAND: GET /session/ee4ef4c40535e05b41317013d6b0695a/screenshot - {}
RESULT: {}
]]></system-out>
    </testcase>
    <testcase classname="chrome.136_0_7103_49.windows.Create_master_data_for_mixed_billing_&amp;_do_billing_calculation_US151661" name="Should add time based condition" time="69.516">
      <system-out><![CDATA[
RESULT: undefined
COMMAND: POST /session/ee4ef4c40535e05b41317013d6b0695a/element - {"using":"xpath","value":"//*[@id=\"__tile53-title\"]"}
RESULT: {"using":"xpath","value":"//*[@id=\"__tile53-title\"]"}
COMMAND: POST /session/ee4ef4c40535e05b41317013d6b0695a/element/f.00329360D5A862BC98A13AE160565CE6.d.9ECF0F2F5698FC5B96CB1175780A91A7.e.8423/click - {}
RESULT: {}
COMMAND: POST /session/ee4ef4c40535e05b41317013d6b0695a/element - {"using":"xpath","value":"//button[@aria-label=\"Create\"]"}
COMMAND: GET /session/ee4ef4c40535e05b41317013d6b0695a/screenshot - {}
RESULT: {"using":"xpath","value":"//button[@aria-label=\"Create\"]"}
COMMAND: POST /session/ee4ef4c40535e05b41317013d6b0695a/elements - {"using":"xpath","value":"//button[@aria-label=\"Create\"]"}
RESULT: {}
RESULT: {"using":"xpath","value":"//button[@aria-label=\"Create\"]"}
COMMAND: POST /session/ee4ef4c40535e05b41317013d6b0695a/execute/sync - {"script":"<script> [8489 bytes]","args":[{"element-6066-11e4-a52e-4f735466cecf":"f.00329360D5A862BC98A13AE160565CE6.d.9ECF0F2F5698FC5B96CB1175780A91A7.e.9417","ELEMENT":"f.00329360D5A862BC98A13AE160565CE6.d.9ECF0F2F5698FC5B96CB1175780A91A7.e.9417"}]}
RESULT: {"script":"<script> [8489 bytes]","args":[{"element-6066-11e4-a52e-4f735466cecf":"f.00329360D5A862BC98A13AE160565CE6.d.9ECF0F2F5698FC5B96CB1175780A91A7.e.9417","ELEMENT":"f.00329360D5A862BC98A13AE160565CE6.d.9ECF0F2F5698FC5B96CB1175780A91A7.e.9417"}]}
COMMAND: GET /session/ee4ef4c40535e05b41317013d6b0695a/element/f.00329360D5A862BC98A13AE160565CE6.d.9ECF0F2F5698FC5B96CB1175780A91A7.e.9417/enabled - {}
COMMAND: GET /session/ee4ef4c40535e05b41317013d6b0695a/screenshot - {}
RESULT: {}
COMMAND: POST /session/ee4ef4c40535e05b41317013d6b0695a/execute/sync - {"script":"<script> [8489 bytes]","args":[{"element-6066-11e4-a52e-4f735466cecf":"f.00329360D5A862BC98A13AE160565CE6.d.9ECF0F2F5698FC5B96CB1175780A91A7.e.9417","ELEMENT":"f.00329360D5A862BC98A13AE160565CE6.d.9ECF0F2F5698FC5B96CB1175780A91A7.e.9417"}]}
COMMAND: GET /session/ee4ef4c40535e05b41317013d6b0695a/screenshot - {}
RESULT: {}
RESULT: {"script":"<script> [8489 bytes]","args":[{"element-6066-11e4-a52e-4f735466cecf":"f.00329360D5A862BC98A13AE160565CE6.d.9ECF0F2F5698FC5B96CB1175780A91A7.e.9417","ELEMENT":"f.00329360D5A862BC98A13AE160565CE6.d.9ECF0F2F5698FC5B96CB1175780A91A7.e.9417"}]}
COMMAND: POST /session/ee4ef4c40535e05b41317013d6b0695a/execute/sync - {"script":"<script> [5351 bytes]","args":[{"element-6066-11e4-a52e-4f735466cecf":"f.00329360D5A862BC98A13AE160565CE6.d.9ECF0F2F5698FC5B96CB1175780A91A7.e.9417","ELEMENT":"f.00329360D5A862BC98A13AE160565CE6.d.9ECF0F2F5698FC5B96CB1175780A91A7.e.9417"}]}
COMMAND: GET /session/ee4ef4c40535e05b41317013d6b0695a/screenshot - {}
RESULT: {}
RESULT: {"script":"<script> [5351 bytes]","args":[{"element-6066-11e4-a52e-4f735466cecf":"f.00329360D5A862BC98A13AE160565CE6.d.9ECF0F2F5698FC5B96CB1175780A91A7.e.9417","ELEMENT":"f.00329360D5A862BC98A13AE160565CE6.d.9ECF0F2F5698FC5B96CB1175780A91A7.e.9417"}]}
COMMAND: POST /session/ee4ef4c40535e05b41317013d6b0695a/element/f.00329360D5A862BC98A13AE160565CE6.d.9ECF0F2F5698FC5B96CB1175780A91A7.e.9417/click - {}
COMMAND: GET /session/ee4ef4c40535e05b41317013d6b0695a/screenshot - {}
RESULT: {}
RESULT: {}
COMMAND: GET /session/ee4ef4c40535e05b41317013d6b0695a/screenshot - {}
RESULT: {}
RESULT: {}
COMMAND: POST /session/ee4ef4c40535e05b41317013d6b0695a/actions - {"actions":[{"id":"action40","type":"key","parameters":{},"actions":[{"type":"keyDown","value":"î€‡"},{"type":"pause","duration":10},{"type":"keyUp","value":"î€‡"}]}]}
RESULT: {"actions":[{"id":"action40","type":"key","parameters":{},"actions":[{"type":"keyDown","value":"î€‡"},{"type":"pause","duration":10},{"type":"keyUp","value":"î€‡"}]}]}
COMMAND: GET /session/ee4ef4c40535e05b41317013d6b0695a/screenshot - {}
RESULT: {}
RESULT: undefined
COMMAND: POST /session/ee4ef4c40535e05b41317013d6b0695a/element - {"using":"xpath","value":"//*[@id=\"application-manageconditionprice-display-component---newCondition--condBillCond-arrow\"]"}
RESULT: {"using":"xpath","value":"//*[@id=\"application-manageconditionprice-display-component---newCondition--condBillCond-arrow\"]"}
COMMAND: POST /session/ee4ef4c40535e05b41317013d6b0695a/element/f.00329360D5A862BC98A13AE160565CE6.d.9ECF0F2F5698FC5B96CB1175780A91A7.e.9790/click - {}
RESULT: {}
COMMAND: GET /session/ee4ef4c40535e05b41317013d6b0695a/screenshot - {}
RESULT: {}
COMMAND: POST /session/ee4ef4c40535e05b41317013d6b0695a/element - {"using":"xpath","value":"//li[.//span[contains(text(), \"DISP - D&I special price\")]]"}
RESULT: {"using":"xpath","value":"//li[.//span[contains(text(), \"DISP - D&I special price\")]]"}
COMMAND: POST /session/ee4ef4c40535e05b41317013d6b0695a/element/f.00329360D5A862BC98A13AE160565CE6.d.9ECF0F2F5698FC5B96CB1175780A91A7.e.9793/click - {}
RESULT: {}
COMMAND: GET /session/ee4ef4c40535e05b41317013d6b0695a/screenshot - {}
RESULT: {}
RESULT: undefined
COMMAND: POST /session/ee4ef4c40535e05b41317013d6b0695a/execute/async - {"script":"<script> [776 bytes]","args":[{"enterText":"01/14/26","selector":{"id":"application-manageconditionprice-display-component---newCondition--condValidTo","interaction":{"idSuffix":"inner"}},"clearTextFirst":true,"interactionType":"ENTER_TEXT"}]}
RESULT: {"script":"<script> [776 bytes]","args":[{"enterText":"01/14/26","selector":{"id":"application-manageconditionprice-display-component---newCondition--condValidTo","interaction":{"idSuffix":"inner"}},"clearTextFirst":true,"interactionType":"ENTER_TEXT"}]}
COMMAND: POST /session/ee4ef4c40535e05b41317013d6b0695a/element - {"using":"xpath","value":"//input[@id=\"application-manageconditionprice-display-component---newCondition--condRU-inner\"]"}
RESULT: {"using":"xpath","value":"//input[@id=\"application-manageconditionprice-display-component---newCondition--condRU-inner\"]"}
COMMAND: POST /session/ee4ef4c40535e05b41317013d6b0695a/element/f.00329360D5A862BC98A13AE160565CE6.d.9ECF0F2F5698FC5B96CB1175780A91A7.e.9567/clear - {}
RESULT: {}
COMMAND: POST /session/ee4ef4c40535e05b41317013d6b0695a/element/f.00329360D5A862BC98A13AE160565CE6.d.9ECF0F2F5698FC5B96CB1175780A91A7.e.9567/value - {"text":"Gq3DUE8nAG"}
COMMAND: GET /session/ee4ef4c40535e05b41317013d6b0695a/screenshot - {}
RESULT: {"text":"Gq3DUE8nAG"}
COMMAND: GET /session/ee4ef4c40535e05b41317013d6b0695a/screenshot - {}
RESULT: {}
RESULT: {}
COMMAND: POST /session/ee4ef4c40535e05b41317013d6b0695a/actions - {"actions":[{"id":"action41","type":"key","parameters":{},"actions":[{"type":"keyDown","value":"î€‡"},{"type":"pause","duration":10},{"type":"keyUp","value":"î€‡"}]}]}
RESULT: {"actions":[{"id":"action41","type":"key","parameters":{},"actions":[{"type":"keyDown","value":"î€‡"},{"type":"pause","duration":10},{"type":"keyUp","value":"î€‡"}]}]}
RESULT: undefined
COMMAND: POST /session/ee4ef4c40535e05b41317013d6b0695a/execute/async - {"script":"<script> [776 bytes]","args":[{"enterText":"1","selector":{"id":"application-manageconditionprice-display-component---newCondition--condBaseQty","interaction":{"idSuffix":"inner"}},"clearTextFirst":true,"interactionType":"ENTER_TEXT"}]}
COMMAND: GET /session/ee4ef4c40535e05b41317013d6b0695a/screenshot - {}
RESULT: {"script":"<script> [776 bytes]","args":[{"enterText":"1","selector":{"id":"application-manageconditionprice-display-component---newCondition--condBaseQty","interaction":{"idSuffix":"inner"}},"clearTextFirst":true,"interactionType":"ENTER_TEXT"}]}
RESULT: undefined
COMMAND: POST /session/ee4ef4c40535e05b41317013d6b0695a/execute/async - {"script":"<script> [776 bytes]","args":[{"enterText":"100","selector":{"id":"application-manageconditionprice-display-component---newCondition--condValue","interaction":{"idSuffix":"inner"}},"clearTextFirst":true,"interactionType":"ENTER_TEXT"}]}
RESULT: {}
RESULT: {"script":"<script> [776 bytes]","args":[{"enterText":"100","selector":{"id":"application-manageconditionprice-display-component---newCondition--condValue","interaction":{"idSuffix":"inner"}},"clearTextFirst":true,"interactionType":"ENTER_TEXT"}]}
RESULT: undefined
COMMAND: POST /session/ee4ef4c40535e05b41317013d6b0695a/element - {"using":"xpath","value":"//*[@id=\"application-manageconditionprice-display-component---newCondition--condCurr-arrow\"]"}
RESULT: {"using":"xpath","value":"//*[@id=\"application-manageconditionprice-display-component---newCondition--condCurr-arrow\"]"}
COMMAND: POST /session/ee4ef4c40535e05b41317013d6b0695a/element/f.00329360D5A862BC98A13AE160565CE6.d.9ECF0F2F5698FC5B96CB1175780A91A7.e.9754/click - {}
RESULT: {}
COMMAND: POST /session/ee4ef4c40535e05b41317013d6b0695a/element - {"using":"xpath","value":"//span[contains(text(), \"Euro\")]"}
COMMAND: GET /session/ee4ef4c40535e05b41317013d6b0695a/screenshot - {}
RESULT: {"using":"xpath","value":"//span[contains(text(), \"Euro\")]"}
COMMAND: POST /session/ee4ef4c40535e05b41317013d6b0695a/element/f.00329360D5A862BC98A13AE160565CE6.d.9ECF0F2F5698FC5B96CB1175780A91A7.e.9828/click - {}
RESULT: {}
RESULT: {}
COMMAND: POST /session/ee4ef4c40535e05b41317013d6b0695a/element - {"using":"xpath","value":"//button[@data-kt=\"saveButton\"]"}
COMMAND: GET /session/ee4ef4c40535e05b41317013d6b0695a/screenshot - {}
RESULT: {"using":"xpath","value":"//button[@data-kt=\"saveButton\"]"}
COMMAND: POST /session/ee4ef4c40535e05b41317013d6b0695a/element/f.00329360D5A862BC98A13AE160565CE6.d.9ECF0F2F5698FC5B96CB1175780A91A7.e.9755/click - {}
RESULT: {}
RESULT: {}
COMMAND: GET /session/ee4ef4c40535e05b41317013d6b0695a/screenshot - {}
RESULT: {}
RESULT: undefined
COMMAND: POST /session/ee4ef4c40535e05b41317013d6b0695a/execute/async - {"script":"<script> [776 bytes]","args":[{"enterText":"Gq3DUE8nAG","selector":{"id":"application-manageconditionprice-display-component---conditions--smartFilterBar-btnBasicSearch","interaction":{"idSuffix":"I"}},"clearTextFirst":true,"interactionType":"ENTER_TEXT"}]}
RESULT: {"script":"<script> [776 bytes]","args":[{"enterText":"Gq3DUE8nAG","selector":{"id":"application-manageconditionprice-display-component---conditions--smartFilterBar-btnBasicSearch","interaction":{"idSuffix":"I"}},"clearTextFirst":true,"interactionType":"ENTER_TEXT"}]}
COMMAND: POST /session/ee4ef4c40535e05b41317013d6b0695a/actions - {"actions":[{"id":"action42","type":"key","parameters":{},"actions":[{"type":"keyDown","value":"î€‡"},{"type":"pause","duration":10},{"type":"keyUp","value":"î€‡"}]}]}
RESULT: {"actions":[{"id":"action42","type":"key","parameters":{},"actions":[{"type":"keyDown","value":"î€‡"},{"type":"pause","duration":10},{"type":"keyUp","value":"î€‡"}]}]}
COMMAND: GET /session/ee4ef4c40535e05b41317013d6b0695a/screenshot - {}
RESULT: {}
RESULT: undefined
COMMAND: POST /session/ee4ef4c40535e05b41317013d6b0695a/element - {"using":"xpath","value":"//*[@id=\"application-manageconditionprice-display-component---conditions--smartFilterBar-filterItemControl_BASIC-BILL_TYPES-vhi\"]"}
RESULT: {"using":"xpath","value":"//*[@id=\"application-manageconditionprice-display-component---conditions--smartFilterBar-filterItemControl_BASIC-BILL_TYPES-vhi\"]"}
COMMAND: POST /session/ee4ef4c40535e05b41317013d6b0695a/element/f.00329360D5A862BC98A13AE160565CE6.d.9ECF0F2F5698FC5B96CB1175780A91A7.e.10006/click - {}
RESULT: {}
RESULT: undefined
COMMAND: POST /session/ee4ef4c40535e05b41317013d6b0695a/execute/async - {"script":"<script> [776 bytes]","args":[{"enterText":"TB","selector":{"id":"application-manageconditionprice-display-component---conditions--smartFilterBar-filterItemControl_BASIC-BILL_TYPES-valueHelpDialog-smartFilterBar-btnBasicSearch","searchOpenDialogs":true,"interaction":{"idSuffix":"I"}},"clearTextFirst":true,"interactionType":"ENTER_TEXT"}]}
COMMAND: GET /session/ee4ef4c40535e05b41317013d6b0695a/screenshot - {}
RESULT: {"script":"<script> [776 bytes]","args":[{"enterText":"TB","selector":{"id":"application-manageconditionprice-display-component---conditions--smartFilterBar-filterItemControl_BASIC-BILL_TYPES-valueHelpDialog-smartFilterBar-btnBasicSearch","searchOpenDialogs":true,"interaction":{"idSuffix":"I"}},"clearTextFirst":true,"interactionType":"ENTER_TEXT"}]}
COMMAND: POST /session/ee4ef4c40535e05b41317013d6b0695a/actions - {"actions":[{"id":"action43","type":"key","parameters":{},"actions":[{"type":"keyDown","value":"î€‡"},{"type":"pause","duration":10},{"type":"keyUp","value":"î€‡"}]}]}
RESULT: {}
RESULT: {"actions":[{"id":"action43","type":"key","parameters":{},"actions":[{"type":"keyDown","value":"î€‡"},{"type":"pause","duration":10},{"type":"keyUp","value":"î€‡"}]}]}
COMMAND: GET /session/ee4ef4c40535e05b41317013d6b0695a/screenshot - {}
RESULT: {}
COMMAND: POST /session/ee4ef4c40535e05b41317013d6b0695a/element - {"using":"xpath","value":"//div[contains(@id, 'application-manageconditionprice-display-component---conditions--smartFilterBar-filterItemControl_BASIC-BILL_TYPES-valueHelpDialog-table-rowsel0')]"}
RESULT: {"using":"xpath","value":"//div[contains(@id, 'application-manageconditionprice-display-component---conditions--smartFilterBar-filterItemControl_BASIC-BILL_TYPES-valueHelpDialog-table-rowsel0')]"}
COMMAND: POST /session/ee4ef4c40535e05b41317013d6b0695a/element/f.00329360D5A862BC98A13AE160565CE6.d.9ECF0F2F5698FC5B96CB1175780A91A7.e.10015/click - {}
RESULT: {}
COMMAND: GET /session/ee4ef4c40535e05b41317013d6b0695a/screenshot - {}
RESULT: {}
COMMAND: POST /session/ee4ef4c40535e05b41317013d6b0695a/element - {"using":"xpath","value":"//bdi[contains(text(), \"OK\")]"}
RESULT: {"using":"xpath","value":"//bdi[contains(text(), \"OK\")]"}
COMMAND: POST /session/ee4ef4c40535e05b41317013d6b0695a/element/f.00329360D5A862BC98A13AE160565CE6.d.9ECF0F2F5698FC5B96CB1175780A91A7.e.10017/click - {}
RESULT: {}
COMMAND: GET /session/ee4ef4c40535e05b41317013d6b0695a/screenshot - {}
RESULT: {}
COMMAND: POST /session/ee4ef4c40535e05b41317013d6b0695a/element - {"using":"xpath","value":"//span[@id=\"application-manageconditionprice-display-component---conditions--smartTable-header-inner\"]"}
RESULT: {"using":"xpath","value":"//span[@id=\"application-manageconditionprice-display-component---conditions--smartTable-header-inner\"]"}
COMMAND: POST /session/ee4ef4c40535e05b41317013d6b0695a/elements - {"using":"xpath","value":"//span[@id=\"application-manageconditionprice-display-component---conditions--smartTable-header-inner\"]"}
RESULT: {"using":"xpath","value":"//span[@id=\"application-manageconditionprice-display-component---conditions--smartTable-header-inner\"]"}
COMMAND: POST /session/ee4ef4c40535e05b41317013d6b0695a/execute/sync - {"script":"<script> [56 bytes]","args":[{"element-6066-11e4-a52e-4f735466cecf":"f.00329360D5A862BC98A13AE160565CE6.d.9ECF0F2F5698FC5B96CB1175780A91A7.e.10054","ELEMENT":"f.00329360D5A862BC98A13AE160565CE6.d.9ECF0F2F5698FC5B96CB1175780A91A7.e.10054"}]}
RESULT: {"script":"<script> [56 bytes]","args":[{"element-6066-11e4-a52e-4f735466cecf":"f.00329360D5A862BC98A13AE160565CE6.d.9ECF0F2F5698FC5B96CB1175780A91A7.e.10054","ELEMENT":"f.00329360D5A862BC98A13AE160565CE6.d.9ECF0F2F5698FC5B96CB1175780A91A7.e.10054"}]}
COMMAND: POST /session/ee4ef4c40535e05b41317013d6b0695a/element - {"using":"css selector","value":"#shell-header-logo"}
COMMAND: GET /session/ee4ef4c40535e05b41317013d6b0695a/screenshot - {}
RESULT: {"using":"css selector","value":"#shell-header-logo"}
COMMAND: POST /session/ee4ef4c40535e05b41317013d6b0695a/element/f.00329360D5A862BC98A13AE160565CE6.d.9ECF0F2F5698FC5B96CB1175780A91A7.e.9383/click - {}
RESULT: {}
RESULT: {}
COMMAND: GET /session/ee4ef4c40535e05b41317013d6b0695a/screenshot - {}
RESULT: {}
]]></system-out>
    </testcase>
  </testsuite>
  <testsuite timestamp="2025-05-14T06:44:00" time="721.058" tests="13" failures="6" errors="6" skipped="0">
    <properties>
      <property name="specId" value="0" />
      <property name="suiteName" value="Performance based billing (work days) US139742" />
      <property name="capabilities" value="chrome.136_0_7103_49.windows" />
      <property name="file" value="file:///D:/a/1/s/test/specs/BTS/billing-performance-workdays.spec.js" />
    </properties>
    <testcase classname="chrome.136_0_7103_49.windows.Performance_based_billing_(work_days)_US139742" name="Should create a new yard" time="0.128">
      <system-out><![CDATA[
COMMAND: POST /session/ee4ef4c40535e05b41317013d6b0695a/window/fullscreen - {}
RESULT: {}
]]></system-out>
    </testcase>
    <testcase classname="chrome.136_0_7103_49.windows.Performance_based_billing_(work_days)_US139742" name="Should create a new partner" time="0.004" />
    <testcase classname="chrome.136_0_7103_49.windows.Performance_based_billing_(work_days)_US139742" name="Should create a new site" time="0.005" />
    <testcase classname="chrome.136_0_7103_49.windows.Performance_based_billing_(work_days)_US139742" name="Should do prerequisite steps add equipment" time="136.352">
      <system-out><![CDATA[
COMMAND: POST /session/ee4ef4c40535e05b41317013d6b0695a/execute/async - {"script":"<script> [1562 bytes]","args":[{"selector":{"controlType":"sap.m.GenericTile","properties":{"header":"Manage Resources"}},"wdio_ui5_key":"sapm.GenericTile{\"header\":\"Manage Resources\"}"}]}
RESULT: {"script":"<script> [1562 bytes]","args":[{"selector":{"controlType":"sap.m.GenericTile","properties":{"header":"Manage Resources"}},"wdio_ui5_key":"sapm.GenericTile{\"header\":\"Manage Resources\"}"}]}
RESULT: undefined
COMMAND: POST /session/ee4ef4c40535e05b41317013d6b0695a/element - {"using":"xpath","value":"//*[@id=\"__tile39\"]"}
RESULT: {"using":"xpath","value":"//*[@id=\"__tile39\"]"}
COMMAND: POST /session/ee4ef4c40535e05b41317013d6b0695a/element/f.00329360D5A862BC98A13AE160565CE6.d.48F8EE2B1AC95836BC8FFF9CBA27CD36.e.10799/click - {}
RESULT: {}
COMMAND: POST /session/ee4ef4c40535e05b41317013d6b0695a/element - {"using":"xpath","value":"//button[@data-kt=\"addNewRUOverflowToolbarButton\"]"}
COMMAND: GET /session/ee4ef4c40535e05b41317013d6b0695a/screenshot - {}
RESULT: {"using":"xpath","value":"//button[@data-kt=\"addNewRUOverflowToolbarButton\"]"}
COMMAND: POST /session/ee4ef4c40535e05b41317013d6b0695a/elements - {"using":"xpath","value":"//button[@data-kt=\"addNewRUOverflowToolbarButton\"]"}
RESULT: {}
RESULT: {"using":"xpath","value":"//button[@data-kt=\"addNewRUOverflowToolbarButton\"]"}
COMMAND: POST /session/ee4ef4c40535e05b41317013d6b0695a/elements - {"using":"xpath","value":"//button[@data-kt=\"addNewRUOverflowToolbarButton\"]"}
RESULT: {"using":"xpath","value":"//button[@data-kt=\"addNewRUOverflowToolbarButton\"]"}
COMMAND: POST /session/ee4ef4c40535e05b41317013d6b0695a/elements - {"using":"xpath","value":"//button[@data-kt=\"addNewRUOverflowToolbarButton\"]"}
RESULT: {"using":"xpath","value":"//button[@data-kt=\"addNewRUOverflowToolbarButton\"]"}
COMMAND: POST /session/ee4ef4c40535e05b41317013d6b0695a/elements - {"using":"xpath","value":"//button[@data-kt=\"addNewRUOverflowToolbarButton\"]"}
RESULT: {"using":"xpath","value":"//button[@data-kt=\"addNewRUOverflowToolbarButton\"]"}
COMMAND: POST /session/ee4ef4c40535e05b41317013d6b0695a/elements - {"using":"xpath","value":"//button[@data-kt=\"addNewRUOverflowToolbarButton\"]"}
RESULT: {"using":"xpath","value":"//button[@data-kt=\"addNewRUOverflowToolbarButton\"]"}
COMMAND: POST /session/ee4ef4c40535e05b41317013d6b0695a/elements - {"using":"xpath","value":"//button[@data-kt=\"addNewRUOverflowToolbarButton\"]"}
RESULT: {"using":"xpath","value":"//button[@data-kt=\"addNewRUOverflowToolbarButton\"]"}
COMMAND: POST /session/ee4ef4c40535e05b41317013d6b0695a/elements - {"using":"xpath","value":"//button[@data-kt=\"addNewRUOverflowToolbarButton\"]"}
RESULT: {"using":"xpath","value":"//button[@data-kt=\"addNewRUOverflowToolbarButton\"]"}
COMMAND: POST /session/ee4ef4c40535e05b41317013d6b0695a/elements - {"using":"xpath","value":"//button[@data-kt=\"addNewRUOverflowToolbarButton\"]"}
RESULT: {"using":"xpath","value":"//button[@data-kt=\"addNewRUOverflowToolbarButton\"]"}
COMMAND: POST /session/ee4ef4c40535e05b41317013d6b0695a/elements - {"using":"xpath","value":"//button[@data-kt=\"addNewRUOverflowToolbarButton\"]"}
RESULT: {"using":"xpath","value":"//button[@data-kt=\"addNewRUOverflowToolbarButton\"]"}
COMMAND: POST /session/ee4ef4c40535e05b41317013d6b0695a/elements - {"using":"xpath","value":"//button[@data-kt=\"addNewRUOverflowToolbarButton\"]"}
RESULT: {"using":"xpath","value":"//button[@data-kt=\"addNewRUOverflowToolbarButton\"]"}
COMMAND: POST /session/ee4ef4c40535e05b41317013d6b0695a/elements - {"using":"xpath","value":"//button[@data-kt=\"addNewRUOverflowToolbarButton\"]"}
RESULT: {"using":"xpath","value":"//button[@data-kt=\"addNewRUOverflowToolbarButton\"]"}
COMMAND: POST /session/ee4ef4c40535e05b41317013d6b0695a/elements - {"using":"xpath","value":"//button[@data-kt=\"addNewRUOverflowToolbarButton\"]"}
RESULT: {"using":"xpath","value":"//button[@data-kt=\"addNewRUOverflowToolbarButton\"]"}
COMMAND: POST /session/ee4ef4c40535e05b41317013d6b0695a/elements - {"using":"xpath","value":"//button[@data-kt=\"addNewRUOverflowToolbarButton\"]"}
RESULT: {"using":"xpath","value":"//button[@data-kt=\"addNewRUOverflowToolbarButton\"]"}
COMMAND: POST /session/ee4ef4c40535e05b41317013d6b0695a/elements - {"using":"xpath","value":"//button[@data-kt=\"addNewRUOverflowToolbarButton\"]"}
RESULT: {"using":"xpath","value":"//button[@data-kt=\"addNewRUOverflowToolbarButton\"]"}
COMMAND: POST /session/ee4ef4c40535e05b41317013d6b0695a/elements - {"using":"xpath","value":"//button[@data-kt=\"addNewRUOverflowToolbarButton\"]"}
RESULT: {"using":"xpath","value":"//button[@data-kt=\"addNewRUOverflowToolbarButton\"]"}
COMMAND: POST /session/ee4ef4c40535e05b41317013d6b0695a/elements - {"using":"xpath","value":"//button[@data-kt=\"addNewRUOverflowToolbarButton\"]"}
RESULT: {"using":"xpath","value":"//button[@data-kt=\"addNewRUOverflowToolbarButton\"]"}
COMMAND: POST /session/ee4ef4c40535e05b41317013d6b0695a/elements - {"using":"xpath","value":"//button[@data-kt=\"addNewRUOverflowToolbarButton\"]"}
RESULT: {"using":"xpath","value":"//button[@data-kt=\"addNewRUOverflowToolbarButton\"]"}
COMMAND: POST /session/ee4ef4c40535e05b41317013d6b0695a/elements - {"using":"xpath","value":"//button[@data-kt=\"addNewRUOverflowToolbarButton\"]"}
RESULT: {"using":"xpath","value":"//button[@data-kt=\"addNewRUOverflowToolbarButton\"]"}
COMMAND: POST /session/ee4ef4c40535e05b41317013d6b0695a/elements - {"using":"xpath","value":"//button[@data-kt=\"addNewRUOverflowToolbarButton\"]"}
RESULT: {"using":"xpath","value":"//button[@data-kt=\"addNewRUOverflowToolbarButton\"]"}
COMMAND: POST /session/ee4ef4c40535e05b41317013d6b0695a/elements - {"using":"xpath","value":"//button[@data-kt=\"addNewRUOverflowToolbarButton\"]"}
RESULT: {"using":"xpath","value":"//button[@data-kt=\"addNewRUOverflowToolbarButton\"]"}
COMMAND: POST /session/ee4ef4c40535e05b41317013d6b0695a/elements - {"using":"xpath","value":"//button[@data-kt=\"addNewRUOverflowToolbarButton\"]"}
RESULT: {"using":"xpath","value":"//button[@data-kt=\"addNewRUOverflowToolbarButton\"]"}
COMMAND: POST /session/ee4ef4c40535e05b41317013d6b0695a/elements - {"using":"xpath","value":"//button[@data-kt=\"addNewRUOverflowToolbarButton\"]"}
RESULT: {"using":"xpath","value":"//button[@data-kt=\"addNewRUOverflowToolbarButton\"]"}
COMMAND: POST /session/ee4ef4c40535e05b41317013d6b0695a/elements - {"using":"xpath","value":"//button[@data-kt=\"addNewRUOverflowToolbarButton\"]"}
RESULT: {"using":"xpath","value":"//button[@data-kt=\"addNewRUOverflowToolbarButton\"]"}
COMMAND: POST /session/ee4ef4c40535e05b41317013d6b0695a/elements - {"using":"xpath","value":"//button[@data-kt=\"addNewRUOverflowToolbarButton\"]"}
RESULT: {"using":"xpath","value":"//button[@data-kt=\"addNewRUOverflowToolbarButton\"]"}
COMMAND: POST /session/ee4ef4c40535e05b41317013d6b0695a/elements - {"using":"xpath","value":"//button[@data-kt=\"addNewRUOverflowToolbarButton\"]"}
RESULT: {"using":"xpath","value":"//button[@data-kt=\"addNewRUOverflowToolbarButton\"]"}
COMMAND: POST /session/ee4ef4c40535e05b41317013d6b0695a/elements - {"using":"xpath","value":"//button[@data-kt=\"addNewRUOverflowToolbarButton\"]"}
RESULT: {"using":"xpath","value":"//button[@data-kt=\"addNewRUOverflowToolbarButton\"]"}
COMMAND: POST /session/ee4ef4c40535e05b41317013d6b0695a/elements - {"using":"xpath","value":"//button[@data-kt=\"addNewRUOverflowToolbarButton\"]"}
RESULT: {"using":"xpath","value":"//button[@data-kt=\"addNewRUOverflowToolbarButton\"]"}
COMMAND: POST /session/ee4ef4c40535e05b41317013d6b0695a/elements - {"using":"xpath","value":"//button[@data-kt=\"addNewRUOverflowToolbarButton\"]"}
RESULT: {"using":"xpath","value":"//button[@data-kt=\"addNewRUOverflowToolbarButton\"]"}
COMMAND: POST /session/ee4ef4c40535e05b41317013d6b0695a/elements - {"using":"xpath","value":"//button[@data-kt=\"addNewRUOverflowToolbarButton\"]"}
RESULT: {"using":"xpath","value":"//button[@data-kt=\"addNewRUOverflowToolbarButton\"]"}
COMMAND: POST /session/ee4ef4c40535e05b41317013d6b0695a/elements - {"using":"xpath","value":"//button[@data-kt=\"addNewRUOverflowToolbarButton\"]"}
RESULT: {"using":"xpath","value":"//button[@data-kt=\"addNewRUOverflowToolbarButton\"]"}
COMMAND: POST /session/ee4ef4c40535e05b41317013d6b0695a/elements - {"using":"xpath","value":"//button[@data-kt=\"addNewRUOverflowToolbarButton\"]"}
RESULT: {"using":"xpath","value":"//button[@data-kt=\"addNewRUOverflowToolbarButton\"]"}
COMMAND: POST /session/ee4ef4c40535e05b41317013d6b0695a/elements - {"using":"xpath","value":"//button[@data-kt=\"addNewRUOverflowToolbarButton\"]"}
RESULT: {"using":"xpath","value":"//button[@data-kt=\"addNewRUOverflowToolbarButton\"]"}
COMMAND: POST /session/ee4ef4c40535e05b41317013d6b0695a/elements - {"using":"xpath","value":"//button[@data-kt=\"addNewRUOverflowToolbarButton\"]"}
RESULT: {"using":"xpath","value":"//button[@data-kt=\"addNewRUOverflowToolbarButton\"]"}
COMMAND: POST /session/ee4ef4c40535e05b41317013d6b0695a/elements - {"using":"xpath","value":"//button[@data-kt=\"addNewRUOverflowToolbarButton\"]"}
RESULT: {"using":"xpath","value":"//button[@data-kt=\"addNewRUOverflowToolbarButton\"]"}
COMMAND: POST /session/ee4ef4c40535e05b41317013d6b0695a/elements - {"using":"xpath","value":"//button[@data-kt=\"addNewRUOverflowToolbarButton\"]"}
RESULT: {"using":"xpath","value":"//button[@data-kt=\"addNewRUOverflowToolbarButton\"]"}
COMMAND: POST /session/ee4ef4c40535e05b41317013d6b0695a/elements - {"using":"xpath","value":"//button[@data-kt=\"addNewRUOverflowToolbarButton\"]"}
RESULT: {"using":"xpath","value":"//button[@data-kt=\"addNewRUOverflowToolbarButton\"]"}
COMMAND: POST /session/ee4ef4c40535e05b41317013d6b0695a/elements - {"using":"xpath","value":"//button[@data-kt=\"addNewRUOverflowToolbarButton\"]"}
RESULT: {"using":"xpath","value":"//button[@data-kt=\"addNewRUOverflowToolbarButton\"]"}
COMMAND: POST /session/ee4ef4c40535e05b41317013d6b0695a/elements - {"using":"xpath","value":"//button[@data-kt=\"addNewRUOverflowToolbarButton\"]"}
RESULT: {"using":"xpath","value":"//button[@data-kt=\"addNewRUOverflowToolbarButton\"]"}
COMMAND: POST /session/ee4ef4c40535e05b41317013d6b0695a/elements - {"using":"xpath","value":"//button[@data-kt=\"addNewRUOverflowToolbarButton\"]"}
RESULT: {"using":"xpath","value":"//button[@data-kt=\"addNewRUOverflowToolbarButton\"]"}
COMMAND: POST /session/ee4ef4c40535e05b41317013d6b0695a/elements - {"using":"xpath","value":"//button[@data-kt=\"addNewRUOverflowToolbarButton\"]"}
RESULT: {"using":"xpath","value":"//button[@data-kt=\"addNewRUOverflowToolbarButton\"]"}
COMMAND: POST /session/ee4ef4c40535e05b41317013d6b0695a/elements - {"using":"xpath","value":"//button[@data-kt=\"addNewRUOverflowToolbarButton\"]"}
RESULT: {"using":"xpath","value":"//button[@data-kt=\"addNewRUOverflowToolbarButton\"]"}
COMMAND: POST /session/ee4ef4c40535e05b41317013d6b0695a/elements - {"using":"xpath","value":"//button[@data-kt=\"addNewRUOverflowToolbarButton\"]"}
RESULT: {"using":"xpath","value":"//button[@data-kt=\"addNewRUOverflowToolbarButton\"]"}
COMMAND: POST /session/ee4ef4c40535e05b41317013d6b0695a/elements - {"using":"xpath","value":"//button[@data-kt=\"addNewRUOverflowToolbarButton\"]"}
RESULT: {"using":"xpath","value":"//button[@data-kt=\"addNewRUOverflowToolbarButton\"]"}
COMMAND: POST /session/ee4ef4c40535e05b41317013d6b0695a/elements - {"using":"xpath","value":"//button[@data-kt=\"addNewRUOverflowToolbarButton\"]"}
RESULT: {"using":"xpath","value":"//button[@data-kt=\"addNewRUOverflowToolbarButton\"]"}
COMMAND: POST /session/ee4ef4c40535e05b41317013d6b0695a/elements - {"using":"xpath","value":"//button[@data-kt=\"addNewRUOverflowToolbarButton\"]"}
RESULT: {"using":"xpath","value":"//button[@data-kt=\"addNewRUOverflowToolbarButton\"]"}
COMMAND: POST /session/ee4ef4c40535e05b41317013d6b0695a/elements - {"using":"xpath","value":"//button[@data-kt=\"addNewRUOverflowToolbarButton\"]"}
RESULT: {"using":"xpath","value":"//button[@data-kt=\"addNewRUOverflowToolbarButton\"]"}
COMMAND: POST /session/ee4ef4c40535e05b41317013d6b0695a/element - {"using":"xpath","value":"//button[@data-kt=\"addNewRUOverflowToolbarButton\"]"}
RESULT: {"using":"xpath","value":"//button[@data-kt=\"addNewRUOverflowToolbarButton\"]"}
COMMAND: POST /session/ee4ef4c40535e05b41317013d6b0695a/execute/sync - {"script":"<script> [8489 bytes]","args":[{"element-6066-11e4-a52e-4f735466cecf":"f.00329360D5A862BC98A13AE160565CE6.d.48F8EE2B1AC95836BC8FFF9CBA27CD36.e.10937","ELEMENT":"f.00329360D5A862BC98A13AE160565CE6.d.48F8EE2B1AC95836BC8FFF9CBA27CD36.e.10937"}]}
RESULT: {"script":"<script> [8489 bytes]","args":[{"element-6066-11e4-a52e-4f735466cecf":"f.00329360D5A862BC98A13AE160565CE6.d.48F8EE2B1AC95836BC8FFF9CBA27CD36.e.10937","ELEMENT":"f.00329360D5A862BC98A13AE160565CE6.d.48F8EE2B1AC95836BC8FFF9CBA27CD36.e.10937"}]}
COMMAND: GET /session/ee4ef4c40535e05b41317013d6b0695a/element/f.00329360D5A862BC98A13AE160565CE6.d.48F8EE2B1AC95836BC8FFF9CBA27CD36.e.10937/enabled - {}
COMMAND: GET /session/ee4ef4c40535e05b41317013d6b0695a/screenshot - {}
RESULT: {}
COMMAND: POST /session/ee4ef4c40535e05b41317013d6b0695a/execute/sync - {"script":"<script> [8489 bytes]","args":[{"element-6066-11e4-a52e-4f735466cecf":"f.00329360D5A862BC98A13AE160565CE6.d.48F8EE2B1AC95836BC8FFF9CBA27CD36.e.10937","ELEMENT":"f.00329360D5A862BC98A13AE160565CE6.d.48F8EE2B1AC95836BC8FFF9CBA27CD36.e.10937"}]}
COMMAND: GET /session/ee4ef4c40535e05b41317013d6b0695a/screenshot - {}
RESULT: {}
RESULT: {"script":"<script> [8489 bytes]","args":[{"element-6066-11e4-a52e-4f735466cecf":"f.00329360D5A862BC98A13AE160565CE6.d.48F8EE2B1AC95836BC8FFF9CBA27CD36.e.10937","ELEMENT":"f.00329360D5A862BC98A13AE160565CE6.d.48F8EE2B1AC95836BC8FFF9CBA27CD36.e.10937"}]}
COMMAND: POST /session/ee4ef4c40535e05b41317013d6b0695a/execute/sync - {"script":"<script> [5351 bytes]","args":[{"element-6066-11e4-a52e-4f735466cecf":"f.00329360D5A862BC98A13AE160565CE6.d.48F8EE2B1AC95836BC8FFF9CBA27CD36.e.10937","ELEMENT":"f.00329360D5A862BC98A13AE160565CE6.d.48F8EE2B1AC95836BC8FFF9CBA27CD36.e.10937"}]}
RESULT: {}
RESULT: {"script":"<script> [5351 bytes]","args":[{"element-6066-11e4-a52e-4f735466cecf":"f.00329360D5A862BC98A13AE160565CE6.d.48F8EE2B1AC95836BC8FFF9CBA27CD36.e.10937","ELEMENT":"f.00329360D5A862BC98A13AE160565CE6.d.48F8EE2B1AC95836BC8FFF9CBA27CD36.e.10937"}]}
COMMAND: POST /session/ee4ef4c40535e05b41317013d6b0695a/element/f.00329360D5A862BC98A13AE160565CE6.d.48F8EE2B1AC95836BC8FFF9CBA27CD36.e.10937/click - {}
RESULT: {}
COMMAND: GET /session/ee4ef4c40535e05b41317013d6b0695a/screenshot - {}
COMMAND: GET /session/ee4ef4c40535e05b41317013d6b0695a/screenshot - {}
COMMAND: GET /session/ee4ef4c40535e05b41317013d6b0695a/screenshot - {}
RESULT: {}
COMMAND: POST /session/ee4ef4c40535e05b41317013d6b0695a/execute/async - {"script":"<script> [1562 bytes]","args":[{"selector":{"id":"application-manageresources-display-component---newResourceUnit--TYPE-arrow"},"wdio_ui5_key":"applicationmanageresources-display-component---newResourceUnit--TYPE-arrow"}]}
RESULT: {}
RESULT: {}
RESULT: {"script":"<script> [1562 bytes]","args":[{"selector":{"id":"application-manageresources-display-component---newResourceUnit--TYPE-arrow"},"wdio_ui5_key":"applicationmanageresources-display-component---newResourceUnit--TYPE-arrow"}]}
RESULT: undefined
COMMAND: POST /session/ee4ef4c40535e05b41317013d6b0695a/element - {"using":"xpath","value":"//*[@id=\"application-manageresources-display-component---newResourceUnit--TYPE-arrow\"]"}
RESULT: {"using":"xpath","value":"//*[@id=\"application-manageresources-display-component---newResourceUnit--TYPE-arrow\"]"}
COMMAND: POST /session/ee4ef4c40535e05b41317013d6b0695a/element/f.00329360D5A862BC98A13AE160565CE6.d.48F8EE2B1AC95836BC8FFF9CBA27CD36.e.11298/click - {}
RESULT: {}
COMMAND: POST /session/ee4ef4c40535e05b41317013d6b0695a/element - {"using":"xpath","value":"//input[@id=\"application-manageresources-display-component---newResourceUnit--TYPE-inner\"]"}
COMMAND: GET /session/ee4ef4c40535e05b41317013d6b0695a/screenshot - {}
RESULT: {"using":"xpath","value":"//input[@id=\"application-manageresources-display-component---newResourceUnit--TYPE-inner\"]"}
COMMAND: POST /session/ee4ef4c40535e05b41317013d6b0695a/element/f.00329360D5A862BC98A13AE160565CE6.d.48F8EE2B1AC95836BC8FFF9CBA27CD36.e.11291/clear - {}
RESULT: {}
RESULT: {}
COMMAND: POST /session/ee4ef4c40535e05b41317013d6b0695a/element/f.00329360D5A862BC98A13AE160565CE6.d.48F8EE2B1AC95836BC8FFF9CBA27CD36.e.11291/value - {"text":"Equipment"}
COMMAND: GET /session/ee4ef4c40535e05b41317013d6b0695a/screenshot - {}
RESULT: {"text":"Equipment"}
COMMAND: GET /session/ee4ef4c40535e05b41317013d6b0695a/screenshot - {}
RESULT: {}
RESULT: {}
COMMAND: POST /session/ee4ef4c40535e05b41317013d6b0695a/actions - {"actions":[{"id":"action47","type":"key","parameters":{},"actions":[{"type":"keyDown","value":"î€‡"},{"type":"pause","duration":10},{"type":"keyUp","value":"î€‡"}]}]}
RESULT: {"actions":[{"id":"action47","type":"key","parameters":{},"actions":[{"type":"keyDown","value":"î€‡"},{"type":"pause","duration":10},{"type":"keyUp","value":"î€‡"}]}]}
COMMAND: POST /session/ee4ef4c40535e05b41317013d6b0695a/execute/async - {"script":"<script> [1562 bytes]","args":[{"selector":{"id":"application-manageresources-display-component---newResourceUnit--resourceId","interaction":{"idSuffix":"inner"}},"wdio_ui5_key":"applicationmanageresources-display-component---newResourceUnit--resourceId"}]}
COMMAND: GET /session/ee4ef4c40535e05b41317013d6b0695a/screenshot - {}
RESULT: {"script":"<script> [1562 bytes]","args":[{"selector":{"id":"application-manageresources-display-component---newResourceUnit--resourceId","interaction":{"idSuffix":"inner"}},"wdio_ui5_key":"applicationmanageresources-display-component---newResourceUnit--resourceId"}]}
RESULT: undefined
COMMAND: POST /session/ee4ef4c40535e05b41317013d6b0695a/execute/async - {"script":"<script> [776 bytes]","args":[{"enterText":"sFTcO2dSGv","selector":{"id":"application-manageresources-display-component---newResourceUnit--resourceId","interaction":{"idSuffix":"inner"}},"clearTextFirst":true,"interactionType":"ENTER_TEXT"}]}
RESULT: {}
RESULT: {"script":"<script> [776 bytes]","args":[{"enterText":"sFTcO2dSGv","selector":{"id":"application-manageresources-display-component---newResourceUnit--resourceId","interaction":{"idSuffix":"inner"}},"clearTextFirst":true,"interactionType":"ENTER_TEXT"}]}
COMMAND: POST /session/ee4ef4c40535e05b41317013d6b0695a/execute/async - {"script":"<script> [1562 bytes]","args":[{"selector":{"id":"application-manageresources-display-component---newResourceUnit--SHORT_TEXT","interaction":{"idSuffix":"inner"}},"wdio_ui5_key":"applicationmanageresources-display-component---newResourceUnit--SHORT_TEXT"}]}
RESULT: {"script":"<script> [1562 bytes]","args":[{"selector":{"id":"application-manageresources-display-component---newResourceUnit--SHORT_TEXT","interaction":{"idSuffix":"inner"}},"wdio_ui5_key":"applicationmanageresources-display-component---newResourceUnit--SHORT_TEXT"}]}
RESULT: undefined
COMMAND: POST /session/ee4ef4c40535e05b41317013d6b0695a/execute/async - {"script":"<script> [776 bytes]","args":[{"enterText":"Intercompany Equipment WDIO","selector":{"id":"application-manageresources-display-component---newResourceUnit--SHORT_TEXT","interaction":{"idSuffix":"inner"}},"clearTextFirst":true,"interactionType":"ENTER_TEXT"}]}
RESULT: {"script":"<script> [776 bytes]","args":[{"enterText":"Intercompany Equipment WDIO","selector":{"id":"application-manageresources-display-component---newResourceUnit--SHORT_TEXT","interaction":{"idSuffix":"inner"}},"clearTextFirst":true,"interactionType":"ENTER_TEXT"}]}
COMMAND: POST /session/ee4ef4c40535e05b41317013d6b0695a/execute/async - {"script":"<script> [1562 bytes]","args":[{"selector":{"id":"application-manageresources-display-component---newResourceUnit--BASE_UNIT_OF_MEASURE","interaction":{"idSuffix":"inner"}},"wdio_ui5_key":"applicationmanageresources-display-component---newResourceUnit--BASE_UNIT_OF_MEASURE"}]}
RESULT: {"script":"<script> [1562 bytes]","args":[{"selector":{"id":"application-manageresources-display-component---newResourceUnit--BASE_UNIT_OF_MEASURE","interaction":{"idSuffix":"inner"}},"wdio_ui5_key":"applicationmanageresources-display-component---newResourceUnit--BASE_UNIT_OF_MEASURE"}]}
RESULT: undefined
COMMAND: POST /session/ee4ef4c40535e05b41317013d6b0695a/execute/async - {"script":"<script> [776 bytes]","args":[{"enterText":"Piece","selector":{"id":"application-manageresources-display-component---newResourceUnit--BASE_UNIT_OF_MEASURE","interaction":{"idSuffix":"inner"}},"clearTextFirst":true,"interactionType":"ENTER_TEXT"}]}
RESULT: {"script":"<script> [776 bytes]","args":[{"enterText":"Piece","selector":{"id":"application-manageresources-display-component---newResourceUnit--BASE_UNIT_OF_MEASURE","interaction":{"idSuffix":"inner"}},"clearTextFirst":true,"interactionType":"ENTER_TEXT"}]}
COMMAND: POST /session/ee4ef4c40535e05b41317013d6b0695a/execute/async - {"script":"<script> [1562 bytes]","args":[{"selector":{"id":"application-manageresources-display-component---newResourceUnit--WEIGHT_UNIT","interaction":{"idSuffix":"inner"}},"wdio_ui5_key":"applicationmanageresources-display-component---newResourceUnit--WEIGHT_UNIT"}]}
RESULT: {"script":"<script> [1562 bytes]","args":[{"selector":{"id":"application-manageresources-display-component---newResourceUnit--WEIGHT_UNIT","interaction":{"idSuffix":"inner"}},"wdio_ui5_key":"applicationmanageresources-display-component---newResourceUnit--WEIGHT_UNIT"}]}
RESULT: undefined
COMMAND: POST /session/ee4ef4c40535e05b41317013d6b0695a/execute/async - {"script":"<script> [776 bytes]","args":[{"enterText":"Gram","selector":{"id":"application-manageresources-display-component---newResourceUnit--WEIGHT_UNIT","interaction":{"idSuffix":"inner"}},"clearTextFirst":true,"interactionType":"ENTER_TEXT"}]}
RESULT: {"script":"<script> [776 bytes]","args":[{"enterText":"Gram","selector":{"id":"application-manageresources-display-component---newResourceUnit--WEIGHT_UNIT","interaction":{"idSuffix":"inner"}},"clearTextFirst":true,"interactionType":"ENTER_TEXT"}]}
COMMAND: POST /session/ee4ef4c40535e05b41317013d6b0695a/execute/async - {"script":"<script> [1562 bytes]","args":[{"selector":{"id":"application-manageresources-display-component---newResourceUnit--DIMENSION_UNIT","interaction":{"idSuffix":"inner"}},"wdio_ui5_key":"applicationmanageresources-display-component---newResourceUnit--DIMENSION_UNIT"}]}
RESULT: {"script":"<script> [1562 bytes]","args":[{"selector":{"id":"application-manageresources-display-component---newResourceUnit--DIMENSION_UNIT","interaction":{"idSuffix":"inner"}},"wdio_ui5_key":"applicationmanageresources-display-component---newResourceUnit--DIMENSION_UNIT"}]}
RESULT: undefined
COMMAND: POST /session/ee4ef4c40535e05b41317013d6b0695a/execute/async - {"script":"<script> [776 bytes]","args":[{"enterText":"Meter","selector":{"id":"application-manageresources-display-component---newResourceUnit--DIMENSION_UNIT","interaction":{"idSuffix":"inner"}},"clearTextFirst":true,"interactionType":"ENTER_TEXT"}]}
RESULT: {"script":"<script> [776 bytes]","args":[{"enterText":"Meter","selector":{"id":"application-manageresources-display-component---newResourceUnit--DIMENSION_UNIT","interaction":{"idSuffix":"inner"}},"clearTextFirst":true,"interactionType":"ENTER_TEXT"}]}
COMMAND: POST /session/ee4ef4c40535e05b41317013d6b0695a/execute/async - {"script":"<script> [1562 bytes]","args":[{"selector":{"id":"application-manageresources-display-component---newResourceUnit--newRRUPage-anchBar-application-manageresources-display-component---newResourceUnit--control-anchor","interaction":{"idSuffix":"BDI-content"}},"wdio_ui5_key":"applicationmanageresources-display-component---newResourceUnit--newRRUPage-anchBar-application-manageresources-display-component---newResourceUnit--control-anchor"}]}
RESULT: {"script":"<script> [1562 bytes]","args":[{"selector":{"id":"application-manageresources-display-component---newResourceUnit--newRRUPage-anchBar-application-manageresources-display-component---newResourceUnit--control-anchor","interaction":{"idSuffix":"BDI-content"}},"wdio_ui5_key":"applicationmanageresources-display-component---newResourceUnit--newRRUPage-anchBar-application-manageresources-display-component---newResourceUnit--control-anchor"}]}
RESULT: undefined
COMMAND: POST /session/ee4ef4c40535e05b41317013d6b0695a/element - {"using":"xpath","value":"//*[@id=\"application-manageresources-display-component---newResourceUnit--newRRUPage-anchBar-application-manageresources-display-component---newResourceUnit--control-anchor\"]"}
RESULT: {"using":"xpath","value":"//*[@id=\"application-manageresources-display-component---newResourceUnit--newRRUPage-anchBar-application-manageresources-display-component---newResourceUnit--control-anchor\"]"}
COMMAND: POST /session/ee4ef4c40535e05b41317013d6b0695a/element/f.00329360D5A862BC98A13AE160565CE6.d.48F8EE2B1AC95836BC8FFF9CBA27CD36.e.11430/click - {}
RESULT: {}
COMMAND: POST /session/ee4ef4c40535e05b41317013d6b0695a/execute/async - {"script":"<script> [1562 bytes]","args":[{"selector":{"id":"application-manageresources-display-component---newResourceUnit--PLANNING_GROUP","interaction":{"idSuffix":"inner"}},"wdio_ui5_key":"applicationmanageresources-display-component---newResourceUnit--PLANNING_GROUP"}]}
COMMAND: GET /session/ee4ef4c40535e05b41317013d6b0695a/screenshot - {}
RESULT: {"script":"<script> [1562 bytes]","args":[{"selector":{"id":"application-manageresources-display-component---newResourceUnit--PLANNING_GROUP","interaction":{"idSuffix":"inner"}},"wdio_ui5_key":"applicationmanageresources-display-component---newResourceUnit--PLANNING_GROUP"}]}
RESULT: undefined
COMMAND: POST /session/ee4ef4c40535e05b41317013d6b0695a/execute/async - {"script":"<script> [776 bytes]","args":[{"enterText":"Heavy Equi","selector":{"id":"application-manageresources-display-component---newResourceUnit--PLANNING_GROUP","interaction":{"idSuffix":"inner"}},"clearTextFirst":true,"interactionType":"ENTER_TEXT"}]}
RESULT: {}
RESULT: {"script":"<script> [776 bytes]","args":[{"enterText":"Heavy Equi","selector":{"id":"application-manageresources-display-component---newResourceUnit--PLANNING_GROUP","interaction":{"idSuffix":"inner"}},"clearTextFirst":true,"interactionType":"ENTER_TEXT"}]}
COMMAND: POST /session/ee4ef4c40535e05b41317013d6b0695a/execute/async - {"script":"<script> [1562 bytes]","args":[{"selector":{"id":"application-manageresources-display-component---newResourceUnit--ITEM_TYPE-arrow"},"wdio_ui5_key":"applicationmanageresources-display-component---newResourceUnit--ITEM_TYPE-arrow"}]}
RESULT: {"script":"<script> [1562 bytes]","args":[{"selector":{"id":"application-manageresources-display-component---newResourceUnit--ITEM_TYPE-arrow"},"wdio_ui5_key":"applicationmanageresources-display-component---newResourceUnit--ITEM_TYPE-arrow"}]}
RESULT: undefined
COMMAND: POST /session/ee4ef4c40535e05b41317013d6b0695a/element - {"using":"xpath","value":"//*[@id=\"application-manageresources-display-component---newResourceUnit--ITEM_TYPE-arrow\"]"}
RESULT: {"using":"xpath","value":"//*[@id=\"application-manageresources-display-component---newResourceUnit--ITEM_TYPE-arrow\"]"}
COMMAND: POST /session/ee4ef4c40535e05b41317013d6b0695a/element/f.00329360D5A862BC98A13AE160565CE6.d.48F8EE2B1AC95836BC8FFF9CBA27CD36.e.11437/click - {}
RESULT: {}
COMMAND: POST /session/ee4ef4c40535e05b41317013d6b0695a/element - {"using":"xpath","value":"(//span[contains(text(), \"Resource Unit\")])[2]"}
COMMAND: GET /session/ee4ef4c40535e05b41317013d6b0695a/screenshot - {}
RESULT: {"using":"xpath","value":"(//span[contains(text(), \"Resource Unit\")])[2]"}
COMMAND: POST /session/ee4ef4c40535e05b41317013d6b0695a/element/f.00329360D5A862BC98A13AE160565CE6.d.48F8EE2B1AC95836BC8FFF9CBA27CD36.e.11438/click - {}
RESULT: {}
RESULT: {}
COMMAND: GET /session/ee4ef4c40535e05b41317013d6b0695a/screenshot - {}
RESULT: {}
COMMAND: POST /session/ee4ef4c40535e05b41317013d6b0695a/element - {"using":"css selector","value":"#application-manageresources-display-component---newResourceUnit--btnAddTimeSegment"}
RESULT: {"using":"css selector","value":"#application-manageresources-display-component---newResourceUnit--btnAddTimeSegment"}
COMMAND: GET /session/ee4ef4c40535e05b41317013d6b0695a/element/f.00329360D5A862BC98A13AE160565CE6.d.48F8EE2B1AC95836BC8FFF9CBA27CD36.e.11439/rect - {}
RESULT: {}
COMMAND: GET /session/ee4ef4c40535e05b41317013d6b0695a/window/rect - {}
RESULT: {}
COMMAND: POST /session/ee4ef4c40535e05b41317013d6b0695a/execute/sync - {"script":"<script> [92 bytes]","args":[]}
RESULT: {"script":"<script> [92 bytes]","args":[]}
COMMAND: POST /session/ee4ef4c40535e05b41317013d6b0695a/actions - {"actions":[{"id":"action48","type":"wheel","parameters":{},"actions":[{"type":"scroll","x":-1888,"y":-32,"deltaX":0,"deltaY":0,"duration":0,"origin":{"element-6066-11e4-a52e-4f735466cecf":"f.00329360D5A862BC98A13AE160565CE6.d.48F8EE2B1AC95836BC8FFF9CBA27CD36.e.11439"}}]}]}
COMMAND: GET /session/ee4ef4c40535e05b41317013d6b0695a/screenshot - {}
RESULT: {}
COMMAND: POST /session/ee4ef4c40535e05b41317013d6b0695a/execute/sync - {"script":"<script> [79 bytes]","args":[{"element-6066-11e4-a52e-4f735466cecf":"f.00329360D5A862BC98A13AE160565CE6.d.48F8EE2B1AC95836BC8FFF9CBA27CD36.e.11439","ELEMENT":"f.00329360D5A862BC98A13AE160565CE6.d.48F8EE2B1AC95836BC8FFF9CBA27CD36.e.11439"},{"block":"start","inline":"nearest"}]}
RESULT: {"script":"<script> [79 bytes]","args":[{"element-6066-11e4-a52e-4f735466cecf":"f.00329360D5A862BC98A13AE160565CE6.d.48F8EE2B1AC95836BC8FFF9CBA27CD36.e.11439","ELEMENT":"f.00329360D5A862BC98A13AE160565CE6.d.48F8EE2B1AC95836BC8FFF9CBA27CD36.e.11439"},{"block":"start","inline":"nearest"}]}
COMMAND: POST /session/ee4ef4c40535e05b41317013d6b0695a/execute/async - {"script":"<script> [1562 bytes]","args":[{"selector":{"id":"application-manageresources-display-component---newResourceUnit--btnAddTimeSegment","interaction":{"idSuffix":"inner"}},"wdio_ui5_key":"applicationmanageresources-display-component---newResourceUnit--btnAddTimeSegment"}]}
COMMAND: GET /session/ee4ef4c40535e05b41317013d6b0695a/screenshot - {}
RESULT: {"script":"<script> [1562 bytes]","args":[{"selector":{"id":"application-manageresources-display-component---newResourceUnit--btnAddTimeSegment","interaction":{"idSuffix":"inner"}},"wdio_ui5_key":"applicationmanageresources-display-component---newResourceUnit--btnAddTimeSegment"}]}
RESULT: undefined
COMMAND: POST /session/ee4ef4c40535e05b41317013d6b0695a/element - {"using":"xpath","value":"//*[@id=\"application-manageresources-display-component---newResourceUnit--btnAddTimeSegment\"]"}
RESULT: {}
RESULT: {"using":"xpath","value":"//*[@id=\"application-manageresources-display-component---newResourceUnit--btnAddTimeSegment\"]"}
COMMAND: POST /session/ee4ef4c40535e05b41317013d6b0695a/element/f.00329360D5A862BC98A13AE160565CE6.d.48F8EE2B1AC95836BC8FFF9CBA27CD36.e.11439/click - {}
RESULT: {}
COMMAND: GET /session/ee4ef4c40535e05b41317013d6b0695a/screenshot - {}
RESULT: {}
COMMAND: POST /session/ee4ef4c40535e05b41317013d6b0695a/element - {"using":"xpath","value":"//input[@id=\"application-manageresources-display-component---newResourceUnit--idRuTSAdmin-application-manageresources-display-component---newResourceUnit--RUTimeSegment-0-inner\"]"}
RESULT: {"using":"xpath","value":"//input[@id=\"application-manageresources-display-component---newResourceUnit--idRuTSAdmin-application-manageresources-display-component---newResourceUnit--RUTimeSegment-0-inner\"]"}
COMMAND: POST /session/ee4ef4c40535e05b41317013d6b0695a/element/f.00329360D5A862BC98A13AE160565CE6.d.48F8EE2B1AC95836BC8FFF9CBA27CD36.e.11445/clear - {}
RESULT: {}
COMMAND: POST /session/ee4ef4c40535e05b41317013d6b0695a/element/f.00329360D5A862BC98A13AE160565CE6.d.48F8EE2B1AC95836BC8FFF9CBA27CD36.e.11445/value - {"text":"306"}
COMMAND: GET /session/ee4ef4c40535e05b41317013d6b0695a/screenshot - {}
RESULT: {"text":"306"}
COMMAND: GET /session/ee4ef4c40535e05b41317013d6b0695a/screenshot - {}
RESULT: {}
RESULT: {}
COMMAND: POST /session/ee4ef4c40535e05b41317013d6b0695a/element - {"using":"xpath","value":"//li[.//span[text()='306']]"}
RESULT: {"using":"xpath","value":"//li[.//span[text()='306']]"}
COMMAND: POST /session/ee4ef4c40535e05b41317013d6b0695a/element/f.00329360D5A862BC98A13AE160565CE6.d.48F8EE2B1AC95836BC8FFF9CBA27CD36.e.11457/click - {}
RESULT: {}
COMMAND: GET /session/ee4ef4c40535e05b41317013d6b0695a/screenshot - {}
RESULT: {}
COMMAND: POST /session/ee4ef4c40535e05b41317013d6b0695a/element - {"using":"xpath","value":"(//span[contains(@id, \"-application-manageresources-display-component---newResourceUnit--RUTimeSegment-0-arrow\")])[6]"}
RESULT: {"using":"xpath","value":"(//span[contains(@id, \"-application-manageresources-display-component---newResourceUnit--RUTimeSegment-0-arrow\")])[6]"}
COMMAND: POST /session/ee4ef4c40535e05b41317013d6b0695a/element/f.00329360D5A862BC98A13AE160565CE6.d.48F8EE2B1AC95836BC8FFF9CBA27CD36.e.11458/click - {}
RESULT: {}
COMMAND: GET /session/ee4ef4c40535e05b41317013d6b0695a/screenshot - {}
RESULT: {}
COMMAND: POST /session/ee4ef4c40535e05b41317013d6b0695a/element - {"using":"xpath","value":"//span[contains(text(), \"PM Order\")]"}
RESULT: {"using":"xpath","value":"//span[contains(text(), \"PM Order\")]"}
COMMAND: POST /session/ee4ef4c40535e05b41317013d6b0695a/element/f.00329360D5A862BC98A13AE160565CE6.d.48F8EE2B1AC95836BC8FFF9CBA27CD36.e.11461/click - {}
RESULT: {}
COMMAND: GET /session/ee4ef4c40535e05b41317013d6b0695a/screenshot - {}
RESULT: {}
COMMAND: POST /session/ee4ef4c40535e05b41317013d6b0695a/element - {"using":"xpath","value":"(//span[contains(@id ,\"manageresources-display-component---newResourceUnit--RUTimeSegment-0-vhi\")])[1]"}
RESULT: {"using":"xpath","value":"(//span[contains(@id ,\"manageresources-display-component---newResourceUnit--RUTimeSegment-0-vhi\")])[1]"}
COMMAND: GET /session/ee4ef4c40535e05b41317013d6b0695a/element/f.00329360D5A862BC98A13AE160565CE6.d.48F8EE2B1AC95836BC8FFF9CBA27CD36.e.11465/rect - {}
RESULT: {}
COMMAND: GET /session/ee4ef4c40535e05b41317013d6b0695a/window/rect - {}
RESULT: {}
COMMAND: POST /session/ee4ef4c40535e05b41317013d6b0695a/execute/sync - {"script":"<script> [92 bytes]","args":[]}
RESULT: {"script":"<script> [92 bytes]","args":[]}
COMMAND: POST /session/ee4ef4c40535e05b41317013d6b0695a/actions - {"actions":[{"id":"action49","type":"wheel","parameters":{},"actions":[{"type":"scroll","x":-869,"y":-24,"deltaX":0,"deltaY":0,"duration":0,"origin":{"element-6066-11e4-a52e-4f735466cecf":"f.00329360D5A862BC98A13AE160565CE6.d.48F8EE2B1AC95836BC8FFF9CBA27CD36.e.11465"}}]}]}
COMMAND: GET /session/ee4ef4c40535e05b41317013d6b0695a/screenshot - {}
RESULT: {"actions":[{"id":"action49","type":"wheel","parameters":{},"actions":[{"type":"scroll","x":-869,"y":-24,"deltaX":0,"deltaY":0,"duration":0,"origin":{"element-6066-11e4-a52e-4f735466cecf":"f.00329360D5A862BC98A13AE160565CE6.d.48F8EE2B1AC95836BC8FFF9CBA27CD36.e.11465"}}]}]}
COMMAND: DELETE /session/ee4ef4c40535e05b41317013d6b0695a/actions - {}
COMMAND: GET /session/ee4ef4c40535e05b41317013d6b0695a/screenshot - {}
RESULT: {}
RESULT: {}
COMMAND: GET /session/ee4ef4c40535e05b41317013d6b0695a/screenshot - {}
RESULT: {}
RESULT: {}
COMMAND: POST /session/ee4ef4c40535e05b41317013d6b0695a/element/f.00329360D5A862BC98A13AE160565CE6.d.48F8EE2B1AC95836BC8FFF9CBA27CD36.e.11465/click - {}
RESULT: {}
COMMAND: GET /session/ee4ef4c40535e05b41317013d6b0695a/screenshot - {}
RESULT: {}
COMMAND: POST /session/ee4ef4c40535e05b41317013d6b0695a/execute/async - {"script":"<script> [1562 bytes]","args":[{"selector":{"controlType":"sap.m.SearchField","properties":{"placeholder":"Search"},"searchOpenDialogs":true,"interaction":{"idSuffix":"I"}},"wdio_ui5_key":"sapm.SearchField{\"placeholder\":\"Search\"}"}]}
RESULT: {"script":"<script> [1562 bytes]","args":[{"selector":{"controlType":"sap.m.SearchField","properties":{"placeholder":"Search"},"searchOpenDialogs":true,"interaction":{"idSuffix":"I"}},"wdio_ui5_key":"sapm.SearchField{\"placeholder\":\"Search\"}"}]}
RESULT: undefined
COMMAND: POST /session/ee4ef4c40535e05b41317013d6b0695a/execute/async - {"script":"<script> [776 bytes]","args":[{"enterText":"4000360","selector":{"controlType":"sap.m.SearchField","properties":{"placeholder":"Search"},"searchOpenDialogs":true,"interaction":{"idSuffix":"I"}},"clearTextFirst":true,"interactionType":"ENTER_TEXT"}]}
RESULT: {"script":"<script> [776 bytes]","args":[{"enterText":"4000360","selector":{"controlType":"sap.m.SearchField","properties":{"placeholder":"Search"},"searchOpenDialogs":true,"interaction":{"idSuffix":"I"}},"clearTextFirst":true,"interactionType":"ENTER_TEXT"}]}
COMMAND: POST /session/ee4ef4c40535e05b41317013d6b0695a/actions - {"actions":[{"id":"action50","type":"key","parameters":{},"actions":[{"type":"keyDown","value":"î€‡"},{"type":"pause","duration":10},{"type":"keyUp","value":"î€‡"}]}]}
RESULT: {"actions":[{"id":"action50","type":"key","parameters":{},"actions":[{"type":"keyDown","value":"î€‡"},{"type":"pause","duration":10},{"type":"keyUp","value":"î€‡"}]}]}
COMMAND: GET /session/ee4ef4c40535e05b41317013d6b0695a/screenshot - {}
RESULT: {}
COMMAND: POST /session/ee4ef4c40535e05b41317013d6b0695a/element - {"using":"xpath","value":"//td/div/span[contains(text(), \"BGL Vehicles\")]"}
RESULT: {"using":"xpath","value":"//td/div/span[contains(text(), \"BGL Vehicles\")]"}
COMMAND: POST /session/ee4ef4c40535e05b41317013d6b0695a/element/f.00329360D5A862BC98A13AE160565CE6.d.48F8EE2B1AC95836BC8FFF9CBA27CD36.e.11487/click - {}
RESULT: {}
COMMAND: GET /session/ee4ef4c40535e05b41317013d6b0695a/screenshot - {}
RESULT: {}
COMMAND: POST /session/ee4ef4c40535e05b41317013d6b0695a/element - {"using":"xpath","value":"//bdi[contains(text(), \"OK\")]"}
RESULT: {"using":"xpath","value":"//bdi[contains(text(), \"OK\")]"}
COMMAND: POST /session/ee4ef4c40535e05b41317013d6b0695a/element/f.00329360D5A862BC98A13AE160565CE6.d.48F8EE2B1AC95836BC8FFF9CBA27CD36.e.11488/click - {}
RESULT: {}
COMMAND: GET /session/ee4ef4c40535e05b41317013d6b0695a/screenshot - {}
RESULT: {}
COMMAND: POST /session/ee4ef4c40535e05b41317013d6b0695a/execute/async - {"script":"<script> [1562 bytes]","args":[{"selector":{"id":"application-manageresources-display-component---newResourceUnit--newRRUPage-anchBar-application-manageresources-display-component---newResourceUnit--resource-anchor","interaction":{"idSuffix":"BDI-content"}},"wdio_ui5_key":"applicationmanageresources-display-component---newResourceUnit--newRRUPage-anchBar-application-manageresources-display-component---newResourceUnit--resource-anchor"}]}
RESULT: {"script":"<script> [1562 bytes]","args":[{"selector":{"id":"application-manageresources-display-component---newResourceUnit--newRRUPage-anchBar-application-manageresources-display-component---newResourceUnit--resource-anchor","interaction":{"idSuffix":"BDI-content"}},"wdio_ui5_key":"applicationmanageresources-display-component---newResourceUnit--newRRUPage-anchBar-application-manageresources-display-component---newResourceUnit--resource-anchor"}]}
RESULT: undefined
COMMAND: POST /session/ee4ef4c40535e05b41317013d6b0695a/element - {"using":"xpath","value":"//*[@id=\"application-manageresources-display-component---newResourceUnit--newRRUPage-anchBar-application-manageresources-display-component---newResourceUnit--resource-anchor\"]"}
RESULT: {"using":"xpath","value":"//*[@id=\"application-manageresources-display-component---newResourceUnit--newRRUPage-anchBar-application-manageresources-display-component---newResourceUnit--resource-anchor\"]"}
COMMAND: POST /session/ee4ef4c40535e05b41317013d6b0695a/element/f.00329360D5A862BC98A13AE160565CE6.d.48F8EE2B1AC95836BC8FFF9CBA27CD36.e.11492/click - {}
RESULT: {}
COMMAND: POST /session/ee4ef4c40535e05b41317013d6b0695a/execute/async - {"script":"<script> [1562 bytes]","args":[{"selector":{"id":"application-manageresources-display-component---newResourceUnit--PLANNED_DELIVERY_DATE","interaction":{"idSuffix":"inner"}},"wdio_ui5_key":"applicationmanageresources-display-component---newResourceUnit--PLANNED_DELIVERY_DATE"}]}
COMMAND: GET /session/ee4ef4c40535e05b41317013d6b0695a/screenshot - {}
RESULT: {"script":"<script> [1562 bytes]","args":[{"selector":{"id":"application-manageresources-display-component---newResourceUnit--PLANNED_DELIVERY_DATE","interaction":{"idSuffix":"inner"}},"wdio_ui5_key":"applicationmanageresources-display-component---newResourceUnit--PLANNED_DELIVERY_DATE"}]}
RESULT: undefined
COMMAND: POST /session/ee4ef4c40535e05b41317013d6b0695a/execute/async - {"script":"<script> [6424 bytes]","args":[{"element-6066-11e4-a52e-4f735466cecf":"f.00329360D5A862BC98A13AE160565CE6.d.48F8EE2B1AC95836BC8FFF9CBA27CD36.e.11355"},"setValue",["5/14/25"]]}
RESULT: {}
RESULT: {"script":"<script> [6424 bytes]","args":[{"element-6066-11e4-a52e-4f735466cecf":"f.00329360D5A862BC98A13AE160565CE6.d.48F8EE2B1AC95836BC8FFF9CBA27CD36.e.11355"},"setValue",["5/14/25"]]}
COMMAND: POST /session/ee4ef4c40535e05b41317013d6b0695a/element - {"using":"xpath","value":"//label[contains(@class, 'sapMLabelRequired') and .//bdi[contains(text(), 'Planned Retirement')]]"}
RESULT: {"using":"xpath","value":"//label[contains(@class, 'sapMLabelRequired') and .//bdi[contains(text(), 'Planned Retirement')]]"}
COMMAND: POST /session/ee4ef4c40535e05b41317013d6b0695a/elements - {"using":"xpath","value":"//label[contains(@class, 'sapMLabelRequired') and .//bdi[contains(text(), 'Planned Retirement')]]"}
RESULT: {"using":"xpath","value":"//label[contains(@class, 'sapMLabelRequired') and .//bdi[contains(text(), 'Planned Retirement')]]"}
COMMAND: POST /session/ee4ef4c40535e05b41317013d6b0695a/element - {"using":"xpath","value":"//button[@data-kt=\"resourceUnitSaveButton\"]"}
RESULT: {"using":"xpath","value":"//button[@data-kt=\"resourceUnitSaveButton\"]"}
COMMAND: POST /session/ee4ef4c40535e05b41317013d6b0695a/element/f.00329360D5A862BC98A13AE160565CE6.d.48F8EE2B1AC95836BC8FFF9CBA27CD36.e.11316/click - {}
RESULT: {}
COMMAND: GET /session/ee4ef4c40535e05b41317013d6b0695a/screenshot - {}
RESULT: {}
COMMAND: POST /session/ee4ef4c40535e05b41317013d6b0695a/element - {"using":"xpath","value":"//bdi[contains(text(), \"Close\")]"}
RESULT: {"using":"xpath","value":"//bdi[contains(text(), \"Close\")]"}
COMMAND: POST /session/ee4ef4c40535e05b41317013d6b0695a/element/f.00329360D5A862BC98A13AE160565CE6.d.48F8EE2B1AC95836BC8FFF9CBA27CD36.e.11502/click - {}
RESULT: {}
COMMAND: GET /session/ee4ef4c40535e05b41317013d6b0695a/screenshot - {}
RESULT: {}
COMMAND: POST /session/ee4ef4c40535e05b41317013d6b0695a/element - {"using":"xpath","value":"(//button[contains(@id ,\"actionsToolbar-overflowButton\")])[1]"}
RESULT: {"using":"xpath","value":"(//button[contains(@id ,\"actionsToolbar-overflowButton\")])[1]"}
COMMAND: POST /session/ee4ef4c40535e05b41317013d6b0695a/element/f.00329360D5A862BC98A13AE160565CE6.d.48F8EE2B1AC95836BC8FFF9CBA27CD36.e.11557/click - {}
RESULT: {}
COMMAND: GET /session/ee4ef4c40535e05b41317013d6b0695a/screenshot - {}
RESULT: {}
COMMAND: POST /session/ee4ef4c40535e05b41317013d6b0695a/element - {"using":"xpath","value":"//button[@data-kt=\"priceInfoButton\"]"}
RESULT: {"using":"xpath","value":"//button[@data-kt=\"priceInfoButton\"]"}
COMMAND: POST /session/ee4ef4c40535e05b41317013d6b0695a/element/f.00329360D5A862BC98A13AE160565CE6.d.48F8EE2B1AC95836BC8FFF9CBA27CD36.e.11559/click - {}
RESULT: {}
COMMAND: GET /session/ee4ef4c40535e05b41317013d6b0695a/screenshot - {}
RESULT: {}
]]></system-out>
    </testcase>
    <testcase classname="chrome.136_0_7103_49.windows.Performance_based_billing_(work_days)_US139742" name="Should create a pricing rule perf based on the equipment" time="55.537">
      <system-out><![CDATA[
COMMAND: POST /session/ee4ef4c40535e05b41317013d6b0695a/element - {"using":"xpath","value":"//button[@data-kt=\"addButton\"]"}
RESULT: {"using":"xpath","value":"//button[@data-kt=\"addButton\"]"}
COMMAND: POST /session/ee4ef4c40535e05b41317013d6b0695a/elements - {"using":"xpath","value":"//button[@data-kt=\"addButton\"]"}
RESULT: {"using":"xpath","value":"//button[@data-kt=\"addButton\"]"}
COMMAND: POST /session/ee4ef4c40535e05b41317013d6b0695a/elements - {"using":"xpath","value":"//button[@data-kt=\"addButton\"]"}
RESULT: {"using":"xpath","value":"//button[@data-kt=\"addButton\"]"}
COMMAND: POST /session/ee4ef4c40535e05b41317013d6b0695a/element - {"using":"xpath","value":"//button[@data-kt=\"addButton\"]"}
RESULT: {"using":"xpath","value":"//button[@data-kt=\"addButton\"]"}
COMMAND: POST /session/ee4ef4c40535e05b41317013d6b0695a/execute/sync - {"script":"<script> [8489 bytes]","args":[{"element-6066-11e4-a52e-4f735466cecf":"f.00329360D5A862BC98A13AE160565CE6.d.48F8EE2B1AC95836BC8FFF9CBA27CD36.e.11596","ELEMENT":"f.00329360D5A862BC98A13AE160565CE6.d.48F8EE2B1AC95836BC8FFF9CBA27CD36.e.11596"}]}
RESULT: {"script":"<script> [8489 bytes]","args":[{"element-6066-11e4-a52e-4f735466cecf":"f.00329360D5A862BC98A13AE160565CE6.d.48F8EE2B1AC95836BC8FFF9CBA27CD36.e.11596","ELEMENT":"f.00329360D5A862BC98A13AE160565CE6.d.48F8EE2B1AC95836BC8FFF9CBA27CD36.e.11596"}]}
COMMAND: GET /session/ee4ef4c40535e05b41317013d6b0695a/element/f.00329360D5A862BC98A13AE160565CE6.d.48F8EE2B1AC95836BC8FFF9CBA27CD36.e.11596/enabled - {}
COMMAND: GET /session/ee4ef4c40535e05b41317013d6b0695a/screenshot - {}
RESULT: {}
COMMAND: POST /session/ee4ef4c40535e05b41317013d6b0695a/execute/sync - {"script":"<script> [8489 bytes]","args":[{"element-6066-11e4-a52e-4f735466cecf":"f.00329360D5A862BC98A13AE160565CE6.d.48F8EE2B1AC95836BC8FFF9CBA27CD36.e.11596","ELEMENT":"f.00329360D5A862BC98A13AE160565CE6.d.48F8EE2B1AC95836BC8FFF9CBA27CD36.e.11596"}]}
COMMAND: GET /session/ee4ef4c40535e05b41317013d6b0695a/screenshot - {}
RESULT: {}
RESULT: {"script":"<script> [8489 bytes]","args":[{"element-6066-11e4-a52e-4f735466cecf":"f.00329360D5A862BC98A13AE160565CE6.d.48F8EE2B1AC95836BC8FFF9CBA27CD36.e.11596","ELEMENT":"f.00329360D5A862BC98A13AE160565CE6.d.48F8EE2B1AC95836BC8FFF9CBA27CD36.e.11596"}]}
COMMAND: POST /session/ee4ef4c40535e05b41317013d6b0695a/execute/sync - {"script":"<script> [5351 bytes]","args":[{"element-6066-11e4-a52e-4f735466cecf":"f.00329360D5A862BC98A13AE160565CE6.d.48F8EE2B1AC95836BC8FFF9CBA27CD36.e.11596","ELEMENT":"f.00329360D5A862BC98A13AE160565CE6.d.48F8EE2B1AC95836BC8FFF9CBA27CD36.e.11596"}]}
COMMAND: GET /session/ee4ef4c40535e05b41317013d6b0695a/screenshot - {}
RESULT: {}
RESULT: {"script":"<script> [5351 bytes]","args":[{"element-6066-11e4-a52e-4f735466cecf":"f.00329360D5A862BC98A13AE160565CE6.d.48F8EE2B1AC95836BC8FFF9CBA27CD36.e.11596","ELEMENT":"f.00329360D5A862BC98A13AE160565CE6.d.48F8EE2B1AC95836BC8FFF9CBA27CD36.e.11596"}]}
COMMAND: POST /session/ee4ef4c40535e05b41317013d6b0695a/element/f.00329360D5A862BC98A13AE160565CE6.d.48F8EE2B1AC95836BC8FFF9CBA27CD36.e.11596/click - {}
COMMAND: GET /session/ee4ef4c40535e05b41317013d6b0695a/screenshot - {}
RESULT: {}
RESULT: {}
COMMAND: GET /session/ee4ef4c40535e05b41317013d6b0695a/screenshot - {}
RESULT: {}
RESULT: {}
COMMAND: POST /session/ee4ef4c40535e05b41317013d6b0695a/execute/async - {"script":"<script> [1562 bytes]","args":[{"selector":{"controlType":"sap.m.Title","viewName":"etm.portal.ui.managepricingrules.view.NewItem","viewId":"application-managepricingrules-display-component---newInfoPriceItem","properties":{"text":"New Pricing Rules - Item Level"}},"wdio_ui5_key":"etmportal.ui.managepricingrules.view.NewItemsap.m.Title{\"text\":\"New Pricing Rules - Item Level\"}"}]}
RESULT: {"script":"<script> [1562 bytes]","args":[{"selector":{"controlType":"sap.m.Title","viewName":"etm.portal.ui.managepricingrules.view.NewItem","viewId":"application-managepricingrules-display-component---newInfoPriceItem","properties":{"text":"New Pricing Rules - Item Level"}},"wdio_ui5_key":"etmportal.ui.managepricingrules.view.NewItemsap.m.Title{\"text\":\"New Pricing Rules - Item Level\"}"}]}
RESULT: undefined
COMMAND: POST /session/ee4ef4c40535e05b41317013d6b0695a/execute/async - {"script":"<script> [6424 bytes]","args":[{"element-6066-11e4-a52e-4f735466cecf":"f.00329360D5A862BC98A13AE160565CE6.d.48F8EE2B1AC95836BC8FFF9CBA27CD36.e.11768"},"getText",[]]}
RESULT: {"script":"<script> [6424 bytes]","args":[{"element-6066-11e4-a52e-4f735466cecf":"f.00329360D5A862BC98A13AE160565CE6.d.48F8EE2B1AC95836BC8FFF9CBA27CD36.e.11768"},"getText",[]]}
COMMAND: POST /session/ee4ef4c40535e05b41317013d6b0695a/execute/async - {"script":"<script> [1562 bytes]","args":[{"selector":{"id":"application-managepricingrules-display-component---newInfoPriceItem--condValidTo","interaction":{"idSuffix":"inner"}},"wdio_ui5_key":"applicationmanagepricingrules-display-component---newInfoPriceItem--condValidTo"}]}
RESULT: {"script":"<script> [1562 bytes]","args":[{"selector":{"id":"application-managepricingrules-display-component---newInfoPriceItem--condValidTo","interaction":{"idSuffix":"inner"}},"wdio_ui5_key":"applicationmanagepricingrules-display-component---newInfoPriceItem--condValidTo"}]}
RESULT: undefined
COMMAND: POST /session/ee4ef4c40535e05b41317013d6b0695a/execute/async - {"script":"<script> [776 bytes]","args":[{"enterText":"01/14/26","selector":{"id":"application-managepricingrules-display-component---newInfoPriceItem--condValidTo","interaction":{"idSuffix":"inner"}},"clearTextFirst":true,"interactionType":"ENTER_TEXT"}]}
RESULT: {"script":"<script> [776 bytes]","args":[{"enterText":"01/14/26","selector":{"id":"application-managepricingrules-display-component---newInfoPriceItem--condValidTo","interaction":{"idSuffix":"inner"}},"clearTextFirst":true,"interactionType":"ENTER_TEXT"}]}
COMMAND: POST /session/ee4ef4c40535e05b41317013d6b0695a/execute/async - {"script":"<script> [1562 bytes]","args":[{"selector":{"id":"application-managepricingrules-display-component---newInfoPriceItem--billType-arrow"},"wdio_ui5_key":"applicationmanagepricingrules-display-component---newInfoPriceItem--billType-arrow"}]}
RESULT: {"script":"<script> [1562 bytes]","args":[{"selector":{"id":"application-managepricingrules-display-component---newInfoPriceItem--billType-arrow"},"wdio_ui5_key":"applicationmanagepricingrules-display-component---newInfoPriceItem--billType-arrow"}]}
RESULT: undefined
COMMAND: POST /session/ee4ef4c40535e05b41317013d6b0695a/element - {"using":"xpath","value":"//*[@id=\"application-managepricingrules-display-component---newInfoPriceItem--billType-arrow\"]"}
RESULT: {"using":"xpath","value":"//*[@id=\"application-managepricingrules-display-component---newInfoPriceItem--billType-arrow\"]"}
COMMAND: POST /session/ee4ef4c40535e05b41317013d6b0695a/element/f.00329360D5A862BC98A13AE160565CE6.d.48F8EE2B1AC95836BC8FFF9CBA27CD36.e.11726/click - {}
RESULT: {}
COMMAND: POST /session/ee4ef4c40535e05b41317013d6b0695a/element - {"using":"xpath","value":"//span[contains(text(), \"PB - Performance based\")]"}
COMMAND: GET /session/ee4ef4c40535e05b41317013d6b0695a/screenshot - {}
RESULT: {}
RESULT: {"using":"xpath","value":"//span[contains(text(), \"PB - Performance based\")]"}
COMMAND: POST /session/ee4ef4c40535e05b41317013d6b0695a/element/f.00329360D5A862BC98A13AE160565CE6.d.48F8EE2B1AC95836BC8FFF9CBA27CD36.e.11770/click - {}
RESULT: {}
COMMAND: POST /session/ee4ef4c40535e05b41317013d6b0695a/execute/async - {"script":"<script> [1562 bytes]","args":[{"selector":{"id":"application-managepricingrules-display-component---newInfoPriceItem--priceProc-arrow"},"wdio_ui5_key":"applicationmanagepricingrules-display-component---newInfoPriceItem--priceProc-arrow"}]}
COMMAND: GET /session/ee4ef4c40535e05b41317013d6b0695a/screenshot - {}
RESULT: {}
RESULT: {"script":"<script> [1562 bytes]","args":[{"selector":{"id":"application-managepricingrules-display-component---newInfoPriceItem--priceProc-arrow"},"wdio_ui5_key":"applicationmanagepricingrules-display-component---newInfoPriceItem--priceProc-arrow"}]}
RESULT: undefined
COMMAND: POST /session/ee4ef4c40535e05b41317013d6b0695a/element - {"using":"xpath","value":"//*[@id=\"application-managepricingrules-display-component---newInfoPriceItem--priceProc-arrow\"]"}
RESULT: {"using":"xpath","value":"//*[@id=\"application-managepricingrules-display-component---newInfoPriceItem--priceProc-arrow\"]"}
COMMAND: POST /session/ee4ef4c40535e05b41317013d6b0695a/element/f.00329360D5A862BC98A13AE160565CE6.d.48F8EE2B1AC95836BC8FFF9CBA27CD36.e.11733/click - {}
RESULT: {}
COMMAND: POST /session/ee4ef4c40535e05b41317013d6b0695a/element - {"using":"xpath","value":"//span[contains(text(), \"PRF - Performance based\")]"}
COMMAND: GET /session/ee4ef4c40535e05b41317013d6b0695a/screenshot - {}
RESULT: {"using":"xpath","value":"//span[contains(text(), \"PRF - Performance based\")]"}
COMMAND: POST /session/ee4ef4c40535e05b41317013d6b0695a/element/f.00329360D5A862BC98A13AE160565CE6.d.48F8EE2B1AC95836BC8FFF9CBA27CD36.e.11771/click - {}
RESULT: {}
RESULT: {}
COMMAND: POST /session/ee4ef4c40535e05b41317013d6b0695a/execute/async - {"script":"<script> [1562 bytes]","args":[{"selector":{"id":"application-managepricingrules-display-component---newInfoPriceItem--calcBase-arrow"},"wdio_ui5_key":"applicationmanagepricingrules-display-component---newInfoPriceItem--calcBase-arrow"}]}
COMMAND: GET /session/ee4ef4c40535e05b41317013d6b0695a/screenshot - {}
RESULT: {"script":"<script> [1562 bytes]","args":[{"selector":{"id":"application-managepricingrules-display-component---newInfoPriceItem--calcBase-arrow"},"wdio_ui5_key":"applicationmanagepricingrules-display-component---newInfoPriceItem--calcBase-arrow"}]}
RESULT: undefined
COMMAND: POST /session/ee4ef4c40535e05b41317013d6b0695a/element - {"using":"xpath","value":"//*[@id=\"application-managepricingrules-display-component---newInfoPriceItem--calcBase-arrow\"]"}
RESULT: {}
RESULT: {"using":"xpath","value":"//*[@id=\"application-managepricingrules-display-component---newInfoPriceItem--calcBase-arrow\"]"}
COMMAND: POST /session/ee4ef4c40535e05b41317013d6b0695a/element/f.00329360D5A862BC98A13AE160565CE6.d.48F8EE2B1AC95836BC8FFF9CBA27CD36.e.11740/click - {}
RESULT: {}
COMMAND: GET /session/ee4ef4c40535e05b41317013d6b0695a/screenshot - {}
RESULT: {}
COMMAND: POST /session/ee4ef4c40535e05b41317013d6b0695a/element - {"using":"xpath","value":"//span[contains(text(), \"0007 - PB(work days)\")]"}
RESULT: {"using":"xpath","value":"//span[contains(text(), \"0007 - PB(work days)\")]"}
COMMAND: POST /session/ee4ef4c40535e05b41317013d6b0695a/element/f.00329360D5A862BC98A13AE160565CE6.d.48F8EE2B1AC95836BC8FFF9CBA27CD36.e.11772/click - {}
RESULT: {}
COMMAND: GET /session/ee4ef4c40535e05b41317013d6b0695a/screenshot - {}
RESULT: {}
COMMAND: POST /session/ee4ef4c40535e05b41317013d6b0695a/execute/async - {"script":"<script> [1562 bytes]","args":[{"selector":{"id":"application-managepricingrules-display-component---newInfoPriceItem--hoursMonth","interaction":{"idSuffix":"inner"}},"wdio_ui5_key":"applicationmanagepricingrules-display-component---newInfoPriceItem--hoursMonth"}]}
RESULT: {"script":"<script> [1562 bytes]","args":[{"selector":{"id":"application-managepricingrules-display-component---newInfoPriceItem--hoursMonth","interaction":{"idSuffix":"inner"}},"wdio_ui5_key":"applicationmanagepricingrules-display-component---newInfoPriceItem--hoursMonth"}]}
RESULT: undefined
COMMAND: POST /session/ee4ef4c40535e05b41317013d6b0695a/execute/async - {"script":"<script> [776 bytes]","args":[{"enterText":"160","selector":{"id":"application-managepricingrules-display-component---newInfoPriceItem--hoursMonth","interaction":{"idSuffix":"inner"}},"clearTextFirst":true,"interactionType":"ENTER_TEXT"}]}
RESULT: {"script":"<script> [776 bytes]","args":[{"enterText":"160","selector":{"id":"application-managepricingrules-display-component---newInfoPriceItem--hoursMonth","interaction":{"idSuffix":"inner"}},"clearTextFirst":true,"interactionType":"ENTER_TEXT"}]}
COMMAND: POST /session/ee4ef4c40535e05b41317013d6b0695a/element - {"using":"xpath","value":"//button[@data-kt=\"saveNewRuleButton\"]"}
RESULT: {"using":"xpath","value":"//button[@data-kt=\"saveNewRuleButton\"]"}
COMMAND: POST /session/ee4ef4c40535e05b41317013d6b0695a/element/f.00329360D5A862BC98A13AE160565CE6.d.48F8EE2B1AC95836BC8FFF9CBA27CD36.e.11760/click - {}
RESULT: {}
COMMAND: GET /session/ee4ef4c40535e05b41317013d6b0695a/screenshot - {}
RESULT: {}
COMMAND: POST /session/ee4ef4c40535e05b41317013d6b0695a/execute/async - {"script":"<script> [1562 bytes]","args":[{"selector":{"id":"application-managepricingrules-display-component---priceInfoItem--smartFilterBar-btnBasicSearch","interaction":{"idSuffix":"I"}},"wdio_ui5_key":"applicationmanagepricingrules-display-component---priceInfoItem--smartFilterBar-btnBasicSearch"}]}
RESULT: {"script":"<script> [1562 bytes]","args":[{"selector":{"id":"application-managepricingrules-display-component---priceInfoItem--smartFilterBar-btnBasicSearch","interaction":{"idSuffix":"I"}},"wdio_ui5_key":"applicationmanagepricingrules-display-component---priceInfoItem--smartFilterBar-btnBasicSearch"}]}
RESULT: undefined
COMMAND: POST /session/ee4ef4c40535e05b41317013d6b0695a/execute/async - {"script":"<script> [776 bytes]","args":[{"enterText":"sFTcO2dSGv","selector":{"id":"application-managepricingrules-display-component---priceInfoItem--smartFilterBar-btnBasicSearch","interaction":{"idSuffix":"I"}},"clearTextFirst":true,"interactionType":"ENTER_TEXT"}]}
RESULT: {"script":"<script> [776 bytes]","args":[{"enterText":"sFTcO2dSGv","selector":{"id":"application-managepricingrules-display-component---priceInfoItem--smartFilterBar-btnBasicSearch","interaction":{"idSuffix":"I"}},"clearTextFirst":true,"interactionType":"ENTER_TEXT"}]}
COMMAND: POST /session/ee4ef4c40535e05b41317013d6b0695a/actions - {"actions":[{"id":"action51","type":"key","parameters":{},"actions":[{"type":"keyDown","value":"î€‡"},{"type":"pause","duration":10},{"type":"keyUp","value":"î€‡"}]}]}
RESULT: {"actions":[{"id":"action51","type":"key","parameters":{},"actions":[{"type":"keyDown","value":"î€‡"},{"type":"pause","duration":10},{"type":"keyUp","value":"î€‡"}]}]}
COMMAND: GET /session/ee4ef4c40535e05b41317013d6b0695a/screenshot - {}
RESULT: {}
COMMAND: POST /session/ee4ef4c40535e05b41317013d6b0695a/element - {"using":"xpath","value":"//span[@id=\"application-managepricingrules-display-component---priceInfoItem--smartTable-header-inner\"]"}
RESULT: {"using":"xpath","value":"//span[@id=\"application-managepricingrules-display-component---priceInfoItem--smartTable-header-inner\"]"}
COMMAND: POST /session/ee4ef4c40535e05b41317013d6b0695a/elements - {"using":"xpath","value":"//span[@id=\"application-managepricingrules-display-component---priceInfoItem--smartTable-header-inner\"]"}
RESULT: {"using":"xpath","value":"//span[@id=\"application-managepricingrules-display-component---priceInfoItem--smartTable-header-inner\"]"}
COMMAND: POST /session/ee4ef4c40535e05b41317013d6b0695a/execute/sync - {"script":"<script> [56 bytes]","args":[{"element-6066-11e4-a52e-4f735466cecf":"f.00329360D5A862BC98A13AE160565CE6.d.48F8EE2B1AC95836BC8FFF9CBA27CD36.e.11796","ELEMENT":"f.00329360D5A862BC98A13AE160565CE6.d.48F8EE2B1AC95836BC8FFF9CBA27CD36.e.11796"}]}
RESULT: {"script":"<script> [56 bytes]","args":[{"element-6066-11e4-a52e-4f735466cecf":"f.00329360D5A862BC98A13AE160565CE6.d.48F8EE2B1AC95836BC8FFF9CBA27CD36.e.11796","ELEMENT":"f.00329360D5A862BC98A13AE160565CE6.d.48F8EE2B1AC95836BC8FFF9CBA27CD36.e.11796"}]}
COMMAND: POST /session/ee4ef4c40535e05b41317013d6b0695a/element - {"using":"css selector","value":"#shell-header-logo"}
COMMAND: GET /session/ee4ef4c40535e05b41317013d6b0695a/screenshot - {}
RESULT: {"using":"css selector","value":"#shell-header-logo"}
COMMAND: POST /session/ee4ef4c40535e05b41317013d6b0695a/element/f.00329360D5A862BC98A13AE160565CE6.d.48F8EE2B1AC95836BC8FFF9CBA27CD36.e.10906/click - {}
RESULT: {}
RESULT: {}
COMMAND: GET /session/ee4ef4c40535e05b41317013d6b0695a/screenshot - {}
RESULT: {}
]]></system-out>
    </testcase>
    <testcase classname="chrome.136_0_7103_49.windows.Performance_based_billing_(work_days)_US139742" name="Should create a performance based billing condition on the equipment" time="69.31">
      <system-out><![CDATA[
COMMAND: POST /session/ee4ef4c40535e05b41317013d6b0695a/execute/async - {"script":"<script> [1562 bytes]","args":[{"selector":{"controlType":"sap.m.Text","properties":{"text":"Manage Conditions & Prices"},"interaction":{"idSuffix":"inner"}},"wdio_ui5_key":"sapm.Text{\"text\":\"Manage Conditions & Prices\"}"}]}
RESULT: {"script":"<script> [1562 bytes]","args":[{"selector":{"controlType":"sap.m.Text","properties":{"text":"Manage Conditions & Prices"},"interaction":{"idSuffix":"inner"}},"wdio_ui5_key":"sapm.Text{\"text\":\"Manage Conditions & Prices\"}"}]}
RESULT: undefined
COMMAND: POST /session/ee4ef4c40535e05b41317013d6b0695a/element - {"using":"xpath","value":"//*[@id=\"__tile53-title\"]"}
RESULT: {"using":"xpath","value":"//*[@id=\"__tile53-title\"]"}
COMMAND: POST /session/ee4ef4c40535e05b41317013d6b0695a/element/f.00329360D5A862BC98A13AE160565CE6.d.48F8EE2B1AC95836BC8FFF9CBA27CD36.e.11799/click - {}
RESULT: {}
COMMAND: POST /session/ee4ef4c40535e05b41317013d6b0695a/element - {"using":"xpath","value":"//button[@aria-label=\"Create\"]"}
COMMAND: GET /session/ee4ef4c40535e05b41317013d6b0695a/screenshot - {}
RESULT: {"using":"xpath","value":"//button[@aria-label=\"Create\"]"}
COMMAND: POST /session/ee4ef4c40535e05b41317013d6b0695a/elements - {"using":"xpath","value":"//button[@aria-label=\"Create\"]"}
RESULT: {}
RESULT: {"using":"xpath","value":"//button[@aria-label=\"Create\"]"}
COMMAND: POST /session/ee4ef4c40535e05b41317013d6b0695a/elements - {"using":"xpath","value":"//button[@aria-label=\"Create\"]"}
RESULT: {"using":"xpath","value":"//button[@aria-label=\"Create\"]"}
COMMAND: POST /session/ee4ef4c40535e05b41317013d6b0695a/elements - {"using":"xpath","value":"//button[@aria-label=\"Create\"]"}
RESULT: {"using":"xpath","value":"//button[@aria-label=\"Create\"]"}
COMMAND: POST /session/ee4ef4c40535e05b41317013d6b0695a/elements - {"using":"xpath","value":"//button[@aria-label=\"Create\"]"}
RESULT: {"using":"xpath","value":"//button[@aria-label=\"Create\"]"}
COMMAND: POST /session/ee4ef4c40535e05b41317013d6b0695a/elements - {"using":"xpath","value":"//button[@aria-label=\"Create\"]"}
RESULT: {"using":"xpath","value":"//button[@aria-label=\"Create\"]"}
COMMAND: POST /session/ee4ef4c40535e05b41317013d6b0695a/elements - {"using":"xpath","value":"//button[@aria-label=\"Create\"]"}
RESULT: {"using":"xpath","value":"//button[@aria-label=\"Create\"]"}
COMMAND: POST /session/ee4ef4c40535e05b41317013d6b0695a/elements - {"using":"xpath","value":"//button[@aria-label=\"Create\"]"}
RESULT: {"using":"xpath","value":"//button[@aria-label=\"Create\"]"}
COMMAND: POST /session/ee4ef4c40535e05b41317013d6b0695a/elements - {"using":"xpath","value":"//button[@aria-label=\"Create\"]"}
RESULT: {"using":"xpath","value":"//button[@aria-label=\"Create\"]"}
COMMAND: POST /session/ee4ef4c40535e05b41317013d6b0695a/element - {"using":"xpath","value":"//button[@aria-label=\"Create\"]"}
RESULT: {"using":"xpath","value":"//button[@aria-label=\"Create\"]"}
COMMAND: POST /session/ee4ef4c40535e05b41317013d6b0695a/execute/sync - {"script":"<script> [8489 bytes]","args":[{"element-6066-11e4-a52e-4f735466cecf":"f.00329360D5A862BC98A13AE160565CE6.d.48F8EE2B1AC95836BC8FFF9CBA27CD36.e.11834","ELEMENT":"f.00329360D5A862BC98A13AE160565CE6.d.48F8EE2B1AC95836BC8FFF9CBA27CD36.e.11834"}]}
RESULT: {"script":"<script> [8489 bytes]","args":[{"element-6066-11e4-a52e-4f735466cecf":"f.00329360D5A862BC98A13AE160565CE6.d.48F8EE2B1AC95836BC8FFF9CBA27CD36.e.11834","ELEMENT":"f.00329360D5A862BC98A13AE160565CE6.d.48F8EE2B1AC95836BC8FFF9CBA27CD36.e.11834"}]}
COMMAND: GET /session/ee4ef4c40535e05b41317013d6b0695a/element/f.00329360D5A862BC98A13AE160565CE6.d.48F8EE2B1AC95836BC8FFF9CBA27CD36.e.11834/enabled - {}
COMMAND: GET /session/ee4ef4c40535e05b41317013d6b0695a/screenshot - {}
RESULT: {}
COMMAND: POST /session/ee4ef4c40535e05b41317013d6b0695a/execute/sync - {"script":"<script> [8489 bytes]","args":[{"element-6066-11e4-a52e-4f735466cecf":"f.00329360D5A862BC98A13AE160565CE6.d.48F8EE2B1AC95836BC8FFF9CBA27CD36.e.11834","ELEMENT":"f.00329360D5A862BC98A13AE160565CE6.d.48F8EE2B1AC95836BC8FFF9CBA27CD36.e.11834"}]}
COMMAND: GET /session/ee4ef4c40535e05b41317013d6b0695a/screenshot - {}
RESULT: {}
RESULT: {"script":"<script> [8489 bytes]","args":[{"element-6066-11e4-a52e-4f735466cecf":"f.00329360D5A862BC98A13AE160565CE6.d.48F8EE2B1AC95836BC8FFF9CBA27CD36.e.11834","ELEMENT":"f.00329360D5A862BC98A13AE160565CE6.d.48F8EE2B1AC95836BC8FFF9CBA27CD36.e.11834"}]}
COMMAND: POST /session/ee4ef4c40535e05b41317013d6b0695a/execute/sync - {"script":"<script> [5351 bytes]","args":[{"element-6066-11e4-a52e-4f735466cecf":"f.00329360D5A862BC98A13AE160565CE6.d.48F8EE2B1AC95836BC8FFF9CBA27CD36.e.11834","ELEMENT":"f.00329360D5A862BC98A13AE160565CE6.d.48F8EE2B1AC95836BC8FFF9CBA27CD36.e.11834"}]}
COMMAND: GET /session/ee4ef4c40535e05b41317013d6b0695a/screenshot - {}
RESULT: {}
RESULT: {"script":"<script> [5351 bytes]","args":[{"element-6066-11e4-a52e-4f735466cecf":"f.00329360D5A862BC98A13AE160565CE6.d.48F8EE2B1AC95836BC8FFF9CBA27CD36.e.11834","ELEMENT":"f.00329360D5A862BC98A13AE160565CE6.d.48F8EE2B1AC95836BC8FFF9CBA27CD36.e.11834"}]}
COMMAND: POST /session/ee4ef4c40535e05b41317013d6b0695a/element/f.00329360D5A862BC98A13AE160565CE6.d.48F8EE2B1AC95836BC8FFF9CBA27CD36.e.11834/click - {}
COMMAND: GET /session/ee4ef4c40535e05b41317013d6b0695a/screenshot - {}
RESULT: {}
RESULT: {}
COMMAND: GET /session/ee4ef4c40535e05b41317013d6b0695a/screenshot - {}
RESULT: {}
RESULT: {}
COMMAND: POST /session/ee4ef4c40535e05b41317013d6b0695a/actions - {"actions":[{"id":"action52","type":"key","parameters":{},"actions":[{"type":"keyDown","value":"î€‡"},{"type":"pause","duration":10},{"type":"keyUp","value":"î€‡"}]}]}
RESULT: {"actions":[{"id":"action52","type":"key","parameters":{},"actions":[{"type":"keyDown","value":"î€‡"},{"type":"pause","duration":10},{"type":"keyUp","value":"î€‡"}]}]}
COMMAND: GET /session/ee4ef4c40535e05b41317013d6b0695a/screenshot - {}
RESULT: {}
COMMAND: POST /session/ee4ef4c40535e05b41317013d6b0695a/execute/async - {"script":"<script> [1562 bytes]","args":[{"selector":{"id":"application-manageconditionprice-display-component---newCondition--condBillCond-arrow"},"wdio_ui5_key":"applicationmanageconditionprice-display-component---newCondition--condBillCond-arrow"}]}
RESULT: {"script":"<script> [1562 bytes]","args":[{"selector":{"id":"application-manageconditionprice-display-component---newCondition--condBillCond-arrow"},"wdio_ui5_key":"applicationmanageconditionprice-display-component---newCondition--condBillCond-arrow"}]}
RESULT: undefined
COMMAND: POST /session/ee4ef4c40535e05b41317013d6b0695a/element - {"using":"xpath","value":"//*[@id=\"application-manageconditionprice-display-component---newCondition--condBillCond-arrow\"]"}
RESULT: {"using":"xpath","value":"//*[@id=\"application-manageconditionprice-display-component---newCondition--condBillCond-arrow\"]"}
COMMAND: POST /session/ee4ef4c40535e05b41317013d6b0695a/element/f.00329360D5A862BC98A13AE160565CE6.d.48F8EE2B1AC95836BC8FFF9CBA27CD36.e.12020/click - {}
RESULT: {}
COMMAND: GET /session/ee4ef4c40535e05b41317013d6b0695a/screenshot - {}
RESULT: {}
COMMAND: POST /session/ee4ef4c40535e05b41317013d6b0695a/element - {"using":"xpath","value":"//li[.//span[contains(text(), \"PC06 - Performance Price - fuel\")]]"}
RESULT: {"using":"xpath","value":"//li[.//span[contains(text(), \"PC06 - Performance Price - fuel\")]]"}
COMMAND: POST /session/ee4ef4c40535e05b41317013d6b0695a/element/f.00329360D5A862BC98A13AE160565CE6.d.48F8EE2B1AC95836BC8FFF9CBA27CD36.e.12023/click - {}
RESULT: {}
COMMAND: GET /session/ee4ef4c40535e05b41317013d6b0695a/screenshot - {}
RESULT: {}
COMMAND: POST /session/ee4ef4c40535e05b41317013d6b0695a/execute/async - {"script":"<script> [1562 bytes]","args":[{"selector":{"id":"application-manageconditionprice-display-component---newCondition--condValidTo","interaction":{"idSuffix":"inner"}},"wdio_ui5_key":"applicationmanageconditionprice-display-component---newCondition--condValidTo"}]}
RESULT: {"script":"<script> [1562 bytes]","args":[{"selector":{"id":"application-manageconditionprice-display-component---newCondition--condValidTo","interaction":{"idSuffix":"inner"}},"wdio_ui5_key":"applicationmanageconditionprice-display-component---newCondition--condValidTo"}]}
RESULT: undefined
COMMAND: POST /session/ee4ef4c40535e05b41317013d6b0695a/execute/async - {"script":"<script> [776 bytes]","args":[{"enterText":"01/14/26","selector":{"id":"application-manageconditionprice-display-component---newCondition--condValidTo","interaction":{"idSuffix":"inner"}},"clearTextFirst":true,"interactionType":"ENTER_TEXT"}]}
RESULT: {"script":"<script> [776 bytes]","args":[{"enterText":"01/14/26","selector":{"id":"application-manageconditionprice-display-component---newCondition--condValidTo","interaction":{"idSuffix":"inner"}},"clearTextFirst":true,"interactionType":"ENTER_TEXT"}]}
COMMAND: POST /session/ee4ef4c40535e05b41317013d6b0695a/element - {"using":"xpath","value":"//input[@id=\"application-manageconditionprice-display-component---newCondition--condRU-inner\"]"}
RESULT: {"using":"xpath","value":"//input[@id=\"application-manageconditionprice-display-component---newCondition--condRU-inner\"]"}
COMMAND: POST /session/ee4ef4c40535e05b41317013d6b0695a/element/f.00329360D5A862BC98A13AE160565CE6.d.48F8EE2B1AC95836BC8FFF9CBA27CD36.e.11850/clear - {}
RESULT: {}
COMMAND: POST /session/ee4ef4c40535e05b41317013d6b0695a/element/f.00329360D5A862BC98A13AE160565CE6.d.48F8EE2B1AC95836BC8FFF9CBA27CD36.e.11850/value - {"text":"sFTcO2dSGv"}
COMMAND: GET /session/ee4ef4c40535e05b41317013d6b0695a/screenshot - {}
RESULT: {"text":"sFTcO2dSGv"}
COMMAND: GET /session/ee4ef4c40535e05b41317013d6b0695a/screenshot - {}
RESULT: {}
RESULT: {}
COMMAND: POST /session/ee4ef4c40535e05b41317013d6b0695a/actions - {"actions":[{"id":"action53","type":"key","parameters":{},"actions":[{"type":"keyDown","value":"î€‡"},{"type":"pause","duration":10},{"type":"keyUp","value":"î€‡"}]}]}
RESULT: {"actions":[{"id":"action53","type":"key","parameters":{},"actions":[{"type":"keyDown","value":"î€‡"},{"type":"pause","duration":10},{"type":"keyUp","value":"î€‡"}]}]}
COMMAND: POST /session/ee4ef4c40535e05b41317013d6b0695a/execute/async - {"script":"<script> [1562 bytes]","args":[{"selector":{"id":"application-manageconditionprice-display-component---newCondition--condBaseQty","interaction":{"idSuffix":"inner"}},"wdio_ui5_key":"applicationmanageconditionprice-display-component---newCondition--condBaseQty"}]}
COMMAND: GET /session/ee4ef4c40535e05b41317013d6b0695a/screenshot - {}
RESULT: {"script":"<script> [1562 bytes]","args":[{"selector":{"id":"application-manageconditionprice-display-component---newCondition--condBaseQty","interaction":{"idSuffix":"inner"}},"wdio_ui5_key":"applicationmanageconditionprice-display-component---newCondition--condBaseQty"}]}
RESULT: undefined
COMMAND: POST /session/ee4ef4c40535e05b41317013d6b0695a/execute/async - {"script":"<script> [776 bytes]","args":[{"enterText":"1","selector":{"id":"application-manageconditionprice-display-component---newCondition--condBaseQty","interaction":{"idSuffix":"inner"}},"clearTextFirst":true,"interactionType":"ENTER_TEXT"}]}
RESULT: {}
RESULT: {"script":"<script> [776 bytes]","args":[{"enterText":"1","selector":{"id":"application-manageconditionprice-display-component---newCondition--condBaseQty","interaction":{"idSuffix":"inner"}},"clearTextFirst":true,"interactionType":"ENTER_TEXT"}]}
COMMAND: POST /session/ee4ef4c40535e05b41317013d6b0695a/execute/async - {"script":"<script> [1562 bytes]","args":[{"selector":{"id":"application-manageconditionprice-display-component---newCondition--condValue","interaction":{"idSuffix":"inner"}},"wdio_ui5_key":"applicationmanageconditionprice-display-component---newCondition--condValue"}]}
RESULT: {"script":"<script> [1562 bytes]","args":[{"selector":{"id":"application-manageconditionprice-display-component---newCondition--condValue","interaction":{"idSuffix":"inner"}},"wdio_ui5_key":"applicationmanageconditionprice-display-component---newCondition--condValue"}]}
RESULT: undefined
COMMAND: POST /session/ee4ef4c40535e05b41317013d6b0695a/execute/async - {"script":"<script> [776 bytes]","args":[{"enterText":"10","selector":{"id":"application-manageconditionprice-display-component---newCondition--condValue","interaction":{"idSuffix":"inner"}},"clearTextFirst":true,"interactionType":"ENTER_TEXT"}]}
RESULT: {"script":"<script> [776 bytes]","args":[{"enterText":"10","selector":{"id":"application-manageconditionprice-display-component---newCondition--condValue","interaction":{"idSuffix":"inner"}},"clearTextFirst":true,"interactionType":"ENTER_TEXT"}]}
COMMAND: POST /session/ee4ef4c40535e05b41317013d6b0695a/execute/async - {"script":"<script> [1562 bytes]","args":[{"selector":{"id":"application-manageconditionprice-display-component---newCondition--condCurr-arrow"},"wdio_ui5_key":"applicationmanageconditionprice-display-component---newCondition--condCurr-arrow"}]}
RESULT: {"script":"<script> [1562 bytes]","args":[{"selector":{"id":"application-manageconditionprice-display-component---newCondition--condCurr-arrow"},"wdio_ui5_key":"applicationmanageconditionprice-display-component---newCondition--condCurr-arrow"}]}
RESULT: undefined
COMMAND: POST /session/ee4ef4c40535e05b41317013d6b0695a/element - {"using":"xpath","value":"//*[@id=\"application-manageconditionprice-display-component---newCondition--condCurr-arrow\"]"}
RESULT: {"using":"xpath","value":"//*[@id=\"application-manageconditionprice-display-component---newCondition--condCurr-arrow\"]"}
COMMAND: POST /session/ee4ef4c40535e05b41317013d6b0695a/element/f.00329360D5A862BC98A13AE160565CE6.d.48F8EE2B1AC95836BC8FFF9CBA27CD36.e.12004/click - {}
RESULT: {}
COMMAND: POST /session/ee4ef4c40535e05b41317013d6b0695a/element - {"using":"xpath","value":"//span[contains(text(), \"Euro\")]"}
COMMAND: GET /session/ee4ef4c40535e05b41317013d6b0695a/screenshot - {}
RESULT: {"using":"xpath","value":"//span[contains(text(), \"Euro\")]"}
COMMAND: POST /session/ee4ef4c40535e05b41317013d6b0695a/element/f.00329360D5A862BC98A13AE160565CE6.d.48F8EE2B1AC95836BC8FFF9CBA27CD36.e.12058/click - {}
RESULT: {}
RESULT: {}
COMMAND: POST /session/ee4ef4c40535e05b41317013d6b0695a/element - {"using":"xpath","value":"//button[@data-kt=\"saveButton\"]"}
COMMAND: GET /session/ee4ef4c40535e05b41317013d6b0695a/screenshot - {}
RESULT: {"using":"xpath","value":"//button[@data-kt=\"saveButton\"]"}
COMMAND: POST /session/ee4ef4c40535e05b41317013d6b0695a/element/f.00329360D5A862BC98A13AE160565CE6.d.48F8EE2B1AC95836BC8FFF9CBA27CD36.e.12005/click - {}
RESULT: {}
RESULT: {}
COMMAND: GET /session/ee4ef4c40535e05b41317013d6b0695a/screenshot - {}
RESULT: {}
COMMAND: POST /session/ee4ef4c40535e05b41317013d6b0695a/execute/async - {"script":"<script> [1562 bytes]","args":[{"selector":{"id":"application-manageconditionprice-display-component---conditions--smartFilterBar-btnBasicSearch","interaction":{"idSuffix":"I"}},"wdio_ui5_key":"applicationmanageconditionprice-display-component---conditions--smartFilterBar-btnBasicSearch"}]}
RESULT: {"script":"<script> [1562 bytes]","args":[{"selector":{"id":"application-manageconditionprice-display-component---conditions--smartFilterBar-btnBasicSearch","interaction":{"idSuffix":"I"}},"wdio_ui5_key":"applicationmanageconditionprice-display-component---conditions--smartFilterBar-btnBasicSearch"}]}
RESULT: undefined
COMMAND: POST /session/ee4ef4c40535e05b41317013d6b0695a/execute/async - {"script":"<script> [776 bytes]","args":[{"enterText":"sFTcO2dSGv","selector":{"id":"application-manageconditionprice-display-component---conditions--smartFilterBar-btnBasicSearch","interaction":{"idSuffix":"I"}},"clearTextFirst":true,"interactionType":"ENTER_TEXT"}]}
RESULT: {"script":"<script> [776 bytes]","args":[{"enterText":"sFTcO2dSGv","selector":{"id":"application-manageconditionprice-display-component---conditions--smartFilterBar-btnBasicSearch","interaction":{"idSuffix":"I"}},"clearTextFirst":true,"interactionType":"ENTER_TEXT"}]}
COMMAND: POST /session/ee4ef4c40535e05b41317013d6b0695a/actions - {"actions":[{"id":"action54","type":"key","parameters":{},"actions":[{"type":"keyDown","value":"î€‡"},{"type":"pause","duration":10},{"type":"keyUp","value":"î€‡"}]}]}
RESULT: {"actions":[{"id":"action54","type":"key","parameters":{},"actions":[{"type":"keyDown","value":"î€‡"},{"type":"pause","duration":10},{"type":"keyUp","value":"î€‡"}]}]}
COMMAND: GET /session/ee4ef4c40535e05b41317013d6b0695a/screenshot - {}
RESULT: {}
COMMAND: POST /session/ee4ef4c40535e05b41317013d6b0695a/execute/async - {"script":"<script> [1562 bytes]","args":[{"selector":{"id":"application-manageconditionprice-display-component---conditions--smartFilterBar-filterItemControl_BASIC-BILL_TYPES-vhi"},"wdio_ui5_key":"applicationmanageconditionprice-display-component---conditions--smartFilterBar-filterItemControl_BASIC-BILL_TYPES-vhi"}]}
RESULT: {"script":"<script> [1562 bytes]","args":[{"selector":{"id":"application-manageconditionprice-display-component---conditions--smartFilterBar-filterItemControl_BASIC-BILL_TYPES-vhi"},"wdio_ui5_key":"applicationmanageconditionprice-display-component---conditions--smartFilterBar-filterItemControl_BASIC-BILL_TYPES-vhi"}]}
RESULT: undefined
COMMAND: POST /session/ee4ef4c40535e05b41317013d6b0695a/element - {"using":"xpath","value":"//*[@id=\"application-manageconditionprice-display-component---conditions--smartFilterBar-filterItemControl_BASIC-BILL_TYPES-vhi\"]"}
RESULT: {"using":"xpath","value":"//*[@id=\"application-manageconditionprice-display-component---conditions--smartFilterBar-filterItemControl_BASIC-BILL_TYPES-vhi\"]"}
COMMAND: POST /session/ee4ef4c40535e05b41317013d6b0695a/element/f.00329360D5A862BC98A13AE160565CE6.d.48F8EE2B1AC95836BC8FFF9CBA27CD36.e.12153/click - {}
RESULT: {}
COMMAND: POST /session/ee4ef4c40535e05b41317013d6b0695a/execute/async - {"script":"<script> [1562 bytes]","args":[{"selector":{"id":"application-manageconditionprice-display-component---conditions--smartFilterBar-filterItemControl_BASIC-BILL_TYPES-valueHelpDialog-smartFilterBar-btnBasicSearch","searchOpenDialogs":true,"interaction":{"idSuffix":"I"}},"wdio_ui5_key":"applicationmanageconditionprice-display-component---conditions--smartFilterBar-filterItemControl_BASIC-BILL_TYPES-valueHelpDialog-smartFilterBar-btnBasicSearch"}]}
COMMAND: GET /session/ee4ef4c40535e05b41317013d6b0695a/screenshot - {}
RESULT: {"script":"<script> [1562 bytes]","args":[{"selector":{"id":"application-manageconditionprice-display-component---conditions--smartFilterBar-filterItemControl_BASIC-BILL_TYPES-valueHelpDialog-smartFilterBar-btnBasicSearch","searchOpenDialogs":true,"interaction":{"idSuffix":"I"}},"wdio_ui5_key":"applicationmanageconditionprice-display-component---conditions--smartFilterBar-filterItemControl_BASIC-BILL_TYPES-valueHelpDialog-smartFilterBar-btnBasicSearch"}]}
RESULT: undefined
COMMAND: POST /session/ee4ef4c40535e05b41317013d6b0695a/execute/async - {"script":"<script> [776 bytes]","args":[{"enterText":"PB","selector":{"id":"application-manageconditionprice-display-component---conditions--smartFilterBar-filterItemControl_BASIC-BILL_TYPES-valueHelpDialog-smartFilterBar-btnBasicSearch","searchOpenDialogs":true,"interaction":{"idSuffix":"I"}},"clearTextFirst":true,"interactionType":"ENTER_TEXT"}]}
RESULT: {}
RESULT: {"script":"<script> [776 bytes]","args":[{"enterText":"PB","selector":{"id":"application-manageconditionprice-display-component---conditions--smartFilterBar-filterItemControl_BASIC-BILL_TYPES-valueHelpDialog-smartFilterBar-btnBasicSearch","searchOpenDialogs":true,"interaction":{"idSuffix":"I"}},"clearTextFirst":true,"interactionType":"ENTER_TEXT"}]}
COMMAND: POST /session/ee4ef4c40535e05b41317013d6b0695a/actions - {"actions":[{"id":"action55","type":"key","parameters":{},"actions":[{"type":"keyDown","value":"î€‡"},{"type":"pause","duration":10},{"type":"keyUp","value":"î€‡"}]}]}
RESULT: {"actions":[{"id":"action55","type":"key","parameters":{},"actions":[{"type":"keyDown","value":"î€‡"},{"type":"pause","duration":10},{"type":"keyUp","value":"î€‡"}]}]}
COMMAND: GET /session/ee4ef4c40535e05b41317013d6b0695a/screenshot - {}
RESULT: {}
COMMAND: POST /session/ee4ef4c40535e05b41317013d6b0695a/element - {"using":"xpath","value":"//div[contains(@id, 'application-manageconditionprice-display-component---conditions--smartFilterBar-filterItemControl_BASIC-BILL_TYPES-valueHelpDialog-table-rowsel0')]"}
RESULT: {"using":"xpath","value":"//div[contains(@id, 'application-manageconditionprice-display-component---conditions--smartFilterBar-filterItemControl_BASIC-BILL_TYPES-valueHelpDialog-table-rowsel0')]"}
COMMAND: POST /session/ee4ef4c40535e05b41317013d6b0695a/element/f.00329360D5A862BC98A13AE160565CE6.d.48F8EE2B1AC95836BC8FFF9CBA27CD36.e.12163/click - {}
RESULT: {}
COMMAND: GET /session/ee4ef4c40535e05b41317013d6b0695a/screenshot - {}
RESULT: {}
COMMAND: POST /session/ee4ef4c40535e05b41317013d6b0695a/element - {"using":"xpath","value":"//bdi[contains(text(), \"OK\")]"}
RESULT: {"using":"xpath","value":"//bdi[contains(text(), \"OK\")]"}
COMMAND: POST /session/ee4ef4c40535e05b41317013d6b0695a/element/f.00329360D5A862BC98A13AE160565CE6.d.48F8EE2B1AC95836BC8FFF9CBA27CD36.e.12165/click - {}
RESULT: {}
COMMAND: GET /session/ee4ef4c40535e05b41317013d6b0695a/screenshot - {}
RESULT: {}
COMMAND: POST /session/ee4ef4c40535e05b41317013d6b0695a/element - {"using":"xpath","value":"//span[@id=\"application-manageconditionprice-display-component---conditions--smartTable-header-inner\"]"}
RESULT: {"using":"xpath","value":"//span[@id=\"application-manageconditionprice-display-component---conditions--smartTable-header-inner\"]"}
COMMAND: POST /session/ee4ef4c40535e05b41317013d6b0695a/elements - {"using":"xpath","value":"//span[@id=\"application-manageconditionprice-display-component---conditions--smartTable-header-inner\"]"}
RESULT: {"using":"xpath","value":"//span[@id=\"application-manageconditionprice-display-component---conditions--smartTable-header-inner\"]"}
COMMAND: POST /session/ee4ef4c40535e05b41317013d6b0695a/execute/sync - {"script":"<script> [56 bytes]","args":[{"element-6066-11e4-a52e-4f735466cecf":"f.00329360D5A862BC98A13AE160565CE6.d.48F8EE2B1AC95836BC8FFF9CBA27CD36.e.12168","ELEMENT":"f.00329360D5A862BC98A13AE160565CE6.d.48F8EE2B1AC95836BC8FFF9CBA27CD36.e.12168"}]}
RESULT: {"script":"<script> [56 bytes]","args":[{"element-6066-11e4-a52e-4f735466cecf":"f.00329360D5A862BC98A13AE160565CE6.d.48F8EE2B1AC95836BC8FFF9CBA27CD36.e.12168","ELEMENT":"f.00329360D5A862BC98A13AE160565CE6.d.48F8EE2B1AC95836BC8FFF9CBA27CD36.e.12168"}]}
COMMAND: POST /session/ee4ef4c40535e05b41317013d6b0695a/element - {"using":"css selector","value":"#shell-header-logo"}
COMMAND: GET /session/ee4ef4c40535e05b41317013d6b0695a/screenshot - {}
RESULT: {"using":"css selector","value":"#shell-header-logo"}
COMMAND: POST /session/ee4ef4c40535e05b41317013d6b0695a/element/f.00329360D5A862BC98A13AE160565CE6.d.48F8EE2B1AC95836BC8FFF9CBA27CD36.e.11801/click - {}
RESULT: {}
RESULT: {}
COMMAND: GET /session/ee4ef4c40535e05b41317013d6b0695a/screenshot - {}
RESULT: {}
]]></system-out>
    </testcase>
    <testcase classname="chrome.136_0_7103_49.windows.Performance_based_billing_(work_days)_US139742" name="Should add a counter to the equipment" time="60.576">
      <system-out><![CDATA[
RESULT: undefined
COMMAND: POST /session/ee4ef4c40535e05b41317013d6b0695a/element - {"using":"xpath","value":"//*[@id=\"__tile39\"]"}
RESULT: {"using":"xpath","value":"//*[@id=\"__tile39\"]"}
COMMAND: POST /session/ee4ef4c40535e05b41317013d6b0695a/element/f.00329360D5A862BC98A13AE160565CE6.d.48F8EE2B1AC95836BC8FFF9CBA27CD36.e.10799/click - {}
RESULT: {}
COMMAND: POST /session/ee4ef4c40535e05b41317013d6b0695a/execute/async - {"script":"<script> [1562 bytes]","args":[{"selector":{"id":"application-manageresources-display-component---masterRU--smartFilterBar-btnBasicSearch","interaction":{"idSuffix":"I"}},"wdio_ui5_key":"applicationmanageresources-display-component---masterRU--smartFilterBar-btnBasicSearch"}]}
COMMAND: GET /session/ee4ef4c40535e05b41317013d6b0695a/screenshot - {}
RESULT: {"script":"<script> [1562 bytes]","args":[{"selector":{"id":"application-manageresources-display-component---masterRU--smartFilterBar-btnBasicSearch","interaction":{"idSuffix":"I"}},"wdio_ui5_key":"applicationmanageresources-display-component---masterRU--smartFilterBar-btnBasicSearch"}]}
RESULT: undefined
COMMAND: POST /session/ee4ef4c40535e05b41317013d6b0695a/execute/async - {"script":"<script> [776 bytes]","args":[{"enterText":"sFTcO2dSGv","selector":{"id":"application-manageresources-display-component---masterRU--smartFilterBar-btnBasicSearch","interaction":{"idSuffix":"I"}},"clearTextFirst":true,"interactionType":"ENTER_TEXT"}]}
RESULT: {}
RESULT: {"script":"<script> [776 bytes]","args":[{"enterText":"sFTcO2dSGv","selector":{"id":"application-manageresources-display-component---masterRU--smartFilterBar-btnBasicSearch","interaction":{"idSuffix":"I"}},"clearTextFirst":true,"interactionType":"ENTER_TEXT"}]}
COMMAND: POST /session/ee4ef4c40535e05b41317013d6b0695a/actions - {"actions":[{"id":"action56","type":"key","parameters":{},"actions":[{"type":"keyDown","value":"î€‡"},{"type":"pause","duration":10},{"type":"keyUp","value":"î€‡"}]}]}
RESULT: {"actions":[{"id":"action56","type":"key","parameters":{},"actions":[{"type":"keyDown","value":"î€‡"},{"type":"pause","duration":10},{"type":"keyUp","value":"î€‡"}]}]}
COMMAND: GET /session/ee4ef4c40535e05b41317013d6b0695a/screenshot - {}
RESULT: {}
COMMAND: POST /session/ee4ef4c40535e05b41317013d6b0695a/execute/async - {"script":"<script> [1562 bytes]","args":[{"selector":{"id":"application-manageresources-display-component---masterRU--smartTable-header"},"wdio_ui5_key":"applicationmanageresources-display-component---masterRU--smartTable-header"}]}
RESULT: {"script":"<script> [1562 bytes]","args":[{"selector":{"id":"application-manageresources-display-component---masterRU--smartTable-header"},"wdio_ui5_key":"applicationmanageresources-display-component---masterRU--smartTable-header"}]}
RESULT: undefined
COMMAND: POST /session/ee4ef4c40535e05b41317013d6b0695a/execute/async - {"script":"<script> [6424 bytes]","args":[{"element-6066-11e4-a52e-4f735466cecf":"f.00329360D5A862BC98A13AE160565CE6.d.48F8EE2B1AC95836BC8FFF9CBA27CD36.e.12356"},"getText",[]]}
RESULT: {"script":"<script> [6424 bytes]","args":[{"element-6066-11e4-a52e-4f735466cecf":"f.00329360D5A862BC98A13AE160565CE6.d.48F8EE2B1AC95836BC8FFF9CBA27CD36.e.12356"},"getText",[]]}
COMMAND: POST /session/ee4ef4c40535e05b41317013d6b0695a/execute/async - {"script":"<script> [1562 bytes]","args":[{"selector":{"controlType":"sap.ui.core.Icon","viewName":"etm.portal.ui.manageresources.view.Master","viewId":"application-manageresources-display-component---masterRU","properties":{"src":{"regex":{"source":"slim\\-arrow\\-right"}}}},"wdio_ui5_key":"etmportal.ui.manageresources.view.Mastersap.ui.core.Icon{\"src\":{\"regex\":{\"source\":\"slim\\\\-arrow\\\\-right\"}}}"}]}
RESULT: {"script":"<script> [1562 bytes]","args":[{"selector":{"controlType":"sap.ui.core.Icon","viewName":"etm.portal.ui.manageresources.view.Master","viewId":"application-manageresources-display-component---masterRU","properties":{"src":{"regex":{"source":"slim\\-arrow\\-right"}}}},"wdio_ui5_key":"etmportal.ui.manageresources.view.Mastersap.ui.core.Icon{\"src\":{\"regex\":{\"source\":\"slim\\\\-arrow\\\\-right\"}}}"}]}
RESULT: undefined
COMMAND: POST /session/ee4ef4c40535e05b41317013d6b0695a/element - {"using":"xpath","value":"//*[@id=\"__item813-__clone1928-imgNav\"]"}
RESULT: {"using":"xpath","value":"//*[@id=\"__item813-__clone1928-imgNav\"]"}
COMMAND: POST /session/ee4ef4c40535e05b41317013d6b0695a/element/f.00329360D5A862BC98A13AE160565CE6.d.48F8EE2B1AC95836BC8FFF9CBA27CD36.e.12355/click - {}
RESULT: {}
COMMAND: GET /session/ee4ef4c40535e05b41317013d6b0695a/screenshot - {}
COMMAND: POST /session/ee4ef4c40535e05b41317013d6b0695a/element - {"using":"xpath","value":"//bdi[contains(text(), \"Edit\")]"}
RESULT: {}
RESULT: {"using":"xpath","value":"//bdi[contains(text(), \"Edit\")]"}
COMMAND: POST /session/ee4ef4c40535e05b41317013d6b0695a/execute/sync - {"script":"<script> [8489 bytes]","args":[{"element-6066-11e4-a52e-4f735466cecf":"f.00329360D5A862BC98A13AE160565CE6.d.48F8EE2B1AC95836BC8FFF9CBA27CD36.e.12451","ELEMENT":"f.00329360D5A862BC98A13AE160565CE6.d.48F8EE2B1AC95836BC8FFF9CBA27CD36.e.12451"}]}
RESULT: {"script":"<script> [8489 bytes]","args":[{"element-6066-11e4-a52e-4f735466cecf":"f.00329360D5A862BC98A13AE160565CE6.d.48F8EE2B1AC95836BC8FFF9CBA27CD36.e.12451","ELEMENT":"f.00329360D5A862BC98A13AE160565CE6.d.48F8EE2B1AC95836BC8FFF9CBA27CD36.e.12451"}]}
COMMAND: POST /session/ee4ef4c40535e05b41317013d6b0695a/element/f.00329360D5A862BC98A13AE160565CE6.d.48F8EE2B1AC95836BC8FFF9CBA27CD36.e.12451/click - {}
COMMAND: GET /session/ee4ef4c40535e05b41317013d6b0695a/screenshot - {}
RESULT: {}
COMMAND: GET /session/ee4ef4c40535e05b41317013d6b0695a/screenshot - {}
RESULT: {}
COMMAND: POST /session/ee4ef4c40535e05b41317013d6b0695a/execute/async - {"script":"<script> [1562 bytes]","args":[{"selector":{"id":"application-manageresources-display-component---editResource--editRruPage-anchBar-application-manageresources-display-component---editResource--counters-anchor","interaction":{"idSuffix":"BDI-content"}},"wdio_ui5_key":"applicationmanageresources-display-component---editResource--editRruPage-anchBar-application-manageresources-display-component---editResource--counters-anchor"}]}
RESULT: {}
RESULT: {"script":"<script> [1562 bytes]","args":[{"selector":{"id":"application-manageresources-display-component---editResource--editRruPage-anchBar-application-manageresources-display-component---editResource--counters-anchor","interaction":{"idSuffix":"BDI-content"}},"wdio_ui5_key":"applicationmanageresources-display-component---editResource--editRruPage-anchBar-application-manageresources-display-component---editResource--counters-anchor"}]}
RESULT: undefined
COMMAND: POST /session/ee4ef4c40535e05b41317013d6b0695a/element - {"using":"xpath","value":"//*[@id=\"application-manageresources-display-component---editResource--editRruPage-anchBar-application-manageresources-display-component---editResource--counters-anchor\"]"}
RESULT: {"using":"xpath","value":"//*[@id=\"application-manageresources-display-component---editResource--editRruPage-anchBar-application-manageresources-display-component---editResource--counters-anchor\"]"}
COMMAND: POST /session/ee4ef4c40535e05b41317013d6b0695a/element/f.00329360D5A862BC98A13AE160565CE6.d.48F8EE2B1AC95836BC8FFF9CBA27CD36.e.12611/click - {}
RESULT: {}
COMMAND: GET /session/ee4ef4c40535e05b41317013d6b0695a/screenshot - {}
RESULT: {}
COMMAND: POST /session/ee4ef4c40535e05b41317013d6b0695a/execute/async - {"script":"<script> [1562 bytes]","args":[{"selector":{"id":"application-manageresources-display-component---editResource--btnAddCounter-img"},"wdio_ui5_key":"applicationmanageresources-display-component---editResource--btnAddCounter-img"}]}
RESULT: {"script":"<script> [1562 bytes]","args":[{"selector":{"id":"application-manageresources-display-component---editResource--btnAddCounter-img"},"wdio_ui5_key":"applicationmanageresources-display-component---editResource--btnAddCounter-img"}]}
RESULT: undefined
COMMAND: POST /session/ee4ef4c40535e05b41317013d6b0695a/element - {"using":"xpath","value":"//*[@id=\"application-manageresources-display-component---editResource--btnAddCounter-img\"]"}
RESULT: {"using":"xpath","value":"//*[@id=\"application-manageresources-display-component---editResource--btnAddCounter-img\"]"}
COMMAND: POST /session/ee4ef4c40535e05b41317013d6b0695a/element/f.00329360D5A862BC98A13AE160565CE6.d.48F8EE2B1AC95836BC8FFF9CBA27CD36.e.12616/click - {}
RESULT: {}
COMMAND: POST /session/ee4ef4c40535e05b41317013d6b0695a/execute/async - {"script":"<script> [1562 bytes]","args":[{"selector":{"id":"application-manageresources-display-component---editResource--COUNTER_ID-application-manageresources-display-component---editResource--RUCounters-0-arrow"},"wdio_ui5_key":"applicationmanageresources-display-component---editResource--COUNTER_ID-application-manageresources-display-component---editResource--RUCounters-0-arrow"}]}
COMMAND: GET /session/ee4ef4c40535e05b41317013d6b0695a/screenshot - {}
RESULT: {"script":"<script> [1562 bytes]","args":[{"selector":{"id":"application-manageresources-display-component---editResource--COUNTER_ID-application-manageresources-display-component---editResource--RUCounters-0-arrow"},"wdio_ui5_key":"applicationmanageresources-display-component---editResource--COUNTER_ID-application-manageresources-display-component---editResource--RUCounters-0-arrow"}]}
RESULT: undefined
COMMAND: POST /session/ee4ef4c40535e05b41317013d6b0695a/element - {"using":"xpath","value":"//*[@id=\"application-manageresources-display-component---editResource--COUNTER_ID-application-manageresources-display-component---editResource--RUCounters-0-arrow\"]"}
RESULT: {}
RESULT: {"using":"xpath","value":"//*[@id=\"application-manageresources-display-component---editResource--COUNTER_ID-application-manageresources-display-component---editResource--RUCounters-0-arrow\"]"}
COMMAND: POST /session/ee4ef4c40535e05b41317013d6b0695a/element/f.00329360D5A862BC98A13AE160565CE6.d.48F8EE2B1AC95836BC8FFF9CBA27CD36.e.12629/click - {}
RESULT: {}
COMMAND: POST /session/ee4ef4c40535e05b41317013d6b0695a/execute/async - {"script":"<script> [1562 bytes]","args":[{"selector":{"controlType":"sap.m.StandardListItem","viewName":"etm.portal.ui.manageresources.view.EditResource","viewId":"application-manageresources-display-component---editResource","properties":{"title":"fuel"},"searchOpenDialogs":true,"interaction":{"idSuffix":"content"}},"wdio_ui5_key":"etmportal.ui.manageresources.view.EditResourcesap.m.StandardListItem{\"title\":\"fuel\"}"}]}
COMMAND: GET /session/ee4ef4c40535e05b41317013d6b0695a/screenshot - {}
RESULT: {"script":"<script> [1562 bytes]","args":[{"selector":{"controlType":"sap.m.StandardListItem","viewName":"etm.portal.ui.manageresources.view.EditResource","viewId":"application-manageresources-display-component---editResource","properties":{"title":"fuel"},"searchOpenDialogs":true,"interaction":{"idSuffix":"content"}},"wdio_ui5_key":"etmportal.ui.manageresources.view.EditResourcesap.m.StandardListItem{\"title\":\"fuel\"}"}]}
RESULT: undefined
COMMAND: POST /session/ee4ef4c40535e05b41317013d6b0695a/element - {"using":"xpath","value":"//*[@id=\"__item1093\"]"}
RESULT: {}
RESULT: {"using":"xpath","value":"//*[@id=\"__item1093\"]"}
COMMAND: POST /session/ee4ef4c40535e05b41317013d6b0695a/element/f.00329360D5A862BC98A13AE160565CE6.d.48F8EE2B1AC95836BC8FFF9CBA27CD36.e.12631/click - {}
RESULT: {}
COMMAND: POST /session/ee4ef4c40535e05b41317013d6b0695a/execute/async - {"script":"<script> [1562 bytes]","args":[{"selector":{"controlType":"sap.m.Button","viewName":"etm.portal.ui.manageresources.view.EditResource","viewId":"application-manageresources-display-component---editResource","i18NText":{"propertyName":"text","key":"save"},"interaction":{"idSuffix":"BDI-content"}},"wdio_ui5_key":"etmportal.ui.manageresources.view.EditResourcesap.m.Button{\"propertyName\":\"text\",\"key\":\"save\"}"}]}
COMMAND: GET /session/ee4ef4c40535e05b41317013d6b0695a/screenshot - {}
RESULT: {"script":"<script> [1562 bytes]","args":[{"selector":{"controlType":"sap.m.Button","viewName":"etm.portal.ui.manageresources.view.EditResource","viewId":"application-manageresources-display-component---editResource","i18NText":{"propertyName":"text","key":"save"},"interaction":{"idSuffix":"BDI-content"}},"wdio_ui5_key":"etmportal.ui.manageresources.view.EditResourcesap.m.Button{\"propertyName\":\"text\",\"key\":\"save\"}"}]}
RESULT: undefined
COMMAND: POST /session/ee4ef4c40535e05b41317013d6b0695a/element - {"using":"xpath","value":"//*[@id=\"__button186\"]"}
RESULT: {}
RESULT: {"using":"xpath","value":"//*[@id=\"__button186\"]"}
COMMAND: POST /session/ee4ef4c40535e05b41317013d6b0695a/element/f.00329360D5A862BC98A13AE160565CE6.d.48F8EE2B1AC95836BC8FFF9CBA27CD36.e.12633/click - {}
RESULT: {}
COMMAND: GET /session/ee4ef4c40535e05b41317013d6b0695a/screenshot - {}
RESULT: {}
COMMAND: POST /session/ee4ef4c40535e05b41317013d6b0695a/element - {"using":"css selector","value":"#shell-header-logo"}
RESULT: {"using":"css selector","value":"#shell-header-logo"}
COMMAND: POST /session/ee4ef4c40535e05b41317013d6b0695a/element/f.00329360D5A862BC98A13AE160565CE6.d.48F8EE2B1AC95836BC8FFF9CBA27CD36.e.12173/click - {}
RESULT: {}
COMMAND: GET /session/ee4ef4c40535e05b41317013d6b0695a/screenshot - {}
RESULT: {}
]]></system-out>
    </testcase>
  </testsuite>
  <testsuite timestamp="2025-05-14T06:56:01" time="1118.298" tests="20" failures="14" errors="14" skipped="0">
    <properties>
      <property name="specId" value="0" />
      <property name="suiteName" value="Billing Calculation - Time based (considering transport times) US139738" />
      <property name="capabilities" value="chrome.136_0_7103_49.windows" />
      <property name="file" value="file:///D:/a/1/s/test/specs/BTS/billing-calculation-transp-times.spec.js" />
    </properties>
    <testcase classname="chrome.136_0_7103_49.windows.Billing_Calculation_-_Time_based_(considering_transport_times)_US139738" name="Should create a new yard" time="0.021">
      <system-out><![CDATA[
COMMAND: POST /session/ee4ef4c40535e05b41317013d6b0695a/window/fullscreen - {}
RESULT: {}
]]></system-out>
    </testcase>
    <testcase classname="chrome.136_0_7103_49.windows.Billing_Calculation_-_Time_based_(considering_transport_times)_US139738" name="Should create a new partner" time="0.004" />
    <testcase classname="chrome.136_0_7103_49.windows.Billing_Calculation_-_Time_based_(considering_transport_times)_US139738" name="Should create a new site" time="0.004" />
    <testcase classname="chrome.136_0_7103_49.windows.Billing_Calculation_-_Time_based_(considering_transport_times)_US139738" name="Should create the equipment" time="135.289">
      <system-out><![CDATA[
COMMAND: POST /session/ee4ef4c40535e05b41317013d6b0695a/execute/async - {"script":"<script> [1562 bytes]","args":[{"selector":{"controlType":"sap.m.GenericTile","properties":{"header":"Manage Resources"}},"wdio_ui5_key":"sapm.GenericTile{\"header\":\"Manage Resources\"}"}]}
RESULT: {"script":"<script> [1562 bytes]","args":[{"selector":{"controlType":"sap.m.GenericTile","properties":{"header":"Manage Resources"}},"wdio_ui5_key":"sapm.GenericTile{\"header\":\"Manage Resources\"}"}]}
RESULT: undefined
COMMAND: POST /session/ee4ef4c40535e05b41317013d6b0695a/element - {"using":"xpath","value":"//*[@id=\"__tile39\"]"}
RESULT: {"using":"xpath","value":"//*[@id=\"__tile39\"]"}
COMMAND: POST /session/ee4ef4c40535e05b41317013d6b0695a/element/f.00329360D5A862BC98A13AE160565CE6.d.ACE617313F31835C9AD56FA0AB68FD69.e.13396/click - {}
RESULT: {}
COMMAND: POST /session/ee4ef4c40535e05b41317013d6b0695a/element - {"using":"xpath","value":"//button[@data-kt=\"addNewRUOverflowToolbarButton\"]"}
COMMAND: GET /session/ee4ef4c40535e05b41317013d6b0695a/screenshot - {}
RESULT: {"using":"xpath","value":"//button[@data-kt=\"addNewRUOverflowToolbarButton\"]"}
COMMAND: POST /session/ee4ef4c40535e05b41317013d6b0695a/elements - {"using":"xpath","value":"//button[@data-kt=\"addNewRUOverflowToolbarButton\"]"}
RESULT: {}
RESULT: {"using":"xpath","value":"//button[@data-kt=\"addNewRUOverflowToolbarButton\"]"}
COMMAND: POST /session/ee4ef4c40535e05b41317013d6b0695a/elements - {"using":"xpath","value":"//button[@data-kt=\"addNewRUOverflowToolbarButton\"]"}
RESULT: {"using":"xpath","value":"//button[@data-kt=\"addNewRUOverflowToolbarButton\"]"}
COMMAND: POST /session/ee4ef4c40535e05b41317013d6b0695a/elements - {"using":"xpath","value":"//button[@data-kt=\"addNewRUOverflowToolbarButton\"]"}
RESULT: {"using":"xpath","value":"//button[@data-kt=\"addNewRUOverflowToolbarButton\"]"}
COMMAND: POST /session/ee4ef4c40535e05b41317013d6b0695a/elements - {"using":"xpath","value":"//button[@data-kt=\"addNewRUOverflowToolbarButton\"]"}
RESULT: {"using":"xpath","value":"//button[@data-kt=\"addNewRUOverflowToolbarButton\"]"}
COMMAND: POST /session/ee4ef4c40535e05b41317013d6b0695a/elements - {"using":"xpath","value":"//button[@data-kt=\"addNewRUOverflowToolbarButton\"]"}
RESULT: {"using":"xpath","value":"//button[@data-kt=\"addNewRUOverflowToolbarButton\"]"}
COMMAND: POST /session/ee4ef4c40535e05b41317013d6b0695a/elements - {"using":"xpath","value":"//button[@data-kt=\"addNewRUOverflowToolbarButton\"]"}
RESULT: {"using":"xpath","value":"//button[@data-kt=\"addNewRUOverflowToolbarButton\"]"}
COMMAND: POST /session/ee4ef4c40535e05b41317013d6b0695a/elements - {"using":"xpath","value":"//button[@data-kt=\"addNewRUOverflowToolbarButton\"]"}
RESULT: {"using":"xpath","value":"//button[@data-kt=\"addNewRUOverflowToolbarButton\"]"}
COMMAND: POST /session/ee4ef4c40535e05b41317013d6b0695a/elements - {"using":"xpath","value":"//button[@data-kt=\"addNewRUOverflowToolbarButton\"]"}
RESULT: {"using":"xpath","value":"//button[@data-kt=\"addNewRUOverflowToolbarButton\"]"}
COMMAND: POST /session/ee4ef4c40535e05b41317013d6b0695a/elements - {"using":"xpath","value":"//button[@data-kt=\"addNewRUOverflowToolbarButton\"]"}
RESULT: {"using":"xpath","value":"//button[@data-kt=\"addNewRUOverflowToolbarButton\"]"}
COMMAND: POST /session/ee4ef4c40535e05b41317013d6b0695a/elements - {"using":"xpath","value":"//button[@data-kt=\"addNewRUOverflowToolbarButton\"]"}
RESULT: {"using":"xpath","value":"//button[@data-kt=\"addNewRUOverflowToolbarButton\"]"}
COMMAND: POST /session/ee4ef4c40535e05b41317013d6b0695a/elements - {"using":"xpath","value":"//button[@data-kt=\"addNewRUOverflowToolbarButton\"]"}
RESULT: {"using":"xpath","value":"//button[@data-kt=\"addNewRUOverflowToolbarButton\"]"}
COMMAND: POST /session/ee4ef4c40535e05b41317013d6b0695a/elements - {"using":"xpath","value":"//button[@data-kt=\"addNewRUOverflowToolbarButton\"]"}
RESULT: {"using":"xpath","value":"//button[@data-kt=\"addNewRUOverflowToolbarButton\"]"}
COMMAND: POST /session/ee4ef4c40535e05b41317013d6b0695a/elements - {"using":"xpath","value":"//button[@data-kt=\"addNewRUOverflowToolbarButton\"]"}
RESULT: {"using":"xpath","value":"//button[@data-kt=\"addNewRUOverflowToolbarButton\"]"}
COMMAND: POST /session/ee4ef4c40535e05b41317013d6b0695a/elements - {"using":"xpath","value":"//button[@data-kt=\"addNewRUOverflowToolbarButton\"]"}
RESULT: {"using":"xpath","value":"//button[@data-kt=\"addNewRUOverflowToolbarButton\"]"}
COMMAND: POST /session/ee4ef4c40535e05b41317013d6b0695a/elements - {"using":"xpath","value":"//button[@data-kt=\"addNewRUOverflowToolbarButton\"]"}
RESULT: {"using":"xpath","value":"//button[@data-kt=\"addNewRUOverflowToolbarButton\"]"}
COMMAND: POST /session/ee4ef4c40535e05b41317013d6b0695a/elements - {"using":"xpath","value":"//button[@data-kt=\"addNewRUOverflowToolbarButton\"]"}
RESULT: {"using":"xpath","value":"//button[@data-kt=\"addNewRUOverflowToolbarButton\"]"}
COMMAND: POST /session/ee4ef4c40535e05b41317013d6b0695a/elements - {"using":"xpath","value":"//button[@data-kt=\"addNewRUOverflowToolbarButton\"]"}
RESULT: {"using":"xpath","value":"//button[@data-kt=\"addNewRUOverflowToolbarButton\"]"}
COMMAND: POST /session/ee4ef4c40535e05b41317013d6b0695a/elements - {"using":"xpath","value":"//button[@data-kt=\"addNewRUOverflowToolbarButton\"]"}
RESULT: {"using":"xpath","value":"//button[@data-kt=\"addNewRUOverflowToolbarButton\"]"}
COMMAND: POST /session/ee4ef4c40535e05b41317013d6b0695a/elements - {"using":"xpath","value":"//button[@data-kt=\"addNewRUOverflowToolbarButton\"]"}
RESULT: {"using":"xpath","value":"//button[@data-kt=\"addNewRUOverflowToolbarButton\"]"}
COMMAND: POST /session/ee4ef4c40535e05b41317013d6b0695a/elements - {"using":"xpath","value":"//button[@data-kt=\"addNewRUOverflowToolbarButton\"]"}
RESULT: {"using":"xpath","value":"//button[@data-kt=\"addNewRUOverflowToolbarButton\"]"}
COMMAND: POST /session/ee4ef4c40535e05b41317013d6b0695a/elements - {"using":"xpath","value":"//button[@data-kt=\"addNewRUOverflowToolbarButton\"]"}
RESULT: {"using":"xpath","value":"//button[@data-kt=\"addNewRUOverflowToolbarButton\"]"}
COMMAND: POST /session/ee4ef4c40535e05b41317013d6b0695a/elements - {"using":"xpath","value":"//button[@data-kt=\"addNewRUOverflowToolbarButton\"]"}
RESULT: {"using":"xpath","value":"//button[@data-kt=\"addNewRUOverflowToolbarButton\"]"}
COMMAND: POST /session/ee4ef4c40535e05b41317013d6b0695a/elements - {"using":"xpath","value":"//button[@data-kt=\"addNewRUOverflowToolbarButton\"]"}
RESULT: {"using":"xpath","value":"//button[@data-kt=\"addNewRUOverflowToolbarButton\"]"}
COMMAND: POST /session/ee4ef4c40535e05b41317013d6b0695a/elements - {"using":"xpath","value":"//button[@data-kt=\"addNewRUOverflowToolbarButton\"]"}
RESULT: {"using":"xpath","value":"//button[@data-kt=\"addNewRUOverflowToolbarButton\"]"}
COMMAND: POST /session/ee4ef4c40535e05b41317013d6b0695a/elements - {"using":"xpath","value":"//button[@data-kt=\"addNewRUOverflowToolbarButton\"]"}
RESULT: {"using":"xpath","value":"//button[@data-kt=\"addNewRUOverflowToolbarButton\"]"}
COMMAND: POST /session/ee4ef4c40535e05b41317013d6b0695a/elements - {"using":"xpath","value":"//button[@data-kt=\"addNewRUOverflowToolbarButton\"]"}
RESULT: {"using":"xpath","value":"//button[@data-kt=\"addNewRUOverflowToolbarButton\"]"}
COMMAND: POST /session/ee4ef4c40535e05b41317013d6b0695a/elements - {"using":"xpath","value":"//button[@data-kt=\"addNewRUOverflowToolbarButton\"]"}
RESULT: {"using":"xpath","value":"//button[@data-kt=\"addNewRUOverflowToolbarButton\"]"}
COMMAND: POST /session/ee4ef4c40535e05b41317013d6b0695a/elements - {"using":"xpath","value":"//button[@data-kt=\"addNewRUOverflowToolbarButton\"]"}
RESULT: {"using":"xpath","value":"//button[@data-kt=\"addNewRUOverflowToolbarButton\"]"}
COMMAND: POST /session/ee4ef4c40535e05b41317013d6b0695a/elements - {"using":"xpath","value":"//button[@data-kt=\"addNewRUOverflowToolbarButton\"]"}
RESULT: {"using":"xpath","value":"//button[@data-kt=\"addNewRUOverflowToolbarButton\"]"}
COMMAND: POST /session/ee4ef4c40535e05b41317013d6b0695a/elements - {"using":"xpath","value":"//button[@data-kt=\"addNewRUOverflowToolbarButton\"]"}
RESULT: {"using":"xpath","value":"//button[@data-kt=\"addNewRUOverflowToolbarButton\"]"}
COMMAND: POST /session/ee4ef4c40535e05b41317013d6b0695a/elements - {"using":"xpath","value":"//button[@data-kt=\"addNewRUOverflowToolbarButton\"]"}
RESULT: {"using":"xpath","value":"//button[@data-kt=\"addNewRUOverflowToolbarButton\"]"}
COMMAND: POST /session/ee4ef4c40535e05b41317013d6b0695a/elements - {"using":"xpath","value":"//button[@data-kt=\"addNewRUOverflowToolbarButton\"]"}
RESULT: {"using":"xpath","value":"//button[@data-kt=\"addNewRUOverflowToolbarButton\"]"}
COMMAND: POST /session/ee4ef4c40535e05b41317013d6b0695a/elements - {"using":"xpath","value":"//button[@data-kt=\"addNewRUOverflowToolbarButton\"]"}
RESULT: {"using":"xpath","value":"//button[@data-kt=\"addNewRUOverflowToolbarButton\"]"}
COMMAND: POST /session/ee4ef4c40535e05b41317013d6b0695a/elements - {"using":"xpath","value":"//button[@data-kt=\"addNewRUOverflowToolbarButton\"]"}
RESULT: {"using":"xpath","value":"//button[@data-kt=\"addNewRUOverflowToolbarButton\"]"}
COMMAND: POST /session/ee4ef4c40535e05b41317013d6b0695a/elements - {"using":"xpath","value":"//button[@data-kt=\"addNewRUOverflowToolbarButton\"]"}
RESULT: {"using":"xpath","value":"//button[@data-kt=\"addNewRUOverflowToolbarButton\"]"}
COMMAND: POST /session/ee4ef4c40535e05b41317013d6b0695a/elements - {"using":"xpath","value":"//button[@data-kt=\"addNewRUOverflowToolbarButton\"]"}
RESULT: {"using":"xpath","value":"//button[@data-kt=\"addNewRUOverflowToolbarButton\"]"}
COMMAND: POST /session/ee4ef4c40535e05b41317013d6b0695a/elements - {"using":"xpath","value":"//button[@data-kt=\"addNewRUOverflowToolbarButton\"]"}
RESULT: {"using":"xpath","value":"//button[@data-kt=\"addNewRUOverflowToolbarButton\"]"}
COMMAND: POST /session/ee4ef4c40535e05b41317013d6b0695a/elements - {"using":"xpath","value":"//button[@data-kt=\"addNewRUOverflowToolbarButton\"]"}
RESULT: {"using":"xpath","value":"//button[@data-kt=\"addNewRUOverflowToolbarButton\"]"}
COMMAND: POST /session/ee4ef4c40535e05b41317013d6b0695a/elements - {"using":"xpath","value":"//button[@data-kt=\"addNewRUOverflowToolbarButton\"]"}
RESULT: {"using":"xpath","value":"//button[@data-kt=\"addNewRUOverflowToolbarButton\"]"}
COMMAND: POST /session/ee4ef4c40535e05b41317013d6b0695a/elements - {"using":"xpath","value":"//button[@data-kt=\"addNewRUOverflowToolbarButton\"]"}
RESULT: {"using":"xpath","value":"//button[@data-kt=\"addNewRUOverflowToolbarButton\"]"}
COMMAND: POST /session/ee4ef4c40535e05b41317013d6b0695a/elements - {"using":"xpath","value":"//button[@data-kt=\"addNewRUOverflowToolbarButton\"]"}
RESULT: {"using":"xpath","value":"//button[@data-kt=\"addNewRUOverflowToolbarButton\"]"}
COMMAND: POST /session/ee4ef4c40535e05b41317013d6b0695a/elements - {"using":"xpath","value":"//button[@data-kt=\"addNewRUOverflowToolbarButton\"]"}
RESULT: {"using":"xpath","value":"//button[@data-kt=\"addNewRUOverflowToolbarButton\"]"}
COMMAND: POST /session/ee4ef4c40535e05b41317013d6b0695a/element - {"using":"xpath","value":"//button[@data-kt=\"addNewRUOverflowToolbarButton\"]"}
RESULT: {"using":"xpath","value":"//button[@data-kt=\"addNewRUOverflowToolbarButton\"]"}
COMMAND: POST /session/ee4ef4c40535e05b41317013d6b0695a/execute/sync - {"script":"<script> [8489 bytes]","args":[{"element-6066-11e4-a52e-4f735466cecf":"f.00329360D5A862BC98A13AE160565CE6.d.ACE617313F31835C9AD56FA0AB68FD69.e.13528","ELEMENT":"f.00329360D5A862BC98A13AE160565CE6.d.ACE617313F31835C9AD56FA0AB68FD69.e.13528"}]}
RESULT: {"script":"<script> [8489 bytes]","args":[{"element-6066-11e4-a52e-4f735466cecf":"f.00329360D5A862BC98A13AE160565CE6.d.ACE617313F31835C9AD56FA0AB68FD69.e.13528","ELEMENT":"f.00329360D5A862BC98A13AE160565CE6.d.ACE617313F31835C9AD56FA0AB68FD69.e.13528"}]}
COMMAND: GET /session/ee4ef4c40535e05b41317013d6b0695a/element/f.00329360D5A862BC98A13AE160565CE6.d.ACE617313F31835C9AD56FA0AB68FD69.e.13528/enabled - {}
COMMAND: GET /session/ee4ef4c40535e05b41317013d6b0695a/screenshot - {}
RESULT: {}
COMMAND: POST /session/ee4ef4c40535e05b41317013d6b0695a/execute/sync - {"script":"<script> [8489 bytes]","args":[{"element-6066-11e4-a52e-4f735466cecf":"f.00329360D5A862BC98A13AE160565CE6.d.ACE617313F31835C9AD56FA0AB68FD69.e.13528","ELEMENT":"f.00329360D5A862BC98A13AE160565CE6.d.ACE617313F31835C9AD56FA0AB68FD69.e.13528"}]}
COMMAND: GET /session/ee4ef4c40535e05b41317013d6b0695a/screenshot - {}
RESULT: {}
RESULT: {"script":"<script> [8489 bytes]","args":[{"element-6066-11e4-a52e-4f735466cecf":"f.00329360D5A862BC98A13AE160565CE6.d.ACE617313F31835C9AD56FA0AB68FD69.e.13528","ELEMENT":"f.00329360D5A862BC98A13AE160565CE6.d.ACE617313F31835C9AD56FA0AB68FD69.e.13528"}]}
COMMAND: POST /session/ee4ef4c40535e05b41317013d6b0695a/execute/sync - {"script":"<script> [5351 bytes]","args":[{"element-6066-11e4-a52e-4f735466cecf":"f.00329360D5A862BC98A13AE160565CE6.d.ACE617313F31835C9AD56FA0AB68FD69.e.13528","ELEMENT":"f.00329360D5A862BC98A13AE160565CE6.d.ACE617313F31835C9AD56FA0AB68FD69.e.13528"}]}
COMMAND: GET /session/ee4ef4c40535e05b41317013d6b0695a/screenshot - {}
RESULT: {}
RESULT: {"script":"<script> [5351 bytes]","args":[{"element-6066-11e4-a52e-4f735466cecf":"f.00329360D5A862BC98A13AE160565CE6.d.ACE617313F31835C9AD56FA0AB68FD69.e.13528","ELEMENT":"f.00329360D5A862BC98A13AE160565CE6.d.ACE617313F31835C9AD56FA0AB68FD69.e.13528"}]}
COMMAND: POST /session/ee4ef4c40535e05b41317013d6b0695a/element/f.00329360D5A862BC98A13AE160565CE6.d.ACE617313F31835C9AD56FA0AB68FD69.e.13528/click - {}
COMMAND: GET /session/ee4ef4c40535e05b41317013d6b0695a/screenshot - {}
RESULT: {}
RESULT: {}
COMMAND: GET /session/ee4ef4c40535e05b41317013d6b0695a/screenshot - {}
RESULT: {}
RESULT: {}
COMMAND: POST /session/ee4ef4c40535e05b41317013d6b0695a/execute/async - {"script":"<script> [1562 bytes]","args":[{"selector":{"id":"application-manageresources-display-component---newResourceUnit--TYPE-arrow"},"wdio_ui5_key":"applicationmanageresources-display-component---newResourceUnit--TYPE-arrow"}]}
RESULT: {"script":"<script> [1562 bytes]","args":[{"selector":{"id":"application-manageresources-display-component---newResourceUnit--TYPE-arrow"},"wdio_ui5_key":"applicationmanageresources-display-component---newResourceUnit--TYPE-arrow"}]}
RESULT: undefined
COMMAND: POST /session/ee4ef4c40535e05b41317013d6b0695a/element - {"using":"xpath","value":"//*[@id=\"application-manageresources-display-component---newResourceUnit--TYPE-arrow\"]"}
RESULT: {"using":"xpath","value":"//*[@id=\"application-manageresources-display-component---newResourceUnit--TYPE-arrow\"]"}
COMMAND: POST /session/ee4ef4c40535e05b41317013d6b0695a/element/f.00329360D5A862BC98A13AE160565CE6.d.ACE617313F31835C9AD56FA0AB68FD69.e.13884/click - {}
RESULT: {}
COMMAND: POST /session/ee4ef4c40535e05b41317013d6b0695a/element - {"using":"xpath","value":"//input[@id=\"application-manageresources-display-component---newResourceUnit--TYPE-inner\"]"}
COMMAND: GET /session/ee4ef4c40535e05b41317013d6b0695a/screenshot - {}
RESULT: {"using":"xpath","value":"//input[@id=\"application-manageresources-display-component---newResourceUnit--TYPE-inner\"]"}
COMMAND: POST /session/ee4ef4c40535e05b41317013d6b0695a/element/f.00329360D5A862BC98A13AE160565CE6.d.ACE617313F31835C9AD56FA0AB68FD69.e.13880/clear - {}
RESULT: {}
RESULT: {}
COMMAND: POST /session/ee4ef4c40535e05b41317013d6b0695a/element/f.00329360D5A862BC98A13AE160565CE6.d.ACE617313F31835C9AD56FA0AB68FD69.e.13880/value - {"text":"Equipment"}
COMMAND: GET /session/ee4ef4c40535e05b41317013d6b0695a/screenshot - {}
RESULT: {"text":"Equipment"}
COMMAND: GET /session/ee4ef4c40535e05b41317013d6b0695a/screenshot - {}
RESULT: {}
RESULT: {}
COMMAND: POST /session/ee4ef4c40535e05b41317013d6b0695a/actions - {"actions":[{"id":"action59","type":"key","parameters":{},"actions":[{"type":"keyDown","value":"î€‡"},{"type":"pause","duration":10},{"type":"keyUp","value":"î€‡"}]}]}
RESULT: {"actions":[{"id":"action59","type":"key","parameters":{},"actions":[{"type":"keyDown","value":"î€‡"},{"type":"pause","duration":10},{"type":"keyUp","value":"î€‡"}]}]}
COMMAND: POST /session/ee4ef4c40535e05b41317013d6b0695a/execute/async - {"script":"<script> [1562 bytes]","args":[{"selector":{"id":"application-manageresources-display-component---newResourceUnit--resourceId","interaction":{"idSuffix":"inner"}},"wdio_ui5_key":"applicationmanageresources-display-component---newResourceUnit--resourceId"}]}
COMMAND: GET /session/ee4ef4c40535e05b41317013d6b0695a/screenshot - {}
RESULT: {"script":"<script> [1562 bytes]","args":[{"selector":{"id":"application-manageresources-display-component---newResourceUnit--resourceId","interaction":{"idSuffix":"inner"}},"wdio_ui5_key":"applicationmanageresources-display-component---newResourceUnit--resourceId"}]}
RESULT: undefined
COMMAND: POST /session/ee4ef4c40535e05b41317013d6b0695a/execute/async - {"script":"<script> [776 bytes]","args":[{"enterText":"EzqzfA7uU9","selector":{"id":"application-manageresources-display-component---newResourceUnit--resourceId","interaction":{"idSuffix":"inner"}},"clearTextFirst":true,"interactionType":"ENTER_TEXT"}]}
RESULT: {}
RESULT: {"script":"<script> [776 bytes]","args":[{"enterText":"EzqzfA7uU9","selector":{"id":"application-manageresources-display-component---newResourceUnit--resourceId","interaction":{"idSuffix":"inner"}},"clearTextFirst":true,"interactionType":"ENTER_TEXT"}]}
COMMAND: POST /session/ee4ef4c40535e05b41317013d6b0695a/execute/async - {"script":"<script> [1562 bytes]","args":[{"selector":{"id":"application-manageresources-display-component---newResourceUnit--SHORT_TEXT","interaction":{"idSuffix":"inner"}},"wdio_ui5_key":"applicationmanageresources-display-component---newResourceUnit--SHORT_TEXT"}]}
RESULT: {"script":"<script> [1562 bytes]","args":[{"selector":{"id":"application-manageresources-display-component---newResourceUnit--SHORT_TEXT","interaction":{"idSuffix":"inner"}},"wdio_ui5_key":"applicationmanageresources-display-component---newResourceUnit--SHORT_TEXT"}]}
RESULT: undefined
COMMAND: POST /session/ee4ef4c40535e05b41317013d6b0695a/execute/async - {"script":"<script> [776 bytes]","args":[{"enterText":"Intercompany Equipment WDIO","selector":{"id":"application-manageresources-display-component---newResourceUnit--SHORT_TEXT","interaction":{"idSuffix":"inner"}},"clearTextFirst":true,"interactionType":"ENTER_TEXT"}]}
RESULT: {"script":"<script> [776 bytes]","args":[{"enterText":"Intercompany Equipment WDIO","selector":{"id":"application-manageresources-display-component---newResourceUnit--SHORT_TEXT","interaction":{"idSuffix":"inner"}},"clearTextFirst":true,"interactionType":"ENTER_TEXT"}]}
COMMAND: POST /session/ee4ef4c40535e05b41317013d6b0695a/execute/async - {"script":"<script> [1562 bytes]","args":[{"selector":{"id":"application-manageresources-display-component---newResourceUnit--BASE_UNIT_OF_MEASURE","interaction":{"idSuffix":"inner"}},"wdio_ui5_key":"applicationmanageresources-display-component---newResourceUnit--BASE_UNIT_OF_MEASURE"}]}
RESULT: {"script":"<script> [1562 bytes]","args":[{"selector":{"id":"application-manageresources-display-component---newResourceUnit--BASE_UNIT_OF_MEASURE","interaction":{"idSuffix":"inner"}},"wdio_ui5_key":"applicationmanageresources-display-component---newResourceUnit--BASE_UNIT_OF_MEASURE"}]}
RESULT: undefined
COMMAND: POST /session/ee4ef4c40535e05b41317013d6b0695a/execute/async - {"script":"<script> [776 bytes]","args":[{"enterText":"Piece","selector":{"id":"application-manageresources-display-component---newResourceUnit--BASE_UNIT_OF_MEASURE","interaction":{"idSuffix":"inner"}},"clearTextFirst":true,"interactionType":"ENTER_TEXT"}]}
RESULT: {"script":"<script> [776 bytes]","args":[{"enterText":"Piece","selector":{"id":"application-manageresources-display-component---newResourceUnit--BASE_UNIT_OF_MEASURE","interaction":{"idSuffix":"inner"}},"clearTextFirst":true,"interactionType":"ENTER_TEXT"}]}
COMMAND: POST /session/ee4ef4c40535e05b41317013d6b0695a/execute/async - {"script":"<script> [1562 bytes]","args":[{"selector":{"id":"application-manageresources-display-component---newResourceUnit--WEIGHT_UNIT","interaction":{"idSuffix":"inner"}},"wdio_ui5_key":"applicationmanageresources-display-component---newResourceUnit--WEIGHT_UNIT"}]}
RESULT: {"script":"<script> [1562 bytes]","args":[{"selector":{"id":"application-manageresources-display-component---newResourceUnit--WEIGHT_UNIT","interaction":{"idSuffix":"inner"}},"wdio_ui5_key":"applicationmanageresources-display-component---newResourceUnit--WEIGHT_UNIT"}]}
RESULT: undefined
COMMAND: POST /session/ee4ef4c40535e05b41317013d6b0695a/execute/async - {"script":"<script> [776 bytes]","args":[{"enterText":"Gram","selector":{"id":"application-manageresources-display-component---newResourceUnit--WEIGHT_UNIT","interaction":{"idSuffix":"inner"}},"clearTextFirst":true,"interactionType":"ENTER_TEXT"}]}
RESULT: {"script":"<script> [776 bytes]","args":[{"enterText":"Gram","selector":{"id":"application-manageresources-display-component---newResourceUnit--WEIGHT_UNIT","interaction":{"idSuffix":"inner"}},"clearTextFirst":true,"interactionType":"ENTER_TEXT"}]}
COMMAND: POST /session/ee4ef4c40535e05b41317013d6b0695a/execute/async - {"script":"<script> [1562 bytes]","args":[{"selector":{"id":"application-manageresources-display-component---newResourceUnit--DIMENSION_UNIT","interaction":{"idSuffix":"inner"}},"wdio_ui5_key":"applicationmanageresources-display-component---newResourceUnit--DIMENSION_UNIT"}]}
RESULT: {"script":"<script> [1562 bytes]","args":[{"selector":{"id":"application-manageresources-display-component---newResourceUnit--DIMENSION_UNIT","interaction":{"idSuffix":"inner"}},"wdio_ui5_key":"applicationmanageresources-display-component---newResourceUnit--DIMENSION_UNIT"}]}
RESULT: undefined
COMMAND: POST /session/ee4ef4c40535e05b41317013d6b0695a/execute/async - {"script":"<script> [776 bytes]","args":[{"enterText":"Meter","selector":{"id":"application-manageresources-display-component---newResourceUnit--DIMENSION_UNIT","interaction":{"idSuffix":"inner"}},"clearTextFirst":true,"interactionType":"ENTER_TEXT"}]}
RESULT: {"script":"<script> [776 bytes]","args":[{"enterText":"Meter","selector":{"id":"application-manageresources-display-component---newResourceUnit--DIMENSION_UNIT","interaction":{"idSuffix":"inner"}},"clearTextFirst":true,"interactionType":"ENTER_TEXT"}]}
COMMAND: POST /session/ee4ef4c40535e05b41317013d6b0695a/execute/async - {"script":"<script> [1562 bytes]","args":[{"selector":{"id":"application-manageresources-display-component---newResourceUnit--newRRUPage-anchBar-application-manageresources-display-component---newResourceUnit--control-anchor","interaction":{"idSuffix":"BDI-content"}},"wdio_ui5_key":"applicationmanageresources-display-component---newResourceUnit--newRRUPage-anchBar-application-manageresources-display-component---newResourceUnit--control-anchor"}]}
RESULT: {"script":"<script> [1562 bytes]","args":[{"selector":{"id":"application-manageresources-display-component---newResourceUnit--newRRUPage-anchBar-application-manageresources-display-component---newResourceUnit--control-anchor","interaction":{"idSuffix":"BDI-content"}},"wdio_ui5_key":"applicationmanageresources-display-component---newResourceUnit--newRRUPage-anchBar-application-manageresources-display-component---newResourceUnit--control-anchor"}]}
RESULT: undefined
COMMAND: POST /session/ee4ef4c40535e05b41317013d6b0695a/element - {"using":"xpath","value":"//*[@id=\"application-manageresources-display-component---newResourceUnit--newRRUPage-anchBar-application-manageresources-display-component---newResourceUnit--control-anchor\"]"}
RESULT: {"using":"xpath","value":"//*[@id=\"application-manageresources-display-component---newResourceUnit--newRRUPage-anchBar-application-manageresources-display-component---newResourceUnit--control-anchor\"]"}
COMMAND: POST /session/ee4ef4c40535e05b41317013d6b0695a/element/f.00329360D5A862BC98A13AE160565CE6.d.ACE617313F31835C9AD56FA0AB68FD69.e.14016/click - {}
RESULT: {}
COMMAND: POST /session/ee4ef4c40535e05b41317013d6b0695a/execute/async - {"script":"<script> [1562 bytes]","args":[{"selector":{"id":"application-manageresources-display-component---newResourceUnit--PLANNING_GROUP","interaction":{"idSuffix":"inner"}},"wdio_ui5_key":"applicationmanageresources-display-component---newResourceUnit--PLANNING_GROUP"}]}
COMMAND: GET /session/ee4ef4c40535e05b41317013d6b0695a/screenshot - {}
RESULT: {"script":"<script> [1562 bytes]","args":[{"selector":{"id":"application-manageresources-display-component---newResourceUnit--PLANNING_GROUP","interaction":{"idSuffix":"inner"}},"wdio_ui5_key":"applicationmanageresources-display-component---newResourceUnit--PLANNING_GROUP"}]}
RESULT: undefined
COMMAND: POST /session/ee4ef4c40535e05b41317013d6b0695a/execute/async - {"script":"<script> [776 bytes]","args":[{"enterText":"Heavy Equi","selector":{"id":"application-manageresources-display-component---newResourceUnit--PLANNING_GROUP","interaction":{"idSuffix":"inner"}},"clearTextFirst":true,"interactionType":"ENTER_TEXT"}]}
RESULT: {}
RESULT: {"script":"<script> [776 bytes]","args":[{"enterText":"Heavy Equi","selector":{"id":"application-manageresources-display-component---newResourceUnit--PLANNING_GROUP","interaction":{"idSuffix":"inner"}},"clearTextFirst":true,"interactionType":"ENTER_TEXT"}]}
COMMAND: POST /session/ee4ef4c40535e05b41317013d6b0695a/execute/async - {"script":"<script> [1562 bytes]","args":[{"selector":{"id":"application-manageresources-display-component---newResourceUnit--ITEM_TYPE-arrow"},"wdio_ui5_key":"applicationmanageresources-display-component---newResourceUnit--ITEM_TYPE-arrow"}]}
RESULT: {"script":"<script> [1562 bytes]","args":[{"selector":{"id":"application-manageresources-display-component---newResourceUnit--ITEM_TYPE-arrow"},"wdio_ui5_key":"applicationmanageresources-display-component---newResourceUnit--ITEM_TYPE-arrow"}]}
RESULT: undefined
COMMAND: POST /session/ee4ef4c40535e05b41317013d6b0695a/element - {"using":"xpath","value":"//*[@id=\"application-manageresources-display-component---newResourceUnit--ITEM_TYPE-arrow\"]"}
RESULT: {"using":"xpath","value":"//*[@id=\"application-manageresources-display-component---newResourceUnit--ITEM_TYPE-arrow\"]"}
COMMAND: POST /session/ee4ef4c40535e05b41317013d6b0695a/element/f.00329360D5A862BC98A13AE160565CE6.d.ACE617313F31835C9AD56FA0AB68FD69.e.14025/click - {}
RESULT: {}
COMMAND: POST /session/ee4ef4c40535e05b41317013d6b0695a/element - {"using":"xpath","value":"(//span[contains(text(), \"Resource Unit\")])[2]"}
COMMAND: GET /session/ee4ef4c40535e05b41317013d6b0695a/screenshot - {}
RESULT: {"using":"xpath","value":"(//span[contains(text(), \"Resource Unit\")])[2]"}
COMMAND: POST /session/ee4ef4c40535e05b41317013d6b0695a/element/f.00329360D5A862BC98A13AE160565CE6.d.ACE617313F31835C9AD56FA0AB68FD69.e.14026/click - {}
RESULT: {}
RESULT: {}
COMMAND: GET /session/ee4ef4c40535e05b41317013d6b0695a/screenshot - {}
RESULT: {}
COMMAND: POST /session/ee4ef4c40535e05b41317013d6b0695a/element - {"using":"css selector","value":"#application-manageresources-display-component---newResourceUnit--btnAddTimeSegment"}
RESULT: {"using":"css selector","value":"#application-manageresources-display-component---newResourceUnit--btnAddTimeSegment"}
COMMAND: GET /session/ee4ef4c40535e05b41317013d6b0695a/element/f.00329360D5A862BC98A13AE160565CE6.d.ACE617313F31835C9AD56FA0AB68FD69.e.14027/rect - {}
RESULT: {}
COMMAND: GET /session/ee4ef4c40535e05b41317013d6b0695a/window/rect - {}
RESULT: {}
COMMAND: POST /session/ee4ef4c40535e05b41317013d6b0695a/execute/sync - {"script":"<script> [92 bytes]","args":[]}
RESULT: {"script":"<script> [92 bytes]","args":[]}
COMMAND: POST /session/ee4ef4c40535e05b41317013d6b0695a/actions - {"actions":[{"id":"action60","type":"wheel","parameters":{},"actions":[{"type":"scroll","x":-1888,"y":-32,"deltaX":0,"deltaY":0,"duration":0,"origin":{"element-6066-11e4-a52e-4f735466cecf":"f.00329360D5A862BC98A13AE160565CE6.d.ACE617313F31835C9AD56FA0AB68FD69.e.14027"}}]}]}
COMMAND: GET /session/ee4ef4c40535e05b41317013d6b0695a/screenshot - {}
RESULT: {}
COMMAND: POST /session/ee4ef4c40535e05b41317013d6b0695a/execute/sync - {"script":"<script> [79 bytes]","args":[{"element-6066-11e4-a52e-4f735466cecf":"f.00329360D5A862BC98A13AE160565CE6.d.ACE617313F31835C9AD56FA0AB68FD69.e.14027","ELEMENT":"f.00329360D5A862BC98A13AE160565CE6.d.ACE617313F31835C9AD56FA0AB68FD69.e.14027"},{"block":"start","inline":"nearest"}]}
RESULT: {"script":"<script> [79 bytes]","args":[{"element-6066-11e4-a52e-4f735466cecf":"f.00329360D5A862BC98A13AE160565CE6.d.ACE617313F31835C9AD56FA0AB68FD69.e.14027","ELEMENT":"f.00329360D5A862BC98A13AE160565CE6.d.ACE617313F31835C9AD56FA0AB68FD69.e.14027"},{"block":"start","inline":"nearest"}]}
COMMAND: POST /session/ee4ef4c40535e05b41317013d6b0695a/execute/async - {"script":"<script> [1562 bytes]","args":[{"selector":{"id":"application-manageresources-display-component---newResourceUnit--btnAddTimeSegment","interaction":{"idSuffix":"inner"}},"wdio_ui5_key":"applicationmanageresources-display-component---newResourceUnit--btnAddTimeSegment"}]}
COMMAND: GET /session/ee4ef4c40535e05b41317013d6b0695a/screenshot - {}
RESULT: {"script":"<script> [1562 bytes]","args":[{"selector":{"id":"application-manageresources-display-component---newResourceUnit--btnAddTimeSegment","interaction":{"idSuffix":"inner"}},"wdio_ui5_key":"applicationmanageresources-display-component---newResourceUnit--btnAddTimeSegment"}]}
RESULT: undefined
COMMAND: POST /session/ee4ef4c40535e05b41317013d6b0695a/element - {"using":"xpath","value":"//*[@id=\"application-manageresources-display-component---newResourceUnit--btnAddTimeSegment\"]"}
RESULT: {}
RESULT: {"using":"xpath","value":"//*[@id=\"application-manageresources-display-component---newResourceUnit--btnAddTimeSegment\"]"}
COMMAND: POST /session/ee4ef4c40535e05b41317013d6b0695a/element/f.00329360D5A862BC98A13AE160565CE6.d.ACE617313F31835C9AD56FA0AB68FD69.e.14027/click - {}
RESULT: {}
COMMAND: GET /session/ee4ef4c40535e05b41317013d6b0695a/screenshot - {}
RESULT: {}
COMMAND: POST /session/ee4ef4c40535e05b41317013d6b0695a/element - {"using":"xpath","value":"//input[@id=\"application-manageresources-display-component---newResourceUnit--idRuTSAdmin-application-manageresources-display-component---newResourceUnit--RUTimeSegment-0-inner\"]"}
RESULT: {"using":"xpath","value":"//input[@id=\"application-manageresources-display-component---newResourceUnit--idRuTSAdmin-application-manageresources-display-component---newResourceUnit--RUTimeSegment-0-inner\"]"}
COMMAND: POST /session/ee4ef4c40535e05b41317013d6b0695a/element/f.00329360D5A862BC98A13AE160565CE6.d.ACE617313F31835C9AD56FA0AB68FD69.e.14033/clear - {}
RESULT: {}
COMMAND: POST /session/ee4ef4c40535e05b41317013d6b0695a/element/f.00329360D5A862BC98A13AE160565CE6.d.ACE617313F31835C9AD56FA0AB68FD69.e.14033/value - {"text":"297"}
COMMAND: GET /session/ee4ef4c40535e05b41317013d6b0695a/screenshot - {}
RESULT: {"text":"297"}
COMMAND: GET /session/ee4ef4c40535e05b41317013d6b0695a/screenshot - {}
RESULT: {}
RESULT: {}
COMMAND: POST /session/ee4ef4c40535e05b41317013d6b0695a/element - {"using":"xpath","value":"//li[.//span[text()='297']]"}
RESULT: {"using":"xpath","value":"//li[.//span[text()='297']]"}
COMMAND: POST /session/ee4ef4c40535e05b41317013d6b0695a/element/f.00329360D5A862BC98A13AE160565CE6.d.ACE617313F31835C9AD56FA0AB68FD69.e.14045/click - {}
RESULT: {}
COMMAND: GET /session/ee4ef4c40535e05b41317013d6b0695a/screenshot - {}
RESULT: {}
COMMAND: POST /session/ee4ef4c40535e05b41317013d6b0695a/element - {"using":"xpath","value":"(//span[contains(@id, \"-application-manageresources-display-component---newResourceUnit--RUTimeSegment-0-arrow\")])[6]"}
RESULT: {"using":"xpath","value":"(//span[contains(@id, \"-application-manageresources-display-component---newResourceUnit--RUTimeSegment-0-arrow\")])[6]"}
COMMAND: POST /session/ee4ef4c40535e05b41317013d6b0695a/element/f.00329360D5A862BC98A13AE160565CE6.d.ACE617313F31835C9AD56FA0AB68FD69.e.14046/click - {}
RESULT: {}
COMMAND: GET /session/ee4ef4c40535e05b41317013d6b0695a/screenshot - {}
RESULT: {}
COMMAND: POST /session/ee4ef4c40535e05b41317013d6b0695a/element - {"using":"xpath","value":"//span[contains(text(), \"PM Order\")]"}
RESULT: {"using":"xpath","value":"//span[contains(text(), \"PM Order\")]"}
COMMAND: POST /session/ee4ef4c40535e05b41317013d6b0695a/element/f.00329360D5A862BC98A13AE160565CE6.d.ACE617313F31835C9AD56FA0AB68FD69.e.14049/click - {}
RESULT: {}
COMMAND: GET /session/ee4ef4c40535e05b41317013d6b0695a/screenshot - {}
RESULT: {}
COMMAND: POST /session/ee4ef4c40535e05b41317013d6b0695a/element - {"using":"xpath","value":"(//span[contains(@id ,\"manageresources-display-component---newResourceUnit--RUTimeSegment-0-vhi\")])[1]"}
RESULT: {"using":"xpath","value":"(//span[contains(@id ,\"manageresources-display-component---newResourceUnit--RUTimeSegment-0-vhi\")])[1]"}
COMMAND: GET /session/ee4ef4c40535e05b41317013d6b0695a/element/f.00329360D5A862BC98A13AE160565CE6.d.ACE617313F31835C9AD56FA0AB68FD69.e.14053/rect - {}
RESULT: {}
COMMAND: GET /session/ee4ef4c40535e05b41317013d6b0695a/window/rect - {}
RESULT: {}
COMMAND: POST /session/ee4ef4c40535e05b41317013d6b0695a/execute/sync - {"script":"<script> [92 bytes]","args":[]}
RESULT: {"script":"<script> [92 bytes]","args":[]}
COMMAND: POST /session/ee4ef4c40535e05b41317013d6b0695a/actions - {"actions":[{"id":"action61","type":"wheel","parameters":{},"actions":[{"type":"scroll","x":-869,"y":-24,"deltaX":0,"deltaY":0,"duration":0,"origin":{"element-6066-11e4-a52e-4f735466cecf":"f.00329360D5A862BC98A13AE160565CE6.d.ACE617313F31835C9AD56FA0AB68FD69.e.14053"}}]}]}
COMMAND: GET /session/ee4ef4c40535e05b41317013d6b0695a/screenshot - {}
RESULT: {"actions":[{"id":"action61","type":"wheel","parameters":{},"actions":[{"type":"scroll","x":-869,"y":-24,"deltaX":0,"deltaY":0,"duration":0,"origin":{"element-6066-11e4-a52e-4f735466cecf":"f.00329360D5A862BC98A13AE160565CE6.d.ACE617313F31835C9AD56FA0AB68FD69.e.14053"}}]}]}
COMMAND: DELETE /session/ee4ef4c40535e05b41317013d6b0695a/actions - {}
COMMAND: GET /session/ee4ef4c40535e05b41317013d6b0695a/screenshot - {}
RESULT: {}
RESULT: {}
COMMAND: GET /session/ee4ef4c40535e05b41317013d6b0695a/screenshot - {}
RESULT: {}
RESULT: {}
COMMAND: POST /session/ee4ef4c40535e05b41317013d6b0695a/element/f.00329360D5A862BC98A13AE160565CE6.d.ACE617313F31835C9AD56FA0AB68FD69.e.14053/click - {}
RESULT: {}
COMMAND: GET /session/ee4ef4c40535e05b41317013d6b0695a/screenshot - {}
RESULT: {}
COMMAND: POST /session/ee4ef4c40535e05b41317013d6b0695a/execute/async - {"script":"<script> [1562 bytes]","args":[{"selector":{"controlType":"sap.m.SearchField","properties":{"placeholder":"Search"},"searchOpenDialogs":true,"interaction":{"idSuffix":"I"}},"wdio_ui5_key":"sapm.SearchField{\"placeholder\":\"Search\"}"}]}
RESULT: {"script":"<script> [1562 bytes]","args":[{"selector":{"controlType":"sap.m.SearchField","properties":{"placeholder":"Search"},"searchOpenDialogs":true,"interaction":{"idSuffix":"I"}},"wdio_ui5_key":"sapm.SearchField{\"placeholder\":\"Search\"}"}]}
RESULT: undefined
COMMAND: POST /session/ee4ef4c40535e05b41317013d6b0695a/execute/async - {"script":"<script> [776 bytes]","args":[{"enterText":"4000360","selector":{"controlType":"sap.m.SearchField","properties":{"placeholder":"Search"},"searchOpenDialogs":true,"interaction":{"idSuffix":"I"}},"clearTextFirst":true,"interactionType":"ENTER_TEXT"}]}
RESULT: {"script":"<script> [776 bytes]","args":[{"enterText":"4000360","selector":{"controlType":"sap.m.SearchField","properties":{"placeholder":"Search"},"searchOpenDialogs":true,"interaction":{"idSuffix":"I"}},"clearTextFirst":true,"interactionType":"ENTER_TEXT"}]}
COMMAND: POST /session/ee4ef4c40535e05b41317013d6b0695a/actions - {"actions":[{"id":"action62","type":"key","parameters":{},"actions":[{"type":"keyDown","value":"î€‡"},{"type":"pause","duration":10},{"type":"keyUp","value":"î€‡"}]}]}
RESULT: {"actions":[{"id":"action62","type":"key","parameters":{},"actions":[{"type":"keyDown","value":"î€‡"},{"type":"pause","duration":10},{"type":"keyUp","value":"î€‡"}]}]}
COMMAND: GET /session/ee4ef4c40535e05b41317013d6b0695a/screenshot - {}
RESULT: {}
COMMAND: POST /session/ee4ef4c40535e05b41317013d6b0695a/element - {"using":"xpath","value":"//td/div/span[contains(text(), \"BGL Vehicles\")]"}
RESULT: {"using":"xpath","value":"//td/div/span[contains(text(), \"BGL Vehicles\")]"}
COMMAND: POST /session/ee4ef4c40535e05b41317013d6b0695a/element/f.00329360D5A862BC98A13AE160565CE6.d.ACE617313F31835C9AD56FA0AB68FD69.e.14072/click - {}
RESULT: {}
COMMAND: GET /session/ee4ef4c40535e05b41317013d6b0695a/screenshot - {}
RESULT: {}
COMMAND: POST /session/ee4ef4c40535e05b41317013d6b0695a/element - {"using":"xpath","value":"//bdi[contains(text(), \"OK\")]"}
RESULT: {"using":"xpath","value":"//bdi[contains(text(), \"OK\")]"}
COMMAND: POST /session/ee4ef4c40535e05b41317013d6b0695a/element/f.00329360D5A862BC98A13AE160565CE6.d.ACE617313F31835C9AD56FA0AB68FD69.e.14073/click - {}
RESULT: {}
COMMAND: GET /session/ee4ef4c40535e05b41317013d6b0695a/screenshot - {}
RESULT: {}
COMMAND: POST /session/ee4ef4c40535e05b41317013d6b0695a/execute/async - {"script":"<script> [1562 bytes]","args":[{"selector":{"id":"application-manageresources-display-component---newResourceUnit--newRRUPage-anchBar-application-manageresources-display-component---newResourceUnit--resource-anchor","interaction":{"idSuffix":"BDI-content"}},"wdio_ui5_key":"applicationmanageresources-display-component---newResourceUnit--newRRUPage-anchBar-application-manageresources-display-component---newResourceUnit--resource-anchor"}]}
RESULT: {"script":"<script> [1562 bytes]","args":[{"selector":{"id":"application-manageresources-display-component---newResourceUnit--newRRUPage-anchBar-application-manageresources-display-component---newResourceUnit--resource-anchor","interaction":{"idSuffix":"BDI-content"}},"wdio_ui5_key":"applicationmanageresources-display-component---newResourceUnit--newRRUPage-anchBar-application-manageresources-display-component---newResourceUnit--resource-anchor"}]}
RESULT: undefined
COMMAND: POST /session/ee4ef4c40535e05b41317013d6b0695a/element - {"using":"xpath","value":"//*[@id=\"application-manageresources-display-component---newResourceUnit--newRRUPage-anchBar-application-manageresources-display-component---newResourceUnit--resource-anchor\"]"}
RESULT: {"using":"xpath","value":"//*[@id=\"application-manageresources-display-component---newResourceUnit--newRRUPage-anchBar-application-manageresources-display-component---newResourceUnit--resource-anchor\"]"}
COMMAND: POST /session/ee4ef4c40535e05b41317013d6b0695a/element/f.00329360D5A862BC98A13AE160565CE6.d.ACE617313F31835C9AD56FA0AB68FD69.e.14077/click - {}
RESULT: {}
COMMAND: POST /session/ee4ef4c40535e05b41317013d6b0695a/execute/async - {"script":"<script> [1562 bytes]","args":[{"selector":{"id":"application-manageresources-display-component---newResourceUnit--PLANNED_DELIVERY_DATE","interaction":{"idSuffix":"inner"}},"wdio_ui5_key":"applicationmanageresources-display-component---newResourceUnit--PLANNED_DELIVERY_DATE"}]}
COMMAND: GET /session/ee4ef4c40535e05b41317013d6b0695a/screenshot - {}
RESULT: {"script":"<script> [1562 bytes]","args":[{"selector":{"id":"application-manageresources-display-component---newResourceUnit--PLANNED_DELIVERY_DATE","interaction":{"idSuffix":"inner"}},"wdio_ui5_key":"applicationmanageresources-display-component---newResourceUnit--PLANNED_DELIVERY_DATE"}]}
RESULT: undefined
COMMAND: POST /session/ee4ef4c40535e05b41317013d6b0695a/execute/async - {"script":"<script> [6424 bytes]","args":[{"element-6066-11e4-a52e-4f735466cecf":"f.00329360D5A862BC98A13AE160565CE6.d.ACE617313F31835C9AD56FA0AB68FD69.e.13940"},"setValue",["5/14/25"]]}
RESULT: {}
RESULT: {"script":"<script> [6424 bytes]","args":[{"element-6066-11e4-a52e-4f735466cecf":"f.00329360D5A862BC98A13AE160565CE6.d.ACE617313F31835C9AD56FA0AB68FD69.e.13940"},"setValue",["5/14/25"]]}
COMMAND: POST /session/ee4ef4c40535e05b41317013d6b0695a/element - {"using":"xpath","value":"//label[contains(@class, 'sapMLabelRequired') and .//bdi[contains(text(), 'Planned Retirement')]]"}
RESULT: {"using":"xpath","value":"//label[contains(@class, 'sapMLabelRequired') and .//bdi[contains(text(), 'Planned Retirement')]]"}
COMMAND: POST /session/ee4ef4c40535e05b41317013d6b0695a/elements - {"using":"xpath","value":"//label[contains(@class, 'sapMLabelRequired') and .//bdi[contains(text(), 'Planned Retirement')]]"}
RESULT: {"using":"xpath","value":"//label[contains(@class, 'sapMLabelRequired') and .//bdi[contains(text(), 'Planned Retirement')]]"}
COMMAND: POST /session/ee4ef4c40535e05b41317013d6b0695a/element - {"using":"xpath","value":"//button[@data-kt=\"resourceUnitSaveButton\"]"}
RESULT: {"using":"xpath","value":"//button[@data-kt=\"resourceUnitSaveButton\"]"}
COMMAND: POST /session/ee4ef4c40535e05b41317013d6b0695a/element/f.00329360D5A862BC98A13AE160565CE6.d.ACE617313F31835C9AD56FA0AB68FD69.e.13900/click - {}
RESULT: {}
COMMAND: GET /session/ee4ef4c40535e05b41317013d6b0695a/screenshot - {}
RESULT: {}
COMMAND: POST /session/ee4ef4c40535e05b41317013d6b0695a/element - {"using":"xpath","value":"//bdi[contains(text(), \"Close\")]"}
RESULT: {"using":"xpath","value":"//bdi[contains(text(), \"Close\")]"}
COMMAND: POST /session/ee4ef4c40535e05b41317013d6b0695a/element/f.00329360D5A862BC98A13AE160565CE6.d.ACE617313F31835C9AD56FA0AB68FD69.e.14085/click - {}
RESULT: {}
COMMAND: GET /session/ee4ef4c40535e05b41317013d6b0695a/screenshot - {}
RESULT: {}
COMMAND: POST /session/ee4ef4c40535e05b41317013d6b0695a/element - {"using":"xpath","value":"(//button[contains(@id ,\"actionsToolbar-overflowButton\")])[1]"}
RESULT: {"using":"xpath","value":"(//button[contains(@id ,\"actionsToolbar-overflowButton\")])[1]"}
COMMAND: POST /session/ee4ef4c40535e05b41317013d6b0695a/element/f.00329360D5A862BC98A13AE160565CE6.d.ACE617313F31835C9AD56FA0AB68FD69.e.14115/click - {}
RESULT: {}
COMMAND: GET /session/ee4ef4c40535e05b41317013d6b0695a/screenshot - {}
RESULT: {}
COMMAND: POST /session/ee4ef4c40535e05b41317013d6b0695a/element - {"using":"xpath","value":"//button[@data-kt=\"priceInfoButton\"]"}
RESULT: {"using":"xpath","value":"//button[@data-kt=\"priceInfoButton\"]"}
COMMAND: POST /session/ee4ef4c40535e05b41317013d6b0695a/element/f.00329360D5A862BC98A13AE160565CE6.d.ACE617313F31835C9AD56FA0AB68FD69.e.14117/click - {}
RESULT: {}
COMMAND: GET /session/ee4ef4c40535e05b41317013d6b0695a/screenshot - {}
]]></system-out>
    </testcase>
    <testcase classname="chrome.136_0_7103_49.windows.Billing_Calculation_-_Time_based_(considering_transport_times)_US139738" name="Should create new pricing rule for the equipment" time="53.851">
      <system-out><![CDATA[
COMMAND: POST /session/ee4ef4c40535e05b41317013d6b0695a/element - {"using":"xpath","value":"//button[@data-kt=\"addButton\"]"}
RESULT: {}
RESULT: {"using":"xpath","value":"//button[@data-kt=\"addButton\"]"}
COMMAND: POST /session/ee4ef4c40535e05b41317013d6b0695a/elements - {"using":"xpath","value":"//button[@data-kt=\"addButton\"]"}
RESULT: {"using":"xpath","value":"//button[@data-kt=\"addButton\"]"}
COMMAND: POST /session/ee4ef4c40535e05b41317013d6b0695a/execute/sync - {"script":"<script> [8489 bytes]","args":[{"element-6066-11e4-a52e-4f735466cecf":"f.00329360D5A862BC98A13AE160565CE6.d.ACE617313F31835C9AD56FA0AB68FD69.e.14153","ELEMENT":"f.00329360D5A862BC98A13AE160565CE6.d.ACE617313F31835C9AD56FA0AB68FD69.e.14153"}]}
RESULT: {"script":"<script> [8489 bytes]","args":[{"element-6066-11e4-a52e-4f735466cecf":"f.00329360D5A862BC98A13AE160565CE6.d.ACE617313F31835C9AD56FA0AB68FD69.e.14153","ELEMENT":"f.00329360D5A862BC98A13AE160565CE6.d.ACE617313F31835C9AD56FA0AB68FD69.e.14153"}]}
COMMAND: GET /session/ee4ef4c40535e05b41317013d6b0695a/element/f.00329360D5A862BC98A13AE160565CE6.d.ACE617313F31835C9AD56FA0AB68FD69.e.14153/enabled - {}
COMMAND: GET /session/ee4ef4c40535e05b41317013d6b0695a/screenshot - {}
RESULT: {}
COMMAND: POST /session/ee4ef4c40535e05b41317013d6b0695a/execute/sync - {"script":"<script> [8489 bytes]","args":[{"element-6066-11e4-a52e-4f735466cecf":"f.00329360D5A862BC98A13AE160565CE6.d.ACE617313F31835C9AD56FA0AB68FD69.e.14153","ELEMENT":"f.00329360D5A862BC98A13AE160565CE6.d.ACE617313F31835C9AD56FA0AB68FD69.e.14153"}]}
COMMAND: GET /session/ee4ef4c40535e05b41317013d6b0695a/screenshot - {}
RESULT: {}
RESULT: {"script":"<script> [8489 bytes]","args":[{"element-6066-11e4-a52e-4f735466cecf":"f.00329360D5A862BC98A13AE160565CE6.d.ACE617313F31835C9AD56FA0AB68FD69.e.14153","ELEMENT":"f.00329360D5A862BC98A13AE160565CE6.d.ACE617313F31835C9AD56FA0AB68FD69.e.14153"}]}
COMMAND: POST /session/ee4ef4c40535e05b41317013d6b0695a/execute/sync - {"script":"<script> [5351 bytes]","args":[{"element-6066-11e4-a52e-4f735466cecf":"f.00329360D5A862BC98A13AE160565CE6.d.ACE617313F31835C9AD56FA0AB68FD69.e.14153","ELEMENT":"f.00329360D5A862BC98A13AE160565CE6.d.ACE617313F31835C9AD56FA0AB68FD69.e.14153"}]}
COMMAND: GET /session/ee4ef4c40535e05b41317013d6b0695a/screenshot - {}
RESULT: {}
RESULT: {"script":"<script> [5351 bytes]","args":[{"element-6066-11e4-a52e-4f735466cecf":"f.00329360D5A862BC98A13AE160565CE6.d.ACE617313F31835C9AD56FA0AB68FD69.e.14153","ELEMENT":"f.00329360D5A862BC98A13AE160565CE6.d.ACE617313F31835C9AD56FA0AB68FD69.e.14153"}]}
COMMAND: POST /session/ee4ef4c40535e05b41317013d6b0695a/element/f.00329360D5A862BC98A13AE160565CE6.d.ACE617313F31835C9AD56FA0AB68FD69.e.14153/click - {}
COMMAND: GET /session/ee4ef4c40535e05b41317013d6b0695a/screenshot - {}
RESULT: {}
RESULT: {}
COMMAND: GET /session/ee4ef4c40535e05b41317013d6b0695a/screenshot - {}
RESULT: {}
RESULT: {}
COMMAND: POST /session/ee4ef4c40535e05b41317013d6b0695a/execute/async - {"script":"<script> [1562 bytes]","args":[{"selector":{"controlType":"sap.m.Title","viewName":"etm.portal.ui.managepricingrules.view.NewItem","viewId":"application-managepricingrules-display-component---newInfoPriceItem","properties":{"text":"New Pricing Rules - Item Level"}},"wdio_ui5_key":"etmportal.ui.managepricingrules.view.NewItemsap.m.Title{\"text\":\"New Pricing Rules - Item Level\"}"}]}
RESULT: {"script":"<script> [1562 bytes]","args":[{"selector":{"controlType":"sap.m.Title","viewName":"etm.portal.ui.managepricingrules.view.NewItem","viewId":"application-managepricingrules-display-component---newInfoPriceItem","properties":{"text":"New Pricing Rules - Item Level"}},"wdio_ui5_key":"etmportal.ui.managepricingrules.view.NewItemsap.m.Title{\"text\":\"New Pricing Rules - Item Level\"}"}]}
RESULT: undefined
COMMAND: POST /session/ee4ef4c40535e05b41317013d6b0695a/execute/async - {"script":"<script> [6424 bytes]","args":[{"element-6066-11e4-a52e-4f735466cecf":"f.00329360D5A862BC98A13AE160565CE6.d.ACE617313F31835C9AD56FA0AB68FD69.e.14316"},"getText",[]]}
RESULT: {"script":"<script> [6424 bytes]","args":[{"element-6066-11e4-a52e-4f735466cecf":"f.00329360D5A862BC98A13AE160565CE6.d.ACE617313F31835C9AD56FA0AB68FD69.e.14316"},"getText",[]]}
COMMAND: POST /session/ee4ef4c40535e05b41317013d6b0695a/execute/async - {"script":"<script> [1562 bytes]","args":[{"selector":{"id":"application-managepricingrules-display-component---newInfoPriceItem--condValidTo","interaction":{"idSuffix":"inner"}},"wdio_ui5_key":"applicationmanagepricingrules-display-component---newInfoPriceItem--condValidTo"}]}
RESULT: {"script":"<script> [1562 bytes]","args":[{"selector":{"id":"application-managepricingrules-display-component---newInfoPriceItem--condValidTo","interaction":{"idSuffix":"inner"}},"wdio_ui5_key":"applicationmanagepricingrules-display-component---newInfoPriceItem--condValidTo"}]}
RESULT: undefined
COMMAND: POST /session/ee4ef4c40535e05b41317013d6b0695a/execute/async - {"script":"<script> [776 bytes]","args":[{"enterText":"01/14/26","selector":{"id":"application-managepricingrules-display-component---newInfoPriceItem--condValidTo","interaction":{"idSuffix":"inner"}},"clearTextFirst":true,"interactionType":"ENTER_TEXT"}]}
RESULT: {"script":"<script> [776 bytes]","args":[{"enterText":"01/14/26","selector":{"id":"application-managepricingrules-display-component---newInfoPriceItem--condValidTo","interaction":{"idSuffix":"inner"}},"clearTextFirst":true,"interactionType":"ENTER_TEXT"}]}
COMMAND: POST /session/ee4ef4c40535e05b41317013d6b0695a/execute/async - {"script":"<script> [1562 bytes]","args":[{"selector":{"id":"application-managepricingrules-display-component---newInfoPriceItem--billType-arrow"},"wdio_ui5_key":"applicationmanagepricingrules-display-component---newInfoPriceItem--billType-arrow"}]}
RESULT: {"script":"<script> [1562 bytes]","args":[{"selector":{"id":"application-managepricingrules-display-component---newInfoPriceItem--billType-arrow"},"wdio_ui5_key":"applicationmanagepricingrules-display-component---newInfoPriceItem--billType-arrow"}]}
RESULT: undefined
COMMAND: POST /session/ee4ef4c40535e05b41317013d6b0695a/element - {"using":"xpath","value":"//*[@id=\"application-managepricingrules-display-component---newInfoPriceItem--billType-arrow\"]"}
RESULT: {"using":"xpath","value":"//*[@id=\"application-managepricingrules-display-component---newInfoPriceItem--billType-arrow\"]"}
COMMAND: POST /session/ee4ef4c40535e05b41317013d6b0695a/element/f.00329360D5A862BC98A13AE160565CE6.d.ACE617313F31835C9AD56FA0AB68FD69.e.14318/click - {}
RESULT: {}
COMMAND: POST /session/ee4ef4c40535e05b41317013d6b0695a/element - {"using":"xpath","value":"//span[contains(text(), \"TB - Time based\")]"}
COMMAND: GET /session/ee4ef4c40535e05b41317013d6b0695a/screenshot - {}
RESULT: {"using":"xpath","value":"//span[contains(text(), \"TB - Time based\")]"}
COMMAND: POST /session/ee4ef4c40535e05b41317013d6b0695a/element/f.00329360D5A862BC98A13AE160565CE6.d.ACE617313F31835C9AD56FA0AB68FD69.e.14319/click - {}
RESULT: {}
RESULT: {}
COMMAND: POST /session/ee4ef4c40535e05b41317013d6b0695a/execute/async - {"script":"<script> [1562 bytes]","args":[{"selector":{"id":"application-managepricingrules-display-component---newInfoPriceItem--priceProc-arrow"},"wdio_ui5_key":"applicationmanagepricingrules-display-component---newInfoPriceItem--priceProc-arrow"}]}
COMMAND: GET /session/ee4ef4c40535e05b41317013d6b0695a/screenshot - {}
RESULT: {"script":"<script> [1562 bytes]","args":[{"selector":{"id":"application-managepricingrules-display-component---newInfoPriceItem--priceProc-arrow"},"wdio_ui5_key":"applicationmanagepricingrules-display-component---newInfoPriceItem--priceProc-arrow"}]}
RESULT: undefined
COMMAND: POST /session/ee4ef4c40535e05b41317013d6b0695a/element - {"using":"xpath","value":"//*[@id=\"application-managepricingrules-display-component---newInfoPriceItem--priceProc-arrow\"]"}
RESULT: {}
RESULT: {"using":"xpath","value":"//*[@id=\"application-managepricingrules-display-component---newInfoPriceItem--priceProc-arrow\"]"}
COMMAND: POST /session/ee4ef4c40535e05b41317013d6b0695a/element/f.00329360D5A862BC98A13AE160565CE6.d.ACE617313F31835C9AD56FA0AB68FD69.e.14282/click - {}
RESULT: {}
COMMAND: POST /session/ee4ef4c40535e05b41317013d6b0695a/element - {"using":"xpath","value":"//span[contains(text(), \"TBS - Time based standard\")]"}
COMMAND: GET /session/ee4ef4c40535e05b41317013d6b0695a/screenshot - {}
RESULT: {"using":"xpath","value":"//span[contains(text(), \"TBS - Time based standard\")]"}
COMMAND: POST /session/ee4ef4c40535e05b41317013d6b0695a/element/f.00329360D5A862BC98A13AE160565CE6.d.ACE617313F31835C9AD56FA0AB68FD69.e.14320/click - {}
RESULT: {}
RESULT: {}
COMMAND: POST /session/ee4ef4c40535e05b41317013d6b0695a/execute/async - {"script":"<script> [1562 bytes]","args":[{"selector":{"id":"application-managepricingrules-display-component---newInfoPriceItem--calcBase-arrow"},"wdio_ui5_key":"applicationmanagepricingrules-display-component---newInfoPriceItem--calcBase-arrow"}]}
COMMAND: GET /session/ee4ef4c40535e05b41317013d6b0695a/screenshot - {}
RESULT: {"script":"<script> [1562 bytes]","args":[{"selector":{"id":"application-managepricingrules-display-component---newInfoPriceItem--calcBase-arrow"},"wdio_ui5_key":"applicationmanagepricingrules-display-component---newInfoPriceItem--calcBase-arrow"}]}
RESULT: undefined
COMMAND: POST /session/ee4ef4c40535e05b41317013d6b0695a/element - {"using":"xpath","value":"//*[@id=\"application-managepricingrules-display-component---newInfoPriceItem--calcBase-arrow\"]"}
RESULT: {}
RESULT: {"using":"xpath","value":"//*[@id=\"application-managepricingrules-display-component---newInfoPriceItem--calcBase-arrow\"]"}
COMMAND: POST /session/ee4ef4c40535e05b41317013d6b0695a/element/f.00329360D5A862BC98A13AE160565CE6.d.ACE617313F31835C9AD56FA0AB68FD69.e.14289/click - {}
RESULT: {}
COMMAND: GET /session/ee4ef4c40535e05b41317013d6b0695a/screenshot - {}
RESULT: {}
COMMAND: POST /session/ee4ef4c40535e05b41317013d6b0695a/element - {"using":"xpath","value":"//span[contains(text(), \"0006 - TB(calendar days)\")]"}
RESULT: {"using":"xpath","value":"//span[contains(text(), \"0006 - TB(calendar days)\")]"}
COMMAND: POST /session/ee4ef4c40535e05b41317013d6b0695a/element/f.00329360D5A862BC98A13AE160565CE6.d.ACE617313F31835C9AD56FA0AB68FD69.e.14321/click - {}
RESULT: {}
COMMAND: GET /session/ee4ef4c40535e05b41317013d6b0695a/screenshot - {}
RESULT: {}
COMMAND: POST /session/ee4ef4c40535e05b41317013d6b0695a/execute/async - {"script":"<script> [1562 bytes]","args":[{"selector":{"id":"application-managepricingrules-display-component---newInfoPriceItem--daysMonth","interaction":{"idSuffix":"inner"}},"wdio_ui5_key":"applicationmanagepricingrules-display-component---newInfoPriceItem--daysMonth"}]}
RESULT: {"script":"<script> [1562 bytes]","args":[{"selector":{"id":"application-managepricingrules-display-component---newInfoPriceItem--daysMonth","interaction":{"idSuffix":"inner"}},"wdio_ui5_key":"applicationmanagepricingrules-display-component---newInfoPriceItem--daysMonth"}]}
RESULT: undefined
COMMAND: POST /session/ee4ef4c40535e05b41317013d6b0695a/execute/async - {"script":"<script> [776 bytes]","args":[{"enterText":"30","selector":{"id":"application-managepricingrules-display-component---newInfoPriceItem--daysMonth","interaction":{"idSuffix":"inner"}},"clearTextFirst":true,"interactionType":"ENTER_TEXT"}]}
RESULT: {"script":"<script> [776 bytes]","args":[{"enterText":"30","selector":{"id":"application-managepricingrules-display-component---newInfoPriceItem--daysMonth","interaction":{"idSuffix":"inner"}},"clearTextFirst":true,"interactionType":"ENTER_TEXT"}]}
COMMAND: POST /session/ee4ef4c40535e05b41317013d6b0695a/element - {"using":"xpath","value":"//button[@data-kt=\"saveNewRuleButton\"]"}
RESULT: {"using":"xpath","value":"//button[@data-kt=\"saveNewRuleButton\"]"}
COMMAND: POST /session/ee4ef4c40535e05b41317013d6b0695a/element/f.00329360D5A862BC98A13AE160565CE6.d.ACE617313F31835C9AD56FA0AB68FD69.e.14307/click - {}
RESULT: {}
COMMAND: GET /session/ee4ef4c40535e05b41317013d6b0695a/screenshot - {}
RESULT: {}
COMMAND: POST /session/ee4ef4c40535e05b41317013d6b0695a/execute/async - {"script":"<script> [1562 bytes]","args":[{"selector":{"id":"application-managepricingrules-display-component---priceInfoItem--smartFilterBar-btnBasicSearch","interaction":{"idSuffix":"I"}},"wdio_ui5_key":"applicationmanagepricingrules-display-component---priceInfoItem--smartFilterBar-btnBasicSearch"}]}
RESULT: {"script":"<script> [1562 bytes]","args":[{"selector":{"id":"application-managepricingrules-display-component---priceInfoItem--smartFilterBar-btnBasicSearch","interaction":{"idSuffix":"I"}},"wdio_ui5_key":"applicationmanagepricingrules-display-component---priceInfoItem--smartFilterBar-btnBasicSearch"}]}
RESULT: undefined
COMMAND: POST /session/ee4ef4c40535e05b41317013d6b0695a/execute/async - {"script":"<script> [776 bytes]","args":[{"enterText":"EzqzfA7uU9","selector":{"id":"application-managepricingrules-display-component---priceInfoItem--smartFilterBar-btnBasicSearch","interaction":{"idSuffix":"I"}},"clearTextFirst":true,"interactionType":"ENTER_TEXT"}]}
RESULT: {"script":"<script> [776 bytes]","args":[{"enterText":"EzqzfA7uU9","selector":{"id":"application-managepricingrules-display-component---priceInfoItem--smartFilterBar-btnBasicSearch","interaction":{"idSuffix":"I"}},"clearTextFirst":true,"interactionType":"ENTER_TEXT"}]}
COMMAND: POST /session/ee4ef4c40535e05b41317013d6b0695a/actions - {"actions":[{"id":"action63","type":"key","parameters":{},"actions":[{"type":"keyDown","value":"î€‡"},{"type":"pause","duration":10},{"type":"keyUp","value":"î€‡"}]}]}
RESULT: {"actions":[{"id":"action63","type":"key","parameters":{},"actions":[{"type":"keyDown","value":"î€‡"},{"type":"pause","duration":10},{"type":"keyUp","value":"î€‡"}]}]}
COMMAND: GET /session/ee4ef4c40535e05b41317013d6b0695a/screenshot - {}
RESULT: {}
COMMAND: POST /session/ee4ef4c40535e05b41317013d6b0695a/element - {"using":"xpath","value":"//span[@id=\"application-managepricingrules-display-component---priceInfoItem--smartTable-header-inner\"]"}
RESULT: {"using":"xpath","value":"//span[@id=\"application-managepricingrules-display-component---priceInfoItem--smartTable-header-inner\"]"}
COMMAND: POST /session/ee4ef4c40535e05b41317013d6b0695a/elements - {"using":"xpath","value":"//span[@id=\"application-managepricingrules-display-component---priceInfoItem--smartTable-header-inner\"]"}
RESULT: {"using":"xpath","value":"//span[@id=\"application-managepricingrules-display-component---priceInfoItem--smartTable-header-inner\"]"}
COMMAND: POST /session/ee4ef4c40535e05b41317013d6b0695a/execute/sync - {"script":"<script> [56 bytes]","args":[{"element-6066-11e4-a52e-4f735466cecf":"f.00329360D5A862BC98A13AE160565CE6.d.ACE617313F31835C9AD56FA0AB68FD69.e.14345","ELEMENT":"f.00329360D5A862BC98A13AE160565CE6.d.ACE617313F31835C9AD56FA0AB68FD69.e.14345"}]}
RESULT: {"script":"<script> [56 bytes]","args":[{"element-6066-11e4-a52e-4f735466cecf":"f.00329360D5A862BC98A13AE160565CE6.d.ACE617313F31835C9AD56FA0AB68FD69.e.14345","ELEMENT":"f.00329360D5A862BC98A13AE160565CE6.d.ACE617313F31835C9AD56FA0AB68FD69.e.14345"}]}
COMMAND: POST /session/ee4ef4c40535e05b41317013d6b0695a/element - {"using":"css selector","value":"#shell-header-logo"}
COMMAND: GET /session/ee4ef4c40535e05b41317013d6b0695a/screenshot - {}
RESULT: {"using":"css selector","value":"#shell-header-logo"}
COMMAND: POST /session/ee4ef4c40535e05b41317013d6b0695a/element/f.00329360D5A862BC98A13AE160565CE6.d.ACE617313F31835C9AD56FA0AB68FD69.e.13499/click - {}
RESULT: {}
RESULT: {}
COMMAND: GET /session/ee4ef4c40535e05b41317013d6b0695a/screenshot - {}
RESULT: {}
]]></system-out>
    </testcase>
    <testcase classname="chrome.136_0_7103_49.windows.Billing_Calculation_-_Time_based_(considering_transport_times)_US139738" name="Should create new pricing condition for the equipment" time="66.711">
      <system-out><![CDATA[
COMMAND: POST /session/ee4ef4c40535e05b41317013d6b0695a/execute/async - {"script":"<script> [1562 bytes]","args":[{"selector":{"controlType":"sap.m.Text","properties":{"text":"Manage Conditions & Prices"},"interaction":{"idSuffix":"inner"}},"wdio_ui5_key":"sapm.Text{\"text\":\"Manage Conditions & Prices\"}"}]}
RESULT: {"script":"<script> [1562 bytes]","args":[{"selector":{"controlType":"sap.m.Text","properties":{"text":"Manage Conditions & Prices"},"interaction":{"idSuffix":"inner"}},"wdio_ui5_key":"sapm.Text{\"text\":\"Manage Conditions & Prices\"}"}]}
RESULT: undefined
COMMAND: POST /session/ee4ef4c40535e05b41317013d6b0695a/element - {"using":"xpath","value":"//*[@id=\"__tile53-title\"]"}
RESULT: {"using":"xpath","value":"//*[@id=\"__tile53-title\"]"}
COMMAND: POST /session/ee4ef4c40535e05b41317013d6b0695a/element/f.00329360D5A862BC98A13AE160565CE6.d.ACE617313F31835C9AD56FA0AB68FD69.e.14348/click - {}
RESULT: {}
COMMAND: POST /session/ee4ef4c40535e05b41317013d6b0695a/element - {"using":"xpath","value":"//button[@aria-label=\"Create\"]"}
COMMAND: GET /session/ee4ef4c40535e05b41317013d6b0695a/screenshot - {}
RESULT: {"using":"xpath","value":"//button[@aria-label=\"Create\"]"}
COMMAND: POST /session/ee4ef4c40535e05b41317013d6b0695a/elements - {"using":"xpath","value":"//button[@aria-label=\"Create\"]"}
RESULT: {}
RESULT: {"using":"xpath","value":"//button[@aria-label=\"Create\"]"}
COMMAND: POST /session/ee4ef4c40535e05b41317013d6b0695a/elements - {"using":"xpath","value":"//button[@aria-label=\"Create\"]"}
RESULT: {"using":"xpath","value":"//button[@aria-label=\"Create\"]"}
COMMAND: POST /session/ee4ef4c40535e05b41317013d6b0695a/element - {"using":"xpath","value":"//button[@aria-label=\"Create\"]"}
RESULT: {"using":"xpath","value":"//button[@aria-label=\"Create\"]"}
COMMAND: POST /session/ee4ef4c40535e05b41317013d6b0695a/execute/sync - {"script":"<script> [8489 bytes]","args":[{"element-6066-11e4-a52e-4f735466cecf":"f.00329360D5A862BC98A13AE160565CE6.d.ACE617313F31835C9AD56FA0AB68FD69.e.14382","ELEMENT":"f.00329360D5A862BC98A13AE160565CE6.d.ACE617313F31835C9AD56FA0AB68FD69.e.14382"}]}
RESULT: {"script":"<script> [8489 bytes]","args":[{"element-6066-11e4-a52e-4f735466cecf":"f.00329360D5A862BC98A13AE160565CE6.d.ACE617313F31835C9AD56FA0AB68FD69.e.14382","ELEMENT":"f.00329360D5A862BC98A13AE160565CE6.d.ACE617313F31835C9AD56FA0AB68FD69.e.14382"}]}
COMMAND: GET /session/ee4ef4c40535e05b41317013d6b0695a/element/f.00329360D5A862BC98A13AE160565CE6.d.ACE617313F31835C9AD56FA0AB68FD69.e.14382/enabled - {}
COMMAND: GET /session/ee4ef4c40535e05b41317013d6b0695a/screenshot - {}
RESULT: {}
COMMAND: POST /session/ee4ef4c40535e05b41317013d6b0695a/execute/sync - {"script":"<script> [8489 bytes]","args":[{"element-6066-11e4-a52e-4f735466cecf":"f.00329360D5A862BC98A13AE160565CE6.d.ACE617313F31835C9AD56FA0AB68FD69.e.14382","ELEMENT":"f.00329360D5A862BC98A13AE160565CE6.d.ACE617313F31835C9AD56FA0AB68FD69.e.14382"}]}
COMMAND: GET /session/ee4ef4c40535e05b41317013d6b0695a/screenshot - {}
RESULT: {}
RESULT: {"script":"<script> [8489 bytes]","args":[{"element-6066-11e4-a52e-4f735466cecf":"f.00329360D5A862BC98A13AE160565CE6.d.ACE617313F31835C9AD56FA0AB68FD69.e.14382","ELEMENT":"f.00329360D5A862BC98A13AE160565CE6.d.ACE617313F31835C9AD56FA0AB68FD69.e.14382"}]}
COMMAND: POST /session/ee4ef4c40535e05b41317013d6b0695a/execute/sync - {"script":"<script> [5351 bytes]","args":[{"element-6066-11e4-a52e-4f735466cecf":"f.00329360D5A862BC98A13AE160565CE6.d.ACE617313F31835C9AD56FA0AB68FD69.e.14382","ELEMENT":"f.00329360D5A862BC98A13AE160565CE6.d.ACE617313F31835C9AD56FA0AB68FD69.e.14382"}]}
COMMAND: GET /session/ee4ef4c40535e05b41317013d6b0695a/screenshot - {}
RESULT: {}
RESULT: {"script":"<script> [5351 bytes]","args":[{"element-6066-11e4-a52e-4f735466cecf":"f.00329360D5A862BC98A13AE160565CE6.d.ACE617313F31835C9AD56FA0AB68FD69.e.14382","ELEMENT":"f.00329360D5A862BC98A13AE160565CE6.d.ACE617313F31835C9AD56FA0AB68FD69.e.14382"}]}
COMMAND: POST /session/ee4ef4c40535e05b41317013d6b0695a/element/f.00329360D5A862BC98A13AE160565CE6.d.ACE617313F31835C9AD56FA0AB68FD69.e.14382/click - {}
COMMAND: GET /session/ee4ef4c40535e05b41317013d6b0695a/screenshot - {}
RESULT: {}
RESULT: {}
COMMAND: GET /session/ee4ef4c40535e05b41317013d6b0695a/screenshot - {}
RESULT: {}
RESULT: {}
COMMAND: POST /session/ee4ef4c40535e05b41317013d6b0695a/actions - {"actions":[{"id":"action64","type":"key","parameters":{},"actions":[{"type":"keyDown","value":"î€‡"},{"type":"pause","duration":10},{"type":"keyUp","value":"î€‡"}]}]}
RESULT: {"actions":[{"id":"action64","type":"key","parameters":{},"actions":[{"type":"keyDown","value":"î€‡"},{"type":"pause","duration":10},{"type":"keyUp","value":"î€‡"}]}]}
COMMAND: GET /session/ee4ef4c40535e05b41317013d6b0695a/screenshot - {}
RESULT: {}
COMMAND: POST /session/ee4ef4c40535e05b41317013d6b0695a/execute/async - {"script":"<script> [1562 bytes]","args":[{"selector":{"id":"application-manageconditionprice-display-component---newCondition--condBillCond-arrow"},"wdio_ui5_key":"applicationmanageconditionprice-display-component---newCondition--condBillCond-arrow"}]}
RESULT: {"script":"<script> [1562 bytes]","args":[{"selector":{"id":"application-manageconditionprice-display-component---newCondition--condBillCond-arrow"},"wdio_ui5_key":"applicationmanageconditionprice-display-component---newCondition--condBillCond-arrow"}]}
RESULT: undefined
COMMAND: POST /session/ee4ef4c40535e05b41317013d6b0695a/element - {"using":"xpath","value":"//*[@id=\"application-manageconditionprice-display-component---newCondition--condBillCond-arrow\"]"}
RESULT: {"using":"xpath","value":"//*[@id=\"application-manageconditionprice-display-component---newCondition--condBillCond-arrow\"]"}
COMMAND: POST /session/ee4ef4c40535e05b41317013d6b0695a/element/f.00329360D5A862BC98A13AE160565CE6.d.ACE617313F31835C9AD56FA0AB68FD69.e.14562/click - {}
RESULT: {}
COMMAND: GET /session/ee4ef4c40535e05b41317013d6b0695a/screenshot - {}
RESULT: {}
COMMAND: POST /session/ee4ef4c40535e05b41317013d6b0695a/element - {"using":"xpath","value":"//li[.//span[contains(text(), \"DISP - D&I special price\")]]"}
RESULT: {"using":"xpath","value":"//li[.//span[contains(text(), \"DISP - D&I special price\")]]"}
COMMAND: POST /session/ee4ef4c40535e05b41317013d6b0695a/element/f.00329360D5A862BC98A13AE160565CE6.d.ACE617313F31835C9AD56FA0AB68FD69.e.14565/click - {}
RESULT: {}
COMMAND: GET /session/ee4ef4c40535e05b41317013d6b0695a/screenshot - {}
RESULT: {}
COMMAND: POST /session/ee4ef4c40535e05b41317013d6b0695a/execute/async - {"script":"<script> [1562 bytes]","args":[{"selector":{"id":"application-manageconditionprice-display-component---newCondition--condValidTo","interaction":{"idSuffix":"inner"}},"wdio_ui5_key":"applicationmanageconditionprice-display-component---newCondition--condValidTo"}]}
RESULT: {"script":"<script> [1562 bytes]","args":[{"selector":{"id":"application-manageconditionprice-display-component---newCondition--condValidTo","interaction":{"idSuffix":"inner"}},"wdio_ui5_key":"applicationmanageconditionprice-display-component---newCondition--condValidTo"}]}
RESULT: undefined
COMMAND: POST /session/ee4ef4c40535e05b41317013d6b0695a/execute/async - {"script":"<script> [776 bytes]","args":[{"enterText":"01/14/26","selector":{"id":"application-manageconditionprice-display-component---newCondition--condValidTo","interaction":{"idSuffix":"inner"}},"clearTextFirst":true,"interactionType":"ENTER_TEXT"}]}
RESULT: {"script":"<script> [776 bytes]","args":[{"enterText":"01/14/26","selector":{"id":"application-manageconditionprice-display-component---newCondition--condValidTo","interaction":{"idSuffix":"inner"}},"clearTextFirst":true,"interactionType":"ENTER_TEXT"}]}
COMMAND: POST /session/ee4ef4c40535e05b41317013d6b0695a/element - {"using":"xpath","value":"//input[@id=\"application-manageconditionprice-display-component---newCondition--condRU-inner\"]"}
RESULT: {"using":"xpath","value":"//input[@id=\"application-manageconditionprice-display-component---newCondition--condRU-inner\"]"}
COMMAND: POST /session/ee4ef4c40535e05b41317013d6b0695a/element/f.00329360D5A862BC98A13AE160565CE6.d.ACE617313F31835C9AD56FA0AB68FD69.e.14398/clear - {}
RESULT: {}
COMMAND: POST /session/ee4ef4c40535e05b41317013d6b0695a/element/f.00329360D5A862BC98A13AE160565CE6.d.ACE617313F31835C9AD56FA0AB68FD69.e.14398/value - {"text":"EzqzfA7uU9"}
COMMAND: GET /session/ee4ef4c40535e05b41317013d6b0695a/screenshot - {}
RESULT: {"text":"EzqzfA7uU9"}
COMMAND: GET /session/ee4ef4c40535e05b41317013d6b0695a/screenshot - {}
RESULT: {}
RESULT: {}
COMMAND: POST /session/ee4ef4c40535e05b41317013d6b0695a/actions - {"actions":[{"id":"action65","type":"key","parameters":{},"actions":[{"type":"keyDown","value":"î€‡"},{"type":"pause","duration":10},{"type":"keyUp","value":"î€‡"}]}]}
RESULT: {"actions":[{"id":"action65","type":"key","parameters":{},"actions":[{"type":"keyDown","value":"î€‡"},{"type":"pause","duration":10},{"type":"keyUp","value":"î€‡"}]}]}
COMMAND: POST /session/ee4ef4c40535e05b41317013d6b0695a/execute/async - {"script":"<script> [1562 bytes]","args":[{"selector":{"id":"application-manageconditionprice-display-component---newCondition--condBaseQty","interaction":{"idSuffix":"inner"}},"wdio_ui5_key":"applicationmanageconditionprice-display-component---newCondition--condBaseQty"}]}
COMMAND: GET /session/ee4ef4c40535e05b41317013d6b0695a/screenshot - {}
RESULT: {"script":"<script> [1562 bytes]","args":[{"selector":{"id":"application-manageconditionprice-display-component---newCondition--condBaseQty","interaction":{"idSuffix":"inner"}},"wdio_ui5_key":"applicationmanageconditionprice-display-component---newCondition--condBaseQty"}]}
RESULT: undefined
COMMAND: POST /session/ee4ef4c40535e05b41317013d6b0695a/execute/async - {"script":"<script> [776 bytes]","args":[{"enterText":"1","selector":{"id":"application-manageconditionprice-display-component---newCondition--condBaseQty","interaction":{"idSuffix":"inner"}},"clearTextFirst":true,"interactionType":"ENTER_TEXT"}]}
RESULT: {}
RESULT: {"script":"<script> [776 bytes]","args":[{"enterText":"1","selector":{"id":"application-manageconditionprice-display-component---newCondition--condBaseQty","interaction":{"idSuffix":"inner"}},"clearTextFirst":true,"interactionType":"ENTER_TEXT"}]}
COMMAND: POST /session/ee4ef4c40535e05b41317013d6b0695a/execute/async - {"script":"<script> [1562 bytes]","args":[{"selector":{"id":"application-manageconditionprice-display-component---newCondition--condValue","interaction":{"idSuffix":"inner"}},"wdio_ui5_key":"applicationmanageconditionprice-display-component---newCondition--condValue"}]}
RESULT: {"script":"<script> [1562 bytes]","args":[{"selector":{"id":"application-manageconditionprice-display-component---newCondition--condValue","interaction":{"idSuffix":"inner"}},"wdio_ui5_key":"applicationmanageconditionprice-display-component---newCondition--condValue"}]}
RESULT: undefined
COMMAND: POST /session/ee4ef4c40535e05b41317013d6b0695a/execute/async - {"script":"<script> [776 bytes]","args":[{"enterText":"100","selector":{"id":"application-manageconditionprice-display-component---newCondition--condValue","interaction":{"idSuffix":"inner"}},"clearTextFirst":true,"interactionType":"ENTER_TEXT"}]}
RESULT: {"script":"<script> [776 bytes]","args":[{"enterText":"100","selector":{"id":"application-manageconditionprice-display-component---newCondition--condValue","interaction":{"idSuffix":"inner"}},"clearTextFirst":true,"interactionType":"ENTER_TEXT"}]}
COMMAND: POST /session/ee4ef4c40535e05b41317013d6b0695a/execute/async - {"script":"<script> [1562 bytes]","args":[{"selector":{"id":"application-manageconditionprice-display-component---newCondition--condCurr-arrow"},"wdio_ui5_key":"applicationmanageconditionprice-display-component---newCondition--condCurr-arrow"}]}
RESULT: {"script":"<script> [1562 bytes]","args":[{"selector":{"id":"application-manageconditionprice-display-component---newCondition--condCurr-arrow"},"wdio_ui5_key":"applicationmanageconditionprice-display-component---newCondition--condCurr-arrow"}]}
RESULT: undefined
COMMAND: POST /session/ee4ef4c40535e05b41317013d6b0695a/element - {"using":"xpath","value":"//*[@id=\"application-manageconditionprice-display-component---newCondition--condCurr-arrow\"]"}
RESULT: {"using":"xpath","value":"//*[@id=\"application-manageconditionprice-display-component---newCondition--condCurr-arrow\"]"}
COMMAND: POST /session/ee4ef4c40535e05b41317013d6b0695a/element/f.00329360D5A862BC98A13AE160565CE6.d.ACE617313F31835C9AD56FA0AB68FD69.e.14543/click - {}
RESULT: {}
COMMAND: POST /session/ee4ef4c40535e05b41317013d6b0695a/element - {"using":"xpath","value":"//span[contains(text(), \"Euro\")]"}
COMMAND: GET /session/ee4ef4c40535e05b41317013d6b0695a/screenshot - {}
RESULT: {"using":"xpath","value":"//span[contains(text(), \"Euro\")]"}
COMMAND: POST /session/ee4ef4c40535e05b41317013d6b0695a/element/f.00329360D5A862BC98A13AE160565CE6.d.ACE617313F31835C9AD56FA0AB68FD69.e.14602/click - {}
RESULT: {}
RESULT: {}
COMMAND: POST /session/ee4ef4c40535e05b41317013d6b0695a/element - {"using":"xpath","value":"//button[@data-kt=\"saveButton\"]"}
COMMAND: GET /session/ee4ef4c40535e05b41317013d6b0695a/screenshot - {}
RESULT: {"using":"xpath","value":"//button[@data-kt=\"saveButton\"]"}
COMMAND: POST /session/ee4ef4c40535e05b41317013d6b0695a/element/f.00329360D5A862BC98A13AE160565CE6.d.ACE617313F31835C9AD56FA0AB68FD69.e.14544/click - {}
RESULT: {}
RESULT: {}
COMMAND: GET /session/ee4ef4c40535e05b41317013d6b0695a/screenshot - {}
RESULT: {}
COMMAND: POST /session/ee4ef4c40535e05b41317013d6b0695a/execute/async - {"script":"<script> [1562 bytes]","args":[{"selector":{"id":"application-manageconditionprice-display-component---conditions--smartFilterBar-btnBasicSearch","interaction":{"idSuffix":"I"}},"wdio_ui5_key":"applicationmanageconditionprice-display-component---conditions--smartFilterBar-btnBasicSearch"}]}
RESULT: {"script":"<script> [1562 bytes]","args":[{"selector":{"id":"application-manageconditionprice-display-component---conditions--smartFilterBar-btnBasicSearch","interaction":{"idSuffix":"I"}},"wdio_ui5_key":"applicationmanageconditionprice-display-component---conditions--smartFilterBar-btnBasicSearch"}]}
RESULT: undefined
COMMAND: POST /session/ee4ef4c40535e05b41317013d6b0695a/execute/async - {"script":"<script> [776 bytes]","args":[{"enterText":"EzqzfA7uU9","selector":{"id":"application-manageconditionprice-display-component---conditions--smartFilterBar-btnBasicSearch","interaction":{"idSuffix":"I"}},"clearTextFirst":true,"interactionType":"ENTER_TEXT"}]}
RESULT: {"script":"<script> [776 bytes]","args":[{"enterText":"EzqzfA7uU9","selector":{"id":"application-manageconditionprice-display-component---conditions--smartFilterBar-btnBasicSearch","interaction":{"idSuffix":"I"}},"clearTextFirst":true,"interactionType":"ENTER_TEXT"}]}
COMMAND: POST /session/ee4ef4c40535e05b41317013d6b0695a/actions - {"actions":[{"id":"action66","type":"key","parameters":{},"actions":[{"type":"keyDown","value":"î€‡"},{"type":"pause","duration":10},{"type":"keyUp","value":"î€‡"}]}]}
RESULT: {"actions":[{"id":"action66","type":"key","parameters":{},"actions":[{"type":"keyDown","value":"î€‡"},{"type":"pause","duration":10},{"type":"keyUp","value":"î€‡"}]}]}
COMMAND: GET /session/ee4ef4c40535e05b41317013d6b0695a/screenshot - {}
RESULT: {}
COMMAND: POST /session/ee4ef4c40535e05b41317013d6b0695a/execute/async - {"script":"<script> [1562 bytes]","args":[{"selector":{"id":"application-manageconditionprice-display-component---conditions--smartFilterBar-filterItemControl_BASIC-BILL_TYPES-vhi"},"wdio_ui5_key":"applicationmanageconditionprice-display-component---conditions--smartFilterBar-filterItemControl_BASIC-BILL_TYPES-vhi"}]}
RESULT: {"script":"<script> [1562 bytes]","args":[{"selector":{"id":"application-manageconditionprice-display-component---conditions--smartFilterBar-filterItemControl_BASIC-BILL_TYPES-vhi"},"wdio_ui5_key":"applicationmanageconditionprice-display-component---conditions--smartFilterBar-filterItemControl_BASIC-BILL_TYPES-vhi"}]}
RESULT: undefined
COMMAND: POST /session/ee4ef4c40535e05b41317013d6b0695a/element - {"using":"xpath","value":"//*[@id=\"application-manageconditionprice-display-component---conditions--smartFilterBar-filterItemControl_BASIC-BILL_TYPES-vhi\"]"}
RESULT: {"using":"xpath","value":"//*[@id=\"application-manageconditionprice-display-component---conditions--smartFilterBar-filterItemControl_BASIC-BILL_TYPES-vhi\"]"}
COMMAND: POST /session/ee4ef4c40535e05b41317013d6b0695a/element/f.00329360D5A862BC98A13AE160565CE6.d.ACE617313F31835C9AD56FA0AB68FD69.e.14618/click - {}
RESULT: {}
COMMAND: POST /session/ee4ef4c40535e05b41317013d6b0695a/execute/async - {"script":"<script> [1562 bytes]","args":[{"selector":{"id":"application-manageconditionprice-display-component---conditions--smartFilterBar-filterItemControl_BASIC-BILL_TYPES-valueHelpDialog-smartFilterBar-btnBasicSearch","searchOpenDialogs":true,"interaction":{"idSuffix":"I"}},"wdio_ui5_key":"applicationmanageconditionprice-display-component---conditions--smartFilterBar-filterItemControl_BASIC-BILL_TYPES-valueHelpDialog-smartFilterBar-btnBasicSearch"}]}
COMMAND: GET /session/ee4ef4c40535e05b41317013d6b0695a/screenshot - {}
RESULT: {"script":"<script> [1562 bytes]","args":[{"selector":{"id":"application-manageconditionprice-display-component---conditions--smartFilterBar-filterItemControl_BASIC-BILL_TYPES-valueHelpDialog-smartFilterBar-btnBasicSearch","searchOpenDialogs":true,"interaction":{"idSuffix":"I"}},"wdio_ui5_key":"applicationmanageconditionprice-display-component---conditions--smartFilterBar-filterItemControl_BASIC-BILL_TYPES-valueHelpDialog-smartFilterBar-btnBasicSearch"}]}
RESULT: undefined
COMMAND: POST /session/ee4ef4c40535e05b41317013d6b0695a/execute/async - {"script":"<script> [776 bytes]","args":[{"enterText":"TB","selector":{"id":"application-manageconditionprice-display-component---conditions--smartFilterBar-filterItemControl_BASIC-BILL_TYPES-valueHelpDialog-smartFilterBar-btnBasicSearch","searchOpenDialogs":true,"interaction":{"idSuffix":"I"}},"clearTextFirst":true,"interactionType":"ENTER_TEXT"}]}
RESULT: {}
RESULT: {"script":"<script> [776 bytes]","args":[{"enterText":"TB","selector":{"id":"application-manageconditionprice-display-component---conditions--smartFilterBar-filterItemControl_BASIC-BILL_TYPES-valueHelpDialog-smartFilterBar-btnBasicSearch","searchOpenDialogs":true,"interaction":{"idSuffix":"I"}},"clearTextFirst":true,"interactionType":"ENTER_TEXT"}]}
COMMAND: POST /session/ee4ef4c40535e05b41317013d6b0695a/actions - {"actions":[{"id":"action67","type":"key","parameters":{},"actions":[{"type":"keyDown","value":"î€‡"},{"type":"pause","duration":10},{"type":"keyUp","value":"î€‡"}]}]}
RESULT: {"actions":[{"id":"action67","type":"key","parameters":{},"actions":[{"type":"keyDown","value":"î€‡"},{"type":"pause","duration":10},{"type":"keyUp","value":"î€‡"}]}]}
COMMAND: GET /session/ee4ef4c40535e05b41317013d6b0695a/screenshot - {}
RESULT: {}
COMMAND: POST /session/ee4ef4c40535e05b41317013d6b0695a/element - {"using":"xpath","value":"//div[contains(@id, 'application-manageconditionprice-display-component---conditions--smartFilterBar-filterItemControl_BASIC-BILL_TYPES-valueHelpDialog-table-rowsel0')]"}
RESULT: {"using":"xpath","value":"//div[contains(@id, 'application-manageconditionprice-display-component---conditions--smartFilterBar-filterItemControl_BASIC-BILL_TYPES-valueHelpDialog-table-rowsel0')]"}
COMMAND: POST /session/ee4ef4c40535e05b41317013d6b0695a/element/f.00329360D5A862BC98A13AE160565CE6.d.ACE617313F31835C9AD56FA0AB68FD69.e.14627/click - {}
RESULT: {}
COMMAND: GET /session/ee4ef4c40535e05b41317013d6b0695a/screenshot - {}
RESULT: {}
COMMAND: POST /session/ee4ef4c40535e05b41317013d6b0695a/element - {"using":"xpath","value":"//bdi[contains(text(), \"OK\")]"}
RESULT: {"using":"xpath","value":"//bdi[contains(text(), \"OK\")]"}
COMMAND: POST /session/ee4ef4c40535e05b41317013d6b0695a/element/f.00329360D5A862BC98A13AE160565CE6.d.ACE617313F31835C9AD56FA0AB68FD69.e.14629/click - {}
RESULT: {}
COMMAND: GET /session/ee4ef4c40535e05b41317013d6b0695a/screenshot - {}
RESULT: {}
COMMAND: POST /session/ee4ef4c40535e05b41317013d6b0695a/element - {"using":"xpath","value":"//span[@id=\"application-manageconditionprice-display-component---conditions--smartTable-header-inner\"]"}
RESULT: {"using":"xpath","value":"//span[@id=\"application-manageconditionprice-display-component---conditions--smartTable-header-inner\"]"}
COMMAND: POST /session/ee4ef4c40535e05b41317013d6b0695a/elements - {"using":"xpath","value":"//span[@id=\"application-manageconditionprice-display-component---conditions--smartTable-header-inner\"]"}
RESULT: {"using":"xpath","value":"//span[@id=\"application-manageconditionprice-display-component---conditions--smartTable-header-inner\"]"}
COMMAND: POST /session/ee4ef4c40535e05b41317013d6b0695a/execute/sync - {"script":"<script> [56 bytes]","args":[{"element-6066-11e4-a52e-4f735466cecf":"f.00329360D5A862BC98A13AE160565CE6.d.ACE617313F31835C9AD56FA0AB68FD69.e.14632","ELEMENT":"f.00329360D5A862BC98A13AE160565CE6.d.ACE617313F31835C9AD56FA0AB68FD69.e.14632"}]}
RESULT: {"script":"<script> [56 bytes]","args":[{"element-6066-11e4-a52e-4f735466cecf":"f.00329360D5A862BC98A13AE160565CE6.d.ACE617313F31835C9AD56FA0AB68FD69.e.14632","ELEMENT":"f.00329360D5A862BC98A13AE160565CE6.d.ACE617313F31835C9AD56FA0AB68FD69.e.14632"}]}
COMMAND: POST /session/ee4ef4c40535e05b41317013d6b0695a/element - {"using":"css selector","value":"#shell-header-logo"}
COMMAND: GET /session/ee4ef4c40535e05b41317013d6b0695a/screenshot - {}
RESULT: {"using":"css selector","value":"#shell-header-logo"}
COMMAND: POST /session/ee4ef4c40535e05b41317013d6b0695a/element/f.00329360D5A862BC98A13AE160565CE6.d.ACE617313F31835C9AD56FA0AB68FD69.e.14350/click - {}
RESULT: {}
RESULT: {}
COMMAND: GET /session/ee4ef4c40535e05b41317013d6b0695a/screenshot - {}
RESULT: {}
]]></system-out>
    </testcase>
  </testsuite>
</testsuites>