<?xml version="1.0" encoding="UTF-8"?>
<testsuites tests="9" failures="0" errors="0" skipped="0">
  <testsuite timestamp="2025-05-30T15:47:49" time="90.158" tests="1" failures="0" errors="0" skipped="0">
    <properties>
      <property name="specId" value="0"/>
      <property name="suiteName" value="Create a new catalogs section"/>
      <property name="capabilities" value="chrome.136_0_7103_93.windows"/>
      <property name="file" value="file:///D:/a/1/s/test/specs/R2C/create-new-webshop-catalog-section.spec.js"/>
    </properties>
    <testcase classname="chrome.136_0_7103_93.windows.Create_a_new_catalogs_section" name="Should navigate to manage catalogs and add a new section on webshop catalog" time="70.067">
      <system-out><![CDATA[
COMMAND: POST /session/77abbfc580afea80ae68b1163cbb8f65/execute/async - {"script":"<script> [1562 bytes]","args":[{"selector":{"controlType":"sap.m.GenericTile","properties":{"header":"Manage Catalogs"}},"wdio_ui5_key":"sapm.GenericTile{\"header\":\"Manage Catalogs\"}"}]}
RESULT: {"script":"<script> [1562 bytes]","args":[{"selector":{"controlType":"sap.m.GenericTile","properties":{"header":"Manage Catalogs"}},"wdio_ui5_key":"sapm.GenericTile{\"header\":\"Manage Catalogs\"}"}]}
RESULT: undefined
COMMAND: POST /session/77abbfc580afea80ae68b1163cbb8f65/element - {"using":"xpath","value":"//*[@id=\"__tile37\"]"}
RESULT: {"using":"xpath","value":"//*[@id=\"__tile37\"]"}
COMMAND: POST /session/77abbfc580afea80ae68b1163cbb8f65/element/f.6EC90BF5C139C34AB260ED37772EC165.d.7C11FB952E86E3BFD281F23A0009E3E5.e.116/click - {}
RESULT: {}
COMMAND: GET /session/77abbfc580afea80ae68b1163cbb8f65/screenshot - {}
RESULT: {}
COMMAND: POST /session/77abbfc580afea80ae68b1163cbb8f65/elements - {"using":"xpath","value":"//span[text()='Error']"}
RESULT: {"using":"xpath","value":"//span[text()='Error']"}
COMMAND: POST /session/77abbfc580afea80ae68b1163cbb8f65/execute/async - {"script":"<script> [1562 bytes]","args":[{"selector":{"controlType":"sap.m.Text","viewName":"etm.portal.ui.managecatalogs.view.MasterCatalogs","viewId":"application-managecatalogs-display-component---masterCatalogs","bindingPath":{"path":"/Catalogs('0D7502D073D53A0F1700BE067B89AFF9')","propertyPath":"DESCRIPTION","modelName":"catalogModel"}},"wdio_ui5_key":"etmportal.ui.managecatalogs.view.MasterCatalogssap.m.Text{\"path\":\"/Catalogs('0D7502D073D53A0F1700BE067B89AFF9')\",\"propertyPath\":\"DESCRIPTION\",\"modelName\":\"catalogModel\"}"}]}
RESULT: {"script":"<script> [1562 bytes]","args":[{"selector":{"controlType":"sap.m.Text","viewName":"etm.portal.ui.managecatalogs.view.MasterCatalogs","viewId":"application-managecatalogs-display-component---masterCatalogs","bindingPath":{"path":"/Catalogs('0D7502D073D53A0F1700BE067B89AFF9')","propertyPath":"DESCRIPTION","modelName":"catalogModel"}},"wdio_ui5_key":"etmportal.ui.managecatalogs.view.MasterCatalogssap.m.Text{\"path\":\"/Catalogs('0D7502D073D53A0F1700BE067B89AFF9')\",\"propertyPath\":\"DESCRIPTION\",\"modelName\":\"catalogModel\"}"}]}
RESULT: undefined
COMMAND: POST /session/77abbfc580afea80ae68b1163cbb8f65/element - {"using":"xpath","value":"//*[@id=\"__text39-application-managecatalogs-display-component---masterCatalogs--CatalogsTable-11\"]"}
RESULT: {"using":"xpath","value":"//*[@id=\"__text39-application-managecatalogs-display-component---masterCatalogs--CatalogsTable-11\"]"}
COMMAND: POST /session/77abbfc580afea80ae68b1163cbb8f65/element/f.6EC90BF5C139C34AB260ED37772EC165.d.7C11FB952E86E3BFD281F23A0009E3E5.e.146/click - {}
RESULT: {}
COMMAND: POST /session/77abbfc580afea80ae68b1163cbb8f65/execute/async - {"script":"<script> [1562 bytes]","args":[{"selector":{"controlType":"sap.ui.layout.HorizontalLayout","viewName":"etm.portal.ui.managecatalogs.view.MasterItems","viewId":"application-managecatalogs-display-component---masterCatalogItems","ancestor":{"id":"application-managecatalogs-display-component---masterCatalogItems--idCatalogItemsTree-rows-row0"}},"wdio_ui5_key":"etmportal.ui.managecatalogs.view.MasterItemssap.ui.layout.HorizontalLayout{\"id\":\"application-managecatalogs-display-component---masterCatalogItems--idCatalogItemsTree-rows-row0\"}"}]}
COMMAND: GET /session/77abbfc580afea80ae68b1163cbb8f65/screenshot - {}
RESULT: {"script":"<script> [1562 bytes]","args":[{"selector":{"controlType":"sap.ui.layout.HorizontalLayout","viewName":"etm.portal.ui.managecatalogs.view.MasterItems","viewId":"application-managecatalogs-display-component---masterCatalogItems","ancestor":{"id":"application-managecatalogs-display-component---masterCatalogItems--idCatalogItemsTree-rows-row0"}},"wdio_ui5_key":"etmportal.ui.managecatalogs.view.MasterItemssap.ui.layout.HorizontalLayout{\"id\":\"application-managecatalogs-display-component---masterCatalogItems--idCatalogItemsTree-rows-row0\"}"}]}
RESULT: undefined
COMMAND: POST /session/77abbfc580afea80ae68b1163cbb8f65/element - {"using":"xpath","value":"//*[@id=\"__layout3-__clone11\"]"}
RESULT: {}
RESULT: {"using":"xpath","value":"//*[@id=\"__layout3-__clone11\"]"}
COMMAND: POST /session/77abbfc580afea80ae68b1163cbb8f65/element/f.6EC90BF5C139C34AB260ED37772EC165.d.7C11FB952E86E3BFD281F23A0009E3E5.e.180/click - {}
RESULT: {}
COMMAND: GET /session/77abbfc580afea80ae68b1163cbb8f65/screenshot - {}
RESULT: {}
COMMAND: POST /session/77abbfc580afea80ae68b1163cbb8f65/execute/async - {"script":"<script> [1562 bytes]","args":[{"selector":{"controlType":"sap.m.Button","viewName":"etm.portal.ui.managecatalogs.view.Detail","viewId":"application-managecatalogs-display-component---detailCatalog","i18NText":{"propertyName":"text","key":"edit"},"interaction":{"idSuffix":"BDI-content"}},"wdio_ui5_key":"etmportal.ui.managecatalogs.view.Detailsap.m.Button{\"propertyName\":\"text\",\"key\":\"edit\"}"}]}
RESULT: {"script":"<script> [1562 bytes]","args":[{"selector":{"controlType":"sap.m.Button","viewName":"etm.portal.ui.managecatalogs.view.Detail","viewId":"application-managecatalogs-display-component---detailCatalog","i18NText":{"propertyName":"text","key":"edit"},"interaction":{"idSuffix":"BDI-content"}},"wdio_ui5_key":"etmportal.ui.managecatalogs.view.Detailsap.m.Button{\"propertyName\":\"text\",\"key\":\"edit\"}"}]}
RESULT: undefined
COMMAND: POST /session/77abbfc580afea80ae68b1163cbb8f65/element - {"using":"xpath","value":"//*[@id=\"__button35\"]"}
RESULT: {"using":"xpath","value":"//*[@id=\"__button35\"]"}
COMMAND: POST /session/77abbfc580afea80ae68b1163cbb8f65/element/f.6EC90BF5C139C34AB260ED37772EC165.d.7C11FB952E86E3BFD281F23A0009E3E5.e.290/click - {}
RESULT: {}
COMMAND: GET /session/77abbfc580afea80ae68b1163cbb8f65/screenshot - {}
RESULT: {}
COMMAND: POST /session/77abbfc580afea80ae68b1163cbb8f65/element - {"using":"xpath","value":"//bdi[contains(text(), \"Unlock\")]"}
RESULT: {"using":"xpath","value":"//bdi[contains(text(), \"Unlock\")]"}
COMMAND: POST /session/77abbfc580afea80ae68b1163cbb8f65/elements - {"using":"xpath","value":"//bdi[contains(text(), \"Unlock\")]"}
RESULT: {"using":"xpath","value":"//bdi[contains(text(), \"Unlock\")]"}
COMMAND: POST /session/77abbfc580afea80ae68b1163cbb8f65/execute/async - {"script":"<script> [1562 bytes]","args":[{"selector":{"controlType":"sap.ui.core.Icon","viewName":"etm.portal.ui.managecatalogs.view.Detail","viewId":"application-managecatalogs-display-component---detailCatalog","properties":{"src":{"regex":{"source":"add\\-folder"}}}},"wdio_ui5_key":"etmportal.ui.managecatalogs.view.Detailsap.ui.core.Icon{\"src\":{\"regex\":{\"source\":\"add\\\\-folder\"}}}"}]}
RESULT: {"script":"<script> [1562 bytes]","args":[{"selector":{"controlType":"sap.ui.core.Icon","viewName":"etm.portal.ui.managecatalogs.view.Detail","viewId":"application-managecatalogs-display-component---detailCatalog","properties":{"src":{"regex":{"source":"add\\-folder"}}}},"wdio_ui5_key":"etmportal.ui.managecatalogs.view.Detailsap.ui.core.Icon{\"src\":{\"regex\":{\"source\":\"add\\\\-folder\"}}}"}]}
RESULT: undefined
COMMAND: POST /session/77abbfc580afea80ae68b1163cbb8f65/element - {"using":"xpath","value":"//*[@id=\"__button43-img\"]"}
RESULT: {"using":"xpath","value":"//*[@id=\"__button43-img\"]"}
COMMAND: POST /session/77abbfc580afea80ae68b1163cbb8f65/element/f.6EC90BF5C139C34AB260ED37772EC165.d.7C11FB952E86E3BFD281F23A0009E3E5.e.299/click - {}
RESULT: {}
COMMAND: GET /session/77abbfc580afea80ae68b1163cbb8f65/screenshot - {}
RESULT: {}
COMMAND: POST /session/77abbfc580afea80ae68b1163cbb8f65/execute/async - {"script":"<script> [1562 bytes]","args":[{"selector":{"id":"application-managecatalogs-display-component---detailCatalog--numberInput","searchOpenDialogs":true,"interaction":{"idSuffix":"inner"}},"wdio_ui5_key":"applicationmanagecatalogs-display-component---detailCatalog--numberInput"}]}
RESULT: {"script":"<script> [1562 bytes]","args":[{"selector":{"id":"application-managecatalogs-display-component---detailCatalog--numberInput","searchOpenDialogs":true,"interaction":{"idSuffix":"inner"}},"wdio_ui5_key":"applicationmanagecatalogs-display-component---detailCatalog--numberInput"}]}
RESULT: undefined
COMMAND: POST /session/77abbfc580afea80ae68b1163cbb8f65/execute/async - {"script":"<script> [776 bytes]","args":[{"enterText":"Sectionv9qx6","selector":{"id":"application-managecatalogs-display-component---detailCatalog--numberInput","searchOpenDialogs":true,"interaction":{"idSuffix":"inner"}},"clearTextFirst":true,"interactionType":"ENTER_TEXT"}]}
RESULT: {"script":"<script> [776 bytes]","args":[{"enterText":"Sectionv9qx6","selector":{"id":"application-managecatalogs-display-component---detailCatalog--numberInput","searchOpenDialogs":true,"interaction":{"idSuffix":"inner"}},"clearTextFirst":true,"interactionType":"ENTER_TEXT"}]}
COMMAND: POST /session/77abbfc580afea80ae68b1163cbb8f65/element - {"using":"css selector","value":"#application-managecatalogs-display-component---detailCatalog--nameInput-inner"}
RESULT: {"using":"css selector","value":"#application-managecatalogs-display-component---detailCatalog--nameInput-inner"}
COMMAND: POST /session/77abbfc580afea80ae68b1163cbb8f65/elements - {"using":"css selector","value":"#application-managecatalogs-display-component---detailCatalog--nameInput-inner"}
RESULT: {"using":"css selector","value":"#application-managecatalogs-display-component---detailCatalog--nameInput-inner"}
COMMAND: POST /session/77abbfc580afea80ae68b1163cbb8f65/element/f.6EC90BF5C139C34AB260ED37772EC165.d.7C11FB952E86E3BFD281F23A0009E3E5.e.303/clear - {}
RESULT: {}
COMMAND: POST /session/77abbfc580afea80ae68b1163cbb8f65/element/f.6EC90BF5C139C34AB260ED37772EC165.d.7C11FB952E86E3BFD281F23A0009E3E5.e.303/value - {"text":"Webdriverik35j"}
COMMAND: GET /session/77abbfc580afea80ae68b1163cbb8f65/screenshot - {}
RESULT: {"text":"Webdriverik35j"}
COMMAND: POST /session/77abbfc580afea80ae68b1163cbb8f65/execute/async - {"script":"<script> [1562 bytes]","args":[{"selector":{"controlType":"sap.m.Button","viewName":"etm.portal.ui.managecatalogs.view.Detail","viewId":"application-managecatalogs-display-component---detailCatalog","i18NText":{"propertyName":"text","key":"create"},"searchOpenDialogs":true,"interaction":{"idSuffix":"BDI-content"}},"wdio_ui5_key":"etmportal.ui.managecatalogs.view.Detailsap.m.Button{\"propertyName\":\"text\",\"key\":\"create\"}"}]}
COMMAND: GET /session/77abbfc580afea80ae68b1163cbb8f65/screenshot - {}
RESULT: {}
RESULT: {"script":"<script> [1562 bytes]","args":[{"selector":{"controlType":"sap.m.Button","viewName":"etm.portal.ui.managecatalogs.view.Detail","viewId":"application-managecatalogs-display-component---detailCatalog","i18NText":{"propertyName":"text","key":"create"},"searchOpenDialogs":true,"interaction":{"idSuffix":"BDI-content"}},"wdio_ui5_key":"etmportal.ui.managecatalogs.view.Detailsap.m.Button{\"propertyName\":\"text\",\"key\":\"create\"}"}]}
RESULT: undefined
COMMAND: POST /session/77abbfc580afea80ae68b1163cbb8f65/element - {"using":"xpath","value":"//*[@id=\"__button13\"]"}
RESULT: {}
RESULT: {"using":"xpath","value":"//*[@id=\"__button13\"]"}
COMMAND: POST /session/77abbfc580afea80ae68b1163cbb8f65/element/f.6EC90BF5C139C34AB260ED37772EC165.d.7C11FB952E86E3BFD281F23A0009E3E5.e.309/click - {}
RESULT: {}
COMMAND: GET /session/77abbfc580afea80ae68b1163cbb8f65/screenshot - {}
RESULT: {}
COMMAND: POST /session/77abbfc580afea80ae68b1163cbb8f65/element - {"using":"xpath","value":"//button[@title=\"Save\"]"}
RESULT: {"using":"xpath","value":"//button[@title=\"Save\"]"}
COMMAND: POST /session/77abbfc580afea80ae68b1163cbb8f65/element/f.6EC90BF5C139C34AB260ED37772EC165.d.7C11FB952E86E3BFD281F23A0009E3E5.e.310/click - {}
RESULT: {}
COMMAND: POST /session/77abbfc580afea80ae68b1163cbb8f65/execute/async - {"script":"<script> [1562 bytes]","args":[{"selector":{"controlType":"sap.ui.core.Icon","viewName":"etm.portal.ui.managecatalogs.view.Detail","viewId":"application-managecatalogs-display-component---detailCatalog","properties":{"src":{"regex":{"source":"decline"}}}},"wdio_ui5_key":"etmportal.ui.managecatalogs.view.Detailsap.ui.core.Icon{\"src\":{\"regex\":{\"source\":\"decline\"}}}"}]}
COMMAND: GET /session/77abbfc580afea80ae68b1163cbb8f65/screenshot - {}
RESULT: {"script":"<script> [1562 bytes]","args":[{"selector":{"controlType":"sap.ui.core.Icon","viewName":"etm.portal.ui.managecatalogs.view.Detail","viewId":"application-managecatalogs-display-component---detailCatalog","properties":{"src":{"regex":{"source":"decline"}}}},"wdio_ui5_key":"etmportal.ui.managecatalogs.view.Detailsap.ui.core.Icon{\"src\":{\"regex\":{\"source\":\"decline\"}}}"}]}
RESULT: undefined
COMMAND: POST /session/77abbfc580afea80ae68b1163cbb8f65/element - {"using":"xpath","value":"//*[@id=\"__button38-img\"]"}
RESULT: {}
RESULT: {"using":"xpath","value":"//*[@id=\"__button38-img\"]"}
COMMAND: POST /session/77abbfc580afea80ae68b1163cbb8f65/element/f.6EC90BF5C139C34AB260ED37772EC165.d.7C11FB952E86E3BFD281F23A0009E3E5.e.316/click - {}
RESULT: {}
COMMAND: GET /session/77abbfc580afea80ae68b1163cbb8f65/screenshot - {}
RESULT: {}
COMMAND: POST /session/77abbfc580afea80ae68b1163cbb8f65/execute/async - {"script":"<script> [1562 bytes]","args":[{"selector":{"controlType":"sap.ui.core.Icon","viewName":"etm.portal.ui.managecatalogs.view.MasterItems","viewId":"application-managecatalogs-display-component---masterCatalogItems","properties":{"src":{"regex":{"source":"refresh"}}}},"wdio_ui5_key":"etmportal.ui.managecatalogs.view.MasterItemssap.ui.core.Icon{\"src\":{\"regex\":{\"source\":\"refresh\"}}}"}]}
RESULT: {"script":"<script> [1562 bytes]","args":[{"selector":{"controlType":"sap.ui.core.Icon","viewName":"etm.portal.ui.managecatalogs.view.MasterItems","viewId":"application-managecatalogs-display-component---masterCatalogItems","properties":{"src":{"regex":{"source":"refresh"}}}},"wdio_ui5_key":"etmportal.ui.managecatalogs.view.MasterItemssap.ui.core.Icon{\"src\":{\"regex\":{\"source\":\"refresh\"}}}"}]}
RESULT: undefined
COMMAND: POST /session/77abbfc580afea80ae68b1163cbb8f65/element - {"using":"xpath","value":"//*[@id=\"__button11-img\"]"}
RESULT: {"using":"xpath","value":"//*[@id=\"__button11-img\"]"}
COMMAND: POST /session/77abbfc580afea80ae68b1163cbb8f65/element/f.6EC90BF5C139C34AB260ED37772EC165.d.7C11FB952E86E3BFD281F23A0009E3E5.e.352/click - {}
RESULT: {}
COMMAND: POST /session/77abbfc580afea80ae68b1163cbb8f65/execute/async - {"script":"<script> [1562 bytes]","args":[{"selector":{"id":"application-managecatalogs-display-component---masterCatalogItems--searchItemsField","interaction":{"idSuffix":"I"}},"wdio_ui5_key":"applicationmanagecatalogs-display-component---masterCatalogItems--searchItemsField"}]}
COMMAND: GET /session/77abbfc580afea80ae68b1163cbb8f65/screenshot - {}
RESULT: {"script":"<script> [1562 bytes]","args":[{"selector":{"id":"application-managecatalogs-display-component---masterCatalogItems--searchItemsField","interaction":{"idSuffix":"I"}},"wdio_ui5_key":"applicationmanagecatalogs-display-component---masterCatalogItems--searchItemsField"}]}
RESULT: undefined
COMMAND: POST /session/77abbfc580afea80ae68b1163cbb8f65/execute/async - {"script":"<script> [776 bytes]","args":[{"enterText":"Webdriverik35j","selector":{"id":"application-managecatalogs-display-component---masterCatalogItems--searchItemsField","interaction":{"idSuffix":"I"}},"clearTextFirst":true,"interactionType":"ENTER_TEXT"}]}
RESULT: {}
RESULT: {"script":"<script> [776 bytes]","args":[{"enterText":"Webdriverik35j","selector":{"id":"application-managecatalogs-display-component---masterCatalogItems--searchItemsField","interaction":{"idSuffix":"I"}},"clearTextFirst":true,"interactionType":"ENTER_TEXT"}]}
COMMAND: POST /session/77abbfc580afea80ae68b1163cbb8f65/actions - {"actions":[{"id":"action1","type":"key","parameters":{},"actions":[{"type":"keyDown","value":""},{"type":"pause","duration":10},{"type":"keyUp","value":""}]}]}
RESULT: {"actions":[{"id":"action1","type":"key","parameters":{},"actions":[{"type":"keyDown","value":""},{"type":"pause","duration":10},{"type":"keyUp","value":""}]}]}
COMMAND: POST /session/77abbfc580afea80ae68b1163cbb8f65/element - {"using":"xpath","value":"(//span[contains(text(), \"Webdriverik35j\")])[1]"}
COMMAND: GET /session/77abbfc580afea80ae68b1163cbb8f65/screenshot - {}
RESULT: {"using":"xpath","value":"(//span[contains(text(), \"Webdriverik35j\")])[1]"}
COMMAND: POST /session/77abbfc580afea80ae68b1163cbb8f65/element/f.6EC90BF5C139C34AB260ED37772EC165.d.7C11FB952E86E3BFD281F23A0009E3E5.e.355/click - {}
RESULT: {}
RESULT: {}
COMMAND: GET /session/77abbfc580afea80ae68b1163cbb8f65/screenshot - {}
RESULT: {}
RESULT: undefined
COMMAND: POST /session/77abbfc580afea80ae68b1163cbb8f65/element - {"using":"xpath","value":"//*[@id=\"__button35\"]"}
RESULT: {"using":"xpath","value":"//*[@id=\"__button35\"]"}
COMMAND: POST /session/77abbfc580afea80ae68b1163cbb8f65/element/f.6EC90BF5C139C34AB260ED37772EC165.d.7C11FB952E86E3BFD281F23A0009E3E5.e.392/click - {}
RESULT: {}
COMMAND: GET /session/77abbfc580afea80ae68b1163cbb8f65/screenshot - {}
RESULT: {}
RESULT: undefined
COMMAND: POST /session/77abbfc580afea80ae68b1163cbb8f65/element - {"using":"xpath","value":"//*[@id=\"__button43-img\"]"}
RESULT: {"using":"xpath","value":"//*[@id=\"__button43-img\"]"}
COMMAND: POST /session/77abbfc580afea80ae68b1163cbb8f65/element/f.6EC90BF5C139C34AB260ED37772EC165.d.7C11FB952E86E3BFD281F23A0009E3E5.e.439/click - {}
RESULT: {}
COMMAND: GET /session/77abbfc580afea80ae68b1163cbb8f65/screenshot - {}
RESULT: {}
RESULT: undefined
COMMAND: POST /session/77abbfc580afea80ae68b1163cbb8f65/execute/async - {"script":"<script> [776 bytes]","args":[{"enterText":"SecondSection1yw63i","selector":{"id":"application-managecatalogs-display-component---detailCatalog--numberInput","searchOpenDialogs":true,"interaction":{"idSuffix":"inner"}},"clearTextFirst":true,"interactionType":"ENTER_TEXT"}]}
RESULT: {"script":"<script> [776 bytes]","args":[{"enterText":"SecondSection1yw63i","selector":{"id":"application-managecatalogs-display-component---detailCatalog--numberInput","searchOpenDialogs":true,"interaction":{"idSuffix":"inner"}},"clearTextFirst":true,"interactionType":"ENTER_TEXT"}]}
COMMAND: POST /session/77abbfc580afea80ae68b1163cbb8f65/element - {"using":"xpath","value":"//input[contains(@id ,\"application-managecatalogs-display-component---detailCatalog--nameInput-inner\")]"}
RESULT: {"using":"xpath","value":"//input[contains(@id ,\"application-managecatalogs-display-component---detailCatalog--nameInput-inner\")]"}
COMMAND: POST /session/77abbfc580afea80ae68b1163cbb8f65/elements - {"using":"xpath","value":"//input[contains(@id ,\"application-managecatalogs-display-component---detailCatalog--nameInput-inner\")]"}
RESULT: {"using":"xpath","value":"//input[contains(@id ,\"application-managecatalogs-display-component---detailCatalog--nameInput-inner\")]"}
COMMAND: POST /session/77abbfc580afea80ae68b1163cbb8f65/element/f.6EC90BF5C139C34AB260ED37772EC165.d.7C11FB952E86E3BFD281F23A0009E3E5.e.443/clear - {}
RESULT: {}
COMMAND: POST /session/77abbfc580afea80ae68b1163cbb8f65/element/f.6EC90BF5C139C34AB260ED37772EC165.d.7C11FB952E86E3BFD281F23A0009E3E5.e.443/value - {"text":"webdriversecondrw9s2"}
COMMAND: GET /session/77abbfc580afea80ae68b1163cbb8f65/screenshot - {}
RESULT: {}
RESULT: {"text":"webdriversecondrw9s2"}
COMMAND: POST /session/77abbfc580afea80ae68b1163cbb8f65/execute/async - {"script":"<script> [1562 bytes]","args":[{"selector":{"id":"application-managecatalogs-display-component---detailCatalog--nameInput","searchOpenDialogs":true,"interaction":{"idSuffix":"inner"}},"wdio_ui5_key":"applicationmanagecatalogs-display-component---detailCatalog--nameInput"}]}
COMMAND: GET /session/77abbfc580afea80ae68b1163cbb8f65/screenshot - {}
RESULT: {"script":"<script> [1562 bytes]","args":[{"selector":{"id":"application-managecatalogs-display-component---detailCatalog--nameInput","searchOpenDialogs":true,"interaction":{"idSuffix":"inner"}},"wdio_ui5_key":"applicationmanagecatalogs-display-component---detailCatalog--nameInput"}]}
RESULT: undefined
COMMAND: POST /session/77abbfc580afea80ae68b1163cbb8f65/execute/async - {"script":"<script> [776 bytes]","args":[{"enterText":"webdriversecondrw9s2","selector":{"id":"application-managecatalogs-display-component---detailCatalog--nameInput","searchOpenDialogs":true,"interaction":{"idSuffix":"inner"}},"clearTextFirst":true,"interactionType":"ENTER_TEXT"}]}
RESULT: {}
RESULT: {"script":"<script> [776 bytes]","args":[{"enterText":"webdriversecondrw9s2","selector":{"id":"application-managecatalogs-display-component---detailCatalog--nameInput","searchOpenDialogs":true,"interaction":{"idSuffix":"inner"}},"clearTextFirst":true,"interactionType":"ENTER_TEXT"}]}
RESULT: undefined
COMMAND: POST /session/77abbfc580afea80ae68b1163cbb8f65/element - {"using":"xpath","value":"//*[@id=\"__button13\"]"}
RESULT: {"using":"xpath","value":"//*[@id=\"__button13\"]"}
COMMAND: POST /session/77abbfc580afea80ae68b1163cbb8f65/element/f.6EC90BF5C139C34AB260ED37772EC165.d.7C11FB952E86E3BFD281F23A0009E3E5.e.447/click - {}
RESULT: {}
COMMAND: GET /session/77abbfc580afea80ae68b1163cbb8f65/screenshot - {}
RESULT: {}
COMMAND: POST /session/77abbfc580afea80ae68b1163cbb8f65/element - {"using":"xpath","value":"//button[@title=\"Save\"]"}
RESULT: {"using":"xpath","value":"//button[@title=\"Save\"]"}
COMMAND: POST /session/77abbfc580afea80ae68b1163cbb8f65/element/f.6EC90BF5C139C34AB260ED37772EC165.d.7C11FB952E86E3BFD281F23A0009E3E5.e.425/click - {}
RESULT: {}
COMMAND: GET /session/77abbfc580afea80ae68b1163cbb8f65/screenshot - {}
RESULT: {}
RESULT: undefined
COMMAND: POST /session/77abbfc580afea80ae68b1163cbb8f65/element - {"using":"xpath","value":"//*[@id=\"__button38-img\"]"}
RESULT: {"using":"xpath","value":"//*[@id=\"__button38-img\"]"}
COMMAND: POST /session/77abbfc580afea80ae68b1163cbb8f65/element/f.6EC90BF5C139C34AB260ED37772EC165.d.7C11FB952E86E3BFD281F23A0009E3E5.e.399/click - {}
RESULT: {}
COMMAND: GET /session/77abbfc580afea80ae68b1163cbb8f65/screenshot - {}
RESULT: {}
RESULT: undefined
COMMAND: POST /session/77abbfc580afea80ae68b1163cbb8f65/element - {"using":"xpath","value":"//*[@id=\"__button11-img\"]"}
RESULT: {"using":"xpath","value":"//*[@id=\"__button11-img\"]"}
COMMAND: POST /session/77abbfc580afea80ae68b1163cbb8f65/element/f.6EC90BF5C139C34AB260ED37772EC165.d.7C11FB952E86E3BFD281F23A0009E3E5.e.485/click - {}
RESULT: {}
COMMAND: GET /session/77abbfc580afea80ae68b1163cbb8f65/screenshot - {}
RESULT: {}
RESULT: undefined
COMMAND: POST /session/77abbfc580afea80ae68b1163cbb8f65/execute/async - {"script":"<script> [776 bytes]","args":[{"enterText":"SecondSection1yw63i","selector":{"id":"application-managecatalogs-display-component---masterCatalogItems--searchItemsField","interaction":{"idSuffix":"I"}},"clearTextFirst":true,"interactionType":"ENTER_TEXT"}]}
RESULT: {"script":"<script> [776 bytes]","args":[{"enterText":"SecondSection1yw63i","selector":{"id":"application-managecatalogs-display-component---masterCatalogItems--searchItemsField","interaction":{"idSuffix":"I"}},"clearTextFirst":true,"interactionType":"ENTER_TEXT"}]}
COMMAND: POST /session/77abbfc580afea80ae68b1163cbb8f65/actions - {"actions":[{"id":"action2","type":"key","parameters":{},"actions":[{"type":"keyDown","value":""},{"type":"pause","duration":10},{"type":"keyUp","value":""}]}]}
RESULT: {"actions":[{"id":"action2","type":"key","parameters":{},"actions":[{"type":"keyDown","value":""},{"type":"pause","duration":10},{"type":"keyUp","value":""}]}]}
COMMAND: POST /session/77abbfc580afea80ae68b1163cbb8f65/element - {"using":"xpath","value":"(//span[contains(text(), \"SecondSection1yw63i\")])[1]"}
COMMAND: GET /session/77abbfc580afea80ae68b1163cbb8f65/screenshot - {}
RESULT: {"using":"xpath","value":"(//span[contains(text(), \"SecondSection1yw63i\")])[1]"}
COMMAND: POST /session/77abbfc580afea80ae68b1163cbb8f65/element/f.6EC90BF5C139C34AB260ED37772EC165.d.7C11FB952E86E3BFD281F23A0009E3E5.e.488/click - {}
RESULT: {}
RESULT: {}
COMMAND: POST /session/77abbfc580afea80ae68b1163cbb8f65/element - {"using":"xpath","value":"(//span[contains(text(), \"SecondSection1yw63i\")])[1]"}
COMMAND: GET /session/77abbfc580afea80ae68b1163cbb8f65/screenshot - {}
RESULT: {"using":"xpath","value":"(//span[contains(text(), \"SecondSection1yw63i\")])[1]"}
COMMAND: GET /session/77abbfc580afea80ae68b1163cbb8f65/element/f.6EC90BF5C139C34AB260ED37772EC165.d.7C11FB952E86E3BFD281F23A0009E3E5.e.488/text - {}
RESULT: {}
COMMAND: POST /session/77abbfc580afea80ae68b1163cbb8f65/element - {"using":"xpath","value":"(//span[contains(text(), \"SecondSection1yw63i\")])[1]"}
RESULT: {"using":"xpath","value":"(//span[contains(text(), \"SecondSection1yw63i\")])[1]"}
COMMAND: GET /session/77abbfc580afea80ae68b1163cbb8f65/element/f.6EC90BF5C139C34AB260ED37772EC165.d.7C11FB952E86E3BFD281F23A0009E3E5.e.488/text - {}
COMMAND: POST /session/77abbfc580afea80ae68b1163cbb8f65/element - {"using":"xpath","value":"(//span[contains(text(), \"SecondSection1yw63i\")])[1]"}
RESULT: {"using":"xpath","value":"(//span[contains(text(), \"SecondSection1yw63i\")])[1]"}
COMMAND: GET /session/77abbfc580afea80ae68b1163cbb8f65/element/f.6EC90BF5C139C34AB260ED37772EC165.d.7C11FB952E86E3BFD281F23A0009E3E5.e.541/text - {}
RESULT: {}
COMMAND: POST /session/77abbfc580afea80ae68b1163cbb8f65/element - {"using":"css selector","value":"#shell-header-logo"}
RESULT: {"using":"css selector","value":"#shell-header-logo"}
COMMAND: POST /session/77abbfc580afea80ae68b1163cbb8f65/element/f.6EC90BF5C139C34AB260ED37772EC165.d.7C11FB952E86E3BFD281F23A0009E3E5.e.119/click - {}
RESULT: {}
COMMAND: GET /session/77abbfc580afea80ae68b1163cbb8f65/screenshot - {}
RESULT: {}
COMMAND: POST /session/77abbfc580afea80ae68b1163cbb8f65/execute/async - {"script":"<script> [1562 bytes]","args":[{"selector":{"controlType":"sap.m.GenericTile","properties":{"header":"Manage Classifications"}},"wdio_ui5_key":"sapm.GenericTile{\"header\":\"Manage Classifications\"}"}]}
RESULT: {"script":"<script> [1562 bytes]","args":[{"selector":{"controlType":"sap.m.GenericTile","properties":{"header":"Manage Classifications"}},"wdio_ui5_key":"sapm.GenericTile{\"header\":\"Manage Classifications\"}"}]}
RESULT: undefined
COMMAND: POST /session/77abbfc580afea80ae68b1163cbb8f65/element - {"using":"xpath","value":"//*[@id=\"__tile115\"]"}
RESULT: {"using":"xpath","value":"//*[@id=\"__tile115\"]"}
COMMAND: POST /session/77abbfc580afea80ae68b1163cbb8f65/element/f.6EC90BF5C139C34AB260ED37772EC165.d.7C11FB952E86E3BFD281F23A0009E3E5.e.547/click - {}
RESULT: {}
COMMAND: GET /session/77abbfc580afea80ae68b1163cbb8f65/screenshot - {}
RESULT: {}
COMMAND: POST /session/77abbfc580afea80ae68b1163cbb8f65/elements - {"using":"xpath","value":"//span[text()='Error']"}
RESULT: {"using":"xpath","value":"//span[text()='Error']"}
]]></system-out>
    </testcase>
  </testsuite>
  <testsuite timestamp="2025-05-30T15:49:19" time="233.047" tests="3" failures="0" errors="0" skipped="0">
    <properties>
      <property name="specId" value="0"/>
      <property name="suiteName" value="Manage catalogs - yard assignment classification US138930"/>
      <property name="capabilities" value="chrome.136_0_7103_93.windows"/>
      <property name="file" value="file:///D:/a/1/s/test/specs/R2C/manage-catalogs-yard-assignment-classification.spec.js"/>
    </properties>
    <testcase classname="chrome.136_0_7103_93.windows.Manage_catalogs_-_yard_assignment_classification_US138930" name="Should create a new classification of type yard assignment" time="34.621">
      <system-out><![CDATA[
COMMAND: POST /session/77abbfc580afea80ae68b1163cbb8f65/execute/async - {"script":"<script> [1562 bytes]","args":[{"selector":{"controlType":"sap.ui.core.Icon","viewName":"etm.portal.ui.manageclassifications.view.Master","viewId":"application-manageclassifications-display-component---classificationMaster","properties":{"src":{"regex":{"source":"add"}}}},"wdio_ui5_key":"etmportal.ui.manageclassifications.view.Mastersap.ui.core.Icon{\"src\":{\"regex\":{\"source\":\"add\"}}}"}]}
RESULT: {"script":"<script> [1562 bytes]","args":[{"selector":{"controlType":"sap.ui.core.Icon","viewName":"etm.portal.ui.manageclassifications.view.Master","viewId":"application-manageclassifications-display-component---classificationMaster","properties":{"src":{"regex":{"source":"add"}}}},"wdio_ui5_key":"etmportal.ui.manageclassifications.view.Mastersap.ui.core.Icon{\"src\":{\"regex\":{\"source\":\"add\"}}}"}]}
RESULT: undefined
COMMAND: POST /session/77abbfc580afea80ae68b1163cbb8f65/element - {"using":"xpath","value":"//*[@id=\"__button77-img\"]"}
RESULT: {"using":"xpath","value":"//*[@id=\"__button77-img\"]"}
COMMAND: POST /session/77abbfc580afea80ae68b1163cbb8f65/element/f.6EC90BF5C139C34AB260ED37772EC165.d.7C11FB952E86E3BFD281F23A0009E3E5.e.585/click - {}
RESULT: {}
COMMAND: POST /session/77abbfc580afea80ae68b1163cbb8f65/execute/async - {"script":"<script> [1562 bytes]","args":[{"selector":{"id":"application-manageclassifications-display-component---classificationCreate--classHeaderName","interaction":{"idSuffix":"inner"}},"wdio_ui5_key":"applicationmanageclassifications-display-component---classificationCreate--classHeaderName"}]}
COMMAND: GET /session/77abbfc580afea80ae68b1163cbb8f65/screenshot - {}
RESULT: {"script":"<script> [1562 bytes]","args":[{"selector":{"id":"application-manageclassifications-display-component---classificationCreate--classHeaderName","interaction":{"idSuffix":"inner"}},"wdio_ui5_key":"applicationmanageclassifications-display-component---classificationCreate--classHeaderName"}]}
RESULT: undefined
COMMAND: POST /session/77abbfc580afea80ae68b1163cbb8f65/execute/async - {"script":"<script> [776 bytes]","args":[{"enterText":"WebdriverYardClass8ow5q","selector":{"id":"application-manageclassifications-display-component---classificationCreate--classHeaderName","interaction":{"idSuffix":"inner"}},"clearTextFirst":true,"interactionType":"ENTER_TEXT"}]}
RESULT: {}
RESULT: {"script":"<script> [776 bytes]","args":[{"enterText":"WebdriverYardClass8ow5q","selector":{"id":"application-manageclassifications-display-component---classificationCreate--classHeaderName","interaction":{"idSuffix":"inner"}},"clearTextFirst":true,"interactionType":"ENTER_TEXT"}]}
COMMAND: POST /session/77abbfc580afea80ae68b1163cbb8f65/execute/async - {"script":"<script> [1562 bytes]","args":[{"selector":{"controlType":"sap.ui.core.Icon","viewName":"etm.portal.ui.manageclassifications.view.Create","viewId":"application-manageclassifications-display-component---classificationCreate","properties":{"src":{"regex":{"source":"slim\\-arrow\\-down"}}}},"wdio_ui5_key":"etmportal.ui.manageclassifications.view.Createsap.ui.core.Icon{\"src\":{\"regex\":{\"source\":\"slim\\\\-arrow\\\\-down\"}}}"}]}
RESULT: {"script":"<script> [1562 bytes]","args":[{"selector":{"controlType":"sap.ui.core.Icon","viewName":"etm.portal.ui.manageclassifications.view.Create","viewId":"application-manageclassifications-display-component---classificationCreate","properties":{"src":{"regex":{"source":"slim\\-arrow\\-down"}}}},"wdio_ui5_key":"etmportal.ui.manageclassifications.view.Createsap.ui.core.Icon{\"src\":{\"regex\":{\"source\":\"slim\\\\-arrow\\\\-down\"}}}"}]}
RESULT: undefined
COMMAND: POST /session/77abbfc580afea80ae68b1163cbb8f65/element - {"using":"xpath","value":"//*[@id=\"__box48-arrow\"]"}
RESULT: {"using":"xpath","value":"//*[@id=\"__box48-arrow\"]"}
COMMAND: POST /session/77abbfc580afea80ae68b1163cbb8f65/element/f.6EC90BF5C139C34AB260ED37772EC165.d.7C11FB952E86E3BFD281F23A0009E3E5.e.1034/click - {}
RESULT: {}
COMMAND: POST /session/77abbfc580afea80ae68b1163cbb8f65/execute/async - {"script":"<script> [1562 bytes]","args":[{"selector":{"controlType":"sap.m.StandardListItem","viewName":"etm.portal.ui.manageclassifications.view.Create","viewId":"application-manageclassifications-display-component---classificationCreate","properties":{"title":"Yard assignment"},"searchOpenDialogs":true,"interaction":{"idSuffix":"titleText"}},"wdio_ui5_key":"etmportal.ui.manageclassifications.view.Createsap.m.StandardListItem{\"title\":\"Yard assignment\"}"}]}
COMMAND: GET /session/77abbfc580afea80ae68b1163cbb8f65/screenshot - {}
RESULT: {"script":"<script> [1562 bytes]","args":[{"selector":{"controlType":"sap.m.StandardListItem","viewName":"etm.portal.ui.manageclassifications.view.Create","viewId":"application-manageclassifications-display-component---classificationCreate","properties":{"title":"Yard assignment"},"searchOpenDialogs":true,"interaction":{"idSuffix":"titleText"}},"wdio_ui5_key":"etmportal.ui.manageclassifications.view.Createsap.m.StandardListItem{\"title\":\"Yard assignment\"}"}]}
RESULT: undefined
COMMAND: POST /session/77abbfc580afea80ae68b1163cbb8f65/element - {"using":"xpath","value":"//*[@id=\"__item293\"]"}
RESULT: {}
RESULT: {"using":"xpath","value":"//*[@id=\"__item293\"]"}
COMMAND: POST /session/77abbfc580afea80ae68b1163cbb8f65/element/f.6EC90BF5C139C34AB260ED37772EC165.d.7C11FB952E86E3BFD281F23A0009E3E5.e.1072/click - {}
RESULT: {}
COMMAND: POST /session/77abbfc580afea80ae68b1163cbb8f65/execute/async - {"script":"<script> [1562 bytes]","args":[{"selector":{"controlType":"sap.ui.core.Icon","viewName":"etm.portal.ui.manageclassifications.view.Create","viewId":"application-manageclassifications-display-component---classificationCreate","properties":{"src":{"regex":{"source":"add"}}}},"wdio_ui5_key":"etmportal.ui.manageclassifications.view.Createsap.ui.core.Icon{\"src\":{\"regex\":{\"source\":\"add\"}}}"}]}
COMMAND: GET /session/77abbfc580afea80ae68b1163cbb8f65/screenshot - {}
RESULT: {"script":"<script> [1562 bytes]","args":[{"selector":{"controlType":"sap.ui.core.Icon","viewName":"etm.portal.ui.manageclassifications.view.Create","viewId":"application-manageclassifications-display-component---classificationCreate","properties":{"src":{"regex":{"source":"add"}}}},"wdio_ui5_key":"etmportal.ui.manageclassifications.view.Createsap.ui.core.Icon{\"src\":{\"regex\":{\"source\":\"add\"}}}"}]}
RESULT: undefined
COMMAND: POST /session/77abbfc580afea80ae68b1163cbb8f65/element - {"using":"xpath","value":"//*[@id=\"__button82-img\"]"}
RESULT: {}
RESULT: {"using":"xpath","value":"//*[@id=\"__button82-img\"]"}
COMMAND: POST /session/77abbfc580afea80ae68b1163cbb8f65/element/f.6EC90BF5C139C34AB260ED37772EC165.d.7C11FB952E86E3BFD281F23A0009E3E5.e.1037/click - {}
RESULT: {}
COMMAND: POST /session/77abbfc580afea80ae68b1163cbb8f65/execute/async - {"script":"<script> [1562 bytes]","args":[{"selector":{"controlType":"sap.m.Input","viewName":"etm.portal.ui.manageclassifications.view.Create","viewId":"application-manageclassifications-display-component---classificationCreate","bindingPath":{"path":"/0","propertyPath":"PROPERTY","modelName":"newConfigModel"},"interaction":{"idSuffix":"inner"}},"wdio_ui5_key":"etmportal.ui.manageclassifications.view.Createsap.m.Input{\"path\":\"/0\",\"propertyPath\":\"PROPERTY\",\"modelName\":\"newConfigModel\"}"}]}
COMMAND: GET /session/77abbfc580afea80ae68b1163cbb8f65/screenshot - {}
RESULT: {"script":"<script> [1562 bytes]","args":[{"selector":{"controlType":"sap.m.Input","viewName":"etm.portal.ui.manageclassifications.view.Create","viewId":"application-manageclassifications-display-component---classificationCreate","bindingPath":{"path":"/0","propertyPath":"PROPERTY","modelName":"newConfigModel"},"interaction":{"idSuffix":"inner"}},"wdio_ui5_key":"etmportal.ui.manageclassifications.view.Createsap.m.Input{\"path\":\"/0\",\"propertyPath\":\"PROPERTY\",\"modelName\":\"newConfigModel\"}"}]}
RESULT: undefined
COMMAND: POST /session/77abbfc580afea80ae68b1163cbb8f65/execute/async - {"script":"<script> [776 bytes]","args":[{"enterText":"101","selector":{"controlType":"sap.m.Input","viewName":"etm.portal.ui.manageclassifications.view.Create","viewId":"application-manageclassifications-display-component---classificationCreate","bindingPath":{"path":"/0","propertyPath":"PROPERTY","modelName":"newConfigModel"},"interaction":{"idSuffix":"inner"}},"clearTextFirst":true,"interactionType":"ENTER_TEXT"}]}
RESULT: {}
RESULT: {"script":"<script> [776 bytes]","args":[{"enterText":"101","selector":{"controlType":"sap.m.Input","viewName":"etm.portal.ui.manageclassifications.view.Create","viewId":"application-manageclassifications-display-component---classificationCreate","bindingPath":{"path":"/0","propertyPath":"PROPERTY","modelName":"newConfigModel"},"interaction":{"idSuffix":"inner"}},"clearTextFirst":true,"interactionType":"ENTER_TEXT"}]}
COMMAND: POST /session/77abbfc580afea80ae68b1163cbb8f65/execute/async - {"script":"<script> [1562 bytes]","args":[{"selector":{"controlType":"sap.m.Input","viewName":"etm.portal.ui.manageclassifications.view.Create","viewId":"application-manageclassifications-display-component---classificationCreate","bindingPath":{"path":"/0","propertyPath":"DESCRIPTION","modelName":"newConfigModel"},"interaction":{"idSuffix":"inner"}},"wdio_ui5_key":"etmportal.ui.manageclassifications.view.Createsap.m.Input{\"path\":\"/0\",\"propertyPath\":\"DESCRIPTION\",\"modelName\":\"newConfigModel\"}"}]}
RESULT: {"script":"<script> [1562 bytes]","args":[{"selector":{"controlType":"sap.m.Input","viewName":"etm.portal.ui.manageclassifications.view.Create","viewId":"application-manageclassifications-display-component---classificationCreate","bindingPath":{"path":"/0","propertyPath":"DESCRIPTION","modelName":"newConfigModel"},"interaction":{"idSuffix":"inner"}},"wdio_ui5_key":"etmportal.ui.manageclassifications.view.Createsap.m.Input{\"path\":\"/0\",\"propertyPath\":\"DESCRIPTION\",\"modelName\":\"newConfigModel\"}"}]}
RESULT: undefined
COMMAND: POST /session/77abbfc580afea80ae68b1163cbb8f65/execute/async - {"script":"<script> [776 bytes]","args":[{"enterText":"yard1","selector":{"controlType":"sap.m.Input","viewName":"etm.portal.ui.manageclassifications.view.Create","viewId":"application-manageclassifications-display-component---classificationCreate","bindingPath":{"path":"/0","propertyPath":"DESCRIPTION","modelName":"newConfigModel"},"interaction":{"idSuffix":"inner"}},"clearTextFirst":true,"interactionType":"ENTER_TEXT"}]}
RESULT: {"script":"<script> [776 bytes]","args":[{"enterText":"yard1","selector":{"controlType":"sap.m.Input","viewName":"etm.portal.ui.manageclassifications.view.Create","viewId":"application-manageclassifications-display-component---classificationCreate","bindingPath":{"path":"/0","propertyPath":"DESCRIPTION","modelName":"newConfigModel"},"interaction":{"idSuffix":"inner"}},"clearTextFirst":true,"interactionType":"ENTER_TEXT"}]}
COMMAND: POST /session/77abbfc580afea80ae68b1163cbb8f65/execute/async - {"script":"<script> [1562 bytes]","args":[{"selector":{"controlType":"sap.ui.core.Icon","viewName":"etm.portal.ui.manageclassifications.view.Create","viewId":"application-manageclassifications-display-component---classificationCreate","properties":{"src":{"regex":{"source":"slim\\-arrow\\-down"}}},"ancestor":{"controlType":"sap.m.ComboBox","viewName":"etm.portal.ui.manageclassifications.view.Create","viewId":"application-manageclassifications-display-component---classificationCreate","bindingPath":{"path":"/0","propertyPath":"VALUE_TYPE","modelName":"newConfigModel"}}},"wdio_ui5_key":"etmportal.ui.manageclassifications.view.Createsap.ui.core.Icon{\"src\":{\"regex\":{\"source\":\"slim\\\\-arrow\\\\-down\"}}}{\"controlType\":\"sap.m.ComboBox\",\"viewName\":\"etm.portal.ui.manageclassifications.view.Create\",\"viewId\":\"application-manageclassifications-display-component---classificationCreate\",\"bindingPath\":{\"path\":\"/0\",\"propertyPath\":\"VALUE_TYPE\",\"modelName\":\"newConfigModel\"}}"}]}
RESULT: {"script":"<script> [1562 bytes]","args":[{"selector":{"controlType":"sap.ui.core.Icon","viewName":"etm.portal.ui.manageclassifications.view.Create","viewId":"application-manageclassifications-display-component---classificationCreate","properties":{"src":{"regex":{"source":"slim\\-arrow\\-down"}}},"ancestor":{"controlType":"sap.m.ComboBox","viewName":"etm.portal.ui.manageclassifications.view.Create","viewId":"application-manageclassifications-display-component---classificationCreate","bindingPath":{"path":"/0","propertyPath":"VALUE_TYPE","modelName":"newConfigModel"}}},"wdio_ui5_key":"etmportal.ui.manageclassifications.view.Createsap.ui.core.Icon{\"src\":{\"regex\":{\"source\":\"slim\\\\-arrow\\\\-down\"}}}{\"controlType\":\"sap.m.ComboBox\",\"viewName\":\"etm.portal.ui.manageclassifications.view.Create\",\"viewId\":\"application-manageclassifications-display-component---classificationCreate\",\"bindingPath\":{\"path\":\"/0\",\"propertyPath\":\"VALUE_TYPE\",\"modelName\":\"newConfigModel\"}}"}]}
RESULT: undefined
COMMAND: POST /session/77abbfc580afea80ae68b1163cbb8f65/element - {"using":"xpath","value":"//*[@id=\"__box49-application-manageclassifications-display-component---classificationCreate--configurationList-0-arrow\"]"}
RESULT: {"using":"xpath","value":"//*[@id=\"__box49-application-manageclassifications-display-component---classificationCreate--configurationList-0-arrow\"]"}
COMMAND: POST /session/77abbfc580afea80ae68b1163cbb8f65/element/f.6EC90BF5C139C34AB260ED37772EC165.d.7C11FB952E86E3BFD281F23A0009E3E5.e.1081/click - {}
RESULT: {}
COMMAND: POST /session/77abbfc580afea80ae68b1163cbb8f65/execute/async - {"script":"<script> [1562 bytes]","args":[{"selector":{"controlType":"sap.m.StandardListItem","viewName":"etm.portal.ui.manageclassifications.view.Create","viewId":"application-manageclassifications-display-component---classificationCreate","properties":{"title":"Boolean"},"searchOpenDialogs":true,"interaction":{"idSuffix":"content"}},"wdio_ui5_key":"etmportal.ui.manageclassifications.view.Createsap.m.StandardListItem{\"title\":\"Boolean\"}"}]}
COMMAND: GET /session/77abbfc580afea80ae68b1163cbb8f65/screenshot - {}
RESULT: {"script":"<script> [1562 bytes]","args":[{"selector":{"controlType":"sap.m.StandardListItem","viewName":"etm.portal.ui.manageclassifications.view.Create","viewId":"application-manageclassifications-display-component---classificationCreate","properties":{"title":"Boolean"},"searchOpenDialogs":true,"interaction":{"idSuffix":"content"}},"wdio_ui5_key":"etmportal.ui.manageclassifications.view.Createsap.m.StandardListItem{\"title\":\"Boolean\"}"}]}
RESULT: undefined
COMMAND: POST /session/77abbfc580afea80ae68b1163cbb8f65/element - {"using":"xpath","value":"//*[@id=\"__item296\"]"}
RESULT: {}
RESULT: {"using":"xpath","value":"//*[@id=\"__item296\"]"}
COMMAND: POST /session/77abbfc580afea80ae68b1163cbb8f65/element/f.6EC90BF5C139C34AB260ED37772EC165.d.7C11FB952E86E3BFD281F23A0009E3E5.e.1083/click - {}
RESULT: {}
COMMAND: POST /session/77abbfc580afea80ae68b1163cbb8f65/element - {"using":"xpath","value":"//input[contains(@id ,\"application-manageclassifications-display-component---classificationCreate--classHeaderName-inner\")]"}
COMMAND: GET /session/77abbfc580afea80ae68b1163cbb8f65/screenshot - {}
RESULT: {"using":"xpath","value":"//input[contains(@id ,\"application-manageclassifications-display-component---classificationCreate--classHeaderName-inner\")]"}
COMMAND: GET /session/77abbfc580afea80ae68b1163cbb8f65/element/f.6EC90BF5C139C34AB260ED37772EC165.d.7C11FB952E86E3BFD281F23A0009E3E5.e.943/property/value - {}
RESULT: {}
RESULT: {}
COMMAND: GET /session/77abbfc580afea80ae68b1163cbb8f65/screenshot - {}
RESULT: {}
COMMAND: POST /session/77abbfc580afea80ae68b1163cbb8f65/element - {"using":"xpath","value":"//button[@title=\"Save\"]"}
RESULT: {"using":"xpath","value":"//button[@title=\"Save\"]"}
COMMAND: POST /session/77abbfc580afea80ae68b1163cbb8f65/element/f.6EC90BF5C139C34AB260ED37772EC165.d.7C11FB952E86E3BFD281F23A0009E3E5.e.1045/click - {}
RESULT: {}
COMMAND: GET /session/77abbfc580afea80ae68b1163cbb8f65/screenshot - {}
RESULT: {}
COMMAND: POST /session/77abbfc580afea80ae68b1163cbb8f65/execute/async - {"script":"<script> [1562 bytes]","args":[{"selector":{"id":"application-manageclassifications-display-component---classificationMaster--smartFilterBar-btnBasicSearch","interaction":{"idSuffix":"I"}},"wdio_ui5_key":"applicationmanageclassifications-display-component---classificationMaster--smartFilterBar-btnBasicSearch"}]}
RESULT: {"script":"<script> [1562 bytes]","args":[{"selector":{"id":"application-manageclassifications-display-component---classificationMaster--smartFilterBar-btnBasicSearch","interaction":{"idSuffix":"I"}},"wdio_ui5_key":"applicationmanageclassifications-display-component---classificationMaster--smartFilterBar-btnBasicSearch"}]}
RESULT: undefined
COMMAND: POST /session/77abbfc580afea80ae68b1163cbb8f65/execute/async - {"script":"<script> [776 bytes]","args":[{"enterText":"WebdriverYardClass8ow5q","selector":{"id":"application-manageclassifications-display-component---classificationMaster--smartFilterBar-btnBasicSearch","interaction":{"idSuffix":"I"}},"clearTextFirst":true,"interactionType":"ENTER_TEXT"}]}
RESULT: {"script":"<script> [776 bytes]","args":[{"enterText":"WebdriverYardClass8ow5q","selector":{"id":"application-manageclassifications-display-component---classificationMaster--smartFilterBar-btnBasicSearch","interaction":{"idSuffix":"I"}},"clearTextFirst":true,"interactionType":"ENTER_TEXT"}]}
COMMAND: POST /session/77abbfc580afea80ae68b1163cbb8f65/actions - {"actions":[{"id":"action3","type":"key","parameters":{},"actions":[{"type":"keyDown","value":""},{"type":"pause","duration":10},{"type":"keyUp","value":""}]}]}
RESULT: {"actions":[{"id":"action3","type":"key","parameters":{},"actions":[{"type":"keyDown","value":""},{"type":"pause","duration":10},{"type":"keyUp","value":""}]}]}
COMMAND: POST /session/77abbfc580afea80ae68b1163cbb8f65/execute/async - {"script":"<script> [1562 bytes]","args":[{"selector":{"id":"application-manageclassifications-display-component---classificationMaster--smartTable-header"},"wdio_ui5_key":"applicationmanageclassifications-display-component---classificationMaster--smartTable-header"}]}
COMMAND: GET /session/77abbfc580afea80ae68b1163cbb8f65/screenshot - {}
RESULT: {"script":"<script> [1562 bytes]","args":[{"selector":{"id":"application-manageclassifications-display-component---classificationMaster--smartTable-header"},"wdio_ui5_key":"applicationmanageclassifications-display-component---classificationMaster--smartTable-header"}]}
RESULT: undefined
COMMAND: POST /session/77abbfc580afea80ae68b1163cbb8f65/execute/async - {"script":"<script> [6424 bytes]","args":[{"element-6066-11e4-a52e-4f735466cecf":"f.6EC90BF5C139C34AB260ED37772EC165.d.7C11FB952E86E3BFD281F23A0009E3E5.e.1266"},"getText",[]]}
RESULT: {}
RESULT: {"script":"<script> [6424 bytes]","args":[{"element-6066-11e4-a52e-4f735466cecf":"f.6EC90BF5C139C34AB260ED37772EC165.d.7C11FB952E86E3BFD281F23A0009E3E5.e.1266"},"getText",[]]}
COMMAND: POST /session/77abbfc580afea80ae68b1163cbb8f65/element - {"using":"css selector","value":"#shell-header-logo"}
RESULT: {"using":"css selector","value":"#shell-header-logo"}
COMMAND: POST /session/77abbfc580afea80ae68b1163cbb8f65/element/f.6EC90BF5C139C34AB260ED37772EC165.d.7C11FB952E86E3BFD281F23A0009E3E5.e.551/click - {}
RESULT: {}
COMMAND: GET /session/77abbfc580afea80ae68b1163cbb8f65/screenshot - {}
RESULT: {}
]]></system-out>
    </testcase>
    <testcase classname="chrome.136_0_7103_93.windows.Manage_catalogs_-_yard_assignment_classification_US138930" name="Should add the yard classification to a catalog item" time="110.19">
      <system-out><![CDATA[
RESULT: undefined
COMMAND: POST /session/77abbfc580afea80ae68b1163cbb8f65/element - {"using":"xpath","value":"//*[@id=\"__tile37\"]"}
RESULT: {"using":"xpath","value":"//*[@id=\"__tile37\"]"}
COMMAND: POST /session/77abbfc580afea80ae68b1163cbb8f65/element/f.6EC90BF5C139C34AB260ED37772EC165.d.7C11FB952E86E3BFD281F23A0009E3E5.e.116/click - {}
RESULT: {}
COMMAND: GET /session/77abbfc580afea80ae68b1163cbb8f65/screenshot - {}
RESULT: {}
COMMAND: POST /session/77abbfc580afea80ae68b1163cbb8f65/elements - {"using":"xpath","value":"//span[text()='Error']"}
RESULT: {"using":"xpath","value":"//span[text()='Error']"}
COMMAND: POST /session/77abbfc580afea80ae68b1163cbb8f65/refresh - {}
RESULT: {}
COMMAND: GET /session/77abbfc580afea80ae68b1163cbb8f65/screenshot - {}
RESULT: {}
COMMAND: POST /session/77abbfc580afea80ae68b1163cbb8f65/execute/async - {"script":"<script> [189 bytes]","args":[]}
RESULT: {"script":"<script> [189 bytes]","args":[]}
COMMAND: POST /session/77abbfc580afea80ae68b1163cbb8f65/execute/async - {"script":"<script> [123 bytes]","args":[]}
RESULT: {"script":"<script> [123 bytes]","args":[]}
COMMAND: POST /session/77abbfc580afea80ae68b1163cbb8f65/timeouts - {"script":"<number>"}
RESULT: {"script":"<number>"}
COMMAND: GET /session/77abbfc580afea80ae68b1163cbb8f65/timeouts - {}
RESULT: {}
RESULT: undefined
COMMAND: POST /session/77abbfc580afea80ae68b1163cbb8f65/execute/async - {"script":"<script> [2676 bytes]","args":[]}
RESULT: {"script":"<script> [2676 bytes]","args":[]}
COMMAND: POST /session/77abbfc580afea80ae68b1163cbb8f65/execute/async - {"script":"<script> [2342 bytes]","args":[{"protocol":"http","hostname":"0.0.0.0","path":"/","capabilities":{"browserName":"chrome","goog:chromeOptions":{"binary":"C:\\Program Files\\Google\\Chrome\\Application\\chrome.exe","args":["--start-maximized"]}},"logLevel":"warn","connectionRetryTimeout":120000,"connectionRetryCount":3,"logLevels":{},"enableDirectConnect":true,"strictSSL":true,"_":"65 more keys: [\"cacheDir\",\"port\",\"requestedCapabilities\",\"automationProtocol\",\"baseUrl\",\"waitforInterval\",\"waitforTimeout\",\"onReload\",\"beforeCommand\",\"afterCommand\",\"rootDir\",\"specs\",\"suites\",\"exclude\",\"groupLogsByTestSpec\",\"excludeDriverLogs\",\"bail\",\"framework\",\"reporters\",\"services\",\"maxInstances\",\"maxInstancesPerCapability\",\"injectGlobals\",\"filesToWatch\",\"execArgv\",\"runnerEnv\",\"runner\",\"shard\",\"specFileRetries\",\"specFileRetriesDelay\",\"specFileRetriesDeferred\",\"reporterSyncInterval\",\"reporterSyncTimeout\",\"cucumberFeaturesWithLineNumbers\",\"autoCompileOpts\",\"mochaOpts\",\"jasmineOpts\",\"cucumberOpts\",\"onPrepare\",\"onWorkerStart\",\"onWorkerEnd\",\"before\",\"beforeSession\",\"beforeSuite\",\"beforeHook\",\"beforeTest\",\"afterTest\",\"afterHook\",\"afterSuite\",\"afterSession\",\"after\",\"onComplete\",\"beforeAssertion\",\"afterAssertion\",\"beforeFeature\",\"beforeScenario\",\"beforeStep\",\"afterStep\",\"afterScenario\",\"afterFeature\",\"_\",\"suite\",\"$0\",\"ignoredWorkerServices\",\"wdi5\"]"}]}
RESULT: {"script":"<script> [2342 bytes]","args":[{"protocol":"http","hostname":"0.0.0.0","path":"/","capabilities":{"browserName":"chrome","goog:chromeOptions":{"binary":"C:\\Program Files\\Google\\Chrome\\Application\\chrome.exe","args":["--start-maximized"]}},"logLevel":"warn","connectionRetryTimeout":120000,"connectionRetryCount":3,"logLevels":{},"enableDirectConnect":true,"strictSSL":true,"_":"65 more keys: [\"cacheDir\",\"port\",\"requestedCapabilities\",\"automationProtocol\",\"baseUrl\",\"waitforInterval\",\"waitforTimeout\",\"onReload\",\"beforeCommand\",\"afterCommand\",\"rootDir\",\"specs\",\"suites\",\"exclude\",\"groupLogsByTestSpec\",\"excludeDriverLogs\",\"bail\",\"framework\",\"reporters\",\"services\",\"maxInstances\",\"maxInstancesPerCapability\",\"injectGlobals\",\"filesToWatch\",\"execArgv\",\"runnerEnv\",\"runner\",\"shard\",\"specFileRetries\",\"specFileRetriesDelay\",\"specFileRetriesDeferred\",\"reporterSyncInterval\",\"reporterSyncTimeout\",\"cucumberFeaturesWithLineNumbers\",\"autoCompileOpts\",\"mochaOpts\",\"jasmineOpts\",\"cucumberOpts\",\"onPrepare\",\"onWorkerStart\",\"onWorkerEnd\",\"before\",\"beforeSession\",\"beforeSuite\",\"beforeHook\",\"beforeTest\",\"afterTest\",\"afterHook\",\"afterSuite\",\"afterSession\",\"after\",\"onComplete\",\"beforeAssertion\",\"afterAssertion\",\"beforeFeature\",\"beforeScenario\",\"beforeStep\",\"afterStep\",\"afterScenario\",\"afterFeature\",\"_\",\"suite\",\"$0\",\"ignoredWorkerServices\",\"wdi5\"]"}]}
COMMAND: POST /session/77abbfc580afea80ae68b1163cbb8f65/execute/async - {"script":"<script> [21126 bytes]","args":[35000]}
RESULT: {"script":"<script> [21126 bytes]","args":[35000]}
COMMAND: POST /session/77abbfc580afea80ae68b1163cbb8f65/element - {"using":"xpath","value":"//span[contains(text(), \"Webshop Catalog\")][contains(@id ,\"masterCatalogs\")]"}
RESULT: {"using":"xpath","value":"//span[contains(text(), \"Webshop Catalog\")][contains(@id ,\"masterCatalogs\")]"}
COMMAND: POST /session/77abbfc580afea80ae68b1163cbb8f65/element/f.6EC90BF5C139C34AB260ED37772EC165.d.680D66257D960A56C05961250A6EAABC.e.1370/click - {}
RESULT: {}
COMMAND: GET /session/77abbfc580afea80ae68b1163cbb8f65/screenshot - {}
RESULT: {}
COMMAND: POST /session/77abbfc580afea80ae68b1163cbb8f65/element - {"using":"xpath","value":"//input[contains(@id ,\"application-managecatalogs-display-component---masterCatalogItems--searchItemsField-I\")]"}
RESULT: {"using":"xpath","value":"//input[contains(@id ,\"application-managecatalogs-display-component---masterCatalogItems--searchItemsField-I\")]"}
COMMAND: POST /session/77abbfc580afea80ae68b1163cbb8f65/element/f.6EC90BF5C139C34AB260ED37772EC165.d.680D66257D960A56C05961250A6EAABC.e.1379/value - {"text":"SecondSection1yw63i"}
RESULT: {"text":"SecondSection1yw63i"}
COMMAND: POST /session/77abbfc580afea80ae68b1163cbb8f65/actions - {"actions":[{"id":"action4","type":"key","parameters":{},"actions":[{"type":"keyDown","value":""},{"type":"pause","duration":10},{"type":"keyUp","value":""}]}]}
COMMAND: GET /session/77abbfc580afea80ae68b1163cbb8f65/screenshot - {}
RESULT: {"actions":[{"id":"action4","type":"key","parameters":{},"actions":[{"type":"keyDown","value":""},{"type":"pause","duration":10},{"type":"keyUp","value":""}]}]}
COMMAND: GET /session/77abbfc580afea80ae68b1163cbb8f65/screenshot - {}
RESULT: {}
RESULT: {}
COMMAND: POST /session/77abbfc580afea80ae68b1163cbb8f65/element - {"using":"xpath","value":"(//span[contains(text(), \"SecondSection1yw63i\")])[1]"}
RESULT: {"using":"xpath","value":"(//span[contains(text(), \"SecondSection1yw63i\")])[1]"}
COMMAND: POST /session/77abbfc580afea80ae68b1163cbb8f65/element/f.6EC90BF5C139C34AB260ED37772EC165.d.680D66257D960A56C05961250A6EAABC.e.1407/click - {}
RESULT: {}
COMMAND: POST /session/77abbfc580afea80ae68b1163cbb8f65/execute/async - {"script":"<script> [1562 bytes]","args":[{"selector":{"controlType":"sap.m.Button","viewName":"etm.portal.ui.managecatalogs.view.Detail","viewId":"application-managecatalogs-display-component---detailCatalog","i18NText":{"propertyName":"text","key":"edit"},"interaction":{"idSuffix":"BDI-content"}},"wdio_ui5_key":"etmportal.ui.managecatalogs.view.Detailsap.m.Button{\"propertyName\":\"text\",\"key\":\"edit\"}"}]}
COMMAND: GET /session/77abbfc580afea80ae68b1163cbb8f65/screenshot - {}
RESULT: {"script":"<script> [1562 bytes]","args":[{"selector":{"controlType":"sap.m.Button","viewName":"etm.portal.ui.managecatalogs.view.Detail","viewId":"application-managecatalogs-display-component---detailCatalog","i18NText":{"propertyName":"text","key":"edit"},"interaction":{"idSuffix":"BDI-content"}},"wdio_ui5_key":"etmportal.ui.managecatalogs.view.Detailsap.m.Button{\"propertyName\":\"text\",\"key\":\"edit\"}"}]}
RESULT: undefined
COMMAND: POST /session/77abbfc580afea80ae68b1163cbb8f65/element - {"using":"xpath","value":"//*[@id=\"__button33\"]"}
RESULT: {}
RESULT: {"using":"xpath","value":"//*[@id=\"__button33\"]"}
COMMAND: POST /session/77abbfc580afea80ae68b1163cbb8f65/element/f.6EC90BF5C139C34AB260ED37772EC165.d.680D66257D960A56C05961250A6EAABC.e.1476/click - {}
RESULT: {}
COMMAND: POST /session/77abbfc580afea80ae68b1163cbb8f65/execute/async - {"script":"<script> [1562 bytes]","args":[{"selector":{"controlType":"sap.ui.core.Icon","viewName":"etm.portal.ui.managecatalogs.view.Detail","viewId":"application-managecatalogs-display-component---detailCatalog","properties":{"src":{"regex":{"source":"add\\-document"}}}},"wdio_ui5_key":"etmportal.ui.managecatalogs.view.Detailsap.ui.core.Icon{\"src\":{\"regex\":{\"source\":\"add\\\\-document\"}}}"}]}
COMMAND: GET /session/77abbfc580afea80ae68b1163cbb8f65/screenshot - {}
RESULT: {"script":"<script> [1562 bytes]","args":[{"selector":{"controlType":"sap.ui.core.Icon","viewName":"etm.portal.ui.managecatalogs.view.Detail","viewId":"application-managecatalogs-display-component---detailCatalog","properties":{"src":{"regex":{"source":"add\\-document"}}}},"wdio_ui5_key":"etmportal.ui.managecatalogs.view.Detailsap.ui.core.Icon{\"src\":{\"regex\":{\"source\":\"add\\\\-document\"}}}"}]}
RESULT: undefined
COMMAND: POST /session/77abbfc580afea80ae68b1163cbb8f65/element - {"using":"xpath","value":"//*[@id=\"__button42-img\"]"}
RESULT: {}
RESULT: {"using":"xpath","value":"//*[@id=\"__button42-img\"]"}
COMMAND: POST /session/77abbfc580afea80ae68b1163cbb8f65/element/f.6EC90BF5C139C34AB260ED37772EC165.d.680D66257D960A56C05961250A6EAABC.e.1483/click - {}
RESULT: {}
COMMAND: POST /session/77abbfc580afea80ae68b1163cbb8f65/execute/async - {"script":"<script> [1562 bytes]","args":[{"selector":{"id":"application-managecatalogs-display-component---detailCatalog--newItemNumberInput","searchOpenDialogs":true,"interaction":{"idSuffix":"inner"}},"wdio_ui5_key":"applicationmanagecatalogs-display-component---detailCatalog--newItemNumberInput"}]}
COMMAND: GET /session/77abbfc580afea80ae68b1163cbb8f65/screenshot - {}
RESULT: {"script":"<script> [1562 bytes]","args":[{"selector":{"id":"application-managecatalogs-display-component---detailCatalog--newItemNumberInput","searchOpenDialogs":true,"interaction":{"idSuffix":"inner"}},"wdio_ui5_key":"applicationmanagecatalogs-display-component---detailCatalog--newItemNumberInput"}]}
RESULT: undefined
COMMAND: POST /session/77abbfc580afea80ae68b1163cbb8f65/execute/async - {"script":"<script> [776 bytes]","args":[{"enterText":"catalogItemaxx7l","selector":{"id":"application-managecatalogs-display-component---detailCatalog--newItemNumberInput","searchOpenDialogs":true,"interaction":{"idSuffix":"inner"}},"clearTextFirst":true,"interactionType":"ENTER_TEXT"}]}
RESULT: {}
RESULT: {"script":"<script> [776 bytes]","args":[{"enterText":"catalogItemaxx7l","selector":{"id":"application-managecatalogs-display-component---detailCatalog--newItemNumberInput","searchOpenDialogs":true,"interaction":{"idSuffix":"inner"}},"clearTextFirst":true,"interactionType":"ENTER_TEXT"}]}
COMMAND: POST /session/77abbfc580afea80ae68b1163cbb8f65/execute/async - {"script":"<script> [1562 bytes]","args":[{"selector":{"controlType":"sap.m.Input","viewName":"etm.portal.ui.managecatalogs.view.Detail","viewId":"application-managecatalogs-display-component---detailCatalog","bindingPath":{"path":"","propertyPath":"/DESCRIPTION"},"searchOpenDialogs":true,"interaction":{"idSuffix":"inner"}},"wdio_ui5_key":"etmportal.ui.managecatalogs.view.Detailsap.m.Input{\"path\":\"\",\"propertyPath\":\"/DESCRIPTION\"}"}]}
RESULT: {"script":"<script> [1562 bytes]","args":[{"selector":{"controlType":"sap.m.Input","viewName":"etm.portal.ui.managecatalogs.view.Detail","viewId":"application-managecatalogs-display-component---detailCatalog","bindingPath":{"path":"","propertyPath":"/DESCRIPTION"},"searchOpenDialogs":true,"interaction":{"idSuffix":"inner"}},"wdio_ui5_key":"etmportal.ui.managecatalogs.view.Detailsap.m.Input{\"path\":\"\",\"propertyPath\":\"/DESCRIPTION\"}"}]}
RESULT: undefined
COMMAND: POST /session/77abbfc580afea80ae68b1163cbb8f65/execute/async - {"script":"<script> [776 bytes]","args":[{"enterText":"catalogItemName61qwq","selector":{"controlType":"sap.m.Input","viewName":"etm.portal.ui.managecatalogs.view.Detail","viewId":"application-managecatalogs-display-component---detailCatalog","bindingPath":{"path":"","propertyPath":"/DESCRIPTION"},"searchOpenDialogs":true,"interaction":{"idSuffix":"inner"}},"clearTextFirst":true,"interactionType":"ENTER_TEXT"}]}
RESULT: {"script":"<script> [776 bytes]","args":[{"enterText":"catalogItemName61qwq","selector":{"controlType":"sap.m.Input","viewName":"etm.portal.ui.managecatalogs.view.Detail","viewId":"application-managecatalogs-display-component---detailCatalog","bindingPath":{"path":"","propertyPath":"/DESCRIPTION"},"searchOpenDialogs":true,"interaction":{"idSuffix":"inner"}},"clearTextFirst":true,"interactionType":"ENTER_TEXT"}]}
COMMAND: POST /session/77abbfc580afea80ae68b1163cbb8f65/execute/async - {"script":"<script> [1562 bytes]","args":[{"selector":{"controlType":"sap.m.Button","viewName":"etm.portal.ui.managecatalogs.view.Detail","viewId":"application-managecatalogs-display-component---detailCatalog","i18NText":{"propertyName":"text","key":"create"},"searchOpenDialogs":true,"interaction":{"idSuffix":"BDI-content"}},"wdio_ui5_key":"etmportal.ui.managecatalogs.view.Detailsap.m.Button{\"propertyName\":\"text\",\"key\":\"create\"}"}]}
RESULT: {"script":"<script> [1562 bytes]","args":[{"selector":{"controlType":"sap.m.Button","viewName":"etm.portal.ui.managecatalogs.view.Detail","viewId":"application-managecatalogs-display-component---detailCatalog","i18NText":{"propertyName":"text","key":"create"},"searchOpenDialogs":true,"interaction":{"idSuffix":"BDI-content"}},"wdio_ui5_key":"etmportal.ui.managecatalogs.view.Detailsap.m.Button{\"propertyName\":\"text\",\"key\":\"create\"}"}]}
RESULT: undefined
COMMAND: POST /session/77abbfc580afea80ae68b1163cbb8f65/element - {"using":"xpath","value":"//*[@id=\"__button17\"]"}
RESULT: {"using":"xpath","value":"//*[@id=\"__button17\"]"}
COMMAND: POST /session/77abbfc580afea80ae68b1163cbb8f65/element/f.6EC90BF5C139C34AB260ED37772EC165.d.680D66257D960A56C05961250A6EAABC.e.1493/click - {}
RESULT: {}
COMMAND: GET /session/77abbfc580afea80ae68b1163cbb8f65/screenshot - {}
RESULT: {}
COMMAND: POST /session/77abbfc580afea80ae68b1163cbb8f65/element - {"using":"xpath","value":"//button[@title=\"Save\"]"}
RESULT: {"using":"xpath","value":"//button[@title=\"Save\"]"}
COMMAND: POST /session/77abbfc580afea80ae68b1163cbb8f65/element/f.6EC90BF5C139C34AB260ED37772EC165.d.680D66257D960A56C05961250A6EAABC.e.1494/click - {}
RESULT: {}
COMMAND: GET /session/77abbfc580afea80ae68b1163cbb8f65/screenshot - {}
RESULT: {}
COMMAND: POST /session/77abbfc580afea80ae68b1163cbb8f65/execute/async - {"script":"<script> [1562 bytes]","args":[{"selector":{"controlType":"sap.ui.core.Icon","viewName":"etm.portal.ui.managecatalogs.view.Detail","viewId":"application-managecatalogs-display-component---detailCatalog","properties":{"src":{"regex":{"source":"decline"}}}},"wdio_ui5_key":"etmportal.ui.managecatalogs.view.Detailsap.ui.core.Icon{\"src\":{\"regex\":{\"source\":\"decline\"}}}"}]}
RESULT: {"script":"<script> [1562 bytes]","args":[{"selector":{"controlType":"sap.ui.core.Icon","viewName":"etm.portal.ui.managecatalogs.view.Detail","viewId":"application-managecatalogs-display-component---detailCatalog","properties":{"src":{"regex":{"source":"decline"}}}},"wdio_ui5_key":"etmportal.ui.managecatalogs.view.Detailsap.ui.core.Icon{\"src\":{\"regex\":{\"source\":\"decline\"}}}"}]}
RESULT: undefined
COMMAND: POST /session/77abbfc580afea80ae68b1163cbb8f65/element - {"using":"xpath","value":"//*[@id=\"__button36-img\"]"}
RESULT: {"using":"xpath","value":"//*[@id=\"__button36-img\"]"}
COMMAND: POST /session/77abbfc580afea80ae68b1163cbb8f65/element/f.6EC90BF5C139C34AB260ED37772EC165.d.680D66257D960A56C05961250A6EAABC.e.1499/click - {}
RESULT: {}
COMMAND: GET /session/77abbfc580afea80ae68b1163cbb8f65/screenshot - {}
RESULT: {}
COMMAND: POST /session/77abbfc580afea80ae68b1163cbb8f65/execute/async - {"script":"<script> [1562 bytes]","args":[{"selector":{"controlType":"sap.ui.core.Icon","viewName":"etm.portal.ui.managecatalogs.view.MasterItems","viewId":"application-managecatalogs-display-component---masterCatalogItems","properties":{"src":{"regex":{"source":"refresh"}}}},"wdio_ui5_key":"etmportal.ui.managecatalogs.view.MasterItemssap.ui.core.Icon{\"src\":{\"regex\":{\"source\":\"refresh\"}}}"}]}
RESULT: {"script":"<script> [1562 bytes]","args":[{"selector":{"controlType":"sap.ui.core.Icon","viewName":"etm.portal.ui.managecatalogs.view.MasterItems","viewId":"application-managecatalogs-display-component---masterCatalogItems","properties":{"src":{"regex":{"source":"refresh"}}}},"wdio_ui5_key":"etmportal.ui.managecatalogs.view.MasterItemssap.ui.core.Icon{\"src\":{\"regex\":{\"source\":\"refresh\"}}}"}]}
RESULT: undefined
COMMAND: POST /session/77abbfc580afea80ae68b1163cbb8f65/element - {"using":"xpath","value":"//*[@id=\"__button9-img\"]"}
RESULT: {"using":"xpath","value":"//*[@id=\"__button9-img\"]"}
COMMAND: POST /session/77abbfc580afea80ae68b1163cbb8f65/element/f.6EC90BF5C139C34AB260ED37772EC165.d.680D66257D960A56C05961250A6EAABC.e.1536/click - {}
RESULT: {}
COMMAND: GET /session/77abbfc580afea80ae68b1163cbb8f65/screenshot - {}
RESULT: {}
COMMAND: POST /session/77abbfc580afea80ae68b1163cbb8f65/execute/async - {"script":"<script> [1562 bytes]","args":[{"selector":{"id":"application-managecatalogs-display-component---masterCatalogItems--searchItemsField","interaction":{"idSuffix":"I"}},"wdio_ui5_key":"applicationmanagecatalogs-display-component---masterCatalogItems--searchItemsField"}]}
RESULT: {"script":"<script> [1562 bytes]","args":[{"selector":{"id":"application-managecatalogs-display-component---masterCatalogItems--searchItemsField","interaction":{"idSuffix":"I"}},"wdio_ui5_key":"applicationmanagecatalogs-display-component---masterCatalogItems--searchItemsField"}]}
RESULT: undefined
COMMAND: POST /session/77abbfc580afea80ae68b1163cbb8f65/execute/async - {"script":"<script> [776 bytes]","args":[{"enterText":"catalogItemName61qwq","selector":{"id":"application-managecatalogs-display-component---masterCatalogItems--searchItemsField","interaction":{"idSuffix":"I"}},"clearTextFirst":true,"interactionType":"ENTER_TEXT"}]}
RESULT: {"script":"<script> [776 bytes]","args":[{"enterText":"catalogItemName61qwq","selector":{"id":"application-managecatalogs-display-component---masterCatalogItems--searchItemsField","interaction":{"idSuffix":"I"}},"clearTextFirst":true,"interactionType":"ENTER_TEXT"}]}
COMMAND: POST /session/77abbfc580afea80ae68b1163cbb8f65/actions - {"actions":[{"id":"action5","type":"key","parameters":{},"actions":[{"type":"keyDown","value":""},{"type":"pause","duration":10},{"type":"keyUp","value":""}]}]}
RESULT: {"actions":[{"id":"action5","type":"key","parameters":{},"actions":[{"type":"keyDown","value":""},{"type":"pause","duration":10},{"type":"keyUp","value":""}]}]}
COMMAND: POST /session/77abbfc580afea80ae68b1163cbb8f65/element - {"using":"xpath","value":"(//span[contains(text(), \"catalogItemName61qwq\")])[1]"}
COMMAND: GET /session/77abbfc580afea80ae68b1163cbb8f65/screenshot - {}
RESULT: {"using":"xpath","value":"(//span[contains(text(), \"catalogItemName61qwq\")])[1]"}
COMMAND: POST /session/77abbfc580afea80ae68b1163cbb8f65/element/f.6EC90BF5C139C34AB260ED37772EC165.d.680D66257D960A56C05961250A6EAABC.e.1543/click - {}
RESULT: {}
RESULT: {}
COMMAND: GET /session/77abbfc580afea80ae68b1163cbb8f65/screenshot - {}
RESULT: {}
COMMAND: POST /session/77abbfc580afea80ae68b1163cbb8f65/element - {"using":"xpath","value":"//span[contains(text(), \"catalogItemaxx7l\")]"}
RESULT: {"using":"xpath","value":"//span[contains(text(), \"catalogItemaxx7l\")]"}
COMMAND: GET /session/77abbfc580afea80ae68b1163cbb8f65/element/f.6EC90BF5C139C34AB260ED37772EC165.d.680D66257D960A56C05961250A6EAABC.e.1604/text - {}
RESULT: {}
RESULT: undefined
COMMAND: POST /session/77abbfc580afea80ae68b1163cbb8f65/element - {"using":"xpath","value":"//*[@id=\"__button33\"]"}
RESULT: {"using":"xpath","value":"//*[@id=\"__button33\"]"}
COMMAND: POST /session/77abbfc580afea80ae68b1163cbb8f65/element/f.6EC90BF5C139C34AB260ED37772EC165.d.680D66257D960A56C05961250A6EAABC.e.1605/click - {}
RESULT: {}
COMMAND: GET /session/77abbfc580afea80ae68b1163cbb8f65/screenshot - {}
RESULT: {}
COMMAND: POST /session/77abbfc580afea80ae68b1163cbb8f65/execute/async - {"script":"<script> [1562 bytes]","args":[{"selector":{"id":"application-managecatalogs-display-component---detailCatalog--BASE_UNIT_OF_MEASURE-arrow"},"wdio_ui5_key":"applicationmanagecatalogs-display-component---detailCatalog--BASE_UNIT_OF_MEASURE-arrow"}]}
RESULT: {"script":"<script> [1562 bytes]","args":[{"selector":{"id":"application-managecatalogs-display-component---detailCatalog--BASE_UNIT_OF_MEASURE-arrow"},"wdio_ui5_key":"applicationmanagecatalogs-display-component---detailCatalog--BASE_UNIT_OF_MEASURE-arrow"}]}
RESULT: undefined
COMMAND: POST /session/77abbfc580afea80ae68b1163cbb8f65/element - {"using":"xpath","value":"//*[@id=\"application-managecatalogs-display-component---detailCatalog--BASE_UNIT_OF_MEASURE-arrow\"]"}
RESULT: {"using":"xpath","value":"//*[@id=\"application-managecatalogs-display-component---detailCatalog--BASE_UNIT_OF_MEASURE-arrow\"]"}
COMMAND: POST /session/77abbfc580afea80ae68b1163cbb8f65/element/f.6EC90BF5C139C34AB260ED37772EC165.d.680D66257D960A56C05961250A6EAABC.e.1633/click - {}
RESULT: {}
COMMAND: GET /session/77abbfc580afea80ae68b1163cbb8f65/screenshot - {}
RESULT: {}
COMMAND: POST /session/77abbfc580afea80ae68b1163cbb8f65/execute/async - {"script":"<script> [1562 bytes]","args":[{"selector":{"controlType":"sap.m.StandardListItem","viewName":"etm.portal.ui.managecatalogs.view.Detail","viewId":"application-managecatalogs-display-component---detailCatalog","properties":{"title":"Piece"},"searchOpenDialogs":true,"interaction":{"idSuffix":"titleText"}},"wdio_ui5_key":"etmportal.ui.managecatalogs.view.Detailsap.m.StandardListItem{\"title\":\"Piece\"}"}]}
RESULT: {"script":"<script> [1562 bytes]","args":[{"selector":{"controlType":"sap.m.StandardListItem","viewName":"etm.portal.ui.managecatalogs.view.Detail","viewId":"application-managecatalogs-display-component---detailCatalog","properties":{"title":"Piece"},"searchOpenDialogs":true,"interaction":{"idSuffix":"titleText"}},"wdio_ui5_key":"etmportal.ui.managecatalogs.view.Detailsap.m.StandardListItem{\"title\":\"Piece\"}"}]}
RESULT: undefined
COMMAND: POST /session/77abbfc580afea80ae68b1163cbb8f65/element - {"using":"xpath","value":"//*[@id=\"__item215\"]"}
RESULT: {"using":"xpath","value":"//*[@id=\"__item215\"]"}
COMMAND: POST /session/77abbfc580afea80ae68b1163cbb8f65/element/f.6EC90BF5C139C34AB260ED37772EC165.d.680D66257D960A56C05961250A6EAABC.e.1637/click - {}
RESULT: {}
COMMAND: POST /session/77abbfc580afea80ae68b1163cbb8f65/execute/async - {"script":"<script> [1562 bytes]","args":[{"selector":{"controlType":"sap.ui.core.Icon","viewName":"etm.portal.ui.managecatalogs.view.Detail","viewId":"application-managecatalogs-display-component---detailCatalog","properties":{"src":{"regex":{"source":"add"}}},"ancestor":{"controlType":"sap.m.Button","viewName":"etm.portal.ui.managecatalogs.view.Detail","viewId":"application-managecatalogs-display-component---detailCatalog","i18NText":{"propertyName":"tooltip","key":"addClass"}}},"wdio_ui5_key":"etmportal.ui.managecatalogs.view.Detailsap.ui.core.Icon{\"src\":{\"regex\":{\"source\":\"add\"}}}{\"controlType\":\"sap.m.Button\",\"viewName\":\"etm.portal.ui.managecatalogs.view.Detail\",\"viewId\":\"application-managecatalogs-display-component---detailCatalog\",\"i18NText\":{\"propertyName\":\"tooltip\",\"key\":\"addClass\"}}"}]}
COMMAND: GET /session/77abbfc580afea80ae68b1163cbb8f65/screenshot - {}
RESULT: {"script":"<script> [1562 bytes]","args":[{"selector":{"controlType":"sap.ui.core.Icon","viewName":"etm.portal.ui.managecatalogs.view.Detail","viewId":"application-managecatalogs-display-component---detailCatalog","properties":{"src":{"regex":{"source":"add"}}},"ancestor":{"controlType":"sap.m.Button","viewName":"etm.portal.ui.managecatalogs.view.Detail","viewId":"application-managecatalogs-display-component---detailCatalog","i18NText":{"propertyName":"tooltip","key":"addClass"}}},"wdio_ui5_key":"etmportal.ui.managecatalogs.view.Detailsap.ui.core.Icon{\"src\":{\"regex\":{\"source\":\"add\"}}}{\"controlType\":\"sap.m.Button\",\"viewName\":\"etm.portal.ui.managecatalogs.view.Detail\",\"viewId\":\"application-managecatalogs-display-component---detailCatalog\",\"i18NText\":{\"propertyName\":\"tooltip\",\"key\":\"addClass\"}}"}]}
RESULT: undefined
COMMAND: POST /session/77abbfc580afea80ae68b1163cbb8f65/element - {"using":"xpath","value":"//*[@id=\"__button39-img\"]"}
RESULT: {}
RESULT: {"using":"xpath","value":"//*[@id=\"__button39-img\"]"}
COMMAND: POST /session/77abbfc580afea80ae68b1163cbb8f65/element/f.6EC90BF5C139C34AB260ED37772EC165.d.680D66257D960A56C05961250A6EAABC.e.1638/click - {}
RESULT: {}
COMMAND: GET /session/77abbfc580afea80ae68b1163cbb8f65/screenshot - {}
RESULT: {}
COMMAND: POST /session/77abbfc580afea80ae68b1163cbb8f65/element - {"using":"xpath","value":"//input[contains(@id ,\"searchField-I\")]"}
RESULT: {"using":"xpath","value":"//input[contains(@id ,\"searchField-I\")]"}
COMMAND: POST /session/77abbfc580afea80ae68b1163cbb8f65/element/f.6EC90BF5C139C34AB260ED37772EC165.d.680D66257D960A56C05961250A6EAABC.e.1642/value - {"text":"WebdriverYardClass8ow5q"}
RESULT: {"text":"WebdriverYardClass8ow5q"}
COMMAND: POST /session/77abbfc580afea80ae68b1163cbb8f65/actions - {"actions":[{"id":"action6","type":"key","parameters":{},"actions":[{"type":"keyDown","value":""},{"type":"pause","duration":10},{"type":"keyUp","value":""}]}]}
COMMAND: GET /session/77abbfc580afea80ae68b1163cbb8f65/screenshot - {}
RESULT: {"actions":[{"id":"action6","type":"key","parameters":{},"actions":[{"type":"keyDown","value":""},{"type":"pause","duration":10},{"type":"keyUp","value":""}]}]}
COMMAND: GET /session/77abbfc580afea80ae68b1163cbb8f65/screenshot - {}
RESULT: {}
RESULT: {}
COMMAND: POST /session/77abbfc580afea80ae68b1163cbb8f65/element - {"using":"xpath","value":"//span[contains(text(), \"WebdriverYardClass8ow5q\")]"}
RESULT: {"using":"xpath","value":"//span[contains(text(), \"WebdriverYardClass8ow5q\")]"}
COMMAND: POST /session/77abbfc580afea80ae68b1163cbb8f65/element/f.6EC90BF5C139C34AB260ED37772EC165.d.680D66257D960A56C05961250A6EAABC.e.1673/click - {}
RESULT: {}
COMMAND: GET /session/77abbfc580afea80ae68b1163cbb8f65/screenshot - {}
RESULT: {}
COMMAND: POST /session/77abbfc580afea80ae68b1163cbb8f65/execute/async - {"script":"<script> [1562 bytes]","args":[{"selector":{"controlType":"sap.m.Button","viewName":"etm.portal.ui.managecatalogs.view.Detail","viewId":"application-managecatalogs-display-component---detailCatalog","properties":{"text":"Classification"},"interaction":{"idSuffix":"BDI-content"}},"wdio_ui5_key":"etmportal.ui.managecatalogs.view.Detailsap.m.Button{\"text\":\"Classification\"}"}]}
RESULT: {"script":"<script> [1562 bytes]","args":[{"selector":{"controlType":"sap.m.Button","viewName":"etm.portal.ui.managecatalogs.view.Detail","viewId":"application-managecatalogs-display-component---detailCatalog","properties":{"text":"Classification"},"interaction":{"idSuffix":"BDI-content"}},"wdio_ui5_key":"etmportal.ui.managecatalogs.view.Detailsap.m.Button{\"text\":\"Classification\"}"}]}
RESULT: undefined
COMMAND: POST /session/77abbfc580afea80ae68b1163cbb8f65/element - {"using":"xpath","value":"//*[@id=\"application-managecatalogs-display-component---detailCatalog--ObjectPageLayout-anchBar-__section3-anchor\"]"}
RESULT: {"using":"xpath","value":"//*[@id=\"application-managecatalogs-display-component---detailCatalog--ObjectPageLayout-anchBar-__section3-anchor\"]"}
COMMAND: POST /session/77abbfc580afea80ae68b1163cbb8f65/element/f.6EC90BF5C139C34AB260ED37772EC165.d.680D66257D960A56C05961250A6EAABC.e.1678/click - {}
RESULT: {}
COMMAND: GET /session/77abbfc580afea80ae68b1163cbb8f65/screenshot - {}
RESULT: {}
COMMAND: POST /session/77abbfc580afea80ae68b1163cbb8f65/element - {"using":"xpath","value":"//span[contains(@id ,\"expandButton-img\")]"}
RESULT: {"using":"xpath","value":"//span[contains(@id ,\"expandButton-img\")]"}
COMMAND: POST /session/77abbfc580afea80ae68b1163cbb8f65/element/f.6EC90BF5C139C34AB260ED37772EC165.d.680D66257D960A56C05961250A6EAABC.e.1684/click - {}
RESULT: {}
COMMAND: POST /session/77abbfc580afea80ae68b1163cbb8f65/execute/async - {"script":"<script> [1562 bytes]","args":[{"selector":{"controlType":"sap.m.CheckBox","viewName":"etm.portal.ui.managecatalogs.view.Detail","viewId":"application-managecatalogs-display-component---detailCatalog","bindingPath":{"path":"/data/0/PROPERTIES/0","propertyPath":"SELECTED","modelName":"classModel"},"interaction":{"idSuffix":"CbBg"}},"wdio_ui5_key":"etmportal.ui.managecatalogs.view.Detailsap.m.CheckBox{\"path\":\"/data/0/PROPERTIES/0\",\"propertyPath\":\"SELECTED\",\"modelName\":\"classModel\"}"}]}
COMMAND: GET /session/77abbfc580afea80ae68b1163cbb8f65/screenshot - {}
RESULT: {"script":"<script> [1562 bytes]","args":[{"selector":{"controlType":"sap.m.CheckBox","viewName":"etm.portal.ui.managecatalogs.view.Detail","viewId":"application-managecatalogs-display-component---detailCatalog","bindingPath":{"path":"/data/0/PROPERTIES/0","propertyPath":"SELECTED","modelName":"classModel"},"interaction":{"idSuffix":"CbBg"}},"wdio_ui5_key":"etmportal.ui.managecatalogs.view.Detailsap.m.CheckBox{\"path\":\"/data/0/PROPERTIES/0\",\"propertyPath\":\"SELECTED\",\"modelName\":\"classModel\"}"}]}
RESULT: undefined
COMMAND: POST /session/77abbfc580afea80ae68b1163cbb8f65/element - {"using":"xpath","value":"//*[@id=\"__box32\"]"}
RESULT: {}
RESULT: {"using":"xpath","value":"//*[@id=\"__box32\"]"}
COMMAND: POST /session/77abbfc580afea80ae68b1163cbb8f65/element/f.6EC90BF5C139C34AB260ED37772EC165.d.680D66257D960A56C05961250A6EAABC.e.1699/click - {}
RESULT: {}
RESULT: undefined
COMMAND: POST /session/77abbfc580afea80ae68b1163cbb8f65/execute/async - {"script":"<script> [6424 bytes]","args":[{"element-6066-11e4-a52e-4f735466cecf":"f.6EC90BF5C139C34AB260ED37772EC165.d.680D66257D960A56C05961250A6EAABC.e.1697"},"getSelected",[]]}
COMMAND: GET /session/77abbfc580afea80ae68b1163cbb8f65/screenshot - {}
RESULT: {"script":"<script> [6424 bytes]","args":[{"element-6066-11e4-a52e-4f735466cecf":"f.6EC90BF5C139C34AB260ED37772EC165.d.680D66257D960A56C05961250A6EAABC.e.1697"},"getSelected",[]]}
COMMAND: POST /session/77abbfc580afea80ae68b1163cbb8f65/execute/async - {"script":"<script> [1562 bytes]","args":[{"selector":{"controlType":"sap.m.Button","viewName":"etm.portal.ui.managecatalogs.view.Detail","viewId":"application-managecatalogs-display-component---detailCatalog","i18NText":{"propertyName":"text","key":"save"},"interaction":{"idSuffix":"BDI-content"}},"wdio_ui5_key":"etmportal.ui.managecatalogs.view.Detailsap.m.Button{\"propertyName\":\"text\",\"key\":\"save\"}"}]}
RESULT: {}
RESULT: {"script":"<script> [1562 bytes]","args":[{"selector":{"controlType":"sap.m.Button","viewName":"etm.portal.ui.managecatalogs.view.Detail","viewId":"application-managecatalogs-display-component---detailCatalog","i18NText":{"propertyName":"text","key":"save"},"interaction":{"idSuffix":"BDI-content"}},"wdio_ui5_key":"etmportal.ui.managecatalogs.view.Detailsap.m.Button{\"propertyName\":\"text\",\"key\":\"save\"}"}]}
RESULT: undefined
COMMAND: POST /session/77abbfc580afea80ae68b1163cbb8f65/element - {"using":"xpath","value":"//*[@id=\"__button51\"]"}
RESULT: {"using":"xpath","value":"//*[@id=\"__button51\"]"}
COMMAND: POST /session/77abbfc580afea80ae68b1163cbb8f65/element/f.6EC90BF5C139C34AB260ED37772EC165.d.680D66257D960A56C05961250A6EAABC.e.1607/click - {}
RESULT: {}
COMMAND: GET /session/77abbfc580afea80ae68b1163cbb8f65/screenshot - {}
RESULT: {}
COMMAND: POST /session/77abbfc580afea80ae68b1163cbb8f65/element - {"using":"css selector","value":"#shell-header-logo"}
RESULT: {"using":"css selector","value":"#shell-header-logo"}
COMMAND: POST /session/77abbfc580afea80ae68b1163cbb8f65/element/f.6EC90BF5C139C34AB260ED37772EC165.d.680D66257D960A56C05961250A6EAABC.e.1368/click - {}
RESULT: {}
COMMAND: GET /session/77abbfc580afea80ae68b1163cbb8f65/screenshot - {}
RESULT: {}
]]></system-out>
    </testcase>
    <testcase classname="chrome.136_0_7103_93.windows.Manage_catalogs_-_yard_assignment_classification_US138930" name="Should verify if the catalog item is visible after selecting the yard" time="61.588">
      <system-out><![CDATA[
COMMAND: POST /session/77abbfc580afea80ae68b1163cbb8f65/execute/async - {"script":"<script> [1562 bytes]","args":[{"selector":{"controlType":"sap.m.Text","properties":{"text":"Webshop"},"interaction":{"idSuffix":"inner"}},"wdio_ui5_key":"sapm.Text{\"text\":\"Webshop\"}"}]}
RESULT: {"script":"<script> [1562 bytes]","args":[{"selector":{"controlType":"sap.m.Text","properties":{"text":"Webshop"},"interaction":{"idSuffix":"inner"}},"wdio_ui5_key":"sapm.Text{\"text\":\"Webshop\"}"}]}
RESULT: undefined
COMMAND: POST /session/77abbfc580afea80ae68b1163cbb8f65/element - {"using":"xpath","value":"//*[@id=\"__tile49-title\"]"}
RESULT: {"using":"xpath","value":"//*[@id=\"__tile49-title\"]"}
COMMAND: POST /session/77abbfc580afea80ae68b1163cbb8f65/element/f.6EC90BF5C139C34AB260ED37772EC165.d.680D66257D960A56C05961250A6EAABC.e.1729/click - {}
RESULT: {}
COMMAND: GET /session/77abbfc580afea80ae68b1163cbb8f65/screenshot - {}
RESULT: {}
COMMAND: POST /session/77abbfc580afea80ae68b1163cbb8f65/element - {"using":"css selector","value":"#requestCreationDialog--createRequestPopUp-title-inner"}
RESULT: {"using":"css selector","value":"#requestCreationDialog--createRequestPopUp-title-inner"}
COMMAND: POST /session/77abbfc580afea80ae68b1163cbb8f65/execute/sync - {"script":"<script> [8489 bytes]","args":[{"element-6066-11e4-a52e-4f735466cecf":"f.6EC90BF5C139C34AB260ED37772EC165.d.680D66257D960A56C05961250A6EAABC.e.1759","ELEMENT":"f.6EC90BF5C139C34AB260ED37772EC165.d.680D66257D960A56C05961250A6EAABC.e.1759"}]}
RESULT: {"script":"<script> [8489 bytes]","args":[{"element-6066-11e4-a52e-4f735466cecf":"f.6EC90BF5C139C34AB260ED37772EC165.d.680D66257D960A56C05961250A6EAABC.e.1759","ELEMENT":"f.6EC90BF5C139C34AB260ED37772EC165.d.680D66257D960A56C05961250A6EAABC.e.1759"}]}
COMMAND: GET /session/77abbfc580afea80ae68b1163cbb8f65/element/f.6EC90BF5C139C34AB260ED37772EC165.d.680D66257D960A56C05961250A6EAABC.e.1759/enabled - {}
COMMAND: GET /session/77abbfc580afea80ae68b1163cbb8f65/screenshot - {}
RESULT: {}
COMMAND: POST /session/77abbfc580afea80ae68b1163cbb8f65/elements - {"using":"css selector","value":"#requestCreationDialog--createRequestPopUp-title-inner"}
COMMAND: GET /session/77abbfc580afea80ae68b1163cbb8f65/screenshot - {}
RESULT: {}
RESULT: {"using":"css selector","value":"#requestCreationDialog--createRequestPopUp-title-inner"}
COMMAND: POST /session/77abbfc580afea80ae68b1163cbb8f65/execute/async - {"script":"<script> [1562 bytes]","args":[{"selector":{"id":"requestCreationDialog--requestName","searchOpenDialogs":true,"interaction":{"idSuffix":"inner"}},"wdio_ui5_key":"requestCreationDialogrequestName"}]}
RESULT: {}
RESULT: {"script":"<script> [1562 bytes]","args":[{"selector":{"id":"requestCreationDialog--requestName","searchOpenDialogs":true,"interaction":{"idSuffix":"inner"}},"wdio_ui5_key":"requestCreationDialogrequestName"}]}
RESULT: undefined
COMMAND: POST /session/77abbfc580afea80ae68b1163cbb8f65/execute/async - {"script":"<script> [776 bytes]","args":[{"enterText":"WebdriverTest","selector":{"id":"requestCreationDialog--requestName","searchOpenDialogs":true,"interaction":{"idSuffix":"inner"}},"clearTextFirst":true,"interactionType":"ENTER_TEXT"}]}
RESULT: {"script":"<script> [776 bytes]","args":[{"enterText":"WebdriverTest","selector":{"id":"requestCreationDialog--requestName","searchOpenDialogs":true,"interaction":{"idSuffix":"inner"}},"clearTextFirst":true,"interactionType":"ENTER_TEXT"}]}
COMMAND: POST /session/77abbfc580afea80ae68b1163cbb8f65/element - {"using":"xpath","value":"//input[contains(@id ,\"requestCreationDialog--yardId-inner\")]"}
RESULT: {"using":"xpath","value":"//input[contains(@id ,\"requestCreationDialog--yardId-inner\")]"}
COMMAND: POST /session/77abbfc580afea80ae68b1163cbb8f65/element/f.6EC90BF5C139C34AB260ED37772EC165.d.680D66257D960A56C05961250A6EAABC.e.1746/clear - {}
RESULT: {}
COMMAND: POST /session/77abbfc580afea80ae68b1163cbb8f65/element/f.6EC90BF5C139C34AB260ED37772EC165.d.680D66257D960A56C05961250A6EAABC.e.1746/value - {"text":"101"}
COMMAND: GET /session/77abbfc580afea80ae68b1163cbb8f65/screenshot - {}
RESULT: {"text":"101"}
COMMAND: GET /session/77abbfc580afea80ae68b1163cbb8f65/screenshot - {}
RESULT: {}
RESULT: {}
COMMAND: POST /session/77abbfc580afea80ae68b1163cbb8f65/execute/async - {"script":"<script> [1562 bytes]","args":[{"selector":{"id":"requestCreationDialog--okButton","searchOpenDialogs":true,"interaction":{"idSuffix":"BDI-content"}},"wdio_ui5_key":"requestCreationDialogokButton"}]}
RESULT: {"script":"<script> [1562 bytes]","args":[{"selector":{"id":"requestCreationDialog--okButton","searchOpenDialogs":true,"interaction":{"idSuffix":"BDI-content"}},"wdio_ui5_key":"requestCreationDialogokButton"}]}
RESULT: undefined
COMMAND: POST /session/77abbfc580afea80ae68b1163cbb8f65/element - {"using":"xpath","value":"//*[@id=\"requestCreationDialog--okButton\"]"}
RESULT: {"using":"xpath","value":"//*[@id=\"requestCreationDialog--okButton\"]"}
COMMAND: POST /session/77abbfc580afea80ae68b1163cbb8f65/element/f.6EC90BF5C139C34AB260ED37772EC165.d.680D66257D960A56C05961250A6EAABC.e.1765/click - {}
RESULT: {}
COMMAND: GET /session/77abbfc580afea80ae68b1163cbb8f65/screenshot - {}
COMMAND: POST /session/77abbfc580afea80ae68b1163cbb8f65/element - {"using":"xpath","value":"//input[contains(@id ,\"searchFiledId-I\")]"}
RESULT: {}
RESULT: {"using":"xpath","value":"//input[contains(@id ,\"searchFiledId-I\")]"}
COMMAND: POST /session/77abbfc580afea80ae68b1163cbb8f65/element/f.6EC90BF5C139C34AB260ED37772EC165.d.680D66257D960A56C05961250A6EAABC.e.1735/value - {"text":"catalogItemaxx7l"}
RESULT: {"text":"catalogItemaxx7l"}
COMMAND: POST /session/77abbfc580afea80ae68b1163cbb8f65/actions - {"actions":[{"id":"action7","type":"key","parameters":{},"actions":[{"type":"keyDown","value":""},{"type":"pause","duration":10},{"type":"keyUp","value":""}]}]}
COMMAND: GET /session/77abbfc580afea80ae68b1163cbb8f65/screenshot - {}
RESULT: {"actions":[{"id":"action7","type":"key","parameters":{},"actions":[{"type":"keyDown","value":""},{"type":"pause","duration":10},{"type":"keyUp","value":""}]}]}
COMMAND: GET /session/77abbfc580afea80ae68b1163cbb8f65/screenshot - {}
RESULT: {}
RESULT: {}
COMMAND: POST /session/77abbfc580afea80ae68b1163cbb8f65/element - {"using":"xpath","value":"//span[contains(@id ,\"subTitle\")][contains(text(), \"catalogItemaxx7l\")]"}
RESULT: {"using":"xpath","value":"//span[contains(@id ,\"subTitle\")][contains(text(), \"catalogItemaxx7l\")]"}
COMMAND: POST /session/77abbfc580afea80ae68b1163cbb8f65/element - {"using":"xpath","value":"//span[contains(@id ,\"subTitle\")][contains(text(), \"catalogItemaxx7l\")]"}
RESULT: {"using":"xpath","value":"//span[contains(@id ,\"subTitle\")][contains(text(), \"catalogItemaxx7l\")]"}
COMMAND: POST /session/77abbfc580afea80ae68b1163cbb8f65/execute/async - {"script":"<script> [1562 bytes]","args":[{"selector":{"controlType":"sap.tnt.NavigationListItem","viewName":"etm.portal.ui.webshop.view.Homepage","i18NText":{"propertyName":"text","key":"exit"},"interaction":{"idSuffix":"a"}},"wdio_ui5_key":"etmportal.ui.webshop.view.Homepagesap.tnt.NavigationListItem{\"propertyName\":\"text\",\"key\":\"exit\"}"}]}
RESULT: {"script":"<script> [1562 bytes]","args":[{"selector":{"controlType":"sap.tnt.NavigationListItem","viewName":"etm.portal.ui.webshop.view.Homepage","i18NText":{"propertyName":"text","key":"exit"},"interaction":{"idSuffix":"a"}},"wdio_ui5_key":"etmportal.ui.webshop.view.Homepagesap.tnt.NavigationListItem{\"propertyName\":\"text\",\"key\":\"exit\"}"}]}
RESULT: undefined
COMMAND: POST /session/77abbfc580afea80ae68b1163cbb8f65/element - {"using":"xpath","value":"//*[@id=\"__item275\"]"}
RESULT: {"using":"xpath","value":"//*[@id=\"__item275\"]"}
COMMAND: POST /session/77abbfc580afea80ae68b1163cbb8f65/element/f.6EC90BF5C139C34AB260ED37772EC165.d.680D66257D960A56C05961250A6EAABC.e.1773/click - {}
RESULT: {}
]]></system-out>
    </testcase>
  </testsuite>
  <testsuite timestamp="2025-05-30T15:53:12" time="264.051" tests="1" failures="0" errors="0" skipped="0">
    <properties>
      <property name="specId" value="0"/>
      <property name="suiteName" value="Catalogs section"/>
      <property name="capabilities" value="chrome.136_0_7103_93.windows"/>
      <property name="file" value="file:///D:/a/1/s/test/specs/R2C/manage-catalogs-values-section.spec.js"/>
    </properties>
    <testcase classname="chrome.136_0_7103_93.windows.Catalogs_section" name="Should add values to a catalog item" time="264.048">
      <system-out><![CDATA[
COMMAND: POST /session/77abbfc580afea80ae68b1163cbb8f65/element - {"using":"xpath","value":"//span[contains(@id ,\"requestCreationDialog--createRequestPopUp-title-inner\")]"}
COMMAND: GET /session/77abbfc580afea80ae68b1163cbb8f65/screenshot - {}
RESULT: {"using":"xpath","value":"//span[contains(@id ,\"requestCreationDialog--createRequestPopUp-title-inner\")]"}
COMMAND: POST /session/77abbfc580afea80ae68b1163cbb8f65/elements - {"using":"xpath","value":"//span[contains(@id ,\"requestCreationDialog--createRequestPopUp-title-inner\")]"}
RESULT: {}
RESULT: {"using":"xpath","value":"//span[contains(@id ,\"requestCreationDialog--createRequestPopUp-title-inner\")]"}
COMMAND: POST /session/77abbfc580afea80ae68b1163cbb8f65/execute/async - {"script":"<script> [1562 bytes]","args":[{"selector":{"controlType":"sap.m.GenericTile","properties":{"header":"Manage Catalogs"}},"wdio_ui5_key":"sapm.GenericTile{\"header\":\"Manage Catalogs\"}"}]}
RESULT: {"script":"<script> [1562 bytes]","args":[{"selector":{"controlType":"sap.m.GenericTile","properties":{"header":"Manage Catalogs"}},"wdio_ui5_key":"sapm.GenericTile{\"header\":\"Manage Catalogs\"}"}]}
RESULT: undefined
COMMAND: POST /session/77abbfc580afea80ae68b1163cbb8f65/element - {"using":"xpath","value":"//*[@id=\"__tile37\"]"}
RESULT: {"using":"xpath","value":"//*[@id=\"__tile37\"]"}
COMMAND: POST /session/77abbfc580afea80ae68b1163cbb8f65/element/f.6EC90BF5C139C34AB260ED37772EC165.d.680D66257D960A56C05961250A6EAABC.e.1778/click - {}
RESULT: {}
COMMAND: GET /session/77abbfc580afea80ae68b1163cbb8f65/screenshot - {}
RESULT: {}
COMMAND: POST /session/77abbfc580afea80ae68b1163cbb8f65/elements - {"using":"xpath","value":"//span[text()='Error']"}
RESULT: {"using":"xpath","value":"//span[text()='Error']"}
COMMAND: POST /session/77abbfc580afea80ae68b1163cbb8f65/refresh - {}
RESULT: {}
COMMAND: GET /session/77abbfc580afea80ae68b1163cbb8f65/screenshot - {}
RESULT: {}
COMMAND: POST /session/77abbfc580afea80ae68b1163cbb8f65/execute/async - {"script":"<script> [189 bytes]","args":[]}
RESULT: {"script":"<script> [189 bytes]","args":[]}
COMMAND: POST /session/77abbfc580afea80ae68b1163cbb8f65/execute/async - {"script":"<script> [123 bytes]","args":[]}
RESULT: {"script":"<script> [123 bytes]","args":[]}
COMMAND: POST /session/77abbfc580afea80ae68b1163cbb8f65/timeouts - {"script":"<number>"}
RESULT: {"script":"<number>"}
COMMAND: GET /session/77abbfc580afea80ae68b1163cbb8f65/timeouts - {}
RESULT: {}
RESULT: undefined
COMMAND: POST /session/77abbfc580afea80ae68b1163cbb8f65/execute/async - {"script":"<script> [2676 bytes]","args":[]}
RESULT: {"script":"<script> [2676 bytes]","args":[]}
COMMAND: POST /session/77abbfc580afea80ae68b1163cbb8f65/execute/async - {"script":"<script> [2342 bytes]","args":[{"protocol":"http","hostname":"0.0.0.0","path":"/","capabilities":{"browserName":"chrome","goog:chromeOptions":{"binary":"C:\\Program Files\\Google\\Chrome\\Application\\chrome.exe","args":["--start-maximized"]}},"logLevel":"warn","connectionRetryTimeout":120000,"connectionRetryCount":3,"logLevels":{},"enableDirectConnect":true,"strictSSL":true,"_":"65 more keys: [\"cacheDir\",\"port\",\"requestedCapabilities\",\"automationProtocol\",\"baseUrl\",\"waitforInterval\",\"waitforTimeout\",\"onReload\",\"beforeCommand\",\"afterCommand\",\"rootDir\",\"specs\",\"suites\",\"exclude\",\"groupLogsByTestSpec\",\"excludeDriverLogs\",\"bail\",\"framework\",\"reporters\",\"services\",\"maxInstances\",\"maxInstancesPerCapability\",\"injectGlobals\",\"filesToWatch\",\"execArgv\",\"runnerEnv\",\"runner\",\"shard\",\"specFileRetries\",\"specFileRetriesDelay\",\"specFileRetriesDeferred\",\"reporterSyncInterval\",\"reporterSyncTimeout\",\"cucumberFeaturesWithLineNumbers\",\"autoCompileOpts\",\"mochaOpts\",\"jasmineOpts\",\"cucumberOpts\",\"onPrepare\",\"onWorkerStart\",\"onWorkerEnd\",\"before\",\"beforeSession\",\"beforeSuite\",\"beforeHook\",\"beforeTest\",\"afterTest\",\"afterHook\",\"afterSuite\",\"afterSession\",\"after\",\"onComplete\",\"beforeAssertion\",\"afterAssertion\",\"beforeFeature\",\"beforeScenario\",\"beforeStep\",\"afterStep\",\"afterScenario\",\"afterFeature\",\"_\",\"suite\",\"$0\",\"ignoredWorkerServices\",\"wdi5\"]"}]}
RESULT: {"script":"<script> [2342 bytes]","args":[{"protocol":"http","hostname":"0.0.0.0","path":"/","capabilities":{"browserName":"chrome","goog:chromeOptions":{"binary":"C:\\Program Files\\Google\\Chrome\\Application\\chrome.exe","args":["--start-maximized"]}},"logLevel":"warn","connectionRetryTimeout":120000,"connectionRetryCount":3,"logLevels":{},"enableDirectConnect":true,"strictSSL":true,"_":"65 more keys: [\"cacheDir\",\"port\",\"requestedCapabilities\",\"automationProtocol\",\"baseUrl\",\"waitforInterval\",\"waitforTimeout\",\"onReload\",\"beforeCommand\",\"afterCommand\",\"rootDir\",\"specs\",\"suites\",\"exclude\",\"groupLogsByTestSpec\",\"excludeDriverLogs\",\"bail\",\"framework\",\"reporters\",\"services\",\"maxInstances\",\"maxInstancesPerCapability\",\"injectGlobals\",\"filesToWatch\",\"execArgv\",\"runnerEnv\",\"runner\",\"shard\",\"specFileRetries\",\"specFileRetriesDelay\",\"specFileRetriesDeferred\",\"reporterSyncInterval\",\"reporterSyncTimeout\",\"cucumberFeaturesWithLineNumbers\",\"autoCompileOpts\",\"mochaOpts\",\"jasmineOpts\",\"cucumberOpts\",\"onPrepare\",\"onWorkerStart\",\"onWorkerEnd\",\"before\",\"beforeSession\",\"beforeSuite\",\"beforeHook\",\"beforeTest\",\"afterTest\",\"afterHook\",\"afterSuite\",\"afterSession\",\"after\",\"onComplete\",\"beforeAssertion\",\"afterAssertion\",\"beforeFeature\",\"beforeScenario\",\"beforeStep\",\"afterStep\",\"afterScenario\",\"afterFeature\",\"_\",\"suite\",\"$0\",\"ignoredWorkerServices\",\"wdi5\"]"}]}
COMMAND: POST /session/77abbfc580afea80ae68b1163cbb8f65/execute/async - {"script":"<script> [21126 bytes]","args":[35000]}
RESULT: {"script":"<script> [21126 bytes]","args":[35000]}
COMMAND: POST /session/77abbfc580afea80ae68b1163cbb8f65/element - {"using":"xpath","value":"//span[contains(text(), \"Webshop Catalog\")][contains(@id ,\"masterCatalogs\")]"}
RESULT: {"using":"xpath","value":"//span[contains(text(), \"Webshop Catalog\")][contains(@id ,\"masterCatalogs\")]"}
COMMAND: POST /session/77abbfc580afea80ae68b1163cbb8f65/element/f.6EC90BF5C139C34AB260ED37772EC165.d.8F4034B6D633D766D289CE704285EA0F.e.1879/click - {}
RESULT: {}
COMMAND: GET /session/77abbfc580afea80ae68b1163cbb8f65/screenshot - {}
RESULT: {}
COMMAND: POST /session/77abbfc580afea80ae68b1163cbb8f65/element - {"using":"xpath","value":"//input[contains(@id ,\"application-managecatalogs-display-component---masterCatalogItems--searchItemsField-I\")]"}
RESULT: {"using":"xpath","value":"//input[contains(@id ,\"application-managecatalogs-display-component---masterCatalogItems--searchItemsField-I\")]"}
COMMAND: POST /session/77abbfc580afea80ae68b1163cbb8f65/element/f.6EC90BF5C139C34AB260ED37772EC165.d.8F4034B6D633D766D289CE704285EA0F.e.1888/value - {"text":"SecondSection1yw63i"}
RESULT: {"text":"SecondSection1yw63i"}
COMMAND: POST /session/77abbfc580afea80ae68b1163cbb8f65/actions - {"actions":[{"id":"action8","type":"key","parameters":{},"actions":[{"type":"keyDown","value":""},{"type":"pause","duration":10},{"type":"keyUp","value":""}]}]}
COMMAND: GET /session/77abbfc580afea80ae68b1163cbb8f65/screenshot - {}
RESULT: {"actions":[{"id":"action8","type":"key","parameters":{},"actions":[{"type":"keyDown","value":""},{"type":"pause","duration":10},{"type":"keyUp","value":""}]}]}
COMMAND: GET /session/77abbfc580afea80ae68b1163cbb8f65/screenshot - {}
RESULT: {}
RESULT: {}
COMMAND: POST /session/77abbfc580afea80ae68b1163cbb8f65/element - {"using":"xpath","value":"(//span[contains(text(), \"SecondSection1yw63i\")])[1]"}
RESULT: {"using":"xpath","value":"(//span[contains(text(), \"SecondSection1yw63i\")])[1]"}
COMMAND: POST /session/77abbfc580afea80ae68b1163cbb8f65/element/f.6EC90BF5C139C34AB260ED37772EC165.d.8F4034B6D633D766D289CE704285EA0F.e.1916/click - {}
RESULT: {}
COMMAND: POST /session/77abbfc580afea80ae68b1163cbb8f65/execute/async - {"script":"<script> [1562 bytes]","args":[{"selector":{"controlType":"sap.m.Button","viewName":"etm.portal.ui.managecatalogs.view.Detail","viewId":"application-managecatalogs-display-component---detailCatalog","i18NText":{"propertyName":"text","key":"edit"},"interaction":{"idSuffix":"BDI-content"}},"wdio_ui5_key":"etmportal.ui.managecatalogs.view.Detailsap.m.Button{\"propertyName\":\"text\",\"key\":\"edit\"}"}]}
COMMAND: GET /session/77abbfc580afea80ae68b1163cbb8f65/screenshot - {}
RESULT: {"script":"<script> [1562 bytes]","args":[{"selector":{"controlType":"sap.m.Button","viewName":"etm.portal.ui.managecatalogs.view.Detail","viewId":"application-managecatalogs-display-component---detailCatalog","i18NText":{"propertyName":"text","key":"edit"},"interaction":{"idSuffix":"BDI-content"}},"wdio_ui5_key":"etmportal.ui.managecatalogs.view.Detailsap.m.Button{\"propertyName\":\"text\",\"key\":\"edit\"}"}]}
RESULT: undefined
COMMAND: POST /session/77abbfc580afea80ae68b1163cbb8f65/element - {"using":"xpath","value":"//*[@id=\"__button33\"]"}
RESULT: {}
RESULT: {"using":"xpath","value":"//*[@id=\"__button33\"]"}
COMMAND: POST /session/77abbfc580afea80ae68b1163cbb8f65/element/f.6EC90BF5C139C34AB260ED37772EC165.d.8F4034B6D633D766D289CE704285EA0F.e.1984/click - {}
RESULT: {}
COMMAND: POST /session/77abbfc580afea80ae68b1163cbb8f65/execute/async - {"script":"<script> [1562 bytes]","args":[{"selector":{"controlType":"sap.ui.core.Icon","viewName":"etm.portal.ui.managecatalogs.view.Detail","viewId":"application-managecatalogs-display-component---detailCatalog","properties":{"src":{"regex":{"source":"add\\-document"}}}},"wdio_ui5_key":"etmportal.ui.managecatalogs.view.Detailsap.ui.core.Icon{\"src\":{\"regex\":{\"source\":\"add\\\\-document\"}}}"}]}
COMMAND: GET /session/77abbfc580afea80ae68b1163cbb8f65/screenshot - {}
RESULT: {"script":"<script> [1562 bytes]","args":[{"selector":{"controlType":"sap.ui.core.Icon","viewName":"etm.portal.ui.managecatalogs.view.Detail","viewId":"application-managecatalogs-display-component---detailCatalog","properties":{"src":{"regex":{"source":"add\\-document"}}}},"wdio_ui5_key":"etmportal.ui.managecatalogs.view.Detailsap.ui.core.Icon{\"src\":{\"regex\":{\"source\":\"add\\\\-document\"}}}"}]}
RESULT: undefined
COMMAND: POST /session/77abbfc580afea80ae68b1163cbb8f65/element - {"using":"xpath","value":"//*[@id=\"__button42-img\"]"}
RESULT: {}
RESULT: {"using":"xpath","value":"//*[@id=\"__button42-img\"]"}
COMMAND: POST /session/77abbfc580afea80ae68b1163cbb8f65/element/f.6EC90BF5C139C34AB260ED37772EC165.d.8F4034B6D633D766D289CE704285EA0F.e.1990/click - {}
RESULT: {}
COMMAND: POST /session/77abbfc580afea80ae68b1163cbb8f65/execute/async - {"script":"<script> [1562 bytes]","args":[{"selector":{"id":"application-managecatalogs-display-component---detailCatalog--newItemNumberInput","searchOpenDialogs":true,"interaction":{"idSuffix":"inner"}},"wdio_ui5_key":"applicationmanagecatalogs-display-component---detailCatalog--newItemNumberInput"}]}
COMMAND: GET /session/77abbfc580afea80ae68b1163cbb8f65/screenshot - {}
RESULT: {"script":"<script> [1562 bytes]","args":[{"selector":{"id":"application-managecatalogs-display-component---detailCatalog--newItemNumberInput","searchOpenDialogs":true,"interaction":{"idSuffix":"inner"}},"wdio_ui5_key":"applicationmanagecatalogs-display-component---detailCatalog--newItemNumberInput"}]}
RESULT: undefined
COMMAND: POST /session/77abbfc580afea80ae68b1163cbb8f65/execute/async - {"script":"<script> [776 bytes]","args":[{"enterText":"catalogItemozcjc","selector":{"id":"application-managecatalogs-display-component---detailCatalog--newItemNumberInput","searchOpenDialogs":true,"interaction":{"idSuffix":"inner"}},"clearTextFirst":true,"interactionType":"ENTER_TEXT"}]}
RESULT: {}
RESULT: {"script":"<script> [776 bytes]","args":[{"enterText":"catalogItemozcjc","selector":{"id":"application-managecatalogs-display-component---detailCatalog--newItemNumberInput","searchOpenDialogs":true,"interaction":{"idSuffix":"inner"}},"clearTextFirst":true,"interactionType":"ENTER_TEXT"}]}
COMMAND: POST /session/77abbfc580afea80ae68b1163cbb8f65/execute/async - {"script":"<script> [1562 bytes]","args":[{"selector":{"controlType":"sap.m.Input","viewName":"etm.portal.ui.managecatalogs.view.Detail","viewId":"application-managecatalogs-display-component---detailCatalog","bindingPath":{"path":"","propertyPath":"/DESCRIPTION"},"searchOpenDialogs":true,"interaction":{"idSuffix":"inner"}},"wdio_ui5_key":"etmportal.ui.managecatalogs.view.Detailsap.m.Input{\"path\":\"\",\"propertyPath\":\"/DESCRIPTION\"}"}]}
RESULT: {"script":"<script> [1562 bytes]","args":[{"selector":{"controlType":"sap.m.Input","viewName":"etm.portal.ui.managecatalogs.view.Detail","viewId":"application-managecatalogs-display-component---detailCatalog","bindingPath":{"path":"","propertyPath":"/DESCRIPTION"},"searchOpenDialogs":true,"interaction":{"idSuffix":"inner"}},"wdio_ui5_key":"etmportal.ui.managecatalogs.view.Detailsap.m.Input{\"path\":\"\",\"propertyPath\":\"/DESCRIPTION\"}"}]}
RESULT: undefined
COMMAND: POST /session/77abbfc580afea80ae68b1163cbb8f65/execute/async - {"script":"<script> [776 bytes]","args":[{"enterText":"catalogItemNamevnzjj","selector":{"controlType":"sap.m.Input","viewName":"etm.portal.ui.managecatalogs.view.Detail","viewId":"application-managecatalogs-display-component---detailCatalog","bindingPath":{"path":"","propertyPath":"/DESCRIPTION"},"searchOpenDialogs":true,"interaction":{"idSuffix":"inner"}},"clearTextFirst":true,"interactionType":"ENTER_TEXT"}]}
RESULT: {"script":"<script> [776 bytes]","args":[{"enterText":"catalogItemNamevnzjj","selector":{"controlType":"sap.m.Input","viewName":"etm.portal.ui.managecatalogs.view.Detail","viewId":"application-managecatalogs-display-component---detailCatalog","bindingPath":{"path":"","propertyPath":"/DESCRIPTION"},"searchOpenDialogs":true,"interaction":{"idSuffix":"inner"}},"clearTextFirst":true,"interactionType":"ENTER_TEXT"}]}
COMMAND: POST /session/77abbfc580afea80ae68b1163cbb8f65/execute/async - {"script":"<script> [1562 bytes]","args":[{"selector":{"controlType":"sap.m.Button","viewName":"etm.portal.ui.managecatalogs.view.Detail","viewId":"application-managecatalogs-display-component---detailCatalog","i18NText":{"propertyName":"text","key":"create"},"searchOpenDialogs":true,"interaction":{"idSuffix":"BDI-content"}},"wdio_ui5_key":"etmportal.ui.managecatalogs.view.Detailsap.m.Button{\"propertyName\":\"text\",\"key\":\"create\"}"}]}
RESULT: {"script":"<script> [1562 bytes]","args":[{"selector":{"controlType":"sap.m.Button","viewName":"etm.portal.ui.managecatalogs.view.Detail","viewId":"application-managecatalogs-display-component---detailCatalog","i18NText":{"propertyName":"text","key":"create"},"searchOpenDialogs":true,"interaction":{"idSuffix":"BDI-content"}},"wdio_ui5_key":"etmportal.ui.managecatalogs.view.Detailsap.m.Button{\"propertyName\":\"text\",\"key\":\"create\"}"}]}
RESULT: undefined
COMMAND: POST /session/77abbfc580afea80ae68b1163cbb8f65/element - {"using":"xpath","value":"//*[@id=\"__button17\"]"}
RESULT: {"using":"xpath","value":"//*[@id=\"__button17\"]"}
COMMAND: POST /session/77abbfc580afea80ae68b1163cbb8f65/element/f.6EC90BF5C139C34AB260ED37772EC165.d.8F4034B6D633D766D289CE704285EA0F.e.2001/click - {}
RESULT: {}
COMMAND: GET /session/77abbfc580afea80ae68b1163cbb8f65/screenshot - {}
RESULT: {}
COMMAND: POST /session/77abbfc580afea80ae68b1163cbb8f65/element - {"using":"xpath","value":"//button[@title=\"Save\"]"}
RESULT: {"using":"xpath","value":"//button[@title=\"Save\"]"}
COMMAND: POST /session/77abbfc580afea80ae68b1163cbb8f65/element/f.6EC90BF5C139C34AB260ED37772EC165.d.8F4034B6D633D766D289CE704285EA0F.e.2002/click - {}
RESULT: {}
COMMAND: GET /session/77abbfc580afea80ae68b1163cbb8f65/screenshot - {}
RESULT: {}
COMMAND: POST /session/77abbfc580afea80ae68b1163cbb8f65/execute/async - {"script":"<script> [1562 bytes]","args":[{"selector":{"controlType":"sap.ui.core.Icon","viewName":"etm.portal.ui.managecatalogs.view.Detail","viewId":"application-managecatalogs-display-component---detailCatalog","properties":{"src":{"regex":{"source":"decline"}}}},"wdio_ui5_key":"etmportal.ui.managecatalogs.view.Detailsap.ui.core.Icon{\"src\":{\"regex\":{\"source\":\"decline\"}}}"}]}
RESULT: {"script":"<script> [1562 bytes]","args":[{"selector":{"controlType":"sap.ui.core.Icon","viewName":"etm.portal.ui.managecatalogs.view.Detail","viewId":"application-managecatalogs-display-component---detailCatalog","properties":{"src":{"regex":{"source":"decline"}}}},"wdio_ui5_key":"etmportal.ui.managecatalogs.view.Detailsap.ui.core.Icon{\"src\":{\"regex\":{\"source\":\"decline\"}}}"}]}
RESULT: undefined
COMMAND: POST /session/77abbfc580afea80ae68b1163cbb8f65/element - {"using":"xpath","value":"//*[@id=\"__button36-img\"]"}
RESULT: {"using":"xpath","value":"//*[@id=\"__button36-img\"]"}
COMMAND: POST /session/77abbfc580afea80ae68b1163cbb8f65/element/f.6EC90BF5C139C34AB260ED37772EC165.d.8F4034B6D633D766D289CE704285EA0F.e.2008/click - {}
RESULT: {}
COMMAND: GET /session/77abbfc580afea80ae68b1163cbb8f65/screenshot - {}
RESULT: {}
COMMAND: POST /session/77abbfc580afea80ae68b1163cbb8f65/execute/async - {"script":"<script> [1562 bytes]","args":[{"selector":{"controlType":"sap.ui.core.Icon","viewName":"etm.portal.ui.managecatalogs.view.MasterItems","viewId":"application-managecatalogs-display-component---masterCatalogItems","properties":{"src":{"regex":{"source":"refresh"}}}},"wdio_ui5_key":"etmportal.ui.managecatalogs.view.MasterItemssap.ui.core.Icon{\"src\":{\"regex\":{\"source\":\"refresh\"}}}"}]}
RESULT: {"script":"<script> [1562 bytes]","args":[{"selector":{"controlType":"sap.ui.core.Icon","viewName":"etm.portal.ui.managecatalogs.view.MasterItems","viewId":"application-managecatalogs-display-component---masterCatalogItems","properties":{"src":{"regex":{"source":"refresh"}}}},"wdio_ui5_key":"etmportal.ui.managecatalogs.view.MasterItemssap.ui.core.Icon{\"src\":{\"regex\":{\"source\":\"refresh\"}}}"}]}
RESULT: undefined
COMMAND: POST /session/77abbfc580afea80ae68b1163cbb8f65/element - {"using":"xpath","value":"//*[@id=\"__button9-img\"]"}
RESULT: {"using":"xpath","value":"//*[@id=\"__button9-img\"]"}
COMMAND: POST /session/77abbfc580afea80ae68b1163cbb8f65/element/f.6EC90BF5C139C34AB260ED37772EC165.d.8F4034B6D633D766D289CE704285EA0F.e.2041/click - {}
RESULT: {}
COMMAND: GET /session/77abbfc580afea80ae68b1163cbb8f65/screenshot - {}
RESULT: {}
COMMAND: POST /session/77abbfc580afea80ae68b1163cbb8f65/execute/async - {"script":"<script> [1562 bytes]","args":[{"selector":{"id":"application-managecatalogs-display-component---masterCatalogItems--searchItemsField","interaction":{"idSuffix":"I"}},"wdio_ui5_key":"applicationmanagecatalogs-display-component---masterCatalogItems--searchItemsField"}]}
RESULT: {"script":"<script> [1562 bytes]","args":[{"selector":{"id":"application-managecatalogs-display-component---masterCatalogItems--searchItemsField","interaction":{"idSuffix":"I"}},"wdio_ui5_key":"applicationmanagecatalogs-display-component---masterCatalogItems--searchItemsField"}]}
RESULT: undefined
COMMAND: POST /session/77abbfc580afea80ae68b1163cbb8f65/execute/async - {"script":"<script> [776 bytes]","args":[{"enterText":"catalogItemNamevnzjj","selector":{"id":"application-managecatalogs-display-component---masterCatalogItems--searchItemsField","interaction":{"idSuffix":"I"}},"clearTextFirst":true,"interactionType":"ENTER_TEXT"}]}
RESULT: {"script":"<script> [776 bytes]","args":[{"enterText":"catalogItemNamevnzjj","selector":{"id":"application-managecatalogs-display-component---masterCatalogItems--searchItemsField","interaction":{"idSuffix":"I"}},"clearTextFirst":true,"interactionType":"ENTER_TEXT"}]}
COMMAND: POST /session/77abbfc580afea80ae68b1163cbb8f65/actions - {"actions":[{"id":"action9","type":"key","parameters":{},"actions":[{"type":"keyDown","value":""},{"type":"pause","duration":10},{"type":"keyUp","value":""}]}]}
RESULT: {"actions":[{"id":"action9","type":"key","parameters":{},"actions":[{"type":"keyDown","value":""},{"type":"pause","duration":10},{"type":"keyUp","value":""}]}]}
COMMAND: POST /session/77abbfc580afea80ae68b1163cbb8f65/element - {"using":"xpath","value":"(//span[contains(text(), \"catalogItemNamevnzjj\")])[1]"}
COMMAND: GET /session/77abbfc580afea80ae68b1163cbb8f65/screenshot - {}
RESULT: {"using":"xpath","value":"(//span[contains(text(), \"catalogItemNamevnzjj\")])[1]"}
COMMAND: POST /session/77abbfc580afea80ae68b1163cbb8f65/element/f.6EC90BF5C139C34AB260ED37772EC165.d.8F4034B6D633D766D289CE704285EA0F.e.2048/click - {}
RESULT: {}
RESULT: {}
COMMAND: GET /session/77abbfc580afea80ae68b1163cbb8f65/screenshot - {}
RESULT: {}
COMMAND: POST /session/77abbfc580afea80ae68b1163cbb8f65/element - {"using":"xpath","value":"//span[contains(text(), \"catalogItemozcjc\")]"}
RESULT: {"using":"xpath","value":"//span[contains(text(), \"catalogItemozcjc\")]"}
COMMAND: GET /session/77abbfc580afea80ae68b1163cbb8f65/element/f.6EC90BF5C139C34AB260ED37772EC165.d.8F4034B6D633D766D289CE704285EA0F.e.2111/text - {}
RESULT: {}
RESULT: undefined
COMMAND: POST /session/77abbfc580afea80ae68b1163cbb8f65/element - {"using":"xpath","value":"//*[@id=\"__button33\"]"}
RESULT: {"using":"xpath","value":"//*[@id=\"__button33\"]"}
COMMAND: POST /session/77abbfc580afea80ae68b1163cbb8f65/element/f.6EC90BF5C139C34AB260ED37772EC165.d.8F4034B6D633D766D289CE704285EA0F.e.2112/click - {}
RESULT: {}
COMMAND: GET /session/77abbfc580afea80ae68b1163cbb8f65/screenshot - {}
RESULT: {}
COMMAND: POST /session/77abbfc580afea80ae68b1163cbb8f65/execute/async - {"script":"<script> [1562 bytes]","args":[{"selector":{"id":"application-managecatalogs-display-component---detailCatalog--BASE_UNIT_OF_MEASURE-arrow"},"wdio_ui5_key":"applicationmanagecatalogs-display-component---detailCatalog--BASE_UNIT_OF_MEASURE-arrow"}]}
RESULT: {"script":"<script> [1562 bytes]","args":[{"selector":{"id":"application-managecatalogs-display-component---detailCatalog--BASE_UNIT_OF_MEASURE-arrow"},"wdio_ui5_key":"applicationmanagecatalogs-display-component---detailCatalog--BASE_UNIT_OF_MEASURE-arrow"}]}
RESULT: undefined
COMMAND: POST /session/77abbfc580afea80ae68b1163cbb8f65/element - {"using":"xpath","value":"//*[@id=\"application-managecatalogs-display-component---detailCatalog--BASE_UNIT_OF_MEASURE-arrow\"]"}
RESULT: {"using":"xpath","value":"//*[@id=\"application-managecatalogs-display-component---detailCatalog--BASE_UNIT_OF_MEASURE-arrow\"]"}
COMMAND: POST /session/77abbfc580afea80ae68b1163cbb8f65/element/f.6EC90BF5C139C34AB260ED37772EC165.d.8F4034B6D633D766D289CE704285EA0F.e.2141/click - {}
RESULT: {}
COMMAND: GET /session/77abbfc580afea80ae68b1163cbb8f65/screenshot - {}
RESULT: {}
COMMAND: POST /session/77abbfc580afea80ae68b1163cbb8f65/execute/async - {"script":"<script> [1562 bytes]","args":[{"selector":{"controlType":"sap.m.StandardListItem","viewName":"etm.portal.ui.managecatalogs.view.Detail","viewId":"application-managecatalogs-display-component---detailCatalog","properties":{"title":"Piece"},"searchOpenDialogs":true,"interaction":{"idSuffix":"titleText"}},"wdio_ui5_key":"etmportal.ui.managecatalogs.view.Detailsap.m.StandardListItem{\"title\":\"Piece\"}"}]}
RESULT: {"script":"<script> [1562 bytes]","args":[{"selector":{"controlType":"sap.m.StandardListItem","viewName":"etm.portal.ui.managecatalogs.view.Detail","viewId":"application-managecatalogs-display-component---detailCatalog","properties":{"title":"Piece"},"searchOpenDialogs":true,"interaction":{"idSuffix":"titleText"}},"wdio_ui5_key":"etmportal.ui.managecatalogs.view.Detailsap.m.StandardListItem{\"title\":\"Piece\"}"}]}
RESULT: undefined
COMMAND: POST /session/77abbfc580afea80ae68b1163cbb8f65/element - {"using":"xpath","value":"//*[@id=\"__item220\"]"}
RESULT: {"using":"xpath","value":"//*[@id=\"__item220\"]"}
COMMAND: POST /session/77abbfc580afea80ae68b1163cbb8f65/element/f.6EC90BF5C139C34AB260ED37772EC165.d.8F4034B6D633D766D289CE704285EA0F.e.2143/click - {}
RESULT: {}
COMMAND: POST /session/77abbfc580afea80ae68b1163cbb8f65/execute/async - {"script":"<script> [1562 bytes]","args":[{"selector":{"id":"application-managecatalogs-display-component---detailCatalog--ObjectPageLayout-anchBar-application-managecatalogs-display-component---detailCatalog--sectionValues-anchor","interaction":{"idSuffix":"BDI-content"}},"wdio_ui5_key":"applicationmanagecatalogs-display-component---detailCatalog--ObjectPageLayout-anchBar-application-managecatalogs-display-component---detailCatalog--sectionValues-anchor"}]}
COMMAND: GET /session/77abbfc580afea80ae68b1163cbb8f65/screenshot - {}
RESULT: {"script":"<script> [1562 bytes]","args":[{"selector":{"id":"application-managecatalogs-display-component---detailCatalog--ObjectPageLayout-anchBar-application-managecatalogs-display-component---detailCatalog--sectionValues-anchor","interaction":{"idSuffix":"BDI-content"}},"wdio_ui5_key":"applicationmanagecatalogs-display-component---detailCatalog--ObjectPageLayout-anchBar-application-managecatalogs-display-component---detailCatalog--sectionValues-anchor"}]}
RESULT: undefined
COMMAND: POST /session/77abbfc580afea80ae68b1163cbb8f65/element - {"using":"xpath","value":"//*[@id=\"application-managecatalogs-display-component---detailCatalog--ObjectPageLayout-anchBar-application-managecatalogs-display-component---detailCatalog--sectionValues-anchor\"]"}
RESULT: {}
RESULT: {"using":"xpath","value":"//*[@id=\"application-managecatalogs-display-component---detailCatalog--ObjectPageLayout-anchBar-application-managecatalogs-display-component---detailCatalog--sectionValues-anchor\"]"}
COMMAND: POST /session/77abbfc580afea80ae68b1163cbb8f65/element/f.6EC90BF5C139C34AB260ED37772EC165.d.8F4034B6D633D766D289CE704285EA0F.e.2145/click - {}
RESULT: {}
COMMAND: GET /session/77abbfc580afea80ae68b1163cbb8f65/screenshot - {}
RESULT: {}
COMMAND: POST /session/77abbfc580afea80ae68b1163cbb8f65/execute/async - {"script":"<script> [1562 bytes]","args":[{"selector":{"controlType":"sap.ui.core.Icon","viewName":"etm.portal.ui.managecatalogs.view.Detail","viewId":"application-managecatalogs-display-component---detailCatalog","properties":{"src":{"regex":{"source":"add"}}},"ancestor":{"id":"application-managecatalogs-display-component---detailCatalog--ValuesTable"}},"wdio_ui5_key":"etmportal.ui.managecatalogs.view.Detailsap.ui.core.Icon{\"src\":{\"regex\":{\"source\":\"add\"}}}{\"id\":\"application-managecatalogs-display-component---detailCatalog--ValuesTable\"}"}]}
RESULT: {"script":"<script> [1562 bytes]","args":[{"selector":{"controlType":"sap.ui.core.Icon","viewName":"etm.portal.ui.managecatalogs.view.Detail","viewId":"application-managecatalogs-display-component---detailCatalog","properties":{"src":{"regex":{"source":"add"}}},"ancestor":{"id":"application-managecatalogs-display-component---detailCatalog--ValuesTable"}},"wdio_ui5_key":"etmportal.ui.managecatalogs.view.Detailsap.ui.core.Icon{\"src\":{\"regex\":{\"source\":\"add\"}}}{\"id\":\"application-managecatalogs-display-component---detailCatalog--ValuesTable\"}"}]}
RESULT: undefined
COMMAND: POST /session/77abbfc580afea80ae68b1163cbb8f65/element - {"using":"xpath","value":"//*[@id=\"__button45-img\"]"}
RESULT: {"using":"xpath","value":"//*[@id=\"__button45-img\"]"}
COMMAND: POST /session/77abbfc580afea80ae68b1163cbb8f65/element/f.6EC90BF5C139C34AB260ED37772EC165.d.8F4034B6D633D766D289CE704285EA0F.e.2150/click - {}
RESULT: {}
RESULT: undefined
COMMAND: POST /session/77abbfc580afea80ae68b1163cbb8f65/element - {"using":"xpath","value":"//*[@id=\"__button45-img\"]"}
COMMAND: GET /session/77abbfc580afea80ae68b1163cbb8f65/screenshot - {}
RESULT: {"using":"xpath","value":"//*[@id=\"__button45-img\"]"}
COMMAND: POST /session/77abbfc580afea80ae68b1163cbb8f65/element/f.6EC90BF5C139C34AB260ED37772EC165.d.8F4034B6D633D766D289CE704285EA0F.e.2150/click - {}
RESULT: {}
RESULT: {}
COMMAND: POST /session/77abbfc580afea80ae68b1163cbb8f65/element - {"using":"xpath","value":"(//input[contains(@id ,\"application-managecatalogs-display-component---detailCatalog--ValuesTable-0-inner\")])[1]"}
COMMAND: GET /session/77abbfc580afea80ae68b1163cbb8f65/screenshot - {}
RESULT: {"using":"xpath","value":"(//input[contains(@id ,\"application-managecatalogs-display-component---detailCatalog--ValuesTable-0-inner\")])[1]"}
COMMAND: POST /session/77abbfc580afea80ae68b1163cbb8f65/element/f.6EC90BF5C139C34AB260ED37772EC165.d.8F4034B6D633D766D289CE704285EA0F.e.2155/clear - {}
RESULT: {}
RESULT: {}
COMMAND: POST /session/77abbfc580afea80ae68b1163cbb8f65/element/f.6EC90BF5C139C34AB260ED37772EC165.d.8F4034B6D633D766D289CE704285EA0F.e.2155/value - {"text":"D&I catalog price"}
COMMAND: GET /session/77abbfc580afea80ae68b1163cbb8f65/screenshot - {}
RESULT: {"text":"D&I catalog price"}
COMMAND: GET /session/77abbfc580afea80ae68b1163cbb8f65/screenshot - {}
RESULT: {}
RESULT: {}
COMMAND: POST /session/77abbfc580afea80ae68b1163cbb8f65/actions - {"actions":[{"id":"action10","type":"key","parameters":{},"actions":[{"type":"keyDown","value":""},{"type":"pause","duration":10},{"type":"keyUp","value":""}]}]}
RESULT: {"actions":[{"id":"action10","type":"key","parameters":{},"actions":[{"type":"keyDown","value":""},{"type":"pause","duration":10},{"type":"keyUp","value":""}]}]}
COMMAND: POST /session/77abbfc580afea80ae68b1163cbb8f65/element - {"using":"xpath","value":"(//input[contains(@id ,\"application-managecatalogs-display-component---detailCatalog--ValuesTable-1-inner\")])[1]"}
COMMAND: GET /session/77abbfc580afea80ae68b1163cbb8f65/screenshot - {}
RESULT: {"using":"xpath","value":"(//input[contains(@id ,\"application-managecatalogs-display-component---detailCatalog--ValuesTable-1-inner\")])[1]"}
COMMAND: POST /session/77abbfc580afea80ae68b1163cbb8f65/element/f.6EC90BF5C139C34AB260ED37772EC165.d.8F4034B6D633D766D289CE704285EA0F.e.2179/clear - {}
RESULT: {}
RESULT: {}
COMMAND: POST /session/77abbfc580afea80ae68b1163cbb8f65/element/f.6EC90BF5C139C34AB260ED37772EC165.d.8F4034B6D633D766D289CE704285EA0F.e.2179/value - {"text":"D&I catalog price"}
COMMAND: GET /session/77abbfc580afea80ae68b1163cbb8f65/screenshot - {}
RESULT: {"text":"D&I catalog price"}
COMMAND: GET /session/77abbfc580afea80ae68b1163cbb8f65/screenshot - {}
RESULT: {}
RESULT: {}
COMMAND: POST /session/77abbfc580afea80ae68b1163cbb8f65/actions - {"actions":[{"id":"action11","type":"key","parameters":{},"actions":[{"type":"keyDown","value":""},{"type":"pause","duration":10},{"type":"keyUp","value":""}]}]}
RESULT: {"actions":[{"id":"action11","type":"key","parameters":{},"actions":[{"type":"keyDown","value":""},{"type":"pause","duration":10},{"type":"keyUp","value":""}]}]}
COMMAND: POST /session/77abbfc580afea80ae68b1163cbb8f65/execute/async - {"script":"<script> [1562 bytes]","args":[{"selector":{"controlType":"sap.m.Button","viewName":"etm.portal.ui.managecatalogs.view.Detail","viewId":"application-managecatalogs-display-component---detailCatalog","i18NText":{"propertyName":"text","key":"save"},"interaction":{"idSuffix":"BDI-content"}},"wdio_ui5_key":"etmportal.ui.managecatalogs.view.Detailsap.m.Button{\"propertyName\":\"text\",\"key\":\"save\"}"}]}
COMMAND: GET /session/77abbfc580afea80ae68b1163cbb8f65/screenshot - {}
RESULT: {"script":"<script> [1562 bytes]","args":[{"selector":{"controlType":"sap.m.Button","viewName":"etm.portal.ui.managecatalogs.view.Detail","viewId":"application-managecatalogs-display-component---detailCatalog","i18NText":{"propertyName":"text","key":"save"},"interaction":{"idSuffix":"BDI-content"}},"wdio_ui5_key":"etmportal.ui.managecatalogs.view.Detailsap.m.Button{\"propertyName\":\"text\",\"key\":\"save\"}"}]}
RESULT: undefined
COMMAND: POST /session/77abbfc580afea80ae68b1163cbb8f65/element - {"using":"xpath","value":"//*[@id=\"__button51\"]"}
RESULT: {}
RESULT: {"using":"xpath","value":"//*[@id=\"__button51\"]"}
COMMAND: POST /session/77abbfc580afea80ae68b1163cbb8f65/element/f.6EC90BF5C139C34AB260ED37772EC165.d.8F4034B6D633D766D289CE704285EA0F.e.2114/click - {}
RESULT: {}
COMMAND: GET /session/77abbfc580afea80ae68b1163cbb8f65/screenshot - {}
RESULT: {}
COMMAND: POST /session/77abbfc580afea80ae68b1163cbb8f65/execute/async - {"script":"<script> [1562 bytes]","args":[{"selector":{"controlType":"sap.m.Text","properties":{"text":"Existing values with the same start date!"},"searchOpenDialogs":true},"wdio_ui5_key":"sapm.Text{\"text\":\"Existing values with the same start date!\"}"}]}
RESULT: {"script":"<script> [1562 bytes]","args":[{"selector":{"controlType":"sap.m.Text","properties":{"text":"Existing values with the same start date!"},"searchOpenDialogs":true},"wdio_ui5_key":"sapm.Text{\"text\":\"Existing values with the same start date!\"}"}]}
RESULT: undefined
COMMAND: POST /session/77abbfc580afea80ae68b1163cbb8f65/execute/async - {"script":"<script> [6424 bytes]","args":[{"element-6066-11e4-a52e-4f735466cecf":"f.6EC90BF5C139C34AB260ED37772EC165.d.8F4034B6D633D766D289CE704285EA0F.e.2195"},"getText",[]]}
RESULT: {"script":"<script> [6424 bytes]","args":[{"element-6066-11e4-a52e-4f735466cecf":"f.6EC90BF5C139C34AB260ED37772EC165.d.8F4034B6D633D766D289CE704285EA0F.e.2195"},"getText",[]]}
COMMAND: POST /session/77abbfc580afea80ae68b1163cbb8f65/execute/async - {"script":"<script> [1562 bytes]","args":[{"selector":{"controlType":"sap.m.Button","properties":{"text":"OK"},"searchOpenDialogs":true,"interaction":{"idSuffix":"BDI-content"}},"wdio_ui5_key":"sapm.Button{\"text\":\"OK\"}"}]}
RESULT: {"script":"<script> [1562 bytes]","args":[{"selector":{"controlType":"sap.m.Button","properties":{"text":"OK"},"searchOpenDialogs":true,"interaction":{"idSuffix":"BDI-content"}},"wdio_ui5_key":"sapm.Button{\"text\":\"OK\"}"}]}
RESULT: undefined
COMMAND: POST /session/77abbfc580afea80ae68b1163cbb8f65/element - {"using":"xpath","value":"//*[@id=\"__mbox-btn-0\"]"}
RESULT: {"using":"xpath","value":"//*[@id=\"__mbox-btn-0\"]"}
COMMAND: POST /session/77abbfc580afea80ae68b1163cbb8f65/element/f.6EC90BF5C139C34AB260ED37772EC165.d.8F4034B6D633D766D289CE704285EA0F.e.2191/click - {}
RESULT: {}
COMMAND: POST /session/77abbfc580afea80ae68b1163cbb8f65/execute/async - {"script":"<script> [1562 bytes]","args":[{"selector":{"controlType":"sap.m.DatePicker","viewName":"etm.portal.ui.managecatalogs.view.Detail","viewId":"application-managecatalogs-display-component---detailCatalog","bindingPath":{"propertyPath":"VALID_TO","modelName":"catalogModel"},"interaction":{"idSuffix":"inner"}},"wdio_ui5_key":"etmportal.ui.managecatalogs.view.Detailsap.m.DatePicker{\"propertyPath\":\"VALID_TO\",\"modelName\":\"catalogModel\"}"}]}
COMMAND: GET /session/77abbfc580afea80ae68b1163cbb8f65/screenshot - {}
RESULT: {"script":"<script> [1562 bytes]","args":[{"selector":{"controlType":"sap.m.DatePicker","viewName":"etm.portal.ui.managecatalogs.view.Detail","viewId":"application-managecatalogs-display-component---detailCatalog","bindingPath":{"propertyPath":"VALID_TO","modelName":"catalogModel"},"interaction":{"idSuffix":"inner"}},"wdio_ui5_key":"etmportal.ui.managecatalogs.view.Detailsap.m.DatePicker{\"propertyPath\":\"VALID_TO\",\"modelName\":\"catalogModel\"}"}]}
RESULT: undefined
COMMAND: POST /session/77abbfc580afea80ae68b1163cbb8f65/execute/async - {"script":"<script> [776 bytes]","args":[{"enterText":"05/31/25","selector":{"controlType":"sap.m.DatePicker","viewName":"etm.portal.ui.managecatalogs.view.Detail","viewId":"application-managecatalogs-display-component---detailCatalog","bindingPath":{"propertyPath":"VALID_TO","modelName":"catalogModel"},"interaction":{"idSuffix":"inner"}},"clearTextFirst":true,"interactionType":"ENTER_TEXT"}]}
RESULT: {}
RESULT: {"script":"<script> [776 bytes]","args":[{"enterText":"05/31/25","selector":{"controlType":"sap.m.DatePicker","viewName":"etm.portal.ui.managecatalogs.view.Detail","viewId":"application-managecatalogs-display-component---detailCatalog","bindingPath":{"propertyPath":"VALID_TO","modelName":"catalogModel"},"interaction":{"idSuffix":"inner"}},"clearTextFirst":true,"interactionType":"ENTER_TEXT"}]}
COMMAND: POST /session/77abbfc580afea80ae68b1163cbb8f65/element - {"using":"xpath","value":"(//input[contains(@id ,\"-application-managecatalogs-display-component---detailCatalog--ValuesTable-0-inner\")])[7]"}
RESULT: {"using":"xpath","value":"(//input[contains(@id ,\"-application-managecatalogs-display-component---detailCatalog--ValuesTable-0-inner\")])[7]"}
COMMAND: POST /session/77abbfc580afea80ae68b1163cbb8f65/element/f.6EC90BF5C139C34AB260ED37772EC165.d.8F4034B6D633D766D289CE704285EA0F.e.2161/clear - {}
RESULT: {}
COMMAND: POST /session/77abbfc580afea80ae68b1163cbb8f65/element/f.6EC90BF5C139C34AB260ED37772EC165.d.8F4034B6D633D766D289CE704285EA0F.e.2161/value - {"text":"05/31/25"}
COMMAND: GET /session/77abbfc580afea80ae68b1163cbb8f65/screenshot - {}
RESULT: {"text":"05/31/25"}
COMMAND: POST /session/77abbfc580afea80ae68b1163cbb8f65/element - {"using":"xpath","value":"(//input[contains(@id ,\"application-managecatalogs-display-component---detailCatalog--ValuesTable-1-inner\")])[6]"}
COMMAND: GET /session/77abbfc580afea80ae68b1163cbb8f65/screenshot - {}
RESULT: {}
RESULT: {"using":"xpath","value":"(//input[contains(@id ,\"application-managecatalogs-display-component---detailCatalog--ValuesTable-1-inner\")])[6]"}
COMMAND: POST /session/77abbfc580afea80ae68b1163cbb8f65/element/f.6EC90BF5C139C34AB260ED37772EC165.d.8F4034B6D633D766D289CE704285EA0F.e.2184/clear - {}
RESULT: {}
RESULT: {}
COMMAND: POST /session/77abbfc580afea80ae68b1163cbb8f65/element/f.6EC90BF5C139C34AB260ED37772EC165.d.8F4034B6D633D766D289CE704285EA0F.e.2184/value - {"text":"06/01/25"}
COMMAND: GET /session/77abbfc580afea80ae68b1163cbb8f65/screenshot - {}
RESULT: {"text":"06/01/25"}
COMMAND: POST /session/77abbfc580afea80ae68b1163cbb8f65/element - {"using":"xpath","value":"//bdi[contains(text(), \"Save\")]"}
COMMAND: GET /session/77abbfc580afea80ae68b1163cbb8f65/screenshot - {}
RESULT: {}
RESULT: {"using":"xpath","value":"//bdi[contains(text(), \"Save\")]"}
COMMAND: POST /session/77abbfc580afea80ae68b1163cbb8f65/element/f.6EC90BF5C139C34AB260ED37772EC165.d.8F4034B6D633D766D289CE704285EA0F.e.2190/click - {}
RESULT: {}
RESULT: {}
COMMAND: POST /session/77abbfc580afea80ae68b1163cbb8f65/execute/async - {"script":"<script> [1562 bytes]","args":[{"selector":{"controlType":"sap.m.Title","properties":{"text":"Warning"},"searchOpenDialogs":true},"wdio_ui5_key":"sapm.Title{\"text\":\"Warning\"}"}]}
COMMAND: GET /session/77abbfc580afea80ae68b1163cbb8f65/screenshot - {}
RESULT: {"script":"<script> [1562 bytes]","args":[{"selector":{"controlType":"sap.m.Title","properties":{"text":"Warning"},"searchOpenDialogs":true},"wdio_ui5_key":"sapm.Title{\"text\":\"Warning\"}"}]}
RESULT: undefined
COMMAND: POST /session/77abbfc580afea80ae68b1163cbb8f65/execute/async - {"script":"<script> [6424 bytes]","args":[{"element-6066-11e4-a52e-4f735466cecf":"f.6EC90BF5C139C34AB260ED37772EC165.d.8F4034B6D633D766D289CE704285EA0F.e.2201"},"getText",[]]}
RESULT: {}
RESULT: {"script":"<script> [6424 bytes]","args":[{"element-6066-11e4-a52e-4f735466cecf":"f.6EC90BF5C139C34AB260ED37772EC165.d.8F4034B6D633D766D289CE704285EA0F.e.2201"},"getText",[]]}
COMMAND: POST /session/77abbfc580afea80ae68b1163cbb8f65/execute/async - {"script":"<script> [1562 bytes]","args":[{"selector":{"controlType":"sap.m.Button","properties":{"text":"Yes"},"searchOpenDialogs":true,"interaction":{"idSuffix":"BDI-content"}},"wdio_ui5_key":"sapm.Button{\"text\":\"Yes\"}"}]}
RESULT: {"script":"<script> [1562 bytes]","args":[{"selector":{"controlType":"sap.m.Button","properties":{"text":"Yes"},"searchOpenDialogs":true,"interaction":{"idSuffix":"BDI-content"}},"wdio_ui5_key":"sapm.Button{\"text\":\"Yes\"}"}]}
RESULT: undefined
COMMAND: POST /session/77abbfc580afea80ae68b1163cbb8f65/element - {"using":"xpath","value":"//*[@id=\"__mbox-btn-1\"]"}
RESULT: {"using":"xpath","value":"//*[@id=\"__mbox-btn-1\"]"}
COMMAND: POST /session/77abbfc580afea80ae68b1163cbb8f65/element/f.6EC90BF5C139C34AB260ED37772EC165.d.8F4034B6D633D766D289CE704285EA0F.e.2199/click - {}
RESULT: {}
COMMAND: GET /session/77abbfc580afea80ae68b1163cbb8f65/screenshot - {}
RESULT: {}
COMMAND: POST /session/77abbfc580afea80ae68b1163cbb8f65/refresh - {}
RESULT: {}
COMMAND: GET /session/77abbfc580afea80ae68b1163cbb8f65/screenshot - {}
RESULT: {}
COMMAND: POST /session/77abbfc580afea80ae68b1163cbb8f65/execute/async - {"script":"<script> [189 bytes]","args":[]}
RESULT: {"script":"<script> [189 bytes]","args":[]}
COMMAND: POST /session/77abbfc580afea80ae68b1163cbb8f65/execute/async - {"script":"<script> [123 bytes]","args":[]}
RESULT: {"script":"<script> [123 bytes]","args":[]}
COMMAND: POST /session/77abbfc580afea80ae68b1163cbb8f65/timeouts - {"script":"<number>"}
RESULT: {"script":"<number>"}
COMMAND: GET /session/77abbfc580afea80ae68b1163cbb8f65/timeouts - {}
RESULT: {}
RESULT: undefined
COMMAND: POST /session/77abbfc580afea80ae68b1163cbb8f65/execute/async - {"script":"<script> [2676 bytes]","args":[]}
RESULT: {"script":"<script> [2676 bytes]","args":[]}
COMMAND: POST /session/77abbfc580afea80ae68b1163cbb8f65/execute/async - {"script":"<script> [2342 bytes]","args":[{"protocol":"http","hostname":"0.0.0.0","path":"/","capabilities":{"browserName":"chrome","goog:chromeOptions":{"binary":"C:\\Program Files\\Google\\Chrome\\Application\\chrome.exe","args":["--start-maximized"]}},"logLevel":"warn","connectionRetryTimeout":120000,"connectionRetryCount":3,"logLevels":{},"enableDirectConnect":true,"strictSSL":true,"_":"65 more keys: [\"cacheDir\",\"port\",\"requestedCapabilities\",\"automationProtocol\",\"baseUrl\",\"waitforInterval\",\"waitforTimeout\",\"onReload\",\"beforeCommand\",\"afterCommand\",\"rootDir\",\"specs\",\"suites\",\"exclude\",\"groupLogsByTestSpec\",\"excludeDriverLogs\",\"bail\",\"framework\",\"reporters\",\"services\",\"maxInstances\",\"maxInstancesPerCapability\",\"injectGlobals\",\"filesToWatch\",\"execArgv\",\"runnerEnv\",\"runner\",\"shard\",\"specFileRetries\",\"specFileRetriesDelay\",\"specFileRetriesDeferred\",\"reporterSyncInterval\",\"reporterSyncTimeout\",\"cucumberFeaturesWithLineNumbers\",\"autoCompileOpts\",\"mochaOpts\",\"jasmineOpts\",\"cucumberOpts\",\"onPrepare\",\"onWorkerStart\",\"onWorkerEnd\",\"before\",\"beforeSession\",\"beforeSuite\",\"beforeHook\",\"beforeTest\",\"afterTest\",\"afterHook\",\"afterSuite\",\"afterSession\",\"after\",\"onComplete\",\"beforeAssertion\",\"afterAssertion\",\"beforeFeature\",\"beforeScenario\",\"beforeStep\",\"afterStep\",\"afterScenario\",\"afterFeature\",\"_\",\"suite\",\"$0\",\"ignoredWorkerServices\",\"wdi5\"]"}]}
RESULT: {"script":"<script> [2342 bytes]","args":[{"protocol":"http","hostname":"0.0.0.0","path":"/","capabilities":{"browserName":"chrome","goog:chromeOptions":{"binary":"C:\\Program Files\\Google\\Chrome\\Application\\chrome.exe","args":["--start-maximized"]}},"logLevel":"warn","connectionRetryTimeout":120000,"connectionRetryCount":3,"logLevels":{},"enableDirectConnect":true,"strictSSL":true,"_":"65 more keys: [\"cacheDir\",\"port\",\"requestedCapabilities\",\"automationProtocol\",\"baseUrl\",\"waitforInterval\",\"waitforTimeout\",\"onReload\",\"beforeCommand\",\"afterCommand\",\"rootDir\",\"specs\",\"suites\",\"exclude\",\"groupLogsByTestSpec\",\"excludeDriverLogs\",\"bail\",\"framework\",\"reporters\",\"services\",\"maxInstances\",\"maxInstancesPerCapability\",\"injectGlobals\",\"filesToWatch\",\"execArgv\",\"runnerEnv\",\"runner\",\"shard\",\"specFileRetries\",\"specFileRetriesDelay\",\"specFileRetriesDeferred\",\"reporterSyncInterval\",\"reporterSyncTimeout\",\"cucumberFeaturesWithLineNumbers\",\"autoCompileOpts\",\"mochaOpts\",\"jasmineOpts\",\"cucumberOpts\",\"onPrepare\",\"onWorkerStart\",\"onWorkerEnd\",\"before\",\"beforeSession\",\"beforeSuite\",\"beforeHook\",\"beforeTest\",\"afterTest\",\"afterHook\",\"afterSuite\",\"afterSession\",\"after\",\"onComplete\",\"beforeAssertion\",\"afterAssertion\",\"beforeFeature\",\"beforeScenario\",\"beforeStep\",\"afterStep\",\"afterScenario\",\"afterFeature\",\"_\",\"suite\",\"$0\",\"ignoredWorkerServices\",\"wdi5\"]"}]}
COMMAND: POST /session/77abbfc580afea80ae68b1163cbb8f65/execute/async - {"script":"<script> [21126 bytes]","args":[35000]}
RESULT: {"script":"<script> [21126 bytes]","args":[35000]}
COMMAND: POST /session/77abbfc580afea80ae68b1163cbb8f65/execute/async - {"script":"<script> [1562 bytes]","args":[{"selector":{"id":"application-managecatalogs-display-component---detailCatalog--ValuesSmartTable-header"},"wdio_ui5_key":"applicationmanagecatalogs-display-component---detailCatalog--ValuesSmartTable-header"}]}
RESULT: {"script":"<script> [1562 bytes]","args":[{"selector":{"id":"application-managecatalogs-display-component---detailCatalog--ValuesSmartTable-header"},"wdio_ui5_key":"applicationmanagecatalogs-display-component---detailCatalog--ValuesSmartTable-header"}]}
RESULT: undefined
COMMAND: POST /session/77abbfc580afea80ae68b1163cbb8f65/execute/async - {"script":"<script> [6424 bytes]","args":[{"element-6066-11e4-a52e-4f735466cecf":"f.6EC90BF5C139C34AB260ED37772EC165.d.56251FE3137B9EADA53E15BF0312568B.e.2275"},"getText",[]]}
RESULT: {"script":"<script> [6424 bytes]","args":[{"element-6066-11e4-a52e-4f735466cecf":"f.6EC90BF5C139C34AB260ED37772EC165.d.56251FE3137B9EADA53E15BF0312568B.e.2275"},"getText",[]]}
COMMAND: POST /session/77abbfc580afea80ae68b1163cbb8f65/execute/async - {"script":"<script> [1562 bytes]","args":[{"selector":{"controlType":"sap.m.Button","viewName":"etm.portal.ui.managecatalogs.view.Detail","viewId":"application-managecatalogs-display-component---detailCatalog","i18NText":{"propertyName":"text","key":"edit"},"interaction":{"idSuffix":"BDI-content"}},"wdio_ui5_key":"etmportal.ui.managecatalogs.view.Detailsap.m.Button{\"propertyName\":\"text\",\"key\":\"edit\"}"}]}
RESULT: {"script":"<script> [1562 bytes]","args":[{"selector":{"controlType":"sap.m.Button","viewName":"etm.portal.ui.managecatalogs.view.Detail","viewId":"application-managecatalogs-display-component---detailCatalog","i18NText":{"propertyName":"text","key":"edit"},"interaction":{"idSuffix":"BDI-content"}},"wdio_ui5_key":"etmportal.ui.managecatalogs.view.Detailsap.m.Button{\"propertyName\":\"text\",\"key\":\"edit\"}"}]}
RESULT: undefined
COMMAND: POST /session/77abbfc580afea80ae68b1163cbb8f65/element - {"using":"xpath","value":"//*[@id=\"__button25\"]"}
RESULT: {"using":"xpath","value":"//*[@id=\"__button25\"]"}
COMMAND: POST /session/77abbfc580afea80ae68b1163cbb8f65/element/f.6EC90BF5C139C34AB260ED37772EC165.d.56251FE3137B9EADA53E15BF0312568B.e.2277/click - {}
RESULT: {}
COMMAND: POST /session/77abbfc580afea80ae68b1163cbb8f65/execute/async - {"script":"<script> [1562 bytes]","args":[{"selector":{"id":"application-managecatalogs-display-component---detailCatalog--ObjectPageLayout-anchBar-application-managecatalogs-display-component---detailCatalog--sectionValues-anchor","interaction":{"idSuffix":"BDI-content"}},"wdio_ui5_key":"applicationmanagecatalogs-display-component---detailCatalog--ObjectPageLayout-anchBar-application-managecatalogs-display-component---detailCatalog--sectionValues-anchor"}]}
COMMAND: GET /session/77abbfc580afea80ae68b1163cbb8f65/screenshot - {}
RESULT: {"script":"<script> [1562 bytes]","args":[{"selector":{"id":"application-managecatalogs-display-component---detailCatalog--ObjectPageLayout-anchBar-application-managecatalogs-display-component---detailCatalog--sectionValues-anchor","interaction":{"idSuffix":"BDI-content"}},"wdio_ui5_key":"applicationmanagecatalogs-display-component---detailCatalog--ObjectPageLayout-anchBar-application-managecatalogs-display-component---detailCatalog--sectionValues-anchor"}]}
RESULT: undefined
COMMAND: POST /session/77abbfc580afea80ae68b1163cbb8f65/element - {"using":"xpath","value":"//*[@id=\"application-managecatalogs-display-component---detailCatalog--ObjectPageLayout-anchBar-application-managecatalogs-display-component---detailCatalog--sectionValues-anchor\"]"}
RESULT: {}
RESULT: {"using":"xpath","value":"//*[@id=\"application-managecatalogs-display-component---detailCatalog--ObjectPageLayout-anchBar-application-managecatalogs-display-component---detailCatalog--sectionValues-anchor\"]"}
COMMAND: POST /session/77abbfc580afea80ae68b1163cbb8f65/element/f.6EC90BF5C139C34AB260ED37772EC165.d.56251FE3137B9EADA53E15BF0312568B.e.2318/click - {}
RESULT: {}
COMMAND: GET /session/77abbfc580afea80ae68b1163cbb8f65/screenshot - {}
RESULT: {}
COMMAND: POST /session/77abbfc580afea80ae68b1163cbb8f65/execute/async - {"script":"<script> [1562 bytes]","args":[{"selector":{"id":"application-managecatalogs-display-component---detailCatalog--ValuesTable-sa","interaction":{"idSuffix":"CbBg"}},"wdio_ui5_key":"applicationmanagecatalogs-display-component---detailCatalog--ValuesTable-sa"}]}
RESULT: {"script":"<script> [1562 bytes]","args":[{"selector":{"id":"application-managecatalogs-display-component---detailCatalog--ValuesTable-sa","interaction":{"idSuffix":"CbBg"}},"wdio_ui5_key":"applicationmanagecatalogs-display-component---detailCatalog--ValuesTable-sa"}]}
RESULT: undefined
COMMAND: POST /session/77abbfc580afea80ae68b1163cbb8f65/element - {"using":"xpath","value":"//*[@id=\"application-managecatalogs-display-component---detailCatalog--ValuesTable-sa\"]"}
RESULT: {"using":"xpath","value":"//*[@id=\"application-managecatalogs-display-component---detailCatalog--ValuesTable-sa\"]"}
COMMAND: POST /session/77abbfc580afea80ae68b1163cbb8f65/element/f.6EC90BF5C139C34AB260ED37772EC165.d.56251FE3137B9EADA53E15BF0312568B.e.2326/click - {}
RESULT: {}
COMMAND: POST /session/77abbfc580afea80ae68b1163cbb8f65/execute/async - {"script":"<script> [1562 bytes]","args":[{"selector":{"controlType":"sap.ui.core.Icon","viewName":"etm.portal.ui.managecatalogs.view.Detail","viewId":"application-managecatalogs-display-component---detailCatalog","properties":{"src":{"regex":{"source":"delete"}}},"ancestor":{"id":"application-managecatalogs-display-component---detailCatalog--ValuesTable"}},"wdio_ui5_key":"etmportal.ui.managecatalogs.view.Detailsap.ui.core.Icon{\"src\":{\"regex\":{\"source\":\"delete\"}}}{\"id\":\"application-managecatalogs-display-component---detailCatalog--ValuesTable\"}"}]}
COMMAND: GET /session/77abbfc580afea80ae68b1163cbb8f65/screenshot - {}
RESULT: {"script":"<script> [1562 bytes]","args":[{"selector":{"controlType":"sap.ui.core.Icon","viewName":"etm.portal.ui.managecatalogs.view.Detail","viewId":"application-managecatalogs-display-component---detailCatalog","properties":{"src":{"regex":{"source":"delete"}}},"ancestor":{"id":"application-managecatalogs-display-component---detailCatalog--ValuesTable"}},"wdio_ui5_key":"etmportal.ui.managecatalogs.view.Detailsap.ui.core.Icon{\"src\":{\"regex\":{\"source\":\"delete\"}}}{\"id\":\"application-managecatalogs-display-component---detailCatalog--ValuesTable\"}"}]}
RESULT: undefined
COMMAND: POST /session/77abbfc580afea80ae68b1163cbb8f65/element - {"using":"xpath","value":"//*[@id=\"__button36-img\"]"}
RESULT: {}
RESULT: {"using":"xpath","value":"//*[@id=\"__button36-img\"]"}
COMMAND: POST /session/77abbfc580afea80ae68b1163cbb8f65/element/f.6EC90BF5C139C34AB260ED37772EC165.d.56251FE3137B9EADA53E15BF0312568B.e.2327/click - {}
RESULT: {}
COMMAND: POST /session/77abbfc580afea80ae68b1163cbb8f65/execute/async - {"script":"<script> [1562 bytes]","args":[{"selector":{"controlType":"sap.m.Button","properties":{"text":"Yes"},"searchOpenDialogs":true,"interaction":{"idSuffix":"BDI-content"}},"wdio_ui5_key":"sapm.Button{\"text\":\"Yes\"}"}]}
COMMAND: GET /session/77abbfc580afea80ae68b1163cbb8f65/screenshot - {}
RESULT: {"script":"<script> [1562 bytes]","args":[{"selector":{"controlType":"sap.m.Button","properties":{"text":"Yes"},"searchOpenDialogs":true,"interaction":{"idSuffix":"BDI-content"}},"wdio_ui5_key":"sapm.Button{\"text\":\"Yes\"}"}]}
RESULT: undefined
COMMAND: POST /session/77abbfc580afea80ae68b1163cbb8f65/element - {"using":"xpath","value":"//*[@id=\"__mbox-btn-0\"]"}
RESULT: {}
RESULT: {"using":"xpath","value":"//*[@id=\"__mbox-btn-0\"]"}
COMMAND: POST /session/77abbfc580afea80ae68b1163cbb8f65/element/f.6EC90BF5C139C34AB260ED37772EC165.d.56251FE3137B9EADA53E15BF0312568B.e.2329/click - {}
RESULT: {}
COMMAND: GET /session/77abbfc580afea80ae68b1163cbb8f65/screenshot - {}
RESULT: {}
COMMAND: POST /session/77abbfc580afea80ae68b1163cbb8f65/execute/async - {"script":"<script> [1562 bytes]","args":[{"selector":{"controlType":"sap.m.Button","viewName":"etm.portal.ui.managecatalogs.view.Detail","viewId":"application-managecatalogs-display-component---detailCatalog","i18NText":{"propertyName":"text","key":"save"},"interaction":{"idSuffix":"BDI-content"}},"wdio_ui5_key":"etmportal.ui.managecatalogs.view.Detailsap.m.Button{\"propertyName\":\"text\",\"key\":\"save\"}"}]}
RESULT: {"script":"<script> [1562 bytes]","args":[{"selector":{"controlType":"sap.m.Button","viewName":"etm.portal.ui.managecatalogs.view.Detail","viewId":"application-managecatalogs-display-component---detailCatalog","i18NText":{"propertyName":"text","key":"save"},"interaction":{"idSuffix":"BDI-content"}},"wdio_ui5_key":"etmportal.ui.managecatalogs.view.Detailsap.m.Button{\"propertyName\":\"text\",\"key\":\"save\"}"}]}
RESULT: undefined
COMMAND: POST /session/77abbfc580afea80ae68b1163cbb8f65/element - {"using":"xpath","value":"//*[@id=\"__button43\"]"}
RESULT: {"using":"xpath","value":"//*[@id=\"__button43\"]"}
COMMAND: POST /session/77abbfc580afea80ae68b1163cbb8f65/element/f.6EC90BF5C139C34AB260ED37772EC165.d.56251FE3137B9EADA53E15BF0312568B.e.2334/click - {}
RESULT: {}
COMMAND: GET /session/77abbfc580afea80ae68b1163cbb8f65/screenshot - {}
RESULT: {}
RESULT: undefined
COMMAND: POST /session/77abbfc580afea80ae68b1163cbb8f65/element - {"using":"xpath","value":"//*[@id=\"__button25\"]"}
RESULT: {"using":"xpath","value":"//*[@id=\"__button25\"]"}
COMMAND: POST /session/77abbfc580afea80ae68b1163cbb8f65/element/f.6EC90BF5C139C34AB260ED37772EC165.d.56251FE3137B9EADA53E15BF0312568B.e.2336/click - {}
RESULT: {}
COMMAND: GET /session/77abbfc580afea80ae68b1163cbb8f65/screenshot - {}
RESULT: {}
RESULT: undefined
COMMAND: POST /session/77abbfc580afea80ae68b1163cbb8f65/element - {"using":"xpath","value":"//*[@id=\"application-managecatalogs-display-component---detailCatalog--ObjectPageLayout-anchBar-application-managecatalogs-display-component---detailCatalog--sectionValues-anchor\"]"}
RESULT: {"using":"xpath","value":"//*[@id=\"application-managecatalogs-display-component---detailCatalog--ObjectPageLayout-anchBar-application-managecatalogs-display-component---detailCatalog--sectionValues-anchor\"]"}
COMMAND: POST /session/77abbfc580afea80ae68b1163cbb8f65/element/f.6EC90BF5C139C34AB260ED37772EC165.d.56251FE3137B9EADA53E15BF0312568B.e.2364/click - {}
RESULT: {}
COMMAND: GET /session/77abbfc580afea80ae68b1163cbb8f65/screenshot - {}
RESULT: {}
COMMAND: POST /session/77abbfc580afea80ae68b1163cbb8f65/execute/async - {"script":"<script> [1562 bytes]","args":[{"selector":{"controlType":"sap.ui.core.Icon","viewName":"etm.portal.ui.managecatalogs.view.Detail","viewId":"application-managecatalogs-display-component---detailCatalog","properties":{"src":{"regex":{"source":"add"}}},"ancestor":{"id":"application-managecatalogs-display-component---detailCatalog--ValuesTable"}},"wdio_ui5_key":"etmportal.ui.managecatalogs.view.Detailsap.ui.core.Icon{\"src\":{\"regex\":{\"source\":\"add\"}}}{\"id\":\"application-managecatalogs-display-component---detailCatalog--ValuesTable\"}"}]}
RESULT: {"script":"<script> [1562 bytes]","args":[{"selector":{"controlType":"sap.ui.core.Icon","viewName":"etm.portal.ui.managecatalogs.view.Detail","viewId":"application-managecatalogs-display-component---detailCatalog","properties":{"src":{"regex":{"source":"add"}}},"ancestor":{"id":"application-managecatalogs-display-component---detailCatalog--ValuesTable"}},"wdio_ui5_key":"etmportal.ui.managecatalogs.view.Detailsap.ui.core.Icon{\"src\":{\"regex\":{\"source\":\"add\"}}}{\"id\":\"application-managecatalogs-display-component---detailCatalog--ValuesTable\"}"}]}
RESULT: undefined
COMMAND: POST /session/77abbfc580afea80ae68b1163cbb8f65/element - {"using":"xpath","value":"//*[@id=\"__button37-img\"]"}
RESULT: {"using":"xpath","value":"//*[@id=\"__button37-img\"]"}
COMMAND: POST /session/77abbfc580afea80ae68b1163cbb8f65/element/f.6EC90BF5C139C34AB260ED37772EC165.d.56251FE3137B9EADA53E15BF0312568B.e.2365/click - {}
RESULT: {}
RESULT: undefined
COMMAND: POST /session/77abbfc580afea80ae68b1163cbb8f65/element - {"using":"xpath","value":"//*[@id=\"__button37-img\"]"}
COMMAND: GET /session/77abbfc580afea80ae68b1163cbb8f65/screenshot - {}
RESULT: {"using":"xpath","value":"//*[@id=\"__button37-img\"]"}
COMMAND: POST /session/77abbfc580afea80ae68b1163cbb8f65/element/f.6EC90BF5C139C34AB260ED37772EC165.d.56251FE3137B9EADA53E15BF0312568B.e.2365/click - {}
RESULT: {}
RESULT: {}
COMMAND: POST /session/77abbfc580afea80ae68b1163cbb8f65/element - {"using":"xpath","value":"(//input[contains(@id ,\"application-managecatalogs-display-component---detailCatalog--ValuesTable-0-inner\")])[1]"}
COMMAND: GET /session/77abbfc580afea80ae68b1163cbb8f65/screenshot - {}
RESULT: {"using":"xpath","value":"(//input[contains(@id ,\"application-managecatalogs-display-component---detailCatalog--ValuesTable-0-inner\")])[1]"}
COMMAND: POST /session/77abbfc580afea80ae68b1163cbb8f65/element/f.6EC90BF5C139C34AB260ED37772EC165.d.56251FE3137B9EADA53E15BF0312568B.e.2368/clear - {}
RESULT: {}
RESULT: {}
COMMAND: POST /session/77abbfc580afea80ae68b1163cbb8f65/element/f.6EC90BF5C139C34AB260ED37772EC165.d.56251FE3137B9EADA53E15BF0312568B.e.2368/value - {"text":"D&I catalog price"}
COMMAND: GET /session/77abbfc580afea80ae68b1163cbb8f65/screenshot - {}
RESULT: {"text":"D&I catalog price"}
COMMAND: GET /session/77abbfc580afea80ae68b1163cbb8f65/screenshot - {}
RESULT: {}
RESULT: {}
COMMAND: POST /session/77abbfc580afea80ae68b1163cbb8f65/actions - {"actions":[{"id":"action12","type":"key","parameters":{},"actions":[{"type":"keyDown","value":""},{"type":"pause","duration":10},{"type":"keyUp","value":""}]}]}
RESULT: {"actions":[{"id":"action12","type":"key","parameters":{},"actions":[{"type":"keyDown","value":""},{"type":"pause","duration":10},{"type":"keyUp","value":""}]}]}
COMMAND: POST /session/77abbfc580afea80ae68b1163cbb8f65/element - {"using":"xpath","value":"(//input[contains(@id ,\"application-managecatalogs-display-component---detailCatalog--ValuesTable-1-inner\")])[1]"}
COMMAND: GET /session/77abbfc580afea80ae68b1163cbb8f65/screenshot - {}
RESULT: {"using":"xpath","value":"(//input[contains(@id ,\"application-managecatalogs-display-component---detailCatalog--ValuesTable-1-inner\")])[1]"}
COMMAND: POST /session/77abbfc580afea80ae68b1163cbb8f65/element/f.6EC90BF5C139C34AB260ED37772EC165.d.56251FE3137B9EADA53E15BF0312568B.e.2382/clear - {}
RESULT: {}
RESULT: {}
COMMAND: POST /session/77abbfc580afea80ae68b1163cbb8f65/element/f.6EC90BF5C139C34AB260ED37772EC165.d.56251FE3137B9EADA53E15BF0312568B.e.2382/value - {"text":"D&I catalog price"}
COMMAND: GET /session/77abbfc580afea80ae68b1163cbb8f65/screenshot - {}
RESULT: {"text":"D&I catalog price"}
COMMAND: GET /session/77abbfc580afea80ae68b1163cbb8f65/screenshot - {}
RESULT: {}
RESULT: {}
COMMAND: POST /session/77abbfc580afea80ae68b1163cbb8f65/actions - {"actions":[{"id":"action13","type":"key","parameters":{},"actions":[{"type":"keyDown","value":""},{"type":"pause","duration":10},{"type":"keyUp","value":""}]}]}
RESULT: {"actions":[{"id":"action13","type":"key","parameters":{},"actions":[{"type":"keyDown","value":""},{"type":"pause","duration":10},{"type":"keyUp","value":""}]}]}
COMMAND: POST /session/77abbfc580afea80ae68b1163cbb8f65/element - {"using":"xpath","value":"(//input[contains(@id ,\"application-managecatalogs-display-component---detailCatalog--ValuesTable-0-inner\")])[8]"}
COMMAND: GET /session/77abbfc580afea80ae68b1163cbb8f65/screenshot - {}
RESULT: {"using":"xpath","value":"(//input[contains(@id ,\"application-managecatalogs-display-component---detailCatalog--ValuesTable-0-inner\")])[8]"}
COMMAND: POST /session/77abbfc580afea80ae68b1163cbb8f65/element/f.6EC90BF5C139C34AB260ED37772EC165.d.56251FE3137B9EADA53E15BF0312568B.e.2375/clear - {}
RESULT: {}
RESULT: {}
COMMAND: POST /session/77abbfc580afea80ae68b1163cbb8f65/element/f.6EC90BF5C139C34AB260ED37772EC165.d.56251FE3137B9EADA53E15BF0312568B.e.2375/value - {"text":"101"}
COMMAND: GET /session/77abbfc580afea80ae68b1163cbb8f65/screenshot - {}
RESULT: {"text":"101"}
COMMAND: GET /session/77abbfc580afea80ae68b1163cbb8f65/screenshot - {}
RESULT: {}
RESULT: {}
COMMAND: POST /session/77abbfc580afea80ae68b1163cbb8f65/actions - {"actions":[{"id":"action14","type":"key","parameters":{},"actions":[{"type":"keyDown","value":""},{"type":"pause","duration":10},{"type":"keyUp","value":""}]}]}
RESULT: {"actions":[{"id":"action14","type":"key","parameters":{},"actions":[{"type":"keyDown","value":""},{"type":"pause","duration":10},{"type":"keyUp","value":""}]}]}
COMMAND: POST /session/77abbfc580afea80ae68b1163cbb8f65/element - {"using":"xpath","value":"(//input[contains(@id ,\"application-managecatalogs-display-component---detailCatalog--ValuesTable-1-inner\")])[8]"}
COMMAND: GET /session/77abbfc580afea80ae68b1163cbb8f65/screenshot - {}
RESULT: {"using":"xpath","value":"(//input[contains(@id ,\"application-managecatalogs-display-component---detailCatalog--ValuesTable-1-inner\")])[8]"}
COMMAND: POST /session/77abbfc580afea80ae68b1163cbb8f65/element/f.6EC90BF5C139C34AB260ED37772EC165.d.56251FE3137B9EADA53E15BF0312568B.e.2389/clear - {}
RESULT: {}
RESULT: {}
COMMAND: POST /session/77abbfc580afea80ae68b1163cbb8f65/element/f.6EC90BF5C139C34AB260ED37772EC165.d.56251FE3137B9EADA53E15BF0312568B.e.2389/value - {"text":"101"}
COMMAND: GET /session/77abbfc580afea80ae68b1163cbb8f65/screenshot - {}
RESULT: {"text":"101"}
COMMAND: GET /session/77abbfc580afea80ae68b1163cbb8f65/screenshot - {}
RESULT: {}
RESULT: {}
COMMAND: POST /session/77abbfc580afea80ae68b1163cbb8f65/actions - {"actions":[{"id":"action15","type":"key","parameters":{},"actions":[{"type":"keyDown","value":""},{"type":"pause","duration":10},{"type":"keyUp","value":""}]}]}
RESULT: {"actions":[{"id":"action15","type":"key","parameters":{},"actions":[{"type":"keyDown","value":""},{"type":"pause","duration":10},{"type":"keyUp","value":""}]}]}
RESULT: undefined
COMMAND: POST /session/77abbfc580afea80ae68b1163cbb8f65/element - {"using":"xpath","value":"//*[@id=\"__button43\"]"}
COMMAND: GET /session/77abbfc580afea80ae68b1163cbb8f65/screenshot - {}
RESULT: {"using":"xpath","value":"//*[@id=\"__button43\"]"}
COMMAND: POST /session/77abbfc580afea80ae68b1163cbb8f65/element/f.6EC90BF5C139C34AB260ED37772EC165.d.56251FE3137B9EADA53E15BF0312568B.e.2356/click - {}
RESULT: {}
RESULT: {}
COMMAND: GET /session/77abbfc580afea80ae68b1163cbb8f65/screenshot - {}
RESULT: {}
COMMAND: POST /session/77abbfc580afea80ae68b1163cbb8f65/execute/async - {"script":"<script> [1562 bytes]","args":[{"selector":{"controlType":"sap.m.Text","properties":{"text":"Existing values with the same start date!"},"searchOpenDialogs":true},"wdio_ui5_key":"sapm.Text{\"text\":\"Existing values with the same start date!\"}"}]}
RESULT: {"script":"<script> [1562 bytes]","args":[{"selector":{"controlType":"sap.m.Text","properties":{"text":"Existing values with the same start date!"},"searchOpenDialogs":true},"wdio_ui5_key":"sapm.Text{\"text\":\"Existing values with the same start date!\"}"}]}
RESULT: undefined
COMMAND: POST /session/77abbfc580afea80ae68b1163cbb8f65/execute/async - {"script":"<script> [6424 bytes]","args":[{"element-6066-11e4-a52e-4f735466cecf":"f.6EC90BF5C139C34AB260ED37772EC165.d.56251FE3137B9EADA53E15BF0312568B.e.2439"},"getText",[]]}
RESULT: {"script":"<script> [6424 bytes]","args":[{"element-6066-11e4-a52e-4f735466cecf":"f.6EC90BF5C139C34AB260ED37772EC165.d.56251FE3137B9EADA53E15BF0312568B.e.2439"},"getText",[]]}
COMMAND: POST /session/77abbfc580afea80ae68b1163cbb8f65/execute/async - {"script":"<script> [1562 bytes]","args":[{"selector":{"controlType":"sap.m.Button","properties":{"text":"OK"},"searchOpenDialogs":true,"interaction":{"idSuffix":"BDI-content"}},"wdio_ui5_key":"sapm.Button{\"text\":\"OK\"}"}]}
RESULT: {"script":"<script> [1562 bytes]","args":[{"selector":{"controlType":"sap.m.Button","properties":{"text":"OK"},"searchOpenDialogs":true,"interaction":{"idSuffix":"BDI-content"}},"wdio_ui5_key":"sapm.Button{\"text\":\"OK\"}"}]}
RESULT: undefined
COMMAND: POST /session/77abbfc580afea80ae68b1163cbb8f65/element - {"using":"xpath","value":"//*[@id=\"__mbox-btn-2\"]"}
RESULT: {"using":"xpath","value":"//*[@id=\"__mbox-btn-2\"]"}
COMMAND: POST /session/77abbfc580afea80ae68b1163cbb8f65/element/f.6EC90BF5C139C34AB260ED37772EC165.d.56251FE3137B9EADA53E15BF0312568B.e.2435/click - {}
RESULT: {}
COMMAND: POST /session/77abbfc580afea80ae68b1163cbb8f65/element - {"using":"xpath","value":"(//input[contains(@id ,\"application-managecatalogs-display-component---detailCatalog--ValuesTable-0-inner\")])[8]"}
COMMAND: GET /session/77abbfc580afea80ae68b1163cbb8f65/screenshot - {}
RESULT: {"using":"xpath","value":"(//input[contains(@id ,\"application-managecatalogs-display-component---detailCatalog--ValuesTable-0-inner\")])[8]"}
COMMAND: POST /session/77abbfc580afea80ae68b1163cbb8f65/element/f.6EC90BF5C139C34AB260ED37772EC165.d.56251FE3137B9EADA53E15BF0312568B.e.2375/clear - {}
RESULT: {}
RESULT: {}
COMMAND: POST /session/77abbfc580afea80ae68b1163cbb8f65/element/f.6EC90BF5C139C34AB260ED37772EC165.d.56251FE3137B9EADA53E15BF0312568B.e.2375/value - {"text":"102"}
COMMAND: GET /session/77abbfc580afea80ae68b1163cbb8f65/screenshot - {}
RESULT: {"text":"102"}
COMMAND: GET /session/77abbfc580afea80ae68b1163cbb8f65/screenshot - {}
RESULT: {}
RESULT: {}
COMMAND: POST /session/77abbfc580afea80ae68b1163cbb8f65/actions - {"actions":[{"id":"action16","type":"key","parameters":{},"actions":[{"type":"keyDown","value":""},{"type":"pause","duration":10},{"type":"keyUp","value":""}]}]}
RESULT: {"actions":[{"id":"action16","type":"key","parameters":{},"actions":[{"type":"keyDown","value":""},{"type":"pause","duration":10},{"type":"keyUp","value":""}]}]}
COMMAND: GET /session/77abbfc580afea80ae68b1163cbb8f65/screenshot - {}
RESULT: {}
RESULT: undefined
COMMAND: POST /session/77abbfc580afea80ae68b1163cbb8f65/element - {"using":"xpath","value":"//*[@id=\"__button43\"]"}
RESULT: {"using":"xpath","value":"//*[@id=\"__button43\"]"}
COMMAND: POST /session/77abbfc580afea80ae68b1163cbb8f65/element/f.6EC90BF5C139C34AB260ED37772EC165.d.56251FE3137B9EADA53E15BF0312568B.e.2356/click - {}
RESULT: {}
COMMAND: GET /session/77abbfc580afea80ae68b1163cbb8f65/screenshot - {}
RESULT: {}
COMMAND: POST /session/77abbfc580afea80ae68b1163cbb8f65/refresh - {}
RESULT: {}
COMMAND: GET /session/77abbfc580afea80ae68b1163cbb8f65/screenshot - {}
RESULT: {}
COMMAND: POST /session/77abbfc580afea80ae68b1163cbb8f65/execute/async - {"script":"<script> [189 bytes]","args":[]}
RESULT: {"script":"<script> [189 bytes]","args":[]}
COMMAND: POST /session/77abbfc580afea80ae68b1163cbb8f65/execute/async - {"script":"<script> [123 bytes]","args":[]}
RESULT: {"script":"<script> [123 bytes]","args":[]}
COMMAND: POST /session/77abbfc580afea80ae68b1163cbb8f65/timeouts - {"script":"<number>"}
RESULT: {"script":"<number>"}
COMMAND: GET /session/77abbfc580afea80ae68b1163cbb8f65/timeouts - {}
RESULT: {}
RESULT: undefined
COMMAND: POST /session/77abbfc580afea80ae68b1163cbb8f65/execute/async - {"script":"<script> [2676 bytes]","args":[]}
RESULT: {"script":"<script> [2676 bytes]","args":[]}
COMMAND: POST /session/77abbfc580afea80ae68b1163cbb8f65/execute/async - {"script":"<script> [2342 bytes]","args":[{"protocol":"http","hostname":"0.0.0.0","path":"/","capabilities":{"browserName":"chrome","goog:chromeOptions":{"binary":"C:\\Program Files\\Google\\Chrome\\Application\\chrome.exe","args":["--start-maximized"]}},"logLevel":"warn","connectionRetryTimeout":120000,"connectionRetryCount":3,"logLevels":{},"enableDirectConnect":true,"strictSSL":true,"_":"65 more keys: [\"cacheDir\",\"port\",\"requestedCapabilities\",\"automationProtocol\",\"baseUrl\",\"waitforInterval\",\"waitforTimeout\",\"onReload\",\"beforeCommand\",\"afterCommand\",\"rootDir\",\"specs\",\"suites\",\"exclude\",\"groupLogsByTestSpec\",\"excludeDriverLogs\",\"bail\",\"framework\",\"reporters\",\"services\",\"maxInstances\",\"maxInstancesPerCapability\",\"injectGlobals\",\"filesToWatch\",\"execArgv\",\"runnerEnv\",\"runner\",\"shard\",\"specFileRetries\",\"specFileRetriesDelay\",\"specFileRetriesDeferred\",\"reporterSyncInterval\",\"reporterSyncTimeout\",\"cucumberFeaturesWithLineNumbers\",\"autoCompileOpts\",\"mochaOpts\",\"jasmineOpts\",\"cucumberOpts\",\"onPrepare\",\"onWorkerStart\",\"onWorkerEnd\",\"before\",\"beforeSession\",\"beforeSuite\",\"beforeHook\",\"beforeTest\",\"afterTest\",\"afterHook\",\"afterSuite\",\"afterSession\",\"after\",\"onComplete\",\"beforeAssertion\",\"afterAssertion\",\"beforeFeature\",\"beforeScenario\",\"beforeStep\",\"afterStep\",\"afterScenario\",\"afterFeature\",\"_\",\"suite\",\"$0\",\"ignoredWorkerServices\",\"wdi5\"]"}]}
RESULT: {"script":"<script> [2342 bytes]","args":[{"protocol":"http","hostname":"0.0.0.0","path":"/","capabilities":{"browserName":"chrome","goog:chromeOptions":{"binary":"C:\\Program Files\\Google\\Chrome\\Application\\chrome.exe","args":["--start-maximized"]}},"logLevel":"warn","connectionRetryTimeout":120000,"connectionRetryCount":3,"logLevels":{},"enableDirectConnect":true,"strictSSL":true,"_":"65 more keys: [\"cacheDir\",\"port\",\"requestedCapabilities\",\"automationProtocol\",\"baseUrl\",\"waitforInterval\",\"waitforTimeout\",\"onReload\",\"beforeCommand\",\"afterCommand\",\"rootDir\",\"specs\",\"suites\",\"exclude\",\"groupLogsByTestSpec\",\"excludeDriverLogs\",\"bail\",\"framework\",\"reporters\",\"services\",\"maxInstances\",\"maxInstancesPerCapability\",\"injectGlobals\",\"filesToWatch\",\"execArgv\",\"runnerEnv\",\"runner\",\"shard\",\"specFileRetries\",\"specFileRetriesDelay\",\"specFileRetriesDeferred\",\"reporterSyncInterval\",\"reporterSyncTimeout\",\"cucumberFeaturesWithLineNumbers\",\"autoCompileOpts\",\"mochaOpts\",\"jasmineOpts\",\"cucumberOpts\",\"onPrepare\",\"onWorkerStart\",\"onWorkerEnd\",\"before\",\"beforeSession\",\"beforeSuite\",\"beforeHook\",\"beforeTest\",\"afterTest\",\"afterHook\",\"afterSuite\",\"afterSession\",\"after\",\"onComplete\",\"beforeAssertion\",\"afterAssertion\",\"beforeFeature\",\"beforeScenario\",\"beforeStep\",\"afterStep\",\"afterScenario\",\"afterFeature\",\"_\",\"suite\",\"$0\",\"ignoredWorkerServices\",\"wdi5\"]"}]}
COMMAND: POST /session/77abbfc580afea80ae68b1163cbb8f65/execute/async - {"script":"<script> [21126 bytes]","args":[35000]}
RESULT: {"script":"<script> [21126 bytes]","args":[35000]}
COMMAND: POST /session/77abbfc580afea80ae68b1163cbb8f65/execute/async - {"script":"<script> [1562 bytes]","args":[{"selector":{"id":"application-managecatalogs-display-component---detailCatalog--ValuesSmartTable-header"},"wdio_ui5_key":"applicationmanagecatalogs-display-component---detailCatalog--ValuesSmartTable-header"}]}
RESULT: {"script":"<script> [1562 bytes]","args":[{"selector":{"id":"application-managecatalogs-display-component---detailCatalog--ValuesSmartTable-header"},"wdio_ui5_key":"applicationmanagecatalogs-display-component---detailCatalog--ValuesSmartTable-header"}]}
RESULT: undefined
COMMAND: POST /session/77abbfc580afea80ae68b1163cbb8f65/execute/async - {"script":"<script> [6424 bytes]","args":[{"element-6066-11e4-a52e-4f735466cecf":"f.6EC90BF5C139C34AB260ED37772EC165.d.49BCD19B64CC75BB488199E21E1F84AF.e.2512"},"getText",[]]}
RESULT: {"script":"<script> [6424 bytes]","args":[{"element-6066-11e4-a52e-4f735466cecf":"f.6EC90BF5C139C34AB260ED37772EC165.d.49BCD19B64CC75BB488199E21E1F84AF.e.2512"},"getText",[]]}
COMMAND: POST /session/77abbfc580afea80ae68b1163cbb8f65/element - {"using":"css selector","value":"#shell-header-logo"}
RESULT: {"using":"css selector","value":"#shell-header-logo"}
COMMAND: POST /session/77abbfc580afea80ae68b1163cbb8f65/element/f.6EC90BF5C139C34AB260ED37772EC165.d.49BCD19B64CC75BB488199E21E1F84AF.e.2454/click - {}
RESULT: {}
COMMAND: GET /session/77abbfc580afea80ae68b1163cbb8f65/screenshot - {}
RESULT: {}
]]></system-out>
    </testcase>
  </testsuite>
  <testsuite timestamp="2025-05-30T15:57:36" time="382.364" tests="4" failures="0" errors="0" skipped="0">
    <properties>
      <property name="specId" value="0"/>
      <property name="suiteName" value="Verify RU inventory split cost information US139363"/>
      <property name="capabilities" value="chrome.136_0_7103_93.windows"/>
      <property name="file" value="file:///D:/a/1/s/test/specs/R2C/verify-ru-inventory-split-cost-information.spec.js"/>
    </properties>
    <testcase classname="chrome.136_0_7103_93.windows.Verify_RU_inventory_split_cost_information_US139363" name="Should create a new contract" time="92.788">
      <system-out><![CDATA[
COMMAND: POST /session/77abbfc580afea80ae68b1163cbb8f65/execute/async - {"script":"<script> [1562 bytes]","args":[{"selector":{"controlType":"sap.m.GenericTile","properties":{"header":"Manage Contracts"}},"wdio_ui5_key":"sapm.GenericTile{\"header\":\"Manage Contracts\"}"}]}
RESULT: {"script":"<script> [1562 bytes]","args":[{"selector":{"controlType":"sap.m.GenericTile","properties":{"header":"Manage Contracts"}},"wdio_ui5_key":"sapm.GenericTile{\"header\":\"Manage Contracts\"}"}]}
RESULT: undefined
COMMAND: POST /session/77abbfc580afea80ae68b1163cbb8f65/element - {"using":"xpath","value":"//*[@id=\"__tile130\"]"}
RESULT: {"using":"xpath","value":"//*[@id=\"__tile130\"]"}
COMMAND: POST /session/77abbfc580afea80ae68b1163cbb8f65/element/f.6EC90BF5C139C34AB260ED37772EC165.d.49BCD19B64CC75BB488199E21E1F84AF.e.2526/click - {}
RESULT: {}
COMMAND: GET /session/77abbfc580afea80ae68b1163cbb8f65/screenshot - {}
RESULT: {}
COMMAND: POST /session/77abbfc580afea80ae68b1163cbb8f65/elements - {"using":"xpath","value":"//span[text()='Error']"}
RESULT: {"using":"xpath","value":"//span[text()='Error']"}
COMMAND: POST /session/77abbfc580afea80ae68b1163cbb8f65/element - {"using":"xpath","value":"//button[@data-kt=\"addButton\"]"}
RESULT: {"using":"xpath","value":"//button[@data-kt=\"addButton\"]"}
COMMAND: POST /session/77abbfc580afea80ae68b1163cbb8f65/element/f.6EC90BF5C139C34AB260ED37772EC165.d.49BCD19B64CC75BB488199E21E1F84AF.e.2578/click - {}
RESULT: {}
COMMAND: GET /session/77abbfc580afea80ae68b1163cbb8f65/screenshot - {}
RESULT: {}
COMMAND: POST /session/77abbfc580afea80ae68b1163cbb8f65/execute/async - {"script":"<script> [1562 bytes]","args":[{"selector":{"id":"application-managecontracts-display-component---AddNewContract--projectDescription","interaction":{"idSuffix":"inner"}},"wdio_ui5_key":"applicationmanagecontracts-display-component---AddNewContract--projectDescription"}]}
RESULT: {"script":"<script> [1562 bytes]","args":[{"selector":{"id":"application-managecontracts-display-component---AddNewContract--projectDescription","interaction":{"idSuffix":"inner"}},"wdio_ui5_key":"applicationmanagecontracts-display-component---AddNewContract--projectDescription"}]}
RESULT: undefined
COMMAND: POST /session/77abbfc580afea80ae68b1163cbb8f65/execute/async - {"script":"<script> [776 bytes]","args":[{"enterText":"WdIOTestcjcsu","selector":{"id":"application-managecontracts-display-component---AddNewContract--projectDescription","interaction":{"idSuffix":"inner"}},"clearTextFirst":true,"interactionType":"ENTER_TEXT"}]}
RESULT: {"script":"<script> [776 bytes]","args":[{"enterText":"WdIOTestcjcsu","selector":{"id":"application-managecontracts-display-component---AddNewContract--projectDescription","interaction":{"idSuffix":"inner"}},"clearTextFirst":true,"interactionType":"ENTER_TEXT"}]}
COMMAND: POST /session/77abbfc580afea80ae68b1163cbb8f65/element - {"using":"xpath","value":"//input[@id=\"application-managecontracts-display-component---AddNewContract--yardId-inner\"]"}
RESULT: {"using":"xpath","value":"//input[@id=\"application-managecontracts-display-component---AddNewContract--yardId-inner\"]"}
COMMAND: POST /session/77abbfc580afea80ae68b1163cbb8f65/element/f.6EC90BF5C139C34AB260ED37772EC165.d.49BCD19B64CC75BB488199E21E1F84AF.e.2842/clear - {}
RESULT: {}
COMMAND: POST /session/77abbfc580afea80ae68b1163cbb8f65/element/f.6EC90BF5C139C34AB260ED37772EC165.d.49BCD19B64CC75BB488199E21E1F84AF.e.2842/value - {"text":"webdriveryard"}
COMMAND: GET /session/77abbfc580afea80ae68b1163cbb8f65/screenshot - {}
RESULT: {"text":"webdriveryard"}
COMMAND: GET /session/77abbfc580afea80ae68b1163cbb8f65/screenshot - {}
RESULT: {}
RESULT: {}
COMMAND: POST /session/77abbfc580afea80ae68b1163cbb8f65/actions - {"actions":[{"id":"action17","type":"key","parameters":{},"actions":[{"type":"keyDown","value":""},{"type":"pause","duration":10},{"type":"keyUp","value":""}]}]}
RESULT: {"actions":[{"id":"action17","type":"key","parameters":{},"actions":[{"type":"keyDown","value":""},{"type":"pause","duration":10},{"type":"keyUp","value":""}]}]}
COMMAND: GET /session/77abbfc580afea80ae68b1163cbb8f65/screenshot - {}
RESULT: {}
COMMAND: POST /session/77abbfc580afea80ae68b1163cbb8f65/element - {"using":"xpath","value":"//input[@id=\"application-managecontracts-display-component---AddNewContract--customerSelect-inner\"]"}
RESULT: {"using":"xpath","value":"//input[@id=\"application-managecontracts-display-component---AddNewContract--customerSelect-inner\"]"}
COMMAND: POST /session/77abbfc580afea80ae68b1163cbb8f65/element/f.6EC90BF5C139C34AB260ED37772EC165.d.49BCD19B64CC75BB488199E21E1F84AF.e.2840/clear - {}
RESULT: {}
COMMAND: POST /session/77abbfc580afea80ae68b1163cbb8f65/element/f.6EC90BF5C139C34AB260ED37772EC165.d.49BCD19B64CC75BB488199E21E1F84AF.e.2840/value - {"text":"webdriverpartner"}
COMMAND: GET /session/77abbfc580afea80ae68b1163cbb8f65/screenshot - {}
RESULT: {"text":"webdriverpartner"}
COMMAND: GET /session/77abbfc580afea80ae68b1163cbb8f65/screenshot - {}
RESULT: {}
RESULT: {}
COMMAND: POST /session/77abbfc580afea80ae68b1163cbb8f65/actions - {"actions":[{"id":"action18","type":"key","parameters":{},"actions":[{"type":"keyDown","value":""},{"type":"pause","duration":10},{"type":"keyUp","value":""}]}]}
RESULT: {"actions":[{"id":"action18","type":"key","parameters":{},"actions":[{"type":"keyDown","value":""},{"type":"pause","duration":10},{"type":"keyUp","value":""}]}]}
COMMAND: GET /session/77abbfc580afea80ae68b1163cbb8f65/screenshot - {}
RESULT: {}
COMMAND: POST /session/77abbfc580afea80ae68b1163cbb8f65/element - {"using":"xpath","value":"//input[@id=\"application-managecontracts-display-component---AddNewContract--site-inner\"]"}
RESULT: {"using":"xpath","value":"//input[@id=\"application-managecontracts-display-component---AddNewContract--site-inner\"]"}
COMMAND: POST /session/77abbfc580afea80ae68b1163cbb8f65/element/f.6EC90BF5C139C34AB260ED37772EC165.d.49BCD19B64CC75BB488199E21E1F84AF.e.2841/clear - {}
RESULT: {}
COMMAND: POST /session/77abbfc580afea80ae68b1163cbb8f65/element/f.6EC90BF5C139C34AB260ED37772EC165.d.49BCD19B64CC75BB488199E21E1F84AF.e.2841/value - {"text":"Webdriversite"}
COMMAND: GET /session/77abbfc580afea80ae68b1163cbb8f65/screenshot - {}
RESULT: {"text":"Webdriversite"}
COMMAND: GET /session/77abbfc580afea80ae68b1163cbb8f65/screenshot - {}
RESULT: {}
RESULT: {}
COMMAND: POST /session/77abbfc580afea80ae68b1163cbb8f65/actions - {"actions":[{"id":"action19","type":"key","parameters":{},"actions":[{"type":"keyDown","value":""},{"type":"pause","duration":10},{"type":"keyUp","value":""}]}]}
RESULT: {"actions":[{"id":"action19","type":"key","parameters":{},"actions":[{"type":"keyDown","value":""},{"type":"pause","duration":10},{"type":"keyUp","value":""}]}]}
COMMAND: GET /session/77abbfc580afea80ae68b1163cbb8f65/screenshot - {}
RESULT: {}
COMMAND: POST /session/77abbfc580afea80ae68b1163cbb8f65/element - {"using":"xpath","value":"//button[@data-kt=\"saveButton\"]"}
RESULT: {"using":"xpath","value":"//button[@data-kt=\"saveButton\"]"}
COMMAND: POST /session/77abbfc580afea80ae68b1163cbb8f65/element/f.6EC90BF5C139C34AB260ED37772EC165.d.49BCD19B64CC75BB488199E21E1F84AF.e.2914/click - {}
RESULT: {}
COMMAND: GET /session/77abbfc580afea80ae68b1163cbb8f65/screenshot - {}
RESULT: {}
COMMAND: POST /session/77abbfc580afea80ae68b1163cbb8f65/execute/async - {"script":"<script> [1562 bytes]","args":[{"selector":{"id":"contractDetailTitleNoExpanded","viewName":"etm.portal.ui.managecontracts.view.Detail"},"wdio_ui5_key":"contractDetailTitleNoExpandedetmportal.ui.managecontracts.view.Detail"}]}
RESULT: {"script":"<script> [1562 bytes]","args":[{"selector":{"id":"contractDetailTitleNoExpanded","viewName":"etm.portal.ui.managecontracts.view.Detail"},"wdio_ui5_key":"contractDetailTitleNoExpandedetmportal.ui.managecontracts.view.Detail"}]}
RESULT: undefined
COMMAND: POST /session/77abbfc580afea80ae68b1163cbb8f65/execute/async - {"script":"<script> [6424 bytes]","args":[{"element-6066-11e4-a52e-4f735466cecf":"f.6EC90BF5C139C34AB260ED37772EC165.d.49BCD19B64CC75BB488199E21E1F84AF.e.2999"},"getText",[]]}
RESULT: {"script":"<script> [6424 bytes]","args":[{"element-6066-11e4-a52e-4f735466cecf":"f.6EC90BF5C139C34AB260ED37772EC165.d.49BCD19B64CC75BB488199E21E1F84AF.e.2999"},"getText",[]]}
COMMAND: POST /session/77abbfc580afea80ae68b1163cbb8f65/element - {"using":"css selector","value":"#shell-header-logo"}
RESULT: {"using":"css selector","value":"#shell-header-logo"}
COMMAND: POST /session/77abbfc580afea80ae68b1163cbb8f65/element/f.6EC90BF5C139C34AB260ED37772EC165.d.49BCD19B64CC75BB488199E21E1F84AF.e.2528/click - {}
RESULT: {}
COMMAND: GET /session/77abbfc580afea80ae68b1163cbb8f65/screenshot - {}
RESULT: {}
]]></system-out>
    </testcase>
    <testcase classname="chrome.136_0_7103_93.windows.Verify_RU_inventory_split_cost_information_US139363" name="Should create a new equipment" time="119.682">
      <system-out><![CDATA[
COMMAND: POST /session/77abbfc580afea80ae68b1163cbb8f65/execute/async - {"script":"<script> [1562 bytes]","args":[{"selector":{"controlType":"sap.m.GenericTile","properties":{"header":"Manage Resources"}},"wdio_ui5_key":"sapm.GenericTile{\"header\":\"Manage Resources\"}"}]}
RESULT: {"script":"<script> [1562 bytes]","args":[{"selector":{"controlType":"sap.m.GenericTile","properties":{"header":"Manage Resources"}},"wdio_ui5_key":"sapm.GenericTile{\"header\":\"Manage Resources\"}"}]}
RESULT: undefined
COMMAND: POST /session/77abbfc580afea80ae68b1163cbb8f65/element - {"using":"xpath","value":"//*[@id=\"__tile39\"]"}
RESULT: {"using":"xpath","value":"//*[@id=\"__tile39\"]"}
COMMAND: POST /session/77abbfc580afea80ae68b1163cbb8f65/element/f.6EC90BF5C139C34AB260ED37772EC165.d.49BCD19B64CC75BB488199E21E1F84AF.e.3004/click - {}
RESULT: {}
COMMAND: GET /session/77abbfc580afea80ae68b1163cbb8f65/screenshot - {}
RESULT: {}
COMMAND: POST /session/77abbfc580afea80ae68b1163cbb8f65/elements - {"using":"xpath","value":"//span[text()='Error']"}
RESULT: {"using":"xpath","value":"//span[text()='Error']"}
COMMAND: POST /session/77abbfc580afea80ae68b1163cbb8f65/element - {"using":"xpath","value":"//button[@data-kt=\"addNewRUOverflowToolbarButton\"]"}
RESULT: {"using":"xpath","value":"//button[@data-kt=\"addNewRUOverflowToolbarButton\"]"}
COMMAND: POST /session/77abbfc580afea80ae68b1163cbb8f65/execute/sync - {"script":"<script> [8489 bytes]","args":[{"element-6066-11e4-a52e-4f735466cecf":"f.6EC90BF5C139C34AB260ED37772EC165.d.49BCD19B64CC75BB488199E21E1F84AF.e.3046","ELEMENT":"f.6EC90BF5C139C34AB260ED37772EC165.d.49BCD19B64CC75BB488199E21E1F84AF.e.3046"}]}
RESULT: {"script":"<script> [8489 bytes]","args":[{"element-6066-11e4-a52e-4f735466cecf":"f.6EC90BF5C139C34AB260ED37772EC165.d.49BCD19B64CC75BB488199E21E1F84AF.e.3046","ELEMENT":"f.6EC90BF5C139C34AB260ED37772EC165.d.49BCD19B64CC75BB488199E21E1F84AF.e.3046"}]}
COMMAND: POST /session/77abbfc580afea80ae68b1163cbb8f65/element/f.6EC90BF5C139C34AB260ED37772EC165.d.49BCD19B64CC75BB488199E21E1F84AF.e.3046/click - {}
COMMAND: GET /session/77abbfc580afea80ae68b1163cbb8f65/screenshot - {}
RESULT: {}
COMMAND: GET /session/77abbfc580afea80ae68b1163cbb8f65/screenshot - {}
COMMAND: POST /session/77abbfc580afea80ae68b1163cbb8f65/execute/async - {"script":"<script> [1562 bytes]","args":[{"selector":{"id":"application-manageresources-display-component---newResourceUnit--TYPE-arrow"},"wdio_ui5_key":"applicationmanageresources-display-component---newResourceUnit--TYPE-arrow"}]}
RESULT: {}
RESULT: {}
RESULT: {"script":"<script> [1562 bytes]","args":[{"selector":{"id":"application-manageresources-display-component---newResourceUnit--TYPE-arrow"},"wdio_ui5_key":"applicationmanageresources-display-component---newResourceUnit--TYPE-arrow"}]}
RESULT: undefined
COMMAND: POST /session/77abbfc580afea80ae68b1163cbb8f65/element - {"using":"xpath","value":"//*[@id=\"application-manageresources-display-component---newResourceUnit--TYPE-arrow\"]"}
RESULT: {"using":"xpath","value":"//*[@id=\"application-manageresources-display-component---newResourceUnit--TYPE-arrow\"]"}
COMMAND: POST /session/77abbfc580afea80ae68b1163cbb8f65/element/f.6EC90BF5C139C34AB260ED37772EC165.d.49BCD19B64CC75BB488199E21E1F84AF.e.3370/click - {}
RESULT: {}
COMMAND: POST /session/77abbfc580afea80ae68b1163cbb8f65/execute/async - {"script":"<script> [1562 bytes]","args":[{"selector":{"controlType":"sap.m.StandardListItem","viewName":"reusables.view.manageresources.NewResourceUnit","viewId":"application-manageresources-display-component---newResourceUnit","properties":{"title":"Equipment"},"searchOpenDialogs":true,"interaction":{"idSuffix":"content"}},"wdio_ui5_key":"reusablesview.manageresources.NewResourceUnitsap.m.StandardListItem{\"title\":\"Equipment\"}"}]}
COMMAND: GET /session/77abbfc580afea80ae68b1163cbb8f65/screenshot - {}
RESULT: {"script":"<script> [1562 bytes]","args":[{"selector":{"controlType":"sap.m.StandardListItem","viewName":"reusables.view.manageresources.NewResourceUnit","viewId":"application-manageresources-display-component---newResourceUnit","properties":{"title":"Equipment"},"searchOpenDialogs":true,"interaction":{"idSuffix":"content"}},"wdio_ui5_key":"reusablesview.manageresources.NewResourceUnitsap.m.StandardListItem{\"title\":\"Equipment\"}"}]}
RESULT: undefined
COMMAND: POST /session/77abbfc580afea80ae68b1163cbb8f65/element - {"using":"xpath","value":"//*[@id=\"__item1783\"]"}
RESULT: {}
RESULT: {"using":"xpath","value":"//*[@id=\"__item1783\"]"}
COMMAND: POST /session/77abbfc580afea80ae68b1163cbb8f65/element/f.6EC90BF5C139C34AB260ED37772EC165.d.49BCD19B64CC75BB488199E21E1F84AF.e.3373/click - {}
RESULT: {}
COMMAND: POST /session/77abbfc580afea80ae68b1163cbb8f65/execute/async - {"script":"<script> [1562 bytes]","args":[{"selector":{"id":"application-manageresources-display-component---newResourceUnit--resourceId","interaction":{"idSuffix":"inner"}},"wdio_ui5_key":"applicationmanageresources-display-component---newResourceUnit--resourceId"}]}
COMMAND: GET /session/77abbfc580afea80ae68b1163cbb8f65/screenshot - {}
RESULT: {"script":"<script> [1562 bytes]","args":[{"selector":{"id":"application-manageresources-display-component---newResourceUnit--resourceId","interaction":{"idSuffix":"inner"}},"wdio_ui5_key":"applicationmanageresources-display-component---newResourceUnit--resourceId"}]}
RESULT: undefined
COMMAND: POST /session/77abbfc580afea80ae68b1163cbb8f65/execute/async - {"script":"<script> [776 bytes]","args":[{"enterText":"WdIOTestEquipexcql","selector":{"id":"application-manageresources-display-component---newResourceUnit--resourceId","interaction":{"idSuffix":"inner"}},"clearTextFirst":true,"interactionType":"ENTER_TEXT"}]}
RESULT: {}
RESULT: {"script":"<script> [776 bytes]","args":[{"enterText":"WdIOTestEquipexcql","selector":{"id":"application-manageresources-display-component---newResourceUnit--resourceId","interaction":{"idSuffix":"inner"}},"clearTextFirst":true,"interactionType":"ENTER_TEXT"}]}
COMMAND: POST /session/77abbfc580afea80ae68b1163cbb8f65/execute/async - {"script":"<script> [1562 bytes]","args":[{"selector":{"id":"application-manageresources-display-component---newResourceUnit--SHORT_TEXT","interaction":{"idSuffix":"inner"}},"wdio_ui5_key":"applicationmanageresources-display-component---newResourceUnit--SHORT_TEXT"}]}
RESULT: {"script":"<script> [1562 bytes]","args":[{"selector":{"id":"application-manageresources-display-component---newResourceUnit--SHORT_TEXT","interaction":{"idSuffix":"inner"}},"wdio_ui5_key":"applicationmanageresources-display-component---newResourceUnit--SHORT_TEXT"}]}
RESULT: undefined
COMMAND: POST /session/77abbfc580afea80ae68b1163cbb8f65/execute/async - {"script":"<script> [776 bytes]","args":[{"enterText":"WdIOTestEquipexcql","selector":{"id":"application-manageresources-display-component---newResourceUnit--SHORT_TEXT","interaction":{"idSuffix":"inner"}},"clearTextFirst":true,"interactionType":"ENTER_TEXT"}]}
RESULT: {"script":"<script> [776 bytes]","args":[{"enterText":"WdIOTestEquipexcql","selector":{"id":"application-manageresources-display-component---newResourceUnit--SHORT_TEXT","interaction":{"idSuffix":"inner"}},"clearTextFirst":true,"interactionType":"ENTER_TEXT"}]}
COMMAND: POST /session/77abbfc580afea80ae68b1163cbb8f65/execute/async - {"script":"<script> [1562 bytes]","args":[{"selector":{"id":"application-manageresources-display-component---newResourceUnit--BASE_UNIT_OF_MEASURE","interaction":{"idSuffix":"inner"}},"wdio_ui5_key":"applicationmanageresources-display-component---newResourceUnit--BASE_UNIT_OF_MEASURE"}]}
RESULT: {"script":"<script> [1562 bytes]","args":[{"selector":{"id":"application-manageresources-display-component---newResourceUnit--BASE_UNIT_OF_MEASURE","interaction":{"idSuffix":"inner"}},"wdio_ui5_key":"applicationmanageresources-display-component---newResourceUnit--BASE_UNIT_OF_MEASURE"}]}
RESULT: undefined
COMMAND: POST /session/77abbfc580afea80ae68b1163cbb8f65/execute/async - {"script":"<script> [776 bytes]","args":[{"enterText":"Piece","selector":{"id":"application-manageresources-display-component---newResourceUnit--BASE_UNIT_OF_MEASURE","interaction":{"idSuffix":"inner"}},"clearTextFirst":true,"interactionType":"ENTER_TEXT"}]}
RESULT: {"script":"<script> [776 bytes]","args":[{"enterText":"Piece","selector":{"id":"application-manageresources-display-component---newResourceUnit--BASE_UNIT_OF_MEASURE","interaction":{"idSuffix":"inner"}},"clearTextFirst":true,"interactionType":"ENTER_TEXT"}]}
COMMAND: POST /session/77abbfc580afea80ae68b1163cbb8f65/execute/async - {"script":"<script> [1562 bytes]","args":[{"selector":{"id":"application-manageresources-display-component---newResourceUnit--WEIGHT_UNIT","interaction":{"idSuffix":"inner"}},"wdio_ui5_key":"applicationmanageresources-display-component---newResourceUnit--WEIGHT_UNIT"}]}
RESULT: {"script":"<script> [1562 bytes]","args":[{"selector":{"id":"application-manageresources-display-component---newResourceUnit--WEIGHT_UNIT","interaction":{"idSuffix":"inner"}},"wdio_ui5_key":"applicationmanageresources-display-component---newResourceUnit--WEIGHT_UNIT"}]}
RESULT: undefined
COMMAND: POST /session/77abbfc580afea80ae68b1163cbb8f65/execute/async - {"script":"<script> [776 bytes]","args":[{"enterText":"Gram","selector":{"id":"application-manageresources-display-component---newResourceUnit--WEIGHT_UNIT","interaction":{"idSuffix":"inner"}},"clearTextFirst":true,"interactionType":"ENTER_TEXT"}]}
RESULT: {"script":"<script> [776 bytes]","args":[{"enterText":"Gram","selector":{"id":"application-manageresources-display-component---newResourceUnit--WEIGHT_UNIT","interaction":{"idSuffix":"inner"}},"clearTextFirst":true,"interactionType":"ENTER_TEXT"}]}
COMMAND: POST /session/77abbfc580afea80ae68b1163cbb8f65/execute/async - {"script":"<script> [1562 bytes]","args":[{"selector":{"id":"application-manageresources-display-component---newResourceUnit--newRRUPage-OPHeaderContent-collapseBtn-img"},"wdio_ui5_key":"applicationmanageresources-display-component---newResourceUnit--newRRUPage-OPHeaderContent-collapseBtn-img"}]}
RESULT: {"script":"<script> [1562 bytes]","args":[{"selector":{"id":"application-manageresources-display-component---newResourceUnit--newRRUPage-OPHeaderContent-collapseBtn-img"},"wdio_ui5_key":"applicationmanageresources-display-component---newResourceUnit--newRRUPage-OPHeaderContent-collapseBtn-img"}]}
RESULT: undefined
COMMAND: POST /session/77abbfc580afea80ae68b1163cbb8f65/element - {"using":"xpath","value":"//*[@id=\"application-manageresources-display-component---newResourceUnit--newRRUPage-OPHeaderContent-collapseBtn-img\"]"}
RESULT: {"using":"xpath","value":"//*[@id=\"application-manageresources-display-component---newResourceUnit--newRRUPage-OPHeaderContent-collapseBtn-img\"]"}
COMMAND: POST /session/77abbfc580afea80ae68b1163cbb8f65/element/f.6EC90BF5C139C34AB260ED37772EC165.d.49BCD19B64CC75BB488199E21E1F84AF.e.3381/click - {}
RESULT: {}
COMMAND: GET /session/77abbfc580afea80ae68b1163cbb8f65/screenshot - {}
RESULT: {}
COMMAND: POST /session/77abbfc580afea80ae68b1163cbb8f65/element - {"using":"xpath","value":"(//span[contains(@id ,\"application-manageresources-display-component---newResourceUnit--DIMENSION_UNIT-arrow\")])[1]"}
RESULT: {"using":"xpath","value":"(//span[contains(@id ,\"application-manageresources-display-component---newResourceUnit--DIMENSION_UNIT-arrow\")])[1]"}
COMMAND: POST /session/77abbfc580afea80ae68b1163cbb8f65/element/f.6EC90BF5C139C34AB260ED37772EC165.d.49BCD19B64CC75BB488199E21E1F84AF.e.3531/click - {}
RESULT: {}
COMMAND: GET /session/77abbfc580afea80ae68b1163cbb8f65/screenshot - {}
RESULT: {}
COMMAND: POST /session/77abbfc580afea80ae68b1163cbb8f65/execute/async - {"script":"<script> [1562 bytes]","args":[{"selector":{"controlType":"sap.m.StandardListItem","viewName":"reusables.view.manageresources.NewResourceUnit","viewId":"application-manageresources-display-component---newResourceUnit","properties":{"title":"Centimeter"},"searchOpenDialogs":true,"interaction":{"idSuffix":"titleText"}},"wdio_ui5_key":"reusablesview.manageresources.NewResourceUnitsap.m.StandardListItem{\"title\":\"Centimeter\"}"}]}
RESULT: {"script":"<script> [1562 bytes]","args":[{"selector":{"controlType":"sap.m.StandardListItem","viewName":"reusables.view.manageresources.NewResourceUnit","viewId":"application-manageresources-display-component---newResourceUnit","properties":{"title":"Centimeter"},"searchOpenDialogs":true,"interaction":{"idSuffix":"titleText"}},"wdio_ui5_key":"reusablesview.manageresources.NewResourceUnitsap.m.StandardListItem{\"title\":\"Centimeter\"}"}]}
RESULT: undefined
COMMAND: POST /session/77abbfc580afea80ae68b1163cbb8f65/element - {"using":"xpath","value":"//*[@id=\"__item1843\"]"}
RESULT: {"using":"xpath","value":"//*[@id=\"__item1843\"]"}
COMMAND: POST /session/77abbfc580afea80ae68b1163cbb8f65/element/f.6EC90BF5C139C34AB260ED37772EC165.d.49BCD19B64CC75BB488199E21E1F84AF.e.3533/click - {}
RESULT: {}
COMMAND: GET /session/77abbfc580afea80ae68b1163cbb8f65/screenshot - {}
RESULT: {}
COMMAND: POST /session/77abbfc580afea80ae68b1163cbb8f65/execute/async - {"script":"<script> [1562 bytes]","args":[{"selector":{"id":"application-manageresources-display-component---newResourceUnit--newRRUPage-anchBar-application-manageresources-display-component---newResourceUnit--control-anchor","interaction":{"idSuffix":"BDI-content"}},"wdio_ui5_key":"applicationmanageresources-display-component---newResourceUnit--newRRUPage-anchBar-application-manageresources-display-component---newResourceUnit--control-anchor"}]}
RESULT: {"script":"<script> [1562 bytes]","args":[{"selector":{"id":"application-manageresources-display-component---newResourceUnit--newRRUPage-anchBar-application-manageresources-display-component---newResourceUnit--control-anchor","interaction":{"idSuffix":"BDI-content"}},"wdio_ui5_key":"applicationmanageresources-display-component---newResourceUnit--newRRUPage-anchBar-application-manageresources-display-component---newResourceUnit--control-anchor"}]}
RESULT: undefined
COMMAND: POST /session/77abbfc580afea80ae68b1163cbb8f65/element - {"using":"xpath","value":"//*[@id=\"application-manageresources-display-component---newResourceUnit--newRRUPage-anchBar-application-manageresources-display-component---newResourceUnit--control-anchor\"]"}
RESULT: {"using":"xpath","value":"//*[@id=\"application-manageresources-display-component---newResourceUnit--newRRUPage-anchBar-application-manageresources-display-component---newResourceUnit--control-anchor\"]"}
COMMAND: POST /session/77abbfc580afea80ae68b1163cbb8f65/element/f.6EC90BF5C139C34AB260ED37772EC165.d.49BCD19B64CC75BB488199E21E1F84AF.e.3535/click - {}
RESULT: {}
COMMAND: POST /session/77abbfc580afea80ae68b1163cbb8f65/execute/async - {"script":"<script> [1562 bytes]","args":[{"selector":{"id":"application-manageresources-display-component---newResourceUnit--PLANNING_GROUP","interaction":{"idSuffix":"inner"}},"wdio_ui5_key":"applicationmanageresources-display-component---newResourceUnit--PLANNING_GROUP"}]}
COMMAND: GET /session/77abbfc580afea80ae68b1163cbb8f65/screenshot - {}
RESULT: {"script":"<script> [1562 bytes]","args":[{"selector":{"id":"application-manageresources-display-component---newResourceUnit--PLANNING_GROUP","interaction":{"idSuffix":"inner"}},"wdio_ui5_key":"applicationmanageresources-display-component---newResourceUnit--PLANNING_GROUP"}]}
RESULT: undefined
COMMAND: POST /session/77abbfc580afea80ae68b1163cbb8f65/execute/async - {"script":"<script> [776 bytes]","args":[{"enterText":"Heavy Equi","selector":{"id":"application-manageresources-display-component---newResourceUnit--PLANNING_GROUP","interaction":{"idSuffix":"inner"}},"clearTextFirst":true,"interactionType":"ENTER_TEXT"}]}
RESULT: {}
RESULT: {"script":"<script> [776 bytes]","args":[{"enterText":"Heavy Equi","selector":{"id":"application-manageresources-display-component---newResourceUnit--PLANNING_GROUP","interaction":{"idSuffix":"inner"}},"clearTextFirst":true,"interactionType":"ENTER_TEXT"}]}
COMMAND: POST /session/77abbfc580afea80ae68b1163cbb8f65/execute/async - {"script":"<script> [1562 bytes]","args":[{"selector":{"id":"application-manageresources-display-component---newResourceUnit--ITEM_TYPE-arrow"},"wdio_ui5_key":"applicationmanageresources-display-component---newResourceUnit--ITEM_TYPE-arrow"}]}
RESULT: {"script":"<script> [1562 bytes]","args":[{"selector":{"id":"application-manageresources-display-component---newResourceUnit--ITEM_TYPE-arrow"},"wdio_ui5_key":"applicationmanageresources-display-component---newResourceUnit--ITEM_TYPE-arrow"}]}
RESULT: undefined
COMMAND: POST /session/77abbfc580afea80ae68b1163cbb8f65/element - {"using":"xpath","value":"//*[@id=\"application-manageresources-display-component---newResourceUnit--ITEM_TYPE-arrow\"]"}
RESULT: {"using":"xpath","value":"//*[@id=\"application-manageresources-display-component---newResourceUnit--ITEM_TYPE-arrow\"]"}
COMMAND: POST /session/77abbfc580afea80ae68b1163cbb8f65/element/f.6EC90BF5C139C34AB260ED37772EC165.d.49BCD19B64CC75BB488199E21E1F84AF.e.3542/click - {}
RESULT: {}
COMMAND: POST /session/77abbfc580afea80ae68b1163cbb8f65/execute/async - {"script":"<script> [1562 bytes]","args":[{"selector":{"controlType":"sap.m.StandardListItem","viewName":"reusables.view.manageresources.NewResourceUnit","viewId":"application-manageresources-display-component---newResourceUnit","properties":{"title":"Resource Unit"},"searchOpenDialogs":true,"interaction":{"idSuffix":"titleText"}},"wdio_ui5_key":"reusablesview.manageresources.NewResourceUnitsap.m.StandardListItem{\"title\":\"Resource Unit\"}"}]}
COMMAND: GET /session/77abbfc580afea80ae68b1163cbb8f65/screenshot - {}
RESULT: {"script":"<script> [1562 bytes]","args":[{"selector":{"controlType":"sap.m.StandardListItem","viewName":"reusables.view.manageresources.NewResourceUnit","viewId":"application-manageresources-display-component---newResourceUnit","properties":{"title":"Resource Unit"},"searchOpenDialogs":true,"interaction":{"idSuffix":"titleText"}},"wdio_ui5_key":"reusablesview.manageresources.NewResourceUnitsap.m.StandardListItem{\"title\":\"Resource Unit\"}"}]}
RESULT: undefined
COMMAND: POST /session/77abbfc580afea80ae68b1163cbb8f65/element - {"using":"xpath","value":"//*[@id=\"__item1865\"]"}
RESULT: {}
RESULT: {"using":"xpath","value":"//*[@id=\"__item1865\"]"}
COMMAND: POST /session/77abbfc580afea80ae68b1163cbb8f65/element/f.6EC90BF5C139C34AB260ED37772EC165.d.49BCD19B64CC75BB488199E21E1F84AF.e.3544/click - {}
RESULT: {}
COMMAND: POST /session/77abbfc580afea80ae68b1163cbb8f65/element - {"using":"xpath","value":"//bdi[contains(text(), \"Time Segment\")]"}
COMMAND: GET /session/77abbfc580afea80ae68b1163cbb8f65/screenshot - {}
RESULT: {"using":"xpath","value":"//bdi[contains(text(), \"Time Segment\")]"}
COMMAND: GET /session/77abbfc580afea80ae68b1163cbb8f65/element/f.6EC90BF5C139C34AB260ED37772EC165.d.49BCD19B64CC75BB488199E21E1F84AF.e.3551/rect - {}
RESULT: {}
RESULT: {}
COMMAND: GET /session/77abbfc580afea80ae68b1163cbb8f65/window/rect - {}
RESULT: {}
COMMAND: POST /session/77abbfc580afea80ae68b1163cbb8f65/execute/sync - {"script":"<script> [92 bytes]","args":[]}
RESULT: {"script":"<script> [92 bytes]","args":[]}
COMMAND: POST /session/77abbfc580afea80ae68b1163cbb8f65/actions - {"actions":[{"id":"action20","type":"wheel","parameters":{},"actions":[{"type":"scroll","x":-1820,"y":-21,"deltaX":0,"deltaY":0,"duration":0,"origin":{"element-6066-11e4-a52e-4f735466cecf":"f.6EC90BF5C139C34AB260ED37772EC165.d.49BCD19B64CC75BB488199E21E1F84AF.e.3551"}}]}]}
COMMAND: GET /session/77abbfc580afea80ae68b1163cbb8f65/screenshot - {}
RESULT: {}
COMMAND: POST /session/77abbfc580afea80ae68b1163cbb8f65/execute/sync - {"script":"<script> [79 bytes]","args":[{"element-6066-11e4-a52e-4f735466cecf":"f.6EC90BF5C139C34AB260ED37772EC165.d.49BCD19B64CC75BB488199E21E1F84AF.e.3551","ELEMENT":"f.6EC90BF5C139C34AB260ED37772EC165.d.49BCD19B64CC75BB488199E21E1F84AF.e.3551"},{"block":"start","inline":"nearest"}]}
RESULT: {"script":"<script> [79 bytes]","args":[{"element-6066-11e4-a52e-4f735466cecf":"f.6EC90BF5C139C34AB260ED37772EC165.d.49BCD19B64CC75BB488199E21E1F84AF.e.3551","ELEMENT":"f.6EC90BF5C139C34AB260ED37772EC165.d.49BCD19B64CC75BB488199E21E1F84AF.e.3551"},{"block":"start","inline":"nearest"}]}
COMMAND: POST /session/77abbfc580afea80ae68b1163cbb8f65/execute/async - {"script":"<script> [1562 bytes]","args":[{"selector":{"id":"application-manageresources-display-component---newResourceUnit--btnAddTimeSegment-img"},"wdio_ui5_key":"applicationmanageresources-display-component---newResourceUnit--btnAddTimeSegment-img"}]}
COMMAND: GET /session/77abbfc580afea80ae68b1163cbb8f65/screenshot - {}
RESULT: {"script":"<script> [1562 bytes]","args":[{"selector":{"id":"application-manageresources-display-component---newResourceUnit--btnAddTimeSegment-img"},"wdio_ui5_key":"applicationmanageresources-display-component---newResourceUnit--btnAddTimeSegment-img"}]}
RESULT: undefined
COMMAND: POST /session/77abbfc580afea80ae68b1163cbb8f65/element - {"using":"xpath","value":"//*[@id=\"application-manageresources-display-component---newResourceUnit--btnAddTimeSegment-img\"]"}
RESULT: {}
RESULT: {"using":"xpath","value":"//*[@id=\"application-manageresources-display-component---newResourceUnit--btnAddTimeSegment-img\"]"}
COMMAND: POST /session/77abbfc580afea80ae68b1163cbb8f65/element/f.6EC90BF5C139C34AB260ED37772EC165.d.49BCD19B64CC75BB488199E21E1F84AF.e.3554/click - {}
RESULT: {}
COMMAND: GET /session/77abbfc580afea80ae68b1163cbb8f65/screenshot - {}
RESULT: {}
COMMAND: POST /session/77abbfc580afea80ae68b1163cbb8f65/element - {"using":"xpath","value":"//input[@id=\"application-manageresources-display-component---newResourceUnit--idRuTSAdmin-application-manageresources-display-component---newResourceUnit--RUTimeSegment-0-inner\"]"}
RESULT: {"using":"xpath","value":"//input[@id=\"application-manageresources-display-component---newResourceUnit--idRuTSAdmin-application-manageresources-display-component---newResourceUnit--RUTimeSegment-0-inner\"]"}
COMMAND: POST /session/77abbfc580afea80ae68b1163cbb8f65/element/f.6EC90BF5C139C34AB260ED37772EC165.d.49BCD19B64CC75BB488199E21E1F84AF.e.3558/clear - {}
RESULT: {}
COMMAND: POST /session/77abbfc580afea80ae68b1163cbb8f65/element/f.6EC90BF5C139C34AB260ED37772EC165.d.49BCD19B64CC75BB488199E21E1F84AF.e.3558/value - {"text":"webdriveryard"}
COMMAND: GET /session/77abbfc580afea80ae68b1163cbb8f65/screenshot - {}
RESULT: {"text":"webdriveryard"}
COMMAND: GET /session/77abbfc580afea80ae68b1163cbb8f65/screenshot - {}
RESULT: {}
RESULT: {}
COMMAND: POST /session/77abbfc580afea80ae68b1163cbb8f65/actions - {"actions":[{"id":"action21","type":"key","parameters":{},"actions":[{"type":"keyDown","value":""},{"type":"pause","duration":10},{"type":"keyUp","value":""}]}]}
RESULT: {"actions":[{"id":"action21","type":"key","parameters":{},"actions":[{"type":"keyDown","value":""},{"type":"pause","duration":10},{"type":"keyUp","value":""}]}]}
COMMAND: POST /session/77abbfc580afea80ae68b1163cbb8f65/execute/async - {"script":"<script> [1562 bytes]","args":[{"selector":{"controlType":"sap.ui.core.Icon","viewName":"reusables.view.manageresources.NewResourceUnit","viewId":"application-manageresources-display-component---newResourceUnit","properties":{"src":{"regex":{"source":"slim\\-arrow\\-down"}}},"ancestor":{"controlType":"sap.m.ComboBox","viewName":"reusables.view.manageresources.NewResourceUnit","viewId":"application-manageresources-display-component---newResourceUnit","bindingPath":{"path":"/RESOURCE_UNIT_TIME_SEQUENCES/0","propertyPath":"COST_OBJECT_ADMIN_CST_TYPE","modelName":"oNewRruModel"}}},"wdio_ui5_key":"reusablesview.manageresources.NewResourceUnitsap.ui.core.Icon{\"src\":{\"regex\":{\"source\":\"slim\\\\-arrow\\\\-down\"}}}{\"controlType\":\"sap.m.ComboBox\",\"viewName\":\"reusables.view.manageresources.NewResourceUnit\",\"viewId\":\"application-manageresources-display-component---newResourceUnit\",\"bindingPath\":{\"path\":\"/RESOURCE_UNIT_TIME_SEQUENCES/0\",\"propertyPath\":\"COST_OBJECT_ADMIN_CST_TYPE\",\"modelName\":\"oNewRruModel\"}}"}]}
COMMAND: GET /session/77abbfc580afea80ae68b1163cbb8f65/screenshot - {}
RESULT: {"script":"<script> [1562 bytes]","args":[{"selector":{"controlType":"sap.ui.core.Icon","viewName":"reusables.view.manageresources.NewResourceUnit","viewId":"application-manageresources-display-component---newResourceUnit","properties":{"src":{"regex":{"source":"slim\\-arrow\\-down"}}},"ancestor":{"controlType":"sap.m.ComboBox","viewName":"reusables.view.manageresources.NewResourceUnit","viewId":"application-manageresources-display-component---newResourceUnit","bindingPath":{"path":"/RESOURCE_UNIT_TIME_SEQUENCES/0","propertyPath":"COST_OBJECT_ADMIN_CST_TYPE","modelName":"oNewRruModel"}}},"wdio_ui5_key":"reusablesview.manageresources.NewResourceUnitsap.ui.core.Icon{\"src\":{\"regex\":{\"source\":\"slim\\\\-arrow\\\\-down\"}}}{\"controlType\":\"sap.m.ComboBox\",\"viewName\":\"reusables.view.manageresources.NewResourceUnit\",\"viewId\":\"application-manageresources-display-component---newResourceUnit\",\"bindingPath\":{\"path\":\"/RESOURCE_UNIT_TIME_SEQUENCES/0\",\"propertyPath\":\"COST_OBJECT_ADMIN_CST_TYPE\",\"modelName\":\"oNewRruModel\"}}"}]}
RESULT: undefined
COMMAND: POST /session/77abbfc580afea80ae68b1163cbb8f65/element - {"using":"xpath","value":"//*[@id=\"__box16-application-manageresources-display-component---newResourceUnit--RUTimeSegment-0-arrow\"]"}
RESULT: {}
RESULT: {"using":"xpath","value":"//*[@id=\"__box16-application-manageresources-display-component---newResourceUnit--RUTimeSegment-0-arrow\"]"}
COMMAND: POST /session/77abbfc580afea80ae68b1163cbb8f65/element/f.6EC90BF5C139C34AB260ED37772EC165.d.49BCD19B64CC75BB488199E21E1F84AF.e.3572/click - {}
RESULT: {}
COMMAND: POST /session/77abbfc580afea80ae68b1163cbb8f65/execute/async - {"script":"<script> [1562 bytes]","args":[{"selector":{"controlType":"sap.m.StandardListItem","viewName":"reusables.view.manageresources.NewResourceUnit","viewId":"application-manageresources-display-component---newResourceUnit","properties":{"title":"PM Order"},"searchOpenDialogs":true,"interaction":{"idSuffix":"titleText"}},"wdio_ui5_key":"reusablesview.manageresources.NewResourceUnitsap.m.StandardListItem{\"title\":\"PM Order\"}"}]}
COMMAND: GET /session/77abbfc580afea80ae68b1163cbb8f65/screenshot - {}
RESULT: {"script":"<script> [1562 bytes]","args":[{"selector":{"controlType":"sap.m.StandardListItem","viewName":"reusables.view.manageresources.NewResourceUnit","viewId":"application-manageresources-display-component---newResourceUnit","properties":{"title":"PM Order"},"searchOpenDialogs":true,"interaction":{"idSuffix":"titleText"}},"wdio_ui5_key":"reusablesview.manageresources.NewResourceUnitsap.m.StandardListItem{\"title\":\"PM Order\"}"}]}
RESULT: undefined
COMMAND: POST /session/77abbfc580afea80ae68b1163cbb8f65/element - {"using":"xpath","value":"//*[@id=\"__item2324\"]"}
RESULT: {}
RESULT: {"using":"xpath","value":"//*[@id=\"__item2324\"]"}
COMMAND: POST /session/77abbfc580afea80ae68b1163cbb8f65/element/f.6EC90BF5C139C34AB260ED37772EC165.d.49BCD19B64CC75BB488199E21E1F84AF.e.3576/click - {}
RESULT: {}
COMMAND: GET /session/77abbfc580afea80ae68b1163cbb8f65/screenshot - {}
RESULT: {}
COMMAND: POST /session/77abbfc580afea80ae68b1163cbb8f65/element - {"using":"xpath","value":"(//input[contains(@id ,\"-application-manageresources-display-component---newResourceUnit--RUTimeSegment-0-inner\")])[8]"}
RESULT: {"using":"xpath","value":"(//input[contains(@id ,\"-application-manageresources-display-component---newResourceUnit--RUTimeSegment-0-inner\")])[8]"}
COMMAND: POST /session/77abbfc580afea80ae68b1163cbb8f65/element/f.6EC90BF5C139C34AB260ED37772EC165.d.49BCD19B64CC75BB488199E21E1F84AF.e.3579/clear - {}
RESULT: {}
COMMAND: POST /session/77abbfc580afea80ae68b1163cbb8f65/element/f.6EC90BF5C139C34AB260ED37772EC165.d.49BCD19B64CC75BB488199E21E1F84AF.e.3579/value - {"text":"4000360"}
COMMAND: GET /session/77abbfc580afea80ae68b1163cbb8f65/screenshot - {}
RESULT: {"text":"4000360"}
COMMAND: GET /session/77abbfc580afea80ae68b1163cbb8f65/screenshot - {}
RESULT: {}
RESULT: {}
COMMAND: POST /session/77abbfc580afea80ae68b1163cbb8f65/actions - {"actions":[{"id":"action22","type":"key","parameters":{},"actions":[{"type":"keyDown","value":""},{"type":"pause","duration":10},{"type":"keyUp","value":""}]}]}
RESULT: {"actions":[{"id":"action22","type":"key","parameters":{},"actions":[{"type":"keyDown","value":""},{"type":"pause","duration":10},{"type":"keyUp","value":""}]}]}
COMMAND: GET /session/77abbfc580afea80ae68b1163cbb8f65/screenshot - {}
RESULT: {}
COMMAND: POST /session/77abbfc580afea80ae68b1163cbb8f65/element - {"using":"xpath","value":"//input[contains(@id ,\"application-manageresources-display-component---newResourceUnit--newTimeSegmentFromDatePicker-application-manageresources-display-component---newResourceUnit--RUTimeSegment-0-inner\")]"}
RESULT: {"using":"xpath","value":"//input[contains(@id ,\"application-manageresources-display-component---newResourceUnit--newTimeSegmentFromDatePicker-application-manageresources-display-component---newResourceUnit--RUTimeSegment-0-inner\")]"}
COMMAND: POST /session/77abbfc580afea80ae68b1163cbb8f65/element/f.6EC90BF5C139C34AB260ED37772EC165.d.49BCD19B64CC75BB488199E21E1F84AF.e.3565/clear - {}
RESULT: {}
COMMAND: POST /session/77abbfc580afea80ae68b1163cbb8f65/element/f.6EC90BF5C139C34AB260ED37772EC165.d.49BCD19B64CC75BB488199E21E1F84AF.e.3565/clear - {}
COMMAND: GET /session/77abbfc580afea80ae68b1163cbb8f65/screenshot - {}
RESULT: {}
COMMAND: POST /session/77abbfc580afea80ae68b1163cbb8f65/element/f.6EC90BF5C139C34AB260ED37772EC165.d.49BCD19B64CC75BB488199E21E1F84AF.e.3565/value - {"text":"06/30/24"}
COMMAND: GET /session/77abbfc580afea80ae68b1163cbb8f65/screenshot - {}
RESULT: {}
RESULT: {"text":"06/30/24"}
COMMAND: POST /session/77abbfc580afea80ae68b1163cbb8f65/execute/async - {"script":"<script> [1562 bytes]","args":[{"selector":{"id":"application-manageresources-display-component---newResourceUnit--newRRUPage-anchBar-application-manageresources-display-component---newResourceUnit--resource-anchor","interaction":{"idSuffix":"BDI-content"}},"wdio_ui5_key":"applicationmanageresources-display-component---newResourceUnit--newRRUPage-anchBar-application-manageresources-display-component---newResourceUnit--resource-anchor"}]}
COMMAND: GET /session/77abbfc580afea80ae68b1163cbb8f65/screenshot - {}
RESULT: {}
RESULT: {"script":"<script> [1562 bytes]","args":[{"selector":{"id":"application-manageresources-display-component---newResourceUnit--newRRUPage-anchBar-application-manageresources-display-component---newResourceUnit--resource-anchor","interaction":{"idSuffix":"BDI-content"}},"wdio_ui5_key":"applicationmanageresources-display-component---newResourceUnit--newRRUPage-anchBar-application-manageresources-display-component---newResourceUnit--resource-anchor"}]}
RESULT: undefined
COMMAND: POST /session/77abbfc580afea80ae68b1163cbb8f65/element - {"using":"xpath","value":"//*[@id=\"application-manageresources-display-component---newResourceUnit--newRRUPage-anchBar-application-manageresources-display-component---newResourceUnit--resource-anchor\"]"}
RESULT: {}
RESULT: {"using":"xpath","value":"//*[@id=\"application-manageresources-display-component---newResourceUnit--newRRUPage-anchBar-application-manageresources-display-component---newResourceUnit--resource-anchor\"]"}
COMMAND: POST /session/77abbfc580afea80ae68b1163cbb8f65/element/f.6EC90BF5C139C34AB260ED37772EC165.d.49BCD19B64CC75BB488199E21E1F84AF.e.3600/click - {}
RESULT: {}
COMMAND: POST /session/77abbfc580afea80ae68b1163cbb8f65/execute/async - {"script":"<script> [1562 bytes]","args":[{"selector":{"id":"application-manageresources-display-component---newResourceUnit--PLANNED_DELIVERY_DATE","interaction":{"idSuffix":"inner"}},"wdio_ui5_key":"applicationmanageresources-display-component---newResourceUnit--PLANNED_DELIVERY_DATE"}]}
COMMAND: GET /session/77abbfc580afea80ae68b1163cbb8f65/screenshot - {}
RESULT: {"script":"<script> [1562 bytes]","args":[{"selector":{"id":"application-manageresources-display-component---newResourceUnit--PLANNED_DELIVERY_DATE","interaction":{"idSuffix":"inner"}},"wdio_ui5_key":"applicationmanageresources-display-component---newResourceUnit--PLANNED_DELIVERY_DATE"}]}
RESULT: undefined
COMMAND: POST /session/77abbfc580afea80ae68b1163cbb8f65/execute/async - {"script":"<script> [6424 bytes]","args":[{"element-6066-11e4-a52e-4f735466cecf":"f.6EC90BF5C139C34AB260ED37772EC165.d.49BCD19B64CC75BB488199E21E1F84AF.e.3428"},"setValue",["06/30/24"]]}
RESULT: {}
RESULT: {"script":"<script> [6424 bytes]","args":[{"element-6066-11e4-a52e-4f735466cecf":"f.6EC90BF5C139C34AB260ED37772EC165.d.49BCD19B64CC75BB488199E21E1F84AF.e.3428"},"setValue",["06/30/24"]]}
COMMAND: POST /session/77abbfc580afea80ae68b1163cbb8f65/execute/async - {"script":"<script> [1562 bytes]","args":[{"selector":{"id":"application-manageresources-display-component---newResourceUnit--RETIRE_PLANNED_DATE","interaction":{"idSuffix":"inner"}},"wdio_ui5_key":"applicationmanageresources-display-component---newResourceUnit--RETIRE_PLANNED_DATE"}]}
RESULT: {"script":"<script> [1562 bytes]","args":[{"selector":{"id":"application-manageresources-display-component---newResourceUnit--RETIRE_PLANNED_DATE","interaction":{"idSuffix":"inner"}},"wdio_ui5_key":"applicationmanageresources-display-component---newResourceUnit--RETIRE_PLANNED_DATE"}]}
RESULT: undefined
COMMAND: POST /session/77abbfc580afea80ae68b1163cbb8f65/execute/async - {"script":"<script> [776 bytes]","args":[{"enterText":"3/14/29","selector":{"id":"application-manageresources-display-component---newResourceUnit--RETIRE_PLANNED_DATE","interaction":{"idSuffix":"inner"}},"clearTextFirst":true,"interactionType":"ENTER_TEXT"}]}
RESULT: {"script":"<script> [776 bytes]","args":[{"enterText":"3/14/29","selector":{"id":"application-manageresources-display-component---newResourceUnit--RETIRE_PLANNED_DATE","interaction":{"idSuffix":"inner"}},"clearTextFirst":true,"interactionType":"ENTER_TEXT"}]}
COMMAND: POST /session/77abbfc580afea80ae68b1163cbb8f65/execute/async - {"script":"<script> [1562 bytes]","args":[{"selector":{"controlType":"sap.m.Button","viewName":"reusables.view.manageresources.NewResourceUnit","viewId":"application-manageresources-display-component---newResourceUnit","i18NText":{"propertyName":"tooltip","key":"save"},"interaction":{"idSuffix":"BDI-content"}},"wdio_ui5_key":"reusablesview.manageresources.NewResourceUnitsap.m.Button{\"propertyName\":\"tooltip\",\"key\":\"save\"}"}]}
RESULT: {"script":"<script> [1562 bytes]","args":[{"selector":{"controlType":"sap.m.Button","viewName":"reusables.view.manageresources.NewResourceUnit","viewId":"application-manageresources-display-component---newResourceUnit","i18NText":{"propertyName":"tooltip","key":"save"},"interaction":{"idSuffix":"BDI-content"}},"wdio_ui5_key":"reusablesview.manageresources.NewResourceUnitsap.m.Button{\"propertyName\":\"tooltip\",\"key\":\"save\"}"}]}
RESULT: undefined
COMMAND: POST /session/77abbfc580afea80ae68b1163cbb8f65/element - {"using":"xpath","value":"//*[@id=\"application-manageresources-display-component---newResourceUnit--createRuButton\"]"}
RESULT: {"using":"xpath","value":"//*[@id=\"application-manageresources-display-component---newResourceUnit--createRuButton\"]"}
COMMAND: POST /session/77abbfc580afea80ae68b1163cbb8f65/element/f.6EC90BF5C139C34AB260ED37772EC165.d.49BCD19B64CC75BB488199E21E1F84AF.e.3387/click - {}
RESULT: {}
COMMAND: GET /session/77abbfc580afea80ae68b1163cbb8f65/screenshot - {}
RESULT: {}
COMMAND: POST /session/77abbfc580afea80ae68b1163cbb8f65/execute/async - {"script":"<script> [1562 bytes]","args":[{"selector":{"controlType":"sap.m.Button","properties":{"text":"Close"},"searchOpenDialogs":true,"interaction":{"idSuffix":"inner"}},"wdio_ui5_key":"sapm.Button{\"text\":\"Close\"}"}]}
RESULT: {"script":"<script> [1562 bytes]","args":[{"selector":{"controlType":"sap.m.Button","properties":{"text":"Close"},"searchOpenDialogs":true,"interaction":{"idSuffix":"inner"}},"wdio_ui5_key":"sapm.Button{\"text\":\"Close\"}"}]}
RESULT: undefined
COMMAND: POST /session/77abbfc580afea80ae68b1163cbb8f65/element - {"using":"xpath","value":"//*[@id=\"__mbox-btn-0\"]"}
RESULT: {"using":"xpath","value":"//*[@id=\"__mbox-btn-0\"]"}
COMMAND: POST /session/77abbfc580afea80ae68b1163cbb8f65/element/f.6EC90BF5C139C34AB260ED37772EC165.d.49BCD19B64CC75BB488199E21E1F84AF.e.3608/click - {}
RESULT: {}
COMMAND: GET /session/77abbfc580afea80ae68b1163cbb8f65/screenshot - {}
RESULT: {}
COMMAND: POST /session/77abbfc580afea80ae68b1163cbb8f65/execute/async - {"script":"<script> [1562 bytes]","args":[{"selector":{"controlType":"sap.m.Text","viewName":"etm.portal.ui.manageresources.view.Detail","viewId":"application-manageresources-display-component---detailRU","bindingPath":{"propertyPath":"ID","modelName":"catalogModel"}},"wdio_ui5_key":"etmportal.ui.manageresources.view.Detailsap.m.Text{\"propertyPath\":\"ID\",\"modelName\":\"catalogModel\"}"}]}
RESULT: {"script":"<script> [1562 bytes]","args":[{"selector":{"controlType":"sap.m.Text","viewName":"etm.portal.ui.manageresources.view.Detail","viewId":"application-manageresources-display-component---detailRU","bindingPath":{"propertyPath":"ID","modelName":"catalogModel"}},"wdio_ui5_key":"etmportal.ui.manageresources.view.Detailsap.m.Text{\"propertyPath\":\"ID\",\"modelName\":\"catalogModel\"}"}]}
RESULT: undefined
COMMAND: POST /session/77abbfc580afea80ae68b1163cbb8f65/execute/async - {"script":"<script> [6424 bytes]","args":[{"element-6066-11e4-a52e-4f735466cecf":"f.6EC90BF5C139C34AB260ED37772EC165.d.49BCD19B64CC75BB488199E21E1F84AF.e.3665"},"getText",[]]}
RESULT: {"script":"<script> [6424 bytes]","args":[{"element-6066-11e4-a52e-4f735466cecf":"f.6EC90BF5C139C34AB260ED37772EC165.d.49BCD19B64CC75BB488199E21E1F84AF.e.3665"},"getText",[]]}
COMMAND: POST /session/77abbfc580afea80ae68b1163cbb8f65/element - {"using":"css selector","value":"#shell-header-logo"}
RESULT: {"using":"css selector","value":"#shell-header-logo"}
COMMAND: POST /session/77abbfc580afea80ae68b1163cbb8f65/element/f.6EC90BF5C139C34AB260ED37772EC165.d.49BCD19B64CC75BB488199E21E1F84AF.e.3006/click - {}
RESULT: {}
COMMAND: GET /session/77abbfc580afea80ae68b1163cbb8f65/screenshot - {}
RESULT: {}
]]></system-out>
    </testcase>
    <testcase classname="chrome.136_0_7103_93.windows.Verify_RU_inventory_split_cost_information_US139363" name="Should do a stock increase for the equipment" time="86.282">
      <system-out><![CDATA[
COMMAND: POST /session/77abbfc580afea80ae68b1163cbb8f65/execute/async - {"script":"<script> [1562 bytes]","args":[{"selector":{"controlType":"sap.m.GenericTile","properties":{"header":"Manage Handovers"}},"wdio_ui5_key":"sapm.GenericTile{\"header\":\"Manage Handovers\"}"}]}
RESULT: {"script":"<script> [1562 bytes]","args":[{"selector":{"controlType":"sap.m.GenericTile","properties":{"header":"Manage Handovers"}},"wdio_ui5_key":"sapm.GenericTile{\"header\":\"Manage Handovers\"}"}]}
RESULT: undefined
COMMAND: POST /session/77abbfc580afea80ae68b1163cbb8f65/element - {"using":"xpath","value":"//*[@id=\"__tile132\"]"}
RESULT: {"using":"xpath","value":"//*[@id=\"__tile132\"]"}
COMMAND: POST /session/77abbfc580afea80ae68b1163cbb8f65/element/f.6EC90BF5C139C34AB260ED37772EC165.d.49BCD19B64CC75BB488199E21E1F84AF.e.3667/click - {}
RESULT: {}
COMMAND: GET /session/77abbfc580afea80ae68b1163cbb8f65/screenshot - {}
RESULT: {}
COMMAND: POST /session/77abbfc580afea80ae68b1163cbb8f65/elements - {"using":"xpath","value":"//span[text()='Error']"}
RESULT: {"using":"xpath","value":"//span[text()='Error']"}
COMMAND: POST /session/77abbfc580afea80ae68b1163cbb8f65/element - {"using":"xpath","value":"//button[@data-kt=\"masterHOAddButton\"]"}
RESULT: {"using":"xpath","value":"//button[@data-kt=\"masterHOAddButton\"]"}
COMMAND: POST /session/77abbfc580afea80ae68b1163cbb8f65/execute/sync - {"script":"<script> [8489 bytes]","args":[{"element-6066-11e4-a52e-4f735466cecf":"f.6EC90BF5C139C34AB260ED37772EC165.d.49BCD19B64CC75BB488199E21E1F84AF.e.3721","ELEMENT":"f.6EC90BF5C139C34AB260ED37772EC165.d.49BCD19B64CC75BB488199E21E1F84AF.e.3721"}]}
RESULT: {"script":"<script> [8489 bytes]","args":[{"element-6066-11e4-a52e-4f735466cecf":"f.6EC90BF5C139C34AB260ED37772EC165.d.49BCD19B64CC75BB488199E21E1F84AF.e.3721","ELEMENT":"f.6EC90BF5C139C34AB260ED37772EC165.d.49BCD19B64CC75BB488199E21E1F84AF.e.3721"}]}
COMMAND: POST /session/77abbfc580afea80ae68b1163cbb8f65/element/f.6EC90BF5C139C34AB260ED37772EC165.d.49BCD19B64CC75BB488199E21E1F84AF.e.3721/click - {}
COMMAND: GET /session/77abbfc580afea80ae68b1163cbb8f65/screenshot - {}
RESULT: {}
COMMAND: GET /session/77abbfc580afea80ae68b1163cbb8f65/screenshot - {}
RESULT: {}
COMMAND: POST /session/77abbfc580afea80ae68b1163cbb8f65/element - {"using":"xpath","value":"//span[contains(@id ,\"AddNewHO--typeSelect-arrow\")]"}
RESULT: {}
RESULT: {"using":"xpath","value":"//span[contains(@id ,\"AddNewHO--typeSelect-arrow\")]"}
COMMAND: POST /session/77abbfc580afea80ae68b1163cbb8f65/element/f.6EC90BF5C139C34AB260ED37772EC165.d.49BCD19B64CC75BB488199E21E1F84AF.e.4076/click - {}
RESULT: {}
COMMAND: GET /session/77abbfc580afea80ae68b1163cbb8f65/screenshot - {}
RESULT: {}
COMMAND: POST /session/77abbfc580afea80ae68b1163cbb8f65/element - {"using":"xpath","value":"(//li[contains(text(), \"stock increase yard\")])[1]"}
RESULT: {"using":"xpath","value":"(//li[contains(text(), \"stock increase yard\")])[1]"}
COMMAND: POST /session/77abbfc580afea80ae68b1163cbb8f65/element/f.6EC90BF5C139C34AB260ED37772EC165.d.49BCD19B64CC75BB488199E21E1F84AF.e.4077/click - {}
RESULT: {}
COMMAND: GET /session/77abbfc580afea80ae68b1163cbb8f65/screenshot - {}
RESULT: {}
COMMAND: POST /session/77abbfc580afea80ae68b1163cbb8f65/execute/async - {"script":"<script> [1562 bytes]","args":[{"selector":{"id":"application-managehandovers-display-component---AddNewHO--dueDate","interaction":{"idSuffix":"inner"}},"wdio_ui5_key":"applicationmanagehandovers-display-component---AddNewHO--dueDate"}]}
RESULT: {"script":"<script> [1562 bytes]","args":[{"selector":{"id":"application-managehandovers-display-component---AddNewHO--dueDate","interaction":{"idSuffix":"inner"}},"wdio_ui5_key":"applicationmanagehandovers-display-component---AddNewHO--dueDate"}]}
RESULT: undefined
COMMAND: POST /session/77abbfc580afea80ae68b1163cbb8f65/execute/async - {"script":"<script> [6424 bytes]","args":[{"element-6066-11e4-a52e-4f735466cecf":"f.6EC90BF5C139C34AB260ED37772EC165.d.49BCD19B64CC75BB488199E21E1F84AF.e.4080"},"setValue",["5/30/25"]]}
RESULT: {"script":"<script> [6424 bytes]","args":[{"element-6066-11e4-a52e-4f735466cecf":"f.6EC90BF5C139C34AB260ED37772EC165.d.49BCD19B64CC75BB488199E21E1F84AF.e.4080"},"setValue",["5/30/25"]]}
COMMAND: POST /session/77abbfc580afea80ae68b1163cbb8f65/element - {"using":"xpath","value":"//input[@id=\"generalSectionFrg--receiveYard-inner\"]"}
RESULT: {"using":"xpath","value":"//input[@id=\"generalSectionFrg--receiveYard-inner\"]"}
COMMAND: POST /session/77abbfc580afea80ae68b1163cbb8f65/element/f.6EC90BF5C139C34AB260ED37772EC165.d.49BCD19B64CC75BB488199E21E1F84AF.e.4086/clear - {}
RESULT: {}
COMMAND: POST /session/77abbfc580afea80ae68b1163cbb8f65/element/f.6EC90BF5C139C34AB260ED37772EC165.d.49BCD19B64CC75BB488199E21E1F84AF.e.4086/value - {"text":"webdriveryard"}
COMMAND: GET /session/77abbfc580afea80ae68b1163cbb8f65/screenshot - {}
RESULT: {"text":"webdriveryard"}
COMMAND: GET /session/77abbfc580afea80ae68b1163cbb8f65/screenshot - {}
RESULT: {}
RESULT: {}
COMMAND: POST /session/77abbfc580afea80ae68b1163cbb8f65/execute/async - {"script":"<script> [1562 bytes]","args":[{"selector":{"id":"application-managehandovers-display-component---AddNewHO--ObjectPageLayout-anchBar-application-managehandovers-display-component---AddNewHO--section4-anchor","interaction":{"idSuffix":"BDI-content"}},"wdio_ui5_key":"applicationmanagehandovers-display-component---AddNewHO--ObjectPageLayout-anchBar-application-managehandovers-display-component---AddNewHO--section4-anchor"}]}
RESULT: {"script":"<script> [1562 bytes]","args":[{"selector":{"id":"application-managehandovers-display-component---AddNewHO--ObjectPageLayout-anchBar-application-managehandovers-display-component---AddNewHO--section4-anchor","interaction":{"idSuffix":"BDI-content"}},"wdio_ui5_key":"applicationmanagehandovers-display-component---AddNewHO--ObjectPageLayout-anchBar-application-managehandovers-display-component---AddNewHO--section4-anchor"}]}
RESULT: undefined
COMMAND: POST /session/77abbfc580afea80ae68b1163cbb8f65/element - {"using":"xpath","value":"//*[@id=\"application-managehandovers-display-component---AddNewHO--ObjectPageLayout-anchBar-application-managehandovers-display-component---AddNewHO--section4-anchor\"]"}
RESULT: {"using":"xpath","value":"//*[@id=\"application-managehandovers-display-component---AddNewHO--ObjectPageLayout-anchBar-application-managehandovers-display-component---AddNewHO--section4-anchor\"]"}
COMMAND: POST /session/77abbfc580afea80ae68b1163cbb8f65/element/f.6EC90BF5C139C34AB260ED37772EC165.d.49BCD19B64CC75BB488199E21E1F84AF.e.4107/click - {}
RESULT: {}
COMMAND: GET /session/77abbfc580afea80ae68b1163cbb8f65/screenshot - {}
RESULT: {}
COMMAND: POST /session/77abbfc580afea80ae68b1163cbb8f65/element - {"using":"xpath","value":"//button[@aria-label=\"Add\"]"}
RESULT: {"using":"xpath","value":"//button[@aria-label=\"Add\"]"}
COMMAND: POST /session/77abbfc580afea80ae68b1163cbb8f65/element/f.6EC90BF5C139C34AB260ED37772EC165.d.49BCD19B64CC75BB488199E21E1F84AF.e.4111/click - {}
RESULT: {}
COMMAND: GET /session/77abbfc580afea80ae68b1163cbb8f65/screenshot - {}
RESULT: {}
COMMAND: POST /session/77abbfc580afea80ae68b1163cbb8f65/execute/async - {"script":"<script> [1562 bytes]","args":[{"selector":{"id":"application-managehandovers-display-component---AddNewHO--smartFilterBar-btnBasicSearch","searchOpenDialogs":true,"interaction":{"idSuffix":"I"}},"wdio_ui5_key":"applicationmanagehandovers-display-component---AddNewHO--smartFilterBar-btnBasicSearch"}]}
RESULT: {"script":"<script> [1562 bytes]","args":[{"selector":{"id":"application-managehandovers-display-component---AddNewHO--smartFilterBar-btnBasicSearch","searchOpenDialogs":true,"interaction":{"idSuffix":"I"}},"wdio_ui5_key":"applicationmanagehandovers-display-component---AddNewHO--smartFilterBar-btnBasicSearch"}]}
RESULT: undefined
COMMAND: POST /session/77abbfc580afea80ae68b1163cbb8f65/execute/async - {"script":"<script> [776 bytes]","args":[{"enterText":"WdIOTestEquipexcql","selector":{"id":"application-managehandovers-display-component---AddNewHO--smartFilterBar-btnBasicSearch","searchOpenDialogs":true,"interaction":{"idSuffix":"I"}},"clearTextFirst":true,"interactionType":"ENTER_TEXT"}]}
RESULT: {"script":"<script> [776 bytes]","args":[{"enterText":"WdIOTestEquipexcql","selector":{"id":"application-managehandovers-display-component---AddNewHO--smartFilterBar-btnBasicSearch","searchOpenDialogs":true,"interaction":{"idSuffix":"I"}},"clearTextFirst":true,"interactionType":"ENTER_TEXT"}]}
COMMAND: POST /session/77abbfc580afea80ae68b1163cbb8f65/actions - {"actions":[{"id":"action23","type":"key","parameters":{},"actions":[{"type":"keyDown","value":""},{"type":"pause","duration":10},{"type":"keyUp","value":""}]}]}
RESULT: {"actions":[{"id":"action23","type":"key","parameters":{},"actions":[{"type":"keyDown","value":""},{"type":"pause","duration":10},{"type":"keyUp","value":""}]}]}
COMMAND: POST /session/77abbfc580afea80ae68b1163cbb8f65/execute/async - {"script":"<script> [1562 bytes]","args":[{"selector":{"id":"application-managehandovers-display-component---AddNewHO--popup-sa","searchOpenDialogs":true,"interaction":{"idSuffix":"CbBg"}},"wdio_ui5_key":"applicationmanagehandovers-display-component---AddNewHO--popup-sa"}]}
COMMAND: GET /session/77abbfc580afea80ae68b1163cbb8f65/screenshot - {}
RESULT: {"script":"<script> [1562 bytes]","args":[{"selector":{"id":"application-managehandovers-display-component---AddNewHO--popup-sa","searchOpenDialogs":true,"interaction":{"idSuffix":"CbBg"}},"wdio_ui5_key":"applicationmanagehandovers-display-component---AddNewHO--popup-sa"}]}
RESULT: undefined
COMMAND: POST /session/77abbfc580afea80ae68b1163cbb8f65/element - {"using":"xpath","value":"//*[@id=\"application-managehandovers-display-component---AddNewHO--popup-sa\"]"}
RESULT: {}
RESULT: {"using":"xpath","value":"//*[@id=\"application-managehandovers-display-component---AddNewHO--popup-sa\"]"}
COMMAND: POST /session/77abbfc580afea80ae68b1163cbb8f65/element/f.6EC90BF5C139C34AB260ED37772EC165.d.49BCD19B64CC75BB488199E21E1F84AF.e.4228/click - {}
RESULT: {}
COMMAND: GET /session/77abbfc580afea80ae68b1163cbb8f65/screenshot - {}
RESULT: {}
COMMAND: POST /session/77abbfc580afea80ae68b1163cbb8f65/element - {"using":"xpath","value":"//bdi[contains(text(), \"Select\")]"}
RESULT: {"using":"xpath","value":"//bdi[contains(text(), \"Select\")]"}
COMMAND: POST /session/77abbfc580afea80ae68b1163cbb8f65/element/f.6EC90BF5C139C34AB260ED37772EC165.d.49BCD19B64CC75BB488199E21E1F84AF.e.4229/click - {}
RESULT: {}
COMMAND: GET /session/77abbfc580afea80ae68b1163cbb8f65/screenshot - {}
RESULT: {}
COMMAND: POST /session/77abbfc580afea80ae68b1163cbb8f65/element - {"using":"xpath","value":"//button[@data-kt=\"AddNewHOSaveButton\"]"}
RESULT: {"using":"xpath","value":"//button[@data-kt=\"AddNewHOSaveButton\"]"}
COMMAND: POST /session/77abbfc580afea80ae68b1163cbb8f65/element/f.6EC90BF5C139C34AB260ED37772EC165.d.49BCD19B64CC75BB488199E21E1F84AF.e.4233/click - {}
RESULT: {}
COMMAND: GET /session/77abbfc580afea80ae68b1163cbb8f65/screenshot - {}
RESULT: {}
COMMAND: POST /session/77abbfc580afea80ae68b1163cbb8f65/execute/async - {"script":"<script> [1562 bytes]","args":[{"selector":{"id":"receiptDatePicker","viewName":"etm.portal.ui.managehandovers.view.DetailExecuteHO","interaction":{"idSuffix":"inner"}},"wdio_ui5_key":"receiptDatePickeretmportal.ui.managehandovers.view.DetailExecuteHO"}]}
RESULT: {"script":"<script> [1562 bytes]","args":[{"selector":{"id":"receiptDatePicker","viewName":"etm.portal.ui.managehandovers.view.DetailExecuteHO","interaction":{"idSuffix":"inner"}},"wdio_ui5_key":"receiptDatePickeretmportal.ui.managehandovers.view.DetailExecuteHO"}]}
RESULT: undefined
COMMAND: POST /session/77abbfc580afea80ae68b1163cbb8f65/execute/async - {"script":"<script> [6424 bytes]","args":[{"element-6066-11e4-a52e-4f735466cecf":"f.6EC90BF5C139C34AB260ED37772EC165.d.49BCD19B64CC75BB488199E21E1F84AF.e.4261"},"setValue",["5/30/25"]]}
RESULT: {"script":"<script> [6424 bytes]","args":[{"element-6066-11e4-a52e-4f735466cecf":"f.6EC90BF5C139C34AB260ED37772EC165.d.49BCD19B64CC75BB488199E21E1F84AF.e.4261"},"setValue",["5/30/25"]]}
COMMAND: POST /session/77abbfc580afea80ae68b1163cbb8f65/actions - {"actions":[{"id":"action24","type":"key","parameters":{},"actions":[{"type":"keyDown","value":""},{"type":"pause","duration":10},{"type":"keyUp","value":""}]}]}
RESULT: {"actions":[{"id":"action24","type":"key","parameters":{},"actions":[{"type":"keyDown","value":""},{"type":"pause","duration":10},{"type":"keyUp","value":""}]}]}
COMMAND: POST /session/77abbfc580afea80ae68b1163cbb8f65/actions - {"actions":[{"id":"action25","type":"key","parameters":{},"actions":[{"type":"keyDown","value":""},{"type":"pause","duration":10},{"type":"keyUp","value":""}]}]}
COMMAND: GET /session/77abbfc580afea80ae68b1163cbb8f65/screenshot - {}
RESULT: {"actions":[{"id":"action25","type":"key","parameters":{},"actions":[{"type":"keyDown","value":""},{"type":"pause","duration":10},{"type":"keyUp","value":""}]}]}
COMMAND: POST /session/77abbfc580afea80ae68b1163cbb8f65/element - {"using":"xpath","value":"//button[@data-kt=\"ReceivingTableConfirmAllButton\"]"}
COMMAND: GET /session/77abbfc580afea80ae68b1163cbb8f65/screenshot - {}
RESULT: {}
RESULT: {"using":"xpath","value":"//button[@data-kt=\"ReceivingTableConfirmAllButton\"]"}
COMMAND: POST /session/77abbfc580afea80ae68b1163cbb8f65/element/f.6EC90BF5C139C34AB260ED37772EC165.d.49BCD19B64CC75BB488199E21E1F84AF.e.4278/click - {}
RESULT: {}
RESULT: {}
COMMAND: GET /session/77abbfc580afea80ae68b1163cbb8f65/screenshot - {}
RESULT: {}
COMMAND: POST /session/77abbfc580afea80ae68b1163cbb8f65/element - {"using":"xpath","value":"//bdi[contains(text(), \"OK\")]"}
RESULT: {"using":"xpath","value":"//bdi[contains(text(), \"OK\")]"}
COMMAND: POST /session/77abbfc580afea80ae68b1163cbb8f65/element/f.6EC90BF5C139C34AB260ED37772EC165.d.49BCD19B64CC75BB488199E21E1F84AF.e.4281/click - {}
RESULT: {}
COMMAND: GET /session/77abbfc580afea80ae68b1163cbb8f65/screenshot - {}
RESULT: {}
COMMAND: POST /session/77abbfc580afea80ae68b1163cbb8f65/element - {"using":"xpath","value":"(//bdi[contains(text(), \"Receive\")])[2]"}
RESULT: {"using":"xpath","value":"(//bdi[contains(text(), \"Receive\")])[2]"}
COMMAND: POST /session/77abbfc580afea80ae68b1163cbb8f65/element/f.6EC90BF5C139C34AB260ED37772EC165.d.49BCD19B64CC75BB488199E21E1F84AF.e.4282/click - {}
RESULT: {}
COMMAND: GET /session/77abbfc580afea80ae68b1163cbb8f65/screenshot - {}
RESULT: {}
COMMAND: POST /session/77abbfc580afea80ae68b1163cbb8f65/element - {"using":"css selector","value":"#shell-header-logo"}
RESULT: {"using":"css selector","value":"#shell-header-logo"}
COMMAND: POST /session/77abbfc580afea80ae68b1163cbb8f65/element/f.6EC90BF5C139C34AB260ED37772EC165.d.49BCD19B64CC75BB488199E21E1F84AF.e.3671/click - {}
RESULT: {}
]]></system-out>
    </testcase>
    <testcase classname="chrome.136_0_7103_93.windows.Verify_RU_inventory_split_cost_information_US139363" name="Should navigate to RU inventory and add the resource to the contract" time="79.417">
      <system-out><![CDATA[
COMMAND: POST /session/77abbfc580afea80ae68b1163cbb8f65/execute/async - {"script":"<script> [1562 bytes]","args":[{"selector":{"controlType":"sap.m.GenericTile","properties":{"header":"RU Inventory List"}},"wdio_ui5_key":"sapm.GenericTile{\"header\":\"RU Inventory List\"}"}]}
COMMAND: GET /session/77abbfc580afea80ae68b1163cbb8f65/screenshot - {}
RESULT: {"script":"<script> [1562 bytes]","args":[{"selector":{"controlType":"sap.m.GenericTile","properties":{"header":"RU Inventory List"}},"wdio_ui5_key":"sapm.GenericTile{\"header\":\"RU Inventory List\"}"}]}
RESULT: undefined
COMMAND: POST /session/77abbfc580afea80ae68b1163cbb8f65/element - {"using":"xpath","value":"//*[@id=\"__tile99\"]"}
RESULT: {}
RESULT: {"using":"xpath","value":"//*[@id=\"__tile99\"]"}
COMMAND: POST /session/77abbfc580afea80ae68b1163cbb8f65/element/f.6EC90BF5C139C34AB260ED37772EC165.d.49BCD19B64CC75BB488199E21E1F84AF.e.4426/click - {}
RESULT: {}
COMMAND: GET /session/77abbfc580afea80ae68b1163cbb8f65/screenshot - {}
RESULT: {}
COMMAND: POST /session/77abbfc580afea80ae68b1163cbb8f65/elements - {"using":"xpath","value":"//span[text()='Error']"}
RESULT: {"using":"xpath","value":"//span[text()='Error']"}
COMMAND: POST /session/77abbfc580afea80ae68b1163cbb8f65/execute/async - {"script":"<script> [1562 bytes]","args":[{"selector":{"id":"application-ruinventorylist-display-component---Master--smartFilterBar-btnBasicSearch","interaction":{"idSuffix":"I"}},"wdio_ui5_key":"applicationruinventorylist-display-component---Master--smartFilterBar-btnBasicSearch"}]}
RESULT: {"script":"<script> [1562 bytes]","args":[{"selector":{"id":"application-ruinventorylist-display-component---Master--smartFilterBar-btnBasicSearch","interaction":{"idSuffix":"I"}},"wdio_ui5_key":"applicationruinventorylist-display-component---Master--smartFilterBar-btnBasicSearch"}]}
RESULT: undefined
COMMAND: POST /session/77abbfc580afea80ae68b1163cbb8f65/execute/async - {"script":"<script> [776 bytes]","args":[{"enterText":"WdIOTestEquipexcql","selector":{"id":"application-ruinventorylist-display-component---Master--smartFilterBar-btnBasicSearch","interaction":{"idSuffix":"I"}},"clearTextFirst":true,"interactionType":"ENTER_TEXT"}]}
RESULT: {"script":"<script> [776 bytes]","args":[{"enterText":"WdIOTestEquipexcql","selector":{"id":"application-ruinventorylist-display-component---Master--smartFilterBar-btnBasicSearch","interaction":{"idSuffix":"I"}},"clearTextFirst":true,"interactionType":"ENTER_TEXT"}]}
COMMAND: POST /session/77abbfc580afea80ae68b1163cbb8f65/actions - {"actions":[{"id":"action26","type":"key","parameters":{},"actions":[{"type":"keyDown","value":""},{"type":"pause","duration":10},{"type":"keyUp","value":""}]}]}
RESULT: {"actions":[{"id":"action26","type":"key","parameters":{},"actions":[{"type":"keyDown","value":""},{"type":"pause","duration":10},{"type":"keyUp","value":""}]}]}
COMMAND: GET /session/77abbfc580afea80ae68b1163cbb8f65/screenshot - {}
RESULT: {}
COMMAND: POST /session/77abbfc580afea80ae68b1163cbb8f65/execute/async - {"script":"<script> [1562 bytes]","args":[{"selector":{"id":"application-ruinventorylist-display-component---Master--smartTableRuInventoryList-header"},"wdio_ui5_key":"applicationruinventorylist-display-component---Master--smartTableRuInventoryList-header"}]}
RESULT: {"script":"<script> [1562 bytes]","args":[{"selector":{"id":"application-ruinventorylist-display-component---Master--smartTableRuInventoryList-header"},"wdio_ui5_key":"applicationruinventorylist-display-component---Master--smartTableRuInventoryList-header"}]}
RESULT: undefined
COMMAND: POST /session/77abbfc580afea80ae68b1163cbb8f65/execute/async - {"script":"<script> [6424 bytes]","args":[{"element-6066-11e4-a52e-4f735466cecf":"f.6EC90BF5C139C34AB260ED37772EC165.d.49BCD19B64CC75BB488199E21E1F84AF.e.4635"},"getText",[]]}
RESULT: {"script":"<script> [6424 bytes]","args":[{"element-6066-11e4-a52e-4f735466cecf":"f.6EC90BF5C139C34AB260ED37772EC165.d.49BCD19B64CC75BB488199E21E1F84AF.e.4635"},"getText",[]]}
COMMAND: POST /session/77abbfc580afea80ae68b1163cbb8f65/execute/async - {"script":"<script> [1562 bytes]","args":[{"selector":{"id":"application-ruinventorylist-display-component---Master--createContractItemsBtn-img"},"wdio_ui5_key":"applicationruinventorylist-display-component---Master--createContractItemsBtn-img"}]}
RESULT: {"script":"<script> [1562 bytes]","args":[{"selector":{"id":"application-ruinventorylist-display-component---Master--createContractItemsBtn-img"},"wdio_ui5_key":"applicationruinventorylist-display-component---Master--createContractItemsBtn-img"}]}
RESULT: undefined
COMMAND: POST /session/77abbfc580afea80ae68b1163cbb8f65/element - {"using":"xpath","value":"//*[@id=\"application-ruinventorylist-display-component---Master--createContractItemsBtn-img\"]"}
RESULT: {"using":"xpath","value":"//*[@id=\"application-ruinventorylist-display-component---Master--createContractItemsBtn-img\"]"}
COMMAND: POST /session/77abbfc580afea80ae68b1163cbb8f65/element/f.6EC90BF5C139C34AB260ED37772EC165.d.49BCD19B64CC75BB488199E21E1F84AF.e.4472/click - {}
RESULT: {}
COMMAND: GET /session/77abbfc580afea80ae68b1163cbb8f65/screenshot - {}
RESULT: {}
COMMAND: POST /session/77abbfc580afea80ae68b1163cbb8f65/element - {"using":"xpath","value":"//div[contains(@id ,\"application-ruinventorylist-display-component---Master--tableRuInventoryList-sa-CbBg\")]"}
RESULT: {"using":"xpath","value":"//div[contains(@id ,\"application-ruinventorylist-display-component---Master--tableRuInventoryList-sa-CbBg\")]"}
COMMAND: POST /session/77abbfc580afea80ae68b1163cbb8f65/element/f.6EC90BF5C139C34AB260ED37772EC165.d.49BCD19B64CC75BB488199E21E1F84AF.e.4644/click - {}
RESULT: {}
RESULT: undefined
COMMAND: POST /session/77abbfc580afea80ae68b1163cbb8f65/element - {"using":"xpath","value":"//*[@id=\"application-ruinventorylist-display-component---Master--createContractItemsBtn-img\"]"}
COMMAND: GET /session/77abbfc580afea80ae68b1163cbb8f65/screenshot - {}
RESULT: {"using":"xpath","value":"//*[@id=\"application-ruinventorylist-display-component---Master--createContractItemsBtn-img\"]"}
COMMAND: POST /session/77abbfc580afea80ae68b1163cbb8f65/element/f.6EC90BF5C139C34AB260ED37772EC165.d.49BCD19B64CC75BB488199E21E1F84AF.e.4472/click - {}
RESULT: {}
RESULT: {}
COMMAND: GET /session/77abbfc580afea80ae68b1163cbb8f65/screenshot - {}
RESULT: {}
COMMAND: POST /session/77abbfc580afea80ae68b1163cbb8f65/element - {"using":"xpath","value":"//div[contains(@class ,\"sapMObjStatus sapMObjStatusError sapMObjStatusActive\")]"}
RESULT: {"using":"xpath","value":"//div[contains(@class ,\"sapMObjStatus sapMObjStatusError sapMObjStatusActive\")]"}
COMMAND: POST /session/77abbfc580afea80ae68b1163cbb8f65/elements - {"using":"xpath","value":"//div[contains(@class ,\"sapMObjStatus sapMObjStatusError sapMObjStatusActive\")]"}
RESULT: {"using":"xpath","value":"//div[contains(@class ,\"sapMObjStatus sapMObjStatusError sapMObjStatusActive\")]"}
COMMAND: POST /session/77abbfc580afea80ae68b1163cbb8f65/element - {"using":"xpath","value":"//input[contains(@id, \"application-ruinventorylist-display-component---Master--contractCb-inner\")]"}
RESULT: {"using":"xpath","value":"//input[contains(@id, \"application-ruinventorylist-display-component---Master--contractCb-inner\")]"}
COMMAND: POST /session/77abbfc580afea80ae68b1163cbb8f65/element/f.6EC90BF5C139C34AB260ED37772EC165.d.49BCD19B64CC75BB488199E21E1F84AF.e.4647/clear - {}
RESULT: {}
COMMAND: POST /session/77abbfc580afea80ae68b1163cbb8f65/element/f.6EC90BF5C139C34AB260ED37772EC165.d.49BCD19B64CC75BB488199E21E1F84AF.e.4647/value - {"text":"10405"}
COMMAND: GET /session/77abbfc580afea80ae68b1163cbb8f65/screenshot - {}
RESULT: {"text":"10405"}
COMMAND: GET /session/77abbfc580afea80ae68b1163cbb8f65/screenshot - {}
RESULT: {}
RESULT: {}
COMMAND: POST /session/77abbfc580afea80ae68b1163cbb8f65/actions - {"actions":[{"id":"action27","type":"key","parameters":{},"actions":[{"type":"keyDown","value":""},{"type":"pause","duration":10},{"type":"keyUp","value":""}]}]}
RESULT: {"actions":[{"id":"action27","type":"key","parameters":{},"actions":[{"type":"keyDown","value":""},{"type":"pause","duration":10},{"type":"keyUp","value":""}]}]}
COMMAND: GET /session/77abbfc580afea80ae68b1163cbb8f65/screenshot - {}
RESULT: {}
COMMAND: POST /session/77abbfc580afea80ae68b1163cbb8f65/actions - {"actions":[{"id":"action28","type":"key","parameters":{},"actions":[{"type":"keyDown","value":""},{"type":"pause","duration":10},{"type":"keyUp","value":""}]}]}
RESULT: {"actions":[{"id":"action28","type":"key","parameters":{},"actions":[{"type":"keyDown","value":""},{"type":"pause","duration":10},{"type":"keyUp","value":""}]}]}
COMMAND: GET /session/77abbfc580afea80ae68b1163cbb8f65/screenshot - {}
RESULT: {}
COMMAND: POST /session/77abbfc580afea80ae68b1163cbb8f65/element - {"using":"xpath","value":"//input[contains(@id, \"application-ruinventorylist-display-component---Master--endDate-inner\")]"}
RESULT: {"using":"xpath","value":"//input[contains(@id, \"application-ruinventorylist-display-component---Master--endDate-inner\")]"}
COMMAND: POST /session/77abbfc580afea80ae68b1163cbb8f65/element/f.6EC90BF5C139C34AB260ED37772EC165.d.49BCD19B64CC75BB488199E21E1F84AF.e.4650/clear - {}
RESULT: {}
COMMAND: POST /session/77abbfc580afea80ae68b1163cbb8f65/element/f.6EC90BF5C139C34AB260ED37772EC165.d.49BCD19B64CC75BB488199E21E1F84AF.e.4650/value - {"text":"05/31/25"}
COMMAND: GET /session/77abbfc580afea80ae68b1163cbb8f65/screenshot - {}
RESULT: {"text":"05/31/25"}
COMMAND: POST /session/77abbfc580afea80ae68b1163cbb8f65/element - {"using":"xpath","value":"(//div[contains(@data-kt ,\"characteristicsObjectStatus\")])[2]"}
COMMAND: GET /session/77abbfc580afea80ae68b1163cbb8f65/screenshot - {}
RESULT: {}
RESULT: {"using":"xpath","value":"(//div[contains(@data-kt ,\"characteristicsObjectStatus\")])[2]"}
COMMAND: POST /session/77abbfc580afea80ae68b1163cbb8f65/element/f.6EC90BF5C139C34AB260ED37772EC165.d.49BCD19B64CC75BB488199E21E1F84AF.e.4664/click - {}
RESULT: {}
RESULT: {}
COMMAND: GET /session/77abbfc580afea80ae68b1163cbb8f65/screenshot - {}
RESULT: {}
COMMAND: POST /session/77abbfc580afea80ae68b1163cbb8f65/element - {"using":"xpath","value":"//span[contains(@id ,\"application-ruinventorylist-display-component---Master--addSplitCharacteristicsRowButton-img\")]"}
RESULT: {"using":"xpath","value":"//span[contains(@id ,\"application-ruinventorylist-display-component---Master--addSplitCharacteristicsRowButton-img\")]"}
COMMAND: POST /session/77abbfc580afea80ae68b1163cbb8f65/element/f.6EC90BF5C139C34AB260ED37772EC165.d.49BCD19B64CC75BB488199E21E1F84AF.e.4667/click - {}
RESULT: {}
COMMAND: POST /session/77abbfc580afea80ae68b1163cbb8f65/element - {"using":"xpath","value":"(//input[contains(@id ,\"application-ruinventorylist-display-component---Master--splitCharacteristicsTable-0-inner\")])[1]"}
COMMAND: GET /session/77abbfc580afea80ae68b1163cbb8f65/screenshot - {}
RESULT: {"using":"xpath","value":"(//input[contains(@id ,\"application-ruinventorylist-display-component---Master--splitCharacteristicsTable-0-inner\")])[1]"}
COMMAND: POST /session/77abbfc580afea80ae68b1163cbb8f65/element/f.6EC90BF5C139C34AB260ED37772EC165.d.49BCD19B64CC75BB488199E21E1F84AF.e.4670/clear - {}
RESULT: {}
RESULT: {}
COMMAND: POST /session/77abbfc580afea80ae68b1163cbb8f65/element/f.6EC90BF5C139C34AB260ED37772EC165.d.49BCD19B64CC75BB488199E21E1F84AF.e.4670/value - {"text":"Cost Center"}
COMMAND: GET /session/77abbfc580afea80ae68b1163cbb8f65/screenshot - {}
RESULT: {"text":"Cost Center"}
COMMAND: GET /session/77abbfc580afea80ae68b1163cbb8f65/screenshot - {}
RESULT: {}
RESULT: {}
COMMAND: POST /session/77abbfc580afea80ae68b1163cbb8f65/actions - {"actions":[{"id":"action29","type":"key","parameters":{},"actions":[{"type":"keyDown","value":""},{"type":"pause","duration":10},{"type":"keyUp","value":""}]}]}
RESULT: {"actions":[{"id":"action29","type":"key","parameters":{},"actions":[{"type":"keyDown","value":""},{"type":"pause","duration":10},{"type":"keyUp","value":""}]}]}
COMMAND: POST /session/77abbfc580afea80ae68b1163cbb8f65/execute/async - {"script":"<script> [1562 bytes]","args":[{"selector":{"controlType":"sap.ui.core.Icon","viewName":"etm.portal.ui.ruinventorylist.view.Master","viewId":"application-ruinventorylist-display-component---Master","properties":{"src":{"regex":{"source":"value\\-help"}}},"searchOpenDialogs":true,"ancestor":{"controlType":"sap.m.ColumnListItem","viewName":"etm.portal.ui.ruinventorylist.view.Master","viewId":"application-ruinventorylist-display-component---Master","bindingPath":{"modelName":"additionalRequiredFields","path":"/currentCharacteristics/0"},"ancestor":{"id":"application-ruinventorylist-display-component---Master--splitCharacteristicsTable","searchOpenDialogs":true}}},"wdio_ui5_key":"etmportal.ui.ruinventorylist.view.Mastersap.ui.core.Icon{\"src\":{\"regex\":{\"source\":\"value\\\\-help\"}}}{\"controlType\":\"sap.m.ColumnListItem\",\"viewName\":\"etm.portal.ui.ruinventorylist.view.Master\",\"viewId\":\"application-ruinventorylist-display-component---Master\",\"bindingPath\":{\"modelName\":\"additionalRequiredFields\",\"path\":\"/currentCharacteristics/0\"},\"ancestor\":{\"id\":\"application-ruinventorylist-display-component---Master--splitCharacteristicsTable\",\"searchOpenDialogs\":true}}"}]}
COMMAND: GET /session/77abbfc580afea80ae68b1163cbb8f65/screenshot - {}
RESULT: {"script":"<script> [1562 bytes]","args":[{"selector":{"controlType":"sap.ui.core.Icon","viewName":"etm.portal.ui.ruinventorylist.view.Master","viewId":"application-ruinventorylist-display-component---Master","properties":{"src":{"regex":{"source":"value\\-help"}}},"searchOpenDialogs":true,"ancestor":{"controlType":"sap.m.ColumnListItem","viewName":"etm.portal.ui.ruinventorylist.view.Master","viewId":"application-ruinventorylist-display-component---Master","bindingPath":{"modelName":"additionalRequiredFields","path":"/currentCharacteristics/0"},"ancestor":{"id":"application-ruinventorylist-display-component---Master--splitCharacteristicsTable","searchOpenDialogs":true}}},"wdio_ui5_key":"etmportal.ui.ruinventorylist.view.Mastersap.ui.core.Icon{\"src\":{\"regex\":{\"source\":\"value\\\\-help\"}}}{\"controlType\":\"sap.m.ColumnListItem\",\"viewName\":\"etm.portal.ui.ruinventorylist.view.Master\",\"viewId\":\"application-ruinventorylist-display-component---Master\",\"bindingPath\":{\"modelName\":\"additionalRequiredFields\",\"path\":\"/currentCharacteristics/0\"},\"ancestor\":{\"id\":\"application-ruinventorylist-display-component---Master--splitCharacteristicsTable\",\"searchOpenDialogs\":true}}"}]}
RESULT: undefined
COMMAND: POST /session/77abbfc580afea80ae68b1163cbb8f65/element - {"using":"xpath","value":"//*[@id=\"__help4-application-ruinventorylist-display-component---Master--splitCharacteristicsTable-0-vhi\"]"}
RESULT: {}
RESULT: {"using":"xpath","value":"//*[@id=\"__help4-application-ruinventorylist-display-component---Master--splitCharacteristicsTable-0-vhi\"]"}
COMMAND: POST /session/77abbfc580afea80ae68b1163cbb8f65/element/f.6EC90BF5C139C34AB260ED37772EC165.d.49BCD19B64CC75BB488199E21E1F84AF.e.4678/click - {}
RESULT: {}
COMMAND: POST /session/77abbfc580afea80ae68b1163cbb8f65/element - {"using":"xpath","value":"(//input[contains(@aria-label ,\"Search\")])[1]"}
COMMAND: GET /session/77abbfc580afea80ae68b1163cbb8f65/screenshot - {}
RESULT: {"using":"xpath","value":"(//input[contains(@aria-label ,\"Search\")])[1]"}
COMMAND: POST /session/77abbfc580afea80ae68b1163cbb8f65/element/f.6EC90BF5C139C34AB260ED37772EC165.d.49BCD19B64CC75BB488199E21E1F84AF.e.4680/clear - {}
RESULT: {}
RESULT: {}
COMMAND: POST /session/77abbfc580afea80ae68b1163cbb8f65/element/f.6EC90BF5C139C34AB260ED37772EC165.d.49BCD19B64CC75BB488199E21E1F84AF.e.4680/value - {"text":"10001010"}
COMMAND: GET /session/77abbfc580afea80ae68b1163cbb8f65/screenshot - {}
RESULT: {"text":"10001010"}
COMMAND: POST /session/77abbfc580afea80ae68b1163cbb8f65/actions - {"actions":[{"id":"action30","type":"key","parameters":{},"actions":[{"type":"keyDown","value":""},{"type":"pause","duration":10},{"type":"keyUp","value":""}]}]}
COMMAND: GET /session/77abbfc580afea80ae68b1163cbb8f65/screenshot - {}
RESULT: {}
RESULT: {"actions":[{"id":"action30","type":"key","parameters":{},"actions":[{"type":"keyDown","value":""},{"type":"pause","duration":10},{"type":"keyUp","value":""}]}]}
COMMAND: GET /session/77abbfc580afea80ae68b1163cbb8f65/screenshot - {}
RESULT: {}
RESULT: {}
COMMAND: POST /session/77abbfc580afea80ae68b1163cbb8f65/element - {"using":"xpath","value":"(//span[contains(text(), \"Purchasing\")])[1]"}
RESULT: {"using":"xpath","value":"(//span[contains(text(), \"Purchasing\")])[1]"}
COMMAND: POST /session/77abbfc580afea80ae68b1163cbb8f65/element/f.6EC90BF5C139C34AB260ED37772EC165.d.49BCD19B64CC75BB488199E21E1F84AF.e.4717/click - {}
RESULT: {}
COMMAND: GET /session/77abbfc580afea80ae68b1163cbb8f65/screenshot - {}
RESULT: {}
COMMAND: POST /session/77abbfc580afea80ae68b1163cbb8f65/element - {"using":"xpath","value":"//span[contains(@id ,\"ok-content\")]"}
RESULT: {"using":"xpath","value":"//span[contains(@id ,\"ok-content\")]"}
COMMAND: POST /session/77abbfc580afea80ae68b1163cbb8f65/element/f.6EC90BF5C139C34AB260ED37772EC165.d.49BCD19B64CC75BB488199E21E1F84AF.e.4718/click - {}
RESULT: {}
COMMAND: GET /session/77abbfc580afea80ae68b1163cbb8f65/screenshot - {}
RESULT: {}
COMMAND: POST /session/77abbfc580afea80ae68b1163cbb8f65/element - {"using":"xpath","value":"//bdi[contains(text(), \"Save\")]"}
RESULT: {"using":"xpath","value":"//bdi[contains(text(), \"Save\")]"}
COMMAND: POST /session/77abbfc580afea80ae68b1163cbb8f65/element/f.6EC90BF5C139C34AB260ED37772EC165.d.49BCD19B64CC75BB488199E21E1F84AF.e.4721/click - {}
RESULT: {}
COMMAND: GET /session/77abbfc580afea80ae68b1163cbb8f65/screenshot - {}
RESULT: {}
COMMAND: POST /session/77abbfc580afea80ae68b1163cbb8f65/element - {"using":"xpath","value":"//bdi[contains(text(), \"OK\")]"}
RESULT: {"using":"xpath","value":"//bdi[contains(text(), \"OK\")]"}
COMMAND: POST /session/77abbfc580afea80ae68b1163cbb8f65/element/f.6EC90BF5C139C34AB260ED37772EC165.d.49BCD19B64CC75BB488199E21E1F84AF.e.4723/click - {}
RESULT: {}
COMMAND: GET /session/77abbfc580afea80ae68b1163cbb8f65/screenshot - {}
RESULT: {}
COMMAND: POST /session/77abbfc580afea80ae68b1163cbb8f65/actions - {"actions":[{"id":"action31","type":"key","parameters":{},"actions":[{"type":"keyDown","value":""},{"type":"pause","duration":10},{"type":"keyUp","value":""}]}]}
RESULT: {"actions":[{"id":"action31","type":"key","parameters":{},"actions":[{"type":"keyDown","value":""},{"type":"pause","duration":10},{"type":"keyUp","value":""}]}]}
COMMAND: GET /session/77abbfc580afea80ae68b1163cbb8f65/screenshot - {}
RESULT: {}
COMMAND: POST /session/77abbfc580afea80ae68b1163cbb8f65/execute/async - {"script":"<script> [1562 bytes]","args":[{"selector":{"controlType":"sap.m.Title","viewName":"etm.portal.ui.managecontracts.view.Detail","properties":{"text":"Contract Items (1)"}},"wdio_ui5_key":"etmportal.ui.managecontracts.view.Detailsap.m.Title{\"text\":\"Contract Items (1)\"}"}]}
RESULT: {"script":"<script> [1562 bytes]","args":[{"selector":{"controlType":"sap.m.Title","viewName":"etm.portal.ui.managecontracts.view.Detail","properties":{"text":"Contract Items (1)"}},"wdio_ui5_key":"etmportal.ui.managecontracts.view.Detailsap.m.Title{\"text\":\"Contract Items (1)\"}"}]}
RESULT: undefined
COMMAND: POST /session/77abbfc580afea80ae68b1163cbb8f65/execute/async - {"script":"<script> [6424 bytes]","args":[{"element-6066-11e4-a52e-4f735466cecf":"f.6EC90BF5C139C34AB260ED37772EC165.d.49BCD19B64CC75BB488199E21E1F84AF.e.4968"},"getText",[]]}
RESULT: {"script":"<script> [6424 bytes]","args":[{"element-6066-11e4-a52e-4f735466cecf":"f.6EC90BF5C139C34AB260ED37772EC165.d.49BCD19B64CC75BB488199E21E1F84AF.e.4968"},"getText",[]]}
COMMAND: POST /session/77abbfc580afea80ae68b1163cbb8f65/element - {"using":"xpath","value":"//div[contains(@data-kt ,\"characteristicsObjectStatus\")]"}
RESULT: {"using":"xpath","value":"//div[contains(@data-kt ,\"characteristicsObjectStatus\")]"}
COMMAND: POST /session/77abbfc580afea80ae68b1163cbb8f65/element/f.6EC90BF5C139C34AB260ED37772EC165.d.49BCD19B64CC75BB488199E21E1F84AF.e.4969/click - {}
RESULT: {}
COMMAND: GET /session/77abbfc580afea80ae68b1163cbb8f65/screenshot - {}
RESULT: {}
COMMAND: POST /session/77abbfc580afea80ae68b1163cbb8f65/element - {"using":"xpath","value":"(//input[contains(@class ,\"sapMInputBaseInner sapMComboBoxInner\")])[2]"}
RESULT: {"using":"xpath","value":"(//input[contains(@class ,\"sapMInputBaseInner sapMComboBoxInner\")])[2]"}
COMMAND: GET /session/77abbfc580afea80ae68b1163cbb8f65/element/f.6EC90BF5C139C34AB260ED37772EC165.d.49BCD19B64CC75BB488199E21E1F84AF.e.4973/property/value - {}
RESULT: {}
COMMAND: POST /session/77abbfc580afea80ae68b1163cbb8f65/element - {"using":"xpath","value":"//span[contains(text(), \"Input (10001010) 10001010 - Purchasing\")]"}
COMMAND: GET /session/77abbfc580afea80ae68b1163cbb8f65/screenshot - {}
RESULT: {}
RESULT: {"using":"xpath","value":"//span[contains(text(), \"Input (10001010) 10001010 - Purchasing\")]"}
COMMAND: POST /session/77abbfc580afea80ae68b1163cbb8f65/elements - {"using":"xpath","value":"//span[contains(text(), \"Input (10001010) 10001010 - Purchasing\")]"}
RESULT: {"using":"xpath","value":"//span[contains(text(), \"Input (10001010) 10001010 - Purchasing\")]"}
COMMAND: POST /session/77abbfc580afea80ae68b1163cbb8f65/elements - {"using":"xpath","value":"//span[contains(text(), \"Input (10001010) 10001010 - Purchasing\")]"}
RESULT: {"using":"xpath","value":"//span[contains(text(), \"Input (10001010) 10001010 - Purchasing\")]"}
COMMAND: POST /session/77abbfc580afea80ae68b1163cbb8f65/elements - {"using":"xpath","value":"//span[contains(text(), \"Input (10001010) 10001010 - Purchasing\")]"}
RESULT: {"using":"xpath","value":"//span[contains(text(), \"Input (10001010) 10001010 - Purchasing\")]"}
COMMAND: POST /session/77abbfc580afea80ae68b1163cbb8f65/elements - {"using":"xpath","value":"//span[contains(text(), \"Input (10001010) 10001010 - Purchasing\")]"}
RESULT: {"using":"xpath","value":"//span[contains(text(), \"Input (10001010) 10001010 - Purchasing\")]"}
COMMAND: POST /session/77abbfc580afea80ae68b1163cbb8f65/elements - {"using":"xpath","value":"//span[contains(text(), \"Input (10001010) 10001010 - Purchasing\")]"}
RESULT: {"using":"xpath","value":"//span[contains(text(), \"Input (10001010) 10001010 - Purchasing\")]"}
COMMAND: POST /session/77abbfc580afea80ae68b1163cbb8f65/elements - {"using":"xpath","value":"//span[contains(text(), \"Input (10001010) 10001010 - Purchasing\")]"}
RESULT: {"using":"xpath","value":"//span[contains(text(), \"Input (10001010) 10001010 - Purchasing\")]"}
COMMAND: POST /session/77abbfc580afea80ae68b1163cbb8f65/elements - {"using":"xpath","value":"//span[contains(text(), \"Input (10001010) 10001010 - Purchasing\")]"}
RESULT: {"using":"xpath","value":"//span[contains(text(), \"Input (10001010) 10001010 - Purchasing\")]"}
COMMAND: POST /session/77abbfc580afea80ae68b1163cbb8f65/elements - {"using":"xpath","value":"//span[contains(text(), \"Input (10001010) 10001010 - Purchasing\")]"}
RESULT: {"using":"xpath","value":"//span[contains(text(), \"Input (10001010) 10001010 - Purchasing\")]"}
COMMAND: POST /session/77abbfc580afea80ae68b1163cbb8f65/elements - {"using":"xpath","value":"//span[contains(text(), \"Input (10001010) 10001010 - Purchasing\")]"}
RESULT: {"using":"xpath","value":"//span[contains(text(), \"Input (10001010) 10001010 - Purchasing\")]"}
COMMAND: POST /session/77abbfc580afea80ae68b1163cbb8f65/elements - {"using":"xpath","value":"//span[contains(text(), \"Input (10001010) 10001010 - Purchasing\")]"}
RESULT: {"using":"xpath","value":"//span[contains(text(), \"Input (10001010) 10001010 - Purchasing\")]"}
COMMAND: POST /session/77abbfc580afea80ae68b1163cbb8f65/elements - {"using":"xpath","value":"//span[contains(text(), \"Input (10001010) 10001010 - Purchasing\")]"}
RESULT: {"using":"xpath","value":"//span[contains(text(), \"Input (10001010) 10001010 - Purchasing\")]"}
COMMAND: POST /session/77abbfc580afea80ae68b1163cbb8f65/elements - {"using":"xpath","value":"//span[contains(text(), \"Input (10001010) 10001010 - Purchasing\")]"}
RESULT: {"using":"xpath","value":"//span[contains(text(), \"Input (10001010) 10001010 - Purchasing\")]"}
COMMAND: POST /session/77abbfc580afea80ae68b1163cbb8f65/elements - {"using":"xpath","value":"//span[contains(text(), \"Input (10001010) 10001010 - Purchasing\")]"}
RESULT: {"using":"xpath","value":"//span[contains(text(), \"Input (10001010) 10001010 - Purchasing\")]"}
COMMAND: POST /session/77abbfc580afea80ae68b1163cbb8f65/elements - {"using":"xpath","value":"//span[contains(text(), \"Input (10001010) 10001010 - Purchasing\")]"}
RESULT: {"using":"xpath","value":"//span[contains(text(), \"Input (10001010) 10001010 - Purchasing\")]"}
COMMAND: POST /session/77abbfc580afea80ae68b1163cbb8f65/elements - {"using":"xpath","value":"//span[contains(text(), \"Input (10001010) 10001010 - Purchasing\")]"}
RESULT: {"using":"xpath","value":"//span[contains(text(), \"Input (10001010) 10001010 - Purchasing\")]"}
COMMAND: POST /session/77abbfc580afea80ae68b1163cbb8f65/elements - {"using":"xpath","value":"//span[contains(text(), \"Input (10001010) 10001010 - Purchasing\")]"}
RESULT: {"using":"xpath","value":"//span[contains(text(), \"Input (10001010) 10001010 - Purchasing\")]"}
COMMAND: POST /session/77abbfc580afea80ae68b1163cbb8f65/elements - {"using":"xpath","value":"//span[contains(text(), \"Input (10001010) 10001010 - Purchasing\")]"}
RESULT: {"using":"xpath","value":"//span[contains(text(), \"Input (10001010) 10001010 - Purchasing\")]"}
COMMAND: POST /session/77abbfc580afea80ae68b1163cbb8f65/elements - {"using":"xpath","value":"//span[contains(text(), \"Input (10001010) 10001010 - Purchasing\")]"}
RESULT: {"using":"xpath","value":"//span[contains(text(), \"Input (10001010) 10001010 - Purchasing\")]"}
COMMAND: POST /session/77abbfc580afea80ae68b1163cbb8f65/elements - {"using":"xpath","value":"//span[contains(text(), \"Input (10001010) 10001010 - Purchasing\")]"}
RESULT: {"using":"xpath","value":"//span[contains(text(), \"Input (10001010) 10001010 - Purchasing\")]"}
COMMAND: DELETE /session/77abbfc580afea80ae68b1163cbb8f65 - {}
COMMAND: POST /session/77abbfc580afea80ae68b1163cbb8f65/elements - {"using":"xpath","value":"//span[contains(text(), \"Input (10001010) 10001010 - Purchasing\")]"}
RESULT: {}
]]></system-out>
    </testcase>
  </testsuite>
</testsuites>