<?xml version="1.0" encoding="UTF-8"?>
<testsuites tests="3" failures="0" errors="0" skipped="0">
  <testsuite timestamp="2025-05-14T18:00:15" time="233.981" tests="3" failures="0" errors="0" skipped="0">
    <properties>
      <property name="specId" value="0" />
      <property name="suiteName" value="Address Management Tests US151165 US151160" />
      <property name="capabilities" value="chrome.136_0_7103_49.windows" />
      <property name="file" value="file:///D:/a/1/s/test/specs/BTS/address-management.spec.js" />
    </properties>
    <testcase classname="chrome.136_0_7103_49.windows.Address_Management_Tests_US151165_US151160" name="Step 1 Will check existence of address created with generated name if none then we create" time="77.731">
      <system-out><![CDATA[
COMMAND: POST /session/21564250a1c76f351ec87609c9fa5ad2/execute/async - {"script":"<script> [1562 bytes]","args":[{"selector":{"controlType":"sap.m.GenericTile","properties":{"header":"Address Management"}},"wdio_ui5_key":"sapm.GenericTile{\"header\":\"Address Management\"}"}]}
RESULT: {"script":"<script> [1562 bytes]","args":[{"selector":{"controlType":"sap.m.GenericTile","properties":{"header":"Address Management"}},"wdio_ui5_key":"sapm.GenericTile{\"header\":\"Address Management\"}"}]}
RESULT: undefined
COMMAND: POST /session/21564250a1c76f351ec87609c9fa5ad2/element - {"using":"xpath","value":"//*[@id=\"__tile33\"]"}
RESULT: {"using":"xpath","value":"//*[@id=\"__tile33\"]"}
COMMAND: POST /session/21564250a1c76f351ec87609c9fa5ad2/element/f.C55B33078B2D516364751668243FA1E8.d.C90AD39415FC83A342D8AF076154BBEE.e.203/click - {}
RESULT: {}
COMMAND: GET /session/21564250a1c76f351ec87609c9fa5ad2/screenshot - {}
RESULT: {}
COMMAND: POST /session/21564250a1c76f351ec87609c9fa5ad2/elements - {"using":"xpath","value":"//span[text()='Error']"}
RESULT: {"using":"xpath","value":"//span[text()='Error']"}
COMMAND: POST /session/21564250a1c76f351ec87609c9fa5ad2/element - {"using":"xpath","value":"//button[@data-kt=\"addButton\"]"}
RESULT: {"using":"xpath","value":"//button[@data-kt=\"addButton\"]"}
COMMAND: POST /session/21564250a1c76f351ec87609c9fa5ad2/elements - {"using":"xpath","value":"//button[@data-kt=\"addButton\"]"}
RESULT: {"using":"xpath","value":"//button[@data-kt=\"addButton\"]"}
COMMAND: POST /session/21564250a1c76f351ec87609c9fa5ad2/elements - {"using":"xpath","value":"//button[@data-kt=\"addButton\"]"}
RESULT: {"using":"xpath","value":"//button[@data-kt=\"addButton\"]"}
COMMAND: POST /session/21564250a1c76f351ec87609c9fa5ad2/elements - {"using":"xpath","value":"//button[@data-kt=\"addButton\"]"}
RESULT: {"using":"xpath","value":"//button[@data-kt=\"addButton\"]"}
COMMAND: POST /session/21564250a1c76f351ec87609c9fa5ad2/elements - {"using":"xpath","value":"//button[@data-kt=\"addButton\"]"}
RESULT: {"using":"xpath","value":"//button[@data-kt=\"addButton\"]"}
COMMAND: POST /session/21564250a1c76f351ec87609c9fa5ad2/elements - {"using":"xpath","value":"//button[@data-kt=\"addButton\"]"}
RESULT: {"using":"xpath","value":"//button[@data-kt=\"addButton\"]"}
COMMAND: POST /session/21564250a1c76f351ec87609c9fa5ad2/elements - {"using":"xpath","value":"//button[@data-kt=\"addButton\"]"}
RESULT: {"using":"xpath","value":"//button[@data-kt=\"addButton\"]"}
COMMAND: POST /session/21564250a1c76f351ec87609c9fa5ad2/elements - {"using":"xpath","value":"//button[@data-kt=\"addButton\"]"}
RESULT: {"using":"xpath","value":"//button[@data-kt=\"addButton\"]"}
COMMAND: POST /session/21564250a1c76f351ec87609c9fa5ad2/elements - {"using":"xpath","value":"//button[@data-kt=\"addButton\"]"}
RESULT: {"using":"xpath","value":"//button[@data-kt=\"addButton\"]"}
COMMAND: POST /session/21564250a1c76f351ec87609c9fa5ad2/elements - {"using":"xpath","value":"//button[@data-kt=\"addButton\"]"}
RESULT: {"using":"xpath","value":"//button[@data-kt=\"addButton\"]"}
COMMAND: POST /session/21564250a1c76f351ec87609c9fa5ad2/elements - {"using":"xpath","value":"//button[@data-kt=\"addButton\"]"}
RESULT: {"using":"xpath","value":"//button[@data-kt=\"addButton\"]"}
COMMAND: POST /session/21564250a1c76f351ec87609c9fa5ad2/elements - {"using":"xpath","value":"//button[@data-kt=\"addButton\"]"}
RESULT: {"using":"xpath","value":"//button[@data-kt=\"addButton\"]"}
COMMAND: POST /session/21564250a1c76f351ec87609c9fa5ad2/elements - {"using":"xpath","value":"//button[@data-kt=\"addButton\"]"}
RESULT: {"using":"xpath","value":"//button[@data-kt=\"addButton\"]"}
COMMAND: POST /session/21564250a1c76f351ec87609c9fa5ad2/elements - {"using":"xpath","value":"//button[@data-kt=\"addButton\"]"}
RESULT: {"using":"xpath","value":"//button[@data-kt=\"addButton\"]"}
COMMAND: POST /session/21564250a1c76f351ec87609c9fa5ad2/elements - {"using":"xpath","value":"//button[@data-kt=\"addButton\"]"}
RESULT: {"using":"xpath","value":"//button[@data-kt=\"addButton\"]"}
COMMAND: POST /session/21564250a1c76f351ec87609c9fa5ad2/elements - {"using":"xpath","value":"//button[@data-kt=\"addButton\"]"}
RESULT: {"using":"xpath","value":"//button[@data-kt=\"addButton\"]"}
COMMAND: POST /session/21564250a1c76f351ec87609c9fa5ad2/elements - {"using":"xpath","value":"//button[@data-kt=\"addButton\"]"}
RESULT: {"using":"xpath","value":"//button[@data-kt=\"addButton\"]"}
COMMAND: POST /session/21564250a1c76f351ec87609c9fa5ad2/elements - {"using":"xpath","value":"//button[@data-kt=\"addButton\"]"}
RESULT: {"using":"xpath","value":"//button[@data-kt=\"addButton\"]"}
COMMAND: POST /session/21564250a1c76f351ec87609c9fa5ad2/elements - {"using":"xpath","value":"//button[@data-kt=\"addButton\"]"}
RESULT: {"using":"xpath","value":"//button[@data-kt=\"addButton\"]"}
COMMAND: POST /session/21564250a1c76f351ec87609c9fa5ad2/elements - {"using":"xpath","value":"//button[@data-kt=\"addButton\"]"}
RESULT: {"using":"xpath","value":"//button[@data-kt=\"addButton\"]"}
COMMAND: POST /session/21564250a1c76f351ec87609c9fa5ad2/elements - {"using":"xpath","value":"//button[@data-kt=\"addButton\"]"}
RESULT: {"using":"xpath","value":"//button[@data-kt=\"addButton\"]"}
COMMAND: POST /session/21564250a1c76f351ec87609c9fa5ad2/elements - {"using":"xpath","value":"//button[@data-kt=\"addButton\"]"}
RESULT: {"using":"xpath","value":"//button[@data-kt=\"addButton\"]"}
COMMAND: POST /session/21564250a1c76f351ec87609c9fa5ad2/elements - {"using":"xpath","value":"//button[@data-kt=\"addButton\"]"}
RESULT: {"using":"xpath","value":"//button[@data-kt=\"addButton\"]"}
COMMAND: POST /session/21564250a1c76f351ec87609c9fa5ad2/elements - {"using":"xpath","value":"//button[@data-kt=\"addButton\"]"}
RESULT: {"using":"xpath","value":"//button[@data-kt=\"addButton\"]"}
COMMAND: POST /session/21564250a1c76f351ec87609c9fa5ad2/element - {"using":"xpath","value":"//button[@data-kt=\"addButton\"]"}
RESULT: {"using":"xpath","value":"//button[@data-kt=\"addButton\"]"}
COMMAND: POST /session/21564250a1c76f351ec87609c9fa5ad2/execute/sync - {"script":"<script> [8489 bytes]","args":[{"element-6066-11e4-a52e-4f735466cecf":"f.C55B33078B2D516364751668243FA1E8.d.C90AD39415FC83A342D8AF076154BBEE.e.292","ELEMENT":"f.C55B33078B2D516364751668243FA1E8.d.C90AD39415FC83A342D8AF076154BBEE.e.292"}]}
RESULT: {"script":"<script> [8489 bytes]","args":[{"element-6066-11e4-a52e-4f735466cecf":"f.C55B33078B2D516364751668243FA1E8.d.C90AD39415FC83A342D8AF076154BBEE.e.292","ELEMENT":"f.C55B33078B2D516364751668243FA1E8.d.C90AD39415FC83A342D8AF076154BBEE.e.292"}]}
COMMAND: GET /session/21564250a1c76f351ec87609c9fa5ad2/element/f.C55B33078B2D516364751668243FA1E8.d.C90AD39415FC83A342D8AF076154BBEE.e.292/enabled - {}
COMMAND: GET /session/21564250a1c76f351ec87609c9fa5ad2/screenshot - {}
RESULT: {}
COMMAND: POST /session/21564250a1c76f351ec87609c9fa5ad2/execute/sync - {"script":"<script> [8489 bytes]","args":[{"element-6066-11e4-a52e-4f735466cecf":"f.C55B33078B2D516364751668243FA1E8.d.C90AD39415FC83A342D8AF076154BBEE.e.292","ELEMENT":"f.C55B33078B2D516364751668243FA1E8.d.C90AD39415FC83A342D8AF076154BBEE.e.292"}]}
COMMAND: GET /session/21564250a1c76f351ec87609c9fa5ad2/screenshot - {}
RESULT: {}
RESULT: {"script":"<script> [8489 bytes]","args":[{"element-6066-11e4-a52e-4f735466cecf":"f.C55B33078B2D516364751668243FA1E8.d.C90AD39415FC83A342D8AF076154BBEE.e.292","ELEMENT":"f.C55B33078B2D516364751668243FA1E8.d.C90AD39415FC83A342D8AF076154BBEE.e.292"}]}
COMMAND: POST /session/21564250a1c76f351ec87609c9fa5ad2/execute/sync - {"script":"<script> [5351 bytes]","args":[{"element-6066-11e4-a52e-4f735466cecf":"f.C55B33078B2D516364751668243FA1E8.d.C90AD39415FC83A342D8AF076154BBEE.e.292","ELEMENT":"f.C55B33078B2D516364751668243FA1E8.d.C90AD39415FC83A342D8AF076154BBEE.e.292"}]}
COMMAND: GET /session/21564250a1c76f351ec87609c9fa5ad2/screenshot - {}
RESULT: {}
RESULT: {"script":"<script> [5351 bytes]","args":[{"element-6066-11e4-a52e-4f735466cecf":"f.C55B33078B2D516364751668243FA1E8.d.C90AD39415FC83A342D8AF076154BBEE.e.292","ELEMENT":"f.C55B33078B2D516364751668243FA1E8.d.C90AD39415FC83A342D8AF076154BBEE.e.292"}]}
COMMAND: GET /session/21564250a1c76f351ec87609c9fa5ad2/screenshot - {}
RESULT: {}
RESULT: {}
COMMAND: POST /session/21564250a1c76f351ec87609c9fa5ad2/execute/async - {"script":"<script> [1562 bytes]","args":[{"selector":{"id":"application-addressmanagement-display-component---masterAdm--smartFilterBar-btnBasicSearch","interaction":{"idSuffix":"I"}},"wdio_ui5_key":"applicationaddressmanagement-display-component---masterAdm--smartFilterBar-btnBasicSearch"}]}
RESULT: {"script":"<script> [1562 bytes]","args":[{"selector":{"id":"application-addressmanagement-display-component---masterAdm--smartFilterBar-btnBasicSearch","interaction":{"idSuffix":"I"}},"wdio_ui5_key":"applicationaddressmanagement-display-component---masterAdm--smartFilterBar-btnBasicSearch"}]}
RESULT: undefined
COMMAND: POST /session/21564250a1c76f351ec87609c9fa5ad2/execute/async - {"script":"<script> [776 bytes]","args":[{"enterText":"7zmIE4Njnk","selector":{"id":"application-addressmanagement-display-component---masterAdm--smartFilterBar-btnBasicSearch","interaction":{"idSuffix":"I"}},"clearTextFirst":true,"interactionType":"ENTER_TEXT"}]}
RESULT: {"script":"<script> [776 bytes]","args":[{"enterText":"7zmIE4Njnk","selector":{"id":"application-addressmanagement-display-component---masterAdm--smartFilterBar-btnBasicSearch","interaction":{"idSuffix":"I"}},"clearTextFirst":true,"interactionType":"ENTER_TEXT"}]}
COMMAND: POST /session/21564250a1c76f351ec87609c9fa5ad2/actions - {"actions":[{"id":"action1","type":"key","parameters":{},"actions":[{"type":"keyDown","value":"î€‡"},{"type":"pause","duration":10},{"type":"keyUp","value":"î€‡"}]}]}
RESULT: {"actions":[{"id":"action1","type":"key","parameters":{},"actions":[{"type":"keyDown","value":"î€‡"},{"type":"pause","duration":10},{"type":"keyUp","value":"î€‡"}]}]}
COMMAND: GET /session/21564250a1c76f351ec87609c9fa5ad2/screenshot - {}
RESULT: {}
COMMAND: POST /session/21564250a1c76f351ec87609c9fa5ad2/elements - {"using":"xpath","value":"//table[contains(@id, \"customPersonsAddressesTable-listUl\")]/tbody/tr"}
RESULT: {"using":"xpath","value":"//table[contains(@id, \"customPersonsAddressesTable-listUl\")]/tbody/tr"}
COMMAND: POST /session/21564250a1c76f351ec87609c9fa5ad2/element - {"using":"xpath","value":"//table[contains(@id, \"customPersonsAddressesTable-listUl\")]/tbody/tr[1]/td[5]/span/span"}
RESULT: {"using":"xpath","value":"//table[contains(@id, \"customPersonsAddressesTable-listUl\")]/tbody/tr[1]/td[5]/span/span"}
COMMAND: POST /session/21564250a1c76f351ec87609c9fa5ad2/element - {"using":"xpath","value":"//table[contains(@id, \"customPersonsAddressesTable-listUl\")]/tbody/tr[1]/td[3]/span"}
RESULT: {"using":"xpath","value":"//table[contains(@id, \"customPersonsAddressesTable-listUl\")]/tbody/tr[1]/td[3]/span"}
COMMAND: POST /session/21564250a1c76f351ec87609c9fa5ad2/elements - {"using":"xpath","value":"//table[contains(@id, \"customPersonsAddressesTable-listUl\")]/tbody/tr[1]/td[5]/span/span"}
RESULT: {"using":"xpath","value":"//table[contains(@id, \"customPersonsAddressesTable-listUl\")]/tbody/tr[1]/td[5]/span/span"}
COMMAND: POST /session/21564250a1c76f351ec87609c9fa5ad2/element - {"using":"xpath","value":"//span[@id=\"application-addressmanagement-display-component---masterAdm--smartTable-header-inner\"]"}
RESULT: {"using":"xpath","value":"//span[@id=\"application-addressmanagement-display-component---masterAdm--smartTable-header-inner\"]"}
COMMAND: POST /session/21564250a1c76f351ec87609c9fa5ad2/elements - {"using":"xpath","value":"//span[@id=\"application-addressmanagement-display-component---masterAdm--smartTable-header-inner\"]"}
RESULT: {"using":"xpath","value":"//span[@id=\"application-addressmanagement-display-component---masterAdm--smartTable-header-inner\"]"}
COMMAND: POST /session/21564250a1c76f351ec87609c9fa5ad2/execute/sync - {"script":"<script> [56 bytes]","args":[{"element-6066-11e4-a52e-4f735466cecf":"f.C55B33078B2D516364751668243FA1E8.d.C90AD39415FC83A342D8AF076154BBEE.e.434","ELEMENT":"f.C55B33078B2D516364751668243FA1E8.d.C90AD39415FC83A342D8AF076154BBEE.e.434"}]}
RESULT: {"script":"<script> [56 bytes]","args":[{"element-6066-11e4-a52e-4f735466cecf":"f.C55B33078B2D516364751668243FA1E8.d.C90AD39415FC83A342D8AF076154BBEE.e.434","ELEMENT":"f.C55B33078B2D516364751668243FA1E8.d.C90AD39415FC83A342D8AF076154BBEE.e.434"}]}
COMMAND: POST /session/21564250a1c76f351ec87609c9fa5ad2/element - {"using":"xpath","value":"//button[@data-kt=\"addButton\"]"}
COMMAND: GET /session/21564250a1c76f351ec87609c9fa5ad2/screenshot - {}
RESULT: {"using":"xpath","value":"//button[@data-kt=\"addButton\"]"}
COMMAND: POST /session/21564250a1c76f351ec87609c9fa5ad2/element/f.C55B33078B2D516364751668243FA1E8.d.C90AD39415FC83A342D8AF076154BBEE.e.292/click - {}
RESULT: {}
RESULT: {}
COMMAND: GET /session/21564250a1c76f351ec87609c9fa5ad2/screenshot - {}
RESULT: {}
COMMAND: POST /session/21564250a1c76f351ec87609c9fa5ad2/execute/async - {"script":"<script> [1562 bytes]","args":[{"selector":{"controlType":"sap.ui.core.Icon","viewName":"etm.portal.ui.addressmanagement.view.NewAddress","properties":{"src":{"regex":{"source":"slim\\-arrow\\-down"}}},"ancestor":{"id":"addressTitle","viewName":"etm.portal.ui.addressmanagement.view.NewAddress"}},"wdio_ui5_key":"etmportal.ui.addressmanagement.view.NewAddresssap.ui.core.Icon{\"src\":{\"regex\":{\"source\":\"slim\\\\-arrow\\\\-down\"}}}{\"id\":\"addressTitle\",\"viewName\":\"etm.portal.ui.addressmanagement.view.NewAddress\"}"}]}
RESULT: {"script":"<script> [1562 bytes]","args":[{"selector":{"controlType":"sap.ui.core.Icon","viewName":"etm.portal.ui.addressmanagement.view.NewAddress","properties":{"src":{"regex":{"source":"slim\\-arrow\\-down"}}},"ancestor":{"id":"addressTitle","viewName":"etm.portal.ui.addressmanagement.view.NewAddress"}},"wdio_ui5_key":"etmportal.ui.addressmanagement.view.NewAddresssap.ui.core.Icon{\"src\":{\"regex\":{\"source\":\"slim\\\\-arrow\\\\-down\"}}}{\"id\":\"addressTitle\",\"viewName\":\"etm.portal.ui.addressmanagement.view.NewAddress\"}"}]}
RESULT: undefined
COMMAND: POST /session/21564250a1c76f351ec87609c9fa5ad2/element - {"using":"xpath","value":"//*[@id=\"__xmlview58--addressTitle-arrow\"]"}
RESULT: {"using":"xpath","value":"//*[@id=\"__xmlview58--addressTitle-arrow\"]"}
COMMAND: POST /session/21564250a1c76f351ec87609c9fa5ad2/element/f.C55B33078B2D516364751668243FA1E8.d.C90AD39415FC83A342D8AF076154BBEE.e.491/click - {}
RESULT: {}
COMMAND: GET /session/21564250a1c76f351ec87609c9fa5ad2/screenshot - {}
RESULT: {}
COMMAND: POST /session/21564250a1c76f351ec87609c9fa5ad2/element - {"using":"xpath","value":"//li[.//span[text()=\"Dr.\"]]"}
RESULT: {"using":"xpath","value":"//li[.//span[text()=\"Dr.\"]]"}
COMMAND: POST /session/21564250a1c76f351ec87609c9fa5ad2/element/f.C55B33078B2D516364751668243FA1E8.d.C90AD39415FC83A342D8AF076154BBEE.e.582/click - {}
RESULT: {}
COMMAND: POST /session/21564250a1c76f351ec87609c9fa5ad2/execute/async - {"script":"<script> [1562 bytes]","args":[{"selector":{"controlType":"sap.ui.core.Icon","viewName":"etm.portal.ui.addressmanagement.view.NewAddress","properties":{"src":{"regex":{"source":"slim\\-arrow\\-down"}}},"ancestor":{"id":"addressDetailDetailsLanguage","viewName":"etm.portal.ui.addressmanagement.view.NewAddress"}},"wdio_ui5_key":"etmportal.ui.addressmanagement.view.NewAddresssap.ui.core.Icon{\"src\":{\"regex\":{\"source\":\"slim\\\\-arrow\\\\-down\"}}}{\"id\":\"addressDetailDetailsLanguage\",\"viewName\":\"etm.portal.ui.addressmanagement.view.NewAddress\"}"}]}
COMMAND: GET /session/21564250a1c76f351ec87609c9fa5ad2/screenshot - {}
RESULT: {"script":"<script> [1562 bytes]","args":[{"selector":{"controlType":"sap.ui.core.Icon","viewName":"etm.portal.ui.addressmanagement.view.NewAddress","properties":{"src":{"regex":{"source":"slim\\-arrow\\-down"}}},"ancestor":{"id":"addressDetailDetailsLanguage","viewName":"etm.portal.ui.addressmanagement.view.NewAddress"}},"wdio_ui5_key":"etmportal.ui.addressmanagement.view.NewAddresssap.ui.core.Icon{\"src\":{\"regex\":{\"source\":\"slim\\\\-arrow\\\\-down\"}}}{\"id\":\"addressDetailDetailsLanguage\",\"viewName\":\"etm.portal.ui.addressmanagement.view.NewAddress\"}"}]}
RESULT: undefined
COMMAND: POST /session/21564250a1c76f351ec87609c9fa5ad2/element - {"using":"xpath","value":"//*[@id=\"__xmlview58--addressDetailDetailsLanguage-arrow\"]"}
RESULT: {}
RESULT: {"using":"xpath","value":"//*[@id=\"__xmlview58--addressDetailDetailsLanguage-arrow\"]"}
COMMAND: POST /session/21564250a1c76f351ec87609c9fa5ad2/element/f.C55B33078B2D516364751668243FA1E8.d.C90AD39415FC83A342D8AF076154BBEE.e.504/click - {}
RESULT: {}
COMMAND: GET /session/21564250a1c76f351ec87609c9fa5ad2/screenshot - {}
RESULT: {}
COMMAND: POST /session/21564250a1c76f351ec87609c9fa5ad2/element - {"using":"xpath","value":"//span[contains(text(), \"English\")]"}
RESULT: {"using":"xpath","value":"//span[contains(text(), \"English\")]"}
COMMAND: POST /session/21564250a1c76f351ec87609c9fa5ad2/element/f.C55B33078B2D516364751668243FA1E8.d.C90AD39415FC83A342D8AF076154BBEE.e.583/click - {}
RESULT: {}
COMMAND: POST /session/21564250a1c76f351ec87609c9fa5ad2/execute/async - {"script":"<script> [1562 bytes]","args":[{"selector":{"controlType":"sap.m.Input","viewName":"etm.portal.ui.addressmanagement.view.NewAddress","labelFor":{"text":"Name"},"interaction":{"idSuffix":"inner"}},"wdio_ui5_key":"etmportal.ui.addressmanagement.view.NewAddresssap.m.Input{\"text\":\"Name\"}"}]}
COMMAND: GET /session/21564250a1c76f351ec87609c9fa5ad2/screenshot - {}
RESULT: {"script":"<script> [1562 bytes]","args":[{"selector":{"controlType":"sap.m.Input","viewName":"etm.portal.ui.addressmanagement.view.NewAddress","labelFor":{"text":"Name"},"interaction":{"idSuffix":"inner"}},"wdio_ui5_key":"etmportal.ui.addressmanagement.view.NewAddresssap.m.Input{\"text\":\"Name\"}"}]}
RESULT: undefined
COMMAND: POST /session/21564250a1c76f351ec87609c9fa5ad2/execute/async - {"script":"<script> [776 bytes]","args":[{"enterText":"7zmIE4Njnk","selector":{"controlType":"sap.m.Input","viewName":"etm.portal.ui.addressmanagement.view.NewAddress","labelFor":{"text":"Name"},"interaction":{"idSuffix":"inner"}},"clearTextFirst":true,"interactionType":"ENTER_TEXT"}]}
RESULT: {}
RESULT: {"script":"<script> [776 bytes]","args":[{"enterText":"7zmIE4Njnk","selector":{"controlType":"sap.m.Input","viewName":"etm.portal.ui.addressmanagement.view.NewAddress","labelFor":{"text":"Name"},"interaction":{"idSuffix":"inner"}},"clearTextFirst":true,"interactionType":"ENTER_TEXT"}]}
COMMAND: POST /session/21564250a1c76f351ec87609c9fa5ad2/element - {"using":"xpath","value":"//button[@title=\"Save\"]"}
RESULT: {"using":"xpath","value":"//button[@title=\"Save\"]"}
COMMAND: POST /session/21564250a1c76f351ec87609c9fa5ad2/element/f.C55B33078B2D516364751668243FA1E8.d.C90AD39415FC83A342D8AF076154BBEE.e.558/click - {}
RESULT: {}
COMMAND: GET /session/21564250a1c76f351ec87609c9fa5ad2/screenshot - {}
RESULT: {}
COMMAND: POST /session/21564250a1c76f351ec87609c9fa5ad2/element - {"using":"xpath","value":"//header[contains(@id, \"application-addressmanagement-display-component---detailAdm--ObjectPageLayout-headerTitle\")]/div[1]/div[3]/div[2]/span"}
RESULT: {"using":"xpath","value":"//header[contains(@id, \"application-addressmanagement-display-component---detailAdm--ObjectPageLayout-headerTitle\")]/div[1]/div[3]/div[2]/span"}
COMMAND: POST /session/21564250a1c76f351ec87609c9fa5ad2/elements - {"using":"xpath","value":"//header[contains(@id, \"application-addressmanagement-display-component---detailAdm--ObjectPageLayout-headerTitle\")]/div[1]/div[3]/div[2]/span"}
RESULT: {"using":"xpath","value":"//header[contains(@id, \"application-addressmanagement-display-component---detailAdm--ObjectPageLayout-headerTitle\")]/div[1]/div[3]/div[2]/span"}
COMMAND: POST /session/21564250a1c76f351ec87609c9fa5ad2/execute/sync - {"script":"<script> [56 bytes]","args":[{"element-6066-11e4-a52e-4f735466cecf":"f.C55B33078B2D516364751668243FA1E8.d.C90AD39415FC83A342D8AF076154BBEE.e.608","ELEMENT":"f.C55B33078B2D516364751668243FA1E8.d.C90AD39415FC83A342D8AF076154BBEE.e.608"}]}
RESULT: {"script":"<script> [56 bytes]","args":[{"element-6066-11e4-a52e-4f735466cecf":"f.C55B33078B2D516364751668243FA1E8.d.C90AD39415FC83A342D8AF076154BBEE.e.608","ELEMENT":"f.C55B33078B2D516364751668243FA1E8.d.C90AD39415FC83A342D8AF076154BBEE.e.608"}]}
COMMAND: GET /session/21564250a1c76f351ec87609c9fa5ad2/screenshot - {}
RESULT: {}
COMMAND: POST /session/21564250a1c76f351ec87609c9fa5ad2/element - {"using":"css selector","value":"#shell-header-logo"}
RESULT: {"using":"css selector","value":"#shell-header-logo"}
COMMAND: POST /session/21564250a1c76f351ec87609c9fa5ad2/element/f.C55B33078B2D516364751668243FA1E8.d.C90AD39415FC83A342D8AF076154BBEE.e.255/click - {}
RESULT: {}
COMMAND: GET /session/21564250a1c76f351ec87609c9fa5ad2/screenshot - {}
RESULT: {}
]]></system-out>
    </testcase>
    <testcase classname="chrome.136_0_7103_49.windows.Address_Management_Tests_US151165_US151160" name="Step 2 Should deactivate the created address in earlier step US151165" time="44.864">
      <system-out><![CDATA[
RESULT: undefined
COMMAND: POST /session/21564250a1c76f351ec87609c9fa5ad2/element - {"using":"xpath","value":"//*[@id=\"__tile33\"]"}
RESULT: {"using":"xpath","value":"//*[@id=\"__tile33\"]"}
COMMAND: POST /session/21564250a1c76f351ec87609c9fa5ad2/element/f.C55B33078B2D516364751668243FA1E8.d.C90AD39415FC83A342D8AF076154BBEE.e.203/click - {}
RESULT: {}
COMMAND: GET /session/21564250a1c76f351ec87609c9fa5ad2/screenshot - {}
COMMAND: POST /session/21564250a1c76f351ec87609c9fa5ad2/elements - {"using":"xpath","value":"//span[text()='Error']"}
RESULT: {}
RESULT: {"using":"xpath","value":"//span[text()='Error']"}
COMMAND: POST /session/21564250a1c76f351ec87609c9fa5ad2/element - {"using":"xpath","value":"//button[@data-kt=\"addButton\"]"}
RESULT: {"using":"xpath","value":"//button[@data-kt=\"addButton\"]"}
COMMAND: POST /session/21564250a1c76f351ec87609c9fa5ad2/elements - {"using":"xpath","value":"//button[@data-kt=\"addButton\"]"}
RESULT: {"using":"xpath","value":"//button[@data-kt=\"addButton\"]"}
COMMAND: POST /session/21564250a1c76f351ec87609c9fa5ad2/execute/sync - {"script":"<script> [8489 bytes]","args":[{"element-6066-11e4-a52e-4f735466cecf":"f.C55B33078B2D516364751668243FA1E8.d.C90AD39415FC83A342D8AF076154BBEE.e.651","ELEMENT":"f.C55B33078B2D516364751668243FA1E8.d.C90AD39415FC83A342D8AF076154BBEE.e.651"}]}
RESULT: {"script":"<script> [8489 bytes]","args":[{"element-6066-11e4-a52e-4f735466cecf":"f.C55B33078B2D516364751668243FA1E8.d.C90AD39415FC83A342D8AF076154BBEE.e.651","ELEMENT":"f.C55B33078B2D516364751668243FA1E8.d.C90AD39415FC83A342D8AF076154BBEE.e.651"}]}
COMMAND: GET /session/21564250a1c76f351ec87609c9fa5ad2/element/f.C55B33078B2D516364751668243FA1E8.d.C90AD39415FC83A342D8AF076154BBEE.e.651/enabled - {}
COMMAND: GET /session/21564250a1c76f351ec87609c9fa5ad2/screenshot - {}
RESULT: {}
COMMAND: POST /session/21564250a1c76f351ec87609c9fa5ad2/execute/sync - {"script":"<script> [8489 bytes]","args":[{"element-6066-11e4-a52e-4f735466cecf":"f.C55B33078B2D516364751668243FA1E8.d.C90AD39415FC83A342D8AF076154BBEE.e.651","ELEMENT":"f.C55B33078B2D516364751668243FA1E8.d.C90AD39415FC83A342D8AF076154BBEE.e.651"}]}
COMMAND: GET /session/21564250a1c76f351ec87609c9fa5ad2/screenshot - {}
RESULT: {}
RESULT: {"script":"<script> [8489 bytes]","args":[{"element-6066-11e4-a52e-4f735466cecf":"f.C55B33078B2D516364751668243FA1E8.d.C90AD39415FC83A342D8AF076154BBEE.e.651","ELEMENT":"f.C55B33078B2D516364751668243FA1E8.d.C90AD39415FC83A342D8AF076154BBEE.e.651"}]}
COMMAND: POST /session/21564250a1c76f351ec87609c9fa5ad2/execute/sync - {"script":"<script> [5351 bytes]","args":[{"element-6066-11e4-a52e-4f735466cecf":"f.C55B33078B2D516364751668243FA1E8.d.C90AD39415FC83A342D8AF076154BBEE.e.651","ELEMENT":"f.C55B33078B2D516364751668243FA1E8.d.C90AD39415FC83A342D8AF076154BBEE.e.651"}]}
COMMAND: GET /session/21564250a1c76f351ec87609c9fa5ad2/screenshot - {}
RESULT: {}
RESULT: {"script":"<script> [5351 bytes]","args":[{"element-6066-11e4-a52e-4f735466cecf":"f.C55B33078B2D516364751668243FA1E8.d.C90AD39415FC83A342D8AF076154BBEE.e.651","ELEMENT":"f.C55B33078B2D516364751668243FA1E8.d.C90AD39415FC83A342D8AF076154BBEE.e.651"}]}
COMMAND: GET /session/21564250a1c76f351ec87609c9fa5ad2/screenshot - {}
RESULT: {}
RESULT: {}
RESULT: undefined
COMMAND: POST /session/21564250a1c76f351ec87609c9fa5ad2/execute/async - {"script":"<script> [776 bytes]","args":[{"enterText":"7zmIE4Njnk","selector":{"id":"application-addressmanagement-display-component---masterAdm--smartFilterBar-btnBasicSearch","interaction":{"idSuffix":"I"}},"clearTextFirst":true,"interactionType":"ENTER_TEXT"}]}
RESULT: {"script":"<script> [776 bytes]","args":[{"enterText":"7zmIE4Njnk","selector":{"id":"application-addressmanagement-display-component---masterAdm--smartFilterBar-btnBasicSearch","interaction":{"idSuffix":"I"}},"clearTextFirst":true,"interactionType":"ENTER_TEXT"}]}
COMMAND: POST /session/21564250a1c76f351ec87609c9fa5ad2/actions - {"actions":[{"id":"action2","type":"key","parameters":{},"actions":[{"type":"keyDown","value":"î€‡"},{"type":"pause","duration":10},{"type":"keyUp","value":"î€‡"}]}]}
RESULT: {"actions":[{"id":"action2","type":"key","parameters":{},"actions":[{"type":"keyDown","value":"î€‡"},{"type":"pause","duration":10},{"type":"keyUp","value":"î€‡"}]}]}
COMMAND: GET /session/21564250a1c76f351ec87609c9fa5ad2/screenshot - {}
RESULT: {}
COMMAND: POST /session/21564250a1c76f351ec87609c9fa5ad2/elements - {"using":"xpath","value":"//table[contains(@id, \"customPersonsAddressesTable-listUl\")]/tbody/tr"}
RESULT: {"using":"xpath","value":"//table[contains(@id, \"customPersonsAddressesTable-listUl\")]/tbody/tr"}
COMMAND: POST /session/21564250a1c76f351ec87609c9fa5ad2/element - {"using":"xpath","value":"//table[contains(@id, \"customPersonsAddressesTable-listUl\")]/tbody/tr[1]/td[5]/span/span"}
RESULT: {"using":"xpath","value":"//table[contains(@id, \"customPersonsAddressesTable-listUl\")]/tbody/tr[1]/td[5]/span/span"}
COMMAND: POST /session/21564250a1c76f351ec87609c9fa5ad2/element - {"using":"xpath","value":"//table[contains(@id, \"customPersonsAddressesTable-listUl\")]/tbody/tr[1]/td[3]/span"}
RESULT: {"using":"xpath","value":"//table[contains(@id, \"customPersonsAddressesTable-listUl\")]/tbody/tr[1]/td[3]/span"}
COMMAND: POST /session/21564250a1c76f351ec87609c9fa5ad2/elements - {"using":"xpath","value":"//table[contains(@id, \"customPersonsAddressesTable-listUl\")]/tbody/tr[1]/td[5]/span/span"}
RESULT: {"using":"xpath","value":"//table[contains(@id, \"customPersonsAddressesTable-listUl\")]/tbody/tr[1]/td[5]/span/span"}
COMMAND: POST /session/21564250a1c76f351ec87609c9fa5ad2/execute/sync - {"script":"<script> [56 bytes]","args":[{"element-6066-11e4-a52e-4f735466cecf":"f.C55B33078B2D516364751668243FA1E8.d.C90AD39415FC83A342D8AF076154BBEE.e.797","ELEMENT":"f.C55B33078B2D516364751668243FA1E8.d.C90AD39415FC83A342D8AF076154BBEE.e.797"}]}
RESULT: {"script":"<script> [56 bytes]","args":[{"element-6066-11e4-a52e-4f735466cecf":"f.C55B33078B2D516364751668243FA1E8.d.C90AD39415FC83A342D8AF076154BBEE.e.797","ELEMENT":"f.C55B33078B2D516364751668243FA1E8.d.C90AD39415FC83A342D8AF076154BBEE.e.797"}]}
COMMAND: POST /session/21564250a1c76f351ec87609c9fa5ad2/execute/sync - {"script":"<script> [56 bytes]","args":[{"element-6066-11e4-a52e-4f735466cecf":"f.C55B33078B2D516364751668243FA1E8.d.C90AD39415FC83A342D8AF076154BBEE.e.798","ELEMENT":"f.C55B33078B2D516364751668243FA1E8.d.C90AD39415FC83A342D8AF076154BBEE.e.798"}]}
COMMAND: GET /session/21564250a1c76f351ec87609c9fa5ad2/screenshot - {}
RESULT: {"script":"<script> [56 bytes]","args":[{"element-6066-11e4-a52e-4f735466cecf":"f.C55B33078B2D516364751668243FA1E8.d.C90AD39415FC83A342D8AF076154BBEE.e.798","ELEMENT":"f.C55B33078B2D516364751668243FA1E8.d.C90AD39415FC83A342D8AF076154BBEE.e.798"}]}
COMMAND: POST /session/21564250a1c76f351ec87609c9fa5ad2/element - {"using":"xpath","value":"//table[contains(@id, \"customPersonsAddressesTable-listUl\")]/tbody/tr[1]/td[10]/div/span"}
COMMAND: GET /session/21564250a1c76f351ec87609c9fa5ad2/screenshot - {}
RESULT: {}
RESULT: {"using":"xpath","value":"//table[contains(@id, \"customPersonsAddressesTable-listUl\")]/tbody/tr[1]/td[10]/div/span"}
COMMAND: POST /session/21564250a1c76f351ec87609c9fa5ad2/execute/sync - {"script":"<script> [56 bytes]","args":[{"element-6066-11e4-a52e-4f735466cecf":"f.C55B33078B2D516364751668243FA1E8.d.C90AD39415FC83A342D8AF076154BBEE.e.799","ELEMENT":"f.C55B33078B2D516364751668243FA1E8.d.C90AD39415FC83A342D8AF076154BBEE.e.799"}]}
RESULT: {}
RESULT: {"script":"<script> [56 bytes]","args":[{"element-6066-11e4-a52e-4f735466cecf":"f.C55B33078B2D516364751668243FA1E8.d.C90AD39415FC83A342D8AF076154BBEE.e.799","ELEMENT":"f.C55B33078B2D516364751668243FA1E8.d.C90AD39415FC83A342D8AF076154BBEE.e.799"}]}
COMMAND: POST /session/21564250a1c76f351ec87609c9fa5ad2/element - {"using":"xpath","value":"//table[contains(@id, \"customPersonsAddressesTable-listUl\")]/tbody/tr[1]/td[2]/div/div"}
COMMAND: GET /session/21564250a1c76f351ec87609c9fa5ad2/screenshot - {}
RESULT: {"using":"xpath","value":"//table[contains(@id, \"customPersonsAddressesTable-listUl\")]/tbody/tr[1]/td[2]/div/div"}
COMMAND: POST /session/21564250a1c76f351ec87609c9fa5ad2/element/f.C55B33078B2D516364751668243FA1E8.d.C90AD39415FC83A342D8AF076154BBEE.e.800/click - {}
RESULT: {}
RESULT: {}
COMMAND: GET /session/21564250a1c76f351ec87609c9fa5ad2/screenshot - {}
RESULT: {}
COMMAND: POST /session/21564250a1c76f351ec87609c9fa5ad2/element - {"using":"xpath","value":"//bdi[contains(text(), \"Deactivate\")]"}
RESULT: {"using":"xpath","value":"//bdi[contains(text(), \"Deactivate\")]"}
COMMAND: POST /session/21564250a1c76f351ec87609c9fa5ad2/element/f.C55B33078B2D516364751668243FA1E8.d.C90AD39415FC83A342D8AF076154BBEE.e.801/click - {}
RESULT: {}
COMMAND: GET /session/21564250a1c76f351ec87609c9fa5ad2/screenshot - {}
RESULT: {}
COMMAND: POST /session/21564250a1c76f351ec87609c9fa5ad2/element - {"using":"xpath","value":"//bdi[contains(text(), \"Yes\")]"}
RESULT: {"using":"xpath","value":"//bdi[contains(text(), \"Yes\")]"}
COMMAND: POST /session/21564250a1c76f351ec87609c9fa5ad2/element/f.C55B33078B2D516364751668243FA1E8.d.C90AD39415FC83A342D8AF076154BBEE.e.803/click - {}
RESULT: {}
COMMAND: GET /session/21564250a1c76f351ec87609c9fa5ad2/screenshot - {}
RESULT: {}
COMMAND: POST /session/21564250a1c76f351ec87609c9fa5ad2/element - {"using":"xpath","value":"//table[contains(@id, \"customPersonsAddressesTable-listUl\")]/tbody/tr[1]/td[10]/div/span"}
RESULT: {"using":"xpath","value":"//table[contains(@id, \"customPersonsAddressesTable-listUl\")]/tbody/tr[1]/td[10]/div/span"}
COMMAND: POST /session/21564250a1c76f351ec87609c9fa5ad2/execute/sync - {"script":"<script> [56 bytes]","args":[{"element-6066-11e4-a52e-4f735466cecf":"f.C55B33078B2D516364751668243FA1E8.d.C90AD39415FC83A342D8AF076154BBEE.e.799","ELEMENT":"f.C55B33078B2D516364751668243FA1E8.d.C90AD39415FC83A342D8AF076154BBEE.e.799"}]}
RESULT: {"script":"<script> [56 bytes]","args":[{"element-6066-11e4-a52e-4f735466cecf":"f.C55B33078B2D516364751668243FA1E8.d.C90AD39415FC83A342D8AF076154BBEE.e.799","ELEMENT":"f.C55B33078B2D516364751668243FA1E8.d.C90AD39415FC83A342D8AF076154BBEE.e.799"}]}
COMMAND: GET /session/21564250a1c76f351ec87609c9fa5ad2/screenshot - {}
RESULT: {}
COMMAND: POST /session/21564250a1c76f351ec87609c9fa5ad2/element - {"using":"css selector","value":"#shell-header-logo"}
RESULT: {"using":"css selector","value":"#shell-header-logo"}
COMMAND: POST /session/21564250a1c76f351ec87609c9fa5ad2/element/f.C55B33078B2D516364751668243FA1E8.d.C90AD39415FC83A342D8AF076154BBEE.e.613/click - {}
RESULT: {}
COMMAND: GET /session/21564250a1c76f351ec87609c9fa5ad2/screenshot - {}
RESULT: {}
]]></system-out>
    </testcase>
    <testcase classname="chrome.136_0_7103_49.windows.Address_Management_Tests_US151165_US151160" name="Step 3 Should activate the created address back again US151160" time="45.903">
      <system-out><![CDATA[
RESULT: undefined
COMMAND: POST /session/21564250a1c76f351ec87609c9fa5ad2/element - {"using":"xpath","value":"//*[@id=\"__tile33\"]"}
RESULT: {"using":"xpath","value":"//*[@id=\"__tile33\"]"}
COMMAND: POST /session/21564250a1c76f351ec87609c9fa5ad2/element/f.C55B33078B2D516364751668243FA1E8.d.C90AD39415FC83A342D8AF076154BBEE.e.203/click - {}
RESULT: {}
COMMAND: GET /session/21564250a1c76f351ec87609c9fa5ad2/screenshot - {}
COMMAND: POST /session/21564250a1c76f351ec87609c9fa5ad2/elements - {"using":"xpath","value":"//span[text()='Error']"}
RESULT: {}
RESULT: {"using":"xpath","value":"//span[text()='Error']"}
COMMAND: POST /session/21564250a1c76f351ec87609c9fa5ad2/element - {"using":"xpath","value":"//button[@data-kt=\"addButton\"]"}
RESULT: {"using":"xpath","value":"//button[@data-kt=\"addButton\"]"}
COMMAND: POST /session/21564250a1c76f351ec87609c9fa5ad2/elements - {"using":"xpath","value":"//button[@data-kt=\"addButton\"]"}
RESULT: {"using":"xpath","value":"//button[@data-kt=\"addButton\"]"}
COMMAND: POST /session/21564250a1c76f351ec87609c9fa5ad2/execute/sync - {"script":"<script> [8489 bytes]","args":[{"element-6066-11e4-a52e-4f735466cecf":"f.C55B33078B2D516364751668243FA1E8.d.C90AD39415FC83A342D8AF076154BBEE.e.854","ELEMENT":"f.C55B33078B2D516364751668243FA1E8.d.C90AD39415FC83A342D8AF076154BBEE.e.854"}]}
RESULT: {"script":"<script> [8489 bytes]","args":[{"element-6066-11e4-a52e-4f735466cecf":"f.C55B33078B2D516364751668243FA1E8.d.C90AD39415FC83A342D8AF076154BBEE.e.854","ELEMENT":"f.C55B33078B2D516364751668243FA1E8.d.C90AD39415FC83A342D8AF076154BBEE.e.854"}]}
COMMAND: GET /session/21564250a1c76f351ec87609c9fa5ad2/element/f.C55B33078B2D516364751668243FA1E8.d.C90AD39415FC83A342D8AF076154BBEE.e.854/enabled - {}
COMMAND: GET /session/21564250a1c76f351ec87609c9fa5ad2/screenshot - {}
RESULT: {}
COMMAND: POST /session/21564250a1c76f351ec87609c9fa5ad2/execute/sync - {"script":"<script> [8489 bytes]","args":[{"element-6066-11e4-a52e-4f735466cecf":"f.C55B33078B2D516364751668243FA1E8.d.C90AD39415FC83A342D8AF076154BBEE.e.854","ELEMENT":"f.C55B33078B2D516364751668243FA1E8.d.C90AD39415FC83A342D8AF076154BBEE.e.854"}]}
COMMAND: GET /session/21564250a1c76f351ec87609c9fa5ad2/screenshot - {}
RESULT: {}
RESULT: {"script":"<script> [8489 bytes]","args":[{"element-6066-11e4-a52e-4f735466cecf":"f.C55B33078B2D516364751668243FA1E8.d.C90AD39415FC83A342D8AF076154BBEE.e.854","ELEMENT":"f.C55B33078B2D516364751668243FA1E8.d.C90AD39415FC83A342D8AF076154BBEE.e.854"}]}
COMMAND: POST /session/21564250a1c76f351ec87609c9fa5ad2/execute/sync - {"script":"<script> [5351 bytes]","args":[{"element-6066-11e4-a52e-4f735466cecf":"f.C55B33078B2D516364751668243FA1E8.d.C90AD39415FC83A342D8AF076154BBEE.e.854","ELEMENT":"f.C55B33078B2D516364751668243FA1E8.d.C90AD39415FC83A342D8AF076154BBEE.e.854"}]}
COMMAND: GET /session/21564250a1c76f351ec87609c9fa5ad2/screenshot - {}
RESULT: {}
RESULT: {"script":"<script> [5351 bytes]","args":[{"element-6066-11e4-a52e-4f735466cecf":"f.C55B33078B2D516364751668243FA1E8.d.C90AD39415FC83A342D8AF076154BBEE.e.854","ELEMENT":"f.C55B33078B2D516364751668243FA1E8.d.C90AD39415FC83A342D8AF076154BBEE.e.854"}]}
COMMAND: GET /session/21564250a1c76f351ec87609c9fa5ad2/screenshot - {}
RESULT: {}
RESULT: {}
RESULT: undefined
COMMAND: POST /session/21564250a1c76f351ec87609c9fa5ad2/execute/async - {"script":"<script> [776 bytes]","args":[{"enterText":"7zmIE4Njnk","selector":{"id":"application-addressmanagement-display-component---masterAdm--smartFilterBar-btnBasicSearch","interaction":{"idSuffix":"I"}},"clearTextFirst":true,"interactionType":"ENTER_TEXT"}]}
RESULT: {"script":"<script> [776 bytes]","args":[{"enterText":"7zmIE4Njnk","selector":{"id":"application-addressmanagement-display-component---masterAdm--smartFilterBar-btnBasicSearch","interaction":{"idSuffix":"I"}},"clearTextFirst":true,"interactionType":"ENTER_TEXT"}]}
COMMAND: POST /session/21564250a1c76f351ec87609c9fa5ad2/actions - {"actions":[{"id":"action3","type":"key","parameters":{},"actions":[{"type":"keyDown","value":"î€‡"},{"type":"pause","duration":10},{"type":"keyUp","value":"î€‡"}]}]}
RESULT: {"actions":[{"id":"action3","type":"key","parameters":{},"actions":[{"type":"keyDown","value":"î€‡"},{"type":"pause","duration":10},{"type":"keyUp","value":"î€‡"}]}]}
COMMAND: GET /session/21564250a1c76f351ec87609c9fa5ad2/screenshot - {}
RESULT: {}
COMMAND: POST /session/21564250a1c76f351ec87609c9fa5ad2/elements - {"using":"xpath","value":"//table[contains(@id, \"customPersonsAddressesTable-listUl\")]/tbody/tr"}
RESULT: {"using":"xpath","value":"//table[contains(@id, \"customPersonsAddressesTable-listUl\")]/tbody/tr"}
COMMAND: POST /session/21564250a1c76f351ec87609c9fa5ad2/element - {"using":"xpath","value":"//table[contains(@id, \"customPersonsAddressesTable-listUl\")]/tbody/tr[1]/td[5]/span/span"}
RESULT: {"using":"xpath","value":"//table[contains(@id, \"customPersonsAddressesTable-listUl\")]/tbody/tr[1]/td[5]/span/span"}
COMMAND: POST /session/21564250a1c76f351ec87609c9fa5ad2/element - {"using":"xpath","value":"//table[contains(@id, \"customPersonsAddressesTable-listUl\")]/tbody/tr[1]/td[3]/span"}
RESULT: {"using":"xpath","value":"//table[contains(@id, \"customPersonsAddressesTable-listUl\")]/tbody/tr[1]/td[3]/span"}
COMMAND: POST /session/21564250a1c76f351ec87609c9fa5ad2/elements - {"using":"xpath","value":"//table[contains(@id, \"customPersonsAddressesTable-listUl\")]/tbody/tr[1]/td[5]/span/span"}
RESULT: {"using":"xpath","value":"//table[contains(@id, \"customPersonsAddressesTable-listUl\")]/tbody/tr[1]/td[5]/span/span"}
COMMAND: POST /session/21564250a1c76f351ec87609c9fa5ad2/execute/sync - {"script":"<script> [56 bytes]","args":[{"element-6066-11e4-a52e-4f735466cecf":"f.C55B33078B2D516364751668243FA1E8.d.C90AD39415FC83A342D8AF076154BBEE.e.1001","ELEMENT":"f.C55B33078B2D516364751668243FA1E8.d.C90AD39415FC83A342D8AF076154BBEE.e.1001"}]}
RESULT: {"script":"<script> [56 bytes]","args":[{"element-6066-11e4-a52e-4f735466cecf":"f.C55B33078B2D516364751668243FA1E8.d.C90AD39415FC83A342D8AF076154BBEE.e.1001","ELEMENT":"f.C55B33078B2D516364751668243FA1E8.d.C90AD39415FC83A342D8AF076154BBEE.e.1001"}]}
COMMAND: POST /session/21564250a1c76f351ec87609c9fa5ad2/execute/sync - {"script":"<script> [56 bytes]","args":[{"element-6066-11e4-a52e-4f735466cecf":"f.C55B33078B2D516364751668243FA1E8.d.C90AD39415FC83A342D8AF076154BBEE.e.1002","ELEMENT":"f.C55B33078B2D516364751668243FA1E8.d.C90AD39415FC83A342D8AF076154BBEE.e.1002"}]}
COMMAND: GET /session/21564250a1c76f351ec87609c9fa5ad2/screenshot - {}
RESULT: {"script":"<script> [56 bytes]","args":[{"element-6066-11e4-a52e-4f735466cecf":"f.C55B33078B2D516364751668243FA1E8.d.C90AD39415FC83A342D8AF076154BBEE.e.1002","ELEMENT":"f.C55B33078B2D516364751668243FA1E8.d.C90AD39415FC83A342D8AF076154BBEE.e.1002"}]}
COMMAND: POST /session/21564250a1c76f351ec87609c9fa5ad2/element - {"using":"xpath","value":"//table[contains(@id, \"customPersonsAddressesTable-listUl\")]/tbody/tr[1]/td[10]/div/span"}
COMMAND: GET /session/21564250a1c76f351ec87609c9fa5ad2/screenshot - {}
RESULT: {}
RESULT: {"using":"xpath","value":"//table[contains(@id, \"customPersonsAddressesTable-listUl\")]/tbody/tr[1]/td[10]/div/span"}
COMMAND: POST /session/21564250a1c76f351ec87609c9fa5ad2/execute/sync - {"script":"<script> [56 bytes]","args":[{"element-6066-11e4-a52e-4f735466cecf":"f.C55B33078B2D516364751668243FA1E8.d.C90AD39415FC83A342D8AF076154BBEE.e.1003","ELEMENT":"f.C55B33078B2D516364751668243FA1E8.d.C90AD39415FC83A342D8AF076154BBEE.e.1003"}]}
RESULT: {}
RESULT: {"script":"<script> [56 bytes]","args":[{"element-6066-11e4-a52e-4f735466cecf":"f.C55B33078B2D516364751668243FA1E8.d.C90AD39415FC83A342D8AF076154BBEE.e.1003","ELEMENT":"f.C55B33078B2D516364751668243FA1E8.d.C90AD39415FC83A342D8AF076154BBEE.e.1003"}]}
COMMAND: POST /session/21564250a1c76f351ec87609c9fa5ad2/element - {"using":"xpath","value":"//table[contains(@id, \"customPersonsAddressesTable-listUl\")]/tbody/tr[1]/td[2]/div/div"}
COMMAND: GET /session/21564250a1c76f351ec87609c9fa5ad2/screenshot - {}
RESULT: {"using":"xpath","value":"//table[contains(@id, \"customPersonsAddressesTable-listUl\")]/tbody/tr[1]/td[2]/div/div"}
COMMAND: POST /session/21564250a1c76f351ec87609c9fa5ad2/element/f.C55B33078B2D516364751668243FA1E8.d.C90AD39415FC83A342D8AF076154BBEE.e.1004/click - {}
RESULT: {}
RESULT: {}
COMMAND: GET /session/21564250a1c76f351ec87609c9fa5ad2/screenshot - {}
RESULT: {}
COMMAND: POST /session/21564250a1c76f351ec87609c9fa5ad2/element - {"using":"xpath","value":"//bdi[contains(text(), \"Activate\")]"}
RESULT: {"using":"xpath","value":"//bdi[contains(text(), \"Activate\")]"}
COMMAND: POST /session/21564250a1c76f351ec87609c9fa5ad2/element/f.C55B33078B2D516364751668243FA1E8.d.C90AD39415FC83A342D8AF076154BBEE.e.1005/click - {}
RESULT: {}
COMMAND: GET /session/21564250a1c76f351ec87609c9fa5ad2/screenshot - {}
RESULT: {}
COMMAND: POST /session/21564250a1c76f351ec87609c9fa5ad2/element - {"using":"xpath","value":"//bdi[contains(text(), \"Yes\")]"}
RESULT: {"using":"xpath","value":"//bdi[contains(text(), \"Yes\")]"}
COMMAND: POST /session/21564250a1c76f351ec87609c9fa5ad2/element/f.C55B33078B2D516364751668243FA1E8.d.C90AD39415FC83A342D8AF076154BBEE.e.1007/click - {}
RESULT: {}
COMMAND: GET /session/21564250a1c76f351ec87609c9fa5ad2/screenshot - {}
RESULT: {}
COMMAND: POST /session/21564250a1c76f351ec87609c9fa5ad2/element - {"using":"xpath","value":"//table[contains(@id, \"customPersonsAddressesTable-listUl\")]/tbody/tr[1]/td[10]/div/span"}
RESULT: {"using":"xpath","value":"//table[contains(@id, \"customPersonsAddressesTable-listUl\")]/tbody/tr[1]/td[10]/div/span"}
COMMAND: POST /session/21564250a1c76f351ec87609c9fa5ad2/execute/sync - {"script":"<script> [56 bytes]","args":[{"element-6066-11e4-a52e-4f735466cecf":"f.C55B33078B2D516364751668243FA1E8.d.C90AD39415FC83A342D8AF076154BBEE.e.1003","ELEMENT":"f.C55B33078B2D516364751668243FA1E8.d.C90AD39415FC83A342D8AF076154BBEE.e.1003"}]}
RESULT: {"script":"<script> [56 bytes]","args":[{"element-6066-11e4-a52e-4f735466cecf":"f.C55B33078B2D516364751668243FA1E8.d.C90AD39415FC83A342D8AF076154BBEE.e.1003","ELEMENT":"f.C55B33078B2D516364751668243FA1E8.d.C90AD39415FC83A342D8AF076154BBEE.e.1003"}]}
COMMAND: GET /session/21564250a1c76f351ec87609c9fa5ad2/screenshot - {}
RESULT: {}
COMMAND: POST /session/21564250a1c76f351ec87609c9fa5ad2/element - {"using":"css selector","value":"#shell-header-logo"}
RESULT: {"using":"css selector","value":"#shell-header-logo"}
COMMAND: POST /session/21564250a1c76f351ec87609c9fa5ad2/element/f.C55B33078B2D516364751668243FA1E8.d.C90AD39415FC83A342D8AF076154BBEE.e.811/click - {}
RESULT: {}
COMMAND: GET /session/21564250a1c76f351ec87609c9fa5ad2/screenshot - {}
RESULT: {}
COMMAND: DELETE /session/21564250a1c76f351ec87609c9fa5ad2 - {}
RESULT: {}
]]></system-out>
    </testcase>
  </testsuite>
</testsuites>