<?xml version="1.0" encoding="UTF-8"?>
<testsuites tests="2" failures="1" errors="1" skipped="0">
  <testsuite timestamp="2025-06-12T15:07:55" time="104.32" tests="2" failures="1" errors="1" skipped="0">
    <properties>
      <property name="specId" value="0" />
      <property name="suiteName" value="Check QaLive System is up, or stop pipeline" />
      <property name="capabilities" value="chrome.137_0_7151_69.windows" />
      <property name="file" value="file:///D:/a/1/s/test/specs/TECH/check-QaLive-up.spec.js" />
    </properties>
    <testcase classname="chrome.137_0_7151_69.windows.Check_QaLive_System_is_up,_or_stop_pipeline" name="should check for visible error message controls and stop pipeline if found" time="10.635">
      <system-out><![CDATA[
COMMAND: POST /session/6cecb26a267c9035fbd407a052af7d97/refresh - {}
RESULT: {}
COMMAND: GET /session/6cecb26a267c9035fbd407a052af7d97/screenshot - {}
RESULT: {}
RESULT: undefined
RESULT: undefined
RESULT: undefined
RESULT: undefined
RESULT: undefined
RESULT: undefined
RESULT: undefined
RESULT: undefined
RESULT: undefined
RESULT: undefined
COMMAND: POST /session/6cecb26a267c9035fbd407a052af7d97/elements - {"using":"css selector","value":"span.sapMText.sapMTextBreakWord.sapMTextMaxWidth.sapUiNegativeText"}
RESULT: undefined
RESULT: undefined
RESULT: undefined
RESULT: undefined
RESULT: {"using":"css selector","value":"span.sapMText.sapMTextBreakWord.sapMTextMaxWidth.sapUiNegativeText"}
COMMAND: POST /session/6cecb26a267c9035fbd407a052af7d97/elements - {"using":"css selector","value":"div.sapMMsgBoxText"}
RESULT: {"using":"css selector","value":"div.sapMMsgBoxText"}
COMMAND: POST /session/6cecb26a267c9035fbd407a052af7d97/elements - {"using":"css selector","value":"div.sapMMessageToast"}
RESULT: {"using":"css selector","value":"div.sapMMessageToast"}
COMMAND: POST /session/6cecb26a267c9035fbd407a052af7d97/elements - {"using":"css selector","value":"div[role=\"alert\"]"}
RESULT: {"using":"css selector","value":"div[role=\"alert\"]"}
]]></system-out>
    </testcase>
  </testsuite>
</testsuites>