<?xml version="1.0" encoding="UTF-8"?>
<testsuites tests="23" failures="15" errors="15" skipped="0">
  <testsuite timestamp="2025-05-07T17:48:16" time="910.474" tests="6" failures="5" errors="5" skipped="0">
    <properties>
      <property name="specId" value="0" />
      <property name="suiteName" value="Standard contract - add contract items by Insert Request US118222" />
      <property name="capabilities" value="chrome.136_0_7103_49.windows" />
      <property name="file" value="file:///D:/a/1/s/test/specs/R2C/standard-contract-add-contract-items-by-insert-request.spec.js" />
    </properties>
    <testcase classname="chrome.136_0_7103_49.windows.Standard_contract_-_add_contract_items_by_Insert_Request_US118222" name="Should create prerequisites yard partner site material and equipment" time="319.804">
      <system-out><![CDATA[
COMMAND: POST /session/8fa5e6a369088cc1a8b88ace459c7e54/execute/async - {"script":"<script> [1562 bytes]","args":[{"selector":{"controlType":"sap.m.GenericTile","properties":{"header":"Manage Yards"}},"wdio_ui5_key":"sapm.GenericTile{\"header\":\"Manage Yards\"}"}]}
RESULT: {"script":"<script> [1562 bytes]","args":[{"selector":{"controlType":"sap.m.GenericTile","properties":{"header":"Manage Yards"}},"wdio_ui5_key":"sapm.GenericTile{\"header\":\"Manage Yards\"}"}]}
RESULT: undefined
COMMAND: POST /session/8fa5e6a369088cc1a8b88ace459c7e54/element - {"using":"xpath","value":"//*[@id=\"__tile41\"]"}
RESULT: {"using":"xpath","value":"//*[@id=\"__tile41\"]"}
COMMAND: POST /session/8fa5e6a369088cc1a8b88ace459c7e54/element/f.9A359EC67B0A42D5197B3FB8A3231305.d.2C9CD45D4EA37BCDB54BAAC19B5CCBC2.e.123/click - {}
RESULT: {}
COMMAND: GET /session/8fa5e6a369088cc1a8b88ace459c7e54/screenshot - {}
RESULT: {}
COMMAND: POST /session/8fa5e6a369088cc1a8b88ace459c7e54/execute/async - {"script":"<script> [1562 bytes]","args":[{"selector":{"controlType":"sap.ui.core.Icon","viewName":"etm.portal.ui.manageyards.view.Master","viewId":"application-manageyards-display-component---masterYard","properties":{"src":{"regex":{"source":"add"}}}},"wdio_ui5_key":"etmportal.ui.manageyards.view.Mastersap.ui.core.Icon{\"src\":{\"regex\":{\"source\":\"add\"}}}"}]}
RESULT: {"script":"<script> [1562 bytes]","args":[{"selector":{"controlType":"sap.ui.core.Icon","viewName":"etm.portal.ui.manageyards.view.Master","viewId":"application-manageyards-display-component---masterYard","properties":{"src":{"regex":{"source":"add"}}}},"wdio_ui5_key":"etmportal.ui.manageyards.view.Mastersap.ui.core.Icon{\"src\":{\"regex\":{\"source\":\"add\"}}}"}]}
RESULT: undefined
COMMAND: POST /session/8fa5e6a369088cc1a8b88ace459c7e54/element - {"using":"xpath","value":"//*[@id=\"__button4-img\"]"}
RESULT: {"using":"xpath","value":"//*[@id=\"__button4-img\"]"}
COMMAND: POST /session/8fa5e6a369088cc1a8b88ace459c7e54/element/f.9A359EC67B0A42D5197B3FB8A3231305.d.2C9CD45D4EA37BCDB54BAAC19B5CCBC2.e.170/click - {}
RESULT: {}
COMMAND: GET /session/8fa5e6a369088cc1a8b88ace459c7e54/screenshot - {}
RESULT: {}
COMMAND: POST /session/8fa5e6a369088cc1a8b88ace459c7e54/execute/async - {"script":"<script> [1562 bytes]","args":[{"selector":{"id":"application-manageyards-display-component---NewYard--yardId","interaction":{"idSuffix":"inner"}},"wdio_ui5_key":"applicationmanageyards-display-component---NewYard--yardId"}]}
RESULT: {"script":"<script> [1562 bytes]","args":[{"selector":{"id":"application-manageyards-display-component---NewYard--yardId","interaction":{"idSuffix":"inner"}},"wdio_ui5_key":"applicationmanageyards-display-component---NewYard--yardId"}]}
RESULT: undefined
COMMAND: POST /session/8fa5e6a369088cc1a8b88ace459c7e54/element - {"using":"xpath","value":"//*[@id=\"application-manageyards-display-component---NewYard--addressDetailDetailsName1-inner\"]"}
RESULT: {"using":"xpath","value":"//*[@id=\"application-manageyards-display-component---NewYard--addressDetailDetailsName1-inner\"]"}
COMMAND: POST /session/8fa5e6a369088cc1a8b88ace459c7e54/element/f.9A359EC67B0A42D5197B3FB8A3231305.d.2C9CD45D4EA37BCDB54BAAC19B5CCBC2.e.403/clear - {}
RESULT: {}
COMMAND: POST /session/8fa5e6a369088cc1a8b88ace459c7e54/element/f.9A359EC67B0A42D5197B3FB8A3231305.d.2C9CD45D4EA37BCDB54BAAC19B5CCBC2.e.403/value - {"text":"WebdriverYardieyqdl"}
COMMAND: GET /session/8fa5e6a369088cc1a8b88ace459c7e54/screenshot - {}
RESULT: {"text":"WebdriverYardieyqdl"}
COMMAND: POST /session/8fa5e6a369088cc1a8b88ace459c7e54/element - {"using":"xpath","value":"//*[@id=\"application-manageyards-display-component---NewYard--addressDetailDetailsLanguage-inner\"]"}
COMMAND: GET /session/8fa5e6a369088cc1a8b88ace459c7e54/screenshot - {}
RESULT: {}
RESULT: {"using":"xpath","value":"//*[@id=\"application-manageyards-display-component---NewYard--addressDetailDetailsLanguage-inner\"]"}
COMMAND: POST /session/8fa5e6a369088cc1a8b88ace459c7e54/element/f.9A359EC67B0A42D5197B3FB8A3231305.d.2C9CD45D4EA37BCDB54BAAC19B5CCBC2.e.404/clear - {}
RESULT: {}
RESULT: {}
COMMAND: POST /session/8fa5e6a369088cc1a8b88ace459c7e54/element/f.9A359EC67B0A42D5197B3FB8A3231305.d.2C9CD45D4EA37BCDB54BAAC19B5CCBC2.e.404/value - {"text":"Romanian"}
COMMAND: GET /session/8fa5e6a369088cc1a8b88ace459c7e54/screenshot - {}
RESULT: {"text":"Romanian"}
COMMAND: POST /session/8fa5e6a369088cc1a8b88ace459c7e54/element - {"using":"xpath","value":"//input[contains(@id ,\"application-manageyards-display-component---NewYard--addressDetailDetailsName1-inner\")]"}
COMMAND: GET /session/8fa5e6a369088cc1a8b88ace459c7e54/screenshot - {}
RESULT: {}
RESULT: {"using":"xpath","value":"//input[contains(@id ,\"application-manageyards-display-component---NewYard--addressDetailDetailsName1-inner\")]"}
COMMAND: GET /session/8fa5e6a369088cc1a8b88ace459c7e54/element/f.9A359EC67B0A42D5197B3FB8A3231305.d.2C9CD45D4EA37BCDB54BAAC19B5CCBC2.e.403/property/value - {}
RESULT: {}
RESULT: {}
COMMAND: GET /session/8fa5e6a369088cc1a8b88ace459c7e54/screenshot - {}
RESULT: {}
COMMAND: POST /session/8fa5e6a369088cc1a8b88ace459c7e54/element - {"using":"xpath","value":"//*[@id=\"application-manageyards-display-component---NewYard--addressDetailDetailsCity1-inner\"]"}
RESULT: {"using":"xpath","value":"//*[@id=\"application-manageyards-display-component---NewYard--addressDetailDetailsCity1-inner\"]"}
COMMAND: POST /session/8fa5e6a369088cc1a8b88ace459c7e54/element/f.9A359EC67B0A42D5197B3FB8A3231305.d.2C9CD45D4EA37BCDB54BAAC19B5CCBC2.e.406/clear - {}
RESULT: {}
COMMAND: POST /session/8fa5e6a369088cc1a8b88ace459c7e54/element/f.9A359EC67B0A42D5197B3FB8A3231305.d.2C9CD45D4EA37BCDB54BAAC19B5CCBC2.e.406/value - {"text":"Bucuresti"}
COMMAND: GET /session/8fa5e6a369088cc1a8b88ace459c7e54/screenshot - {}
RESULT: {"text":"Bucuresti"}
COMMAND: GET /session/8fa5e6a369088cc1a8b88ace459c7e54/screenshot - {}
RESULT: {}
RESULT: {}
COMMAND: POST /session/8fa5e6a369088cc1a8b88ace459c7e54/element - {"using":"xpath","value":"//*[@id=\"application-manageyards-display-component---NewYard--addressDetailDetailsCountry-inner\"]"}
RESULT: {"using":"xpath","value":"//*[@id=\"application-manageyards-display-component---NewYard--addressDetailDetailsCountry-inner\"]"}
COMMAND: POST /session/8fa5e6a369088cc1a8b88ace459c7e54/element/f.9A359EC67B0A42D5197B3FB8A3231305.d.2C9CD45D4EA37BCDB54BAAC19B5CCBC2.e.410/clear - {}
RESULT: {}
COMMAND: POST /session/8fa5e6a369088cc1a8b88ace459c7e54/element/f.9A359EC67B0A42D5197B3FB8A3231305.d.2C9CD45D4EA37BCDB54BAAC19B5CCBC2.e.410/value - {"text":"Romania"}
COMMAND: GET /session/8fa5e6a369088cc1a8b88ace459c7e54/screenshot - {}
RESULT: {"text":"Romania"}
COMMAND: GET /session/8fa5e6a369088cc1a8b88ace459c7e54/screenshot - {}
RESULT: {}
RESULT: {}
COMMAND: POST /session/8fa5e6a369088cc1a8b88ace459c7e54/element - {"using":"xpath","value":"//div[contains(text(), \"Commercial\")]"}
RESULT: {"using":"xpath","value":"//div[contains(text(), \"Commercial\")]"}
COMMAND: GET /session/8fa5e6a369088cc1a8b88ace459c7e54/element/f.9A359EC67B0A42D5197B3FB8A3231305.d.2C9CD45D4EA37BCDB54BAAC19B5CCBC2.e.580/rect - {}
RESULT: {}
COMMAND: GET /session/8fa5e6a369088cc1a8b88ace459c7e54/window/rect - {}
RESULT: {}
COMMAND: POST /session/8fa5e6a369088cc1a8b88ace459c7e54/execute/sync - {"script":"<script> [92 bytes]","args":[]}
RESULT: {"script":"<script> [92 bytes]","args":[]}
COMMAND: POST /session/8fa5e6a369088cc1a8b88ace459c7e54/actions - {"actions":[{"id":"action1","type":"wheel","parameters":{},"actions":[{"type":"scroll","x":-1841,"y":-44,"deltaX":0,"deltaY":0,"duration":0,"origin":{"element-6066-11e4-a52e-4f735466cecf":"f.9A359EC67B0A42D5197B3FB8A3231305.d.2C9CD45D4EA37BCDB54BAAC19B5CCBC2.e.580"}}]}]}
COMMAND: GET /session/8fa5e6a369088cc1a8b88ace459c7e54/screenshot - {}
RESULT: {}
COMMAND: POST /session/8fa5e6a369088cc1a8b88ace459c7e54/execute/sync - {"script":"<script> [79 bytes]","args":[{"element-6066-11e4-a52e-4f735466cecf":"f.9A359EC67B0A42D5197B3FB8A3231305.d.2C9CD45D4EA37BCDB54BAAC19B5CCBC2.e.580","ELEMENT":"f.9A359EC67B0A42D5197B3FB8A3231305.d.2C9CD45D4EA37BCDB54BAAC19B5CCBC2.e.580"},{"block":"start","inline":"nearest"}]}
RESULT: {"script":"<script> [79 bytes]","args":[{"element-6066-11e4-a52e-4f735466cecf":"f.9A359EC67B0A42D5197B3FB8A3231305.d.2C9CD45D4EA37BCDB54BAAC19B5CCBC2.e.580","ELEMENT":"f.9A359EC67B0A42D5197B3FB8A3231305.d.2C9CD45D4EA37BCDB54BAAC19B5CCBC2.e.580"},{"block":"start","inline":"nearest"}]}
COMMAND: GET /session/8fa5e6a369088cc1a8b88ace459c7e54/screenshot - {}
RESULT: {}
COMMAND: POST /session/8fa5e6a369088cc1a8b88ace459c7e54/execute/async - {"script":"<script> [1562 bytes]","args":[{"selector":{"id":"application-manageyards-display-component---NewYard--addressEditDetailsCostObjectCstType-arrow"},"wdio_ui5_key":"applicationmanageyards-display-component---NewYard--addressEditDetailsCostObjectCstType-arrow"}]}
RESULT: {"script":"<script> [1562 bytes]","args":[{"selector":{"id":"application-manageyards-display-component---NewYard--addressEditDetailsCostObjectCstType-arrow"},"wdio_ui5_key":"applicationmanageyards-display-component---NewYard--addressEditDetailsCostObjectCstType-arrow"}]}
RESULT: undefined
COMMAND: POST /session/8fa5e6a369088cc1a8b88ace459c7e54/element - {"using":"xpath","value":"//*[@id=\"application-manageyards-display-component---NewYard--addressEditDetailsCostObjectCstType-arrow\"]"}
RESULT: {"using":"xpath","value":"//*[@id=\"application-manageyards-display-component---NewYard--addressEditDetailsCostObjectCstType-arrow\"]"}
COMMAND: POST /session/8fa5e6a369088cc1a8b88ace459c7e54/element/f.9A359EC67B0A42D5197B3FB8A3231305.d.2C9CD45D4EA37BCDB54BAAC19B5CCBC2.e.588/click - {}
RESULT: {}
COMMAND: POST /session/8fa5e6a369088cc1a8b88ace459c7e54/element - {"using":"xpath","value":"//span[contains(text(), \"Cost Center\")]"}
COMMAND: GET /session/8fa5e6a369088cc1a8b88ace459c7e54/screenshot - {}
RESULT: {"using":"xpath","value":"//span[contains(text(), \"Cost Center\")]"}
COMMAND: POST /session/8fa5e6a369088cc1a8b88ace459c7e54/element/f.9A359EC67B0A42D5197B3FB8A3231305.d.2C9CD45D4EA37BCDB54BAAC19B5CCBC2.e.589/click - {}
RESULT: {}
RESULT: {}
COMMAND: GET /session/8fa5e6a369088cc1a8b88ace459c7e54/screenshot - {}
RESULT: {}
COMMAND: POST /session/8fa5e6a369088cc1a8b88ace459c7e54/execute/async - {"script":"<script> [1562 bytes]","args":[{"selector":{"id":"application-manageyards-display-component---NewYard--addressNewCostObjectCstID-vhi"},"wdio_ui5_key":"applicationmanageyards-display-component---NewYard--addressNewCostObjectCstID-vhi"}]}
RESULT: {"script":"<script> [1562 bytes]","args":[{"selector":{"id":"application-manageyards-display-component---NewYard--addressNewCostObjectCstID-vhi"},"wdio_ui5_key":"applicationmanageyards-display-component---NewYard--addressNewCostObjectCstID-vhi"}]}
RESULT: undefined
COMMAND: POST /session/8fa5e6a369088cc1a8b88ace459c7e54/element - {"using":"xpath","value":"//*[@id=\"application-manageyards-display-component---NewYard--addressNewCostObjectCstID-vhi\"]"}
RESULT: {"using":"xpath","value":"//*[@id=\"application-manageyards-display-component---NewYard--addressNewCostObjectCstID-vhi\"]"}
COMMAND: POST /session/8fa5e6a369088cc1a8b88ace459c7e54/element/f.9A359EC67B0A42D5197B3FB8A3231305.d.2C9CD45D4EA37BCDB54BAAC19B5CCBC2.e.604/click - {}
RESULT: {}
COMMAND: GET /session/8fa5e6a369088cc1a8b88ace459c7e54/screenshot - {}
RESULT: {}
COMMAND: POST /session/8fa5e6a369088cc1a8b88ace459c7e54/execute/async - {"script":"<script> [1562 bytes]","args":[{"selector":{"controlType":"sap.m.SearchField","properties":{"placeholder":"Search"},"searchOpenDialogs":true,"interaction":{"idSuffix":"I"}},"wdio_ui5_key":"sapm.SearchField{\"placeholder\":\"Search\"}"}]}
RESULT: {"script":"<script> [1562 bytes]","args":[{"selector":{"controlType":"sap.m.SearchField","properties":{"placeholder":"Search"},"searchOpenDialogs":true,"interaction":{"idSuffix":"I"}},"wdio_ui5_key":"sapm.SearchField{\"placeholder\":\"Search\"}"}]}
RESULT: undefined
COMMAND: POST /session/8fa5e6a369088cc1a8b88ace459c7e54/execute/async - {"script":"<script> [776 bytes]","args":[{"enterText":"10001013","selector":{"controlType":"sap.m.SearchField","properties":{"placeholder":"Search"},"searchOpenDialogs":true,"interaction":{"idSuffix":"I"}},"clearTextFirst":true,"interactionType":"ENTER_TEXT"}]}
RESULT: {"script":"<script> [776 bytes]","args":[{"enterText":"10001013","selector":{"controlType":"sap.m.SearchField","properties":{"placeholder":"Search"},"searchOpenDialogs":true,"interaction":{"idSuffix":"I"}},"clearTextFirst":true,"interactionType":"ENTER_TEXT"}]}
COMMAND: POST /session/8fa5e6a369088cc1a8b88ace459c7e54/actions - {"actions":[{"id":"action2","type":"key","parameters":{},"actions":[{"type":"keyDown","value":"î€‡"},{"type":"pause","duration":10},{"type":"keyUp","value":"î€‡"}]}]}
RESULT: {"actions":[{"id":"action2","type":"key","parameters":{},"actions":[{"type":"keyDown","value":"î€‡"},{"type":"pause","duration":10},{"type":"keyUp","value":"î€‡"}]}]}
COMMAND: GET /session/8fa5e6a369088cc1a8b88ace459c7e54/screenshot - {}
RESULT: {}
COMMAND: POST /session/8fa5e6a369088cc1a8b88ace459c7e54/element - {"using":"xpath","value":"//span[contains(text(), \"General Management\")]"}
RESULT: {"using":"xpath","value":"//span[contains(text(), \"General Management\")]"}
COMMAND: POST /session/8fa5e6a369088cc1a8b88ace459c7e54/element/f.9A359EC67B0A42D5197B3FB8A3231305.d.2C9CD45D4EA37BCDB54BAAC19B5CCBC2.e.614/click - {}
RESULT: {}
COMMAND: GET /session/8fa5e6a369088cc1a8b88ace459c7e54/screenshot - {}
RESULT: {}
COMMAND: POST /session/8fa5e6a369088cc1a8b88ace459c7e54/element - {"using":"xpath","value":"//bdi[contains(text(), \"OK\")]"}
RESULT: {"using":"xpath","value":"//bdi[contains(text(), \"OK\")]"}
COMMAND: POST /session/8fa5e6a369088cc1a8b88ace459c7e54/element/f.9A359EC67B0A42D5197B3FB8A3231305.d.2C9CD45D4EA37BCDB54BAAC19B5CCBC2.e.616/click - {}
RESULT: {}
COMMAND: GET /session/8fa5e6a369088cc1a8b88ace459c7e54/screenshot - {}
RESULT: {}
COMMAND: POST /session/8fa5e6a369088cc1a8b88ace459c7e54/execute/async - {"script":"<script> [1562 bytes]","args":[{"selector":{"controlType":"sap.m.Button","viewName":"etm.portal.ui.manageyards.view.New","viewId":"application-manageyards-display-component---NewYard","i18NText":{"propertyName":"text","key":"save"},"interaction":{"idSuffix":"inner"}},"wdio_ui5_key":"etmportal.ui.manageyards.view.Newsap.m.Button{\"propertyName\":\"text\",\"key\":\"save\"}"}]}
RESULT: {"script":"<script> [1562 bytes]","args":[{"selector":{"controlType":"sap.m.Button","viewName":"etm.portal.ui.manageyards.view.New","viewId":"application-manageyards-display-component---NewYard","i18NText":{"propertyName":"text","key":"save"},"interaction":{"idSuffix":"inner"}},"wdio_ui5_key":"etmportal.ui.manageyards.view.Newsap.m.Button{\"propertyName\":\"text\",\"key\":\"save\"}"}]}
RESULT: undefined
COMMAND: POST /session/8fa5e6a369088cc1a8b88ace459c7e54/element - {"using":"xpath","value":"//*[@id=\"__button18\"]"}
RESULT: {"using":"xpath","value":"//*[@id=\"__button18\"]"}
COMMAND: POST /session/8fa5e6a369088cc1a8b88ace459c7e54/element/f.9A359EC67B0A42D5197B3FB8A3231305.d.2C9CD45D4EA37BCDB54BAAC19B5CCBC2.e.561/click - {}
RESULT: {}
COMMAND: GET /session/8fa5e6a369088cc1a8b88ace459c7e54/screenshot - {}
RESULT: {}
COMMAND: POST /session/8fa5e6a369088cc1a8b88ace459c7e54/element - {"using":"xpath","value":"//header/div/div[2]/div[2]/span"}
RESULT: {"using":"xpath","value":"//header/div/div[2]/div[2]/span"}
COMMAND: GET /session/8fa5e6a369088cc1a8b88ace459c7e54/element/f.9A359EC67B0A42D5197B3FB8A3231305.d.2C9CD45D4EA37BCDB54BAAC19B5CCBC2.e.815/text - {}
RESULT: {}
COMMAND: POST /session/8fa5e6a369088cc1a8b88ace459c7e54/execute/async - {"script":"<script> [1562 bytes]","args":[{"selector":{"controlType":"sap.m.OverflowToolbarButton","viewName":"etm.portal.ui.manageyards.view.Detail","viewId":"application-manageyards-display-component---detailYard","i18NText":{"propertyName":"tooltip","key":"closeColumn"},"interaction":{"idSuffix":"inner"}},"wdio_ui5_key":"etmportal.ui.manageyards.view.Detailsap.m.OverflowToolbarButton{\"propertyName\":\"tooltip\",\"key\":\"closeColumn\"}"}]}
RESULT: {"script":"<script> [1562 bytes]","args":[{"selector":{"controlType":"sap.m.OverflowToolbarButton","viewName":"etm.portal.ui.manageyards.view.Detail","viewId":"application-manageyards-display-component---detailYard","i18NText":{"propertyName":"tooltip","key":"closeColumn"},"interaction":{"idSuffix":"inner"}},"wdio_ui5_key":"etmportal.ui.manageyards.view.Detailsap.m.OverflowToolbarButton{\"propertyName\":\"tooltip\",\"key\":\"closeColumn\"}"}]}
RESULT: undefined
COMMAND: POST /session/8fa5e6a369088cc1a8b88ace459c7e54/element - {"using":"xpath","value":"//*[@id=\"__button42\"]"}
RESULT: {"using":"xpath","value":"//*[@id=\"__button42\"]"}
COMMAND: POST /session/8fa5e6a369088cc1a8b88ace459c7e54/element/f.9A359EC67B0A42D5197B3FB8A3231305.d.2C9CD45D4EA37BCDB54BAAC19B5CCBC2.e.817/click - {}
RESULT: {}
COMMAND: GET /session/8fa5e6a369088cc1a8b88ace459c7e54/screenshot - {}
RESULT: {}
COMMAND: POST /session/8fa5e6a369088cc1a8b88ace459c7e54/element - {"using":"css selector","value":"#shell-header-logo"}
RESULT: {"using":"css selector","value":"#shell-header-logo"}
COMMAND: POST /session/8fa5e6a369088cc1a8b88ace459c7e54/element/f.9A359EC67B0A42D5197B3FB8A3231305.d.2C9CD45D4EA37BCDB54BAAC19B5CCBC2.e.125/click - {}
RESULT: {}
COMMAND: GET /session/8fa5e6a369088cc1a8b88ace459c7e54/screenshot - {}
RESULT: {}
COMMAND: POST /session/8fa5e6a369088cc1a8b88ace459c7e54/refresh - {}
RESULT: {}
COMMAND: GET /session/8fa5e6a369088cc1a8b88ace459c7e54/screenshot - {}
RESULT: {}
COMMAND: POST /session/8fa5e6a369088cc1a8b88ace459c7e54/execute/async - {"script":"<script> [189 bytes]","args":[]}
RESULT: {"script":"<script> [189 bytes]","args":[]}
COMMAND: POST /session/8fa5e6a369088cc1a8b88ace459c7e54/execute/async - {"script":"<script> [123 bytes]","args":[]}
RESULT: {"script":"<script> [123 bytes]","args":[]}
COMMAND: POST /session/8fa5e6a369088cc1a8b88ace459c7e54/timeouts - {"script":"<number>"}
RESULT: {"script":"<number>"}
COMMAND: GET /session/8fa5e6a369088cc1a8b88ace459c7e54/timeouts - {}
RESULT: {}
RESULT: undefined
COMMAND: POST /session/8fa5e6a369088cc1a8b88ace459c7e54/execute/async - {"script":"<script> [2676 bytes]","args":[]}
RESULT: {"script":"<script> [2676 bytes]","args":[]}
COMMAND: POST /session/8fa5e6a369088cc1a8b88ace459c7e54/execute/async - {"script":"<script> [2342 bytes]","args":[{"protocol":"http","hostname":"0.0.0.0","path":"/","capabilities":{"browserName":"chrome","goog:chromeOptions":{"binary":"C:\\Program Files\\Google\\Chrome\\Application\\chrome.exe","args":["--start-maximized"]}},"logLevel":"warn","connectionRetryTimeout":120000,"connectionRetryCount":3,"logLevels":{},"enableDirectConnect":true,"strictSSL":true,"_":"65 more keys: [\"cacheDir\",\"port\",\"requestedCapabilities\",\"automationProtocol\",\"baseUrl\",\"waitforInterval\",\"waitforTimeout\",\"onReload\",\"beforeCommand\",\"afterCommand\",\"rootDir\",\"specs\",\"suites\",\"exclude\",\"groupLogsByTestSpec\",\"excludeDriverLogs\",\"bail\",\"framework\",\"reporters\",\"services\",\"maxInstances\",\"maxInstancesPerCapability\",\"injectGlobals\",\"filesToWatch\",\"execArgv\",\"runnerEnv\",\"runner\",\"shard\",\"specFileRetries\",\"specFileRetriesDelay\",\"specFileRetriesDeferred\",\"reporterSyncInterval\",\"reporterSyncTimeout\",\"cucumberFeaturesWithLineNumbers\",\"autoCompileOpts\",\"mochaOpts\",\"jasmineOpts\",\"cucumberOpts\",\"onPrepare\",\"onWorkerStart\",\"onWorkerEnd\",\"before\",\"beforeSession\",\"beforeSuite\",\"beforeHook\",\"beforeTest\",\"afterTest\",\"afterHook\",\"afterSuite\",\"afterSession\",\"after\",\"onComplete\",\"beforeAssertion\",\"afterAssertion\",\"beforeFeature\",\"beforeScenario\",\"beforeStep\",\"afterStep\",\"afterScenario\",\"afterFeature\",\"_\",\"suite\",\"$0\",\"ignoredWorkerServices\",\"wdi5\"]"}]}
RESULT: {"script":"<script> [2342 bytes]","args":[{"protocol":"http","hostname":"0.0.0.0","path":"/","capabilities":{"browserName":"chrome","goog:chromeOptions":{"binary":"C:\\Program Files\\Google\\Chrome\\Application\\chrome.exe","args":["--start-maximized"]}},"logLevel":"warn","connectionRetryTimeout":120000,"connectionRetryCount":3,"logLevels":{},"enableDirectConnect":true,"strictSSL":true,"_":"65 more keys: [\"cacheDir\",\"port\",\"requestedCapabilities\",\"automationProtocol\",\"baseUrl\",\"waitforInterval\",\"waitforTimeout\",\"onReload\",\"beforeCommand\",\"afterCommand\",\"rootDir\",\"specs\",\"suites\",\"exclude\",\"groupLogsByTestSpec\",\"excludeDriverLogs\",\"bail\",\"framework\",\"reporters\",\"services\",\"maxInstances\",\"maxInstancesPerCapability\",\"injectGlobals\",\"filesToWatch\",\"execArgv\",\"runnerEnv\",\"runner\",\"shard\",\"specFileRetries\",\"specFileRetriesDelay\",\"specFileRetriesDeferred\",\"reporterSyncInterval\",\"reporterSyncTimeout\",\"cucumberFeaturesWithLineNumbers\",\"autoCompileOpts\",\"mochaOpts\",\"jasmineOpts\",\"cucumberOpts\",\"onPrepare\",\"onWorkerStart\",\"onWorkerEnd\",\"before\",\"beforeSession\",\"beforeSuite\",\"beforeHook\",\"beforeTest\",\"afterTest\",\"afterHook\",\"afterSuite\",\"afterSession\",\"after\",\"onComplete\",\"beforeAssertion\",\"afterAssertion\",\"beforeFeature\",\"beforeScenario\",\"beforeStep\",\"afterStep\",\"afterScenario\",\"afterFeature\",\"_\",\"suite\",\"$0\",\"ignoredWorkerServices\",\"wdi5\"]"}]}
COMMAND: POST /session/8fa5e6a369088cc1a8b88ace459c7e54/execute/async - {"script":"<script> [21126 bytes]","args":[35000]}
RESULT: {"script":"<script> [21126 bytes]","args":[35000]}
COMMAND: POST /session/8fa5e6a369088cc1a8b88ace459c7e54/execute/async - {"script":"<script> [1562 bytes]","args":[{"selector":{"controlType":"sap.m.GenericTile","properties":{"header":"Manage Partners"}},"wdio_ui5_key":"sapm.GenericTile{\"header\":\"Manage Partners\"}"}]}
RESULT: {"script":"<script> [1562 bytes]","args":[{"selector":{"controlType":"sap.m.GenericTile","properties":{"header":"Manage Partners"}},"wdio_ui5_key":"sapm.GenericTile{\"header\":\"Manage Partners\"}"}]}
RESULT: undefined
COMMAND: POST /session/8fa5e6a369088cc1a8b88ace459c7e54/element - {"using":"xpath","value":"//*[@id=\"__tile38\"]"}
RESULT: {"using":"xpath","value":"//*[@id=\"__tile38\"]"}
COMMAND: POST /session/8fa5e6a369088cc1a8b88ace459c7e54/element/f.9A359EC67B0A42D5197B3FB8A3231305.d.36E60DA690F17B354CBE59E2DF7EEC4A.e.1170/click - {}
RESULT: {}
COMMAND: GET /session/8fa5e6a369088cc1a8b88ace459c7e54/screenshot - {}
RESULT: {}
COMMAND: POST /session/8fa5e6a369088cc1a8b88ace459c7e54/execute/async - {"script":"<script> [1562 bytes]","args":[{"selector":{"controlType":"sap.ui.core.Icon","viewName":"etm.portal.ui.managepartners.view.Master","viewId":"application-managepartners-display-component---masterPtm","properties":{"src":{"regex":{"source":"add"}}}},"wdio_ui5_key":"etmportal.ui.managepartners.view.Mastersap.ui.core.Icon{\"src\":{\"regex\":{\"source\":\"add\"}}}"}]}
RESULT: {"script":"<script> [1562 bytes]","args":[{"selector":{"controlType":"sap.ui.core.Icon","viewName":"etm.portal.ui.managepartners.view.Master","viewId":"application-managepartners-display-component---masterPtm","properties":{"src":{"regex":{"source":"add"}}}},"wdio_ui5_key":"etmportal.ui.managepartners.view.Mastersap.ui.core.Icon{\"src\":{\"regex\":{\"source\":\"add\"}}}"}]}
RESULT: undefined
COMMAND: POST /session/8fa5e6a369088cc1a8b88ace459c7e54/element - {"using":"xpath","value":"//*[@id=\"__button4-img\"]"}
RESULT: {"using":"xpath","value":"//*[@id=\"__button4-img\"]"}
COMMAND: POST /session/8fa5e6a369088cc1a8b88ace459c7e54/element/f.9A359EC67B0A42D5197B3FB8A3231305.d.36E60DA690F17B354CBE59E2DF7EEC4A.e.1221/click - {}
RESULT: {}
COMMAND: GET /session/8fa5e6a369088cc1a8b88ace459c7e54/screenshot - {}
COMMAND: POST /session/8fa5e6a369088cc1a8b88ace459c7e54/execute/async - {"script":"<script> [1562 bytes]","args":[{"selector":{"id":"application-managepartners-display-component---NewPartner--partnerId","interaction":{"idSuffix":"inner"}},"wdio_ui5_key":"applicationmanagepartners-display-component---NewPartner--partnerId"}]}
RESULT: {}
RESULT: {"script":"<script> [1562 bytes]","args":[{"selector":{"id":"application-managepartners-display-component---NewPartner--partnerId","interaction":{"idSuffix":"inner"}},"wdio_ui5_key":"applicationmanagepartners-display-component---NewPartner--partnerId"}]}
RESULT: undefined
COMMAND: POST /session/8fa5e6a369088cc1a8b88ace459c7e54/execute/async - {"script":"<script> [1562 bytes]","args":[{"selector":{"id":"application-managepartners-display-component---NewPartner--addressDetailDetailsName1","interaction":{"idSuffix":"inner"}},"wdio_ui5_key":"applicationmanagepartners-display-component---NewPartner--addressDetailDetailsName1"}]}
RESULT: {"script":"<script> [1562 bytes]","args":[{"selector":{"id":"application-managepartners-display-component---NewPartner--addressDetailDetailsName1","interaction":{"idSuffix":"inner"}},"wdio_ui5_key":"applicationmanagepartners-display-component---NewPartner--addressDetailDetailsName1"}]}
RESULT: undefined
COMMAND: POST /session/8fa5e6a369088cc1a8b88ace459c7e54/execute/async - {"script":"<script> [776 bytes]","args":[{"enterText":"WebdriverPartner8u6za","selector":{"id":"application-managepartners-display-component---NewPartner--addressDetailDetailsName1","interaction":{"idSuffix":"inner"}},"clearTextFirst":true,"interactionType":"ENTER_TEXT"}]}
RESULT: {"script":"<script> [776 bytes]","args":[{"enterText":"WebdriverPartner8u6za","selector":{"id":"application-managepartners-display-component---NewPartner--addressDetailDetailsName1","interaction":{"idSuffix":"inner"}},"clearTextFirst":true,"interactionType":"ENTER_TEXT"}]}
COMMAND: POST /session/8fa5e6a369088cc1a8b88ace459c7e54/execute/async - {"script":"<script> [1562 bytes]","args":[{"selector":{"id":"application-managepartners-display-component---NewPartner--addressDetailDetailsLanguage","interaction":{"idSuffix":"inner"}},"wdio_ui5_key":"applicationmanagepartners-display-component---NewPartner--addressDetailDetailsLanguage"}]}
RESULT: {"script":"<script> [1562 bytes]","args":[{"selector":{"id":"application-managepartners-display-component---NewPartner--addressDetailDetailsLanguage","interaction":{"idSuffix":"inner"}},"wdio_ui5_key":"applicationmanagepartners-display-component---NewPartner--addressDetailDetailsLanguage"}]}
RESULT: undefined
COMMAND: POST /session/8fa5e6a369088cc1a8b88ace459c7e54/execute/async - {"script":"<script> [776 bytes]","args":[{"enterText":"Romanian","selector":{"id":"application-managepartners-display-component---NewPartner--addressDetailDetailsLanguage","interaction":{"idSuffix":"inner"}},"clearTextFirst":true,"interactionType":"ENTER_TEXT"}]}
RESULT: {"script":"<script> [776 bytes]","args":[{"enterText":"Romanian","selector":{"id":"application-managepartners-display-component---NewPartner--addressDetailDetailsLanguage","interaction":{"idSuffix":"inner"}},"clearTextFirst":true,"interactionType":"ENTER_TEXT"}]}
COMMAND: POST /session/8fa5e6a369088cc1a8b88ace459c7e54/element - {"using":"xpath","value":"//input[contains(@id ,\"application-managepartners-display-component---NewPartner--addressDetailDetailsName1-inner\")]"}
RESULT: {"using":"xpath","value":"//input[contains(@id ,\"application-managepartners-display-component---NewPartner--addressDetailDetailsName1-inner\")]"}
COMMAND: GET /session/8fa5e6a369088cc1a8b88ace459c7e54/element/f.9A359EC67B0A42D5197B3FB8A3231305.d.36E60DA690F17B354CBE59E2DF7EEC4A.e.1393/property/value - {}
RESULT: {}
COMMAND: POST /session/8fa5e6a369088cc1a8b88ace459c7e54/execute/async - {"script":"<script> [1562 bytes]","args":[{"selector":{"id":"application-managepartners-display-component---NewPartner--addressDetailDetailsCity1","interaction":{"idSuffix":"inner"}},"wdio_ui5_key":"applicationmanagepartners-display-component---NewPartner--addressDetailDetailsCity1"}]}
COMMAND: GET /session/8fa5e6a369088cc1a8b88ace459c7e54/screenshot - {}
RESULT: {"script":"<script> [1562 bytes]","args":[{"selector":{"id":"application-managepartners-display-component---NewPartner--addressDetailDetailsCity1","interaction":{"idSuffix":"inner"}},"wdio_ui5_key":"applicationmanagepartners-display-component---NewPartner--addressDetailDetailsCity1"}]}
RESULT: undefined
COMMAND: POST /session/8fa5e6a369088cc1a8b88ace459c7e54/execute/async - {"script":"<script> [776 bytes]","args":[{"enterText":"Bucharest","selector":{"id":"application-managepartners-display-component---NewPartner--addressDetailDetailsCity1","interaction":{"idSuffix":"inner"}},"clearTextFirst":true,"interactionType":"ENTER_TEXT"}]}
RESULT: {}
RESULT: {"script":"<script> [776 bytes]","args":[{"enterText":"Bucharest","selector":{"id":"application-managepartners-display-component---NewPartner--addressDetailDetailsCity1","interaction":{"idSuffix":"inner"}},"clearTextFirst":true,"interactionType":"ENTER_TEXT"}]}
COMMAND: POST /session/8fa5e6a369088cc1a8b88ace459c7e54/execute/async - {"script":"<script> [1562 bytes]","args":[{"selector":{"id":"application-managepartners-display-component---NewPartner--addressDetailDetailsCountry","interaction":{"idSuffix":"inner"}},"wdio_ui5_key":"applicationmanagepartners-display-component---NewPartner--addressDetailDetailsCountry"}]}
RESULT: {"script":"<script> [1562 bytes]","args":[{"selector":{"id":"application-managepartners-display-component---NewPartner--addressDetailDetailsCountry","interaction":{"idSuffix":"inner"}},"wdio_ui5_key":"applicationmanagepartners-display-component---NewPartner--addressDetailDetailsCountry"}]}
RESULT: undefined
COMMAND: POST /session/8fa5e6a369088cc1a8b88ace459c7e54/execute/async - {"script":"<script> [6424 bytes]","args":[{"element-6066-11e4-a52e-4f735466cecf":"f.9A359EC67B0A42D5197B3FB8A3231305.d.36E60DA690F17B354CBE59E2DF7EEC4A.e.1400"},"setValue",["Romania"]]}
RESULT: {"script":"<script> [6424 bytes]","args":[{"element-6066-11e4-a52e-4f735466cecf":"f.9A359EC67B0A42D5197B3FB8A3231305.d.36E60DA690F17B354CBE59E2DF7EEC4A.e.1400"},"setValue",["Romania"]]}
COMMAND: POST /session/8fa5e6a369088cc1a8b88ace459c7e54/execute/async - {"script":"<script> [1562 bytes]","args":[{"selector":{"id":"application-managepartners-display-component---NewPartner--partnerDetailInternal","interaction":{"idSuffix":"inner"}},"wdio_ui5_key":"applicationmanagepartners-display-component---NewPartner--partnerDetailInternal"}]}
RESULT: {"script":"<script> [1562 bytes]","args":[{"selector":{"id":"application-managepartners-display-component---NewPartner--partnerDetailInternal","interaction":{"idSuffix":"inner"}},"wdio_ui5_key":"applicationmanagepartners-display-component---NewPartner--partnerDetailInternal"}]}
RESULT: undefined
COMMAND: POST /session/8fa5e6a369088cc1a8b88ace459c7e54/execute/async - {"script":"<script> [776 bytes]","args":[{"enterText":"External partner","selector":{"id":"application-managepartners-display-component---NewPartner--partnerDetailInternal","interaction":{"idSuffix":"inner"}},"clearTextFirst":true,"interactionType":"ENTER_TEXT"}]}
RESULT: {"script":"<script> [776 bytes]","args":[{"enterText":"External partner","selector":{"id":"application-managepartners-display-component---NewPartner--partnerDetailInternal","interaction":{"idSuffix":"inner"}},"clearTextFirst":true,"interactionType":"ENTER_TEXT"}]}
COMMAND: POST /session/8fa5e6a369088cc1a8b88ace459c7e54/execute/async - {"script":"<script> [1562 bytes]","args":[{"selector":{"id":"application-managepartners-display-component---NewPartner--partnerDetailsCurrency","interaction":{"idSuffix":"inner"}},"wdio_ui5_key":"applicationmanagepartners-display-component---NewPartner--partnerDetailsCurrency"}]}
RESULT: {"script":"<script> [1562 bytes]","args":[{"selector":{"id":"application-managepartners-display-component---NewPartner--partnerDetailsCurrency","interaction":{"idSuffix":"inner"}},"wdio_ui5_key":"applicationmanagepartners-display-component---NewPartner--partnerDetailsCurrency"}]}
RESULT: undefined
COMMAND: POST /session/8fa5e6a369088cc1a8b88ace459c7e54/execute/async - {"script":"<script> [776 bytes]","args":[{"enterText":"Euro","selector":{"id":"application-managepartners-display-component---NewPartner--partnerDetailsCurrency","interaction":{"idSuffix":"inner"}},"clearTextFirst":true,"interactionType":"ENTER_TEXT"}]}
RESULT: {"script":"<script> [776 bytes]","args":[{"enterText":"Euro","selector":{"id":"application-managepartners-display-component---NewPartner--partnerDetailsCurrency","interaction":{"idSuffix":"inner"}},"clearTextFirst":true,"interactionType":"ENTER_TEXT"}]}
COMMAND: POST /session/8fa5e6a369088cc1a8b88ace459c7e54/execute/async - {"script":"<script> [1562 bytes]","args":[{"selector":{"controlType":"sap.m.Button","viewName":"etm.portal.ui.managepartners.view.NewPartner","viewId":"application-managepartners-display-component---NewPartner","properties":{"text":"Commercial"},"interaction":{"idSuffix":"BDI-content"}},"wdio_ui5_key":"etmportal.ui.managepartners.view.NewPartnersap.m.Button{\"text\":\"Commercial\"}"}]}
RESULT: {"script":"<script> [1562 bytes]","args":[{"selector":{"controlType":"sap.m.Button","viewName":"etm.portal.ui.managepartners.view.NewPartner","viewId":"application-managepartners-display-component---NewPartner","properties":{"text":"Commercial"},"interaction":{"idSuffix":"BDI-content"}},"wdio_ui5_key":"etmportal.ui.managepartners.view.NewPartnersap.m.Button{\"text\":\"Commercial\"}"}]}
RESULT: undefined
COMMAND: POST /session/8fa5e6a369088cc1a8b88ace459c7e54/element - {"using":"xpath","value":"//*[@id=\"application-managepartners-display-component---NewPartner--ObjectPageLayout-anchBar-__section5-anchor\"]"}
RESULT: {"using":"xpath","value":"//*[@id=\"application-managepartners-display-component---NewPartner--ObjectPageLayout-anchBar-__section5-anchor\"]"}
COMMAND: POST /session/8fa5e6a369088cc1a8b88ace459c7e54/element/f.9A359EC67B0A42D5197B3FB8A3231305.d.36E60DA690F17B354CBE59E2DF7EEC4A.e.1637/click - {}
RESULT: {}
COMMAND: GET /session/8fa5e6a369088cc1a8b88ace459c7e54/screenshot - {}
RESULT: {}
COMMAND: POST /session/8fa5e6a369088cc1a8b88ace459c7e54/execute/async - {"script":"<script> [1562 bytes]","args":[{"selector":{"id":"application-managepartners-display-component---NewPartner--btnAddTableRow-img"},"wdio_ui5_key":"applicationmanagepartners-display-component---NewPartner--btnAddTableRow-img"}]}
RESULT: {"script":"<script> [1562 bytes]","args":[{"selector":{"id":"application-managepartners-display-component---NewPartner--btnAddTableRow-img"},"wdio_ui5_key":"applicationmanagepartners-display-component---NewPartner--btnAddTableRow-img"}]}
RESULT: undefined
COMMAND: POST /session/8fa5e6a369088cc1a8b88ace459c7e54/element - {"using":"xpath","value":"//*[@id=\"application-managepartners-display-component---NewPartner--btnAddTableRow-img\"]"}
RESULT: {"using":"xpath","value":"//*[@id=\"application-managepartners-display-component---NewPartner--btnAddTableRow-img\"]"}
COMMAND: POST /session/8fa5e6a369088cc1a8b88ace459c7e54/element/f.9A359EC67B0A42D5197B3FB8A3231305.d.36E60DA690F17B354CBE59E2DF7EEC4A.e.1643/click - {}
RESULT: {}
COMMAND: POST /session/8fa5e6a369088cc1a8b88ace459c7e54/element - {"using":"xpath","value":"//input[contains(@id ,\"application-managepartners-display-component---NewPartner--assignmentYard-application-managepartners-display-component---NewPartner\")]"}
COMMAND: GET /session/8fa5e6a369088cc1a8b88ace459c7e54/screenshot - {}
RESULT: {"using":"xpath","value":"//input[contains(@id ,\"application-managepartners-display-component---NewPartner--assignmentYard-application-managepartners-display-component---NewPartner\")]"}
COMMAND: POST /session/8fa5e6a369088cc1a8b88ace459c7e54/element/f.9A359EC67B0A42D5197B3FB8A3231305.d.36E60DA690F17B354CBE59E2DF7EEC4A.e.1648/clear - {}
RESULT: {}
RESULT: {}
COMMAND: POST /session/8fa5e6a369088cc1a8b88ace459c7e54/element/f.9A359EC67B0A42D5197B3FB8A3231305.d.36E60DA690F17B354CBE59E2DF7EEC4A.e.1648/value - {"text":"672"}
COMMAND: GET /session/8fa5e6a369088cc1a8b88ace459c7e54/screenshot - {}
RESULT: {"text":"672"}
COMMAND: GET /session/8fa5e6a369088cc1a8b88ace459c7e54/screenshot - {}
RESULT: {}
RESULT: {}
COMMAND: POST /session/8fa5e6a369088cc1a8b88ace459c7e54/execute/async - {"script":"<script> [1562 bytes]","args":[{"selector":{"controlType":"sap.m.Button","viewName":"etm.portal.ui.managepartners.view.NewPartner","viewId":"application-managepartners-display-component---NewPartner","i18NText":{"propertyName":"text","key":"save"},"interaction":{"idSuffix":"BDI-content"}},"wdio_ui5_key":"etmportal.ui.managepartners.view.NewPartnersap.m.Button{\"propertyName\":\"text\",\"key\":\"save\"}"}]}
RESULT: {"script":"<script> [1562 bytes]","args":[{"selector":{"controlType":"sap.m.Button","viewName":"etm.portal.ui.managepartners.view.NewPartner","viewId":"application-managepartners-display-component---NewPartner","i18NText":{"propertyName":"text","key":"save"},"interaction":{"idSuffix":"BDI-content"}},"wdio_ui5_key":"etmportal.ui.managepartners.view.NewPartnersap.m.Button{\"propertyName\":\"text\",\"key\":\"save\"}"}]}
RESULT: undefined
COMMAND: POST /session/8fa5e6a369088cc1a8b88ace459c7e54/element - {"using":"xpath","value":"//*[@id=\"__button12\"]"}
RESULT: {"using":"xpath","value":"//*[@id=\"__button12\"]"}
COMMAND: POST /session/8fa5e6a369088cc1a8b88ace459c7e54/element/f.9A359EC67B0A42D5197B3FB8A3231305.d.36E60DA690F17B354CBE59E2DF7EEC4A.e.1601/click - {}
RESULT: {}
COMMAND: GET /session/8fa5e6a369088cc1a8b88ace459c7e54/screenshot - {}
RESULT: {}
COMMAND: POST /session/8fa5e6a369088cc1a8b88ace459c7e54/element - {"using":"xpath","value":"//header/div/div[2]/div[2]/span"}
RESULT: {"using":"xpath","value":"//header/div/div[2]/div[2]/span"}
COMMAND: GET /session/8fa5e6a369088cc1a8b88ace459c7e54/element/f.9A359EC67B0A42D5197B3FB8A3231305.d.36E60DA690F17B354CBE59E2DF7EEC4A.e.1819/text - {}
RESULT: {}
COMMAND: POST /session/8fa5e6a369088cc1a8b88ace459c7e54/element - {"using":"xpath","value":"//header/div/div/div/div/div/div[2]/div/span"}
RESULT: {"using":"xpath","value":"//header/div/div/div/div/div/div[2]/div/span"}
COMMAND: GET /session/8fa5e6a369088cc1a8b88ace459c7e54/element/f.9A359EC67B0A42D5197B3FB8A3231305.d.36E60DA690F17B354CBE59E2DF7EEC4A.e.1820/text - {}
RESULT: {}
COMMAND: POST /session/8fa5e6a369088cc1a8b88ace459c7e54/execute/async - {"script":"<script> [1562 bytes]","args":[{"selector":{"id":"application-managepartners-display-component---detailPtm--partnerType"},"wdio_ui5_key":"applicationmanagepartners-display-component---detailPtm--partnerType"}]}
RESULT: {"script":"<script> [1562 bytes]","args":[{"selector":{"id":"application-managepartners-display-component---detailPtm--partnerType"},"wdio_ui5_key":"applicationmanagepartners-display-component---detailPtm--partnerType"}]}
RESULT: undefined
COMMAND: POST /session/8fa5e6a369088cc1a8b88ace459c7e54/execute/async - {"script":"<script> [6424 bytes]","args":[{"element-6066-11e4-a52e-4f735466cecf":"f.9A359EC67B0A42D5197B3FB8A3231305.d.36E60DA690F17B354CBE59E2DF7EEC4A.e.1821"},"getText",[]]}
RESULT: {"script":"<script> [6424 bytes]","args":[{"element-6066-11e4-a52e-4f735466cecf":"f.9A359EC67B0A42D5197B3FB8A3231305.d.36E60DA690F17B354CBE59E2DF7EEC4A.e.1821"},"getText",[]]}
COMMAND: POST /session/8fa5e6a369088cc1a8b88ace459c7e54/element - {"using":"css selector","value":"#shell-header-logo"}
RESULT: {"using":"css selector","value":"#shell-header-logo"}
COMMAND: POST /session/8fa5e6a369088cc1a8b88ace459c7e54/element/f.9A359EC67B0A42D5197B3FB8A3231305.d.36E60DA690F17B354CBE59E2DF7EEC4A.e.1173/click - {}
RESULT: {}
COMMAND: GET /session/8fa5e6a369088cc1a8b88ace459c7e54/screenshot - {}
RESULT: {}
COMMAND: POST /session/8fa5e6a369088cc1a8b88ace459c7e54/execute/async - {"script":"<script> [1562 bytes]","args":[{"selector":{"controlType":"sap.m.GenericTile","properties":{"header":"Manage Sites"}},"wdio_ui5_key":"sapm.GenericTile{\"header\":\"Manage Sites\"}"}]}
RESULT: {"script":"<script> [1562 bytes]","args":[{"selector":{"controlType":"sap.m.GenericTile","properties":{"header":"Manage Sites"}},"wdio_ui5_key":"sapm.GenericTile{\"header\":\"Manage Sites\"}"}]}
RESULT: undefined
COMMAND: POST /session/8fa5e6a369088cc1a8b88ace459c7e54/element - {"using":"xpath","value":"//*[@id=\"__tile40\"]"}
RESULT: {"using":"xpath","value":"//*[@id=\"__tile40\"]"}
COMMAND: POST /session/8fa5e6a369088cc1a8b88ace459c7e54/element/f.9A359EC67B0A42D5197B3FB8A3231305.d.36E60DA690F17B354CBE59E2DF7EEC4A.e.1823/click - {}
RESULT: {}
COMMAND: GET /session/8fa5e6a369088cc1a8b88ace459c7e54/screenshot - {}
RESULT: {}
COMMAND: POST /session/8fa5e6a369088cc1a8b88ace459c7e54/execute/async - {"script":"<script> [1562 bytes]","args":[{"selector":{"controlType":"sap.ui.core.Icon","viewName":"etm.portal.ui.managesites.view.Master","viewId":"application-managesites-display-component---masterSite","properties":{"src":{"regex":{"source":"add"}}}},"wdio_ui5_key":"etmportal.ui.managesites.view.Mastersap.ui.core.Icon{\"src\":{\"regex\":{\"source\":\"add\"}}}"}]}
RESULT: {"script":"<script> [1562 bytes]","args":[{"selector":{"controlType":"sap.ui.core.Icon","viewName":"etm.portal.ui.managesites.view.Master","viewId":"application-managesites-display-component---masterSite","properties":{"src":{"regex":{"source":"add"}}}},"wdio_ui5_key":"etmportal.ui.managesites.view.Mastersap.ui.core.Icon{\"src\":{\"regex\":{\"source\":\"add\"}}}"}]}
RESULT: undefined
COMMAND: POST /session/8fa5e6a369088cc1a8b88ace459c7e54/element - {"using":"xpath","value":"//*[@id=\"__button52-img\"]"}
RESULT: {"using":"xpath","value":"//*[@id=\"__button52-img\"]"}
COMMAND: POST /session/8fa5e6a369088cc1a8b88ace459c7e54/element/f.9A359EC67B0A42D5197B3FB8A3231305.d.36E60DA690F17B354CBE59E2DF7EEC4A.e.1873/click - {}
RESULT: {}
COMMAND: POST /session/8fa5e6a369088cc1a8b88ace459c7e54/execute/async - {"script":"<script> [1562 bytes]","args":[{"selector":{"id":"application-managesites-display-component---NewSite--siteId","interaction":{"idSuffix":"inner"}},"wdio_ui5_key":"applicationmanagesites-display-component---NewSite--siteId"}]}
COMMAND: GET /session/8fa5e6a369088cc1a8b88ace459c7e54/screenshot - {}
RESULT: {"script":"<script> [1562 bytes]","args":[{"selector":{"id":"application-managesites-display-component---NewSite--siteId","interaction":{"idSuffix":"inner"}},"wdio_ui5_key":"applicationmanagesites-display-component---NewSite--siteId"}]}
RESULT: undefined
COMMAND: POST /session/8fa5e6a369088cc1a8b88ace459c7e54/execute/async - {"script":"<script> [1562 bytes]","args":[{"selector":{"id":"application-managesites-display-component---NewSite--addressDetailDetailsName1","interaction":{"idSuffix":"inner"}},"wdio_ui5_key":"applicationmanagesites-display-component---NewSite--addressDetailDetailsName1"}]}
RESULT: {}
RESULT: {"script":"<script> [1562 bytes]","args":[{"selector":{"id":"application-managesites-display-component---NewSite--addressDetailDetailsName1","interaction":{"idSuffix":"inner"}},"wdio_ui5_key":"applicationmanagesites-display-component---NewSite--addressDetailDetailsName1"}]}
RESULT: undefined
COMMAND: POST /session/8fa5e6a369088cc1a8b88ace459c7e54/execute/async - {"script":"<script> [776 bytes]","args":[{"enterText":"WebdriverSite9fhu6","selector":{"id":"application-managesites-display-component---NewSite--addressDetailDetailsName1","interaction":{"idSuffix":"inner"}},"clearTextFirst":true,"interactionType":"ENTER_TEXT"}]}
RESULT: {"script":"<script> [776 bytes]","args":[{"enterText":"WebdriverSite9fhu6","selector":{"id":"application-managesites-display-component---NewSite--addressDetailDetailsName1","interaction":{"idSuffix":"inner"}},"clearTextFirst":true,"interactionType":"ENTER_TEXT"}]}
COMMAND: POST /session/8fa5e6a369088cc1a8b88ace459c7e54/execute/async - {"script":"<script> [1562 bytes]","args":[{"selector":{"id":"application-managesites-display-component---NewSite--addressDetailDetailsLanguage","interaction":{"idSuffix":"inner"}},"wdio_ui5_key":"applicationmanagesites-display-component---NewSite--addressDetailDetailsLanguage"}]}
RESULT: {"script":"<script> [1562 bytes]","args":[{"selector":{"id":"application-managesites-display-component---NewSite--addressDetailDetailsLanguage","interaction":{"idSuffix":"inner"}},"wdio_ui5_key":"applicationmanagesites-display-component---NewSite--addressDetailDetailsLanguage"}]}
RESULT: undefined
COMMAND: POST /session/8fa5e6a369088cc1a8b88ace459c7e54/execute/async - {"script":"<script> [776 bytes]","args":[{"enterText":"Romanian","selector":{"id":"application-managesites-display-component---NewSite--addressDetailDetailsLanguage","interaction":{"idSuffix":"inner"}},"clearTextFirst":true,"interactionType":"ENTER_TEXT"}]}
RESULT: {"script":"<script> [776 bytes]","args":[{"enterText":"Romanian","selector":{"id":"application-managesites-display-component---NewSite--addressDetailDetailsLanguage","interaction":{"idSuffix":"inner"}},"clearTextFirst":true,"interactionType":"ENTER_TEXT"}]}
COMMAND: POST /session/8fa5e6a369088cc1a8b88ace459c7e54/execute/async - {"script":"<script> [1562 bytes]","args":[{"selector":{"id":"application-managesites-display-component---NewSite--addressDetailDetailsCity1","interaction":{"idSuffix":"inner"}},"wdio_ui5_key":"applicationmanagesites-display-component---NewSite--addressDetailDetailsCity1"}]}
RESULT: {"script":"<script> [1562 bytes]","args":[{"selector":{"id":"application-managesites-display-component---NewSite--addressDetailDetailsCity1","interaction":{"idSuffix":"inner"}},"wdio_ui5_key":"applicationmanagesites-display-component---NewSite--addressDetailDetailsCity1"}]}
RESULT: undefined
COMMAND: POST /session/8fa5e6a369088cc1a8b88ace459c7e54/execute/async - {"script":"<script> [776 bytes]","args":[{"enterText":"Bucharest","selector":{"id":"application-managesites-display-component---NewSite--addressDetailDetailsCity1","interaction":{"idSuffix":"inner"}},"clearTextFirst":true,"interactionType":"ENTER_TEXT"}]}
RESULT: {"script":"<script> [776 bytes]","args":[{"enterText":"Bucharest","selector":{"id":"application-managesites-display-component---NewSite--addressDetailDetailsCity1","interaction":{"idSuffix":"inner"}},"clearTextFirst":true,"interactionType":"ENTER_TEXT"}]}
COMMAND: POST /session/8fa5e6a369088cc1a8b88ace459c7e54/execute/async - {"script":"<script> [1562 bytes]","args":[{"selector":{"id":"application-managesites-display-component---NewSite--addressDetailDetailsCountry","interaction":{"idSuffix":"inner"}},"wdio_ui5_key":"applicationmanagesites-display-component---NewSite--addressDetailDetailsCountry"}]}
RESULT: {"script":"<script> [1562 bytes]","args":[{"selector":{"id":"application-managesites-display-component---NewSite--addressDetailDetailsCountry","interaction":{"idSuffix":"inner"}},"wdio_ui5_key":"applicationmanagesites-display-component---NewSite--addressDetailDetailsCountry"}]}
RESULT: undefined
COMMAND: POST /session/8fa5e6a369088cc1a8b88ace459c7e54/execute/async - {"script":"<script> [776 bytes]","args":[{"enterText":"Romania","selector":{"id":"application-managesites-display-component---NewSite--addressDetailDetailsCountry","interaction":{"idSuffix":"inner"}},"clearTextFirst":true,"interactionType":"ENTER_TEXT"}]}
RESULT: {"script":"<script> [776 bytes]","args":[{"enterText":"Romania","selector":{"id":"application-managesites-display-component---NewSite--addressDetailDetailsCountry","interaction":{"idSuffix":"inner"}},"clearTextFirst":true,"interactionType":"ENTER_TEXT"}]}
COMMAND: POST /session/8fa5e6a369088cc1a8b88ace459c7e54/element - {"using":"css selector","value":"#application-managesites-display-component---NewSite--addressDetailDetailsCalendar-inner"}
RESULT: {"using":"css selector","value":"#application-managesites-display-component---NewSite--addressDetailDetailsCalendar-inner"}
COMMAND: POST /session/8fa5e6a369088cc1a8b88ace459c7e54/element/f.9A359EC67B0A42D5197B3FB8A3231305.d.36E60DA690F17B354CBE59E2DF7EEC4A.e.2091/clear - {}
RESULT: {}
COMMAND: POST /session/8fa5e6a369088cc1a8b88ace459c7e54/element/f.9A359EC67B0A42D5197B3FB8A3231305.d.36E60DA690F17B354CBE59E2DF7EEC4A.e.2091/value - {"text":"Germany"}
COMMAND: GET /session/8fa5e6a369088cc1a8b88ace459c7e54/screenshot - {}
RESULT: {"text":"Germany"}
COMMAND: POST /session/8fa5e6a369088cc1a8b88ace459c7e54/execute/async - {"script":"<script> [1562 bytes]","args":[{"selector":{"id":"application-managesites-display-component---NewSite--addressEditDetailsCostObjectCstType-arrow"},"wdio_ui5_key":"applicationmanagesites-display-component---NewSite--addressEditDetailsCostObjectCstType-arrow"}]}
COMMAND: GET /session/8fa5e6a369088cc1a8b88ace459c7e54/screenshot - {}
RESULT: {}
RESULT: {"script":"<script> [1562 bytes]","args":[{"selector":{"id":"application-managesites-display-component---NewSite--addressEditDetailsCostObjectCstType-arrow"},"wdio_ui5_key":"applicationmanagesites-display-component---NewSite--addressEditDetailsCostObjectCstType-arrow"}]}
RESULT: undefined
COMMAND: POST /session/8fa5e6a369088cc1a8b88ace459c7e54/element - {"using":"xpath","value":"//*[@id=\"application-managesites-display-component---NewSite--addressEditDetailsCostObjectCstType-arrow\"]"}
RESULT: {}
RESULT: {"using":"xpath","value":"//*[@id=\"application-managesites-display-component---NewSite--addressEditDetailsCostObjectCstType-arrow\"]"}
COMMAND: POST /session/8fa5e6a369088cc1a8b88ace459c7e54/element/f.9A359EC67B0A42D5197B3FB8A3231305.d.36E60DA690F17B354CBE59E2DF7EEC4A.e.2252/click - {}
RESULT: {}
COMMAND: POST /session/8fa5e6a369088cc1a8b88ace459c7e54/element - {"using":"xpath","value":"//span[contains(text(), \"Work Breakdown Structure\")]"}
COMMAND: GET /session/8fa5e6a369088cc1a8b88ace459c7e54/screenshot - {}
RESULT: {"using":"xpath","value":"//span[contains(text(), \"Work Breakdown Structure\")]"}
COMMAND: POST /session/8fa5e6a369088cc1a8b88ace459c7e54/element/f.9A359EC67B0A42D5197B3FB8A3231305.d.36E60DA690F17B354CBE59E2DF7EEC4A.e.2253/click - {}
RESULT: {}
RESULT: {}
COMMAND: GET /session/8fa5e6a369088cc1a8b88ace459c7e54/screenshot - {}
RESULT: {}
COMMAND: POST /session/8fa5e6a369088cc1a8b88ace459c7e54/execute/async - {"script":"<script> [1562 bytes]","args":[{"selector":{"id":"application-managesites-display-component---NewSite--addressNewCostObjectCstID-vhi"},"wdio_ui5_key":"applicationmanagesites-display-component---NewSite--addressNewCostObjectCstID-vhi"}]}
RESULT: {"script":"<script> [1562 bytes]","args":[{"selector":{"id":"application-managesites-display-component---NewSite--addressNewCostObjectCstID-vhi"},"wdio_ui5_key":"applicationmanagesites-display-component---NewSite--addressNewCostObjectCstID-vhi"}]}
RESULT: undefined
COMMAND: POST /session/8fa5e6a369088cc1a8b88ace459c7e54/element - {"using":"xpath","value":"//*[@id=\"application-managesites-display-component---NewSite--addressNewCostObjectCstID-vhi\"]"}
RESULT: {"using":"xpath","value":"//*[@id=\"application-managesites-display-component---NewSite--addressNewCostObjectCstID-vhi\"]"}
COMMAND: POST /session/8fa5e6a369088cc1a8b88ace459c7e54/element/f.9A359EC67B0A42D5197B3FB8A3231305.d.36E60DA690F17B354CBE59E2DF7EEC4A.e.2258/click - {}
RESULT: {}
COMMAND: GET /session/8fa5e6a369088cc1a8b88ace459c7e54/screenshot - {}
RESULT: {}
COMMAND: POST /session/8fa5e6a369088cc1a8b88ace459c7e54/execute/async - {"script":"<script> [1562 bytes]","args":[{"selector":{"controlType":"sap.m.SearchField","properties":{"placeholder":"Search"},"searchOpenDialogs":true,"interaction":{"idSuffix":"I"}},"wdio_ui5_key":"sapm.SearchField{\"placeholder\":\"Search\"}"}]}
RESULT: {"script":"<script> [1562 bytes]","args":[{"selector":{"controlType":"sap.m.SearchField","properties":{"placeholder":"Search"},"searchOpenDialogs":true,"interaction":{"idSuffix":"I"}},"wdio_ui5_key":"sapm.SearchField{\"placeholder\":\"Search\"}"}]}
RESULT: undefined
COMMAND: POST /session/8fa5e6a369088cc1a8b88ace459c7e54/execute/async - {"script":"<script> [776 bytes]","args":[{"enterText":"A1-000100-01","selector":{"controlType":"sap.m.SearchField","properties":{"placeholder":"Search"},"searchOpenDialogs":true,"interaction":{"idSuffix":"I"}},"clearTextFirst":true,"interactionType":"ENTER_TEXT"}]}
RESULT: {"script":"<script> [776 bytes]","args":[{"enterText":"A1-000100-01","selector":{"controlType":"sap.m.SearchField","properties":{"placeholder":"Search"},"searchOpenDialogs":true,"interaction":{"idSuffix":"I"}},"clearTextFirst":true,"interactionType":"ENTER_TEXT"}]}
COMMAND: POST /session/8fa5e6a369088cc1a8b88ace459c7e54/actions - {"actions":[{"id":"action3","type":"key","parameters":{},"actions":[{"type":"keyDown","value":"î€‡"},{"type":"pause","duration":10},{"type":"keyUp","value":"î€‡"}]}]}
RESULT: {"actions":[{"id":"action3","type":"key","parameters":{},"actions":[{"type":"keyDown","value":"î€‡"},{"type":"pause","duration":10},{"type":"keyUp","value":"î€‡"}]}]}
COMMAND: GET /session/8fa5e6a369088cc1a8b88ace459c7e54/screenshot - {}
RESULT: {}
COMMAND: POST /session/8fa5e6a369088cc1a8b88ace459c7e54/element - {"using":"xpath","value":"//span[contains(text(), \"Template for ETO-Process\")]"}
RESULT: {"using":"xpath","value":"//span[contains(text(), \"Template for ETO-Process\")]"}
COMMAND: POST /session/8fa5e6a369088cc1a8b88ace459c7e54/element/f.9A359EC67B0A42D5197B3FB8A3231305.d.36E60DA690F17B354CBE59E2DF7EEC4A.e.2278/click - {}
RESULT: {}
COMMAND: GET /session/8fa5e6a369088cc1a8b88ace459c7e54/screenshot - {}
RESULT: {}
COMMAND: POST /session/8fa5e6a369088cc1a8b88ace459c7e54/element - {"using":"xpath","value":"//bdi[contains(text(), \"OK\")]"}
RESULT: {"using":"xpath","value":"//bdi[contains(text(), \"OK\")]"}
COMMAND: POST /session/8fa5e6a369088cc1a8b88ace459c7e54/element/f.9A359EC67B0A42D5197B3FB8A3231305.d.36E60DA690F17B354CBE59E2DF7EEC4A.e.2279/click - {}
RESULT: {}
COMMAND: GET /session/8fa5e6a369088cc1a8b88ace459c7e54/screenshot - {}
RESULT: {}
COMMAND: POST /session/8fa5e6a369088cc1a8b88ace459c7e54/element - {"using":"xpath","value":"//input[@id=\"application-managesites-display-component---NewSite--addressDetailDetailsYard-inner\"]"}
RESULT: {"using":"xpath","value":"//input[@id=\"application-managesites-display-component---NewSite--addressDetailDetailsYard-inner\"]"}
COMMAND: POST /session/8fa5e6a369088cc1a8b88ace459c7e54/element/f.9A359EC67B0A42D5197B3FB8A3231305.d.36E60DA690F17B354CBE59E2DF7EEC4A.e.2092/value - {"text":"672"}
RESULT: {"text":"672"}
COMMAND: GET /session/8fa5e6a369088cc1a8b88ace459c7e54/screenshot - {}
RESULT: {}
COMMAND: POST /session/8fa5e6a369088cc1a8b88ace459c7e54/actions - {"actions":[{"id":"action4","type":"key","parameters":{},"actions":[{"type":"keyDown","value":"î€‡"},{"type":"pause","duration":10},{"type":"keyUp","value":"î€‡"}]}]}
RESULT: {"actions":[{"id":"action4","type":"key","parameters":{},"actions":[{"type":"keyDown","value":"î€‡"},{"type":"pause","duration":10},{"type":"keyUp","value":"î€‡"}]}]}
COMMAND: GET /session/8fa5e6a369088cc1a8b88ace459c7e54/screenshot - {}
RESULT: {}
COMMAND: POST /session/8fa5e6a369088cc1a8b88ace459c7e54/element - {"using":"xpath","value":"//input[@id=\"application-managesites-display-component---NewSite--addressDetailDetailsPartner-inner\"]"}
RESULT: {"using":"xpath","value":"//input[@id=\"application-managesites-display-component---NewSite--addressDetailDetailsPartner-inner\"]"}
COMMAND: POST /session/8fa5e6a369088cc1a8b88ace459c7e54/elements - {"using":"xpath","value":"//input[@id=\"application-managesites-display-component---NewSite--addressDetailDetailsPartner-inner\"]"}
RESULT: {"using":"xpath","value":"//input[@id=\"application-managesites-display-component---NewSite--addressDetailDetailsPartner-inner\"]"}
COMMAND: POST /session/8fa5e6a369088cc1a8b88ace459c7e54/execute/async - {"script":"<script> [1562 bytes]","args":[{"selector":{"controlType":"sap.m.Button","viewName":"etm.portal.ui.managesites.view.NewSmartSite","viewId":"application-managesites-display-component---NewSite","properties":{"text":"Commercial"},"interaction":{"idSuffix":"BDI-content"}},"wdio_ui5_key":"etmportal.ui.managesites.view.NewSmartSitesap.m.Button{\"text\":\"Commercial\"}"}]}
RESULT: {"script":"<script> [1562 bytes]","args":[{"selector":{"controlType":"sap.m.Button","viewName":"etm.portal.ui.managesites.view.NewSmartSite","viewId":"application-managesites-display-component---NewSite","properties":{"text":"Commercial"},"interaction":{"idSuffix":"BDI-content"}},"wdio_ui5_key":"etmportal.ui.managesites.view.NewSmartSitesap.m.Button{\"text\":\"Commercial\"}"}]}
RESULT: undefined
COMMAND: POST /session/8fa5e6a369088cc1a8b88ace459c7e54/element - {"using":"xpath","value":"//*[@id=\"application-managesites-display-component---NewSite--ObjectPageLayout-anchBar-__section31-anchor\"]"}
RESULT: {"using":"xpath","value":"//*[@id=\"application-managesites-display-component---NewSite--ObjectPageLayout-anchBar-__section31-anchor\"]"}
COMMAND: POST /session/8fa5e6a369088cc1a8b88ace459c7e54/element/f.9A359EC67B0A42D5197B3FB8A3231305.d.36E60DA690F17B354CBE59E2DF7EEC4A.e.2286/click - {}
RESULT: {}
COMMAND: POST /session/8fa5e6a369088cc1a8b88ace459c7e54/execute/async - {"script":"<script> [1562 bytes]","args":[{"selector":{"controlType":"sap.m.Button","viewName":"etm.portal.ui.managesites.view.NewSmartSite","viewId":"application-managesites-display-component---NewSite","i18NText":{"propertyName":"text","key":"save"},"interaction":{"idSuffix":"BDI-content"}},"wdio_ui5_key":"etmportal.ui.managesites.view.NewSmartSitesap.m.Button{\"propertyName\":\"text\",\"key\":\"save\"}"}]}
COMMAND: GET /session/8fa5e6a369088cc1a8b88ace459c7e54/screenshot - {}
RESULT: {"script":"<script> [1562 bytes]","args":[{"selector":{"controlType":"sap.m.Button","viewName":"etm.portal.ui.managesites.view.NewSmartSite","viewId":"application-managesites-display-component---NewSite","i18NText":{"propertyName":"text","key":"save"},"interaction":{"idSuffix":"BDI-content"}},"wdio_ui5_key":"etmportal.ui.managesites.view.NewSmartSitesap.m.Button{\"propertyName\":\"text\",\"key\":\"save\"}"}]}
RESULT: undefined
COMMAND: POST /session/8fa5e6a369088cc1a8b88ace459c7e54/element - {"using":"xpath","value":"//*[@id=\"__button64\"]"}
RESULT: {}
RESULT: {"using":"xpath","value":"//*[@id=\"__button64\"]"}
COMMAND: POST /session/8fa5e6a369088cc1a8b88ace459c7e54/element/f.9A359EC67B0A42D5197B3FB8A3231305.d.36E60DA690F17B354CBE59E2DF7EEC4A.e.2228/click - {}
RESULT: {}
COMMAND: GET /session/8fa5e6a369088cc1a8b88ace459c7e54/screenshot - {}
RESULT: {}
COMMAND: POST /session/8fa5e6a369088cc1a8b88ace459c7e54/execute/async - {"script":"<script> [1562 bytes]","args":[{"selector":{"id":"application-managesites-display-component---detailSite--addressDetailDetailsYardText"},"wdio_ui5_key":"applicationmanagesites-display-component---detailSite--addressDetailDetailsYardText"}]}
RESULT: {"script":"<script> [1562 bytes]","args":[{"selector":{"id":"application-managesites-display-component---detailSite--addressDetailDetailsYardText"},"wdio_ui5_key":"applicationmanagesites-display-component---detailSite--addressDetailDetailsYardText"}]}
RESULT: undefined
COMMAND: POST /session/8fa5e6a369088cc1a8b88ace459c7e54/element - {"using":"xpath","value":"//header/div/div[2]/div[2]/span"}
RESULT: {"using":"xpath","value":"//header/div/div[2]/div[2]/span"}
COMMAND: GET /session/8fa5e6a369088cc1a8b88ace459c7e54/element/f.9A359EC67B0A42D5197B3FB8A3231305.d.36E60DA690F17B354CBE59E2DF7EEC4A.e.2494/text - {}
RESULT: {}
COMMAND: POST /session/8fa5e6a369088cc1a8b88ace459c7e54/element - {"using":"xpath","value":"//header/div/div/div/div/div/div[2]/div/span"}
RESULT: {"using":"xpath","value":"//header/div/div/div/div/div/div[2]/div/span"}
COMMAND: GET /session/8fa5e6a369088cc1a8b88ace459c7e54/element/f.9A359EC67B0A42D5197B3FB8A3231305.d.36E60DA690F17B354CBE59E2DF7EEC4A.e.2495/text - {}
RESULT: {}
COMMAND: POST /session/8fa5e6a369088cc1a8b88ace459c7e54/element - {"using":"css selector","value":"#shell-header-logo"}
RESULT: {"using":"css selector","value":"#shell-header-logo"}
COMMAND: POST /session/8fa5e6a369088cc1a8b88ace459c7e54/element/f.9A359EC67B0A42D5197B3FB8A3231305.d.36E60DA690F17B354CBE59E2DF7EEC4A.e.1828/click - {}
RESULT: {}
COMMAND: GET /session/8fa5e6a369088cc1a8b88ace459c7e54/screenshot - {}
RESULT: {}
]]></system-out>
    </testcase>
  </testsuite>
  <testsuite timestamp="2025-05-07T18:03:26" time="61.449" tests="1" failures="1" errors="1" skipped="0">
    <properties>
      <property name="specId" value="0" />
      <property name="suiteName" value="Manage contracts - revert request US152962" />
      <property name="capabilities" value="chrome.136_0_7103_49.windows" />
      <property name="file" value="file:///D:/a/1/s/test/specs/R2C/manage-contracts-revert-request.spec.js" />
    </properties>
  </testsuite>
  <testsuite timestamp="2025-05-07T18:04:28" time="204.345" tests="4" failures="4" errors="4" skipped="0">
    <properties>
      <property name="specId" value="0" />
      <property name="suiteName" value="Standard contract close-reopen US111278" />
      <property name="capabilities" value="chrome.136_0_7103_49.windows" />
      <property name="file" value="file:///D:/a/1/s/test/specs/R2C/standard-contract-close-reopen.spec.js" />
    </properties>
  </testsuite>
  <testsuite timestamp="2025-05-07T18:07:52" time="76.117" tests="1" failures="1" errors="1" skipped="0">
    <properties>
      <property name="specId" value="0" />
      <property name="suiteName" value="Standard contract decline US151279" />
      <property name="capabilities" value="chrome.136_0_7103_49.windows" />
      <property name="file" value="file:///D:/a/1/s/test/specs/R2C/standard-contract-decline.spec.js" />
    </properties>
  </testsuite>
  <testsuite timestamp="2025-05-07T18:09:08" time="131.35" tests="2" failures="2" errors="2" skipped="0">
    <properties>
      <property name="specId" value="0" />
      <property name="suiteName" value="Insert service into a contract US152956" />
      <property name="capabilities" value="chrome.136_0_7103_49.windows" />
      <property name="file" value="file:///D:/a/1/s/test/specs/R2C/insert-service-into-a-contract.spec.js" />
    </properties>
  </testsuite>
  <testsuite timestamp="2025-05-07T18:11:20" time="139.605" tests="2" failures="2" errors="2" skipped="0">
    <properties>
      <property name="specId" value="0" />
      <property name="suiteName" value="Reduced contract US151275" />
      <property name="capabilities" value="chrome.136_0_7103_49.windows" />
      <property name="file" value="file:///D:/a/1/s/test/specs/R2C/reduced-contract-creation.spec.js" />
    </properties>
  </testsuite>
  <testsuite timestamp="2025-05-07T18:13:39" time="1409.964" tests="7" failures="0" errors="0" skipped="0">
    <properties>
      <property name="specId" value="0" />
      <property name="suiteName" value="E2E - Logistical and commercial statuses" />
      <property name="capabilities" value="chrome.136_0_7103_49.windows" />
      <property name="file" value="file:///D:/a/1/s/test/specs/R2C/E2E-Logistical-and-commercial-status.spec.js" />
    </properties>
    <testcase classname="chrome.136_0_7103_49.windows.E2E_-_Logistical_and_commercial_statuses" name="Should create prerequisites yard partner and site" time="308.345">
      <system-out><![CDATA[
COMMAND: POST /session/8fa5e6a369088cc1a8b88ace459c7e54/execute/async - {"script":"<script> [1562 bytes]","args":[{"selector":{"controlType":"sap.m.GenericTile","properties":{"header":"Manage Yards"}},"wdio_ui5_key":"sapm.GenericTile{\"header\":\"Manage Yards\"}"}]}
RESULT: {"script":"<script> [1562 bytes]","args":[{"selector":{"controlType":"sap.m.GenericTile","properties":{"header":"Manage Yards"}},"wdio_ui5_key":"sapm.GenericTile{\"header\":\"Manage Yards\"}"}]}
RESULT: undefined
COMMAND: POST /session/8fa5e6a369088cc1a8b88ace459c7e54/element - {"using":"xpath","value":"//*[@id=\"__tile41\"]"}
RESULT: {"using":"xpath","value":"//*[@id=\"__tile41\"]"}
COMMAND: POST /session/8fa5e6a369088cc1a8b88ace459c7e54/element/f.9A359EC67B0A42D5197B3FB8A3231305.d.8EFFF901A7AFEB765B23DC1F7758C287.e.3593/click - {}
RESULT: {}
COMMAND: GET /session/8fa5e6a369088cc1a8b88ace459c7e54/screenshot - {}
RESULT: {}
COMMAND: POST /session/8fa5e6a369088cc1a8b88ace459c7e54/execute/async - {"script":"<script> [1562 bytes]","args":[{"selector":{"controlType":"sap.ui.core.Icon","viewName":"etm.portal.ui.manageyards.view.Master","viewId":"application-manageyards-display-component---masterYard","properties":{"src":{"regex":{"source":"add"}}}},"wdio_ui5_key":"etmportal.ui.manageyards.view.Mastersap.ui.core.Icon{\"src\":{\"regex\":{\"source\":\"add\"}}}"}]}
RESULT: {"script":"<script> [1562 bytes]","args":[{"selector":{"controlType":"sap.ui.core.Icon","viewName":"etm.portal.ui.manageyards.view.Master","viewId":"application-manageyards-display-component---masterYard","properties":{"src":{"regex":{"source":"add"}}}},"wdio_ui5_key":"etmportal.ui.manageyards.view.Mastersap.ui.core.Icon{\"src\":{\"regex\":{\"source\":\"add\"}}}"}]}
RESULT: undefined
COMMAND: POST /session/8fa5e6a369088cc1a8b88ace459c7e54/element - {"using":"xpath","value":"//*[@id=\"__button4-img\"]"}
RESULT: {"using":"xpath","value":"//*[@id=\"__button4-img\"]"}
COMMAND: POST /session/8fa5e6a369088cc1a8b88ace459c7e54/element/f.9A359EC67B0A42D5197B3FB8A3231305.d.8EFFF901A7AFEB765B23DC1F7758C287.e.3639/click - {}
RESULT: {}
COMMAND: GET /session/8fa5e6a369088cc1a8b88ace459c7e54/screenshot - {}
RESULT: {}
COMMAND: POST /session/8fa5e6a369088cc1a8b88ace459c7e54/execute/async - {"script":"<script> [1562 bytes]","args":[{"selector":{"id":"application-manageyards-display-component---NewYard--yardId","interaction":{"idSuffix":"inner"}},"wdio_ui5_key":"applicationmanageyards-display-component---NewYard--yardId"}]}
RESULT: {"script":"<script> [1562 bytes]","args":[{"selector":{"id":"application-manageyards-display-component---NewYard--yardId","interaction":{"idSuffix":"inner"}},"wdio_ui5_key":"applicationmanageyards-display-component---NewYard--yardId"}]}
RESULT: undefined
COMMAND: POST /session/8fa5e6a369088cc1a8b88ace459c7e54/element - {"using":"xpath","value":"//*[@id=\"application-manageyards-display-component---NewYard--addressDetailDetailsName1-inner\"]"}
RESULT: {"using":"xpath","value":"//*[@id=\"application-manageyards-display-component---NewYard--addressDetailDetailsName1-inner\"]"}
COMMAND: POST /session/8fa5e6a369088cc1a8b88ace459c7e54/element/f.9A359EC67B0A42D5197B3FB8A3231305.d.8EFFF901A7AFEB765B23DC1F7758C287.e.3852/clear - {}
RESULT: {}
COMMAND: POST /session/8fa5e6a369088cc1a8b88ace459c7e54/element/f.9A359EC67B0A42D5197B3FB8A3231305.d.8EFFF901A7AFEB765B23DC1F7758C287.e.3852/value - {"text":"WebdriverYard7i81vf"}
COMMAND: GET /session/8fa5e6a369088cc1a8b88ace459c7e54/screenshot - {}
RESULT: {"text":"WebdriverYard7i81vf"}
COMMAND: POST /session/8fa5e6a369088cc1a8b88ace459c7e54/element - {"using":"xpath","value":"//*[@id=\"application-manageyards-display-component---NewYard--addressDetailDetailsLanguage-inner\"]"}
COMMAND: GET /session/8fa5e6a369088cc1a8b88ace459c7e54/screenshot - {}
RESULT: {}
RESULT: {"using":"xpath","value":"//*[@id=\"application-manageyards-display-component---NewYard--addressDetailDetailsLanguage-inner\"]"}
COMMAND: POST /session/8fa5e6a369088cc1a8b88ace459c7e54/element/f.9A359EC67B0A42D5197B3FB8A3231305.d.8EFFF901A7AFEB765B23DC1F7758C287.e.3853/clear - {}
RESULT: {}
RESULT: {}
COMMAND: POST /session/8fa5e6a369088cc1a8b88ace459c7e54/element/f.9A359EC67B0A42D5197B3FB8A3231305.d.8EFFF901A7AFEB765B23DC1F7758C287.e.3853/value - {"text":"Romanian"}
COMMAND: GET /session/8fa5e6a369088cc1a8b88ace459c7e54/screenshot - {}
RESULT: {"text":"Romanian"}
COMMAND: POST /session/8fa5e6a369088cc1a8b88ace459c7e54/element - {"using":"xpath","value":"//input[contains(@id ,\"application-manageyards-display-component---NewYard--addressDetailDetailsName1-inner\")]"}
COMMAND: GET /session/8fa5e6a369088cc1a8b88ace459c7e54/screenshot - {}
RESULT: {}
RESULT: {"using":"xpath","value":"//input[contains(@id ,\"application-manageyards-display-component---NewYard--addressDetailDetailsName1-inner\")]"}
COMMAND: GET /session/8fa5e6a369088cc1a8b88ace459c7e54/element/f.9A359EC67B0A42D5197B3FB8A3231305.d.8EFFF901A7AFEB765B23DC1F7758C287.e.3852/property/value - {}
RESULT: {}
RESULT: {}
COMMAND: GET /session/8fa5e6a369088cc1a8b88ace459c7e54/screenshot - {}
RESULT: {}
COMMAND: POST /session/8fa5e6a369088cc1a8b88ace459c7e54/element - {"using":"xpath","value":"//*[@id=\"application-manageyards-display-component---NewYard--addressDetailDetailsCity1-inner\"]"}
RESULT: {"using":"xpath","value":"//*[@id=\"application-manageyards-display-component---NewYard--addressDetailDetailsCity1-inner\"]"}
COMMAND: POST /session/8fa5e6a369088cc1a8b88ace459c7e54/element/f.9A359EC67B0A42D5197B3FB8A3231305.d.8EFFF901A7AFEB765B23DC1F7758C287.e.3855/clear - {}
RESULT: {}
COMMAND: POST /session/8fa5e6a369088cc1a8b88ace459c7e54/element/f.9A359EC67B0A42D5197B3FB8A3231305.d.8EFFF901A7AFEB765B23DC1F7758C287.e.3855/value - {"text":"Bucuresti"}
COMMAND: GET /session/8fa5e6a369088cc1a8b88ace459c7e54/screenshot - {}
RESULT: {"text":"Bucuresti"}
COMMAND: GET /session/8fa5e6a369088cc1a8b88ace459c7e54/screenshot - {}
RESULT: {}
RESULT: {}
COMMAND: POST /session/8fa5e6a369088cc1a8b88ace459c7e54/element - {"using":"xpath","value":"//*[@id=\"application-manageyards-display-component---NewYard--addressDetailDetailsCountry-inner\"]"}
RESULT: {"using":"xpath","value":"//*[@id=\"application-manageyards-display-component---NewYard--addressDetailDetailsCountry-inner\"]"}
COMMAND: POST /session/8fa5e6a369088cc1a8b88ace459c7e54/element/f.9A359EC67B0A42D5197B3FB8A3231305.d.8EFFF901A7AFEB765B23DC1F7758C287.e.3859/clear - {}
RESULT: {}
COMMAND: POST /session/8fa5e6a369088cc1a8b88ace459c7e54/element/f.9A359EC67B0A42D5197B3FB8A3231305.d.8EFFF901A7AFEB765B23DC1F7758C287.e.3859/value - {"text":"Romania"}
COMMAND: GET /session/8fa5e6a369088cc1a8b88ace459c7e54/screenshot - {}
RESULT: {"text":"Romania"}
COMMAND: GET /session/8fa5e6a369088cc1a8b88ace459c7e54/screenshot - {}
RESULT: {}
RESULT: {}
COMMAND: POST /session/8fa5e6a369088cc1a8b88ace459c7e54/element - {"using":"xpath","value":"//div[contains(text(), \"Commercial\")]"}
RESULT: {"using":"xpath","value":"//div[contains(text(), \"Commercial\")]"}
COMMAND: GET /session/8fa5e6a369088cc1a8b88ace459c7e54/element/f.9A359EC67B0A42D5197B3FB8A3231305.d.8EFFF901A7AFEB765B23DC1F7758C287.e.4048/rect - {}
RESULT: {}
COMMAND: GET /session/8fa5e6a369088cc1a8b88ace459c7e54/window/rect - {}
RESULT: {}
COMMAND: POST /session/8fa5e6a369088cc1a8b88ace459c7e54/execute/sync - {"script":"<script> [92 bytes]","args":[]}
RESULT: {"script":"<script> [92 bytes]","args":[]}
COMMAND: POST /session/8fa5e6a369088cc1a8b88ace459c7e54/actions - {"actions":[{"id":"action8","type":"wheel","parameters":{},"actions":[{"type":"scroll","x":-1841,"y":-44,"deltaX":0,"deltaY":0,"duration":0,"origin":{"element-6066-11e4-a52e-4f735466cecf":"f.9A359EC67B0A42D5197B3FB8A3231305.d.8EFFF901A7AFEB765B23DC1F7758C287.e.4048"}}]}]}
COMMAND: GET /session/8fa5e6a369088cc1a8b88ace459c7e54/screenshot - {}
RESULT: {}
COMMAND: POST /session/8fa5e6a369088cc1a8b88ace459c7e54/execute/sync - {"script":"<script> [79 bytes]","args":[{"element-6066-11e4-a52e-4f735466cecf":"f.9A359EC67B0A42D5197B3FB8A3231305.d.8EFFF901A7AFEB765B23DC1F7758C287.e.4048","ELEMENT":"f.9A359EC67B0A42D5197B3FB8A3231305.d.8EFFF901A7AFEB765B23DC1F7758C287.e.4048"},{"block":"start","inline":"nearest"}]}
RESULT: {"script":"<script> [79 bytes]","args":[{"element-6066-11e4-a52e-4f735466cecf":"f.9A359EC67B0A42D5197B3FB8A3231305.d.8EFFF901A7AFEB765B23DC1F7758C287.e.4048","ELEMENT":"f.9A359EC67B0A42D5197B3FB8A3231305.d.8EFFF901A7AFEB765B23DC1F7758C287.e.4048"},{"block":"start","inline":"nearest"}]}
COMMAND: GET /session/8fa5e6a369088cc1a8b88ace459c7e54/screenshot - {}
COMMAND: POST /session/8fa5e6a369088cc1a8b88ace459c7e54/execute/async - {"script":"<script> [1562 bytes]","args":[{"selector":{"id":"application-manageyards-display-component---NewYard--addressEditDetailsCostObjectCstType-arrow"},"wdio_ui5_key":"applicationmanageyards-display-component---NewYard--addressEditDetailsCostObjectCstType-arrow"}]}
RESULT: {}
RESULT: {"script":"<script> [1562 bytes]","args":[{"selector":{"id":"application-manageyards-display-component---NewYard--addressEditDetailsCostObjectCstType-arrow"},"wdio_ui5_key":"applicationmanageyards-display-component---NewYard--addressEditDetailsCostObjectCstType-arrow"}]}
RESULT: undefined
COMMAND: POST /session/8fa5e6a369088cc1a8b88ace459c7e54/element - {"using":"xpath","value":"//*[@id=\"application-manageyards-display-component---NewYard--addressEditDetailsCostObjectCstType-arrow\"]"}
RESULT: {"using":"xpath","value":"//*[@id=\"application-manageyards-display-component---NewYard--addressEditDetailsCostObjectCstType-arrow\"]"}
COMMAND: POST /session/8fa5e6a369088cc1a8b88ace459c7e54/element/f.9A359EC67B0A42D5197B3FB8A3231305.d.8EFFF901A7AFEB765B23DC1F7758C287.e.4056/click - {}
RESULT: {}
COMMAND: POST /session/8fa5e6a369088cc1a8b88ace459c7e54/element - {"using":"xpath","value":"//span[contains(text(), \"Cost Center\")]"}
COMMAND: GET /session/8fa5e6a369088cc1a8b88ace459c7e54/screenshot - {}
RESULT: {"using":"xpath","value":"//span[contains(text(), \"Cost Center\")]"}
COMMAND: POST /session/8fa5e6a369088cc1a8b88ace459c7e54/element/f.9A359EC67B0A42D5197B3FB8A3231305.d.8EFFF901A7AFEB765B23DC1F7758C287.e.4057/click - {}
RESULT: {}
RESULT: {}
COMMAND: GET /session/8fa5e6a369088cc1a8b88ace459c7e54/screenshot - {}
RESULT: {}
COMMAND: POST /session/8fa5e6a369088cc1a8b88ace459c7e54/execute/async - {"script":"<script> [1562 bytes]","args":[{"selector":{"id":"application-manageyards-display-component---NewYard--addressNewCostObjectCstID-vhi"},"wdio_ui5_key":"applicationmanageyards-display-component---NewYard--addressNewCostObjectCstID-vhi"}]}
RESULT: {"script":"<script> [1562 bytes]","args":[{"selector":{"id":"application-manageyards-display-component---NewYard--addressNewCostObjectCstID-vhi"},"wdio_ui5_key":"applicationmanageyards-display-component---NewYard--addressNewCostObjectCstID-vhi"}]}
RESULT: undefined
COMMAND: POST /session/8fa5e6a369088cc1a8b88ace459c7e54/element - {"using":"xpath","value":"//*[@id=\"application-manageyards-display-component---NewYard--addressNewCostObjectCstID-vhi\"]"}
RESULT: {"using":"xpath","value":"//*[@id=\"application-manageyards-display-component---NewYard--addressNewCostObjectCstID-vhi\"]"}
COMMAND: POST /session/8fa5e6a369088cc1a8b88ace459c7e54/element/f.9A359EC67B0A42D5197B3FB8A3231305.d.8EFFF901A7AFEB765B23DC1F7758C287.e.4061/click - {}
RESULT: {}
COMMAND: GET /session/8fa5e6a369088cc1a8b88ace459c7e54/screenshot - {}
RESULT: {}
COMMAND: POST /session/8fa5e6a369088cc1a8b88ace459c7e54/execute/async - {"script":"<script> [1562 bytes]","args":[{"selector":{"controlType":"sap.m.SearchField","properties":{"placeholder":"Search"},"searchOpenDialogs":true,"interaction":{"idSuffix":"I"}},"wdio_ui5_key":"sapm.SearchField{\"placeholder\":\"Search\"}"}]}
RESULT: {"script":"<script> [1562 bytes]","args":[{"selector":{"controlType":"sap.m.SearchField","properties":{"placeholder":"Search"},"searchOpenDialogs":true,"interaction":{"idSuffix":"I"}},"wdio_ui5_key":"sapm.SearchField{\"placeholder\":\"Search\"}"}]}
RESULT: undefined
COMMAND: POST /session/8fa5e6a369088cc1a8b88ace459c7e54/execute/async - {"script":"<script> [776 bytes]","args":[{"enterText":"10001013","selector":{"controlType":"sap.m.SearchField","properties":{"placeholder":"Search"},"searchOpenDialogs":true,"interaction":{"idSuffix":"I"}},"clearTextFirst":true,"interactionType":"ENTER_TEXT"}]}
RESULT: {"script":"<script> [776 bytes]","args":[{"enterText":"10001013","selector":{"controlType":"sap.m.SearchField","properties":{"placeholder":"Search"},"searchOpenDialogs":true,"interaction":{"idSuffix":"I"}},"clearTextFirst":true,"interactionType":"ENTER_TEXT"}]}
COMMAND: POST /session/8fa5e6a369088cc1a8b88ace459c7e54/actions - {"actions":[{"id":"action9","type":"key","parameters":{},"actions":[{"type":"keyDown","value":"î€‡"},{"type":"pause","duration":10},{"type":"keyUp","value":"î€‡"}]}]}
RESULT: {"actions":[{"id":"action9","type":"key","parameters":{},"actions":[{"type":"keyDown","value":"î€‡"},{"type":"pause","duration":10},{"type":"keyUp","value":"î€‡"}]}]}
COMMAND: GET /session/8fa5e6a369088cc1a8b88ace459c7e54/screenshot - {}
RESULT: {}
COMMAND: POST /session/8fa5e6a369088cc1a8b88ace459c7e54/element - {"using":"xpath","value":"//span[contains(text(), \"General Management\")]"}
RESULT: {"using":"xpath","value":"//span[contains(text(), \"General Management\")]"}
COMMAND: POST /session/8fa5e6a369088cc1a8b88ace459c7e54/element/f.9A359EC67B0A42D5197B3FB8A3231305.d.8EFFF901A7AFEB765B23DC1F7758C287.e.4103/click - {}
RESULT: {}
COMMAND: GET /session/8fa5e6a369088cc1a8b88ace459c7e54/screenshot - {}
RESULT: {}
COMMAND: POST /session/8fa5e6a369088cc1a8b88ace459c7e54/element - {"using":"xpath","value":"//bdi[contains(text(), \"OK\")]"}
RESULT: {"using":"xpath","value":"//bdi[contains(text(), \"OK\")]"}
COMMAND: POST /session/8fa5e6a369088cc1a8b88ace459c7e54/element/f.9A359EC67B0A42D5197B3FB8A3231305.d.8EFFF901A7AFEB765B23DC1F7758C287.e.4104/click - {}
RESULT: {}
COMMAND: GET /session/8fa5e6a369088cc1a8b88ace459c7e54/screenshot - {}
RESULT: {}
COMMAND: POST /session/8fa5e6a369088cc1a8b88ace459c7e54/execute/async - {"script":"<script> [1562 bytes]","args":[{"selector":{"controlType":"sap.m.Button","viewName":"etm.portal.ui.manageyards.view.New","viewId":"application-manageyards-display-component---NewYard","i18NText":{"propertyName":"text","key":"save"},"interaction":{"idSuffix":"inner"}},"wdio_ui5_key":"etmportal.ui.manageyards.view.Newsap.m.Button{\"propertyName\":\"text\",\"key\":\"save\"}"}]}
RESULT: {"script":"<script> [1562 bytes]","args":[{"selector":{"controlType":"sap.m.Button","viewName":"etm.portal.ui.manageyards.view.New","viewId":"application-manageyards-display-component---NewYard","i18NText":{"propertyName":"text","key":"save"},"interaction":{"idSuffix":"inner"}},"wdio_ui5_key":"etmportal.ui.manageyards.view.Newsap.m.Button{\"propertyName\":\"text\",\"key\":\"save\"}"}]}
RESULT: undefined
COMMAND: POST /session/8fa5e6a369088cc1a8b88ace459c7e54/element - {"using":"xpath","value":"//*[@id=\"__button18\"]"}
RESULT: {"using":"xpath","value":"//*[@id=\"__button18\"]"}
COMMAND: POST /session/8fa5e6a369088cc1a8b88ace459c7e54/element/f.9A359EC67B0A42D5197B3FB8A3231305.d.8EFFF901A7AFEB765B23DC1F7758C287.e.4028/click - {}
RESULT: {}
COMMAND: GET /session/8fa5e6a369088cc1a8b88ace459c7e54/screenshot - {}
RESULT: {}
COMMAND: POST /session/8fa5e6a369088cc1a8b88ace459c7e54/element - {"using":"xpath","value":"//header/div/div[2]/div[2]/span"}
RESULT: {"using":"xpath","value":"//header/div/div[2]/div[2]/span"}
COMMAND: GET /session/8fa5e6a369088cc1a8b88ace459c7e54/element/f.9A359EC67B0A42D5197B3FB8A3231305.d.8EFFF901A7AFEB765B23DC1F7758C287.e.4303/text - {}
RESULT: {}
COMMAND: POST /session/8fa5e6a369088cc1a8b88ace459c7e54/execute/async - {"script":"<script> [1562 bytes]","args":[{"selector":{"controlType":"sap.m.OverflowToolbarButton","viewName":"etm.portal.ui.manageyards.view.Detail","viewId":"application-manageyards-display-component---detailYard","i18NText":{"propertyName":"tooltip","key":"closeColumn"},"interaction":{"idSuffix":"inner"}},"wdio_ui5_key":"etmportal.ui.manageyards.view.Detailsap.m.OverflowToolbarButton{\"propertyName\":\"tooltip\",\"key\":\"closeColumn\"}"}]}
RESULT: {"script":"<script> [1562 bytes]","args":[{"selector":{"controlType":"sap.m.OverflowToolbarButton","viewName":"etm.portal.ui.manageyards.view.Detail","viewId":"application-manageyards-display-component---detailYard","i18NText":{"propertyName":"tooltip","key":"closeColumn"},"interaction":{"idSuffix":"inner"}},"wdio_ui5_key":"etmportal.ui.manageyards.view.Detailsap.m.OverflowToolbarButton{\"propertyName\":\"tooltip\",\"key\":\"closeColumn\"}"}]}
RESULT: undefined
COMMAND: POST /session/8fa5e6a369088cc1a8b88ace459c7e54/element - {"using":"xpath","value":"//*[@id=\"__button42\"]"}
RESULT: {"using":"xpath","value":"//*[@id=\"__button42\"]"}
COMMAND: POST /session/8fa5e6a369088cc1a8b88ace459c7e54/element/f.9A359EC67B0A42D5197B3FB8A3231305.d.8EFFF901A7AFEB765B23DC1F7758C287.e.4305/click - {}
RESULT: {}
COMMAND: GET /session/8fa5e6a369088cc1a8b88ace459c7e54/screenshot - {}
RESULT: {}
COMMAND: POST /session/8fa5e6a369088cc1a8b88ace459c7e54/element - {"using":"css selector","value":"#shell-header-logo"}
RESULT: {"using":"css selector","value":"#shell-header-logo"}
COMMAND: POST /session/8fa5e6a369088cc1a8b88ace459c7e54/element/f.9A359EC67B0A42D5197B3FB8A3231305.d.8EFFF901A7AFEB765B23DC1F7758C287.e.3592/click - {}
RESULT: {}
COMMAND: GET /session/8fa5e6a369088cc1a8b88ace459c7e54/screenshot - {}
RESULT: {}
COMMAND: POST /session/8fa5e6a369088cc1a8b88ace459c7e54/refresh - {}
RESULT: {}
COMMAND: GET /session/8fa5e6a369088cc1a8b88ace459c7e54/screenshot - {}
RESULT: {}
COMMAND: POST /session/8fa5e6a369088cc1a8b88ace459c7e54/execute/async - {"script":"<script> [189 bytes]","args":[]}
RESULT: {"script":"<script> [189 bytes]","args":[]}
COMMAND: POST /session/8fa5e6a369088cc1a8b88ace459c7e54/execute/async - {"script":"<script> [123 bytes]","args":[]}
RESULT: {"script":"<script> [123 bytes]","args":[]}
COMMAND: POST /session/8fa5e6a369088cc1a8b88ace459c7e54/timeouts - {"script":"<number>"}
RESULT: {"script":"<number>"}
COMMAND: GET /session/8fa5e6a369088cc1a8b88ace459c7e54/timeouts - {}
RESULT: {}
RESULT: undefined
COMMAND: POST /session/8fa5e6a369088cc1a8b88ace459c7e54/execute/async - {"script":"<script> [2676 bytes]","args":[]}
RESULT: {"script":"<script> [2676 bytes]","args":[]}
COMMAND: POST /session/8fa5e6a369088cc1a8b88ace459c7e54/execute/async - {"script":"<script> [2342 bytes]","args":[{"protocol":"http","hostname":"0.0.0.0","path":"/","capabilities":{"browserName":"chrome","goog:chromeOptions":{"binary":"C:\\Program Files\\Google\\Chrome\\Application\\chrome.exe","args":["--start-maximized"]}},"logLevel":"warn","connectionRetryTimeout":120000,"connectionRetryCount":3,"logLevels":{},"enableDirectConnect":true,"strictSSL":true,"_":"65 more keys: [\"cacheDir\",\"port\",\"requestedCapabilities\",\"automationProtocol\",\"baseUrl\",\"waitforInterval\",\"waitforTimeout\",\"onReload\",\"beforeCommand\",\"afterCommand\",\"rootDir\",\"specs\",\"suites\",\"exclude\",\"groupLogsByTestSpec\",\"excludeDriverLogs\",\"bail\",\"framework\",\"reporters\",\"services\",\"maxInstances\",\"maxInstancesPerCapability\",\"injectGlobals\",\"filesToWatch\",\"execArgv\",\"runnerEnv\",\"runner\",\"shard\",\"specFileRetries\",\"specFileRetriesDelay\",\"specFileRetriesDeferred\",\"reporterSyncInterval\",\"reporterSyncTimeout\",\"cucumberFeaturesWithLineNumbers\",\"autoCompileOpts\",\"mochaOpts\",\"jasmineOpts\",\"cucumberOpts\",\"onPrepare\",\"onWorkerStart\",\"onWorkerEnd\",\"before\",\"beforeSession\",\"beforeSuite\",\"beforeHook\",\"beforeTest\",\"afterTest\",\"afterHook\",\"afterSuite\",\"afterSession\",\"after\",\"onComplete\",\"beforeAssertion\",\"afterAssertion\",\"beforeFeature\",\"beforeScenario\",\"beforeStep\",\"afterStep\",\"afterScenario\",\"afterFeature\",\"_\",\"suite\",\"$0\",\"ignoredWorkerServices\",\"wdi5\"]"}]}
RESULT: {"script":"<script> [2342 bytes]","args":[{"protocol":"http","hostname":"0.0.0.0","path":"/","capabilities":{"browserName":"chrome","goog:chromeOptions":{"binary":"C:\\Program Files\\Google\\Chrome\\Application\\chrome.exe","args":["--start-maximized"]}},"logLevel":"warn","connectionRetryTimeout":120000,"connectionRetryCount":3,"logLevels":{},"enableDirectConnect":true,"strictSSL":true,"_":"65 more keys: [\"cacheDir\",\"port\",\"requestedCapabilities\",\"automationProtocol\",\"baseUrl\",\"waitforInterval\",\"waitforTimeout\",\"onReload\",\"beforeCommand\",\"afterCommand\",\"rootDir\",\"specs\",\"suites\",\"exclude\",\"groupLogsByTestSpec\",\"excludeDriverLogs\",\"bail\",\"framework\",\"reporters\",\"services\",\"maxInstances\",\"maxInstancesPerCapability\",\"injectGlobals\",\"filesToWatch\",\"execArgv\",\"runnerEnv\",\"runner\",\"shard\",\"specFileRetries\",\"specFileRetriesDelay\",\"specFileRetriesDeferred\",\"reporterSyncInterval\",\"reporterSyncTimeout\",\"cucumberFeaturesWithLineNumbers\",\"autoCompileOpts\",\"mochaOpts\",\"jasmineOpts\",\"cucumberOpts\",\"onPrepare\",\"onWorkerStart\",\"onWorkerEnd\",\"before\",\"beforeSession\",\"beforeSuite\",\"beforeHook\",\"beforeTest\",\"afterTest\",\"afterHook\",\"afterSuite\",\"afterSession\",\"after\",\"onComplete\",\"beforeAssertion\",\"afterAssertion\",\"beforeFeature\",\"beforeScenario\",\"beforeStep\",\"afterStep\",\"afterScenario\",\"afterFeature\",\"_\",\"suite\",\"$0\",\"ignoredWorkerServices\",\"wdi5\"]"}]}
COMMAND: POST /session/8fa5e6a369088cc1a8b88ace459c7e54/execute/async - {"script":"<script> [21126 bytes]","args":[35000]}
RESULT: {"script":"<script> [21126 bytes]","args":[35000]}
COMMAND: POST /session/8fa5e6a369088cc1a8b88ace459c7e54/execute/async - {"script":"<script> [1562 bytes]","args":[{"selector":{"controlType":"sap.m.GenericTile","properties":{"header":"Manage Partners"}},"wdio_ui5_key":"sapm.GenericTile{\"header\":\"Manage Partners\"}"}]}
RESULT: {"script":"<script> [1562 bytes]","args":[{"selector":{"controlType":"sap.m.GenericTile","properties":{"header":"Manage Partners"}},"wdio_ui5_key":"sapm.GenericTile{\"header\":\"Manage Partners\"}"}]}
RESULT: undefined
COMMAND: POST /session/8fa5e6a369088cc1a8b88ace459c7e54/element - {"using":"xpath","value":"//*[@id=\"__tile38\"]"}
RESULT: {"using":"xpath","value":"//*[@id=\"__tile38\"]"}
COMMAND: POST /session/8fa5e6a369088cc1a8b88ace459c7e54/element/f.9A359EC67B0A42D5197B3FB8A3231305.d.680A8A086559601A5F716C554C076C7F.e.4656/click - {}
RESULT: {}
COMMAND: GET /session/8fa5e6a369088cc1a8b88ace459c7e54/screenshot - {}
RESULT: {}
COMMAND: POST /session/8fa5e6a369088cc1a8b88ace459c7e54/execute/async - {"script":"<script> [1562 bytes]","args":[{"selector":{"controlType":"sap.ui.core.Icon","viewName":"etm.portal.ui.managepartners.view.Master","viewId":"application-managepartners-display-component---masterPtm","properties":{"src":{"regex":{"source":"add"}}}},"wdio_ui5_key":"etmportal.ui.managepartners.view.Mastersap.ui.core.Icon{\"src\":{\"regex\":{\"source\":\"add\"}}}"}]}
RESULT: {"script":"<script> [1562 bytes]","args":[{"selector":{"controlType":"sap.ui.core.Icon","viewName":"etm.portal.ui.managepartners.view.Master","viewId":"application-managepartners-display-component---masterPtm","properties":{"src":{"regex":{"source":"add"}}}},"wdio_ui5_key":"etmportal.ui.managepartners.view.Mastersap.ui.core.Icon{\"src\":{\"regex\":{\"source\":\"add\"}}}"}]}
RESULT: undefined
COMMAND: POST /session/8fa5e6a369088cc1a8b88ace459c7e54/element - {"using":"xpath","value":"//*[@id=\"__button4-img\"]"}
RESULT: {"using":"xpath","value":"//*[@id=\"__button4-img\"]"}
COMMAND: POST /session/8fa5e6a369088cc1a8b88ace459c7e54/element/f.9A359EC67B0A42D5197B3FB8A3231305.d.680A8A086559601A5F716C554C076C7F.e.4706/click - {}
RESULT: {}
COMMAND: GET /session/8fa5e6a369088cc1a8b88ace459c7e54/screenshot - {}
RESULT: {}
COMMAND: POST /session/8fa5e6a369088cc1a8b88ace459c7e54/execute/async - {"script":"<script> [1562 bytes]","args":[{"selector":{"id":"application-managepartners-display-component---NewPartner--partnerId","interaction":{"idSuffix":"inner"}},"wdio_ui5_key":"applicationmanagepartners-display-component---NewPartner--partnerId"}]}
RESULT: {"script":"<script> [1562 bytes]","args":[{"selector":{"id":"application-managepartners-display-component---NewPartner--partnerId","interaction":{"idSuffix":"inner"}},"wdio_ui5_key":"applicationmanagepartners-display-component---NewPartner--partnerId"}]}
RESULT: undefined
COMMAND: POST /session/8fa5e6a369088cc1a8b88ace459c7e54/execute/async - {"script":"<script> [1562 bytes]","args":[{"selector":{"id":"application-managepartners-display-component---NewPartner--addressDetailDetailsName1","interaction":{"idSuffix":"inner"}},"wdio_ui5_key":"applicationmanagepartners-display-component---NewPartner--addressDetailDetailsName1"}]}
RESULT: {"script":"<script> [1562 bytes]","args":[{"selector":{"id":"application-managepartners-display-component---NewPartner--addressDetailDetailsName1","interaction":{"idSuffix":"inner"}},"wdio_ui5_key":"applicationmanagepartners-display-component---NewPartner--addressDetailDetailsName1"}]}
RESULT: undefined
COMMAND: POST /session/8fa5e6a369088cc1a8b88ace459c7e54/execute/async - {"script":"<script> [776 bytes]","args":[{"enterText":"WebdriverPartnera8kar","selector":{"id":"application-managepartners-display-component---NewPartner--addressDetailDetailsName1","interaction":{"idSuffix":"inner"}},"clearTextFirst":true,"interactionType":"ENTER_TEXT"}]}
RESULT: {"script":"<script> [776 bytes]","args":[{"enterText":"WebdriverPartnera8kar","selector":{"id":"application-managepartners-display-component---NewPartner--addressDetailDetailsName1","interaction":{"idSuffix":"inner"}},"clearTextFirst":true,"interactionType":"ENTER_TEXT"}]}
COMMAND: POST /session/8fa5e6a369088cc1a8b88ace459c7e54/execute/async - {"script":"<script> [1562 bytes]","args":[{"selector":{"id":"application-managepartners-display-component---NewPartner--addressDetailDetailsLanguage","interaction":{"idSuffix":"inner"}},"wdio_ui5_key":"applicationmanagepartners-display-component---NewPartner--addressDetailDetailsLanguage"}]}
RESULT: {"script":"<script> [1562 bytes]","args":[{"selector":{"id":"application-managepartners-display-component---NewPartner--addressDetailDetailsLanguage","interaction":{"idSuffix":"inner"}},"wdio_ui5_key":"applicationmanagepartners-display-component---NewPartner--addressDetailDetailsLanguage"}]}
RESULT: undefined
COMMAND: POST /session/8fa5e6a369088cc1a8b88ace459c7e54/execute/async - {"script":"<script> [776 bytes]","args":[{"enterText":"Romanian","selector":{"id":"application-managepartners-display-component---NewPartner--addressDetailDetailsLanguage","interaction":{"idSuffix":"inner"}},"clearTextFirst":true,"interactionType":"ENTER_TEXT"}]}
RESULT: {"script":"<script> [776 bytes]","args":[{"enterText":"Romanian","selector":{"id":"application-managepartners-display-component---NewPartner--addressDetailDetailsLanguage","interaction":{"idSuffix":"inner"}},"clearTextFirst":true,"interactionType":"ENTER_TEXT"}]}
COMMAND: POST /session/8fa5e6a369088cc1a8b88ace459c7e54/element - {"using":"xpath","value":"//input[contains(@id ,\"application-managepartners-display-component---NewPartner--addressDetailDetailsName1-inner\")]"}
RESULT: {"using":"xpath","value":"//input[contains(@id ,\"application-managepartners-display-component---NewPartner--addressDetailDetailsName1-inner\")]"}
COMMAND: GET /session/8fa5e6a369088cc1a8b88ace459c7e54/element/f.9A359EC67B0A42D5197B3FB8A3231305.d.680A8A086559601A5F716C554C076C7F.e.4880/property/value - {}
RESULT: {}
COMMAND: POST /session/8fa5e6a369088cc1a8b88ace459c7e54/execute/async - {"script":"<script> [1562 bytes]","args":[{"selector":{"id":"application-managepartners-display-component---NewPartner--addressDetailDetailsCity1","interaction":{"idSuffix":"inner"}},"wdio_ui5_key":"applicationmanagepartners-display-component---NewPartner--addressDetailDetailsCity1"}]}
COMMAND: GET /session/8fa5e6a369088cc1a8b88ace459c7e54/screenshot - {}
RESULT: {"script":"<script> [1562 bytes]","args":[{"selector":{"id":"application-managepartners-display-component---NewPartner--addressDetailDetailsCity1","interaction":{"idSuffix":"inner"}},"wdio_ui5_key":"applicationmanagepartners-display-component---NewPartner--addressDetailDetailsCity1"}]}
RESULT: undefined
COMMAND: POST /session/8fa5e6a369088cc1a8b88ace459c7e54/execute/async - {"script":"<script> [776 bytes]","args":[{"enterText":"Bucharest","selector":{"id":"application-managepartners-display-component---NewPartner--addressDetailDetailsCity1","interaction":{"idSuffix":"inner"}},"clearTextFirst":true,"interactionType":"ENTER_TEXT"}]}
RESULT: {}
RESULT: {"script":"<script> [776 bytes]","args":[{"enterText":"Bucharest","selector":{"id":"application-managepartners-display-component---NewPartner--addressDetailDetailsCity1","interaction":{"idSuffix":"inner"}},"clearTextFirst":true,"interactionType":"ENTER_TEXT"}]}
COMMAND: POST /session/8fa5e6a369088cc1a8b88ace459c7e54/execute/async - {"script":"<script> [1562 bytes]","args":[{"selector":{"id":"application-managepartners-display-component---NewPartner--addressDetailDetailsCountry","interaction":{"idSuffix":"inner"}},"wdio_ui5_key":"applicationmanagepartners-display-component---NewPartner--addressDetailDetailsCountry"}]}
RESULT: {"script":"<script> [1562 bytes]","args":[{"selector":{"id":"application-managepartners-display-component---NewPartner--addressDetailDetailsCountry","interaction":{"idSuffix":"inner"}},"wdio_ui5_key":"applicationmanagepartners-display-component---NewPartner--addressDetailDetailsCountry"}]}
RESULT: undefined
COMMAND: POST /session/8fa5e6a369088cc1a8b88ace459c7e54/execute/async - {"script":"<script> [6424 bytes]","args":[{"element-6066-11e4-a52e-4f735466cecf":"f.9A359EC67B0A42D5197B3FB8A3231305.d.680A8A086559601A5F716C554C076C7F.e.4887"},"setValue",["Romania"]]}
RESULT: {"script":"<script> [6424 bytes]","args":[{"element-6066-11e4-a52e-4f735466cecf":"f.9A359EC67B0A42D5197B3FB8A3231305.d.680A8A086559601A5F716C554C076C7F.e.4887"},"setValue",["Romania"]]}
COMMAND: POST /session/8fa5e6a369088cc1a8b88ace459c7e54/execute/async - {"script":"<script> [1562 bytes]","args":[{"selector":{"id":"application-managepartners-display-component---NewPartner--partnerDetailInternal","interaction":{"idSuffix":"inner"}},"wdio_ui5_key":"applicationmanagepartners-display-component---NewPartner--partnerDetailInternal"}]}
RESULT: {"script":"<script> [1562 bytes]","args":[{"selector":{"id":"application-managepartners-display-component---NewPartner--partnerDetailInternal","interaction":{"idSuffix":"inner"}},"wdio_ui5_key":"applicationmanagepartners-display-component---NewPartner--partnerDetailInternal"}]}
RESULT: undefined
COMMAND: POST /session/8fa5e6a369088cc1a8b88ace459c7e54/execute/async - {"script":"<script> [776 bytes]","args":[{"enterText":"External partner","selector":{"id":"application-managepartners-display-component---NewPartner--partnerDetailInternal","interaction":{"idSuffix":"inner"}},"clearTextFirst":true,"interactionType":"ENTER_TEXT"}]}
RESULT: {"script":"<script> [776 bytes]","args":[{"enterText":"External partner","selector":{"id":"application-managepartners-display-component---NewPartner--partnerDetailInternal","interaction":{"idSuffix":"inner"}},"clearTextFirst":true,"interactionType":"ENTER_TEXT"}]}
COMMAND: POST /session/8fa5e6a369088cc1a8b88ace459c7e54/execute/async - {"script":"<script> [1562 bytes]","args":[{"selector":{"id":"application-managepartners-display-component---NewPartner--partnerDetailsCurrency","interaction":{"idSuffix":"inner"}},"wdio_ui5_key":"applicationmanagepartners-display-component---NewPartner--partnerDetailsCurrency"}]}
RESULT: {"script":"<script> [1562 bytes]","args":[{"selector":{"id":"application-managepartners-display-component---NewPartner--partnerDetailsCurrency","interaction":{"idSuffix":"inner"}},"wdio_ui5_key":"applicationmanagepartners-display-component---NewPartner--partnerDetailsCurrency"}]}
RESULT: undefined
COMMAND: POST /session/8fa5e6a369088cc1a8b88ace459c7e54/execute/async - {"script":"<script> [776 bytes]","args":[{"enterText":"Euro","selector":{"id":"application-managepartners-display-component---NewPartner--partnerDetailsCurrency","interaction":{"idSuffix":"inner"}},"clearTextFirst":true,"interactionType":"ENTER_TEXT"}]}
RESULT: {"script":"<script> [776 bytes]","args":[{"enterText":"Euro","selector":{"id":"application-managepartners-display-component---NewPartner--partnerDetailsCurrency","interaction":{"idSuffix":"inner"}},"clearTextFirst":true,"interactionType":"ENTER_TEXT"}]}
COMMAND: POST /session/8fa5e6a369088cc1a8b88ace459c7e54/execute/async - {"script":"<script> [1562 bytes]","args":[{"selector":{"controlType":"sap.m.Button","viewName":"etm.portal.ui.managepartners.view.NewPartner","viewId":"application-managepartners-display-component---NewPartner","properties":{"text":"Commercial"},"interaction":{"idSuffix":"BDI-content"}},"wdio_ui5_key":"etmportal.ui.managepartners.view.NewPartnersap.m.Button{\"text\":\"Commercial\"}"}]}
RESULT: {"script":"<script> [1562 bytes]","args":[{"selector":{"controlType":"sap.m.Button","viewName":"etm.portal.ui.managepartners.view.NewPartner","viewId":"application-managepartners-display-component---NewPartner","properties":{"text":"Commercial"},"interaction":{"idSuffix":"BDI-content"}},"wdio_ui5_key":"etmportal.ui.managepartners.view.NewPartnersap.m.Button{\"text\":\"Commercial\"}"}]}
RESULT: undefined
COMMAND: POST /session/8fa5e6a369088cc1a8b88ace459c7e54/element - {"using":"xpath","value":"//*[@id=\"application-managepartners-display-component---NewPartner--ObjectPageLayout-anchBar-__section5-anchor\"]"}
RESULT: {"using":"xpath","value":"//*[@id=\"application-managepartners-display-component---NewPartner--ObjectPageLayout-anchBar-__section5-anchor\"]"}
COMMAND: POST /session/8fa5e6a369088cc1a8b88ace459c7e54/element/f.9A359EC67B0A42D5197B3FB8A3231305.d.680A8A086559601A5F716C554C076C7F.e.5123/click - {}
RESULT: {}
COMMAND: GET /session/8fa5e6a369088cc1a8b88ace459c7e54/screenshot - {}
RESULT: {}
COMMAND: POST /session/8fa5e6a369088cc1a8b88ace459c7e54/execute/async - {"script":"<script> [1562 bytes]","args":[{"selector":{"id":"application-managepartners-display-component---NewPartner--btnAddTableRow-img"},"wdio_ui5_key":"applicationmanagepartners-display-component---NewPartner--btnAddTableRow-img"}]}
RESULT: {"script":"<script> [1562 bytes]","args":[{"selector":{"id":"application-managepartners-display-component---NewPartner--btnAddTableRow-img"},"wdio_ui5_key":"applicationmanagepartners-display-component---NewPartner--btnAddTableRow-img"}]}
RESULT: undefined
COMMAND: POST /session/8fa5e6a369088cc1a8b88ace459c7e54/element - {"using":"xpath","value":"//*[@id=\"application-managepartners-display-component---NewPartner--btnAddTableRow-img\"]"}
RESULT: {"using":"xpath","value":"//*[@id=\"application-managepartners-display-component---NewPartner--btnAddTableRow-img\"]"}
COMMAND: POST /session/8fa5e6a369088cc1a8b88ace459c7e54/element/f.9A359EC67B0A42D5197B3FB8A3231305.d.680A8A086559601A5F716C554C076C7F.e.5129/click - {}
RESULT: {}
COMMAND: POST /session/8fa5e6a369088cc1a8b88ace459c7e54/element - {"using":"xpath","value":"//input[contains(@id ,\"application-managepartners-display-component---NewPartner--assignmentYard-application-managepartners-display-component---NewPartner\")]"}
COMMAND: GET /session/8fa5e6a369088cc1a8b88ace459c7e54/screenshot - {}
RESULT: {"using":"xpath","value":"//input[contains(@id ,\"application-managepartners-display-component---NewPartner--assignmentYard-application-managepartners-display-component---NewPartner\")]"}
COMMAND: POST /session/8fa5e6a369088cc1a8b88ace459c7e54/element/f.9A359EC67B0A42D5197B3FB8A3231305.d.680A8A086559601A5F716C554C076C7F.e.5133/clear - {}
RESULT: {}
RESULT: {}
COMMAND: POST /session/8fa5e6a369088cc1a8b88ace459c7e54/element/f.9A359EC67B0A42D5197B3FB8A3231305.d.680A8A086559601A5F716C554C076C7F.e.5133/value - {"text":"676"}
COMMAND: GET /session/8fa5e6a369088cc1a8b88ace459c7e54/screenshot - {}
RESULT: {"text":"676"}
COMMAND: GET /session/8fa5e6a369088cc1a8b88ace459c7e54/screenshot - {}
RESULT: {}
RESULT: {}
COMMAND: POST /session/8fa5e6a369088cc1a8b88ace459c7e54/execute/async - {"script":"<script> [1562 bytes]","args":[{"selector":{"controlType":"sap.m.Button","viewName":"etm.portal.ui.managepartners.view.NewPartner","viewId":"application-managepartners-display-component---NewPartner","i18NText":{"propertyName":"text","key":"save"},"interaction":{"idSuffix":"BDI-content"}},"wdio_ui5_key":"etmportal.ui.managepartners.view.NewPartnersap.m.Button{\"propertyName\":\"text\",\"key\":\"save\"}"}]}
RESULT: {"script":"<script> [1562 bytes]","args":[{"selector":{"controlType":"sap.m.Button","viewName":"etm.portal.ui.managepartners.view.NewPartner","viewId":"application-managepartners-display-component---NewPartner","i18NText":{"propertyName":"text","key":"save"},"interaction":{"idSuffix":"BDI-content"}},"wdio_ui5_key":"etmportal.ui.managepartners.view.NewPartnersap.m.Button{\"propertyName\":\"text\",\"key\":\"save\"}"}]}
RESULT: undefined
COMMAND: POST /session/8fa5e6a369088cc1a8b88ace459c7e54/element - {"using":"xpath","value":"//*[@id=\"__button12\"]"}
RESULT: {"using":"xpath","value":"//*[@id=\"__button12\"]"}
COMMAND: POST /session/8fa5e6a369088cc1a8b88ace459c7e54/element/f.9A359EC67B0A42D5197B3FB8A3231305.d.680A8A086559601A5F716C554C076C7F.e.5094/click - {}
RESULT: {}
COMMAND: GET /session/8fa5e6a369088cc1a8b88ace459c7e54/screenshot - {}
RESULT: {}
COMMAND: POST /session/8fa5e6a369088cc1a8b88ace459c7e54/element - {"using":"xpath","value":"//header/div/div[2]/div[2]/span"}
RESULT: {"using":"xpath","value":"//header/div/div[2]/div[2]/span"}
COMMAND: GET /session/8fa5e6a369088cc1a8b88ace459c7e54/element/f.9A359EC67B0A42D5197B3FB8A3231305.d.680A8A086559601A5F716C554C076C7F.e.5304/text - {}
RESULT: {}
COMMAND: POST /session/8fa5e6a369088cc1a8b88ace459c7e54/element - {"using":"xpath","value":"//header/div/div/div/div/div/div[2]/div/span"}
RESULT: {"using":"xpath","value":"//header/div/div/div/div/div/div[2]/div/span"}
COMMAND: GET /session/8fa5e6a369088cc1a8b88ace459c7e54/element/f.9A359EC67B0A42D5197B3FB8A3231305.d.680A8A086559601A5F716C554C076C7F.e.5305/text - {}
RESULT: {}
COMMAND: POST /session/8fa5e6a369088cc1a8b88ace459c7e54/execute/async - {"script":"<script> [1562 bytes]","args":[{"selector":{"id":"application-managepartners-display-component---detailPtm--partnerType"},"wdio_ui5_key":"applicationmanagepartners-display-component---detailPtm--partnerType"}]}
RESULT: {"script":"<script> [1562 bytes]","args":[{"selector":{"id":"application-managepartners-display-component---detailPtm--partnerType"},"wdio_ui5_key":"applicationmanagepartners-display-component---detailPtm--partnerType"}]}
RESULT: undefined
COMMAND: POST /session/8fa5e6a369088cc1a8b88ace459c7e54/execute/async - {"script":"<script> [6424 bytes]","args":[{"element-6066-11e4-a52e-4f735466cecf":"f.9A359EC67B0A42D5197B3FB8A3231305.d.680A8A086559601A5F716C554C076C7F.e.5306"},"getText",[]]}
RESULT: {"script":"<script> [6424 bytes]","args":[{"element-6066-11e4-a52e-4f735466cecf":"f.9A359EC67B0A42D5197B3FB8A3231305.d.680A8A086559601A5F716C554C076C7F.e.5306"},"getText",[]]}
COMMAND: POST /session/8fa5e6a369088cc1a8b88ace459c7e54/element - {"using":"css selector","value":"#shell-header-logo"}
RESULT: {"using":"css selector","value":"#shell-header-logo"}
COMMAND: POST /session/8fa5e6a369088cc1a8b88ace459c7e54/element/f.9A359EC67B0A42D5197B3FB8A3231305.d.680A8A086559601A5F716C554C076C7F.e.4657/click - {}
RESULT: {}
COMMAND: GET /session/8fa5e6a369088cc1a8b88ace459c7e54/screenshot - {}
RESULT: {}
COMMAND: POST /session/8fa5e6a369088cc1a8b88ace459c7e54/execute/async - {"script":"<script> [1562 bytes]","args":[{"selector":{"controlType":"sap.m.GenericTile","properties":{"header":"Manage Sites"}},"wdio_ui5_key":"sapm.GenericTile{\"header\":\"Manage Sites\"}"}]}
RESULT: {"script":"<script> [1562 bytes]","args":[{"selector":{"controlType":"sap.m.GenericTile","properties":{"header":"Manage Sites"}},"wdio_ui5_key":"sapm.GenericTile{\"header\":\"Manage Sites\"}"}]}
RESULT: undefined
COMMAND: POST /session/8fa5e6a369088cc1a8b88ace459c7e54/element - {"using":"xpath","value":"//*[@id=\"__tile40\"]"}
RESULT: {"using":"xpath","value":"//*[@id=\"__tile40\"]"}
COMMAND: POST /session/8fa5e6a369088cc1a8b88ace459c7e54/element/f.9A359EC67B0A42D5197B3FB8A3231305.d.680A8A086559601A5F716C554C076C7F.e.5308/click - {}
RESULT: {}
COMMAND: GET /session/8fa5e6a369088cc1a8b88ace459c7e54/screenshot - {}
RESULT: {}
COMMAND: POST /session/8fa5e6a369088cc1a8b88ace459c7e54/execute/async - {"script":"<script> [1562 bytes]","args":[{"selector":{"controlType":"sap.ui.core.Icon","viewName":"etm.portal.ui.managesites.view.Master","viewId":"application-managesites-display-component---masterSite","properties":{"src":{"regex":{"source":"add"}}}},"wdio_ui5_key":"etmportal.ui.managesites.view.Mastersap.ui.core.Icon{\"src\":{\"regex\":{\"source\":\"add\"}}}"}]}
RESULT: {"script":"<script> [1562 bytes]","args":[{"selector":{"controlType":"sap.ui.core.Icon","viewName":"etm.portal.ui.managesites.view.Master","viewId":"application-managesites-display-component---masterSite","properties":{"src":{"regex":{"source":"add"}}}},"wdio_ui5_key":"etmportal.ui.managesites.view.Mastersap.ui.core.Icon{\"src\":{\"regex\":{\"source\":\"add\"}}}"}]}
RESULT: undefined
COMMAND: POST /session/8fa5e6a369088cc1a8b88ace459c7e54/element - {"using":"xpath","value":"//*[@id=\"__button52-img\"]"}
RESULT: {"using":"xpath","value":"//*[@id=\"__button52-img\"]"}
COMMAND: POST /session/8fa5e6a369088cc1a8b88ace459c7e54/element/f.9A359EC67B0A42D5197B3FB8A3231305.d.680A8A086559601A5F716C554C076C7F.e.5358/click - {}
RESULT: {}
COMMAND: POST /session/8fa5e6a369088cc1a8b88ace459c7e54/execute/async - {"script":"<script> [1562 bytes]","args":[{"selector":{"id":"application-managesites-display-component---NewSite--siteId","interaction":{"idSuffix":"inner"}},"wdio_ui5_key":"applicationmanagesites-display-component---NewSite--siteId"}]}
COMMAND: GET /session/8fa5e6a369088cc1a8b88ace459c7e54/screenshot - {}
RESULT: {"script":"<script> [1562 bytes]","args":[{"selector":{"id":"application-managesites-display-component---NewSite--siteId","interaction":{"idSuffix":"inner"}},"wdio_ui5_key":"applicationmanagesites-display-component---NewSite--siteId"}]}
RESULT: undefined
COMMAND: POST /session/8fa5e6a369088cc1a8b88ace459c7e54/execute/async - {"script":"<script> [1562 bytes]","args":[{"selector":{"id":"application-managesites-display-component---NewSite--addressDetailDetailsName1","interaction":{"idSuffix":"inner"}},"wdio_ui5_key":"applicationmanagesites-display-component---NewSite--addressDetailDetailsName1"}]}
RESULT: {}
RESULT: {"script":"<script> [1562 bytes]","args":[{"selector":{"id":"application-managesites-display-component---NewSite--addressDetailDetailsName1","interaction":{"idSuffix":"inner"}},"wdio_ui5_key":"applicationmanagesites-display-component---NewSite--addressDetailDetailsName1"}]}
RESULT: undefined
COMMAND: POST /session/8fa5e6a369088cc1a8b88ace459c7e54/execute/async - {"script":"<script> [776 bytes]","args":[{"enterText":"WebdriverSite946e4l","selector":{"id":"application-managesites-display-component---NewSite--addressDetailDetailsName1","interaction":{"idSuffix":"inner"}},"clearTextFirst":true,"interactionType":"ENTER_TEXT"}]}
RESULT: {"script":"<script> [776 bytes]","args":[{"enterText":"WebdriverSite946e4l","selector":{"id":"application-managesites-display-component---NewSite--addressDetailDetailsName1","interaction":{"idSuffix":"inner"}},"clearTextFirst":true,"interactionType":"ENTER_TEXT"}]}
COMMAND: POST /session/8fa5e6a369088cc1a8b88ace459c7e54/execute/async - {"script":"<script> [1562 bytes]","args":[{"selector":{"id":"application-managesites-display-component---NewSite--addressDetailDetailsLanguage","interaction":{"idSuffix":"inner"}},"wdio_ui5_key":"applicationmanagesites-display-component---NewSite--addressDetailDetailsLanguage"}]}
RESULT: {"script":"<script> [1562 bytes]","args":[{"selector":{"id":"application-managesites-display-component---NewSite--addressDetailDetailsLanguage","interaction":{"idSuffix":"inner"}},"wdio_ui5_key":"applicationmanagesites-display-component---NewSite--addressDetailDetailsLanguage"}]}
RESULT: undefined
COMMAND: POST /session/8fa5e6a369088cc1a8b88ace459c7e54/execute/async - {"script":"<script> [776 bytes]","args":[{"enterText":"Romanian","selector":{"id":"application-managesites-display-component---NewSite--addressDetailDetailsLanguage","interaction":{"idSuffix":"inner"}},"clearTextFirst":true,"interactionType":"ENTER_TEXT"}]}
RESULT: {"script":"<script> [776 bytes]","args":[{"enterText":"Romanian","selector":{"id":"application-managesites-display-component---NewSite--addressDetailDetailsLanguage","interaction":{"idSuffix":"inner"}},"clearTextFirst":true,"interactionType":"ENTER_TEXT"}]}
COMMAND: POST /session/8fa5e6a369088cc1a8b88ace459c7e54/execute/async - {"script":"<script> [1562 bytes]","args":[{"selector":{"id":"application-managesites-display-component---NewSite--addressDetailDetailsCity1","interaction":{"idSuffix":"inner"}},"wdio_ui5_key":"applicationmanagesites-display-component---NewSite--addressDetailDetailsCity1"}]}
RESULT: {"script":"<script> [1562 bytes]","args":[{"selector":{"id":"application-managesites-display-component---NewSite--addressDetailDetailsCity1","interaction":{"idSuffix":"inner"}},"wdio_ui5_key":"applicationmanagesites-display-component---NewSite--addressDetailDetailsCity1"}]}
RESULT: undefined
COMMAND: POST /session/8fa5e6a369088cc1a8b88ace459c7e54/execute/async - {"script":"<script> [776 bytes]","args":[{"enterText":"Bucharest","selector":{"id":"application-managesites-display-component---NewSite--addressDetailDetailsCity1","interaction":{"idSuffix":"inner"}},"clearTextFirst":true,"interactionType":"ENTER_TEXT"}]}
RESULT: {"script":"<script> [776 bytes]","args":[{"enterText":"Bucharest","selector":{"id":"application-managesites-display-component---NewSite--addressDetailDetailsCity1","interaction":{"idSuffix":"inner"}},"clearTextFirst":true,"interactionType":"ENTER_TEXT"}]}
COMMAND: POST /session/8fa5e6a369088cc1a8b88ace459c7e54/execute/async - {"script":"<script> [1562 bytes]","args":[{"selector":{"id":"application-managesites-display-component---NewSite--addressDetailDetailsCountry","interaction":{"idSuffix":"inner"}},"wdio_ui5_key":"applicationmanagesites-display-component---NewSite--addressDetailDetailsCountry"}]}
RESULT: {"script":"<script> [1562 bytes]","args":[{"selector":{"id":"application-managesites-display-component---NewSite--addressDetailDetailsCountry","interaction":{"idSuffix":"inner"}},"wdio_ui5_key":"applicationmanagesites-display-component---NewSite--addressDetailDetailsCountry"}]}
RESULT: undefined
COMMAND: POST /session/8fa5e6a369088cc1a8b88ace459c7e54/execute/async - {"script":"<script> [776 bytes]","args":[{"enterText":"Romania","selector":{"id":"application-managesites-display-component---NewSite--addressDetailDetailsCountry","interaction":{"idSuffix":"inner"}},"clearTextFirst":true,"interactionType":"ENTER_TEXT"}]}
RESULT: {"script":"<script> [776 bytes]","args":[{"enterText":"Romania","selector":{"id":"application-managesites-display-component---NewSite--addressDetailDetailsCountry","interaction":{"idSuffix":"inner"}},"clearTextFirst":true,"interactionType":"ENTER_TEXT"}]}
COMMAND: POST /session/8fa5e6a369088cc1a8b88ace459c7e54/element - {"using":"css selector","value":"#application-managesites-display-component---NewSite--addressDetailDetailsCalendar-inner"}
RESULT: {"using":"css selector","value":"#application-managesites-display-component---NewSite--addressDetailDetailsCalendar-inner"}
COMMAND: POST /session/8fa5e6a369088cc1a8b88ace459c7e54/element/f.9A359EC67B0A42D5197B3FB8A3231305.d.680A8A086559601A5F716C554C076C7F.e.5601/clear - {}
RESULT: {}
COMMAND: POST /session/8fa5e6a369088cc1a8b88ace459c7e54/element/f.9A359EC67B0A42D5197B3FB8A3231305.d.680A8A086559601A5F716C554C076C7F.e.5601/value - {"text":"Germany"}
COMMAND: GET /session/8fa5e6a369088cc1a8b88ace459c7e54/screenshot - {}
RESULT: {"text":"Germany"}
COMMAND: POST /session/8fa5e6a369088cc1a8b88ace459c7e54/execute/async - {"script":"<script> [1562 bytes]","args":[{"selector":{"id":"application-managesites-display-component---NewSite--addressEditDetailsCostObjectCstType-arrow"},"wdio_ui5_key":"applicationmanagesites-display-component---NewSite--addressEditDetailsCostObjectCstType-arrow"}]}
COMMAND: GET /session/8fa5e6a369088cc1a8b88ace459c7e54/screenshot - {}
RESULT: {}
RESULT: {"script":"<script> [1562 bytes]","args":[{"selector":{"id":"application-managesites-display-component---NewSite--addressEditDetailsCostObjectCstType-arrow"},"wdio_ui5_key":"applicationmanagesites-display-component---NewSite--addressEditDetailsCostObjectCstType-arrow"}]}
RESULT: undefined
COMMAND: POST /session/8fa5e6a369088cc1a8b88ace459c7e54/element - {"using":"xpath","value":"//*[@id=\"application-managesites-display-component---NewSite--addressEditDetailsCostObjectCstType-arrow\"]"}
RESULT: {}
RESULT: {"using":"xpath","value":"//*[@id=\"application-managesites-display-component---NewSite--addressEditDetailsCostObjectCstType-arrow\"]"}
COMMAND: POST /session/8fa5e6a369088cc1a8b88ace459c7e54/element/f.9A359EC67B0A42D5197B3FB8A3231305.d.680A8A086559601A5F716C554C076C7F.e.5753/click - {}
RESULT: {}
COMMAND: POST /session/8fa5e6a369088cc1a8b88ace459c7e54/element - {"using":"xpath","value":"//span[contains(text(), \"Work Breakdown Structure\")]"}
COMMAND: GET /session/8fa5e6a369088cc1a8b88ace459c7e54/screenshot - {}
RESULT: {"using":"xpath","value":"//span[contains(text(), \"Work Breakdown Structure\")]"}
COMMAND: POST /session/8fa5e6a369088cc1a8b88ace459c7e54/element/f.9A359EC67B0A42D5197B3FB8A3231305.d.680A8A086559601A5F716C554C076C7F.e.5754/click - {}
RESULT: {}
RESULT: {}
COMMAND: GET /session/8fa5e6a369088cc1a8b88ace459c7e54/screenshot - {}
RESULT: {}
COMMAND: POST /session/8fa5e6a369088cc1a8b88ace459c7e54/execute/async - {"script":"<script> [1562 bytes]","args":[{"selector":{"id":"application-managesites-display-component---NewSite--addressNewCostObjectCstID-vhi"},"wdio_ui5_key":"applicationmanagesites-display-component---NewSite--addressNewCostObjectCstID-vhi"}]}
RESULT: {"script":"<script> [1562 bytes]","args":[{"selector":{"id":"application-managesites-display-component---NewSite--addressNewCostObjectCstID-vhi"},"wdio_ui5_key":"applicationmanagesites-display-component---NewSite--addressNewCostObjectCstID-vhi"}]}
RESULT: undefined
COMMAND: POST /session/8fa5e6a369088cc1a8b88ace459c7e54/element - {"using":"xpath","value":"//*[@id=\"application-managesites-display-component---NewSite--addressNewCostObjectCstID-vhi\"]"}
RESULT: {"using":"xpath","value":"//*[@id=\"application-managesites-display-component---NewSite--addressNewCostObjectCstID-vhi\"]"}
COMMAND: POST /session/8fa5e6a369088cc1a8b88ace459c7e54/element/f.9A359EC67B0A42D5197B3FB8A3231305.d.680A8A086559601A5F716C554C076C7F.e.5758/click - {}
RESULT: {}
COMMAND: GET /session/8fa5e6a369088cc1a8b88ace459c7e54/screenshot - {}
RESULT: {}
COMMAND: POST /session/8fa5e6a369088cc1a8b88ace459c7e54/execute/async - {"script":"<script> [1562 bytes]","args":[{"selector":{"controlType":"sap.m.SearchField","properties":{"placeholder":"Search"},"searchOpenDialogs":true,"interaction":{"idSuffix":"I"}},"wdio_ui5_key":"sapm.SearchField{\"placeholder\":\"Search\"}"}]}
RESULT: {"script":"<script> [1562 bytes]","args":[{"selector":{"controlType":"sap.m.SearchField","properties":{"placeholder":"Search"},"searchOpenDialogs":true,"interaction":{"idSuffix":"I"}},"wdio_ui5_key":"sapm.SearchField{\"placeholder\":\"Search\"}"}]}
RESULT: undefined
COMMAND: POST /session/8fa5e6a369088cc1a8b88ace459c7e54/execute/async - {"script":"<script> [776 bytes]","args":[{"enterText":"A1-000100-01","selector":{"controlType":"sap.m.SearchField","properties":{"placeholder":"Search"},"searchOpenDialogs":true,"interaction":{"idSuffix":"I"}},"clearTextFirst":true,"interactionType":"ENTER_TEXT"}]}
RESULT: {"script":"<script> [776 bytes]","args":[{"enterText":"A1-000100-01","selector":{"controlType":"sap.m.SearchField","properties":{"placeholder":"Search"},"searchOpenDialogs":true,"interaction":{"idSuffix":"I"}},"clearTextFirst":true,"interactionType":"ENTER_TEXT"}]}
COMMAND: POST /session/8fa5e6a369088cc1a8b88ace459c7e54/actions - {"actions":[{"id":"action10","type":"key","parameters":{},"actions":[{"type":"keyDown","value":"î€‡"},{"type":"pause","duration":10},{"type":"keyUp","value":"î€‡"}]}]}
RESULT: {"actions":[{"id":"action10","type":"key","parameters":{},"actions":[{"type":"keyDown","value":"î€‡"},{"type":"pause","duration":10},{"type":"keyUp","value":"î€‡"}]}]}
COMMAND: GET /session/8fa5e6a369088cc1a8b88ace459c7e54/screenshot - {}
RESULT: {}
COMMAND: POST /session/8fa5e6a369088cc1a8b88ace459c7e54/element - {"using":"xpath","value":"//span[contains(text(), \"Template for ETO-Process\")]"}
RESULT: {"using":"xpath","value":"//span[contains(text(), \"Template for ETO-Process\")]"}
COMMAND: POST /session/8fa5e6a369088cc1a8b88ace459c7e54/element/f.9A359EC67B0A42D5197B3FB8A3231305.d.680A8A086559601A5F716C554C076C7F.e.5777/click - {}
RESULT: {}
COMMAND: GET /session/8fa5e6a369088cc1a8b88ace459c7e54/screenshot - {}
RESULT: {}
COMMAND: POST /session/8fa5e6a369088cc1a8b88ace459c7e54/element - {"using":"xpath","value":"//bdi[contains(text(), \"OK\")]"}
RESULT: {"using":"xpath","value":"//bdi[contains(text(), \"OK\")]"}
COMMAND: POST /session/8fa5e6a369088cc1a8b88ace459c7e54/element/f.9A359EC67B0A42D5197B3FB8A3231305.d.680A8A086559601A5F716C554C076C7F.e.5778/click - {}
RESULT: {}
COMMAND: GET /session/8fa5e6a369088cc1a8b88ace459c7e54/screenshot - {}
RESULT: {}
COMMAND: POST /session/8fa5e6a369088cc1a8b88ace459c7e54/element - {"using":"xpath","value":"//input[@id=\"application-managesites-display-component---NewSite--addressDetailDetailsYard-inner\"]"}
RESULT: {"using":"xpath","value":"//input[@id=\"application-managesites-display-component---NewSite--addressDetailDetailsYard-inner\"]"}
COMMAND: POST /session/8fa5e6a369088cc1a8b88ace459c7e54/element/f.9A359EC67B0A42D5197B3FB8A3231305.d.680A8A086559601A5F716C554C076C7F.e.5602/value - {"text":"676"}
RESULT: {"text":"676"}
COMMAND: GET /session/8fa5e6a369088cc1a8b88ace459c7e54/screenshot - {}
COMMAND: POST /session/8fa5e6a369088cc1a8b88ace459c7e54/actions - {"actions":[{"id":"action11","type":"key","parameters":{},"actions":[{"type":"keyDown","value":"î€‡"},{"type":"pause","duration":10},{"type":"keyUp","value":"î€‡"}]}]}
RESULT: {}
RESULT: {"actions":[{"id":"action11","type":"key","parameters":{},"actions":[{"type":"keyDown","value":"î€‡"},{"type":"pause","duration":10},{"type":"keyUp","value":"î€‡"}]}]}
COMMAND: GET /session/8fa5e6a369088cc1a8b88ace459c7e54/screenshot - {}
RESULT: {}
COMMAND: POST /session/8fa5e6a369088cc1a8b88ace459c7e54/element - {"using":"xpath","value":"//input[@id=\"application-managesites-display-component---NewSite--addressDetailDetailsPartner-inner\"]"}
RESULT: {"using":"xpath","value":"//input[@id=\"application-managesites-display-component---NewSite--addressDetailDetailsPartner-inner\"]"}
COMMAND: POST /session/8fa5e6a369088cc1a8b88ace459c7e54/elements - {"using":"xpath","value":"//input[@id=\"application-managesites-display-component---NewSite--addressDetailDetailsPartner-inner\"]"}
RESULT: {"using":"xpath","value":"//input[@id=\"application-managesites-display-component---NewSite--addressDetailDetailsPartner-inner\"]"}
COMMAND: POST /session/8fa5e6a369088cc1a8b88ace459c7e54/execute/async - {"script":"<script> [1562 bytes]","args":[{"selector":{"controlType":"sap.m.Button","viewName":"etm.portal.ui.managesites.view.NewSmartSite","viewId":"application-managesites-display-component---NewSite","properties":{"text":"Commercial"},"interaction":{"idSuffix":"BDI-content"}},"wdio_ui5_key":"etmportal.ui.managesites.view.NewSmartSitesap.m.Button{\"text\":\"Commercial\"}"}]}
RESULT: {"script":"<script> [1562 bytes]","args":[{"selector":{"controlType":"sap.m.Button","viewName":"etm.portal.ui.managesites.view.NewSmartSite","viewId":"application-managesites-display-component---NewSite","properties":{"text":"Commercial"},"interaction":{"idSuffix":"BDI-content"}},"wdio_ui5_key":"etmportal.ui.managesites.view.NewSmartSitesap.m.Button{\"text\":\"Commercial\"}"}]}
RESULT: undefined
COMMAND: POST /session/8fa5e6a369088cc1a8b88ace459c7e54/element - {"using":"xpath","value":"//*[@id=\"application-managesites-display-component---NewSite--ObjectPageLayout-anchBar-__section31-anchor\"]"}
RESULT: {"using":"xpath","value":"//*[@id=\"application-managesites-display-component---NewSite--ObjectPageLayout-anchBar-__section31-anchor\"]"}
COMMAND: POST /session/8fa5e6a369088cc1a8b88ace459c7e54/element/f.9A359EC67B0A42D5197B3FB8A3231305.d.680A8A086559601A5F716C554C076C7F.e.5785/click - {}
RESULT: {}
COMMAND: POST /session/8fa5e6a369088cc1a8b88ace459c7e54/execute/async - {"script":"<script> [1562 bytes]","args":[{"selector":{"controlType":"sap.m.Button","viewName":"etm.portal.ui.managesites.view.NewSmartSite","viewId":"application-managesites-display-component---NewSite","i18NText":{"propertyName":"text","key":"save"},"interaction":{"idSuffix":"BDI-content"}},"wdio_ui5_key":"etmportal.ui.managesites.view.NewSmartSitesap.m.Button{\"propertyName\":\"text\",\"key\":\"save\"}"}]}
COMMAND: GET /session/8fa5e6a369088cc1a8b88ace459c7e54/screenshot - {}
RESULT: {"script":"<script> [1562 bytes]","args":[{"selector":{"controlType":"sap.m.Button","viewName":"etm.portal.ui.managesites.view.NewSmartSite","viewId":"application-managesites-display-component---NewSite","i18NText":{"propertyName":"text","key":"save"},"interaction":{"idSuffix":"BDI-content"}},"wdio_ui5_key":"etmportal.ui.managesites.view.NewSmartSitesap.m.Button{\"propertyName\":\"text\",\"key\":\"save\"}"}]}
RESULT: undefined
COMMAND: POST /session/8fa5e6a369088cc1a8b88ace459c7e54/element - {"using":"xpath","value":"//*[@id=\"__button64\"]"}
RESULT: {}
RESULT: {"using":"xpath","value":"//*[@id=\"__button64\"]"}
COMMAND: POST /session/8fa5e6a369088cc1a8b88ace459c7e54/element/f.9A359EC67B0A42D5197B3FB8A3231305.d.680A8A086559601A5F716C554C076C7F.e.5733/click - {}
RESULT: {}
COMMAND: GET /session/8fa5e6a369088cc1a8b88ace459c7e54/screenshot - {}
RESULT: {}
COMMAND: POST /session/8fa5e6a369088cc1a8b88ace459c7e54/execute/async - {"script":"<script> [1562 bytes]","args":[{"selector":{"id":"application-managesites-display-component---detailSite--addressDetailDetailsYardText"},"wdio_ui5_key":"applicationmanagesites-display-component---detailSite--addressDetailDetailsYardText"}]}
RESULT: {"script":"<script> [1562 bytes]","args":[{"selector":{"id":"application-managesites-display-component---detailSite--addressDetailDetailsYardText"},"wdio_ui5_key":"applicationmanagesites-display-component---detailSite--addressDetailDetailsYardText"}]}
RESULT: undefined
COMMAND: POST /session/8fa5e6a369088cc1a8b88ace459c7e54/element - {"using":"xpath","value":"//header/div/div[2]/div[2]/span"}
RESULT: {"using":"xpath","value":"//header/div/div[2]/div[2]/span"}
COMMAND: GET /session/8fa5e6a369088cc1a8b88ace459c7e54/element/f.9A359EC67B0A42D5197B3FB8A3231305.d.680A8A086559601A5F716C554C076C7F.e.5989/text - {}
RESULT: {}
COMMAND: POST /session/8fa5e6a369088cc1a8b88ace459c7e54/element - {"using":"xpath","value":"//header/div/div/div/div/div/div[2]/div/span"}
RESULT: {"using":"xpath","value":"//header/div/div/div/div/div/div[2]/div/span"}
COMMAND: GET /session/8fa5e6a369088cc1a8b88ace459c7e54/element/f.9A359EC67B0A42D5197B3FB8A3231305.d.680A8A086559601A5F716C554C076C7F.e.5990/text - {}
RESULT: {}
COMMAND: POST /session/8fa5e6a369088cc1a8b88ace459c7e54/element - {"using":"css selector","value":"#shell-header-logo"}
RESULT: {"using":"css selector","value":"#shell-header-logo"}
COMMAND: POST /session/8fa5e6a369088cc1a8b88ace459c7e54/element/f.9A359EC67B0A42D5197B3FB8A3231305.d.680A8A086559601A5F716C554C076C7F.e.5313/click - {}
RESULT: {}
COMMAND: GET /session/8fa5e6a369088cc1a8b88ace459c7e54/screenshot - {}
RESULT: {}
]]></system-out>
    </testcase>
    <testcase classname="chrome.136_0_7103_49.windows.E2E_-_Logistical_and_commercial_statuses" name="It should stock increase the resource" time="211.129">
      <system-out><![CDATA[
COMMAND: POST /session/8fa5e6a369088cc1a8b88ace459c7e54/execute/async - {"script":"<script> [1562 bytes]","args":[{"selector":{"controlType":"sap.m.GenericTile","properties":{"header":"Manage Resources"}},"wdio_ui5_key":"sapm.GenericTile{\"header\":\"Manage Resources\"}"}]}
RESULT: {"script":"<script> [1562 bytes]","args":[{"selector":{"controlType":"sap.m.GenericTile","properties":{"header":"Manage Resources"}},"wdio_ui5_key":"sapm.GenericTile{\"header\":\"Manage Resources\"}"}]}
RESULT: undefined
COMMAND: POST /session/8fa5e6a369088cc1a8b88ace459c7e54/element - {"using":"xpath","value":"//*[@id=\"__tile39\"]"}
RESULT: {"using":"xpath","value":"//*[@id=\"__tile39\"]"}
COMMAND: POST /session/8fa5e6a369088cc1a8b88ace459c7e54/element/f.9A359EC67B0A42D5197B3FB8A3231305.d.680A8A086559601A5F716C554C076C7F.e.5992/click - {}
RESULT: {}
COMMAND: GET /session/8fa5e6a369088cc1a8b88ace459c7e54/screenshot - {}
RESULT: {}
COMMAND: POST /session/8fa5e6a369088cc1a8b88ace459c7e54/element - {"using":"xpath","value":"//button[@data-kt=\"addNewRUOverflowToolbarButton\"]"}
RESULT: {"using":"xpath","value":"//button[@data-kt=\"addNewRUOverflowToolbarButton\"]"}
COMMAND: POST /session/8fa5e6a369088cc1a8b88ace459c7e54/execute/sync - {"script":"<script> [8489 bytes]","args":[{"element-6066-11e4-a52e-4f735466cecf":"f.9A359EC67B0A42D5197B3FB8A3231305.d.680A8A086559601A5F716C554C076C7F.e.6034","ELEMENT":"f.9A359EC67B0A42D5197B3FB8A3231305.d.680A8A086559601A5F716C554C076C7F.e.6034"}]}
RESULT: {"script":"<script> [8489 bytes]","args":[{"element-6066-11e4-a52e-4f735466cecf":"f.9A359EC67B0A42D5197B3FB8A3231305.d.680A8A086559601A5F716C554C076C7F.e.6034","ELEMENT":"f.9A359EC67B0A42D5197B3FB8A3231305.d.680A8A086559601A5F716C554C076C7F.e.6034"}]}
COMMAND: POST /session/8fa5e6a369088cc1a8b88ace459c7e54/element/f.9A359EC67B0A42D5197B3FB8A3231305.d.680A8A086559601A5F716C554C076C7F.e.6034/click - {}
COMMAND: GET /session/8fa5e6a369088cc1a8b88ace459c7e54/screenshot - {}
RESULT: {}
COMMAND: POST /session/8fa5e6a369088cc1a8b88ace459c7e54/execute/async - {"script":"<script> [1562 bytes]","args":[{"selector":{"id":"application-manageresources-display-component---newResourceUnit--TYPE-arrow"},"wdio_ui5_key":"applicationmanageresources-display-component---newResourceUnit--TYPE-arrow"}]}
COMMAND: GET /session/8fa5e6a369088cc1a8b88ace459c7e54/screenshot - {}
RESULT: {}
RESULT: {"script":"<script> [1562 bytes]","args":[{"selector":{"id":"application-manageresources-display-component---newResourceUnit--TYPE-arrow"},"wdio_ui5_key":"applicationmanageresources-display-component---newResourceUnit--TYPE-arrow"}]}
RESULT: undefined
COMMAND: POST /session/8fa5e6a369088cc1a8b88ace459c7e54/element - {"using":"xpath","value":"//*[@id=\"application-manageresources-display-component---newResourceUnit--TYPE-arrow\"]"}
RESULT: {}
RESULT: {"using":"xpath","value":"//*[@id=\"application-manageresources-display-component---newResourceUnit--TYPE-arrow\"]"}
COMMAND: POST /session/8fa5e6a369088cc1a8b88ace459c7e54/element/f.9A359EC67B0A42D5197B3FB8A3231305.d.680A8A086559601A5F716C554C076C7F.e.6347/click - {}
RESULT: {}
COMMAND: POST /session/8fa5e6a369088cc1a8b88ace459c7e54/execute/async - {"script":"<script> [1562 bytes]","args":[{"selector":{"controlType":"sap.m.StandardListItem","viewName":"reusables.view.manageresources.NewResourceUnit","viewId":"application-manageresources-display-component---newResourceUnit","properties":{"title":"Material"},"searchOpenDialogs":true,"interaction":{"idSuffix":"titleText"}},"wdio_ui5_key":"reusablesview.manageresources.NewResourceUnitsap.m.StandardListItem{\"title\":\"Material\"}"}]}
COMMAND: GET /session/8fa5e6a369088cc1a8b88ace459c7e54/screenshot - {}
RESULT: {"script":"<script> [1562 bytes]","args":[{"selector":{"controlType":"sap.m.StandardListItem","viewName":"reusables.view.manageresources.NewResourceUnit","viewId":"application-manageresources-display-component---newResourceUnit","properties":{"title":"Material"},"searchOpenDialogs":true,"interaction":{"idSuffix":"titleText"}},"wdio_ui5_key":"reusablesview.manageresources.NewResourceUnitsap.m.StandardListItem{\"title\":\"Material\"}"}]}
RESULT: undefined
COMMAND: POST /session/8fa5e6a369088cc1a8b88ace459c7e54/element - {"using":"xpath","value":"//*[@id=\"__item1260\"]"}
RESULT: {}
RESULT: {"using":"xpath","value":"//*[@id=\"__item1260\"]"}
COMMAND: POST /session/8fa5e6a369088cc1a8b88ace459c7e54/element/f.9A359EC67B0A42D5197B3FB8A3231305.d.680A8A086559601A5F716C554C076C7F.e.6350/click - {}
RESULT: {}
COMMAND: POST /session/8fa5e6a369088cc1a8b88ace459c7e54/execute/async - {"script":"<script> [1562 bytes]","args":[{"selector":{"id":"application-manageresources-display-component---newResourceUnit--SHORT_TEXT","interaction":{"idSuffix":"inner"}},"wdio_ui5_key":"applicationmanageresources-display-component---newResourceUnit--SHORT_TEXT"}]}
COMMAND: GET /session/8fa5e6a369088cc1a8b88ace459c7e54/screenshot - {}
RESULT: {"script":"<script> [1562 bytes]","args":[{"selector":{"id":"application-manageresources-display-component---newResourceUnit--SHORT_TEXT","interaction":{"idSuffix":"inner"}},"wdio_ui5_key":"applicationmanageresources-display-component---newResourceUnit--SHORT_TEXT"}]}
RESULT: undefined
COMMAND: POST /session/8fa5e6a369088cc1a8b88ace459c7e54/execute/async - {"script":"<script> [776 bytes]","args":[{"enterText":"WebdriverRUR2Cpmpx5h","selector":{"id":"application-manageresources-display-component---newResourceUnit--SHORT_TEXT","interaction":{"idSuffix":"inner"}},"clearTextFirst":true,"interactionType":"ENTER_TEXT"}]}
RESULT: {}
RESULT: {"script":"<script> [776 bytes]","args":[{"enterText":"WebdriverRUR2Cpmpx5h","selector":{"id":"application-manageresources-display-component---newResourceUnit--SHORT_TEXT","interaction":{"idSuffix":"inner"}},"clearTextFirst":true,"interactionType":"ENTER_TEXT"}]}
COMMAND: POST /session/8fa5e6a369088cc1a8b88ace459c7e54/execute/async - {"script":"<script> [1562 bytes]","args":[{"selector":{"id":"application-manageresources-display-component---newResourceUnit--BASE_UNIT_OF_MEASURE-arrow"},"wdio_ui5_key":"applicationmanageresources-display-component---newResourceUnit--BASE_UNIT_OF_MEASURE-arrow"}]}
RESULT: {"script":"<script> [1562 bytes]","args":[{"selector":{"id":"application-manageresources-display-component---newResourceUnit--BASE_UNIT_OF_MEASURE-arrow"},"wdio_ui5_key":"applicationmanageresources-display-component---newResourceUnit--BASE_UNIT_OF_MEASURE-arrow"}]}
RESULT: undefined
COMMAND: POST /session/8fa5e6a369088cc1a8b88ace459c7e54/element - {"using":"xpath","value":"//*[@id=\"application-manageresources-display-component---newResourceUnit--BASE_UNIT_OF_MEASURE-arrow\"]"}
RESULT: {"using":"xpath","value":"//*[@id=\"application-manageresources-display-component---newResourceUnit--BASE_UNIT_OF_MEASURE-arrow\"]"}
COMMAND: POST /session/8fa5e6a369088cc1a8b88ace459c7e54/element/f.9A359EC67B0A42D5197B3FB8A3231305.d.680A8A086559601A5F716C554C076C7F.e.6406/click - {}
RESULT: {}
COMMAND: POST /session/8fa5e6a369088cc1a8b88ace459c7e54/execute/async - {"script":"<script> [1562 bytes]","args":[{"selector":{"controlType":"sap.m.StandardListItem","viewName":"reusables.view.manageresources.NewResourceUnit","viewId":"application-manageresources-display-component---newResourceUnit","properties":{"title":"Piece"},"searchOpenDialogs":true,"interaction":{"idSuffix":"titleText"}},"wdio_ui5_key":"reusablesview.manageresources.NewResourceUnitsap.m.StandardListItem{\"title\":\"Piece\"}"}]}
COMMAND: GET /session/8fa5e6a369088cc1a8b88ace459c7e54/screenshot - {}
RESULT: {"script":"<script> [1562 bytes]","args":[{"selector":{"controlType":"sap.m.StandardListItem","viewName":"reusables.view.manageresources.NewResourceUnit","viewId":"application-manageresources-display-component---newResourceUnit","properties":{"title":"Piece"},"searchOpenDialogs":true,"interaction":{"idSuffix":"titleText"}},"wdio_ui5_key":"reusablesview.manageresources.NewResourceUnitsap.m.StandardListItem{\"title\":\"Piece\"}"}]}
RESULT: undefined
COMMAND: POST /session/8fa5e6a369088cc1a8b88ace459c7e54/element - {"using":"xpath","value":"//*[@id=\"__item1304\"]"}
RESULT: {}
RESULT: {"using":"xpath","value":"//*[@id=\"__item1304\"]"}
COMMAND: POST /session/8fa5e6a369088cc1a8b88ace459c7e54/element/f.9A359EC67B0A42D5197B3FB8A3231305.d.680A8A086559601A5F716C554C076C7F.e.6408/click - {}
RESULT: {}
COMMAND: POST /session/8fa5e6a369088cc1a8b88ace459c7e54/element - {"using":"xpath","value":"//input[contains(@id ,\"application-manageresources-display-component---newResourceUnit--SHORT_TEXT-inner\")]"}
COMMAND: GET /session/8fa5e6a369088cc1a8b88ace459c7e54/screenshot - {}
RESULT: {"using":"xpath","value":"//input[contains(@id ,\"application-manageresources-display-component---newResourceUnit--SHORT_TEXT-inner\")]"}
COMMAND: GET /session/8fa5e6a369088cc1a8b88ace459c7e54/element/f.9A359EC67B0A42D5197B3FB8A3231305.d.680A8A086559601A5F716C554C076C7F.e.6367/property/value - {}
RESULT: {}
RESULT: {}
COMMAND: POST /session/8fa5e6a369088cc1a8b88ace459c7e54/execute/async - {"script":"<script> [1562 bytes]","args":[{"selector":{"id":"application-manageresources-display-component---newResourceUnit--WEIGHT_UNIT-arrow"},"wdio_ui5_key":"applicationmanageresources-display-component---newResourceUnit--WEIGHT_UNIT-arrow"}]}
COMMAND: GET /session/8fa5e6a369088cc1a8b88ace459c7e54/screenshot - {}
RESULT: {"script":"<script> [1562 bytes]","args":[{"selector":{"id":"application-manageresources-display-component---newResourceUnit--WEIGHT_UNIT-arrow"},"wdio_ui5_key":"applicationmanageresources-display-component---newResourceUnit--WEIGHT_UNIT-arrow"}]}
RESULT: undefined
COMMAND: POST /session/8fa5e6a369088cc1a8b88ace459c7e54/element - {"using":"xpath","value":"//*[@id=\"application-manageresources-display-component---newResourceUnit--WEIGHT_UNIT-arrow\"]"}
RESULT: {}
RESULT: {"using":"xpath","value":"//*[@id=\"application-manageresources-display-component---newResourceUnit--WEIGHT_UNIT-arrow\"]"}
COMMAND: POST /session/8fa5e6a369088cc1a8b88ace459c7e54/element/f.9A359EC67B0A42D5197B3FB8A3231305.d.680A8A086559601A5F716C554C076C7F.e.6409/click - {}
RESULT: {}
COMMAND: POST /session/8fa5e6a369088cc1a8b88ace459c7e54/execute/async - {"script":"<script> [1562 bytes]","args":[{"selector":{"controlType":"sap.m.StandardListItem","viewName":"reusables.view.manageresources.NewResourceUnit","viewId":"application-manageresources-display-component---newResourceUnit","properties":{"title":"Gram"},"searchOpenDialogs":true,"interaction":{"idSuffix":"content"}},"wdio_ui5_key":"reusablesview.manageresources.NewResourceUnitsap.m.StandardListItem{\"title\":\"Gram\"}"}]}
COMMAND: GET /session/8fa5e6a369088cc1a8b88ace459c7e54/screenshot - {}
RESULT: {"script":"<script> [1562 bytes]","args":[{"selector":{"controlType":"sap.m.StandardListItem","viewName":"reusables.view.manageresources.NewResourceUnit","viewId":"application-manageresources-display-component---newResourceUnit","properties":{"title":"Gram"},"searchOpenDialogs":true,"interaction":{"idSuffix":"content"}},"wdio_ui5_key":"reusablesview.manageresources.NewResourceUnitsap.m.StandardListItem{\"title\":\"Gram\"}"}]}
RESULT: undefined
COMMAND: POST /session/8fa5e6a369088cc1a8b88ace459c7e54/element - {"using":"xpath","value":"//*[@id=\"__item1369\"]"}
RESULT: {}
RESULT: {"using":"xpath","value":"//*[@id=\"__item1369\"]"}
COMMAND: POST /session/8fa5e6a369088cc1a8b88ace459c7e54/element/f.9A359EC67B0A42D5197B3FB8A3231305.d.680A8A086559601A5F716C554C076C7F.e.6411/click - {}
RESULT: {}
COMMAND: POST /session/8fa5e6a369088cc1a8b88ace459c7e54/execute/async - {"script":"<script> [1562 bytes]","args":[{"selector":{"id":"application-manageresources-display-component---newResourceUnit--newRRUPage-OPHeaderContent-collapseBtn-img"},"wdio_ui5_key":"applicationmanageresources-display-component---newResourceUnit--newRRUPage-OPHeaderContent-collapseBtn-img"}]}
COMMAND: GET /session/8fa5e6a369088cc1a8b88ace459c7e54/screenshot - {}
RESULT: {"script":"<script> [1562 bytes]","args":[{"selector":{"id":"application-manageresources-display-component---newResourceUnit--newRRUPage-OPHeaderContent-collapseBtn-img"},"wdio_ui5_key":"applicationmanageresources-display-component---newResourceUnit--newRRUPage-OPHeaderContent-collapseBtn-img"}]}
RESULT: undefined
COMMAND: POST /session/8fa5e6a369088cc1a8b88ace459c7e54/element - {"using":"xpath","value":"//*[@id=\"application-manageresources-display-component---newResourceUnit--newRRUPage-OPHeaderContent-collapseBtn-img\"]"}
RESULT: {}
RESULT: {"using":"xpath","value":"//*[@id=\"application-manageresources-display-component---newResourceUnit--newRRUPage-OPHeaderContent-collapseBtn-img\"]"}
COMMAND: POST /session/8fa5e6a369088cc1a8b88ace459c7e54/element/f.9A359EC67B0A42D5197B3FB8A3231305.d.680A8A086559601A5F716C554C076C7F.e.6357/click - {}
RESULT: {}
COMMAND: GET /session/8fa5e6a369088cc1a8b88ace459c7e54/screenshot - {}
RESULT: {}
COMMAND: POST /session/8fa5e6a369088cc1a8b88ace459c7e54/element - {"using":"xpath","value":"(//span[contains(@id ,\"application-manageresources-display-component---newResourceUnit--DIMENSION_UNIT-arrow\")])[1]"}
RESULT: {"using":"xpath","value":"(//span[contains(@id ,\"application-manageresources-display-component---newResourceUnit--DIMENSION_UNIT-arrow\")])[1]"}
COMMAND: POST /session/8fa5e6a369088cc1a8b88ace459c7e54/element/f.9A359EC67B0A42D5197B3FB8A3231305.d.680A8A086559601A5F716C554C076C7F.e.6415/click - {}
RESULT: {}
COMMAND: GET /session/8fa5e6a369088cc1a8b88ace459c7e54/screenshot - {}
RESULT: {}
COMMAND: POST /session/8fa5e6a369088cc1a8b88ace459c7e54/execute/async - {"script":"<script> [1562 bytes]","args":[{"selector":{"controlType":"sap.m.StandardListItem","viewName":"reusables.view.manageresources.NewResourceUnit","viewId":"application-manageresources-display-component---newResourceUnit","properties":{"title":"Centimeter"},"searchOpenDialogs":true,"interaction":{"idSuffix":"titleText"}},"wdio_ui5_key":"reusablesview.manageresources.NewResourceUnitsap.m.StandardListItem{\"title\":\"Centimeter\"}"}]}
RESULT: {"script":"<script> [1562 bytes]","args":[{"selector":{"controlType":"sap.m.StandardListItem","viewName":"reusables.view.manageresources.NewResourceUnit","viewId":"application-manageresources-display-component---newResourceUnit","properties":{"title":"Centimeter"},"searchOpenDialogs":true,"interaction":{"idSuffix":"titleText"}},"wdio_ui5_key":"reusablesview.manageresources.NewResourceUnitsap.m.StandardListItem{\"title\":\"Centimeter\"}"}]}
RESULT: undefined
COMMAND: POST /session/8fa5e6a369088cc1a8b88ace459c7e54/element - {"using":"xpath","value":"//*[@id=\"__item1372\"]"}
RESULT: {"using":"xpath","value":"//*[@id=\"__item1372\"]"}
COMMAND: POST /session/8fa5e6a369088cc1a8b88ace459c7e54/element/f.9A359EC67B0A42D5197B3FB8A3231305.d.680A8A086559601A5F716C554C076C7F.e.6419/click - {}
RESULT: {}
COMMAND: POST /session/8fa5e6a369088cc1a8b88ace459c7e54/execute/async - {"script":"<script> [1562 bytes]","args":[{"selector":{"id":"application-manageresources-display-component---newResourceUnit--newRRUPage-anchBar-application-manageresources-display-component---newResourceUnit--reference-anchor","interaction":{"idSuffix":"BDI-content"}},"wdio_ui5_key":"applicationmanageresources-display-component---newResourceUnit--newRRUPage-anchBar-application-manageresources-display-component---newResourceUnit--reference-anchor"}]}
COMMAND: GET /session/8fa5e6a369088cc1a8b88ace459c7e54/screenshot - {}
RESULT: {"script":"<script> [1562 bytes]","args":[{"selector":{"id":"application-manageresources-display-component---newResourceUnit--newRRUPage-anchBar-application-manageresources-display-component---newResourceUnit--reference-anchor","interaction":{"idSuffix":"BDI-content"}},"wdio_ui5_key":"applicationmanageresources-display-component---newResourceUnit--newRRUPage-anchBar-application-manageresources-display-component---newResourceUnit--reference-anchor"}]}
RESULT: undefined
COMMAND: POST /session/8fa5e6a369088cc1a8b88ace459c7e54/element - {"using":"xpath","value":"//*[@id=\"application-manageresources-display-component---newResourceUnit--newRRUPage-anchBar-application-manageresources-display-component---newResourceUnit--reference-anchor\"]"}
RESULT: {}
RESULT: {"using":"xpath","value":"//*[@id=\"application-manageresources-display-component---newResourceUnit--newRRUPage-anchBar-application-manageresources-display-component---newResourceUnit--reference-anchor\"]"}
COMMAND: POST /session/8fa5e6a369088cc1a8b88ace459c7e54/element/f.9A359EC67B0A42D5197B3FB8A3231305.d.680A8A086559601A5F716C554C076C7F.e.6421/click - {}
RESULT: {}
COMMAND: POST /session/8fa5e6a369088cc1a8b88ace459c7e54/execute/async - {"script":"<script> [1562 bytes]","args":[{"selector":{"id":"application-manageresources-display-component---newResourceUnit--PLANNING_GROUP-arrow"},"wdio_ui5_key":"applicationmanageresources-display-component---newResourceUnit--PLANNING_GROUP-arrow"}]}
COMMAND: GET /session/8fa5e6a369088cc1a8b88ace459c7e54/screenshot - {}
RESULT: {"script":"<script> [1562 bytes]","args":[{"selector":{"id":"application-manageresources-display-component---newResourceUnit--PLANNING_GROUP-arrow"},"wdio_ui5_key":"applicationmanageresources-display-component---newResourceUnit--PLANNING_GROUP-arrow"}]}
RESULT: undefined
COMMAND: POST /session/8fa5e6a369088cc1a8b88ace459c7e54/element - {"using":"xpath","value":"//*[@id=\"application-manageresources-display-component---newResourceUnit--PLANNING_GROUP-arrow\"]"}
RESULT: {}
RESULT: {"using":"xpath","value":"//*[@id=\"application-manageresources-display-component---newResourceUnit--PLANNING_GROUP-arrow\"]"}
COMMAND: POST /session/8fa5e6a369088cc1a8b88ace459c7e54/element/f.9A359EC67B0A42D5197B3FB8A3231305.d.680A8A086559601A5F716C554C076C7F.e.6425/click - {}
RESULT: {}
COMMAND: POST /session/8fa5e6a369088cc1a8b88ace459c7e54/execute/async - {"script":"<script> [1562 bytes]","args":[{"selector":{"controlType":"sap.m.StandardListItem","viewName":"reusables.view.manageresources.NewResourceUnit","viewId":"application-manageresources-display-component---newResourceUnit","properties":{"title":"Heavy Equi"},"searchOpenDialogs":true,"interaction":{"idSuffix":"content"}},"wdio_ui5_key":"reusablesview.manageresources.NewResourceUnitsap.m.StandardListItem{\"title\":\"Heavy Equi\"}"}]}
COMMAND: GET /session/8fa5e6a369088cc1a8b88ace459c7e54/screenshot - {}
RESULT: {"script":"<script> [1562 bytes]","args":[{"selector":{"controlType":"sap.m.StandardListItem","viewName":"reusables.view.manageresources.NewResourceUnit","viewId":"application-manageresources-display-component---newResourceUnit","properties":{"title":"Heavy Equi"},"searchOpenDialogs":true,"interaction":{"idSuffix":"content"}},"wdio_ui5_key":"reusablesview.manageresources.NewResourceUnitsap.m.StandardListItem{\"title\":\"Heavy Equi\"}"}]}
RESULT: undefined
COMMAND: POST /session/8fa5e6a369088cc1a8b88ace459c7e54/element - {"using":"xpath","value":"//*[@id=\"__item1380\"]"}
RESULT: {}
RESULT: {"using":"xpath","value":"//*[@id=\"__item1380\"]"}
COMMAND: POST /session/8fa5e6a369088cc1a8b88ace459c7e54/element/f.9A359EC67B0A42D5197B3FB8A3231305.d.680A8A086559601A5F716C554C076C7F.e.6429/click - {}
RESULT: {}
COMMAND: GET /session/8fa5e6a369088cc1a8b88ace459c7e54/screenshot - {}
RESULT: {}
COMMAND: POST /session/8fa5e6a369088cc1a8b88ace459c7e54/execute/async - {"script":"<script> [1562 bytes]","args":[{"selector":{"id":"application-manageresources-display-component---newResourceUnit--PLANNING_INDICATOR-arrow"},"wdio_ui5_key":"applicationmanageresources-display-component---newResourceUnit--PLANNING_INDICATOR-arrow"}]}
RESULT: {"script":"<script> [1562 bytes]","args":[{"selector":{"id":"application-manageresources-display-component---newResourceUnit--PLANNING_INDICATOR-arrow"},"wdio_ui5_key":"applicationmanageresources-display-component---newResourceUnit--PLANNING_INDICATOR-arrow"}]}
RESULT: undefined
COMMAND: POST /session/8fa5e6a369088cc1a8b88ace459c7e54/element - {"using":"xpath","value":"//*[@id=\"application-manageresources-display-component---newResourceUnit--PLANNING_INDICATOR-arrow\"]"}
RESULT: {"using":"xpath","value":"//*[@id=\"application-manageresources-display-component---newResourceUnit--PLANNING_INDICATOR-arrow\"]"}
COMMAND: POST /session/8fa5e6a369088cc1a8b88ace459c7e54/element/f.9A359EC67B0A42D5197B3FB8A3231305.d.680A8A086559601A5F716C554C076C7F.e.6430/click - {}
RESULT: {}
COMMAND: POST /session/8fa5e6a369088cc1a8b88ace459c7e54/execute/async - {"script":"<script> [1562 bytes]","args":[{"selector":{"controlType":"sap.m.StandardListItem","viewName":"reusables.view.manageresources.NewResourceUnit","viewId":"application-manageresources-display-component---newResourceUnit","properties":{"title":"10 - infinite"},"searchOpenDialogs":true,"interaction":{"idSuffix":"content"}},"wdio_ui5_key":"reusablesview.manageresources.NewResourceUnitsap.m.StandardListItem{\"title\":\"10 - infinite\"}"}]}
COMMAND: GET /session/8fa5e6a369088cc1a8b88ace459c7e54/screenshot - {}
RESULT: {"script":"<script> [1562 bytes]","args":[{"selector":{"controlType":"sap.m.StandardListItem","viewName":"reusables.view.manageresources.NewResourceUnit","viewId":"application-manageresources-display-component---newResourceUnit","properties":{"title":"10 - infinite"},"searchOpenDialogs":true,"interaction":{"idSuffix":"content"}},"wdio_ui5_key":"reusablesview.manageresources.NewResourceUnitsap.m.StandardListItem{\"title\":\"10 - infinite\"}"}]}
RESULT: undefined
COMMAND: POST /session/8fa5e6a369088cc1a8b88ace459c7e54/element - {"using":"xpath","value":"//*[@id=\"__item1390\"]"}
RESULT: {}
RESULT: {"using":"xpath","value":"//*[@id=\"__item1390\"]"}
COMMAND: POST /session/8fa5e6a369088cc1a8b88ace459c7e54/element/f.9A359EC67B0A42D5197B3FB8A3231305.d.680A8A086559601A5F716C554C076C7F.e.6432/click - {}
RESULT: {}
COMMAND: GET /session/8fa5e6a369088cc1a8b88ace459c7e54/screenshot - {}
RESULT: {}
COMMAND: POST /session/8fa5e6a369088cc1a8b88ace459c7e54/element - {"using":"xpath","value":"//bdi[contains(text(), \"Time Segment\")]"}
RESULT: {"using":"xpath","value":"//bdi[contains(text(), \"Time Segment\")]"}
COMMAND: GET /session/8fa5e6a369088cc1a8b88ace459c7e54/element/f.9A359EC67B0A42D5197B3FB8A3231305.d.680A8A086559601A5F716C554C076C7F.e.6433/rect - {}
RESULT: {}
COMMAND: GET /session/8fa5e6a369088cc1a8b88ace459c7e54/window/rect - {}
RESULT: {}
COMMAND: POST /session/8fa5e6a369088cc1a8b88ace459c7e54/execute/sync - {"script":"<script> [92 bytes]","args":[]}
RESULT: {"script":"<script> [92 bytes]","args":[]}
COMMAND: POST /session/8fa5e6a369088cc1a8b88ace459c7e54/actions - {"actions":[{"id":"action12","type":"wheel","parameters":{},"actions":[{"type":"scroll","x":-1820,"y":-21,"deltaX":0,"deltaY":0,"duration":0,"origin":{"element-6066-11e4-a52e-4f735466cecf":"f.9A359EC67B0A42D5197B3FB8A3231305.d.680A8A086559601A5F716C554C076C7F.e.6433"}}]}]}
COMMAND: GET /session/8fa5e6a369088cc1a8b88ace459c7e54/screenshot - {}
RESULT: {}
COMMAND: POST /session/8fa5e6a369088cc1a8b88ace459c7e54/execute/sync - {"script":"<script> [79 bytes]","args":[{"element-6066-11e4-a52e-4f735466cecf":"f.9A359EC67B0A42D5197B3FB8A3231305.d.680A8A086559601A5F716C554C076C7F.e.6433","ELEMENT":"f.9A359EC67B0A42D5197B3FB8A3231305.d.680A8A086559601A5F716C554C076C7F.e.6433"},{"block":"start","inline":"nearest"}]}
RESULT: {"script":"<script> [79 bytes]","args":[{"element-6066-11e4-a52e-4f735466cecf":"f.9A359EC67B0A42D5197B3FB8A3231305.d.680A8A086559601A5F716C554C076C7F.e.6433","ELEMENT":"f.9A359EC67B0A42D5197B3FB8A3231305.d.680A8A086559601A5F716C554C076C7F.e.6433"},{"block":"start","inline":"nearest"}]}
COMMAND: GET /session/8fa5e6a369088cc1a8b88ace459c7e54/screenshot - {}
RESULT: {}
COMMAND: POST /session/8fa5e6a369088cc1a8b88ace459c7e54/element - {"using":"xpath","value":"//span[@id=\"application-manageresources-display-component---newResourceUnit--btnAddTimeSegment-img\"]"}
RESULT: {"using":"xpath","value":"//span[@id=\"application-manageresources-display-component---newResourceUnit--btnAddTimeSegment-img\"]"}
COMMAND: POST /session/8fa5e6a369088cc1a8b88ace459c7e54/execute/sync - {"script":"<script> [8489 bytes]","args":[{"element-6066-11e4-a52e-4f735466cecf":"f.9A359EC67B0A42D5197B3FB8A3231305.d.680A8A086559601A5F716C554C076C7F.e.6436","ELEMENT":"f.9A359EC67B0A42D5197B3FB8A3231305.d.680A8A086559601A5F716C554C076C7F.e.6436"}]}
RESULT: {"script":"<script> [8489 bytes]","args":[{"element-6066-11e4-a52e-4f735466cecf":"f.9A359EC67B0A42D5197B3FB8A3231305.d.680A8A086559601A5F716C554C076C7F.e.6436","ELEMENT":"f.9A359EC67B0A42D5197B3FB8A3231305.d.680A8A086559601A5F716C554C076C7F.e.6436"}]}
COMMAND: POST /session/8fa5e6a369088cc1a8b88ace459c7e54/element/f.9A359EC67B0A42D5197B3FB8A3231305.d.680A8A086559601A5F716C554C076C7F.e.6436/click - {}
COMMAND: GET /session/8fa5e6a369088cc1a8b88ace459c7e54/screenshot - {}
RESULT: {}
COMMAND: GET /session/8fa5e6a369088cc1a8b88ace459c7e54/screenshot - {}
COMMAND: POST /session/8fa5e6a369088cc1a8b88ace459c7e54/element - {"using":"xpath","value":"//input[@id=\"application-manageresources-display-component---newResourceUnit--idRuTSAdmin-application-manageresources-display-component---newResourceUnit--RUTimeSegment-0-inner\"]"}
RESULT: {}
RESULT: {}
RESULT: {"using":"xpath","value":"//input[@id=\"application-manageresources-display-component---newResourceUnit--idRuTSAdmin-application-manageresources-display-component---newResourceUnit--RUTimeSegment-0-inner\"]"}
COMMAND: POST /session/8fa5e6a369088cc1a8b88ace459c7e54/element/f.9A359EC67B0A42D5197B3FB8A3231305.d.680A8A086559601A5F716C554C076C7F.e.6439/clear - {}
RESULT: {}
COMMAND: POST /session/8fa5e6a369088cc1a8b88ace459c7e54/element/f.9A359EC67B0A42D5197B3FB8A3231305.d.680A8A086559601A5F716C554C076C7F.e.6439/value - {"text":"WebdriverYard7i81vf"}
COMMAND: GET /session/8fa5e6a369088cc1a8b88ace459c7e54/screenshot - {}
RESULT: {"text":"WebdriverYard7i81vf"}
COMMAND: GET /session/8fa5e6a369088cc1a8b88ace459c7e54/screenshot - {}
RESULT: {}
RESULT: {}
COMMAND: POST /session/8fa5e6a369088cc1a8b88ace459c7e54/actions - {"actions":[{"id":"action13","type":"key","parameters":{},"actions":[{"type":"keyDown","value":"î€‡"},{"type":"pause","duration":10},{"type":"keyUp","value":"î€‡"}]}]}
RESULT: {"actions":[{"id":"action13","type":"key","parameters":{},"actions":[{"type":"keyDown","value":"î€‡"},{"type":"pause","duration":10},{"type":"keyUp","value":"î€‡"}]}]}
COMMAND: GET /session/8fa5e6a369088cc1a8b88ace459c7e54/screenshot - {}
RESULT: {}
COMMAND: POST /session/8fa5e6a369088cc1a8b88ace459c7e54/execute/async - {"script":"<script> [1562 bytes]","args":[{"selector":{"controlType":"sap.m.Button","viewName":"reusables.view.manageresources.NewResourceUnit","viewId":"application-manageresources-display-component---newResourceUnit","i18NText":{"propertyName":"tooltip","key":"save"},"interaction":{"idSuffix":"BDI-content"}},"wdio_ui5_key":"reusablesview.manageresources.NewResourceUnitsap.m.Button{\"propertyName\":\"tooltip\",\"key\":\"save\"}"}]}
RESULT: {"script":"<script> [1562 bytes]","args":[{"selector":{"controlType":"sap.m.Button","viewName":"reusables.view.manageresources.NewResourceUnit","viewId":"application-manageresources-display-component---newResourceUnit","i18NText":{"propertyName":"tooltip","key":"save"},"interaction":{"idSuffix":"BDI-content"}},"wdio_ui5_key":"reusablesview.manageresources.NewResourceUnitsap.m.Button{\"propertyName\":\"tooltip\",\"key\":\"save\"}"}]}
RESULT: undefined
COMMAND: POST /session/8fa5e6a369088cc1a8b88ace459c7e54/element - {"using":"xpath","value":"//*[@id=\"application-manageresources-display-component---newResourceUnit--createRuButton\"]"}
RESULT: {"using":"xpath","value":"//*[@id=\"application-manageresources-display-component---newResourceUnit--createRuButton\"]"}
COMMAND: POST /session/8fa5e6a369088cc1a8b88ace459c7e54/element/f.9A359EC67B0A42D5197B3FB8A3231305.d.680A8A086559601A5F716C554C076C7F.e.6363/click - {}
RESULT: {}
COMMAND: GET /session/8fa5e6a369088cc1a8b88ace459c7e54/screenshot - {}
RESULT: {}
COMMAND: POST /session/8fa5e6a369088cc1a8b88ace459c7e54/execute/async - {"script":"<script> [1562 bytes]","args":[{"selector":{"controlType":"sap.m.Title","properties":{"text":"Success"},"searchOpenDialogs":true},"wdio_ui5_key":"sapm.Title{\"text\":\"Success\"}"}]}
RESULT: {"script":"<script> [1562 bytes]","args":[{"selector":{"controlType":"sap.m.Title","properties":{"text":"Success"},"searchOpenDialogs":true},"wdio_ui5_key":"sapm.Title{\"text\":\"Success\"}"}]}
RESULT: undefined
COMMAND: POST /session/8fa5e6a369088cc1a8b88ace459c7e54/execute/async - {"script":"<script> [6424 bytes]","args":[{"element-6066-11e4-a52e-4f735466cecf":"f.9A359EC67B0A42D5197B3FB8A3231305.d.680A8A086559601A5F716C554C076C7F.e.6456"},"getText",[]]}
RESULT: {"script":"<script> [6424 bytes]","args":[{"element-6066-11e4-a52e-4f735466cecf":"f.9A359EC67B0A42D5197B3FB8A3231305.d.680A8A086559601A5F716C554C076C7F.e.6456"},"getText",[]]}
COMMAND: POST /session/8fa5e6a369088cc1a8b88ace459c7e54/element - {"using":"xpath","value":"//*[contains(@id, '__text') and (contains(text(), 'successfully created') or contains(., 'successfully created'))]"}
RESULT: {"using":"xpath","value":"//*[contains(@id, '__text') and (contains(text(), 'successfully created') or contains(., 'successfully created'))]"}
COMMAND: GET /session/8fa5e6a369088cc1a8b88ace459c7e54/element/f.9A359EC67B0A42D5197B3FB8A3231305.d.680A8A086559601A5F716C554C076C7F.e.6455/text - {}
RESULT: {}
COMMAND: POST /session/8fa5e6a369088cc1a8b88ace459c7e54/execute/async - {"script":"<script> [1562 bytes]","args":[{"selector":{"controlType":"sap.m.Button","properties":{"text":"Close"},"searchOpenDialogs":true,"interaction":{"idSuffix":"BDI-content"}},"wdio_ui5_key":"sapm.Button{\"text\":\"Close\"}"}]}
RESULT: {"script":"<script> [1562 bytes]","args":[{"selector":{"controlType":"sap.m.Button","properties":{"text":"Close"},"searchOpenDialogs":true,"interaction":{"idSuffix":"BDI-content"}},"wdio_ui5_key":"sapm.Button{\"text\":\"Close\"}"}]}
RESULT: undefined
COMMAND: POST /session/8fa5e6a369088cc1a8b88ace459c7e54/element - {"using":"xpath","value":"//*[@id=\"__mbox-btn-0\"]"}
RESULT: {"using":"xpath","value":"//*[@id=\"__mbox-btn-0\"]"}
COMMAND: POST /session/8fa5e6a369088cc1a8b88ace459c7e54/element/f.9A359EC67B0A42D5197B3FB8A3231305.d.680A8A086559601A5F716C554C076C7F.e.6453/click - {}
RESULT: {}
COMMAND: GET /session/8fa5e6a369088cc1a8b88ace459c7e54/screenshot - {}
RESULT: {}
COMMAND: POST /session/8fa5e6a369088cc1a8b88ace459c7e54/execute/async - {"script":"<script> [1562 bytes]","args":[{"selector":{"controlType":"sap.ui.core.Icon","viewName":"etm.portal.ui.manageresources.view.Detail","viewId":"application-manageresources-display-component---detailRU","properties":{"src":{"regex":{"source":"overflow"}}}},"wdio_ui5_key":"etmportal.ui.manageresources.view.Detailsap.ui.core.Icon{\"src\":{\"regex\":{\"source\":\"overflow\"}}}"}]}
RESULT: {"script":"<script> [1562 bytes]","args":[{"selector":{"controlType":"sap.ui.core.Icon","viewName":"etm.portal.ui.manageresources.view.Detail","viewId":"application-manageresources-display-component---detailRU","properties":{"src":{"regex":{"source":"overflow"}}}},"wdio_ui5_key":"etmportal.ui.manageresources.view.Detailsap.ui.core.Icon{\"src\":{\"regex\":{\"source\":\"overflow\"}}}"}]}
RESULT: undefined
COMMAND: POST /session/8fa5e6a369088cc1a8b88ace459c7e54/element - {"using":"xpath","value":"//*[@id=\"__title36-_actionsToolbar-overflowButton-img\"]"}
RESULT: {"using":"xpath","value":"//*[@id=\"__title36-_actionsToolbar-overflowButton-img\"]"}
COMMAND: POST /session/8fa5e6a369088cc1a8b88ace459c7e54/element/f.9A359EC67B0A42D5197B3FB8A3231305.d.680A8A086559601A5F716C554C076C7F.e.6490/click - {}
RESULT: {}
COMMAND: POST /session/8fa5e6a369088cc1a8b88ace459c7e54/execute/async - {"script":"<script> [1562 bytes]","args":[{"selector":{"controlType":"sap.m.Button","viewName":"etm.portal.ui.manageresources.view.Detail","viewId":"application-manageresources-display-component---detailRU","i18NText":{"propertyName":"tooltip","key":"closeColumn"},"searchOpenDialogs":true,"interaction":{"idSuffix":"inner"}},"wdio_ui5_key":"etmportal.ui.manageresources.view.Detailsap.m.Button{\"propertyName\":\"tooltip\",\"key\":\"closeColumn\"}"}]}
COMMAND: GET /session/8fa5e6a369088cc1a8b88ace459c7e54/screenshot - {}
RESULT: {"script":"<script> [1562 bytes]","args":[{"selector":{"controlType":"sap.m.Button","viewName":"etm.portal.ui.manageresources.view.Detail","viewId":"application-manageresources-display-component---detailRU","i18NText":{"propertyName":"tooltip","key":"closeColumn"},"searchOpenDialogs":true,"interaction":{"idSuffix":"inner"}},"wdio_ui5_key":"etmportal.ui.manageresources.view.Detailsap.m.Button{\"propertyName\":\"tooltip\",\"key\":\"closeColumn\"}"}]}
RESULT: undefined
COMMAND: POST /session/8fa5e6a369088cc1a8b88ace459c7e54/element - {"using":"xpath","value":"//*[@id=\"__button147\"]"}
RESULT: {}
RESULT: {"using":"xpath","value":"//*[@id=\"__button147\"]"}
COMMAND: POST /session/8fa5e6a369088cc1a8b88ace459c7e54/element/f.9A359EC67B0A42D5197B3FB8A3231305.d.680A8A086559601A5F716C554C076C7F.e.6492/click - {}
RESULT: {}
COMMAND: GET /session/8fa5e6a369088cc1a8b88ace459c7e54/screenshot - {}
RESULT: {}
COMMAND: POST /session/8fa5e6a369088cc1a8b88ace459c7e54/refresh - {}
RESULT: {}
COMMAND: GET /session/8fa5e6a369088cc1a8b88ace459c7e54/screenshot - {}
RESULT: {}
COMMAND: POST /session/8fa5e6a369088cc1a8b88ace459c7e54/execute/async - {"script":"<script> [189 bytes]","args":[]}
RESULT: {"script":"<script> [189 bytes]","args":[]}
COMMAND: POST /session/8fa5e6a369088cc1a8b88ace459c7e54/execute/async - {"script":"<script> [123 bytes]","args":[]}
RESULT: {"script":"<script> [123 bytes]","args":[]}
COMMAND: POST /session/8fa5e6a369088cc1a8b88ace459c7e54/timeouts - {"script":"<number>"}
RESULT: {"script":"<number>"}
COMMAND: GET /session/8fa5e6a369088cc1a8b88ace459c7e54/timeouts - {}
RESULT: {}
RESULT: undefined
COMMAND: POST /session/8fa5e6a369088cc1a8b88ace459c7e54/execute/async - {"script":"<script> [2676 bytes]","args":[]}
RESULT: {"script":"<script> [2676 bytes]","args":[]}
COMMAND: POST /session/8fa5e6a369088cc1a8b88ace459c7e54/execute/async - {"script":"<script> [2342 bytes]","args":[{"protocol":"http","hostname":"0.0.0.0","path":"/","capabilities":{"browserName":"chrome","goog:chromeOptions":{"binary":"C:\\Program Files\\Google\\Chrome\\Application\\chrome.exe","args":["--start-maximized"]}},"logLevel":"warn","connectionRetryTimeout":120000,"connectionRetryCount":3,"logLevels":{},"enableDirectConnect":true,"strictSSL":true,"_":"65 more keys: [\"cacheDir\",\"port\",\"requestedCapabilities\",\"automationProtocol\",\"baseUrl\",\"waitforInterval\",\"waitforTimeout\",\"onReload\",\"beforeCommand\",\"afterCommand\",\"rootDir\",\"specs\",\"suites\",\"exclude\",\"groupLogsByTestSpec\",\"excludeDriverLogs\",\"bail\",\"framework\",\"reporters\",\"services\",\"maxInstances\",\"maxInstancesPerCapability\",\"injectGlobals\",\"filesToWatch\",\"execArgv\",\"runnerEnv\",\"runner\",\"shard\",\"specFileRetries\",\"specFileRetriesDelay\",\"specFileRetriesDeferred\",\"reporterSyncInterval\",\"reporterSyncTimeout\",\"cucumberFeaturesWithLineNumbers\",\"autoCompileOpts\",\"mochaOpts\",\"jasmineOpts\",\"cucumberOpts\",\"onPrepare\",\"onWorkerStart\",\"onWorkerEnd\",\"before\",\"beforeSession\",\"beforeSuite\",\"beforeHook\",\"beforeTest\",\"afterTest\",\"afterHook\",\"afterSuite\",\"afterSession\",\"after\",\"onComplete\",\"beforeAssertion\",\"afterAssertion\",\"beforeFeature\",\"beforeScenario\",\"beforeStep\",\"afterStep\",\"afterScenario\",\"afterFeature\",\"_\",\"suite\",\"$0\",\"ignoredWorkerServices\",\"wdi5\"]"}]}
RESULT: {"script":"<script> [2342 bytes]","args":[{"protocol":"http","hostname":"0.0.0.0","path":"/","capabilities":{"browserName":"chrome","goog:chromeOptions":{"binary":"C:\\Program Files\\Google\\Chrome\\Application\\chrome.exe","args":["--start-maximized"]}},"logLevel":"warn","connectionRetryTimeout":120000,"connectionRetryCount":3,"logLevels":{},"enableDirectConnect":true,"strictSSL":true,"_":"65 more keys: [\"cacheDir\",\"port\",\"requestedCapabilities\",\"automationProtocol\",\"baseUrl\",\"waitforInterval\",\"waitforTimeout\",\"onReload\",\"beforeCommand\",\"afterCommand\",\"rootDir\",\"specs\",\"suites\",\"exclude\",\"groupLogsByTestSpec\",\"excludeDriverLogs\",\"bail\",\"framework\",\"reporters\",\"services\",\"maxInstances\",\"maxInstancesPerCapability\",\"injectGlobals\",\"filesToWatch\",\"execArgv\",\"runnerEnv\",\"runner\",\"shard\",\"specFileRetries\",\"specFileRetriesDelay\",\"specFileRetriesDeferred\",\"reporterSyncInterval\",\"reporterSyncTimeout\",\"cucumberFeaturesWithLineNumbers\",\"autoCompileOpts\",\"mochaOpts\",\"jasmineOpts\",\"cucumberOpts\",\"onPrepare\",\"onWorkerStart\",\"onWorkerEnd\",\"before\",\"beforeSession\",\"beforeSuite\",\"beforeHook\",\"beforeTest\",\"afterTest\",\"afterHook\",\"afterSuite\",\"afterSession\",\"after\",\"onComplete\",\"beforeAssertion\",\"afterAssertion\",\"beforeFeature\",\"beforeScenario\",\"beforeStep\",\"afterStep\",\"afterScenario\",\"afterFeature\",\"_\",\"suite\",\"$0\",\"ignoredWorkerServices\",\"wdi5\"]"}]}
COMMAND: POST /session/8fa5e6a369088cc1a8b88ace459c7e54/execute/async - {"script":"<script> [21126 bytes]","args":[35000]}
RESULT: {"script":"<script> [21126 bytes]","args":[35000]}
COMMAND: POST /session/8fa5e6a369088cc1a8b88ace459c7e54/element - {"using":"css selector","value":"#shell-header-logo"}
RESULT: {"using":"css selector","value":"#shell-header-logo"}
COMMAND: POST /session/8fa5e6a369088cc1a8b88ace459c7e54/element/f.9A359EC67B0A42D5197B3FB8A3231305.d.2A8AA3B33219ED2E5690E32BDF0609F0.e.6598/click - {}
RESULT: {}
COMMAND: GET /session/8fa5e6a369088cc1a8b88ace459c7e54/screenshot - {}
RESULT: {}
COMMAND: POST /session/8fa5e6a369088cc1a8b88ace459c7e54/execute/async - {"script":"<script> [1562 bytes]","args":[{"selector":{"controlType":"sap.m.Text","viewName":"etm.portal.ui.managehandoverstile.view.Master","properties":{"text":"Manage Handovers"},"interaction":{"idSuffix":"inner"}},"wdio_ui5_key":"etmportal.ui.managehandoverstile.view.Mastersap.m.Text{\"text\":\"Manage Handovers\"}"}]}
RESULT: {"script":"<script> [1562 bytes]","args":[{"selector":{"controlType":"sap.m.Text","viewName":"etm.portal.ui.managehandoverstile.view.Master","properties":{"text":"Manage Handovers"},"interaction":{"idSuffix":"inner"}},"wdio_ui5_key":"etmportal.ui.managehandoverstile.view.Mastersap.m.Text{\"text\":\"Manage Handovers\"}"}]}
RESULT: undefined
COMMAND: POST /session/8fa5e6a369088cc1a8b88ace459c7e54/element - {"using":"xpath","value":"//*[@id=\"__tile132-title\"]"}
RESULT: {"using":"xpath","value":"//*[@id=\"__tile132-title\"]"}
COMMAND: POST /session/8fa5e6a369088cc1a8b88ace459c7e54/element/f.9A359EC67B0A42D5197B3FB8A3231305.d.2A8AA3B33219ED2E5690E32BDF0609F0.e.6787/click - {}
RESULT: {}
COMMAND: GET /session/8fa5e6a369088cc1a8b88ace459c7e54/screenshot - {}
RESULT: {}
COMMAND: POST /session/8fa5e6a369088cc1a8b88ace459c7e54/element - {"using":"xpath","value":"//button[@data-kt=\"masterHOAddButton\"]"}
RESULT: {"using":"xpath","value":"//button[@data-kt=\"masterHOAddButton\"]"}
COMMAND: POST /session/8fa5e6a369088cc1a8b88ace459c7e54/element - {"using":"xpath","value":"//button[@data-kt=\"masterHOAddButton\"]"}
RESULT: {"using":"xpath","value":"//button[@data-kt=\"masterHOAddButton\"]"}
COMMAND: POST /session/8fa5e6a369088cc1a8b88ace459c7e54/element - {"using":"xpath","value":"//button[@data-kt=\"masterHOAddButton\"]"}
RESULT: {"using":"xpath","value":"//button[@data-kt=\"masterHOAddButton\"]"}
COMMAND: POST /session/8fa5e6a369088cc1a8b88ace459c7e54/element - {"using":"xpath","value":"//button[@data-kt=\"masterHOAddButton\"]"}
RESULT: {"using":"xpath","value":"//button[@data-kt=\"masterHOAddButton\"]"}
COMMAND: POST /session/8fa5e6a369088cc1a8b88ace459c7e54/element - {"using":"xpath","value":"//button[@data-kt=\"masterHOAddButton\"]"}
RESULT: {"using":"xpath","value":"//button[@data-kt=\"masterHOAddButton\"]"}
COMMAND: POST /session/8fa5e6a369088cc1a8b88ace459c7e54/execute/sync - {"script":"<script> [8489 bytes]","args":[{"element-6066-11e4-a52e-4f735466cecf":"f.9A359EC67B0A42D5197B3FB8A3231305.d.2A8AA3B33219ED2E5690E32BDF0609F0.e.6818","ELEMENT":"f.9A359EC67B0A42D5197B3FB8A3231305.d.2A8AA3B33219ED2E5690E32BDF0609F0.e.6818"}]}
RESULT: {"script":"<script> [8489 bytes]","args":[{"element-6066-11e4-a52e-4f735466cecf":"f.9A359EC67B0A42D5197B3FB8A3231305.d.2A8AA3B33219ED2E5690E32BDF0609F0.e.6818","ELEMENT":"f.9A359EC67B0A42D5197B3FB8A3231305.d.2A8AA3B33219ED2E5690E32BDF0609F0.e.6818"}]}
COMMAND: POST /session/8fa5e6a369088cc1a8b88ace459c7e54/element/f.9A359EC67B0A42D5197B3FB8A3231305.d.2A8AA3B33219ED2E5690E32BDF0609F0.e.6818/click - {}
COMMAND: GET /session/8fa5e6a369088cc1a8b88ace459c7e54/screenshot - {}
RESULT: {}
COMMAND: GET /session/8fa5e6a369088cc1a8b88ace459c7e54/screenshot - {}
RESULT: {}
COMMAND: POST /session/8fa5e6a369088cc1a8b88ace459c7e54/element - {"using":"xpath","value":"//span[contains(@id ,\"AddNewHO--typeSelect-arrow\")]"}
RESULT: {}
RESULT: {"using":"xpath","value":"//span[contains(@id ,\"AddNewHO--typeSelect-arrow\")]"}
COMMAND: POST /session/8fa5e6a369088cc1a8b88ace459c7e54/element/f.9A359EC67B0A42D5197B3FB8A3231305.d.2A8AA3B33219ED2E5690E32BDF0609F0.e.7122/click - {}
RESULT: {}
COMMAND: GET /session/8fa5e6a369088cc1a8b88ace459c7e54/screenshot - {}
RESULT: {}
COMMAND: POST /session/8fa5e6a369088cc1a8b88ace459c7e54/element - {"using":"xpath","value":"(//li[contains(text(), \"stock increase yard\")])[1]"}
RESULT: {"using":"xpath","value":"(//li[contains(text(), \"stock increase yard\")])[1]"}
COMMAND: POST /session/8fa5e6a369088cc1a8b88ace459c7e54/element/f.9A359EC67B0A42D5197B3FB8A3231305.d.2A8AA3B33219ED2E5690E32BDF0609F0.e.7123/click - {}
RESULT: {}
COMMAND: GET /session/8fa5e6a369088cc1a8b88ace459c7e54/screenshot - {}
RESULT: {}
COMMAND: POST /session/8fa5e6a369088cc1a8b88ace459c7e54/execute/async - {"script":"<script> [1562 bytes]","args":[{"selector":{"id":"application-managehandovers-display-component---AddNewHO--dueDate","interaction":{"idSuffix":"inner"}},"wdio_ui5_key":"applicationmanagehandovers-display-component---AddNewHO--dueDate"}]}
RESULT: {"script":"<script> [1562 bytes]","args":[{"selector":{"id":"application-managehandovers-display-component---AddNewHO--dueDate","interaction":{"idSuffix":"inner"}},"wdio_ui5_key":"applicationmanagehandovers-display-component---AddNewHO--dueDate"}]}
RESULT: undefined
COMMAND: POST /session/8fa5e6a369088cc1a8b88ace459c7e54/execute/async - {"script":"<script> [6424 bytes]","args":[{"element-6066-11e4-a52e-4f735466cecf":"f.9A359EC67B0A42D5197B3FB8A3231305.d.2A8AA3B33219ED2E5690E32BDF0609F0.e.7127"},"setValue",["05/07/2025"]]}
RESULT: {"script":"<script> [6424 bytes]","args":[{"element-6066-11e4-a52e-4f735466cecf":"f.9A359EC67B0A42D5197B3FB8A3231305.d.2A8AA3B33219ED2E5690E32BDF0609F0.e.7127"},"setValue",["05/07/2025"]]}
COMMAND: POST /session/8fa5e6a369088cc1a8b88ace459c7e54/element - {"using":"xpath","value":"//input[@id=\"generalSectionFrg--receiveYard-inner\"]"}
RESULT: {"using":"xpath","value":"//input[@id=\"generalSectionFrg--receiveYard-inner\"]"}
COMMAND: POST /session/8fa5e6a369088cc1a8b88ace459c7e54/element/f.9A359EC67B0A42D5197B3FB8A3231305.d.2A8AA3B33219ED2E5690E32BDF0609F0.e.7133/clear - {}
RESULT: {}
COMMAND: POST /session/8fa5e6a369088cc1a8b88ace459c7e54/element/f.9A359EC67B0A42D5197B3FB8A3231305.d.2A8AA3B33219ED2E5690E32BDF0609F0.e.7133/value - {"text":"WebdriverYard7i81vf"}
COMMAND: GET /session/8fa5e6a369088cc1a8b88ace459c7e54/screenshot - {}
RESULT: {"text":"WebdriverYard7i81vf"}
COMMAND: GET /session/8fa5e6a369088cc1a8b88ace459c7e54/screenshot - {}
RESULT: {}
RESULT: {}
COMMAND: POST /session/8fa5e6a369088cc1a8b88ace459c7e54/execute/async - {"script":"<script> [1562 bytes]","args":[{"selector":{"id":"application-managehandovers-display-component---AddNewHO--ObjectPageLayout-anchBar-application-managehandovers-display-component---AddNewHO--section4-anchor","interaction":{"idSuffix":"BDI-content"}},"wdio_ui5_key":"applicationmanagehandovers-display-component---AddNewHO--ObjectPageLayout-anchBar-application-managehandovers-display-component---AddNewHO--section4-anchor"}]}
RESULT: {"script":"<script> [1562 bytes]","args":[{"selector":{"id":"application-managehandovers-display-component---AddNewHO--ObjectPageLayout-anchBar-application-managehandovers-display-component---AddNewHO--section4-anchor","interaction":{"idSuffix":"BDI-content"}},"wdio_ui5_key":"applicationmanagehandovers-display-component---AddNewHO--ObjectPageLayout-anchBar-application-managehandovers-display-component---AddNewHO--section4-anchor"}]}
RESULT: undefined
COMMAND: POST /session/8fa5e6a369088cc1a8b88ace459c7e54/element - {"using":"xpath","value":"//*[@id=\"application-managehandovers-display-component---AddNewHO--ObjectPageLayout-anchBar-application-managehandovers-display-component---AddNewHO--section4-anchor\"]"}
RESULT: {"using":"xpath","value":"//*[@id=\"application-managehandovers-display-component---AddNewHO--ObjectPageLayout-anchBar-application-managehandovers-display-component---AddNewHO--section4-anchor\"]"}
COMMAND: POST /session/8fa5e6a369088cc1a8b88ace459c7e54/element/f.9A359EC67B0A42D5197B3FB8A3231305.d.2A8AA3B33219ED2E5690E32BDF0609F0.e.7149/click - {}
RESULT: {}
COMMAND: GET /session/8fa5e6a369088cc1a8b88ace459c7e54/screenshot - {}
RESULT: {}
COMMAND: POST /session/8fa5e6a369088cc1a8b88ace459c7e54/element - {"using":"xpath","value":"//button[@aria-label=\"Add\"]"}
RESULT: {"using":"xpath","value":"//button[@aria-label=\"Add\"]"}
COMMAND: POST /session/8fa5e6a369088cc1a8b88ace459c7e54/element/f.9A359EC67B0A42D5197B3FB8A3231305.d.2A8AA3B33219ED2E5690E32BDF0609F0.e.7152/click - {}
RESULT: {}
COMMAND: GET /session/8fa5e6a369088cc1a8b88ace459c7e54/screenshot - {}
RESULT: {}
COMMAND: POST /session/8fa5e6a369088cc1a8b88ace459c7e54/execute/async - {"script":"<script> [1562 bytes]","args":[{"selector":{"id":"application-managehandovers-display-component---AddNewHO--smartFilterBar-btnBasicSearch","searchOpenDialogs":true,"interaction":{"idSuffix":"I"}},"wdio_ui5_key":"applicationmanagehandovers-display-component---AddNewHO--smartFilterBar-btnBasicSearch"}]}
RESULT: {"script":"<script> [1562 bytes]","args":[{"selector":{"id":"application-managehandovers-display-component---AddNewHO--smartFilterBar-btnBasicSearch","searchOpenDialogs":true,"interaction":{"idSuffix":"I"}},"wdio_ui5_key":"applicationmanagehandovers-display-component---AddNewHO--smartFilterBar-btnBasicSearch"}]}
RESULT: undefined
COMMAND: POST /session/8fa5e6a369088cc1a8b88ace459c7e54/execute/async - {"script":"<script> [776 bytes]","args":[{"enterText":"WebdriverRUR2Cpmpx5h","selector":{"id":"application-managehandovers-display-component---AddNewHO--smartFilterBar-btnBasicSearch","searchOpenDialogs":true,"interaction":{"idSuffix":"I"}},"clearTextFirst":true,"interactionType":"ENTER_TEXT"}]}
RESULT: {"script":"<script> [776 bytes]","args":[{"enterText":"WebdriverRUR2Cpmpx5h","selector":{"id":"application-managehandovers-display-component---AddNewHO--smartFilterBar-btnBasicSearch","searchOpenDialogs":true,"interaction":{"idSuffix":"I"}},"clearTextFirst":true,"interactionType":"ENTER_TEXT"}]}
COMMAND: POST /session/8fa5e6a369088cc1a8b88ace459c7e54/actions - {"actions":[{"id":"action14","type":"key","parameters":{},"actions":[{"type":"keyDown","value":"î€‡"},{"type":"pause","duration":10},{"type":"keyUp","value":"î€‡"}]}]}
RESULT: {"actions":[{"id":"action14","type":"key","parameters":{},"actions":[{"type":"keyDown","value":"î€‡"},{"type":"pause","duration":10},{"type":"keyUp","value":"î€‡"}]}]}
COMMAND: POST /session/8fa5e6a369088cc1a8b88ace459c7e54/execute/async - {"script":"<script> [1562 bytes]","args":[{"selector":{"id":"application-managehandovers-display-component---AddNewHO--popup-sa","searchOpenDialogs":true,"interaction":{"idSuffix":"CbBg"}},"wdio_ui5_key":"applicationmanagehandovers-display-component---AddNewHO--popup-sa"}]}
COMMAND: GET /session/8fa5e6a369088cc1a8b88ace459c7e54/screenshot - {}
RESULT: {"script":"<script> [1562 bytes]","args":[{"selector":{"id":"application-managehandovers-display-component---AddNewHO--popup-sa","searchOpenDialogs":true,"interaction":{"idSuffix":"CbBg"}},"wdio_ui5_key":"applicationmanagehandovers-display-component---AddNewHO--popup-sa"}]}
RESULT: undefined
COMMAND: POST /session/8fa5e6a369088cc1a8b88ace459c7e54/element - {"using":"xpath","value":"//*[@id=\"application-managehandovers-display-component---AddNewHO--popup-sa\"]"}
RESULT: {}
RESULT: {"using":"xpath","value":"//*[@id=\"application-managehandovers-display-component---AddNewHO--popup-sa\"]"}
COMMAND: POST /session/8fa5e6a369088cc1a8b88ace459c7e54/element/f.9A359EC67B0A42D5197B3FB8A3231305.d.2A8AA3B33219ED2E5690E32BDF0609F0.e.7308/click - {}
RESULT: {}
COMMAND: GET /session/8fa5e6a369088cc1a8b88ace459c7e54/screenshot - {}
RESULT: {}
COMMAND: POST /session/8fa5e6a369088cc1a8b88ace459c7e54/element - {"using":"xpath","value":"//bdi[contains(text(), \"Select\")]"}
RESULT: {"using":"xpath","value":"//bdi[contains(text(), \"Select\")]"}
COMMAND: POST /session/8fa5e6a369088cc1a8b88ace459c7e54/element/f.9A359EC67B0A42D5197B3FB8A3231305.d.2A8AA3B33219ED2E5690E32BDF0609F0.e.7309/click - {}
RESULT: {}
COMMAND: GET /session/8fa5e6a369088cc1a8b88ace459c7e54/screenshot - {}
RESULT: {}
COMMAND: POST /session/8fa5e6a369088cc1a8b88ace459c7e54/execute/async - {"script":"<script> [1562 bytes]","args":[{"selector":{"controlType":"sap.m.Input","viewName":"etm.portal.ui.managehandovers.view.AddNewHO","viewId":"application-managehandovers-display-component---AddNewHO","bindingPath":{"path":"/items/0","propertyPath":"TYPE","modelName":"hoItemsModel"},"interaction":{"idSuffix":"inner"}},"wdio_ui5_key":"etmportal.ui.managehandovers.view.AddNewHOsap.m.Input{\"path\":\"/items/0\",\"propertyPath\":\"TYPE\",\"modelName\":\"hoItemsModel\"}"}]}
RESULT: {"script":"<script> [1562 bytes]","args":[{"selector":{"controlType":"sap.m.Input","viewName":"etm.portal.ui.managehandovers.view.AddNewHO","viewId":"application-managehandovers-display-component---AddNewHO","bindingPath":{"path":"/items/0","propertyPath":"TYPE","modelName":"hoItemsModel"},"interaction":{"idSuffix":"inner"}},"wdio_ui5_key":"etmportal.ui.managehandovers.view.AddNewHOsap.m.Input{\"path\":\"/items/0\",\"propertyPath\":\"TYPE\",\"modelName\":\"hoItemsModel\"}"}]}
RESULT: undefined
COMMAND: POST /session/8fa5e6a369088cc1a8b88ace459c7e54/execute/async - {"script":"<script> [776 bytes]","args":[{"enterText":"100","selector":{"controlType":"sap.m.Input","viewName":"etm.portal.ui.managehandovers.view.AddNewHO","viewId":"application-managehandovers-display-component---AddNewHO","bindingPath":{"path":"/items/0","propertyPath":"TYPE","modelName":"hoItemsModel"},"interaction":{"idSuffix":"inner"}},"clearTextFirst":true,"interactionType":"ENTER_TEXT"}]}
RESULT: {"script":"<script> [776 bytes]","args":[{"enterText":"100","selector":{"controlType":"sap.m.Input","viewName":"etm.portal.ui.managehandovers.view.AddNewHO","viewId":"application-managehandovers-display-component---AddNewHO","bindingPath":{"path":"/items/0","propertyPath":"TYPE","modelName":"hoItemsModel"},"interaction":{"idSuffix":"inner"}},"clearTextFirst":true,"interactionType":"ENTER_TEXT"}]}
COMMAND: POST /session/8fa5e6a369088cc1a8b88ace459c7e54/element - {"using":"xpath","value":"//button[@data-kt=\"AddNewHOSaveButton\"]"}
RESULT: {"using":"xpath","value":"//button[@data-kt=\"AddNewHOSaveButton\"]"}
COMMAND: POST /session/8fa5e6a369088cc1a8b88ace459c7e54/element/f.9A359EC67B0A42D5197B3FB8A3231305.d.2A8AA3B33219ED2E5690E32BDF0609F0.e.7314/click - {}
RESULT: {}
COMMAND: GET /session/8fa5e6a369088cc1a8b88ace459c7e54/screenshot - {}
COMMAND: POST /session/8fa5e6a369088cc1a8b88ace459c7e54/execute/async - {"script":"<script> [1562 bytes]","args":[{"selector":{"id":"receiptDatePicker","viewName":"etm.portal.ui.managehandovers.view.DetailExecuteHO","interaction":{"idSuffix":"inner"}},"wdio_ui5_key":"receiptDatePickeretmportal.ui.managehandovers.view.DetailExecuteHO"}]}
RESULT: {}
RESULT: {"script":"<script> [1562 bytes]","args":[{"selector":{"id":"receiptDatePicker","viewName":"etm.portal.ui.managehandovers.view.DetailExecuteHO","interaction":{"idSuffix":"inner"}},"wdio_ui5_key":"receiptDatePickeretmportal.ui.managehandovers.view.DetailExecuteHO"}]}
RESULT: undefined
COMMAND: POST /session/8fa5e6a369088cc1a8b88ace459c7e54/execute/async - {"script":"<script> [6424 bytes]","args":[{"element-6066-11e4-a52e-4f735466cecf":"f.9A359EC67B0A42D5197B3FB8A3231305.d.2A8AA3B33219ED2E5690E32BDF0609F0.e.7338"},"setValue",["05/07/2025"]]}
RESULT: {"script":"<script> [6424 bytes]","args":[{"element-6066-11e4-a52e-4f735466cecf":"f.9A359EC67B0A42D5197B3FB8A3231305.d.2A8AA3B33219ED2E5690E32BDF0609F0.e.7338"},"setValue",["05/07/2025"]]}
COMMAND: POST /session/8fa5e6a369088cc1a8b88ace459c7e54/element - {"using":"xpath","value":"//button[@data-kt=\"PickingTableConfirmAllButton\"]"}
RESULT: {"using":"xpath","value":"//button[@data-kt=\"PickingTableConfirmAllButton\"]"}
COMMAND: POST /session/8fa5e6a369088cc1a8b88ace459c7e54/element/f.9A359EC67B0A42D5197B3FB8A3231305.d.2A8AA3B33219ED2E5690E32BDF0609F0.e.7354/click - {}
RESULT: {}
COMMAND: GET /session/8fa5e6a369088cc1a8b88ace459c7e54/screenshot - {}
RESULT: {}
COMMAND: POST /session/8fa5e6a369088cc1a8b88ace459c7e54/element - {"using":"xpath","value":"//bdi[contains(text(), \"OK\")]"}
RESULT: {"using":"xpath","value":"//bdi[contains(text(), \"OK\")]"}
COMMAND: POST /session/8fa5e6a369088cc1a8b88ace459c7e54/element/f.9A359EC67B0A42D5197B3FB8A3231305.d.2A8AA3B33219ED2E5690E32BDF0609F0.e.7357/click - {}
RESULT: {}
COMMAND: GET /session/8fa5e6a369088cc1a8b88ace459c7e54/screenshot - {}
RESULT: {}
COMMAND: POST /session/8fa5e6a369088cc1a8b88ace459c7e54/element - {"using":"xpath","value":"(//bdi[contains(text(), \"Receive\")])[2]"}
RESULT: {"using":"xpath","value":"(//bdi[contains(text(), \"Receive\")])[2]"}
COMMAND: POST /session/8fa5e6a369088cc1a8b88ace459c7e54/element/f.9A359EC67B0A42D5197B3FB8A3231305.d.2A8AA3B33219ED2E5690E32BDF0609F0.e.7358/click - {}
RESULT: {}
COMMAND: GET /session/8fa5e6a369088cc1a8b88ace459c7e54/screenshot - {}
RESULT: {}
COMMAND: POST /session/8fa5e6a369088cc1a8b88ace459c7e54/element - {"using":"css selector","value":"#shell-header-logo"}
RESULT: {"using":"css selector","value":"#shell-header-logo"}
COMMAND: POST /session/8fa5e6a369088cc1a8b88ace459c7e54/element/f.9A359EC67B0A42D5197B3FB8A3231305.d.2A8AA3B33219ED2E5690E32BDF0609F0.e.6790/click - {}
RESULT: {}
]]></system-out>
    </testcase>
    <testcase classname="chrome.136_0_7103_49.windows.E2E_-_Logistical_and_commercial_statuses" name="Should add a pricing rule and a condition to the RU" time="110.556">
      <system-out><![CDATA[
COMMAND: POST /session/8fa5e6a369088cc1a8b88ace459c7e54/execute/async - {"script":"<script> [1562 bytes]","args":[{"selector":{"controlType":"sap.m.GenericTile","properties":{"header":"Manage Pricing Rules"}},"wdio_ui5_key":"sapm.GenericTile{\"header\":\"Manage Pricing Rules\"}"}]}
COMMAND: GET /session/8fa5e6a369088cc1a8b88ace459c7e54/screenshot - {}
RESULT: {"script":"<script> [1562 bytes]","args":[{"selector":{"controlType":"sap.m.GenericTile","properties":{"header":"Manage Pricing Rules"}},"wdio_ui5_key":"sapm.GenericTile{\"header\":\"Manage Pricing Rules\"}"}]}
RESULT: undefined
COMMAND: POST /session/8fa5e6a369088cc1a8b88ace459c7e54/element - {"using":"xpath","value":"//*[@id=\"__tile55\"]"}
RESULT: {}
RESULT: {"using":"xpath","value":"//*[@id=\"__tile55\"]"}
COMMAND: POST /session/8fa5e6a369088cc1a8b88ace459c7e54/element/f.9A359EC67B0A42D5197B3FB8A3231305.d.2A8AA3B33219ED2E5690E32BDF0609F0.e.7511/click - {}
RESULT: {}
COMMAND: GET /session/8fa5e6a369088cc1a8b88ace459c7e54/screenshot - {}
RESULT: {}
COMMAND: POST /session/8fa5e6a369088cc1a8b88ace459c7e54/execute/async - {"script":"<script> [1562 bytes]","args":[{"selector":{"controlType":"sap.ui.core.Icon","viewName":"etm.portal.ui.managepricingrules.view.MasterHeader","viewId":"application-managepricingrules-display-component---priceInfoHeader","properties":{"src":{"regex":{"source":"activity\\-items"}}}},"wdio_ui5_key":"etmportal.ui.managepricingrules.view.MasterHeadersap.ui.core.Icon{\"src\":{\"regex\":{\"source\":\"activity\\\\-items\"}}}"}]}
RESULT: {"script":"<script> [1562 bytes]","args":[{"selector":{"controlType":"sap.ui.core.Icon","viewName":"etm.portal.ui.managepricingrules.view.MasterHeader","viewId":"application-managepricingrules-display-component---priceInfoHeader","properties":{"src":{"regex":{"source":"activity\\-items"}}}},"wdio_ui5_key":"etmportal.ui.managepricingrules.view.MasterHeadersap.ui.core.Icon{\"src\":{\"regex\":{\"source\":\"activity\\\\-items\"}}}"}]}
RESULT: undefined
COMMAND: POST /session/8fa5e6a369088cc1a8b88ace459c7e54/element - {"using":"xpath","value":"//*[@id=\"__filter22-icon\"]"}
RESULT: {"using":"xpath","value":"//*[@id=\"__filter22-icon\"]"}
COMMAND: POST /session/8fa5e6a369088cc1a8b88ace459c7e54/element/f.9A359EC67B0A42D5197B3FB8A3231305.d.2A8AA3B33219ED2E5690E32BDF0609F0.e.7560/click - {}
RESULT: {}
COMMAND: GET /session/8fa5e6a369088cc1a8b88ace459c7e54/screenshot - {}
RESULT: {}
COMMAND: POST /session/8fa5e6a369088cc1a8b88ace459c7e54/execute/async - {"script":"<script> [1562 bytes]","args":[{"selector":{"controlType":"sap.ui.core.Icon","viewName":"etm.portal.ui.managepricingrules.view.MasterItem","viewId":"application-managepricingrules-display-component---priceInfoItem","properties":{"src":{"regex":{"source":"add"}}}},"wdio_ui5_key":"etmportal.ui.managepricingrules.view.MasterItemsap.ui.core.Icon{\"src\":{\"regex\":{\"source\":\"add\"}}}"}]}
RESULT: {"script":"<script> [1562 bytes]","args":[{"selector":{"controlType":"sap.ui.core.Icon","viewName":"etm.portal.ui.managepricingrules.view.MasterItem","viewId":"application-managepricingrules-display-component---priceInfoItem","properties":{"src":{"regex":{"source":"add"}}}},"wdio_ui5_key":"etmportal.ui.managepricingrules.view.MasterItemsap.ui.core.Icon{\"src\":{\"regex\":{\"source\":\"add\"}}}"}]}
RESULT: undefined
COMMAND: POST /session/8fa5e6a369088cc1a8b88ace459c7e54/element - {"using":"xpath","value":"//*[@id=\"__button76-img\"]"}
RESULT: {"using":"xpath","value":"//*[@id=\"__button76-img\"]"}
COMMAND: POST /session/8fa5e6a369088cc1a8b88ace459c7e54/element/f.9A359EC67B0A42D5197B3FB8A3231305.d.2A8AA3B33219ED2E5690E32BDF0609F0.e.7608/click - {}
RESULT: {}
COMMAND: GET /session/8fa5e6a369088cc1a8b88ace459c7e54/screenshot - {}
RESULT: {}
COMMAND: POST /session/8fa5e6a369088cc1a8b88ace459c7e54/element - {"using":"xpath","value":"//input[@id=\"application-managepricingrules-display-component---newInfoPriceItem--condRU-inner\"]"}
RESULT: {"using":"xpath","value":"//input[@id=\"application-managepricingrules-display-component---newInfoPriceItem--condRU-inner\"]"}
COMMAND: POST /session/8fa5e6a369088cc1a8b88ace459c7e54/element/f.9A359EC67B0A42D5197B3FB8A3231305.d.2A8AA3B33219ED2E5690E32BDF0609F0.e.7820/clear - {}
RESULT: {}
COMMAND: POST /session/8fa5e6a369088cc1a8b88ace459c7e54/element/f.9A359EC67B0A42D5197B3FB8A3231305.d.2A8AA3B33219ED2E5690E32BDF0609F0.e.7820/value - {"text":"WebdriverRUR2Cpmpx5h"}
RESULT: {"text":"WebdriverRUR2Cpmpx5h"}
COMMAND: POST /session/8fa5e6a369088cc1a8b88ace459c7e54/execute/async - {"script":"<script> [1562 bytes]","args":[{"selector":{"id":"application-managepricingrules-display-component---newInfoPriceItem--condValidTo","interaction":{"idSuffix":"inner"}},"wdio_ui5_key":"applicationmanagepricingrules-display-component---newInfoPriceItem--condValidTo"}]}
COMMAND: GET /session/8fa5e6a369088cc1a8b88ace459c7e54/screenshot - {}
COMMAND: GET /session/8fa5e6a369088cc1a8b88ace459c7e54/screenshot - {}
RESULT: {"script":"<script> [1562 bytes]","args":[{"selector":{"id":"application-managepricingrules-display-component---newInfoPriceItem--condValidTo","interaction":{"idSuffix":"inner"}},"wdio_ui5_key":"applicationmanagepricingrules-display-component---newInfoPriceItem--condValidTo"}]}
RESULT: undefined
COMMAND: POST /session/8fa5e6a369088cc1a8b88ace459c7e54/execute/async - {"script":"<script> [776 bytes]","args":[{"enterText":"5/18/33","selector":{"id":"application-managepricingrules-display-component---newInfoPriceItem--condValidTo","interaction":{"idSuffix":"inner"}},"clearTextFirst":true,"interactionType":"ENTER_TEXT"}]}
RESULT: {}
RESULT: {}
RESULT: {"script":"<script> [776 bytes]","args":[{"enterText":"5/18/33","selector":{"id":"application-managepricingrules-display-component---newInfoPriceItem--condValidTo","interaction":{"idSuffix":"inner"}},"clearTextFirst":true,"interactionType":"ENTER_TEXT"}]}
COMMAND: POST /session/8fa5e6a369088cc1a8b88ace459c7e54/execute/async - {"script":"<script> [1562 bytes]","args":[{"selector":{"id":"application-managepricingrules-display-component---newInfoPriceItem--billType-arrow"},"wdio_ui5_key":"applicationmanagepricingrules-display-component---newInfoPriceItem--billType-arrow"}]}
RESULT: {"script":"<script> [1562 bytes]","args":[{"selector":{"id":"application-managepricingrules-display-component---newInfoPriceItem--billType-arrow"},"wdio_ui5_key":"applicationmanagepricingrules-display-component---newInfoPriceItem--billType-arrow"}]}
RESULT: undefined
COMMAND: POST /session/8fa5e6a369088cc1a8b88ace459c7e54/element - {"using":"xpath","value":"//*[@id=\"application-managepricingrules-display-component---newInfoPriceItem--billType-arrow\"]"}
RESULT: {"using":"xpath","value":"//*[@id=\"application-managepricingrules-display-component---newInfoPriceItem--billType-arrow\"]"}
COMMAND: POST /session/8fa5e6a369088cc1a8b88ace459c7e54/element/f.9A359EC67B0A42D5197B3FB8A3231305.d.2A8AA3B33219ED2E5690E32BDF0609F0.e.7914/click - {}
RESULT: {}
COMMAND: POST /session/8fa5e6a369088cc1a8b88ace459c7e54/element - {"using":"xpath","value":"//span[contains(text(), \"TB - Time based\")]"}
COMMAND: GET /session/8fa5e6a369088cc1a8b88ace459c7e54/screenshot - {}
RESULT: {"using":"xpath","value":"//span[contains(text(), \"TB - Time based\")]"}
COMMAND: POST /session/8fa5e6a369088cc1a8b88ace459c7e54/element/f.9A359EC67B0A42D5197B3FB8A3231305.d.2A8AA3B33219ED2E5690E32BDF0609F0.e.7955/click - {}
RESULT: {}
RESULT: {}
COMMAND: POST /session/8fa5e6a369088cc1a8b88ace459c7e54/execute/async - {"script":"<script> [1562 bytes]","args":[{"selector":{"id":"application-managepricingrules-display-component---newInfoPriceItem--priceProc-arrow"},"wdio_ui5_key":"applicationmanagepricingrules-display-component---newInfoPriceItem--priceProc-arrow"}]}
COMMAND: GET /session/8fa5e6a369088cc1a8b88ace459c7e54/screenshot - {}
RESULT: {"script":"<script> [1562 bytes]","args":[{"selector":{"id":"application-managepricingrules-display-component---newInfoPriceItem--priceProc-arrow"},"wdio_ui5_key":"applicationmanagepricingrules-display-component---newInfoPriceItem--priceProc-arrow"}]}
RESULT: undefined
COMMAND: POST /session/8fa5e6a369088cc1a8b88ace459c7e54/element - {"using":"xpath","value":"//*[@id=\"application-managepricingrules-display-component---newInfoPriceItem--priceProc-arrow\"]"}
RESULT: {}
RESULT: {"using":"xpath","value":"//*[@id=\"application-managepricingrules-display-component---newInfoPriceItem--priceProc-arrow\"]"}
COMMAND: POST /session/8fa5e6a369088cc1a8b88ace459c7e54/element/f.9A359EC67B0A42D5197B3FB8A3231305.d.2A8AA3B33219ED2E5690E32BDF0609F0.e.7921/click - {}
RESULT: {}
COMMAND: POST /session/8fa5e6a369088cc1a8b88ace459c7e54/element - {"using":"xpath","value":"//span[contains(text(), \"TBS - Time based standard\")]"}
COMMAND: GET /session/8fa5e6a369088cc1a8b88ace459c7e54/screenshot - {}
RESULT: {"using":"xpath","value":"//span[contains(text(), \"TBS - Time based standard\")]"}
COMMAND: POST /session/8fa5e6a369088cc1a8b88ace459c7e54/element/f.9A359EC67B0A42D5197B3FB8A3231305.d.2A8AA3B33219ED2E5690E32BDF0609F0.e.7956/click - {}
RESULT: {}
RESULT: {}
COMMAND: POST /session/8fa5e6a369088cc1a8b88ace459c7e54/execute/async - {"script":"<script> [1562 bytes]","args":[{"selector":{"id":"application-managepricingrules-display-component---newInfoPriceItem--calcBase-arrow"},"wdio_ui5_key":"applicationmanagepricingrules-display-component---newInfoPriceItem--calcBase-arrow"}]}
COMMAND: GET /session/8fa5e6a369088cc1a8b88ace459c7e54/screenshot - {}
RESULT: {"script":"<script> [1562 bytes]","args":[{"selector":{"id":"application-managepricingrules-display-component---newInfoPriceItem--calcBase-arrow"},"wdio_ui5_key":"applicationmanagepricingrules-display-component---newInfoPriceItem--calcBase-arrow"}]}
RESULT: undefined
COMMAND: POST /session/8fa5e6a369088cc1a8b88ace459c7e54/element - {"using":"xpath","value":"//*[@id=\"application-managepricingrules-display-component---newInfoPriceItem--calcBase-arrow\"]"}
RESULT: {}
RESULT: {"using":"xpath","value":"//*[@id=\"application-managepricingrules-display-component---newInfoPriceItem--calcBase-arrow\"]"}
COMMAND: POST /session/8fa5e6a369088cc1a8b88ace459c7e54/element/f.9A359EC67B0A42D5197B3FB8A3231305.d.2A8AA3B33219ED2E5690E32BDF0609F0.e.7928/click - {}
RESULT: {}
COMMAND: GET /session/8fa5e6a369088cc1a8b88ace459c7e54/screenshot - {}
RESULT: {}
COMMAND: POST /session/8fa5e6a369088cc1a8b88ace459c7e54/element - {"using":"xpath","value":"//span[contains(text(), \"0006 - TB(calendar days)\")]"}
RESULT: {"using":"xpath","value":"//span[contains(text(), \"0006 - TB(calendar days)\")]"}
COMMAND: POST /session/8fa5e6a369088cc1a8b88ace459c7e54/element/f.9A359EC67B0A42D5197B3FB8A3231305.d.2A8AA3B33219ED2E5690E32BDF0609F0.e.7957/click - {}
RESULT: {}
COMMAND: POST /session/8fa5e6a369088cc1a8b88ace459c7e54/execute/async - {"script":"<script> [1562 bytes]","args":[{"selector":{"id":"application-managepricingrules-display-component---newInfoPriceItem--daysMonth","interaction":{"idSuffix":"inner"}},"wdio_ui5_key":"applicationmanagepricingrules-display-component---newInfoPriceItem--daysMonth"}]}
COMMAND: GET /session/8fa5e6a369088cc1a8b88ace459c7e54/screenshot - {}
RESULT: {"script":"<script> [1562 bytes]","args":[{"selector":{"id":"application-managepricingrules-display-component---newInfoPriceItem--daysMonth","interaction":{"idSuffix":"inner"}},"wdio_ui5_key":"applicationmanagepricingrules-display-component---newInfoPriceItem--daysMonth"}]}
RESULT: undefined
COMMAND: POST /session/8fa5e6a369088cc1a8b88ace459c7e54/execute/async - {"script":"<script> [776 bytes]","args":[{"enterText":"30","selector":{"id":"application-managepricingrules-display-component---newInfoPriceItem--daysMonth","interaction":{"idSuffix":"inner"}},"clearTextFirst":true,"interactionType":"ENTER_TEXT"}]}
RESULT: {}
RESULT: {"script":"<script> [776 bytes]","args":[{"enterText":"30","selector":{"id":"application-managepricingrules-display-component---newInfoPriceItem--daysMonth","interaction":{"idSuffix":"inner"}},"clearTextFirst":true,"interactionType":"ENTER_TEXT"}]}
COMMAND: POST /session/8fa5e6a369088cc1a8b88ace459c7e54/element - {"using":"xpath","value":"//button[@data-kt=\"saveNewRuleButton\"]"}
RESULT: {"using":"xpath","value":"//button[@data-kt=\"saveNewRuleButton\"]"}
COMMAND: POST /session/8fa5e6a369088cc1a8b88ace459c7e54/element/f.9A359EC67B0A42D5197B3FB8A3231305.d.2A8AA3B33219ED2E5690E32BDF0609F0.e.7948/click - {}
RESULT: {}
COMMAND: GET /session/8fa5e6a369088cc1a8b88ace459c7e54/screenshot - {}
RESULT: {}
COMMAND: POST /session/8fa5e6a369088cc1a8b88ace459c7e54/element - {"using":"css selector","value":"#shell-header-logo"}
RESULT: {"using":"css selector","value":"#shell-header-logo"}
COMMAND: POST /session/8fa5e6a369088cc1a8b88ace459c7e54/element/f.9A359EC67B0A42D5197B3FB8A3231305.d.2A8AA3B33219ED2E5690E32BDF0609F0.e.7513/click - {}
RESULT: {}
COMMAND: GET /session/8fa5e6a369088cc1a8b88ace459c7e54/screenshot - {}
RESULT: {}
COMMAND: POST /session/8fa5e6a369088cc1a8b88ace459c7e54/execute/async - {"script":"<script> [1562 bytes]","args":[{"selector":{"controlType":"sap.m.Text","properties":{"text":"Manage Conditions & Prices"},"interaction":{"idSuffix":"inner"}},"wdio_ui5_key":"sapm.Text{\"text\":\"Manage Conditions & Prices\"}"}]}
RESULT: {"script":"<script> [1562 bytes]","args":[{"selector":{"controlType":"sap.m.Text","properties":{"text":"Manage Conditions & Prices"},"interaction":{"idSuffix":"inner"}},"wdio_ui5_key":"sapm.Text{\"text\":\"Manage Conditions & Prices\"}"}]}
RESULT: undefined
COMMAND: POST /session/8fa5e6a369088cc1a8b88ace459c7e54/element - {"using":"xpath","value":"//*[@id=\"__tile53-title\"]"}
RESULT: {"using":"xpath","value":"//*[@id=\"__tile53-title\"]"}
COMMAND: POST /session/8fa5e6a369088cc1a8b88ace459c7e54/element/f.9A359EC67B0A42D5197B3FB8A3231305.d.2A8AA3B33219ED2E5690E32BDF0609F0.e.7975/click - {}
RESULT: {}
COMMAND: GET /session/8fa5e6a369088cc1a8b88ace459c7e54/screenshot - {}
RESULT: {}
COMMAND: POST /session/8fa5e6a369088cc1a8b88ace459c7e54/element - {"using":"xpath","value":"//button[@aria-label=\"Create\"]"}
RESULT: {"using":"xpath","value":"//button[@aria-label=\"Create\"]"}
COMMAND: POST /session/8fa5e6a369088cc1a8b88ace459c7e54/element/f.9A359EC67B0A42D5197B3FB8A3231305.d.2A8AA3B33219ED2E5690E32BDF0609F0.e.8012/click - {}
RESULT: {}
COMMAND: POST /session/8fa5e6a369088cc1a8b88ace459c7e54/actions - {"actions":[{"id":"action15","type":"key","parameters":{},"actions":[{"type":"keyDown","value":"î€‡"},{"type":"pause","duration":10},{"type":"keyUp","value":"î€‡"}]}]}
COMMAND: GET /session/8fa5e6a369088cc1a8b88ace459c7e54/screenshot - {}
RESULT: {"actions":[{"id":"action15","type":"key","parameters":{},"actions":[{"type":"keyDown","value":"î€‡"},{"type":"pause","duration":10},{"type":"keyUp","value":"î€‡"}]}]}
COMMAND: GET /session/8fa5e6a369088cc1a8b88ace459c7e54/screenshot - {}
COMMAND: POST /session/8fa5e6a369088cc1a8b88ace459c7e54/execute/async - {"script":"<script> [1562 bytes]","args":[{"selector":{"id":"application-manageconditionprice-display-component---newCondition--condBillCond-arrow"},"wdio_ui5_key":"applicationmanageconditionprice-display-component---newCondition--condBillCond-arrow"}]}
RESULT: {}
RESULT: {}
RESULT: {"script":"<script> [1562 bytes]","args":[{"selector":{"id":"application-manageconditionprice-display-component---newCondition--condBillCond-arrow"},"wdio_ui5_key":"applicationmanageconditionprice-display-component---newCondition--condBillCond-arrow"}]}
RESULT: undefined
COMMAND: POST /session/8fa5e6a369088cc1a8b88ace459c7e54/element - {"using":"xpath","value":"//*[@id=\"application-manageconditionprice-display-component---newCondition--condBillCond-arrow\"]"}
RESULT: {"using":"xpath","value":"//*[@id=\"application-manageconditionprice-display-component---newCondition--condBillCond-arrow\"]"}
COMMAND: POST /session/8fa5e6a369088cc1a8b88ace459c7e54/element/f.9A359EC67B0A42D5197B3FB8A3231305.d.2A8AA3B33219ED2E5690E32BDF0609F0.e.8479/click - {}
RESULT: {}
COMMAND: POST /session/8fa5e6a369088cc1a8b88ace459c7e54/element - {"using":"xpath","value":"//span[contains(text(), \"DISP - D&I special price\")]"}
COMMAND: GET /session/8fa5e6a369088cc1a8b88ace459c7e54/screenshot - {}
RESULT: {"using":"xpath","value":"//span[contains(text(), \"DISP - D&I special price\")]"}
COMMAND: POST /session/8fa5e6a369088cc1a8b88ace459c7e54/element/f.9A359EC67B0A42D5197B3FB8A3231305.d.2A8AA3B33219ED2E5690E32BDF0609F0.e.8482/click - {}
RESULT: {}
RESULT: {}
COMMAND: POST /session/8fa5e6a369088cc1a8b88ace459c7e54/execute/async - {"script":"<script> [1562 bytes]","args":[{"selector":{"id":"application-manageconditionprice-display-component---newCondition--condValidTo","interaction":{"idSuffix":"inner"}},"wdio_ui5_key":"applicationmanageconditionprice-display-component---newCondition--condValidTo"}]}
COMMAND: GET /session/8fa5e6a369088cc1a8b88ace459c7e54/screenshot - {}
RESULT: {"script":"<script> [1562 bytes]","args":[{"selector":{"id":"application-manageconditionprice-display-component---newCondition--condValidTo","interaction":{"idSuffix":"inner"}},"wdio_ui5_key":"applicationmanageconditionprice-display-component---newCondition--condValidTo"}]}
RESULT: undefined
COMMAND: POST /session/8fa5e6a369088cc1a8b88ace459c7e54/execute/async - {"script":"<script> [776 bytes]","args":[{"enterText":"5/11/33","selector":{"id":"application-manageconditionprice-display-component---newCondition--condValidTo","interaction":{"idSuffix":"inner"}},"clearTextFirst":true,"interactionType":"ENTER_TEXT"}]}
RESULT: {}
RESULT: {"script":"<script> [776 bytes]","args":[{"enterText":"5/11/33","selector":{"id":"application-manageconditionprice-display-component---newCondition--condValidTo","interaction":{"idSuffix":"inner"}},"clearTextFirst":true,"interactionType":"ENTER_TEXT"}]}
COMMAND: POST /session/8fa5e6a369088cc1a8b88ace459c7e54/element - {"using":"xpath","value":"//input[@id=\"application-manageconditionprice-display-component---newCondition--condRU-inner\"]"}
RESULT: {"using":"xpath","value":"//input[@id=\"application-manageconditionprice-display-component---newCondition--condRU-inner\"]"}
COMMAND: POST /session/8fa5e6a369088cc1a8b88ace459c7e54/element/f.9A359EC67B0A42D5197B3FB8A3231305.d.2A8AA3B33219ED2E5690E32BDF0609F0.e.8206/clear - {}
RESULT: {}
COMMAND: POST /session/8fa5e6a369088cc1a8b88ace459c7e54/element/f.9A359EC67B0A42D5197B3FB8A3231305.d.2A8AA3B33219ED2E5690E32BDF0609F0.e.8206/value - {"text":"WebdriverRUR2Cpmpx5h"}
COMMAND: GET /session/8fa5e6a369088cc1a8b88ace459c7e54/screenshot - {}
RESULT: {"text":"WebdriverRUR2Cpmpx5h"}
COMMAND: GET /session/8fa5e6a369088cc1a8b88ace459c7e54/screenshot - {}
RESULT: {}
RESULT: {}
COMMAND: POST /session/8fa5e6a369088cc1a8b88ace459c7e54/actions - {"actions":[{"id":"action16","type":"key","parameters":{},"actions":[{"type":"keyDown","value":"î€‡"},{"type":"pause","duration":10},{"type":"keyUp","value":"î€‡"}]}]}
RESULT: {"actions":[{"id":"action16","type":"key","parameters":{},"actions":[{"type":"keyDown","value":"î€‡"},{"type":"pause","duration":10},{"type":"keyUp","value":"î€‡"}]}]}
COMMAND: POST /session/8fa5e6a369088cc1a8b88ace459c7e54/execute/async - {"script":"<script> [1562 bytes]","args":[{"selector":{"id":"application-manageconditionprice-display-component---newCondition--condBaseQty","interaction":{"idSuffix":"inner"}},"wdio_ui5_key":"applicationmanageconditionprice-display-component---newCondition--condBaseQty"}]}
COMMAND: GET /session/8fa5e6a369088cc1a8b88ace459c7e54/screenshot - {}
RESULT: {"script":"<script> [1562 bytes]","args":[{"selector":{"id":"application-manageconditionprice-display-component---newCondition--condBaseQty","interaction":{"idSuffix":"inner"}},"wdio_ui5_key":"applicationmanageconditionprice-display-component---newCondition--condBaseQty"}]}
RESULT: undefined
COMMAND: POST /session/8fa5e6a369088cc1a8b88ace459c7e54/execute/async - {"script":"<script> [776 bytes]","args":[{"enterText":"1","selector":{"id":"application-manageconditionprice-display-component---newCondition--condBaseQty","interaction":{"idSuffix":"inner"}},"clearTextFirst":true,"interactionType":"ENTER_TEXT"}]}
RESULT: {}
RESULT: {"script":"<script> [776 bytes]","args":[{"enterText":"1","selector":{"id":"application-manageconditionprice-display-component---newCondition--condBaseQty","interaction":{"idSuffix":"inner"}},"clearTextFirst":true,"interactionType":"ENTER_TEXT"}]}
COMMAND: POST /session/8fa5e6a369088cc1a8b88ace459c7e54/execute/async - {"script":"<script> [1562 bytes]","args":[{"selector":{"id":"application-manageconditionprice-display-component---newCondition--condValue","interaction":{"idSuffix":"inner"}},"wdio_ui5_key":"applicationmanageconditionprice-display-component---newCondition--condValue"}]}
RESULT: {"script":"<script> [1562 bytes]","args":[{"selector":{"id":"application-manageconditionprice-display-component---newCondition--condValue","interaction":{"idSuffix":"inner"}},"wdio_ui5_key":"applicationmanageconditionprice-display-component---newCondition--condValue"}]}
RESULT: undefined
COMMAND: POST /session/8fa5e6a369088cc1a8b88ace459c7e54/execute/async - {"script":"<script> [776 bytes]","args":[{"enterText":"100","selector":{"id":"application-manageconditionprice-display-component---newCondition--condValue","interaction":{"idSuffix":"inner"}},"clearTextFirst":true,"interactionType":"ENTER_TEXT"}]}
RESULT: {"script":"<script> [776 bytes]","args":[{"enterText":"100","selector":{"id":"application-manageconditionprice-display-component---newCondition--condValue","interaction":{"idSuffix":"inner"}},"clearTextFirst":true,"interactionType":"ENTER_TEXT"}]}
COMMAND: POST /session/8fa5e6a369088cc1a8b88ace459c7e54/execute/async - {"script":"<script> [1562 bytes]","args":[{"selector":{"id":"application-manageconditionprice-display-component---newCondition--condCurr-arrow"},"wdio_ui5_key":"applicationmanageconditionprice-display-component---newCondition--condCurr-arrow"}]}
RESULT: {"script":"<script> [1562 bytes]","args":[{"selector":{"id":"application-manageconditionprice-display-component---newCondition--condCurr-arrow"},"wdio_ui5_key":"applicationmanageconditionprice-display-component---newCondition--condCurr-arrow"}]}
RESULT: undefined
COMMAND: POST /session/8fa5e6a369088cc1a8b88ace459c7e54/element - {"using":"xpath","value":"//*[@id=\"application-manageconditionprice-display-component---newCondition--condCurr-arrow\"]"}
RESULT: {"using":"xpath","value":"//*[@id=\"application-manageconditionprice-display-component---newCondition--condCurr-arrow\"]"}
COMMAND: POST /session/8fa5e6a369088cc1a8b88ace459c7e54/element/f.9A359EC67B0A42D5197B3FB8A3231305.d.2A8AA3B33219ED2E5690E32BDF0609F0.e.8431/click - {}
RESULT: {}
COMMAND: POST /session/8fa5e6a369088cc1a8b88ace459c7e54/element - {"using":"xpath","value":"//span[contains(text(), \"Euro\")]"}
COMMAND: GET /session/8fa5e6a369088cc1a8b88ace459c7e54/screenshot - {}
RESULT: {"using":"xpath","value":"//span[contains(text(), \"Euro\")]"}
COMMAND: POST /session/8fa5e6a369088cc1a8b88ace459c7e54/element/f.9A359EC67B0A42D5197B3FB8A3231305.d.2A8AA3B33219ED2E5690E32BDF0609F0.e.8516/click - {}
RESULT: {}
RESULT: {}
COMMAND: POST /session/8fa5e6a369088cc1a8b88ace459c7e54/element - {"using":"xpath","value":"//button[@data-kt=\"saveButton\"]"}
COMMAND: GET /session/8fa5e6a369088cc1a8b88ace459c7e54/screenshot - {}
RESULT: {"using":"xpath","value":"//button[@data-kt=\"saveButton\"]"}
COMMAND: POST /session/8fa5e6a369088cc1a8b88ace459c7e54/element/f.9A359EC67B0A42D5197B3FB8A3231305.d.2A8AA3B33219ED2E5690E32BDF0609F0.e.8432/click - {}
RESULT: {}
RESULT: {}
COMMAND: GET /session/8fa5e6a369088cc1a8b88ace459c7e54/screenshot - {}
RESULT: {}
COMMAND: POST /session/8fa5e6a369088cc1a8b88ace459c7e54/element - {"using":"css selector","value":"#shell-header-logo"}
RESULT: {"using":"css selector","value":"#shell-header-logo"}
COMMAND: POST /session/8fa5e6a369088cc1a8b88ace459c7e54/element/f.9A359EC67B0A42D5197B3FB8A3231305.d.2A8AA3B33219ED2E5690E32BDF0609F0.e.7977/click - {}
RESULT: {}
COMMAND: GET /session/8fa5e6a369088cc1a8b88ace459c7e54/screenshot - {}
RESULT: {}
]]></system-out>
    </testcase>
    <testcase classname="chrome.136_0_7103_49.windows.E2E_-_Logistical_and_commercial_statuses" name="Should create a new contract" time="77.11">
      <system-out><![CDATA[
COMMAND: POST /session/8fa5e6a369088cc1a8b88ace459c7e54/execute/async - {"script":"<script> [1562 bytes]","args":[{"selector":{"controlType":"sap.m.GenericTile","viewName":"etm.portal.ui.managecontractstile.view.Master","i18NText":{"propertyName":"header","key":"manageContractsTileTitle"}},"wdio_ui5_key":"etmportal.ui.managecontractstile.view.Mastersap.m.GenericTile{\"propertyName\":\"header\",\"key\":\"manageContractsTileTitle\"}"}]}
RESULT: {"script":"<script> [1562 bytes]","args":[{"selector":{"controlType":"sap.m.GenericTile","viewName":"etm.portal.ui.managecontractstile.view.Master","i18NText":{"propertyName":"header","key":"manageContractsTileTitle"}},"wdio_ui5_key":"etmportal.ui.managecontractstile.view.Mastersap.m.GenericTile{\"propertyName\":\"header\",\"key\":\"manageContractsTileTitle\"}"}]}
RESULT: undefined
COMMAND: POST /session/8fa5e6a369088cc1a8b88ace459c7e54/element - {"using":"xpath","value":"//*[@id=\"__tile130\"]"}
RESULT: {"using":"xpath","value":"//*[@id=\"__tile130\"]"}
COMMAND: POST /session/8fa5e6a369088cc1a8b88ace459c7e54/element/f.9A359EC67B0A42D5197B3FB8A3231305.d.2A8AA3B33219ED2E5690E32BDF0609F0.e.8664/click - {}
RESULT: {}
COMMAND: GET /session/8fa5e6a369088cc1a8b88ace459c7e54/screenshot - {}
RESULT: {}
COMMAND: POST /session/8fa5e6a369088cc1a8b88ace459c7e54/element - {"using":"xpath","value":"//button[@data-kt=\"addButton\"]"}
RESULT: {"using":"xpath","value":"//button[@data-kt=\"addButton\"]"}
COMMAND: POST /session/8fa5e6a369088cc1a8b88ace459c7e54/element/f.9A359EC67B0A42D5197B3FB8A3231305.d.2A8AA3B33219ED2E5690E32BDF0609F0.e.8736/click - {}
RESULT: {}
COMMAND: GET /session/8fa5e6a369088cc1a8b88ace459c7e54/screenshot - {}
RESULT: {}
COMMAND: POST /session/8fa5e6a369088cc1a8b88ace459c7e54/execute/async - {"script":"<script> [1562 bytes]","args":[{"selector":{"id":"application-managecontracts-display-component---AddNewContract--projectDescription","interaction":{"idSuffix":"inner"}},"wdio_ui5_key":"applicationmanagecontracts-display-component---AddNewContract--projectDescription"}]}
RESULT: {"script":"<script> [1562 bytes]","args":[{"selector":{"id":"application-managecontracts-display-component---AddNewContract--projectDescription","interaction":{"idSuffix":"inner"}},"wdio_ui5_key":"applicationmanagecontracts-display-component---AddNewContract--projectDescription"}]}
RESULT: undefined
COMMAND: POST /session/8fa5e6a369088cc1a8b88ace459c7e54/execute/async - {"script":"<script> [776 bytes]","args":[{"enterText":"WdIOR2cbqgm9","selector":{"id":"application-managecontracts-display-component---AddNewContract--projectDescription","interaction":{"idSuffix":"inner"}},"clearTextFirst":true,"interactionType":"ENTER_TEXT"}]}
RESULT: {"script":"<script> [776 bytes]","args":[{"enterText":"WdIOR2cbqgm9","selector":{"id":"application-managecontracts-display-component---AddNewContract--projectDescription","interaction":{"idSuffix":"inner"}},"clearTextFirst":true,"interactionType":"ENTER_TEXT"}]}
COMMAND: POST /session/8fa5e6a369088cc1a8b88ace459c7e54/element - {"using":"xpath","value":"//input[@id=\"application-managecontracts-display-component---AddNewContract--yardId-inner\"]"}
RESULT: {"using":"xpath","value":"//input[@id=\"application-managecontracts-display-component---AddNewContract--yardId-inner\"]"}
COMMAND: POST /session/8fa5e6a369088cc1a8b88ace459c7e54/element/f.9A359EC67B0A42D5197B3FB8A3231305.d.2A8AA3B33219ED2E5690E32BDF0609F0.e.9007/clear - {}
RESULT: {}
COMMAND: POST /session/8fa5e6a369088cc1a8b88ace459c7e54/element/f.9A359EC67B0A42D5197B3FB8A3231305.d.2A8AA3B33219ED2E5690E32BDF0609F0.e.9007/value - {"text":"WebdriverYard7i81vf"}
COMMAND: GET /session/8fa5e6a369088cc1a8b88ace459c7e54/screenshot - {}
RESULT: {"text":"WebdriverYard7i81vf"}
COMMAND: GET /session/8fa5e6a369088cc1a8b88ace459c7e54/screenshot - {}
RESULT: {}
RESULT: {}
COMMAND: POST /session/8fa5e6a369088cc1a8b88ace459c7e54/actions - {"actions":[{"id":"action17","type":"key","parameters":{},"actions":[{"type":"keyDown","value":"î€‡"},{"type":"pause","duration":10},{"type":"keyUp","value":"î€‡"}]}]}
RESULT: {"actions":[{"id":"action17","type":"key","parameters":{},"actions":[{"type":"keyDown","value":"î€‡"},{"type":"pause","duration":10},{"type":"keyUp","value":"î€‡"}]}]}
COMMAND: GET /session/8fa5e6a369088cc1a8b88ace459c7e54/screenshot - {}
RESULT: {}
COMMAND: POST /session/8fa5e6a369088cc1a8b88ace459c7e54/element - {"using":"xpath","value":"//input[@id=\"application-managecontracts-display-component---AddNewContract--customerSelect-inner\"]"}
RESULT: {"using":"xpath","value":"//input[@id=\"application-managecontracts-display-component---AddNewContract--customerSelect-inner\"]"}
COMMAND: POST /session/8fa5e6a369088cc1a8b88ace459c7e54/element/f.9A359EC67B0A42D5197B3FB8A3231305.d.2A8AA3B33219ED2E5690E32BDF0609F0.e.9005/clear - {}
RESULT: {}
COMMAND: POST /session/8fa5e6a369088cc1a8b88ace459c7e54/element/f.9A359EC67B0A42D5197B3FB8A3231305.d.2A8AA3B33219ED2E5690E32BDF0609F0.e.9005/value - {"text":"WebdriverPartnera8kar"}
COMMAND: GET /session/8fa5e6a369088cc1a8b88ace459c7e54/screenshot - {}
RESULT: {"text":"WebdriverPartnera8kar"}
COMMAND: GET /session/8fa5e6a369088cc1a8b88ace459c7e54/screenshot - {}
RESULT: {}
RESULT: {}
COMMAND: POST /session/8fa5e6a369088cc1a8b88ace459c7e54/actions - {"actions":[{"id":"action18","type":"key","parameters":{},"actions":[{"type":"keyDown","value":"î€‡"},{"type":"pause","duration":10},{"type":"keyUp","value":"î€‡"}]}]}
RESULT: {"actions":[{"id":"action18","type":"key","parameters":{},"actions":[{"type":"keyDown","value":"î€‡"},{"type":"pause","duration":10},{"type":"keyUp","value":"î€‡"}]}]}
COMMAND: GET /session/8fa5e6a369088cc1a8b88ace459c7e54/screenshot - {}
RESULT: {}
COMMAND: POST /session/8fa5e6a369088cc1a8b88ace459c7e54/element - {"using":"xpath","value":"//input[@id=\"application-managecontracts-display-component---AddNewContract--site-inner\"]"}
RESULT: {"using":"xpath","value":"//input[@id=\"application-managecontracts-display-component---AddNewContract--site-inner\"]"}
COMMAND: POST /session/8fa5e6a369088cc1a8b88ace459c7e54/element/f.9A359EC67B0A42D5197B3FB8A3231305.d.2A8AA3B33219ED2E5690E32BDF0609F0.e.9006/clear - {}
RESULT: {}
COMMAND: POST /session/8fa5e6a369088cc1a8b88ace459c7e54/element/f.9A359EC67B0A42D5197B3FB8A3231305.d.2A8AA3B33219ED2E5690E32BDF0609F0.e.9006/value - {"text":"WebdriverSite946e4l"}
COMMAND: GET /session/8fa5e6a369088cc1a8b88ace459c7e54/screenshot - {}
RESULT: {"text":"WebdriverSite946e4l"}
COMMAND: GET /session/8fa5e6a369088cc1a8b88ace459c7e54/screenshot - {}
RESULT: {}
RESULT: {}
COMMAND: POST /session/8fa5e6a369088cc1a8b88ace459c7e54/actions - {"actions":[{"id":"action19","type":"key","parameters":{},"actions":[{"type":"keyDown","value":"î€‡"},{"type":"pause","duration":10},{"type":"keyUp","value":"î€‡"}]}]}
RESULT: {"actions":[{"id":"action19","type":"key","parameters":{},"actions":[{"type":"keyDown","value":"î€‡"},{"type":"pause","duration":10},{"type":"keyUp","value":"î€‡"}]}]}
COMMAND: POST /session/8fa5e6a369088cc1a8b88ace459c7e54/element - {"using":"xpath","value":"//button[@data-kt=\"saveButton\"]"}
COMMAND: GET /session/8fa5e6a369088cc1a8b88ace459c7e54/screenshot - {}
RESULT: {"using":"xpath","value":"//button[@data-kt=\"saveButton\"]"}
COMMAND: POST /session/8fa5e6a369088cc1a8b88ace459c7e54/element/f.9A359EC67B0A42D5197B3FB8A3231305.d.2A8AA3B33219ED2E5690E32BDF0609F0.e.9020/click - {}
RESULT: {}
RESULT: {}
COMMAND: GET /session/8fa5e6a369088cc1a8b88ace459c7e54/screenshot - {}
RESULT: {}
COMMAND: POST /session/8fa5e6a369088cc1a8b88ace459c7e54/execute/async - {"script":"<script> [1562 bytes]","args":[{"selector":{"id":"contractDetailTitleNoExpanded","viewName":"etm.portal.ui.managecontracts.view.Detail"},"wdio_ui5_key":"contractDetailTitleNoExpandedetmportal.ui.managecontracts.view.Detail"}]}
RESULT: {"script":"<script> [1562 bytes]","args":[{"selector":{"id":"contractDetailTitleNoExpanded","viewName":"etm.portal.ui.managecontracts.view.Detail"},"wdio_ui5_key":"contractDetailTitleNoExpandedetmportal.ui.managecontracts.view.Detail"}]}
RESULT: undefined
COMMAND: POST /session/8fa5e6a369088cc1a8b88ace459c7e54/execute/async - {"script":"<script> [6424 bytes]","args":[{"element-6066-11e4-a52e-4f735466cecf":"f.9A359EC67B0A42D5197B3FB8A3231305.d.2A8AA3B33219ED2E5690E32BDF0609F0.e.9103"},"getText",[]]}
RESULT: {"script":"<script> [6424 bytes]","args":[{"element-6066-11e4-a52e-4f735466cecf":"f.9A359EC67B0A42D5197B3FB8A3231305.d.2A8AA3B33219ED2E5690E32BDF0609F0.e.9103"},"getText",[]]}
]]></system-out>
    </testcase>
    <testcase classname="chrome.136_0_7103_49.windows.E2E_-_Logistical_and_commercial_statuses" name="Should add materialID to the contract" time="45.356">
      <system-out><![CDATA[
COMMAND: POST /session/8fa5e6a369088cc1a8b88ace459c7e54/element - {"using":"xpath","value":"//button[@data-kt=\"contractDetailEditBtnButton\"]"}
RESULT: {"using":"xpath","value":"//button[@data-kt=\"contractDetailEditBtnButton\"]"}
COMMAND: POST /session/8fa5e6a369088cc1a8b88ace459c7e54/element/f.9A359EC67B0A42D5197B3FB8A3231305.d.2A8AA3B33219ED2E5690E32BDF0609F0.e.9104/click - {}
RESULT: {}
COMMAND: GET /session/8fa5e6a369088cc1a8b88ace459c7e54/screenshot - {}
RESULT: {}
COMMAND: POST /session/8fa5e6a369088cc1a8b88ace459c7e54/element - {"using":"xpath","value":"(//span[contains(text(), \"Additional Addresses\")])[2]"}
RESULT: {"using":"xpath","value":"(//span[contains(text(), \"Additional Addresses\")])[2]"}
COMMAND: POST /session/8fa5e6a369088cc1a8b88ace459c7e54/element/f.9A359EC67B0A42D5197B3FB8A3231305.d.2A8AA3B33219ED2E5690E32BDF0609F0.e.9165/click - {}
RESULT: {}
COMMAND: GET /session/8fa5e6a369088cc1a8b88ace459c7e54/screenshot - {}
RESULT: {}
COMMAND: POST /session/8fa5e6a369088cc1a8b88ace459c7e54/element - {"using":"xpath","value":"//button[@data-kt=\"btnAddTableRowOverflowToolbarButton\"]"}
RESULT: {"using":"xpath","value":"//button[@data-kt=\"btnAddTableRowOverflowToolbarButton\"]"}
COMMAND: POST /session/8fa5e6a369088cc1a8b88ace459c7e54/element/f.9A359EC67B0A42D5197B3FB8A3231305.d.2A8AA3B33219ED2E5690E32BDF0609F0.e.9167/click - {}
RESULT: {}
COMMAND: GET /session/8fa5e6a369088cc1a8b88ace459c7e54/screenshot - {}
RESULT: {}
COMMAND: POST /session/8fa5e6a369088cc1a8b88ace459c7e54/element - {"using":"xpath","value":"//div[(text() = 'Standard Entry' or . = 'Standard Entry')]"}
RESULT: {"using":"xpath","value":"//div[(text() = 'Standard Entry' or . = 'Standard Entry')]"}
COMMAND: POST /session/8fa5e6a369088cc1a8b88ace459c7e54/element/f.9A359EC67B0A42D5197B3FB8A3231305.d.2A8AA3B33219ED2E5690E32BDF0609F0.e.9169/click - {}
RESULT: {}
COMMAND: POST /session/8fa5e6a369088cc1a8b88ace459c7e54/element - {"using":"xpath","value":"//td[6]/div/div/input[1]"}
COMMAND: GET /session/8fa5e6a369088cc1a8b88ace459c7e54/screenshot - {}
RESULT: {"using":"xpath","value":"//td[6]/div/div/input[1]"}
COMMAND: POST /session/8fa5e6a369088cc1a8b88ace459c7e54/element/f.9A359EC67B0A42D5197B3FB8A3231305.d.2A8AA3B33219ED2E5690E32BDF0609F0.e.9171/click - {}
RESULT: {}
RESULT: {}
COMMAND: POST /session/8fa5e6a369088cc1a8b88ace459c7e54/actions - {"actions":[{"id":"action20","type":"key","parameters":{},"actions":[{"type":"keyDown","value":"î€ƒ"},{"type":"pause","duration":10},{"type":"keyUp","value":"î€ƒ"}]}]}
COMMAND: GET /session/8fa5e6a369088cc1a8b88ace459c7e54/screenshot - {}
RESULT: {"actions":[{"id":"action20","type":"key","parameters":{},"actions":[{"type":"keyDown","value":"î€ƒ"},{"type":"pause","duration":10},{"type":"keyUp","value":"î€ƒ"}]}]}
COMMAND: POST /session/8fa5e6a369088cc1a8b88ace459c7e54/element - {"using":"xpath","value":"//td[6]/div/div/input[1]"}
COMMAND: GET /session/8fa5e6a369088cc1a8b88ace459c7e54/screenshot - {}
RESULT: {}
RESULT: {"using":"xpath","value":"//td[6]/div/div/input[1]"}
COMMAND: POST /session/8fa5e6a369088cc1a8b88ace459c7e54/element/f.9A359EC67B0A42D5197B3FB8A3231305.d.2A8AA3B33219ED2E5690E32BDF0609F0.e.9171/clear - {}
RESULT: {}
RESULT: {}
COMMAND: POST /session/8fa5e6a369088cc1a8b88ace459c7e54/element/f.9A359EC67B0A42D5197B3FB8A3231305.d.2A8AA3B33219ED2E5690E32BDF0609F0.e.9171/value - {"text":"Material"}
COMMAND: GET /session/8fa5e6a369088cc1a8b88ace459c7e54/screenshot - {}
RESULT: {"text":"Material"}
COMMAND: GET /session/8fa5e6a369088cc1a8b88ace459c7e54/screenshot - {}
RESULT: {}
RESULT: {}
COMMAND: POST /session/8fa5e6a369088cc1a8b88ace459c7e54/actions - {"actions":[{"id":"action21","type":"key","parameters":{},"actions":[{"type":"keyDown","value":"î€‡"},{"type":"pause","duration":10},{"type":"keyUp","value":"î€‡"}]}]}
RESULT: {"actions":[{"id":"action21","type":"key","parameters":{},"actions":[{"type":"keyDown","value":"î€‡"},{"type":"pause","duration":10},{"type":"keyUp","value":"î€‡"}]}]}
COMMAND: GET /session/8fa5e6a369088cc1a8b88ace459c7e54/screenshot - {}
COMMAND: POST /session/8fa5e6a369088cc1a8b88ace459c7e54/actions - {"actions":[{"id":"action22","type":"key","parameters":{},"actions":[{"type":"keyDown","value":"î€‡"},{"type":"pause","duration":10},{"type":"keyUp","value":"î€‡"}]}]}
RESULT: {}
RESULT: {"actions":[{"id":"action22","type":"key","parameters":{},"actions":[{"type":"keyDown","value":"î€‡"},{"type":"pause","duration":10},{"type":"keyUp","value":"î€‡"}]}]}
COMMAND: POST /session/8fa5e6a369088cc1a8b88ace459c7e54/element - {"using":"xpath","value":"//td[7]/div/div/input"}
COMMAND: GET /session/8fa5e6a369088cc1a8b88ace459c7e54/screenshot - {}
RESULT: {"using":"xpath","value":"//td[7]/div/div/input"}
COMMAND: POST /session/8fa5e6a369088cc1a8b88ace459c7e54/element/f.9A359EC67B0A42D5197B3FB8A3231305.d.2A8AA3B33219ED2E5690E32BDF0609F0.e.9184/clear - {}
RESULT: {}
RESULT: {}
COMMAND: POST /session/8fa5e6a369088cc1a8b88ace459c7e54/element/f.9A359EC67B0A42D5197B3FB8A3231305.d.2A8AA3B33219ED2E5690E32BDF0609F0.e.9184/value - {"text":"WebdriverRUR2Cpmpx5h"}
COMMAND: GET /session/8fa5e6a369088cc1a8b88ace459c7e54/screenshot - {}
RESULT: {"text":"WebdriverRUR2Cpmpx5h"}
COMMAND: GET /session/8fa5e6a369088cc1a8b88ace459c7e54/screenshot - {}
RESULT: {}
RESULT: {}
COMMAND: POST /session/8fa5e6a369088cc1a8b88ace459c7e54/actions - {"actions":[{"id":"action23","type":"key","parameters":{},"actions":[{"type":"keyDown","value":"î€‡"},{"type":"pause","duration":10},{"type":"keyUp","value":"î€‡"}]}]}
RESULT: {"actions":[{"id":"action23","type":"key","parameters":{},"actions":[{"type":"keyDown","value":"î€‡"},{"type":"pause","duration":10},{"type":"keyUp","value":"î€‡"}]}]}
COMMAND: GET /session/8fa5e6a369088cc1a8b88ace459c7e54/screenshot - {}
RESULT: {}
COMMAND: POST /session/8fa5e6a369088cc1a8b88ace459c7e54/actions - {"actions":[{"id":"action24","type":"key","parameters":{},"actions":[{"type":"keyDown","value":"î€‡"},{"type":"pause","duration":10},{"type":"keyUp","value":"î€‡"}]}]}
RESULT: {"actions":[{"id":"action24","type":"key","parameters":{},"actions":[{"type":"keyDown","value":"î€‡"},{"type":"pause","duration":10},{"type":"keyUp","value":"î€‡"}]}]}
COMMAND: GET /session/8fa5e6a369088cc1a8b88ace459c7e54/screenshot - {}
RESULT: {}
COMMAND: POST /session/8fa5e6a369088cc1a8b88ace459c7e54/element - {"using":"xpath","value":"(//button[@data-kt=\"saveButton\"])[2]"}
RESULT: {"using":"xpath","value":"(//button[@data-kt=\"saveButton\"])[2]"}
COMMAND: POST /session/8fa5e6a369088cc1a8b88ace459c7e54/element/f.9A359EC67B0A42D5197B3FB8A3231305.d.2A8AA3B33219ED2E5690E32BDF0609F0.e.9207/click - {}
RESULT: {}
COMMAND: GET /session/8fa5e6a369088cc1a8b88ace459c7e54/screenshot - {}
RESULT: {}
]]></system-out>
    </testcase>
    <testcase classname="chrome.136_0_7103_49.windows.E2E_-_Logistical_and_commercial_statuses" name="It should follow the handover steps to the status fully provided" time="399.935">
      <system-out><![CDATA[
COMMAND: POST /session/8fa5e6a369088cc1a8b88ace459c7e54/execute/async - {"script":"<script> [1562 bytes]","args":[{"selector":{"id":"contractDetailProvideButton","viewName":"etm.portal.ui.managecontracts.view.Detail","interaction":{"idSuffix":"BDI-content"}},"wdio_ui5_key":"contractDetailProvideButtonetmportal.ui.managecontracts.view.Detail"}]}
RESULT: {"script":"<script> [1562 bytes]","args":[{"selector":{"id":"contractDetailProvideButton","viewName":"etm.portal.ui.managecontracts.view.Detail","interaction":{"idSuffix":"BDI-content"}},"wdio_ui5_key":"contractDetailProvideButtonetmportal.ui.managecontracts.view.Detail"}]}
RESULT: undefined
COMMAND: POST /session/8fa5e6a369088cc1a8b88ace459c7e54/element - {"using":"xpath","value":"//*[@id=\"__xmlview61--contractDetailProvideButton\"]"}
RESULT: {"using":"xpath","value":"//*[@id=\"__xmlview61--contractDetailProvideButton\"]"}
COMMAND: POST /session/8fa5e6a369088cc1a8b88ace459c7e54/element/f.9A359EC67B0A42D5197B3FB8A3231305.d.2A8AA3B33219ED2E5690E32BDF0609F0.e.9211/click - {}
RESULT: {}
COMMAND: GET /session/8fa5e6a369088cc1a8b88ace459c7e54/screenshot - {}
COMMAND: POST /session/8fa5e6a369088cc1a8b88ace459c7e54/execute/async - {"script":"<script> [1562 bytes]","args":[{"selector":{"id":"application-managehandovers-display-component---AddNewHO--oneStep","interaction":{"idSuffix":"CbBg"}},"wdio_ui5_key":"applicationmanagehandovers-display-component---AddNewHO--oneStep"}]}
RESULT: {}
RESULT: {"script":"<script> [1562 bytes]","args":[{"selector":{"id":"application-managehandovers-display-component---AddNewHO--oneStep","interaction":{"idSuffix":"CbBg"}},"wdio_ui5_key":"applicationmanagehandovers-display-component---AddNewHO--oneStep"}]}
RESULT: undefined
COMMAND: POST /session/8fa5e6a369088cc1a8b88ace459c7e54/element - {"using":"xpath","value":"//*[@id=\"application-managehandovers-display-component---AddNewHO--oneStep\"]"}
RESULT: {"using":"xpath","value":"//*[@id=\"application-managehandovers-display-component---AddNewHO--oneStep\"]"}
COMMAND: POST /session/8fa5e6a369088cc1a8b88ace459c7e54/element/f.9A359EC67B0A42D5197B3FB8A3231305.d.2A8AA3B33219ED2E5690E32BDF0609F0.e.9381/click - {}
RESULT: {}
RESULT: undefined
COMMAND: POST /session/8fa5e6a369088cc1a8b88ace459c7e54/execute/async - {"script":"<script> [776 bytes]","args":[{"enterText":"05/07/25","selector":{"id":"application-managehandovers-display-component---AddNewHO--dueDate","interaction":{"idSuffix":"inner"}},"clearTextFirst":true,"interactionType":"ENTER_TEXT"}]}
COMMAND: GET /session/8fa5e6a369088cc1a8b88ace459c7e54/screenshot - {}
RESULT: {"script":"<script> [776 bytes]","args":[{"enterText":"05/07/25","selector":{"id":"application-managehandovers-display-component---AddNewHO--dueDate","interaction":{"idSuffix":"inner"}},"clearTextFirst":true,"interactionType":"ENTER_TEXT"}]}
RESULT: undefined
COMMAND: POST /session/8fa5e6a369088cc1a8b88ace459c7e54/element - {"using":"xpath","value":"//*[@id=\"application-managehandovers-display-component---AddNewHO--ObjectPageLayout-anchBar-application-managehandovers-display-component---AddNewHO--section4-anchor\"]"}
RESULT: {}
RESULT: {"using":"xpath","value":"//*[@id=\"application-managehandovers-display-component---AddNewHO--ObjectPageLayout-anchBar-application-managehandovers-display-component---AddNewHO--section4-anchor\"]"}
COMMAND: POST /session/8fa5e6a369088cc1a8b88ace459c7e54/element/f.9A359EC67B0A42D5197B3FB8A3231305.d.2A8AA3B33219ED2E5690E32BDF0609F0.e.9382/click - {}
RESULT: {}
COMMAND: POST /session/8fa5e6a369088cc1a8b88ace459c7e54/execute/async - {"script":"<script> [1562 bytes]","args":[{"selector":{"controlType":"sap.ui.core.Icon","viewName":"etm.portal.ui.managehandovers.view.AddNewHO","viewId":"application-managehandovers-display-component---AddNewHO","properties":{"src":{"regex":{"source":"add"}}}},"wdio_ui5_key":"etmportal.ui.managehandovers.view.AddNewHOsap.ui.core.Icon{\"src\":{\"regex\":{\"source\":\"add\"}}}"}]}
COMMAND: GET /session/8fa5e6a369088cc1a8b88ace459c7e54/screenshot - {}
RESULT: {"script":"<script> [1562 bytes]","args":[{"selector":{"controlType":"sap.ui.core.Icon","viewName":"etm.portal.ui.managehandovers.view.AddNewHO","viewId":"application-managehandovers-display-component---AddNewHO","properties":{"src":{"regex":{"source":"add"}}}},"wdio_ui5_key":"etmportal.ui.managehandovers.view.AddNewHOsap.ui.core.Icon{\"src\":{\"regex\":{\"source\":\"add\"}}}"}]}
RESULT: undefined
COMMAND: POST /session/8fa5e6a369088cc1a8b88ace459c7e54/element - {"using":"xpath","value":"//*[@id=\"__button172-img\"]"}
RESULT: {}
RESULT: {"using":"xpath","value":"//*[@id=\"__button172-img\"]"}
COMMAND: POST /session/8fa5e6a369088cc1a8b88ace459c7e54/element/f.9A359EC67B0A42D5197B3FB8A3231305.d.2A8AA3B33219ED2E5690E32BDF0609F0.e.9386/click - {}
RESULT: {}
COMMAND: GET /session/8fa5e6a369088cc1a8b88ace459c7e54/screenshot - {}
RESULT: {}
RESULT: undefined
COMMAND: POST /session/8fa5e6a369088cc1a8b88ace459c7e54/element - {"using":"xpath","value":"//*[@id=\"application-managehandovers-display-component---AddNewHO--popup-sa\"]"}
RESULT: {"using":"xpath","value":"//*[@id=\"application-managehandovers-display-component---AddNewHO--popup-sa\"]"}
COMMAND: POST /session/8fa5e6a369088cc1a8b88ace459c7e54/element/f.9A359EC67B0A42D5197B3FB8A3231305.d.2A8AA3B33219ED2E5690E32BDF0609F0.e.9396/click - {}
RESULT: {}
COMMAND: POST /session/8fa5e6a369088cc1a8b88ace459c7e54/execute/async - {"script":"<script> [1562 bytes]","args":[{"selector":{"controlType":"sap.m.Button","viewName":"etm.portal.ui.managehandovers.view.AddNewHO","viewId":"application-managehandovers-display-component---AddNewHO","i18NText":{"propertyName":"text","key":"select"},"searchOpenDialogs":true,"interaction":{"idSuffix":"inner"}},"wdio_ui5_key":"etmportal.ui.managehandovers.view.AddNewHOsap.m.Button{\"propertyName\":\"text\",\"key\":\"select\"}"}]}
COMMAND: GET /session/8fa5e6a369088cc1a8b88ace459c7e54/screenshot - {}
RESULT: {"script":"<script> [1562 bytes]","args":[{"selector":{"controlType":"sap.m.Button","viewName":"etm.portal.ui.managehandovers.view.AddNewHO","viewId":"application-managehandovers-display-component---AddNewHO","i18NText":{"propertyName":"text","key":"select"},"searchOpenDialogs":true,"interaction":{"idSuffix":"inner"}},"wdio_ui5_key":"etmportal.ui.managehandovers.view.AddNewHOsap.m.Button{\"propertyName\":\"text\",\"key\":\"select\"}"}]}
RESULT: undefined
COMMAND: POST /session/8fa5e6a369088cc1a8b88ace459c7e54/element - {"using":"xpath","value":"//*[@id=\"__button176\"]"}
RESULT: {}
RESULT: {"using":"xpath","value":"//*[@id=\"__button176\"]"}
COMMAND: POST /session/8fa5e6a369088cc1a8b88ace459c7e54/element/f.9A359EC67B0A42D5197B3FB8A3231305.d.2A8AA3B33219ED2E5690E32BDF0609F0.e.9399/click - {}
RESULT: {}
COMMAND: POST /session/8fa5e6a369088cc1a8b88ace459c7e54/execute/async - {"script":"<script> [1562 bytes]","args":[{"selector":{"id":"application-managehandovers-display-component---AddNewHO--confirmCreationButton","interaction":{"idSuffix":"BDI-content"}},"wdio_ui5_key":"applicationmanagehandovers-display-component---AddNewHO--confirmCreationButton"}]}
COMMAND: GET /session/8fa5e6a369088cc1a8b88ace459c7e54/screenshot - {}
RESULT: {"script":"<script> [1562 bytes]","args":[{"selector":{"id":"application-managehandovers-display-component---AddNewHO--confirmCreationButton","interaction":{"idSuffix":"BDI-content"}},"wdio_ui5_key":"applicationmanagehandovers-display-component---AddNewHO--confirmCreationButton"}]}
RESULT: undefined
COMMAND: POST /session/8fa5e6a369088cc1a8b88ace459c7e54/element - {"using":"xpath","value":"//*[@id=\"application-managehandovers-display-component---AddNewHO--confirmCreationButton\"]"}
RESULT: {}
RESULT: {"using":"xpath","value":"//*[@id=\"application-managehandovers-display-component---AddNewHO--confirmCreationButton\"]"}
COMMAND: POST /session/8fa5e6a369088cc1a8b88ace459c7e54/element/f.9A359EC67B0A42D5197B3FB8A3231305.d.2A8AA3B33219ED2E5690E32BDF0609F0.e.9340/click - {}
RESULT: {}
COMMAND: GET /session/8fa5e6a369088cc1a8b88ace459c7e54/screenshot - {}
RESULT: {}
COMMAND: POST /session/8fa5e6a369088cc1a8b88ace459c7e54/element - {"using":"xpath","value":"//a[contains(@data-kt ,\"GeneralSectionReceiveContracttLink\")]"}
RESULT: {"using":"xpath","value":"//a[contains(@data-kt ,\"GeneralSectionReceiveContracttLink\")]"}
COMMAND: POST /session/8fa5e6a369088cc1a8b88ace459c7e54/element/f.9A359EC67B0A42D5197B3FB8A3231305.d.2A8AA3B33219ED2E5690E32BDF0609F0.e.9450/click - {}
RESULT: {}
COMMAND: GET /session/8fa5e6a369088cc1a8b88ace459c7e54/screenshot - {}
RESULT: {}
COMMAND: POST /session/8fa5e6a369088cc1a8b88ace459c7e54/element - {"using":"xpath","value":"//a[contains(@data-kt ,\"ContextMenuId2Link\")]"}
RESULT: {"using":"xpath","value":"//a[contains(@data-kt ,\"ContextMenuId2Link\")]"}
COMMAND: POST /session/8fa5e6a369088cc1a8b88ace459c7e54/element/f.9A359EC67B0A42D5197B3FB8A3231305.d.2A8AA3B33219ED2E5690E32BDF0609F0.e.9454/click - {}
RESULT: {}
COMMAND: GET /session/8fa5e6a369088cc1a8b88ace459c7e54/screenshot - {}
RESULT: {}
COMMAND: POST /session/8fa5e6a369088cc1a8b88ace459c7e54/execute/async - {"script":"<script> [1562 bytes]","args":[{"selector":{"controlType":"sap.m.ObjectStatus","viewName":"etm.portal.ui.managecontracts.view.Detail","bindingPath":{"propertyPath":"LINK_TO_LOGISTICAL_STATUS/DESCRIPTION","modelName":"catalogModel"}},"wdio_ui5_key":"etmportal.ui.managecontracts.view.Detailsap.m.ObjectStatus{\"propertyPath\":\"LINK_TO_LOGISTICAL_STATUS/DESCRIPTION\",\"modelName\":\"catalogModel\"}"}]}
RESULT: {"script":"<script> [1562 bytes]","args":[{"selector":{"controlType":"sap.m.ObjectStatus","viewName":"etm.portal.ui.managecontracts.view.Detail","bindingPath":{"propertyPath":"LINK_TO_LOGISTICAL_STATUS/DESCRIPTION","modelName":"catalogModel"}},"wdio_ui5_key":"etmportal.ui.managecontracts.view.Detailsap.m.ObjectStatus{\"propertyPath\":\"LINK_TO_LOGISTICAL_STATUS/DESCRIPTION\",\"modelName\":\"catalogModel\"}"}]}
RESULT: undefined
COMMAND: POST /session/8fa5e6a369088cc1a8b88ace459c7e54/execute/async - {"script":"<script> [6424 bytes]","args":[{"element-6066-11e4-a52e-4f735466cecf":"f.9A359EC67B0A42D5197B3FB8A3231305.d.2A8AA3B33219ED2E5690E32BDF0609F0.e.9671"},"getText",[]]}
RESULT: {"script":"<script> [6424 bytes]","args":[{"element-6066-11e4-a52e-4f735466cecf":"f.9A359EC67B0A42D5197B3FB8A3231305.d.2A8AA3B33219ED2E5690E32BDF0609F0.e.9671"},"getText",[]]}
COMMAND: POST /session/8fa5e6a369088cc1a8b88ace459c7e54/execute/async - {"script":"<script> [1562 bytes]","args":[{"selector":{"controlType":"sap.m.ObjectStatus","viewName":"etm.portal.ui.managecontracts.view.Detail","bindingPath":{"propertyPath":"LINK_TO_COMMERCIAL_STATUS/DESCRIPTION","modelName":"catalogModel"}},"wdio_ui5_key":"etmportal.ui.managecontracts.view.Detailsap.m.ObjectStatus{\"propertyPath\":\"LINK_TO_COMMERCIAL_STATUS/DESCRIPTION\",\"modelName\":\"catalogModel\"}"}]}
RESULT: {"script":"<script> [1562 bytes]","args":[{"selector":{"controlType":"sap.m.ObjectStatus","viewName":"etm.portal.ui.managecontracts.view.Detail","bindingPath":{"propertyPath":"LINK_TO_COMMERCIAL_STATUS/DESCRIPTION","modelName":"catalogModel"}},"wdio_ui5_key":"etmportal.ui.managecontracts.view.Detailsap.m.ObjectStatus{\"propertyPath\":\"LINK_TO_COMMERCIAL_STATUS/DESCRIPTION\",\"modelName\":\"catalogModel\"}"}]}
RESULT: undefined
COMMAND: POST /session/8fa5e6a369088cc1a8b88ace459c7e54/execute/async - {"script":"<script> [6424 bytes]","args":[{"element-6066-11e4-a52e-4f735466cecf":"f.9A359EC67B0A42D5197B3FB8A3231305.d.2A8AA3B33219ED2E5690E32BDF0609F0.e.9672"},"getText",[]]}
RESULT: {"script":"<script> [6424 bytes]","args":[{"element-6066-11e4-a52e-4f735466cecf":"f.9A359EC67B0A42D5197B3FB8A3231305.d.2A8AA3B33219ED2E5690E32BDF0609F0.e.9672"},"getText",[]]}
COMMAND: POST /session/8fa5e6a369088cc1a8b88ace459c7e54/execute/async - {"script":"<script> [1562 bytes]","args":[{"selector":{"id":"backBtn"},"wdio_ui5_key":"backBtn"}]}
RESULT: {"script":"<script> [1562 bytes]","args":[{"selector":{"id":"backBtn"},"wdio_ui5_key":"backBtn"}]}
RESULT: undefined
COMMAND: POST /session/8fa5e6a369088cc1a8b88ace459c7e54/element - {"using":"xpath","value":"//*[@id=\"backBtn\"]"}
RESULT: {"using":"xpath","value":"//*[@id=\"backBtn\"]"}
COMMAND: POST /session/8fa5e6a369088cc1a8b88ace459c7e54/element/f.9A359EC67B0A42D5197B3FB8A3231305.d.2A8AA3B33219ED2E5690E32BDF0609F0.e.9673/click - {}
RESULT: {}
COMMAND: GET /session/8fa5e6a369088cc1a8b88ace459c7e54/screenshot - {}
RESULT: {}
COMMAND: POST /session/8fa5e6a369088cc1a8b88ace459c7e54/execute/async - {"script":"<script> [1562 bytes]","args":[{"selector":{"controlType":"sap.m.Text","viewName":"etm.portal.ui.managehandovers.view.DetailExecuteHO","bindingPath":{"propertyPath":"NO","modelName":"catalogModel"}},"wdio_ui5_key":"etmportal.ui.managehandovers.view.DetailExecuteHOsap.m.Text{\"propertyPath\":\"NO\",\"modelName\":\"catalogModel\"}"}]}
RESULT: {"script":"<script> [1562 bytes]","args":[{"selector":{"controlType":"sap.m.Text","viewName":"etm.portal.ui.managehandovers.view.DetailExecuteHO","bindingPath":{"propertyPath":"NO","modelName":"catalogModel"}},"wdio_ui5_key":"etmportal.ui.managehandovers.view.DetailExecuteHOsap.m.Text{\"propertyPath\":\"NO\",\"modelName\":\"catalogModel\"}"}]}
RESULT: undefined
COMMAND: POST /session/8fa5e6a369088cc1a8b88ace459c7e54/execute/async - {"script":"<script> [6424 bytes]","args":[{"element-6066-11e4-a52e-4f735466cecf":"f.9A359EC67B0A42D5197B3FB8A3231305.d.2A8AA3B33219ED2E5690E32BDF0609F0.e.9836"},"getText",[]]}
RESULT: {"script":"<script> [6424 bytes]","args":[{"element-6066-11e4-a52e-4f735466cecf":"f.9A359EC67B0A42D5197B3FB8A3231305.d.2A8AA3B33219ED2E5690E32BDF0609F0.e.9836"},"getText",[]]}
COMMAND: POST /session/8fa5e6a369088cc1a8b88ace459c7e54/execute/async - {"script":"<script> [1562 bytes]","args":[{"selector":{"controlType":"sap.m.Button","viewName":"etm.portal.ui.managehandovers.view.DetailExecuteHO","i18NText":{"propertyName":"text","key":"confirmAll"},"interaction":{"idSuffix":"inner"}},"wdio_ui5_key":"etmportal.ui.managehandovers.view.DetailExecuteHOsap.m.Button{\"propertyName\":\"text\",\"key\":\"confirmAll\"}"}]}
RESULT: {"script":"<script> [1562 bytes]","args":[{"selector":{"controlType":"sap.m.Button","viewName":"etm.portal.ui.managehandovers.view.DetailExecuteHO","i18NText":{"propertyName":"text","key":"confirmAll"},"interaction":{"idSuffix":"inner"}},"wdio_ui5_key":"etmportal.ui.managehandovers.view.DetailExecuteHOsap.m.Button{\"propertyName\":\"text\",\"key\":\"confirmAll\"}"}]}
RESULT: undefined
COMMAND: POST /session/8fa5e6a369088cc1a8b88ace459c7e54/element - {"using":"xpath","value":"//*[@id=\"__button259\"]"}
RESULT: {"using":"xpath","value":"//*[@id=\"__button259\"]"}
COMMAND: POST /session/8fa5e6a369088cc1a8b88ace459c7e54/element/f.9A359EC67B0A42D5197B3FB8A3231305.d.2A8AA3B33219ED2E5690E32BDF0609F0.e.9838/click - {}
RESULT: {}
COMMAND: GET /session/8fa5e6a369088cc1a8b88ace459c7e54/screenshot - {}
RESULT: {}
COMMAND: POST /session/8fa5e6a369088cc1a8b88ace459c7e54/execute/async - {"script":"<script> [1562 bytes]","args":[{"selector":{"controlType":"sap.m.Button","properties":{"text":"OK"},"searchOpenDialogs":true,"interaction":{"idSuffix":"content"}},"wdio_ui5_key":"sapm.Button{\"text\":\"OK\"}"}]}
RESULT: {"script":"<script> [1562 bytes]","args":[{"selector":{"controlType":"sap.m.Button","properties":{"text":"OK"},"searchOpenDialogs":true,"interaction":{"idSuffix":"content"}},"wdio_ui5_key":"sapm.Button{\"text\":\"OK\"}"}]}
RESULT: undefined
COMMAND: POST /session/8fa5e6a369088cc1a8b88ace459c7e54/element - {"using":"xpath","value":"//*[@id=\"__mbox-btn-2\"]"}
RESULT: {"using":"xpath","value":"//*[@id=\"__mbox-btn-2\"]"}
COMMAND: POST /session/8fa5e6a369088cc1a8b88ace459c7e54/element/f.9A359EC67B0A42D5197B3FB8A3231305.d.2A8AA3B33219ED2E5690E32BDF0609F0.e.9840/click - {}
RESULT: {}
COMMAND: GET /session/8fa5e6a369088cc1a8b88ace459c7e54/screenshot - {}
RESULT: {}
COMMAND: POST /session/8fa5e6a369088cc1a8b88ace459c7e54/element - {"using":"xpath","value":"//button[contains(@data-kt ,\"execHoPickFooterButton\")]"}
RESULT: {"using":"xpath","value":"//button[contains(@data-kt ,\"execHoPickFooterButton\")]"}
COMMAND: POST /session/8fa5e6a369088cc1a8b88ace459c7e54/element/f.9A359EC67B0A42D5197B3FB8A3231305.d.2A8AA3B33219ED2E5690E32BDF0609F0.e.9843/click - {}
RESULT: {}
COMMAND: GET /session/8fa5e6a369088cc1a8b88ace459c7e54/screenshot - {}
RESULT: {}
COMMAND: POST /session/8fa5e6a369088cc1a8b88ace459c7e54/refresh - {}
RESULT: {}
COMMAND: GET /session/8fa5e6a369088cc1a8b88ace459c7e54/screenshot - {}
RESULT: {}
COMMAND: POST /session/8fa5e6a369088cc1a8b88ace459c7e54/refresh - {}
RESULT: {}
COMMAND: GET /session/8fa5e6a369088cc1a8b88ace459c7e54/screenshot - {}
RESULT: {}
COMMAND: POST /session/8fa5e6a369088cc1a8b88ace459c7e54/window/fullscreen - {}
RESULT: {}
COMMAND: POST /session/8fa5e6a369088cc1a8b88ace459c7e54/execute/async - {"script":"<script> [189 bytes]","args":[]}
RESULT: {"script":"<script> [189 bytes]","args":[]}
COMMAND: POST /session/8fa5e6a369088cc1a8b88ace459c7e54/execute/async - {"script":"<script> [123 bytes]","args":[]}
RESULT: {"script":"<script> [123 bytes]","args":[]}
COMMAND: POST /session/8fa5e6a369088cc1a8b88ace459c7e54/timeouts - {"script":"<number>"}
RESULT: {"script":"<number>"}
COMMAND: GET /session/8fa5e6a369088cc1a8b88ace459c7e54/timeouts - {}
RESULT: {}
RESULT: undefined
COMMAND: POST /session/8fa5e6a369088cc1a8b88ace459c7e54/execute/async - {"script":"<script> [2676 bytes]","args":[]}
RESULT: {"script":"<script> [2676 bytes]","args":[]}
COMMAND: POST /session/8fa5e6a369088cc1a8b88ace459c7e54/execute/async - {"script":"<script> [2342 bytes]","args":[{"protocol":"http","hostname":"0.0.0.0","path":"/","capabilities":{"browserName":"chrome","goog:chromeOptions":{"binary":"C:\\Program Files\\Google\\Chrome\\Application\\chrome.exe","args":["--start-maximized"]}},"logLevel":"warn","connectionRetryTimeout":120000,"connectionRetryCount":3,"logLevels":{},"enableDirectConnect":true,"strictSSL":true,"_":"65 more keys: [\"cacheDir\",\"port\",\"requestedCapabilities\",\"automationProtocol\",\"baseUrl\",\"waitforInterval\",\"waitforTimeout\",\"onReload\",\"beforeCommand\",\"afterCommand\",\"rootDir\",\"specs\",\"suites\",\"exclude\",\"groupLogsByTestSpec\",\"excludeDriverLogs\",\"bail\",\"framework\",\"reporters\",\"services\",\"maxInstances\",\"maxInstancesPerCapability\",\"injectGlobals\",\"filesToWatch\",\"execArgv\",\"runnerEnv\",\"runner\",\"shard\",\"specFileRetries\",\"specFileRetriesDelay\",\"specFileRetriesDeferred\",\"reporterSyncInterval\",\"reporterSyncTimeout\",\"cucumberFeaturesWithLineNumbers\",\"autoCompileOpts\",\"mochaOpts\",\"jasmineOpts\",\"cucumberOpts\",\"onPrepare\",\"onWorkerStart\",\"onWorkerEnd\",\"before\",\"beforeSession\",\"beforeSuite\",\"beforeHook\",\"beforeTest\",\"afterTest\",\"afterHook\",\"afterSuite\",\"afterSession\",\"after\",\"onComplete\",\"beforeAssertion\",\"afterAssertion\",\"beforeFeature\",\"beforeScenario\",\"beforeStep\",\"afterStep\",\"afterScenario\",\"afterFeature\",\"_\",\"suite\",\"$0\",\"ignoredWorkerServices\",\"wdi5\"]"}]}
RESULT: {"script":"<script> [2342 bytes]","args":[{"protocol":"http","hostname":"0.0.0.0","path":"/","capabilities":{"browserName":"chrome","goog:chromeOptions":{"binary":"C:\\Program Files\\Google\\Chrome\\Application\\chrome.exe","args":["--start-maximized"]}},"logLevel":"warn","connectionRetryTimeout":120000,"connectionRetryCount":3,"logLevels":{},"enableDirectConnect":true,"strictSSL":true,"_":"65 more keys: [\"cacheDir\",\"port\",\"requestedCapabilities\",\"automationProtocol\",\"baseUrl\",\"waitforInterval\",\"waitforTimeout\",\"onReload\",\"beforeCommand\",\"afterCommand\",\"rootDir\",\"specs\",\"suites\",\"exclude\",\"groupLogsByTestSpec\",\"excludeDriverLogs\",\"bail\",\"framework\",\"reporters\",\"services\",\"maxInstances\",\"maxInstancesPerCapability\",\"injectGlobals\",\"filesToWatch\",\"execArgv\",\"runnerEnv\",\"runner\",\"shard\",\"specFileRetries\",\"specFileRetriesDelay\",\"specFileRetriesDeferred\",\"reporterSyncInterval\",\"reporterSyncTimeout\",\"cucumberFeaturesWithLineNumbers\",\"autoCompileOpts\",\"mochaOpts\",\"jasmineOpts\",\"cucumberOpts\",\"onPrepare\",\"onWorkerStart\",\"onWorkerEnd\",\"before\",\"beforeSession\",\"beforeSuite\",\"beforeHook\",\"beforeTest\",\"afterTest\",\"afterHook\",\"afterSuite\",\"afterSession\",\"after\",\"onComplete\",\"beforeAssertion\",\"afterAssertion\",\"beforeFeature\",\"beforeScenario\",\"beforeStep\",\"afterStep\",\"afterScenario\",\"afterFeature\",\"_\",\"suite\",\"$0\",\"ignoredWorkerServices\",\"wdi5\"]"}]}
COMMAND: POST /session/8fa5e6a369088cc1a8b88ace459c7e54/execute/async - {"script":"<script> [21126 bytes]","args":[35000]}
RESULT: {"script":"<script> [21126 bytes]","args":[35000]}
COMMAND: POST /session/8fa5e6a369088cc1a8b88ace459c7e54/execute/async - {"script":"<script> [1562 bytes]","args":[{"selector":{"controlType":"sap.m.SearchField","viewName":"etm.portal.ui.managehandovers.view.MasterHO","bindingPath":{"path":"","propertyPath":"/_BASIC_SEARCH_FIELD","modelName":"fi1t3rM0d31"},"interaction":{"idSuffix":"I"}},"wdio_ui5_key":"etmportal.ui.managehandovers.view.MasterHOsap.m.SearchField{\"path\":\"\",\"propertyPath\":\"/_BASIC_SEARCH_FIELD\",\"modelName\":\"fi1t3rM0d31\"}"}]}
RESULT: {"script":"<script> [1562 bytes]","args":[{"selector":{"controlType":"sap.m.SearchField","viewName":"etm.portal.ui.managehandovers.view.MasterHO","bindingPath":{"path":"","propertyPath":"/_BASIC_SEARCH_FIELD","modelName":"fi1t3rM0d31"},"interaction":{"idSuffix":"I"}},"wdio_ui5_key":"etmportal.ui.managehandovers.view.MasterHOsap.m.SearchField{\"path\":\"\",\"propertyPath\":\"/_BASIC_SEARCH_FIELD\",\"modelName\":\"fi1t3rM0d31\"}"}]}
RESULT: undefined
COMMAND: POST /session/8fa5e6a369088cc1a8b88ace459c7e54/execute/async - {"script":"<script> [776 bytes]","args":[{"enterText":"30945","selector":{"controlType":"sap.m.SearchField","viewName":"etm.portal.ui.managehandovers.view.MasterHO","bindingPath":{"path":"","propertyPath":"/_BASIC_SEARCH_FIELD","modelName":"fi1t3rM0d31"},"interaction":{"idSuffix":"I"}},"clearTextFirst":true,"interactionType":"ENTER_TEXT"}]}
RESULT: {"script":"<script> [776 bytes]","args":[{"enterText":"30945","selector":{"controlType":"sap.m.SearchField","viewName":"etm.portal.ui.managehandovers.view.MasterHO","bindingPath":{"path":"","propertyPath":"/_BASIC_SEARCH_FIELD","modelName":"fi1t3rM0d31"},"interaction":{"idSuffix":"I"}},"clearTextFirst":true,"interactionType":"ENTER_TEXT"}]}
COMMAND: POST /session/8fa5e6a369088cc1a8b88ace459c7e54/actions - {"actions":[{"id":"action25","type":"key","parameters":{},"actions":[{"type":"keyDown","value":"î€‡"},{"type":"pause","duration":10},{"type":"keyUp","value":"î€‡"}]}]}
RESULT: {"actions":[{"id":"action25","type":"key","parameters":{},"actions":[{"type":"keyDown","value":"î€‡"},{"type":"pause","duration":10},{"type":"keyUp","value":"î€‡"}]}]}
COMMAND: GET /session/8fa5e6a369088cc1a8b88ace459c7e54/screenshot - {}
RESULT: {}
COMMAND: POST /session/8fa5e6a369088cc1a8b88ace459c7e54/execute/async - {"script":"<script> [1562 bytes]","args":[{"selector":{"controlType":"sap.m.Title","viewName":"etm.portal.ui.managehandovers.view.MasterHO","properties":{"text":"Records (1)"}},"wdio_ui5_key":"etmportal.ui.managehandovers.view.MasterHOsap.m.Title{\"text\":\"Records (1)\"}"}]}
RESULT: {"script":"<script> [1562 bytes]","args":[{"selector":{"controlType":"sap.m.Title","viewName":"etm.portal.ui.managehandovers.view.MasterHO","properties":{"text":"Records (1)"}},"wdio_ui5_key":"etmportal.ui.managehandovers.view.MasterHOsap.m.Title{\"text\":\"Records (1)\"}"}]}
RESULT: undefined
COMMAND: POST /session/8fa5e6a369088cc1a8b88ace459c7e54/execute/async - {"script":"<script> [6424 bytes]","args":[{"element-6066-11e4-a52e-4f735466cecf":"f.9A359EC67B0A42D5197B3FB8A3231305.d.68C90886E4533B5970BCD5D5DD4D7619.e.10112"},"getText",[]]}
RESULT: {"script":"<script> [6424 bytes]","args":[{"element-6066-11e4-a52e-4f735466cecf":"f.9A359EC67B0A42D5197B3FB8A3231305.d.68C90886E4533B5970BCD5D5DD4D7619.e.10112"},"getText",[]]}
COMMAND: POST /session/8fa5e6a369088cc1a8b88ace459c7e54/execute/async - {"script":"<script> [1562 bytes]","args":[{"selector":{"controlType":"sap.ui.core.Icon","viewName":"etm.portal.ui.managehandovers.view.MasterHO","properties":{"src":{"regex":{"source":"slim\\-arrow\\-right"}}}},"wdio_ui5_key":"etmportal.ui.managehandovers.view.MasterHOsap.ui.core.Icon{\"src\":{\"regex\":{\"source\":\"slim\\\\-arrow\\\\-right\"}}}"}]}
RESULT: {"script":"<script> [1562 bytes]","args":[{"selector":{"controlType":"sap.ui.core.Icon","viewName":"etm.portal.ui.managehandovers.view.MasterHO","properties":{"src":{"regex":{"source":"slim\\-arrow\\-right"}}}},"wdio_ui5_key":"etmportal.ui.managehandovers.view.MasterHOsap.ui.core.Icon{\"src\":{\"regex\":{\"source\":\"slim\\\\-arrow\\\\-right\"}}}"}]}
RESULT: undefined
COMMAND: POST /session/8fa5e6a369088cc1a8b88ace459c7e54/element - {"using":"xpath","value":"//*[@id=\"__item30-__clone16-imgNav\"]"}
RESULT: {"using":"xpath","value":"//*[@id=\"__item30-__clone16-imgNav\"]"}
COMMAND: POST /session/8fa5e6a369088cc1a8b88ace459c7e54/element/f.9A359EC67B0A42D5197B3FB8A3231305.d.68C90886E4533B5970BCD5D5DD4D7619.e.10111/click - {}
RESULT: {}
COMMAND: GET /session/8fa5e6a369088cc1a8b88ace459c7e54/screenshot - {}
RESULT: {}
COMMAND: POST /session/8fa5e6a369088cc1a8b88ace459c7e54/element - {"using":"xpath","value":"//a[contains(@data-kt ,\"GeneralSectionReceiveContracttLink\")]"}
RESULT: {"using":"xpath","value":"//a[contains(@data-kt ,\"GeneralSectionReceiveContracttLink\")]"}
COMMAND: POST /session/8fa5e6a369088cc1a8b88ace459c7e54/element/f.9A359EC67B0A42D5197B3FB8A3231305.d.68C90886E4533B5970BCD5D5DD4D7619.e.10213/click - {}
RESULT: {}
COMMAND: GET /session/8fa5e6a369088cc1a8b88ace459c7e54/screenshot - {}
RESULT: {}
COMMAND: POST /session/8fa5e6a369088cc1a8b88ace459c7e54/element - {"using":"xpath","value":"//a[contains(@data-kt ,\"ContextMenuId2Link\")]"}
RESULT: {"using":"xpath","value":"//a[contains(@data-kt ,\"ContextMenuId2Link\")]"}
COMMAND: POST /session/8fa5e6a369088cc1a8b88ace459c7e54/element/f.9A359EC67B0A42D5197B3FB8A3231305.d.68C90886E4533B5970BCD5D5DD4D7619.e.10216/click - {}
RESULT: {}
COMMAND: GET /session/8fa5e6a369088cc1a8b88ace459c7e54/screenshot - {}
RESULT: {}
COMMAND: POST /session/8fa5e6a369088cc1a8b88ace459c7e54/execute/async - {"script":"<script> [1562 bytes]","args":[{"selector":{"controlType":"sap.m.ObjectStatus","viewName":"etm.portal.ui.managecontracts.view.Detail","bindingPath":{"propertyPath":"LINK_TO_LOGISTICAL_STATUS/DESCRIPTION","modelName":"catalogModel"}},"wdio_ui5_key":"etmportal.ui.managecontracts.view.Detailsap.m.ObjectStatus{\"propertyPath\":\"LINK_TO_LOGISTICAL_STATUS/DESCRIPTION\",\"modelName\":\"catalogModel\"}"}]}
RESULT: {"script":"<script> [1562 bytes]","args":[{"selector":{"controlType":"sap.m.ObjectStatus","viewName":"etm.portal.ui.managecontracts.view.Detail","bindingPath":{"propertyPath":"LINK_TO_LOGISTICAL_STATUS/DESCRIPTION","modelName":"catalogModel"}},"wdio_ui5_key":"etmportal.ui.managecontracts.view.Detailsap.m.ObjectStatus{\"propertyPath\":\"LINK_TO_LOGISTICAL_STATUS/DESCRIPTION\",\"modelName\":\"catalogModel\"}"}]}
RESULT: undefined
COMMAND: POST /session/8fa5e6a369088cc1a8b88ace459c7e54/execute/async - {"script":"<script> [6424 bytes]","args":[{"element-6066-11e4-a52e-4f735466cecf":"f.9A359EC67B0A42D5197B3FB8A3231305.d.68C90886E4533B5970BCD5D5DD4D7619.e.10415"},"getText",[]]}
RESULT: {"script":"<script> [6424 bytes]","args":[{"element-6066-11e4-a52e-4f735466cecf":"f.9A359EC67B0A42D5197B3FB8A3231305.d.68C90886E4533B5970BCD5D5DD4D7619.e.10415"},"getText",[]]}
COMMAND: POST /session/8fa5e6a369088cc1a8b88ace459c7e54/execute/async - {"script":"<script> [1562 bytes]","args":[{"selector":{"controlType":"sap.m.ObjectStatus","viewName":"etm.portal.ui.managecontracts.view.Detail","bindingPath":{"propertyPath":"LINK_TO_COMMERCIAL_STATUS/DESCRIPTION","modelName":"catalogModel"}},"wdio_ui5_key":"etmportal.ui.managecontracts.view.Detailsap.m.ObjectStatus{\"propertyPath\":\"LINK_TO_COMMERCIAL_STATUS/DESCRIPTION\",\"modelName\":\"catalogModel\"}"}]}
RESULT: {"script":"<script> [1562 bytes]","args":[{"selector":{"controlType":"sap.m.ObjectStatus","viewName":"etm.portal.ui.managecontracts.view.Detail","bindingPath":{"propertyPath":"LINK_TO_COMMERCIAL_STATUS/DESCRIPTION","modelName":"catalogModel"}},"wdio_ui5_key":"etmportal.ui.managecontracts.view.Detailsap.m.ObjectStatus{\"propertyPath\":\"LINK_TO_COMMERCIAL_STATUS/DESCRIPTION\",\"modelName\":\"catalogModel\"}"}]}
RESULT: undefined
COMMAND: POST /session/8fa5e6a369088cc1a8b88ace459c7e54/execute/async - {"script":"<script> [6424 bytes]","args":[{"element-6066-11e4-a52e-4f735466cecf":"f.9A359EC67B0A42D5197B3FB8A3231305.d.68C90886E4533B5970BCD5D5DD4D7619.e.10416"},"getText",[]]}
RESULT: {"script":"<script> [6424 bytes]","args":[{"element-6066-11e4-a52e-4f735466cecf":"f.9A359EC67B0A42D5197B3FB8A3231305.d.68C90886E4533B5970BCD5D5DD4D7619.e.10416"},"getText",[]]}
COMMAND: POST /session/8fa5e6a369088cc1a8b88ace459c7e54/execute/async - {"script":"<script> [1562 bytes]","args":[{"selector":{"id":"backBtn"},"wdio_ui5_key":"backBtn"}]}
RESULT: {"script":"<script> [1562 bytes]","args":[{"selector":{"id":"backBtn"},"wdio_ui5_key":"backBtn"}]}
RESULT: undefined
COMMAND: POST /session/8fa5e6a369088cc1a8b88ace459c7e54/element - {"using":"xpath","value":"//*[@id=\"backBtn\"]"}
RESULT: {"using":"xpath","value":"//*[@id=\"backBtn\"]"}
COMMAND: POST /session/8fa5e6a369088cc1a8b88ace459c7e54/element/f.9A359EC67B0A42D5197B3FB8A3231305.d.68C90886E4533B5970BCD5D5DD4D7619.e.10417/click - {}
RESULT: {}
COMMAND: GET /session/8fa5e6a369088cc1a8b88ace459c7e54/screenshot - {}
COMMAND: POST /session/8fa5e6a369088cc1a8b88ace459c7e54/execute/async - {"script":"<script> [1562 bytes]","args":[{"selector":{"controlType":"sap.m.Button","viewName":"etm.portal.ui.managehandovers.view.DetailExecuteHO","i18NText":{"propertyName":"text","key":"confirmAll"},"interaction":{"idSuffix":"BDI-content"}},"wdio_ui5_key":"etmportal.ui.managehandovers.view.DetailExecuteHOsap.m.Button{\"propertyName\":\"text\",\"key\":\"confirmAll\"}"}]}
RESULT: {}
RESULT: {"script":"<script> [1562 bytes]","args":[{"selector":{"controlType":"sap.m.Button","viewName":"etm.portal.ui.managehandovers.view.DetailExecuteHO","i18NText":{"propertyName":"text","key":"confirmAll"},"interaction":{"idSuffix":"BDI-content"}},"wdio_ui5_key":"etmportal.ui.managehandovers.view.DetailExecuteHOsap.m.Button{\"propertyName\":\"text\",\"key\":\"confirmAll\"}"}]}
RESULT: undefined
COMMAND: POST /session/8fa5e6a369088cc1a8b88ace459c7e54/element - {"using":"xpath","value":"//*[@id=\"__button84\"]"}
RESULT: {"using":"xpath","value":"//*[@id=\"__button84\"]"}
COMMAND: POST /session/8fa5e6a369088cc1a8b88ace459c7e54/element/f.9A359EC67B0A42D5197B3FB8A3231305.d.68C90886E4533B5970BCD5D5DD4D7619.e.10713/click - {}
RESULT: {}
COMMAND: GET /session/8fa5e6a369088cc1a8b88ace459c7e54/screenshot - {}
RESULT: {}
COMMAND: POST /session/8fa5e6a369088cc1a8b88ace459c7e54/execute/async - {"script":"<script> [1562 bytes]","args":[{"selector":{"controlType":"sap.m.Button","properties":{"text":"OK"},"searchOpenDialogs":true,"interaction":{"idSuffix":"inner"}},"wdio_ui5_key":"sapm.Button{\"text\":\"OK\"}"}]}
RESULT: {"script":"<script> [1562 bytes]","args":[{"selector":{"controlType":"sap.m.Button","properties":{"text":"OK"},"searchOpenDialogs":true,"interaction":{"idSuffix":"inner"}},"wdio_ui5_key":"sapm.Button{\"text\":\"OK\"}"}]}
RESULT: undefined
COMMAND: POST /session/8fa5e6a369088cc1a8b88ace459c7e54/element - {"using":"xpath","value":"//*[@id=\"__mbox-btn-0\"]"}
RESULT: {"using":"xpath","value":"//*[@id=\"__mbox-btn-0\"]"}
COMMAND: POST /session/8fa5e6a369088cc1a8b88ace459c7e54/element/f.9A359EC67B0A42D5197B3FB8A3231305.d.68C90886E4533B5970BCD5D5DD4D7619.e.10718/click - {}
RESULT: {}
COMMAND: GET /session/8fa5e6a369088cc1a8b88ace459c7e54/screenshot - {}
RESULT: {}
COMMAND: POST /session/8fa5e6a369088cc1a8b88ace459c7e54/element - {"using":"xpath","value":"//button[contains(@data-kt ,\"execHoIssueFooterButton\")]"}
RESULT: {"using":"xpath","value":"//button[contains(@data-kt ,\"execHoIssueFooterButton\")]"}
COMMAND: POST /session/8fa5e6a369088cc1a8b88ace459c7e54/element/f.9A359EC67B0A42D5197B3FB8A3231305.d.68C90886E4533B5970BCD5D5DD4D7619.e.10721/click - {}
RESULT: {}
COMMAND: GET /session/8fa5e6a369088cc1a8b88ace459c7e54/screenshot - {}
RESULT: {}
COMMAND: POST /session/8fa5e6a369088cc1a8b88ace459c7e54/refresh - {}
RESULT: {}
COMMAND: GET /session/8fa5e6a369088cc1a8b88ace459c7e54/screenshot - {}
RESULT: {}
COMMAND: POST /session/8fa5e6a369088cc1a8b88ace459c7e54/refresh - {}
RESULT: {}
COMMAND: GET /session/8fa5e6a369088cc1a8b88ace459c7e54/screenshot - {}
RESULT: {}
COMMAND: POST /session/8fa5e6a369088cc1a8b88ace459c7e54/window/fullscreen - {}
RESULT: {}
COMMAND: POST /session/8fa5e6a369088cc1a8b88ace459c7e54/execute/async - {"script":"<script> [189 bytes]","args":[]}
RESULT: {"script":"<script> [189 bytes]","args":[]}
COMMAND: POST /session/8fa5e6a369088cc1a8b88ace459c7e54/execute/async - {"script":"<script> [123 bytes]","args":[]}
RESULT: {"script":"<script> [123 bytes]","args":[]}
COMMAND: POST /session/8fa5e6a369088cc1a8b88ace459c7e54/timeouts - {"script":"<number>"}
RESULT: {"script":"<number>"}
COMMAND: GET /session/8fa5e6a369088cc1a8b88ace459c7e54/timeouts - {}
RESULT: {}
RESULT: undefined
COMMAND: POST /session/8fa5e6a369088cc1a8b88ace459c7e54/execute/async - {"script":"<script> [2676 bytes]","args":[]}
RESULT: {"script":"<script> [2676 bytes]","args":[]}
COMMAND: POST /session/8fa5e6a369088cc1a8b88ace459c7e54/execute/async - {"script":"<script> [2342 bytes]","args":[{"protocol":"http","hostname":"0.0.0.0","path":"/","capabilities":{"browserName":"chrome","goog:chromeOptions":{"binary":"C:\\Program Files\\Google\\Chrome\\Application\\chrome.exe","args":["--start-maximized"]}},"logLevel":"warn","connectionRetryTimeout":120000,"connectionRetryCount":3,"logLevels":{},"enableDirectConnect":true,"strictSSL":true,"_":"65 more keys: [\"cacheDir\",\"port\",\"requestedCapabilities\",\"automationProtocol\",\"baseUrl\",\"waitforInterval\",\"waitforTimeout\",\"onReload\",\"beforeCommand\",\"afterCommand\",\"rootDir\",\"specs\",\"suites\",\"exclude\",\"groupLogsByTestSpec\",\"excludeDriverLogs\",\"bail\",\"framework\",\"reporters\",\"services\",\"maxInstances\",\"maxInstancesPerCapability\",\"injectGlobals\",\"filesToWatch\",\"execArgv\",\"runnerEnv\",\"runner\",\"shard\",\"specFileRetries\",\"specFileRetriesDelay\",\"specFileRetriesDeferred\",\"reporterSyncInterval\",\"reporterSyncTimeout\",\"cucumberFeaturesWithLineNumbers\",\"autoCompileOpts\",\"mochaOpts\",\"jasmineOpts\",\"cucumberOpts\",\"onPrepare\",\"onWorkerStart\",\"onWorkerEnd\",\"before\",\"beforeSession\",\"beforeSuite\",\"beforeHook\",\"beforeTest\",\"afterTest\",\"afterHook\",\"afterSuite\",\"afterSession\",\"after\",\"onComplete\",\"beforeAssertion\",\"afterAssertion\",\"beforeFeature\",\"beforeScenario\",\"beforeStep\",\"afterStep\",\"afterScenario\",\"afterFeature\",\"_\",\"suite\",\"$0\",\"ignoredWorkerServices\",\"wdi5\"]"}]}
RESULT: {"script":"<script> [2342 bytes]","args":[{"protocol":"http","hostname":"0.0.0.0","path":"/","capabilities":{"browserName":"chrome","goog:chromeOptions":{"binary":"C:\\Program Files\\Google\\Chrome\\Application\\chrome.exe","args":["--start-maximized"]}},"logLevel":"warn","connectionRetryTimeout":120000,"connectionRetryCount":3,"logLevels":{},"enableDirectConnect":true,"strictSSL":true,"_":"65 more keys: [\"cacheDir\",\"port\",\"requestedCapabilities\",\"automationProtocol\",\"baseUrl\",\"waitforInterval\",\"waitforTimeout\",\"onReload\",\"beforeCommand\",\"afterCommand\",\"rootDir\",\"specs\",\"suites\",\"exclude\",\"groupLogsByTestSpec\",\"excludeDriverLogs\",\"bail\",\"framework\",\"reporters\",\"services\",\"maxInstances\",\"maxInstancesPerCapability\",\"injectGlobals\",\"filesToWatch\",\"execArgv\",\"runnerEnv\",\"runner\",\"shard\",\"specFileRetries\",\"specFileRetriesDelay\",\"specFileRetriesDeferred\",\"reporterSyncInterval\",\"reporterSyncTimeout\",\"cucumberFeaturesWithLineNumbers\",\"autoCompileOpts\",\"mochaOpts\",\"jasmineOpts\",\"cucumberOpts\",\"onPrepare\",\"onWorkerStart\",\"onWorkerEnd\",\"before\",\"beforeSession\",\"beforeSuite\",\"beforeHook\",\"beforeTest\",\"afterTest\",\"afterHook\",\"afterSuite\",\"afterSession\",\"after\",\"onComplete\",\"beforeAssertion\",\"afterAssertion\",\"beforeFeature\",\"beforeScenario\",\"beforeStep\",\"afterStep\",\"afterScenario\",\"afterFeature\",\"_\",\"suite\",\"$0\",\"ignoredWorkerServices\",\"wdi5\"]"}]}
COMMAND: POST /session/8fa5e6a369088cc1a8b88ace459c7e54/execute/async - {"script":"<script> [21126 bytes]","args":[35000]}
RESULT: {"script":"<script> [21126 bytes]","args":[35000]}
COMMAND: POST /session/8fa5e6a369088cc1a8b88ace459c7e54/execute/async - {"script":"<script> [1562 bytes]","args":[{"selector":{"controlType":"sap.m.SearchField","viewName":"etm.portal.ui.managehandovers.view.MasterHO","bindingPath":{"path":"","propertyPath":"/_BASIC_SEARCH_FIELD","modelName":"fi1t3rM0d31"},"interaction":{"idSuffix":"I"}},"wdio_ui5_key":"etmportal.ui.managehandovers.view.MasterHOsap.m.SearchField{\"path\":\"\",\"propertyPath\":\"/_BASIC_SEARCH_FIELD\",\"modelName\":\"fi1t3rM0d31\"}"}]}
RESULT: {"script":"<script> [1562 bytes]","args":[{"selector":{"controlType":"sap.m.SearchField","viewName":"etm.portal.ui.managehandovers.view.MasterHO","bindingPath":{"path":"","propertyPath":"/_BASIC_SEARCH_FIELD","modelName":"fi1t3rM0d31"},"interaction":{"idSuffix":"I"}},"wdio_ui5_key":"etmportal.ui.managehandovers.view.MasterHOsap.m.SearchField{\"path\":\"\",\"propertyPath\":\"/_BASIC_SEARCH_FIELD\",\"modelName\":\"fi1t3rM0d31\"}"}]}
RESULT: undefined
COMMAND: POST /session/8fa5e6a369088cc1a8b88ace459c7e54/execute/async - {"script":"<script> [776 bytes]","args":[{"enterText":"30945","selector":{"controlType":"sap.m.SearchField","viewName":"etm.portal.ui.managehandovers.view.MasterHO","bindingPath":{"path":"","propertyPath":"/_BASIC_SEARCH_FIELD","modelName":"fi1t3rM0d31"},"interaction":{"idSuffix":"I"}},"clearTextFirst":true,"interactionType":"ENTER_TEXT"}]}
RESULT: {"script":"<script> [776 bytes]","args":[{"enterText":"30945","selector":{"controlType":"sap.m.SearchField","viewName":"etm.portal.ui.managehandovers.view.MasterHO","bindingPath":{"path":"","propertyPath":"/_BASIC_SEARCH_FIELD","modelName":"fi1t3rM0d31"},"interaction":{"idSuffix":"I"}},"clearTextFirst":true,"interactionType":"ENTER_TEXT"}]}
COMMAND: POST /session/8fa5e6a369088cc1a8b88ace459c7e54/actions - {"actions":[{"id":"action26","type":"key","parameters":{},"actions":[{"type":"keyDown","value":"î€‡"},{"type":"pause","duration":10},{"type":"keyUp","value":"î€‡"}]}]}
RESULT: {"actions":[{"id":"action26","type":"key","parameters":{},"actions":[{"type":"keyDown","value":"î€‡"},{"type":"pause","duration":10},{"type":"keyUp","value":"î€‡"}]}]}
COMMAND: GET /session/8fa5e6a369088cc1a8b88ace459c7e54/screenshot - {}
RESULT: {}
COMMAND: POST /session/8fa5e6a369088cc1a8b88ace459c7e54/execute/async - {"script":"<script> [1562 bytes]","args":[{"selector":{"controlType":"sap.m.Title","viewName":"etm.portal.ui.managehandovers.view.MasterHO","properties":{"text":"Records (1)"}},"wdio_ui5_key":"etmportal.ui.managehandovers.view.MasterHOsap.m.Title{\"text\":\"Records (1)\"}"}]}
RESULT: {"script":"<script> [1562 bytes]","args":[{"selector":{"controlType":"sap.m.Title","viewName":"etm.portal.ui.managehandovers.view.MasterHO","properties":{"text":"Records (1)"}},"wdio_ui5_key":"etmportal.ui.managehandovers.view.MasterHOsap.m.Title{\"text\":\"Records (1)\"}"}]}
RESULT: undefined
COMMAND: POST /session/8fa5e6a369088cc1a8b88ace459c7e54/execute/async - {"script":"<script> [6424 bytes]","args":[{"element-6066-11e4-a52e-4f735466cecf":"f.9A359EC67B0A42D5197B3FB8A3231305.d.DD6A06964F8D272F01A5548EFC7D1206.e.11015"},"getText",[]]}
RESULT: {"script":"<script> [6424 bytes]","args":[{"element-6066-11e4-a52e-4f735466cecf":"f.9A359EC67B0A42D5197B3FB8A3231305.d.DD6A06964F8D272F01A5548EFC7D1206.e.11015"},"getText",[]]}
COMMAND: POST /session/8fa5e6a369088cc1a8b88ace459c7e54/execute/async - {"script":"<script> [1562 bytes]","args":[{"selector":{"controlType":"sap.ui.core.Icon","viewName":"etm.portal.ui.managehandovers.view.MasterHO","properties":{"src":{"regex":{"source":"slim\\-arrow\\-right"}}}},"wdio_ui5_key":"etmportal.ui.managehandovers.view.MasterHOsap.ui.core.Icon{\"src\":{\"regex\":{\"source\":\"slim\\\\-arrow\\\\-right\"}}}"}]}
RESULT: {"script":"<script> [1562 bytes]","args":[{"selector":{"controlType":"sap.ui.core.Icon","viewName":"etm.portal.ui.managehandovers.view.MasterHO","properties":{"src":{"regex":{"source":"slim\\-arrow\\-right"}}}},"wdio_ui5_key":"etmportal.ui.managehandovers.view.MasterHOsap.ui.core.Icon{\"src\":{\"regex\":{\"source\":\"slim\\\\-arrow\\\\-right\"}}}"}]}
RESULT: undefined
COMMAND: POST /session/8fa5e6a369088cc1a8b88ace459c7e54/element - {"using":"xpath","value":"//*[@id=\"__item18-__clone16-imgNav\"]"}
RESULT: {"using":"xpath","value":"//*[@id=\"__item18-__clone16-imgNav\"]"}
COMMAND: POST /session/8fa5e6a369088cc1a8b88ace459c7e54/element/f.9A359EC67B0A42D5197B3FB8A3231305.d.DD6A06964F8D272F01A5548EFC7D1206.e.11014/click - {}
RESULT: {}
COMMAND: GET /session/8fa5e6a369088cc1a8b88ace459c7e54/screenshot - {}
RESULT: {}
COMMAND: POST /session/8fa5e6a369088cc1a8b88ace459c7e54/execute/async - {"script":"<script> [1562 bytes]","args":[{"selector":{"controlType":"sap.m.ObjectStatus","viewName":"etm.portal.ui.managehandovers.view.DetailExecuteHO","labelFor":{"text":"Status"}},"wdio_ui5_key":"etmportal.ui.managehandovers.view.DetailExecuteHOsap.m.ObjectStatus{\"text\":\"Status\"}"}]}
RESULT: {"script":"<script> [1562 bytes]","args":[{"selector":{"controlType":"sap.m.ObjectStatus","viewName":"etm.portal.ui.managehandovers.view.DetailExecuteHO","labelFor":{"text":"Status"}},"wdio_ui5_key":"etmportal.ui.managehandovers.view.DetailExecuteHOsap.m.ObjectStatus{\"text\":\"Status\"}"}]}
RESULT: undefined
COMMAND: POST /session/8fa5e6a369088cc1a8b88ace459c7e54/execute/async - {"script":"<script> [6424 bytes]","args":[{"element-6066-11e4-a52e-4f735466cecf":"f.9A359EC67B0A42D5197B3FB8A3231305.d.DD6A06964F8D272F01A5548EFC7D1206.e.11113"},"getText",[]]}
RESULT: {"script":"<script> [6424 bytes]","args":[{"element-6066-11e4-a52e-4f735466cecf":"f.9A359EC67B0A42D5197B3FB8A3231305.d.DD6A06964F8D272F01A5548EFC7D1206.e.11113"},"getText",[]]}
COMMAND: POST /session/8fa5e6a369088cc1a8b88ace459c7e54/execute/async - {"script":"<script> [1562 bytes]","args":[{"selector":{"controlType":"sap.m.Button","viewName":"etm.portal.ui.managehandovers.view.DetailExecuteHO","i18NText":{"propertyName":"text","key":"confirmAll"},"interaction":{"idSuffix":"BDI-content"}},"wdio_ui5_key":"etmportal.ui.managehandovers.view.DetailExecuteHOsap.m.Button{\"propertyName\":\"text\",\"key\":\"confirmAll\"}"}]}
RESULT: {"script":"<script> [1562 bytes]","args":[{"selector":{"controlType":"sap.m.Button","viewName":"etm.portal.ui.managehandovers.view.DetailExecuteHO","i18NText":{"propertyName":"text","key":"confirmAll"},"interaction":{"idSuffix":"BDI-content"}},"wdio_ui5_key":"etmportal.ui.managehandovers.view.DetailExecuteHOsap.m.Button{\"propertyName\":\"text\",\"key\":\"confirmAll\"}"}]}
RESULT: undefined
COMMAND: POST /session/8fa5e6a369088cc1a8b88ace459c7e54/element - {"using":"xpath","value":"//*[@id=\"__button30\"]"}
RESULT: {"using":"xpath","value":"//*[@id=\"__button30\"]"}
COMMAND: POST /session/8fa5e6a369088cc1a8b88ace459c7e54/element/f.9A359EC67B0A42D5197B3FB8A3231305.d.DD6A06964F8D272F01A5548EFC7D1206.e.11117/click - {}
RESULT: {}
COMMAND: GET /session/8fa5e6a369088cc1a8b88ace459c7e54/screenshot - {}
RESULT: {}
COMMAND: POST /session/8fa5e6a369088cc1a8b88ace459c7e54/execute/async - {"script":"<script> [1562 bytes]","args":[{"selector":{"controlType":"sap.m.Button","properties":{"text":"OK"},"searchOpenDialogs":true,"interaction":{"idSuffix":"BDI-content"}},"wdio_ui5_key":"sapm.Button{\"text\":\"OK\"}"}]}
RESULT: {"script":"<script> [1562 bytes]","args":[{"selector":{"controlType":"sap.m.Button","properties":{"text":"OK"},"searchOpenDialogs":true,"interaction":{"idSuffix":"BDI-content"}},"wdio_ui5_key":"sapm.Button{\"text\":\"OK\"}"}]}
RESULT: undefined
COMMAND: POST /session/8fa5e6a369088cc1a8b88ace459c7e54/element - {"using":"xpath","value":"//*[@id=\"__mbox-btn-0\"]"}
RESULT: {"using":"xpath","value":"//*[@id=\"__mbox-btn-0\"]"}
COMMAND: POST /session/8fa5e6a369088cc1a8b88ace459c7e54/element/f.9A359EC67B0A42D5197B3FB8A3231305.d.DD6A06964F8D272F01A5548EFC7D1206.e.11118/click - {}
RESULT: {}
COMMAND: GET /session/8fa5e6a369088cc1a8b88ace459c7e54/screenshot - {}
RESULT: {}
COMMAND: POST /session/8fa5e6a369088cc1a8b88ace459c7e54/element - {"using":"xpath","value":"//button[contains(@data-kt ,\"execHoReceiveFooterButton\")]"}
RESULT: {"using":"xpath","value":"//button[contains(@data-kt ,\"execHoReceiveFooterButton\")]"}
COMMAND: POST /session/8fa5e6a369088cc1a8b88ace459c7e54/element/f.9A359EC67B0A42D5197B3FB8A3231305.d.DD6A06964F8D272F01A5548EFC7D1206.e.11069/click - {}
RESULT: {}
COMMAND: GET /session/8fa5e6a369088cc1a8b88ace459c7e54/screenshot - {}
RESULT: {}
COMMAND: POST /session/8fa5e6a369088cc1a8b88ace459c7e54/refresh - {}
RESULT: {}
COMMAND: GET /session/8fa5e6a369088cc1a8b88ace459c7e54/screenshot - {}
RESULT: {}
COMMAND: POST /session/8fa5e6a369088cc1a8b88ace459c7e54/refresh - {}
RESULT: {}
COMMAND: GET /session/8fa5e6a369088cc1a8b88ace459c7e54/screenshot - {}
RESULT: {}
COMMAND: POST /session/8fa5e6a369088cc1a8b88ace459c7e54/window/fullscreen - {}
RESULT: {}
COMMAND: POST /session/8fa5e6a369088cc1a8b88ace459c7e54/execute/async - {"script":"<script> [189 bytes]","args":[]}
RESULT: {"script":"<script> [189 bytes]","args":[]}
COMMAND: POST /session/8fa5e6a369088cc1a8b88ace459c7e54/execute/async - {"script":"<script> [123 bytes]","args":[]}
RESULT: {"script":"<script> [123 bytes]","args":[]}
COMMAND: POST /session/8fa5e6a369088cc1a8b88ace459c7e54/timeouts - {"script":"<number>"}
RESULT: {"script":"<number>"}
COMMAND: GET /session/8fa5e6a369088cc1a8b88ace459c7e54/timeouts - {}
RESULT: {}
RESULT: undefined
COMMAND: POST /session/8fa5e6a369088cc1a8b88ace459c7e54/execute/async - {"script":"<script> [2676 bytes]","args":[]}
RESULT: {"script":"<script> [2676 bytes]","args":[]}
COMMAND: POST /session/8fa5e6a369088cc1a8b88ace459c7e54/execute/async - {"script":"<script> [2342 bytes]","args":[{"protocol":"http","hostname":"0.0.0.0","path":"/","capabilities":{"browserName":"chrome","goog:chromeOptions":{"binary":"C:\\Program Files\\Google\\Chrome\\Application\\chrome.exe","args":["--start-maximized"]}},"logLevel":"warn","connectionRetryTimeout":120000,"connectionRetryCount":3,"logLevels":{},"enableDirectConnect":true,"strictSSL":true,"_":"65 more keys: [\"cacheDir\",\"port\",\"requestedCapabilities\",\"automationProtocol\",\"baseUrl\",\"waitforInterval\",\"waitforTimeout\",\"onReload\",\"beforeCommand\",\"afterCommand\",\"rootDir\",\"specs\",\"suites\",\"exclude\",\"groupLogsByTestSpec\",\"excludeDriverLogs\",\"bail\",\"framework\",\"reporters\",\"services\",\"maxInstances\",\"maxInstancesPerCapability\",\"injectGlobals\",\"filesToWatch\",\"execArgv\",\"runnerEnv\",\"runner\",\"shard\",\"specFileRetries\",\"specFileRetriesDelay\",\"specFileRetriesDeferred\",\"reporterSyncInterval\",\"reporterSyncTimeout\",\"cucumberFeaturesWithLineNumbers\",\"autoCompileOpts\",\"mochaOpts\",\"jasmineOpts\",\"cucumberOpts\",\"onPrepare\",\"onWorkerStart\",\"onWorkerEnd\",\"before\",\"beforeSession\",\"beforeSuite\",\"beforeHook\",\"beforeTest\",\"afterTest\",\"afterHook\",\"afterSuite\",\"afterSession\",\"after\",\"onComplete\",\"beforeAssertion\",\"afterAssertion\",\"beforeFeature\",\"beforeScenario\",\"beforeStep\",\"afterStep\",\"afterScenario\",\"afterFeature\",\"_\",\"suite\",\"$0\",\"ignoredWorkerServices\",\"wdi5\"]"}]}
RESULT: {"script":"<script> [2342 bytes]","args":[{"protocol":"http","hostname":"0.0.0.0","path":"/","capabilities":{"browserName":"chrome","goog:chromeOptions":{"binary":"C:\\Program Files\\Google\\Chrome\\Application\\chrome.exe","args":["--start-maximized"]}},"logLevel":"warn","connectionRetryTimeout":120000,"connectionRetryCount":3,"logLevels":{},"enableDirectConnect":true,"strictSSL":true,"_":"65 more keys: [\"cacheDir\",\"port\",\"requestedCapabilities\",\"automationProtocol\",\"baseUrl\",\"waitforInterval\",\"waitforTimeout\",\"onReload\",\"beforeCommand\",\"afterCommand\",\"rootDir\",\"specs\",\"suites\",\"exclude\",\"groupLogsByTestSpec\",\"excludeDriverLogs\",\"bail\",\"framework\",\"reporters\",\"services\",\"maxInstances\",\"maxInstancesPerCapability\",\"injectGlobals\",\"filesToWatch\",\"execArgv\",\"runnerEnv\",\"runner\",\"shard\",\"specFileRetries\",\"specFileRetriesDelay\",\"specFileRetriesDeferred\",\"reporterSyncInterval\",\"reporterSyncTimeout\",\"cucumberFeaturesWithLineNumbers\",\"autoCompileOpts\",\"mochaOpts\",\"jasmineOpts\",\"cucumberOpts\",\"onPrepare\",\"onWorkerStart\",\"onWorkerEnd\",\"before\",\"beforeSession\",\"beforeSuite\",\"beforeHook\",\"beforeTest\",\"afterTest\",\"afterHook\",\"afterSuite\",\"afterSession\",\"after\",\"onComplete\",\"beforeAssertion\",\"afterAssertion\",\"beforeFeature\",\"beforeScenario\",\"beforeStep\",\"afterStep\",\"afterScenario\",\"afterFeature\",\"_\",\"suite\",\"$0\",\"ignoredWorkerServices\",\"wdi5\"]"}]}
COMMAND: POST /session/8fa5e6a369088cc1a8b88ace459c7e54/execute/async - {"script":"<script> [21126 bytes]","args":[35000]}
RESULT: {"script":"<script> [21126 bytes]","args":[35000]}
COMMAND: POST /session/8fa5e6a369088cc1a8b88ace459c7e54/execute/async - {"script":"<script> [1562 bytes]","args":[{"selector":{"controlType":"sap.m.SearchField","viewName":"etm.portal.ui.managehandovers.view.MasterHO","bindingPath":{"path":"","propertyPath":"/_BASIC_SEARCH_FIELD","modelName":"fi1t3rM0d31"},"interaction":{"idSuffix":"I"}},"wdio_ui5_key":"etmportal.ui.managehandovers.view.MasterHOsap.m.SearchField{\"path\":\"\",\"propertyPath\":\"/_BASIC_SEARCH_FIELD\",\"modelName\":\"fi1t3rM0d31\"}"}]}
RESULT: {"script":"<script> [1562 bytes]","args":[{"selector":{"controlType":"sap.m.SearchField","viewName":"etm.portal.ui.managehandovers.view.MasterHO","bindingPath":{"path":"","propertyPath":"/_BASIC_SEARCH_FIELD","modelName":"fi1t3rM0d31"},"interaction":{"idSuffix":"I"}},"wdio_ui5_key":"etmportal.ui.managehandovers.view.MasterHOsap.m.SearchField{\"path\":\"\",\"propertyPath\":\"/_BASIC_SEARCH_FIELD\",\"modelName\":\"fi1t3rM0d31\"}"}]}
RESULT: undefined
COMMAND: POST /session/8fa5e6a369088cc1a8b88ace459c7e54/execute/async - {"script":"<script> [776 bytes]","args":[{"enterText":"30945","selector":{"controlType":"sap.m.SearchField","viewName":"etm.portal.ui.managehandovers.view.MasterHO","bindingPath":{"path":"","propertyPath":"/_BASIC_SEARCH_FIELD","modelName":"fi1t3rM0d31"},"interaction":{"idSuffix":"I"}},"clearTextFirst":true,"interactionType":"ENTER_TEXT"}]}
RESULT: {"script":"<script> [776 bytes]","args":[{"enterText":"30945","selector":{"controlType":"sap.m.SearchField","viewName":"etm.portal.ui.managehandovers.view.MasterHO","bindingPath":{"path":"","propertyPath":"/_BASIC_SEARCH_FIELD","modelName":"fi1t3rM0d31"},"interaction":{"idSuffix":"I"}},"clearTextFirst":true,"interactionType":"ENTER_TEXT"}]}
COMMAND: POST /session/8fa5e6a369088cc1a8b88ace459c7e54/actions - {"actions":[{"id":"action27","type":"key","parameters":{},"actions":[{"type":"keyDown","value":"î€‡"},{"type":"pause","duration":10},{"type":"keyUp","value":"î€‡"}]}]}
RESULT: {"actions":[{"id":"action27","type":"key","parameters":{},"actions":[{"type":"keyDown","value":"î€‡"},{"type":"pause","duration":10},{"type":"keyUp","value":"î€‡"}]}]}
COMMAND: GET /session/8fa5e6a369088cc1a8b88ace459c7e54/screenshot - {}
RESULT: {}
COMMAND: POST /session/8fa5e6a369088cc1a8b88ace459c7e54/execute/async - {"script":"<script> [1562 bytes]","args":[{"selector":{"controlType":"sap.m.Title","viewName":"etm.portal.ui.managehandovers.view.MasterHO","properties":{"text":"Records (1)"}},"wdio_ui5_key":"etmportal.ui.managehandovers.view.MasterHOsap.m.Title{\"text\":\"Records (1)\"}"}]}
RESULT: {"script":"<script> [1562 bytes]","args":[{"selector":{"controlType":"sap.m.Title","viewName":"etm.portal.ui.managehandovers.view.MasterHO","properties":{"text":"Records (1)"}},"wdio_ui5_key":"etmportal.ui.managehandovers.view.MasterHOsap.m.Title{\"text\":\"Records (1)\"}"}]}
RESULT: undefined
COMMAND: POST /session/8fa5e6a369088cc1a8b88ace459c7e54/execute/async - {"script":"<script> [6424 bytes]","args":[{"element-6066-11e4-a52e-4f735466cecf":"f.9A359EC67B0A42D5197B3FB8A3231305.d.56E0839BA0C52658AC584BB68970BE25.e.11287"},"getText",[]]}
RESULT: {"script":"<script> [6424 bytes]","args":[{"element-6066-11e4-a52e-4f735466cecf":"f.9A359EC67B0A42D5197B3FB8A3231305.d.56E0839BA0C52658AC584BB68970BE25.e.11287"},"getText",[]]}
COMMAND: POST /session/8fa5e6a369088cc1a8b88ace459c7e54/execute/async - {"script":"<script> [1562 bytes]","args":[{"selector":{"controlType":"sap.ui.core.Icon","viewName":"etm.portal.ui.managehandovers.view.MasterHO","properties":{"src":{"regex":{"source":"slim\\-arrow\\-right"}}}},"wdio_ui5_key":"etmportal.ui.managehandovers.view.MasterHOsap.ui.core.Icon{\"src\":{\"regex\":{\"source\":\"slim\\\\-arrow\\\\-right\"}}}"}]}
RESULT: {"script":"<script> [1562 bytes]","args":[{"selector":{"controlType":"sap.ui.core.Icon","viewName":"etm.portal.ui.managehandovers.view.MasterHO","properties":{"src":{"regex":{"source":"slim\\-arrow\\-right"}}}},"wdio_ui5_key":"etmportal.ui.managehandovers.view.MasterHOsap.ui.core.Icon{\"src\":{\"regex\":{\"source\":\"slim\\\\-arrow\\\\-right\"}}}"}]}
RESULT: undefined
COMMAND: POST /session/8fa5e6a369088cc1a8b88ace459c7e54/element - {"using":"xpath","value":"//*[@id=\"__item30-__clone16-imgNav\"]"}
RESULT: {"using":"xpath","value":"//*[@id=\"__item30-__clone16-imgNav\"]"}
COMMAND: POST /session/8fa5e6a369088cc1a8b88ace459c7e54/element/f.9A359EC67B0A42D5197B3FB8A3231305.d.56E0839BA0C52658AC584BB68970BE25.e.11286/click - {}
RESULT: {}
COMMAND: GET /session/8fa5e6a369088cc1a8b88ace459c7e54/screenshot - {}
RESULT: {}
COMMAND: POST /session/8fa5e6a369088cc1a8b88ace459c7e54/execute/async - {"script":"<script> [1562 bytes]","args":[{"selector":{"controlType":"sap.m.ObjectStatus","viewName":"etm.portal.ui.managehandovers.view.DetailManageHO","viewId":"application-managehandovers-display-component---detailManageHO","labelFor":{"text":"Status"}},"wdio_ui5_key":"etmportal.ui.managehandovers.view.DetailManageHOsap.m.ObjectStatus{\"text\":\"Status\"}"}]}
RESULT: {"script":"<script> [1562 bytes]","args":[{"selector":{"controlType":"sap.m.ObjectStatus","viewName":"etm.portal.ui.managehandovers.view.DetailManageHO","viewId":"application-managehandovers-display-component---detailManageHO","labelFor":{"text":"Status"}},"wdio_ui5_key":"etmportal.ui.managehandovers.view.DetailManageHOsap.m.ObjectStatus{\"text\":\"Status\"}"}]}
RESULT: undefined
COMMAND: POST /session/8fa5e6a369088cc1a8b88ace459c7e54/execute/async - {"script":"<script> [6424 bytes]","args":[{"element-6066-11e4-a52e-4f735466cecf":"f.9A359EC67B0A42D5197B3FB8A3231305.d.56E0839BA0C52658AC584BB68970BE25.e.11382"},"getText",[]]}
RESULT: {"script":"<script> [6424 bytes]","args":[{"element-6066-11e4-a52e-4f735466cecf":"f.9A359EC67B0A42D5197B3FB8A3231305.d.56E0839BA0C52658AC584BB68970BE25.e.11382"},"getText",[]]}
COMMAND: POST /session/8fa5e6a369088cc1a8b88ace459c7e54/element - {"using":"xpath","value":"//a[contains(@data-kt ,\"GeneralSectionReceiveContracttLink\")]"}
RESULT: {"using":"xpath","value":"//a[contains(@data-kt ,\"GeneralSectionReceiveContracttLink\")]"}
COMMAND: POST /session/8fa5e6a369088cc1a8b88ace459c7e54/element/f.9A359EC67B0A42D5197B3FB8A3231305.d.56E0839BA0C52658AC584BB68970BE25.e.11383/click - {}
RESULT: {}
COMMAND: GET /session/8fa5e6a369088cc1a8b88ace459c7e54/screenshot - {}
RESULT: {}
COMMAND: POST /session/8fa5e6a369088cc1a8b88ace459c7e54/element - {"using":"xpath","value":"//a[contains(@data-kt ,\"ContextMenuId2Link\")]"}
RESULT: {"using":"xpath","value":"//a[contains(@data-kt ,\"ContextMenuId2Link\")]"}
COMMAND: POST /session/8fa5e6a369088cc1a8b88ace459c7e54/element/f.9A359EC67B0A42D5197B3FB8A3231305.d.56E0839BA0C52658AC584BB68970BE25.e.11386/click - {}
RESULT: {}
COMMAND: GET /session/8fa5e6a369088cc1a8b88ace459c7e54/screenshot - {}
RESULT: {}
COMMAND: POST /session/8fa5e6a369088cc1a8b88ace459c7e54/execute/async - {"script":"<script> [1562 bytes]","args":[{"selector":{"controlType":"sap.m.ObjectStatus","viewName":"etm.portal.ui.managecontracts.view.Detail","bindingPath":{"propertyPath":"LINK_TO_LOGISTICAL_STATUS/DESCRIPTION","modelName":"catalogModel"}},"wdio_ui5_key":"etmportal.ui.managecontracts.view.Detailsap.m.ObjectStatus{\"propertyPath\":\"LINK_TO_LOGISTICAL_STATUS/DESCRIPTION\",\"modelName\":\"catalogModel\"}"}]}
RESULT: {"script":"<script> [1562 bytes]","args":[{"selector":{"controlType":"sap.m.ObjectStatus","viewName":"etm.portal.ui.managecontracts.view.Detail","bindingPath":{"propertyPath":"LINK_TO_LOGISTICAL_STATUS/DESCRIPTION","modelName":"catalogModel"}},"wdio_ui5_key":"etmportal.ui.managecontracts.view.Detailsap.m.ObjectStatus{\"propertyPath\":\"LINK_TO_LOGISTICAL_STATUS/DESCRIPTION\",\"modelName\":\"catalogModel\"}"}]}
RESULT: undefined
COMMAND: POST /session/8fa5e6a369088cc1a8b88ace459c7e54/execute/async - {"script":"<script> [6424 bytes]","args":[{"element-6066-11e4-a52e-4f735466cecf":"f.9A359EC67B0A42D5197B3FB8A3231305.d.56E0839BA0C52658AC584BB68970BE25.e.11596"},"getText",[]]}
RESULT: {"script":"<script> [6424 bytes]","args":[{"element-6066-11e4-a52e-4f735466cecf":"f.9A359EC67B0A42D5197B3FB8A3231305.d.56E0839BA0C52658AC584BB68970BE25.e.11596"},"getText",[]]}
COMMAND: POST /session/8fa5e6a369088cc1a8b88ace459c7e54/execute/async - {"script":"<script> [1562 bytes]","args":[{"selector":{"controlType":"sap.m.ObjectStatus","viewName":"etm.portal.ui.managecontracts.view.Detail","bindingPath":{"propertyPath":"LINK_TO_COMMERCIAL_STATUS/DESCRIPTION","modelName":"catalogModel"}},"wdio_ui5_key":"etmportal.ui.managecontracts.view.Detailsap.m.ObjectStatus{\"propertyPath\":\"LINK_TO_COMMERCIAL_STATUS/DESCRIPTION\",\"modelName\":\"catalogModel\"}"}]}
RESULT: {"script":"<script> [1562 bytes]","args":[{"selector":{"controlType":"sap.m.ObjectStatus","viewName":"etm.portal.ui.managecontracts.view.Detail","bindingPath":{"propertyPath":"LINK_TO_COMMERCIAL_STATUS/DESCRIPTION","modelName":"catalogModel"}},"wdio_ui5_key":"etmportal.ui.managecontracts.view.Detailsap.m.ObjectStatus{\"propertyPath\":\"LINK_TO_COMMERCIAL_STATUS/DESCRIPTION\",\"modelName\":\"catalogModel\"}"}]}
RESULT: undefined
COMMAND: POST /session/8fa5e6a369088cc1a8b88ace459c7e54/execute/async - {"script":"<script> [6424 bytes]","args":[{"element-6066-11e4-a52e-4f735466cecf":"f.9A359EC67B0A42D5197B3FB8A3231305.d.56E0839BA0C52658AC584BB68970BE25.e.11597"},"getText",[]]}
RESULT: {"script":"<script> [6424 bytes]","args":[{"element-6066-11e4-a52e-4f735466cecf":"f.9A359EC67B0A42D5197B3FB8A3231305.d.56E0839BA0C52658AC584BB68970BE25.e.11597"},"getText",[]]}
]]></system-out>
    </testcase>
    <testcase classname="chrome.136_0_7103_49.windows.E2E_-_Logistical_and_commercial_statuses" name="It should follow the handover steps to the status fully returned" time="228.153">
      <system-out><![CDATA[
COMMAND: POST /session/8fa5e6a369088cc1a8b88ace459c7e54/execute/async - {"script":"<script> [1562 bytes]","args":[{"selector":{"id":"contractDetailReturnButton","viewName":"etm.portal.ui.managecontracts.view.Detail","interaction":{"idSuffix":"BDI-content"}},"wdio_ui5_key":"contractDetailReturnButtonetmportal.ui.managecontracts.view.Detail"}]}
RESULT: {"script":"<script> [1562 bytes]","args":[{"selector":{"id":"contractDetailReturnButton","viewName":"etm.portal.ui.managecontracts.view.Detail","interaction":{"idSuffix":"BDI-content"}},"wdio_ui5_key":"contractDetailReturnButtonetmportal.ui.managecontracts.view.Detail"}]}
RESULT: undefined
COMMAND: POST /session/8fa5e6a369088cc1a8b88ace459c7e54/element - {"using":"xpath","value":"//*[@id=\"__xmlview2--contractDetailReturnButton\"]"}
RESULT: {"using":"xpath","value":"//*[@id=\"__xmlview2--contractDetailReturnButton\"]"}
COMMAND: POST /session/8fa5e6a369088cc1a8b88ace459c7e54/element/f.9A359EC67B0A42D5197B3FB8A3231305.d.56E0839BA0C52658AC584BB68970BE25.e.11498/click - {}
RESULT: {}
COMMAND: POST /session/8fa5e6a369088cc1a8b88ace459c7e54/execute/async - {"script":"<script> [1562 bytes]","args":[{"selector":{"id":"application-managehandovers-display-component---AddNewHO--dueDate","interaction":{"idSuffix":"inner"}},"wdio_ui5_key":"applicationmanagehandovers-display-component---AddNewHO--dueDate"}]}
COMMAND: GET /session/8fa5e6a369088cc1a8b88ace459c7e54/screenshot - {}
RESULT: {"script":"<script> [1562 bytes]","args":[{"selector":{"id":"application-managehandovers-display-component---AddNewHO--dueDate","interaction":{"idSuffix":"inner"}},"wdio_ui5_key":"applicationmanagehandovers-display-component---AddNewHO--dueDate"}]}
RESULT: undefined
COMMAND: POST /session/8fa5e6a369088cc1a8b88ace459c7e54/execute/async - {"script":"<script> [776 bytes]","args":[{"enterText":"05/07/25","selector":{"id":"application-managehandovers-display-component---AddNewHO--dueDate","interaction":{"idSuffix":"inner"}},"clearTextFirst":true,"interactionType":"ENTER_TEXT"}]}
RESULT: {}
RESULT: {"script":"<script> [776 bytes]","args":[{"enterText":"05/07/25","selector":{"id":"application-managehandovers-display-component---AddNewHO--dueDate","interaction":{"idSuffix":"inner"}},"clearTextFirst":true,"interactionType":"ENTER_TEXT"}]}
COMMAND: POST /session/8fa5e6a369088cc1a8b88ace459c7e54/element - {"using":"xpath","value":"//bdi[contains(@id ,\"application-managehandovers-display-component---AddNewHO--ObjectPageLayout-anchBar-application-managehandovers-display-component---AddNewHO--section4-anchor-BDI-content\")]"}
RESULT: {"using":"xpath","value":"//bdi[contains(@id ,\"application-managehandovers-display-component---AddNewHO--ObjectPageLayout-anchBar-application-managehandovers-display-component---AddNewHO--section4-anchor-BDI-content\")]"}
COMMAND: POST /session/8fa5e6a369088cc1a8b88ace459c7e54/element/f.9A359EC67B0A42D5197B3FB8A3231305.d.56E0839BA0C52658AC584BB68970BE25.e.11918/click - {}
RESULT: {}
COMMAND: GET /session/8fa5e6a369088cc1a8b88ace459c7e54/screenshot - {}
RESULT: {}
COMMAND: POST /session/8fa5e6a369088cc1a8b88ace459c7e54/element - {"using":"xpath","value":"//button[contains(@data-kt ,\"AddNewHOProvideAddItemsButton\")]"}
RESULT: {"using":"xpath","value":"//button[contains(@data-kt ,\"AddNewHOProvideAddItemsButton\")]"}
COMMAND: POST /session/8fa5e6a369088cc1a8b88ace459c7e54/element/f.9A359EC67B0A42D5197B3FB8A3231305.d.56E0839BA0C52658AC584BB68970BE25.e.11715/click - {}
RESULT: {}
COMMAND: GET /session/8fa5e6a369088cc1a8b88ace459c7e54/screenshot - {}
RESULT: {}
COMMAND: POST /session/8fa5e6a369088cc1a8b88ace459c7e54/execute/async - {"script":"<script> [1562 bytes]","args":[{"selector":{"id":"application-managehandovers-display-component---AddNewHO--popup-sa","searchOpenDialogs":true,"interaction":{"idSuffix":"CbBg"}},"wdio_ui5_key":"applicationmanagehandovers-display-component---AddNewHO--popup-sa"}]}
RESULT: {"script":"<script> [1562 bytes]","args":[{"selector":{"id":"application-managehandovers-display-component---AddNewHO--popup-sa","searchOpenDialogs":true,"interaction":{"idSuffix":"CbBg"}},"wdio_ui5_key":"applicationmanagehandovers-display-component---AddNewHO--popup-sa"}]}
RESULT: undefined
COMMAND: POST /session/8fa5e6a369088cc1a8b88ace459c7e54/element - {"using":"xpath","value":"//*[@id=\"application-managehandovers-display-component---AddNewHO--popup-sa\"]"}
RESULT: {"using":"xpath","value":"//*[@id=\"application-managehandovers-display-component---AddNewHO--popup-sa\"]"}
COMMAND: POST /session/8fa5e6a369088cc1a8b88ace459c7e54/element/f.9A359EC67B0A42D5197B3FB8A3231305.d.56E0839BA0C52658AC584BB68970BE25.e.11931/click - {}
RESULT: {}
COMMAND: POST /session/8fa5e6a369088cc1a8b88ace459c7e54/execute/async - {"script":"<script> [1562 bytes]","args":[{"selector":{"controlType":"sap.m.Button","viewName":"etm.portal.ui.managehandovers.view.AddNewHO","viewId":"application-managehandovers-display-component---AddNewHO","i18NText":{"propertyName":"text","key":"select"},"searchOpenDialogs":true,"interaction":{"idSuffix":"BDI-content"}},"wdio_ui5_key":"etmportal.ui.managehandovers.view.AddNewHOsap.m.Button{\"propertyName\":\"text\",\"key\":\"select\"}"}]}
COMMAND: GET /session/8fa5e6a369088cc1a8b88ace459c7e54/screenshot - {}
RESULT: {"script":"<script> [1562 bytes]","args":[{"selector":{"controlType":"sap.m.Button","viewName":"etm.portal.ui.managehandovers.view.AddNewHO","viewId":"application-managehandovers-display-component---AddNewHO","i18NText":{"propertyName":"text","key":"select"},"searchOpenDialogs":true,"interaction":{"idSuffix":"BDI-content"}},"wdio_ui5_key":"etmportal.ui.managehandovers.view.AddNewHOsap.m.Button{\"propertyName\":\"text\",\"key\":\"select\"}"}]}
RESULT: undefined
COMMAND: POST /session/8fa5e6a369088cc1a8b88ace459c7e54/element - {"using":"xpath","value":"//*[@id=\"__button60\"]"}
RESULT: {}
RESULT: {"using":"xpath","value":"//*[@id=\"__button60\"]"}
COMMAND: POST /session/8fa5e6a369088cc1a8b88ace459c7e54/element/f.9A359EC67B0A42D5197B3FB8A3231305.d.56E0839BA0C52658AC584BB68970BE25.e.11934/click - {}
RESULT: {}
COMMAND: GET /session/8fa5e6a369088cc1a8b88ace459c7e54/screenshot - {}
RESULT: {}
COMMAND: POST /session/8fa5e6a369088cc1a8b88ace459c7e54/execute/async - {"script":"<script> [1562 bytes]","args":[{"selector":{"id":"application-managehandovers-display-component---AddNewHO--confirmCreationButton","interaction":{"idSuffix":"BDI-content"}},"wdio_ui5_key":"applicationmanagehandovers-display-component---AddNewHO--confirmCreationButton"}]}
RESULT: {"script":"<script> [1562 bytes]","args":[{"selector":{"id":"application-managehandovers-display-component---AddNewHO--confirmCreationButton","interaction":{"idSuffix":"BDI-content"}},"wdio_ui5_key":"applicationmanagehandovers-display-component---AddNewHO--confirmCreationButton"}]}
RESULT: undefined
COMMAND: POST /session/8fa5e6a369088cc1a8b88ace459c7e54/element - {"using":"xpath","value":"//*[@id=\"application-managehandovers-display-component---AddNewHO--confirmCreationButton\"]"}
RESULT: {"using":"xpath","value":"//*[@id=\"application-managehandovers-display-component---AddNewHO--confirmCreationButton\"]"}
COMMAND: POST /session/8fa5e6a369088cc1a8b88ace459c7e54/element/f.9A359EC67B0A42D5197B3FB8A3231305.d.56E0839BA0C52658AC584BB68970BE25.e.11722/click - {}
RESULT: {}
COMMAND: GET /session/8fa5e6a369088cc1a8b88ace459c7e54/screenshot - {}
RESULT: {}
COMMAND: POST /session/8fa5e6a369088cc1a8b88ace459c7e54/execute/async - {"script":"<script> [1562 bytes]","args":[{"selector":{"controlType":"sap.m.Text","viewName":"etm.portal.ui.managehandovers.view.DetailExecuteHO","bindingPath":{"propertyPath":"NO","modelName":"catalogModel"}},"wdio_ui5_key":"etmportal.ui.managehandovers.view.DetailExecuteHOsap.m.Text{\"propertyPath\":\"NO\",\"modelName\":\"catalogModel\"}"}]}
RESULT: {"script":"<script> [1562 bytes]","args":[{"selector":{"controlType":"sap.m.Text","viewName":"etm.portal.ui.managehandovers.view.DetailExecuteHO","bindingPath":{"propertyPath":"NO","modelName":"catalogModel"}},"wdio_ui5_key":"etmportal.ui.managehandovers.view.DetailExecuteHOsap.m.Text{\"propertyPath\":\"NO\",\"modelName\":\"catalogModel\"}"}]}
RESULT: undefined
COMMAND: POST /session/8fa5e6a369088cc1a8b88ace459c7e54/execute/async - {"script":"<script> [6424 bytes]","args":[{"element-6066-11e4-a52e-4f735466cecf":"f.9A359EC67B0A42D5197B3FB8A3231305.d.56E0839BA0C52658AC584BB68970BE25.e.11991"},"getText",[]]}
RESULT: {"script":"<script> [6424 bytes]","args":[{"element-6066-11e4-a52e-4f735466cecf":"f.9A359EC67B0A42D5197B3FB8A3231305.d.56E0839BA0C52658AC584BB68970BE25.e.11991"},"getText",[]]}
COMMAND: POST /session/8fa5e6a369088cc1a8b88ace459c7e54/element - {"using":"xpath","value":"//a[contains(@data-kt ,\"GeneralSectionSendContractLink\")]"}
RESULT: {"using":"xpath","value":"//a[contains(@data-kt ,\"GeneralSectionSendContractLink\")]"}
COMMAND: POST /session/8fa5e6a369088cc1a8b88ace459c7e54/element/f.9A359EC67B0A42D5197B3FB8A3231305.d.56E0839BA0C52658AC584BB68970BE25.e.11992/click - {}
RESULT: {}
COMMAND: GET /session/8fa5e6a369088cc1a8b88ace459c7e54/screenshot - {}
RESULT: {}
COMMAND: POST /session/8fa5e6a369088cc1a8b88ace459c7e54/element - {"using":"xpath","value":"//a[contains(@data-kt ,\"ContextMenuId2Link\")]"}
RESULT: {"using":"xpath","value":"//a[contains(@data-kt ,\"ContextMenuId2Link\")]"}
COMMAND: POST /session/8fa5e6a369088cc1a8b88ace459c7e54/elements - {"using":"xpath","value":"//a[contains(@data-kt ,\"ContextMenuId2Link\")]"}
RESULT: {"using":"xpath","value":"//a[contains(@data-kt ,\"ContextMenuId2Link\")]"}
COMMAND: POST /session/8fa5e6a369088cc1a8b88ace459c7e54/element/f.9A359EC67B0A42D5197B3FB8A3231305.d.56E0839BA0C52658AC584BB68970BE25.e.11995/click - {}
RESULT: {}
COMMAND: GET /session/8fa5e6a369088cc1a8b88ace459c7e54/screenshot - {}
RESULT: {}
COMMAND: POST /session/8fa5e6a369088cc1a8b88ace459c7e54/execute/async - {"script":"<script> [1562 bytes]","args":[{"selector":{"controlType":"sap.m.Link","viewName":"etm.portal.ui.managehandovers.view.DetailExecuteHO","properties":{"text":"Contract Overview"},"searchOpenDialogs":true},"wdio_ui5_key":"etmportal.ui.managehandovers.view.DetailExecuteHOsap.m.Link{\"text\":\"Contract Overview\"}"}]}
RESULT: {"script":"<script> [1562 bytes]","args":[{"selector":{"controlType":"sap.m.Link","viewName":"etm.portal.ui.managehandovers.view.DetailExecuteHO","properties":{"text":"Contract Overview"},"searchOpenDialogs":true},"wdio_ui5_key":"etmportal.ui.managehandovers.view.DetailExecuteHOsap.m.Link{\"text\":\"Contract Overview\"}"}]}
RESULT: undefined
RESULT: undefined
COMMAND: POST /session/8fa5e6a369088cc1a8b88ace459c7e54/execute/async - {"script":"<script> [6424 bytes]","args":[{"element-6066-11e4-a52e-4f735466cecf":"f.9A359EC67B0A42D5197B3FB8A3231305.d.56E0839BA0C52658AC584BB68970BE25.e.11596"},"getText",[]]}
COMMAND: POST /session/8fa5e6a369088cc1a8b88ace459c7e54/execute/async - {"script":"<script> [1562 bytes]","args":[{"selector":{"controlType":"sap.m.ObjectStatus","viewName":"etm.portal.ui.managecontracts.view.Detail","bindingPath":{"propertyPath":"LINK_TO_LOGISTICAL_STATUS/DESCRIPTION","modelName":"catalogModel"}},"wdio_ui5_key":"etmportal.ui.managecontracts.view.Detailsap.m.ObjectStatus{\"propertyPath\":\"LINK_TO_LOGISTICAL_STATUS/DESCRIPTION\",\"modelName\":\"catalogModel\"}"}]}
RESULT: {"script":"<script> [1562 bytes]","args":[{"selector":{"controlType":"sap.m.ObjectStatus","viewName":"etm.portal.ui.managecontracts.view.Detail","bindingPath":{"propertyPath":"LINK_TO_LOGISTICAL_STATUS/DESCRIPTION","modelName":"catalogModel"}},"wdio_ui5_key":"etmportal.ui.managecontracts.view.Detailsap.m.ObjectStatus{\"propertyPath\":\"LINK_TO_LOGISTICAL_STATUS/DESCRIPTION\",\"modelName\":\"catalogModel\"}"}]}
COMMAND: POST /session/8fa5e6a369088cc1a8b88ace459c7e54/execute/async - {"script":"<script> [6424 bytes]","args":[{"element-6066-11e4-a52e-4f735466cecf":"f.9A359EC67B0A42D5197B3FB8A3231305.d.56E0839BA0C52658AC584BB68970BE25.e.12218"},"getText",[]]}
RESULT: {"script":"<script> [6424 bytes]","args":[{"element-6066-11e4-a52e-4f735466cecf":"f.9A359EC67B0A42D5197B3FB8A3231305.d.56E0839BA0C52658AC584BB68970BE25.e.12218"},"getText",[]]}
RESULT: undefined
COMMAND: POST /session/8fa5e6a369088cc1a8b88ace459c7e54/execute/async - {"script":"<script> [6424 bytes]","args":[{"element-6066-11e4-a52e-4f735466cecf":"f.9A359EC67B0A42D5197B3FB8A3231305.d.56E0839BA0C52658AC584BB68970BE25.e.11597"},"getText",[]]}
COMMAND: POST /session/8fa5e6a369088cc1a8b88ace459c7e54/execute/async - {"script":"<script> [1562 bytes]","args":[{"selector":{"controlType":"sap.m.ObjectStatus","viewName":"etm.portal.ui.managecontracts.view.Detail","bindingPath":{"propertyPath":"LINK_TO_COMMERCIAL_STATUS/DESCRIPTION","modelName":"catalogModel"}},"wdio_ui5_key":"etmportal.ui.managecontracts.view.Detailsap.m.ObjectStatus{\"propertyPath\":\"LINK_TO_COMMERCIAL_STATUS/DESCRIPTION\",\"modelName\":\"catalogModel\"}"}]}
RESULT: {"script":"<script> [1562 bytes]","args":[{"selector":{"controlType":"sap.m.ObjectStatus","viewName":"etm.portal.ui.managecontracts.view.Detail","bindingPath":{"propertyPath":"LINK_TO_COMMERCIAL_STATUS/DESCRIPTION","modelName":"catalogModel"}},"wdio_ui5_key":"etmportal.ui.managecontracts.view.Detailsap.m.ObjectStatus{\"propertyPath\":\"LINK_TO_COMMERCIAL_STATUS/DESCRIPTION\",\"modelName\":\"catalogModel\"}"}]}
COMMAND: POST /session/8fa5e6a369088cc1a8b88ace459c7e54/execute/async - {"script":"<script> [6424 bytes]","args":[{"element-6066-11e4-a52e-4f735466cecf":"f.9A359EC67B0A42D5197B3FB8A3231305.d.56E0839BA0C52658AC584BB68970BE25.e.12219"},"getText",[]]}
RESULT: {"script":"<script> [6424 bytes]","args":[{"element-6066-11e4-a52e-4f735466cecf":"f.9A359EC67B0A42D5197B3FB8A3231305.d.56E0839BA0C52658AC584BB68970BE25.e.12219"},"getText",[]]}
COMMAND: POST /session/8fa5e6a369088cc1a8b88ace459c7e54/execute/async - {"script":"<script> [1562 bytes]","args":[{"selector":{"id":"backBtn"},"wdio_ui5_key":"backBtn"}]}
RESULT: {"script":"<script> [1562 bytes]","args":[{"selector":{"id":"backBtn"},"wdio_ui5_key":"backBtn"}]}
RESULT: undefined
COMMAND: POST /session/8fa5e6a369088cc1a8b88ace459c7e54/element - {"using":"xpath","value":"//*[@id=\"backBtn\"]"}
RESULT: {"using":"xpath","value":"//*[@id=\"backBtn\"]"}
COMMAND: POST /session/8fa5e6a369088cc1a8b88ace459c7e54/element/f.9A359EC67B0A42D5197B3FB8A3231305.d.56E0839BA0C52658AC584BB68970BE25.e.12220/click - {}
RESULT: {}
COMMAND: GET /session/8fa5e6a369088cc1a8b88ace459c7e54/screenshot - {}
COMMAND: POST /session/8fa5e6a369088cc1a8b88ace459c7e54/execute/async - {"script":"<script> [1562 bytes]","args":[{"selector":{"controlType":"sap.m.Button","viewName":"etm.portal.ui.managehandovers.view.DetailExecuteHO","i18NText":{"propertyName":"text","key":"confirmAll"},"interaction":{"idSuffix":"BDI-content"}},"wdio_ui5_key":"etmportal.ui.managehandovers.view.DetailExecuteHOsap.m.Button{\"propertyName\":\"text\",\"key\":\"confirmAll\"}"}]}
RESULT: {}
RESULT: {"script":"<script> [1562 bytes]","args":[{"selector":{"controlType":"sap.m.Button","viewName":"etm.portal.ui.managehandovers.view.DetailExecuteHO","i18NText":{"propertyName":"text","key":"confirmAll"},"interaction":{"idSuffix":"BDI-content"}},"wdio_ui5_key":"etmportal.ui.managehandovers.view.DetailExecuteHOsap.m.Button{\"propertyName\":\"text\",\"key\":\"confirmAll\"}"}]}
RESULT: undefined
COMMAND: POST /session/8fa5e6a369088cc1a8b88ace459c7e54/element - {"using":"xpath","value":"//*[@id=\"__button143\"]"}
RESULT: {"using":"xpath","value":"//*[@id=\"__button143\"]"}
COMMAND: POST /session/8fa5e6a369088cc1a8b88ace459c7e54/element/f.9A359EC67B0A42D5197B3FB8A3231305.d.56E0839BA0C52658AC584BB68970BE25.e.12528/click - {}
RESULT: {}
COMMAND: POST /session/8fa5e6a369088cc1a8b88ace459c7e54/execute/async - {"script":"<script> [1562 bytes]","args":[{"selector":{"controlType":"sap.m.Button","properties":{"text":"OK"},"searchOpenDialogs":true,"interaction":{"idSuffix":"BDI-content"}},"wdio_ui5_key":"sapm.Button{\"text\":\"OK\"}"}]}
COMMAND: GET /session/8fa5e6a369088cc1a8b88ace459c7e54/screenshot - {}
RESULT: {"script":"<script> [1562 bytes]","args":[{"selector":{"controlType":"sap.m.Button","properties":{"text":"OK"},"searchOpenDialogs":true,"interaction":{"idSuffix":"BDI-content"}},"wdio_ui5_key":"sapm.Button{\"text\":\"OK\"}"}]}
RESULT: undefined
COMMAND: POST /session/8fa5e6a369088cc1a8b88ace459c7e54/element - {"using":"xpath","value":"//*[@id=\"__mbox-btn-0\"]"}
RESULT: {}
RESULT: {"using":"xpath","value":"//*[@id=\"__mbox-btn-0\"]"}
COMMAND: POST /session/8fa5e6a369088cc1a8b88ace459c7e54/element/f.9A359EC67B0A42D5197B3FB8A3231305.d.56E0839BA0C52658AC584BB68970BE25.e.12529/click - {}
RESULT: {}
COMMAND: GET /session/8fa5e6a369088cc1a8b88ace459c7e54/screenshot - {}
RESULT: {}
COMMAND: POST /session/8fa5e6a369088cc1a8b88ace459c7e54/element - {"using":"xpath","value":"//button[contains(@data-kt ,\"execHoIssueFooterButton\")]"}
RESULT: {"using":"xpath","value":"//button[contains(@data-kt ,\"execHoIssueFooterButton\")]"}
COMMAND: POST /session/8fa5e6a369088cc1a8b88ace459c7e54/element/f.9A359EC67B0A42D5197B3FB8A3231305.d.56E0839BA0C52658AC584BB68970BE25.e.12533/click - {}
RESULT: {}
COMMAND: GET /session/8fa5e6a369088cc1a8b88ace459c7e54/screenshot - {}
RESULT: {}
COMMAND: POST /session/8fa5e6a369088cc1a8b88ace459c7e54/refresh - {}
RESULT: {}
COMMAND: GET /session/8fa5e6a369088cc1a8b88ace459c7e54/screenshot - {}
RESULT: {}
COMMAND: POST /session/8fa5e6a369088cc1a8b88ace459c7e54/refresh - {}
RESULT: {}
COMMAND: GET /session/8fa5e6a369088cc1a8b88ace459c7e54/screenshot - {}
RESULT: {}
COMMAND: POST /session/8fa5e6a369088cc1a8b88ace459c7e54/window/fullscreen - {}
RESULT: {}
COMMAND: POST /session/8fa5e6a369088cc1a8b88ace459c7e54/execute/async - {"script":"<script> [189 bytes]","args":[]}
RESULT: {"script":"<script> [189 bytes]","args":[]}
COMMAND: POST /session/8fa5e6a369088cc1a8b88ace459c7e54/execute/async - {"script":"<script> [123 bytes]","args":[]}
RESULT: {"script":"<script> [123 bytes]","args":[]}
COMMAND: POST /session/8fa5e6a369088cc1a8b88ace459c7e54/timeouts - {"script":"<number>"}
RESULT: {"script":"<number>"}
COMMAND: GET /session/8fa5e6a369088cc1a8b88ace459c7e54/timeouts - {}
RESULT: {}
RESULT: undefined
COMMAND: POST /session/8fa5e6a369088cc1a8b88ace459c7e54/execute/async - {"script":"<script> [2676 bytes]","args":[]}
RESULT: {"script":"<script> [2676 bytes]","args":[]}
COMMAND: POST /session/8fa5e6a369088cc1a8b88ace459c7e54/execute/async - {"script":"<script> [2342 bytes]","args":[{"protocol":"http","hostname":"0.0.0.0","path":"/","capabilities":{"browserName":"chrome","goog:chromeOptions":{"binary":"C:\\Program Files\\Google\\Chrome\\Application\\chrome.exe","args":["--start-maximized"]}},"logLevel":"warn","connectionRetryTimeout":120000,"connectionRetryCount":3,"logLevels":{},"enableDirectConnect":true,"strictSSL":true,"_":"65 more keys: [\"cacheDir\",\"port\",\"requestedCapabilities\",\"automationProtocol\",\"baseUrl\",\"waitforInterval\",\"waitforTimeout\",\"onReload\",\"beforeCommand\",\"afterCommand\",\"rootDir\",\"specs\",\"suites\",\"exclude\",\"groupLogsByTestSpec\",\"excludeDriverLogs\",\"bail\",\"framework\",\"reporters\",\"services\",\"maxInstances\",\"maxInstancesPerCapability\",\"injectGlobals\",\"filesToWatch\",\"execArgv\",\"runnerEnv\",\"runner\",\"shard\",\"specFileRetries\",\"specFileRetriesDelay\",\"specFileRetriesDeferred\",\"reporterSyncInterval\",\"reporterSyncTimeout\",\"cucumberFeaturesWithLineNumbers\",\"autoCompileOpts\",\"mochaOpts\",\"jasmineOpts\",\"cucumberOpts\",\"onPrepare\",\"onWorkerStart\",\"onWorkerEnd\",\"before\",\"beforeSession\",\"beforeSuite\",\"beforeHook\",\"beforeTest\",\"afterTest\",\"afterHook\",\"afterSuite\",\"afterSession\",\"after\",\"onComplete\",\"beforeAssertion\",\"afterAssertion\",\"beforeFeature\",\"beforeScenario\",\"beforeStep\",\"afterStep\",\"afterScenario\",\"afterFeature\",\"_\",\"suite\",\"$0\",\"ignoredWorkerServices\",\"wdi5\"]"}]}
RESULT: {"script":"<script> [2342 bytes]","args":[{"protocol":"http","hostname":"0.0.0.0","path":"/","capabilities":{"browserName":"chrome","goog:chromeOptions":{"binary":"C:\\Program Files\\Google\\Chrome\\Application\\chrome.exe","args":["--start-maximized"]}},"logLevel":"warn","connectionRetryTimeout":120000,"connectionRetryCount":3,"logLevels":{},"enableDirectConnect":true,"strictSSL":true,"_":"65 more keys: [\"cacheDir\",\"port\",\"requestedCapabilities\",\"automationProtocol\",\"baseUrl\",\"waitforInterval\",\"waitforTimeout\",\"onReload\",\"beforeCommand\",\"afterCommand\",\"rootDir\",\"specs\",\"suites\",\"exclude\",\"groupLogsByTestSpec\",\"excludeDriverLogs\",\"bail\",\"framework\",\"reporters\",\"services\",\"maxInstances\",\"maxInstancesPerCapability\",\"injectGlobals\",\"filesToWatch\",\"execArgv\",\"runnerEnv\",\"runner\",\"shard\",\"specFileRetries\",\"specFileRetriesDelay\",\"specFileRetriesDeferred\",\"reporterSyncInterval\",\"reporterSyncTimeout\",\"cucumberFeaturesWithLineNumbers\",\"autoCompileOpts\",\"mochaOpts\",\"jasmineOpts\",\"cucumberOpts\",\"onPrepare\",\"onWorkerStart\",\"onWorkerEnd\",\"before\",\"beforeSession\",\"beforeSuite\",\"beforeHook\",\"beforeTest\",\"afterTest\",\"afterHook\",\"afterSuite\",\"afterSession\",\"after\",\"onComplete\",\"beforeAssertion\",\"afterAssertion\",\"beforeFeature\",\"beforeScenario\",\"beforeStep\",\"afterStep\",\"afterScenario\",\"afterFeature\",\"_\",\"suite\",\"$0\",\"ignoredWorkerServices\",\"wdi5\"]"}]}
COMMAND: POST /session/8fa5e6a369088cc1a8b88ace459c7e54/execute/async - {"script":"<script> [21126 bytes]","args":[35000]}
RESULT: {"script":"<script> [21126 bytes]","args":[35000]}
COMMAND: POST /session/8fa5e6a369088cc1a8b88ace459c7e54/execute/async - {"script":"<script> [1562 bytes]","args":[{"selector":{"controlType":"sap.m.SearchField","viewName":"etm.portal.ui.managehandovers.view.MasterHO","bindingPath":{"path":"","propertyPath":"/_BASIC_SEARCH_FIELD","modelName":"fi1t3rM0d31"},"interaction":{"idSuffix":"I"}},"wdio_ui5_key":"etmportal.ui.managehandovers.view.MasterHOsap.m.SearchField{\"path\":\"\",\"propertyPath\":\"/_BASIC_SEARCH_FIELD\",\"modelName\":\"fi1t3rM0d31\"}"}]}
RESULT: {"script":"<script> [1562 bytes]","args":[{"selector":{"controlType":"sap.m.SearchField","viewName":"etm.portal.ui.managehandovers.view.MasterHO","bindingPath":{"path":"","propertyPath":"/_BASIC_SEARCH_FIELD","modelName":"fi1t3rM0d31"},"interaction":{"idSuffix":"I"}},"wdio_ui5_key":"etmportal.ui.managehandovers.view.MasterHOsap.m.SearchField{\"path\":\"\",\"propertyPath\":\"/_BASIC_SEARCH_FIELD\",\"modelName\":\"fi1t3rM0d31\"}"}]}
RESULT: undefined
COMMAND: POST /session/8fa5e6a369088cc1a8b88ace459c7e54/execute/async - {"script":"<script> [776 bytes]","args":[{"enterText":"30946","selector":{"controlType":"sap.m.SearchField","viewName":"etm.portal.ui.managehandovers.view.MasterHO","bindingPath":{"path":"","propertyPath":"/_BASIC_SEARCH_FIELD","modelName":"fi1t3rM0d31"},"interaction":{"idSuffix":"I"}},"clearTextFirst":true,"interactionType":"ENTER_TEXT"}]}
RESULT: {"script":"<script> [776 bytes]","args":[{"enterText":"30946","selector":{"controlType":"sap.m.SearchField","viewName":"etm.portal.ui.managehandovers.view.MasterHO","bindingPath":{"path":"","propertyPath":"/_BASIC_SEARCH_FIELD","modelName":"fi1t3rM0d31"},"interaction":{"idSuffix":"I"}},"clearTextFirst":true,"interactionType":"ENTER_TEXT"}]}
COMMAND: POST /session/8fa5e6a369088cc1a8b88ace459c7e54/actions - {"actions":[{"id":"action28","type":"key","parameters":{},"actions":[{"type":"keyDown","value":"î€‡"},{"type":"pause","duration":10},{"type":"keyUp","value":"î€‡"}]}]}
RESULT: {"actions":[{"id":"action28","type":"key","parameters":{},"actions":[{"type":"keyDown","value":"î€‡"},{"type":"pause","duration":10},{"type":"keyUp","value":"î€‡"}]}]}
COMMAND: GET /session/8fa5e6a369088cc1a8b88ace459c7e54/screenshot - {}
RESULT: {}
COMMAND: POST /session/8fa5e6a369088cc1a8b88ace459c7e54/execute/async - {"script":"<script> [1562 bytes]","args":[{"selector":{"controlType":"sap.m.Title","viewName":"etm.portal.ui.managehandovers.view.MasterHO","properties":{"text":"Records (1)"}},"wdio_ui5_key":"etmportal.ui.managehandovers.view.MasterHOsap.m.Title{\"text\":\"Records (1)\"}"}]}
RESULT: {"script":"<script> [1562 bytes]","args":[{"selector":{"controlType":"sap.m.Title","viewName":"etm.portal.ui.managehandovers.view.MasterHO","properties":{"text":"Records (1)"}},"wdio_ui5_key":"etmportal.ui.managehandovers.view.MasterHOsap.m.Title{\"text\":\"Records (1)\"}"}]}
RESULT: undefined
COMMAND: POST /session/8fa5e6a369088cc1a8b88ace459c7e54/execute/async - {"script":"<script> [6424 bytes]","args":[{"element-6066-11e4-a52e-4f735466cecf":"f.9A359EC67B0A42D5197B3FB8A3231305.d.9830177920EE91D1B57F226BBF8AA743.e.12709"},"getText",[]]}
RESULT: {"script":"<script> [6424 bytes]","args":[{"element-6066-11e4-a52e-4f735466cecf":"f.9A359EC67B0A42D5197B3FB8A3231305.d.9830177920EE91D1B57F226BBF8AA743.e.12709"},"getText",[]]}
COMMAND: POST /session/8fa5e6a369088cc1a8b88ace459c7e54/execute/async - {"script":"<script> [1562 bytes]","args":[{"selector":{"controlType":"sap.ui.core.Icon","viewName":"etm.portal.ui.managehandovers.view.MasterHO","properties":{"src":{"regex":{"source":"slim\\-arrow\\-right"}}}},"wdio_ui5_key":"etmportal.ui.managehandovers.view.MasterHOsap.ui.core.Icon{\"src\":{\"regex\":{\"source\":\"slim\\\\-arrow\\\\-right\"}}}"}]}
RESULT: {"script":"<script> [1562 bytes]","args":[{"selector":{"controlType":"sap.ui.core.Icon","viewName":"etm.portal.ui.managehandovers.view.MasterHO","properties":{"src":{"regex":{"source":"slim\\-arrow\\-right"}}}},"wdio_ui5_key":"etmportal.ui.managehandovers.view.MasterHOsap.ui.core.Icon{\"src\":{\"regex\":{\"source\":\"slim\\\\-arrow\\\\-right\"}}}"}]}
RESULT: undefined
COMMAND: POST /session/8fa5e6a369088cc1a8b88ace459c7e54/element - {"using":"xpath","value":"//*[@id=\"__item20-__clone16-imgNav\"]"}
RESULT: {"using":"xpath","value":"//*[@id=\"__item20-__clone16-imgNav\"]"}
COMMAND: POST /session/8fa5e6a369088cc1a8b88ace459c7e54/element/f.9A359EC67B0A42D5197B3FB8A3231305.d.9830177920EE91D1B57F226BBF8AA743.e.12708/click - {}
RESULT: {}
COMMAND: GET /session/8fa5e6a369088cc1a8b88ace459c7e54/screenshot - {}
RESULT: {}
COMMAND: POST /session/8fa5e6a369088cc1a8b88ace459c7e54/execute/async - {"script":"<script> [1562 bytes]","args":[{"selector":{"controlType":"sap.m.ObjectStatus","viewName":"etm.portal.ui.managehandovers.view.DetailManageHO","viewId":"application-managehandovers-display-component---detailManageHO","labelFor":{"text":"Status"}},"wdio_ui5_key":"etmportal.ui.managehandovers.view.DetailManageHOsap.m.ObjectStatus{\"text\":\"Status\"}"}]}
RESULT: {"script":"<script> [1562 bytes]","args":[{"selector":{"controlType":"sap.m.ObjectStatus","viewName":"etm.portal.ui.managehandovers.view.DetailManageHO","viewId":"application-managehandovers-display-component---detailManageHO","labelFor":{"text":"Status"}},"wdio_ui5_key":"etmportal.ui.managehandovers.view.DetailManageHOsap.m.ObjectStatus{\"text\":\"Status\"}"}]}
RESULT: undefined
COMMAND: POST /session/8fa5e6a369088cc1a8b88ace459c7e54/execute/async - {"script":"<script> [6424 bytes]","args":[{"element-6066-11e4-a52e-4f735466cecf":"f.9A359EC67B0A42D5197B3FB8A3231305.d.9830177920EE91D1B57F226BBF8AA743.e.12802"},"getText",[]]}
RESULT: {"script":"<script> [6424 bytes]","args":[{"element-6066-11e4-a52e-4f735466cecf":"f.9A359EC67B0A42D5197B3FB8A3231305.d.9830177920EE91D1B57F226BBF8AA743.e.12802"},"getText",[]]}
COMMAND: POST /session/8fa5e6a369088cc1a8b88ace459c7e54/element - {"using":"xpath","value":"//a[contains(@data-kt ,\"GeneralSectionSendContractLink\")]"}
RESULT: {"using":"xpath","value":"//a[contains(@data-kt ,\"GeneralSectionSendContractLink\")]"}
COMMAND: POST /session/8fa5e6a369088cc1a8b88ace459c7e54/element/f.9A359EC67B0A42D5197B3FB8A3231305.d.9830177920EE91D1B57F226BBF8AA743.e.12803/click - {}
RESULT: {}
COMMAND: GET /session/8fa5e6a369088cc1a8b88ace459c7e54/screenshot - {}
RESULT: {}
COMMAND: POST /session/8fa5e6a369088cc1a8b88ace459c7e54/elements - {"using":"xpath","value":"//a[contains(@data-kt ,\"ContextMenuId2Link\")]"}
RESULT: {"using":"xpath","value":"//a[contains(@data-kt ,\"ContextMenuId2Link\")]"}
COMMAND: POST /session/8fa5e6a369088cc1a8b88ace459c7e54/element/f.9A359EC67B0A42D5197B3FB8A3231305.d.56E0839BA0C52658AC584BB68970BE25.e.11995/click - {}
COMMAND: POST /session/8fa5e6a369088cc1a8b88ace459c7e54/element - {"using":"xpath","value":"//a[contains(@data-kt ,\"ContextMenuId2Link\")]"}
RESULT: {"using":"xpath","value":"//a[contains(@data-kt ,\"ContextMenuId2Link\")]"}
COMMAND: POST /session/8fa5e6a369088cc1a8b88ace459c7e54/element/f.9A359EC67B0A42D5197B3FB8A3231305.d.56E0839BA0C52658AC584BB68970BE25.e.11995/click - {}
COMMAND: POST /session/8fa5e6a369088cc1a8b88ace459c7e54/element - {"using":"xpath","value":"//a[contains(@data-kt ,\"ContextMenuId2Link\")]"}
RESULT: {"using":"xpath","value":"//a[contains(@data-kt ,\"ContextMenuId2Link\")]"}
COMMAND: POST /session/8fa5e6a369088cc1a8b88ace459c7e54/element/f.9A359EC67B0A42D5197B3FB8A3231305.d.9830177920EE91D1B57F226BBF8AA743.e.12806/click - {}
RESULT: {}
COMMAND: GET /session/8fa5e6a369088cc1a8b88ace459c7e54/screenshot - {}
RESULT: {}
COMMAND: POST /session/8fa5e6a369088cc1a8b88ace459c7e54/execute/async - {"script":"<script> [1562 bytes]","args":[{"selector":{"controlType":"sap.m.ObjectStatus","viewName":"etm.portal.ui.managecontracts.view.Detail","bindingPath":{"propertyPath":"LINK_TO_COMMERCIAL_STATUS/DESCRIPTION","modelName":"catalogModel"}},"wdio_ui5_key":"etmportal.ui.managecontracts.view.Detailsap.m.ObjectStatus{\"propertyPath\":\"LINK_TO_COMMERCIAL_STATUS/DESCRIPTION\",\"modelName\":\"catalogModel\"}"}]}
RESULT: {"script":"<script> [1562 bytes]","args":[{"selector":{"controlType":"sap.m.ObjectStatus","viewName":"etm.portal.ui.managecontracts.view.Detail","bindingPath":{"propertyPath":"LINK_TO_COMMERCIAL_STATUS/DESCRIPTION","modelName":"catalogModel"}},"wdio_ui5_key":"etmportal.ui.managecontracts.view.Detailsap.m.ObjectStatus{\"propertyPath\":\"LINK_TO_COMMERCIAL_STATUS/DESCRIPTION\",\"modelName\":\"catalogModel\"}"}]}
RESULT: undefined
COMMAND: POST /session/8fa5e6a369088cc1a8b88ace459c7e54/execute/async - {"script":"<script> [6424 bytes]","args":[{"element-6066-11e4-a52e-4f735466cecf":"f.9A359EC67B0A42D5197B3FB8A3231305.d.9830177920EE91D1B57F226BBF8AA743.e.13003"},"getText",[]]}
RESULT: {"script":"<script> [6424 bytes]","args":[{"element-6066-11e4-a52e-4f735466cecf":"f.9A359EC67B0A42D5197B3FB8A3231305.d.9830177920EE91D1B57F226BBF8AA743.e.13003"},"getText",[]]}
COMMAND: POST /session/8fa5e6a369088cc1a8b88ace459c7e54/execute/async - {"script":"<script> [1562 bytes]","args":[{"selector":{"controlType":"sap.m.ObjectStatus","viewName":"etm.portal.ui.managecontracts.view.Detail","bindingPath":{"propertyPath":"LINK_TO_LOGISTICAL_STATUS/DESCRIPTION","modelName":"catalogModel"}},"wdio_ui5_key":"etmportal.ui.managecontracts.view.Detailsap.m.ObjectStatus{\"propertyPath\":\"LINK_TO_LOGISTICAL_STATUS/DESCRIPTION\",\"modelName\":\"catalogModel\"}"}]}
RESULT: {"script":"<script> [1562 bytes]","args":[{"selector":{"controlType":"sap.m.ObjectStatus","viewName":"etm.portal.ui.managecontracts.view.Detail","bindingPath":{"propertyPath":"LINK_TO_LOGISTICAL_STATUS/DESCRIPTION","modelName":"catalogModel"}},"wdio_ui5_key":"etmportal.ui.managecontracts.view.Detailsap.m.ObjectStatus{\"propertyPath\":\"LINK_TO_LOGISTICAL_STATUS/DESCRIPTION\",\"modelName\":\"catalogModel\"}"}]}
RESULT: undefined
COMMAND: POST /session/8fa5e6a369088cc1a8b88ace459c7e54/execute/async - {"script":"<script> [6424 bytes]","args":[{"element-6066-11e4-a52e-4f735466cecf":"f.9A359EC67B0A42D5197B3FB8A3231305.d.9830177920EE91D1B57F226BBF8AA743.e.13004"},"getText",[]]}
RESULT: {"script":"<script> [6424 bytes]","args":[{"element-6066-11e4-a52e-4f735466cecf":"f.9A359EC67B0A42D5197B3FB8A3231305.d.9830177920EE91D1B57F226BBF8AA743.e.13004"},"getText",[]]}
COMMAND: POST /session/8fa5e6a369088cc1a8b88ace459c7e54/element - {"using":"xpath","value":"//button[@data-kt=\"contractDetailEditBtnButton\"]"}
RESULT: {"using":"xpath","value":"//button[@data-kt=\"contractDetailEditBtnButton\"]"}
COMMAND: POST /session/8fa5e6a369088cc1a8b88ace459c7e54/element/f.9A359EC67B0A42D5197B3FB8A3231305.d.9830177920EE91D1B57F226BBF8AA743.e.13005/click - {}
RESULT: {}
COMMAND: GET /session/8fa5e6a369088cc1a8b88ace459c7e54/screenshot - {}
RESULT: {}
COMMAND: POST /session/8fa5e6a369088cc1a8b88ace459c7e54/element - {"using":"xpath","value":"(//span[contains(text(), \"Additional Addresses\")])[2]"}
RESULT: {"using":"xpath","value":"(//span[contains(text(), \"Additional Addresses\")])[2]"}
COMMAND: POST /session/8fa5e6a369088cc1a8b88ace459c7e54/element/f.9A359EC67B0A42D5197B3FB8A3231305.d.9830177920EE91D1B57F226BBF8AA743.e.13067/click - {}
RESULT: {}
COMMAND: GET /session/8fa5e6a369088cc1a8b88ace459c7e54/screenshot - {}
RESULT: {}
COMMAND: POST /session/8fa5e6a369088cc1a8b88ace459c7e54/element - {"using":"xpath","value":"//button[@data-kt=\"btnAddTableRowOverflowToolbarButton\"]"}
RESULT: {"using":"xpath","value":"//button[@data-kt=\"btnAddTableRowOverflowToolbarButton\"]"}
COMMAND: POST /session/8fa5e6a369088cc1a8b88ace459c7e54/element/f.9A359EC67B0A42D5197B3FB8A3231305.d.9830177920EE91D1B57F226BBF8AA743.e.13069/click - {}
RESULT: {}
COMMAND: GET /session/8fa5e6a369088cc1a8b88ace459c7e54/screenshot - {}
RESULT: {}
COMMAND: POST /session/8fa5e6a369088cc1a8b88ace459c7e54/element - {"using":"xpath","value":"//div[(text() = 'Standard Entry' or . = 'Standard Entry')]"}
RESULT: {"using":"xpath","value":"//div[(text() = 'Standard Entry' or . = 'Standard Entry')]"}
COMMAND: POST /session/8fa5e6a369088cc1a8b88ace459c7e54/element/f.9A359EC67B0A42D5197B3FB8A3231305.d.9830177920EE91D1B57F226BBF8AA743.e.13071/click - {}
RESULT: {}
COMMAND: POST /session/8fa5e6a369088cc1a8b88ace459c7e54/execute/async - {"script":"<script> [1562 bytes]","args":[{"selector":{"controlType":"sap.ui.core.Icon","viewName":"etm.portal.ui.managecontracts.view.EditContract","properties":{"src":{"regex":{"source":"slim\\-arrow\\-down"}}},"ancestor":{"controlType":"sap.m.ComboBox","viewName":"etm.portal.ui.managecontracts.view.EditContract","bindingPath":{"propertyPath":"RU_TYPE","modelName":"catalogModel"}}},"wdio_ui5_key":"etmportal.ui.managecontracts.view.EditContractsap.ui.core.Icon{\"src\":{\"regex\":{\"source\":\"slim\\\\-arrow\\\\-down\"}}}{\"controlType\":\"sap.m.ComboBox\",\"viewName\":\"etm.portal.ui.managecontracts.view.EditContract\",\"bindingPath\":{\"propertyPath\":\"RU_TYPE\",\"modelName\":\"catalogModel\"}}"}]}
COMMAND: GET /session/8fa5e6a369088cc1a8b88ace459c7e54/screenshot - {}
RESULT: {"script":"<script> [1562 bytes]","args":[{"selector":{"controlType":"sap.ui.core.Icon","viewName":"etm.portal.ui.managecontracts.view.EditContract","properties":{"src":{"regex":{"source":"slim\\-arrow\\-down"}}},"ancestor":{"controlType":"sap.m.ComboBox","viewName":"etm.portal.ui.managecontracts.view.EditContract","bindingPath":{"propertyPath":"RU_TYPE","modelName":"catalogModel"}}},"wdio_ui5_key":"etmportal.ui.managecontracts.view.EditContractsap.ui.core.Icon{\"src\":{\"regex\":{\"source\":\"slim\\\\-arrow\\\\-down\"}}}{\"controlType\":\"sap.m.ComboBox\",\"viewName\":\"etm.portal.ui.managecontracts.view.EditContract\",\"bindingPath\":{\"propertyPath\":\"RU_TYPE\",\"modelName\":\"catalogModel\"}}"}]}
RESULT: undefined
COMMAND: POST /session/8fa5e6a369088cc1a8b88ace459c7e54/element - {"using":"xpath","value":"//*[@id=\"__box20-arrow\"]"}
RESULT: {}
RESULT: {"using":"xpath","value":"//*[@id=\"__box20-arrow\"]"}
COMMAND: POST /session/8fa5e6a369088cc1a8b88ace459c7e54/element/f.9A359EC67B0A42D5197B3FB8A3231305.d.9830177920EE91D1B57F226BBF8AA743.e.13086/click - {}
RESULT: {}
COMMAND: POST /session/8fa5e6a369088cc1a8b88ace459c7e54/execute/async - {"script":"<script> [1562 bytes]","args":[{"selector":{"controlType":"sap.m.StandardListItem","viewName":"etm.portal.ui.managecontracts.view.EditContract","properties":{"title":"Material"},"searchOpenDialogs":true,"interaction":{"idSuffix":"content"}},"wdio_ui5_key":"etmportal.ui.managecontracts.view.EditContractsap.m.StandardListItem{\"title\":\"Material\"}"}]}
COMMAND: GET /session/8fa5e6a369088cc1a8b88ace459c7e54/screenshot - {}
RESULT: {"script":"<script> [1562 bytes]","args":[{"selector":{"controlType":"sap.m.StandardListItem","viewName":"etm.portal.ui.managecontracts.view.EditContract","properties":{"title":"Material"},"searchOpenDialogs":true,"interaction":{"idSuffix":"content"}},"wdio_ui5_key":"etmportal.ui.managecontracts.view.EditContractsap.m.StandardListItem{\"title\":\"Material\"}"}]}
RESULT: undefined
COMMAND: POST /session/8fa5e6a369088cc1a8b88ace459c7e54/element - {"using":"xpath","value":"//*[@id=\"__item96\"]"}
RESULT: {}
RESULT: {"using":"xpath","value":"//*[@id=\"__item96\"]"}
COMMAND: POST /session/8fa5e6a369088cc1a8b88ace459c7e54/element/f.9A359EC67B0A42D5197B3FB8A3231305.d.9830177920EE91D1B57F226BBF8AA743.e.13089/click - {}
RESULT: {}
COMMAND: POST /session/8fa5e6a369088cc1a8b88ace459c7e54/element - {"using":"xpath","value":"//td[7]/div/div/input"}
COMMAND: GET /session/8fa5e6a369088cc1a8b88ace459c7e54/screenshot - {}
RESULT: {"using":"xpath","value":"//td[7]/div/div/input"}
COMMAND: POST /session/8fa5e6a369088cc1a8b88ace459c7e54/element/f.9A359EC67B0A42D5197B3FB8A3231305.d.9830177920EE91D1B57F226BBF8AA743.e.13092/clear - {}
RESULT: {}
RESULT: {}
COMMAND: POST /session/8fa5e6a369088cc1a8b88ace459c7e54/element/f.9A359EC67B0A42D5197B3FB8A3231305.d.9830177920EE91D1B57F226BBF8AA743.e.13092/value - {"text":"WebdriverRUR2Cpmpx5h"}
COMMAND: GET /session/8fa5e6a369088cc1a8b88ace459c7e54/screenshot - {}
RESULT: {"text":"WebdriverRUR2Cpmpx5h"}
COMMAND: GET /session/8fa5e6a369088cc1a8b88ace459c7e54/screenshot - {}
RESULT: {}
RESULT: {}
COMMAND: POST /session/8fa5e6a369088cc1a8b88ace459c7e54/actions - {"actions":[{"id":"action29","type":"key","parameters":{},"actions":[{"type":"keyDown","value":"î€‡"},{"type":"pause","duration":10},{"type":"keyUp","value":"î€‡"}]}]}
RESULT: {"actions":[{"id":"action29","type":"key","parameters":{},"actions":[{"type":"keyDown","value":"î€‡"},{"type":"pause","duration":10},{"type":"keyUp","value":"î€‡"}]}]}
COMMAND: GET /session/8fa5e6a369088cc1a8b88ace459c7e54/screenshot - {}
RESULT: {}
COMMAND: POST /session/8fa5e6a369088cc1a8b88ace459c7e54/element - {"using":"xpath","value":"//button[@data-kt=\"saveButton\"]"}
RESULT: {"using":"xpath","value":"//button[@data-kt=\"saveButton\"]"}
COMMAND: POST /session/8fa5e6a369088cc1a8b88ace459c7e54/element/f.9A359EC67B0A42D5197B3FB8A3231305.d.9830177920EE91D1B57F226BBF8AA743.e.13115/click - {}
RESULT: {}
COMMAND: GET /session/8fa5e6a369088cc1a8b88ace459c7e54/screenshot - {}
RESULT: {}
RESULT: undefined
COMMAND: POST /session/8fa5e6a369088cc1a8b88ace459c7e54/execute/async - {"script":"<script> [6424 bytes]","args":[{"element-6066-11e4-a52e-4f735466cecf":"f.9A359EC67B0A42D5197B3FB8A3231305.d.9830177920EE91D1B57F226BBF8AA743.e.13004"},"getText",[]]}
RESULT: {"script":"<script> [6424 bytes]","args":[{"element-6066-11e4-a52e-4f735466cecf":"f.9A359EC67B0A42D5197B3FB8A3231305.d.9830177920EE91D1B57F226BBF8AA743.e.13004"},"getText",[]]}
COMMAND: DELETE /session/8fa5e6a369088cc1a8b88ace459c7e54 - {}
RESULT: {}
]]></system-out>
    </testcase>
  </testsuite>
</testsuites>