<?xml version="1.0" encoding="UTF-8"?>
<testsuites tests="21" failures="0" errors="0" skipped="0">
  <testsuite timestamp="2025-05-13T17:00:39" time="436.474" tests="3" failures="0" errors="0" skipped="0">
    <properties>
      <property name="specId" value="0" />
      <property name="suiteName" value="Create condition pricing US117289 US134625" />
      <property name="capabilities" value="chrome.136_0_7103_49.windows" />
      <property name="file" value="file:///D:/a/1/s/test/specs/BTS/create-condition-pricing.spec.js" />
    </properties>
    <testcase classname="chrome.136_0_7103_49.windows.Create_condition_pricing_US117289_US134625" name="Should create a new yard used for all following tests" time="134.734">
      <system-out><![CDATA[
COMMAND: POST /session/fd4fa187b6d5c7f0700d354917c8944f/window/fullscreen - {}
RESULT: {}
COMMAND: POST /session/fd4fa187b6d5c7f0700d354917c8944f/execute/async - {"script":"<script> [1562 bytes]","args":[{"selector":{"controlType":"sap.m.GenericTile","properties":{"header":"Manage Yards"}},"wdio_ui5_key":"sapm.GenericTile{\"header\":\"Manage Yards\"}"}]}
RESULT: {"script":"<script> [1562 bytes]","args":[{"selector":{"controlType":"sap.m.GenericTile","properties":{"header":"Manage Yards"}},"wdio_ui5_key":"sapm.GenericTile{\"header\":\"Manage Yards\"}"}]}
RESULT: undefined
COMMAND: POST /session/fd4fa187b6d5c7f0700d354917c8944f/element - {"using":"xpath","value":"//*[@id=\"__tile41\"]"}
RESULT: {"using":"xpath","value":"//*[@id=\"__tile41\"]"}
COMMAND: POST /session/fd4fa187b6d5c7f0700d354917c8944f/element/f.74186A8BE651698372F974E5DA594C48.d.F6DF82751DC90FFF65A8147CD05A9533.e.152/click - {}
RESULT: {}
COMMAND: POST /session/fd4fa187b6d5c7f0700d354917c8944f/element - {"using":"xpath","value":"//button[@data-kt=\"addNewYardOverflowToolbarButton\"]"}
COMMAND: GET /session/fd4fa187b6d5c7f0700d354917c8944f/screenshot - {}
RESULT: {"using":"xpath","value":"//button[@data-kt=\"addNewYardOverflowToolbarButton\"]"}
COMMAND: POST /session/fd4fa187b6d5c7f0700d354917c8944f/elements - {"using":"xpath","value":"//button[@data-kt=\"addNewYardOverflowToolbarButton\"]"}
RESULT: {}
RESULT: {"using":"xpath","value":"//button[@data-kt=\"addNewYardOverflowToolbarButton\"]"}
COMMAND: POST /session/fd4fa187b6d5c7f0700d354917c8944f/elements - {"using":"xpath","value":"//button[@data-kt=\"addNewYardOverflowToolbarButton\"]"}
RESULT: {"using":"xpath","value":"//button[@data-kt=\"addNewYardOverflowToolbarButton\"]"}
COMMAND: POST /session/fd4fa187b6d5c7f0700d354917c8944f/elements - {"using":"xpath","value":"//button[@data-kt=\"addNewYardOverflowToolbarButton\"]"}
RESULT: {"using":"xpath","value":"//button[@data-kt=\"addNewYardOverflowToolbarButton\"]"}
COMMAND: POST /session/fd4fa187b6d5c7f0700d354917c8944f/elements - {"using":"xpath","value":"//button[@data-kt=\"addNewYardOverflowToolbarButton\"]"}
RESULT: {"using":"xpath","value":"//button[@data-kt=\"addNewYardOverflowToolbarButton\"]"}
COMMAND: POST /session/fd4fa187b6d5c7f0700d354917c8944f/elements - {"using":"xpath","value":"//button[@data-kt=\"addNewYardOverflowToolbarButton\"]"}
RESULT: {"using":"xpath","value":"//button[@data-kt=\"addNewYardOverflowToolbarButton\"]"}
COMMAND: POST /session/fd4fa187b6d5c7f0700d354917c8944f/elements - {"using":"xpath","value":"//button[@data-kt=\"addNewYardOverflowToolbarButton\"]"}
RESULT: {"using":"xpath","value":"//button[@data-kt=\"addNewYardOverflowToolbarButton\"]"}
COMMAND: POST /session/fd4fa187b6d5c7f0700d354917c8944f/elements - {"using":"xpath","value":"//button[@data-kt=\"addNewYardOverflowToolbarButton\"]"}
RESULT: {"using":"xpath","value":"//button[@data-kt=\"addNewYardOverflowToolbarButton\"]"}
COMMAND: POST /session/fd4fa187b6d5c7f0700d354917c8944f/elements - {"using":"xpath","value":"//button[@data-kt=\"addNewYardOverflowToolbarButton\"]"}
RESULT: {"using":"xpath","value":"//button[@data-kt=\"addNewYardOverflowToolbarButton\"]"}
COMMAND: POST /session/fd4fa187b6d5c7f0700d354917c8944f/elements - {"using":"xpath","value":"//button[@data-kt=\"addNewYardOverflowToolbarButton\"]"}
RESULT: {"using":"xpath","value":"//button[@data-kt=\"addNewYardOverflowToolbarButton\"]"}
COMMAND: POST /session/fd4fa187b6d5c7f0700d354917c8944f/elements - {"using":"xpath","value":"//button[@data-kt=\"addNewYardOverflowToolbarButton\"]"}
RESULT: {"using":"xpath","value":"//button[@data-kt=\"addNewYardOverflowToolbarButton\"]"}
COMMAND: POST /session/fd4fa187b6d5c7f0700d354917c8944f/elements - {"using":"xpath","value":"//button[@data-kt=\"addNewYardOverflowToolbarButton\"]"}
RESULT: {"using":"xpath","value":"//button[@data-kt=\"addNewYardOverflowToolbarButton\"]"}
COMMAND: POST /session/fd4fa187b6d5c7f0700d354917c8944f/elements - {"using":"xpath","value":"//button[@data-kt=\"addNewYardOverflowToolbarButton\"]"}
RESULT: {"using":"xpath","value":"//button[@data-kt=\"addNewYardOverflowToolbarButton\"]"}
COMMAND: POST /session/fd4fa187b6d5c7f0700d354917c8944f/elements - {"using":"xpath","value":"//button[@data-kt=\"addNewYardOverflowToolbarButton\"]"}
RESULT: {"using":"xpath","value":"//button[@data-kt=\"addNewYardOverflowToolbarButton\"]"}
COMMAND: POST /session/fd4fa187b6d5c7f0700d354917c8944f/elements - {"using":"xpath","value":"//button[@data-kt=\"addNewYardOverflowToolbarButton\"]"}
RESULT: {"using":"xpath","value":"//button[@data-kt=\"addNewYardOverflowToolbarButton\"]"}
COMMAND: POST /session/fd4fa187b6d5c7f0700d354917c8944f/elements - {"using":"xpath","value":"//button[@data-kt=\"addNewYardOverflowToolbarButton\"]"}
RESULT: {"using":"xpath","value":"//button[@data-kt=\"addNewYardOverflowToolbarButton\"]"}
COMMAND: POST /session/fd4fa187b6d5c7f0700d354917c8944f/elements - {"using":"xpath","value":"//button[@data-kt=\"addNewYardOverflowToolbarButton\"]"}
RESULT: {"using":"xpath","value":"//button[@data-kt=\"addNewYardOverflowToolbarButton\"]"}
COMMAND: POST /session/fd4fa187b6d5c7f0700d354917c8944f/elements - {"using":"xpath","value":"//button[@data-kt=\"addNewYardOverflowToolbarButton\"]"}
RESULT: {"using":"xpath","value":"//button[@data-kt=\"addNewYardOverflowToolbarButton\"]"}
COMMAND: POST /session/fd4fa187b6d5c7f0700d354917c8944f/elements - {"using":"xpath","value":"//button[@data-kt=\"addNewYardOverflowToolbarButton\"]"}
RESULT: {"using":"xpath","value":"//button[@data-kt=\"addNewYardOverflowToolbarButton\"]"}
COMMAND: POST /session/fd4fa187b6d5c7f0700d354917c8944f/elements - {"using":"xpath","value":"//button[@data-kt=\"addNewYardOverflowToolbarButton\"]"}
RESULT: {"using":"xpath","value":"//button[@data-kt=\"addNewYardOverflowToolbarButton\"]"}
COMMAND: POST /session/fd4fa187b6d5c7f0700d354917c8944f/elements - {"using":"xpath","value":"//button[@data-kt=\"addNewYardOverflowToolbarButton\"]"}
RESULT: {"using":"xpath","value":"//button[@data-kt=\"addNewYardOverflowToolbarButton\"]"}
COMMAND: POST /session/fd4fa187b6d5c7f0700d354917c8944f/elements - {"using":"xpath","value":"//button[@data-kt=\"addNewYardOverflowToolbarButton\"]"}
RESULT: {"using":"xpath","value":"//button[@data-kt=\"addNewYardOverflowToolbarButton\"]"}
COMMAND: POST /session/fd4fa187b6d5c7f0700d354917c8944f/elements - {"using":"xpath","value":"//button[@data-kt=\"addNewYardOverflowToolbarButton\"]"}
RESULT: {"using":"xpath","value":"//button[@data-kt=\"addNewYardOverflowToolbarButton\"]"}
COMMAND: POST /session/fd4fa187b6d5c7f0700d354917c8944f/elements - {"using":"xpath","value":"//button[@data-kt=\"addNewYardOverflowToolbarButton\"]"}
RESULT: {"using":"xpath","value":"//button[@data-kt=\"addNewYardOverflowToolbarButton\"]"}
COMMAND: POST /session/fd4fa187b6d5c7f0700d354917c8944f/elements - {"using":"xpath","value":"//button[@data-kt=\"addNewYardOverflowToolbarButton\"]"}
RESULT: {"using":"xpath","value":"//button[@data-kt=\"addNewYardOverflowToolbarButton\"]"}
COMMAND: POST /session/fd4fa187b6d5c7f0700d354917c8944f/elements - {"using":"xpath","value":"//button[@data-kt=\"addNewYardOverflowToolbarButton\"]"}
RESULT: {"using":"xpath","value":"//button[@data-kt=\"addNewYardOverflowToolbarButton\"]"}
COMMAND: POST /session/fd4fa187b6d5c7f0700d354917c8944f/elements - {"using":"xpath","value":"//button[@data-kt=\"addNewYardOverflowToolbarButton\"]"}
RESULT: {"using":"xpath","value":"//button[@data-kt=\"addNewYardOverflowToolbarButton\"]"}
COMMAND: POST /session/fd4fa187b6d5c7f0700d354917c8944f/elements - {"using":"xpath","value":"//button[@data-kt=\"addNewYardOverflowToolbarButton\"]"}
RESULT: {"using":"xpath","value":"//button[@data-kt=\"addNewYardOverflowToolbarButton\"]"}
COMMAND: POST /session/fd4fa187b6d5c7f0700d354917c8944f/elements - {"using":"xpath","value":"//button[@data-kt=\"addNewYardOverflowToolbarButton\"]"}
RESULT: {"using":"xpath","value":"//button[@data-kt=\"addNewYardOverflowToolbarButton\"]"}
COMMAND: POST /session/fd4fa187b6d5c7f0700d354917c8944f/elements - {"using":"xpath","value":"//button[@data-kt=\"addNewYardOverflowToolbarButton\"]"}
RESULT: {"using":"xpath","value":"//button[@data-kt=\"addNewYardOverflowToolbarButton\"]"}
COMMAND: POST /session/fd4fa187b6d5c7f0700d354917c8944f/elements - {"using":"xpath","value":"//button[@data-kt=\"addNewYardOverflowToolbarButton\"]"}
RESULT: {"using":"xpath","value":"//button[@data-kt=\"addNewYardOverflowToolbarButton\"]"}
COMMAND: POST /session/fd4fa187b6d5c7f0700d354917c8944f/elements - {"using":"xpath","value":"//button[@data-kt=\"addNewYardOverflowToolbarButton\"]"}
RESULT: {"using":"xpath","value":"//button[@data-kt=\"addNewYardOverflowToolbarButton\"]"}
COMMAND: POST /session/fd4fa187b6d5c7f0700d354917c8944f/elements - {"using":"xpath","value":"//button[@data-kt=\"addNewYardOverflowToolbarButton\"]"}
RESULT: {"using":"xpath","value":"//button[@data-kt=\"addNewYardOverflowToolbarButton\"]"}
COMMAND: POST /session/fd4fa187b6d5c7f0700d354917c8944f/elements - {"using":"xpath","value":"//button[@data-kt=\"addNewYardOverflowToolbarButton\"]"}
RESULT: {"using":"xpath","value":"//button[@data-kt=\"addNewYardOverflowToolbarButton\"]"}
COMMAND: POST /session/fd4fa187b6d5c7f0700d354917c8944f/elements - {"using":"xpath","value":"//button[@data-kt=\"addNewYardOverflowToolbarButton\"]"}
RESULT: {"using":"xpath","value":"//button[@data-kt=\"addNewYardOverflowToolbarButton\"]"}
COMMAND: POST /session/fd4fa187b6d5c7f0700d354917c8944f/elements - {"using":"xpath","value":"//button[@data-kt=\"addNewYardOverflowToolbarButton\"]"}
RESULT: {"using":"xpath","value":"//button[@data-kt=\"addNewYardOverflowToolbarButton\"]"}
COMMAND: POST /session/fd4fa187b6d5c7f0700d354917c8944f/elements - {"using":"xpath","value":"//button[@data-kt=\"addNewYardOverflowToolbarButton\"]"}
RESULT: {"using":"xpath","value":"//button[@data-kt=\"addNewYardOverflowToolbarButton\"]"}
COMMAND: POST /session/fd4fa187b6d5c7f0700d354917c8944f/elements - {"using":"xpath","value":"//button[@data-kt=\"addNewYardOverflowToolbarButton\"]"}
RESULT: {"using":"xpath","value":"//button[@data-kt=\"addNewYardOverflowToolbarButton\"]"}
COMMAND: POST /session/fd4fa187b6d5c7f0700d354917c8944f/elements - {"using":"xpath","value":"//button[@data-kt=\"addNewYardOverflowToolbarButton\"]"}
RESULT: {"using":"xpath","value":"//button[@data-kt=\"addNewYardOverflowToolbarButton\"]"}
COMMAND: POST /session/fd4fa187b6d5c7f0700d354917c8944f/elements - {"using":"xpath","value":"//button[@data-kt=\"addNewYardOverflowToolbarButton\"]"}
RESULT: {"using":"xpath","value":"//button[@data-kt=\"addNewYardOverflowToolbarButton\"]"}
COMMAND: POST /session/fd4fa187b6d5c7f0700d354917c8944f/element - {"using":"xpath","value":"//button[@data-kt=\"addNewYardOverflowToolbarButton\"]"}
RESULT: {"using":"xpath","value":"//button[@data-kt=\"addNewYardOverflowToolbarButton\"]"}
COMMAND: POST /session/fd4fa187b6d5c7f0700d354917c8944f/execute/sync - {"script":"<script> [8489 bytes]","args":[{"element-6066-11e4-a52e-4f735466cecf":"f.74186A8BE651698372F974E5DA594C48.d.F6DF82751DC90FFF65A8147CD05A9533.e.299","ELEMENT":"f.74186A8BE651698372F974E5DA594C48.d.F6DF82751DC90FFF65A8147CD05A9533.e.299"}]}
RESULT: {"script":"<script> [8489 bytes]","args":[{"element-6066-11e4-a52e-4f735466cecf":"f.74186A8BE651698372F974E5DA594C48.d.F6DF82751DC90FFF65A8147CD05A9533.e.299","ELEMENT":"f.74186A8BE651698372F974E5DA594C48.d.F6DF82751DC90FFF65A8147CD05A9533.e.299"}]}
COMMAND: GET /session/fd4fa187b6d5c7f0700d354917c8944f/element/f.74186A8BE651698372F974E5DA594C48.d.F6DF82751DC90FFF65A8147CD05A9533.e.299/enabled - {}
COMMAND: GET /session/fd4fa187b6d5c7f0700d354917c8944f/screenshot - {}
RESULT: {}
COMMAND: POST /session/fd4fa187b6d5c7f0700d354917c8944f/execute/sync - {"script":"<script> [8489 bytes]","args":[{"element-6066-11e4-a52e-4f735466cecf":"f.74186A8BE651698372F974E5DA594C48.d.F6DF82751DC90FFF65A8147CD05A9533.e.299","ELEMENT":"f.74186A8BE651698372F974E5DA594C48.d.F6DF82751DC90FFF65A8147CD05A9533.e.299"}]}
COMMAND: GET /session/fd4fa187b6d5c7f0700d354917c8944f/screenshot - {}
RESULT: {}
RESULT: {"script":"<script> [8489 bytes]","args":[{"element-6066-11e4-a52e-4f735466cecf":"f.74186A8BE651698372F974E5DA594C48.d.F6DF82751DC90FFF65A8147CD05A9533.e.299","ELEMENT":"f.74186A8BE651698372F974E5DA594C48.d.F6DF82751DC90FFF65A8147CD05A9533.e.299"}]}
COMMAND: POST /session/fd4fa187b6d5c7f0700d354917c8944f/execute/sync - {"script":"<script> [5351 bytes]","args":[{"element-6066-11e4-a52e-4f735466cecf":"f.74186A8BE651698372F974E5DA594C48.d.F6DF82751DC90FFF65A8147CD05A9533.e.299","ELEMENT":"f.74186A8BE651698372F974E5DA594C48.d.F6DF82751DC90FFF65A8147CD05A9533.e.299"}]}
COMMAND: GET /session/fd4fa187b6d5c7f0700d354917c8944f/screenshot - {}
RESULT: {}
RESULT: {"script":"<script> [5351 bytes]","args":[{"element-6066-11e4-a52e-4f735466cecf":"f.74186A8BE651698372F974E5DA594C48.d.F6DF82751DC90FFF65A8147CD05A9533.e.299","ELEMENT":"f.74186A8BE651698372F974E5DA594C48.d.F6DF82751DC90FFF65A8147CD05A9533.e.299"}]}
COMMAND: POST /session/fd4fa187b6d5c7f0700d354917c8944f/element/f.74186A8BE651698372F974E5DA594C48.d.F6DF82751DC90FFF65A8147CD05A9533.e.299/click - {}
COMMAND: GET /session/fd4fa187b6d5c7f0700d354917c8944f/screenshot - {}
RESULT: {}
RESULT: {}
COMMAND: GET /session/fd4fa187b6d5c7f0700d354917c8944f/screenshot - {}
COMMAND: POST /session/fd4fa187b6d5c7f0700d354917c8944f/element - {"using":"xpath","value":"//input[@id=\"application-manageyards-display-component---NewYard--yardId-inner\"]"}
RESULT: {}
RESULT: {}
RESULT: {"using":"xpath","value":"//input[@id=\"application-manageyards-display-component---NewYard--yardId-inner\"]"}
COMMAND: POST /session/fd4fa187b6d5c7f0700d354917c8944f/element - {"using":"xpath","value":"//input[@id=\"application-manageyards-display-component---NewYard--yardId-inner\"]"}
RESULT: {"using":"xpath","value":"//input[@id=\"application-manageyards-display-component---NewYard--yardId-inner\"]"}
COMMAND: POST /session/fd4fa187b6d5c7f0700d354917c8944f/execute/async - {"script":"<script> [1562 bytes]","args":[{"selector":{"id":"application-manageyards-display-component---NewYard--addressDetailDetailsName1","interaction":{"idSuffix":"inner"}},"wdio_ui5_key":"applicationmanageyards-display-component---NewYard--addressDetailDetailsName1"}]}
RESULT: {"script":"<script> [1562 bytes]","args":[{"selector":{"id":"application-manageyards-display-component---NewYard--addressDetailDetailsName1","interaction":{"idSuffix":"inner"}},"wdio_ui5_key":"applicationmanageyards-display-component---NewYard--addressDetailDetailsName1"}]}
RESULT: undefined
COMMAND: POST /session/fd4fa187b6d5c7f0700d354917c8944f/execute/async - {"script":"<script> [776 bytes]","args":[{"enterText":"DailyPrice WDIO","selector":{"id":"application-manageyards-display-component---NewYard--addressDetailDetailsName1","interaction":{"idSuffix":"inner"}},"clearTextFirst":true,"interactionType":"ENTER_TEXT"}]}
RESULT: {"script":"<script> [776 bytes]","args":[{"enterText":"DailyPrice WDIO","selector":{"id":"application-manageyards-display-component---NewYard--addressDetailDetailsName1","interaction":{"idSuffix":"inner"}},"clearTextFirst":true,"interactionType":"ENTER_TEXT"}]}
COMMAND: POST /session/fd4fa187b6d5c7f0700d354917c8944f/execute/async - {"script":"<script> [1562 bytes]","args":[{"selector":{"id":"application-manageyards-display-component---NewYard--addressDetailDetailsLanguage-arrow"},"wdio_ui5_key":"applicationmanageyards-display-component---NewYard--addressDetailDetailsLanguage-arrow"}]}
RESULT: {"script":"<script> [1562 bytes]","args":[{"selector":{"id":"application-manageyards-display-component---NewYard--addressDetailDetailsLanguage-arrow"},"wdio_ui5_key":"applicationmanageyards-display-component---NewYard--addressDetailDetailsLanguage-arrow"}]}
RESULT: undefined
COMMAND: POST /session/fd4fa187b6d5c7f0700d354917c8944f/element - {"using":"xpath","value":"//*[@id=\"application-manageyards-display-component---NewYard--addressDetailDetailsLanguage-arrow\"]"}
RESULT: {"using":"xpath","value":"//*[@id=\"application-manageyards-display-component---NewYard--addressDetailDetailsLanguage-arrow\"]"}
COMMAND: POST /session/fd4fa187b6d5c7f0700d354917c8944f/element/f.74186A8BE651698372F974E5DA594C48.d.F6DF82751DC90FFF65A8147CD05A9533.e.719/click - {}
RESULT: {}
COMMAND: POST /session/fd4fa187b6d5c7f0700d354917c8944f/element - {"using":"xpath","value":"//span[contains(text(), \"English\")]"}
COMMAND: GET /session/fd4fa187b6d5c7f0700d354917c8944f/screenshot - {}
RESULT: {"using":"xpath","value":"//span[contains(text(), \"English\")]"}
COMMAND: POST /session/fd4fa187b6d5c7f0700d354917c8944f/element/f.74186A8BE651698372F974E5DA594C48.d.F6DF82751DC90FFF65A8147CD05A9533.e.720/click - {}
RESULT: {}
RESULT: {}
COMMAND: POST /session/fd4fa187b6d5c7f0700d354917c8944f/execute/async - {"script":"<script> [1562 bytes]","args":[{"selector":{"id":"application-manageyards-display-component---NewYard--addressDetailDetailsCity1","interaction":{"idSuffix":"inner"}},"wdio_ui5_key":"applicationmanageyards-display-component---NewYard--addressDetailDetailsCity1"}]}
COMMAND: GET /session/fd4fa187b6d5c7f0700d354917c8944f/screenshot - {}
RESULT: {"script":"<script> [1562 bytes]","args":[{"selector":{"id":"application-manageyards-display-component---NewYard--addressDetailDetailsCity1","interaction":{"idSuffix":"inner"}},"wdio_ui5_key":"applicationmanageyards-display-component---NewYard--addressDetailDetailsCity1"}]}
RESULT: undefined
COMMAND: POST /session/fd4fa187b6d5c7f0700d354917c8944f/execute/async - {"script":"<script> [776 bytes]","args":[{"enterText":"Rosario","selector":{"id":"application-manageyards-display-component---NewYard--addressDetailDetailsCity1","interaction":{"idSuffix":"inner"}},"clearTextFirst":true,"interactionType":"ENTER_TEXT"}]}
RESULT: {}
RESULT: {"script":"<script> [776 bytes]","args":[{"enterText":"Rosario","selector":{"id":"application-manageyards-display-component---NewYard--addressDetailDetailsCity1","interaction":{"idSuffix":"inner"}},"clearTextFirst":true,"interactionType":"ENTER_TEXT"}]}
COMMAND: POST /session/fd4fa187b6d5c7f0700d354917c8944f/execute/async - {"script":"<script> [1562 bytes]","args":[{"selector":{"id":"application-manageyards-display-component---NewYard--addressDetailDetailsCountry-arrow"},"wdio_ui5_key":"applicationmanageyards-display-component---NewYard--addressDetailDetailsCountry-arrow"}]}
RESULT: {"script":"<script> [1562 bytes]","args":[{"selector":{"id":"application-manageyards-display-component---NewYard--addressDetailDetailsCountry-arrow"},"wdio_ui5_key":"applicationmanageyards-display-component---NewYard--addressDetailDetailsCountry-arrow"}]}
RESULT: undefined
COMMAND: POST /session/fd4fa187b6d5c7f0700d354917c8944f/element - {"using":"xpath","value":"//*[@id=\"application-manageyards-display-component---NewYard--addressDetailDetailsCountry-arrow\"]"}
RESULT: {"using":"xpath","value":"//*[@id=\"application-manageyards-display-component---NewYard--addressDetailDetailsCountry-arrow\"]"}
COMMAND: POST /session/fd4fa187b6d5c7f0700d354917c8944f/element/f.74186A8BE651698372F974E5DA594C48.d.F6DF82751DC90FFF65A8147CD05A9533.e.722/click - {}
RESULT: {}
COMMAND: POST /session/fd4fa187b6d5c7f0700d354917c8944f/element - {"using":"xpath","value":"//span[contains(text(), \"Argentina\")]"}
COMMAND: GET /session/fd4fa187b6d5c7f0700d354917c8944f/screenshot - {}
RESULT: {"using":"xpath","value":"//span[contains(text(), \"Argentina\")]"}
COMMAND: POST /session/fd4fa187b6d5c7f0700d354917c8944f/element/f.74186A8BE651698372F974E5DA594C48.d.F6DF82751DC90FFF65A8147CD05A9533.e.723/click - {}
RESULT: {}
RESULT: {}
COMMAND: POST /session/fd4fa187b6d5c7f0700d354917c8944f/execute/async - {"script":"<script> [1562 bytes]","args":[{"selector":{"id":"application-manageyards-display-component---NewYard--addressEditDetailsCostObjectCstType-arrow"},"wdio_ui5_key":"applicationmanageyards-display-component---NewYard--addressEditDetailsCostObjectCstType-arrow"}]}
COMMAND: GET /session/fd4fa187b6d5c7f0700d354917c8944f/screenshot - {}
RESULT: {"script":"<script> [1562 bytes]","args":[{"selector":{"id":"application-manageyards-display-component---NewYard--addressEditDetailsCostObjectCstType-arrow"},"wdio_ui5_key":"applicationmanageyards-display-component---NewYard--addressEditDetailsCostObjectCstType-arrow"}]}
RESULT: undefined
COMMAND: POST /session/fd4fa187b6d5c7f0700d354917c8944f/element - {"using":"xpath","value":"//*[@id=\"application-manageyards-display-component---NewYard--addressEditDetailsCostObjectCstType-arrow\"]"}
RESULT: {}
RESULT: {"using":"xpath","value":"//*[@id=\"application-manageyards-display-component---NewYard--addressEditDetailsCostObjectCstType-arrow\"]"}
COMMAND: POST /session/fd4fa187b6d5c7f0700d354917c8944f/element/f.74186A8BE651698372F974E5DA594C48.d.F6DF82751DC90FFF65A8147CD05A9533.e.725/click - {}
RESULT: {}
COMMAND: POST /session/fd4fa187b6d5c7f0700d354917c8944f/element - {"using":"xpath","value":"//span[contains(text(), \"Cost Center\")]"}
COMMAND: GET /session/fd4fa187b6d5c7f0700d354917c8944f/screenshot - {}
RESULT: {"using":"xpath","value":"//span[contains(text(), \"Cost Center\")]"}
COMMAND: POST /session/fd4fa187b6d5c7f0700d354917c8944f/element/f.74186A8BE651698372F974E5DA594C48.d.F6DF82751DC90FFF65A8147CD05A9533.e.726/click - {}
RESULT: {}
RESULT: {}
COMMAND: GET /session/fd4fa187b6d5c7f0700d354917c8944f/screenshot - {}
RESULT: {}
COMMAND: POST /session/fd4fa187b6d5c7f0700d354917c8944f/element - {"using":"xpath","value":"//span[@id=\"application-manageyards-display-component---NewYard--addressNewCostObjectCstID-vhi\"]"}
RESULT: {"using":"xpath","value":"//span[@id=\"application-manageyards-display-component---NewYard--addressNewCostObjectCstID-vhi\"]"}
COMMAND: POST /session/fd4fa187b6d5c7f0700d354917c8944f/execute/sync - {"script":"<script> [8489 bytes]","args":[{"element-6066-11e4-a52e-4f735466cecf":"f.74186A8BE651698372F974E5DA594C48.d.F6DF82751DC90FFF65A8147CD05A9533.e.730","ELEMENT":"f.74186A8BE651698372F974E5DA594C48.d.F6DF82751DC90FFF65A8147CD05A9533.e.730"}]}
RESULT: {"script":"<script> [8489 bytes]","args":[{"element-6066-11e4-a52e-4f735466cecf":"f.74186A8BE651698372F974E5DA594C48.d.F6DF82751DC90FFF65A8147CD05A9533.e.730","ELEMENT":"f.74186A8BE651698372F974E5DA594C48.d.F6DF82751DC90FFF65A8147CD05A9533.e.730"}]}
COMMAND: POST /session/fd4fa187b6d5c7f0700d354917c8944f/execute/async - {"script":"<script> [1562 bytes]","args":[{"selector":{"id":"application-manageyards-display-component---NewYard--addressNewCostObjectCstID-vhi"},"wdio_ui5_key":"applicationmanageyards-display-component---NewYard--addressNewCostObjectCstID-vhi"}]}
COMMAND: GET /session/fd4fa187b6d5c7f0700d354917c8944f/screenshot - {}
RESULT: {"script":"<script> [1562 bytes]","args":[{"selector":{"id":"application-manageyards-display-component---NewYard--addressNewCostObjectCstID-vhi"},"wdio_ui5_key":"applicationmanageyards-display-component---NewYard--addressNewCostObjectCstID-vhi"}]}
RESULT: undefined
COMMAND: POST /session/fd4fa187b6d5c7f0700d354917c8944f/element - {"using":"xpath","value":"//*[@id=\"application-manageyards-display-component---NewYard--addressNewCostObjectCstID-vhi\"]"}
RESULT: {}
RESULT: {"using":"xpath","value":"//*[@id=\"application-manageyards-display-component---NewYard--addressNewCostObjectCstID-vhi\"]"}
COMMAND: POST /session/fd4fa187b6d5c7f0700d354917c8944f/element/f.74186A8BE651698372F974E5DA594C48.d.F6DF82751DC90FFF65A8147CD05A9533.e.730/click - {}
RESULT: {}
COMMAND: GET /session/fd4fa187b6d5c7f0700d354917c8944f/screenshot - {}
RESULT: {}
COMMAND: POST /session/fd4fa187b6d5c7f0700d354917c8944f/execute/async - {"script":"<script> [1562 bytes]","args":[{"selector":{"controlType":"sap.m.SearchField","properties":{"placeholder":"Search"},"searchOpenDialogs":true,"interaction":{"idSuffix":"I"}},"wdio_ui5_key":"sapm.SearchField{\"placeholder\":\"Search\"}"}]}
RESULT: {"script":"<script> [1562 bytes]","args":[{"selector":{"controlType":"sap.m.SearchField","properties":{"placeholder":"Search"},"searchOpenDialogs":true,"interaction":{"idSuffix":"I"}},"wdio_ui5_key":"sapm.SearchField{\"placeholder\":\"Search\"}"}]}
RESULT: undefined
COMMAND: POST /session/fd4fa187b6d5c7f0700d354917c8944f/execute/async - {"script":"<script> [776 bytes]","args":[{"enterText":"10001013","selector":{"controlType":"sap.m.SearchField","properties":{"placeholder":"Search"},"searchOpenDialogs":true,"interaction":{"idSuffix":"I"}},"clearTextFirst":true,"interactionType":"ENTER_TEXT"}]}
RESULT: {"script":"<script> [776 bytes]","args":[{"enterText":"10001013","selector":{"controlType":"sap.m.SearchField","properties":{"placeholder":"Search"},"searchOpenDialogs":true,"interaction":{"idSuffix":"I"}},"clearTextFirst":true,"interactionType":"ENTER_TEXT"}]}
COMMAND: POST /session/fd4fa187b6d5c7f0700d354917c8944f/actions - {"actions":[{"id":"action1","type":"key","parameters":{},"actions":[{"type":"keyDown","value":"î€‡"},{"type":"pause","duration":10},{"type":"keyUp","value":"î€‡"}]}]}
RESULT: {"actions":[{"id":"action1","type":"key","parameters":{},"actions":[{"type":"keyDown","value":"î€‡"},{"type":"pause","duration":10},{"type":"keyUp","value":"î€‡"}]}]}
COMMAND: GET /session/fd4fa187b6d5c7f0700d354917c8944f/screenshot - {}
RESULT: {}
COMMAND: POST /session/fd4fa187b6d5c7f0700d354917c8944f/element - {"using":"xpath","value":"//span[contains(text(), \"General Management\")]"}
RESULT: {"using":"xpath","value":"//span[contains(text(), \"General Management\")]"}
COMMAND: POST /session/fd4fa187b6d5c7f0700d354917c8944f/element/f.74186A8BE651698372F974E5DA594C48.d.F6DF82751DC90FFF65A8147CD05A9533.e.772/click - {}
RESULT: {}
COMMAND: GET /session/fd4fa187b6d5c7f0700d354917c8944f/screenshot - {}
RESULT: {}
COMMAND: POST /session/fd4fa187b6d5c7f0700d354917c8944f/element - {"using":"xpath","value":"//bdi[contains(text(), \"OK\")]"}
RESULT: {"using":"xpath","value":"//bdi[contains(text(), \"OK\")]"}
COMMAND: POST /session/fd4fa187b6d5c7f0700d354917c8944f/element/f.74186A8BE651698372F974E5DA594C48.d.F6DF82751DC90FFF65A8147CD05A9533.e.773/click - {}
RESULT: {}
COMMAND: GET /session/fd4fa187b6d5c7f0700d354917c8944f/screenshot - {}
RESULT: {}
COMMAND: POST /session/fd4fa187b6d5c7f0700d354917c8944f/execute/async - {"script":"<script> [1562 bytes]","args":[{"selector":{"id":"application-manageyards-display-component---NewYard--addressEditDetailsCurrency-arrow"},"wdio_ui5_key":"applicationmanageyards-display-component---NewYard--addressEditDetailsCurrency-arrow"}]}
RESULT: {"script":"<script> [1562 bytes]","args":[{"selector":{"id":"application-manageyards-display-component---NewYard--addressEditDetailsCurrency-arrow"},"wdio_ui5_key":"applicationmanageyards-display-component---NewYard--addressEditDetailsCurrency-arrow"}]}
RESULT: undefined
COMMAND: POST /session/fd4fa187b6d5c7f0700d354917c8944f/element - {"using":"xpath","value":"//*[@id=\"application-manageyards-display-component---NewYard--addressEditDetailsCurrency-arrow\"]"}
RESULT: {"using":"xpath","value":"//*[@id=\"application-manageyards-display-component---NewYard--addressEditDetailsCurrency-arrow\"]"}
COMMAND: POST /session/fd4fa187b6d5c7f0700d354917c8944f/element/f.74186A8BE651698372F974E5DA594C48.d.F6DF82751DC90FFF65A8147CD05A9533.e.776/click - {}
RESULT: {}
COMMAND: POST /session/fd4fa187b6d5c7f0700d354917c8944f/element - {"using":"xpath","value":"//span[contains(text(), \"Euro\")]"}
COMMAND: GET /session/fd4fa187b6d5c7f0700d354917c8944f/screenshot - {}
RESULT: {"using":"xpath","value":"//span[contains(text(), \"Euro\")]"}
COMMAND: POST /session/fd4fa187b6d5c7f0700d354917c8944f/element/f.74186A8BE651698372F974E5DA594C48.d.F6DF82751DC90FFF65A8147CD05A9533.e.777/click - {}
RESULT: {}
RESULT: {}
COMMAND: POST /session/fd4fa187b6d5c7f0700d354917c8944f/execute/async - {"script":"<script> [1562 bytes]","args":[{"selector":{"controlType":"sap.m.Input","viewName":"etm.portal.ui.manageyards.view.New","viewId":"application-manageyards-display-component---NewYard","bindingPath":{"path":"","propertyPath":"/CONTROLLING_AREA","modelName":"NewYardModel"},"interaction":{"idSuffix":"inner"}},"wdio_ui5_key":"etmportal.ui.manageyards.view.Newsap.m.Input{\"path\":\"\",\"propertyPath\":\"/CONTROLLING_AREA\",\"modelName\":\"NewYardModel\"}"}]}
COMMAND: GET /session/fd4fa187b6d5c7f0700d354917c8944f/screenshot - {}
RESULT: {"script":"<script> [1562 bytes]","args":[{"selector":{"controlType":"sap.m.Input","viewName":"etm.portal.ui.manageyards.view.New","viewId":"application-manageyards-display-component---NewYard","bindingPath":{"path":"","propertyPath":"/CONTROLLING_AREA","modelName":"NewYardModel"},"interaction":{"idSuffix":"inner"}},"wdio_ui5_key":"etmportal.ui.manageyards.view.Newsap.m.Input{\"path\":\"\",\"propertyPath\":\"/CONTROLLING_AREA\",\"modelName\":\"NewYardModel\"}"}]}
RESULT: undefined
COMMAND: POST /session/fd4fa187b6d5c7f0700d354917c8944f/execute/async - {"script":"<script> [776 bytes]","args":[{"enterText":"Z001","selector":{"controlType":"sap.m.Input","viewName":"etm.portal.ui.manageyards.view.New","viewId":"application-manageyards-display-component---NewYard","bindingPath":{"path":"","propertyPath":"/CONTROLLING_AREA","modelName":"NewYardModel"},"interaction":{"idSuffix":"inner"}},"clearTextFirst":true,"interactionType":"ENTER_TEXT"}]}
RESULT: {}
RESULT: {"script":"<script> [776 bytes]","args":[{"enterText":"Z001","selector":{"controlType":"sap.m.Input","viewName":"etm.portal.ui.manageyards.view.New","viewId":"application-manageyards-display-component---NewYard","bindingPath":{"path":"","propertyPath":"/CONTROLLING_AREA","modelName":"NewYardModel"},"interaction":{"idSuffix":"inner"}},"clearTextFirst":true,"interactionType":"ENTER_TEXT"}]}
COMMAND: POST /session/fd4fa187b6d5c7f0700d354917c8944f/execute/async - {"script":"<script> [1562 bytes]","args":[{"selector":{"id":"application-manageyards-display-component---NewYard--companyCodeComboBox","interaction":{"idSuffix":"inner"}},"wdio_ui5_key":"applicationmanageyards-display-component---NewYard--companyCodeComboBox"}]}
RESULT: {"script":"<script> [1562 bytes]","args":[{"selector":{"id":"application-manageyards-display-component---NewYard--companyCodeComboBox","interaction":{"idSuffix":"inner"}},"wdio_ui5_key":"applicationmanageyards-display-component---NewYard--companyCodeComboBox"}]}
RESULT: undefined
COMMAND: POST /session/fd4fa187b6d5c7f0700d354917c8944f/execute/async - {"script":"<script> [776 bytes]","args":[{"enterText":"1000","selector":{"id":"application-manageyards-display-component---NewYard--companyCodeComboBox","interaction":{"idSuffix":"inner"}},"clearTextFirst":true,"interactionType":"ENTER_TEXT"}]}
RESULT: {"script":"<script> [776 bytes]","args":[{"enterText":"1000","selector":{"id":"application-manageyards-display-component---NewYard--companyCodeComboBox","interaction":{"idSuffix":"inner"}},"clearTextFirst":true,"interactionType":"ENTER_TEXT"}]}
COMMAND: POST /session/fd4fa187b6d5c7f0700d354917c8944f/execute/async - {"script":"<script> [1562 bytes]","args":[{"selector":{"controlType":"sap.m.Input","viewName":"etm.portal.ui.manageyards.view.New","viewId":"application-manageyards-display-component---NewYard","bindingPath":{"path":"","propertyPath":"/PLANT","modelName":"NewYardModel"},"interaction":{"idSuffix":"inner"}},"wdio_ui5_key":"etmportal.ui.manageyards.view.Newsap.m.Input{\"path\":\"\",\"propertyPath\":\"/PLANT\",\"modelName\":\"NewYardModel\"}"}]}
RESULT: {"script":"<script> [1562 bytes]","args":[{"selector":{"controlType":"sap.m.Input","viewName":"etm.portal.ui.manageyards.view.New","viewId":"application-manageyards-display-component---NewYard","bindingPath":{"path":"","propertyPath":"/PLANT","modelName":"NewYardModel"},"interaction":{"idSuffix":"inner"}},"wdio_ui5_key":"etmportal.ui.manageyards.view.Newsap.m.Input{\"path\":\"\",\"propertyPath\":\"/PLANT\",\"modelName\":\"NewYardModel\"}"}]}
RESULT: undefined
COMMAND: POST /session/fd4fa187b6d5c7f0700d354917c8944f/execute/async - {"script":"<script> [776 bytes]","args":[{"enterText":"1001","selector":{"controlType":"sap.m.Input","viewName":"etm.portal.ui.manageyards.view.New","viewId":"application-manageyards-display-component---NewYard","bindingPath":{"path":"","propertyPath":"/PLANT","modelName":"NewYardModel"},"interaction":{"idSuffix":"inner"}},"clearTextFirst":true,"interactionType":"ENTER_TEXT"}]}
RESULT: {"script":"<script> [776 bytes]","args":[{"enterText":"1001","selector":{"controlType":"sap.m.Input","viewName":"etm.portal.ui.manageyards.view.New","viewId":"application-manageyards-display-component---NewYard","bindingPath":{"path":"","propertyPath":"/PLANT","modelName":"NewYardModel"},"interaction":{"idSuffix":"inner"}},"clearTextFirst":true,"interactionType":"ENTER_TEXT"}]}
COMMAND: POST /session/fd4fa187b6d5c7f0700d354917c8944f/execute/async - {"script":"<script> [1562 bytes]","args":[{"selector":{"controlType":"sap.m.Input","viewName":"etm.portal.ui.manageyards.view.New","viewId":"application-manageyards-display-component---NewYard","bindingPath":{"path":"","propertyPath":"/SALES_AREA_VKORG","modelName":"NewYardModel"},"interaction":{"idSuffix":"inner"}},"wdio_ui5_key":"etmportal.ui.manageyards.view.Newsap.m.Input{\"path\":\"\",\"propertyPath\":\"/SALES_AREA_VKORG\",\"modelName\":\"NewYardModel\"}"}]}
RESULT: {"script":"<script> [1562 bytes]","args":[{"selector":{"controlType":"sap.m.Input","viewName":"etm.portal.ui.manageyards.view.New","viewId":"application-manageyards-display-component---NewYard","bindingPath":{"path":"","propertyPath":"/SALES_AREA_VKORG","modelName":"NewYardModel"},"interaction":{"idSuffix":"inner"}},"wdio_ui5_key":"etmportal.ui.manageyards.view.Newsap.m.Input{\"path\":\"\",\"propertyPath\":\"/SALES_AREA_VKORG\",\"modelName\":\"NewYardModel\"}"}]}
RESULT: undefined
COMMAND: POST /session/fd4fa187b6d5c7f0700d354917c8944f/execute/async - {"script":"<script> [776 bytes]","args":[{"enterText":"C002","selector":{"controlType":"sap.m.Input","viewName":"etm.portal.ui.manageyards.view.New","viewId":"application-manageyards-display-component---NewYard","bindingPath":{"path":"","propertyPath":"/SALES_AREA_VKORG","modelName":"NewYardModel"},"interaction":{"idSuffix":"inner"}},"clearTextFirst":true,"interactionType":"ENTER_TEXT"}]}
RESULT: {"script":"<script> [776 bytes]","args":[{"enterText":"C002","selector":{"controlType":"sap.m.Input","viewName":"etm.portal.ui.manageyards.view.New","viewId":"application-manageyards-display-component---NewYard","bindingPath":{"path":"","propertyPath":"/SALES_AREA_VKORG","modelName":"NewYardModel"},"interaction":{"idSuffix":"inner"}},"clearTextFirst":true,"interactionType":"ENTER_TEXT"}]}
COMMAND: POST /session/fd4fa187b6d5c7f0700d354917c8944f/execute/async - {"script":"<script> [1562 bytes]","args":[{"selector":{"controlType":"sap.m.Input","viewName":"etm.portal.ui.manageyards.view.New","viewId":"application-manageyards-display-component---NewYard","bindingPath":{"path":"","propertyPath":"/SALES_AREA_VTWEG","modelName":"NewYardModel"},"interaction":{"idSuffix":"inner"}},"wdio_ui5_key":"etmportal.ui.manageyards.view.Newsap.m.Input{\"path\":\"\",\"propertyPath\":\"/SALES_AREA_VTWEG\",\"modelName\":\"NewYardModel\"}"}]}
RESULT: {"script":"<script> [1562 bytes]","args":[{"selector":{"controlType":"sap.m.Input","viewName":"etm.portal.ui.manageyards.view.New","viewId":"application-manageyards-display-component---NewYard","bindingPath":{"path":"","propertyPath":"/SALES_AREA_VTWEG","modelName":"NewYardModel"},"interaction":{"idSuffix":"inner"}},"wdio_ui5_key":"etmportal.ui.manageyards.view.Newsap.m.Input{\"path\":\"\",\"propertyPath\":\"/SALES_AREA_VTWEG\",\"modelName\":\"NewYardModel\"}"}]}
RESULT: undefined
COMMAND: POST /session/fd4fa187b6d5c7f0700d354917c8944f/execute/async - {"script":"<script> [776 bytes]","args":[{"enterText":"C2","selector":{"controlType":"sap.m.Input","viewName":"etm.portal.ui.manageyards.view.New","viewId":"application-manageyards-display-component---NewYard","bindingPath":{"path":"","propertyPath":"/SALES_AREA_VTWEG","modelName":"NewYardModel"},"interaction":{"idSuffix":"inner"}},"clearTextFirst":true,"interactionType":"ENTER_TEXT"}]}
RESULT: {"script":"<script> [776 bytes]","args":[{"enterText":"C2","selector":{"controlType":"sap.m.Input","viewName":"etm.portal.ui.manageyards.view.New","viewId":"application-manageyards-display-component---NewYard","bindingPath":{"path":"","propertyPath":"/SALES_AREA_VTWEG","modelName":"NewYardModel"},"interaction":{"idSuffix":"inner"}},"clearTextFirst":true,"interactionType":"ENTER_TEXT"}]}
COMMAND: POST /session/fd4fa187b6d5c7f0700d354917c8944f/execute/async - {"script":"<script> [1562 bytes]","args":[{"selector":{"controlType":"sap.m.Input","viewName":"etm.portal.ui.manageyards.view.New","viewId":"application-manageyards-display-component---NewYard","bindingPath":{"path":"","propertyPath":"/SALES_AREA_SPART","modelName":"NewYardModel"},"interaction":{"idSuffix":"inner"}},"wdio_ui5_key":"etmportal.ui.manageyards.view.Newsap.m.Input{\"path\":\"\",\"propertyPath\":\"/SALES_AREA_SPART\",\"modelName\":\"NewYardModel\"}"}]}
RESULT: {"script":"<script> [1562 bytes]","args":[{"selector":{"controlType":"sap.m.Input","viewName":"etm.portal.ui.manageyards.view.New","viewId":"application-manageyards-display-component---NewYard","bindingPath":{"path":"","propertyPath":"/SALES_AREA_SPART","modelName":"NewYardModel"},"interaction":{"idSuffix":"inner"}},"wdio_ui5_key":"etmportal.ui.manageyards.view.Newsap.m.Input{\"path\":\"\",\"propertyPath\":\"/SALES_AREA_SPART\",\"modelName\":\"NewYardModel\"}"}]}
RESULT: undefined
COMMAND: POST /session/fd4fa187b6d5c7f0700d354917c8944f/execute/async - {"script":"<script> [776 bytes]","args":[{"enterText":"C2","selector":{"controlType":"sap.m.Input","viewName":"etm.portal.ui.manageyards.view.New","viewId":"application-manageyards-display-component---NewYard","bindingPath":{"path":"","propertyPath":"/SALES_AREA_SPART","modelName":"NewYardModel"},"interaction":{"idSuffix":"inner"}},"clearTextFirst":true,"interactionType":"ENTER_TEXT"}]}
RESULT: {"script":"<script> [776 bytes]","args":[{"enterText":"C2","selector":{"controlType":"sap.m.Input","viewName":"etm.portal.ui.manageyards.view.New","viewId":"application-manageyards-display-component---NewYard","bindingPath":{"path":"","propertyPath":"/SALES_AREA_SPART","modelName":"NewYardModel"},"interaction":{"idSuffix":"inner"}},"clearTextFirst":true,"interactionType":"ENTER_TEXT"}]}
COMMAND: POST /session/fd4fa187b6d5c7f0700d354917c8944f/execute/async - {"script":"<script> [1562 bytes]","args":[{"selector":{"controlType":"sap.m.Input","viewName":"etm.portal.ui.manageyards.view.New","viewId":"application-manageyards-display-component---NewYard","bindingPath":{"path":"","propertyPath":"/SHIP_POINT","modelName":"NewYardModel"},"interaction":{"idSuffix":"inner"}},"wdio_ui5_key":"etmportal.ui.manageyards.view.Newsap.m.Input{\"path\":\"\",\"propertyPath\":\"/SHIP_POINT\",\"modelName\":\"NewYardModel\"}"}]}
RESULT: {"script":"<script> [1562 bytes]","args":[{"selector":{"controlType":"sap.m.Input","viewName":"etm.portal.ui.manageyards.view.New","viewId":"application-manageyards-display-component---NewYard","bindingPath":{"path":"","propertyPath":"/SHIP_POINT","modelName":"NewYardModel"},"interaction":{"idSuffix":"inner"}},"wdio_ui5_key":"etmportal.ui.manageyards.view.Newsap.m.Input{\"path\":\"\",\"propertyPath\":\"/SHIP_POINT\",\"modelName\":\"NewYardModel\"}"}]}
RESULT: undefined
COMMAND: POST /session/fd4fa187b6d5c7f0700d354917c8944f/execute/async - {"script":"<script> [776 bytes]","args":[{"enterText":"1710","selector":{"controlType":"sap.m.Input","viewName":"etm.portal.ui.manageyards.view.New","viewId":"application-manageyards-display-component---NewYard","bindingPath":{"path":"","propertyPath":"/SHIP_POINT","modelName":"NewYardModel"},"interaction":{"idSuffix":"inner"}},"clearTextFirst":true,"interactionType":"ENTER_TEXT"}]}
RESULT: {"script":"<script> [776 bytes]","args":[{"enterText":"1710","selector":{"controlType":"sap.m.Input","viewName":"etm.portal.ui.manageyards.view.New","viewId":"application-manageyards-display-component---NewYard","bindingPath":{"path":"","propertyPath":"/SHIP_POINT","modelName":"NewYardModel"},"interaction":{"idSuffix":"inner"}},"clearTextFirst":true,"interactionType":"ENTER_TEXT"}]}
COMMAND: POST /session/fd4fa187b6d5c7f0700d354917c8944f/execute/async - {"script":"<script> [1562 bytes]","args":[{"selector":{"controlType":"sap.m.Input","viewName":"etm.portal.ui.manageyards.view.New","viewId":"application-manageyards-display-component---NewYard","bindingPath":{"path":"","propertyPath":"/DELIVERY_TYPE","modelName":"NewYardModel"},"interaction":{"idSuffix":"inner"}},"wdio_ui5_key":"etmportal.ui.manageyards.view.Newsap.m.Input{\"path\":\"\",\"propertyPath\":\"/DELIVERY_TYPE\",\"modelName\":\"NewYardModel\"}"}]}
RESULT: {"script":"<script> [1562 bytes]","args":[{"selector":{"controlType":"sap.m.Input","viewName":"etm.portal.ui.manageyards.view.New","viewId":"application-manageyards-display-component---NewYard","bindingPath":{"path":"","propertyPath":"/DELIVERY_TYPE","modelName":"NewYardModel"},"interaction":{"idSuffix":"inner"}},"wdio_ui5_key":"etmportal.ui.manageyards.view.Newsap.m.Input{\"path\":\"\",\"propertyPath\":\"/DELIVERY_TYPE\",\"modelName\":\"NewYardModel\"}"}]}
RESULT: undefined
COMMAND: POST /session/fd4fa187b6d5c7f0700d354917c8944f/execute/async - {"script":"<script> [776 bytes]","args":[{"enterText":"ZL01","selector":{"controlType":"sap.m.Input","viewName":"etm.portal.ui.manageyards.view.New","viewId":"application-manageyards-display-component---NewYard","bindingPath":{"path":"","propertyPath":"/DELIVERY_TYPE","modelName":"NewYardModel"},"interaction":{"idSuffix":"inner"}},"clearTextFirst":true,"interactionType":"ENTER_TEXT"}]}
RESULT: {"script":"<script> [776 bytes]","args":[{"enterText":"ZL01","selector":{"controlType":"sap.m.Input","viewName":"etm.portal.ui.manageyards.view.New","viewId":"application-manageyards-display-component---NewYard","bindingPath":{"path":"","propertyPath":"/DELIVERY_TYPE","modelName":"NewYardModel"},"interaction":{"idSuffix":"inner"}},"clearTextFirst":true,"interactionType":"ENTER_TEXT"}]}
COMMAND: POST /session/fd4fa187b6d5c7f0700d354917c8944f/execute/async - {"script":"<script> [1562 bytes]","args":[{"selector":{"controlType":"sap.m.Input","viewName":"etm.portal.ui.manageyards.view.New","viewId":"application-manageyards-display-component---NewYard","bindingPath":{"path":"","propertyPath":"/AUART","modelName":"NewYardModel"},"interaction":{"idSuffix":"inner"}},"wdio_ui5_key":"etmportal.ui.manageyards.view.Newsap.m.Input{\"path\":\"\",\"propertyPath\":\"/AUART\",\"modelName\":\"NewYardModel\"}"}]}
RESULT: {"script":"<script> [1562 bytes]","args":[{"selector":{"controlType":"sap.m.Input","viewName":"etm.portal.ui.manageyards.view.New","viewId":"application-manageyards-display-component---NewYard","bindingPath":{"path":"","propertyPath":"/AUART","modelName":"NewYardModel"},"interaction":{"idSuffix":"inner"}},"wdio_ui5_key":"etmportal.ui.manageyards.view.Newsap.m.Input{\"path\":\"\",\"propertyPath\":\"/AUART\",\"modelName\":\"NewYardModel\"}"}]}
RESULT: undefined
COMMAND: POST /session/fd4fa187b6d5c7f0700d354917c8944f/execute/async - {"script":"<script> [776 bytes]","args":[{"enterText":"TA","selector":{"controlType":"sap.m.Input","viewName":"etm.portal.ui.manageyards.view.New","viewId":"application-manageyards-display-component---NewYard","bindingPath":{"path":"","propertyPath":"/AUART","modelName":"NewYardModel"},"interaction":{"idSuffix":"inner"}},"clearTextFirst":true,"interactionType":"ENTER_TEXT"}]}
RESULT: {"script":"<script> [776 bytes]","args":[{"enterText":"TA","selector":{"controlType":"sap.m.Input","viewName":"etm.portal.ui.manageyards.view.New","viewId":"application-manageyards-display-component---NewYard","bindingPath":{"path":"","propertyPath":"/AUART","modelName":"NewYardModel"},"interaction":{"idSuffix":"inner"}},"clearTextFirst":true,"interactionType":"ENTER_TEXT"}]}
COMMAND: POST /session/fd4fa187b6d5c7f0700d354917c8944f/element - {"using":"xpath","value":"//button[@data-kt=\"newYardSaveButton\"]"}
RESULT: {"using":"xpath","value":"//button[@data-kt=\"newYardSaveButton\"]"}
COMMAND: POST /session/fd4fa187b6d5c7f0700d354917c8944f/element/f.74186A8BE651698372F974E5DA594C48.d.F6DF82751DC90FFF65A8147CD05A9533.e.667/click - {}
RESULT: {}
COMMAND: GET /session/fd4fa187b6d5c7f0700d354917c8944f/screenshot - {}
RESULT: {}
COMMAND: POST /session/fd4fa187b6d5c7f0700d354917c8944f/element - {"using":"xpath","value":"//header[contains(@id, 'ObjectPageLayout-headerTitle')]/div[1]/div[2]/div[1]/span[1]"}
RESULT: {"using":"xpath","value":"//header[contains(@id, 'ObjectPageLayout-headerTitle')]/div[1]/div[2]/div[1]/span[1]"}
COMMAND: POST /session/fd4fa187b6d5c7f0700d354917c8944f/elements - {"using":"xpath","value":"//header[contains(@id, 'ObjectPageLayout-headerTitle')]/div[1]/div[2]/div[1]/span[1]"}
RESULT: {"using":"xpath","value":"//header[contains(@id, 'ObjectPageLayout-headerTitle')]/div[1]/div[2]/div[1]/span[1]"}
COMMAND: POST /session/fd4fa187b6d5c7f0700d354917c8944f/execute/sync - {"script":"<script> [56 bytes]","args":[{"element-6066-11e4-a52e-4f735466cecf":"f.74186A8BE651698372F974E5DA594C48.d.F6DF82751DC90FFF65A8147CD05A9533.e.1000","ELEMENT":"f.74186A8BE651698372F974E5DA594C48.d.F6DF82751DC90FFF65A8147CD05A9533.e.1000"}]}
RESULT: {"script":"<script> [56 bytes]","args":[{"element-6066-11e4-a52e-4f735466cecf":"f.74186A8BE651698372F974E5DA594C48.d.F6DF82751DC90FFF65A8147CD05A9533.e.1000","ELEMENT":"f.74186A8BE651698372F974E5DA594C48.d.F6DF82751DC90FFF65A8147CD05A9533.e.1000"}]}
COMMAND: GET /session/fd4fa187b6d5c7f0700d354917c8944f/screenshot - {}
RESULT: {}
COMMAND: POST /session/fd4fa187b6d5c7f0700d354917c8944f/element - {"using":"css selector","value":"#shell-header-logo"}
RESULT: {"using":"css selector","value":"#shell-header-logo"}
COMMAND: POST /session/fd4fa187b6d5c7f0700d354917c8944f/element/f.74186A8BE651698372F974E5DA594C48.d.F6DF82751DC90FFF65A8147CD05A9533.e.256/click - {}
RESULT: {}
COMMAND: GET /session/fd4fa187b6d5c7f0700d354917c8944f/screenshot - {}
RESULT: {}
COMMAND: POST /session/fd4fa187b6d5c7f0700d354917c8944f/execute/sync - {"script":"<script> [299 bytes]","args":[["getModel","getResource"]]}
RESULT: {"script":"<script> [299 bytes]","args":[["getModel","getResource"]]}
]]></system-out>
    </testcase>
    <testcase classname="chrome.136_0_7103_49.windows.Create_condition_pricing_US117289_US134625" name="Should create a new equipment used for all following tests" time="154.016">
      <system-out><![CDATA[
COMMAND: POST /session/fd4fa187b6d5c7f0700d354917c8944f/execute/async - {"script":"<script> [1562 bytes]","args":[{"selector":{"controlType":"sap.m.GenericTile","properties":{"header":"Manage Resources"}},"wdio_ui5_key":"sapm.GenericTile{\"header\":\"Manage Resources\"}"}]}
COMMAND: GET /session/fd4fa187b6d5c7f0700d354917c8944f/screenshot - {}
RESULT: {"script":"<script> [1562 bytes]","args":[{"selector":{"controlType":"sap.m.GenericTile","properties":{"header":"Manage Resources"}},"wdio_ui5_key":"sapm.GenericTile{\"header\":\"Manage Resources\"}"}]}
RESULT: undefined
COMMAND: POST /session/fd4fa187b6d5c7f0700d354917c8944f/element - {"using":"xpath","value":"//*[@id=\"__tile39\"]"}
RESULT: {}
RESULT: {"using":"xpath","value":"//*[@id=\"__tile39\"]"}
COMMAND: POST /session/fd4fa187b6d5c7f0700d354917c8944f/element/f.74186A8BE651698372F974E5DA594C48.d.F6DF82751DC90FFF65A8147CD05A9533.e.146/click - {}
RESULT: {}
COMMAND: POST /session/fd4fa187b6d5c7f0700d354917c8944f/element - {"using":"xpath","value":"//button[@data-kt=\"addNewRUOverflowToolbarButton\"]"}
COMMAND: GET /session/fd4fa187b6d5c7f0700d354917c8944f/screenshot - {}
RESULT: {"using":"xpath","value":"//button[@data-kt=\"addNewRUOverflowToolbarButton\"]"}
COMMAND: POST /session/fd4fa187b6d5c7f0700d354917c8944f/elements - {"using":"xpath","value":"//button[@data-kt=\"addNewRUOverflowToolbarButton\"]"}
RESULT: {}
RESULT: {"using":"xpath","value":"//button[@data-kt=\"addNewRUOverflowToolbarButton\"]"}
COMMAND: POST /session/fd4fa187b6d5c7f0700d354917c8944f/elements - {"using":"xpath","value":"//button[@data-kt=\"addNewRUOverflowToolbarButton\"]"}
RESULT: {"using":"xpath","value":"//button[@data-kt=\"addNewRUOverflowToolbarButton\"]"}
COMMAND: POST /session/fd4fa187b6d5c7f0700d354917c8944f/elements - {"using":"xpath","value":"//button[@data-kt=\"addNewRUOverflowToolbarButton\"]"}
RESULT: {"using":"xpath","value":"//button[@data-kt=\"addNewRUOverflowToolbarButton\"]"}
COMMAND: POST /session/fd4fa187b6d5c7f0700d354917c8944f/elements - {"using":"xpath","value":"//button[@data-kt=\"addNewRUOverflowToolbarButton\"]"}
RESULT: {"using":"xpath","value":"//button[@data-kt=\"addNewRUOverflowToolbarButton\"]"}
COMMAND: POST /session/fd4fa187b6d5c7f0700d354917c8944f/elements - {"using":"xpath","value":"//button[@data-kt=\"addNewRUOverflowToolbarButton\"]"}
RESULT: {"using":"xpath","value":"//button[@data-kt=\"addNewRUOverflowToolbarButton\"]"}
COMMAND: POST /session/fd4fa187b6d5c7f0700d354917c8944f/elements - {"using":"xpath","value":"//button[@data-kt=\"addNewRUOverflowToolbarButton\"]"}
RESULT: {"using":"xpath","value":"//button[@data-kt=\"addNewRUOverflowToolbarButton\"]"}
COMMAND: POST /session/fd4fa187b6d5c7f0700d354917c8944f/elements - {"using":"xpath","value":"//button[@data-kt=\"addNewRUOverflowToolbarButton\"]"}
RESULT: {"using":"xpath","value":"//button[@data-kt=\"addNewRUOverflowToolbarButton\"]"}
COMMAND: POST /session/fd4fa187b6d5c7f0700d354917c8944f/elements - {"using":"xpath","value":"//button[@data-kt=\"addNewRUOverflowToolbarButton\"]"}
RESULT: {"using":"xpath","value":"//button[@data-kt=\"addNewRUOverflowToolbarButton\"]"}
COMMAND: POST /session/fd4fa187b6d5c7f0700d354917c8944f/elements - {"using":"xpath","value":"//button[@data-kt=\"addNewRUOverflowToolbarButton\"]"}
RESULT: {"using":"xpath","value":"//button[@data-kt=\"addNewRUOverflowToolbarButton\"]"}
COMMAND: POST /session/fd4fa187b6d5c7f0700d354917c8944f/elements - {"using":"xpath","value":"//button[@data-kt=\"addNewRUOverflowToolbarButton\"]"}
RESULT: {"using":"xpath","value":"//button[@data-kt=\"addNewRUOverflowToolbarButton\"]"}
COMMAND: POST /session/fd4fa187b6d5c7f0700d354917c8944f/elements - {"using":"xpath","value":"//button[@data-kt=\"addNewRUOverflowToolbarButton\"]"}
RESULT: {"using":"xpath","value":"//button[@data-kt=\"addNewRUOverflowToolbarButton\"]"}
COMMAND: POST /session/fd4fa187b6d5c7f0700d354917c8944f/elements - {"using":"xpath","value":"//button[@data-kt=\"addNewRUOverflowToolbarButton\"]"}
RESULT: {"using":"xpath","value":"//button[@data-kt=\"addNewRUOverflowToolbarButton\"]"}
COMMAND: POST /session/fd4fa187b6d5c7f0700d354917c8944f/elements - {"using":"xpath","value":"//button[@data-kt=\"addNewRUOverflowToolbarButton\"]"}
RESULT: {"using":"xpath","value":"//button[@data-kt=\"addNewRUOverflowToolbarButton\"]"}
COMMAND: POST /session/fd4fa187b6d5c7f0700d354917c8944f/elements - {"using":"xpath","value":"//button[@data-kt=\"addNewRUOverflowToolbarButton\"]"}
RESULT: {"using":"xpath","value":"//button[@data-kt=\"addNewRUOverflowToolbarButton\"]"}
COMMAND: POST /session/fd4fa187b6d5c7f0700d354917c8944f/elements - {"using":"xpath","value":"//button[@data-kt=\"addNewRUOverflowToolbarButton\"]"}
RESULT: {"using":"xpath","value":"//button[@data-kt=\"addNewRUOverflowToolbarButton\"]"}
COMMAND: POST /session/fd4fa187b6d5c7f0700d354917c8944f/elements - {"using":"xpath","value":"//button[@data-kt=\"addNewRUOverflowToolbarButton\"]"}
RESULT: {"using":"xpath","value":"//button[@data-kt=\"addNewRUOverflowToolbarButton\"]"}
COMMAND: POST /session/fd4fa187b6d5c7f0700d354917c8944f/elements - {"using":"xpath","value":"//button[@data-kt=\"addNewRUOverflowToolbarButton\"]"}
RESULT: {"using":"xpath","value":"//button[@data-kt=\"addNewRUOverflowToolbarButton\"]"}
COMMAND: POST /session/fd4fa187b6d5c7f0700d354917c8944f/element - {"using":"xpath","value":"//button[@data-kt=\"addNewRUOverflowToolbarButton\"]"}
RESULT: {"using":"xpath","value":"//button[@data-kt=\"addNewRUOverflowToolbarButton\"]"}
COMMAND: POST /session/fd4fa187b6d5c7f0700d354917c8944f/execute/sync - {"script":"<script> [8489 bytes]","args":[{"element-6066-11e4-a52e-4f735466cecf":"f.74186A8BE651698372F974E5DA594C48.d.F6DF82751DC90FFF65A8147CD05A9533.e.1045","ELEMENT":"f.74186A8BE651698372F974E5DA594C48.d.F6DF82751DC90FFF65A8147CD05A9533.e.1045"}]}
RESULT: {"script":"<script> [8489 bytes]","args":[{"element-6066-11e4-a52e-4f735466cecf":"f.74186A8BE651698372F974E5DA594C48.d.F6DF82751DC90FFF65A8147CD05A9533.e.1045","ELEMENT":"f.74186A8BE651698372F974E5DA594C48.d.F6DF82751DC90FFF65A8147CD05A9533.e.1045"}]}
COMMAND: GET /session/fd4fa187b6d5c7f0700d354917c8944f/element/f.74186A8BE651698372F974E5DA594C48.d.F6DF82751DC90FFF65A8147CD05A9533.e.1045/enabled - {}
COMMAND: GET /session/fd4fa187b6d5c7f0700d354917c8944f/screenshot - {}
RESULT: {}
COMMAND: POST /session/fd4fa187b6d5c7f0700d354917c8944f/execute/sync - {"script":"<script> [8489 bytes]","args":[{"element-6066-11e4-a52e-4f735466cecf":"f.74186A8BE651698372F974E5DA594C48.d.F6DF82751DC90FFF65A8147CD05A9533.e.1045","ELEMENT":"f.74186A8BE651698372F974E5DA594C48.d.F6DF82751DC90FFF65A8147CD05A9533.e.1045"}]}
COMMAND: GET /session/fd4fa187b6d5c7f0700d354917c8944f/screenshot - {}
RESULT: {}
RESULT: {"script":"<script> [8489 bytes]","args":[{"element-6066-11e4-a52e-4f735466cecf":"f.74186A8BE651698372F974E5DA594C48.d.F6DF82751DC90FFF65A8147CD05A9533.e.1045","ELEMENT":"f.74186A8BE651698372F974E5DA594C48.d.F6DF82751DC90FFF65A8147CD05A9533.e.1045"}]}
COMMAND: POST /session/fd4fa187b6d5c7f0700d354917c8944f/execute/sync - {"script":"<script> [5351 bytes]","args":[{"element-6066-11e4-a52e-4f735466cecf":"f.74186A8BE651698372F974E5DA594C48.d.F6DF82751DC90FFF65A8147CD05A9533.e.1045","ELEMENT":"f.74186A8BE651698372F974E5DA594C48.d.F6DF82751DC90FFF65A8147CD05A9533.e.1045"}]}
COMMAND: GET /session/fd4fa187b6d5c7f0700d354917c8944f/screenshot - {}
RESULT: {}
RESULT: {"script":"<script> [5351 bytes]","args":[{"element-6066-11e4-a52e-4f735466cecf":"f.74186A8BE651698372F974E5DA594C48.d.F6DF82751DC90FFF65A8147CD05A9533.e.1045","ELEMENT":"f.74186A8BE651698372F974E5DA594C48.d.F6DF82751DC90FFF65A8147CD05A9533.e.1045"}]}
COMMAND: POST /session/fd4fa187b6d5c7f0700d354917c8944f/element/f.74186A8BE651698372F974E5DA594C48.d.F6DF82751DC90FFF65A8147CD05A9533.e.1045/click - {}
COMMAND: GET /session/fd4fa187b6d5c7f0700d354917c8944f/screenshot - {}
RESULT: {}
RESULT: {}
COMMAND: GET /session/fd4fa187b6d5c7f0700d354917c8944f/screenshot - {}
RESULT: {}
RESULT: {}
COMMAND: POST /session/fd4fa187b6d5c7f0700d354917c8944f/execute/async - {"script":"<script> [1562 bytes]","args":[{"selector":{"id":"application-manageresources-display-component---newResourceUnit--TYPE-arrow"},"wdio_ui5_key":"applicationmanageresources-display-component---newResourceUnit--TYPE-arrow"}]}
RESULT: {"script":"<script> [1562 bytes]","args":[{"selector":{"id":"application-manageresources-display-component---newResourceUnit--TYPE-arrow"},"wdio_ui5_key":"applicationmanageresources-display-component---newResourceUnit--TYPE-arrow"}]}
RESULT: undefined
COMMAND: POST /session/fd4fa187b6d5c7f0700d354917c8944f/element - {"using":"xpath","value":"//*[@id=\"application-manageresources-display-component---newResourceUnit--TYPE-arrow\"]"}
RESULT: {"using":"xpath","value":"//*[@id=\"application-manageresources-display-component---newResourceUnit--TYPE-arrow\"]"}
COMMAND: POST /session/fd4fa187b6d5c7f0700d354917c8944f/element/f.74186A8BE651698372F974E5DA594C48.d.F6DF82751DC90FFF65A8147CD05A9533.e.1390/click - {}
RESULT: {}
COMMAND: POST /session/fd4fa187b6d5c7f0700d354917c8944f/element - {"using":"xpath","value":"//input[@id=\"application-manageresources-display-component---newResourceUnit--TYPE-inner\"]"}
COMMAND: GET /session/fd4fa187b6d5c7f0700d354917c8944f/screenshot - {}
RESULT: {"using":"xpath","value":"//input[@id=\"application-manageresources-display-component---newResourceUnit--TYPE-inner\"]"}
COMMAND: POST /session/fd4fa187b6d5c7f0700d354917c8944f/element/f.74186A8BE651698372F974E5DA594C48.d.F6DF82751DC90FFF65A8147CD05A9533.e.1386/clear - {}
RESULT: {}
RESULT: {}
COMMAND: POST /session/fd4fa187b6d5c7f0700d354917c8944f/element/f.74186A8BE651698372F974E5DA594C48.d.F6DF82751DC90FFF65A8147CD05A9533.e.1386/value - {"text":"Equipment"}
COMMAND: GET /session/fd4fa187b6d5c7f0700d354917c8944f/screenshot - {}
RESULT: {"text":"Equipment"}
COMMAND: GET /session/fd4fa187b6d5c7f0700d354917c8944f/screenshot - {}
RESULT: {}
RESULT: {}
COMMAND: POST /session/fd4fa187b6d5c7f0700d354917c8944f/actions - {"actions":[{"id":"action2","type":"key","parameters":{},"actions":[{"type":"keyDown","value":"î€‡"},{"type":"pause","duration":10},{"type":"keyUp","value":"î€‡"}]}]}
RESULT: {"actions":[{"id":"action2","type":"key","parameters":{},"actions":[{"type":"keyDown","value":"î€‡"},{"type":"pause","duration":10},{"type":"keyUp","value":"î€‡"}]}]}
COMMAND: POST /session/fd4fa187b6d5c7f0700d354917c8944f/execute/async - {"script":"<script> [1562 bytes]","args":[{"selector":{"id":"application-manageresources-display-component---newResourceUnit--resourceId","interaction":{"idSuffix":"inner"}},"wdio_ui5_key":"applicationmanageresources-display-component---newResourceUnit--resourceId"}]}
COMMAND: GET /session/fd4fa187b6d5c7f0700d354917c8944f/screenshot - {}
RESULT: {"script":"<script> [1562 bytes]","args":[{"selector":{"id":"application-manageresources-display-component---newResourceUnit--resourceId","interaction":{"idSuffix":"inner"}},"wdio_ui5_key":"applicationmanageresources-display-component---newResourceUnit--resourceId"}]}
RESULT: undefined
COMMAND: POST /session/fd4fa187b6d5c7f0700d354917c8944f/execute/async - {"script":"<script> [776 bytes]","args":[{"enterText":"KVe3bqOCaB","selector":{"id":"application-manageresources-display-component---newResourceUnit--resourceId","interaction":{"idSuffix":"inner"}},"clearTextFirst":true,"interactionType":"ENTER_TEXT"}]}
RESULT: {}
RESULT: {"script":"<script> [776 bytes]","args":[{"enterText":"KVe3bqOCaB","selector":{"id":"application-manageresources-display-component---newResourceUnit--resourceId","interaction":{"idSuffix":"inner"}},"clearTextFirst":true,"interactionType":"ENTER_TEXT"}]}
COMMAND: POST /session/fd4fa187b6d5c7f0700d354917c8944f/execute/async - {"script":"<script> [1562 bytes]","args":[{"selector":{"id":"application-manageresources-display-component---newResourceUnit--SHORT_TEXT","interaction":{"idSuffix":"inner"}},"wdio_ui5_key":"applicationmanageresources-display-component---newResourceUnit--SHORT_TEXT"}]}
RESULT: {"script":"<script> [1562 bytes]","args":[{"selector":{"id":"application-manageresources-display-component---newResourceUnit--SHORT_TEXT","interaction":{"idSuffix":"inner"}},"wdio_ui5_key":"applicationmanageresources-display-component---newResourceUnit--SHORT_TEXT"}]}
RESULT: undefined
COMMAND: POST /session/fd4fa187b6d5c7f0700d354917c8944f/execute/async - {"script":"<script> [776 bytes]","args":[{"enterText":"Intercompany Equipment WDIO","selector":{"id":"application-manageresources-display-component---newResourceUnit--SHORT_TEXT","interaction":{"idSuffix":"inner"}},"clearTextFirst":true,"interactionType":"ENTER_TEXT"}]}
RESULT: {"script":"<script> [776 bytes]","args":[{"enterText":"Intercompany Equipment WDIO","selector":{"id":"application-manageresources-display-component---newResourceUnit--SHORT_TEXT","interaction":{"idSuffix":"inner"}},"clearTextFirst":true,"interactionType":"ENTER_TEXT"}]}
COMMAND: POST /session/fd4fa187b6d5c7f0700d354917c8944f/execute/async - {"script":"<script> [1562 bytes]","args":[{"selector":{"id":"application-manageresources-display-component---newResourceUnit--BASE_UNIT_OF_MEASURE","interaction":{"idSuffix":"inner"}},"wdio_ui5_key":"applicationmanageresources-display-component---newResourceUnit--BASE_UNIT_OF_MEASURE"}]}
RESULT: {"script":"<script> [1562 bytes]","args":[{"selector":{"id":"application-manageresources-display-component---newResourceUnit--BASE_UNIT_OF_MEASURE","interaction":{"idSuffix":"inner"}},"wdio_ui5_key":"applicationmanageresources-display-component---newResourceUnit--BASE_UNIT_OF_MEASURE"}]}
RESULT: undefined
COMMAND: POST /session/fd4fa187b6d5c7f0700d354917c8944f/execute/async - {"script":"<script> [776 bytes]","args":[{"enterText":"Piece","selector":{"id":"application-manageresources-display-component---newResourceUnit--BASE_UNIT_OF_MEASURE","interaction":{"idSuffix":"inner"}},"clearTextFirst":true,"interactionType":"ENTER_TEXT"}]}
RESULT: {"script":"<script> [776 bytes]","args":[{"enterText":"Piece","selector":{"id":"application-manageresources-display-component---newResourceUnit--BASE_UNIT_OF_MEASURE","interaction":{"idSuffix":"inner"}},"clearTextFirst":true,"interactionType":"ENTER_TEXT"}]}
COMMAND: POST /session/fd4fa187b6d5c7f0700d354917c8944f/execute/async - {"script":"<script> [1562 bytes]","args":[{"selector":{"id":"application-manageresources-display-component---newResourceUnit--WEIGHT_UNIT","interaction":{"idSuffix":"inner"}},"wdio_ui5_key":"applicationmanageresources-display-component---newResourceUnit--WEIGHT_UNIT"}]}
RESULT: {"script":"<script> [1562 bytes]","args":[{"selector":{"id":"application-manageresources-display-component---newResourceUnit--WEIGHT_UNIT","interaction":{"idSuffix":"inner"}},"wdio_ui5_key":"applicationmanageresources-display-component---newResourceUnit--WEIGHT_UNIT"}]}
RESULT: undefined
COMMAND: POST /session/fd4fa187b6d5c7f0700d354917c8944f/execute/async - {"script":"<script> [776 bytes]","args":[{"enterText":"Gram","selector":{"id":"application-manageresources-display-component---newResourceUnit--WEIGHT_UNIT","interaction":{"idSuffix":"inner"}},"clearTextFirst":true,"interactionType":"ENTER_TEXT"}]}
RESULT: {"script":"<script> [776 bytes]","args":[{"enterText":"Gram","selector":{"id":"application-manageresources-display-component---newResourceUnit--WEIGHT_UNIT","interaction":{"idSuffix":"inner"}},"clearTextFirst":true,"interactionType":"ENTER_TEXT"}]}
COMMAND: POST /session/fd4fa187b6d5c7f0700d354917c8944f/execute/async - {"script":"<script> [1562 bytes]","args":[{"selector":{"id":"application-manageresources-display-component---newResourceUnit--DIMENSION_UNIT","interaction":{"idSuffix":"inner"}},"wdio_ui5_key":"applicationmanageresources-display-component---newResourceUnit--DIMENSION_UNIT"}]}
RESULT: {"script":"<script> [1562 bytes]","args":[{"selector":{"id":"application-manageresources-display-component---newResourceUnit--DIMENSION_UNIT","interaction":{"idSuffix":"inner"}},"wdio_ui5_key":"applicationmanageresources-display-component---newResourceUnit--DIMENSION_UNIT"}]}
RESULT: undefined
COMMAND: POST /session/fd4fa187b6d5c7f0700d354917c8944f/execute/async - {"script":"<script> [776 bytes]","args":[{"enterText":"Meter","selector":{"id":"application-manageresources-display-component---newResourceUnit--DIMENSION_UNIT","interaction":{"idSuffix":"inner"}},"clearTextFirst":true,"interactionType":"ENTER_TEXT"}]}
RESULT: {"script":"<script> [776 bytes]","args":[{"enterText":"Meter","selector":{"id":"application-manageresources-display-component---newResourceUnit--DIMENSION_UNIT","interaction":{"idSuffix":"inner"}},"clearTextFirst":true,"interactionType":"ENTER_TEXT"}]}
COMMAND: POST /session/fd4fa187b6d5c7f0700d354917c8944f/execute/async - {"script":"<script> [1562 bytes]","args":[{"selector":{"id":"application-manageresources-display-component---newResourceUnit--newRRUPage-anchBar-application-manageresources-display-component---newResourceUnit--control-anchor","interaction":{"idSuffix":"BDI-content"}},"wdio_ui5_key":"applicationmanageresources-display-component---newResourceUnit--newRRUPage-anchBar-application-manageresources-display-component---newResourceUnit--control-anchor"}]}
RESULT: {"script":"<script> [1562 bytes]","args":[{"selector":{"id":"application-manageresources-display-component---newResourceUnit--newRRUPage-anchBar-application-manageresources-display-component---newResourceUnit--control-anchor","interaction":{"idSuffix":"BDI-content"}},"wdio_ui5_key":"applicationmanageresources-display-component---newResourceUnit--newRRUPage-anchBar-application-manageresources-display-component---newResourceUnit--control-anchor"}]}
RESULT: undefined
COMMAND: POST /session/fd4fa187b6d5c7f0700d354917c8944f/element - {"using":"xpath","value":"//*[@id=\"application-manageresources-display-component---newResourceUnit--newRRUPage-anchBar-application-manageresources-display-component---newResourceUnit--control-anchor\"]"}
RESULT: {"using":"xpath","value":"//*[@id=\"application-manageresources-display-component---newResourceUnit--newRRUPage-anchBar-application-manageresources-display-component---newResourceUnit--control-anchor\"]"}
COMMAND: POST /session/fd4fa187b6d5c7f0700d354917c8944f/element/f.74186A8BE651698372F974E5DA594C48.d.F6DF82751DC90FFF65A8147CD05A9533.e.1521/click - {}
RESULT: {}
COMMAND: POST /session/fd4fa187b6d5c7f0700d354917c8944f/execute/async - {"script":"<script> [1562 bytes]","args":[{"selector":{"id":"application-manageresources-display-component---newResourceUnit--PLANNING_GROUP","interaction":{"idSuffix":"inner"}},"wdio_ui5_key":"applicationmanageresources-display-component---newResourceUnit--PLANNING_GROUP"}]}
COMMAND: GET /session/fd4fa187b6d5c7f0700d354917c8944f/screenshot - {}
RESULT: {"script":"<script> [1562 bytes]","args":[{"selector":{"id":"application-manageresources-display-component---newResourceUnit--PLANNING_GROUP","interaction":{"idSuffix":"inner"}},"wdio_ui5_key":"applicationmanageresources-display-component---newResourceUnit--PLANNING_GROUP"}]}
RESULT: undefined
COMMAND: POST /session/fd4fa187b6d5c7f0700d354917c8944f/execute/async - {"script":"<script> [776 bytes]","args":[{"enterText":"Heavy Equi","selector":{"id":"application-manageresources-display-component---newResourceUnit--PLANNING_GROUP","interaction":{"idSuffix":"inner"}},"clearTextFirst":true,"interactionType":"ENTER_TEXT"}]}
RESULT: {}
RESULT: {"script":"<script> [776 bytes]","args":[{"enterText":"Heavy Equi","selector":{"id":"application-manageresources-display-component---newResourceUnit--PLANNING_GROUP","interaction":{"idSuffix":"inner"}},"clearTextFirst":true,"interactionType":"ENTER_TEXT"}]}
COMMAND: POST /session/fd4fa187b6d5c7f0700d354917c8944f/execute/async - {"script":"<script> [1562 bytes]","args":[{"selector":{"id":"application-manageresources-display-component---newResourceUnit--ITEM_TYPE-arrow"},"wdio_ui5_key":"applicationmanageresources-display-component---newResourceUnit--ITEM_TYPE-arrow"}]}
RESULT: {"script":"<script> [1562 bytes]","args":[{"selector":{"id":"application-manageresources-display-component---newResourceUnit--ITEM_TYPE-arrow"},"wdio_ui5_key":"applicationmanageresources-display-component---newResourceUnit--ITEM_TYPE-arrow"}]}
RESULT: undefined
COMMAND: POST /session/fd4fa187b6d5c7f0700d354917c8944f/element - {"using":"xpath","value":"//*[@id=\"application-manageresources-display-component---newResourceUnit--ITEM_TYPE-arrow\"]"}
RESULT: {"using":"xpath","value":"//*[@id=\"application-manageresources-display-component---newResourceUnit--ITEM_TYPE-arrow\"]"}
COMMAND: POST /session/fd4fa187b6d5c7f0700d354917c8944f/element/f.74186A8BE651698372F974E5DA594C48.d.F6DF82751DC90FFF65A8147CD05A9533.e.1528/click - {}
RESULT: {}
COMMAND: POST /session/fd4fa187b6d5c7f0700d354917c8944f/element - {"using":"xpath","value":"(//span[contains(text(), \"Resource Unit\")])[2]"}
COMMAND: GET /session/fd4fa187b6d5c7f0700d354917c8944f/screenshot - {}
RESULT: {}
RESULT: {"using":"xpath","value":"(//span[contains(text(), \"Resource Unit\")])[2]"}
COMMAND: POST /session/fd4fa187b6d5c7f0700d354917c8944f/element/f.74186A8BE651698372F974E5DA594C48.d.F6DF82751DC90FFF65A8147CD05A9533.e.1529/click - {}
RESULT: {}
COMMAND: GET /session/fd4fa187b6d5c7f0700d354917c8944f/screenshot - {}
RESULT: {}
COMMAND: POST /session/fd4fa187b6d5c7f0700d354917c8944f/element - {"using":"css selector","value":"#application-manageresources-display-component---newResourceUnit--btnAddTimeSegment"}
RESULT: {"using":"css selector","value":"#application-manageresources-display-component---newResourceUnit--btnAddTimeSegment"}
COMMAND: GET /session/fd4fa187b6d5c7f0700d354917c8944f/element/f.74186A8BE651698372F974E5DA594C48.d.F6DF82751DC90FFF65A8147CD05A9533.e.1530/rect - {}
RESULT: {}
COMMAND: GET /session/fd4fa187b6d5c7f0700d354917c8944f/window/rect - {}
RESULT: {}
COMMAND: POST /session/fd4fa187b6d5c7f0700d354917c8944f/execute/sync - {"script":"<script> [92 bytes]","args":[]}
RESULT: {"script":"<script> [92 bytes]","args":[]}
COMMAND: POST /session/fd4fa187b6d5c7f0700d354917c8944f/actions - {"actions":[{"id":"action3","type":"wheel","parameters":{},"actions":[{"type":"scroll","x":-1888,"y":-32,"deltaX":0,"deltaY":0,"duration":0,"origin":{"element-6066-11e4-a52e-4f735466cecf":"f.74186A8BE651698372F974E5DA594C48.d.F6DF82751DC90FFF65A8147CD05A9533.e.1530"}}]}]}
COMMAND: GET /session/fd4fa187b6d5c7f0700d354917c8944f/screenshot - {}
RESULT: {}
COMMAND: POST /session/fd4fa187b6d5c7f0700d354917c8944f/execute/sync - {"script":"<script> [79 bytes]","args":[{"element-6066-11e4-a52e-4f735466cecf":"f.74186A8BE651698372F974E5DA594C48.d.F6DF82751DC90FFF65A8147CD05A9533.e.1530","ELEMENT":"f.74186A8BE651698372F974E5DA594C48.d.F6DF82751DC90FFF65A8147CD05A9533.e.1530"},{"block":"start","inline":"nearest"}]}
RESULT: {"script":"<script> [79 bytes]","args":[{"element-6066-11e4-a52e-4f735466cecf":"f.74186A8BE651698372F974E5DA594C48.d.F6DF82751DC90FFF65A8147CD05A9533.e.1530","ELEMENT":"f.74186A8BE651698372F974E5DA594C48.d.F6DF82751DC90FFF65A8147CD05A9533.e.1530"},{"block":"start","inline":"nearest"}]}
COMMAND: POST /session/fd4fa187b6d5c7f0700d354917c8944f/execute/async - {"script":"<script> [1562 bytes]","args":[{"selector":{"id":"application-manageresources-display-component---newResourceUnit--btnAddTimeSegment","interaction":{"idSuffix":"inner"}},"wdio_ui5_key":"applicationmanageresources-display-component---newResourceUnit--btnAddTimeSegment"}]}
COMMAND: GET /session/fd4fa187b6d5c7f0700d354917c8944f/screenshot - {}
RESULT: {"script":"<script> [1562 bytes]","args":[{"selector":{"id":"application-manageresources-display-component---newResourceUnit--btnAddTimeSegment","interaction":{"idSuffix":"inner"}},"wdio_ui5_key":"applicationmanageresources-display-component---newResourceUnit--btnAddTimeSegment"}]}
RESULT: undefined
COMMAND: POST /session/fd4fa187b6d5c7f0700d354917c8944f/element - {"using":"xpath","value":"//*[@id=\"application-manageresources-display-component---newResourceUnit--btnAddTimeSegment\"]"}
RESULT: {}
RESULT: {"using":"xpath","value":"//*[@id=\"application-manageresources-display-component---newResourceUnit--btnAddTimeSegment\"]"}
COMMAND: POST /session/fd4fa187b6d5c7f0700d354917c8944f/element/f.74186A8BE651698372F974E5DA594C48.d.F6DF82751DC90FFF65A8147CD05A9533.e.1530/click - {}
RESULT: {}
COMMAND: GET /session/fd4fa187b6d5c7f0700d354917c8944f/screenshot - {}
RESULT: {}
COMMAND: POST /session/fd4fa187b6d5c7f0700d354917c8944f/element - {"using":"xpath","value":"//input[@id=\"application-manageresources-display-component---newResourceUnit--idRuTSAdmin-application-manageresources-display-component---newResourceUnit--RUTimeSegment-0-inner\"]"}
RESULT: {"using":"xpath","value":"//input[@id=\"application-manageresources-display-component---newResourceUnit--idRuTSAdmin-application-manageresources-display-component---newResourceUnit--RUTimeSegment-0-inner\"]"}
COMMAND: POST /session/fd4fa187b6d5c7f0700d354917c8944f/element/f.74186A8BE651698372F974E5DA594C48.d.F6DF82751DC90FFF65A8147CD05A9533.e.1536/clear - {}
RESULT: {}
COMMAND: POST /session/fd4fa187b6d5c7f0700d354917c8944f/element/f.74186A8BE651698372F974E5DA594C48.d.F6DF82751DC90FFF65A8147CD05A9533.e.1536/value - {"text":"270"}
COMMAND: GET /session/fd4fa187b6d5c7f0700d354917c8944f/screenshot - {}
RESULT: {"text":"270"}
COMMAND: GET /session/fd4fa187b6d5c7f0700d354917c8944f/screenshot - {}
RESULT: {}
RESULT: {}
COMMAND: POST /session/fd4fa187b6d5c7f0700d354917c8944f/element - {"using":"xpath","value":"//li[.//span[text()='270']]"}
RESULT: {"using":"xpath","value":"//li[.//span[text()='270']]"}
COMMAND: POST /session/fd4fa187b6d5c7f0700d354917c8944f/element/f.74186A8BE651698372F974E5DA594C48.d.F6DF82751DC90FFF65A8147CD05A9533.e.1548/click - {}
RESULT: {}
COMMAND: GET /session/fd4fa187b6d5c7f0700d354917c8944f/screenshot - {}
RESULT: {}
COMMAND: POST /session/fd4fa187b6d5c7f0700d354917c8944f/element - {"using":"xpath","value":"(//span[contains(@id, \"-application-manageresources-display-component---newResourceUnit--RUTimeSegment-0-arrow\")])[6]"}
RESULT: {"using":"xpath","value":"(//span[contains(@id, \"-application-manageresources-display-component---newResourceUnit--RUTimeSegment-0-arrow\")])[6]"}
COMMAND: POST /session/fd4fa187b6d5c7f0700d354917c8944f/element/f.74186A8BE651698372F974E5DA594C48.d.F6DF82751DC90FFF65A8147CD05A9533.e.1549/click - {}
RESULT: {}
COMMAND: GET /session/fd4fa187b6d5c7f0700d354917c8944f/screenshot - {}
RESULT: {}
COMMAND: POST /session/fd4fa187b6d5c7f0700d354917c8944f/element - {"using":"xpath","value":"//span[contains(text(), \"PM Order\")]"}
RESULT: {"using":"xpath","value":"//span[contains(text(), \"PM Order\")]"}
COMMAND: POST /session/fd4fa187b6d5c7f0700d354917c8944f/element/f.74186A8BE651698372F974E5DA594C48.d.F6DF82751DC90FFF65A8147CD05A9533.e.1552/click - {}
RESULT: {}
COMMAND: GET /session/fd4fa187b6d5c7f0700d354917c8944f/screenshot - {}
RESULT: {}
COMMAND: POST /session/fd4fa187b6d5c7f0700d354917c8944f/element - {"using":"xpath","value":"(//span[contains(@id ,\"manageresources-display-component---newResourceUnit--RUTimeSegment-0-vhi\")])[1]"}
RESULT: {"using":"xpath","value":"(//span[contains(@id ,\"manageresources-display-component---newResourceUnit--RUTimeSegment-0-vhi\")])[1]"}
COMMAND: GET /session/fd4fa187b6d5c7f0700d354917c8944f/element/f.74186A8BE651698372F974E5DA594C48.d.F6DF82751DC90FFF65A8147CD05A9533.e.1556/rect - {}
RESULT: {}
COMMAND: GET /session/fd4fa187b6d5c7f0700d354917c8944f/window/rect - {}
RESULT: {}
COMMAND: POST /session/fd4fa187b6d5c7f0700d354917c8944f/execute/sync - {"script":"<script> [92 bytes]","args":[]}
RESULT: {"script":"<script> [92 bytes]","args":[]}
COMMAND: POST /session/fd4fa187b6d5c7f0700d354917c8944f/actions - {"actions":[{"id":"action4","type":"wheel","parameters":{},"actions":[{"type":"scroll","x":-869,"y":-24,"deltaX":0,"deltaY":0,"duration":0,"origin":{"element-6066-11e4-a52e-4f735466cecf":"f.74186A8BE651698372F974E5DA594C48.d.F6DF82751DC90FFF65A8147CD05A9533.e.1556"}}]}]}
COMMAND: GET /session/fd4fa187b6d5c7f0700d354917c8944f/screenshot - {}
RESULT: {"actions":[{"id":"action4","type":"wheel","parameters":{},"actions":[{"type":"scroll","x":-869,"y":-24,"deltaX":0,"deltaY":0,"duration":0,"origin":{"element-6066-11e4-a52e-4f735466cecf":"f.74186A8BE651698372F974E5DA594C48.d.F6DF82751DC90FFF65A8147CD05A9533.e.1556"}}]}]}
COMMAND: DELETE /session/fd4fa187b6d5c7f0700d354917c8944f/actions - {}
COMMAND: GET /session/fd4fa187b6d5c7f0700d354917c8944f/screenshot - {}
RESULT: {}
RESULT: {}
COMMAND: GET /session/fd4fa187b6d5c7f0700d354917c8944f/screenshot - {}
RESULT: {}
RESULT: {}
COMMAND: POST /session/fd4fa187b6d5c7f0700d354917c8944f/element/f.74186A8BE651698372F974E5DA594C48.d.F6DF82751DC90FFF65A8147CD05A9533.e.1556/click - {}
RESULT: {}
COMMAND: GET /session/fd4fa187b6d5c7f0700d354917c8944f/screenshot - {}
RESULT: {}
RESULT: undefined
COMMAND: POST /session/fd4fa187b6d5c7f0700d354917c8944f/execute/async - {"script":"<script> [776 bytes]","args":[{"enterText":"4000360","selector":{"controlType":"sap.m.SearchField","properties":{"placeholder":"Search"},"searchOpenDialogs":true,"interaction":{"idSuffix":"I"}},"clearTextFirst":true,"interactionType":"ENTER_TEXT"}]}
RESULT: {"script":"<script> [776 bytes]","args":[{"enterText":"4000360","selector":{"controlType":"sap.m.SearchField","properties":{"placeholder":"Search"},"searchOpenDialogs":true,"interaction":{"idSuffix":"I"}},"clearTextFirst":true,"interactionType":"ENTER_TEXT"}]}
COMMAND: POST /session/fd4fa187b6d5c7f0700d354917c8944f/actions - {"actions":[{"id":"action5","type":"key","parameters":{},"actions":[{"type":"keyDown","value":"î€‡"},{"type":"pause","duration":10},{"type":"keyUp","value":"î€‡"}]}]}
RESULT: {"actions":[{"id":"action5","type":"key","parameters":{},"actions":[{"type":"keyDown","value":"î€‡"},{"type":"pause","duration":10},{"type":"keyUp","value":"î€‡"}]}]}
COMMAND: GET /session/fd4fa187b6d5c7f0700d354917c8944f/screenshot - {}
RESULT: {}
COMMAND: POST /session/fd4fa187b6d5c7f0700d354917c8944f/element - {"using":"xpath","value":"//td/div/span[contains(text(), \"BGL Vehicles\")]"}
RESULT: {"using":"xpath","value":"//td/div/span[contains(text(), \"BGL Vehicles\")]"}
COMMAND: POST /session/fd4fa187b6d5c7f0700d354917c8944f/element/f.74186A8BE651698372F974E5DA594C48.d.F6DF82751DC90FFF65A8147CD05A9533.e.1577/click - {}
RESULT: {}
COMMAND: GET /session/fd4fa187b6d5c7f0700d354917c8944f/screenshot - {}
RESULT: {}
COMMAND: POST /session/fd4fa187b6d5c7f0700d354917c8944f/element - {"using":"xpath","value":"//bdi[contains(text(), \"OK\")]"}
RESULT: {"using":"xpath","value":"//bdi[contains(text(), \"OK\")]"}
COMMAND: POST /session/fd4fa187b6d5c7f0700d354917c8944f/element/f.74186A8BE651698372F974E5DA594C48.d.F6DF82751DC90FFF65A8147CD05A9533.e.1578/click - {}
RESULT: {}
COMMAND: GET /session/fd4fa187b6d5c7f0700d354917c8944f/screenshot - {}
RESULT: {}
COMMAND: POST /session/fd4fa187b6d5c7f0700d354917c8944f/execute/async - {"script":"<script> [1562 bytes]","args":[{"selector":{"id":"application-manageresources-display-component---newResourceUnit--newRRUPage-anchBar-application-manageresources-display-component---newResourceUnit--resource-anchor","interaction":{"idSuffix":"BDI-content"}},"wdio_ui5_key":"applicationmanageresources-display-component---newResourceUnit--newRRUPage-anchBar-application-manageresources-display-component---newResourceUnit--resource-anchor"}]}
RESULT: {"script":"<script> [1562 bytes]","args":[{"selector":{"id":"application-manageresources-display-component---newResourceUnit--newRRUPage-anchBar-application-manageresources-display-component---newResourceUnit--resource-anchor","interaction":{"idSuffix":"BDI-content"}},"wdio_ui5_key":"applicationmanageresources-display-component---newResourceUnit--newRRUPage-anchBar-application-manageresources-display-component---newResourceUnit--resource-anchor"}]}
RESULT: undefined
COMMAND: POST /session/fd4fa187b6d5c7f0700d354917c8944f/element - {"using":"xpath","value":"//*[@id=\"application-manageresources-display-component---newResourceUnit--newRRUPage-anchBar-application-manageresources-display-component---newResourceUnit--resource-anchor\"]"}
RESULT: {"using":"xpath","value":"//*[@id=\"application-manageresources-display-component---newResourceUnit--newRRUPage-anchBar-application-manageresources-display-component---newResourceUnit--resource-anchor\"]"}
COMMAND: POST /session/fd4fa187b6d5c7f0700d354917c8944f/element/f.74186A8BE651698372F974E5DA594C48.d.F6DF82751DC90FFF65A8147CD05A9533.e.1582/click - {}
RESULT: {}
COMMAND: POST /session/fd4fa187b6d5c7f0700d354917c8944f/execute/async - {"script":"<script> [1562 bytes]","args":[{"selector":{"id":"application-manageresources-display-component---newResourceUnit--PLANNED_DELIVERY_DATE","interaction":{"idSuffix":"inner"}},"wdio_ui5_key":"applicationmanageresources-display-component---newResourceUnit--PLANNED_DELIVERY_DATE"}]}
COMMAND: GET /session/fd4fa187b6d5c7f0700d354917c8944f/screenshot - {}
RESULT: {"script":"<script> [1562 bytes]","args":[{"selector":{"id":"application-manageresources-display-component---newResourceUnit--PLANNED_DELIVERY_DATE","interaction":{"idSuffix":"inner"}},"wdio_ui5_key":"applicationmanageresources-display-component---newResourceUnit--PLANNED_DELIVERY_DATE"}]}
RESULT: undefined
COMMAND: POST /session/fd4fa187b6d5c7f0700d354917c8944f/execute/async - {"script":"<script> [6424 bytes]","args":[{"element-6066-11e4-a52e-4f735466cecf":"f.74186A8BE651698372F974E5DA594C48.d.F6DF82751DC90FFF65A8147CD05A9533.e.1446"},"setValue",["5/13/25"]]}
RESULT: {}
RESULT: {"script":"<script> [6424 bytes]","args":[{"element-6066-11e4-a52e-4f735466cecf":"f.74186A8BE651698372F974E5DA594C48.d.F6DF82751DC90FFF65A8147CD05A9533.e.1446"},"setValue",["5/13/25"]]}
COMMAND: POST /session/fd4fa187b6d5c7f0700d354917c8944f/element - {"using":"xpath","value":"//label[contains(@class, 'sapMLabelRequired') and .//bdi[contains(text(), 'Planned Retirement')]]"}
RESULT: {"using":"xpath","value":"//label[contains(@class, 'sapMLabelRequired') and .//bdi[contains(text(), 'Planned Retirement')]]"}
COMMAND: POST /session/fd4fa187b6d5c7f0700d354917c8944f/elements - {"using":"xpath","value":"//label[contains(@class, 'sapMLabelRequired') and .//bdi[contains(text(), 'Planned Retirement')]]"}
RESULT: {"using":"xpath","value":"//label[contains(@class, 'sapMLabelRequired') and .//bdi[contains(text(), 'Planned Retirement')]]"}
COMMAND: POST /session/fd4fa187b6d5c7f0700d354917c8944f/element - {"using":"xpath","value":"//button[@data-kt=\"resourceUnitSaveButton\"]"}
RESULT: {"using":"xpath","value":"//button[@data-kt=\"resourceUnitSaveButton\"]"}
COMMAND: POST /session/fd4fa187b6d5c7f0700d354917c8944f/element/f.74186A8BE651698372F974E5DA594C48.d.F6DF82751DC90FFF65A8147CD05A9533.e.1407/click - {}
RESULT: {}
COMMAND: GET /session/fd4fa187b6d5c7f0700d354917c8944f/screenshot - {}
RESULT: {}
COMMAND: POST /session/fd4fa187b6d5c7f0700d354917c8944f/element - {"using":"xpath","value":"//bdi[contains(text(), \"Close\")]"}
RESULT: {"using":"xpath","value":"//bdi[contains(text(), \"Close\")]"}
COMMAND: POST /session/fd4fa187b6d5c7f0700d354917c8944f/element/f.74186A8BE651698372F974E5DA594C48.d.F6DF82751DC90FFF65A8147CD05A9533.e.1592/click - {}
RESULT: {}
COMMAND: GET /session/fd4fa187b6d5c7f0700d354917c8944f/screenshot - {}
RESULT: {}
COMMAND: POST /session/fd4fa187b6d5c7f0700d354917c8944f/element - {"using":"xpath","value":"(//button[contains(@id ,\"actionsToolbar-overflowButton\")])[1]"}
RESULT: {"using":"xpath","value":"(//button[contains(@id ,\"actionsToolbar-overflowButton\")])[1]"}
COMMAND: POST /session/fd4fa187b6d5c7f0700d354917c8944f/element/f.74186A8BE651698372F974E5DA594C48.d.F6DF82751DC90FFF65A8147CD05A9533.e.1624/click - {}
RESULT: {}
COMMAND: GET /session/fd4fa187b6d5c7f0700d354917c8944f/screenshot - {}
RESULT: {}
COMMAND: POST /session/fd4fa187b6d5c7f0700d354917c8944f/element - {"using":"xpath","value":"//button[@data-kt=\"priceInfoButton\"]"}
RESULT: {"using":"xpath","value":"//button[@data-kt=\"priceInfoButton\"]"}
COMMAND: POST /session/fd4fa187b6d5c7f0700d354917c8944f/element/f.74186A8BE651698372F974E5DA594C48.d.F6DF82751DC90FFF65A8147CD05A9533.e.1627/click - {}
RESULT: {}
COMMAND: GET /session/fd4fa187b6d5c7f0700d354917c8944f/screenshot - {}
RESULT: {}
COMMAND: POST /session/fd4fa187b6d5c7f0700d354917c8944f/element - {"using":"css selector","value":"#shell-header-logo"}
RESULT: {"using":"css selector","value":"#shell-header-logo"}
COMMAND: POST /session/fd4fa187b6d5c7f0700d354917c8944f/element/f.74186A8BE651698372F974E5DA594C48.d.F6DF82751DC90FFF65A8147CD05A9533.e.1005/click - {}
RESULT: {}
]]></system-out>
    </testcase>
    <testcase classname="chrome.136_0_7103_49.windows.Create_condition_pricing_US117289_US134625" name="Should create new condition" time="87.053">
      <system-out><![CDATA[
COMMAND: POST /session/fd4fa187b6d5c7f0700d354917c8944f/execute/async - {"script":"<script> [1562 bytes]","args":[{"selector":{"controlType":"sap.m.Text","properties":{"text":"Manage Conditions & Prices"},"interaction":{"idSuffix":"inner"}},"wdio_ui5_key":"sapm.Text{\"text\":\"Manage Conditions & Prices\"}"}]}
COMMAND: GET /session/fd4fa187b6d5c7f0700d354917c8944f/screenshot - {}
RESULT: {"script":"<script> [1562 bytes]","args":[{"selector":{"controlType":"sap.m.Text","properties":{"text":"Manage Conditions & Prices"},"interaction":{"idSuffix":"inner"}},"wdio_ui5_key":"sapm.Text{\"text\":\"Manage Conditions & Prices\"}"}]}
RESULT: undefined
COMMAND: POST /session/fd4fa187b6d5c7f0700d354917c8944f/element - {"using":"xpath","value":"//*[@id=\"__tile53-title\"]"}
RESULT: {}
RESULT: {"using":"xpath","value":"//*[@id=\"__tile53-title\"]"}
COMMAND: POST /session/fd4fa187b6d5c7f0700d354917c8944f/element/f.74186A8BE651698372F974E5DA594C48.d.F6DF82751DC90FFF65A8147CD05A9533.e.1691/click - {}
RESULT: {}
COMMAND: POST /session/fd4fa187b6d5c7f0700d354917c8944f/element - {"using":"xpath","value":"//button[@aria-label=\"Create\"]"}
COMMAND: GET /session/fd4fa187b6d5c7f0700d354917c8944f/screenshot - {}
RESULT: {"using":"xpath","value":"//button[@aria-label=\"Create\"]"}
COMMAND: POST /session/fd4fa187b6d5c7f0700d354917c8944f/elements - {"using":"xpath","value":"//button[@aria-label=\"Create\"]"}
RESULT: {}
RESULT: {"using":"xpath","value":"//button[@aria-label=\"Create\"]"}
COMMAND: POST /session/fd4fa187b6d5c7f0700d354917c8944f/elements - {"using":"xpath","value":"//button[@aria-label=\"Create\"]"}
RESULT: {"using":"xpath","value":"//button[@aria-label=\"Create\"]"}
COMMAND: POST /session/fd4fa187b6d5c7f0700d354917c8944f/elements - {"using":"xpath","value":"//button[@aria-label=\"Create\"]"}
RESULT: {"using":"xpath","value":"//button[@aria-label=\"Create\"]"}
COMMAND: POST /session/fd4fa187b6d5c7f0700d354917c8944f/elements - {"using":"xpath","value":"//button[@aria-label=\"Create\"]"}
RESULT: {"using":"xpath","value":"//button[@aria-label=\"Create\"]"}
COMMAND: POST /session/fd4fa187b6d5c7f0700d354917c8944f/elements - {"using":"xpath","value":"//button[@aria-label=\"Create\"]"}
RESULT: {"using":"xpath","value":"//button[@aria-label=\"Create\"]"}
COMMAND: POST /session/fd4fa187b6d5c7f0700d354917c8944f/elements - {"using":"xpath","value":"//button[@aria-label=\"Create\"]"}
RESULT: {"using":"xpath","value":"//button[@aria-label=\"Create\"]"}
COMMAND: POST /session/fd4fa187b6d5c7f0700d354917c8944f/element - {"using":"xpath","value":"//button[@aria-label=\"Create\"]"}
RESULT: {"using":"xpath","value":"//button[@aria-label=\"Create\"]"}
COMMAND: POST /session/fd4fa187b6d5c7f0700d354917c8944f/execute/sync - {"script":"<script> [8489 bytes]","args":[{"element-6066-11e4-a52e-4f735466cecf":"f.74186A8BE651698372F974E5DA594C48.d.F6DF82751DC90FFF65A8147CD05A9533.e.1732","ELEMENT":"f.74186A8BE651698372F974E5DA594C48.d.F6DF82751DC90FFF65A8147CD05A9533.e.1732"}]}
RESULT: {"script":"<script> [8489 bytes]","args":[{"element-6066-11e4-a52e-4f735466cecf":"f.74186A8BE651698372F974E5DA594C48.d.F6DF82751DC90FFF65A8147CD05A9533.e.1732","ELEMENT":"f.74186A8BE651698372F974E5DA594C48.d.F6DF82751DC90FFF65A8147CD05A9533.e.1732"}]}
COMMAND: GET /session/fd4fa187b6d5c7f0700d354917c8944f/element/f.74186A8BE651698372F974E5DA594C48.d.F6DF82751DC90FFF65A8147CD05A9533.e.1732/enabled - {}
COMMAND: GET /session/fd4fa187b6d5c7f0700d354917c8944f/screenshot - {}
RESULT: {}
COMMAND: POST /session/fd4fa187b6d5c7f0700d354917c8944f/execute/sync - {"script":"<script> [8489 bytes]","args":[{"element-6066-11e4-a52e-4f735466cecf":"f.74186A8BE651698372F974E5DA594C48.d.F6DF82751DC90FFF65A8147CD05A9533.e.1732","ELEMENT":"f.74186A8BE651698372F974E5DA594C48.d.F6DF82751DC90FFF65A8147CD05A9533.e.1732"}]}
COMMAND: GET /session/fd4fa187b6d5c7f0700d354917c8944f/screenshot - {}
RESULT: {}
RESULT: {"script":"<script> [8489 bytes]","args":[{"element-6066-11e4-a52e-4f735466cecf":"f.74186A8BE651698372F974E5DA594C48.d.F6DF82751DC90FFF65A8147CD05A9533.e.1732","ELEMENT":"f.74186A8BE651698372F974E5DA594C48.d.F6DF82751DC90FFF65A8147CD05A9533.e.1732"}]}
COMMAND: POST /session/fd4fa187b6d5c7f0700d354917c8944f/execute/sync - {"script":"<script> [5351 bytes]","args":[{"element-6066-11e4-a52e-4f735466cecf":"f.74186A8BE651698372F974E5DA594C48.d.F6DF82751DC90FFF65A8147CD05A9533.e.1732","ELEMENT":"f.74186A8BE651698372F974E5DA594C48.d.F6DF82751DC90FFF65A8147CD05A9533.e.1732"}]}
COMMAND: GET /session/fd4fa187b6d5c7f0700d354917c8944f/screenshot - {}
RESULT: {}
RESULT: {"script":"<script> [5351 bytes]","args":[{"element-6066-11e4-a52e-4f735466cecf":"f.74186A8BE651698372F974E5DA594C48.d.F6DF82751DC90FFF65A8147CD05A9533.e.1732","ELEMENT":"f.74186A8BE651698372F974E5DA594C48.d.F6DF82751DC90FFF65A8147CD05A9533.e.1732"}]}
COMMAND: POST /session/fd4fa187b6d5c7f0700d354917c8944f/element/f.74186A8BE651698372F974E5DA594C48.d.F6DF82751DC90FFF65A8147CD05A9533.e.1732/click - {}
COMMAND: GET /session/fd4fa187b6d5c7f0700d354917c8944f/screenshot - {}
RESULT: {}
RESULT: {}
COMMAND: GET /session/fd4fa187b6d5c7f0700d354917c8944f/screenshot - {}
RESULT: {}
RESULT: {}
COMMAND: POST /session/fd4fa187b6d5c7f0700d354917c8944f/actions - {"actions":[{"id":"action6","type":"key","parameters":{},"actions":[{"type":"keyDown","value":"î€‡"},{"type":"pause","duration":10},{"type":"keyUp","value":"î€‡"}]}]}
RESULT: {"actions":[{"id":"action6","type":"key","parameters":{},"actions":[{"type":"keyDown","value":"î€‡"},{"type":"pause","duration":10},{"type":"keyUp","value":"î€‡"}]}]}
COMMAND: GET /session/fd4fa187b6d5c7f0700d354917c8944f/screenshot - {}
RESULT: {}
COMMAND: POST /session/fd4fa187b6d5c7f0700d354917c8944f/execute/async - {"script":"<script> [1562 bytes]","args":[{"selector":{"id":"application-manageconditionprice-display-component---newCondition--condBillCond-arrow"},"wdio_ui5_key":"applicationmanageconditionprice-display-component---newCondition--condBillCond-arrow"}]}
RESULT: {"script":"<script> [1562 bytes]","args":[{"selector":{"id":"application-manageconditionprice-display-component---newCondition--condBillCond-arrow"},"wdio_ui5_key":"applicationmanageconditionprice-display-component---newCondition--condBillCond-arrow"}]}
RESULT: undefined
COMMAND: POST /session/fd4fa187b6d5c7f0700d354917c8944f/element - {"using":"xpath","value":"//*[@id=\"application-manageconditionprice-display-component---newCondition--condBillCond-arrow\"]"}
RESULT: {"using":"xpath","value":"//*[@id=\"application-manageconditionprice-display-component---newCondition--condBillCond-arrow\"]"}
COMMAND: POST /session/fd4fa187b6d5c7f0700d354917c8944f/element/f.74186A8BE651698372F974E5DA594C48.d.F6DF82751DC90FFF65A8147CD05A9533.e.1939/click - {}
RESULT: {}
COMMAND: GET /session/fd4fa187b6d5c7f0700d354917c8944f/screenshot - {}
RESULT: {}
COMMAND: POST /session/fd4fa187b6d5c7f0700d354917c8944f/element - {"using":"xpath","value":"//li[.//span[contains(text(), \"SAPR - Sales price\")]]"}
RESULT: {"using":"xpath","value":"//li[.//span[contains(text(), \"SAPR - Sales price\")]]"}
COMMAND: POST /session/fd4fa187b6d5c7f0700d354917c8944f/element/f.74186A8BE651698372F974E5DA594C48.d.F6DF82751DC90FFF65A8147CD05A9533.e.1942/click - {}
RESULT: {}
COMMAND: GET /session/fd4fa187b6d5c7f0700d354917c8944f/screenshot - {}
RESULT: {}
COMMAND: POST /session/fd4fa187b6d5c7f0700d354917c8944f/execute/async - {"script":"<script> [1562 bytes]","args":[{"selector":{"id":"application-manageconditionprice-display-component---newCondition--condValidTo","interaction":{"idSuffix":"inner"}},"wdio_ui5_key":"applicationmanageconditionprice-display-component---newCondition--condValidTo"}]}
RESULT: {"script":"<script> [1562 bytes]","args":[{"selector":{"id":"application-manageconditionprice-display-component---newCondition--condValidTo","interaction":{"idSuffix":"inner"}},"wdio_ui5_key":"applicationmanageconditionprice-display-component---newCondition--condValidTo"}]}
RESULT: undefined
COMMAND: POST /session/fd4fa187b6d5c7f0700d354917c8944f/execute/async - {"script":"<script> [776 bytes]","args":[{"enterText":"01/13/26","selector":{"id":"application-manageconditionprice-display-component---newCondition--condValidTo","interaction":{"idSuffix":"inner"}},"clearTextFirst":true,"interactionType":"ENTER_TEXT"}]}
RESULT: {"script":"<script> [776 bytes]","args":[{"enterText":"01/13/26","selector":{"id":"application-manageconditionprice-display-component---newCondition--condValidTo","interaction":{"idSuffix":"inner"}},"clearTextFirst":true,"interactionType":"ENTER_TEXT"}]}
COMMAND: POST /session/fd4fa187b6d5c7f0700d354917c8944f/element - {"using":"xpath","value":"//input[@id=\"application-manageconditionprice-display-component---newCondition--condRU-inner\"]"}
RESULT: {"using":"xpath","value":"//input[@id=\"application-manageconditionprice-display-component---newCondition--condRU-inner\"]"}
COMMAND: POST /session/fd4fa187b6d5c7f0700d354917c8944f/element/f.74186A8BE651698372F974E5DA594C48.d.F6DF82751DC90FFF65A8147CD05A9533.e.1809/clear - {}
RESULT: {}
COMMAND: POST /session/fd4fa187b6d5c7f0700d354917c8944f/element/f.74186A8BE651698372F974E5DA594C48.d.F6DF82751DC90FFF65A8147CD05A9533.e.1809/value - {"text":"KVe3bqOCaB"}
COMMAND: GET /session/fd4fa187b6d5c7f0700d354917c8944f/screenshot - {}
RESULT: {"text":"KVe3bqOCaB"}
COMMAND: GET /session/fd4fa187b6d5c7f0700d354917c8944f/screenshot - {}
RESULT: {}
RESULT: {}
COMMAND: POST /session/fd4fa187b6d5c7f0700d354917c8944f/actions - {"actions":[{"id":"action7","type":"key","parameters":{},"actions":[{"type":"keyDown","value":"î€‡"},{"type":"pause","duration":10},{"type":"keyUp","value":"î€‡"}]}]}
RESULT: {"actions":[{"id":"action7","type":"key","parameters":{},"actions":[{"type":"keyDown","value":"î€‡"},{"type":"pause","duration":10},{"type":"keyUp","value":"î€‡"}]}]}
COMMAND: POST /session/fd4fa187b6d5c7f0700d354917c8944f/execute/async - {"script":"<script> [1562 bytes]","args":[{"selector":{"id":"application-manageconditionprice-display-component---newCondition--condBaseQty","interaction":{"idSuffix":"inner"}},"wdio_ui5_key":"applicationmanageconditionprice-display-component---newCondition--condBaseQty"}]}
COMMAND: GET /session/fd4fa187b6d5c7f0700d354917c8944f/screenshot - {}
RESULT: {"script":"<script> [1562 bytes]","args":[{"selector":{"id":"application-manageconditionprice-display-component---newCondition--condBaseQty","interaction":{"idSuffix":"inner"}},"wdio_ui5_key":"applicationmanageconditionprice-display-component---newCondition--condBaseQty"}]}
RESULT: undefined
COMMAND: POST /session/fd4fa187b6d5c7f0700d354917c8944f/execute/async - {"script":"<script> [776 bytes]","args":[{"enterText":"1","selector":{"id":"application-manageconditionprice-display-component---newCondition--condBaseQty","interaction":{"idSuffix":"inner"}},"clearTextFirst":true,"interactionType":"ENTER_TEXT"}]}
RESULT: {}
RESULT: {"script":"<script> [776 bytes]","args":[{"enterText":"1","selector":{"id":"application-manageconditionprice-display-component---newCondition--condBaseQty","interaction":{"idSuffix":"inner"}},"clearTextFirst":true,"interactionType":"ENTER_TEXT"}]}
COMMAND: POST /session/fd4fa187b6d5c7f0700d354917c8944f/execute/async - {"script":"<script> [1562 bytes]","args":[{"selector":{"id":"application-manageconditionprice-display-component---newCondition--condValue","interaction":{"idSuffix":"inner"}},"wdio_ui5_key":"applicationmanageconditionprice-display-component---newCondition--condValue"}]}
RESULT: {"script":"<script> [1562 bytes]","args":[{"selector":{"id":"application-manageconditionprice-display-component---newCondition--condValue","interaction":{"idSuffix":"inner"}},"wdio_ui5_key":"applicationmanageconditionprice-display-component---newCondition--condValue"}]}
RESULT: undefined
COMMAND: POST /session/fd4fa187b6d5c7f0700d354917c8944f/execute/async - {"script":"<script> [776 bytes]","args":[{"enterText":"200","selector":{"id":"application-manageconditionprice-display-component---newCondition--condValue","interaction":{"idSuffix":"inner"}},"clearTextFirst":true,"interactionType":"ENTER_TEXT"}]}
RESULT: {"script":"<script> [776 bytes]","args":[{"enterText":"200","selector":{"id":"application-manageconditionprice-display-component---newCondition--condValue","interaction":{"idSuffix":"inner"}},"clearTextFirst":true,"interactionType":"ENTER_TEXT"}]}
COMMAND: POST /session/fd4fa187b6d5c7f0700d354917c8944f/execute/async - {"script":"<script> [1562 bytes]","args":[{"selector":{"id":"application-manageconditionprice-display-component---newCondition--condCurr-arrow"},"wdio_ui5_key":"applicationmanageconditionprice-display-component---newCondition--condCurr-arrow"}]}
RESULT: {"script":"<script> [1562 bytes]","args":[{"selector":{"id":"application-manageconditionprice-display-component---newCondition--condCurr-arrow"},"wdio_ui5_key":"applicationmanageconditionprice-display-component---newCondition--condCurr-arrow"}]}
RESULT: undefined
COMMAND: POST /session/fd4fa187b6d5c7f0700d354917c8944f/element - {"using":"xpath","value":"//*[@id=\"application-manageconditionprice-display-component---newCondition--condCurr-arrow\"]"}
RESULT: {"using":"xpath","value":"//*[@id=\"application-manageconditionprice-display-component---newCondition--condCurr-arrow\"]"}
COMMAND: POST /session/fd4fa187b6d5c7f0700d354917c8944f/element/f.74186A8BE651698372F974E5DA594C48.d.F6DF82751DC90FFF65A8147CD05A9533.e.1901/click - {}
RESULT: {}
COMMAND: POST /session/fd4fa187b6d5c7f0700d354917c8944f/element - {"using":"xpath","value":"//span[contains(text(), \"Euro\")]"}
COMMAND: GET /session/fd4fa187b6d5c7f0700d354917c8944f/screenshot - {}
RESULT: {"using":"xpath","value":"//span[contains(text(), \"Euro\")]"}
COMMAND: POST /session/fd4fa187b6d5c7f0700d354917c8944f/element/f.74186A8BE651698372F974E5DA594C48.d.F6DF82751DC90FFF65A8147CD05A9533.e.1976/click - {}
RESULT: {}
RESULT: {}
COMMAND: POST /session/fd4fa187b6d5c7f0700d354917c8944f/element - {"using":"xpath","value":"//button[@data-kt=\"saveButton\"]"}
COMMAND: GET /session/fd4fa187b6d5c7f0700d354917c8944f/screenshot - {}
RESULT: {}
RESULT: {"using":"xpath","value":"//button[@data-kt=\"saveButton\"]"}
COMMAND: POST /session/fd4fa187b6d5c7f0700d354917c8944f/element/f.74186A8BE651698372F974E5DA594C48.d.F6DF82751DC90FFF65A8147CD05A9533.e.1902/click - {}
RESULT: {}
COMMAND: GET /session/fd4fa187b6d5c7f0700d354917c8944f/screenshot - {}
RESULT: {}
COMMAND: POST /session/fd4fa187b6d5c7f0700d354917c8944f/execute/async - {"script":"<script> [1562 bytes]","args":[{"selector":{"id":"application-manageconditionprice-display-component---conditions--smartFilterBar-btnBasicSearch","interaction":{"idSuffix":"I"}},"wdio_ui5_key":"applicationmanageconditionprice-display-component---conditions--smartFilterBar-btnBasicSearch"}]}
RESULT: {"script":"<script> [1562 bytes]","args":[{"selector":{"id":"application-manageconditionprice-display-component---conditions--smartFilterBar-btnBasicSearch","interaction":{"idSuffix":"I"}},"wdio_ui5_key":"applicationmanageconditionprice-display-component---conditions--smartFilterBar-btnBasicSearch"}]}
RESULT: undefined
COMMAND: POST /session/fd4fa187b6d5c7f0700d354917c8944f/execute/async - {"script":"<script> [776 bytes]","args":[{"enterText":"KVe3bqOCaB","selector":{"id":"application-manageconditionprice-display-component---conditions--smartFilterBar-btnBasicSearch","interaction":{"idSuffix":"I"}},"clearTextFirst":true,"interactionType":"ENTER_TEXT"}]}
RESULT: {"script":"<script> [776 bytes]","args":[{"enterText":"KVe3bqOCaB","selector":{"id":"application-manageconditionprice-display-component---conditions--smartFilterBar-btnBasicSearch","interaction":{"idSuffix":"I"}},"clearTextFirst":true,"interactionType":"ENTER_TEXT"}]}
COMMAND: POST /session/fd4fa187b6d5c7f0700d354917c8944f/actions - {"actions":[{"id":"action8","type":"key","parameters":{},"actions":[{"type":"keyDown","value":"î€‡"},{"type":"pause","duration":10},{"type":"keyUp","value":"î€‡"}]}]}
RESULT: {"actions":[{"id":"action8","type":"key","parameters":{},"actions":[{"type":"keyDown","value":"î€‡"},{"type":"pause","duration":10},{"type":"keyUp","value":"î€‡"}]}]}
COMMAND: GET /session/fd4fa187b6d5c7f0700d354917c8944f/screenshot - {}
RESULT: {}
COMMAND: POST /session/fd4fa187b6d5c7f0700d354917c8944f/execute/async - {"script":"<script> [1562 bytes]","args":[{"selector":{"id":"application-manageconditionprice-display-component---conditions--smartFilterBar-filterItemControl_BASIC-BILL_TYPES-vhi"},"wdio_ui5_key":"applicationmanageconditionprice-display-component---conditions--smartFilterBar-filterItemControl_BASIC-BILL_TYPES-vhi"}]}
RESULT: {"script":"<script> [1562 bytes]","args":[{"selector":{"id":"application-manageconditionprice-display-component---conditions--smartFilterBar-filterItemControl_BASIC-BILL_TYPES-vhi"},"wdio_ui5_key":"applicationmanageconditionprice-display-component---conditions--smartFilterBar-filterItemControl_BASIC-BILL_TYPES-vhi"}]}
RESULT: undefined
COMMAND: POST /session/fd4fa187b6d5c7f0700d354917c8944f/element - {"using":"xpath","value":"//*[@id=\"application-manageconditionprice-display-component---conditions--smartFilterBar-filterItemControl_BASIC-BILL_TYPES-vhi\"]"}
RESULT: {"using":"xpath","value":"//*[@id=\"application-manageconditionprice-display-component---conditions--smartFilterBar-filterItemControl_BASIC-BILL_TYPES-vhi\"]"}
COMMAND: POST /session/fd4fa187b6d5c7f0700d354917c8944f/element/f.74186A8BE651698372F974E5DA594C48.d.F6DF82751DC90FFF65A8147CD05A9533.e.2084/click - {}
RESULT: {}
COMMAND: POST /session/fd4fa187b6d5c7f0700d354917c8944f/execute/async - {"script":"<script> [1562 bytes]","args":[{"selector":{"id":"application-manageconditionprice-display-component---conditions--smartFilterBar-filterItemControl_BASIC-BILL_TYPES-valueHelpDialog-smartFilterBar-btnBasicSearch","searchOpenDialogs":true,"interaction":{"idSuffix":"I"}},"wdio_ui5_key":"applicationmanageconditionprice-display-component---conditions--smartFilterBar-filterItemControl_BASIC-BILL_TYPES-valueHelpDialog-smartFilterBar-btnBasicSearch"}]}
COMMAND: GET /session/fd4fa187b6d5c7f0700d354917c8944f/screenshot - {}
RESULT: {"script":"<script> [1562 bytes]","args":[{"selector":{"id":"application-manageconditionprice-display-component---conditions--smartFilterBar-filterItemControl_BASIC-BILL_TYPES-valueHelpDialog-smartFilterBar-btnBasicSearch","searchOpenDialogs":true,"interaction":{"idSuffix":"I"}},"wdio_ui5_key":"applicationmanageconditionprice-display-component---conditions--smartFilterBar-filterItemControl_BASIC-BILL_TYPES-valueHelpDialog-smartFilterBar-btnBasicSearch"}]}
RESULT: undefined
COMMAND: POST /session/fd4fa187b6d5c7f0700d354917c8944f/execute/async - {"script":"<script> [776 bytes]","args":[{"enterText":"one","selector":{"id":"application-manageconditionprice-display-component---conditions--smartFilterBar-filterItemControl_BASIC-BILL_TYPES-valueHelpDialog-smartFilterBar-btnBasicSearch","searchOpenDialogs":true,"interaction":{"idSuffix":"I"}},"clearTextFirst":true,"interactionType":"ENTER_TEXT"}]}
RESULT: {}
RESULT: {"script":"<script> [776 bytes]","args":[{"enterText":"one","selector":{"id":"application-manageconditionprice-display-component---conditions--smartFilterBar-filterItemControl_BASIC-BILL_TYPES-valueHelpDialog-smartFilterBar-btnBasicSearch","searchOpenDialogs":true,"interaction":{"idSuffix":"I"}},"clearTextFirst":true,"interactionType":"ENTER_TEXT"}]}
COMMAND: POST /session/fd4fa187b6d5c7f0700d354917c8944f/actions - {"actions":[{"id":"action9","type":"key","parameters":{},"actions":[{"type":"keyDown","value":"î€‡"},{"type":"pause","duration":10},{"type":"keyUp","value":"î€‡"}]}]}
RESULT: {"actions":[{"id":"action9","type":"key","parameters":{},"actions":[{"type":"keyDown","value":"î€‡"},{"type":"pause","duration":10},{"type":"keyUp","value":"î€‡"}]}]}
COMMAND: GET /session/fd4fa187b6d5c7f0700d354917c8944f/screenshot - {}
RESULT: {}
COMMAND: POST /session/fd4fa187b6d5c7f0700d354917c8944f/element - {"using":"xpath","value":"//div[contains(@id, 'application-manageconditionprice-display-component---conditions--smartFilterBar-filterItemControl_BASIC-BILL_TYPES-valueHelpDialog-table-rowsel0')]"}
RESULT: {"using":"xpath","value":"//div[contains(@id, 'application-manageconditionprice-display-component---conditions--smartFilterBar-filterItemControl_BASIC-BILL_TYPES-valueHelpDialog-table-rowsel0')]"}
COMMAND: POST /session/fd4fa187b6d5c7f0700d354917c8944f/element/f.74186A8BE651698372F974E5DA594C48.d.F6DF82751DC90FFF65A8147CD05A9533.e.2094/click - {}
RESULT: {}
COMMAND: GET /session/fd4fa187b6d5c7f0700d354917c8944f/screenshot - {}
RESULT: {}
COMMAND: POST /session/fd4fa187b6d5c7f0700d354917c8944f/element - {"using":"xpath","value":"//bdi[contains(text(), \"OK\")]"}
RESULT: {"using":"xpath","value":"//bdi[contains(text(), \"OK\")]"}
COMMAND: POST /session/fd4fa187b6d5c7f0700d354917c8944f/element/f.74186A8BE651698372F974E5DA594C48.d.F6DF82751DC90FFF65A8147CD05A9533.e.2096/click - {}
RESULT: {}
COMMAND: GET /session/fd4fa187b6d5c7f0700d354917c8944f/screenshot - {}
RESULT: {}
COMMAND: POST /session/fd4fa187b6d5c7f0700d354917c8944f/element - {"using":"xpath","value":"//span[@id=\"application-manageconditionprice-display-component---conditions--smartTable-header-inner\"]"}
RESULT: {"using":"xpath","value":"//span[@id=\"application-manageconditionprice-display-component---conditions--smartTable-header-inner\"]"}
COMMAND: POST /session/fd4fa187b6d5c7f0700d354917c8944f/elements - {"using":"xpath","value":"//span[@id=\"application-manageconditionprice-display-component---conditions--smartTable-header-inner\"]"}
RESULT: {"using":"xpath","value":"//span[@id=\"application-manageconditionprice-display-component---conditions--smartTable-header-inner\"]"}
COMMAND: POST /session/fd4fa187b6d5c7f0700d354917c8944f/execute/sync - {"script":"<script> [56 bytes]","args":[{"element-6066-11e4-a52e-4f735466cecf":"f.74186A8BE651698372F974E5DA594C48.d.F6DF82751DC90FFF65A8147CD05A9533.e.2099","ELEMENT":"f.74186A8BE651698372F974E5DA594C48.d.F6DF82751DC90FFF65A8147CD05A9533.e.2099"}]}
RESULT: {"script":"<script> [56 bytes]","args":[{"element-6066-11e4-a52e-4f735466cecf":"f.74186A8BE651698372F974E5DA594C48.d.F6DF82751DC90FFF65A8147CD05A9533.e.2099","ELEMENT":"f.74186A8BE651698372F974E5DA594C48.d.F6DF82751DC90FFF65A8147CD05A9533.e.2099"}]}
COMMAND: POST /session/fd4fa187b6d5c7f0700d354917c8944f/element - {"using":"css selector","value":"#shell-header-logo"}
COMMAND: GET /session/fd4fa187b6d5c7f0700d354917c8944f/screenshot - {}
RESULT: {"using":"css selector","value":"#shell-header-logo"}
COMMAND: POST /session/fd4fa187b6d5c7f0700d354917c8944f/element/f.74186A8BE651698372F974E5DA594C48.d.F6DF82751DC90FFF65A8147CD05A9533.e.1694/click - {}
RESULT: {}
RESULT: {}
COMMAND: GET /session/fd4fa187b6d5c7f0700d354917c8944f/screenshot - {}
RESULT: {}
COMMAND: POST /session/fd4fa187b6d5c7f0700d354917c8944f/element - {"using":"css selector","value":"#j_username"}
COMMAND: POST /session/fd4fa187b6d5c7f0700d354917c8944f/url - {"url":"https://qa-testing-00-live-etm-ui.cfapps.eu10-004.hana.ondemand.com/"}
RESULT: {"using":"css selector","value":"#j_username"}
COMMAND: POST /session/fd4fa187b6d5c7f0700d354917c8944f/element - {"using":"css selector","value":"#j_username"}
RESULT: {"url":"https://qa-testing-00-live-etm-ui.cfapps.eu10-004.hana.ondemand.com/"}
RESULT: undefined
COMMAND: GET /session/fd4fa187b6d5c7f0700d354917c8944f/screenshot - {}
RESULT: {"using":"css selector","value":"#j_username"}
COMMAND: POST /session/fd4fa187b6d5c7f0700d354917c8944f/element - {"using":"css selector","value":"#shell-header-logo"}
RESULT: {}
RESULT: {"using":"css selector","value":"#shell-header-logo"}
COMMAND: POST /session/fd4fa187b6d5c7f0700d354917c8944f/execute/sync - {"script":"<script> [8489 bytes]","args":[{"element-6066-11e4-a52e-4f735466cecf":"f.74186A8BE651698372F974E5DA594C48.d.D7296072C36256819E1B3A1197244E68.e.2180","ELEMENT":"f.74186A8BE651698372F974E5DA594C48.d.D7296072C36256819E1B3A1197244E68.e.2180"}]}
RESULT: {"script":"<script> [8489 bytes]","args":[{"element-6066-11e4-a52e-4f735466cecf":"f.74186A8BE651698372F974E5DA594C48.d.D7296072C36256819E1B3A1197244E68.e.2180","ELEMENT":"f.74186A8BE651698372F974E5DA594C48.d.D7296072C36256819E1B3A1197244E68.e.2180"}]}
COMMAND: POST /session/fd4fa187b6d5c7f0700d354917c8944f/element - {"using":"css selector","value":"#shell-header-logo"}
COMMAND: GET /session/fd4fa187b6d5c7f0700d354917c8944f/screenshot - {}
RESULT: {"using":"css selector","value":"#shell-header-logo"}
COMMAND: POST /session/fd4fa187b6d5c7f0700d354917c8944f/execute/sync - {"script":"<script> [8489 bytes]","args":[{"element-6066-11e4-a52e-4f735466cecf":"f.74186A8BE651698372F974E5DA594C48.d.D7296072C36256819E1B3A1197244E68.e.2180","ELEMENT":"f.74186A8BE651698372F974E5DA594C48.d.D7296072C36256819E1B3A1197244E68.e.2180"}]}
RESULT: {}
RESULT: {"script":"<script> [8489 bytes]","args":[{"element-6066-11e4-a52e-4f735466cecf":"f.74186A8BE651698372F974E5DA594C48.d.D7296072C36256819E1B3A1197244E68.e.2180","ELEMENT":"f.74186A8BE651698372F974E5DA594C48.d.D7296072C36256819E1B3A1197244E68.e.2180"}]}
COMMAND: POST /session/fd4fa187b6d5c7f0700d354917c8944f/execute/sync - {"script":"<script> [5351 bytes]","args":[{"element-6066-11e4-a52e-4f735466cecf":"f.74186A8BE651698372F974E5DA594C48.d.D7296072C36256819E1B3A1197244E68.e.2180","ELEMENT":"f.74186A8BE651698372F974E5DA594C48.d.D7296072C36256819E1B3A1197244E68.e.2180"}]}
COMMAND: GET /session/fd4fa187b6d5c7f0700d354917c8944f/screenshot - {}
RESULT: {"script":"<script> [5351 bytes]","args":[{"element-6066-11e4-a52e-4f735466cecf":"f.74186A8BE651698372F974E5DA594C48.d.D7296072C36256819E1B3A1197244E68.e.2180","ELEMENT":"f.74186A8BE651698372F974E5DA594C48.d.D7296072C36256819E1B3A1197244E68.e.2180"}]}
COMMAND: POST /session/fd4fa187b6d5c7f0700d354917c8944f/element - {"using":"css selector","value":"#shell-header-logo"}
COMMAND: GET /session/fd4fa187b6d5c7f0700d354917c8944f/screenshot - {}
RESULT: {}
RESULT: {"using":"css selector","value":"#shell-header-logo"}
COMMAND: POST /session/fd4fa187b6d5c7f0700d354917c8944f/element/f.74186A8BE651698372F974E5DA594C48.d.D7296072C36256819E1B3A1197244E68.e.2180/click - {}
RESULT: {}
RESULT: {}
COMMAND: GET /session/fd4fa187b6d5c7f0700d354917c8944f/screenshot - {}
RESULT: {}
COMMAND: POST /session/fd4fa187b6d5c7f0700d354917c8944f/execute/async - {"script":"<script> [189 bytes]","args":[]}
RESULT: {"script":"<script> [189 bytes]","args":[]}
COMMAND: POST /session/fd4fa187b6d5c7f0700d354917c8944f/execute/async - {"script":"<script> [123 bytes]","args":[]}
RESULT: {"script":"<script> [123 bytes]","args":[]}
COMMAND: POST /session/fd4fa187b6d5c7f0700d354917c8944f/timeouts - {"script":"<number>"}
RESULT: {"script":"<number>"}
COMMAND: GET /session/fd4fa187b6d5c7f0700d354917c8944f/timeouts - {}
RESULT: {}
RESULT: undefined
COMMAND: POST /session/fd4fa187b6d5c7f0700d354917c8944f/execute/async - {"script":"<script> [2676 bytes]","args":[]}
RESULT: {"script":"<script> [2676 bytes]","args":[]}
COMMAND: POST /session/fd4fa187b6d5c7f0700d354917c8944f/execute/async - {"script":"<script> [2342 bytes]","args":[{"protocol":"http","hostname":"0.0.0.0","path":"/","capabilities":{"browserName":"chrome","goog:chromeOptions":{"binary":"C:\\Program Files\\Google\\Chrome\\Application\\chrome.exe","args":["--start-maximized"]}},"logLevel":"warn","connectionRetryTimeout":120000,"connectionRetryCount":3,"logLevels":{},"enableDirectConnect":true,"strictSSL":true,"_":"65 more keys: [\"cacheDir\",\"port\",\"requestedCapabilities\",\"automationProtocol\",\"baseUrl\",\"waitforInterval\",\"waitforTimeout\",\"onReload\",\"beforeCommand\",\"afterCommand\",\"rootDir\",\"specs\",\"suites\",\"exclude\",\"groupLogsByTestSpec\",\"excludeDriverLogs\",\"bail\",\"framework\",\"reporters\",\"services\",\"maxInstances\",\"maxInstancesPerCapability\",\"injectGlobals\",\"filesToWatch\",\"execArgv\",\"runnerEnv\",\"runner\",\"shard\",\"specFileRetries\",\"specFileRetriesDelay\",\"specFileRetriesDeferred\",\"reporterSyncInterval\",\"reporterSyncTimeout\",\"cucumberFeaturesWithLineNumbers\",\"autoCompileOpts\",\"mochaOpts\",\"jasmineOpts\",\"cucumberOpts\",\"onPrepare\",\"onWorkerStart\",\"onWorkerEnd\",\"before\",\"beforeSession\",\"beforeSuite\",\"beforeHook\",\"beforeTest\",\"afterTest\",\"afterHook\",\"afterSuite\",\"afterSession\",\"after\",\"onComplete\",\"beforeAssertion\",\"afterAssertion\",\"beforeFeature\",\"beforeScenario\",\"beforeStep\",\"afterStep\",\"afterScenario\",\"afterFeature\",\"_\",\"suite\",\"$0\",\"ignoredWorkerServices\",\"wdi5\"]"}]}
RESULT: {"script":"<script> [2342 bytes]","args":[{"protocol":"http","hostname":"0.0.0.0","path":"/","capabilities":{"browserName":"chrome","goog:chromeOptions":{"binary":"C:\\Program Files\\Google\\Chrome\\Application\\chrome.exe","args":["--start-maximized"]}},"logLevel":"warn","connectionRetryTimeout":120000,"connectionRetryCount":3,"logLevels":{},"enableDirectConnect":true,"strictSSL":true,"_":"65 more keys: [\"cacheDir\",\"port\",\"requestedCapabilities\",\"automationProtocol\",\"baseUrl\",\"waitforInterval\",\"waitforTimeout\",\"onReload\",\"beforeCommand\",\"afterCommand\",\"rootDir\",\"specs\",\"suites\",\"exclude\",\"groupLogsByTestSpec\",\"excludeDriverLogs\",\"bail\",\"framework\",\"reporters\",\"services\",\"maxInstances\",\"maxInstancesPerCapability\",\"injectGlobals\",\"filesToWatch\",\"execArgv\",\"runnerEnv\",\"runner\",\"shard\",\"specFileRetries\",\"specFileRetriesDelay\",\"specFileRetriesDeferred\",\"reporterSyncInterval\",\"reporterSyncTimeout\",\"cucumberFeaturesWithLineNumbers\",\"autoCompileOpts\",\"mochaOpts\",\"jasmineOpts\",\"cucumberOpts\",\"onPrepare\",\"onWorkerStart\",\"onWorkerEnd\",\"before\",\"beforeSession\",\"beforeSuite\",\"beforeHook\",\"beforeTest\",\"afterTest\",\"afterHook\",\"afterSuite\",\"afterSession\",\"after\",\"onComplete\",\"beforeAssertion\",\"afterAssertion\",\"beforeFeature\",\"beforeScenario\",\"beforeStep\",\"afterStep\",\"afterScenario\",\"afterFeature\",\"_\",\"suite\",\"$0\",\"ignoredWorkerServices\",\"wdi5\"]"}]}
COMMAND: POST /session/fd4fa187b6d5c7f0700d354917c8944f/execute/async - {"script":"<script> [21126 bytes]","args":[35000]}
RESULT: {"script":"<script> [21126 bytes]","args":[35000]}
COMMAND: POST /session/fd4fa187b6d5c7f0700d354917c8944f/window/maximize - {}
RESULT: {}
COMMAND: POST /session/fd4fa187b6d5c7f0700d354917c8944f/execute/async - {"script":"<script> [1562 bytes]","args":[{"selector":{"id":"shell-header","interaction":{"idSuffix":"icon"}},"wdio_ui5_key":"shellheader"}]}
COMMAND: GET /session/fd4fa187b6d5c7f0700d354917c8944f/screenshot - {}
RESULT: {"script":"<script> [1562 bytes]","args":[{"selector":{"id":"shell-header","interaction":{"idSuffix":"icon"}},"wdio_ui5_key":"shellheader"}]}
RESULT: undefined
COMMAND: POST /session/fd4fa187b6d5c7f0700d354917c8944f/refresh - {}
RESULT: {}
RESULT: {}
COMMAND: GET /session/fd4fa187b6d5c7f0700d354917c8944f/screenshot - {}
RESULT: {}
COMMAND: POST /session/fd4fa187b6d5c7f0700d354917c8944f/refresh - {}
RESULT: {}
COMMAND: GET /session/fd4fa187b6d5c7f0700d354917c8944f/screenshot - {}
RESULT: {}
COMMAND: POST /session/fd4fa187b6d5c7f0700d354917c8944f/window/fullscreen - {}
RESULT: {}
COMMAND: POST /session/fd4fa187b6d5c7f0700d354917c8944f/execute/async - {"script":"<script> [189 bytes]","args":[]}
RESULT: {"script":"<script> [189 bytes]","args":[]}
COMMAND: POST /session/fd4fa187b6d5c7f0700d354917c8944f/execute/async - {"script":"<script> [123 bytes]","args":[]}
RESULT: {"script":"<script> [123 bytes]","args":[]}
COMMAND: POST /session/fd4fa187b6d5c7f0700d354917c8944f/timeouts - {"script":"<number>"}
RESULT: {"script":"<number>"}
COMMAND: GET /session/fd4fa187b6d5c7f0700d354917c8944f/timeouts - {}
RESULT: {}
RESULT: undefined
COMMAND: POST /session/fd4fa187b6d5c7f0700d354917c8944f/execute/async - {"script":"<script> [2676 bytes]","args":[]}
RESULT: {"script":"<script> [2676 bytes]","args":[]}
COMMAND: POST /session/fd4fa187b6d5c7f0700d354917c8944f/execute/async - {"script":"<script> [2342 bytes]","args":[{"protocol":"http","hostname":"0.0.0.0","path":"/","capabilities":{"browserName":"chrome","goog:chromeOptions":{"binary":"C:\\Program Files\\Google\\Chrome\\Application\\chrome.exe","args":["--start-maximized"]}},"logLevel":"warn","connectionRetryTimeout":120000,"connectionRetryCount":3,"logLevels":{},"enableDirectConnect":true,"strictSSL":true,"_":"65 more keys: [\"cacheDir\",\"port\",\"requestedCapabilities\",\"automationProtocol\",\"baseUrl\",\"waitforInterval\",\"waitforTimeout\",\"onReload\",\"beforeCommand\",\"afterCommand\",\"rootDir\",\"specs\",\"suites\",\"exclude\",\"groupLogsByTestSpec\",\"excludeDriverLogs\",\"bail\",\"framework\",\"reporters\",\"services\",\"maxInstances\",\"maxInstancesPerCapability\",\"injectGlobals\",\"filesToWatch\",\"execArgv\",\"runnerEnv\",\"runner\",\"shard\",\"specFileRetries\",\"specFileRetriesDelay\",\"specFileRetriesDeferred\",\"reporterSyncInterval\",\"reporterSyncTimeout\",\"cucumberFeaturesWithLineNumbers\",\"autoCompileOpts\",\"mochaOpts\",\"jasmineOpts\",\"cucumberOpts\",\"onPrepare\",\"onWorkerStart\",\"onWorkerEnd\",\"before\",\"beforeSession\",\"beforeSuite\",\"beforeHook\",\"beforeTest\",\"afterTest\",\"afterHook\",\"afterSuite\",\"afterSession\",\"after\",\"onComplete\",\"beforeAssertion\",\"afterAssertion\",\"beforeFeature\",\"beforeScenario\",\"beforeStep\",\"afterStep\",\"afterScenario\",\"afterFeature\",\"_\",\"suite\",\"$0\",\"ignoredWorkerServices\",\"wdi5\"]"}]}
RESULT: {"script":"<script> [2342 bytes]","args":[{"protocol":"http","hostname":"0.0.0.0","path":"/","capabilities":{"browserName":"chrome","goog:chromeOptions":{"binary":"C:\\Program Files\\Google\\Chrome\\Application\\chrome.exe","args":["--start-maximized"]}},"logLevel":"warn","connectionRetryTimeout":120000,"connectionRetryCount":3,"logLevels":{},"enableDirectConnect":true,"strictSSL":true,"_":"65 more keys: [\"cacheDir\",\"port\",\"requestedCapabilities\",\"automationProtocol\",\"baseUrl\",\"waitforInterval\",\"waitforTimeout\",\"onReload\",\"beforeCommand\",\"afterCommand\",\"rootDir\",\"specs\",\"suites\",\"exclude\",\"groupLogsByTestSpec\",\"excludeDriverLogs\",\"bail\",\"framework\",\"reporters\",\"services\",\"maxInstances\",\"maxInstancesPerCapability\",\"injectGlobals\",\"filesToWatch\",\"execArgv\",\"runnerEnv\",\"runner\",\"shard\",\"specFileRetries\",\"specFileRetriesDelay\",\"specFileRetriesDeferred\",\"reporterSyncInterval\",\"reporterSyncTimeout\",\"cucumberFeaturesWithLineNumbers\",\"autoCompileOpts\",\"mochaOpts\",\"jasmineOpts\",\"cucumberOpts\",\"onPrepare\",\"onWorkerStart\",\"onWorkerEnd\",\"before\",\"beforeSession\",\"beforeSuite\",\"beforeHook\",\"beforeTest\",\"afterTest\",\"afterHook\",\"afterSuite\",\"afterSession\",\"after\",\"onComplete\",\"beforeAssertion\",\"afterAssertion\",\"beforeFeature\",\"beforeScenario\",\"beforeStep\",\"afterStep\",\"afterScenario\",\"afterFeature\",\"_\",\"suite\",\"$0\",\"ignoredWorkerServices\",\"wdi5\"]"}]}
COMMAND: POST /session/fd4fa187b6d5c7f0700d354917c8944f/execute/async - {"script":"<script> [21126 bytes]","args":[35000]}
RESULT: {"script":"<script> [21126 bytes]","args":[35000]}
]]></system-out>
    </testcase>
  </testsuite>
  <testsuite timestamp="2025-05-13T17:07:55" time="134.199" tests="3" failures="0" errors="0" skipped="0">
    <properties>
      <property name="specId" value="0" />
      <property name="suiteName" value="Set up pricing rule(OT) 104624" />
      <property name="capabilities" value="chrome.136_0_7103_49.windows" />
      <property name="file" value="file:///D:/a/1/s/test/specs/BTS/create-pricing-rule.spec.js" />
    </properties>
    <testcase classname="chrome.136_0_7103_49.windows.Set_up_pricing_rule(OT)_104624" name="Should create a new yard used for all following tests" time="0.047">
      <system-out><![CDATA[
COMMAND: POST /session/fd4fa187b6d5c7f0700d354917c8944f/window/fullscreen - {}
RESULT: {}
]]></system-out>
    </testcase>
    <testcase classname="chrome.136_0_7103_49.windows.Set_up_pricing_rule(OT)_104624" name="Should create a new equipment used for all following tests" time="0.005" />
    <testcase classname="chrome.136_0_7103_49.windows.Set_up_pricing_rule(OT)_104624" name="Should create new pricing rule on the created resource from earlier module or above" time="78.948">
      <system-out><![CDATA[
COMMAND: POST /session/fd4fa187b6d5c7f0700d354917c8944f/execute/async - {"script":"<script> [1562 bytes]","args":[{"selector":{"controlType":"sap.m.Text","properties":{"text":"Manage Pricing Rules"},"interaction":{"idSuffix":"inner"}},"wdio_ui5_key":"sapm.Text{\"text\":\"Manage Pricing Rules\"}"}]}
RESULT: {"script":"<script> [1562 bytes]","args":[{"selector":{"controlType":"sap.m.Text","properties":{"text":"Manage Pricing Rules"},"interaction":{"idSuffix":"inner"}},"wdio_ui5_key":"sapm.Text{\"text\":\"Manage Pricing Rules\"}"}]}
RESULT: undefined
COMMAND: POST /session/fd4fa187b6d5c7f0700d354917c8944f/element - {"using":"xpath","value":"//*[@id=\"__tile55-title\"]"}
RESULT: {"using":"xpath","value":"//*[@id=\"__tile55-title\"]"}
COMMAND: POST /session/fd4fa187b6d5c7f0700d354917c8944f/element/f.74186A8BE651698372F974E5DA594C48.d.2B7B8EEC27D4F9F36C6A99AB669483A9.e.2404/click - {}
RESULT: {}
COMMAND: POST /session/fd4fa187b6d5c7f0700d354917c8944f/execute/async - {"script":"<script> [1562 bytes]","args":[{"selector":{"controlType":"sap.ui.core.Icon","viewName":"etm.portal.ui.managepricingrules.view.MasterHeader","viewId":"application-managepricingrules-display-component---priceInfoHeader","properties":{"src":{"regex":{"source":"activity\\-items"}}}},"wdio_ui5_key":"etmportal.ui.managepricingrules.view.MasterHeadersap.ui.core.Icon{\"src\":{\"regex\":{\"source\":\"activity\\\\-items\"}}}"}]}
COMMAND: GET /session/fd4fa187b6d5c7f0700d354917c8944f/screenshot - {}
RESULT: {"script":"<script> [1562 bytes]","args":[{"selector":{"controlType":"sap.ui.core.Icon","viewName":"etm.portal.ui.managepricingrules.view.MasterHeader","viewId":"application-managepricingrules-display-component---priceInfoHeader","properties":{"src":{"regex":{"source":"activity\\-items"}}}},"wdio_ui5_key":"etmportal.ui.managepricingrules.view.MasterHeadersap.ui.core.Icon{\"src\":{\"regex\":{\"source\":\"activity\\\\-items\"}}}"}]}
RESULT: undefined
COMMAND: POST /session/fd4fa187b6d5c7f0700d354917c8944f/element - {"using":"xpath","value":"//*[@id=\"__filter1-icon\"]"}
RESULT: {}
RESULT: {"using":"xpath","value":"//*[@id=\"__filter1-icon\"]"}
COMMAND: POST /session/fd4fa187b6d5c7f0700d354917c8944f/element/f.74186A8BE651698372F974E5DA594C48.d.2B7B8EEC27D4F9F36C6A99AB669483A9.e.2453/click - {}
RESULT: {}
COMMAND: GET /session/fd4fa187b6d5c7f0700d354917c8944f/screenshot - {}
RESULT: {}
COMMAND: POST /session/fd4fa187b6d5c7f0700d354917c8944f/element - {"using":"xpath","value":"//button[@data-kt=\"addButton\"]"}
RESULT: {"using":"xpath","value":"//button[@data-kt=\"addButton\"]"}
COMMAND: POST /session/fd4fa187b6d5c7f0700d354917c8944f/elements - {"using":"xpath","value":"//button[@data-kt=\"addButton\"]"}
RESULT: {"using":"xpath","value":"//button[@data-kt=\"addButton\"]"}
COMMAND: POST /session/fd4fa187b6d5c7f0700d354917c8944f/execute/sync - {"script":"<script> [8489 bytes]","args":[{"element-6066-11e4-a52e-4f735466cecf":"f.74186A8BE651698372F974E5DA594C48.d.2B7B8EEC27D4F9F36C6A99AB669483A9.e.2502","ELEMENT":"f.74186A8BE651698372F974E5DA594C48.d.2B7B8EEC27D4F9F36C6A99AB669483A9.e.2502"}]}
RESULT: {"script":"<script> [8489 bytes]","args":[{"element-6066-11e4-a52e-4f735466cecf":"f.74186A8BE651698372F974E5DA594C48.d.2B7B8EEC27D4F9F36C6A99AB669483A9.e.2502","ELEMENT":"f.74186A8BE651698372F974E5DA594C48.d.2B7B8EEC27D4F9F36C6A99AB669483A9.e.2502"}]}
COMMAND: GET /session/fd4fa187b6d5c7f0700d354917c8944f/element/f.74186A8BE651698372F974E5DA594C48.d.2B7B8EEC27D4F9F36C6A99AB669483A9.e.2502/enabled - {}
COMMAND: GET /session/fd4fa187b6d5c7f0700d354917c8944f/screenshot - {}
RESULT: {}
COMMAND: POST /session/fd4fa187b6d5c7f0700d354917c8944f/execute/sync - {"script":"<script> [8489 bytes]","args":[{"element-6066-11e4-a52e-4f735466cecf":"f.74186A8BE651698372F974E5DA594C48.d.2B7B8EEC27D4F9F36C6A99AB669483A9.e.2502","ELEMENT":"f.74186A8BE651698372F974E5DA594C48.d.2B7B8EEC27D4F9F36C6A99AB669483A9.e.2502"}]}
COMMAND: GET /session/fd4fa187b6d5c7f0700d354917c8944f/screenshot - {}
RESULT: {}
RESULT: {"script":"<script> [8489 bytes]","args":[{"element-6066-11e4-a52e-4f735466cecf":"f.74186A8BE651698372F974E5DA594C48.d.2B7B8EEC27D4F9F36C6A99AB669483A9.e.2502","ELEMENT":"f.74186A8BE651698372F974E5DA594C48.d.2B7B8EEC27D4F9F36C6A99AB669483A9.e.2502"}]}
COMMAND: POST /session/fd4fa187b6d5c7f0700d354917c8944f/execute/sync - {"script":"<script> [5351 bytes]","args":[{"element-6066-11e4-a52e-4f735466cecf":"f.74186A8BE651698372F974E5DA594C48.d.2B7B8EEC27D4F9F36C6A99AB669483A9.e.2502","ELEMENT":"f.74186A8BE651698372F974E5DA594C48.d.2B7B8EEC27D4F9F36C6A99AB669483A9.e.2502"}]}
COMMAND: GET /session/fd4fa187b6d5c7f0700d354917c8944f/screenshot - {}
RESULT: {}
RESULT: {"script":"<script> [5351 bytes]","args":[{"element-6066-11e4-a52e-4f735466cecf":"f.74186A8BE651698372F974E5DA594C48.d.2B7B8EEC27D4F9F36C6A99AB669483A9.e.2502","ELEMENT":"f.74186A8BE651698372F974E5DA594C48.d.2B7B8EEC27D4F9F36C6A99AB669483A9.e.2502"}]}
COMMAND: POST /session/fd4fa187b6d5c7f0700d354917c8944f/element/f.74186A8BE651698372F974E5DA594C48.d.2B7B8EEC27D4F9F36C6A99AB669483A9.e.2502/click - {}
COMMAND: GET /session/fd4fa187b6d5c7f0700d354917c8944f/screenshot - {}
RESULT: {}
RESULT: {}
COMMAND: GET /session/fd4fa187b6d5c7f0700d354917c8944f/screenshot - {}
RESULT: {}
RESULT: {}
COMMAND: POST /session/fd4fa187b6d5c7f0700d354917c8944f/execute/async - {"script":"<script> [1562 bytes]","args":[{"selector":{"controlType":"sap.m.Title","viewName":"etm.portal.ui.managepricingrules.view.NewItem","viewId":"application-managepricingrules-display-component---newInfoPriceItem","properties":{"text":"New Pricing Rules - Item Level"}},"wdio_ui5_key":"etmportal.ui.managepricingrules.view.NewItemsap.m.Title{\"text\":\"New Pricing Rules - Item Level\"}"}]}
RESULT: {"script":"<script> [1562 bytes]","args":[{"selector":{"controlType":"sap.m.Title","viewName":"etm.portal.ui.managepricingrules.view.NewItem","viewId":"application-managepricingrules-display-component---newInfoPriceItem","properties":{"text":"New Pricing Rules - Item Level"}},"wdio_ui5_key":"etmportal.ui.managepricingrules.view.NewItemsap.m.Title{\"text\":\"New Pricing Rules - Item Level\"}"}]}
RESULT: undefined
COMMAND: POST /session/fd4fa187b6d5c7f0700d354917c8944f/execute/async - {"script":"<script> [6424 bytes]","args":[{"element-6066-11e4-a52e-4f735466cecf":"f.74186A8BE651698372F974E5DA594C48.d.2B7B8EEC27D4F9F36C6A99AB669483A9.e.2786"},"getText",[]]}
RESULT: {"script":"<script> [6424 bytes]","args":[{"element-6066-11e4-a52e-4f735466cecf":"f.74186A8BE651698372F974E5DA594C48.d.2B7B8EEC27D4F9F36C6A99AB669483A9.e.2786"},"getText",[]]}
COMMAND: POST /session/fd4fa187b6d5c7f0700d354917c8944f/execute/async - {"script":"<script> [1562 bytes]","args":[{"selector":{"id":"application-managepricingrules-display-component---newInfoPriceItem--condValidTo","interaction":{"idSuffix":"inner"}},"wdio_ui5_key":"applicationmanagepricingrules-display-component---newInfoPriceItem--condValidTo"}]}
RESULT: {"script":"<script> [1562 bytes]","args":[{"selector":{"id":"application-managepricingrules-display-component---newInfoPriceItem--condValidTo","interaction":{"idSuffix":"inner"}},"wdio_ui5_key":"applicationmanagepricingrules-display-component---newInfoPriceItem--condValidTo"}]}
RESULT: undefined
COMMAND: POST /session/fd4fa187b6d5c7f0700d354917c8944f/execute/async - {"script":"<script> [776 bytes]","args":[{"enterText":"01/13/26","selector":{"id":"application-managepricingrules-display-component---newInfoPriceItem--condValidTo","interaction":{"idSuffix":"inner"}},"clearTextFirst":true,"interactionType":"ENTER_TEXT"}]}
RESULT: {"script":"<script> [776 bytes]","args":[{"enterText":"01/13/26","selector":{"id":"application-managepricingrules-display-component---newInfoPriceItem--condValidTo","interaction":{"idSuffix":"inner"}},"clearTextFirst":true,"interactionType":"ENTER_TEXT"}]}
COMMAND: POST /session/fd4fa187b6d5c7f0700d354917c8944f/element - {"using":"xpath","value":"//input[@id=\"application-managepricingrules-display-component---newInfoPriceItem--condRU-inner\"]"}
RESULT: {"using":"xpath","value":"//input[@id=\"application-managepricingrules-display-component---newInfoPriceItem--condRU-inner\"]"}
COMMAND: POST /session/fd4fa187b6d5c7f0700d354917c8944f/element/f.74186A8BE651698372F974E5DA594C48.d.2B7B8EEC27D4F9F36C6A99AB669483A9.e.2755/clear - {}
RESULT: {}
COMMAND: POST /session/fd4fa187b6d5c7f0700d354917c8944f/element/f.74186A8BE651698372F974E5DA594C48.d.2B7B8EEC27D4F9F36C6A99AB669483A9.e.2755/value - {"text":"KVe3bqOCaB"}
COMMAND: GET /session/fd4fa187b6d5c7f0700d354917c8944f/screenshot - {}
RESULT: {"text":"KVe3bqOCaB"}
COMMAND: GET /session/fd4fa187b6d5c7f0700d354917c8944f/screenshot - {}
RESULT: {}
RESULT: {}
COMMAND: POST /session/fd4fa187b6d5c7f0700d354917c8944f/execute/async - {"script":"<script> [1562 bytes]","args":[{"selector":{"id":"application-managepricingrules-display-component---newInfoPriceItem--billType-arrow"},"wdio_ui5_key":"applicationmanagepricingrules-display-component---newInfoPriceItem--billType-arrow"}]}
RESULT: {"script":"<script> [1562 bytes]","args":[{"selector":{"id":"application-managepricingrules-display-component---newInfoPriceItem--billType-arrow"},"wdio_ui5_key":"applicationmanagepricingrules-display-component---newInfoPriceItem--billType-arrow"}]}
RESULT: undefined
COMMAND: POST /session/fd4fa187b6d5c7f0700d354917c8944f/element - {"using":"xpath","value":"//*[@id=\"application-managepricingrules-display-component---newInfoPriceItem--billType-arrow\"]"}
RESULT: {"using":"xpath","value":"//*[@id=\"application-managepricingrules-display-component---newInfoPriceItem--billType-arrow\"]"}
COMMAND: POST /session/fd4fa187b6d5c7f0700d354917c8944f/element/f.74186A8BE651698372F974E5DA594C48.d.2B7B8EEC27D4F9F36C6A99AB669483A9.e.2846/click - {}
RESULT: {}
COMMAND: POST /session/fd4fa187b6d5c7f0700d354917c8944f/element - {"using":"xpath","value":"//span[contains(text(), \"OT - Sales (one-time)\")]"}
COMMAND: GET /session/fd4fa187b6d5c7f0700d354917c8944f/screenshot - {}
RESULT: {"using":"xpath","value":"//span[contains(text(), \"OT - Sales (one-time)\")]"}
COMMAND: POST /session/fd4fa187b6d5c7f0700d354917c8944f/element/f.74186A8BE651698372F974E5DA594C48.d.2B7B8EEC27D4F9F36C6A99AB669483A9.e.2896/click - {}
RESULT: {}
RESULT: {}
COMMAND: POST /session/fd4fa187b6d5c7f0700d354917c8944f/execute/async - {"script":"<script> [1562 bytes]","args":[{"selector":{"id":"application-managepricingrules-display-component---newInfoPriceItem--priceProc-arrow"},"wdio_ui5_key":"applicationmanagepricingrules-display-component---newInfoPriceItem--priceProc-arrow"}]}
COMMAND: GET /session/fd4fa187b6d5c7f0700d354917c8944f/screenshot - {}
RESULT: {"script":"<script> [1562 bytes]","args":[{"selector":{"id":"application-managepricingrules-display-component---newInfoPriceItem--priceProc-arrow"},"wdio_ui5_key":"applicationmanagepricingrules-display-component---newInfoPriceItem--priceProc-arrow"}]}
RESULT: undefined
COMMAND: POST /session/fd4fa187b6d5c7f0700d354917c8944f/element - {"using":"xpath","value":"//*[@id=\"application-managepricingrules-display-component---newInfoPriceItem--priceProc-arrow\"]"}
RESULT: {}
RESULT: {"using":"xpath","value":"//*[@id=\"application-managepricingrules-display-component---newInfoPriceItem--priceProc-arrow\"]"}
COMMAND: POST /session/fd4fa187b6d5c7f0700d354917c8944f/element/f.74186A8BE651698372F974E5DA594C48.d.2B7B8EEC27D4F9F36C6A99AB669483A9.e.2853/click - {}
RESULT: {}
COMMAND: POST /session/fd4fa187b6d5c7f0700d354917c8944f/element - {"using":"xpath","value":"//span[contains(text(), \"MAT - Material\")]"}
COMMAND: GET /session/fd4fa187b6d5c7f0700d354917c8944f/screenshot - {}
RESULT: {"using":"xpath","value":"//span[contains(text(), \"MAT - Material\")]"}
COMMAND: POST /session/fd4fa187b6d5c7f0700d354917c8944f/element/f.74186A8BE651698372F974E5DA594C48.d.2B7B8EEC27D4F9F36C6A99AB669483A9.e.2897/click - {}
RESULT: {}
RESULT: {}
COMMAND: POST /session/fd4fa187b6d5c7f0700d354917c8944f/execute/async - {"script":"<script> [1562 bytes]","args":[{"selector":{"id":"application-managepricingrules-display-component---newInfoPriceItem--calcBase-arrow"},"wdio_ui5_key":"applicationmanagepricingrules-display-component---newInfoPriceItem--calcBase-arrow"}]}
COMMAND: GET /session/fd4fa187b6d5c7f0700d354917c8944f/screenshot - {}
RESULT: {"script":"<script> [1562 bytes]","args":[{"selector":{"id":"application-managepricingrules-display-component---newInfoPriceItem--calcBase-arrow"},"wdio_ui5_key":"applicationmanagepricingrules-display-component---newInfoPriceItem--calcBase-arrow"}]}
RESULT: undefined
COMMAND: POST /session/fd4fa187b6d5c7f0700d354917c8944f/element - {"using":"xpath","value":"//*[@id=\"application-managepricingrules-display-component---newInfoPriceItem--calcBase-arrow\"]"}
RESULT: {}
RESULT: {"using":"xpath","value":"//*[@id=\"application-managepricingrules-display-component---newInfoPriceItem--calcBase-arrow\"]"}
COMMAND: POST /session/fd4fa187b6d5c7f0700d354917c8944f/element/f.74186A8BE651698372F974E5DA594C48.d.2B7B8EEC27D4F9F36C6A99AB669483A9.e.2860/click - {}
RESULT: {}
COMMAND: GET /session/fd4fa187b6d5c7f0700d354917c8944f/screenshot - {}
RESULT: {}
COMMAND: POST /session/fd4fa187b6d5c7f0700d354917c8944f/element - {"using":"xpath","value":"//span[contains(text(), \"0001 - TB(exact month + cal_days)\")]"}
RESULT: {"using":"xpath","value":"//span[contains(text(), \"0001 - TB(exact month + cal_days)\")]"}
COMMAND: POST /session/fd4fa187b6d5c7f0700d354917c8944f/element/f.74186A8BE651698372F974E5DA594C48.d.2B7B8EEC27D4F9F36C6A99AB669483A9.e.2898/click - {}
RESULT: {}
COMMAND: GET /session/fd4fa187b6d5c7f0700d354917c8944f/screenshot - {}
RESULT: {}
COMMAND: POST /session/fd4fa187b6d5c7f0700d354917c8944f/element - {"using":"xpath","value":"//button[@data-kt=\"saveNewRuleButton\"]"}
RESULT: {"using":"xpath","value":"//button[@data-kt=\"saveNewRuleButton\"]"}
COMMAND: POST /session/fd4fa187b6d5c7f0700d354917c8944f/element/f.74186A8BE651698372F974E5DA594C48.d.2B7B8EEC27D4F9F36C6A99AB669483A9.e.2880/click - {}
RESULT: {}
COMMAND: GET /session/fd4fa187b6d5c7f0700d354917c8944f/screenshot - {}
RESULT: {}
COMMAND: POST /session/fd4fa187b6d5c7f0700d354917c8944f/execute/async - {"script":"<script> [1562 bytes]","args":[{"selector":{"id":"application-managepricingrules-display-component---priceInfoItem--smartFilterBar-btnBasicSearch","interaction":{"idSuffix":"I"}},"wdio_ui5_key":"applicationmanagepricingrules-display-component---priceInfoItem--smartFilterBar-btnBasicSearch"}]}
RESULT: {"script":"<script> [1562 bytes]","args":[{"selector":{"id":"application-managepricingrules-display-component---priceInfoItem--smartFilterBar-btnBasicSearch","interaction":{"idSuffix":"I"}},"wdio_ui5_key":"applicationmanagepricingrules-display-component---priceInfoItem--smartFilterBar-btnBasicSearch"}]}
RESULT: undefined
COMMAND: POST /session/fd4fa187b6d5c7f0700d354917c8944f/execute/async - {"script":"<script> [776 bytes]","args":[{"enterText":"KVe3bqOCaB","selector":{"id":"application-managepricingrules-display-component---priceInfoItem--smartFilterBar-btnBasicSearch","interaction":{"idSuffix":"I"}},"clearTextFirst":true,"interactionType":"ENTER_TEXT"}]}
RESULT: {"script":"<script> [776 bytes]","args":[{"enterText":"KVe3bqOCaB","selector":{"id":"application-managepricingrules-display-component---priceInfoItem--smartFilterBar-btnBasicSearch","interaction":{"idSuffix":"I"}},"clearTextFirst":true,"interactionType":"ENTER_TEXT"}]}
COMMAND: POST /session/fd4fa187b6d5c7f0700d354917c8944f/actions - {"actions":[{"id":"action10","type":"key","parameters":{},"actions":[{"type":"keyDown","value":"î€‡"},{"type":"pause","duration":10},{"type":"keyUp","value":"î€‡"}]}]}
RESULT: {"actions":[{"id":"action10","type":"key","parameters":{},"actions":[{"type":"keyDown","value":"î€‡"},{"type":"pause","duration":10},{"type":"keyUp","value":"î€‡"}]}]}
COMMAND: GET /session/fd4fa187b6d5c7f0700d354917c8944f/screenshot - {}
RESULT: {}
COMMAND: POST /session/fd4fa187b6d5c7f0700d354917c8944f/element - {"using":"xpath","value":"//span[@id=\"application-managepricingrules-display-component---priceInfoItem--smartTable-header-inner\"]"}
RESULT: {"using":"xpath","value":"//span[@id=\"application-managepricingrules-display-component---priceInfoItem--smartTable-header-inner\"]"}
COMMAND: POST /session/fd4fa187b6d5c7f0700d354917c8944f/elements - {"using":"xpath","value":"//span[@id=\"application-managepricingrules-display-component---priceInfoItem--smartTable-header-inner\"]"}
RESULT: {"using":"xpath","value":"//span[@id=\"application-managepricingrules-display-component---priceInfoItem--smartTable-header-inner\"]"}
COMMAND: POST /session/fd4fa187b6d5c7f0700d354917c8944f/execute/sync - {"script":"<script> [56 bytes]","args":[{"element-6066-11e4-a52e-4f735466cecf":"f.74186A8BE651698372F974E5DA594C48.d.2B7B8EEC27D4F9F36C6A99AB669483A9.e.2926","ELEMENT":"f.74186A8BE651698372F974E5DA594C48.d.2B7B8EEC27D4F9F36C6A99AB669483A9.e.2926"}]}
RESULT: {"script":"<script> [56 bytes]","args":[{"element-6066-11e4-a52e-4f735466cecf":"f.74186A8BE651698372F974E5DA594C48.d.2B7B8EEC27D4F9F36C6A99AB669483A9.e.2926","ELEMENT":"f.74186A8BE651698372F974E5DA594C48.d.2B7B8EEC27D4F9F36C6A99AB669483A9.e.2926"}]}
COMMAND: POST /session/fd4fa187b6d5c7f0700d354917c8944f/element - {"using":"css selector","value":"#shell-header-logo"}
COMMAND: GET /session/fd4fa187b6d5c7f0700d354917c8944f/screenshot - {}
RESULT: {"using":"css selector","value":"#shell-header-logo"}
COMMAND: POST /session/fd4fa187b6d5c7f0700d354917c8944f/element/f.74186A8BE651698372F974E5DA594C48.d.2B7B8EEC27D4F9F36C6A99AB669483A9.e.2405/click - {}
RESULT: {}
RESULT: {}
COMMAND: GET /session/fd4fa187b6d5c7f0700d354917c8944f/screenshot - {}
RESULT: {}
COMMAND: POST /session/fd4fa187b6d5c7f0700d354917c8944f/element - {"using":"css selector","value":"#j_username"}
COMMAND: POST /session/fd4fa187b6d5c7f0700d354917c8944f/url - {"url":"https://qa-testing-00-live-etm-ui.cfapps.eu10-004.hana.ondemand.com/"}
RESULT: {"using":"css selector","value":"#j_username"}
COMMAND: POST /session/fd4fa187b6d5c7f0700d354917c8944f/element - {"using":"css selector","value":"#j_username"}
RESULT: {"url":"https://qa-testing-00-live-etm-ui.cfapps.eu10-004.hana.ondemand.com/"}
RESULT: undefined
COMMAND: GET /session/fd4fa187b6d5c7f0700d354917c8944f/screenshot - {}
RESULT: {"using":"css selector","value":"#j_username"}
COMMAND: POST /session/fd4fa187b6d5c7f0700d354917c8944f/element - {"using":"css selector","value":"#shell-header-logo"}
RESULT: {}
RESULT: {"using":"css selector","value":"#shell-header-logo"}
COMMAND: POST /session/fd4fa187b6d5c7f0700d354917c8944f/execute/sync - {"script":"<script> [8489 bytes]","args":[{"element-6066-11e4-a52e-4f735466cecf":"f.74186A8BE651698372F974E5DA594C48.d.2060A18BFF7D5D257ECEC82B696A7908.e.2935","ELEMENT":"f.74186A8BE651698372F974E5DA594C48.d.2060A18BFF7D5D257ECEC82B696A7908.e.2935"}]}
RESULT: {"script":"<script> [8489 bytes]","args":[{"element-6066-11e4-a52e-4f735466cecf":"f.74186A8BE651698372F974E5DA594C48.d.2060A18BFF7D5D257ECEC82B696A7908.e.2935","ELEMENT":"f.74186A8BE651698372F974E5DA594C48.d.2060A18BFF7D5D257ECEC82B696A7908.e.2935"}]}
COMMAND: POST /session/fd4fa187b6d5c7f0700d354917c8944f/element - {"using":"css selector","value":"#shell-header-logo"}
COMMAND: GET /session/fd4fa187b6d5c7f0700d354917c8944f/screenshot - {}
RESULT: {"using":"css selector","value":"#shell-header-logo"}
COMMAND: POST /session/fd4fa187b6d5c7f0700d354917c8944f/execute/sync - {"script":"<script> [8489 bytes]","args":[{"element-6066-11e4-a52e-4f735466cecf":"f.74186A8BE651698372F974E5DA594C48.d.2060A18BFF7D5D257ECEC82B696A7908.e.2935","ELEMENT":"f.74186A8BE651698372F974E5DA594C48.d.2060A18BFF7D5D257ECEC82B696A7908.e.2935"}]}
RESULT: {}
RESULT: {"script":"<script> [8489 bytes]","args":[{"element-6066-11e4-a52e-4f735466cecf":"f.74186A8BE651698372F974E5DA594C48.d.2060A18BFF7D5D257ECEC82B696A7908.e.2935","ELEMENT":"f.74186A8BE651698372F974E5DA594C48.d.2060A18BFF7D5D257ECEC82B696A7908.e.2935"}]}
COMMAND: POST /session/fd4fa187b6d5c7f0700d354917c8944f/execute/sync - {"script":"<script> [5351 bytes]","args":[{"element-6066-11e4-a52e-4f735466cecf":"f.74186A8BE651698372F974E5DA594C48.d.2060A18BFF7D5D257ECEC82B696A7908.e.2935","ELEMENT":"f.74186A8BE651698372F974E5DA594C48.d.2060A18BFF7D5D257ECEC82B696A7908.e.2935"}]}
COMMAND: GET /session/fd4fa187b6d5c7f0700d354917c8944f/screenshot - {}
RESULT: {"script":"<script> [5351 bytes]","args":[{"element-6066-11e4-a52e-4f735466cecf":"f.74186A8BE651698372F974E5DA594C48.d.2060A18BFF7D5D257ECEC82B696A7908.e.2935","ELEMENT":"f.74186A8BE651698372F974E5DA594C48.d.2060A18BFF7D5D257ECEC82B696A7908.e.2935"}]}
COMMAND: POST /session/fd4fa187b6d5c7f0700d354917c8944f/element - {"using":"css selector","value":"#shell-header-logo"}
COMMAND: GET /session/fd4fa187b6d5c7f0700d354917c8944f/screenshot - {}
RESULT: {}
RESULT: {"using":"css selector","value":"#shell-header-logo"}
COMMAND: POST /session/fd4fa187b6d5c7f0700d354917c8944f/element/f.74186A8BE651698372F974E5DA594C48.d.2060A18BFF7D5D257ECEC82B696A7908.e.2935/click - {}
RESULT: {}
RESULT: {}
COMMAND: GET /session/fd4fa187b6d5c7f0700d354917c8944f/screenshot - {}
RESULT: {}
COMMAND: POST /session/fd4fa187b6d5c7f0700d354917c8944f/execute/async - {"script":"<script> [189 bytes]","args":[]}
RESULT: {"script":"<script> [189 bytes]","args":[]}
COMMAND: POST /session/fd4fa187b6d5c7f0700d354917c8944f/execute/async - {"script":"<script> [123 bytes]","args":[]}
RESULT: {"script":"<script> [123 bytes]","args":[]}
COMMAND: POST /session/fd4fa187b6d5c7f0700d354917c8944f/timeouts - {"script":"<number>"}
RESULT: {"script":"<number>"}
COMMAND: GET /session/fd4fa187b6d5c7f0700d354917c8944f/timeouts - {}
RESULT: {}
RESULT: undefined
COMMAND: POST /session/fd4fa187b6d5c7f0700d354917c8944f/execute/async - {"script":"<script> [2676 bytes]","args":[]}
RESULT: {"script":"<script> [2676 bytes]","args":[]}
COMMAND: POST /session/fd4fa187b6d5c7f0700d354917c8944f/execute/async - {"script":"<script> [2342 bytes]","args":[{"protocol":"http","hostname":"0.0.0.0","path":"/","capabilities":{"browserName":"chrome","goog:chromeOptions":{"binary":"C:\\Program Files\\Google\\Chrome\\Application\\chrome.exe","args":["--start-maximized"]}},"logLevel":"warn","connectionRetryTimeout":120000,"connectionRetryCount":3,"logLevels":{},"enableDirectConnect":true,"strictSSL":true,"_":"65 more keys: [\"cacheDir\",\"port\",\"requestedCapabilities\",\"automationProtocol\",\"baseUrl\",\"waitforInterval\",\"waitforTimeout\",\"onReload\",\"beforeCommand\",\"afterCommand\",\"rootDir\",\"specs\",\"suites\",\"exclude\",\"groupLogsByTestSpec\",\"excludeDriverLogs\",\"bail\",\"framework\",\"reporters\",\"services\",\"maxInstances\",\"maxInstancesPerCapability\",\"injectGlobals\",\"filesToWatch\",\"execArgv\",\"runnerEnv\",\"runner\",\"shard\",\"specFileRetries\",\"specFileRetriesDelay\",\"specFileRetriesDeferred\",\"reporterSyncInterval\",\"reporterSyncTimeout\",\"cucumberFeaturesWithLineNumbers\",\"autoCompileOpts\",\"mochaOpts\",\"jasmineOpts\",\"cucumberOpts\",\"onPrepare\",\"onWorkerStart\",\"onWorkerEnd\",\"before\",\"beforeSession\",\"beforeSuite\",\"beforeHook\",\"beforeTest\",\"afterTest\",\"afterHook\",\"afterSuite\",\"afterSession\",\"after\",\"onComplete\",\"beforeAssertion\",\"afterAssertion\",\"beforeFeature\",\"beforeScenario\",\"beforeStep\",\"afterStep\",\"afterScenario\",\"afterFeature\",\"_\",\"suite\",\"$0\",\"ignoredWorkerServices\",\"wdi5\"]"}]}
RESULT: {"script":"<script> [2342 bytes]","args":[{"protocol":"http","hostname":"0.0.0.0","path":"/","capabilities":{"browserName":"chrome","goog:chromeOptions":{"binary":"C:\\Program Files\\Google\\Chrome\\Application\\chrome.exe","args":["--start-maximized"]}},"logLevel":"warn","connectionRetryTimeout":120000,"connectionRetryCount":3,"logLevels":{},"enableDirectConnect":true,"strictSSL":true,"_":"65 more keys: [\"cacheDir\",\"port\",\"requestedCapabilities\",\"automationProtocol\",\"baseUrl\",\"waitforInterval\",\"waitforTimeout\",\"onReload\",\"beforeCommand\",\"afterCommand\",\"rootDir\",\"specs\",\"suites\",\"exclude\",\"groupLogsByTestSpec\",\"excludeDriverLogs\",\"bail\",\"framework\",\"reporters\",\"services\",\"maxInstances\",\"maxInstancesPerCapability\",\"injectGlobals\",\"filesToWatch\",\"execArgv\",\"runnerEnv\",\"runner\",\"shard\",\"specFileRetries\",\"specFileRetriesDelay\",\"specFileRetriesDeferred\",\"reporterSyncInterval\",\"reporterSyncTimeout\",\"cucumberFeaturesWithLineNumbers\",\"autoCompileOpts\",\"mochaOpts\",\"jasmineOpts\",\"cucumberOpts\",\"onPrepare\",\"onWorkerStart\",\"onWorkerEnd\",\"before\",\"beforeSession\",\"beforeSuite\",\"beforeHook\",\"beforeTest\",\"afterTest\",\"afterHook\",\"afterSuite\",\"afterSession\",\"after\",\"onComplete\",\"beforeAssertion\",\"afterAssertion\",\"beforeFeature\",\"beforeScenario\",\"beforeStep\",\"afterStep\",\"afterScenario\",\"afterFeature\",\"_\",\"suite\",\"$0\",\"ignoredWorkerServices\",\"wdi5\"]"}]}
COMMAND: POST /session/fd4fa187b6d5c7f0700d354917c8944f/execute/async - {"script":"<script> [21126 bytes]","args":[35000]}
RESULT: {"script":"<script> [21126 bytes]","args":[35000]}
COMMAND: POST /session/fd4fa187b6d5c7f0700d354917c8944f/window/maximize - {}
RESULT: {}
COMMAND: POST /session/fd4fa187b6d5c7f0700d354917c8944f/execute/async - {"script":"<script> [1562 bytes]","args":[{"selector":{"id":"shell-header","interaction":{"idSuffix":"icon"}},"wdio_ui5_key":"shellheader"}]}
COMMAND: GET /session/fd4fa187b6d5c7f0700d354917c8944f/screenshot - {}
RESULT: {"script":"<script> [1562 bytes]","args":[{"selector":{"id":"shell-header","interaction":{"idSuffix":"icon"}},"wdio_ui5_key":"shellheader"}]}
RESULT: undefined
COMMAND: POST /session/fd4fa187b6d5c7f0700d354917c8944f/refresh - {}
RESULT: {}
RESULT: {}
COMMAND: GET /session/fd4fa187b6d5c7f0700d354917c8944f/screenshot - {}
RESULT: {}
COMMAND: POST /session/fd4fa187b6d5c7f0700d354917c8944f/refresh - {}
RESULT: {}
COMMAND: GET /session/fd4fa187b6d5c7f0700d354917c8944f/screenshot - {}
RESULT: {}
COMMAND: POST /session/fd4fa187b6d5c7f0700d354917c8944f/window/fullscreen - {}
RESULT: {}
COMMAND: POST /session/fd4fa187b6d5c7f0700d354917c8944f/execute/async - {"script":"<script> [189 bytes]","args":[]}
RESULT: {"script":"<script> [189 bytes]","args":[]}
COMMAND: POST /session/fd4fa187b6d5c7f0700d354917c8944f/execute/async - {"script":"<script> [123 bytes]","args":[]}
RESULT: {"script":"<script> [123 bytes]","args":[]}
COMMAND: POST /session/fd4fa187b6d5c7f0700d354917c8944f/timeouts - {"script":"<number>"}
RESULT: {"script":"<number>"}
COMMAND: GET /session/fd4fa187b6d5c7f0700d354917c8944f/timeouts - {}
RESULT: {}
RESULT: undefined
COMMAND: POST /session/fd4fa187b6d5c7f0700d354917c8944f/execute/async - {"script":"<script> [2676 bytes]","args":[]}
RESULT: {"script":"<script> [2676 bytes]","args":[]}
COMMAND: POST /session/fd4fa187b6d5c7f0700d354917c8944f/execute/async - {"script":"<script> [2342 bytes]","args":[{"protocol":"http","hostname":"0.0.0.0","path":"/","capabilities":{"browserName":"chrome","goog:chromeOptions":{"binary":"C:\\Program Files\\Google\\Chrome\\Application\\chrome.exe","args":["--start-maximized"]}},"logLevel":"warn","connectionRetryTimeout":120000,"connectionRetryCount":3,"logLevels":{},"enableDirectConnect":true,"strictSSL":true,"_":"65 more keys: [\"cacheDir\",\"port\",\"requestedCapabilities\",\"automationProtocol\",\"baseUrl\",\"waitforInterval\",\"waitforTimeout\",\"onReload\",\"beforeCommand\",\"afterCommand\",\"rootDir\",\"specs\",\"suites\",\"exclude\",\"groupLogsByTestSpec\",\"excludeDriverLogs\",\"bail\",\"framework\",\"reporters\",\"services\",\"maxInstances\",\"maxInstancesPerCapability\",\"injectGlobals\",\"filesToWatch\",\"execArgv\",\"runnerEnv\",\"runner\",\"shard\",\"specFileRetries\",\"specFileRetriesDelay\",\"specFileRetriesDeferred\",\"reporterSyncInterval\",\"reporterSyncTimeout\",\"cucumberFeaturesWithLineNumbers\",\"autoCompileOpts\",\"mochaOpts\",\"jasmineOpts\",\"cucumberOpts\",\"onPrepare\",\"onWorkerStart\",\"onWorkerEnd\",\"before\",\"beforeSession\",\"beforeSuite\",\"beforeHook\",\"beforeTest\",\"afterTest\",\"afterHook\",\"afterSuite\",\"afterSession\",\"after\",\"onComplete\",\"beforeAssertion\",\"afterAssertion\",\"beforeFeature\",\"beforeScenario\",\"beforeStep\",\"afterStep\",\"afterScenario\",\"afterFeature\",\"_\",\"suite\",\"$0\",\"ignoredWorkerServices\",\"wdi5\"]"}]}
RESULT: {"script":"<script> [2342 bytes]","args":[{"protocol":"http","hostname":"0.0.0.0","path":"/","capabilities":{"browserName":"chrome","goog:chromeOptions":{"binary":"C:\\Program Files\\Google\\Chrome\\Application\\chrome.exe","args":["--start-maximized"]}},"logLevel":"warn","connectionRetryTimeout":120000,"connectionRetryCount":3,"logLevels":{},"enableDirectConnect":true,"strictSSL":true,"_":"65 more keys: [\"cacheDir\",\"port\",\"requestedCapabilities\",\"automationProtocol\",\"baseUrl\",\"waitforInterval\",\"waitforTimeout\",\"onReload\",\"beforeCommand\",\"afterCommand\",\"rootDir\",\"specs\",\"suites\",\"exclude\",\"groupLogsByTestSpec\",\"excludeDriverLogs\",\"bail\",\"framework\",\"reporters\",\"services\",\"maxInstances\",\"maxInstancesPerCapability\",\"injectGlobals\",\"filesToWatch\",\"execArgv\",\"runnerEnv\",\"runner\",\"shard\",\"specFileRetries\",\"specFileRetriesDelay\",\"specFileRetriesDeferred\",\"reporterSyncInterval\",\"reporterSyncTimeout\",\"cucumberFeaturesWithLineNumbers\",\"autoCompileOpts\",\"mochaOpts\",\"jasmineOpts\",\"cucumberOpts\",\"onPrepare\",\"onWorkerStart\",\"onWorkerEnd\",\"before\",\"beforeSession\",\"beforeSuite\",\"beforeHook\",\"beforeTest\",\"afterTest\",\"afterHook\",\"afterSuite\",\"afterSession\",\"after\",\"onComplete\",\"beforeAssertion\",\"afterAssertion\",\"beforeFeature\",\"beforeScenario\",\"beforeStep\",\"afterStep\",\"afterScenario\",\"afterFeature\",\"_\",\"suite\",\"$0\",\"ignoredWorkerServices\",\"wdi5\"]"}]}
COMMAND: POST /session/fd4fa187b6d5c7f0700d354917c8944f/execute/async - {"script":"<script> [21126 bytes]","args":[35000]}
RESULT: {"script":"<script> [21126 bytes]","args":[35000]}
]]></system-out>
    </testcase>
  </testsuite>
  <testsuite timestamp="2025-05-13T17:10:09" time="422.765" tests="6" failures="0" errors="0" skipped="0">
    <properties>
      <property name="specId" value="0" />
      <property name="suiteName" value="Edit and delete daily price US134629 US134627" />
      <property name="capabilities" value="chrome.136_0_7103_49.windows" />
      <property name="file" value="file:///D:/a/1/s/test/specs/BTS/conditions-prices-daily-price.spec.js" />
    </properties>
    <testcase classname="chrome.136_0_7103_49.windows.Edit_and_delete_daily_price_US134629_US134627" name="Should create a new yard used for all following tests" time="0.045">
      <system-out><![CDATA[
COMMAND: POST /session/fd4fa187b6d5c7f0700d354917c8944f/window/fullscreen - {}
RESULT: {}
]]></system-out>
    </testcase>
    <testcase classname="chrome.136_0_7103_49.windows.Edit_and_delete_daily_price_US134629_US134627" name="Should create a new partner" time="149.295">
      <system-out><![CDATA[
COMMAND: POST /session/fd4fa187b6d5c7f0700d354917c8944f/window/fullscreen - {}
RESULT: {}
COMMAND: POST /session/fd4fa187b6d5c7f0700d354917c8944f/execute/async - {"script":"<script> [1562 bytes]","args":[{"selector":{"controlType":"sap.m.GenericTile","properties":{"header":"Manage Partners"}},"wdio_ui5_key":"sapm.GenericTile{\"header\":\"Manage Partners\"}"}]}
RESULT: {"script":"<script> [1562 bytes]","args":[{"selector":{"controlType":"sap.m.GenericTile","properties":{"header":"Manage Partners"}},"wdio_ui5_key":"sapm.GenericTile{\"header\":\"Manage Partners\"}"}]}
RESULT: undefined
COMMAND: POST /session/fd4fa187b6d5c7f0700d354917c8944f/element - {"using":"xpath","value":"//*[@id=\"__tile38\"]"}
RESULT: {"using":"xpath","value":"//*[@id=\"__tile38\"]"}
COMMAND: POST /session/fd4fa187b6d5c7f0700d354917c8944f/element/f.74186A8BE651698372F974E5DA594C48.d.9246D7F3C2081E830888B7506618B8AF.e.3094/click - {}
RESULT: {}
COMMAND: POST /session/fd4fa187b6d5c7f0700d354917c8944f/element - {"using":"xpath","value":"//button[@data-kt=\"addButton\"]"}
COMMAND: GET /session/fd4fa187b6d5c7f0700d354917c8944f/screenshot - {}
RESULT: {"using":"xpath","value":"//button[@data-kt=\"addButton\"]"}
COMMAND: POST /session/fd4fa187b6d5c7f0700d354917c8944f/elements - {"using":"xpath","value":"//button[@data-kt=\"addButton\"]"}
RESULT: {}
RESULT: {"using":"xpath","value":"//button[@data-kt=\"addButton\"]"}
COMMAND: POST /session/fd4fa187b6d5c7f0700d354917c8944f/elements - {"using":"xpath","value":"//button[@data-kt=\"addButton\"]"}
RESULT: {"using":"xpath","value":"//button[@data-kt=\"addButton\"]"}
COMMAND: POST /session/fd4fa187b6d5c7f0700d354917c8944f/elements - {"using":"xpath","value":"//button[@data-kt=\"addButton\"]"}
RESULT: {"using":"xpath","value":"//button[@data-kt=\"addButton\"]"}
COMMAND: POST /session/fd4fa187b6d5c7f0700d354917c8944f/elements - {"using":"xpath","value":"//button[@data-kt=\"addButton\"]"}
RESULT: {"using":"xpath","value":"//button[@data-kt=\"addButton\"]"}
COMMAND: POST /session/fd4fa187b6d5c7f0700d354917c8944f/elements - {"using":"xpath","value":"//button[@data-kt=\"addButton\"]"}
RESULT: {"using":"xpath","value":"//button[@data-kt=\"addButton\"]"}
COMMAND: POST /session/fd4fa187b6d5c7f0700d354917c8944f/elements - {"using":"xpath","value":"//button[@data-kt=\"addButton\"]"}
RESULT: {"using":"xpath","value":"//button[@data-kt=\"addButton\"]"}
COMMAND: POST /session/fd4fa187b6d5c7f0700d354917c8944f/elements - {"using":"xpath","value":"//button[@data-kt=\"addButton\"]"}
RESULT: {"using":"xpath","value":"//button[@data-kt=\"addButton\"]"}
COMMAND: POST /session/fd4fa187b6d5c7f0700d354917c8944f/elements - {"using":"xpath","value":"//button[@data-kt=\"addButton\"]"}
RESULT: {"using":"xpath","value":"//button[@data-kt=\"addButton\"]"}
COMMAND: POST /session/fd4fa187b6d5c7f0700d354917c8944f/elements - {"using":"xpath","value":"//button[@data-kt=\"addButton\"]"}
RESULT: {"using":"xpath","value":"//button[@data-kt=\"addButton\"]"}
COMMAND: POST /session/fd4fa187b6d5c7f0700d354917c8944f/elements - {"using":"xpath","value":"//button[@data-kt=\"addButton\"]"}
RESULT: {"using":"xpath","value":"//button[@data-kt=\"addButton\"]"}
COMMAND: POST /session/fd4fa187b6d5c7f0700d354917c8944f/elements - {"using":"xpath","value":"//button[@data-kt=\"addButton\"]"}
RESULT: {"using":"xpath","value":"//button[@data-kt=\"addButton\"]"}
COMMAND: POST /session/fd4fa187b6d5c7f0700d354917c8944f/elements - {"using":"xpath","value":"//button[@data-kt=\"addButton\"]"}
RESULT: {"using":"xpath","value":"//button[@data-kt=\"addButton\"]"}
COMMAND: POST /session/fd4fa187b6d5c7f0700d354917c8944f/elements - {"using":"xpath","value":"//button[@data-kt=\"addButton\"]"}
RESULT: {"using":"xpath","value":"//button[@data-kt=\"addButton\"]"}
COMMAND: POST /session/fd4fa187b6d5c7f0700d354917c8944f/elements - {"using":"xpath","value":"//button[@data-kt=\"addButton\"]"}
RESULT: {"using":"xpath","value":"//button[@data-kt=\"addButton\"]"}
COMMAND: POST /session/fd4fa187b6d5c7f0700d354917c8944f/elements - {"using":"xpath","value":"//button[@data-kt=\"addButton\"]"}
RESULT: {"using":"xpath","value":"//button[@data-kt=\"addButton\"]"}
COMMAND: POST /session/fd4fa187b6d5c7f0700d354917c8944f/elements - {"using":"xpath","value":"//button[@data-kt=\"addButton\"]"}
RESULT: {"using":"xpath","value":"//button[@data-kt=\"addButton\"]"}
COMMAND: POST /session/fd4fa187b6d5c7f0700d354917c8944f/elements - {"using":"xpath","value":"//button[@data-kt=\"addButton\"]"}
RESULT: {"using":"xpath","value":"//button[@data-kt=\"addButton\"]"}
COMMAND: POST /session/fd4fa187b6d5c7f0700d354917c8944f/elements - {"using":"xpath","value":"//button[@data-kt=\"addButton\"]"}
RESULT: {"using":"xpath","value":"//button[@data-kt=\"addButton\"]"}
COMMAND: POST /session/fd4fa187b6d5c7f0700d354917c8944f/elements - {"using":"xpath","value":"//button[@data-kt=\"addButton\"]"}
RESULT: {"using":"xpath","value":"//button[@data-kt=\"addButton\"]"}
COMMAND: POST /session/fd4fa187b6d5c7f0700d354917c8944f/elements - {"using":"xpath","value":"//button[@data-kt=\"addButton\"]"}
RESULT: {"using":"xpath","value":"//button[@data-kt=\"addButton\"]"}
COMMAND: POST /session/fd4fa187b6d5c7f0700d354917c8944f/elements - {"using":"xpath","value":"//button[@data-kt=\"addButton\"]"}
RESULT: {"using":"xpath","value":"//button[@data-kt=\"addButton\"]"}
COMMAND: POST /session/fd4fa187b6d5c7f0700d354917c8944f/elements - {"using":"xpath","value":"//button[@data-kt=\"addButton\"]"}
RESULT: {"using":"xpath","value":"//button[@data-kt=\"addButton\"]"}
COMMAND: POST /session/fd4fa187b6d5c7f0700d354917c8944f/elements - {"using":"xpath","value":"//button[@data-kt=\"addButton\"]"}
RESULT: {"using":"xpath","value":"//button[@data-kt=\"addButton\"]"}
COMMAND: POST /session/fd4fa187b6d5c7f0700d354917c8944f/elements - {"using":"xpath","value":"//button[@data-kt=\"addButton\"]"}
RESULT: {"using":"xpath","value":"//button[@data-kt=\"addButton\"]"}
COMMAND: POST /session/fd4fa187b6d5c7f0700d354917c8944f/elements - {"using":"xpath","value":"//button[@data-kt=\"addButton\"]"}
RESULT: {"using":"xpath","value":"//button[@data-kt=\"addButton\"]"}
COMMAND: POST /session/fd4fa187b6d5c7f0700d354917c8944f/elements - {"using":"xpath","value":"//button[@data-kt=\"addButton\"]"}
RESULT: {"using":"xpath","value":"//button[@data-kt=\"addButton\"]"}
COMMAND: POST /session/fd4fa187b6d5c7f0700d354917c8944f/elements - {"using":"xpath","value":"//button[@data-kt=\"addButton\"]"}
RESULT: {"using":"xpath","value":"//button[@data-kt=\"addButton\"]"}
COMMAND: POST /session/fd4fa187b6d5c7f0700d354917c8944f/elements - {"using":"xpath","value":"//button[@data-kt=\"addButton\"]"}
RESULT: {"using":"xpath","value":"//button[@data-kt=\"addButton\"]"}
COMMAND: POST /session/fd4fa187b6d5c7f0700d354917c8944f/elements - {"using":"xpath","value":"//button[@data-kt=\"addButton\"]"}
RESULT: {"using":"xpath","value":"//button[@data-kt=\"addButton\"]"}
COMMAND: POST /session/fd4fa187b6d5c7f0700d354917c8944f/elements - {"using":"xpath","value":"//button[@data-kt=\"addButton\"]"}
RESULT: {"using":"xpath","value":"//button[@data-kt=\"addButton\"]"}
COMMAND: POST /session/fd4fa187b6d5c7f0700d354917c8944f/elements - {"using":"xpath","value":"//button[@data-kt=\"addButton\"]"}
RESULT: {"using":"xpath","value":"//button[@data-kt=\"addButton\"]"}
COMMAND: POST /session/fd4fa187b6d5c7f0700d354917c8944f/elements - {"using":"xpath","value":"//button[@data-kt=\"addButton\"]"}
RESULT: {"using":"xpath","value":"//button[@data-kt=\"addButton\"]"}
COMMAND: POST /session/fd4fa187b6d5c7f0700d354917c8944f/elements - {"using":"xpath","value":"//button[@data-kt=\"addButton\"]"}
RESULT: {"using":"xpath","value":"//button[@data-kt=\"addButton\"]"}
COMMAND: POST /session/fd4fa187b6d5c7f0700d354917c8944f/elements - {"using":"xpath","value":"//button[@data-kt=\"addButton\"]"}
RESULT: {"using":"xpath","value":"//button[@data-kt=\"addButton\"]"}
COMMAND: POST /session/fd4fa187b6d5c7f0700d354917c8944f/elements - {"using":"xpath","value":"//button[@data-kt=\"addButton\"]"}
RESULT: {"using":"xpath","value":"//button[@data-kt=\"addButton\"]"}
COMMAND: POST /session/fd4fa187b6d5c7f0700d354917c8944f/elements - {"using":"xpath","value":"//button[@data-kt=\"addButton\"]"}
RESULT: {"using":"xpath","value":"//button[@data-kt=\"addButton\"]"}
COMMAND: POST /session/fd4fa187b6d5c7f0700d354917c8944f/elements - {"using":"xpath","value":"//button[@data-kt=\"addButton\"]"}
RESULT: {"using":"xpath","value":"//button[@data-kt=\"addButton\"]"}
COMMAND: POST /session/fd4fa187b6d5c7f0700d354917c8944f/elements - {"using":"xpath","value":"//button[@data-kt=\"addButton\"]"}
RESULT: {"using":"xpath","value":"//button[@data-kt=\"addButton\"]"}
COMMAND: POST /session/fd4fa187b6d5c7f0700d354917c8944f/elements - {"using":"xpath","value":"//button[@data-kt=\"addButton\"]"}
RESULT: {"using":"xpath","value":"//button[@data-kt=\"addButton\"]"}
COMMAND: POST /session/fd4fa187b6d5c7f0700d354917c8944f/elements - {"using":"xpath","value":"//button[@data-kt=\"addButton\"]"}
RESULT: {"using":"xpath","value":"//button[@data-kt=\"addButton\"]"}
COMMAND: POST /session/fd4fa187b6d5c7f0700d354917c8944f/elements - {"using":"xpath","value":"//button[@data-kt=\"addButton\"]"}
RESULT: {"using":"xpath","value":"//button[@data-kt=\"addButton\"]"}
COMMAND: POST /session/fd4fa187b6d5c7f0700d354917c8944f/elements - {"using":"xpath","value":"//button[@data-kt=\"addButton\"]"}
RESULT: {"using":"xpath","value":"//button[@data-kt=\"addButton\"]"}
COMMAND: POST /session/fd4fa187b6d5c7f0700d354917c8944f/element - {"using":"xpath","value":"//button[@data-kt=\"addButton\"]"}
RESULT: {"using":"xpath","value":"//button[@data-kt=\"addButton\"]"}
COMMAND: POST /session/fd4fa187b6d5c7f0700d354917c8944f/execute/sync - {"script":"<script> [8489 bytes]","args":[{"element-6066-11e4-a52e-4f735466cecf":"f.74186A8BE651698372F974E5DA594C48.d.9246D7F3C2081E830888B7506618B8AF.e.3234","ELEMENT":"f.74186A8BE651698372F974E5DA594C48.d.9246D7F3C2081E830888B7506618B8AF.e.3234"}]}
RESULT: {"script":"<script> [8489 bytes]","args":[{"element-6066-11e4-a52e-4f735466cecf":"f.74186A8BE651698372F974E5DA594C48.d.9246D7F3C2081E830888B7506618B8AF.e.3234","ELEMENT":"f.74186A8BE651698372F974E5DA594C48.d.9246D7F3C2081E830888B7506618B8AF.e.3234"}]}
COMMAND: GET /session/fd4fa187b6d5c7f0700d354917c8944f/element/f.74186A8BE651698372F974E5DA594C48.d.9246D7F3C2081E830888B7506618B8AF.e.3234/enabled - {}
COMMAND: GET /session/fd4fa187b6d5c7f0700d354917c8944f/screenshot - {}
RESULT: {}
COMMAND: POST /session/fd4fa187b6d5c7f0700d354917c8944f/execute/sync - {"script":"<script> [8489 bytes]","args":[{"element-6066-11e4-a52e-4f735466cecf":"f.74186A8BE651698372F974E5DA594C48.d.9246D7F3C2081E830888B7506618B8AF.e.3234","ELEMENT":"f.74186A8BE651698372F974E5DA594C48.d.9246D7F3C2081E830888B7506618B8AF.e.3234"}]}
COMMAND: GET /session/fd4fa187b6d5c7f0700d354917c8944f/screenshot - {}
RESULT: {}
RESULT: {"script":"<script> [8489 bytes]","args":[{"element-6066-11e4-a52e-4f735466cecf":"f.74186A8BE651698372F974E5DA594C48.d.9246D7F3C2081E830888B7506618B8AF.e.3234","ELEMENT":"f.74186A8BE651698372F974E5DA594C48.d.9246D7F3C2081E830888B7506618B8AF.e.3234"}]}
COMMAND: POST /session/fd4fa187b6d5c7f0700d354917c8944f/execute/sync - {"script":"<script> [5351 bytes]","args":[{"element-6066-11e4-a52e-4f735466cecf":"f.74186A8BE651698372F974E5DA594C48.d.9246D7F3C2081E830888B7506618B8AF.e.3234","ELEMENT":"f.74186A8BE651698372F974E5DA594C48.d.9246D7F3C2081E830888B7506618B8AF.e.3234"}]}
COMMAND: GET /session/fd4fa187b6d5c7f0700d354917c8944f/screenshot - {}
RESULT: {}
RESULT: {"script":"<script> [5351 bytes]","args":[{"element-6066-11e4-a52e-4f735466cecf":"f.74186A8BE651698372F974E5DA594C48.d.9246D7F3C2081E830888B7506618B8AF.e.3234","ELEMENT":"f.74186A8BE651698372F974E5DA594C48.d.9246D7F3C2081E830888B7506618B8AF.e.3234"}]}
COMMAND: POST /session/fd4fa187b6d5c7f0700d354917c8944f/element/f.74186A8BE651698372F974E5DA594C48.d.9246D7F3C2081E830888B7506618B8AF.e.3234/click - {}
COMMAND: GET /session/fd4fa187b6d5c7f0700d354917c8944f/screenshot - {}
RESULT: {}
RESULT: {}
COMMAND: GET /session/fd4fa187b6d5c7f0700d354917c8944f/screenshot - {}
COMMAND: POST /session/fd4fa187b6d5c7f0700d354917c8944f/execute/async - {"script":"<script> [1562 bytes]","args":[{"selector":{"id":"application-managepartners-display-component---NewPartner--addressDetailDetailsName1","interaction":{"idSuffix":"inner"}},"wdio_ui5_key":"applicationmanagepartners-display-component---NewPartner--addressDetailDetailsName1"}]}
RESULT: {}
RESULT: {}
RESULT: {"script":"<script> [1562 bytes]","args":[{"selector":{"id":"application-managepartners-display-component---NewPartner--addressDetailDetailsName1","interaction":{"idSuffix":"inner"}},"wdio_ui5_key":"applicationmanagepartners-display-component---NewPartner--addressDetailDetailsName1"}]}
RESULT: undefined
COMMAND: POST /session/fd4fa187b6d5c7f0700d354917c8944f/execute/async - {"script":"<script> [776 bytes]","args":[{"enterText":"DailyPrice Partner WDIO","selector":{"id":"application-managepartners-display-component---NewPartner--addressDetailDetailsName1","interaction":{"idSuffix":"inner"}},"clearTextFirst":true,"interactionType":"ENTER_TEXT"}]}
RESULT: {"script":"<script> [776 bytes]","args":[{"enterText":"DailyPrice Partner WDIO","selector":{"id":"application-managepartners-display-component---NewPartner--addressDetailDetailsName1","interaction":{"idSuffix":"inner"}},"clearTextFirst":true,"interactionType":"ENTER_TEXT"}]}
COMMAND: POST /session/fd4fa187b6d5c7f0700d354917c8944f/execute/async - {"script":"<script> [1562 bytes]","args":[{"selector":{"id":"application-managepartners-display-component---NewPartner--addressDetailDetailsLanguage-arrow"},"wdio_ui5_key":"applicationmanagepartners-display-component---NewPartner--addressDetailDetailsLanguage-arrow"}]}
RESULT: {"script":"<script> [1562 bytes]","args":[{"selector":{"id":"application-managepartners-display-component---NewPartner--addressDetailDetailsLanguage-arrow"},"wdio_ui5_key":"applicationmanagepartners-display-component---NewPartner--addressDetailDetailsLanguage-arrow"}]}
RESULT: undefined
COMMAND: POST /session/fd4fa187b6d5c7f0700d354917c8944f/element - {"using":"xpath","value":"//*[@id=\"application-managepartners-display-component---NewPartner--addressDetailDetailsLanguage-arrow\"]"}
RESULT: {"using":"xpath","value":"//*[@id=\"application-managepartners-display-component---NewPartner--addressDetailDetailsLanguage-arrow\"]"}
COMMAND: POST /session/fd4fa187b6d5c7f0700d354917c8944f/element/f.74186A8BE651698372F974E5DA594C48.d.9246D7F3C2081E830888B7506618B8AF.e.3659/click - {}
RESULT: {}
COMMAND: POST /session/fd4fa187b6d5c7f0700d354917c8944f/element - {"using":"xpath","value":"//span[contains(text(), \"English\")]"}
COMMAND: GET /session/fd4fa187b6d5c7f0700d354917c8944f/screenshot - {}
RESULT: {"using":"xpath","value":"//span[contains(text(), \"English\")]"}
COMMAND: POST /session/fd4fa187b6d5c7f0700d354917c8944f/element/f.74186A8BE651698372F974E5DA594C48.d.9246D7F3C2081E830888B7506618B8AF.e.3660/click - {}
RESULT: {}
RESULT: {}
COMMAND: GET /session/fd4fa187b6d5c7f0700d354917c8944f/screenshot - {}
RESULT: {}
COMMAND: POST /session/fd4fa187b6d5c7f0700d354917c8944f/execute/async - {"script":"<script> [1562 bytes]","args":[{"selector":{"id":"application-managepartners-display-component---NewPartner--addressDetailDetailsCity1","interaction":{"idSuffix":"inner"}},"wdio_ui5_key":"applicationmanagepartners-display-component---NewPartner--addressDetailDetailsCity1"}]}
RESULT: {"script":"<script> [1562 bytes]","args":[{"selector":{"id":"application-managepartners-display-component---NewPartner--addressDetailDetailsCity1","interaction":{"idSuffix":"inner"}},"wdio_ui5_key":"applicationmanagepartners-display-component---NewPartner--addressDetailDetailsCity1"}]}
RESULT: undefined
COMMAND: POST /session/fd4fa187b6d5c7f0700d354917c8944f/execute/async - {"script":"<script> [776 bytes]","args":[{"enterText":"Rosario","selector":{"id":"application-managepartners-display-component---NewPartner--addressDetailDetailsCity1","interaction":{"idSuffix":"inner"}},"clearTextFirst":true,"interactionType":"ENTER_TEXT"}]}
RESULT: {"script":"<script> [776 bytes]","args":[{"enterText":"Rosario","selector":{"id":"application-managepartners-display-component---NewPartner--addressDetailDetailsCity1","interaction":{"idSuffix":"inner"}},"clearTextFirst":true,"interactionType":"ENTER_TEXT"}]}
COMMAND: POST /session/fd4fa187b6d5c7f0700d354917c8944f/execute/async - {"script":"<script> [1562 bytes]","args":[{"selector":{"id":"application-managepartners-display-component---NewPartner--addressDetailDetailsCountry-arrow"},"wdio_ui5_key":"applicationmanagepartners-display-component---NewPartner--addressDetailDetailsCountry-arrow"}]}
RESULT: {"script":"<script> [1562 bytes]","args":[{"selector":{"id":"application-managepartners-display-component---NewPartner--addressDetailDetailsCountry-arrow"},"wdio_ui5_key":"applicationmanagepartners-display-component---NewPartner--addressDetailDetailsCountry-arrow"}]}
RESULT: undefined
COMMAND: POST /session/fd4fa187b6d5c7f0700d354917c8944f/element - {"using":"xpath","value":"//*[@id=\"application-managepartners-display-component---NewPartner--addressDetailDetailsCountry-arrow\"]"}
RESULT: {"using":"xpath","value":"//*[@id=\"application-managepartners-display-component---NewPartner--addressDetailDetailsCountry-arrow\"]"}
COMMAND: POST /session/fd4fa187b6d5c7f0700d354917c8944f/element/f.74186A8BE651698372F974E5DA594C48.d.9246D7F3C2081E830888B7506618B8AF.e.3487/click - {}
RESULT: {}
COMMAND: POST /session/fd4fa187b6d5c7f0700d354917c8944f/element - {"using":"xpath","value":"//span[contains(text(), \"Argentina\")]"}
COMMAND: GET /session/fd4fa187b6d5c7f0700d354917c8944f/screenshot - {}
RESULT: {"using":"xpath","value":"//span[contains(text(), \"Argentina\")]"}
COMMAND: POST /session/fd4fa187b6d5c7f0700d354917c8944f/element/f.74186A8BE651698372F974E5DA594C48.d.9246D7F3C2081E830888B7506618B8AF.e.3662/click - {}
RESULT: {}
RESULT: {}
COMMAND: GET /session/fd4fa187b6d5c7f0700d354917c8944f/screenshot - {}
RESULT: {}
COMMAND: POST /session/fd4fa187b6d5c7f0700d354917c8944f/element - {"using":"xpath","value":"//bdi[contains(text(), \"Commercial\")]"}
RESULT: {"using":"xpath","value":"//bdi[contains(text(), \"Commercial\")]"}
COMMAND: POST /session/fd4fa187b6d5c7f0700d354917c8944f/element/f.74186A8BE651698372F974E5DA594C48.d.9246D7F3C2081E830888B7506618B8AF.e.3663/click - {}
RESULT: {}
COMMAND: GET /session/fd4fa187b6d5c7f0700d354917c8944f/screenshot - {}
RESULT: {}
COMMAND: POST /session/fd4fa187b6d5c7f0700d354917c8944f/execute/async - {"script":"<script> [1562 bytes]","args":[{"selector":{"id":"application-managepartners-display-component---NewPartner--partnerDetailInternal-arrow"},"wdio_ui5_key":"applicationmanagepartners-display-component---NewPartner--partnerDetailInternal-arrow"}]}
RESULT: {"script":"<script> [1562 bytes]","args":[{"selector":{"id":"application-managepartners-display-component---NewPartner--partnerDetailInternal-arrow"},"wdio_ui5_key":"applicationmanagepartners-display-component---NewPartner--partnerDetailInternal-arrow"}]}
RESULT: undefined
COMMAND: POST /session/fd4fa187b6d5c7f0700d354917c8944f/element - {"using":"xpath","value":"//*[@id=\"application-managepartners-display-component---NewPartner--partnerDetailInternal-arrow\"]"}
RESULT: {"using":"xpath","value":"//*[@id=\"application-managepartners-display-component---NewPartner--partnerDetailInternal-arrow\"]"}
COMMAND: POST /session/fd4fa187b6d5c7f0700d354917c8944f/element/f.74186A8BE651698372F974E5DA594C48.d.9246D7F3C2081E830888B7506618B8AF.e.3671/click - {}
RESULT: {}
COMMAND: POST /session/fd4fa187b6d5c7f0700d354917c8944f/element - {"using":"xpath","value":"//span[contains(text(), \"Affiliated company\")]"}
COMMAND: GET /session/fd4fa187b6d5c7f0700d354917c8944f/screenshot - {}
RESULT: {"using":"xpath","value":"//span[contains(text(), \"Affiliated company\")]"}
COMMAND: POST /session/fd4fa187b6d5c7f0700d354917c8944f/element/f.74186A8BE651698372F974E5DA594C48.d.9246D7F3C2081E830888B7506618B8AF.e.3672/click - {}
RESULT: {}
RESULT: {}
COMMAND: POST /session/fd4fa187b6d5c7f0700d354917c8944f/execute/async - {"script":"<script> [1562 bytes]","args":[{"selector":{"id":"application-managepartners-display-component---NewPartner--partnerDetailsCurrency-arrow"},"wdio_ui5_key":"applicationmanagepartners-display-component---NewPartner--partnerDetailsCurrency-arrow"}]}
COMMAND: GET /session/fd4fa187b6d5c7f0700d354917c8944f/screenshot - {}
RESULT: {"script":"<script> [1562 bytes]","args":[{"selector":{"id":"application-managepartners-display-component---NewPartner--partnerDetailsCurrency-arrow"},"wdio_ui5_key":"applicationmanagepartners-display-component---NewPartner--partnerDetailsCurrency-arrow"}]}
RESULT: undefined
COMMAND: POST /session/fd4fa187b6d5c7f0700d354917c8944f/element - {"using":"xpath","value":"//*[@id=\"application-managepartners-display-component---NewPartner--partnerDetailsCurrency-arrow\"]"}
RESULT: {}
RESULT: {"using":"xpath","value":"//*[@id=\"application-managepartners-display-component---NewPartner--partnerDetailsCurrency-arrow\"]"}
COMMAND: POST /session/fd4fa187b6d5c7f0700d354917c8944f/element/f.74186A8BE651698372F974E5DA594C48.d.9246D7F3C2081E830888B7506618B8AF.e.3679/click - {}
RESULT: {}
COMMAND: POST /session/fd4fa187b6d5c7f0700d354917c8944f/element - {"using":"xpath","value":"//span[contains(text(), \"Euro\")]"}
COMMAND: GET /session/fd4fa187b6d5c7f0700d354917c8944f/screenshot - {}
RESULT: {"using":"xpath","value":"//span[contains(text(), \"Euro\")]"}
COMMAND: POST /session/fd4fa187b6d5c7f0700d354917c8944f/element/f.74186A8BE651698372F974E5DA594C48.d.9246D7F3C2081E830888B7506618B8AF.e.3680/click - {}
RESULT: {}
RESULT: {}
COMMAND: POST /session/fd4fa187b6d5c7f0700d354917c8944f/execute/async - {"script":"<script> [1562 bytes]","args":[{"selector":{"id":"application-managepartners-display-component---NewPartner--addressEditDetailsCostObjectCstType-arrow"},"wdio_ui5_key":"applicationmanagepartners-display-component---NewPartner--addressEditDetailsCostObjectCstType-arrow"}]}
COMMAND: GET /session/fd4fa187b6d5c7f0700d354917c8944f/screenshot - {}
RESULT: {"script":"<script> [1562 bytes]","args":[{"selector":{"id":"application-managepartners-display-component---NewPartner--addressEditDetailsCostObjectCstType-arrow"},"wdio_ui5_key":"applicationmanagepartners-display-component---NewPartner--addressEditDetailsCostObjectCstType-arrow"}]}
RESULT: undefined
COMMAND: POST /session/fd4fa187b6d5c7f0700d354917c8944f/element - {"using":"xpath","value":"//*[@id=\"application-managepartners-display-component---NewPartner--addressEditDetailsCostObjectCstType-arrow\"]"}
RESULT: {}
RESULT: {"using":"xpath","value":"//*[@id=\"application-managepartners-display-component---NewPartner--addressEditDetailsCostObjectCstType-arrow\"]"}
COMMAND: POST /session/fd4fa187b6d5c7f0700d354917c8944f/element/f.74186A8BE651698372F974E5DA594C48.d.9246D7F3C2081E830888B7506618B8AF.e.3681/click - {}
RESULT: {}
COMMAND: POST /session/fd4fa187b6d5c7f0700d354917c8944f/element - {"using":"xpath","value":"//span[contains(text(), \"Cost Center\")]"}
COMMAND: GET /session/fd4fa187b6d5c7f0700d354917c8944f/screenshot - {}
RESULT: {"using":"xpath","value":"//span[contains(text(), \"Cost Center\")]"}
COMMAND: POST /session/fd4fa187b6d5c7f0700d354917c8944f/element/f.74186A8BE651698372F974E5DA594C48.d.9246D7F3C2081E830888B7506618B8AF.e.3682/click - {}
RESULT: {}
RESULT: {}
COMMAND: GET /session/fd4fa187b6d5c7f0700d354917c8944f/screenshot - {}
RESULT: {}
COMMAND: POST /session/fd4fa187b6d5c7f0700d354917c8944f/element - {"using":"xpath","value":"//span[@id=\"application-managepartners-display-component---NewPartner--addressNewCostObjectCstID-vhi\"]"}
RESULT: {"using":"xpath","value":"//span[@id=\"application-managepartners-display-component---NewPartner--addressNewCostObjectCstID-vhi\"]"}
COMMAND: POST /session/fd4fa187b6d5c7f0700d354917c8944f/execute/sync - {"script":"<script> [8489 bytes]","args":[{"element-6066-11e4-a52e-4f735466cecf":"f.74186A8BE651698372F974E5DA594C48.d.9246D7F3C2081E830888B7506618B8AF.e.3686","ELEMENT":"f.74186A8BE651698372F974E5DA594C48.d.9246D7F3C2081E830888B7506618B8AF.e.3686"}]}
RESULT: {"script":"<script> [8489 bytes]","args":[{"element-6066-11e4-a52e-4f735466cecf":"f.74186A8BE651698372F974E5DA594C48.d.9246D7F3C2081E830888B7506618B8AF.e.3686","ELEMENT":"f.74186A8BE651698372F974E5DA594C48.d.9246D7F3C2081E830888B7506618B8AF.e.3686"}]}
COMMAND: POST /session/fd4fa187b6d5c7f0700d354917c8944f/execute/async - {"script":"<script> [1562 bytes]","args":[{"selector":{"id":"application-managepartners-display-component---NewPartner--addressNewCostObjectCstID-vhi"},"wdio_ui5_key":"applicationmanagepartners-display-component---NewPartner--addressNewCostObjectCstID-vhi"}]}
COMMAND: GET /session/fd4fa187b6d5c7f0700d354917c8944f/screenshot - {}
RESULT: {"script":"<script> [1562 bytes]","args":[{"selector":{"id":"application-managepartners-display-component---NewPartner--addressNewCostObjectCstID-vhi"},"wdio_ui5_key":"applicationmanagepartners-display-component---NewPartner--addressNewCostObjectCstID-vhi"}]}
RESULT: undefined
COMMAND: POST /session/fd4fa187b6d5c7f0700d354917c8944f/element - {"using":"xpath","value":"//*[@id=\"application-managepartners-display-component---NewPartner--addressNewCostObjectCstID-vhi\"]"}
RESULT: {}
RESULT: {"using":"xpath","value":"//*[@id=\"application-managepartners-display-component---NewPartner--addressNewCostObjectCstID-vhi\"]"}
COMMAND: POST /session/fd4fa187b6d5c7f0700d354917c8944f/element/f.74186A8BE651698372F974E5DA594C48.d.9246D7F3C2081E830888B7506618B8AF.e.3686/click - {}
RESULT: {}
COMMAND: GET /session/fd4fa187b6d5c7f0700d354917c8944f/screenshot - {}
RESULT: {}
COMMAND: POST /session/fd4fa187b6d5c7f0700d354917c8944f/execute/async - {"script":"<script> [1562 bytes]","args":[{"selector":{"controlType":"sap.m.SearchField","properties":{"placeholder":"Search"},"searchOpenDialogs":true,"interaction":{"idSuffix":"I"}},"wdio_ui5_key":"sapm.SearchField{\"placeholder\":\"Search\"}"}]}
RESULT: {"script":"<script> [1562 bytes]","args":[{"selector":{"controlType":"sap.m.SearchField","properties":{"placeholder":"Search"},"searchOpenDialogs":true,"interaction":{"idSuffix":"I"}},"wdio_ui5_key":"sapm.SearchField{\"placeholder\":\"Search\"}"}]}
RESULT: undefined
COMMAND: POST /session/fd4fa187b6d5c7f0700d354917c8944f/execute/async - {"script":"<script> [776 bytes]","args":[{"enterText":"10001013","selector":{"controlType":"sap.m.SearchField","properties":{"placeholder":"Search"},"searchOpenDialogs":true,"interaction":{"idSuffix":"I"}},"clearTextFirst":true,"interactionType":"ENTER_TEXT"}]}
RESULT: {"script":"<script> [776 bytes]","args":[{"enterText":"10001013","selector":{"controlType":"sap.m.SearchField","properties":{"placeholder":"Search"},"searchOpenDialogs":true,"interaction":{"idSuffix":"I"}},"clearTextFirst":true,"interactionType":"ENTER_TEXT"}]}
COMMAND: POST /session/fd4fa187b6d5c7f0700d354917c8944f/actions - {"actions":[{"id":"action11","type":"key","parameters":{},"actions":[{"type":"keyDown","value":"î€‡"},{"type":"pause","duration":10},{"type":"keyUp","value":"î€‡"}]}]}
RESULT: {"actions":[{"id":"action11","type":"key","parameters":{},"actions":[{"type":"keyDown","value":"î€‡"},{"type":"pause","duration":10},{"type":"keyUp","value":"î€‡"}]}]}
COMMAND: GET /session/fd4fa187b6d5c7f0700d354917c8944f/screenshot - {}
RESULT: {}
COMMAND: POST /session/fd4fa187b6d5c7f0700d354917c8944f/element - {"using":"xpath","value":"//span[contains(text(), \"General Management\")]"}
RESULT: {"using":"xpath","value":"//span[contains(text(), \"General Management\")]"}
COMMAND: POST /session/fd4fa187b6d5c7f0700d354917c8944f/element/f.74186A8BE651698372F974E5DA594C48.d.9246D7F3C2081E830888B7506618B8AF.e.3729/click - {}
RESULT: {}
COMMAND: GET /session/fd4fa187b6d5c7f0700d354917c8944f/screenshot - {}
RESULT: {}
COMMAND: POST /session/fd4fa187b6d5c7f0700d354917c8944f/element - {"using":"xpath","value":"//bdi[contains(text(), \"OK\")]"}
RESULT: {"using":"xpath","value":"//bdi[contains(text(), \"OK\")]"}
COMMAND: POST /session/fd4fa187b6d5c7f0700d354917c8944f/element/f.74186A8BE651698372F974E5DA594C48.d.9246D7F3C2081E830888B7506618B8AF.e.3730/click - {}
RESULT: {}
COMMAND: GET /session/fd4fa187b6d5c7f0700d354917c8944f/screenshot - {}
RESULT: {}
COMMAND: POST /session/fd4fa187b6d5c7f0700d354917c8944f/element - {"using":"xpath","value":"//input[@id=\"application-managepartners-display-component---NewPartner--companyCodeComboBox-inner\"]"}
RESULT: {"using":"xpath","value":"//input[@id=\"application-managepartners-display-component---NewPartner--companyCodeComboBox-inner\"]"}
COMMAND: POST /session/fd4fa187b6d5c7f0700d354917c8944f/element/f.74186A8BE651698372F974E5DA594C48.d.9246D7F3C2081E830888B7506618B8AF.e.3613/clear - {}
RESULT: {}
COMMAND: POST /session/fd4fa187b6d5c7f0700d354917c8944f/element/f.74186A8BE651698372F974E5DA594C48.d.9246D7F3C2081E830888B7506618B8AF.e.3613/value - {"text":"C002"}
COMMAND: GET /session/fd4fa187b6d5c7f0700d354917c8944f/screenshot - {}
RESULT: {"text":"C002"}
COMMAND: GET /session/fd4fa187b6d5c7f0700d354917c8944f/screenshot - {}
RESULT: {}
RESULT: {}
COMMAND: POST /session/fd4fa187b6d5c7f0700d354917c8944f/element - {"using":"xpath","value":"//li[.//span[text()= \"C002\"]]"}
RESULT: {"using":"xpath","value":"//li[.//span[text()= \"C002\"]]"}
COMMAND: POST /session/fd4fa187b6d5c7f0700d354917c8944f/element/f.74186A8BE651698372F974E5DA594C48.d.9246D7F3C2081E830888B7506618B8AF.e.3736/click - {}
RESULT: {}
COMMAND: GET /session/fd4fa187b6d5c7f0700d354917c8944f/screenshot - {}
RESULT: {}
COMMAND: POST /session/fd4fa187b6d5c7f0700d354917c8944f/execute/async - {"script":"<script> [1562 bytes]","args":[{"selector":{"id":"application-managepartners-display-component---NewPartner--btnAddTableRow-img"},"wdio_ui5_key":"applicationmanagepartners-display-component---NewPartner--btnAddTableRow-img"}]}
RESULT: {"script":"<script> [1562 bytes]","args":[{"selector":{"id":"application-managepartners-display-component---NewPartner--btnAddTableRow-img"},"wdio_ui5_key":"applicationmanagepartners-display-component---NewPartner--btnAddTableRow-img"}]}
RESULT: undefined
COMMAND: POST /session/fd4fa187b6d5c7f0700d354917c8944f/element - {"using":"xpath","value":"//*[@id=\"application-managepartners-display-component---NewPartner--btnAddTableRow-img\"]"}
RESULT: {"using":"xpath","value":"//*[@id=\"application-managepartners-display-component---NewPartner--btnAddTableRow-img\"]"}
COMMAND: POST /session/fd4fa187b6d5c7f0700d354917c8944f/element/f.74186A8BE651698372F974E5DA594C48.d.9246D7F3C2081E830888B7506618B8AF.e.3737/click - {}
RESULT: {}
COMMAND: GET /session/fd4fa187b6d5c7f0700d354917c8944f/screenshot - {}
RESULT: {}
COMMAND: POST /session/fd4fa187b6d5c7f0700d354917c8944f/element - {"using":"xpath","value":"//input[@id=\"application-managepartners-display-component---NewPartner--assignmentYard-application-managepartners-display-component---NewPartner--assignmentsTable-0-inner\"]"}
RESULT: {"using":"xpath","value":"//input[@id=\"application-managepartners-display-component---NewPartner--assignmentYard-application-managepartners-display-component---NewPartner--assignmentsTable-0-inner\"]"}
COMMAND: POST /session/fd4fa187b6d5c7f0700d354917c8944f/element/f.74186A8BE651698372F974E5DA594C48.d.9246D7F3C2081E830888B7506618B8AF.e.3740/clear - {}
RESULT: {}
COMMAND: POST /session/fd4fa187b6d5c7f0700d354917c8944f/element/f.74186A8BE651698372F974E5DA594C48.d.9246D7F3C2081E830888B7506618B8AF.e.3740/value - {"text":"270"}
COMMAND: GET /session/fd4fa187b6d5c7f0700d354917c8944f/screenshot - {}
RESULT: {"text":"270"}
COMMAND: GET /session/fd4fa187b6d5c7f0700d354917c8944f/screenshot - {}
RESULT: {}
RESULT: {}
COMMAND: POST /session/fd4fa187b6d5c7f0700d354917c8944f/element - {"using":"xpath","value":"//li[.//span[text()='270']]"}
RESULT: {"using":"xpath","value":"//li[.//span[text()='270']]"}
COMMAND: POST /session/fd4fa187b6d5c7f0700d354917c8944f/element/f.74186A8BE651698372F974E5DA594C48.d.9246D7F3C2081E830888B7506618B8AF.e.3749/click - {}
RESULT: {}
COMMAND: GET /session/fd4fa187b6d5c7f0700d354917c8944f/screenshot - {}
RESULT: {}
COMMAND: POST /session/fd4fa187b6d5c7f0700d354917c8944f/actions - {"actions":[{"id":"action12","type":"key","parameters":{},"actions":[{"type":"keyDown","value":"î€‡"},{"type":"pause","duration":10},{"type":"keyUp","value":"î€‡"}]}]}
RESULT: {"actions":[{"id":"action12","type":"key","parameters":{},"actions":[{"type":"keyDown","value":"î€‡"},{"type":"pause","duration":10},{"type":"keyUp","value":"î€‡"}]}]}
COMMAND: POST /session/fd4fa187b6d5c7f0700d354917c8944f/execute/async - {"script":"<script> [1562 bytes]","args":[{"selector":{"id":"application-managepartners-display-component---NewPartner--externalCustomerComboBox-application-managepartners-display-component---NewPartner--assignmentsTable-0-vhi"},"wdio_ui5_key":"applicationmanagepartners-display-component---NewPartner--externalCustomerComboBox-application-managepartners-display-component---NewPartner--assignmentsTable-0-vhi"}]}
COMMAND: GET /session/fd4fa187b6d5c7f0700d354917c8944f/screenshot - {}
RESULT: {"script":"<script> [1562 bytes]","args":[{"selector":{"id":"application-managepartners-display-component---NewPartner--externalCustomerComboBox-application-managepartners-display-component---NewPartner--assignmentsTable-0-vhi"},"wdio_ui5_key":"applicationmanagepartners-display-component---NewPartner--externalCustomerComboBox-application-managepartners-display-component---NewPartner--assignmentsTable-0-vhi"}]}
RESULT: undefined
COMMAND: POST /session/fd4fa187b6d5c7f0700d354917c8944f/element - {"using":"xpath","value":"//*[@id=\"application-managepartners-display-component---NewPartner--externalCustomerComboBox-application-managepartners-display-component---NewPartner--assignmentsTable-0-vhi\"]"}
RESULT: {}
RESULT: {"using":"xpath","value":"//*[@id=\"application-managepartners-display-component---NewPartner--externalCustomerComboBox-application-managepartners-display-component---NewPartner--assignmentsTable-0-vhi\"]"}
COMMAND: POST /session/fd4fa187b6d5c7f0700d354917c8944f/element/f.74186A8BE651698372F974E5DA594C48.d.9246D7F3C2081E830888B7506618B8AF.e.3753/click - {}
RESULT: {}
RESULT: undefined
COMMAND: POST /session/fd4fa187b6d5c7f0700d354917c8944f/execute/async - {"script":"<script> [776 bytes]","args":[{"enterText":"300003","selector":{"controlType":"sap.m.SearchField","properties":{"placeholder":"Search"},"searchOpenDialogs":true,"interaction":{"idSuffix":"I"}},"clearTextFirst":true,"interactionType":"ENTER_TEXT"}]}
COMMAND: GET /session/fd4fa187b6d5c7f0700d354917c8944f/screenshot - {}
RESULT: {"script":"<script> [776 bytes]","args":[{"enterText":"300003","selector":{"controlType":"sap.m.SearchField","properties":{"placeholder":"Search"},"searchOpenDialogs":true,"interaction":{"idSuffix":"I"}},"clearTextFirst":true,"interactionType":"ENTER_TEXT"}]}
COMMAND: POST /session/fd4fa187b6d5c7f0700d354917c8944f/actions - {"actions":[{"id":"action13","type":"key","parameters":{},"actions":[{"type":"keyDown","value":"î€‡"},{"type":"pause","duration":10},{"type":"keyUp","value":"î€‡"}]}]}
RESULT: {}
RESULT: {"actions":[{"id":"action13","type":"key","parameters":{},"actions":[{"type":"keyDown","value":"î€‡"},{"type":"pause","duration":10},{"type":"keyUp","value":"î€‡"}]}]}
COMMAND: GET /session/fd4fa187b6d5c7f0700d354917c8944f/screenshot - {}
RESULT: {}
COMMAND: POST /session/fd4fa187b6d5c7f0700d354917c8944f/element - {"using":"xpath","value":"//span[contains(text(), \"300003\")]"}
RESULT: {"using":"xpath","value":"//span[contains(text(), \"300003\")]"}
COMMAND: POST /session/fd4fa187b6d5c7f0700d354917c8944f/element/f.74186A8BE651698372F974E5DA594C48.d.9246D7F3C2081E830888B7506618B8AF.e.3772/click - {}
RESULT: {}
COMMAND: GET /session/fd4fa187b6d5c7f0700d354917c8944f/screenshot - {}
RESULT: {}
COMMAND: POST /session/fd4fa187b6d5c7f0700d354917c8944f/element - {"using":"xpath","value":"//bdi[contains(text(), \"OK\")]"}
RESULT: {"using":"xpath","value":"//bdi[contains(text(), \"OK\")]"}
COMMAND: POST /session/fd4fa187b6d5c7f0700d354917c8944f/element/f.74186A8BE651698372F974E5DA594C48.d.9246D7F3C2081E830888B7506618B8AF.e.3774/click - {}
RESULT: {}
COMMAND: GET /session/fd4fa187b6d5c7f0700d354917c8944f/screenshot - {}
COMMAND: POST /session/fd4fa187b6d5c7f0700d354917c8944f/execute/async - {"script":"<script> [1562 bytes]","args":[{"selector":{"id":"application-managepartners-display-component---NewPartner--intercompVendorComboBox-application-managepartners-display-component---NewPartner--assignmentsTable-0-vhi"},"wdio_ui5_key":"applicationmanagepartners-display-component---NewPartner--intercompVendorComboBox-application-managepartners-display-component---NewPartner--assignmentsTable-0-vhi"}]}
RESULT: {}
RESULT: {"script":"<script> [1562 bytes]","args":[{"selector":{"id":"application-managepartners-display-component---NewPartner--intercompVendorComboBox-application-managepartners-display-component---NewPartner--assignmentsTable-0-vhi"},"wdio_ui5_key":"applicationmanagepartners-display-component---NewPartner--intercompVendorComboBox-application-managepartners-display-component---NewPartner--assignmentsTable-0-vhi"}]}
RESULT: undefined
COMMAND: POST /session/fd4fa187b6d5c7f0700d354917c8944f/element - {"using":"xpath","value":"//*[@id=\"application-managepartners-display-component---NewPartner--intercompVendorComboBox-application-managepartners-display-component---NewPartner--assignmentsTable-0-vhi\"]"}
RESULT: {"using":"xpath","value":"//*[@id=\"application-managepartners-display-component---NewPartner--intercompVendorComboBox-application-managepartners-display-component---NewPartner--assignmentsTable-0-vhi\"]"}
COMMAND: POST /session/fd4fa187b6d5c7f0700d354917c8944f/element/f.74186A8BE651698372F974E5DA594C48.d.9246D7F3C2081E830888B7506618B8AF.e.3778/click - {}
RESULT: {}
RESULT: undefined
COMMAND: POST /session/fd4fa187b6d5c7f0700d354917c8944f/execute/async - {"script":"<script> [776 bytes]","args":[{"enterText":"100005","selector":{"controlType":"sap.m.SearchField","properties":{"placeholder":"Search"},"searchOpenDialogs":true,"interaction":{"idSuffix":"I"}},"clearTextFirst":true,"interactionType":"ENTER_TEXT"}]}
COMMAND: GET /session/fd4fa187b6d5c7f0700d354917c8944f/screenshot - {}
RESULT: {"script":"<script> [776 bytes]","args":[{"enterText":"100005","selector":{"controlType":"sap.m.SearchField","properties":{"placeholder":"Search"},"searchOpenDialogs":true,"interaction":{"idSuffix":"I"}},"clearTextFirst":true,"interactionType":"ENTER_TEXT"}]}
COMMAND: POST /session/fd4fa187b6d5c7f0700d354917c8944f/actions - {"actions":[{"id":"action14","type":"key","parameters":{},"actions":[{"type":"keyDown","value":"î€‡"},{"type":"pause","duration":10},{"type":"keyUp","value":"î€‡"}]}]}
RESULT: {}
RESULT: {"actions":[{"id":"action14","type":"key","parameters":{},"actions":[{"type":"keyDown","value":"î€‡"},{"type":"pause","duration":10},{"type":"keyUp","value":"î€‡"}]}]}
COMMAND: GET /session/fd4fa187b6d5c7f0700d354917c8944f/screenshot - {}
RESULT: {}
COMMAND: POST /session/fd4fa187b6d5c7f0700d354917c8944f/element - {"using":"xpath","value":"//span[contains(text(), \"Penguins - Field/12345 Berlin\")]"}
RESULT: {"using":"xpath","value":"//span[contains(text(), \"Penguins - Field/12345 Berlin\")]"}
COMMAND: POST /session/fd4fa187b6d5c7f0700d354917c8944f/element/f.74186A8BE651698372F974E5DA594C48.d.9246D7F3C2081E830888B7506618B8AF.e.3797/click - {}
RESULT: {}
COMMAND: GET /session/fd4fa187b6d5c7f0700d354917c8944f/screenshot - {}
RESULT: {}
COMMAND: POST /session/fd4fa187b6d5c7f0700d354917c8944f/element - {"using":"xpath","value":"//bdi[contains(text(), \"OK\")]"}
RESULT: {"using":"xpath","value":"//bdi[contains(text(), \"OK\")]"}
COMMAND: POST /session/fd4fa187b6d5c7f0700d354917c8944f/element/f.74186A8BE651698372F974E5DA594C48.d.9246D7F3C2081E830888B7506618B8AF.e.3798/click - {}
RESULT: {}
COMMAND: GET /session/fd4fa187b6d5c7f0700d354917c8944f/screenshot - {}
RESULT: {}
COMMAND: POST /session/fd4fa187b6d5c7f0700d354917c8944f/element - {"using":"xpath","value":"//button[@data-kt=\"saveButton\"]"}
RESULT: {"using":"xpath","value":"//button[@data-kt=\"saveButton\"]"}
COMMAND: POST /session/fd4fa187b6d5c7f0700d354917c8944f/element/f.74186A8BE651698372F974E5DA594C48.d.9246D7F3C2081E830888B7506618B8AF.e.3618/click - {}
RESULT: {}
COMMAND: GET /session/fd4fa187b6d5c7f0700d354917c8944f/screenshot - {}
RESULT: {}
COMMAND: POST /session/fd4fa187b6d5c7f0700d354917c8944f/element - {"using":"xpath","value":"//header[contains(@id, 'ObjectPageLayout-headerTitle')]/div[1]/div[2]/div[2]/span[1]"}
RESULT: {"using":"xpath","value":"//header[contains(@id, 'ObjectPageLayout-headerTitle')]/div[1]/div[2]/div[2]/span[1]"}
COMMAND: POST /session/fd4fa187b6d5c7f0700d354917c8944f/elements - {"using":"xpath","value":"//header[contains(@id, 'ObjectPageLayout-headerTitle')]/div[1]/div[2]/div[2]/span[1]"}
RESULT: {"using":"xpath","value":"//header[contains(@id, 'ObjectPageLayout-headerTitle')]/div[1]/div[2]/div[2]/span[1]"}
COMMAND: POST /session/fd4fa187b6d5c7f0700d354917c8944f/execute/sync - {"script":"<script> [56 bytes]","args":[{"element-6066-11e4-a52e-4f735466cecf":"f.74186A8BE651698372F974E5DA594C48.d.9246D7F3C2081E830888B7506618B8AF.e.3955","ELEMENT":"f.74186A8BE651698372F974E5DA594C48.d.9246D7F3C2081E830888B7506618B8AF.e.3955"}]}
RESULT: {"script":"<script> [56 bytes]","args":[{"element-6066-11e4-a52e-4f735466cecf":"f.74186A8BE651698372F974E5DA594C48.d.9246D7F3C2081E830888B7506618B8AF.e.3955","ELEMENT":"f.74186A8BE651698372F974E5DA594C48.d.9246D7F3C2081E830888B7506618B8AF.e.3955"}]}
COMMAND: POST /session/fd4fa187b6d5c7f0700d354917c8944f/element - {"using":"css selector","value":"#shell-header-logo"}
COMMAND: GET /session/fd4fa187b6d5c7f0700d354917c8944f/screenshot - {}
RESULT: {"using":"css selector","value":"#shell-header-logo"}
COMMAND: POST /session/fd4fa187b6d5c7f0700d354917c8944f/element/f.74186A8BE651698372F974E5DA594C48.d.9246D7F3C2081E830888B7506618B8AF.e.3199/click - {}
RESULT: {}
RESULT: {}
COMMAND: GET /session/fd4fa187b6d5c7f0700d354917c8944f/screenshot - {}
RESULT: {}
COMMAND: POST /session/fd4fa187b6d5c7f0700d354917c8944f/execute/sync - {"script":"<script> [299 bytes]","args":[["getModel","getResource"]]}
RESULT: {"script":"<script> [299 bytes]","args":[["getModel","getResource"]]}
COMMAND: GET /session/fd4fa187b6d5c7f0700d354917c8944f/screenshot - {}
]]></system-out>
    </testcase>
    <testcase classname="chrome.136_0_7103_49.windows.Edit_and_delete_daily_price_US134629_US134627" name="Should create a new site used for following tests" time="108.792">
      <system-out><![CDATA[
COMMAND: POST /session/fd4fa187b6d5c7f0700d354917c8944f/execute/async - {"script":"<script> [1562 bytes]","args":[{"selector":{"controlType":"sap.m.TileContent","bindingPath":{"path":"","propertyPath":"/properties/info"},"ancestor":{"controlType":"sap.m.GenericTile","properties":{"header":"Manage Sites"}}},"wdio_ui5_key":"sapm.TileContent{\"path\":\"\",\"propertyPath\":\"/properties/info\"}{\"controlType\":\"sap.m.GenericTile\",\"properties\":{\"header\":\"Manage Sites\"}}"}]}
RESULT: {}
RESULT: {"script":"<script> [1562 bytes]","args":[{"selector":{"controlType":"sap.m.TileContent","bindingPath":{"path":"","propertyPath":"/properties/info"},"ancestor":{"controlType":"sap.m.GenericTile","properties":{"header":"Manage Sites"}}},"wdio_ui5_key":"sapm.TileContent{\"path\":\"\",\"propertyPath\":\"/properties/info\"}{\"controlType\":\"sap.m.GenericTile\",\"properties\":{\"header\":\"Manage Sites\"}}"}]}
RESULT: undefined
COMMAND: POST /session/fd4fa187b6d5c7f0700d354917c8944f/element - {"using":"xpath","value":"//*[@id=\"__xmlview7--numericTileContent\"]"}
RESULT: {"using":"xpath","value":"//*[@id=\"__xmlview7--numericTileContent\"]"}
COMMAND: POST /session/fd4fa187b6d5c7f0700d354917c8944f/element/f.74186A8BE651698372F974E5DA594C48.d.9246D7F3C2081E830888B7506618B8AF.e.3957/click - {}
RESULT: {}
COMMAND: POST /session/fd4fa187b6d5c7f0700d354917c8944f/element - {"using":"xpath","value":"//button[@data-kt=\"addOverflowToolbarButton\"]"}
COMMAND: GET /session/fd4fa187b6d5c7f0700d354917c8944f/screenshot - {}
RESULT: {"using":"xpath","value":"//button[@data-kt=\"addOverflowToolbarButton\"]"}
COMMAND: POST /session/fd4fa187b6d5c7f0700d354917c8944f/elements - {"using":"xpath","value":"//button[@data-kt=\"addOverflowToolbarButton\"]"}
RESULT: {}
RESULT: {"using":"xpath","value":"//button[@data-kt=\"addOverflowToolbarButton\"]"}
COMMAND: POST /session/fd4fa187b6d5c7f0700d354917c8944f/elements - {"using":"xpath","value":"//button[@data-kt=\"addOverflowToolbarButton\"]"}
RESULT: {"using":"xpath","value":"//button[@data-kt=\"addOverflowToolbarButton\"]"}
COMMAND: POST /session/fd4fa187b6d5c7f0700d354917c8944f/elements - {"using":"xpath","value":"//button[@data-kt=\"addOverflowToolbarButton\"]"}
RESULT: {"using":"xpath","value":"//button[@data-kt=\"addOverflowToolbarButton\"]"}
COMMAND: POST /session/fd4fa187b6d5c7f0700d354917c8944f/elements - {"using":"xpath","value":"//button[@data-kt=\"addOverflowToolbarButton\"]"}
RESULT: {"using":"xpath","value":"//button[@data-kt=\"addOverflowToolbarButton\"]"}
COMMAND: POST /session/fd4fa187b6d5c7f0700d354917c8944f/element - {"using":"xpath","value":"//button[@data-kt=\"addOverflowToolbarButton\"]"}
RESULT: {"using":"xpath","value":"//button[@data-kt=\"addOverflowToolbarButton\"]"}
COMMAND: POST /session/fd4fa187b6d5c7f0700d354917c8944f/execute/sync - {"script":"<script> [8489 bytes]","args":[{"element-6066-11e4-a52e-4f735466cecf":"f.74186A8BE651698372F974E5DA594C48.d.9246D7F3C2081E830888B7506618B8AF.e.4004","ELEMENT":"f.74186A8BE651698372F974E5DA594C48.d.9246D7F3C2081E830888B7506618B8AF.e.4004"}]}
RESULT: {"script":"<script> [8489 bytes]","args":[{"element-6066-11e4-a52e-4f735466cecf":"f.74186A8BE651698372F974E5DA594C48.d.9246D7F3C2081E830888B7506618B8AF.e.4004","ELEMENT":"f.74186A8BE651698372F974E5DA594C48.d.9246D7F3C2081E830888B7506618B8AF.e.4004"}]}
COMMAND: GET /session/fd4fa187b6d5c7f0700d354917c8944f/element/f.74186A8BE651698372F974E5DA594C48.d.9246D7F3C2081E830888B7506618B8AF.e.4004/enabled - {}
COMMAND: GET /session/fd4fa187b6d5c7f0700d354917c8944f/screenshot - {}
RESULT: {}
COMMAND: POST /session/fd4fa187b6d5c7f0700d354917c8944f/execute/sync - {"script":"<script> [8489 bytes]","args":[{"element-6066-11e4-a52e-4f735466cecf":"f.74186A8BE651698372F974E5DA594C48.d.9246D7F3C2081E830888B7506618B8AF.e.4004","ELEMENT":"f.74186A8BE651698372F974E5DA594C48.d.9246D7F3C2081E830888B7506618B8AF.e.4004"}]}
COMMAND: GET /session/fd4fa187b6d5c7f0700d354917c8944f/screenshot - {}
RESULT: {}
RESULT: {"script":"<script> [8489 bytes]","args":[{"element-6066-11e4-a52e-4f735466cecf":"f.74186A8BE651698372F974E5DA594C48.d.9246D7F3C2081E830888B7506618B8AF.e.4004","ELEMENT":"f.74186A8BE651698372F974E5DA594C48.d.9246D7F3C2081E830888B7506618B8AF.e.4004"}]}
COMMAND: POST /session/fd4fa187b6d5c7f0700d354917c8944f/execute/sync - {"script":"<script> [5351 bytes]","args":[{"element-6066-11e4-a52e-4f735466cecf":"f.74186A8BE651698372F974E5DA594C48.d.9246D7F3C2081E830888B7506618B8AF.e.4004","ELEMENT":"f.74186A8BE651698372F974E5DA594C48.d.9246D7F3C2081E830888B7506618B8AF.e.4004"}]}
COMMAND: GET /session/fd4fa187b6d5c7f0700d354917c8944f/screenshot - {}
RESULT: {}
RESULT: {"script":"<script> [5351 bytes]","args":[{"element-6066-11e4-a52e-4f735466cecf":"f.74186A8BE651698372F974E5DA594C48.d.9246D7F3C2081E830888B7506618B8AF.e.4004","ELEMENT":"f.74186A8BE651698372F974E5DA594C48.d.9246D7F3C2081E830888B7506618B8AF.e.4004"}]}
COMMAND: POST /session/fd4fa187b6d5c7f0700d354917c8944f/element/f.74186A8BE651698372F974E5DA594C48.d.9246D7F3C2081E830888B7506618B8AF.e.4004/click - {}
COMMAND: GET /session/fd4fa187b6d5c7f0700d354917c8944f/screenshot - {}
RESULT: {}
RESULT: {}
COMMAND: GET /session/fd4fa187b6d5c7f0700d354917c8944f/screenshot - {}
RESULT: {}
RESULT: {}
COMMAND: POST /session/fd4fa187b6d5c7f0700d354917c8944f/element - {"using":"xpath","value":"//input[@id=\"application-managesites-display-component---NewSite--siteId-inner\"]"}
RESULT: {"using":"xpath","value":"//input[@id=\"application-managesites-display-component---NewSite--siteId-inner\"]"}
COMMAND: POST /session/fd4fa187b6d5c7f0700d354917c8944f/element - {"using":"xpath","value":"//input[@id=\"application-managesites-display-component---NewSite--siteId-inner\"]"}
RESULT: {"using":"xpath","value":"//input[@id=\"application-managesites-display-component---NewSite--siteId-inner\"]"}
COMMAND: POST /session/fd4fa187b6d5c7f0700d354917c8944f/execute/async - {"script":"<script> [1562 bytes]","args":[{"selector":{"id":"application-managesites-display-component---NewSite--addressDetailDetailsName1","interaction":{"idSuffix":"inner"}},"wdio_ui5_key":"applicationmanagesites-display-component---NewSite--addressDetailDetailsName1"}]}
RESULT: {"script":"<script> [1562 bytes]","args":[{"selector":{"id":"application-managesites-display-component---NewSite--addressDetailDetailsName1","interaction":{"idSuffix":"inner"}},"wdio_ui5_key":"applicationmanagesites-display-component---NewSite--addressDetailDetailsName1"}]}
RESULT: undefined
COMMAND: POST /session/fd4fa187b6d5c7f0700d354917c8944f/execute/async - {"script":"<script> [776 bytes]","args":[{"enterText":"DailyPrice WDIO","selector":{"id":"application-managesites-display-component---NewSite--addressDetailDetailsName1","interaction":{"idSuffix":"inner"}},"clearTextFirst":true,"interactionType":"ENTER_TEXT"}]}
RESULT: {"script":"<script> [776 bytes]","args":[{"enterText":"DailyPrice WDIO","selector":{"id":"application-managesites-display-component---NewSite--addressDetailDetailsName1","interaction":{"idSuffix":"inner"}},"clearTextFirst":true,"interactionType":"ENTER_TEXT"}]}
COMMAND: POST /session/fd4fa187b6d5c7f0700d354917c8944f/execute/async - {"script":"<script> [1562 bytes]","args":[{"selector":{"id":"application-managesites-display-component---NewSite--addressDetailDetailsLanguage-arrow"},"wdio_ui5_key":"applicationmanagesites-display-component---NewSite--addressDetailDetailsLanguage-arrow"}]}
RESULT: {"script":"<script> [1562 bytes]","args":[{"selector":{"id":"application-managesites-display-component---NewSite--addressDetailDetailsLanguage-arrow"},"wdio_ui5_key":"applicationmanagesites-display-component---NewSite--addressDetailDetailsLanguage-arrow"}]}
RESULT: undefined
COMMAND: POST /session/fd4fa187b6d5c7f0700d354917c8944f/element - {"using":"xpath","value":"//*[@id=\"application-managesites-display-component---NewSite--addressDetailDetailsLanguage-arrow\"]"}
RESULT: {"using":"xpath","value":"//*[@id=\"application-managesites-display-component---NewSite--addressDetailDetailsLanguage-arrow\"]"}
COMMAND: POST /session/fd4fa187b6d5c7f0700d354917c8944f/element/f.74186A8BE651698372F974E5DA594C48.d.9246D7F3C2081E830888B7506618B8AF.e.4369/click - {}
RESULT: {}
COMMAND: POST /session/fd4fa187b6d5c7f0700d354917c8944f/element - {"using":"xpath","value":"//span[contains(text(), \"English\")]"}
COMMAND: GET /session/fd4fa187b6d5c7f0700d354917c8944f/screenshot - {}
RESULT: {"using":"xpath","value":"//span[contains(text(), \"English\")]"}
COMMAND: POST /session/fd4fa187b6d5c7f0700d354917c8944f/element/f.74186A8BE651698372F974E5DA594C48.d.9246D7F3C2081E830888B7506618B8AF.e.4370/click - {}
RESULT: {}
RESULT: {}
COMMAND: POST /session/fd4fa187b6d5c7f0700d354917c8944f/execute/async - {"script":"<script> [1562 bytes]","args":[{"selector":{"id":"application-managesites-display-component---NewSite--addressDetailDetailsCity1","interaction":{"idSuffix":"inner"}},"wdio_ui5_key":"applicationmanagesites-display-component---NewSite--addressDetailDetailsCity1"}]}
COMMAND: GET /session/fd4fa187b6d5c7f0700d354917c8944f/screenshot - {}
RESULT: {"script":"<script> [1562 bytes]","args":[{"selector":{"id":"application-managesites-display-component---NewSite--addressDetailDetailsCity1","interaction":{"idSuffix":"inner"}},"wdio_ui5_key":"applicationmanagesites-display-component---NewSite--addressDetailDetailsCity1"}]}
RESULT: undefined
COMMAND: POST /session/fd4fa187b6d5c7f0700d354917c8944f/execute/async - {"script":"<script> [776 bytes]","args":[{"enterText":"Rosario","selector":{"id":"application-managesites-display-component---NewSite--addressDetailDetailsCity1","interaction":{"idSuffix":"inner"}},"clearTextFirst":true,"interactionType":"ENTER_TEXT"}]}
RESULT: {}
RESULT: {"script":"<script> [776 bytes]","args":[{"enterText":"Rosario","selector":{"id":"application-managesites-display-component---NewSite--addressDetailDetailsCity1","interaction":{"idSuffix":"inner"}},"clearTextFirst":true,"interactionType":"ENTER_TEXT"}]}
COMMAND: POST /session/fd4fa187b6d5c7f0700d354917c8944f/execute/async - {"script":"<script> [1562 bytes]","args":[{"selector":{"id":"application-managesites-display-component---NewSite--addressDetailDetailsCountry-arrow"},"wdio_ui5_key":"applicationmanagesites-display-component---NewSite--addressDetailDetailsCountry-arrow"}]}
RESULT: {"script":"<script> [1562 bytes]","args":[{"selector":{"id":"application-managesites-display-component---NewSite--addressDetailDetailsCountry-arrow"},"wdio_ui5_key":"applicationmanagesites-display-component---NewSite--addressDetailDetailsCountry-arrow"}]}
RESULT: undefined
COMMAND: POST /session/fd4fa187b6d5c7f0700d354917c8944f/element - {"using":"xpath","value":"//*[@id=\"application-managesites-display-component---NewSite--addressDetailDetailsCountry-arrow\"]"}
RESULT: {"using":"xpath","value":"//*[@id=\"application-managesites-display-component---NewSite--addressDetailDetailsCountry-arrow\"]"}
COMMAND: POST /session/fd4fa187b6d5c7f0700d354917c8944f/element/f.74186A8BE651698372F974E5DA594C48.d.9246D7F3C2081E830888B7506618B8AF.e.4372/click - {}
RESULT: {}
COMMAND: POST /session/fd4fa187b6d5c7f0700d354917c8944f/element - {"using":"xpath","value":"//span[contains(text(), \"Argentina\")]"}
COMMAND: GET /session/fd4fa187b6d5c7f0700d354917c8944f/screenshot - {}
RESULT: {"using":"xpath","value":"//span[contains(text(), \"Argentina\")]"}
COMMAND: POST /session/fd4fa187b6d5c7f0700d354917c8944f/element/f.74186A8BE651698372F974E5DA594C48.d.9246D7F3C2081E830888B7506618B8AF.e.4374/click - {}
RESULT: {}
RESULT: {}
COMMAND: GET /session/fd4fa187b6d5c7f0700d354917c8944f/screenshot - {}
RESULT: {}
COMMAND: POST /session/fd4fa187b6d5c7f0700d354917c8944f/execute/async - {"script":"<script> [1562 bytes]","args":[{"selector":{"id":"application-managesites-display-component---NewSite--addressEditDetailsCostObjectCstType-arrow"},"wdio_ui5_key":"applicationmanagesites-display-component---NewSite--addressEditDetailsCostObjectCstType-arrow"}]}
RESULT: {"script":"<script> [1562 bytes]","args":[{"selector":{"id":"application-managesites-display-component---NewSite--addressEditDetailsCostObjectCstType-arrow"},"wdio_ui5_key":"applicationmanagesites-display-component---NewSite--addressEditDetailsCostObjectCstType-arrow"}]}
RESULT: undefined
COMMAND: POST /session/fd4fa187b6d5c7f0700d354917c8944f/element - {"using":"xpath","value":"//*[@id=\"application-managesites-display-component---NewSite--addressEditDetailsCostObjectCstType-arrow\"]"}
RESULT: {"using":"xpath","value":"//*[@id=\"application-managesites-display-component---NewSite--addressEditDetailsCostObjectCstType-arrow\"]"}
COMMAND: POST /session/fd4fa187b6d5c7f0700d354917c8944f/element/f.74186A8BE651698372F974E5DA594C48.d.9246D7F3C2081E830888B7506618B8AF.e.4375/click - {}
RESULT: {}
COMMAND: POST /session/fd4fa187b6d5c7f0700d354917c8944f/element - {"using":"xpath","value":"//span[contains(text(), \"Cost Center\")]"}
COMMAND: GET /session/fd4fa187b6d5c7f0700d354917c8944f/screenshot - {}
RESULT: {"using":"xpath","value":"//span[contains(text(), \"Cost Center\")]"}
COMMAND: POST /session/fd4fa187b6d5c7f0700d354917c8944f/element/f.74186A8BE651698372F974E5DA594C48.d.9246D7F3C2081E830888B7506618B8AF.e.4377/click - {}
RESULT: {}
RESULT: {}
COMMAND: GET /session/fd4fa187b6d5c7f0700d354917c8944f/screenshot - {}
RESULT: {}
COMMAND: POST /session/fd4fa187b6d5c7f0700d354917c8944f/element - {"using":"xpath","value":"//span[@id=\"application-managesites-display-component---NewSite--addressNewCostObjectCstID-vhi\"]"}
RESULT: {"using":"xpath","value":"//span[@id=\"application-managesites-display-component---NewSite--addressNewCostObjectCstID-vhi\"]"}
COMMAND: POST /session/fd4fa187b6d5c7f0700d354917c8944f/execute/sync - {"script":"<script> [8489 bytes]","args":[{"element-6066-11e4-a52e-4f735466cecf":"f.74186A8BE651698372F974E5DA594C48.d.9246D7F3C2081E830888B7506618B8AF.e.4381","ELEMENT":"f.74186A8BE651698372F974E5DA594C48.d.9246D7F3C2081E830888B7506618B8AF.e.4381"}]}
RESULT: {"script":"<script> [8489 bytes]","args":[{"element-6066-11e4-a52e-4f735466cecf":"f.74186A8BE651698372F974E5DA594C48.d.9246D7F3C2081E830888B7506618B8AF.e.4381","ELEMENT":"f.74186A8BE651698372F974E5DA594C48.d.9246D7F3C2081E830888B7506618B8AF.e.4381"}]}
COMMAND: POST /session/fd4fa187b6d5c7f0700d354917c8944f/execute/async - {"script":"<script> [1562 bytes]","args":[{"selector":{"id":"application-managesites-display-component---NewSite--addressNewCostObjectCstID-vhi"},"wdio_ui5_key":"applicationmanagesites-display-component---NewSite--addressNewCostObjectCstID-vhi"}]}
COMMAND: GET /session/fd4fa187b6d5c7f0700d354917c8944f/screenshot - {}
RESULT: {"script":"<script> [1562 bytes]","args":[{"selector":{"id":"application-managesites-display-component---NewSite--addressNewCostObjectCstID-vhi"},"wdio_ui5_key":"applicationmanagesites-display-component---NewSite--addressNewCostObjectCstID-vhi"}]}
RESULT: undefined
COMMAND: POST /session/fd4fa187b6d5c7f0700d354917c8944f/element - {"using":"xpath","value":"//*[@id=\"application-managesites-display-component---NewSite--addressNewCostObjectCstID-vhi\"]"}
RESULT: {}
RESULT: {"using":"xpath","value":"//*[@id=\"application-managesites-display-component---NewSite--addressNewCostObjectCstID-vhi\"]"}
COMMAND: POST /session/fd4fa187b6d5c7f0700d354917c8944f/element/f.74186A8BE651698372F974E5DA594C48.d.9246D7F3C2081E830888B7506618B8AF.e.4381/click - {}
RESULT: {}
COMMAND: GET /session/fd4fa187b6d5c7f0700d354917c8944f/screenshot - {}
RESULT: {}
RESULT: undefined
COMMAND: POST /session/fd4fa187b6d5c7f0700d354917c8944f/execute/async - {"script":"<script> [776 bytes]","args":[{"enterText":"10001013","selector":{"controlType":"sap.m.SearchField","properties":{"placeholder":"Search"},"searchOpenDialogs":true,"interaction":{"idSuffix":"I"}},"clearTextFirst":true,"interactionType":"ENTER_TEXT"}]}
RESULT: {"script":"<script> [776 bytes]","args":[{"enterText":"10001013","selector":{"controlType":"sap.m.SearchField","properties":{"placeholder":"Search"},"searchOpenDialogs":true,"interaction":{"idSuffix":"I"}},"clearTextFirst":true,"interactionType":"ENTER_TEXT"}]}
COMMAND: POST /session/fd4fa187b6d5c7f0700d354917c8944f/actions - {"actions":[{"id":"action15","type":"key","parameters":{},"actions":[{"type":"keyDown","value":"î€‡"},{"type":"pause","duration":10},{"type":"keyUp","value":"î€‡"}]}]}
RESULT: {"actions":[{"id":"action15","type":"key","parameters":{},"actions":[{"type":"keyDown","value":"î€‡"},{"type":"pause","duration":10},{"type":"keyUp","value":"î€‡"}]}]}
COMMAND: GET /session/fd4fa187b6d5c7f0700d354917c8944f/screenshot - {}
RESULT: {}
COMMAND: POST /session/fd4fa187b6d5c7f0700d354917c8944f/element - {"using":"xpath","value":"//span[contains(text(), \"General Management\")]"}
RESULT: {"using":"xpath","value":"//span[contains(text(), \"General Management\")]"}
COMMAND: POST /session/fd4fa187b6d5c7f0700d354917c8944f/element/f.74186A8BE651698372F974E5DA594C48.d.9246D7F3C2081E830888B7506618B8AF.e.4420/click - {}
RESULT: {}
COMMAND: GET /session/fd4fa187b6d5c7f0700d354917c8944f/screenshot - {}
RESULT: {}
COMMAND: POST /session/fd4fa187b6d5c7f0700d354917c8944f/element - {"using":"xpath","value":"//bdi[contains(text(), \"OK\")]"}
RESULT: {"using":"xpath","value":"//bdi[contains(text(), \"OK\")]"}
COMMAND: POST /session/fd4fa187b6d5c7f0700d354917c8944f/element/f.74186A8BE651698372F974E5DA594C48.d.9246D7F3C2081E830888B7506618B8AF.e.4421/click - {}
RESULT: {}
COMMAND: GET /session/fd4fa187b6d5c7f0700d354917c8944f/screenshot - {}
RESULT: {}
COMMAND: POST /session/fd4fa187b6d5c7f0700d354917c8944f/element - {"using":"xpath","value":"//input[@id=\"application-managesites-display-component---NewSite--addressDetailDetailsCalendar-inner\"]"}
RESULT: {"using":"xpath","value":"//input[@id=\"application-managesites-display-component---NewSite--addressDetailDetailsCalendar-inner\"]"}
COMMAND: POST /session/fd4fa187b6d5c7f0700d354917c8944f/element/f.74186A8BE651698372F974E5DA594C48.d.9246D7F3C2081E830888B7506618B8AF.e.4192/clear - {}
RESULT: {}
COMMAND: POST /session/fd4fa187b6d5c7f0700d354917c8944f/element/f.74186A8BE651698372F974E5DA594C48.d.9246D7F3C2081E830888B7506618B8AF.e.4192/value - {"text":"Unit"}
COMMAND: GET /session/fd4fa187b6d5c7f0700d354917c8944f/screenshot - {}
RESULT: {"text":"Unit"}
COMMAND: GET /session/fd4fa187b6d5c7f0700d354917c8944f/screenshot - {}
RESULT: {}
RESULT: {}
COMMAND: POST /session/fd4fa187b6d5c7f0700d354917c8944f/actions - {"actions":[{"id":"action16","type":"key","parameters":{},"actions":[{"type":"keyDown","value":"î€‡"},{"type":"pause","duration":10},{"type":"keyUp","value":"î€‡"}]}]}
RESULT: {"actions":[{"id":"action16","type":"key","parameters":{},"actions":[{"type":"keyDown","value":"î€‡"},{"type":"pause","duration":10},{"type":"keyUp","value":"î€‡"}]}]}
COMMAND: POST /session/fd4fa187b6d5c7f0700d354917c8944f/element - {"using":"xpath","value":"//input[@id=\"application-managesites-display-component---NewSite--addressDetailDetailsYard-inner\"]"}
COMMAND: GET /session/fd4fa187b6d5c7f0700d354917c8944f/screenshot - {}
RESULT: {"using":"xpath","value":"//input[@id=\"application-managesites-display-component---NewSite--addressDetailDetailsYard-inner\"]"}
COMMAND: POST /session/fd4fa187b6d5c7f0700d354917c8944f/element/f.74186A8BE651698372F974E5DA594C48.d.9246D7F3C2081E830888B7506618B8AF.e.4193/clear - {}
RESULT: {}
RESULT: {}
COMMAND: POST /session/fd4fa187b6d5c7f0700d354917c8944f/element/f.74186A8BE651698372F974E5DA594C48.d.9246D7F3C2081E830888B7506618B8AF.e.4193/value - {"text":"270"}
COMMAND: GET /session/fd4fa187b6d5c7f0700d354917c8944f/screenshot - {}
RESULT: {"text":"270"}
COMMAND: GET /session/fd4fa187b6d5c7f0700d354917c8944f/screenshot - {}
RESULT: {}
RESULT: {}
COMMAND: POST /session/fd4fa187b6d5c7f0700d354917c8944f/element - {"using":"xpath","value":"//li[.//span[text()='270']]"}
RESULT: {"using":"xpath","value":"//li[.//span[text()='270']]"}
COMMAND: POST /session/fd4fa187b6d5c7f0700d354917c8944f/element/f.74186A8BE651698372F974E5DA594C48.d.9246D7F3C2081E830888B7506618B8AF.e.4429/click - {}
RESULT: {}
COMMAND: GET /session/fd4fa187b6d5c7f0700d354917c8944f/screenshot - {}
RESULT: {}
COMMAND: POST /session/fd4fa187b6d5c7f0700d354917c8944f/element - {"using":"xpath","value":"//input[@id=\"application-managesites-display-component---NewSite--addressDetailDetailsPartner-inner\"]"}
RESULT: {"using":"xpath","value":"//input[@id=\"application-managesites-display-component---NewSite--addressDetailDetailsPartner-inner\"]"}
COMMAND: POST /session/fd4fa187b6d5c7f0700d354917c8944f/element - {"using":"xpath","value":"//input[@id=\"application-managesites-display-component---NewSite--addressDetailDetailsPartner-inner\"]"}
RESULT: {"using":"xpath","value":"//input[@id=\"application-managesites-display-component---NewSite--addressDetailDetailsPartner-inner\"]"}
COMMAND: POST /session/fd4fa187b6d5c7f0700d354917c8944f/element - {"using":"xpath","value":"//button[@data-kt=\"saveButton\"]"}
RESULT: {"using":"xpath","value":"//button[@data-kt=\"saveButton\"]"}
COMMAND: POST /session/fd4fa187b6d5c7f0700d354917c8944f/element/f.74186A8BE651698372F974E5DA594C48.d.9246D7F3C2081E830888B7506618B8AF.e.4310/click - {}
RESULT: {}
COMMAND: GET /session/fd4fa187b6d5c7f0700d354917c8944f/screenshot - {}
RESULT: {}
COMMAND: POST /session/fd4fa187b6d5c7f0700d354917c8944f/element - {"using":"xpath","value":"//header[contains(@id, 'ObjectPageLayout-headerTitle')]/div[1]/div[2]/div[2]/span[1]"}
RESULT: {"using":"xpath","value":"//header[contains(@id, 'ObjectPageLayout-headerTitle')]/div[1]/div[2]/div[2]/span[1]"}
COMMAND: POST /session/fd4fa187b6d5c7f0700d354917c8944f/elements - {"using":"xpath","value":"//header[contains(@id, 'ObjectPageLayout-headerTitle')]/div[1]/div[2]/div[2]/span[1]"}
RESULT: {"using":"xpath","value":"//header[contains(@id, 'ObjectPageLayout-headerTitle')]/div[1]/div[2]/div[2]/span[1]"}
COMMAND: POST /session/fd4fa187b6d5c7f0700d354917c8944f/execute/sync - {"script":"<script> [56 bytes]","args":[{"element-6066-11e4-a52e-4f735466cecf":"f.74186A8BE651698372F974E5DA594C48.d.9246D7F3C2081E830888B7506618B8AF.e.4616","ELEMENT":"f.74186A8BE651698372F974E5DA594C48.d.9246D7F3C2081E830888B7506618B8AF.e.4616"}]}
RESULT: {"script":"<script> [56 bytes]","args":[{"element-6066-11e4-a52e-4f735466cecf":"f.74186A8BE651698372F974E5DA594C48.d.9246D7F3C2081E830888B7506618B8AF.e.4616","ELEMENT":"f.74186A8BE651698372F974E5DA594C48.d.9246D7F3C2081E830888B7506618B8AF.e.4616"}]}
COMMAND: POST /session/fd4fa187b6d5c7f0700d354917c8944f/element - {"using":"css selector","value":"#shell-header-logo"}
COMMAND: GET /session/fd4fa187b6d5c7f0700d354917c8944f/screenshot - {}
RESULT: {"using":"css selector","value":"#shell-header-logo"}
COMMAND: POST /session/fd4fa187b6d5c7f0700d354917c8944f/element/f.74186A8BE651698372F974E5DA594C48.d.9246D7F3C2081E830888B7506618B8AF.e.3962/click - {}
RESULT: {}
RESULT: {}
COMMAND: GET /session/fd4fa187b6d5c7f0700d354917c8944f/screenshot - {}
RESULT: {}
COMMAND: POST /session/fd4fa187b6d5c7f0700d354917c8944f/execute/sync - {"script":"<script> [299 bytes]","args":[["getModel","getResource"]]}
RESULT: {"script":"<script> [299 bytes]","args":[["getModel","getResource"]]}
]]></system-out>
    </testcase>
    <testcase classname="chrome.136_0_7103_49.windows.Edit_and_delete_daily_price_US134629_US134627" name="Should go to Manage Conditions Daily Price and add the 2 rows one with yard site and one with yard" time="69.722">
      <system-out><![CDATA[
COMMAND: POST /session/fd4fa187b6d5c7f0700d354917c8944f/window/fullscreen - {}
COMMAND: GET /session/fd4fa187b6d5c7f0700d354917c8944f/screenshot - {}
RESULT: {}
COMMAND: POST /session/fd4fa187b6d5c7f0700d354917c8944f/execute/async - {"script":"<script> [1562 bytes]","args":[{"selector":{"controlType":"sap.m.GenericTile","properties":{"header":"Manage Conditions & Prices"}},"wdio_ui5_key":"sapm.GenericTile{\"header\":\"Manage Conditions & Prices\"}"}]}
RESULT: {}
RESULT: {"script":"<script> [1562 bytes]","args":[{"selector":{"controlType":"sap.m.GenericTile","properties":{"header":"Manage Conditions & Prices"}},"wdio_ui5_key":"sapm.GenericTile{\"header\":\"Manage Conditions & Prices\"}"}]}
RESULT: undefined
COMMAND: POST /session/fd4fa187b6d5c7f0700d354917c8944f/element - {"using":"xpath","value":"//*[@id=\"__tile53\"]"}
RESULT: {"using":"xpath","value":"//*[@id=\"__tile53\"]"}
COMMAND: POST /session/fd4fa187b6d5c7f0700d354917c8944f/element/f.74186A8BE651698372F974E5DA594C48.d.9246D7F3C2081E830888B7506618B8AF.e.3143/click - {}
RESULT: {}
COMMAND: GET /session/fd4fa187b6d5c7f0700d354917c8944f/screenshot - {}
RESULT: {}
COMMAND: POST /session/fd4fa187b6d5c7f0700d354917c8944f/elements - {"using":"xpath","value":"//span[text()='Error']"}
RESULT: {"using":"xpath","value":"//span[text()='Error']"}
COMMAND: POST /session/fd4fa187b6d5c7f0700d354917c8944f/element - {"using":"xpath","value":"//button[@aria-label=\"Create\"]"}
RESULT: {"using":"xpath","value":"//button[@aria-label=\"Create\"]"}
COMMAND: POST /session/fd4fa187b6d5c7f0700d354917c8944f/element/f.74186A8BE651698372F974E5DA594C48.d.9246D7F3C2081E830888B7506618B8AF.e.4648/click - {}
RESULT: {}
COMMAND: GET /session/fd4fa187b6d5c7f0700d354917c8944f/screenshot - {}
RESULT: {}
COMMAND: POST /session/fd4fa187b6d5c7f0700d354917c8944f/actions - {"actions":[{"id":"action17","type":"key","parameters":{},"actions":[{"type":"keyDown","value":"î€•"},{"type":"pause","duration":10},{"type":"keyUp","value":"î€•"}]}]}
RESULT: {"actions":[{"id":"action17","type":"key","parameters":{},"actions":[{"type":"keyDown","value":"î€•"},{"type":"pause","duration":10},{"type":"keyUp","value":"î€•"}]}]}
COMMAND: POST /session/fd4fa187b6d5c7f0700d354917c8944f/actions - {"actions":[{"id":"action18","type":"key","parameters":{},"actions":[{"type":"keyDown","value":"î€‡"},{"type":"pause","duration":10},{"type":"keyUp","value":"î€‡"}]}]}
COMMAND: GET /session/fd4fa187b6d5c7f0700d354917c8944f/screenshot - {}
RESULT: {"actions":[{"id":"action18","type":"key","parameters":{},"actions":[{"type":"keyDown","value":"î€‡"},{"type":"pause","duration":10},{"type":"keyUp","value":"î€‡"}]}]}
COMMAND: POST /session/fd4fa187b6d5c7f0700d354917c8944f/execute/async - {"script":"<script> [1562 bytes]","args":[{"selector":{"controlType":"sap.m.Title","viewName":"etm.portal.ui.manageconditionprice.view.DailyPrices","viewId":"application-manageconditionprice-display-component---dailyPrices","i18NText":{"propertyName":"text","key":"dailyPrices"}},"wdio_ui5_key":"etmportal.ui.manageconditionprice.view.DailyPricessap.m.Title{\"propertyName\":\"text\",\"key\":\"dailyPrices\"}"}]}
COMMAND: GET /session/fd4fa187b6d5c7f0700d354917c8944f/screenshot - {}
RESULT: {}
RESULT: {"script":"<script> [1562 bytes]","args":[{"selector":{"controlType":"sap.m.Title","viewName":"etm.portal.ui.manageconditionprice.view.DailyPrices","viewId":"application-manageconditionprice-display-component---dailyPrices","i18NText":{"propertyName":"text","key":"dailyPrices"}},"wdio_ui5_key":"etmportal.ui.manageconditionprice.view.DailyPricessap.m.Title{\"propertyName\":\"text\",\"key\":\"dailyPrices\"}"}]}
RESULT: undefined
COMMAND: POST /session/fd4fa187b6d5c7f0700d354917c8944f/execute/async - {"script":"<script> [6424 bytes]","args":[{"element-6066-11e4-a52e-4f735466cecf":"f.74186A8BE651698372F974E5DA594C48.d.9246D7F3C2081E830888B7506618B8AF.e.4872"},"getText",[]]}
RESULT: {}
RESULT: {"script":"<script> [6424 bytes]","args":[{"element-6066-11e4-a52e-4f735466cecf":"f.74186A8BE651698372F974E5DA594C48.d.9246D7F3C2081E830888B7506618B8AF.e.4872"},"getText",[]]}
COMMAND: POST /session/fd4fa187b6d5c7f0700d354917c8944f/execute/async - {"script":"<script> [1562 bytes]","args":[{"selector":{"id":"application-manageconditionprice-display-component---dailyPrices--condBillCond","interaction":{"idSuffix":"inner"}},"wdio_ui5_key":"applicationmanageconditionprice-display-component---dailyPrices--condBillCond"}]}
RESULT: {"script":"<script> [1562 bytes]","args":[{"selector":{"id":"application-manageconditionprice-display-component---dailyPrices--condBillCond","interaction":{"idSuffix":"inner"}},"wdio_ui5_key":"applicationmanageconditionprice-display-component---dailyPrices--condBillCond"}]}
RESULT: undefined
COMMAND: POST /session/fd4fa187b6d5c7f0700d354917c8944f/execute/async - {"script":"<script> [776 bytes]","args":[{"enterText":"Residual Value %","selector":{"id":"application-manageconditionprice-display-component---dailyPrices--condBillCond","interaction":{"idSuffix":"inner"}},"clearTextFirst":true,"interactionType":"ENTER_TEXT"}]}
RESULT: {"script":"<script> [776 bytes]","args":[{"enterText":"Residual Value %","selector":{"id":"application-manageconditionprice-display-component---dailyPrices--condBillCond","interaction":{"idSuffix":"inner"}},"clearTextFirst":true,"interactionType":"ENTER_TEXT"}]}
COMMAND: POST /session/fd4fa187b6d5c7f0700d354917c8944f/execute/async - {"script":"<script> [1562 bytes]","args":[{"selector":{"controlType":"sap.m.StandardListItem","viewName":"etm.portal.ui.manageconditionprice.view.DailyPrices","viewId":"application-manageconditionprice-display-component---dailyPrices","properties":{"type":"Active"},"searchOpenDialogs":true,"interaction":{"idSuffix":"titleText"}},"wdio_ui5_key":"etmportal.ui.manageconditionprice.view.DailyPricessap.m.StandardListItem{\"type\":\"Active\"}"}]}
RESULT: {"script":"<script> [1562 bytes]","args":[{"selector":{"controlType":"sap.m.StandardListItem","viewName":"etm.portal.ui.manageconditionprice.view.DailyPrices","viewId":"application-manageconditionprice-display-component---dailyPrices","properties":{"type":"Active"},"searchOpenDialogs":true,"interaction":{"idSuffix":"titleText"}},"wdio_ui5_key":"etmportal.ui.manageconditionprice.view.DailyPricessap.m.StandardListItem{\"type\":\"Active\"}"}]}
RESULT: undefined
COMMAND: POST /session/fd4fa187b6d5c7f0700d354917c8944f/element - {"using":"xpath","value":"//*[@id=\"__item923\"]"}
RESULT: {"using":"xpath","value":"//*[@id=\"__item923\"]"}
COMMAND: POST /session/fd4fa187b6d5c7f0700d354917c8944f/element/f.74186A8BE651698372F974E5DA594C48.d.9246D7F3C2081E830888B7506618B8AF.e.4876/click - {}
RESULT: {}
COMMAND: POST /session/fd4fa187b6d5c7f0700d354917c8944f/execute/async - {"script":"<script> [1562 bytes]","args":[{"selector":{"id":"application-manageconditionprice-display-component---dailyPrices--editBtn","interaction":{"idSuffix":"BDI-content"}},"wdio_ui5_key":"applicationmanageconditionprice-display-component---dailyPrices--editBtn"}]}
COMMAND: GET /session/fd4fa187b6d5c7f0700d354917c8944f/screenshot - {}
RESULT: {"script":"<script> [1562 bytes]","args":[{"selector":{"id":"application-manageconditionprice-display-component---dailyPrices--editBtn","interaction":{"idSuffix":"BDI-content"}},"wdio_ui5_key":"applicationmanageconditionprice-display-component---dailyPrices--editBtn"}]}
RESULT: undefined
COMMAND: POST /session/fd4fa187b6d5c7f0700d354917c8944f/element - {"using":"xpath","value":"//*[@id=\"application-manageconditionprice-display-component---dailyPrices--editBtn\"]"}
RESULT: {}
RESULT: {"using":"xpath","value":"//*[@id=\"application-manageconditionprice-display-component---dailyPrices--editBtn\"]"}
COMMAND: POST /session/fd4fa187b6d5c7f0700d354917c8944f/element/f.74186A8BE651698372F974E5DA594C48.d.9246D7F3C2081E830888B7506618B8AF.e.4874/click - {}
RESULT: {}
COMMAND: POST /session/fd4fa187b6d5c7f0700d354917c8944f/execute/async - {"script":"<script> [1562 bytes]","args":[{"selector":{"controlType":"sap.m.Button","viewName":"etm.portal.ui.manageconditionprice.view.DailyPrices","viewId":"application-manageconditionprice-display-component---dailyPrices","i18NText":{"propertyName":"text","key":"add"},"interaction":{"idSuffix":"BDI-content"}},"wdio_ui5_key":"etmportal.ui.manageconditionprice.view.DailyPricessap.m.Button{\"propertyName\":\"text\",\"key\":\"add\"}"}]}
COMMAND: GET /session/fd4fa187b6d5c7f0700d354917c8944f/screenshot - {}
RESULT: {"script":"<script> [1562 bytes]","args":[{"selector":{"controlType":"sap.m.Button","viewName":"etm.portal.ui.manageconditionprice.view.DailyPrices","viewId":"application-manageconditionprice-display-component---dailyPrices","i18NText":{"propertyName":"text","key":"add"},"interaction":{"idSuffix":"BDI-content"}},"wdio_ui5_key":"etmportal.ui.manageconditionprice.view.DailyPricessap.m.Button{\"propertyName\":\"text\",\"key\":\"add\"}"}]}
RESULT: undefined
COMMAND: POST /session/fd4fa187b6d5c7f0700d354917c8944f/element - {"using":"xpath","value":"//*[@id=\"__button105\"]"}
RESULT: {}
RESULT: {"using":"xpath","value":"//*[@id=\"__button105\"]"}
COMMAND: POST /session/fd4fa187b6d5c7f0700d354917c8944f/element/f.74186A8BE651698372F974E5DA594C48.d.9246D7F3C2081E830888B7506618B8AF.e.4884/click - {}
RESULT: {}
COMMAND: POST /session/fd4fa187b6d5c7f0700d354917c8944f/elements - {"using":"css selector","value":"table tr"}
COMMAND: GET /session/fd4fa187b6d5c7f0700d354917c8944f/screenshot - {}
RESULT: {"using":"css selector","value":"table tr"}
COMMAND: POST /session/fd4fa187b6d5c7f0700d354917c8944f/element/f.74186A8BE651698372F974E5DA594C48.d.9246D7F3C2081E830888B7506618B8AF.e.4938/elements - {"using":"css selector","value":"input"}
RESULT: {}
RESULT: {"using":"css selector","value":"input"}
COMMAND: POST /session/fd4fa187b6d5c7f0700d354917c8944f/element/f.74186A8BE651698372F974E5DA594C48.d.9246D7F3C2081E830888B7506618B8AF.e.4941/clear - {}
COMMAND: POST /session/fd4fa187b6d5c7f0700d354917c8944f/element/f.74186A8BE651698372F974E5DA594C48.d.9246D7F3C2081E830888B7506618B8AF.e.4939/clear - {}
COMMAND: POST /session/fd4fa187b6d5c7f0700d354917c8944f/element/f.74186A8BE651698372F974E5DA594C48.d.9246D7F3C2081E830888B7506618B8AF.e.4942/clear - {}
COMMAND: POST /session/fd4fa187b6d5c7f0700d354917c8944f/element/f.74186A8BE651698372F974E5DA594C48.d.9246D7F3C2081E830888B7506618B8AF.e.4940/clear - {}
COMMAND: POST /session/fd4fa187b6d5c7f0700d354917c8944f/element/f.74186A8BE651698372F974E5DA594C48.d.9246D7F3C2081E830888B7506618B8AF.e.4938/elements - {"using":"css selector","value":"td"}
RESULT: {}
COMMAND: POST /session/fd4fa187b6d5c7f0700d354917c8944f/element/f.74186A8BE651698372F974E5DA594C48.d.9246D7F3C2081E830888B7506618B8AF.e.4941/value - {"text":"705.60"}
COMMAND: GET /session/fd4fa187b6d5c7f0700d354917c8944f/screenshot - {}
RESULT: {}
COMMAND: POST /session/fd4fa187b6d5c7f0700d354917c8944f/element/f.74186A8BE651698372F974E5DA594C48.d.9246D7F3C2081E830888B7506618B8AF.e.4939/value - {"text":"05/13/25"}
COMMAND: GET /session/fd4fa187b6d5c7f0700d354917c8944f/screenshot - {}
RESULT: {}
COMMAND: POST /session/fd4fa187b6d5c7f0700d354917c8944f/element/f.74186A8BE651698372F974E5DA594C48.d.9246D7F3C2081E830888B7506618B8AF.e.4942/value - {"text":"Euro"}
COMMAND: GET /session/fd4fa187b6d5c7f0700d354917c8944f/screenshot - {}
RESULT: {}
COMMAND: POST /session/fd4fa187b6d5c7f0700d354917c8944f/element/f.74186A8BE651698372F974E5DA594C48.d.9246D7F3C2081E830888B7506618B8AF.e.4940/value - {"text":"10/13/25"}
COMMAND: GET /session/fd4fa187b6d5c7f0700d354917c8944f/screenshot - {}
RESULT: {"using":"css selector","value":"td"}
COMMAND: POST /session/fd4fa187b6d5c7f0700d354917c8944f/element - {"using":"xpath","value":".//li[contains(., \"2081\") and not(.//li)]"}
COMMAND: POST /session/fd4fa187b6d5c7f0700d354917c8944f/element/f.74186A8BE651698372F974E5DA594C48.d.9246D7F3C2081E830888B7506618B8AF.e.4960/element - {"using":"css selector","value":"input"}
COMMAND: POST /session/fd4fa187b6d5c7f0700d354917c8944f/element/f.74186A8BE651698372F974E5DA594C48.d.9246D7F3C2081E830888B7506618B8AF.e.4960/element - {"using":"css selector","value":"input"}
RESULT: {"text":"705.60"}
COMMAND: GET /session/fd4fa187b6d5c7f0700d354917c8944f/screenshot - {}
RESULT: {}
RESULT: {"text":"05/13/25"}
COMMAND: GET /session/fd4fa187b6d5c7f0700d354917c8944f/screenshot - {}
RESULT: {}
RESULT: {"text":"Euro"}
COMMAND: GET /session/fd4fa187b6d5c7f0700d354917c8944f/screenshot - {}
RESULT: {}
RESULT: {"text":"10/13/25"}
COMMAND: GET /session/fd4fa187b6d5c7f0700d354917c8944f/screenshot - {}
RESULT: {}
RESULT: {"using":"xpath","value":".//li[contains(., \"2081\") and not(.//li)]"}
RESULT: {"using":"css selector","value":"input"}
COMMAND: POST /session/fd4fa187b6d5c7f0700d354917c8944f/element/f.74186A8BE651698372F974E5DA594C48.d.9246D7F3C2081E830888B7506618B8AF.e.4943/click - {}
RESULT: {"using":"css selector","value":"input"}
COMMAND: POST /session/fd4fa187b6d5c7f0700d354917c8944f/element/f.74186A8BE651698372F974E5DA594C48.d.9246D7F3C2081E830888B7506618B8AF.e.4943/clear - {}
RESULT: {}
RESULT: {}
COMMAND: POST /session/fd4fa187b6d5c7f0700d354917c8944f/elements - {"using":"xpath","value":".//li[contains(., \"2081\") and not(.//li)]"}
RESULT: {}
RESULT: {}
RESULT: {}
COMMAND: GET /session/fd4fa187b6d5c7f0700d354917c8944f/screenshot - {}
RESULT: {}
COMMAND: POST /session/fd4fa187b6d5c7f0700d354917c8944f/element/f.74186A8BE651698372F974E5DA594C48.d.9246D7F3C2081E830888B7506618B8AF.e.4943/value - {"text":"2081"}
COMMAND: GET /session/fd4fa187b6d5c7f0700d354917c8944f/screenshot - {}
RESULT: {"using":"xpath","value":".//li[contains(., \"2081\") and not(.//li)]"}
COMMAND: POST /session/fd4fa187b6d5c7f0700d354917c8944f/elements - {"using":"xpath","value":".//li[contains(., \"2081\") and not(.//li)]"}
RESULT: {}
RESULT: {"text":"2081"}
COMMAND: GET /session/fd4fa187b6d5c7f0700d354917c8944f/screenshot - {}
RESULT: {}
RESULT: {"using":"xpath","value":".//li[contains(., \"2081\") and not(.//li)]"}
COMMAND: POST /session/fd4fa187b6d5c7f0700d354917c8944f/element - {"using":"xpath","value":".//li[contains(., \"2081\") and not(.//li)]"}
RESULT: {}
RESULT: {"using":"xpath","value":".//li[contains(., \"2081\") and not(.//li)]"}
COMMAND: POST /session/fd4fa187b6d5c7f0700d354917c8944f/element/f.74186A8BE651698372F974E5DA594C48.d.9246D7F3C2081E830888B7506618B8AF.e.4968/click - {}
RESULT: {}
COMMAND: POST /session/fd4fa187b6d5c7f0700d354917c8944f/element - {"using":"xpath","value":".//li[contains(., \"270\") and not(.//li)]"}
COMMAND: POST /session/fd4fa187b6d5c7f0700d354917c8944f/element/f.74186A8BE651698372F974E5DA594C48.d.9246D7F3C2081E830888B7506618B8AF.e.4961/element - {"using":"css selector","value":"input"}
COMMAND: POST /session/fd4fa187b6d5c7f0700d354917c8944f/element/f.74186A8BE651698372F974E5DA594C48.d.9246D7F3C2081E830888B7506618B8AF.e.4961/element - {"using":"css selector","value":"input"}
COMMAND: GET /session/fd4fa187b6d5c7f0700d354917c8944f/screenshot - {}
RESULT: {"using":"css selector","value":"input"}
COMMAND: POST /session/fd4fa187b6d5c7f0700d354917c8944f/element/f.74186A8BE651698372F974E5DA594C48.d.9246D7F3C2081E830888B7506618B8AF.e.4944/click - {}
RESULT: {"using":"css selector","value":"input"}
COMMAND: POST /session/fd4fa187b6d5c7f0700d354917c8944f/element/f.74186A8BE651698372F974E5DA594C48.d.9246D7F3C2081E830888B7506618B8AF.e.4944/clear - {}
RESULT: {"using":"xpath","value":".//li[contains(., \"270\") and not(.//li)]"}
RESULT: {}
RESULT: {}
COMMAND: GET /session/fd4fa187b6d5c7f0700d354917c8944f/screenshot - {}
RESULT: {}
COMMAND: POST /session/fd4fa187b6d5c7f0700d354917c8944f/element/f.74186A8BE651698372F974E5DA594C48.d.9246D7F3C2081E830888B7506618B8AF.e.4944/value - {"text":"270"}
COMMAND: GET /session/fd4fa187b6d5c7f0700d354917c8944f/screenshot - {}
RESULT: {}
COMMAND: POST /session/fd4fa187b6d5c7f0700d354917c8944f/elements - {"using":"xpath","value":".//li[contains(., \"270\") and not(.//li)]"}
RESULT: {"text":"270"}
COMMAND: GET /session/fd4fa187b6d5c7f0700d354917c8944f/screenshot - {}
RESULT: {}
RESULT: {"using":"xpath","value":".//li[contains(., \"270\") and not(.//li)]"}
COMMAND: POST /session/fd4fa187b6d5c7f0700d354917c8944f/elements - {"using":"xpath","value":".//li[contains(., \"270\") and not(.//li)]"}
RESULT: {}
RESULT: {"using":"xpath","value":".//li[contains(., \"270\") and not(.//li)]"}
COMMAND: POST /session/fd4fa187b6d5c7f0700d354917c8944f/element - {"using":"xpath","value":".//li[contains(., \"270\") and not(.//li)]"}
RESULT: {"using":"xpath","value":".//li[contains(., \"270\") and not(.//li)]"}
COMMAND: POST /session/fd4fa187b6d5c7f0700d354917c8944f/element/f.74186A8BE651698372F974E5DA594C48.d.9246D7F3C2081E830888B7506618B8AF.e.4969/click - {}
RESULT: {}
RESULT: undefined
COMMAND: POST /session/fd4fa187b6d5c7f0700d354917c8944f/element - {"using":"xpath","value":"//*[@id=\"__button105\"]"}
COMMAND: GET /session/fd4fa187b6d5c7f0700d354917c8944f/screenshot - {}
RESULT: {"using":"xpath","value":"//*[@id=\"__button105\"]"}
COMMAND: POST /session/fd4fa187b6d5c7f0700d354917c8944f/element/f.74186A8BE651698372F974E5DA594C48.d.9246D7F3C2081E830888B7506618B8AF.e.4884/click - {}
RESULT: {}
RESULT: {}
COMMAND: POST /session/fd4fa187b6d5c7f0700d354917c8944f/elements - {"using":"css selector","value":"table tr"}
COMMAND: GET /session/fd4fa187b6d5c7f0700d354917c8944f/screenshot - {}
RESULT: {"using":"css selector","value":"table tr"}
COMMAND: POST /session/fd4fa187b6d5c7f0700d354917c8944f/element/f.74186A8BE651698372F974E5DA594C48.d.9246D7F3C2081E830888B7506618B8AF.e.4971/elements - {"using":"css selector","value":"input"}
RESULT: {}
RESULT: {"using":"css selector","value":"input"}
COMMAND: POST /session/fd4fa187b6d5c7f0700d354917c8944f/element/f.74186A8BE651698372F974E5DA594C48.d.9246D7F3C2081E830888B7506618B8AF.e.4974/clear - {}
COMMAND: POST /session/fd4fa187b6d5c7f0700d354917c8944f/element/f.74186A8BE651698372F974E5DA594C48.d.9246D7F3C2081E830888B7506618B8AF.e.4972/clear - {}
COMMAND: POST /session/fd4fa187b6d5c7f0700d354917c8944f/element/f.74186A8BE651698372F974E5DA594C48.d.9246D7F3C2081E830888B7506618B8AF.e.4975/clear - {}
COMMAND: POST /session/fd4fa187b6d5c7f0700d354917c8944f/element/f.74186A8BE651698372F974E5DA594C48.d.9246D7F3C2081E830888B7506618B8AF.e.4973/clear - {}
COMMAND: POST /session/fd4fa187b6d5c7f0700d354917c8944f/element/f.74186A8BE651698372F974E5DA594C48.d.9246D7F3C2081E830888B7506618B8AF.e.4971/elements - {"using":"css selector","value":"td"}
RESULT: {}
COMMAND: POST /session/fd4fa187b6d5c7f0700d354917c8944f/element/f.74186A8BE651698372F974E5DA594C48.d.9246D7F3C2081E830888B7506618B8AF.e.4974/value - {"text":"99.5"}
COMMAND: GET /session/fd4fa187b6d5c7f0700d354917c8944f/screenshot - {}
RESULT: {}
COMMAND: POST /session/fd4fa187b6d5c7f0700d354917c8944f/element/f.74186A8BE651698372F974E5DA594C48.d.9246D7F3C2081E830888B7506618B8AF.e.4972/value - {"text":"05/13/25"}
COMMAND: GET /session/fd4fa187b6d5c7f0700d354917c8944f/screenshot - {}
RESULT: {}
COMMAND: POST /session/fd4fa187b6d5c7f0700d354917c8944f/element/f.74186A8BE651698372F974E5DA594C48.d.9246D7F3C2081E830888B7506618B8AF.e.4975/value - {"text":"US Dollar"}
COMMAND: GET /session/fd4fa187b6d5c7f0700d354917c8944f/screenshot - {}
RESULT: {}
COMMAND: POST /session/fd4fa187b6d5c7f0700d354917c8944f/element/f.74186A8BE651698372F974E5DA594C48.d.9246D7F3C2081E830888B7506618B8AF.e.4973/value - {"text":"10/13/25"}
COMMAND: GET /session/fd4fa187b6d5c7f0700d354917c8944f/screenshot - {}
RESULT: {"using":"css selector","value":"td"}
COMMAND: POST /session/fd4fa187b6d5c7f0700d354917c8944f/element - {"using":"xpath","value":"(//li[div//span[contains(text(), '2081')]])[2]"}
COMMAND: POST /session/fd4fa187b6d5c7f0700d354917c8944f/element/f.74186A8BE651698372F974E5DA594C48.d.9246D7F3C2081E830888B7506618B8AF.e.4993/element - {"using":"css selector","value":"input"}
COMMAND: POST /session/fd4fa187b6d5c7f0700d354917c8944f/element/f.74186A8BE651698372F974E5DA594C48.d.9246D7F3C2081E830888B7506618B8AF.e.4993/element - {"using":"css selector","value":"input"}
RESULT: {"text":"99.5"}
COMMAND: GET /session/fd4fa187b6d5c7f0700d354917c8944f/screenshot - {}
RESULT: {}
RESULT: {"text":"05/13/25"}
COMMAND: GET /session/fd4fa187b6d5c7f0700d354917c8944f/screenshot - {}
RESULT: {}
RESULT: {"text":"US Dollar"}
COMMAND: GET /session/fd4fa187b6d5c7f0700d354917c8944f/screenshot - {}
RESULT: {}
RESULT: {"text":"10/13/25"}
COMMAND: GET /session/fd4fa187b6d5c7f0700d354917c8944f/screenshot - {}
RESULT: {}
RESULT: {"using":"css selector","value":"input"}
COMMAND: POST /session/fd4fa187b6d5c7f0700d354917c8944f/element/f.74186A8BE651698372F974E5DA594C48.d.9246D7F3C2081E830888B7506618B8AF.e.4976/clear - {}
RESULT: {"using":"css selector","value":"input"}
COMMAND: POST /session/fd4fa187b6d5c7f0700d354917c8944f/element/f.74186A8BE651698372F974E5DA594C48.d.9246D7F3C2081E830888B7506618B8AF.e.4976/click - {}
RESULT: {"using":"xpath","value":"(//li[div//span[contains(text(), '2081')]])[2]"}
RESULT: {}
RESULT: {}
RESULT: {}
RESULT: {}
RESULT: {}
COMMAND: POST /session/fd4fa187b6d5c7f0700d354917c8944f/element/f.74186A8BE651698372F974E5DA594C48.d.9246D7F3C2081E830888B7506618B8AF.e.4976/value - {"text":"2081"}
COMMAND: GET /session/fd4fa187b6d5c7f0700d354917c8944f/screenshot - {}
RESULT: {}
COMMAND: GET /session/fd4fa187b6d5c7f0700d354917c8944f/screenshot - {}
COMMAND: POST /session/fd4fa187b6d5c7f0700d354917c8944f/elements - {"using":"xpath","value":"(//li[div//span[contains(text(), '2081')]])[2]"}
RESULT: {"text":"2081"}
COMMAND: GET /session/fd4fa187b6d5c7f0700d354917c8944f/screenshot - {}
RESULT: {}
RESULT: {}
RESULT: {"using":"xpath","value":"(//li[div//span[contains(text(), '2081')]])[2]"}
COMMAND: POST /session/fd4fa187b6d5c7f0700d354917c8944f/element - {"using":"xpath","value":"(//li[div//span[contains(text(), '2081')]])[2]"}
RESULT: {}
RESULT: {"using":"xpath","value":"(//li[div//span[contains(text(), '2081')]])[2]"}
COMMAND: POST /session/fd4fa187b6d5c7f0700d354917c8944f/element/f.74186A8BE651698372F974E5DA594C48.d.9246D7F3C2081E830888B7506618B8AF.e.5001/click - {}
RESULT: {}
COMMAND: POST /session/fd4fa187b6d5c7f0700d354917c8944f/execute/async - {"script":"<script> [1562 bytes]","args":[{"selector":{"controlType":"sap.m.Button","viewName":"etm.portal.ui.manageconditionprice.view.DailyPrices","viewId":"application-manageconditionprice-display-component---dailyPrices","i18NText":{"propertyName":"tooltip","key":"save"},"interaction":{"idSuffix":"BDI-content"}},"wdio_ui5_key":"etmportal.ui.manageconditionprice.view.DailyPricessap.m.Button{\"propertyName\":\"tooltip\",\"key\":\"save\"}"}]}
COMMAND: GET /session/fd4fa187b6d5c7f0700d354917c8944f/screenshot - {}
RESULT: {"script":"<script> [1562 bytes]","args":[{"selector":{"controlType":"sap.m.Button","viewName":"etm.portal.ui.manageconditionprice.view.DailyPrices","viewId":"application-manageconditionprice-display-component---dailyPrices","i18NText":{"propertyName":"tooltip","key":"save"},"interaction":{"idSuffix":"BDI-content"}},"wdio_ui5_key":"etmportal.ui.manageconditionprice.view.DailyPricessap.m.Button{\"propertyName\":\"tooltip\",\"key\":\"save\"}"}]}
RESULT: undefined
COMMAND: POST /session/fd4fa187b6d5c7f0700d354917c8944f/element - {"using":"xpath","value":"//*[@id=\"__button107\"]"}
RESULT: {}
RESULT: {"using":"xpath","value":"//*[@id=\"__button107\"]"}
COMMAND: POST /session/fd4fa187b6d5c7f0700d354917c8944f/element/f.74186A8BE651698372F974E5DA594C48.d.9246D7F3C2081E830888B7506618B8AF.e.4878/click - {}
RESULT: {}
COMMAND: GET /session/fd4fa187b6d5c7f0700d354917c8944f/screenshot - {}
RESULT: {}
]]></system-out>
    </testcase>
    <testcase classname="chrome.136_0_7103_49.windows.Edit_and_delete_daily_price_US134629_US134627" name="Should check whether the 2 rows have been added then edit one of the rows s currency and value and save and check the edited values" time="12.651">
      <system-out><![CDATA[
COMMAND: POST /session/fd4fa187b6d5c7f0700d354917c8944f/elements - {"using":"css selector","value":"table tr"}
RESULT: {"using":"css selector","value":"table tr"}
COMMAND: POST /session/fd4fa187b6d5c7f0700d354917c8944f/element/f.74186A8BE651698372F974E5DA594C48.d.9246D7F3C2081E830888B7506618B8AF.e.4971/elements - {"using":"css selector","value":"td"}
RESULT: {"using":"css selector","value":"td"}
COMMAND: POST /session/fd4fa187b6d5c7f0700d354917c8944f/element/f.74186A8BE651698372F974E5DA594C48.d.9246D7F3C2081E830888B7506618B8AF.e.4938/elements - {"using":"css selector","value":"td"}
RESULT: {"using":"css selector","value":"td"}
COMMAND: POST /session/fd4fa187b6d5c7f0700d354917c8944f/element/f.74186A8BE651698372F974E5DA594C48.d.9246D7F3C2081E830888B7506618B8AF.e.5004/element - {"using":"css selector","value":".sapMObjectNumberText"}
RESULT: {"using":"css selector","value":".sapMObjectNumberText"}
COMMAND: GET /session/fd4fa187b6d5c7f0700d354917c8944f/element/f.74186A8BE651698372F974E5DA594C48.d.9246D7F3C2081E830888B7506618B8AF.e.5006/text - {}
RESULT: {}
COMMAND: POST /session/fd4fa187b6d5c7f0700d354917c8944f/element/f.74186A8BE651698372F974E5DA594C48.d.9246D7F3C2081E830888B7506618B8AF.e.5005/element - {"using":"css selector","value":".sapMObjectNumberText"}
RESULT: {"using":"css selector","value":".sapMObjectNumberText"}
COMMAND: GET /session/fd4fa187b6d5c7f0700d354917c8944f/element/f.74186A8BE651698372F974E5DA594C48.d.9246D7F3C2081E830888B7506618B8AF.e.5007/text - {}
RESULT: {}
RESULT: undefined
COMMAND: POST /session/fd4fa187b6d5c7f0700d354917c8944f/element - {"using":"xpath","value":"//*[@id=\"application-manageconditionprice-display-component---dailyPrices--editBtn\"]"}
RESULT: {"using":"xpath","value":"//*[@id=\"application-manageconditionprice-display-component---dailyPrices--editBtn\"]"}
COMMAND: POST /session/fd4fa187b6d5c7f0700d354917c8944f/element/f.74186A8BE651698372F974E5DA594C48.d.9246D7F3C2081E830888B7506618B8AF.e.5003/click - {}
RESULT: {}
COMMAND: POST /session/fd4fa187b6d5c7f0700d354917c8944f/elements - {"using":"css selector","value":"table tr"}
COMMAND: GET /session/fd4fa187b6d5c7f0700d354917c8944f/screenshot - {}
RESULT: {"using":"css selector","value":"table tr"}
COMMAND: POST /session/fd4fa187b6d5c7f0700d354917c8944f/element/f.74186A8BE651698372F974E5DA594C48.d.9246D7F3C2081E830888B7506618B8AF.e.4971/elements - {"using":"css selector","value":"input"}
RESULT: {}
RESULT: {"using":"css selector","value":"input"}
COMMAND: POST /session/fd4fa187b6d5c7f0700d354917c8944f/element/f.74186A8BE651698372F974E5DA594C48.d.9246D7F3C2081E830888B7506618B8AF.e.5022/clear - {}
COMMAND: POST /session/fd4fa187b6d5c7f0700d354917c8944f/element/f.74186A8BE651698372F974E5DA594C48.d.9246D7F3C2081E830888B7506618B8AF.e.5023/clear - {}
RESULT: {}
COMMAND: POST /session/fd4fa187b6d5c7f0700d354917c8944f/element/f.74186A8BE651698372F974E5DA594C48.d.9246D7F3C2081E830888B7506618B8AF.e.5022/value - {"text":"566.1"}
COMMAND: GET /session/fd4fa187b6d5c7f0700d354917c8944f/screenshot - {}
RESULT: {}
COMMAND: POST /session/fd4fa187b6d5c7f0700d354917c8944f/element/f.74186A8BE651698372F974E5DA594C48.d.9246D7F3C2081E830888B7506618B8AF.e.5023/value - {"text":"US Dollar"}
COMMAND: GET /session/fd4fa187b6d5c7f0700d354917c8944f/screenshot - {}
RESULT: {"text":"566.1"}
COMMAND: GET /session/fd4fa187b6d5c7f0700d354917c8944f/screenshot - {}
RESULT: {}
RESULT: undefined
COMMAND: POST /session/fd4fa187b6d5c7f0700d354917c8944f/element - {"using":"xpath","value":"//*[@id=\"__button107\"]"}
RESULT: {}
RESULT: {"text":"US Dollar"}
COMMAND: GET /session/fd4fa187b6d5c7f0700d354917c8944f/screenshot - {}
RESULT: {}
RESULT: {"using":"xpath","value":"//*[@id=\"__button107\"]"}
COMMAND: POST /session/fd4fa187b6d5c7f0700d354917c8944f/element/f.74186A8BE651698372F974E5DA594C48.d.9246D7F3C2081E830888B7506618B8AF.e.5008/click - {}
RESULT: {}
RESULT: {}
COMMAND: GET /session/fd4fa187b6d5c7f0700d354917c8944f/screenshot - {}
RESULT: {}
COMMAND: POST /session/fd4fa187b6d5c7f0700d354917c8944f/elements - {"using":"css selector","value":"table tr"}
RESULT: {"using":"css selector","value":"table tr"}
COMMAND: POST /session/fd4fa187b6d5c7f0700d354917c8944f/element/f.74186A8BE651698372F974E5DA594C48.d.9246D7F3C2081E830888B7506618B8AF.e.4971/elements - {"using":"css selector","value":"td"}
RESULT: {"using":"css selector","value":"td"}
COMMAND: POST /session/fd4fa187b6d5c7f0700d354917c8944f/element/f.74186A8BE651698372F974E5DA594C48.d.9246D7F3C2081E830888B7506618B8AF.e.5027/element - {"using":"css selector","value":".sapMObjectNumberText"}
RESULT: {"using":"css selector","value":".sapMObjectNumberText"}
COMMAND: GET /session/fd4fa187b6d5c7f0700d354917c8944f/element/f.74186A8BE651698372F974E5DA594C48.d.9246D7F3C2081E830888B7506618B8AF.e.5029/text - {}
RESULT: {}
]]></system-out>
    </testcase>
    <testcase classname="chrome.136_0_7103_49.windows.Edit_and_delete_daily_price_US134629_US134627" name="Should go into edit and delete all the rows that match the yard we have created for this scenario check if all rows deleted" time="22.16">
      <system-out><![CDATA[
RESULT: undefined
COMMAND: POST /session/fd4fa187b6d5c7f0700d354917c8944f/element - {"using":"xpath","value":"//*[@id=\"application-manageconditionprice-display-component---dailyPrices--editBtn\"]"}
RESULT: {"using":"xpath","value":"//*[@id=\"application-manageconditionprice-display-component---dailyPrices--editBtn\"]"}
COMMAND: POST /session/fd4fa187b6d5c7f0700d354917c8944f/element/f.74186A8BE651698372F974E5DA594C48.d.9246D7F3C2081E830888B7506618B8AF.e.5026/click - {}
RESULT: {}
COMMAND: GET /session/fd4fa187b6d5c7f0700d354917c8944f/screenshot - {}
RESULT: {}
COMMAND: POST /session/fd4fa187b6d5c7f0700d354917c8944f/elements - {"using":"css selector","value":"table tr"}
RESULT: {"using":"css selector","value":"table tr"}
COMMAND: POST /session/fd4fa187b6d5c7f0700d354917c8944f/element/f.74186A8BE651698372F974E5DA594C48.d.9246D7F3C2081E830888B7506618B8AF.e.4886/elements - {"using":"css selector","value":"td"}
RESULT: {"using":"css selector","value":"td"}
COMMAND: POST /session/fd4fa187b6d5c7f0700d354917c8944f/element/f.74186A8BE651698372F974E5DA594C48.d.9246D7F3C2081E830888B7506618B8AF.e.4887/elements - {"using":"css selector","value":"td"}
RESULT: {"using":"css selector","value":"td"}
COMMAND: POST /session/fd4fa187b6d5c7f0700d354917c8944f/element/f.74186A8BE651698372F974E5DA594C48.d.9246D7F3C2081E830888B7506618B8AF.e.4888/elements - {"using":"css selector","value":"td"}
RESULT: {"using":"css selector","value":"td"}
COMMAND: POST /session/fd4fa187b6d5c7f0700d354917c8944f/element/f.74186A8BE651698372F974E5DA594C48.d.9246D7F3C2081E830888B7506618B8AF.e.4802/elements - {"using":"css selector","value":"td"}
RESULT: {"using":"css selector","value":"td"}
COMMAND: POST /session/fd4fa187b6d5c7f0700d354917c8944f/element/f.74186A8BE651698372F974E5DA594C48.d.9246D7F3C2081E830888B7506618B8AF.e.4803/elements - {"using":"css selector","value":"td"}
RESULT: {"using":"css selector","value":"td"}
COMMAND: POST /session/fd4fa187b6d5c7f0700d354917c8944f/element/f.74186A8BE651698372F974E5DA594C48.d.9246D7F3C2081E830888B7506618B8AF.e.4808/elements - {"using":"css selector","value":"td"}
RESULT: {"using":"css selector","value":"td"}
COMMAND: POST /session/fd4fa187b6d5c7f0700d354917c8944f/element/f.74186A8BE651698372F974E5DA594C48.d.9246D7F3C2081E830888B7506618B8AF.e.4809/elements - {"using":"css selector","value":"td"}
RESULT: {"using":"css selector","value":"td"}
COMMAND: POST /session/fd4fa187b6d5c7f0700d354917c8944f/element/f.74186A8BE651698372F974E5DA594C48.d.9246D7F3C2081E830888B7506618B8AF.e.4817/elements - {"using":"css selector","value":"td"}
RESULT: {"using":"css selector","value":"td"}
COMMAND: POST /session/fd4fa187b6d5c7f0700d354917c8944f/element/f.74186A8BE651698372F974E5DA594C48.d.9246D7F3C2081E830888B7506618B8AF.e.4818/elements - {"using":"css selector","value":"td"}
RESULT: {"using":"css selector","value":"td"}
COMMAND: POST /session/fd4fa187b6d5c7f0700d354917c8944f/element/f.74186A8BE651698372F974E5DA594C48.d.9246D7F3C2081E830888B7506618B8AF.e.4826/elements - {"using":"css selector","value":"td"}
RESULT: {"using":"css selector","value":"td"}
COMMAND: POST /session/fd4fa187b6d5c7f0700d354917c8944f/element/f.74186A8BE651698372F974E5DA594C48.d.9246D7F3C2081E830888B7506618B8AF.e.4889/elements - {"using":"css selector","value":"td"}
RESULT: {"using":"css selector","value":"td"}
COMMAND: POST /session/fd4fa187b6d5c7f0700d354917c8944f/element/f.74186A8BE651698372F974E5DA594C48.d.9246D7F3C2081E830888B7506618B8AF.e.4890/elements - {"using":"css selector","value":"td"}
RESULT: {"using":"css selector","value":"td"}
COMMAND: POST /session/fd4fa187b6d5c7f0700d354917c8944f/element/f.74186A8BE651698372F974E5DA594C48.d.9246D7F3C2081E830888B7506618B8AF.e.4891/elements - {"using":"css selector","value":"td"}
RESULT: {"using":"css selector","value":"td"}
COMMAND: POST /session/fd4fa187b6d5c7f0700d354917c8944f/element/f.74186A8BE651698372F974E5DA594C48.d.9246D7F3C2081E830888B7506618B8AF.e.4892/elements - {"using":"css selector","value":"td"}
RESULT: {"using":"css selector","value":"td"}
COMMAND: POST /session/fd4fa187b6d5c7f0700d354917c8944f/element/f.74186A8BE651698372F974E5DA594C48.d.9246D7F3C2081E830888B7506618B8AF.e.4893/elements - {"using":"css selector","value":"td"}
RESULT: {"using":"css selector","value":"td"}
COMMAND: POST /session/fd4fa187b6d5c7f0700d354917c8944f/element/f.74186A8BE651698372F974E5DA594C48.d.9246D7F3C2081E830888B7506618B8AF.e.4894/elements - {"using":"css selector","value":"td"}
RESULT: {"using":"css selector","value":"td"}
COMMAND: POST /session/fd4fa187b6d5c7f0700d354917c8944f/element/f.74186A8BE651698372F974E5DA594C48.d.9246D7F3C2081E830888B7506618B8AF.e.4895/elements - {"using":"css selector","value":"td"}
RESULT: {"using":"css selector","value":"td"}
COMMAND: POST /session/fd4fa187b6d5c7f0700d354917c8944f/element/f.74186A8BE651698372F974E5DA594C48.d.9246D7F3C2081E830888B7506618B8AF.e.4896/elements - {"using":"css selector","value":"td"}
RESULT: {"using":"css selector","value":"td"}
COMMAND: POST /session/fd4fa187b6d5c7f0700d354917c8944f/element/f.74186A8BE651698372F974E5DA594C48.d.9246D7F3C2081E830888B7506618B8AF.e.4897/elements - {"using":"css selector","value":"td"}
RESULT: {"using":"css selector","value":"td"}
COMMAND: POST /session/fd4fa187b6d5c7f0700d354917c8944f/element/f.74186A8BE651698372F974E5DA594C48.d.9246D7F3C2081E830888B7506618B8AF.e.4898/elements - {"using":"css selector","value":"td"}
RESULT: {"using":"css selector","value":"td"}
COMMAND: POST /session/fd4fa187b6d5c7f0700d354917c8944f/element/f.74186A8BE651698372F974E5DA594C48.d.9246D7F3C2081E830888B7506618B8AF.e.4899/elements - {"using":"css selector","value":"td"}
RESULT: {"using":"css selector","value":"td"}
COMMAND: POST /session/fd4fa187b6d5c7f0700d354917c8944f/element/f.74186A8BE651698372F974E5DA594C48.d.9246D7F3C2081E830888B7506618B8AF.e.4900/elements - {"using":"css selector","value":"td"}
RESULT: {"using":"css selector","value":"td"}
COMMAND: POST /session/fd4fa187b6d5c7f0700d354917c8944f/element/f.74186A8BE651698372F974E5DA594C48.d.9246D7F3C2081E830888B7506618B8AF.e.4901/elements - {"using":"css selector","value":"td"}
RESULT: {"using":"css selector","value":"td"}
COMMAND: POST /session/fd4fa187b6d5c7f0700d354917c8944f/element/f.74186A8BE651698372F974E5DA594C48.d.9246D7F3C2081E830888B7506618B8AF.e.4902/elements - {"using":"css selector","value":"td"}
RESULT: {"using":"css selector","value":"td"}
COMMAND: POST /session/fd4fa187b6d5c7f0700d354917c8944f/element/f.74186A8BE651698372F974E5DA594C48.d.9246D7F3C2081E830888B7506618B8AF.e.4903/elements - {"using":"css selector","value":"td"}
RESULT: {"using":"css selector","value":"td"}
COMMAND: POST /session/fd4fa187b6d5c7f0700d354917c8944f/element/f.74186A8BE651698372F974E5DA594C48.d.9246D7F3C2081E830888B7506618B8AF.e.4904/elements - {"using":"css selector","value":"td"}
RESULT: {"using":"css selector","value":"td"}
COMMAND: POST /session/fd4fa187b6d5c7f0700d354917c8944f/element/f.74186A8BE651698372F974E5DA594C48.d.9246D7F3C2081E830888B7506618B8AF.e.4905/elements - {"using":"css selector","value":"td"}
RESULT: {"using":"css selector","value":"td"}
COMMAND: POST /session/fd4fa187b6d5c7f0700d354917c8944f/element/f.74186A8BE651698372F974E5DA594C48.d.9246D7F3C2081E830888B7506618B8AF.e.4906/elements - {"using":"css selector","value":"td"}
RESULT: {"using":"css selector","value":"td"}
COMMAND: POST /session/fd4fa187b6d5c7f0700d354917c8944f/element/f.74186A8BE651698372F974E5DA594C48.d.9246D7F3C2081E830888B7506618B8AF.e.4907/elements - {"using":"css selector","value":"td"}
RESULT: {"using":"css selector","value":"td"}
COMMAND: POST /session/fd4fa187b6d5c7f0700d354917c8944f/element/f.74186A8BE651698372F974E5DA594C48.d.9246D7F3C2081E830888B7506618B8AF.e.4908/elements - {"using":"css selector","value":"td"}
RESULT: {"using":"css selector","value":"td"}
COMMAND: POST /session/fd4fa187b6d5c7f0700d354917c8944f/element/f.74186A8BE651698372F974E5DA594C48.d.9246D7F3C2081E830888B7506618B8AF.e.4909/elements - {"using":"css selector","value":"td"}
RESULT: {"using":"css selector","value":"td"}
COMMAND: POST /session/fd4fa187b6d5c7f0700d354917c8944f/element/f.74186A8BE651698372F974E5DA594C48.d.9246D7F3C2081E830888B7506618B8AF.e.4910/elements - {"using":"css selector","value":"td"}
RESULT: {"using":"css selector","value":"td"}
COMMAND: POST /session/fd4fa187b6d5c7f0700d354917c8944f/element/f.74186A8BE651698372F974E5DA594C48.d.9246D7F3C2081E830888B7506618B8AF.e.4911/elements - {"using":"css selector","value":"td"}
RESULT: {"using":"css selector","value":"td"}
COMMAND: POST /session/fd4fa187b6d5c7f0700d354917c8944f/element/f.74186A8BE651698372F974E5DA594C48.d.9246D7F3C2081E830888B7506618B8AF.e.4912/elements - {"using":"css selector","value":"td"}
RESULT: {"using":"css selector","value":"td"}
COMMAND: POST /session/fd4fa187b6d5c7f0700d354917c8944f/element/f.74186A8BE651698372F974E5DA594C48.d.9246D7F3C2081E830888B7506618B8AF.e.4913/elements - {"using":"css selector","value":"td"}
RESULT: {"using":"css selector","value":"td"}
COMMAND: POST /session/fd4fa187b6d5c7f0700d354917c8944f/element/f.74186A8BE651698372F974E5DA594C48.d.9246D7F3C2081E830888B7506618B8AF.e.4914/elements - {"using":"css selector","value":"td"}
RESULT: {"using":"css selector","value":"td"}
COMMAND: POST /session/fd4fa187b6d5c7f0700d354917c8944f/element/f.74186A8BE651698372F974E5DA594C48.d.9246D7F3C2081E830888B7506618B8AF.e.4915/elements - {"using":"css selector","value":"td"}
RESULT: {"using":"css selector","value":"td"}
COMMAND: POST /session/fd4fa187b6d5c7f0700d354917c8944f/element/f.74186A8BE651698372F974E5DA594C48.d.9246D7F3C2081E830888B7506618B8AF.e.4916/elements - {"using":"css selector","value":"td"}
RESULT: {"using":"css selector","value":"td"}
COMMAND: POST /session/fd4fa187b6d5c7f0700d354917c8944f/element/f.74186A8BE651698372F974E5DA594C48.d.9246D7F3C2081E830888B7506618B8AF.e.4917/elements - {"using":"css selector","value":"td"}
RESULT: {"using":"css selector","value":"td"}
COMMAND: POST /session/fd4fa187b6d5c7f0700d354917c8944f/element/f.74186A8BE651698372F974E5DA594C48.d.9246D7F3C2081E830888B7506618B8AF.e.4918/elements - {"using":"css selector","value":"td"}
RESULT: {"using":"css selector","value":"td"}
COMMAND: POST /session/fd4fa187b6d5c7f0700d354917c8944f/element/f.74186A8BE651698372F974E5DA594C48.d.9246D7F3C2081E830888B7506618B8AF.e.4919/elements - {"using":"css selector","value":"td"}
RESULT: {"using":"css selector","value":"td"}
COMMAND: POST /session/fd4fa187b6d5c7f0700d354917c8944f/element/f.74186A8BE651698372F974E5DA594C48.d.9246D7F3C2081E830888B7506618B8AF.e.4920/elements - {"using":"css selector","value":"td"}
RESULT: {"using":"css selector","value":"td"}
COMMAND: POST /session/fd4fa187b6d5c7f0700d354917c8944f/element/f.74186A8BE651698372F974E5DA594C48.d.9246D7F3C2081E830888B7506618B8AF.e.4921/elements - {"using":"css selector","value":"td"}
RESULT: {"using":"css selector","value":"td"}
COMMAND: POST /session/fd4fa187b6d5c7f0700d354917c8944f/element/f.74186A8BE651698372F974E5DA594C48.d.9246D7F3C2081E830888B7506618B8AF.e.4922/elements - {"using":"css selector","value":"td"}
RESULT: {"using":"css selector","value":"td"}
COMMAND: POST /session/fd4fa187b6d5c7f0700d354917c8944f/element/f.74186A8BE651698372F974E5DA594C48.d.9246D7F3C2081E830888B7506618B8AF.e.4923/elements - {"using":"css selector","value":"td"}
RESULT: {"using":"css selector","value":"td"}
COMMAND: POST /session/fd4fa187b6d5c7f0700d354917c8944f/element/f.74186A8BE651698372F974E5DA594C48.d.9246D7F3C2081E830888B7506618B8AF.e.4924/elements - {"using":"css selector","value":"td"}
RESULT: {"using":"css selector","value":"td"}
COMMAND: POST /session/fd4fa187b6d5c7f0700d354917c8944f/element/f.74186A8BE651698372F974E5DA594C48.d.9246D7F3C2081E830888B7506618B8AF.e.4925/elements - {"using":"css selector","value":"td"}
RESULT: {"using":"css selector","value":"td"}
COMMAND: POST /session/fd4fa187b6d5c7f0700d354917c8944f/element/f.74186A8BE651698372F974E5DA594C48.d.9246D7F3C2081E830888B7506618B8AF.e.4926/elements - {"using":"css selector","value":"td"}
RESULT: {"using":"css selector","value":"td"}
COMMAND: POST /session/fd4fa187b6d5c7f0700d354917c8944f/element/f.74186A8BE651698372F974E5DA594C48.d.9246D7F3C2081E830888B7506618B8AF.e.4927/elements - {"using":"css selector","value":"td"}
RESULT: {"using":"css selector","value":"td"}
COMMAND: POST /session/fd4fa187b6d5c7f0700d354917c8944f/element/f.74186A8BE651698372F974E5DA594C48.d.9246D7F3C2081E830888B7506618B8AF.e.4928/elements - {"using":"css selector","value":"td"}
RESULT: {"using":"css selector","value":"td"}
COMMAND: POST /session/fd4fa187b6d5c7f0700d354917c8944f/element/f.74186A8BE651698372F974E5DA594C48.d.9246D7F3C2081E830888B7506618B8AF.e.4929/elements - {"using":"css selector","value":"td"}
RESULT: {"using":"css selector","value":"td"}
COMMAND: POST /session/fd4fa187b6d5c7f0700d354917c8944f/element/f.74186A8BE651698372F974E5DA594C48.d.9246D7F3C2081E830888B7506618B8AF.e.4930/elements - {"using":"css selector","value":"td"}
RESULT: {"using":"css selector","value":"td"}
COMMAND: POST /session/fd4fa187b6d5c7f0700d354917c8944f/element/f.74186A8BE651698372F974E5DA594C48.d.9246D7F3C2081E830888B7506618B8AF.e.4931/elements - {"using":"css selector","value":"td"}
RESULT: {"using":"css selector","value":"td"}
COMMAND: POST /session/fd4fa187b6d5c7f0700d354917c8944f/element/f.74186A8BE651698372F974E5DA594C48.d.9246D7F3C2081E830888B7506618B8AF.e.4932/elements - {"using":"css selector","value":"td"}
RESULT: {"using":"css selector","value":"td"}
COMMAND: POST /session/fd4fa187b6d5c7f0700d354917c8944f/element/f.74186A8BE651698372F974E5DA594C48.d.9246D7F3C2081E830888B7506618B8AF.e.4933/elements - {"using":"css selector","value":"td"}
RESULT: {"using":"css selector","value":"td"}
COMMAND: POST /session/fd4fa187b6d5c7f0700d354917c8944f/element/f.74186A8BE651698372F974E5DA594C48.d.9246D7F3C2081E830888B7506618B8AF.e.4934/elements - {"using":"css selector","value":"td"}
RESULT: {"using":"css selector","value":"td"}
COMMAND: POST /session/fd4fa187b6d5c7f0700d354917c8944f/element/f.74186A8BE651698372F974E5DA594C48.d.9246D7F3C2081E830888B7506618B8AF.e.4935/elements - {"using":"css selector","value":"td"}
RESULT: {"using":"css selector","value":"td"}
COMMAND: POST /session/fd4fa187b6d5c7f0700d354917c8944f/element/f.74186A8BE651698372F974E5DA594C48.d.9246D7F3C2081E830888B7506618B8AF.e.4936/elements - {"using":"css selector","value":"td"}
RESULT: {"using":"css selector","value":"td"}
COMMAND: POST /session/fd4fa187b6d5c7f0700d354917c8944f/element/f.74186A8BE651698372F974E5DA594C48.d.9246D7F3C2081E830888B7506618B8AF.e.4937/elements - {"using":"css selector","value":"td"}
RESULT: {"using":"css selector","value":"td"}
COMMAND: POST /session/fd4fa187b6d5c7f0700d354917c8944f/element/f.74186A8BE651698372F974E5DA594C48.d.9246D7F3C2081E830888B7506618B8AF.e.4938/elements - {"using":"css selector","value":"td"}
RESULT: {"using":"css selector","value":"td"}
COMMAND: POST /session/fd4fa187b6d5c7f0700d354917c8944f/element/f.74186A8BE651698372F974E5DA594C48.d.9246D7F3C2081E830888B7506618B8AF.e.4960/element - {"using":"css selector","value":"input"}
RESULT: {"using":"css selector","value":"input"}
COMMAND: GET /session/fd4fa187b6d5c7f0700d354917c8944f/element/f.74186A8BE651698372F974E5DA594C48.d.9246D7F3C2081E830888B7506618B8AF.e.4943/property/value - {}
RESULT: {}
COMMAND: POST /session/fd4fa187b6d5c7f0700d354917c8944f/element/f.74186A8BE651698372F974E5DA594C48.d.9246D7F3C2081E830888B7506618B8AF.e.4938/element - {"using":"css selector","value":".sapMCbBg"}
COMMAND: GET /session/fd4fa187b6d5c7f0700d354917c8944f/screenshot - {}
RESULT: {"using":"css selector","value":".sapMCbBg"}
COMMAND: GET /session/fd4fa187b6d5c7f0700d354917c8944f/element/f.74186A8BE651698372F974E5DA594C48.d.9246D7F3C2081E830888B7506618B8AF.e.5259/selected - {}
RESULT: {}
RESULT: {}
COMMAND: POST /session/fd4fa187b6d5c7f0700d354917c8944f/element/f.74186A8BE651698372F974E5DA594C48.d.9246D7F3C2081E830888B7506618B8AF.e.5259/click - {}
COMMAND: GET /session/fd4fa187b6d5c7f0700d354917c8944f/screenshot - {}
RESULT: {}
COMMAND: POST /session/fd4fa187b6d5c7f0700d354917c8944f/element/f.74186A8BE651698372F974E5DA594C48.d.9246D7F3C2081E830888B7506618B8AF.e.4971/elements - {"using":"css selector","value":"td"}
COMMAND: GET /session/fd4fa187b6d5c7f0700d354917c8944f/screenshot - {}
RESULT: {}
RESULT: {"using":"css selector","value":"td"}
COMMAND: POST /session/fd4fa187b6d5c7f0700d354917c8944f/element/f.74186A8BE651698372F974E5DA594C48.d.9246D7F3C2081E830888B7506618B8AF.e.4993/element - {"using":"css selector","value":"input"}
RESULT: {}
RESULT: {"using":"css selector","value":"input"}
COMMAND: GET /session/fd4fa187b6d5c7f0700d354917c8944f/element/f.74186A8BE651698372F974E5DA594C48.d.9246D7F3C2081E830888B7506618B8AF.e.4976/property/value - {}
RESULT: {}
COMMAND: POST /session/fd4fa187b6d5c7f0700d354917c8944f/element/f.74186A8BE651698372F974E5DA594C48.d.9246D7F3C2081E830888B7506618B8AF.e.4971/element - {"using":"css selector","value":".sapMCbBg"}
COMMAND: GET /session/fd4fa187b6d5c7f0700d354917c8944f/screenshot - {}
RESULT: {"using":"css selector","value":".sapMCbBg"}
COMMAND: GET /session/fd4fa187b6d5c7f0700d354917c8944f/element/f.74186A8BE651698372F974E5DA594C48.d.9246D7F3C2081E830888B7506618B8AF.e.5263/selected - {}
RESULT: {}
RESULT: {}
COMMAND: POST /session/fd4fa187b6d5c7f0700d354917c8944f/element/f.74186A8BE651698372F974E5DA594C48.d.9246D7F3C2081E830888B7506618B8AF.e.5263/click - {}
COMMAND: GET /session/fd4fa187b6d5c7f0700d354917c8944f/screenshot - {}
RESULT: {}
RESULT: {}
COMMAND: GET /session/fd4fa187b6d5c7f0700d354917c8944f/screenshot - {}
RESULT: {}
COMMAND: POST /session/fd4fa187b6d5c7f0700d354917c8944f/execute/async - {"script":"<script> [1562 bytes]","args":[{"selector":{"id":"application-manageconditionprice-display-component---dailyPrices--deleteBtn","interaction":{"idSuffix":"content"}},"wdio_ui5_key":"applicationmanageconditionprice-display-component---dailyPrices--deleteBtn"}]}
RESULT: {"script":"<script> [1562 bytes]","args":[{"selector":{"id":"application-manageconditionprice-display-component---dailyPrices--deleteBtn","interaction":{"idSuffix":"content"}},"wdio_ui5_key":"applicationmanageconditionprice-display-component---dailyPrices--deleteBtn"}]}
RESULT: undefined
COMMAND: POST /session/fd4fa187b6d5c7f0700d354917c8944f/element - {"using":"xpath","value":"//*[@id=\"application-manageconditionprice-display-component---dailyPrices--deleteBtn\"]"}
RESULT: {"using":"xpath","value":"//*[@id=\"application-manageconditionprice-display-component---dailyPrices--deleteBtn\"]"}
COMMAND: POST /session/fd4fa187b6d5c7f0700d354917c8944f/element/f.74186A8BE651698372F974E5DA594C48.d.9246D7F3C2081E830888B7506618B8AF.e.5265/click - {}
RESULT: {}
COMMAND: POST /session/fd4fa187b6d5c7f0700d354917c8944f/execute/async - {"script":"<script> [1562 bytes]","args":[{"selector":{"controlType":"sap.m.Button","properties":{"text":"OK"},"searchOpenDialogs":true,"interaction":{"idSuffix":"BDI-content"}},"wdio_ui5_key":"sapm.Button{\"text\":\"OK\"}"}]}
COMMAND: GET /session/fd4fa187b6d5c7f0700d354917c8944f/screenshot - {}
RESULT: {"script":"<script> [1562 bytes]","args":[{"selector":{"controlType":"sap.m.Button","properties":{"text":"OK"},"searchOpenDialogs":true,"interaction":{"idSuffix":"BDI-content"}},"wdio_ui5_key":"sapm.Button{\"text\":\"OK\"}"}]}
RESULT: undefined
COMMAND: POST /session/fd4fa187b6d5c7f0700d354917c8944f/element - {"using":"xpath","value":"//*[@id=\"__mbox-btn-0\"]"}
RESULT: {}
RESULT: {"using":"xpath","value":"//*[@id=\"__mbox-btn-0\"]"}
COMMAND: POST /session/fd4fa187b6d5c7f0700d354917c8944f/element/f.74186A8BE651698372F974E5DA594C48.d.9246D7F3C2081E830888B7506618B8AF.e.5266/click - {}
RESULT: {}
COMMAND: GET /session/fd4fa187b6d5c7f0700d354917c8944f/screenshot - {}
RESULT: {}
RESULT: undefined
COMMAND: POST /session/fd4fa187b6d5c7f0700d354917c8944f/element - {"using":"xpath","value":"//*[@id=\"__button107\"]"}
RESULT: {"using":"xpath","value":"//*[@id=\"__button107\"]"}
COMMAND: POST /session/fd4fa187b6d5c7f0700d354917c8944f/element/f.74186A8BE651698372F974E5DA594C48.d.9246D7F3C2081E830888B7506618B8AF.e.5030/click - {}
RESULT: {}
COMMAND: GET /session/fd4fa187b6d5c7f0700d354917c8944f/screenshot - {}
RESULT: {}
COMMAND: POST /session/fd4fa187b6d5c7f0700d354917c8944f/elements - {"using":"css selector","value":"table tr"}
RESULT: {"using":"css selector","value":"table tr"}
COMMAND: POST /session/fd4fa187b6d5c7f0700d354917c8944f/element/f.74186A8BE651698372F974E5DA594C48.d.9246D7F3C2081E830888B7506618B8AF.e.4886/elements - {"using":"css selector","value":"td"}
RESULT: {"using":"css selector","value":"td"}
COMMAND: POST /session/fd4fa187b6d5c7f0700d354917c8944f/element/f.74186A8BE651698372F974E5DA594C48.d.9246D7F3C2081E830888B7506618B8AF.e.4887/elements - {"using":"css selector","value":"td"}
RESULT: {"using":"css selector","value":"td"}
COMMAND: POST /session/fd4fa187b6d5c7f0700d354917c8944f/element/f.74186A8BE651698372F974E5DA594C48.d.9246D7F3C2081E830888B7506618B8AF.e.4888/elements - {"using":"css selector","value":"td"}
RESULT: {"using":"css selector","value":"td"}
COMMAND: POST /session/fd4fa187b6d5c7f0700d354917c8944f/element/f.74186A8BE651698372F974E5DA594C48.d.9246D7F3C2081E830888B7506618B8AF.e.4802/elements - {"using":"css selector","value":"td"}
RESULT: {"using":"css selector","value":"td"}
COMMAND: POST /session/fd4fa187b6d5c7f0700d354917c8944f/element/f.74186A8BE651698372F974E5DA594C48.d.9246D7F3C2081E830888B7506618B8AF.e.4803/elements - {"using":"css selector","value":"td"}
RESULT: {"using":"css selector","value":"td"}
COMMAND: POST /session/fd4fa187b6d5c7f0700d354917c8944f/element/f.74186A8BE651698372F974E5DA594C48.d.9246D7F3C2081E830888B7506618B8AF.e.4808/elements - {"using":"css selector","value":"td"}
RESULT: {"using":"css selector","value":"td"}
COMMAND: POST /session/fd4fa187b6d5c7f0700d354917c8944f/element/f.74186A8BE651698372F974E5DA594C48.d.9246D7F3C2081E830888B7506618B8AF.e.4809/elements - {"using":"css selector","value":"td"}
RESULT: {"using":"css selector","value":"td"}
COMMAND: POST /session/fd4fa187b6d5c7f0700d354917c8944f/element/f.74186A8BE651698372F974E5DA594C48.d.9246D7F3C2081E830888B7506618B8AF.e.4817/elements - {"using":"css selector","value":"td"}
RESULT: {"using":"css selector","value":"td"}
COMMAND: POST /session/fd4fa187b6d5c7f0700d354917c8944f/element/f.74186A8BE651698372F974E5DA594C48.d.9246D7F3C2081E830888B7506618B8AF.e.4818/elements - {"using":"css selector","value":"td"}
RESULT: {"using":"css selector","value":"td"}
COMMAND: POST /session/fd4fa187b6d5c7f0700d354917c8944f/element/f.74186A8BE651698372F974E5DA594C48.d.9246D7F3C2081E830888B7506618B8AF.e.4826/elements - {"using":"css selector","value":"td"}
RESULT: {"using":"css selector","value":"td"}
COMMAND: POST /session/fd4fa187b6d5c7f0700d354917c8944f/element/f.74186A8BE651698372F974E5DA594C48.d.9246D7F3C2081E830888B7506618B8AF.e.4889/elements - {"using":"css selector","value":"td"}
RESULT: {"using":"css selector","value":"td"}
COMMAND: POST /session/fd4fa187b6d5c7f0700d354917c8944f/element/f.74186A8BE651698372F974E5DA594C48.d.9246D7F3C2081E830888B7506618B8AF.e.4890/elements - {"using":"css selector","value":"td"}
RESULT: {"using":"css selector","value":"td"}
COMMAND: POST /session/fd4fa187b6d5c7f0700d354917c8944f/element/f.74186A8BE651698372F974E5DA594C48.d.9246D7F3C2081E830888B7506618B8AF.e.4891/elements - {"using":"css selector","value":"td"}
RESULT: {"using":"css selector","value":"td"}
COMMAND: POST /session/fd4fa187b6d5c7f0700d354917c8944f/element/f.74186A8BE651698372F974E5DA594C48.d.9246D7F3C2081E830888B7506618B8AF.e.4892/elements - {"using":"css selector","value":"td"}
RESULT: {"using":"css selector","value":"td"}
COMMAND: POST /session/fd4fa187b6d5c7f0700d354917c8944f/element/f.74186A8BE651698372F974E5DA594C48.d.9246D7F3C2081E830888B7506618B8AF.e.4893/elements - {"using":"css selector","value":"td"}
RESULT: {"using":"css selector","value":"td"}
COMMAND: POST /session/fd4fa187b6d5c7f0700d354917c8944f/element/f.74186A8BE651698372F974E5DA594C48.d.9246D7F3C2081E830888B7506618B8AF.e.4894/elements - {"using":"css selector","value":"td"}
RESULT: {"using":"css selector","value":"td"}
COMMAND: POST /session/fd4fa187b6d5c7f0700d354917c8944f/element/f.74186A8BE651698372F974E5DA594C48.d.9246D7F3C2081E830888B7506618B8AF.e.4895/elements - {"using":"css selector","value":"td"}
RESULT: {"using":"css selector","value":"td"}
COMMAND: POST /session/fd4fa187b6d5c7f0700d354917c8944f/element/f.74186A8BE651698372F974E5DA594C48.d.9246D7F3C2081E830888B7506618B8AF.e.4896/elements - {"using":"css selector","value":"td"}
RESULT: {"using":"css selector","value":"td"}
COMMAND: POST /session/fd4fa187b6d5c7f0700d354917c8944f/element/f.74186A8BE651698372F974E5DA594C48.d.9246D7F3C2081E830888B7506618B8AF.e.4897/elements - {"using":"css selector","value":"td"}
RESULT: {"using":"css selector","value":"td"}
COMMAND: POST /session/fd4fa187b6d5c7f0700d354917c8944f/element/f.74186A8BE651698372F974E5DA594C48.d.9246D7F3C2081E830888B7506618B8AF.e.4898/elements - {"using":"css selector","value":"td"}
RESULT: {"using":"css selector","value":"td"}
COMMAND: POST /session/fd4fa187b6d5c7f0700d354917c8944f/element/f.74186A8BE651698372F974E5DA594C48.d.9246D7F3C2081E830888B7506618B8AF.e.4899/elements - {"using":"css selector","value":"td"}
RESULT: {"using":"css selector","value":"td"}
COMMAND: POST /session/fd4fa187b6d5c7f0700d354917c8944f/element/f.74186A8BE651698372F974E5DA594C48.d.9246D7F3C2081E830888B7506618B8AF.e.4900/elements - {"using":"css selector","value":"td"}
RESULT: {"using":"css selector","value":"td"}
COMMAND: POST /session/fd4fa187b6d5c7f0700d354917c8944f/element/f.74186A8BE651698372F974E5DA594C48.d.9246D7F3C2081E830888B7506618B8AF.e.4901/elements - {"using":"css selector","value":"td"}
RESULT: {"using":"css selector","value":"td"}
COMMAND: POST /session/fd4fa187b6d5c7f0700d354917c8944f/element/f.74186A8BE651698372F974E5DA594C48.d.9246D7F3C2081E830888B7506618B8AF.e.4902/elements - {"using":"css selector","value":"td"}
RESULT: {"using":"css selector","value":"td"}
COMMAND: POST /session/fd4fa187b6d5c7f0700d354917c8944f/element/f.74186A8BE651698372F974E5DA594C48.d.9246D7F3C2081E830888B7506618B8AF.e.4903/elements - {"using":"css selector","value":"td"}
RESULT: {"using":"css selector","value":"td"}
COMMAND: POST /session/fd4fa187b6d5c7f0700d354917c8944f/element/f.74186A8BE651698372F974E5DA594C48.d.9246D7F3C2081E830888B7506618B8AF.e.4904/elements - {"using":"css selector","value":"td"}
RESULT: {"using":"css selector","value":"td"}
COMMAND: POST /session/fd4fa187b6d5c7f0700d354917c8944f/element/f.74186A8BE651698372F974E5DA594C48.d.9246D7F3C2081E830888B7506618B8AF.e.4905/elements - {"using":"css selector","value":"td"}
RESULT: {"using":"css selector","value":"td"}
COMMAND: POST /session/fd4fa187b6d5c7f0700d354917c8944f/element/f.74186A8BE651698372F974E5DA594C48.d.9246D7F3C2081E830888B7506618B8AF.e.4906/elements - {"using":"css selector","value":"td"}
RESULT: {"using":"css selector","value":"td"}
COMMAND: POST /session/fd4fa187b6d5c7f0700d354917c8944f/element/f.74186A8BE651698372F974E5DA594C48.d.9246D7F3C2081E830888B7506618B8AF.e.4907/elements - {"using":"css selector","value":"td"}
RESULT: {"using":"css selector","value":"td"}
COMMAND: POST /session/fd4fa187b6d5c7f0700d354917c8944f/element/f.74186A8BE651698372F974E5DA594C48.d.9246D7F3C2081E830888B7506618B8AF.e.4908/elements - {"using":"css selector","value":"td"}
RESULT: {"using":"css selector","value":"td"}
COMMAND: POST /session/fd4fa187b6d5c7f0700d354917c8944f/element/f.74186A8BE651698372F974E5DA594C48.d.9246D7F3C2081E830888B7506618B8AF.e.4909/elements - {"using":"css selector","value":"td"}
RESULT: {"using":"css selector","value":"td"}
COMMAND: POST /session/fd4fa187b6d5c7f0700d354917c8944f/element/f.74186A8BE651698372F974E5DA594C48.d.9246D7F3C2081E830888B7506618B8AF.e.4910/elements - {"using":"css selector","value":"td"}
RESULT: {"using":"css selector","value":"td"}
COMMAND: POST /session/fd4fa187b6d5c7f0700d354917c8944f/element/f.74186A8BE651698372F974E5DA594C48.d.9246D7F3C2081E830888B7506618B8AF.e.4911/elements - {"using":"css selector","value":"td"}
RESULT: {"using":"css selector","value":"td"}
COMMAND: POST /session/fd4fa187b6d5c7f0700d354917c8944f/element/f.74186A8BE651698372F974E5DA594C48.d.9246D7F3C2081E830888B7506618B8AF.e.4912/elements - {"using":"css selector","value":"td"}
RESULT: {"using":"css selector","value":"td"}
COMMAND: POST /session/fd4fa187b6d5c7f0700d354917c8944f/element/f.74186A8BE651698372F974E5DA594C48.d.9246D7F3C2081E830888B7506618B8AF.e.4913/elements - {"using":"css selector","value":"td"}
RESULT: {"using":"css selector","value":"td"}
COMMAND: POST /session/fd4fa187b6d5c7f0700d354917c8944f/element/f.74186A8BE651698372F974E5DA594C48.d.9246D7F3C2081E830888B7506618B8AF.e.4914/elements - {"using":"css selector","value":"td"}
RESULT: {"using":"css selector","value":"td"}
COMMAND: POST /session/fd4fa187b6d5c7f0700d354917c8944f/element/f.74186A8BE651698372F974E5DA594C48.d.9246D7F3C2081E830888B7506618B8AF.e.4915/elements - {"using":"css selector","value":"td"}
RESULT: {"using":"css selector","value":"td"}
COMMAND: POST /session/fd4fa187b6d5c7f0700d354917c8944f/element/f.74186A8BE651698372F974E5DA594C48.d.9246D7F3C2081E830888B7506618B8AF.e.4916/elements - {"using":"css selector","value":"td"}
RESULT: {"using":"css selector","value":"td"}
COMMAND: POST /session/fd4fa187b6d5c7f0700d354917c8944f/element/f.74186A8BE651698372F974E5DA594C48.d.9246D7F3C2081E830888B7506618B8AF.e.4917/elements - {"using":"css selector","value":"td"}
RESULT: {"using":"css selector","value":"td"}
COMMAND: POST /session/fd4fa187b6d5c7f0700d354917c8944f/element/f.74186A8BE651698372F974E5DA594C48.d.9246D7F3C2081E830888B7506618B8AF.e.4918/elements - {"using":"css selector","value":"td"}
RESULT: {"using":"css selector","value":"td"}
COMMAND: POST /session/fd4fa187b6d5c7f0700d354917c8944f/element/f.74186A8BE651698372F974E5DA594C48.d.9246D7F3C2081E830888B7506618B8AF.e.4919/elements - {"using":"css selector","value":"td"}
RESULT: {"using":"css selector","value":"td"}
COMMAND: POST /session/fd4fa187b6d5c7f0700d354917c8944f/element/f.74186A8BE651698372F974E5DA594C48.d.9246D7F3C2081E830888B7506618B8AF.e.4920/elements - {"using":"css selector","value":"td"}
RESULT: {"using":"css selector","value":"td"}
COMMAND: POST /session/fd4fa187b6d5c7f0700d354917c8944f/element/f.74186A8BE651698372F974E5DA594C48.d.9246D7F3C2081E830888B7506618B8AF.e.4921/elements - {"using":"css selector","value":"td"}
RESULT: {"using":"css selector","value":"td"}
COMMAND: POST /session/fd4fa187b6d5c7f0700d354917c8944f/element/f.74186A8BE651698372F974E5DA594C48.d.9246D7F3C2081E830888B7506618B8AF.e.4922/elements - {"using":"css selector","value":"td"}
RESULT: {"using":"css selector","value":"td"}
COMMAND: POST /session/fd4fa187b6d5c7f0700d354917c8944f/element/f.74186A8BE651698372F974E5DA594C48.d.9246D7F3C2081E830888B7506618B8AF.e.4923/elements - {"using":"css selector","value":"td"}
RESULT: {"using":"css selector","value":"td"}
COMMAND: POST /session/fd4fa187b6d5c7f0700d354917c8944f/element/f.74186A8BE651698372F974E5DA594C48.d.9246D7F3C2081E830888B7506618B8AF.e.4924/elements - {"using":"css selector","value":"td"}
RESULT: {"using":"css selector","value":"td"}
COMMAND: POST /session/fd4fa187b6d5c7f0700d354917c8944f/element/f.74186A8BE651698372F974E5DA594C48.d.9246D7F3C2081E830888B7506618B8AF.e.4925/elements - {"using":"css selector","value":"td"}
RESULT: {"using":"css selector","value":"td"}
COMMAND: POST /session/fd4fa187b6d5c7f0700d354917c8944f/element/f.74186A8BE651698372F974E5DA594C48.d.9246D7F3C2081E830888B7506618B8AF.e.4926/elements - {"using":"css selector","value":"td"}
RESULT: {"using":"css selector","value":"td"}
COMMAND: POST /session/fd4fa187b6d5c7f0700d354917c8944f/element/f.74186A8BE651698372F974E5DA594C48.d.9246D7F3C2081E830888B7506618B8AF.e.4927/elements - {"using":"css selector","value":"td"}
RESULT: {"using":"css selector","value":"td"}
COMMAND: POST /session/fd4fa187b6d5c7f0700d354917c8944f/element/f.74186A8BE651698372F974E5DA594C48.d.9246D7F3C2081E830888B7506618B8AF.e.4928/elements - {"using":"css selector","value":"td"}
RESULT: {"using":"css selector","value":"td"}
COMMAND: POST /session/fd4fa187b6d5c7f0700d354917c8944f/element/f.74186A8BE651698372F974E5DA594C48.d.9246D7F3C2081E830888B7506618B8AF.e.4929/elements - {"using":"css selector","value":"td"}
RESULT: {"using":"css selector","value":"td"}
COMMAND: POST /session/fd4fa187b6d5c7f0700d354917c8944f/element/f.74186A8BE651698372F974E5DA594C48.d.9246D7F3C2081E830888B7506618B8AF.e.4930/elements - {"using":"css selector","value":"td"}
RESULT: {"using":"css selector","value":"td"}
COMMAND: POST /session/fd4fa187b6d5c7f0700d354917c8944f/element/f.74186A8BE651698372F974E5DA594C48.d.9246D7F3C2081E830888B7506618B8AF.e.4931/elements - {"using":"css selector","value":"td"}
RESULT: {"using":"css selector","value":"td"}
COMMAND: POST /session/fd4fa187b6d5c7f0700d354917c8944f/element/f.74186A8BE651698372F974E5DA594C48.d.9246D7F3C2081E830888B7506618B8AF.e.4932/elements - {"using":"css selector","value":"td"}
RESULT: {"using":"css selector","value":"td"}
COMMAND: POST /session/fd4fa187b6d5c7f0700d354917c8944f/element/f.74186A8BE651698372F974E5DA594C48.d.9246D7F3C2081E830888B7506618B8AF.e.4933/elements - {"using":"css selector","value":"td"}
RESULT: {"using":"css selector","value":"td"}
COMMAND: POST /session/fd4fa187b6d5c7f0700d354917c8944f/element/f.74186A8BE651698372F974E5DA594C48.d.9246D7F3C2081E830888B7506618B8AF.e.4934/elements - {"using":"css selector","value":"td"}
RESULT: {"using":"css selector","value":"td"}
COMMAND: POST /session/fd4fa187b6d5c7f0700d354917c8944f/element/f.74186A8BE651698372F974E5DA594C48.d.9246D7F3C2081E830888B7506618B8AF.e.4935/elements - {"using":"css selector","value":"td"}
RESULT: {"using":"css selector","value":"td"}
COMMAND: POST /session/fd4fa187b6d5c7f0700d354917c8944f/element/f.74186A8BE651698372F974E5DA594C48.d.9246D7F3C2081E830888B7506618B8AF.e.4936/elements - {"using":"css selector","value":"td"}
RESULT: {"using":"css selector","value":"td"}
COMMAND: POST /session/fd4fa187b6d5c7f0700d354917c8944f/element/f.74186A8BE651698372F974E5DA594C48.d.9246D7F3C2081E830888B7506618B8AF.e.4937/elements - {"using":"css selector","value":"td"}
RESULT: {"using":"css selector","value":"td"}
COMMAND: POST /session/fd4fa187b6d5c7f0700d354917c8944f/element/f.74186A8BE651698372F974E5DA594C48.d.9246D7F3C2081E830888B7506618B8AF.e.5271/elements - {"using":"css selector","value":"td"}
RESULT: {"using":"css selector","value":"td"}
COMMAND: POST /session/fd4fa187b6d5c7f0700d354917c8944f/element - {"using":"css selector","value":"#j_username"}
COMMAND: POST /session/fd4fa187b6d5c7f0700d354917c8944f/url - {"url":"https://qa-testing-00-live-etm-ui.cfapps.eu10-004.hana.ondemand.com/"}
RESULT: {"url":"https://qa-testing-00-live-etm-ui.cfapps.eu10-004.hana.ondemand.com/"}
RESULT: undefined
COMMAND: GET /session/fd4fa187b6d5c7f0700d354917c8944f/screenshot - {}
RESULT: {"using":"css selector","value":"#j_username"}
COMMAND: POST /session/fd4fa187b6d5c7f0700d354917c8944f/element - {"using":"css selector","value":"#j_username"}
RESULT: {}
RESULT: {"using":"css selector","value":"#j_username"}
COMMAND: POST /session/fd4fa187b6d5c7f0700d354917c8944f/element - {"using":"css selector","value":"#shell-header-logo"}
RESULT: {"using":"css selector","value":"#shell-header-logo"}
COMMAND: POST /session/fd4fa187b6d5c7f0700d354917c8944f/execute/sync - {"script":"<script> [8489 bytes]","args":[{"element-6066-11e4-a52e-4f735466cecf":"f.74186A8BE651698372F974E5DA594C48.d.A47D8C6D91C61D3BBD38687B3C95476B.e.5292","ELEMENT":"f.74186A8BE651698372F974E5DA594C48.d.A47D8C6D91C61D3BBD38687B3C95476B.e.5292"}]}
RESULT: {"script":"<script> [8489 bytes]","args":[{"element-6066-11e4-a52e-4f735466cecf":"f.74186A8BE651698372F974E5DA594C48.d.A47D8C6D91C61D3BBD38687B3C95476B.e.5292","ELEMENT":"f.74186A8BE651698372F974E5DA594C48.d.A47D8C6D91C61D3BBD38687B3C95476B.e.5292"}]}
COMMAND: POST /session/fd4fa187b6d5c7f0700d354917c8944f/element - {"using":"css selector","value":"#shell-header-logo"}
COMMAND: GET /session/fd4fa187b6d5c7f0700d354917c8944f/screenshot - {}
RESULT: {"using":"css selector","value":"#shell-header-logo"}
COMMAND: POST /session/fd4fa187b6d5c7f0700d354917c8944f/execute/sync - {"script":"<script> [8489 bytes]","args":[{"element-6066-11e4-a52e-4f735466cecf":"f.74186A8BE651698372F974E5DA594C48.d.A47D8C6D91C61D3BBD38687B3C95476B.e.5292","ELEMENT":"f.74186A8BE651698372F974E5DA594C48.d.A47D8C6D91C61D3BBD38687B3C95476B.e.5292"}]}
RESULT: {}
RESULT: {"script":"<script> [8489 bytes]","args":[{"element-6066-11e4-a52e-4f735466cecf":"f.74186A8BE651698372F974E5DA594C48.d.A47D8C6D91C61D3BBD38687B3C95476B.e.5292","ELEMENT":"f.74186A8BE651698372F974E5DA594C48.d.A47D8C6D91C61D3BBD38687B3C95476B.e.5292"}]}
COMMAND: POST /session/fd4fa187b6d5c7f0700d354917c8944f/execute/sync - {"script":"<script> [5351 bytes]","args":[{"element-6066-11e4-a52e-4f735466cecf":"f.74186A8BE651698372F974E5DA594C48.d.A47D8C6D91C61D3BBD38687B3C95476B.e.5292","ELEMENT":"f.74186A8BE651698372F974E5DA594C48.d.A47D8C6D91C61D3BBD38687B3C95476B.e.5292"}]}
COMMAND: GET /session/fd4fa187b6d5c7f0700d354917c8944f/screenshot - {}
RESULT: {"script":"<script> [5351 bytes]","args":[{"element-6066-11e4-a52e-4f735466cecf":"f.74186A8BE651698372F974E5DA594C48.d.A47D8C6D91C61D3BBD38687B3C95476B.e.5292","ELEMENT":"f.74186A8BE651698372F974E5DA594C48.d.A47D8C6D91C61D3BBD38687B3C95476B.e.5292"}]}
COMMAND: POST /session/fd4fa187b6d5c7f0700d354917c8944f/element - {"using":"css selector","value":"#shell-header-logo"}
COMMAND: GET /session/fd4fa187b6d5c7f0700d354917c8944f/screenshot - {}
RESULT: {}
RESULT: {"using":"css selector","value":"#shell-header-logo"}
COMMAND: POST /session/fd4fa187b6d5c7f0700d354917c8944f/element/f.74186A8BE651698372F974E5DA594C48.d.A47D8C6D91C61D3BBD38687B3C95476B.e.5292/click - {}
RESULT: {}
RESULT: {}
COMMAND: GET /session/fd4fa187b6d5c7f0700d354917c8944f/screenshot - {}
RESULT: {}
COMMAND: POST /session/fd4fa187b6d5c7f0700d354917c8944f/execute/async - {"script":"<script> [189 bytes]","args":[]}
RESULT: {"script":"<script> [189 bytes]","args":[]}
COMMAND: POST /session/fd4fa187b6d5c7f0700d354917c8944f/execute/async - {"script":"<script> [123 bytes]","args":[]}
RESULT: {"script":"<script> [123 bytes]","args":[]}
COMMAND: POST /session/fd4fa187b6d5c7f0700d354917c8944f/timeouts - {"script":"<number>"}
RESULT: {"script":"<number>"}
COMMAND: GET /session/fd4fa187b6d5c7f0700d354917c8944f/timeouts - {}
RESULT: {}
RESULT: undefined
COMMAND: POST /session/fd4fa187b6d5c7f0700d354917c8944f/execute/async - {"script":"<script> [2676 bytes]","args":[]}
RESULT: {"script":"<script> [2676 bytes]","args":[]}
COMMAND: POST /session/fd4fa187b6d5c7f0700d354917c8944f/execute/async - {"script":"<script> [2342 bytes]","args":[{"protocol":"http","hostname":"0.0.0.0","path":"/","capabilities":{"browserName":"chrome","goog:chromeOptions":{"binary":"C:\\Program Files\\Google\\Chrome\\Application\\chrome.exe","args":["--start-maximized"]}},"logLevel":"warn","connectionRetryTimeout":120000,"connectionRetryCount":3,"logLevels":{},"enableDirectConnect":true,"strictSSL":true,"_":"65 more keys: [\"cacheDir\",\"port\",\"requestedCapabilities\",\"automationProtocol\",\"baseUrl\",\"waitforInterval\",\"waitforTimeout\",\"onReload\",\"beforeCommand\",\"afterCommand\",\"rootDir\",\"specs\",\"suites\",\"exclude\",\"groupLogsByTestSpec\",\"excludeDriverLogs\",\"bail\",\"framework\",\"reporters\",\"services\",\"maxInstances\",\"maxInstancesPerCapability\",\"injectGlobals\",\"filesToWatch\",\"execArgv\",\"runnerEnv\",\"runner\",\"shard\",\"specFileRetries\",\"specFileRetriesDelay\",\"specFileRetriesDeferred\",\"reporterSyncInterval\",\"reporterSyncTimeout\",\"cucumberFeaturesWithLineNumbers\",\"autoCompileOpts\",\"mochaOpts\",\"jasmineOpts\",\"cucumberOpts\",\"onPrepare\",\"onWorkerStart\",\"onWorkerEnd\",\"before\",\"beforeSession\",\"beforeSuite\",\"beforeHook\",\"beforeTest\",\"afterTest\",\"afterHook\",\"afterSuite\",\"afterSession\",\"after\",\"onComplete\",\"beforeAssertion\",\"afterAssertion\",\"beforeFeature\",\"beforeScenario\",\"beforeStep\",\"afterStep\",\"afterScenario\",\"afterFeature\",\"_\",\"suite\",\"$0\",\"ignoredWorkerServices\",\"wdi5\"]"}]}
RESULT: {"script":"<script> [2342 bytes]","args":[{"protocol":"http","hostname":"0.0.0.0","path":"/","capabilities":{"browserName":"chrome","goog:chromeOptions":{"binary":"C:\\Program Files\\Google\\Chrome\\Application\\chrome.exe","args":["--start-maximized"]}},"logLevel":"warn","connectionRetryTimeout":120000,"connectionRetryCount":3,"logLevels":{},"enableDirectConnect":true,"strictSSL":true,"_":"65 more keys: [\"cacheDir\",\"port\",\"requestedCapabilities\",\"automationProtocol\",\"baseUrl\",\"waitforInterval\",\"waitforTimeout\",\"onReload\",\"beforeCommand\",\"afterCommand\",\"rootDir\",\"specs\",\"suites\",\"exclude\",\"groupLogsByTestSpec\",\"excludeDriverLogs\",\"bail\",\"framework\",\"reporters\",\"services\",\"maxInstances\",\"maxInstancesPerCapability\",\"injectGlobals\",\"filesToWatch\",\"execArgv\",\"runnerEnv\",\"runner\",\"shard\",\"specFileRetries\",\"specFileRetriesDelay\",\"specFileRetriesDeferred\",\"reporterSyncInterval\",\"reporterSyncTimeout\",\"cucumberFeaturesWithLineNumbers\",\"autoCompileOpts\",\"mochaOpts\",\"jasmineOpts\",\"cucumberOpts\",\"onPrepare\",\"onWorkerStart\",\"onWorkerEnd\",\"before\",\"beforeSession\",\"beforeSuite\",\"beforeHook\",\"beforeTest\",\"afterTest\",\"afterHook\",\"afterSuite\",\"afterSession\",\"after\",\"onComplete\",\"beforeAssertion\",\"afterAssertion\",\"beforeFeature\",\"beforeScenario\",\"beforeStep\",\"afterStep\",\"afterScenario\",\"afterFeature\",\"_\",\"suite\",\"$0\",\"ignoredWorkerServices\",\"wdi5\"]"}]}
COMMAND: POST /session/fd4fa187b6d5c7f0700d354917c8944f/execute/async - {"script":"<script> [21126 bytes]","args":[35000]}
RESULT: {"script":"<script> [21126 bytes]","args":[35000]}
COMMAND: POST /session/fd4fa187b6d5c7f0700d354917c8944f/window/maximize - {}
RESULT: {}
COMMAND: POST /session/fd4fa187b6d5c7f0700d354917c8944f/execute/async - {"script":"<script> [1562 bytes]","args":[{"selector":{"id":"shell-header","interaction":{"idSuffix":"icon"}},"wdio_ui5_key":"shellheader"}]}
COMMAND: GET /session/fd4fa187b6d5c7f0700d354917c8944f/screenshot - {}
RESULT: {"script":"<script> [1562 bytes]","args":[{"selector":{"id":"shell-header","interaction":{"idSuffix":"icon"}},"wdio_ui5_key":"shellheader"}]}
RESULT: undefined
COMMAND: POST /session/fd4fa187b6d5c7f0700d354917c8944f/refresh - {}
RESULT: {}
RESULT: {}
COMMAND: GET /session/fd4fa187b6d5c7f0700d354917c8944f/screenshot - {}
RESULT: {}
COMMAND: POST /session/fd4fa187b6d5c7f0700d354917c8944f/refresh - {}
RESULT: {}
COMMAND: GET /session/fd4fa187b6d5c7f0700d354917c8944f/screenshot - {}
RESULT: {}
COMMAND: POST /session/fd4fa187b6d5c7f0700d354917c8944f/window/fullscreen - {}
RESULT: {}
COMMAND: POST /session/fd4fa187b6d5c7f0700d354917c8944f/execute/async - {"script":"<script> [189 bytes]","args":[]}
RESULT: {"script":"<script> [189 bytes]","args":[]}
COMMAND: POST /session/fd4fa187b6d5c7f0700d354917c8944f/execute/async - {"script":"<script> [123 bytes]","args":[]}
RESULT: {"script":"<script> [123 bytes]","args":[]}
COMMAND: POST /session/fd4fa187b6d5c7f0700d354917c8944f/timeouts - {"script":"<number>"}
RESULT: {"script":"<number>"}
COMMAND: GET /session/fd4fa187b6d5c7f0700d354917c8944f/timeouts - {}
RESULT: {}
RESULT: undefined
COMMAND: POST /session/fd4fa187b6d5c7f0700d354917c8944f/execute/async - {"script":"<script> [2676 bytes]","args":[]}
RESULT: {"script":"<script> [2676 bytes]","args":[]}
COMMAND: POST /session/fd4fa187b6d5c7f0700d354917c8944f/execute/async - {"script":"<script> [2342 bytes]","args":[{"protocol":"http","hostname":"0.0.0.0","path":"/","capabilities":{"browserName":"chrome","goog:chromeOptions":{"binary":"C:\\Program Files\\Google\\Chrome\\Application\\chrome.exe","args":["--start-maximized"]}},"logLevel":"warn","connectionRetryTimeout":120000,"connectionRetryCount":3,"logLevels":{},"enableDirectConnect":true,"strictSSL":true,"_":"65 more keys: [\"cacheDir\",\"port\",\"requestedCapabilities\",\"automationProtocol\",\"baseUrl\",\"waitforInterval\",\"waitforTimeout\",\"onReload\",\"beforeCommand\",\"afterCommand\",\"rootDir\",\"specs\",\"suites\",\"exclude\",\"groupLogsByTestSpec\",\"excludeDriverLogs\",\"bail\",\"framework\",\"reporters\",\"services\",\"maxInstances\",\"maxInstancesPerCapability\",\"injectGlobals\",\"filesToWatch\",\"execArgv\",\"runnerEnv\",\"runner\",\"shard\",\"specFileRetries\",\"specFileRetriesDelay\",\"specFileRetriesDeferred\",\"reporterSyncInterval\",\"reporterSyncTimeout\",\"cucumberFeaturesWithLineNumbers\",\"autoCompileOpts\",\"mochaOpts\",\"jasmineOpts\",\"cucumberOpts\",\"onPrepare\",\"onWorkerStart\",\"onWorkerEnd\",\"before\",\"beforeSession\",\"beforeSuite\",\"beforeHook\",\"beforeTest\",\"afterTest\",\"afterHook\",\"afterSuite\",\"afterSession\",\"after\",\"onComplete\",\"beforeAssertion\",\"afterAssertion\",\"beforeFeature\",\"beforeScenario\",\"beforeStep\",\"afterStep\",\"afterScenario\",\"afterFeature\",\"_\",\"suite\",\"$0\",\"ignoredWorkerServices\",\"wdi5\"]"}]}
RESULT: {"script":"<script> [2342 bytes]","args":[{"protocol":"http","hostname":"0.0.0.0","path":"/","capabilities":{"browserName":"chrome","goog:chromeOptions":{"binary":"C:\\Program Files\\Google\\Chrome\\Application\\chrome.exe","args":["--start-maximized"]}},"logLevel":"warn","connectionRetryTimeout":120000,"connectionRetryCount":3,"logLevels":{},"enableDirectConnect":true,"strictSSL":true,"_":"65 more keys: [\"cacheDir\",\"port\",\"requestedCapabilities\",\"automationProtocol\",\"baseUrl\",\"waitforInterval\",\"waitforTimeout\",\"onReload\",\"beforeCommand\",\"afterCommand\",\"rootDir\",\"specs\",\"suites\",\"exclude\",\"groupLogsByTestSpec\",\"excludeDriverLogs\",\"bail\",\"framework\",\"reporters\",\"services\",\"maxInstances\",\"maxInstancesPerCapability\",\"injectGlobals\",\"filesToWatch\",\"execArgv\",\"runnerEnv\",\"runner\",\"shard\",\"specFileRetries\",\"specFileRetriesDelay\",\"specFileRetriesDeferred\",\"reporterSyncInterval\",\"reporterSyncTimeout\",\"cucumberFeaturesWithLineNumbers\",\"autoCompileOpts\",\"mochaOpts\",\"jasmineOpts\",\"cucumberOpts\",\"onPrepare\",\"onWorkerStart\",\"onWorkerEnd\",\"before\",\"beforeSession\",\"beforeSuite\",\"beforeHook\",\"beforeTest\",\"afterTest\",\"afterHook\",\"afterSuite\",\"afterSession\",\"after\",\"onComplete\",\"beforeAssertion\",\"afterAssertion\",\"beforeFeature\",\"beforeScenario\",\"beforeStep\",\"afterStep\",\"afterScenario\",\"afterFeature\",\"_\",\"suite\",\"$0\",\"ignoredWorkerServices\",\"wdi5\"]"}]}
COMMAND: POST /session/fd4fa187b6d5c7f0700d354917c8944f/execute/async - {"script":"<script> [21126 bytes]","args":[35000]}
RESULT: {"script":"<script> [21126 bytes]","args":[35000]}
]]></system-out>
    </testcase>
  </testsuite>
  <testsuite timestamp="2025-05-13T17:17:12" time="458.705" tests="9" failures="0" errors="0" skipped="0">
    <properties>
      <property name="specId" value="0" />
      <property name="suiteName" value="US134625 Set up price condition - one time" />
      <property name="capabilities" value="chrome.136_0_7103_49.windows" />
      <property name="file" value="file:///D:/a/1/s/test/specs/BTS/set-up-price-condition-one-time.spec.js" />
    </properties>
    <testcase classname="chrome.136_0_7103_49.windows.US134625_Set_up_price_condition_-_one_time" name="Should create a new yard used for all following tests" time="0.036">
      <system-out><![CDATA[
COMMAND: POST /session/fd4fa187b6d5c7f0700d354917c8944f/window/fullscreen - {}
RESULT: {}
]]></system-out>
    </testcase>
    <testcase classname="chrome.136_0_7103_49.windows.US134625_Set_up_price_condition_-_one_time" name="Should create a new partner" time="0.006" />
    <testcase classname="chrome.136_0_7103_49.windows.US134625_Set_up_price_condition_-_one_time" name="Should create a new site used for following tests" time="0.004" />
    <testcase classname="chrome.136_0_7103_49.windows.US134625_Set_up_price_condition_-_one_time" name="Should create a new material for billing type one time" time="126.369">
      <system-out><![CDATA[
COMMAND: POST /session/fd4fa187b6d5c7f0700d354917c8944f/execute/async - {"script":"<script> [1562 bytes]","args":[{"selector":{"controlType":"sap.m.GenericTile","properties":{"header":"Manage Resources"}},"wdio_ui5_key":"sapm.GenericTile{\"header\":\"Manage Resources\"}"}]}
RESULT: {"script":"<script> [1562 bytes]","args":[{"selector":{"controlType":"sap.m.GenericTile","properties":{"header":"Manage Resources"}},"wdio_ui5_key":"sapm.GenericTile{\"header\":\"Manage Resources\"}"}]}
RESULT: undefined
COMMAND: POST /session/fd4fa187b6d5c7f0700d354917c8944f/element - {"using":"xpath","value":"//*[@id=\"__tile39\"]"}
RESULT: {"using":"xpath","value":"//*[@id=\"__tile39\"]"}
COMMAND: POST /session/fd4fa187b6d5c7f0700d354917c8944f/element/f.74186A8BE651698372F974E5DA594C48.d.2FADA60586B6FC7B3A3D03E3E74AE5FD.e.5440/click - {}
RESULT: {}
COMMAND: POST /session/fd4fa187b6d5c7f0700d354917c8944f/element - {"using":"xpath","value":"//button[@data-kt=\"addNewRUOverflowToolbarButton\"]"}
COMMAND: GET /session/fd4fa187b6d5c7f0700d354917c8944f/screenshot - {}
RESULT: {"using":"xpath","value":"//button[@data-kt=\"addNewRUOverflowToolbarButton\"]"}
COMMAND: POST /session/fd4fa187b6d5c7f0700d354917c8944f/elements - {"using":"xpath","value":"//button[@data-kt=\"addNewRUOverflowToolbarButton\"]"}
RESULT: {}
RESULT: {"using":"xpath","value":"//button[@data-kt=\"addNewRUOverflowToolbarButton\"]"}
COMMAND: POST /session/fd4fa187b6d5c7f0700d354917c8944f/elements - {"using":"xpath","value":"//button[@data-kt=\"addNewRUOverflowToolbarButton\"]"}
RESULT: {"using":"xpath","value":"//button[@data-kt=\"addNewRUOverflowToolbarButton\"]"}
COMMAND: POST /session/fd4fa187b6d5c7f0700d354917c8944f/elements - {"using":"xpath","value":"//button[@data-kt=\"addNewRUOverflowToolbarButton\"]"}
RESULT: {"using":"xpath","value":"//button[@data-kt=\"addNewRUOverflowToolbarButton\"]"}
COMMAND: POST /session/fd4fa187b6d5c7f0700d354917c8944f/elements - {"using":"xpath","value":"//button[@data-kt=\"addNewRUOverflowToolbarButton\"]"}
RESULT: {"using":"xpath","value":"//button[@data-kt=\"addNewRUOverflowToolbarButton\"]"}
COMMAND: POST /session/fd4fa187b6d5c7f0700d354917c8944f/elements - {"using":"xpath","value":"//button[@data-kt=\"addNewRUOverflowToolbarButton\"]"}
RESULT: {"using":"xpath","value":"//button[@data-kt=\"addNewRUOverflowToolbarButton\"]"}
COMMAND: POST /session/fd4fa187b6d5c7f0700d354917c8944f/elements - {"using":"xpath","value":"//button[@data-kt=\"addNewRUOverflowToolbarButton\"]"}
RESULT: {"using":"xpath","value":"//button[@data-kt=\"addNewRUOverflowToolbarButton\"]"}
COMMAND: POST /session/fd4fa187b6d5c7f0700d354917c8944f/elements - {"using":"xpath","value":"//button[@data-kt=\"addNewRUOverflowToolbarButton\"]"}
RESULT: {"using":"xpath","value":"//button[@data-kt=\"addNewRUOverflowToolbarButton\"]"}
COMMAND: POST /session/fd4fa187b6d5c7f0700d354917c8944f/elements - {"using":"xpath","value":"//button[@data-kt=\"addNewRUOverflowToolbarButton\"]"}
RESULT: {"using":"xpath","value":"//button[@data-kt=\"addNewRUOverflowToolbarButton\"]"}
COMMAND: POST /session/fd4fa187b6d5c7f0700d354917c8944f/elements - {"using":"xpath","value":"//button[@data-kt=\"addNewRUOverflowToolbarButton\"]"}
RESULT: {"using":"xpath","value":"//button[@data-kt=\"addNewRUOverflowToolbarButton\"]"}
COMMAND: POST /session/fd4fa187b6d5c7f0700d354917c8944f/elements - {"using":"xpath","value":"//button[@data-kt=\"addNewRUOverflowToolbarButton\"]"}
RESULT: {"using":"xpath","value":"//button[@data-kt=\"addNewRUOverflowToolbarButton\"]"}
COMMAND: POST /session/fd4fa187b6d5c7f0700d354917c8944f/elements - {"using":"xpath","value":"//button[@data-kt=\"addNewRUOverflowToolbarButton\"]"}
RESULT: {"using":"xpath","value":"//button[@data-kt=\"addNewRUOverflowToolbarButton\"]"}
COMMAND: POST /session/fd4fa187b6d5c7f0700d354917c8944f/elements - {"using":"xpath","value":"//button[@data-kt=\"addNewRUOverflowToolbarButton\"]"}
RESULT: {"using":"xpath","value":"//button[@data-kt=\"addNewRUOverflowToolbarButton\"]"}
COMMAND: POST /session/fd4fa187b6d5c7f0700d354917c8944f/elements - {"using":"xpath","value":"//button[@data-kt=\"addNewRUOverflowToolbarButton\"]"}
RESULT: {"using":"xpath","value":"//button[@data-kt=\"addNewRUOverflowToolbarButton\"]"}
COMMAND: POST /session/fd4fa187b6d5c7f0700d354917c8944f/elements - {"using":"xpath","value":"//button[@data-kt=\"addNewRUOverflowToolbarButton\"]"}
RESULT: {"using":"xpath","value":"//button[@data-kt=\"addNewRUOverflowToolbarButton\"]"}
COMMAND: POST /session/fd4fa187b6d5c7f0700d354917c8944f/elements - {"using":"xpath","value":"//button[@data-kt=\"addNewRUOverflowToolbarButton\"]"}
RESULT: {"using":"xpath","value":"//button[@data-kt=\"addNewRUOverflowToolbarButton\"]"}
COMMAND: POST /session/fd4fa187b6d5c7f0700d354917c8944f/elements - {"using":"xpath","value":"//button[@data-kt=\"addNewRUOverflowToolbarButton\"]"}
RESULT: {"using":"xpath","value":"//button[@data-kt=\"addNewRUOverflowToolbarButton\"]"}
COMMAND: POST /session/fd4fa187b6d5c7f0700d354917c8944f/elements - {"using":"xpath","value":"//button[@data-kt=\"addNewRUOverflowToolbarButton\"]"}
RESULT: {"using":"xpath","value":"//button[@data-kt=\"addNewRUOverflowToolbarButton\"]"}
COMMAND: POST /session/fd4fa187b6d5c7f0700d354917c8944f/elements - {"using":"xpath","value":"//button[@data-kt=\"addNewRUOverflowToolbarButton\"]"}
RESULT: {"using":"xpath","value":"//button[@data-kt=\"addNewRUOverflowToolbarButton\"]"}
COMMAND: POST /session/fd4fa187b6d5c7f0700d354917c8944f/elements - {"using":"xpath","value":"//button[@data-kt=\"addNewRUOverflowToolbarButton\"]"}
RESULT: {"using":"xpath","value":"//button[@data-kt=\"addNewRUOverflowToolbarButton\"]"}
COMMAND: POST /session/fd4fa187b6d5c7f0700d354917c8944f/elements - {"using":"xpath","value":"//button[@data-kt=\"addNewRUOverflowToolbarButton\"]"}
RESULT: {"using":"xpath","value":"//button[@data-kt=\"addNewRUOverflowToolbarButton\"]"}
COMMAND: POST /session/fd4fa187b6d5c7f0700d354917c8944f/elements - {"using":"xpath","value":"//button[@data-kt=\"addNewRUOverflowToolbarButton\"]"}
RESULT: {"using":"xpath","value":"//button[@data-kt=\"addNewRUOverflowToolbarButton\"]"}
COMMAND: POST /session/fd4fa187b6d5c7f0700d354917c8944f/elements - {"using":"xpath","value":"//button[@data-kt=\"addNewRUOverflowToolbarButton\"]"}
RESULT: {"using":"xpath","value":"//button[@data-kt=\"addNewRUOverflowToolbarButton\"]"}
COMMAND: POST /session/fd4fa187b6d5c7f0700d354917c8944f/elements - {"using":"xpath","value":"//button[@data-kt=\"addNewRUOverflowToolbarButton\"]"}
RESULT: {"using":"xpath","value":"//button[@data-kt=\"addNewRUOverflowToolbarButton\"]"}
COMMAND: POST /session/fd4fa187b6d5c7f0700d354917c8944f/elements - {"using":"xpath","value":"//button[@data-kt=\"addNewRUOverflowToolbarButton\"]"}
RESULT: {"using":"xpath","value":"//button[@data-kt=\"addNewRUOverflowToolbarButton\"]"}
COMMAND: POST /session/fd4fa187b6d5c7f0700d354917c8944f/elements - {"using":"xpath","value":"//button[@data-kt=\"addNewRUOverflowToolbarButton\"]"}
RESULT: {"using":"xpath","value":"//button[@data-kt=\"addNewRUOverflowToolbarButton\"]"}
COMMAND: POST /session/fd4fa187b6d5c7f0700d354917c8944f/elements - {"using":"xpath","value":"//button[@data-kt=\"addNewRUOverflowToolbarButton\"]"}
RESULT: {"using":"xpath","value":"//button[@data-kt=\"addNewRUOverflowToolbarButton\"]"}
COMMAND: POST /session/fd4fa187b6d5c7f0700d354917c8944f/elements - {"using":"xpath","value":"//button[@data-kt=\"addNewRUOverflowToolbarButton\"]"}
RESULT: {"using":"xpath","value":"//button[@data-kt=\"addNewRUOverflowToolbarButton\"]"}
COMMAND: POST /session/fd4fa187b6d5c7f0700d354917c8944f/elements - {"using":"xpath","value":"//button[@data-kt=\"addNewRUOverflowToolbarButton\"]"}
RESULT: {"using":"xpath","value":"//button[@data-kt=\"addNewRUOverflowToolbarButton\"]"}
COMMAND: POST /session/fd4fa187b6d5c7f0700d354917c8944f/elements - {"using":"xpath","value":"//button[@data-kt=\"addNewRUOverflowToolbarButton\"]"}
RESULT: {"using":"xpath","value":"//button[@data-kt=\"addNewRUOverflowToolbarButton\"]"}
COMMAND: POST /session/fd4fa187b6d5c7f0700d354917c8944f/elements - {"using":"xpath","value":"//button[@data-kt=\"addNewRUOverflowToolbarButton\"]"}
RESULT: {"using":"xpath","value":"//button[@data-kt=\"addNewRUOverflowToolbarButton\"]"}
COMMAND: POST /session/fd4fa187b6d5c7f0700d354917c8944f/elements - {"using":"xpath","value":"//button[@data-kt=\"addNewRUOverflowToolbarButton\"]"}
RESULT: {"using":"xpath","value":"//button[@data-kt=\"addNewRUOverflowToolbarButton\"]"}
COMMAND: POST /session/fd4fa187b6d5c7f0700d354917c8944f/elements - {"using":"xpath","value":"//button[@data-kt=\"addNewRUOverflowToolbarButton\"]"}
RESULT: {"using":"xpath","value":"//button[@data-kt=\"addNewRUOverflowToolbarButton\"]"}
COMMAND: POST /session/fd4fa187b6d5c7f0700d354917c8944f/elements - {"using":"xpath","value":"//button[@data-kt=\"addNewRUOverflowToolbarButton\"]"}
RESULT: {"using":"xpath","value":"//button[@data-kt=\"addNewRUOverflowToolbarButton\"]"}
COMMAND: POST /session/fd4fa187b6d5c7f0700d354917c8944f/elements - {"using":"xpath","value":"//button[@data-kt=\"addNewRUOverflowToolbarButton\"]"}
RESULT: {"using":"xpath","value":"//button[@data-kt=\"addNewRUOverflowToolbarButton\"]"}
COMMAND: POST /session/fd4fa187b6d5c7f0700d354917c8944f/elements - {"using":"xpath","value":"//button[@data-kt=\"addNewRUOverflowToolbarButton\"]"}
RESULT: {"using":"xpath","value":"//button[@data-kt=\"addNewRUOverflowToolbarButton\"]"}
COMMAND: POST /session/fd4fa187b6d5c7f0700d354917c8944f/elements - {"using":"xpath","value":"//button[@data-kt=\"addNewRUOverflowToolbarButton\"]"}
RESULT: {"using":"xpath","value":"//button[@data-kt=\"addNewRUOverflowToolbarButton\"]"}
COMMAND: POST /session/fd4fa187b6d5c7f0700d354917c8944f/elements - {"using":"xpath","value":"//button[@data-kt=\"addNewRUOverflowToolbarButton\"]"}
RESULT: {"using":"xpath","value":"//button[@data-kt=\"addNewRUOverflowToolbarButton\"]"}
COMMAND: POST /session/fd4fa187b6d5c7f0700d354917c8944f/elements - {"using":"xpath","value":"//button[@data-kt=\"addNewRUOverflowToolbarButton\"]"}
RESULT: {"using":"xpath","value":"//button[@data-kt=\"addNewRUOverflowToolbarButton\"]"}
COMMAND: POST /session/fd4fa187b6d5c7f0700d354917c8944f/elements - {"using":"xpath","value":"//button[@data-kt=\"addNewRUOverflowToolbarButton\"]"}
RESULT: {"using":"xpath","value":"//button[@data-kt=\"addNewRUOverflowToolbarButton\"]"}
COMMAND: POST /session/fd4fa187b6d5c7f0700d354917c8944f/elements - {"using":"xpath","value":"//button[@data-kt=\"addNewRUOverflowToolbarButton\"]"}
RESULT: {"using":"xpath","value":"//button[@data-kt=\"addNewRUOverflowToolbarButton\"]"}
COMMAND: POST /session/fd4fa187b6d5c7f0700d354917c8944f/element - {"using":"xpath","value":"//button[@data-kt=\"addNewRUOverflowToolbarButton\"]"}
RESULT: {"using":"xpath","value":"//button[@data-kt=\"addNewRUOverflowToolbarButton\"]"}
COMMAND: POST /session/fd4fa187b6d5c7f0700d354917c8944f/execute/sync - {"script":"<script> [8489 bytes]","args":[{"element-6066-11e4-a52e-4f735466cecf":"f.74186A8BE651698372F974E5DA594C48.d.2FADA60586B6FC7B3A3D03E3E74AE5FD.e.5591","ELEMENT":"f.74186A8BE651698372F974E5DA594C48.d.2FADA60586B6FC7B3A3D03E3E74AE5FD.e.5591"}]}
RESULT: {"script":"<script> [8489 bytes]","args":[{"element-6066-11e4-a52e-4f735466cecf":"f.74186A8BE651698372F974E5DA594C48.d.2FADA60586B6FC7B3A3D03E3E74AE5FD.e.5591","ELEMENT":"f.74186A8BE651698372F974E5DA594C48.d.2FADA60586B6FC7B3A3D03E3E74AE5FD.e.5591"}]}
COMMAND: GET /session/fd4fa187b6d5c7f0700d354917c8944f/element/f.74186A8BE651698372F974E5DA594C48.d.2FADA60586B6FC7B3A3D03E3E74AE5FD.e.5591/enabled - {}
COMMAND: GET /session/fd4fa187b6d5c7f0700d354917c8944f/screenshot - {}
RESULT: {}
COMMAND: POST /session/fd4fa187b6d5c7f0700d354917c8944f/execute/sync - {"script":"<script> [8489 bytes]","args":[{"element-6066-11e4-a52e-4f735466cecf":"f.74186A8BE651698372F974E5DA594C48.d.2FADA60586B6FC7B3A3D03E3E74AE5FD.e.5591","ELEMENT":"f.74186A8BE651698372F974E5DA594C48.d.2FADA60586B6FC7B3A3D03E3E74AE5FD.e.5591"}]}
COMMAND: GET /session/fd4fa187b6d5c7f0700d354917c8944f/screenshot - {}
RESULT: {}
RESULT: {"script":"<script> [8489 bytes]","args":[{"element-6066-11e4-a52e-4f735466cecf":"f.74186A8BE651698372F974E5DA594C48.d.2FADA60586B6FC7B3A3D03E3E74AE5FD.e.5591","ELEMENT":"f.74186A8BE651698372F974E5DA594C48.d.2FADA60586B6FC7B3A3D03E3E74AE5FD.e.5591"}]}
COMMAND: POST /session/fd4fa187b6d5c7f0700d354917c8944f/execute/sync - {"script":"<script> [5351 bytes]","args":[{"element-6066-11e4-a52e-4f735466cecf":"f.74186A8BE651698372F974E5DA594C48.d.2FADA60586B6FC7B3A3D03E3E74AE5FD.e.5591","ELEMENT":"f.74186A8BE651698372F974E5DA594C48.d.2FADA60586B6FC7B3A3D03E3E74AE5FD.e.5591"}]}
RESULT: {}
COMMAND: GET /session/fd4fa187b6d5c7f0700d354917c8944f/screenshot - {}
RESULT: {"script":"<script> [5351 bytes]","args":[{"element-6066-11e4-a52e-4f735466cecf":"f.74186A8BE651698372F974E5DA594C48.d.2FADA60586B6FC7B3A3D03E3E74AE5FD.e.5591","ELEMENT":"f.74186A8BE651698372F974E5DA594C48.d.2FADA60586B6FC7B3A3D03E3E74AE5FD.e.5591"}]}
COMMAND: POST /session/fd4fa187b6d5c7f0700d354917c8944f/element/f.74186A8BE651698372F974E5DA594C48.d.2FADA60586B6FC7B3A3D03E3E74AE5FD.e.5591/click - {}
COMMAND: GET /session/fd4fa187b6d5c7f0700d354917c8944f/screenshot - {}
RESULT: {}
RESULT: {}
COMMAND: GET /session/fd4fa187b6d5c7f0700d354917c8944f/screenshot - {}
COMMAND: POST /session/fd4fa187b6d5c7f0700d354917c8944f/execute/async - {"script":"<script> [1562 bytes]","args":[{"selector":{"id":"application-manageresources-display-component---newResourceUnit--TYPE-arrow"},"wdio_ui5_key":"applicationmanageresources-display-component---newResourceUnit--TYPE-arrow"}]}
RESULT: {}
RESULT: {}
RESULT: {"script":"<script> [1562 bytes]","args":[{"selector":{"id":"application-manageresources-display-component---newResourceUnit--TYPE-arrow"},"wdio_ui5_key":"applicationmanageresources-display-component---newResourceUnit--TYPE-arrow"}]}
RESULT: undefined
COMMAND: POST /session/fd4fa187b6d5c7f0700d354917c8944f/element - {"using":"xpath","value":"//*[@id=\"application-manageresources-display-component---newResourceUnit--TYPE-arrow\"]"}
RESULT: {"using":"xpath","value":"//*[@id=\"application-manageresources-display-component---newResourceUnit--TYPE-arrow\"]"}
COMMAND: POST /session/fd4fa187b6d5c7f0700d354917c8944f/element/f.74186A8BE651698372F974E5DA594C48.d.2FADA60586B6FC7B3A3D03E3E74AE5FD.e.5936/click - {}
RESULT: {}
COMMAND: POST /session/fd4fa187b6d5c7f0700d354917c8944f/element - {"using":"xpath","value":"//input[@id=\"application-manageresources-display-component---newResourceUnit--TYPE-inner\"]"}
COMMAND: GET /session/fd4fa187b6d5c7f0700d354917c8944f/screenshot - {}
RESULT: {"using":"xpath","value":"//input[@id=\"application-manageresources-display-component---newResourceUnit--TYPE-inner\"]"}
COMMAND: POST /session/fd4fa187b6d5c7f0700d354917c8944f/element/f.74186A8BE651698372F974E5DA594C48.d.2FADA60586B6FC7B3A3D03E3E74AE5FD.e.5933/clear - {}
RESULT: {}
RESULT: {}
COMMAND: POST /session/fd4fa187b6d5c7f0700d354917c8944f/element/f.74186A8BE651698372F974E5DA594C48.d.2FADA60586B6FC7B3A3D03E3E74AE5FD.e.5933/value - {"text":"Material"}
COMMAND: GET /session/fd4fa187b6d5c7f0700d354917c8944f/screenshot - {}
RESULT: {"text":"Material"}
COMMAND: GET /session/fd4fa187b6d5c7f0700d354917c8944f/screenshot - {}
RESULT: {}
RESULT: {}
COMMAND: POST /session/fd4fa187b6d5c7f0700d354917c8944f/actions - {"actions":[{"id":"action19","type":"key","parameters":{},"actions":[{"type":"keyDown","value":"î€‡"},{"type":"pause","duration":10},{"type":"keyUp","value":"î€‡"}]}]}
RESULT: {"actions":[{"id":"action19","type":"key","parameters":{},"actions":[{"type":"keyDown","value":"î€‡"},{"type":"pause","duration":10},{"type":"keyUp","value":"î€‡"}]}]}
COMMAND: POST /session/fd4fa187b6d5c7f0700d354917c8944f/execute/async - {"script":"<script> [1562 bytes]","args":[{"selector":{"id":"application-manageresources-display-component---newResourceUnit--SHORT_TEXT","interaction":{"idSuffix":"inner"}},"wdio_ui5_key":"applicationmanageresources-display-component---newResourceUnit--SHORT_TEXT"}]}
COMMAND: GET /session/fd4fa187b6d5c7f0700d354917c8944f/screenshot - {}
RESULT: {"script":"<script> [1562 bytes]","args":[{"selector":{"id":"application-manageresources-display-component---newResourceUnit--SHORT_TEXT","interaction":{"idSuffix":"inner"}},"wdio_ui5_key":"applicationmanageresources-display-component---newResourceUnit--SHORT_TEXT"}]}
RESULT: undefined
COMMAND: POST /session/fd4fa187b6d5c7f0700d354917c8944f/execute/async - {"script":"<script> [776 bytes]","args":[{"enterText":"Cement WDIO","selector":{"id":"application-manageresources-display-component---newResourceUnit--SHORT_TEXT","interaction":{"idSuffix":"inner"}},"clearTextFirst":true,"interactionType":"ENTER_TEXT"}]}
RESULT: {}
RESULT: {"script":"<script> [776 bytes]","args":[{"enterText":"Cement WDIO","selector":{"id":"application-manageresources-display-component---newResourceUnit--SHORT_TEXT","interaction":{"idSuffix":"inner"}},"clearTextFirst":true,"interactionType":"ENTER_TEXT"}]}
COMMAND: POST /session/fd4fa187b6d5c7f0700d354917c8944f/execute/async - {"script":"<script> [1562 bytes]","args":[{"selector":{"id":"application-manageresources-display-component---newResourceUnit--BASE_UNIT_OF_MEASURE","interaction":{"idSuffix":"inner"}},"wdio_ui5_key":"applicationmanageresources-display-component---newResourceUnit--BASE_UNIT_OF_MEASURE"}]}
RESULT: {"script":"<script> [1562 bytes]","args":[{"selector":{"id":"application-manageresources-display-component---newResourceUnit--BASE_UNIT_OF_MEASURE","interaction":{"idSuffix":"inner"}},"wdio_ui5_key":"applicationmanageresources-display-component---newResourceUnit--BASE_UNIT_OF_MEASURE"}]}
RESULT: undefined
COMMAND: POST /session/fd4fa187b6d5c7f0700d354917c8944f/execute/async - {"script":"<script> [776 bytes]","args":[{"enterText":"Piece","selector":{"id":"application-manageresources-display-component---newResourceUnit--BASE_UNIT_OF_MEASURE","interaction":{"idSuffix":"inner"}},"clearTextFirst":true,"interactionType":"ENTER_TEXT"}]}
RESULT: {"script":"<script> [776 bytes]","args":[{"enterText":"Piece","selector":{"id":"application-manageresources-display-component---newResourceUnit--BASE_UNIT_OF_MEASURE","interaction":{"idSuffix":"inner"}},"clearTextFirst":true,"interactionType":"ENTER_TEXT"}]}
COMMAND: POST /session/fd4fa187b6d5c7f0700d354917c8944f/execute/async - {"script":"<script> [1562 bytes]","args":[{"selector":{"id":"application-manageresources-display-component---newResourceUnit--WEIGHT_UNIT","interaction":{"idSuffix":"inner"}},"wdio_ui5_key":"applicationmanageresources-display-component---newResourceUnit--WEIGHT_UNIT"}]}
RESULT: {"script":"<script> [1562 bytes]","args":[{"selector":{"id":"application-manageresources-display-component---newResourceUnit--WEIGHT_UNIT","interaction":{"idSuffix":"inner"}},"wdio_ui5_key":"applicationmanageresources-display-component---newResourceUnit--WEIGHT_UNIT"}]}
RESULT: undefined
COMMAND: POST /session/fd4fa187b6d5c7f0700d354917c8944f/execute/async - {"script":"<script> [776 bytes]","args":[{"enterText":"Gram","selector":{"id":"application-manageresources-display-component---newResourceUnit--WEIGHT_UNIT","interaction":{"idSuffix":"inner"}},"clearTextFirst":true,"interactionType":"ENTER_TEXT"}]}
RESULT: {"script":"<script> [776 bytes]","args":[{"enterText":"Gram","selector":{"id":"application-manageresources-display-component---newResourceUnit--WEIGHT_UNIT","interaction":{"idSuffix":"inner"}},"clearTextFirst":true,"interactionType":"ENTER_TEXT"}]}
COMMAND: POST /session/fd4fa187b6d5c7f0700d354917c8944f/execute/async - {"script":"<script> [1562 bytes]","args":[{"selector":{"id":"application-manageresources-display-component---newResourceUnit--DIMENSION_UNIT","interaction":{"idSuffix":"inner"}},"wdio_ui5_key":"applicationmanageresources-display-component---newResourceUnit--DIMENSION_UNIT"}]}
RESULT: {"script":"<script> [1562 bytes]","args":[{"selector":{"id":"application-manageresources-display-component---newResourceUnit--DIMENSION_UNIT","interaction":{"idSuffix":"inner"}},"wdio_ui5_key":"applicationmanageresources-display-component---newResourceUnit--DIMENSION_UNIT"}]}
RESULT: undefined
COMMAND: POST /session/fd4fa187b6d5c7f0700d354917c8944f/execute/async - {"script":"<script> [776 bytes]","args":[{"enterText":"Meter","selector":{"id":"application-manageresources-display-component---newResourceUnit--DIMENSION_UNIT","interaction":{"idSuffix":"inner"}},"clearTextFirst":true,"interactionType":"ENTER_TEXT"}]}
RESULT: {"script":"<script> [776 bytes]","args":[{"enterText":"Meter","selector":{"id":"application-manageresources-display-component---newResourceUnit--DIMENSION_UNIT","interaction":{"idSuffix":"inner"}},"clearTextFirst":true,"interactionType":"ENTER_TEXT"}]}
COMMAND: POST /session/fd4fa187b6d5c7f0700d354917c8944f/execute/async - {"script":"<script> [1562 bytes]","args":[{"selector":{"id":"application-manageresources-display-component---newResourceUnit--newRRUPage-anchBar-application-manageresources-display-component---newResourceUnit--control-anchor","interaction":{"idSuffix":"BDI-content"}},"wdio_ui5_key":"applicationmanageresources-display-component---newResourceUnit--newRRUPage-anchBar-application-manageresources-display-component---newResourceUnit--control-anchor"}]}
RESULT: {"script":"<script> [1562 bytes]","args":[{"selector":{"id":"application-manageresources-display-component---newResourceUnit--newRRUPage-anchBar-application-manageresources-display-component---newResourceUnit--control-anchor","interaction":{"idSuffix":"BDI-content"}},"wdio_ui5_key":"applicationmanageresources-display-component---newResourceUnit--newRRUPage-anchBar-application-manageresources-display-component---newResourceUnit--control-anchor"}]}
RESULT: undefined
COMMAND: POST /session/fd4fa187b6d5c7f0700d354917c8944f/element - {"using":"xpath","value":"//*[@id=\"application-manageresources-display-component---newResourceUnit--newRRUPage-anchBar-application-manageresources-display-component---newResourceUnit--control-anchor\"]"}
RESULT: {"using":"xpath","value":"//*[@id=\"application-manageresources-display-component---newResourceUnit--newRRUPage-anchBar-application-manageresources-display-component---newResourceUnit--control-anchor\"]"}
COMMAND: POST /session/fd4fa187b6d5c7f0700d354917c8944f/element/f.74186A8BE651698372F974E5DA594C48.d.2FADA60586B6FC7B3A3D03E3E74AE5FD.e.6002/click - {}
RESULT: {}
COMMAND: POST /session/fd4fa187b6d5c7f0700d354917c8944f/execute/async - {"script":"<script> [1562 bytes]","args":[{"selector":{"id":"application-manageresources-display-component---newResourceUnit--PLANNING_GROUP","interaction":{"idSuffix":"inner"}},"wdio_ui5_key":"applicationmanageresources-display-component---newResourceUnit--PLANNING_GROUP"}]}
COMMAND: GET /session/fd4fa187b6d5c7f0700d354917c8944f/screenshot - {}
RESULT: {"script":"<script> [1562 bytes]","args":[{"selector":{"id":"application-manageresources-display-component---newResourceUnit--PLANNING_GROUP","interaction":{"idSuffix":"inner"}},"wdio_ui5_key":"applicationmanageresources-display-component---newResourceUnit--PLANNING_GROUP"}]}
RESULT: undefined
COMMAND: POST /session/fd4fa187b6d5c7f0700d354917c8944f/execute/async - {"script":"<script> [776 bytes]","args":[{"enterText":"Material","selector":{"id":"application-manageresources-display-component---newResourceUnit--PLANNING_GROUP","interaction":{"idSuffix":"inner"}},"clearTextFirst":true,"interactionType":"ENTER_TEXT"}]}
RESULT: {}
RESULT: {"script":"<script> [776 bytes]","args":[{"enterText":"Material","selector":{"id":"application-manageresources-display-component---newResourceUnit--PLANNING_GROUP","interaction":{"idSuffix":"inner"}},"clearTextFirst":true,"interactionType":"ENTER_TEXT"}]}
COMMAND: POST /session/fd4fa187b6d5c7f0700d354917c8944f/execute/async - {"script":"<script> [1562 bytes]","args":[{"selector":{"id":"application-manageresources-display-component---newResourceUnit--PLANNING_INDICATOR","interaction":{"idSuffix":"inner"}},"wdio_ui5_key":"applicationmanageresources-display-component---newResourceUnit--PLANNING_INDICATOR"}]}
RESULT: {"script":"<script> [1562 bytes]","args":[{"selector":{"id":"application-manageresources-display-component---newResourceUnit--PLANNING_INDICATOR","interaction":{"idSuffix":"inner"}},"wdio_ui5_key":"applicationmanageresources-display-component---newResourceUnit--PLANNING_INDICATOR"}]}
RESULT: undefined
COMMAND: POST /session/fd4fa187b6d5c7f0700d354917c8944f/execute/async - {"script":"<script> [776 bytes]","args":[{"enterText":"10 - infinite","selector":{"id":"application-manageresources-display-component---newResourceUnit--PLANNING_INDICATOR","interaction":{"idSuffix":"inner"}},"clearTextFirst":true,"interactionType":"ENTER_TEXT"}]}
RESULT: {"script":"<script> [776 bytes]","args":[{"enterText":"10 - infinite","selector":{"id":"application-manageresources-display-component---newResourceUnit--PLANNING_INDICATOR","interaction":{"idSuffix":"inner"}},"clearTextFirst":true,"interactionType":"ENTER_TEXT"}]}
COMMAND: POST /session/fd4fa187b6d5c7f0700d354917c8944f/element - {"using":"css selector","value":"#application-manageresources-display-component---newResourceUnit--btnAddTimeSegment"}
RESULT: {"using":"css selector","value":"#application-manageresources-display-component---newResourceUnit--btnAddTimeSegment"}
COMMAND: GET /session/fd4fa187b6d5c7f0700d354917c8944f/element/f.74186A8BE651698372F974E5DA594C48.d.2FADA60586B6FC7B3A3D03E3E74AE5FD.e.6012/rect - {}
RESULT: {}
COMMAND: GET /session/fd4fa187b6d5c7f0700d354917c8944f/window/rect - {}
RESULT: {}
COMMAND: POST /session/fd4fa187b6d5c7f0700d354917c8944f/execute/sync - {"script":"<script> [92 bytes]","args":[]}
RESULT: {"script":"<script> [92 bytes]","args":[]}
COMMAND: POST /session/fd4fa187b6d5c7f0700d354917c8944f/actions - {"actions":[{"id":"action20","type":"wheel","parameters":{},"actions":[{"type":"scroll","x":-1888,"y":-32,"deltaX":0,"deltaY":0,"duration":0,"origin":{"element-6066-11e4-a52e-4f735466cecf":"f.74186A8BE651698372F974E5DA594C48.d.2FADA60586B6FC7B3A3D03E3E74AE5FD.e.6012"}}]}]}
COMMAND: GET /session/fd4fa187b6d5c7f0700d354917c8944f/screenshot - {}
RESULT: {}
COMMAND: POST /session/fd4fa187b6d5c7f0700d354917c8944f/execute/sync - {"script":"<script> [79 bytes]","args":[{"element-6066-11e4-a52e-4f735466cecf":"f.74186A8BE651698372F974E5DA594C48.d.2FADA60586B6FC7B3A3D03E3E74AE5FD.e.6012","ELEMENT":"f.74186A8BE651698372F974E5DA594C48.d.2FADA60586B6FC7B3A3D03E3E74AE5FD.e.6012"},{"block":"start","inline":"nearest"}]}
RESULT: {"script":"<script> [79 bytes]","args":[{"element-6066-11e4-a52e-4f735466cecf":"f.74186A8BE651698372F974E5DA594C48.d.2FADA60586B6FC7B3A3D03E3E74AE5FD.e.6012","ELEMENT":"f.74186A8BE651698372F974E5DA594C48.d.2FADA60586B6FC7B3A3D03E3E74AE5FD.e.6012"},{"block":"start","inline":"nearest"}]}
COMMAND: POST /session/fd4fa187b6d5c7f0700d354917c8944f/execute/async - {"script":"<script> [1562 bytes]","args":[{"selector":{"id":"application-manageresources-display-component---newResourceUnit--btnAddTimeSegment","interaction":{"idSuffix":"inner"}},"wdio_ui5_key":"applicationmanageresources-display-component---newResourceUnit--btnAddTimeSegment"}]}
COMMAND: GET /session/fd4fa187b6d5c7f0700d354917c8944f/screenshot - {}
RESULT: {"script":"<script> [1562 bytes]","args":[{"selector":{"id":"application-manageresources-display-component---newResourceUnit--btnAddTimeSegment","interaction":{"idSuffix":"inner"}},"wdio_ui5_key":"applicationmanageresources-display-component---newResourceUnit--btnAddTimeSegment"}]}
RESULT: undefined
COMMAND: POST /session/fd4fa187b6d5c7f0700d354917c8944f/element - {"using":"xpath","value":"//*[@id=\"application-manageresources-display-component---newResourceUnit--btnAddTimeSegment\"]"}
RESULT: {}
RESULT: {"using":"xpath","value":"//*[@id=\"application-manageresources-display-component---newResourceUnit--btnAddTimeSegment\"]"}
COMMAND: POST /session/fd4fa187b6d5c7f0700d354917c8944f/element/f.74186A8BE651698372F974E5DA594C48.d.2FADA60586B6FC7B3A3D03E3E74AE5FD.e.6012/click - {}
RESULT: {}
COMMAND: GET /session/fd4fa187b6d5c7f0700d354917c8944f/screenshot - {}
RESULT: {}
COMMAND: POST /session/fd4fa187b6d5c7f0700d354917c8944f/element - {"using":"xpath","value":"//input[@id=\"application-manageresources-display-component---newResourceUnit--idRuTSAdmin-application-manageresources-display-component---newResourceUnit--RUTimeSegment-0-inner\"]"}
RESULT: {"using":"xpath","value":"//input[@id=\"application-manageresources-display-component---newResourceUnit--idRuTSAdmin-application-manageresources-display-component---newResourceUnit--RUTimeSegment-0-inner\"]"}
COMMAND: POST /session/fd4fa187b6d5c7f0700d354917c8944f/element/f.74186A8BE651698372F974E5DA594C48.d.2FADA60586B6FC7B3A3D03E3E74AE5FD.e.6017/clear - {}
RESULT: {}
COMMAND: POST /session/fd4fa187b6d5c7f0700d354917c8944f/element/f.74186A8BE651698372F974E5DA594C48.d.2FADA60586B6FC7B3A3D03E3E74AE5FD.e.6017/value - {"text":"270"}
COMMAND: GET /session/fd4fa187b6d5c7f0700d354917c8944f/screenshot - {}
RESULT: {"text":"270"}
COMMAND: GET /session/fd4fa187b6d5c7f0700d354917c8944f/screenshot - {}
RESULT: {}
RESULT: {}
COMMAND: POST /session/fd4fa187b6d5c7f0700d354917c8944f/element - {"using":"xpath","value":"//li[.//span[text()='270']]"}
RESULT: {"using":"xpath","value":"//li[.//span[text()='270']]"}
COMMAND: POST /session/fd4fa187b6d5c7f0700d354917c8944f/element/f.74186A8BE651698372F974E5DA594C48.d.2FADA60586B6FC7B3A3D03E3E74AE5FD.e.6026/click - {}
RESULT: {}
COMMAND: GET /session/fd4fa187b6d5c7f0700d354917c8944f/screenshot - {}
RESULT: {}
COMMAND: POST /session/fd4fa187b6d5c7f0700d354917c8944f/element - {"using":"xpath","value":"(//span[contains(@id, \"-application-manageresources-display-component---newResourceUnit--RUTimeSegment-0-arrow\")])[2]"}
RESULT: {"using":"xpath","value":"(//span[contains(@id, \"-application-manageresources-display-component---newResourceUnit--RUTimeSegment-0-arrow\")])[2]"}
COMMAND: POST /session/fd4fa187b6d5c7f0700d354917c8944f/element/f.74186A8BE651698372F974E5DA594C48.d.2FADA60586B6FC7B3A3D03E3E74AE5FD.e.6027/click - {}
RESULT: {}
COMMAND: POST /session/fd4fa187b6d5c7f0700d354917c8944f/element - {"using":"xpath","value":"//span[contains(text(), \"PM Order\")]"}
COMMAND: GET /session/fd4fa187b6d5c7f0700d354917c8944f/screenshot - {}
RESULT: {"using":"xpath","value":"//span[contains(text(), \"PM Order\")]"}
COMMAND: POST /session/fd4fa187b6d5c7f0700d354917c8944f/element/f.74186A8BE651698372F974E5DA594C48.d.2FADA60586B6FC7B3A3D03E3E74AE5FD.e.6028/click - {}
RESULT: {}
RESULT: {}
COMMAND: GET /session/fd4fa187b6d5c7f0700d354917c8944f/screenshot - {}
RESULT: {}
COMMAND: POST /session/fd4fa187b6d5c7f0700d354917c8944f/element - {"using":"xpath","value":"//td/div/div/div/span[contains(@id, \"newResourceUnit--RUTimeSegment-0-vhi\")][1]"}
RESULT: {"using":"xpath","value":"//td/div/div/div/span[contains(@id, \"newResourceUnit--RUTimeSegment-0-vhi\")][1]"}
COMMAND: GET /session/fd4fa187b6d5c7f0700d354917c8944f/element/f.74186A8BE651698372F974E5DA594C48.d.2FADA60586B6FC7B3A3D03E3E74AE5FD.e.6032/rect - {}
RESULT: {}
COMMAND: GET /session/fd4fa187b6d5c7f0700d354917c8944f/window/rect - {}
RESULT: {}
COMMAND: POST /session/fd4fa187b6d5c7f0700d354917c8944f/execute/sync - {"script":"<script> [92 bytes]","args":[]}
RESULT: {"script":"<script> [92 bytes]","args":[]}
COMMAND: POST /session/fd4fa187b6d5c7f0700d354917c8944f/actions - {"actions":[{"id":"action21","type":"wheel","parameters":{},"actions":[{"type":"scroll","x":-1888,"y":-24,"deltaX":0,"deltaY":0,"duration":0,"origin":{"element-6066-11e4-a52e-4f735466cecf":"f.74186A8BE651698372F974E5DA594C48.d.2FADA60586B6FC7B3A3D03E3E74AE5FD.e.6032"}}]}]}
COMMAND: GET /session/fd4fa187b6d5c7f0700d354917c8944f/screenshot - {}
RESULT: {}
COMMAND: POST /session/fd4fa187b6d5c7f0700d354917c8944f/execute/sync - {"script":"<script> [79 bytes]","args":[{"element-6066-11e4-a52e-4f735466cecf":"f.74186A8BE651698372F974E5DA594C48.d.2FADA60586B6FC7B3A3D03E3E74AE5FD.e.6032","ELEMENT":"f.74186A8BE651698372F974E5DA594C48.d.2FADA60586B6FC7B3A3D03E3E74AE5FD.e.6032"},{"block":"start","inline":"nearest"}]}
RESULT: {"script":"<script> [79 bytes]","args":[{"element-6066-11e4-a52e-4f735466cecf":"f.74186A8BE651698372F974E5DA594C48.d.2FADA60586B6FC7B3A3D03E3E74AE5FD.e.6032","ELEMENT":"f.74186A8BE651698372F974E5DA594C48.d.2FADA60586B6FC7B3A3D03E3E74AE5FD.e.6032"},{"block":"start","inline":"nearest"}]}
COMMAND: GET /session/fd4fa187b6d5c7f0700d354917c8944f/screenshot - {}
RESULT: {}
COMMAND: POST /session/fd4fa187b6d5c7f0700d354917c8944f/element/f.74186A8BE651698372F974E5DA594C48.d.2FADA60586B6FC7B3A3D03E3E74AE5FD.e.6032/click - {}
RESULT: {}
COMMAND: GET /session/fd4fa187b6d5c7f0700d354917c8944f/screenshot - {}
COMMAND: POST /session/fd4fa187b6d5c7f0700d354917c8944f/execute/async - {"script":"<script> [1562 bytes]","args":[{"selector":{"controlType":"sap.m.SearchField","properties":{"placeholder":"Search"},"searchOpenDialogs":true,"interaction":{"idSuffix":"I"}},"wdio_ui5_key":"sapm.SearchField{\"placeholder\":\"Search\"}"}]}
RESULT: {}
RESULT: {"script":"<script> [1562 bytes]","args":[{"selector":{"controlType":"sap.m.SearchField","properties":{"placeholder":"Search"},"searchOpenDialogs":true,"interaction":{"idSuffix":"I"}},"wdio_ui5_key":"sapm.SearchField{\"placeholder\":\"Search\"}"}]}
RESULT: undefined
COMMAND: POST /session/fd4fa187b6d5c7f0700d354917c8944f/execute/async - {"script":"<script> [776 bytes]","args":[{"enterText":"4000360","selector":{"controlType":"sap.m.SearchField","properties":{"placeholder":"Search"},"searchOpenDialogs":true,"interaction":{"idSuffix":"I"}},"clearTextFirst":true,"interactionType":"ENTER_TEXT"}]}
RESULT: {"script":"<script> [776 bytes]","args":[{"enterText":"4000360","selector":{"controlType":"sap.m.SearchField","properties":{"placeholder":"Search"},"searchOpenDialogs":true,"interaction":{"idSuffix":"I"}},"clearTextFirst":true,"interactionType":"ENTER_TEXT"}]}
COMMAND: POST /session/fd4fa187b6d5c7f0700d354917c8944f/actions - {"actions":[{"id":"action22","type":"key","parameters":{},"actions":[{"type":"keyDown","value":"î€‡"},{"type":"pause","duration":10},{"type":"keyUp","value":"î€‡"}]}]}
RESULT: {"actions":[{"id":"action22","type":"key","parameters":{},"actions":[{"type":"keyDown","value":"î€‡"},{"type":"pause","duration":10},{"type":"keyUp","value":"î€‡"}]}]}
COMMAND: GET /session/fd4fa187b6d5c7f0700d354917c8944f/screenshot - {}
RESULT: {}
COMMAND: POST /session/fd4fa187b6d5c7f0700d354917c8944f/element - {"using":"xpath","value":"//td/div/span[contains(text(), \"BGL Vehicles\")]"}
RESULT: {"using":"xpath","value":"//td/div/span[contains(text(), \"BGL Vehicles\")]"}
COMMAND: POST /session/fd4fa187b6d5c7f0700d354917c8944f/element/f.74186A8BE651698372F974E5DA594C48.d.2FADA60586B6FC7B3A3D03E3E74AE5FD.e.6055/click - {}
RESULT: {}
COMMAND: GET /session/fd4fa187b6d5c7f0700d354917c8944f/screenshot - {}
RESULT: {}
COMMAND: POST /session/fd4fa187b6d5c7f0700d354917c8944f/element - {"using":"xpath","value":"//bdi[contains(text(), \"OK\")]"}
RESULT: {"using":"xpath","value":"//bdi[contains(text(), \"OK\")]"}
COMMAND: POST /session/fd4fa187b6d5c7f0700d354917c8944f/element/f.74186A8BE651698372F974E5DA594C48.d.2FADA60586B6FC7B3A3D03E3E74AE5FD.e.6056/click - {}
RESULT: {}
COMMAND: GET /session/fd4fa187b6d5c7f0700d354917c8944f/screenshot - {}
RESULT: {}
COMMAND: POST /session/fd4fa187b6d5c7f0700d354917c8944f/element - {"using":"xpath","value":"//label[contains(@class, 'sapMLabelRequired') and .//bdi[contains(text(), 'Planned Retirement')]]"}
RESULT: {"using":"xpath","value":"//label[contains(@class, 'sapMLabelRequired') and .//bdi[contains(text(), 'Planned Retirement')]]"}
COMMAND: POST /session/fd4fa187b6d5c7f0700d354917c8944f/elements - {"using":"xpath","value":"//label[contains(@class, 'sapMLabelRequired') and .//bdi[contains(text(), 'Planned Retirement')]]"}
RESULT: {"using":"xpath","value":"//label[contains(@class, 'sapMLabelRequired') and .//bdi[contains(text(), 'Planned Retirement')]]"}
COMMAND: POST /session/fd4fa187b6d5c7f0700d354917c8944f/element - {"using":"xpath","value":"//button[@data-kt=\"resourceUnitSaveButton\"]"}
RESULT: {"using":"xpath","value":"//button[@data-kt=\"resourceUnitSaveButton\"]"}
COMMAND: POST /session/fd4fa187b6d5c7f0700d354917c8944f/element/f.74186A8BE651698372F974E5DA594C48.d.2FADA60586B6FC7B3A3D03E3E74AE5FD.e.5954/click - {}
RESULT: {}
COMMAND: GET /session/fd4fa187b6d5c7f0700d354917c8944f/screenshot - {}
RESULT: {}
COMMAND: POST /session/fd4fa187b6d5c7f0700d354917c8944f/element - {"using":"xpath","value":"//bdi[contains(text(), \"Close\")]"}
RESULT: {"using":"xpath","value":"//bdi[contains(text(), \"Close\")]"}
COMMAND: POST /session/fd4fa187b6d5c7f0700d354917c8944f/element/f.74186A8BE651698372F974E5DA594C48.d.2FADA60586B6FC7B3A3D03E3E74AE5FD.e.6062/click - {}
RESULT: {}
COMMAND: GET /session/fd4fa187b6d5c7f0700d354917c8944f/screenshot - {}
RESULT: {}
COMMAND: POST /session/fd4fa187b6d5c7f0700d354917c8944f/element - {"using":"xpath","value":"//header[contains(@id, 'detailRruPage-headerTitle')]/div[1]/div[2]/div[2]/span[1]"}
RESULT: {"using":"xpath","value":"//header[contains(@id, 'detailRruPage-headerTitle')]/div[1]/div[2]/div[2]/span[1]"}
COMMAND: POST /session/fd4fa187b6d5c7f0700d354917c8944f/elements - {"using":"xpath","value":"//header[contains(@id, 'detailRruPage-headerTitle')]/div[1]/div[2]/div[2]/span[1]"}
RESULT: {"using":"xpath","value":"//header[contains(@id, 'detailRruPage-headerTitle')]/div[1]/div[2]/div[2]/span[1]"}
COMMAND: POST /session/fd4fa187b6d5c7f0700d354917c8944f/execute/sync - {"script":"<script> [56 bytes]","args":[{"element-6066-11e4-a52e-4f735466cecf":"f.74186A8BE651698372F974E5DA594C48.d.2FADA60586B6FC7B3A3D03E3E74AE5FD.e.6094","ELEMENT":"f.74186A8BE651698372F974E5DA594C48.d.2FADA60586B6FC7B3A3D03E3E74AE5FD.e.6094"}]}
RESULT: {"script":"<script> [56 bytes]","args":[{"element-6066-11e4-a52e-4f735466cecf":"f.74186A8BE651698372F974E5DA594C48.d.2FADA60586B6FC7B3A3D03E3E74AE5FD.e.6094","ELEMENT":"f.74186A8BE651698372F974E5DA594C48.d.2FADA60586B6FC7B3A3D03E3E74AE5FD.e.6094"}]}
]]></system-out>
    </testcase>
    <testcase classname="chrome.136_0_7103_49.windows.US134625_Set_up_price_condition_-_one_time" name="Should create new pricing rule one time" time="63.077">
      <system-out><![CDATA[
COMMAND: GET /session/fd4fa187b6d5c7f0700d354917c8944f/screenshot - {}
COMMAND: POST /session/fd4fa187b6d5c7f0700d354917c8944f/element - {"using":"xpath","value":"(//button[contains(@id ,\"actionsToolbar-overflowButton\")])[1]"}
RESULT: {}
RESULT: {"using":"xpath","value":"(//button[contains(@id ,\"actionsToolbar-overflowButton\")])[1]"}
COMMAND: POST /session/fd4fa187b6d5c7f0700d354917c8944f/element/f.74186A8BE651698372F974E5DA594C48.d.2FADA60586B6FC7B3A3D03E3E74AE5FD.e.6097/click - {}
RESULT: {}
COMMAND: GET /session/fd4fa187b6d5c7f0700d354917c8944f/screenshot - {}
RESULT: {}
COMMAND: POST /session/fd4fa187b6d5c7f0700d354917c8944f/element - {"using":"xpath","value":"//button[@data-kt=\"priceInfoButton\"]"}
RESULT: {"using":"xpath","value":"//button[@data-kt=\"priceInfoButton\"]"}
COMMAND: POST /session/fd4fa187b6d5c7f0700d354917c8944f/element/f.74186A8BE651698372F974E5DA594C48.d.2FADA60586B6FC7B3A3D03E3E74AE5FD.e.6099/click - {}
RESULT: {}
COMMAND: GET /session/fd4fa187b6d5c7f0700d354917c8944f/screenshot - {}
COMMAND: POST /session/fd4fa187b6d5c7f0700d354917c8944f/element - {"using":"xpath","value":"//button[@data-kt=\"addButton\"]"}
RESULT: {}
RESULT: {"using":"xpath","value":"//button[@data-kt=\"addButton\"]"}
COMMAND: POST /session/fd4fa187b6d5c7f0700d354917c8944f/elements - {"using":"xpath","value":"//button[@data-kt=\"addButton\"]"}
RESULT: {"using":"xpath","value":"//button[@data-kt=\"addButton\"]"}
COMMAND: POST /session/fd4fa187b6d5c7f0700d354917c8944f/execute/sync - {"script":"<script> [8489 bytes]","args":[{"element-6066-11e4-a52e-4f735466cecf":"f.74186A8BE651698372F974E5DA594C48.d.2FADA60586B6FC7B3A3D03E3E74AE5FD.e.6135","ELEMENT":"f.74186A8BE651698372F974E5DA594C48.d.2FADA60586B6FC7B3A3D03E3E74AE5FD.e.6135"}]}
RESULT: {"script":"<script> [8489 bytes]","args":[{"element-6066-11e4-a52e-4f735466cecf":"f.74186A8BE651698372F974E5DA594C48.d.2FADA60586B6FC7B3A3D03E3E74AE5FD.e.6135","ELEMENT":"f.74186A8BE651698372F974E5DA594C48.d.2FADA60586B6FC7B3A3D03E3E74AE5FD.e.6135"}]}
COMMAND: GET /session/fd4fa187b6d5c7f0700d354917c8944f/element/f.74186A8BE651698372F974E5DA594C48.d.2FADA60586B6FC7B3A3D03E3E74AE5FD.e.6135/enabled - {}
COMMAND: GET /session/fd4fa187b6d5c7f0700d354917c8944f/screenshot - {}
RESULT: {}
COMMAND: POST /session/fd4fa187b6d5c7f0700d354917c8944f/execute/sync - {"script":"<script> [8489 bytes]","args":[{"element-6066-11e4-a52e-4f735466cecf":"f.74186A8BE651698372F974E5DA594C48.d.2FADA60586B6FC7B3A3D03E3E74AE5FD.e.6135","ELEMENT":"f.74186A8BE651698372F974E5DA594C48.d.2FADA60586B6FC7B3A3D03E3E74AE5FD.e.6135"}]}
COMMAND: GET /session/fd4fa187b6d5c7f0700d354917c8944f/screenshot - {}
RESULT: {}
RESULT: {"script":"<script> [8489 bytes]","args":[{"element-6066-11e4-a52e-4f735466cecf":"f.74186A8BE651698372F974E5DA594C48.d.2FADA60586B6FC7B3A3D03E3E74AE5FD.e.6135","ELEMENT":"f.74186A8BE651698372F974E5DA594C48.d.2FADA60586B6FC7B3A3D03E3E74AE5FD.e.6135"}]}
COMMAND: POST /session/fd4fa187b6d5c7f0700d354917c8944f/execute/sync - {"script":"<script> [5351 bytes]","args":[{"element-6066-11e4-a52e-4f735466cecf":"f.74186A8BE651698372F974E5DA594C48.d.2FADA60586B6FC7B3A3D03E3E74AE5FD.e.6135","ELEMENT":"f.74186A8BE651698372F974E5DA594C48.d.2FADA60586B6FC7B3A3D03E3E74AE5FD.e.6135"}]}
COMMAND: GET /session/fd4fa187b6d5c7f0700d354917c8944f/screenshot - {}
RESULT: {}
RESULT: {"script":"<script> [5351 bytes]","args":[{"element-6066-11e4-a52e-4f735466cecf":"f.74186A8BE651698372F974E5DA594C48.d.2FADA60586B6FC7B3A3D03E3E74AE5FD.e.6135","ELEMENT":"f.74186A8BE651698372F974E5DA594C48.d.2FADA60586B6FC7B3A3D03E3E74AE5FD.e.6135"}]}
COMMAND: POST /session/fd4fa187b6d5c7f0700d354917c8944f/element/f.74186A8BE651698372F974E5DA594C48.d.2FADA60586B6FC7B3A3D03E3E74AE5FD.e.6135/click - {}
COMMAND: GET /session/fd4fa187b6d5c7f0700d354917c8944f/screenshot - {}
RESULT: {}
RESULT: {}
COMMAND: GET /session/fd4fa187b6d5c7f0700d354917c8944f/screenshot - {}
RESULT: {}
RESULT: {}
COMMAND: POST /session/fd4fa187b6d5c7f0700d354917c8944f/execute/async - {"script":"<script> [1562 bytes]","args":[{"selector":{"controlType":"sap.m.Title","viewName":"etm.portal.ui.managepricingrules.view.NewItem","viewId":"application-managepricingrules-display-component---newInfoPriceItem","properties":{"text":"New Pricing Rules - Item Level"}},"wdio_ui5_key":"etmportal.ui.managepricingrules.view.NewItemsap.m.Title{\"text\":\"New Pricing Rules - Item Level\"}"}]}
RESULT: {"script":"<script> [1562 bytes]","args":[{"selector":{"controlType":"sap.m.Title","viewName":"etm.portal.ui.managepricingrules.view.NewItem","viewId":"application-managepricingrules-display-component---newInfoPriceItem","properties":{"text":"New Pricing Rules - Item Level"}},"wdio_ui5_key":"etmportal.ui.managepricingrules.view.NewItemsap.m.Title{\"text\":\"New Pricing Rules - Item Level\"}"}]}
RESULT: undefined
COMMAND: POST /session/fd4fa187b6d5c7f0700d354917c8944f/execute/async - {"script":"<script> [6424 bytes]","args":[{"element-6066-11e4-a52e-4f735466cecf":"f.74186A8BE651698372F974E5DA594C48.d.2FADA60586B6FC7B3A3D03E3E74AE5FD.e.6298"},"getText",[]]}
RESULT: {"script":"<script> [6424 bytes]","args":[{"element-6066-11e4-a52e-4f735466cecf":"f.74186A8BE651698372F974E5DA594C48.d.2FADA60586B6FC7B3A3D03E3E74AE5FD.e.6298"},"getText",[]]}
COMMAND: POST /session/fd4fa187b6d5c7f0700d354917c8944f/execute/async - {"script":"<script> [1562 bytes]","args":[{"selector":{"id":"application-managepricingrules-display-component---newInfoPriceItem--condValidTo","interaction":{"idSuffix":"inner"}},"wdio_ui5_key":"applicationmanagepricingrules-display-component---newInfoPriceItem--condValidTo"}]}
RESULT: {"script":"<script> [1562 bytes]","args":[{"selector":{"id":"application-managepricingrules-display-component---newInfoPriceItem--condValidTo","interaction":{"idSuffix":"inner"}},"wdio_ui5_key":"applicationmanagepricingrules-display-component---newInfoPriceItem--condValidTo"}]}
RESULT: undefined
COMMAND: POST /session/fd4fa187b6d5c7f0700d354917c8944f/execute/async - {"script":"<script> [776 bytes]","args":[{"enterText":"01/13/26","selector":{"id":"application-managepricingrules-display-component---newInfoPriceItem--condValidTo","interaction":{"idSuffix":"inner"}},"clearTextFirst":true,"interactionType":"ENTER_TEXT"}]}
RESULT: {"script":"<script> [776 bytes]","args":[{"enterText":"01/13/26","selector":{"id":"application-managepricingrules-display-component---newInfoPriceItem--condValidTo","interaction":{"idSuffix":"inner"}},"clearTextFirst":true,"interactionType":"ENTER_TEXT"}]}
COMMAND: POST /session/fd4fa187b6d5c7f0700d354917c8944f/execute/async - {"script":"<script> [1562 bytes]","args":[{"selector":{"id":"application-managepricingrules-display-component---newInfoPriceItem--billType-arrow"},"wdio_ui5_key":"applicationmanagepricingrules-display-component---newInfoPriceItem--billType-arrow"}]}
RESULT: {"script":"<script> [1562 bytes]","args":[{"selector":{"id":"application-managepricingrules-display-component---newInfoPriceItem--billType-arrow"},"wdio_ui5_key":"applicationmanagepricingrules-display-component---newInfoPriceItem--billType-arrow"}]}
RESULT: undefined
COMMAND: POST /session/fd4fa187b6d5c7f0700d354917c8944f/element - {"using":"xpath","value":"//*[@id=\"application-managepricingrules-display-component---newInfoPriceItem--billType-arrow\"]"}
RESULT: {"using":"xpath","value":"//*[@id=\"application-managepricingrules-display-component---newInfoPriceItem--billType-arrow\"]"}
COMMAND: POST /session/fd4fa187b6d5c7f0700d354917c8944f/element/f.74186A8BE651698372F974E5DA594C48.d.2FADA60586B6FC7B3A3D03E3E74AE5FD.e.6300/click - {}
RESULT: {}
COMMAND: POST /session/fd4fa187b6d5c7f0700d354917c8944f/element - {"using":"xpath","value":"//span[contains(text(), \"OT - Sales (one-time)\")]"}
COMMAND: GET /session/fd4fa187b6d5c7f0700d354917c8944f/screenshot - {}
RESULT: {"using":"xpath","value":"//span[contains(text(), \"OT - Sales (one-time)\")]"}
COMMAND: POST /session/fd4fa187b6d5c7f0700d354917c8944f/element/f.74186A8BE651698372F974E5DA594C48.d.2FADA60586B6FC7B3A3D03E3E74AE5FD.e.6301/click - {}
RESULT: {}
RESULT: {}
COMMAND: POST /session/fd4fa187b6d5c7f0700d354917c8944f/execute/async - {"script":"<script> [1562 bytes]","args":[{"selector":{"id":"application-managepricingrules-display-component---newInfoPriceItem--priceProc-arrow"},"wdio_ui5_key":"applicationmanagepricingrules-display-component---newInfoPriceItem--priceProc-arrow"}]}
COMMAND: GET /session/fd4fa187b6d5c7f0700d354917c8944f/screenshot - {}
RESULT: {"script":"<script> [1562 bytes]","args":[{"selector":{"id":"application-managepricingrules-display-component---newInfoPriceItem--priceProc-arrow"},"wdio_ui5_key":"applicationmanagepricingrules-display-component---newInfoPriceItem--priceProc-arrow"}]}
RESULT: undefined
COMMAND: POST /session/fd4fa187b6d5c7f0700d354917c8944f/element - {"using":"xpath","value":"//*[@id=\"application-managepricingrules-display-component---newInfoPriceItem--priceProc-arrow\"]"}
RESULT: {}
RESULT: {"using":"xpath","value":"//*[@id=\"application-managepricingrules-display-component---newInfoPriceItem--priceProc-arrow\"]"}
COMMAND: POST /session/fd4fa187b6d5c7f0700d354917c8944f/element/f.74186A8BE651698372F974E5DA594C48.d.2FADA60586B6FC7B3A3D03E3E74AE5FD.e.6261/click - {}
RESULT: {}
COMMAND: POST /session/fd4fa187b6d5c7f0700d354917c8944f/element - {"using":"xpath","value":"//span[contains(text(), \"MAT - Material\")]"}
COMMAND: GET /session/fd4fa187b6d5c7f0700d354917c8944f/screenshot - {}
RESULT: {"using":"xpath","value":"//span[contains(text(), \"MAT - Material\")]"}
COMMAND: POST /session/fd4fa187b6d5c7f0700d354917c8944f/element/f.74186A8BE651698372F974E5DA594C48.d.2FADA60586B6FC7B3A3D03E3E74AE5FD.e.6302/click - {}
RESULT: {}
RESULT: {}
COMMAND: POST /session/fd4fa187b6d5c7f0700d354917c8944f/execute/async - {"script":"<script> [1562 bytes]","args":[{"selector":{"id":"application-managepricingrules-display-component---newInfoPriceItem--calcBase-arrow"},"wdio_ui5_key":"applicationmanagepricingrules-display-component---newInfoPriceItem--calcBase-arrow"}]}
COMMAND: GET /session/fd4fa187b6d5c7f0700d354917c8944f/screenshot - {}
RESULT: {"script":"<script> [1562 bytes]","args":[{"selector":{"id":"application-managepricingrules-display-component---newInfoPriceItem--calcBase-arrow"},"wdio_ui5_key":"applicationmanagepricingrules-display-component---newInfoPriceItem--calcBase-arrow"}]}
RESULT: undefined
COMMAND: POST /session/fd4fa187b6d5c7f0700d354917c8944f/element - {"using":"xpath","value":"//*[@id=\"application-managepricingrules-display-component---newInfoPriceItem--calcBase-arrow\"]"}
RESULT: {}
RESULT: {"using":"xpath","value":"//*[@id=\"application-managepricingrules-display-component---newInfoPriceItem--calcBase-arrow\"]"}
COMMAND: POST /session/fd4fa187b6d5c7f0700d354917c8944f/element/f.74186A8BE651698372F974E5DA594C48.d.2FADA60586B6FC7B3A3D03E3E74AE5FD.e.6268/click - {}
RESULT: {}
COMMAND: GET /session/fd4fa187b6d5c7f0700d354917c8944f/screenshot - {}
RESULT: {}
COMMAND: POST /session/fd4fa187b6d5c7f0700d354917c8944f/element - {"using":"xpath","value":"//span[contains(text(), \"0001 - TB(exact month + cal_days)\")]"}
RESULT: {"using":"xpath","value":"//span[contains(text(), \"0001 - TB(exact month + cal_days)\")]"}
COMMAND: POST /session/fd4fa187b6d5c7f0700d354917c8944f/element/f.74186A8BE651698372F974E5DA594C48.d.2FADA60586B6FC7B3A3D03E3E74AE5FD.e.6303/click - {}
RESULT: {}
COMMAND: GET /session/fd4fa187b6d5c7f0700d354917c8944f/screenshot - {}
RESULT: {}
COMMAND: POST /session/fd4fa187b6d5c7f0700d354917c8944f/element - {"using":"xpath","value":"//button[@data-kt=\"saveNewRuleButton\"]"}
RESULT: {"using":"xpath","value":"//button[@data-kt=\"saveNewRuleButton\"]"}
COMMAND: POST /session/fd4fa187b6d5c7f0700d354917c8944f/element/f.74186A8BE651698372F974E5DA594C48.d.2FADA60586B6FC7B3A3D03E3E74AE5FD.e.6287/click - {}
RESULT: {}
COMMAND: GET /session/fd4fa187b6d5c7f0700d354917c8944f/screenshot - {}
RESULT: {}
COMMAND: POST /session/fd4fa187b6d5c7f0700d354917c8944f/execute/async - {"script":"<script> [1562 bytes]","args":[{"selector":{"id":"application-managepricingrules-display-component---priceInfoItem--smartFilterBar-btnBasicSearch","interaction":{"idSuffix":"I"}},"wdio_ui5_key":"applicationmanagepricingrules-display-component---priceInfoItem--smartFilterBar-btnBasicSearch"}]}
RESULT: {"script":"<script> [1562 bytes]","args":[{"selector":{"id":"application-managepricingrules-display-component---priceInfoItem--smartFilterBar-btnBasicSearch","interaction":{"idSuffix":"I"}},"wdio_ui5_key":"applicationmanagepricingrules-display-component---priceInfoItem--smartFilterBar-btnBasicSearch"}]}
RESULT: undefined
COMMAND: POST /session/fd4fa187b6d5c7f0700d354917c8944f/execute/async - {"script":"<script> [776 bytes]","args":[{"enterText":"200102","selector":{"id":"application-managepricingrules-display-component---priceInfoItem--smartFilterBar-btnBasicSearch","interaction":{"idSuffix":"I"}},"clearTextFirst":true,"interactionType":"ENTER_TEXT"}]}
RESULT: {"script":"<script> [776 bytes]","args":[{"enterText":"200102","selector":{"id":"application-managepricingrules-display-component---priceInfoItem--smartFilterBar-btnBasicSearch","interaction":{"idSuffix":"I"}},"clearTextFirst":true,"interactionType":"ENTER_TEXT"}]}
COMMAND: POST /session/fd4fa187b6d5c7f0700d354917c8944f/actions - {"actions":[{"id":"action23","type":"key","parameters":{},"actions":[{"type":"keyDown","value":"î€‡"},{"type":"pause","duration":10},{"type":"keyUp","value":"î€‡"}]}]}
RESULT: {"actions":[{"id":"action23","type":"key","parameters":{},"actions":[{"type":"keyDown","value":"î€‡"},{"type":"pause","duration":10},{"type":"keyUp","value":"î€‡"}]}]}
COMMAND: GET /session/fd4fa187b6d5c7f0700d354917c8944f/screenshot - {}
RESULT: {}
COMMAND: POST /session/fd4fa187b6d5c7f0700d354917c8944f/element - {"using":"xpath","value":"//span[@id=\"application-managepricingrules-display-component---priceInfoItem--smartTable-header-inner\"]"}
RESULT: {"using":"xpath","value":"//span[@id=\"application-managepricingrules-display-component---priceInfoItem--smartTable-header-inner\"]"}
COMMAND: POST /session/fd4fa187b6d5c7f0700d354917c8944f/elements - {"using":"xpath","value":"//span[@id=\"application-managepricingrules-display-component---priceInfoItem--smartTable-header-inner\"]"}
RESULT: {"using":"xpath","value":"//span[@id=\"application-managepricingrules-display-component---priceInfoItem--smartTable-header-inner\"]"}
COMMAND: POST /session/fd4fa187b6d5c7f0700d354917c8944f/execute/sync - {"script":"<script> [56 bytes]","args":[{"element-6066-11e4-a52e-4f735466cecf":"f.74186A8BE651698372F974E5DA594C48.d.2FADA60586B6FC7B3A3D03E3E74AE5FD.e.6325","ELEMENT":"f.74186A8BE651698372F974E5DA594C48.d.2FADA60586B6FC7B3A3D03E3E74AE5FD.e.6325"}]}
RESULT: {"script":"<script> [56 bytes]","args":[{"element-6066-11e4-a52e-4f735466cecf":"f.74186A8BE651698372F974E5DA594C48.d.2FADA60586B6FC7B3A3D03E3E74AE5FD.e.6325","ELEMENT":"f.74186A8BE651698372F974E5DA594C48.d.2FADA60586B6FC7B3A3D03E3E74AE5FD.e.6325"}]}
COMMAND: POST /session/fd4fa187b6d5c7f0700d354917c8944f/element - {"using":"css selector","value":"#shell-header-logo"}
COMMAND: GET /session/fd4fa187b6d5c7f0700d354917c8944f/screenshot - {}
RESULT: {"using":"css selector","value":"#shell-header-logo"}
COMMAND: POST /session/fd4fa187b6d5c7f0700d354917c8944f/element/f.74186A8BE651698372F974E5DA594C48.d.2FADA60586B6FC7B3A3D03E3E74AE5FD.e.5549/click - {}
RESULT: {}
RESULT: {}
COMMAND: GET /session/fd4fa187b6d5c7f0700d354917c8944f/screenshot - {}
RESULT: {}
]]></system-out>
    </testcase>
    <testcase classname="chrome.136_0_7103_49.windows.US134625_Set_up_price_condition_-_one_time" name="Should create new condition one time" time="72.272">
      <system-out><![CDATA[
COMMAND: POST /session/fd4fa187b6d5c7f0700d354917c8944f/execute/async - {"script":"<script> [1562 bytes]","args":[{"selector":{"controlType":"sap.m.Text","properties":{"text":"Manage Conditions & Prices"},"interaction":{"idSuffix":"inner"}},"wdio_ui5_key":"sapm.Text{\"text\":\"Manage Conditions & Prices\"}"}]}
RESULT: {"script":"<script> [1562 bytes]","args":[{"selector":{"controlType":"sap.m.Text","properties":{"text":"Manage Conditions & Prices"},"interaction":{"idSuffix":"inner"}},"wdio_ui5_key":"sapm.Text{\"text\":\"Manage Conditions & Prices\"}"}]}
RESULT: undefined
COMMAND: POST /session/fd4fa187b6d5c7f0700d354917c8944f/element - {"using":"xpath","value":"//*[@id=\"__tile53-title\"]"}
RESULT: {"using":"xpath","value":"//*[@id=\"__tile53-title\"]"}
COMMAND: POST /session/fd4fa187b6d5c7f0700d354917c8944f/element/f.74186A8BE651698372F974E5DA594C48.d.2FADA60586B6FC7B3A3D03E3E74AE5FD.e.6328/click - {}
RESULT: {}
COMMAND: POST /session/fd4fa187b6d5c7f0700d354917c8944f/element - {"using":"xpath","value":"//button[@aria-label=\"Create\"]"}
COMMAND: GET /session/fd4fa187b6d5c7f0700d354917c8944f/screenshot - {}
RESULT: {"using":"xpath","value":"//button[@aria-label=\"Create\"]"}
COMMAND: POST /session/fd4fa187b6d5c7f0700d354917c8944f/elements - {"using":"xpath","value":"//button[@aria-label=\"Create\"]"}
RESULT: {}
RESULT: {"using":"xpath","value":"//button[@aria-label=\"Create\"]"}
COMMAND: POST /session/fd4fa187b6d5c7f0700d354917c8944f/element - {"using":"xpath","value":"//button[@aria-label=\"Create\"]"}
RESULT: {"using":"xpath","value":"//button[@aria-label=\"Create\"]"}
COMMAND: POST /session/fd4fa187b6d5c7f0700d354917c8944f/execute/sync - {"script":"<script> [8489 bytes]","args":[{"element-6066-11e4-a52e-4f735466cecf":"f.74186A8BE651698372F974E5DA594C48.d.2FADA60586B6FC7B3A3D03E3E74AE5FD.e.6362","ELEMENT":"f.74186A8BE651698372F974E5DA594C48.d.2FADA60586B6FC7B3A3D03E3E74AE5FD.e.6362"}]}
RESULT: {"script":"<script> [8489 bytes]","args":[{"element-6066-11e4-a52e-4f735466cecf":"f.74186A8BE651698372F974E5DA594C48.d.2FADA60586B6FC7B3A3D03E3E74AE5FD.e.6362","ELEMENT":"f.74186A8BE651698372F974E5DA594C48.d.2FADA60586B6FC7B3A3D03E3E74AE5FD.e.6362"}]}
COMMAND: GET /session/fd4fa187b6d5c7f0700d354917c8944f/element/f.74186A8BE651698372F974E5DA594C48.d.2FADA60586B6FC7B3A3D03E3E74AE5FD.e.6362/enabled - {}
COMMAND: GET /session/fd4fa187b6d5c7f0700d354917c8944f/screenshot - {}
RESULT: {}
COMMAND: POST /session/fd4fa187b6d5c7f0700d354917c8944f/execute/sync - {"script":"<script> [8489 bytes]","args":[{"element-6066-11e4-a52e-4f735466cecf":"f.74186A8BE651698372F974E5DA594C48.d.2FADA60586B6FC7B3A3D03E3E74AE5FD.e.6362","ELEMENT":"f.74186A8BE651698372F974E5DA594C48.d.2FADA60586B6FC7B3A3D03E3E74AE5FD.e.6362"}]}
COMMAND: GET /session/fd4fa187b6d5c7f0700d354917c8944f/screenshot - {}
RESULT: {}
RESULT: {"script":"<script> [8489 bytes]","args":[{"element-6066-11e4-a52e-4f735466cecf":"f.74186A8BE651698372F974E5DA594C48.d.2FADA60586B6FC7B3A3D03E3E74AE5FD.e.6362","ELEMENT":"f.74186A8BE651698372F974E5DA594C48.d.2FADA60586B6FC7B3A3D03E3E74AE5FD.e.6362"}]}
COMMAND: POST /session/fd4fa187b6d5c7f0700d354917c8944f/execute/sync - {"script":"<script> [5351 bytes]","args":[{"element-6066-11e4-a52e-4f735466cecf":"f.74186A8BE651698372F974E5DA594C48.d.2FADA60586B6FC7B3A3D03E3E74AE5FD.e.6362","ELEMENT":"f.74186A8BE651698372F974E5DA594C48.d.2FADA60586B6FC7B3A3D03E3E74AE5FD.e.6362"}]}
COMMAND: GET /session/fd4fa187b6d5c7f0700d354917c8944f/screenshot - {}
RESULT: {}
RESULT: {"script":"<script> [5351 bytes]","args":[{"element-6066-11e4-a52e-4f735466cecf":"f.74186A8BE651698372F974E5DA594C48.d.2FADA60586B6FC7B3A3D03E3E74AE5FD.e.6362","ELEMENT":"f.74186A8BE651698372F974E5DA594C48.d.2FADA60586B6FC7B3A3D03E3E74AE5FD.e.6362"}]}
COMMAND: POST /session/fd4fa187b6d5c7f0700d354917c8944f/element/f.74186A8BE651698372F974E5DA594C48.d.2FADA60586B6FC7B3A3D03E3E74AE5FD.e.6362/click - {}
COMMAND: GET /session/fd4fa187b6d5c7f0700d354917c8944f/screenshot - {}
RESULT: {}
RESULT: {}
COMMAND: GET /session/fd4fa187b6d5c7f0700d354917c8944f/screenshot - {}
RESULT: {}
RESULT: {}
COMMAND: POST /session/fd4fa187b6d5c7f0700d354917c8944f/actions - {"actions":[{"id":"action24","type":"key","parameters":{},"actions":[{"type":"keyDown","value":"î€‡"},{"type":"pause","duration":10},{"type":"keyUp","value":"î€‡"}]}]}
RESULT: {"actions":[{"id":"action24","type":"key","parameters":{},"actions":[{"type":"keyDown","value":"î€‡"},{"type":"pause","duration":10},{"type":"keyUp","value":"î€‡"}]}]}
COMMAND: GET /session/fd4fa187b6d5c7f0700d354917c8944f/screenshot - {}
RESULT: {}
COMMAND: POST /session/fd4fa187b6d5c7f0700d354917c8944f/execute/async - {"script":"<script> [1562 bytes]","args":[{"selector":{"id":"application-manageconditionprice-display-component---newCondition--condBillCond-arrow"},"wdio_ui5_key":"applicationmanageconditionprice-display-component---newCondition--condBillCond-arrow"}]}
RESULT: {"script":"<script> [1562 bytes]","args":[{"selector":{"id":"application-manageconditionprice-display-component---newCondition--condBillCond-arrow"},"wdio_ui5_key":"applicationmanageconditionprice-display-component---newCondition--condBillCond-arrow"}]}
RESULT: undefined
COMMAND: POST /session/fd4fa187b6d5c7f0700d354917c8944f/element - {"using":"xpath","value":"//*[@id=\"application-manageconditionprice-display-component---newCondition--condBillCond-arrow\"]"}
RESULT: {"using":"xpath","value":"//*[@id=\"application-manageconditionprice-display-component---newCondition--condBillCond-arrow\"]"}
COMMAND: POST /session/fd4fa187b6d5c7f0700d354917c8944f/element/f.74186A8BE651698372F974E5DA594C48.d.2FADA60586B6FC7B3A3D03E3E74AE5FD.e.6543/click - {}
RESULT: {}
COMMAND: GET /session/fd4fa187b6d5c7f0700d354917c8944f/screenshot - {}
RESULT: {}
COMMAND: POST /session/fd4fa187b6d5c7f0700d354917c8944f/element - {"using":"xpath","value":"//li[.//span[contains(text(), \"SAPR - Sales price\")]]"}
RESULT: {"using":"xpath","value":"//li[.//span[contains(text(), \"SAPR - Sales price\")]]"}
COMMAND: POST /session/fd4fa187b6d5c7f0700d354917c8944f/element/f.74186A8BE651698372F974E5DA594C48.d.2FADA60586B6FC7B3A3D03E3E74AE5FD.e.6546/click - {}
RESULT: {}
COMMAND: GET /session/fd4fa187b6d5c7f0700d354917c8944f/screenshot - {}
RESULT: {}
COMMAND: POST /session/fd4fa187b6d5c7f0700d354917c8944f/execute/async - {"script":"<script> [1562 bytes]","args":[{"selector":{"id":"application-manageconditionprice-display-component---newCondition--condValidTo","interaction":{"idSuffix":"inner"}},"wdio_ui5_key":"applicationmanageconditionprice-display-component---newCondition--condValidTo"}]}
RESULT: {"script":"<script> [1562 bytes]","args":[{"selector":{"id":"application-manageconditionprice-display-component---newCondition--condValidTo","interaction":{"idSuffix":"inner"}},"wdio_ui5_key":"applicationmanageconditionprice-display-component---newCondition--condValidTo"}]}
RESULT: undefined
COMMAND: POST /session/fd4fa187b6d5c7f0700d354917c8944f/execute/async - {"script":"<script> [776 bytes]","args":[{"enterText":"01/13/26","selector":{"id":"application-manageconditionprice-display-component---newCondition--condValidTo","interaction":{"idSuffix":"inner"}},"clearTextFirst":true,"interactionType":"ENTER_TEXT"}]}
RESULT: {"script":"<script> [776 bytes]","args":[{"enterText":"01/13/26","selector":{"id":"application-manageconditionprice-display-component---newCondition--condValidTo","interaction":{"idSuffix":"inner"}},"clearTextFirst":true,"interactionType":"ENTER_TEXT"}]}
COMMAND: POST /session/fd4fa187b6d5c7f0700d354917c8944f/element - {"using":"xpath","value":"//input[@id=\"application-manageconditionprice-display-component---newCondition--condRU-inner\"]"}
RESULT: {"using":"xpath","value":"//input[@id=\"application-manageconditionprice-display-component---newCondition--condRU-inner\"]"}
COMMAND: POST /session/fd4fa187b6d5c7f0700d354917c8944f/element/f.74186A8BE651698372F974E5DA594C48.d.2FADA60586B6FC7B3A3D03E3E74AE5FD.e.6407/clear - {}
RESULT: {}
COMMAND: POST /session/fd4fa187b6d5c7f0700d354917c8944f/element/f.74186A8BE651698372F974E5DA594C48.d.2FADA60586B6FC7B3A3D03E3E74AE5FD.e.6407/value - {"text":"200102"}
COMMAND: GET /session/fd4fa187b6d5c7f0700d354917c8944f/screenshot - {}
RESULT: {"text":"200102"}
COMMAND: GET /session/fd4fa187b6d5c7f0700d354917c8944f/screenshot - {}
RESULT: {}
RESULT: {}
COMMAND: POST /session/fd4fa187b6d5c7f0700d354917c8944f/actions - {"actions":[{"id":"action25","type":"key","parameters":{},"actions":[{"type":"keyDown","value":"î€‡"},{"type":"pause","duration":10},{"type":"keyUp","value":"î€‡"}]}]}
RESULT: {"actions":[{"id":"action25","type":"key","parameters":{},"actions":[{"type":"keyDown","value":"î€‡"},{"type":"pause","duration":10},{"type":"keyUp","value":"î€‡"}]}]}
COMMAND: POST /session/fd4fa187b6d5c7f0700d354917c8944f/execute/async - {"script":"<script> [1562 bytes]","args":[{"selector":{"id":"application-manageconditionprice-display-component---newCondition--condBaseQty","interaction":{"idSuffix":"inner"}},"wdio_ui5_key":"applicationmanageconditionprice-display-component---newCondition--condBaseQty"}]}
COMMAND: GET /session/fd4fa187b6d5c7f0700d354917c8944f/screenshot - {}
RESULT: {"script":"<script> [1562 bytes]","args":[{"selector":{"id":"application-manageconditionprice-display-component---newCondition--condBaseQty","interaction":{"idSuffix":"inner"}},"wdio_ui5_key":"applicationmanageconditionprice-display-component---newCondition--condBaseQty"}]}
RESULT: undefined
COMMAND: POST /session/fd4fa187b6d5c7f0700d354917c8944f/execute/async - {"script":"<script> [776 bytes]","args":[{"enterText":"1","selector":{"id":"application-manageconditionprice-display-component---newCondition--condBaseQty","interaction":{"idSuffix":"inner"}},"clearTextFirst":true,"interactionType":"ENTER_TEXT"}]}
RESULT: {}
RESULT: {"script":"<script> [776 bytes]","args":[{"enterText":"1","selector":{"id":"application-manageconditionprice-display-component---newCondition--condBaseQty","interaction":{"idSuffix":"inner"}},"clearTextFirst":true,"interactionType":"ENTER_TEXT"}]}
COMMAND: POST /session/fd4fa187b6d5c7f0700d354917c8944f/execute/async - {"script":"<script> [1562 bytes]","args":[{"selector":{"id":"application-manageconditionprice-display-component---newCondition--condValue","interaction":{"idSuffix":"inner"}},"wdio_ui5_key":"applicationmanageconditionprice-display-component---newCondition--condValue"}]}
RESULT: {"script":"<script> [1562 bytes]","args":[{"selector":{"id":"application-manageconditionprice-display-component---newCondition--condValue","interaction":{"idSuffix":"inner"}},"wdio_ui5_key":"applicationmanageconditionprice-display-component---newCondition--condValue"}]}
RESULT: undefined
COMMAND: POST /session/fd4fa187b6d5c7f0700d354917c8944f/execute/async - {"script":"<script> [776 bytes]","args":[{"enterText":"100.00","selector":{"id":"application-manageconditionprice-display-component---newCondition--condValue","interaction":{"idSuffix":"inner"}},"clearTextFirst":true,"interactionType":"ENTER_TEXT"}]}
RESULT: {"script":"<script> [776 bytes]","args":[{"enterText":"100.00","selector":{"id":"application-manageconditionprice-display-component---newCondition--condValue","interaction":{"idSuffix":"inner"}},"clearTextFirst":true,"interactionType":"ENTER_TEXT"}]}
COMMAND: POST /session/fd4fa187b6d5c7f0700d354917c8944f/execute/async - {"script":"<script> [1562 bytes]","args":[{"selector":{"id":"application-manageconditionprice-display-component---newCondition--condCurr-arrow"},"wdio_ui5_key":"applicationmanageconditionprice-display-component---newCondition--condCurr-arrow"}]}
RESULT: {"script":"<script> [1562 bytes]","args":[{"selector":{"id":"application-manageconditionprice-display-component---newCondition--condCurr-arrow"},"wdio_ui5_key":"applicationmanageconditionprice-display-component---newCondition--condCurr-arrow"}]}
RESULT: undefined
COMMAND: POST /session/fd4fa187b6d5c7f0700d354917c8944f/element - {"using":"xpath","value":"//*[@id=\"application-manageconditionprice-display-component---newCondition--condCurr-arrow\"]"}
RESULT: {"using":"xpath","value":"//*[@id=\"application-manageconditionprice-display-component---newCondition--condCurr-arrow\"]"}
COMMAND: POST /session/fd4fa187b6d5c7f0700d354917c8944f/element/f.74186A8BE651698372F974E5DA594C48.d.2FADA60586B6FC7B3A3D03E3E74AE5FD.e.6525/click - {}
RESULT: {}
COMMAND: POST /session/fd4fa187b6d5c7f0700d354917c8944f/element - {"using":"xpath","value":"//span[contains(text(), \"Euro\")]"}
COMMAND: GET /session/fd4fa187b6d5c7f0700d354917c8944f/screenshot - {}
RESULT: {"using":"xpath","value":"//span[contains(text(), \"Euro\")]"}
COMMAND: POST /session/fd4fa187b6d5c7f0700d354917c8944f/element/f.74186A8BE651698372F974E5DA594C48.d.2FADA60586B6FC7B3A3D03E3E74AE5FD.e.6588/click - {}
RESULT: {}
RESULT: {}
COMMAND: POST /session/fd4fa187b6d5c7f0700d354917c8944f/element - {"using":"xpath","value":"//button[@data-kt=\"saveButton\"]"}
COMMAND: GET /session/fd4fa187b6d5c7f0700d354917c8944f/screenshot - {}
RESULT: {"using":"xpath","value":"//button[@data-kt=\"saveButton\"]"}
COMMAND: POST /session/fd4fa187b6d5c7f0700d354917c8944f/element/f.74186A8BE651698372F974E5DA594C48.d.2FADA60586B6FC7B3A3D03E3E74AE5FD.e.6526/click - {}
RESULT: {}
RESULT: {}
COMMAND: GET /session/fd4fa187b6d5c7f0700d354917c8944f/screenshot - {}
RESULT: {}
COMMAND: POST /session/fd4fa187b6d5c7f0700d354917c8944f/execute/async - {"script":"<script> [1562 bytes]","args":[{"selector":{"id":"application-manageconditionprice-display-component---conditions--smartFilterBar-btnBasicSearch","interaction":{"idSuffix":"I"}},"wdio_ui5_key":"applicationmanageconditionprice-display-component---conditions--smartFilterBar-btnBasicSearch"}]}
RESULT: {"script":"<script> [1562 bytes]","args":[{"selector":{"id":"application-manageconditionprice-display-component---conditions--smartFilterBar-btnBasicSearch","interaction":{"idSuffix":"I"}},"wdio_ui5_key":"applicationmanageconditionprice-display-component---conditions--smartFilterBar-btnBasicSearch"}]}
RESULT: undefined
COMMAND: POST /session/fd4fa187b6d5c7f0700d354917c8944f/execute/async - {"script":"<script> [776 bytes]","args":[{"enterText":"200102","selector":{"id":"application-manageconditionprice-display-component---conditions--smartFilterBar-btnBasicSearch","interaction":{"idSuffix":"I"}},"clearTextFirst":true,"interactionType":"ENTER_TEXT"}]}
RESULT: {"script":"<script> [776 bytes]","args":[{"enterText":"200102","selector":{"id":"application-manageconditionprice-display-component---conditions--smartFilterBar-btnBasicSearch","interaction":{"idSuffix":"I"}},"clearTextFirst":true,"interactionType":"ENTER_TEXT"}]}
COMMAND: POST /session/fd4fa187b6d5c7f0700d354917c8944f/actions - {"actions":[{"id":"action26","type":"key","parameters":{},"actions":[{"type":"keyDown","value":"î€‡"},{"type":"pause","duration":10},{"type":"keyUp","value":"î€‡"}]}]}
RESULT: {"actions":[{"id":"action26","type":"key","parameters":{},"actions":[{"type":"keyDown","value":"î€‡"},{"type":"pause","duration":10},{"type":"keyUp","value":"î€‡"}]}]}
COMMAND: GET /session/fd4fa187b6d5c7f0700d354917c8944f/screenshot - {}
RESULT: {}
COMMAND: POST /session/fd4fa187b6d5c7f0700d354917c8944f/execute/async - {"script":"<script> [1562 bytes]","args":[{"selector":{"id":"application-manageconditionprice-display-component---conditions--smartFilterBar-filterItemControl_BASIC-BILL_TYPES-vhi"},"wdio_ui5_key":"applicationmanageconditionprice-display-component---conditions--smartFilterBar-filterItemControl_BASIC-BILL_TYPES-vhi"}]}
RESULT: {"script":"<script> [1562 bytes]","args":[{"selector":{"id":"application-manageconditionprice-display-component---conditions--smartFilterBar-filterItemControl_BASIC-BILL_TYPES-vhi"},"wdio_ui5_key":"applicationmanageconditionprice-display-component---conditions--smartFilterBar-filterItemControl_BASIC-BILL_TYPES-vhi"}]}
RESULT: undefined
COMMAND: POST /session/fd4fa187b6d5c7f0700d354917c8944f/element - {"using":"xpath","value":"//*[@id=\"application-manageconditionprice-display-component---conditions--smartFilterBar-filterItemControl_BASIC-BILL_TYPES-vhi\"]"}
RESULT: {"using":"xpath","value":"//*[@id=\"application-manageconditionprice-display-component---conditions--smartFilterBar-filterItemControl_BASIC-BILL_TYPES-vhi\"]"}
COMMAND: POST /session/fd4fa187b6d5c7f0700d354917c8944f/element/f.74186A8BE651698372F974E5DA594C48.d.2FADA60586B6FC7B3A3D03E3E74AE5FD.e.6694/click - {}
RESULT: {}
COMMAND: POST /session/fd4fa187b6d5c7f0700d354917c8944f/execute/async - {"script":"<script> [1562 bytes]","args":[{"selector":{"id":"application-manageconditionprice-display-component---conditions--smartFilterBar-filterItemControl_BASIC-BILL_TYPES-valueHelpDialog-smartFilterBar-btnBasicSearch","searchOpenDialogs":true,"interaction":{"idSuffix":"I"}},"wdio_ui5_key":"applicationmanageconditionprice-display-component---conditions--smartFilterBar-filterItemControl_BASIC-BILL_TYPES-valueHelpDialog-smartFilterBar-btnBasicSearch"}]}
COMMAND: GET /session/fd4fa187b6d5c7f0700d354917c8944f/screenshot - {}
RESULT: {"script":"<script> [1562 bytes]","args":[{"selector":{"id":"application-manageconditionprice-display-component---conditions--smartFilterBar-filterItemControl_BASIC-BILL_TYPES-valueHelpDialog-smartFilterBar-btnBasicSearch","searchOpenDialogs":true,"interaction":{"idSuffix":"I"}},"wdio_ui5_key":"applicationmanageconditionprice-display-component---conditions--smartFilterBar-filterItemControl_BASIC-BILL_TYPES-valueHelpDialog-smartFilterBar-btnBasicSearch"}]}
RESULT: undefined
COMMAND: POST /session/fd4fa187b6d5c7f0700d354917c8944f/execute/async - {"script":"<script> [776 bytes]","args":[{"enterText":"one","selector":{"id":"application-manageconditionprice-display-component---conditions--smartFilterBar-filterItemControl_BASIC-BILL_TYPES-valueHelpDialog-smartFilterBar-btnBasicSearch","searchOpenDialogs":true,"interaction":{"idSuffix":"I"}},"clearTextFirst":true,"interactionType":"ENTER_TEXT"}]}
RESULT: {}
RESULT: {"script":"<script> [776 bytes]","args":[{"enterText":"one","selector":{"id":"application-manageconditionprice-display-component---conditions--smartFilterBar-filterItemControl_BASIC-BILL_TYPES-valueHelpDialog-smartFilterBar-btnBasicSearch","searchOpenDialogs":true,"interaction":{"idSuffix":"I"}},"clearTextFirst":true,"interactionType":"ENTER_TEXT"}]}
COMMAND: POST /session/fd4fa187b6d5c7f0700d354917c8944f/actions - {"actions":[{"id":"action27","type":"key","parameters":{},"actions":[{"type":"keyDown","value":"î€‡"},{"type":"pause","duration":10},{"type":"keyUp","value":"î€‡"}]}]}
RESULT: {"actions":[{"id":"action27","type":"key","parameters":{},"actions":[{"type":"keyDown","value":"î€‡"},{"type":"pause","duration":10},{"type":"keyUp","value":"î€‡"}]}]}
COMMAND: GET /session/fd4fa187b6d5c7f0700d354917c8944f/screenshot - {}
RESULT: {}
COMMAND: POST /session/fd4fa187b6d5c7f0700d354917c8944f/element - {"using":"xpath","value":"//div[contains(@id, 'application-manageconditionprice-display-component---conditions--smartFilterBar-filterItemControl_BASIC-BILL_TYPES-valueHelpDialog-table-rowsel0')]"}
RESULT: {"using":"xpath","value":"//div[contains(@id, 'application-manageconditionprice-display-component---conditions--smartFilterBar-filterItemControl_BASIC-BILL_TYPES-valueHelpDialog-table-rowsel0')]"}
COMMAND: POST /session/fd4fa187b6d5c7f0700d354917c8944f/element/f.74186A8BE651698372F974E5DA594C48.d.2FADA60586B6FC7B3A3D03E3E74AE5FD.e.6703/click - {}
RESULT: {}
COMMAND: GET /session/fd4fa187b6d5c7f0700d354917c8944f/screenshot - {}
RESULT: {}
COMMAND: POST /session/fd4fa187b6d5c7f0700d354917c8944f/element - {"using":"xpath","value":"//bdi[contains(text(), \"OK\")]"}
RESULT: {"using":"xpath","value":"//bdi[contains(text(), \"OK\")]"}
COMMAND: POST /session/fd4fa187b6d5c7f0700d354917c8944f/element/f.74186A8BE651698372F974E5DA594C48.d.2FADA60586B6FC7B3A3D03E3E74AE5FD.e.6705/click - {}
RESULT: {}
COMMAND: GET /session/fd4fa187b6d5c7f0700d354917c8944f/screenshot - {}
RESULT: {}
COMMAND: POST /session/fd4fa187b6d5c7f0700d354917c8944f/element - {"using":"xpath","value":"//span[@id=\"application-manageconditionprice-display-component---conditions--smartTable-header-inner\"]"}
RESULT: {"using":"xpath","value":"//span[@id=\"application-manageconditionprice-display-component---conditions--smartTable-header-inner\"]"}
COMMAND: POST /session/fd4fa187b6d5c7f0700d354917c8944f/elements - {"using":"xpath","value":"//span[@id=\"application-manageconditionprice-display-component---conditions--smartTable-header-inner\"]"}
RESULT: {"using":"xpath","value":"//span[@id=\"application-manageconditionprice-display-component---conditions--smartTable-header-inner\"]"}
COMMAND: POST /session/fd4fa187b6d5c7f0700d354917c8944f/execute/sync - {"script":"<script> [56 bytes]","args":[{"element-6066-11e4-a52e-4f735466cecf":"f.74186A8BE651698372F974E5DA594C48.d.2FADA60586B6FC7B3A3D03E3E74AE5FD.e.6708","ELEMENT":"f.74186A8BE651698372F974E5DA594C48.d.2FADA60586B6FC7B3A3D03E3E74AE5FD.e.6708"}]}
RESULT: {"script":"<script> [56 bytes]","args":[{"element-6066-11e4-a52e-4f735466cecf":"f.74186A8BE651698372F974E5DA594C48.d.2FADA60586B6FC7B3A3D03E3E74AE5FD.e.6708","ELEMENT":"f.74186A8BE651698372F974E5DA594C48.d.2FADA60586B6FC7B3A3D03E3E74AE5FD.e.6708"}]}
COMMAND: POST /session/fd4fa187b6d5c7f0700d354917c8944f/element - {"using":"css selector","value":"#shell-header-logo"}
COMMAND: GET /session/fd4fa187b6d5c7f0700d354917c8944f/screenshot - {}
RESULT: {"using":"css selector","value":"#shell-header-logo"}
COMMAND: POST /session/fd4fa187b6d5c7f0700d354917c8944f/element/f.74186A8BE651698372F974E5DA594C48.d.2FADA60586B6FC7B3A3D03E3E74AE5FD.e.6330/click - {}
RESULT: {}
RESULT: {}
COMMAND: GET /session/fd4fa187b6d5c7f0700d354917c8944f/screenshot - {}
RESULT: {}
]]></system-out>
    </testcase>
    <testcase classname="chrome.136_0_7103_49.windows.US134625_Set_up_price_condition_-_one_time" name="Should create a new contract" time="63.797">
      <system-out><![CDATA[
COMMAND: POST /session/fd4fa187b6d5c7f0700d354917c8944f/execute/async - {"script":"<script> [1562 bytes]","args":[{"selector":{"controlType":"sap.m.Text","viewName":"etm.portal.ui.managecontractstile.view.Master","properties":{"text":"Manage Contracts"},"interaction":{"idSuffix":"inner"}},"wdio_ui5_key":"etmportal.ui.managecontractstile.view.Mastersap.m.Text{\"text\":\"Manage Contracts\"}"}]}
RESULT: {"script":"<script> [1562 bytes]","args":[{"selector":{"controlType":"sap.m.Text","viewName":"etm.portal.ui.managecontractstile.view.Master","properties":{"text":"Manage Contracts"},"interaction":{"idSuffix":"inner"}},"wdio_ui5_key":"etmportal.ui.managecontractstile.view.Mastersap.m.Text{\"text\":\"Manage Contracts\"}"}]}
RESULT: undefined
COMMAND: POST /session/fd4fa187b6d5c7f0700d354917c8944f/element - {"using":"xpath","value":"//*[@id=\"__tile131-title\"]"}
RESULT: {"using":"xpath","value":"//*[@id=\"__tile131-title\"]"}
COMMAND: POST /session/fd4fa187b6d5c7f0700d354917c8944f/element/f.74186A8BE651698372F974E5DA594C48.d.2FADA60586B6FC7B3A3D03E3E74AE5FD.e.6713/click - {}
RESULT: {}
COMMAND: GET /session/fd4fa187b6d5c7f0700d354917c8944f/screenshot - {}
RESULT: {}
COMMAND: POST /session/fd4fa187b6d5c7f0700d354917c8944f/element - {"using":"xpath","value":"//button[@data-kt=\"addButton\"]"}
RESULT: {"using":"xpath","value":"//button[@data-kt=\"addButton\"]"}
COMMAND: POST /session/fd4fa187b6d5c7f0700d354917c8944f/elements - {"using":"xpath","value":"//button[@data-kt=\"addButton\"]"}
RESULT: {"using":"xpath","value":"//button[@data-kt=\"addButton\"]"}
COMMAND: POST /session/fd4fa187b6d5c7f0700d354917c8944f/elements - {"using":"xpath","value":"//button[@data-kt=\"addButton\"]"}
RESULT: {"using":"xpath","value":"//button[@data-kt=\"addButton\"]"}
COMMAND: POST /session/fd4fa187b6d5c7f0700d354917c8944f/elements - {"using":"xpath","value":"//button[@data-kt=\"addButton\"]"}
RESULT: {"using":"xpath","value":"//button[@data-kt=\"addButton\"]"}
COMMAND: POST /session/fd4fa187b6d5c7f0700d354917c8944f/elements - {"using":"xpath","value":"//button[@data-kt=\"addButton\"]"}
RESULT: {"using":"xpath","value":"//button[@data-kt=\"addButton\"]"}
COMMAND: POST /session/fd4fa187b6d5c7f0700d354917c8944f/elements - {"using":"xpath","value":"//button[@data-kt=\"addButton\"]"}
RESULT: {"using":"xpath","value":"//button[@data-kt=\"addButton\"]"}
COMMAND: POST /session/fd4fa187b6d5c7f0700d354917c8944f/element - {"using":"xpath","value":"//button[@data-kt=\"addButton\"]"}
RESULT: {"using":"xpath","value":"//button[@data-kt=\"addButton\"]"}
COMMAND: POST /session/fd4fa187b6d5c7f0700d354917c8944f/execute/sync - {"script":"<script> [8489 bytes]","args":[{"element-6066-11e4-a52e-4f735466cecf":"f.74186A8BE651698372F974E5DA594C48.d.2FADA60586B6FC7B3A3D03E3E74AE5FD.e.6762","ELEMENT":"f.74186A8BE651698372F974E5DA594C48.d.2FADA60586B6FC7B3A3D03E3E74AE5FD.e.6762"}]}
RESULT: {"script":"<script> [8489 bytes]","args":[{"element-6066-11e4-a52e-4f735466cecf":"f.74186A8BE651698372F974E5DA594C48.d.2FADA60586B6FC7B3A3D03E3E74AE5FD.e.6762","ELEMENT":"f.74186A8BE651698372F974E5DA594C48.d.2FADA60586B6FC7B3A3D03E3E74AE5FD.e.6762"}]}
COMMAND: GET /session/fd4fa187b6d5c7f0700d354917c8944f/element/f.74186A8BE651698372F974E5DA594C48.d.2FADA60586B6FC7B3A3D03E3E74AE5FD.e.6762/enabled - {}
COMMAND: GET /session/fd4fa187b6d5c7f0700d354917c8944f/screenshot - {}
RESULT: {}
COMMAND: POST /session/fd4fa187b6d5c7f0700d354917c8944f/execute/sync - {"script":"<script> [8489 bytes]","args":[{"element-6066-11e4-a52e-4f735466cecf":"f.74186A8BE651698372F974E5DA594C48.d.2FADA60586B6FC7B3A3D03E3E74AE5FD.e.6762","ELEMENT":"f.74186A8BE651698372F974E5DA594C48.d.2FADA60586B6FC7B3A3D03E3E74AE5FD.e.6762"}]}
COMMAND: GET /session/fd4fa187b6d5c7f0700d354917c8944f/screenshot - {}
RESULT: {}
RESULT: {}
RESULT: {"script":"<script> [8489 bytes]","args":[{"element-6066-11e4-a52e-4f735466cecf":"f.74186A8BE651698372F974E5DA594C48.d.2FADA60586B6FC7B3A3D03E3E74AE5FD.e.6762","ELEMENT":"f.74186A8BE651698372F974E5DA594C48.d.2FADA60586B6FC7B3A3D03E3E74AE5FD.e.6762"}]}
COMMAND: POST /session/fd4fa187b6d5c7f0700d354917c8944f/execute/sync - {"script":"<script> [5351 bytes]","args":[{"element-6066-11e4-a52e-4f735466cecf":"f.74186A8BE651698372F974E5DA594C48.d.2FADA60586B6FC7B3A3D03E3E74AE5FD.e.6762","ELEMENT":"f.74186A8BE651698372F974E5DA594C48.d.2FADA60586B6FC7B3A3D03E3E74AE5FD.e.6762"}]}
COMMAND: GET /session/fd4fa187b6d5c7f0700d354917c8944f/screenshot - {}
RESULT: {"script":"<script> [5351 bytes]","args":[{"element-6066-11e4-a52e-4f735466cecf":"f.74186A8BE651698372F974E5DA594C48.d.2FADA60586B6FC7B3A3D03E3E74AE5FD.e.6762","ELEMENT":"f.74186A8BE651698372F974E5DA594C48.d.2FADA60586B6FC7B3A3D03E3E74AE5FD.e.6762"}]}
COMMAND: GET /session/fd4fa187b6d5c7f0700d354917c8944f/screenshot - {}
RESULT: {}
RESULT: {}
COMMAND: POST /session/fd4fa187b6d5c7f0700d354917c8944f/element/f.74186A8BE651698372F974E5DA594C48.d.2FADA60586B6FC7B3A3D03E3E74AE5FD.e.6762/click - {}
RESULT: {}
COMMAND: GET /session/fd4fa187b6d5c7f0700d354917c8944f/screenshot - {}
COMMAND: POST /session/fd4fa187b6d5c7f0700d354917c8944f/execute/async - {"script":"<script> [1562 bytes]","args":[{"selector":{"id":"application-managecontracts-display-component---AddNewContract--projectDescription","interaction":{"idSuffix":"inner"}},"wdio_ui5_key":"applicationmanagecontracts-display-component---AddNewContract--projectDescription"}]}
RESULT: {}
RESULT: {"script":"<script> [1562 bytes]","args":[{"selector":{"id":"application-managecontracts-display-component---AddNewContract--projectDescription","interaction":{"idSuffix":"inner"}},"wdio_ui5_key":"applicationmanagecontracts-display-component---AddNewContract--projectDescription"}]}
RESULT: undefined
COMMAND: POST /session/fd4fa187b6d5c7f0700d354917c8944f/execute/async - {"script":"<script> [776 bytes]","args":[{"enterText":"Intercompany Contract WDIO","selector":{"id":"application-managecontracts-display-component---AddNewContract--projectDescription","interaction":{"idSuffix":"inner"}},"clearTextFirst":true,"interactionType":"ENTER_TEXT"}]}
RESULT: {"script":"<script> [776 bytes]","args":[{"enterText":"Intercompany Contract WDIO","selector":{"id":"application-managecontracts-display-component---AddNewContract--projectDescription","interaction":{"idSuffix":"inner"}},"clearTextFirst":true,"interactionType":"ENTER_TEXT"}]}
COMMAND: POST /session/fd4fa187b6d5c7f0700d354917c8944f/element - {"using":"xpath","value":"//input[@id=\"application-managecontracts-display-component---AddNewContract--site-inner\"]"}
RESULT: {"using":"xpath","value":"//input[@id=\"application-managecontracts-display-component---AddNewContract--site-inner\"]"}
COMMAND: POST /session/fd4fa187b6d5c7f0700d354917c8944f/element/f.74186A8BE651698372F974E5DA594C48.d.2FADA60586B6FC7B3A3D03E3E74AE5FD.e.7122/clear - {}
RESULT: {}
COMMAND: POST /session/fd4fa187b6d5c7f0700d354917c8944f/element/f.74186A8BE651698372F974E5DA594C48.d.2FADA60586B6FC7B3A3D03E3E74AE5FD.e.7122/value - {"text":"2081"}
COMMAND: GET /session/fd4fa187b6d5c7f0700d354917c8944f/screenshot - {}
RESULT: {"text":"2081"}
COMMAND: GET /session/fd4fa187b6d5c7f0700d354917c8944f/screenshot - {}
RESULT: {}
RESULT: {}
COMMAND: POST /session/fd4fa187b6d5c7f0700d354917c8944f/element - {"using":"xpath","value":"//li[.//span[text()='2081']]"}
RESULT: {"using":"xpath","value":"//li[.//span[text()='2081']]"}
COMMAND: POST /session/fd4fa187b6d5c7f0700d354917c8944f/element/f.74186A8BE651698372F974E5DA594C48.d.2FADA60586B6FC7B3A3D03E3E74AE5FD.e.7149/click - {}
RESULT: {}
COMMAND: GET /session/fd4fa187b6d5c7f0700d354917c8944f/screenshot - {}
RESULT: {}
COMMAND: POST /session/fd4fa187b6d5c7f0700d354917c8944f/element - {"using":"xpath","value":"//input[@id=\"application-managecontracts-display-component---AddNewContract--yardId-inner\"]"}
RESULT: {"using":"xpath","value":"//input[@id=\"application-managecontracts-display-component---AddNewContract--yardId-inner\"]"}
COMMAND: GET /session/fd4fa187b6d5c7f0700d354917c8944f/element/f.74186A8BE651698372F974E5DA594C48.d.2FADA60586B6FC7B3A3D03E3E74AE5FD.e.7123/property/value - {}
RESULT: {}
COMMAND: POST /session/fd4fa187b6d5c7f0700d354917c8944f/element - {"using":"xpath","value":"//input[@id=\"application-managecontracts-display-component---AddNewContract--customerSelect-inner\"]"}
COMMAND: GET /session/fd4fa187b6d5c7f0700d354917c8944f/screenshot - {}
RESULT: {"using":"xpath","value":"//input[@id=\"application-managecontracts-display-component---AddNewContract--customerSelect-inner\"]"}
COMMAND: POST /session/fd4fa187b6d5c7f0700d354917c8944f/element/f.74186A8BE651698372F974E5DA594C48.d.2FADA60586B6FC7B3A3D03E3E74AE5FD.e.7121/clear - {}
RESULT: {}
RESULT: {}
COMMAND: POST /session/fd4fa187b6d5c7f0700d354917c8944f/element/f.74186A8BE651698372F974E5DA594C48.d.2FADA60586B6FC7B3A3D03E3E74AE5FD.e.7121/value - {"text":"1098"}
COMMAND: GET /session/fd4fa187b6d5c7f0700d354917c8944f/screenshot - {}
RESULT: {"text":"1098"}
COMMAND: GET /session/fd4fa187b6d5c7f0700d354917c8944f/screenshot - {}
RESULT: {}
RESULT: {}
COMMAND: POST /session/fd4fa187b6d5c7f0700d354917c8944f/element - {"using":"xpath","value":"//li[.//span[text()='1098']]"}
RESULT: {"using":"xpath","value":"//li[.//span[text()='1098']]"}
COMMAND: POST /session/fd4fa187b6d5c7f0700d354917c8944f/element/f.74186A8BE651698372F974E5DA594C48.d.2FADA60586B6FC7B3A3D03E3E74AE5FD.e.7152/click - {}
RESULT: {}
COMMAND: GET /session/fd4fa187b6d5c7f0700d354917c8944f/screenshot - {}
RESULT: {}
COMMAND: POST /session/fd4fa187b6d5c7f0700d354917c8944f/element - {"using":"xpath","value":"//button[@data-kt=\"saveButton\"]"}
RESULT: {"using":"xpath","value":"//button[@data-kt=\"saveButton\"]"}
COMMAND: POST /session/fd4fa187b6d5c7f0700d354917c8944f/element/f.74186A8BE651698372F974E5DA594C48.d.2FADA60586B6FC7B3A3D03E3E74AE5FD.e.7153/click - {}
RESULT: {}
COMMAND: GET /session/fd4fa187b6d5c7f0700d354917c8944f/screenshot - {}
RESULT: {}
COMMAND: POST /session/fd4fa187b6d5c7f0700d354917c8944f/element - {"using":"xpath","value":"//span[contains(@id ,\"contractDetailTitleNoExpanded\")]"}
RESULT: {"using":"xpath","value":"//span[contains(@id ,\"contractDetailTitleNoExpanded\")]"}
COMMAND: POST /session/fd4fa187b6d5c7f0700d354917c8944f/elements - {"using":"xpath","value":"//span[contains(@id ,\"contractDetailTitleNoExpanded\")]"}
RESULT: {"using":"xpath","value":"//span[contains(@id ,\"contractDetailTitleNoExpanded\")]"}
COMMAND: POST /session/fd4fa187b6d5c7f0700d354917c8944f/execute/sync - {"script":"<script> [56 bytes]","args":[{"element-6066-11e4-a52e-4f735466cecf":"f.74186A8BE651698372F974E5DA594C48.d.2FADA60586B6FC7B3A3D03E3E74AE5FD.e.7226","ELEMENT":"f.74186A8BE651698372F974E5DA594C48.d.2FADA60586B6FC7B3A3D03E3E74AE5FD.e.7226"}]}
RESULT: {"script":"<script> [56 bytes]","args":[{"element-6066-11e4-a52e-4f735466cecf":"f.74186A8BE651698372F974E5DA594C48.d.2FADA60586B6FC7B3A3D03E3E74AE5FD.e.7226","ELEMENT":"f.74186A8BE651698372F974E5DA594C48.d.2FADA60586B6FC7B3A3D03E3E74AE5FD.e.7226"}]}
COMMAND: GET /session/fd4fa187b6d5c7f0700d354917c8944f/screenshot - {}
RESULT: {}
]]></system-out>
    </testcase>
    <testcase classname="chrome.136_0_7103_49.windows.US134625_Set_up_price_condition_-_one_time" name="Should add the material to the contract" time="55.16">
      <system-out><![CDATA[
COMMAND: POST /session/fd4fa187b6d5c7f0700d354917c8944f/element - {"using":"xpath","value":"//button[@data-kt=\"contractDetailEditBtnButton\"]"}
RESULT: {"using":"xpath","value":"//button[@data-kt=\"contractDetailEditBtnButton\"]"}
COMMAND: POST /session/fd4fa187b6d5c7f0700d354917c8944f/element/f.74186A8BE651698372F974E5DA594C48.d.2FADA60586B6FC7B3A3D03E3E74AE5FD.e.7228/click - {}
RESULT: {}
COMMAND: GET /session/fd4fa187b6d5c7f0700d354917c8944f/screenshot - {}
RESULT: {}
COMMAND: POST /session/fd4fa187b6d5c7f0700d354917c8944f/element - {"using":"xpath","value":"(//span[contains(text(), \"Additional Addresses\")])[2]"}
RESULT: {"using":"xpath","value":"(//span[contains(text(), \"Additional Addresses\")])[2]"}
COMMAND: POST /session/fd4fa187b6d5c7f0700d354917c8944f/element/f.74186A8BE651698372F974E5DA594C48.d.2FADA60586B6FC7B3A3D03E3E74AE5FD.e.7284/click - {}
RESULT: {}
COMMAND: GET /session/fd4fa187b6d5c7f0700d354917c8944f/screenshot - {}
RESULT: {}
COMMAND: POST /session/fd4fa187b6d5c7f0700d354917c8944f/element - {"using":"xpath","value":"//button[@data-kt=\"btnAddTableRowOverflowToolbarButton\"]"}
RESULT: {"using":"xpath","value":"//button[@data-kt=\"btnAddTableRowOverflowToolbarButton\"]"}
COMMAND: POST /session/fd4fa187b6d5c7f0700d354917c8944f/element/f.74186A8BE651698372F974E5DA594C48.d.2FADA60586B6FC7B3A3D03E3E74AE5FD.e.7288/click - {}
RESULT: {}
COMMAND: GET /session/fd4fa187b6d5c7f0700d354917c8944f/screenshot - {}
RESULT: {}
COMMAND: POST /session/fd4fa187b6d5c7f0700d354917c8944f/element - {"using":"xpath","value":"//div[(text() = 'Standard Entry' or . = 'Standard Entry')]"}
RESULT: {"using":"xpath","value":"//div[(text() = 'Standard Entry' or . = 'Standard Entry')]"}
COMMAND: POST /session/fd4fa187b6d5c7f0700d354917c8944f/element/f.74186A8BE651698372F974E5DA594C48.d.2FADA60586B6FC7B3A3D03E3E74AE5FD.e.7290/click - {}
RESULT: {}
COMMAND: GET /session/fd4fa187b6d5c7f0700d354917c8944f/screenshot - {}
RESULT: {}
COMMAND: POST /session/fd4fa187b6d5c7f0700d354917c8944f/element - {"using":"xpath","value":"//td[6]/div/div/div/span"}
RESULT: {"using":"xpath","value":"//td[6]/div/div/div/span"}
COMMAND: POST /session/fd4fa187b6d5c7f0700d354917c8944f/element/f.74186A8BE651698372F974E5DA594C48.d.2FADA60586B6FC7B3A3D03E3E74AE5FD.e.7302/click - {}
RESULT: {}
COMMAND: GET /session/fd4fa187b6d5c7f0700d354917c8944f/screenshot - {}
RESULT: {}
COMMAND: POST /session/fd4fa187b6d5c7f0700d354917c8944f/element - {"using":"xpath","value":"(//span[contains(text(), \"Material\")])"}
RESULT: {"using":"xpath","value":"(//span[contains(text(), \"Material\")])"}
COMMAND: POST /session/fd4fa187b6d5c7f0700d354917c8944f/element/f.74186A8BE651698372F974E5DA594C48.d.2FADA60586B6FC7B3A3D03E3E74AE5FD.e.7303/click - {}
RESULT: {}
COMMAND: GET /session/fd4fa187b6d5c7f0700d354917c8944f/screenshot - {}
RESULT: {}
COMMAND: POST /session/fd4fa187b6d5c7f0700d354917c8944f/element - {"using":"xpath","value":"//td[7]/div/div/input"}
RESULT: {"using":"xpath","value":"//td[7]/div/div/input"}
COMMAND: POST /session/fd4fa187b6d5c7f0700d354917c8944f/element/f.74186A8BE651698372F974E5DA594C48.d.2FADA60586B6FC7B3A3D03E3E74AE5FD.e.7307/clear - {}
RESULT: {}
COMMAND: POST /session/fd4fa187b6d5c7f0700d354917c8944f/element/f.74186A8BE651698372F974E5DA594C48.d.2FADA60586B6FC7B3A3D03E3E74AE5FD.e.7307/value - {"text":"200102"}
COMMAND: GET /session/fd4fa187b6d5c7f0700d354917c8944f/screenshot - {}
RESULT: {"text":"200102"}
COMMAND: GET /session/fd4fa187b6d5c7f0700d354917c8944f/screenshot - {}
RESULT: {}
RESULT: {}
COMMAND: POST /session/fd4fa187b6d5c7f0700d354917c8944f/actions - {"actions":[{"id":"action28","type":"key","parameters":{},"actions":[{"type":"keyDown","value":"î€‡"},{"type":"pause","duration":10},{"type":"keyUp","value":"î€‡"}]}]}
RESULT: {"actions":[{"id":"action28","type":"key","parameters":{},"actions":[{"type":"keyDown","value":"î€‡"},{"type":"pause","duration":10},{"type":"keyUp","value":"î€‡"}]}]}
COMMAND: GET /session/fd4fa187b6d5c7f0700d354917c8944f/screenshot - {}
RESULT: {}
COMMAND: POST /session/fd4fa187b6d5c7f0700d354917c8944f/execute/sync - {"script":"<script> [276 bytes]","args":["No pricing information was found"]}
RESULT: {"script":"<script> [276 bytes]","args":["No pricing information was found"]}
COMMAND: POST /session/fd4fa187b6d5c7f0700d354917c8944f/element - {"using":"xpath","value":"(//button[@data-kt=\"saveButton\"])[2]"}
COMMAND: GET /session/fd4fa187b6d5c7f0700d354917c8944f/screenshot - {}
RESULT: {"using":"xpath","value":"(//button[@data-kt=\"saveButton\"])[2]"}
COMMAND: POST /session/fd4fa187b6d5c7f0700d354917c8944f/element/f.74186A8BE651698372F974E5DA594C48.d.2FADA60586B6FC7B3A3D03E3E74AE5FD.e.7330/click - {}
RESULT: {}
RESULT: {}
COMMAND: GET /session/fd4fa187b6d5c7f0700d354917c8944f/screenshot - {}
RESULT: {}
COMMAND: POST /session/fd4fa187b6d5c7f0700d354917c8944f/execute/sync - {"script":"<script> [276 bytes]","args":["Some contract items are having rental validity exceeding header rental validity"]}
RESULT: {"script":"<script> [276 bytes]","args":["Some contract items are having rental validity exceeding header rental validity"]}
COMMAND: GET /session/fd4fa187b6d5c7f0700d354917c8944f/screenshot - {}
RESULT: {}
COMMAND: POST /session/fd4fa187b6d5c7f0700d354917c8944f/element - {"using":"xpath","value":"//span[contains(@id ,\"contractItemsSmartTable-header-inner\")]"}
RESULT: {"using":"xpath","value":"//span[contains(@id ,\"contractItemsSmartTable-header-inner\")]"}
COMMAND: POST /session/fd4fa187b6d5c7f0700d354917c8944f/elements - {"using":"xpath","value":"//span[contains(@id ,\"contractItemsSmartTable-header-inner\")]"}
RESULT: {"using":"xpath","value":"//span[contains(@id ,\"contractItemsSmartTable-header-inner\")]"}
COMMAND: POST /session/fd4fa187b6d5c7f0700d354917c8944f/execute/sync - {"script":"<script> [56 bytes]","args":[{"element-6066-11e4-a52e-4f735466cecf":"f.74186A8BE651698372F974E5DA594C48.d.2FADA60586B6FC7B3A3D03E3E74AE5FD.e.7336","ELEMENT":"f.74186A8BE651698372F974E5DA594C48.d.2FADA60586B6FC7B3A3D03E3E74AE5FD.e.7336"}]}
RESULT: {"script":"<script> [56 bytes]","args":[{"element-6066-11e4-a52e-4f735466cecf":"f.74186A8BE651698372F974E5DA594C48.d.2FADA60586B6FC7B3A3D03E3E74AE5FD.e.7336","ELEMENT":"f.74186A8BE651698372F974E5DA594C48.d.2FADA60586B6FC7B3A3D03E3E74AE5FD.e.7336"}]}
]]></system-out>
    </testcase>
    <testcase classname="chrome.136_0_7103_49.windows.US134625_Set_up_price_condition_-_one_time" name="Should verify the bill item creation and pricing condition" time="13.13">
      <system-out><![CDATA[
COMMAND: POST /session/fd4fa187b6d5c7f0700d354917c8944f/execute/async - {"script":"<script> [1562 bytes]","args":[{"selector":{"controlType":"sap.ui.core.Icon","viewName":"etm.portal.ui.managecontracts.view.Detail","properties":{"src":{"regex":{"source":"slim\\-arrow\\-right"}}}},"wdio_ui5_key":"etmportal.ui.managecontracts.view.Detailsap.ui.core.Icon{\"src\":{\"regex\":{\"source\":\"slim\\\\-arrow\\\\-right\"}}}"}]}
COMMAND: GET /session/fd4fa187b6d5c7f0700d354917c8944f/screenshot - {}
RESULT: {"script":"<script> [1562 bytes]","args":[{"selector":{"controlType":"sap.ui.core.Icon","viewName":"etm.portal.ui.managecontracts.view.Detail","properties":{"src":{"regex":{"source":"slim\\-arrow\\-right"}}}},"wdio_ui5_key":"etmportal.ui.managecontracts.view.Detailsap.ui.core.Icon{\"src\":{\"regex\":{\"source\":\"slim\\\\-arrow\\\\-right\"}}}"}]}
RESULT: undefined
COMMAND: POST /session/fd4fa187b6d5c7f0700d354917c8944f/element - {"using":"xpath","value":"//*[@id=\"__item1060-__clone2237-imgNav\"]"}
RESULT: {}
RESULT: {"using":"xpath","value":"//*[@id=\"__item1060-__clone2237-imgNav\"]"}
COMMAND: POST /session/fd4fa187b6d5c7f0700d354917c8944f/element/f.74186A8BE651698372F974E5DA594C48.d.2FADA60586B6FC7B3A3D03E3E74AE5FD.e.7337/click - {}
RESULT: {}
COMMAND: GET /session/fd4fa187b6d5c7f0700d354917c8944f/screenshot - {}
COMMAND: POST /session/fd4fa187b6d5c7f0700d354917c8944f/execute/async - {"script":"<script> [1562 bytes]","args":[{"selector":{"controlType":"sap.m.Text","viewName":"etm.portal.ui.managecontracts.view.BillingItem","viewId":"application-managecontracts-display-component---BillingItem","bindingPath":{"propertyPath":"LINK_TO_C_BILL_TYPES/DESCRIPTION"}},"wdio_ui5_key":"etmportal.ui.managecontracts.view.BillingItemsap.m.Text{\"propertyPath\":\"LINK_TO_C_BILL_TYPES/DESCRIPTION\"}"}]}
RESULT: {}
RESULT: {"script":"<script> [1562 bytes]","args":[{"selector":{"controlType":"sap.m.Text","viewName":"etm.portal.ui.managecontracts.view.BillingItem","viewId":"application-managecontracts-display-component---BillingItem","bindingPath":{"propertyPath":"LINK_TO_C_BILL_TYPES/DESCRIPTION"}},"wdio_ui5_key":"etmportal.ui.managecontracts.view.BillingItemsap.m.Text{\"propertyPath\":\"LINK_TO_C_BILL_TYPES/DESCRIPTION\"}"}]}
RESULT: undefined
COMMAND: POST /session/fd4fa187b6d5c7f0700d354917c8944f/execute/async - {"script":"<script> [6424 bytes]","args":[{"element-6066-11e4-a52e-4f735466cecf":"f.74186A8BE651698372F974E5DA594C48.d.2FADA60586B6FC7B3A3D03E3E74AE5FD.e.7385"},"getText",[]]}
RESULT: {"script":"<script> [6424 bytes]","args":[{"element-6066-11e4-a52e-4f735466cecf":"f.74186A8BE651698372F974E5DA594C48.d.2FADA60586B6FC7B3A3D03E3E74AE5FD.e.7385"},"getText",[]]}
COMMAND: POST /session/fd4fa187b6d5c7f0700d354917c8944f/execute/async - {"script":"<script> [1562 bytes]","args":[{"selector":{"controlType":"sap.m.ObjectNumber","viewName":"etm.portal.ui.managecontracts.view.BillingItem","viewId":"application-managecontracts-display-component---BillingItem","bindingPath":{"propertyPath":"BASE_PRICE"}},"wdio_ui5_key":"etmportal.ui.managecontracts.view.BillingItemsap.m.ObjectNumber{\"propertyPath\":\"BASE_PRICE\"}"}]}
RESULT: {"script":"<script> [1562 bytes]","args":[{"selector":{"controlType":"sap.m.ObjectNumber","viewName":"etm.portal.ui.managecontracts.view.BillingItem","viewId":"application-managecontracts-display-component---BillingItem","bindingPath":{"propertyPath":"BASE_PRICE"}},"wdio_ui5_key":"etmportal.ui.managecontracts.view.BillingItemsap.m.ObjectNumber{\"propertyPath\":\"BASE_PRICE\"}"}]}
RESULT: undefined
COMMAND: POST /session/fd4fa187b6d5c7f0700d354917c8944f/execute/async - {"script":"<script> [6424 bytes]","args":[{"element-6066-11e4-a52e-4f735466cecf":"f.74186A8BE651698372F974E5DA594C48.d.2FADA60586B6FC7B3A3D03E3E74AE5FD.e.7386"},"getNumber",[]]}
RESULT: {"script":"<script> [6424 bytes]","args":[{"element-6066-11e4-a52e-4f735466cecf":"f.74186A8BE651698372F974E5DA594C48.d.2FADA60586B6FC7B3A3D03E3E74AE5FD.e.7386"},"getNumber",[]]}
COMMAND: POST /session/fd4fa187b6d5c7f0700d354917c8944f/execute/async - {"script":"<script> [1562 bytes]","args":[{"selector":{"controlType":"sap.m.ObjectNumber","viewName":"etm.portal.ui.managecontracts.view.BillingItem","viewId":"application-managecontracts-display-component---BillingItem","bindingPath":{"propertyPath":"BASE_QUANTITY"}},"wdio_ui5_key":"etmportal.ui.managecontracts.view.BillingItemsap.m.ObjectNumber{\"propertyPath\":\"BASE_QUANTITY\"}"}]}
RESULT: {"script":"<script> [1562 bytes]","args":[{"selector":{"controlType":"sap.m.ObjectNumber","viewName":"etm.portal.ui.managecontracts.view.BillingItem","viewId":"application-managecontracts-display-component---BillingItem","bindingPath":{"propertyPath":"BASE_QUANTITY"}},"wdio_ui5_key":"etmportal.ui.managecontracts.view.BillingItemsap.m.ObjectNumber{\"propertyPath\":\"BASE_QUANTITY\"}"}]}
RESULT: undefined
COMMAND: POST /session/fd4fa187b6d5c7f0700d354917c8944f/execute/async - {"script":"<script> [6424 bytes]","args":[{"element-6066-11e4-a52e-4f735466cecf":"f.74186A8BE651698372F974E5DA594C48.d.2FADA60586B6FC7B3A3D03E3E74AE5FD.e.7387"},"getNumber",[]]}
RESULT: {"script":"<script> [6424 bytes]","args":[{"element-6066-11e4-a52e-4f735466cecf":"f.74186A8BE651698372F974E5DA594C48.d.2FADA60586B6FC7B3A3D03E3E74AE5FD.e.7387"},"getNumber",[]]}
COMMAND: DELETE /session/fd4fa187b6d5c7f0700d354917c8944f - {}
RESULT: {}
]]></system-out>
    </testcase>
  </testsuite>
</testsuites>