<?xml version="1.0" encoding="UTF-8"?>
<testsuites tests="48" failures="36" errors="36" skipped="0">
  <testsuite timestamp="2025-04-27T17:18:29" time="999.159" tests="12" failures="9" errors="9" skipped="0">
    <properties>
      <property name="specId" value="0" />
      <property name="suiteName" value="Billing Transfer - Master data &amp; Intercompany US127250" />
      <property name="capabilities" value="chrome.135_0_7049_96.windows" />
      <property name="file" value="file:///D:/a/1/s/test/specs/BTS/billing-transfer-intercompany.spec.js" />
    </properties>
    <testcase classname="chrome.135_0_7049_96.windows.Billing_Transfer_-_Master_data_&amp;_Intercompany_US127250" name="Should create a new yard" time="125.618">
      <system-out><![CDATA[
COMMAND: POST /session/0d9d5c9b5c0356f2b9a3a02b4bb0b4ef/window/fullscreen - {}
RESULT: {}
COMMAND: POST /session/0d9d5c9b5c0356f2b9a3a02b4bb0b4ef/execute/async - {"script":"<script> [1562 bytes]","args":[{"selector":{"controlType":"sap.m.GenericTile","properties":{"header":"Manage Yards"}},"wdio_ui5_key":"sapm.GenericTile{\"header\":\"Manage Yards\"}"}]}
RESULT: {"script":"<script> [1562 bytes]","args":[{"selector":{"controlType":"sap.m.GenericTile","properties":{"header":"Manage Yards"}},"wdio_ui5_key":"sapm.GenericTile{\"header\":\"Manage Yards\"}"}]}
RESULT: undefined
COMMAND: POST /session/0d9d5c9b5c0356f2b9a3a02b4bb0b4ef/element - {"using":"xpath","value":"//*[@id=\"__tile41\"]"}
RESULT: {"using":"xpath","value":"//*[@id=\"__tile41\"]"}
COMMAND: POST /session/0d9d5c9b5c0356f2b9a3a02b4bb0b4ef/element/f.8D305AF5F41F69993DBB881F1763EACD.d.2F051A964D75287306FD96C3CB91D68A.e.176/click - {}
RESULT: {}
COMMAND: POST /session/0d9d5c9b5c0356f2b9a3a02b4bb0b4ef/element - {"using":"xpath","value":"//button[@data-kt=\"addNewYardOverflowToolbarButton\"]"}
COMMAND: GET /session/0d9d5c9b5c0356f2b9a3a02b4bb0b4ef/screenshot - {}
RESULT: {"using":"xpath","value":"//button[@data-kt=\"addNewYardOverflowToolbarButton\"]"}
COMMAND: POST /session/0d9d5c9b5c0356f2b9a3a02b4bb0b4ef/elements - {"using":"xpath","value":"//button[@data-kt=\"addNewYardOverflowToolbarButton\"]"}
RESULT: {}
RESULT: {"using":"xpath","value":"//button[@data-kt=\"addNewYardOverflowToolbarButton\"]"}
COMMAND: POST /session/0d9d5c9b5c0356f2b9a3a02b4bb0b4ef/elements - {"using":"xpath","value":"//button[@data-kt=\"addNewYardOverflowToolbarButton\"]"}
RESULT: {"using":"xpath","value":"//button[@data-kt=\"addNewYardOverflowToolbarButton\"]"}
COMMAND: POST /session/0d9d5c9b5c0356f2b9a3a02b4bb0b4ef/elements - {"using":"xpath","value":"//button[@data-kt=\"addNewYardOverflowToolbarButton\"]"}
RESULT: {"using":"xpath","value":"//button[@data-kt=\"addNewYardOverflowToolbarButton\"]"}
COMMAND: POST /session/0d9d5c9b5c0356f2b9a3a02b4bb0b4ef/elements - {"using":"xpath","value":"//button[@data-kt=\"addNewYardOverflowToolbarButton\"]"}
RESULT: {"using":"xpath","value":"//button[@data-kt=\"addNewYardOverflowToolbarButton\"]"}
COMMAND: POST /session/0d9d5c9b5c0356f2b9a3a02b4bb0b4ef/elements - {"using":"xpath","value":"//button[@data-kt=\"addNewYardOverflowToolbarButton\"]"}
RESULT: {"using":"xpath","value":"//button[@data-kt=\"addNewYardOverflowToolbarButton\"]"}
COMMAND: POST /session/0d9d5c9b5c0356f2b9a3a02b4bb0b4ef/elements - {"using":"xpath","value":"//button[@data-kt=\"addNewYardOverflowToolbarButton\"]"}
RESULT: {"using":"xpath","value":"//button[@data-kt=\"addNewYardOverflowToolbarButton\"]"}
COMMAND: POST /session/0d9d5c9b5c0356f2b9a3a02b4bb0b4ef/elements - {"using":"xpath","value":"//button[@data-kt=\"addNewYardOverflowToolbarButton\"]"}
RESULT: {"using":"xpath","value":"//button[@data-kt=\"addNewYardOverflowToolbarButton\"]"}
COMMAND: POST /session/0d9d5c9b5c0356f2b9a3a02b4bb0b4ef/elements - {"using":"xpath","value":"//button[@data-kt=\"addNewYardOverflowToolbarButton\"]"}
RESULT: {"using":"xpath","value":"//button[@data-kt=\"addNewYardOverflowToolbarButton\"]"}
COMMAND: POST /session/0d9d5c9b5c0356f2b9a3a02b4bb0b4ef/elements - {"using":"xpath","value":"//button[@data-kt=\"addNewYardOverflowToolbarButton\"]"}
RESULT: {"using":"xpath","value":"//button[@data-kt=\"addNewYardOverflowToolbarButton\"]"}
COMMAND: POST /session/0d9d5c9b5c0356f2b9a3a02b4bb0b4ef/elements - {"using":"xpath","value":"//button[@data-kt=\"addNewYardOverflowToolbarButton\"]"}
RESULT: {"using":"xpath","value":"//button[@data-kt=\"addNewYardOverflowToolbarButton\"]"}
COMMAND: POST /session/0d9d5c9b5c0356f2b9a3a02b4bb0b4ef/elements - {"using":"xpath","value":"//button[@data-kt=\"addNewYardOverflowToolbarButton\"]"}
RESULT: {"using":"xpath","value":"//button[@data-kt=\"addNewYardOverflowToolbarButton\"]"}
COMMAND: POST /session/0d9d5c9b5c0356f2b9a3a02b4bb0b4ef/elements - {"using":"xpath","value":"//button[@data-kt=\"addNewYardOverflowToolbarButton\"]"}
RESULT: {"using":"xpath","value":"//button[@data-kt=\"addNewYardOverflowToolbarButton\"]"}
COMMAND: POST /session/0d9d5c9b5c0356f2b9a3a02b4bb0b4ef/elements - {"using":"xpath","value":"//button[@data-kt=\"addNewYardOverflowToolbarButton\"]"}
RESULT: {"using":"xpath","value":"//button[@data-kt=\"addNewYardOverflowToolbarButton\"]"}
COMMAND: POST /session/0d9d5c9b5c0356f2b9a3a02b4bb0b4ef/elements - {"using":"xpath","value":"//button[@data-kt=\"addNewYardOverflowToolbarButton\"]"}
RESULT: {"using":"xpath","value":"//button[@data-kt=\"addNewYardOverflowToolbarButton\"]"}
COMMAND: POST /session/0d9d5c9b5c0356f2b9a3a02b4bb0b4ef/elements - {"using":"xpath","value":"//button[@data-kt=\"addNewYardOverflowToolbarButton\"]"}
RESULT: {"using":"xpath","value":"//button[@data-kt=\"addNewYardOverflowToolbarButton\"]"}
COMMAND: POST /session/0d9d5c9b5c0356f2b9a3a02b4bb0b4ef/elements - {"using":"xpath","value":"//button[@data-kt=\"addNewYardOverflowToolbarButton\"]"}
RESULT: {"using":"xpath","value":"//button[@data-kt=\"addNewYardOverflowToolbarButton\"]"}
COMMAND: POST /session/0d9d5c9b5c0356f2b9a3a02b4bb0b4ef/elements - {"using":"xpath","value":"//button[@data-kt=\"addNewYardOverflowToolbarButton\"]"}
RESULT: {"using":"xpath","value":"//button[@data-kt=\"addNewYardOverflowToolbarButton\"]"}
COMMAND: POST /session/0d9d5c9b5c0356f2b9a3a02b4bb0b4ef/elements - {"using":"xpath","value":"//button[@data-kt=\"addNewYardOverflowToolbarButton\"]"}
RESULT: {"using":"xpath","value":"//button[@data-kt=\"addNewYardOverflowToolbarButton\"]"}
COMMAND: POST /session/0d9d5c9b5c0356f2b9a3a02b4bb0b4ef/elements - {"using":"xpath","value":"//button[@data-kt=\"addNewYardOverflowToolbarButton\"]"}
RESULT: {"using":"xpath","value":"//button[@data-kt=\"addNewYardOverflowToolbarButton\"]"}
COMMAND: POST /session/0d9d5c9b5c0356f2b9a3a02b4bb0b4ef/elements - {"using":"xpath","value":"//button[@data-kt=\"addNewYardOverflowToolbarButton\"]"}
RESULT: {"using":"xpath","value":"//button[@data-kt=\"addNewYardOverflowToolbarButton\"]"}
COMMAND: POST /session/0d9d5c9b5c0356f2b9a3a02b4bb0b4ef/elements - {"using":"xpath","value":"//button[@data-kt=\"addNewYardOverflowToolbarButton\"]"}
RESULT: {"using":"xpath","value":"//button[@data-kt=\"addNewYardOverflowToolbarButton\"]"}
COMMAND: POST /session/0d9d5c9b5c0356f2b9a3a02b4bb0b4ef/elements - {"using":"xpath","value":"//button[@data-kt=\"addNewYardOverflowToolbarButton\"]"}
RESULT: {"using":"xpath","value":"//button[@data-kt=\"addNewYardOverflowToolbarButton\"]"}
COMMAND: POST /session/0d9d5c9b5c0356f2b9a3a02b4bb0b4ef/elements - {"using":"xpath","value":"//button[@data-kt=\"addNewYardOverflowToolbarButton\"]"}
RESULT: {"using":"xpath","value":"//button[@data-kt=\"addNewYardOverflowToolbarButton\"]"}
COMMAND: POST /session/0d9d5c9b5c0356f2b9a3a02b4bb0b4ef/elements - {"using":"xpath","value":"//button[@data-kt=\"addNewYardOverflowToolbarButton\"]"}
RESULT: {"using":"xpath","value":"//button[@data-kt=\"addNewYardOverflowToolbarButton\"]"}
COMMAND: POST /session/0d9d5c9b5c0356f2b9a3a02b4bb0b4ef/elements - {"using":"xpath","value":"//button[@data-kt=\"addNewYardOverflowToolbarButton\"]"}
RESULT: {"using":"xpath","value":"//button[@data-kt=\"addNewYardOverflowToolbarButton\"]"}
COMMAND: POST /session/0d9d5c9b5c0356f2b9a3a02b4bb0b4ef/elements - {"using":"xpath","value":"//button[@data-kt=\"addNewYardOverflowToolbarButton\"]"}
RESULT: {"using":"xpath","value":"//button[@data-kt=\"addNewYardOverflowToolbarButton\"]"}
COMMAND: POST /session/0d9d5c9b5c0356f2b9a3a02b4bb0b4ef/elements - {"using":"xpath","value":"//button[@data-kt=\"addNewYardOverflowToolbarButton\"]"}
RESULT: {"using":"xpath","value":"//button[@data-kt=\"addNewYardOverflowToolbarButton\"]"}
COMMAND: POST /session/0d9d5c9b5c0356f2b9a3a02b4bb0b4ef/elements - {"using":"xpath","value":"//button[@data-kt=\"addNewYardOverflowToolbarButton\"]"}
RESULT: {"using":"xpath","value":"//button[@data-kt=\"addNewYardOverflowToolbarButton\"]"}
COMMAND: POST /session/0d9d5c9b5c0356f2b9a3a02b4bb0b4ef/elements - {"using":"xpath","value":"//button[@data-kt=\"addNewYardOverflowToolbarButton\"]"}
RESULT: {"using":"xpath","value":"//button[@data-kt=\"addNewYardOverflowToolbarButton\"]"}
COMMAND: POST /session/0d9d5c9b5c0356f2b9a3a02b4bb0b4ef/elements - {"using":"xpath","value":"//button[@data-kt=\"addNewYardOverflowToolbarButton\"]"}
RESULT: {"using":"xpath","value":"//button[@data-kt=\"addNewYardOverflowToolbarButton\"]"}
COMMAND: POST /session/0d9d5c9b5c0356f2b9a3a02b4bb0b4ef/elements - {"using":"xpath","value":"//button[@data-kt=\"addNewYardOverflowToolbarButton\"]"}
RESULT: {"using":"xpath","value":"//button[@data-kt=\"addNewYardOverflowToolbarButton\"]"}
COMMAND: POST /session/0d9d5c9b5c0356f2b9a3a02b4bb0b4ef/elements - {"using":"xpath","value":"//button[@data-kt=\"addNewYardOverflowToolbarButton\"]"}
RESULT: {"using":"xpath","value":"//button[@data-kt=\"addNewYardOverflowToolbarButton\"]"}
COMMAND: POST /session/0d9d5c9b5c0356f2b9a3a02b4bb0b4ef/elements - {"using":"xpath","value":"//button[@data-kt=\"addNewYardOverflowToolbarButton\"]"}
RESULT: {"using":"xpath","value":"//button[@data-kt=\"addNewYardOverflowToolbarButton\"]"}
COMMAND: POST /session/0d9d5c9b5c0356f2b9a3a02b4bb0b4ef/elements - {"using":"xpath","value":"//button[@data-kt=\"addNewYardOverflowToolbarButton\"]"}
RESULT: {"using":"xpath","value":"//button[@data-kt=\"addNewYardOverflowToolbarButton\"]"}
COMMAND: POST /session/0d9d5c9b5c0356f2b9a3a02b4bb0b4ef/elements - {"using":"xpath","value":"//button[@data-kt=\"addNewYardOverflowToolbarButton\"]"}
RESULT: {"using":"xpath","value":"//button[@data-kt=\"addNewYardOverflowToolbarButton\"]"}
COMMAND: POST /session/0d9d5c9b5c0356f2b9a3a02b4bb0b4ef/elements - {"using":"xpath","value":"//button[@data-kt=\"addNewYardOverflowToolbarButton\"]"}
RESULT: {"using":"xpath","value":"//button[@data-kt=\"addNewYardOverflowToolbarButton\"]"}
COMMAND: POST /session/0d9d5c9b5c0356f2b9a3a02b4bb0b4ef/elements - {"using":"xpath","value":"//button[@data-kt=\"addNewYardOverflowToolbarButton\"]"}
RESULT: {"using":"xpath","value":"//button[@data-kt=\"addNewYardOverflowToolbarButton\"]"}
COMMAND: POST /session/0d9d5c9b5c0356f2b9a3a02b4bb0b4ef/elements - {"using":"xpath","value":"//button[@data-kt=\"addNewYardOverflowToolbarButton\"]"}
RESULT: {"using":"xpath","value":"//button[@data-kt=\"addNewYardOverflowToolbarButton\"]"}
COMMAND: POST /session/0d9d5c9b5c0356f2b9a3a02b4bb0b4ef/elements - {"using":"xpath","value":"//button[@data-kt=\"addNewYardOverflowToolbarButton\"]"}
RESULT: {"using":"xpath","value":"//button[@data-kt=\"addNewYardOverflowToolbarButton\"]"}
COMMAND: POST /session/0d9d5c9b5c0356f2b9a3a02b4bb0b4ef/elements - {"using":"xpath","value":"//button[@data-kt=\"addNewYardOverflowToolbarButton\"]"}
RESULT: {"using":"xpath","value":"//button[@data-kt=\"addNewYardOverflowToolbarButton\"]"}
COMMAND: POST /session/0d9d5c9b5c0356f2b9a3a02b4bb0b4ef/elements - {"using":"xpath","value":"//button[@data-kt=\"addNewYardOverflowToolbarButton\"]"}
RESULT: {"using":"xpath","value":"//button[@data-kt=\"addNewYardOverflowToolbarButton\"]"}
COMMAND: POST /session/0d9d5c9b5c0356f2b9a3a02b4bb0b4ef/elements - {"using":"xpath","value":"//button[@data-kt=\"addNewYardOverflowToolbarButton\"]"}
RESULT: {"using":"xpath","value":"//button[@data-kt=\"addNewYardOverflowToolbarButton\"]"}
COMMAND: POST /session/0d9d5c9b5c0356f2b9a3a02b4bb0b4ef/elements - {"using":"xpath","value":"//button[@data-kt=\"addNewYardOverflowToolbarButton\"]"}
RESULT: {"using":"xpath","value":"//button[@data-kt=\"addNewYardOverflowToolbarButton\"]"}
COMMAND: POST /session/0d9d5c9b5c0356f2b9a3a02b4bb0b4ef/elements - {"using":"xpath","value":"//button[@data-kt=\"addNewYardOverflowToolbarButton\"]"}
RESULT: {"using":"xpath","value":"//button[@data-kt=\"addNewYardOverflowToolbarButton\"]"}
COMMAND: POST /session/0d9d5c9b5c0356f2b9a3a02b4bb0b4ef/elements - {"using":"xpath","value":"//button[@data-kt=\"addNewYardOverflowToolbarButton\"]"}
RESULT: {"using":"xpath","value":"//button[@data-kt=\"addNewYardOverflowToolbarButton\"]"}
COMMAND: POST /session/0d9d5c9b5c0356f2b9a3a02b4bb0b4ef/elements - {"using":"xpath","value":"//button[@data-kt=\"addNewYardOverflowToolbarButton\"]"}
RESULT: {"using":"xpath","value":"//button[@data-kt=\"addNewYardOverflowToolbarButton\"]"}
COMMAND: POST /session/0d9d5c9b5c0356f2b9a3a02b4bb0b4ef/elements - {"using":"xpath","value":"//button[@data-kt=\"addNewYardOverflowToolbarButton\"]"}
RESULT: {"using":"xpath","value":"//button[@data-kt=\"addNewYardOverflowToolbarButton\"]"}
COMMAND: POST /session/0d9d5c9b5c0356f2b9a3a02b4bb0b4ef/elements - {"using":"xpath","value":"//button[@data-kt=\"addNewYardOverflowToolbarButton\"]"}
RESULT: {"using":"xpath","value":"//button[@data-kt=\"addNewYardOverflowToolbarButton\"]"}
COMMAND: POST /session/0d9d5c9b5c0356f2b9a3a02b4bb0b4ef/elements - {"using":"xpath","value":"//button[@data-kt=\"addNewYardOverflowToolbarButton\"]"}
RESULT: {"using":"xpath","value":"//button[@data-kt=\"addNewYardOverflowToolbarButton\"]"}
COMMAND: POST /session/0d9d5c9b5c0356f2b9a3a02b4bb0b4ef/elements - {"using":"xpath","value":"//button[@data-kt=\"addNewYardOverflowToolbarButton\"]"}
RESULT: {"using":"xpath","value":"//button[@data-kt=\"addNewYardOverflowToolbarButton\"]"}
COMMAND: POST /session/0d9d5c9b5c0356f2b9a3a02b4bb0b4ef/elements - {"using":"xpath","value":"//button[@data-kt=\"addNewYardOverflowToolbarButton\"]"}
RESULT: {"using":"xpath","value":"//button[@data-kt=\"addNewYardOverflowToolbarButton\"]"}
COMMAND: POST /session/0d9d5c9b5c0356f2b9a3a02b4bb0b4ef/elements - {"using":"xpath","value":"//button[@data-kt=\"addNewYardOverflowToolbarButton\"]"}
RESULT: {"using":"xpath","value":"//button[@data-kt=\"addNewYardOverflowToolbarButton\"]"}
COMMAND: POST /session/0d9d5c9b5c0356f2b9a3a02b4bb0b4ef/elements - {"using":"xpath","value":"//button[@data-kt=\"addNewYardOverflowToolbarButton\"]"}
RESULT: {"using":"xpath","value":"//button[@data-kt=\"addNewYardOverflowToolbarButton\"]"}
COMMAND: POST /session/0d9d5c9b5c0356f2b9a3a02b4bb0b4ef/elements - {"using":"xpath","value":"//button[@data-kt=\"addNewYardOverflowToolbarButton\"]"}
RESULT: {"using":"xpath","value":"//button[@data-kt=\"addNewYardOverflowToolbarButton\"]"}
COMMAND: POST /session/0d9d5c9b5c0356f2b9a3a02b4bb0b4ef/elements - {"using":"xpath","value":"//button[@data-kt=\"addNewYardOverflowToolbarButton\"]"}
RESULT: {"using":"xpath","value":"//button[@data-kt=\"addNewYardOverflowToolbarButton\"]"}
COMMAND: POST /session/0d9d5c9b5c0356f2b9a3a02b4bb0b4ef/elements - {"using":"xpath","value":"//button[@data-kt=\"addNewYardOverflowToolbarButton\"]"}
RESULT: {"using":"xpath","value":"//button[@data-kt=\"addNewYardOverflowToolbarButton\"]"}
COMMAND: POST /session/0d9d5c9b5c0356f2b9a3a02b4bb0b4ef/element - {"using":"xpath","value":"//button[@data-kt=\"addNewYardOverflowToolbarButton\"]"}
RESULT: {"using":"xpath","value":"//button[@data-kt=\"addNewYardOverflowToolbarButton\"]"}
COMMAND: POST /session/0d9d5c9b5c0356f2b9a3a02b4bb0b4ef/execute/sync - {"script":"<script> [8489 bytes]","args":[{"element-6066-11e4-a52e-4f735466cecf":"f.8D305AF5F41F69993DBB881F1763EACD.d.2F051A964D75287306FD96C3CB91D68A.e.310","ELEMENT":"f.8D305AF5F41F69993DBB881F1763EACD.d.2F051A964D75287306FD96C3CB91D68A.e.310"}]}
RESULT: {"script":"<script> [8489 bytes]","args":[{"element-6066-11e4-a52e-4f735466cecf":"f.8D305AF5F41F69993DBB881F1763EACD.d.2F051A964D75287306FD96C3CB91D68A.e.310","ELEMENT":"f.8D305AF5F41F69993DBB881F1763EACD.d.2F051A964D75287306FD96C3CB91D68A.e.310"}]}
COMMAND: GET /session/0d9d5c9b5c0356f2b9a3a02b4bb0b4ef/element/f.8D305AF5F41F69993DBB881F1763EACD.d.2F051A964D75287306FD96C3CB91D68A.e.310/enabled - {}
COMMAND: GET /session/0d9d5c9b5c0356f2b9a3a02b4bb0b4ef/screenshot - {}
RESULT: {}
COMMAND: POST /session/0d9d5c9b5c0356f2b9a3a02b4bb0b4ef/execute/sync - {"script":"<script> [8489 bytes]","args":[{"element-6066-11e4-a52e-4f735466cecf":"f.8D305AF5F41F69993DBB881F1763EACD.d.2F051A964D75287306FD96C3CB91D68A.e.310","ELEMENT":"f.8D305AF5F41F69993DBB881F1763EACD.d.2F051A964D75287306FD96C3CB91D68A.e.310"}]}
COMMAND: GET /session/0d9d5c9b5c0356f2b9a3a02b4bb0b4ef/screenshot - {}
RESULT: {}
RESULT: {"script":"<script> [8489 bytes]","args":[{"element-6066-11e4-a52e-4f735466cecf":"f.8D305AF5F41F69993DBB881F1763EACD.d.2F051A964D75287306FD96C3CB91D68A.e.310","ELEMENT":"f.8D305AF5F41F69993DBB881F1763EACD.d.2F051A964D75287306FD96C3CB91D68A.e.310"}]}
COMMAND: POST /session/0d9d5c9b5c0356f2b9a3a02b4bb0b4ef/execute/sync - {"script":"<script> [5351 bytes]","args":[{"element-6066-11e4-a52e-4f735466cecf":"f.8D305AF5F41F69993DBB881F1763EACD.d.2F051A964D75287306FD96C3CB91D68A.e.310","ELEMENT":"f.8D305AF5F41F69993DBB881F1763EACD.d.2F051A964D75287306FD96C3CB91D68A.e.310"}]}
COMMAND: GET /session/0d9d5c9b5c0356f2b9a3a02b4bb0b4ef/screenshot - {}
RESULT: {}
RESULT: {"script":"<script> [5351 bytes]","args":[{"element-6066-11e4-a52e-4f735466cecf":"f.8D305AF5F41F69993DBB881F1763EACD.d.2F051A964D75287306FD96C3CB91D68A.e.310","ELEMENT":"f.8D305AF5F41F69993DBB881F1763EACD.d.2F051A964D75287306FD96C3CB91D68A.e.310"}]}
COMMAND: POST /session/0d9d5c9b5c0356f2b9a3a02b4bb0b4ef/element/f.8D305AF5F41F69993DBB881F1763EACD.d.2F051A964D75287306FD96C3CB91D68A.e.310/click - {}
COMMAND: GET /session/0d9d5c9b5c0356f2b9a3a02b4bb0b4ef/screenshot - {}
RESULT: {}
RESULT: {}
COMMAND: GET /session/0d9d5c9b5c0356f2b9a3a02b4bb0b4ef/screenshot - {}
RESULT: {}
COMMAND: POST /session/0d9d5c9b5c0356f2b9a3a02b4bb0b4ef/element - {"using":"xpath","value":"//input[@id=\"application-manageyards-display-component---NewYard--yardId-inner\"]"}
RESULT: {}
RESULT: {"using":"xpath","value":"//input[@id=\"application-manageyards-display-component---NewYard--yardId-inner\"]"}
COMMAND: POST /session/0d9d5c9b5c0356f2b9a3a02b4bb0b4ef/element - {"using":"xpath","value":"//input[@id=\"application-manageyards-display-component---NewYard--yardId-inner\"]"}
RESULT: {"using":"xpath","value":"//input[@id=\"application-manageyards-display-component---NewYard--yardId-inner\"]"}
COMMAND: POST /session/0d9d5c9b5c0356f2b9a3a02b4bb0b4ef/execute/async - {"script":"<script> [1562 bytes]","args":[{"selector":{"id":"application-manageyards-display-component---NewYard--addressDetailDetailsName1","interaction":{"idSuffix":"inner"}},"wdio_ui5_key":"applicationmanageyards-display-component---NewYard--addressDetailDetailsName1"}]}
RESULT: {"script":"<script> [1562 bytes]","args":[{"selector":{"id":"application-manageyards-display-component---NewYard--addressDetailDetailsName1","interaction":{"idSuffix":"inner"}},"wdio_ui5_key":"applicationmanageyards-display-component---NewYard--addressDetailDetailsName1"}]}
RESULT: undefined
COMMAND: POST /session/0d9d5c9b5c0356f2b9a3a02b4bb0b4ef/execute/async - {"script":"<script> [776 bytes]","args":[{"enterText":"Intercompany Yard wdIO","selector":{"id":"application-manageyards-display-component---NewYard--addressDetailDetailsName1","interaction":{"idSuffix":"inner"}},"clearTextFirst":true,"interactionType":"ENTER_TEXT"}]}
RESULT: {"script":"<script> [776 bytes]","args":[{"enterText":"Intercompany Yard wdIO","selector":{"id":"application-manageyards-display-component---NewYard--addressDetailDetailsName1","interaction":{"idSuffix":"inner"}},"clearTextFirst":true,"interactionType":"ENTER_TEXT"}]}
COMMAND: POST /session/0d9d5c9b5c0356f2b9a3a02b4bb0b4ef/execute/async - {"script":"<script> [1562 bytes]","args":[{"selector":{"id":"application-manageyards-display-component---NewYard--addressDetailDetailsLanguage-arrow"},"wdio_ui5_key":"applicationmanageyards-display-component---NewYard--addressDetailDetailsLanguage-arrow"}]}
RESULT: {"script":"<script> [1562 bytes]","args":[{"selector":{"id":"application-manageyards-display-component---NewYard--addressDetailDetailsLanguage-arrow"},"wdio_ui5_key":"applicationmanageyards-display-component---NewYard--addressDetailDetailsLanguage-arrow"}]}
RESULT: undefined
COMMAND: POST /session/0d9d5c9b5c0356f2b9a3a02b4bb0b4ef/element - {"using":"xpath","value":"//*[@id=\"application-manageyards-display-component---NewYard--addressDetailDetailsLanguage-arrow\"]"}
RESULT: {"using":"xpath","value":"//*[@id=\"application-manageyards-display-component---NewYard--addressDetailDetailsLanguage-arrow\"]"}
COMMAND: POST /session/0d9d5c9b5c0356f2b9a3a02b4bb0b4ef/element/f.8D305AF5F41F69993DBB881F1763EACD.d.2F051A964D75287306FD96C3CB91D68A.e.640/click - {}
RESULT: {}
COMMAND: POST /session/0d9d5c9b5c0356f2b9a3a02b4bb0b4ef/element - {"using":"xpath","value":"//span[contains(text(), \"English\")]"}
COMMAND: GET /session/0d9d5c9b5c0356f2b9a3a02b4bb0b4ef/screenshot - {}
RESULT: {"using":"xpath","value":"//span[contains(text(), \"English\")]"}
COMMAND: POST /session/0d9d5c9b5c0356f2b9a3a02b4bb0b4ef/element/f.8D305AF5F41F69993DBB881F1763EACD.d.2F051A964D75287306FD96C3CB91D68A.e.641/click - {}
RESULT: {}
RESULT: {}
COMMAND: POST /session/0d9d5c9b5c0356f2b9a3a02b4bb0b4ef/execute/async - {"script":"<script> [1562 bytes]","args":[{"selector":{"id":"application-manageyards-display-component---NewYard--addressDetailDetailsCity1","interaction":{"idSuffix":"inner"}},"wdio_ui5_key":"applicationmanageyards-display-component---NewYard--addressDetailDetailsCity1"}]}
COMMAND: GET /session/0d9d5c9b5c0356f2b9a3a02b4bb0b4ef/screenshot - {}
RESULT: {"script":"<script> [1562 bytes]","args":[{"selector":{"id":"application-manageyards-display-component---NewYard--addressDetailDetailsCity1","interaction":{"idSuffix":"inner"}},"wdio_ui5_key":"applicationmanageyards-display-component---NewYard--addressDetailDetailsCity1"}]}
RESULT: undefined
COMMAND: POST /session/0d9d5c9b5c0356f2b9a3a02b4bb0b4ef/execute/async - {"script":"<script> [776 bytes]","args":[{"enterText":"Rosario","selector":{"id":"application-manageyards-display-component---NewYard--addressDetailDetailsCity1","interaction":{"idSuffix":"inner"}},"clearTextFirst":true,"interactionType":"ENTER_TEXT"}]}
RESULT: {}
RESULT: {"script":"<script> [776 bytes]","args":[{"enterText":"Rosario","selector":{"id":"application-manageyards-display-component---NewYard--addressDetailDetailsCity1","interaction":{"idSuffix":"inner"}},"clearTextFirst":true,"interactionType":"ENTER_TEXT"}]}
COMMAND: POST /session/0d9d5c9b5c0356f2b9a3a02b4bb0b4ef/execute/async - {"script":"<script> [1562 bytes]","args":[{"selector":{"id":"application-manageyards-display-component---NewYard--addressDetailDetailsCountry-arrow"},"wdio_ui5_key":"applicationmanageyards-display-component---NewYard--addressDetailDetailsCountry-arrow"}]}
RESULT: {"script":"<script> [1562 bytes]","args":[{"selector":{"id":"application-manageyards-display-component---NewYard--addressDetailDetailsCountry-arrow"},"wdio_ui5_key":"applicationmanageyards-display-component---NewYard--addressDetailDetailsCountry-arrow"}]}
RESULT: undefined
COMMAND: POST /session/0d9d5c9b5c0356f2b9a3a02b4bb0b4ef/element - {"using":"xpath","value":"//*[@id=\"application-manageyards-display-component---NewYard--addressDetailDetailsCountry-arrow\"]"}
RESULT: {"using":"xpath","value":"//*[@id=\"application-manageyards-display-component---NewYard--addressDetailDetailsCountry-arrow\"]"}
COMMAND: POST /session/0d9d5c9b5c0356f2b9a3a02b4bb0b4ef/element/f.8D305AF5F41F69993DBB881F1763EACD.d.2F051A964D75287306FD96C3CB91D68A.e.643/click - {}
RESULT: {}
COMMAND: POST /session/0d9d5c9b5c0356f2b9a3a02b4bb0b4ef/element - {"using":"xpath","value":"//span[contains(text(), \"Argentina\")]"}
COMMAND: GET /session/0d9d5c9b5c0356f2b9a3a02b4bb0b4ef/screenshot - {}
RESULT: {"using":"xpath","value":"//span[contains(text(), \"Argentina\")]"}
COMMAND: POST /session/0d9d5c9b5c0356f2b9a3a02b4bb0b4ef/element/f.8D305AF5F41F69993DBB881F1763EACD.d.2F051A964D75287306FD96C3CB91D68A.e.644/click - {}
RESULT: {}
RESULT: {}
COMMAND: POST /session/0d9d5c9b5c0356f2b9a3a02b4bb0b4ef/execute/async - {"script":"<script> [1562 bytes]","args":[{"selector":{"id":"application-manageyards-display-component---NewYard--addressEditDetailsCostObjectCstType-arrow"},"wdio_ui5_key":"applicationmanageyards-display-component---NewYard--addressEditDetailsCostObjectCstType-arrow"}]}
COMMAND: GET /session/0d9d5c9b5c0356f2b9a3a02b4bb0b4ef/screenshot - {}
RESULT: {"script":"<script> [1562 bytes]","args":[{"selector":{"id":"application-manageyards-display-component---NewYard--addressEditDetailsCostObjectCstType-arrow"},"wdio_ui5_key":"applicationmanageyards-display-component---NewYard--addressEditDetailsCostObjectCstType-arrow"}]}
RESULT: undefined
COMMAND: POST /session/0d9d5c9b5c0356f2b9a3a02b4bb0b4ef/element - {"using":"xpath","value":"//*[@id=\"application-manageyards-display-component---NewYard--addressEditDetailsCostObjectCstType-arrow\"]"}
RESULT: {}
RESULT: {"using":"xpath","value":"//*[@id=\"application-manageyards-display-component---NewYard--addressEditDetailsCostObjectCstType-arrow\"]"}
COMMAND: POST /session/0d9d5c9b5c0356f2b9a3a02b4bb0b4ef/element/f.8D305AF5F41F69993DBB881F1763EACD.d.2F051A964D75287306FD96C3CB91D68A.e.646/click - {}
RESULT: {}
COMMAND: POST /session/0d9d5c9b5c0356f2b9a3a02b4bb0b4ef/element - {"using":"xpath","value":"//span[contains(text(), \"Cost Center\")]"}
COMMAND: GET /session/0d9d5c9b5c0356f2b9a3a02b4bb0b4ef/screenshot - {}
RESULT: {"using":"xpath","value":"//span[contains(text(), \"Cost Center\")]"}
COMMAND: POST /session/0d9d5c9b5c0356f2b9a3a02b4bb0b4ef/element/f.8D305AF5F41F69993DBB881F1763EACD.d.2F051A964D75287306FD96C3CB91D68A.e.647/click - {}
RESULT: {}
RESULT: {}
COMMAND: GET /session/0d9d5c9b5c0356f2b9a3a02b4bb0b4ef/screenshot - {}
RESULT: {}
COMMAND: POST /session/0d9d5c9b5c0356f2b9a3a02b4bb0b4ef/element - {"using":"xpath","value":"//span[@id=\"application-manageyards-display-component---NewYard--addressNewCostObjectCstID-vhi\"]"}
RESULT: {"using":"xpath","value":"//span[@id=\"application-manageyards-display-component---NewYard--addressNewCostObjectCstID-vhi\"]"}
COMMAND: POST /session/0d9d5c9b5c0356f2b9a3a02b4bb0b4ef/execute/sync - {"script":"<script> [8489 bytes]","args":[{"element-6066-11e4-a52e-4f735466cecf":"f.8D305AF5F41F69993DBB881F1763EACD.d.2F051A964D75287306FD96C3CB91D68A.e.651","ELEMENT":"f.8D305AF5F41F69993DBB881F1763EACD.d.2F051A964D75287306FD96C3CB91D68A.e.651"}]}
RESULT: {"script":"<script> [8489 bytes]","args":[{"element-6066-11e4-a52e-4f735466cecf":"f.8D305AF5F41F69993DBB881F1763EACD.d.2F051A964D75287306FD96C3CB91D68A.e.651","ELEMENT":"f.8D305AF5F41F69993DBB881F1763EACD.d.2F051A964D75287306FD96C3CB91D68A.e.651"}]}
COMMAND: POST /session/0d9d5c9b5c0356f2b9a3a02b4bb0b4ef/execute/async - {"script":"<script> [1562 bytes]","args":[{"selector":{"id":"application-manageyards-display-component---NewYard--addressNewCostObjectCstID-vhi"},"wdio_ui5_key":"applicationmanageyards-display-component---NewYard--addressNewCostObjectCstID-vhi"}]}
COMMAND: GET /session/0d9d5c9b5c0356f2b9a3a02b4bb0b4ef/screenshot - {}
RESULT: {"script":"<script> [1562 bytes]","args":[{"selector":{"id":"application-manageyards-display-component---NewYard--addressNewCostObjectCstID-vhi"},"wdio_ui5_key":"applicationmanageyards-display-component---NewYard--addressNewCostObjectCstID-vhi"}]}
RESULT: undefined
COMMAND: POST /session/0d9d5c9b5c0356f2b9a3a02b4bb0b4ef/element - {"using":"xpath","value":"//*[@id=\"application-manageyards-display-component---NewYard--addressNewCostObjectCstID-vhi\"]"}
RESULT: {}
RESULT: {"using":"xpath","value":"//*[@id=\"application-manageyards-display-component---NewYard--addressNewCostObjectCstID-vhi\"]"}
COMMAND: POST /session/0d9d5c9b5c0356f2b9a3a02b4bb0b4ef/element/f.8D305AF5F41F69993DBB881F1763EACD.d.2F051A964D75287306FD96C3CB91D68A.e.651/click - {}
RESULT: {}
COMMAND: GET /session/0d9d5c9b5c0356f2b9a3a02b4bb0b4ef/screenshot - {}
RESULT: {}
COMMAND: POST /session/0d9d5c9b5c0356f2b9a3a02b4bb0b4ef/execute/async - {"script":"<script> [1562 bytes]","args":[{"selector":{"controlType":"sap.m.SearchField","properties":{"placeholder":"Search"},"searchOpenDialogs":true,"interaction":{"idSuffix":"I"}},"wdio_ui5_key":"sapm.SearchField{\"placeholder\":\"Search\"}"}]}
RESULT: {"script":"<script> [1562 bytes]","args":[{"selector":{"controlType":"sap.m.SearchField","properties":{"placeholder":"Search"},"searchOpenDialogs":true,"interaction":{"idSuffix":"I"}},"wdio_ui5_key":"sapm.SearchField{\"placeholder\":\"Search\"}"}]}
RESULT: undefined
COMMAND: POST /session/0d9d5c9b5c0356f2b9a3a02b4bb0b4ef/execute/async - {"script":"<script> [776 bytes]","args":[{"enterText":"10001013","selector":{"controlType":"sap.m.SearchField","properties":{"placeholder":"Search"},"searchOpenDialogs":true,"interaction":{"idSuffix":"I"}},"clearTextFirst":true,"interactionType":"ENTER_TEXT"}]}
RESULT: {"script":"<script> [776 bytes]","args":[{"enterText":"10001013","selector":{"controlType":"sap.m.SearchField","properties":{"placeholder":"Search"},"searchOpenDialogs":true,"interaction":{"idSuffix":"I"}},"clearTextFirst":true,"interactionType":"ENTER_TEXT"}]}
COMMAND: POST /session/0d9d5c9b5c0356f2b9a3a02b4bb0b4ef/actions - {"actions":[{"id":"action1","type":"key","parameters":{},"actions":[{"type":"keyDown","value":"î€‡"},{"type":"pause","duration":10},{"type":"keyUp","value":"î€‡"}]}]}
RESULT: {"actions":[{"id":"action1","type":"key","parameters":{},"actions":[{"type":"keyDown","value":"î€‡"},{"type":"pause","duration":10},{"type":"keyUp","value":"î€‡"}]}]}
COMMAND: GET /session/0d9d5c9b5c0356f2b9a3a02b4bb0b4ef/screenshot - {}
RESULT: {}
COMMAND: POST /session/0d9d5c9b5c0356f2b9a3a02b4bb0b4ef/element - {"using":"xpath","value":"//span[contains(text(), \"General Management\")]"}
RESULT: {"using":"xpath","value":"//span[contains(text(), \"General Management\")]"}
COMMAND: POST /session/0d9d5c9b5c0356f2b9a3a02b4bb0b4ef/element/f.8D305AF5F41F69993DBB881F1763EACD.d.2F051A964D75287306FD96C3CB91D68A.e.692/click - {}
RESULT: {}
COMMAND: GET /session/0d9d5c9b5c0356f2b9a3a02b4bb0b4ef/screenshot - {}
RESULT: {}
COMMAND: POST /session/0d9d5c9b5c0356f2b9a3a02b4bb0b4ef/element - {"using":"xpath","value":"//bdi[contains(text(), \"OK\")]"}
RESULT: {"using":"xpath","value":"//bdi[contains(text(), \"OK\")]"}
COMMAND: POST /session/0d9d5c9b5c0356f2b9a3a02b4bb0b4ef/element/f.8D305AF5F41F69993DBB881F1763EACD.d.2F051A964D75287306FD96C3CB91D68A.e.693/click - {}
RESULT: {}
COMMAND: GET /session/0d9d5c9b5c0356f2b9a3a02b4bb0b4ef/screenshot - {}
RESULT: {}
COMMAND: POST /session/0d9d5c9b5c0356f2b9a3a02b4bb0b4ef/execute/async - {"script":"<script> [1562 bytes]","args":[{"selector":{"id":"application-manageyards-display-component---NewYard--addressEditDetailsCurrency-arrow"},"wdio_ui5_key":"applicationmanageyards-display-component---NewYard--addressEditDetailsCurrency-arrow"}]}
RESULT: {"script":"<script> [1562 bytes]","args":[{"selector":{"id":"application-manageyards-display-component---NewYard--addressEditDetailsCurrency-arrow"},"wdio_ui5_key":"applicationmanageyards-display-component---NewYard--addressEditDetailsCurrency-arrow"}]}
RESULT: undefined
COMMAND: POST /session/0d9d5c9b5c0356f2b9a3a02b4bb0b4ef/element - {"using":"xpath","value":"//*[@id=\"application-manageyards-display-component---NewYard--addressEditDetailsCurrency-arrow\"]"}
RESULT: {"using":"xpath","value":"//*[@id=\"application-manageyards-display-component---NewYard--addressEditDetailsCurrency-arrow\"]"}
COMMAND: POST /session/0d9d5c9b5c0356f2b9a3a02b4bb0b4ef/element/f.8D305AF5F41F69993DBB881F1763EACD.d.2F051A964D75287306FD96C3CB91D68A.e.696/click - {}
RESULT: {}
COMMAND: POST /session/0d9d5c9b5c0356f2b9a3a02b4bb0b4ef/element - {"using":"xpath","value":"//span[contains(text(), \"Euro\")]"}
COMMAND: GET /session/0d9d5c9b5c0356f2b9a3a02b4bb0b4ef/screenshot - {}
RESULT: {"using":"xpath","value":"//span[contains(text(), \"Euro\")]"}
COMMAND: POST /session/0d9d5c9b5c0356f2b9a3a02b4bb0b4ef/element/f.8D305AF5F41F69993DBB881F1763EACD.d.2F051A964D75287306FD96C3CB91D68A.e.697/click - {}
RESULT: {}
RESULT: {}
COMMAND: POST /session/0d9d5c9b5c0356f2b9a3a02b4bb0b4ef/execute/async - {"script":"<script> [1562 bytes]","args":[{"selector":{"controlType":"sap.m.Input","viewName":"etm.portal.ui.manageyards.view.New","viewId":"application-manageyards-display-component---NewYard","bindingPath":{"path":"","propertyPath":"/CONTROLLING_AREA","modelName":"NewYardModel"},"interaction":{"idSuffix":"inner"}},"wdio_ui5_key":"etmportal.ui.manageyards.view.Newsap.m.Input{\"path\":\"\",\"propertyPath\":\"/CONTROLLING_AREA\",\"modelName\":\"NewYardModel\"}"}]}
COMMAND: GET /session/0d9d5c9b5c0356f2b9a3a02b4bb0b4ef/screenshot - {}
RESULT: {"script":"<script> [1562 bytes]","args":[{"selector":{"controlType":"sap.m.Input","viewName":"etm.portal.ui.manageyards.view.New","viewId":"application-manageyards-display-component---NewYard","bindingPath":{"path":"","propertyPath":"/CONTROLLING_AREA","modelName":"NewYardModel"},"interaction":{"idSuffix":"inner"}},"wdio_ui5_key":"etmportal.ui.manageyards.view.Newsap.m.Input{\"path\":\"\",\"propertyPath\":\"/CONTROLLING_AREA\",\"modelName\":\"NewYardModel\"}"}]}
RESULT: undefined
COMMAND: POST /session/0d9d5c9b5c0356f2b9a3a02b4bb0b4ef/execute/async - {"script":"<script> [776 bytes]","args":[{"enterText":"Z001","selector":{"controlType":"sap.m.Input","viewName":"etm.portal.ui.manageyards.view.New","viewId":"application-manageyards-display-component---NewYard","bindingPath":{"path":"","propertyPath":"/CONTROLLING_AREA","modelName":"NewYardModel"},"interaction":{"idSuffix":"inner"}},"clearTextFirst":true,"interactionType":"ENTER_TEXT"}]}
RESULT: {}
RESULT: {"script":"<script> [776 bytes]","args":[{"enterText":"Z001","selector":{"controlType":"sap.m.Input","viewName":"etm.portal.ui.manageyards.view.New","viewId":"application-manageyards-display-component---NewYard","bindingPath":{"path":"","propertyPath":"/CONTROLLING_AREA","modelName":"NewYardModel"},"interaction":{"idSuffix":"inner"}},"clearTextFirst":true,"interactionType":"ENTER_TEXT"}]}
COMMAND: POST /session/0d9d5c9b5c0356f2b9a3a02b4bb0b4ef/execute/async - {"script":"<script> [1562 bytes]","args":[{"selector":{"id":"application-manageyards-display-component---NewYard--companyCodeComboBox","interaction":{"idSuffix":"inner"}},"wdio_ui5_key":"applicationmanageyards-display-component---NewYard--companyCodeComboBox"}]}
RESULT: {"script":"<script> [1562 bytes]","args":[{"selector":{"id":"application-manageyards-display-component---NewYard--companyCodeComboBox","interaction":{"idSuffix":"inner"}},"wdio_ui5_key":"applicationmanageyards-display-component---NewYard--companyCodeComboBox"}]}
RESULT: undefined
COMMAND: POST /session/0d9d5c9b5c0356f2b9a3a02b4bb0b4ef/execute/async - {"script":"<script> [776 bytes]","args":[{"enterText":"1000","selector":{"id":"application-manageyards-display-component---NewYard--companyCodeComboBox","interaction":{"idSuffix":"inner"}},"clearTextFirst":true,"interactionType":"ENTER_TEXT"}]}
RESULT: {"script":"<script> [776 bytes]","args":[{"enterText":"1000","selector":{"id":"application-manageyards-display-component---NewYard--companyCodeComboBox","interaction":{"idSuffix":"inner"}},"clearTextFirst":true,"interactionType":"ENTER_TEXT"}]}
COMMAND: POST /session/0d9d5c9b5c0356f2b9a3a02b4bb0b4ef/execute/async - {"script":"<script> [1562 bytes]","args":[{"selector":{"controlType":"sap.m.Input","viewName":"etm.portal.ui.manageyards.view.New","viewId":"application-manageyards-display-component---NewYard","bindingPath":{"path":"","propertyPath":"/PLANT","modelName":"NewYardModel"},"interaction":{"idSuffix":"inner"}},"wdio_ui5_key":"etmportal.ui.manageyards.view.Newsap.m.Input{\"path\":\"\",\"propertyPath\":\"/PLANT\",\"modelName\":\"NewYardModel\"}"}]}
RESULT: {"script":"<script> [1562 bytes]","args":[{"selector":{"controlType":"sap.m.Input","viewName":"etm.portal.ui.manageyards.view.New","viewId":"application-manageyards-display-component---NewYard","bindingPath":{"path":"","propertyPath":"/PLANT","modelName":"NewYardModel"},"interaction":{"idSuffix":"inner"}},"wdio_ui5_key":"etmportal.ui.manageyards.view.Newsap.m.Input{\"path\":\"\",\"propertyPath\":\"/PLANT\",\"modelName\":\"NewYardModel\"}"}]}
RESULT: undefined
COMMAND: POST /session/0d9d5c9b5c0356f2b9a3a02b4bb0b4ef/execute/async - {"script":"<script> [776 bytes]","args":[{"enterText":"1001","selector":{"controlType":"sap.m.Input","viewName":"etm.portal.ui.manageyards.view.New","viewId":"application-manageyards-display-component---NewYard","bindingPath":{"path":"","propertyPath":"/PLANT","modelName":"NewYardModel"},"interaction":{"idSuffix":"inner"}},"clearTextFirst":true,"interactionType":"ENTER_TEXT"}]}
RESULT: {"script":"<script> [776 bytes]","args":[{"enterText":"1001","selector":{"controlType":"sap.m.Input","viewName":"etm.portal.ui.manageyards.view.New","viewId":"application-manageyards-display-component---NewYard","bindingPath":{"path":"","propertyPath":"/PLANT","modelName":"NewYardModel"},"interaction":{"idSuffix":"inner"}},"clearTextFirst":true,"interactionType":"ENTER_TEXT"}]}
COMMAND: POST /session/0d9d5c9b5c0356f2b9a3a02b4bb0b4ef/execute/async - {"script":"<script> [1562 bytes]","args":[{"selector":{"controlType":"sap.m.Input","viewName":"etm.portal.ui.manageyards.view.New","viewId":"application-manageyards-display-component---NewYard","bindingPath":{"path":"","propertyPath":"/SALES_AREA_VKORG","modelName":"NewYardModel"},"interaction":{"idSuffix":"inner"}},"wdio_ui5_key":"etmportal.ui.manageyards.view.Newsap.m.Input{\"path\":\"\",\"propertyPath\":\"/SALES_AREA_VKORG\",\"modelName\":\"NewYardModel\"}"}]}
RESULT: {"script":"<script> [1562 bytes]","args":[{"selector":{"controlType":"sap.m.Input","viewName":"etm.portal.ui.manageyards.view.New","viewId":"application-manageyards-display-component---NewYard","bindingPath":{"path":"","propertyPath":"/SALES_AREA_VKORG","modelName":"NewYardModel"},"interaction":{"idSuffix":"inner"}},"wdio_ui5_key":"etmportal.ui.manageyards.view.Newsap.m.Input{\"path\":\"\",\"propertyPath\":\"/SALES_AREA_VKORG\",\"modelName\":\"NewYardModel\"}"}]}
RESULT: undefined
COMMAND: POST /session/0d9d5c9b5c0356f2b9a3a02b4bb0b4ef/execute/async - {"script":"<script> [776 bytes]","args":[{"enterText":"C002","selector":{"controlType":"sap.m.Input","viewName":"etm.portal.ui.manageyards.view.New","viewId":"application-manageyards-display-component---NewYard","bindingPath":{"path":"","propertyPath":"/SALES_AREA_VKORG","modelName":"NewYardModel"},"interaction":{"idSuffix":"inner"}},"clearTextFirst":true,"interactionType":"ENTER_TEXT"}]}
RESULT: {"script":"<script> [776 bytes]","args":[{"enterText":"C002","selector":{"controlType":"sap.m.Input","viewName":"etm.portal.ui.manageyards.view.New","viewId":"application-manageyards-display-component---NewYard","bindingPath":{"path":"","propertyPath":"/SALES_AREA_VKORG","modelName":"NewYardModel"},"interaction":{"idSuffix":"inner"}},"clearTextFirst":true,"interactionType":"ENTER_TEXT"}]}
COMMAND: POST /session/0d9d5c9b5c0356f2b9a3a02b4bb0b4ef/execute/async - {"script":"<script> [1562 bytes]","args":[{"selector":{"controlType":"sap.m.Input","viewName":"etm.portal.ui.manageyards.view.New","viewId":"application-manageyards-display-component---NewYard","bindingPath":{"path":"","propertyPath":"/SALES_AREA_VTWEG","modelName":"NewYardModel"},"interaction":{"idSuffix":"inner"}},"wdio_ui5_key":"etmportal.ui.manageyards.view.Newsap.m.Input{\"path\":\"\",\"propertyPath\":\"/SALES_AREA_VTWEG\",\"modelName\":\"NewYardModel\"}"}]}
RESULT: {"script":"<script> [1562 bytes]","args":[{"selector":{"controlType":"sap.m.Input","viewName":"etm.portal.ui.manageyards.view.New","viewId":"application-manageyards-display-component---NewYard","bindingPath":{"path":"","propertyPath":"/SALES_AREA_VTWEG","modelName":"NewYardModel"},"interaction":{"idSuffix":"inner"}},"wdio_ui5_key":"etmportal.ui.manageyards.view.Newsap.m.Input{\"path\":\"\",\"propertyPath\":\"/SALES_AREA_VTWEG\",\"modelName\":\"NewYardModel\"}"}]}
RESULT: undefined
COMMAND: POST /session/0d9d5c9b5c0356f2b9a3a02b4bb0b4ef/execute/async - {"script":"<script> [776 bytes]","args":[{"enterText":"C2","selector":{"controlType":"sap.m.Input","viewName":"etm.portal.ui.manageyards.view.New","viewId":"application-manageyards-display-component---NewYard","bindingPath":{"path":"","propertyPath":"/SALES_AREA_VTWEG","modelName":"NewYardModel"},"interaction":{"idSuffix":"inner"}},"clearTextFirst":true,"interactionType":"ENTER_TEXT"}]}
RESULT: {"script":"<script> [776 bytes]","args":[{"enterText":"C2","selector":{"controlType":"sap.m.Input","viewName":"etm.portal.ui.manageyards.view.New","viewId":"application-manageyards-display-component---NewYard","bindingPath":{"path":"","propertyPath":"/SALES_AREA_VTWEG","modelName":"NewYardModel"},"interaction":{"idSuffix":"inner"}},"clearTextFirst":true,"interactionType":"ENTER_TEXT"}]}
COMMAND: POST /session/0d9d5c9b5c0356f2b9a3a02b4bb0b4ef/execute/async - {"script":"<script> [1562 bytes]","args":[{"selector":{"controlType":"sap.m.Input","viewName":"etm.portal.ui.manageyards.view.New","viewId":"application-manageyards-display-component---NewYard","bindingPath":{"path":"","propertyPath":"/SALES_AREA_SPART","modelName":"NewYardModel"},"interaction":{"idSuffix":"inner"}},"wdio_ui5_key":"etmportal.ui.manageyards.view.Newsap.m.Input{\"path\":\"\",\"propertyPath\":\"/SALES_AREA_SPART\",\"modelName\":\"NewYardModel\"}"}]}
RESULT: {"script":"<script> [1562 bytes]","args":[{"selector":{"controlType":"sap.m.Input","viewName":"etm.portal.ui.manageyards.view.New","viewId":"application-manageyards-display-component---NewYard","bindingPath":{"path":"","propertyPath":"/SALES_AREA_SPART","modelName":"NewYardModel"},"interaction":{"idSuffix":"inner"}},"wdio_ui5_key":"etmportal.ui.manageyards.view.Newsap.m.Input{\"path\":\"\",\"propertyPath\":\"/SALES_AREA_SPART\",\"modelName\":\"NewYardModel\"}"}]}
RESULT: undefined
COMMAND: POST /session/0d9d5c9b5c0356f2b9a3a02b4bb0b4ef/execute/async - {"script":"<script> [776 bytes]","args":[{"enterText":"C2","selector":{"controlType":"sap.m.Input","viewName":"etm.portal.ui.manageyards.view.New","viewId":"application-manageyards-display-component---NewYard","bindingPath":{"path":"","propertyPath":"/SALES_AREA_SPART","modelName":"NewYardModel"},"interaction":{"idSuffix":"inner"}},"clearTextFirst":true,"interactionType":"ENTER_TEXT"}]}
RESULT: {"script":"<script> [776 bytes]","args":[{"enterText":"C2","selector":{"controlType":"sap.m.Input","viewName":"etm.portal.ui.manageyards.view.New","viewId":"application-manageyards-display-component---NewYard","bindingPath":{"path":"","propertyPath":"/SALES_AREA_SPART","modelName":"NewYardModel"},"interaction":{"idSuffix":"inner"}},"clearTextFirst":true,"interactionType":"ENTER_TEXT"}]}
COMMAND: POST /session/0d9d5c9b5c0356f2b9a3a02b4bb0b4ef/execute/async - {"script":"<script> [1562 bytes]","args":[{"selector":{"controlType":"sap.m.Input","viewName":"etm.portal.ui.manageyards.view.New","viewId":"application-manageyards-display-component---NewYard","bindingPath":{"path":"","propertyPath":"/SHIP_POINT","modelName":"NewYardModel"},"interaction":{"idSuffix":"inner"}},"wdio_ui5_key":"etmportal.ui.manageyards.view.Newsap.m.Input{\"path\":\"\",\"propertyPath\":\"/SHIP_POINT\",\"modelName\":\"NewYardModel\"}"}]}
RESULT: {"script":"<script> [1562 bytes]","args":[{"selector":{"controlType":"sap.m.Input","viewName":"etm.portal.ui.manageyards.view.New","viewId":"application-manageyards-display-component---NewYard","bindingPath":{"path":"","propertyPath":"/SHIP_POINT","modelName":"NewYardModel"},"interaction":{"idSuffix":"inner"}},"wdio_ui5_key":"etmportal.ui.manageyards.view.Newsap.m.Input{\"path\":\"\",\"propertyPath\":\"/SHIP_POINT\",\"modelName\":\"NewYardModel\"}"}]}
RESULT: undefined
COMMAND: POST /session/0d9d5c9b5c0356f2b9a3a02b4bb0b4ef/execute/async - {"script":"<script> [776 bytes]","args":[{"enterText":"1710","selector":{"controlType":"sap.m.Input","viewName":"etm.portal.ui.manageyards.view.New","viewId":"application-manageyards-display-component---NewYard","bindingPath":{"path":"","propertyPath":"/SHIP_POINT","modelName":"NewYardModel"},"interaction":{"idSuffix":"inner"}},"clearTextFirst":true,"interactionType":"ENTER_TEXT"}]}
RESULT: {"script":"<script> [776 bytes]","args":[{"enterText":"1710","selector":{"controlType":"sap.m.Input","viewName":"etm.portal.ui.manageyards.view.New","viewId":"application-manageyards-display-component---NewYard","bindingPath":{"path":"","propertyPath":"/SHIP_POINT","modelName":"NewYardModel"},"interaction":{"idSuffix":"inner"}},"clearTextFirst":true,"interactionType":"ENTER_TEXT"}]}
COMMAND: POST /session/0d9d5c9b5c0356f2b9a3a02b4bb0b4ef/execute/async - {"script":"<script> [1562 bytes]","args":[{"selector":{"controlType":"sap.m.Input","viewName":"etm.portal.ui.manageyards.view.New","viewId":"application-manageyards-display-component---NewYard","bindingPath":{"path":"","propertyPath":"/DELIVERY_TYPE","modelName":"NewYardModel"},"interaction":{"idSuffix":"inner"}},"wdio_ui5_key":"etmportal.ui.manageyards.view.Newsap.m.Input{\"path\":\"\",\"propertyPath\":\"/DELIVERY_TYPE\",\"modelName\":\"NewYardModel\"}"}]}
RESULT: {"script":"<script> [1562 bytes]","args":[{"selector":{"controlType":"sap.m.Input","viewName":"etm.portal.ui.manageyards.view.New","viewId":"application-manageyards-display-component---NewYard","bindingPath":{"path":"","propertyPath":"/DELIVERY_TYPE","modelName":"NewYardModel"},"interaction":{"idSuffix":"inner"}},"wdio_ui5_key":"etmportal.ui.manageyards.view.Newsap.m.Input{\"path\":\"\",\"propertyPath\":\"/DELIVERY_TYPE\",\"modelName\":\"NewYardModel\"}"}]}
RESULT: undefined
COMMAND: POST /session/0d9d5c9b5c0356f2b9a3a02b4bb0b4ef/execute/async - {"script":"<script> [776 bytes]","args":[{"enterText":"ZL01","selector":{"controlType":"sap.m.Input","viewName":"etm.portal.ui.manageyards.view.New","viewId":"application-manageyards-display-component---NewYard","bindingPath":{"path":"","propertyPath":"/DELIVERY_TYPE","modelName":"NewYardModel"},"interaction":{"idSuffix":"inner"}},"clearTextFirst":true,"interactionType":"ENTER_TEXT"}]}
RESULT: {"script":"<script> [776 bytes]","args":[{"enterText":"ZL01","selector":{"controlType":"sap.m.Input","viewName":"etm.portal.ui.manageyards.view.New","viewId":"application-manageyards-display-component---NewYard","bindingPath":{"path":"","propertyPath":"/DELIVERY_TYPE","modelName":"NewYardModel"},"interaction":{"idSuffix":"inner"}},"clearTextFirst":true,"interactionType":"ENTER_TEXT"}]}
COMMAND: POST /session/0d9d5c9b5c0356f2b9a3a02b4bb0b4ef/execute/async - {"script":"<script> [1562 bytes]","args":[{"selector":{"controlType":"sap.m.Input","viewName":"etm.portal.ui.manageyards.view.New","viewId":"application-manageyards-display-component---NewYard","bindingPath":{"path":"","propertyPath":"/AUART","modelName":"NewYardModel"},"interaction":{"idSuffix":"inner"}},"wdio_ui5_key":"etmportal.ui.manageyards.view.Newsap.m.Input{\"path\":\"\",\"propertyPath\":\"/AUART\",\"modelName\":\"NewYardModel\"}"}]}
RESULT: {"script":"<script> [1562 bytes]","args":[{"selector":{"controlType":"sap.m.Input","viewName":"etm.portal.ui.manageyards.view.New","viewId":"application-manageyards-display-component---NewYard","bindingPath":{"path":"","propertyPath":"/AUART","modelName":"NewYardModel"},"interaction":{"idSuffix":"inner"}},"wdio_ui5_key":"etmportal.ui.manageyards.view.Newsap.m.Input{\"path\":\"\",\"propertyPath\":\"/AUART\",\"modelName\":\"NewYardModel\"}"}]}
RESULT: undefined
COMMAND: POST /session/0d9d5c9b5c0356f2b9a3a02b4bb0b4ef/execute/async - {"script":"<script> [776 bytes]","args":[{"enterText":"TA","selector":{"controlType":"sap.m.Input","viewName":"etm.portal.ui.manageyards.view.New","viewId":"application-manageyards-display-component---NewYard","bindingPath":{"path":"","propertyPath":"/AUART","modelName":"NewYardModel"},"interaction":{"idSuffix":"inner"}},"clearTextFirst":true,"interactionType":"ENTER_TEXT"}]}
RESULT: {"script":"<script> [776 bytes]","args":[{"enterText":"TA","selector":{"controlType":"sap.m.Input","viewName":"etm.portal.ui.manageyards.view.New","viewId":"application-manageyards-display-component---NewYard","bindingPath":{"path":"","propertyPath":"/AUART","modelName":"NewYardModel"},"interaction":{"idSuffix":"inner"}},"clearTextFirst":true,"interactionType":"ENTER_TEXT"}]}
COMMAND: POST /session/0d9d5c9b5c0356f2b9a3a02b4bb0b4ef/element - {"using":"xpath","value":"//button[@data-kt=\"newYardSaveButton\"]"}
RESULT: {"using":"xpath","value":"//button[@data-kt=\"newYardSaveButton\"]"}
COMMAND: POST /session/0d9d5c9b5c0356f2b9a3a02b4bb0b4ef/element/f.8D305AF5F41F69993DBB881F1763EACD.d.2F051A964D75287306FD96C3CB91D68A.e.633/click - {}
RESULT: {}
COMMAND: GET /session/0d9d5c9b5c0356f2b9a3a02b4bb0b4ef/screenshot - {}
RESULT: {}
COMMAND: POST /session/0d9d5c9b5c0356f2b9a3a02b4bb0b4ef/element - {"using":"xpath","value":"//header[contains(@id, 'ObjectPageLayout-headerTitle')]/div[1]/div[2]/div[1]/span[1]"}
RESULT: {"using":"xpath","value":"//header[contains(@id, 'ObjectPageLayout-headerTitle')]/div[1]/div[2]/div[1]/span[1]"}
COMMAND: POST /session/0d9d5c9b5c0356f2b9a3a02b4bb0b4ef/elements - {"using":"xpath","value":"//header[contains(@id, 'ObjectPageLayout-headerTitle')]/div[1]/div[2]/div[1]/span[1]"}
RESULT: {"using":"xpath","value":"//header[contains(@id, 'ObjectPageLayout-headerTitle')]/div[1]/div[2]/div[1]/span[1]"}
COMMAND: POST /session/0d9d5c9b5c0356f2b9a3a02b4bb0b4ef/execute/sync - {"script":"<script> [56 bytes]","args":[{"element-6066-11e4-a52e-4f735466cecf":"f.8D305AF5F41F69993DBB881F1763EACD.d.2F051A964D75287306FD96C3CB91D68A.e.920","ELEMENT":"f.8D305AF5F41F69993DBB881F1763EACD.d.2F051A964D75287306FD96C3CB91D68A.e.920"}]}
RESULT: {"script":"<script> [56 bytes]","args":[{"element-6066-11e4-a52e-4f735466cecf":"f.8D305AF5F41F69993DBB881F1763EACD.d.2F051A964D75287306FD96C3CB91D68A.e.920","ELEMENT":"f.8D305AF5F41F69993DBB881F1763EACD.d.2F051A964D75287306FD96C3CB91D68A.e.920"}]}
COMMAND: GET /session/0d9d5c9b5c0356f2b9a3a02b4bb0b4ef/screenshot - {}
RESULT: {}
COMMAND: POST /session/0d9d5c9b5c0356f2b9a3a02b4bb0b4ef/element - {"using":"css selector","value":"#shell-header-logo"}
RESULT: {"using":"css selector","value":"#shell-header-logo"}
COMMAND: POST /session/0d9d5c9b5c0356f2b9a3a02b4bb0b4ef/element/f.8D305AF5F41F69993DBB881F1763EACD.d.2F051A964D75287306FD96C3CB91D68A.e.279/click - {}
RESULT: {}
COMMAND: GET /session/0d9d5c9b5c0356f2b9a3a02b4bb0b4ef/screenshot - {}
RESULT: {}
COMMAND: POST /session/0d9d5c9b5c0356f2b9a3a02b4bb0b4ef/execute/sync - {"script":"<script> [299 bytes]","args":[["getModel","getResource"]]}
RESULT: {"script":"<script> [299 bytes]","args":[["getModel","getResource"]]}
COMMAND: GET /session/0d9d5c9b5c0356f2b9a3a02b4bb0b4ef/screenshot - {}
]]></system-out>
    </testcase>
    <testcase classname="chrome.135_0_7049_96.windows.Billing_Transfer_-_Master_data_&amp;_Intercompany_US127250" name="Should create a new partner" time="126.582">
      <system-out><![CDATA[
COMMAND: POST /session/0d9d5c9b5c0356f2b9a3a02b4bb0b4ef/window/fullscreen - {}
RESULT: {}
RESULT: {}
COMMAND: POST /session/0d9d5c9b5c0356f2b9a3a02b4bb0b4ef/execute/async - {"script":"<script> [1562 bytes]","args":[{"selector":{"controlType":"sap.m.GenericTile","properties":{"header":"Manage Partners"}},"wdio_ui5_key":"sapm.GenericTile{\"header\":\"Manage Partners\"}"}]}
RESULT: {"script":"<script> [1562 bytes]","args":[{"selector":{"controlType":"sap.m.GenericTile","properties":{"header":"Manage Partners"}},"wdio_ui5_key":"sapm.GenericTile{\"header\":\"Manage Partners\"}"}]}
RESULT: undefined
COMMAND: POST /session/0d9d5c9b5c0356f2b9a3a02b4bb0b4ef/element - {"using":"xpath","value":"//*[@id=\"__tile38\"]"}
RESULT: {"using":"xpath","value":"//*[@id=\"__tile38\"]"}
COMMAND: POST /session/0d9d5c9b5c0356f2b9a3a02b4bb0b4ef/element/f.8D305AF5F41F69993DBB881F1763EACD.d.2F051A964D75287306FD96C3CB91D68A.e.152/click - {}
RESULT: {}
COMMAND: POST /session/0d9d5c9b5c0356f2b9a3a02b4bb0b4ef/element - {"using":"xpath","value":"//button[@data-kt=\"addButton\"]"}
COMMAND: GET /session/0d9d5c9b5c0356f2b9a3a02b4bb0b4ef/screenshot - {}
RESULT: {"using":"xpath","value":"//button[@data-kt=\"addButton\"]"}
COMMAND: POST /session/0d9d5c9b5c0356f2b9a3a02b4bb0b4ef/elements - {"using":"xpath","value":"//button[@data-kt=\"addButton\"]"}
RESULT: {}
RESULT: {"using":"xpath","value":"//button[@data-kt=\"addButton\"]"}
COMMAND: POST /session/0d9d5c9b5c0356f2b9a3a02b4bb0b4ef/elements - {"using":"xpath","value":"//button[@data-kt=\"addButton\"]"}
RESULT: {"using":"xpath","value":"//button[@data-kt=\"addButton\"]"}
COMMAND: POST /session/0d9d5c9b5c0356f2b9a3a02b4bb0b4ef/elements - {"using":"xpath","value":"//button[@data-kt=\"addButton\"]"}
RESULT: {"using":"xpath","value":"//button[@data-kt=\"addButton\"]"}
COMMAND: POST /session/0d9d5c9b5c0356f2b9a3a02b4bb0b4ef/elements - {"using":"xpath","value":"//button[@data-kt=\"addButton\"]"}
RESULT: {"using":"xpath","value":"//button[@data-kt=\"addButton\"]"}
COMMAND: POST /session/0d9d5c9b5c0356f2b9a3a02b4bb0b4ef/elements - {"using":"xpath","value":"//button[@data-kt=\"addButton\"]"}
RESULT: {"using":"xpath","value":"//button[@data-kt=\"addButton\"]"}
COMMAND: POST /session/0d9d5c9b5c0356f2b9a3a02b4bb0b4ef/elements - {"using":"xpath","value":"//button[@data-kt=\"addButton\"]"}
RESULT: {"using":"xpath","value":"//button[@data-kt=\"addButton\"]"}
COMMAND: POST /session/0d9d5c9b5c0356f2b9a3a02b4bb0b4ef/elements - {"using":"xpath","value":"//button[@data-kt=\"addButton\"]"}
RESULT: {"using":"xpath","value":"//button[@data-kt=\"addButton\"]"}
COMMAND: POST /session/0d9d5c9b5c0356f2b9a3a02b4bb0b4ef/elements - {"using":"xpath","value":"//button[@data-kt=\"addButton\"]"}
RESULT: {"using":"xpath","value":"//button[@data-kt=\"addButton\"]"}
COMMAND: POST /session/0d9d5c9b5c0356f2b9a3a02b4bb0b4ef/elements - {"using":"xpath","value":"//button[@data-kt=\"addButton\"]"}
RESULT: {"using":"xpath","value":"//button[@data-kt=\"addButton\"]"}
COMMAND: POST /session/0d9d5c9b5c0356f2b9a3a02b4bb0b4ef/elements - {"using":"xpath","value":"//button[@data-kt=\"addButton\"]"}
RESULT: {"using":"xpath","value":"//button[@data-kt=\"addButton\"]"}
COMMAND: POST /session/0d9d5c9b5c0356f2b9a3a02b4bb0b4ef/elements - {"using":"xpath","value":"//button[@data-kt=\"addButton\"]"}
RESULT: {"using":"xpath","value":"//button[@data-kt=\"addButton\"]"}
COMMAND: POST /session/0d9d5c9b5c0356f2b9a3a02b4bb0b4ef/elements - {"using":"xpath","value":"//button[@data-kt=\"addButton\"]"}
RESULT: {"using":"xpath","value":"//button[@data-kt=\"addButton\"]"}
COMMAND: POST /session/0d9d5c9b5c0356f2b9a3a02b4bb0b4ef/elements - {"using":"xpath","value":"//button[@data-kt=\"addButton\"]"}
RESULT: {"using":"xpath","value":"//button[@data-kt=\"addButton\"]"}
COMMAND: POST /session/0d9d5c9b5c0356f2b9a3a02b4bb0b4ef/elements - {"using":"xpath","value":"//button[@data-kt=\"addButton\"]"}
RESULT: {"using":"xpath","value":"//button[@data-kt=\"addButton\"]"}
COMMAND: POST /session/0d9d5c9b5c0356f2b9a3a02b4bb0b4ef/elements - {"using":"xpath","value":"//button[@data-kt=\"addButton\"]"}
RESULT: {"using":"xpath","value":"//button[@data-kt=\"addButton\"]"}
COMMAND: POST /session/0d9d5c9b5c0356f2b9a3a02b4bb0b4ef/elements - {"using":"xpath","value":"//button[@data-kt=\"addButton\"]"}
RESULT: {"using":"xpath","value":"//button[@data-kt=\"addButton\"]"}
COMMAND: POST /session/0d9d5c9b5c0356f2b9a3a02b4bb0b4ef/elements - {"using":"xpath","value":"//button[@data-kt=\"addButton\"]"}
RESULT: {"using":"xpath","value":"//button[@data-kt=\"addButton\"]"}
COMMAND: POST /session/0d9d5c9b5c0356f2b9a3a02b4bb0b4ef/elements - {"using":"xpath","value":"//button[@data-kt=\"addButton\"]"}
RESULT: {"using":"xpath","value":"//button[@data-kt=\"addButton\"]"}
COMMAND: POST /session/0d9d5c9b5c0356f2b9a3a02b4bb0b4ef/elements - {"using":"xpath","value":"//button[@data-kt=\"addButton\"]"}
RESULT: {"using":"xpath","value":"//button[@data-kt=\"addButton\"]"}
COMMAND: POST /session/0d9d5c9b5c0356f2b9a3a02b4bb0b4ef/elements - {"using":"xpath","value":"//button[@data-kt=\"addButton\"]"}
RESULT: {"using":"xpath","value":"//button[@data-kt=\"addButton\"]"}
COMMAND: POST /session/0d9d5c9b5c0356f2b9a3a02b4bb0b4ef/elements - {"using":"xpath","value":"//button[@data-kt=\"addButton\"]"}
RESULT: {"using":"xpath","value":"//button[@data-kt=\"addButton\"]"}
COMMAND: POST /session/0d9d5c9b5c0356f2b9a3a02b4bb0b4ef/elements - {"using":"xpath","value":"//button[@data-kt=\"addButton\"]"}
RESULT: {"using":"xpath","value":"//button[@data-kt=\"addButton\"]"}
COMMAND: POST /session/0d9d5c9b5c0356f2b9a3a02b4bb0b4ef/elements - {"using":"xpath","value":"//button[@data-kt=\"addButton\"]"}
RESULT: {"using":"xpath","value":"//button[@data-kt=\"addButton\"]"}
COMMAND: POST /session/0d9d5c9b5c0356f2b9a3a02b4bb0b4ef/elements - {"using":"xpath","value":"//button[@data-kt=\"addButton\"]"}
RESULT: {"using":"xpath","value":"//button[@data-kt=\"addButton\"]"}
COMMAND: POST /session/0d9d5c9b5c0356f2b9a3a02b4bb0b4ef/elements - {"using":"xpath","value":"//button[@data-kt=\"addButton\"]"}
RESULT: {"using":"xpath","value":"//button[@data-kt=\"addButton\"]"}
COMMAND: POST /session/0d9d5c9b5c0356f2b9a3a02b4bb0b4ef/elements - {"using":"xpath","value":"//button[@data-kt=\"addButton\"]"}
RESULT: {"using":"xpath","value":"//button[@data-kt=\"addButton\"]"}
COMMAND: POST /session/0d9d5c9b5c0356f2b9a3a02b4bb0b4ef/elements - {"using":"xpath","value":"//button[@data-kt=\"addButton\"]"}
RESULT: {"using":"xpath","value":"//button[@data-kt=\"addButton\"]"}
COMMAND: POST /session/0d9d5c9b5c0356f2b9a3a02b4bb0b4ef/elements - {"using":"xpath","value":"//button[@data-kt=\"addButton\"]"}
RESULT: {"using":"xpath","value":"//button[@data-kt=\"addButton\"]"}
COMMAND: POST /session/0d9d5c9b5c0356f2b9a3a02b4bb0b4ef/elements - {"using":"xpath","value":"//button[@data-kt=\"addButton\"]"}
RESULT: {"using":"xpath","value":"//button[@data-kt=\"addButton\"]"}
COMMAND: POST /session/0d9d5c9b5c0356f2b9a3a02b4bb0b4ef/elements - {"using":"xpath","value":"//button[@data-kt=\"addButton\"]"}
RESULT: {"using":"xpath","value":"//button[@data-kt=\"addButton\"]"}
COMMAND: POST /session/0d9d5c9b5c0356f2b9a3a02b4bb0b4ef/elements - {"using":"xpath","value":"//button[@data-kt=\"addButton\"]"}
RESULT: {"using":"xpath","value":"//button[@data-kt=\"addButton\"]"}
COMMAND: POST /session/0d9d5c9b5c0356f2b9a3a02b4bb0b4ef/element - {"using":"xpath","value":"//button[@data-kt=\"addButton\"]"}
RESULT: {"using":"xpath","value":"//button[@data-kt=\"addButton\"]"}
COMMAND: POST /session/0d9d5c9b5c0356f2b9a3a02b4bb0b4ef/execute/sync - {"script":"<script> [8489 bytes]","args":[{"element-6066-11e4-a52e-4f735466cecf":"f.8D305AF5F41F69993DBB881F1763EACD.d.2F051A964D75287306FD96C3CB91D68A.e.971","ELEMENT":"f.8D305AF5F41F69993DBB881F1763EACD.d.2F051A964D75287306FD96C3CB91D68A.e.971"}]}
RESULT: {"script":"<script> [8489 bytes]","args":[{"element-6066-11e4-a52e-4f735466cecf":"f.8D305AF5F41F69993DBB881F1763EACD.d.2F051A964D75287306FD96C3CB91D68A.e.971","ELEMENT":"f.8D305AF5F41F69993DBB881F1763EACD.d.2F051A964D75287306FD96C3CB91D68A.e.971"}]}
COMMAND: GET /session/0d9d5c9b5c0356f2b9a3a02b4bb0b4ef/element/f.8D305AF5F41F69993DBB881F1763EACD.d.2F051A964D75287306FD96C3CB91D68A.e.971/enabled - {}
COMMAND: GET /session/0d9d5c9b5c0356f2b9a3a02b4bb0b4ef/screenshot - {}
RESULT: {}
COMMAND: POST /session/0d9d5c9b5c0356f2b9a3a02b4bb0b4ef/execute/sync - {"script":"<script> [8489 bytes]","args":[{"element-6066-11e4-a52e-4f735466cecf":"f.8D305AF5F41F69993DBB881F1763EACD.d.2F051A964D75287306FD96C3CB91D68A.e.971","ELEMENT":"f.8D305AF5F41F69993DBB881F1763EACD.d.2F051A964D75287306FD96C3CB91D68A.e.971"}]}
COMMAND: GET /session/0d9d5c9b5c0356f2b9a3a02b4bb0b4ef/screenshot - {}
RESULT: {}
RESULT: {"script":"<script> [8489 bytes]","args":[{"element-6066-11e4-a52e-4f735466cecf":"f.8D305AF5F41F69993DBB881F1763EACD.d.2F051A964D75287306FD96C3CB91D68A.e.971","ELEMENT":"f.8D305AF5F41F69993DBB881F1763EACD.d.2F051A964D75287306FD96C3CB91D68A.e.971"}]}
COMMAND: POST /session/0d9d5c9b5c0356f2b9a3a02b4bb0b4ef/execute/sync - {"script":"<script> [5351 bytes]","args":[{"element-6066-11e4-a52e-4f735466cecf":"f.8D305AF5F41F69993DBB881F1763EACD.d.2F051A964D75287306FD96C3CB91D68A.e.971","ELEMENT":"f.8D305AF5F41F69993DBB881F1763EACD.d.2F051A964D75287306FD96C3CB91D68A.e.971"}]}
COMMAND: GET /session/0d9d5c9b5c0356f2b9a3a02b4bb0b4ef/screenshot - {}
RESULT: {}
RESULT: {"script":"<script> [5351 bytes]","args":[{"element-6066-11e4-a52e-4f735466cecf":"f.8D305AF5F41F69993DBB881F1763EACD.d.2F051A964D75287306FD96C3CB91D68A.e.971","ELEMENT":"f.8D305AF5F41F69993DBB881F1763EACD.d.2F051A964D75287306FD96C3CB91D68A.e.971"}]}
COMMAND: POST /session/0d9d5c9b5c0356f2b9a3a02b4bb0b4ef/element/f.8D305AF5F41F69993DBB881F1763EACD.d.2F051A964D75287306FD96C3CB91D68A.e.971/click - {}
RESULT: {}
COMMAND: GET /session/0d9d5c9b5c0356f2b9a3a02b4bb0b4ef/screenshot - {}
RESULT: {}
COMMAND: GET /session/0d9d5c9b5c0356f2b9a3a02b4bb0b4ef/screenshot - {}
RESULT: {}
RESULT: {}
COMMAND: POST /session/0d9d5c9b5c0356f2b9a3a02b4bb0b4ef/execute/async - {"script":"<script> [1562 bytes]","args":[{"selector":{"id":"application-managepartners-display-component---NewPartner--addressDetailDetailsName1","interaction":{"idSuffix":"inner"}},"wdio_ui5_key":"applicationmanagepartners-display-component---NewPartner--addressDetailDetailsName1"}]}
RESULT: {"script":"<script> [1562 bytes]","args":[{"selector":{"id":"application-managepartners-display-component---NewPartner--addressDetailDetailsName1","interaction":{"idSuffix":"inner"}},"wdio_ui5_key":"applicationmanagepartners-display-component---NewPartner--addressDetailDetailsName1"}]}
RESULT: undefined
COMMAND: POST /session/0d9d5c9b5c0356f2b9a3a02b4bb0b4ef/execute/async - {"script":"<script> [776 bytes]","args":[{"enterText":"Intercompany Partner WDIO","selector":{"id":"application-managepartners-display-component---NewPartner--addressDetailDetailsName1","interaction":{"idSuffix":"inner"}},"clearTextFirst":true,"interactionType":"ENTER_TEXT"}]}
RESULT: {"script":"<script> [776 bytes]","args":[{"enterText":"Intercompany Partner WDIO","selector":{"id":"application-managepartners-display-component---NewPartner--addressDetailDetailsName1","interaction":{"idSuffix":"inner"}},"clearTextFirst":true,"interactionType":"ENTER_TEXT"}]}
COMMAND: POST /session/0d9d5c9b5c0356f2b9a3a02b4bb0b4ef/execute/async - {"script":"<script> [1562 bytes]","args":[{"selector":{"id":"application-managepartners-display-component---NewPartner--addressDetailDetailsLanguage-arrow"},"wdio_ui5_key":"applicationmanagepartners-display-component---NewPartner--addressDetailDetailsLanguage-arrow"}]}
RESULT: {"script":"<script> [1562 bytes]","args":[{"selector":{"id":"application-managepartners-display-component---NewPartner--addressDetailDetailsLanguage-arrow"},"wdio_ui5_key":"applicationmanagepartners-display-component---NewPartner--addressDetailDetailsLanguage-arrow"}]}
RESULT: undefined
COMMAND: POST /session/0d9d5c9b5c0356f2b9a3a02b4bb0b4ef/element - {"using":"xpath","value":"//*[@id=\"application-managepartners-display-component---NewPartner--addressDetailDetailsLanguage-arrow\"]"}
RESULT: {"using":"xpath","value":"//*[@id=\"application-managepartners-display-component---NewPartner--addressDetailDetailsLanguage-arrow\"]"}
COMMAND: POST /session/0d9d5c9b5c0356f2b9a3a02b4bb0b4ef/element/f.8D305AF5F41F69993DBB881F1763EACD.d.2F051A964D75287306FD96C3CB91D68A.e.1407/click - {}
RESULT: {}
COMMAND: POST /session/0d9d5c9b5c0356f2b9a3a02b4bb0b4ef/element - {"using":"xpath","value":"//span[contains(text(), \"English\")]"}
COMMAND: GET /session/0d9d5c9b5c0356f2b9a3a02b4bb0b4ef/screenshot - {}
RESULT: {"using":"xpath","value":"//span[contains(text(), \"English\")]"}
COMMAND: POST /session/0d9d5c9b5c0356f2b9a3a02b4bb0b4ef/element/f.8D305AF5F41F69993DBB881F1763EACD.d.2F051A964D75287306FD96C3CB91D68A.e.1408/click - {}
RESULT: {}
RESULT: {}
COMMAND: GET /session/0d9d5c9b5c0356f2b9a3a02b4bb0b4ef/screenshot - {}
RESULT: {}
COMMAND: POST /session/0d9d5c9b5c0356f2b9a3a02b4bb0b4ef/execute/async - {"script":"<script> [1562 bytes]","args":[{"selector":{"id":"application-managepartners-display-component---NewPartner--addressDetailDetailsCity1","interaction":{"idSuffix":"inner"}},"wdio_ui5_key":"applicationmanagepartners-display-component---NewPartner--addressDetailDetailsCity1"}]}
RESULT: {"script":"<script> [1562 bytes]","args":[{"selector":{"id":"application-managepartners-display-component---NewPartner--addressDetailDetailsCity1","interaction":{"idSuffix":"inner"}},"wdio_ui5_key":"applicationmanagepartners-display-component---NewPartner--addressDetailDetailsCity1"}]}
RESULT: undefined
COMMAND: POST /session/0d9d5c9b5c0356f2b9a3a02b4bb0b4ef/execute/async - {"script":"<script> [776 bytes]","args":[{"enterText":"Rosario","selector":{"id":"application-managepartners-display-component---NewPartner--addressDetailDetailsCity1","interaction":{"idSuffix":"inner"}},"clearTextFirst":true,"interactionType":"ENTER_TEXT"}]}
RESULT: {"script":"<script> [776 bytes]","args":[{"enterText":"Rosario","selector":{"id":"application-managepartners-display-component---NewPartner--addressDetailDetailsCity1","interaction":{"idSuffix":"inner"}},"clearTextFirst":true,"interactionType":"ENTER_TEXT"}]}
COMMAND: POST /session/0d9d5c9b5c0356f2b9a3a02b4bb0b4ef/execute/async - {"script":"<script> [1562 bytes]","args":[{"selector":{"id":"application-managepartners-display-component---NewPartner--addressDetailDetailsCountry-arrow"},"wdio_ui5_key":"applicationmanagepartners-display-component---NewPartner--addressDetailDetailsCountry-arrow"}]}
RESULT: {"script":"<script> [1562 bytes]","args":[{"selector":{"id":"application-managepartners-display-component---NewPartner--addressDetailDetailsCountry-arrow"},"wdio_ui5_key":"applicationmanagepartners-display-component---NewPartner--addressDetailDetailsCountry-arrow"}]}
RESULT: undefined
COMMAND: POST /session/0d9d5c9b5c0356f2b9a3a02b4bb0b4ef/element - {"using":"xpath","value":"//*[@id=\"application-managepartners-display-component---NewPartner--addressDetailDetailsCountry-arrow\"]"}
RESULT: {"using":"xpath","value":"//*[@id=\"application-managepartners-display-component---NewPartner--addressDetailDetailsCountry-arrow\"]"}
COMMAND: POST /session/0d9d5c9b5c0356f2b9a3a02b4bb0b4ef/element/f.8D305AF5F41F69993DBB881F1763EACD.d.2F051A964D75287306FD96C3CB91D68A.e.1364/click - {}
RESULT: {}
COMMAND: POST /session/0d9d5c9b5c0356f2b9a3a02b4bb0b4ef/element - {"using":"xpath","value":"//span[contains(text(), \"Argentina\")]"}
COMMAND: GET /session/0d9d5c9b5c0356f2b9a3a02b4bb0b4ef/screenshot - {}
RESULT: {"using":"xpath","value":"//span[contains(text(), \"Argentina\")]"}
COMMAND: POST /session/0d9d5c9b5c0356f2b9a3a02b4bb0b4ef/element/f.8D305AF5F41F69993DBB881F1763EACD.d.2F051A964D75287306FD96C3CB91D68A.e.1410/click - {}
RESULT: {}
RESULT: {}
COMMAND: GET /session/0d9d5c9b5c0356f2b9a3a02b4bb0b4ef/screenshot - {}
RESULT: {}
COMMAND: POST /session/0d9d5c9b5c0356f2b9a3a02b4bb0b4ef/element - {"using":"xpath","value":"//bdi[contains(text(), \"Commercial\")]"}
RESULT: {"using":"xpath","value":"//bdi[contains(text(), \"Commercial\")]"}
COMMAND: POST /session/0d9d5c9b5c0356f2b9a3a02b4bb0b4ef/element/f.8D305AF5F41F69993DBB881F1763EACD.d.2F051A964D75287306FD96C3CB91D68A.e.1411/click - {}
RESULT: {}
COMMAND: GET /session/0d9d5c9b5c0356f2b9a3a02b4bb0b4ef/screenshot - {}
RESULT: {}
COMMAND: POST /session/0d9d5c9b5c0356f2b9a3a02b4bb0b4ef/execute/async - {"script":"<script> [1562 bytes]","args":[{"selector":{"id":"application-managepartners-display-component---NewPartner--partnerDetailInternal-arrow"},"wdio_ui5_key":"applicationmanagepartners-display-component---NewPartner--partnerDetailInternal-arrow"}]}
RESULT: {"script":"<script> [1562 bytes]","args":[{"selector":{"id":"application-managepartners-display-component---NewPartner--partnerDetailInternal-arrow"},"wdio_ui5_key":"applicationmanagepartners-display-component---NewPartner--partnerDetailInternal-arrow"}]}
RESULT: undefined
COMMAND: POST /session/0d9d5c9b5c0356f2b9a3a02b4bb0b4ef/element - {"using":"xpath","value":"//*[@id=\"application-managepartners-display-component---NewPartner--partnerDetailInternal-arrow\"]"}
RESULT: {"using":"xpath","value":"//*[@id=\"application-managepartners-display-component---NewPartner--partnerDetailInternal-arrow\"]"}
COMMAND: POST /session/0d9d5c9b5c0356f2b9a3a02b4bb0b4ef/element/f.8D305AF5F41F69993DBB881F1763EACD.d.2F051A964D75287306FD96C3CB91D68A.e.1417/click - {}
RESULT: {}
COMMAND: POST /session/0d9d5c9b5c0356f2b9a3a02b4bb0b4ef/element - {"using":"xpath","value":"//span[contains(text(), \"Affiliated company\")]"}
COMMAND: GET /session/0d9d5c9b5c0356f2b9a3a02b4bb0b4ef/screenshot - {}
RESULT: {"using":"xpath","value":"//span[contains(text(), \"Affiliated company\")]"}
COMMAND: POST /session/0d9d5c9b5c0356f2b9a3a02b4bb0b4ef/element/f.8D305AF5F41F69993DBB881F1763EACD.d.2F051A964D75287306FD96C3CB91D68A.e.1418/click - {}
RESULT: {}
RESULT: {}
COMMAND: POST /session/0d9d5c9b5c0356f2b9a3a02b4bb0b4ef/execute/async - {"script":"<script> [1562 bytes]","args":[{"selector":{"id":"application-managepartners-display-component---NewPartner--partnerDetailsCurrency-arrow"},"wdio_ui5_key":"applicationmanagepartners-display-component---NewPartner--partnerDetailsCurrency-arrow"}]}
COMMAND: GET /session/0d9d5c9b5c0356f2b9a3a02b4bb0b4ef/screenshot - {}
RESULT: {"script":"<script> [1562 bytes]","args":[{"selector":{"id":"application-managepartners-display-component---NewPartner--partnerDetailsCurrency-arrow"},"wdio_ui5_key":"applicationmanagepartners-display-component---NewPartner--partnerDetailsCurrency-arrow"}]}
RESULT: undefined
COMMAND: POST /session/0d9d5c9b5c0356f2b9a3a02b4bb0b4ef/element - {"using":"xpath","value":"//*[@id=\"application-managepartners-display-component---NewPartner--partnerDetailsCurrency-arrow\"]"}
RESULT: {}
RESULT: {"using":"xpath","value":"//*[@id=\"application-managepartners-display-component---NewPartner--partnerDetailsCurrency-arrow\"]"}
COMMAND: POST /session/0d9d5c9b5c0356f2b9a3a02b4bb0b4ef/element/f.8D305AF5F41F69993DBB881F1763EACD.d.2F051A964D75287306FD96C3CB91D68A.e.1425/click - {}
RESULT: {}
COMMAND: POST /session/0d9d5c9b5c0356f2b9a3a02b4bb0b4ef/element - {"using":"xpath","value":"//span[contains(text(), \"Euro\")]"}
COMMAND: GET /session/0d9d5c9b5c0356f2b9a3a02b4bb0b4ef/screenshot - {}
RESULT: {"using":"xpath","value":"//span[contains(text(), \"Euro\")]"}
COMMAND: POST /session/0d9d5c9b5c0356f2b9a3a02b4bb0b4ef/element/f.8D305AF5F41F69993DBB881F1763EACD.d.2F051A964D75287306FD96C3CB91D68A.e.1426/click - {}
RESULT: {}
RESULT: {}
COMMAND: POST /session/0d9d5c9b5c0356f2b9a3a02b4bb0b4ef/execute/async - {"script":"<script> [1562 bytes]","args":[{"selector":{"id":"application-managepartners-display-component---NewPartner--addressEditDetailsCostObjectCstType-arrow"},"wdio_ui5_key":"applicationmanagepartners-display-component---NewPartner--addressEditDetailsCostObjectCstType-arrow"}]}
COMMAND: GET /session/0d9d5c9b5c0356f2b9a3a02b4bb0b4ef/screenshot - {}
RESULT: {"script":"<script> [1562 bytes]","args":[{"selector":{"id":"application-managepartners-display-component---NewPartner--addressEditDetailsCostObjectCstType-arrow"},"wdio_ui5_key":"applicationmanagepartners-display-component---NewPartner--addressEditDetailsCostObjectCstType-arrow"}]}
RESULT: undefined
COMMAND: POST /session/0d9d5c9b5c0356f2b9a3a02b4bb0b4ef/element - {"using":"xpath","value":"//*[@id=\"application-managepartners-display-component---NewPartner--addressEditDetailsCostObjectCstType-arrow\"]"}
RESULT: {}
RESULT: {"using":"xpath","value":"//*[@id=\"application-managepartners-display-component---NewPartner--addressEditDetailsCostObjectCstType-arrow\"]"}
COMMAND: POST /session/0d9d5c9b5c0356f2b9a3a02b4bb0b4ef/element/f.8D305AF5F41F69993DBB881F1763EACD.d.2F051A964D75287306FD96C3CB91D68A.e.1427/click - {}
RESULT: {}
COMMAND: POST /session/0d9d5c9b5c0356f2b9a3a02b4bb0b4ef/element - {"using":"xpath","value":"//span[contains(text(), \"Cost Center\")]"}
COMMAND: GET /session/0d9d5c9b5c0356f2b9a3a02b4bb0b4ef/screenshot - {}
RESULT: {"using":"xpath","value":"//span[contains(text(), \"Cost Center\")]"}
COMMAND: POST /session/0d9d5c9b5c0356f2b9a3a02b4bb0b4ef/element/f.8D305AF5F41F69993DBB881F1763EACD.d.2F051A964D75287306FD96C3CB91D68A.e.1428/click - {}
RESULT: {}
RESULT: {}
COMMAND: GET /session/0d9d5c9b5c0356f2b9a3a02b4bb0b4ef/screenshot - {}
RESULT: {}
COMMAND: POST /session/0d9d5c9b5c0356f2b9a3a02b4bb0b4ef/element - {"using":"xpath","value":"//span[@id=\"application-managepartners-display-component---NewPartner--addressNewCostObjectCstID-vhi\"]"}
RESULT: {"using":"xpath","value":"//span[@id=\"application-managepartners-display-component---NewPartner--addressNewCostObjectCstID-vhi\"]"}
COMMAND: POST /session/0d9d5c9b5c0356f2b9a3a02b4bb0b4ef/element - {"using":"xpath","value":"//span[@id=\"application-managepartners-display-component---NewPartner--addressNewCostObjectCstID-vhi\"]"}
RESULT: {"using":"xpath","value":"//span[@id=\"application-managepartners-display-component---NewPartner--addressNewCostObjectCstID-vhi\"]"}
COMMAND: POST /session/0d9d5c9b5c0356f2b9a3a02b4bb0b4ef/element - {"using":"xpath","value":"//input[@id=\"application-managepartners-display-component---NewPartner--addressNewCostObjectCstID-inner\"]"}
RESULT: {"using":"xpath","value":"//input[@id=\"application-managepartners-display-component---NewPartner--addressNewCostObjectCstID-inner\"]"}
COMMAND: POST /session/0d9d5c9b5c0356f2b9a3a02b4bb0b4ef/execute/sync - {"script":"<script> [8489 bytes]","args":[{"element-6066-11e4-a52e-4f735466cecf":"f.8D305AF5F41F69993DBB881F1763EACD.d.2F051A964D75287306FD96C3CB91D68A.e.1430","ELEMENT":"f.8D305AF5F41F69993DBB881F1763EACD.d.2F051A964D75287306FD96C3CB91D68A.e.1430"}]}
RESULT: {"script":"<script> [8489 bytes]","args":[{"element-6066-11e4-a52e-4f735466cecf":"f.8D305AF5F41F69993DBB881F1763EACD.d.2F051A964D75287306FD96C3CB91D68A.e.1430","ELEMENT":"f.8D305AF5F41F69993DBB881F1763EACD.d.2F051A964D75287306FD96C3CB91D68A.e.1430"}]}
COMMAND: POST /session/0d9d5c9b5c0356f2b9a3a02b4bb0b4ef/element/f.8D305AF5F41F69993DBB881F1763EACD.d.2F051A964D75287306FD96C3CB91D68A.e.1430/clear - {}
COMMAND: GET /session/0d9d5c9b5c0356f2b9a3a02b4bb0b4ef/screenshot - {}
COMMAND: POST /session/0d9d5c9b5c0356f2b9a3a02b4bb0b4ef/element - {"using":"xpath","value":"//input[@id=\"application-managepartners-display-component---NewPartner--addressNewCostObjectCstID-inner\"]"}
RESULT: {}
RESULT: {"using":"xpath","value":"//input[@id=\"application-managepartners-display-component---NewPartner--addressNewCostObjectCstID-inner\"]"}
COMMAND: POST /session/0d9d5c9b5c0356f2b9a3a02b4bb0b4ef/element/f.8D305AF5F41F69993DBB881F1763EACD.d.2F051A964D75287306FD96C3CB91D68A.e.1430/clear - {}
COMMAND: POST /session/0d9d5c9b5c0356f2b9a3a02b4bb0b4ef/element - {"using":"xpath","value":"//input[@id=\"application-managepartners-display-component---NewPartner--addressNewCostObjectCstID-inner\"]"}
RESULT: {"using":"xpath","value":"//input[@id=\"application-managepartners-display-component---NewPartner--addressNewCostObjectCstID-inner\"]"}
COMMAND: POST /session/0d9d5c9b5c0356f2b9a3a02b4bb0b4ef/element/f.8D305AF5F41F69993DBB881F1763EACD.d.2F051A964D75287306FD96C3CB91D68A.e.1432/clear - {}
RESULT: {}
COMMAND: POST /session/0d9d5c9b5c0356f2b9a3a02b4bb0b4ef/element/f.8D305AF5F41F69993DBB881F1763EACD.d.2F051A964D75287306FD96C3CB91D68A.e.1432/value - {"text":"10001013"}
COMMAND: GET /session/0d9d5c9b5c0356f2b9a3a02b4bb0b4ef/screenshot - {}
RESULT: {"text":"10001013"}
COMMAND: GET /session/0d9d5c9b5c0356f2b9a3a02b4bb0b4ef/screenshot - {}
RESULT: {}
RESULT: {}
COMMAND: POST /session/0d9d5c9b5c0356f2b9a3a02b4bb0b4ef/element - {"using":"xpath","value":"//input[@id=\"application-managepartners-display-component---NewPartner--companyCodeComboBox-inner\"]"}
RESULT: {"using":"xpath","value":"//input[@id=\"application-managepartners-display-component---NewPartner--companyCodeComboBox-inner\"]"}
COMMAND: POST /session/0d9d5c9b5c0356f2b9a3a02b4bb0b4ef/element/f.8D305AF5F41F69993DBB881F1763EACD.d.2F051A964D75287306FD96C3CB91D68A.e.1359/clear - {}
RESULT: {}
COMMAND: POST /session/0d9d5c9b5c0356f2b9a3a02b4bb0b4ef/element/f.8D305AF5F41F69993DBB881F1763EACD.d.2F051A964D75287306FD96C3CB91D68A.e.1359/value - {"text":"C002"}
COMMAND: GET /session/0d9d5c9b5c0356f2b9a3a02b4bb0b4ef/screenshot - {}
RESULT: {}
RESULT: {"text":"C002"}
COMMAND: GET /session/0d9d5c9b5c0356f2b9a3a02b4bb0b4ef/screenshot - {}
RESULT: {}
COMMAND: POST /session/0d9d5c9b5c0356f2b9a3a02b4bb0b4ef/element - {"using":"xpath","value":"//span[contains(text(), \"C002\")]"}
RESULT: {"using":"xpath","value":"//span[contains(text(), \"C002\")]"}
COMMAND: POST /session/0d9d5c9b5c0356f2b9a3a02b4bb0b4ef/element/f.8D305AF5F41F69993DBB881F1763EACD.d.2F051A964D75287306FD96C3CB91D68A.e.1439/click - {}
RESULT: {}
COMMAND: GET /session/0d9d5c9b5c0356f2b9a3a02b4bb0b4ef/screenshot - {}
RESULT: {}
COMMAND: POST /session/0d9d5c9b5c0356f2b9a3a02b4bb0b4ef/execute/async - {"script":"<script> [1562 bytes]","args":[{"selector":{"id":"application-managepartners-display-component---NewPartner--btnAddTableRow-img"},"wdio_ui5_key":"applicationmanagepartners-display-component---NewPartner--btnAddTableRow-img"}]}
RESULT: {"script":"<script> [1562 bytes]","args":[{"selector":{"id":"application-managepartners-display-component---NewPartner--btnAddTableRow-img"},"wdio_ui5_key":"applicationmanagepartners-display-component---NewPartner--btnAddTableRow-img"}]}
RESULT: undefined
COMMAND: POST /session/0d9d5c9b5c0356f2b9a3a02b4bb0b4ef/element - {"using":"xpath","value":"//*[@id=\"application-managepartners-display-component---NewPartner--btnAddTableRow-img\"]"}
RESULT: {"using":"xpath","value":"//*[@id=\"application-managepartners-display-component---NewPartner--btnAddTableRow-img\"]"}
COMMAND: POST /session/0d9d5c9b5c0356f2b9a3a02b4bb0b4ef/element/f.8D305AF5F41F69993DBB881F1763EACD.d.2F051A964D75287306FD96C3CB91D68A.e.1440/click - {}
RESULT: {}
COMMAND: GET /session/0d9d5c9b5c0356f2b9a3a02b4bb0b4ef/screenshot - {}
RESULT: {}
COMMAND: POST /session/0d9d5c9b5c0356f2b9a3a02b4bb0b4ef/element - {"using":"xpath","value":"//input[@id=\"application-managepartners-display-component---NewPartner--assignmentYard-application-managepartners-display-component---NewPartner--assignmentsTable-0-inner\"]"}
RESULT: {"using":"xpath","value":"//input[@id=\"application-managepartners-display-component---NewPartner--assignmentYard-application-managepartners-display-component---NewPartner--assignmentsTable-0-inner\"]"}
COMMAND: POST /session/0d9d5c9b5c0356f2b9a3a02b4bb0b4ef/element/f.8D305AF5F41F69993DBB881F1763EACD.d.2F051A964D75287306FD96C3CB91D68A.e.1443/clear - {}
RESULT: {}
COMMAND: POST /session/0d9d5c9b5c0356f2b9a3a02b4bb0b4ef/element/f.8D305AF5F41F69993DBB881F1763EACD.d.2F051A964D75287306FD96C3CB91D68A.e.1443/value - {"text":"295"}
COMMAND: GET /session/0d9d5c9b5c0356f2b9a3a02b4bb0b4ef/screenshot - {}
RESULT: {"text":"295"}
COMMAND: GET /session/0d9d5c9b5c0356f2b9a3a02b4bb0b4ef/screenshot - {}
RESULT: {}
RESULT: {}
COMMAND: POST /session/0d9d5c9b5c0356f2b9a3a02b4bb0b4ef/element - {"using":"xpath","value":"//li[.//span[text()='295']]"}
RESULT: {"using":"xpath","value":"//li[.//span[text()='295']]"}
COMMAND: POST /session/0d9d5c9b5c0356f2b9a3a02b4bb0b4ef/element/f.8D305AF5F41F69993DBB881F1763EACD.d.2F051A964D75287306FD96C3CB91D68A.e.1452/click - {}
RESULT: {}
COMMAND: GET /session/0d9d5c9b5c0356f2b9a3a02b4bb0b4ef/screenshot - {}
RESULT: {}
COMMAND: POST /session/0d9d5c9b5c0356f2b9a3a02b4bb0b4ef/actions - {"actions":[{"id":"action2","type":"key","parameters":{},"actions":[{"type":"keyDown","value":"î€‡"},{"type":"pause","duration":10},{"type":"keyUp","value":"î€‡"}]}]}
RESULT: {"actions":[{"id":"action2","type":"key","parameters":{},"actions":[{"type":"keyDown","value":"î€‡"},{"type":"pause","duration":10},{"type":"keyUp","value":"î€‡"}]}]}
COMMAND: POST /session/0d9d5c9b5c0356f2b9a3a02b4bb0b4ef/execute/async - {"script":"<script> [1562 bytes]","args":[{"selector":{"id":"application-managepartners-display-component---NewPartner--externalCustomerComboBox-application-managepartners-display-component---NewPartner--assignmentsTable-0-vhi"},"wdio_ui5_key":"applicationmanagepartners-display-component---NewPartner--externalCustomerComboBox-application-managepartners-display-component---NewPartner--assignmentsTable-0-vhi"}]}
COMMAND: GET /session/0d9d5c9b5c0356f2b9a3a02b4bb0b4ef/screenshot - {}
RESULT: {"script":"<script> [1562 bytes]","args":[{"selector":{"id":"application-managepartners-display-component---NewPartner--externalCustomerComboBox-application-managepartners-display-component---NewPartner--assignmentsTable-0-vhi"},"wdio_ui5_key":"applicationmanagepartners-display-component---NewPartner--externalCustomerComboBox-application-managepartners-display-component---NewPartner--assignmentsTable-0-vhi"}]}
RESULT: undefined
COMMAND: POST /session/0d9d5c9b5c0356f2b9a3a02b4bb0b4ef/element - {"using":"xpath","value":"//*[@id=\"application-managepartners-display-component---NewPartner--externalCustomerComboBox-application-managepartners-display-component---NewPartner--assignmentsTable-0-vhi\"]"}
RESULT: {}
RESULT: {"using":"xpath","value":"//*[@id=\"application-managepartners-display-component---NewPartner--externalCustomerComboBox-application-managepartners-display-component---NewPartner--assignmentsTable-0-vhi\"]"}
COMMAND: POST /session/0d9d5c9b5c0356f2b9a3a02b4bb0b4ef/element/f.8D305AF5F41F69993DBB881F1763EACD.d.2F051A964D75287306FD96C3CB91D68A.e.1456/click - {}
RESULT: {}
RESULT: undefined
COMMAND: POST /session/0d9d5c9b5c0356f2b9a3a02b4bb0b4ef/execute/async - {"script":"<script> [776 bytes]","args":[{"enterText":"300003","selector":{"controlType":"sap.m.SearchField","properties":{"placeholder":"Search"},"searchOpenDialogs":true,"interaction":{"idSuffix":"I"}},"clearTextFirst":true,"interactionType":"ENTER_TEXT"}]}
COMMAND: GET /session/0d9d5c9b5c0356f2b9a3a02b4bb0b4ef/screenshot - {}
RESULT: {"script":"<script> [776 bytes]","args":[{"enterText":"300003","selector":{"controlType":"sap.m.SearchField","properties":{"placeholder":"Search"},"searchOpenDialogs":true,"interaction":{"idSuffix":"I"}},"clearTextFirst":true,"interactionType":"ENTER_TEXT"}]}
COMMAND: POST /session/0d9d5c9b5c0356f2b9a3a02b4bb0b4ef/actions - {"actions":[{"id":"action3","type":"key","parameters":{},"actions":[{"type":"keyDown","value":"î€‡"},{"type":"pause","duration":10},{"type":"keyUp","value":"î€‡"}]}]}
RESULT: {}
RESULT: {"actions":[{"id":"action3","type":"key","parameters":{},"actions":[{"type":"keyDown","value":"î€‡"},{"type":"pause","duration":10},{"type":"keyUp","value":"î€‡"}]}]}
COMMAND: GET /session/0d9d5c9b5c0356f2b9a3a02b4bb0b4ef/screenshot - {}
RESULT: {}
COMMAND: POST /session/0d9d5c9b5c0356f2b9a3a02b4bb0b4ef/element - {"using":"xpath","value":"//span[contains(text(), \"300003\")]"}
RESULT: {"using":"xpath","value":"//span[contains(text(), \"300003\")]"}
COMMAND: POST /session/0d9d5c9b5c0356f2b9a3a02b4bb0b4ef/element/f.8D305AF5F41F69993DBB881F1763EACD.d.2F051A964D75287306FD96C3CB91D68A.e.1473/click - {}
RESULT: {}
COMMAND: GET /session/0d9d5c9b5c0356f2b9a3a02b4bb0b4ef/screenshot - {}
RESULT: {}
COMMAND: POST /session/0d9d5c9b5c0356f2b9a3a02b4bb0b4ef/element - {"using":"xpath","value":"//bdi[contains(text(), \"OK\")]"}
RESULT: {"using":"xpath","value":"//bdi[contains(text(), \"OK\")]"}
COMMAND: POST /session/0d9d5c9b5c0356f2b9a3a02b4bb0b4ef/element/f.8D305AF5F41F69993DBB881F1763EACD.d.2F051A964D75287306FD96C3CB91D68A.e.1475/click - {}
RESULT: {}
COMMAND: GET /session/0d9d5c9b5c0356f2b9a3a02b4bb0b4ef/screenshot - {}
RESULT: {}
COMMAND: POST /session/0d9d5c9b5c0356f2b9a3a02b4bb0b4ef/execute/async - {"script":"<script> [1562 bytes]","args":[{"selector":{"id":"application-managepartners-display-component---NewPartner--intercompVendorComboBox-application-managepartners-display-component---NewPartner--assignmentsTable-0-vhi"},"wdio_ui5_key":"applicationmanagepartners-display-component---NewPartner--intercompVendorComboBox-application-managepartners-display-component---NewPartner--assignmentsTable-0-vhi"}]}
RESULT: {"script":"<script> [1562 bytes]","args":[{"selector":{"id":"application-managepartners-display-component---NewPartner--intercompVendorComboBox-application-managepartners-display-component---NewPartner--assignmentsTable-0-vhi"},"wdio_ui5_key":"applicationmanagepartners-display-component---NewPartner--intercompVendorComboBox-application-managepartners-display-component---NewPartner--assignmentsTable-0-vhi"}]}
RESULT: undefined
COMMAND: POST /session/0d9d5c9b5c0356f2b9a3a02b4bb0b4ef/element - {"using":"xpath","value":"//*[@id=\"application-managepartners-display-component---NewPartner--intercompVendorComboBox-application-managepartners-display-component---NewPartner--assignmentsTable-0-vhi\"]"}
RESULT: {"using":"xpath","value":"//*[@id=\"application-managepartners-display-component---NewPartner--intercompVendorComboBox-application-managepartners-display-component---NewPartner--assignmentsTable-0-vhi\"]"}
COMMAND: POST /session/0d9d5c9b5c0356f2b9a3a02b4bb0b4ef/element/f.8D305AF5F41F69993DBB881F1763EACD.d.2F051A964D75287306FD96C3CB91D68A.e.1479/click - {}
RESULT: {}
RESULT: undefined
COMMAND: POST /session/0d9d5c9b5c0356f2b9a3a02b4bb0b4ef/execute/async - {"script":"<script> [776 bytes]","args":[{"enterText":"100005","selector":{"controlType":"sap.m.SearchField","properties":{"placeholder":"Search"},"searchOpenDialogs":true,"interaction":{"idSuffix":"I"}},"clearTextFirst":true,"interactionType":"ENTER_TEXT"}]}
COMMAND: GET /session/0d9d5c9b5c0356f2b9a3a02b4bb0b4ef/screenshot - {}
RESULT: {"script":"<script> [776 bytes]","args":[{"enterText":"100005","selector":{"controlType":"sap.m.SearchField","properties":{"placeholder":"Search"},"searchOpenDialogs":true,"interaction":{"idSuffix":"I"}},"clearTextFirst":true,"interactionType":"ENTER_TEXT"}]}
COMMAND: POST /session/0d9d5c9b5c0356f2b9a3a02b4bb0b4ef/actions - {"actions":[{"id":"action4","type":"key","parameters":{},"actions":[{"type":"keyDown","value":"î€‡"},{"type":"pause","duration":10},{"type":"keyUp","value":"î€‡"}]}]}
RESULT: {}
RESULT: {"actions":[{"id":"action4","type":"key","parameters":{},"actions":[{"type":"keyDown","value":"î€‡"},{"type":"pause","duration":10},{"type":"keyUp","value":"î€‡"}]}]}
COMMAND: GET /session/0d9d5c9b5c0356f2b9a3a02b4bb0b4ef/screenshot - {}
RESULT: {}
COMMAND: POST /session/0d9d5c9b5c0356f2b9a3a02b4bb0b4ef/element - {"using":"xpath","value":"//span[contains(text(), \"Penguins - Field/12345 Berlin\")]"}
RESULT: {"using":"xpath","value":"//span[contains(text(), \"Penguins - Field/12345 Berlin\")]"}
COMMAND: POST /session/0d9d5c9b5c0356f2b9a3a02b4bb0b4ef/element/f.8D305AF5F41F69993DBB881F1763EACD.d.2F051A964D75287306FD96C3CB91D68A.e.1496/click - {}
RESULT: {}
COMMAND: GET /session/0d9d5c9b5c0356f2b9a3a02b4bb0b4ef/screenshot - {}
RESULT: {}
COMMAND: POST /session/0d9d5c9b5c0356f2b9a3a02b4bb0b4ef/element - {"using":"xpath","value":"//bdi[contains(text(), \"OK\")]"}
RESULT: {"using":"xpath","value":"//bdi[contains(text(), \"OK\")]"}
COMMAND: POST /session/0d9d5c9b5c0356f2b9a3a02b4bb0b4ef/element/f.8D305AF5F41F69993DBB881F1763EACD.d.2F051A964D75287306FD96C3CB91D68A.e.1497/click - {}
RESULT: {}
COMMAND: GET /session/0d9d5c9b5c0356f2b9a3a02b4bb0b4ef/screenshot - {}
RESULT: {}
COMMAND: POST /session/0d9d5c9b5c0356f2b9a3a02b4bb0b4ef/element - {"using":"xpath","value":"//button[@data-kt=\"saveButton\"]"}
RESULT: {"using":"xpath","value":"//button[@data-kt=\"saveButton\"]"}
COMMAND: POST /session/0d9d5c9b5c0356f2b9a3a02b4bb0b4ef/element/f.8D305AF5F41F69993DBB881F1763EACD.d.2F051A964D75287306FD96C3CB91D68A.e.1385/click - {}
RESULT: {}
COMMAND: GET /session/0d9d5c9b5c0356f2b9a3a02b4bb0b4ef/screenshot - {}
RESULT: {}
COMMAND: POST /session/0d9d5c9b5c0356f2b9a3a02b4bb0b4ef/element - {"using":"xpath","value":"//header[contains(@id, 'ObjectPageLayout-headerTitle')]/div[1]/div[2]/div[2]/span[1]"}
RESULT: {"using":"xpath","value":"//header[contains(@id, 'ObjectPageLayout-headerTitle')]/div[1]/div[2]/div[2]/span[1]"}
COMMAND: POST /session/0d9d5c9b5c0356f2b9a3a02b4bb0b4ef/elements - {"using":"xpath","value":"//header[contains(@id, 'ObjectPageLayout-headerTitle')]/div[1]/div[2]/div[2]/span[1]"}
RESULT: {"using":"xpath","value":"//header[contains(@id, 'ObjectPageLayout-headerTitle')]/div[1]/div[2]/div[2]/span[1]"}
COMMAND: POST /session/0d9d5c9b5c0356f2b9a3a02b4bb0b4ef/execute/sync - {"script":"<script> [56 bytes]","args":[{"element-6066-11e4-a52e-4f735466cecf":"f.8D305AF5F41F69993DBB881F1763EACD.d.2F051A964D75287306FD96C3CB91D68A.e.1661","ELEMENT":"f.8D305AF5F41F69993DBB881F1763EACD.d.2F051A964D75287306FD96C3CB91D68A.e.1661"}]}
RESULT: {"script":"<script> [56 bytes]","args":[{"element-6066-11e4-a52e-4f735466cecf":"f.8D305AF5F41F69993DBB881F1763EACD.d.2F051A964D75287306FD96C3CB91D68A.e.1661","ELEMENT":"f.8D305AF5F41F69993DBB881F1763EACD.d.2F051A964D75287306FD96C3CB91D68A.e.1661"}]}
COMMAND: POST /session/0d9d5c9b5c0356f2b9a3a02b4bb0b4ef/element - {"using":"css selector","value":"#shell-header-logo"}
COMMAND: GET /session/0d9d5c9b5c0356f2b9a3a02b4bb0b4ef/screenshot - {}
RESULT: {"using":"css selector","value":"#shell-header-logo"}
COMMAND: POST /session/0d9d5c9b5c0356f2b9a3a02b4bb0b4ef/element/f.8D305AF5F41F69993DBB881F1763EACD.d.2F051A964D75287306FD96C3CB91D68A.e.926/click - {}
RESULT: {}
RESULT: {}
COMMAND: GET /session/0d9d5c9b5c0356f2b9a3a02b4bb0b4ef/screenshot - {}
RESULT: {}
COMMAND: POST /session/0d9d5c9b5c0356f2b9a3a02b4bb0b4ef/execute/sync - {"script":"<script> [299 bytes]","args":[["getModel","getResource"]]}
RESULT: {"script":"<script> [299 bytes]","args":[["getModel","getResource"]]}
COMMAND: GET /session/0d9d5c9b5c0356f2b9a3a02b4bb0b4ef/screenshot - {}
]]></system-out>
    </testcase>
    <testcase classname="chrome.135_0_7049_96.windows.Billing_Transfer_-_Master_data_&amp;_Intercompany_US127250" name="Should create a new site" time="101.813">
      <system-out><![CDATA[
COMMAND: POST /session/0d9d5c9b5c0356f2b9a3a02b4bb0b4ef/execute/async - {"script":"<script> [1562 bytes]","args":[{"selector":{"controlType":"sap.m.TileContent","bindingPath":{"path":"","propertyPath":"/properties/info"},"ancestor":{"controlType":"sap.m.GenericTile","properties":{"header":"Manage Sites"}}},"wdio_ui5_key":"sapm.TileContent{\"path\":\"\",\"propertyPath\":\"/properties/info\"}{\"controlType\":\"sap.m.GenericTile\",\"properties\":{\"header\":\"Manage Sites\"}}"}]}
RESULT: {}
RESULT: {"script":"<script> [1562 bytes]","args":[{"selector":{"controlType":"sap.m.TileContent","bindingPath":{"path":"","propertyPath":"/properties/info"},"ancestor":{"controlType":"sap.m.GenericTile","properties":{"header":"Manage Sites"}}},"wdio_ui5_key":"sapm.TileContent{\"path\":\"\",\"propertyPath\":\"/properties/info\"}{\"controlType\":\"sap.m.GenericTile\",\"properties\":{\"header\":\"Manage Sites\"}}"}]}
RESULT: undefined
COMMAND: POST /session/0d9d5c9b5c0356f2b9a3a02b4bb0b4ef/element - {"using":"xpath","value":"//*[@id=\"__xmlview7--numericTileContent\"]"}
RESULT: {"using":"xpath","value":"//*[@id=\"__xmlview7--numericTileContent\"]"}
COMMAND: POST /session/0d9d5c9b5c0356f2b9a3a02b4bb0b4ef/element/f.8D305AF5F41F69993DBB881F1763EACD.d.2F051A964D75287306FD96C3CB91D68A.e.1663/click - {}
RESULT: {}
COMMAND: POST /session/0d9d5c9b5c0356f2b9a3a02b4bb0b4ef/element - {"using":"xpath","value":"//button[@data-kt=\"addOverflowToolbarButton\"]"}
COMMAND: GET /session/0d9d5c9b5c0356f2b9a3a02b4bb0b4ef/screenshot - {}
RESULT: {"using":"xpath","value":"//button[@data-kt=\"addOverflowToolbarButton\"]"}
COMMAND: POST /session/0d9d5c9b5c0356f2b9a3a02b4bb0b4ef/elements - {"using":"xpath","value":"//button[@data-kt=\"addOverflowToolbarButton\"]"}
RESULT: {}
RESULT: {"using":"xpath","value":"//button[@data-kt=\"addOverflowToolbarButton\"]"}
COMMAND: POST /session/0d9d5c9b5c0356f2b9a3a02b4bb0b4ef/elements - {"using":"xpath","value":"//button[@data-kt=\"addOverflowToolbarButton\"]"}
RESULT: {"using":"xpath","value":"//button[@data-kt=\"addOverflowToolbarButton\"]"}
COMMAND: POST /session/0d9d5c9b5c0356f2b9a3a02b4bb0b4ef/elements - {"using":"xpath","value":"//button[@data-kt=\"addOverflowToolbarButton\"]"}
RESULT: {"using":"xpath","value":"//button[@data-kt=\"addOverflowToolbarButton\"]"}
COMMAND: POST /session/0d9d5c9b5c0356f2b9a3a02b4bb0b4ef/element - {"using":"xpath","value":"//button[@data-kt=\"addOverflowToolbarButton\"]"}
RESULT: {"using":"xpath","value":"//button[@data-kt=\"addOverflowToolbarButton\"]"}
COMMAND: POST /session/0d9d5c9b5c0356f2b9a3a02b4bb0b4ef/execute/sync - {"script":"<script> [8489 bytes]","args":[{"element-6066-11e4-a52e-4f735466cecf":"f.8D305AF5F41F69993DBB881F1763EACD.d.2F051A964D75287306FD96C3CB91D68A.e.1718","ELEMENT":"f.8D305AF5F41F69993DBB881F1763EACD.d.2F051A964D75287306FD96C3CB91D68A.e.1718"}]}
RESULT: {"script":"<script> [8489 bytes]","args":[{"element-6066-11e4-a52e-4f735466cecf":"f.8D305AF5F41F69993DBB881F1763EACD.d.2F051A964D75287306FD96C3CB91D68A.e.1718","ELEMENT":"f.8D305AF5F41F69993DBB881F1763EACD.d.2F051A964D75287306FD96C3CB91D68A.e.1718"}]}
COMMAND: GET /session/0d9d5c9b5c0356f2b9a3a02b4bb0b4ef/element/f.8D305AF5F41F69993DBB881F1763EACD.d.2F051A964D75287306FD96C3CB91D68A.e.1718/enabled - {}
COMMAND: GET /session/0d9d5c9b5c0356f2b9a3a02b4bb0b4ef/screenshot - {}
RESULT: {}
COMMAND: POST /session/0d9d5c9b5c0356f2b9a3a02b4bb0b4ef/execute/sync - {"script":"<script> [8489 bytes]","args":[{"element-6066-11e4-a52e-4f735466cecf":"f.8D305AF5F41F69993DBB881F1763EACD.d.2F051A964D75287306FD96C3CB91D68A.e.1718","ELEMENT":"f.8D305AF5F41F69993DBB881F1763EACD.d.2F051A964D75287306FD96C3CB91D68A.e.1718"}]}
COMMAND: GET /session/0d9d5c9b5c0356f2b9a3a02b4bb0b4ef/screenshot - {}
RESULT: {}
RESULT: {"script":"<script> [8489 bytes]","args":[{"element-6066-11e4-a52e-4f735466cecf":"f.8D305AF5F41F69993DBB881F1763EACD.d.2F051A964D75287306FD96C3CB91D68A.e.1718","ELEMENT":"f.8D305AF5F41F69993DBB881F1763EACD.d.2F051A964D75287306FD96C3CB91D68A.e.1718"}]}
COMMAND: POST /session/0d9d5c9b5c0356f2b9a3a02b4bb0b4ef/execute/sync - {"script":"<script> [5351 bytes]","args":[{"element-6066-11e4-a52e-4f735466cecf":"f.8D305AF5F41F69993DBB881F1763EACD.d.2F051A964D75287306FD96C3CB91D68A.e.1718","ELEMENT":"f.8D305AF5F41F69993DBB881F1763EACD.d.2F051A964D75287306FD96C3CB91D68A.e.1718"}]}
COMMAND: GET /session/0d9d5c9b5c0356f2b9a3a02b4bb0b4ef/screenshot - {}
RESULT: {}
RESULT: {"script":"<script> [5351 bytes]","args":[{"element-6066-11e4-a52e-4f735466cecf":"f.8D305AF5F41F69993DBB881F1763EACD.d.2F051A964D75287306FD96C3CB91D68A.e.1718","ELEMENT":"f.8D305AF5F41F69993DBB881F1763EACD.d.2F051A964D75287306FD96C3CB91D68A.e.1718"}]}
COMMAND: POST /session/0d9d5c9b5c0356f2b9a3a02b4bb0b4ef/element/f.8D305AF5F41F69993DBB881F1763EACD.d.2F051A964D75287306FD96C3CB91D68A.e.1718/click - {}
COMMAND: GET /session/0d9d5c9b5c0356f2b9a3a02b4bb0b4ef/screenshot - {}
RESULT: {}
RESULT: {}
COMMAND: GET /session/0d9d5c9b5c0356f2b9a3a02b4bb0b4ef/screenshot - {}
COMMAND: POST /session/0d9d5c9b5c0356f2b9a3a02b4bb0b4ef/execute/async - {"script":"<script> [1562 bytes]","args":[{"selector":{"id":"application-managesites-display-component---NewSite--addressDetailDetailsName1","interaction":{"idSuffix":"inner"}},"wdio_ui5_key":"applicationmanagesites-display-component---NewSite--addressDetailDetailsName1"}]}
RESULT: {}
RESULT: {}
RESULT: {"script":"<script> [1562 bytes]","args":[{"selector":{"id":"application-managesites-display-component---NewSite--addressDetailDetailsName1","interaction":{"idSuffix":"inner"}},"wdio_ui5_key":"applicationmanagesites-display-component---NewSite--addressDetailDetailsName1"}]}
RESULT: undefined
COMMAND: POST /session/0d9d5c9b5c0356f2b9a3a02b4bb0b4ef/execute/async - {"script":"<script> [776 bytes]","args":[{"enterText":"Intercompany Site wdIO","selector":{"id":"application-managesites-display-component---NewSite--addressDetailDetailsName1","interaction":{"idSuffix":"inner"}},"clearTextFirst":true,"interactionType":"ENTER_TEXT"}]}
RESULT: {"script":"<script> [776 bytes]","args":[{"enterText":"Intercompany Site wdIO","selector":{"id":"application-managesites-display-component---NewSite--addressDetailDetailsName1","interaction":{"idSuffix":"inner"}},"clearTextFirst":true,"interactionType":"ENTER_TEXT"}]}
COMMAND: POST /session/0d9d5c9b5c0356f2b9a3a02b4bb0b4ef/execute/async - {"script":"<script> [1562 bytes]","args":[{"selector":{"id":"application-managesites-display-component---NewSite--addressDetailDetailsLanguage-arrow"},"wdio_ui5_key":"applicationmanagesites-display-component---NewSite--addressDetailDetailsLanguage-arrow"}]}
RESULT: {"script":"<script> [1562 bytes]","args":[{"selector":{"id":"application-managesites-display-component---NewSite--addressDetailDetailsLanguage-arrow"},"wdio_ui5_key":"applicationmanagesites-display-component---NewSite--addressDetailDetailsLanguage-arrow"}]}
RESULT: undefined
COMMAND: POST /session/0d9d5c9b5c0356f2b9a3a02b4bb0b4ef/element - {"using":"xpath","value":"//*[@id=\"application-managesites-display-component---NewSite--addressDetailDetailsLanguage-arrow\"]"}
RESULT: {"using":"xpath","value":"//*[@id=\"application-managesites-display-component---NewSite--addressDetailDetailsLanguage-arrow\"]"}
COMMAND: POST /session/0d9d5c9b5c0356f2b9a3a02b4bb0b4ef/element/f.8D305AF5F41F69993DBB881F1763EACD.d.2F051A964D75287306FD96C3CB91D68A.e.2110/click - {}
RESULT: {}
COMMAND: POST /session/0d9d5c9b5c0356f2b9a3a02b4bb0b4ef/element - {"using":"xpath","value":"//span[contains(text(), \"English\")]"}
COMMAND: GET /session/0d9d5c9b5c0356f2b9a3a02b4bb0b4ef/screenshot - {}
RESULT: {"using":"xpath","value":"//span[contains(text(), \"English\")]"}
COMMAND: POST /session/0d9d5c9b5c0356f2b9a3a02b4bb0b4ef/element/f.8D305AF5F41F69993DBB881F1763EACD.d.2F051A964D75287306FD96C3CB91D68A.e.2111/click - {}
RESULT: {}
RESULT: {}
COMMAND: POST /session/0d9d5c9b5c0356f2b9a3a02b4bb0b4ef/execute/async - {"script":"<script> [1562 bytes]","args":[{"selector":{"id":"application-managesites-display-component---NewSite--addressDetailDetailsCity1","interaction":{"idSuffix":"inner"}},"wdio_ui5_key":"applicationmanagesites-display-component---NewSite--addressDetailDetailsCity1"}]}
COMMAND: GET /session/0d9d5c9b5c0356f2b9a3a02b4bb0b4ef/screenshot - {}
RESULT: {"script":"<script> [1562 bytes]","args":[{"selector":{"id":"application-managesites-display-component---NewSite--addressDetailDetailsCity1","interaction":{"idSuffix":"inner"}},"wdio_ui5_key":"applicationmanagesites-display-component---NewSite--addressDetailDetailsCity1"}]}
RESULT: undefined
COMMAND: POST /session/0d9d5c9b5c0356f2b9a3a02b4bb0b4ef/execute/async - {"script":"<script> [776 bytes]","args":[{"enterText":"Rosario","selector":{"id":"application-managesites-display-component---NewSite--addressDetailDetailsCity1","interaction":{"idSuffix":"inner"}},"clearTextFirst":true,"interactionType":"ENTER_TEXT"}]}
RESULT: {}
RESULT: {"script":"<script> [776 bytes]","args":[{"enterText":"Rosario","selector":{"id":"application-managesites-display-component---NewSite--addressDetailDetailsCity1","interaction":{"idSuffix":"inner"}},"clearTextFirst":true,"interactionType":"ENTER_TEXT"}]}
COMMAND: POST /session/0d9d5c9b5c0356f2b9a3a02b4bb0b4ef/execute/async - {"script":"<script> [1562 bytes]","args":[{"selector":{"id":"application-managesites-display-component---NewSite--addressDetailDetailsCountry-arrow"},"wdio_ui5_key":"applicationmanagesites-display-component---NewSite--addressDetailDetailsCountry-arrow"}]}
RESULT: {"script":"<script> [1562 bytes]","args":[{"selector":{"id":"application-managesites-display-component---NewSite--addressDetailDetailsCountry-arrow"},"wdio_ui5_key":"applicationmanagesites-display-component---NewSite--addressDetailDetailsCountry-arrow"}]}
RESULT: undefined
COMMAND: POST /session/0d9d5c9b5c0356f2b9a3a02b4bb0b4ef/element - {"using":"xpath","value":"//*[@id=\"application-managesites-display-component---NewSite--addressDetailDetailsCountry-arrow\"]"}
RESULT: {"using":"xpath","value":"//*[@id=\"application-managesites-display-component---NewSite--addressDetailDetailsCountry-arrow\"]"}
COMMAND: POST /session/0d9d5c9b5c0356f2b9a3a02b4bb0b4ef/element/f.8D305AF5F41F69993DBB881F1763EACD.d.2F051A964D75287306FD96C3CB91D68A.e.2113/click - {}
RESULT: {}
COMMAND: POST /session/0d9d5c9b5c0356f2b9a3a02b4bb0b4ef/element - {"using":"xpath","value":"//span[contains(text(), \"Argentina\")]"}
COMMAND: GET /session/0d9d5c9b5c0356f2b9a3a02b4bb0b4ef/screenshot - {}
RESULT: {"using":"xpath","value":"//span[contains(text(), \"Argentina\")]"}
COMMAND: POST /session/0d9d5c9b5c0356f2b9a3a02b4bb0b4ef/element/f.8D305AF5F41F69993DBB881F1763EACD.d.2F051A964D75287306FD96C3CB91D68A.e.2114/click - {}
RESULT: {}
RESULT: {}
COMMAND: GET /session/0d9d5c9b5c0356f2b9a3a02b4bb0b4ef/screenshot - {}
RESULT: {}
COMMAND: POST /session/0d9d5c9b5c0356f2b9a3a02b4bb0b4ef/execute/async - {"script":"<script> [1562 bytes]","args":[{"selector":{"id":"application-managesites-display-component---NewSite--addressEditDetailsCostObjectCstType-arrow"},"wdio_ui5_key":"applicationmanagesites-display-component---NewSite--addressEditDetailsCostObjectCstType-arrow"}]}
RESULT: {"script":"<script> [1562 bytes]","args":[{"selector":{"id":"application-managesites-display-component---NewSite--addressEditDetailsCostObjectCstType-arrow"},"wdio_ui5_key":"applicationmanagesites-display-component---NewSite--addressEditDetailsCostObjectCstType-arrow"}]}
RESULT: undefined
COMMAND: POST /session/0d9d5c9b5c0356f2b9a3a02b4bb0b4ef/element - {"using":"xpath","value":"//*[@id=\"application-managesites-display-component---NewSite--addressEditDetailsCostObjectCstType-arrow\"]"}
RESULT: {"using":"xpath","value":"//*[@id=\"application-managesites-display-component---NewSite--addressEditDetailsCostObjectCstType-arrow\"]"}
COMMAND: POST /session/0d9d5c9b5c0356f2b9a3a02b4bb0b4ef/element/f.8D305AF5F41F69993DBB881F1763EACD.d.2F051A964D75287306FD96C3CB91D68A.e.2116/click - {}
RESULT: {}
COMMAND: POST /session/0d9d5c9b5c0356f2b9a3a02b4bb0b4ef/element - {"using":"xpath","value":"//span[contains(text(), \"Cost Center\")]"}
COMMAND: GET /session/0d9d5c9b5c0356f2b9a3a02b4bb0b4ef/screenshot - {}
RESULT: {"using":"xpath","value":"//span[contains(text(), \"Cost Center\")]"}
COMMAND: POST /session/0d9d5c9b5c0356f2b9a3a02b4bb0b4ef/element/f.8D305AF5F41F69993DBB881F1763EACD.d.2F051A964D75287306FD96C3CB91D68A.e.2118/click - {}
RESULT: {}
RESULT: {}
COMMAND: GET /session/0d9d5c9b5c0356f2b9a3a02b4bb0b4ef/screenshot - {}
RESULT: {}
COMMAND: POST /session/0d9d5c9b5c0356f2b9a3a02b4bb0b4ef/element - {"using":"xpath","value":"//span[@id=\"application-managesites-display-component---NewSite--addressNewCostObjectCstID-vhi\"]"}
RESULT: {"using":"xpath","value":"//span[@id=\"application-managesites-display-component---NewSite--addressNewCostObjectCstID-vhi\"]"}
COMMAND: POST /session/0d9d5c9b5c0356f2b9a3a02b4bb0b4ef/execute/sync - {"script":"<script> [8489 bytes]","args":[{"element-6066-11e4-a52e-4f735466cecf":"f.8D305AF5F41F69993DBB881F1763EACD.d.2F051A964D75287306FD96C3CB91D68A.e.2122","ELEMENT":"f.8D305AF5F41F69993DBB881F1763EACD.d.2F051A964D75287306FD96C3CB91D68A.e.2122"}]}
RESULT: {"script":"<script> [8489 bytes]","args":[{"element-6066-11e4-a52e-4f735466cecf":"f.8D305AF5F41F69993DBB881F1763EACD.d.2F051A964D75287306FD96C3CB91D68A.e.2122","ELEMENT":"f.8D305AF5F41F69993DBB881F1763EACD.d.2F051A964D75287306FD96C3CB91D68A.e.2122"}]}
COMMAND: POST /session/0d9d5c9b5c0356f2b9a3a02b4bb0b4ef/execute/async - {"script":"<script> [1562 bytes]","args":[{"selector":{"id":"application-managesites-display-component---NewSite--addressNewCostObjectCstID-vhi"},"wdio_ui5_key":"applicationmanagesites-display-component---NewSite--addressNewCostObjectCstID-vhi"}]}
COMMAND: GET /session/0d9d5c9b5c0356f2b9a3a02b4bb0b4ef/screenshot - {}
RESULT: {"script":"<script> [1562 bytes]","args":[{"selector":{"id":"application-managesites-display-component---NewSite--addressNewCostObjectCstID-vhi"},"wdio_ui5_key":"applicationmanagesites-display-component---NewSite--addressNewCostObjectCstID-vhi"}]}
RESULT: undefined
COMMAND: POST /session/0d9d5c9b5c0356f2b9a3a02b4bb0b4ef/element - {"using":"xpath","value":"//*[@id=\"application-managesites-display-component---NewSite--addressNewCostObjectCstID-vhi\"]"}
RESULT: {}
RESULT: {"using":"xpath","value":"//*[@id=\"application-managesites-display-component---NewSite--addressNewCostObjectCstID-vhi\"]"}
COMMAND: POST /session/0d9d5c9b5c0356f2b9a3a02b4bb0b4ef/element/f.8D305AF5F41F69993DBB881F1763EACD.d.2F051A964D75287306FD96C3CB91D68A.e.2122/click - {}
RESULT: {}
COMMAND: GET /session/0d9d5c9b5c0356f2b9a3a02b4bb0b4ef/screenshot - {}
RESULT: {}
RESULT: undefined
COMMAND: POST /session/0d9d5c9b5c0356f2b9a3a02b4bb0b4ef/execute/async - {"script":"<script> [776 bytes]","args":[{"enterText":"10001013","selector":{"controlType":"sap.m.SearchField","properties":{"placeholder":"Search"},"searchOpenDialogs":true,"interaction":{"idSuffix":"I"}},"clearTextFirst":true,"interactionType":"ENTER_TEXT"}]}
RESULT: {"script":"<script> [776 bytes]","args":[{"enterText":"10001013","selector":{"controlType":"sap.m.SearchField","properties":{"placeholder":"Search"},"searchOpenDialogs":true,"interaction":{"idSuffix":"I"}},"clearTextFirst":true,"interactionType":"ENTER_TEXT"}]}
COMMAND: POST /session/0d9d5c9b5c0356f2b9a3a02b4bb0b4ef/actions - {"actions":[{"id":"action5","type":"key","parameters":{},"actions":[{"type":"keyDown","value":"î€‡"},{"type":"pause","duration":10},{"type":"keyUp","value":"î€‡"}]}]}
RESULT: {"actions":[{"id":"action5","type":"key","parameters":{},"actions":[{"type":"keyDown","value":"î€‡"},{"type":"pause","duration":10},{"type":"keyUp","value":"î€‡"}]}]}
COMMAND: GET /session/0d9d5c9b5c0356f2b9a3a02b4bb0b4ef/screenshot - {}
RESULT: {}
COMMAND: POST /session/0d9d5c9b5c0356f2b9a3a02b4bb0b4ef/element - {"using":"xpath","value":"//span[contains(text(), \"General Management\")]"}
RESULT: {"using":"xpath","value":"//span[contains(text(), \"General Management\")]"}
COMMAND: POST /session/0d9d5c9b5c0356f2b9a3a02b4bb0b4ef/element/f.8D305AF5F41F69993DBB881F1763EACD.d.2F051A964D75287306FD96C3CB91D68A.e.2162/click - {}
RESULT: {}
COMMAND: GET /session/0d9d5c9b5c0356f2b9a3a02b4bb0b4ef/screenshot - {}
RESULT: {}
COMMAND: POST /session/0d9d5c9b5c0356f2b9a3a02b4bb0b4ef/element - {"using":"xpath","value":"//bdi[contains(text(), \"OK\")]"}
RESULT: {"using":"xpath","value":"//bdi[contains(text(), \"OK\")]"}
COMMAND: POST /session/0d9d5c9b5c0356f2b9a3a02b4bb0b4ef/element/f.8D305AF5F41F69993DBB881F1763EACD.d.2F051A964D75287306FD96C3CB91D68A.e.2163/click - {}
RESULT: {}
COMMAND: GET /session/0d9d5c9b5c0356f2b9a3a02b4bb0b4ef/screenshot - {}
RESULT: {}
COMMAND: POST /session/0d9d5c9b5c0356f2b9a3a02b4bb0b4ef/element - {"using":"xpath","value":"//input[@id=\"application-managesites-display-component---NewSite--addressDetailDetailsCalendar-inner\"]"}
RESULT: {"using":"xpath","value":"//input[@id=\"application-managesites-display-component---NewSite--addressDetailDetailsCalendar-inner\"]"}
COMMAND: POST /session/0d9d5c9b5c0356f2b9a3a02b4bb0b4ef/element/f.8D305AF5F41F69993DBB881F1763EACD.d.2F051A964D75287306FD96C3CB91D68A.e.1907/clear - {}
RESULT: {}
COMMAND: POST /session/0d9d5c9b5c0356f2b9a3a02b4bb0b4ef/element/f.8D305AF5F41F69993DBB881F1763EACD.d.2F051A964D75287306FD96C3CB91D68A.e.1907/value - {"text":"Unit"}
COMMAND: GET /session/0d9d5c9b5c0356f2b9a3a02b4bb0b4ef/screenshot - {}
RESULT: {"text":"Unit"}
COMMAND: GET /session/0d9d5c9b5c0356f2b9a3a02b4bb0b4ef/screenshot - {}
RESULT: {}
RESULT: {}
COMMAND: POST /session/0d9d5c9b5c0356f2b9a3a02b4bb0b4ef/actions - {"actions":[{"id":"action6","type":"key","parameters":{},"actions":[{"type":"keyDown","value":"î€‡"},{"type":"pause","duration":10},{"type":"keyUp","value":"î€‡"}]}]}
RESULT: {"actions":[{"id":"action6","type":"key","parameters":{},"actions":[{"type":"keyDown","value":"î€‡"},{"type":"pause","duration":10},{"type":"keyUp","value":"î€‡"}]}]}
COMMAND: POST /session/0d9d5c9b5c0356f2b9a3a02b4bb0b4ef/element - {"using":"xpath","value":"//input[@id=\"application-managesites-display-component---NewSite--addressDetailDetailsYard-inner\"]"}
COMMAND: GET /session/0d9d5c9b5c0356f2b9a3a02b4bb0b4ef/screenshot - {}
RESULT: {"using":"xpath","value":"//input[@id=\"application-managesites-display-component---NewSite--addressDetailDetailsYard-inner\"]"}
COMMAND: POST /session/0d9d5c9b5c0356f2b9a3a02b4bb0b4ef/element/f.8D305AF5F41F69993DBB881F1763EACD.d.2F051A964D75287306FD96C3CB91D68A.e.1908/clear - {}
RESULT: {}
RESULT: {}
COMMAND: POST /session/0d9d5c9b5c0356f2b9a3a02b4bb0b4ef/element/f.8D305AF5F41F69993DBB881F1763EACD.d.2F051A964D75287306FD96C3CB91D68A.e.1908/value - {"text":"295"}
COMMAND: GET /session/0d9d5c9b5c0356f2b9a3a02b4bb0b4ef/screenshot - {}
RESULT: {"text":"295"}
COMMAND: GET /session/0d9d5c9b5c0356f2b9a3a02b4bb0b4ef/screenshot - {}
RESULT: {}
RESULT: {}
COMMAND: POST /session/0d9d5c9b5c0356f2b9a3a02b4bb0b4ef/element - {"using":"xpath","value":"//li[.//span[text()='295']]"}
RESULT: {"using":"xpath","value":"//li[.//span[text()='295']]"}
COMMAND: POST /session/0d9d5c9b5c0356f2b9a3a02b4bb0b4ef/element/f.8D305AF5F41F69993DBB881F1763EACD.d.2F051A964D75287306FD96C3CB91D68A.e.2171/click - {}
RESULT: {}
COMMAND: GET /session/0d9d5c9b5c0356f2b9a3a02b4bb0b4ef/screenshot - {}
RESULT: {}
COMMAND: POST /session/0d9d5c9b5c0356f2b9a3a02b4bb0b4ef/element - {"using":"xpath","value":"//input[@id=\"application-managesites-display-component---NewSite--addressDetailDetailsPartner-inner\"]"}
RESULT: {"using":"xpath","value":"//input[@id=\"application-managesites-display-component---NewSite--addressDetailDetailsPartner-inner\"]"}
COMMAND: POST /session/0d9d5c9b5c0356f2b9a3a02b4bb0b4ef/element - {"using":"xpath","value":"//input[@id=\"application-managesites-display-component---NewSite--addressDetailDetailsPartner-inner\"]"}
RESULT: {"using":"xpath","value":"//input[@id=\"application-managesites-display-component---NewSite--addressDetailDetailsPartner-inner\"]"}
COMMAND: POST /session/0d9d5c9b5c0356f2b9a3a02b4bb0b4ef/element - {"using":"xpath","value":"//button[@data-kt=\"saveButton\"]"}
RESULT: {"using":"xpath","value":"//button[@data-kt=\"saveButton\"]"}
COMMAND: POST /session/0d9d5c9b5c0356f2b9a3a02b4bb0b4ef/element/f.8D305AF5F41F69993DBB881F1763EACD.d.2F051A964D75287306FD96C3CB91D68A.e.2103/click - {}
RESULT: {}
COMMAND: GET /session/0d9d5c9b5c0356f2b9a3a02b4bb0b4ef/screenshot - {}
RESULT: {}
COMMAND: POST /session/0d9d5c9b5c0356f2b9a3a02b4bb0b4ef/element - {"using":"xpath","value":"//header[contains(@id, 'ObjectPageLayout-headerTitle')]/div[1]/div[2]/div[2]/span[1]"}
RESULT: {"using":"xpath","value":"//header[contains(@id, 'ObjectPageLayout-headerTitle')]/div[1]/div[2]/div[2]/span[1]"}
COMMAND: POST /session/0d9d5c9b5c0356f2b9a3a02b4bb0b4ef/elements - {"using":"xpath","value":"//header[contains(@id, 'ObjectPageLayout-headerTitle')]/div[1]/div[2]/div[2]/span[1]"}
RESULT: {"using":"xpath","value":"//header[contains(@id, 'ObjectPageLayout-headerTitle')]/div[1]/div[2]/div[2]/span[1]"}
COMMAND: POST /session/0d9d5c9b5c0356f2b9a3a02b4bb0b4ef/execute/sync - {"script":"<script> [56 bytes]","args":[{"element-6066-11e4-a52e-4f735466cecf":"f.8D305AF5F41F69993DBB881F1763EACD.d.2F051A964D75287306FD96C3CB91D68A.e.2368","ELEMENT":"f.8D305AF5F41F69993DBB881F1763EACD.d.2F051A964D75287306FD96C3CB91D68A.e.2368"}]}
RESULT: {"script":"<script> [56 bytes]","args":[{"element-6066-11e4-a52e-4f735466cecf":"f.8D305AF5F41F69993DBB881F1763EACD.d.2F051A964D75287306FD96C3CB91D68A.e.2368","ELEMENT":"f.8D305AF5F41F69993DBB881F1763EACD.d.2F051A964D75287306FD96C3CB91D68A.e.2368"}]}
COMMAND: GET /session/0d9d5c9b5c0356f2b9a3a02b4bb0b4ef/screenshot - {}
COMMAND: POST /session/0d9d5c9b5c0356f2b9a3a02b4bb0b4ef/execute/sync - {"script":"<script> [56 bytes]","args":[{"element-6066-11e4-a52e-4f735466cecf":"f.8D305AF5F41F69993DBB881F1763EACD.d.2F051A964D75287306FD96C3CB91D68A.e.2368","ELEMENT":"f.8D305AF5F41F69993DBB881F1763EACD.d.2F051A964D75287306FD96C3CB91D68A.e.2368"}]}
RESULT: {}
RESULT: {"script":"<script> [56 bytes]","args":[{"element-6066-11e4-a52e-4f735466cecf":"f.8D305AF5F41F69993DBB881F1763EACD.d.2F051A964D75287306FD96C3CB91D68A.e.2368","ELEMENT":"f.8D305AF5F41F69993DBB881F1763EACD.d.2F051A964D75287306FD96C3CB91D68A.e.2368"}]}
COMMAND: POST /session/0d9d5c9b5c0356f2b9a3a02b4bb0b4ef/element - {"using":"css selector","value":"#shell-header-logo"}
COMMAND: GET /session/0d9d5c9b5c0356f2b9a3a02b4bb0b4ef/screenshot - {}
RESULT: {"using":"css selector","value":"#shell-header-logo"}
COMMAND: POST /session/0d9d5c9b5c0356f2b9a3a02b4bb0b4ef/element/f.8D305AF5F41F69993DBB881F1763EACD.d.2F051A964D75287306FD96C3CB91D68A.e.1667/click - {}
RESULT: {}
RESULT: {}
COMMAND: GET /session/0d9d5c9b5c0356f2b9a3a02b4bb0b4ef/screenshot - {}
RESULT: {}
COMMAND: POST /session/0d9d5c9b5c0356f2b9a3a02b4bb0b4ef/execute/sync - {"script":"<script> [299 bytes]","args":[["getModel","getResource"]]}
RESULT: {"script":"<script> [299 bytes]","args":[["getModel","getResource"]]}
]]></system-out>
    </testcase>
  </testsuite>
  <testsuite timestamp="2025-04-27T17:35:08" time="997.934" tests="12" failures="9" errors="9" skipped="0">
    <properties>
      <property name="specId" value="0" />
      <property name="suiteName" value="Billing Transfer - Intracompany US127249" />
      <property name="capabilities" value="chrome.135_0_7049_96.windows" />
      <property name="file" value="file:///D:/a/1/s/test/specs/BTS/billing-transfer-intracompany.spec.js" />
    </properties>
    <testcase classname="chrome.135_0_7049_96.windows.Billing_Transfer_-_Intracompany_US127249" name="Should create a new yard" time="114.491">
      <system-out><![CDATA[
COMMAND: POST /session/0d9d5c9b5c0356f2b9a3a02b4bb0b4ef/window/fullscreen - {}
RESULT: {}
COMMAND: POST /session/0d9d5c9b5c0356f2b9a3a02b4bb0b4ef/execute/async - {"script":"<script> [1562 bytes]","args":[{"selector":{"controlType":"sap.m.GenericTile","properties":{"header":"Manage Yards"}},"wdio_ui5_key":"sapm.GenericTile{\"header\":\"Manage Yards\"}"}]}
RESULT: {"script":"<script> [1562 bytes]","args":[{"selector":{"controlType":"sap.m.GenericTile","properties":{"header":"Manage Yards"}},"wdio_ui5_key":"sapm.GenericTile{\"header\":\"Manage Yards\"}"}]}
RESULT: undefined
COMMAND: POST /session/0d9d5c9b5c0356f2b9a3a02b4bb0b4ef/element - {"using":"xpath","value":"//*[@id=\"__tile41\"]"}
RESULT: {"using":"xpath","value":"//*[@id=\"__tile41\"]"}
COMMAND: POST /session/0d9d5c9b5c0356f2b9a3a02b4bb0b4ef/element/f.8D305AF5F41F69993DBB881F1763EACD.d.ACAF62180EBEC4C79303BA9B78B2B799.e.3121/click - {}
RESULT: {}
COMMAND: POST /session/0d9d5c9b5c0356f2b9a3a02b4bb0b4ef/element - {"using":"xpath","value":"//button[@data-kt=\"addNewYardOverflowToolbarButton\"]"}
COMMAND: GET /session/0d9d5c9b5c0356f2b9a3a02b4bb0b4ef/screenshot - {}
RESULT: {"using":"xpath","value":"//button[@data-kt=\"addNewYardOverflowToolbarButton\"]"}
COMMAND: POST /session/0d9d5c9b5c0356f2b9a3a02b4bb0b4ef/elements - {"using":"xpath","value":"//button[@data-kt=\"addNewYardOverflowToolbarButton\"]"}
RESULT: {}
RESULT: {"using":"xpath","value":"//button[@data-kt=\"addNewYardOverflowToolbarButton\"]"}
COMMAND: POST /session/0d9d5c9b5c0356f2b9a3a02b4bb0b4ef/elements - {"using":"xpath","value":"//button[@data-kt=\"addNewYardOverflowToolbarButton\"]"}
RESULT: {"using":"xpath","value":"//button[@data-kt=\"addNewYardOverflowToolbarButton\"]"}
COMMAND: POST /session/0d9d5c9b5c0356f2b9a3a02b4bb0b4ef/elements - {"using":"xpath","value":"//button[@data-kt=\"addNewYardOverflowToolbarButton\"]"}
RESULT: {"using":"xpath","value":"//button[@data-kt=\"addNewYardOverflowToolbarButton\"]"}
COMMAND: POST /session/0d9d5c9b5c0356f2b9a3a02b4bb0b4ef/element - {"using":"xpath","value":"//button[@data-kt=\"addNewYardOverflowToolbarButton\"]"}
RESULT: {"using":"xpath","value":"//button[@data-kt=\"addNewYardOverflowToolbarButton\"]"}
COMMAND: POST /session/0d9d5c9b5c0356f2b9a3a02b4bb0b4ef/execute/sync - {"script":"<script> [8489 bytes]","args":[{"element-6066-11e4-a52e-4f735466cecf":"f.8D305AF5F41F69993DBB881F1763EACD.d.ACAF62180EBEC4C79303BA9B78B2B799.e.3248","ELEMENT":"f.8D305AF5F41F69993DBB881F1763EACD.d.ACAF62180EBEC4C79303BA9B78B2B799.e.3248"}]}
RESULT: {"script":"<script> [8489 bytes]","args":[{"element-6066-11e4-a52e-4f735466cecf":"f.8D305AF5F41F69993DBB881F1763EACD.d.ACAF62180EBEC4C79303BA9B78B2B799.e.3248","ELEMENT":"f.8D305AF5F41F69993DBB881F1763EACD.d.ACAF62180EBEC4C79303BA9B78B2B799.e.3248"}]}
COMMAND: GET /session/0d9d5c9b5c0356f2b9a3a02b4bb0b4ef/element/f.8D305AF5F41F69993DBB881F1763EACD.d.ACAF62180EBEC4C79303BA9B78B2B799.e.3248/enabled - {}
COMMAND: GET /session/0d9d5c9b5c0356f2b9a3a02b4bb0b4ef/screenshot - {}
RESULT: {}
COMMAND: POST /session/0d9d5c9b5c0356f2b9a3a02b4bb0b4ef/execute/sync - {"script":"<script> [8489 bytes]","args":[{"element-6066-11e4-a52e-4f735466cecf":"f.8D305AF5F41F69993DBB881F1763EACD.d.ACAF62180EBEC4C79303BA9B78B2B799.e.3248","ELEMENT":"f.8D305AF5F41F69993DBB881F1763EACD.d.ACAF62180EBEC4C79303BA9B78B2B799.e.3248"}]}
COMMAND: GET /session/0d9d5c9b5c0356f2b9a3a02b4bb0b4ef/screenshot - {}
RESULT: {}
RESULT: {"script":"<script> [8489 bytes]","args":[{"element-6066-11e4-a52e-4f735466cecf":"f.8D305AF5F41F69993DBB881F1763EACD.d.ACAF62180EBEC4C79303BA9B78B2B799.e.3248","ELEMENT":"f.8D305AF5F41F69993DBB881F1763EACD.d.ACAF62180EBEC4C79303BA9B78B2B799.e.3248"}]}
COMMAND: POST /session/0d9d5c9b5c0356f2b9a3a02b4bb0b4ef/execute/sync - {"script":"<script> [5351 bytes]","args":[{"element-6066-11e4-a52e-4f735466cecf":"f.8D305AF5F41F69993DBB881F1763EACD.d.ACAF62180EBEC4C79303BA9B78B2B799.e.3248","ELEMENT":"f.8D305AF5F41F69993DBB881F1763EACD.d.ACAF62180EBEC4C79303BA9B78B2B799.e.3248"}]}
COMMAND: GET /session/0d9d5c9b5c0356f2b9a3a02b4bb0b4ef/screenshot - {}
RESULT: {}
RESULT: {"script":"<script> [5351 bytes]","args":[{"element-6066-11e4-a52e-4f735466cecf":"f.8D305AF5F41F69993DBB881F1763EACD.d.ACAF62180EBEC4C79303BA9B78B2B799.e.3248","ELEMENT":"f.8D305AF5F41F69993DBB881F1763EACD.d.ACAF62180EBEC4C79303BA9B78B2B799.e.3248"}]}
COMMAND: POST /session/0d9d5c9b5c0356f2b9a3a02b4bb0b4ef/element/f.8D305AF5F41F69993DBB881F1763EACD.d.ACAF62180EBEC4C79303BA9B78B2B799.e.3248/click - {}
COMMAND: GET /session/0d9d5c9b5c0356f2b9a3a02b4bb0b4ef/screenshot - {}
RESULT: {}
RESULT: {}
COMMAND: GET /session/0d9d5c9b5c0356f2b9a3a02b4bb0b4ef/screenshot - {}
RESULT: {}
COMMAND: POST /session/0d9d5c9b5c0356f2b9a3a02b4bb0b4ef/element - {"using":"xpath","value":"//input[@id=\"application-manageyards-display-component---NewYard--yardId-inner\"]"}
RESULT: {}
RESULT: {"using":"xpath","value":"//input[@id=\"application-manageyards-display-component---NewYard--yardId-inner\"]"}
COMMAND: POST /session/0d9d5c9b5c0356f2b9a3a02b4bb0b4ef/element - {"using":"xpath","value":"//input[@id=\"application-manageyards-display-component---NewYard--yardId-inner\"]"}
RESULT: {"using":"xpath","value":"//input[@id=\"application-manageyards-display-component---NewYard--yardId-inner\"]"}
COMMAND: POST /session/0d9d5c9b5c0356f2b9a3a02b4bb0b4ef/execute/async - {"script":"<script> [1562 bytes]","args":[{"selector":{"id":"application-manageyards-display-component---NewYard--addressDetailDetailsName1","interaction":{"idSuffix":"inner"}},"wdio_ui5_key":"applicationmanageyards-display-component---NewYard--addressDetailDetailsName1"}]}
RESULT: {"script":"<script> [1562 bytes]","args":[{"selector":{"id":"application-manageyards-display-component---NewYard--addressDetailDetailsName1","interaction":{"idSuffix":"inner"}},"wdio_ui5_key":"applicationmanageyards-display-component---NewYard--addressDetailDetailsName1"}]}
RESULT: undefined
COMMAND: POST /session/0d9d5c9b5c0356f2b9a3a02b4bb0b4ef/execute/async - {"script":"<script> [776 bytes]","args":[{"enterText":"Intracompany Yard wdIO","selector":{"id":"application-manageyards-display-component---NewYard--addressDetailDetailsName1","interaction":{"idSuffix":"inner"}},"clearTextFirst":true,"interactionType":"ENTER_TEXT"}]}
RESULT: {"script":"<script> [776 bytes]","args":[{"enterText":"Intracompany Yard wdIO","selector":{"id":"application-manageyards-display-component---NewYard--addressDetailDetailsName1","interaction":{"idSuffix":"inner"}},"clearTextFirst":true,"interactionType":"ENTER_TEXT"}]}
COMMAND: POST /session/0d9d5c9b5c0356f2b9a3a02b4bb0b4ef/execute/async - {"script":"<script> [1562 bytes]","args":[{"selector":{"id":"application-manageyards-display-component---NewYard--addressDetailDetailsLanguage-arrow"},"wdio_ui5_key":"applicationmanageyards-display-component---NewYard--addressDetailDetailsLanguage-arrow"}]}
RESULT: {"script":"<script> [1562 bytes]","args":[{"selector":{"id":"application-manageyards-display-component---NewYard--addressDetailDetailsLanguage-arrow"},"wdio_ui5_key":"applicationmanageyards-display-component---NewYard--addressDetailDetailsLanguage-arrow"}]}
RESULT: undefined
COMMAND: POST /session/0d9d5c9b5c0356f2b9a3a02b4bb0b4ef/element - {"using":"xpath","value":"//*[@id=\"application-manageyards-display-component---NewYard--addressDetailDetailsLanguage-arrow\"]"}
RESULT: {"using":"xpath","value":"//*[@id=\"application-manageyards-display-component---NewYard--addressDetailDetailsLanguage-arrow\"]"}
COMMAND: POST /session/0d9d5c9b5c0356f2b9a3a02b4bb0b4ef/element/f.8D305AF5F41F69993DBB881F1763EACD.d.ACAF62180EBEC4C79303BA9B78B2B799.e.3684/click - {}
RESULT: {}
COMMAND: POST /session/0d9d5c9b5c0356f2b9a3a02b4bb0b4ef/element - {"using":"xpath","value":"//span[contains(text(), \"English\")]"}
COMMAND: GET /session/0d9d5c9b5c0356f2b9a3a02b4bb0b4ef/screenshot - {}
RESULT: {"using":"xpath","value":"//span[contains(text(), \"English\")]"}
COMMAND: POST /session/0d9d5c9b5c0356f2b9a3a02b4bb0b4ef/element/f.8D305AF5F41F69993DBB881F1763EACD.d.ACAF62180EBEC4C79303BA9B78B2B799.e.3685/click - {}
RESULT: {}
RESULT: {}
COMMAND: POST /session/0d9d5c9b5c0356f2b9a3a02b4bb0b4ef/execute/async - {"script":"<script> [1562 bytes]","args":[{"selector":{"id":"application-manageyards-display-component---NewYard--addressDetailDetailsCity1","interaction":{"idSuffix":"inner"}},"wdio_ui5_key":"applicationmanageyards-display-component---NewYard--addressDetailDetailsCity1"}]}
COMMAND: GET /session/0d9d5c9b5c0356f2b9a3a02b4bb0b4ef/screenshot - {}
RESULT: {"script":"<script> [1562 bytes]","args":[{"selector":{"id":"application-manageyards-display-component---NewYard--addressDetailDetailsCity1","interaction":{"idSuffix":"inner"}},"wdio_ui5_key":"applicationmanageyards-display-component---NewYard--addressDetailDetailsCity1"}]}
RESULT: undefined
COMMAND: POST /session/0d9d5c9b5c0356f2b9a3a02b4bb0b4ef/execute/async - {"script":"<script> [776 bytes]","args":[{"enterText":"Rosario","selector":{"id":"application-manageyards-display-component---NewYard--addressDetailDetailsCity1","interaction":{"idSuffix":"inner"}},"clearTextFirst":true,"interactionType":"ENTER_TEXT"}]}
RESULT: {}
RESULT: {"script":"<script> [776 bytes]","args":[{"enterText":"Rosario","selector":{"id":"application-manageyards-display-component---NewYard--addressDetailDetailsCity1","interaction":{"idSuffix":"inner"}},"clearTextFirst":true,"interactionType":"ENTER_TEXT"}]}
COMMAND: POST /session/0d9d5c9b5c0356f2b9a3a02b4bb0b4ef/execute/async - {"script":"<script> [1562 bytes]","args":[{"selector":{"id":"application-manageyards-display-component---NewYard--addressDetailDetailsCountry-arrow"},"wdio_ui5_key":"applicationmanageyards-display-component---NewYard--addressDetailDetailsCountry-arrow"}]}
RESULT: {"script":"<script> [1562 bytes]","args":[{"selector":{"id":"application-manageyards-display-component---NewYard--addressDetailDetailsCountry-arrow"},"wdio_ui5_key":"applicationmanageyards-display-component---NewYard--addressDetailDetailsCountry-arrow"}]}
RESULT: undefined
COMMAND: POST /session/0d9d5c9b5c0356f2b9a3a02b4bb0b4ef/element - {"using":"xpath","value":"//*[@id=\"application-manageyards-display-component---NewYard--addressDetailDetailsCountry-arrow\"]"}
RESULT: {"using":"xpath","value":"//*[@id=\"application-manageyards-display-component---NewYard--addressDetailDetailsCountry-arrow\"]"}
COMMAND: POST /session/0d9d5c9b5c0356f2b9a3a02b4bb0b4ef/element/f.8D305AF5F41F69993DBB881F1763EACD.d.ACAF62180EBEC4C79303BA9B78B2B799.e.3687/click - {}
RESULT: {}
COMMAND: POST /session/0d9d5c9b5c0356f2b9a3a02b4bb0b4ef/element - {"using":"xpath","value":"//span[contains(text(), \"Argentina\")]"}
COMMAND: GET /session/0d9d5c9b5c0356f2b9a3a02b4bb0b4ef/screenshot - {}
RESULT: {"using":"xpath","value":"//span[contains(text(), \"Argentina\")]"}
COMMAND: POST /session/0d9d5c9b5c0356f2b9a3a02b4bb0b4ef/element/f.8D305AF5F41F69993DBB881F1763EACD.d.ACAF62180EBEC4C79303BA9B78B2B799.e.3689/click - {}
RESULT: {}
RESULT: {}
COMMAND: POST /session/0d9d5c9b5c0356f2b9a3a02b4bb0b4ef/execute/async - {"script":"<script> [1562 bytes]","args":[{"selector":{"id":"application-manageyards-display-component---NewYard--addressEditDetailsCostObjectCstType-arrow"},"wdio_ui5_key":"applicationmanageyards-display-component---NewYard--addressEditDetailsCostObjectCstType-arrow"}]}
COMMAND: GET /session/0d9d5c9b5c0356f2b9a3a02b4bb0b4ef/screenshot - {}
RESULT: {"script":"<script> [1562 bytes]","args":[{"selector":{"id":"application-manageyards-display-component---NewYard--addressEditDetailsCostObjectCstType-arrow"},"wdio_ui5_key":"applicationmanageyards-display-component---NewYard--addressEditDetailsCostObjectCstType-arrow"}]}
RESULT: undefined
COMMAND: POST /session/0d9d5c9b5c0356f2b9a3a02b4bb0b4ef/element - {"using":"xpath","value":"//*[@id=\"application-manageyards-display-component---NewYard--addressEditDetailsCostObjectCstType-arrow\"]"}
RESULT: {}
RESULT: {"using":"xpath","value":"//*[@id=\"application-manageyards-display-component---NewYard--addressEditDetailsCostObjectCstType-arrow\"]"}
COMMAND: POST /session/0d9d5c9b5c0356f2b9a3a02b4bb0b4ef/element/f.8D305AF5F41F69993DBB881F1763EACD.d.ACAF62180EBEC4C79303BA9B78B2B799.e.3690/click - {}
RESULT: {}
COMMAND: POST /session/0d9d5c9b5c0356f2b9a3a02b4bb0b4ef/element - {"using":"xpath","value":"//span[contains(text(), \"Cost Center\")]"}
COMMAND: GET /session/0d9d5c9b5c0356f2b9a3a02b4bb0b4ef/screenshot - {}
RESULT: {"using":"xpath","value":"//span[contains(text(), \"Cost Center\")]"}
COMMAND: POST /session/0d9d5c9b5c0356f2b9a3a02b4bb0b4ef/element/f.8D305AF5F41F69993DBB881F1763EACD.d.ACAF62180EBEC4C79303BA9B78B2B799.e.3691/click - {}
RESULT: {}
RESULT: {}
COMMAND: GET /session/0d9d5c9b5c0356f2b9a3a02b4bb0b4ef/screenshot - {}
RESULT: {}
COMMAND: POST /session/0d9d5c9b5c0356f2b9a3a02b4bb0b4ef/element - {"using":"xpath","value":"//span[@id=\"application-manageyards-display-component---NewYard--addressNewCostObjectCstID-vhi\"]"}
RESULT: {"using":"xpath","value":"//span[@id=\"application-manageyards-display-component---NewYard--addressNewCostObjectCstID-vhi\"]"}
COMMAND: POST /session/0d9d5c9b5c0356f2b9a3a02b4bb0b4ef/execute/sync - {"script":"<script> [8489 bytes]","args":[{"element-6066-11e4-a52e-4f735466cecf":"f.8D305AF5F41F69993DBB881F1763EACD.d.ACAF62180EBEC4C79303BA9B78B2B799.e.3695","ELEMENT":"f.8D305AF5F41F69993DBB881F1763EACD.d.ACAF62180EBEC4C79303BA9B78B2B799.e.3695"}]}
RESULT: {"script":"<script> [8489 bytes]","args":[{"element-6066-11e4-a52e-4f735466cecf":"f.8D305AF5F41F69993DBB881F1763EACD.d.ACAF62180EBEC4C79303BA9B78B2B799.e.3695","ELEMENT":"f.8D305AF5F41F69993DBB881F1763EACD.d.ACAF62180EBEC4C79303BA9B78B2B799.e.3695"}]}
COMMAND: POST /session/0d9d5c9b5c0356f2b9a3a02b4bb0b4ef/execute/async - {"script":"<script> [1562 bytes]","args":[{"selector":{"id":"application-manageyards-display-component---NewYard--addressNewCostObjectCstID-vhi"},"wdio_ui5_key":"applicationmanageyards-display-component---NewYard--addressNewCostObjectCstID-vhi"}]}
COMMAND: GET /session/0d9d5c9b5c0356f2b9a3a02b4bb0b4ef/screenshot - {}
RESULT: {"script":"<script> [1562 bytes]","args":[{"selector":{"id":"application-manageyards-display-component---NewYard--addressNewCostObjectCstID-vhi"},"wdio_ui5_key":"applicationmanageyards-display-component---NewYard--addressNewCostObjectCstID-vhi"}]}
RESULT: undefined
COMMAND: POST /session/0d9d5c9b5c0356f2b9a3a02b4bb0b4ef/element - {"using":"xpath","value":"//*[@id=\"application-manageyards-display-component---NewYard--addressNewCostObjectCstID-vhi\"]"}
RESULT: {}
RESULT: {"using":"xpath","value":"//*[@id=\"application-manageyards-display-component---NewYard--addressNewCostObjectCstID-vhi\"]"}
COMMAND: POST /session/0d9d5c9b5c0356f2b9a3a02b4bb0b4ef/element/f.8D305AF5F41F69993DBB881F1763EACD.d.ACAF62180EBEC4C79303BA9B78B2B799.e.3695/click - {}
RESULT: {}
COMMAND: GET /session/0d9d5c9b5c0356f2b9a3a02b4bb0b4ef/screenshot - {}
RESULT: {}
COMMAND: POST /session/0d9d5c9b5c0356f2b9a3a02b4bb0b4ef/execute/async - {"script":"<script> [1562 bytes]","args":[{"selector":{"controlType":"sap.m.SearchField","properties":{"placeholder":"Search"},"searchOpenDialogs":true,"interaction":{"idSuffix":"I"}},"wdio_ui5_key":"sapm.SearchField{\"placeholder\":\"Search\"}"}]}
RESULT: {"script":"<script> [1562 bytes]","args":[{"selector":{"controlType":"sap.m.SearchField","properties":{"placeholder":"Search"},"searchOpenDialogs":true,"interaction":{"idSuffix":"I"}},"wdio_ui5_key":"sapm.SearchField{\"placeholder\":\"Search\"}"}]}
RESULT: undefined
COMMAND: POST /session/0d9d5c9b5c0356f2b9a3a02b4bb0b4ef/execute/async - {"script":"<script> [776 bytes]","args":[{"enterText":"10001013","selector":{"controlType":"sap.m.SearchField","properties":{"placeholder":"Search"},"searchOpenDialogs":true,"interaction":{"idSuffix":"I"}},"clearTextFirst":true,"interactionType":"ENTER_TEXT"}]}
RESULT: {"script":"<script> [776 bytes]","args":[{"enterText":"10001013","selector":{"controlType":"sap.m.SearchField","properties":{"placeholder":"Search"},"searchOpenDialogs":true,"interaction":{"idSuffix":"I"}},"clearTextFirst":true,"interactionType":"ENTER_TEXT"}]}
COMMAND: POST /session/0d9d5c9b5c0356f2b9a3a02b4bb0b4ef/actions - {"actions":[{"id":"action10","type":"key","parameters":{},"actions":[{"type":"keyDown","value":"î€‡"},{"type":"pause","duration":10},{"type":"keyUp","value":"î€‡"}]}]}
RESULT: {"actions":[{"id":"action10","type":"key","parameters":{},"actions":[{"type":"keyDown","value":"î€‡"},{"type":"pause","duration":10},{"type":"keyUp","value":"î€‡"}]}]}
COMMAND: GET /session/0d9d5c9b5c0356f2b9a3a02b4bb0b4ef/screenshot - {}
RESULT: {}
COMMAND: POST /session/0d9d5c9b5c0356f2b9a3a02b4bb0b4ef/element - {"using":"xpath","value":"//span[contains(text(), \"General Management\")]"}
RESULT: {"using":"xpath","value":"//span[contains(text(), \"General Management\")]"}
COMMAND: POST /session/0d9d5c9b5c0356f2b9a3a02b4bb0b4ef/element/f.8D305AF5F41F69993DBB881F1763EACD.d.ACAF62180EBEC4C79303BA9B78B2B799.e.3736/click - {}
RESULT: {}
COMMAND: GET /session/0d9d5c9b5c0356f2b9a3a02b4bb0b4ef/screenshot - {}
RESULT: {}
COMMAND: POST /session/0d9d5c9b5c0356f2b9a3a02b4bb0b4ef/element - {"using":"xpath","value":"//bdi[contains(text(), \"OK\")]"}
RESULT: {"using":"xpath","value":"//bdi[contains(text(), \"OK\")]"}
COMMAND: POST /session/0d9d5c9b5c0356f2b9a3a02b4bb0b4ef/element/f.8D305AF5F41F69993DBB881F1763EACD.d.ACAF62180EBEC4C79303BA9B78B2B799.e.3737/click - {}
RESULT: {}
COMMAND: GET /session/0d9d5c9b5c0356f2b9a3a02b4bb0b4ef/screenshot - {}
RESULT: {}
COMMAND: POST /session/0d9d5c9b5c0356f2b9a3a02b4bb0b4ef/execute/async - {"script":"<script> [1562 bytes]","args":[{"selector":{"id":"application-manageyards-display-component---NewYard--addressEditDetailsCurrency-arrow"},"wdio_ui5_key":"applicationmanageyards-display-component---NewYard--addressEditDetailsCurrency-arrow"}]}
RESULT: {"script":"<script> [1562 bytes]","args":[{"selector":{"id":"application-manageyards-display-component---NewYard--addressEditDetailsCurrency-arrow"},"wdio_ui5_key":"applicationmanageyards-display-component---NewYard--addressEditDetailsCurrency-arrow"}]}
RESULT: undefined
COMMAND: POST /session/0d9d5c9b5c0356f2b9a3a02b4bb0b4ef/element - {"using":"xpath","value":"//*[@id=\"application-manageyards-display-component---NewYard--addressEditDetailsCurrency-arrow\"]"}
RESULT: {"using":"xpath","value":"//*[@id=\"application-manageyards-display-component---NewYard--addressEditDetailsCurrency-arrow\"]"}
COMMAND: POST /session/0d9d5c9b5c0356f2b9a3a02b4bb0b4ef/element/f.8D305AF5F41F69993DBB881F1763EACD.d.ACAF62180EBEC4C79303BA9B78B2B799.e.3740/click - {}
RESULT: {}
COMMAND: POST /session/0d9d5c9b5c0356f2b9a3a02b4bb0b4ef/element - {"using":"xpath","value":"//span[contains(text(), \"Euro\")]"}
COMMAND: GET /session/0d9d5c9b5c0356f2b9a3a02b4bb0b4ef/screenshot - {}
RESULT: {"using":"xpath","value":"//span[contains(text(), \"Euro\")]"}
COMMAND: POST /session/0d9d5c9b5c0356f2b9a3a02b4bb0b4ef/element/f.8D305AF5F41F69993DBB881F1763EACD.d.ACAF62180EBEC4C79303BA9B78B2B799.e.3741/click - {}
RESULT: {}
RESULT: {}
COMMAND: POST /session/0d9d5c9b5c0356f2b9a3a02b4bb0b4ef/execute/async - {"script":"<script> [1562 bytes]","args":[{"selector":{"controlType":"sap.m.Input","viewName":"etm.portal.ui.manageyards.view.New","viewId":"application-manageyards-display-component---NewYard","bindingPath":{"path":"","propertyPath":"/CONTROLLING_AREA","modelName":"NewYardModel"},"interaction":{"idSuffix":"inner"}},"wdio_ui5_key":"etmportal.ui.manageyards.view.Newsap.m.Input{\"path\":\"\",\"propertyPath\":\"/CONTROLLING_AREA\",\"modelName\":\"NewYardModel\"}"}]}
COMMAND: GET /session/0d9d5c9b5c0356f2b9a3a02b4bb0b4ef/screenshot - {}
RESULT: {"script":"<script> [1562 bytes]","args":[{"selector":{"controlType":"sap.m.Input","viewName":"etm.portal.ui.manageyards.view.New","viewId":"application-manageyards-display-component---NewYard","bindingPath":{"path":"","propertyPath":"/CONTROLLING_AREA","modelName":"NewYardModel"},"interaction":{"idSuffix":"inner"}},"wdio_ui5_key":"etmportal.ui.manageyards.view.Newsap.m.Input{\"path\":\"\",\"propertyPath\":\"/CONTROLLING_AREA\",\"modelName\":\"NewYardModel\"}"}]}
RESULT: undefined
COMMAND: POST /session/0d9d5c9b5c0356f2b9a3a02b4bb0b4ef/execute/async - {"script":"<script> [776 bytes]","args":[{"enterText":"Z001","selector":{"controlType":"sap.m.Input","viewName":"etm.portal.ui.manageyards.view.New","viewId":"application-manageyards-display-component---NewYard","bindingPath":{"path":"","propertyPath":"/CONTROLLING_AREA","modelName":"NewYardModel"},"interaction":{"idSuffix":"inner"}},"clearTextFirst":true,"interactionType":"ENTER_TEXT"}]}
RESULT: {}
RESULT: {"script":"<script> [776 bytes]","args":[{"enterText":"Z001","selector":{"controlType":"sap.m.Input","viewName":"etm.portal.ui.manageyards.view.New","viewId":"application-manageyards-display-component---NewYard","bindingPath":{"path":"","propertyPath":"/CONTROLLING_AREA","modelName":"NewYardModel"},"interaction":{"idSuffix":"inner"}},"clearTextFirst":true,"interactionType":"ENTER_TEXT"}]}
COMMAND: POST /session/0d9d5c9b5c0356f2b9a3a02b4bb0b4ef/execute/async - {"script":"<script> [1562 bytes]","args":[{"selector":{"id":"application-manageyards-display-component---NewYard--companyCodeComboBox","interaction":{"idSuffix":"inner"}},"wdio_ui5_key":"applicationmanageyards-display-component---NewYard--companyCodeComboBox"}]}
RESULT: {"script":"<script> [1562 bytes]","args":[{"selector":{"id":"application-manageyards-display-component---NewYard--companyCodeComboBox","interaction":{"idSuffix":"inner"}},"wdio_ui5_key":"applicationmanageyards-display-component---NewYard--companyCodeComboBox"}]}
RESULT: undefined
COMMAND: POST /session/0d9d5c9b5c0356f2b9a3a02b4bb0b4ef/execute/async - {"script":"<script> [776 bytes]","args":[{"enterText":"1000","selector":{"id":"application-manageyards-display-component---NewYard--companyCodeComboBox","interaction":{"idSuffix":"inner"}},"clearTextFirst":true,"interactionType":"ENTER_TEXT"}]}
RESULT: {"script":"<script> [776 bytes]","args":[{"enterText":"1000","selector":{"id":"application-manageyards-display-component---NewYard--companyCodeComboBox","interaction":{"idSuffix":"inner"}},"clearTextFirst":true,"interactionType":"ENTER_TEXT"}]}
COMMAND: POST /session/0d9d5c9b5c0356f2b9a3a02b4bb0b4ef/execute/async - {"script":"<script> [1562 bytes]","args":[{"selector":{"controlType":"sap.m.Input","viewName":"etm.portal.ui.manageyards.view.New","viewId":"application-manageyards-display-component---NewYard","bindingPath":{"path":"","propertyPath":"/PLANT","modelName":"NewYardModel"},"interaction":{"idSuffix":"inner"}},"wdio_ui5_key":"etmportal.ui.manageyards.view.Newsap.m.Input{\"path\":\"\",\"propertyPath\":\"/PLANT\",\"modelName\":\"NewYardModel\"}"}]}
RESULT: {"script":"<script> [1562 bytes]","args":[{"selector":{"controlType":"sap.m.Input","viewName":"etm.portal.ui.manageyards.view.New","viewId":"application-manageyards-display-component---NewYard","bindingPath":{"path":"","propertyPath":"/PLANT","modelName":"NewYardModel"},"interaction":{"idSuffix":"inner"}},"wdio_ui5_key":"etmportal.ui.manageyards.view.Newsap.m.Input{\"path\":\"\",\"propertyPath\":\"/PLANT\",\"modelName\":\"NewYardModel\"}"}]}
RESULT: undefined
COMMAND: POST /session/0d9d5c9b5c0356f2b9a3a02b4bb0b4ef/execute/async - {"script":"<script> [776 bytes]","args":[{"enterText":"1001","selector":{"controlType":"sap.m.Input","viewName":"etm.portal.ui.manageyards.view.New","viewId":"application-manageyards-display-component---NewYard","bindingPath":{"path":"","propertyPath":"/PLANT","modelName":"NewYardModel"},"interaction":{"idSuffix":"inner"}},"clearTextFirst":true,"interactionType":"ENTER_TEXT"}]}
RESULT: {"script":"<script> [776 bytes]","args":[{"enterText":"1001","selector":{"controlType":"sap.m.Input","viewName":"etm.portal.ui.manageyards.view.New","viewId":"application-manageyards-display-component---NewYard","bindingPath":{"path":"","propertyPath":"/PLANT","modelName":"NewYardModel"},"interaction":{"idSuffix":"inner"}},"clearTextFirst":true,"interactionType":"ENTER_TEXT"}]}
COMMAND: POST /session/0d9d5c9b5c0356f2b9a3a02b4bb0b4ef/execute/async - {"script":"<script> [1562 bytes]","args":[{"selector":{"controlType":"sap.m.Input","viewName":"etm.portal.ui.manageyards.view.New","viewId":"application-manageyards-display-component---NewYard","bindingPath":{"path":"","propertyPath":"/SALES_AREA_VKORG","modelName":"NewYardModel"},"interaction":{"idSuffix":"inner"}},"wdio_ui5_key":"etmportal.ui.manageyards.view.Newsap.m.Input{\"path\":\"\",\"propertyPath\":\"/SALES_AREA_VKORG\",\"modelName\":\"NewYardModel\"}"}]}
RESULT: {"script":"<script> [1562 bytes]","args":[{"selector":{"controlType":"sap.m.Input","viewName":"etm.portal.ui.manageyards.view.New","viewId":"application-manageyards-display-component---NewYard","bindingPath":{"path":"","propertyPath":"/SALES_AREA_VKORG","modelName":"NewYardModel"},"interaction":{"idSuffix":"inner"}},"wdio_ui5_key":"etmportal.ui.manageyards.view.Newsap.m.Input{\"path\":\"\",\"propertyPath\":\"/SALES_AREA_VKORG\",\"modelName\":\"NewYardModel\"}"}]}
RESULT: undefined
COMMAND: POST /session/0d9d5c9b5c0356f2b9a3a02b4bb0b4ef/execute/async - {"script":"<script> [776 bytes]","args":[{"enterText":"C002","selector":{"controlType":"sap.m.Input","viewName":"etm.portal.ui.manageyards.view.New","viewId":"application-manageyards-display-component---NewYard","bindingPath":{"path":"","propertyPath":"/SALES_AREA_VKORG","modelName":"NewYardModel"},"interaction":{"idSuffix":"inner"}},"clearTextFirst":true,"interactionType":"ENTER_TEXT"}]}
RESULT: {"script":"<script> [776 bytes]","args":[{"enterText":"C002","selector":{"controlType":"sap.m.Input","viewName":"etm.portal.ui.manageyards.view.New","viewId":"application-manageyards-display-component---NewYard","bindingPath":{"path":"","propertyPath":"/SALES_AREA_VKORG","modelName":"NewYardModel"},"interaction":{"idSuffix":"inner"}},"clearTextFirst":true,"interactionType":"ENTER_TEXT"}]}
COMMAND: POST /session/0d9d5c9b5c0356f2b9a3a02b4bb0b4ef/execute/async - {"script":"<script> [1562 bytes]","args":[{"selector":{"controlType":"sap.m.Input","viewName":"etm.portal.ui.manageyards.view.New","viewId":"application-manageyards-display-component---NewYard","bindingPath":{"path":"","propertyPath":"/SALES_AREA_VTWEG","modelName":"NewYardModel"},"interaction":{"idSuffix":"inner"}},"wdio_ui5_key":"etmportal.ui.manageyards.view.Newsap.m.Input{\"path\":\"\",\"propertyPath\":\"/SALES_AREA_VTWEG\",\"modelName\":\"NewYardModel\"}"}]}
RESULT: {"script":"<script> [1562 bytes]","args":[{"selector":{"controlType":"sap.m.Input","viewName":"etm.portal.ui.manageyards.view.New","viewId":"application-manageyards-display-component---NewYard","bindingPath":{"path":"","propertyPath":"/SALES_AREA_VTWEG","modelName":"NewYardModel"},"interaction":{"idSuffix":"inner"}},"wdio_ui5_key":"etmportal.ui.manageyards.view.Newsap.m.Input{\"path\":\"\",\"propertyPath\":\"/SALES_AREA_VTWEG\",\"modelName\":\"NewYardModel\"}"}]}
RESULT: undefined
COMMAND: POST /session/0d9d5c9b5c0356f2b9a3a02b4bb0b4ef/execute/async - {"script":"<script> [776 bytes]","args":[{"enterText":"C2","selector":{"controlType":"sap.m.Input","viewName":"etm.portal.ui.manageyards.view.New","viewId":"application-manageyards-display-component---NewYard","bindingPath":{"path":"","propertyPath":"/SALES_AREA_VTWEG","modelName":"NewYardModel"},"interaction":{"idSuffix":"inner"}},"clearTextFirst":true,"interactionType":"ENTER_TEXT"}]}
RESULT: {"script":"<script> [776 bytes]","args":[{"enterText":"C2","selector":{"controlType":"sap.m.Input","viewName":"etm.portal.ui.manageyards.view.New","viewId":"application-manageyards-display-component---NewYard","bindingPath":{"path":"","propertyPath":"/SALES_AREA_VTWEG","modelName":"NewYardModel"},"interaction":{"idSuffix":"inner"}},"clearTextFirst":true,"interactionType":"ENTER_TEXT"}]}
COMMAND: POST /session/0d9d5c9b5c0356f2b9a3a02b4bb0b4ef/execute/async - {"script":"<script> [1562 bytes]","args":[{"selector":{"controlType":"sap.m.Input","viewName":"etm.portal.ui.manageyards.view.New","viewId":"application-manageyards-display-component---NewYard","bindingPath":{"path":"","propertyPath":"/SALES_AREA_SPART","modelName":"NewYardModel"},"interaction":{"idSuffix":"inner"}},"wdio_ui5_key":"etmportal.ui.manageyards.view.Newsap.m.Input{\"path\":\"\",\"propertyPath\":\"/SALES_AREA_SPART\",\"modelName\":\"NewYardModel\"}"}]}
RESULT: {"script":"<script> [1562 bytes]","args":[{"selector":{"controlType":"sap.m.Input","viewName":"etm.portal.ui.manageyards.view.New","viewId":"application-manageyards-display-component---NewYard","bindingPath":{"path":"","propertyPath":"/SALES_AREA_SPART","modelName":"NewYardModel"},"interaction":{"idSuffix":"inner"}},"wdio_ui5_key":"etmportal.ui.manageyards.view.Newsap.m.Input{\"path\":\"\",\"propertyPath\":\"/SALES_AREA_SPART\",\"modelName\":\"NewYardModel\"}"}]}
RESULT: undefined
COMMAND: POST /session/0d9d5c9b5c0356f2b9a3a02b4bb0b4ef/execute/async - {"script":"<script> [776 bytes]","args":[{"enterText":"C2","selector":{"controlType":"sap.m.Input","viewName":"etm.portal.ui.manageyards.view.New","viewId":"application-manageyards-display-component---NewYard","bindingPath":{"path":"","propertyPath":"/SALES_AREA_SPART","modelName":"NewYardModel"},"interaction":{"idSuffix":"inner"}},"clearTextFirst":true,"interactionType":"ENTER_TEXT"}]}
RESULT: {"script":"<script> [776 bytes]","args":[{"enterText":"C2","selector":{"controlType":"sap.m.Input","viewName":"etm.portal.ui.manageyards.view.New","viewId":"application-manageyards-display-component---NewYard","bindingPath":{"path":"","propertyPath":"/SALES_AREA_SPART","modelName":"NewYardModel"},"interaction":{"idSuffix":"inner"}},"clearTextFirst":true,"interactionType":"ENTER_TEXT"}]}
COMMAND: POST /session/0d9d5c9b5c0356f2b9a3a02b4bb0b4ef/execute/async - {"script":"<script> [1562 bytes]","args":[{"selector":{"controlType":"sap.m.Input","viewName":"etm.portal.ui.manageyards.view.New","viewId":"application-manageyards-display-component---NewYard","bindingPath":{"path":"","propertyPath":"/SHIP_POINT","modelName":"NewYardModel"},"interaction":{"idSuffix":"inner"}},"wdio_ui5_key":"etmportal.ui.manageyards.view.Newsap.m.Input{\"path\":\"\",\"propertyPath\":\"/SHIP_POINT\",\"modelName\":\"NewYardModel\"}"}]}
RESULT: {"script":"<script> [1562 bytes]","args":[{"selector":{"controlType":"sap.m.Input","viewName":"etm.portal.ui.manageyards.view.New","viewId":"application-manageyards-display-component---NewYard","bindingPath":{"path":"","propertyPath":"/SHIP_POINT","modelName":"NewYardModel"},"interaction":{"idSuffix":"inner"}},"wdio_ui5_key":"etmportal.ui.manageyards.view.Newsap.m.Input{\"path\":\"\",\"propertyPath\":\"/SHIP_POINT\",\"modelName\":\"NewYardModel\"}"}]}
RESULT: undefined
COMMAND: POST /session/0d9d5c9b5c0356f2b9a3a02b4bb0b4ef/execute/async - {"script":"<script> [776 bytes]","args":[{"enterText":"1710","selector":{"controlType":"sap.m.Input","viewName":"etm.portal.ui.manageyards.view.New","viewId":"application-manageyards-display-component---NewYard","bindingPath":{"path":"","propertyPath":"/SHIP_POINT","modelName":"NewYardModel"},"interaction":{"idSuffix":"inner"}},"clearTextFirst":true,"interactionType":"ENTER_TEXT"}]}
RESULT: {"script":"<script> [776 bytes]","args":[{"enterText":"1710","selector":{"controlType":"sap.m.Input","viewName":"etm.portal.ui.manageyards.view.New","viewId":"application-manageyards-display-component---NewYard","bindingPath":{"path":"","propertyPath":"/SHIP_POINT","modelName":"NewYardModel"},"interaction":{"idSuffix":"inner"}},"clearTextFirst":true,"interactionType":"ENTER_TEXT"}]}
COMMAND: POST /session/0d9d5c9b5c0356f2b9a3a02b4bb0b4ef/execute/async - {"script":"<script> [1562 bytes]","args":[{"selector":{"controlType":"sap.m.Input","viewName":"etm.portal.ui.manageyards.view.New","viewId":"application-manageyards-display-component---NewYard","bindingPath":{"path":"","propertyPath":"/DELIVERY_TYPE","modelName":"NewYardModel"},"interaction":{"idSuffix":"inner"}},"wdio_ui5_key":"etmportal.ui.manageyards.view.Newsap.m.Input{\"path\":\"\",\"propertyPath\":\"/DELIVERY_TYPE\",\"modelName\":\"NewYardModel\"}"}]}
RESULT: {"script":"<script> [1562 bytes]","args":[{"selector":{"controlType":"sap.m.Input","viewName":"etm.portal.ui.manageyards.view.New","viewId":"application-manageyards-display-component---NewYard","bindingPath":{"path":"","propertyPath":"/DELIVERY_TYPE","modelName":"NewYardModel"},"interaction":{"idSuffix":"inner"}},"wdio_ui5_key":"etmportal.ui.manageyards.view.Newsap.m.Input{\"path\":\"\",\"propertyPath\":\"/DELIVERY_TYPE\",\"modelName\":\"NewYardModel\"}"}]}
RESULT: undefined
COMMAND: POST /session/0d9d5c9b5c0356f2b9a3a02b4bb0b4ef/execute/async - {"script":"<script> [776 bytes]","args":[{"enterText":"ZL01","selector":{"controlType":"sap.m.Input","viewName":"etm.portal.ui.manageyards.view.New","viewId":"application-manageyards-display-component---NewYard","bindingPath":{"path":"","propertyPath":"/DELIVERY_TYPE","modelName":"NewYardModel"},"interaction":{"idSuffix":"inner"}},"clearTextFirst":true,"interactionType":"ENTER_TEXT"}]}
RESULT: {"script":"<script> [776 bytes]","args":[{"enterText":"ZL01","selector":{"controlType":"sap.m.Input","viewName":"etm.portal.ui.manageyards.view.New","viewId":"application-manageyards-display-component---NewYard","bindingPath":{"path":"","propertyPath":"/DELIVERY_TYPE","modelName":"NewYardModel"},"interaction":{"idSuffix":"inner"}},"clearTextFirst":true,"interactionType":"ENTER_TEXT"}]}
COMMAND: POST /session/0d9d5c9b5c0356f2b9a3a02b4bb0b4ef/execute/async - {"script":"<script> [1562 bytes]","args":[{"selector":{"controlType":"sap.m.Input","viewName":"etm.portal.ui.manageyards.view.New","viewId":"application-manageyards-display-component---NewYard","bindingPath":{"path":"","propertyPath":"/AUART","modelName":"NewYardModel"},"interaction":{"idSuffix":"inner"}},"wdio_ui5_key":"etmportal.ui.manageyards.view.Newsap.m.Input{\"path\":\"\",\"propertyPath\":\"/AUART\",\"modelName\":\"NewYardModel\"}"}]}
RESULT: {"script":"<script> [1562 bytes]","args":[{"selector":{"controlType":"sap.m.Input","viewName":"etm.portal.ui.manageyards.view.New","viewId":"application-manageyards-display-component---NewYard","bindingPath":{"path":"","propertyPath":"/AUART","modelName":"NewYardModel"},"interaction":{"idSuffix":"inner"}},"wdio_ui5_key":"etmportal.ui.manageyards.view.Newsap.m.Input{\"path\":\"\",\"propertyPath\":\"/AUART\",\"modelName\":\"NewYardModel\"}"}]}
RESULT: undefined
COMMAND: POST /session/0d9d5c9b5c0356f2b9a3a02b4bb0b4ef/execute/async - {"script":"<script> [776 bytes]","args":[{"enterText":"TA","selector":{"controlType":"sap.m.Input","viewName":"etm.portal.ui.manageyards.view.New","viewId":"application-manageyards-display-component---NewYard","bindingPath":{"path":"","propertyPath":"/AUART","modelName":"NewYardModel"},"interaction":{"idSuffix":"inner"}},"clearTextFirst":true,"interactionType":"ENTER_TEXT"}]}
RESULT: {"script":"<script> [776 bytes]","args":[{"enterText":"TA","selector":{"controlType":"sap.m.Input","viewName":"etm.portal.ui.manageyards.view.New","viewId":"application-manageyards-display-component---NewYard","bindingPath":{"path":"","propertyPath":"/AUART","modelName":"NewYardModel"},"interaction":{"idSuffix":"inner"}},"clearTextFirst":true,"interactionType":"ENTER_TEXT"}]}
COMMAND: POST /session/0d9d5c9b5c0356f2b9a3a02b4bb0b4ef/element - {"using":"xpath","value":"//button[@data-kt=\"newYardSaveButton\"]"}
RESULT: {"using":"xpath","value":"//button[@data-kt=\"newYardSaveButton\"]"}
COMMAND: POST /session/0d9d5c9b5c0356f2b9a3a02b4bb0b4ef/element/f.8D305AF5F41F69993DBB881F1763EACD.d.ACAF62180EBEC4C79303BA9B78B2B799.e.3669/click - {}
RESULT: {}
COMMAND: GET /session/0d9d5c9b5c0356f2b9a3a02b4bb0b4ef/screenshot - {}
COMMAND: POST /session/0d9d5c9b5c0356f2b9a3a02b4bb0b4ef/element - {"using":"xpath","value":"//header[contains(@id, 'ObjectPageLayout-headerTitle')]/div[1]/div[2]/div[1]/span[1]"}
RESULT: {}
RESULT: {"using":"xpath","value":"//header[contains(@id, 'ObjectPageLayout-headerTitle')]/div[1]/div[2]/div[1]/span[1]"}
COMMAND: POST /session/0d9d5c9b5c0356f2b9a3a02b4bb0b4ef/elements - {"using":"xpath","value":"//header[contains(@id, 'ObjectPageLayout-headerTitle')]/div[1]/div[2]/div[1]/span[1]"}
RESULT: {"using":"xpath","value":"//header[contains(@id, 'ObjectPageLayout-headerTitle')]/div[1]/div[2]/div[1]/span[1]"}
COMMAND: POST /session/0d9d5c9b5c0356f2b9a3a02b4bb0b4ef/execute/sync - {"script":"<script> [56 bytes]","args":[{"element-6066-11e4-a52e-4f735466cecf":"f.8D305AF5F41F69993DBB881F1763EACD.d.ACAF62180EBEC4C79303BA9B78B2B799.e.3964","ELEMENT":"f.8D305AF5F41F69993DBB881F1763EACD.d.ACAF62180EBEC4C79303BA9B78B2B799.e.3964"}]}
RESULT: {"script":"<script> [56 bytes]","args":[{"element-6066-11e4-a52e-4f735466cecf":"f.8D305AF5F41F69993DBB881F1763EACD.d.ACAF62180EBEC4C79303BA9B78B2B799.e.3964","ELEMENT":"f.8D305AF5F41F69993DBB881F1763EACD.d.ACAF62180EBEC4C79303BA9B78B2B799.e.3964"}]}
COMMAND: GET /session/0d9d5c9b5c0356f2b9a3a02b4bb0b4ef/screenshot - {}
RESULT: {}
COMMAND: POST /session/0d9d5c9b5c0356f2b9a3a02b4bb0b4ef/element - {"using":"css selector","value":"#shell-header-logo"}
RESULT: {"using":"css selector","value":"#shell-header-logo"}
COMMAND: POST /session/0d9d5c9b5c0356f2b9a3a02b4bb0b4ef/element/f.8D305AF5F41F69993DBB881F1763EACD.d.ACAF62180EBEC4C79303BA9B78B2B799.e.3221/click - {}
RESULT: {}
COMMAND: GET /session/0d9d5c9b5c0356f2b9a3a02b4bb0b4ef/screenshot - {}
RESULT: {}
COMMAND: POST /session/0d9d5c9b5c0356f2b9a3a02b4bb0b4ef/execute/sync - {"script":"<script> [299 bytes]","args":[["getModel","getResource"]]}
RESULT: {"script":"<script> [299 bytes]","args":[["getModel","getResource"]]}
COMMAND: GET /session/0d9d5c9b5c0356f2b9a3a02b4bb0b4ef/screenshot - {}
]]></system-out>
    </testcase>
    <testcase classname="chrome.135_0_7049_96.windows.Billing_Transfer_-_Intracompany_US127249" name="Should create a new partner" time="134.981">
      <system-out><![CDATA[
COMMAND: POST /session/0d9d5c9b5c0356f2b9a3a02b4bb0b4ef/window/fullscreen - {}
RESULT: {}
RESULT: {}
COMMAND: POST /session/0d9d5c9b5c0356f2b9a3a02b4bb0b4ef/execute/async - {"script":"<script> [1562 bytes]","args":[{"selector":{"controlType":"sap.m.GenericTile","properties":{"header":"Manage Partners"}},"wdio_ui5_key":"sapm.GenericTile{\"header\":\"Manage Partners\"}"}]}
RESULT: {"script":"<script> [1562 bytes]","args":[{"selector":{"controlType":"sap.m.GenericTile","properties":{"header":"Manage Partners"}},"wdio_ui5_key":"sapm.GenericTile{\"header\":\"Manage Partners\"}"}]}
RESULT: undefined
COMMAND: POST /session/0d9d5c9b5c0356f2b9a3a02b4bb0b4ef/element - {"using":"xpath","value":"//*[@id=\"__tile38\"]"}
RESULT: {"using":"xpath","value":"//*[@id=\"__tile38\"]"}
COMMAND: POST /session/0d9d5c9b5c0356f2b9a3a02b4bb0b4ef/element/f.8D305AF5F41F69993DBB881F1763EACD.d.ACAF62180EBEC4C79303BA9B78B2B799.e.3112/click - {}
RESULT: {}
COMMAND: POST /session/0d9d5c9b5c0356f2b9a3a02b4bb0b4ef/element - {"using":"xpath","value":"//button[@data-kt=\"addButton\"]"}
COMMAND: GET /session/0d9d5c9b5c0356f2b9a3a02b4bb0b4ef/screenshot - {}
RESULT: {"using":"xpath","value":"//button[@data-kt=\"addButton\"]"}
COMMAND: POST /session/0d9d5c9b5c0356f2b9a3a02b4bb0b4ef/elements - {"using":"xpath","value":"//button[@data-kt=\"addButton\"]"}
RESULT: {}
RESULT: {"using":"xpath","value":"//button[@data-kt=\"addButton\"]"}
COMMAND: POST /session/0d9d5c9b5c0356f2b9a3a02b4bb0b4ef/elements - {"using":"xpath","value":"//button[@data-kt=\"addButton\"]"}
RESULT: {"using":"xpath","value":"//button[@data-kt=\"addButton\"]"}
COMMAND: POST /session/0d9d5c9b5c0356f2b9a3a02b4bb0b4ef/elements - {"using":"xpath","value":"//button[@data-kt=\"addButton\"]"}
RESULT: {"using":"xpath","value":"//button[@data-kt=\"addButton\"]"}
COMMAND: POST /session/0d9d5c9b5c0356f2b9a3a02b4bb0b4ef/elements - {"using":"xpath","value":"//button[@data-kt=\"addButton\"]"}
RESULT: {"using":"xpath","value":"//button[@data-kt=\"addButton\"]"}
COMMAND: POST /session/0d9d5c9b5c0356f2b9a3a02b4bb0b4ef/elements - {"using":"xpath","value":"//button[@data-kt=\"addButton\"]"}
RESULT: {"using":"xpath","value":"//button[@data-kt=\"addButton\"]"}
COMMAND: POST /session/0d9d5c9b5c0356f2b9a3a02b4bb0b4ef/elements - {"using":"xpath","value":"//button[@data-kt=\"addButton\"]"}
RESULT: {"using":"xpath","value":"//button[@data-kt=\"addButton\"]"}
COMMAND: POST /session/0d9d5c9b5c0356f2b9a3a02b4bb0b4ef/elements - {"using":"xpath","value":"//button[@data-kt=\"addButton\"]"}
RESULT: {"using":"xpath","value":"//button[@data-kt=\"addButton\"]"}
COMMAND: POST /session/0d9d5c9b5c0356f2b9a3a02b4bb0b4ef/elements - {"using":"xpath","value":"//button[@data-kt=\"addButton\"]"}
RESULT: {"using":"xpath","value":"//button[@data-kt=\"addButton\"]"}
COMMAND: POST /session/0d9d5c9b5c0356f2b9a3a02b4bb0b4ef/elements - {"using":"xpath","value":"//button[@data-kt=\"addButton\"]"}
RESULT: {"using":"xpath","value":"//button[@data-kt=\"addButton\"]"}
COMMAND: POST /session/0d9d5c9b5c0356f2b9a3a02b4bb0b4ef/elements - {"using":"xpath","value":"//button[@data-kt=\"addButton\"]"}
RESULT: {"using":"xpath","value":"//button[@data-kt=\"addButton\"]"}
COMMAND: POST /session/0d9d5c9b5c0356f2b9a3a02b4bb0b4ef/elements - {"using":"xpath","value":"//button[@data-kt=\"addButton\"]"}
RESULT: {"using":"xpath","value":"//button[@data-kt=\"addButton\"]"}
COMMAND: POST /session/0d9d5c9b5c0356f2b9a3a02b4bb0b4ef/elements - {"using":"xpath","value":"//button[@data-kt=\"addButton\"]"}
RESULT: {"using":"xpath","value":"//button[@data-kt=\"addButton\"]"}
COMMAND: POST /session/0d9d5c9b5c0356f2b9a3a02b4bb0b4ef/element - {"using":"xpath","value":"//button[@data-kt=\"addButton\"]"}
RESULT: {"using":"xpath","value":"//button[@data-kt=\"addButton\"]"}
COMMAND: POST /session/0d9d5c9b5c0356f2b9a3a02b4bb0b4ef/execute/sync - {"script":"<script> [8489 bytes]","args":[{"element-6066-11e4-a52e-4f735466cecf":"f.8D305AF5F41F69993DBB881F1763EACD.d.ACAF62180EBEC4C79303BA9B78B2B799.e.4002","ELEMENT":"f.8D305AF5F41F69993DBB881F1763EACD.d.ACAF62180EBEC4C79303BA9B78B2B799.e.4002"}]}
RESULT: {"script":"<script> [8489 bytes]","args":[{"element-6066-11e4-a52e-4f735466cecf":"f.8D305AF5F41F69993DBB881F1763EACD.d.ACAF62180EBEC4C79303BA9B78B2B799.e.4002","ELEMENT":"f.8D305AF5F41F69993DBB881F1763EACD.d.ACAF62180EBEC4C79303BA9B78B2B799.e.4002"}]}
COMMAND: GET /session/0d9d5c9b5c0356f2b9a3a02b4bb0b4ef/element/f.8D305AF5F41F69993DBB881F1763EACD.d.ACAF62180EBEC4C79303BA9B78B2B799.e.4002/enabled - {}
COMMAND: GET /session/0d9d5c9b5c0356f2b9a3a02b4bb0b4ef/screenshot - {}
RESULT: {}
COMMAND: POST /session/0d9d5c9b5c0356f2b9a3a02b4bb0b4ef/execute/sync - {"script":"<script> [8489 bytes]","args":[{"element-6066-11e4-a52e-4f735466cecf":"f.8D305AF5F41F69993DBB881F1763EACD.d.ACAF62180EBEC4C79303BA9B78B2B799.e.4002","ELEMENT":"f.8D305AF5F41F69993DBB881F1763EACD.d.ACAF62180EBEC4C79303BA9B78B2B799.e.4002"}]}
COMMAND: GET /session/0d9d5c9b5c0356f2b9a3a02b4bb0b4ef/screenshot - {}
RESULT: {}
RESULT: {"script":"<script> [8489 bytes]","args":[{"element-6066-11e4-a52e-4f735466cecf":"f.8D305AF5F41F69993DBB881F1763EACD.d.ACAF62180EBEC4C79303BA9B78B2B799.e.4002","ELEMENT":"f.8D305AF5F41F69993DBB881F1763EACD.d.ACAF62180EBEC4C79303BA9B78B2B799.e.4002"}]}
COMMAND: POST /session/0d9d5c9b5c0356f2b9a3a02b4bb0b4ef/execute/sync - {"script":"<script> [5351 bytes]","args":[{"element-6066-11e4-a52e-4f735466cecf":"f.8D305AF5F41F69993DBB881F1763EACD.d.ACAF62180EBEC4C79303BA9B78B2B799.e.4002","ELEMENT":"f.8D305AF5F41F69993DBB881F1763EACD.d.ACAF62180EBEC4C79303BA9B78B2B799.e.4002"}]}
COMMAND: GET /session/0d9d5c9b5c0356f2b9a3a02b4bb0b4ef/screenshot - {}
RESULT: {}
RESULT: {"script":"<script> [5351 bytes]","args":[{"element-6066-11e4-a52e-4f735466cecf":"f.8D305AF5F41F69993DBB881F1763EACD.d.ACAF62180EBEC4C79303BA9B78B2B799.e.4002","ELEMENT":"f.8D305AF5F41F69993DBB881F1763EACD.d.ACAF62180EBEC4C79303BA9B78B2B799.e.4002"}]}
COMMAND: POST /session/0d9d5c9b5c0356f2b9a3a02b4bb0b4ef/element/f.8D305AF5F41F69993DBB881F1763EACD.d.ACAF62180EBEC4C79303BA9B78B2B799.e.4002/click - {}
COMMAND: GET /session/0d9d5c9b5c0356f2b9a3a02b4bb0b4ef/screenshot - {}
RESULT: {}
RESULT: {}
COMMAND: GET /session/0d9d5c9b5c0356f2b9a3a02b4bb0b4ef/screenshot - {}
RESULT: {}
RESULT: {}
COMMAND: POST /session/0d9d5c9b5c0356f2b9a3a02b4bb0b4ef/execute/async - {"script":"<script> [1562 bytes]","args":[{"selector":{"id":"application-managepartners-display-component---NewPartner--addressDetailDetailsName1","interaction":{"idSuffix":"inner"}},"wdio_ui5_key":"applicationmanagepartners-display-component---NewPartner--addressDetailDetailsName1"}]}
RESULT: {"script":"<script> [1562 bytes]","args":[{"selector":{"id":"application-managepartners-display-component---NewPartner--addressDetailDetailsName1","interaction":{"idSuffix":"inner"}},"wdio_ui5_key":"applicationmanagepartners-display-component---NewPartner--addressDetailDetailsName1"}]}
RESULT: undefined
COMMAND: POST /session/0d9d5c9b5c0356f2b9a3a02b4bb0b4ef/execute/async - {"script":"<script> [776 bytes]","args":[{"enterText":"Intracompany Partner WDIO","selector":{"id":"application-managepartners-display-component---NewPartner--addressDetailDetailsName1","interaction":{"idSuffix":"inner"}},"clearTextFirst":true,"interactionType":"ENTER_TEXT"}]}
RESULT: {"script":"<script> [776 bytes]","args":[{"enterText":"Intracompany Partner WDIO","selector":{"id":"application-managepartners-display-component---NewPartner--addressDetailDetailsName1","interaction":{"idSuffix":"inner"}},"clearTextFirst":true,"interactionType":"ENTER_TEXT"}]}
COMMAND: POST /session/0d9d5c9b5c0356f2b9a3a02b4bb0b4ef/execute/async - {"script":"<script> [1562 bytes]","args":[{"selector":{"id":"application-managepartners-display-component---NewPartner--addressDetailDetailsLanguage-arrow"},"wdio_ui5_key":"applicationmanagepartners-display-component---NewPartner--addressDetailDetailsLanguage-arrow"}]}
RESULT: {"script":"<script> [1562 bytes]","args":[{"selector":{"id":"application-managepartners-display-component---NewPartner--addressDetailDetailsLanguage-arrow"},"wdio_ui5_key":"applicationmanagepartners-display-component---NewPartner--addressDetailDetailsLanguage-arrow"}]}
RESULT: undefined
COMMAND: POST /session/0d9d5c9b5c0356f2b9a3a02b4bb0b4ef/element - {"using":"xpath","value":"//*[@id=\"application-managepartners-display-component---NewPartner--addressDetailDetailsLanguage-arrow\"]"}
RESULT: {"using":"xpath","value":"//*[@id=\"application-managepartners-display-component---NewPartner--addressDetailDetailsLanguage-arrow\"]"}
COMMAND: POST /session/0d9d5c9b5c0356f2b9a3a02b4bb0b4ef/element/f.8D305AF5F41F69993DBB881F1763EACD.d.ACAF62180EBEC4C79303BA9B78B2B799.e.4451/click - {}
RESULT: {}
COMMAND: POST /session/0d9d5c9b5c0356f2b9a3a02b4bb0b4ef/element - {"using":"xpath","value":"//span[contains(text(), \"English\")]"}
COMMAND: GET /session/0d9d5c9b5c0356f2b9a3a02b4bb0b4ef/screenshot - {}
RESULT: {"using":"xpath","value":"//span[contains(text(), \"English\")]"}
COMMAND: POST /session/0d9d5c9b5c0356f2b9a3a02b4bb0b4ef/element/f.8D305AF5F41F69993DBB881F1763EACD.d.ACAF62180EBEC4C79303BA9B78B2B799.e.4452/click - {}
RESULT: {}
RESULT: {}
COMMAND: GET /session/0d9d5c9b5c0356f2b9a3a02b4bb0b4ef/screenshot - {}
RESULT: {}
COMMAND: POST /session/0d9d5c9b5c0356f2b9a3a02b4bb0b4ef/execute/async - {"script":"<script> [1562 bytes]","args":[{"selector":{"id":"application-managepartners-display-component---NewPartner--addressDetailDetailsCity1","interaction":{"idSuffix":"inner"}},"wdio_ui5_key":"applicationmanagepartners-display-component---NewPartner--addressDetailDetailsCity1"}]}
RESULT: {"script":"<script> [1562 bytes]","args":[{"selector":{"id":"application-managepartners-display-component---NewPartner--addressDetailDetailsCity1","interaction":{"idSuffix":"inner"}},"wdio_ui5_key":"applicationmanagepartners-display-component---NewPartner--addressDetailDetailsCity1"}]}
RESULT: undefined
COMMAND: POST /session/0d9d5c9b5c0356f2b9a3a02b4bb0b4ef/execute/async - {"script":"<script> [776 bytes]","args":[{"enterText":"Rosario","selector":{"id":"application-managepartners-display-component---NewPartner--addressDetailDetailsCity1","interaction":{"idSuffix":"inner"}},"clearTextFirst":true,"interactionType":"ENTER_TEXT"}]}
RESULT: {"script":"<script> [776 bytes]","args":[{"enterText":"Rosario","selector":{"id":"application-managepartners-display-component---NewPartner--addressDetailDetailsCity1","interaction":{"idSuffix":"inner"}},"clearTextFirst":true,"interactionType":"ENTER_TEXT"}]}
COMMAND: POST /session/0d9d5c9b5c0356f2b9a3a02b4bb0b4ef/execute/async - {"script":"<script> [1562 bytes]","args":[{"selector":{"id":"application-managepartners-display-component---NewPartner--addressDetailDetailsCountry-arrow"},"wdio_ui5_key":"applicationmanagepartners-display-component---NewPartner--addressDetailDetailsCountry-arrow"}]}
RESULT: {"script":"<script> [1562 bytes]","args":[{"selector":{"id":"application-managepartners-display-component---NewPartner--addressDetailDetailsCountry-arrow"},"wdio_ui5_key":"applicationmanagepartners-display-component---NewPartner--addressDetailDetailsCountry-arrow"}]}
RESULT: undefined
COMMAND: POST /session/0d9d5c9b5c0356f2b9a3a02b4bb0b4ef/element - {"using":"xpath","value":"//*[@id=\"application-managepartners-display-component---NewPartner--addressDetailDetailsCountry-arrow\"]"}
RESULT: {"using":"xpath","value":"//*[@id=\"application-managepartners-display-component---NewPartner--addressDetailDetailsCountry-arrow\"]"}
COMMAND: POST /session/0d9d5c9b5c0356f2b9a3a02b4bb0b4ef/element/f.8D305AF5F41F69993DBB881F1763EACD.d.ACAF62180EBEC4C79303BA9B78B2B799.e.4430/click - {}
RESULT: {}
COMMAND: POST /session/0d9d5c9b5c0356f2b9a3a02b4bb0b4ef/element - {"using":"xpath","value":"//span[contains(text(), \"Argentina\")]"}
COMMAND: GET /session/0d9d5c9b5c0356f2b9a3a02b4bb0b4ef/screenshot - {}
RESULT: {"using":"xpath","value":"//span[contains(text(), \"Argentina\")]"}
COMMAND: POST /session/0d9d5c9b5c0356f2b9a3a02b4bb0b4ef/element/f.8D305AF5F41F69993DBB881F1763EACD.d.ACAF62180EBEC4C79303BA9B78B2B799.e.4454/click - {}
RESULT: {}
RESULT: {}
COMMAND: GET /session/0d9d5c9b5c0356f2b9a3a02b4bb0b4ef/screenshot - {}
RESULT: {}
COMMAND: POST /session/0d9d5c9b5c0356f2b9a3a02b4bb0b4ef/element - {"using":"xpath","value":"//bdi[contains(text(), \"Commercial\")]"}
RESULT: {"using":"xpath","value":"//bdi[contains(text(), \"Commercial\")]"}
COMMAND: POST /session/0d9d5c9b5c0356f2b9a3a02b4bb0b4ef/element/f.8D305AF5F41F69993DBB881F1763EACD.d.ACAF62180EBEC4C79303BA9B78B2B799.e.4455/click - {}
RESULT: {}
COMMAND: GET /session/0d9d5c9b5c0356f2b9a3a02b4bb0b4ef/screenshot - {}
RESULT: {}
COMMAND: POST /session/0d9d5c9b5c0356f2b9a3a02b4bb0b4ef/execute/async - {"script":"<script> [1562 bytes]","args":[{"selector":{"id":"application-managepartners-display-component---NewPartner--partnerDetailInternal-arrow"},"wdio_ui5_key":"applicationmanagepartners-display-component---NewPartner--partnerDetailInternal-arrow"}]}
RESULT: {"script":"<script> [1562 bytes]","args":[{"selector":{"id":"application-managepartners-display-component---NewPartner--partnerDetailInternal-arrow"},"wdio_ui5_key":"applicationmanagepartners-display-component---NewPartner--partnerDetailInternal-arrow"}]}
RESULT: undefined
COMMAND: POST /session/0d9d5c9b5c0356f2b9a3a02b4bb0b4ef/element - {"using":"xpath","value":"//*[@id=\"application-managepartners-display-component---NewPartner--partnerDetailInternal-arrow\"]"}
RESULT: {"using":"xpath","value":"//*[@id=\"application-managepartners-display-component---NewPartner--partnerDetailInternal-arrow\"]"}
COMMAND: POST /session/0d9d5c9b5c0356f2b9a3a02b4bb0b4ef/element/f.8D305AF5F41F69993DBB881F1763EACD.d.ACAF62180EBEC4C79303BA9B78B2B799.e.4463/click - {}
RESULT: {}
COMMAND: POST /session/0d9d5c9b5c0356f2b9a3a02b4bb0b4ef/element - {"using":"xpath","value":"//span[contains(text(), \"Affiliated company\")]"}
COMMAND: GET /session/0d9d5c9b5c0356f2b9a3a02b4bb0b4ef/screenshot - {}
RESULT: {"using":"xpath","value":"//span[contains(text(), \"Affiliated company\")]"}
COMMAND: POST /session/0d9d5c9b5c0356f2b9a3a02b4bb0b4ef/element/f.8D305AF5F41F69993DBB881F1763EACD.d.ACAF62180EBEC4C79303BA9B78B2B799.e.4464/click - {}
RESULT: {}
RESULT: {}
COMMAND: POST /session/0d9d5c9b5c0356f2b9a3a02b4bb0b4ef/execute/async - {"script":"<script> [1562 bytes]","args":[{"selector":{"id":"application-managepartners-display-component---NewPartner--partnerDetailsCurrency-arrow"},"wdio_ui5_key":"applicationmanagepartners-display-component---NewPartner--partnerDetailsCurrency-arrow"}]}
COMMAND: GET /session/0d9d5c9b5c0356f2b9a3a02b4bb0b4ef/screenshot - {}
RESULT: {"script":"<script> [1562 bytes]","args":[{"selector":{"id":"application-managepartners-display-component---NewPartner--partnerDetailsCurrency-arrow"},"wdio_ui5_key":"applicationmanagepartners-display-component---NewPartner--partnerDetailsCurrency-arrow"}]}
RESULT: undefined
COMMAND: POST /session/0d9d5c9b5c0356f2b9a3a02b4bb0b4ef/element - {"using":"xpath","value":"//*[@id=\"application-managepartners-display-component---NewPartner--partnerDetailsCurrency-arrow\"]"}
RESULT: {}
RESULT: {"using":"xpath","value":"//*[@id=\"application-managepartners-display-component---NewPartner--partnerDetailsCurrency-arrow\"]"}
COMMAND: POST /session/0d9d5c9b5c0356f2b9a3a02b4bb0b4ef/element/f.8D305AF5F41F69993DBB881F1763EACD.d.ACAF62180EBEC4C79303BA9B78B2B799.e.4471/click - {}
RESULT: {}
COMMAND: POST /session/0d9d5c9b5c0356f2b9a3a02b4bb0b4ef/element - {"using":"xpath","value":"//span[contains(text(), \"Euro\")]"}
COMMAND: GET /session/0d9d5c9b5c0356f2b9a3a02b4bb0b4ef/screenshot - {}
RESULT: {"using":"xpath","value":"//span[contains(text(), \"Euro\")]"}
COMMAND: POST /session/0d9d5c9b5c0356f2b9a3a02b4bb0b4ef/element/f.8D305AF5F41F69993DBB881F1763EACD.d.ACAF62180EBEC4C79303BA9B78B2B799.e.4472/click - {}
RESULT: {}
RESULT: {}
COMMAND: POST /session/0d9d5c9b5c0356f2b9a3a02b4bb0b4ef/execute/async - {"script":"<script> [1562 bytes]","args":[{"selector":{"id":"application-managepartners-display-component---NewPartner--addressEditDetailsCostObjectCstType-arrow"},"wdio_ui5_key":"applicationmanagepartners-display-component---NewPartner--addressEditDetailsCostObjectCstType-arrow"}]}
COMMAND: GET /session/0d9d5c9b5c0356f2b9a3a02b4bb0b4ef/screenshot - {}
RESULT: {"script":"<script> [1562 bytes]","args":[{"selector":{"id":"application-managepartners-display-component---NewPartner--addressEditDetailsCostObjectCstType-arrow"},"wdio_ui5_key":"applicationmanagepartners-display-component---NewPartner--addressEditDetailsCostObjectCstType-arrow"}]}
RESULT: undefined
COMMAND: POST /session/0d9d5c9b5c0356f2b9a3a02b4bb0b4ef/element - {"using":"xpath","value":"//*[@id=\"application-managepartners-display-component---NewPartner--addressEditDetailsCostObjectCstType-arrow\"]"}
RESULT: {}
RESULT: {"using":"xpath","value":"//*[@id=\"application-managepartners-display-component---NewPartner--addressEditDetailsCostObjectCstType-arrow\"]"}
COMMAND: POST /session/0d9d5c9b5c0356f2b9a3a02b4bb0b4ef/element/f.8D305AF5F41F69993DBB881F1763EACD.d.ACAF62180EBEC4C79303BA9B78B2B799.e.4473/click - {}
RESULT: {}
COMMAND: POST /session/0d9d5c9b5c0356f2b9a3a02b4bb0b4ef/element - {"using":"xpath","value":"//span[contains(text(), \"Cost Center\")]"}
COMMAND: GET /session/0d9d5c9b5c0356f2b9a3a02b4bb0b4ef/screenshot - {}
RESULT: {"using":"xpath","value":"//span[contains(text(), \"Cost Center\")]"}
COMMAND: POST /session/0d9d5c9b5c0356f2b9a3a02b4bb0b4ef/element/f.8D305AF5F41F69993DBB881F1763EACD.d.ACAF62180EBEC4C79303BA9B78B2B799.e.4474/click - {}
RESULT: {}
RESULT: {}
COMMAND: GET /session/0d9d5c9b5c0356f2b9a3a02b4bb0b4ef/screenshot - {}
RESULT: {}
COMMAND: POST /session/0d9d5c9b5c0356f2b9a3a02b4bb0b4ef/element - {"using":"xpath","value":"//span[@id=\"application-managepartners-display-component---NewPartner--addressNewCostObjectCstID-vhi\"]"}
RESULT: {"using":"xpath","value":"//span[@id=\"application-managepartners-display-component---NewPartner--addressNewCostObjectCstID-vhi\"]"}
COMMAND: POST /session/0d9d5c9b5c0356f2b9a3a02b4bb0b4ef/execute/sync - {"script":"<script> [8489 bytes]","args":[{"element-6066-11e4-a52e-4f735466cecf":"f.8D305AF5F41F69993DBB881F1763EACD.d.ACAF62180EBEC4C79303BA9B78B2B799.e.4478","ELEMENT":"f.8D305AF5F41F69993DBB881F1763EACD.d.ACAF62180EBEC4C79303BA9B78B2B799.e.4478"}]}
RESULT: {"script":"<script> [8489 bytes]","args":[{"element-6066-11e4-a52e-4f735466cecf":"f.8D305AF5F41F69993DBB881F1763EACD.d.ACAF62180EBEC4C79303BA9B78B2B799.e.4478","ELEMENT":"f.8D305AF5F41F69993DBB881F1763EACD.d.ACAF62180EBEC4C79303BA9B78B2B799.e.4478"}]}
COMMAND: POST /session/0d9d5c9b5c0356f2b9a3a02b4bb0b4ef/execute/async - {"script":"<script> [1562 bytes]","args":[{"selector":{"id":"application-managepartners-display-component---NewPartner--addressNewCostObjectCstID-vhi"},"wdio_ui5_key":"applicationmanagepartners-display-component---NewPartner--addressNewCostObjectCstID-vhi"}]}
COMMAND: GET /session/0d9d5c9b5c0356f2b9a3a02b4bb0b4ef/screenshot - {}
RESULT: {"script":"<script> [1562 bytes]","args":[{"selector":{"id":"application-managepartners-display-component---NewPartner--addressNewCostObjectCstID-vhi"},"wdio_ui5_key":"applicationmanagepartners-display-component---NewPartner--addressNewCostObjectCstID-vhi"}]}
RESULT: undefined
COMMAND: POST /session/0d9d5c9b5c0356f2b9a3a02b4bb0b4ef/element - {"using":"xpath","value":"//*[@id=\"application-managepartners-display-component---NewPartner--addressNewCostObjectCstID-vhi\"]"}
RESULT: {}
RESULT: {"using":"xpath","value":"//*[@id=\"application-managepartners-display-component---NewPartner--addressNewCostObjectCstID-vhi\"]"}
COMMAND: POST /session/0d9d5c9b5c0356f2b9a3a02b4bb0b4ef/element/f.8D305AF5F41F69993DBB881F1763EACD.d.ACAF62180EBEC4C79303BA9B78B2B799.e.4478/click - {}
RESULT: {}
COMMAND: GET /session/0d9d5c9b5c0356f2b9a3a02b4bb0b4ef/screenshot - {}
RESULT: {}
RESULT: undefined
COMMAND: POST /session/0d9d5c9b5c0356f2b9a3a02b4bb0b4ef/execute/async - {"script":"<script> [776 bytes]","args":[{"enterText":"10001013","selector":{"controlType":"sap.m.SearchField","properties":{"placeholder":"Search"},"searchOpenDialogs":true,"interaction":{"idSuffix":"I"}},"clearTextFirst":true,"interactionType":"ENTER_TEXT"}]}
RESULT: {"script":"<script> [776 bytes]","args":[{"enterText":"10001013","selector":{"controlType":"sap.m.SearchField","properties":{"placeholder":"Search"},"searchOpenDialogs":true,"interaction":{"idSuffix":"I"}},"clearTextFirst":true,"interactionType":"ENTER_TEXT"}]}
COMMAND: POST /session/0d9d5c9b5c0356f2b9a3a02b4bb0b4ef/actions - {"actions":[{"id":"action11","type":"key","parameters":{},"actions":[{"type":"keyDown","value":"î€‡"},{"type":"pause","duration":10},{"type":"keyUp","value":"î€‡"}]}]}
RESULT: {"actions":[{"id":"action11","type":"key","parameters":{},"actions":[{"type":"keyDown","value":"î€‡"},{"type":"pause","duration":10},{"type":"keyUp","value":"î€‡"}]}]}
COMMAND: GET /session/0d9d5c9b5c0356f2b9a3a02b4bb0b4ef/screenshot - {}
RESULT: {}
COMMAND: POST /session/0d9d5c9b5c0356f2b9a3a02b4bb0b4ef/element - {"using":"xpath","value":"//span[contains(text(), \"General Management\")]"}
RESULT: {"using":"xpath","value":"//span[contains(text(), \"General Management\")]"}
COMMAND: POST /session/0d9d5c9b5c0356f2b9a3a02b4bb0b4ef/element/f.8D305AF5F41F69993DBB881F1763EACD.d.ACAF62180EBEC4C79303BA9B78B2B799.e.4517/click - {}
RESULT: {}
COMMAND: GET /session/0d9d5c9b5c0356f2b9a3a02b4bb0b4ef/screenshot - {}
RESULT: {}
COMMAND: POST /session/0d9d5c9b5c0356f2b9a3a02b4bb0b4ef/element - {"using":"xpath","value":"//bdi[contains(text(), \"OK\")]"}
RESULT: {"using":"xpath","value":"//bdi[contains(text(), \"OK\")]"}
COMMAND: POST /session/0d9d5c9b5c0356f2b9a3a02b4bb0b4ef/element/f.8D305AF5F41F69993DBB881F1763EACD.d.ACAF62180EBEC4C79303BA9B78B2B799.e.4518/click - {}
RESULT: {}
COMMAND: GET /session/0d9d5c9b5c0356f2b9a3a02b4bb0b4ef/screenshot - {}
RESULT: {}
COMMAND: POST /session/0d9d5c9b5c0356f2b9a3a02b4bb0b4ef/element - {"using":"xpath","value":"//input[@id=\"application-managepartners-display-component---NewPartner--companyCodeComboBox-inner\"]"}
RESULT: {"using":"xpath","value":"//input[@id=\"application-managepartners-display-component---NewPartner--companyCodeComboBox-inner\"]"}
COMMAND: POST /session/0d9d5c9b5c0356f2b9a3a02b4bb0b4ef/element/f.8D305AF5F41F69993DBB881F1763EACD.d.ACAF62180EBEC4C79303BA9B78B2B799.e.4364/clear - {}
RESULT: {}
COMMAND: POST /session/0d9d5c9b5c0356f2b9a3a02b4bb0b4ef/element/f.8D305AF5F41F69993DBB881F1763EACD.d.ACAF62180EBEC4C79303BA9B78B2B799.e.4364/value - {"text":"1000"}
COMMAND: GET /session/0d9d5c9b5c0356f2b9a3a02b4bb0b4ef/screenshot - {}
RESULT: {"text":"1000"}
COMMAND: GET /session/0d9d5c9b5c0356f2b9a3a02b4bb0b4ef/screenshot - {}
RESULT: {}
RESULT: {}
COMMAND: POST /session/0d9d5c9b5c0356f2b9a3a02b4bb0b4ef/element - {"using":"xpath","value":"//span[contains(text(), \"1000\")]"}
RESULT: {"using":"xpath","value":"//span[contains(text(), \"1000\")]"}
COMMAND: POST /session/0d9d5c9b5c0356f2b9a3a02b4bb0b4ef/element/f.8D305AF5F41F69993DBB881F1763EACD.d.ACAF62180EBEC4C79303BA9B78B2B799.e.4524/click - {}
RESULT: {}
COMMAND: GET /session/0d9d5c9b5c0356f2b9a3a02b4bb0b4ef/screenshot - {}
RESULT: {}
COMMAND: POST /session/0d9d5c9b5c0356f2b9a3a02b4bb0b4ef/execute/async - {"script":"<script> [1562 bytes]","args":[{"selector":{"id":"application-managepartners-display-component---NewPartner--btnAddTableRow-img"},"wdio_ui5_key":"applicationmanagepartners-display-component---NewPartner--btnAddTableRow-img"}]}
RESULT: {"script":"<script> [1562 bytes]","args":[{"selector":{"id":"application-managepartners-display-component---NewPartner--btnAddTableRow-img"},"wdio_ui5_key":"applicationmanagepartners-display-component---NewPartner--btnAddTableRow-img"}]}
RESULT: undefined
COMMAND: POST /session/0d9d5c9b5c0356f2b9a3a02b4bb0b4ef/element - {"using":"xpath","value":"//*[@id=\"application-managepartners-display-component---NewPartner--btnAddTableRow-img\"]"}
RESULT: {"using":"xpath","value":"//*[@id=\"application-managepartners-display-component---NewPartner--btnAddTableRow-img\"]"}
COMMAND: POST /session/0d9d5c9b5c0356f2b9a3a02b4bb0b4ef/element/f.8D305AF5F41F69993DBB881F1763EACD.d.ACAF62180EBEC4C79303BA9B78B2B799.e.4525/click - {}
RESULT: {}
COMMAND: GET /session/0d9d5c9b5c0356f2b9a3a02b4bb0b4ef/screenshot - {}
RESULT: {}
COMMAND: POST /session/0d9d5c9b5c0356f2b9a3a02b4bb0b4ef/element - {"using":"xpath","value":"//input[@id=\"application-managepartners-display-component---NewPartner--assignmentYard-application-managepartners-display-component---NewPartner--assignmentsTable-0-inner\"]"}
RESULT: {"using":"xpath","value":"//input[@id=\"application-managepartners-display-component---NewPartner--assignmentYard-application-managepartners-display-component---NewPartner--assignmentsTable-0-inner\"]"}
COMMAND: POST /session/0d9d5c9b5c0356f2b9a3a02b4bb0b4ef/element/f.8D305AF5F41F69993DBB881F1763EACD.d.ACAF62180EBEC4C79303BA9B78B2B799.e.4528/clear - {}
RESULT: {}
COMMAND: POST /session/0d9d5c9b5c0356f2b9a3a02b4bb0b4ef/element/f.8D305AF5F41F69993DBB881F1763EACD.d.ACAF62180EBEC4C79303BA9B78B2B799.e.4528/value - {"text":"298"}
COMMAND: GET /session/0d9d5c9b5c0356f2b9a3a02b4bb0b4ef/screenshot - {}
RESULT: {"text":"298"}
COMMAND: GET /session/0d9d5c9b5c0356f2b9a3a02b4bb0b4ef/screenshot - {}
RESULT: {}
RESULT: {}
COMMAND: POST /session/0d9d5c9b5c0356f2b9a3a02b4bb0b4ef/element - {"using":"xpath","value":"//li[.//span[text()='298']]"}
RESULT: {"using":"xpath","value":"//li[.//span[text()='298']]"}
COMMAND: POST /session/0d9d5c9b5c0356f2b9a3a02b4bb0b4ef/element/f.8D305AF5F41F69993DBB881F1763EACD.d.ACAF62180EBEC4C79303BA9B78B2B799.e.4537/click - {}
RESULT: {}
COMMAND: GET /session/0d9d5c9b5c0356f2b9a3a02b4bb0b4ef/screenshot - {}
RESULT: {}
COMMAND: POST /session/0d9d5c9b5c0356f2b9a3a02b4bb0b4ef/actions - {"actions":[{"id":"action12","type":"key","parameters":{},"actions":[{"type":"keyDown","value":"î€‡"},{"type":"pause","duration":10},{"type":"keyUp","value":"î€‡"}]}]}
RESULT: {"actions":[{"id":"action12","type":"key","parameters":{},"actions":[{"type":"keyDown","value":"î€‡"},{"type":"pause","duration":10},{"type":"keyUp","value":"î€‡"}]}]}
COMMAND: POST /session/0d9d5c9b5c0356f2b9a3a02b4bb0b4ef/execute/async - {"script":"<script> [1562 bytes]","args":[{"selector":{"id":"application-managepartners-display-component---NewPartner--externalCustomerComboBox-application-managepartners-display-component---NewPartner--assignmentsTable-0-vhi"},"wdio_ui5_key":"applicationmanagepartners-display-component---NewPartner--externalCustomerComboBox-application-managepartners-display-component---NewPartner--assignmentsTable-0-vhi"}]}
COMMAND: GET /session/0d9d5c9b5c0356f2b9a3a02b4bb0b4ef/screenshot - {}
RESULT: {"script":"<script> [1562 bytes]","args":[{"selector":{"id":"application-managepartners-display-component---NewPartner--externalCustomerComboBox-application-managepartners-display-component---NewPartner--assignmentsTable-0-vhi"},"wdio_ui5_key":"applicationmanagepartners-display-component---NewPartner--externalCustomerComboBox-application-managepartners-display-component---NewPartner--assignmentsTable-0-vhi"}]}
RESULT: undefined
COMMAND: POST /session/0d9d5c9b5c0356f2b9a3a02b4bb0b4ef/element - {"using":"xpath","value":"//*[@id=\"application-managepartners-display-component---NewPartner--externalCustomerComboBox-application-managepartners-display-component---NewPartner--assignmentsTable-0-vhi\"]"}
RESULT: {}
RESULT: {"using":"xpath","value":"//*[@id=\"application-managepartners-display-component---NewPartner--externalCustomerComboBox-application-managepartners-display-component---NewPartner--assignmentsTable-0-vhi\"]"}
COMMAND: POST /session/0d9d5c9b5c0356f2b9a3a02b4bb0b4ef/element/f.8D305AF5F41F69993DBB881F1763EACD.d.ACAF62180EBEC4C79303BA9B78B2B799.e.4541/click - {}
RESULT: {}
RESULT: undefined
COMMAND: POST /session/0d9d5c9b5c0356f2b9a3a02b4bb0b4ef/execute/async - {"script":"<script> [776 bytes]","args":[{"enterText":"300003","selector":{"controlType":"sap.m.SearchField","properties":{"placeholder":"Search"},"searchOpenDialogs":true,"interaction":{"idSuffix":"I"}},"clearTextFirst":true,"interactionType":"ENTER_TEXT"}]}
COMMAND: GET /session/0d9d5c9b5c0356f2b9a3a02b4bb0b4ef/screenshot - {}
RESULT: {}
RESULT: {"script":"<script> [776 bytes]","args":[{"enterText":"300003","selector":{"controlType":"sap.m.SearchField","properties":{"placeholder":"Search"},"searchOpenDialogs":true,"interaction":{"idSuffix":"I"}},"clearTextFirst":true,"interactionType":"ENTER_TEXT"}]}
COMMAND: POST /session/0d9d5c9b5c0356f2b9a3a02b4bb0b4ef/actions - {"actions":[{"id":"action13","type":"key","parameters":{},"actions":[{"type":"keyDown","value":"î€‡"},{"type":"pause","duration":10},{"type":"keyUp","value":"î€‡"}]}]}
RESULT: {"actions":[{"id":"action13","type":"key","parameters":{},"actions":[{"type":"keyDown","value":"î€‡"},{"type":"pause","duration":10},{"type":"keyUp","value":"î€‡"}]}]}
COMMAND: GET /session/0d9d5c9b5c0356f2b9a3a02b4bb0b4ef/screenshot - {}
RESULT: {}
COMMAND: POST /session/0d9d5c9b5c0356f2b9a3a02b4bb0b4ef/element - {"using":"xpath","value":"//span[contains(text(), \"300003\")]"}
RESULT: {"using":"xpath","value":"//span[contains(text(), \"300003\")]"}
COMMAND: POST /session/0d9d5c9b5c0356f2b9a3a02b4bb0b4ef/element/f.8D305AF5F41F69993DBB881F1763EACD.d.ACAF62180EBEC4C79303BA9B78B2B799.e.4559/click - {}
RESULT: {}
COMMAND: GET /session/0d9d5c9b5c0356f2b9a3a02b4bb0b4ef/screenshot - {}
RESULT: {}
COMMAND: POST /session/0d9d5c9b5c0356f2b9a3a02b4bb0b4ef/element - {"using":"xpath","value":"//bdi[contains(text(), \"OK\")]"}
RESULT: {"using":"xpath","value":"//bdi[contains(text(), \"OK\")]"}
COMMAND: POST /session/0d9d5c9b5c0356f2b9a3a02b4bb0b4ef/element/f.8D305AF5F41F69993DBB881F1763EACD.d.ACAF62180EBEC4C79303BA9B78B2B799.e.4561/click - {}
RESULT: {}
COMMAND: GET /session/0d9d5c9b5c0356f2b9a3a02b4bb0b4ef/screenshot - {}
COMMAND: POST /session/0d9d5c9b5c0356f2b9a3a02b4bb0b4ef/execute/async - {"script":"<script> [1562 bytes]","args":[{"selector":{"id":"application-managepartners-display-component---NewPartner--intercompVendorComboBox-application-managepartners-display-component---NewPartner--assignmentsTable-0-vhi"},"wdio_ui5_key":"applicationmanagepartners-display-component---NewPartner--intercompVendorComboBox-application-managepartners-display-component---NewPartner--assignmentsTable-0-vhi"}]}
RESULT: {}
RESULT: {"script":"<script> [1562 bytes]","args":[{"selector":{"id":"application-managepartners-display-component---NewPartner--intercompVendorComboBox-application-managepartners-display-component---NewPartner--assignmentsTable-0-vhi"},"wdio_ui5_key":"applicationmanagepartners-display-component---NewPartner--intercompVendorComboBox-application-managepartners-display-component---NewPartner--assignmentsTable-0-vhi"}]}
RESULT: undefined
COMMAND: POST /session/0d9d5c9b5c0356f2b9a3a02b4bb0b4ef/element - {"using":"xpath","value":"//*[@id=\"application-managepartners-display-component---NewPartner--intercompVendorComboBox-application-managepartners-display-component---NewPartner--assignmentsTable-0-vhi\"]"}
RESULT: {"using":"xpath","value":"//*[@id=\"application-managepartners-display-component---NewPartner--intercompVendorComboBox-application-managepartners-display-component---NewPartner--assignmentsTable-0-vhi\"]"}
COMMAND: POST /session/0d9d5c9b5c0356f2b9a3a02b4bb0b4ef/element/f.8D305AF5F41F69993DBB881F1763EACD.d.ACAF62180EBEC4C79303BA9B78B2B799.e.4565/click - {}
RESULT: {}
RESULT: undefined
COMMAND: POST /session/0d9d5c9b5c0356f2b9a3a02b4bb0b4ef/execute/async - {"script":"<script> [776 bytes]","args":[{"enterText":"100005","selector":{"controlType":"sap.m.SearchField","properties":{"placeholder":"Search"},"searchOpenDialogs":true,"interaction":{"idSuffix":"I"}},"clearTextFirst":true,"interactionType":"ENTER_TEXT"}]}
COMMAND: GET /session/0d9d5c9b5c0356f2b9a3a02b4bb0b4ef/screenshot - {}
RESULT: {"script":"<script> [776 bytes]","args":[{"enterText":"100005","selector":{"controlType":"sap.m.SearchField","properties":{"placeholder":"Search"},"searchOpenDialogs":true,"interaction":{"idSuffix":"I"}},"clearTextFirst":true,"interactionType":"ENTER_TEXT"}]}
COMMAND: POST /session/0d9d5c9b5c0356f2b9a3a02b4bb0b4ef/actions - {"actions":[{"id":"action14","type":"key","parameters":{},"actions":[{"type":"keyDown","value":"î€‡"},{"type":"pause","duration":10},{"type":"keyUp","value":"î€‡"}]}]}
RESULT: {}
RESULT: {"actions":[{"id":"action14","type":"key","parameters":{},"actions":[{"type":"keyDown","value":"î€‡"},{"type":"pause","duration":10},{"type":"keyUp","value":"î€‡"}]}]}
COMMAND: GET /session/0d9d5c9b5c0356f2b9a3a02b4bb0b4ef/screenshot - {}
RESULT: {}
COMMAND: POST /session/0d9d5c9b5c0356f2b9a3a02b4bb0b4ef/element - {"using":"xpath","value":"//span[contains(text(), \"Penguins - Field/12345 Berlin\")]"}
RESULT: {"using":"xpath","value":"//span[contains(text(), \"Penguins - Field/12345 Berlin\")]"}
COMMAND: POST /session/0d9d5c9b5c0356f2b9a3a02b4bb0b4ef/element/f.8D305AF5F41F69993DBB881F1763EACD.d.ACAF62180EBEC4C79303BA9B78B2B799.e.4583/click - {}
RESULT: {}
COMMAND: GET /session/0d9d5c9b5c0356f2b9a3a02b4bb0b4ef/screenshot - {}
RESULT: {}
COMMAND: POST /session/0d9d5c9b5c0356f2b9a3a02b4bb0b4ef/element - {"using":"xpath","value":"//bdi[contains(text(), \"OK\")]"}
RESULT: {"using":"xpath","value":"//bdi[contains(text(), \"OK\")]"}
COMMAND: POST /session/0d9d5c9b5c0356f2b9a3a02b4bb0b4ef/element/f.8D305AF5F41F69993DBB881F1763EACD.d.ACAF62180EBEC4C79303BA9B78B2B799.e.4584/click - {}
RESULT: {}
COMMAND: GET /session/0d9d5c9b5c0356f2b9a3a02b4bb0b4ef/screenshot - {}
RESULT: {}
COMMAND: POST /session/0d9d5c9b5c0356f2b9a3a02b4bb0b4ef/element - {"using":"xpath","value":"//button[@data-kt=\"saveButton\"]"}
RESULT: {"using":"xpath","value":"//button[@data-kt=\"saveButton\"]"}
COMMAND: POST /session/0d9d5c9b5c0356f2b9a3a02b4bb0b4ef/element/f.8D305AF5F41F69993DBB881F1763EACD.d.ACAF62180EBEC4C79303BA9B78B2B799.e.4426/click - {}
RESULT: {}
COMMAND: GET /session/0d9d5c9b5c0356f2b9a3a02b4bb0b4ef/screenshot - {}
RESULT: {}
COMMAND: POST /session/0d9d5c9b5c0356f2b9a3a02b4bb0b4ef/element - {"using":"xpath","value":"//header[contains(@id, 'ObjectPageLayout-headerTitle')]/div[1]/div[2]/div[2]/span[1]"}
RESULT: {"using":"xpath","value":"//header[contains(@id, 'ObjectPageLayout-headerTitle')]/div[1]/div[2]/div[2]/span[1]"}
COMMAND: POST /session/0d9d5c9b5c0356f2b9a3a02b4bb0b4ef/elements - {"using":"xpath","value":"//header[contains(@id, 'ObjectPageLayout-headerTitle')]/div[1]/div[2]/div[2]/span[1]"}
RESULT: {"using":"xpath","value":"//header[contains(@id, 'ObjectPageLayout-headerTitle')]/div[1]/div[2]/div[2]/span[1]"}
COMMAND: POST /session/0d9d5c9b5c0356f2b9a3a02b4bb0b4ef/execute/sync - {"script":"<script> [56 bytes]","args":[{"element-6066-11e4-a52e-4f735466cecf":"f.8D305AF5F41F69993DBB881F1763EACD.d.ACAF62180EBEC4C79303BA9B78B2B799.e.4750","ELEMENT":"f.8D305AF5F41F69993DBB881F1763EACD.d.ACAF62180EBEC4C79303BA9B78B2B799.e.4750"}]}
RESULT: {"script":"<script> [56 bytes]","args":[{"element-6066-11e4-a52e-4f735466cecf":"f.8D305AF5F41F69993DBB881F1763EACD.d.ACAF62180EBEC4C79303BA9B78B2B799.e.4750","ELEMENT":"f.8D305AF5F41F69993DBB881F1763EACD.d.ACAF62180EBEC4C79303BA9B78B2B799.e.4750"}]}
COMMAND: POST /session/0d9d5c9b5c0356f2b9a3a02b4bb0b4ef/element - {"using":"css selector","value":"#shell-header-logo"}
COMMAND: GET /session/0d9d5c9b5c0356f2b9a3a02b4bb0b4ef/screenshot - {}
RESULT: {"using":"css selector","value":"#shell-header-logo"}
COMMAND: POST /session/0d9d5c9b5c0356f2b9a3a02b4bb0b4ef/element/f.8D305AF5F41F69993DBB881F1763EACD.d.ACAF62180EBEC4C79303BA9B78B2B799.e.3968/click - {}
RESULT: {}
RESULT: {}
COMMAND: GET /session/0d9d5c9b5c0356f2b9a3a02b4bb0b4ef/screenshot - {}
RESULT: {}
COMMAND: POST /session/0d9d5c9b5c0356f2b9a3a02b4bb0b4ef/execute/sync - {"script":"<script> [299 bytes]","args":[["getModel","getResource"]]}
RESULT: {"script":"<script> [299 bytes]","args":[["getModel","getResource"]]}
]]></system-out>
    </testcase>
    <testcase classname="chrome.135_0_7049_96.windows.Billing_Transfer_-_Intracompany_US127249" name="Should create a new site" time="97.175">
      <system-out><![CDATA[
COMMAND: GET /session/0d9d5c9b5c0356f2b9a3a02b4bb0b4ef/screenshot - {}
COMMAND: POST /session/0d9d5c9b5c0356f2b9a3a02b4bb0b4ef/execute/async - {"script":"<script> [1562 bytes]","args":[{"selector":{"controlType":"sap.m.TileContent","bindingPath":{"path":"","propertyPath":"/properties/info"},"ancestor":{"controlType":"sap.m.GenericTile","properties":{"header":"Manage Sites"}}},"wdio_ui5_key":"sapm.TileContent{\"path\":\"\",\"propertyPath\":\"/properties/info\"}{\"controlType\":\"sap.m.GenericTile\",\"properties\":{\"header\":\"Manage Sites\"}}"}]}
RESULT: {}
RESULT: {"script":"<script> [1562 bytes]","args":[{"selector":{"controlType":"sap.m.TileContent","bindingPath":{"path":"","propertyPath":"/properties/info"},"ancestor":{"controlType":"sap.m.GenericTile","properties":{"header":"Manage Sites"}}},"wdio_ui5_key":"sapm.TileContent{\"path\":\"\",\"propertyPath\":\"/properties/info\"}{\"controlType\":\"sap.m.GenericTile\",\"properties\":{\"header\":\"Manage Sites\"}}"}]}
RESULT: undefined
COMMAND: POST /session/0d9d5c9b5c0356f2b9a3a02b4bb0b4ef/element - {"using":"xpath","value":"//*[@id=\"__xmlview7--numericTileContent\"]"}
RESULT: {"using":"xpath","value":"//*[@id=\"__xmlview7--numericTileContent\"]"}
COMMAND: POST /session/0d9d5c9b5c0356f2b9a3a02b4bb0b4ef/element/f.8D305AF5F41F69993DBB881F1763EACD.d.ACAF62180EBEC4C79303BA9B78B2B799.e.4752/click - {}
RESULT: {}
COMMAND: POST /session/0d9d5c9b5c0356f2b9a3a02b4bb0b4ef/element - {"using":"xpath","value":"//button[@data-kt=\"addOverflowToolbarButton\"]"}
COMMAND: GET /session/0d9d5c9b5c0356f2b9a3a02b4bb0b4ef/screenshot - {}
RESULT: {"using":"xpath","value":"//button[@data-kt=\"addOverflowToolbarButton\"]"}
COMMAND: POST /session/0d9d5c9b5c0356f2b9a3a02b4bb0b4ef/elements - {"using":"xpath","value":"//button[@data-kt=\"addOverflowToolbarButton\"]"}
RESULT: {}
RESULT: {"using":"xpath","value":"//button[@data-kt=\"addOverflowToolbarButton\"]"}
COMMAND: POST /session/0d9d5c9b5c0356f2b9a3a02b4bb0b4ef/elements - {"using":"xpath","value":"//button[@data-kt=\"addOverflowToolbarButton\"]"}
RESULT: {"using":"xpath","value":"//button[@data-kt=\"addOverflowToolbarButton\"]"}
COMMAND: POST /session/0d9d5c9b5c0356f2b9a3a02b4bb0b4ef/element - {"using":"xpath","value":"//button[@data-kt=\"addOverflowToolbarButton\"]"}
RESULT: {"using":"xpath","value":"//button[@data-kt=\"addOverflowToolbarButton\"]"}
COMMAND: POST /session/0d9d5c9b5c0356f2b9a3a02b4bb0b4ef/execute/sync - {"script":"<script> [8489 bytes]","args":[{"element-6066-11e4-a52e-4f735466cecf":"f.8D305AF5F41F69993DBB881F1763EACD.d.ACAF62180EBEC4C79303BA9B78B2B799.e.4798","ELEMENT":"f.8D305AF5F41F69993DBB881F1763EACD.d.ACAF62180EBEC4C79303BA9B78B2B799.e.4798"}]}
RESULT: {"script":"<script> [8489 bytes]","args":[{"element-6066-11e4-a52e-4f735466cecf":"f.8D305AF5F41F69993DBB881F1763EACD.d.ACAF62180EBEC4C79303BA9B78B2B799.e.4798","ELEMENT":"f.8D305AF5F41F69993DBB881F1763EACD.d.ACAF62180EBEC4C79303BA9B78B2B799.e.4798"}]}
COMMAND: GET /session/0d9d5c9b5c0356f2b9a3a02b4bb0b4ef/element/f.8D305AF5F41F69993DBB881F1763EACD.d.ACAF62180EBEC4C79303BA9B78B2B799.e.4798/enabled - {}
COMMAND: GET /session/0d9d5c9b5c0356f2b9a3a02b4bb0b4ef/screenshot - {}
RESULT: {}
COMMAND: POST /session/0d9d5c9b5c0356f2b9a3a02b4bb0b4ef/execute/sync - {"script":"<script> [8489 bytes]","args":[{"element-6066-11e4-a52e-4f735466cecf":"f.8D305AF5F41F69993DBB881F1763EACD.d.ACAF62180EBEC4C79303BA9B78B2B799.e.4798","ELEMENT":"f.8D305AF5F41F69993DBB881F1763EACD.d.ACAF62180EBEC4C79303BA9B78B2B799.e.4798"}]}
COMMAND: GET /session/0d9d5c9b5c0356f2b9a3a02b4bb0b4ef/screenshot - {}
RESULT: {}
RESULT: {"script":"<script> [8489 bytes]","args":[{"element-6066-11e4-a52e-4f735466cecf":"f.8D305AF5F41F69993DBB881F1763EACD.d.ACAF62180EBEC4C79303BA9B78B2B799.e.4798","ELEMENT":"f.8D305AF5F41F69993DBB881F1763EACD.d.ACAF62180EBEC4C79303BA9B78B2B799.e.4798"}]}
COMMAND: POST /session/0d9d5c9b5c0356f2b9a3a02b4bb0b4ef/execute/sync - {"script":"<script> [5351 bytes]","args":[{"element-6066-11e4-a52e-4f735466cecf":"f.8D305AF5F41F69993DBB881F1763EACD.d.ACAF62180EBEC4C79303BA9B78B2B799.e.4798","ELEMENT":"f.8D305AF5F41F69993DBB881F1763EACD.d.ACAF62180EBEC4C79303BA9B78B2B799.e.4798"}]}
COMMAND: GET /session/0d9d5c9b5c0356f2b9a3a02b4bb0b4ef/screenshot - {}
RESULT: {}
RESULT: {"script":"<script> [5351 bytes]","args":[{"element-6066-11e4-a52e-4f735466cecf":"f.8D305AF5F41F69993DBB881F1763EACD.d.ACAF62180EBEC4C79303BA9B78B2B799.e.4798","ELEMENT":"f.8D305AF5F41F69993DBB881F1763EACD.d.ACAF62180EBEC4C79303BA9B78B2B799.e.4798"}]}
COMMAND: POST /session/0d9d5c9b5c0356f2b9a3a02b4bb0b4ef/element/f.8D305AF5F41F69993DBB881F1763EACD.d.ACAF62180EBEC4C79303BA9B78B2B799.e.4798/click - {}
COMMAND: GET /session/0d9d5c9b5c0356f2b9a3a02b4bb0b4ef/screenshot - {}
RESULT: {}
RESULT: {}
COMMAND: GET /session/0d9d5c9b5c0356f2b9a3a02b4bb0b4ef/screenshot - {}
RESULT: {}
RESULT: {}
COMMAND: POST /session/0d9d5c9b5c0356f2b9a3a02b4bb0b4ef/execute/async - {"script":"<script> [1562 bytes]","args":[{"selector":{"id":"application-managesites-display-component---NewSite--addressDetailDetailsName1","interaction":{"idSuffix":"inner"}},"wdio_ui5_key":"applicationmanagesites-display-component---NewSite--addressDetailDetailsName1"}]}
RESULT: {"script":"<script> [1562 bytes]","args":[{"selector":{"id":"application-managesites-display-component---NewSite--addressDetailDetailsName1","interaction":{"idSuffix":"inner"}},"wdio_ui5_key":"applicationmanagesites-display-component---NewSite--addressDetailDetailsName1"}]}
RESULT: undefined
COMMAND: POST /session/0d9d5c9b5c0356f2b9a3a02b4bb0b4ef/execute/async - {"script":"<script> [776 bytes]","args":[{"enterText":"Intracompany Site wdIO","selector":{"id":"application-managesites-display-component---NewSite--addressDetailDetailsName1","interaction":{"idSuffix":"inner"}},"clearTextFirst":true,"interactionType":"ENTER_TEXT"}]}
RESULT: {"script":"<script> [776 bytes]","args":[{"enterText":"Intracompany Site wdIO","selector":{"id":"application-managesites-display-component---NewSite--addressDetailDetailsName1","interaction":{"idSuffix":"inner"}},"clearTextFirst":true,"interactionType":"ENTER_TEXT"}]}
COMMAND: POST /session/0d9d5c9b5c0356f2b9a3a02b4bb0b4ef/execute/async - {"script":"<script> [1562 bytes]","args":[{"selector":{"id":"application-managesites-display-component---NewSite--addressDetailDetailsLanguage-arrow"},"wdio_ui5_key":"applicationmanagesites-display-component---NewSite--addressDetailDetailsLanguage-arrow"}]}
RESULT: {"script":"<script> [1562 bytes]","args":[{"selector":{"id":"application-managesites-display-component---NewSite--addressDetailDetailsLanguage-arrow"},"wdio_ui5_key":"applicationmanagesites-display-component---NewSite--addressDetailDetailsLanguage-arrow"}]}
RESULT: undefined
COMMAND: POST /session/0d9d5c9b5c0356f2b9a3a02b4bb0b4ef/element - {"using":"xpath","value":"//*[@id=\"application-managesites-display-component---NewSite--addressDetailDetailsLanguage-arrow\"]"}
RESULT: {"using":"xpath","value":"//*[@id=\"application-managesites-display-component---NewSite--addressDetailDetailsLanguage-arrow\"]"}
COMMAND: POST /session/0d9d5c9b5c0356f2b9a3a02b4bb0b4ef/element/f.8D305AF5F41F69993DBB881F1763EACD.d.ACAF62180EBEC4C79303BA9B78B2B799.e.5197/click - {}
RESULT: {}
COMMAND: POST /session/0d9d5c9b5c0356f2b9a3a02b4bb0b4ef/element - {"using":"xpath","value":"//span[contains(text(), \"English\")]"}
COMMAND: GET /session/0d9d5c9b5c0356f2b9a3a02b4bb0b4ef/screenshot - {}
RESULT: {"using":"xpath","value":"//span[contains(text(), \"English\")]"}
COMMAND: POST /session/0d9d5c9b5c0356f2b9a3a02b4bb0b4ef/element/f.8D305AF5F41F69993DBB881F1763EACD.d.ACAF62180EBEC4C79303BA9B78B2B799.e.5198/click - {}
RESULT: {}
RESULT: {}
COMMAND: POST /session/0d9d5c9b5c0356f2b9a3a02b4bb0b4ef/execute/async - {"script":"<script> [1562 bytes]","args":[{"selector":{"id":"application-managesites-display-component---NewSite--addressDetailDetailsCity1","interaction":{"idSuffix":"inner"}},"wdio_ui5_key":"applicationmanagesites-display-component---NewSite--addressDetailDetailsCity1"}]}
COMMAND: GET /session/0d9d5c9b5c0356f2b9a3a02b4bb0b4ef/screenshot - {}
RESULT: {"script":"<script> [1562 bytes]","args":[{"selector":{"id":"application-managesites-display-component---NewSite--addressDetailDetailsCity1","interaction":{"idSuffix":"inner"}},"wdio_ui5_key":"applicationmanagesites-display-component---NewSite--addressDetailDetailsCity1"}]}
RESULT: undefined
COMMAND: POST /session/0d9d5c9b5c0356f2b9a3a02b4bb0b4ef/execute/async - {"script":"<script> [776 bytes]","args":[{"enterText":"Rosario","selector":{"id":"application-managesites-display-component---NewSite--addressDetailDetailsCity1","interaction":{"idSuffix":"inner"}},"clearTextFirst":true,"interactionType":"ENTER_TEXT"}]}
RESULT: {}
RESULT: {"script":"<script> [776 bytes]","args":[{"enterText":"Rosario","selector":{"id":"application-managesites-display-component---NewSite--addressDetailDetailsCity1","interaction":{"idSuffix":"inner"}},"clearTextFirst":true,"interactionType":"ENTER_TEXT"}]}
COMMAND: POST /session/0d9d5c9b5c0356f2b9a3a02b4bb0b4ef/execute/async - {"script":"<script> [1562 bytes]","args":[{"selector":{"id":"application-managesites-display-component---NewSite--addressDetailDetailsCountry-arrow"},"wdio_ui5_key":"applicationmanagesites-display-component---NewSite--addressDetailDetailsCountry-arrow"}]}
RESULT: {"script":"<script> [1562 bytes]","args":[{"selector":{"id":"application-managesites-display-component---NewSite--addressDetailDetailsCountry-arrow"},"wdio_ui5_key":"applicationmanagesites-display-component---NewSite--addressDetailDetailsCountry-arrow"}]}
RESULT: undefined
COMMAND: POST /session/0d9d5c9b5c0356f2b9a3a02b4bb0b4ef/element - {"using":"xpath","value":"//*[@id=\"application-managesites-display-component---NewSite--addressDetailDetailsCountry-arrow\"]"}
RESULT: {"using":"xpath","value":"//*[@id=\"application-managesites-display-component---NewSite--addressDetailDetailsCountry-arrow\"]"}
COMMAND: POST /session/0d9d5c9b5c0356f2b9a3a02b4bb0b4ef/element/f.8D305AF5F41F69993DBB881F1763EACD.d.ACAF62180EBEC4C79303BA9B78B2B799.e.5200/click - {}
RESULT: {}
COMMAND: POST /session/0d9d5c9b5c0356f2b9a3a02b4bb0b4ef/element - {"using":"xpath","value":"//span[contains(text(), \"Argentina\")]"}
COMMAND: GET /session/0d9d5c9b5c0356f2b9a3a02b4bb0b4ef/screenshot - {}
RESULT: {"using":"xpath","value":"//span[contains(text(), \"Argentina\")]"}
COMMAND: POST /session/0d9d5c9b5c0356f2b9a3a02b4bb0b4ef/element/f.8D305AF5F41F69993DBB881F1763EACD.d.ACAF62180EBEC4C79303BA9B78B2B799.e.5201/click - {}
RESULT: {}
RESULT: {}
COMMAND: GET /session/0d9d5c9b5c0356f2b9a3a02b4bb0b4ef/screenshot - {}
RESULT: {}
COMMAND: POST /session/0d9d5c9b5c0356f2b9a3a02b4bb0b4ef/execute/async - {"script":"<script> [1562 bytes]","args":[{"selector":{"id":"application-managesites-display-component---NewSite--addressEditDetailsCostObjectCstType-arrow"},"wdio_ui5_key":"applicationmanagesites-display-component---NewSite--addressEditDetailsCostObjectCstType-arrow"}]}
RESULT: {"script":"<script> [1562 bytes]","args":[{"selector":{"id":"application-managesites-display-component---NewSite--addressEditDetailsCostObjectCstType-arrow"},"wdio_ui5_key":"applicationmanagesites-display-component---NewSite--addressEditDetailsCostObjectCstType-arrow"}]}
RESULT: undefined
COMMAND: POST /session/0d9d5c9b5c0356f2b9a3a02b4bb0b4ef/element - {"using":"xpath","value":"//*[@id=\"application-managesites-display-component---NewSite--addressEditDetailsCostObjectCstType-arrow\"]"}
RESULT: {"using":"xpath","value":"//*[@id=\"application-managesites-display-component---NewSite--addressEditDetailsCostObjectCstType-arrow\"]"}
COMMAND: POST /session/0d9d5c9b5c0356f2b9a3a02b4bb0b4ef/element/f.8D305AF5F41F69993DBB881F1763EACD.d.ACAF62180EBEC4C79303BA9B78B2B799.e.5203/click - {}
RESULT: {}
COMMAND: POST /session/0d9d5c9b5c0356f2b9a3a02b4bb0b4ef/element - {"using":"xpath","value":"//span[contains(text(), \"Cost Center\")]"}
COMMAND: GET /session/0d9d5c9b5c0356f2b9a3a02b4bb0b4ef/screenshot - {}
RESULT: {"using":"xpath","value":"//span[contains(text(), \"Cost Center\")]"}
COMMAND: POST /session/0d9d5c9b5c0356f2b9a3a02b4bb0b4ef/element/f.8D305AF5F41F69993DBB881F1763EACD.d.ACAF62180EBEC4C79303BA9B78B2B799.e.5205/click - {}
RESULT: {}
RESULT: {}
COMMAND: GET /session/0d9d5c9b5c0356f2b9a3a02b4bb0b4ef/screenshot - {}
RESULT: {}
COMMAND: POST /session/0d9d5c9b5c0356f2b9a3a02b4bb0b4ef/element - {"using":"xpath","value":"//span[@id=\"application-managesites-display-component---NewSite--addressNewCostObjectCstID-vhi\"]"}
RESULT: {"using":"xpath","value":"//span[@id=\"application-managesites-display-component---NewSite--addressNewCostObjectCstID-vhi\"]"}
COMMAND: POST /session/0d9d5c9b5c0356f2b9a3a02b4bb0b4ef/execute/sync - {"script":"<script> [8489 bytes]","args":[{"element-6066-11e4-a52e-4f735466cecf":"f.8D305AF5F41F69993DBB881F1763EACD.d.ACAF62180EBEC4C79303BA9B78B2B799.e.5209","ELEMENT":"f.8D305AF5F41F69993DBB881F1763EACD.d.ACAF62180EBEC4C79303BA9B78B2B799.e.5209"}]}
RESULT: {"script":"<script> [8489 bytes]","args":[{"element-6066-11e4-a52e-4f735466cecf":"f.8D305AF5F41F69993DBB881F1763EACD.d.ACAF62180EBEC4C79303BA9B78B2B799.e.5209","ELEMENT":"f.8D305AF5F41F69993DBB881F1763EACD.d.ACAF62180EBEC4C79303BA9B78B2B799.e.5209"}]}
COMMAND: POST /session/0d9d5c9b5c0356f2b9a3a02b4bb0b4ef/execute/async - {"script":"<script> [1562 bytes]","args":[{"selector":{"id":"application-managesites-display-component---NewSite--addressNewCostObjectCstID-vhi"},"wdio_ui5_key":"applicationmanagesites-display-component---NewSite--addressNewCostObjectCstID-vhi"}]}
COMMAND: GET /session/0d9d5c9b5c0356f2b9a3a02b4bb0b4ef/screenshot - {}
RESULT: {"script":"<script> [1562 bytes]","args":[{"selector":{"id":"application-managesites-display-component---NewSite--addressNewCostObjectCstID-vhi"},"wdio_ui5_key":"applicationmanagesites-display-component---NewSite--addressNewCostObjectCstID-vhi"}]}
RESULT: undefined
COMMAND: POST /session/0d9d5c9b5c0356f2b9a3a02b4bb0b4ef/element - {"using":"xpath","value":"//*[@id=\"application-managesites-display-component---NewSite--addressNewCostObjectCstID-vhi\"]"}
RESULT: {}
RESULT: {"using":"xpath","value":"//*[@id=\"application-managesites-display-component---NewSite--addressNewCostObjectCstID-vhi\"]"}
COMMAND: POST /session/0d9d5c9b5c0356f2b9a3a02b4bb0b4ef/element/f.8D305AF5F41F69993DBB881F1763EACD.d.ACAF62180EBEC4C79303BA9B78B2B799.e.5209/click - {}
RESULT: {}
COMMAND: GET /session/0d9d5c9b5c0356f2b9a3a02b4bb0b4ef/screenshot - {}
RESULT: {}
RESULT: undefined
COMMAND: POST /session/0d9d5c9b5c0356f2b9a3a02b4bb0b4ef/execute/async - {"script":"<script> [776 bytes]","args":[{"enterText":"10001013","selector":{"controlType":"sap.m.SearchField","properties":{"placeholder":"Search"},"searchOpenDialogs":true,"interaction":{"idSuffix":"I"}},"clearTextFirst":true,"interactionType":"ENTER_TEXT"}]}
RESULT: {"script":"<script> [776 bytes]","args":[{"enterText":"10001013","selector":{"controlType":"sap.m.SearchField","properties":{"placeholder":"Search"},"searchOpenDialogs":true,"interaction":{"idSuffix":"I"}},"clearTextFirst":true,"interactionType":"ENTER_TEXT"}]}
COMMAND: POST /session/0d9d5c9b5c0356f2b9a3a02b4bb0b4ef/actions - {"actions":[{"id":"action15","type":"key","parameters":{},"actions":[{"type":"keyDown","value":"î€‡"},{"type":"pause","duration":10},{"type":"keyUp","value":"î€‡"}]}]}
RESULT: {"actions":[{"id":"action15","type":"key","parameters":{},"actions":[{"type":"keyDown","value":"î€‡"},{"type":"pause","duration":10},{"type":"keyUp","value":"î€‡"}]}]}
COMMAND: GET /session/0d9d5c9b5c0356f2b9a3a02b4bb0b4ef/screenshot - {}
RESULT: {}
COMMAND: POST /session/0d9d5c9b5c0356f2b9a3a02b4bb0b4ef/element - {"using":"xpath","value":"//span[contains(text(), \"General Management\")]"}
RESULT: {"using":"xpath","value":"//span[contains(text(), \"General Management\")]"}
COMMAND: POST /session/0d9d5c9b5c0356f2b9a3a02b4bb0b4ef/element/f.8D305AF5F41F69993DBB881F1763EACD.d.ACAF62180EBEC4C79303BA9B78B2B799.e.5248/click - {}
RESULT: {}
COMMAND: GET /session/0d9d5c9b5c0356f2b9a3a02b4bb0b4ef/screenshot - {}
RESULT: {}
COMMAND: POST /session/0d9d5c9b5c0356f2b9a3a02b4bb0b4ef/element - {"using":"xpath","value":"//bdi[contains(text(), \"OK\")]"}
RESULT: {"using":"xpath","value":"//bdi[contains(text(), \"OK\")]"}
COMMAND: POST /session/0d9d5c9b5c0356f2b9a3a02b4bb0b4ef/element/f.8D305AF5F41F69993DBB881F1763EACD.d.ACAF62180EBEC4C79303BA9B78B2B799.e.5249/click - {}
RESULT: {}
COMMAND: GET /session/0d9d5c9b5c0356f2b9a3a02b4bb0b4ef/screenshot - {}
RESULT: {}
COMMAND: POST /session/0d9d5c9b5c0356f2b9a3a02b4bb0b4ef/element - {"using":"xpath","value":"//input[@id=\"application-managesites-display-component---NewSite--addressDetailDetailsCalendar-inner\"]"}
RESULT: {"using":"xpath","value":"//input[@id=\"application-managesites-display-component---NewSite--addressDetailDetailsCalendar-inner\"]"}
COMMAND: POST /session/0d9d5c9b5c0356f2b9a3a02b4bb0b4ef/element/f.8D305AF5F41F69993DBB881F1763EACD.d.ACAF62180EBEC4C79303BA9B78B2B799.e.4995/clear - {}
RESULT: {}
COMMAND: POST /session/0d9d5c9b5c0356f2b9a3a02b4bb0b4ef/element/f.8D305AF5F41F69993DBB881F1763EACD.d.ACAF62180EBEC4C79303BA9B78B2B799.e.4995/value - {"text":"Unit"}
COMMAND: GET /session/0d9d5c9b5c0356f2b9a3a02b4bb0b4ef/screenshot - {}
RESULT: {"text":"Unit"}
COMMAND: GET /session/0d9d5c9b5c0356f2b9a3a02b4bb0b4ef/screenshot - {}
RESULT: {}
RESULT: {}
COMMAND: POST /session/0d9d5c9b5c0356f2b9a3a02b4bb0b4ef/actions - {"actions":[{"id":"action16","type":"key","parameters":{},"actions":[{"type":"keyDown","value":"î€‡"},{"type":"pause","duration":10},{"type":"keyUp","value":"î€‡"}]}]}
RESULT: {"actions":[{"id":"action16","type":"key","parameters":{},"actions":[{"type":"keyDown","value":"î€‡"},{"type":"pause","duration":10},{"type":"keyUp","value":"î€‡"}]}]}
COMMAND: POST /session/0d9d5c9b5c0356f2b9a3a02b4bb0b4ef/element - {"using":"xpath","value":"//input[@id=\"application-managesites-display-component---NewSite--addressDetailDetailsYard-inner\"]"}
COMMAND: GET /session/0d9d5c9b5c0356f2b9a3a02b4bb0b4ef/screenshot - {}
RESULT: {"using":"xpath","value":"//input[@id=\"application-managesites-display-component---NewSite--addressDetailDetailsYard-inner\"]"}
COMMAND: POST /session/0d9d5c9b5c0356f2b9a3a02b4bb0b4ef/element/f.8D305AF5F41F69993DBB881F1763EACD.d.ACAF62180EBEC4C79303BA9B78B2B799.e.4996/clear - {}
RESULT: {}
RESULT: {}
COMMAND: POST /session/0d9d5c9b5c0356f2b9a3a02b4bb0b4ef/element/f.8D305AF5F41F69993DBB881F1763EACD.d.ACAF62180EBEC4C79303BA9B78B2B799.e.4996/value - {"text":"298"}
COMMAND: GET /session/0d9d5c9b5c0356f2b9a3a02b4bb0b4ef/screenshot - {}
RESULT: {"text":"298"}
COMMAND: GET /session/0d9d5c9b5c0356f2b9a3a02b4bb0b4ef/screenshot - {}
RESULT: {}
RESULT: {}
COMMAND: POST /session/0d9d5c9b5c0356f2b9a3a02b4bb0b4ef/element - {"using":"xpath","value":"//li[.//span[text()='298']]"}
RESULT: {"using":"xpath","value":"//li[.//span[text()='298']]"}
COMMAND: POST /session/0d9d5c9b5c0356f2b9a3a02b4bb0b4ef/element/f.8D305AF5F41F69993DBB881F1763EACD.d.ACAF62180EBEC4C79303BA9B78B2B799.e.5257/click - {}
RESULT: {}
COMMAND: GET /session/0d9d5c9b5c0356f2b9a3a02b4bb0b4ef/screenshot - {}
RESULT: {}
COMMAND: POST /session/0d9d5c9b5c0356f2b9a3a02b4bb0b4ef/element - {"using":"xpath","value":"//input[@id=\"application-managesites-display-component---NewSite--addressDetailDetailsPartner-inner\"]"}
RESULT: {"using":"xpath","value":"//input[@id=\"application-managesites-display-component---NewSite--addressDetailDetailsPartner-inner\"]"}
COMMAND: POST /session/0d9d5c9b5c0356f2b9a3a02b4bb0b4ef/element - {"using":"xpath","value":"//input[@id=\"application-managesites-display-component---NewSite--addressDetailDetailsPartner-inner\"]"}
RESULT: {"using":"xpath","value":"//input[@id=\"application-managesites-display-component---NewSite--addressDetailDetailsPartner-inner\"]"}
COMMAND: POST /session/0d9d5c9b5c0356f2b9a3a02b4bb0b4ef/element - {"using":"xpath","value":"//button[@data-kt=\"saveButton\"]"}
RESULT: {"using":"xpath","value":"//button[@data-kt=\"saveButton\"]"}
COMMAND: POST /session/0d9d5c9b5c0356f2b9a3a02b4bb0b4ef/element/f.8D305AF5F41F69993DBB881F1763EACD.d.ACAF62180EBEC4C79303BA9B78B2B799.e.5190/click - {}
RESULT: {}
COMMAND: GET /session/0d9d5c9b5c0356f2b9a3a02b4bb0b4ef/screenshot - {}
RESULT: {}
COMMAND: POST /session/0d9d5c9b5c0356f2b9a3a02b4bb0b4ef/element - {"using":"xpath","value":"//header[contains(@id, 'ObjectPageLayout-headerTitle')]/div[1]/div[2]/div[2]/span[1]"}
RESULT: {"using":"xpath","value":"//header[contains(@id, 'ObjectPageLayout-headerTitle')]/div[1]/div[2]/div[2]/span[1]"}
COMMAND: POST /session/0d9d5c9b5c0356f2b9a3a02b4bb0b4ef/elements - {"using":"xpath","value":"//header[contains(@id, 'ObjectPageLayout-headerTitle')]/div[1]/div[2]/div[2]/span[1]"}
RESULT: {"using":"xpath","value":"//header[contains(@id, 'ObjectPageLayout-headerTitle')]/div[1]/div[2]/div[2]/span[1]"}
COMMAND: POST /session/0d9d5c9b5c0356f2b9a3a02b4bb0b4ef/execute/sync - {"script":"<script> [56 bytes]","args":[{"element-6066-11e4-a52e-4f735466cecf":"f.8D305AF5F41F69993DBB881F1763EACD.d.ACAF62180EBEC4C79303BA9B78B2B799.e.5458","ELEMENT":"f.8D305AF5F41F69993DBB881F1763EACD.d.ACAF62180EBEC4C79303BA9B78B2B799.e.5458"}]}
RESULT: {"script":"<script> [56 bytes]","args":[{"element-6066-11e4-a52e-4f735466cecf":"f.8D305AF5F41F69993DBB881F1763EACD.d.ACAF62180EBEC4C79303BA9B78B2B799.e.5458","ELEMENT":"f.8D305AF5F41F69993DBB881F1763EACD.d.ACAF62180EBEC4C79303BA9B78B2B799.e.5458"}]}
COMMAND: POST /session/0d9d5c9b5c0356f2b9a3a02b4bb0b4ef/element - {"using":"css selector","value":"#shell-header-logo"}
COMMAND: GET /session/0d9d5c9b5c0356f2b9a3a02b4bb0b4ef/screenshot - {}
RESULT: {"using":"css selector","value":"#shell-header-logo"}
COMMAND: POST /session/0d9d5c9b5c0356f2b9a3a02b4bb0b4ef/element/f.8D305AF5F41F69993DBB881F1763EACD.d.ACAF62180EBEC4C79303BA9B78B2B799.e.4756/click - {}
RESULT: {}
RESULT: {}
COMMAND: GET /session/0d9d5c9b5c0356f2b9a3a02b4bb0b4ef/screenshot - {}
RESULT: {}
COMMAND: POST /session/0d9d5c9b5c0356f2b9a3a02b4bb0b4ef/execute/sync - {"script":"<script> [299 bytes]","args":[["getModel","getResource"]]}
RESULT: {"script":"<script> [299 bytes]","args":[["getModel","getResource"]]}
COMMAND: GET /session/0d9d5c9b5c0356f2b9a3a02b4bb0b4ef/screenshot - {}
]]></system-out>
    </testcase>
  </testsuite>
  <testsuite timestamp="2025-04-27T17:51:46" time="645.254" tests="12" failures="9" errors="9" skipped="0">
    <properties>
      <property name="specId" value="0" />
      <property name="suiteName" value="Billing transfer US117289" />
      <property name="capabilities" value="chrome.135_0_7049_96.windows" />
      <property name="file" value="file:///D:/a/1/s/test/specs/BTS/billing-transfer.spec.js" />
    </properties>
    <testcase classname="chrome.135_0_7049_96.windows.Billing_transfer_US117289" name="Should create a new yard" time="0.015">
      <system-out><![CDATA[
COMMAND: POST /session/0d9d5c9b5c0356f2b9a3a02b4bb0b4ef/window/fullscreen - {}
RESULT: {}
]]></system-out>
    </testcase>
    <testcase classname="chrome.135_0_7049_96.windows.Billing_transfer_US117289" name="Should create a new partner" time="0.005" />
    <testcase classname="chrome.135_0_7049_96.windows.Billing_transfer_US117289" name="Should create a new site" time="0.004" />
  </testsuite>
  <testsuite timestamp="2025-04-27T18:02:31" time="645.553" tests="12" failures="9" errors="9" skipped="0">
    <properties>
      <property name="specId" value="0" />
      <property name="suiteName" value="Create Reverse Billing US127248" />
      <property name="capabilities" value="chrome.135_0_7049_96.windows" />
      <property name="file" value="file:///D:/a/1/s/test/specs/BTS/reverse-billing.spec.js" />
    </properties>
    <testcase classname="chrome.135_0_7049_96.windows.Create_Reverse_Billing_US127248" name="Should create a new yard" time="0.031">
      <system-out><![CDATA[
COMMAND: POST /session/0d9d5c9b5c0356f2b9a3a02b4bb0b4ef/window/fullscreen - {}
RESULT: {}
]]></system-out>
    </testcase>
    <testcase classname="chrome.135_0_7049_96.windows.Create_Reverse_Billing_US127248" name="Should create a new partner" time="0.006" />
    <testcase classname="chrome.135_0_7049_96.windows.Create_Reverse_Billing_US127248" name="Should create a new site" time="0.004" />
  </testsuite>
</testsuites>