<?xml version="1.0" encoding="UTF-8"?>
<testsuites tests="15" failures="0" errors="0" skipped="0">
  <testsuite timestamp="2025-05-21T16:34:38" time="1010.492" tests="9" failures="0" errors="0" skipped="0">
    <properties>
      <property name="specId" value="0"/>
      <property name="suiteName" value="Prerequisites &amp; test for yard mass return on Yard Overview US131057"/>
      <property name="capabilities" value="chrome.136_0_7103_93.windows"/>
      <property name="file" value="file:///D:/a/1/s/test/specs/HTR/yard-mass-return.spec.js"/>
    </properties>
    <testcase classname="chrome.136_0_7103_93.windows.Prerequisites_&amp;_test_for_yard_mass_return_on_Yard_Overview_US131057" name="Prereq Should create a new yard used for all following tests" time="142.69">
      <system-out><![CDATA[
COMMAND: POST /session/ee531cdc785ab4bc1cc578c76376f65a/window/fullscreen - {}
RESULT: {}
COMMAND: POST /session/ee531cdc785ab4bc1cc578c76376f65a/execute/async - {"script":"<script> [1562 bytes]","args":[{"selector":{"controlType":"sap.m.GenericTile","properties":{"header":"Manage Yards"}},"wdio_ui5_key":"sapm.GenericTile{\"header\":\"Manage Yards\"}"}]}
RESULT: {"script":"<script> [1562 bytes]","args":[{"selector":{"controlType":"sap.m.GenericTile","properties":{"header":"Manage Yards"}},"wdio_ui5_key":"sapm.GenericTile{\"header\":\"Manage Yards\"}"}]}
RESULT: undefined
COMMAND: POST /session/ee531cdc785ab4bc1cc578c76376f65a/element - {"using":"xpath","value":"//*[@id=\"__tile41\"]"}
RESULT: {"using":"xpath","value":"//*[@id=\"__tile41\"]"}
COMMAND: POST /session/ee531cdc785ab4bc1cc578c76376f65a/element/f.8D9BC16EA7DE0C3AAF08971F02AA4182.d.1644FC0379F5F6D252108DC97E182E6A.e.155/click - {}
RESULT: {}
COMMAND: GET /session/ee531cdc785ab4bc1cc578c76376f65a/screenshot - {}
RESULT: {}
COMMAND: POST /session/ee531cdc785ab4bc1cc578c76376f65a/elements - {"using":"xpath","value":"//span[text()='Error']"}
RESULT: {"using":"xpath","value":"//span[text()='Error']"}
COMMAND: POST /session/ee531cdc785ab4bc1cc578c76376f65a/element - {"using":"xpath","value":"//button[@data-kt=\"addNewYardOverflowToolbarButton\"]"}
RESULT: {"using":"xpath","value":"//button[@data-kt=\"addNewYardOverflowToolbarButton\"]"}
COMMAND: POST /session/ee531cdc785ab4bc1cc578c76376f65a/elements - {"using":"xpath","value":"//button[@data-kt=\"addNewYardOverflowToolbarButton\"]"}
RESULT: {"using":"xpath","value":"//button[@data-kt=\"addNewYardOverflowToolbarButton\"]"}
COMMAND: POST /session/ee531cdc785ab4bc1cc578c76376f65a/elements - {"using":"xpath","value":"//button[@data-kt=\"addNewYardOverflowToolbarButton\"]"}
RESULT: {"using":"xpath","value":"//button[@data-kt=\"addNewYardOverflowToolbarButton\"]"}
COMMAND: POST /session/ee531cdc785ab4bc1cc578c76376f65a/elements - {"using":"xpath","value":"//button[@data-kt=\"addNewYardOverflowToolbarButton\"]"}
RESULT: {"using":"xpath","value":"//button[@data-kt=\"addNewYardOverflowToolbarButton\"]"}
COMMAND: POST /session/ee531cdc785ab4bc1cc578c76376f65a/elements - {"using":"xpath","value":"//button[@data-kt=\"addNewYardOverflowToolbarButton\"]"}
RESULT: {"using":"xpath","value":"//button[@data-kt=\"addNewYardOverflowToolbarButton\"]"}
COMMAND: POST /session/ee531cdc785ab4bc1cc578c76376f65a/elements - {"using":"xpath","value":"//button[@data-kt=\"addNewYardOverflowToolbarButton\"]"}
RESULT: {"using":"xpath","value":"//button[@data-kt=\"addNewYardOverflowToolbarButton\"]"}
COMMAND: POST /session/ee531cdc785ab4bc1cc578c76376f65a/elements - {"using":"xpath","value":"//button[@data-kt=\"addNewYardOverflowToolbarButton\"]"}
RESULT: {"using":"xpath","value":"//button[@data-kt=\"addNewYardOverflowToolbarButton\"]"}
COMMAND: POST /session/ee531cdc785ab4bc1cc578c76376f65a/elements - {"using":"xpath","value":"//button[@data-kt=\"addNewYardOverflowToolbarButton\"]"}
RESULT: {"using":"xpath","value":"//button[@data-kt=\"addNewYardOverflowToolbarButton\"]"}
COMMAND: POST /session/ee531cdc785ab4bc1cc578c76376f65a/elements - {"using":"xpath","value":"//button[@data-kt=\"addNewYardOverflowToolbarButton\"]"}
RESULT: {"using":"xpath","value":"//button[@data-kt=\"addNewYardOverflowToolbarButton\"]"}
COMMAND: POST /session/ee531cdc785ab4bc1cc578c76376f65a/elements - {"using":"xpath","value":"//button[@data-kt=\"addNewYardOverflowToolbarButton\"]"}
RESULT: {"using":"xpath","value":"//button[@data-kt=\"addNewYardOverflowToolbarButton\"]"}
COMMAND: POST /session/ee531cdc785ab4bc1cc578c76376f65a/elements - {"using":"xpath","value":"//button[@data-kt=\"addNewYardOverflowToolbarButton\"]"}
RESULT: {"using":"xpath","value":"//button[@data-kt=\"addNewYardOverflowToolbarButton\"]"}
COMMAND: POST /session/ee531cdc785ab4bc1cc578c76376f65a/elements - {"using":"xpath","value":"//button[@data-kt=\"addNewYardOverflowToolbarButton\"]"}
RESULT: {"using":"xpath","value":"//button[@data-kt=\"addNewYardOverflowToolbarButton\"]"}
COMMAND: POST /session/ee531cdc785ab4bc1cc578c76376f65a/elements - {"using":"xpath","value":"//button[@data-kt=\"addNewYardOverflowToolbarButton\"]"}
RESULT: {"using":"xpath","value":"//button[@data-kt=\"addNewYardOverflowToolbarButton\"]"}
COMMAND: POST /session/ee531cdc785ab4bc1cc578c76376f65a/elements - {"using":"xpath","value":"//button[@data-kt=\"addNewYardOverflowToolbarButton\"]"}
RESULT: {"using":"xpath","value":"//button[@data-kt=\"addNewYardOverflowToolbarButton\"]"}
COMMAND: POST /session/ee531cdc785ab4bc1cc578c76376f65a/elements - {"using":"xpath","value":"//button[@data-kt=\"addNewYardOverflowToolbarButton\"]"}
RESULT: {"using":"xpath","value":"//button[@data-kt=\"addNewYardOverflowToolbarButton\"]"}
COMMAND: POST /session/ee531cdc785ab4bc1cc578c76376f65a/elements - {"using":"xpath","value":"//button[@data-kt=\"addNewYardOverflowToolbarButton\"]"}
RESULT: {"using":"xpath","value":"//button[@data-kt=\"addNewYardOverflowToolbarButton\"]"}
COMMAND: POST /session/ee531cdc785ab4bc1cc578c76376f65a/elements - {"using":"xpath","value":"//button[@data-kt=\"addNewYardOverflowToolbarButton\"]"}
RESULT: {"using":"xpath","value":"//button[@data-kt=\"addNewYardOverflowToolbarButton\"]"}
COMMAND: POST /session/ee531cdc785ab4bc1cc578c76376f65a/elements - {"using":"xpath","value":"//button[@data-kt=\"addNewYardOverflowToolbarButton\"]"}
RESULT: {"using":"xpath","value":"//button[@data-kt=\"addNewYardOverflowToolbarButton\"]"}
COMMAND: POST /session/ee531cdc785ab4bc1cc578c76376f65a/elements - {"using":"xpath","value":"//button[@data-kt=\"addNewYardOverflowToolbarButton\"]"}
RESULT: {"using":"xpath","value":"//button[@data-kt=\"addNewYardOverflowToolbarButton\"]"}
COMMAND: POST /session/ee531cdc785ab4bc1cc578c76376f65a/elements - {"using":"xpath","value":"//button[@data-kt=\"addNewYardOverflowToolbarButton\"]"}
RESULT: {"using":"xpath","value":"//button[@data-kt=\"addNewYardOverflowToolbarButton\"]"}
COMMAND: POST /session/ee531cdc785ab4bc1cc578c76376f65a/elements - {"using":"xpath","value":"//button[@data-kt=\"addNewYardOverflowToolbarButton\"]"}
RESULT: {"using":"xpath","value":"//button[@data-kt=\"addNewYardOverflowToolbarButton\"]"}
COMMAND: POST /session/ee531cdc785ab4bc1cc578c76376f65a/elements - {"using":"xpath","value":"//button[@data-kt=\"addNewYardOverflowToolbarButton\"]"}
RESULT: {"using":"xpath","value":"//button[@data-kt=\"addNewYardOverflowToolbarButton\"]"}
COMMAND: POST /session/ee531cdc785ab4bc1cc578c76376f65a/elements - {"using":"xpath","value":"//button[@data-kt=\"addNewYardOverflowToolbarButton\"]"}
RESULT: {"using":"xpath","value":"//button[@data-kt=\"addNewYardOverflowToolbarButton\"]"}
COMMAND: POST /session/ee531cdc785ab4bc1cc578c76376f65a/elements - {"using":"xpath","value":"//button[@data-kt=\"addNewYardOverflowToolbarButton\"]"}
RESULT: {"using":"xpath","value":"//button[@data-kt=\"addNewYardOverflowToolbarButton\"]"}
COMMAND: POST /session/ee531cdc785ab4bc1cc578c76376f65a/elements - {"using":"xpath","value":"//button[@data-kt=\"addNewYardOverflowToolbarButton\"]"}
RESULT: {"using":"xpath","value":"//button[@data-kt=\"addNewYardOverflowToolbarButton\"]"}
COMMAND: POST /session/ee531cdc785ab4bc1cc578c76376f65a/elements - {"using":"xpath","value":"//button[@data-kt=\"addNewYardOverflowToolbarButton\"]"}
RESULT: {"using":"xpath","value":"//button[@data-kt=\"addNewYardOverflowToolbarButton\"]"}
COMMAND: POST /session/ee531cdc785ab4bc1cc578c76376f65a/elements - {"using":"xpath","value":"//button[@data-kt=\"addNewYardOverflowToolbarButton\"]"}
RESULT: {"using":"xpath","value":"//button[@data-kt=\"addNewYardOverflowToolbarButton\"]"}
COMMAND: POST /session/ee531cdc785ab4bc1cc578c76376f65a/elements - {"using":"xpath","value":"//button[@data-kt=\"addNewYardOverflowToolbarButton\"]"}
RESULT: {"using":"xpath","value":"//button[@data-kt=\"addNewYardOverflowToolbarButton\"]"}
COMMAND: POST /session/ee531cdc785ab4bc1cc578c76376f65a/elements - {"using":"xpath","value":"//button[@data-kt=\"addNewYardOverflowToolbarButton\"]"}
RESULT: {"using":"xpath","value":"//button[@data-kt=\"addNewYardOverflowToolbarButton\"]"}
COMMAND: POST /session/ee531cdc785ab4bc1cc578c76376f65a/elements - {"using":"xpath","value":"//button[@data-kt=\"addNewYardOverflowToolbarButton\"]"}
RESULT: {"using":"xpath","value":"//button[@data-kt=\"addNewYardOverflowToolbarButton\"]"}
COMMAND: POST /session/ee531cdc785ab4bc1cc578c76376f65a/element - {"using":"xpath","value":"//button[@data-kt=\"addNewYardOverflowToolbarButton\"]"}
RESULT: {"using":"xpath","value":"//button[@data-kt=\"addNewYardOverflowToolbarButton\"]"}
COMMAND: POST /session/ee531cdc785ab4bc1cc578c76376f65a/execute/sync - {"script":"<script> [8489 bytes]","args":[{"element-6066-11e4-a52e-4f735466cecf":"f.8D9BC16EA7DE0C3AAF08971F02AA4182.d.1644FC0379F5F6D252108DC97E182E6A.e.286","ELEMENT":"f.8D9BC16EA7DE0C3AAF08971F02AA4182.d.1644FC0379F5F6D252108DC97E182E6A.e.286"}]}
RESULT: {"script":"<script> [8489 bytes]","args":[{"element-6066-11e4-a52e-4f735466cecf":"f.8D9BC16EA7DE0C3AAF08971F02AA4182.d.1644FC0379F5F6D252108DC97E182E6A.e.286","ELEMENT":"f.8D9BC16EA7DE0C3AAF08971F02AA4182.d.1644FC0379F5F6D252108DC97E182E6A.e.286"}]}
COMMAND: GET /session/ee531cdc785ab4bc1cc578c76376f65a/element/f.8D9BC16EA7DE0C3AAF08971F02AA4182.d.1644FC0379F5F6D252108DC97E182E6A.e.286/enabled - {}
COMMAND: GET /session/ee531cdc785ab4bc1cc578c76376f65a/screenshot - {}
RESULT: {}
COMMAND: POST /session/ee531cdc785ab4bc1cc578c76376f65a/execute/sync - {"script":"<script> [8489 bytes]","args":[{"element-6066-11e4-a52e-4f735466cecf":"f.8D9BC16EA7DE0C3AAF08971F02AA4182.d.1644FC0379F5F6D252108DC97E182E6A.e.286","ELEMENT":"f.8D9BC16EA7DE0C3AAF08971F02AA4182.d.1644FC0379F5F6D252108DC97E182E6A.e.286"}]}
COMMAND: GET /session/ee531cdc785ab4bc1cc578c76376f65a/screenshot - {}
RESULT: {}
RESULT: {"script":"<script> [8489 bytes]","args":[{"element-6066-11e4-a52e-4f735466cecf":"f.8D9BC16EA7DE0C3AAF08971F02AA4182.d.1644FC0379F5F6D252108DC97E182E6A.e.286","ELEMENT":"f.8D9BC16EA7DE0C3AAF08971F02AA4182.d.1644FC0379F5F6D252108DC97E182E6A.e.286"}]}
COMMAND: POST /session/ee531cdc785ab4bc1cc578c76376f65a/execute/sync - {"script":"<script> [5351 bytes]","args":[{"element-6066-11e4-a52e-4f735466cecf":"f.8D9BC16EA7DE0C3AAF08971F02AA4182.d.1644FC0379F5F6D252108DC97E182E6A.e.286","ELEMENT":"f.8D9BC16EA7DE0C3AAF08971F02AA4182.d.1644FC0379F5F6D252108DC97E182E6A.e.286"}]}
COMMAND: GET /session/ee531cdc785ab4bc1cc578c76376f65a/screenshot - {}
RESULT: {}
RESULT: {"script":"<script> [5351 bytes]","args":[{"element-6066-11e4-a52e-4f735466cecf":"f.8D9BC16EA7DE0C3AAF08971F02AA4182.d.1644FC0379F5F6D252108DC97E182E6A.e.286","ELEMENT":"f.8D9BC16EA7DE0C3AAF08971F02AA4182.d.1644FC0379F5F6D252108DC97E182E6A.e.286"}]}
COMMAND: POST /session/ee531cdc785ab4bc1cc578c76376f65a/element/f.8D9BC16EA7DE0C3AAF08971F02AA4182.d.1644FC0379F5F6D252108DC97E182E6A.e.286/click - {}
COMMAND: GET /session/ee531cdc785ab4bc1cc578c76376f65a/screenshot - {}
RESULT: {}
RESULT: {}
COMMAND: GET /session/ee531cdc785ab4bc1cc578c76376f65a/screenshot - {}
COMMAND: POST /session/ee531cdc785ab4bc1cc578c76376f65a/element - {"using":"xpath","value":"//input[@id=\"application-manageyards-display-component---NewYard--yardId-inner\"]"}
RESULT: {}
RESULT: {}
RESULT: {"using":"xpath","value":"//input[@id=\"application-manageyards-display-component---NewYard--yardId-inner\"]"}
COMMAND: POST /session/ee531cdc785ab4bc1cc578c76376f65a/element - {"using":"xpath","value":"//input[@id=\"application-manageyards-display-component---NewYard--yardId-inner\"]"}
RESULT: {"using":"xpath","value":"//input[@id=\"application-manageyards-display-component---NewYard--yardId-inner\"]"}
COMMAND: POST /session/ee531cdc785ab4bc1cc578c76376f65a/execute/async - {"script":"<script> [1562 bytes]","args":[{"selector":{"id":"application-manageyards-display-component---NewYard--addressDetailDetailsName1","interaction":{"idSuffix":"inner"}},"wdio_ui5_key":"applicationmanageyards-display-component---NewYard--addressDetailDetailsName1"}]}
RESULT: {"script":"<script> [1562 bytes]","args":[{"selector":{"id":"application-manageyards-display-component---NewYard--addressDetailDetailsName1","interaction":{"idSuffix":"inner"}},"wdio_ui5_key":"applicationmanageyards-display-component---NewYard--addressDetailDetailsName1"}]}
RESULT: undefined
COMMAND: POST /session/ee531cdc785ab4bc1cc578c76376f65a/execute/async - {"script":"<script> [776 bytes]","args":[{"enterText":"Other Yard WDIO","selector":{"id":"application-manageyards-display-component---NewYard--addressDetailDetailsName1","interaction":{"idSuffix":"inner"}},"clearTextFirst":true,"interactionType":"ENTER_TEXT"}]}
RESULT: {"script":"<script> [776 bytes]","args":[{"enterText":"Other Yard WDIO","selector":{"id":"application-manageyards-display-component---NewYard--addressDetailDetailsName1","interaction":{"idSuffix":"inner"}},"clearTextFirst":true,"interactionType":"ENTER_TEXT"}]}
COMMAND: POST /session/ee531cdc785ab4bc1cc578c76376f65a/execute/async - {"script":"<script> [1562 bytes]","args":[{"selector":{"id":"application-manageyards-display-component---NewYard--addressDetailDetailsLanguage-arrow"},"wdio_ui5_key":"applicationmanageyards-display-component---NewYard--addressDetailDetailsLanguage-arrow"}]}
RESULT: {"script":"<script> [1562 bytes]","args":[{"selector":{"id":"application-manageyards-display-component---NewYard--addressDetailDetailsLanguage-arrow"},"wdio_ui5_key":"applicationmanageyards-display-component---NewYard--addressDetailDetailsLanguage-arrow"}]}
RESULT: undefined
COMMAND: POST /session/ee531cdc785ab4bc1cc578c76376f65a/element - {"using":"xpath","value":"//*[@id=\"application-manageyards-display-component---NewYard--addressDetailDetailsLanguage-arrow\"]"}
RESULT: {"using":"xpath","value":"//*[@id=\"application-manageyards-display-component---NewYard--addressDetailDetailsLanguage-arrow\"]"}
COMMAND: POST /session/ee531cdc785ab4bc1cc578c76376f65a/element/f.8D9BC16EA7DE0C3AAF08971F02AA4182.d.1644FC0379F5F6D252108DC97E182E6A.e.733/click - {}
RESULT: {}
COMMAND: POST /session/ee531cdc785ab4bc1cc578c76376f65a/element - {"using":"xpath","value":"//span[contains(text(), \"English\")]"}
COMMAND: GET /session/ee531cdc785ab4bc1cc578c76376f65a/screenshot - {}
RESULT: {"using":"xpath","value":"//span[contains(text(), \"English\")]"}
COMMAND: POST /session/ee531cdc785ab4bc1cc578c76376f65a/element/f.8D9BC16EA7DE0C3AAF08971F02AA4182.d.1644FC0379F5F6D252108DC97E182E6A.e.734/click - {}
RESULT: {}
RESULT: {}
COMMAND: POST /session/ee531cdc785ab4bc1cc578c76376f65a/execute/async - {"script":"<script> [1562 bytes]","args":[{"selector":{"id":"application-manageyards-display-component---NewYard--addressDetailDetailsCity1","interaction":{"idSuffix":"inner"}},"wdio_ui5_key":"applicationmanageyards-display-component---NewYard--addressDetailDetailsCity1"}]}
COMMAND: GET /session/ee531cdc785ab4bc1cc578c76376f65a/screenshot - {}
RESULT: {"script":"<script> [1562 bytes]","args":[{"selector":{"id":"application-manageyards-display-component---NewYard--addressDetailDetailsCity1","interaction":{"idSuffix":"inner"}},"wdio_ui5_key":"applicationmanageyards-display-component---NewYard--addressDetailDetailsCity1"}]}
RESULT: undefined
COMMAND: POST /session/ee531cdc785ab4bc1cc578c76376f65a/execute/async - {"script":"<script> [776 bytes]","args":[{"enterText":"Rosario","selector":{"id":"application-manageyards-display-component---NewYard--addressDetailDetailsCity1","interaction":{"idSuffix":"inner"}},"clearTextFirst":true,"interactionType":"ENTER_TEXT"}]}
RESULT: {}
RESULT: {"script":"<script> [776 bytes]","args":[{"enterText":"Rosario","selector":{"id":"application-manageyards-display-component---NewYard--addressDetailDetailsCity1","interaction":{"idSuffix":"inner"}},"clearTextFirst":true,"interactionType":"ENTER_TEXT"}]}
COMMAND: POST /session/ee531cdc785ab4bc1cc578c76376f65a/execute/async - {"script":"<script> [1562 bytes]","args":[{"selector":{"id":"application-manageyards-display-component---NewYard--addressDetailDetailsCountry-arrow"},"wdio_ui5_key":"applicationmanageyards-display-component---NewYard--addressDetailDetailsCountry-arrow"}]}
RESULT: {"script":"<script> [1562 bytes]","args":[{"selector":{"id":"application-manageyards-display-component---NewYard--addressDetailDetailsCountry-arrow"},"wdio_ui5_key":"applicationmanageyards-display-component---NewYard--addressDetailDetailsCountry-arrow"}]}
RESULT: undefined
COMMAND: POST /session/ee531cdc785ab4bc1cc578c76376f65a/element - {"using":"xpath","value":"//*[@id=\"application-manageyards-display-component---NewYard--addressDetailDetailsCountry-arrow\"]"}
RESULT: {"using":"xpath","value":"//*[@id=\"application-manageyards-display-component---NewYard--addressDetailDetailsCountry-arrow\"]"}
COMMAND: POST /session/ee531cdc785ab4bc1cc578c76376f65a/element/f.8D9BC16EA7DE0C3AAF08971F02AA4182.d.1644FC0379F5F6D252108DC97E182E6A.e.736/click - {}
RESULT: {}
COMMAND: POST /session/ee531cdc785ab4bc1cc578c76376f65a/element - {"using":"xpath","value":"//span[contains(text(), \"Argentina\")]"}
COMMAND: GET /session/ee531cdc785ab4bc1cc578c76376f65a/screenshot - {}
RESULT: {"using":"xpath","value":"//span[contains(text(), \"Argentina\")]"}
COMMAND: POST /session/ee531cdc785ab4bc1cc578c76376f65a/element/f.8D9BC16EA7DE0C3AAF08971F02AA4182.d.1644FC0379F5F6D252108DC97E182E6A.e.737/click - {}
RESULT: {}
RESULT: {}
COMMAND: POST /session/ee531cdc785ab4bc1cc578c76376f65a/execute/async - {"script":"<script> [1562 bytes]","args":[{"selector":{"id":"application-manageyards-display-component---NewYard--addressEditDetailsCostObjectCstType-arrow"},"wdio_ui5_key":"applicationmanageyards-display-component---NewYard--addressEditDetailsCostObjectCstType-arrow"}]}
COMMAND: GET /session/ee531cdc785ab4bc1cc578c76376f65a/screenshot - {}
RESULT: {"script":"<script> [1562 bytes]","args":[{"selector":{"id":"application-manageyards-display-component---NewYard--addressEditDetailsCostObjectCstType-arrow"},"wdio_ui5_key":"applicationmanageyards-display-component---NewYard--addressEditDetailsCostObjectCstType-arrow"}]}
RESULT: undefined
COMMAND: POST /session/ee531cdc785ab4bc1cc578c76376f65a/element - {"using":"xpath","value":"//*[@id=\"application-manageyards-display-component---NewYard--addressEditDetailsCostObjectCstType-arrow\"]"}
RESULT: {}
RESULT: {"using":"xpath","value":"//*[@id=\"application-manageyards-display-component---NewYard--addressEditDetailsCostObjectCstType-arrow\"]"}
COMMAND: POST /session/ee531cdc785ab4bc1cc578c76376f65a/element/f.8D9BC16EA7DE0C3AAF08971F02AA4182.d.1644FC0379F5F6D252108DC97E182E6A.e.739/click - {}
RESULT: {}
COMMAND: POST /session/ee531cdc785ab4bc1cc578c76376f65a/element - {"using":"xpath","value":"//span[contains(text(), \"Cost Center\")]"}
COMMAND: GET /session/ee531cdc785ab4bc1cc578c76376f65a/screenshot - {}
RESULT: {"using":"xpath","value":"//span[contains(text(), \"Cost Center\")]"}
COMMAND: POST /session/ee531cdc785ab4bc1cc578c76376f65a/element/f.8D9BC16EA7DE0C3AAF08971F02AA4182.d.1644FC0379F5F6D252108DC97E182E6A.e.740/click - {}
RESULT: {}
RESULT: {}
COMMAND: GET /session/ee531cdc785ab4bc1cc578c76376f65a/screenshot - {}
RESULT: {}
COMMAND: POST /session/ee531cdc785ab4bc1cc578c76376f65a/element - {"using":"xpath","value":"//span[@id=\"application-manageyards-display-component---NewYard--addressNewCostObjectCstID-vhi\"]"}
RESULT: {"using":"xpath","value":"//span[@id=\"application-manageyards-display-component---NewYard--addressNewCostObjectCstID-vhi\"]"}
COMMAND: POST /session/ee531cdc785ab4bc1cc578c76376f65a/execute/sync - {"script":"<script> [8489 bytes]","args":[{"element-6066-11e4-a52e-4f735466cecf":"f.8D9BC16EA7DE0C3AAF08971F02AA4182.d.1644FC0379F5F6D252108DC97E182E6A.e.744","ELEMENT":"f.8D9BC16EA7DE0C3AAF08971F02AA4182.d.1644FC0379F5F6D252108DC97E182E6A.e.744"}]}
RESULT: {"script":"<script> [8489 bytes]","args":[{"element-6066-11e4-a52e-4f735466cecf":"f.8D9BC16EA7DE0C3AAF08971F02AA4182.d.1644FC0379F5F6D252108DC97E182E6A.e.744","ELEMENT":"f.8D9BC16EA7DE0C3AAF08971F02AA4182.d.1644FC0379F5F6D252108DC97E182E6A.e.744"}]}
COMMAND: POST /session/ee531cdc785ab4bc1cc578c76376f65a/execute/async - {"script":"<script> [1562 bytes]","args":[{"selector":{"id":"application-manageyards-display-component---NewYard--addressNewCostObjectCstID-vhi"},"wdio_ui5_key":"applicationmanageyards-display-component---NewYard--addressNewCostObjectCstID-vhi"}]}
COMMAND: GET /session/ee531cdc785ab4bc1cc578c76376f65a/screenshot - {}
RESULT: {"script":"<script> [1562 bytes]","args":[{"selector":{"id":"application-manageyards-display-component---NewYard--addressNewCostObjectCstID-vhi"},"wdio_ui5_key":"applicationmanageyards-display-component---NewYard--addressNewCostObjectCstID-vhi"}]}
RESULT: undefined
COMMAND: POST /session/ee531cdc785ab4bc1cc578c76376f65a/element - {"using":"xpath","value":"//*[@id=\"application-manageyards-display-component---NewYard--addressNewCostObjectCstID-vhi\"]"}
RESULT: {}
RESULT: {"using":"xpath","value":"//*[@id=\"application-manageyards-display-component---NewYard--addressNewCostObjectCstID-vhi\"]"}
COMMAND: POST /session/ee531cdc785ab4bc1cc578c76376f65a/element/f.8D9BC16EA7DE0C3AAF08971F02AA4182.d.1644FC0379F5F6D252108DC97E182E6A.e.744/click - {}
RESULT: {}
COMMAND: GET /session/ee531cdc785ab4bc1cc578c76376f65a/screenshot - {}
RESULT: {}
COMMAND: POST /session/ee531cdc785ab4bc1cc578c76376f65a/execute/async - {"script":"<script> [1562 bytes]","args":[{"selector":{"controlType":"sap.m.SearchField","properties":{"placeholder":"Search"},"searchOpenDialogs":true,"interaction":{"idSuffix":"I"}},"wdio_ui5_key":"sapm.SearchField{\"placeholder\":\"Search\"}"}]}
RESULT: {"script":"<script> [1562 bytes]","args":[{"selector":{"controlType":"sap.m.SearchField","properties":{"placeholder":"Search"},"searchOpenDialogs":true,"interaction":{"idSuffix":"I"}},"wdio_ui5_key":"sapm.SearchField{\"placeholder\":\"Search\"}"}]}
RESULT: undefined
COMMAND: POST /session/ee531cdc785ab4bc1cc578c76376f65a/execute/async - {"script":"<script> [776 bytes]","args":[{"enterText":"bauh_b","selector":{"controlType":"sap.m.SearchField","properties":{"placeholder":"Search"},"searchOpenDialogs":true,"interaction":{"idSuffix":"I"}},"clearTextFirst":true,"interactionType":"ENTER_TEXT"}]}
RESULT: {"script":"<script> [776 bytes]","args":[{"enterText":"bauh_b","selector":{"controlType":"sap.m.SearchField","properties":{"placeholder":"Search"},"searchOpenDialogs":true,"interaction":{"idSuffix":"I"}},"clearTextFirst":true,"interactionType":"ENTER_TEXT"}]}
COMMAND: POST /session/ee531cdc785ab4bc1cc578c76376f65a/actions - {"actions":[{"id":"action1","type":"key","parameters":{},"actions":[{"type":"keyDown","value":""},{"type":"pause","duration":10},{"type":"keyUp","value":""}]}]}
RESULT: {"actions":[{"id":"action1","type":"key","parameters":{},"actions":[{"type":"keyDown","value":""},{"type":"pause","duration":10},{"type":"keyUp","value":""}]}]}
COMMAND: GET /session/ee531cdc785ab4bc1cc578c76376f65a/screenshot - {}
RESULT: {}
COMMAND: POST /session/ee531cdc785ab4bc1cc578c76376f65a/element - {"using":"xpath","value":"//span[contains(text(), \"Demo Yard\")]"}
RESULT: {"using":"xpath","value":"//span[contains(text(), \"Demo Yard\")]"}
COMMAND: POST /session/ee531cdc785ab4bc1cc578c76376f65a/element/f.8D9BC16EA7DE0C3AAF08971F02AA4182.d.1644FC0379F5F6D252108DC97E182E6A.e.786/click - {}
RESULT: {}
COMMAND: GET /session/ee531cdc785ab4bc1cc578c76376f65a/screenshot - {}
RESULT: {}
COMMAND: POST /session/ee531cdc785ab4bc1cc578c76376f65a/element - {"using":"xpath","value":"//bdi[contains(text(), \"OK\")]"}
RESULT: {"using":"xpath","value":"//bdi[contains(text(), \"OK\")]"}
COMMAND: POST /session/ee531cdc785ab4bc1cc578c76376f65a/element/f.8D9BC16EA7DE0C3AAF08971F02AA4182.d.1644FC0379F5F6D252108DC97E182E6A.e.787/click - {}
RESULT: {}
COMMAND: GET /session/ee531cdc785ab4bc1cc578c76376f65a/screenshot - {}
COMMAND: POST /session/ee531cdc785ab4bc1cc578c76376f65a/execute/async - {"script":"<script> [1562 bytes]","args":[{"selector":{"id":"application-manageyards-display-component---NewYard--addressEditDetailsCurrency-arrow"},"wdio_ui5_key":"applicationmanageyards-display-component---NewYard--addressEditDetailsCurrency-arrow"}]}
RESULT: {}
RESULT: {"script":"<script> [1562 bytes]","args":[{"selector":{"id":"application-manageyards-display-component---NewYard--addressEditDetailsCurrency-arrow"},"wdio_ui5_key":"applicationmanageyards-display-component---NewYard--addressEditDetailsCurrency-arrow"}]}
RESULT: undefined
COMMAND: POST /session/ee531cdc785ab4bc1cc578c76376f65a/element - {"using":"xpath","value":"//*[@id=\"application-manageyards-display-component---NewYard--addressEditDetailsCurrency-arrow\"]"}
RESULT: {"using":"xpath","value":"//*[@id=\"application-manageyards-display-component---NewYard--addressEditDetailsCurrency-arrow\"]"}
COMMAND: POST /session/ee531cdc785ab4bc1cc578c76376f65a/element/f.8D9BC16EA7DE0C3AAF08971F02AA4182.d.1644FC0379F5F6D252108DC97E182E6A.e.790/click - {}
RESULT: {}
COMMAND: POST /session/ee531cdc785ab4bc1cc578c76376f65a/element - {"using":"xpath","value":"//span[contains(text(), \"Euro\")]"}
COMMAND: GET /session/ee531cdc785ab4bc1cc578c76376f65a/screenshot - {}
RESULT: {"using":"xpath","value":"//span[contains(text(), \"Euro\")]"}
COMMAND: POST /session/ee531cdc785ab4bc1cc578c76376f65a/element/f.8D9BC16EA7DE0C3AAF08971F02AA4182.d.1644FC0379F5F6D252108DC97E182E6A.e.791/click - {}
RESULT: {}
RESULT: {}
COMMAND: POST /session/ee531cdc785ab4bc1cc578c76376f65a/execute/async - {"script":"<script> [1562 bytes]","args":[{"selector":{"controlType":"sap.m.Input","viewName":"etm.portal.ui.manageyards.view.New","viewId":"application-manageyards-display-component---NewYard","bindingPath":{"path":"","propertyPath":"/CONTROLLING_AREA","modelName":"NewYardModel"},"interaction":{"idSuffix":"inner"}},"wdio_ui5_key":"etmportal.ui.manageyards.view.Newsap.m.Input{\"path\":\"\",\"propertyPath\":\"/CONTROLLING_AREA\",\"modelName\":\"NewYardModel\"}"}]}
COMMAND: GET /session/ee531cdc785ab4bc1cc578c76376f65a/screenshot - {}
RESULT: {"script":"<script> [1562 bytes]","args":[{"selector":{"controlType":"sap.m.Input","viewName":"etm.portal.ui.manageyards.view.New","viewId":"application-manageyards-display-component---NewYard","bindingPath":{"path":"","propertyPath":"/CONTROLLING_AREA","modelName":"NewYardModel"},"interaction":{"idSuffix":"inner"}},"wdio_ui5_key":"etmportal.ui.manageyards.view.Newsap.m.Input{\"path\":\"\",\"propertyPath\":\"/CONTROLLING_AREA\",\"modelName\":\"NewYardModel\"}"}]}
RESULT: undefined
COMMAND: POST /session/ee531cdc785ab4bc1cc578c76376f65a/execute/async - {"script":"<script> [776 bytes]","args":[{"enterText":"Z001","selector":{"controlType":"sap.m.Input","viewName":"etm.portal.ui.manageyards.view.New","viewId":"application-manageyards-display-component---NewYard","bindingPath":{"path":"","propertyPath":"/CONTROLLING_AREA","modelName":"NewYardModel"},"interaction":{"idSuffix":"inner"}},"clearTextFirst":true,"interactionType":"ENTER_TEXT"}]}
RESULT: {}
RESULT: {"script":"<script> [776 bytes]","args":[{"enterText":"Z001","selector":{"controlType":"sap.m.Input","viewName":"etm.portal.ui.manageyards.view.New","viewId":"application-manageyards-display-component---NewYard","bindingPath":{"path":"","propertyPath":"/CONTROLLING_AREA","modelName":"NewYardModel"},"interaction":{"idSuffix":"inner"}},"clearTextFirst":true,"interactionType":"ENTER_TEXT"}]}
COMMAND: POST /session/ee531cdc785ab4bc1cc578c76376f65a/execute/async - {"script":"<script> [1562 bytes]","args":[{"selector":{"id":"application-manageyards-display-component---NewYard--companyCodeComboBox","interaction":{"idSuffix":"inner"}},"wdio_ui5_key":"applicationmanageyards-display-component---NewYard--companyCodeComboBox"}]}
RESULT: {"script":"<script> [1562 bytes]","args":[{"selector":{"id":"application-manageyards-display-component---NewYard--companyCodeComboBox","interaction":{"idSuffix":"inner"}},"wdio_ui5_key":"applicationmanageyards-display-component---NewYard--companyCodeComboBox"}]}
RESULT: undefined
COMMAND: POST /session/ee531cdc785ab4bc1cc578c76376f65a/execute/async - {"script":"<script> [776 bytes]","args":[{"enterText":"1000","selector":{"id":"application-manageyards-display-component---NewYard--companyCodeComboBox","interaction":{"idSuffix":"inner"}},"clearTextFirst":true,"interactionType":"ENTER_TEXT"}]}
RESULT: {"script":"<script> [776 bytes]","args":[{"enterText":"1000","selector":{"id":"application-manageyards-display-component---NewYard--companyCodeComboBox","interaction":{"idSuffix":"inner"}},"clearTextFirst":true,"interactionType":"ENTER_TEXT"}]}
COMMAND: POST /session/ee531cdc785ab4bc1cc578c76376f65a/execute/async - {"script":"<script> [1562 bytes]","args":[{"selector":{"controlType":"sap.m.Input","viewName":"etm.portal.ui.manageyards.view.New","viewId":"application-manageyards-display-component---NewYard","bindingPath":{"path":"","propertyPath":"/PLANT","modelName":"NewYardModel"},"interaction":{"idSuffix":"inner"}},"wdio_ui5_key":"etmportal.ui.manageyards.view.Newsap.m.Input{\"path\":\"\",\"propertyPath\":\"/PLANT\",\"modelName\":\"NewYardModel\"}"}]}
RESULT: {"script":"<script> [1562 bytes]","args":[{"selector":{"controlType":"sap.m.Input","viewName":"etm.portal.ui.manageyards.view.New","viewId":"application-manageyards-display-component---NewYard","bindingPath":{"path":"","propertyPath":"/PLANT","modelName":"NewYardModel"},"interaction":{"idSuffix":"inner"}},"wdio_ui5_key":"etmportal.ui.manageyards.view.Newsap.m.Input{\"path\":\"\",\"propertyPath\":\"/PLANT\",\"modelName\":\"NewYardModel\"}"}]}
RESULT: undefined
COMMAND: POST /session/ee531cdc785ab4bc1cc578c76376f65a/execute/async - {"script":"<script> [776 bytes]","args":[{"enterText":"1001","selector":{"controlType":"sap.m.Input","viewName":"etm.portal.ui.manageyards.view.New","viewId":"application-manageyards-display-component---NewYard","bindingPath":{"path":"","propertyPath":"/PLANT","modelName":"NewYardModel"},"interaction":{"idSuffix":"inner"}},"clearTextFirst":true,"interactionType":"ENTER_TEXT"}]}
RESULT: {"script":"<script> [776 bytes]","args":[{"enterText":"1001","selector":{"controlType":"sap.m.Input","viewName":"etm.portal.ui.manageyards.view.New","viewId":"application-manageyards-display-component---NewYard","bindingPath":{"path":"","propertyPath":"/PLANT","modelName":"NewYardModel"},"interaction":{"idSuffix":"inner"}},"clearTextFirst":true,"interactionType":"ENTER_TEXT"}]}
COMMAND: POST /session/ee531cdc785ab4bc1cc578c76376f65a/execute/async - {"script":"<script> [1562 bytes]","args":[{"selector":{"controlType":"sap.m.Input","viewName":"etm.portal.ui.manageyards.view.New","viewId":"application-manageyards-display-component---NewYard","bindingPath":{"path":"","propertyPath":"/SALES_AREA_VKORG","modelName":"NewYardModel"},"interaction":{"idSuffix":"inner"}},"wdio_ui5_key":"etmportal.ui.manageyards.view.Newsap.m.Input{\"path\":\"\",\"propertyPath\":\"/SALES_AREA_VKORG\",\"modelName\":\"NewYardModel\"}"}]}
RESULT: {"script":"<script> [1562 bytes]","args":[{"selector":{"controlType":"sap.m.Input","viewName":"etm.portal.ui.manageyards.view.New","viewId":"application-manageyards-display-component---NewYard","bindingPath":{"path":"","propertyPath":"/SALES_AREA_VKORG","modelName":"NewYardModel"},"interaction":{"idSuffix":"inner"}},"wdio_ui5_key":"etmportal.ui.manageyards.view.Newsap.m.Input{\"path\":\"\",\"propertyPath\":\"/SALES_AREA_VKORG\",\"modelName\":\"NewYardModel\"}"}]}
RESULT: undefined
COMMAND: POST /session/ee531cdc785ab4bc1cc578c76376f65a/execute/async - {"script":"<script> [776 bytes]","args":[{"enterText":"C002","selector":{"controlType":"sap.m.Input","viewName":"etm.portal.ui.manageyards.view.New","viewId":"application-manageyards-display-component---NewYard","bindingPath":{"path":"","propertyPath":"/SALES_AREA_VKORG","modelName":"NewYardModel"},"interaction":{"idSuffix":"inner"}},"clearTextFirst":true,"interactionType":"ENTER_TEXT"}]}
RESULT: {"script":"<script> [776 bytes]","args":[{"enterText":"C002","selector":{"controlType":"sap.m.Input","viewName":"etm.portal.ui.manageyards.view.New","viewId":"application-manageyards-display-component---NewYard","bindingPath":{"path":"","propertyPath":"/SALES_AREA_VKORG","modelName":"NewYardModel"},"interaction":{"idSuffix":"inner"}},"clearTextFirst":true,"interactionType":"ENTER_TEXT"}]}
COMMAND: POST /session/ee531cdc785ab4bc1cc578c76376f65a/execute/async - {"script":"<script> [1562 bytes]","args":[{"selector":{"controlType":"sap.m.Input","viewName":"etm.portal.ui.manageyards.view.New","viewId":"application-manageyards-display-component---NewYard","bindingPath":{"path":"","propertyPath":"/SALES_AREA_VTWEG","modelName":"NewYardModel"},"interaction":{"idSuffix":"inner"}},"wdio_ui5_key":"etmportal.ui.manageyards.view.Newsap.m.Input{\"path\":\"\",\"propertyPath\":\"/SALES_AREA_VTWEG\",\"modelName\":\"NewYardModel\"}"}]}
RESULT: {"script":"<script> [1562 bytes]","args":[{"selector":{"controlType":"sap.m.Input","viewName":"etm.portal.ui.manageyards.view.New","viewId":"application-manageyards-display-component---NewYard","bindingPath":{"path":"","propertyPath":"/SALES_AREA_VTWEG","modelName":"NewYardModel"},"interaction":{"idSuffix":"inner"}},"wdio_ui5_key":"etmportal.ui.manageyards.view.Newsap.m.Input{\"path\":\"\",\"propertyPath\":\"/SALES_AREA_VTWEG\",\"modelName\":\"NewYardModel\"}"}]}
RESULT: undefined
COMMAND: POST /session/ee531cdc785ab4bc1cc578c76376f65a/execute/async - {"script":"<script> [776 bytes]","args":[{"enterText":"C2","selector":{"controlType":"sap.m.Input","viewName":"etm.portal.ui.manageyards.view.New","viewId":"application-manageyards-display-component---NewYard","bindingPath":{"path":"","propertyPath":"/SALES_AREA_VTWEG","modelName":"NewYardModel"},"interaction":{"idSuffix":"inner"}},"clearTextFirst":true,"interactionType":"ENTER_TEXT"}]}
RESULT: {"script":"<script> [776 bytes]","args":[{"enterText":"C2","selector":{"controlType":"sap.m.Input","viewName":"etm.portal.ui.manageyards.view.New","viewId":"application-manageyards-display-component---NewYard","bindingPath":{"path":"","propertyPath":"/SALES_AREA_VTWEG","modelName":"NewYardModel"},"interaction":{"idSuffix":"inner"}},"clearTextFirst":true,"interactionType":"ENTER_TEXT"}]}
COMMAND: POST /session/ee531cdc785ab4bc1cc578c76376f65a/execute/async - {"script":"<script> [1562 bytes]","args":[{"selector":{"controlType":"sap.m.Input","viewName":"etm.portal.ui.manageyards.view.New","viewId":"application-manageyards-display-component---NewYard","bindingPath":{"path":"","propertyPath":"/SALES_AREA_SPART","modelName":"NewYardModel"},"interaction":{"idSuffix":"inner"}},"wdio_ui5_key":"etmportal.ui.manageyards.view.Newsap.m.Input{\"path\":\"\",\"propertyPath\":\"/SALES_AREA_SPART\",\"modelName\":\"NewYardModel\"}"}]}
RESULT: {"script":"<script> [1562 bytes]","args":[{"selector":{"controlType":"sap.m.Input","viewName":"etm.portal.ui.manageyards.view.New","viewId":"application-manageyards-display-component---NewYard","bindingPath":{"path":"","propertyPath":"/SALES_AREA_SPART","modelName":"NewYardModel"},"interaction":{"idSuffix":"inner"}},"wdio_ui5_key":"etmportal.ui.manageyards.view.Newsap.m.Input{\"path\":\"\",\"propertyPath\":\"/SALES_AREA_SPART\",\"modelName\":\"NewYardModel\"}"}]}
RESULT: undefined
COMMAND: POST /session/ee531cdc785ab4bc1cc578c76376f65a/execute/async - {"script":"<script> [776 bytes]","args":[{"enterText":"C2","selector":{"controlType":"sap.m.Input","viewName":"etm.portal.ui.manageyards.view.New","viewId":"application-manageyards-display-component---NewYard","bindingPath":{"path":"","propertyPath":"/SALES_AREA_SPART","modelName":"NewYardModel"},"interaction":{"idSuffix":"inner"}},"clearTextFirst":true,"interactionType":"ENTER_TEXT"}]}
RESULT: {"script":"<script> [776 bytes]","args":[{"enterText":"C2","selector":{"controlType":"sap.m.Input","viewName":"etm.portal.ui.manageyards.view.New","viewId":"application-manageyards-display-component---NewYard","bindingPath":{"path":"","propertyPath":"/SALES_AREA_SPART","modelName":"NewYardModel"},"interaction":{"idSuffix":"inner"}},"clearTextFirst":true,"interactionType":"ENTER_TEXT"}]}
COMMAND: POST /session/ee531cdc785ab4bc1cc578c76376f65a/execute/async - {"script":"<script> [1562 bytes]","args":[{"selector":{"controlType":"sap.m.Input","viewName":"etm.portal.ui.manageyards.view.New","viewId":"application-manageyards-display-component---NewYard","bindingPath":{"path":"","propertyPath":"/SHIP_POINT","modelName":"NewYardModel"},"interaction":{"idSuffix":"inner"}},"wdio_ui5_key":"etmportal.ui.manageyards.view.Newsap.m.Input{\"path\":\"\",\"propertyPath\":\"/SHIP_POINT\",\"modelName\":\"NewYardModel\"}"}]}
RESULT: {"script":"<script> [1562 bytes]","args":[{"selector":{"controlType":"sap.m.Input","viewName":"etm.portal.ui.manageyards.view.New","viewId":"application-manageyards-display-component---NewYard","bindingPath":{"path":"","propertyPath":"/SHIP_POINT","modelName":"NewYardModel"},"interaction":{"idSuffix":"inner"}},"wdio_ui5_key":"etmportal.ui.manageyards.view.Newsap.m.Input{\"path\":\"\",\"propertyPath\":\"/SHIP_POINT\",\"modelName\":\"NewYardModel\"}"}]}
RESULT: undefined
COMMAND: POST /session/ee531cdc785ab4bc1cc578c76376f65a/execute/async - {"script":"<script> [776 bytes]","args":[{"enterText":"1710","selector":{"controlType":"sap.m.Input","viewName":"etm.portal.ui.manageyards.view.New","viewId":"application-manageyards-display-component---NewYard","bindingPath":{"path":"","propertyPath":"/SHIP_POINT","modelName":"NewYardModel"},"interaction":{"idSuffix":"inner"}},"clearTextFirst":true,"interactionType":"ENTER_TEXT"}]}
RESULT: {"script":"<script> [776 bytes]","args":[{"enterText":"1710","selector":{"controlType":"sap.m.Input","viewName":"etm.portal.ui.manageyards.view.New","viewId":"application-manageyards-display-component---NewYard","bindingPath":{"path":"","propertyPath":"/SHIP_POINT","modelName":"NewYardModel"},"interaction":{"idSuffix":"inner"}},"clearTextFirst":true,"interactionType":"ENTER_TEXT"}]}
COMMAND: POST /session/ee531cdc785ab4bc1cc578c76376f65a/execute/async - {"script":"<script> [1562 bytes]","args":[{"selector":{"controlType":"sap.m.Input","viewName":"etm.portal.ui.manageyards.view.New","viewId":"application-manageyards-display-component---NewYard","bindingPath":{"path":"","propertyPath":"/DELIVERY_TYPE","modelName":"NewYardModel"},"interaction":{"idSuffix":"inner"}},"wdio_ui5_key":"etmportal.ui.manageyards.view.Newsap.m.Input{\"path\":\"\",\"propertyPath\":\"/DELIVERY_TYPE\",\"modelName\":\"NewYardModel\"}"}]}
RESULT: {"script":"<script> [1562 bytes]","args":[{"selector":{"controlType":"sap.m.Input","viewName":"etm.portal.ui.manageyards.view.New","viewId":"application-manageyards-display-component---NewYard","bindingPath":{"path":"","propertyPath":"/DELIVERY_TYPE","modelName":"NewYardModel"},"interaction":{"idSuffix":"inner"}},"wdio_ui5_key":"etmportal.ui.manageyards.view.Newsap.m.Input{\"path\":\"\",\"propertyPath\":\"/DELIVERY_TYPE\",\"modelName\":\"NewYardModel\"}"}]}
RESULT: undefined
COMMAND: POST /session/ee531cdc785ab4bc1cc578c76376f65a/execute/async - {"script":"<script> [776 bytes]","args":[{"enterText":"ZL01","selector":{"controlType":"sap.m.Input","viewName":"etm.portal.ui.manageyards.view.New","viewId":"application-manageyards-display-component---NewYard","bindingPath":{"path":"","propertyPath":"/DELIVERY_TYPE","modelName":"NewYardModel"},"interaction":{"idSuffix":"inner"}},"clearTextFirst":true,"interactionType":"ENTER_TEXT"}]}
RESULT: {"script":"<script> [776 bytes]","args":[{"enterText":"ZL01","selector":{"controlType":"sap.m.Input","viewName":"etm.portal.ui.manageyards.view.New","viewId":"application-manageyards-display-component---NewYard","bindingPath":{"path":"","propertyPath":"/DELIVERY_TYPE","modelName":"NewYardModel"},"interaction":{"idSuffix":"inner"}},"clearTextFirst":true,"interactionType":"ENTER_TEXT"}]}
COMMAND: POST /session/ee531cdc785ab4bc1cc578c76376f65a/execute/async - {"script":"<script> [1562 bytes]","args":[{"selector":{"controlType":"sap.m.Input","viewName":"etm.portal.ui.manageyards.view.New","viewId":"application-manageyards-display-component---NewYard","bindingPath":{"path":"","propertyPath":"/AUART","modelName":"NewYardModel"},"interaction":{"idSuffix":"inner"}},"wdio_ui5_key":"etmportal.ui.manageyards.view.Newsap.m.Input{\"path\":\"\",\"propertyPath\":\"/AUART\",\"modelName\":\"NewYardModel\"}"}]}
RESULT: {"script":"<script> [1562 bytes]","args":[{"selector":{"controlType":"sap.m.Input","viewName":"etm.portal.ui.manageyards.view.New","viewId":"application-manageyards-display-component---NewYard","bindingPath":{"path":"","propertyPath":"/AUART","modelName":"NewYardModel"},"interaction":{"idSuffix":"inner"}},"wdio_ui5_key":"etmportal.ui.manageyards.view.Newsap.m.Input{\"path\":\"\",\"propertyPath\":\"/AUART\",\"modelName\":\"NewYardModel\"}"}]}
RESULT: undefined
COMMAND: POST /session/ee531cdc785ab4bc1cc578c76376f65a/execute/async - {"script":"<script> [776 bytes]","args":[{"enterText":"TA","selector":{"controlType":"sap.m.Input","viewName":"etm.portal.ui.manageyards.view.New","viewId":"application-manageyards-display-component---NewYard","bindingPath":{"path":"","propertyPath":"/AUART","modelName":"NewYardModel"},"interaction":{"idSuffix":"inner"}},"clearTextFirst":true,"interactionType":"ENTER_TEXT"}]}
RESULT: {"script":"<script> [776 bytes]","args":[{"enterText":"TA","selector":{"controlType":"sap.m.Input","viewName":"etm.portal.ui.manageyards.view.New","viewId":"application-manageyards-display-component---NewYard","bindingPath":{"path":"","propertyPath":"/AUART","modelName":"NewYardModel"},"interaction":{"idSuffix":"inner"}},"clearTextFirst":true,"interactionType":"ENTER_TEXT"}]}
COMMAND: POST /session/ee531cdc785ab4bc1cc578c76376f65a/element - {"using":"xpath","value":"//button[@data-kt=\"newYardSaveButton\"]"}
RESULT: {"using":"xpath","value":"//button[@data-kt=\"newYardSaveButton\"]"}
COMMAND: POST /session/ee531cdc785ab4bc1cc578c76376f65a/element/f.8D9BC16EA7DE0C3AAF08971F02AA4182.d.1644FC0379F5F6D252108DC97E182E6A.e.693/click - {}
RESULT: {}
COMMAND: GET /session/ee531cdc785ab4bc1cc578c76376f65a/screenshot - {}
RESULT: {}
COMMAND: POST /session/ee531cdc785ab4bc1cc578c76376f65a/element - {"using":"xpath","value":"//header[contains(@id, 'ObjectPageLayout-headerTitle')]/div[1]/div[2]/div[1]/span[1]"}
RESULT: {"using":"xpath","value":"//header[contains(@id, 'ObjectPageLayout-headerTitle')]/div[1]/div[2]/div[1]/span[1]"}
COMMAND: POST /session/ee531cdc785ab4bc1cc578c76376f65a/elements - {"using":"xpath","value":"//header[contains(@id, 'ObjectPageLayout-headerTitle')]/div[1]/div[2]/div[1]/span[1]"}
RESULT: {"using":"xpath","value":"//header[contains(@id, 'ObjectPageLayout-headerTitle')]/div[1]/div[2]/div[1]/span[1]"}
COMMAND: POST /session/ee531cdc785ab4bc1cc578c76376f65a/execute/sync - {"script":"<script> [56 bytes]","args":[{"element-6066-11e4-a52e-4f735466cecf":"f.8D9BC16EA7DE0C3AAF08971F02AA4182.d.1644FC0379F5F6D252108DC97E182E6A.e.1005","ELEMENT":"f.8D9BC16EA7DE0C3AAF08971F02AA4182.d.1644FC0379F5F6D252108DC97E182E6A.e.1005"}]}
RESULT: {"script":"<script> [56 bytes]","args":[{"element-6066-11e4-a52e-4f735466cecf":"f.8D9BC16EA7DE0C3AAF08971F02AA4182.d.1644FC0379F5F6D252108DC97E182E6A.e.1005","ELEMENT":"f.8D9BC16EA7DE0C3AAF08971F02AA4182.d.1644FC0379F5F6D252108DC97E182E6A.e.1005"}]}
COMMAND: GET /session/ee531cdc785ab4bc1cc578c76376f65a/screenshot - {}
RESULT: {}
COMMAND: POST /session/ee531cdc785ab4bc1cc578c76376f65a/element - {"using":"css selector","value":"#shell-header-logo"}
RESULT: {"using":"css selector","value":"#shell-header-logo"}
COMMAND: POST /session/ee531cdc785ab4bc1cc578c76376f65a/element/f.8D9BC16EA7DE0C3AAF08971F02AA4182.d.1644FC0379F5F6D252108DC97E182E6A.e.259/click - {}
RESULT: {}
COMMAND: GET /session/ee531cdc785ab4bc1cc578c76376f65a/screenshot - {}
RESULT: {}
COMMAND: POST /session/ee531cdc785ab4bc1cc578c76376f65a/execute/sync - {"script":"<script> [299 bytes]","args":[["getModel","getResource"]]}
RESULT: {"script":"<script> [299 bytes]","args":[["getModel","getResource"]]}
COMMAND: GET /session/ee531cdc785ab4bc1cc578c76376f65a/screenshot - {}
]]></system-out>
    </testcase>
    <testcase classname="chrome.136_0_7103_93.windows.Prerequisites_&amp;_test_for_yard_mass_return_on_Yard_Overview_US131057" name="Prereq Should create a new partner" time="139.728">
      <system-out><![CDATA[
COMMAND: POST /session/ee531cdc785ab4bc1cc578c76376f65a/window/fullscreen - {}
RESULT: {}
RESULT: {}
COMMAND: POST /session/ee531cdc785ab4bc1cc578c76376f65a/execute/async - {"script":"<script> [1562 bytes]","args":[{"selector":{"controlType":"sap.m.GenericTile","properties":{"header":"Manage Partners"}},"wdio_ui5_key":"sapm.GenericTile{\"header\":\"Manage Partners\"}"}]}
RESULT: {"script":"<script> [1562 bytes]","args":[{"selector":{"controlType":"sap.m.GenericTile","properties":{"header":"Manage Partners"}},"wdio_ui5_key":"sapm.GenericTile{\"header\":\"Manage Partners\"}"}]}
RESULT: undefined
COMMAND: POST /session/ee531cdc785ab4bc1cc578c76376f65a/element - {"using":"xpath","value":"//*[@id=\"__tile38\"]"}
RESULT: {"using":"xpath","value":"//*[@id=\"__tile38\"]"}
COMMAND: POST /session/ee531cdc785ab4bc1cc578c76376f65a/element/f.8D9BC16EA7DE0C3AAF08971F02AA4182.d.1644FC0379F5F6D252108DC97E182E6A.e.146/click - {}
RESULT: {}
COMMAND: GET /session/ee531cdc785ab4bc1cc578c76376f65a/screenshot - {}
RESULT: {}
COMMAND: POST /session/ee531cdc785ab4bc1cc578c76376f65a/elements - {"using":"xpath","value":"//span[text()='Error']"}
RESULT: {"using":"xpath","value":"//span[text()='Error']"}
COMMAND: POST /session/ee531cdc785ab4bc1cc578c76376f65a/element - {"using":"xpath","value":"//button[@data-kt=\"addButton\"]"}
RESULT: {"using":"xpath","value":"//button[@data-kt=\"addButton\"]"}
COMMAND: POST /session/ee531cdc785ab4bc1cc578c76376f65a/elements - {"using":"xpath","value":"//button[@data-kt=\"addButton\"]"}
RESULT: {"using":"xpath","value":"//button[@data-kt=\"addButton\"]"}
COMMAND: POST /session/ee531cdc785ab4bc1cc578c76376f65a/execute/sync - {"script":"<script> [8489 bytes]","args":[{"element-6066-11e4-a52e-4f735466cecf":"f.8D9BC16EA7DE0C3AAF08971F02AA4182.d.1644FC0379F5F6D252108DC97E182E6A.e.1053","ELEMENT":"f.8D9BC16EA7DE0C3AAF08971F02AA4182.d.1644FC0379F5F6D252108DC97E182E6A.e.1053"}]}
RESULT: {"script":"<script> [8489 bytes]","args":[{"element-6066-11e4-a52e-4f735466cecf":"f.8D9BC16EA7DE0C3AAF08971F02AA4182.d.1644FC0379F5F6D252108DC97E182E6A.e.1053","ELEMENT":"f.8D9BC16EA7DE0C3AAF08971F02AA4182.d.1644FC0379F5F6D252108DC97E182E6A.e.1053"}]}
COMMAND: GET /session/ee531cdc785ab4bc1cc578c76376f65a/element/f.8D9BC16EA7DE0C3AAF08971F02AA4182.d.1644FC0379F5F6D252108DC97E182E6A.e.1053/enabled - {}
COMMAND: GET /session/ee531cdc785ab4bc1cc578c76376f65a/screenshot - {}
RESULT: {}
COMMAND: POST /session/ee531cdc785ab4bc1cc578c76376f65a/execute/sync - {"script":"<script> [8489 bytes]","args":[{"element-6066-11e4-a52e-4f735466cecf":"f.8D9BC16EA7DE0C3AAF08971F02AA4182.d.1644FC0379F5F6D252108DC97E182E6A.e.1053","ELEMENT":"f.8D9BC16EA7DE0C3AAF08971F02AA4182.d.1644FC0379F5F6D252108DC97E182E6A.e.1053"}]}
COMMAND: GET /session/ee531cdc785ab4bc1cc578c76376f65a/screenshot - {}
RESULT: {}
RESULT: {"script":"<script> [8489 bytes]","args":[{"element-6066-11e4-a52e-4f735466cecf":"f.8D9BC16EA7DE0C3AAF08971F02AA4182.d.1644FC0379F5F6D252108DC97E182E6A.e.1053","ELEMENT":"f.8D9BC16EA7DE0C3AAF08971F02AA4182.d.1644FC0379F5F6D252108DC97E182E6A.e.1053"}]}
COMMAND: POST /session/ee531cdc785ab4bc1cc578c76376f65a/execute/sync - {"script":"<script> [5351 bytes]","args":[{"element-6066-11e4-a52e-4f735466cecf":"f.8D9BC16EA7DE0C3AAF08971F02AA4182.d.1644FC0379F5F6D252108DC97E182E6A.e.1053","ELEMENT":"f.8D9BC16EA7DE0C3AAF08971F02AA4182.d.1644FC0379F5F6D252108DC97E182E6A.e.1053"}]}
COMMAND: GET /session/ee531cdc785ab4bc1cc578c76376f65a/screenshot - {}
RESULT: {}
RESULT: {"script":"<script> [5351 bytes]","args":[{"element-6066-11e4-a52e-4f735466cecf":"f.8D9BC16EA7DE0C3AAF08971F02AA4182.d.1644FC0379F5F6D252108DC97E182E6A.e.1053","ELEMENT":"f.8D9BC16EA7DE0C3AAF08971F02AA4182.d.1644FC0379F5F6D252108DC97E182E6A.e.1053"}]}
COMMAND: POST /session/ee531cdc785ab4bc1cc578c76376f65a/element/f.8D9BC16EA7DE0C3AAF08971F02AA4182.d.1644FC0379F5F6D252108DC97E182E6A.e.1053/click - {}
COMMAND: GET /session/ee531cdc785ab4bc1cc578c76376f65a/screenshot - {}
RESULT: {}
RESULT: {}
COMMAND: GET /session/ee531cdc785ab4bc1cc578c76376f65a/screenshot - {}
COMMAND: POST /session/ee531cdc785ab4bc1cc578c76376f65a/execute/async - {"script":"<script> [1562 bytes]","args":[{"selector":{"id":"application-managepartners-display-component---NewPartner--addressDetailDetailsName1","interaction":{"idSuffix":"inner"}},"wdio_ui5_key":"applicationmanagepartners-display-component---NewPartner--addressDetailDetailsName1"}]}
RESULT: {}
RESULT: {}
RESULT: {"script":"<script> [1562 bytes]","args":[{"selector":{"id":"application-managepartners-display-component---NewPartner--addressDetailDetailsName1","interaction":{"idSuffix":"inner"}},"wdio_ui5_key":"applicationmanagepartners-display-component---NewPartner--addressDetailDetailsName1"}]}
RESULT: undefined
COMMAND: POST /session/ee531cdc785ab4bc1cc578c76376f65a/execute/async - {"script":"<script> [776 bytes]","args":[{"enterText":"Intracompany Partner WDIO","selector":{"id":"application-managepartners-display-component---NewPartner--addressDetailDetailsName1","interaction":{"idSuffix":"inner"}},"clearTextFirst":true,"interactionType":"ENTER_TEXT"}]}
RESULT: {"script":"<script> [776 bytes]","args":[{"enterText":"Intracompany Partner WDIO","selector":{"id":"application-managepartners-display-component---NewPartner--addressDetailDetailsName1","interaction":{"idSuffix":"inner"}},"clearTextFirst":true,"interactionType":"ENTER_TEXT"}]}
COMMAND: POST /session/ee531cdc785ab4bc1cc578c76376f65a/execute/async - {"script":"<script> [1562 bytes]","args":[{"selector":{"id":"application-managepartners-display-component---NewPartner--addressDetailDetailsLanguage-arrow"},"wdio_ui5_key":"applicationmanagepartners-display-component---NewPartner--addressDetailDetailsLanguage-arrow"}]}
RESULT: {"script":"<script> [1562 bytes]","args":[{"selector":{"id":"application-managepartners-display-component---NewPartner--addressDetailDetailsLanguage-arrow"},"wdio_ui5_key":"applicationmanagepartners-display-component---NewPartner--addressDetailDetailsLanguage-arrow"}]}
RESULT: undefined
COMMAND: POST /session/ee531cdc785ab4bc1cc578c76376f65a/element - {"using":"xpath","value":"//*[@id=\"application-managepartners-display-component---NewPartner--addressDetailDetailsLanguage-arrow\"]"}
RESULT: {"using":"xpath","value":"//*[@id=\"application-managepartners-display-component---NewPartner--addressDetailDetailsLanguage-arrow\"]"}
COMMAND: POST /session/ee531cdc785ab4bc1cc578c76376f65a/element/f.8D9BC16EA7DE0C3AAF08971F02AA4182.d.1644FC0379F5F6D252108DC97E182E6A.e.1498/click - {}
RESULT: {}
COMMAND: POST /session/ee531cdc785ab4bc1cc578c76376f65a/element - {"using":"xpath","value":"//span[contains(text(), \"English\")]"}
COMMAND: GET /session/ee531cdc785ab4bc1cc578c76376f65a/screenshot - {}
RESULT: {"using":"xpath","value":"//span[contains(text(), \"English\")]"}
COMMAND: POST /session/ee531cdc785ab4bc1cc578c76376f65a/element/f.8D9BC16EA7DE0C3AAF08971F02AA4182.d.1644FC0379F5F6D252108DC97E182E6A.e.1499/click - {}
RESULT: {}
RESULT: {}
COMMAND: GET /session/ee531cdc785ab4bc1cc578c76376f65a/screenshot - {}
RESULT: {}
COMMAND: POST /session/ee531cdc785ab4bc1cc578c76376f65a/execute/async - {"script":"<script> [1562 bytes]","args":[{"selector":{"id":"application-managepartners-display-component---NewPartner--addressDetailDetailsCity1","interaction":{"idSuffix":"inner"}},"wdio_ui5_key":"applicationmanagepartners-display-component---NewPartner--addressDetailDetailsCity1"}]}
RESULT: {"script":"<script> [1562 bytes]","args":[{"selector":{"id":"application-managepartners-display-component---NewPartner--addressDetailDetailsCity1","interaction":{"idSuffix":"inner"}},"wdio_ui5_key":"applicationmanagepartners-display-component---NewPartner--addressDetailDetailsCity1"}]}
RESULT: undefined
COMMAND: POST /session/ee531cdc785ab4bc1cc578c76376f65a/execute/async - {"script":"<script> [776 bytes]","args":[{"enterText":"Rosario","selector":{"id":"application-managepartners-display-component---NewPartner--addressDetailDetailsCity1","interaction":{"idSuffix":"inner"}},"clearTextFirst":true,"interactionType":"ENTER_TEXT"}]}
RESULT: {"script":"<script> [776 bytes]","args":[{"enterText":"Rosario","selector":{"id":"application-managepartners-display-component---NewPartner--addressDetailDetailsCity1","interaction":{"idSuffix":"inner"}},"clearTextFirst":true,"interactionType":"ENTER_TEXT"}]}
COMMAND: POST /session/ee531cdc785ab4bc1cc578c76376f65a/execute/async - {"script":"<script> [1562 bytes]","args":[{"selector":{"id":"application-managepartners-display-component---NewPartner--addressDetailDetailsCountry-arrow"},"wdio_ui5_key":"applicationmanagepartners-display-component---NewPartner--addressDetailDetailsCountry-arrow"}]}
RESULT: {"script":"<script> [1562 bytes]","args":[{"selector":{"id":"application-managepartners-display-component---NewPartner--addressDetailDetailsCountry-arrow"},"wdio_ui5_key":"applicationmanagepartners-display-component---NewPartner--addressDetailDetailsCountry-arrow"}]}
RESULT: undefined
COMMAND: POST /session/ee531cdc785ab4bc1cc578c76376f65a/element - {"using":"xpath","value":"//*[@id=\"application-managepartners-display-component---NewPartner--addressDetailDetailsCountry-arrow\"]"}
RESULT: {"using":"xpath","value":"//*[@id=\"application-managepartners-display-component---NewPartner--addressDetailDetailsCountry-arrow\"]"}
COMMAND: POST /session/ee531cdc785ab4bc1cc578c76376f65a/element/f.8D9BC16EA7DE0C3AAF08971F02AA4182.d.1644FC0379F5F6D252108DC97E182E6A.e.1466/click - {}
RESULT: {}
COMMAND: POST /session/ee531cdc785ab4bc1cc578c76376f65a/element - {"using":"xpath","value":"//span[contains(text(), \"Argentina\")]"}
COMMAND: GET /session/ee531cdc785ab4bc1cc578c76376f65a/screenshot - {}
RESULT: {"using":"xpath","value":"//span[contains(text(), \"Argentina\")]"}
COMMAND: POST /session/ee531cdc785ab4bc1cc578c76376f65a/element/f.8D9BC16EA7DE0C3AAF08971F02AA4182.d.1644FC0379F5F6D252108DC97E182E6A.e.1501/click - {}
RESULT: {}
RESULT: {}
COMMAND: GET /session/ee531cdc785ab4bc1cc578c76376f65a/screenshot - {}
RESULT: {}
COMMAND: POST /session/ee531cdc785ab4bc1cc578c76376f65a/element - {"using":"xpath","value":"//bdi[contains(text(), \"Commercial\")]"}
RESULT: {"using":"xpath","value":"//bdi[contains(text(), \"Commercial\")]"}
COMMAND: POST /session/ee531cdc785ab4bc1cc578c76376f65a/element/f.8D9BC16EA7DE0C3AAF08971F02AA4182.d.1644FC0379F5F6D252108DC97E182E6A.e.1502/click - {}
RESULT: {}
COMMAND: GET /session/ee531cdc785ab4bc1cc578c76376f65a/screenshot - {}
RESULT: {}
COMMAND: POST /session/ee531cdc785ab4bc1cc578c76376f65a/execute/async - {"script":"<script> [1562 bytes]","args":[{"selector":{"id":"application-managepartners-display-component---NewPartner--partnerDetailInternal-arrow"},"wdio_ui5_key":"applicationmanagepartners-display-component---NewPartner--partnerDetailInternal-arrow"}]}
RESULT: {"script":"<script> [1562 bytes]","args":[{"selector":{"id":"application-managepartners-display-component---NewPartner--partnerDetailInternal-arrow"},"wdio_ui5_key":"applicationmanagepartners-display-component---NewPartner--partnerDetailInternal-arrow"}]}
RESULT: undefined
COMMAND: POST /session/ee531cdc785ab4bc1cc578c76376f65a/element - {"using":"xpath","value":"//*[@id=\"application-managepartners-display-component---NewPartner--partnerDetailInternal-arrow\"]"}
RESULT: {"using":"xpath","value":"//*[@id=\"application-managepartners-display-component---NewPartner--partnerDetailInternal-arrow\"]"}
COMMAND: POST /session/ee531cdc785ab4bc1cc578c76376f65a/element/f.8D9BC16EA7DE0C3AAF08971F02AA4182.d.1644FC0379F5F6D252108DC97E182E6A.e.1508/click - {}
RESULT: {}
COMMAND: POST /session/ee531cdc785ab4bc1cc578c76376f65a/element - {"using":"xpath","value":"//span[contains(text(), \"Affiliated company\")]"}
COMMAND: GET /session/ee531cdc785ab4bc1cc578c76376f65a/screenshot - {}
RESULT: {"using":"xpath","value":"//span[contains(text(), \"Affiliated company\")]"}
COMMAND: POST /session/ee531cdc785ab4bc1cc578c76376f65a/element/f.8D9BC16EA7DE0C3AAF08971F02AA4182.d.1644FC0379F5F6D252108DC97E182E6A.e.1509/click - {}
RESULT: {}
RESULT: {}
COMMAND: POST /session/ee531cdc785ab4bc1cc578c76376f65a/execute/async - {"script":"<script> [1562 bytes]","args":[{"selector":{"id":"application-managepartners-display-component---NewPartner--partnerDetailsCurrency-arrow"},"wdio_ui5_key":"applicationmanagepartners-display-component---NewPartner--partnerDetailsCurrency-arrow"}]}
COMMAND: GET /session/ee531cdc785ab4bc1cc578c76376f65a/screenshot - {}
RESULT: {"script":"<script> [1562 bytes]","args":[{"selector":{"id":"application-managepartners-display-component---NewPartner--partnerDetailsCurrency-arrow"},"wdio_ui5_key":"applicationmanagepartners-display-component---NewPartner--partnerDetailsCurrency-arrow"}]}
RESULT: undefined
COMMAND: POST /session/ee531cdc785ab4bc1cc578c76376f65a/element - {"using":"xpath","value":"//*[@id=\"application-managepartners-display-component---NewPartner--partnerDetailsCurrency-arrow\"]"}
RESULT: {}
RESULT: {"using":"xpath","value":"//*[@id=\"application-managepartners-display-component---NewPartner--partnerDetailsCurrency-arrow\"]"}
COMMAND: POST /session/ee531cdc785ab4bc1cc578c76376f65a/element/f.8D9BC16EA7DE0C3AAF08971F02AA4182.d.1644FC0379F5F6D252108DC97E182E6A.e.1516/click - {}
RESULT: {}
COMMAND: POST /session/ee531cdc785ab4bc1cc578c76376f65a/element - {"using":"xpath","value":"//span[contains(text(), \"Euro\")]"}
COMMAND: GET /session/ee531cdc785ab4bc1cc578c76376f65a/screenshot - {}
RESULT: {"using":"xpath","value":"//span[contains(text(), \"Euro\")]"}
COMMAND: POST /session/ee531cdc785ab4bc1cc578c76376f65a/element/f.8D9BC16EA7DE0C3AAF08971F02AA4182.d.1644FC0379F5F6D252108DC97E182E6A.e.1517/click - {}
RESULT: {}
RESULT: {}
COMMAND: POST /session/ee531cdc785ab4bc1cc578c76376f65a/execute/async - {"script":"<script> [1562 bytes]","args":[{"selector":{"id":"application-managepartners-display-component---NewPartner--addressEditDetailsCostObjectCstType-arrow"},"wdio_ui5_key":"applicationmanagepartners-display-component---NewPartner--addressEditDetailsCostObjectCstType-arrow"}]}
COMMAND: GET /session/ee531cdc785ab4bc1cc578c76376f65a/screenshot - {}
RESULT: {"script":"<script> [1562 bytes]","args":[{"selector":{"id":"application-managepartners-display-component---NewPartner--addressEditDetailsCostObjectCstType-arrow"},"wdio_ui5_key":"applicationmanagepartners-display-component---NewPartner--addressEditDetailsCostObjectCstType-arrow"}]}
RESULT: undefined
COMMAND: POST /session/ee531cdc785ab4bc1cc578c76376f65a/element - {"using":"xpath","value":"//*[@id=\"application-managepartners-display-component---NewPartner--addressEditDetailsCostObjectCstType-arrow\"]"}
RESULT: {}
RESULT: {"using":"xpath","value":"//*[@id=\"application-managepartners-display-component---NewPartner--addressEditDetailsCostObjectCstType-arrow\"]"}
COMMAND: POST /session/ee531cdc785ab4bc1cc578c76376f65a/element/f.8D9BC16EA7DE0C3AAF08971F02AA4182.d.1644FC0379F5F6D252108DC97E182E6A.e.1518/click - {}
RESULT: {}
COMMAND: POST /session/ee531cdc785ab4bc1cc578c76376f65a/element - {"using":"xpath","value":"//span[contains(text(), \"Cost Center\")]"}
COMMAND: GET /session/ee531cdc785ab4bc1cc578c76376f65a/screenshot - {}
RESULT: {"using":"xpath","value":"//span[contains(text(), \"Cost Center\")]"}
COMMAND: POST /session/ee531cdc785ab4bc1cc578c76376f65a/element/f.8D9BC16EA7DE0C3AAF08971F02AA4182.d.1644FC0379F5F6D252108DC97E182E6A.e.1519/click - {}
RESULT: {}
RESULT: {}
COMMAND: GET /session/ee531cdc785ab4bc1cc578c76376f65a/screenshot - {}
RESULT: {}
COMMAND: POST /session/ee531cdc785ab4bc1cc578c76376f65a/element - {"using":"xpath","value":"//span[@id=\"application-managepartners-display-component---NewPartner--addressNewCostObjectCstID-vhi\"]"}
RESULT: {"using":"xpath","value":"//span[@id=\"application-managepartners-display-component---NewPartner--addressNewCostObjectCstID-vhi\"]"}
COMMAND: POST /session/ee531cdc785ab4bc1cc578c76376f65a/execute/sync - {"script":"<script> [8489 bytes]","args":[{"element-6066-11e4-a52e-4f735466cecf":"f.8D9BC16EA7DE0C3AAF08971F02AA4182.d.1644FC0379F5F6D252108DC97E182E6A.e.1523","ELEMENT":"f.8D9BC16EA7DE0C3AAF08971F02AA4182.d.1644FC0379F5F6D252108DC97E182E6A.e.1523"}]}
RESULT: {"script":"<script> [8489 bytes]","args":[{"element-6066-11e4-a52e-4f735466cecf":"f.8D9BC16EA7DE0C3AAF08971F02AA4182.d.1644FC0379F5F6D252108DC97E182E6A.e.1523","ELEMENT":"f.8D9BC16EA7DE0C3AAF08971F02AA4182.d.1644FC0379F5F6D252108DC97E182E6A.e.1523"}]}
COMMAND: POST /session/ee531cdc785ab4bc1cc578c76376f65a/execute/async - {"script":"<script> [1562 bytes]","args":[{"selector":{"id":"application-managepartners-display-component---NewPartner--addressNewCostObjectCstID-vhi"},"wdio_ui5_key":"applicationmanagepartners-display-component---NewPartner--addressNewCostObjectCstID-vhi"}]}
COMMAND: GET /session/ee531cdc785ab4bc1cc578c76376f65a/screenshot - {}
RESULT: {"script":"<script> [1562 bytes]","args":[{"selector":{"id":"application-managepartners-display-component---NewPartner--addressNewCostObjectCstID-vhi"},"wdio_ui5_key":"applicationmanagepartners-display-component---NewPartner--addressNewCostObjectCstID-vhi"}]}
RESULT: undefined
COMMAND: POST /session/ee531cdc785ab4bc1cc578c76376f65a/element - {"using":"xpath","value":"//*[@id=\"application-managepartners-display-component---NewPartner--addressNewCostObjectCstID-vhi\"]"}
RESULT: {}
RESULT: {"using":"xpath","value":"//*[@id=\"application-managepartners-display-component---NewPartner--addressNewCostObjectCstID-vhi\"]"}
COMMAND: POST /session/ee531cdc785ab4bc1cc578c76376f65a/element/f.8D9BC16EA7DE0C3AAF08971F02AA4182.d.1644FC0379F5F6D252108DC97E182E6A.e.1523/click - {}
RESULT: {}
COMMAND: GET /session/ee531cdc785ab4bc1cc578c76376f65a/screenshot - {}
RESULT: {}
RESULT: undefined
COMMAND: POST /session/ee531cdc785ab4bc1cc578c76376f65a/execute/async - {"script":"<script> [776 bytes]","args":[{"enterText":"10001013","selector":{"controlType":"sap.m.SearchField","properties":{"placeholder":"Search"},"searchOpenDialogs":true,"interaction":{"idSuffix":"I"}},"clearTextFirst":true,"interactionType":"ENTER_TEXT"}]}
RESULT: {"script":"<script> [776 bytes]","args":[{"enterText":"10001013","selector":{"controlType":"sap.m.SearchField","properties":{"placeholder":"Search"},"searchOpenDialogs":true,"interaction":{"idSuffix":"I"}},"clearTextFirst":true,"interactionType":"ENTER_TEXT"}]}
COMMAND: POST /session/ee531cdc785ab4bc1cc578c76376f65a/actions - {"actions":[{"id":"action2","type":"key","parameters":{},"actions":[{"type":"keyDown","value":""},{"type":"pause","duration":10},{"type":"keyUp","value":""}]}]}
RESULT: {"actions":[{"id":"action2","type":"key","parameters":{},"actions":[{"type":"keyDown","value":""},{"type":"pause","duration":10},{"type":"keyUp","value":""}]}]}
COMMAND: GET /session/ee531cdc785ab4bc1cc578c76376f65a/screenshot - {}
RESULT: {}
COMMAND: POST /session/ee531cdc785ab4bc1cc578c76376f65a/element - {"using":"xpath","value":"//span[contains(text(), \"General Management\")]"}
RESULT: {"using":"xpath","value":"//span[contains(text(), \"General Management\")]"}
COMMAND: POST /session/ee531cdc785ab4bc1cc578c76376f65a/element/f.8D9BC16EA7DE0C3AAF08971F02AA4182.d.1644FC0379F5F6D252108DC97E182E6A.e.1562/click - {}
RESULT: {}
COMMAND: GET /session/ee531cdc785ab4bc1cc578c76376f65a/screenshot - {}
RESULT: {}
COMMAND: POST /session/ee531cdc785ab4bc1cc578c76376f65a/element - {"using":"xpath","value":"//bdi[contains(text(), \"OK\")]"}
RESULT: {"using":"xpath","value":"//bdi[contains(text(), \"OK\")]"}
COMMAND: POST /session/ee531cdc785ab4bc1cc578c76376f65a/element/f.8D9BC16EA7DE0C3AAF08971F02AA4182.d.1644FC0379F5F6D252108DC97E182E6A.e.1563/click - {}
RESULT: {}
COMMAND: GET /session/ee531cdc785ab4bc1cc578c76376f65a/screenshot - {}
RESULT: {}
COMMAND: POST /session/ee531cdc785ab4bc1cc578c76376f65a/element - {"using":"xpath","value":"//input[@id=\"application-managepartners-display-component---NewPartner--companyCodeComboBox-inner\"]"}
RESULT: {"using":"xpath","value":"//input[@id=\"application-managepartners-display-component---NewPartner--companyCodeComboBox-inner\"]"}
COMMAND: POST /session/ee531cdc785ab4bc1cc578c76376f65a/element/f.8D9BC16EA7DE0C3AAF08971F02AA4182.d.1644FC0379F5F6D252108DC97E182E6A.e.1365/clear - {}
RESULT: {}
COMMAND: POST /session/ee531cdc785ab4bc1cc578c76376f65a/element/f.8D9BC16EA7DE0C3AAF08971F02AA4182.d.1644FC0379F5F6D252108DC97E182E6A.e.1365/value - {"text":"1000"}
COMMAND: GET /session/ee531cdc785ab4bc1cc578c76376f65a/screenshot - {}
RESULT: {"text":"1000"}
COMMAND: GET /session/ee531cdc785ab4bc1cc578c76376f65a/screenshot - {}
RESULT: {}
RESULT: {}
COMMAND: POST /session/ee531cdc785ab4bc1cc578c76376f65a/element - {"using":"xpath","value":"//li[.//span[text()= \"1000\"]]"}
RESULT: {"using":"xpath","value":"//li[.//span[text()= \"1000\"]]"}
COMMAND: POST /session/ee531cdc785ab4bc1cc578c76376f65a/element/f.8D9BC16EA7DE0C3AAF08971F02AA4182.d.1644FC0379F5F6D252108DC97E182E6A.e.1569/click - {}
RESULT: {}
COMMAND: GET /session/ee531cdc785ab4bc1cc578c76376f65a/screenshot - {}
RESULT: {}
COMMAND: POST /session/ee531cdc785ab4bc1cc578c76376f65a/execute/async - {"script":"<script> [1562 bytes]","args":[{"selector":{"id":"application-managepartners-display-component---NewPartner--btnAddTableRow-img"},"wdio_ui5_key":"applicationmanagepartners-display-component---NewPartner--btnAddTableRow-img"}]}
RESULT: {"script":"<script> [1562 bytes]","args":[{"selector":{"id":"application-managepartners-display-component---NewPartner--btnAddTableRow-img"},"wdio_ui5_key":"applicationmanagepartners-display-component---NewPartner--btnAddTableRow-img"}]}
RESULT: undefined
COMMAND: POST /session/ee531cdc785ab4bc1cc578c76376f65a/element - {"using":"xpath","value":"//*[@id=\"application-managepartners-display-component---NewPartner--btnAddTableRow-img\"]"}
RESULT: {"using":"xpath","value":"//*[@id=\"application-managepartners-display-component---NewPartner--btnAddTableRow-img\"]"}
COMMAND: POST /session/ee531cdc785ab4bc1cc578c76376f65a/element/f.8D9BC16EA7DE0C3AAF08971F02AA4182.d.1644FC0379F5F6D252108DC97E182E6A.e.1570/click - {}
RESULT: {}
COMMAND: GET /session/ee531cdc785ab4bc1cc578c76376f65a/screenshot - {}
RESULT: {}
COMMAND: POST /session/ee531cdc785ab4bc1cc578c76376f65a/element - {"using":"xpath","value":"//input[@id=\"application-managepartners-display-component---NewPartner--assignmentYard-application-managepartners-display-component---NewPartner--assignmentsTable-0-inner\"]"}
RESULT: {"using":"xpath","value":"//input[@id=\"application-managepartners-display-component---NewPartner--assignmentYard-application-managepartners-display-component---NewPartner--assignmentsTable-0-inner\"]"}
COMMAND: POST /session/ee531cdc785ab4bc1cc578c76376f65a/element/f.8D9BC16EA7DE0C3AAF08971F02AA4182.d.1644FC0379F5F6D252108DC97E182E6A.e.1573/clear - {}
RESULT: {}
COMMAND: POST /session/ee531cdc785ab4bc1cc578c76376f65a/element/f.8D9BC16EA7DE0C3AAF08971F02AA4182.d.1644FC0379F5F6D252108DC97E182E6A.e.1573/value - {"text":"634"}
COMMAND: GET /session/ee531cdc785ab4bc1cc578c76376f65a/screenshot - {}
RESULT: {"text":"634"}
COMMAND: GET /session/ee531cdc785ab4bc1cc578c76376f65a/screenshot - {}
RESULT: {}
RESULT: {}
COMMAND: POST /session/ee531cdc785ab4bc1cc578c76376f65a/element - {"using":"xpath","value":"//li[.//span[text()='634']]"}
RESULT: {"using":"xpath","value":"//li[.//span[text()='634']]"}
COMMAND: POST /session/ee531cdc785ab4bc1cc578c76376f65a/element/f.8D9BC16EA7DE0C3AAF08971F02AA4182.d.1644FC0379F5F6D252108DC97E182E6A.e.1582/click - {}
RESULT: {}
COMMAND: GET /session/ee531cdc785ab4bc1cc578c76376f65a/screenshot - {}
RESULT: {}
COMMAND: POST /session/ee531cdc785ab4bc1cc578c76376f65a/actions - {"actions":[{"id":"action3","type":"key","parameters":{},"actions":[{"type":"keyDown","value":""},{"type":"pause","duration":10},{"type":"keyUp","value":""}]}]}
RESULT: {"actions":[{"id":"action3","type":"key","parameters":{},"actions":[{"type":"keyDown","value":""},{"type":"pause","duration":10},{"type":"keyUp","value":""}]}]}
COMMAND: POST /session/ee531cdc785ab4bc1cc578c76376f65a/execute/async - {"script":"<script> [1562 bytes]","args":[{"selector":{"id":"application-managepartners-display-component---NewPartner--externalCustomerComboBox-application-managepartners-display-component---NewPartner--assignmentsTable-0-vhi"},"wdio_ui5_key":"applicationmanagepartners-display-component---NewPartner--externalCustomerComboBox-application-managepartners-display-component---NewPartner--assignmentsTable-0-vhi"}]}
COMMAND: GET /session/ee531cdc785ab4bc1cc578c76376f65a/screenshot - {}
RESULT: {"script":"<script> [1562 bytes]","args":[{"selector":{"id":"application-managepartners-display-component---NewPartner--externalCustomerComboBox-application-managepartners-display-component---NewPartner--assignmentsTable-0-vhi"},"wdio_ui5_key":"applicationmanagepartners-display-component---NewPartner--externalCustomerComboBox-application-managepartners-display-component---NewPartner--assignmentsTable-0-vhi"}]}
RESULT: undefined
COMMAND: POST /session/ee531cdc785ab4bc1cc578c76376f65a/element - {"using":"xpath","value":"//*[@id=\"application-managepartners-display-component---NewPartner--externalCustomerComboBox-application-managepartners-display-component---NewPartner--assignmentsTable-0-vhi\"]"}
RESULT: {}
RESULT: {"using":"xpath","value":"//*[@id=\"application-managepartners-display-component---NewPartner--externalCustomerComboBox-application-managepartners-display-component---NewPartner--assignmentsTable-0-vhi\"]"}
COMMAND: POST /session/ee531cdc785ab4bc1cc578c76376f65a/element/f.8D9BC16EA7DE0C3AAF08971F02AA4182.d.1644FC0379F5F6D252108DC97E182E6A.e.1586/click - {}
RESULT: {}
RESULT: undefined
COMMAND: POST /session/ee531cdc785ab4bc1cc578c76376f65a/execute/async - {"script":"<script> [776 bytes]","args":[{"enterText":"300003","selector":{"controlType":"sap.m.SearchField","properties":{"placeholder":"Search"},"searchOpenDialogs":true,"interaction":{"idSuffix":"I"}},"clearTextFirst":true,"interactionType":"ENTER_TEXT"}]}
COMMAND: GET /session/ee531cdc785ab4bc1cc578c76376f65a/screenshot - {}
RESULT: {"script":"<script> [776 bytes]","args":[{"enterText":"300003","selector":{"controlType":"sap.m.SearchField","properties":{"placeholder":"Search"},"searchOpenDialogs":true,"interaction":{"idSuffix":"I"}},"clearTextFirst":true,"interactionType":"ENTER_TEXT"}]}
COMMAND: POST /session/ee531cdc785ab4bc1cc578c76376f65a/actions - {"actions":[{"id":"action4","type":"key","parameters":{},"actions":[{"type":"keyDown","value":""},{"type":"pause","duration":10},{"type":"keyUp","value":""}]}]}
RESULT: {}
RESULT: {"actions":[{"id":"action4","type":"key","parameters":{},"actions":[{"type":"keyDown","value":""},{"type":"pause","duration":10},{"type":"keyUp","value":""}]}]}
COMMAND: GET /session/ee531cdc785ab4bc1cc578c76376f65a/screenshot - {}
RESULT: {}
COMMAND: POST /session/ee531cdc785ab4bc1cc578c76376f65a/element - {"using":"xpath","value":"//span[contains(text(), \"300003\")]"}
RESULT: {"using":"xpath","value":"//span[contains(text(), \"300003\")]"}
COMMAND: POST /session/ee531cdc785ab4bc1cc578c76376f65a/element/f.8D9BC16EA7DE0C3AAF08971F02AA4182.d.1644FC0379F5F6D252108DC97E182E6A.e.1605/click - {}
RESULT: {}
COMMAND: GET /session/ee531cdc785ab4bc1cc578c76376f65a/screenshot - {}
RESULT: {}
COMMAND: POST /session/ee531cdc785ab4bc1cc578c76376f65a/element - {"using":"xpath","value":"//bdi[contains(text(), \"OK\")]"}
RESULT: {"using":"xpath","value":"//bdi[contains(text(), \"OK\")]"}
COMMAND: POST /session/ee531cdc785ab4bc1cc578c76376f65a/element/f.8D9BC16EA7DE0C3AAF08971F02AA4182.d.1644FC0379F5F6D252108DC97E182E6A.e.1607/click - {}
RESULT: {}
COMMAND: GET /session/ee531cdc785ab4bc1cc578c76376f65a/screenshot - {}
RESULT: {}
COMMAND: POST /session/ee531cdc785ab4bc1cc578c76376f65a/execute/async - {"script":"<script> [1562 bytes]","args":[{"selector":{"id":"application-managepartners-display-component---NewPartner--intercompVendorComboBox-application-managepartners-display-component---NewPartner--assignmentsTable-0-vhi"},"wdio_ui5_key":"applicationmanagepartners-display-component---NewPartner--intercompVendorComboBox-application-managepartners-display-component---NewPartner--assignmentsTable-0-vhi"}]}
RESULT: {"script":"<script> [1562 bytes]","args":[{"selector":{"id":"application-managepartners-display-component---NewPartner--intercompVendorComboBox-application-managepartners-display-component---NewPartner--assignmentsTable-0-vhi"},"wdio_ui5_key":"applicationmanagepartners-display-component---NewPartner--intercompVendorComboBox-application-managepartners-display-component---NewPartner--assignmentsTable-0-vhi"}]}
RESULT: undefined
COMMAND: POST /session/ee531cdc785ab4bc1cc578c76376f65a/element - {"using":"xpath","value":"//*[@id=\"application-managepartners-display-component---NewPartner--intercompVendorComboBox-application-managepartners-display-component---NewPartner--assignmentsTable-0-vhi\"]"}
RESULT: {"using":"xpath","value":"//*[@id=\"application-managepartners-display-component---NewPartner--intercompVendorComboBox-application-managepartners-display-component---NewPartner--assignmentsTable-0-vhi\"]"}
COMMAND: POST /session/ee531cdc785ab4bc1cc578c76376f65a/element/f.8D9BC16EA7DE0C3AAF08971F02AA4182.d.1644FC0379F5F6D252108DC97E182E6A.e.1610/click - {}
RESULT: {}
RESULT: undefined
COMMAND: POST /session/ee531cdc785ab4bc1cc578c76376f65a/execute/async - {"script":"<script> [776 bytes]","args":[{"enterText":"100005","selector":{"controlType":"sap.m.SearchField","properties":{"placeholder":"Search"},"searchOpenDialogs":true,"interaction":{"idSuffix":"I"}},"clearTextFirst":true,"interactionType":"ENTER_TEXT"}]}
COMMAND: GET /session/ee531cdc785ab4bc1cc578c76376f65a/screenshot - {}
RESULT: {"script":"<script> [776 bytes]","args":[{"enterText":"100005","selector":{"controlType":"sap.m.SearchField","properties":{"placeholder":"Search"},"searchOpenDialogs":true,"interaction":{"idSuffix":"I"}},"clearTextFirst":true,"interactionType":"ENTER_TEXT"}]}
COMMAND: POST /session/ee531cdc785ab4bc1cc578c76376f65a/actions - {"actions":[{"id":"action5","type":"key","parameters":{},"actions":[{"type":"keyDown","value":""},{"type":"pause","duration":10},{"type":"keyUp","value":""}]}]}
RESULT: {}
RESULT: {"actions":[{"id":"action5","type":"key","parameters":{},"actions":[{"type":"keyDown","value":""},{"type":"pause","duration":10},{"type":"keyUp","value":""}]}]}
COMMAND: GET /session/ee531cdc785ab4bc1cc578c76376f65a/screenshot - {}
RESULT: {}
COMMAND: POST /session/ee531cdc785ab4bc1cc578c76376f65a/element - {"using":"xpath","value":"//span[contains(text(), \"Penguins - Field/12345 Berlin\")]"}
RESULT: {"using":"xpath","value":"//span[contains(text(), \"Penguins - Field/12345 Berlin\")]"}
COMMAND: POST /session/ee531cdc785ab4bc1cc578c76376f65a/element/f.8D9BC16EA7DE0C3AAF08971F02AA4182.d.1644FC0379F5F6D252108DC97E182E6A.e.1628/click - {}
RESULT: {}
COMMAND: GET /session/ee531cdc785ab4bc1cc578c76376f65a/screenshot - {}
RESULT: {}
COMMAND: POST /session/ee531cdc785ab4bc1cc578c76376f65a/element - {"using":"xpath","value":"//bdi[contains(text(), \"OK\")]"}
RESULT: {"using":"xpath","value":"//bdi[contains(text(), \"OK\")]"}
COMMAND: POST /session/ee531cdc785ab4bc1cc578c76376f65a/element/f.8D9BC16EA7DE0C3AAF08971F02AA4182.d.1644FC0379F5F6D252108DC97E182E6A.e.1629/click - {}
RESULT: {}
COMMAND: GET /session/ee531cdc785ab4bc1cc578c76376f65a/screenshot - {}
RESULT: {}
COMMAND: POST /session/ee531cdc785ab4bc1cc578c76376f65a/element - {"using":"xpath","value":"//button[@data-kt=\"saveButton\"]"}
RESULT: {"using":"xpath","value":"//button[@data-kt=\"saveButton\"]"}
COMMAND: POST /session/ee531cdc785ab4bc1cc578c76376f65a/element/f.8D9BC16EA7DE0C3AAF08971F02AA4182.d.1644FC0379F5F6D252108DC97E182E6A.e.1374/click - {}
RESULT: {}
COMMAND: GET /session/ee531cdc785ab4bc1cc578c76376f65a/screenshot - {}
RESULT: {}
COMMAND: POST /session/ee531cdc785ab4bc1cc578c76376f65a/element - {"using":"xpath","value":"//header[contains(@id, 'ObjectPageLayout-headerTitle')]/div[1]/div[2]/div[2]/span[1]"}
RESULT: {"using":"xpath","value":"//header[contains(@id, 'ObjectPageLayout-headerTitle')]/div[1]/div[2]/div[2]/span[1]"}
COMMAND: POST /session/ee531cdc785ab4bc1cc578c76376f65a/elements - {"using":"xpath","value":"//header[contains(@id, 'ObjectPageLayout-headerTitle')]/div[1]/div[2]/div[2]/span[1]"}
RESULT: {"using":"xpath","value":"//header[contains(@id, 'ObjectPageLayout-headerTitle')]/div[1]/div[2]/div[2]/span[1]"}
COMMAND: POST /session/ee531cdc785ab4bc1cc578c76376f65a/execute/sync - {"script":"<script> [56 bytes]","args":[{"element-6066-11e4-a52e-4f735466cecf":"f.8D9BC16EA7DE0C3AAF08971F02AA4182.d.1644FC0379F5F6D252108DC97E182E6A.e.1792","ELEMENT":"f.8D9BC16EA7DE0C3AAF08971F02AA4182.d.1644FC0379F5F6D252108DC97E182E6A.e.1792"}]}
RESULT: {"script":"<script> [56 bytes]","args":[{"element-6066-11e4-a52e-4f735466cecf":"f.8D9BC16EA7DE0C3AAF08971F02AA4182.d.1644FC0379F5F6D252108DC97E182E6A.e.1792","ELEMENT":"f.8D9BC16EA7DE0C3AAF08971F02AA4182.d.1644FC0379F5F6D252108DC97E182E6A.e.1792"}]}
COMMAND: POST /session/ee531cdc785ab4bc1cc578c76376f65a/element - {"using":"css selector","value":"#shell-header-logo"}
COMMAND: GET /session/ee531cdc785ab4bc1cc578c76376f65a/screenshot - {}
RESULT: {"using":"css selector","value":"#shell-header-logo"}
COMMAND: POST /session/ee531cdc785ab4bc1cc578c76376f65a/element/f.8D9BC16EA7DE0C3AAF08971F02AA4182.d.1644FC0379F5F6D252108DC97E182E6A.e.1009/click - {}
RESULT: {}
RESULT: {}
COMMAND: GET /session/ee531cdc785ab4bc1cc578c76376f65a/screenshot - {}
RESULT: {}
COMMAND: POST /session/ee531cdc785ab4bc1cc578c76376f65a/execute/sync - {"script":"<script> [299 bytes]","args":[["getModel","getResource"]]}
RESULT: {"script":"<script> [299 bytes]","args":[["getModel","getResource"]]}
COMMAND: GET /session/ee531cdc785ab4bc1cc578c76376f65a/screenshot - {}
]]></system-out>
    </testcase>
    <testcase classname="chrome.136_0_7103_93.windows.Prerequisites_&amp;_test_for_yard_mass_return_on_Yard_Overview_US131057" name="Prereq Should create a new site" time="165.873">
      <system-out><![CDATA[
RESULT: {}
COMMAND: POST /session/ee531cdc785ab4bc1cc578c76376f65a/execute/async - {"script":"<script> [1562 bytes]","args":[{"selector":{"controlType":"sap.m.GenericTile","properties":{"header":"Manage Sites"}},"wdio_ui5_key":"sapm.GenericTile{\"header\":\"Manage Sites\"}"}]}
RESULT: {"script":"<script> [1562 bytes]","args":[{"selector":{"controlType":"sap.m.GenericTile","properties":{"header":"Manage Sites"}},"wdio_ui5_key":"sapm.GenericTile{\"header\":\"Manage Sites\"}"}]}
RESULT: undefined
COMMAND: POST /session/ee531cdc785ab4bc1cc578c76376f65a/element - {"using":"xpath","value":"//*[@id=\"__tile40\"]"}
RESULT: {"using":"xpath","value":"//*[@id=\"__tile40\"]"}
COMMAND: POST /session/ee531cdc785ab4bc1cc578c76376f65a/element/f.8D9BC16EA7DE0C3AAF08971F02AA4182.d.1644FC0379F5F6D252108DC97E182E6A.e.152/click - {}
RESULT: {}
COMMAND: GET /session/ee531cdc785ab4bc1cc578c76376f65a/screenshot - {}
RESULT: {}
COMMAND: POST /session/ee531cdc785ab4bc1cc578c76376f65a/elements - {"using":"xpath","value":"//span[text()='Error']"}
RESULT: {"using":"xpath","value":"//span[text()='Error']"}
COMMAND: POST /session/ee531cdc785ab4bc1cc578c76376f65a/element - {"using":"xpath","value":"//button[@data-kt=\"addOverflowToolbarButton\"]"}
RESULT: {"using":"xpath","value":"//button[@data-kt=\"addOverflowToolbarButton\"]"}
COMMAND: POST /session/ee531cdc785ab4bc1cc578c76376f65a/elements - {"using":"xpath","value":"//button[@data-kt=\"addOverflowToolbarButton\"]"}
RESULT: {"using":"xpath","value":"//button[@data-kt=\"addOverflowToolbarButton\"]"}
COMMAND: POST /session/ee531cdc785ab4bc1cc578c76376f65a/execute/sync - {"script":"<script> [8489 bytes]","args":[{"element-6066-11e4-a52e-4f735466cecf":"f.8D9BC16EA7DE0C3AAF08971F02AA4182.d.1644FC0379F5F6D252108DC97E182E6A.e.1840","ELEMENT":"f.8D9BC16EA7DE0C3AAF08971F02AA4182.d.1644FC0379F5F6D252108DC97E182E6A.e.1840"}]}
RESULT: {"script":"<script> [8489 bytes]","args":[{"element-6066-11e4-a52e-4f735466cecf":"f.8D9BC16EA7DE0C3AAF08971F02AA4182.d.1644FC0379F5F6D252108DC97E182E6A.e.1840","ELEMENT":"f.8D9BC16EA7DE0C3AAF08971F02AA4182.d.1644FC0379F5F6D252108DC97E182E6A.e.1840"}]}
COMMAND: GET /session/ee531cdc785ab4bc1cc578c76376f65a/element/f.8D9BC16EA7DE0C3AAF08971F02AA4182.d.1644FC0379F5F6D252108DC97E182E6A.e.1840/enabled - {}
COMMAND: GET /session/ee531cdc785ab4bc1cc578c76376f65a/screenshot - {}
RESULT: {}
COMMAND: POST /session/ee531cdc785ab4bc1cc578c76376f65a/execute/sync - {"script":"<script> [8489 bytes]","args":[{"element-6066-11e4-a52e-4f735466cecf":"f.8D9BC16EA7DE0C3AAF08971F02AA4182.d.1644FC0379F5F6D252108DC97E182E6A.e.1840","ELEMENT":"f.8D9BC16EA7DE0C3AAF08971F02AA4182.d.1644FC0379F5F6D252108DC97E182E6A.e.1840"}]}
COMMAND: GET /session/ee531cdc785ab4bc1cc578c76376f65a/screenshot - {}
RESULT: {}
RESULT: {"script":"<script> [8489 bytes]","args":[{"element-6066-11e4-a52e-4f735466cecf":"f.8D9BC16EA7DE0C3AAF08971F02AA4182.d.1644FC0379F5F6D252108DC97E182E6A.e.1840","ELEMENT":"f.8D9BC16EA7DE0C3AAF08971F02AA4182.d.1644FC0379F5F6D252108DC97E182E6A.e.1840"}]}
COMMAND: POST /session/ee531cdc785ab4bc1cc578c76376f65a/execute/sync - {"script":"<script> [5351 bytes]","args":[{"element-6066-11e4-a52e-4f735466cecf":"f.8D9BC16EA7DE0C3AAF08971F02AA4182.d.1644FC0379F5F6D252108DC97E182E6A.e.1840","ELEMENT":"f.8D9BC16EA7DE0C3AAF08971F02AA4182.d.1644FC0379F5F6D252108DC97E182E6A.e.1840"}]}
COMMAND: GET /session/ee531cdc785ab4bc1cc578c76376f65a/screenshot - {}
RESULT: {}
RESULT: {"script":"<script> [5351 bytes]","args":[{"element-6066-11e4-a52e-4f735466cecf":"f.8D9BC16EA7DE0C3AAF08971F02AA4182.d.1644FC0379F5F6D252108DC97E182E6A.e.1840","ELEMENT":"f.8D9BC16EA7DE0C3AAF08971F02AA4182.d.1644FC0379F5F6D252108DC97E182E6A.e.1840"}]}
COMMAND: POST /session/ee531cdc785ab4bc1cc578c76376f65a/element/f.8D9BC16EA7DE0C3AAF08971F02AA4182.d.1644FC0379F5F6D252108DC97E182E6A.e.1840/click - {}
COMMAND: GET /session/ee531cdc785ab4bc1cc578c76376f65a/screenshot - {}
RESULT: {}
RESULT: {}
COMMAND: GET /session/ee531cdc785ab4bc1cc578c76376f65a/screenshot - {}
RESULT: {}
RESULT: {}
COMMAND: POST /session/ee531cdc785ab4bc1cc578c76376f65a/element - {"using":"xpath","value":"//input[@id=\"application-managesites-display-component---NewSite--siteId-inner\"]"}
RESULT: {"using":"xpath","value":"//input[@id=\"application-managesites-display-component---NewSite--siteId-inner\"]"}
COMMAND: POST /session/ee531cdc785ab4bc1cc578c76376f65a/element - {"using":"xpath","value":"//input[@id=\"application-managesites-display-component---NewSite--siteId-inner\"]"}
RESULT: {"using":"xpath","value":"//input[@id=\"application-managesites-display-component---NewSite--siteId-inner\"]"}
COMMAND: POST /session/ee531cdc785ab4bc1cc578c76376f65a/execute/async - {"script":"<script> [1562 bytes]","args":[{"selector":{"id":"application-managesites-display-component---NewSite--addressDetailDetailsName1","interaction":{"idSuffix":"inner"}},"wdio_ui5_key":"applicationmanagesites-display-component---NewSite--addressDetailDetailsName1"}]}
RESULT: {"script":"<script> [1562 bytes]","args":[{"selector":{"id":"application-managesites-display-component---NewSite--addressDetailDetailsName1","interaction":{"idSuffix":"inner"}},"wdio_ui5_key":"applicationmanagesites-display-component---NewSite--addressDetailDetailsName1"}]}
RESULT: undefined
COMMAND: POST /session/ee531cdc785ab4bc1cc578c76376f65a/execute/async - {"script":"<script> [776 bytes]","args":[{"enterText":"Intracompany Site wdIO","selector":{"id":"application-managesites-display-component---NewSite--addressDetailDetailsName1","interaction":{"idSuffix":"inner"}},"clearTextFirst":true,"interactionType":"ENTER_TEXT"}]}
RESULT: {"script":"<script> [776 bytes]","args":[{"enterText":"Intracompany Site wdIO","selector":{"id":"application-managesites-display-component---NewSite--addressDetailDetailsName1","interaction":{"idSuffix":"inner"}},"clearTextFirst":true,"interactionType":"ENTER_TEXT"}]}
COMMAND: POST /session/ee531cdc785ab4bc1cc578c76376f65a/execute/async - {"script":"<script> [1562 bytes]","args":[{"selector":{"id":"application-managesites-display-component---NewSite--addressDetailDetailsLanguage-arrow"},"wdio_ui5_key":"applicationmanagesites-display-component---NewSite--addressDetailDetailsLanguage-arrow"}]}
RESULT: {"script":"<script> [1562 bytes]","args":[{"selector":{"id":"application-managesites-display-component---NewSite--addressDetailDetailsLanguage-arrow"},"wdio_ui5_key":"applicationmanagesites-display-component---NewSite--addressDetailDetailsLanguage-arrow"}]}
RESULT: undefined
COMMAND: POST /session/ee531cdc785ab4bc1cc578c76376f65a/element - {"using":"xpath","value":"//*[@id=\"application-managesites-display-component---NewSite--addressDetailDetailsLanguage-arrow\"]"}
RESULT: {"using":"xpath","value":"//*[@id=\"application-managesites-display-component---NewSite--addressDetailDetailsLanguage-arrow\"]"}
COMMAND: POST /session/ee531cdc785ab4bc1cc578c76376f65a/element/f.8D9BC16EA7DE0C3AAF08971F02AA4182.d.1644FC0379F5F6D252108DC97E182E6A.e.2240/click - {}
RESULT: {}
COMMAND: POST /session/ee531cdc785ab4bc1cc578c76376f65a/element - {"using":"xpath","value":"//span[contains(text(), \"English\")]"}
COMMAND: GET /session/ee531cdc785ab4bc1cc578c76376f65a/screenshot - {}
RESULT: {"using":"xpath","value":"//span[contains(text(), \"English\")]"}
COMMAND: POST /session/ee531cdc785ab4bc1cc578c76376f65a/element/f.8D9BC16EA7DE0C3AAF08971F02AA4182.d.1644FC0379F5F6D252108DC97E182E6A.e.2241/click - {}
RESULT: {}
RESULT: {}
COMMAND: POST /session/ee531cdc785ab4bc1cc578c76376f65a/execute/async - {"script":"<script> [1562 bytes]","args":[{"selector":{"id":"application-managesites-display-component---NewSite--addressDetailDetailsCity1","interaction":{"idSuffix":"inner"}},"wdio_ui5_key":"applicationmanagesites-display-component---NewSite--addressDetailDetailsCity1"}]}
COMMAND: GET /session/ee531cdc785ab4bc1cc578c76376f65a/screenshot - {}
RESULT: {"script":"<script> [1562 bytes]","args":[{"selector":{"id":"application-managesites-display-component---NewSite--addressDetailDetailsCity1","interaction":{"idSuffix":"inner"}},"wdio_ui5_key":"applicationmanagesites-display-component---NewSite--addressDetailDetailsCity1"}]}
RESULT: undefined
COMMAND: POST /session/ee531cdc785ab4bc1cc578c76376f65a/execute/async - {"script":"<script> [776 bytes]","args":[{"enterText":"Rosario","selector":{"id":"application-managesites-display-component---NewSite--addressDetailDetailsCity1","interaction":{"idSuffix":"inner"}},"clearTextFirst":true,"interactionType":"ENTER_TEXT"}]}
RESULT: {}
RESULT: {"script":"<script> [776 bytes]","args":[{"enterText":"Rosario","selector":{"id":"application-managesites-display-component---NewSite--addressDetailDetailsCity1","interaction":{"idSuffix":"inner"}},"clearTextFirst":true,"interactionType":"ENTER_TEXT"}]}
COMMAND: POST /session/ee531cdc785ab4bc1cc578c76376f65a/execute/async - {"script":"<script> [1562 bytes]","args":[{"selector":{"id":"application-managesites-display-component---NewSite--addressDetailDetailsCountry-arrow"},"wdio_ui5_key":"applicationmanagesites-display-component---NewSite--addressDetailDetailsCountry-arrow"}]}
RESULT: {"script":"<script> [1562 bytes]","args":[{"selector":{"id":"application-managesites-display-component---NewSite--addressDetailDetailsCountry-arrow"},"wdio_ui5_key":"applicationmanagesites-display-component---NewSite--addressDetailDetailsCountry-arrow"}]}
RESULT: undefined
COMMAND: POST /session/ee531cdc785ab4bc1cc578c76376f65a/element - {"using":"xpath","value":"//*[@id=\"application-managesites-display-component---NewSite--addressDetailDetailsCountry-arrow\"]"}
RESULT: {"using":"xpath","value":"//*[@id=\"application-managesites-display-component---NewSite--addressDetailDetailsCountry-arrow\"]"}
COMMAND: POST /session/ee531cdc785ab4bc1cc578c76376f65a/element/f.8D9BC16EA7DE0C3AAF08971F02AA4182.d.1644FC0379F5F6D252108DC97E182E6A.e.2243/click - {}
RESULT: {}
COMMAND: POST /session/ee531cdc785ab4bc1cc578c76376f65a/element - {"using":"xpath","value":"//span[contains(text(), \"Argentina\")]"}
COMMAND: GET /session/ee531cdc785ab4bc1cc578c76376f65a/screenshot - {}
RESULT: {"using":"xpath","value":"//span[contains(text(), \"Argentina\")]"}
COMMAND: POST /session/ee531cdc785ab4bc1cc578c76376f65a/element/f.8D9BC16EA7DE0C3AAF08971F02AA4182.d.1644FC0379F5F6D252108DC97E182E6A.e.2244/click - {}
RESULT: {}
RESULT: {}
COMMAND: GET /session/ee531cdc785ab4bc1cc578c76376f65a/screenshot - {}
RESULT: {}
COMMAND: POST /session/ee531cdc785ab4bc1cc578c76376f65a/execute/async - {"script":"<script> [1562 bytes]","args":[{"selector":{"id":"application-managesites-display-component---NewSite--addressEditDetailsCostObjectCstType-arrow"},"wdio_ui5_key":"applicationmanagesites-display-component---NewSite--addressEditDetailsCostObjectCstType-arrow"}]}
RESULT: {"script":"<script> [1562 bytes]","args":[{"selector":{"id":"application-managesites-display-component---NewSite--addressEditDetailsCostObjectCstType-arrow"},"wdio_ui5_key":"applicationmanagesites-display-component---NewSite--addressEditDetailsCostObjectCstType-arrow"}]}
RESULT: undefined
COMMAND: POST /session/ee531cdc785ab4bc1cc578c76376f65a/element - {"using":"xpath","value":"//*[@id=\"application-managesites-display-component---NewSite--addressEditDetailsCostObjectCstType-arrow\"]"}
RESULT: {"using":"xpath","value":"//*[@id=\"application-managesites-display-component---NewSite--addressEditDetailsCostObjectCstType-arrow\"]"}
COMMAND: POST /session/ee531cdc785ab4bc1cc578c76376f65a/element/f.8D9BC16EA7DE0C3AAF08971F02AA4182.d.1644FC0379F5F6D252108DC97E182E6A.e.2246/click - {}
RESULT: {}
COMMAND: POST /session/ee531cdc785ab4bc1cc578c76376f65a/element - {"using":"xpath","value":"//span[contains(text(), \"Cost Center\")]"}
COMMAND: GET /session/ee531cdc785ab4bc1cc578c76376f65a/screenshot - {}
RESULT: {"using":"xpath","value":"//span[contains(text(), \"Cost Center\")]"}
COMMAND: POST /session/ee531cdc785ab4bc1cc578c76376f65a/element/f.8D9BC16EA7DE0C3AAF08971F02AA4182.d.1644FC0379F5F6D252108DC97E182E6A.e.2247/click - {}
RESULT: {}
RESULT: {}
COMMAND: GET /session/ee531cdc785ab4bc1cc578c76376f65a/screenshot - {}
RESULT: {}
COMMAND: POST /session/ee531cdc785ab4bc1cc578c76376f65a/element - {"using":"xpath","value":"//span[@id=\"application-managesites-display-component---NewSite--addressNewCostObjectCstID-vhi\"]"}
RESULT: {"using":"xpath","value":"//span[@id=\"application-managesites-display-component---NewSite--addressNewCostObjectCstID-vhi\"]"}
COMMAND: POST /session/ee531cdc785ab4bc1cc578c76376f65a/execute/sync - {"script":"<script> [8489 bytes]","args":[{"element-6066-11e4-a52e-4f735466cecf":"f.8D9BC16EA7DE0C3AAF08971F02AA4182.d.1644FC0379F5F6D252108DC97E182E6A.e.2252","ELEMENT":"f.8D9BC16EA7DE0C3AAF08971F02AA4182.d.1644FC0379F5F6D252108DC97E182E6A.e.2252"}]}
RESULT: {"script":"<script> [8489 bytes]","args":[{"element-6066-11e4-a52e-4f735466cecf":"f.8D9BC16EA7DE0C3AAF08971F02AA4182.d.1644FC0379F5F6D252108DC97E182E6A.e.2252","ELEMENT":"f.8D9BC16EA7DE0C3AAF08971F02AA4182.d.1644FC0379F5F6D252108DC97E182E6A.e.2252"}]}
COMMAND: POST /session/ee531cdc785ab4bc1cc578c76376f65a/execute/async - {"script":"<script> [1562 bytes]","args":[{"selector":{"id":"application-managesites-display-component---NewSite--addressNewCostObjectCstID-vhi"},"wdio_ui5_key":"applicationmanagesites-display-component---NewSite--addressNewCostObjectCstID-vhi"}]}
COMMAND: GET /session/ee531cdc785ab4bc1cc578c76376f65a/screenshot - {}
RESULT: {"script":"<script> [1562 bytes]","args":[{"selector":{"id":"application-managesites-display-component---NewSite--addressNewCostObjectCstID-vhi"},"wdio_ui5_key":"applicationmanagesites-display-component---NewSite--addressNewCostObjectCstID-vhi"}]}
RESULT: undefined
COMMAND: POST /session/ee531cdc785ab4bc1cc578c76376f65a/element - {"using":"xpath","value":"//*[@id=\"application-managesites-display-component---NewSite--addressNewCostObjectCstID-vhi\"]"}
RESULT: {}
RESULT: {"using":"xpath","value":"//*[@id=\"application-managesites-display-component---NewSite--addressNewCostObjectCstID-vhi\"]"}
COMMAND: POST /session/ee531cdc785ab4bc1cc578c76376f65a/element/f.8D9BC16EA7DE0C3AAF08971F02AA4182.d.1644FC0379F5F6D252108DC97E182E6A.e.2252/click - {}
RESULT: {}
COMMAND: GET /session/ee531cdc785ab4bc1cc578c76376f65a/screenshot - {}
RESULT: {}
RESULT: undefined
COMMAND: POST /session/ee531cdc785ab4bc1cc578c76376f65a/execute/async - {"script":"<script> [776 bytes]","args":[{"enterText":"10001013","selector":{"controlType":"sap.m.SearchField","properties":{"placeholder":"Search"},"searchOpenDialogs":true,"interaction":{"idSuffix":"I"}},"clearTextFirst":true,"interactionType":"ENTER_TEXT"}]}
RESULT: {"script":"<script> [776 bytes]","args":[{"enterText":"10001013","selector":{"controlType":"sap.m.SearchField","properties":{"placeholder":"Search"},"searchOpenDialogs":true,"interaction":{"idSuffix":"I"}},"clearTextFirst":true,"interactionType":"ENTER_TEXT"}]}
COMMAND: POST /session/ee531cdc785ab4bc1cc578c76376f65a/actions - {"actions":[{"id":"action6","type":"key","parameters":{},"actions":[{"type":"keyDown","value":""},{"type":"pause","duration":10},{"type":"keyUp","value":""}]}]}
RESULT: {"actions":[{"id":"action6","type":"key","parameters":{},"actions":[{"type":"keyDown","value":""},{"type":"pause","duration":10},{"type":"keyUp","value":""}]}]}
COMMAND: GET /session/ee531cdc785ab4bc1cc578c76376f65a/screenshot - {}
RESULT: {}
COMMAND: POST /session/ee531cdc785ab4bc1cc578c76376f65a/element - {"using":"xpath","value":"//span[contains(text(), \"General Management\")]"}
RESULT: {"using":"xpath","value":"//span[contains(text(), \"General Management\")]"}
COMMAND: POST /session/ee531cdc785ab4bc1cc578c76376f65a/element/f.8D9BC16EA7DE0C3AAF08971F02AA4182.d.1644FC0379F5F6D252108DC97E182E6A.e.2292/click - {}
RESULT: {}
COMMAND: GET /session/ee531cdc785ab4bc1cc578c76376f65a/screenshot - {}
RESULT: {}
COMMAND: POST /session/ee531cdc785ab4bc1cc578c76376f65a/element - {"using":"xpath","value":"//bdi[contains(text(), \"OK\")]"}
RESULT: {"using":"xpath","value":"//bdi[contains(text(), \"OK\")]"}
COMMAND: POST /session/ee531cdc785ab4bc1cc578c76376f65a/element/f.8D9BC16EA7DE0C3AAF08971F02AA4182.d.1644FC0379F5F6D252108DC97E182E6A.e.2293/click - {}
RESULT: {}
COMMAND: GET /session/ee531cdc785ab4bc1cc578c76376f65a/screenshot - {}
RESULT: {}
COMMAND: POST /session/ee531cdc785ab4bc1cc578c76376f65a/element - {"using":"xpath","value":"//input[@id=\"application-managesites-display-component---NewSite--addressDetailDetailsCalendar-inner\"]"}
RESULT: {"using":"xpath","value":"//input[@id=\"application-managesites-display-component---NewSite--addressDetailDetailsCalendar-inner\"]"}
COMMAND: POST /session/ee531cdc785ab4bc1cc578c76376f65a/element/f.8D9BC16EA7DE0C3AAF08971F02AA4182.d.1644FC0379F5F6D252108DC97E182E6A.e.2043/clear - {}
RESULT: {}
COMMAND: POST /session/ee531cdc785ab4bc1cc578c76376f65a/element/f.8D9BC16EA7DE0C3AAF08971F02AA4182.d.1644FC0379F5F6D252108DC97E182E6A.e.2043/value - {"text":"Unit"}
COMMAND: GET /session/ee531cdc785ab4bc1cc578c76376f65a/screenshot - {}
RESULT: {"text":"Unit"}
COMMAND: GET /session/ee531cdc785ab4bc1cc578c76376f65a/screenshot - {}
RESULT: {}
RESULT: {}
COMMAND: POST /session/ee531cdc785ab4bc1cc578c76376f65a/actions - {"actions":[{"id":"action7","type":"key","parameters":{},"actions":[{"type":"keyDown","value":""},{"type":"pause","duration":10},{"type":"keyUp","value":""}]}]}
RESULT: {"actions":[{"id":"action7","type":"key","parameters":{},"actions":[{"type":"keyDown","value":""},{"type":"pause","duration":10},{"type":"keyUp","value":""}]}]}
COMMAND: POST /session/ee531cdc785ab4bc1cc578c76376f65a/element - {"using":"xpath","value":"//input[@id=\"application-managesites-display-component---NewSite--addressDetailDetailsYard-inner\"]"}
COMMAND: GET /session/ee531cdc785ab4bc1cc578c76376f65a/screenshot - {}
RESULT: {"using":"xpath","value":"//input[@id=\"application-managesites-display-component---NewSite--addressDetailDetailsYard-inner\"]"}
COMMAND: POST /session/ee531cdc785ab4bc1cc578c76376f65a/element/f.8D9BC16EA7DE0C3AAF08971F02AA4182.d.1644FC0379F5F6D252108DC97E182E6A.e.2044/clear - {}
RESULT: {}
RESULT: {}
COMMAND: POST /session/ee531cdc785ab4bc1cc578c76376f65a/element/f.8D9BC16EA7DE0C3AAF08971F02AA4182.d.1644FC0379F5F6D252108DC97E182E6A.e.2044/value - {"text":"634"}
COMMAND: GET /session/ee531cdc785ab4bc1cc578c76376f65a/screenshot - {}
RESULT: {"text":"634"}
COMMAND: GET /session/ee531cdc785ab4bc1cc578c76376f65a/screenshot - {}
RESULT: {}
RESULT: {}
COMMAND: POST /session/ee531cdc785ab4bc1cc578c76376f65a/element - {"using":"xpath","value":"//li[.//span[text()='634']]"}
RESULT: {"using":"xpath","value":"//li[.//span[text()='634']]"}
COMMAND: POST /session/ee531cdc785ab4bc1cc578c76376f65a/element/f.8D9BC16EA7DE0C3AAF08971F02AA4182.d.1644FC0379F5F6D252108DC97E182E6A.e.2301/click - {}
RESULT: {}
COMMAND: GET /session/ee531cdc785ab4bc1cc578c76376f65a/screenshot - {}
RESULT: {}
COMMAND: POST /session/ee531cdc785ab4bc1cc578c76376f65a/element - {"using":"xpath","value":"//input[@id=\"application-managesites-display-component---NewSite--addressDetailDetailsPartner-inner\"]"}
RESULT: {"using":"xpath","value":"//input[@id=\"application-managesites-display-component---NewSite--addressDetailDetailsPartner-inner\"]"}
COMMAND: POST /session/ee531cdc785ab4bc1cc578c76376f65a/element - {"using":"xpath","value":"//input[@id=\"application-managesites-display-component---NewSite--addressDetailDetailsPartner-inner\"]"}
RESULT: {"using":"xpath","value":"//input[@id=\"application-managesites-display-component---NewSite--addressDetailDetailsPartner-inner\"]"}
COMMAND: POST /session/ee531cdc785ab4bc1cc578c76376f65a/element - {"using":"xpath","value":"//button[@data-kt=\"saveButton\"]"}
RESULT: {"using":"xpath","value":"//button[@data-kt=\"saveButton\"]"}
COMMAND: POST /session/ee531cdc785ab4bc1cc578c76376f65a/element/f.8D9BC16EA7DE0C3AAF08971F02AA4182.d.1644FC0379F5F6D252108DC97E182E6A.e.2182/click - {}
RESULT: {}
COMMAND: GET /session/ee531cdc785ab4bc1cc578c76376f65a/screenshot - {}
RESULT: {}
COMMAND: POST /session/ee531cdc785ab4bc1cc578c76376f65a/element - {"using":"xpath","value":"//header[contains(@id, 'ObjectPageLayout-headerTitle')]/div[1]/div[2]/div[2]/span[1]"}
RESULT: {"using":"xpath","value":"//header[contains(@id, 'ObjectPageLayout-headerTitle')]/div[1]/div[2]/div[2]/span[1]"}
COMMAND: POST /session/ee531cdc785ab4bc1cc578c76376f65a/elements - {"using":"xpath","value":"//header[contains(@id, 'ObjectPageLayout-headerTitle')]/div[1]/div[2]/div[2]/span[1]"}
RESULT: {"using":"xpath","value":"//header[contains(@id, 'ObjectPageLayout-headerTitle')]/div[1]/div[2]/div[2]/span[1]"}
COMMAND: POST /session/ee531cdc785ab4bc1cc578c76376f65a/execute/sync - {"script":"<script> [56 bytes]","args":[{"element-6066-11e4-a52e-4f735466cecf":"f.8D9BC16EA7DE0C3AAF08971F02AA4182.d.1644FC0379F5F6D252108DC97E182E6A.e.2504","ELEMENT":"f.8D9BC16EA7DE0C3AAF08971F02AA4182.d.1644FC0379F5F6D252108DC97E182E6A.e.2504"}]}
RESULT: {"script":"<script> [56 bytes]","args":[{"element-6066-11e4-a52e-4f735466cecf":"f.8D9BC16EA7DE0C3AAF08971F02AA4182.d.1644FC0379F5F6D252108DC97E182E6A.e.2504","ELEMENT":"f.8D9BC16EA7DE0C3AAF08971F02AA4182.d.1644FC0379F5F6D252108DC97E182E6A.e.2504"}]}
COMMAND: POST /session/ee531cdc785ab4bc1cc578c76376f65a/element - {"using":"css selector","value":"#shell-header-logo"}
COMMAND: GET /session/ee531cdc785ab4bc1cc578c76376f65a/screenshot - {}
RESULT: {"using":"css selector","value":"#shell-header-logo"}
COMMAND: POST /session/ee531cdc785ab4bc1cc578c76376f65a/element/f.8D9BC16EA7DE0C3AAF08971F02AA4182.d.1644FC0379F5F6D252108DC97E182E6A.e.1797/click - {}
RESULT: {}
RESULT: {}
COMMAND: GET /session/ee531cdc785ab4bc1cc578c76376f65a/screenshot - {}
RESULT: {}
COMMAND: POST /session/ee531cdc785ab4bc1cc578c76376f65a/execute/sync - {"script":"<script> [299 bytes]","args":[["getModel","getResource"]]}
RESULT: {"script":"<script> [299 bytes]","args":[["getModel","getResource"]]}
COMMAND: POST /session/ee531cdc785ab4bc1cc578c76376f65a/actions - {"actions":[{"id":"action8","type":"key","parameters":{},"actions":[{"type":"keyDown","value":""},{"type":"pause","duration":10},{"type":"keyUp","value":""}]}]}
COMMAND: GET /session/ee531cdc785ab4bc1cc578c76376f65a/screenshot - {}
RESULT: {"actions":[{"id":"action8","type":"key","parameters":{},"actions":[{"type":"keyDown","value":""},{"type":"pause","duration":10},{"type":"keyUp","value":""}]}]}
COMMAND: GET /session/ee531cdc785ab4bc1cc578c76376f65a/screenshot - {}
RESULT: {}
RESULT: {}
COMMAND: POST /session/ee531cdc785ab4bc1cc578c76376f65a/refresh - {}
RESULT: {}
COMMAND: GET /session/ee531cdc785ab4bc1cc578c76376f65a/screenshot - {}
RESULT: {}
COMMAND: POST /session/ee531cdc785ab4bc1cc578c76376f65a/refresh - {}
RESULT: {}
COMMAND: GET /session/ee531cdc785ab4bc1cc578c76376f65a/screenshot - {}
RESULT: {}
COMMAND: POST /session/ee531cdc785ab4bc1cc578c76376f65a/window/fullscreen - {}
RESULT: {}
COMMAND: POST /session/ee531cdc785ab4bc1cc578c76376f65a/execute/async - {"script":"<script> [189 bytes]","args":[]}
RESULT: {"script":"<script> [189 bytes]","args":[]}
COMMAND: POST /session/ee531cdc785ab4bc1cc578c76376f65a/execute/async - {"script":"<script> [123 bytes]","args":[]}
RESULT: {"script":"<script> [123 bytes]","args":[]}
COMMAND: POST /session/ee531cdc785ab4bc1cc578c76376f65a/timeouts - {"script":"<number>"}
RESULT: {"script":"<number>"}
COMMAND: GET /session/ee531cdc785ab4bc1cc578c76376f65a/timeouts - {}
RESULT: {}
RESULT: undefined
COMMAND: POST /session/ee531cdc785ab4bc1cc578c76376f65a/execute/async - {"script":"<script> [2676 bytes]","args":[]}
RESULT: {"script":"<script> [2676 bytes]","args":[]}
COMMAND: POST /session/ee531cdc785ab4bc1cc578c76376f65a/execute/async - {"script":"<script> [2342 bytes]","args":[{"protocol":"http","hostname":"0.0.0.0","path":"/","capabilities":{"browserName":"chrome","goog:chromeOptions":{"binary":"C:\\Program Files\\Google\\Chrome\\Application\\chrome.exe","args":["--start-maximized"]}},"logLevel":"warn","connectionRetryTimeout":120000,"connectionRetryCount":3,"logLevels":{},"enableDirectConnect":true,"strictSSL":true,"_":"65 more keys: [\"cacheDir\",\"port\",\"requestedCapabilities\",\"automationProtocol\",\"baseUrl\",\"waitforInterval\",\"waitforTimeout\",\"onReload\",\"beforeCommand\",\"afterCommand\",\"rootDir\",\"specs\",\"suites\",\"exclude\",\"groupLogsByTestSpec\",\"excludeDriverLogs\",\"bail\",\"framework\",\"reporters\",\"services\",\"maxInstances\",\"maxInstancesPerCapability\",\"injectGlobals\",\"filesToWatch\",\"execArgv\",\"runnerEnv\",\"runner\",\"shard\",\"specFileRetries\",\"specFileRetriesDelay\",\"specFileRetriesDeferred\",\"reporterSyncInterval\",\"reporterSyncTimeout\",\"cucumberFeaturesWithLineNumbers\",\"autoCompileOpts\",\"mochaOpts\",\"jasmineOpts\",\"cucumberOpts\",\"onPrepare\",\"onWorkerStart\",\"onWorkerEnd\",\"before\",\"beforeSession\",\"beforeSuite\",\"beforeHook\",\"beforeTest\",\"afterTest\",\"afterHook\",\"afterSuite\",\"afterSession\",\"after\",\"onComplete\",\"beforeAssertion\",\"afterAssertion\",\"beforeFeature\",\"beforeScenario\",\"beforeStep\",\"afterStep\",\"afterScenario\",\"afterFeature\",\"_\",\"suite\",\"$0\",\"ignoredWorkerServices\",\"wdi5\"]"}]}
RESULT: {"script":"<script> [2342 bytes]","args":[{"protocol":"http","hostname":"0.0.0.0","path":"/","capabilities":{"browserName":"chrome","goog:chromeOptions":{"binary":"C:\\Program Files\\Google\\Chrome\\Application\\chrome.exe","args":["--start-maximized"]}},"logLevel":"warn","connectionRetryTimeout":120000,"connectionRetryCount":3,"logLevels":{},"enableDirectConnect":true,"strictSSL":true,"_":"65 more keys: [\"cacheDir\",\"port\",\"requestedCapabilities\",\"automationProtocol\",\"baseUrl\",\"waitforInterval\",\"waitforTimeout\",\"onReload\",\"beforeCommand\",\"afterCommand\",\"rootDir\",\"specs\",\"suites\",\"exclude\",\"groupLogsByTestSpec\",\"excludeDriverLogs\",\"bail\",\"framework\",\"reporters\",\"services\",\"maxInstances\",\"maxInstancesPerCapability\",\"injectGlobals\",\"filesToWatch\",\"execArgv\",\"runnerEnv\",\"runner\",\"shard\",\"specFileRetries\",\"specFileRetriesDelay\",\"specFileRetriesDeferred\",\"reporterSyncInterval\",\"reporterSyncTimeout\",\"cucumberFeaturesWithLineNumbers\",\"autoCompileOpts\",\"mochaOpts\",\"jasmineOpts\",\"cucumberOpts\",\"onPrepare\",\"onWorkerStart\",\"onWorkerEnd\",\"before\",\"beforeSession\",\"beforeSuite\",\"beforeHook\",\"beforeTest\",\"afterTest\",\"afterHook\",\"afterSuite\",\"afterSession\",\"after\",\"onComplete\",\"beforeAssertion\",\"afterAssertion\",\"beforeFeature\",\"beforeScenario\",\"beforeStep\",\"afterStep\",\"afterScenario\",\"afterFeature\",\"_\",\"suite\",\"$0\",\"ignoredWorkerServices\",\"wdi5\"]"}]}
COMMAND: POST /session/ee531cdc785ab4bc1cc578c76376f65a/execute/async - {"script":"<script> [21126 bytes]","args":[35000]}
RESULT: {"script":"<script> [21126 bytes]","args":[35000]}
COMMAND: POST /session/ee531cdc785ab4bc1cc578c76376f65a/window/fullscreen - {}
RESULT: {}
]]></system-out>
    </testcase>
    <testcase classname="chrome.136_0_7103_93.windows.Prerequisites_&amp;_test_for_yard_mass_return_on_Yard_Overview_US131057" name="Prereq Should create a new material" time="139.157">
      <system-out><![CDATA[
COMMAND: POST /session/ee531cdc785ab4bc1cc578c76376f65a/execute/async - {"script":"<script> [1562 bytes]","args":[{"selector":{"controlType":"sap.m.GenericTile","properties":{"header":"Manage Resources"}},"wdio_ui5_key":"sapm.GenericTile{\"header\":\"Manage Resources\"}"}]}
RESULT: {"script":"<script> [1562 bytes]","args":[{"selector":{"controlType":"sap.m.GenericTile","properties":{"header":"Manage Resources"}},"wdio_ui5_key":"sapm.GenericTile{\"header\":\"Manage Resources\"}"}]}
RESULT: undefined
COMMAND: POST /session/ee531cdc785ab4bc1cc578c76376f65a/element - {"using":"xpath","value":"//*[@id=\"__tile31\"]"}
RESULT: {"using":"xpath","value":"//*[@id=\"__tile31\"]"}
COMMAND: POST /session/ee531cdc785ab4bc1cc578c76376f65a/element/f.8D9BC16EA7DE0C3AAF08971F02AA4182.d.30B4A7E1A6589E9A550A164FE7C956E9.e.2577/click - {}
RESULT: {}
COMMAND: GET /session/ee531cdc785ab4bc1cc578c76376f65a/screenshot - {}
RESULT: {}
COMMAND: POST /session/ee531cdc785ab4bc1cc578c76376f65a/elements - {"using":"xpath","value":"//span[text()='Error']"}
RESULT: {"using":"xpath","value":"//span[text()='Error']"}
COMMAND: POST /session/ee531cdc785ab4bc1cc578c76376f65a/element - {"using":"xpath","value":"//button[@data-kt=\"addNewRUOverflowToolbarButton\"]"}
RESULT: {"using":"xpath","value":"//button[@data-kt=\"addNewRUOverflowToolbarButton\"]"}
COMMAND: POST /session/ee531cdc785ab4bc1cc578c76376f65a/elements - {"using":"xpath","value":"//button[@data-kt=\"addNewRUOverflowToolbarButton\"]"}
RESULT: {"using":"xpath","value":"//button[@data-kt=\"addNewRUOverflowToolbarButton\"]"}
COMMAND: POST /session/ee531cdc785ab4bc1cc578c76376f65a/elements - {"using":"xpath","value":"//button[@data-kt=\"addNewRUOverflowToolbarButton\"]"}
RESULT: {"using":"xpath","value":"//button[@data-kt=\"addNewRUOverflowToolbarButton\"]"}
COMMAND: POST /session/ee531cdc785ab4bc1cc578c76376f65a/elements - {"using":"xpath","value":"//button[@data-kt=\"addNewRUOverflowToolbarButton\"]"}
RESULT: {"using":"xpath","value":"//button[@data-kt=\"addNewRUOverflowToolbarButton\"]"}
COMMAND: POST /session/ee531cdc785ab4bc1cc578c76376f65a/elements - {"using":"xpath","value":"//button[@data-kt=\"addNewRUOverflowToolbarButton\"]"}
RESULT: {"using":"xpath","value":"//button[@data-kt=\"addNewRUOverflowToolbarButton\"]"}
COMMAND: POST /session/ee531cdc785ab4bc1cc578c76376f65a/elements - {"using":"xpath","value":"//button[@data-kt=\"addNewRUOverflowToolbarButton\"]"}
RESULT: {"using":"xpath","value":"//button[@data-kt=\"addNewRUOverflowToolbarButton\"]"}
COMMAND: POST /session/ee531cdc785ab4bc1cc578c76376f65a/elements - {"using":"xpath","value":"//button[@data-kt=\"addNewRUOverflowToolbarButton\"]"}
RESULT: {"using":"xpath","value":"//button[@data-kt=\"addNewRUOverflowToolbarButton\"]"}
COMMAND: POST /session/ee531cdc785ab4bc1cc578c76376f65a/elements - {"using":"xpath","value":"//button[@data-kt=\"addNewRUOverflowToolbarButton\"]"}
RESULT: {"using":"xpath","value":"//button[@data-kt=\"addNewRUOverflowToolbarButton\"]"}
COMMAND: POST /session/ee531cdc785ab4bc1cc578c76376f65a/elements - {"using":"xpath","value":"//button[@data-kt=\"addNewRUOverflowToolbarButton\"]"}
RESULT: {"using":"xpath","value":"//button[@data-kt=\"addNewRUOverflowToolbarButton\"]"}
COMMAND: POST /session/ee531cdc785ab4bc1cc578c76376f65a/elements - {"using":"xpath","value":"//button[@data-kt=\"addNewRUOverflowToolbarButton\"]"}
RESULT: {"using":"xpath","value":"//button[@data-kt=\"addNewRUOverflowToolbarButton\"]"}
COMMAND: POST /session/ee531cdc785ab4bc1cc578c76376f65a/elements - {"using":"xpath","value":"//button[@data-kt=\"addNewRUOverflowToolbarButton\"]"}
RESULT: {"using":"xpath","value":"//button[@data-kt=\"addNewRUOverflowToolbarButton\"]"}
COMMAND: POST /session/ee531cdc785ab4bc1cc578c76376f65a/elements - {"using":"xpath","value":"//button[@data-kt=\"addNewRUOverflowToolbarButton\"]"}
RESULT: {"using":"xpath","value":"//button[@data-kt=\"addNewRUOverflowToolbarButton\"]"}
COMMAND: POST /session/ee531cdc785ab4bc1cc578c76376f65a/elements - {"using":"xpath","value":"//button[@data-kt=\"addNewRUOverflowToolbarButton\"]"}
RESULT: {"using":"xpath","value":"//button[@data-kt=\"addNewRUOverflowToolbarButton\"]"}
COMMAND: POST /session/ee531cdc785ab4bc1cc578c76376f65a/elements - {"using":"xpath","value":"//button[@data-kt=\"addNewRUOverflowToolbarButton\"]"}
RESULT: {"using":"xpath","value":"//button[@data-kt=\"addNewRUOverflowToolbarButton\"]"}
COMMAND: POST /session/ee531cdc785ab4bc1cc578c76376f65a/elements - {"using":"xpath","value":"//button[@data-kt=\"addNewRUOverflowToolbarButton\"]"}
RESULT: {"using":"xpath","value":"//button[@data-kt=\"addNewRUOverflowToolbarButton\"]"}
COMMAND: POST /session/ee531cdc785ab4bc1cc578c76376f65a/elements - {"using":"xpath","value":"//button[@data-kt=\"addNewRUOverflowToolbarButton\"]"}
RESULT: {"using":"xpath","value":"//button[@data-kt=\"addNewRUOverflowToolbarButton\"]"}
COMMAND: POST /session/ee531cdc785ab4bc1cc578c76376f65a/elements - {"using":"xpath","value":"//button[@data-kt=\"addNewRUOverflowToolbarButton\"]"}
RESULT: {"using":"xpath","value":"//button[@data-kt=\"addNewRUOverflowToolbarButton\"]"}
COMMAND: POST /session/ee531cdc785ab4bc1cc578c76376f65a/elements - {"using":"xpath","value":"//button[@data-kt=\"addNewRUOverflowToolbarButton\"]"}
RESULT: {"using":"xpath","value":"//button[@data-kt=\"addNewRUOverflowToolbarButton\"]"}
COMMAND: POST /session/ee531cdc785ab4bc1cc578c76376f65a/elements - {"using":"xpath","value":"//button[@data-kt=\"addNewRUOverflowToolbarButton\"]"}
RESULT: {"using":"xpath","value":"//button[@data-kt=\"addNewRUOverflowToolbarButton\"]"}
COMMAND: POST /session/ee531cdc785ab4bc1cc578c76376f65a/elements - {"using":"xpath","value":"//button[@data-kt=\"addNewRUOverflowToolbarButton\"]"}
RESULT: {"using":"xpath","value":"//button[@data-kt=\"addNewRUOverflowToolbarButton\"]"}
COMMAND: POST /session/ee531cdc785ab4bc1cc578c76376f65a/elements - {"using":"xpath","value":"//button[@data-kt=\"addNewRUOverflowToolbarButton\"]"}
RESULT: {"using":"xpath","value":"//button[@data-kt=\"addNewRUOverflowToolbarButton\"]"}
COMMAND: POST /session/ee531cdc785ab4bc1cc578c76376f65a/elements - {"using":"xpath","value":"//button[@data-kt=\"addNewRUOverflowToolbarButton\"]"}
RESULT: {"using":"xpath","value":"//button[@data-kt=\"addNewRUOverflowToolbarButton\"]"}
COMMAND: POST /session/ee531cdc785ab4bc1cc578c76376f65a/elements - {"using":"xpath","value":"//button[@data-kt=\"addNewRUOverflowToolbarButton\"]"}
RESULT: {"using":"xpath","value":"//button[@data-kt=\"addNewRUOverflowToolbarButton\"]"}
COMMAND: POST /session/ee531cdc785ab4bc1cc578c76376f65a/elements - {"using":"xpath","value":"//button[@data-kt=\"addNewRUOverflowToolbarButton\"]"}
RESULT: {"using":"xpath","value":"//button[@data-kt=\"addNewRUOverflowToolbarButton\"]"}
COMMAND: POST /session/ee531cdc785ab4bc1cc578c76376f65a/elements - {"using":"xpath","value":"//button[@data-kt=\"addNewRUOverflowToolbarButton\"]"}
RESULT: {"using":"xpath","value":"//button[@data-kt=\"addNewRUOverflowToolbarButton\"]"}
COMMAND: POST /session/ee531cdc785ab4bc1cc578c76376f65a/elements - {"using":"xpath","value":"//button[@data-kt=\"addNewRUOverflowToolbarButton\"]"}
RESULT: {"using":"xpath","value":"//button[@data-kt=\"addNewRUOverflowToolbarButton\"]"}
COMMAND: POST /session/ee531cdc785ab4bc1cc578c76376f65a/elements - {"using":"xpath","value":"//button[@data-kt=\"addNewRUOverflowToolbarButton\"]"}
RESULT: {"using":"xpath","value":"//button[@data-kt=\"addNewRUOverflowToolbarButton\"]"}
COMMAND: POST /session/ee531cdc785ab4bc1cc578c76376f65a/element - {"using":"xpath","value":"//button[@data-kt=\"addNewRUOverflowToolbarButton\"]"}
RESULT: {"using":"xpath","value":"//button[@data-kt=\"addNewRUOverflowToolbarButton\"]"}
COMMAND: POST /session/ee531cdc785ab4bc1cc578c76376f65a/execute/sync - {"script":"<script> [8489 bytes]","args":[{"element-6066-11e4-a52e-4f735466cecf":"f.8D9BC16EA7DE0C3AAF08971F02AA4182.d.30B4A7E1A6589E9A550A164FE7C956E9.e.2681","ELEMENT":"f.8D9BC16EA7DE0C3AAF08971F02AA4182.d.30B4A7E1A6589E9A550A164FE7C956E9.e.2681"}]}
RESULT: {"script":"<script> [8489 bytes]","args":[{"element-6066-11e4-a52e-4f735466cecf":"f.8D9BC16EA7DE0C3AAF08971F02AA4182.d.30B4A7E1A6589E9A550A164FE7C956E9.e.2681","ELEMENT":"f.8D9BC16EA7DE0C3AAF08971F02AA4182.d.30B4A7E1A6589E9A550A164FE7C956E9.e.2681"}]}
COMMAND: GET /session/ee531cdc785ab4bc1cc578c76376f65a/element/f.8D9BC16EA7DE0C3AAF08971F02AA4182.d.30B4A7E1A6589E9A550A164FE7C956E9.e.2681/enabled - {}
COMMAND: GET /session/ee531cdc785ab4bc1cc578c76376f65a/screenshot - {}
RESULT: {}
COMMAND: POST /session/ee531cdc785ab4bc1cc578c76376f65a/execute/sync - {"script":"<script> [8489 bytes]","args":[{"element-6066-11e4-a52e-4f735466cecf":"f.8D9BC16EA7DE0C3AAF08971F02AA4182.d.30B4A7E1A6589E9A550A164FE7C956E9.e.2681","ELEMENT":"f.8D9BC16EA7DE0C3AAF08971F02AA4182.d.30B4A7E1A6589E9A550A164FE7C956E9.e.2681"}]}
COMMAND: GET /session/ee531cdc785ab4bc1cc578c76376f65a/screenshot - {}
RESULT: {}
RESULT: {"script":"<script> [8489 bytes]","args":[{"element-6066-11e4-a52e-4f735466cecf":"f.8D9BC16EA7DE0C3AAF08971F02AA4182.d.30B4A7E1A6589E9A550A164FE7C956E9.e.2681","ELEMENT":"f.8D9BC16EA7DE0C3AAF08971F02AA4182.d.30B4A7E1A6589E9A550A164FE7C956E9.e.2681"}]}
COMMAND: POST /session/ee531cdc785ab4bc1cc578c76376f65a/execute/sync - {"script":"<script> [5351 bytes]","args":[{"element-6066-11e4-a52e-4f735466cecf":"f.8D9BC16EA7DE0C3AAF08971F02AA4182.d.30B4A7E1A6589E9A550A164FE7C956E9.e.2681","ELEMENT":"f.8D9BC16EA7DE0C3AAF08971F02AA4182.d.30B4A7E1A6589E9A550A164FE7C956E9.e.2681"}]}
COMMAND: GET /session/ee531cdc785ab4bc1cc578c76376f65a/screenshot - {}
RESULT: {}
RESULT: {"script":"<script> [5351 bytes]","args":[{"element-6066-11e4-a52e-4f735466cecf":"f.8D9BC16EA7DE0C3AAF08971F02AA4182.d.30B4A7E1A6589E9A550A164FE7C956E9.e.2681","ELEMENT":"f.8D9BC16EA7DE0C3AAF08971F02AA4182.d.30B4A7E1A6589E9A550A164FE7C956E9.e.2681"}]}
COMMAND: POST /session/ee531cdc785ab4bc1cc578c76376f65a/element/f.8D9BC16EA7DE0C3AAF08971F02AA4182.d.30B4A7E1A6589E9A550A164FE7C956E9.e.2681/click - {}
COMMAND: GET /session/ee531cdc785ab4bc1cc578c76376f65a/screenshot - {}
RESULT: {}
RESULT: {}
COMMAND: GET /session/ee531cdc785ab4bc1cc578c76376f65a/screenshot - {}
RESULT: {}
RESULT: {}
COMMAND: POST /session/ee531cdc785ab4bc1cc578c76376f65a/execute/async - {"script":"<script> [1562 bytes]","args":[{"selector":{"id":"application-manageresources-display-component---newResourceUnit--TYPE-arrow"},"wdio_ui5_key":"applicationmanageresources-display-component---newResourceUnit--TYPE-arrow"}]}
RESULT: {"script":"<script> [1562 bytes]","args":[{"selector":{"id":"application-manageresources-display-component---newResourceUnit--TYPE-arrow"},"wdio_ui5_key":"applicationmanageresources-display-component---newResourceUnit--TYPE-arrow"}]}
RESULT: undefined
COMMAND: POST /session/ee531cdc785ab4bc1cc578c76376f65a/element - {"using":"xpath","value":"//*[@id=\"application-manageresources-display-component---newResourceUnit--TYPE-arrow\"]"}
RESULT: {"using":"xpath","value":"//*[@id=\"application-manageresources-display-component---newResourceUnit--TYPE-arrow\"]"}
COMMAND: POST /session/ee531cdc785ab4bc1cc578c76376f65a/element/f.8D9BC16EA7DE0C3AAF08971F02AA4182.d.30B4A7E1A6589E9A550A164FE7C956E9.e.3043/click - {}
RESULT: {}
COMMAND: POST /session/ee531cdc785ab4bc1cc578c76376f65a/element - {"using":"xpath","value":"//input[@id=\"application-manageresources-display-component---newResourceUnit--TYPE-inner\"]"}
COMMAND: GET /session/ee531cdc785ab4bc1cc578c76376f65a/screenshot - {}
RESULT: {"using":"xpath","value":"//input[@id=\"application-manageresources-display-component---newResourceUnit--TYPE-inner\"]"}
COMMAND: POST /session/ee531cdc785ab4bc1cc578c76376f65a/element/f.8D9BC16EA7DE0C3AAF08971F02AA4182.d.30B4A7E1A6589E9A550A164FE7C956E9.e.3038/clear - {}
RESULT: {}
RESULT: {}
COMMAND: POST /session/ee531cdc785ab4bc1cc578c76376f65a/element/f.8D9BC16EA7DE0C3AAF08971F02AA4182.d.30B4A7E1A6589E9A550A164FE7C956E9.e.3038/value - {"text":"Material"}
COMMAND: GET /session/ee531cdc785ab4bc1cc578c76376f65a/screenshot - {}
RESULT: {"text":"Material"}
COMMAND: GET /session/ee531cdc785ab4bc1cc578c76376f65a/screenshot - {}
RESULT: {}
RESULT: {}
COMMAND: POST /session/ee531cdc785ab4bc1cc578c76376f65a/actions - {"actions":[{"id":"action9","type":"key","parameters":{},"actions":[{"type":"keyDown","value":""},{"type":"pause","duration":10},{"type":"keyUp","value":""}]}]}
RESULT: {"actions":[{"id":"action9","type":"key","parameters":{},"actions":[{"type":"keyDown","value":""},{"type":"pause","duration":10},{"type":"keyUp","value":""}]}]}
COMMAND: POST /session/ee531cdc785ab4bc1cc578c76376f65a/execute/async - {"script":"<script> [1562 bytes]","args":[{"selector":{"id":"application-manageresources-display-component---newResourceUnit--SHORT_TEXT","interaction":{"idSuffix":"inner"}},"wdio_ui5_key":"applicationmanageresources-display-component---newResourceUnit--SHORT_TEXT"}]}
COMMAND: GET /session/ee531cdc785ab4bc1cc578c76376f65a/screenshot - {}
RESULT: {"script":"<script> [1562 bytes]","args":[{"selector":{"id":"application-manageresources-display-component---newResourceUnit--SHORT_TEXT","interaction":{"idSuffix":"inner"}},"wdio_ui5_key":"applicationmanageresources-display-component---newResourceUnit--SHORT_TEXT"}]}
RESULT: undefined
COMMAND: POST /session/ee531cdc785ab4bc1cc578c76376f65a/execute/async - {"script":"<script> [776 bytes]","args":[{"enterText":"Cement WDIO","selector":{"id":"application-manageresources-display-component---newResourceUnit--SHORT_TEXT","interaction":{"idSuffix":"inner"}},"clearTextFirst":true,"interactionType":"ENTER_TEXT"}]}
RESULT: {}
RESULT: {"script":"<script> [776 bytes]","args":[{"enterText":"Cement WDIO","selector":{"id":"application-manageresources-display-component---newResourceUnit--SHORT_TEXT","interaction":{"idSuffix":"inner"}},"clearTextFirst":true,"interactionType":"ENTER_TEXT"}]}
COMMAND: POST /session/ee531cdc785ab4bc1cc578c76376f65a/execute/async - {"script":"<script> [1562 bytes]","args":[{"selector":{"id":"application-manageresources-display-component---newResourceUnit--BASE_UNIT_OF_MEASURE","interaction":{"idSuffix":"inner"}},"wdio_ui5_key":"applicationmanageresources-display-component---newResourceUnit--BASE_UNIT_OF_MEASURE"}]}
RESULT: {"script":"<script> [1562 bytes]","args":[{"selector":{"id":"application-manageresources-display-component---newResourceUnit--BASE_UNIT_OF_MEASURE","interaction":{"idSuffix":"inner"}},"wdio_ui5_key":"applicationmanageresources-display-component---newResourceUnit--BASE_UNIT_OF_MEASURE"}]}
RESULT: undefined
COMMAND: POST /session/ee531cdc785ab4bc1cc578c76376f65a/execute/async - {"script":"<script> [776 bytes]","args":[{"enterText":"Piece","selector":{"id":"application-manageresources-display-component---newResourceUnit--BASE_UNIT_OF_MEASURE","interaction":{"idSuffix":"inner"}},"clearTextFirst":true,"interactionType":"ENTER_TEXT"}]}
RESULT: {"script":"<script> [776 bytes]","args":[{"enterText":"Piece","selector":{"id":"application-manageresources-display-component---newResourceUnit--BASE_UNIT_OF_MEASURE","interaction":{"idSuffix":"inner"}},"clearTextFirst":true,"interactionType":"ENTER_TEXT"}]}
COMMAND: POST /session/ee531cdc785ab4bc1cc578c76376f65a/execute/async - {"script":"<script> [1562 bytes]","args":[{"selector":{"id":"application-manageresources-display-component---newResourceUnit--WEIGHT_UNIT","interaction":{"idSuffix":"inner"}},"wdio_ui5_key":"applicationmanageresources-display-component---newResourceUnit--WEIGHT_UNIT"}]}
RESULT: {"script":"<script> [1562 bytes]","args":[{"selector":{"id":"application-manageresources-display-component---newResourceUnit--WEIGHT_UNIT","interaction":{"idSuffix":"inner"}},"wdio_ui5_key":"applicationmanageresources-display-component---newResourceUnit--WEIGHT_UNIT"}]}
RESULT: undefined
COMMAND: POST /session/ee531cdc785ab4bc1cc578c76376f65a/execute/async - {"script":"<script> [776 bytes]","args":[{"enterText":"Gram","selector":{"id":"application-manageresources-display-component---newResourceUnit--WEIGHT_UNIT","interaction":{"idSuffix":"inner"}},"clearTextFirst":true,"interactionType":"ENTER_TEXT"}]}
RESULT: {"script":"<script> [776 bytes]","args":[{"enterText":"Gram","selector":{"id":"application-manageresources-display-component---newResourceUnit--WEIGHT_UNIT","interaction":{"idSuffix":"inner"}},"clearTextFirst":true,"interactionType":"ENTER_TEXT"}]}
COMMAND: POST /session/ee531cdc785ab4bc1cc578c76376f65a/execute/async - {"script":"<script> [1562 bytes]","args":[{"selector":{"id":"application-manageresources-display-component---newResourceUnit--DIMENSION_UNIT","interaction":{"idSuffix":"inner"}},"wdio_ui5_key":"applicationmanageresources-display-component---newResourceUnit--DIMENSION_UNIT"}]}
RESULT: {"script":"<script> [1562 bytes]","args":[{"selector":{"id":"application-manageresources-display-component---newResourceUnit--DIMENSION_UNIT","interaction":{"idSuffix":"inner"}},"wdio_ui5_key":"applicationmanageresources-display-component---newResourceUnit--DIMENSION_UNIT"}]}
RESULT: undefined
COMMAND: POST /session/ee531cdc785ab4bc1cc578c76376f65a/execute/async - {"script":"<script> [776 bytes]","args":[{"enterText":"Meter","selector":{"id":"application-manageresources-display-component---newResourceUnit--DIMENSION_UNIT","interaction":{"idSuffix":"inner"}},"clearTextFirst":true,"interactionType":"ENTER_TEXT"}]}
RESULT: {"script":"<script> [776 bytes]","args":[{"enterText":"Meter","selector":{"id":"application-manageresources-display-component---newResourceUnit--DIMENSION_UNIT","interaction":{"idSuffix":"inner"}},"clearTextFirst":true,"interactionType":"ENTER_TEXT"}]}
COMMAND: POST /session/ee531cdc785ab4bc1cc578c76376f65a/execute/async - {"script":"<script> [1562 bytes]","args":[{"selector":{"id":"application-manageresources-display-component---newResourceUnit--newRRUPage-anchBar-application-manageresources-display-component---newResourceUnit--control-anchor","interaction":{"idSuffix":"BDI-content"}},"wdio_ui5_key":"applicationmanageresources-display-component---newResourceUnit--newRRUPage-anchBar-application-manageresources-display-component---newResourceUnit--control-anchor"}]}
RESULT: {"script":"<script> [1562 bytes]","args":[{"selector":{"id":"application-manageresources-display-component---newResourceUnit--newRRUPage-anchBar-application-manageresources-display-component---newResourceUnit--control-anchor","interaction":{"idSuffix":"BDI-content"}},"wdio_ui5_key":"applicationmanageresources-display-component---newResourceUnit--newRRUPage-anchBar-application-manageresources-display-component---newResourceUnit--control-anchor"}]}
RESULT: undefined
COMMAND: POST /session/ee531cdc785ab4bc1cc578c76376f65a/element - {"using":"xpath","value":"//*[@id=\"application-manageresources-display-component---newResourceUnit--newRRUPage-anchBar-application-manageresources-display-component---newResourceUnit--control-anchor\"]"}
RESULT: {"using":"xpath","value":"//*[@id=\"application-manageresources-display-component---newResourceUnit--newRRUPage-anchBar-application-manageresources-display-component---newResourceUnit--control-anchor\"]"}
COMMAND: POST /session/ee531cdc785ab4bc1cc578c76376f65a/element/f.8D9BC16EA7DE0C3AAF08971F02AA4182.d.30B4A7E1A6589E9A550A164FE7C956E9.e.3110/click - {}
RESULT: {}
COMMAND: POST /session/ee531cdc785ab4bc1cc578c76376f65a/execute/async - {"script":"<script> [1562 bytes]","args":[{"selector":{"id":"application-manageresources-display-component---newResourceUnit--PLANNING_GROUP","interaction":{"idSuffix":"inner"}},"wdio_ui5_key":"applicationmanageresources-display-component---newResourceUnit--PLANNING_GROUP"}]}
COMMAND: GET /session/ee531cdc785ab4bc1cc578c76376f65a/screenshot - {}
RESULT: {"script":"<script> [1562 bytes]","args":[{"selector":{"id":"application-manageresources-display-component---newResourceUnit--PLANNING_GROUP","interaction":{"idSuffix":"inner"}},"wdio_ui5_key":"applicationmanageresources-display-component---newResourceUnit--PLANNING_GROUP"}]}
RESULT: undefined
COMMAND: POST /session/ee531cdc785ab4bc1cc578c76376f65a/execute/async - {"script":"<script> [776 bytes]","args":[{"enterText":"Material","selector":{"id":"application-manageresources-display-component---newResourceUnit--PLANNING_GROUP","interaction":{"idSuffix":"inner"}},"clearTextFirst":true,"interactionType":"ENTER_TEXT"}]}
RESULT: {}
RESULT: {"script":"<script> [776 bytes]","args":[{"enterText":"Material","selector":{"id":"application-manageresources-display-component---newResourceUnit--PLANNING_GROUP","interaction":{"idSuffix":"inner"}},"clearTextFirst":true,"interactionType":"ENTER_TEXT"}]}
COMMAND: POST /session/ee531cdc785ab4bc1cc578c76376f65a/execute/async - {"script":"<script> [1562 bytes]","args":[{"selector":{"id":"application-manageresources-display-component---newResourceUnit--PLANNING_INDICATOR","interaction":{"idSuffix":"inner"}},"wdio_ui5_key":"applicationmanageresources-display-component---newResourceUnit--PLANNING_INDICATOR"}]}
RESULT: {"script":"<script> [1562 bytes]","args":[{"selector":{"id":"application-manageresources-display-component---newResourceUnit--PLANNING_INDICATOR","interaction":{"idSuffix":"inner"}},"wdio_ui5_key":"applicationmanageresources-display-component---newResourceUnit--PLANNING_INDICATOR"}]}
RESULT: undefined
COMMAND: POST /session/ee531cdc785ab4bc1cc578c76376f65a/execute/async - {"script":"<script> [776 bytes]","args":[{"enterText":"10 - infinite","selector":{"id":"application-manageresources-display-component---newResourceUnit--PLANNING_INDICATOR","interaction":{"idSuffix":"inner"}},"clearTextFirst":true,"interactionType":"ENTER_TEXT"}]}
RESULT: {"script":"<script> [776 bytes]","args":[{"enterText":"10 - infinite","selector":{"id":"application-manageresources-display-component---newResourceUnit--PLANNING_INDICATOR","interaction":{"idSuffix":"inner"}},"clearTextFirst":true,"interactionType":"ENTER_TEXT"}]}
COMMAND: POST /session/ee531cdc785ab4bc1cc578c76376f65a/element - {"using":"css selector","value":"#application-manageresources-display-component---newResourceUnit--btnAddTimeSegment"}
RESULT: {"using":"css selector","value":"#application-manageresources-display-component---newResourceUnit--btnAddTimeSegment"}
COMMAND: GET /session/ee531cdc785ab4bc1cc578c76376f65a/element/f.8D9BC16EA7DE0C3AAF08971F02AA4182.d.30B4A7E1A6589E9A550A164FE7C956E9.e.3120/rect - {}
RESULT: {}
COMMAND: GET /session/ee531cdc785ab4bc1cc578c76376f65a/window/rect - {}
RESULT: {}
COMMAND: POST /session/ee531cdc785ab4bc1cc578c76376f65a/execute/sync - {"script":"<script> [92 bytes]","args":[]}
RESULT: {"script":"<script> [92 bytes]","args":[]}
COMMAND: POST /session/ee531cdc785ab4bc1cc578c76376f65a/actions - {"actions":[{"id":"action10","type":"wheel","parameters":{},"actions":[{"type":"scroll","x":-1888,"y":-32,"deltaX":0,"deltaY":0,"duration":0,"origin":{"element-6066-11e4-a52e-4f735466cecf":"f.8D9BC16EA7DE0C3AAF08971F02AA4182.d.30B4A7E1A6589E9A550A164FE7C956E9.e.3120"}}]}]}
COMMAND: GET /session/ee531cdc785ab4bc1cc578c76376f65a/screenshot - {}
RESULT: {}
COMMAND: POST /session/ee531cdc785ab4bc1cc578c76376f65a/execute/sync - {"script":"<script> [79 bytes]","args":[{"element-6066-11e4-a52e-4f735466cecf":"f.8D9BC16EA7DE0C3AAF08971F02AA4182.d.30B4A7E1A6589E9A550A164FE7C956E9.e.3120","ELEMENT":"f.8D9BC16EA7DE0C3AAF08971F02AA4182.d.30B4A7E1A6589E9A550A164FE7C956E9.e.3120"},{"block":"start","inline":"nearest"}]}
RESULT: {"script":"<script> [79 bytes]","args":[{"element-6066-11e4-a52e-4f735466cecf":"f.8D9BC16EA7DE0C3AAF08971F02AA4182.d.30B4A7E1A6589E9A550A164FE7C956E9.e.3120","ELEMENT":"f.8D9BC16EA7DE0C3AAF08971F02AA4182.d.30B4A7E1A6589E9A550A164FE7C956E9.e.3120"},{"block":"start","inline":"nearest"}]}
COMMAND: POST /session/ee531cdc785ab4bc1cc578c76376f65a/execute/async - {"script":"<script> [1562 bytes]","args":[{"selector":{"id":"application-manageresources-display-component---newResourceUnit--btnAddTimeSegment","interaction":{"idSuffix":"inner"}},"wdio_ui5_key":"applicationmanageresources-display-component---newResourceUnit--btnAddTimeSegment"}]}
COMMAND: GET /session/ee531cdc785ab4bc1cc578c76376f65a/screenshot - {}
RESULT: {"script":"<script> [1562 bytes]","args":[{"selector":{"id":"application-manageresources-display-component---newResourceUnit--btnAddTimeSegment","interaction":{"idSuffix":"inner"}},"wdio_ui5_key":"applicationmanageresources-display-component---newResourceUnit--btnAddTimeSegment"}]}
RESULT: undefined
COMMAND: POST /session/ee531cdc785ab4bc1cc578c76376f65a/element - {"using":"xpath","value":"//*[@id=\"application-manageresources-display-component---newResourceUnit--btnAddTimeSegment\"]"}
RESULT: {}
RESULT: {"using":"xpath","value":"//*[@id=\"application-manageresources-display-component---newResourceUnit--btnAddTimeSegment\"]"}
COMMAND: POST /session/ee531cdc785ab4bc1cc578c76376f65a/element/f.8D9BC16EA7DE0C3AAF08971F02AA4182.d.30B4A7E1A6589E9A550A164FE7C956E9.e.3120/click - {}
RESULT: {}
COMMAND: GET /session/ee531cdc785ab4bc1cc578c76376f65a/screenshot - {}
RESULT: {}
COMMAND: POST /session/ee531cdc785ab4bc1cc578c76376f65a/element - {"using":"xpath","value":"//input[@id=\"application-manageresources-display-component---newResourceUnit--idRuTSAdmin-application-manageresources-display-component---newResourceUnit--RUTimeSegment-0-inner\"]"}
RESULT: {"using":"xpath","value":"//input[@id=\"application-manageresources-display-component---newResourceUnit--idRuTSAdmin-application-manageresources-display-component---newResourceUnit--RUTimeSegment-0-inner\"]"}
COMMAND: POST /session/ee531cdc785ab4bc1cc578c76376f65a/element/f.8D9BC16EA7DE0C3AAF08971F02AA4182.d.30B4A7E1A6589E9A550A164FE7C956E9.e.3125/clear - {}
RESULT: {}
COMMAND: POST /session/ee531cdc785ab4bc1cc578c76376f65a/element/f.8D9BC16EA7DE0C3AAF08971F02AA4182.d.30B4A7E1A6589E9A550A164FE7C956E9.e.3125/value - {"text":"634"}
COMMAND: GET /session/ee531cdc785ab4bc1cc578c76376f65a/screenshot - {}
RESULT: {"text":"634"}
COMMAND: GET /session/ee531cdc785ab4bc1cc578c76376f65a/screenshot - {}
RESULT: {}
RESULT: {}
COMMAND: POST /session/ee531cdc785ab4bc1cc578c76376f65a/element - {"using":"xpath","value":"//li[.//span[text()='634']]"}
RESULT: {"using":"xpath","value":"//li[.//span[text()='634']]"}
COMMAND: POST /session/ee531cdc785ab4bc1cc578c76376f65a/element/f.8D9BC16EA7DE0C3AAF08971F02AA4182.d.30B4A7E1A6589E9A550A164FE7C956E9.e.3134/click - {}
RESULT: {}
COMMAND: GET /session/ee531cdc785ab4bc1cc578c76376f65a/screenshot - {}
RESULT: {}
COMMAND: POST /session/ee531cdc785ab4bc1cc578c76376f65a/element - {"using":"xpath","value":"(//span[contains(@id, \"-application-manageresources-display-component---newResourceUnit--RUTimeSegment-0-arrow\")])[2]"}
RESULT: {"using":"xpath","value":"(//span[contains(@id, \"-application-manageresources-display-component---newResourceUnit--RUTimeSegment-0-arrow\")])[2]"}
COMMAND: POST /session/ee531cdc785ab4bc1cc578c76376f65a/element/f.8D9BC16EA7DE0C3AAF08971F02AA4182.d.30B4A7E1A6589E9A550A164FE7C956E9.e.3135/click - {}
RESULT: {}
COMMAND: POST /session/ee531cdc785ab4bc1cc578c76376f65a/element - {"using":"xpath","value":"//span[contains(text(), \"PM Order\")]"}
COMMAND: GET /session/ee531cdc785ab4bc1cc578c76376f65a/screenshot - {}
RESULT: {}
RESULT: {"using":"xpath","value":"//span[contains(text(), \"PM Order\")]"}
COMMAND: POST /session/ee531cdc785ab4bc1cc578c76376f65a/element/f.8D9BC16EA7DE0C3AAF08971F02AA4182.d.30B4A7E1A6589E9A550A164FE7C956E9.e.3136/click - {}
RESULT: {}
COMMAND: GET /session/ee531cdc785ab4bc1cc578c76376f65a/screenshot - {}
RESULT: {}
COMMAND: POST /session/ee531cdc785ab4bc1cc578c76376f65a/element - {"using":"xpath","value":"//td/div/div/div/span[contains(@id, \"newResourceUnit--RUTimeSegment-0-vhi\")][1]"}
RESULT: {"using":"xpath","value":"//td/div/div/div/span[contains(@id, \"newResourceUnit--RUTimeSegment-0-vhi\")][1]"}
COMMAND: GET /session/ee531cdc785ab4bc1cc578c76376f65a/element/f.8D9BC16EA7DE0C3AAF08971F02AA4182.d.30B4A7E1A6589E9A550A164FE7C956E9.e.3140/rect - {}
RESULT: {}
COMMAND: GET /session/ee531cdc785ab4bc1cc578c76376f65a/window/rect - {}
RESULT: {}
COMMAND: POST /session/ee531cdc785ab4bc1cc578c76376f65a/execute/sync - {"script":"<script> [92 bytes]","args":[]}
RESULT: {"script":"<script> [92 bytes]","args":[]}
COMMAND: POST /session/ee531cdc785ab4bc1cc578c76376f65a/actions - {"actions":[{"id":"action11","type":"wheel","parameters":{},"actions":[{"type":"scroll","x":-1888,"y":-24,"deltaX":0,"deltaY":0,"duration":0,"origin":{"element-6066-11e4-a52e-4f735466cecf":"f.8D9BC16EA7DE0C3AAF08971F02AA4182.d.30B4A7E1A6589E9A550A164FE7C956E9.e.3140"}}]}]}
COMMAND: GET /session/ee531cdc785ab4bc1cc578c76376f65a/screenshot - {}
RESULT: {}
COMMAND: POST /session/ee531cdc785ab4bc1cc578c76376f65a/execute/sync - {"script":"<script> [79 bytes]","args":[{"element-6066-11e4-a52e-4f735466cecf":"f.8D9BC16EA7DE0C3AAF08971F02AA4182.d.30B4A7E1A6589E9A550A164FE7C956E9.e.3140","ELEMENT":"f.8D9BC16EA7DE0C3AAF08971F02AA4182.d.30B4A7E1A6589E9A550A164FE7C956E9.e.3140"},{"block":"start","inline":"nearest"}]}
RESULT: {"script":"<script> [79 bytes]","args":[{"element-6066-11e4-a52e-4f735466cecf":"f.8D9BC16EA7DE0C3AAF08971F02AA4182.d.30B4A7E1A6589E9A550A164FE7C956E9.e.3140","ELEMENT":"f.8D9BC16EA7DE0C3AAF08971F02AA4182.d.30B4A7E1A6589E9A550A164FE7C956E9.e.3140"},{"block":"start","inline":"nearest"}]}
COMMAND: GET /session/ee531cdc785ab4bc1cc578c76376f65a/screenshot - {}
RESULT: {}
COMMAND: POST /session/ee531cdc785ab4bc1cc578c76376f65a/element/f.8D9BC16EA7DE0C3AAF08971F02AA4182.d.30B4A7E1A6589E9A550A164FE7C956E9.e.3140/click - {}
RESULT: {}
COMMAND: GET /session/ee531cdc785ab4bc1cc578c76376f65a/screenshot - {}
RESULT: {}
COMMAND: POST /session/ee531cdc785ab4bc1cc578c76376f65a/execute/async - {"script":"<script> [1562 bytes]","args":[{"selector":{"controlType":"sap.m.SearchField","properties":{"placeholder":"Search"},"searchOpenDialogs":true,"interaction":{"idSuffix":"I"}},"wdio_ui5_key":"sapm.SearchField{\"placeholder\":\"Search\"}"}]}
RESULT: {"script":"<script> [1562 bytes]","args":[{"selector":{"controlType":"sap.m.SearchField","properties":{"placeholder":"Search"},"searchOpenDialogs":true,"interaction":{"idSuffix":"I"}},"wdio_ui5_key":"sapm.SearchField{\"placeholder\":\"Search\"}"}]}
RESULT: undefined
COMMAND: POST /session/ee531cdc785ab4bc1cc578c76376f65a/execute/async - {"script":"<script> [776 bytes]","args":[{"enterText":"4000360","selector":{"controlType":"sap.m.SearchField","properties":{"placeholder":"Search"},"searchOpenDialogs":true,"interaction":{"idSuffix":"I"}},"clearTextFirst":true,"interactionType":"ENTER_TEXT"}]}
RESULT: {"script":"<script> [776 bytes]","args":[{"enterText":"4000360","selector":{"controlType":"sap.m.SearchField","properties":{"placeholder":"Search"},"searchOpenDialogs":true,"interaction":{"idSuffix":"I"}},"clearTextFirst":true,"interactionType":"ENTER_TEXT"}]}
COMMAND: POST /session/ee531cdc785ab4bc1cc578c76376f65a/actions - {"actions":[{"id":"action12","type":"key","parameters":{},"actions":[{"type":"keyDown","value":""},{"type":"pause","duration":10},{"type":"keyUp","value":""}]}]}
RESULT: {"actions":[{"id":"action12","type":"key","parameters":{},"actions":[{"type":"keyDown","value":""},{"type":"pause","duration":10},{"type":"keyUp","value":""}]}]}
COMMAND: GET /session/ee531cdc785ab4bc1cc578c76376f65a/screenshot - {}
RESULT: {}
COMMAND: POST /session/ee531cdc785ab4bc1cc578c76376f65a/element - {"using":"xpath","value":"//td/div/span[contains(text(), \"BGL Vehicles\")]"}
RESULT: {"using":"xpath","value":"//td/div/span[contains(text(), \"BGL Vehicles\")]"}
COMMAND: POST /session/ee531cdc785ab4bc1cc578c76376f65a/element/f.8D9BC16EA7DE0C3AAF08971F02AA4182.d.30B4A7E1A6589E9A550A164FE7C956E9.e.3161/click - {}
RESULT: {}
COMMAND: GET /session/ee531cdc785ab4bc1cc578c76376f65a/screenshot - {}
RESULT: {}
COMMAND: POST /session/ee531cdc785ab4bc1cc578c76376f65a/element - {"using":"xpath","value":"//bdi[contains(text(), \"OK\")]"}
RESULT: {"using":"xpath","value":"//bdi[contains(text(), \"OK\")]"}
COMMAND: POST /session/ee531cdc785ab4bc1cc578c76376f65a/element/f.8D9BC16EA7DE0C3AAF08971F02AA4182.d.30B4A7E1A6589E9A550A164FE7C956E9.e.3162/click - {}
RESULT: {}
COMMAND: GET /session/ee531cdc785ab4bc1cc578c76376f65a/screenshot - {}
RESULT: {}
COMMAND: POST /session/ee531cdc785ab4bc1cc578c76376f65a/element - {"using":"xpath","value":"//label[contains(@class, 'sapMLabelRequired') and .//bdi[contains(text(), 'Planned Retirement')]]"}
RESULT: {"using":"xpath","value":"//label[contains(@class, 'sapMLabelRequired') and .//bdi[contains(text(), 'Planned Retirement')]]"}
COMMAND: POST /session/ee531cdc785ab4bc1cc578c76376f65a/elements - {"using":"xpath","value":"//label[contains(@class, 'sapMLabelRequired') and .//bdi[contains(text(), 'Planned Retirement')]]"}
RESULT: {"using":"xpath","value":"//label[contains(@class, 'sapMLabelRequired') and .//bdi[contains(text(), 'Planned Retirement')]]"}
COMMAND: POST /session/ee531cdc785ab4bc1cc578c76376f65a/element - {"using":"xpath","value":"//button[@data-kt=\"resourceUnitSaveButton\"]"}
RESULT: {"using":"xpath","value":"//button[@data-kt=\"resourceUnitSaveButton\"]"}
COMMAND: POST /session/ee531cdc785ab4bc1cc578c76376f65a/element/f.8D9BC16EA7DE0C3AAF08971F02AA4182.d.30B4A7E1A6589E9A550A164FE7C956E9.e.3062/click - {}
RESULT: {}
COMMAND: GET /session/ee531cdc785ab4bc1cc578c76376f65a/screenshot - {}
RESULT: {}
COMMAND: POST /session/ee531cdc785ab4bc1cc578c76376f65a/element - {"using":"xpath","value":"//bdi[contains(text(), \"Close\")]"}
RESULT: {"using":"xpath","value":"//bdi[contains(text(), \"Close\")]"}
COMMAND: POST /session/ee531cdc785ab4bc1cc578c76376f65a/element/f.8D9BC16EA7DE0C3AAF08971F02AA4182.d.30B4A7E1A6589E9A550A164FE7C956E9.e.3169/click - {}
RESULT: {}
COMMAND: GET /session/ee531cdc785ab4bc1cc578c76376f65a/screenshot - {}
RESULT: {}
COMMAND: POST /session/ee531cdc785ab4bc1cc578c76376f65a/element - {"using":"xpath","value":"//header[contains(@id, 'detailRruPage-headerTitle')]/div[1]/div[2]/div[2]/span[1]"}
RESULT: {"using":"xpath","value":"//header[contains(@id, 'detailRruPage-headerTitle')]/div[1]/div[2]/div[2]/span[1]"}
COMMAND: POST /session/ee531cdc785ab4bc1cc578c76376f65a/elements - {"using":"xpath","value":"//header[contains(@id, 'detailRruPage-headerTitle')]/div[1]/div[2]/div[2]/span[1]"}
RESULT: {"using":"xpath","value":"//header[contains(@id, 'detailRruPage-headerTitle')]/div[1]/div[2]/div[2]/span[1]"}
COMMAND: POST /session/ee531cdc785ab4bc1cc578c76376f65a/execute/sync - {"script":"<script> [56 bytes]","args":[{"element-6066-11e4-a52e-4f735466cecf":"f.8D9BC16EA7DE0C3AAF08971F02AA4182.d.30B4A7E1A6589E9A550A164FE7C956E9.e.3205","ELEMENT":"f.8D9BC16EA7DE0C3AAF08971F02AA4182.d.30B4A7E1A6589E9A550A164FE7C956E9.e.3205"}]}
RESULT: {"script":"<script> [56 bytes]","args":[{"element-6066-11e4-a52e-4f735466cecf":"f.8D9BC16EA7DE0C3AAF08971F02AA4182.d.30B4A7E1A6589E9A550A164FE7C956E9.e.3205","ELEMENT":"f.8D9BC16EA7DE0C3AAF08971F02AA4182.d.30B4A7E1A6589E9A550A164FE7C956E9.e.3205"}]}
COMMAND: POST /session/ee531cdc785ab4bc1cc578c76376f65a/element - {"using":"css selector","value":"#shell-header-logo"}
COMMAND: GET /session/ee531cdc785ab4bc1cc578c76376f65a/screenshot - {}
RESULT: {"using":"css selector","value":"#shell-header-logo"}
COMMAND: POST /session/ee531cdc785ab4bc1cc578c76376f65a/element/f.8D9BC16EA7DE0C3AAF08971F02AA4182.d.30B4A7E1A6589E9A550A164FE7C956E9.e.2655/click - {}
RESULT: {}
RESULT: {}
COMMAND: GET /session/ee531cdc785ab4bc1cc578c76376f65a/screenshot - {}
RESULT: {}
]]></system-out>
    </testcase>
    <testcase classname="chrome.136_0_7103_93.windows.Prerequisites_&amp;_test_for_yard_mass_return_on_Yard_Overview_US131057" name="Prereq Should do stock increase" time="96.958">
      <system-out><![CDATA[
COMMAND: POST /session/ee531cdc785ab4bc1cc578c76376f65a/execute/async - {"script":"<script> [1562 bytes]","args":[{"selector":{"controlType":"sap.m.GenericTile","properties":{"header":"Manage Handovers"}},"wdio_ui5_key":"sapm.GenericTile{\"header\":\"Manage Handovers\"}"}]}
RESULT: {"script":"<script> [1562 bytes]","args":[{"selector":{"controlType":"sap.m.GenericTile","properties":{"header":"Manage Handovers"}},"wdio_ui5_key":"sapm.GenericTile{\"header\":\"Manage Handovers\"}"}]}
RESULT: undefined
COMMAND: POST /session/ee531cdc785ab4bc1cc578c76376f65a/element - {"using":"xpath","value":"//*[@id=\"__tile131\"]"}
RESULT: {"using":"xpath","value":"//*[@id=\"__tile131\"]"}
COMMAND: POST /session/ee531cdc785ab4bc1cc578c76376f65a/element/f.8D9BC16EA7DE0C3AAF08971F02AA4182.d.30B4A7E1A6589E9A550A164FE7C956E9.e.2604/click - {}
RESULT: {}
COMMAND: GET /session/ee531cdc785ab4bc1cc578c76376f65a/screenshot - {}
RESULT: {}
COMMAND: POST /session/ee531cdc785ab4bc1cc578c76376f65a/elements - {"using":"xpath","value":"//span[text()='Error']"}
RESULT: {"using":"xpath","value":"//span[text()='Error']"}
COMMAND: POST /session/ee531cdc785ab4bc1cc578c76376f65a/element - {"using":"xpath","value":"//button[@data-kt=\"masterHOAddButton\"]"}
RESULT: {"using":"xpath","value":"//button[@data-kt=\"masterHOAddButton\"]"}
COMMAND: POST /session/ee531cdc785ab4bc1cc578c76376f65a/elements - {"using":"xpath","value":"//button[@data-kt=\"masterHOAddButton\"]"}
RESULT: {"using":"xpath","value":"//button[@data-kt=\"masterHOAddButton\"]"}
COMMAND: POST /session/ee531cdc785ab4bc1cc578c76376f65a/execute/sync - {"script":"<script> [8489 bytes]","args":[{"element-6066-11e4-a52e-4f735466cecf":"f.8D9BC16EA7DE0C3AAF08971F02AA4182.d.30B4A7E1A6589E9A550A164FE7C956E9.e.3248","ELEMENT":"f.8D9BC16EA7DE0C3AAF08971F02AA4182.d.30B4A7E1A6589E9A550A164FE7C956E9.e.3248"}]}
RESULT: {"script":"<script> [8489 bytes]","args":[{"element-6066-11e4-a52e-4f735466cecf":"f.8D9BC16EA7DE0C3AAF08971F02AA4182.d.30B4A7E1A6589E9A550A164FE7C956E9.e.3248","ELEMENT":"f.8D9BC16EA7DE0C3AAF08971F02AA4182.d.30B4A7E1A6589E9A550A164FE7C956E9.e.3248"}]}
COMMAND: GET /session/ee531cdc785ab4bc1cc578c76376f65a/element/f.8D9BC16EA7DE0C3AAF08971F02AA4182.d.30B4A7E1A6589E9A550A164FE7C956E9.e.3248/enabled - {}
COMMAND: GET /session/ee531cdc785ab4bc1cc578c76376f65a/screenshot - {}
RESULT: {}
COMMAND: POST /session/ee531cdc785ab4bc1cc578c76376f65a/execute/sync - {"script":"<script> [8489 bytes]","args":[{"element-6066-11e4-a52e-4f735466cecf":"f.8D9BC16EA7DE0C3AAF08971F02AA4182.d.30B4A7E1A6589E9A550A164FE7C956E9.e.3248","ELEMENT":"f.8D9BC16EA7DE0C3AAF08971F02AA4182.d.30B4A7E1A6589E9A550A164FE7C956E9.e.3248"}]}
COMMAND: GET /session/ee531cdc785ab4bc1cc578c76376f65a/screenshot - {}
RESULT: {}
RESULT: {"script":"<script> [8489 bytes]","args":[{"element-6066-11e4-a52e-4f735466cecf":"f.8D9BC16EA7DE0C3AAF08971F02AA4182.d.30B4A7E1A6589E9A550A164FE7C956E9.e.3248","ELEMENT":"f.8D9BC16EA7DE0C3AAF08971F02AA4182.d.30B4A7E1A6589E9A550A164FE7C956E9.e.3248"}]}
COMMAND: POST /session/ee531cdc785ab4bc1cc578c76376f65a/execute/sync - {"script":"<script> [5351 bytes]","args":[{"element-6066-11e4-a52e-4f735466cecf":"f.8D9BC16EA7DE0C3AAF08971F02AA4182.d.30B4A7E1A6589E9A550A164FE7C956E9.e.3248","ELEMENT":"f.8D9BC16EA7DE0C3AAF08971F02AA4182.d.30B4A7E1A6589E9A550A164FE7C956E9.e.3248"}]}
COMMAND: GET /session/ee531cdc785ab4bc1cc578c76376f65a/screenshot - {}
RESULT: {}
RESULT: {"script":"<script> [5351 bytes]","args":[{"element-6066-11e4-a52e-4f735466cecf":"f.8D9BC16EA7DE0C3AAF08971F02AA4182.d.30B4A7E1A6589E9A550A164FE7C956E9.e.3248","ELEMENT":"f.8D9BC16EA7DE0C3AAF08971F02AA4182.d.30B4A7E1A6589E9A550A164FE7C956E9.e.3248"}]}
COMMAND: POST /session/ee531cdc785ab4bc1cc578c76376f65a/element/f.8D9BC16EA7DE0C3AAF08971F02AA4182.d.30B4A7E1A6589E9A550A164FE7C956E9.e.3248/click - {}
COMMAND: GET /session/ee531cdc785ab4bc1cc578c76376f65a/screenshot - {}
RESULT: {}
RESULT: {}
COMMAND: GET /session/ee531cdc785ab4bc1cc578c76376f65a/screenshot - {}
RESULT: {}
COMMAND: POST /session/ee531cdc785ab4bc1cc578c76376f65a/element - {"using":"xpath","value":"//span[contains(@id ,\"AddNewHO--typeSelect-arrow\")]"}
RESULT: {}
RESULT: {"using":"xpath","value":"//span[contains(@id ,\"AddNewHO--typeSelect-arrow\")]"}
COMMAND: POST /session/ee531cdc785ab4bc1cc578c76376f65a/element/f.8D9BC16EA7DE0C3AAF08971F02AA4182.d.30B4A7E1A6589E9A550A164FE7C956E9.e.3597/click - {}
RESULT: {}
COMMAND: GET /session/ee531cdc785ab4bc1cc578c76376f65a/screenshot - {}
RESULT: {}
COMMAND: POST /session/ee531cdc785ab4bc1cc578c76376f65a/element - {"using":"xpath","value":"(//li[contains(text(), \"stock increase yard\")])[1]"}
RESULT: {"using":"xpath","value":"(//li[contains(text(), \"stock increase yard\")])[1]"}
COMMAND: POST /session/ee531cdc785ab4bc1cc578c76376f65a/element/f.8D9BC16EA7DE0C3AAF08971F02AA4182.d.30B4A7E1A6589E9A550A164FE7C956E9.e.3598/click - {}
RESULT: {}
COMMAND: GET /session/ee531cdc785ab4bc1cc578c76376f65a/screenshot - {}
RESULT: {}
COMMAND: POST /session/ee531cdc785ab4bc1cc578c76376f65a/execute/async - {"script":"<script> [1562 bytes]","args":[{"selector":{"id":"application-managehandovers-display-component---AddNewHO--dueDate","interaction":{"idSuffix":"inner"}},"wdio_ui5_key":"applicationmanagehandovers-display-component---AddNewHO--dueDate"}]}
RESULT: {"script":"<script> [1562 bytes]","args":[{"selector":{"id":"application-managehandovers-display-component---AddNewHO--dueDate","interaction":{"idSuffix":"inner"}},"wdio_ui5_key":"applicationmanagehandovers-display-component---AddNewHO--dueDate"}]}
RESULT: undefined
COMMAND: POST /session/ee531cdc785ab4bc1cc578c76376f65a/execute/async - {"script":"<script> [6424 bytes]","args":[{"element-6066-11e4-a52e-4f735466cecf":"f.8D9BC16EA7DE0C3AAF08971F02AA4182.d.30B4A7E1A6589E9A550A164FE7C956E9.e.3600"},"setValue",["5/21/25"]]}
RESULT: {"script":"<script> [6424 bytes]","args":[{"element-6066-11e4-a52e-4f735466cecf":"f.8D9BC16EA7DE0C3AAF08971F02AA4182.d.30B4A7E1A6589E9A550A164FE7C956E9.e.3600"},"setValue",["5/21/25"]]}
COMMAND: POST /session/ee531cdc785ab4bc1cc578c76376f65a/element - {"using":"xpath","value":"//input[@id=\"generalSectionFrg--receiveYard-inner\"]"}
RESULT: {"using":"xpath","value":"//input[@id=\"generalSectionFrg--receiveYard-inner\"]"}
COMMAND: POST /session/ee531cdc785ab4bc1cc578c76376f65a/element/f.8D9BC16EA7DE0C3AAF08971F02AA4182.d.30B4A7E1A6589E9A550A164FE7C956E9.e.3604/clear - {}
RESULT: {}
COMMAND: POST /session/ee531cdc785ab4bc1cc578c76376f65a/element/f.8D9BC16EA7DE0C3AAF08971F02AA4182.d.30B4A7E1A6589E9A550A164FE7C956E9.e.3604/value - {"text":"634"}
COMMAND: GET /session/ee531cdc785ab4bc1cc578c76376f65a/screenshot - {}
RESULT: {"text":"634"}
COMMAND: GET /session/ee531cdc785ab4bc1cc578c76376f65a/screenshot - {}
RESULT: {}
RESULT: {}
COMMAND: POST /session/ee531cdc785ab4bc1cc578c76376f65a/element - {"using":"xpath","value":"//li[.//span[text()='634']]"}
RESULT: {"using":"xpath","value":"//li[.//span[text()='634']]"}
COMMAND: POST /session/ee531cdc785ab4bc1cc578c76376f65a/element/f.8D9BC16EA7DE0C3AAF08971F02AA4182.d.30B4A7E1A6589E9A550A164FE7C956E9.e.3622/click - {}
RESULT: {}
COMMAND: GET /session/ee531cdc785ab4bc1cc578c76376f65a/screenshot - {}
RESULT: {}
COMMAND: POST /session/ee531cdc785ab4bc1cc578c76376f65a/execute/async - {"script":"<script> [1562 bytes]","args":[{"selector":{"id":"application-managehandovers-display-component---AddNewHO--ObjectPageLayout-anchBar-application-managehandovers-display-component---AddNewHO--section4-anchor","interaction":{"idSuffix":"BDI-content"}},"wdio_ui5_key":"applicationmanagehandovers-display-component---AddNewHO--ObjectPageLayout-anchBar-application-managehandovers-display-component---AddNewHO--section4-anchor"}]}
RESULT: {"script":"<script> [1562 bytes]","args":[{"selector":{"id":"application-managehandovers-display-component---AddNewHO--ObjectPageLayout-anchBar-application-managehandovers-display-component---AddNewHO--section4-anchor","interaction":{"idSuffix":"BDI-content"}},"wdio_ui5_key":"applicationmanagehandovers-display-component---AddNewHO--ObjectPageLayout-anchBar-application-managehandovers-display-component---AddNewHO--section4-anchor"}]}
RESULT: undefined
COMMAND: POST /session/ee531cdc785ab4bc1cc578c76376f65a/element - {"using":"xpath","value":"//*[@id=\"application-managehandovers-display-component---AddNewHO--ObjectPageLayout-anchBar-application-managehandovers-display-component---AddNewHO--section4-anchor\"]"}
RESULT: {"using":"xpath","value":"//*[@id=\"application-managehandovers-display-component---AddNewHO--ObjectPageLayout-anchBar-application-managehandovers-display-component---AddNewHO--section4-anchor\"]"}
COMMAND: POST /session/ee531cdc785ab4bc1cc578c76376f65a/element/f.8D9BC16EA7DE0C3AAF08971F02AA4182.d.30B4A7E1A6589E9A550A164FE7C956E9.e.3624/click - {}
RESULT: {}
COMMAND: POST /session/ee531cdc785ab4bc1cc578c76376f65a/element - {"using":"xpath","value":"//button[@aria-label=\"Add\"]"}
COMMAND: GET /session/ee531cdc785ab4bc1cc578c76376f65a/screenshot - {}
RESULT: {"using":"xpath","value":"//button[@aria-label=\"Add\"]"}
COMMAND: POST /session/ee531cdc785ab4bc1cc578c76376f65a/element/f.8D9BC16EA7DE0C3AAF08971F02AA4182.d.30B4A7E1A6589E9A550A164FE7C956E9.e.3626/click - {}
RESULT: {}
RESULT: {}
COMMAND: GET /session/ee531cdc785ab4bc1cc578c76376f65a/screenshot - {}
RESULT: {}
COMMAND: POST /session/ee531cdc785ab4bc1cc578c76376f65a/execute/async - {"script":"<script> [1562 bytes]","args":[{"selector":{"id":"application-managehandovers-display-component---AddNewHO--smartFilterBar-btnBasicSearch","searchOpenDialogs":true,"interaction":{"idSuffix":"I"}},"wdio_ui5_key":"applicationmanagehandovers-display-component---AddNewHO--smartFilterBar-btnBasicSearch"}]}
RESULT: {"script":"<script> [1562 bytes]","args":[{"selector":{"id":"application-managehandovers-display-component---AddNewHO--smartFilterBar-btnBasicSearch","searchOpenDialogs":true,"interaction":{"idSuffix":"I"}},"wdio_ui5_key":"applicationmanagehandovers-display-component---AddNewHO--smartFilterBar-btnBasicSearch"}]}
RESULT: undefined
COMMAND: POST /session/ee531cdc785ab4bc1cc578c76376f65a/execute/async - {"script":"<script> [776 bytes]","args":[{"enterText":"200381","selector":{"id":"application-managehandovers-display-component---AddNewHO--smartFilterBar-btnBasicSearch","searchOpenDialogs":true,"interaction":{"idSuffix":"I"}},"clearTextFirst":true,"interactionType":"ENTER_TEXT"}]}
RESULT: {"script":"<script> [776 bytes]","args":[{"enterText":"200381","selector":{"id":"application-managehandovers-display-component---AddNewHO--smartFilterBar-btnBasicSearch","searchOpenDialogs":true,"interaction":{"idSuffix":"I"}},"clearTextFirst":true,"interactionType":"ENTER_TEXT"}]}
COMMAND: POST /session/ee531cdc785ab4bc1cc578c76376f65a/actions - {"actions":[{"id":"action13","type":"key","parameters":{},"actions":[{"type":"keyDown","value":""},{"type":"pause","duration":10},{"type":"keyUp","value":""}]}]}
RESULT: {"actions":[{"id":"action13","type":"key","parameters":{},"actions":[{"type":"keyDown","value":""},{"type":"pause","duration":10},{"type":"keyUp","value":""}]}]}
COMMAND: GET /session/ee531cdc785ab4bc1cc578c76376f65a/screenshot - {}
RESULT: {}
COMMAND: POST /session/ee531cdc785ab4bc1cc578c76376f65a/execute/async - {"script":"<script> [1562 bytes]","args":[{"selector":{"id":"application-managehandovers-display-component---AddNewHO--popup-sa","searchOpenDialogs":true,"interaction":{"idSuffix":"CbBg"}},"wdio_ui5_key":"applicationmanagehandovers-display-component---AddNewHO--popup-sa"}]}
RESULT: {"script":"<script> [1562 bytes]","args":[{"selector":{"id":"application-managehandovers-display-component---AddNewHO--popup-sa","searchOpenDialogs":true,"interaction":{"idSuffix":"CbBg"}},"wdio_ui5_key":"applicationmanagehandovers-display-component---AddNewHO--popup-sa"}]}
RESULT: undefined
COMMAND: POST /session/ee531cdc785ab4bc1cc578c76376f65a/element - {"using":"xpath","value":"//*[@id=\"application-managehandovers-display-component---AddNewHO--popup-sa\"]"}
RESULT: {"using":"xpath","value":"//*[@id=\"application-managehandovers-display-component---AddNewHO--popup-sa\"]"}
COMMAND: POST /session/ee531cdc785ab4bc1cc578c76376f65a/element/f.8D9BC16EA7DE0C3AAF08971F02AA4182.d.30B4A7E1A6589E9A550A164FE7C956E9.e.3779/click - {}
RESULT: {}
COMMAND: GET /session/ee531cdc785ab4bc1cc578c76376f65a/screenshot - {}
RESULT: {}
COMMAND: POST /session/ee531cdc785ab4bc1cc578c76376f65a/element - {"using":"xpath","value":"//bdi[contains(text(), \"Select\")]"}
RESULT: {"using":"xpath","value":"//bdi[contains(text(), \"Select\")]"}
COMMAND: POST /session/ee531cdc785ab4bc1cc578c76376f65a/element/f.8D9BC16EA7DE0C3AAF08971F02AA4182.d.30B4A7E1A6589E9A550A164FE7C956E9.e.3780/click - {}
RESULT: {}
COMMAND: GET /session/ee531cdc785ab4bc1cc578c76376f65a/screenshot - {}
RESULT: {}
COMMAND: POST /session/ee531cdc785ab4bc1cc578c76376f65a/element - {"using":"xpath","value":"//button[@data-kt=\"AddNewHOSaveButton\"]"}
RESULT: {"using":"xpath","value":"//button[@data-kt=\"AddNewHOSaveButton\"]"}
COMMAND: POST /session/ee531cdc785ab4bc1cc578c76376f65a/element/f.8D9BC16EA7DE0C3AAF08971F02AA4182.d.30B4A7E1A6589E9A550A164FE7C956E9.e.3784/click - {}
RESULT: {}
COMMAND: GET /session/ee531cdc785ab4bc1cc578c76376f65a/screenshot - {}
RESULT: {}
COMMAND: POST /session/ee531cdc785ab4bc1cc578c76376f65a/execute/async - {"script":"<script> [1562 bytes]","args":[{"selector":{"id":"receiptDatePicker","viewName":"etm.portal.ui.managehandovers.view.DetailExecuteHO","interaction":{"idSuffix":"inner"}},"wdio_ui5_key":"receiptDatePickeretmportal.ui.managehandovers.view.DetailExecuteHO"}]}
RESULT: {"script":"<script> [1562 bytes]","args":[{"selector":{"id":"receiptDatePicker","viewName":"etm.portal.ui.managehandovers.view.DetailExecuteHO","interaction":{"idSuffix":"inner"}},"wdio_ui5_key":"receiptDatePickeretmportal.ui.managehandovers.view.DetailExecuteHO"}]}
RESULT: undefined
COMMAND: POST /session/ee531cdc785ab4bc1cc578c76376f65a/execute/async - {"script":"<script> [6424 bytes]","args":[{"element-6066-11e4-a52e-4f735466cecf":"f.8D9BC16EA7DE0C3AAF08971F02AA4182.d.30B4A7E1A6589E9A550A164FE7C956E9.e.3804"},"setValue",["5/21/25"]]}
RESULT: {"script":"<script> [6424 bytes]","args":[{"element-6066-11e4-a52e-4f735466cecf":"f.8D9BC16EA7DE0C3AAF08971F02AA4182.d.30B4A7E1A6589E9A550A164FE7C956E9.e.3804"},"setValue",["5/21/25"]]}
COMMAND: POST /session/ee531cdc785ab4bc1cc578c76376f65a/element - {"using":"xpath","value":"//button[@data-kt=\"PickingTableConfirmAllButton\"]"}
RESULT: {"using":"xpath","value":"//button[@data-kt=\"PickingTableConfirmAllButton\"]"}
COMMAND: POST /session/ee531cdc785ab4bc1cc578c76376f65a/element/f.8D9BC16EA7DE0C3AAF08971F02AA4182.d.30B4A7E1A6589E9A550A164FE7C956E9.e.3817/click - {}
RESULT: {}
COMMAND: GET /session/ee531cdc785ab4bc1cc578c76376f65a/screenshot - {}
RESULT: {}
COMMAND: POST /session/ee531cdc785ab4bc1cc578c76376f65a/element - {"using":"xpath","value":"//bdi[contains(text(), \"OK\")]"}
RESULT: {"using":"xpath","value":"//bdi[contains(text(), \"OK\")]"}
COMMAND: POST /session/ee531cdc785ab4bc1cc578c76376f65a/element/f.8D9BC16EA7DE0C3AAF08971F02AA4182.d.30B4A7E1A6589E9A550A164FE7C956E9.e.3819/click - {}
RESULT: {}
COMMAND: GET /session/ee531cdc785ab4bc1cc578c76376f65a/screenshot - {}
RESULT: {}
COMMAND: POST /session/ee531cdc785ab4bc1cc578c76376f65a/element - {"using":"xpath","value":"(//bdi[contains(text(), \"Receive\")])[2]"}
RESULT: {"using":"xpath","value":"(//bdi[contains(text(), \"Receive\")])[2]"}
COMMAND: POST /session/ee531cdc785ab4bc1cc578c76376f65a/element/f.8D9BC16EA7DE0C3AAF08971F02AA4182.d.30B4A7E1A6589E9A550A164FE7C956E9.e.3821/click - {}
RESULT: {}
COMMAND: GET /session/ee531cdc785ab4bc1cc578c76376f65a/screenshot - {}
RESULT: {}
COMMAND: POST /session/ee531cdc785ab4bc1cc578c76376f65a/element - {"using":"css selector","value":"#shell-header-logo"}
RESULT: {"using":"css selector","value":"#shell-header-logo"}
COMMAND: POST /session/ee531cdc785ab4bc1cc578c76376f65a/element/f.8D9BC16EA7DE0C3AAF08971F02AA4182.d.30B4A7E1A6589E9A550A164FE7C956E9.e.3209/click - {}
RESULT: {}
COMMAND: GET /session/ee531cdc785ab4bc1cc578c76376f65a/screenshot - {}
RESULT: {}
]]></system-out>
    </testcase>
    <testcase classname="chrome.136_0_7103_93.windows.Prerequisites_&amp;_test_for_yard_mass_return_on_Yard_Overview_US131057" name="Prereq Should create a new contract" time="70.56">
      <system-out><![CDATA[
COMMAND: POST /session/ee531cdc785ab4bc1cc578c76376f65a/execute/async - {"script":"<script> [1562 bytes]","args":[{"selector":{"controlType":"sap.m.GenericTile","properties":{"header":"Manage Contracts"}},"wdio_ui5_key":"sapm.GenericTile{\"header\":\"Manage Contracts\"}"}]}
RESULT: {"script":"<script> [1562 bytes]","args":[{"selector":{"controlType":"sap.m.GenericTile","properties":{"header":"Manage Contracts"}},"wdio_ui5_key":"sapm.GenericTile{\"header\":\"Manage Contracts\"}"}]}
RESULT: undefined
COMMAND: POST /session/ee531cdc785ab4bc1cc578c76376f65a/element - {"using":"xpath","value":"//*[@id=\"__tile130\"]"}
RESULT: {"using":"xpath","value":"//*[@id=\"__tile130\"]"}
COMMAND: POST /session/ee531cdc785ab4bc1cc578c76376f65a/element/f.8D9BC16EA7DE0C3AAF08971F02AA4182.d.30B4A7E1A6589E9A550A164FE7C956E9.e.2593/click - {}
RESULT: {}
COMMAND: GET /session/ee531cdc785ab4bc1cc578c76376f65a/screenshot - {}
RESULT: {}
COMMAND: POST /session/ee531cdc785ab4bc1cc578c76376f65a/elements - {"using":"xpath","value":"//span[text()='Error']"}
RESULT: {"using":"xpath","value":"//span[text()='Error']"}
COMMAND: POST /session/ee531cdc785ab4bc1cc578c76376f65a/element - {"using":"xpath","value":"//button[@data-kt=\"addButton\"]"}
RESULT: {"using":"xpath","value":"//button[@data-kt=\"addButton\"]"}
COMMAND: POST /session/ee531cdc785ab4bc1cc578c76376f65a/elements - {"using":"xpath","value":"//button[@data-kt=\"addButton\"]"}
RESULT: {"using":"xpath","value":"//button[@data-kt=\"addButton\"]"}
COMMAND: POST /session/ee531cdc785ab4bc1cc578c76376f65a/execute/sync - {"script":"<script> [8489 bytes]","args":[{"element-6066-11e4-a52e-4f735466cecf":"f.8D9BC16EA7DE0C3AAF08971F02AA4182.d.30B4A7E1A6589E9A550A164FE7C956E9.e.4044","ELEMENT":"f.8D9BC16EA7DE0C3AAF08971F02AA4182.d.30B4A7E1A6589E9A550A164FE7C956E9.e.4044"}]}
RESULT: {"script":"<script> [8489 bytes]","args":[{"element-6066-11e4-a52e-4f735466cecf":"f.8D9BC16EA7DE0C3AAF08971F02AA4182.d.30B4A7E1A6589E9A550A164FE7C956E9.e.4044","ELEMENT":"f.8D9BC16EA7DE0C3AAF08971F02AA4182.d.30B4A7E1A6589E9A550A164FE7C956E9.e.4044"}]}
COMMAND: GET /session/ee531cdc785ab4bc1cc578c76376f65a/element/f.8D9BC16EA7DE0C3AAF08971F02AA4182.d.30B4A7E1A6589E9A550A164FE7C956E9.e.4044/enabled - {}
COMMAND: GET /session/ee531cdc785ab4bc1cc578c76376f65a/screenshot - {}
RESULT: {}
COMMAND: POST /session/ee531cdc785ab4bc1cc578c76376f65a/execute/sync - {"script":"<script> [8489 bytes]","args":[{"element-6066-11e4-a52e-4f735466cecf":"f.8D9BC16EA7DE0C3AAF08971F02AA4182.d.30B4A7E1A6589E9A550A164FE7C956E9.e.4044","ELEMENT":"f.8D9BC16EA7DE0C3AAF08971F02AA4182.d.30B4A7E1A6589E9A550A164FE7C956E9.e.4044"}]}
COMMAND: GET /session/ee531cdc785ab4bc1cc578c76376f65a/screenshot - {}
RESULT: {}
RESULT: {}
RESULT: {"script":"<script> [8489 bytes]","args":[{"element-6066-11e4-a52e-4f735466cecf":"f.8D9BC16EA7DE0C3AAF08971F02AA4182.d.30B4A7E1A6589E9A550A164FE7C956E9.e.4044","ELEMENT":"f.8D9BC16EA7DE0C3AAF08971F02AA4182.d.30B4A7E1A6589E9A550A164FE7C956E9.e.4044"}]}
COMMAND: POST /session/ee531cdc785ab4bc1cc578c76376f65a/execute/sync - {"script":"<script> [5351 bytes]","args":[{"element-6066-11e4-a52e-4f735466cecf":"f.8D9BC16EA7DE0C3AAF08971F02AA4182.d.30B4A7E1A6589E9A550A164FE7C956E9.e.4044","ELEMENT":"f.8D9BC16EA7DE0C3AAF08971F02AA4182.d.30B4A7E1A6589E9A550A164FE7C956E9.e.4044"}]}
COMMAND: GET /session/ee531cdc785ab4bc1cc578c76376f65a/screenshot - {}
RESULT: {"script":"<script> [5351 bytes]","args":[{"element-6066-11e4-a52e-4f735466cecf":"f.8D9BC16EA7DE0C3AAF08971F02AA4182.d.30B4A7E1A6589E9A550A164FE7C956E9.e.4044","ELEMENT":"f.8D9BC16EA7DE0C3AAF08971F02AA4182.d.30B4A7E1A6589E9A550A164FE7C956E9.e.4044"}]}
COMMAND: GET /session/ee531cdc785ab4bc1cc578c76376f65a/screenshot - {}
RESULT: {}
RESULT: {}
COMMAND: POST /session/ee531cdc785ab4bc1cc578c76376f65a/element/f.8D9BC16EA7DE0C3AAF08971F02AA4182.d.30B4A7E1A6589E9A550A164FE7C956E9.e.4044/click - {}
RESULT: {}
COMMAND: GET /session/ee531cdc785ab4bc1cc578c76376f65a/screenshot - {}
COMMAND: POST /session/ee531cdc785ab4bc1cc578c76376f65a/execute/async - {"script":"<script> [1562 bytes]","args":[{"selector":{"id":"application-managecontracts-display-component---AddNewContract--projectDescription","interaction":{"idSuffix":"inner"}},"wdio_ui5_key":"applicationmanagecontracts-display-component---AddNewContract--projectDescription"}]}
RESULT: {}
RESULT: {"script":"<script> [1562 bytes]","args":[{"selector":{"id":"application-managecontracts-display-component---AddNewContract--projectDescription","interaction":{"idSuffix":"inner"}},"wdio_ui5_key":"applicationmanagecontracts-display-component---AddNewContract--projectDescription"}]}
RESULT: undefined
COMMAND: POST /session/ee531cdc785ab4bc1cc578c76376f65a/execute/async - {"script":"<script> [776 bytes]","args":[{"enterText":"Contract WDIO","selector":{"id":"application-managecontracts-display-component---AddNewContract--projectDescription","interaction":{"idSuffix":"inner"}},"clearTextFirst":true,"interactionType":"ENTER_TEXT"}]}
RESULT: {"script":"<script> [776 bytes]","args":[{"enterText":"Contract WDIO","selector":{"id":"application-managecontracts-display-component---AddNewContract--projectDescription","interaction":{"idSuffix":"inner"}},"clearTextFirst":true,"interactionType":"ENTER_TEXT"}]}
COMMAND: POST /session/ee531cdc785ab4bc1cc578c76376f65a/element - {"using":"xpath","value":"//input[@id=\"application-managecontracts-display-component---AddNewContract--site-inner\"]"}
RESULT: {"using":"xpath","value":"//input[@id=\"application-managecontracts-display-component---AddNewContract--site-inner\"]"}
COMMAND: POST /session/ee531cdc785ab4bc1cc578c76376f65a/element/f.8D9BC16EA7DE0C3AAF08971F02AA4182.d.30B4A7E1A6589E9A550A164FE7C956E9.e.4402/clear - {}
RESULT: {}
COMMAND: POST /session/ee531cdc785ab4bc1cc578c76376f65a/element/f.8D9BC16EA7DE0C3AAF08971F02AA4182.d.30B4A7E1A6589E9A550A164FE7C956E9.e.4402/value - {"text":"2336"}
COMMAND: GET /session/ee531cdc785ab4bc1cc578c76376f65a/screenshot - {}
RESULT: {"text":"2336"}
COMMAND: GET /session/ee531cdc785ab4bc1cc578c76376f65a/screenshot - {}
RESULT: {}
RESULT: {}
COMMAND: POST /session/ee531cdc785ab4bc1cc578c76376f65a/element - {"using":"xpath","value":"//li[.//span[text()='2336']]"}
RESULT: {"using":"xpath","value":"//li[.//span[text()='2336']]"}
COMMAND: POST /session/ee531cdc785ab4bc1cc578c76376f65a/element/f.8D9BC16EA7DE0C3AAF08971F02AA4182.d.30B4A7E1A6589E9A550A164FE7C956E9.e.4429/click - {}
RESULT: {}
COMMAND: GET /session/ee531cdc785ab4bc1cc578c76376f65a/screenshot - {}
RESULT: {}
COMMAND: POST /session/ee531cdc785ab4bc1cc578c76376f65a/element - {"using":"xpath","value":"//input[@id=\"application-managecontracts-display-component---AddNewContract--yardId-inner\"]"}
RESULT: {"using":"xpath","value":"//input[@id=\"application-managecontracts-display-component---AddNewContract--yardId-inner\"]"}
COMMAND: GET /session/ee531cdc785ab4bc1cc578c76376f65a/element/f.8D9BC16EA7DE0C3AAF08971F02AA4182.d.30B4A7E1A6589E9A550A164FE7C956E9.e.4403/property/value - {}
RESULT: {}
COMMAND: POST /session/ee531cdc785ab4bc1cc578c76376f65a/element - {"using":"xpath","value":"//input[@id=\"application-managecontracts-display-component---AddNewContract--customerSelect-inner\"]"}
COMMAND: GET /session/ee531cdc785ab4bc1cc578c76376f65a/screenshot - {}
RESULT: {"using":"xpath","value":"//input[@id=\"application-managecontracts-display-component---AddNewContract--customerSelect-inner\"]"}
COMMAND: POST /session/ee531cdc785ab4bc1cc578c76376f65a/element/f.8D9BC16EA7DE0C3AAF08971F02AA4182.d.30B4A7E1A6589E9A550A164FE7C956E9.e.4401/clear - {}
RESULT: {}
RESULT: {}
COMMAND: POST /session/ee531cdc785ab4bc1cc578c76376f65a/element/f.8D9BC16EA7DE0C3AAF08971F02AA4182.d.30B4A7E1A6589E9A550A164FE7C956E9.e.4401/value - {"text":"1401"}
COMMAND: GET /session/ee531cdc785ab4bc1cc578c76376f65a/screenshot - {}
RESULT: {"text":"1401"}
COMMAND: GET /session/ee531cdc785ab4bc1cc578c76376f65a/screenshot - {}
RESULT: {}
RESULT: {}
COMMAND: POST /session/ee531cdc785ab4bc1cc578c76376f65a/element - {"using":"xpath","value":"//li[.//span[text()='1401']]"}
RESULT: {"using":"xpath","value":"//li[.//span[text()='1401']]"}
COMMAND: POST /session/ee531cdc785ab4bc1cc578c76376f65a/element/f.8D9BC16EA7DE0C3AAF08971F02AA4182.d.30B4A7E1A6589E9A550A164FE7C956E9.e.4432/click - {}
RESULT: {}
COMMAND: GET /session/ee531cdc785ab4bc1cc578c76376f65a/screenshot - {}
RESULT: {}
COMMAND: POST /session/ee531cdc785ab4bc1cc578c76376f65a/element - {"using":"xpath","value":"//button[@data-kt=\"saveButton\"]"}
RESULT: {"using":"xpath","value":"//button[@data-kt=\"saveButton\"]"}
COMMAND: POST /session/ee531cdc785ab4bc1cc578c76376f65a/element/f.8D9BC16EA7DE0C3AAF08971F02AA4182.d.30B4A7E1A6589E9A550A164FE7C956E9.e.4433/click - {}
RESULT: {}
COMMAND: GET /session/ee531cdc785ab4bc1cc578c76376f65a/screenshot - {}
RESULT: {}
COMMAND: POST /session/ee531cdc785ab4bc1cc578c76376f65a/element - {"using":"xpath","value":"//span[contains(@id ,\"contractDetailTitleNoExpanded\")]"}
RESULT: {"using":"xpath","value":"//span[contains(@id ,\"contractDetailTitleNoExpanded\")]"}
COMMAND: POST /session/ee531cdc785ab4bc1cc578c76376f65a/elements - {"using":"xpath","value":"//span[contains(@id ,\"contractDetailTitleNoExpanded\")]"}
RESULT: {"using":"xpath","value":"//span[contains(@id ,\"contractDetailTitleNoExpanded\")]"}
COMMAND: POST /session/ee531cdc785ab4bc1cc578c76376f65a/execute/sync - {"script":"<script> [56 bytes]","args":[{"element-6066-11e4-a52e-4f735466cecf":"f.8D9BC16EA7DE0C3AAF08971F02AA4182.d.30B4A7E1A6589E9A550A164FE7C956E9.e.4505","ELEMENT":"f.8D9BC16EA7DE0C3AAF08971F02AA4182.d.30B4A7E1A6589E9A550A164FE7C956E9.e.4505"}]}
RESULT: {"script":"<script> [56 bytes]","args":[{"element-6066-11e4-a52e-4f735466cecf":"f.8D9BC16EA7DE0C3AAF08971F02AA4182.d.30B4A7E1A6589E9A550A164FE7C956E9.e.4505","ELEMENT":"f.8D9BC16EA7DE0C3AAF08971F02AA4182.d.30B4A7E1A6589E9A550A164FE7C956E9.e.4505"}]}
COMMAND: GET /session/ee531cdc785ab4bc1cc578c76376f65a/screenshot - {}
RESULT: {}
]]></system-out>
    </testcase>
    <testcase classname="chrome.136_0_7103_93.windows.Prerequisites_&amp;_test_for_yard_mass_return_on_Yard_Overview_US131057" name="Prereq Should add created material to contract" time="59.557">
      <system-out><![CDATA[
COMMAND: POST /session/ee531cdc785ab4bc1cc578c76376f65a/element - {"using":"xpath","value":"//button[@data-kt=\"contractDetailEditBtnButton\"]"}
RESULT: {"using":"xpath","value":"//button[@data-kt=\"contractDetailEditBtnButton\"]"}
COMMAND: POST /session/ee531cdc785ab4bc1cc578c76376f65a/element/f.8D9BC16EA7DE0C3AAF08971F02AA4182.d.30B4A7E1A6589E9A550A164FE7C956E9.e.4506/click - {}
RESULT: {}
COMMAND: GET /session/ee531cdc785ab4bc1cc578c76376f65a/screenshot - {}
RESULT: {}
COMMAND: POST /session/ee531cdc785ab4bc1cc578c76376f65a/element - {"using":"xpath","value":"(//span[contains(text(), \"Additional Addresses\")])[2]"}
RESULT: {"using":"xpath","value":"(//span[contains(text(), \"Additional Addresses\")])[2]"}
COMMAND: POST /session/ee531cdc785ab4bc1cc578c76376f65a/element/f.8D9BC16EA7DE0C3AAF08971F02AA4182.d.30B4A7E1A6589E9A550A164FE7C956E9.e.4562/click - {}
RESULT: {}
COMMAND: GET /session/ee531cdc785ab4bc1cc578c76376f65a/screenshot - {}
RESULT: {}
COMMAND: POST /session/ee531cdc785ab4bc1cc578c76376f65a/element - {"using":"xpath","value":"//button[@data-kt=\"btnAddTableRowOverflowToolbarButton\"]"}
RESULT: {"using":"xpath","value":"//button[@data-kt=\"btnAddTableRowOverflowToolbarButton\"]"}
COMMAND: POST /session/ee531cdc785ab4bc1cc578c76376f65a/element/f.8D9BC16EA7DE0C3AAF08971F02AA4182.d.30B4A7E1A6589E9A550A164FE7C956E9.e.4565/click - {}
RESULT: {}
COMMAND: GET /session/ee531cdc785ab4bc1cc578c76376f65a/screenshot - {}
RESULT: {}
COMMAND: POST /session/ee531cdc785ab4bc1cc578c76376f65a/element - {"using":"xpath","value":"//div[(text() = 'Standard Entry' or . = 'Standard Entry')]"}
RESULT: {"using":"xpath","value":"//div[(text() = 'Standard Entry' or . = 'Standard Entry')]"}
COMMAND: POST /session/ee531cdc785ab4bc1cc578c76376f65a/element/f.8D9BC16EA7DE0C3AAF08971F02AA4182.d.30B4A7E1A6589E9A550A164FE7C956E9.e.4567/click - {}
RESULT: {}
COMMAND: GET /session/ee531cdc785ab4bc1cc578c76376f65a/screenshot - {}
RESULT: {}
COMMAND: POST /session/ee531cdc785ab4bc1cc578c76376f65a/element - {"using":"xpath","value":"//td[6]/div/div/div/span"}
RESULT: {"using":"xpath","value":"//td[6]/div/div/div/span"}
COMMAND: POST /session/ee531cdc785ab4bc1cc578c76376f65a/element/f.8D9BC16EA7DE0C3AAF08971F02AA4182.d.30B4A7E1A6589E9A550A164FE7C956E9.e.4579/click - {}
RESULT: {}
COMMAND: GET /session/ee531cdc785ab4bc1cc578c76376f65a/screenshot - {}
RESULT: {}
COMMAND: POST /session/ee531cdc785ab4bc1cc578c76376f65a/element - {"using":"xpath","value":"(//span[contains(text(), \"Material\")])"}
RESULT: {"using":"xpath","value":"(//span[contains(text(), \"Material\")])"}
COMMAND: POST /session/ee531cdc785ab4bc1cc578c76376f65a/element/f.8D9BC16EA7DE0C3AAF08971F02AA4182.d.30B4A7E1A6589E9A550A164FE7C956E9.e.4580/click - {}
RESULT: {}
COMMAND: GET /session/ee531cdc785ab4bc1cc578c76376f65a/screenshot - {}
RESULT: {}
COMMAND: POST /session/ee531cdc785ab4bc1cc578c76376f65a/element - {"using":"xpath","value":"//td[7]/div/div/input"}
RESULT: {"using":"xpath","value":"//td[7]/div/div/input"}
COMMAND: POST /session/ee531cdc785ab4bc1cc578c76376f65a/element/f.8D9BC16EA7DE0C3AAF08971F02AA4182.d.30B4A7E1A6589E9A550A164FE7C956E9.e.4584/clear - {}
RESULT: {}
COMMAND: POST /session/ee531cdc785ab4bc1cc578c76376f65a/element/f.8D9BC16EA7DE0C3AAF08971F02AA4182.d.30B4A7E1A6589E9A550A164FE7C956E9.e.4584/value - {"text":"200381"}
COMMAND: GET /session/ee531cdc785ab4bc1cc578c76376f65a/screenshot - {}
RESULT: {"text":"200381"}
COMMAND: GET /session/ee531cdc785ab4bc1cc578c76376f65a/screenshot - {}
RESULT: {}
RESULT: {}
COMMAND: POST /session/ee531cdc785ab4bc1cc578c76376f65a/actions - {"actions":[{"id":"action14","type":"key","parameters":{},"actions":[{"type":"keyDown","value":""},{"type":"pause","duration":10},{"type":"keyUp","value":""}]}]}
RESULT: {"actions":[{"id":"action14","type":"key","parameters":{},"actions":[{"type":"keyDown","value":""},{"type":"pause","duration":10},{"type":"keyUp","value":""}]}]}
COMMAND: GET /session/ee531cdc785ab4bc1cc578c76376f65a/screenshot - {}
RESULT: {}
COMMAND: POST /session/ee531cdc785ab4bc1cc578c76376f65a/execute/sync - {"script":"<script> [276 bytes]","args":["No pricing information was found"]}
RESULT: {"script":"<script> [276 bytes]","args":["No pricing information was found"]}
COMMAND: POST /session/ee531cdc785ab4bc1cc578c76376f65a/element - {"using":"xpath","value":"//bdi[contains(text(), \"OK\")]"}
COMMAND: GET /session/ee531cdc785ab4bc1cc578c76376f65a/screenshot - {}
RESULT: {"using":"xpath","value":"//bdi[contains(text(), \"OK\")]"}
COMMAND: POST /session/ee531cdc785ab4bc1cc578c76376f65a/element/f.8D9BC16EA7DE0C3AAF08971F02AA4182.d.30B4A7E1A6589E9A550A164FE7C956E9.e.4610/click - {}
RESULT: {}
RESULT: {}
COMMAND: GET /session/ee531cdc785ab4bc1cc578c76376f65a/screenshot - {}
RESULT: {}
COMMAND: POST /session/ee531cdc785ab4bc1cc578c76376f65a/element - {"using":"xpath","value":"(//button[@data-kt=\"saveButton\"])[2]"}
RESULT: {"using":"xpath","value":"(//button[@data-kt=\"saveButton\"])[2]"}
COMMAND: POST /session/ee531cdc785ab4bc1cc578c76376f65a/element/f.8D9BC16EA7DE0C3AAF08971F02AA4182.d.30B4A7E1A6589E9A550A164FE7C956E9.e.4611/click - {}
RESULT: {}
COMMAND: GET /session/ee531cdc785ab4bc1cc578c76376f65a/screenshot - {}
RESULT: {}
COMMAND: POST /session/ee531cdc785ab4bc1cc578c76376f65a/execute/sync - {"script":"<script> [276 bytes]","args":["Some contract items are having rental validity exceeding header rental validity"]}
RESULT: {"script":"<script> [276 bytes]","args":["Some contract items are having rental validity exceeding header rental validity"]}
COMMAND: GET /session/ee531cdc785ab4bc1cc578c76376f65a/screenshot - {}
RESULT: {}
COMMAND: POST /session/ee531cdc785ab4bc1cc578c76376f65a/element - {"using":"xpath","value":"//span[contains(@id ,\"contractItemsSmartTable-header-inner\")]"}
RESULT: {"using":"xpath","value":"//span[contains(@id ,\"contractItemsSmartTable-header-inner\")]"}
COMMAND: POST /session/ee531cdc785ab4bc1cc578c76376f65a/elements - {"using":"xpath","value":"//span[contains(@id ,\"contractItemsSmartTable-header-inner\")]"}
RESULT: {"using":"xpath","value":"//span[contains(@id ,\"contractItemsSmartTable-header-inner\")]"}
COMMAND: POST /session/ee531cdc785ab4bc1cc578c76376f65a/execute/sync - {"script":"<script> [56 bytes]","args":[{"element-6066-11e4-a52e-4f735466cecf":"f.8D9BC16EA7DE0C3AAF08971F02AA4182.d.30B4A7E1A6589E9A550A164FE7C956E9.e.4615","ELEMENT":"f.8D9BC16EA7DE0C3AAF08971F02AA4182.d.30B4A7E1A6589E9A550A164FE7C956E9.e.4615"}]}
RESULT: {"script":"<script> [56 bytes]","args":[{"element-6066-11e4-a52e-4f735466cecf":"f.8D9BC16EA7DE0C3AAF08971F02AA4182.d.30B4A7E1A6589E9A550A164FE7C956E9.e.4615","ELEMENT":"f.8D9BC16EA7DE0C3AAF08971F02AA4182.d.30B4A7E1A6589E9A550A164FE7C956E9.e.4615"}]}
]]></system-out>
    </testcase>
    <testcase classname="chrome.136_0_7103_93.windows.Prerequisites_&amp;_test_for_yard_mass_return_on_Yard_Overview_US131057" name="Prerq Should do a provide to site handover" time="70.853">
      <system-out><![CDATA[
COMMAND: POST /session/ee531cdc785ab4bc1cc578c76376f65a/element - {"using":"xpath","value":"//button[@data-kt=\"provideButton\"]"}
COMMAND: GET /session/ee531cdc785ab4bc1cc578c76376f65a/screenshot - {}
RESULT: {"using":"xpath","value":"//button[@data-kt=\"provideButton\"]"}
COMMAND: POST /session/ee531cdc785ab4bc1cc578c76376f65a/element/f.8D9BC16EA7DE0C3AAF08971F02AA4182.d.30B4A7E1A6589E9A550A164FE7C956E9.e.4616/click - {}
RESULT: {}
RESULT: {}
COMMAND: GET /session/ee531cdc785ab4bc1cc578c76376f65a/screenshot - {}
RESULT: {}
RESULT: undefined
COMMAND: POST /session/ee531cdc785ab4bc1cc578c76376f65a/execute/async - {"script":"<script> [6424 bytes]","args":[{"element-6066-11e4-a52e-4f735466cecf":"f.8D9BC16EA7DE0C3AAF08971F02AA4182.d.30B4A7E1A6589E9A550A164FE7C956E9.e.3600"},"setValue",["5/21/25"]]}
COMMAND: POST /session/ee531cdc785ab4bc1cc578c76376f65a/execute/async - {"script":"<script> [1562 bytes]","args":[{"selector":{"id":"application-managehandovers-display-component---AddNewHO--dueDate","interaction":{"idSuffix":"inner"}},"wdio_ui5_key":"applicationmanagehandovers-display-component---AddNewHO--dueDate"}]}
RESULT: {"script":"<script> [1562 bytes]","args":[{"selector":{"id":"application-managehandovers-display-component---AddNewHO--dueDate","interaction":{"idSuffix":"inner"}},"wdio_ui5_key":"applicationmanagehandovers-display-component---AddNewHO--dueDate"}]}
COMMAND: POST /session/ee531cdc785ab4bc1cc578c76376f65a/execute/async - {"script":"<script> [6424 bytes]","args":[{"element-6066-11e4-a52e-4f735466cecf":"f.8D9BC16EA7DE0C3AAF08971F02AA4182.d.30B4A7E1A6589E9A550A164FE7C956E9.e.4673"},"setValue",["5/21/25"]]}
RESULT: {"script":"<script> [6424 bytes]","args":[{"element-6066-11e4-a52e-4f735466cecf":"f.8D9BC16EA7DE0C3AAF08971F02AA4182.d.30B4A7E1A6589E9A550A164FE7C956E9.e.4673"},"setValue",["5/21/25"]]}
COMMAND: POST /session/ee531cdc785ab4bc1cc578c76376f65a/element - {"using":"xpath","value":"//bdi[contains(text(), \"Instructions\")]"}
RESULT: {"using":"xpath","value":"//bdi[contains(text(), \"Instructions\")]"}
COMMAND: POST /session/ee531cdc785ab4bc1cc578c76376f65a/element/f.8D9BC16EA7DE0C3AAF08971F02AA4182.d.30B4A7E1A6589E9A550A164FE7C956E9.e.4925/click - {}
RESULT: {}
COMMAND: GET /session/ee531cdc785ab4bc1cc578c76376f65a/screenshot - {}
RESULT: {}
COMMAND: POST /session/ee531cdc785ab4bc1cc578c76376f65a/element - {"using":"xpath","value":"//button[@data-kt=\"AddNewHOProvideAddItemsButton\"]"}
RESULT: {"using":"xpath","value":"//button[@data-kt=\"AddNewHOProvideAddItemsButton\"]"}
COMMAND: POST /session/ee531cdc785ab4bc1cc578c76376f65a/element/f.8D9BC16EA7DE0C3AAF08971F02AA4182.d.30B4A7E1A6589E9A550A164FE7C956E9.e.4929/click - {}
RESULT: {}
COMMAND: GET /session/ee531cdc785ab4bc1cc578c76376f65a/screenshot - {}
RESULT: {}
RESULT: undefined
COMMAND: POST /session/ee531cdc785ab4bc1cc578c76376f65a/element - {"using":"xpath","value":"//*[@id=\"application-managehandovers-display-component---AddNewHO--popup-sa\"]"}
RESULT: {"using":"xpath","value":"//*[@id=\"application-managehandovers-display-component---AddNewHO--popup-sa\"]"}
COMMAND: POST /session/ee531cdc785ab4bc1cc578c76376f65a/element/f.8D9BC16EA7DE0C3AAF08971F02AA4182.d.30B4A7E1A6589E9A550A164FE7C956E9.e.4941/click - {}
RESULT: {}
COMMAND: GET /session/ee531cdc785ab4bc1cc578c76376f65a/screenshot - {}
RESULT: {}
COMMAND: POST /session/ee531cdc785ab4bc1cc578c76376f65a/element - {"using":"xpath","value":"//*[contains(@id ,\"BDI-content\")][contains(text(), \"Select\")]"}
RESULT: {"using":"xpath","value":"//*[contains(@id ,\"BDI-content\")][contains(text(), \"Select\")]"}
COMMAND: POST /session/ee531cdc785ab4bc1cc578c76376f65a/element/f.8D9BC16EA7DE0C3AAF08971F02AA4182.d.30B4A7E1A6589E9A550A164FE7C956E9.e.4942/click - {}
RESULT: {}
COMMAND: GET /session/ee531cdc785ab4bc1cc578c76376f65a/screenshot - {}
RESULT: {}
COMMAND: POST /session/ee531cdc785ab4bc1cc578c76376f65a/execute/async - {"script":"<script> [1562 bytes]","args":[{"selector":{"id":"application-managehandovers-display-component---AddNewHO--confirmCreationButton","interaction":{"idSuffix":"BDI-content"}},"wdio_ui5_key":"applicationmanagehandovers-display-component---AddNewHO--confirmCreationButton"}]}
RESULT: {"script":"<script> [1562 bytes]","args":[{"selector":{"id":"application-managehandovers-display-component---AddNewHO--confirmCreationButton","interaction":{"idSuffix":"BDI-content"}},"wdio_ui5_key":"applicationmanagehandovers-display-component---AddNewHO--confirmCreationButton"}]}
RESULT: undefined
COMMAND: POST /session/ee531cdc785ab4bc1cc578c76376f65a/element - {"using":"xpath","value":"//*[@id=\"application-managehandovers-display-component---AddNewHO--confirmCreationButton\"]"}
RESULT: {"using":"xpath","value":"//*[@id=\"application-managehandovers-display-component---AddNewHO--confirmCreationButton\"]"}
COMMAND: POST /session/ee531cdc785ab4bc1cc578c76376f65a/element/f.8D9BC16EA7DE0C3AAF08971F02AA4182.d.30B4A7E1A6589E9A550A164FE7C956E9.e.4737/click - {}
RESULT: {}
COMMAND: GET /session/ee531cdc785ab4bc1cc578c76376f65a/screenshot - {}
RESULT: {}
COMMAND: POST /session/ee531cdc785ab4bc1cc578c76376f65a/execute/async - {"script":"<script> [1562 bytes]","args":[{"selector":{"id":"issueDatePicker","viewName":"etm.portal.ui.managehandovers.view.DetailExecuteHO","interaction":{"idSuffix":"inner"}},"wdio_ui5_key":"issueDatePickeretmportal.ui.managehandovers.view.DetailExecuteHO"}]}
RESULT: {"script":"<script> [1562 bytes]","args":[{"selector":{"id":"issueDatePicker","viewName":"etm.portal.ui.managehandovers.view.DetailExecuteHO","interaction":{"idSuffix":"inner"}},"wdio_ui5_key":"issueDatePickeretmportal.ui.managehandovers.view.DetailExecuteHO"}]}
RESULT: undefined
COMMAND: POST /session/ee531cdc785ab4bc1cc578c76376f65a/execute/async - {"script":"<script> [776 bytes]","args":[{"enterText":"5/21/25","selector":{"id":"issueDatePicker","viewName":"etm.portal.ui.managehandovers.view.DetailExecuteHO","interaction":{"idSuffix":"inner"}},"clearTextFirst":true,"interactionType":"ENTER_TEXT"}]}
RESULT: {"script":"<script> [776 bytes]","args":[{"enterText":"5/21/25","selector":{"id":"issueDatePicker","viewName":"etm.portal.ui.managehandovers.view.DetailExecuteHO","interaction":{"idSuffix":"inner"}},"clearTextFirst":true,"interactionType":"ENTER_TEXT"}]}
COMMAND: POST /session/ee531cdc785ab4bc1cc578c76376f65a/element - {"using":"xpath","value":"//bdi[contains(text(), \"OK\")]"}
RESULT: {"using":"xpath","value":"//bdi[contains(text(), \"OK\")]"}
COMMAND: POST /session/ee531cdc785ab4bc1cc578c76376f65a/element/f.8D9BC16EA7DE0C3AAF08971F02AA4182.d.30B4A7E1A6589E9A550A164FE7C956E9.e.4986/click - {}
RESULT: {}
COMMAND: GET /session/ee531cdc785ab4bc1cc578c76376f65a/screenshot - {}
RESULT: {}
COMMAND: POST /session/ee531cdc785ab4bc1cc578c76376f65a/element - {"using":"xpath","value":"//button[@data-kt=\"PickingTableConfirmAllButton\"]"}
RESULT: {"using":"xpath","value":"//button[@data-kt=\"PickingTableConfirmAllButton\"]"}
COMMAND: POST /session/ee531cdc785ab4bc1cc578c76376f65a/element/f.8D9BC16EA7DE0C3AAF08971F02AA4182.d.30B4A7E1A6589E9A550A164FE7C956E9.e.4994/click - {}
RESULT: {}
COMMAND: GET /session/ee531cdc785ab4bc1cc578c76376f65a/screenshot - {}
RESULT: {}
COMMAND: POST /session/ee531cdc785ab4bc1cc578c76376f65a/element - {"using":"xpath","value":"//bdi[contains(text(), \"OK\")]"}
RESULT: {"using":"xpath","value":"//bdi[contains(text(), \"OK\")]"}
COMMAND: POST /session/ee531cdc785ab4bc1cc578c76376f65a/element/f.8D9BC16EA7DE0C3AAF08971F02AA4182.d.30B4A7E1A6589E9A550A164FE7C956E9.e.4997/click - {}
RESULT: {}
COMMAND: GET /session/ee531cdc785ab4bc1cc578c76376f65a/screenshot - {}
RESULT: {}
COMMAND: POST /session/ee531cdc785ab4bc1cc578c76376f65a/element - {"using":"xpath","value":"//bdi[contains(text(), \"Issue\")]"}
RESULT: {"using":"xpath","value":"//bdi[contains(text(), \"Issue\")]"}
COMMAND: POST /session/ee531cdc785ab4bc1cc578c76376f65a/element/f.8D9BC16EA7DE0C3AAF08971F02AA4182.d.30B4A7E1A6589E9A550A164FE7C956E9.e.4999/click - {}
RESULT: {}
COMMAND: GET /session/ee531cdc785ab4bc1cc578c76376f65a/screenshot - {}
RESULT: {}
COMMAND: POST /session/ee531cdc785ab4bc1cc578c76376f65a/element - {"using":"css selector","value":"#shell-header-logo"}
RESULT: {"using":"css selector","value":"#shell-header-logo"}
COMMAND: POST /session/ee531cdc785ab4bc1cc578c76376f65a/element/f.8D9BC16EA7DE0C3AAF08971F02AA4182.d.30B4A7E1A6589E9A550A164FE7C956E9.e.3995/click - {}
RESULT: {}
COMMAND: GET /session/ee531cdc785ab4bc1cc578c76376f65a/screenshot - {}
RESULT: {}
]]></system-out>
    </testcase>
    <testcase classname="chrome.136_0_7103_93.windows.Prerequisites_&amp;_test_for_yard_mass_return_on_Yard_Overview_US131057" name="Should do mass return on Yard Overview US131057" time="62.228">
      <system-out><![CDATA[
COMMAND: POST /session/ee531cdc785ab4bc1cc578c76376f65a/execute/async - {"script":"<script> [1562 bytes]","args":[{"selector":{"controlType":"sap.m.GenericTile","properties":{"header":"Yard Overview"}},"wdio_ui5_key":"sapm.GenericTile{\"header\":\"Yard Overview\"}"}]}
RESULT: {"script":"<script> [1562 bytes]","args":[{"selector":{"controlType":"sap.m.GenericTile","properties":{"header":"Yard Overview"}},"wdio_ui5_key":"sapm.GenericTile{\"header\":\"Yard Overview\"}"}]}
RESULT: undefined
COMMAND: POST /session/ee531cdc785ab4bc1cc578c76376f65a/element - {"using":"xpath","value":"//*[@id=\"__tile102\"]"}
RESULT: {"using":"xpath","value":"//*[@id=\"__tile102\"]"}
COMMAND: POST /session/ee531cdc785ab4bc1cc578c76376f65a/element/f.8D9BC16EA7DE0C3AAF08971F02AA4182.d.30B4A7E1A6589E9A550A164FE7C956E9.e.5178/click - {}
RESULT: {}
COMMAND: GET /session/ee531cdc785ab4bc1cc578c76376f65a/screenshot - {}
RESULT: {}
COMMAND: POST /session/ee531cdc785ab4bc1cc578c76376f65a/elements - {"using":"xpath","value":"//span[text()='Error']"}
RESULT: {"using":"xpath","value":"//span[text()='Error']"}
COMMAND: POST /session/ee531cdc785ab4bc1cc578c76376f65a/element - {"using":"xpath","value":"//input[contains(@id,\"application-yardoverview-display-component---masterYardInventory--smartFilterBar-btnBasicSearch-I\")]"}
RESULT: {"using":"xpath","value":"//input[contains(@id,\"application-yardoverview-display-component---masterYardInventory--smartFilterBar-btnBasicSearch-I\")]"}
COMMAND: POST /session/ee531cdc785ab4bc1cc578c76376f65a/elements - {"using":"xpath","value":"//input[contains(@id,\"application-yardoverview-display-component---masterYardInventory--smartFilterBar-btnBasicSearch-I\")]"}
RESULT: {"using":"xpath","value":"//input[contains(@id,\"application-yardoverview-display-component---masterYardInventory--smartFilterBar-btnBasicSearch-I\")]"}
COMMAND: POST /session/ee531cdc785ab4bc1cc578c76376f65a/execute/sync - {"script":"<script> [8489 bytes]","args":[{"element-6066-11e4-a52e-4f735466cecf":"f.8D9BC16EA7DE0C3AAF08971F02AA4182.d.30B4A7E1A6589E9A550A164FE7C956E9.e.5200","ELEMENT":"f.8D9BC16EA7DE0C3AAF08971F02AA4182.d.30B4A7E1A6589E9A550A164FE7C956E9.e.5200"}]}
RESULT: {"script":"<script> [8489 bytes]","args":[{"element-6066-11e4-a52e-4f735466cecf":"f.8D9BC16EA7DE0C3AAF08971F02AA4182.d.30B4A7E1A6589E9A550A164FE7C956E9.e.5200","ELEMENT":"f.8D9BC16EA7DE0C3AAF08971F02AA4182.d.30B4A7E1A6589E9A550A164FE7C956E9.e.5200"}]}
COMMAND: GET /session/ee531cdc785ab4bc1cc578c76376f65a/element/f.8D9BC16EA7DE0C3AAF08971F02AA4182.d.30B4A7E1A6589E9A550A164FE7C956E9.e.5200/enabled - {}
COMMAND: GET /session/ee531cdc785ab4bc1cc578c76376f65a/screenshot - {}
RESULT: {}
COMMAND: POST /session/ee531cdc785ab4bc1cc578c76376f65a/execute/sync - {"script":"<script> [8489 bytes]","args":[{"element-6066-11e4-a52e-4f735466cecf":"f.8D9BC16EA7DE0C3AAF08971F02AA4182.d.30B4A7E1A6589E9A550A164FE7C956E9.e.5200","ELEMENT":"f.8D9BC16EA7DE0C3AAF08971F02AA4182.d.30B4A7E1A6589E9A550A164FE7C956E9.e.5200"}]}
COMMAND: GET /session/ee531cdc785ab4bc1cc578c76376f65a/screenshot - {}
RESULT: {}
RESULT: {"script":"<script> [8489 bytes]","args":[{"element-6066-11e4-a52e-4f735466cecf":"f.8D9BC16EA7DE0C3AAF08971F02AA4182.d.30B4A7E1A6589E9A550A164FE7C956E9.e.5200","ELEMENT":"f.8D9BC16EA7DE0C3AAF08971F02AA4182.d.30B4A7E1A6589E9A550A164FE7C956E9.e.5200"}]}
COMMAND: POST /session/ee531cdc785ab4bc1cc578c76376f65a/execute/sync - {"script":"<script> [5351 bytes]","args":[{"element-6066-11e4-a52e-4f735466cecf":"f.8D9BC16EA7DE0C3AAF08971F02AA4182.d.30B4A7E1A6589E9A550A164FE7C956E9.e.5200","ELEMENT":"f.8D9BC16EA7DE0C3AAF08971F02AA4182.d.30B4A7E1A6589E9A550A164FE7C956E9.e.5200"}]}
COMMAND: GET /session/ee531cdc785ab4bc1cc578c76376f65a/screenshot - {}
RESULT: {}
RESULT: {"script":"<script> [5351 bytes]","args":[{"element-6066-11e4-a52e-4f735466cecf":"f.8D9BC16EA7DE0C3AAF08971F02AA4182.d.30B4A7E1A6589E9A550A164FE7C956E9.e.5200","ELEMENT":"f.8D9BC16EA7DE0C3AAF08971F02AA4182.d.30B4A7E1A6589E9A550A164FE7C956E9.e.5200"}]}
COMMAND: GET /session/ee531cdc785ab4bc1cc578c76376f65a/screenshot - {}
RESULT: {}
RESULT: {}
COMMAND: POST /session/ee531cdc785ab4bc1cc578c76376f65a/execute/async - {"script":"<script> [1562 bytes]","args":[{"selector":{"id":"application-yardoverview-display-component---masterYardInventory--smartFilterBar-btnBasicSearch","interaction":{"idSuffix":"I"}},"wdio_ui5_key":"applicationyardoverview-display-component---masterYardInventory--smartFilterBar-btnBasicSearch"}]}
RESULT: {"script":"<script> [1562 bytes]","args":[{"selector":{"id":"application-yardoverview-display-component---masterYardInventory--smartFilterBar-btnBasicSearch","interaction":{"idSuffix":"I"}},"wdio_ui5_key":"applicationyardoverview-display-component---masterYardInventory--smartFilterBar-btnBasicSearch"}]}
RESULT: undefined
COMMAND: POST /session/ee531cdc785ab4bc1cc578c76376f65a/execute/async - {"script":"<script> [776 bytes]","args":[{"enterText":"634","selector":{"id":"application-yardoverview-display-component---masterYardInventory--smartFilterBar-btnBasicSearch","interaction":{"idSuffix":"I"}},"clearTextFirst":true,"interactionType":"ENTER_TEXT"}]}
RESULT: {"script":"<script> [776 bytes]","args":[{"enterText":"634","selector":{"id":"application-yardoverview-display-component---masterYardInventory--smartFilterBar-btnBasicSearch","interaction":{"idSuffix":"I"}},"clearTextFirst":true,"interactionType":"ENTER_TEXT"}]}
COMMAND: POST /session/ee531cdc785ab4bc1cc578c76376f65a/actions - {"actions":[{"id":"action15","type":"key","parameters":{},"actions":[{"type":"keyDown","value":""},{"type":"pause","duration":10},{"type":"keyUp","value":""}]}]}
RESULT: {"actions":[{"id":"action15","type":"key","parameters":{},"actions":[{"type":"keyDown","value":""},{"type":"pause","duration":10},{"type":"keyUp","value":""}]}]}
COMMAND: GET /session/ee531cdc785ab4bc1cc578c76376f65a/screenshot - {}
RESULT: {}
COMMAND: POST /session/ee531cdc785ab4bc1cc578c76376f65a/element - {"using":"xpath","value":"(//span[contains(@id, \"imgNav\")])[1]"}
RESULT: {"using":"xpath","value":"(//span[contains(@id, \"imgNav\")])[1]"}
COMMAND: POST /session/ee531cdc785ab4bc1cc578c76376f65a/element/f.8D9BC16EA7DE0C3AAF08971F02AA4182.d.30B4A7E1A6589E9A550A164FE7C956E9.e.5255/click - {}
RESULT: {}
COMMAND: GET /session/ee531cdc785ab4bc1cc578c76376f65a/screenshot - {}
RESULT: {}
COMMAND: POST /session/ee531cdc785ab4bc1cc578c76376f65a/execute/async - {"script":"<script> [1562 bytes]","args":[{"selector":{"id":"application-yardoverview-display-component---detailYardInventory--ObjectPageLayout-anchBar-application-yardoverview-display-component---detailYardInventory--openReturnsSection-anchor","interaction":{"idSuffix":"BDI-content"}},"wdio_ui5_key":"applicationyardoverview-display-component---detailYardInventory--ObjectPageLayout-anchBar-application-yardoverview-display-component---detailYardInventory--openReturnsSection-anchor"}]}
RESULT: {"script":"<script> [1562 bytes]","args":[{"selector":{"id":"application-yardoverview-display-component---detailYardInventory--ObjectPageLayout-anchBar-application-yardoverview-display-component---detailYardInventory--openReturnsSection-anchor","interaction":{"idSuffix":"BDI-content"}},"wdio_ui5_key":"applicationyardoverview-display-component---detailYardInventory--ObjectPageLayout-anchBar-application-yardoverview-display-component---detailYardInventory--openReturnsSection-anchor"}]}
RESULT: undefined
COMMAND: POST /session/ee531cdc785ab4bc1cc578c76376f65a/element - {"using":"xpath","value":"//*[@id=\"application-yardoverview-display-component---detailYardInventory--ObjectPageLayout-anchBar-application-yardoverview-display-component---detailYardInventory--openReturnsSection-anchor\"]"}
RESULT: {"using":"xpath","value":"//*[@id=\"application-yardoverview-display-component---detailYardInventory--ObjectPageLayout-anchBar-application-yardoverview-display-component---detailYardInventory--openReturnsSection-anchor\"]"}
COMMAND: POST /session/ee531cdc785ab4bc1cc578c76376f65a/element/f.8D9BC16EA7DE0C3AAF08971F02AA4182.d.30B4A7E1A6589E9A550A164FE7C956E9.e.5345/click - {}
RESULT: {}
COMMAND: GET /session/ee531cdc785ab4bc1cc578c76376f65a/screenshot - {}
RESULT: {}
COMMAND: POST /session/ee531cdc785ab4bc1cc578c76376f65a/execute/async - {"script":"<script> [1562 bytes]","args":[{"selector":{"id":"application-yardoverview-display-component---detailYardInventory--openReturns-triggerAction-returnBtn","interaction":{"idSuffix":"BDI-content"}},"wdio_ui5_key":"applicationyardoverview-display-component---detailYardInventory--openReturns-triggerAction-returnBtn"}]}
RESULT: {"script":"<script> [1562 bytes]","args":[{"selector":{"id":"application-yardoverview-display-component---detailYardInventory--openReturns-triggerAction-returnBtn","interaction":{"idSuffix":"BDI-content"}},"wdio_ui5_key":"applicationyardoverview-display-component---detailYardInventory--openReturns-triggerAction-returnBtn"}]}
RESULT: undefined
COMMAND: POST /session/ee531cdc785ab4bc1cc578c76376f65a/element - {"using":"xpath","value":"//*[@id=\"application-yardoverview-display-component---detailYardInventory--openReturns-triggerAction-returnBtn\"]"}
RESULT: {"using":"xpath","value":"//*[@id=\"application-yardoverview-display-component---detailYardInventory--openReturns-triggerAction-returnBtn\"]"}
COMMAND: POST /session/ee531cdc785ab4bc1cc578c76376f65a/element/f.8D9BC16EA7DE0C3AAF08971F02AA4182.d.30B4A7E1A6589E9A550A164FE7C956E9.e.5368/click - {}
RESULT: {}
COMMAND: GET /session/ee531cdc785ab4bc1cc578c76376f65a/screenshot - {}
RESULT: {}
COMMAND: POST /session/ee531cdc785ab4bc1cc578c76376f65a/element - {"using":"xpath","value":"//div[@id=\"application-yardoverview-display-component---detailYardInventory--customReturnsTable-sa-CbBg\"]"}
RESULT: {"using":"xpath","value":"//div[@id=\"application-yardoverview-display-component---detailYardInventory--customReturnsTable-sa-CbBg\"]"}
COMMAND: POST /session/ee531cdc785ab4bc1cc578c76376f65a/execute/sync - {"script":"<script> [8489 bytes]","args":[{"element-6066-11e4-a52e-4f735466cecf":"f.8D9BC16EA7DE0C3AAF08971F02AA4182.d.30B4A7E1A6589E9A550A164FE7C956E9.e.5386","ELEMENT":"f.8D9BC16EA7DE0C3AAF08971F02AA4182.d.30B4A7E1A6589E9A550A164FE7C956E9.e.5386"}]}
RESULT: {"script":"<script> [8489 bytes]","args":[{"element-6066-11e4-a52e-4f735466cecf":"f.8D9BC16EA7DE0C3AAF08971F02AA4182.d.30B4A7E1A6589E9A550A164FE7C956E9.e.5386","ELEMENT":"f.8D9BC16EA7DE0C3AAF08971F02AA4182.d.30B4A7E1A6589E9A550A164FE7C956E9.e.5386"}]}
COMMAND: POST /session/ee531cdc785ab4bc1cc578c76376f65a/execute/sync - {"script":"<script> [5351 bytes]","args":[{"element-6066-11e4-a52e-4f735466cecf":"f.8D9BC16EA7DE0C3AAF08971F02AA4182.d.30B4A7E1A6589E9A550A164FE7C956E9.e.5386","ELEMENT":"f.8D9BC16EA7DE0C3AAF08971F02AA4182.d.30B4A7E1A6589E9A550A164FE7C956E9.e.5386"}]}
COMMAND: GET /session/ee531cdc785ab4bc1cc578c76376f65a/screenshot - {}
RESULT: {"script":"<script> [5351 bytes]","args":[{"element-6066-11e4-a52e-4f735466cecf":"f.8D9BC16EA7DE0C3AAF08971F02AA4182.d.30B4A7E1A6589E9A550A164FE7C956E9.e.5386","ELEMENT":"f.8D9BC16EA7DE0C3AAF08971F02AA4182.d.30B4A7E1A6589E9A550A164FE7C956E9.e.5386"}]}
COMMAND: POST /session/ee531cdc785ab4bc1cc578c76376f65a/element/f.8D9BC16EA7DE0C3AAF08971F02AA4182.d.30B4A7E1A6589E9A550A164FE7C956E9.e.5386/click - {}
COMMAND: GET /session/ee531cdc785ab4bc1cc578c76376f65a/screenshot - {}
RESULT: {}
RESULT: {}
COMMAND: GET /session/ee531cdc785ab4bc1cc578c76376f65a/screenshot - {}
RESULT: {}
RESULT: {}
COMMAND: POST /session/ee531cdc785ab4bc1cc578c76376f65a/actions - {"actions":[{"id":"action16","type":"key","parameters":{},"actions":[{"type":"keyDown","value":""},{"type":"pause","duration":10},{"type":"keyUp","value":""}]}]}
RESULT: {"actions":[{"id":"action16","type":"key","parameters":{},"actions":[{"type":"keyDown","value":""},{"type":"pause","duration":10},{"type":"keyUp","value":""}]}]}
COMMAND: POST /session/ee531cdc785ab4bc1cc578c76376f65a/element - {"using":"xpath","value":"//bdi[text()=\"Return\"]"}
COMMAND: GET /session/ee531cdc785ab4bc1cc578c76376f65a/screenshot - {}
RESULT: {"using":"xpath","value":"//bdi[text()=\"Return\"]"}
COMMAND: POST /session/ee531cdc785ab4bc1cc578c76376f65a/execute/sync - {"script":"<script> [8489 bytes]","args":[{"element-6066-11e4-a52e-4f735466cecf":"f.8D9BC16EA7DE0C3AAF08971F02AA4182.d.30B4A7E1A6589E9A550A164FE7C956E9.e.5367","ELEMENT":"f.8D9BC16EA7DE0C3AAF08971F02AA4182.d.30B4A7E1A6589E9A550A164FE7C956E9.e.5367"}]}
RESULT: {}
RESULT: {"script":"<script> [8489 bytes]","args":[{"element-6066-11e4-a52e-4f735466cecf":"f.8D9BC16EA7DE0C3AAF08971F02AA4182.d.30B4A7E1A6589E9A550A164FE7C956E9.e.5367","ELEMENT":"f.8D9BC16EA7DE0C3AAF08971F02AA4182.d.30B4A7E1A6589E9A550A164FE7C956E9.e.5367"}]}
COMMAND: POST /session/ee531cdc785ab4bc1cc578c76376f65a/execute/sync - {"script":"<script> [5351 bytes]","args":[{"element-6066-11e4-a52e-4f735466cecf":"f.8D9BC16EA7DE0C3AAF08971F02AA4182.d.30B4A7E1A6589E9A550A164FE7C956E9.e.5367","ELEMENT":"f.8D9BC16EA7DE0C3AAF08971F02AA4182.d.30B4A7E1A6589E9A550A164FE7C956E9.e.5367"}]}
COMMAND: GET /session/ee531cdc785ab4bc1cc578c76376f65a/screenshot - {}
RESULT: {"script":"<script> [5351 bytes]","args":[{"element-6066-11e4-a52e-4f735466cecf":"f.8D9BC16EA7DE0C3AAF08971F02AA4182.d.30B4A7E1A6589E9A550A164FE7C956E9.e.5367","ELEMENT":"f.8D9BC16EA7DE0C3AAF08971F02AA4182.d.30B4A7E1A6589E9A550A164FE7C956E9.e.5367"}]}
COMMAND: POST /session/ee531cdc785ab4bc1cc578c76376f65a/element/f.8D9BC16EA7DE0C3AAF08971F02AA4182.d.30B4A7E1A6589E9A550A164FE7C956E9.e.5367/click - {}
COMMAND: GET /session/ee531cdc785ab4bc1cc578c76376f65a/screenshot - {}
RESULT: {}
RESULT: {}
COMMAND: POST /session/ee531cdc785ab4bc1cc578c76376f65a/execute/async - {"script":"<script> [1562 bytes]","args":[{"selector":{"controlType":"sap.m.Text","properties":{"text":"Mass Create Handovers process was executed with success!"},"searchOpenDialogs":true},"wdio_ui5_key":"sapm.Text{\"text\":\"Mass Create Handovers process was executed with success!\"}"}]}
COMMAND: GET /session/ee531cdc785ab4bc1cc578c76376f65a/screenshot - {}
RESULT: {}
RESULT: {"script":"<script> [1562 bytes]","args":[{"selector":{"controlType":"sap.m.Text","properties":{"text":"Mass Create Handovers process was executed with success!"},"searchOpenDialogs":true},"wdio_ui5_key":"sapm.Text{\"text\":\"Mass Create Handovers process was executed with success!\"}"}]}
RESULT: undefined
COMMAND: POST /session/ee531cdc785ab4bc1cc578c76376f65a/execute/async - {"script":"<script> [6424 bytes]","args":[{"element-6066-11e4-a52e-4f735466cecf":"f.8D9BC16EA7DE0C3AAF08971F02AA4182.d.30B4A7E1A6589E9A550A164FE7C956E9.e.5389"},"getText",[]]}
RESULT: {}
RESULT: {"script":"<script> [6424 bytes]","args":[{"element-6066-11e4-a52e-4f735466cecf":"f.8D9BC16EA7DE0C3AAF08971F02AA4182.d.30B4A7E1A6589E9A550A164FE7C956E9.e.5389"},"getText",[]]}
COMMAND: POST /session/ee531cdc785ab4bc1cc578c76376f65a/execute/async - {"script":"<script> [1562 bytes]","args":[{"selector":{"controlType":"sap.m.Button","properties":{"text":"OK"},"searchOpenDialogs":true,"interaction":{"idSuffix":"BDI-content"}},"wdio_ui5_key":"sapm.Button{\"text\":\"OK\"}"}]}
RESULT: {"script":"<script> [1562 bytes]","args":[{"selector":{"controlType":"sap.m.Button","properties":{"text":"OK"},"searchOpenDialogs":true,"interaction":{"idSuffix":"BDI-content"}},"wdio_ui5_key":"sapm.Button{\"text\":\"OK\"}"}]}
RESULT: undefined
COMMAND: POST /session/ee531cdc785ab4bc1cc578c76376f65a/element - {"using":"xpath","value":"//*[@id=\"__mbox-btn-8\"]"}
RESULT: {"using":"xpath","value":"//*[@id=\"__mbox-btn-8\"]"}
COMMAND: POST /session/ee531cdc785ab4bc1cc578c76376f65a/element/f.8D9BC16EA7DE0C3AAF08971F02AA4182.d.30B4A7E1A6589E9A550A164FE7C956E9.e.5388/click - {}
RESULT: {}
COMMAND: GET /session/ee531cdc785ab4bc1cc578c76376f65a/screenshot - {}
RESULT: {}
COMMAND: POST /session/ee531cdc785ab4bc1cc578c76376f65a/execute/async - {"script":"<script> [1562 bytes]","args":[{"selector":{"controlType":"sap.m.Text","viewName":"etm.portal.ui.yardoverview.view.Detail","viewId":"application-yardoverview-display-component---detailYardInventory","bindingPath":{"path":"","propertyPath":"STATUS_DESC"}},"wdio_ui5_key":"etmportal.ui.yardoverview.view.Detailsap.m.Text{\"path\":\"\",\"propertyPath\":\"STATUS_DESC\"}"}]}
RESULT: {"script":"<script> [1562 bytes]","args":[{"selector":{"controlType":"sap.m.Text","viewName":"etm.portal.ui.yardoverview.view.Detail","viewId":"application-yardoverview-display-component---detailYardInventory","bindingPath":{"path":"","propertyPath":"STATUS_DESC"}},"wdio_ui5_key":"etmportal.ui.yardoverview.view.Detailsap.m.Text{\"path\":\"\",\"propertyPath\":\"STATUS_DESC\"}"}]}
RESULT: undefined
COMMAND: POST /session/ee531cdc785ab4bc1cc578c76376f65a/execute/async - {"script":"<script> [6424 bytes]","args":[{"element-6066-11e4-a52e-4f735466cecf":"f.8D9BC16EA7DE0C3AAF08971F02AA4182.d.30B4A7E1A6589E9A550A164FE7C956E9.e.5391"},"getText",[]]}
RESULT: {"script":"<script> [6424 bytes]","args":[{"element-6066-11e4-a52e-4f735466cecf":"f.8D9BC16EA7DE0C3AAF08971F02AA4182.d.30B4A7E1A6589E9A550A164FE7C956E9.e.5391"},"getText",[]]}
COMMAND: POST /session/ee531cdc785ab4bc1cc578c76376f65a/element - {"using":"css selector","value":"#shell-header-logo"}
RESULT: {"using":"css selector","value":"#shell-header-logo"}
COMMAND: POST /session/ee531cdc785ab4bc1cc578c76376f65a/element/f.8D9BC16EA7DE0C3AAF08971F02AA4182.d.30B4A7E1A6589E9A550A164FE7C956E9.e.5181/click - {}
RESULT: {}
COMMAND: GET /session/ee531cdc785ab4bc1cc578c76376f65a/screenshot - {}
RESULT: {}
COMMAND: POST /session/ee531cdc785ab4bc1cc578c76376f65a/element - {"using":"css selector","value":"#j_username"}
COMMAND: POST /session/ee531cdc785ab4bc1cc578c76376f65a/url - {"url":"https://qa-testing-00-live-etm-ui.cfapps.eu10-004.hana.ondemand.com/"}
RESULT: {"using":"css selector","value":"#j_username"}
COMMAND: POST /session/ee531cdc785ab4bc1cc578c76376f65a/element - {"using":"css selector","value":"#j_username"}
RESULT: {"url":"https://qa-testing-00-live-etm-ui.cfapps.eu10-004.hana.ondemand.com/"}
RESULT: undefined
COMMAND: GET /session/ee531cdc785ab4bc1cc578c76376f65a/screenshot - {}
RESULT: {"using":"css selector","value":"#j_username"}
COMMAND: POST /session/ee531cdc785ab4bc1cc578c76376f65a/element - {"using":"css selector","value":"#shell-header-logo"}
RESULT: {}
RESULT: {"using":"css selector","value":"#shell-header-logo"}
COMMAND: POST /session/ee531cdc785ab4bc1cc578c76376f65a/execute/sync - {"script":"<script> [8489 bytes]","args":[{"element-6066-11e4-a52e-4f735466cecf":"f.8D9BC16EA7DE0C3AAF08971F02AA4182.d.D53151514511ADCBE5958BE29745FEC0.e.5407","ELEMENT":"f.8D9BC16EA7DE0C3AAF08971F02AA4182.d.D53151514511ADCBE5958BE29745FEC0.e.5407"}]}
RESULT: {"script":"<script> [8489 bytes]","args":[{"element-6066-11e4-a52e-4f735466cecf":"f.8D9BC16EA7DE0C3AAF08971F02AA4182.d.D53151514511ADCBE5958BE29745FEC0.e.5407","ELEMENT":"f.8D9BC16EA7DE0C3AAF08971F02AA4182.d.D53151514511ADCBE5958BE29745FEC0.e.5407"}]}
COMMAND: POST /session/ee531cdc785ab4bc1cc578c76376f65a/element - {"using":"css selector","value":"#shell-header-logo"}
COMMAND: GET /session/ee531cdc785ab4bc1cc578c76376f65a/screenshot - {}
RESULT: {}
RESULT: {"using":"css selector","value":"#shell-header-logo"}
COMMAND: POST /session/ee531cdc785ab4bc1cc578c76376f65a/execute/sync - {"script":"<script> [8489 bytes]","args":[{"element-6066-11e4-a52e-4f735466cecf":"f.8D9BC16EA7DE0C3AAF08971F02AA4182.d.D53151514511ADCBE5958BE29745FEC0.e.5407","ELEMENT":"f.8D9BC16EA7DE0C3AAF08971F02AA4182.d.D53151514511ADCBE5958BE29745FEC0.e.5407"}]}
RESULT: {"script":"<script> [8489 bytes]","args":[{"element-6066-11e4-a52e-4f735466cecf":"f.8D9BC16EA7DE0C3AAF08971F02AA4182.d.D53151514511ADCBE5958BE29745FEC0.e.5407","ELEMENT":"f.8D9BC16EA7DE0C3AAF08971F02AA4182.d.D53151514511ADCBE5958BE29745FEC0.e.5407"}]}
COMMAND: POST /session/ee531cdc785ab4bc1cc578c76376f65a/execute/sync - {"script":"<script> [5351 bytes]","args":[{"element-6066-11e4-a52e-4f735466cecf":"f.8D9BC16EA7DE0C3AAF08971F02AA4182.d.D53151514511ADCBE5958BE29745FEC0.e.5407","ELEMENT":"f.8D9BC16EA7DE0C3AAF08971F02AA4182.d.D53151514511ADCBE5958BE29745FEC0.e.5407"}]}
COMMAND: GET /session/ee531cdc785ab4bc1cc578c76376f65a/screenshot - {}
RESULT: {"script":"<script> [5351 bytes]","args":[{"element-6066-11e4-a52e-4f735466cecf":"f.8D9BC16EA7DE0C3AAF08971F02AA4182.d.D53151514511ADCBE5958BE29745FEC0.e.5407","ELEMENT":"f.8D9BC16EA7DE0C3AAF08971F02AA4182.d.D53151514511ADCBE5958BE29745FEC0.e.5407"}]}
COMMAND: POST /session/ee531cdc785ab4bc1cc578c76376f65a/element - {"using":"css selector","value":"#shell-header-logo"}
COMMAND: GET /session/ee531cdc785ab4bc1cc578c76376f65a/screenshot - {}
RESULT: {}
RESULT: {"using":"css selector","value":"#shell-header-logo"}
COMMAND: POST /session/ee531cdc785ab4bc1cc578c76376f65a/element/f.8D9BC16EA7DE0C3AAF08971F02AA4182.d.D53151514511ADCBE5958BE29745FEC0.e.5407/click - {}
RESULT: {}
RESULT: {}
COMMAND: GET /session/ee531cdc785ab4bc1cc578c76376f65a/screenshot - {}
RESULT: {}
COMMAND: POST /session/ee531cdc785ab4bc1cc578c76376f65a/execute/async - {"script":"<script> [189 bytes]","args":[]}
RESULT: {"script":"<script> [189 bytes]","args":[]}
COMMAND: POST /session/ee531cdc785ab4bc1cc578c76376f65a/execute/async - {"script":"<script> [123 bytes]","args":[]}
RESULT: {"script":"<script> [123 bytes]","args":[]}
COMMAND: POST /session/ee531cdc785ab4bc1cc578c76376f65a/timeouts - {"script":"<number>"}
RESULT: {"script":"<number>"}
COMMAND: GET /session/ee531cdc785ab4bc1cc578c76376f65a/timeouts - {}
RESULT: {}
RESULT: undefined
COMMAND: POST /session/ee531cdc785ab4bc1cc578c76376f65a/execute/async - {"script":"<script> [2676 bytes]","args":[]}
RESULT: {"script":"<script> [2676 bytes]","args":[]}
COMMAND: POST /session/ee531cdc785ab4bc1cc578c76376f65a/execute/async - {"script":"<script> [2342 bytes]","args":[{"protocol":"http","hostname":"0.0.0.0","path":"/","capabilities":{"browserName":"chrome","goog:chromeOptions":{"binary":"C:\\Program Files\\Google\\Chrome\\Application\\chrome.exe","args":["--start-maximized"]}},"logLevel":"warn","connectionRetryTimeout":120000,"connectionRetryCount":3,"logLevels":{},"enableDirectConnect":true,"strictSSL":true,"_":"65 more keys: [\"cacheDir\",\"port\",\"requestedCapabilities\",\"automationProtocol\",\"baseUrl\",\"waitforInterval\",\"waitforTimeout\",\"onReload\",\"beforeCommand\",\"afterCommand\",\"rootDir\",\"specs\",\"suites\",\"exclude\",\"groupLogsByTestSpec\",\"excludeDriverLogs\",\"bail\",\"framework\",\"reporters\",\"services\",\"maxInstances\",\"maxInstancesPerCapability\",\"injectGlobals\",\"filesToWatch\",\"execArgv\",\"runnerEnv\",\"runner\",\"shard\",\"specFileRetries\",\"specFileRetriesDelay\",\"specFileRetriesDeferred\",\"reporterSyncInterval\",\"reporterSyncTimeout\",\"cucumberFeaturesWithLineNumbers\",\"autoCompileOpts\",\"mochaOpts\",\"jasmineOpts\",\"cucumberOpts\",\"onPrepare\",\"onWorkerStart\",\"onWorkerEnd\",\"before\",\"beforeSession\",\"beforeSuite\",\"beforeHook\",\"beforeTest\",\"afterTest\",\"afterHook\",\"afterSuite\",\"afterSession\",\"after\",\"onComplete\",\"beforeAssertion\",\"afterAssertion\",\"beforeFeature\",\"beforeScenario\",\"beforeStep\",\"afterStep\",\"afterScenario\",\"afterFeature\",\"_\",\"suite\",\"$0\",\"ignoredWorkerServices\",\"wdi5\"]"}]}
RESULT: {"script":"<script> [2342 bytes]","args":[{"protocol":"http","hostname":"0.0.0.0","path":"/","capabilities":{"browserName":"chrome","goog:chromeOptions":{"binary":"C:\\Program Files\\Google\\Chrome\\Application\\chrome.exe","args":["--start-maximized"]}},"logLevel":"warn","connectionRetryTimeout":120000,"connectionRetryCount":3,"logLevels":{},"enableDirectConnect":true,"strictSSL":true,"_":"65 more keys: [\"cacheDir\",\"port\",\"requestedCapabilities\",\"automationProtocol\",\"baseUrl\",\"waitforInterval\",\"waitforTimeout\",\"onReload\",\"beforeCommand\",\"afterCommand\",\"rootDir\",\"specs\",\"suites\",\"exclude\",\"groupLogsByTestSpec\",\"excludeDriverLogs\",\"bail\",\"framework\",\"reporters\",\"services\",\"maxInstances\",\"maxInstancesPerCapability\",\"injectGlobals\",\"filesToWatch\",\"execArgv\",\"runnerEnv\",\"runner\",\"shard\",\"specFileRetries\",\"specFileRetriesDelay\",\"specFileRetriesDeferred\",\"reporterSyncInterval\",\"reporterSyncTimeout\",\"cucumberFeaturesWithLineNumbers\",\"autoCompileOpts\",\"mochaOpts\",\"jasmineOpts\",\"cucumberOpts\",\"onPrepare\",\"onWorkerStart\",\"onWorkerEnd\",\"before\",\"beforeSession\",\"beforeSuite\",\"beforeHook\",\"beforeTest\",\"afterTest\",\"afterHook\",\"afterSuite\",\"afterSession\",\"after\",\"onComplete\",\"beforeAssertion\",\"afterAssertion\",\"beforeFeature\",\"beforeScenario\",\"beforeStep\",\"afterStep\",\"afterScenario\",\"afterFeature\",\"_\",\"suite\",\"$0\",\"ignoredWorkerServices\",\"wdi5\"]"}]}
COMMAND: POST /session/ee531cdc785ab4bc1cc578c76376f65a/execute/async - {"script":"<script> [21126 bytes]","args":[35000]}
RESULT: {"script":"<script> [21126 bytes]","args":[35000]}
COMMAND: POST /session/ee531cdc785ab4bc1cc578c76376f65a/window/maximize - {}
RESULT: {}
COMMAND: POST /session/ee531cdc785ab4bc1cc578c76376f65a/execute/async - {"script":"<script> [1562 bytes]","args":[{"selector":{"id":"shell-header","interaction":{"idSuffix":"icon"}},"wdio_ui5_key":"shellheader"}]}
COMMAND: GET /session/ee531cdc785ab4bc1cc578c76376f65a/screenshot - {}
RESULT: {"script":"<script> [1562 bytes]","args":[{"selector":{"id":"shell-header","interaction":{"idSuffix":"icon"}},"wdio_ui5_key":"shellheader"}]}
RESULT: undefined
COMMAND: POST /session/ee531cdc785ab4bc1cc578c76376f65a/refresh - {}
RESULT: {}
RESULT: {}
COMMAND: GET /session/ee531cdc785ab4bc1cc578c76376f65a/screenshot - {}
RESULT: {}
COMMAND: POST /session/ee531cdc785ab4bc1cc578c76376f65a/refresh - {}
RESULT: {}
COMMAND: GET /session/ee531cdc785ab4bc1cc578c76376f65a/screenshot - {}
RESULT: {}
COMMAND: POST /session/ee531cdc785ab4bc1cc578c76376f65a/window/fullscreen - {}
RESULT: {}
COMMAND: POST /session/ee531cdc785ab4bc1cc578c76376f65a/execute/async - {"script":"<script> [189 bytes]","args":[]}
RESULT: {"script":"<script> [189 bytes]","args":[]}
COMMAND: POST /session/ee531cdc785ab4bc1cc578c76376f65a/execute/async - {"script":"<script> [123 bytes]","args":[]}
RESULT: {"script":"<script> [123 bytes]","args":[]}
COMMAND: POST /session/ee531cdc785ab4bc1cc578c76376f65a/timeouts - {"script":"<number>"}
RESULT: {"script":"<number>"}
COMMAND: GET /session/ee531cdc785ab4bc1cc578c76376f65a/timeouts - {}
RESULT: {}
RESULT: undefined
COMMAND: POST /session/ee531cdc785ab4bc1cc578c76376f65a/execute/async - {"script":"<script> [2676 bytes]","args":[]}
RESULT: {"script":"<script> [2676 bytes]","args":[]}
COMMAND: POST /session/ee531cdc785ab4bc1cc578c76376f65a/execute/async - {"script":"<script> [2342 bytes]","args":[{"protocol":"http","hostname":"0.0.0.0","path":"/","capabilities":{"browserName":"chrome","goog:chromeOptions":{"binary":"C:\\Program Files\\Google\\Chrome\\Application\\chrome.exe","args":["--start-maximized"]}},"logLevel":"warn","connectionRetryTimeout":120000,"connectionRetryCount":3,"logLevels":{},"enableDirectConnect":true,"strictSSL":true,"_":"65 more keys: [\"cacheDir\",\"port\",\"requestedCapabilities\",\"automationProtocol\",\"baseUrl\",\"waitforInterval\",\"waitforTimeout\",\"onReload\",\"beforeCommand\",\"afterCommand\",\"rootDir\",\"specs\",\"suites\",\"exclude\",\"groupLogsByTestSpec\",\"excludeDriverLogs\",\"bail\",\"framework\",\"reporters\",\"services\",\"maxInstances\",\"maxInstancesPerCapability\",\"injectGlobals\",\"filesToWatch\",\"execArgv\",\"runnerEnv\",\"runner\",\"shard\",\"specFileRetries\",\"specFileRetriesDelay\",\"specFileRetriesDeferred\",\"reporterSyncInterval\",\"reporterSyncTimeout\",\"cucumberFeaturesWithLineNumbers\",\"autoCompileOpts\",\"mochaOpts\",\"jasmineOpts\",\"cucumberOpts\",\"onPrepare\",\"onWorkerStart\",\"onWorkerEnd\",\"before\",\"beforeSession\",\"beforeSuite\",\"beforeHook\",\"beforeTest\",\"afterTest\",\"afterHook\",\"afterSuite\",\"afterSession\",\"after\",\"onComplete\",\"beforeAssertion\",\"afterAssertion\",\"beforeFeature\",\"beforeScenario\",\"beforeStep\",\"afterStep\",\"afterScenario\",\"afterFeature\",\"_\",\"suite\",\"$0\",\"ignoredWorkerServices\",\"wdi5\"]"}]}
RESULT: {"script":"<script> [2342 bytes]","args":[{"protocol":"http","hostname":"0.0.0.0","path":"/","capabilities":{"browserName":"chrome","goog:chromeOptions":{"binary":"C:\\Program Files\\Google\\Chrome\\Application\\chrome.exe","args":["--start-maximized"]}},"logLevel":"warn","connectionRetryTimeout":120000,"connectionRetryCount":3,"logLevels":{},"enableDirectConnect":true,"strictSSL":true,"_":"65 more keys: [\"cacheDir\",\"port\",\"requestedCapabilities\",\"automationProtocol\",\"baseUrl\",\"waitforInterval\",\"waitforTimeout\",\"onReload\",\"beforeCommand\",\"afterCommand\",\"rootDir\",\"specs\",\"suites\",\"exclude\",\"groupLogsByTestSpec\",\"excludeDriverLogs\",\"bail\",\"framework\",\"reporters\",\"services\",\"maxInstances\",\"maxInstancesPerCapability\",\"injectGlobals\",\"filesToWatch\",\"execArgv\",\"runnerEnv\",\"runner\",\"shard\",\"specFileRetries\",\"specFileRetriesDelay\",\"specFileRetriesDeferred\",\"reporterSyncInterval\",\"reporterSyncTimeout\",\"cucumberFeaturesWithLineNumbers\",\"autoCompileOpts\",\"mochaOpts\",\"jasmineOpts\",\"cucumberOpts\",\"onPrepare\",\"onWorkerStart\",\"onWorkerEnd\",\"before\",\"beforeSession\",\"beforeSuite\",\"beforeHook\",\"beforeTest\",\"afterTest\",\"afterHook\",\"afterSuite\",\"afterSession\",\"after\",\"onComplete\",\"beforeAssertion\",\"afterAssertion\",\"beforeFeature\",\"beforeScenario\",\"beforeStep\",\"afterStep\",\"afterScenario\",\"afterFeature\",\"_\",\"suite\",\"$0\",\"ignoredWorkerServices\",\"wdi5\"]"}]}
COMMAND: POST /session/ee531cdc785ab4bc1cc578c76376f65a/execute/async - {"script":"<script> [21126 bytes]","args":[35000]}
RESULT: {"script":"<script> [21126 bytes]","args":[35000]}
COMMAND: POST /session/ee531cdc785ab4bc1cc578c76376f65a/window/fullscreen - {}
RESULT: {}
]]></system-out>
    </testcase>
  </testsuite>
  <testsuite timestamp="2025-05-21T16:51:29" time="406.221" tests="6" failures="0" errors="0" skipped="0">
    <properties>
      <property name="specId" value="0"/>
      <property name="suiteName" value="Yard Overview Autoplanning US130989"/>
      <property name="capabilities" value="chrome.136_0_7103_93.windows"/>
      <property name="file" value="file:///D:/a/1/s/test/specs/HTR/yard-overview-autoplanning.spec.js"/>
    </properties>
    <testcase classname="chrome.136_0_7103_93.windows.Yard_Overview_Autoplanning_US130989" name="Prereq Should create a new yard used for all following tests" time="0.015">
      <system-out><![CDATA[
COMMAND: POST /session/ee531cdc785ab4bc1cc578c76376f65a/window/fullscreen - {}
RESULT: {}
]]></system-out>
    </testcase>
    <testcase classname="chrome.136_0_7103_93.windows.Yard_Overview_Autoplanning_US130989" name="Prereq Should create a new partner" time="0.004"/>
    <testcase classname="chrome.136_0_7103_93.windows.Yard_Overview_Autoplanning_US130989" name="Prereq Should create a new site" time="0.005"/>
    <testcase classname="chrome.136_0_7103_93.windows.Yard_Overview_Autoplanning_US130989" name="Prereq Should create a new material with catalog selection" time="117.494">
      <system-out><![CDATA[
COMMAND: POST /session/ee531cdc785ab4bc1cc578c76376f65a/execute/async - {"script":"<script> [1562 bytes]","args":[{"selector":{"controlType":"sap.m.GenericTile","properties":{"header":"Manage Resources"}},"wdio_ui5_key":"sapm.GenericTile{\"header\":\"Manage Resources\"}"}]}
RESULT: {"script":"<script> [1562 bytes]","args":[{"selector":{"controlType":"sap.m.GenericTile","properties":{"header":"Manage Resources"}},"wdio_ui5_key":"sapm.GenericTile{\"header\":\"Manage Resources\"}"}]}
RESULT: undefined
COMMAND: POST /session/ee531cdc785ab4bc1cc578c76376f65a/element - {"using":"xpath","value":"//*[@id=\"__tile39\"]"}
RESULT: {"using":"xpath","value":"//*[@id=\"__tile39\"]"}
COMMAND: POST /session/ee531cdc785ab4bc1cc578c76376f65a/element/f.8D9BC16EA7DE0C3AAF08971F02AA4182.d.CA897A499BF89D0D29E8CDD1C185B376.e.5560/click - {}
RESULT: {}
COMMAND: GET /session/ee531cdc785ab4bc1cc578c76376f65a/screenshot - {}
RESULT: {}
COMMAND: POST /session/ee531cdc785ab4bc1cc578c76376f65a/elements - {"using":"xpath","value":"//span[text()='Error']"}
RESULT: {"using":"xpath","value":"//span[text()='Error']"}
COMMAND: POST /session/ee531cdc785ab4bc1cc578c76376f65a/element - {"using":"xpath","value":"//button[@data-kt=\"addNewRUOverflowToolbarButton\"]"}
RESULT: {"using":"xpath","value":"//button[@data-kt=\"addNewRUOverflowToolbarButton\"]"}
COMMAND: POST /session/ee531cdc785ab4bc1cc578c76376f65a/elements - {"using":"xpath","value":"//button[@data-kt=\"addNewRUOverflowToolbarButton\"]"}
RESULT: {"using":"xpath","value":"//button[@data-kt=\"addNewRUOverflowToolbarButton\"]"}
COMMAND: POST /session/ee531cdc785ab4bc1cc578c76376f65a/execute/sync - {"script":"<script> [8489 bytes]","args":[{"element-6066-11e4-a52e-4f735466cecf":"f.8D9BC16EA7DE0C3AAF08971F02AA4182.d.CA897A499BF89D0D29E8CDD1C185B376.e.5695","ELEMENT":"f.8D9BC16EA7DE0C3AAF08971F02AA4182.d.CA897A499BF89D0D29E8CDD1C185B376.e.5695"}]}
RESULT: {"script":"<script> [8489 bytes]","args":[{"element-6066-11e4-a52e-4f735466cecf":"f.8D9BC16EA7DE0C3AAF08971F02AA4182.d.CA897A499BF89D0D29E8CDD1C185B376.e.5695","ELEMENT":"f.8D9BC16EA7DE0C3AAF08971F02AA4182.d.CA897A499BF89D0D29E8CDD1C185B376.e.5695"}]}
COMMAND: GET /session/ee531cdc785ab4bc1cc578c76376f65a/element/f.8D9BC16EA7DE0C3AAF08971F02AA4182.d.CA897A499BF89D0D29E8CDD1C185B376.e.5695/enabled - {}
COMMAND: GET /session/ee531cdc785ab4bc1cc578c76376f65a/screenshot - {}
RESULT: {}
COMMAND: POST /session/ee531cdc785ab4bc1cc578c76376f65a/execute/sync - {"script":"<script> [8489 bytes]","args":[{"element-6066-11e4-a52e-4f735466cecf":"f.8D9BC16EA7DE0C3AAF08971F02AA4182.d.CA897A499BF89D0D29E8CDD1C185B376.e.5695","ELEMENT":"f.8D9BC16EA7DE0C3AAF08971F02AA4182.d.CA897A499BF89D0D29E8CDD1C185B376.e.5695"}]}
COMMAND: GET /session/ee531cdc785ab4bc1cc578c76376f65a/screenshot - {}
RESULT: {}
RESULT: {"script":"<script> [8489 bytes]","args":[{"element-6066-11e4-a52e-4f735466cecf":"f.8D9BC16EA7DE0C3AAF08971F02AA4182.d.CA897A499BF89D0D29E8CDD1C185B376.e.5695","ELEMENT":"f.8D9BC16EA7DE0C3AAF08971F02AA4182.d.CA897A499BF89D0D29E8CDD1C185B376.e.5695"}]}
COMMAND: POST /session/ee531cdc785ab4bc1cc578c76376f65a/execute/sync - {"script":"<script> [5351 bytes]","args":[{"element-6066-11e4-a52e-4f735466cecf":"f.8D9BC16EA7DE0C3AAF08971F02AA4182.d.CA897A499BF89D0D29E8CDD1C185B376.e.5695","ELEMENT":"f.8D9BC16EA7DE0C3AAF08971F02AA4182.d.CA897A499BF89D0D29E8CDD1C185B376.e.5695"}]}
COMMAND: GET /session/ee531cdc785ab4bc1cc578c76376f65a/screenshot - {}
RESULT: {}
RESULT: {"script":"<script> [5351 bytes]","args":[{"element-6066-11e4-a52e-4f735466cecf":"f.8D9BC16EA7DE0C3AAF08971F02AA4182.d.CA897A499BF89D0D29E8CDD1C185B376.e.5695","ELEMENT":"f.8D9BC16EA7DE0C3AAF08971F02AA4182.d.CA897A499BF89D0D29E8CDD1C185B376.e.5695"}]}
COMMAND: POST /session/ee531cdc785ab4bc1cc578c76376f65a/element/f.8D9BC16EA7DE0C3AAF08971F02AA4182.d.CA897A499BF89D0D29E8CDD1C185B376.e.5695/click - {}
COMMAND: GET /session/ee531cdc785ab4bc1cc578c76376f65a/screenshot - {}
RESULT: {}
RESULT: {}
COMMAND: GET /session/ee531cdc785ab4bc1cc578c76376f65a/screenshot - {}
RESULT: {}
COMMAND: POST /session/ee531cdc785ab4bc1cc578c76376f65a/execute/async - {"script":"<script> [1562 bytes]","args":[{"selector":{"id":"application-manageresources-display-component---newResourceUnit--TYPE-arrow"},"wdio_ui5_key":"applicationmanageresources-display-component---newResourceUnit--TYPE-arrow"}]}
RESULT: {}
RESULT: {"script":"<script> [1562 bytes]","args":[{"selector":{"id":"application-manageresources-display-component---newResourceUnit--TYPE-arrow"},"wdio_ui5_key":"applicationmanageresources-display-component---newResourceUnit--TYPE-arrow"}]}
RESULT: undefined
COMMAND: POST /session/ee531cdc785ab4bc1cc578c76376f65a/element - {"using":"xpath","value":"//*[@id=\"application-manageresources-display-component---newResourceUnit--TYPE-arrow\"]"}
RESULT: {"using":"xpath","value":"//*[@id=\"application-manageresources-display-component---newResourceUnit--TYPE-arrow\"]"}
COMMAND: POST /session/ee531cdc785ab4bc1cc578c76376f65a/element/f.8D9BC16EA7DE0C3AAF08971F02AA4182.d.CA897A499BF89D0D29E8CDD1C185B376.e.6055/click - {}
RESULT: {}
COMMAND: POST /session/ee531cdc785ab4bc1cc578c76376f65a/element - {"using":"xpath","value":"//input[@id=\"application-manageresources-display-component---newResourceUnit--TYPE-inner\"]"}
COMMAND: GET /session/ee531cdc785ab4bc1cc578c76376f65a/screenshot - {}
RESULT: {"using":"xpath","value":"//input[@id=\"application-manageresources-display-component---newResourceUnit--TYPE-inner\"]"}
COMMAND: POST /session/ee531cdc785ab4bc1cc578c76376f65a/element/f.8D9BC16EA7DE0C3AAF08971F02AA4182.d.CA897A499BF89D0D29E8CDD1C185B376.e.6051/clear - {}
RESULT: {}
RESULT: {}
COMMAND: POST /session/ee531cdc785ab4bc1cc578c76376f65a/element/f.8D9BC16EA7DE0C3AAF08971F02AA4182.d.CA897A499BF89D0D29E8CDD1C185B376.e.6051/value - {"text":"Material"}
COMMAND: GET /session/ee531cdc785ab4bc1cc578c76376f65a/screenshot - {}
RESULT: {"text":"Material"}
COMMAND: GET /session/ee531cdc785ab4bc1cc578c76376f65a/screenshot - {}
RESULT: {}
RESULT: {}
COMMAND: POST /session/ee531cdc785ab4bc1cc578c76376f65a/actions - {"actions":[{"id":"action17","type":"key","parameters":{},"actions":[{"type":"keyDown","value":""},{"type":"pause","duration":10},{"type":"keyUp","value":""}]}]}
RESULT: {"actions":[{"id":"action17","type":"key","parameters":{},"actions":[{"type":"keyDown","value":""},{"type":"pause","duration":10},{"type":"keyUp","value":""}]}]}
COMMAND: POST /session/ee531cdc785ab4bc1cc578c76376f65a/execute/async - {"script":"<script> [1562 bytes]","args":[{"selector":{"id":"application-manageresources-display-component---newResourceUnit--SHORT_TEXT","interaction":{"idSuffix":"inner"}},"wdio_ui5_key":"applicationmanageresources-display-component---newResourceUnit--SHORT_TEXT"}]}
COMMAND: GET /session/ee531cdc785ab4bc1cc578c76376f65a/screenshot - {}
RESULT: {"script":"<script> [1562 bytes]","args":[{"selector":{"id":"application-manageresources-display-component---newResourceUnit--SHORT_TEXT","interaction":{"idSuffix":"inner"}},"wdio_ui5_key":"applicationmanageresources-display-component---newResourceUnit--SHORT_TEXT"}]}
RESULT: undefined
COMMAND: POST /session/ee531cdc785ab4bc1cc578c76376f65a/execute/async - {"script":"<script> [776 bytes]","args":[{"enterText":"Cement WDIO","selector":{"id":"application-manageresources-display-component---newResourceUnit--SHORT_TEXT","interaction":{"idSuffix":"inner"}},"clearTextFirst":true,"interactionType":"ENTER_TEXT"}]}
RESULT: {}
RESULT: {"script":"<script> [776 bytes]","args":[{"enterText":"Cement WDIO","selector":{"id":"application-manageresources-display-component---newResourceUnit--SHORT_TEXT","interaction":{"idSuffix":"inner"}},"clearTextFirst":true,"interactionType":"ENTER_TEXT"}]}
COMMAND: POST /session/ee531cdc785ab4bc1cc578c76376f65a/execute/async - {"script":"<script> [1562 bytes]","args":[{"selector":{"id":"application-manageresources-display-component---newResourceUnit--BASE_UNIT_OF_MEASURE","interaction":{"idSuffix":"inner"}},"wdio_ui5_key":"applicationmanageresources-display-component---newResourceUnit--BASE_UNIT_OF_MEASURE"}]}
RESULT: {"script":"<script> [1562 bytes]","args":[{"selector":{"id":"application-manageresources-display-component---newResourceUnit--BASE_UNIT_OF_MEASURE","interaction":{"idSuffix":"inner"}},"wdio_ui5_key":"applicationmanageresources-display-component---newResourceUnit--BASE_UNIT_OF_MEASURE"}]}
RESULT: undefined
COMMAND: POST /session/ee531cdc785ab4bc1cc578c76376f65a/execute/async - {"script":"<script> [776 bytes]","args":[{"enterText":"Piece","selector":{"id":"application-manageresources-display-component---newResourceUnit--BASE_UNIT_OF_MEASURE","interaction":{"idSuffix":"inner"}},"clearTextFirst":true,"interactionType":"ENTER_TEXT"}]}
RESULT: {"script":"<script> [776 bytes]","args":[{"enterText":"Piece","selector":{"id":"application-manageresources-display-component---newResourceUnit--BASE_UNIT_OF_MEASURE","interaction":{"idSuffix":"inner"}},"clearTextFirst":true,"interactionType":"ENTER_TEXT"}]}
COMMAND: POST /session/ee531cdc785ab4bc1cc578c76376f65a/execute/async - {"script":"<script> [1562 bytes]","args":[{"selector":{"id":"application-manageresources-display-component---newResourceUnit--WEIGHT_UNIT","interaction":{"idSuffix":"inner"}},"wdio_ui5_key":"applicationmanageresources-display-component---newResourceUnit--WEIGHT_UNIT"}]}
RESULT: {"script":"<script> [1562 bytes]","args":[{"selector":{"id":"application-manageresources-display-component---newResourceUnit--WEIGHT_UNIT","interaction":{"idSuffix":"inner"}},"wdio_ui5_key":"applicationmanageresources-display-component---newResourceUnit--WEIGHT_UNIT"}]}
RESULT: undefined
COMMAND: POST /session/ee531cdc785ab4bc1cc578c76376f65a/execute/async - {"script":"<script> [776 bytes]","args":[{"enterText":"Gram","selector":{"id":"application-manageresources-display-component---newResourceUnit--WEIGHT_UNIT","interaction":{"idSuffix":"inner"}},"clearTextFirst":true,"interactionType":"ENTER_TEXT"}]}
RESULT: {"script":"<script> [776 bytes]","args":[{"enterText":"Gram","selector":{"id":"application-manageresources-display-component---newResourceUnit--WEIGHT_UNIT","interaction":{"idSuffix":"inner"}},"clearTextFirst":true,"interactionType":"ENTER_TEXT"}]}
COMMAND: POST /session/ee531cdc785ab4bc1cc578c76376f65a/execute/async - {"script":"<script> [1562 bytes]","args":[{"selector":{"id":"application-manageresources-display-component---newResourceUnit--DIMENSION_UNIT","interaction":{"idSuffix":"inner"}},"wdio_ui5_key":"applicationmanageresources-display-component---newResourceUnit--DIMENSION_UNIT"}]}
RESULT: {"script":"<script> [1562 bytes]","args":[{"selector":{"id":"application-manageresources-display-component---newResourceUnit--DIMENSION_UNIT","interaction":{"idSuffix":"inner"}},"wdio_ui5_key":"applicationmanageresources-display-component---newResourceUnit--DIMENSION_UNIT"}]}
RESULT: undefined
COMMAND: POST /session/ee531cdc785ab4bc1cc578c76376f65a/execute/async - {"script":"<script> [776 bytes]","args":[{"enterText":"Meter","selector":{"id":"application-manageresources-display-component---newResourceUnit--DIMENSION_UNIT","interaction":{"idSuffix":"inner"}},"clearTextFirst":true,"interactionType":"ENTER_TEXT"}]}
RESULT: {"script":"<script> [776 bytes]","args":[{"enterText":"Meter","selector":{"id":"application-manageresources-display-component---newResourceUnit--DIMENSION_UNIT","interaction":{"idSuffix":"inner"}},"clearTextFirst":true,"interactionType":"ENTER_TEXT"}]}
COMMAND: POST /session/ee531cdc785ab4bc1cc578c76376f65a/execute/async - {"script":"<script> [1562 bytes]","args":[{"selector":{"id":"application-manageresources-display-component---newResourceUnit--newRRUPage-anchBar-application-manageresources-display-component---newResourceUnit--control-anchor","interaction":{"idSuffix":"BDI-content"}},"wdio_ui5_key":"applicationmanageresources-display-component---newResourceUnit--newRRUPage-anchBar-application-manageresources-display-component---newResourceUnit--control-anchor"}]}
RESULT: {"script":"<script> [1562 bytes]","args":[{"selector":{"id":"application-manageresources-display-component---newResourceUnit--newRRUPage-anchBar-application-manageresources-display-component---newResourceUnit--control-anchor","interaction":{"idSuffix":"BDI-content"}},"wdio_ui5_key":"applicationmanageresources-display-component---newResourceUnit--newRRUPage-anchBar-application-manageresources-display-component---newResourceUnit--control-anchor"}]}
RESULT: undefined
COMMAND: POST /session/ee531cdc785ab4bc1cc578c76376f65a/element - {"using":"xpath","value":"//*[@id=\"application-manageresources-display-component---newResourceUnit--newRRUPage-anchBar-application-manageresources-display-component---newResourceUnit--control-anchor\"]"}
RESULT: {"using":"xpath","value":"//*[@id=\"application-manageresources-display-component---newResourceUnit--newRRUPage-anchBar-application-manageresources-display-component---newResourceUnit--control-anchor\"]"}
COMMAND: POST /session/ee531cdc785ab4bc1cc578c76376f65a/element/f.8D9BC16EA7DE0C3AAF08971F02AA4182.d.CA897A499BF89D0D29E8CDD1C185B376.e.6120/click - {}
RESULT: {}
COMMAND: POST /session/ee531cdc785ab4bc1cc578c76376f65a/execute/async - {"script":"<script> [1562 bytes]","args":[{"selector":{"id":"application-manageresources-display-component---newResourceUnit--PLANNING_GROUP","interaction":{"idSuffix":"inner"}},"wdio_ui5_key":"applicationmanageresources-display-component---newResourceUnit--PLANNING_GROUP"}]}
COMMAND: GET /session/ee531cdc785ab4bc1cc578c76376f65a/screenshot - {}
RESULT: {"script":"<script> [1562 bytes]","args":[{"selector":{"id":"application-manageresources-display-component---newResourceUnit--PLANNING_GROUP","interaction":{"idSuffix":"inner"}},"wdio_ui5_key":"applicationmanageresources-display-component---newResourceUnit--PLANNING_GROUP"}]}
RESULT: undefined
COMMAND: POST /session/ee531cdc785ab4bc1cc578c76376f65a/execute/async - {"script":"<script> [776 bytes]","args":[{"enterText":"Material","selector":{"id":"application-manageresources-display-component---newResourceUnit--PLANNING_GROUP","interaction":{"idSuffix":"inner"}},"clearTextFirst":true,"interactionType":"ENTER_TEXT"}]}
RESULT: {}
RESULT: {"script":"<script> [776 bytes]","args":[{"enterText":"Material","selector":{"id":"application-manageresources-display-component---newResourceUnit--PLANNING_GROUP","interaction":{"idSuffix":"inner"}},"clearTextFirst":true,"interactionType":"ENTER_TEXT"}]}
COMMAND: POST /session/ee531cdc785ab4bc1cc578c76376f65a/execute/async - {"script":"<script> [1562 bytes]","args":[{"selector":{"id":"application-manageresources-display-component---newResourceUnit--PLANNING_INDICATOR","interaction":{"idSuffix":"inner"}},"wdio_ui5_key":"applicationmanageresources-display-component---newResourceUnit--PLANNING_INDICATOR"}]}
RESULT: {"script":"<script> [1562 bytes]","args":[{"selector":{"id":"application-manageresources-display-component---newResourceUnit--PLANNING_INDICATOR","interaction":{"idSuffix":"inner"}},"wdio_ui5_key":"applicationmanageresources-display-component---newResourceUnit--PLANNING_INDICATOR"}]}
RESULT: undefined
COMMAND: POST /session/ee531cdc785ab4bc1cc578c76376f65a/execute/async - {"script":"<script> [776 bytes]","args":[{"enterText":"10 - infinite","selector":{"id":"application-manageresources-display-component---newResourceUnit--PLANNING_INDICATOR","interaction":{"idSuffix":"inner"}},"clearTextFirst":true,"interactionType":"ENTER_TEXT"}]}
RESULT: {"script":"<script> [776 bytes]","args":[{"enterText":"10 - infinite","selector":{"id":"application-manageresources-display-component---newResourceUnit--PLANNING_INDICATOR","interaction":{"idSuffix":"inner"}},"clearTextFirst":true,"interactionType":"ENTER_TEXT"}]}
COMMAND: POST /session/ee531cdc785ab4bc1cc578c76376f65a/element - {"using":"css selector","value":"#application-manageresources-display-component---newResourceUnit--btnAddTimeSegment"}
RESULT: {"using":"css selector","value":"#application-manageresources-display-component---newResourceUnit--btnAddTimeSegment"}
COMMAND: GET /session/ee531cdc785ab4bc1cc578c76376f65a/element/f.8D9BC16EA7DE0C3AAF08971F02AA4182.d.CA897A499BF89D0D29E8CDD1C185B376.e.6130/rect - {}
RESULT: {}
COMMAND: GET /session/ee531cdc785ab4bc1cc578c76376f65a/window/rect - {}
RESULT: {}
COMMAND: POST /session/ee531cdc785ab4bc1cc578c76376f65a/execute/sync - {"script":"<script> [92 bytes]","args":[]}
RESULT: {"script":"<script> [92 bytes]","args":[]}
COMMAND: POST /session/ee531cdc785ab4bc1cc578c76376f65a/actions - {"actions":[{"id":"action18","type":"wheel","parameters":{},"actions":[{"type":"scroll","x":-1888,"y":-32,"deltaX":0,"deltaY":0,"duration":0,"origin":{"element-6066-11e4-a52e-4f735466cecf":"f.8D9BC16EA7DE0C3AAF08971F02AA4182.d.CA897A499BF89D0D29E8CDD1C185B376.e.6130"}}]}]}
COMMAND: GET /session/ee531cdc785ab4bc1cc578c76376f65a/screenshot - {}
RESULT: {}
COMMAND: POST /session/ee531cdc785ab4bc1cc578c76376f65a/execute/sync - {"script":"<script> [79 bytes]","args":[{"element-6066-11e4-a52e-4f735466cecf":"f.8D9BC16EA7DE0C3AAF08971F02AA4182.d.CA897A499BF89D0D29E8CDD1C185B376.e.6130","ELEMENT":"f.8D9BC16EA7DE0C3AAF08971F02AA4182.d.CA897A499BF89D0D29E8CDD1C185B376.e.6130"},{"block":"start","inline":"nearest"}]}
RESULT: {"script":"<script> [79 bytes]","args":[{"element-6066-11e4-a52e-4f735466cecf":"f.8D9BC16EA7DE0C3AAF08971F02AA4182.d.CA897A499BF89D0D29E8CDD1C185B376.e.6130","ELEMENT":"f.8D9BC16EA7DE0C3AAF08971F02AA4182.d.CA897A499BF89D0D29E8CDD1C185B376.e.6130"},{"block":"start","inline":"nearest"}]}
COMMAND: POST /session/ee531cdc785ab4bc1cc578c76376f65a/execute/async - {"script":"<script> [1562 bytes]","args":[{"selector":{"id":"application-manageresources-display-component---newResourceUnit--btnAddTimeSegment","interaction":{"idSuffix":"inner"}},"wdio_ui5_key":"applicationmanageresources-display-component---newResourceUnit--btnAddTimeSegment"}]}
COMMAND: GET /session/ee531cdc785ab4bc1cc578c76376f65a/screenshot - {}
RESULT: {"script":"<script> [1562 bytes]","args":[{"selector":{"id":"application-manageresources-display-component---newResourceUnit--btnAddTimeSegment","interaction":{"idSuffix":"inner"}},"wdio_ui5_key":"applicationmanageresources-display-component---newResourceUnit--btnAddTimeSegment"}]}
RESULT: undefined
COMMAND: POST /session/ee531cdc785ab4bc1cc578c76376f65a/element - {"using":"xpath","value":"//*[@id=\"application-manageresources-display-component---newResourceUnit--btnAddTimeSegment\"]"}
RESULT: {}
RESULT: {"using":"xpath","value":"//*[@id=\"application-manageresources-display-component---newResourceUnit--btnAddTimeSegment\"]"}
COMMAND: POST /session/ee531cdc785ab4bc1cc578c76376f65a/element/f.8D9BC16EA7DE0C3AAF08971F02AA4182.d.CA897A499BF89D0D29E8CDD1C185B376.e.6130/click - {}
RESULT: {}
COMMAND: GET /session/ee531cdc785ab4bc1cc578c76376f65a/screenshot - {}
RESULT: {}
COMMAND: POST /session/ee531cdc785ab4bc1cc578c76376f65a/element - {"using":"xpath","value":"//input[@id=\"application-manageresources-display-component---newResourceUnit--idRuTSAdmin-application-manageresources-display-component---newResourceUnit--RUTimeSegment-0-inner\"]"}
RESULT: {"using":"xpath","value":"//input[@id=\"application-manageresources-display-component---newResourceUnit--idRuTSAdmin-application-manageresources-display-component---newResourceUnit--RUTimeSegment-0-inner\"]"}
COMMAND: POST /session/ee531cdc785ab4bc1cc578c76376f65a/element/f.8D9BC16EA7DE0C3AAF08971F02AA4182.d.CA897A499BF89D0D29E8CDD1C185B376.e.6135/clear - {}
RESULT: {}
COMMAND: POST /session/ee531cdc785ab4bc1cc578c76376f65a/element/f.8D9BC16EA7DE0C3AAF08971F02AA4182.d.CA897A499BF89D0D29E8CDD1C185B376.e.6135/value - {"text":"634"}
COMMAND: GET /session/ee531cdc785ab4bc1cc578c76376f65a/screenshot - {}
RESULT: {"text":"634"}
COMMAND: GET /session/ee531cdc785ab4bc1cc578c76376f65a/screenshot - {}
RESULT: {}
RESULT: {}
COMMAND: POST /session/ee531cdc785ab4bc1cc578c76376f65a/element - {"using":"xpath","value":"//li[.//span[text()='634']]"}
RESULT: {"using":"xpath","value":"//li[.//span[text()='634']]"}
COMMAND: POST /session/ee531cdc785ab4bc1cc578c76376f65a/element/f.8D9BC16EA7DE0C3AAF08971F02AA4182.d.CA897A499BF89D0D29E8CDD1C185B376.e.6144/click - {}
RESULT: {}
COMMAND: GET /session/ee531cdc785ab4bc1cc578c76376f65a/screenshot - {}
RESULT: {}
COMMAND: POST /session/ee531cdc785ab4bc1cc578c76376f65a/element - {"using":"xpath","value":"//*[contains(text(), \"Catalogs\")][contains(@id ,\"application-manageresources-display-component---newResourceUnit--newRRUPage-anchBar\")]"}
RESULT: {"using":"xpath","value":"//*[contains(text(), \"Catalogs\")][contains(@id ,\"application-manageresources-display-component---newResourceUnit--newRRUPage-anchBar\")]"}
COMMAND: POST /session/ee531cdc785ab4bc1cc578c76376f65a/element/f.8D9BC16EA7DE0C3AAF08971F02AA4182.d.CA897A499BF89D0D29E8CDD1C185B376.e.6145/click - {}
RESULT: {}
COMMAND: GET /session/ee531cdc785ab4bc1cc578c76376f65a/screenshot - {}
RESULT: {}
COMMAND: POST /session/ee531cdc785ab4bc1cc578c76376f65a/element - {"using":"xpath","value":"//*[contains(text(), \"Assign\")][contains(@id ,\"button\")]"}
RESULT: {"using":"xpath","value":"//*[contains(text(), \"Assign\")][contains(@id ,\"button\")]"}
COMMAND: POST /session/ee531cdc785ab4bc1cc578c76376f65a/element/f.8D9BC16EA7DE0C3AAF08971F02AA4182.d.CA897A499BF89D0D29E8CDD1C185B376.e.6148/click - {}
RESULT: {}
COMMAND: GET /session/ee531cdc785ab4bc1cc578c76376f65a/screenshot - {}
RESULT: {}
COMMAND: POST /session/ee531cdc785ab4bc1cc578c76376f65a/element - {"using":"xpath","value":"//span[@id = \"application-manageresources-display-component---newResourceUnit--catalogSelect-arrow\"]"}
RESULT: {"using":"xpath","value":"//span[@id = \"application-manageresources-display-component---newResourceUnit--catalogSelect-arrow\"]"}
COMMAND: POST /session/ee531cdc785ab4bc1cc578c76376f65a/element/f.8D9BC16EA7DE0C3AAF08971F02AA4182.d.CA897A499BF89D0D29E8CDD1C185B376.e.6156/click - {}
RESULT: {}
COMMAND: GET /session/ee531cdc785ab4bc1cc578c76376f65a/screenshot - {}
RESULT: {}
COMMAND: POST /session/ee531cdc785ab4bc1cc578c76376f65a/element - {"using":"xpath","value":"//li[.//span[text()=\"Webshop Catalog\"]]"}
RESULT: {"using":"xpath","value":"//li[.//span[text()=\"Webshop Catalog\"]]"}
COMMAND: POST /session/ee531cdc785ab4bc1cc578c76376f65a/element/f.8D9BC16EA7DE0C3AAF08971F02AA4182.d.CA897A499BF89D0D29E8CDD1C185B376.e.6157/click - {}
RESULT: {}
COMMAND: GET /session/ee531cdc785ab4bc1cc578c76376f65a/screenshot - {}
RESULT: {}
COMMAND: POST /session/ee531cdc785ab4bc1cc578c76376f65a/element - {"using":"xpath","value":"//span[@id = \"application-manageresources-display-component---newResourceUnit--catalogItemSelect-arrow\"]"}
RESULT: {"using":"xpath","value":"//span[@id = \"application-manageresources-display-component---newResourceUnit--catalogItemSelect-arrow\"]"}
COMMAND: POST /session/ee531cdc785ab4bc1cc578c76376f65a/element/f.8D9BC16EA7DE0C3AAF08971F02AA4182.d.CA897A499BF89D0D29E8CDD1C185B376.e.6158/click - {}
RESULT: {}
COMMAND: GET /session/ee531cdc785ab4bc1cc578c76376f65a/screenshot - {}
RESULT: {}
COMMAND: POST /session/ee531cdc785ab4bc1cc578c76376f65a/element - {"using":"xpath","value":"//li[.//span[text()=\"Concert - Concert \"]]"}
RESULT: {"using":"xpath","value":"//li[.//span[text()=\"Concert - Concert \"]]"}
COMMAND: POST /session/ee531cdc785ab4bc1cc578c76376f65a/element/f.8D9BC16EA7DE0C3AAF08971F02AA4182.d.CA897A499BF89D0D29E8CDD1C185B376.e.6159/click - {}
RESULT: {}
COMMAND: GET /session/ee531cdc785ab4bc1cc578c76376f65a/screenshot - {}
RESULT: {}
COMMAND: POST /session/ee531cdc785ab4bc1cc578c76376f65a/execute/async - {"script":"<script> [1562 bytes]","args":[{"selector":{"id":"application-manageresources-display-component---newResourceUnit--RUAssignmentSaveButton","searchOpenDialogs":true,"interaction":{"idSuffix":"BDI-content"}},"wdio_ui5_key":"applicationmanageresources-display-component---newResourceUnit--RUAssignmentSaveButton"}]}
RESULT: {"script":"<script> [1562 bytes]","args":[{"selector":{"id":"application-manageresources-display-component---newResourceUnit--RUAssignmentSaveButton","searchOpenDialogs":true,"interaction":{"idSuffix":"BDI-content"}},"wdio_ui5_key":"applicationmanageresources-display-component---newResourceUnit--RUAssignmentSaveButton"}]}
RESULT: undefined
COMMAND: POST /session/ee531cdc785ab4bc1cc578c76376f65a/element - {"using":"xpath","value":"//*[@id=\"application-manageresources-display-component---newResourceUnit--RUAssignmentSaveButton\"]"}
RESULT: {"using":"xpath","value":"//*[@id=\"application-manageresources-display-component---newResourceUnit--RUAssignmentSaveButton\"]"}
COMMAND: POST /session/ee531cdc785ab4bc1cc578c76376f65a/element/f.8D9BC16EA7DE0C3AAF08971F02AA4182.d.CA897A499BF89D0D29E8CDD1C185B376.e.6175/click - {}
RESULT: {}
COMMAND: GET /session/ee531cdc785ab4bc1cc578c76376f65a/screenshot - {}
RESULT: {}
COMMAND: POST /session/ee531cdc785ab4bc1cc578c76376f65a/element - {"using":"xpath","value":"//button[@data-kt=\"resourceUnitSaveButton\"]"}
RESULT: {"using":"xpath","value":"//button[@data-kt=\"resourceUnitSaveButton\"]"}
COMMAND: POST /session/ee531cdc785ab4bc1cc578c76376f65a/element/f.8D9BC16EA7DE0C3AAF08971F02AA4182.d.CA897A499BF89D0D29E8CDD1C185B376.e.6072/click - {}
RESULT: {}
COMMAND: GET /session/ee531cdc785ab4bc1cc578c76376f65a/screenshot - {}
RESULT: {}
COMMAND: POST /session/ee531cdc785ab4bc1cc578c76376f65a/element - {"using":"xpath","value":"//bdi[contains(text(), \"Close\")]"}
RESULT: {"using":"xpath","value":"//bdi[contains(text(), \"Close\")]"}
COMMAND: POST /session/ee531cdc785ab4bc1cc578c76376f65a/element/f.8D9BC16EA7DE0C3AAF08971F02AA4182.d.CA897A499BF89D0D29E8CDD1C185B376.e.6179/click - {}
RESULT: {}
COMMAND: GET /session/ee531cdc785ab4bc1cc578c76376f65a/screenshot - {}
RESULT: {}
COMMAND: POST /session/ee531cdc785ab4bc1cc578c76376f65a/element - {"using":"xpath","value":"//header[contains(@id, 'detailRruPage-headerTitle')]/div[1]/div[2]/div[2]/span[1]"}
RESULT: {"using":"xpath","value":"//header[contains(@id, 'detailRruPage-headerTitle')]/div[1]/div[2]/div[2]/span[1]"}
COMMAND: POST /session/ee531cdc785ab4bc1cc578c76376f65a/elements - {"using":"xpath","value":"//header[contains(@id, 'detailRruPage-headerTitle')]/div[1]/div[2]/div[2]/span[1]"}
RESULT: {"using":"xpath","value":"//header[contains(@id, 'detailRruPage-headerTitle')]/div[1]/div[2]/div[2]/span[1]"}
COMMAND: POST /session/ee531cdc785ab4bc1cc578c76376f65a/execute/sync - {"script":"<script> [56 bytes]","args":[{"element-6066-11e4-a52e-4f735466cecf":"f.8D9BC16EA7DE0C3AAF08971F02AA4182.d.CA897A499BF89D0D29E8CDD1C185B376.e.6214","ELEMENT":"f.8D9BC16EA7DE0C3AAF08971F02AA4182.d.CA897A499BF89D0D29E8CDD1C185B376.e.6214"}]}
RESULT: {"script":"<script> [56 bytes]","args":[{"element-6066-11e4-a52e-4f735466cecf":"f.8D9BC16EA7DE0C3AAF08971F02AA4182.d.CA897A499BF89D0D29E8CDD1C185B376.e.6214","ELEMENT":"f.8D9BC16EA7DE0C3AAF08971F02AA4182.d.CA897A499BF89D0D29E8CDD1C185B376.e.6214"}]}
COMMAND: POST /session/ee531cdc785ab4bc1cc578c76376f65a/element - {"using":"css selector","value":"#shell-header-logo"}
COMMAND: GET /session/ee531cdc785ab4bc1cc578c76376f65a/screenshot - {}
RESULT: {}
RESULT: {"using":"css selector","value":"#shell-header-logo"}
COMMAND: POST /session/ee531cdc785ab4bc1cc578c76376f65a/element/f.8D9BC16EA7DE0C3AAF08971F02AA4182.d.CA897A499BF89D0D29E8CDD1C185B376.e.5664/click - {}
RESULT: {}
COMMAND: GET /session/ee531cdc785ab4bc1cc578c76376f65a/screenshot - {}
RESULT: {}
]]></system-out>
    </testcase>
    <testcase classname="chrome.136_0_7103_93.windows.Yard_Overview_Autoplanning_US130989" name="Should create a new request and add the material" time="97.688">
      <system-out><![CDATA[
COMMAND: POST /session/ee531cdc785ab4bc1cc578c76376f65a/execute/async - {"script":"<script> [1562 bytes]","args":[{"selector":{"controlType":"sap.m.GenericTile","properties":{"header":"Manage Requests"}},"wdio_ui5_key":"sapm.GenericTile{\"header\":\"Manage Requests\"}"}]}
RESULT: {"script":"<script> [1562 bytes]","args":[{"selector":{"controlType":"sap.m.GenericTile","properties":{"header":"Manage Requests"}},"wdio_ui5_key":"sapm.GenericTile{\"header\":\"Manage Requests\"}"}]}
RESULT: undefined
COMMAND: POST /session/ee531cdc785ab4bc1cc578c76376f65a/element - {"using":"xpath","value":"//*[@id=\"__tile47\"]"}
RESULT: {"using":"xpath","value":"//*[@id=\"__tile47\"]"}
COMMAND: POST /session/ee531cdc785ab4bc1cc578c76376f65a/element/f.8D9BC16EA7DE0C3AAF08971F02AA4182.d.CA897A499BF89D0D29E8CDD1C185B376.e.5648/click - {}
RESULT: {}
COMMAND: GET /session/ee531cdc785ab4bc1cc578c76376f65a/screenshot - {}
RESULT: {}
COMMAND: POST /session/ee531cdc785ab4bc1cc578c76376f65a/elements - {"using":"xpath","value":"//span[text()='Error']"}
RESULT: {"using":"xpath","value":"//span[text()='Error']"}
COMMAND: POST /session/ee531cdc785ab4bc1cc578c76376f65a/execute/async - {"script":"<script> [1562 bytes]","args":[{"selector":{"id":"btnCreateNew","viewName":"etm.portal.ui.managerequests.view.Master","interaction":{"idSuffix":"inner"}},"wdio_ui5_key":"btnCreateNewetmportal.ui.managerequests.view.Master"}]}
RESULT: {"script":"<script> [1562 bytes]","args":[{"selector":{"id":"btnCreateNew","viewName":"etm.portal.ui.managerequests.view.Master","interaction":{"idSuffix":"inner"}},"wdio_ui5_key":"btnCreateNewetmportal.ui.managerequests.view.Master"}]}
RESULT: undefined
COMMAND: POST /session/ee531cdc785ab4bc1cc578c76376f65a/element - {"using":"xpath","value":"//*[@id=\"__xmlview58--btnCreateNew\"]"}
RESULT: {"using":"xpath","value":"//*[@id=\"__xmlview58--btnCreateNew\"]"}
COMMAND: POST /session/ee531cdc785ab4bc1cc578c76376f65a/element/f.8D9BC16EA7DE0C3AAF08971F02AA4182.d.CA897A499BF89D0D29E8CDD1C185B376.e.6271/click - {}
RESULT: {}
COMMAND: GET /session/ee531cdc785ab4bc1cc578c76376f65a/screenshot - {}
RESULT: {}
COMMAND: POST /session/ee531cdc785ab4bc1cc578c76376f65a/execute/async - {"script":"<script> [1562 bytes]","args":[{"selector":{"controlType":"sap.ui.core.Icon","viewName":"etm.portal.ui.managerequests.view.NewRequest","properties":{"src":{"regex":{"source":"full\\-screen"}}}},"wdio_ui5_key":"etmportal.ui.managerequests.view.NewRequestsap.ui.core.Icon{\"src\":{\"regex\":{\"source\":\"full\\\\-screen\"}}}"}]}
RESULT: {"script":"<script> [1562 bytes]","args":[{"selector":{"controlType":"sap.ui.core.Icon","viewName":"etm.portal.ui.managerequests.view.NewRequest","properties":{"src":{"regex":{"source":"full\\-screen"}}}},"wdio_ui5_key":"etmportal.ui.managerequests.view.NewRequestsap.ui.core.Icon{\"src\":{\"regex\":{\"source\":\"full\\\\-screen\"}}}"}]}
RESULT: undefined
COMMAND: POST /session/ee531cdc785ab4bc1cc578c76376f65a/element - {"using":"xpath","value":"//*[@id=\"__button71-img\"]"}
RESULT: {"using":"xpath","value":"//*[@id=\"__button71-img\"]"}
COMMAND: POST /session/ee531cdc785ab4bc1cc578c76376f65a/element/f.8D9BC16EA7DE0C3AAF08971F02AA4182.d.CA897A499BF89D0D29E8CDD1C185B376.e.6379/click - {}
RESULT: {}
COMMAND: GET /session/ee531cdc785ab4bc1cc578c76376f65a/screenshot - {}
RESULT: {}
COMMAND: POST /session/ee531cdc785ab4bc1cc578c76376f65a/element - {"using":"xpath","value":"//input[contains(@id ,\"yardId-inner\")]"}
RESULT: {"using":"xpath","value":"//input[contains(@id ,\"yardId-inner\")]"}
COMMAND: POST /session/ee531cdc785ab4bc1cc578c76376f65a/element/f.8D9BC16EA7DE0C3AAF08971F02AA4182.d.CA897A499BF89D0D29E8CDD1C185B376.e.6403/value - {"text":"634"}
RESULT: {"text":"634"}
COMMAND: GET /session/ee531cdc785ab4bc1cc578c76376f65a/screenshot - {}
RESULT: {}
COMMAND: POST /session/ee531cdc785ab4bc1cc578c76376f65a/element - {"using":"xpath","value":"//li[.//span[text()='634']]"}
RESULT: {"using":"xpath","value":"//li[.//span[text()='634']]"}
COMMAND: POST /session/ee531cdc785ab4bc1cc578c76376f65a/element/f.8D9BC16EA7DE0C3AAF08971F02AA4182.d.CA897A499BF89D0D29E8CDD1C185B376.e.6724/click - {}
RESULT: {}
COMMAND: GET /session/ee531cdc785ab4bc1cc578c76376f65a/screenshot - {}
RESULT: {}
COMMAND: POST /session/ee531cdc785ab4bc1cc578c76376f65a/element - {"using":"xpath","value":"//input[contains(@id ,\"customerNumber-inner\")]"}
RESULT: {"using":"xpath","value":"//input[contains(@id ,\"customerNumber-inner\")]"}
COMMAND: POST /session/ee531cdc785ab4bc1cc578c76376f65a/element/f.8D9BC16EA7DE0C3AAF08971F02AA4182.d.CA897A499BF89D0D29E8CDD1C185B376.e.6399/clear - {}
RESULT: {}
COMMAND: POST /session/ee531cdc785ab4bc1cc578c76376f65a/element/f.8D9BC16EA7DE0C3AAF08971F02AA4182.d.CA897A499BF89D0D29E8CDD1C185B376.e.6399/value - {"text":"1401"}
COMMAND: GET /session/ee531cdc785ab4bc1cc578c76376f65a/screenshot - {}
RESULT: {"text":"1401"}
COMMAND: GET /session/ee531cdc785ab4bc1cc578c76376f65a/screenshot - {}
RESULT: {}
RESULT: {}
COMMAND: POST /session/ee531cdc785ab4bc1cc578c76376f65a/element - {"using":"xpath","value":"//li[.//span[text()='1401']]"}
RESULT: {"using":"xpath","value":"//li[.//span[text()='1401']]"}
COMMAND: POST /session/ee531cdc785ab4bc1cc578c76376f65a/element/f.8D9BC16EA7DE0C3AAF08971F02AA4182.d.CA897A499BF89D0D29E8CDD1C185B376.e.6726/click - {}
RESULT: {}
COMMAND: GET /session/ee531cdc785ab4bc1cc578c76376f65a/screenshot - {}
RESULT: {}
COMMAND: POST /session/ee531cdc785ab4bc1cc578c76376f65a/element - {"using":"xpath","value":"//button[contains(@id ,\"btnAddTableRow\")]"}
RESULT: {"using":"xpath","value":"//button[contains(@id ,\"btnAddTableRow\")]"}
COMMAND: POST /session/ee531cdc785ab4bc1cc578c76376f65a/element/f.8D9BC16EA7DE0C3AAF08971F02AA4182.d.CA897A499BF89D0D29E8CDD1C185B376.e.6612/click - {}
RESULT: {}
COMMAND: GET /session/ee531cdc785ab4bc1cc578c76376f65a/screenshot - {}
RESULT: {}
COMMAND: POST /session/ee531cdc785ab4bc1cc578c76376f65a/actions - {"actions":[{"id":"action19","type":"key","parameters":{},"actions":[{"type":"keyDown","value":""},{"type":"pause","duration":10},{"type":"keyUp","value":""}]}]}
RESULT: {"actions":[{"id":"action19","type":"key","parameters":{},"actions":[{"type":"keyDown","value":""},{"type":"pause","duration":10},{"type":"keyUp","value":""}]}]}
COMMAND: POST /session/ee531cdc785ab4bc1cc578c76376f65a/actions - {"actions":[{"id":"action20","type":"key","parameters":{},"actions":[{"type":"keyDown","value":""},{"type":"pause","duration":10},{"type":"keyUp","value":""}]}]}
COMMAND: GET /session/ee531cdc785ab4bc1cc578c76376f65a/screenshot - {}
RESULT: {"actions":[{"id":"action20","type":"key","parameters":{},"actions":[{"type":"keyDown","value":""},{"type":"pause","duration":10},{"type":"keyUp","value":""}]}]}
COMMAND: GET /session/ee531cdc785ab4bc1cc578c76376f65a/screenshot - {}
RESULT: {}
RESULT: {}
COMMAND: POST /session/ee531cdc785ab4bc1cc578c76376f65a/element - {"using":"xpath","value":"//table[contains(@id, \"requestItemsTable-listUl\")]//tbody/tr[1]/td[3]/div/div/input"}
RESULT: {"using":"xpath","value":"//table[contains(@id, \"requestItemsTable-listUl\")]//tbody/tr[1]/td[3]/div/div/input"}
COMMAND: POST /session/ee531cdc785ab4bc1cc578c76376f65a/element/f.8D9BC16EA7DE0C3AAF08971F02AA4182.d.CA897A499BF89D0D29E8CDD1C185B376.e.6730/clear - {}
RESULT: {}
COMMAND: POST /session/ee531cdc785ab4bc1cc578c76376f65a/element/f.8D9BC16EA7DE0C3AAF08971F02AA4182.d.CA897A499BF89D0D29E8CDD1C185B376.e.6730/value - {"text":"Concert"}
COMMAND: GET /session/ee531cdc785ab4bc1cc578c76376f65a/screenshot - {}
RESULT: {"text":"Concert"}
COMMAND: GET /session/ee531cdc785ab4bc1cc578c76376f65a/screenshot - {}
RESULT: {}
RESULT: {}
COMMAND: POST /session/ee531cdc785ab4bc1cc578c76376f65a/element - {"using":"xpath","value":"//li[.//span[contains(text(), \"Concert\")]]"}
RESULT: {"using":"xpath","value":"//li[.//span[contains(text(), \"Concert\")]]"}
COMMAND: POST /session/ee531cdc785ab4bc1cc578c76376f65a/element/f.8D9BC16EA7DE0C3AAF08971F02AA4182.d.CA897A499BF89D0D29E8CDD1C185B376.e.6741/click - {}
RESULT: {}
COMMAND: GET /session/ee531cdc785ab4bc1cc578c76376f65a/screenshot - {}
RESULT: {}
COMMAND: POST /session/ee531cdc785ab4bc1cc578c76376f65a/execute/async - {"script":"<script> [1562 bytes]","args":[{"selector":{"controlType":"sap.ui.core.Icon","viewName":"etm.portal.ui.managerequests.view.NewRequest","properties":{"src":{"regex":{"source":"message\\-error"}}},"ancestor":{"controlType":"sap.m.ColumnListItem","viewName":"etm.portal.ui.managerequests.view.NewRequest","bindingPath":{"modelName":"newRequestItems","path":"/RequestItems/0"},"ancestor":{"id":"requestItemsTable","viewName":"etm.portal.ui.managerequests.view.NewRequest"}}},"wdio_ui5_key":"etmportal.ui.managerequests.view.NewRequestsap.ui.core.Icon{\"src\":{\"regex\":{\"source\":\"message\\\\-error\"}}}{\"controlType\":\"sap.m.ColumnListItem\",\"viewName\":\"etm.portal.ui.managerequests.view.NewRequest\",\"bindingPath\":{\"modelName\":\"newRequestItems\",\"path\":\"/RequestItems/0\"},\"ancestor\":{\"id\":\"requestItemsTable\",\"viewName\":\"etm.portal.ui.managerequests.view.NewRequest\"}}"}]}
RESULT: {"script":"<script> [1562 bytes]","args":[{"selector":{"controlType":"sap.ui.core.Icon","viewName":"etm.portal.ui.managerequests.view.NewRequest","properties":{"src":{"regex":{"source":"message\\-error"}}},"ancestor":{"controlType":"sap.m.ColumnListItem","viewName":"etm.portal.ui.managerequests.view.NewRequest","bindingPath":{"modelName":"newRequestItems","path":"/RequestItems/0"},"ancestor":{"id":"requestItemsTable","viewName":"etm.portal.ui.managerequests.view.NewRequest"}}},"wdio_ui5_key":"etmportal.ui.managerequests.view.NewRequestsap.ui.core.Icon{\"src\":{\"regex\":{\"source\":\"message\\\\-error\"}}}{\"controlType\":\"sap.m.ColumnListItem\",\"viewName\":\"etm.portal.ui.managerequests.view.NewRequest\",\"bindingPath\":{\"modelName\":\"newRequestItems\",\"path\":\"/RequestItems/0\"},\"ancestor\":{\"id\":\"requestItemsTable\",\"viewName\":\"etm.portal.ui.managerequests.view.NewRequest\"}}"}]}
RESULT: undefined
COMMAND: POST /session/ee531cdc785ab4bc1cc578c76376f65a/element - {"using":"xpath","value":"//*[@id=\"__status10-__xmlview59--requestItemsTable-0-icon\"]"}
RESULT: {"using":"xpath","value":"//*[@id=\"__status10-__xmlview59--requestItemsTable-0-icon\"]"}
COMMAND: POST /session/ee531cdc785ab4bc1cc578c76376f65a/element/f.8D9BC16EA7DE0C3AAF08971F02AA4182.d.CA897A499BF89D0D29E8CDD1C185B376.e.6742/click - {}
RESULT: {}
COMMAND: POST /session/ee531cdc785ab4bc1cc578c76376f65a/execute/async - {"script":"<script> [1562 bytes]","args":[{"selector":{"controlType":"sap.ui.core.Icon","viewName":"etm.portal.ui.managerequests.view.NewRequest","properties":{"src":{"regex":{"source":"slim\\-arrow\\-down"}}},"searchOpenDialogs":true,"ancestor":{"id":"costObjectAdminTypeComboBox","viewName":"etm.portal.ui.managerequests.view.NewRequest","searchOpenDialogs":true}},"wdio_ui5_key":"etmportal.ui.managerequests.view.NewRequestsap.ui.core.Icon{\"src\":{\"regex\":{\"source\":\"slim\\\\-arrow\\\\-down\"}}}{\"id\":\"costObjectAdminTypeComboBox\",\"viewName\":\"etm.portal.ui.managerequests.view.NewRequest\",\"searchOpenDialogs\":true}"}]}
COMMAND: GET /session/ee531cdc785ab4bc1cc578c76376f65a/screenshot - {}
RESULT: {"script":"<script> [1562 bytes]","args":[{"selector":{"controlType":"sap.ui.core.Icon","viewName":"etm.portal.ui.managerequests.view.NewRequest","properties":{"src":{"regex":{"source":"slim\\-arrow\\-down"}}},"searchOpenDialogs":true,"ancestor":{"id":"costObjectAdminTypeComboBox","viewName":"etm.portal.ui.managerequests.view.NewRequest","searchOpenDialogs":true}},"wdio_ui5_key":"etmportal.ui.managerequests.view.NewRequestsap.ui.core.Icon{\"src\":{\"regex\":{\"source\":\"slim\\\\-arrow\\\\-down\"}}}{\"id\":\"costObjectAdminTypeComboBox\",\"viewName\":\"etm.portal.ui.managerequests.view.NewRequest\",\"searchOpenDialogs\":true}"}]}
RESULT: undefined
COMMAND: POST /session/ee531cdc785ab4bc1cc578c76376f65a/element - {"using":"xpath","value":"//*[@id=\"__xmlview59--costObjectAdminTypeComboBox-arrow\"]"}
RESULT: {}
RESULT: {"using":"xpath","value":"//*[@id=\"__xmlview59--costObjectAdminTypeComboBox-arrow\"]"}
COMMAND: POST /session/ee531cdc785ab4bc1cc578c76376f65a/element/f.8D9BC16EA7DE0C3AAF08971F02AA4182.d.CA897A499BF89D0D29E8CDD1C185B376.e.6747/click - {}
RESULT: {}
COMMAND: GET /session/ee531cdc785ab4bc1cc578c76376f65a/screenshot - {}
RESULT: {}
COMMAND: POST /session/ee531cdc785ab4bc1cc578c76376f65a/execute/async - {"script":"<script> [1562 bytes]","args":[{"selector":{"controlType":"sap.m.StandardListItem","viewName":"etm.portal.ui.managerequests.view.NewRequest","properties":{"title":"Cost Center"},"searchOpenDialogs":true,"interaction":{"idSuffix":"content"}},"wdio_ui5_key":"etmportal.ui.managerequests.view.NewRequestsap.m.StandardListItem{\"title\":\"Cost Center\"}"}]}
RESULT: {"script":"<script> [1562 bytes]","args":[{"selector":{"controlType":"sap.m.StandardListItem","viewName":"etm.portal.ui.managerequests.view.NewRequest","properties":{"title":"Cost Center"},"searchOpenDialogs":true,"interaction":{"idSuffix":"content"}},"wdio_ui5_key":"etmportal.ui.managerequests.view.NewRequestsap.m.StandardListItem{\"title\":\"Cost Center\"}"}]}
RESULT: undefined
COMMAND: POST /session/ee531cdc785ab4bc1cc578c76376f65a/element - {"using":"xpath","value":"//*[@id=\"__item1905\"]"}
RESULT: {"using":"xpath","value":"//*[@id=\"__item1905\"]"}
COMMAND: POST /session/ee531cdc785ab4bc1cc578c76376f65a/element/f.8D9BC16EA7DE0C3AAF08971F02AA4182.d.CA897A499BF89D0D29E8CDD1C185B376.e.6750/click - {}
RESULT: {}
COMMAND: GET /session/ee531cdc785ab4bc1cc578c76376f65a/screenshot - {}
RESULT: {}
COMMAND: POST /session/ee531cdc785ab4bc1cc578c76376f65a/execute/async - {"script":"<script> [1562 bytes]","args":[{"selector":{"controlType":"sap.m.Button","viewName":"etm.portal.ui.managerequests.view.NewRequest","i18NText":{"propertyName":"text","key":"save"},"searchOpenDialogs":true,"interaction":{"idSuffix":"inner"}},"wdio_ui5_key":"etmportal.ui.managerequests.view.NewRequestsap.m.Button{\"propertyName\":\"text\",\"key\":\"save\"}"}]}
RESULT: {"script":"<script> [1562 bytes]","args":[{"selector":{"controlType":"sap.m.Button","viewName":"etm.portal.ui.managerequests.view.NewRequest","i18NText":{"propertyName":"text","key":"save"},"searchOpenDialogs":true,"interaction":{"idSuffix":"inner"}},"wdio_ui5_key":"etmportal.ui.managerequests.view.NewRequestsap.m.Button{\"propertyName\":\"text\",\"key\":\"save\"}"}]}
RESULT: undefined
COMMAND: POST /session/ee531cdc785ab4bc1cc578c76376f65a/element - {"using":"xpath","value":"//*[@id=\"__button87\"]"}
RESULT: {"using":"xpath","value":"//*[@id=\"__button87\"]"}
COMMAND: POST /session/ee531cdc785ab4bc1cc578c76376f65a/element/f.8D9BC16EA7DE0C3AAF08971F02AA4182.d.CA897A499BF89D0D29E8CDD1C185B376.e.6758/click - {}
RESULT: {}
COMMAND: GET /session/ee531cdc785ab4bc1cc578c76376f65a/screenshot - {}
RESULT: {}
COMMAND: POST /session/ee531cdc785ab4bc1cc578c76376f65a/execute/async - {"script":"<script> [1562 bytes]","args":[{"selector":{"controlType":"sap.m.Button","viewName":"etm.portal.ui.managerequests.view.NewRequest","i18NText":{"propertyName":"tooltip","key":"save"},"interaction":{"idSuffix":"BDI-content"}},"wdio_ui5_key":"etmportal.ui.managerequests.view.NewRequestsap.m.Button{\"propertyName\":\"tooltip\",\"key\":\"save\"}"}]}
RESULT: {"script":"<script> [1562 bytes]","args":[{"selector":{"controlType":"sap.m.Button","viewName":"etm.portal.ui.managerequests.view.NewRequest","i18NText":{"propertyName":"tooltip","key":"save"},"interaction":{"idSuffix":"BDI-content"}},"wdio_ui5_key":"etmportal.ui.managerequests.view.NewRequestsap.m.Button{\"propertyName\":\"tooltip\",\"key\":\"save\"}"}]}
RESULT: undefined
COMMAND: POST /session/ee531cdc785ab4bc1cc578c76376f65a/element - {"using":"xpath","value":"//*[@id=\"__button78\"]"}
RESULT: {"using":"xpath","value":"//*[@id=\"__button78\"]"}
COMMAND: POST /session/ee531cdc785ab4bc1cc578c76376f65a/element/f.8D9BC16EA7DE0C3AAF08971F02AA4182.d.CA897A499BF89D0D29E8CDD1C185B376.e.6618/click - {}
RESULT: {}
COMMAND: POST /session/ee531cdc785ab4bc1cc578c76376f65a/execute/async - {"script":"<script> [1562 bytes]","args":[{"selector":{"controlType":"sap.m.Button","properties":{"text":"Close"},"searchOpenDialogs":true,"interaction":{"idSuffix":"inner"}},"wdio_ui5_key":"sapm.Button{\"text\":\"Close\"}"}]}
COMMAND: GET /session/ee531cdc785ab4bc1cc578c76376f65a/screenshot - {}
RESULT: {"script":"<script> [1562 bytes]","args":[{"selector":{"controlType":"sap.m.Button","properties":{"text":"Close"},"searchOpenDialogs":true,"interaction":{"idSuffix":"inner"}},"wdio_ui5_key":"sapm.Button{\"text\":\"Close\"}"}]}
RESULT: undefined
COMMAND: POST /session/ee531cdc785ab4bc1cc578c76376f65a/element - {"using":"xpath","value":"//*[@id=\"__mbox-btn-1\"]"}
RESULT: {}
RESULT: {"using":"xpath","value":"//*[@id=\"__mbox-btn-1\"]"}
COMMAND: POST /session/ee531cdc785ab4bc1cc578c76376f65a/element/f.8D9BC16EA7DE0C3AAF08971F02AA4182.d.CA897A499BF89D0D29E8CDD1C185B376.e.6762/click - {}
RESULT: {}
COMMAND: GET /session/ee531cdc785ab4bc1cc578c76376f65a/screenshot - {}
COMMAND: POST /session/ee531cdc785ab4bc1cc578c76376f65a/execute/async - {"script":"<script> [1562 bytes]","args":[{"selector":{"controlType":"sap.m.Text","viewName":"etm.portal.ui.managerequests.view.Detail","bindingPath":{"propertyPath":"NO","modelName":"catalogModel"}},"wdio_ui5_key":"etmportal.ui.managerequests.view.Detailsap.m.Text{\"propertyPath\":\"NO\",\"modelName\":\"catalogModel\"}"}]}
RESULT: {}
RESULT: {"script":"<script> [1562 bytes]","args":[{"selector":{"controlType":"sap.m.Text","viewName":"etm.portal.ui.managerequests.view.Detail","bindingPath":{"propertyPath":"NO","modelName":"catalogModel"}},"wdio_ui5_key":"etmportal.ui.managerequests.view.Detailsap.m.Text{\"propertyPath\":\"NO\",\"modelName\":\"catalogModel\"}"}]}
RESULT: undefined
COMMAND: POST /session/ee531cdc785ab4bc1cc578c76376f65a/execute/async - {"script":"<script> [6424 bytes]","args":[{"element-6066-11e4-a52e-4f735466cecf":"f.8D9BC16EA7DE0C3AAF08971F02AA4182.d.CA897A499BF89D0D29E8CDD1C185B376.e.7066"},"getText",[]]}
RESULT: {"script":"<script> [6424 bytes]","args":[{"element-6066-11e4-a52e-4f735466cecf":"f.8D9BC16EA7DE0C3AAF08971F02AA4182.d.CA897A499BF89D0D29E8CDD1C185B376.e.7066"},"getText",[]]}
COMMAND: POST /session/ee531cdc785ab4bc1cc578c76376f65a/element - {"using":"css selector","value":"#shell-header-logo"}
RESULT: {"using":"css selector","value":"#shell-header-logo"}
COMMAND: POST /session/ee531cdc785ab4bc1cc578c76376f65a/element/f.8D9BC16EA7DE0C3AAF08971F02AA4182.d.CA897A499BF89D0D29E8CDD1C185B376.e.6217/click - {}
RESULT: {}
COMMAND: GET /session/ee531cdc785ab4bc1cc578c76376f65a/screenshot - {}
RESULT: {}
]]></system-out>
    </testcase>
    <testcase classname="chrome.136_0_7103_93.windows.Yard_Overview_Autoplanning_US130989" name="Should navigate to Yard overview and plan the request" time="132.416">
      <system-out><![CDATA[
COMMAND: POST /session/ee531cdc785ab4bc1cc578c76376f65a/execute/async - {"script":"<script> [1562 bytes]","args":[{"selector":{"controlType":"sap.m.GenericTile","properties":{"header":"Yard Overview"}},"wdio_ui5_key":"sapm.GenericTile{\"header\":\"Yard Overview\"}"}]}
RESULT: {"script":"<script> [1562 bytes]","args":[{"selector":{"controlType":"sap.m.GenericTile","properties":{"header":"Yard Overview"}},"wdio_ui5_key":"sapm.GenericTile{\"header\":\"Yard Overview\"}"}]}
RESULT: undefined
COMMAND: POST /session/ee531cdc785ab4bc1cc578c76376f65a/element - {"using":"xpath","value":"//*[@id=\"__tile102\"]"}
RESULT: {"using":"xpath","value":"//*[@id=\"__tile102\"]"}
COMMAND: POST /session/ee531cdc785ab4bc1cc578c76376f65a/element/f.8D9BC16EA7DE0C3AAF08971F02AA4182.d.CA897A499BF89D0D29E8CDD1C185B376.e.7070/click - {}
RESULT: {}
COMMAND: GET /session/ee531cdc785ab4bc1cc578c76376f65a/screenshot - {}
RESULT: {}
COMMAND: POST /session/ee531cdc785ab4bc1cc578c76376f65a/elements - {"using":"xpath","value":"//span[text()='Error']"}
RESULT: {"using":"xpath","value":"//span[text()='Error']"}
COMMAND: POST /session/ee531cdc785ab4bc1cc578c76376f65a/execute/async - {"script":"<script> [1562 bytes]","args":[{"selector":{"id":"application-yardoverview-display-component---masterYardInventory--smartFilterBar-btnBasicSearch","interaction":{"idSuffix":"I"}},"wdio_ui5_key":"applicationyardoverview-display-component---masterYardInventory--smartFilterBar-btnBasicSearch"}]}
RESULT: {"script":"<script> [1562 bytes]","args":[{"selector":{"id":"application-yardoverview-display-component---masterYardInventory--smartFilterBar-btnBasicSearch","interaction":{"idSuffix":"I"}},"wdio_ui5_key":"applicationyardoverview-display-component---masterYardInventory--smartFilterBar-btnBasicSearch"}]}
RESULT: undefined
COMMAND: POST /session/ee531cdc785ab4bc1cc578c76376f65a/execute/async - {"script":"<script> [776 bytes]","args":[{"enterText":"634","selector":{"id":"application-yardoverview-display-component---masterYardInventory--smartFilterBar-btnBasicSearch","interaction":{"idSuffix":"I"}},"clearTextFirst":true,"interactionType":"ENTER_TEXT"}]}
RESULT: {"script":"<script> [776 bytes]","args":[{"enterText":"634","selector":{"id":"application-yardoverview-display-component---masterYardInventory--smartFilterBar-btnBasicSearch","interaction":{"idSuffix":"I"}},"clearTextFirst":true,"interactionType":"ENTER_TEXT"}]}
COMMAND: POST /session/ee531cdc785ab4bc1cc578c76376f65a/actions - {"actions":[{"id":"action21","type":"key","parameters":{},"actions":[{"type":"keyDown","value":""},{"type":"pause","duration":10},{"type":"keyUp","value":""}]}]}
RESULT: {"actions":[{"id":"action21","type":"key","parameters":{},"actions":[{"type":"keyDown","value":""},{"type":"pause","duration":10},{"type":"keyUp","value":""}]}]}
COMMAND: GET /session/ee531cdc785ab4bc1cc578c76376f65a/screenshot - {}
RESULT: {}
COMMAND: POST /session/ee531cdc785ab4bc1cc578c76376f65a/execute/async - {"script":"<script> [1562 bytes]","args":[{"selector":{"controlType":"sap.m.Text","viewName":"etm.portal.ui.yardoverview.view.Master","viewId":"application-yardoverview-display-component---masterYardInventory","bindingPath":{"propertyPath":"ID"}},"wdio_ui5_key":"etmportal.ui.yardoverview.view.Mastersap.m.Text{\"propertyPath\":\"ID\"}"}]}
RESULT: {"script":"<script> [1562 bytes]","args":[{"selector":{"controlType":"sap.m.Text","viewName":"etm.portal.ui.yardoverview.view.Master","viewId":"application-yardoverview-display-component---masterYardInventory","bindingPath":{"propertyPath":"ID"}},"wdio_ui5_key":"etmportal.ui.yardoverview.view.Mastersap.m.Text{\"propertyPath\":\"ID\"}"}]}
RESULT: undefined
COMMAND: POST /session/ee531cdc785ab4bc1cc578c76376f65a/element - {"using":"xpath","value":"//*[@id=\"__text882-__clone3367\"]"}
RESULT: {"using":"xpath","value":"//*[@id=\"__text882-__clone3367\"]"}
COMMAND: POST /session/ee531cdc785ab4bc1cc578c76376f65a/element/f.8D9BC16EA7DE0C3AAF08971F02AA4182.d.CA897A499BF89D0D29E8CDD1C185B376.e.7141/click - {}
RESULT: {}
COMMAND: GET /session/ee531cdc785ab4bc1cc578c76376f65a/screenshot - {}
RESULT: {}
COMMAND: POST /session/ee531cdc785ab4bc1cc578c76376f65a/execute/async - {"script":"<script> [1562 bytes]","args":[{"selector":{"id":"application-yardoverview-display-component---detailYardInventory--ObjectPageLayout-anchBar-application-yardoverview-display-component---detailYardInventory--openRequestsSection-anchor","interaction":{"idSuffix":"BDI-content"}},"wdio_ui5_key":"applicationyardoverview-display-component---detailYardInventory--ObjectPageLayout-anchBar-application-yardoverview-display-component---detailYardInventory--openRequestsSection-anchor"}]}
RESULT: {"script":"<script> [1562 bytes]","args":[{"selector":{"id":"application-yardoverview-display-component---detailYardInventory--ObjectPageLayout-anchBar-application-yardoverview-display-component---detailYardInventory--openRequestsSection-anchor","interaction":{"idSuffix":"BDI-content"}},"wdio_ui5_key":"applicationyardoverview-display-component---detailYardInventory--ObjectPageLayout-anchBar-application-yardoverview-display-component---detailYardInventory--openRequestsSection-anchor"}]}
RESULT: undefined
COMMAND: POST /session/ee531cdc785ab4bc1cc578c76376f65a/element - {"using":"xpath","value":"//*[@id=\"application-yardoverview-display-component---detailYardInventory--ObjectPageLayout-anchBar-application-yardoverview-display-component---detailYardInventory--openRequestsSection-anchor\"]"}
RESULT: {"using":"xpath","value":"//*[@id=\"application-yardoverview-display-component---detailYardInventory--ObjectPageLayout-anchBar-application-yardoverview-display-component---detailYardInventory--openRequestsSection-anchor\"]"}
COMMAND: POST /session/ee531cdc785ab4bc1cc578c76376f65a/element/f.8D9BC16EA7DE0C3AAF08971F02AA4182.d.CA897A499BF89D0D29E8CDD1C185B376.e.7231/click - {}
RESULT: {}
COMMAND: GET /session/ee531cdc785ab4bc1cc578c76376f65a/screenshot - {}
RESULT: {}
COMMAND: POST /session/ee531cdc785ab4bc1cc578c76376f65a/element - {"using":"xpath","value":"//input[contains(@aria-labelledby ,\"INTERNAL_GROUP-request\")]"}
RESULT: {"using":"xpath","value":"//input[contains(@aria-labelledby ,\"INTERNAL_GROUP-request\")]"}
COMMAND: POST /session/ee531cdc785ab4bc1cc578c76376f65a/element/f.8D9BC16EA7DE0C3AAF08971F02AA4182.d.CA897A499BF89D0D29E8CDD1C185B376.e.7242/clear - {}
RESULT: {}
COMMAND: POST /session/ee531cdc785ab4bc1cc578c76376f65a/element/f.8D9BC16EA7DE0C3AAF08971F02AA4182.d.CA897A499BF89D0D29E8CDD1C185B376.e.7242/value - {"text":"20216"}
COMMAND: GET /session/ee531cdc785ab4bc1cc578c76376f65a/screenshot - {}
RESULT: {"text":"20216"}
COMMAND: GET /session/ee531cdc785ab4bc1cc578c76376f65a/screenshot - {}
RESULT: {}
RESULT: {}
COMMAND: POST /session/ee531cdc785ab4bc1cc578c76376f65a/actions - {"actions":[{"id":"action22","type":"key","parameters":{},"actions":[{"type":"keyDown","value":""},{"type":"pause","duration":10},{"type":"keyUp","value":""}]}]}
RESULT: {"actions":[{"id":"action22","type":"key","parameters":{},"actions":[{"type":"keyDown","value":""},{"type":"pause","duration":10},{"type":"keyUp","value":""}]}]}
COMMAND: POST /session/ee531cdc785ab4bc1cc578c76376f65a/element - {"using":"xpath","value":"//button[contains(@id,\"openRequests-triggerAction-autoplanBtn\")]"}
COMMAND: GET /session/ee531cdc785ab4bc1cc578c76376f65a/screenshot - {}
RESULT: {"using":"xpath","value":"//button[contains(@id,\"openRequests-triggerAction-autoplanBtn\")]"}
COMMAND: POST /session/ee531cdc785ab4bc1cc578c76376f65a/element/f.8D9BC16EA7DE0C3AAF08971F02AA4182.d.CA897A499BF89D0D29E8CDD1C185B376.e.7263/click - {}
RESULT: {}
RESULT: {}
COMMAND: GET /session/ee531cdc785ab4bc1cc578c76376f65a/screenshot - {}
RESULT: {}
COMMAND: POST /session/ee531cdc785ab4bc1cc578c76376f65a/execute/async - {"script":"<script> [1562 bytes]","args":[{"selector":{"id":"application-yardoverview-display-component---detailYardInventory--customRequestsTable-sa","interaction":{"idSuffix":"CbBg"}},"wdio_ui5_key":"applicationyardoverview-display-component---detailYardInventory--customRequestsTable-sa"}]}
RESULT: {"script":"<script> [1562 bytes]","args":[{"selector":{"id":"application-yardoverview-display-component---detailYardInventory--customRequestsTable-sa","interaction":{"idSuffix":"CbBg"}},"wdio_ui5_key":"applicationyardoverview-display-component---detailYardInventory--customRequestsTable-sa"}]}
RESULT: undefined
COMMAND: POST /session/ee531cdc785ab4bc1cc578c76376f65a/element - {"using":"xpath","value":"//*[@id=\"application-yardoverview-display-component---detailYardInventory--customRequestsTable-sa\"]"}
RESULT: {"using":"xpath","value":"//*[@id=\"application-yardoverview-display-component---detailYardInventory--customRequestsTable-sa\"]"}
COMMAND: POST /session/ee531cdc785ab4bc1cc578c76376f65a/element/f.8D9BC16EA7DE0C3AAF08971F02AA4182.d.CA897A499BF89D0D29E8CDD1C185B376.e.7286/click - {}
RESULT: {}
COMMAND: GET /session/ee531cdc785ab4bc1cc578c76376f65a/screenshot - {}
RESULT: {}
COMMAND: POST /session/ee531cdc785ab4bc1cc578c76376f65a/element - {"using":"xpath","value":"//button[contains(@id,\"openRequests-triggerAction-autoplanBtn\")]"}
RESULT: {"using":"xpath","value":"//button[contains(@id,\"openRequests-triggerAction-autoplanBtn\")]"}
COMMAND: POST /session/ee531cdc785ab4bc1cc578c76376f65a/element/f.8D9BC16EA7DE0C3AAF08971F02AA4182.d.CA897A499BF89D0D29E8CDD1C185B376.e.7263/click - {}
RESULT: {}
COMMAND: GET /session/ee531cdc785ab4bc1cc578c76376f65a/screenshot - {}
RESULT: {}
COMMAND: POST /session/ee531cdc785ab4bc1cc578c76376f65a/element - {"using":"xpath","value":"//button[.//bdi[contains(text(),\"OK\")]]"}
RESULT: {"using":"xpath","value":"//button[.//bdi[contains(text(),\"OK\")]]"}
COMMAND: POST /session/ee531cdc785ab4bc1cc578c76376f65a/element/f.8D9BC16EA7DE0C3AAF08971F02AA4182.d.CA897A499BF89D0D29E8CDD1C185B376.e.7287/click - {}
RESULT: {}
COMMAND: GET /session/ee531cdc785ab4bc1cc578c76376f65a/screenshot - {}
RESULT: {}
COMMAND: POST /session/ee531cdc785ab4bc1cc578c76376f65a/execute/async - {"script":"<script> [1562 bytes]","args":[{"selector":{"id":"application-yardoverview-display-component---detailYardInventory--refreshOpenRequests-img"},"wdio_ui5_key":"applicationyardoverview-display-component---detailYardInventory--refreshOpenRequests-img"}]}
RESULT: {"script":"<script> [1562 bytes]","args":[{"selector":{"id":"application-yardoverview-display-component---detailYardInventory--refreshOpenRequests-img"},"wdio_ui5_key":"applicationyardoverview-display-component---detailYardInventory--refreshOpenRequests-img"}]}
RESULT: undefined
COMMAND: POST /session/ee531cdc785ab4bc1cc578c76376f65a/element - {"using":"xpath","value":"//*[@id=\"application-yardoverview-display-component---detailYardInventory--refreshOpenRequests-img\"]"}
RESULT: {"using":"xpath","value":"//*[@id=\"application-yardoverview-display-component---detailYardInventory--refreshOpenRequests-img\"]"}
COMMAND: POST /session/ee531cdc785ab4bc1cc578c76376f65a/element/f.8D9BC16EA7DE0C3AAF08971F02AA4182.d.CA897A499BF89D0D29E8CDD1C185B376.e.7289/click - {}
RESULT: {}
COMMAND: GET /session/ee531cdc785ab4bc1cc578c76376f65a/screenshot - {}
RESULT: {}
COMMAND: POST /session/ee531cdc785ab4bc1cc578c76376f65a/execute/async - {"script":"<script> [1562 bytes]","args":[{"selector":{"id":"application-yardoverview-display-component---detailYardInventory--ObjectPageLayout-anchBar-application-yardoverview-display-component---detailYardInventory--openProvidesSection-anchor","interaction":{"idSuffix":"BDI-content"}},"wdio_ui5_key":"applicationyardoverview-display-component---detailYardInventory--ObjectPageLayout-anchBar-application-yardoverview-display-component---detailYardInventory--openProvidesSection-anchor"}]}
RESULT: {"script":"<script> [1562 bytes]","args":[{"selector":{"id":"application-yardoverview-display-component---detailYardInventory--ObjectPageLayout-anchBar-application-yardoverview-display-component---detailYardInventory--openProvidesSection-anchor","interaction":{"idSuffix":"BDI-content"}},"wdio_ui5_key":"applicationyardoverview-display-component---detailYardInventory--ObjectPageLayout-anchBar-application-yardoverview-display-component---detailYardInventory--openProvidesSection-anchor"}]}
RESULT: undefined
COMMAND: POST /session/ee531cdc785ab4bc1cc578c76376f65a/element - {"using":"xpath","value":"//*[@id=\"application-yardoverview-display-component---detailYardInventory--ObjectPageLayout-anchBar-application-yardoverview-display-component---detailYardInventory--openProvidesSection-anchor\"]"}
RESULT: {"using":"xpath","value":"//*[@id=\"application-yardoverview-display-component---detailYardInventory--ObjectPageLayout-anchBar-application-yardoverview-display-component---detailYardInventory--openProvidesSection-anchor\"]"}
COMMAND: POST /session/ee531cdc785ab4bc1cc578c76376f65a/element/f.8D9BC16EA7DE0C3AAF08971F02AA4182.d.CA897A499BF89D0D29E8CDD1C185B376.e.7293/click - {}
RESULT: {}
COMMAND: GET /session/ee531cdc785ab4bc1cc578c76376f65a/screenshot - {}
RESULT: {}
COMMAND: POST /session/ee531cdc785ab4bc1cc578c76376f65a/element - {"using":"css selector","value":"#shell-header-logo"}
RESULT: {"using":"css selector","value":"#shell-header-logo"}
COMMAND: POST /session/ee531cdc785ab4bc1cc578c76376f65a/element/f.8D9BC16EA7DE0C3AAF08971F02AA4182.d.CA897A499BF89D0D29E8CDD1C185B376.e.7072/click - {}
RESULT: {}
COMMAND: GET /session/ee531cdc785ab4bc1cc578c76376f65a/screenshot - {}
RESULT: {}
RESULT: undefined
COMMAND: POST /session/ee531cdc785ab4bc1cc578c76376f65a/element - {"using":"xpath","value":"//*[@id=\"__tile47\"]"}
RESULT: {"using":"xpath","value":"//*[@id=\"__tile47\"]"}
COMMAND: POST /session/ee531cdc785ab4bc1cc578c76376f65a/element/f.8D9BC16EA7DE0C3AAF08971F02AA4182.d.CA897A499BF89D0D29E8CDD1C185B376.e.5648/click - {}
RESULT: {}
COMMAND: GET /session/ee531cdc785ab4bc1cc578c76376f65a/screenshot - {}
COMMAND: POST /session/ee531cdc785ab4bc1cc578c76376f65a/elements - {"using":"xpath","value":"//span[text()='Error']"}
RESULT: {}
RESULT: {"using":"xpath","value":"//span[text()='Error']"}
COMMAND: POST /session/ee531cdc785ab4bc1cc578c76376f65a/execute/async - {"script":"<script> [1562 bytes]","args":[{"selector":{"controlType":"sap.m.SearchField","viewName":"etm.portal.ui.managerequests.view.Master","bindingPath":{"path":"","propertyPath":"/_BASIC_SEARCH_FIELD","modelName":"fi1t3rM0d31"},"interaction":{"idSuffix":"I"}},"wdio_ui5_key":"etmportal.ui.managerequests.view.Mastersap.m.SearchField{\"path\":\"\",\"propertyPath\":\"/_BASIC_SEARCH_FIELD\",\"modelName\":\"fi1t3rM0d31\"}"}]}
RESULT: {"script":"<script> [1562 bytes]","args":[{"selector":{"controlType":"sap.m.SearchField","viewName":"etm.portal.ui.managerequests.view.Master","bindingPath":{"path":"","propertyPath":"/_BASIC_SEARCH_FIELD","modelName":"fi1t3rM0d31"},"interaction":{"idSuffix":"I"}},"wdio_ui5_key":"etmportal.ui.managerequests.view.Mastersap.m.SearchField{\"path\":\"\",\"propertyPath\":\"/_BASIC_SEARCH_FIELD\",\"modelName\":\"fi1t3rM0d31\"}"}]}
RESULT: undefined
COMMAND: POST /session/ee531cdc785ab4bc1cc578c76376f65a/execute/async - {"script":"<script> [776 bytes]","args":[{"enterText":"20216","selector":{"controlType":"sap.m.SearchField","viewName":"etm.portal.ui.managerequests.view.Master","bindingPath":{"path":"","propertyPath":"/_BASIC_SEARCH_FIELD","modelName":"fi1t3rM0d31"},"interaction":{"idSuffix":"I"}},"clearTextFirst":true,"interactionType":"ENTER_TEXT"}]}
RESULT: {"script":"<script> [776 bytes]","args":[{"enterText":"20216","selector":{"controlType":"sap.m.SearchField","viewName":"etm.portal.ui.managerequests.view.Master","bindingPath":{"path":"","propertyPath":"/_BASIC_SEARCH_FIELD","modelName":"fi1t3rM0d31"},"interaction":{"idSuffix":"I"}},"clearTextFirst":true,"interactionType":"ENTER_TEXT"}]}
COMMAND: POST /session/ee531cdc785ab4bc1cc578c76376f65a/actions - {"actions":[{"id":"action23","type":"key","parameters":{},"actions":[{"type":"keyDown","value":""},{"type":"pause","duration":10},{"type":"keyUp","value":""}]}]}
RESULT: {"actions":[{"id":"action23","type":"key","parameters":{},"actions":[{"type":"keyDown","value":""},{"type":"pause","duration":10},{"type":"keyUp","value":""}]}]}
COMMAND: GET /session/ee531cdc785ab4bc1cc578c76376f65a/screenshot - {}
RESULT: {}
COMMAND: POST /session/ee531cdc785ab4bc1cc578c76376f65a/execute/async - {"script":"<script> [1562 bytes]","args":[{"selector":{"controlType":"sap.m.ObjectNumber","viewName":"etm.portal.ui.managerequests.view.Master","bindingPath":{"propertyPath":"IN_USE_FOR"},"interaction":{"idSuffix":"number"}},"wdio_ui5_key":"etmportal.ui.managerequests.view.Mastersap.m.ObjectNumber{\"propertyPath\":\"IN_USE_FOR\"}"}]}
RESULT: {"script":"<script> [1562 bytes]","args":[{"selector":{"controlType":"sap.m.ObjectNumber","viewName":"etm.portal.ui.managerequests.view.Master","bindingPath":{"propertyPath":"IN_USE_FOR"},"interaction":{"idSuffix":"number"}},"wdio_ui5_key":"etmportal.ui.managerequests.view.Mastersap.m.ObjectNumber{\"propertyPath\":\"IN_USE_FOR\"}"}]}
RESULT: undefined
COMMAND: POST /session/ee531cdc785ab4bc1cc578c76376f65a/element - {"using":"xpath","value":"//*[@id=\"__number8-__clone3508\"]"}
RESULT: {"using":"xpath","value":"//*[@id=\"__number8-__clone3508\"]"}
COMMAND: POST /session/ee531cdc785ab4bc1cc578c76376f65a/element/f.8D9BC16EA7DE0C3AAF08971F02AA4182.d.CA897A499BF89D0D29E8CDD1C185B376.e.7432/click - {}
RESULT: {}
COMMAND: POST /session/ee531cdc785ab4bc1cc578c76376f65a/execute/async - {"script":"<script> [1562 bytes]","args":[{"selector":{"controlType":"sap.m.ObjectStatus","viewName":"etm.portal.ui.managerequests.view.Detail","bindingPath":{"propertyPath":"LINK_TO_STATUS/DESCRIPTION","modelName":"catalogModel"}},"wdio_ui5_key":"etmportal.ui.managerequests.view.Detailsap.m.ObjectStatus{\"propertyPath\":\"LINK_TO_STATUS/DESCRIPTION\",\"modelName\":\"catalogModel\"}"}]}
COMMAND: GET /session/ee531cdc785ab4bc1cc578c76376f65a/screenshot - {}
RESULT: {"script":"<script> [1562 bytes]","args":[{"selector":{"controlType":"sap.m.ObjectStatus","viewName":"etm.portal.ui.managerequests.view.Detail","bindingPath":{"propertyPath":"LINK_TO_STATUS/DESCRIPTION","modelName":"catalogModel"}},"wdio_ui5_key":"etmportal.ui.managerequests.view.Detailsap.m.ObjectStatus{\"propertyPath\":\"LINK_TO_STATUS/DESCRIPTION\",\"modelName\":\"catalogModel\"}"}]}
RESULT: undefined
COMMAND: POST /session/ee531cdc785ab4bc1cc578c76376f65a/execute/async - {"script":"<script> [6424 bytes]","args":[{"element-6066-11e4-a52e-4f735466cecf":"f.8D9BC16EA7DE0C3AAF08971F02AA4182.d.CA897A499BF89D0D29E8CDD1C185B376.e.7659"},"getText",[]]}
RESULT: {}
RESULT: {"script":"<script> [6424 bytes]","args":[{"element-6066-11e4-a52e-4f735466cecf":"f.8D9BC16EA7DE0C3AAF08971F02AA4182.d.CA897A499BF89D0D29E8CDD1C185B376.e.7659"},"getText",[]]}
COMMAND: POST /session/ee531cdc785ab4bc1cc578c76376f65a/element - {"using":"css selector","value":"#shell-header-logo"}
RESULT: {"using":"css selector","value":"#shell-header-logo"}
COMMAND: POST /session/ee531cdc785ab4bc1cc578c76376f65a/element/f.8D9BC16EA7DE0C3AAF08971F02AA4182.d.CA897A499BF89D0D29E8CDD1C185B376.e.7311/click - {}
RESULT: {}
COMMAND: GET /session/ee531cdc785ab4bc1cc578c76376f65a/screenshot - {}
RESULT: {}
COMMAND: DELETE /session/ee531cdc785ab4bc1cc578c76376f65a - {}
RESULT: {}
]]></system-out>
    </testcase>
  </testsuite>
</testsuites>