<?xml version="1.0" encoding="UTF-8"?>
<testsuites tests="48" failures="0" errors="0" skipped="0">
  <testsuite timestamp="2025-04-29T17:22:23" time="954.695" tests="12" failures="0" errors="0" skipped="0">
    <properties>
      <property name="specId" value="0" />
      <property name="suiteName" value="Billing Transfer - Master data &amp; Intercompany US127250" />
      <property name="capabilities" value="chrome.135_0_7049_96.windows" />
      <property name="file" value="file:///D:/a/1/s/test/specs/BTS/billing-transfer-intercompany.spec.js" />
    </properties>
    <testcase classname="chrome.135_0_7049_96.windows.Billing_Transfer_-_Master_data_&amp;_Intercompany_US127250" name="Should create a new yard" time="96.505">
      <system-out><![CDATA[
COMMAND: POST /session/4a7493391aacd7fc37792e05064413e7/window/fullscreen - {}
RESULT: {}
COMMAND: POST /session/4a7493391aacd7fc37792e05064413e7/execute/async - {"script":"<script> [1562 bytes]","args":[{"selector":{"controlType":"sap.m.GenericTile","properties":{"header":"Manage Yards"}},"wdio_ui5_key":"sapm.GenericTile{\"header\":\"Manage Yards\"}"}]}
RESULT: {"script":"<script> [1562 bytes]","args":[{"selector":{"controlType":"sap.m.GenericTile","properties":{"header":"Manage Yards"}},"wdio_ui5_key":"sapm.GenericTile{\"header\":\"Manage Yards\"}"}]}
RESULT: undefined
COMMAND: POST /session/4a7493391aacd7fc37792e05064413e7/element - {"using":"xpath","value":"//*[@id=\"__tile41\"]"}
RESULT: {"using":"xpath","value":"//*[@id=\"__tile41\"]"}
COMMAND: POST /session/4a7493391aacd7fc37792e05064413e7/element/f.E133658EE593DCD45430D97DE730ABAE.d.5AE756005F863763BA7ACE74A66B6B6B.e.157/click - {}
RESULT: {}
COMMAND: POST /session/4a7493391aacd7fc37792e05064413e7/element - {"using":"xpath","value":"//button[@data-kt=\"addNewYardOverflowToolbarButton\"]"}
COMMAND: GET /session/4a7493391aacd7fc37792e05064413e7/screenshot - {}
RESULT: {"using":"xpath","value":"//button[@data-kt=\"addNewYardOverflowToolbarButton\"]"}
COMMAND: POST /session/4a7493391aacd7fc37792e05064413e7/elements - {"using":"xpath","value":"//button[@data-kt=\"addNewYardOverflowToolbarButton\"]"}
RESULT: {}
RESULT: {"using":"xpath","value":"//button[@data-kt=\"addNewYardOverflowToolbarButton\"]"}
COMMAND: POST /session/4a7493391aacd7fc37792e05064413e7/elements - {"using":"xpath","value":"//button[@data-kt=\"addNewYardOverflowToolbarButton\"]"}
RESULT: {"using":"xpath","value":"//button[@data-kt=\"addNewYardOverflowToolbarButton\"]"}
COMMAND: POST /session/4a7493391aacd7fc37792e05064413e7/elements - {"using":"xpath","value":"//button[@data-kt=\"addNewYardOverflowToolbarButton\"]"}
RESULT: {"using":"xpath","value":"//button[@data-kt=\"addNewYardOverflowToolbarButton\"]"}
COMMAND: POST /session/4a7493391aacd7fc37792e05064413e7/elements - {"using":"xpath","value":"//button[@data-kt=\"addNewYardOverflowToolbarButton\"]"}
RESULT: {"using":"xpath","value":"//button[@data-kt=\"addNewYardOverflowToolbarButton\"]"}
COMMAND: POST /session/4a7493391aacd7fc37792e05064413e7/elements - {"using":"xpath","value":"//button[@data-kt=\"addNewYardOverflowToolbarButton\"]"}
RESULT: {"using":"xpath","value":"//button[@data-kt=\"addNewYardOverflowToolbarButton\"]"}
COMMAND: POST /session/4a7493391aacd7fc37792e05064413e7/elements - {"using":"xpath","value":"//button[@data-kt=\"addNewYardOverflowToolbarButton\"]"}
RESULT: {"using":"xpath","value":"//button[@data-kt=\"addNewYardOverflowToolbarButton\"]"}
COMMAND: POST /session/4a7493391aacd7fc37792e05064413e7/elements - {"using":"xpath","value":"//button[@data-kt=\"addNewYardOverflowToolbarButton\"]"}
RESULT: {"using":"xpath","value":"//button[@data-kt=\"addNewYardOverflowToolbarButton\"]"}
COMMAND: POST /session/4a7493391aacd7fc37792e05064413e7/elements - {"using":"xpath","value":"//button[@data-kt=\"addNewYardOverflowToolbarButton\"]"}
RESULT: {"using":"xpath","value":"//button[@data-kt=\"addNewYardOverflowToolbarButton\"]"}
COMMAND: POST /session/4a7493391aacd7fc37792e05064413e7/elements - {"using":"xpath","value":"//button[@data-kt=\"addNewYardOverflowToolbarButton\"]"}
RESULT: {"using":"xpath","value":"//button[@data-kt=\"addNewYardOverflowToolbarButton\"]"}
COMMAND: POST /session/4a7493391aacd7fc37792e05064413e7/elements - {"using":"xpath","value":"//button[@data-kt=\"addNewYardOverflowToolbarButton\"]"}
RESULT: {"using":"xpath","value":"//button[@data-kt=\"addNewYardOverflowToolbarButton\"]"}
COMMAND: POST /session/4a7493391aacd7fc37792e05064413e7/elements - {"using":"xpath","value":"//button[@data-kt=\"addNewYardOverflowToolbarButton\"]"}
RESULT: {"using":"xpath","value":"//button[@data-kt=\"addNewYardOverflowToolbarButton\"]"}
COMMAND: POST /session/4a7493391aacd7fc37792e05064413e7/elements - {"using":"xpath","value":"//button[@data-kt=\"addNewYardOverflowToolbarButton\"]"}
RESULT: {"using":"xpath","value":"//button[@data-kt=\"addNewYardOverflowToolbarButton\"]"}
COMMAND: POST /session/4a7493391aacd7fc37792e05064413e7/elements - {"using":"xpath","value":"//button[@data-kt=\"addNewYardOverflowToolbarButton\"]"}
RESULT: {"using":"xpath","value":"//button[@data-kt=\"addNewYardOverflowToolbarButton\"]"}
COMMAND: POST /session/4a7493391aacd7fc37792e05064413e7/elements - {"using":"xpath","value":"//button[@data-kt=\"addNewYardOverflowToolbarButton\"]"}
RESULT: {"using":"xpath","value":"//button[@data-kt=\"addNewYardOverflowToolbarButton\"]"}
COMMAND: POST /session/4a7493391aacd7fc37792e05064413e7/elements - {"using":"xpath","value":"//button[@data-kt=\"addNewYardOverflowToolbarButton\"]"}
RESULT: {"using":"xpath","value":"//button[@data-kt=\"addNewYardOverflowToolbarButton\"]"}
COMMAND: POST /session/4a7493391aacd7fc37792e05064413e7/elements - {"using":"xpath","value":"//button[@data-kt=\"addNewYardOverflowToolbarButton\"]"}
RESULT: {"using":"xpath","value":"//button[@data-kt=\"addNewYardOverflowToolbarButton\"]"}
COMMAND: POST /session/4a7493391aacd7fc37792e05064413e7/elements - {"using":"xpath","value":"//button[@data-kt=\"addNewYardOverflowToolbarButton\"]"}
RESULT: {"using":"xpath","value":"//button[@data-kt=\"addNewYardOverflowToolbarButton\"]"}
COMMAND: POST /session/4a7493391aacd7fc37792e05064413e7/elements - {"using":"xpath","value":"//button[@data-kt=\"addNewYardOverflowToolbarButton\"]"}
RESULT: {"using":"xpath","value":"//button[@data-kt=\"addNewYardOverflowToolbarButton\"]"}
COMMAND: POST /session/4a7493391aacd7fc37792e05064413e7/element - {"using":"xpath","value":"//button[@data-kt=\"addNewYardOverflowToolbarButton\"]"}
RESULT: {"using":"xpath","value":"//button[@data-kt=\"addNewYardOverflowToolbarButton\"]"}
COMMAND: POST /session/4a7493391aacd7fc37792e05064413e7/execute/sync - {"script":"<script> [8489 bytes]","args":[{"element-6066-11e4-a52e-4f735466cecf":"f.E133658EE593DCD45430D97DE730ABAE.d.5AE756005F863763BA7ACE74A66B6B6B.e.284","ELEMENT":"f.E133658EE593DCD45430D97DE730ABAE.d.5AE756005F863763BA7ACE74A66B6B6B.e.284"}]}
RESULT: {"script":"<script> [8489 bytes]","args":[{"element-6066-11e4-a52e-4f735466cecf":"f.E133658EE593DCD45430D97DE730ABAE.d.5AE756005F863763BA7ACE74A66B6B6B.e.284","ELEMENT":"f.E133658EE593DCD45430D97DE730ABAE.d.5AE756005F863763BA7ACE74A66B6B6B.e.284"}]}
COMMAND: GET /session/4a7493391aacd7fc37792e05064413e7/element/f.E133658EE593DCD45430D97DE730ABAE.d.5AE756005F863763BA7ACE74A66B6B6B.e.284/enabled - {}
COMMAND: GET /session/4a7493391aacd7fc37792e05064413e7/screenshot - {}
RESULT: {}
COMMAND: POST /session/4a7493391aacd7fc37792e05064413e7/execute/sync - {"script":"<script> [8489 bytes]","args":[{"element-6066-11e4-a52e-4f735466cecf":"f.E133658EE593DCD45430D97DE730ABAE.d.5AE756005F863763BA7ACE74A66B6B6B.e.284","ELEMENT":"f.E133658EE593DCD45430D97DE730ABAE.d.5AE756005F863763BA7ACE74A66B6B6B.e.284"}]}
COMMAND: GET /session/4a7493391aacd7fc37792e05064413e7/screenshot - {}
RESULT: {}
RESULT: {"script":"<script> [8489 bytes]","args":[{"element-6066-11e4-a52e-4f735466cecf":"f.E133658EE593DCD45430D97DE730ABAE.d.5AE756005F863763BA7ACE74A66B6B6B.e.284","ELEMENT":"f.E133658EE593DCD45430D97DE730ABAE.d.5AE756005F863763BA7ACE74A66B6B6B.e.284"}]}
COMMAND: POST /session/4a7493391aacd7fc37792e05064413e7/execute/sync - {"script":"<script> [5351 bytes]","args":[{"element-6066-11e4-a52e-4f735466cecf":"f.E133658EE593DCD45430D97DE730ABAE.d.5AE756005F863763BA7ACE74A66B6B6B.e.284","ELEMENT":"f.E133658EE593DCD45430D97DE730ABAE.d.5AE756005F863763BA7ACE74A66B6B6B.e.284"}]}
COMMAND: GET /session/4a7493391aacd7fc37792e05064413e7/screenshot - {}
RESULT: {}
RESULT: {"script":"<script> [5351 bytes]","args":[{"element-6066-11e4-a52e-4f735466cecf":"f.E133658EE593DCD45430D97DE730ABAE.d.5AE756005F863763BA7ACE74A66B6B6B.e.284","ELEMENT":"f.E133658EE593DCD45430D97DE730ABAE.d.5AE756005F863763BA7ACE74A66B6B6B.e.284"}]}
COMMAND: POST /session/4a7493391aacd7fc37792e05064413e7/element/f.E133658EE593DCD45430D97DE730ABAE.d.5AE756005F863763BA7ACE74A66B6B6B.e.284/click - {}
COMMAND: GET /session/4a7493391aacd7fc37792e05064413e7/screenshot - {}
RESULT: {}
RESULT: {}
COMMAND: GET /session/4a7493391aacd7fc37792e05064413e7/screenshot - {}
RESULT: {}
RESULT: {}
COMMAND: POST /session/4a7493391aacd7fc37792e05064413e7/element - {"using":"xpath","value":"//input[@id=\"application-manageyards-display-component---NewYard--yardId-inner\"]"}
RESULT: {"using":"xpath","value":"//input[@id=\"application-manageyards-display-component---NewYard--yardId-inner\"]"}
COMMAND: POST /session/4a7493391aacd7fc37792e05064413e7/element - {"using":"xpath","value":"//input[@id=\"application-manageyards-display-component---NewYard--yardId-inner\"]"}
RESULT: {"using":"xpath","value":"//input[@id=\"application-manageyards-display-component---NewYard--yardId-inner\"]"}
COMMAND: POST /session/4a7493391aacd7fc37792e05064413e7/execute/async - {"script":"<script> [1562 bytes]","args":[{"selector":{"id":"application-manageyards-display-component---NewYard--addressDetailDetailsName1","interaction":{"idSuffix":"inner"}},"wdio_ui5_key":"applicationmanageyards-display-component---NewYard--addressDetailDetailsName1"}]}
RESULT: {"script":"<script> [1562 bytes]","args":[{"selector":{"id":"application-manageyards-display-component---NewYard--addressDetailDetailsName1","interaction":{"idSuffix":"inner"}},"wdio_ui5_key":"applicationmanageyards-display-component---NewYard--addressDetailDetailsName1"}]}
RESULT: undefined
COMMAND: POST /session/4a7493391aacd7fc37792e05064413e7/execute/async - {"script":"<script> [776 bytes]","args":[{"enterText":"Intercompany Yard wdIO","selector":{"id":"application-manageyards-display-component---NewYard--addressDetailDetailsName1","interaction":{"idSuffix":"inner"}},"clearTextFirst":true,"interactionType":"ENTER_TEXT"}]}
RESULT: {"script":"<script> [776 bytes]","args":[{"enterText":"Intercompany Yard wdIO","selector":{"id":"application-manageyards-display-component---NewYard--addressDetailDetailsName1","interaction":{"idSuffix":"inner"}},"clearTextFirst":true,"interactionType":"ENTER_TEXT"}]}
COMMAND: POST /session/4a7493391aacd7fc37792e05064413e7/execute/async - {"script":"<script> [1562 bytes]","args":[{"selector":{"id":"application-manageyards-display-component---NewYard--addressDetailDetailsLanguage-arrow"},"wdio_ui5_key":"applicationmanageyards-display-component---NewYard--addressDetailDetailsLanguage-arrow"}]}
RESULT: {"script":"<script> [1562 bytes]","args":[{"selector":{"id":"application-manageyards-display-component---NewYard--addressDetailDetailsLanguage-arrow"},"wdio_ui5_key":"applicationmanageyards-display-component---NewYard--addressDetailDetailsLanguage-arrow"}]}
RESULT: undefined
COMMAND: POST /session/4a7493391aacd7fc37792e05064413e7/element - {"using":"xpath","value":"//*[@id=\"application-manageyards-display-component---NewYard--addressDetailDetailsLanguage-arrow\"]"}
RESULT: {"using":"xpath","value":"//*[@id=\"application-manageyards-display-component---NewYard--addressDetailDetailsLanguage-arrow\"]"}
COMMAND: POST /session/4a7493391aacd7fc37792e05064413e7/element/f.E133658EE593DCD45430D97DE730ABAE.d.5AE756005F863763BA7ACE74A66B6B6B.e.713/click - {}
RESULT: {}
COMMAND: POST /session/4a7493391aacd7fc37792e05064413e7/element - {"using":"xpath","value":"//span[contains(text(), \"English\")]"}
COMMAND: GET /session/4a7493391aacd7fc37792e05064413e7/screenshot - {}
RESULT: {"using":"xpath","value":"//span[contains(text(), \"English\")]"}
COMMAND: POST /session/4a7493391aacd7fc37792e05064413e7/element/f.E133658EE593DCD45430D97DE730ABAE.d.5AE756005F863763BA7ACE74A66B6B6B.e.714/click - {}
RESULT: {}
RESULT: {}
COMMAND: POST /session/4a7493391aacd7fc37792e05064413e7/execute/async - {"script":"<script> [1562 bytes]","args":[{"selector":{"id":"application-manageyards-display-component---NewYard--addressDetailDetailsCity1","interaction":{"idSuffix":"inner"}},"wdio_ui5_key":"applicationmanageyards-display-component---NewYard--addressDetailDetailsCity1"}]}
COMMAND: GET /session/4a7493391aacd7fc37792e05064413e7/screenshot - {}
RESULT: {"script":"<script> [1562 bytes]","args":[{"selector":{"id":"application-manageyards-display-component---NewYard--addressDetailDetailsCity1","interaction":{"idSuffix":"inner"}},"wdio_ui5_key":"applicationmanageyards-display-component---NewYard--addressDetailDetailsCity1"}]}
RESULT: undefined
COMMAND: POST /session/4a7493391aacd7fc37792e05064413e7/execute/async - {"script":"<script> [776 bytes]","args":[{"enterText":"Rosario","selector":{"id":"application-manageyards-display-component---NewYard--addressDetailDetailsCity1","interaction":{"idSuffix":"inner"}},"clearTextFirst":true,"interactionType":"ENTER_TEXT"}]}
RESULT: {}
RESULT: {"script":"<script> [776 bytes]","args":[{"enterText":"Rosario","selector":{"id":"application-manageyards-display-component---NewYard--addressDetailDetailsCity1","interaction":{"idSuffix":"inner"}},"clearTextFirst":true,"interactionType":"ENTER_TEXT"}]}
COMMAND: POST /session/4a7493391aacd7fc37792e05064413e7/execute/async - {"script":"<script> [1562 bytes]","args":[{"selector":{"id":"application-manageyards-display-component---NewYard--addressDetailDetailsCountry-arrow"},"wdio_ui5_key":"applicationmanageyards-display-component---NewYard--addressDetailDetailsCountry-arrow"}]}
RESULT: {"script":"<script> [1562 bytes]","args":[{"selector":{"id":"application-manageyards-display-component---NewYard--addressDetailDetailsCountry-arrow"},"wdio_ui5_key":"applicationmanageyards-display-component---NewYard--addressDetailDetailsCountry-arrow"}]}
RESULT: undefined
COMMAND: POST /session/4a7493391aacd7fc37792e05064413e7/element - {"using":"xpath","value":"//*[@id=\"application-manageyards-display-component---NewYard--addressDetailDetailsCountry-arrow\"]"}
RESULT: {"using":"xpath","value":"//*[@id=\"application-manageyards-display-component---NewYard--addressDetailDetailsCountry-arrow\"]"}
COMMAND: POST /session/4a7493391aacd7fc37792e05064413e7/element/f.E133658EE593DCD45430D97DE730ABAE.d.5AE756005F863763BA7ACE74A66B6B6B.e.716/click - {}
RESULT: {}
COMMAND: POST /session/4a7493391aacd7fc37792e05064413e7/element - {"using":"xpath","value":"//span[contains(text(), \"Argentina\")]"}
COMMAND: GET /session/4a7493391aacd7fc37792e05064413e7/screenshot - {}
RESULT: {"using":"xpath","value":"//span[contains(text(), \"Argentina\")]"}
COMMAND: POST /session/4a7493391aacd7fc37792e05064413e7/element/f.E133658EE593DCD45430D97DE730ABAE.d.5AE756005F863763BA7ACE74A66B6B6B.e.718/click - {}
RESULT: {}
RESULT: {}
COMMAND: POST /session/4a7493391aacd7fc37792e05064413e7/execute/async - {"script":"<script> [1562 bytes]","args":[{"selector":{"id":"application-manageyards-display-component---NewYard--addressEditDetailsCostObjectCstType-arrow"},"wdio_ui5_key":"applicationmanageyards-display-component---NewYard--addressEditDetailsCostObjectCstType-arrow"}]}
COMMAND: GET /session/4a7493391aacd7fc37792e05064413e7/screenshot - {}
RESULT: {"script":"<script> [1562 bytes]","args":[{"selector":{"id":"application-manageyards-display-component---NewYard--addressEditDetailsCostObjectCstType-arrow"},"wdio_ui5_key":"applicationmanageyards-display-component---NewYard--addressEditDetailsCostObjectCstType-arrow"}]}
RESULT: undefined
COMMAND: POST /session/4a7493391aacd7fc37792e05064413e7/element - {"using":"xpath","value":"//*[@id=\"application-manageyards-display-component---NewYard--addressEditDetailsCostObjectCstType-arrow\"]"}
RESULT: {}
RESULT: {"using":"xpath","value":"//*[@id=\"application-manageyards-display-component---NewYard--addressEditDetailsCostObjectCstType-arrow\"]"}
COMMAND: POST /session/4a7493391aacd7fc37792e05064413e7/element/f.E133658EE593DCD45430D97DE730ABAE.d.5AE756005F863763BA7ACE74A66B6B6B.e.719/click - {}
RESULT: {}
COMMAND: POST /session/4a7493391aacd7fc37792e05064413e7/element - {"using":"xpath","value":"//span[contains(text(), \"Cost Center\")]"}
COMMAND: GET /session/4a7493391aacd7fc37792e05064413e7/screenshot - {}
RESULT: {"using":"xpath","value":"//span[contains(text(), \"Cost Center\")]"}
COMMAND: POST /session/4a7493391aacd7fc37792e05064413e7/element/f.E133658EE593DCD45430D97DE730ABAE.d.5AE756005F863763BA7ACE74A66B6B6B.e.720/click - {}
RESULT: {}
RESULT: {}
COMMAND: GET /session/4a7493391aacd7fc37792e05064413e7/screenshot - {}
RESULT: {}
COMMAND: POST /session/4a7493391aacd7fc37792e05064413e7/element - {"using":"xpath","value":"//span[@id=\"application-manageyards-display-component---NewYard--addressNewCostObjectCstID-vhi\"]"}
RESULT: {"using":"xpath","value":"//span[@id=\"application-manageyards-display-component---NewYard--addressNewCostObjectCstID-vhi\"]"}
COMMAND: POST /session/4a7493391aacd7fc37792e05064413e7/execute/sync - {"script":"<script> [8489 bytes]","args":[{"element-6066-11e4-a52e-4f735466cecf":"f.E133658EE593DCD45430D97DE730ABAE.d.5AE756005F863763BA7ACE74A66B6B6B.e.724","ELEMENT":"f.E133658EE593DCD45430D97DE730ABAE.d.5AE756005F863763BA7ACE74A66B6B6B.e.724"}]}
RESULT: {"script":"<script> [8489 bytes]","args":[{"element-6066-11e4-a52e-4f735466cecf":"f.E133658EE593DCD45430D97DE730ABAE.d.5AE756005F863763BA7ACE74A66B6B6B.e.724","ELEMENT":"f.E133658EE593DCD45430D97DE730ABAE.d.5AE756005F863763BA7ACE74A66B6B6B.e.724"}]}
COMMAND: POST /session/4a7493391aacd7fc37792e05064413e7/execute/async - {"script":"<script> [1562 bytes]","args":[{"selector":{"id":"application-manageyards-display-component---NewYard--addressNewCostObjectCstID-vhi"},"wdio_ui5_key":"applicationmanageyards-display-component---NewYard--addressNewCostObjectCstID-vhi"}]}
COMMAND: GET /session/4a7493391aacd7fc37792e05064413e7/screenshot - {}
RESULT: {"script":"<script> [1562 bytes]","args":[{"selector":{"id":"application-manageyards-display-component---NewYard--addressNewCostObjectCstID-vhi"},"wdio_ui5_key":"applicationmanageyards-display-component---NewYard--addressNewCostObjectCstID-vhi"}]}
RESULT: undefined
COMMAND: POST /session/4a7493391aacd7fc37792e05064413e7/element - {"using":"xpath","value":"//*[@id=\"application-manageyards-display-component---NewYard--addressNewCostObjectCstID-vhi\"]"}
RESULT: {}
RESULT: {"using":"xpath","value":"//*[@id=\"application-manageyards-display-component---NewYard--addressNewCostObjectCstID-vhi\"]"}
COMMAND: POST /session/4a7493391aacd7fc37792e05064413e7/element/f.E133658EE593DCD45430D97DE730ABAE.d.5AE756005F863763BA7ACE74A66B6B6B.e.724/click - {}
RESULT: {}
COMMAND: GET /session/4a7493391aacd7fc37792e05064413e7/screenshot - {}
RESULT: {}
COMMAND: POST /session/4a7493391aacd7fc37792e05064413e7/execute/async - {"script":"<script> [1562 bytes]","args":[{"selector":{"controlType":"sap.m.SearchField","properties":{"placeholder":"Search"},"searchOpenDialogs":true,"interaction":{"idSuffix":"I"}},"wdio_ui5_key":"sapm.SearchField{\"placeholder\":\"Search\"}"}]}
RESULT: {"script":"<script> [1562 bytes]","args":[{"selector":{"controlType":"sap.m.SearchField","properties":{"placeholder":"Search"},"searchOpenDialogs":true,"interaction":{"idSuffix":"I"}},"wdio_ui5_key":"sapm.SearchField{\"placeholder\":\"Search\"}"}]}
RESULT: undefined
COMMAND: POST /session/4a7493391aacd7fc37792e05064413e7/execute/async - {"script":"<script> [776 bytes]","args":[{"enterText":"10001013","selector":{"controlType":"sap.m.SearchField","properties":{"placeholder":"Search"},"searchOpenDialogs":true,"interaction":{"idSuffix":"I"}},"clearTextFirst":true,"interactionType":"ENTER_TEXT"}]}
RESULT: {"script":"<script> [776 bytes]","args":[{"enterText":"10001013","selector":{"controlType":"sap.m.SearchField","properties":{"placeholder":"Search"},"searchOpenDialogs":true,"interaction":{"idSuffix":"I"}},"clearTextFirst":true,"interactionType":"ENTER_TEXT"}]}
COMMAND: POST /session/4a7493391aacd7fc37792e05064413e7/actions - {"actions":[{"id":"action1","type":"key","parameters":{},"actions":[{"type":"keyDown","value":"î€‡"},{"type":"pause","duration":10},{"type":"keyUp","value":"î€‡"}]}]}
RESULT: {"actions":[{"id":"action1","type":"key","parameters":{},"actions":[{"type":"keyDown","value":"î€‡"},{"type":"pause","duration":10},{"type":"keyUp","value":"î€‡"}]}]}
COMMAND: GET /session/4a7493391aacd7fc37792e05064413e7/screenshot - {}
RESULT: {}
COMMAND: POST /session/4a7493391aacd7fc37792e05064413e7/element - {"using":"xpath","value":"//span[contains(text(), \"General Management\")]"}
RESULT: {"using":"xpath","value":"//span[contains(text(), \"General Management\")]"}
COMMAND: POST /session/4a7493391aacd7fc37792e05064413e7/element/f.E133658EE593DCD45430D97DE730ABAE.d.5AE756005F863763BA7ACE74A66B6B6B.e.766/click - {}
RESULT: {}
COMMAND: GET /session/4a7493391aacd7fc37792e05064413e7/screenshot - {}
RESULT: {}
COMMAND: POST /session/4a7493391aacd7fc37792e05064413e7/element - {"using":"xpath","value":"//bdi[contains(text(), \"OK\")]"}
RESULT: {"using":"xpath","value":"//bdi[contains(text(), \"OK\")]"}
COMMAND: POST /session/4a7493391aacd7fc37792e05064413e7/element/f.E133658EE593DCD45430D97DE730ABAE.d.5AE756005F863763BA7ACE74A66B6B6B.e.767/click - {}
RESULT: {}
COMMAND: GET /session/4a7493391aacd7fc37792e05064413e7/screenshot - {}
RESULT: {}
COMMAND: POST /session/4a7493391aacd7fc37792e05064413e7/execute/async - {"script":"<script> [1562 bytes]","args":[{"selector":{"id":"application-manageyards-display-component---NewYard--addressEditDetailsCurrency-arrow"},"wdio_ui5_key":"applicationmanageyards-display-component---NewYard--addressEditDetailsCurrency-arrow"}]}
RESULT: {"script":"<script> [1562 bytes]","args":[{"selector":{"id":"application-manageyards-display-component---NewYard--addressEditDetailsCurrency-arrow"},"wdio_ui5_key":"applicationmanageyards-display-component---NewYard--addressEditDetailsCurrency-arrow"}]}
RESULT: undefined
COMMAND: POST /session/4a7493391aacd7fc37792e05064413e7/element - {"using":"xpath","value":"//*[@id=\"application-manageyards-display-component---NewYard--addressEditDetailsCurrency-arrow\"]"}
RESULT: {"using":"xpath","value":"//*[@id=\"application-manageyards-display-component---NewYard--addressEditDetailsCurrency-arrow\"]"}
COMMAND: POST /session/4a7493391aacd7fc37792e05064413e7/element/f.E133658EE593DCD45430D97DE730ABAE.d.5AE756005F863763BA7ACE74A66B6B6B.e.770/click - {}
RESULT: {}
COMMAND: POST /session/4a7493391aacd7fc37792e05064413e7/element - {"using":"xpath","value":"//span[contains(text(), \"Euro\")]"}
COMMAND: GET /session/4a7493391aacd7fc37792e05064413e7/screenshot - {}
RESULT: {"using":"xpath","value":"//span[contains(text(), \"Euro\")]"}
COMMAND: POST /session/4a7493391aacd7fc37792e05064413e7/element/f.E133658EE593DCD45430D97DE730ABAE.d.5AE756005F863763BA7ACE74A66B6B6B.e.771/click - {}
RESULT: {}
RESULT: {}
COMMAND: POST /session/4a7493391aacd7fc37792e05064413e7/execute/async - {"script":"<script> [1562 bytes]","args":[{"selector":{"controlType":"sap.m.Input","viewName":"etm.portal.ui.manageyards.view.New","viewId":"application-manageyards-display-component---NewYard","bindingPath":{"path":"","propertyPath":"/CONTROLLING_AREA","modelName":"NewYardModel"},"interaction":{"idSuffix":"inner"}},"wdio_ui5_key":"etmportal.ui.manageyards.view.Newsap.m.Input{\"path\":\"\",\"propertyPath\":\"/CONTROLLING_AREA\",\"modelName\":\"NewYardModel\"}"}]}
COMMAND: GET /session/4a7493391aacd7fc37792e05064413e7/screenshot - {}
RESULT: {"script":"<script> [1562 bytes]","args":[{"selector":{"controlType":"sap.m.Input","viewName":"etm.portal.ui.manageyards.view.New","viewId":"application-manageyards-display-component---NewYard","bindingPath":{"path":"","propertyPath":"/CONTROLLING_AREA","modelName":"NewYardModel"},"interaction":{"idSuffix":"inner"}},"wdio_ui5_key":"etmportal.ui.manageyards.view.Newsap.m.Input{\"path\":\"\",\"propertyPath\":\"/CONTROLLING_AREA\",\"modelName\":\"NewYardModel\"}"}]}
RESULT: undefined
COMMAND: POST /session/4a7493391aacd7fc37792e05064413e7/execute/async - {"script":"<script> [776 bytes]","args":[{"enterText":"Z001","selector":{"controlType":"sap.m.Input","viewName":"etm.portal.ui.manageyards.view.New","viewId":"application-manageyards-display-component---NewYard","bindingPath":{"path":"","propertyPath":"/CONTROLLING_AREA","modelName":"NewYardModel"},"interaction":{"idSuffix":"inner"}},"clearTextFirst":true,"interactionType":"ENTER_TEXT"}]}
RESULT: {}
RESULT: {"script":"<script> [776 bytes]","args":[{"enterText":"Z001","selector":{"controlType":"sap.m.Input","viewName":"etm.portal.ui.manageyards.view.New","viewId":"application-manageyards-display-component---NewYard","bindingPath":{"path":"","propertyPath":"/CONTROLLING_AREA","modelName":"NewYardModel"},"interaction":{"idSuffix":"inner"}},"clearTextFirst":true,"interactionType":"ENTER_TEXT"}]}
COMMAND: POST /session/4a7493391aacd7fc37792e05064413e7/execute/async - {"script":"<script> [1562 bytes]","args":[{"selector":{"id":"application-manageyards-display-component---NewYard--companyCodeComboBox","interaction":{"idSuffix":"inner"}},"wdio_ui5_key":"applicationmanageyards-display-component---NewYard--companyCodeComboBox"}]}
RESULT: {"script":"<script> [1562 bytes]","args":[{"selector":{"id":"application-manageyards-display-component---NewYard--companyCodeComboBox","interaction":{"idSuffix":"inner"}},"wdio_ui5_key":"applicationmanageyards-display-component---NewYard--companyCodeComboBox"}]}
RESULT: undefined
COMMAND: POST /session/4a7493391aacd7fc37792e05064413e7/execute/async - {"script":"<script> [776 bytes]","args":[{"enterText":"1000","selector":{"id":"application-manageyards-display-component---NewYard--companyCodeComboBox","interaction":{"idSuffix":"inner"}},"clearTextFirst":true,"interactionType":"ENTER_TEXT"}]}
RESULT: {"script":"<script> [776 bytes]","args":[{"enterText":"1000","selector":{"id":"application-manageyards-display-component---NewYard--companyCodeComboBox","interaction":{"idSuffix":"inner"}},"clearTextFirst":true,"interactionType":"ENTER_TEXT"}]}
COMMAND: POST /session/4a7493391aacd7fc37792e05064413e7/execute/async - {"script":"<script> [1562 bytes]","args":[{"selector":{"controlType":"sap.m.Input","viewName":"etm.portal.ui.manageyards.view.New","viewId":"application-manageyards-display-component---NewYard","bindingPath":{"path":"","propertyPath":"/PLANT","modelName":"NewYardModel"},"interaction":{"idSuffix":"inner"}},"wdio_ui5_key":"etmportal.ui.manageyards.view.Newsap.m.Input{\"path\":\"\",\"propertyPath\":\"/PLANT\",\"modelName\":\"NewYardModel\"}"}]}
RESULT: {"script":"<script> [1562 bytes]","args":[{"selector":{"controlType":"sap.m.Input","viewName":"etm.portal.ui.manageyards.view.New","viewId":"application-manageyards-display-component---NewYard","bindingPath":{"path":"","propertyPath":"/PLANT","modelName":"NewYardModel"},"interaction":{"idSuffix":"inner"}},"wdio_ui5_key":"etmportal.ui.manageyards.view.Newsap.m.Input{\"path\":\"\",\"propertyPath\":\"/PLANT\",\"modelName\":\"NewYardModel\"}"}]}
RESULT: undefined
COMMAND: POST /session/4a7493391aacd7fc37792e05064413e7/execute/async - {"script":"<script> [776 bytes]","args":[{"enterText":"1001","selector":{"controlType":"sap.m.Input","viewName":"etm.portal.ui.manageyards.view.New","viewId":"application-manageyards-display-component---NewYard","bindingPath":{"path":"","propertyPath":"/PLANT","modelName":"NewYardModel"},"interaction":{"idSuffix":"inner"}},"clearTextFirst":true,"interactionType":"ENTER_TEXT"}]}
RESULT: {"script":"<script> [776 bytes]","args":[{"enterText":"1001","selector":{"controlType":"sap.m.Input","viewName":"etm.portal.ui.manageyards.view.New","viewId":"application-manageyards-display-component---NewYard","bindingPath":{"path":"","propertyPath":"/PLANT","modelName":"NewYardModel"},"interaction":{"idSuffix":"inner"}},"clearTextFirst":true,"interactionType":"ENTER_TEXT"}]}
COMMAND: POST /session/4a7493391aacd7fc37792e05064413e7/execute/async - {"script":"<script> [1562 bytes]","args":[{"selector":{"controlType":"sap.m.Input","viewName":"etm.portal.ui.manageyards.view.New","viewId":"application-manageyards-display-component---NewYard","bindingPath":{"path":"","propertyPath":"/SALES_AREA_VKORG","modelName":"NewYardModel"},"interaction":{"idSuffix":"inner"}},"wdio_ui5_key":"etmportal.ui.manageyards.view.Newsap.m.Input{\"path\":\"\",\"propertyPath\":\"/SALES_AREA_VKORG\",\"modelName\":\"NewYardModel\"}"}]}
RESULT: {"script":"<script> [1562 bytes]","args":[{"selector":{"controlType":"sap.m.Input","viewName":"etm.portal.ui.manageyards.view.New","viewId":"application-manageyards-display-component---NewYard","bindingPath":{"path":"","propertyPath":"/SALES_AREA_VKORG","modelName":"NewYardModel"},"interaction":{"idSuffix":"inner"}},"wdio_ui5_key":"etmportal.ui.manageyards.view.Newsap.m.Input{\"path\":\"\",\"propertyPath\":\"/SALES_AREA_VKORG\",\"modelName\":\"NewYardModel\"}"}]}
RESULT: undefined
COMMAND: POST /session/4a7493391aacd7fc37792e05064413e7/execute/async - {"script":"<script> [776 bytes]","args":[{"enterText":"C002","selector":{"controlType":"sap.m.Input","viewName":"etm.portal.ui.manageyards.view.New","viewId":"application-manageyards-display-component---NewYard","bindingPath":{"path":"","propertyPath":"/SALES_AREA_VKORG","modelName":"NewYardModel"},"interaction":{"idSuffix":"inner"}},"clearTextFirst":true,"interactionType":"ENTER_TEXT"}]}
RESULT: {"script":"<script> [776 bytes]","args":[{"enterText":"C002","selector":{"controlType":"sap.m.Input","viewName":"etm.portal.ui.manageyards.view.New","viewId":"application-manageyards-display-component---NewYard","bindingPath":{"path":"","propertyPath":"/SALES_AREA_VKORG","modelName":"NewYardModel"},"interaction":{"idSuffix":"inner"}},"clearTextFirst":true,"interactionType":"ENTER_TEXT"}]}
COMMAND: POST /session/4a7493391aacd7fc37792e05064413e7/execute/async - {"script":"<script> [1562 bytes]","args":[{"selector":{"controlType":"sap.m.Input","viewName":"etm.portal.ui.manageyards.view.New","viewId":"application-manageyards-display-component---NewYard","bindingPath":{"path":"","propertyPath":"/SALES_AREA_VTWEG","modelName":"NewYardModel"},"interaction":{"idSuffix":"inner"}},"wdio_ui5_key":"etmportal.ui.manageyards.view.Newsap.m.Input{\"path\":\"\",\"propertyPath\":\"/SALES_AREA_VTWEG\",\"modelName\":\"NewYardModel\"}"}]}
RESULT: {"script":"<script> [1562 bytes]","args":[{"selector":{"controlType":"sap.m.Input","viewName":"etm.portal.ui.manageyards.view.New","viewId":"application-manageyards-display-component---NewYard","bindingPath":{"path":"","propertyPath":"/SALES_AREA_VTWEG","modelName":"NewYardModel"},"interaction":{"idSuffix":"inner"}},"wdio_ui5_key":"etmportal.ui.manageyards.view.Newsap.m.Input{\"path\":\"\",\"propertyPath\":\"/SALES_AREA_VTWEG\",\"modelName\":\"NewYardModel\"}"}]}
RESULT: undefined
COMMAND: POST /session/4a7493391aacd7fc37792e05064413e7/execute/async - {"script":"<script> [776 bytes]","args":[{"enterText":"C2","selector":{"controlType":"sap.m.Input","viewName":"etm.portal.ui.manageyards.view.New","viewId":"application-manageyards-display-component---NewYard","bindingPath":{"path":"","propertyPath":"/SALES_AREA_VTWEG","modelName":"NewYardModel"},"interaction":{"idSuffix":"inner"}},"clearTextFirst":true,"interactionType":"ENTER_TEXT"}]}
RESULT: {"script":"<script> [776 bytes]","args":[{"enterText":"C2","selector":{"controlType":"sap.m.Input","viewName":"etm.portal.ui.manageyards.view.New","viewId":"application-manageyards-display-component---NewYard","bindingPath":{"path":"","propertyPath":"/SALES_AREA_VTWEG","modelName":"NewYardModel"},"interaction":{"idSuffix":"inner"}},"clearTextFirst":true,"interactionType":"ENTER_TEXT"}]}
COMMAND: POST /session/4a7493391aacd7fc37792e05064413e7/execute/async - {"script":"<script> [1562 bytes]","args":[{"selector":{"controlType":"sap.m.Input","viewName":"etm.portal.ui.manageyards.view.New","viewId":"application-manageyards-display-component---NewYard","bindingPath":{"path":"","propertyPath":"/SALES_AREA_SPART","modelName":"NewYardModel"},"interaction":{"idSuffix":"inner"}},"wdio_ui5_key":"etmportal.ui.manageyards.view.Newsap.m.Input{\"path\":\"\",\"propertyPath\":\"/SALES_AREA_SPART\",\"modelName\":\"NewYardModel\"}"}]}
RESULT: {"script":"<script> [1562 bytes]","args":[{"selector":{"controlType":"sap.m.Input","viewName":"etm.portal.ui.manageyards.view.New","viewId":"application-manageyards-display-component---NewYard","bindingPath":{"path":"","propertyPath":"/SALES_AREA_SPART","modelName":"NewYardModel"},"interaction":{"idSuffix":"inner"}},"wdio_ui5_key":"etmportal.ui.manageyards.view.Newsap.m.Input{\"path\":\"\",\"propertyPath\":\"/SALES_AREA_SPART\",\"modelName\":\"NewYardModel\"}"}]}
RESULT: undefined
COMMAND: POST /session/4a7493391aacd7fc37792e05064413e7/execute/async - {"script":"<script> [776 bytes]","args":[{"enterText":"C2","selector":{"controlType":"sap.m.Input","viewName":"etm.portal.ui.manageyards.view.New","viewId":"application-manageyards-display-component---NewYard","bindingPath":{"path":"","propertyPath":"/SALES_AREA_SPART","modelName":"NewYardModel"},"interaction":{"idSuffix":"inner"}},"clearTextFirst":true,"interactionType":"ENTER_TEXT"}]}
RESULT: {"script":"<script> [776 bytes]","args":[{"enterText":"C2","selector":{"controlType":"sap.m.Input","viewName":"etm.portal.ui.manageyards.view.New","viewId":"application-manageyards-display-component---NewYard","bindingPath":{"path":"","propertyPath":"/SALES_AREA_SPART","modelName":"NewYardModel"},"interaction":{"idSuffix":"inner"}},"clearTextFirst":true,"interactionType":"ENTER_TEXT"}]}
COMMAND: POST /session/4a7493391aacd7fc37792e05064413e7/execute/async - {"script":"<script> [1562 bytes]","args":[{"selector":{"controlType":"sap.m.Input","viewName":"etm.portal.ui.manageyards.view.New","viewId":"application-manageyards-display-component---NewYard","bindingPath":{"path":"","propertyPath":"/SHIP_POINT","modelName":"NewYardModel"},"interaction":{"idSuffix":"inner"}},"wdio_ui5_key":"etmportal.ui.manageyards.view.Newsap.m.Input{\"path\":\"\",\"propertyPath\":\"/SHIP_POINT\",\"modelName\":\"NewYardModel\"}"}]}
RESULT: {"script":"<script> [1562 bytes]","args":[{"selector":{"controlType":"sap.m.Input","viewName":"etm.portal.ui.manageyards.view.New","viewId":"application-manageyards-display-component---NewYard","bindingPath":{"path":"","propertyPath":"/SHIP_POINT","modelName":"NewYardModel"},"interaction":{"idSuffix":"inner"}},"wdio_ui5_key":"etmportal.ui.manageyards.view.Newsap.m.Input{\"path\":\"\",\"propertyPath\":\"/SHIP_POINT\",\"modelName\":\"NewYardModel\"}"}]}
RESULT: undefined
COMMAND: POST /session/4a7493391aacd7fc37792e05064413e7/execute/async - {"script":"<script> [776 bytes]","args":[{"enterText":"1710","selector":{"controlType":"sap.m.Input","viewName":"etm.portal.ui.manageyards.view.New","viewId":"application-manageyards-display-component---NewYard","bindingPath":{"path":"","propertyPath":"/SHIP_POINT","modelName":"NewYardModel"},"interaction":{"idSuffix":"inner"}},"clearTextFirst":true,"interactionType":"ENTER_TEXT"}]}
RESULT: {"script":"<script> [776 bytes]","args":[{"enterText":"1710","selector":{"controlType":"sap.m.Input","viewName":"etm.portal.ui.manageyards.view.New","viewId":"application-manageyards-display-component---NewYard","bindingPath":{"path":"","propertyPath":"/SHIP_POINT","modelName":"NewYardModel"},"interaction":{"idSuffix":"inner"}},"clearTextFirst":true,"interactionType":"ENTER_TEXT"}]}
COMMAND: POST /session/4a7493391aacd7fc37792e05064413e7/execute/async - {"script":"<script> [1562 bytes]","args":[{"selector":{"controlType":"sap.m.Input","viewName":"etm.portal.ui.manageyards.view.New","viewId":"application-manageyards-display-component---NewYard","bindingPath":{"path":"","propertyPath":"/DELIVERY_TYPE","modelName":"NewYardModel"},"interaction":{"idSuffix":"inner"}},"wdio_ui5_key":"etmportal.ui.manageyards.view.Newsap.m.Input{\"path\":\"\",\"propertyPath\":\"/DELIVERY_TYPE\",\"modelName\":\"NewYardModel\"}"}]}
RESULT: {"script":"<script> [1562 bytes]","args":[{"selector":{"controlType":"sap.m.Input","viewName":"etm.portal.ui.manageyards.view.New","viewId":"application-manageyards-display-component---NewYard","bindingPath":{"path":"","propertyPath":"/DELIVERY_TYPE","modelName":"NewYardModel"},"interaction":{"idSuffix":"inner"}},"wdio_ui5_key":"etmportal.ui.manageyards.view.Newsap.m.Input{\"path\":\"\",\"propertyPath\":\"/DELIVERY_TYPE\",\"modelName\":\"NewYardModel\"}"}]}
RESULT: undefined
COMMAND: POST /session/4a7493391aacd7fc37792e05064413e7/execute/async - {"script":"<script> [776 bytes]","args":[{"enterText":"ZL01","selector":{"controlType":"sap.m.Input","viewName":"etm.portal.ui.manageyards.view.New","viewId":"application-manageyards-display-component---NewYard","bindingPath":{"path":"","propertyPath":"/DELIVERY_TYPE","modelName":"NewYardModel"},"interaction":{"idSuffix":"inner"}},"clearTextFirst":true,"interactionType":"ENTER_TEXT"}]}
RESULT: {"script":"<script> [776 bytes]","args":[{"enterText":"ZL01","selector":{"controlType":"sap.m.Input","viewName":"etm.portal.ui.manageyards.view.New","viewId":"application-manageyards-display-component---NewYard","bindingPath":{"path":"","propertyPath":"/DELIVERY_TYPE","modelName":"NewYardModel"},"interaction":{"idSuffix":"inner"}},"clearTextFirst":true,"interactionType":"ENTER_TEXT"}]}
COMMAND: POST /session/4a7493391aacd7fc37792e05064413e7/execute/async - {"script":"<script> [1562 bytes]","args":[{"selector":{"controlType":"sap.m.Input","viewName":"etm.portal.ui.manageyards.view.New","viewId":"application-manageyards-display-component---NewYard","bindingPath":{"path":"","propertyPath":"/AUART","modelName":"NewYardModel"},"interaction":{"idSuffix":"inner"}},"wdio_ui5_key":"etmportal.ui.manageyards.view.Newsap.m.Input{\"path\":\"\",\"propertyPath\":\"/AUART\",\"modelName\":\"NewYardModel\"}"}]}
RESULT: {"script":"<script> [1562 bytes]","args":[{"selector":{"controlType":"sap.m.Input","viewName":"etm.portal.ui.manageyards.view.New","viewId":"application-manageyards-display-component---NewYard","bindingPath":{"path":"","propertyPath":"/AUART","modelName":"NewYardModel"},"interaction":{"idSuffix":"inner"}},"wdio_ui5_key":"etmportal.ui.manageyards.view.Newsap.m.Input{\"path\":\"\",\"propertyPath\":\"/AUART\",\"modelName\":\"NewYardModel\"}"}]}
RESULT: undefined
COMMAND: POST /session/4a7493391aacd7fc37792e05064413e7/execute/async - {"script":"<script> [776 bytes]","args":[{"enterText":"TA","selector":{"controlType":"sap.m.Input","viewName":"etm.portal.ui.manageyards.view.New","viewId":"application-manageyards-display-component---NewYard","bindingPath":{"path":"","propertyPath":"/AUART","modelName":"NewYardModel"},"interaction":{"idSuffix":"inner"}},"clearTextFirst":true,"interactionType":"ENTER_TEXT"}]}
RESULT: {"script":"<script> [776 bytes]","args":[{"enterText":"TA","selector":{"controlType":"sap.m.Input","viewName":"etm.portal.ui.manageyards.view.New","viewId":"application-manageyards-display-component---NewYard","bindingPath":{"path":"","propertyPath":"/AUART","modelName":"NewYardModel"},"interaction":{"idSuffix":"inner"}},"clearTextFirst":true,"interactionType":"ENTER_TEXT"}]}
COMMAND: POST /session/4a7493391aacd7fc37792e05064413e7/element - {"using":"xpath","value":"//button[@data-kt=\"newYardSaveButton\"]"}
RESULT: {"using":"xpath","value":"//button[@data-kt=\"newYardSaveButton\"]"}
COMMAND: POST /session/4a7493391aacd7fc37792e05064413e7/element/f.E133658EE593DCD45430D97DE730ABAE.d.5AE756005F863763BA7ACE74A66B6B6B.e.696/click - {}
RESULT: {}
COMMAND: GET /session/4a7493391aacd7fc37792e05064413e7/screenshot - {}
RESULT: {}
COMMAND: POST /session/4a7493391aacd7fc37792e05064413e7/element - {"using":"xpath","value":"//header[contains(@id, 'ObjectPageLayout-headerTitle')]/div[1]/div[2]/div[1]/span[1]"}
RESULT: {"using":"xpath","value":"//header[contains(@id, 'ObjectPageLayout-headerTitle')]/div[1]/div[2]/div[1]/span[1]"}
COMMAND: POST /session/4a7493391aacd7fc37792e05064413e7/elements - {"using":"xpath","value":"//header[contains(@id, 'ObjectPageLayout-headerTitle')]/div[1]/div[2]/div[1]/span[1]"}
RESULT: {"using":"xpath","value":"//header[contains(@id, 'ObjectPageLayout-headerTitle')]/div[1]/div[2]/div[1]/span[1]"}
COMMAND: POST /session/4a7493391aacd7fc37792e05064413e7/execute/sync - {"script":"<script> [56 bytes]","args":[{"element-6066-11e4-a52e-4f735466cecf":"f.E133658EE593DCD45430D97DE730ABAE.d.5AE756005F863763BA7ACE74A66B6B6B.e.994","ELEMENT":"f.E133658EE593DCD45430D97DE730ABAE.d.5AE756005F863763BA7ACE74A66B6B6B.e.994"}]}
RESULT: {"script":"<script> [56 bytes]","args":[{"element-6066-11e4-a52e-4f735466cecf":"f.E133658EE593DCD45430D97DE730ABAE.d.5AE756005F863763BA7ACE74A66B6B6B.e.994","ELEMENT":"f.E133658EE593DCD45430D97DE730ABAE.d.5AE756005F863763BA7ACE74A66B6B6B.e.994"}]}
COMMAND: GET /session/4a7493391aacd7fc37792e05064413e7/screenshot - {}
RESULT: {}
COMMAND: POST /session/4a7493391aacd7fc37792e05064413e7/element - {"using":"css selector","value":"#shell-header-logo"}
RESULT: {"using":"css selector","value":"#shell-header-logo"}
COMMAND: POST /session/4a7493391aacd7fc37792e05064413e7/element/f.E133658EE593DCD45430D97DE730ABAE.d.5AE756005F863763BA7ACE74A66B6B6B.e.253/click - {}
RESULT: {}
COMMAND: GET /session/4a7493391aacd7fc37792e05064413e7/screenshot - {}
RESULT: {}
COMMAND: POST /session/4a7493391aacd7fc37792e05064413e7/execute/sync - {"script":"<script> [299 bytes]","args":[["getModel","getResource"]]}
RESULT: {"script":"<script> [299 bytes]","args":[["getModel","getResource"]]}
]]></system-out>
    </testcase>
    <testcase classname="chrome.135_0_7049_96.windows.Billing_Transfer_-_Master_data_&amp;_Intercompany_US127250" name="Should create a new partner" time="114.036">
      <system-out><![CDATA[
COMMAND: GET /session/4a7493391aacd7fc37792e05064413e7/screenshot - {}
COMMAND: POST /session/4a7493391aacd7fc37792e05064413e7/window/fullscreen - {}
RESULT: {}
COMMAND: POST /session/4a7493391aacd7fc37792e05064413e7/execute/async - {"script":"<script> [1562 bytes]","args":[{"selector":{"controlType":"sap.m.GenericTile","properties":{"header":"Manage Partners"}},"wdio_ui5_key":"sapm.GenericTile{\"header\":\"Manage Partners\"}"}]}
RESULT: {}
RESULT: {"script":"<script> [1562 bytes]","args":[{"selector":{"controlType":"sap.m.GenericTile","properties":{"header":"Manage Partners"}},"wdio_ui5_key":"sapm.GenericTile{\"header\":\"Manage Partners\"}"}]}
RESULT: undefined
COMMAND: POST /session/4a7493391aacd7fc37792e05064413e7/element - {"using":"xpath","value":"//*[@id=\"__tile38\"]"}
RESULT: {"using":"xpath","value":"//*[@id=\"__tile38\"]"}
COMMAND: POST /session/4a7493391aacd7fc37792e05064413e7/element/f.E133658EE593DCD45430D97DE730ABAE.d.5AE756005F863763BA7ACE74A66B6B6B.e.148/click - {}
RESULT: {}
COMMAND: POST /session/4a7493391aacd7fc37792e05064413e7/element - {"using":"xpath","value":"//button[@data-kt=\"addButton\"]"}
COMMAND: GET /session/4a7493391aacd7fc37792e05064413e7/screenshot - {}
RESULT: {"using":"xpath","value":"//button[@data-kt=\"addButton\"]"}
COMMAND: POST /session/4a7493391aacd7fc37792e05064413e7/elements - {"using":"xpath","value":"//button[@data-kt=\"addButton\"]"}
RESULT: {}
RESULT: {"using":"xpath","value":"//button[@data-kt=\"addButton\"]"}
COMMAND: POST /session/4a7493391aacd7fc37792e05064413e7/elements - {"using":"xpath","value":"//button[@data-kt=\"addButton\"]"}
RESULT: {"using":"xpath","value":"//button[@data-kt=\"addButton\"]"}
COMMAND: POST /session/4a7493391aacd7fc37792e05064413e7/elements - {"using":"xpath","value":"//button[@data-kt=\"addButton\"]"}
RESULT: {"using":"xpath","value":"//button[@data-kt=\"addButton\"]"}
COMMAND: POST /session/4a7493391aacd7fc37792e05064413e7/elements - {"using":"xpath","value":"//button[@data-kt=\"addButton\"]"}
RESULT: {"using":"xpath","value":"//button[@data-kt=\"addButton\"]"}
COMMAND: POST /session/4a7493391aacd7fc37792e05064413e7/elements - {"using":"xpath","value":"//button[@data-kt=\"addButton\"]"}
RESULT: {"using":"xpath","value":"//button[@data-kt=\"addButton\"]"}
COMMAND: POST /session/4a7493391aacd7fc37792e05064413e7/elements - {"using":"xpath","value":"//button[@data-kt=\"addButton\"]"}
RESULT: {"using":"xpath","value":"//button[@data-kt=\"addButton\"]"}
COMMAND: POST /session/4a7493391aacd7fc37792e05064413e7/elements - {"using":"xpath","value":"//button[@data-kt=\"addButton\"]"}
RESULT: {"using":"xpath","value":"//button[@data-kt=\"addButton\"]"}
COMMAND: POST /session/4a7493391aacd7fc37792e05064413e7/elements - {"using":"xpath","value":"//button[@data-kt=\"addButton\"]"}
RESULT: {"using":"xpath","value":"//button[@data-kt=\"addButton\"]"}
COMMAND: POST /session/4a7493391aacd7fc37792e05064413e7/elements - {"using":"xpath","value":"//button[@data-kt=\"addButton\"]"}
RESULT: {"using":"xpath","value":"//button[@data-kt=\"addButton\"]"}
COMMAND: POST /session/4a7493391aacd7fc37792e05064413e7/elements - {"using":"xpath","value":"//button[@data-kt=\"addButton\"]"}
RESULT: {"using":"xpath","value":"//button[@data-kt=\"addButton\"]"}
COMMAND: POST /session/4a7493391aacd7fc37792e05064413e7/elements - {"using":"xpath","value":"//button[@data-kt=\"addButton\"]"}
RESULT: {"using":"xpath","value":"//button[@data-kt=\"addButton\"]"}
COMMAND: POST /session/4a7493391aacd7fc37792e05064413e7/elements - {"using":"xpath","value":"//button[@data-kt=\"addButton\"]"}
RESULT: {"using":"xpath","value":"//button[@data-kt=\"addButton\"]"}
COMMAND: POST /session/4a7493391aacd7fc37792e05064413e7/elements - {"using":"xpath","value":"//button[@data-kt=\"addButton\"]"}
RESULT: {"using":"xpath","value":"//button[@data-kt=\"addButton\"]"}
COMMAND: POST /session/4a7493391aacd7fc37792e05064413e7/elements - {"using":"xpath","value":"//button[@data-kt=\"addButton\"]"}
RESULT: {"using":"xpath","value":"//button[@data-kt=\"addButton\"]"}
COMMAND: POST /session/4a7493391aacd7fc37792e05064413e7/elements - {"using":"xpath","value":"//button[@data-kt=\"addButton\"]"}
RESULT: {"using":"xpath","value":"//button[@data-kt=\"addButton\"]"}
COMMAND: POST /session/4a7493391aacd7fc37792e05064413e7/elements - {"using":"xpath","value":"//button[@data-kt=\"addButton\"]"}
RESULT: {"using":"xpath","value":"//button[@data-kt=\"addButton\"]"}
COMMAND: POST /session/4a7493391aacd7fc37792e05064413e7/elements - {"using":"xpath","value":"//button[@data-kt=\"addButton\"]"}
RESULT: {"using":"xpath","value":"//button[@data-kt=\"addButton\"]"}
COMMAND: POST /session/4a7493391aacd7fc37792e05064413e7/elements - {"using":"xpath","value":"//button[@data-kt=\"addButton\"]"}
RESULT: {"using":"xpath","value":"//button[@data-kt=\"addButton\"]"}
COMMAND: POST /session/4a7493391aacd7fc37792e05064413e7/elements - {"using":"xpath","value":"//button[@data-kt=\"addButton\"]"}
RESULT: {"using":"xpath","value":"//button[@data-kt=\"addButton\"]"}
COMMAND: POST /session/4a7493391aacd7fc37792e05064413e7/elements - {"using":"xpath","value":"//button[@data-kt=\"addButton\"]"}
RESULT: {"using":"xpath","value":"//button[@data-kt=\"addButton\"]"}
COMMAND: POST /session/4a7493391aacd7fc37792e05064413e7/elements - {"using":"xpath","value":"//button[@data-kt=\"addButton\"]"}
RESULT: {"using":"xpath","value":"//button[@data-kt=\"addButton\"]"}
COMMAND: POST /session/4a7493391aacd7fc37792e05064413e7/elements - {"using":"xpath","value":"//button[@data-kt=\"addButton\"]"}
RESULT: {"using":"xpath","value":"//button[@data-kt=\"addButton\"]"}
COMMAND: POST /session/4a7493391aacd7fc37792e05064413e7/element - {"using":"xpath","value":"//button[@data-kt=\"addButton\"]"}
RESULT: {"using":"xpath","value":"//button[@data-kt=\"addButton\"]"}
COMMAND: POST /session/4a7493391aacd7fc37792e05064413e7/execute/sync - {"script":"<script> [8489 bytes]","args":[{"element-6066-11e4-a52e-4f735466cecf":"f.E133658EE593DCD45430D97DE730ABAE.d.5AE756005F863763BA7ACE74A66B6B6B.e.1044","ELEMENT":"f.E133658EE593DCD45430D97DE730ABAE.d.5AE756005F863763BA7ACE74A66B6B6B.e.1044"}]}
RESULT: {"script":"<script> [8489 bytes]","args":[{"element-6066-11e4-a52e-4f735466cecf":"f.E133658EE593DCD45430D97DE730ABAE.d.5AE756005F863763BA7ACE74A66B6B6B.e.1044","ELEMENT":"f.E133658EE593DCD45430D97DE730ABAE.d.5AE756005F863763BA7ACE74A66B6B6B.e.1044"}]}
COMMAND: GET /session/4a7493391aacd7fc37792e05064413e7/element/f.E133658EE593DCD45430D97DE730ABAE.d.5AE756005F863763BA7ACE74A66B6B6B.e.1044/enabled - {}
COMMAND: GET /session/4a7493391aacd7fc37792e05064413e7/screenshot - {}
RESULT: {}
COMMAND: POST /session/4a7493391aacd7fc37792e05064413e7/execute/sync - {"script":"<script> [8489 bytes]","args":[{"element-6066-11e4-a52e-4f735466cecf":"f.E133658EE593DCD45430D97DE730ABAE.d.5AE756005F863763BA7ACE74A66B6B6B.e.1044","ELEMENT":"f.E133658EE593DCD45430D97DE730ABAE.d.5AE756005F863763BA7ACE74A66B6B6B.e.1044"}]}
COMMAND: GET /session/4a7493391aacd7fc37792e05064413e7/screenshot - {}
RESULT: {}
RESULT: {"script":"<script> [8489 bytes]","args":[{"element-6066-11e4-a52e-4f735466cecf":"f.E133658EE593DCD45430D97DE730ABAE.d.5AE756005F863763BA7ACE74A66B6B6B.e.1044","ELEMENT":"f.E133658EE593DCD45430D97DE730ABAE.d.5AE756005F863763BA7ACE74A66B6B6B.e.1044"}]}
COMMAND: POST /session/4a7493391aacd7fc37792e05064413e7/execute/sync - {"script":"<script> [5351 bytes]","args":[{"element-6066-11e4-a52e-4f735466cecf":"f.E133658EE593DCD45430D97DE730ABAE.d.5AE756005F863763BA7ACE74A66B6B6B.e.1044","ELEMENT":"f.E133658EE593DCD45430D97DE730ABAE.d.5AE756005F863763BA7ACE74A66B6B6B.e.1044"}]}
COMMAND: GET /session/4a7493391aacd7fc37792e05064413e7/screenshot - {}
RESULT: {}
RESULT: {"script":"<script> [5351 bytes]","args":[{"element-6066-11e4-a52e-4f735466cecf":"f.E133658EE593DCD45430D97DE730ABAE.d.5AE756005F863763BA7ACE74A66B6B6B.e.1044","ELEMENT":"f.E133658EE593DCD45430D97DE730ABAE.d.5AE756005F863763BA7ACE74A66B6B6B.e.1044"}]}
COMMAND: POST /session/4a7493391aacd7fc37792e05064413e7/element/f.E133658EE593DCD45430D97DE730ABAE.d.5AE756005F863763BA7ACE74A66B6B6B.e.1044/click - {}
COMMAND: GET /session/4a7493391aacd7fc37792e05064413e7/screenshot - {}
RESULT: {}
RESULT: {}
COMMAND: GET /session/4a7493391aacd7fc37792e05064413e7/screenshot - {}
COMMAND: POST /session/4a7493391aacd7fc37792e05064413e7/execute/async - {"script":"<script> [1562 bytes]","args":[{"selector":{"id":"application-managepartners-display-component---NewPartner--addressDetailDetailsName1","interaction":{"idSuffix":"inner"}},"wdio_ui5_key":"applicationmanagepartners-display-component---NewPartner--addressDetailDetailsName1"}]}
RESULT: {}
RESULT: {}
RESULT: {"script":"<script> [1562 bytes]","args":[{"selector":{"id":"application-managepartners-display-component---NewPartner--addressDetailDetailsName1","interaction":{"idSuffix":"inner"}},"wdio_ui5_key":"applicationmanagepartners-display-component---NewPartner--addressDetailDetailsName1"}]}
RESULT: undefined
COMMAND: POST /session/4a7493391aacd7fc37792e05064413e7/execute/async - {"script":"<script> [776 bytes]","args":[{"enterText":"Intercompany Partner WDIO","selector":{"id":"application-managepartners-display-component---NewPartner--addressDetailDetailsName1","interaction":{"idSuffix":"inner"}},"clearTextFirst":true,"interactionType":"ENTER_TEXT"}]}
RESULT: {"script":"<script> [776 bytes]","args":[{"enterText":"Intercompany Partner WDIO","selector":{"id":"application-managepartners-display-component---NewPartner--addressDetailDetailsName1","interaction":{"idSuffix":"inner"}},"clearTextFirst":true,"interactionType":"ENTER_TEXT"}]}
COMMAND: POST /session/4a7493391aacd7fc37792e05064413e7/execute/async - {"script":"<script> [1562 bytes]","args":[{"selector":{"id":"application-managepartners-display-component---NewPartner--addressDetailDetailsLanguage-arrow"},"wdio_ui5_key":"applicationmanagepartners-display-component---NewPartner--addressDetailDetailsLanguage-arrow"}]}
RESULT: {"script":"<script> [1562 bytes]","args":[{"selector":{"id":"application-managepartners-display-component---NewPartner--addressDetailDetailsLanguage-arrow"},"wdio_ui5_key":"applicationmanagepartners-display-component---NewPartner--addressDetailDetailsLanguage-arrow"}]}
RESULT: undefined
COMMAND: POST /session/4a7493391aacd7fc37792e05064413e7/element - {"using":"xpath","value":"//*[@id=\"application-managepartners-display-component---NewPartner--addressDetailDetailsLanguage-arrow\"]"}
RESULT: {"using":"xpath","value":"//*[@id=\"application-managepartners-display-component---NewPartner--addressDetailDetailsLanguage-arrow\"]"}
COMMAND: POST /session/4a7493391aacd7fc37792e05064413e7/element/f.E133658EE593DCD45430D97DE730ABAE.d.5AE756005F863763BA7ACE74A66B6B6B.e.1478/click - {}
RESULT: {}
COMMAND: POST /session/4a7493391aacd7fc37792e05064413e7/element - {"using":"xpath","value":"//span[contains(text(), \"English\")]"}
COMMAND: GET /session/4a7493391aacd7fc37792e05064413e7/screenshot - {}
RESULT: {"using":"xpath","value":"//span[contains(text(), \"English\")]"}
COMMAND: POST /session/4a7493391aacd7fc37792e05064413e7/element/f.E133658EE593DCD45430D97DE730ABAE.d.5AE756005F863763BA7ACE74A66B6B6B.e.1479/click - {}
RESULT: {}
RESULT: {}
COMMAND: GET /session/4a7493391aacd7fc37792e05064413e7/screenshot - {}
RESULT: {}
COMMAND: POST /session/4a7493391aacd7fc37792e05064413e7/execute/async - {"script":"<script> [1562 bytes]","args":[{"selector":{"id":"application-managepartners-display-component---NewPartner--addressDetailDetailsCity1","interaction":{"idSuffix":"inner"}},"wdio_ui5_key":"applicationmanagepartners-display-component---NewPartner--addressDetailDetailsCity1"}]}
RESULT: {"script":"<script> [1562 bytes]","args":[{"selector":{"id":"application-managepartners-display-component---NewPartner--addressDetailDetailsCity1","interaction":{"idSuffix":"inner"}},"wdio_ui5_key":"applicationmanagepartners-display-component---NewPartner--addressDetailDetailsCity1"}]}
RESULT: undefined
COMMAND: POST /session/4a7493391aacd7fc37792e05064413e7/execute/async - {"script":"<script> [776 bytes]","args":[{"enterText":"Rosario","selector":{"id":"application-managepartners-display-component---NewPartner--addressDetailDetailsCity1","interaction":{"idSuffix":"inner"}},"clearTextFirst":true,"interactionType":"ENTER_TEXT"}]}
RESULT: {"script":"<script> [776 bytes]","args":[{"enterText":"Rosario","selector":{"id":"application-managepartners-display-component---NewPartner--addressDetailDetailsCity1","interaction":{"idSuffix":"inner"}},"clearTextFirst":true,"interactionType":"ENTER_TEXT"}]}
COMMAND: POST /session/4a7493391aacd7fc37792e05064413e7/execute/async - {"script":"<script> [1562 bytes]","args":[{"selector":{"id":"application-managepartners-display-component---NewPartner--addressDetailDetailsCountry-arrow"},"wdio_ui5_key":"applicationmanagepartners-display-component---NewPartner--addressDetailDetailsCountry-arrow"}]}
RESULT: {"script":"<script> [1562 bytes]","args":[{"selector":{"id":"application-managepartners-display-component---NewPartner--addressDetailDetailsCountry-arrow"},"wdio_ui5_key":"applicationmanagepartners-display-component---NewPartner--addressDetailDetailsCountry-arrow"}]}
RESULT: undefined
COMMAND: POST /session/4a7493391aacd7fc37792e05064413e7/element - {"using":"xpath","value":"//*[@id=\"application-managepartners-display-component---NewPartner--addressDetailDetailsCountry-arrow\"]"}
RESULT: {"using":"xpath","value":"//*[@id=\"application-managepartners-display-component---NewPartner--addressDetailDetailsCountry-arrow\"]"}
COMMAND: POST /session/4a7493391aacd7fc37792e05064413e7/element/f.E133658EE593DCD45430D97DE730ABAE.d.5AE756005F863763BA7ACE74A66B6B6B.e.1465/click - {}
RESULT: {}
COMMAND: POST /session/4a7493391aacd7fc37792e05064413e7/element - {"using":"xpath","value":"//span[contains(text(), \"Argentina\")]"}
COMMAND: GET /session/4a7493391aacd7fc37792e05064413e7/screenshot - {}
RESULT: {"using":"xpath","value":"//span[contains(text(), \"Argentina\")]"}
COMMAND: POST /session/4a7493391aacd7fc37792e05064413e7/element/f.E133658EE593DCD45430D97DE730ABAE.d.5AE756005F863763BA7ACE74A66B6B6B.e.1481/click - {}
RESULT: {}
RESULT: {}
COMMAND: GET /session/4a7493391aacd7fc37792e05064413e7/screenshot - {}
RESULT: {}
COMMAND: POST /session/4a7493391aacd7fc37792e05064413e7/element - {"using":"xpath","value":"//bdi[contains(text(), \"Commercial\")]"}
RESULT: {"using":"xpath","value":"//bdi[contains(text(), \"Commercial\")]"}
COMMAND: POST /session/4a7493391aacd7fc37792e05064413e7/element/f.E133658EE593DCD45430D97DE730ABAE.d.5AE756005F863763BA7ACE74A66B6B6B.e.1482/click - {}
RESULT: {}
COMMAND: GET /session/4a7493391aacd7fc37792e05064413e7/screenshot - {}
RESULT: {}
COMMAND: POST /session/4a7493391aacd7fc37792e05064413e7/execute/async - {"script":"<script> [1562 bytes]","args":[{"selector":{"id":"application-managepartners-display-component---NewPartner--partnerDetailInternal-arrow"},"wdio_ui5_key":"applicationmanagepartners-display-component---NewPartner--partnerDetailInternal-arrow"}]}
RESULT: {"script":"<script> [1562 bytes]","args":[{"selector":{"id":"application-managepartners-display-component---NewPartner--partnerDetailInternal-arrow"},"wdio_ui5_key":"applicationmanagepartners-display-component---NewPartner--partnerDetailInternal-arrow"}]}
RESULT: undefined
COMMAND: POST /session/4a7493391aacd7fc37792e05064413e7/element - {"using":"xpath","value":"//*[@id=\"application-managepartners-display-component---NewPartner--partnerDetailInternal-arrow\"]"}
RESULT: {"using":"xpath","value":"//*[@id=\"application-managepartners-display-component---NewPartner--partnerDetailInternal-arrow\"]"}
COMMAND: POST /session/4a7493391aacd7fc37792e05064413e7/element/f.E133658EE593DCD45430D97DE730ABAE.d.5AE756005F863763BA7ACE74A66B6B6B.e.1488/click - {}
RESULT: {}
COMMAND: POST /session/4a7493391aacd7fc37792e05064413e7/element - {"using":"xpath","value":"//span[contains(text(), \"Affiliated company\")]"}
COMMAND: GET /session/4a7493391aacd7fc37792e05064413e7/screenshot - {}
RESULT: {"using":"xpath","value":"//span[contains(text(), \"Affiliated company\")]"}
COMMAND: POST /session/4a7493391aacd7fc37792e05064413e7/element/f.E133658EE593DCD45430D97DE730ABAE.d.5AE756005F863763BA7ACE74A66B6B6B.e.1489/click - {}
RESULT: {}
RESULT: {}
COMMAND: POST /session/4a7493391aacd7fc37792e05064413e7/execute/async - {"script":"<script> [1562 bytes]","args":[{"selector":{"id":"application-managepartners-display-component---NewPartner--partnerDetailsCurrency-arrow"},"wdio_ui5_key":"applicationmanagepartners-display-component---NewPartner--partnerDetailsCurrency-arrow"}]}
COMMAND: GET /session/4a7493391aacd7fc37792e05064413e7/screenshot - {}
RESULT: {"script":"<script> [1562 bytes]","args":[{"selector":{"id":"application-managepartners-display-component---NewPartner--partnerDetailsCurrency-arrow"},"wdio_ui5_key":"applicationmanagepartners-display-component---NewPartner--partnerDetailsCurrency-arrow"}]}
RESULT: undefined
COMMAND: POST /session/4a7493391aacd7fc37792e05064413e7/element - {"using":"xpath","value":"//*[@id=\"application-managepartners-display-component---NewPartner--partnerDetailsCurrency-arrow\"]"}
RESULT: {}
RESULT: {"using":"xpath","value":"//*[@id=\"application-managepartners-display-component---NewPartner--partnerDetailsCurrency-arrow\"]"}
COMMAND: POST /session/4a7493391aacd7fc37792e05064413e7/element/f.E133658EE593DCD45430D97DE730ABAE.d.5AE756005F863763BA7ACE74A66B6B6B.e.1496/click - {}
RESULT: {}
COMMAND: POST /session/4a7493391aacd7fc37792e05064413e7/element - {"using":"xpath","value":"//span[contains(text(), \"Euro\")]"}
COMMAND: GET /session/4a7493391aacd7fc37792e05064413e7/screenshot - {}
RESULT: {"using":"xpath","value":"//span[contains(text(), \"Euro\")]"}
COMMAND: POST /session/4a7493391aacd7fc37792e05064413e7/element/f.E133658EE593DCD45430D97DE730ABAE.d.5AE756005F863763BA7ACE74A66B6B6B.e.1497/click - {}
RESULT: {}
RESULT: {}
COMMAND: POST /session/4a7493391aacd7fc37792e05064413e7/execute/async - {"script":"<script> [1562 bytes]","args":[{"selector":{"id":"application-managepartners-display-component---NewPartner--addressEditDetailsCostObjectCstType-arrow"},"wdio_ui5_key":"applicationmanagepartners-display-component---NewPartner--addressEditDetailsCostObjectCstType-arrow"}]}
COMMAND: GET /session/4a7493391aacd7fc37792e05064413e7/screenshot - {}
RESULT: {"script":"<script> [1562 bytes]","args":[{"selector":{"id":"application-managepartners-display-component---NewPartner--addressEditDetailsCostObjectCstType-arrow"},"wdio_ui5_key":"applicationmanagepartners-display-component---NewPartner--addressEditDetailsCostObjectCstType-arrow"}]}
RESULT: undefined
COMMAND: POST /session/4a7493391aacd7fc37792e05064413e7/element - {"using":"xpath","value":"//*[@id=\"application-managepartners-display-component---NewPartner--addressEditDetailsCostObjectCstType-arrow\"]"}
RESULT: {}
RESULT: {"using":"xpath","value":"//*[@id=\"application-managepartners-display-component---NewPartner--addressEditDetailsCostObjectCstType-arrow\"]"}
COMMAND: POST /session/4a7493391aacd7fc37792e05064413e7/element/f.E133658EE593DCD45430D97DE730ABAE.d.5AE756005F863763BA7ACE74A66B6B6B.e.1498/click - {}
RESULT: {}
COMMAND: POST /session/4a7493391aacd7fc37792e05064413e7/element - {"using":"xpath","value":"//span[contains(text(), \"Cost Center\")]"}
COMMAND: GET /session/4a7493391aacd7fc37792e05064413e7/screenshot - {}
RESULT: {"using":"xpath","value":"//span[contains(text(), \"Cost Center\")]"}
COMMAND: POST /session/4a7493391aacd7fc37792e05064413e7/element/f.E133658EE593DCD45430D97DE730ABAE.d.5AE756005F863763BA7ACE74A66B6B6B.e.1499/click - {}
RESULT: {}
RESULT: {}
COMMAND: GET /session/4a7493391aacd7fc37792e05064413e7/screenshot - {}
RESULT: {}
COMMAND: POST /session/4a7493391aacd7fc37792e05064413e7/element - {"using":"xpath","value":"//span[@id=\"application-managepartners-display-component---NewPartner--addressNewCostObjectCstID-vhi\"]"}
RESULT: {"using":"xpath","value":"//span[@id=\"application-managepartners-display-component---NewPartner--addressNewCostObjectCstID-vhi\"]"}
COMMAND: POST /session/4a7493391aacd7fc37792e05064413e7/execute/sync - {"script":"<script> [8489 bytes]","args":[{"element-6066-11e4-a52e-4f735466cecf":"f.E133658EE593DCD45430D97DE730ABAE.d.5AE756005F863763BA7ACE74A66B6B6B.e.1503","ELEMENT":"f.E133658EE593DCD45430D97DE730ABAE.d.5AE756005F863763BA7ACE74A66B6B6B.e.1503"}]}
RESULT: {"script":"<script> [8489 bytes]","args":[{"element-6066-11e4-a52e-4f735466cecf":"f.E133658EE593DCD45430D97DE730ABAE.d.5AE756005F863763BA7ACE74A66B6B6B.e.1503","ELEMENT":"f.E133658EE593DCD45430D97DE730ABAE.d.5AE756005F863763BA7ACE74A66B6B6B.e.1503"}]}
COMMAND: POST /session/4a7493391aacd7fc37792e05064413e7/execute/async - {"script":"<script> [1562 bytes]","args":[{"selector":{"id":"application-managepartners-display-component---NewPartner--addressNewCostObjectCstID-vhi"},"wdio_ui5_key":"applicationmanagepartners-display-component---NewPartner--addressNewCostObjectCstID-vhi"}]}
COMMAND: GET /session/4a7493391aacd7fc37792e05064413e7/screenshot - {}
RESULT: {"script":"<script> [1562 bytes]","args":[{"selector":{"id":"application-managepartners-display-component---NewPartner--addressNewCostObjectCstID-vhi"},"wdio_ui5_key":"applicationmanagepartners-display-component---NewPartner--addressNewCostObjectCstID-vhi"}]}
RESULT: undefined
COMMAND: POST /session/4a7493391aacd7fc37792e05064413e7/element - {"using":"xpath","value":"//*[@id=\"application-managepartners-display-component---NewPartner--addressNewCostObjectCstID-vhi\"]"}
RESULT: {}
RESULT: {"using":"xpath","value":"//*[@id=\"application-managepartners-display-component---NewPartner--addressNewCostObjectCstID-vhi\"]"}
COMMAND: POST /session/4a7493391aacd7fc37792e05064413e7/element/f.E133658EE593DCD45430D97DE730ABAE.d.5AE756005F863763BA7ACE74A66B6B6B.e.1503/click - {}
RESULT: {}
COMMAND: GET /session/4a7493391aacd7fc37792e05064413e7/screenshot - {}
RESULT: {}
RESULT: undefined
COMMAND: POST /session/4a7493391aacd7fc37792e05064413e7/execute/async - {"script":"<script> [776 bytes]","args":[{"enterText":"10001013","selector":{"controlType":"sap.m.SearchField","properties":{"placeholder":"Search"},"searchOpenDialogs":true,"interaction":{"idSuffix":"I"}},"clearTextFirst":true,"interactionType":"ENTER_TEXT"}]}
RESULT: {"script":"<script> [776 bytes]","args":[{"enterText":"10001013","selector":{"controlType":"sap.m.SearchField","properties":{"placeholder":"Search"},"searchOpenDialogs":true,"interaction":{"idSuffix":"I"}},"clearTextFirst":true,"interactionType":"ENTER_TEXT"}]}
COMMAND: POST /session/4a7493391aacd7fc37792e05064413e7/actions - {"actions":[{"id":"action2","type":"key","parameters":{},"actions":[{"type":"keyDown","value":"î€‡"},{"type":"pause","duration":10},{"type":"keyUp","value":"î€‡"}]}]}
RESULT: {"actions":[{"id":"action2","type":"key","parameters":{},"actions":[{"type":"keyDown","value":"î€‡"},{"type":"pause","duration":10},{"type":"keyUp","value":"î€‡"}]}]}
COMMAND: GET /session/4a7493391aacd7fc37792e05064413e7/screenshot - {}
RESULT: {}
COMMAND: POST /session/4a7493391aacd7fc37792e05064413e7/element - {"using":"xpath","value":"//span[contains(text(), \"General Management\")]"}
RESULT: {"using":"xpath","value":"//span[contains(text(), \"General Management\")]"}
COMMAND: POST /session/4a7493391aacd7fc37792e05064413e7/element/f.E133658EE593DCD45430D97DE730ABAE.d.5AE756005F863763BA7ACE74A66B6B6B.e.1542/click - {}
RESULT: {}
COMMAND: GET /session/4a7493391aacd7fc37792e05064413e7/screenshot - {}
RESULT: {}
COMMAND: POST /session/4a7493391aacd7fc37792e05064413e7/element - {"using":"xpath","value":"//bdi[contains(text(), \"OK\")]"}
RESULT: {"using":"xpath","value":"//bdi[contains(text(), \"OK\")]"}
COMMAND: POST /session/4a7493391aacd7fc37792e05064413e7/element/f.E133658EE593DCD45430D97DE730ABAE.d.5AE756005F863763BA7ACE74A66B6B6B.e.1543/click - {}
RESULT: {}
COMMAND: GET /session/4a7493391aacd7fc37792e05064413e7/screenshot - {}
RESULT: {}
COMMAND: POST /session/4a7493391aacd7fc37792e05064413e7/element - {"using":"xpath","value":"//input[@id=\"application-managepartners-display-component---NewPartner--companyCodeComboBox-inner\"]"}
RESULT: {"using":"xpath","value":"//input[@id=\"application-managepartners-display-component---NewPartner--companyCodeComboBox-inner\"]"}
COMMAND: POST /session/4a7493391aacd7fc37792e05064413e7/element/f.E133658EE593DCD45430D97DE730ABAE.d.5AE756005F863763BA7ACE74A66B6B6B.e.1344/clear - {}
RESULT: {}
COMMAND: POST /session/4a7493391aacd7fc37792e05064413e7/element/f.E133658EE593DCD45430D97DE730ABAE.d.5AE756005F863763BA7ACE74A66B6B6B.e.1344/value - {"text":"C002"}
COMMAND: GET /session/4a7493391aacd7fc37792e05064413e7/screenshot - {}
RESULT: {"text":"C002"}
COMMAND: GET /session/4a7493391aacd7fc37792e05064413e7/screenshot - {}
RESULT: {}
RESULT: {}
COMMAND: POST /session/4a7493391aacd7fc37792e05064413e7/element - {"using":"xpath","value":"//span[contains(text(), \"C002\")]"}
RESULT: {"using":"xpath","value":"//span[contains(text(), \"C002\")]"}
COMMAND: POST /session/4a7493391aacd7fc37792e05064413e7/element/f.E133658EE593DCD45430D97DE730ABAE.d.5AE756005F863763BA7ACE74A66B6B6B.e.1549/click - {}
RESULT: {}
COMMAND: GET /session/4a7493391aacd7fc37792e05064413e7/screenshot - {}
RESULT: {}
COMMAND: POST /session/4a7493391aacd7fc37792e05064413e7/execute/async - {"script":"<script> [1562 bytes]","args":[{"selector":{"id":"application-managepartners-display-component---NewPartner--btnAddTableRow-img"},"wdio_ui5_key":"applicationmanagepartners-display-component---NewPartner--btnAddTableRow-img"}]}
RESULT: {"script":"<script> [1562 bytes]","args":[{"selector":{"id":"application-managepartners-display-component---NewPartner--btnAddTableRow-img"},"wdio_ui5_key":"applicationmanagepartners-display-component---NewPartner--btnAddTableRow-img"}]}
RESULT: undefined
COMMAND: POST /session/4a7493391aacd7fc37792e05064413e7/element - {"using":"xpath","value":"//*[@id=\"application-managepartners-display-component---NewPartner--btnAddTableRow-img\"]"}
RESULT: {"using":"xpath","value":"//*[@id=\"application-managepartners-display-component---NewPartner--btnAddTableRow-img\"]"}
COMMAND: POST /session/4a7493391aacd7fc37792e05064413e7/element/f.E133658EE593DCD45430D97DE730ABAE.d.5AE756005F863763BA7ACE74A66B6B6B.e.1550/click - {}
RESULT: {}
COMMAND: GET /session/4a7493391aacd7fc37792e05064413e7/screenshot - {}
RESULT: {}
COMMAND: POST /session/4a7493391aacd7fc37792e05064413e7/element - {"using":"xpath","value":"//input[@id=\"application-managepartners-display-component---NewPartner--assignmentYard-application-managepartners-display-component---NewPartner--assignmentsTable-0-inner\"]"}
RESULT: {"using":"xpath","value":"//input[@id=\"application-managepartners-display-component---NewPartner--assignmentYard-application-managepartners-display-component---NewPartner--assignmentsTable-0-inner\"]"}
COMMAND: POST /session/4a7493391aacd7fc37792e05064413e7/element/f.E133658EE593DCD45430D97DE730ABAE.d.5AE756005F863763BA7ACE74A66B6B6B.e.1553/clear - {}
RESULT: {}
COMMAND: POST /session/4a7493391aacd7fc37792e05064413e7/element/f.E133658EE593DCD45430D97DE730ABAE.d.5AE756005F863763BA7ACE74A66B6B6B.e.1553/value - {"text":"415"}
COMMAND: GET /session/4a7493391aacd7fc37792e05064413e7/screenshot - {}
RESULT: {"text":"415"}
COMMAND: GET /session/4a7493391aacd7fc37792e05064413e7/screenshot - {}
RESULT: {}
RESULT: {}
COMMAND: POST /session/4a7493391aacd7fc37792e05064413e7/element - {"using":"xpath","value":"//li[.//span[text()='415']]"}
RESULT: {"using":"xpath","value":"//li[.//span[text()='415']]"}
COMMAND: POST /session/4a7493391aacd7fc37792e05064413e7/element/f.E133658EE593DCD45430D97DE730ABAE.d.5AE756005F863763BA7ACE74A66B6B6B.e.1562/click - {}
RESULT: {}
COMMAND: GET /session/4a7493391aacd7fc37792e05064413e7/screenshot - {}
RESULT: {}
COMMAND: POST /session/4a7493391aacd7fc37792e05064413e7/actions - {"actions":[{"id":"action3","type":"key","parameters":{},"actions":[{"type":"keyDown","value":"î€‡"},{"type":"pause","duration":10},{"type":"keyUp","value":"î€‡"}]}]}
RESULT: {"actions":[{"id":"action3","type":"key","parameters":{},"actions":[{"type":"keyDown","value":"î€‡"},{"type":"pause","duration":10},{"type":"keyUp","value":"î€‡"}]}]}
COMMAND: POST /session/4a7493391aacd7fc37792e05064413e7/execute/async - {"script":"<script> [1562 bytes]","args":[{"selector":{"id":"application-managepartners-display-component---NewPartner--externalCustomerComboBox-application-managepartners-display-component---NewPartner--assignmentsTable-0-vhi"},"wdio_ui5_key":"applicationmanagepartners-display-component---NewPartner--externalCustomerComboBox-application-managepartners-display-component---NewPartner--assignmentsTable-0-vhi"}]}
COMMAND: GET /session/4a7493391aacd7fc37792e05064413e7/screenshot - {}
RESULT: {"script":"<script> [1562 bytes]","args":[{"selector":{"id":"application-managepartners-display-component---NewPartner--externalCustomerComboBox-application-managepartners-display-component---NewPartner--assignmentsTable-0-vhi"},"wdio_ui5_key":"applicationmanagepartners-display-component---NewPartner--externalCustomerComboBox-application-managepartners-display-component---NewPartner--assignmentsTable-0-vhi"}]}
RESULT: undefined
COMMAND: POST /session/4a7493391aacd7fc37792e05064413e7/element - {"using":"xpath","value":"//*[@id=\"application-managepartners-display-component---NewPartner--externalCustomerComboBox-application-managepartners-display-component---NewPartner--assignmentsTable-0-vhi\"]"}
RESULT: {}
RESULT: {"using":"xpath","value":"//*[@id=\"application-managepartners-display-component---NewPartner--externalCustomerComboBox-application-managepartners-display-component---NewPartner--assignmentsTable-0-vhi\"]"}
COMMAND: POST /session/4a7493391aacd7fc37792e05064413e7/element/f.E133658EE593DCD45430D97DE730ABAE.d.5AE756005F863763BA7ACE74A66B6B6B.e.1566/click - {}
RESULT: {}
RESULT: undefined
COMMAND: POST /session/4a7493391aacd7fc37792e05064413e7/execute/async - {"script":"<script> [776 bytes]","args":[{"enterText":"300003","selector":{"controlType":"sap.m.SearchField","properties":{"placeholder":"Search"},"searchOpenDialogs":true,"interaction":{"idSuffix":"I"}},"clearTextFirst":true,"interactionType":"ENTER_TEXT"}]}
COMMAND: GET /session/4a7493391aacd7fc37792e05064413e7/screenshot - {}
RESULT: {"script":"<script> [776 bytes]","args":[{"enterText":"300003","selector":{"controlType":"sap.m.SearchField","properties":{"placeholder":"Search"},"searchOpenDialogs":true,"interaction":{"idSuffix":"I"}},"clearTextFirst":true,"interactionType":"ENTER_TEXT"}]}
COMMAND: POST /session/4a7493391aacd7fc37792e05064413e7/actions - {"actions":[{"id":"action4","type":"key","parameters":{},"actions":[{"type":"keyDown","value":"î€‡"},{"type":"pause","duration":10},{"type":"keyUp","value":"î€‡"}]}]}
RESULT: {}
RESULT: {"actions":[{"id":"action4","type":"key","parameters":{},"actions":[{"type":"keyDown","value":"î€‡"},{"type":"pause","duration":10},{"type":"keyUp","value":"î€‡"}]}]}
COMMAND: GET /session/4a7493391aacd7fc37792e05064413e7/screenshot - {}
RESULT: {}
COMMAND: POST /session/4a7493391aacd7fc37792e05064413e7/element - {"using":"xpath","value":"//span[contains(text(), \"300003\")]"}
RESULT: {"using":"xpath","value":"//span[contains(text(), \"300003\")]"}
COMMAND: POST /session/4a7493391aacd7fc37792e05064413e7/element/f.E133658EE593DCD45430D97DE730ABAE.d.5AE756005F863763BA7ACE74A66B6B6B.e.1583/click - {}
RESULT: {}
COMMAND: GET /session/4a7493391aacd7fc37792e05064413e7/screenshot - {}
RESULT: {}
COMMAND: POST /session/4a7493391aacd7fc37792e05064413e7/element - {"using":"xpath","value":"//bdi[contains(text(), \"OK\")]"}
RESULT: {"using":"xpath","value":"//bdi[contains(text(), \"OK\")]"}
COMMAND: POST /session/4a7493391aacd7fc37792e05064413e7/element/f.E133658EE593DCD45430D97DE730ABAE.d.5AE756005F863763BA7ACE74A66B6B6B.e.1585/click - {}
RESULT: {}
COMMAND: GET /session/4a7493391aacd7fc37792e05064413e7/screenshot - {}
RESULT: {}
COMMAND: POST /session/4a7493391aacd7fc37792e05064413e7/execute/async - {"script":"<script> [1562 bytes]","args":[{"selector":{"id":"application-managepartners-display-component---NewPartner--intercompVendorComboBox-application-managepartners-display-component---NewPartner--assignmentsTable-0-vhi"},"wdio_ui5_key":"applicationmanagepartners-display-component---NewPartner--intercompVendorComboBox-application-managepartners-display-component---NewPartner--assignmentsTable-0-vhi"}]}
RESULT: {"script":"<script> [1562 bytes]","args":[{"selector":{"id":"application-managepartners-display-component---NewPartner--intercompVendorComboBox-application-managepartners-display-component---NewPartner--assignmentsTable-0-vhi"},"wdio_ui5_key":"applicationmanagepartners-display-component---NewPartner--intercompVendorComboBox-application-managepartners-display-component---NewPartner--assignmentsTable-0-vhi"}]}
RESULT: undefined
COMMAND: POST /session/4a7493391aacd7fc37792e05064413e7/element - {"using":"xpath","value":"//*[@id=\"application-managepartners-display-component---NewPartner--intercompVendorComboBox-application-managepartners-display-component---NewPartner--assignmentsTable-0-vhi\"]"}
RESULT: {"using":"xpath","value":"//*[@id=\"application-managepartners-display-component---NewPartner--intercompVendorComboBox-application-managepartners-display-component---NewPartner--assignmentsTable-0-vhi\"]"}
COMMAND: POST /session/4a7493391aacd7fc37792e05064413e7/element/f.E133658EE593DCD45430D97DE730ABAE.d.5AE756005F863763BA7ACE74A66B6B6B.e.1588/click - {}
RESULT: {}
RESULT: undefined
COMMAND: POST /session/4a7493391aacd7fc37792e05064413e7/execute/async - {"script":"<script> [776 bytes]","args":[{"enterText":"100005","selector":{"controlType":"sap.m.SearchField","properties":{"placeholder":"Search"},"searchOpenDialogs":true,"interaction":{"idSuffix":"I"}},"clearTextFirst":true,"interactionType":"ENTER_TEXT"}]}
COMMAND: GET /session/4a7493391aacd7fc37792e05064413e7/screenshot - {}
RESULT: {"script":"<script> [776 bytes]","args":[{"enterText":"100005","selector":{"controlType":"sap.m.SearchField","properties":{"placeholder":"Search"},"searchOpenDialogs":true,"interaction":{"idSuffix":"I"}},"clearTextFirst":true,"interactionType":"ENTER_TEXT"}]}
COMMAND: POST /session/4a7493391aacd7fc37792e05064413e7/actions - {"actions":[{"id":"action5","type":"key","parameters":{},"actions":[{"type":"keyDown","value":"î€‡"},{"type":"pause","duration":10},{"type":"keyUp","value":"î€‡"}]}]}
RESULT: {}
RESULT: {"actions":[{"id":"action5","type":"key","parameters":{},"actions":[{"type":"keyDown","value":"î€‡"},{"type":"pause","duration":10},{"type":"keyUp","value":"î€‡"}]}]}
COMMAND: GET /session/4a7493391aacd7fc37792e05064413e7/screenshot - {}
RESULT: {}
COMMAND: POST /session/4a7493391aacd7fc37792e05064413e7/element - {"using":"xpath","value":"//span[contains(text(), \"Penguins - Field/12345 Berlin\")]"}
RESULT: {"using":"xpath","value":"//span[contains(text(), \"Penguins - Field/12345 Berlin\")]"}
COMMAND: POST /session/4a7493391aacd7fc37792e05064413e7/element/f.E133658EE593DCD45430D97DE730ABAE.d.5AE756005F863763BA7ACE74A66B6B6B.e.1607/click - {}
RESULT: {}
COMMAND: GET /session/4a7493391aacd7fc37792e05064413e7/screenshot - {}
RESULT: {}
COMMAND: POST /session/4a7493391aacd7fc37792e05064413e7/element - {"using":"xpath","value":"//bdi[contains(text(), \"OK\")]"}
RESULT: {"using":"xpath","value":"//bdi[contains(text(), \"OK\")]"}
COMMAND: POST /session/4a7493391aacd7fc37792e05064413e7/element/f.E133658EE593DCD45430D97DE730ABAE.d.5AE756005F863763BA7ACE74A66B6B6B.e.1608/click - {}
RESULT: {}
COMMAND: GET /session/4a7493391aacd7fc37792e05064413e7/screenshot - {}
RESULT: {}
COMMAND: POST /session/4a7493391aacd7fc37792e05064413e7/element - {"using":"xpath","value":"//button[@data-kt=\"saveButton\"]"}
RESULT: {"using":"xpath","value":"//button[@data-kt=\"saveButton\"]"}
COMMAND: POST /session/4a7493391aacd7fc37792e05064413e7/element/f.E133658EE593DCD45430D97DE730ABAE.d.5AE756005F863763BA7ACE74A66B6B6B.e.1415/click - {}
RESULT: {}
COMMAND: GET /session/4a7493391aacd7fc37792e05064413e7/screenshot - {}
RESULT: {}
COMMAND: POST /session/4a7493391aacd7fc37792e05064413e7/element - {"using":"xpath","value":"//header[contains(@id, 'ObjectPageLayout-headerTitle')]/div[1]/div[2]/div[2]/span[1]"}
RESULT: {"using":"xpath","value":"//header[contains(@id, 'ObjectPageLayout-headerTitle')]/div[1]/div[2]/div[2]/span[1]"}
COMMAND: POST /session/4a7493391aacd7fc37792e05064413e7/elements - {"using":"xpath","value":"//header[contains(@id, 'ObjectPageLayout-headerTitle')]/div[1]/div[2]/div[2]/span[1]"}
RESULT: {"using":"xpath","value":"//header[contains(@id, 'ObjectPageLayout-headerTitle')]/div[1]/div[2]/div[2]/span[1]"}
COMMAND: POST /session/4a7493391aacd7fc37792e05064413e7/execute/sync - {"script":"<script> [56 bytes]","args":[{"element-6066-11e4-a52e-4f735466cecf":"f.E133658EE593DCD45430D97DE730ABAE.d.5AE756005F863763BA7ACE74A66B6B6B.e.1773","ELEMENT":"f.E133658EE593DCD45430D97DE730ABAE.d.5AE756005F863763BA7ACE74A66B6B6B.e.1773"}]}
RESULT: {"script":"<script> [56 bytes]","args":[{"element-6066-11e4-a52e-4f735466cecf":"f.E133658EE593DCD45430D97DE730ABAE.d.5AE756005F863763BA7ACE74A66B6B6B.e.1773","ELEMENT":"f.E133658EE593DCD45430D97DE730ABAE.d.5AE756005F863763BA7ACE74A66B6B6B.e.1773"}]}
COMMAND: POST /session/4a7493391aacd7fc37792e05064413e7/element - {"using":"css selector","value":"#shell-header-logo"}
COMMAND: GET /session/4a7493391aacd7fc37792e05064413e7/screenshot - {}
RESULT: {"using":"css selector","value":"#shell-header-logo"}
COMMAND: POST /session/4a7493391aacd7fc37792e05064413e7/element/f.E133658EE593DCD45430D97DE730ABAE.d.5AE756005F863763BA7ACE74A66B6B6B.e.999/click - {}
RESULT: {}
RESULT: {}
COMMAND: GET /session/4a7493391aacd7fc37792e05064413e7/screenshot - {}
RESULT: {}
COMMAND: POST /session/4a7493391aacd7fc37792e05064413e7/execute/sync - {"script":"<script> [299 bytes]","args":[["getModel","getResource"]]}
RESULT: {"script":"<script> [299 bytes]","args":[["getModel","getResource"]]}
]]></system-out>
    </testcase>
    <testcase classname="chrome.135_0_7049_96.windows.Billing_Transfer_-_Master_data_&amp;_Intercompany_US127250" name="Should create a new site" time="88.093">
      <system-out><![CDATA[
COMMAND: GET /session/4a7493391aacd7fc37792e05064413e7/screenshot - {}
COMMAND: POST /session/4a7493391aacd7fc37792e05064413e7/execute/async - {"script":"<script> [1562 bytes]","args":[{"selector":{"controlType":"sap.m.TileContent","bindingPath":{"path":"","propertyPath":"/properties/info"},"ancestor":{"controlType":"sap.m.GenericTile","properties":{"header":"Manage Sites"}}},"wdio_ui5_key":"sapm.TileContent{\"path\":\"\",\"propertyPath\":\"/properties/info\"}{\"controlType\":\"sap.m.GenericTile\",\"properties\":{\"header\":\"Manage Sites\"}}"}]}
RESULT: {}
RESULT: {"script":"<script> [1562 bytes]","args":[{"selector":{"controlType":"sap.m.TileContent","bindingPath":{"path":"","propertyPath":"/properties/info"},"ancestor":{"controlType":"sap.m.GenericTile","properties":{"header":"Manage Sites"}}},"wdio_ui5_key":"sapm.TileContent{\"path\":\"\",\"propertyPath\":\"/properties/info\"}{\"controlType\":\"sap.m.GenericTile\",\"properties\":{\"header\":\"Manage Sites\"}}"}]}
RESULT: undefined
COMMAND: POST /session/4a7493391aacd7fc37792e05064413e7/element - {"using":"xpath","value":"//*[@id=\"__xmlview7--numericTileContent\"]"}
RESULT: {"using":"xpath","value":"//*[@id=\"__xmlview7--numericTileContent\"]"}
COMMAND: POST /session/4a7493391aacd7fc37792e05064413e7/element/f.E133658EE593DCD45430D97DE730ABAE.d.5AE756005F863763BA7ACE74A66B6B6B.e.1775/click - {}
RESULT: {}
COMMAND: POST /session/4a7493391aacd7fc37792e05064413e7/element - {"using":"xpath","value":"//button[@data-kt=\"addOverflowToolbarButton\"]"}
COMMAND: GET /session/4a7493391aacd7fc37792e05064413e7/screenshot - {}
RESULT: {"using":"xpath","value":"//button[@data-kt=\"addOverflowToolbarButton\"]"}
COMMAND: POST /session/4a7493391aacd7fc37792e05064413e7/elements - {"using":"xpath","value":"//button[@data-kt=\"addOverflowToolbarButton\"]"}
RESULT: {}
RESULT: {"using":"xpath","value":"//button[@data-kt=\"addOverflowToolbarButton\"]"}
COMMAND: POST /session/4a7493391aacd7fc37792e05064413e7/elements - {"using":"xpath","value":"//button[@data-kt=\"addOverflowToolbarButton\"]"}
RESULT: {"using":"xpath","value":"//button[@data-kt=\"addOverflowToolbarButton\"]"}
COMMAND: POST /session/4a7493391aacd7fc37792e05064413e7/elements - {"using":"xpath","value":"//button[@data-kt=\"addOverflowToolbarButton\"]"}
RESULT: {"using":"xpath","value":"//button[@data-kt=\"addOverflowToolbarButton\"]"}
COMMAND: POST /session/4a7493391aacd7fc37792e05064413e7/elements - {"using":"xpath","value":"//button[@data-kt=\"addOverflowToolbarButton\"]"}
RESULT: {"using":"xpath","value":"//button[@data-kt=\"addOverflowToolbarButton\"]"}
COMMAND: POST /session/4a7493391aacd7fc37792e05064413e7/element - {"using":"xpath","value":"//button[@data-kt=\"addOverflowToolbarButton\"]"}
RESULT: {"using":"xpath","value":"//button[@data-kt=\"addOverflowToolbarButton\"]"}
COMMAND: POST /session/4a7493391aacd7fc37792e05064413e7/execute/sync - {"script":"<script> [8489 bytes]","args":[{"element-6066-11e4-a52e-4f735466cecf":"f.E133658EE593DCD45430D97DE730ABAE.d.5AE756005F863763BA7ACE74A66B6B6B.e.1821","ELEMENT":"f.E133658EE593DCD45430D97DE730ABAE.d.5AE756005F863763BA7ACE74A66B6B6B.e.1821"}]}
RESULT: {"script":"<script> [8489 bytes]","args":[{"element-6066-11e4-a52e-4f735466cecf":"f.E133658EE593DCD45430D97DE730ABAE.d.5AE756005F863763BA7ACE74A66B6B6B.e.1821","ELEMENT":"f.E133658EE593DCD45430D97DE730ABAE.d.5AE756005F863763BA7ACE74A66B6B6B.e.1821"}]}
COMMAND: GET /session/4a7493391aacd7fc37792e05064413e7/element/f.E133658EE593DCD45430D97DE730ABAE.d.5AE756005F863763BA7ACE74A66B6B6B.e.1821/enabled - {}
COMMAND: GET /session/4a7493391aacd7fc37792e05064413e7/screenshot - {}
RESULT: {}
COMMAND: POST /session/4a7493391aacd7fc37792e05064413e7/execute/sync - {"script":"<script> [8489 bytes]","args":[{"element-6066-11e4-a52e-4f735466cecf":"f.E133658EE593DCD45430D97DE730ABAE.d.5AE756005F863763BA7ACE74A66B6B6B.e.1821","ELEMENT":"f.E133658EE593DCD45430D97DE730ABAE.d.5AE756005F863763BA7ACE74A66B6B6B.e.1821"}]}
COMMAND: GET /session/4a7493391aacd7fc37792e05064413e7/screenshot - {}
RESULT: {}
RESULT: {"script":"<script> [8489 bytes]","args":[{"element-6066-11e4-a52e-4f735466cecf":"f.E133658EE593DCD45430D97DE730ABAE.d.5AE756005F863763BA7ACE74A66B6B6B.e.1821","ELEMENT":"f.E133658EE593DCD45430D97DE730ABAE.d.5AE756005F863763BA7ACE74A66B6B6B.e.1821"}]}
COMMAND: POST /session/4a7493391aacd7fc37792e05064413e7/execute/sync - {"script":"<script> [5351 bytes]","args":[{"element-6066-11e4-a52e-4f735466cecf":"f.E133658EE593DCD45430D97DE730ABAE.d.5AE756005F863763BA7ACE74A66B6B6B.e.1821","ELEMENT":"f.E133658EE593DCD45430D97DE730ABAE.d.5AE756005F863763BA7ACE74A66B6B6B.e.1821"}]}
COMMAND: GET /session/4a7493391aacd7fc37792e05064413e7/screenshot - {}
RESULT: {}
RESULT: {"script":"<script> [5351 bytes]","args":[{"element-6066-11e4-a52e-4f735466cecf":"f.E133658EE593DCD45430D97DE730ABAE.d.5AE756005F863763BA7ACE74A66B6B6B.e.1821","ELEMENT":"f.E133658EE593DCD45430D97DE730ABAE.d.5AE756005F863763BA7ACE74A66B6B6B.e.1821"}]}
COMMAND: POST /session/4a7493391aacd7fc37792e05064413e7/element/f.E133658EE593DCD45430D97DE730ABAE.d.5AE756005F863763BA7ACE74A66B6B6B.e.1821/click - {}
COMMAND: GET /session/4a7493391aacd7fc37792e05064413e7/screenshot - {}
RESULT: {}
RESULT: {}
COMMAND: GET /session/4a7493391aacd7fc37792e05064413e7/screenshot - {}
RESULT: {}
RESULT: {}
COMMAND: POST /session/4a7493391aacd7fc37792e05064413e7/execute/async - {"script":"<script> [1562 bytes]","args":[{"selector":{"id":"application-managesites-display-component---NewSite--addressDetailDetailsName1","interaction":{"idSuffix":"inner"}},"wdio_ui5_key":"applicationmanagesites-display-component---NewSite--addressDetailDetailsName1"}]}
RESULT: {"script":"<script> [1562 bytes]","args":[{"selector":{"id":"application-managesites-display-component---NewSite--addressDetailDetailsName1","interaction":{"idSuffix":"inner"}},"wdio_ui5_key":"applicationmanagesites-display-component---NewSite--addressDetailDetailsName1"}]}
RESULT: undefined
COMMAND: POST /session/4a7493391aacd7fc37792e05064413e7/execute/async - {"script":"<script> [776 bytes]","args":[{"enterText":"Intercompany Site wdIO","selector":{"id":"application-managesites-display-component---NewSite--addressDetailDetailsName1","interaction":{"idSuffix":"inner"}},"clearTextFirst":true,"interactionType":"ENTER_TEXT"}]}
RESULT: {"script":"<script> [776 bytes]","args":[{"enterText":"Intercompany Site wdIO","selector":{"id":"application-managesites-display-component---NewSite--addressDetailDetailsName1","interaction":{"idSuffix":"inner"}},"clearTextFirst":true,"interactionType":"ENTER_TEXT"}]}
COMMAND: POST /session/4a7493391aacd7fc37792e05064413e7/execute/async - {"script":"<script> [1562 bytes]","args":[{"selector":{"id":"application-managesites-display-component---NewSite--addressDetailDetailsLanguage-arrow"},"wdio_ui5_key":"applicationmanagesites-display-component---NewSite--addressDetailDetailsLanguage-arrow"}]}
RESULT: {"script":"<script> [1562 bytes]","args":[{"selector":{"id":"application-managesites-display-component---NewSite--addressDetailDetailsLanguage-arrow"},"wdio_ui5_key":"applicationmanagesites-display-component---NewSite--addressDetailDetailsLanguage-arrow"}]}
RESULT: undefined
COMMAND: POST /session/4a7493391aacd7fc37792e05064413e7/element - {"using":"xpath","value":"//*[@id=\"application-managesites-display-component---NewSite--addressDetailDetailsLanguage-arrow\"]"}
RESULT: {"using":"xpath","value":"//*[@id=\"application-managesites-display-component---NewSite--addressDetailDetailsLanguage-arrow\"]"}
COMMAND: POST /session/4a7493391aacd7fc37792e05064413e7/element/f.E133658EE593DCD45430D97DE730ABAE.d.5AE756005F863763BA7ACE74A66B6B6B.e.2438/click - {}
RESULT: {}
COMMAND: POST /session/4a7493391aacd7fc37792e05064413e7/element - {"using":"xpath","value":"//span[contains(text(), \"English\")]"}
COMMAND: GET /session/4a7493391aacd7fc37792e05064413e7/screenshot - {}
RESULT: {"using":"xpath","value":"//span[contains(text(), \"English\")]"}
COMMAND: POST /session/4a7493391aacd7fc37792e05064413e7/element/f.E133658EE593DCD45430D97DE730ABAE.d.5AE756005F863763BA7ACE74A66B6B6B.e.2439/click - {}
RESULT: {}
RESULT: {}
COMMAND: POST /session/4a7493391aacd7fc37792e05064413e7/execute/async - {"script":"<script> [1562 bytes]","args":[{"selector":{"id":"application-managesites-display-component---NewSite--addressDetailDetailsCity1","interaction":{"idSuffix":"inner"}},"wdio_ui5_key":"applicationmanagesites-display-component---NewSite--addressDetailDetailsCity1"}]}
COMMAND: GET /session/4a7493391aacd7fc37792e05064413e7/screenshot - {}
RESULT: {"script":"<script> [1562 bytes]","args":[{"selector":{"id":"application-managesites-display-component---NewSite--addressDetailDetailsCity1","interaction":{"idSuffix":"inner"}},"wdio_ui5_key":"applicationmanagesites-display-component---NewSite--addressDetailDetailsCity1"}]}
RESULT: undefined
COMMAND: POST /session/4a7493391aacd7fc37792e05064413e7/execute/async - {"script":"<script> [776 bytes]","args":[{"enterText":"Rosario","selector":{"id":"application-managesites-display-component---NewSite--addressDetailDetailsCity1","interaction":{"idSuffix":"inner"}},"clearTextFirst":true,"interactionType":"ENTER_TEXT"}]}
RESULT: {}
RESULT: {"script":"<script> [776 bytes]","args":[{"enterText":"Rosario","selector":{"id":"application-managesites-display-component---NewSite--addressDetailDetailsCity1","interaction":{"idSuffix":"inner"}},"clearTextFirst":true,"interactionType":"ENTER_TEXT"}]}
COMMAND: POST /session/4a7493391aacd7fc37792e05064413e7/execute/async - {"script":"<script> [1562 bytes]","args":[{"selector":{"id":"application-managesites-display-component---NewSite--addressDetailDetailsCountry-arrow"},"wdio_ui5_key":"applicationmanagesites-display-component---NewSite--addressDetailDetailsCountry-arrow"}]}
RESULT: {"script":"<script> [1562 bytes]","args":[{"selector":{"id":"application-managesites-display-component---NewSite--addressDetailDetailsCountry-arrow"},"wdio_ui5_key":"applicationmanagesites-display-component---NewSite--addressDetailDetailsCountry-arrow"}]}
RESULT: undefined
COMMAND: POST /session/4a7493391aacd7fc37792e05064413e7/element - {"using":"xpath","value":"//*[@id=\"application-managesites-display-component---NewSite--addressDetailDetailsCountry-arrow\"]"}
RESULT: {"using":"xpath","value":"//*[@id=\"application-managesites-display-component---NewSite--addressDetailDetailsCountry-arrow\"]"}
COMMAND: POST /session/4a7493391aacd7fc37792e05064413e7/element/f.E133658EE593DCD45430D97DE730ABAE.d.5AE756005F863763BA7ACE74A66B6B6B.e.2441/click - {}
RESULT: {}
COMMAND: POST /session/4a7493391aacd7fc37792e05064413e7/element - {"using":"xpath","value":"//span[contains(text(), \"Argentina\")]"}
COMMAND: GET /session/4a7493391aacd7fc37792e05064413e7/screenshot - {}
RESULT: {"using":"xpath","value":"//span[contains(text(), \"Argentina\")]"}
COMMAND: POST /session/4a7493391aacd7fc37792e05064413e7/element/f.E133658EE593DCD45430D97DE730ABAE.d.5AE756005F863763BA7ACE74A66B6B6B.e.2442/click - {}
RESULT: {}
RESULT: {}
COMMAND: GET /session/4a7493391aacd7fc37792e05064413e7/screenshot - {}
RESULT: {}
COMMAND: POST /session/4a7493391aacd7fc37792e05064413e7/execute/async - {"script":"<script> [1562 bytes]","args":[{"selector":{"id":"application-managesites-display-component---NewSite--addressEditDetailsCostObjectCstType-arrow"},"wdio_ui5_key":"applicationmanagesites-display-component---NewSite--addressEditDetailsCostObjectCstType-arrow"}]}
RESULT: {"script":"<script> [1562 bytes]","args":[{"selector":{"id":"application-managesites-display-component---NewSite--addressEditDetailsCostObjectCstType-arrow"},"wdio_ui5_key":"applicationmanagesites-display-component---NewSite--addressEditDetailsCostObjectCstType-arrow"}]}
RESULT: undefined
COMMAND: POST /session/4a7493391aacd7fc37792e05064413e7/element - {"using":"xpath","value":"//*[@id=\"application-managesites-display-component---NewSite--addressEditDetailsCostObjectCstType-arrow\"]"}
RESULT: {"using":"xpath","value":"//*[@id=\"application-managesites-display-component---NewSite--addressEditDetailsCostObjectCstType-arrow\"]"}
COMMAND: POST /session/4a7493391aacd7fc37792e05064413e7/element/f.E133658EE593DCD45430D97DE730ABAE.d.5AE756005F863763BA7ACE74A66B6B6B.e.2444/click - {}
RESULT: {}
COMMAND: POST /session/4a7493391aacd7fc37792e05064413e7/element - {"using":"xpath","value":"//span[contains(text(), \"Cost Center\")]"}
COMMAND: GET /session/4a7493391aacd7fc37792e05064413e7/screenshot - {}
RESULT: {"using":"xpath","value":"//span[contains(text(), \"Cost Center\")]"}
COMMAND: POST /session/4a7493391aacd7fc37792e05064413e7/element/f.E133658EE593DCD45430D97DE730ABAE.d.5AE756005F863763BA7ACE74A66B6B6B.e.2445/click - {}
RESULT: {}
RESULT: {}
COMMAND: GET /session/4a7493391aacd7fc37792e05064413e7/screenshot - {}
RESULT: {}
COMMAND: POST /session/4a7493391aacd7fc37792e05064413e7/element - {"using":"xpath","value":"//span[@id=\"application-managesites-display-component---NewSite--addressNewCostObjectCstID-vhi\"]"}
RESULT: {"using":"xpath","value":"//span[@id=\"application-managesites-display-component---NewSite--addressNewCostObjectCstID-vhi\"]"}
COMMAND: POST /session/4a7493391aacd7fc37792e05064413e7/execute/sync - {"script":"<script> [8489 bytes]","args":[{"element-6066-11e4-a52e-4f735466cecf":"f.E133658EE593DCD45430D97DE730ABAE.d.5AE756005F863763BA7ACE74A66B6B6B.e.2450","ELEMENT":"f.E133658EE593DCD45430D97DE730ABAE.d.5AE756005F863763BA7ACE74A66B6B6B.e.2450"}]}
RESULT: {"script":"<script> [8489 bytes]","args":[{"element-6066-11e4-a52e-4f735466cecf":"f.E133658EE593DCD45430D97DE730ABAE.d.5AE756005F863763BA7ACE74A66B6B6B.e.2450","ELEMENT":"f.E133658EE593DCD45430D97DE730ABAE.d.5AE756005F863763BA7ACE74A66B6B6B.e.2450"}]}
COMMAND: POST /session/4a7493391aacd7fc37792e05064413e7/execute/async - {"script":"<script> [1562 bytes]","args":[{"selector":{"id":"application-managesites-display-component---NewSite--addressNewCostObjectCstID-vhi"},"wdio_ui5_key":"applicationmanagesites-display-component---NewSite--addressNewCostObjectCstID-vhi"}]}
COMMAND: GET /session/4a7493391aacd7fc37792e05064413e7/screenshot - {}
RESULT: {"script":"<script> [1562 bytes]","args":[{"selector":{"id":"application-managesites-display-component---NewSite--addressNewCostObjectCstID-vhi"},"wdio_ui5_key":"applicationmanagesites-display-component---NewSite--addressNewCostObjectCstID-vhi"}]}
RESULT: undefined
COMMAND: POST /session/4a7493391aacd7fc37792e05064413e7/element - {"using":"xpath","value":"//*[@id=\"application-managesites-display-component---NewSite--addressNewCostObjectCstID-vhi\"]"}
RESULT: {}
RESULT: {"using":"xpath","value":"//*[@id=\"application-managesites-display-component---NewSite--addressNewCostObjectCstID-vhi\"]"}
COMMAND: POST /session/4a7493391aacd7fc37792e05064413e7/element/f.E133658EE593DCD45430D97DE730ABAE.d.5AE756005F863763BA7ACE74A66B6B6B.e.2450/click - {}
RESULT: {}
COMMAND: GET /session/4a7493391aacd7fc37792e05064413e7/screenshot - {}
RESULT: {}
RESULT: undefined
COMMAND: POST /session/4a7493391aacd7fc37792e05064413e7/execute/async - {"script":"<script> [776 bytes]","args":[{"enterText":"10001013","selector":{"controlType":"sap.m.SearchField","properties":{"placeholder":"Search"},"searchOpenDialogs":true,"interaction":{"idSuffix":"I"}},"clearTextFirst":true,"interactionType":"ENTER_TEXT"}]}
RESULT: {"script":"<script> [776 bytes]","args":[{"enterText":"10001013","selector":{"controlType":"sap.m.SearchField","properties":{"placeholder":"Search"},"searchOpenDialogs":true,"interaction":{"idSuffix":"I"}},"clearTextFirst":true,"interactionType":"ENTER_TEXT"}]}
COMMAND: POST /session/4a7493391aacd7fc37792e05064413e7/actions - {"actions":[{"id":"action6","type":"key","parameters":{},"actions":[{"type":"keyDown","value":"î€‡"},{"type":"pause","duration":10},{"type":"keyUp","value":"î€‡"}]}]}
RESULT: {"actions":[{"id":"action6","type":"key","parameters":{},"actions":[{"type":"keyDown","value":"î€‡"},{"type":"pause","duration":10},{"type":"keyUp","value":"î€‡"}]}]}
COMMAND: GET /session/4a7493391aacd7fc37792e05064413e7/screenshot - {}
RESULT: {}
COMMAND: POST /session/4a7493391aacd7fc37792e05064413e7/element - {"using":"xpath","value":"//span[contains(text(), \"General Management\")]"}
RESULT: {"using":"xpath","value":"//span[contains(text(), \"General Management\")]"}
COMMAND: POST /session/4a7493391aacd7fc37792e05064413e7/element/f.E133658EE593DCD45430D97DE730ABAE.d.5AE756005F863763BA7ACE74A66B6B6B.e.2489/click - {}
RESULT: {}
COMMAND: GET /session/4a7493391aacd7fc37792e05064413e7/screenshot - {}
RESULT: {}
COMMAND: POST /session/4a7493391aacd7fc37792e05064413e7/element - {"using":"xpath","value":"//bdi[contains(text(), \"OK\")]"}
RESULT: {"using":"xpath","value":"//bdi[contains(text(), \"OK\")]"}
COMMAND: POST /session/4a7493391aacd7fc37792e05064413e7/element/f.E133658EE593DCD45430D97DE730ABAE.d.5AE756005F863763BA7ACE74A66B6B6B.e.2490/click - {}
RESULT: {}
COMMAND: GET /session/4a7493391aacd7fc37792e05064413e7/screenshot - {}
RESULT: {}
COMMAND: POST /session/4a7493391aacd7fc37792e05064413e7/element - {"using":"xpath","value":"//input[@id=\"application-managesites-display-component---NewSite--addressDetailDetailsCalendar-inner\"]"}
RESULT: {"using":"xpath","value":"//input[@id=\"application-managesites-display-component---NewSite--addressDetailDetailsCalendar-inner\"]"}
COMMAND: POST /session/4a7493391aacd7fc37792e05064413e7/element/f.E133658EE593DCD45430D97DE730ABAE.d.5AE756005F863763BA7ACE74A66B6B6B.e.2236/clear - {}
RESULT: {}
COMMAND: POST /session/4a7493391aacd7fc37792e05064413e7/element/f.E133658EE593DCD45430D97DE730ABAE.d.5AE756005F863763BA7ACE74A66B6B6B.e.2236/value - {"text":"Unit"}
COMMAND: GET /session/4a7493391aacd7fc37792e05064413e7/screenshot - {}
RESULT: {"text":"Unit"}
COMMAND: GET /session/4a7493391aacd7fc37792e05064413e7/screenshot - {}
RESULT: {}
RESULT: {}
COMMAND: POST /session/4a7493391aacd7fc37792e05064413e7/actions - {"actions":[{"id":"action7","type":"key","parameters":{},"actions":[{"type":"keyDown","value":"î€‡"},{"type":"pause","duration":10},{"type":"keyUp","value":"î€‡"}]}]}
RESULT: {"actions":[{"id":"action7","type":"key","parameters":{},"actions":[{"type":"keyDown","value":"î€‡"},{"type":"pause","duration":10},{"type":"keyUp","value":"î€‡"}]}]}
COMMAND: POST /session/4a7493391aacd7fc37792e05064413e7/element - {"using":"xpath","value":"//input[@id=\"application-managesites-display-component---NewSite--addressDetailDetailsYard-inner\"]"}
COMMAND: GET /session/4a7493391aacd7fc37792e05064413e7/screenshot - {}
RESULT: {"using":"xpath","value":"//input[@id=\"application-managesites-display-component---NewSite--addressDetailDetailsYard-inner\"]"}
COMMAND: POST /session/4a7493391aacd7fc37792e05064413e7/element/f.E133658EE593DCD45430D97DE730ABAE.d.5AE756005F863763BA7ACE74A66B6B6B.e.2237/clear - {}
RESULT: {}
RESULT: {}
COMMAND: POST /session/4a7493391aacd7fc37792e05064413e7/element/f.E133658EE593DCD45430D97DE730ABAE.d.5AE756005F863763BA7ACE74A66B6B6B.e.2237/value - {"text":"415"}
COMMAND: GET /session/4a7493391aacd7fc37792e05064413e7/screenshot - {}
RESULT: {"text":"415"}
COMMAND: GET /session/4a7493391aacd7fc37792e05064413e7/screenshot - {}
RESULT: {}
RESULT: {}
COMMAND: POST /session/4a7493391aacd7fc37792e05064413e7/element - {"using":"xpath","value":"//li[.//span[text()='415']]"}
RESULT: {"using":"xpath","value":"//li[.//span[text()='415']]"}
COMMAND: POST /session/4a7493391aacd7fc37792e05064413e7/element/f.E133658EE593DCD45430D97DE730ABAE.d.5AE756005F863763BA7ACE74A66B6B6B.e.2498/click - {}
RESULT: {}
COMMAND: GET /session/4a7493391aacd7fc37792e05064413e7/screenshot - {}
RESULT: {}
COMMAND: POST /session/4a7493391aacd7fc37792e05064413e7/element - {"using":"xpath","value":"//input[@id=\"application-managesites-display-component---NewSite--addressDetailDetailsPartner-inner\"]"}
RESULT: {"using":"xpath","value":"//input[@id=\"application-managesites-display-component---NewSite--addressDetailDetailsPartner-inner\"]"}
COMMAND: POST /session/4a7493391aacd7fc37792e05064413e7/element - {"using":"xpath","value":"//input[@id=\"application-managesites-display-component---NewSite--addressDetailDetailsPartner-inner\"]"}
RESULT: {"using":"xpath","value":"//input[@id=\"application-managesites-display-component---NewSite--addressDetailDetailsPartner-inner\"]"}
COMMAND: POST /session/4a7493391aacd7fc37792e05064413e7/element - {"using":"xpath","value":"//button[@data-kt=\"saveButton\"]"}
RESULT: {"using":"xpath","value":"//button[@data-kt=\"saveButton\"]"}
COMMAND: POST /session/4a7493391aacd7fc37792e05064413e7/element/f.E133658EE593DCD45430D97DE730ABAE.d.5AE756005F863763BA7ACE74A66B6B6B.e.2419/click - {}
RESULT: {}
COMMAND: GET /session/4a7493391aacd7fc37792e05064413e7/screenshot - {}
RESULT: {}
COMMAND: POST /session/4a7493391aacd7fc37792e05064413e7/element - {"using":"xpath","value":"//header[contains(@id, 'ObjectPageLayout-headerTitle')]/div[1]/div[2]/div[2]/span[1]"}
RESULT: {"using":"xpath","value":"//header[contains(@id, 'ObjectPageLayout-headerTitle')]/div[1]/div[2]/div[2]/span[1]"}
COMMAND: POST /session/4a7493391aacd7fc37792e05064413e7/elements - {"using":"xpath","value":"//header[contains(@id, 'ObjectPageLayout-headerTitle')]/div[1]/div[2]/div[2]/span[1]"}
RESULT: {"using":"xpath","value":"//header[contains(@id, 'ObjectPageLayout-headerTitle')]/div[1]/div[2]/div[2]/span[1]"}
COMMAND: POST /session/4a7493391aacd7fc37792e05064413e7/execute/sync - {"script":"<script> [56 bytes]","args":[{"element-6066-11e4-a52e-4f735466cecf":"f.E133658EE593DCD45430D97DE730ABAE.d.5AE756005F863763BA7ACE74A66B6B6B.e.2704","ELEMENT":"f.E133658EE593DCD45430D97DE730ABAE.d.5AE756005F863763BA7ACE74A66B6B6B.e.2704"}]}
RESULT: {"script":"<script> [56 bytes]","args":[{"element-6066-11e4-a52e-4f735466cecf":"f.E133658EE593DCD45430D97DE730ABAE.d.5AE756005F863763BA7ACE74A66B6B6B.e.2704","ELEMENT":"f.E133658EE593DCD45430D97DE730ABAE.d.5AE756005F863763BA7ACE74A66B6B6B.e.2704"}]}
COMMAND: POST /session/4a7493391aacd7fc37792e05064413e7/element - {"using":"css selector","value":"#shell-header-logo"}
COMMAND: GET /session/4a7493391aacd7fc37792e05064413e7/screenshot - {}
RESULT: {"using":"css selector","value":"#shell-header-logo"}
COMMAND: POST /session/4a7493391aacd7fc37792e05064413e7/element/f.E133658EE593DCD45430D97DE730ABAE.d.5AE756005F863763BA7ACE74A66B6B6B.e.1779/click - {}
RESULT: {}
RESULT: {}
COMMAND: GET /session/4a7493391aacd7fc37792e05064413e7/screenshot - {}
RESULT: {}
COMMAND: POST /session/4a7493391aacd7fc37792e05064413e7/execute/sync - {"script":"<script> [299 bytes]","args":[["getModel","getResource"]]}
RESULT: {"script":"<script> [299 bytes]","args":[["getModel","getResource"]]}
]]></system-out>
    </testcase>
    <testcase classname="chrome.135_0_7049_96.windows.Billing_Transfer_-_Master_data_&amp;_Intercompany_US127250" name="Should create a new equipment" time="114.603">
      <system-out><![CDATA[
COMMAND: POST /session/4a7493391aacd7fc37792e05064413e7/execute/async - {"script":"<script> [1562 bytes]","args":[{"selector":{"controlType":"sap.m.GenericTile","properties":{"header":"Manage Resources"}},"wdio_ui5_key":"sapm.GenericTile{\"header\":\"Manage Resources\"}"}]}
COMMAND: GET /session/4a7493391aacd7fc37792e05064413e7/screenshot - {}
RESULT: {"script":"<script> [1562 bytes]","args":[{"selector":{"controlType":"sap.m.GenericTile","properties":{"header":"Manage Resources"}},"wdio_ui5_key":"sapm.GenericTile{\"header\":\"Manage Resources\"}"}]}
RESULT: undefined
COMMAND: POST /session/4a7493391aacd7fc37792e05064413e7/element - {"using":"xpath","value":"//*[@id=\"__tile39\"]"}
RESULT: {}
RESULT: {"using":"xpath","value":"//*[@id=\"__tile39\"]"}
COMMAND: POST /session/4a7493391aacd7fc37792e05064413e7/element/f.E133658EE593DCD45430D97DE730ABAE.d.5AE756005F863763BA7ACE74A66B6B6B.e.151/click - {}
RESULT: {}
COMMAND: POST /session/4a7493391aacd7fc37792e05064413e7/element - {"using":"xpath","value":"//button[@data-kt=\"addNewRUOverflowToolbarButton\"]"}
COMMAND: GET /session/4a7493391aacd7fc37792e05064413e7/screenshot - {}
RESULT: {"using":"xpath","value":"//button[@data-kt=\"addNewRUOverflowToolbarButton\"]"}
COMMAND: POST /session/4a7493391aacd7fc37792e05064413e7/elements - {"using":"xpath","value":"//button[@data-kt=\"addNewRUOverflowToolbarButton\"]"}
RESULT: {}
RESULT: {"using":"xpath","value":"//button[@data-kt=\"addNewRUOverflowToolbarButton\"]"}
COMMAND: POST /session/4a7493391aacd7fc37792e05064413e7/elements - {"using":"xpath","value":"//button[@data-kt=\"addNewRUOverflowToolbarButton\"]"}
RESULT: {"using":"xpath","value":"//button[@data-kt=\"addNewRUOverflowToolbarButton\"]"}
COMMAND: POST /session/4a7493391aacd7fc37792e05064413e7/elements - {"using":"xpath","value":"//button[@data-kt=\"addNewRUOverflowToolbarButton\"]"}
RESULT: {"using":"xpath","value":"//button[@data-kt=\"addNewRUOverflowToolbarButton\"]"}
COMMAND: POST /session/4a7493391aacd7fc37792e05064413e7/elements - {"using":"xpath","value":"//button[@data-kt=\"addNewRUOverflowToolbarButton\"]"}
RESULT: {"using":"xpath","value":"//button[@data-kt=\"addNewRUOverflowToolbarButton\"]"}
COMMAND: POST /session/4a7493391aacd7fc37792e05064413e7/elements - {"using":"xpath","value":"//button[@data-kt=\"addNewRUOverflowToolbarButton\"]"}
RESULT: {"using":"xpath","value":"//button[@data-kt=\"addNewRUOverflowToolbarButton\"]"}
COMMAND: POST /session/4a7493391aacd7fc37792e05064413e7/elements - {"using":"xpath","value":"//button[@data-kt=\"addNewRUOverflowToolbarButton\"]"}
RESULT: {"using":"xpath","value":"//button[@data-kt=\"addNewRUOverflowToolbarButton\"]"}
COMMAND: POST /session/4a7493391aacd7fc37792e05064413e7/elements - {"using":"xpath","value":"//button[@data-kt=\"addNewRUOverflowToolbarButton\"]"}
RESULT: {"using":"xpath","value":"//button[@data-kt=\"addNewRUOverflowToolbarButton\"]"}
COMMAND: POST /session/4a7493391aacd7fc37792e05064413e7/elements - {"using":"xpath","value":"//button[@data-kt=\"addNewRUOverflowToolbarButton\"]"}
RESULT: {"using":"xpath","value":"//button[@data-kt=\"addNewRUOverflowToolbarButton\"]"}
COMMAND: POST /session/4a7493391aacd7fc37792e05064413e7/elements - {"using":"xpath","value":"//button[@data-kt=\"addNewRUOverflowToolbarButton\"]"}
RESULT: {"using":"xpath","value":"//button[@data-kt=\"addNewRUOverflowToolbarButton\"]"}
COMMAND: POST /session/4a7493391aacd7fc37792e05064413e7/elements - {"using":"xpath","value":"//button[@data-kt=\"addNewRUOverflowToolbarButton\"]"}
RESULT: {"using":"xpath","value":"//button[@data-kt=\"addNewRUOverflowToolbarButton\"]"}
COMMAND: POST /session/4a7493391aacd7fc37792e05064413e7/elements - {"using":"xpath","value":"//button[@data-kt=\"addNewRUOverflowToolbarButton\"]"}
RESULT: {"using":"xpath","value":"//button[@data-kt=\"addNewRUOverflowToolbarButton\"]"}
COMMAND: POST /session/4a7493391aacd7fc37792e05064413e7/elements - {"using":"xpath","value":"//button[@data-kt=\"addNewRUOverflowToolbarButton\"]"}
RESULT: {"using":"xpath","value":"//button[@data-kt=\"addNewRUOverflowToolbarButton\"]"}
COMMAND: POST /session/4a7493391aacd7fc37792e05064413e7/element - {"using":"xpath","value":"//button[@data-kt=\"addNewRUOverflowToolbarButton\"]"}
RESULT: {"using":"xpath","value":"//button[@data-kt=\"addNewRUOverflowToolbarButton\"]"}
COMMAND: POST /session/4a7493391aacd7fc37792e05064413e7/execute/sync - {"script":"<script> [8489 bytes]","args":[{"element-6066-11e4-a52e-4f735466cecf":"f.E133658EE593DCD45430D97DE730ABAE.d.5AE756005F863763BA7ACE74A66B6B6B.e.2735","ELEMENT":"f.E133658EE593DCD45430D97DE730ABAE.d.5AE756005F863763BA7ACE74A66B6B6B.e.2735"}]}
RESULT: {"script":"<script> [8489 bytes]","args":[{"element-6066-11e4-a52e-4f735466cecf":"f.E133658EE593DCD45430D97DE730ABAE.d.5AE756005F863763BA7ACE74A66B6B6B.e.2735","ELEMENT":"f.E133658EE593DCD45430D97DE730ABAE.d.5AE756005F863763BA7ACE74A66B6B6B.e.2735"}]}
COMMAND: GET /session/4a7493391aacd7fc37792e05064413e7/element/f.E133658EE593DCD45430D97DE730ABAE.d.5AE756005F863763BA7ACE74A66B6B6B.e.2735/enabled - {}
COMMAND: GET /session/4a7493391aacd7fc37792e05064413e7/screenshot - {}
RESULT: {}
COMMAND: POST /session/4a7493391aacd7fc37792e05064413e7/execute/sync - {"script":"<script> [8489 bytes]","args":[{"element-6066-11e4-a52e-4f735466cecf":"f.E133658EE593DCD45430D97DE730ABAE.d.5AE756005F863763BA7ACE74A66B6B6B.e.2735","ELEMENT":"f.E133658EE593DCD45430D97DE730ABAE.d.5AE756005F863763BA7ACE74A66B6B6B.e.2735"}]}
COMMAND: GET /session/4a7493391aacd7fc37792e05064413e7/screenshot - {}
RESULT: {}
RESULT: {"script":"<script> [8489 bytes]","args":[{"element-6066-11e4-a52e-4f735466cecf":"f.E133658EE593DCD45430D97DE730ABAE.d.5AE756005F863763BA7ACE74A66B6B6B.e.2735","ELEMENT":"f.E133658EE593DCD45430D97DE730ABAE.d.5AE756005F863763BA7ACE74A66B6B6B.e.2735"}]}
COMMAND: POST /session/4a7493391aacd7fc37792e05064413e7/execute/sync - {"script":"<script> [5351 bytes]","args":[{"element-6066-11e4-a52e-4f735466cecf":"f.E133658EE593DCD45430D97DE730ABAE.d.5AE756005F863763BA7ACE74A66B6B6B.e.2735","ELEMENT":"f.E133658EE593DCD45430D97DE730ABAE.d.5AE756005F863763BA7ACE74A66B6B6B.e.2735"}]}
COMMAND: GET /session/4a7493391aacd7fc37792e05064413e7/screenshot - {}
RESULT: {}
RESULT: {"script":"<script> [5351 bytes]","args":[{"element-6066-11e4-a52e-4f735466cecf":"f.E133658EE593DCD45430D97DE730ABAE.d.5AE756005F863763BA7ACE74A66B6B6B.e.2735","ELEMENT":"f.E133658EE593DCD45430D97DE730ABAE.d.5AE756005F863763BA7ACE74A66B6B6B.e.2735"}]}
COMMAND: POST /session/4a7493391aacd7fc37792e05064413e7/element/f.E133658EE593DCD45430D97DE730ABAE.d.5AE756005F863763BA7ACE74A66B6B6B.e.2735/click - {}
COMMAND: GET /session/4a7493391aacd7fc37792e05064413e7/screenshot - {}
RESULT: {}
RESULT: {}
RESULT: {}
COMMAND: GET /session/4a7493391aacd7fc37792e05064413e7/screenshot - {}
RESULT: {}
COMMAND: POST /session/4a7493391aacd7fc37792e05064413e7/execute/async - {"script":"<script> [1562 bytes]","args":[{"selector":{"id":"application-manageresources-display-component---newResourceUnit--TYPE-arrow"},"wdio_ui5_key":"applicationmanageresources-display-component---newResourceUnit--TYPE-arrow"}]}
RESULT: {"script":"<script> [1562 bytes]","args":[{"selector":{"id":"application-manageresources-display-component---newResourceUnit--TYPE-arrow"},"wdio_ui5_key":"applicationmanageresources-display-component---newResourceUnit--TYPE-arrow"}]}
RESULT: undefined
COMMAND: POST /session/4a7493391aacd7fc37792e05064413e7/element - {"using":"xpath","value":"//*[@id=\"application-manageresources-display-component---newResourceUnit--TYPE-arrow\"]"}
RESULT: {"using":"xpath","value":"//*[@id=\"application-manageresources-display-component---newResourceUnit--TYPE-arrow\"]"}
COMMAND: POST /session/4a7493391aacd7fc37792e05064413e7/element/f.E133658EE593DCD45430D97DE730ABAE.d.5AE756005F863763BA7ACE74A66B6B6B.e.3099/click - {}
RESULT: {}
COMMAND: POST /session/4a7493391aacd7fc37792e05064413e7/element - {"using":"xpath","value":"//input[@id=\"application-manageresources-display-component---newResourceUnit--TYPE-inner\"]"}
COMMAND: GET /session/4a7493391aacd7fc37792e05064413e7/screenshot - {}
RESULT: {"using":"xpath","value":"//input[@id=\"application-manageresources-display-component---newResourceUnit--TYPE-inner\"]"}
COMMAND: POST /session/4a7493391aacd7fc37792e05064413e7/element/f.E133658EE593DCD45430D97DE730ABAE.d.5AE756005F863763BA7ACE74A66B6B6B.e.3086/clear - {}
RESULT: {}
RESULT: {}
COMMAND: POST /session/4a7493391aacd7fc37792e05064413e7/element/f.E133658EE593DCD45430D97DE730ABAE.d.5AE756005F863763BA7ACE74A66B6B6B.e.3086/value - {"text":"Equipment"}
COMMAND: GET /session/4a7493391aacd7fc37792e05064413e7/screenshot - {}
RESULT: {"text":"Equipment"}
COMMAND: GET /session/4a7493391aacd7fc37792e05064413e7/screenshot - {}
RESULT: {}
RESULT: {}
COMMAND: POST /session/4a7493391aacd7fc37792e05064413e7/actions - {"actions":[{"id":"action8","type":"key","parameters":{},"actions":[{"type":"keyDown","value":"î€‡"},{"type":"pause","duration":10},{"type":"keyUp","value":"î€‡"}]}]}
RESULT: {"actions":[{"id":"action8","type":"key","parameters":{},"actions":[{"type":"keyDown","value":"î€‡"},{"type":"pause","duration":10},{"type":"keyUp","value":"î€‡"}]}]}
COMMAND: POST /session/4a7493391aacd7fc37792e05064413e7/execute/async - {"script":"<script> [1562 bytes]","args":[{"selector":{"id":"application-manageresources-display-component---newResourceUnit--resourceId","interaction":{"idSuffix":"inner"}},"wdio_ui5_key":"applicationmanageresources-display-component---newResourceUnit--resourceId"}]}
COMMAND: GET /session/4a7493391aacd7fc37792e05064413e7/screenshot - {}
RESULT: {"script":"<script> [1562 bytes]","args":[{"selector":{"id":"application-manageresources-display-component---newResourceUnit--resourceId","interaction":{"idSuffix":"inner"}},"wdio_ui5_key":"applicationmanageresources-display-component---newResourceUnit--resourceId"}]}
RESULT: undefined
COMMAND: POST /session/4a7493391aacd7fc37792e05064413e7/execute/async - {"script":"<script> [776 bytes]","args":[{"enterText":"TZSkNcNbbV","selector":{"id":"application-manageresources-display-component---newResourceUnit--resourceId","interaction":{"idSuffix":"inner"}},"clearTextFirst":true,"interactionType":"ENTER_TEXT"}]}
RESULT: {}
RESULT: {"script":"<script> [776 bytes]","args":[{"enterText":"TZSkNcNbbV","selector":{"id":"application-manageresources-display-component---newResourceUnit--resourceId","interaction":{"idSuffix":"inner"}},"clearTextFirst":true,"interactionType":"ENTER_TEXT"}]}
COMMAND: POST /session/4a7493391aacd7fc37792e05064413e7/execute/async - {"script":"<script> [1562 bytes]","args":[{"selector":{"id":"application-manageresources-display-component---newResourceUnit--SHORT_TEXT","interaction":{"idSuffix":"inner"}},"wdio_ui5_key":"applicationmanageresources-display-component---newResourceUnit--SHORT_TEXT"}]}
RESULT: {"script":"<script> [1562 bytes]","args":[{"selector":{"id":"application-manageresources-display-component---newResourceUnit--SHORT_TEXT","interaction":{"idSuffix":"inner"}},"wdio_ui5_key":"applicationmanageresources-display-component---newResourceUnit--SHORT_TEXT"}]}
RESULT: undefined
COMMAND: POST /session/4a7493391aacd7fc37792e05064413e7/execute/async - {"script":"<script> [776 bytes]","args":[{"enterText":"Intercompany Equipment WDIO","selector":{"id":"application-manageresources-display-component---newResourceUnit--SHORT_TEXT","interaction":{"idSuffix":"inner"}},"clearTextFirst":true,"interactionType":"ENTER_TEXT"}]}
RESULT: {"script":"<script> [776 bytes]","args":[{"enterText":"Intercompany Equipment WDIO","selector":{"id":"application-manageresources-display-component---newResourceUnit--SHORT_TEXT","interaction":{"idSuffix":"inner"}},"clearTextFirst":true,"interactionType":"ENTER_TEXT"}]}
COMMAND: POST /session/4a7493391aacd7fc37792e05064413e7/execute/async - {"script":"<script> [1562 bytes]","args":[{"selector":{"id":"application-manageresources-display-component---newResourceUnit--BASE_UNIT_OF_MEASURE","interaction":{"idSuffix":"inner"}},"wdio_ui5_key":"applicationmanageresources-display-component---newResourceUnit--BASE_UNIT_OF_MEASURE"}]}
RESULT: {"script":"<script> [1562 bytes]","args":[{"selector":{"id":"application-manageresources-display-component---newResourceUnit--BASE_UNIT_OF_MEASURE","interaction":{"idSuffix":"inner"}},"wdio_ui5_key":"applicationmanageresources-display-component---newResourceUnit--BASE_UNIT_OF_MEASURE"}]}
RESULT: undefined
COMMAND: POST /session/4a7493391aacd7fc37792e05064413e7/execute/async - {"script":"<script> [776 bytes]","args":[{"enterText":"Piece","selector":{"id":"application-manageresources-display-component---newResourceUnit--BASE_UNIT_OF_MEASURE","interaction":{"idSuffix":"inner"}},"clearTextFirst":true,"interactionType":"ENTER_TEXT"}]}
RESULT: {"script":"<script> [776 bytes]","args":[{"enterText":"Piece","selector":{"id":"application-manageresources-display-component---newResourceUnit--BASE_UNIT_OF_MEASURE","interaction":{"idSuffix":"inner"}},"clearTextFirst":true,"interactionType":"ENTER_TEXT"}]}
COMMAND: POST /session/4a7493391aacd7fc37792e05064413e7/execute/async - {"script":"<script> [1562 bytes]","args":[{"selector":{"id":"application-manageresources-display-component---newResourceUnit--WEIGHT_UNIT","interaction":{"idSuffix":"inner"}},"wdio_ui5_key":"applicationmanageresources-display-component---newResourceUnit--WEIGHT_UNIT"}]}
RESULT: {"script":"<script> [1562 bytes]","args":[{"selector":{"id":"application-manageresources-display-component---newResourceUnit--WEIGHT_UNIT","interaction":{"idSuffix":"inner"}},"wdio_ui5_key":"applicationmanageresources-display-component---newResourceUnit--WEIGHT_UNIT"}]}
RESULT: undefined
COMMAND: POST /session/4a7493391aacd7fc37792e05064413e7/execute/async - {"script":"<script> [776 bytes]","args":[{"enterText":"Gram","selector":{"id":"application-manageresources-display-component---newResourceUnit--WEIGHT_UNIT","interaction":{"idSuffix":"inner"}},"clearTextFirst":true,"interactionType":"ENTER_TEXT"}]}
RESULT: {"script":"<script> [776 bytes]","args":[{"enterText":"Gram","selector":{"id":"application-manageresources-display-component---newResourceUnit--WEIGHT_UNIT","interaction":{"idSuffix":"inner"}},"clearTextFirst":true,"interactionType":"ENTER_TEXT"}]}
COMMAND: POST /session/4a7493391aacd7fc37792e05064413e7/execute/async - {"script":"<script> [1562 bytes]","args":[{"selector":{"id":"application-manageresources-display-component---newResourceUnit--DIMENSION_UNIT","interaction":{"idSuffix":"inner"}},"wdio_ui5_key":"applicationmanageresources-display-component---newResourceUnit--DIMENSION_UNIT"}]}
RESULT: {"script":"<script> [1562 bytes]","args":[{"selector":{"id":"application-manageresources-display-component---newResourceUnit--DIMENSION_UNIT","interaction":{"idSuffix":"inner"}},"wdio_ui5_key":"applicationmanageresources-display-component---newResourceUnit--DIMENSION_UNIT"}]}
RESULT: undefined
COMMAND: POST /session/4a7493391aacd7fc37792e05064413e7/execute/async - {"script":"<script> [776 bytes]","args":[{"enterText":"Meter","selector":{"id":"application-manageresources-display-component---newResourceUnit--DIMENSION_UNIT","interaction":{"idSuffix":"inner"}},"clearTextFirst":true,"interactionType":"ENTER_TEXT"}]}
RESULT: {"script":"<script> [776 bytes]","args":[{"enterText":"Meter","selector":{"id":"application-manageresources-display-component---newResourceUnit--DIMENSION_UNIT","interaction":{"idSuffix":"inner"}},"clearTextFirst":true,"interactionType":"ENTER_TEXT"}]}
COMMAND: POST /session/4a7493391aacd7fc37792e05064413e7/execute/async - {"script":"<script> [1562 bytes]","args":[{"selector":{"id":"application-manageresources-display-component---newResourceUnit--newRRUPage-anchBar-application-manageresources-display-component---newResourceUnit--control-anchor","interaction":{"idSuffix":"BDI-content"}},"wdio_ui5_key":"applicationmanageresources-display-component---newResourceUnit--newRRUPage-anchBar-application-manageresources-display-component---newResourceUnit--control-anchor"}]}
RESULT: {"script":"<script> [1562 bytes]","args":[{"selector":{"id":"application-manageresources-display-component---newResourceUnit--newRRUPage-anchBar-application-manageresources-display-component---newResourceUnit--control-anchor","interaction":{"idSuffix":"BDI-content"}},"wdio_ui5_key":"applicationmanageresources-display-component---newResourceUnit--newRRUPage-anchBar-application-manageresources-display-component---newResourceUnit--control-anchor"}]}
RESULT: undefined
COMMAND: POST /session/4a7493391aacd7fc37792e05064413e7/element - {"using":"xpath","value":"//*[@id=\"application-manageresources-display-component---newResourceUnit--newRRUPage-anchBar-application-manageresources-display-component---newResourceUnit--control-anchor\"]"}
RESULT: {"using":"xpath","value":"//*[@id=\"application-manageresources-display-component---newResourceUnit--newRRUPage-anchBar-application-manageresources-display-component---newResourceUnit--control-anchor\"]"}
COMMAND: POST /session/4a7493391aacd7fc37792e05064413e7/element/f.E133658EE593DCD45430D97DE730ABAE.d.5AE756005F863763BA7ACE74A66B6B6B.e.3231/click - {}
RESULT: {}
COMMAND: POST /session/4a7493391aacd7fc37792e05064413e7/execute/async - {"script":"<script> [1562 bytes]","args":[{"selector":{"id":"application-manageresources-display-component---newResourceUnit--PLANNING_GROUP","interaction":{"idSuffix":"inner"}},"wdio_ui5_key":"applicationmanageresources-display-component---newResourceUnit--PLANNING_GROUP"}]}
COMMAND: GET /session/4a7493391aacd7fc37792e05064413e7/screenshot - {}
RESULT: {"script":"<script> [1562 bytes]","args":[{"selector":{"id":"application-manageresources-display-component---newResourceUnit--PLANNING_GROUP","interaction":{"idSuffix":"inner"}},"wdio_ui5_key":"applicationmanageresources-display-component---newResourceUnit--PLANNING_GROUP"}]}
RESULT: undefined
COMMAND: POST /session/4a7493391aacd7fc37792e05064413e7/execute/async - {"script":"<script> [776 bytes]","args":[{"enterText":"Heavy Equi","selector":{"id":"application-manageresources-display-component---newResourceUnit--PLANNING_GROUP","interaction":{"idSuffix":"inner"}},"clearTextFirst":true,"interactionType":"ENTER_TEXT"}]}
RESULT: {}
RESULT: {"script":"<script> [776 bytes]","args":[{"enterText":"Heavy Equi","selector":{"id":"application-manageresources-display-component---newResourceUnit--PLANNING_GROUP","interaction":{"idSuffix":"inner"}},"clearTextFirst":true,"interactionType":"ENTER_TEXT"}]}
COMMAND: POST /session/4a7493391aacd7fc37792e05064413e7/execute/async - {"script":"<script> [1562 bytes]","args":[{"selector":{"id":"application-manageresources-display-component---newResourceUnit--ITEM_TYPE-arrow"},"wdio_ui5_key":"applicationmanageresources-display-component---newResourceUnit--ITEM_TYPE-arrow"}]}
RESULT: {"script":"<script> [1562 bytes]","args":[{"selector":{"id":"application-manageresources-display-component---newResourceUnit--ITEM_TYPE-arrow"},"wdio_ui5_key":"applicationmanageresources-display-component---newResourceUnit--ITEM_TYPE-arrow"}]}
RESULT: undefined
COMMAND: POST /session/4a7493391aacd7fc37792e05064413e7/element - {"using":"xpath","value":"//*[@id=\"application-manageresources-display-component---newResourceUnit--ITEM_TYPE-arrow\"]"}
RESULT: {"using":"xpath","value":"//*[@id=\"application-manageresources-display-component---newResourceUnit--ITEM_TYPE-arrow\"]"}
COMMAND: POST /session/4a7493391aacd7fc37792e05064413e7/element/f.E133658EE593DCD45430D97DE730ABAE.d.5AE756005F863763BA7ACE74A66B6B6B.e.3240/click - {}
RESULT: {}
COMMAND: POST /session/4a7493391aacd7fc37792e05064413e7/element - {"using":"xpath","value":"(//span[contains(text(), \"Resource Unit\")])[2]"}
COMMAND: GET /session/4a7493391aacd7fc37792e05064413e7/screenshot - {}
RESULT: {"using":"xpath","value":"(//span[contains(text(), \"Resource Unit\")])[2]"}
COMMAND: POST /session/4a7493391aacd7fc37792e05064413e7/element/f.E133658EE593DCD45430D97DE730ABAE.d.5AE756005F863763BA7ACE74A66B6B6B.e.3241/click - {}
RESULT: {}
RESULT: {}
COMMAND: GET /session/4a7493391aacd7fc37792e05064413e7/screenshot - {}
RESULT: {}
COMMAND: POST /session/4a7493391aacd7fc37792e05064413e7/element - {"using":"css selector","value":"#application-manageresources-display-component---newResourceUnit--btnAddTimeSegment"}
RESULT: {"using":"css selector","value":"#application-manageresources-display-component---newResourceUnit--btnAddTimeSegment"}
COMMAND: GET /session/4a7493391aacd7fc37792e05064413e7/element/f.E133658EE593DCD45430D97DE730ABAE.d.5AE756005F863763BA7ACE74A66B6B6B.e.3242/rect - {}
RESULT: {}
COMMAND: GET /session/4a7493391aacd7fc37792e05064413e7/window/rect - {}
RESULT: {}
COMMAND: POST /session/4a7493391aacd7fc37792e05064413e7/execute/sync - {"script":"<script> [92 bytes]","args":[]}
RESULT: {"script":"<script> [92 bytes]","args":[]}
COMMAND: POST /session/4a7493391aacd7fc37792e05064413e7/actions - {"actions":[{"id":"action9","type":"wheel","parameters":{},"actions":[{"type":"scroll","x":-1888,"y":-32,"deltaX":0,"deltaY":0,"duration":0,"origin":{"element-6066-11e4-a52e-4f735466cecf":"f.E133658EE593DCD45430D97DE730ABAE.d.5AE756005F863763BA7ACE74A66B6B6B.e.3242"}}]}]}
COMMAND: GET /session/4a7493391aacd7fc37792e05064413e7/screenshot - {}
RESULT: {}
COMMAND: POST /session/4a7493391aacd7fc37792e05064413e7/execute/sync - {"script":"<script> [79 bytes]","args":[{"element-6066-11e4-a52e-4f735466cecf":"f.E133658EE593DCD45430D97DE730ABAE.d.5AE756005F863763BA7ACE74A66B6B6B.e.3242","ELEMENT":"f.E133658EE593DCD45430D97DE730ABAE.d.5AE756005F863763BA7ACE74A66B6B6B.e.3242"},{"block":"start","inline":"nearest"}]}
RESULT: {"script":"<script> [79 bytes]","args":[{"element-6066-11e4-a52e-4f735466cecf":"f.E133658EE593DCD45430D97DE730ABAE.d.5AE756005F863763BA7ACE74A66B6B6B.e.3242","ELEMENT":"f.E133658EE593DCD45430D97DE730ABAE.d.5AE756005F863763BA7ACE74A66B6B6B.e.3242"},{"block":"start","inline":"nearest"}]}
COMMAND: POST /session/4a7493391aacd7fc37792e05064413e7/execute/async - {"script":"<script> [1562 bytes]","args":[{"selector":{"id":"application-manageresources-display-component---newResourceUnit--btnAddTimeSegment","interaction":{"idSuffix":"inner"}},"wdio_ui5_key":"applicationmanageresources-display-component---newResourceUnit--btnAddTimeSegment"}]}
COMMAND: GET /session/4a7493391aacd7fc37792e05064413e7/screenshot - {}
RESULT: {"script":"<script> [1562 bytes]","args":[{"selector":{"id":"application-manageresources-display-component---newResourceUnit--btnAddTimeSegment","interaction":{"idSuffix":"inner"}},"wdio_ui5_key":"applicationmanageresources-display-component---newResourceUnit--btnAddTimeSegment"}]}
RESULT: undefined
COMMAND: POST /session/4a7493391aacd7fc37792e05064413e7/element - {"using":"xpath","value":"//*[@id=\"application-manageresources-display-component---newResourceUnit--btnAddTimeSegment\"]"}
RESULT: {}
RESULT: {"using":"xpath","value":"//*[@id=\"application-manageresources-display-component---newResourceUnit--btnAddTimeSegment\"]"}
COMMAND: POST /session/4a7493391aacd7fc37792e05064413e7/element/f.E133658EE593DCD45430D97DE730ABAE.d.5AE756005F863763BA7ACE74A66B6B6B.e.3242/click - {}
RESULT: {}
COMMAND: GET /session/4a7493391aacd7fc37792e05064413e7/screenshot - {}
RESULT: {}
COMMAND: POST /session/4a7493391aacd7fc37792e05064413e7/element - {"using":"xpath","value":"//input[@id=\"application-manageresources-display-component---newResourceUnit--idRuTSAdmin-application-manageresources-display-component---newResourceUnit--RUTimeSegment-0-inner\"]"}
RESULT: {"using":"xpath","value":"//input[@id=\"application-manageresources-display-component---newResourceUnit--idRuTSAdmin-application-manageresources-display-component---newResourceUnit--RUTimeSegment-0-inner\"]"}
COMMAND: POST /session/4a7493391aacd7fc37792e05064413e7/element/f.E133658EE593DCD45430D97DE730ABAE.d.5AE756005F863763BA7ACE74A66B6B6B.e.3248/clear - {}
RESULT: {}
COMMAND: POST /session/4a7493391aacd7fc37792e05064413e7/element/f.E133658EE593DCD45430D97DE730ABAE.d.5AE756005F863763BA7ACE74A66B6B6B.e.3248/value - {"text":"415"}
COMMAND: GET /session/4a7493391aacd7fc37792e05064413e7/screenshot - {}
RESULT: {"text":"415"}
COMMAND: GET /session/4a7493391aacd7fc37792e05064413e7/screenshot - {}
RESULT: {}
RESULT: {}
COMMAND: POST /session/4a7493391aacd7fc37792e05064413e7/element - {"using":"xpath","value":"//li[.//span[text()='415']]"}
RESULT: {"using":"xpath","value":"//li[.//span[text()='415']]"}
COMMAND: POST /session/4a7493391aacd7fc37792e05064413e7/element/f.E133658EE593DCD45430D97DE730ABAE.d.5AE756005F863763BA7ACE74A66B6B6B.e.3260/click - {}
RESULT: {}
COMMAND: GET /session/4a7493391aacd7fc37792e05064413e7/screenshot - {}
RESULT: {}
COMMAND: POST /session/4a7493391aacd7fc37792e05064413e7/element - {"using":"xpath","value":"(//span[contains(@id, \"-application-manageresources-display-component---newResourceUnit--RUTimeSegment-0-arrow\")])[6]"}
RESULT: {"using":"xpath","value":"(//span[contains(@id, \"-application-manageresources-display-component---newResourceUnit--RUTimeSegment-0-arrow\")])[6]"}
COMMAND: POST /session/4a7493391aacd7fc37792e05064413e7/element/f.E133658EE593DCD45430D97DE730ABAE.d.5AE756005F863763BA7ACE74A66B6B6B.e.3261/click - {}
RESULT: {}
COMMAND: POST /session/4a7493391aacd7fc37792e05064413e7/element - {"using":"xpath","value":"//span[contains(text(), \"PM Order\")]"}
COMMAND: GET /session/4a7493391aacd7fc37792e05064413e7/screenshot - {}
RESULT: {"using":"xpath","value":"//span[contains(text(), \"PM Order\")]"}
COMMAND: POST /session/4a7493391aacd7fc37792e05064413e7/element/f.E133658EE593DCD45430D97DE730ABAE.d.5AE756005F863763BA7ACE74A66B6B6B.e.3264/click - {}
RESULT: {}
RESULT: {}
COMMAND: GET /session/4a7493391aacd7fc37792e05064413e7/screenshot - {}
RESULT: {}
COMMAND: POST /session/4a7493391aacd7fc37792e05064413e7/element - {"using":"xpath","value":"(//span[contains(@id ,\"manageresources-display-component---newResourceUnit--RUTimeSegment-0-vhi\")])[1]"}
RESULT: {"using":"xpath","value":"(//span[contains(@id ,\"manageresources-display-component---newResourceUnit--RUTimeSegment-0-vhi\")])[1]"}
COMMAND: GET /session/4a7493391aacd7fc37792e05064413e7/element/f.E133658EE593DCD45430D97DE730ABAE.d.5AE756005F863763BA7ACE74A66B6B6B.e.3268/rect - {}
RESULT: {}
COMMAND: GET /session/4a7493391aacd7fc37792e05064413e7/window/rect - {}
RESULT: {}
COMMAND: POST /session/4a7493391aacd7fc37792e05064413e7/execute/sync - {"script":"<script> [92 bytes]","args":[]}
RESULT: {"script":"<script> [92 bytes]","args":[]}
COMMAND: POST /session/4a7493391aacd7fc37792e05064413e7/actions - {"actions":[{"id":"action10","type":"wheel","parameters":{},"actions":[{"type":"scroll","x":-869,"y":-24,"deltaX":0,"deltaY":0,"duration":0,"origin":{"element-6066-11e4-a52e-4f735466cecf":"f.E133658EE593DCD45430D97DE730ABAE.d.5AE756005F863763BA7ACE74A66B6B6B.e.3268"}}]}]}
COMMAND: GET /session/4a7493391aacd7fc37792e05064413e7/screenshot - {}
RESULT: {"actions":[{"id":"action10","type":"wheel","parameters":{},"actions":[{"type":"scroll","x":-869,"y":-24,"deltaX":0,"deltaY":0,"duration":0,"origin":{"element-6066-11e4-a52e-4f735466cecf":"f.E133658EE593DCD45430D97DE730ABAE.d.5AE756005F863763BA7ACE74A66B6B6B.e.3268"}}]}]}
COMMAND: DELETE /session/4a7493391aacd7fc37792e05064413e7/actions - {}
COMMAND: GET /session/4a7493391aacd7fc37792e05064413e7/screenshot - {}
RESULT: {}
RESULT: {}
COMMAND: GET /session/4a7493391aacd7fc37792e05064413e7/screenshot - {}
RESULT: {}
RESULT: {}
COMMAND: POST /session/4a7493391aacd7fc37792e05064413e7/element/f.E133658EE593DCD45430D97DE730ABAE.d.5AE756005F863763BA7ACE74A66B6B6B.e.3268/click - {}
RESULT: {}
COMMAND: GET /session/4a7493391aacd7fc37792e05064413e7/screenshot - {}
RESULT: {}
RESULT: undefined
COMMAND: POST /session/4a7493391aacd7fc37792e05064413e7/execute/async - {"script":"<script> [776 bytes]","args":[{"enterText":"4000360","selector":{"controlType":"sap.m.SearchField","properties":{"placeholder":"Search"},"searchOpenDialogs":true,"interaction":{"idSuffix":"I"}},"clearTextFirst":true,"interactionType":"ENTER_TEXT"}]}
RESULT: {"script":"<script> [776 bytes]","args":[{"enterText":"4000360","selector":{"controlType":"sap.m.SearchField","properties":{"placeholder":"Search"},"searchOpenDialogs":true,"interaction":{"idSuffix":"I"}},"clearTextFirst":true,"interactionType":"ENTER_TEXT"}]}
COMMAND: POST /session/4a7493391aacd7fc37792e05064413e7/actions - {"actions":[{"id":"action11","type":"key","parameters":{},"actions":[{"type":"keyDown","value":"î€‡"},{"type":"pause","duration":10},{"type":"keyUp","value":"î€‡"}]}]}
RESULT: {"actions":[{"id":"action11","type":"key","parameters":{},"actions":[{"type":"keyDown","value":"î€‡"},{"type":"pause","duration":10},{"type":"keyUp","value":"î€‡"}]}]}
COMMAND: GET /session/4a7493391aacd7fc37792e05064413e7/screenshot - {}
RESULT: {}
COMMAND: POST /session/4a7493391aacd7fc37792e05064413e7/element - {"using":"xpath","value":"//td/div/span[contains(text(), \"BGL Vehicles\")]"}
RESULT: {"using":"xpath","value":"//td/div/span[contains(text(), \"BGL Vehicles\")]"}
COMMAND: POST /session/4a7493391aacd7fc37792e05064413e7/element/f.E133658EE593DCD45430D97DE730ABAE.d.5AE756005F863763BA7ACE74A66B6B6B.e.3288/click - {}
RESULT: {}
COMMAND: GET /session/4a7493391aacd7fc37792e05064413e7/screenshot - {}
RESULT: {}
COMMAND: POST /session/4a7493391aacd7fc37792e05064413e7/element - {"using":"xpath","value":"//bdi[contains(text(), \"OK\")]"}
RESULT: {"using":"xpath","value":"//bdi[contains(text(), \"OK\")]"}
COMMAND: POST /session/4a7493391aacd7fc37792e05064413e7/element/f.E133658EE593DCD45430D97DE730ABAE.d.5AE756005F863763BA7ACE74A66B6B6B.e.3289/click - {}
RESULT: {}
COMMAND: GET /session/4a7493391aacd7fc37792e05064413e7/screenshot - {}
RESULT: {}
COMMAND: POST /session/4a7493391aacd7fc37792e05064413e7/execute/async - {"script":"<script> [1562 bytes]","args":[{"selector":{"id":"application-manageresources-display-component---newResourceUnit--newRRUPage-anchBar-application-manageresources-display-component---newResourceUnit--resource-anchor","interaction":{"idSuffix":"BDI-content"}},"wdio_ui5_key":"applicationmanageresources-display-component---newResourceUnit--newRRUPage-anchBar-application-manageresources-display-component---newResourceUnit--resource-anchor"}]}
RESULT: {"script":"<script> [1562 bytes]","args":[{"selector":{"id":"application-manageresources-display-component---newResourceUnit--newRRUPage-anchBar-application-manageresources-display-component---newResourceUnit--resource-anchor","interaction":{"idSuffix":"BDI-content"}},"wdio_ui5_key":"applicationmanageresources-display-component---newResourceUnit--newRRUPage-anchBar-application-manageresources-display-component---newResourceUnit--resource-anchor"}]}
RESULT: undefined
COMMAND: POST /session/4a7493391aacd7fc37792e05064413e7/element - {"using":"xpath","value":"//*[@id=\"application-manageresources-display-component---newResourceUnit--newRRUPage-anchBar-application-manageresources-display-component---newResourceUnit--resource-anchor\"]"}
RESULT: {"using":"xpath","value":"//*[@id=\"application-manageresources-display-component---newResourceUnit--newRRUPage-anchBar-application-manageresources-display-component---newResourceUnit--resource-anchor\"]"}
COMMAND: POST /session/4a7493391aacd7fc37792e05064413e7/element/f.E133658EE593DCD45430D97DE730ABAE.d.5AE756005F863763BA7ACE74A66B6B6B.e.3293/click - {}
RESULT: {}
COMMAND: POST /session/4a7493391aacd7fc37792e05064413e7/execute/async - {"script":"<script> [1562 bytes]","args":[{"selector":{"id":"application-manageresources-display-component---newResourceUnit--PLANNED_DELIVERY_DATE","interaction":{"idSuffix":"inner"}},"wdio_ui5_key":"applicationmanageresources-display-component---newResourceUnit--PLANNED_DELIVERY_DATE"}]}
COMMAND: GET /session/4a7493391aacd7fc37792e05064413e7/screenshot - {}
RESULT: {"script":"<script> [1562 bytes]","args":[{"selector":{"id":"application-manageresources-display-component---newResourceUnit--PLANNED_DELIVERY_DATE","interaction":{"idSuffix":"inner"}},"wdio_ui5_key":"applicationmanageresources-display-component---newResourceUnit--PLANNED_DELIVERY_DATE"}]}
RESULT: undefined
COMMAND: POST /session/4a7493391aacd7fc37792e05064413e7/execute/async - {"script":"<script> [6424 bytes]","args":[{"element-6066-11e4-a52e-4f735466cecf":"f.E133658EE593DCD45430D97DE730ABAE.d.5AE756005F863763BA7ACE74A66B6B6B.e.3154"},"setValue",["4/29/25"]]}
RESULT: {}
RESULT: {"script":"<script> [6424 bytes]","args":[{"element-6066-11e4-a52e-4f735466cecf":"f.E133658EE593DCD45430D97DE730ABAE.d.5AE756005F863763BA7ACE74A66B6B6B.e.3154"},"setValue",["4/29/25"]]}
COMMAND: POST /session/4a7493391aacd7fc37792e05064413e7/element - {"using":"xpath","value":"//button[@data-kt=\"resourceUnitSaveButton\"]"}
RESULT: {"using":"xpath","value":"//button[@data-kt=\"resourceUnitSaveButton\"]"}
COMMAND: POST /session/4a7493391aacd7fc37792e05064413e7/element/f.E133658EE593DCD45430D97DE730ABAE.d.5AE756005F863763BA7ACE74A66B6B6B.e.3115/click - {}
RESULT: {}
COMMAND: GET /session/4a7493391aacd7fc37792e05064413e7/screenshot - {}
RESULT: {}
COMMAND: POST /session/4a7493391aacd7fc37792e05064413e7/element - {"using":"xpath","value":"//bdi[contains(text(), \"Close\")]"}
RESULT: {"using":"xpath","value":"//bdi[contains(text(), \"Close\")]"}
COMMAND: POST /session/4a7493391aacd7fc37792e05064413e7/element/f.E133658EE593DCD45430D97DE730ABAE.d.5AE756005F863763BA7ACE74A66B6B6B.e.3301/click - {}
RESULT: {}
COMMAND: GET /session/4a7493391aacd7fc37792e05064413e7/screenshot - {}
RESULT: {}
COMMAND: POST /session/4a7493391aacd7fc37792e05064413e7/element - {"using":"xpath","value":"(//button[contains(@id ,\"actionsToolbar-overflowButton\")])[1]"}
RESULT: {"using":"xpath","value":"(//button[contains(@id ,\"actionsToolbar-overflowButton\")])[1]"}
COMMAND: POST /session/4a7493391aacd7fc37792e05064413e7/element/f.E133658EE593DCD45430D97DE730ABAE.d.5AE756005F863763BA7ACE74A66B6B6B.e.3354/click - {}
RESULT: {}
COMMAND: GET /session/4a7493391aacd7fc37792e05064413e7/screenshot - {}
RESULT: {}
COMMAND: POST /session/4a7493391aacd7fc37792e05064413e7/element - {"using":"xpath","value":"//button[@data-kt=\"priceInfoButton\"]"}
RESULT: {"using":"xpath","value":"//button[@data-kt=\"priceInfoButton\"]"}
COMMAND: POST /session/4a7493391aacd7fc37792e05064413e7/element/f.E133658EE593DCD45430D97DE730ABAE.d.5AE756005F863763BA7ACE74A66B6B6B.e.3356/click - {}
RESULT: {}
COMMAND: GET /session/4a7493391aacd7fc37792e05064413e7/screenshot - {}
RESULT: {}
]]></system-out>
    </testcase>
    <testcase classname="chrome.135_0_7049_96.windows.Billing_Transfer_-_Master_data_&amp;_Intercompany_US127250" name="Should create new pricing rule TB on the equipment TB" time="51.129">
      <system-out><![CDATA[
COMMAND: POST /session/4a7493391aacd7fc37792e05064413e7/element - {"using":"xpath","value":"//button[@data-kt=\"addButton\"]"}
RESULT: {"using":"xpath","value":"//button[@data-kt=\"addButton\"]"}
COMMAND: POST /session/4a7493391aacd7fc37792e05064413e7/elements - {"using":"xpath","value":"//button[@data-kt=\"addButton\"]"}
RESULT: {"using":"xpath","value":"//button[@data-kt=\"addButton\"]"}
COMMAND: POST /session/4a7493391aacd7fc37792e05064413e7/elements - {"using":"xpath","value":"//button[@data-kt=\"addButton\"]"}
RESULT: {"using":"xpath","value":"//button[@data-kt=\"addButton\"]"}
COMMAND: POST /session/4a7493391aacd7fc37792e05064413e7/element - {"using":"xpath","value":"//button[@data-kt=\"addButton\"]"}
RESULT: {"using":"xpath","value":"//button[@data-kt=\"addButton\"]"}
COMMAND: POST /session/4a7493391aacd7fc37792e05064413e7/execute/sync - {"script":"<script> [8489 bytes]","args":[{"element-6066-11e4-a52e-4f735466cecf":"f.E133658EE593DCD45430D97DE730ABAE.d.5AE756005F863763BA7ACE74A66B6B6B.e.3392","ELEMENT":"f.E133658EE593DCD45430D97DE730ABAE.d.5AE756005F863763BA7ACE74A66B6B6B.e.3392"}]}
RESULT: {"script":"<script> [8489 bytes]","args":[{"element-6066-11e4-a52e-4f735466cecf":"f.E133658EE593DCD45430D97DE730ABAE.d.5AE756005F863763BA7ACE74A66B6B6B.e.3392","ELEMENT":"f.E133658EE593DCD45430D97DE730ABAE.d.5AE756005F863763BA7ACE74A66B6B6B.e.3392"}]}
COMMAND: GET /session/4a7493391aacd7fc37792e05064413e7/element/f.E133658EE593DCD45430D97DE730ABAE.d.5AE756005F863763BA7ACE74A66B6B6B.e.3392/enabled - {}
COMMAND: GET /session/4a7493391aacd7fc37792e05064413e7/screenshot - {}
RESULT: {}
COMMAND: POST /session/4a7493391aacd7fc37792e05064413e7/execute/sync - {"script":"<script> [8489 bytes]","args":[{"element-6066-11e4-a52e-4f735466cecf":"f.E133658EE593DCD45430D97DE730ABAE.d.5AE756005F863763BA7ACE74A66B6B6B.e.3392","ELEMENT":"f.E133658EE593DCD45430D97DE730ABAE.d.5AE756005F863763BA7ACE74A66B6B6B.e.3392"}]}
COMMAND: GET /session/4a7493391aacd7fc37792e05064413e7/screenshot - {}
RESULT: {}
RESULT: {"script":"<script> [8489 bytes]","args":[{"element-6066-11e4-a52e-4f735466cecf":"f.E133658EE593DCD45430D97DE730ABAE.d.5AE756005F863763BA7ACE74A66B6B6B.e.3392","ELEMENT":"f.E133658EE593DCD45430D97DE730ABAE.d.5AE756005F863763BA7ACE74A66B6B6B.e.3392"}]}
COMMAND: POST /session/4a7493391aacd7fc37792e05064413e7/execute/sync - {"script":"<script> [5351 bytes]","args":[{"element-6066-11e4-a52e-4f735466cecf":"f.E133658EE593DCD45430D97DE730ABAE.d.5AE756005F863763BA7ACE74A66B6B6B.e.3392","ELEMENT":"f.E133658EE593DCD45430D97DE730ABAE.d.5AE756005F863763BA7ACE74A66B6B6B.e.3392"}]}
COMMAND: GET /session/4a7493391aacd7fc37792e05064413e7/screenshot - {}
RESULT: {}
RESULT: {"script":"<script> [5351 bytes]","args":[{"element-6066-11e4-a52e-4f735466cecf":"f.E133658EE593DCD45430D97DE730ABAE.d.5AE756005F863763BA7ACE74A66B6B6B.e.3392","ELEMENT":"f.E133658EE593DCD45430D97DE730ABAE.d.5AE756005F863763BA7ACE74A66B6B6B.e.3392"}]}
COMMAND: POST /session/4a7493391aacd7fc37792e05064413e7/element/f.E133658EE593DCD45430D97DE730ABAE.d.5AE756005F863763BA7ACE74A66B6B6B.e.3392/click - {}
COMMAND: GET /session/4a7493391aacd7fc37792e05064413e7/screenshot - {}
RESULT: {}
RESULT: {}
COMMAND: GET /session/4a7493391aacd7fc37792e05064413e7/screenshot - {}
RESULT: {}
RESULT: {}
COMMAND: POST /session/4a7493391aacd7fc37792e05064413e7/execute/async - {"script":"<script> [1562 bytes]","args":[{"selector":{"controlType":"sap.m.Title","viewName":"etm.portal.ui.managepricingrules.view.NewItem","viewId":"application-managepricingrules-display-component---newInfoPriceItem","properties":{"text":"New Pricing Rules - Item Level"}},"wdio_ui5_key":"etmportal.ui.managepricingrules.view.NewItemsap.m.Title{\"text\":\"New Pricing Rules - Item Level\"}"}]}
RESULT: {"script":"<script> [1562 bytes]","args":[{"selector":{"controlType":"sap.m.Title","viewName":"etm.portal.ui.managepricingrules.view.NewItem","viewId":"application-managepricingrules-display-component---newInfoPriceItem","properties":{"text":"New Pricing Rules - Item Level"}},"wdio_ui5_key":"etmportal.ui.managepricingrules.view.NewItemsap.m.Title{\"text\":\"New Pricing Rules - Item Level\"}"}]}
RESULT: undefined
COMMAND: POST /session/4a7493391aacd7fc37792e05064413e7/execute/async - {"script":"<script> [6424 bytes]","args":[{"element-6066-11e4-a52e-4f735466cecf":"f.E133658EE593DCD45430D97DE730ABAE.d.5AE756005F863763BA7ACE74A66B6B6B.e.3550"},"getText",[]]}
RESULT: {"script":"<script> [6424 bytes]","args":[{"element-6066-11e4-a52e-4f735466cecf":"f.E133658EE593DCD45430D97DE730ABAE.d.5AE756005F863763BA7ACE74A66B6B6B.e.3550"},"getText",[]]}
COMMAND: POST /session/4a7493391aacd7fc37792e05064413e7/execute/async - {"script":"<script> [1562 bytes]","args":[{"selector":{"id":"application-managepricingrules-display-component---newInfoPriceItem--condValidTo","interaction":{"idSuffix":"inner"}},"wdio_ui5_key":"applicationmanagepricingrules-display-component---newInfoPriceItem--condValidTo"}]}
RESULT: {"script":"<script> [1562 bytes]","args":[{"selector":{"id":"application-managepricingrules-display-component---newInfoPriceItem--condValidTo","interaction":{"idSuffix":"inner"}},"wdio_ui5_key":"applicationmanagepricingrules-display-component---newInfoPriceItem--condValidTo"}]}
RESULT: undefined
COMMAND: POST /session/4a7493391aacd7fc37792e05064413e7/execute/async - {"script":"<script> [776 bytes]","args":[{"enterText":"12/29/25","selector":{"id":"application-managepricingrules-display-component---newInfoPriceItem--condValidTo","interaction":{"idSuffix":"inner"}},"clearTextFirst":true,"interactionType":"ENTER_TEXT"}]}
RESULT: {"script":"<script> [776 bytes]","args":[{"enterText":"12/29/25","selector":{"id":"application-managepricingrules-display-component---newInfoPriceItem--condValidTo","interaction":{"idSuffix":"inner"}},"clearTextFirst":true,"interactionType":"ENTER_TEXT"}]}
COMMAND: POST /session/4a7493391aacd7fc37792e05064413e7/execute/async - {"script":"<script> [1562 bytes]","args":[{"selector":{"id":"application-managepricingrules-display-component---newInfoPriceItem--billType-arrow"},"wdio_ui5_key":"applicationmanagepricingrules-display-component---newInfoPriceItem--billType-arrow"}]}
RESULT: {"script":"<script> [1562 bytes]","args":[{"selector":{"id":"application-managepricingrules-display-component---newInfoPriceItem--billType-arrow"},"wdio_ui5_key":"applicationmanagepricingrules-display-component---newInfoPriceItem--billType-arrow"}]}
RESULT: undefined
COMMAND: POST /session/4a7493391aacd7fc37792e05064413e7/element - {"using":"xpath","value":"//*[@id=\"application-managepricingrules-display-component---newInfoPriceItem--billType-arrow\"]"}
RESULT: {"using":"xpath","value":"//*[@id=\"application-managepricingrules-display-component---newInfoPriceItem--billType-arrow\"]"}
COMMAND: POST /session/4a7493391aacd7fc37792e05064413e7/element/f.E133658EE593DCD45430D97DE730ABAE.d.5AE756005F863763BA7ACE74A66B6B6B.e.3552/click - {}
RESULT: {}
COMMAND: POST /session/4a7493391aacd7fc37792e05064413e7/element - {"using":"xpath","value":"//span[contains(text(), \"TB - Time based\")]"}
COMMAND: GET /session/4a7493391aacd7fc37792e05064413e7/screenshot - {}
RESULT: {"using":"xpath","value":"//span[contains(text(), \"TB - Time based\")]"}
COMMAND: POST /session/4a7493391aacd7fc37792e05064413e7/element/f.E133658EE593DCD45430D97DE730ABAE.d.5AE756005F863763BA7ACE74A66B6B6B.e.3553/click - {}
RESULT: {}
RESULT: {}
COMMAND: POST /session/4a7493391aacd7fc37792e05064413e7/execute/async - {"script":"<script> [1562 bytes]","args":[{"selector":{"id":"application-managepricingrules-display-component---newInfoPriceItem--priceProc-arrow"},"wdio_ui5_key":"applicationmanagepricingrules-display-component---newInfoPriceItem--priceProc-arrow"}]}
COMMAND: GET /session/4a7493391aacd7fc37792e05064413e7/screenshot - {}
RESULT: {"script":"<script> [1562 bytes]","args":[{"selector":{"id":"application-managepricingrules-display-component---newInfoPriceItem--priceProc-arrow"},"wdio_ui5_key":"applicationmanagepricingrules-display-component---newInfoPriceItem--priceProc-arrow"}]}
RESULT: undefined
COMMAND: POST /session/4a7493391aacd7fc37792e05064413e7/element - {"using":"xpath","value":"//*[@id=\"application-managepricingrules-display-component---newInfoPriceItem--priceProc-arrow\"]"}
RESULT: {}
RESULT: {"using":"xpath","value":"//*[@id=\"application-managepricingrules-display-component---newInfoPriceItem--priceProc-arrow\"]"}
COMMAND: POST /session/4a7493391aacd7fc37792e05064413e7/element/f.E133658EE593DCD45430D97DE730ABAE.d.5AE756005F863763BA7ACE74A66B6B6B.e.3518/click - {}
RESULT: {}
COMMAND: POST /session/4a7493391aacd7fc37792e05064413e7/element - {"using":"xpath","value":"//span[contains(text(), \"TBS - Time based standard\")]"}
COMMAND: GET /session/4a7493391aacd7fc37792e05064413e7/screenshot - {}
RESULT: {"using":"xpath","value":"//span[contains(text(), \"TBS - Time based standard\")]"}
COMMAND: POST /session/4a7493391aacd7fc37792e05064413e7/element/f.E133658EE593DCD45430D97DE730ABAE.d.5AE756005F863763BA7ACE74A66B6B6B.e.3554/click - {}
RESULT: {}
RESULT: {}
COMMAND: POST /session/4a7493391aacd7fc37792e05064413e7/execute/async - {"script":"<script> [1562 bytes]","args":[{"selector":{"id":"application-managepricingrules-display-component---newInfoPriceItem--calcBase-arrow"},"wdio_ui5_key":"applicationmanagepricingrules-display-component---newInfoPriceItem--calcBase-arrow"}]}
COMMAND: GET /session/4a7493391aacd7fc37792e05064413e7/screenshot - {}
RESULT: {"script":"<script> [1562 bytes]","args":[{"selector":{"id":"application-managepricingrules-display-component---newInfoPriceItem--calcBase-arrow"},"wdio_ui5_key":"applicationmanagepricingrules-display-component---newInfoPriceItem--calcBase-arrow"}]}
RESULT: undefined
COMMAND: POST /session/4a7493391aacd7fc37792e05064413e7/element - {"using":"xpath","value":"//*[@id=\"application-managepricingrules-display-component---newInfoPriceItem--calcBase-arrow\"]"}
RESULT: {}
RESULT: {"using":"xpath","value":"//*[@id=\"application-managepricingrules-display-component---newInfoPriceItem--calcBase-arrow\"]"}
COMMAND: POST /session/4a7493391aacd7fc37792e05064413e7/element/f.E133658EE593DCD45430D97DE730ABAE.d.5AE756005F863763BA7ACE74A66B6B6B.e.3525/click - {}
RESULT: {}
COMMAND: GET /session/4a7493391aacd7fc37792e05064413e7/screenshot - {}
RESULT: {}
COMMAND: POST /session/4a7493391aacd7fc37792e05064413e7/element - {"using":"xpath","value":"//span[contains(text(), \"0006 - TB(calendar days)\")]"}
RESULT: {"using":"xpath","value":"//span[contains(text(), \"0006 - TB(calendar days)\")]"}
COMMAND: POST /session/4a7493391aacd7fc37792e05064413e7/element/f.E133658EE593DCD45430D97DE730ABAE.d.5AE756005F863763BA7ACE74A66B6B6B.e.3555/click - {}
RESULT: {}
COMMAND: GET /session/4a7493391aacd7fc37792e05064413e7/screenshot - {}
RESULT: {}
COMMAND: POST /session/4a7493391aacd7fc37792e05064413e7/execute/async - {"script":"<script> [1562 bytes]","args":[{"selector":{"id":"application-managepricingrules-display-component---newInfoPriceItem--daysMonth","interaction":{"idSuffix":"inner"}},"wdio_ui5_key":"applicationmanagepricingrules-display-component---newInfoPriceItem--daysMonth"}]}
RESULT: {"script":"<script> [1562 bytes]","args":[{"selector":{"id":"application-managepricingrules-display-component---newInfoPriceItem--daysMonth","interaction":{"idSuffix":"inner"}},"wdio_ui5_key":"applicationmanagepricingrules-display-component---newInfoPriceItem--daysMonth"}]}
RESULT: undefined
COMMAND: POST /session/4a7493391aacd7fc37792e05064413e7/execute/async - {"script":"<script> [776 bytes]","args":[{"enterText":"30","selector":{"id":"application-managepricingrules-display-component---newInfoPriceItem--daysMonth","interaction":{"idSuffix":"inner"}},"clearTextFirst":true,"interactionType":"ENTER_TEXT"}]}
RESULT: {"script":"<script> [776 bytes]","args":[{"enterText":"30","selector":{"id":"application-managepricingrules-display-component---newInfoPriceItem--daysMonth","interaction":{"idSuffix":"inner"}},"clearTextFirst":true,"interactionType":"ENTER_TEXT"}]}
COMMAND: POST /session/4a7493391aacd7fc37792e05064413e7/element - {"using":"xpath","value":"//button[@data-kt=\"saveNewRuleButton\"]"}
RESULT: {"using":"xpath","value":"//button[@data-kt=\"saveNewRuleButton\"]"}
COMMAND: POST /session/4a7493391aacd7fc37792e05064413e7/element/f.E133658EE593DCD45430D97DE730ABAE.d.5AE756005F863763BA7ACE74A66B6B6B.e.3541/click - {}
RESULT: {}
COMMAND: GET /session/4a7493391aacd7fc37792e05064413e7/screenshot - {}
RESULT: {}
COMMAND: POST /session/4a7493391aacd7fc37792e05064413e7/execute/async - {"script":"<script> [1562 bytes]","args":[{"selector":{"id":"application-managepricingrules-display-component---priceInfoItem--smartFilterBar-btnBasicSearch","interaction":{"idSuffix":"I"}},"wdio_ui5_key":"applicationmanagepricingrules-display-component---priceInfoItem--smartFilterBar-btnBasicSearch"}]}
RESULT: {"script":"<script> [1562 bytes]","args":[{"selector":{"id":"application-managepricingrules-display-component---priceInfoItem--smartFilterBar-btnBasicSearch","interaction":{"idSuffix":"I"}},"wdio_ui5_key":"applicationmanagepricingrules-display-component---priceInfoItem--smartFilterBar-btnBasicSearch"}]}
RESULT: undefined
COMMAND: POST /session/4a7493391aacd7fc37792e05064413e7/execute/async - {"script":"<script> [776 bytes]","args":[{"enterText":"TZSkNcNbbV","selector":{"id":"application-managepricingrules-display-component---priceInfoItem--smartFilterBar-btnBasicSearch","interaction":{"idSuffix":"I"}},"clearTextFirst":true,"interactionType":"ENTER_TEXT"}]}
RESULT: {"script":"<script> [776 bytes]","args":[{"enterText":"TZSkNcNbbV","selector":{"id":"application-managepricingrules-display-component---priceInfoItem--smartFilterBar-btnBasicSearch","interaction":{"idSuffix":"I"}},"clearTextFirst":true,"interactionType":"ENTER_TEXT"}]}
COMMAND: POST /session/4a7493391aacd7fc37792e05064413e7/actions - {"actions":[{"id":"action12","type":"key","parameters":{},"actions":[{"type":"keyDown","value":"î€‡"},{"type":"pause","duration":10},{"type":"keyUp","value":"î€‡"}]}]}
RESULT: {"actions":[{"id":"action12","type":"key","parameters":{},"actions":[{"type":"keyDown","value":"î€‡"},{"type":"pause","duration":10},{"type":"keyUp","value":"î€‡"}]}]}
COMMAND: GET /session/4a7493391aacd7fc37792e05064413e7/screenshot - {}
RESULT: {}
COMMAND: POST /session/4a7493391aacd7fc37792e05064413e7/element - {"using":"xpath","value":"//span[@id=\"application-managepricingrules-display-component---priceInfoItem--smartTable-header-inner\"]"}
RESULT: {"using":"xpath","value":"//span[@id=\"application-managepricingrules-display-component---priceInfoItem--smartTable-header-inner\"]"}
COMMAND: POST /session/4a7493391aacd7fc37792e05064413e7/elements - {"using":"xpath","value":"//span[@id=\"application-managepricingrules-display-component---priceInfoItem--smartTable-header-inner\"]"}
RESULT: {"using":"xpath","value":"//span[@id=\"application-managepricingrules-display-component---priceInfoItem--smartTable-header-inner\"]"}
COMMAND: POST /session/4a7493391aacd7fc37792e05064413e7/execute/sync - {"script":"<script> [56 bytes]","args":[{"element-6066-11e4-a52e-4f735466cecf":"f.E133658EE593DCD45430D97DE730ABAE.d.5AE756005F863763BA7ACE74A66B6B6B.e.3568","ELEMENT":"f.E133658EE593DCD45430D97DE730ABAE.d.5AE756005F863763BA7ACE74A66B6B6B.e.3568"}]}
RESULT: {"script":"<script> [56 bytes]","args":[{"element-6066-11e4-a52e-4f735466cecf":"f.E133658EE593DCD45430D97DE730ABAE.d.5AE756005F863763BA7ACE74A66B6B6B.e.3568","ELEMENT":"f.E133658EE593DCD45430D97DE730ABAE.d.5AE756005F863763BA7ACE74A66B6B6B.e.3568"}]}
COMMAND: POST /session/4a7493391aacd7fc37792e05064413e7/element - {"using":"css selector","value":"#shell-header-logo"}
COMMAND: GET /session/4a7493391aacd7fc37792e05064413e7/screenshot - {}
RESULT: {"using":"css selector","value":"#shell-header-logo"}
COMMAND: POST /session/4a7493391aacd7fc37792e05064413e7/element/f.E133658EE593DCD45430D97DE730ABAE.d.5AE756005F863763BA7ACE74A66B6B6B.e.2707/click - {}
RESULT: {}
RESULT: {}
COMMAND: GET /session/4a7493391aacd7fc37792e05064413e7/screenshot - {}
RESULT: {}
]]></system-out>
    </testcase>
    <testcase classname="chrome.135_0_7049_96.windows.Billing_Transfer_-_Master_data_&amp;_Intercompany_US127250" name="Should create new condition for equipment TB" time="64.131">
      <system-out><![CDATA[
COMMAND: POST /session/4a7493391aacd7fc37792e05064413e7/execute/async - {"script":"<script> [1562 bytes]","args":[{"selector":{"controlType":"sap.m.Text","properties":{"text":"Manage Conditions & Prices"},"interaction":{"idSuffix":"inner"}},"wdio_ui5_key":"sapm.Text{\"text\":\"Manage Conditions & Prices\"}"}]}
RESULT: {"script":"<script> [1562 bytes]","args":[{"selector":{"controlType":"sap.m.Text","properties":{"text":"Manage Conditions & Prices"},"interaction":{"idSuffix":"inner"}},"wdio_ui5_key":"sapm.Text{\"text\":\"Manage Conditions & Prices\"}"}]}
RESULT: undefined
COMMAND: POST /session/4a7493391aacd7fc37792e05064413e7/element - {"using":"xpath","value":"//*[@id=\"__tile53-title\"]"}
RESULT: {"using":"xpath","value":"//*[@id=\"__tile53-title\"]"}
COMMAND: POST /session/4a7493391aacd7fc37792e05064413e7/element/f.E133658EE593DCD45430D97DE730ABAE.d.5AE756005F863763BA7ACE74A66B6B6B.e.3571/click - {}
RESULT: {}
COMMAND: POST /session/4a7493391aacd7fc37792e05064413e7/element - {"using":"xpath","value":"//button[@aria-label=\"Create\"]"}
COMMAND: GET /session/4a7493391aacd7fc37792e05064413e7/screenshot - {}
RESULT: {"using":"xpath","value":"//button[@aria-label=\"Create\"]"}
COMMAND: POST /session/4a7493391aacd7fc37792e05064413e7/elements - {"using":"xpath","value":"//button[@aria-label=\"Create\"]"}
RESULT: {}
RESULT: {"using":"xpath","value":"//button[@aria-label=\"Create\"]"}
COMMAND: POST /session/4a7493391aacd7fc37792e05064413e7/elements - {"using":"xpath","value":"//button[@aria-label=\"Create\"]"}
RESULT: {"using":"xpath","value":"//button[@aria-label=\"Create\"]"}
COMMAND: POST /session/4a7493391aacd7fc37792e05064413e7/elements - {"using":"xpath","value":"//button[@aria-label=\"Create\"]"}
RESULT: {"using":"xpath","value":"//button[@aria-label=\"Create\"]"}
COMMAND: POST /session/4a7493391aacd7fc37792e05064413e7/elements - {"using":"xpath","value":"//button[@aria-label=\"Create\"]"}
RESULT: {"using":"xpath","value":"//button[@aria-label=\"Create\"]"}
COMMAND: POST /session/4a7493391aacd7fc37792e05064413e7/elements - {"using":"xpath","value":"//button[@aria-label=\"Create\"]"}
RESULT: {"using":"xpath","value":"//button[@aria-label=\"Create\"]"}
COMMAND: POST /session/4a7493391aacd7fc37792e05064413e7/element - {"using":"xpath","value":"//button[@aria-label=\"Create\"]"}
RESULT: {"using":"xpath","value":"//button[@aria-label=\"Create\"]"}
COMMAND: POST /session/4a7493391aacd7fc37792e05064413e7/execute/sync - {"script":"<script> [8489 bytes]","args":[{"element-6066-11e4-a52e-4f735466cecf":"f.E133658EE593DCD45430D97DE730ABAE.d.5AE756005F863763BA7ACE74A66B6B6B.e.3606","ELEMENT":"f.E133658EE593DCD45430D97DE730ABAE.d.5AE756005F863763BA7ACE74A66B6B6B.e.3606"}]}
RESULT: {"script":"<script> [8489 bytes]","args":[{"element-6066-11e4-a52e-4f735466cecf":"f.E133658EE593DCD45430D97DE730ABAE.d.5AE756005F863763BA7ACE74A66B6B6B.e.3606","ELEMENT":"f.E133658EE593DCD45430D97DE730ABAE.d.5AE756005F863763BA7ACE74A66B6B6B.e.3606"}]}
COMMAND: GET /session/4a7493391aacd7fc37792e05064413e7/element/f.E133658EE593DCD45430D97DE730ABAE.d.5AE756005F863763BA7ACE74A66B6B6B.e.3606/enabled - {}
COMMAND: GET /session/4a7493391aacd7fc37792e05064413e7/screenshot - {}
RESULT: {}
COMMAND: POST /session/4a7493391aacd7fc37792e05064413e7/execute/sync - {"script":"<script> [8489 bytes]","args":[{"element-6066-11e4-a52e-4f735466cecf":"f.E133658EE593DCD45430D97DE730ABAE.d.5AE756005F863763BA7ACE74A66B6B6B.e.3606","ELEMENT":"f.E133658EE593DCD45430D97DE730ABAE.d.5AE756005F863763BA7ACE74A66B6B6B.e.3606"}]}
COMMAND: GET /session/4a7493391aacd7fc37792e05064413e7/screenshot - {}
RESULT: {}
RESULT: {"script":"<script> [8489 bytes]","args":[{"element-6066-11e4-a52e-4f735466cecf":"f.E133658EE593DCD45430D97DE730ABAE.d.5AE756005F863763BA7ACE74A66B6B6B.e.3606","ELEMENT":"f.E133658EE593DCD45430D97DE730ABAE.d.5AE756005F863763BA7ACE74A66B6B6B.e.3606"}]}
COMMAND: POST /session/4a7493391aacd7fc37792e05064413e7/execute/sync - {"script":"<script> [5351 bytes]","args":[{"element-6066-11e4-a52e-4f735466cecf":"f.E133658EE593DCD45430D97DE730ABAE.d.5AE756005F863763BA7ACE74A66B6B6B.e.3606","ELEMENT":"f.E133658EE593DCD45430D97DE730ABAE.d.5AE756005F863763BA7ACE74A66B6B6B.e.3606"}]}
COMMAND: GET /session/4a7493391aacd7fc37792e05064413e7/screenshot - {}
RESULT: {}
RESULT: {"script":"<script> [5351 bytes]","args":[{"element-6066-11e4-a52e-4f735466cecf":"f.E133658EE593DCD45430D97DE730ABAE.d.5AE756005F863763BA7ACE74A66B6B6B.e.3606","ELEMENT":"f.E133658EE593DCD45430D97DE730ABAE.d.5AE756005F863763BA7ACE74A66B6B6B.e.3606"}]}
COMMAND: POST /session/4a7493391aacd7fc37792e05064413e7/element/f.E133658EE593DCD45430D97DE730ABAE.d.5AE756005F863763BA7ACE74A66B6B6B.e.3606/click - {}
COMMAND: GET /session/4a7493391aacd7fc37792e05064413e7/screenshot - {}
RESULT: {}
RESULT: {}
COMMAND: GET /session/4a7493391aacd7fc37792e05064413e7/screenshot - {}
RESULT: {}
RESULT: {}
COMMAND: POST /session/4a7493391aacd7fc37792e05064413e7/actions - {"actions":[{"id":"action13","type":"key","parameters":{},"actions":[{"type":"keyDown","value":"î€‡"},{"type":"pause","duration":10},{"type":"keyUp","value":"î€‡"}]}]}
RESULT: {"actions":[{"id":"action13","type":"key","parameters":{},"actions":[{"type":"keyDown","value":"î€‡"},{"type":"pause","duration":10},{"type":"keyUp","value":"î€‡"}]}]}
COMMAND: GET /session/4a7493391aacd7fc37792e05064413e7/screenshot - {}
RESULT: {}
COMMAND: POST /session/4a7493391aacd7fc37792e05064413e7/execute/async - {"script":"<script> [1562 bytes]","args":[{"selector":{"id":"application-manageconditionprice-display-component---newCondition--condBillCond-arrow"},"wdio_ui5_key":"applicationmanageconditionprice-display-component---newCondition--condBillCond-arrow"}]}
RESULT: {"script":"<script> [1562 bytes]","args":[{"selector":{"id":"application-manageconditionprice-display-component---newCondition--condBillCond-arrow"},"wdio_ui5_key":"applicationmanageconditionprice-display-component---newCondition--condBillCond-arrow"}]}
RESULT: undefined
COMMAND: POST /session/4a7493391aacd7fc37792e05064413e7/element - {"using":"xpath","value":"//*[@id=\"application-manageconditionprice-display-component---newCondition--condBillCond-arrow\"]"}
RESULT: {"using":"xpath","value":"//*[@id=\"application-manageconditionprice-display-component---newCondition--condBillCond-arrow\"]"}
COMMAND: POST /session/4a7493391aacd7fc37792e05064413e7/element/f.E133658EE593DCD45430D97DE730ABAE.d.5AE756005F863763BA7ACE74A66B6B6B.e.3778/click - {}
RESULT: {}
COMMAND: GET /session/4a7493391aacd7fc37792e05064413e7/screenshot - {}
RESULT: {}
COMMAND: POST /session/4a7493391aacd7fc37792e05064413e7/element - {"using":"xpath","value":"//li[.//span[contains(text(), \"DISP - D&I special price\")]]"}
RESULT: {"using":"xpath","value":"//li[.//span[contains(text(), \"DISP - D&I special price\")]]"}
COMMAND: POST /session/4a7493391aacd7fc37792e05064413e7/element/f.E133658EE593DCD45430D97DE730ABAE.d.5AE756005F863763BA7ACE74A66B6B6B.e.3782/click - {}
RESULT: {}
COMMAND: GET /session/4a7493391aacd7fc37792e05064413e7/screenshot - {}
RESULT: {}
COMMAND: POST /session/4a7493391aacd7fc37792e05064413e7/execute/async - {"script":"<script> [1562 bytes]","args":[{"selector":{"id":"application-manageconditionprice-display-component---newCondition--condValidTo","interaction":{"idSuffix":"inner"}},"wdio_ui5_key":"applicationmanageconditionprice-display-component---newCondition--condValidTo"}]}
RESULT: {"script":"<script> [1562 bytes]","args":[{"selector":{"id":"application-manageconditionprice-display-component---newCondition--condValidTo","interaction":{"idSuffix":"inner"}},"wdio_ui5_key":"applicationmanageconditionprice-display-component---newCondition--condValidTo"}]}
RESULT: undefined
COMMAND: POST /session/4a7493391aacd7fc37792e05064413e7/execute/async - {"script":"<script> [776 bytes]","args":[{"enterText":"12/29/25","selector":{"id":"application-manageconditionprice-display-component---newCondition--condValidTo","interaction":{"idSuffix":"inner"}},"clearTextFirst":true,"interactionType":"ENTER_TEXT"}]}
RESULT: {"script":"<script> [776 bytes]","args":[{"enterText":"12/29/25","selector":{"id":"application-manageconditionprice-display-component---newCondition--condValidTo","interaction":{"idSuffix":"inner"}},"clearTextFirst":true,"interactionType":"ENTER_TEXT"}]}
COMMAND: POST /session/4a7493391aacd7fc37792e05064413e7/element - {"using":"xpath","value":"//input[@id=\"application-manageconditionprice-display-component---newCondition--condRU-inner\"]"}
RESULT: {"using":"xpath","value":"//input[@id=\"application-manageconditionprice-display-component---newCondition--condRU-inner\"]"}
COMMAND: POST /session/4a7493391aacd7fc37792e05064413e7/element/f.E133658EE593DCD45430D97DE730ABAE.d.5AE756005F863763BA7ACE74A66B6B6B.e.3648/clear - {}
RESULT: {}
COMMAND: POST /session/4a7493391aacd7fc37792e05064413e7/element/f.E133658EE593DCD45430D97DE730ABAE.d.5AE756005F863763BA7ACE74A66B6B6B.e.3648/value - {"text":"TZSkNcNbbV"}
COMMAND: GET /session/4a7493391aacd7fc37792e05064413e7/screenshot - {}
RESULT: {"text":"TZSkNcNbbV"}
COMMAND: GET /session/4a7493391aacd7fc37792e05064413e7/screenshot - {}
RESULT: {}
RESULT: {}
COMMAND: POST /session/4a7493391aacd7fc37792e05064413e7/actions - {"actions":[{"id":"action14","type":"key","parameters":{},"actions":[{"type":"keyDown","value":"î€‡"},{"type":"pause","duration":10},{"type":"keyUp","value":"î€‡"}]}]}
RESULT: {"actions":[{"id":"action14","type":"key","parameters":{},"actions":[{"type":"keyDown","value":"î€‡"},{"type":"pause","duration":10},{"type":"keyUp","value":"î€‡"}]}]}
COMMAND: POST /session/4a7493391aacd7fc37792e05064413e7/execute/async - {"script":"<script> [1562 bytes]","args":[{"selector":{"id":"application-manageconditionprice-display-component---newCondition--condBaseQty","interaction":{"idSuffix":"inner"}},"wdio_ui5_key":"applicationmanageconditionprice-display-component---newCondition--condBaseQty"}]}
COMMAND: GET /session/4a7493391aacd7fc37792e05064413e7/screenshot - {}
RESULT: {"script":"<script> [1562 bytes]","args":[{"selector":{"id":"application-manageconditionprice-display-component---newCondition--condBaseQty","interaction":{"idSuffix":"inner"}},"wdio_ui5_key":"applicationmanageconditionprice-display-component---newCondition--condBaseQty"}]}
RESULT: undefined
COMMAND: POST /session/4a7493391aacd7fc37792e05064413e7/execute/async - {"script":"<script> [776 bytes]","args":[{"enterText":"1","selector":{"id":"application-manageconditionprice-display-component---newCondition--condBaseQty","interaction":{"idSuffix":"inner"}},"clearTextFirst":true,"interactionType":"ENTER_TEXT"}]}
RESULT: {}
RESULT: {"script":"<script> [776 bytes]","args":[{"enterText":"1","selector":{"id":"application-manageconditionprice-display-component---newCondition--condBaseQty","interaction":{"idSuffix":"inner"}},"clearTextFirst":true,"interactionType":"ENTER_TEXT"}]}
COMMAND: POST /session/4a7493391aacd7fc37792e05064413e7/execute/async - {"script":"<script> [1562 bytes]","args":[{"selector":{"id":"application-manageconditionprice-display-component---newCondition--condValue","interaction":{"idSuffix":"inner"}},"wdio_ui5_key":"applicationmanageconditionprice-display-component---newCondition--condValue"}]}
RESULT: {"script":"<script> [1562 bytes]","args":[{"selector":{"id":"application-manageconditionprice-display-component---newCondition--condValue","interaction":{"idSuffix":"inner"}},"wdio_ui5_key":"applicationmanageconditionprice-display-component---newCondition--condValue"}]}
RESULT: undefined
COMMAND: POST /session/4a7493391aacd7fc37792e05064413e7/execute/async - {"script":"<script> [776 bytes]","args":[{"enterText":"100","selector":{"id":"application-manageconditionprice-display-component---newCondition--condValue","interaction":{"idSuffix":"inner"}},"clearTextFirst":true,"interactionType":"ENTER_TEXT"}]}
RESULT: {"script":"<script> [776 bytes]","args":[{"enterText":"100","selector":{"id":"application-manageconditionprice-display-component---newCondition--condValue","interaction":{"idSuffix":"inner"}},"clearTextFirst":true,"interactionType":"ENTER_TEXT"}]}
COMMAND: POST /session/4a7493391aacd7fc37792e05064413e7/execute/async - {"script":"<script> [1562 bytes]","args":[{"selector":{"id":"application-manageconditionprice-display-component---newCondition--condCurr-arrow"},"wdio_ui5_key":"applicationmanageconditionprice-display-component---newCondition--condCurr-arrow"}]}
RESULT: {"script":"<script> [1562 bytes]","args":[{"selector":{"id":"application-manageconditionprice-display-component---newCondition--condCurr-arrow"},"wdio_ui5_key":"applicationmanageconditionprice-display-component---newCondition--condCurr-arrow"}]}
RESULT: undefined
COMMAND: POST /session/4a7493391aacd7fc37792e05064413e7/element - {"using":"xpath","value":"//*[@id=\"application-manageconditionprice-display-component---newCondition--condCurr-arrow\"]"}
RESULT: {"using":"xpath","value":"//*[@id=\"application-manageconditionprice-display-component---newCondition--condCurr-arrow\"]"}
COMMAND: POST /session/4a7493391aacd7fc37792e05064413e7/element/f.E133658EE593DCD45430D97DE730ABAE.d.5AE756005F863763BA7ACE74A66B6B6B.e.3773/click - {}
RESULT: {}
COMMAND: POST /session/4a7493391aacd7fc37792e05064413e7/element - {"using":"xpath","value":"//span[contains(text(), \"Euro\")]"}
COMMAND: GET /session/4a7493391aacd7fc37792e05064413e7/screenshot - {}
RESULT: {"using":"xpath","value":"//span[contains(text(), \"Euro\")]"}
COMMAND: POST /session/4a7493391aacd7fc37792e05064413e7/element/f.E133658EE593DCD45430D97DE730ABAE.d.5AE756005F863763BA7ACE74A66B6B6B.e.3819/click - {}
RESULT: {}
RESULT: {}
COMMAND: POST /session/4a7493391aacd7fc37792e05064413e7/element - {"using":"xpath","value":"//button[@data-kt=\"saveButton\"]"}
COMMAND: GET /session/4a7493391aacd7fc37792e05064413e7/screenshot - {}
RESULT: {"using":"xpath","value":"//button[@data-kt=\"saveButton\"]"}
COMMAND: POST /session/4a7493391aacd7fc37792e05064413e7/element/f.E133658EE593DCD45430D97DE730ABAE.d.5AE756005F863763BA7ACE74A66B6B6B.e.3774/click - {}
RESULT: {}
RESULT: {}
COMMAND: GET /session/4a7493391aacd7fc37792e05064413e7/screenshot - {}
RESULT: {}
COMMAND: POST /session/4a7493391aacd7fc37792e05064413e7/execute/async - {"script":"<script> [1562 bytes]","args":[{"selector":{"id":"application-manageconditionprice-display-component---conditions--smartFilterBar-btnBasicSearch","interaction":{"idSuffix":"I"}},"wdio_ui5_key":"applicationmanageconditionprice-display-component---conditions--smartFilterBar-btnBasicSearch"}]}
RESULT: {"script":"<script> [1562 bytes]","args":[{"selector":{"id":"application-manageconditionprice-display-component---conditions--smartFilterBar-btnBasicSearch","interaction":{"idSuffix":"I"}},"wdio_ui5_key":"applicationmanageconditionprice-display-component---conditions--smartFilterBar-btnBasicSearch"}]}
RESULT: undefined
COMMAND: POST /session/4a7493391aacd7fc37792e05064413e7/execute/async - {"script":"<script> [776 bytes]","args":[{"enterText":"TZSkNcNbbV","selector":{"id":"application-manageconditionprice-display-component---conditions--smartFilterBar-btnBasicSearch","interaction":{"idSuffix":"I"}},"clearTextFirst":true,"interactionType":"ENTER_TEXT"}]}
RESULT: {"script":"<script> [776 bytes]","args":[{"enterText":"TZSkNcNbbV","selector":{"id":"application-manageconditionprice-display-component---conditions--smartFilterBar-btnBasicSearch","interaction":{"idSuffix":"I"}},"clearTextFirst":true,"interactionType":"ENTER_TEXT"}]}
COMMAND: POST /session/4a7493391aacd7fc37792e05064413e7/actions - {"actions":[{"id":"action15","type":"key","parameters":{},"actions":[{"type":"keyDown","value":"î€‡"},{"type":"pause","duration":10},{"type":"keyUp","value":"î€‡"}]}]}
RESULT: {"actions":[{"id":"action15","type":"key","parameters":{},"actions":[{"type":"keyDown","value":"î€‡"},{"type":"pause","duration":10},{"type":"keyUp","value":"î€‡"}]}]}
COMMAND: GET /session/4a7493391aacd7fc37792e05064413e7/screenshot - {}
RESULT: {}
COMMAND: POST /session/4a7493391aacd7fc37792e05064413e7/execute/async - {"script":"<script> [1562 bytes]","args":[{"selector":{"id":"application-manageconditionprice-display-component---conditions--smartFilterBar-filterItemControl_BASIC-BILL_TYPES-vhi"},"wdio_ui5_key":"applicationmanageconditionprice-display-component---conditions--smartFilterBar-filterItemControl_BASIC-BILL_TYPES-vhi"}]}
RESULT: {"script":"<script> [1562 bytes]","args":[{"selector":{"id":"application-manageconditionprice-display-component---conditions--smartFilterBar-filterItemControl_BASIC-BILL_TYPES-vhi"},"wdio_ui5_key":"applicationmanageconditionprice-display-component---conditions--smartFilterBar-filterItemControl_BASIC-BILL_TYPES-vhi"}]}
RESULT: undefined
COMMAND: POST /session/4a7493391aacd7fc37792e05064413e7/element - {"using":"xpath","value":"//*[@id=\"application-manageconditionprice-display-component---conditions--smartFilterBar-filterItemControl_BASIC-BILL_TYPES-vhi\"]"}
RESULT: {"using":"xpath","value":"//*[@id=\"application-manageconditionprice-display-component---conditions--smartFilterBar-filterItemControl_BASIC-BILL_TYPES-vhi\"]"}
COMMAND: POST /session/4a7493391aacd7fc37792e05064413e7/element/f.E133658EE593DCD45430D97DE730ABAE.d.5AE756005F863763BA7ACE74A66B6B6B.e.3836/click - {}
RESULT: {}
COMMAND: POST /session/4a7493391aacd7fc37792e05064413e7/execute/async - {"script":"<script> [1562 bytes]","args":[{"selector":{"id":"application-manageconditionprice-display-component---conditions--smartFilterBar-filterItemControl_BASIC-BILL_TYPES-valueHelpDialog-smartFilterBar-btnBasicSearch","searchOpenDialogs":true,"interaction":{"idSuffix":"I"}},"wdio_ui5_key":"applicationmanageconditionprice-display-component---conditions--smartFilterBar-filterItemControl_BASIC-BILL_TYPES-valueHelpDialog-smartFilterBar-btnBasicSearch"}]}
COMMAND: GET /session/4a7493391aacd7fc37792e05064413e7/screenshot - {}
RESULT: {"script":"<script> [1562 bytes]","args":[{"selector":{"id":"application-manageconditionprice-display-component---conditions--smartFilterBar-filterItemControl_BASIC-BILL_TYPES-valueHelpDialog-smartFilterBar-btnBasicSearch","searchOpenDialogs":true,"interaction":{"idSuffix":"I"}},"wdio_ui5_key":"applicationmanageconditionprice-display-component---conditions--smartFilterBar-filterItemControl_BASIC-BILL_TYPES-valueHelpDialog-smartFilterBar-btnBasicSearch"}]}
RESULT: undefined
COMMAND: POST /session/4a7493391aacd7fc37792e05064413e7/execute/async - {"script":"<script> [776 bytes]","args":[{"enterText":"TB","selector":{"id":"application-manageconditionprice-display-component---conditions--smartFilterBar-filterItemControl_BASIC-BILL_TYPES-valueHelpDialog-smartFilterBar-btnBasicSearch","searchOpenDialogs":true,"interaction":{"idSuffix":"I"}},"clearTextFirst":true,"interactionType":"ENTER_TEXT"}]}
RESULT: {}
RESULT: {"script":"<script> [776 bytes]","args":[{"enterText":"TB","selector":{"id":"application-manageconditionprice-display-component---conditions--smartFilterBar-filterItemControl_BASIC-BILL_TYPES-valueHelpDialog-smartFilterBar-btnBasicSearch","searchOpenDialogs":true,"interaction":{"idSuffix":"I"}},"clearTextFirst":true,"interactionType":"ENTER_TEXT"}]}
COMMAND: POST /session/4a7493391aacd7fc37792e05064413e7/actions - {"actions":[{"id":"action16","type":"key","parameters":{},"actions":[{"type":"keyDown","value":"î€‡"},{"type":"pause","duration":10},{"type":"keyUp","value":"î€‡"}]}]}
RESULT: {"actions":[{"id":"action16","type":"key","parameters":{},"actions":[{"type":"keyDown","value":"î€‡"},{"type":"pause","duration":10},{"type":"keyUp","value":"î€‡"}]}]}
COMMAND: GET /session/4a7493391aacd7fc37792e05064413e7/screenshot - {}
RESULT: {}
COMMAND: POST /session/4a7493391aacd7fc37792e05064413e7/element - {"using":"xpath","value":"//div[contains(@id, 'application-manageconditionprice-display-component---conditions--smartFilterBar-filterItemControl_BASIC-BILL_TYPES-valueHelpDialog-table-rowsel0')]"}
RESULT: {"using":"xpath","value":"//div[contains(@id, 'application-manageconditionprice-display-component---conditions--smartFilterBar-filterItemControl_BASIC-BILL_TYPES-valueHelpDialog-table-rowsel0')]"}
COMMAND: POST /session/4a7493391aacd7fc37792e05064413e7/element/f.E133658EE593DCD45430D97DE730ABAE.d.5AE756005F863763BA7ACE74A66B6B6B.e.3846/click - {}
RESULT: {}
COMMAND: GET /session/4a7493391aacd7fc37792e05064413e7/screenshot - {}
RESULT: {}
COMMAND: POST /session/4a7493391aacd7fc37792e05064413e7/element - {"using":"xpath","value":"//bdi[contains(text(), \"OK\")]"}
RESULT: {"using":"xpath","value":"//bdi[contains(text(), \"OK\")]"}
COMMAND: POST /session/4a7493391aacd7fc37792e05064413e7/element/f.E133658EE593DCD45430D97DE730ABAE.d.5AE756005F863763BA7ACE74A66B6B6B.e.3848/click - {}
RESULT: {}
COMMAND: GET /session/4a7493391aacd7fc37792e05064413e7/screenshot - {}
RESULT: {}
COMMAND: POST /session/4a7493391aacd7fc37792e05064413e7/element - {"using":"xpath","value":"//span[@id=\"application-manageconditionprice-display-component---conditions--smartTable-header-inner\"]"}
RESULT: {"using":"xpath","value":"//span[@id=\"application-manageconditionprice-display-component---conditions--smartTable-header-inner\"]"}
COMMAND: POST /session/4a7493391aacd7fc37792e05064413e7/elements - {"using":"xpath","value":"//span[@id=\"application-manageconditionprice-display-component---conditions--smartTable-header-inner\"]"}
RESULT: {"using":"xpath","value":"//span[@id=\"application-manageconditionprice-display-component---conditions--smartTable-header-inner\"]"}
COMMAND: POST /session/4a7493391aacd7fc37792e05064413e7/execute/sync - {"script":"<script> [56 bytes]","args":[{"element-6066-11e4-a52e-4f735466cecf":"f.E133658EE593DCD45430D97DE730ABAE.d.5AE756005F863763BA7ACE74A66B6B6B.e.3851","ELEMENT":"f.E133658EE593DCD45430D97DE730ABAE.d.5AE756005F863763BA7ACE74A66B6B6B.e.3851"}]}
RESULT: {"script":"<script> [56 bytes]","args":[{"element-6066-11e4-a52e-4f735466cecf":"f.E133658EE593DCD45430D97DE730ABAE.d.5AE756005F863763BA7ACE74A66B6B6B.e.3851","ELEMENT":"f.E133658EE593DCD45430D97DE730ABAE.d.5AE756005F863763BA7ACE74A66B6B6B.e.3851"}]}
COMMAND: POST /session/4a7493391aacd7fc37792e05064413e7/element - {"using":"css selector","value":"#shell-header-logo"}
COMMAND: GET /session/4a7493391aacd7fc37792e05064413e7/screenshot - {}
RESULT: {"using":"css selector","value":"#shell-header-logo"}
COMMAND: POST /session/4a7493391aacd7fc37792e05064413e7/element/f.E133658EE593DCD45430D97DE730ABAE.d.5AE756005F863763BA7ACE74A66B6B6B.e.3574/click - {}
RESULT: {}
RESULT: {}
COMMAND: GET /session/4a7493391aacd7fc37792e05064413e7/screenshot - {}
RESULT: {}
]]></system-out>
    </testcase>
    <testcase classname="chrome.135_0_7049_96.windows.Billing_Transfer_-_Master_data_&amp;_Intercompany_US127250" name="Should do a stock increase" time="77.486">
      <system-out><![CDATA[
COMMAND: POST /session/4a7493391aacd7fc37792e05064413e7/execute/async - {"script":"<script> [1562 bytes]","args":[{"selector":{"controlType":"sap.m.Text","viewName":"etm.portal.ui.managehandoverstile.view.Master","properties":{"text":"Manage Handovers"},"interaction":{"idSuffix":"inner"}},"wdio_ui5_key":"etmportal.ui.managehandoverstile.view.Mastersap.m.Text{\"text\":\"Manage Handovers\"}"}]}
RESULT: {"script":"<script> [1562 bytes]","args":[{"selector":{"controlType":"sap.m.Text","viewName":"etm.portal.ui.managehandoverstile.view.Master","properties":{"text":"Manage Handovers"},"interaction":{"idSuffix":"inner"}},"wdio_ui5_key":"etmportal.ui.managehandoverstile.view.Mastersap.m.Text{\"text\":\"Manage Handovers\"}"}]}
RESULT: undefined
COMMAND: POST /session/4a7493391aacd7fc37792e05064413e7/element - {"using":"xpath","value":"//*[@id=\"__tile131-title\"]"}
RESULT: {"using":"xpath","value":"//*[@id=\"__tile131-title\"]"}
COMMAND: POST /session/4a7493391aacd7fc37792e05064413e7/element/f.E133658EE593DCD45430D97DE730ABAE.d.5AE756005F863763BA7ACE74A66B6B6B.e.3856/click - {}
RESULT: {}
COMMAND: POST /session/4a7493391aacd7fc37792e05064413e7/element - {"using":"xpath","value":"//button[@data-kt=\"masterHOAddButton\"]"}
COMMAND: GET /session/4a7493391aacd7fc37792e05064413e7/screenshot - {}
RESULT: {"using":"xpath","value":"//button[@data-kt=\"masterHOAddButton\"]"}
COMMAND: POST /session/4a7493391aacd7fc37792e05064413e7/elements - {"using":"xpath","value":"//button[@data-kt=\"masterHOAddButton\"]"}
RESULT: {}
RESULT: {"using":"xpath","value":"//button[@data-kt=\"masterHOAddButton\"]"}
COMMAND: POST /session/4a7493391aacd7fc37792e05064413e7/elements - {"using":"xpath","value":"//button[@data-kt=\"masterHOAddButton\"]"}
RESULT: {"using":"xpath","value":"//button[@data-kt=\"masterHOAddButton\"]"}
COMMAND: POST /session/4a7493391aacd7fc37792e05064413e7/elements - {"using":"xpath","value":"//button[@data-kt=\"masterHOAddButton\"]"}
RESULT: {"using":"xpath","value":"//button[@data-kt=\"masterHOAddButton\"]"}
COMMAND: POST /session/4a7493391aacd7fc37792e05064413e7/elements - {"using":"xpath","value":"//button[@data-kt=\"masterHOAddButton\"]"}
RESULT: {"using":"xpath","value":"//button[@data-kt=\"masterHOAddButton\"]"}
COMMAND: POST /session/4a7493391aacd7fc37792e05064413e7/elements - {"using":"xpath","value":"//button[@data-kt=\"masterHOAddButton\"]"}
RESULT: {"using":"xpath","value":"//button[@data-kt=\"masterHOAddButton\"]"}
COMMAND: POST /session/4a7493391aacd7fc37792e05064413e7/elements - {"using":"xpath","value":"//button[@data-kt=\"masterHOAddButton\"]"}
RESULT: {"using":"xpath","value":"//button[@data-kt=\"masterHOAddButton\"]"}
COMMAND: POST /session/4a7493391aacd7fc37792e05064413e7/elements - {"using":"xpath","value":"//button[@data-kt=\"masterHOAddButton\"]"}
RESULT: {"using":"xpath","value":"//button[@data-kt=\"masterHOAddButton\"]"}
COMMAND: POST /session/4a7493391aacd7fc37792e05064413e7/elements - {"using":"xpath","value":"//button[@data-kt=\"masterHOAddButton\"]"}
RESULT: {"using":"xpath","value":"//button[@data-kt=\"masterHOAddButton\"]"}
COMMAND: POST /session/4a7493391aacd7fc37792e05064413e7/elements - {"using":"xpath","value":"//button[@data-kt=\"masterHOAddButton\"]"}
RESULT: {"using":"xpath","value":"//button[@data-kt=\"masterHOAddButton\"]"}
COMMAND: POST /session/4a7493391aacd7fc37792e05064413e7/elements - {"using":"xpath","value":"//button[@data-kt=\"masterHOAddButton\"]"}
RESULT: {"using":"xpath","value":"//button[@data-kt=\"masterHOAddButton\"]"}
COMMAND: POST /session/4a7493391aacd7fc37792e05064413e7/elements - {"using":"xpath","value":"//button[@data-kt=\"masterHOAddButton\"]"}
RESULT: {"using":"xpath","value":"//button[@data-kt=\"masterHOAddButton\"]"}
COMMAND: POST /session/4a7493391aacd7fc37792e05064413e7/elements - {"using":"xpath","value":"//button[@data-kt=\"masterHOAddButton\"]"}
RESULT: {"using":"xpath","value":"//button[@data-kt=\"masterHOAddButton\"]"}
COMMAND: POST /session/4a7493391aacd7fc37792e05064413e7/elements - {"using":"xpath","value":"//button[@data-kt=\"masterHOAddButton\"]"}
RESULT: {"using":"xpath","value":"//button[@data-kt=\"masterHOAddButton\"]"}
COMMAND: POST /session/4a7493391aacd7fc37792e05064413e7/elements - {"using":"xpath","value":"//button[@data-kt=\"masterHOAddButton\"]"}
RESULT: {"using":"xpath","value":"//button[@data-kt=\"masterHOAddButton\"]"}
COMMAND: POST /session/4a7493391aacd7fc37792e05064413e7/elements - {"using":"xpath","value":"//button[@data-kt=\"masterHOAddButton\"]"}
RESULT: {"using":"xpath","value":"//button[@data-kt=\"masterHOAddButton\"]"}
COMMAND: POST /session/4a7493391aacd7fc37792e05064413e7/element - {"using":"xpath","value":"//button[@data-kt=\"masterHOAddButton\"]"}
RESULT: {"using":"xpath","value":"//button[@data-kt=\"masterHOAddButton\"]"}
COMMAND: POST /session/4a7493391aacd7fc37792e05064413e7/execute/sync - {"script":"<script> [8489 bytes]","args":[{"element-6066-11e4-a52e-4f735466cecf":"f.E133658EE593DCD45430D97DE730ABAE.d.5AE756005F863763BA7ACE74A66B6B6B.e.3887","ELEMENT":"f.E133658EE593DCD45430D97DE730ABAE.d.5AE756005F863763BA7ACE74A66B6B6B.e.3887"}]}
RESULT: {"script":"<script> [8489 bytes]","args":[{"element-6066-11e4-a52e-4f735466cecf":"f.E133658EE593DCD45430D97DE730ABAE.d.5AE756005F863763BA7ACE74A66B6B6B.e.3887","ELEMENT":"f.E133658EE593DCD45430D97DE730ABAE.d.5AE756005F863763BA7ACE74A66B6B6B.e.3887"}]}
COMMAND: GET /session/4a7493391aacd7fc37792e05064413e7/element/f.E133658EE593DCD45430D97DE730ABAE.d.5AE756005F863763BA7ACE74A66B6B6B.e.3887/enabled - {}
COMMAND: GET /session/4a7493391aacd7fc37792e05064413e7/screenshot - {}
RESULT: {}
COMMAND: POST /session/4a7493391aacd7fc37792e05064413e7/execute/sync - {"script":"<script> [8489 bytes]","args":[{"element-6066-11e4-a52e-4f735466cecf":"f.E133658EE593DCD45430D97DE730ABAE.d.5AE756005F863763BA7ACE74A66B6B6B.e.3887","ELEMENT":"f.E133658EE593DCD45430D97DE730ABAE.d.5AE756005F863763BA7ACE74A66B6B6B.e.3887"}]}
COMMAND: GET /session/4a7493391aacd7fc37792e05064413e7/screenshot - {}
RESULT: {}
RESULT: {"script":"<script> [8489 bytes]","args":[{"element-6066-11e4-a52e-4f735466cecf":"f.E133658EE593DCD45430D97DE730ABAE.d.5AE756005F863763BA7ACE74A66B6B6B.e.3887","ELEMENT":"f.E133658EE593DCD45430D97DE730ABAE.d.5AE756005F863763BA7ACE74A66B6B6B.e.3887"}]}
COMMAND: POST /session/4a7493391aacd7fc37792e05064413e7/execute/sync - {"script":"<script> [5351 bytes]","args":[{"element-6066-11e4-a52e-4f735466cecf":"f.E133658EE593DCD45430D97DE730ABAE.d.5AE756005F863763BA7ACE74A66B6B6B.e.3887","ELEMENT":"f.E133658EE593DCD45430D97DE730ABAE.d.5AE756005F863763BA7ACE74A66B6B6B.e.3887"}]}
COMMAND: GET /session/4a7493391aacd7fc37792e05064413e7/screenshot - {}
RESULT: {}
RESULT: {"script":"<script> [5351 bytes]","args":[{"element-6066-11e4-a52e-4f735466cecf":"f.E133658EE593DCD45430D97DE730ABAE.d.5AE756005F863763BA7ACE74A66B6B6B.e.3887","ELEMENT":"f.E133658EE593DCD45430D97DE730ABAE.d.5AE756005F863763BA7ACE74A66B6B6B.e.3887"}]}
COMMAND: POST /session/4a7493391aacd7fc37792e05064413e7/element/f.E133658EE593DCD45430D97DE730ABAE.d.5AE756005F863763BA7ACE74A66B6B6B.e.3887/click - {}
COMMAND: GET /session/4a7493391aacd7fc37792e05064413e7/screenshot - {}
RESULT: {}
RESULT: {}
COMMAND: GET /session/4a7493391aacd7fc37792e05064413e7/screenshot - {}
RESULT: {}
RESULT: {}
COMMAND: POST /session/4a7493391aacd7fc37792e05064413e7/element - {"using":"xpath","value":"//span[contains(@id ,\"AddNewHO--typeSelect-arrow\")]"}
RESULT: {"using":"xpath","value":"//span[contains(@id ,\"AddNewHO--typeSelect-arrow\")]"}
COMMAND: POST /session/4a7493391aacd7fc37792e05064413e7/element/f.E133658EE593DCD45430D97DE730ABAE.d.5AE756005F863763BA7ACE74A66B6B6B.e.4235/click - {}
RESULT: {}
COMMAND: GET /session/4a7493391aacd7fc37792e05064413e7/screenshot - {}
RESULT: {}
COMMAND: POST /session/4a7493391aacd7fc37792e05064413e7/element - {"using":"xpath","value":"(//li[contains(text(), \"stock increase yard\")])[1]"}
RESULT: {"using":"xpath","value":"(//li[contains(text(), \"stock increase yard\")])[1]"}
COMMAND: POST /session/4a7493391aacd7fc37792e05064413e7/element/f.E133658EE593DCD45430D97DE730ABAE.d.5AE756005F863763BA7ACE74A66B6B6B.e.4236/click - {}
RESULT: {}
COMMAND: GET /session/4a7493391aacd7fc37792e05064413e7/screenshot - {}
RESULT: {}
COMMAND: POST /session/4a7493391aacd7fc37792e05064413e7/execute/async - {"script":"<script> [1562 bytes]","args":[{"selector":{"id":"application-managehandovers-display-component---AddNewHO--dueDate","interaction":{"idSuffix":"inner"}},"wdio_ui5_key":"applicationmanagehandovers-display-component---AddNewHO--dueDate"}]}
RESULT: {"script":"<script> [1562 bytes]","args":[{"selector":{"id":"application-managehandovers-display-component---AddNewHO--dueDate","interaction":{"idSuffix":"inner"}},"wdio_ui5_key":"applicationmanagehandovers-display-component---AddNewHO--dueDate"}]}
RESULT: undefined
COMMAND: POST /session/4a7493391aacd7fc37792e05064413e7/execute/async - {"script":"<script> [6424 bytes]","args":[{"element-6066-11e4-a52e-4f735466cecf":"f.E133658EE593DCD45430D97DE730ABAE.d.5AE756005F863763BA7ACE74A66B6B6B.e.4238"},"setValue",["04/29/2025"]]}
RESULT: {"script":"<script> [6424 bytes]","args":[{"element-6066-11e4-a52e-4f735466cecf":"f.E133658EE593DCD45430D97DE730ABAE.d.5AE756005F863763BA7ACE74A66B6B6B.e.4238"},"setValue",["04/29/2025"]]}
COMMAND: POST /session/4a7493391aacd7fc37792e05064413e7/element - {"using":"xpath","value":"//input[@id=\"generalSectionFrg--receiveYard-inner\"]"}
RESULT: {"using":"xpath","value":"//input[@id=\"generalSectionFrg--receiveYard-inner\"]"}
COMMAND: POST /session/4a7493391aacd7fc37792e05064413e7/element/f.E133658EE593DCD45430D97DE730ABAE.d.5AE756005F863763BA7ACE74A66B6B6B.e.4244/clear - {}
RESULT: {}
COMMAND: POST /session/4a7493391aacd7fc37792e05064413e7/element/f.E133658EE593DCD45430D97DE730ABAE.d.5AE756005F863763BA7ACE74A66B6B6B.e.4244/value - {"text":"415"}
COMMAND: GET /session/4a7493391aacd7fc37792e05064413e7/screenshot - {}
RESULT: {"text":"415"}
COMMAND: GET /session/4a7493391aacd7fc37792e05064413e7/screenshot - {}
RESULT: {}
RESULT: {}
COMMAND: POST /session/4a7493391aacd7fc37792e05064413e7/element - {"using":"xpath","value":"//li[.//span[text()='415']]"}
RESULT: {"using":"xpath","value":"//li[.//span[text()='415']]"}
COMMAND: POST /session/4a7493391aacd7fc37792e05064413e7/element/f.E133658EE593DCD45430D97DE730ABAE.d.5AE756005F863763BA7ACE74A66B6B6B.e.4260/click - {}
RESULT: {}
COMMAND: GET /session/4a7493391aacd7fc37792e05064413e7/screenshot - {}
RESULT: {}
COMMAND: POST /session/4a7493391aacd7fc37792e05064413e7/execute/async - {"script":"<script> [1562 bytes]","args":[{"selector":{"id":"application-managehandovers-display-component---AddNewHO--ObjectPageLayout-anchBar-application-managehandovers-display-component---AddNewHO--section4-anchor","interaction":{"idSuffix":"BDI-content"}},"wdio_ui5_key":"applicationmanagehandovers-display-component---AddNewHO--ObjectPageLayout-anchBar-application-managehandovers-display-component---AddNewHO--section4-anchor"}]}
RESULT: {"script":"<script> [1562 bytes]","args":[{"selector":{"id":"application-managehandovers-display-component---AddNewHO--ObjectPageLayout-anchBar-application-managehandovers-display-component---AddNewHO--section4-anchor","interaction":{"idSuffix":"BDI-content"}},"wdio_ui5_key":"applicationmanagehandovers-display-component---AddNewHO--ObjectPageLayout-anchBar-application-managehandovers-display-component---AddNewHO--section4-anchor"}]}
RESULT: undefined
COMMAND: POST /session/4a7493391aacd7fc37792e05064413e7/element - {"using":"xpath","value":"//*[@id=\"application-managehandovers-display-component---AddNewHO--ObjectPageLayout-anchBar-application-managehandovers-display-component---AddNewHO--section4-anchor\"]"}
RESULT: {"using":"xpath","value":"//*[@id=\"application-managehandovers-display-component---AddNewHO--ObjectPageLayout-anchBar-application-managehandovers-display-component---AddNewHO--section4-anchor\"]"}
COMMAND: POST /session/4a7493391aacd7fc37792e05064413e7/element/f.E133658EE593DCD45430D97DE730ABAE.d.5AE756005F863763BA7ACE74A66B6B6B.e.4262/click - {}
RESULT: {}
COMMAND: POST /session/4a7493391aacd7fc37792e05064413e7/element - {"using":"xpath","value":"//button[@aria-label=\"Add\"]"}
COMMAND: GET /session/4a7493391aacd7fc37792e05064413e7/screenshot - {}
RESULT: {}
RESULT: {"using":"xpath","value":"//button[@aria-label=\"Add\"]"}
COMMAND: POST /session/4a7493391aacd7fc37792e05064413e7/element/f.E133658EE593DCD45430D97DE730ABAE.d.5AE756005F863763BA7ACE74A66B6B6B.e.4264/click - {}
RESULT: {}
COMMAND: GET /session/4a7493391aacd7fc37792e05064413e7/screenshot - {}
RESULT: {}
COMMAND: POST /session/4a7493391aacd7fc37792e05064413e7/execute/async - {"script":"<script> [1562 bytes]","args":[{"selector":{"id":"application-managehandovers-display-component---AddNewHO--smartFilterBar-btnBasicSearch","searchOpenDialogs":true,"interaction":{"idSuffix":"I"}},"wdio_ui5_key":"applicationmanagehandovers-display-component---AddNewHO--smartFilterBar-btnBasicSearch"}]}
RESULT: {"script":"<script> [1562 bytes]","args":[{"selector":{"id":"application-managehandovers-display-component---AddNewHO--smartFilterBar-btnBasicSearch","searchOpenDialogs":true,"interaction":{"idSuffix":"I"}},"wdio_ui5_key":"applicationmanagehandovers-display-component---AddNewHO--smartFilterBar-btnBasicSearch"}]}
RESULT: undefined
COMMAND: POST /session/4a7493391aacd7fc37792e05064413e7/execute/async - {"script":"<script> [776 bytes]","args":[{"enterText":"TZSkNcNbbV","selector":{"id":"application-managehandovers-display-component---AddNewHO--smartFilterBar-btnBasicSearch","searchOpenDialogs":true,"interaction":{"idSuffix":"I"}},"clearTextFirst":true,"interactionType":"ENTER_TEXT"}]}
RESULT: {"script":"<script> [776 bytes]","args":[{"enterText":"TZSkNcNbbV","selector":{"id":"application-managehandovers-display-component---AddNewHO--smartFilterBar-btnBasicSearch","searchOpenDialogs":true,"interaction":{"idSuffix":"I"}},"clearTextFirst":true,"interactionType":"ENTER_TEXT"}]}
COMMAND: POST /session/4a7493391aacd7fc37792e05064413e7/actions - {"actions":[{"id":"action17","type":"key","parameters":{},"actions":[{"type":"keyDown","value":"î€‡"},{"type":"pause","duration":10},{"type":"keyUp","value":"î€‡"}]}]}
RESULT: {"actions":[{"id":"action17","type":"key","parameters":{},"actions":[{"type":"keyDown","value":"î€‡"},{"type":"pause","duration":10},{"type":"keyUp","value":"î€‡"}]}]}
COMMAND: GET /session/4a7493391aacd7fc37792e05064413e7/screenshot - {}
RESULT: {}
COMMAND: POST /session/4a7493391aacd7fc37792e05064413e7/execute/async - {"script":"<script> [1562 bytes]","args":[{"selector":{"id":"application-managehandovers-display-component---AddNewHO--popup-sa","searchOpenDialogs":true,"interaction":{"idSuffix":"CbBg"}},"wdio_ui5_key":"applicationmanagehandovers-display-component---AddNewHO--popup-sa"}]}
RESULT: {"script":"<script> [1562 bytes]","args":[{"selector":{"id":"application-managehandovers-display-component---AddNewHO--popup-sa","searchOpenDialogs":true,"interaction":{"idSuffix":"CbBg"}},"wdio_ui5_key":"applicationmanagehandovers-display-component---AddNewHO--popup-sa"}]}
RESULT: undefined
COMMAND: POST /session/4a7493391aacd7fc37792e05064413e7/element - {"using":"xpath","value":"//*[@id=\"application-managehandovers-display-component---AddNewHO--popup-sa\"]"}
RESULT: {"using":"xpath","value":"//*[@id=\"application-managehandovers-display-component---AddNewHO--popup-sa\"]"}
COMMAND: POST /session/4a7493391aacd7fc37792e05064413e7/element/f.E133658EE593DCD45430D97DE730ABAE.d.5AE756005F863763BA7ACE74A66B6B6B.e.4415/click - {}
RESULT: {}
COMMAND: GET /session/4a7493391aacd7fc37792e05064413e7/screenshot - {}
RESULT: {}
COMMAND: POST /session/4a7493391aacd7fc37792e05064413e7/element - {"using":"xpath","value":"//bdi[contains(text(), \"Select\")]"}
RESULT: {"using":"xpath","value":"//bdi[contains(text(), \"Select\")]"}
COMMAND: POST /session/4a7493391aacd7fc37792e05064413e7/element/f.E133658EE593DCD45430D97DE730ABAE.d.5AE756005F863763BA7ACE74A66B6B6B.e.4416/click - {}
RESULT: {}
COMMAND: GET /session/4a7493391aacd7fc37792e05064413e7/screenshot - {}
RESULT: {}
COMMAND: POST /session/4a7493391aacd7fc37792e05064413e7/element - {"using":"xpath","value":"//button[@data-kt=\"AddNewHOSaveButton\"]"}
RESULT: {"using":"xpath","value":"//button[@data-kt=\"AddNewHOSaveButton\"]"}
COMMAND: POST /session/4a7493391aacd7fc37792e05064413e7/element/f.E133658EE593DCD45430D97DE730ABAE.d.5AE756005F863763BA7ACE74A66B6B6B.e.4420/click - {}
RESULT: {}
COMMAND: GET /session/4a7493391aacd7fc37792e05064413e7/screenshot - {}
RESULT: {}
COMMAND: POST /session/4a7493391aacd7fc37792e05064413e7/execute/async - {"script":"<script> [1562 bytes]","args":[{"selector":{"id":"receiptDatePicker","viewName":"etm.portal.ui.managehandovers.view.DetailExecuteHO","interaction":{"idSuffix":"inner"}},"wdio_ui5_key":"receiptDatePickeretmportal.ui.managehandovers.view.DetailExecuteHO"}]}
RESULT: {"script":"<script> [1562 bytes]","args":[{"selector":{"id":"receiptDatePicker","viewName":"etm.portal.ui.managehandovers.view.DetailExecuteHO","interaction":{"idSuffix":"inner"}},"wdio_ui5_key":"receiptDatePickeretmportal.ui.managehandovers.view.DetailExecuteHO"}]}
RESULT: undefined
COMMAND: POST /session/4a7493391aacd7fc37792e05064413e7/execute/async - {"script":"<script> [6424 bytes]","args":[{"element-6066-11e4-a52e-4f735466cecf":"f.E133658EE593DCD45430D97DE730ABAE.d.5AE756005F863763BA7ACE74A66B6B6B.e.4449"},"setValue",["04/29/2025"]]}
RESULT: {"script":"<script> [6424 bytes]","args":[{"element-6066-11e4-a52e-4f735466cecf":"f.E133658EE593DCD45430D97DE730ABAE.d.5AE756005F863763BA7ACE74A66B6B6B.e.4449"},"setValue",["04/29/2025"]]}
COMMAND: POST /session/4a7493391aacd7fc37792e05064413e7/element - {"using":"xpath","value":"//button[@data-kt=\"PickingTableConfirmAllButton\"]"}
RESULT: {"using":"xpath","value":"//button[@data-kt=\"PickingTableConfirmAllButton\"]"}
COMMAND: POST /session/4a7493391aacd7fc37792e05064413e7/element/f.E133658EE593DCD45430D97DE730ABAE.d.5AE756005F863763BA7ACE74A66B6B6B.e.4465/click - {}
RESULT: {}
COMMAND: GET /session/4a7493391aacd7fc37792e05064413e7/screenshot - {}
RESULT: {}
COMMAND: POST /session/4a7493391aacd7fc37792e05064413e7/element - {"using":"xpath","value":"//bdi[contains(text(), \"OK\")]"}
RESULT: {"using":"xpath","value":"//bdi[contains(text(), \"OK\")]"}
COMMAND: POST /session/4a7493391aacd7fc37792e05064413e7/element/f.E133658EE593DCD45430D97DE730ABAE.d.5AE756005F863763BA7ACE74A66B6B6B.e.4467/click - {}
RESULT: {}
COMMAND: GET /session/4a7493391aacd7fc37792e05064413e7/screenshot - {}
RESULT: {}
COMMAND: POST /session/4a7493391aacd7fc37792e05064413e7/element - {"using":"xpath","value":"(//bdi[contains(text(), \"Receive\")])[2]"}
RESULT: {"using":"xpath","value":"(//bdi[contains(text(), \"Receive\")])[2]"}
COMMAND: POST /session/4a7493391aacd7fc37792e05064413e7/element/f.E133658EE593DCD45430D97DE730ABAE.d.5AE756005F863763BA7ACE74A66B6B6B.e.4469/click - {}
RESULT: {}
COMMAND: GET /session/4a7493391aacd7fc37792e05064413e7/screenshot - {}
RESULT: {}
COMMAND: POST /session/4a7493391aacd7fc37792e05064413e7/element - {"using":"css selector","value":"#shell-header-logo"}
RESULT: {"using":"css selector","value":"#shell-header-logo"}
COMMAND: POST /session/4a7493391aacd7fc37792e05064413e7/element/f.E133658EE593DCD45430D97DE730ABAE.d.5AE756005F863763BA7ACE74A66B6B6B.e.3859/click - {}
RESULT: {}
COMMAND: GET /session/4a7493391aacd7fc37792e05064413e7/screenshot - {}
RESULT: {}
]]></system-out>
    </testcase>
    <testcase classname="chrome.135_0_7049_96.windows.Billing_Transfer_-_Master_data_&amp;_Intercompany_US127250" name="Should create a new contract" time="54.33">
      <system-out><![CDATA[
COMMAND: POST /session/4a7493391aacd7fc37792e05064413e7/execute/async - {"script":"<script> [1562 bytes]","args":[{"selector":{"controlType":"sap.m.Text","viewName":"etm.portal.ui.managecontractstile.view.Master","properties":{"text":"Manage Contracts"},"interaction":{"idSuffix":"inner"}},"wdio_ui5_key":"etmportal.ui.managecontractstile.view.Mastersap.m.Text{\"text\":\"Manage Contracts\"}"}]}
RESULT: {"script":"<script> [1562 bytes]","args":[{"selector":{"controlType":"sap.m.Text","viewName":"etm.portal.ui.managecontractstile.view.Master","properties":{"text":"Manage Contracts"},"interaction":{"idSuffix":"inner"}},"wdio_ui5_key":"etmportal.ui.managecontractstile.view.Mastersap.m.Text{\"text\":\"Manage Contracts\"}"}]}
RESULT: undefined
COMMAND: POST /session/4a7493391aacd7fc37792e05064413e7/element - {"using":"xpath","value":"//*[@id=\"__tile130-title\"]"}
RESULT: {"using":"xpath","value":"//*[@id=\"__tile130-title\"]"}
COMMAND: POST /session/4a7493391aacd7fc37792e05064413e7/element/f.E133658EE593DCD45430D97DE730ABAE.d.5AE756005F863763BA7ACE74A66B6B6B.e.4640/click - {}
RESULT: {}
COMMAND: GET /session/4a7493391aacd7fc37792e05064413e7/screenshot - {}
RESULT: {}
COMMAND: POST /session/4a7493391aacd7fc37792e05064413e7/element - {"using":"xpath","value":"//button[@data-kt=\"addButton\"]"}
RESULT: {"using":"xpath","value":"//button[@data-kt=\"addButton\"]"}
COMMAND: POST /session/4a7493391aacd7fc37792e05064413e7/elements - {"using":"xpath","value":"//button[@data-kt=\"addButton\"]"}
RESULT: {"using":"xpath","value":"//button[@data-kt=\"addButton\"]"}
COMMAND: POST /session/4a7493391aacd7fc37792e05064413e7/execute/sync - {"script":"<script> [8489 bytes]","args":[{"element-6066-11e4-a52e-4f735466cecf":"f.E133658EE593DCD45430D97DE730ABAE.d.5AE756005F863763BA7ACE74A66B6B6B.e.4714","ELEMENT":"f.E133658EE593DCD45430D97DE730ABAE.d.5AE756005F863763BA7ACE74A66B6B6B.e.4714"}]}
RESULT: {"script":"<script> [8489 bytes]","args":[{"element-6066-11e4-a52e-4f735466cecf":"f.E133658EE593DCD45430D97DE730ABAE.d.5AE756005F863763BA7ACE74A66B6B6B.e.4714","ELEMENT":"f.E133658EE593DCD45430D97DE730ABAE.d.5AE756005F863763BA7ACE74A66B6B6B.e.4714"}]}
COMMAND: GET /session/4a7493391aacd7fc37792e05064413e7/element/f.E133658EE593DCD45430D97DE730ABAE.d.5AE756005F863763BA7ACE74A66B6B6B.e.4714/enabled - {}
COMMAND: GET /session/4a7493391aacd7fc37792e05064413e7/screenshot - {}
RESULT: {}
COMMAND: POST /session/4a7493391aacd7fc37792e05064413e7/execute/sync - {"script":"<script> [8489 bytes]","args":[{"element-6066-11e4-a52e-4f735466cecf":"f.E133658EE593DCD45430D97DE730ABAE.d.5AE756005F863763BA7ACE74A66B6B6B.e.4714","ELEMENT":"f.E133658EE593DCD45430D97DE730ABAE.d.5AE756005F863763BA7ACE74A66B6B6B.e.4714"}]}
COMMAND: GET /session/4a7493391aacd7fc37792e05064413e7/screenshot - {}
RESULT: {}
RESULT: {"script":"<script> [8489 bytes]","args":[{"element-6066-11e4-a52e-4f735466cecf":"f.E133658EE593DCD45430D97DE730ABAE.d.5AE756005F863763BA7ACE74A66B6B6B.e.4714","ELEMENT":"f.E133658EE593DCD45430D97DE730ABAE.d.5AE756005F863763BA7ACE74A66B6B6B.e.4714"}]}
COMMAND: POST /session/4a7493391aacd7fc37792e05064413e7/execute/sync - {"script":"<script> [5351 bytes]","args":[{"element-6066-11e4-a52e-4f735466cecf":"f.E133658EE593DCD45430D97DE730ABAE.d.5AE756005F863763BA7ACE74A66B6B6B.e.4714","ELEMENT":"f.E133658EE593DCD45430D97DE730ABAE.d.5AE756005F863763BA7ACE74A66B6B6B.e.4714"}]}
COMMAND: GET /session/4a7493391aacd7fc37792e05064413e7/screenshot - {}
RESULT: {}
RESULT: {"script":"<script> [5351 bytes]","args":[{"element-6066-11e4-a52e-4f735466cecf":"f.E133658EE593DCD45430D97DE730ABAE.d.5AE756005F863763BA7ACE74A66B6B6B.e.4714","ELEMENT":"f.E133658EE593DCD45430D97DE730ABAE.d.5AE756005F863763BA7ACE74A66B6B6B.e.4714"}]}
COMMAND: GET /session/4a7493391aacd7fc37792e05064413e7/screenshot - {}
RESULT: {}
RESULT: {}
COMMAND: POST /session/4a7493391aacd7fc37792e05064413e7/element/f.E133658EE593DCD45430D97DE730ABAE.d.5AE756005F863763BA7ACE74A66B6B6B.e.4714/click - {}
RESULT: {}
COMMAND: GET /session/4a7493391aacd7fc37792e05064413e7/screenshot - {}
COMMAND: POST /session/4a7493391aacd7fc37792e05064413e7/execute/async - {"script":"<script> [1562 bytes]","args":[{"selector":{"id":"application-managecontracts-display-component---AddNewContract--projectDescription","interaction":{"idSuffix":"inner"}},"wdio_ui5_key":"applicationmanagecontracts-display-component---AddNewContract--projectDescription"}]}
RESULT: {}
RESULT: {"script":"<script> [1562 bytes]","args":[{"selector":{"id":"application-managecontracts-display-component---AddNewContract--projectDescription","interaction":{"idSuffix":"inner"}},"wdio_ui5_key":"applicationmanagecontracts-display-component---AddNewContract--projectDescription"}]}
RESULT: undefined
COMMAND: POST /session/4a7493391aacd7fc37792e05064413e7/execute/async - {"script":"<script> [776 bytes]","args":[{"enterText":"Intercompany Contract WDIO","selector":{"id":"application-managecontracts-display-component---AddNewContract--projectDescription","interaction":{"idSuffix":"inner"}},"clearTextFirst":true,"interactionType":"ENTER_TEXT"}]}
RESULT: {"script":"<script> [776 bytes]","args":[{"enterText":"Intercompany Contract WDIO","selector":{"id":"application-managecontracts-display-component---AddNewContract--projectDescription","interaction":{"idSuffix":"inner"}},"clearTextFirst":true,"interactionType":"ENTER_TEXT"}]}
COMMAND: POST /session/4a7493391aacd7fc37792e05064413e7/element - {"using":"xpath","value":"//input[@id=\"application-managecontracts-display-component---AddNewContract--site-inner\"]"}
RESULT: {"using":"xpath","value":"//input[@id=\"application-managecontracts-display-component---AddNewContract--site-inner\"]"}
COMMAND: POST /session/4a7493391aacd7fc37792e05064413e7/element/f.E133658EE593DCD45430D97DE730ABAE.d.5AE756005F863763BA7ACE74A66B6B6B.e.5009/clear - {}
RESULT: {}
COMMAND: POST /session/4a7493391aacd7fc37792e05064413e7/element/f.E133658EE593DCD45430D97DE730ABAE.d.5AE756005F863763BA7ACE74A66B6B6B.e.5009/value - {"text":"2256"}
COMMAND: GET /session/4a7493391aacd7fc37792e05064413e7/screenshot - {}
RESULT: {"text":"2256"}
COMMAND: GET /session/4a7493391aacd7fc37792e05064413e7/screenshot - {}
RESULT: {}
RESULT: {}
COMMAND: POST /session/4a7493391aacd7fc37792e05064413e7/element - {"using":"xpath","value":"//li[.//span[text()='2256']]"}
RESULT: {"using":"xpath","value":"//li[.//span[text()='2256']]"}
COMMAND: POST /session/4a7493391aacd7fc37792e05064413e7/element/f.E133658EE593DCD45430D97DE730ABAE.d.5AE756005F863763BA7ACE74A66B6B6B.e.5033/click - {}
RESULT: {}
COMMAND: GET /session/4a7493391aacd7fc37792e05064413e7/screenshot - {}
RESULT: {}
COMMAND: POST /session/4a7493391aacd7fc37792e05064413e7/element - {"using":"xpath","value":"//input[@id=\"application-managecontracts-display-component---AddNewContract--yardId-inner\"]"}
RESULT: {"using":"xpath","value":"//input[@id=\"application-managecontracts-display-component---AddNewContract--yardId-inner\"]"}
COMMAND: GET /session/4a7493391aacd7fc37792e05064413e7/element/f.E133658EE593DCD45430D97DE730ABAE.d.5AE756005F863763BA7ACE74A66B6B6B.e.5010/property/value - {}
RESULT: {}
COMMAND: POST /session/4a7493391aacd7fc37792e05064413e7/element - {"using":"xpath","value":"//input[@id=\"application-managecontracts-display-component---AddNewContract--customerSelect-inner\"]"}
COMMAND: GET /session/4a7493391aacd7fc37792e05064413e7/screenshot - {}
RESULT: {"using":"xpath","value":"//input[@id=\"application-managecontracts-display-component---AddNewContract--customerSelect-inner\"]"}
COMMAND: POST /session/4a7493391aacd7fc37792e05064413e7/element/f.E133658EE593DCD45430D97DE730ABAE.d.5AE756005F863763BA7ACE74A66B6B6B.e.5008/clear - {}
RESULT: {}
RESULT: {}
COMMAND: POST /session/4a7493391aacd7fc37792e05064413e7/element/f.E133658EE593DCD45430D97DE730ABAE.d.5AE756005F863763BA7ACE74A66B6B6B.e.5008/value - {"text":"1282"}
COMMAND: GET /session/4a7493391aacd7fc37792e05064413e7/screenshot - {}
RESULT: {"text":"1282"}
COMMAND: GET /session/4a7493391aacd7fc37792e05064413e7/screenshot - {}
RESULT: {}
RESULT: {}
COMMAND: POST /session/4a7493391aacd7fc37792e05064413e7/element - {"using":"xpath","value":"//li[.//span[text()='1282']]"}
RESULT: {"using":"xpath","value":"//li[.//span[text()='1282']]"}
COMMAND: POST /session/4a7493391aacd7fc37792e05064413e7/element/f.E133658EE593DCD45430D97DE730ABAE.d.5AE756005F863763BA7ACE74A66B6B6B.e.5036/click - {}
RESULT: {}
COMMAND: GET /session/4a7493391aacd7fc37792e05064413e7/screenshot - {}
RESULT: {}
COMMAND: POST /session/4a7493391aacd7fc37792e05064413e7/element - {"using":"xpath","value":"//button[@data-kt=\"saveButton\"]"}
RESULT: {"using":"xpath","value":"//button[@data-kt=\"saveButton\"]"}
COMMAND: POST /session/4a7493391aacd7fc37792e05064413e7/element/f.E133658EE593DCD45430D97DE730ABAE.d.5AE756005F863763BA7ACE74A66B6B6B.e.5026/click - {}
RESULT: {}
COMMAND: GET /session/4a7493391aacd7fc37792e05064413e7/screenshot - {}
RESULT: {}
COMMAND: POST /session/4a7493391aacd7fc37792e05064413e7/element - {"using":"xpath","value":"//span[contains(@id ,\"contractDetailTitleNoExpanded\")]"}
RESULT: {"using":"xpath","value":"//span[contains(@id ,\"contractDetailTitleNoExpanded\")]"}
COMMAND: POST /session/4a7493391aacd7fc37792e05064413e7/elements - {"using":"xpath","value":"//span[contains(@id ,\"contractDetailTitleNoExpanded\")]"}
RESULT: {"using":"xpath","value":"//span[contains(@id ,\"contractDetailTitleNoExpanded\")]"}
COMMAND: POST /session/4a7493391aacd7fc37792e05064413e7/execute/sync - {"script":"<script> [56 bytes]","args":[{"element-6066-11e4-a52e-4f735466cecf":"f.E133658EE593DCD45430D97DE730ABAE.d.5AE756005F863763BA7ACE74A66B6B6B.e.5107","ELEMENT":"f.E133658EE593DCD45430D97DE730ABAE.d.5AE756005F863763BA7ACE74A66B6B6B.e.5107"}]}
RESULT: {"script":"<script> [56 bytes]","args":[{"element-6066-11e4-a52e-4f735466cecf":"f.E133658EE593DCD45430D97DE730ABAE.d.5AE756005F863763BA7ACE74A66B6B6B.e.5107","ELEMENT":"f.E133658EE593DCD45430D97DE730ABAE.d.5AE756005F863763BA7ACE74A66B6B6B.e.5107"}]}
COMMAND: GET /session/4a7493391aacd7fc37792e05064413e7/screenshot - {}
RESULT: {}
]]></system-out>
    </testcase>
    <testcase classname="chrome.135_0_7049_96.windows.Billing_Transfer_-_Master_data_&amp;_Intercompany_US127250" name="Should add equipment to the contract" time="51.709">
      <system-out><![CDATA[
COMMAND: POST /session/4a7493391aacd7fc37792e05064413e7/element - {"using":"xpath","value":"//button[@data-kt=\"contractDetailEditBtnButton\"]"}
RESULT: {"using":"xpath","value":"//button[@data-kt=\"contractDetailEditBtnButton\"]"}
COMMAND: POST /session/4a7493391aacd7fc37792e05064413e7/element/f.E133658EE593DCD45430D97DE730ABAE.d.5AE756005F863763BA7ACE74A66B6B6B.e.5109/click - {}
RESULT: {}
COMMAND: GET /session/4a7493391aacd7fc37792e05064413e7/screenshot - {}
RESULT: {}
COMMAND: POST /session/4a7493391aacd7fc37792e05064413e7/element - {"using":"xpath","value":"(//span[contains(text(), \"Additional Addresses\")])[2]"}
RESULT: {"using":"xpath","value":"(//span[contains(text(), \"Additional Addresses\")])[2]"}
COMMAND: POST /session/4a7493391aacd7fc37792e05064413e7/element/f.E133658EE593DCD45430D97DE730ABAE.d.5AE756005F863763BA7ACE74A66B6B6B.e.5163/click - {}
RESULT: {}
COMMAND: GET /session/4a7493391aacd7fc37792e05064413e7/screenshot - {}
RESULT: {}
COMMAND: POST /session/4a7493391aacd7fc37792e05064413e7/element - {"using":"xpath","value":"//button[@data-kt=\"btnAddTableRowOverflowToolbarButton\"]"}
RESULT: {"using":"xpath","value":"//button[@data-kt=\"btnAddTableRowOverflowToolbarButton\"]"}
COMMAND: POST /session/4a7493391aacd7fc37792e05064413e7/element/f.E133658EE593DCD45430D97DE730ABAE.d.5AE756005F863763BA7ACE74A66B6B6B.e.5167/click - {}
RESULT: {}
COMMAND: GET /session/4a7493391aacd7fc37792e05064413e7/screenshot - {}
RESULT: {}
COMMAND: POST /session/4a7493391aacd7fc37792e05064413e7/element - {"using":"xpath","value":"//div[(text() = 'Standard Entry' or . = 'Standard Entry')]"}
RESULT: {"using":"xpath","value":"//div[(text() = 'Standard Entry' or . = 'Standard Entry')]"}
COMMAND: POST /session/4a7493391aacd7fc37792e05064413e7/element/f.E133658EE593DCD45430D97DE730ABAE.d.5AE756005F863763BA7ACE74A66B6B6B.e.5169/click - {}
RESULT: {}
COMMAND: GET /session/4a7493391aacd7fc37792e05064413e7/screenshot - {}
RESULT: {}
COMMAND: POST /session/4a7493391aacd7fc37792e05064413e7/element - {"using":"xpath","value":"//td[7]/div/div/input"}
RESULT: {"using":"xpath","value":"//td[7]/div/div/input"}
COMMAND: POST /session/4a7493391aacd7fc37792e05064413e7/element/f.E133658EE593DCD45430D97DE730ABAE.d.5AE756005F863763BA7ACE74A66B6B6B.e.5178/clear - {}
RESULT: {}
COMMAND: POST /session/4a7493391aacd7fc37792e05064413e7/element/f.E133658EE593DCD45430D97DE730ABAE.d.5AE756005F863763BA7ACE74A66B6B6B.e.5178/value - {"text":"TZSkNcNbbV"}
COMMAND: GET /session/4a7493391aacd7fc37792e05064413e7/screenshot - {}
RESULT: {"text":"TZSkNcNbbV"}
COMMAND: GET /session/4a7493391aacd7fc37792e05064413e7/screenshot - {}
RESULT: {}
RESULT: {}
COMMAND: POST /session/4a7493391aacd7fc37792e05064413e7/actions - {"actions":[{"id":"action18","type":"key","parameters":{},"actions":[{"type":"keyDown","value":"î€‡"},{"type":"pause","duration":10},{"type":"keyUp","value":"î€‡"}]}]}
RESULT: {"actions":[{"id":"action18","type":"key","parameters":{},"actions":[{"type":"keyDown","value":"î€‡"},{"type":"pause","duration":10},{"type":"keyUp","value":"î€‡"}]}]}
COMMAND: GET /session/4a7493391aacd7fc37792e05064413e7/screenshot - {}
RESULT: {}
COMMAND: POST /session/4a7493391aacd7fc37792e05064413e7/element - {"using":"xpath","value":"(//button[@data-kt=\"saveButton\"])[2]"}
RESULT: {"using":"xpath","value":"(//button[@data-kt=\"saveButton\"])[2]"}
COMMAND: POST /session/4a7493391aacd7fc37792e05064413e7/element/f.E133658EE593DCD45430D97DE730ABAE.d.5AE756005F863763BA7ACE74A66B6B6B.e.5193/click - {}
RESULT: {}
COMMAND: GET /session/4a7493391aacd7fc37792e05064413e7/screenshot - {}
RESULT: {}
COMMAND: POST /session/4a7493391aacd7fc37792e05064413e7/element - {"using":"xpath","value":"//span[contains(@id ,\"contractItemsSmartTable-header-inner\")]"}
RESULT: {"using":"xpath","value":"//span[contains(@id ,\"contractItemsSmartTable-header-inner\")]"}
COMMAND: POST /session/4a7493391aacd7fc37792e05064413e7/elements - {"using":"xpath","value":"//span[contains(@id ,\"contractItemsSmartTable-header-inner\")]"}
RESULT: {"using":"xpath","value":"//span[contains(@id ,\"contractItemsSmartTable-header-inner\")]"}
COMMAND: POST /session/4a7493391aacd7fc37792e05064413e7/execute/sync - {"script":"<script> [56 bytes]","args":[{"element-6066-11e4-a52e-4f735466cecf":"f.E133658EE593DCD45430D97DE730ABAE.d.5AE756005F863763BA7ACE74A66B6B6B.e.5199","ELEMENT":"f.E133658EE593DCD45430D97DE730ABAE.d.5AE756005F863763BA7ACE74A66B6B6B.e.5199"}]}
RESULT: {"script":"<script> [56 bytes]","args":[{"element-6066-11e4-a52e-4f735466cecf":"f.E133658EE593DCD45430D97DE730ABAE.d.5AE756005F863763BA7ACE74A66B6B6B.e.5199","ELEMENT":"f.E133658EE593DCD45430D97DE730ABAE.d.5AE756005F863763BA7ACE74A66B6B6B.e.5199"}]}
COMMAND: GET /session/4a7493391aacd7fc37792e05064413e7/screenshot - {}
]]></system-out>
    </testcase>
    <testcase classname="chrome.135_0_7049_96.windows.Billing_Transfer_-_Master_data_&amp;_Intercompany_US127250" name="Should do a provide to site handover" time="50.474">
      <system-out><![CDATA[
COMMAND: POST /session/4a7493391aacd7fc37792e05064413e7/element - {"using":"xpath","value":"//button[@data-kt=\"provideButton\"]"}
RESULT: {}
RESULT: {"using":"xpath","value":"//button[@data-kt=\"provideButton\"]"}
COMMAND: POST /session/4a7493391aacd7fc37792e05064413e7/element/f.E133658EE593DCD45430D97DE730ABAE.d.5AE756005F863763BA7ACE74A66B6B6B.e.5201/click - {}
RESULT: {}
COMMAND: GET /session/4a7493391aacd7fc37792e05064413e7/screenshot - {}
RESULT: undefined
COMMAND: POST /session/4a7493391aacd7fc37792e05064413e7/execute/async - {"script":"<script> [6424 bytes]","args":[{"element-6066-11e4-a52e-4f735466cecf":"f.E133658EE593DCD45430D97DE730ABAE.d.5AE756005F863763BA7ACE74A66B6B6B.e.4238"},"setValue",["04/29/2025"]]}
RESULT: {}
COMMAND: POST /session/4a7493391aacd7fc37792e05064413e7/execute/async - {"script":"<script> [1562 bytes]","args":[{"selector":{"id":"application-managehandovers-display-component---AddNewHO--dueDate","interaction":{"idSuffix":"inner"}},"wdio_ui5_key":"applicationmanagehandovers-display-component---AddNewHO--dueDate"}]}
RESULT: {"script":"<script> [1562 bytes]","args":[{"selector":{"id":"application-managehandovers-display-component---AddNewHO--dueDate","interaction":{"idSuffix":"inner"}},"wdio_ui5_key":"applicationmanagehandovers-display-component---AddNewHO--dueDate"}]}
COMMAND: POST /session/4a7493391aacd7fc37792e05064413e7/execute/async - {"script":"<script> [6424 bytes]","args":[{"element-6066-11e4-a52e-4f735466cecf":"f.E133658EE593DCD45430D97DE730ABAE.d.5AE756005F863763BA7ACE74A66B6B6B.e.5258"},"setValue",["04/29/2025"]]}
RESULT: {"script":"<script> [6424 bytes]","args":[{"element-6066-11e4-a52e-4f735466cecf":"f.E133658EE593DCD45430D97DE730ABAE.d.5AE756005F863763BA7ACE74A66B6B6B.e.5258"},"setValue",["04/29/2025"]]}
COMMAND: POST /session/4a7493391aacd7fc37792e05064413e7/element - {"using":"xpath","value":"//bdi[contains(text(), \"Instructions\")]"}
RESULT: {"using":"xpath","value":"//bdi[contains(text(), \"Instructions\")]"}
COMMAND: POST /session/4a7493391aacd7fc37792e05064413e7/element/f.E133658EE593DCD45430D97DE730ABAE.d.5AE756005F863763BA7ACE74A66B6B6B.e.5514/click - {}
RESULT: {}
COMMAND: GET /session/4a7493391aacd7fc37792e05064413e7/screenshot - {}
RESULT: {}
COMMAND: POST /session/4a7493391aacd7fc37792e05064413e7/element - {"using":"xpath","value":"//button[@data-kt=\"AddNewHOProvideAddItemsButton\"]"}
RESULT: {"using":"xpath","value":"//button[@data-kt=\"AddNewHOProvideAddItemsButton\"]"}
COMMAND: POST /session/4a7493391aacd7fc37792e05064413e7/element/f.E133658EE593DCD45430D97DE730ABAE.d.5AE756005F863763BA7ACE74A66B6B6B.e.5516/click - {}
RESULT: {}
COMMAND: GET /session/4a7493391aacd7fc37792e05064413e7/screenshot - {}
RESULT: {}
RESULT: undefined
COMMAND: POST /session/4a7493391aacd7fc37792e05064413e7/element - {"using":"xpath","value":"//*[@id=\"application-managehandovers-display-component---AddNewHO--popup-sa\"]"}
RESULT: {"using":"xpath","value":"//*[@id=\"application-managehandovers-display-component---AddNewHO--popup-sa\"]"}
COMMAND: POST /session/4a7493391aacd7fc37792e05064413e7/element/f.E133658EE593DCD45430D97DE730ABAE.d.5AE756005F863763BA7ACE74A66B6B6B.e.5527/click - {}
RESULT: {}
COMMAND: GET /session/4a7493391aacd7fc37792e05064413e7/screenshot - {}
RESULT: {}
COMMAND: POST /session/4a7493391aacd7fc37792e05064413e7/element - {"using":"xpath","value":"//*[contains(@id ,\"BDI-content\")][contains(text(), \"Select\")]"}
RESULT: {"using":"xpath","value":"//*[contains(@id ,\"BDI-content\")][contains(text(), \"Select\")]"}
COMMAND: POST /session/4a7493391aacd7fc37792e05064413e7/element/f.E133658EE593DCD45430D97DE730ABAE.d.5AE756005F863763BA7ACE74A66B6B6B.e.5529/click - {}
RESULT: {}
COMMAND: GET /session/4a7493391aacd7fc37792e05064413e7/screenshot - {}
RESULT: {}
COMMAND: POST /session/4a7493391aacd7fc37792e05064413e7/execute/async - {"script":"<script> [1562 bytes]","args":[{"selector":{"id":"application-managehandovers-display-component---AddNewHO--confirmCreationButton","interaction":{"idSuffix":"BDI-content"}},"wdio_ui5_key":"applicationmanagehandovers-display-component---AddNewHO--confirmCreationButton"}]}
RESULT: {"script":"<script> [1562 bytes]","args":[{"selector":{"id":"application-managehandovers-display-component---AddNewHO--confirmCreationButton","interaction":{"idSuffix":"BDI-content"}},"wdio_ui5_key":"applicationmanagehandovers-display-component---AddNewHO--confirmCreationButton"}]}
RESULT: undefined
COMMAND: POST /session/4a7493391aacd7fc37792e05064413e7/element - {"using":"xpath","value":"//*[@id=\"application-managehandovers-display-component---AddNewHO--confirmCreationButton\"]"}
RESULT: {"using":"xpath","value":"//*[@id=\"application-managehandovers-display-component---AddNewHO--confirmCreationButton\"]"}
COMMAND: POST /session/4a7493391aacd7fc37792e05064413e7/element/f.E133658EE593DCD45430D97DE730ABAE.d.5AE756005F863763BA7ACE74A66B6B6B.e.5324/click - {}
RESULT: {}
COMMAND: GET /session/4a7493391aacd7fc37792e05064413e7/screenshot - {}
RESULT: {}
COMMAND: POST /session/4a7493391aacd7fc37792e05064413e7/element - {"using":"xpath","value":"//button[@data-kt=\"PickingTableConfirmAllButton\"]"}
RESULT: {"using":"xpath","value":"//button[@data-kt=\"PickingTableConfirmAllButton\"]"}
COMMAND: POST /session/4a7493391aacd7fc37792e05064413e7/elements - {"using":"xpath","value":"//button[@data-kt=\"PickingTableConfirmAllButton\"]"}
RESULT: {"using":"xpath","value":"//button[@data-kt=\"PickingTableConfirmAllButton\"]"}
COMMAND: POST /session/4a7493391aacd7fc37792e05064413e7/elements - {"using":"xpath","value":"//button[@data-kt=\"PickingTableConfirmAllButton\"]"}
RESULT: {"using":"xpath","value":"//button[@data-kt=\"PickingTableConfirmAllButton\"]"}
COMMAND: POST /session/4a7493391aacd7fc37792e05064413e7/element - {"using":"xpath","value":"//button[@data-kt=\"PickingTableConfirmAllButton\"]"}
RESULT: {"using":"xpath","value":"//button[@data-kt=\"PickingTableConfirmAllButton\"]"}
COMMAND: POST /session/4a7493391aacd7fc37792e05064413e7/element/f.E133658EE593DCD45430D97DE730ABAE.d.5AE756005F863763BA7ACE74A66B6B6B.e.5567/click - {}
COMMAND: POST /session/4a7493391aacd7fc37792e05064413e7/element - {"using":"xpath","value":"//button[@data-kt=\"PickingTableConfirmAllButton\"]"}
RESULT: {"using":"xpath","value":"//button[@data-kt=\"PickingTableConfirmAllButton\"]"}
COMMAND: POST /session/4a7493391aacd7fc37792e05064413e7/element/f.E133658EE593DCD45430D97DE730ABAE.d.5AE756005F863763BA7ACE74A66B6B6B.e.5567/click - {}
COMMAND: POST /session/4a7493391aacd7fc37792e05064413e7/element - {"using":"xpath","value":"//button[@data-kt=\"PickingTableConfirmAllButton\"]"}
RESULT: {"using":"xpath","value":"//button[@data-kt=\"PickingTableConfirmAllButton\"]"}
COMMAND: POST /session/4a7493391aacd7fc37792e05064413e7/element/f.E133658EE593DCD45430D97DE730ABAE.d.5AE756005F863763BA7ACE74A66B6B6B.e.5588/click - {}
RESULT: {}
COMMAND: GET /session/4a7493391aacd7fc37792e05064413e7/screenshot - {}
RESULT: {}
COMMAND: POST /session/4a7493391aacd7fc37792e05064413e7/element - {"using":"xpath","value":"//bdi[contains(text(), \"OK\")]"}
RESULT: {"using":"xpath","value":"//bdi[contains(text(), \"OK\")]"}
COMMAND: POST /session/4a7493391aacd7fc37792e05064413e7/element/f.E133658EE593DCD45430D97DE730ABAE.d.5AE756005F863763BA7ACE74A66B6B6B.e.5591/click - {}
RESULT: {}
COMMAND: GET /session/4a7493391aacd7fc37792e05064413e7/screenshot - {}
RESULT: {}
COMMAND: POST /session/4a7493391aacd7fc37792e05064413e7/element - {"using":"xpath","value":"//bdi[contains(text(), \"Issue\")]"}
RESULT: {"using":"xpath","value":"//bdi[contains(text(), \"Issue\")]"}
COMMAND: POST /session/4a7493391aacd7fc37792e05064413e7/element/f.E133658EE593DCD45430D97DE730ABAE.d.5AE756005F863763BA7ACE74A66B6B6B.e.5593/click - {}
RESULT: {}
COMMAND: GET /session/4a7493391aacd7fc37792e05064413e7/screenshot - {}
RESULT: {}
COMMAND: POST /session/4a7493391aacd7fc37792e05064413e7/element - {"using":"css selector","value":"#shell-header-logo"}
RESULT: {"using":"css selector","value":"#shell-header-logo"}
COMMAND: POST /session/4a7493391aacd7fc37792e05064413e7/element/f.E133658EE593DCD45430D97DE730ABAE.d.5AE756005F863763BA7ACE74A66B6B6B.e.4644/click - {}
RESULT: {}
COMMAND: GET /session/4a7493391aacd7fc37792e05064413e7/screenshot - {}
RESULT: {}
]]></system-out>
    </testcase>
    <testcase classname="chrome.135_0_7049_96.windows.Billing_Transfer_-_Master_data_&amp;_Intercompany_US127250" name="Should go navigate to Manage Billings and trigger contract calculation check result" time="55.963">
      <system-out><![CDATA[
COMMAND: POST /session/4a7493391aacd7fc37792e05064413e7/execute/async - {"script":"<script> [1562 bytes]","args":[{"selector":{"controlType":"sap.m.GenericTile","properties":{"header":"Manage Billings"}},"wdio_ui5_key":"sapm.GenericTile{\"header\":\"Manage Billings\"}"}]}
RESULT: {"script":"<script> [1562 bytes]","args":[{"selector":{"controlType":"sap.m.GenericTile","properties":{"header":"Manage Billings"}},"wdio_ui5_key":"sapm.GenericTile{\"header\":\"Manage Billings\"}"}]}
RESULT: undefined
COMMAND: POST /session/4a7493391aacd7fc37792e05064413e7/element - {"using":"xpath","value":"//*[@id=\"__tile51\"]"}
RESULT: {"using":"xpath","value":"//*[@id=\"__tile51\"]"}
COMMAND: POST /session/4a7493391aacd7fc37792e05064413e7/element/f.E133658EE593DCD45430D97DE730ABAE.d.5AE756005F863763BA7ACE74A66B6B6B.e.194/click - {}
RESULT: {}
COMMAND: GET /session/4a7493391aacd7fc37792e05064413e7/screenshot - {}
RESULT: {}
COMMAND: POST /session/4a7493391aacd7fc37792e05064413e7/execute/async - {"script":"<script> [1562 bytes]","args":[{"selector":{"id":"application-managebillings-display-component---billRunCalcResult--smartFilterBar-btnBasicSearch","interaction":{"idSuffix":"I"}},"wdio_ui5_key":"applicationmanagebillings-display-component---billRunCalcResult--smartFilterBar-btnBasicSearch"}]}
RESULT: {"script":"<script> [1562 bytes]","args":[{"selector":{"id":"application-managebillings-display-component---billRunCalcResult--smartFilterBar-btnBasicSearch","interaction":{"idSuffix":"I"}},"wdio_ui5_key":"applicationmanagebillings-display-component---billRunCalcResult--smartFilterBar-btnBasicSearch"}]}
RESULT: undefined
COMMAND: POST /session/4a7493391aacd7fc37792e05064413e7/execute/async - {"script":"<script> [776 bytes]","args":[{"enterText":"10345","selector":{"id":"application-managebillings-display-component---billRunCalcResult--smartFilterBar-btnBasicSearch","interaction":{"idSuffix":"I"}},"clearTextFirst":true,"interactionType":"ENTER_TEXT"}]}
RESULT: {"script":"<script> [776 bytes]","args":[{"enterText":"10345","selector":{"id":"application-managebillings-display-component---billRunCalcResult--smartFilterBar-btnBasicSearch","interaction":{"idSuffix":"I"}},"clearTextFirst":true,"interactionType":"ENTER_TEXT"}]}
COMMAND: POST /session/4a7493391aacd7fc37792e05064413e7/actions - {"actions":[{"id":"action19","type":"key","parameters":{},"actions":[{"type":"keyDown","value":"î€‡"},{"type":"pause","duration":10},{"type":"keyUp","value":"î€‡"}]}]}
RESULT: {"actions":[{"id":"action19","type":"key","parameters":{},"actions":[{"type":"keyDown","value":"î€‡"},{"type":"pause","duration":10},{"type":"keyUp","value":"î€‡"}]}]}
COMMAND: GET /session/4a7493391aacd7fc37792e05064413e7/screenshot - {}
RESULT: {}
COMMAND: POST /session/4a7493391aacd7fc37792e05064413e7/element - {"using":"xpath","value":"//td[@aria-colindex=\"1\"]/div/div[contains(@class, \"sapMCbBg\")]"}
RESULT: {"using":"xpath","value":"//td[@aria-colindex=\"1\"]/div/div[contains(@class, \"sapMCbBg\")]"}
COMMAND: POST /session/4a7493391aacd7fc37792e05064413e7/element/f.E133658EE593DCD45430D97DE730ABAE.d.5AE756005F863763BA7ACE74A66B6B6B.e.5985/click - {}
RESULT: {}
COMMAND: GET /session/4a7493391aacd7fc37792e05064413e7/screenshot - {}
RESULT: {}
COMMAND: POST /session/4a7493391aacd7fc37792e05064413e7/execute/async - {"script":"<script> [1562 bytes]","args":[{"selector":{"id":"application-managebillings-display-component---billRunCalcResult--contractBillRunDate","interaction":{"idSuffix":"inner"}},"wdio_ui5_key":"applicationmanagebillings-display-component---billRunCalcResult--contractBillRunDate"}]}
RESULT: {"script":"<script> [1562 bytes]","args":[{"selector":{"id":"application-managebillings-display-component---billRunCalcResult--contractBillRunDate","interaction":{"idSuffix":"inner"}},"wdio_ui5_key":"applicationmanagebillings-display-component---billRunCalcResult--contractBillRunDate"}]}
RESULT: undefined
COMMAND: POST /session/4a7493391aacd7fc37792e05064413e7/execute/async - {"script":"<script> [776 bytes]","args":[{"enterText":"05/29/25","selector":{"id":"application-managebillings-display-component---billRunCalcResult--contractBillRunDate","interaction":{"idSuffix":"inner"}},"clearTextFirst":true,"interactionType":"ENTER_TEXT"}]}
RESULT: {"script":"<script> [776 bytes]","args":[{"enterText":"05/29/25","selector":{"id":"application-managebillings-display-component---billRunCalcResult--contractBillRunDate","interaction":{"idSuffix":"inner"}},"clearTextFirst":true,"interactionType":"ENTER_TEXT"}]}
COMMAND: POST /session/4a7493391aacd7fc37792e05064413e7/element - {"using":"xpath","value":"//bdi[contains(text(), \"Trigger Calculation\")]"}
RESULT: {"using":"xpath","value":"//bdi[contains(text(), \"Trigger Calculation\")]"}
COMMAND: POST /session/4a7493391aacd7fc37792e05064413e7/element/f.E133658EE593DCD45430D97DE730ABAE.d.5AE756005F863763BA7ACE74A66B6B6B.e.6036/click - {}
RESULT: {}
COMMAND: GET /session/4a7493391aacd7fc37792e05064413e7/screenshot - {}
RESULT: {}
COMMAND: POST /session/4a7493391aacd7fc37792e05064413e7/element - {"using":"xpath","value":"(//span[contains(@id, \"imgNav\")])[1]"}
RESULT: {"using":"xpath","value":"(//span[contains(@id, \"imgNav\")])[1]"}
COMMAND: POST /session/4a7493391aacd7fc37792e05064413e7/element/f.E133658EE593DCD45430D97DE730ABAE.d.5AE756005F863763BA7ACE74A66B6B6B.e.5986/click - {}
RESULT: {}
COMMAND: GET /session/4a7493391aacd7fc37792e05064413e7/screenshot - {}
RESULT: {}
COMMAND: POST /session/4a7493391aacd7fc37792e05064413e7/element - {"using":"xpath","value":"//tr/td[6]/div[1]/span[1]/span[1]"}
RESULT: {"using":"xpath","value":"//tr/td[6]/div[1]/span[1]/span[1]"}
COMMAND: GET /session/4a7493391aacd7fc37792e05064413e7/element/f.E133658EE593DCD45430D97DE730ABAE.d.5AE756005F863763BA7ACE74A66B6B6B.e.6041/text - {}
RESULT: {}
COMMAND: POST /session/4a7493391aacd7fc37792e05064413e7/element - {"using":"xpath","value":"(//span[contains(@id, \"imgNav\")])[2]"}
RESULT: {"using":"xpath","value":"(//span[contains(@id, \"imgNav\")])[2]"}
COMMAND: POST /session/4a7493391aacd7fc37792e05064413e7/element/f.E133658EE593DCD45430D97DE730ABAE.d.5AE756005F863763BA7ACE74A66B6B6B.e.6042/click - {}
RESULT: {}
COMMAND: POST /session/4a7493391aacd7fc37792e05064413e7/element - {"using":"xpath","value":"//bdi[contains(text(), \"Business Confirm\")]"}
COMMAND: GET /session/4a7493391aacd7fc37792e05064413e7/screenshot - {}
RESULT: {"using":"xpath","value":"//bdi[contains(text(), \"Business Confirm\")]"}
COMMAND: POST /session/4a7493391aacd7fc37792e05064413e7/elements - {"using":"xpath","value":"//bdi[contains(text(), \"Business Confirm\")]"}
RESULT: {}
RESULT: {"using":"xpath","value":"//bdi[contains(text(), \"Business Confirm\")]"}
COMMAND: POST /session/4a7493391aacd7fc37792e05064413e7/elements - {"using":"xpath","value":"//bdi[contains(text(), \"Business Confirm\")]"}
RESULT: {"using":"xpath","value":"//bdi[contains(text(), \"Business Confirm\")]"}
COMMAND: POST /session/4a7493391aacd7fc37792e05064413e7/elements - {"using":"xpath","value":"//bdi[contains(text(), \"Business Confirm\")]"}
RESULT: {"using":"xpath","value":"//bdi[contains(text(), \"Business Confirm\")]"}
COMMAND: POST /session/4a7493391aacd7fc37792e05064413e7/elements - {"using":"xpath","value":"//bdi[contains(text(), \"Business Confirm\")]"}
RESULT: {"using":"xpath","value":"//bdi[contains(text(), \"Business Confirm\")]"}
COMMAND: POST /session/4a7493391aacd7fc37792e05064413e7/element - {"using":"xpath","value":"//bdi[contains(text(), \"Business Confirm\")]"}
RESULT: {"using":"xpath","value":"//bdi[contains(text(), \"Business Confirm\")]"}
COMMAND: POST /session/4a7493391aacd7fc37792e05064413e7/element/f.E133658EE593DCD45430D97DE730ABAE.d.5AE756005F863763BA7ACE74A66B6B6B.e.6094/click - {}
RESULT: {}
COMMAND: POST /session/4a7493391aacd7fc37792e05064413e7/element - {"using":"css selector","value":"#shell-header-logo"}
COMMAND: GET /session/4a7493391aacd7fc37792e05064413e7/screenshot - {}
RESULT: {"using":"css selector","value":"#shell-header-logo"}
COMMAND: POST /session/4a7493391aacd7fc37792e05064413e7/element/f.E133658EE593DCD45430D97DE730ABAE.d.5AE756005F863763BA7ACE74A66B6B6B.e.5773/click - {}
RESULT: {}
RESULT: {}
COMMAND: GET /session/4a7493391aacd7fc37792e05064413e7/screenshot - {}
RESULT: {}
]]></system-out>
    </testcase>
    <testcase classname="chrome.135_0_7049_96.windows.Billing_Transfer_-_Master_data_&amp;_Intercompany_US127250" name="Should do Billing Transfer all the way into invoice open for intercompany case" time="86.534">
      <system-out><![CDATA[
COMMAND: POST /session/4a7493391aacd7fc37792e05064413e7/execute/async - {"script":"<script> [1562 bytes]","args":[{"selector":{"controlType":"sap.m.GenericTile","properties":{"header":"Billing Transfer"}},"wdio_ui5_key":"sapm.GenericTile{\"header\":\"Billing Transfer\"}"}]}
RESULT: {"script":"<script> [1562 bytes]","args":[{"selector":{"controlType":"sap.m.GenericTile","properties":{"header":"Billing Transfer"}},"wdio_ui5_key":"sapm.GenericTile{\"header\":\"Billing Transfer\"}"}]}
RESULT: undefined
COMMAND: POST /session/4a7493391aacd7fc37792e05064413e7/element - {"using":"xpath","value":"//*[@id=\"__tile50\"]"}
RESULT: {"using":"xpath","value":"//*[@id=\"__tile50\"]"}
COMMAND: POST /session/4a7493391aacd7fc37792e05064413e7/element/f.E133658EE593DCD45430D97DE730ABAE.d.5AE756005F863763BA7ACE74A66B6B6B.e.192/click - {}
RESULT: {}
COMMAND: POST /session/4a7493391aacd7fc37792e05064413e7/element - {"using":"xpath","value":"//input[contains(@id ,\"application-billingtransfer-display-component---billingWorkbench--smartFilterBar-btnBasicSearch\")]"}
COMMAND: GET /session/4a7493391aacd7fc37792e05064413e7/screenshot - {}
RESULT: {"using":"xpath","value":"//input[contains(@id ,\"application-billingtransfer-display-component---billingWorkbench--smartFilterBar-btnBasicSearch\")]"}
COMMAND: POST /session/4a7493391aacd7fc37792e05064413e7/elements - {"using":"xpath","value":"//input[contains(@id ,\"application-billingtransfer-display-component---billingWorkbench--smartFilterBar-btnBasicSearch\")]"}
RESULT: {}
RESULT: {"using":"xpath","value":"//input[contains(@id ,\"application-billingtransfer-display-component---billingWorkbench--smartFilterBar-btnBasicSearch\")]"}
COMMAND: POST /session/4a7493391aacd7fc37792e05064413e7/elements - {"using":"xpath","value":"//input[contains(@id ,\"application-billingtransfer-display-component---billingWorkbench--smartFilterBar-btnBasicSearch\")]"}
RESULT: {"using":"xpath","value":"//input[contains(@id ,\"application-billingtransfer-display-component---billingWorkbench--smartFilterBar-btnBasicSearch\")]"}
COMMAND: POST /session/4a7493391aacd7fc37792e05064413e7/elements - {"using":"xpath","value":"//input[contains(@id ,\"application-billingtransfer-display-component---billingWorkbench--smartFilterBar-btnBasicSearch\")]"}
RESULT: {"using":"xpath","value":"//input[contains(@id ,\"application-billingtransfer-display-component---billingWorkbench--smartFilterBar-btnBasicSearch\")]"}
COMMAND: POST /session/4a7493391aacd7fc37792e05064413e7/elements - {"using":"xpath","value":"//input[contains(@id ,\"application-billingtransfer-display-component---billingWorkbench--smartFilterBar-btnBasicSearch\")]"}
RESULT: {"using":"xpath","value":"//input[contains(@id ,\"application-billingtransfer-display-component---billingWorkbench--smartFilterBar-btnBasicSearch\")]"}
COMMAND: POST /session/4a7493391aacd7fc37792e05064413e7/element - {"using":"xpath","value":"//input[contains(@id ,\"application-billingtransfer-display-component---billingWorkbench--smartFilterBar-btnBasicSearch\")]"}
RESULT: {"using":"xpath","value":"//input[contains(@id ,\"application-billingtransfer-display-component---billingWorkbench--smartFilterBar-btnBasicSearch\")]"}
COMMAND: POST /session/4a7493391aacd7fc37792e05064413e7/execute/sync - {"script":"<script> [8489 bytes]","args":[{"element-6066-11e4-a52e-4f735466cecf":"f.E133658EE593DCD45430D97DE730ABAE.d.5AE756005F863763BA7ACE74A66B6B6B.e.6123","ELEMENT":"f.E133658EE593DCD45430D97DE730ABAE.d.5AE756005F863763BA7ACE74A66B6B6B.e.6123"}]}
RESULT: {"script":"<script> [8489 bytes]","args":[{"element-6066-11e4-a52e-4f735466cecf":"f.E133658EE593DCD45430D97DE730ABAE.d.5AE756005F863763BA7ACE74A66B6B6B.e.6123","ELEMENT":"f.E133658EE593DCD45430D97DE730ABAE.d.5AE756005F863763BA7ACE74A66B6B6B.e.6123"}]}
COMMAND: GET /session/4a7493391aacd7fc37792e05064413e7/element/f.E133658EE593DCD45430D97DE730ABAE.d.5AE756005F863763BA7ACE74A66B6B6B.e.6123/enabled - {}
COMMAND: GET /session/4a7493391aacd7fc37792e05064413e7/screenshot - {}
RESULT: {}
COMMAND: POST /session/4a7493391aacd7fc37792e05064413e7/element/f.E133658EE593DCD45430D97DE730ABAE.d.5AE756005F863763BA7ACE74A66B6B6B.e.6123/click - {}
COMMAND: GET /session/4a7493391aacd7fc37792e05064413e7/screenshot - {}
RESULT: {}
RESULT: {}
COMMAND: GET /session/4a7493391aacd7fc37792e05064413e7/screenshot - {}
RESULT: {}
RESULT: {}
COMMAND: POST /session/4a7493391aacd7fc37792e05064413e7/element/f.E133658EE593DCD45430D97DE730ABAE.d.5AE756005F863763BA7ACE74A66B6B6B.e.6123/clear - {}
RESULT: {}
COMMAND: POST /session/4a7493391aacd7fc37792e05064413e7/element/f.E133658EE593DCD45430D97DE730ABAE.d.5AE756005F863763BA7ACE74A66B6B6B.e.6123/value - {"text":"10345"}
COMMAND: GET /session/4a7493391aacd7fc37792e05064413e7/screenshot - {}
RESULT: {"text":"10345"}
COMMAND: POST /session/4a7493391aacd7fc37792e05064413e7/actions - {"actions":[{"id":"action20","type":"key","parameters":{},"actions":[{"type":"keyDown","value":"î€‡"},{"type":"pause","duration":10},{"type":"keyUp","value":"î€‡"}]}]}
COMMAND: GET /session/4a7493391aacd7fc37792e05064413e7/screenshot - {}
RESULT: {}
RESULT: {"actions":[{"id":"action20","type":"key","parameters":{},"actions":[{"type":"keyDown","value":"î€‡"},{"type":"pause","duration":10},{"type":"keyUp","value":"î€‡"}]}]}
COMMAND: GET /session/4a7493391aacd7fc37792e05064413e7/screenshot - {}
RESULT: {}
RESULT: {}
COMMAND: POST /session/4a7493391aacd7fc37792e05064413e7/element - {"using":"xpath","value":"//span[contains(@id ,\"application-billingtransfer-display-component---billingWorkbench--smartTableBillingRuns-header-inner\")]"}
RESULT: {"using":"xpath","value":"//span[contains(@id ,\"application-billingtransfer-display-component---billingWorkbench--smartTableBillingRuns-header-inner\")]"}
COMMAND: POST /session/4a7493391aacd7fc37792e05064413e7/elements - {"using":"xpath","value":"//span[contains(@id ,\"application-billingtransfer-display-component---billingWorkbench--smartTableBillingRuns-header-inner\")]"}
RESULT: {"using":"xpath","value":"//span[contains(@id ,\"application-billingtransfer-display-component---billingWorkbench--smartTableBillingRuns-header-inner\")]"}
COMMAND: POST /session/4a7493391aacd7fc37792e05064413e7/execute/sync - {"script":"<script> [56 bytes]","args":[{"element-6066-11e4-a52e-4f735466cecf":"f.E133658EE593DCD45430D97DE730ABAE.d.5AE756005F863763BA7ACE74A66B6B6B.e.6285","ELEMENT":"f.E133658EE593DCD45430D97DE730ABAE.d.5AE756005F863763BA7ACE74A66B6B6B.e.6285"}]}
RESULT: {"script":"<script> [56 bytes]","args":[{"element-6066-11e4-a52e-4f735466cecf":"f.E133658EE593DCD45430D97DE730ABAE.d.5AE756005F863763BA7ACE74A66B6B6B.e.6285","ELEMENT":"f.E133658EE593DCD45430D97DE730ABAE.d.5AE756005F863763BA7ACE74A66B6B6B.e.6285"}]}
COMMAND: POST /session/4a7493391aacd7fc37792e05064413e7/element - {"using":"xpath","value":"//td[@aria-colindex=\"1\"]/div/div[contains(@class, \"sapMCbBg\")]"}
COMMAND: GET /session/4a7493391aacd7fc37792e05064413e7/screenshot - {}
RESULT: {"using":"xpath","value":"//td[@aria-colindex=\"1\"]/div/div[contains(@class, \"sapMCbBg\")]"}
COMMAND: POST /session/4a7493391aacd7fc37792e05064413e7/element/f.E133658EE593DCD45430D97DE730ABAE.d.5AE756005F863763BA7ACE74A66B6B6B.e.6226/click - {}
RESULT: {}
RESULT: {}
COMMAND: GET /session/4a7493391aacd7fc37792e05064413e7/screenshot - {}
RESULT: {}
COMMAND: POST /session/4a7493391aacd7fc37792e05064413e7/element - {"using":"xpath","value":"//bdi[contains(text(), \"Check\")]"}
RESULT: {"using":"xpath","value":"//bdi[contains(text(), \"Check\")]"}
COMMAND: POST /session/4a7493391aacd7fc37792e05064413e7/element/f.E133658EE593DCD45430D97DE730ABAE.d.5AE756005F863763BA7ACE74A66B6B6B.e.6286/click - {}
RESULT: {}
COMMAND: GET /session/4a7493391aacd7fc37792e05064413e7/screenshot - {}
RESULT: {}
COMMAND: POST /session/4a7493391aacd7fc37792e05064413e7/element - {"using":"xpath","value":"//bdi[contains(text(), \"OK\")]"}
RESULT: {"using":"xpath","value":"//bdi[contains(text(), \"OK\")]"}
COMMAND: POST /session/4a7493391aacd7fc37792e05064413e7/element/f.E133658EE593DCD45430D97DE730ABAE.d.5AE756005F863763BA7ACE74A66B6B6B.e.6289/click - {}
RESULT: {}
COMMAND: GET /session/4a7493391aacd7fc37792e05064413e7/screenshot - {}
RESULT: {}
COMMAND: POST /session/4a7493391aacd7fc37792e05064413e7/element - {"using":"xpath","value":"(//span[contains(text(), \"CO/SD checked\")]/parent::div/preceding-sibling::div/span)[1]"}
RESULT: {"using":"xpath","value":"(//span[contains(text(), \"CO/SD checked\")]/parent::div/preceding-sibling::div/span)[1]"}
COMMAND: POST /session/4a7493391aacd7fc37792e05064413e7/element/f.E133658EE593DCD45430D97DE730ABAE.d.5AE756005F863763BA7ACE74A66B6B6B.e.6291/click - {}
RESULT: {}
COMMAND: GET /session/4a7493391aacd7fc37792e05064413e7/screenshot - {}
RESULT: {}
COMMAND: POST /session/4a7493391aacd7fc37792e05064413e7/element - {"using":"xpath","value":"//input[contains(@id ,\"application-billingtransfer-display-component---billingWorkbench--smartFilterBar-btnBasicSearch\")]"}
RESULT: {"using":"xpath","value":"//input[contains(@id ,\"application-billingtransfer-display-component---billingWorkbench--smartFilterBar-btnBasicSearch\")]"}
COMMAND: POST /session/4a7493391aacd7fc37792e05064413e7/elements - {"using":"xpath","value":"//input[contains(@id ,\"application-billingtransfer-display-component---billingWorkbench--smartFilterBar-btnBasicSearch\")]"}
RESULT: {"using":"xpath","value":"//input[contains(@id ,\"application-billingtransfer-display-component---billingWorkbench--smartFilterBar-btnBasicSearch\")]"}
COMMAND: POST /session/4a7493391aacd7fc37792e05064413e7/execute/sync - {"script":"<script> [8489 bytes]","args":[{"element-6066-11e4-a52e-4f735466cecf":"f.E133658EE593DCD45430D97DE730ABAE.d.5AE756005F863763BA7ACE74A66B6B6B.e.6123","ELEMENT":"f.E133658EE593DCD45430D97DE730ABAE.d.5AE756005F863763BA7ACE74A66B6B6B.e.6123"}]}
RESULT: {"script":"<script> [8489 bytes]","args":[{"element-6066-11e4-a52e-4f735466cecf":"f.E133658EE593DCD45430D97DE730ABAE.d.5AE756005F863763BA7ACE74A66B6B6B.e.6123","ELEMENT":"f.E133658EE593DCD45430D97DE730ABAE.d.5AE756005F863763BA7ACE74A66B6B6B.e.6123"}]}
COMMAND: GET /session/4a7493391aacd7fc37792e05064413e7/element/f.E133658EE593DCD45430D97DE730ABAE.d.5AE756005F863763BA7ACE74A66B6B6B.e.6123/enabled - {}
COMMAND: GET /session/4a7493391aacd7fc37792e05064413e7/screenshot - {}
RESULT: {}
COMMAND: POST /session/4a7493391aacd7fc37792e05064413e7/element/f.E133658EE593DCD45430D97DE730ABAE.d.5AE756005F863763BA7ACE74A66B6B6B.e.6123/click - {}
COMMAND: GET /session/4a7493391aacd7fc37792e05064413e7/screenshot - {}
RESULT: {}
RESULT: {}
COMMAND: GET /session/4a7493391aacd7fc37792e05064413e7/screenshot - {}
RESULT: {}
RESULT: {}
COMMAND: POST /session/4a7493391aacd7fc37792e05064413e7/element/f.E133658EE593DCD45430D97DE730ABAE.d.5AE756005F863763BA7ACE74A66B6B6B.e.6123/clear - {}
RESULT: {}
COMMAND: POST /session/4a7493391aacd7fc37792e05064413e7/element/f.E133658EE593DCD45430D97DE730ABAE.d.5AE756005F863763BA7ACE74A66B6B6B.e.6123/value - {"text":"10345"}
COMMAND: GET /session/4a7493391aacd7fc37792e05064413e7/screenshot - {}
RESULT: {"text":"10345"}
COMMAND: POST /session/4a7493391aacd7fc37792e05064413e7/actions - {"actions":[{"id":"action21","type":"key","parameters":{},"actions":[{"type":"keyDown","value":"î€‡"},{"type":"pause","duration":10},{"type":"keyUp","value":"î€‡"}]}]}
COMMAND: GET /session/4a7493391aacd7fc37792e05064413e7/screenshot - {}
RESULT: {}
RESULT: {"actions":[{"id":"action21","type":"key","parameters":{},"actions":[{"type":"keyDown","value":"î€‡"},{"type":"pause","duration":10},{"type":"keyUp","value":"î€‡"}]}]}
COMMAND: GET /session/4a7493391aacd7fc37792e05064413e7/screenshot - {}
RESULT: {}
RESULT: {}
COMMAND: POST /session/4a7493391aacd7fc37792e05064413e7/element - {"using":"xpath","value":"//span[contains(@id ,\"application-billingtransfer-display-component---billingWorkbench--smartTableBillingRuns-header-inner\")]"}
RESULT: {"using":"xpath","value":"//span[contains(@id ,\"application-billingtransfer-display-component---billingWorkbench--smartTableBillingRuns-header-inner\")]"}
COMMAND: POST /session/4a7493391aacd7fc37792e05064413e7/elements - {"using":"xpath","value":"//span[contains(@id ,\"application-billingtransfer-display-component---billingWorkbench--smartTableBillingRuns-header-inner\")]"}
RESULT: {"using":"xpath","value":"//span[contains(@id ,\"application-billingtransfer-display-component---billingWorkbench--smartTableBillingRuns-header-inner\")]"}
COMMAND: POST /session/4a7493391aacd7fc37792e05064413e7/execute/sync - {"script":"<script> [56 bytes]","args":[{"element-6066-11e4-a52e-4f735466cecf":"f.E133658EE593DCD45430D97DE730ABAE.d.5AE756005F863763BA7ACE74A66B6B6B.e.6285","ELEMENT":"f.E133658EE593DCD45430D97DE730ABAE.d.5AE756005F863763BA7ACE74A66B6B6B.e.6285"}]}
RESULT: {"script":"<script> [56 bytes]","args":[{"element-6066-11e4-a52e-4f735466cecf":"f.E133658EE593DCD45430D97DE730ABAE.d.5AE756005F863763BA7ACE74A66B6B6B.e.6285","ELEMENT":"f.E133658EE593DCD45430D97DE730ABAE.d.5AE756005F863763BA7ACE74A66B6B6B.e.6285"}]}
COMMAND: GET /session/4a7493391aacd7fc37792e05064413e7/screenshot - {}
RESULT: {}
COMMAND: POST /session/4a7493391aacd7fc37792e05064413e7/execute/sync - {"script":"<script> [56 bytes]","args":[{"element-6066-11e4-a52e-4f735466cecf":"f.E133658EE593DCD45430D97DE730ABAE.d.5AE756005F863763BA7ACE74A66B6B6B.e.6285","ELEMENT":"f.E133658EE593DCD45430D97DE730ABAE.d.5AE756005F863763BA7ACE74A66B6B6B.e.6285"}]}
RESULT: {"script":"<script> [56 bytes]","args":[{"element-6066-11e4-a52e-4f735466cecf":"f.E133658EE593DCD45430D97DE730ABAE.d.5AE756005F863763BA7ACE74A66B6B6B.e.6285","ELEMENT":"f.E133658EE593DCD45430D97DE730ABAE.d.5AE756005F863763BA7ACE74A66B6B6B.e.6285"}]}
COMMAND: GET /session/4a7493391aacd7fc37792e05064413e7/screenshot - {}
RESULT: {}
COMMAND: POST /session/4a7493391aacd7fc37792e05064413e7/execute/sync - {"script":"<script> [56 bytes]","args":[{"element-6066-11e4-a52e-4f735466cecf":"f.E133658EE593DCD45430D97DE730ABAE.d.5AE756005F863763BA7ACE74A66B6B6B.e.6285","ELEMENT":"f.E133658EE593DCD45430D97DE730ABAE.d.5AE756005F863763BA7ACE74A66B6B6B.e.6285"}]}
RESULT: {"script":"<script> [56 bytes]","args":[{"element-6066-11e4-a52e-4f735466cecf":"f.E133658EE593DCD45430D97DE730ABAE.d.5AE756005F863763BA7ACE74A66B6B6B.e.6285","ELEMENT":"f.E133658EE593DCD45430D97DE730ABAE.d.5AE756005F863763BA7ACE74A66B6B6B.e.6285"}]}
COMMAND: GET /session/4a7493391aacd7fc37792e05064413e7/screenshot - {}
RESULT: {}
COMMAND: POST /session/4a7493391aacd7fc37792e05064413e7/execute/sync - {"script":"<script> [56 bytes]","args":[{"element-6066-11e4-a52e-4f735466cecf":"f.E133658EE593DCD45430D97DE730ABAE.d.5AE756005F863763BA7ACE74A66B6B6B.e.6285","ELEMENT":"f.E133658EE593DCD45430D97DE730ABAE.d.5AE756005F863763BA7ACE74A66B6B6B.e.6285"}]}
RESULT: {"script":"<script> [56 bytes]","args":[{"element-6066-11e4-a52e-4f735466cecf":"f.E133658EE593DCD45430D97DE730ABAE.d.5AE756005F863763BA7ACE74A66B6B6B.e.6285","ELEMENT":"f.E133658EE593DCD45430D97DE730ABAE.d.5AE756005F863763BA7ACE74A66B6B6B.e.6285"}]}
COMMAND: GET /session/4a7493391aacd7fc37792e05064413e7/screenshot - {}
RESULT: {}
COMMAND: POST /session/4a7493391aacd7fc37792e05064413e7/execute/sync - {"script":"<script> [56 bytes]","args":[{"element-6066-11e4-a52e-4f735466cecf":"f.E133658EE593DCD45430D97DE730ABAE.d.5AE756005F863763BA7ACE74A66B6B6B.e.6285","ELEMENT":"f.E133658EE593DCD45430D97DE730ABAE.d.5AE756005F863763BA7ACE74A66B6B6B.e.6285"}]}
RESULT: {"script":"<script> [56 bytes]","args":[{"element-6066-11e4-a52e-4f735466cecf":"f.E133658EE593DCD45430D97DE730ABAE.d.5AE756005F863763BA7ACE74A66B6B6B.e.6285","ELEMENT":"f.E133658EE593DCD45430D97DE730ABAE.d.5AE756005F863763BA7ACE74A66B6B6B.e.6285"}]}
COMMAND: GET /session/4a7493391aacd7fc37792e05064413e7/screenshot - {}
RESULT: {}
COMMAND: POST /session/4a7493391aacd7fc37792e05064413e7/execute/sync - {"script":"<script> [56 bytes]","args":[{"element-6066-11e4-a52e-4f735466cecf":"f.E133658EE593DCD45430D97DE730ABAE.d.5AE756005F863763BA7ACE74A66B6B6B.e.6285","ELEMENT":"f.E133658EE593DCD45430D97DE730ABAE.d.5AE756005F863763BA7ACE74A66B6B6B.e.6285"}]}
RESULT: {"script":"<script> [56 bytes]","args":[{"element-6066-11e4-a52e-4f735466cecf":"f.E133658EE593DCD45430D97DE730ABAE.d.5AE756005F863763BA7ACE74A66B6B6B.e.6285","ELEMENT":"f.E133658EE593DCD45430D97DE730ABAE.d.5AE756005F863763BA7ACE74A66B6B6B.e.6285"}]}
COMMAND: GET /session/4a7493391aacd7fc37792e05064413e7/screenshot - {}
RESULT: {}
COMMAND: POST /session/4a7493391aacd7fc37792e05064413e7/execute/sync - {"script":"<script> [56 bytes]","args":[{"element-6066-11e4-a52e-4f735466cecf":"f.E133658EE593DCD45430D97DE730ABAE.d.5AE756005F863763BA7ACE74A66B6B6B.e.6285","ELEMENT":"f.E133658EE593DCD45430D97DE730ABAE.d.5AE756005F863763BA7ACE74A66B6B6B.e.6285"}]}
RESULT: {"script":"<script> [56 bytes]","args":[{"element-6066-11e4-a52e-4f735466cecf":"f.E133658EE593DCD45430D97DE730ABAE.d.5AE756005F863763BA7ACE74A66B6B6B.e.6285","ELEMENT":"f.E133658EE593DCD45430D97DE730ABAE.d.5AE756005F863763BA7ACE74A66B6B6B.e.6285"}]}
COMMAND: GET /session/4a7493391aacd7fc37792e05064413e7/screenshot - {}
RESULT: {}
COMMAND: POST /session/4a7493391aacd7fc37792e05064413e7/execute/sync - {"script":"<script> [56 bytes]","args":[{"element-6066-11e4-a52e-4f735466cecf":"f.E133658EE593DCD45430D97DE730ABAE.d.5AE756005F863763BA7ACE74A66B6B6B.e.6285","ELEMENT":"f.E133658EE593DCD45430D97DE730ABAE.d.5AE756005F863763BA7ACE74A66B6B6B.e.6285"}]}
RESULT: {"script":"<script> [56 bytes]","args":[{"element-6066-11e4-a52e-4f735466cecf":"f.E133658EE593DCD45430D97DE730ABAE.d.5AE756005F863763BA7ACE74A66B6B6B.e.6285","ELEMENT":"f.E133658EE593DCD45430D97DE730ABAE.d.5AE756005F863763BA7ACE74A66B6B6B.e.6285"}]}
COMMAND: GET /session/4a7493391aacd7fc37792e05064413e7/screenshot - {}
RESULT: {}
COMMAND: POST /session/4a7493391aacd7fc37792e05064413e7/execute/sync - {"script":"<script> [56 bytes]","args":[{"element-6066-11e4-a52e-4f735466cecf":"f.E133658EE593DCD45430D97DE730ABAE.d.5AE756005F863763BA7ACE74A66B6B6B.e.6285","ELEMENT":"f.E133658EE593DCD45430D97DE730ABAE.d.5AE756005F863763BA7ACE74A66B6B6B.e.6285"}]}
RESULT: {"script":"<script> [56 bytes]","args":[{"element-6066-11e4-a52e-4f735466cecf":"f.E133658EE593DCD45430D97DE730ABAE.d.5AE756005F863763BA7ACE74A66B6B6B.e.6285","ELEMENT":"f.E133658EE593DCD45430D97DE730ABAE.d.5AE756005F863763BA7ACE74A66B6B6B.e.6285"}]}
COMMAND: GET /session/4a7493391aacd7fc37792e05064413e7/screenshot - {}
RESULT: {}
COMMAND: POST /session/4a7493391aacd7fc37792e05064413e7/execute/sync - {"script":"<script> [56 bytes]","args":[{"element-6066-11e4-a52e-4f735466cecf":"f.E133658EE593DCD45430D97DE730ABAE.d.5AE756005F863763BA7ACE74A66B6B6B.e.6285","ELEMENT":"f.E133658EE593DCD45430D97DE730ABAE.d.5AE756005F863763BA7ACE74A66B6B6B.e.6285"}]}
RESULT: {"script":"<script> [56 bytes]","args":[{"element-6066-11e4-a52e-4f735466cecf":"f.E133658EE593DCD45430D97DE730ABAE.d.5AE756005F863763BA7ACE74A66B6B6B.e.6285","ELEMENT":"f.E133658EE593DCD45430D97DE730ABAE.d.5AE756005F863763BA7ACE74A66B6B6B.e.6285"}]}
COMMAND: GET /session/4a7493391aacd7fc37792e05064413e7/screenshot - {}
RESULT: {}
COMMAND: POST /session/4a7493391aacd7fc37792e05064413e7/execute/sync - {"script":"<script> [56 bytes]","args":[{"element-6066-11e4-a52e-4f735466cecf":"f.E133658EE593DCD45430D97DE730ABAE.d.5AE756005F863763BA7ACE74A66B6B6B.e.6285","ELEMENT":"f.E133658EE593DCD45430D97DE730ABAE.d.5AE756005F863763BA7ACE74A66B6B6B.e.6285"}]}
RESULT: {"script":"<script> [56 bytes]","args":[{"element-6066-11e4-a52e-4f735466cecf":"f.E133658EE593DCD45430D97DE730ABAE.d.5AE756005F863763BA7ACE74A66B6B6B.e.6285","ELEMENT":"f.E133658EE593DCD45430D97DE730ABAE.d.5AE756005F863763BA7ACE74A66B6B6B.e.6285"}]}
COMMAND: GET /session/4a7493391aacd7fc37792e05064413e7/screenshot - {}
RESULT: {}
COMMAND: POST /session/4a7493391aacd7fc37792e05064413e7/execute/sync - {"script":"<script> [56 bytes]","args":[{"element-6066-11e4-a52e-4f735466cecf":"f.E133658EE593DCD45430D97DE730ABAE.d.5AE756005F863763BA7ACE74A66B6B6B.e.6285","ELEMENT":"f.E133658EE593DCD45430D97DE730ABAE.d.5AE756005F863763BA7ACE74A66B6B6B.e.6285"}]}
RESULT: {"script":"<script> [56 bytes]","args":[{"element-6066-11e4-a52e-4f735466cecf":"f.E133658EE593DCD45430D97DE730ABAE.d.5AE756005F863763BA7ACE74A66B6B6B.e.6285","ELEMENT":"f.E133658EE593DCD45430D97DE730ABAE.d.5AE756005F863763BA7ACE74A66B6B6B.e.6285"}]}
COMMAND: GET /session/4a7493391aacd7fc37792e05064413e7/screenshot - {}
RESULT: {}
COMMAND: POST /session/4a7493391aacd7fc37792e05064413e7/execute/sync - {"script":"<script> [56 bytes]","args":[{"element-6066-11e4-a52e-4f735466cecf":"f.E133658EE593DCD45430D97DE730ABAE.d.5AE756005F863763BA7ACE74A66B6B6B.e.6285","ELEMENT":"f.E133658EE593DCD45430D97DE730ABAE.d.5AE756005F863763BA7ACE74A66B6B6B.e.6285"}]}
RESULT: {"script":"<script> [56 bytes]","args":[{"element-6066-11e4-a52e-4f735466cecf":"f.E133658EE593DCD45430D97DE730ABAE.d.5AE756005F863763BA7ACE74A66B6B6B.e.6285","ELEMENT":"f.E133658EE593DCD45430D97DE730ABAE.d.5AE756005F863763BA7ACE74A66B6B6B.e.6285"}]}
COMMAND: GET /session/4a7493391aacd7fc37792e05064413e7/screenshot - {}
RESULT: {}
COMMAND: POST /session/4a7493391aacd7fc37792e05064413e7/execute/sync - {"script":"<script> [56 bytes]","args":[{"element-6066-11e4-a52e-4f735466cecf":"f.E133658EE593DCD45430D97DE730ABAE.d.5AE756005F863763BA7ACE74A66B6B6B.e.6285","ELEMENT":"f.E133658EE593DCD45430D97DE730ABAE.d.5AE756005F863763BA7ACE74A66B6B6B.e.6285"}]}
RESULT: {"script":"<script> [56 bytes]","args":[{"element-6066-11e4-a52e-4f735466cecf":"f.E133658EE593DCD45430D97DE730ABAE.d.5AE756005F863763BA7ACE74A66B6B6B.e.6285","ELEMENT":"f.E133658EE593DCD45430D97DE730ABAE.d.5AE756005F863763BA7ACE74A66B6B6B.e.6285"}]}
COMMAND: POST /session/4a7493391aacd7fc37792e05064413e7/element - {"using":"xpath","value":"//td[@aria-colindex=\"1\"]/div/div[contains(@class, \"sapMCbBg\")]"}
COMMAND: GET /session/4a7493391aacd7fc37792e05064413e7/screenshot - {}
RESULT: {}
RESULT: {"using":"xpath","value":"//td[@aria-colindex=\"1\"]/div/div[contains(@class, \"sapMCbBg\")]"}
COMMAND: POST /session/4a7493391aacd7fc37792e05064413e7/element/f.E133658EE593DCD45430D97DE730ABAE.d.5AE756005F863763BA7ACE74A66B6B6B.e.6295/click - {}
RESULT: {}
COMMAND: GET /session/4a7493391aacd7fc37792e05064413e7/screenshot - {}
RESULT: {}
COMMAND: POST /session/4a7493391aacd7fc37792e05064413e7/element - {"using":"xpath","value":"//bdi[text()=\"Transfer\"]"}
RESULT: {"using":"xpath","value":"//bdi[text()=\"Transfer\"]"}
COMMAND: POST /session/4a7493391aacd7fc37792e05064413e7/element/f.E133658EE593DCD45430D97DE730ABAE.d.5AE756005F863763BA7ACE74A66B6B6B.e.6296/click - {}
RESULT: {}
COMMAND: GET /session/4a7493391aacd7fc37792e05064413e7/screenshot - {}
RESULT: {}
COMMAND: POST /session/4a7493391aacd7fc37792e05064413e7/element - {"using":"xpath","value":"//bdi[contains(text(), \"OK\")]"}
RESULT: {"using":"xpath","value":"//bdi[contains(text(), \"OK\")]"}
COMMAND: POST /session/4a7493391aacd7fc37792e05064413e7/element/f.E133658EE593DCD45430D97DE730ABAE.d.5AE756005F863763BA7ACE74A66B6B6B.e.6299/click - {}
RESULT: {}
COMMAND: GET /session/4a7493391aacd7fc37792e05064413e7/screenshot - {}
RESULT: {}
COMMAND: POST /session/4a7493391aacd7fc37792e05064413e7/element - {"using":"xpath","value":"(//span[contains(text(), \"Invoice open\")]/parent::div/preceding-sibling::div/span)[1]"}
RESULT: {"using":"xpath","value":"(//span[contains(text(), \"Invoice open\")]/parent::div/preceding-sibling::div/span)[1]"}
COMMAND: POST /session/4a7493391aacd7fc37792e05064413e7/element/f.E133658EE593DCD45430D97DE730ABAE.d.5AE756005F863763BA7ACE74A66B6B6B.e.6307/click - {}
RESULT: {}
COMMAND: GET /session/4a7493391aacd7fc37792e05064413e7/screenshot - {}
RESULT: {}
COMMAND: POST /session/4a7493391aacd7fc37792e05064413e7/element - {"using":"xpath","value":"//input[contains(@id ,\"application-billingtransfer-display-component---billingWorkbench--smartFilterBar-btnBasicSearch\")]"}
RESULT: {"using":"xpath","value":"//input[contains(@id ,\"application-billingtransfer-display-component---billingWorkbench--smartFilterBar-btnBasicSearch\")]"}
COMMAND: POST /session/4a7493391aacd7fc37792e05064413e7/elements - {"using":"xpath","value":"//input[contains(@id ,\"application-billingtransfer-display-component---billingWorkbench--smartFilterBar-btnBasicSearch\")]"}
RESULT: {"using":"xpath","value":"//input[contains(@id ,\"application-billingtransfer-display-component---billingWorkbench--smartFilterBar-btnBasicSearch\")]"}
COMMAND: POST /session/4a7493391aacd7fc37792e05064413e7/execute/sync - {"script":"<script> [8489 bytes]","args":[{"element-6066-11e4-a52e-4f735466cecf":"f.E133658EE593DCD45430D97DE730ABAE.d.5AE756005F863763BA7ACE74A66B6B6B.e.6123","ELEMENT":"f.E133658EE593DCD45430D97DE730ABAE.d.5AE756005F863763BA7ACE74A66B6B6B.e.6123"}]}
RESULT: {"script":"<script> [8489 bytes]","args":[{"element-6066-11e4-a52e-4f735466cecf":"f.E133658EE593DCD45430D97DE730ABAE.d.5AE756005F863763BA7ACE74A66B6B6B.e.6123","ELEMENT":"f.E133658EE593DCD45430D97DE730ABAE.d.5AE756005F863763BA7ACE74A66B6B6B.e.6123"}]}
COMMAND: GET /session/4a7493391aacd7fc37792e05064413e7/element/f.E133658EE593DCD45430D97DE730ABAE.d.5AE756005F863763BA7ACE74A66B6B6B.e.6123/enabled - {}
COMMAND: GET /session/4a7493391aacd7fc37792e05064413e7/screenshot - {}
RESULT: {}
COMMAND: POST /session/4a7493391aacd7fc37792e05064413e7/element/f.E133658EE593DCD45430D97DE730ABAE.d.5AE756005F863763BA7ACE74A66B6B6B.e.6123/click - {}
COMMAND: GET /session/4a7493391aacd7fc37792e05064413e7/screenshot - {}
RESULT: {}
RESULT: {}
COMMAND: GET /session/4a7493391aacd7fc37792e05064413e7/screenshot - {}
RESULT: {}
RESULT: {}
COMMAND: POST /session/4a7493391aacd7fc37792e05064413e7/element/f.E133658EE593DCD45430D97DE730ABAE.d.5AE756005F863763BA7ACE74A66B6B6B.e.6123/clear - {}
RESULT: {}
COMMAND: POST /session/4a7493391aacd7fc37792e05064413e7/element/f.E133658EE593DCD45430D97DE730ABAE.d.5AE756005F863763BA7ACE74A66B6B6B.e.6123/value - {"text":"10345"}
COMMAND: GET /session/4a7493391aacd7fc37792e05064413e7/screenshot - {}
RESULT: {"text":"10345"}
COMMAND: POST /session/4a7493391aacd7fc37792e05064413e7/actions - {"actions":[{"id":"action22","type":"key","parameters":{},"actions":[{"type":"keyDown","value":"î€‡"},{"type":"pause","duration":10},{"type":"keyUp","value":"î€‡"}]}]}
COMMAND: GET /session/4a7493391aacd7fc37792e05064413e7/screenshot - {}
RESULT: {}
RESULT: {"actions":[{"id":"action22","type":"key","parameters":{},"actions":[{"type":"keyDown","value":"î€‡"},{"type":"pause","duration":10},{"type":"keyUp","value":"î€‡"}]}]}
COMMAND: GET /session/4a7493391aacd7fc37792e05064413e7/screenshot - {}
RESULT: {}
RESULT: {}
COMMAND: POST /session/4a7493391aacd7fc37792e05064413e7/element - {"using":"xpath","value":"//span[contains(@id ,\"application-billingtransfer-display-component---billingWorkbench--smartTableBillingRuns-header-inner\")]"}
RESULT: {"using":"xpath","value":"//span[contains(@id ,\"application-billingtransfer-display-component---billingWorkbench--smartTableBillingRuns-header-inner\")]"}
COMMAND: POST /session/4a7493391aacd7fc37792e05064413e7/elements - {"using":"xpath","value":"//span[contains(@id ,\"application-billingtransfer-display-component---billingWorkbench--smartTableBillingRuns-header-inner\")]"}
RESULT: {"using":"xpath","value":"//span[contains(@id ,\"application-billingtransfer-display-component---billingWorkbench--smartTableBillingRuns-header-inner\")]"}
COMMAND: POST /session/4a7493391aacd7fc37792e05064413e7/execute/sync - {"script":"<script> [56 bytes]","args":[{"element-6066-11e4-a52e-4f735466cecf":"f.E133658EE593DCD45430D97DE730ABAE.d.5AE756005F863763BA7ACE74A66B6B6B.e.6285","ELEMENT":"f.E133658EE593DCD45430D97DE730ABAE.d.5AE756005F863763BA7ACE74A66B6B6B.e.6285"}]}
RESULT: {"script":"<script> [56 bytes]","args":[{"element-6066-11e4-a52e-4f735466cecf":"f.E133658EE593DCD45430D97DE730ABAE.d.5AE756005F863763BA7ACE74A66B6B6B.e.6285","ELEMENT":"f.E133658EE593DCD45430D97DE730ABAE.d.5AE756005F863763BA7ACE74A66B6B6B.e.6285"}]}
COMMAND: GET /session/4a7493391aacd7fc37792e05064413e7/screenshot - {}
RESULT: {}
COMMAND: POST /session/4a7493391aacd7fc37792e05064413e7/execute/sync - {"script":"<script> [56 bytes]","args":[{"element-6066-11e4-a52e-4f735466cecf":"f.E133658EE593DCD45430D97DE730ABAE.d.5AE756005F863763BA7ACE74A66B6B6B.e.6285","ELEMENT":"f.E133658EE593DCD45430D97DE730ABAE.d.5AE756005F863763BA7ACE74A66B6B6B.e.6285"}]}
RESULT: {"script":"<script> [56 bytes]","args":[{"element-6066-11e4-a52e-4f735466cecf":"f.E133658EE593DCD45430D97DE730ABAE.d.5AE756005F863763BA7ACE74A66B6B6B.e.6285","ELEMENT":"f.E133658EE593DCD45430D97DE730ABAE.d.5AE756005F863763BA7ACE74A66B6B6B.e.6285"}]}
COMMAND: GET /session/4a7493391aacd7fc37792e05064413e7/screenshot - {}
RESULT: {}
COMMAND: POST /session/4a7493391aacd7fc37792e05064413e7/execute/sync - {"script":"<script> [56 bytes]","args":[{"element-6066-11e4-a52e-4f735466cecf":"f.E133658EE593DCD45430D97DE730ABAE.d.5AE756005F863763BA7ACE74A66B6B6B.e.6285","ELEMENT":"f.E133658EE593DCD45430D97DE730ABAE.d.5AE756005F863763BA7ACE74A66B6B6B.e.6285"}]}
RESULT: {"script":"<script> [56 bytes]","args":[{"element-6066-11e4-a52e-4f735466cecf":"f.E133658EE593DCD45430D97DE730ABAE.d.5AE756005F863763BA7ACE74A66B6B6B.e.6285","ELEMENT":"f.E133658EE593DCD45430D97DE730ABAE.d.5AE756005F863763BA7ACE74A66B6B6B.e.6285"}]}
COMMAND: GET /session/4a7493391aacd7fc37792e05064413e7/screenshot - {}
RESULT: {}
COMMAND: POST /session/4a7493391aacd7fc37792e05064413e7/execute/sync - {"script":"<script> [56 bytes]","args":[{"element-6066-11e4-a52e-4f735466cecf":"f.E133658EE593DCD45430D97DE730ABAE.d.5AE756005F863763BA7ACE74A66B6B6B.e.6285","ELEMENT":"f.E133658EE593DCD45430D97DE730ABAE.d.5AE756005F863763BA7ACE74A66B6B6B.e.6285"}]}
RESULT: {"script":"<script> [56 bytes]","args":[{"element-6066-11e4-a52e-4f735466cecf":"f.E133658EE593DCD45430D97DE730ABAE.d.5AE756005F863763BA7ACE74A66B6B6B.e.6285","ELEMENT":"f.E133658EE593DCD45430D97DE730ABAE.d.5AE756005F863763BA7ACE74A66B6B6B.e.6285"}]}
COMMAND: GET /session/4a7493391aacd7fc37792e05064413e7/screenshot - {}
RESULT: {}
COMMAND: POST /session/4a7493391aacd7fc37792e05064413e7/execute/sync - {"script":"<script> [56 bytes]","args":[{"element-6066-11e4-a52e-4f735466cecf":"f.E133658EE593DCD45430D97DE730ABAE.d.5AE756005F863763BA7ACE74A66B6B6B.e.6285","ELEMENT":"f.E133658EE593DCD45430D97DE730ABAE.d.5AE756005F863763BA7ACE74A66B6B6B.e.6285"}]}
RESULT: {"script":"<script> [56 bytes]","args":[{"element-6066-11e4-a52e-4f735466cecf":"f.E133658EE593DCD45430D97DE730ABAE.d.5AE756005F863763BA7ACE74A66B6B6B.e.6285","ELEMENT":"f.E133658EE593DCD45430D97DE730ABAE.d.5AE756005F863763BA7ACE74A66B6B6B.e.6285"}]}
COMMAND: GET /session/4a7493391aacd7fc37792e05064413e7/screenshot - {}
RESULT: {}
COMMAND: POST /session/4a7493391aacd7fc37792e05064413e7/execute/sync - {"script":"<script> [56 bytes]","args":[{"element-6066-11e4-a52e-4f735466cecf":"f.E133658EE593DCD45430D97DE730ABAE.d.5AE756005F863763BA7ACE74A66B6B6B.e.6285","ELEMENT":"f.E133658EE593DCD45430D97DE730ABAE.d.5AE756005F863763BA7ACE74A66B6B6B.e.6285"}]}
RESULT: {"script":"<script> [56 bytes]","args":[{"element-6066-11e4-a52e-4f735466cecf":"f.E133658EE593DCD45430D97DE730ABAE.d.5AE756005F863763BA7ACE74A66B6B6B.e.6285","ELEMENT":"f.E133658EE593DCD45430D97DE730ABAE.d.5AE756005F863763BA7ACE74A66B6B6B.e.6285"}]}
COMMAND: GET /session/4a7493391aacd7fc37792e05064413e7/screenshot - {}
RESULT: {}
COMMAND: POST /session/4a7493391aacd7fc37792e05064413e7/execute/sync - {"script":"<script> [56 bytes]","args":[{"element-6066-11e4-a52e-4f735466cecf":"f.E133658EE593DCD45430D97DE730ABAE.d.5AE756005F863763BA7ACE74A66B6B6B.e.6285","ELEMENT":"f.E133658EE593DCD45430D97DE730ABAE.d.5AE756005F863763BA7ACE74A66B6B6B.e.6285"}]}
RESULT: {"script":"<script> [56 bytes]","args":[{"element-6066-11e4-a52e-4f735466cecf":"f.E133658EE593DCD45430D97DE730ABAE.d.5AE756005F863763BA7ACE74A66B6B6B.e.6285","ELEMENT":"f.E133658EE593DCD45430D97DE730ABAE.d.5AE756005F863763BA7ACE74A66B6B6B.e.6285"}]}
COMMAND: GET /session/4a7493391aacd7fc37792e05064413e7/screenshot - {}
RESULT: {}
COMMAND: POST /session/4a7493391aacd7fc37792e05064413e7/execute/sync - {"script":"<script> [56 bytes]","args":[{"element-6066-11e4-a52e-4f735466cecf":"f.E133658EE593DCD45430D97DE730ABAE.d.5AE756005F863763BA7ACE74A66B6B6B.e.6285","ELEMENT":"f.E133658EE593DCD45430D97DE730ABAE.d.5AE756005F863763BA7ACE74A66B6B6B.e.6285"}]}
RESULT: {"script":"<script> [56 bytes]","args":[{"element-6066-11e4-a52e-4f735466cecf":"f.E133658EE593DCD45430D97DE730ABAE.d.5AE756005F863763BA7ACE74A66B6B6B.e.6285","ELEMENT":"f.E133658EE593DCD45430D97DE730ABAE.d.5AE756005F863763BA7ACE74A66B6B6B.e.6285"}]}
COMMAND: GET /session/4a7493391aacd7fc37792e05064413e7/screenshot - {}
RESULT: {}
COMMAND: POST /session/4a7493391aacd7fc37792e05064413e7/execute/sync - {"script":"<script> [56 bytes]","args":[{"element-6066-11e4-a52e-4f735466cecf":"f.E133658EE593DCD45430D97DE730ABAE.d.5AE756005F863763BA7ACE74A66B6B6B.e.6285","ELEMENT":"f.E133658EE593DCD45430D97DE730ABAE.d.5AE756005F863763BA7ACE74A66B6B6B.e.6285"}]}
RESULT: {"script":"<script> [56 bytes]","args":[{"element-6066-11e4-a52e-4f735466cecf":"f.E133658EE593DCD45430D97DE730ABAE.d.5AE756005F863763BA7ACE74A66B6B6B.e.6285","ELEMENT":"f.E133658EE593DCD45430D97DE730ABAE.d.5AE756005F863763BA7ACE74A66B6B6B.e.6285"}]}
COMMAND: GET /session/4a7493391aacd7fc37792e05064413e7/screenshot - {}
RESULT: {}
COMMAND: POST /session/4a7493391aacd7fc37792e05064413e7/execute/sync - {"script":"<script> [56 bytes]","args":[{"element-6066-11e4-a52e-4f735466cecf":"f.E133658EE593DCD45430D97DE730ABAE.d.5AE756005F863763BA7ACE74A66B6B6B.e.6285","ELEMENT":"f.E133658EE593DCD45430D97DE730ABAE.d.5AE756005F863763BA7ACE74A66B6B6B.e.6285"}]}
RESULT: {"script":"<script> [56 bytes]","args":[{"element-6066-11e4-a52e-4f735466cecf":"f.E133658EE593DCD45430D97DE730ABAE.d.5AE756005F863763BA7ACE74A66B6B6B.e.6285","ELEMENT":"f.E133658EE593DCD45430D97DE730ABAE.d.5AE756005F863763BA7ACE74A66B6B6B.e.6285"}]}
COMMAND: GET /session/4a7493391aacd7fc37792e05064413e7/screenshot - {}
RESULT: {}
COMMAND: POST /session/4a7493391aacd7fc37792e05064413e7/execute/sync - {"script":"<script> [56 bytes]","args":[{"element-6066-11e4-a52e-4f735466cecf":"f.E133658EE593DCD45430D97DE730ABAE.d.5AE756005F863763BA7ACE74A66B6B6B.e.6285","ELEMENT":"f.E133658EE593DCD45430D97DE730ABAE.d.5AE756005F863763BA7ACE74A66B6B6B.e.6285"}]}
RESULT: {"script":"<script> [56 bytes]","args":[{"element-6066-11e4-a52e-4f735466cecf":"f.E133658EE593DCD45430D97DE730ABAE.d.5AE756005F863763BA7ACE74A66B6B6B.e.6285","ELEMENT":"f.E133658EE593DCD45430D97DE730ABAE.d.5AE756005F863763BA7ACE74A66B6B6B.e.6285"}]}
COMMAND: GET /session/4a7493391aacd7fc37792e05064413e7/screenshot - {}
RESULT: {}
COMMAND: POST /session/4a7493391aacd7fc37792e05064413e7/execute/sync - {"script":"<script> [56 bytes]","args":[{"element-6066-11e4-a52e-4f735466cecf":"f.E133658EE593DCD45430D97DE730ABAE.d.5AE756005F863763BA7ACE74A66B6B6B.e.6285","ELEMENT":"f.E133658EE593DCD45430D97DE730ABAE.d.5AE756005F863763BA7ACE74A66B6B6B.e.6285"}]}
RESULT: {"script":"<script> [56 bytes]","args":[{"element-6066-11e4-a52e-4f735466cecf":"f.E133658EE593DCD45430D97DE730ABAE.d.5AE756005F863763BA7ACE74A66B6B6B.e.6285","ELEMENT":"f.E133658EE593DCD45430D97DE730ABAE.d.5AE756005F863763BA7ACE74A66B6B6B.e.6285"}]}
COMMAND: GET /session/4a7493391aacd7fc37792e05064413e7/screenshot - {}
RESULT: {}
COMMAND: POST /session/4a7493391aacd7fc37792e05064413e7/execute/sync - {"script":"<script> [56 bytes]","args":[{"element-6066-11e4-a52e-4f735466cecf":"f.E133658EE593DCD45430D97DE730ABAE.d.5AE756005F863763BA7ACE74A66B6B6B.e.6285","ELEMENT":"f.E133658EE593DCD45430D97DE730ABAE.d.5AE756005F863763BA7ACE74A66B6B6B.e.6285"}]}
RESULT: {"script":"<script> [56 bytes]","args":[{"element-6066-11e4-a52e-4f735466cecf":"f.E133658EE593DCD45430D97DE730ABAE.d.5AE756005F863763BA7ACE74A66B6B6B.e.6285","ELEMENT":"f.E133658EE593DCD45430D97DE730ABAE.d.5AE756005F863763BA7ACE74A66B6B6B.e.6285"}]}
COMMAND: GET /session/4a7493391aacd7fc37792e05064413e7/screenshot - {}
RESULT: {}
COMMAND: POST /session/4a7493391aacd7fc37792e05064413e7/execute/sync - {"script":"<script> [56 bytes]","args":[{"element-6066-11e4-a52e-4f735466cecf":"f.E133658EE593DCD45430D97DE730ABAE.d.5AE756005F863763BA7ACE74A66B6B6B.e.6285","ELEMENT":"f.E133658EE593DCD45430D97DE730ABAE.d.5AE756005F863763BA7ACE74A66B6B6B.e.6285"}]}
RESULT: {"script":"<script> [56 bytes]","args":[{"element-6066-11e4-a52e-4f735466cecf":"f.E133658EE593DCD45430D97DE730ABAE.d.5AE756005F863763BA7ACE74A66B6B6B.e.6285","ELEMENT":"f.E133658EE593DCD45430D97DE730ABAE.d.5AE756005F863763BA7ACE74A66B6B6B.e.6285"}]}
COMMAND: POST /session/4a7493391aacd7fc37792e05064413e7/element - {"using":"css selector","value":"#shell-header-logo"}
COMMAND: GET /session/4a7493391aacd7fc37792e05064413e7/screenshot - {}
RESULT: {"using":"css selector","value":"#shell-header-logo"}
COMMAND: POST /session/4a7493391aacd7fc37792e05064413e7/element/f.E133658EE593DCD45430D97DE730ABAE.d.5AE756005F863763BA7ACE74A66B6B6B.e.6121/click - {}
RESULT: {}
RESULT: {}
COMMAND: GET /session/4a7493391aacd7fc37792e05064413e7/screenshot - {}
RESULT: {}
COMMAND: POST /session/4a7493391aacd7fc37792e05064413e7/element - {"using":"css selector","value":"#j_username"}
COMMAND: POST /session/4a7493391aacd7fc37792e05064413e7/url - {"url":"https://qa-testing-00-live-etm-ui.cfapps.eu10-004.hana.ondemand.com/"}
RESULT: {"using":"css selector","value":"#j_username"}
COMMAND: POST /session/4a7493391aacd7fc37792e05064413e7/element - {"using":"css selector","value":"#j_username"}
RESULT: {"url":"https://qa-testing-00-live-etm-ui.cfapps.eu10-004.hana.ondemand.com/"}
RESULT: undefined
COMMAND: GET /session/4a7493391aacd7fc37792e05064413e7/screenshot - {}
RESULT: {"using":"css selector","value":"#j_username"}
COMMAND: POST /session/4a7493391aacd7fc37792e05064413e7/element - {"using":"css selector","value":"#shell-header-logo"}
RESULT: {}
RESULT: {"using":"css selector","value":"#shell-header-logo"}
COMMAND: POST /session/4a7493391aacd7fc37792e05064413e7/execute/sync - {"script":"<script> [8489 bytes]","args":[{"element-6066-11e4-a52e-4f735466cecf":"f.E133658EE593DCD45430D97DE730ABAE.d.DBB20BF35E770D13993A3812D23FCC2E.e.6320","ELEMENT":"f.E133658EE593DCD45430D97DE730ABAE.d.DBB20BF35E770D13993A3812D23FCC2E.e.6320"}]}
RESULT: {"script":"<script> [8489 bytes]","args":[{"element-6066-11e4-a52e-4f735466cecf":"f.E133658EE593DCD45430D97DE730ABAE.d.DBB20BF35E770D13993A3812D23FCC2E.e.6320","ELEMENT":"f.E133658EE593DCD45430D97DE730ABAE.d.DBB20BF35E770D13993A3812D23FCC2E.e.6320"}]}
COMMAND: POST /session/4a7493391aacd7fc37792e05064413e7/element - {"using":"css selector","value":"#shell-header-logo"}
COMMAND: GET /session/4a7493391aacd7fc37792e05064413e7/screenshot - {}
RESULT: {"using":"css selector","value":"#shell-header-logo"}
COMMAND: POST /session/4a7493391aacd7fc37792e05064413e7/execute/sync - {"script":"<script> [8489 bytes]","args":[{"element-6066-11e4-a52e-4f735466cecf":"f.E133658EE593DCD45430D97DE730ABAE.d.DBB20BF35E770D13993A3812D23FCC2E.e.6320","ELEMENT":"f.E133658EE593DCD45430D97DE730ABAE.d.DBB20BF35E770D13993A3812D23FCC2E.e.6320"}]}
RESULT: {}
RESULT: {"script":"<script> [8489 bytes]","args":[{"element-6066-11e4-a52e-4f735466cecf":"f.E133658EE593DCD45430D97DE730ABAE.d.DBB20BF35E770D13993A3812D23FCC2E.e.6320","ELEMENT":"f.E133658EE593DCD45430D97DE730ABAE.d.DBB20BF35E770D13993A3812D23FCC2E.e.6320"}]}
COMMAND: POST /session/4a7493391aacd7fc37792e05064413e7/execute/sync - {"script":"<script> [5351 bytes]","args":[{"element-6066-11e4-a52e-4f735466cecf":"f.E133658EE593DCD45430D97DE730ABAE.d.DBB20BF35E770D13993A3812D23FCC2E.e.6320","ELEMENT":"f.E133658EE593DCD45430D97DE730ABAE.d.DBB20BF35E770D13993A3812D23FCC2E.e.6320"}]}
COMMAND: GET /session/4a7493391aacd7fc37792e05064413e7/screenshot - {}
RESULT: {"script":"<script> [5351 bytes]","args":[{"element-6066-11e4-a52e-4f735466cecf":"f.E133658EE593DCD45430D97DE730ABAE.d.DBB20BF35E770D13993A3812D23FCC2E.e.6320","ELEMENT":"f.E133658EE593DCD45430D97DE730ABAE.d.DBB20BF35E770D13993A3812D23FCC2E.e.6320"}]}
COMMAND: POST /session/4a7493391aacd7fc37792e05064413e7/element - {"using":"css selector","value":"#shell-header-logo"}
COMMAND: GET /session/4a7493391aacd7fc37792e05064413e7/screenshot - {}
RESULT: {}
RESULT: {"using":"css selector","value":"#shell-header-logo"}
COMMAND: POST /session/4a7493391aacd7fc37792e05064413e7/element/f.E133658EE593DCD45430D97DE730ABAE.d.DBB20BF35E770D13993A3812D23FCC2E.e.6320/click - {}
RESULT: {}
RESULT: {}
COMMAND: GET /session/4a7493391aacd7fc37792e05064413e7/screenshot - {}
RESULT: {}
COMMAND: POST /session/4a7493391aacd7fc37792e05064413e7/execute/async - {"script":"<script> [189 bytes]","args":[]}
RESULT: {"script":"<script> [189 bytes]","args":[]}
COMMAND: POST /session/4a7493391aacd7fc37792e05064413e7/execute/async - {"script":"<script> [123 bytes]","args":[]}
RESULT: {"script":"<script> [123 bytes]","args":[]}
COMMAND: POST /session/4a7493391aacd7fc37792e05064413e7/timeouts - {"script":"<number>"}
RESULT: {"script":"<number>"}
COMMAND: GET /session/4a7493391aacd7fc37792e05064413e7/timeouts - {}
RESULT: {}
RESULT: undefined
COMMAND: POST /session/4a7493391aacd7fc37792e05064413e7/execute/async - {"script":"<script> [2676 bytes]","args":[]}
RESULT: {"script":"<script> [2676 bytes]","args":[]}
COMMAND: POST /session/4a7493391aacd7fc37792e05064413e7/execute/async - {"script":"<script> [2342 bytes]","args":[{"protocol":"http","hostname":"0.0.0.0","path":"/","capabilities":{"browserName":"chrome","goog:chromeOptions":{"binary":"C:\\Program Files\\Google\\Chrome\\Application\\chrome.exe","args":["--start-maximized"]}},"logLevel":"warn","connectionRetryTimeout":120000,"connectionRetryCount":3,"logLevels":{},"enableDirectConnect":true,"strictSSL":true,"_":"65 more keys: [\"cacheDir\",\"port\",\"requestedCapabilities\",\"automationProtocol\",\"baseUrl\",\"waitforInterval\",\"waitforTimeout\",\"onReload\",\"beforeCommand\",\"afterCommand\",\"rootDir\",\"specs\",\"suites\",\"exclude\",\"groupLogsByTestSpec\",\"excludeDriverLogs\",\"bail\",\"framework\",\"reporters\",\"services\",\"maxInstances\",\"maxInstancesPerCapability\",\"injectGlobals\",\"filesToWatch\",\"execArgv\",\"runnerEnv\",\"runner\",\"shard\",\"specFileRetries\",\"specFileRetriesDelay\",\"specFileRetriesDeferred\",\"reporterSyncInterval\",\"reporterSyncTimeout\",\"cucumberFeaturesWithLineNumbers\",\"autoCompileOpts\",\"mochaOpts\",\"jasmineOpts\",\"cucumberOpts\",\"onPrepare\",\"onWorkerStart\",\"onWorkerEnd\",\"before\",\"beforeSession\",\"beforeSuite\",\"beforeHook\",\"beforeTest\",\"afterTest\",\"afterHook\",\"afterSuite\",\"afterSession\",\"after\",\"onComplete\",\"beforeAssertion\",\"afterAssertion\",\"beforeFeature\",\"beforeScenario\",\"beforeStep\",\"afterStep\",\"afterScenario\",\"afterFeature\",\"_\",\"suite\",\"$0\",\"ignoredWorkerServices\",\"wdi5\"]"}]}
RESULT: {"script":"<script> [2342 bytes]","args":[{"protocol":"http","hostname":"0.0.0.0","path":"/","capabilities":{"browserName":"chrome","goog:chromeOptions":{"binary":"C:\\Program Files\\Google\\Chrome\\Application\\chrome.exe","args":["--start-maximized"]}},"logLevel":"warn","connectionRetryTimeout":120000,"connectionRetryCount":3,"logLevels":{},"enableDirectConnect":true,"strictSSL":true,"_":"65 more keys: [\"cacheDir\",\"port\",\"requestedCapabilities\",\"automationProtocol\",\"baseUrl\",\"waitforInterval\",\"waitforTimeout\",\"onReload\",\"beforeCommand\",\"afterCommand\",\"rootDir\",\"specs\",\"suites\",\"exclude\",\"groupLogsByTestSpec\",\"excludeDriverLogs\",\"bail\",\"framework\",\"reporters\",\"services\",\"maxInstances\",\"maxInstancesPerCapability\",\"injectGlobals\",\"filesToWatch\",\"execArgv\",\"runnerEnv\",\"runner\",\"shard\",\"specFileRetries\",\"specFileRetriesDelay\",\"specFileRetriesDeferred\",\"reporterSyncInterval\",\"reporterSyncTimeout\",\"cucumberFeaturesWithLineNumbers\",\"autoCompileOpts\",\"mochaOpts\",\"jasmineOpts\",\"cucumberOpts\",\"onPrepare\",\"onWorkerStart\",\"onWorkerEnd\",\"before\",\"beforeSession\",\"beforeSuite\",\"beforeHook\",\"beforeTest\",\"afterTest\",\"afterHook\",\"afterSuite\",\"afterSession\",\"after\",\"onComplete\",\"beforeAssertion\",\"afterAssertion\",\"beforeFeature\",\"beforeScenario\",\"beforeStep\",\"afterStep\",\"afterScenario\",\"afterFeature\",\"_\",\"suite\",\"$0\",\"ignoredWorkerServices\",\"wdi5\"]"}]}
COMMAND: POST /session/4a7493391aacd7fc37792e05064413e7/execute/async - {"script":"<script> [21126 bytes]","args":[35000]}
RESULT: {"script":"<script> [21126 bytes]","args":[35000]}
COMMAND: POST /session/4a7493391aacd7fc37792e05064413e7/window/maximize - {}
RESULT: {}
COMMAND: POST /session/4a7493391aacd7fc37792e05064413e7/execute/async - {"script":"<script> [1562 bytes]","args":[{"selector":{"id":"shell-header","interaction":{"idSuffix":"icon"}},"wdio_ui5_key":"shellheader"}]}
COMMAND: GET /session/4a7493391aacd7fc37792e05064413e7/screenshot - {}
RESULT: {"script":"<script> [1562 bytes]","args":[{"selector":{"id":"shell-header","interaction":{"idSuffix":"icon"}},"wdio_ui5_key":"shellheader"}]}
RESULT: undefined
COMMAND: POST /session/4a7493391aacd7fc37792e05064413e7/refresh - {}
RESULT: {}
RESULT: {}
COMMAND: GET /session/4a7493391aacd7fc37792e05064413e7/screenshot - {}
RESULT: {}
COMMAND: POST /session/4a7493391aacd7fc37792e05064413e7/refresh - {}
RESULT: {}
COMMAND: GET /session/4a7493391aacd7fc37792e05064413e7/screenshot - {}
RESULT: {}
COMMAND: POST /session/4a7493391aacd7fc37792e05064413e7/window/fullscreen - {}
RESULT: {}
COMMAND: POST /session/4a7493391aacd7fc37792e05064413e7/execute/async - {"script":"<script> [189 bytes]","args":[]}
RESULT: {"script":"<script> [189 bytes]","args":[]}
COMMAND: POST /session/4a7493391aacd7fc37792e05064413e7/execute/async - {"script":"<script> [123 bytes]","args":[]}
RESULT: {"script":"<script> [123 bytes]","args":[]}
COMMAND: POST /session/4a7493391aacd7fc37792e05064413e7/timeouts - {"script":"<number>"}
RESULT: {"script":"<number>"}
COMMAND: GET /session/4a7493391aacd7fc37792e05064413e7/timeouts - {}
RESULT: {}
RESULT: undefined
COMMAND: POST /session/4a7493391aacd7fc37792e05064413e7/execute/async - {"script":"<script> [2676 bytes]","args":[]}
RESULT: {"script":"<script> [2676 bytes]","args":[]}
COMMAND: POST /session/4a7493391aacd7fc37792e05064413e7/execute/async - {"script":"<script> [2342 bytes]","args":[{"protocol":"http","hostname":"0.0.0.0","path":"/","capabilities":{"browserName":"chrome","goog:chromeOptions":{"binary":"C:\\Program Files\\Google\\Chrome\\Application\\chrome.exe","args":["--start-maximized"]}},"logLevel":"warn","connectionRetryTimeout":120000,"connectionRetryCount":3,"logLevels":{},"enableDirectConnect":true,"strictSSL":true,"_":"65 more keys: [\"cacheDir\",\"port\",\"requestedCapabilities\",\"automationProtocol\",\"baseUrl\",\"waitforInterval\",\"waitforTimeout\",\"onReload\",\"beforeCommand\",\"afterCommand\",\"rootDir\",\"specs\",\"suites\",\"exclude\",\"groupLogsByTestSpec\",\"excludeDriverLogs\",\"bail\",\"framework\",\"reporters\",\"services\",\"maxInstances\",\"maxInstancesPerCapability\",\"injectGlobals\",\"filesToWatch\",\"execArgv\",\"runnerEnv\",\"runner\",\"shard\",\"specFileRetries\",\"specFileRetriesDelay\",\"specFileRetriesDeferred\",\"reporterSyncInterval\",\"reporterSyncTimeout\",\"cucumberFeaturesWithLineNumbers\",\"autoCompileOpts\",\"mochaOpts\",\"jasmineOpts\",\"cucumberOpts\",\"onPrepare\",\"onWorkerStart\",\"onWorkerEnd\",\"before\",\"beforeSession\",\"beforeSuite\",\"beforeHook\",\"beforeTest\",\"afterTest\",\"afterHook\",\"afterSuite\",\"afterSession\",\"after\",\"onComplete\",\"beforeAssertion\",\"afterAssertion\",\"beforeFeature\",\"beforeScenario\",\"beforeStep\",\"afterStep\",\"afterScenario\",\"afterFeature\",\"_\",\"suite\",\"$0\",\"ignoredWorkerServices\",\"wdi5\"]"}]}
RESULT: {"script":"<script> [2342 bytes]","args":[{"protocol":"http","hostname":"0.0.0.0","path":"/","capabilities":{"browserName":"chrome","goog:chromeOptions":{"binary":"C:\\Program Files\\Google\\Chrome\\Application\\chrome.exe","args":["--start-maximized"]}},"logLevel":"warn","connectionRetryTimeout":120000,"connectionRetryCount":3,"logLevels":{},"enableDirectConnect":true,"strictSSL":true,"_":"65 more keys: [\"cacheDir\",\"port\",\"requestedCapabilities\",\"automationProtocol\",\"baseUrl\",\"waitforInterval\",\"waitforTimeout\",\"onReload\",\"beforeCommand\",\"afterCommand\",\"rootDir\",\"specs\",\"suites\",\"exclude\",\"groupLogsByTestSpec\",\"excludeDriverLogs\",\"bail\",\"framework\",\"reporters\",\"services\",\"maxInstances\",\"maxInstancesPerCapability\",\"injectGlobals\",\"filesToWatch\",\"execArgv\",\"runnerEnv\",\"runner\",\"shard\",\"specFileRetries\",\"specFileRetriesDelay\",\"specFileRetriesDeferred\",\"reporterSyncInterval\",\"reporterSyncTimeout\",\"cucumberFeaturesWithLineNumbers\",\"autoCompileOpts\",\"mochaOpts\",\"jasmineOpts\",\"cucumberOpts\",\"onPrepare\",\"onWorkerStart\",\"onWorkerEnd\",\"before\",\"beforeSession\",\"beforeSuite\",\"beforeHook\",\"beforeTest\",\"afterTest\",\"afterHook\",\"afterSuite\",\"afterSession\",\"after\",\"onComplete\",\"beforeAssertion\",\"afterAssertion\",\"beforeFeature\",\"beforeScenario\",\"beforeStep\",\"afterStep\",\"afterScenario\",\"afterFeature\",\"_\",\"suite\",\"$0\",\"ignoredWorkerServices\",\"wdi5\"]"}]}
COMMAND: POST /session/4a7493391aacd7fc37792e05064413e7/execute/async - {"script":"<script> [21126 bytes]","args":[35000]}
RESULT: {"script":"<script> [21126 bytes]","args":[35000]}
]]></system-out>
    </testcase>
  </testsuite>
  <testsuite timestamp="2025-04-29T17:38:18" time="930.639" tests="12" failures="0" errors="0" skipped="0">
    <properties>
      <property name="specId" value="0" />
      <property name="suiteName" value="Billing Transfer - Intracompany US127249" />
      <property name="capabilities" value="chrome.135_0_7049_96.windows" />
      <property name="file" value="file:///D:/a/1/s/test/specs/BTS/billing-transfer-intracompany.spec.js" />
    </properties>
    <testcase classname="chrome.135_0_7049_96.windows.Billing_Transfer_-_Intracompany_US127249" name="Should create a new yard" time="94.6">
      <system-out><![CDATA[
COMMAND: POST /session/4a7493391aacd7fc37792e05064413e7/window/fullscreen - {}
RESULT: {}
COMMAND: POST /session/4a7493391aacd7fc37792e05064413e7/execute/async - {"script":"<script> [1562 bytes]","args":[{"selector":{"controlType":"sap.m.GenericTile","properties":{"header":"Manage Yards"}},"wdio_ui5_key":"sapm.GenericTile{\"header\":\"Manage Yards\"}"}]}
RESULT: {"script":"<script> [1562 bytes]","args":[{"selector":{"controlType":"sap.m.GenericTile","properties":{"header":"Manage Yards"}},"wdio_ui5_key":"sapm.GenericTile{\"header\":\"Manage Yards\"}"}]}
RESULT: undefined
COMMAND: POST /session/4a7493391aacd7fc37792e05064413e7/element - {"using":"xpath","value":"//*[@id=\"__tile41\"]"}
RESULT: {"using":"xpath","value":"//*[@id=\"__tile41\"]"}
COMMAND: POST /session/4a7493391aacd7fc37792e05064413e7/element/f.E133658EE593DCD45430D97DE730ABAE.d.6BE980C6D56BC8F5BFFB2FD2E837649E.e.6480/click - {}
RESULT: {}
COMMAND: POST /session/4a7493391aacd7fc37792e05064413e7/element - {"using":"xpath","value":"//button[@data-kt=\"addNewYardOverflowToolbarButton\"]"}
COMMAND: GET /session/4a7493391aacd7fc37792e05064413e7/screenshot - {}
RESULT: {"using":"xpath","value":"//button[@data-kt=\"addNewYardOverflowToolbarButton\"]"}
COMMAND: POST /session/4a7493391aacd7fc37792e05064413e7/elements - {"using":"xpath","value":"//button[@data-kt=\"addNewYardOverflowToolbarButton\"]"}
RESULT: {}
RESULT: {"using":"xpath","value":"//button[@data-kt=\"addNewYardOverflowToolbarButton\"]"}
COMMAND: POST /session/4a7493391aacd7fc37792e05064413e7/elements - {"using":"xpath","value":"//button[@data-kt=\"addNewYardOverflowToolbarButton\"]"}
RESULT: {"using":"xpath","value":"//button[@data-kt=\"addNewYardOverflowToolbarButton\"]"}
COMMAND: POST /session/4a7493391aacd7fc37792e05064413e7/elements - {"using":"xpath","value":"//button[@data-kt=\"addNewYardOverflowToolbarButton\"]"}
RESULT: {"using":"xpath","value":"//button[@data-kt=\"addNewYardOverflowToolbarButton\"]"}
COMMAND: POST /session/4a7493391aacd7fc37792e05064413e7/elements - {"using":"xpath","value":"//button[@data-kt=\"addNewYardOverflowToolbarButton\"]"}
RESULT: {"using":"xpath","value":"//button[@data-kt=\"addNewYardOverflowToolbarButton\"]"}
COMMAND: POST /session/4a7493391aacd7fc37792e05064413e7/elements - {"using":"xpath","value":"//button[@data-kt=\"addNewYardOverflowToolbarButton\"]"}
RESULT: {"using":"xpath","value":"//button[@data-kt=\"addNewYardOverflowToolbarButton\"]"}
COMMAND: POST /session/4a7493391aacd7fc37792e05064413e7/elements - {"using":"xpath","value":"//button[@data-kt=\"addNewYardOverflowToolbarButton\"]"}
RESULT: {"using":"xpath","value":"//button[@data-kt=\"addNewYardOverflowToolbarButton\"]"}
COMMAND: POST /session/4a7493391aacd7fc37792e05064413e7/elements - {"using":"xpath","value":"//button[@data-kt=\"addNewYardOverflowToolbarButton\"]"}
RESULT: {"using":"xpath","value":"//button[@data-kt=\"addNewYardOverflowToolbarButton\"]"}
COMMAND: POST /session/4a7493391aacd7fc37792e05064413e7/elements - {"using":"xpath","value":"//button[@data-kt=\"addNewYardOverflowToolbarButton\"]"}
RESULT: {"using":"xpath","value":"//button[@data-kt=\"addNewYardOverflowToolbarButton\"]"}
COMMAND: POST /session/4a7493391aacd7fc37792e05064413e7/elements - {"using":"xpath","value":"//button[@data-kt=\"addNewYardOverflowToolbarButton\"]"}
RESULT: {"using":"xpath","value":"//button[@data-kt=\"addNewYardOverflowToolbarButton\"]"}
COMMAND: POST /session/4a7493391aacd7fc37792e05064413e7/elements - {"using":"xpath","value":"//button[@data-kt=\"addNewYardOverflowToolbarButton\"]"}
RESULT: {"using":"xpath","value":"//button[@data-kt=\"addNewYardOverflowToolbarButton\"]"}
COMMAND: POST /session/4a7493391aacd7fc37792e05064413e7/elements - {"using":"xpath","value":"//button[@data-kt=\"addNewYardOverflowToolbarButton\"]"}
RESULT: {"using":"xpath","value":"//button[@data-kt=\"addNewYardOverflowToolbarButton\"]"}
COMMAND: POST /session/4a7493391aacd7fc37792e05064413e7/elements - {"using":"xpath","value":"//button[@data-kt=\"addNewYardOverflowToolbarButton\"]"}
RESULT: {"using":"xpath","value":"//button[@data-kt=\"addNewYardOverflowToolbarButton\"]"}
COMMAND: POST /session/4a7493391aacd7fc37792e05064413e7/elements - {"using":"xpath","value":"//button[@data-kt=\"addNewYardOverflowToolbarButton\"]"}
RESULT: {"using":"xpath","value":"//button[@data-kt=\"addNewYardOverflowToolbarButton\"]"}
COMMAND: POST /session/4a7493391aacd7fc37792e05064413e7/elements - {"using":"xpath","value":"//button[@data-kt=\"addNewYardOverflowToolbarButton\"]"}
RESULT: {"using":"xpath","value":"//button[@data-kt=\"addNewYardOverflowToolbarButton\"]"}
COMMAND: POST /session/4a7493391aacd7fc37792e05064413e7/elements - {"using":"xpath","value":"//button[@data-kt=\"addNewYardOverflowToolbarButton\"]"}
RESULT: {"using":"xpath","value":"//button[@data-kt=\"addNewYardOverflowToolbarButton\"]"}
COMMAND: POST /session/4a7493391aacd7fc37792e05064413e7/elements - {"using":"xpath","value":"//button[@data-kt=\"addNewYardOverflowToolbarButton\"]"}
RESULT: {"using":"xpath","value":"//button[@data-kt=\"addNewYardOverflowToolbarButton\"]"}
COMMAND: POST /session/4a7493391aacd7fc37792e05064413e7/elements - {"using":"xpath","value":"//button[@data-kt=\"addNewYardOverflowToolbarButton\"]"}
RESULT: {"using":"xpath","value":"//button[@data-kt=\"addNewYardOverflowToolbarButton\"]"}
COMMAND: POST /session/4a7493391aacd7fc37792e05064413e7/elements - {"using":"xpath","value":"//button[@data-kt=\"addNewYardOverflowToolbarButton\"]"}
RESULT: {"using":"xpath","value":"//button[@data-kt=\"addNewYardOverflowToolbarButton\"]"}
COMMAND: POST /session/4a7493391aacd7fc37792e05064413e7/elements - {"using":"xpath","value":"//button[@data-kt=\"addNewYardOverflowToolbarButton\"]"}
RESULT: {"using":"xpath","value":"//button[@data-kt=\"addNewYardOverflowToolbarButton\"]"}
COMMAND: POST /session/4a7493391aacd7fc37792e05064413e7/elements - {"using":"xpath","value":"//button[@data-kt=\"addNewYardOverflowToolbarButton\"]"}
RESULT: {"using":"xpath","value":"//button[@data-kt=\"addNewYardOverflowToolbarButton\"]"}
COMMAND: POST /session/4a7493391aacd7fc37792e05064413e7/elements - {"using":"xpath","value":"//button[@data-kt=\"addNewYardOverflowToolbarButton\"]"}
RESULT: {"using":"xpath","value":"//button[@data-kt=\"addNewYardOverflowToolbarButton\"]"}
COMMAND: POST /session/4a7493391aacd7fc37792e05064413e7/elements - {"using":"xpath","value":"//button[@data-kt=\"addNewYardOverflowToolbarButton\"]"}
RESULT: {"using":"xpath","value":"//button[@data-kt=\"addNewYardOverflowToolbarButton\"]"}
COMMAND: POST /session/4a7493391aacd7fc37792e05064413e7/elements - {"using":"xpath","value":"//button[@data-kt=\"addNewYardOverflowToolbarButton\"]"}
RESULT: {"using":"xpath","value":"//button[@data-kt=\"addNewYardOverflowToolbarButton\"]"}
COMMAND: POST /session/4a7493391aacd7fc37792e05064413e7/elements - {"using":"xpath","value":"//button[@data-kt=\"addNewYardOverflowToolbarButton\"]"}
RESULT: {"using":"xpath","value":"//button[@data-kt=\"addNewYardOverflowToolbarButton\"]"}
COMMAND: POST /session/4a7493391aacd7fc37792e05064413e7/elements - {"using":"xpath","value":"//button[@data-kt=\"addNewYardOverflowToolbarButton\"]"}
RESULT: {"using":"xpath","value":"//button[@data-kt=\"addNewYardOverflowToolbarButton\"]"}
COMMAND: POST /session/4a7493391aacd7fc37792e05064413e7/elements - {"using":"xpath","value":"//button[@data-kt=\"addNewYardOverflowToolbarButton\"]"}
RESULT: {"using":"xpath","value":"//button[@data-kt=\"addNewYardOverflowToolbarButton\"]"}
COMMAND: POST /session/4a7493391aacd7fc37792e05064413e7/elements - {"using":"xpath","value":"//button[@data-kt=\"addNewYardOverflowToolbarButton\"]"}
RESULT: {"using":"xpath","value":"//button[@data-kt=\"addNewYardOverflowToolbarButton\"]"}
COMMAND: POST /session/4a7493391aacd7fc37792e05064413e7/elements - {"using":"xpath","value":"//button[@data-kt=\"addNewYardOverflowToolbarButton\"]"}
RESULT: {"using":"xpath","value":"//button[@data-kt=\"addNewYardOverflowToolbarButton\"]"}
COMMAND: POST /session/4a7493391aacd7fc37792e05064413e7/elements - {"using":"xpath","value":"//button[@data-kt=\"addNewYardOverflowToolbarButton\"]"}
RESULT: {"using":"xpath","value":"//button[@data-kt=\"addNewYardOverflowToolbarButton\"]"}
COMMAND: POST /session/4a7493391aacd7fc37792e05064413e7/element - {"using":"xpath","value":"//button[@data-kt=\"addNewYardOverflowToolbarButton\"]"}
RESULT: {"using":"xpath","value":"//button[@data-kt=\"addNewYardOverflowToolbarButton\"]"}
COMMAND: POST /session/4a7493391aacd7fc37792e05064413e7/execute/sync - {"script":"<script> [8489 bytes]","args":[{"element-6066-11e4-a52e-4f735466cecf":"f.E133658EE593DCD45430D97DE730ABAE.d.6BE980C6D56BC8F5BFFB2FD2E837649E.e.6608","ELEMENT":"f.E133658EE593DCD45430D97DE730ABAE.d.6BE980C6D56BC8F5BFFB2FD2E837649E.e.6608"}]}
RESULT: {"script":"<script> [8489 bytes]","args":[{"element-6066-11e4-a52e-4f735466cecf":"f.E133658EE593DCD45430D97DE730ABAE.d.6BE980C6D56BC8F5BFFB2FD2E837649E.e.6608","ELEMENT":"f.E133658EE593DCD45430D97DE730ABAE.d.6BE980C6D56BC8F5BFFB2FD2E837649E.e.6608"}]}
COMMAND: GET /session/4a7493391aacd7fc37792e05064413e7/element/f.E133658EE593DCD45430D97DE730ABAE.d.6BE980C6D56BC8F5BFFB2FD2E837649E.e.6608/enabled - {}
COMMAND: GET /session/4a7493391aacd7fc37792e05064413e7/screenshot - {}
RESULT: {}
COMMAND: POST /session/4a7493391aacd7fc37792e05064413e7/execute/sync - {"script":"<script> [8489 bytes]","args":[{"element-6066-11e4-a52e-4f735466cecf":"f.E133658EE593DCD45430D97DE730ABAE.d.6BE980C6D56BC8F5BFFB2FD2E837649E.e.6608","ELEMENT":"f.E133658EE593DCD45430D97DE730ABAE.d.6BE980C6D56BC8F5BFFB2FD2E837649E.e.6608"}]}
COMMAND: GET /session/4a7493391aacd7fc37792e05064413e7/screenshot - {}
RESULT: {}
RESULT: {"script":"<script> [8489 bytes]","args":[{"element-6066-11e4-a52e-4f735466cecf":"f.E133658EE593DCD45430D97DE730ABAE.d.6BE980C6D56BC8F5BFFB2FD2E837649E.e.6608","ELEMENT":"f.E133658EE593DCD45430D97DE730ABAE.d.6BE980C6D56BC8F5BFFB2FD2E837649E.e.6608"}]}
COMMAND: POST /session/4a7493391aacd7fc37792e05064413e7/execute/sync - {"script":"<script> [5351 bytes]","args":[{"element-6066-11e4-a52e-4f735466cecf":"f.E133658EE593DCD45430D97DE730ABAE.d.6BE980C6D56BC8F5BFFB2FD2E837649E.e.6608","ELEMENT":"f.E133658EE593DCD45430D97DE730ABAE.d.6BE980C6D56BC8F5BFFB2FD2E837649E.e.6608"}]}
COMMAND: GET /session/4a7493391aacd7fc37792e05064413e7/screenshot - {}
RESULT: {}
RESULT: {"script":"<script> [5351 bytes]","args":[{"element-6066-11e4-a52e-4f735466cecf":"f.E133658EE593DCD45430D97DE730ABAE.d.6BE980C6D56BC8F5BFFB2FD2E837649E.e.6608","ELEMENT":"f.E133658EE593DCD45430D97DE730ABAE.d.6BE980C6D56BC8F5BFFB2FD2E837649E.e.6608"}]}
COMMAND: POST /session/4a7493391aacd7fc37792e05064413e7/element/f.E133658EE593DCD45430D97DE730ABAE.d.6BE980C6D56BC8F5BFFB2FD2E837649E.e.6608/click - {}
COMMAND: GET /session/4a7493391aacd7fc37792e05064413e7/screenshot - {}
RESULT: {}
RESULT: {}
COMMAND: GET /session/4a7493391aacd7fc37792e05064413e7/screenshot - {}
RESULT: {}
RESULT: {}
COMMAND: POST /session/4a7493391aacd7fc37792e05064413e7/element - {"using":"xpath","value":"//input[@id=\"application-manageyards-display-component---NewYard--yardId-inner\"]"}
RESULT: {"using":"xpath","value":"//input[@id=\"application-manageyards-display-component---NewYard--yardId-inner\"]"}
COMMAND: POST /session/4a7493391aacd7fc37792e05064413e7/element - {"using":"xpath","value":"//input[@id=\"application-manageyards-display-component---NewYard--yardId-inner\"]"}
RESULT: {"using":"xpath","value":"//input[@id=\"application-manageyards-display-component---NewYard--yardId-inner\"]"}
COMMAND: POST /session/4a7493391aacd7fc37792e05064413e7/execute/async - {"script":"<script> [1562 bytes]","args":[{"selector":{"id":"application-manageyards-display-component---NewYard--addressDetailDetailsName1","interaction":{"idSuffix":"inner"}},"wdio_ui5_key":"applicationmanageyards-display-component---NewYard--addressDetailDetailsName1"}]}
RESULT: {"script":"<script> [1562 bytes]","args":[{"selector":{"id":"application-manageyards-display-component---NewYard--addressDetailDetailsName1","interaction":{"idSuffix":"inner"}},"wdio_ui5_key":"applicationmanageyards-display-component---NewYard--addressDetailDetailsName1"}]}
RESULT: undefined
COMMAND: POST /session/4a7493391aacd7fc37792e05064413e7/execute/async - {"script":"<script> [776 bytes]","args":[{"enterText":"Intracompany Yard wdIO","selector":{"id":"application-manageyards-display-component---NewYard--addressDetailDetailsName1","interaction":{"idSuffix":"inner"}},"clearTextFirst":true,"interactionType":"ENTER_TEXT"}]}
RESULT: {"script":"<script> [776 bytes]","args":[{"enterText":"Intracompany Yard wdIO","selector":{"id":"application-manageyards-display-component---NewYard--addressDetailDetailsName1","interaction":{"idSuffix":"inner"}},"clearTextFirst":true,"interactionType":"ENTER_TEXT"}]}
COMMAND: POST /session/4a7493391aacd7fc37792e05064413e7/execute/async - {"script":"<script> [1562 bytes]","args":[{"selector":{"id":"application-manageyards-display-component---NewYard--addressDetailDetailsLanguage-arrow"},"wdio_ui5_key":"applicationmanageyards-display-component---NewYard--addressDetailDetailsLanguage-arrow"}]}
RESULT: {"script":"<script> [1562 bytes]","args":[{"selector":{"id":"application-manageyards-display-component---NewYard--addressDetailDetailsLanguage-arrow"},"wdio_ui5_key":"applicationmanageyards-display-component---NewYard--addressDetailDetailsLanguage-arrow"}]}
RESULT: undefined
COMMAND: POST /session/4a7493391aacd7fc37792e05064413e7/element - {"using":"xpath","value":"//*[@id=\"application-manageyards-display-component---NewYard--addressDetailDetailsLanguage-arrow\"]"}
RESULT: {"using":"xpath","value":"//*[@id=\"application-manageyards-display-component---NewYard--addressDetailDetailsLanguage-arrow\"]"}
COMMAND: POST /session/4a7493391aacd7fc37792e05064413e7/element/f.E133658EE593DCD45430D97DE730ABAE.d.6BE980C6D56BC8F5BFFB2FD2E837649E.e.7039/click - {}
RESULT: {}
COMMAND: POST /session/4a7493391aacd7fc37792e05064413e7/element - {"using":"xpath","value":"//span[contains(text(), \"English\")]"}
COMMAND: GET /session/4a7493391aacd7fc37792e05064413e7/screenshot - {}
RESULT: {"using":"xpath","value":"//span[contains(text(), \"English\")]"}
COMMAND: POST /session/4a7493391aacd7fc37792e05064413e7/element/f.E133658EE593DCD45430D97DE730ABAE.d.6BE980C6D56BC8F5BFFB2FD2E837649E.e.7040/click - {}
RESULT: {}
RESULT: {}
COMMAND: POST /session/4a7493391aacd7fc37792e05064413e7/execute/async - {"script":"<script> [1562 bytes]","args":[{"selector":{"id":"application-manageyards-display-component---NewYard--addressDetailDetailsCity1","interaction":{"idSuffix":"inner"}},"wdio_ui5_key":"applicationmanageyards-display-component---NewYard--addressDetailDetailsCity1"}]}
COMMAND: GET /session/4a7493391aacd7fc37792e05064413e7/screenshot - {}
RESULT: {"script":"<script> [1562 bytes]","args":[{"selector":{"id":"application-manageyards-display-component---NewYard--addressDetailDetailsCity1","interaction":{"idSuffix":"inner"}},"wdio_ui5_key":"applicationmanageyards-display-component---NewYard--addressDetailDetailsCity1"}]}
RESULT: undefined
COMMAND: POST /session/4a7493391aacd7fc37792e05064413e7/execute/async - {"script":"<script> [776 bytes]","args":[{"enterText":"Rosario","selector":{"id":"application-manageyards-display-component---NewYard--addressDetailDetailsCity1","interaction":{"idSuffix":"inner"}},"clearTextFirst":true,"interactionType":"ENTER_TEXT"}]}
RESULT: {}
RESULT: {"script":"<script> [776 bytes]","args":[{"enterText":"Rosario","selector":{"id":"application-manageyards-display-component---NewYard--addressDetailDetailsCity1","interaction":{"idSuffix":"inner"}},"clearTextFirst":true,"interactionType":"ENTER_TEXT"}]}
COMMAND: POST /session/4a7493391aacd7fc37792e05064413e7/execute/async - {"script":"<script> [1562 bytes]","args":[{"selector":{"id":"application-manageyards-display-component---NewYard--addressDetailDetailsCountry-arrow"},"wdio_ui5_key":"applicationmanageyards-display-component---NewYard--addressDetailDetailsCountry-arrow"}]}
RESULT: {"script":"<script> [1562 bytes]","args":[{"selector":{"id":"application-manageyards-display-component---NewYard--addressDetailDetailsCountry-arrow"},"wdio_ui5_key":"applicationmanageyards-display-component---NewYard--addressDetailDetailsCountry-arrow"}]}
RESULT: undefined
COMMAND: POST /session/4a7493391aacd7fc37792e05064413e7/element - {"using":"xpath","value":"//*[@id=\"application-manageyards-display-component---NewYard--addressDetailDetailsCountry-arrow\"]"}
RESULT: {"using":"xpath","value":"//*[@id=\"application-manageyards-display-component---NewYard--addressDetailDetailsCountry-arrow\"]"}
COMMAND: POST /session/4a7493391aacd7fc37792e05064413e7/element/f.E133658EE593DCD45430D97DE730ABAE.d.6BE980C6D56BC8F5BFFB2FD2E837649E.e.7042/click - {}
RESULT: {}
COMMAND: POST /session/4a7493391aacd7fc37792e05064413e7/element - {"using":"xpath","value":"//span[contains(text(), \"Argentina\")]"}
COMMAND: GET /session/4a7493391aacd7fc37792e05064413e7/screenshot - {}
RESULT: {"using":"xpath","value":"//span[contains(text(), \"Argentina\")]"}
COMMAND: POST /session/4a7493391aacd7fc37792e05064413e7/element/f.E133658EE593DCD45430D97DE730ABAE.d.6BE980C6D56BC8F5BFFB2FD2E837649E.e.7044/click - {}
RESULT: {}
RESULT: {}
COMMAND: POST /session/4a7493391aacd7fc37792e05064413e7/execute/async - {"script":"<script> [1562 bytes]","args":[{"selector":{"id":"application-manageyards-display-component---NewYard--addressEditDetailsCostObjectCstType-arrow"},"wdio_ui5_key":"applicationmanageyards-display-component---NewYard--addressEditDetailsCostObjectCstType-arrow"}]}
COMMAND: GET /session/4a7493391aacd7fc37792e05064413e7/screenshot - {}
RESULT: {"script":"<script> [1562 bytes]","args":[{"selector":{"id":"application-manageyards-display-component---NewYard--addressEditDetailsCostObjectCstType-arrow"},"wdio_ui5_key":"applicationmanageyards-display-component---NewYard--addressEditDetailsCostObjectCstType-arrow"}]}
RESULT: undefined
COMMAND: POST /session/4a7493391aacd7fc37792e05064413e7/element - {"using":"xpath","value":"//*[@id=\"application-manageyards-display-component---NewYard--addressEditDetailsCostObjectCstType-arrow\"]"}
RESULT: {}
RESULT: {"using":"xpath","value":"//*[@id=\"application-manageyards-display-component---NewYard--addressEditDetailsCostObjectCstType-arrow\"]"}
COMMAND: POST /session/4a7493391aacd7fc37792e05064413e7/element/f.E133658EE593DCD45430D97DE730ABAE.d.6BE980C6D56BC8F5BFFB2FD2E837649E.e.7045/click - {}
RESULT: {}
COMMAND: POST /session/4a7493391aacd7fc37792e05064413e7/element - {"using":"xpath","value":"//span[contains(text(), \"Cost Center\")]"}
COMMAND: GET /session/4a7493391aacd7fc37792e05064413e7/screenshot - {}
RESULT: {"using":"xpath","value":"//span[contains(text(), \"Cost Center\")]"}
COMMAND: POST /session/4a7493391aacd7fc37792e05064413e7/element/f.E133658EE593DCD45430D97DE730ABAE.d.6BE980C6D56BC8F5BFFB2FD2E837649E.e.7046/click - {}
RESULT: {}
RESULT: {}
COMMAND: GET /session/4a7493391aacd7fc37792e05064413e7/screenshot - {}
RESULT: {}
COMMAND: POST /session/4a7493391aacd7fc37792e05064413e7/element - {"using":"xpath","value":"//span[@id=\"application-manageyards-display-component---NewYard--addressNewCostObjectCstID-vhi\"]"}
RESULT: {"using":"xpath","value":"//span[@id=\"application-manageyards-display-component---NewYard--addressNewCostObjectCstID-vhi\"]"}
COMMAND: POST /session/4a7493391aacd7fc37792e05064413e7/execute/sync - {"script":"<script> [8489 bytes]","args":[{"element-6066-11e4-a52e-4f735466cecf":"f.E133658EE593DCD45430D97DE730ABAE.d.6BE980C6D56BC8F5BFFB2FD2E837649E.e.7050","ELEMENT":"f.E133658EE593DCD45430D97DE730ABAE.d.6BE980C6D56BC8F5BFFB2FD2E837649E.e.7050"}]}
RESULT: {"script":"<script> [8489 bytes]","args":[{"element-6066-11e4-a52e-4f735466cecf":"f.E133658EE593DCD45430D97DE730ABAE.d.6BE980C6D56BC8F5BFFB2FD2E837649E.e.7050","ELEMENT":"f.E133658EE593DCD45430D97DE730ABAE.d.6BE980C6D56BC8F5BFFB2FD2E837649E.e.7050"}]}
COMMAND: POST /session/4a7493391aacd7fc37792e05064413e7/execute/async - {"script":"<script> [1562 bytes]","args":[{"selector":{"id":"application-manageyards-display-component---NewYard--addressNewCostObjectCstID-vhi"},"wdio_ui5_key":"applicationmanageyards-display-component---NewYard--addressNewCostObjectCstID-vhi"}]}
COMMAND: GET /session/4a7493391aacd7fc37792e05064413e7/screenshot - {}
RESULT: {"script":"<script> [1562 bytes]","args":[{"selector":{"id":"application-manageyards-display-component---NewYard--addressNewCostObjectCstID-vhi"},"wdio_ui5_key":"applicationmanageyards-display-component---NewYard--addressNewCostObjectCstID-vhi"}]}
RESULT: undefined
COMMAND: POST /session/4a7493391aacd7fc37792e05064413e7/element - {"using":"xpath","value":"//*[@id=\"application-manageyards-display-component---NewYard--addressNewCostObjectCstID-vhi\"]"}
RESULT: {}
RESULT: {"using":"xpath","value":"//*[@id=\"application-manageyards-display-component---NewYard--addressNewCostObjectCstID-vhi\"]"}
COMMAND: POST /session/4a7493391aacd7fc37792e05064413e7/element/f.E133658EE593DCD45430D97DE730ABAE.d.6BE980C6D56BC8F5BFFB2FD2E837649E.e.7050/click - {}
RESULT: {}
COMMAND: GET /session/4a7493391aacd7fc37792e05064413e7/screenshot - {}
RESULT: {}
COMMAND: POST /session/4a7493391aacd7fc37792e05064413e7/execute/async - {"script":"<script> [1562 bytes]","args":[{"selector":{"controlType":"sap.m.SearchField","properties":{"placeholder":"Search"},"searchOpenDialogs":true,"interaction":{"idSuffix":"I"}},"wdio_ui5_key":"sapm.SearchField{\"placeholder\":\"Search\"}"}]}
RESULT: {"script":"<script> [1562 bytes]","args":[{"selector":{"controlType":"sap.m.SearchField","properties":{"placeholder":"Search"},"searchOpenDialogs":true,"interaction":{"idSuffix":"I"}},"wdio_ui5_key":"sapm.SearchField{\"placeholder\":\"Search\"}"}]}
RESULT: undefined
COMMAND: POST /session/4a7493391aacd7fc37792e05064413e7/execute/async - {"script":"<script> [776 bytes]","args":[{"enterText":"10001013","selector":{"controlType":"sap.m.SearchField","properties":{"placeholder":"Search"},"searchOpenDialogs":true,"interaction":{"idSuffix":"I"}},"clearTextFirst":true,"interactionType":"ENTER_TEXT"}]}
RESULT: {"script":"<script> [776 bytes]","args":[{"enterText":"10001013","selector":{"controlType":"sap.m.SearchField","properties":{"placeholder":"Search"},"searchOpenDialogs":true,"interaction":{"idSuffix":"I"}},"clearTextFirst":true,"interactionType":"ENTER_TEXT"}]}
COMMAND: POST /session/4a7493391aacd7fc37792e05064413e7/actions - {"actions":[{"id":"action23","type":"key","parameters":{},"actions":[{"type":"keyDown","value":"î€‡"},{"type":"pause","duration":10},{"type":"keyUp","value":"î€‡"}]}]}
RESULT: {"actions":[{"id":"action23","type":"key","parameters":{},"actions":[{"type":"keyDown","value":"î€‡"},{"type":"pause","duration":10},{"type":"keyUp","value":"î€‡"}]}]}
COMMAND: GET /session/4a7493391aacd7fc37792e05064413e7/screenshot - {}
RESULT: {}
COMMAND: POST /session/4a7493391aacd7fc37792e05064413e7/element - {"using":"xpath","value":"//span[contains(text(), \"General Management\")]"}
RESULT: {"using":"xpath","value":"//span[contains(text(), \"General Management\")]"}
COMMAND: POST /session/4a7493391aacd7fc37792e05064413e7/element/f.E133658EE593DCD45430D97DE730ABAE.d.6BE980C6D56BC8F5BFFB2FD2E837649E.e.7090/click - {}
RESULT: {}
COMMAND: GET /session/4a7493391aacd7fc37792e05064413e7/screenshot - {}
RESULT: {}
COMMAND: POST /session/4a7493391aacd7fc37792e05064413e7/element - {"using":"xpath","value":"//bdi[contains(text(), \"OK\")]"}
RESULT: {"using":"xpath","value":"//bdi[contains(text(), \"OK\")]"}
COMMAND: POST /session/4a7493391aacd7fc37792e05064413e7/element/f.E133658EE593DCD45430D97DE730ABAE.d.6BE980C6D56BC8F5BFFB2FD2E837649E.e.7091/click - {}
RESULT: {}
COMMAND: GET /session/4a7493391aacd7fc37792e05064413e7/screenshot - {}
RESULT: {}
COMMAND: POST /session/4a7493391aacd7fc37792e05064413e7/execute/async - {"script":"<script> [1562 bytes]","args":[{"selector":{"id":"application-manageyards-display-component---NewYard--addressEditDetailsCurrency-arrow"},"wdio_ui5_key":"applicationmanageyards-display-component---NewYard--addressEditDetailsCurrency-arrow"}]}
RESULT: {"script":"<script> [1562 bytes]","args":[{"selector":{"id":"application-manageyards-display-component---NewYard--addressEditDetailsCurrency-arrow"},"wdio_ui5_key":"applicationmanageyards-display-component---NewYard--addressEditDetailsCurrency-arrow"}]}
RESULT: undefined
COMMAND: POST /session/4a7493391aacd7fc37792e05064413e7/element - {"using":"xpath","value":"//*[@id=\"application-manageyards-display-component---NewYard--addressEditDetailsCurrency-arrow\"]"}
RESULT: {"using":"xpath","value":"//*[@id=\"application-manageyards-display-component---NewYard--addressEditDetailsCurrency-arrow\"]"}
COMMAND: POST /session/4a7493391aacd7fc37792e05064413e7/element/f.E133658EE593DCD45430D97DE730ABAE.d.6BE980C6D56BC8F5BFFB2FD2E837649E.e.7094/click - {}
RESULT: {}
COMMAND: POST /session/4a7493391aacd7fc37792e05064413e7/element - {"using":"xpath","value":"//span[contains(text(), \"Euro\")]"}
COMMAND: GET /session/4a7493391aacd7fc37792e05064413e7/screenshot - {}
RESULT: {"using":"xpath","value":"//span[contains(text(), \"Euro\")]"}
COMMAND: POST /session/4a7493391aacd7fc37792e05064413e7/element/f.E133658EE593DCD45430D97DE730ABAE.d.6BE980C6D56BC8F5BFFB2FD2E837649E.e.7095/click - {}
RESULT: {}
RESULT: {}
COMMAND: POST /session/4a7493391aacd7fc37792e05064413e7/execute/async - {"script":"<script> [1562 bytes]","args":[{"selector":{"controlType":"sap.m.Input","viewName":"etm.portal.ui.manageyards.view.New","viewId":"application-manageyards-display-component---NewYard","bindingPath":{"path":"","propertyPath":"/CONTROLLING_AREA","modelName":"NewYardModel"},"interaction":{"idSuffix":"inner"}},"wdio_ui5_key":"etmportal.ui.manageyards.view.Newsap.m.Input{\"path\":\"\",\"propertyPath\":\"/CONTROLLING_AREA\",\"modelName\":\"NewYardModel\"}"}]}
COMMAND: GET /session/4a7493391aacd7fc37792e05064413e7/screenshot - {}
RESULT: {"script":"<script> [1562 bytes]","args":[{"selector":{"controlType":"sap.m.Input","viewName":"etm.portal.ui.manageyards.view.New","viewId":"application-manageyards-display-component---NewYard","bindingPath":{"path":"","propertyPath":"/CONTROLLING_AREA","modelName":"NewYardModel"},"interaction":{"idSuffix":"inner"}},"wdio_ui5_key":"etmportal.ui.manageyards.view.Newsap.m.Input{\"path\":\"\",\"propertyPath\":\"/CONTROLLING_AREA\",\"modelName\":\"NewYardModel\"}"}]}
RESULT: undefined
COMMAND: POST /session/4a7493391aacd7fc37792e05064413e7/execute/async - {"script":"<script> [776 bytes]","args":[{"enterText":"Z001","selector":{"controlType":"sap.m.Input","viewName":"etm.portal.ui.manageyards.view.New","viewId":"application-manageyards-display-component---NewYard","bindingPath":{"path":"","propertyPath":"/CONTROLLING_AREA","modelName":"NewYardModel"},"interaction":{"idSuffix":"inner"}},"clearTextFirst":true,"interactionType":"ENTER_TEXT"}]}
RESULT: {}
RESULT: {"script":"<script> [776 bytes]","args":[{"enterText":"Z001","selector":{"controlType":"sap.m.Input","viewName":"etm.portal.ui.manageyards.view.New","viewId":"application-manageyards-display-component---NewYard","bindingPath":{"path":"","propertyPath":"/CONTROLLING_AREA","modelName":"NewYardModel"},"interaction":{"idSuffix":"inner"}},"clearTextFirst":true,"interactionType":"ENTER_TEXT"}]}
COMMAND: POST /session/4a7493391aacd7fc37792e05064413e7/execute/async - {"script":"<script> [1562 bytes]","args":[{"selector":{"id":"application-manageyards-display-component---NewYard--companyCodeComboBox","interaction":{"idSuffix":"inner"}},"wdio_ui5_key":"applicationmanageyards-display-component---NewYard--companyCodeComboBox"}]}
RESULT: {"script":"<script> [1562 bytes]","args":[{"selector":{"id":"application-manageyards-display-component---NewYard--companyCodeComboBox","interaction":{"idSuffix":"inner"}},"wdio_ui5_key":"applicationmanageyards-display-component---NewYard--companyCodeComboBox"}]}
RESULT: undefined
COMMAND: POST /session/4a7493391aacd7fc37792e05064413e7/execute/async - {"script":"<script> [776 bytes]","args":[{"enterText":"1000","selector":{"id":"application-manageyards-display-component---NewYard--companyCodeComboBox","interaction":{"idSuffix":"inner"}},"clearTextFirst":true,"interactionType":"ENTER_TEXT"}]}
RESULT: {"script":"<script> [776 bytes]","args":[{"enterText":"1000","selector":{"id":"application-manageyards-display-component---NewYard--companyCodeComboBox","interaction":{"idSuffix":"inner"}},"clearTextFirst":true,"interactionType":"ENTER_TEXT"}]}
COMMAND: POST /session/4a7493391aacd7fc37792e05064413e7/execute/async - {"script":"<script> [1562 bytes]","args":[{"selector":{"controlType":"sap.m.Input","viewName":"etm.portal.ui.manageyards.view.New","viewId":"application-manageyards-display-component---NewYard","bindingPath":{"path":"","propertyPath":"/PLANT","modelName":"NewYardModel"},"interaction":{"idSuffix":"inner"}},"wdio_ui5_key":"etmportal.ui.manageyards.view.Newsap.m.Input{\"path\":\"\",\"propertyPath\":\"/PLANT\",\"modelName\":\"NewYardModel\"}"}]}
RESULT: {"script":"<script> [1562 bytes]","args":[{"selector":{"controlType":"sap.m.Input","viewName":"etm.portal.ui.manageyards.view.New","viewId":"application-manageyards-display-component---NewYard","bindingPath":{"path":"","propertyPath":"/PLANT","modelName":"NewYardModel"},"interaction":{"idSuffix":"inner"}},"wdio_ui5_key":"etmportal.ui.manageyards.view.Newsap.m.Input{\"path\":\"\",\"propertyPath\":\"/PLANT\",\"modelName\":\"NewYardModel\"}"}]}
RESULT: undefined
COMMAND: POST /session/4a7493391aacd7fc37792e05064413e7/execute/async - {"script":"<script> [776 bytes]","args":[{"enterText":"1001","selector":{"controlType":"sap.m.Input","viewName":"etm.portal.ui.manageyards.view.New","viewId":"application-manageyards-display-component---NewYard","bindingPath":{"path":"","propertyPath":"/PLANT","modelName":"NewYardModel"},"interaction":{"idSuffix":"inner"}},"clearTextFirst":true,"interactionType":"ENTER_TEXT"}]}
RESULT: {"script":"<script> [776 bytes]","args":[{"enterText":"1001","selector":{"controlType":"sap.m.Input","viewName":"etm.portal.ui.manageyards.view.New","viewId":"application-manageyards-display-component---NewYard","bindingPath":{"path":"","propertyPath":"/PLANT","modelName":"NewYardModel"},"interaction":{"idSuffix":"inner"}},"clearTextFirst":true,"interactionType":"ENTER_TEXT"}]}
COMMAND: POST /session/4a7493391aacd7fc37792e05064413e7/execute/async - {"script":"<script> [1562 bytes]","args":[{"selector":{"controlType":"sap.m.Input","viewName":"etm.portal.ui.manageyards.view.New","viewId":"application-manageyards-display-component---NewYard","bindingPath":{"path":"","propertyPath":"/SALES_AREA_VKORG","modelName":"NewYardModel"},"interaction":{"idSuffix":"inner"}},"wdio_ui5_key":"etmportal.ui.manageyards.view.Newsap.m.Input{\"path\":\"\",\"propertyPath\":\"/SALES_AREA_VKORG\",\"modelName\":\"NewYardModel\"}"}]}
RESULT: {"script":"<script> [1562 bytes]","args":[{"selector":{"controlType":"sap.m.Input","viewName":"etm.portal.ui.manageyards.view.New","viewId":"application-manageyards-display-component---NewYard","bindingPath":{"path":"","propertyPath":"/SALES_AREA_VKORG","modelName":"NewYardModel"},"interaction":{"idSuffix":"inner"}},"wdio_ui5_key":"etmportal.ui.manageyards.view.Newsap.m.Input{\"path\":\"\",\"propertyPath\":\"/SALES_AREA_VKORG\",\"modelName\":\"NewYardModel\"}"}]}
RESULT: undefined
COMMAND: POST /session/4a7493391aacd7fc37792e05064413e7/execute/async - {"script":"<script> [776 bytes]","args":[{"enterText":"C002","selector":{"controlType":"sap.m.Input","viewName":"etm.portal.ui.manageyards.view.New","viewId":"application-manageyards-display-component---NewYard","bindingPath":{"path":"","propertyPath":"/SALES_AREA_VKORG","modelName":"NewYardModel"},"interaction":{"idSuffix":"inner"}},"clearTextFirst":true,"interactionType":"ENTER_TEXT"}]}
RESULT: {"script":"<script> [776 bytes]","args":[{"enterText":"C002","selector":{"controlType":"sap.m.Input","viewName":"etm.portal.ui.manageyards.view.New","viewId":"application-manageyards-display-component---NewYard","bindingPath":{"path":"","propertyPath":"/SALES_AREA_VKORG","modelName":"NewYardModel"},"interaction":{"idSuffix":"inner"}},"clearTextFirst":true,"interactionType":"ENTER_TEXT"}]}
COMMAND: POST /session/4a7493391aacd7fc37792e05064413e7/execute/async - {"script":"<script> [1562 bytes]","args":[{"selector":{"controlType":"sap.m.Input","viewName":"etm.portal.ui.manageyards.view.New","viewId":"application-manageyards-display-component---NewYard","bindingPath":{"path":"","propertyPath":"/SALES_AREA_VTWEG","modelName":"NewYardModel"},"interaction":{"idSuffix":"inner"}},"wdio_ui5_key":"etmportal.ui.manageyards.view.Newsap.m.Input{\"path\":\"\",\"propertyPath\":\"/SALES_AREA_VTWEG\",\"modelName\":\"NewYardModel\"}"}]}
RESULT: {"script":"<script> [1562 bytes]","args":[{"selector":{"controlType":"sap.m.Input","viewName":"etm.portal.ui.manageyards.view.New","viewId":"application-manageyards-display-component---NewYard","bindingPath":{"path":"","propertyPath":"/SALES_AREA_VTWEG","modelName":"NewYardModel"},"interaction":{"idSuffix":"inner"}},"wdio_ui5_key":"etmportal.ui.manageyards.view.Newsap.m.Input{\"path\":\"\",\"propertyPath\":\"/SALES_AREA_VTWEG\",\"modelName\":\"NewYardModel\"}"}]}
RESULT: undefined
COMMAND: POST /session/4a7493391aacd7fc37792e05064413e7/execute/async - {"script":"<script> [776 bytes]","args":[{"enterText":"C2","selector":{"controlType":"sap.m.Input","viewName":"etm.portal.ui.manageyards.view.New","viewId":"application-manageyards-display-component---NewYard","bindingPath":{"path":"","propertyPath":"/SALES_AREA_VTWEG","modelName":"NewYardModel"},"interaction":{"idSuffix":"inner"}},"clearTextFirst":true,"interactionType":"ENTER_TEXT"}]}
RESULT: {"script":"<script> [776 bytes]","args":[{"enterText":"C2","selector":{"controlType":"sap.m.Input","viewName":"etm.portal.ui.manageyards.view.New","viewId":"application-manageyards-display-component---NewYard","bindingPath":{"path":"","propertyPath":"/SALES_AREA_VTWEG","modelName":"NewYardModel"},"interaction":{"idSuffix":"inner"}},"clearTextFirst":true,"interactionType":"ENTER_TEXT"}]}
COMMAND: POST /session/4a7493391aacd7fc37792e05064413e7/execute/async - {"script":"<script> [1562 bytes]","args":[{"selector":{"controlType":"sap.m.Input","viewName":"etm.portal.ui.manageyards.view.New","viewId":"application-manageyards-display-component---NewYard","bindingPath":{"path":"","propertyPath":"/SALES_AREA_SPART","modelName":"NewYardModel"},"interaction":{"idSuffix":"inner"}},"wdio_ui5_key":"etmportal.ui.manageyards.view.Newsap.m.Input{\"path\":\"\",\"propertyPath\":\"/SALES_AREA_SPART\",\"modelName\":\"NewYardModel\"}"}]}
RESULT: {"script":"<script> [1562 bytes]","args":[{"selector":{"controlType":"sap.m.Input","viewName":"etm.portal.ui.manageyards.view.New","viewId":"application-manageyards-display-component---NewYard","bindingPath":{"path":"","propertyPath":"/SALES_AREA_SPART","modelName":"NewYardModel"},"interaction":{"idSuffix":"inner"}},"wdio_ui5_key":"etmportal.ui.manageyards.view.Newsap.m.Input{\"path\":\"\",\"propertyPath\":\"/SALES_AREA_SPART\",\"modelName\":\"NewYardModel\"}"}]}
RESULT: undefined
COMMAND: POST /session/4a7493391aacd7fc37792e05064413e7/execute/async - {"script":"<script> [776 bytes]","args":[{"enterText":"C2","selector":{"controlType":"sap.m.Input","viewName":"etm.portal.ui.manageyards.view.New","viewId":"application-manageyards-display-component---NewYard","bindingPath":{"path":"","propertyPath":"/SALES_AREA_SPART","modelName":"NewYardModel"},"interaction":{"idSuffix":"inner"}},"clearTextFirst":true,"interactionType":"ENTER_TEXT"}]}
RESULT: {"script":"<script> [776 bytes]","args":[{"enterText":"C2","selector":{"controlType":"sap.m.Input","viewName":"etm.portal.ui.manageyards.view.New","viewId":"application-manageyards-display-component---NewYard","bindingPath":{"path":"","propertyPath":"/SALES_AREA_SPART","modelName":"NewYardModel"},"interaction":{"idSuffix":"inner"}},"clearTextFirst":true,"interactionType":"ENTER_TEXT"}]}
COMMAND: POST /session/4a7493391aacd7fc37792e05064413e7/execute/async - {"script":"<script> [1562 bytes]","args":[{"selector":{"controlType":"sap.m.Input","viewName":"etm.portal.ui.manageyards.view.New","viewId":"application-manageyards-display-component---NewYard","bindingPath":{"path":"","propertyPath":"/SHIP_POINT","modelName":"NewYardModel"},"interaction":{"idSuffix":"inner"}},"wdio_ui5_key":"etmportal.ui.manageyards.view.Newsap.m.Input{\"path\":\"\",\"propertyPath\":\"/SHIP_POINT\",\"modelName\":\"NewYardModel\"}"}]}
RESULT: {"script":"<script> [1562 bytes]","args":[{"selector":{"controlType":"sap.m.Input","viewName":"etm.portal.ui.manageyards.view.New","viewId":"application-manageyards-display-component---NewYard","bindingPath":{"path":"","propertyPath":"/SHIP_POINT","modelName":"NewYardModel"},"interaction":{"idSuffix":"inner"}},"wdio_ui5_key":"etmportal.ui.manageyards.view.Newsap.m.Input{\"path\":\"\",\"propertyPath\":\"/SHIP_POINT\",\"modelName\":\"NewYardModel\"}"}]}
RESULT: undefined
COMMAND: POST /session/4a7493391aacd7fc37792e05064413e7/execute/async - {"script":"<script> [776 bytes]","args":[{"enterText":"1710","selector":{"controlType":"sap.m.Input","viewName":"etm.portal.ui.manageyards.view.New","viewId":"application-manageyards-display-component---NewYard","bindingPath":{"path":"","propertyPath":"/SHIP_POINT","modelName":"NewYardModel"},"interaction":{"idSuffix":"inner"}},"clearTextFirst":true,"interactionType":"ENTER_TEXT"}]}
RESULT: {"script":"<script> [776 bytes]","args":[{"enterText":"1710","selector":{"controlType":"sap.m.Input","viewName":"etm.portal.ui.manageyards.view.New","viewId":"application-manageyards-display-component---NewYard","bindingPath":{"path":"","propertyPath":"/SHIP_POINT","modelName":"NewYardModel"},"interaction":{"idSuffix":"inner"}},"clearTextFirst":true,"interactionType":"ENTER_TEXT"}]}
COMMAND: POST /session/4a7493391aacd7fc37792e05064413e7/execute/async - {"script":"<script> [1562 bytes]","args":[{"selector":{"controlType":"sap.m.Input","viewName":"etm.portal.ui.manageyards.view.New","viewId":"application-manageyards-display-component---NewYard","bindingPath":{"path":"","propertyPath":"/DELIVERY_TYPE","modelName":"NewYardModel"},"interaction":{"idSuffix":"inner"}},"wdio_ui5_key":"etmportal.ui.manageyards.view.Newsap.m.Input{\"path\":\"\",\"propertyPath\":\"/DELIVERY_TYPE\",\"modelName\":\"NewYardModel\"}"}]}
RESULT: {"script":"<script> [1562 bytes]","args":[{"selector":{"controlType":"sap.m.Input","viewName":"etm.portal.ui.manageyards.view.New","viewId":"application-manageyards-display-component---NewYard","bindingPath":{"path":"","propertyPath":"/DELIVERY_TYPE","modelName":"NewYardModel"},"interaction":{"idSuffix":"inner"}},"wdio_ui5_key":"etmportal.ui.manageyards.view.Newsap.m.Input{\"path\":\"\",\"propertyPath\":\"/DELIVERY_TYPE\",\"modelName\":\"NewYardModel\"}"}]}
RESULT: undefined
COMMAND: POST /session/4a7493391aacd7fc37792e05064413e7/execute/async - {"script":"<script> [776 bytes]","args":[{"enterText":"ZL01","selector":{"controlType":"sap.m.Input","viewName":"etm.portal.ui.manageyards.view.New","viewId":"application-manageyards-display-component---NewYard","bindingPath":{"path":"","propertyPath":"/DELIVERY_TYPE","modelName":"NewYardModel"},"interaction":{"idSuffix":"inner"}},"clearTextFirst":true,"interactionType":"ENTER_TEXT"}]}
RESULT: {"script":"<script> [776 bytes]","args":[{"enterText":"ZL01","selector":{"controlType":"sap.m.Input","viewName":"etm.portal.ui.manageyards.view.New","viewId":"application-manageyards-display-component---NewYard","bindingPath":{"path":"","propertyPath":"/DELIVERY_TYPE","modelName":"NewYardModel"},"interaction":{"idSuffix":"inner"}},"clearTextFirst":true,"interactionType":"ENTER_TEXT"}]}
COMMAND: POST /session/4a7493391aacd7fc37792e05064413e7/execute/async - {"script":"<script> [1562 bytes]","args":[{"selector":{"controlType":"sap.m.Input","viewName":"etm.portal.ui.manageyards.view.New","viewId":"application-manageyards-display-component---NewYard","bindingPath":{"path":"","propertyPath":"/AUART","modelName":"NewYardModel"},"interaction":{"idSuffix":"inner"}},"wdio_ui5_key":"etmportal.ui.manageyards.view.Newsap.m.Input{\"path\":\"\",\"propertyPath\":\"/AUART\",\"modelName\":\"NewYardModel\"}"}]}
RESULT: {"script":"<script> [1562 bytes]","args":[{"selector":{"controlType":"sap.m.Input","viewName":"etm.portal.ui.manageyards.view.New","viewId":"application-manageyards-display-component---NewYard","bindingPath":{"path":"","propertyPath":"/AUART","modelName":"NewYardModel"},"interaction":{"idSuffix":"inner"}},"wdio_ui5_key":"etmportal.ui.manageyards.view.Newsap.m.Input{\"path\":\"\",\"propertyPath\":\"/AUART\",\"modelName\":\"NewYardModel\"}"}]}
RESULT: undefined
COMMAND: POST /session/4a7493391aacd7fc37792e05064413e7/execute/async - {"script":"<script> [776 bytes]","args":[{"enterText":"TA","selector":{"controlType":"sap.m.Input","viewName":"etm.portal.ui.manageyards.view.New","viewId":"application-manageyards-display-component---NewYard","bindingPath":{"path":"","propertyPath":"/AUART","modelName":"NewYardModel"},"interaction":{"idSuffix":"inner"}},"clearTextFirst":true,"interactionType":"ENTER_TEXT"}]}
RESULT: {"script":"<script> [776 bytes]","args":[{"enterText":"TA","selector":{"controlType":"sap.m.Input","viewName":"etm.portal.ui.manageyards.view.New","viewId":"application-manageyards-display-component---NewYard","bindingPath":{"path":"","propertyPath":"/AUART","modelName":"NewYardModel"},"interaction":{"idSuffix":"inner"}},"clearTextFirst":true,"interactionType":"ENTER_TEXT"}]}
COMMAND: POST /session/4a7493391aacd7fc37792e05064413e7/element - {"using":"xpath","value":"//button[@data-kt=\"newYardSaveButton\"]"}
RESULT: {"using":"xpath","value":"//button[@data-kt=\"newYardSaveButton\"]"}
COMMAND: POST /session/4a7493391aacd7fc37792e05064413e7/element/f.E133658EE593DCD45430D97DE730ABAE.d.6BE980C6D56BC8F5BFFB2FD2E837649E.e.7022/click - {}
RESULT: {}
COMMAND: GET /session/4a7493391aacd7fc37792e05064413e7/screenshot - {}
RESULT: {}
COMMAND: POST /session/4a7493391aacd7fc37792e05064413e7/element - {"using":"xpath","value":"//header[contains(@id, 'ObjectPageLayout-headerTitle')]/div[1]/div[2]/div[1]/span[1]"}
RESULT: {"using":"xpath","value":"//header[contains(@id, 'ObjectPageLayout-headerTitle')]/div[1]/div[2]/div[1]/span[1]"}
COMMAND: POST /session/4a7493391aacd7fc37792e05064413e7/elements - {"using":"xpath","value":"//header[contains(@id, 'ObjectPageLayout-headerTitle')]/div[1]/div[2]/div[1]/span[1]"}
RESULT: {"using":"xpath","value":"//header[contains(@id, 'ObjectPageLayout-headerTitle')]/div[1]/div[2]/div[1]/span[1]"}
COMMAND: POST /session/4a7493391aacd7fc37792e05064413e7/execute/sync - {"script":"<script> [56 bytes]","args":[{"element-6066-11e4-a52e-4f735466cecf":"f.E133658EE593DCD45430D97DE730ABAE.d.6BE980C6D56BC8F5BFFB2FD2E837649E.e.7317","ELEMENT":"f.E133658EE593DCD45430D97DE730ABAE.d.6BE980C6D56BC8F5BFFB2FD2E837649E.e.7317"}]}
RESULT: {"script":"<script> [56 bytes]","args":[{"element-6066-11e4-a52e-4f735466cecf":"f.E133658EE593DCD45430D97DE730ABAE.d.6BE980C6D56BC8F5BFFB2FD2E837649E.e.7317","ELEMENT":"f.E133658EE593DCD45430D97DE730ABAE.d.6BE980C6D56BC8F5BFFB2FD2E837649E.e.7317"}]}
COMMAND: GET /session/4a7493391aacd7fc37792e05064413e7/screenshot - {}
RESULT: {}
COMMAND: POST /session/4a7493391aacd7fc37792e05064413e7/element - {"using":"css selector","value":"#shell-header-logo"}
RESULT: {"using":"css selector","value":"#shell-header-logo"}
COMMAND: POST /session/4a7493391aacd7fc37792e05064413e7/element/f.E133658EE593DCD45430D97DE730ABAE.d.6BE980C6D56BC8F5BFFB2FD2E837649E.e.6575/click - {}
RESULT: {}
COMMAND: GET /session/4a7493391aacd7fc37792e05064413e7/screenshot - {}
RESULT: {}
COMMAND: POST /session/4a7493391aacd7fc37792e05064413e7/execute/sync - {"script":"<script> [299 bytes]","args":[["getModel","getResource"]]}
RESULT: {"script":"<script> [299 bytes]","args":[["getModel","getResource"]]}
]]></system-out>
    </testcase>
    <testcase classname="chrome.135_0_7049_96.windows.Billing_Transfer_-_Intracompany_US127249" name="Should create a new partner" time="110.064">
      <system-out><![CDATA[
COMMAND: GET /session/4a7493391aacd7fc37792e05064413e7/screenshot - {}
COMMAND: POST /session/4a7493391aacd7fc37792e05064413e7/window/fullscreen - {}
RESULT: {}
RESULT: {}
COMMAND: POST /session/4a7493391aacd7fc37792e05064413e7/execute/async - {"script":"<script> [1562 bytes]","args":[{"selector":{"controlType":"sap.m.GenericTile","properties":{"header":"Manage Partners"}},"wdio_ui5_key":"sapm.GenericTile{\"header\":\"Manage Partners\"}"}]}
RESULT: {"script":"<script> [1562 bytes]","args":[{"selector":{"controlType":"sap.m.GenericTile","properties":{"header":"Manage Partners"}},"wdio_ui5_key":"sapm.GenericTile{\"header\":\"Manage Partners\"}"}]}
RESULT: undefined
COMMAND: POST /session/4a7493391aacd7fc37792e05064413e7/element - {"using":"xpath","value":"//*[@id=\"__tile38\"]"}
RESULT: {"using":"xpath","value":"//*[@id=\"__tile38\"]"}
COMMAND: POST /session/4a7493391aacd7fc37792e05064413e7/element/f.E133658EE593DCD45430D97DE730ABAE.d.6BE980C6D56BC8F5BFFB2FD2E837649E.e.6471/click - {}
RESULT: {}
COMMAND: POST /session/4a7493391aacd7fc37792e05064413e7/element - {"using":"xpath","value":"//button[@data-kt=\"addButton\"]"}
COMMAND: GET /session/4a7493391aacd7fc37792e05064413e7/screenshot - {}
RESULT: {"using":"xpath","value":"//button[@data-kt=\"addButton\"]"}
COMMAND: POST /session/4a7493391aacd7fc37792e05064413e7/elements - {"using":"xpath","value":"//button[@data-kt=\"addButton\"]"}
RESULT: {}
RESULT: {"using":"xpath","value":"//button[@data-kt=\"addButton\"]"}
COMMAND: POST /session/4a7493391aacd7fc37792e05064413e7/elements - {"using":"xpath","value":"//button[@data-kt=\"addButton\"]"}
RESULT: {"using":"xpath","value":"//button[@data-kt=\"addButton\"]"}
COMMAND: POST /session/4a7493391aacd7fc37792e05064413e7/elements - {"using":"xpath","value":"//button[@data-kt=\"addButton\"]"}
RESULT: {"using":"xpath","value":"//button[@data-kt=\"addButton\"]"}
COMMAND: POST /session/4a7493391aacd7fc37792e05064413e7/elements - {"using":"xpath","value":"//button[@data-kt=\"addButton\"]"}
RESULT: {"using":"xpath","value":"//button[@data-kt=\"addButton\"]"}
COMMAND: POST /session/4a7493391aacd7fc37792e05064413e7/elements - {"using":"xpath","value":"//button[@data-kt=\"addButton\"]"}
RESULT: {"using":"xpath","value":"//button[@data-kt=\"addButton\"]"}
COMMAND: POST /session/4a7493391aacd7fc37792e05064413e7/elements - {"using":"xpath","value":"//button[@data-kt=\"addButton\"]"}
RESULT: {"using":"xpath","value":"//button[@data-kt=\"addButton\"]"}
COMMAND: POST /session/4a7493391aacd7fc37792e05064413e7/elements - {"using":"xpath","value":"//button[@data-kt=\"addButton\"]"}
RESULT: {"using":"xpath","value":"//button[@data-kt=\"addButton\"]"}
COMMAND: POST /session/4a7493391aacd7fc37792e05064413e7/elements - {"using":"xpath","value":"//button[@data-kt=\"addButton\"]"}
RESULT: {"using":"xpath","value":"//button[@data-kt=\"addButton\"]"}
COMMAND: POST /session/4a7493391aacd7fc37792e05064413e7/elements - {"using":"xpath","value":"//button[@data-kt=\"addButton\"]"}
RESULT: {"using":"xpath","value":"//button[@data-kt=\"addButton\"]"}
COMMAND: POST /session/4a7493391aacd7fc37792e05064413e7/elements - {"using":"xpath","value":"//button[@data-kt=\"addButton\"]"}
RESULT: {"using":"xpath","value":"//button[@data-kt=\"addButton\"]"}
COMMAND: POST /session/4a7493391aacd7fc37792e05064413e7/elements - {"using":"xpath","value":"//button[@data-kt=\"addButton\"]"}
RESULT: {"using":"xpath","value":"//button[@data-kt=\"addButton\"]"}
COMMAND: POST /session/4a7493391aacd7fc37792e05064413e7/elements - {"using":"xpath","value":"//button[@data-kt=\"addButton\"]"}
RESULT: {"using":"xpath","value":"//button[@data-kt=\"addButton\"]"}
COMMAND: POST /session/4a7493391aacd7fc37792e05064413e7/element - {"using":"xpath","value":"//button[@data-kt=\"addButton\"]"}
RESULT: {"using":"xpath","value":"//button[@data-kt=\"addButton\"]"}
COMMAND: POST /session/4a7493391aacd7fc37792e05064413e7/execute/sync - {"script":"<script> [8489 bytes]","args":[{"element-6066-11e4-a52e-4f735466cecf":"f.E133658EE593DCD45430D97DE730ABAE.d.6BE980C6D56BC8F5BFFB2FD2E837649E.e.7356","ELEMENT":"f.E133658EE593DCD45430D97DE730ABAE.d.6BE980C6D56BC8F5BFFB2FD2E837649E.e.7356"}]}
RESULT: {"script":"<script> [8489 bytes]","args":[{"element-6066-11e4-a52e-4f735466cecf":"f.E133658EE593DCD45430D97DE730ABAE.d.6BE980C6D56BC8F5BFFB2FD2E837649E.e.7356","ELEMENT":"f.E133658EE593DCD45430D97DE730ABAE.d.6BE980C6D56BC8F5BFFB2FD2E837649E.e.7356"}]}
COMMAND: GET /session/4a7493391aacd7fc37792e05064413e7/element/f.E133658EE593DCD45430D97DE730ABAE.d.6BE980C6D56BC8F5BFFB2FD2E837649E.e.7356/enabled - {}
COMMAND: GET /session/4a7493391aacd7fc37792e05064413e7/screenshot - {}
RESULT: {}
RESULT: {}
COMMAND: POST /session/4a7493391aacd7fc37792e05064413e7/execute/sync - {"script":"<script> [8489 bytes]","args":[{"element-6066-11e4-a52e-4f735466cecf":"f.E133658EE593DCD45430D97DE730ABAE.d.6BE980C6D56BC8F5BFFB2FD2E837649E.e.7356","ELEMENT":"f.E133658EE593DCD45430D97DE730ABAE.d.6BE980C6D56BC8F5BFFB2FD2E837649E.e.7356"}]}
COMMAND: GET /session/4a7493391aacd7fc37792e05064413e7/screenshot - {}
RESULT: {"script":"<script> [8489 bytes]","args":[{"element-6066-11e4-a52e-4f735466cecf":"f.E133658EE593DCD45430D97DE730ABAE.d.6BE980C6D56BC8F5BFFB2FD2E837649E.e.7356","ELEMENT":"f.E133658EE593DCD45430D97DE730ABAE.d.6BE980C6D56BC8F5BFFB2FD2E837649E.e.7356"}]}
COMMAND: POST /session/4a7493391aacd7fc37792e05064413e7/execute/sync - {"script":"<script> [5351 bytes]","args":[{"element-6066-11e4-a52e-4f735466cecf":"f.E133658EE593DCD45430D97DE730ABAE.d.6BE980C6D56BC8F5BFFB2FD2E837649E.e.7356","ELEMENT":"f.E133658EE593DCD45430D97DE730ABAE.d.6BE980C6D56BC8F5BFFB2FD2E837649E.e.7356"}]}
COMMAND: GET /session/4a7493391aacd7fc37792e05064413e7/screenshot - {}
RESULT: {}
RESULT: {"script":"<script> [5351 bytes]","args":[{"element-6066-11e4-a52e-4f735466cecf":"f.E133658EE593DCD45430D97DE730ABAE.d.6BE980C6D56BC8F5BFFB2FD2E837649E.e.7356","ELEMENT":"f.E133658EE593DCD45430D97DE730ABAE.d.6BE980C6D56BC8F5BFFB2FD2E837649E.e.7356"}]}
COMMAND: POST /session/4a7493391aacd7fc37792e05064413e7/element/f.E133658EE593DCD45430D97DE730ABAE.d.6BE980C6D56BC8F5BFFB2FD2E837649E.e.7356/click - {}
COMMAND: GET /session/4a7493391aacd7fc37792e05064413e7/screenshot - {}
RESULT: {}
RESULT: {}
COMMAND: GET /session/4a7493391aacd7fc37792e05064413e7/screenshot - {}
COMMAND: POST /session/4a7493391aacd7fc37792e05064413e7/execute/async - {"script":"<script> [1562 bytes]","args":[{"selector":{"id":"application-managepartners-display-component---NewPartner--addressDetailDetailsName1","interaction":{"idSuffix":"inner"}},"wdio_ui5_key":"applicationmanagepartners-display-component---NewPartner--addressDetailDetailsName1"}]}
RESULT: {}
RESULT: {}
RESULT: {"script":"<script> [1562 bytes]","args":[{"selector":{"id":"application-managepartners-display-component---NewPartner--addressDetailDetailsName1","interaction":{"idSuffix":"inner"}},"wdio_ui5_key":"applicationmanagepartners-display-component---NewPartner--addressDetailDetailsName1"}]}
RESULT: undefined
COMMAND: POST /session/4a7493391aacd7fc37792e05064413e7/execute/async - {"script":"<script> [776 bytes]","args":[{"enterText":"Intracompany Partner WDIO","selector":{"id":"application-managepartners-display-component---NewPartner--addressDetailDetailsName1","interaction":{"idSuffix":"inner"}},"clearTextFirst":true,"interactionType":"ENTER_TEXT"}]}
RESULT: {"script":"<script> [776 bytes]","args":[{"enterText":"Intracompany Partner WDIO","selector":{"id":"application-managepartners-display-component---NewPartner--addressDetailDetailsName1","interaction":{"idSuffix":"inner"}},"clearTextFirst":true,"interactionType":"ENTER_TEXT"}]}
COMMAND: POST /session/4a7493391aacd7fc37792e05064413e7/execute/async - {"script":"<script> [1562 bytes]","args":[{"selector":{"id":"application-managepartners-display-component---NewPartner--addressDetailDetailsLanguage-arrow"},"wdio_ui5_key":"applicationmanagepartners-display-component---NewPartner--addressDetailDetailsLanguage-arrow"}]}
RESULT: {"script":"<script> [1562 bytes]","args":[{"selector":{"id":"application-managepartners-display-component---NewPartner--addressDetailDetailsLanguage-arrow"},"wdio_ui5_key":"applicationmanagepartners-display-component---NewPartner--addressDetailDetailsLanguage-arrow"}]}
RESULT: undefined
COMMAND: POST /session/4a7493391aacd7fc37792e05064413e7/element - {"using":"xpath","value":"//*[@id=\"application-managepartners-display-component---NewPartner--addressDetailDetailsLanguage-arrow\"]"}
RESULT: {"using":"xpath","value":"//*[@id=\"application-managepartners-display-component---NewPartner--addressDetailDetailsLanguage-arrow\"]"}
COMMAND: POST /session/4a7493391aacd7fc37792e05064413e7/element/f.E133658EE593DCD45430D97DE730ABAE.d.6BE980C6D56BC8F5BFFB2FD2E837649E.e.7810/click - {}
RESULT: {}
COMMAND: POST /session/4a7493391aacd7fc37792e05064413e7/element - {"using":"xpath","value":"//span[contains(text(), \"English\")]"}
COMMAND: GET /session/4a7493391aacd7fc37792e05064413e7/screenshot - {}
RESULT: {"using":"xpath","value":"//span[contains(text(), \"English\")]"}
COMMAND: POST /session/4a7493391aacd7fc37792e05064413e7/element/f.E133658EE593DCD45430D97DE730ABAE.d.6BE980C6D56BC8F5BFFB2FD2E837649E.e.7811/click - {}
RESULT: {}
RESULT: {}
COMMAND: GET /session/4a7493391aacd7fc37792e05064413e7/screenshot - {}
RESULT: {}
COMMAND: POST /session/4a7493391aacd7fc37792e05064413e7/execute/async - {"script":"<script> [1562 bytes]","args":[{"selector":{"id":"application-managepartners-display-component---NewPartner--addressDetailDetailsCity1","interaction":{"idSuffix":"inner"}},"wdio_ui5_key":"applicationmanagepartners-display-component---NewPartner--addressDetailDetailsCity1"}]}
RESULT: {"script":"<script> [1562 bytes]","args":[{"selector":{"id":"application-managepartners-display-component---NewPartner--addressDetailDetailsCity1","interaction":{"idSuffix":"inner"}},"wdio_ui5_key":"applicationmanagepartners-display-component---NewPartner--addressDetailDetailsCity1"}]}
RESULT: undefined
COMMAND: POST /session/4a7493391aacd7fc37792e05064413e7/execute/async - {"script":"<script> [776 bytes]","args":[{"enterText":"Rosario","selector":{"id":"application-managepartners-display-component---NewPartner--addressDetailDetailsCity1","interaction":{"idSuffix":"inner"}},"clearTextFirst":true,"interactionType":"ENTER_TEXT"}]}
RESULT: {"script":"<script> [776 bytes]","args":[{"enterText":"Rosario","selector":{"id":"application-managepartners-display-component---NewPartner--addressDetailDetailsCity1","interaction":{"idSuffix":"inner"}},"clearTextFirst":true,"interactionType":"ENTER_TEXT"}]}
COMMAND: POST /session/4a7493391aacd7fc37792e05064413e7/execute/async - {"script":"<script> [1562 bytes]","args":[{"selector":{"id":"application-managepartners-display-component---NewPartner--addressDetailDetailsCountry-arrow"},"wdio_ui5_key":"applicationmanagepartners-display-component---NewPartner--addressDetailDetailsCountry-arrow"}]}
RESULT: {"script":"<script> [1562 bytes]","args":[{"selector":{"id":"application-managepartners-display-component---NewPartner--addressDetailDetailsCountry-arrow"},"wdio_ui5_key":"applicationmanagepartners-display-component---NewPartner--addressDetailDetailsCountry-arrow"}]}
RESULT: undefined
COMMAND: POST /session/4a7493391aacd7fc37792e05064413e7/element - {"using":"xpath","value":"//*[@id=\"application-managepartners-display-component---NewPartner--addressDetailDetailsCountry-arrow\"]"}
RESULT: {"using":"xpath","value":"//*[@id=\"application-managepartners-display-component---NewPartner--addressDetailDetailsCountry-arrow\"]"}
COMMAND: POST /session/4a7493391aacd7fc37792e05064413e7/element/f.E133658EE593DCD45430D97DE730ABAE.d.6BE980C6D56BC8F5BFFB2FD2E837649E.e.7797/click - {}
RESULT: {}
COMMAND: POST /session/4a7493391aacd7fc37792e05064413e7/element - {"using":"xpath","value":"//span[contains(text(), \"Argentina\")]"}
COMMAND: GET /session/4a7493391aacd7fc37792e05064413e7/screenshot - {}
RESULT: {"using":"xpath","value":"//span[contains(text(), \"Argentina\")]"}
COMMAND: POST /session/4a7493391aacd7fc37792e05064413e7/element/f.E133658EE593DCD45430D97DE730ABAE.d.6BE980C6D56BC8F5BFFB2FD2E837649E.e.7813/click - {}
RESULT: {}
RESULT: {}
COMMAND: GET /session/4a7493391aacd7fc37792e05064413e7/screenshot - {}
RESULT: {}
COMMAND: POST /session/4a7493391aacd7fc37792e05064413e7/element - {"using":"xpath","value":"//bdi[contains(text(), \"Commercial\")]"}
RESULT: {"using":"xpath","value":"//bdi[contains(text(), \"Commercial\")]"}
COMMAND: POST /session/4a7493391aacd7fc37792e05064413e7/element/f.E133658EE593DCD45430D97DE730ABAE.d.6BE980C6D56BC8F5BFFB2FD2E837649E.e.7814/click - {}
RESULT: {}
COMMAND: GET /session/4a7493391aacd7fc37792e05064413e7/screenshot - {}
RESULT: {}
COMMAND: POST /session/4a7493391aacd7fc37792e05064413e7/execute/async - {"script":"<script> [1562 bytes]","args":[{"selector":{"id":"application-managepartners-display-component---NewPartner--partnerDetailInternal-arrow"},"wdio_ui5_key":"applicationmanagepartners-display-component---NewPartner--partnerDetailInternal-arrow"}]}
RESULT: {"script":"<script> [1562 bytes]","args":[{"selector":{"id":"application-managepartners-display-component---NewPartner--partnerDetailInternal-arrow"},"wdio_ui5_key":"applicationmanagepartners-display-component---NewPartner--partnerDetailInternal-arrow"}]}
RESULT: undefined
COMMAND: POST /session/4a7493391aacd7fc37792e05064413e7/element - {"using":"xpath","value":"//*[@id=\"application-managepartners-display-component---NewPartner--partnerDetailInternal-arrow\"]"}
RESULT: {"using":"xpath","value":"//*[@id=\"application-managepartners-display-component---NewPartner--partnerDetailInternal-arrow\"]"}
COMMAND: POST /session/4a7493391aacd7fc37792e05064413e7/element/f.E133658EE593DCD45430D97DE730ABAE.d.6BE980C6D56BC8F5BFFB2FD2E837649E.e.7820/click - {}
RESULT: {}
COMMAND: POST /session/4a7493391aacd7fc37792e05064413e7/element - {"using":"xpath","value":"//span[contains(text(), \"Affiliated company\")]"}
COMMAND: GET /session/4a7493391aacd7fc37792e05064413e7/screenshot - {}
RESULT: {"using":"xpath","value":"//span[contains(text(), \"Affiliated company\")]"}
COMMAND: POST /session/4a7493391aacd7fc37792e05064413e7/element/f.E133658EE593DCD45430D97DE730ABAE.d.6BE980C6D56BC8F5BFFB2FD2E837649E.e.7821/click - {}
RESULT: {}
RESULT: {}
COMMAND: POST /session/4a7493391aacd7fc37792e05064413e7/execute/async - {"script":"<script> [1562 bytes]","args":[{"selector":{"id":"application-managepartners-display-component---NewPartner--partnerDetailsCurrency-arrow"},"wdio_ui5_key":"applicationmanagepartners-display-component---NewPartner--partnerDetailsCurrency-arrow"}]}
COMMAND: GET /session/4a7493391aacd7fc37792e05064413e7/screenshot - {}
RESULT: {"script":"<script> [1562 bytes]","args":[{"selector":{"id":"application-managepartners-display-component---NewPartner--partnerDetailsCurrency-arrow"},"wdio_ui5_key":"applicationmanagepartners-display-component---NewPartner--partnerDetailsCurrency-arrow"}]}
RESULT: undefined
COMMAND: POST /session/4a7493391aacd7fc37792e05064413e7/element - {"using":"xpath","value":"//*[@id=\"application-managepartners-display-component---NewPartner--partnerDetailsCurrency-arrow\"]"}
RESULT: {}
RESULT: {"using":"xpath","value":"//*[@id=\"application-managepartners-display-component---NewPartner--partnerDetailsCurrency-arrow\"]"}
COMMAND: POST /session/4a7493391aacd7fc37792e05064413e7/element/f.E133658EE593DCD45430D97DE730ABAE.d.6BE980C6D56BC8F5BFFB2FD2E837649E.e.7828/click - {}
RESULT: {}
COMMAND: POST /session/4a7493391aacd7fc37792e05064413e7/element - {"using":"xpath","value":"//span[contains(text(), \"Euro\")]"}
COMMAND: GET /session/4a7493391aacd7fc37792e05064413e7/screenshot - {}
RESULT: {"using":"xpath","value":"//span[contains(text(), \"Euro\")]"}
COMMAND: POST /session/4a7493391aacd7fc37792e05064413e7/element/f.E133658EE593DCD45430D97DE730ABAE.d.6BE980C6D56BC8F5BFFB2FD2E837649E.e.7829/click - {}
RESULT: {}
RESULT: {}
COMMAND: POST /session/4a7493391aacd7fc37792e05064413e7/execute/async - {"script":"<script> [1562 bytes]","args":[{"selector":{"id":"application-managepartners-display-component---NewPartner--addressEditDetailsCostObjectCstType-arrow"},"wdio_ui5_key":"applicationmanagepartners-display-component---NewPartner--addressEditDetailsCostObjectCstType-arrow"}]}
COMMAND: GET /session/4a7493391aacd7fc37792e05064413e7/screenshot - {}
RESULT: {"script":"<script> [1562 bytes]","args":[{"selector":{"id":"application-managepartners-display-component---NewPartner--addressEditDetailsCostObjectCstType-arrow"},"wdio_ui5_key":"applicationmanagepartners-display-component---NewPartner--addressEditDetailsCostObjectCstType-arrow"}]}
RESULT: undefined
COMMAND: POST /session/4a7493391aacd7fc37792e05064413e7/element - {"using":"xpath","value":"//*[@id=\"application-managepartners-display-component---NewPartner--addressEditDetailsCostObjectCstType-arrow\"]"}
RESULT: {}
RESULT: {"using":"xpath","value":"//*[@id=\"application-managepartners-display-component---NewPartner--addressEditDetailsCostObjectCstType-arrow\"]"}
COMMAND: POST /session/4a7493391aacd7fc37792e05064413e7/element/f.E133658EE593DCD45430D97DE730ABAE.d.6BE980C6D56BC8F5BFFB2FD2E837649E.e.7830/click - {}
RESULT: {}
COMMAND: POST /session/4a7493391aacd7fc37792e05064413e7/element - {"using":"xpath","value":"//span[contains(text(), \"Cost Center\")]"}
COMMAND: GET /session/4a7493391aacd7fc37792e05064413e7/screenshot - {}
RESULT: {"using":"xpath","value":"//span[contains(text(), \"Cost Center\")]"}
COMMAND: POST /session/4a7493391aacd7fc37792e05064413e7/element/f.E133658EE593DCD45430D97DE730ABAE.d.6BE980C6D56BC8F5BFFB2FD2E837649E.e.7831/click - {}
RESULT: {}
RESULT: {}
COMMAND: GET /session/4a7493391aacd7fc37792e05064413e7/screenshot - {}
RESULT: {}
COMMAND: POST /session/4a7493391aacd7fc37792e05064413e7/element - {"using":"xpath","value":"//span[@id=\"application-managepartners-display-component---NewPartner--addressNewCostObjectCstID-vhi\"]"}
RESULT: {"using":"xpath","value":"//span[@id=\"application-managepartners-display-component---NewPartner--addressNewCostObjectCstID-vhi\"]"}
COMMAND: POST /session/4a7493391aacd7fc37792e05064413e7/execute/sync - {"script":"<script> [8489 bytes]","args":[{"element-6066-11e4-a52e-4f735466cecf":"f.E133658EE593DCD45430D97DE730ABAE.d.6BE980C6D56BC8F5BFFB2FD2E837649E.e.7835","ELEMENT":"f.E133658EE593DCD45430D97DE730ABAE.d.6BE980C6D56BC8F5BFFB2FD2E837649E.e.7835"}]}
RESULT: {"script":"<script> [8489 bytes]","args":[{"element-6066-11e4-a52e-4f735466cecf":"f.E133658EE593DCD45430D97DE730ABAE.d.6BE980C6D56BC8F5BFFB2FD2E837649E.e.7835","ELEMENT":"f.E133658EE593DCD45430D97DE730ABAE.d.6BE980C6D56BC8F5BFFB2FD2E837649E.e.7835"}]}
COMMAND: POST /session/4a7493391aacd7fc37792e05064413e7/execute/async - {"script":"<script> [1562 bytes]","args":[{"selector":{"id":"application-managepartners-display-component---NewPartner--addressNewCostObjectCstID-vhi"},"wdio_ui5_key":"applicationmanagepartners-display-component---NewPartner--addressNewCostObjectCstID-vhi"}]}
COMMAND: GET /session/4a7493391aacd7fc37792e05064413e7/screenshot - {}
RESULT: {"script":"<script> [1562 bytes]","args":[{"selector":{"id":"application-managepartners-display-component---NewPartner--addressNewCostObjectCstID-vhi"},"wdio_ui5_key":"applicationmanagepartners-display-component---NewPartner--addressNewCostObjectCstID-vhi"}]}
RESULT: undefined
COMMAND: POST /session/4a7493391aacd7fc37792e05064413e7/element - {"using":"xpath","value":"//*[@id=\"application-managepartners-display-component---NewPartner--addressNewCostObjectCstID-vhi\"]"}
RESULT: {}
RESULT: {"using":"xpath","value":"//*[@id=\"application-managepartners-display-component---NewPartner--addressNewCostObjectCstID-vhi\"]"}
COMMAND: POST /session/4a7493391aacd7fc37792e05064413e7/element/f.E133658EE593DCD45430D97DE730ABAE.d.6BE980C6D56BC8F5BFFB2FD2E837649E.e.7835/click - {}
RESULT: {}
COMMAND: GET /session/4a7493391aacd7fc37792e05064413e7/screenshot - {}
RESULT: {}
RESULT: undefined
COMMAND: POST /session/4a7493391aacd7fc37792e05064413e7/execute/async - {"script":"<script> [776 bytes]","args":[{"enterText":"10001013","selector":{"controlType":"sap.m.SearchField","properties":{"placeholder":"Search"},"searchOpenDialogs":true,"interaction":{"idSuffix":"I"}},"clearTextFirst":true,"interactionType":"ENTER_TEXT"}]}
RESULT: {"script":"<script> [776 bytes]","args":[{"enterText":"10001013","selector":{"controlType":"sap.m.SearchField","properties":{"placeholder":"Search"},"searchOpenDialogs":true,"interaction":{"idSuffix":"I"}},"clearTextFirst":true,"interactionType":"ENTER_TEXT"}]}
COMMAND: POST /session/4a7493391aacd7fc37792e05064413e7/actions - {"actions":[{"id":"action24","type":"key","parameters":{},"actions":[{"type":"keyDown","value":"î€‡"},{"type":"pause","duration":10},{"type":"keyUp","value":"î€‡"}]}]}
RESULT: {"actions":[{"id":"action24","type":"key","parameters":{},"actions":[{"type":"keyDown","value":"î€‡"},{"type":"pause","duration":10},{"type":"keyUp","value":"î€‡"}]}]}
COMMAND: GET /session/4a7493391aacd7fc37792e05064413e7/screenshot - {}
RESULT: {}
COMMAND: POST /session/4a7493391aacd7fc37792e05064413e7/element - {"using":"xpath","value":"//span[contains(text(), \"General Management\")]"}
RESULT: {"using":"xpath","value":"//span[contains(text(), \"General Management\")]"}
COMMAND: POST /session/4a7493391aacd7fc37792e05064413e7/element/f.E133658EE593DCD45430D97DE730ABAE.d.6BE980C6D56BC8F5BFFB2FD2E837649E.e.7874/click - {}
RESULT: {}
COMMAND: GET /session/4a7493391aacd7fc37792e05064413e7/screenshot - {}
RESULT: {}
COMMAND: POST /session/4a7493391aacd7fc37792e05064413e7/element - {"using":"xpath","value":"//bdi[contains(text(), \"OK\")]"}
RESULT: {"using":"xpath","value":"//bdi[contains(text(), \"OK\")]"}
COMMAND: POST /session/4a7493391aacd7fc37792e05064413e7/element/f.E133658EE593DCD45430D97DE730ABAE.d.6BE980C6D56BC8F5BFFB2FD2E837649E.e.7875/click - {}
RESULT: {}
COMMAND: GET /session/4a7493391aacd7fc37792e05064413e7/screenshot - {}
RESULT: {}
COMMAND: POST /session/4a7493391aacd7fc37792e05064413e7/element - {"using":"xpath","value":"//input[@id=\"application-managepartners-display-component---NewPartner--companyCodeComboBox-inner\"]"}
RESULT: {"using":"xpath","value":"//input[@id=\"application-managepartners-display-component---NewPartner--companyCodeComboBox-inner\"]"}
COMMAND: POST /session/4a7493391aacd7fc37792e05064413e7/element/f.E133658EE593DCD45430D97DE730ABAE.d.6BE980C6D56BC8F5BFFB2FD2E837649E.e.7668/clear - {}
RESULT: {}
COMMAND: POST /session/4a7493391aacd7fc37792e05064413e7/element/f.E133658EE593DCD45430D97DE730ABAE.d.6BE980C6D56BC8F5BFFB2FD2E837649E.e.7668/value - {"text":"1000"}
COMMAND: GET /session/4a7493391aacd7fc37792e05064413e7/screenshot - {}
RESULT: {"text":"1000"}
COMMAND: GET /session/4a7493391aacd7fc37792e05064413e7/screenshot - {}
RESULT: {}
RESULT: {}
COMMAND: POST /session/4a7493391aacd7fc37792e05064413e7/element - {"using":"xpath","value":"//span[contains(text(), \"1000\")]"}
RESULT: {"using":"xpath","value":"//span[contains(text(), \"1000\")]"}
COMMAND: POST /session/4a7493391aacd7fc37792e05064413e7/element/f.E133658EE593DCD45430D97DE730ABAE.d.6BE980C6D56BC8F5BFFB2FD2E837649E.e.7881/click - {}
RESULT: {}
COMMAND: GET /session/4a7493391aacd7fc37792e05064413e7/screenshot - {}
RESULT: {}
COMMAND: POST /session/4a7493391aacd7fc37792e05064413e7/execute/async - {"script":"<script> [1562 bytes]","args":[{"selector":{"id":"application-managepartners-display-component---NewPartner--btnAddTableRow-img"},"wdio_ui5_key":"applicationmanagepartners-display-component---NewPartner--btnAddTableRow-img"}]}
RESULT: {"script":"<script> [1562 bytes]","args":[{"selector":{"id":"application-managepartners-display-component---NewPartner--btnAddTableRow-img"},"wdio_ui5_key":"applicationmanagepartners-display-component---NewPartner--btnAddTableRow-img"}]}
RESULT: undefined
COMMAND: POST /session/4a7493391aacd7fc37792e05064413e7/element - {"using":"xpath","value":"//*[@id=\"application-managepartners-display-component---NewPartner--btnAddTableRow-img\"]"}
RESULT: {"using":"xpath","value":"//*[@id=\"application-managepartners-display-component---NewPartner--btnAddTableRow-img\"]"}
COMMAND: POST /session/4a7493391aacd7fc37792e05064413e7/element/f.E133658EE593DCD45430D97DE730ABAE.d.6BE980C6D56BC8F5BFFB2FD2E837649E.e.7882/click - {}
RESULT: {}
COMMAND: GET /session/4a7493391aacd7fc37792e05064413e7/screenshot - {}
RESULT: {}
COMMAND: POST /session/4a7493391aacd7fc37792e05064413e7/element - {"using":"xpath","value":"//input[@id=\"application-managepartners-display-component---NewPartner--assignmentYard-application-managepartners-display-component---NewPartner--assignmentsTable-0-inner\"]"}
RESULT: {"using":"xpath","value":"//input[@id=\"application-managepartners-display-component---NewPartner--assignmentYard-application-managepartners-display-component---NewPartner--assignmentsTable-0-inner\"]"}
COMMAND: POST /session/4a7493391aacd7fc37792e05064413e7/element/f.E133658EE593DCD45430D97DE730ABAE.d.6BE980C6D56BC8F5BFFB2FD2E837649E.e.7885/clear - {}
RESULT: {}
COMMAND: POST /session/4a7493391aacd7fc37792e05064413e7/element/f.E133658EE593DCD45430D97DE730ABAE.d.6BE980C6D56BC8F5BFFB2FD2E837649E.e.7885/value - {"text":"417"}
COMMAND: GET /session/4a7493391aacd7fc37792e05064413e7/screenshot - {}
RESULT: {"text":"417"}
COMMAND: GET /session/4a7493391aacd7fc37792e05064413e7/screenshot - {}
RESULT: {}
RESULT: {}
COMMAND: POST /session/4a7493391aacd7fc37792e05064413e7/element - {"using":"xpath","value":"//li[.//span[text()='417']]"}
RESULT: {"using":"xpath","value":"//li[.//span[text()='417']]"}
COMMAND: POST /session/4a7493391aacd7fc37792e05064413e7/element/f.E133658EE593DCD45430D97DE730ABAE.d.6BE980C6D56BC8F5BFFB2FD2E837649E.e.7894/click - {}
RESULT: {}
COMMAND: GET /session/4a7493391aacd7fc37792e05064413e7/screenshot - {}
RESULT: {}
COMMAND: POST /session/4a7493391aacd7fc37792e05064413e7/actions - {"actions":[{"id":"action25","type":"key","parameters":{},"actions":[{"type":"keyDown","value":"î€‡"},{"type":"pause","duration":10},{"type":"keyUp","value":"î€‡"}]}]}
RESULT: {"actions":[{"id":"action25","type":"key","parameters":{},"actions":[{"type":"keyDown","value":"î€‡"},{"type":"pause","duration":10},{"type":"keyUp","value":"î€‡"}]}]}
COMMAND: POST /session/4a7493391aacd7fc37792e05064413e7/execute/async - {"script":"<script> [1562 bytes]","args":[{"selector":{"id":"application-managepartners-display-component---NewPartner--externalCustomerComboBox-application-managepartners-display-component---NewPartner--assignmentsTable-0-vhi"},"wdio_ui5_key":"applicationmanagepartners-display-component---NewPartner--externalCustomerComboBox-application-managepartners-display-component---NewPartner--assignmentsTable-0-vhi"}]}
COMMAND: GET /session/4a7493391aacd7fc37792e05064413e7/screenshot - {}
RESULT: {"script":"<script> [1562 bytes]","args":[{"selector":{"id":"application-managepartners-display-component---NewPartner--externalCustomerComboBox-application-managepartners-display-component---NewPartner--assignmentsTable-0-vhi"},"wdio_ui5_key":"applicationmanagepartners-display-component---NewPartner--externalCustomerComboBox-application-managepartners-display-component---NewPartner--assignmentsTable-0-vhi"}]}
RESULT: undefined
COMMAND: POST /session/4a7493391aacd7fc37792e05064413e7/element - {"using":"xpath","value":"//*[@id=\"application-managepartners-display-component---NewPartner--externalCustomerComboBox-application-managepartners-display-component---NewPartner--assignmentsTable-0-vhi\"]"}
RESULT: {}
RESULT: {"using":"xpath","value":"//*[@id=\"application-managepartners-display-component---NewPartner--externalCustomerComboBox-application-managepartners-display-component---NewPartner--assignmentsTable-0-vhi\"]"}
COMMAND: POST /session/4a7493391aacd7fc37792e05064413e7/element/f.E133658EE593DCD45430D97DE730ABAE.d.6BE980C6D56BC8F5BFFB2FD2E837649E.e.7898/click - {}
RESULT: {}
RESULT: undefined
COMMAND: POST /session/4a7493391aacd7fc37792e05064413e7/execute/async - {"script":"<script> [776 bytes]","args":[{"enterText":"300003","selector":{"controlType":"sap.m.SearchField","properties":{"placeholder":"Search"},"searchOpenDialogs":true,"interaction":{"idSuffix":"I"}},"clearTextFirst":true,"interactionType":"ENTER_TEXT"}]}
COMMAND: GET /session/4a7493391aacd7fc37792e05064413e7/screenshot - {}
RESULT: {"script":"<script> [776 bytes]","args":[{"enterText":"300003","selector":{"controlType":"sap.m.SearchField","properties":{"placeholder":"Search"},"searchOpenDialogs":true,"interaction":{"idSuffix":"I"}},"clearTextFirst":true,"interactionType":"ENTER_TEXT"}]}
COMMAND: POST /session/4a7493391aacd7fc37792e05064413e7/actions - {"actions":[{"id":"action26","type":"key","parameters":{},"actions":[{"type":"keyDown","value":"î€‡"},{"type":"pause","duration":10},{"type":"keyUp","value":"î€‡"}]}]}
RESULT: {}
RESULT: {"actions":[{"id":"action26","type":"key","parameters":{},"actions":[{"type":"keyDown","value":"î€‡"},{"type":"pause","duration":10},{"type":"keyUp","value":"î€‡"}]}]}
COMMAND: GET /session/4a7493391aacd7fc37792e05064413e7/screenshot - {}
RESULT: {}
COMMAND: POST /session/4a7493391aacd7fc37792e05064413e7/element - {"using":"xpath","value":"//span[contains(text(), \"300003\")]"}
RESULT: {"using":"xpath","value":"//span[contains(text(), \"300003\")]"}
COMMAND: POST /session/4a7493391aacd7fc37792e05064413e7/element/f.E133658EE593DCD45430D97DE730ABAE.d.6BE980C6D56BC8F5BFFB2FD2E837649E.e.7916/click - {}
RESULT: {}
COMMAND: GET /session/4a7493391aacd7fc37792e05064413e7/screenshot - {}
RESULT: {}
COMMAND: POST /session/4a7493391aacd7fc37792e05064413e7/element - {"using":"xpath","value":"//bdi[contains(text(), \"OK\")]"}
RESULT: {"using":"xpath","value":"//bdi[contains(text(), \"OK\")]"}
COMMAND: POST /session/4a7493391aacd7fc37792e05064413e7/element/f.E133658EE593DCD45430D97DE730ABAE.d.6BE980C6D56BC8F5BFFB2FD2E837649E.e.7918/click - {}
RESULT: {}
COMMAND: GET /session/4a7493391aacd7fc37792e05064413e7/screenshot - {}
RESULT: {}
COMMAND: POST /session/4a7493391aacd7fc37792e05064413e7/execute/async - {"script":"<script> [1562 bytes]","args":[{"selector":{"id":"application-managepartners-display-component---NewPartner--intercompVendorComboBox-application-managepartners-display-component---NewPartner--assignmentsTable-0-vhi"},"wdio_ui5_key":"applicationmanagepartners-display-component---NewPartner--intercompVendorComboBox-application-managepartners-display-component---NewPartner--assignmentsTable-0-vhi"}]}
RESULT: {"script":"<script> [1562 bytes]","args":[{"selector":{"id":"application-managepartners-display-component---NewPartner--intercompVendorComboBox-application-managepartners-display-component---NewPartner--assignmentsTable-0-vhi"},"wdio_ui5_key":"applicationmanagepartners-display-component---NewPartner--intercompVendorComboBox-application-managepartners-display-component---NewPartner--assignmentsTable-0-vhi"}]}
RESULT: undefined
COMMAND: POST /session/4a7493391aacd7fc37792e05064413e7/element - {"using":"xpath","value":"//*[@id=\"application-managepartners-display-component---NewPartner--intercompVendorComboBox-application-managepartners-display-component---NewPartner--assignmentsTable-0-vhi\"]"}
RESULT: {"using":"xpath","value":"//*[@id=\"application-managepartners-display-component---NewPartner--intercompVendorComboBox-application-managepartners-display-component---NewPartner--assignmentsTable-0-vhi\"]"}
COMMAND: POST /session/4a7493391aacd7fc37792e05064413e7/element/f.E133658EE593DCD45430D97DE730ABAE.d.6BE980C6D56BC8F5BFFB2FD2E837649E.e.7921/click - {}
RESULT: {}
RESULT: undefined
COMMAND: POST /session/4a7493391aacd7fc37792e05064413e7/execute/async - {"script":"<script> [776 bytes]","args":[{"enterText":"100005","selector":{"controlType":"sap.m.SearchField","properties":{"placeholder":"Search"},"searchOpenDialogs":true,"interaction":{"idSuffix":"I"}},"clearTextFirst":true,"interactionType":"ENTER_TEXT"}]}
COMMAND: GET /session/4a7493391aacd7fc37792e05064413e7/screenshot - {}
RESULT: {"script":"<script> [776 bytes]","args":[{"enterText":"100005","selector":{"controlType":"sap.m.SearchField","properties":{"placeholder":"Search"},"searchOpenDialogs":true,"interaction":{"idSuffix":"I"}},"clearTextFirst":true,"interactionType":"ENTER_TEXT"}]}
COMMAND: POST /session/4a7493391aacd7fc37792e05064413e7/actions - {"actions":[{"id":"action27","type":"key","parameters":{},"actions":[{"type":"keyDown","value":"î€‡"},{"type":"pause","duration":10},{"type":"keyUp","value":"î€‡"}]}]}
RESULT: {}
RESULT: {"actions":[{"id":"action27","type":"key","parameters":{},"actions":[{"type":"keyDown","value":"î€‡"},{"type":"pause","duration":10},{"type":"keyUp","value":"î€‡"}]}]}
COMMAND: GET /session/4a7493391aacd7fc37792e05064413e7/screenshot - {}
RESULT: {}
COMMAND: POST /session/4a7493391aacd7fc37792e05064413e7/element - {"using":"xpath","value":"//span[contains(text(), \"Penguins - Field/12345 Berlin\")]"}
RESULT: {"using":"xpath","value":"//span[contains(text(), \"Penguins - Field/12345 Berlin\")]"}
COMMAND: POST /session/4a7493391aacd7fc37792e05064413e7/element/f.E133658EE593DCD45430D97DE730ABAE.d.6BE980C6D56BC8F5BFFB2FD2E837649E.e.7939/click - {}
RESULT: {}
COMMAND: GET /session/4a7493391aacd7fc37792e05064413e7/screenshot - {}
RESULT: {}
COMMAND: POST /session/4a7493391aacd7fc37792e05064413e7/element - {"using":"xpath","value":"//bdi[contains(text(), \"OK\")]"}
RESULT: {"using":"xpath","value":"//bdi[contains(text(), \"OK\")]"}
COMMAND: POST /session/4a7493391aacd7fc37792e05064413e7/element/f.E133658EE593DCD45430D97DE730ABAE.d.6BE980C6D56BC8F5BFFB2FD2E837649E.e.7940/click - {}
RESULT: {}
COMMAND: GET /session/4a7493391aacd7fc37792e05064413e7/screenshot - {}
RESULT: {}
COMMAND: POST /session/4a7493391aacd7fc37792e05064413e7/element - {"using":"xpath","value":"//button[@data-kt=\"saveButton\"]"}
RESULT: {"using":"xpath","value":"//button[@data-kt=\"saveButton\"]"}
COMMAND: POST /session/4a7493391aacd7fc37792e05064413e7/element/f.E133658EE593DCD45430D97DE730ABAE.d.6BE980C6D56BC8F5BFFB2FD2E837649E.e.7747/click - {}
RESULT: {}
COMMAND: GET /session/4a7493391aacd7fc37792e05064413e7/screenshot - {}
RESULT: {}
COMMAND: POST /session/4a7493391aacd7fc37792e05064413e7/element - {"using":"xpath","value":"//header[contains(@id, 'ObjectPageLayout-headerTitle')]/div[1]/div[2]/div[2]/span[1]"}
RESULT: {"using":"xpath","value":"//header[contains(@id, 'ObjectPageLayout-headerTitle')]/div[1]/div[2]/div[2]/span[1]"}
COMMAND: POST /session/4a7493391aacd7fc37792e05064413e7/elements - {"using":"xpath","value":"//header[contains(@id, 'ObjectPageLayout-headerTitle')]/div[1]/div[2]/div[2]/span[1]"}
RESULT: {"using":"xpath","value":"//header[contains(@id, 'ObjectPageLayout-headerTitle')]/div[1]/div[2]/div[2]/span[1]"}
COMMAND: POST /session/4a7493391aacd7fc37792e05064413e7/execute/sync - {"script":"<script> [56 bytes]","args":[{"element-6066-11e4-a52e-4f735466cecf":"f.E133658EE593DCD45430D97DE730ABAE.d.6BE980C6D56BC8F5BFFB2FD2E837649E.e.8103","ELEMENT":"f.E133658EE593DCD45430D97DE730ABAE.d.6BE980C6D56BC8F5BFFB2FD2E837649E.e.8103"}]}
RESULT: {"script":"<script> [56 bytes]","args":[{"element-6066-11e4-a52e-4f735466cecf":"f.E133658EE593DCD45430D97DE730ABAE.d.6BE980C6D56BC8F5BFFB2FD2E837649E.e.8103","ELEMENT":"f.E133658EE593DCD45430D97DE730ABAE.d.6BE980C6D56BC8F5BFFB2FD2E837649E.e.8103"}]}
COMMAND: POST /session/4a7493391aacd7fc37792e05064413e7/element - {"using":"css selector","value":"#shell-header-logo"}
COMMAND: GET /session/4a7493391aacd7fc37792e05064413e7/screenshot - {}
RESULT: {"using":"css selector","value":"#shell-header-logo"}
COMMAND: POST /session/4a7493391aacd7fc37792e05064413e7/element/f.E133658EE593DCD45430D97DE730ABAE.d.6BE980C6D56BC8F5BFFB2FD2E837649E.e.7323/click - {}
RESULT: {}
RESULT: {}
COMMAND: GET /session/4a7493391aacd7fc37792e05064413e7/screenshot - {}
RESULT: {}
COMMAND: POST /session/4a7493391aacd7fc37792e05064413e7/execute/sync - {"script":"<script> [299 bytes]","args":[["getModel","getResource"]]}
RESULT: {"script":"<script> [299 bytes]","args":[["getModel","getResource"]]}
]]></system-out>
    </testcase>
    <testcase classname="chrome.135_0_7049_96.windows.Billing_Transfer_-_Intracompany_US127249" name="Should create a new site" time="79.739">
      <system-out><![CDATA[
COMMAND: GET /session/4a7493391aacd7fc37792e05064413e7/screenshot - {}
COMMAND: POST /session/4a7493391aacd7fc37792e05064413e7/execute/async - {"script":"<script> [1562 bytes]","args":[{"selector":{"controlType":"sap.m.TileContent","bindingPath":{"path":"","propertyPath":"/properties/info"},"ancestor":{"controlType":"sap.m.GenericTile","properties":{"header":"Manage Sites"}}},"wdio_ui5_key":"sapm.TileContent{\"path\":\"\",\"propertyPath\":\"/properties/info\"}{\"controlType\":\"sap.m.GenericTile\",\"properties\":{\"header\":\"Manage Sites\"}}"}]}
RESULT: {}
RESULT: {"script":"<script> [1562 bytes]","args":[{"selector":{"controlType":"sap.m.TileContent","bindingPath":{"path":"","propertyPath":"/properties/info"},"ancestor":{"controlType":"sap.m.GenericTile","properties":{"header":"Manage Sites"}}},"wdio_ui5_key":"sapm.TileContent{\"path\":\"\",\"propertyPath\":\"/properties/info\"}{\"controlType\":\"sap.m.GenericTile\",\"properties\":{\"header\":\"Manage Sites\"}}"}]}
RESULT: undefined
COMMAND: POST /session/4a7493391aacd7fc37792e05064413e7/element - {"using":"xpath","value":"//*[@id=\"__xmlview7--numericTileContent\"]"}
RESULT: {"using":"xpath","value":"//*[@id=\"__xmlview7--numericTileContent\"]"}
COMMAND: POST /session/4a7493391aacd7fc37792e05064413e7/element/f.E133658EE593DCD45430D97DE730ABAE.d.6BE980C6D56BC8F5BFFB2FD2E837649E.e.8105/click - {}
RESULT: {}
COMMAND: POST /session/4a7493391aacd7fc37792e05064413e7/element - {"using":"xpath","value":"//button[@data-kt=\"addOverflowToolbarButton\"]"}
COMMAND: GET /session/4a7493391aacd7fc37792e05064413e7/screenshot - {}
RESULT: {"using":"xpath","value":"//button[@data-kt=\"addOverflowToolbarButton\"]"}
COMMAND: POST /session/4a7493391aacd7fc37792e05064413e7/elements - {"using":"xpath","value":"//button[@data-kt=\"addOverflowToolbarButton\"]"}
RESULT: {}
RESULT: {"using":"xpath","value":"//button[@data-kt=\"addOverflowToolbarButton\"]"}
COMMAND: POST /session/4a7493391aacd7fc37792e05064413e7/elements - {"using":"xpath","value":"//button[@data-kt=\"addOverflowToolbarButton\"]"}
RESULT: {"using":"xpath","value":"//button[@data-kt=\"addOverflowToolbarButton\"]"}
COMMAND: POST /session/4a7493391aacd7fc37792e05064413e7/element - {"using":"xpath","value":"//button[@data-kt=\"addOverflowToolbarButton\"]"}
RESULT: {"using":"xpath","value":"//button[@data-kt=\"addOverflowToolbarButton\"]"}
COMMAND: POST /session/4a7493391aacd7fc37792e05064413e7/execute/sync - {"script":"<script> [8489 bytes]","args":[{"element-6066-11e4-a52e-4f735466cecf":"f.E133658EE593DCD45430D97DE730ABAE.d.6BE980C6D56BC8F5BFFB2FD2E837649E.e.8151","ELEMENT":"f.E133658EE593DCD45430D97DE730ABAE.d.6BE980C6D56BC8F5BFFB2FD2E837649E.e.8151"}]}
RESULT: {"script":"<script> [8489 bytes]","args":[{"element-6066-11e4-a52e-4f735466cecf":"f.E133658EE593DCD45430D97DE730ABAE.d.6BE980C6D56BC8F5BFFB2FD2E837649E.e.8151","ELEMENT":"f.E133658EE593DCD45430D97DE730ABAE.d.6BE980C6D56BC8F5BFFB2FD2E837649E.e.8151"}]}
COMMAND: GET /session/4a7493391aacd7fc37792e05064413e7/element/f.E133658EE593DCD45430D97DE730ABAE.d.6BE980C6D56BC8F5BFFB2FD2E837649E.e.8151/enabled - {}
COMMAND: GET /session/4a7493391aacd7fc37792e05064413e7/screenshot - {}
RESULT: {}
RESULT: {}
COMMAND: POST /session/4a7493391aacd7fc37792e05064413e7/execute/sync - {"script":"<script> [8489 bytes]","args":[{"element-6066-11e4-a52e-4f735466cecf":"f.E133658EE593DCD45430D97DE730ABAE.d.6BE980C6D56BC8F5BFFB2FD2E837649E.e.8151","ELEMENT":"f.E133658EE593DCD45430D97DE730ABAE.d.6BE980C6D56BC8F5BFFB2FD2E837649E.e.8151"}]}
COMMAND: GET /session/4a7493391aacd7fc37792e05064413e7/screenshot - {}
RESULT: {"script":"<script> [8489 bytes]","args":[{"element-6066-11e4-a52e-4f735466cecf":"f.E133658EE593DCD45430D97DE730ABAE.d.6BE980C6D56BC8F5BFFB2FD2E837649E.e.8151","ELEMENT":"f.E133658EE593DCD45430D97DE730ABAE.d.6BE980C6D56BC8F5BFFB2FD2E837649E.e.8151"}]}
COMMAND: POST /session/4a7493391aacd7fc37792e05064413e7/execute/sync - {"script":"<script> [5351 bytes]","args":[{"element-6066-11e4-a52e-4f735466cecf":"f.E133658EE593DCD45430D97DE730ABAE.d.6BE980C6D56BC8F5BFFB2FD2E837649E.e.8151","ELEMENT":"f.E133658EE593DCD45430D97DE730ABAE.d.6BE980C6D56BC8F5BFFB2FD2E837649E.e.8151"}]}
COMMAND: GET /session/4a7493391aacd7fc37792e05064413e7/screenshot - {}
RESULT: {}
RESULT: {"script":"<script> [5351 bytes]","args":[{"element-6066-11e4-a52e-4f735466cecf":"f.E133658EE593DCD45430D97DE730ABAE.d.6BE980C6D56BC8F5BFFB2FD2E837649E.e.8151","ELEMENT":"f.E133658EE593DCD45430D97DE730ABAE.d.6BE980C6D56BC8F5BFFB2FD2E837649E.e.8151"}]}
COMMAND: POST /session/4a7493391aacd7fc37792e05064413e7/element/f.E133658EE593DCD45430D97DE730ABAE.d.6BE980C6D56BC8F5BFFB2FD2E837649E.e.8151/click - {}
COMMAND: GET /session/4a7493391aacd7fc37792e05064413e7/screenshot - {}
RESULT: {}
RESULT: {}
COMMAND: GET /session/4a7493391aacd7fc37792e05064413e7/screenshot - {}
RESULT: {}
RESULT: {}
COMMAND: POST /session/4a7493391aacd7fc37792e05064413e7/execute/async - {"script":"<script> [1562 bytes]","args":[{"selector":{"id":"application-managesites-display-component---NewSite--addressDetailDetailsName1","interaction":{"idSuffix":"inner"}},"wdio_ui5_key":"applicationmanagesites-display-component---NewSite--addressDetailDetailsName1"}]}
RESULT: {"script":"<script> [1562 bytes]","args":[{"selector":{"id":"application-managesites-display-component---NewSite--addressDetailDetailsName1","interaction":{"idSuffix":"inner"}},"wdio_ui5_key":"applicationmanagesites-display-component---NewSite--addressDetailDetailsName1"}]}
RESULT: undefined
COMMAND: POST /session/4a7493391aacd7fc37792e05064413e7/execute/async - {"script":"<script> [776 bytes]","args":[{"enterText":"Intracompany Site wdIO","selector":{"id":"application-managesites-display-component---NewSite--addressDetailDetailsName1","interaction":{"idSuffix":"inner"}},"clearTextFirst":true,"interactionType":"ENTER_TEXT"}]}
RESULT: {"script":"<script> [776 bytes]","args":[{"enterText":"Intracompany Site wdIO","selector":{"id":"application-managesites-display-component---NewSite--addressDetailDetailsName1","interaction":{"idSuffix":"inner"}},"clearTextFirst":true,"interactionType":"ENTER_TEXT"}]}
COMMAND: POST /session/4a7493391aacd7fc37792e05064413e7/execute/async - {"script":"<script> [1562 bytes]","args":[{"selector":{"id":"application-managesites-display-component---NewSite--addressDetailDetailsLanguage-arrow"},"wdio_ui5_key":"applicationmanagesites-display-component---NewSite--addressDetailDetailsLanguage-arrow"}]}
RESULT: {"script":"<script> [1562 bytes]","args":[{"selector":{"id":"application-managesites-display-component---NewSite--addressDetailDetailsLanguage-arrow"},"wdio_ui5_key":"applicationmanagesites-display-component---NewSite--addressDetailDetailsLanguage-arrow"}]}
RESULT: undefined
COMMAND: POST /session/4a7493391aacd7fc37792e05064413e7/element - {"using":"xpath","value":"//*[@id=\"application-managesites-display-component---NewSite--addressDetailDetailsLanguage-arrow\"]"}
RESULT: {"using":"xpath","value":"//*[@id=\"application-managesites-display-component---NewSite--addressDetailDetailsLanguage-arrow\"]"}
COMMAND: POST /session/4a7493391aacd7fc37792e05064413e7/element/f.E133658EE593DCD45430D97DE730ABAE.d.6BE980C6D56BC8F5BFFB2FD2E837649E.e.8549/click - {}
RESULT: {}
COMMAND: POST /session/4a7493391aacd7fc37792e05064413e7/element - {"using":"xpath","value":"//span[contains(text(), \"English\")]"}
COMMAND: GET /session/4a7493391aacd7fc37792e05064413e7/screenshot - {}
RESULT: {"using":"xpath","value":"//span[contains(text(), \"English\")]"}
COMMAND: POST /session/4a7493391aacd7fc37792e05064413e7/element/f.E133658EE593DCD45430D97DE730ABAE.d.6BE980C6D56BC8F5BFFB2FD2E837649E.e.8550/click - {}
RESULT: {}
RESULT: {}
COMMAND: POST /session/4a7493391aacd7fc37792e05064413e7/execute/async - {"script":"<script> [1562 bytes]","args":[{"selector":{"id":"application-managesites-display-component---NewSite--addressDetailDetailsCity1","interaction":{"idSuffix":"inner"}},"wdio_ui5_key":"applicationmanagesites-display-component---NewSite--addressDetailDetailsCity1"}]}
COMMAND: GET /session/4a7493391aacd7fc37792e05064413e7/screenshot - {}
RESULT: {"script":"<script> [1562 bytes]","args":[{"selector":{"id":"application-managesites-display-component---NewSite--addressDetailDetailsCity1","interaction":{"idSuffix":"inner"}},"wdio_ui5_key":"applicationmanagesites-display-component---NewSite--addressDetailDetailsCity1"}]}
RESULT: undefined
COMMAND: POST /session/4a7493391aacd7fc37792e05064413e7/execute/async - {"script":"<script> [776 bytes]","args":[{"enterText":"Rosario","selector":{"id":"application-managesites-display-component---NewSite--addressDetailDetailsCity1","interaction":{"idSuffix":"inner"}},"clearTextFirst":true,"interactionType":"ENTER_TEXT"}]}
RESULT: {}
RESULT: {"script":"<script> [776 bytes]","args":[{"enterText":"Rosario","selector":{"id":"application-managesites-display-component---NewSite--addressDetailDetailsCity1","interaction":{"idSuffix":"inner"}},"clearTextFirst":true,"interactionType":"ENTER_TEXT"}]}
COMMAND: POST /session/4a7493391aacd7fc37792e05064413e7/execute/async - {"script":"<script> [1562 bytes]","args":[{"selector":{"id":"application-managesites-display-component---NewSite--addressDetailDetailsCountry-arrow"},"wdio_ui5_key":"applicationmanagesites-display-component---NewSite--addressDetailDetailsCountry-arrow"}]}
RESULT: {"script":"<script> [1562 bytes]","args":[{"selector":{"id":"application-managesites-display-component---NewSite--addressDetailDetailsCountry-arrow"},"wdio_ui5_key":"applicationmanagesites-display-component---NewSite--addressDetailDetailsCountry-arrow"}]}
RESULT: undefined
COMMAND: POST /session/4a7493391aacd7fc37792e05064413e7/element - {"using":"xpath","value":"//*[@id=\"application-managesites-display-component---NewSite--addressDetailDetailsCountry-arrow\"]"}
RESULT: {"using":"xpath","value":"//*[@id=\"application-managesites-display-component---NewSite--addressDetailDetailsCountry-arrow\"]"}
COMMAND: POST /session/4a7493391aacd7fc37792e05064413e7/element/f.E133658EE593DCD45430D97DE730ABAE.d.6BE980C6D56BC8F5BFFB2FD2E837649E.e.8552/click - {}
RESULT: {}
COMMAND: POST /session/4a7493391aacd7fc37792e05064413e7/element - {"using":"xpath","value":"//span[contains(text(), \"Argentina\")]"}
COMMAND: GET /session/4a7493391aacd7fc37792e05064413e7/screenshot - {}
RESULT: {"using":"xpath","value":"//span[contains(text(), \"Argentina\")]"}
COMMAND: POST /session/4a7493391aacd7fc37792e05064413e7/element/f.E133658EE593DCD45430D97DE730ABAE.d.6BE980C6D56BC8F5BFFB2FD2E837649E.e.8553/click - {}
RESULT: {}
RESULT: {}
COMMAND: GET /session/4a7493391aacd7fc37792e05064413e7/screenshot - {}
RESULT: {}
COMMAND: POST /session/4a7493391aacd7fc37792e05064413e7/execute/async - {"script":"<script> [1562 bytes]","args":[{"selector":{"id":"application-managesites-display-component---NewSite--addressEditDetailsCostObjectCstType-arrow"},"wdio_ui5_key":"applicationmanagesites-display-component---NewSite--addressEditDetailsCostObjectCstType-arrow"}]}
RESULT: {"script":"<script> [1562 bytes]","args":[{"selector":{"id":"application-managesites-display-component---NewSite--addressEditDetailsCostObjectCstType-arrow"},"wdio_ui5_key":"applicationmanagesites-display-component---NewSite--addressEditDetailsCostObjectCstType-arrow"}]}
RESULT: undefined
COMMAND: POST /session/4a7493391aacd7fc37792e05064413e7/element - {"using":"xpath","value":"//*[@id=\"application-managesites-display-component---NewSite--addressEditDetailsCostObjectCstType-arrow\"]"}
RESULT: {"using":"xpath","value":"//*[@id=\"application-managesites-display-component---NewSite--addressEditDetailsCostObjectCstType-arrow\"]"}
COMMAND: POST /session/4a7493391aacd7fc37792e05064413e7/element/f.E133658EE593DCD45430D97DE730ABAE.d.6BE980C6D56BC8F5BFFB2FD2E837649E.e.8555/click - {}
RESULT: {}
COMMAND: POST /session/4a7493391aacd7fc37792e05064413e7/element - {"using":"xpath","value":"//span[contains(text(), \"Cost Center\")]"}
COMMAND: GET /session/4a7493391aacd7fc37792e05064413e7/screenshot - {}
RESULT: {"using":"xpath","value":"//span[contains(text(), \"Cost Center\")]"}
COMMAND: POST /session/4a7493391aacd7fc37792e05064413e7/element/f.E133658EE593DCD45430D97DE730ABAE.d.6BE980C6D56BC8F5BFFB2FD2E837649E.e.8556/click - {}
RESULT: {}
RESULT: {}
COMMAND: GET /session/4a7493391aacd7fc37792e05064413e7/screenshot - {}
RESULT: {}
COMMAND: POST /session/4a7493391aacd7fc37792e05064413e7/element - {"using":"xpath","value":"//span[@id=\"application-managesites-display-component---NewSite--addressNewCostObjectCstID-vhi\"]"}
RESULT: {"using":"xpath","value":"//span[@id=\"application-managesites-display-component---NewSite--addressNewCostObjectCstID-vhi\"]"}
COMMAND: POST /session/4a7493391aacd7fc37792e05064413e7/execute/sync - {"script":"<script> [8489 bytes]","args":[{"element-6066-11e4-a52e-4f735466cecf":"f.E133658EE593DCD45430D97DE730ABAE.d.6BE980C6D56BC8F5BFFB2FD2E837649E.e.8561","ELEMENT":"f.E133658EE593DCD45430D97DE730ABAE.d.6BE980C6D56BC8F5BFFB2FD2E837649E.e.8561"}]}
RESULT: {"script":"<script> [8489 bytes]","args":[{"element-6066-11e4-a52e-4f735466cecf":"f.E133658EE593DCD45430D97DE730ABAE.d.6BE980C6D56BC8F5BFFB2FD2E837649E.e.8561","ELEMENT":"f.E133658EE593DCD45430D97DE730ABAE.d.6BE980C6D56BC8F5BFFB2FD2E837649E.e.8561"}]}
COMMAND: POST /session/4a7493391aacd7fc37792e05064413e7/execute/async - {"script":"<script> [1562 bytes]","args":[{"selector":{"id":"application-managesites-display-component---NewSite--addressNewCostObjectCstID-vhi"},"wdio_ui5_key":"applicationmanagesites-display-component---NewSite--addressNewCostObjectCstID-vhi"}]}
COMMAND: GET /session/4a7493391aacd7fc37792e05064413e7/screenshot - {}
RESULT: {"script":"<script> [1562 bytes]","args":[{"selector":{"id":"application-managesites-display-component---NewSite--addressNewCostObjectCstID-vhi"},"wdio_ui5_key":"applicationmanagesites-display-component---NewSite--addressNewCostObjectCstID-vhi"}]}
RESULT: undefined
COMMAND: POST /session/4a7493391aacd7fc37792e05064413e7/element - {"using":"xpath","value":"//*[@id=\"application-managesites-display-component---NewSite--addressNewCostObjectCstID-vhi\"]"}
RESULT: {}
RESULT: {"using":"xpath","value":"//*[@id=\"application-managesites-display-component---NewSite--addressNewCostObjectCstID-vhi\"]"}
COMMAND: POST /session/4a7493391aacd7fc37792e05064413e7/element/f.E133658EE593DCD45430D97DE730ABAE.d.6BE980C6D56BC8F5BFFB2FD2E837649E.e.8561/click - {}
RESULT: {}
COMMAND: GET /session/4a7493391aacd7fc37792e05064413e7/screenshot - {}
RESULT: {}
RESULT: undefined
COMMAND: POST /session/4a7493391aacd7fc37792e05064413e7/execute/async - {"script":"<script> [776 bytes]","args":[{"enterText":"10001013","selector":{"controlType":"sap.m.SearchField","properties":{"placeholder":"Search"},"searchOpenDialogs":true,"interaction":{"idSuffix":"I"}},"clearTextFirst":true,"interactionType":"ENTER_TEXT"}]}
RESULT: {"script":"<script> [776 bytes]","args":[{"enterText":"10001013","selector":{"controlType":"sap.m.SearchField","properties":{"placeholder":"Search"},"searchOpenDialogs":true,"interaction":{"idSuffix":"I"}},"clearTextFirst":true,"interactionType":"ENTER_TEXT"}]}
COMMAND: POST /session/4a7493391aacd7fc37792e05064413e7/actions - {"actions":[{"id":"action28","type":"key","parameters":{},"actions":[{"type":"keyDown","value":"î€‡"},{"type":"pause","duration":10},{"type":"keyUp","value":"î€‡"}]}]}
RESULT: {"actions":[{"id":"action28","type":"key","parameters":{},"actions":[{"type":"keyDown","value":"î€‡"},{"type":"pause","duration":10},{"type":"keyUp","value":"î€‡"}]}]}
COMMAND: GET /session/4a7493391aacd7fc37792e05064413e7/screenshot - {}
RESULT: {}
COMMAND: POST /session/4a7493391aacd7fc37792e05064413e7/element - {"using":"xpath","value":"//span[contains(text(), \"General Management\")]"}
RESULT: {"using":"xpath","value":"//span[contains(text(), \"General Management\")]"}
COMMAND: POST /session/4a7493391aacd7fc37792e05064413e7/element/f.E133658EE593DCD45430D97DE730ABAE.d.6BE980C6D56BC8F5BFFB2FD2E837649E.e.8600/click - {}
RESULT: {}
COMMAND: GET /session/4a7493391aacd7fc37792e05064413e7/screenshot - {}
RESULT: {}
COMMAND: POST /session/4a7493391aacd7fc37792e05064413e7/element - {"using":"xpath","value":"//bdi[contains(text(), \"OK\")]"}
RESULT: {"using":"xpath","value":"//bdi[contains(text(), \"OK\")]"}
COMMAND: POST /session/4a7493391aacd7fc37792e05064413e7/element/f.E133658EE593DCD45430D97DE730ABAE.d.6BE980C6D56BC8F5BFFB2FD2E837649E.e.8601/click - {}
RESULT: {}
COMMAND: GET /session/4a7493391aacd7fc37792e05064413e7/screenshot - {}
RESULT: {}
COMMAND: POST /session/4a7493391aacd7fc37792e05064413e7/element - {"using":"xpath","value":"//input[@id=\"application-managesites-display-component---NewSite--addressDetailDetailsCalendar-inner\"]"}
RESULT: {"using":"xpath","value":"//input[@id=\"application-managesites-display-component---NewSite--addressDetailDetailsCalendar-inner\"]"}
COMMAND: POST /session/4a7493391aacd7fc37792e05064413e7/element/f.E133658EE593DCD45430D97DE730ABAE.d.6BE980C6D56BC8F5BFFB2FD2E837649E.e.8347/clear - {}
RESULT: {}
COMMAND: POST /session/4a7493391aacd7fc37792e05064413e7/element/f.E133658EE593DCD45430D97DE730ABAE.d.6BE980C6D56BC8F5BFFB2FD2E837649E.e.8347/value - {"text":"Unit"}
COMMAND: GET /session/4a7493391aacd7fc37792e05064413e7/screenshot - {}
RESULT: {"text":"Unit"}
COMMAND: GET /session/4a7493391aacd7fc37792e05064413e7/screenshot - {}
RESULT: {}
RESULT: {}
COMMAND: POST /session/4a7493391aacd7fc37792e05064413e7/actions - {"actions":[{"id":"action29","type":"key","parameters":{},"actions":[{"type":"keyDown","value":"î€‡"},{"type":"pause","duration":10},{"type":"keyUp","value":"î€‡"}]}]}
RESULT: {"actions":[{"id":"action29","type":"key","parameters":{},"actions":[{"type":"keyDown","value":"î€‡"},{"type":"pause","duration":10},{"type":"keyUp","value":"î€‡"}]}]}
COMMAND: POST /session/4a7493391aacd7fc37792e05064413e7/element - {"using":"xpath","value":"//input[@id=\"application-managesites-display-component---NewSite--addressDetailDetailsYard-inner\"]"}
COMMAND: GET /session/4a7493391aacd7fc37792e05064413e7/screenshot - {}
RESULT: {"using":"xpath","value":"//input[@id=\"application-managesites-display-component---NewSite--addressDetailDetailsYard-inner\"]"}
COMMAND: POST /session/4a7493391aacd7fc37792e05064413e7/element/f.E133658EE593DCD45430D97DE730ABAE.d.6BE980C6D56BC8F5BFFB2FD2E837649E.e.8348/clear - {}
RESULT: {}
RESULT: {}
COMMAND: POST /session/4a7493391aacd7fc37792e05064413e7/element/f.E133658EE593DCD45430D97DE730ABAE.d.6BE980C6D56BC8F5BFFB2FD2E837649E.e.8348/value - {"text":"417"}
COMMAND: GET /session/4a7493391aacd7fc37792e05064413e7/screenshot - {}
RESULT: {"text":"417"}
COMMAND: GET /session/4a7493391aacd7fc37792e05064413e7/screenshot - {}
RESULT: {}
RESULT: {}
COMMAND: POST /session/4a7493391aacd7fc37792e05064413e7/element - {"using":"xpath","value":"//li[.//span[text()='417']]"}
RESULT: {"using":"xpath","value":"//li[.//span[text()='417']]"}
COMMAND: POST /session/4a7493391aacd7fc37792e05064413e7/element/f.E133658EE593DCD45430D97DE730ABAE.d.6BE980C6D56BC8F5BFFB2FD2E837649E.e.8609/click - {}
RESULT: {}
COMMAND: GET /session/4a7493391aacd7fc37792e05064413e7/screenshot - {}
RESULT: {}
COMMAND: POST /session/4a7493391aacd7fc37792e05064413e7/element - {"using":"xpath","value":"//input[@id=\"application-managesites-display-component---NewSite--addressDetailDetailsPartner-inner\"]"}
RESULT: {"using":"xpath","value":"//input[@id=\"application-managesites-display-component---NewSite--addressDetailDetailsPartner-inner\"]"}
COMMAND: POST /session/4a7493391aacd7fc37792e05064413e7/element - {"using":"xpath","value":"//input[@id=\"application-managesites-display-component---NewSite--addressDetailDetailsPartner-inner\"]"}
RESULT: {"using":"xpath","value":"//input[@id=\"application-managesites-display-component---NewSite--addressDetailDetailsPartner-inner\"]"}
COMMAND: POST /session/4a7493391aacd7fc37792e05064413e7/element - {"using":"xpath","value":"//button[@data-kt=\"saveButton\"]"}
RESULT: {"using":"xpath","value":"//button[@data-kt=\"saveButton\"]"}
COMMAND: POST /session/4a7493391aacd7fc37792e05064413e7/element/f.E133658EE593DCD45430D97DE730ABAE.d.6BE980C6D56BC8F5BFFB2FD2E837649E.e.8532/click - {}
RESULT: {}
COMMAND: GET /session/4a7493391aacd7fc37792e05064413e7/screenshot - {}
RESULT: {}
COMMAND: POST /session/4a7493391aacd7fc37792e05064413e7/element - {"using":"xpath","value":"//header[contains(@id, 'ObjectPageLayout-headerTitle')]/div[1]/div[2]/div[2]/span[1]"}
RESULT: {"using":"xpath","value":"//header[contains(@id, 'ObjectPageLayout-headerTitle')]/div[1]/div[2]/div[2]/span[1]"}
COMMAND: POST /session/4a7493391aacd7fc37792e05064413e7/elements - {"using":"xpath","value":"//header[contains(@id, 'ObjectPageLayout-headerTitle')]/div[1]/div[2]/div[2]/span[1]"}
RESULT: {"using":"xpath","value":"//header[contains(@id, 'ObjectPageLayout-headerTitle')]/div[1]/div[2]/div[2]/span[1]"}
COMMAND: POST /session/4a7493391aacd7fc37792e05064413e7/execute/sync - {"script":"<script> [56 bytes]","args":[{"element-6066-11e4-a52e-4f735466cecf":"f.E133658EE593DCD45430D97DE730ABAE.d.6BE980C6D56BC8F5BFFB2FD2E837649E.e.8811","ELEMENT":"f.E133658EE593DCD45430D97DE730ABAE.d.6BE980C6D56BC8F5BFFB2FD2E837649E.e.8811"}]}
RESULT: {"script":"<script> [56 bytes]","args":[{"element-6066-11e4-a52e-4f735466cecf":"f.E133658EE593DCD45430D97DE730ABAE.d.6BE980C6D56BC8F5BFFB2FD2E837649E.e.8811","ELEMENT":"f.E133658EE593DCD45430D97DE730ABAE.d.6BE980C6D56BC8F5BFFB2FD2E837649E.e.8811"}]}
COMMAND: POST /session/4a7493391aacd7fc37792e05064413e7/element - {"using":"css selector","value":"#shell-header-logo"}
COMMAND: GET /session/4a7493391aacd7fc37792e05064413e7/screenshot - {}
RESULT: {"using":"css selector","value":"#shell-header-logo"}
COMMAND: POST /session/4a7493391aacd7fc37792e05064413e7/element/f.E133658EE593DCD45430D97DE730ABAE.d.6BE980C6D56BC8F5BFFB2FD2E837649E.e.8108/click - {}
RESULT: {}
RESULT: {}
COMMAND: GET /session/4a7493391aacd7fc37792e05064413e7/screenshot - {}
RESULT: {}
COMMAND: POST /session/4a7493391aacd7fc37792e05064413e7/execute/sync - {"script":"<script> [299 bytes]","args":[["getModel","getResource"]]}
RESULT: {"script":"<script> [299 bytes]","args":[["getModel","getResource"]]}
]]></system-out>
    </testcase>
    <testcase classname="chrome.135_0_7049_96.windows.Billing_Transfer_-_Intracompany_US127249" name="Should create a new equipment" time="116.684">
      <system-out><![CDATA[
COMMAND: POST /session/4a7493391aacd7fc37792e05064413e7/execute/async - {"script":"<script> [1562 bytes]","args":[{"selector":{"controlType":"sap.m.GenericTile","properties":{"header":"Manage Resources"}},"wdio_ui5_key":"sapm.GenericTile{\"header\":\"Manage Resources\"}"}]}
COMMAND: GET /session/4a7493391aacd7fc37792e05064413e7/screenshot - {}
RESULT: {"script":"<script> [1562 bytes]","args":[{"selector":{"controlType":"sap.m.GenericTile","properties":{"header":"Manage Resources"}},"wdio_ui5_key":"sapm.GenericTile{\"header\":\"Manage Resources\"}"}]}
RESULT: undefined
COMMAND: POST /session/4a7493391aacd7fc37792e05064413e7/element - {"using":"xpath","value":"//*[@id=\"__tile39\"]"}
RESULT: {}
RESULT: {"using":"xpath","value":"//*[@id=\"__tile39\"]"}
COMMAND: POST /session/4a7493391aacd7fc37792e05064413e7/element/f.E133658EE593DCD45430D97DE730ABAE.d.6BE980C6D56BC8F5BFFB2FD2E837649E.e.6474/click - {}
RESULT: {}
COMMAND: POST /session/4a7493391aacd7fc37792e05064413e7/element - {"using":"xpath","value":"//button[@data-kt=\"addNewRUOverflowToolbarButton\"]"}
COMMAND: GET /session/4a7493391aacd7fc37792e05064413e7/screenshot - {}
RESULT: {"using":"xpath","value":"//button[@data-kt=\"addNewRUOverflowToolbarButton\"]"}
COMMAND: POST /session/4a7493391aacd7fc37792e05064413e7/elements - {"using":"xpath","value":"//button[@data-kt=\"addNewRUOverflowToolbarButton\"]"}
RESULT: {}
RESULT: {"using":"xpath","value":"//button[@data-kt=\"addNewRUOverflowToolbarButton\"]"}
COMMAND: POST /session/4a7493391aacd7fc37792e05064413e7/elements - {"using":"xpath","value":"//button[@data-kt=\"addNewRUOverflowToolbarButton\"]"}
RESULT: {"using":"xpath","value":"//button[@data-kt=\"addNewRUOverflowToolbarButton\"]"}
COMMAND: POST /session/4a7493391aacd7fc37792e05064413e7/elements - {"using":"xpath","value":"//button[@data-kt=\"addNewRUOverflowToolbarButton\"]"}
RESULT: {"using":"xpath","value":"//button[@data-kt=\"addNewRUOverflowToolbarButton\"]"}
COMMAND: POST /session/4a7493391aacd7fc37792e05064413e7/elements - {"using":"xpath","value":"//button[@data-kt=\"addNewRUOverflowToolbarButton\"]"}
RESULT: {"using":"xpath","value":"//button[@data-kt=\"addNewRUOverflowToolbarButton\"]"}
COMMAND: POST /session/4a7493391aacd7fc37792e05064413e7/elements - {"using":"xpath","value":"//button[@data-kt=\"addNewRUOverflowToolbarButton\"]"}
RESULT: {"using":"xpath","value":"//button[@data-kt=\"addNewRUOverflowToolbarButton\"]"}
COMMAND: POST /session/4a7493391aacd7fc37792e05064413e7/elements - {"using":"xpath","value":"//button[@data-kt=\"addNewRUOverflowToolbarButton\"]"}
RESULT: {"using":"xpath","value":"//button[@data-kt=\"addNewRUOverflowToolbarButton\"]"}
COMMAND: POST /session/4a7493391aacd7fc37792e05064413e7/elements - {"using":"xpath","value":"//button[@data-kt=\"addNewRUOverflowToolbarButton\"]"}
RESULT: {"using":"xpath","value":"//button[@data-kt=\"addNewRUOverflowToolbarButton\"]"}
COMMAND: POST /session/4a7493391aacd7fc37792e05064413e7/elements - {"using":"xpath","value":"//button[@data-kt=\"addNewRUOverflowToolbarButton\"]"}
RESULT: {"using":"xpath","value":"//button[@data-kt=\"addNewRUOverflowToolbarButton\"]"}
COMMAND: POST /session/4a7493391aacd7fc37792e05064413e7/elements - {"using":"xpath","value":"//button[@data-kt=\"addNewRUOverflowToolbarButton\"]"}
RESULT: {"using":"xpath","value":"//button[@data-kt=\"addNewRUOverflowToolbarButton\"]"}
COMMAND: POST /session/4a7493391aacd7fc37792e05064413e7/element - {"using":"xpath","value":"//button[@data-kt=\"addNewRUOverflowToolbarButton\"]"}
RESULT: {"using":"xpath","value":"//button[@data-kt=\"addNewRUOverflowToolbarButton\"]"}
COMMAND: POST /session/4a7493391aacd7fc37792e05064413e7/execute/sync - {"script":"<script> [8489 bytes]","args":[{"element-6066-11e4-a52e-4f735466cecf":"f.E133658EE593DCD45430D97DE730ABAE.d.6BE980C6D56BC8F5BFFB2FD2E837649E.e.8853","ELEMENT":"f.E133658EE593DCD45430D97DE730ABAE.d.6BE980C6D56BC8F5BFFB2FD2E837649E.e.8853"}]}
RESULT: {"script":"<script> [8489 bytes]","args":[{"element-6066-11e4-a52e-4f735466cecf":"f.E133658EE593DCD45430D97DE730ABAE.d.6BE980C6D56BC8F5BFFB2FD2E837649E.e.8853","ELEMENT":"f.E133658EE593DCD45430D97DE730ABAE.d.6BE980C6D56BC8F5BFFB2FD2E837649E.e.8853"}]}
COMMAND: GET /session/4a7493391aacd7fc37792e05064413e7/element/f.E133658EE593DCD45430D97DE730ABAE.d.6BE980C6D56BC8F5BFFB2FD2E837649E.e.8853/enabled - {}
COMMAND: GET /session/4a7493391aacd7fc37792e05064413e7/screenshot - {}
RESULT: {}
COMMAND: POST /session/4a7493391aacd7fc37792e05064413e7/execute/sync - {"script":"<script> [8489 bytes]","args":[{"element-6066-11e4-a52e-4f735466cecf":"f.E133658EE593DCD45430D97DE730ABAE.d.6BE980C6D56BC8F5BFFB2FD2E837649E.e.8853","ELEMENT":"f.E133658EE593DCD45430D97DE730ABAE.d.6BE980C6D56BC8F5BFFB2FD2E837649E.e.8853"}]}
COMMAND: GET /session/4a7493391aacd7fc37792e05064413e7/screenshot - {}
RESULT: {}
RESULT: {"script":"<script> [8489 bytes]","args":[{"element-6066-11e4-a52e-4f735466cecf":"f.E133658EE593DCD45430D97DE730ABAE.d.6BE980C6D56BC8F5BFFB2FD2E837649E.e.8853","ELEMENT":"f.E133658EE593DCD45430D97DE730ABAE.d.6BE980C6D56BC8F5BFFB2FD2E837649E.e.8853"}]}
COMMAND: POST /session/4a7493391aacd7fc37792e05064413e7/execute/sync - {"script":"<script> [5351 bytes]","args":[{"element-6066-11e4-a52e-4f735466cecf":"f.E133658EE593DCD45430D97DE730ABAE.d.6BE980C6D56BC8F5BFFB2FD2E837649E.e.8853","ELEMENT":"f.E133658EE593DCD45430D97DE730ABAE.d.6BE980C6D56BC8F5BFFB2FD2E837649E.e.8853"}]}
COMMAND: GET /session/4a7493391aacd7fc37792e05064413e7/screenshot - {}
RESULT: {}
RESULT: {"script":"<script> [5351 bytes]","args":[{"element-6066-11e4-a52e-4f735466cecf":"f.E133658EE593DCD45430D97DE730ABAE.d.6BE980C6D56BC8F5BFFB2FD2E837649E.e.8853","ELEMENT":"f.E133658EE593DCD45430D97DE730ABAE.d.6BE980C6D56BC8F5BFFB2FD2E837649E.e.8853"}]}
COMMAND: POST /session/4a7493391aacd7fc37792e05064413e7/element/f.E133658EE593DCD45430D97DE730ABAE.d.6BE980C6D56BC8F5BFFB2FD2E837649E.e.8853/click - {}
COMMAND: GET /session/4a7493391aacd7fc37792e05064413e7/screenshot - {}
RESULT: {}
RESULT: {}
COMMAND: GET /session/4a7493391aacd7fc37792e05064413e7/screenshot - {}
RESULT: {}
RESULT: {}
COMMAND: POST /session/4a7493391aacd7fc37792e05064413e7/execute/async - {"script":"<script> [1562 bytes]","args":[{"selector":{"id":"application-manageresources-display-component---newResourceUnit--TYPE-arrow"},"wdio_ui5_key":"applicationmanageresources-display-component---newResourceUnit--TYPE-arrow"}]}
RESULT: {"script":"<script> [1562 bytes]","args":[{"selector":{"id":"application-manageresources-display-component---newResourceUnit--TYPE-arrow"},"wdio_ui5_key":"applicationmanageresources-display-component---newResourceUnit--TYPE-arrow"}]}
RESULT: undefined
COMMAND: POST /session/4a7493391aacd7fc37792e05064413e7/element - {"using":"xpath","value":"//*[@id=\"application-manageresources-display-component---newResourceUnit--TYPE-arrow\"]"}
RESULT: {"using":"xpath","value":"//*[@id=\"application-manageresources-display-component---newResourceUnit--TYPE-arrow\"]"}
COMMAND: POST /session/4a7493391aacd7fc37792e05064413e7/element/f.E133658EE593DCD45430D97DE730ABAE.d.6BE980C6D56BC8F5BFFB2FD2E837649E.e.9217/click - {}
RESULT: {}
COMMAND: POST /session/4a7493391aacd7fc37792e05064413e7/element - {"using":"xpath","value":"//input[@id=\"application-manageresources-display-component---newResourceUnit--TYPE-inner\"]"}
COMMAND: GET /session/4a7493391aacd7fc37792e05064413e7/screenshot - {}
RESULT: {"using":"xpath","value":"//input[@id=\"application-manageresources-display-component---newResourceUnit--TYPE-inner\"]"}
COMMAND: POST /session/4a7493391aacd7fc37792e05064413e7/element/f.E133658EE593DCD45430D97DE730ABAE.d.6BE980C6D56BC8F5BFFB2FD2E837649E.e.9191/clear - {}
RESULT: {}
RESULT: {}
COMMAND: POST /session/4a7493391aacd7fc37792e05064413e7/element/f.E133658EE593DCD45430D97DE730ABAE.d.6BE980C6D56BC8F5BFFB2FD2E837649E.e.9191/value - {"text":"Equipment"}
COMMAND: GET /session/4a7493391aacd7fc37792e05064413e7/screenshot - {}
RESULT: {"text":"Equipment"}
COMMAND: GET /session/4a7493391aacd7fc37792e05064413e7/screenshot - {}
RESULT: {}
RESULT: {}
COMMAND: POST /session/4a7493391aacd7fc37792e05064413e7/actions - {"actions":[{"id":"action30","type":"key","parameters":{},"actions":[{"type":"keyDown","value":"î€‡"},{"type":"pause","duration":10},{"type":"keyUp","value":"î€‡"}]}]}
RESULT: {"actions":[{"id":"action30","type":"key","parameters":{},"actions":[{"type":"keyDown","value":"î€‡"},{"type":"pause","duration":10},{"type":"keyUp","value":"î€‡"}]}]}
COMMAND: POST /session/4a7493391aacd7fc37792e05064413e7/execute/async - {"script":"<script> [1562 bytes]","args":[{"selector":{"id":"application-manageresources-display-component---newResourceUnit--resourceId","interaction":{"idSuffix":"inner"}},"wdio_ui5_key":"applicationmanageresources-display-component---newResourceUnit--resourceId"}]}
COMMAND: GET /session/4a7493391aacd7fc37792e05064413e7/screenshot - {}
RESULT: {"script":"<script> [1562 bytes]","args":[{"selector":{"id":"application-manageresources-display-component---newResourceUnit--resourceId","interaction":{"idSuffix":"inner"}},"wdio_ui5_key":"applicationmanageresources-display-component---newResourceUnit--resourceId"}]}
RESULT: undefined
COMMAND: POST /session/4a7493391aacd7fc37792e05064413e7/execute/async - {"script":"<script> [776 bytes]","args":[{"enterText":"3tpAfTRDuo","selector":{"id":"application-manageresources-display-component---newResourceUnit--resourceId","interaction":{"idSuffix":"inner"}},"clearTextFirst":true,"interactionType":"ENTER_TEXT"}]}
RESULT: {}
RESULT: {"script":"<script> [776 bytes]","args":[{"enterText":"3tpAfTRDuo","selector":{"id":"application-manageresources-display-component---newResourceUnit--resourceId","interaction":{"idSuffix":"inner"}},"clearTextFirst":true,"interactionType":"ENTER_TEXT"}]}
COMMAND: POST /session/4a7493391aacd7fc37792e05064413e7/execute/async - {"script":"<script> [1562 bytes]","args":[{"selector":{"id":"application-manageresources-display-component---newResourceUnit--SHORT_TEXT","interaction":{"idSuffix":"inner"}},"wdio_ui5_key":"applicationmanageresources-display-component---newResourceUnit--SHORT_TEXT"}]}
RESULT: {"script":"<script> [1562 bytes]","args":[{"selector":{"id":"application-manageresources-display-component---newResourceUnit--SHORT_TEXT","interaction":{"idSuffix":"inner"}},"wdio_ui5_key":"applicationmanageresources-display-component---newResourceUnit--SHORT_TEXT"}]}
RESULT: undefined
COMMAND: POST /session/4a7493391aacd7fc37792e05064413e7/execute/async - {"script":"<script> [776 bytes]","args":[{"enterText":"Intercompany Equipment WDIO","selector":{"id":"application-manageresources-display-component---newResourceUnit--SHORT_TEXT","interaction":{"idSuffix":"inner"}},"clearTextFirst":true,"interactionType":"ENTER_TEXT"}]}
RESULT: {"script":"<script> [776 bytes]","args":[{"enterText":"Intercompany Equipment WDIO","selector":{"id":"application-manageresources-display-component---newResourceUnit--SHORT_TEXT","interaction":{"idSuffix":"inner"}},"clearTextFirst":true,"interactionType":"ENTER_TEXT"}]}
COMMAND: POST /session/4a7493391aacd7fc37792e05064413e7/execute/async - {"script":"<script> [1562 bytes]","args":[{"selector":{"id":"application-manageresources-display-component---newResourceUnit--BASE_UNIT_OF_MEASURE","interaction":{"idSuffix":"inner"}},"wdio_ui5_key":"applicationmanageresources-display-component---newResourceUnit--BASE_UNIT_OF_MEASURE"}]}
RESULT: {"script":"<script> [1562 bytes]","args":[{"selector":{"id":"application-manageresources-display-component---newResourceUnit--BASE_UNIT_OF_MEASURE","interaction":{"idSuffix":"inner"}},"wdio_ui5_key":"applicationmanageresources-display-component---newResourceUnit--BASE_UNIT_OF_MEASURE"}]}
RESULT: undefined
COMMAND: POST /session/4a7493391aacd7fc37792e05064413e7/execute/async - {"script":"<script> [776 bytes]","args":[{"enterText":"Piece","selector":{"id":"application-manageresources-display-component---newResourceUnit--BASE_UNIT_OF_MEASURE","interaction":{"idSuffix":"inner"}},"clearTextFirst":true,"interactionType":"ENTER_TEXT"}]}
RESULT: {"script":"<script> [776 bytes]","args":[{"enterText":"Piece","selector":{"id":"application-manageresources-display-component---newResourceUnit--BASE_UNIT_OF_MEASURE","interaction":{"idSuffix":"inner"}},"clearTextFirst":true,"interactionType":"ENTER_TEXT"}]}
COMMAND: POST /session/4a7493391aacd7fc37792e05064413e7/execute/async - {"script":"<script> [1562 bytes]","args":[{"selector":{"id":"application-manageresources-display-component---newResourceUnit--WEIGHT_UNIT","interaction":{"idSuffix":"inner"}},"wdio_ui5_key":"applicationmanageresources-display-component---newResourceUnit--WEIGHT_UNIT"}]}
RESULT: {"script":"<script> [1562 bytes]","args":[{"selector":{"id":"application-manageresources-display-component---newResourceUnit--WEIGHT_UNIT","interaction":{"idSuffix":"inner"}},"wdio_ui5_key":"applicationmanageresources-display-component---newResourceUnit--WEIGHT_UNIT"}]}
RESULT: undefined
COMMAND: POST /session/4a7493391aacd7fc37792e05064413e7/execute/async - {"script":"<script> [776 bytes]","args":[{"enterText":"Gram","selector":{"id":"application-manageresources-display-component---newResourceUnit--WEIGHT_UNIT","interaction":{"idSuffix":"inner"}},"clearTextFirst":true,"interactionType":"ENTER_TEXT"}]}
RESULT: {"script":"<script> [776 bytes]","args":[{"enterText":"Gram","selector":{"id":"application-manageresources-display-component---newResourceUnit--WEIGHT_UNIT","interaction":{"idSuffix":"inner"}},"clearTextFirst":true,"interactionType":"ENTER_TEXT"}]}
COMMAND: POST /session/4a7493391aacd7fc37792e05064413e7/execute/async - {"script":"<script> [1562 bytes]","args":[{"selector":{"id":"application-manageresources-display-component---newResourceUnit--DIMENSION_UNIT","interaction":{"idSuffix":"inner"}},"wdio_ui5_key":"applicationmanageresources-display-component---newResourceUnit--DIMENSION_UNIT"}]}
RESULT: {"script":"<script> [1562 bytes]","args":[{"selector":{"id":"application-manageresources-display-component---newResourceUnit--DIMENSION_UNIT","interaction":{"idSuffix":"inner"}},"wdio_ui5_key":"applicationmanageresources-display-component---newResourceUnit--DIMENSION_UNIT"}]}
RESULT: undefined
COMMAND: POST /session/4a7493391aacd7fc37792e05064413e7/execute/async - {"script":"<script> [776 bytes]","args":[{"enterText":"Meter","selector":{"id":"application-manageresources-display-component---newResourceUnit--DIMENSION_UNIT","interaction":{"idSuffix":"inner"}},"clearTextFirst":true,"interactionType":"ENTER_TEXT"}]}
RESULT: {"script":"<script> [776 bytes]","args":[{"enterText":"Meter","selector":{"id":"application-manageresources-display-component---newResourceUnit--DIMENSION_UNIT","interaction":{"idSuffix":"inner"}},"clearTextFirst":true,"interactionType":"ENTER_TEXT"}]}
COMMAND: POST /session/4a7493391aacd7fc37792e05064413e7/execute/async - {"script":"<script> [1562 bytes]","args":[{"selector":{"id":"application-manageresources-display-component---newResourceUnit--newRRUPage-anchBar-application-manageresources-display-component---newResourceUnit--control-anchor","interaction":{"idSuffix":"BDI-content"}},"wdio_ui5_key":"applicationmanageresources-display-component---newResourceUnit--newRRUPage-anchBar-application-manageresources-display-component---newResourceUnit--control-anchor"}]}
RESULT: {"script":"<script> [1562 bytes]","args":[{"selector":{"id":"application-manageresources-display-component---newResourceUnit--newRRUPage-anchBar-application-manageresources-display-component---newResourceUnit--control-anchor","interaction":{"idSuffix":"BDI-content"}},"wdio_ui5_key":"applicationmanageresources-display-component---newResourceUnit--newRRUPage-anchBar-application-manageresources-display-component---newResourceUnit--control-anchor"}]}
RESULT: undefined
COMMAND: POST /session/4a7493391aacd7fc37792e05064413e7/element - {"using":"xpath","value":"//*[@id=\"application-manageresources-display-component---newResourceUnit--newRRUPage-anchBar-application-manageresources-display-component---newResourceUnit--control-anchor\"]"}
RESULT: {"using":"xpath","value":"//*[@id=\"application-manageresources-display-component---newResourceUnit--newRRUPage-anchBar-application-manageresources-display-component---newResourceUnit--control-anchor\"]"}
COMMAND: POST /session/4a7493391aacd7fc37792e05064413e7/element/f.E133658EE593DCD45430D97DE730ABAE.d.6BE980C6D56BC8F5BFFB2FD2E837649E.e.9350/click - {}
RESULT: {}
COMMAND: POST /session/4a7493391aacd7fc37792e05064413e7/execute/async - {"script":"<script> [1562 bytes]","args":[{"selector":{"id":"application-manageresources-display-component---newResourceUnit--PLANNING_GROUP","interaction":{"idSuffix":"inner"}},"wdio_ui5_key":"applicationmanageresources-display-component---newResourceUnit--PLANNING_GROUP"}]}
COMMAND: GET /session/4a7493391aacd7fc37792e05064413e7/screenshot - {}
RESULT: {"script":"<script> [1562 bytes]","args":[{"selector":{"id":"application-manageresources-display-component---newResourceUnit--PLANNING_GROUP","interaction":{"idSuffix":"inner"}},"wdio_ui5_key":"applicationmanageresources-display-component---newResourceUnit--PLANNING_GROUP"}]}
RESULT: undefined
COMMAND: POST /session/4a7493391aacd7fc37792e05064413e7/execute/async - {"script":"<script> [776 bytes]","args":[{"enterText":"Heavy Equi","selector":{"id":"application-manageresources-display-component---newResourceUnit--PLANNING_GROUP","interaction":{"idSuffix":"inner"}},"clearTextFirst":true,"interactionType":"ENTER_TEXT"}]}
RESULT: {}
RESULT: {"script":"<script> [776 bytes]","args":[{"enterText":"Heavy Equi","selector":{"id":"application-manageresources-display-component---newResourceUnit--PLANNING_GROUP","interaction":{"idSuffix":"inner"}},"clearTextFirst":true,"interactionType":"ENTER_TEXT"}]}
COMMAND: POST /session/4a7493391aacd7fc37792e05064413e7/execute/async - {"script":"<script> [1562 bytes]","args":[{"selector":{"id":"application-manageresources-display-component---newResourceUnit--ITEM_TYPE-arrow"},"wdio_ui5_key":"applicationmanageresources-display-component---newResourceUnit--ITEM_TYPE-arrow"}]}
RESULT: {"script":"<script> [1562 bytes]","args":[{"selector":{"id":"application-manageresources-display-component---newResourceUnit--ITEM_TYPE-arrow"},"wdio_ui5_key":"applicationmanageresources-display-component---newResourceUnit--ITEM_TYPE-arrow"}]}
RESULT: undefined
COMMAND: POST /session/4a7493391aacd7fc37792e05064413e7/element - {"using":"xpath","value":"//*[@id=\"application-manageresources-display-component---newResourceUnit--ITEM_TYPE-arrow\"]"}
RESULT: {"using":"xpath","value":"//*[@id=\"application-manageresources-display-component---newResourceUnit--ITEM_TYPE-arrow\"]"}
COMMAND: POST /session/4a7493391aacd7fc37792e05064413e7/element/f.E133658EE593DCD45430D97DE730ABAE.d.6BE980C6D56BC8F5BFFB2FD2E837649E.e.9357/click - {}
RESULT: {}
COMMAND: POST /session/4a7493391aacd7fc37792e05064413e7/element - {"using":"xpath","value":"(//span[contains(text(), \"Resource Unit\")])[2]"}
COMMAND: GET /session/4a7493391aacd7fc37792e05064413e7/screenshot - {}
RESULT: {"using":"xpath","value":"(//span[contains(text(), \"Resource Unit\")])[2]"}
COMMAND: POST /session/4a7493391aacd7fc37792e05064413e7/element/f.E133658EE593DCD45430D97DE730ABAE.d.6BE980C6D56BC8F5BFFB2FD2E837649E.e.9358/click - {}
RESULT: {}
RESULT: {}
COMMAND: GET /session/4a7493391aacd7fc37792e05064413e7/screenshot - {}
RESULT: {}
COMMAND: POST /session/4a7493391aacd7fc37792e05064413e7/element - {"using":"css selector","value":"#application-manageresources-display-component---newResourceUnit--btnAddTimeSegment"}
RESULT: {"using":"css selector","value":"#application-manageresources-display-component---newResourceUnit--btnAddTimeSegment"}
COMMAND: GET /session/4a7493391aacd7fc37792e05064413e7/element/f.E133658EE593DCD45430D97DE730ABAE.d.6BE980C6D56BC8F5BFFB2FD2E837649E.e.9359/rect - {}
RESULT: {}
COMMAND: GET /session/4a7493391aacd7fc37792e05064413e7/window/rect - {}
RESULT: {}
COMMAND: POST /session/4a7493391aacd7fc37792e05064413e7/execute/sync - {"script":"<script> [92 bytes]","args":[]}
RESULT: {"script":"<script> [92 bytes]","args":[]}
COMMAND: POST /session/4a7493391aacd7fc37792e05064413e7/actions - {"actions":[{"id":"action31","type":"wheel","parameters":{},"actions":[{"type":"scroll","x":-1888,"y":-32,"deltaX":0,"deltaY":0,"duration":0,"origin":{"element-6066-11e4-a52e-4f735466cecf":"f.E133658EE593DCD45430D97DE730ABAE.d.6BE980C6D56BC8F5BFFB2FD2E837649E.e.9359"}}]}]}
COMMAND: GET /session/4a7493391aacd7fc37792e05064413e7/screenshot - {}
RESULT: {}
COMMAND: POST /session/4a7493391aacd7fc37792e05064413e7/execute/sync - {"script":"<script> [79 bytes]","args":[{"element-6066-11e4-a52e-4f735466cecf":"f.E133658EE593DCD45430D97DE730ABAE.d.6BE980C6D56BC8F5BFFB2FD2E837649E.e.9359","ELEMENT":"f.E133658EE593DCD45430D97DE730ABAE.d.6BE980C6D56BC8F5BFFB2FD2E837649E.e.9359"},{"block":"start","inline":"nearest"}]}
RESULT: {"script":"<script> [79 bytes]","args":[{"element-6066-11e4-a52e-4f735466cecf":"f.E133658EE593DCD45430D97DE730ABAE.d.6BE980C6D56BC8F5BFFB2FD2E837649E.e.9359","ELEMENT":"f.E133658EE593DCD45430D97DE730ABAE.d.6BE980C6D56BC8F5BFFB2FD2E837649E.e.9359"},{"block":"start","inline":"nearest"}]}
COMMAND: POST /session/4a7493391aacd7fc37792e05064413e7/execute/async - {"script":"<script> [1562 bytes]","args":[{"selector":{"id":"application-manageresources-display-component---newResourceUnit--btnAddTimeSegment","interaction":{"idSuffix":"inner"}},"wdio_ui5_key":"applicationmanageresources-display-component---newResourceUnit--btnAddTimeSegment"}]}
COMMAND: GET /session/4a7493391aacd7fc37792e05064413e7/screenshot - {}
RESULT: {"script":"<script> [1562 bytes]","args":[{"selector":{"id":"application-manageresources-display-component---newResourceUnit--btnAddTimeSegment","interaction":{"idSuffix":"inner"}},"wdio_ui5_key":"applicationmanageresources-display-component---newResourceUnit--btnAddTimeSegment"}]}
RESULT: undefined
COMMAND: POST /session/4a7493391aacd7fc37792e05064413e7/element - {"using":"xpath","value":"//*[@id=\"application-manageresources-display-component---newResourceUnit--btnAddTimeSegment\"]"}
RESULT: {}
RESULT: {"using":"xpath","value":"//*[@id=\"application-manageresources-display-component---newResourceUnit--btnAddTimeSegment\"]"}
COMMAND: POST /session/4a7493391aacd7fc37792e05064413e7/element/f.E133658EE593DCD45430D97DE730ABAE.d.6BE980C6D56BC8F5BFFB2FD2E837649E.e.9359/click - {}
RESULT: {}
COMMAND: GET /session/4a7493391aacd7fc37792e05064413e7/screenshot - {}
RESULT: {}
COMMAND: POST /session/4a7493391aacd7fc37792e05064413e7/element - {"using":"xpath","value":"//input[@id=\"application-manageresources-display-component---newResourceUnit--idRuTSAdmin-application-manageresources-display-component---newResourceUnit--RUTimeSegment-0-inner\"]"}
RESULT: {"using":"xpath","value":"//input[@id=\"application-manageresources-display-component---newResourceUnit--idRuTSAdmin-application-manageresources-display-component---newResourceUnit--RUTimeSegment-0-inner\"]"}
COMMAND: POST /session/4a7493391aacd7fc37792e05064413e7/element/f.E133658EE593DCD45430D97DE730ABAE.d.6BE980C6D56BC8F5BFFB2FD2E837649E.e.9365/clear - {}
RESULT: {}
COMMAND: POST /session/4a7493391aacd7fc37792e05064413e7/element/f.E133658EE593DCD45430D97DE730ABAE.d.6BE980C6D56BC8F5BFFB2FD2E837649E.e.9365/value - {"text":"417"}
COMMAND: GET /session/4a7493391aacd7fc37792e05064413e7/screenshot - {}
RESULT: {"text":"417"}
COMMAND: GET /session/4a7493391aacd7fc37792e05064413e7/screenshot - {}
RESULT: {}
RESULT: {}
COMMAND: POST /session/4a7493391aacd7fc37792e05064413e7/element - {"using":"xpath","value":"//li[.//span[text()='417']]"}
RESULT: {"using":"xpath","value":"//li[.//span[text()='417']]"}
COMMAND: POST /session/4a7493391aacd7fc37792e05064413e7/element/f.E133658EE593DCD45430D97DE730ABAE.d.6BE980C6D56BC8F5BFFB2FD2E837649E.e.9377/click - {}
RESULT: {}
COMMAND: GET /session/4a7493391aacd7fc37792e05064413e7/screenshot - {}
RESULT: {}
COMMAND: POST /session/4a7493391aacd7fc37792e05064413e7/element - {"using":"xpath","value":"(//span[contains(@id, \"-application-manageresources-display-component---newResourceUnit--RUTimeSegment-0-arrow\")])[6]"}
RESULT: {"using":"xpath","value":"(//span[contains(@id, \"-application-manageresources-display-component---newResourceUnit--RUTimeSegment-0-arrow\")])[6]"}
COMMAND: POST /session/4a7493391aacd7fc37792e05064413e7/element/f.E133658EE593DCD45430D97DE730ABAE.d.6BE980C6D56BC8F5BFFB2FD2E837649E.e.9378/click - {}
RESULT: {}
COMMAND: POST /session/4a7493391aacd7fc37792e05064413e7/element - {"using":"xpath","value":"//span[contains(text(), \"PM Order\")]"}
COMMAND: GET /session/4a7493391aacd7fc37792e05064413e7/screenshot - {}
RESULT: {"using":"xpath","value":"//span[contains(text(), \"PM Order\")]"}
COMMAND: POST /session/4a7493391aacd7fc37792e05064413e7/element/f.E133658EE593DCD45430D97DE730ABAE.d.6BE980C6D56BC8F5BFFB2FD2E837649E.e.9381/click - {}
RESULT: {}
RESULT: {}
COMMAND: GET /session/4a7493391aacd7fc37792e05064413e7/screenshot - {}
RESULT: {}
COMMAND: POST /session/4a7493391aacd7fc37792e05064413e7/element - {"using":"xpath","value":"(//span[contains(@id ,\"manageresources-display-component---newResourceUnit--RUTimeSegment-0-vhi\")])[1]"}
RESULT: {"using":"xpath","value":"(//span[contains(@id ,\"manageresources-display-component---newResourceUnit--RUTimeSegment-0-vhi\")])[1]"}
COMMAND: GET /session/4a7493391aacd7fc37792e05064413e7/element/f.E133658EE593DCD45430D97DE730ABAE.d.6BE980C6D56BC8F5BFFB2FD2E837649E.e.9385/rect - {}
RESULT: {}
COMMAND: GET /session/4a7493391aacd7fc37792e05064413e7/window/rect - {}
RESULT: {}
COMMAND: POST /session/4a7493391aacd7fc37792e05064413e7/execute/sync - {"script":"<script> [92 bytes]","args":[]}
RESULT: {"script":"<script> [92 bytes]","args":[]}
COMMAND: POST /session/4a7493391aacd7fc37792e05064413e7/actions - {"actions":[{"id":"action32","type":"wheel","parameters":{},"actions":[{"type":"scroll","x":-869,"y":-24,"deltaX":0,"deltaY":0,"duration":0,"origin":{"element-6066-11e4-a52e-4f735466cecf":"f.E133658EE593DCD45430D97DE730ABAE.d.6BE980C6D56BC8F5BFFB2FD2E837649E.e.9385"}}]}]}
COMMAND: GET /session/4a7493391aacd7fc37792e05064413e7/screenshot - {}
RESULT: {"actions":[{"id":"action32","type":"wheel","parameters":{},"actions":[{"type":"scroll","x":-869,"y":-24,"deltaX":0,"deltaY":0,"duration":0,"origin":{"element-6066-11e4-a52e-4f735466cecf":"f.E133658EE593DCD45430D97DE730ABAE.d.6BE980C6D56BC8F5BFFB2FD2E837649E.e.9385"}}]}]}
COMMAND: DELETE /session/4a7493391aacd7fc37792e05064413e7/actions - {}
COMMAND: GET /session/4a7493391aacd7fc37792e05064413e7/screenshot - {}
RESULT: {}
RESULT: {}
COMMAND: GET /session/4a7493391aacd7fc37792e05064413e7/screenshot - {}
RESULT: {}
RESULT: {}
COMMAND: POST /session/4a7493391aacd7fc37792e05064413e7/element/f.E133658EE593DCD45430D97DE730ABAE.d.6BE980C6D56BC8F5BFFB2FD2E837649E.e.9385/click - {}
RESULT: {}
COMMAND: GET /session/4a7493391aacd7fc37792e05064413e7/screenshot - {}
RESULT: {}
RESULT: undefined
COMMAND: POST /session/4a7493391aacd7fc37792e05064413e7/execute/async - {"script":"<script> [776 bytes]","args":[{"enterText":"4000360","selector":{"controlType":"sap.m.SearchField","properties":{"placeholder":"Search"},"searchOpenDialogs":true,"interaction":{"idSuffix":"I"}},"clearTextFirst":true,"interactionType":"ENTER_TEXT"}]}
RESULT: {"script":"<script> [776 bytes]","args":[{"enterText":"4000360","selector":{"controlType":"sap.m.SearchField","properties":{"placeholder":"Search"},"searchOpenDialogs":true,"interaction":{"idSuffix":"I"}},"clearTextFirst":true,"interactionType":"ENTER_TEXT"}]}
COMMAND: POST /session/4a7493391aacd7fc37792e05064413e7/actions - {"actions":[{"id":"action33","type":"key","parameters":{},"actions":[{"type":"keyDown","value":"î€‡"},{"type":"pause","duration":10},{"type":"keyUp","value":"î€‡"}]}]}
RESULT: {"actions":[{"id":"action33","type":"key","parameters":{},"actions":[{"type":"keyDown","value":"î€‡"},{"type":"pause","duration":10},{"type":"keyUp","value":"î€‡"}]}]}
COMMAND: GET /session/4a7493391aacd7fc37792e05064413e7/screenshot - {}
RESULT: {}
COMMAND: POST /session/4a7493391aacd7fc37792e05064413e7/element - {"using":"xpath","value":"//td/div/span[contains(text(), \"BGL Vehicles\")]"}
RESULT: {"using":"xpath","value":"//td/div/span[contains(text(), \"BGL Vehicles\")]"}
COMMAND: POST /session/4a7493391aacd7fc37792e05064413e7/element/f.E133658EE593DCD45430D97DE730ABAE.d.6BE980C6D56BC8F5BFFB2FD2E837649E.e.9404/click - {}
RESULT: {}
COMMAND: GET /session/4a7493391aacd7fc37792e05064413e7/screenshot - {}
RESULT: {}
COMMAND: POST /session/4a7493391aacd7fc37792e05064413e7/element - {"using":"xpath","value":"//bdi[contains(text(), \"OK\")]"}
RESULT: {"using":"xpath","value":"//bdi[contains(text(), \"OK\")]"}
COMMAND: POST /session/4a7493391aacd7fc37792e05064413e7/element/f.E133658EE593DCD45430D97DE730ABAE.d.6BE980C6D56BC8F5BFFB2FD2E837649E.e.9405/click - {}
RESULT: {}
COMMAND: GET /session/4a7493391aacd7fc37792e05064413e7/screenshot - {}
RESULT: {}
COMMAND: POST /session/4a7493391aacd7fc37792e05064413e7/execute/async - {"script":"<script> [1562 bytes]","args":[{"selector":{"id":"application-manageresources-display-component---newResourceUnit--newRRUPage-anchBar-application-manageresources-display-component---newResourceUnit--resource-anchor","interaction":{"idSuffix":"BDI-content"}},"wdio_ui5_key":"applicationmanageresources-display-component---newResourceUnit--newRRUPage-anchBar-application-manageresources-display-component---newResourceUnit--resource-anchor"}]}
RESULT: {"script":"<script> [1562 bytes]","args":[{"selector":{"id":"application-manageresources-display-component---newResourceUnit--newRRUPage-anchBar-application-manageresources-display-component---newResourceUnit--resource-anchor","interaction":{"idSuffix":"BDI-content"}},"wdio_ui5_key":"applicationmanageresources-display-component---newResourceUnit--newRRUPage-anchBar-application-manageresources-display-component---newResourceUnit--resource-anchor"}]}
RESULT: undefined
COMMAND: POST /session/4a7493391aacd7fc37792e05064413e7/element - {"using":"xpath","value":"//*[@id=\"application-manageresources-display-component---newResourceUnit--newRRUPage-anchBar-application-manageresources-display-component---newResourceUnit--resource-anchor\"]"}
RESULT: {"using":"xpath","value":"//*[@id=\"application-manageresources-display-component---newResourceUnit--newRRUPage-anchBar-application-manageresources-display-component---newResourceUnit--resource-anchor\"]"}
COMMAND: POST /session/4a7493391aacd7fc37792e05064413e7/element/f.E133658EE593DCD45430D97DE730ABAE.d.6BE980C6D56BC8F5BFFB2FD2E837649E.e.9409/click - {}
RESULT: {}
COMMAND: POST /session/4a7493391aacd7fc37792e05064413e7/execute/async - {"script":"<script> [1562 bytes]","args":[{"selector":{"id":"application-manageresources-display-component---newResourceUnit--PLANNED_DELIVERY_DATE","interaction":{"idSuffix":"inner"}},"wdio_ui5_key":"applicationmanageresources-display-component---newResourceUnit--PLANNED_DELIVERY_DATE"}]}
COMMAND: GET /session/4a7493391aacd7fc37792e05064413e7/screenshot - {}
RESULT: {"script":"<script> [1562 bytes]","args":[{"selector":{"id":"application-manageresources-display-component---newResourceUnit--PLANNED_DELIVERY_DATE","interaction":{"idSuffix":"inner"}},"wdio_ui5_key":"applicationmanageresources-display-component---newResourceUnit--PLANNED_DELIVERY_DATE"}]}
RESULT: undefined
COMMAND: POST /session/4a7493391aacd7fc37792e05064413e7/execute/async - {"script":"<script> [6424 bytes]","args":[{"element-6066-11e4-a52e-4f735466cecf":"f.E133658EE593DCD45430D97DE730ABAE.d.6BE980C6D56BC8F5BFFB2FD2E837649E.e.9273"},"setValue",["4/29/25"]]}
RESULT: {}
RESULT: {"script":"<script> [6424 bytes]","args":[{"element-6066-11e4-a52e-4f735466cecf":"f.E133658EE593DCD45430D97DE730ABAE.d.6BE980C6D56BC8F5BFFB2FD2E837649E.e.9273"},"setValue",["4/29/25"]]}
COMMAND: POST /session/4a7493391aacd7fc37792e05064413e7/element - {"using":"xpath","value":"//button[@data-kt=\"resourceUnitSaveButton\"]"}
RESULT: {"using":"xpath","value":"//button[@data-kt=\"resourceUnitSaveButton\"]"}
COMMAND: POST /session/4a7493391aacd7fc37792e05064413e7/element/f.E133658EE593DCD45430D97DE730ABAE.d.6BE980C6D56BC8F5BFFB2FD2E837649E.e.9234/click - {}
RESULT: {}
COMMAND: GET /session/4a7493391aacd7fc37792e05064413e7/screenshot - {}
RESULT: {}
COMMAND: POST /session/4a7493391aacd7fc37792e05064413e7/element - {"using":"xpath","value":"//bdi[contains(text(), \"Close\")]"}
RESULT: {"using":"xpath","value":"//bdi[contains(text(), \"Close\")]"}
COMMAND: POST /session/4a7493391aacd7fc37792e05064413e7/element/f.E133658EE593DCD45430D97DE730ABAE.d.6BE980C6D56BC8F5BFFB2FD2E837649E.e.9417/click - {}
RESULT: {}
COMMAND: GET /session/4a7493391aacd7fc37792e05064413e7/screenshot - {}
RESULT: {}
COMMAND: POST /session/4a7493391aacd7fc37792e05064413e7/element - {"using":"xpath","value":"(//button[contains(@id ,\"actionsToolbar-overflowButton\")])[1]"}
RESULT: {"using":"xpath","value":"(//button[contains(@id ,\"actionsToolbar-overflowButton\")])[1]"}
COMMAND: POST /session/4a7493391aacd7fc37792e05064413e7/element/f.E133658EE593DCD45430D97DE730ABAE.d.6BE980C6D56BC8F5BFFB2FD2E837649E.e.9470/click - {}
RESULT: {}
COMMAND: GET /session/4a7493391aacd7fc37792e05064413e7/screenshot - {}
RESULT: {}
COMMAND: POST /session/4a7493391aacd7fc37792e05064413e7/element - {"using":"xpath","value":"//button[@data-kt=\"priceInfoButton\"]"}
RESULT: {"using":"xpath","value":"//button[@data-kt=\"priceInfoButton\"]"}
COMMAND: POST /session/4a7493391aacd7fc37792e05064413e7/element/f.E133658EE593DCD45430D97DE730ABAE.d.6BE980C6D56BC8F5BFFB2FD2E837649E.e.9472/click - {}
RESULT: {}
COMMAND: GET /session/4a7493391aacd7fc37792e05064413e7/screenshot - {}
RESULT: {}
]]></system-out>
    </testcase>
    <testcase classname="chrome.135_0_7049_96.windows.Billing_Transfer_-_Intracompany_US127249" name="Should create a pricing procedure" time="49.459">
      <system-out><![CDATA[
COMMAND: POST /session/4a7493391aacd7fc37792e05064413e7/element - {"using":"xpath","value":"//button[@data-kt=\"addButton\"]"}
RESULT: {"using":"xpath","value":"//button[@data-kt=\"addButton\"]"}
COMMAND: POST /session/4a7493391aacd7fc37792e05064413e7/elements - {"using":"xpath","value":"//button[@data-kt=\"addButton\"]"}
RESULT: {"using":"xpath","value":"//button[@data-kt=\"addButton\"]"}
COMMAND: POST /session/4a7493391aacd7fc37792e05064413e7/elements - {"using":"xpath","value":"//button[@data-kt=\"addButton\"]"}
RESULT: {"using":"xpath","value":"//button[@data-kt=\"addButton\"]"}
COMMAND: POST /session/4a7493391aacd7fc37792e05064413e7/element - {"using":"xpath","value":"//button[@data-kt=\"addButton\"]"}
RESULT: {"using":"xpath","value":"//button[@data-kt=\"addButton\"]"}
COMMAND: POST /session/4a7493391aacd7fc37792e05064413e7/execute/sync - {"script":"<script> [8489 bytes]","args":[{"element-6066-11e4-a52e-4f735466cecf":"f.E133658EE593DCD45430D97DE730ABAE.d.6BE980C6D56BC8F5BFFB2FD2E837649E.e.9508","ELEMENT":"f.E133658EE593DCD45430D97DE730ABAE.d.6BE980C6D56BC8F5BFFB2FD2E837649E.e.9508"}]}
RESULT: {"script":"<script> [8489 bytes]","args":[{"element-6066-11e4-a52e-4f735466cecf":"f.E133658EE593DCD45430D97DE730ABAE.d.6BE980C6D56BC8F5BFFB2FD2E837649E.e.9508","ELEMENT":"f.E133658EE593DCD45430D97DE730ABAE.d.6BE980C6D56BC8F5BFFB2FD2E837649E.e.9508"}]}
COMMAND: GET /session/4a7493391aacd7fc37792e05064413e7/element/f.E133658EE593DCD45430D97DE730ABAE.d.6BE980C6D56BC8F5BFFB2FD2E837649E.e.9508/enabled - {}
COMMAND: GET /session/4a7493391aacd7fc37792e05064413e7/screenshot - {}
RESULT: {}
COMMAND: POST /session/4a7493391aacd7fc37792e05064413e7/execute/sync - {"script":"<script> [8489 bytes]","args":[{"element-6066-11e4-a52e-4f735466cecf":"f.E133658EE593DCD45430D97DE730ABAE.d.6BE980C6D56BC8F5BFFB2FD2E837649E.e.9508","ELEMENT":"f.E133658EE593DCD45430D97DE730ABAE.d.6BE980C6D56BC8F5BFFB2FD2E837649E.e.9508"}]}
COMMAND: GET /session/4a7493391aacd7fc37792e05064413e7/screenshot - {}
RESULT: {}
RESULT: {"script":"<script> [8489 bytes]","args":[{"element-6066-11e4-a52e-4f735466cecf":"f.E133658EE593DCD45430D97DE730ABAE.d.6BE980C6D56BC8F5BFFB2FD2E837649E.e.9508","ELEMENT":"f.E133658EE593DCD45430D97DE730ABAE.d.6BE980C6D56BC8F5BFFB2FD2E837649E.e.9508"}]}
COMMAND: POST /session/4a7493391aacd7fc37792e05064413e7/execute/sync - {"script":"<script> [5351 bytes]","args":[{"element-6066-11e4-a52e-4f735466cecf":"f.E133658EE593DCD45430D97DE730ABAE.d.6BE980C6D56BC8F5BFFB2FD2E837649E.e.9508","ELEMENT":"f.E133658EE593DCD45430D97DE730ABAE.d.6BE980C6D56BC8F5BFFB2FD2E837649E.e.9508"}]}
COMMAND: GET /session/4a7493391aacd7fc37792e05064413e7/screenshot - {}
RESULT: {}
RESULT: {"script":"<script> [5351 bytes]","args":[{"element-6066-11e4-a52e-4f735466cecf":"f.E133658EE593DCD45430D97DE730ABAE.d.6BE980C6D56BC8F5BFFB2FD2E837649E.e.9508","ELEMENT":"f.E133658EE593DCD45430D97DE730ABAE.d.6BE980C6D56BC8F5BFFB2FD2E837649E.e.9508"}]}
COMMAND: POST /session/4a7493391aacd7fc37792e05064413e7/element/f.E133658EE593DCD45430D97DE730ABAE.d.6BE980C6D56BC8F5BFFB2FD2E837649E.e.9508/click - {}
COMMAND: GET /session/4a7493391aacd7fc37792e05064413e7/screenshot - {}
RESULT: {}
RESULT: {}
COMMAND: GET /session/4a7493391aacd7fc37792e05064413e7/screenshot - {}
RESULT: {}
RESULT: {}
COMMAND: POST /session/4a7493391aacd7fc37792e05064413e7/execute/async - {"script":"<script> [1562 bytes]","args":[{"selector":{"controlType":"sap.m.Title","viewName":"etm.portal.ui.managepricingrules.view.NewItem","viewId":"application-managepricingrules-display-component---newInfoPriceItem","properties":{"text":"New Pricing Rules - Item Level"}},"wdio_ui5_key":"etmportal.ui.managepricingrules.view.NewItemsap.m.Title{\"text\":\"New Pricing Rules - Item Level\"}"}]}
RESULT: {"script":"<script> [1562 bytes]","args":[{"selector":{"controlType":"sap.m.Title","viewName":"etm.portal.ui.managepricingrules.view.NewItem","viewId":"application-managepricingrules-display-component---newInfoPriceItem","properties":{"text":"New Pricing Rules - Item Level"}},"wdio_ui5_key":"etmportal.ui.managepricingrules.view.NewItemsap.m.Title{\"text\":\"New Pricing Rules - Item Level\"}"}]}
RESULT: undefined
COMMAND: POST /session/4a7493391aacd7fc37792e05064413e7/execute/async - {"script":"<script> [6424 bytes]","args":[{"element-6066-11e4-a52e-4f735466cecf":"f.E133658EE593DCD45430D97DE730ABAE.d.6BE980C6D56BC8F5BFFB2FD2E837649E.e.9678"},"getText",[]]}
RESULT: {"script":"<script> [6424 bytes]","args":[{"element-6066-11e4-a52e-4f735466cecf":"f.E133658EE593DCD45430D97DE730ABAE.d.6BE980C6D56BC8F5BFFB2FD2E837649E.e.9678"},"getText",[]]}
COMMAND: POST /session/4a7493391aacd7fc37792e05064413e7/execute/async - {"script":"<script> [1562 bytes]","args":[{"selector":{"id":"application-managepricingrules-display-component---newInfoPriceItem--condValidTo","interaction":{"idSuffix":"inner"}},"wdio_ui5_key":"applicationmanagepricingrules-display-component---newInfoPriceItem--condValidTo"}]}
RESULT: {"script":"<script> [1562 bytes]","args":[{"selector":{"id":"application-managepricingrules-display-component---newInfoPriceItem--condValidTo","interaction":{"idSuffix":"inner"}},"wdio_ui5_key":"applicationmanagepricingrules-display-component---newInfoPriceItem--condValidTo"}]}
RESULT: undefined
COMMAND: POST /session/4a7493391aacd7fc37792e05064413e7/execute/async - {"script":"<script> [776 bytes]","args":[{"enterText":"12/29/25","selector":{"id":"application-managepricingrules-display-component---newInfoPriceItem--condValidTo","interaction":{"idSuffix":"inner"}},"clearTextFirst":true,"interactionType":"ENTER_TEXT"}]}
RESULT: {"script":"<script> [776 bytes]","args":[{"enterText":"12/29/25","selector":{"id":"application-managepricingrules-display-component---newInfoPriceItem--condValidTo","interaction":{"idSuffix":"inner"}},"clearTextFirst":true,"interactionType":"ENTER_TEXT"}]}
COMMAND: POST /session/4a7493391aacd7fc37792e05064413e7/execute/async - {"script":"<script> [1562 bytes]","args":[{"selector":{"id":"application-managepricingrules-display-component---newInfoPriceItem--billType-arrow"},"wdio_ui5_key":"applicationmanagepricingrules-display-component---newInfoPriceItem--billType-arrow"}]}
RESULT: {"script":"<script> [1562 bytes]","args":[{"selector":{"id":"application-managepricingrules-display-component---newInfoPriceItem--billType-arrow"},"wdio_ui5_key":"applicationmanagepricingrules-display-component---newInfoPriceItem--billType-arrow"}]}
RESULT: undefined
COMMAND: POST /session/4a7493391aacd7fc37792e05064413e7/element - {"using":"xpath","value":"//*[@id=\"application-managepricingrules-display-component---newInfoPriceItem--billType-arrow\"]"}
RESULT: {"using":"xpath","value":"//*[@id=\"application-managepricingrules-display-component---newInfoPriceItem--billType-arrow\"]"}
COMMAND: POST /session/4a7493391aacd7fc37792e05064413e7/element/f.E133658EE593DCD45430D97DE730ABAE.d.6BE980C6D56BC8F5BFFB2FD2E837649E.e.9638/click - {}
RESULT: {}
COMMAND: POST /session/4a7493391aacd7fc37792e05064413e7/element - {"using":"xpath","value":"//span[contains(text(), \"TB - Time based\")]"}
COMMAND: GET /session/4a7493391aacd7fc37792e05064413e7/screenshot - {}
RESULT: {"using":"xpath","value":"//span[contains(text(), \"TB - Time based\")]"}
COMMAND: POST /session/4a7493391aacd7fc37792e05064413e7/element/f.E133658EE593DCD45430D97DE730ABAE.d.6BE980C6D56BC8F5BFFB2FD2E837649E.e.9680/click - {}
RESULT: {}
RESULT: {}
COMMAND: POST /session/4a7493391aacd7fc37792e05064413e7/execute/async - {"script":"<script> [1562 bytes]","args":[{"selector":{"id":"application-managepricingrules-display-component---newInfoPriceItem--priceProc-arrow"},"wdio_ui5_key":"applicationmanagepricingrules-display-component---newInfoPriceItem--priceProc-arrow"}]}
COMMAND: GET /session/4a7493391aacd7fc37792e05064413e7/screenshot - {}
RESULT: {"script":"<script> [1562 bytes]","args":[{"selector":{"id":"application-managepricingrules-display-component---newInfoPriceItem--priceProc-arrow"},"wdio_ui5_key":"applicationmanagepricingrules-display-component---newInfoPriceItem--priceProc-arrow"}]}
RESULT: undefined
COMMAND: POST /session/4a7493391aacd7fc37792e05064413e7/element - {"using":"xpath","value":"//*[@id=\"application-managepricingrules-display-component---newInfoPriceItem--priceProc-arrow\"]"}
RESULT: {}
RESULT: {"using":"xpath","value":"//*[@id=\"application-managepricingrules-display-component---newInfoPriceItem--priceProc-arrow\"]"}
COMMAND: POST /session/4a7493391aacd7fc37792e05064413e7/element/f.E133658EE593DCD45430D97DE730ABAE.d.6BE980C6D56BC8F5BFFB2FD2E837649E.e.9645/click - {}
RESULT: {}
COMMAND: POST /session/4a7493391aacd7fc37792e05064413e7/element - {"using":"xpath","value":"//span[contains(text(), \"TBS - Time based standard\")]"}
COMMAND: GET /session/4a7493391aacd7fc37792e05064413e7/screenshot - {}
RESULT: {"using":"xpath","value":"//span[contains(text(), \"TBS - Time based standard\")]"}
COMMAND: POST /session/4a7493391aacd7fc37792e05064413e7/element/f.E133658EE593DCD45430D97DE730ABAE.d.6BE980C6D56BC8F5BFFB2FD2E837649E.e.9681/click - {}
RESULT: {}
RESULT: {}
COMMAND: POST /session/4a7493391aacd7fc37792e05064413e7/execute/async - {"script":"<script> [1562 bytes]","args":[{"selector":{"id":"application-managepricingrules-display-component---newInfoPriceItem--calcBase-arrow"},"wdio_ui5_key":"applicationmanagepricingrules-display-component---newInfoPriceItem--calcBase-arrow"}]}
COMMAND: GET /session/4a7493391aacd7fc37792e05064413e7/screenshot - {}
RESULT: {"script":"<script> [1562 bytes]","args":[{"selector":{"id":"application-managepricingrules-display-component---newInfoPriceItem--calcBase-arrow"},"wdio_ui5_key":"applicationmanagepricingrules-display-component---newInfoPriceItem--calcBase-arrow"}]}
RESULT: undefined
COMMAND: POST /session/4a7493391aacd7fc37792e05064413e7/element - {"using":"xpath","value":"//*[@id=\"application-managepricingrules-display-component---newInfoPriceItem--calcBase-arrow\"]"}
RESULT: {}
RESULT: {"using":"xpath","value":"//*[@id=\"application-managepricingrules-display-component---newInfoPriceItem--calcBase-arrow\"]"}
COMMAND: POST /session/4a7493391aacd7fc37792e05064413e7/element/f.E133658EE593DCD45430D97DE730ABAE.d.6BE980C6D56BC8F5BFFB2FD2E837649E.e.9652/click - {}
RESULT: {}
COMMAND: GET /session/4a7493391aacd7fc37792e05064413e7/screenshot - {}
RESULT: {}
COMMAND: POST /session/4a7493391aacd7fc37792e05064413e7/element - {"using":"xpath","value":"//span[contains(text(), \"0006 - TB(calendar days)\")]"}
RESULT: {"using":"xpath","value":"//span[contains(text(), \"0006 - TB(calendar days)\")]"}
COMMAND: POST /session/4a7493391aacd7fc37792e05064413e7/element/f.E133658EE593DCD45430D97DE730ABAE.d.6BE980C6D56BC8F5BFFB2FD2E837649E.e.9682/click - {}
RESULT: {}
COMMAND: GET /session/4a7493391aacd7fc37792e05064413e7/screenshot - {}
RESULT: {}
COMMAND: POST /session/4a7493391aacd7fc37792e05064413e7/execute/async - {"script":"<script> [1562 bytes]","args":[{"selector":{"id":"application-managepricingrules-display-component---newInfoPriceItem--daysMonth","interaction":{"idSuffix":"inner"}},"wdio_ui5_key":"applicationmanagepricingrules-display-component---newInfoPriceItem--daysMonth"}]}
RESULT: {"script":"<script> [1562 bytes]","args":[{"selector":{"id":"application-managepricingrules-display-component---newInfoPriceItem--daysMonth","interaction":{"idSuffix":"inner"}},"wdio_ui5_key":"applicationmanagepricingrules-display-component---newInfoPriceItem--daysMonth"}]}
RESULT: undefined
COMMAND: POST /session/4a7493391aacd7fc37792e05064413e7/execute/async - {"script":"<script> [776 bytes]","args":[{"enterText":"30","selector":{"id":"application-managepricingrules-display-component---newInfoPriceItem--daysMonth","interaction":{"idSuffix":"inner"}},"clearTextFirst":true,"interactionType":"ENTER_TEXT"}]}
RESULT: {"script":"<script> [776 bytes]","args":[{"enterText":"30","selector":{"id":"application-managepricingrules-display-component---newInfoPriceItem--daysMonth","interaction":{"idSuffix":"inner"}},"clearTextFirst":true,"interactionType":"ENTER_TEXT"}]}
COMMAND: POST /session/4a7493391aacd7fc37792e05064413e7/element - {"using":"xpath","value":"//button[@data-kt=\"saveNewRuleButton\"]"}
RESULT: {"using":"xpath","value":"//button[@data-kt=\"saveNewRuleButton\"]"}
COMMAND: POST /session/4a7493391aacd7fc37792e05064413e7/element/f.E133658EE593DCD45430D97DE730ABAE.d.6BE980C6D56BC8F5BFFB2FD2E837649E.e.9672/click - {}
RESULT: {}
COMMAND: GET /session/4a7493391aacd7fc37792e05064413e7/screenshot - {}
RESULT: {}
COMMAND: POST /session/4a7493391aacd7fc37792e05064413e7/execute/async - {"script":"<script> [1562 bytes]","args":[{"selector":{"id":"application-managepricingrules-display-component---priceInfoItem--smartFilterBar-btnBasicSearch","interaction":{"idSuffix":"I"}},"wdio_ui5_key":"applicationmanagepricingrules-display-component---priceInfoItem--smartFilterBar-btnBasicSearch"}]}
RESULT: {"script":"<script> [1562 bytes]","args":[{"selector":{"id":"application-managepricingrules-display-component---priceInfoItem--smartFilterBar-btnBasicSearch","interaction":{"idSuffix":"I"}},"wdio_ui5_key":"applicationmanagepricingrules-display-component---priceInfoItem--smartFilterBar-btnBasicSearch"}]}
RESULT: undefined
COMMAND: POST /session/4a7493391aacd7fc37792e05064413e7/execute/async - {"script":"<script> [776 bytes]","args":[{"enterText":"3tpAfTRDuo","selector":{"id":"application-managepricingrules-display-component---priceInfoItem--smartFilterBar-btnBasicSearch","interaction":{"idSuffix":"I"}},"clearTextFirst":true,"interactionType":"ENTER_TEXT"}]}
RESULT: {"script":"<script> [776 bytes]","args":[{"enterText":"3tpAfTRDuo","selector":{"id":"application-managepricingrules-display-component---priceInfoItem--smartFilterBar-btnBasicSearch","interaction":{"idSuffix":"I"}},"clearTextFirst":true,"interactionType":"ENTER_TEXT"}]}
COMMAND: POST /session/4a7493391aacd7fc37792e05064413e7/actions - {"actions":[{"id":"action34","type":"key","parameters":{},"actions":[{"type":"keyDown","value":"î€‡"},{"type":"pause","duration":10},{"type":"keyUp","value":"î€‡"}]}]}
RESULT: {"actions":[{"id":"action34","type":"key","parameters":{},"actions":[{"type":"keyDown","value":"î€‡"},{"type":"pause","duration":10},{"type":"keyUp","value":"î€‡"}]}]}
COMMAND: GET /session/4a7493391aacd7fc37792e05064413e7/screenshot - {}
RESULT: {}
COMMAND: POST /session/4a7493391aacd7fc37792e05064413e7/element - {"using":"xpath","value":"//span[@id=\"application-managepricingrules-display-component---priceInfoItem--smartTable-header-inner\"]"}
RESULT: {"using":"xpath","value":"//span[@id=\"application-managepricingrules-display-component---priceInfoItem--smartTable-header-inner\"]"}
COMMAND: POST /session/4a7493391aacd7fc37792e05064413e7/elements - {"using":"xpath","value":"//span[@id=\"application-managepricingrules-display-component---priceInfoItem--smartTable-header-inner\"]"}
RESULT: {"using":"xpath","value":"//span[@id=\"application-managepricingrules-display-component---priceInfoItem--smartTable-header-inner\"]"}
COMMAND: POST /session/4a7493391aacd7fc37792e05064413e7/execute/sync - {"script":"<script> [56 bytes]","args":[{"element-6066-11e4-a52e-4f735466cecf":"f.E133658EE593DCD45430D97DE730ABAE.d.6BE980C6D56BC8F5BFFB2FD2E837649E.e.9696","ELEMENT":"f.E133658EE593DCD45430D97DE730ABAE.d.6BE980C6D56BC8F5BFFB2FD2E837649E.e.9696"}]}
RESULT: {"script":"<script> [56 bytes]","args":[{"element-6066-11e4-a52e-4f735466cecf":"f.E133658EE593DCD45430D97DE730ABAE.d.6BE980C6D56BC8F5BFFB2FD2E837649E.e.9696","ELEMENT":"f.E133658EE593DCD45430D97DE730ABAE.d.6BE980C6D56BC8F5BFFB2FD2E837649E.e.9696"}]}
COMMAND: POST /session/4a7493391aacd7fc37792e05064413e7/element - {"using":"css selector","value":"#shell-header-logo"}
COMMAND: GET /session/4a7493391aacd7fc37792e05064413e7/screenshot - {}
RESULT: {"using":"css selector","value":"#shell-header-logo"}
COMMAND: POST /session/4a7493391aacd7fc37792e05064413e7/element/f.E133658EE593DCD45430D97DE730ABAE.d.6BE980C6D56BC8F5BFFB2FD2E837649E.e.8814/click - {}
RESULT: {}
RESULT: {}
COMMAND: GET /session/4a7493391aacd7fc37792e05064413e7/screenshot - {}
RESULT: {}
]]></system-out>
    </testcase>
    <testcase classname="chrome.135_0_7049_96.windows.Billing_Transfer_-_Intracompany_US127249" name="Should manage conditions" time="62.865">
      <system-out><![CDATA[
COMMAND: POST /session/4a7493391aacd7fc37792e05064413e7/execute/async - {"script":"<script> [1562 bytes]","args":[{"selector":{"controlType":"sap.m.Text","properties":{"text":"Manage Conditions & Prices"},"interaction":{"idSuffix":"inner"}},"wdio_ui5_key":"sapm.Text{\"text\":\"Manage Conditions & Prices\"}"}]}
RESULT: {"script":"<script> [1562 bytes]","args":[{"selector":{"controlType":"sap.m.Text","properties":{"text":"Manage Conditions & Prices"},"interaction":{"idSuffix":"inner"}},"wdio_ui5_key":"sapm.Text{\"text\":\"Manage Conditions & Prices\"}"}]}
RESULT: undefined
COMMAND: POST /session/4a7493391aacd7fc37792e05064413e7/element - {"using":"xpath","value":"//*[@id=\"__tile53-title\"]"}
RESULT: {"using":"xpath","value":"//*[@id=\"__tile53-title\"]"}
COMMAND: POST /session/4a7493391aacd7fc37792e05064413e7/element/f.E133658EE593DCD45430D97DE730ABAE.d.6BE980C6D56BC8F5BFFB2FD2E837649E.e.9699/click - {}
RESULT: {}
COMMAND: POST /session/4a7493391aacd7fc37792e05064413e7/element - {"using":"xpath","value":"//button[@aria-label=\"Create\"]"}
COMMAND: GET /session/4a7493391aacd7fc37792e05064413e7/screenshot - {}
RESULT: {"using":"xpath","value":"//button[@aria-label=\"Create\"]"}
COMMAND: POST /session/4a7493391aacd7fc37792e05064413e7/elements - {"using":"xpath","value":"//button[@aria-label=\"Create\"]"}
RESULT: {}
RESULT: {"using":"xpath","value":"//button[@aria-label=\"Create\"]"}
COMMAND: POST /session/4a7493391aacd7fc37792e05064413e7/elements - {"using":"xpath","value":"//button[@aria-label=\"Create\"]"}
RESULT: {"using":"xpath","value":"//button[@aria-label=\"Create\"]"}
COMMAND: POST /session/4a7493391aacd7fc37792e05064413e7/elements - {"using":"xpath","value":"//button[@aria-label=\"Create\"]"}
RESULT: {"using":"xpath","value":"//button[@aria-label=\"Create\"]"}
COMMAND: POST /session/4a7493391aacd7fc37792e05064413e7/elements - {"using":"xpath","value":"//button[@aria-label=\"Create\"]"}
RESULT: {"using":"xpath","value":"//button[@aria-label=\"Create\"]"}
COMMAND: POST /session/4a7493391aacd7fc37792e05064413e7/elements - {"using":"xpath","value":"//button[@aria-label=\"Create\"]"}
RESULT: {"using":"xpath","value":"//button[@aria-label=\"Create\"]"}
COMMAND: POST /session/4a7493391aacd7fc37792e05064413e7/elements - {"using":"xpath","value":"//button[@aria-label=\"Create\"]"}
RESULT: {"using":"xpath","value":"//button[@aria-label=\"Create\"]"}
COMMAND: POST /session/4a7493391aacd7fc37792e05064413e7/element - {"using":"xpath","value":"//button[@aria-label=\"Create\"]"}
RESULT: {"using":"xpath","value":"//button[@aria-label=\"Create\"]"}
COMMAND: POST /session/4a7493391aacd7fc37792e05064413e7/execute/sync - {"script":"<script> [8489 bytes]","args":[{"element-6066-11e4-a52e-4f735466cecf":"f.E133658EE593DCD45430D97DE730ABAE.d.6BE980C6D56BC8F5BFFB2FD2E837649E.e.9733","ELEMENT":"f.E133658EE593DCD45430D97DE730ABAE.d.6BE980C6D56BC8F5BFFB2FD2E837649E.e.9733"}]}
RESULT: {"script":"<script> [8489 bytes]","args":[{"element-6066-11e4-a52e-4f735466cecf":"f.E133658EE593DCD45430D97DE730ABAE.d.6BE980C6D56BC8F5BFFB2FD2E837649E.e.9733","ELEMENT":"f.E133658EE593DCD45430D97DE730ABAE.d.6BE980C6D56BC8F5BFFB2FD2E837649E.e.9733"}]}
COMMAND: GET /session/4a7493391aacd7fc37792e05064413e7/element/f.E133658EE593DCD45430D97DE730ABAE.d.6BE980C6D56BC8F5BFFB2FD2E837649E.e.9733/enabled - {}
COMMAND: GET /session/4a7493391aacd7fc37792e05064413e7/screenshot - {}
RESULT: {}
COMMAND: POST /session/4a7493391aacd7fc37792e05064413e7/execute/sync - {"script":"<script> [8489 bytes]","args":[{"element-6066-11e4-a52e-4f735466cecf":"f.E133658EE593DCD45430D97DE730ABAE.d.6BE980C6D56BC8F5BFFB2FD2E837649E.e.9733","ELEMENT":"f.E133658EE593DCD45430D97DE730ABAE.d.6BE980C6D56BC8F5BFFB2FD2E837649E.e.9733"}]}
COMMAND: GET /session/4a7493391aacd7fc37792e05064413e7/screenshot - {}
RESULT: {}
RESULT: {"script":"<script> [8489 bytes]","args":[{"element-6066-11e4-a52e-4f735466cecf":"f.E133658EE593DCD45430D97DE730ABAE.d.6BE980C6D56BC8F5BFFB2FD2E837649E.e.9733","ELEMENT":"f.E133658EE593DCD45430D97DE730ABAE.d.6BE980C6D56BC8F5BFFB2FD2E837649E.e.9733"}]}
COMMAND: POST /session/4a7493391aacd7fc37792e05064413e7/execute/sync - {"script":"<script> [5351 bytes]","args":[{"element-6066-11e4-a52e-4f735466cecf":"f.E133658EE593DCD45430D97DE730ABAE.d.6BE980C6D56BC8F5BFFB2FD2E837649E.e.9733","ELEMENT":"f.E133658EE593DCD45430D97DE730ABAE.d.6BE980C6D56BC8F5BFFB2FD2E837649E.e.9733"}]}
COMMAND: GET /session/4a7493391aacd7fc37792e05064413e7/screenshot - {}
RESULT: {}
RESULT: {"script":"<script> [5351 bytes]","args":[{"element-6066-11e4-a52e-4f735466cecf":"f.E133658EE593DCD45430D97DE730ABAE.d.6BE980C6D56BC8F5BFFB2FD2E837649E.e.9733","ELEMENT":"f.E133658EE593DCD45430D97DE730ABAE.d.6BE980C6D56BC8F5BFFB2FD2E837649E.e.9733"}]}
COMMAND: POST /session/4a7493391aacd7fc37792e05064413e7/element/f.E133658EE593DCD45430D97DE730ABAE.d.6BE980C6D56BC8F5BFFB2FD2E837649E.e.9733/click - {}
COMMAND: GET /session/4a7493391aacd7fc37792e05064413e7/screenshot - {}
RESULT: {}
RESULT: {}
COMMAND: GET /session/4a7493391aacd7fc37792e05064413e7/screenshot - {}
RESULT: {}
RESULT: {}
COMMAND: POST /session/4a7493391aacd7fc37792e05064413e7/actions - {"actions":[{"id":"action35","type":"key","parameters":{},"actions":[{"type":"keyDown","value":"î€‡"},{"type":"pause","duration":10},{"type":"keyUp","value":"î€‡"}]}]}
RESULT: {"actions":[{"id":"action35","type":"key","parameters":{},"actions":[{"type":"keyDown","value":"î€‡"},{"type":"pause","duration":10},{"type":"keyUp","value":"î€‡"}]}]}
COMMAND: GET /session/4a7493391aacd7fc37792e05064413e7/screenshot - {}
RESULT: {}
COMMAND: POST /session/4a7493391aacd7fc37792e05064413e7/execute/async - {"script":"<script> [1562 bytes]","args":[{"selector":{"id":"application-manageconditionprice-display-component---newCondition--condBillCond-arrow"},"wdio_ui5_key":"applicationmanageconditionprice-display-component---newCondition--condBillCond-arrow"}]}
RESULT: {"script":"<script> [1562 bytes]","args":[{"selector":{"id":"application-manageconditionprice-display-component---newCondition--condBillCond-arrow"},"wdio_ui5_key":"applicationmanageconditionprice-display-component---newCondition--condBillCond-arrow"}]}
RESULT: undefined
COMMAND: POST /session/4a7493391aacd7fc37792e05064413e7/element - {"using":"xpath","value":"//*[@id=\"application-manageconditionprice-display-component---newCondition--condBillCond-arrow\"]"}
RESULT: {"using":"xpath","value":"//*[@id=\"application-manageconditionprice-display-component---newCondition--condBillCond-arrow\"]"}
COMMAND: POST /session/4a7493391aacd7fc37792e05064413e7/element/f.E133658EE593DCD45430D97DE730ABAE.d.6BE980C6D56BC8F5BFFB2FD2E837649E.e.9910/click - {}
RESULT: {}
COMMAND: GET /session/4a7493391aacd7fc37792e05064413e7/screenshot - {}
RESULT: {}
COMMAND: POST /session/4a7493391aacd7fc37792e05064413e7/element - {"using":"xpath","value":"//li[.//span[contains(text(), \"DISP - D&I special price\")]]"}
RESULT: {"using":"xpath","value":"//li[.//span[contains(text(), \"DISP - D&I special price\")]]"}
COMMAND: POST /session/4a7493391aacd7fc37792e05064413e7/element/f.E133658EE593DCD45430D97DE730ABAE.d.6BE980C6D56BC8F5BFFB2FD2E837649E.e.9913/click - {}
RESULT: {}
COMMAND: GET /session/4a7493391aacd7fc37792e05064413e7/screenshot - {}
RESULT: {}
COMMAND: POST /session/4a7493391aacd7fc37792e05064413e7/execute/async - {"script":"<script> [1562 bytes]","args":[{"selector":{"id":"application-manageconditionprice-display-component---newCondition--condValidTo","interaction":{"idSuffix":"inner"}},"wdio_ui5_key":"applicationmanageconditionprice-display-component---newCondition--condValidTo"}]}
RESULT: {"script":"<script> [1562 bytes]","args":[{"selector":{"id":"application-manageconditionprice-display-component---newCondition--condValidTo","interaction":{"idSuffix":"inner"}},"wdio_ui5_key":"applicationmanageconditionprice-display-component---newCondition--condValidTo"}]}
RESULT: undefined
COMMAND: POST /session/4a7493391aacd7fc37792e05064413e7/execute/async - {"script":"<script> [776 bytes]","args":[{"enterText":"12/29/25","selector":{"id":"application-manageconditionprice-display-component---newCondition--condValidTo","interaction":{"idSuffix":"inner"}},"clearTextFirst":true,"interactionType":"ENTER_TEXT"}]}
RESULT: {"script":"<script> [776 bytes]","args":[{"enterText":"12/29/25","selector":{"id":"application-manageconditionprice-display-component---newCondition--condValidTo","interaction":{"idSuffix":"inner"}},"clearTextFirst":true,"interactionType":"ENTER_TEXT"}]}
COMMAND: POST /session/4a7493391aacd7fc37792e05064413e7/element - {"using":"xpath","value":"//input[@id=\"application-manageconditionprice-display-component---newCondition--condRU-inner\"]"}
RESULT: {"using":"xpath","value":"//input[@id=\"application-manageconditionprice-display-component---newCondition--condRU-inner\"]"}
COMMAND: POST /session/4a7493391aacd7fc37792e05064413e7/element/f.E133658EE593DCD45430D97DE730ABAE.d.6BE980C6D56BC8F5BFFB2FD2E837649E.e.9775/clear - {}
RESULT: {}
COMMAND: POST /session/4a7493391aacd7fc37792e05064413e7/element/f.E133658EE593DCD45430D97DE730ABAE.d.6BE980C6D56BC8F5BFFB2FD2E837649E.e.9775/value - {"text":"3tpAfTRDuo"}
COMMAND: GET /session/4a7493391aacd7fc37792e05064413e7/screenshot - {}
RESULT: {"text":"3tpAfTRDuo"}
COMMAND: GET /session/4a7493391aacd7fc37792e05064413e7/screenshot - {}
RESULT: {}
RESULT: {}
COMMAND: POST /session/4a7493391aacd7fc37792e05064413e7/actions - {"actions":[{"id":"action36","type":"key","parameters":{},"actions":[{"type":"keyDown","value":"î€‡"},{"type":"pause","duration":10},{"type":"keyUp","value":"î€‡"}]}]}
RESULT: {"actions":[{"id":"action36","type":"key","parameters":{},"actions":[{"type":"keyDown","value":"î€‡"},{"type":"pause","duration":10},{"type":"keyUp","value":"î€‡"}]}]}
COMMAND: POST /session/4a7493391aacd7fc37792e05064413e7/execute/async - {"script":"<script> [1562 bytes]","args":[{"selector":{"id":"application-manageconditionprice-display-component---newCondition--condBaseQty","interaction":{"idSuffix":"inner"}},"wdio_ui5_key":"applicationmanageconditionprice-display-component---newCondition--condBaseQty"}]}
COMMAND: GET /session/4a7493391aacd7fc37792e05064413e7/screenshot - {}
RESULT: {"script":"<script> [1562 bytes]","args":[{"selector":{"id":"application-manageconditionprice-display-component---newCondition--condBaseQty","interaction":{"idSuffix":"inner"}},"wdio_ui5_key":"applicationmanageconditionprice-display-component---newCondition--condBaseQty"}]}
RESULT: undefined
COMMAND: POST /session/4a7493391aacd7fc37792e05064413e7/execute/async - {"script":"<script> [776 bytes]","args":[{"enterText":"1","selector":{"id":"application-manageconditionprice-display-component---newCondition--condBaseQty","interaction":{"idSuffix":"inner"}},"clearTextFirst":true,"interactionType":"ENTER_TEXT"}]}
RESULT: {}
RESULT: {"script":"<script> [776 bytes]","args":[{"enterText":"1","selector":{"id":"application-manageconditionprice-display-component---newCondition--condBaseQty","interaction":{"idSuffix":"inner"}},"clearTextFirst":true,"interactionType":"ENTER_TEXT"}]}
COMMAND: POST /session/4a7493391aacd7fc37792e05064413e7/execute/async - {"script":"<script> [1562 bytes]","args":[{"selector":{"id":"application-manageconditionprice-display-component---newCondition--condValue","interaction":{"idSuffix":"inner"}},"wdio_ui5_key":"applicationmanageconditionprice-display-component---newCondition--condValue"}]}
RESULT: {"script":"<script> [1562 bytes]","args":[{"selector":{"id":"application-manageconditionprice-display-component---newCondition--condValue","interaction":{"idSuffix":"inner"}},"wdio_ui5_key":"applicationmanageconditionprice-display-component---newCondition--condValue"}]}
RESULT: undefined
COMMAND: POST /session/4a7493391aacd7fc37792e05064413e7/execute/async - {"script":"<script> [776 bytes]","args":[{"enterText":"200","selector":{"id":"application-manageconditionprice-display-component---newCondition--condValue","interaction":{"idSuffix":"inner"}},"clearTextFirst":true,"interactionType":"ENTER_TEXT"}]}
RESULT: {"script":"<script> [776 bytes]","args":[{"enterText":"200","selector":{"id":"application-manageconditionprice-display-component---newCondition--condValue","interaction":{"idSuffix":"inner"}},"clearTextFirst":true,"interactionType":"ENTER_TEXT"}]}
COMMAND: POST /session/4a7493391aacd7fc37792e05064413e7/execute/async - {"script":"<script> [1562 bytes]","args":[{"selector":{"id":"application-manageconditionprice-display-component---newCondition--condCurr-arrow"},"wdio_ui5_key":"applicationmanageconditionprice-display-component---newCondition--condCurr-arrow"}]}
RESULT: {"script":"<script> [1562 bytes]","args":[{"selector":{"id":"application-manageconditionprice-display-component---newCondition--condCurr-arrow"},"wdio_ui5_key":"applicationmanageconditionprice-display-component---newCondition--condCurr-arrow"}]}
RESULT: undefined
COMMAND: POST /session/4a7493391aacd7fc37792e05064413e7/element - {"using":"xpath","value":"//*[@id=\"application-manageconditionprice-display-component---newCondition--condCurr-arrow\"]"}
RESULT: {"using":"xpath","value":"//*[@id=\"application-manageconditionprice-display-component---newCondition--condCurr-arrow\"]"}
COMMAND: POST /session/4a7493391aacd7fc37792e05064413e7/element/f.E133658EE593DCD45430D97DE730ABAE.d.6BE980C6D56BC8F5BFFB2FD2E837649E.e.9877/click - {}
RESULT: {}
COMMAND: POST /session/4a7493391aacd7fc37792e05064413e7/element - {"using":"xpath","value":"//span[contains(text(), \"Euro\")]"}
COMMAND: GET /session/4a7493391aacd7fc37792e05064413e7/screenshot - {}
RESULT: {"using":"xpath","value":"//span[contains(text(), \"Euro\")]"}
COMMAND: POST /session/4a7493391aacd7fc37792e05064413e7/element/f.E133658EE593DCD45430D97DE730ABAE.d.6BE980C6D56BC8F5BFFB2FD2E837649E.e.9950/click - {}
RESULT: {}
RESULT: {}
COMMAND: POST /session/4a7493391aacd7fc37792e05064413e7/element - {"using":"xpath","value":"//button[@data-kt=\"saveButton\"]"}
COMMAND: GET /session/4a7493391aacd7fc37792e05064413e7/screenshot - {}
RESULT: {"using":"xpath","value":"//button[@data-kt=\"saveButton\"]"}
COMMAND: POST /session/4a7493391aacd7fc37792e05064413e7/element/f.E133658EE593DCD45430D97DE730ABAE.d.6BE980C6D56BC8F5BFFB2FD2E837649E.e.9878/click - {}
RESULT: {}
RESULT: {}
COMMAND: GET /session/4a7493391aacd7fc37792e05064413e7/screenshot - {}
RESULT: {}
COMMAND: POST /session/4a7493391aacd7fc37792e05064413e7/execute/async - {"script":"<script> [1562 bytes]","args":[{"selector":{"id":"application-manageconditionprice-display-component---conditions--smartFilterBar-btnBasicSearch","interaction":{"idSuffix":"I"}},"wdio_ui5_key":"applicationmanageconditionprice-display-component---conditions--smartFilterBar-btnBasicSearch"}]}
RESULT: {"script":"<script> [1562 bytes]","args":[{"selector":{"id":"application-manageconditionprice-display-component---conditions--smartFilterBar-btnBasicSearch","interaction":{"idSuffix":"I"}},"wdio_ui5_key":"applicationmanageconditionprice-display-component---conditions--smartFilterBar-btnBasicSearch"}]}
RESULT: undefined
COMMAND: POST /session/4a7493391aacd7fc37792e05064413e7/execute/async - {"script":"<script> [776 bytes]","args":[{"enterText":"3tpAfTRDuo","selector":{"id":"application-manageconditionprice-display-component---conditions--smartFilterBar-btnBasicSearch","interaction":{"idSuffix":"I"}},"clearTextFirst":true,"interactionType":"ENTER_TEXT"}]}
RESULT: {"script":"<script> [776 bytes]","args":[{"enterText":"3tpAfTRDuo","selector":{"id":"application-manageconditionprice-display-component---conditions--smartFilterBar-btnBasicSearch","interaction":{"idSuffix":"I"}},"clearTextFirst":true,"interactionType":"ENTER_TEXT"}]}
COMMAND: POST /session/4a7493391aacd7fc37792e05064413e7/actions - {"actions":[{"id":"action37","type":"key","parameters":{},"actions":[{"type":"keyDown","value":"î€‡"},{"type":"pause","duration":10},{"type":"keyUp","value":"î€‡"}]}]}
RESULT: {"actions":[{"id":"action37","type":"key","parameters":{},"actions":[{"type":"keyDown","value":"î€‡"},{"type":"pause","duration":10},{"type":"keyUp","value":"î€‡"}]}]}
COMMAND: GET /session/4a7493391aacd7fc37792e05064413e7/screenshot - {}
RESULT: {}
COMMAND: POST /session/4a7493391aacd7fc37792e05064413e7/execute/async - {"script":"<script> [1562 bytes]","args":[{"selector":{"id":"application-manageconditionprice-display-component---conditions--smartFilterBar-filterItemControl_BASIC-BILL_TYPES-vhi"},"wdio_ui5_key":"applicationmanageconditionprice-display-component---conditions--smartFilterBar-filterItemControl_BASIC-BILL_TYPES-vhi"}]}
RESULT: {"script":"<script> [1562 bytes]","args":[{"selector":{"id":"application-manageconditionprice-display-component---conditions--smartFilterBar-filterItemControl_BASIC-BILL_TYPES-vhi"},"wdio_ui5_key":"applicationmanageconditionprice-display-component---conditions--smartFilterBar-filterItemControl_BASIC-BILL_TYPES-vhi"}]}
RESULT: undefined
COMMAND: POST /session/4a7493391aacd7fc37792e05064413e7/element - {"using":"xpath","value":"//*[@id=\"application-manageconditionprice-display-component---conditions--smartFilterBar-filterItemControl_BASIC-BILL_TYPES-vhi\"]"}
RESULT: {"using":"xpath","value":"//*[@id=\"application-manageconditionprice-display-component---conditions--smartFilterBar-filterItemControl_BASIC-BILL_TYPES-vhi\"]"}
COMMAND: POST /session/4a7493391aacd7fc37792e05064413e7/element/f.E133658EE593DCD45430D97DE730ABAE.d.6BE980C6D56BC8F5BFFB2FD2E837649E.e.9966/click - {}
RESULT: {}
COMMAND: POST /session/4a7493391aacd7fc37792e05064413e7/execute/async - {"script":"<script> [1562 bytes]","args":[{"selector":{"id":"application-manageconditionprice-display-component---conditions--smartFilterBar-filterItemControl_BASIC-BILL_TYPES-valueHelpDialog-smartFilterBar-btnBasicSearch","searchOpenDialogs":true,"interaction":{"idSuffix":"I"}},"wdio_ui5_key":"applicationmanageconditionprice-display-component---conditions--smartFilterBar-filterItemControl_BASIC-BILL_TYPES-valueHelpDialog-smartFilterBar-btnBasicSearch"}]}
COMMAND: GET /session/4a7493391aacd7fc37792e05064413e7/screenshot - {}
RESULT: {"script":"<script> [1562 bytes]","args":[{"selector":{"id":"application-manageconditionprice-display-component---conditions--smartFilterBar-filterItemControl_BASIC-BILL_TYPES-valueHelpDialog-smartFilterBar-btnBasicSearch","searchOpenDialogs":true,"interaction":{"idSuffix":"I"}},"wdio_ui5_key":"applicationmanageconditionprice-display-component---conditions--smartFilterBar-filterItemControl_BASIC-BILL_TYPES-valueHelpDialog-smartFilterBar-btnBasicSearch"}]}
RESULT: undefined
COMMAND: POST /session/4a7493391aacd7fc37792e05064413e7/execute/async - {"script":"<script> [776 bytes]","args":[{"enterText":"TB","selector":{"id":"application-manageconditionprice-display-component---conditions--smartFilterBar-filterItemControl_BASIC-BILL_TYPES-valueHelpDialog-smartFilterBar-btnBasicSearch","searchOpenDialogs":true,"interaction":{"idSuffix":"I"}},"clearTextFirst":true,"interactionType":"ENTER_TEXT"}]}
RESULT: {}
RESULT: {"script":"<script> [776 bytes]","args":[{"enterText":"TB","selector":{"id":"application-manageconditionprice-display-component---conditions--smartFilterBar-filterItemControl_BASIC-BILL_TYPES-valueHelpDialog-smartFilterBar-btnBasicSearch","searchOpenDialogs":true,"interaction":{"idSuffix":"I"}},"clearTextFirst":true,"interactionType":"ENTER_TEXT"}]}
COMMAND: POST /session/4a7493391aacd7fc37792e05064413e7/actions - {"actions":[{"id":"action38","type":"key","parameters":{},"actions":[{"type":"keyDown","value":"î€‡"},{"type":"pause","duration":10},{"type":"keyUp","value":"î€‡"}]}]}
RESULT: {"actions":[{"id":"action38","type":"key","parameters":{},"actions":[{"type":"keyDown","value":"î€‡"},{"type":"pause","duration":10},{"type":"keyUp","value":"î€‡"}]}]}
COMMAND: GET /session/4a7493391aacd7fc37792e05064413e7/screenshot - {}
RESULT: {}
COMMAND: POST /session/4a7493391aacd7fc37792e05064413e7/element - {"using":"xpath","value":"//div[contains(@id, 'application-manageconditionprice-display-component---conditions--smartFilterBar-filterItemControl_BASIC-BILL_TYPES-valueHelpDialog-table-rowsel0')]"}
RESULT: {"using":"xpath","value":"//div[contains(@id, 'application-manageconditionprice-display-component---conditions--smartFilterBar-filterItemControl_BASIC-BILL_TYPES-valueHelpDialog-table-rowsel0')]"}
COMMAND: POST /session/4a7493391aacd7fc37792e05064413e7/element/f.E133658EE593DCD45430D97DE730ABAE.d.6BE980C6D56BC8F5BFFB2FD2E837649E.e.9975/click - {}
RESULT: {}
COMMAND: GET /session/4a7493391aacd7fc37792e05064413e7/screenshot - {}
RESULT: {}
COMMAND: POST /session/4a7493391aacd7fc37792e05064413e7/element - {"using":"xpath","value":"//bdi[contains(text(), \"OK\")]"}
RESULT: {"using":"xpath","value":"//bdi[contains(text(), \"OK\")]"}
COMMAND: POST /session/4a7493391aacd7fc37792e05064413e7/element/f.E133658EE593DCD45430D97DE730ABAE.d.6BE980C6D56BC8F5BFFB2FD2E837649E.e.9977/click - {}
RESULT: {}
COMMAND: GET /session/4a7493391aacd7fc37792e05064413e7/screenshot - {}
RESULT: {}
COMMAND: POST /session/4a7493391aacd7fc37792e05064413e7/element - {"using":"xpath","value":"//span[@id=\"application-manageconditionprice-display-component---conditions--smartTable-header-inner\"]"}
RESULT: {"using":"xpath","value":"//span[@id=\"application-manageconditionprice-display-component---conditions--smartTable-header-inner\"]"}
COMMAND: POST /session/4a7493391aacd7fc37792e05064413e7/elements - {"using":"xpath","value":"//span[@id=\"application-manageconditionprice-display-component---conditions--smartTable-header-inner\"]"}
RESULT: {"using":"xpath","value":"//span[@id=\"application-manageconditionprice-display-component---conditions--smartTable-header-inner\"]"}
COMMAND: POST /session/4a7493391aacd7fc37792e05064413e7/execute/sync - {"script":"<script> [56 bytes]","args":[{"element-6066-11e4-a52e-4f735466cecf":"f.E133658EE593DCD45430D97DE730ABAE.d.6BE980C6D56BC8F5BFFB2FD2E837649E.e.9980","ELEMENT":"f.E133658EE593DCD45430D97DE730ABAE.d.6BE980C6D56BC8F5BFFB2FD2E837649E.e.9980"}]}
RESULT: {"script":"<script> [56 bytes]","args":[{"element-6066-11e4-a52e-4f735466cecf":"f.E133658EE593DCD45430D97DE730ABAE.d.6BE980C6D56BC8F5BFFB2FD2E837649E.e.9980","ELEMENT":"f.E133658EE593DCD45430D97DE730ABAE.d.6BE980C6D56BC8F5BFFB2FD2E837649E.e.9980"}]}
COMMAND: POST /session/4a7493391aacd7fc37792e05064413e7/element - {"using":"css selector","value":"#shell-header-logo"}
COMMAND: GET /session/4a7493391aacd7fc37792e05064413e7/screenshot - {}
RESULT: {"using":"css selector","value":"#shell-header-logo"}
COMMAND: POST /session/4a7493391aacd7fc37792e05064413e7/element/f.E133658EE593DCD45430D97DE730ABAE.d.6BE980C6D56BC8F5BFFB2FD2E837649E.e.9701/click - {}
RESULT: {}
RESULT: {}
COMMAND: GET /session/4a7493391aacd7fc37792e05064413e7/screenshot - {}
RESULT: {}
]]></system-out>
    </testcase>
    <testcase classname="chrome.135_0_7049_96.windows.Billing_Transfer_-_Intracompany_US127249" name="Should do a stock increase handover" time="78.195">
      <system-out><![CDATA[
COMMAND: POST /session/4a7493391aacd7fc37792e05064413e7/execute/async - {"script":"<script> [1562 bytes]","args":[{"selector":{"controlType":"sap.m.Text","viewName":"etm.portal.ui.managehandoverstile.view.Master","properties":{"text":"Manage Handovers"},"interaction":{"idSuffix":"inner"}},"wdio_ui5_key":"etmportal.ui.managehandoverstile.view.Mastersap.m.Text{\"text\":\"Manage Handovers\"}"}]}
RESULT: {"script":"<script> [1562 bytes]","args":[{"selector":{"controlType":"sap.m.Text","viewName":"etm.portal.ui.managehandoverstile.view.Master","properties":{"text":"Manage Handovers"},"interaction":{"idSuffix":"inner"}},"wdio_ui5_key":"etmportal.ui.managehandoverstile.view.Mastersap.m.Text{\"text\":\"Manage Handovers\"}"}]}
RESULT: undefined
COMMAND: POST /session/4a7493391aacd7fc37792e05064413e7/element - {"using":"xpath","value":"//*[@id=\"__tile132-title\"]"}
RESULT: {"using":"xpath","value":"//*[@id=\"__tile132-title\"]"}
COMMAND: POST /session/4a7493391aacd7fc37792e05064413e7/element/f.E133658EE593DCD45430D97DE730ABAE.d.6BE980C6D56BC8F5BFFB2FD2E837649E.e.9985/click - {}
RESULT: {}
COMMAND: POST /session/4a7493391aacd7fc37792e05064413e7/element - {"using":"xpath","value":"//button[@data-kt=\"masterHOAddButton\"]"}
COMMAND: GET /session/4a7493391aacd7fc37792e05064413e7/screenshot - {}
RESULT: {"using":"xpath","value":"//button[@data-kt=\"masterHOAddButton\"]"}
COMMAND: POST /session/4a7493391aacd7fc37792e05064413e7/elements - {"using":"xpath","value":"//button[@data-kt=\"masterHOAddButton\"]"}
RESULT: {}
RESULT: {"using":"xpath","value":"//button[@data-kt=\"masterHOAddButton\"]"}
COMMAND: POST /session/4a7493391aacd7fc37792e05064413e7/elements - {"using":"xpath","value":"//button[@data-kt=\"masterHOAddButton\"]"}
RESULT: {"using":"xpath","value":"//button[@data-kt=\"masterHOAddButton\"]"}
COMMAND: POST /session/4a7493391aacd7fc37792e05064413e7/elements - {"using":"xpath","value":"//button[@data-kt=\"masterHOAddButton\"]"}
RESULT: {"using":"xpath","value":"//button[@data-kt=\"masterHOAddButton\"]"}
COMMAND: POST /session/4a7493391aacd7fc37792e05064413e7/elements - {"using":"xpath","value":"//button[@data-kt=\"masterHOAddButton\"]"}
RESULT: {"using":"xpath","value":"//button[@data-kt=\"masterHOAddButton\"]"}
COMMAND: POST /session/4a7493391aacd7fc37792e05064413e7/elements - {"using":"xpath","value":"//button[@data-kt=\"masterHOAddButton\"]"}
RESULT: {"using":"xpath","value":"//button[@data-kt=\"masterHOAddButton\"]"}
COMMAND: POST /session/4a7493391aacd7fc37792e05064413e7/elements - {"using":"xpath","value":"//button[@data-kt=\"masterHOAddButton\"]"}
RESULT: {"using":"xpath","value":"//button[@data-kt=\"masterHOAddButton\"]"}
COMMAND: POST /session/4a7493391aacd7fc37792e05064413e7/elements - {"using":"xpath","value":"//button[@data-kt=\"masterHOAddButton\"]"}
RESULT: {"using":"xpath","value":"//button[@data-kt=\"masterHOAddButton\"]"}
COMMAND: POST /session/4a7493391aacd7fc37792e05064413e7/elements - {"using":"xpath","value":"//button[@data-kt=\"masterHOAddButton\"]"}
RESULT: {"using":"xpath","value":"//button[@data-kt=\"masterHOAddButton\"]"}
COMMAND: POST /session/4a7493391aacd7fc37792e05064413e7/elements - {"using":"xpath","value":"//button[@data-kt=\"masterHOAddButton\"]"}
RESULT: {"using":"xpath","value":"//button[@data-kt=\"masterHOAddButton\"]"}
COMMAND: POST /session/4a7493391aacd7fc37792e05064413e7/elements - {"using":"xpath","value":"//button[@data-kt=\"masterHOAddButton\"]"}
RESULT: {"using":"xpath","value":"//button[@data-kt=\"masterHOAddButton\"]"}
COMMAND: POST /session/4a7493391aacd7fc37792e05064413e7/elements - {"using":"xpath","value":"//button[@data-kt=\"masterHOAddButton\"]"}
RESULT: {"using":"xpath","value":"//button[@data-kt=\"masterHOAddButton\"]"}
COMMAND: POST /session/4a7493391aacd7fc37792e05064413e7/elements - {"using":"xpath","value":"//button[@data-kt=\"masterHOAddButton\"]"}
RESULT: {"using":"xpath","value":"//button[@data-kt=\"masterHOAddButton\"]"}
COMMAND: POST /session/4a7493391aacd7fc37792e05064413e7/elements - {"using":"xpath","value":"//button[@data-kt=\"masterHOAddButton\"]"}
RESULT: {"using":"xpath","value":"//button[@data-kt=\"masterHOAddButton\"]"}
COMMAND: POST /session/4a7493391aacd7fc37792e05064413e7/elements - {"using":"xpath","value":"//button[@data-kt=\"masterHOAddButton\"]"}
RESULT: {"using":"xpath","value":"//button[@data-kt=\"masterHOAddButton\"]"}
COMMAND: POST /session/4a7493391aacd7fc37792e05064413e7/elements - {"using":"xpath","value":"//button[@data-kt=\"masterHOAddButton\"]"}
RESULT: {"using":"xpath","value":"//button[@data-kt=\"masterHOAddButton\"]"}
COMMAND: POST /session/4a7493391aacd7fc37792e05064413e7/elements - {"using":"xpath","value":"//button[@data-kt=\"masterHOAddButton\"]"}
RESULT: {"using":"xpath","value":"//button[@data-kt=\"masterHOAddButton\"]"}
COMMAND: POST /session/4a7493391aacd7fc37792e05064413e7/elements - {"using":"xpath","value":"//button[@data-kt=\"masterHOAddButton\"]"}
RESULT: {"using":"xpath","value":"//button[@data-kt=\"masterHOAddButton\"]"}
COMMAND: POST /session/4a7493391aacd7fc37792e05064413e7/element - {"using":"xpath","value":"//button[@data-kt=\"masterHOAddButton\"]"}
RESULT: {"using":"xpath","value":"//button[@data-kt=\"masterHOAddButton\"]"}
COMMAND: POST /session/4a7493391aacd7fc37792e05064413e7/execute/sync - {"script":"<script> [8489 bytes]","args":[{"element-6066-11e4-a52e-4f735466cecf":"f.E133658EE593DCD45430D97DE730ABAE.d.6BE980C6D56BC8F5BFFB2FD2E837649E.e.10020","ELEMENT":"f.E133658EE593DCD45430D97DE730ABAE.d.6BE980C6D56BC8F5BFFB2FD2E837649E.e.10020"}]}
RESULT: {"script":"<script> [8489 bytes]","args":[{"element-6066-11e4-a52e-4f735466cecf":"f.E133658EE593DCD45430D97DE730ABAE.d.6BE980C6D56BC8F5BFFB2FD2E837649E.e.10020","ELEMENT":"f.E133658EE593DCD45430D97DE730ABAE.d.6BE980C6D56BC8F5BFFB2FD2E837649E.e.10020"}]}
COMMAND: GET /session/4a7493391aacd7fc37792e05064413e7/element/f.E133658EE593DCD45430D97DE730ABAE.d.6BE980C6D56BC8F5BFFB2FD2E837649E.e.10020/enabled - {}
COMMAND: GET /session/4a7493391aacd7fc37792e05064413e7/screenshot - {}
RESULT: {}
COMMAND: POST /session/4a7493391aacd7fc37792e05064413e7/execute/sync - {"script":"<script> [8489 bytes]","args":[{"element-6066-11e4-a52e-4f735466cecf":"f.E133658EE593DCD45430D97DE730ABAE.d.6BE980C6D56BC8F5BFFB2FD2E837649E.e.10020","ELEMENT":"f.E133658EE593DCD45430D97DE730ABAE.d.6BE980C6D56BC8F5BFFB2FD2E837649E.e.10020"}]}
COMMAND: GET /session/4a7493391aacd7fc37792e05064413e7/screenshot - {}
RESULT: {}
RESULT: {"script":"<script> [8489 bytes]","args":[{"element-6066-11e4-a52e-4f735466cecf":"f.E133658EE593DCD45430D97DE730ABAE.d.6BE980C6D56BC8F5BFFB2FD2E837649E.e.10020","ELEMENT":"f.E133658EE593DCD45430D97DE730ABAE.d.6BE980C6D56BC8F5BFFB2FD2E837649E.e.10020"}]}
COMMAND: POST /session/4a7493391aacd7fc37792e05064413e7/execute/sync - {"script":"<script> [5351 bytes]","args":[{"element-6066-11e4-a52e-4f735466cecf":"f.E133658EE593DCD45430D97DE730ABAE.d.6BE980C6D56BC8F5BFFB2FD2E837649E.e.10020","ELEMENT":"f.E133658EE593DCD45430D97DE730ABAE.d.6BE980C6D56BC8F5BFFB2FD2E837649E.e.10020"}]}
COMMAND: GET /session/4a7493391aacd7fc37792e05064413e7/screenshot - {}
RESULT: {}
RESULT: {"script":"<script> [5351 bytes]","args":[{"element-6066-11e4-a52e-4f735466cecf":"f.E133658EE593DCD45430D97DE730ABAE.d.6BE980C6D56BC8F5BFFB2FD2E837649E.e.10020","ELEMENT":"f.E133658EE593DCD45430D97DE730ABAE.d.6BE980C6D56BC8F5BFFB2FD2E837649E.e.10020"}]}
COMMAND: POST /session/4a7493391aacd7fc37792e05064413e7/element/f.E133658EE593DCD45430D97DE730ABAE.d.6BE980C6D56BC8F5BFFB2FD2E837649E.e.10020/click - {}
COMMAND: GET /session/4a7493391aacd7fc37792e05064413e7/screenshot - {}
RESULT: {}
RESULT: {}
COMMAND: GET /session/4a7493391aacd7fc37792e05064413e7/screenshot - {}
RESULT: {}
RESULT: {}
COMMAND: POST /session/4a7493391aacd7fc37792e05064413e7/element - {"using":"xpath","value":"//span[contains(@id ,\"AddNewHO--typeSelect-arrow\")]"}
RESULT: {"using":"xpath","value":"//span[contains(@id ,\"AddNewHO--typeSelect-arrow\")]"}
COMMAND: POST /session/4a7493391aacd7fc37792e05064413e7/element/f.E133658EE593DCD45430D97DE730ABAE.d.6BE980C6D56BC8F5BFFB2FD2E837649E.e.10376/click - {}
RESULT: {}
COMMAND: GET /session/4a7493391aacd7fc37792e05064413e7/screenshot - {}
RESULT: {}
COMMAND: POST /session/4a7493391aacd7fc37792e05064413e7/element - {"using":"xpath","value":"(//li[contains(text(), \"stock increase yard\")])[1]"}
RESULT: {"using":"xpath","value":"(//li[contains(text(), \"stock increase yard\")])[1]"}
COMMAND: POST /session/4a7493391aacd7fc37792e05064413e7/element/f.E133658EE593DCD45430D97DE730ABAE.d.6BE980C6D56BC8F5BFFB2FD2E837649E.e.10377/click - {}
RESULT: {}
COMMAND: GET /session/4a7493391aacd7fc37792e05064413e7/screenshot - {}
RESULT: {}
COMMAND: POST /session/4a7493391aacd7fc37792e05064413e7/execute/async - {"script":"<script> [1562 bytes]","args":[{"selector":{"id":"application-managehandovers-display-component---AddNewHO--dueDate","interaction":{"idSuffix":"inner"}},"wdio_ui5_key":"applicationmanagehandovers-display-component---AddNewHO--dueDate"}]}
RESULT: {"script":"<script> [1562 bytes]","args":[{"selector":{"id":"application-managehandovers-display-component---AddNewHO--dueDate","interaction":{"idSuffix":"inner"}},"wdio_ui5_key":"applicationmanagehandovers-display-component---AddNewHO--dueDate"}]}
RESULT: undefined
COMMAND: POST /session/4a7493391aacd7fc37792e05064413e7/execute/async - {"script":"<script> [6424 bytes]","args":[{"element-6066-11e4-a52e-4f735466cecf":"f.E133658EE593DCD45430D97DE730ABAE.d.6BE980C6D56BC8F5BFFB2FD2E837649E.e.10379"},"setValue",["04/29/2025"]]}
RESULT: {"script":"<script> [6424 bytes]","args":[{"element-6066-11e4-a52e-4f735466cecf":"f.E133658EE593DCD45430D97DE730ABAE.d.6BE980C6D56BC8F5BFFB2FD2E837649E.e.10379"},"setValue",["04/29/2025"]]}
COMMAND: POST /session/4a7493391aacd7fc37792e05064413e7/element - {"using":"xpath","value":"//input[@id=\"generalSectionFrg--receiveYard-inner\"]"}
RESULT: {"using":"xpath","value":"//input[@id=\"generalSectionFrg--receiveYard-inner\"]"}
COMMAND: POST /session/4a7493391aacd7fc37792e05064413e7/element/f.E133658EE593DCD45430D97DE730ABAE.d.6BE980C6D56BC8F5BFFB2FD2E837649E.e.10385/clear - {}
RESULT: {}
COMMAND: POST /session/4a7493391aacd7fc37792e05064413e7/element/f.E133658EE593DCD45430D97DE730ABAE.d.6BE980C6D56BC8F5BFFB2FD2E837649E.e.10385/value - {"text":"417"}
COMMAND: GET /session/4a7493391aacd7fc37792e05064413e7/screenshot - {}
RESULT: {"text":"417"}
COMMAND: GET /session/4a7493391aacd7fc37792e05064413e7/screenshot - {}
RESULT: {}
RESULT: {}
COMMAND: POST /session/4a7493391aacd7fc37792e05064413e7/element - {"using":"xpath","value":"//li[.//span[text()='417']]"}
RESULT: {"using":"xpath","value":"//li[.//span[text()='417']]"}
COMMAND: POST /session/4a7493391aacd7fc37792e05064413e7/element/f.E133658EE593DCD45430D97DE730ABAE.d.6BE980C6D56BC8F5BFFB2FD2E837649E.e.10402/click - {}
RESULT: {}
COMMAND: GET /session/4a7493391aacd7fc37792e05064413e7/screenshot - {}
RESULT: {}
COMMAND: POST /session/4a7493391aacd7fc37792e05064413e7/execute/async - {"script":"<script> [1562 bytes]","args":[{"selector":{"id":"application-managehandovers-display-component---AddNewHO--ObjectPageLayout-anchBar-application-managehandovers-display-component---AddNewHO--section4-anchor","interaction":{"idSuffix":"BDI-content"}},"wdio_ui5_key":"applicationmanagehandovers-display-component---AddNewHO--ObjectPageLayout-anchBar-application-managehandovers-display-component---AddNewHO--section4-anchor"}]}
RESULT: {"script":"<script> [1562 bytes]","args":[{"selector":{"id":"application-managehandovers-display-component---AddNewHO--ObjectPageLayout-anchBar-application-managehandovers-display-component---AddNewHO--section4-anchor","interaction":{"idSuffix":"BDI-content"}},"wdio_ui5_key":"applicationmanagehandovers-display-component---AddNewHO--ObjectPageLayout-anchBar-application-managehandovers-display-component---AddNewHO--section4-anchor"}]}
RESULT: undefined
COMMAND: POST /session/4a7493391aacd7fc37792e05064413e7/element - {"using":"xpath","value":"//*[@id=\"application-managehandovers-display-component---AddNewHO--ObjectPageLayout-anchBar-application-managehandovers-display-component---AddNewHO--section4-anchor\"]"}
RESULT: {"using":"xpath","value":"//*[@id=\"application-managehandovers-display-component---AddNewHO--ObjectPageLayout-anchBar-application-managehandovers-display-component---AddNewHO--section4-anchor\"]"}
COMMAND: POST /session/4a7493391aacd7fc37792e05064413e7/element/f.E133658EE593DCD45430D97DE730ABAE.d.6BE980C6D56BC8F5BFFB2FD2E837649E.e.10404/click - {}
RESULT: {}
COMMAND: POST /session/4a7493391aacd7fc37792e05064413e7/element - {"using":"xpath","value":"//button[@aria-label=\"Add\"]"}
COMMAND: GET /session/4a7493391aacd7fc37792e05064413e7/screenshot - {}
RESULT: {"using":"xpath","value":"//button[@aria-label=\"Add\"]"}
COMMAND: POST /session/4a7493391aacd7fc37792e05064413e7/element/f.E133658EE593DCD45430D97DE730ABAE.d.6BE980C6D56BC8F5BFFB2FD2E837649E.e.10406/click - {}
RESULT: {}
RESULT: {}
COMMAND: GET /session/4a7493391aacd7fc37792e05064413e7/screenshot - {}
RESULT: {}
COMMAND: POST /session/4a7493391aacd7fc37792e05064413e7/execute/async - {"script":"<script> [1562 bytes]","args":[{"selector":{"id":"application-managehandovers-display-component---AddNewHO--smartFilterBar-btnBasicSearch","searchOpenDialogs":true,"interaction":{"idSuffix":"I"}},"wdio_ui5_key":"applicationmanagehandovers-display-component---AddNewHO--smartFilterBar-btnBasicSearch"}]}
RESULT: {"script":"<script> [1562 bytes]","args":[{"selector":{"id":"application-managehandovers-display-component---AddNewHO--smartFilterBar-btnBasicSearch","searchOpenDialogs":true,"interaction":{"idSuffix":"I"}},"wdio_ui5_key":"applicationmanagehandovers-display-component---AddNewHO--smartFilterBar-btnBasicSearch"}]}
RESULT: undefined
COMMAND: POST /session/4a7493391aacd7fc37792e05064413e7/execute/async - {"script":"<script> [776 bytes]","args":[{"enterText":"3tpAfTRDuo","selector":{"id":"application-managehandovers-display-component---AddNewHO--smartFilterBar-btnBasicSearch","searchOpenDialogs":true,"interaction":{"idSuffix":"I"}},"clearTextFirst":true,"interactionType":"ENTER_TEXT"}]}
RESULT: {"script":"<script> [776 bytes]","args":[{"enterText":"3tpAfTRDuo","selector":{"id":"application-managehandovers-display-component---AddNewHO--smartFilterBar-btnBasicSearch","searchOpenDialogs":true,"interaction":{"idSuffix":"I"}},"clearTextFirst":true,"interactionType":"ENTER_TEXT"}]}
COMMAND: POST /session/4a7493391aacd7fc37792e05064413e7/actions - {"actions":[{"id":"action39","type":"key","parameters":{},"actions":[{"type":"keyDown","value":"î€‡"},{"type":"pause","duration":10},{"type":"keyUp","value":"î€‡"}]}]}
RESULT: {"actions":[{"id":"action39","type":"key","parameters":{},"actions":[{"type":"keyDown","value":"î€‡"},{"type":"pause","duration":10},{"type":"keyUp","value":"î€‡"}]}]}
COMMAND: GET /session/4a7493391aacd7fc37792e05064413e7/screenshot - {}
RESULT: {}
COMMAND: POST /session/4a7493391aacd7fc37792e05064413e7/execute/async - {"script":"<script> [1562 bytes]","args":[{"selector":{"id":"application-managehandovers-display-component---AddNewHO--popup-sa","searchOpenDialogs":true,"interaction":{"idSuffix":"CbBg"}},"wdio_ui5_key":"applicationmanagehandovers-display-component---AddNewHO--popup-sa"}]}
RESULT: {"script":"<script> [1562 bytes]","args":[{"selector":{"id":"application-managehandovers-display-component---AddNewHO--popup-sa","searchOpenDialogs":true,"interaction":{"idSuffix":"CbBg"}},"wdio_ui5_key":"applicationmanagehandovers-display-component---AddNewHO--popup-sa"}]}
RESULT: undefined
COMMAND: POST /session/4a7493391aacd7fc37792e05064413e7/element - {"using":"xpath","value":"//*[@id=\"application-managehandovers-display-component---AddNewHO--popup-sa\"]"}
RESULT: {"using":"xpath","value":"//*[@id=\"application-managehandovers-display-component---AddNewHO--popup-sa\"]"}
COMMAND: POST /session/4a7493391aacd7fc37792e05064413e7/element/f.E133658EE593DCD45430D97DE730ABAE.d.6BE980C6D56BC8F5BFFB2FD2E837649E.e.10559/click - {}
RESULT: {}
COMMAND: GET /session/4a7493391aacd7fc37792e05064413e7/screenshot - {}
RESULT: {}
COMMAND: POST /session/4a7493391aacd7fc37792e05064413e7/element - {"using":"xpath","value":"//bdi[contains(text(), \"Select\")]"}
RESULT: {"using":"xpath","value":"//bdi[contains(text(), \"Select\")]"}
COMMAND: POST /session/4a7493391aacd7fc37792e05064413e7/element/f.E133658EE593DCD45430D97DE730ABAE.d.6BE980C6D56BC8F5BFFB2FD2E837649E.e.10560/click - {}
RESULT: {}
COMMAND: GET /session/4a7493391aacd7fc37792e05064413e7/screenshot - {}
RESULT: {}
COMMAND: POST /session/4a7493391aacd7fc37792e05064413e7/element - {"using":"xpath","value":"//button[@data-kt=\"AddNewHOSaveButton\"]"}
RESULT: {"using":"xpath","value":"//button[@data-kt=\"AddNewHOSaveButton\"]"}
COMMAND: POST /session/4a7493391aacd7fc37792e05064413e7/element/f.E133658EE593DCD45430D97DE730ABAE.d.6BE980C6D56BC8F5BFFB2FD2E837649E.e.10564/click - {}
RESULT: {}
COMMAND: GET /session/4a7493391aacd7fc37792e05064413e7/screenshot - {}
RESULT: {}
COMMAND: POST /session/4a7493391aacd7fc37792e05064413e7/execute/async - {"script":"<script> [1562 bytes]","args":[{"selector":{"id":"receiptDatePicker","viewName":"etm.portal.ui.managehandovers.view.DetailExecuteHO","interaction":{"idSuffix":"inner"}},"wdio_ui5_key":"receiptDatePickeretmportal.ui.managehandovers.view.DetailExecuteHO"}]}
RESULT: {"script":"<script> [1562 bytes]","args":[{"selector":{"id":"receiptDatePicker","viewName":"etm.portal.ui.managehandovers.view.DetailExecuteHO","interaction":{"idSuffix":"inner"}},"wdio_ui5_key":"receiptDatePickeretmportal.ui.managehandovers.view.DetailExecuteHO"}]}
RESULT: undefined
COMMAND: POST /session/4a7493391aacd7fc37792e05064413e7/execute/async - {"script":"<script> [6424 bytes]","args":[{"element-6066-11e4-a52e-4f735466cecf":"f.E133658EE593DCD45430D97DE730ABAE.d.6BE980C6D56BC8F5BFFB2FD2E837649E.e.10594"},"setValue",["04/29/2025"]]}
RESULT: {"script":"<script> [6424 bytes]","args":[{"element-6066-11e4-a52e-4f735466cecf":"f.E133658EE593DCD45430D97DE730ABAE.d.6BE980C6D56BC8F5BFFB2FD2E837649E.e.10594"},"setValue",["04/29/2025"]]}
COMMAND: POST /session/4a7493391aacd7fc37792e05064413e7/element - {"using":"xpath","value":"//button[@data-kt=\"PickingTableConfirmAllButton\"]"}
RESULT: {"using":"xpath","value":"//button[@data-kt=\"PickingTableConfirmAllButton\"]"}
COMMAND: POST /session/4a7493391aacd7fc37792e05064413e7/element/f.E133658EE593DCD45430D97DE730ABAE.d.6BE980C6D56BC8F5BFFB2FD2E837649E.e.10609/click - {}
RESULT: {}
COMMAND: GET /session/4a7493391aacd7fc37792e05064413e7/screenshot - {}
RESULT: {}
COMMAND: POST /session/4a7493391aacd7fc37792e05064413e7/element - {"using":"xpath","value":"//bdi[contains(text(), \"OK\")]"}
RESULT: {"using":"xpath","value":"//bdi[contains(text(), \"OK\")]"}
COMMAND: POST /session/4a7493391aacd7fc37792e05064413e7/element/f.E133658EE593DCD45430D97DE730ABAE.d.6BE980C6D56BC8F5BFFB2FD2E837649E.e.10611/click - {}
RESULT: {}
COMMAND: GET /session/4a7493391aacd7fc37792e05064413e7/screenshot - {}
RESULT: {}
COMMAND: POST /session/4a7493391aacd7fc37792e05064413e7/element - {"using":"xpath","value":"(//bdi[contains(text(), \"Receive\")])[2]"}
RESULT: {"using":"xpath","value":"(//bdi[contains(text(), \"Receive\")])[2]"}
COMMAND: POST /session/4a7493391aacd7fc37792e05064413e7/element/f.E133658EE593DCD45430D97DE730ABAE.d.6BE980C6D56BC8F5BFFB2FD2E837649E.e.10613/click - {}
RESULT: {}
COMMAND: GET /session/4a7493391aacd7fc37792e05064413e7/screenshot - {}
RESULT: {}
COMMAND: POST /session/4a7493391aacd7fc37792e05064413e7/element - {"using":"css selector","value":"#shell-header-logo"}
RESULT: {"using":"css selector","value":"#shell-header-logo"}
COMMAND: POST /session/4a7493391aacd7fc37792e05064413e7/element/f.E133658EE593DCD45430D97DE730ABAE.d.6BE980C6D56BC8F5BFFB2FD2E837649E.e.9987/click - {}
RESULT: {}
COMMAND: GET /session/4a7493391aacd7fc37792e05064413e7/screenshot - {}
RESULT: {}
]]></system-out>
    </testcase>
    <testcase classname="chrome.135_0_7049_96.windows.Billing_Transfer_-_Intracompany_US127249" name="Should create a new contract" time="53.031">
      <system-out><![CDATA[
COMMAND: POST /session/4a7493391aacd7fc37792e05064413e7/execute/async - {"script":"<script> [1562 bytes]","args":[{"selector":{"controlType":"sap.m.Text","viewName":"etm.portal.ui.managecontractstile.view.Master","properties":{"text":"Manage Contracts"},"interaction":{"idSuffix":"inner"}},"wdio_ui5_key":"etmportal.ui.managecontractstile.view.Mastersap.m.Text{\"text\":\"Manage Contracts\"}"}]}
RESULT: {"script":"<script> [1562 bytes]","args":[{"selector":{"controlType":"sap.m.Text","viewName":"etm.portal.ui.managecontractstile.view.Master","properties":{"text":"Manage Contracts"},"interaction":{"idSuffix":"inner"}},"wdio_ui5_key":"etmportal.ui.managecontractstile.view.Mastersap.m.Text{\"text\":\"Manage Contracts\"}"}]}
RESULT: undefined
COMMAND: POST /session/4a7493391aacd7fc37792e05064413e7/element - {"using":"xpath","value":"//*[@id=\"__tile130-title\"]"}
RESULT: {"using":"xpath","value":"//*[@id=\"__tile130-title\"]"}
COMMAND: POST /session/4a7493391aacd7fc37792e05064413e7/element/f.E133658EE593DCD45430D97DE730ABAE.d.6BE980C6D56BC8F5BFFB2FD2E837649E.e.10784/click - {}
RESULT: {}
COMMAND: GET /session/4a7493391aacd7fc37792e05064413e7/screenshot - {}
RESULT: {}
COMMAND: POST /session/4a7493391aacd7fc37792e05064413e7/element - {"using":"xpath","value":"//button[@data-kt=\"addButton\"]"}
RESULT: {"using":"xpath","value":"//button[@data-kt=\"addButton\"]"}
COMMAND: POST /session/4a7493391aacd7fc37792e05064413e7/elements - {"using":"xpath","value":"//button[@data-kt=\"addButton\"]"}
RESULT: {"using":"xpath","value":"//button[@data-kt=\"addButton\"]"}
COMMAND: POST /session/4a7493391aacd7fc37792e05064413e7/execute/sync - {"script":"<script> [8489 bytes]","args":[{"element-6066-11e4-a52e-4f735466cecf":"f.E133658EE593DCD45430D97DE730ABAE.d.6BE980C6D56BC8F5BFFB2FD2E837649E.e.10858","ELEMENT":"f.E133658EE593DCD45430D97DE730ABAE.d.6BE980C6D56BC8F5BFFB2FD2E837649E.e.10858"}]}
RESULT: {"script":"<script> [8489 bytes]","args":[{"element-6066-11e4-a52e-4f735466cecf":"f.E133658EE593DCD45430D97DE730ABAE.d.6BE980C6D56BC8F5BFFB2FD2E837649E.e.10858","ELEMENT":"f.E133658EE593DCD45430D97DE730ABAE.d.6BE980C6D56BC8F5BFFB2FD2E837649E.e.10858"}]}
COMMAND: GET /session/4a7493391aacd7fc37792e05064413e7/element/f.E133658EE593DCD45430D97DE730ABAE.d.6BE980C6D56BC8F5BFFB2FD2E837649E.e.10858/enabled - {}
COMMAND: GET /session/4a7493391aacd7fc37792e05064413e7/screenshot - {}
RESULT: {}
COMMAND: POST /session/4a7493391aacd7fc37792e05064413e7/execute/sync - {"script":"<script> [8489 bytes]","args":[{"element-6066-11e4-a52e-4f735466cecf":"f.E133658EE593DCD45430D97DE730ABAE.d.6BE980C6D56BC8F5BFFB2FD2E837649E.e.10858","ELEMENT":"f.E133658EE593DCD45430D97DE730ABAE.d.6BE980C6D56BC8F5BFFB2FD2E837649E.e.10858"}]}
COMMAND: GET /session/4a7493391aacd7fc37792e05064413e7/screenshot - {}
RESULT: {}
RESULT: {"script":"<script> [8489 bytes]","args":[{"element-6066-11e4-a52e-4f735466cecf":"f.E133658EE593DCD45430D97DE730ABAE.d.6BE980C6D56BC8F5BFFB2FD2E837649E.e.10858","ELEMENT":"f.E133658EE593DCD45430D97DE730ABAE.d.6BE980C6D56BC8F5BFFB2FD2E837649E.e.10858"}]}
COMMAND: POST /session/4a7493391aacd7fc37792e05064413e7/execute/sync - {"script":"<script> [5351 bytes]","args":[{"element-6066-11e4-a52e-4f735466cecf":"f.E133658EE593DCD45430D97DE730ABAE.d.6BE980C6D56BC8F5BFFB2FD2E837649E.e.10858","ELEMENT":"f.E133658EE593DCD45430D97DE730ABAE.d.6BE980C6D56BC8F5BFFB2FD2E837649E.e.10858"}]}
COMMAND: GET /session/4a7493391aacd7fc37792e05064413e7/screenshot - {}
RESULT: {}
RESULT: {"script":"<script> [5351 bytes]","args":[{"element-6066-11e4-a52e-4f735466cecf":"f.E133658EE593DCD45430D97DE730ABAE.d.6BE980C6D56BC8F5BFFB2FD2E837649E.e.10858","ELEMENT":"f.E133658EE593DCD45430D97DE730ABAE.d.6BE980C6D56BC8F5BFFB2FD2E837649E.e.10858"}]}
COMMAND: GET /session/4a7493391aacd7fc37792e05064413e7/screenshot - {}
RESULT: {}
RESULT: {}
COMMAND: POST /session/4a7493391aacd7fc37792e05064413e7/element/f.E133658EE593DCD45430D97DE730ABAE.d.6BE980C6D56BC8F5BFFB2FD2E837649E.e.10858/click - {}
RESULT: {}
COMMAND: GET /session/4a7493391aacd7fc37792e05064413e7/screenshot - {}
COMMAND: POST /session/4a7493391aacd7fc37792e05064413e7/execute/async - {"script":"<script> [1562 bytes]","args":[{"selector":{"id":"application-managecontracts-display-component---AddNewContract--projectDescription","interaction":{"idSuffix":"inner"}},"wdio_ui5_key":"applicationmanagecontracts-display-component---AddNewContract--projectDescription"}]}
RESULT: {}
RESULT: {"script":"<script> [1562 bytes]","args":[{"selector":{"id":"application-managecontracts-display-component---AddNewContract--projectDescription","interaction":{"idSuffix":"inner"}},"wdio_ui5_key":"applicationmanagecontracts-display-component---AddNewContract--projectDescription"}]}
RESULT: undefined
COMMAND: POST /session/4a7493391aacd7fc37792e05064413e7/execute/async - {"script":"<script> [776 bytes]","args":[{"enterText":"Contract WDIO","selector":{"id":"application-managecontracts-display-component---AddNewContract--projectDescription","interaction":{"idSuffix":"inner"}},"clearTextFirst":true,"interactionType":"ENTER_TEXT"}]}
RESULT: {"script":"<script> [776 bytes]","args":[{"enterText":"Contract WDIO","selector":{"id":"application-managecontracts-display-component---AddNewContract--projectDescription","interaction":{"idSuffix":"inner"}},"clearTextFirst":true,"interactionType":"ENTER_TEXT"}]}
COMMAND: POST /session/4a7493391aacd7fc37792e05064413e7/element - {"using":"xpath","value":"//input[@id=\"application-managecontracts-display-component---AddNewContract--site-inner\"]"}
RESULT: {"using":"xpath","value":"//input[@id=\"application-managecontracts-display-component---AddNewContract--site-inner\"]"}
COMMAND: POST /session/4a7493391aacd7fc37792e05064413e7/element/f.E133658EE593DCD45430D97DE730ABAE.d.6BE980C6D56BC8F5BFFB2FD2E837649E.e.11154/clear - {}
RESULT: {}
COMMAND: POST /session/4a7493391aacd7fc37792e05064413e7/element/f.E133658EE593DCD45430D97DE730ABAE.d.6BE980C6D56BC8F5BFFB2FD2E837649E.e.11154/value - {"text":"2257"}
COMMAND: GET /session/4a7493391aacd7fc37792e05064413e7/screenshot - {}
RESULT: {"text":"2257"}
COMMAND: GET /session/4a7493391aacd7fc37792e05064413e7/screenshot - {}
RESULT: {}
RESULT: {}
COMMAND: POST /session/4a7493391aacd7fc37792e05064413e7/element - {"using":"xpath","value":"//li[.//span[text()='2257']]"}
RESULT: {"using":"xpath","value":"//li[.//span[text()='2257']]"}
COMMAND: POST /session/4a7493391aacd7fc37792e05064413e7/element/f.E133658EE593DCD45430D97DE730ABAE.d.6BE980C6D56BC8F5BFFB2FD2E837649E.e.11178/click - {}
RESULT: {}
COMMAND: GET /session/4a7493391aacd7fc37792e05064413e7/screenshot - {}
RESULT: {}
COMMAND: POST /session/4a7493391aacd7fc37792e05064413e7/element - {"using":"xpath","value":"//input[@id=\"application-managecontracts-display-component---AddNewContract--yardId-inner\"]"}
RESULT: {"using":"xpath","value":"//input[@id=\"application-managecontracts-display-component---AddNewContract--yardId-inner\"]"}
COMMAND: GET /session/4a7493391aacd7fc37792e05064413e7/element/f.E133658EE593DCD45430D97DE730ABAE.d.6BE980C6D56BC8F5BFFB2FD2E837649E.e.11155/property/value - {}
RESULT: {}
COMMAND: POST /session/4a7493391aacd7fc37792e05064413e7/element - {"using":"xpath","value":"//input[@id=\"application-managecontracts-display-component---AddNewContract--customerSelect-inner\"]"}
COMMAND: GET /session/4a7493391aacd7fc37792e05064413e7/screenshot - {}
RESULT: {"using":"xpath","value":"//input[@id=\"application-managecontracts-display-component---AddNewContract--customerSelect-inner\"]"}
COMMAND: POST /session/4a7493391aacd7fc37792e05064413e7/element/f.E133658EE593DCD45430D97DE730ABAE.d.6BE980C6D56BC8F5BFFB2FD2E837649E.e.11153/clear - {}
RESULT: {}
RESULT: {}
COMMAND: POST /session/4a7493391aacd7fc37792e05064413e7/element/f.E133658EE593DCD45430D97DE730ABAE.d.6BE980C6D56BC8F5BFFB2FD2E837649E.e.11153/value - {"text":"1286"}
COMMAND: GET /session/4a7493391aacd7fc37792e05064413e7/screenshot - {}
RESULT: {"text":"1286"}
COMMAND: GET /session/4a7493391aacd7fc37792e05064413e7/screenshot - {}
RESULT: {}
RESULT: {}
COMMAND: POST /session/4a7493391aacd7fc37792e05064413e7/element - {"using":"xpath","value":"//li[.//span[text()='1286']]"}
RESULT: {"using":"xpath","value":"//li[.//span[text()='1286']]"}
COMMAND: POST /session/4a7493391aacd7fc37792e05064413e7/element/f.E133658EE593DCD45430D97DE730ABAE.d.6BE980C6D56BC8F5BFFB2FD2E837649E.e.11181/click - {}
RESULT: {}
COMMAND: GET /session/4a7493391aacd7fc37792e05064413e7/screenshot - {}
RESULT: {}
COMMAND: POST /session/4a7493391aacd7fc37792e05064413e7/element - {"using":"xpath","value":"//button[@data-kt=\"saveButton\"]"}
RESULT: {"using":"xpath","value":"//button[@data-kt=\"saveButton\"]"}
COMMAND: POST /session/4a7493391aacd7fc37792e05064413e7/element/f.E133658EE593DCD45430D97DE730ABAE.d.6BE980C6D56BC8F5BFFB2FD2E837649E.e.11171/click - {}
RESULT: {}
COMMAND: GET /session/4a7493391aacd7fc37792e05064413e7/screenshot - {}
RESULT: {}
COMMAND: POST /session/4a7493391aacd7fc37792e05064413e7/element - {"using":"xpath","value":"//span[contains(@id ,\"contractDetailTitleNoExpanded\")]"}
RESULT: {"using":"xpath","value":"//span[contains(@id ,\"contractDetailTitleNoExpanded\")]"}
COMMAND: POST /session/4a7493391aacd7fc37792e05064413e7/elements - {"using":"xpath","value":"//span[contains(@id ,\"contractDetailTitleNoExpanded\")]"}
RESULT: {"using":"xpath","value":"//span[contains(@id ,\"contractDetailTitleNoExpanded\")]"}
COMMAND: POST /session/4a7493391aacd7fc37792e05064413e7/execute/sync - {"script":"<script> [56 bytes]","args":[{"element-6066-11e4-a52e-4f735466cecf":"f.E133658EE593DCD45430D97DE730ABAE.d.6BE980C6D56BC8F5BFFB2FD2E837649E.e.11253","ELEMENT":"f.E133658EE593DCD45430D97DE730ABAE.d.6BE980C6D56BC8F5BFFB2FD2E837649E.e.11253"}]}
RESULT: {"script":"<script> [56 bytes]","args":[{"element-6066-11e4-a52e-4f735466cecf":"f.E133658EE593DCD45430D97DE730ABAE.d.6BE980C6D56BC8F5BFFB2FD2E837649E.e.11253","ELEMENT":"f.E133658EE593DCD45430D97DE730ABAE.d.6BE980C6D56BC8F5BFFB2FD2E837649E.e.11253"}]}
COMMAND: GET /session/4a7493391aacd7fc37792e05064413e7/screenshot - {}
RESULT: {}
]]></system-out>
    </testcase>
    <testcase classname="chrome.135_0_7049_96.windows.Billing_Transfer_-_Intracompany_US127249" name="Should add equipment to the contract" time="50.248">
      <system-out><![CDATA[
COMMAND: POST /session/4a7493391aacd7fc37792e05064413e7/element - {"using":"xpath","value":"//button[@data-kt=\"contractDetailEditBtnButton\"]"}
RESULT: {"using":"xpath","value":"//button[@data-kt=\"contractDetailEditBtnButton\"]"}
COMMAND: POST /session/4a7493391aacd7fc37792e05064413e7/element/f.E133658EE593DCD45430D97DE730ABAE.d.6BE980C6D56BC8F5BFFB2FD2E837649E.e.11255/click - {}
RESULT: {}
COMMAND: GET /session/4a7493391aacd7fc37792e05064413e7/screenshot - {}
RESULT: {}
COMMAND: POST /session/4a7493391aacd7fc37792e05064413e7/element - {"using":"xpath","value":"(//span[contains(text(), \"Additional Addresses\")])[2]"}
RESULT: {"using":"xpath","value":"(//span[contains(text(), \"Additional Addresses\")])[2]"}
COMMAND: POST /session/4a7493391aacd7fc37792e05064413e7/element/f.E133658EE593DCD45430D97DE730ABAE.d.6BE980C6D56BC8F5BFFB2FD2E837649E.e.11310/click - {}
RESULT: {}
COMMAND: GET /session/4a7493391aacd7fc37792e05064413e7/screenshot - {}
RESULT: {}
COMMAND: POST /session/4a7493391aacd7fc37792e05064413e7/element - {"using":"xpath","value":"//button[@data-kt=\"btnAddTableRowOverflowToolbarButton\"]"}
RESULT: {"using":"xpath","value":"//button[@data-kt=\"btnAddTableRowOverflowToolbarButton\"]"}
COMMAND: POST /session/4a7493391aacd7fc37792e05064413e7/element/f.E133658EE593DCD45430D97DE730ABAE.d.6BE980C6D56BC8F5BFFB2FD2E837649E.e.11312/click - {}
RESULT: {}
COMMAND: GET /session/4a7493391aacd7fc37792e05064413e7/screenshot - {}
RESULT: {}
COMMAND: POST /session/4a7493391aacd7fc37792e05064413e7/element - {"using":"xpath","value":"//div[(text() = 'Standard Entry' or . = 'Standard Entry')]"}
RESULT: {"using":"xpath","value":"//div[(text() = 'Standard Entry' or . = 'Standard Entry')]"}
COMMAND: POST /session/4a7493391aacd7fc37792e05064413e7/element/f.E133658EE593DCD45430D97DE730ABAE.d.6BE980C6D56BC8F5BFFB2FD2E837649E.e.11314/click - {}
RESULT: {}
COMMAND: GET /session/4a7493391aacd7fc37792e05064413e7/screenshot - {}
RESULT: {}
COMMAND: POST /session/4a7493391aacd7fc37792e05064413e7/element - {"using":"xpath","value":"//td[7]/div/div/input"}
RESULT: {"using":"xpath","value":"//td[7]/div/div/input"}
COMMAND: POST /session/4a7493391aacd7fc37792e05064413e7/element/f.E133658EE593DCD45430D97DE730ABAE.d.6BE980C6D56BC8F5BFFB2FD2E837649E.e.11323/clear - {}
RESULT: {}
COMMAND: POST /session/4a7493391aacd7fc37792e05064413e7/element/f.E133658EE593DCD45430D97DE730ABAE.d.6BE980C6D56BC8F5BFFB2FD2E837649E.e.11323/value - {"text":"3tpAfTRDuo"}
COMMAND: GET /session/4a7493391aacd7fc37792e05064413e7/screenshot - {}
RESULT: {"text":"3tpAfTRDuo"}
COMMAND: GET /session/4a7493391aacd7fc37792e05064413e7/screenshot - {}
RESULT: {}
RESULT: {}
COMMAND: POST /session/4a7493391aacd7fc37792e05064413e7/actions - {"actions":[{"id":"action40","type":"key","parameters":{},"actions":[{"type":"keyDown","value":"î€‡"},{"type":"pause","duration":10},{"type":"keyUp","value":"î€‡"}]}]}
RESULT: {"actions":[{"id":"action40","type":"key","parameters":{},"actions":[{"type":"keyDown","value":"î€‡"},{"type":"pause","duration":10},{"type":"keyUp","value":"î€‡"}]}]}
COMMAND: GET /session/4a7493391aacd7fc37792e05064413e7/screenshot - {}
RESULT: {}
COMMAND: POST /session/4a7493391aacd7fc37792e05064413e7/element - {"using":"xpath","value":"(//button[@data-kt=\"saveButton\"])[2]"}
RESULT: {"using":"xpath","value":"(//button[@data-kt=\"saveButton\"])[2]"}
COMMAND: POST /session/4a7493391aacd7fc37792e05064413e7/element/f.E133658EE593DCD45430D97DE730ABAE.d.6BE980C6D56BC8F5BFFB2FD2E837649E.e.11338/click - {}
RESULT: {}
COMMAND: GET /session/4a7493391aacd7fc37792e05064413e7/screenshot - {}
RESULT: {}
COMMAND: POST /session/4a7493391aacd7fc37792e05064413e7/element - {"using":"xpath","value":"//span[contains(@id ,\"contractItemsSmartTable-header-inner\")]"}
RESULT: {"using":"xpath","value":"//span[contains(@id ,\"contractItemsSmartTable-header-inner\")]"}
COMMAND: POST /session/4a7493391aacd7fc37792e05064413e7/elements - {"using":"xpath","value":"//span[contains(@id ,\"contractItemsSmartTable-header-inner\")]"}
RESULT: {"using":"xpath","value":"//span[contains(@id ,\"contractItemsSmartTable-header-inner\")]"}
COMMAND: POST /session/4a7493391aacd7fc37792e05064413e7/execute/sync - {"script":"<script> [56 bytes]","args":[{"element-6066-11e4-a52e-4f735466cecf":"f.E133658EE593DCD45430D97DE730ABAE.d.6BE980C6D56BC8F5BFFB2FD2E837649E.e.11343","ELEMENT":"f.E133658EE593DCD45430D97DE730ABAE.d.6BE980C6D56BC8F5BFFB2FD2E837649E.e.11343"}]}
RESULT: {"script":"<script> [56 bytes]","args":[{"element-6066-11e4-a52e-4f735466cecf":"f.E133658EE593DCD45430D97DE730ABAE.d.6BE980C6D56BC8F5BFFB2FD2E837649E.e.11343","ELEMENT":"f.E133658EE593DCD45430D97DE730ABAE.d.6BE980C6D56BC8F5BFFB2FD2E837649E.e.11343"}]}
]]></system-out>
    </testcase>
    <testcase classname="chrome.135_0_7049_96.windows.Billing_Transfer_-_Intracompany_US127249" name="Should do a provide to site handover" time="47.365">
      <system-out><![CDATA[
COMMAND: POST /session/4a7493391aacd7fc37792e05064413e7/element - {"using":"xpath","value":"//button[@data-kt=\"provideButton\"]"}
COMMAND: GET /session/4a7493391aacd7fc37792e05064413e7/screenshot - {}
RESULT: {"using":"xpath","value":"//button[@data-kt=\"provideButton\"]"}
COMMAND: POST /session/4a7493391aacd7fc37792e05064413e7/element/f.E133658EE593DCD45430D97DE730ABAE.d.6BE980C6D56BC8F5BFFB2FD2E837649E.e.11344/click - {}
RESULT: {}
RESULT: {}
COMMAND: GET /session/4a7493391aacd7fc37792e05064413e7/screenshot - {}
RESULT: undefined
COMMAND: POST /session/4a7493391aacd7fc37792e05064413e7/execute/async - {"script":"<script> [6424 bytes]","args":[{"element-6066-11e4-a52e-4f735466cecf":"f.E133658EE593DCD45430D97DE730ABAE.d.6BE980C6D56BC8F5BFFB2FD2E837649E.e.10379"},"setValue",["04/29/2025"]]}
RESULT: {}
COMMAND: POST /session/4a7493391aacd7fc37792e05064413e7/execute/async - {"script":"<script> [1562 bytes]","args":[{"selector":{"id":"application-managehandovers-display-component---AddNewHO--dueDate","interaction":{"idSuffix":"inner"}},"wdio_ui5_key":"applicationmanagehandovers-display-component---AddNewHO--dueDate"}]}
RESULT: {"script":"<script> [1562 bytes]","args":[{"selector":{"id":"application-managehandovers-display-component---AddNewHO--dueDate","interaction":{"idSuffix":"inner"}},"wdio_ui5_key":"applicationmanagehandovers-display-component---AddNewHO--dueDate"}]}
COMMAND: POST /session/4a7493391aacd7fc37792e05064413e7/execute/async - {"script":"<script> [6424 bytes]","args":[{"element-6066-11e4-a52e-4f735466cecf":"f.E133658EE593DCD45430D97DE730ABAE.d.6BE980C6D56BC8F5BFFB2FD2E837649E.e.11401"},"setValue",["04/29/2025"]]}
RESULT: {"script":"<script> [6424 bytes]","args":[{"element-6066-11e4-a52e-4f735466cecf":"f.E133658EE593DCD45430D97DE730ABAE.d.6BE980C6D56BC8F5BFFB2FD2E837649E.e.11401"},"setValue",["04/29/2025"]]}
COMMAND: POST /session/4a7493391aacd7fc37792e05064413e7/element - {"using":"xpath","value":"//bdi[contains(text(), \"Instructions\")]"}
RESULT: {"using":"xpath","value":"//bdi[contains(text(), \"Instructions\")]"}
COMMAND: POST /session/4a7493391aacd7fc37792e05064413e7/element/f.E133658EE593DCD45430D97DE730ABAE.d.6BE980C6D56BC8F5BFFB2FD2E837649E.e.11657/click - {}
RESULT: {}
COMMAND: GET /session/4a7493391aacd7fc37792e05064413e7/screenshot - {}
RESULT: {}
COMMAND: POST /session/4a7493391aacd7fc37792e05064413e7/element - {"using":"xpath","value":"//button[@data-kt=\"AddNewHOProvideAddItemsButton\"]"}
RESULT: {"using":"xpath","value":"//button[@data-kt=\"AddNewHOProvideAddItemsButton\"]"}
COMMAND: POST /session/4a7493391aacd7fc37792e05064413e7/element/f.E133658EE593DCD45430D97DE730ABAE.d.6BE980C6D56BC8F5BFFB2FD2E837649E.e.11661/click - {}
RESULT: {}
COMMAND: GET /session/4a7493391aacd7fc37792e05064413e7/screenshot - {}
RESULT: {}
RESULT: undefined
COMMAND: POST /session/4a7493391aacd7fc37792e05064413e7/element - {"using":"xpath","value":"//*[@id=\"application-managehandovers-display-component---AddNewHO--popup-sa\"]"}
RESULT: {"using":"xpath","value":"//*[@id=\"application-managehandovers-display-component---AddNewHO--popup-sa\"]"}
COMMAND: POST /session/4a7493391aacd7fc37792e05064413e7/element/f.E133658EE593DCD45430D97DE730ABAE.d.6BE980C6D56BC8F5BFFB2FD2E837649E.e.11670/click - {}
RESULT: {}
COMMAND: GET /session/4a7493391aacd7fc37792e05064413e7/screenshot - {}
RESULT: {}
COMMAND: POST /session/4a7493391aacd7fc37792e05064413e7/element - {"using":"xpath","value":"//*[contains(@id ,\"BDI-content\")][contains(text(), \"Select\")]"}
RESULT: {"using":"xpath","value":"//*[contains(@id ,\"BDI-content\")][contains(text(), \"Select\")]"}
COMMAND: POST /session/4a7493391aacd7fc37792e05064413e7/element/f.E133658EE593DCD45430D97DE730ABAE.d.6BE980C6D56BC8F5BFFB2FD2E837649E.e.11672/click - {}
RESULT: {}
COMMAND: GET /session/4a7493391aacd7fc37792e05064413e7/screenshot - {}
RESULT: {}
COMMAND: POST /session/4a7493391aacd7fc37792e05064413e7/execute/async - {"script":"<script> [1562 bytes]","args":[{"selector":{"id":"application-managehandovers-display-component---AddNewHO--confirmCreationButton","interaction":{"idSuffix":"BDI-content"}},"wdio_ui5_key":"applicationmanagehandovers-display-component---AddNewHO--confirmCreationButton"}]}
RESULT: {"script":"<script> [1562 bytes]","args":[{"selector":{"id":"application-managehandovers-display-component---AddNewHO--confirmCreationButton","interaction":{"idSuffix":"BDI-content"}},"wdio_ui5_key":"applicationmanagehandovers-display-component---AddNewHO--confirmCreationButton"}]}
RESULT: undefined
COMMAND: POST /session/4a7493391aacd7fc37792e05064413e7/element - {"using":"xpath","value":"//*[@id=\"application-managehandovers-display-component---AddNewHO--confirmCreationButton\"]"}
RESULT: {"using":"xpath","value":"//*[@id=\"application-managehandovers-display-component---AddNewHO--confirmCreationButton\"]"}
COMMAND: POST /session/4a7493391aacd7fc37792e05064413e7/element/f.E133658EE593DCD45430D97DE730ABAE.d.6BE980C6D56BC8F5BFFB2FD2E837649E.e.11467/click - {}
RESULT: {}
COMMAND: GET /session/4a7493391aacd7fc37792e05064413e7/screenshot - {}
RESULT: {}
COMMAND: POST /session/4a7493391aacd7fc37792e05064413e7/element - {"using":"xpath","value":"//button[@data-kt=\"PickingTableConfirmAllButton\"]"}
RESULT: {"using":"xpath","value":"//button[@data-kt=\"PickingTableConfirmAllButton\"]"}
COMMAND: POST /session/4a7493391aacd7fc37792e05064413e7/elements - {"using":"xpath","value":"//button[@data-kt=\"PickingTableConfirmAllButton\"]"}
RESULT: {"using":"xpath","value":"//button[@data-kt=\"PickingTableConfirmAllButton\"]"}
COMMAND: POST /session/4a7493391aacd7fc37792e05064413e7/elements - {"using":"xpath","value":"//button[@data-kt=\"PickingTableConfirmAllButton\"]"}
RESULT: {"using":"xpath","value":"//button[@data-kt=\"PickingTableConfirmAllButton\"]"}
COMMAND: POST /session/4a7493391aacd7fc37792e05064413e7/element - {"using":"xpath","value":"//button[@data-kt=\"PickingTableConfirmAllButton\"]"}
RESULT: {"using":"xpath","value":"//button[@data-kt=\"PickingTableConfirmAllButton\"]"}
COMMAND: POST /session/4a7493391aacd7fc37792e05064413e7/element/f.E133658EE593DCD45430D97DE730ABAE.d.6BE980C6D56BC8F5BFFB2FD2E837649E.e.11711/click - {}
COMMAND: POST /session/4a7493391aacd7fc37792e05064413e7/element - {"using":"xpath","value":"//button[@data-kt=\"PickingTableConfirmAllButton\"]"}
RESULT: {"using":"xpath","value":"//button[@data-kt=\"PickingTableConfirmAllButton\"]"}
COMMAND: POST /session/4a7493391aacd7fc37792e05064413e7/element/f.E133658EE593DCD45430D97DE730ABAE.d.6BE980C6D56BC8F5BFFB2FD2E837649E.e.11711/click - {}
COMMAND: POST /session/4a7493391aacd7fc37792e05064413e7/element - {"using":"xpath","value":"//button[@data-kt=\"PickingTableConfirmAllButton\"]"}
RESULT: {"using":"xpath","value":"//button[@data-kt=\"PickingTableConfirmAllButton\"]"}
COMMAND: POST /session/4a7493391aacd7fc37792e05064413e7/element/f.E133658EE593DCD45430D97DE730ABAE.d.6BE980C6D56BC8F5BFFB2FD2E837649E.e.11733/click - {}
RESULT: {}
COMMAND: GET /session/4a7493391aacd7fc37792e05064413e7/screenshot - {}
RESULT: {}
COMMAND: POST /session/4a7493391aacd7fc37792e05064413e7/element - {"using":"xpath","value":"//bdi[contains(text(), \"OK\")]"}
RESULT: {"using":"xpath","value":"//bdi[contains(text(), \"OK\")]"}
COMMAND: POST /session/4a7493391aacd7fc37792e05064413e7/element/f.E133658EE593DCD45430D97DE730ABAE.d.6BE980C6D56BC8F5BFFB2FD2E837649E.e.11737/click - {}
RESULT: {}
COMMAND: GET /session/4a7493391aacd7fc37792e05064413e7/screenshot - {}
RESULT: {}
COMMAND: POST /session/4a7493391aacd7fc37792e05064413e7/element - {"using":"xpath","value":"//bdi[contains(text(), \"Issue\")]"}
RESULT: {"using":"xpath","value":"//bdi[contains(text(), \"Issue\")]"}
COMMAND: POST /session/4a7493391aacd7fc37792e05064413e7/element/f.E133658EE593DCD45430D97DE730ABAE.d.6BE980C6D56BC8F5BFFB2FD2E837649E.e.11738/click - {}
RESULT: {}
COMMAND: GET /session/4a7493391aacd7fc37792e05064413e7/screenshot - {}
RESULT: {}
COMMAND: POST /session/4a7493391aacd7fc37792e05064413e7/element - {"using":"css selector","value":"#shell-header-logo"}
RESULT: {"using":"css selector","value":"#shell-header-logo"}
COMMAND: POST /session/4a7493391aacd7fc37792e05064413e7/element/f.E133658EE593DCD45430D97DE730ABAE.d.6BE980C6D56BC8F5BFFB2FD2E837649E.e.10787/click - {}
RESULT: {}
COMMAND: GET /session/4a7493391aacd7fc37792e05064413e7/screenshot - {}
RESULT: {}
]]></system-out>
    </testcase>
    <testcase classname="chrome.135_0_7049_96.windows.Billing_Transfer_-_Intracompany_US127249" name="Should go navigate to Manage Billings and trigger contract calculation check result" time="65.413">
      <system-out><![CDATA[
COMMAND: POST /session/4a7493391aacd7fc37792e05064413e7/execute/async - {"script":"<script> [1562 bytes]","args":[{"selector":{"controlType":"sap.m.GenericTile","properties":{"header":"Manage Billings"}},"wdio_ui5_key":"sapm.GenericTile{\"header\":\"Manage Billings\"}"}]}
RESULT: {"script":"<script> [1562 bytes]","args":[{"selector":{"controlType":"sap.m.GenericTile","properties":{"header":"Manage Billings"}},"wdio_ui5_key":"sapm.GenericTile{\"header\":\"Manage Billings\"}"}]}
RESULT: undefined
COMMAND: POST /session/4a7493391aacd7fc37792e05064413e7/element - {"using":"xpath","value":"//*[@id=\"__tile51\"]"}
RESULT: {"using":"xpath","value":"//*[@id=\"__tile51\"]"}
COMMAND: POST /session/4a7493391aacd7fc37792e05064413e7/element/f.E133658EE593DCD45430D97DE730ABAE.d.6BE980C6D56BC8F5BFFB2FD2E837649E.e.6517/click - {}
RESULT: {}
COMMAND: GET /session/4a7493391aacd7fc37792e05064413e7/screenshot - {}
RESULT: {}
COMMAND: POST /session/4a7493391aacd7fc37792e05064413e7/execute/async - {"script":"<script> [1562 bytes]","args":[{"selector":{"id":"application-managebillings-display-component---billRunCalcResult--smartFilterBar-btnBasicSearch","interaction":{"idSuffix":"I"}},"wdio_ui5_key":"applicationmanagebillings-display-component---billRunCalcResult--smartFilterBar-btnBasicSearch"}]}
RESULT: {"script":"<script> [1562 bytes]","args":[{"selector":{"id":"application-managebillings-display-component---billRunCalcResult--smartFilterBar-btnBasicSearch","interaction":{"idSuffix":"I"}},"wdio_ui5_key":"applicationmanagebillings-display-component---billRunCalcResult--smartFilterBar-btnBasicSearch"}]}
RESULT: undefined
COMMAND: POST /session/4a7493391aacd7fc37792e05064413e7/execute/async - {"script":"<script> [776 bytes]","args":[{"enterText":"10348","selector":{"id":"application-managebillings-display-component---billRunCalcResult--smartFilterBar-btnBasicSearch","interaction":{"idSuffix":"I"}},"clearTextFirst":true,"interactionType":"ENTER_TEXT"}]}
RESULT: {"script":"<script> [776 bytes]","args":[{"enterText":"10348","selector":{"id":"application-managebillings-display-component---billRunCalcResult--smartFilterBar-btnBasicSearch","interaction":{"idSuffix":"I"}},"clearTextFirst":true,"interactionType":"ENTER_TEXT"}]}
COMMAND: POST /session/4a7493391aacd7fc37792e05064413e7/actions - {"actions":[{"id":"action41","type":"key","parameters":{},"actions":[{"type":"keyDown","value":"î€‡"},{"type":"pause","duration":10},{"type":"keyUp","value":"î€‡"}]}]}
RESULT: {"actions":[{"id":"action41","type":"key","parameters":{},"actions":[{"type":"keyDown","value":"î€‡"},{"type":"pause","duration":10},{"type":"keyUp","value":"î€‡"}]}]}
COMMAND: GET /session/4a7493391aacd7fc37792e05064413e7/screenshot - {}
RESULT: {}
COMMAND: POST /session/4a7493391aacd7fc37792e05064413e7/element - {"using":"xpath","value":"//td[@aria-colindex=\"1\"]/div/div[contains(@class, \"sapMCbBg\")]"}
RESULT: {"using":"xpath","value":"//td[@aria-colindex=\"1\"]/div/div[contains(@class, \"sapMCbBg\")]"}
COMMAND: POST /session/4a7493391aacd7fc37792e05064413e7/element/f.E133658EE593DCD45430D97DE730ABAE.d.6BE980C6D56BC8F5BFFB2FD2E837649E.e.12127/click - {}
RESULT: {}
COMMAND: GET /session/4a7493391aacd7fc37792e05064413e7/screenshot - {}
RESULT: {}
COMMAND: POST /session/4a7493391aacd7fc37792e05064413e7/execute/async - {"script":"<script> [1562 bytes]","args":[{"selector":{"id":"application-managebillings-display-component---billRunCalcResult--contractBillRunDate","interaction":{"idSuffix":"inner"}},"wdio_ui5_key":"applicationmanagebillings-display-component---billRunCalcResult--contractBillRunDate"}]}
RESULT: {"script":"<script> [1562 bytes]","args":[{"selector":{"id":"application-managebillings-display-component---billRunCalcResult--contractBillRunDate","interaction":{"idSuffix":"inner"}},"wdio_ui5_key":"applicationmanagebillings-display-component---billRunCalcResult--contractBillRunDate"}]}
RESULT: undefined
COMMAND: POST /session/4a7493391aacd7fc37792e05064413e7/execute/async - {"script":"<script> [776 bytes]","args":[{"enterText":"04/29/25","selector":{"id":"application-managebillings-display-component---billRunCalcResult--contractBillRunDate","interaction":{"idSuffix":"inner"}},"clearTextFirst":true,"interactionType":"ENTER_TEXT"}]}
RESULT: {"script":"<script> [776 bytes]","args":[{"enterText":"04/29/25","selector":{"id":"application-managebillings-display-component---billRunCalcResult--contractBillRunDate","interaction":{"idSuffix":"inner"}},"clearTextFirst":true,"interactionType":"ENTER_TEXT"}]}
COMMAND: POST /session/4a7493391aacd7fc37792e05064413e7/element - {"using":"xpath","value":"//bdi[contains(text(), \"Trigger Calculation\")]"}
RESULT: {"using":"xpath","value":"//bdi[contains(text(), \"Trigger Calculation\")]"}
COMMAND: POST /session/4a7493391aacd7fc37792e05064413e7/element/f.E133658EE593DCD45430D97DE730ABAE.d.6BE980C6D56BC8F5BFFB2FD2E837649E.e.12178/click - {}
RESULT: {}
COMMAND: GET /session/4a7493391aacd7fc37792e05064413e7/screenshot - {}
RESULT: {}
COMMAND: POST /session/4a7493391aacd7fc37792e05064413e7/element - {"using":"xpath","value":"(//span[contains(@id, \"imgNav\")])[1]"}
RESULT: {"using":"xpath","value":"(//span[contains(@id, \"imgNav\")])[1]"}
COMMAND: POST /session/4a7493391aacd7fc37792e05064413e7/element/f.E133658EE593DCD45430D97DE730ABAE.d.6BE980C6D56BC8F5BFFB2FD2E837649E.e.12128/click - {}
RESULT: {}
COMMAND: GET /session/4a7493391aacd7fc37792e05064413e7/screenshot - {}
RESULT: {}
COMMAND: POST /session/4a7493391aacd7fc37792e05064413e7/element - {"using":"xpath","value":"//tr/td[6]/div[1]/span[1]/span[1]"}
RESULT: {"using":"xpath","value":"//tr/td[6]/div[1]/span[1]/span[1]"}
COMMAND: GET /session/4a7493391aacd7fc37792e05064413e7/element/f.E133658EE593DCD45430D97DE730ABAE.d.6BE980C6D56BC8F5BFFB2FD2E837649E.e.12182/text - {}
RESULT: {}
COMMAND: POST /session/4a7493391aacd7fc37792e05064413e7/element - {"using":"xpath","value":"(//span[contains(@id, \"imgNav\")])[2]"}
RESULT: {"using":"xpath","value":"(//span[contains(@id, \"imgNav\")])[2]"}
COMMAND: POST /session/4a7493391aacd7fc37792e05064413e7/element/f.E133658EE593DCD45430D97DE730ABAE.d.6BE980C6D56BC8F5BFFB2FD2E837649E.e.12183/click - {}
RESULT: {}
COMMAND: POST /session/4a7493391aacd7fc37792e05064413e7/element - {"using":"xpath","value":"//bdi[contains(text(), \"Business Confirm\")]"}
COMMAND: GET /session/4a7493391aacd7fc37792e05064413e7/screenshot - {}
RESULT: {"using":"xpath","value":"//bdi[contains(text(), \"Business Confirm\")]"}
COMMAND: POST /session/4a7493391aacd7fc37792e05064413e7/elements - {"using":"xpath","value":"//bdi[contains(text(), \"Business Confirm\")]"}
RESULT: {}
RESULT: {"using":"xpath","value":"//bdi[contains(text(), \"Business Confirm\")]"}
COMMAND: POST /session/4a7493391aacd7fc37792e05064413e7/elements - {"using":"xpath","value":"//bdi[contains(text(), \"Business Confirm\")]"}
RESULT: {"using":"xpath","value":"//bdi[contains(text(), \"Business Confirm\")]"}
COMMAND: POST /session/4a7493391aacd7fc37792e05064413e7/element - {"using":"xpath","value":"//bdi[contains(text(), \"Business Confirm\")]"}
RESULT: {"using":"xpath","value":"//bdi[contains(text(), \"Business Confirm\")]"}
COMMAND: POST /session/4a7493391aacd7fc37792e05064413e7/element/f.E133658EE593DCD45430D97DE730ABAE.d.6BE980C6D56BC8F5BFFB2FD2E837649E.e.12212/click - {}
RESULT: {}
COMMAND: POST /session/4a7493391aacd7fc37792e05064413e7/element - {"using":"css selector","value":"#shell-header-logo"}
COMMAND: GET /session/4a7493391aacd7fc37792e05064413e7/screenshot - {}
RESULT: {"using":"css selector","value":"#shell-header-logo"}
COMMAND: POST /session/4a7493391aacd7fc37792e05064413e7/element/f.E133658EE593DCD45430D97DE730ABAE.d.6BE980C6D56BC8F5BFFB2FD2E837649E.e.11917/click - {}
RESULT: {}
RESULT: {}
COMMAND: GET /session/4a7493391aacd7fc37792e05064413e7/screenshot - {}
RESULT: {}
]]></system-out>
    </testcase>
    <testcase classname="chrome.135_0_7049_96.windows.Billing_Transfer_-_Intracompany_US127249" name="Should navigate to billing transfer and invoice the contract" time="76.954">
      <system-out><![CDATA[
COMMAND: POST /session/4a7493391aacd7fc37792e05064413e7/execute/async - {"script":"<script> [1562 bytes]","args":[{"selector":{"controlType":"sap.m.GenericTile","properties":{"header":"Billing Transfer"}},"wdio_ui5_key":"sapm.GenericTile{\"header\":\"Billing Transfer\"}"}]}
RESULT: {"script":"<script> [1562 bytes]","args":[{"selector":{"controlType":"sap.m.GenericTile","properties":{"header":"Billing Transfer"}},"wdio_ui5_key":"sapm.GenericTile{\"header\":\"Billing Transfer\"}"}]}
RESULT: undefined
COMMAND: POST /session/4a7493391aacd7fc37792e05064413e7/element - {"using":"xpath","value":"//*[@id=\"__tile50\"]"}
RESULT: {"using":"xpath","value":"//*[@id=\"__tile50\"]"}
COMMAND: POST /session/4a7493391aacd7fc37792e05064413e7/element/f.E133658EE593DCD45430D97DE730ABAE.d.6BE980C6D56BC8F5BFFB2FD2E837649E.e.6515/click - {}
RESULT: {}
COMMAND: POST /session/4a7493391aacd7fc37792e05064413e7/element - {"using":"xpath","value":"//input[contains(@id ,\"application-billingtransfer-display-component---billingWorkbench--smartFilterBar-btnBasicSearch\")]"}
COMMAND: GET /session/4a7493391aacd7fc37792e05064413e7/screenshot - {}
RESULT: {"using":"xpath","value":"//input[contains(@id ,\"application-billingtransfer-display-component---billingWorkbench--smartFilterBar-btnBasicSearch\")]"}
COMMAND: POST /session/4a7493391aacd7fc37792e05064413e7/elements - {"using":"xpath","value":"//input[contains(@id ,\"application-billingtransfer-display-component---billingWorkbench--smartFilterBar-btnBasicSearch\")]"}
RESULT: {}
RESULT: {"using":"xpath","value":"//input[contains(@id ,\"application-billingtransfer-display-component---billingWorkbench--smartFilterBar-btnBasicSearch\")]"}
COMMAND: POST /session/4a7493391aacd7fc37792e05064413e7/elements - {"using":"xpath","value":"//input[contains(@id ,\"application-billingtransfer-display-component---billingWorkbench--smartFilterBar-btnBasicSearch\")]"}
RESULT: {"using":"xpath","value":"//input[contains(@id ,\"application-billingtransfer-display-component---billingWorkbench--smartFilterBar-btnBasicSearch\")]"}
COMMAND: POST /session/4a7493391aacd7fc37792e05064413e7/element - {"using":"xpath","value":"//input[contains(@id ,\"application-billingtransfer-display-component---billingWorkbench--smartFilterBar-btnBasicSearch\")]"}
RESULT: {"using":"xpath","value":"//input[contains(@id ,\"application-billingtransfer-display-component---billingWorkbench--smartFilterBar-btnBasicSearch\")]"}
COMMAND: POST /session/4a7493391aacd7fc37792e05064413e7/execute/sync - {"script":"<script> [8489 bytes]","args":[{"element-6066-11e4-a52e-4f735466cecf":"f.E133658EE593DCD45430D97DE730ABAE.d.6BE980C6D56BC8F5BFFB2FD2E837649E.e.12262","ELEMENT":"f.E133658EE593DCD45430D97DE730ABAE.d.6BE980C6D56BC8F5BFFB2FD2E837649E.e.12262"}]}
RESULT: {"script":"<script> [8489 bytes]","args":[{"element-6066-11e4-a52e-4f735466cecf":"f.E133658EE593DCD45430D97DE730ABAE.d.6BE980C6D56BC8F5BFFB2FD2E837649E.e.12262","ELEMENT":"f.E133658EE593DCD45430D97DE730ABAE.d.6BE980C6D56BC8F5BFFB2FD2E837649E.e.12262"}]}
COMMAND: GET /session/4a7493391aacd7fc37792e05064413e7/element/f.E133658EE593DCD45430D97DE730ABAE.d.6BE980C6D56BC8F5BFFB2FD2E837649E.e.12262/enabled - {}
COMMAND: GET /session/4a7493391aacd7fc37792e05064413e7/screenshot - {}
RESULT: {}
COMMAND: POST /session/4a7493391aacd7fc37792e05064413e7/element/f.E133658EE593DCD45430D97DE730ABAE.d.6BE980C6D56BC8F5BFFB2FD2E837649E.e.12262/click - {}
COMMAND: GET /session/4a7493391aacd7fc37792e05064413e7/screenshot - {}
RESULT: {}
RESULT: {}
COMMAND: GET /session/4a7493391aacd7fc37792e05064413e7/screenshot - {}
RESULT: {}
RESULT: {}
COMMAND: POST /session/4a7493391aacd7fc37792e05064413e7/element/f.E133658EE593DCD45430D97DE730ABAE.d.6BE980C6D56BC8F5BFFB2FD2E837649E.e.12262/clear - {}
RESULT: {}
COMMAND: POST /session/4a7493391aacd7fc37792e05064413e7/element/f.E133658EE593DCD45430D97DE730ABAE.d.6BE980C6D56BC8F5BFFB2FD2E837649E.e.12262/value - {"text":"10348"}
COMMAND: GET /session/4a7493391aacd7fc37792e05064413e7/screenshot - {}
RESULT: {"text":"10348"}
COMMAND: POST /session/4a7493391aacd7fc37792e05064413e7/actions - {"actions":[{"id":"action42","type":"key","parameters":{},"actions":[{"type":"keyDown","value":"î€‡"},{"type":"pause","duration":10},{"type":"keyUp","value":"î€‡"}]}]}
COMMAND: GET /session/4a7493391aacd7fc37792e05064413e7/screenshot - {}
RESULT: {}
RESULT: {"actions":[{"id":"action42","type":"key","parameters":{},"actions":[{"type":"keyDown","value":"î€‡"},{"type":"pause","duration":10},{"type":"keyUp","value":"î€‡"}]}]}
COMMAND: GET /session/4a7493391aacd7fc37792e05064413e7/screenshot - {}
RESULT: {}
RESULT: {}
COMMAND: POST /session/4a7493391aacd7fc37792e05064413e7/element - {"using":"xpath","value":"//span[contains(@id ,\"application-billingtransfer-display-component---billingWorkbench--smartTableBillingRuns-header-inner\")]"}
RESULT: {"using":"xpath","value":"//span[contains(@id ,\"application-billingtransfer-display-component---billingWorkbench--smartTableBillingRuns-header-inner\")]"}
COMMAND: POST /session/4a7493391aacd7fc37792e05064413e7/elements - {"using":"xpath","value":"//span[contains(@id ,\"application-billingtransfer-display-component---billingWorkbench--smartTableBillingRuns-header-inner\")]"}
RESULT: {"using":"xpath","value":"//span[contains(@id ,\"application-billingtransfer-display-component---billingWorkbench--smartTableBillingRuns-header-inner\")]"}
COMMAND: POST /session/4a7493391aacd7fc37792e05064413e7/execute/sync - {"script":"<script> [56 bytes]","args":[{"element-6066-11e4-a52e-4f735466cecf":"f.E133658EE593DCD45430D97DE730ABAE.d.6BE980C6D56BC8F5BFFB2FD2E837649E.e.12421","ELEMENT":"f.E133658EE593DCD45430D97DE730ABAE.d.6BE980C6D56BC8F5BFFB2FD2E837649E.e.12421"}]}
RESULT: {"script":"<script> [56 bytes]","args":[{"element-6066-11e4-a52e-4f735466cecf":"f.E133658EE593DCD45430D97DE730ABAE.d.6BE980C6D56BC8F5BFFB2FD2E837649E.e.12421","ELEMENT":"f.E133658EE593DCD45430D97DE730ABAE.d.6BE980C6D56BC8F5BFFB2FD2E837649E.e.12421"}]}
COMMAND: POST /session/4a7493391aacd7fc37792e05064413e7/element - {"using":"xpath","value":"//td[@aria-colindex=\"1\"]/div/div[contains(@class, \"sapMCbBg\")]"}
COMMAND: GET /session/4a7493391aacd7fc37792e05064413e7/screenshot - {}
RESULT: {"using":"xpath","value":"//td[@aria-colindex=\"1\"]/div/div[contains(@class, \"sapMCbBg\")]"}
COMMAND: POST /session/4a7493391aacd7fc37792e05064413e7/element/f.E133658EE593DCD45430D97DE730ABAE.d.6BE980C6D56BC8F5BFFB2FD2E837649E.e.12412/click - {}
RESULT: {}
RESULT: {}
COMMAND: GET /session/4a7493391aacd7fc37792e05064413e7/screenshot - {}
RESULT: {}
COMMAND: POST /session/4a7493391aacd7fc37792e05064413e7/element - {"using":"xpath","value":"//bdi[contains(text(), \"Check\")]"}
RESULT: {"using":"xpath","value":"//bdi[contains(text(), \"Check\")]"}
COMMAND: POST /session/4a7493391aacd7fc37792e05064413e7/element/f.E133658EE593DCD45430D97DE730ABAE.d.6BE980C6D56BC8F5BFFB2FD2E837649E.e.12422/click - {}
RESULT: {}
COMMAND: GET /session/4a7493391aacd7fc37792e05064413e7/screenshot - {}
RESULT: {}
COMMAND: POST /session/4a7493391aacd7fc37792e05064413e7/element - {"using":"xpath","value":"//bdi[contains(text(), \"OK\")]"}
RESULT: {"using":"xpath","value":"//bdi[contains(text(), \"OK\")]"}
COMMAND: POST /session/4a7493391aacd7fc37792e05064413e7/element/f.E133658EE593DCD45430D97DE730ABAE.d.6BE980C6D56BC8F5BFFB2FD2E837649E.e.12425/click - {}
RESULT: {}
COMMAND: GET /session/4a7493391aacd7fc37792e05064413e7/screenshot - {}
RESULT: {}
COMMAND: POST /session/4a7493391aacd7fc37792e05064413e7/element - {"using":"xpath","value":"(//span[contains(text(), \"CO/SD checked\")]/parent::div/preceding-sibling::div/span)[1]"}
RESULT: {"using":"xpath","value":"(//span[contains(text(), \"CO/SD checked\")]/parent::div/preceding-sibling::div/span)[1]"}
COMMAND: POST /session/4a7493391aacd7fc37792e05064413e7/element/f.E133658EE593DCD45430D97DE730ABAE.d.6BE980C6D56BC8F5BFFB2FD2E837649E.e.12426/click - {}
RESULT: {}
COMMAND: GET /session/4a7493391aacd7fc37792e05064413e7/screenshot - {}
RESULT: {}
COMMAND: POST /session/4a7493391aacd7fc37792e05064413e7/element - {"using":"xpath","value":"//input[contains(@id ,\"application-billingtransfer-display-component---billingWorkbench--smartFilterBar-btnBasicSearch\")]"}
RESULT: {"using":"xpath","value":"//input[contains(@id ,\"application-billingtransfer-display-component---billingWorkbench--smartFilterBar-btnBasicSearch\")]"}
COMMAND: POST /session/4a7493391aacd7fc37792e05064413e7/elements - {"using":"xpath","value":"//input[contains(@id ,\"application-billingtransfer-display-component---billingWorkbench--smartFilterBar-btnBasicSearch\")]"}
RESULT: {"using":"xpath","value":"//input[contains(@id ,\"application-billingtransfer-display-component---billingWorkbench--smartFilterBar-btnBasicSearch\")]"}
COMMAND: POST /session/4a7493391aacd7fc37792e05064413e7/execute/sync - {"script":"<script> [8489 bytes]","args":[{"element-6066-11e4-a52e-4f735466cecf":"f.E133658EE593DCD45430D97DE730ABAE.d.6BE980C6D56BC8F5BFFB2FD2E837649E.e.12262","ELEMENT":"f.E133658EE593DCD45430D97DE730ABAE.d.6BE980C6D56BC8F5BFFB2FD2E837649E.e.12262"}]}
RESULT: {"script":"<script> [8489 bytes]","args":[{"element-6066-11e4-a52e-4f735466cecf":"f.E133658EE593DCD45430D97DE730ABAE.d.6BE980C6D56BC8F5BFFB2FD2E837649E.e.12262","ELEMENT":"f.E133658EE593DCD45430D97DE730ABAE.d.6BE980C6D56BC8F5BFFB2FD2E837649E.e.12262"}]}
COMMAND: GET /session/4a7493391aacd7fc37792e05064413e7/element/f.E133658EE593DCD45430D97DE730ABAE.d.6BE980C6D56BC8F5BFFB2FD2E837649E.e.12262/enabled - {}
COMMAND: GET /session/4a7493391aacd7fc37792e05064413e7/screenshot - {}
RESULT: {}
COMMAND: POST /session/4a7493391aacd7fc37792e05064413e7/element/f.E133658EE593DCD45430D97DE730ABAE.d.6BE980C6D56BC8F5BFFB2FD2E837649E.e.12262/click - {}
COMMAND: GET /session/4a7493391aacd7fc37792e05064413e7/screenshot - {}
RESULT: {}
RESULT: {}
COMMAND: GET /session/4a7493391aacd7fc37792e05064413e7/screenshot - {}
RESULT: {}
RESULT: {}
COMMAND: POST /session/4a7493391aacd7fc37792e05064413e7/element/f.E133658EE593DCD45430D97DE730ABAE.d.6BE980C6D56BC8F5BFFB2FD2E837649E.e.12262/clear - {}
RESULT: {}
COMMAND: POST /session/4a7493391aacd7fc37792e05064413e7/element/f.E133658EE593DCD45430D97DE730ABAE.d.6BE980C6D56BC8F5BFFB2FD2E837649E.e.12262/value - {"text":"10348"}
COMMAND: GET /session/4a7493391aacd7fc37792e05064413e7/screenshot - {}
RESULT: {"text":"10348"}
COMMAND: POST /session/4a7493391aacd7fc37792e05064413e7/actions - {"actions":[{"id":"action43","type":"key","parameters":{},"actions":[{"type":"keyDown","value":"î€‡"},{"type":"pause","duration":10},{"type":"keyUp","value":"î€‡"}]}]}
COMMAND: GET /session/4a7493391aacd7fc37792e05064413e7/screenshot - {}
RESULT: {}
RESULT: {"actions":[{"id":"action43","type":"key","parameters":{},"actions":[{"type":"keyDown","value":"î€‡"},{"type":"pause","duration":10},{"type":"keyUp","value":"î€‡"}]}]}
COMMAND: GET /session/4a7493391aacd7fc37792e05064413e7/screenshot - {}
RESULT: {}
RESULT: {}
COMMAND: POST /session/4a7493391aacd7fc37792e05064413e7/element - {"using":"xpath","value":"//span[contains(@id ,\"application-billingtransfer-display-component---billingWorkbench--smartTableBillingRuns-header-inner\")]"}
RESULT: {"using":"xpath","value":"//span[contains(@id ,\"application-billingtransfer-display-component---billingWorkbench--smartTableBillingRuns-header-inner\")]"}
COMMAND: POST /session/4a7493391aacd7fc37792e05064413e7/elements - {"using":"xpath","value":"//span[contains(@id ,\"application-billingtransfer-display-component---billingWorkbench--smartTableBillingRuns-header-inner\")]"}
RESULT: {"using":"xpath","value":"//span[contains(@id ,\"application-billingtransfer-display-component---billingWorkbench--smartTableBillingRuns-header-inner\")]"}
COMMAND: POST /session/4a7493391aacd7fc37792e05064413e7/execute/sync - {"script":"<script> [56 bytes]","args":[{"element-6066-11e4-a52e-4f735466cecf":"f.E133658EE593DCD45430D97DE730ABAE.d.6BE980C6D56BC8F5BFFB2FD2E837649E.e.12421","ELEMENT":"f.E133658EE593DCD45430D97DE730ABAE.d.6BE980C6D56BC8F5BFFB2FD2E837649E.e.12421"}]}
RESULT: {"script":"<script> [56 bytes]","args":[{"element-6066-11e4-a52e-4f735466cecf":"f.E133658EE593DCD45430D97DE730ABAE.d.6BE980C6D56BC8F5BFFB2FD2E837649E.e.12421","ELEMENT":"f.E133658EE593DCD45430D97DE730ABAE.d.6BE980C6D56BC8F5BFFB2FD2E837649E.e.12421"}]}
COMMAND: POST /session/4a7493391aacd7fc37792e05064413e7/element - {"using":"xpath","value":"//td[@aria-colindex=\"1\"]/div/div[contains(@class, \"sapMCbBg\")]"}
COMMAND: GET /session/4a7493391aacd7fc37792e05064413e7/screenshot - {}
RESULT: {"using":"xpath","value":"//td[@aria-colindex=\"1\"]/div/div[contains(@class, \"sapMCbBg\")]"}
COMMAND: POST /session/4a7493391aacd7fc37792e05064413e7/element/f.E133658EE593DCD45430D97DE730ABAE.d.6BE980C6D56BC8F5BFFB2FD2E837649E.e.12430/click - {}
RESULT: {}
RESULT: {}
COMMAND: GET /session/4a7493391aacd7fc37792e05064413e7/screenshot - {}
RESULT: {}
COMMAND: POST /session/4a7493391aacd7fc37792e05064413e7/element - {"using":"xpath","value":"//bdi[text()=\"Transfer\"]"}
RESULT: {"using":"xpath","value":"//bdi[text()=\"Transfer\"]"}
COMMAND: POST /session/4a7493391aacd7fc37792e05064413e7/element/f.E133658EE593DCD45430D97DE730ABAE.d.6BE980C6D56BC8F5BFFB2FD2E837649E.e.12431/click - {}
RESULT: {}
COMMAND: GET /session/4a7493391aacd7fc37792e05064413e7/screenshot - {}
RESULT: {}
COMMAND: POST /session/4a7493391aacd7fc37792e05064413e7/element - {"using":"xpath","value":"//bdi[contains(text(), \"OK\")]"}
RESULT: {"using":"xpath","value":"//bdi[contains(text(), \"OK\")]"}
COMMAND: POST /session/4a7493391aacd7fc37792e05064413e7/element/f.E133658EE593DCD45430D97DE730ABAE.d.6BE980C6D56BC8F5BFFB2FD2E837649E.e.12435/click - {}
RESULT: {}
COMMAND: GET /session/4a7493391aacd7fc37792e05064413e7/screenshot - {}
RESULT: {}
COMMAND: POST /session/4a7493391aacd7fc37792e05064413e7/element - {"using":"xpath","value":"(//span[contains(text(), \"Completed\")]/parent::div/preceding-sibling::div/span)[1]"}
RESULT: {"using":"xpath","value":"(//span[contains(text(), \"Completed\")]/parent::div/preceding-sibling::div/span)[1]"}
COMMAND: POST /session/4a7493391aacd7fc37792e05064413e7/element/f.E133658EE593DCD45430D97DE730ABAE.d.6BE980C6D56BC8F5BFFB2FD2E837649E.e.12443/click - {}
RESULT: {}
COMMAND: POST /session/4a7493391aacd7fc37792e05064413e7/element - {"using":"xpath","value":"//input[contains(@id ,\"application-billingtransfer-display-component---billingWorkbench--smartFilterBar-btnBasicSearch\")]"}
COMMAND: GET /session/4a7493391aacd7fc37792e05064413e7/screenshot - {}
RESULT: {"using":"xpath","value":"//input[contains(@id ,\"application-billingtransfer-display-component---billingWorkbench--smartFilterBar-btnBasicSearch\")]"}
COMMAND: POST /session/4a7493391aacd7fc37792e05064413e7/elements - {"using":"xpath","value":"//input[contains(@id ,\"application-billingtransfer-display-component---billingWorkbench--smartFilterBar-btnBasicSearch\")]"}
RESULT: {}
RESULT: {"using":"xpath","value":"//input[contains(@id ,\"application-billingtransfer-display-component---billingWorkbench--smartFilterBar-btnBasicSearch\")]"}
COMMAND: POST /session/4a7493391aacd7fc37792e05064413e7/execute/sync - {"script":"<script> [8489 bytes]","args":[{"element-6066-11e4-a52e-4f735466cecf":"f.E133658EE593DCD45430D97DE730ABAE.d.6BE980C6D56BC8F5BFFB2FD2E837649E.e.12262","ELEMENT":"f.E133658EE593DCD45430D97DE730ABAE.d.6BE980C6D56BC8F5BFFB2FD2E837649E.e.12262"}]}
RESULT: {"script":"<script> [8489 bytes]","args":[{"element-6066-11e4-a52e-4f735466cecf":"f.E133658EE593DCD45430D97DE730ABAE.d.6BE980C6D56BC8F5BFFB2FD2E837649E.e.12262","ELEMENT":"f.E133658EE593DCD45430D97DE730ABAE.d.6BE980C6D56BC8F5BFFB2FD2E837649E.e.12262"}]}
COMMAND: GET /session/4a7493391aacd7fc37792e05064413e7/element/f.E133658EE593DCD45430D97DE730ABAE.d.6BE980C6D56BC8F5BFFB2FD2E837649E.e.12262/enabled - {}
COMMAND: GET /session/4a7493391aacd7fc37792e05064413e7/screenshot - {}
RESULT: {}
COMMAND: POST /session/4a7493391aacd7fc37792e05064413e7/element/f.E133658EE593DCD45430D97DE730ABAE.d.6BE980C6D56BC8F5BFFB2FD2E837649E.e.12262/click - {}
COMMAND: GET /session/4a7493391aacd7fc37792e05064413e7/screenshot - {}
RESULT: {}
RESULT: {}
COMMAND: GET /session/4a7493391aacd7fc37792e05064413e7/screenshot - {}
RESULT: {}
RESULT: {}
COMMAND: POST /session/4a7493391aacd7fc37792e05064413e7/element/f.E133658EE593DCD45430D97DE730ABAE.d.6BE980C6D56BC8F5BFFB2FD2E837649E.e.12262/clear - {}
RESULT: {}
COMMAND: POST /session/4a7493391aacd7fc37792e05064413e7/element/f.E133658EE593DCD45430D97DE730ABAE.d.6BE980C6D56BC8F5BFFB2FD2E837649E.e.12262/value - {"text":"10348"}
COMMAND: GET /session/4a7493391aacd7fc37792e05064413e7/screenshot - {}
RESULT: {"text":"10348"}
COMMAND: POST /session/4a7493391aacd7fc37792e05064413e7/actions - {"actions":[{"id":"action44","type":"key","parameters":{},"actions":[{"type":"keyDown","value":"î€‡"},{"type":"pause","duration":10},{"type":"keyUp","value":"î€‡"}]}]}
COMMAND: GET /session/4a7493391aacd7fc37792e05064413e7/screenshot - {}
RESULT: {}
RESULT: {"actions":[{"id":"action44","type":"key","parameters":{},"actions":[{"type":"keyDown","value":"î€‡"},{"type":"pause","duration":10},{"type":"keyUp","value":"î€‡"}]}]}
COMMAND: GET /session/4a7493391aacd7fc37792e05064413e7/screenshot - {}
RESULT: {}
RESULT: {}
COMMAND: POST /session/4a7493391aacd7fc37792e05064413e7/element - {"using":"xpath","value":"//span[contains(@id ,\"application-billingtransfer-display-component---billingWorkbench--smartTableBillingRuns-header-inner\")]"}
RESULT: {"using":"xpath","value":"//span[contains(@id ,\"application-billingtransfer-display-component---billingWorkbench--smartTableBillingRuns-header-inner\")]"}
COMMAND: POST /session/4a7493391aacd7fc37792e05064413e7/elements - {"using":"xpath","value":"//span[contains(@id ,\"application-billingtransfer-display-component---billingWorkbench--smartTableBillingRuns-header-inner\")]"}
RESULT: {"using":"xpath","value":"//span[contains(@id ,\"application-billingtransfer-display-component---billingWorkbench--smartTableBillingRuns-header-inner\")]"}
COMMAND: POST /session/4a7493391aacd7fc37792e05064413e7/execute/sync - {"script":"<script> [56 bytes]","args":[{"element-6066-11e4-a52e-4f735466cecf":"f.E133658EE593DCD45430D97DE730ABAE.d.6BE980C6D56BC8F5BFFB2FD2E837649E.e.12421","ELEMENT":"f.E133658EE593DCD45430D97DE730ABAE.d.6BE980C6D56BC8F5BFFB2FD2E837649E.e.12421"}]}
RESULT: {"script":"<script> [56 bytes]","args":[{"element-6066-11e4-a52e-4f735466cecf":"f.E133658EE593DCD45430D97DE730ABAE.d.6BE980C6D56BC8F5BFFB2FD2E837649E.e.12421","ELEMENT":"f.E133658EE593DCD45430D97DE730ABAE.d.6BE980C6D56BC8F5BFFB2FD2E837649E.e.12421"}]}
COMMAND: GET /session/4a7493391aacd7fc37792e05064413e7/screenshot - {}
RESULT: {}
COMMAND: POST /session/4a7493391aacd7fc37792e05064413e7/execute/sync - {"script":"<script> [56 bytes]","args":[{"element-6066-11e4-a52e-4f735466cecf":"f.E133658EE593DCD45430D97DE730ABAE.d.6BE980C6D56BC8F5BFFB2FD2E837649E.e.12421","ELEMENT":"f.E133658EE593DCD45430D97DE730ABAE.d.6BE980C6D56BC8F5BFFB2FD2E837649E.e.12421"}]}
RESULT: {"script":"<script> [56 bytes]","args":[{"element-6066-11e4-a52e-4f735466cecf":"f.E133658EE593DCD45430D97DE730ABAE.d.6BE980C6D56BC8F5BFFB2FD2E837649E.e.12421","ELEMENT":"f.E133658EE593DCD45430D97DE730ABAE.d.6BE980C6D56BC8F5BFFB2FD2E837649E.e.12421"}]}
COMMAND: GET /session/4a7493391aacd7fc37792e05064413e7/screenshot - {}
RESULT: {}
COMMAND: POST /session/4a7493391aacd7fc37792e05064413e7/execute/sync - {"script":"<script> [56 bytes]","args":[{"element-6066-11e4-a52e-4f735466cecf":"f.E133658EE593DCD45430D97DE730ABAE.d.6BE980C6D56BC8F5BFFB2FD2E837649E.e.12421","ELEMENT":"f.E133658EE593DCD45430D97DE730ABAE.d.6BE980C6D56BC8F5BFFB2FD2E837649E.e.12421"}]}
RESULT: {"script":"<script> [56 bytes]","args":[{"element-6066-11e4-a52e-4f735466cecf":"f.E133658EE593DCD45430D97DE730ABAE.d.6BE980C6D56BC8F5BFFB2FD2E837649E.e.12421","ELEMENT":"f.E133658EE593DCD45430D97DE730ABAE.d.6BE980C6D56BC8F5BFFB2FD2E837649E.e.12421"}]}
COMMAND: GET /session/4a7493391aacd7fc37792e05064413e7/screenshot - {}
RESULT: {}
COMMAND: POST /session/4a7493391aacd7fc37792e05064413e7/execute/sync - {"script":"<script> [56 bytes]","args":[{"element-6066-11e4-a52e-4f735466cecf":"f.E133658EE593DCD45430D97DE730ABAE.d.6BE980C6D56BC8F5BFFB2FD2E837649E.e.12421","ELEMENT":"f.E133658EE593DCD45430D97DE730ABAE.d.6BE980C6D56BC8F5BFFB2FD2E837649E.e.12421"}]}
RESULT: {"script":"<script> [56 bytes]","args":[{"element-6066-11e4-a52e-4f735466cecf":"f.E133658EE593DCD45430D97DE730ABAE.d.6BE980C6D56BC8F5BFFB2FD2E837649E.e.12421","ELEMENT":"f.E133658EE593DCD45430D97DE730ABAE.d.6BE980C6D56BC8F5BFFB2FD2E837649E.e.12421"}]}
COMMAND: GET /session/4a7493391aacd7fc37792e05064413e7/screenshot - {}
RESULT: {}
COMMAND: POST /session/4a7493391aacd7fc37792e05064413e7/execute/sync - {"script":"<script> [56 bytes]","args":[{"element-6066-11e4-a52e-4f735466cecf":"f.E133658EE593DCD45430D97DE730ABAE.d.6BE980C6D56BC8F5BFFB2FD2E837649E.e.12421","ELEMENT":"f.E133658EE593DCD45430D97DE730ABAE.d.6BE980C6D56BC8F5BFFB2FD2E837649E.e.12421"}]}
RESULT: {"script":"<script> [56 bytes]","args":[{"element-6066-11e4-a52e-4f735466cecf":"f.E133658EE593DCD45430D97DE730ABAE.d.6BE980C6D56BC8F5BFFB2FD2E837649E.e.12421","ELEMENT":"f.E133658EE593DCD45430D97DE730ABAE.d.6BE980C6D56BC8F5BFFB2FD2E837649E.e.12421"}]}
COMMAND: GET /session/4a7493391aacd7fc37792e05064413e7/screenshot - {}
RESULT: {}
COMMAND: POST /session/4a7493391aacd7fc37792e05064413e7/execute/sync - {"script":"<script> [56 bytes]","args":[{"element-6066-11e4-a52e-4f735466cecf":"f.E133658EE593DCD45430D97DE730ABAE.d.6BE980C6D56BC8F5BFFB2FD2E837649E.e.12421","ELEMENT":"f.E133658EE593DCD45430D97DE730ABAE.d.6BE980C6D56BC8F5BFFB2FD2E837649E.e.12421"}]}
RESULT: {"script":"<script> [56 bytes]","args":[{"element-6066-11e4-a52e-4f735466cecf":"f.E133658EE593DCD45430D97DE730ABAE.d.6BE980C6D56BC8F5BFFB2FD2E837649E.e.12421","ELEMENT":"f.E133658EE593DCD45430D97DE730ABAE.d.6BE980C6D56BC8F5BFFB2FD2E837649E.e.12421"}]}
COMMAND: GET /session/4a7493391aacd7fc37792e05064413e7/screenshot - {}
RESULT: {}
COMMAND: POST /session/4a7493391aacd7fc37792e05064413e7/execute/sync - {"script":"<script> [56 bytes]","args":[{"element-6066-11e4-a52e-4f735466cecf":"f.E133658EE593DCD45430D97DE730ABAE.d.6BE980C6D56BC8F5BFFB2FD2E837649E.e.12421","ELEMENT":"f.E133658EE593DCD45430D97DE730ABAE.d.6BE980C6D56BC8F5BFFB2FD2E837649E.e.12421"}]}
RESULT: {"script":"<script> [56 bytes]","args":[{"element-6066-11e4-a52e-4f735466cecf":"f.E133658EE593DCD45430D97DE730ABAE.d.6BE980C6D56BC8F5BFFB2FD2E837649E.e.12421","ELEMENT":"f.E133658EE593DCD45430D97DE730ABAE.d.6BE980C6D56BC8F5BFFB2FD2E837649E.e.12421"}]}
COMMAND: GET /session/4a7493391aacd7fc37792e05064413e7/screenshot - {}
RESULT: {}
COMMAND: POST /session/4a7493391aacd7fc37792e05064413e7/execute/sync - {"script":"<script> [56 bytes]","args":[{"element-6066-11e4-a52e-4f735466cecf":"f.E133658EE593DCD45430D97DE730ABAE.d.6BE980C6D56BC8F5BFFB2FD2E837649E.e.12421","ELEMENT":"f.E133658EE593DCD45430D97DE730ABAE.d.6BE980C6D56BC8F5BFFB2FD2E837649E.e.12421"}]}
RESULT: {"script":"<script> [56 bytes]","args":[{"element-6066-11e4-a52e-4f735466cecf":"f.E133658EE593DCD45430D97DE730ABAE.d.6BE980C6D56BC8F5BFFB2FD2E837649E.e.12421","ELEMENT":"f.E133658EE593DCD45430D97DE730ABAE.d.6BE980C6D56BC8F5BFFB2FD2E837649E.e.12421"}]}
COMMAND: GET /session/4a7493391aacd7fc37792e05064413e7/screenshot - {}
RESULT: {}
COMMAND: POST /session/4a7493391aacd7fc37792e05064413e7/execute/sync - {"script":"<script> [56 bytes]","args":[{"element-6066-11e4-a52e-4f735466cecf":"f.E133658EE593DCD45430D97DE730ABAE.d.6BE980C6D56BC8F5BFFB2FD2E837649E.e.12421","ELEMENT":"f.E133658EE593DCD45430D97DE730ABAE.d.6BE980C6D56BC8F5BFFB2FD2E837649E.e.12421"}]}
RESULT: {"script":"<script> [56 bytes]","args":[{"element-6066-11e4-a52e-4f735466cecf":"f.E133658EE593DCD45430D97DE730ABAE.d.6BE980C6D56BC8F5BFFB2FD2E837649E.e.12421","ELEMENT":"f.E133658EE593DCD45430D97DE730ABAE.d.6BE980C6D56BC8F5BFFB2FD2E837649E.e.12421"}]}
COMMAND: GET /session/4a7493391aacd7fc37792e05064413e7/screenshot - {}
RESULT: {}
COMMAND: POST /session/4a7493391aacd7fc37792e05064413e7/execute/sync - {"script":"<script> [56 bytes]","args":[{"element-6066-11e4-a52e-4f735466cecf":"f.E133658EE593DCD45430D97DE730ABAE.d.6BE980C6D56BC8F5BFFB2FD2E837649E.e.12421","ELEMENT":"f.E133658EE593DCD45430D97DE730ABAE.d.6BE980C6D56BC8F5BFFB2FD2E837649E.e.12421"}]}
RESULT: {"script":"<script> [56 bytes]","args":[{"element-6066-11e4-a52e-4f735466cecf":"f.E133658EE593DCD45430D97DE730ABAE.d.6BE980C6D56BC8F5BFFB2FD2E837649E.e.12421","ELEMENT":"f.E133658EE593DCD45430D97DE730ABAE.d.6BE980C6D56BC8F5BFFB2FD2E837649E.e.12421"}]}
COMMAND: GET /session/4a7493391aacd7fc37792e05064413e7/screenshot - {}
RESULT: {}
COMMAND: POST /session/4a7493391aacd7fc37792e05064413e7/execute/sync - {"script":"<script> [56 bytes]","args":[{"element-6066-11e4-a52e-4f735466cecf":"f.E133658EE593DCD45430D97DE730ABAE.d.6BE980C6D56BC8F5BFFB2FD2E837649E.e.12421","ELEMENT":"f.E133658EE593DCD45430D97DE730ABAE.d.6BE980C6D56BC8F5BFFB2FD2E837649E.e.12421"}]}
RESULT: {"script":"<script> [56 bytes]","args":[{"element-6066-11e4-a52e-4f735466cecf":"f.E133658EE593DCD45430D97DE730ABAE.d.6BE980C6D56BC8F5BFFB2FD2E837649E.e.12421","ELEMENT":"f.E133658EE593DCD45430D97DE730ABAE.d.6BE980C6D56BC8F5BFFB2FD2E837649E.e.12421"}]}
COMMAND: GET /session/4a7493391aacd7fc37792e05064413e7/screenshot - {}
RESULT: {}
COMMAND: POST /session/4a7493391aacd7fc37792e05064413e7/execute/sync - {"script":"<script> [56 bytes]","args":[{"element-6066-11e4-a52e-4f735466cecf":"f.E133658EE593DCD45430D97DE730ABAE.d.6BE980C6D56BC8F5BFFB2FD2E837649E.e.12421","ELEMENT":"f.E133658EE593DCD45430D97DE730ABAE.d.6BE980C6D56BC8F5BFFB2FD2E837649E.e.12421"}]}
RESULT: {"script":"<script> [56 bytes]","args":[{"element-6066-11e4-a52e-4f735466cecf":"f.E133658EE593DCD45430D97DE730ABAE.d.6BE980C6D56BC8F5BFFB2FD2E837649E.e.12421","ELEMENT":"f.E133658EE593DCD45430D97DE730ABAE.d.6BE980C6D56BC8F5BFFB2FD2E837649E.e.12421"}]}
COMMAND: GET /session/4a7493391aacd7fc37792e05064413e7/screenshot - {}
RESULT: {}
COMMAND: POST /session/4a7493391aacd7fc37792e05064413e7/execute/sync - {"script":"<script> [56 bytes]","args":[{"element-6066-11e4-a52e-4f735466cecf":"f.E133658EE593DCD45430D97DE730ABAE.d.6BE980C6D56BC8F5BFFB2FD2E837649E.e.12421","ELEMENT":"f.E133658EE593DCD45430D97DE730ABAE.d.6BE980C6D56BC8F5BFFB2FD2E837649E.e.12421"}]}
RESULT: {"script":"<script> [56 bytes]","args":[{"element-6066-11e4-a52e-4f735466cecf":"f.E133658EE593DCD45430D97DE730ABAE.d.6BE980C6D56BC8F5BFFB2FD2E837649E.e.12421","ELEMENT":"f.E133658EE593DCD45430D97DE730ABAE.d.6BE980C6D56BC8F5BFFB2FD2E837649E.e.12421"}]}
COMMAND: GET /session/4a7493391aacd7fc37792e05064413e7/screenshot - {}
RESULT: {}
COMMAND: POST /session/4a7493391aacd7fc37792e05064413e7/execute/sync - {"script":"<script> [56 bytes]","args":[{"element-6066-11e4-a52e-4f735466cecf":"f.E133658EE593DCD45430D97DE730ABAE.d.6BE980C6D56BC8F5BFFB2FD2E837649E.e.12421","ELEMENT":"f.E133658EE593DCD45430D97DE730ABAE.d.6BE980C6D56BC8F5BFFB2FD2E837649E.e.12421"}]}
RESULT: {"script":"<script> [56 bytes]","args":[{"element-6066-11e4-a52e-4f735466cecf":"f.E133658EE593DCD45430D97DE730ABAE.d.6BE980C6D56BC8F5BFFB2FD2E837649E.e.12421","ELEMENT":"f.E133658EE593DCD45430D97DE730ABAE.d.6BE980C6D56BC8F5BFFB2FD2E837649E.e.12421"}]}
COMMAND: GET /session/4a7493391aacd7fc37792e05064413e7/screenshot - {}
RESULT: {}
COMMAND: POST /session/4a7493391aacd7fc37792e05064413e7/execute/sync - {"script":"<script> [56 bytes]","args":[{"element-6066-11e4-a52e-4f735466cecf":"f.E133658EE593DCD45430D97DE730ABAE.d.6BE980C6D56BC8F5BFFB2FD2E837649E.e.12421","ELEMENT":"f.E133658EE593DCD45430D97DE730ABAE.d.6BE980C6D56BC8F5BFFB2FD2E837649E.e.12421"}]}
RESULT: {"script":"<script> [56 bytes]","args":[{"element-6066-11e4-a52e-4f735466cecf":"f.E133658EE593DCD45430D97DE730ABAE.d.6BE980C6D56BC8F5BFFB2FD2E837649E.e.12421","ELEMENT":"f.E133658EE593DCD45430D97DE730ABAE.d.6BE980C6D56BC8F5BFFB2FD2E837649E.e.12421"}]}
COMMAND: GET /session/4a7493391aacd7fc37792e05064413e7/screenshot - {}
RESULT: {}
COMMAND: POST /session/4a7493391aacd7fc37792e05064413e7/execute/sync - {"script":"<script> [56 bytes]","args":[{"element-6066-11e4-a52e-4f735466cecf":"f.E133658EE593DCD45430D97DE730ABAE.d.6BE980C6D56BC8F5BFFB2FD2E837649E.e.12421","ELEMENT":"f.E133658EE593DCD45430D97DE730ABAE.d.6BE980C6D56BC8F5BFFB2FD2E837649E.e.12421"}]}
RESULT: {"script":"<script> [56 bytes]","args":[{"element-6066-11e4-a52e-4f735466cecf":"f.E133658EE593DCD45430D97DE730ABAE.d.6BE980C6D56BC8F5BFFB2FD2E837649E.e.12421","ELEMENT":"f.E133658EE593DCD45430D97DE730ABAE.d.6BE980C6D56BC8F5BFFB2FD2E837649E.e.12421"}]}
COMMAND: GET /session/4a7493391aacd7fc37792e05064413e7/screenshot - {}
RESULT: {}
COMMAND: POST /session/4a7493391aacd7fc37792e05064413e7/execute/sync - {"script":"<script> [56 bytes]","args":[{"element-6066-11e4-a52e-4f735466cecf":"f.E133658EE593DCD45430D97DE730ABAE.d.6BE980C6D56BC8F5BFFB2FD2E837649E.e.12421","ELEMENT":"f.E133658EE593DCD45430D97DE730ABAE.d.6BE980C6D56BC8F5BFFB2FD2E837649E.e.12421"}]}
RESULT: {"script":"<script> [56 bytes]","args":[{"element-6066-11e4-a52e-4f735466cecf":"f.E133658EE593DCD45430D97DE730ABAE.d.6BE980C6D56BC8F5BFFB2FD2E837649E.e.12421","ELEMENT":"f.E133658EE593DCD45430D97DE730ABAE.d.6BE980C6D56BC8F5BFFB2FD2E837649E.e.12421"}]}
COMMAND: GET /session/4a7493391aacd7fc37792e05064413e7/screenshot - {}
RESULT: {}
COMMAND: POST /session/4a7493391aacd7fc37792e05064413e7/execute/sync - {"script":"<script> [56 bytes]","args":[{"element-6066-11e4-a52e-4f735466cecf":"f.E133658EE593DCD45430D97DE730ABAE.d.6BE980C6D56BC8F5BFFB2FD2E837649E.e.12421","ELEMENT":"f.E133658EE593DCD45430D97DE730ABAE.d.6BE980C6D56BC8F5BFFB2FD2E837649E.e.12421"}]}
RESULT: {"script":"<script> [56 bytes]","args":[{"element-6066-11e4-a52e-4f735466cecf":"f.E133658EE593DCD45430D97DE730ABAE.d.6BE980C6D56BC8F5BFFB2FD2E837649E.e.12421","ELEMENT":"f.E133658EE593DCD45430D97DE730ABAE.d.6BE980C6D56BC8F5BFFB2FD2E837649E.e.12421"}]}
COMMAND: GET /session/4a7493391aacd7fc37792e05064413e7/screenshot - {}
RESULT: {}
COMMAND: POST /session/4a7493391aacd7fc37792e05064413e7/execute/sync - {"script":"<script> [56 bytes]","args":[{"element-6066-11e4-a52e-4f735466cecf":"f.E133658EE593DCD45430D97DE730ABAE.d.6BE980C6D56BC8F5BFFB2FD2E837649E.e.12421","ELEMENT":"f.E133658EE593DCD45430D97DE730ABAE.d.6BE980C6D56BC8F5BFFB2FD2E837649E.e.12421"}]}
RESULT: {"script":"<script> [56 bytes]","args":[{"element-6066-11e4-a52e-4f735466cecf":"f.E133658EE593DCD45430D97DE730ABAE.d.6BE980C6D56BC8F5BFFB2FD2E837649E.e.12421","ELEMENT":"f.E133658EE593DCD45430D97DE730ABAE.d.6BE980C6D56BC8F5BFFB2FD2E837649E.e.12421"}]}
COMMAND: GET /session/4a7493391aacd7fc37792e05064413e7/screenshot - {}
RESULT: {}
COMMAND: POST /session/4a7493391aacd7fc37792e05064413e7/execute/sync - {"script":"<script> [56 bytes]","args":[{"element-6066-11e4-a52e-4f735466cecf":"f.E133658EE593DCD45430D97DE730ABAE.d.6BE980C6D56BC8F5BFFB2FD2E837649E.e.12421","ELEMENT":"f.E133658EE593DCD45430D97DE730ABAE.d.6BE980C6D56BC8F5BFFB2FD2E837649E.e.12421"}]}
RESULT: {"script":"<script> [56 bytes]","args":[{"element-6066-11e4-a52e-4f735466cecf":"f.E133658EE593DCD45430D97DE730ABAE.d.6BE980C6D56BC8F5BFFB2FD2E837649E.e.12421","ELEMENT":"f.E133658EE593DCD45430D97DE730ABAE.d.6BE980C6D56BC8F5BFFB2FD2E837649E.e.12421"}]}
COMMAND: GET /session/4a7493391aacd7fc37792e05064413e7/screenshot - {}
RESULT: {}
COMMAND: POST /session/4a7493391aacd7fc37792e05064413e7/execute/sync - {"script":"<script> [56 bytes]","args":[{"element-6066-11e4-a52e-4f735466cecf":"f.E133658EE593DCD45430D97DE730ABAE.d.6BE980C6D56BC8F5BFFB2FD2E837649E.e.12421","ELEMENT":"f.E133658EE593DCD45430D97DE730ABAE.d.6BE980C6D56BC8F5BFFB2FD2E837649E.e.12421"}]}
RESULT: {"script":"<script> [56 bytes]","args":[{"element-6066-11e4-a52e-4f735466cecf":"f.E133658EE593DCD45430D97DE730ABAE.d.6BE980C6D56BC8F5BFFB2FD2E837649E.e.12421","ELEMENT":"f.E133658EE593DCD45430D97DE730ABAE.d.6BE980C6D56BC8F5BFFB2FD2E837649E.e.12421"}]}
COMMAND: POST /session/4a7493391aacd7fc37792e05064413e7/element - {"using":"css selector","value":"#shell-header-logo"}
COMMAND: GET /session/4a7493391aacd7fc37792e05064413e7/screenshot - {}
RESULT: {"using":"css selector","value":"#shell-header-logo"}
COMMAND: POST /session/4a7493391aacd7fc37792e05064413e7/element/f.E133658EE593DCD45430D97DE730ABAE.d.6BE980C6D56BC8F5BFFB2FD2E837649E.e.12260/click - {}
RESULT: {}
RESULT: {}
COMMAND: GET /session/4a7493391aacd7fc37792e05064413e7/screenshot - {}
RESULT: {}
COMMAND: POST /session/4a7493391aacd7fc37792e05064413e7/element - {"using":"css selector","value":"#j_username"}
COMMAND: POST /session/4a7493391aacd7fc37792e05064413e7/url - {"url":"https://qa-testing-00-live-etm-ui.cfapps.eu10-004.hana.ondemand.com/"}
RESULT: {"using":"css selector","value":"#j_username"}
COMMAND: POST /session/4a7493391aacd7fc37792e05064413e7/element - {"using":"css selector","value":"#j_username"}
RESULT: {"url":"https://qa-testing-00-live-etm-ui.cfapps.eu10-004.hana.ondemand.com/"}
RESULT: undefined
COMMAND: GET /session/4a7493391aacd7fc37792e05064413e7/screenshot - {}
RESULT: {"using":"css selector","value":"#j_username"}
COMMAND: POST /session/4a7493391aacd7fc37792e05064413e7/element - {"using":"css selector","value":"#shell-header-logo"}
RESULT: {}
RESULT: {"using":"css selector","value":"#shell-header-logo"}
COMMAND: POST /session/4a7493391aacd7fc37792e05064413e7/execute/sync - {"script":"<script> [8489 bytes]","args":[{"element-6066-11e4-a52e-4f735466cecf":"f.E133658EE593DCD45430D97DE730ABAE.d.E70BDC9E7CB13799B8202E94CFCCF253.e.12461","ELEMENT":"f.E133658EE593DCD45430D97DE730ABAE.d.E70BDC9E7CB13799B8202E94CFCCF253.e.12461"}]}
RESULT: {"script":"<script> [8489 bytes]","args":[{"element-6066-11e4-a52e-4f735466cecf":"f.E133658EE593DCD45430D97DE730ABAE.d.E70BDC9E7CB13799B8202E94CFCCF253.e.12461","ELEMENT":"f.E133658EE593DCD45430D97DE730ABAE.d.E70BDC9E7CB13799B8202E94CFCCF253.e.12461"}]}
COMMAND: POST /session/4a7493391aacd7fc37792e05064413e7/element - {"using":"css selector","value":"#shell-header-logo"}
COMMAND: GET /session/4a7493391aacd7fc37792e05064413e7/screenshot - {}
RESULT: {"using":"css selector","value":"#shell-header-logo"}
COMMAND: POST /session/4a7493391aacd7fc37792e05064413e7/execute/sync - {"script":"<script> [8489 bytes]","args":[{"element-6066-11e4-a52e-4f735466cecf":"f.E133658EE593DCD45430D97DE730ABAE.d.E70BDC9E7CB13799B8202E94CFCCF253.e.12461","ELEMENT":"f.E133658EE593DCD45430D97DE730ABAE.d.E70BDC9E7CB13799B8202E94CFCCF253.e.12461"}]}
RESULT: {}
RESULT: {"script":"<script> [8489 bytes]","args":[{"element-6066-11e4-a52e-4f735466cecf":"f.E133658EE593DCD45430D97DE730ABAE.d.E70BDC9E7CB13799B8202E94CFCCF253.e.12461","ELEMENT":"f.E133658EE593DCD45430D97DE730ABAE.d.E70BDC9E7CB13799B8202E94CFCCF253.e.12461"}]}
COMMAND: POST /session/4a7493391aacd7fc37792e05064413e7/execute/sync - {"script":"<script> [5351 bytes]","args":[{"element-6066-11e4-a52e-4f735466cecf":"f.E133658EE593DCD45430D97DE730ABAE.d.E70BDC9E7CB13799B8202E94CFCCF253.e.12461","ELEMENT":"f.E133658EE593DCD45430D97DE730ABAE.d.E70BDC9E7CB13799B8202E94CFCCF253.e.12461"}]}
COMMAND: GET /session/4a7493391aacd7fc37792e05064413e7/screenshot - {}
RESULT: {"script":"<script> [5351 bytes]","args":[{"element-6066-11e4-a52e-4f735466cecf":"f.E133658EE593DCD45430D97DE730ABAE.d.E70BDC9E7CB13799B8202E94CFCCF253.e.12461","ELEMENT":"f.E133658EE593DCD45430D97DE730ABAE.d.E70BDC9E7CB13799B8202E94CFCCF253.e.12461"}]}
COMMAND: POST /session/4a7493391aacd7fc37792e05064413e7/element - {"using":"css selector","value":"#shell-header-logo"}
COMMAND: GET /session/4a7493391aacd7fc37792e05064413e7/screenshot - {}
RESULT: {}
RESULT: {"using":"css selector","value":"#shell-header-logo"}
COMMAND: POST /session/4a7493391aacd7fc37792e05064413e7/element/f.E133658EE593DCD45430D97DE730ABAE.d.E70BDC9E7CB13799B8202E94CFCCF253.e.12461/click - {}
RESULT: {}
RESULT: {}
COMMAND: GET /session/4a7493391aacd7fc37792e05064413e7/screenshot - {}
RESULT: {}
COMMAND: POST /session/4a7493391aacd7fc37792e05064413e7/execute/async - {"script":"<script> [189 bytes]","args":[]}
RESULT: {"script":"<script> [189 bytes]","args":[]}
COMMAND: POST /session/4a7493391aacd7fc37792e05064413e7/execute/async - {"script":"<script> [123 bytes]","args":[]}
RESULT: {"script":"<script> [123 bytes]","args":[]}
COMMAND: POST /session/4a7493391aacd7fc37792e05064413e7/timeouts - {"script":"<number>"}
RESULT: {"script":"<number>"}
COMMAND: GET /session/4a7493391aacd7fc37792e05064413e7/timeouts - {}
RESULT: {}
RESULT: undefined
COMMAND: POST /session/4a7493391aacd7fc37792e05064413e7/execute/async - {"script":"<script> [2676 bytes]","args":[]}
RESULT: {"script":"<script> [2676 bytes]","args":[]}
COMMAND: POST /session/4a7493391aacd7fc37792e05064413e7/execute/async - {"script":"<script> [2342 bytes]","args":[{"protocol":"http","hostname":"0.0.0.0","path":"/","capabilities":{"browserName":"chrome","goog:chromeOptions":{"binary":"C:\\Program Files\\Google\\Chrome\\Application\\chrome.exe","args":["--start-maximized"]}},"logLevel":"warn","connectionRetryTimeout":120000,"connectionRetryCount":3,"logLevels":{},"enableDirectConnect":true,"strictSSL":true,"_":"65 more keys: [\"cacheDir\",\"port\",\"requestedCapabilities\",\"automationProtocol\",\"baseUrl\",\"waitforInterval\",\"waitforTimeout\",\"onReload\",\"beforeCommand\",\"afterCommand\",\"rootDir\",\"specs\",\"suites\",\"exclude\",\"groupLogsByTestSpec\",\"excludeDriverLogs\",\"bail\",\"framework\",\"reporters\",\"services\",\"maxInstances\",\"maxInstancesPerCapability\",\"injectGlobals\",\"filesToWatch\",\"execArgv\",\"runnerEnv\",\"runner\",\"shard\",\"specFileRetries\",\"specFileRetriesDelay\",\"specFileRetriesDeferred\",\"reporterSyncInterval\",\"reporterSyncTimeout\",\"cucumberFeaturesWithLineNumbers\",\"autoCompileOpts\",\"mochaOpts\",\"jasmineOpts\",\"cucumberOpts\",\"onPrepare\",\"onWorkerStart\",\"onWorkerEnd\",\"before\",\"beforeSession\",\"beforeSuite\",\"beforeHook\",\"beforeTest\",\"afterTest\",\"afterHook\",\"afterSuite\",\"afterSession\",\"after\",\"onComplete\",\"beforeAssertion\",\"afterAssertion\",\"beforeFeature\",\"beforeScenario\",\"beforeStep\",\"afterStep\",\"afterScenario\",\"afterFeature\",\"_\",\"suite\",\"$0\",\"ignoredWorkerServices\",\"wdi5\"]"}]}
RESULT: {"script":"<script> [2342 bytes]","args":[{"protocol":"http","hostname":"0.0.0.0","path":"/","capabilities":{"browserName":"chrome","goog:chromeOptions":{"binary":"C:\\Program Files\\Google\\Chrome\\Application\\chrome.exe","args":["--start-maximized"]}},"logLevel":"warn","connectionRetryTimeout":120000,"connectionRetryCount":3,"logLevels":{},"enableDirectConnect":true,"strictSSL":true,"_":"65 more keys: [\"cacheDir\",\"port\",\"requestedCapabilities\",\"automationProtocol\",\"baseUrl\",\"waitforInterval\",\"waitforTimeout\",\"onReload\",\"beforeCommand\",\"afterCommand\",\"rootDir\",\"specs\",\"suites\",\"exclude\",\"groupLogsByTestSpec\",\"excludeDriverLogs\",\"bail\",\"framework\",\"reporters\",\"services\",\"maxInstances\",\"maxInstancesPerCapability\",\"injectGlobals\",\"filesToWatch\",\"execArgv\",\"runnerEnv\",\"runner\",\"shard\",\"specFileRetries\",\"specFileRetriesDelay\",\"specFileRetriesDeferred\",\"reporterSyncInterval\",\"reporterSyncTimeout\",\"cucumberFeaturesWithLineNumbers\",\"autoCompileOpts\",\"mochaOpts\",\"jasmineOpts\",\"cucumberOpts\",\"onPrepare\",\"onWorkerStart\",\"onWorkerEnd\",\"before\",\"beforeSession\",\"beforeSuite\",\"beforeHook\",\"beforeTest\",\"afterTest\",\"afterHook\",\"afterSuite\",\"afterSession\",\"after\",\"onComplete\",\"beforeAssertion\",\"afterAssertion\",\"beforeFeature\",\"beforeScenario\",\"beforeStep\",\"afterStep\",\"afterScenario\",\"afterFeature\",\"_\",\"suite\",\"$0\",\"ignoredWorkerServices\",\"wdi5\"]"}]}
COMMAND: POST /session/4a7493391aacd7fc37792e05064413e7/execute/async - {"script":"<script> [21126 bytes]","args":[35000]}
RESULT: {"script":"<script> [21126 bytes]","args":[35000]}
COMMAND: POST /session/4a7493391aacd7fc37792e05064413e7/window/maximize - {}
RESULT: {}
COMMAND: POST /session/4a7493391aacd7fc37792e05064413e7/execute/async - {"script":"<script> [1562 bytes]","args":[{"selector":{"id":"shell-header","interaction":{"idSuffix":"icon"}},"wdio_ui5_key":"shellheader"}]}
COMMAND: GET /session/4a7493391aacd7fc37792e05064413e7/screenshot - {}
RESULT: {"script":"<script> [1562 bytes]","args":[{"selector":{"id":"shell-header","interaction":{"idSuffix":"icon"}},"wdio_ui5_key":"shellheader"}]}
RESULT: undefined
COMMAND: POST /session/4a7493391aacd7fc37792e05064413e7/refresh - {}
RESULT: {}
RESULT: {}
COMMAND: GET /session/4a7493391aacd7fc37792e05064413e7/screenshot - {}
RESULT: {}
COMMAND: POST /session/4a7493391aacd7fc37792e05064413e7/refresh - {}
RESULT: {}
COMMAND: GET /session/4a7493391aacd7fc37792e05064413e7/screenshot - {}
RESULT: {}
COMMAND: POST /session/4a7493391aacd7fc37792e05064413e7/window/fullscreen - {}
RESULT: {}
COMMAND: POST /session/4a7493391aacd7fc37792e05064413e7/execute/async - {"script":"<script> [189 bytes]","args":[]}
RESULT: {"script":"<script> [189 bytes]","args":[]}
COMMAND: POST /session/4a7493391aacd7fc37792e05064413e7/execute/async - {"script":"<script> [123 bytes]","args":[]}
RESULT: {"script":"<script> [123 bytes]","args":[]}
COMMAND: POST /session/4a7493391aacd7fc37792e05064413e7/timeouts - {"script":"<number>"}
RESULT: {"script":"<number>"}
COMMAND: GET /session/4a7493391aacd7fc37792e05064413e7/timeouts - {}
RESULT: {}
RESULT: undefined
COMMAND: POST /session/4a7493391aacd7fc37792e05064413e7/execute/async - {"script":"<script> [2676 bytes]","args":[]}
RESULT: {"script":"<script> [2676 bytes]","args":[]}
COMMAND: POST /session/4a7493391aacd7fc37792e05064413e7/execute/async - {"script":"<script> [2342 bytes]","args":[{"protocol":"http","hostname":"0.0.0.0","path":"/","capabilities":{"browserName":"chrome","goog:chromeOptions":{"binary":"C:\\Program Files\\Google\\Chrome\\Application\\chrome.exe","args":["--start-maximized"]}},"logLevel":"warn","connectionRetryTimeout":120000,"connectionRetryCount":3,"logLevels":{},"enableDirectConnect":true,"strictSSL":true,"_":"65 more keys: [\"cacheDir\",\"port\",\"requestedCapabilities\",\"automationProtocol\",\"baseUrl\",\"waitforInterval\",\"waitforTimeout\",\"onReload\",\"beforeCommand\",\"afterCommand\",\"rootDir\",\"specs\",\"suites\",\"exclude\",\"groupLogsByTestSpec\",\"excludeDriverLogs\",\"bail\",\"framework\",\"reporters\",\"services\",\"maxInstances\",\"maxInstancesPerCapability\",\"injectGlobals\",\"filesToWatch\",\"execArgv\",\"runnerEnv\",\"runner\",\"shard\",\"specFileRetries\",\"specFileRetriesDelay\",\"specFileRetriesDeferred\",\"reporterSyncInterval\",\"reporterSyncTimeout\",\"cucumberFeaturesWithLineNumbers\",\"autoCompileOpts\",\"mochaOpts\",\"jasmineOpts\",\"cucumberOpts\",\"onPrepare\",\"onWorkerStart\",\"onWorkerEnd\",\"before\",\"beforeSession\",\"beforeSuite\",\"beforeHook\",\"beforeTest\",\"afterTest\",\"afterHook\",\"afterSuite\",\"afterSession\",\"after\",\"onComplete\",\"beforeAssertion\",\"afterAssertion\",\"beforeFeature\",\"beforeScenario\",\"beforeStep\",\"afterStep\",\"afterScenario\",\"afterFeature\",\"_\",\"suite\",\"$0\",\"ignoredWorkerServices\",\"wdi5\"]"}]}
RESULT: {"script":"<script> [2342 bytes]","args":[{"protocol":"http","hostname":"0.0.0.0","path":"/","capabilities":{"browserName":"chrome","goog:chromeOptions":{"binary":"C:\\Program Files\\Google\\Chrome\\Application\\chrome.exe","args":["--start-maximized"]}},"logLevel":"warn","connectionRetryTimeout":120000,"connectionRetryCount":3,"logLevels":{},"enableDirectConnect":true,"strictSSL":true,"_":"65 more keys: [\"cacheDir\",\"port\",\"requestedCapabilities\",\"automationProtocol\",\"baseUrl\",\"waitforInterval\",\"waitforTimeout\",\"onReload\",\"beforeCommand\",\"afterCommand\",\"rootDir\",\"specs\",\"suites\",\"exclude\",\"groupLogsByTestSpec\",\"excludeDriverLogs\",\"bail\",\"framework\",\"reporters\",\"services\",\"maxInstances\",\"maxInstancesPerCapability\",\"injectGlobals\",\"filesToWatch\",\"execArgv\",\"runnerEnv\",\"runner\",\"shard\",\"specFileRetries\",\"specFileRetriesDelay\",\"specFileRetriesDeferred\",\"reporterSyncInterval\",\"reporterSyncTimeout\",\"cucumberFeaturesWithLineNumbers\",\"autoCompileOpts\",\"mochaOpts\",\"jasmineOpts\",\"cucumberOpts\",\"onPrepare\",\"onWorkerStart\",\"onWorkerEnd\",\"before\",\"beforeSession\",\"beforeSuite\",\"beforeHook\",\"beforeTest\",\"afterTest\",\"afterHook\",\"afterSuite\",\"afterSession\",\"after\",\"onComplete\",\"beforeAssertion\",\"afterAssertion\",\"beforeFeature\",\"beforeScenario\",\"beforeStep\",\"afterStep\",\"afterScenario\",\"afterFeature\",\"_\",\"suite\",\"$0\",\"ignoredWorkerServices\",\"wdi5\"]"}]}
COMMAND: POST /session/4a7493391aacd7fc37792e05064413e7/execute/async - {"script":"<script> [21126 bytes]","args":[35000]}
RESULT: {"script":"<script> [21126 bytes]","args":[35000]}
]]></system-out>
    </testcase>
  </testsuite>
  <testsuite timestamp="2025-04-29T17:53:48" time="627.35" tests="12" failures="0" errors="0" skipped="0">
    <properties>
      <property name="specId" value="0" />
      <property name="suiteName" value="Billing transfer US117289" />
      <property name="capabilities" value="chrome.135_0_7049_96.windows" />
      <property name="file" value="file:///D:/a/1/s/test/specs/BTS/billing-transfer.spec.js" />
    </properties>
    <testcase classname="chrome.135_0_7049_96.windows.Billing_transfer_US117289" name="Should create a new yard" time="0.01">
      <system-out><![CDATA[
COMMAND: POST /session/4a7493391aacd7fc37792e05064413e7/window/fullscreen - {}
RESULT: {}
]]></system-out>
    </testcase>
    <testcase classname="chrome.135_0_7049_96.windows.Billing_transfer_US117289" name="Should create a new partner" time="0.003" />
    <testcase classname="chrome.135_0_7049_96.windows.Billing_transfer_US117289" name="Should create a new site" time="0.003" />
    <testcase classname="chrome.135_0_7049_96.windows.Billing_transfer_US117289" name="Should create a new equipment" time="117.796">
      <system-out><![CDATA[
COMMAND: POST /session/4a7493391aacd7fc37792e05064413e7/execute/async - {"script":"<script> [1562 bytes]","args":[{"selector":{"controlType":"sap.m.GenericTile","properties":{"header":"Manage Resources"}},"wdio_ui5_key":"sapm.GenericTile{\"header\":\"Manage Resources\"}"}]}
RESULT: {"script":"<script> [1562 bytes]","args":[{"selector":{"controlType":"sap.m.GenericTile","properties":{"header":"Manage Resources"}},"wdio_ui5_key":"sapm.GenericTile{\"header\":\"Manage Resources\"}"}]}
RESULT: undefined
COMMAND: POST /session/4a7493391aacd7fc37792e05064413e7/element - {"using":"xpath","value":"//*[@id=\"__tile39\"]"}
RESULT: {"using":"xpath","value":"//*[@id=\"__tile39\"]"}
COMMAND: POST /session/4a7493391aacd7fc37792e05064413e7/element/f.E133658EE593DCD45430D97DE730ABAE.d.93F10972ACDEF479610CE8A7D1BDB095.e.12613/click - {}
RESULT: {}
COMMAND: POST /session/4a7493391aacd7fc37792e05064413e7/element - {"using":"xpath","value":"//button[@data-kt=\"addNewRUOverflowToolbarButton\"]"}
COMMAND: GET /session/4a7493391aacd7fc37792e05064413e7/screenshot - {}
RESULT: {"using":"xpath","value":"//button[@data-kt=\"addNewRUOverflowToolbarButton\"]"}
COMMAND: POST /session/4a7493391aacd7fc37792e05064413e7/elements - {"using":"xpath","value":"//button[@data-kt=\"addNewRUOverflowToolbarButton\"]"}
RESULT: {}
RESULT: {"using":"xpath","value":"//button[@data-kt=\"addNewRUOverflowToolbarButton\"]"}
COMMAND: POST /session/4a7493391aacd7fc37792e05064413e7/elements - {"using":"xpath","value":"//button[@data-kt=\"addNewRUOverflowToolbarButton\"]"}
RESULT: {"using":"xpath","value":"//button[@data-kt=\"addNewRUOverflowToolbarButton\"]"}
COMMAND: POST /session/4a7493391aacd7fc37792e05064413e7/elements - {"using":"xpath","value":"//button[@data-kt=\"addNewRUOverflowToolbarButton\"]"}
RESULT: {"using":"xpath","value":"//button[@data-kt=\"addNewRUOverflowToolbarButton\"]"}
COMMAND: POST /session/4a7493391aacd7fc37792e05064413e7/elements - {"using":"xpath","value":"//button[@data-kt=\"addNewRUOverflowToolbarButton\"]"}
RESULT: {"using":"xpath","value":"//button[@data-kt=\"addNewRUOverflowToolbarButton\"]"}
COMMAND: POST /session/4a7493391aacd7fc37792e05064413e7/elements - {"using":"xpath","value":"//button[@data-kt=\"addNewRUOverflowToolbarButton\"]"}
RESULT: {"using":"xpath","value":"//button[@data-kt=\"addNewRUOverflowToolbarButton\"]"}
COMMAND: POST /session/4a7493391aacd7fc37792e05064413e7/elements - {"using":"xpath","value":"//button[@data-kt=\"addNewRUOverflowToolbarButton\"]"}
RESULT: {"using":"xpath","value":"//button[@data-kt=\"addNewRUOverflowToolbarButton\"]"}
COMMAND: POST /session/4a7493391aacd7fc37792e05064413e7/elements - {"using":"xpath","value":"//button[@data-kt=\"addNewRUOverflowToolbarButton\"]"}
RESULT: {"using":"xpath","value":"//button[@data-kt=\"addNewRUOverflowToolbarButton\"]"}
COMMAND: POST /session/4a7493391aacd7fc37792e05064413e7/elements - {"using":"xpath","value":"//button[@data-kt=\"addNewRUOverflowToolbarButton\"]"}
RESULT: {"using":"xpath","value":"//button[@data-kt=\"addNewRUOverflowToolbarButton\"]"}
COMMAND: POST /session/4a7493391aacd7fc37792e05064413e7/elements - {"using":"xpath","value":"//button[@data-kt=\"addNewRUOverflowToolbarButton\"]"}
RESULT: {"using":"xpath","value":"//button[@data-kt=\"addNewRUOverflowToolbarButton\"]"}
COMMAND: POST /session/4a7493391aacd7fc37792e05064413e7/elements - {"using":"xpath","value":"//button[@data-kt=\"addNewRUOverflowToolbarButton\"]"}
RESULT: {"using":"xpath","value":"//button[@data-kt=\"addNewRUOverflowToolbarButton\"]"}
COMMAND: POST /session/4a7493391aacd7fc37792e05064413e7/elements - {"using":"xpath","value":"//button[@data-kt=\"addNewRUOverflowToolbarButton\"]"}
RESULT: {"using":"xpath","value":"//button[@data-kt=\"addNewRUOverflowToolbarButton\"]"}
COMMAND: POST /session/4a7493391aacd7fc37792e05064413e7/elements - {"using":"xpath","value":"//button[@data-kt=\"addNewRUOverflowToolbarButton\"]"}
RESULT: {"using":"xpath","value":"//button[@data-kt=\"addNewRUOverflowToolbarButton\"]"}
COMMAND: POST /session/4a7493391aacd7fc37792e05064413e7/elements - {"using":"xpath","value":"//button[@data-kt=\"addNewRUOverflowToolbarButton\"]"}
RESULT: {"using":"xpath","value":"//button[@data-kt=\"addNewRUOverflowToolbarButton\"]"}
COMMAND: POST /session/4a7493391aacd7fc37792e05064413e7/elements - {"using":"xpath","value":"//button[@data-kt=\"addNewRUOverflowToolbarButton\"]"}
RESULT: {"using":"xpath","value":"//button[@data-kt=\"addNewRUOverflowToolbarButton\"]"}
COMMAND: POST /session/4a7493391aacd7fc37792e05064413e7/elements - {"using":"xpath","value":"//button[@data-kt=\"addNewRUOverflowToolbarButton\"]"}
RESULT: {"using":"xpath","value":"//button[@data-kt=\"addNewRUOverflowToolbarButton\"]"}
COMMAND: POST /session/4a7493391aacd7fc37792e05064413e7/elements - {"using":"xpath","value":"//button[@data-kt=\"addNewRUOverflowToolbarButton\"]"}
RESULT: {"using":"xpath","value":"//button[@data-kt=\"addNewRUOverflowToolbarButton\"]"}
COMMAND: POST /session/4a7493391aacd7fc37792e05064413e7/elements - {"using":"xpath","value":"//button[@data-kt=\"addNewRUOverflowToolbarButton\"]"}
RESULT: {"using":"xpath","value":"//button[@data-kt=\"addNewRUOverflowToolbarButton\"]"}
COMMAND: POST /session/4a7493391aacd7fc37792e05064413e7/elements - {"using":"xpath","value":"//button[@data-kt=\"addNewRUOverflowToolbarButton\"]"}
RESULT: {"using":"xpath","value":"//button[@data-kt=\"addNewRUOverflowToolbarButton\"]"}
COMMAND: POST /session/4a7493391aacd7fc37792e05064413e7/elements - {"using":"xpath","value":"//button[@data-kt=\"addNewRUOverflowToolbarButton\"]"}
RESULT: {"using":"xpath","value":"//button[@data-kt=\"addNewRUOverflowToolbarButton\"]"}
COMMAND: POST /session/4a7493391aacd7fc37792e05064413e7/element - {"using":"xpath","value":"//button[@data-kt=\"addNewRUOverflowToolbarButton\"]"}
RESULT: {"using":"xpath","value":"//button[@data-kt=\"addNewRUOverflowToolbarButton\"]"}
COMMAND: POST /session/4a7493391aacd7fc37792e05064413e7/execute/sync - {"script":"<script> [8489 bytes]","args":[{"element-6066-11e4-a52e-4f735466cecf":"f.E133658EE593DCD45430D97DE730ABAE.d.93F10972ACDEF479610CE8A7D1BDB095.e.12752","ELEMENT":"f.E133658EE593DCD45430D97DE730ABAE.d.93F10972ACDEF479610CE8A7D1BDB095.e.12752"}]}
RESULT: {"script":"<script> [8489 bytes]","args":[{"element-6066-11e4-a52e-4f735466cecf":"f.E133658EE593DCD45430D97DE730ABAE.d.93F10972ACDEF479610CE8A7D1BDB095.e.12752","ELEMENT":"f.E133658EE593DCD45430D97DE730ABAE.d.93F10972ACDEF479610CE8A7D1BDB095.e.12752"}]}
COMMAND: GET /session/4a7493391aacd7fc37792e05064413e7/element/f.E133658EE593DCD45430D97DE730ABAE.d.93F10972ACDEF479610CE8A7D1BDB095.e.12752/enabled - {}
COMMAND: GET /session/4a7493391aacd7fc37792e05064413e7/screenshot - {}
RESULT: {}
COMMAND: POST /session/4a7493391aacd7fc37792e05064413e7/execute/sync - {"script":"<script> [8489 bytes]","args":[{"element-6066-11e4-a52e-4f735466cecf":"f.E133658EE593DCD45430D97DE730ABAE.d.93F10972ACDEF479610CE8A7D1BDB095.e.12752","ELEMENT":"f.E133658EE593DCD45430D97DE730ABAE.d.93F10972ACDEF479610CE8A7D1BDB095.e.12752"}]}
COMMAND: GET /session/4a7493391aacd7fc37792e05064413e7/screenshot - {}
RESULT: {}
RESULT: {"script":"<script> [8489 bytes]","args":[{"element-6066-11e4-a52e-4f735466cecf":"f.E133658EE593DCD45430D97DE730ABAE.d.93F10972ACDEF479610CE8A7D1BDB095.e.12752","ELEMENT":"f.E133658EE593DCD45430D97DE730ABAE.d.93F10972ACDEF479610CE8A7D1BDB095.e.12752"}]}
COMMAND: POST /session/4a7493391aacd7fc37792e05064413e7/execute/sync - {"script":"<script> [5351 bytes]","args":[{"element-6066-11e4-a52e-4f735466cecf":"f.E133658EE593DCD45430D97DE730ABAE.d.93F10972ACDEF479610CE8A7D1BDB095.e.12752","ELEMENT":"f.E133658EE593DCD45430D97DE730ABAE.d.93F10972ACDEF479610CE8A7D1BDB095.e.12752"}]}
COMMAND: GET /session/4a7493391aacd7fc37792e05064413e7/screenshot - {}
RESULT: {}
RESULT: {"script":"<script> [5351 bytes]","args":[{"element-6066-11e4-a52e-4f735466cecf":"f.E133658EE593DCD45430D97DE730ABAE.d.93F10972ACDEF479610CE8A7D1BDB095.e.12752","ELEMENT":"f.E133658EE593DCD45430D97DE730ABAE.d.93F10972ACDEF479610CE8A7D1BDB095.e.12752"}]}
COMMAND: POST /session/4a7493391aacd7fc37792e05064413e7/element/f.E133658EE593DCD45430D97DE730ABAE.d.93F10972ACDEF479610CE8A7D1BDB095.e.12752/click - {}
COMMAND: GET /session/4a7493391aacd7fc37792e05064413e7/screenshot - {}
RESULT: {}
RESULT: {}
COMMAND: GET /session/4a7493391aacd7fc37792e05064413e7/screenshot - {}
RESULT: {}
RESULT: {}
COMMAND: POST /session/4a7493391aacd7fc37792e05064413e7/execute/async - {"script":"<script> [1562 bytes]","args":[{"selector":{"id":"application-manageresources-display-component---newResourceUnit--TYPE-arrow"},"wdio_ui5_key":"applicationmanageresources-display-component---newResourceUnit--TYPE-arrow"}]}
RESULT: {"script":"<script> [1562 bytes]","args":[{"selector":{"id":"application-manageresources-display-component---newResourceUnit--TYPE-arrow"},"wdio_ui5_key":"applicationmanageresources-display-component---newResourceUnit--TYPE-arrow"}]}
RESULT: undefined
COMMAND: POST /session/4a7493391aacd7fc37792e05064413e7/element - {"using":"xpath","value":"//*[@id=\"application-manageresources-display-component---newResourceUnit--TYPE-arrow\"]"}
RESULT: {"using":"xpath","value":"//*[@id=\"application-manageresources-display-component---newResourceUnit--TYPE-arrow\"]"}
COMMAND: POST /session/4a7493391aacd7fc37792e05064413e7/element/f.E133658EE593DCD45430D97DE730ABAE.d.93F10972ACDEF479610CE8A7D1BDB095.e.13121/click - {}
RESULT: {}
COMMAND: POST /session/4a7493391aacd7fc37792e05064413e7/element - {"using":"xpath","value":"//input[@id=\"application-manageresources-display-component---newResourceUnit--TYPE-inner\"]"}
COMMAND: GET /session/4a7493391aacd7fc37792e05064413e7/screenshot - {}
RESULT: {"using":"xpath","value":"//input[@id=\"application-manageresources-display-component---newResourceUnit--TYPE-inner\"]"}
COMMAND: POST /session/4a7493391aacd7fc37792e05064413e7/element/f.E133658EE593DCD45430D97DE730ABAE.d.93F10972ACDEF479610CE8A7D1BDB095.e.13104/clear - {}
RESULT: {}
RESULT: {}
COMMAND: POST /session/4a7493391aacd7fc37792e05064413e7/element/f.E133658EE593DCD45430D97DE730ABAE.d.93F10972ACDEF479610CE8A7D1BDB095.e.13104/value - {"text":"Equipment"}
COMMAND: GET /session/4a7493391aacd7fc37792e05064413e7/screenshot - {}
RESULT: {"text":"Equipment"}
COMMAND: GET /session/4a7493391aacd7fc37792e05064413e7/screenshot - {}
RESULT: {}
RESULT: {}
COMMAND: POST /session/4a7493391aacd7fc37792e05064413e7/actions - {"actions":[{"id":"action45","type":"key","parameters":{},"actions":[{"type":"keyDown","value":"î€‡"},{"type":"pause","duration":10},{"type":"keyUp","value":"î€‡"}]}]}
RESULT: {"actions":[{"id":"action45","type":"key","parameters":{},"actions":[{"type":"keyDown","value":"î€‡"},{"type":"pause","duration":10},{"type":"keyUp","value":"î€‡"}]}]}
COMMAND: POST /session/4a7493391aacd7fc37792e05064413e7/execute/async - {"script":"<script> [1562 bytes]","args":[{"selector":{"id":"application-manageresources-display-component---newResourceUnit--resourceId","interaction":{"idSuffix":"inner"}},"wdio_ui5_key":"applicationmanageresources-display-component---newResourceUnit--resourceId"}]}
COMMAND: GET /session/4a7493391aacd7fc37792e05064413e7/screenshot - {}
RESULT: {"script":"<script> [1562 bytes]","args":[{"selector":{"id":"application-manageresources-display-component---newResourceUnit--resourceId","interaction":{"idSuffix":"inner"}},"wdio_ui5_key":"applicationmanageresources-display-component---newResourceUnit--resourceId"}]}
RESULT: undefined
COMMAND: POST /session/4a7493391aacd7fc37792e05064413e7/execute/async - {"script":"<script> [776 bytes]","args":[{"enterText":"VoTfLJjjZQ","selector":{"id":"application-manageresources-display-component---newResourceUnit--resourceId","interaction":{"idSuffix":"inner"}},"clearTextFirst":true,"interactionType":"ENTER_TEXT"}]}
RESULT: {}
RESULT: {"script":"<script> [776 bytes]","args":[{"enterText":"VoTfLJjjZQ","selector":{"id":"application-manageresources-display-component---newResourceUnit--resourceId","interaction":{"idSuffix":"inner"}},"clearTextFirst":true,"interactionType":"ENTER_TEXT"}]}
COMMAND: POST /session/4a7493391aacd7fc37792e05064413e7/execute/async - {"script":"<script> [1562 bytes]","args":[{"selector":{"id":"application-manageresources-display-component---newResourceUnit--SHORT_TEXT","interaction":{"idSuffix":"inner"}},"wdio_ui5_key":"applicationmanageresources-display-component---newResourceUnit--SHORT_TEXT"}]}
RESULT: {"script":"<script> [1562 bytes]","args":[{"selector":{"id":"application-manageresources-display-component---newResourceUnit--SHORT_TEXT","interaction":{"idSuffix":"inner"}},"wdio_ui5_key":"applicationmanageresources-display-component---newResourceUnit--SHORT_TEXT"}]}
RESULT: undefined
COMMAND: POST /session/4a7493391aacd7fc37792e05064413e7/execute/async - {"script":"<script> [776 bytes]","args":[{"enterText":"Intercompany Equipment WDIO","selector":{"id":"application-manageresources-display-component---newResourceUnit--SHORT_TEXT","interaction":{"idSuffix":"inner"}},"clearTextFirst":true,"interactionType":"ENTER_TEXT"}]}
RESULT: {"script":"<script> [776 bytes]","args":[{"enterText":"Intercompany Equipment WDIO","selector":{"id":"application-manageresources-display-component---newResourceUnit--SHORT_TEXT","interaction":{"idSuffix":"inner"}},"clearTextFirst":true,"interactionType":"ENTER_TEXT"}]}
COMMAND: POST /session/4a7493391aacd7fc37792e05064413e7/execute/async - {"script":"<script> [1562 bytes]","args":[{"selector":{"id":"application-manageresources-display-component---newResourceUnit--BASE_UNIT_OF_MEASURE","interaction":{"idSuffix":"inner"}},"wdio_ui5_key":"applicationmanageresources-display-component---newResourceUnit--BASE_UNIT_OF_MEASURE"}]}
RESULT: {"script":"<script> [1562 bytes]","args":[{"selector":{"id":"application-manageresources-display-component---newResourceUnit--BASE_UNIT_OF_MEASURE","interaction":{"idSuffix":"inner"}},"wdio_ui5_key":"applicationmanageresources-display-component---newResourceUnit--BASE_UNIT_OF_MEASURE"}]}
RESULT: undefined
COMMAND: POST /session/4a7493391aacd7fc37792e05064413e7/execute/async - {"script":"<script> [776 bytes]","args":[{"enterText":"Piece","selector":{"id":"application-manageresources-display-component---newResourceUnit--BASE_UNIT_OF_MEASURE","interaction":{"idSuffix":"inner"}},"clearTextFirst":true,"interactionType":"ENTER_TEXT"}]}
RESULT: {"script":"<script> [776 bytes]","args":[{"enterText":"Piece","selector":{"id":"application-manageresources-display-component---newResourceUnit--BASE_UNIT_OF_MEASURE","interaction":{"idSuffix":"inner"}},"clearTextFirst":true,"interactionType":"ENTER_TEXT"}]}
COMMAND: POST /session/4a7493391aacd7fc37792e05064413e7/execute/async - {"script":"<script> [1562 bytes]","args":[{"selector":{"id":"application-manageresources-display-component---newResourceUnit--WEIGHT_UNIT","interaction":{"idSuffix":"inner"}},"wdio_ui5_key":"applicationmanageresources-display-component---newResourceUnit--WEIGHT_UNIT"}]}
RESULT: {"script":"<script> [1562 bytes]","args":[{"selector":{"id":"application-manageresources-display-component---newResourceUnit--WEIGHT_UNIT","interaction":{"idSuffix":"inner"}},"wdio_ui5_key":"applicationmanageresources-display-component---newResourceUnit--WEIGHT_UNIT"}]}
RESULT: undefined
COMMAND: POST /session/4a7493391aacd7fc37792e05064413e7/execute/async - {"script":"<script> [776 bytes]","args":[{"enterText":"Gram","selector":{"id":"application-manageresources-display-component---newResourceUnit--WEIGHT_UNIT","interaction":{"idSuffix":"inner"}},"clearTextFirst":true,"interactionType":"ENTER_TEXT"}]}
RESULT: {"script":"<script> [776 bytes]","args":[{"enterText":"Gram","selector":{"id":"application-manageresources-display-component---newResourceUnit--WEIGHT_UNIT","interaction":{"idSuffix":"inner"}},"clearTextFirst":true,"interactionType":"ENTER_TEXT"}]}
COMMAND: POST /session/4a7493391aacd7fc37792e05064413e7/execute/async - {"script":"<script> [1562 bytes]","args":[{"selector":{"id":"application-manageresources-display-component---newResourceUnit--DIMENSION_UNIT","interaction":{"idSuffix":"inner"}},"wdio_ui5_key":"applicationmanageresources-display-component---newResourceUnit--DIMENSION_UNIT"}]}
RESULT: {"script":"<script> [1562 bytes]","args":[{"selector":{"id":"application-manageresources-display-component---newResourceUnit--DIMENSION_UNIT","interaction":{"idSuffix":"inner"}},"wdio_ui5_key":"applicationmanageresources-display-component---newResourceUnit--DIMENSION_UNIT"}]}
RESULT: undefined
COMMAND: POST /session/4a7493391aacd7fc37792e05064413e7/execute/async - {"script":"<script> [776 bytes]","args":[{"enterText":"Meter","selector":{"id":"application-manageresources-display-component---newResourceUnit--DIMENSION_UNIT","interaction":{"idSuffix":"inner"}},"clearTextFirst":true,"interactionType":"ENTER_TEXT"}]}
RESULT: {"script":"<script> [776 bytes]","args":[{"enterText":"Meter","selector":{"id":"application-manageresources-display-component---newResourceUnit--DIMENSION_UNIT","interaction":{"idSuffix":"inner"}},"clearTextFirst":true,"interactionType":"ENTER_TEXT"}]}
COMMAND: POST /session/4a7493391aacd7fc37792e05064413e7/execute/async - {"script":"<script> [1562 bytes]","args":[{"selector":{"id":"application-manageresources-display-component---newResourceUnit--newRRUPage-anchBar-application-manageresources-display-component---newResourceUnit--control-anchor","interaction":{"idSuffix":"BDI-content"}},"wdio_ui5_key":"applicationmanageresources-display-component---newResourceUnit--newRRUPage-anchBar-application-manageresources-display-component---newResourceUnit--control-anchor"}]}
RESULT: {"script":"<script> [1562 bytes]","args":[{"selector":{"id":"application-manageresources-display-component---newResourceUnit--newRRUPage-anchBar-application-manageresources-display-component---newResourceUnit--control-anchor","interaction":{"idSuffix":"BDI-content"}},"wdio_ui5_key":"applicationmanageresources-display-component---newResourceUnit--newRRUPage-anchBar-application-manageresources-display-component---newResourceUnit--control-anchor"}]}
RESULT: undefined
COMMAND: POST /session/4a7493391aacd7fc37792e05064413e7/element - {"using":"xpath","value":"//*[@id=\"application-manageresources-display-component---newResourceUnit--newRRUPage-anchBar-application-manageresources-display-component---newResourceUnit--control-anchor\"]"}
RESULT: {"using":"xpath","value":"//*[@id=\"application-manageresources-display-component---newResourceUnit--newRRUPage-anchBar-application-manageresources-display-component---newResourceUnit--control-anchor\"]"}
COMMAND: POST /session/4a7493391aacd7fc37792e05064413e7/element/f.E133658EE593DCD45430D97DE730ABAE.d.93F10972ACDEF479610CE8A7D1BDB095.e.13254/click - {}
RESULT: {}
COMMAND: POST /session/4a7493391aacd7fc37792e05064413e7/execute/async - {"script":"<script> [1562 bytes]","args":[{"selector":{"id":"application-manageresources-display-component---newResourceUnit--PLANNING_GROUP","interaction":{"idSuffix":"inner"}},"wdio_ui5_key":"applicationmanageresources-display-component---newResourceUnit--PLANNING_GROUP"}]}
COMMAND: GET /session/4a7493391aacd7fc37792e05064413e7/screenshot - {}
RESULT: {"script":"<script> [1562 bytes]","args":[{"selector":{"id":"application-manageresources-display-component---newResourceUnit--PLANNING_GROUP","interaction":{"idSuffix":"inner"}},"wdio_ui5_key":"applicationmanageresources-display-component---newResourceUnit--PLANNING_GROUP"}]}
RESULT: undefined
COMMAND: POST /session/4a7493391aacd7fc37792e05064413e7/execute/async - {"script":"<script> [776 bytes]","args":[{"enterText":"Heavy Equi","selector":{"id":"application-manageresources-display-component---newResourceUnit--PLANNING_GROUP","interaction":{"idSuffix":"inner"}},"clearTextFirst":true,"interactionType":"ENTER_TEXT"}]}
RESULT: {}
RESULT: {"script":"<script> [776 bytes]","args":[{"enterText":"Heavy Equi","selector":{"id":"application-manageresources-display-component---newResourceUnit--PLANNING_GROUP","interaction":{"idSuffix":"inner"}},"clearTextFirst":true,"interactionType":"ENTER_TEXT"}]}
COMMAND: POST /session/4a7493391aacd7fc37792e05064413e7/execute/async - {"script":"<script> [1562 bytes]","args":[{"selector":{"id":"application-manageresources-display-component---newResourceUnit--ITEM_TYPE-arrow"},"wdio_ui5_key":"applicationmanageresources-display-component---newResourceUnit--ITEM_TYPE-arrow"}]}
RESULT: {"script":"<script> [1562 bytes]","args":[{"selector":{"id":"application-manageresources-display-component---newResourceUnit--ITEM_TYPE-arrow"},"wdio_ui5_key":"applicationmanageresources-display-component---newResourceUnit--ITEM_TYPE-arrow"}]}
RESULT: undefined
COMMAND: POST /session/4a7493391aacd7fc37792e05064413e7/element - {"using":"xpath","value":"//*[@id=\"application-manageresources-display-component---newResourceUnit--ITEM_TYPE-arrow\"]"}
RESULT: {"using":"xpath","value":"//*[@id=\"application-manageresources-display-component---newResourceUnit--ITEM_TYPE-arrow\"]"}
COMMAND: POST /session/4a7493391aacd7fc37792e05064413e7/element/f.E133658EE593DCD45430D97DE730ABAE.d.93F10972ACDEF479610CE8A7D1BDB095.e.13263/click - {}
RESULT: {}
COMMAND: POST /session/4a7493391aacd7fc37792e05064413e7/element - {"using":"xpath","value":"(//span[contains(text(), \"Resource Unit\")])[2]"}
COMMAND: GET /session/4a7493391aacd7fc37792e05064413e7/screenshot - {}
RESULT: {"using":"xpath","value":"(//span[contains(text(), \"Resource Unit\")])[2]"}
COMMAND: POST /session/4a7493391aacd7fc37792e05064413e7/element/f.E133658EE593DCD45430D97DE730ABAE.d.93F10972ACDEF479610CE8A7D1BDB095.e.13264/click - {}
RESULT: {}
RESULT: {}
COMMAND: GET /session/4a7493391aacd7fc37792e05064413e7/screenshot - {}
RESULT: {}
COMMAND: POST /session/4a7493391aacd7fc37792e05064413e7/element - {"using":"css selector","value":"#application-manageresources-display-component---newResourceUnit--btnAddTimeSegment"}
RESULT: {"using":"css selector","value":"#application-manageresources-display-component---newResourceUnit--btnAddTimeSegment"}
COMMAND: GET /session/4a7493391aacd7fc37792e05064413e7/element/f.E133658EE593DCD45430D97DE730ABAE.d.93F10972ACDEF479610CE8A7D1BDB095.e.13265/rect - {}
RESULT: {}
COMMAND: GET /session/4a7493391aacd7fc37792e05064413e7/window/rect - {}
RESULT: {}
COMMAND: POST /session/4a7493391aacd7fc37792e05064413e7/execute/sync - {"script":"<script> [92 bytes]","args":[]}
RESULT: {"script":"<script> [92 bytes]","args":[]}
COMMAND: POST /session/4a7493391aacd7fc37792e05064413e7/actions - {"actions":[{"id":"action46","type":"wheel","parameters":{},"actions":[{"type":"scroll","x":-1888,"y":-32,"deltaX":0,"deltaY":0,"duration":0,"origin":{"element-6066-11e4-a52e-4f735466cecf":"f.E133658EE593DCD45430D97DE730ABAE.d.93F10972ACDEF479610CE8A7D1BDB095.e.13265"}}]}]}
COMMAND: GET /session/4a7493391aacd7fc37792e05064413e7/screenshot - {}
RESULT: {}
COMMAND: POST /session/4a7493391aacd7fc37792e05064413e7/execute/sync - {"script":"<script> [79 bytes]","args":[{"element-6066-11e4-a52e-4f735466cecf":"f.E133658EE593DCD45430D97DE730ABAE.d.93F10972ACDEF479610CE8A7D1BDB095.e.13265","ELEMENT":"f.E133658EE593DCD45430D97DE730ABAE.d.93F10972ACDEF479610CE8A7D1BDB095.e.13265"},{"block":"start","inline":"nearest"}]}
RESULT: {"script":"<script> [79 bytes]","args":[{"element-6066-11e4-a52e-4f735466cecf":"f.E133658EE593DCD45430D97DE730ABAE.d.93F10972ACDEF479610CE8A7D1BDB095.e.13265","ELEMENT":"f.E133658EE593DCD45430D97DE730ABAE.d.93F10972ACDEF479610CE8A7D1BDB095.e.13265"},{"block":"start","inline":"nearest"}]}
COMMAND: POST /session/4a7493391aacd7fc37792e05064413e7/execute/async - {"script":"<script> [1562 bytes]","args":[{"selector":{"id":"application-manageresources-display-component---newResourceUnit--btnAddTimeSegment","interaction":{"idSuffix":"inner"}},"wdio_ui5_key":"applicationmanageresources-display-component---newResourceUnit--btnAddTimeSegment"}]}
COMMAND: GET /session/4a7493391aacd7fc37792e05064413e7/screenshot - {}
RESULT: {"script":"<script> [1562 bytes]","args":[{"selector":{"id":"application-manageresources-display-component---newResourceUnit--btnAddTimeSegment","interaction":{"idSuffix":"inner"}},"wdio_ui5_key":"applicationmanageresources-display-component---newResourceUnit--btnAddTimeSegment"}]}
RESULT: undefined
COMMAND: POST /session/4a7493391aacd7fc37792e05064413e7/element - {"using":"xpath","value":"//*[@id=\"application-manageresources-display-component---newResourceUnit--btnAddTimeSegment\"]"}
RESULT: {}
RESULT: {"using":"xpath","value":"//*[@id=\"application-manageresources-display-component---newResourceUnit--btnAddTimeSegment\"]"}
COMMAND: POST /session/4a7493391aacd7fc37792e05064413e7/element/f.E133658EE593DCD45430D97DE730ABAE.d.93F10972ACDEF479610CE8A7D1BDB095.e.13265/click - {}
RESULT: {}
COMMAND: GET /session/4a7493391aacd7fc37792e05064413e7/screenshot - {}
RESULT: {}
COMMAND: POST /session/4a7493391aacd7fc37792e05064413e7/element - {"using":"xpath","value":"//input[@id=\"application-manageresources-display-component---newResourceUnit--idRuTSAdmin-application-manageresources-display-component---newResourceUnit--RUTimeSegment-0-inner\"]"}
RESULT: {"using":"xpath","value":"//input[@id=\"application-manageresources-display-component---newResourceUnit--idRuTSAdmin-application-manageresources-display-component---newResourceUnit--RUTimeSegment-0-inner\"]"}
COMMAND: POST /session/4a7493391aacd7fc37792e05064413e7/element/f.E133658EE593DCD45430D97DE730ABAE.d.93F10972ACDEF479610CE8A7D1BDB095.e.13271/clear - {}
RESULT: {}
COMMAND: POST /session/4a7493391aacd7fc37792e05064413e7/element/f.E133658EE593DCD45430D97DE730ABAE.d.93F10972ACDEF479610CE8A7D1BDB095.e.13271/value - {"text":"417"}
COMMAND: GET /session/4a7493391aacd7fc37792e05064413e7/screenshot - {}
RESULT: {"text":"417"}
COMMAND: GET /session/4a7493391aacd7fc37792e05064413e7/screenshot - {}
RESULT: {}
RESULT: {}
COMMAND: POST /session/4a7493391aacd7fc37792e05064413e7/element - {"using":"xpath","value":"//li[.//span[text()='417']]"}
RESULT: {"using":"xpath","value":"//li[.//span[text()='417']]"}
COMMAND: POST /session/4a7493391aacd7fc37792e05064413e7/element/f.E133658EE593DCD45430D97DE730ABAE.d.93F10972ACDEF479610CE8A7D1BDB095.e.13283/click - {}
RESULT: {}
COMMAND: GET /session/4a7493391aacd7fc37792e05064413e7/screenshot - {}
RESULT: {}
COMMAND: POST /session/4a7493391aacd7fc37792e05064413e7/element - {"using":"xpath","value":"(//span[contains(@id, \"-application-manageresources-display-component---newResourceUnit--RUTimeSegment-0-arrow\")])[6]"}
RESULT: {"using":"xpath","value":"(//span[contains(@id, \"-application-manageresources-display-component---newResourceUnit--RUTimeSegment-0-arrow\")])[6]"}
COMMAND: POST /session/4a7493391aacd7fc37792e05064413e7/element/f.E133658EE593DCD45430D97DE730ABAE.d.93F10972ACDEF479610CE8A7D1BDB095.e.13284/click - {}
RESULT: {}
COMMAND: POST /session/4a7493391aacd7fc37792e05064413e7/element - {"using":"xpath","value":"//span[contains(text(), \"PM Order\")]"}
COMMAND: GET /session/4a7493391aacd7fc37792e05064413e7/screenshot - {}
RESULT: {"using":"xpath","value":"//span[contains(text(), \"PM Order\")]"}
COMMAND: POST /session/4a7493391aacd7fc37792e05064413e7/element/f.E133658EE593DCD45430D97DE730ABAE.d.93F10972ACDEF479610CE8A7D1BDB095.e.13287/click - {}
RESULT: {}
RESULT: {}
COMMAND: GET /session/4a7493391aacd7fc37792e05064413e7/screenshot - {}
RESULT: {}
COMMAND: POST /session/4a7493391aacd7fc37792e05064413e7/element - {"using":"xpath","value":"(//span[contains(@id ,\"manageresources-display-component---newResourceUnit--RUTimeSegment-0-vhi\")])[1]"}
RESULT: {"using":"xpath","value":"(//span[contains(@id ,\"manageresources-display-component---newResourceUnit--RUTimeSegment-0-vhi\")])[1]"}
COMMAND: GET /session/4a7493391aacd7fc37792e05064413e7/element/f.E133658EE593DCD45430D97DE730ABAE.d.93F10972ACDEF479610CE8A7D1BDB095.e.13291/rect - {}
RESULT: {}
COMMAND: GET /session/4a7493391aacd7fc37792e05064413e7/window/rect - {}
RESULT: {}
COMMAND: POST /session/4a7493391aacd7fc37792e05064413e7/execute/sync - {"script":"<script> [92 bytes]","args":[]}
RESULT: {"script":"<script> [92 bytes]","args":[]}
COMMAND: POST /session/4a7493391aacd7fc37792e05064413e7/actions - {"actions":[{"id":"action47","type":"wheel","parameters":{},"actions":[{"type":"scroll","x":-869,"y":-24,"deltaX":0,"deltaY":0,"duration":0,"origin":{"element-6066-11e4-a52e-4f735466cecf":"f.E133658EE593DCD45430D97DE730ABAE.d.93F10972ACDEF479610CE8A7D1BDB095.e.13291"}}]}]}
COMMAND: GET /session/4a7493391aacd7fc37792e05064413e7/screenshot - {}
RESULT: {"actions":[{"id":"action47","type":"wheel","parameters":{},"actions":[{"type":"scroll","x":-869,"y":-24,"deltaX":0,"deltaY":0,"duration":0,"origin":{"element-6066-11e4-a52e-4f735466cecf":"f.E133658EE593DCD45430D97DE730ABAE.d.93F10972ACDEF479610CE8A7D1BDB095.e.13291"}}]}]}
COMMAND: DELETE /session/4a7493391aacd7fc37792e05064413e7/actions - {}
COMMAND: GET /session/4a7493391aacd7fc37792e05064413e7/screenshot - {}
RESULT: {}
RESULT: {}
COMMAND: GET /session/4a7493391aacd7fc37792e05064413e7/screenshot - {}
RESULT: {}
RESULT: {}
COMMAND: POST /session/4a7493391aacd7fc37792e05064413e7/element/f.E133658EE593DCD45430D97DE730ABAE.d.93F10972ACDEF479610CE8A7D1BDB095.e.13291/click - {}
RESULT: {}
COMMAND: GET /session/4a7493391aacd7fc37792e05064413e7/screenshot - {}
RESULT: {}
COMMAND: POST /session/4a7493391aacd7fc37792e05064413e7/execute/async - {"script":"<script> [1562 bytes]","args":[{"selector":{"controlType":"sap.m.SearchField","properties":{"placeholder":"Search"},"searchOpenDialogs":true,"interaction":{"idSuffix":"I"}},"wdio_ui5_key":"sapm.SearchField{\"placeholder\":\"Search\"}"}]}
RESULT: {"script":"<script> [1562 bytes]","args":[{"selector":{"controlType":"sap.m.SearchField","properties":{"placeholder":"Search"},"searchOpenDialogs":true,"interaction":{"idSuffix":"I"}},"wdio_ui5_key":"sapm.SearchField{\"placeholder\":\"Search\"}"}]}
RESULT: undefined
COMMAND: POST /session/4a7493391aacd7fc37792e05064413e7/execute/async - {"script":"<script> [776 bytes]","args":[{"enterText":"4000360","selector":{"controlType":"sap.m.SearchField","properties":{"placeholder":"Search"},"searchOpenDialogs":true,"interaction":{"idSuffix":"I"}},"clearTextFirst":true,"interactionType":"ENTER_TEXT"}]}
RESULT: {"script":"<script> [776 bytes]","args":[{"enterText":"4000360","selector":{"controlType":"sap.m.SearchField","properties":{"placeholder":"Search"},"searchOpenDialogs":true,"interaction":{"idSuffix":"I"}},"clearTextFirst":true,"interactionType":"ENTER_TEXT"}]}
COMMAND: POST /session/4a7493391aacd7fc37792e05064413e7/actions - {"actions":[{"id":"action48","type":"key","parameters":{},"actions":[{"type":"keyDown","value":"î€‡"},{"type":"pause","duration":10},{"type":"keyUp","value":"î€‡"}]}]}
RESULT: {"actions":[{"id":"action48","type":"key","parameters":{},"actions":[{"type":"keyDown","value":"î€‡"},{"type":"pause","duration":10},{"type":"keyUp","value":"î€‡"}]}]}
COMMAND: GET /session/4a7493391aacd7fc37792e05064413e7/screenshot - {}
RESULT: {}
COMMAND: POST /session/4a7493391aacd7fc37792e05064413e7/element - {"using":"xpath","value":"//td/div/span[contains(text(), \"BGL Vehicles\")]"}
RESULT: {"using":"xpath","value":"//td/div/span[contains(text(), \"BGL Vehicles\")]"}
COMMAND: POST /session/4a7493391aacd7fc37792e05064413e7/element/f.E133658EE593DCD45430D97DE730ABAE.d.93F10972ACDEF479610CE8A7D1BDB095.e.13313/click - {}
RESULT: {}
COMMAND: GET /session/4a7493391aacd7fc37792e05064413e7/screenshot - {}
RESULT: {}
COMMAND: POST /session/4a7493391aacd7fc37792e05064413e7/element - {"using":"xpath","value":"//bdi[contains(text(), \"OK\")]"}
RESULT: {"using":"xpath","value":"//bdi[contains(text(), \"OK\")]"}
COMMAND: POST /session/4a7493391aacd7fc37792e05064413e7/element/f.E133658EE593DCD45430D97DE730ABAE.d.93F10972ACDEF479610CE8A7D1BDB095.e.13314/click - {}
RESULT: {}
COMMAND: GET /session/4a7493391aacd7fc37792e05064413e7/screenshot - {}
RESULT: {}
COMMAND: POST /session/4a7493391aacd7fc37792e05064413e7/execute/async - {"script":"<script> [1562 bytes]","args":[{"selector":{"id":"application-manageresources-display-component---newResourceUnit--newRRUPage-anchBar-application-manageresources-display-component---newResourceUnit--resource-anchor","interaction":{"idSuffix":"BDI-content"}},"wdio_ui5_key":"applicationmanageresources-display-component---newResourceUnit--newRRUPage-anchBar-application-manageresources-display-component---newResourceUnit--resource-anchor"}]}
RESULT: {"script":"<script> [1562 bytes]","args":[{"selector":{"id":"application-manageresources-display-component---newResourceUnit--newRRUPage-anchBar-application-manageresources-display-component---newResourceUnit--resource-anchor","interaction":{"idSuffix":"BDI-content"}},"wdio_ui5_key":"applicationmanageresources-display-component---newResourceUnit--newRRUPage-anchBar-application-manageresources-display-component---newResourceUnit--resource-anchor"}]}
RESULT: undefined
COMMAND: POST /session/4a7493391aacd7fc37792e05064413e7/element - {"using":"xpath","value":"//*[@id=\"application-manageresources-display-component---newResourceUnit--newRRUPage-anchBar-application-manageresources-display-component---newResourceUnit--resource-anchor\"]"}
RESULT: {"using":"xpath","value":"//*[@id=\"application-manageresources-display-component---newResourceUnit--newRRUPage-anchBar-application-manageresources-display-component---newResourceUnit--resource-anchor\"]"}
COMMAND: POST /session/4a7493391aacd7fc37792e05064413e7/element/f.E133658EE593DCD45430D97DE730ABAE.d.93F10972ACDEF479610CE8A7D1BDB095.e.13318/click - {}
RESULT: {}
COMMAND: POST /session/4a7493391aacd7fc37792e05064413e7/execute/async - {"script":"<script> [1562 bytes]","args":[{"selector":{"id":"application-manageresources-display-component---newResourceUnit--PLANNED_DELIVERY_DATE","interaction":{"idSuffix":"inner"}},"wdio_ui5_key":"applicationmanageresources-display-component---newResourceUnit--PLANNED_DELIVERY_DATE"}]}
COMMAND: GET /session/4a7493391aacd7fc37792e05064413e7/screenshot - {}
RESULT: {"script":"<script> [1562 bytes]","args":[{"selector":{"id":"application-manageresources-display-component---newResourceUnit--PLANNED_DELIVERY_DATE","interaction":{"idSuffix":"inner"}},"wdio_ui5_key":"applicationmanageresources-display-component---newResourceUnit--PLANNED_DELIVERY_DATE"}]}
RESULT: undefined
COMMAND: POST /session/4a7493391aacd7fc37792e05064413e7/execute/async - {"script":"<script> [6424 bytes]","args":[{"element-6066-11e4-a52e-4f735466cecf":"f.E133658EE593DCD45430D97DE730ABAE.d.93F10972ACDEF479610CE8A7D1BDB095.e.13177"},"setValue",["4/29/25"]]}
RESULT: {}
RESULT: {"script":"<script> [6424 bytes]","args":[{"element-6066-11e4-a52e-4f735466cecf":"f.E133658EE593DCD45430D97DE730ABAE.d.93F10972ACDEF479610CE8A7D1BDB095.e.13177"},"setValue",["4/29/25"]]}
COMMAND: POST /session/4a7493391aacd7fc37792e05064413e7/element - {"using":"xpath","value":"//button[@data-kt=\"resourceUnitSaveButton\"]"}
RESULT: {"using":"xpath","value":"//button[@data-kt=\"resourceUnitSaveButton\"]"}
COMMAND: POST /session/4a7493391aacd7fc37792e05064413e7/element/f.E133658EE593DCD45430D97DE730ABAE.d.93F10972ACDEF479610CE8A7D1BDB095.e.13137/click - {}
RESULT: {}
COMMAND: GET /session/4a7493391aacd7fc37792e05064413e7/screenshot - {}
RESULT: {}
COMMAND: POST /session/4a7493391aacd7fc37792e05064413e7/element - {"using":"xpath","value":"//bdi[contains(text(), \"Close\")]"}
RESULT: {"using":"xpath","value":"//bdi[contains(text(), \"Close\")]"}
COMMAND: POST /session/4a7493391aacd7fc37792e05064413e7/element/f.E133658EE593DCD45430D97DE730ABAE.d.93F10972ACDEF479610CE8A7D1BDB095.e.13326/click - {}
RESULT: {}
COMMAND: GET /session/4a7493391aacd7fc37792e05064413e7/screenshot - {}
RESULT: {}
COMMAND: POST /session/4a7493391aacd7fc37792e05064413e7/element - {"using":"xpath","value":"(//button[contains(@id ,\"actionsToolbar-overflowButton\")])[1]"}
RESULT: {"using":"xpath","value":"(//button[contains(@id ,\"actionsToolbar-overflowButton\")])[1]"}
COMMAND: POST /session/4a7493391aacd7fc37792e05064413e7/element/f.E133658EE593DCD45430D97DE730ABAE.d.93F10972ACDEF479610CE8A7D1BDB095.e.13357/click - {}
RESULT: {}
COMMAND: GET /session/4a7493391aacd7fc37792e05064413e7/screenshot - {}
RESULT: {}
COMMAND: POST /session/4a7493391aacd7fc37792e05064413e7/element - {"using":"xpath","value":"//button[@data-kt=\"priceInfoButton\"]"}
RESULT: {"using":"xpath","value":"//button[@data-kt=\"priceInfoButton\"]"}
COMMAND: POST /session/4a7493391aacd7fc37792e05064413e7/element/f.E133658EE593DCD45430D97DE730ABAE.d.93F10972ACDEF479610CE8A7D1BDB095.e.13361/click - {}
RESULT: {}
COMMAND: GET /session/4a7493391aacd7fc37792e05064413e7/screenshot - {}
RESULT: {}
]]></system-out>
    </testcase>
    <testcase classname="chrome.135_0_7049_96.windows.Billing_transfer_US117289" name="Should create new pricing rule" time="49.681">
      <system-out><![CDATA[
COMMAND: POST /session/4a7493391aacd7fc37792e05064413e7/element - {"using":"xpath","value":"//button[@data-kt=\"addButton\"]"}
RESULT: {"using":"xpath","value":"//button[@data-kt=\"addButton\"]"}
COMMAND: POST /session/4a7493391aacd7fc37792e05064413e7/elements - {"using":"xpath","value":"//button[@data-kt=\"addButton\"]"}
RESULT: {"using":"xpath","value":"//button[@data-kt=\"addButton\"]"}
COMMAND: POST /session/4a7493391aacd7fc37792e05064413e7/elements - {"using":"xpath","value":"//button[@data-kt=\"addButton\"]"}
RESULT: {"using":"xpath","value":"//button[@data-kt=\"addButton\"]"}
COMMAND: POST /session/4a7493391aacd7fc37792e05064413e7/element - {"using":"xpath","value":"//button[@data-kt=\"addButton\"]"}
RESULT: {"using":"xpath","value":"//button[@data-kt=\"addButton\"]"}
COMMAND: POST /session/4a7493391aacd7fc37792e05064413e7/execute/sync - {"script":"<script> [8489 bytes]","args":[{"element-6066-11e4-a52e-4f735466cecf":"f.E133658EE593DCD45430D97DE730ABAE.d.93F10972ACDEF479610CE8A7D1BDB095.e.13397","ELEMENT":"f.E133658EE593DCD45430D97DE730ABAE.d.93F10972ACDEF479610CE8A7D1BDB095.e.13397"}]}
RESULT: {"script":"<script> [8489 bytes]","args":[{"element-6066-11e4-a52e-4f735466cecf":"f.E133658EE593DCD45430D97DE730ABAE.d.93F10972ACDEF479610CE8A7D1BDB095.e.13397","ELEMENT":"f.E133658EE593DCD45430D97DE730ABAE.d.93F10972ACDEF479610CE8A7D1BDB095.e.13397"}]}
COMMAND: GET /session/4a7493391aacd7fc37792e05064413e7/element/f.E133658EE593DCD45430D97DE730ABAE.d.93F10972ACDEF479610CE8A7D1BDB095.e.13397/enabled - {}
COMMAND: GET /session/4a7493391aacd7fc37792e05064413e7/screenshot - {}
RESULT: {}
COMMAND: POST /session/4a7493391aacd7fc37792e05064413e7/execute/sync - {"script":"<script> [8489 bytes]","args":[{"element-6066-11e4-a52e-4f735466cecf":"f.E133658EE593DCD45430D97DE730ABAE.d.93F10972ACDEF479610CE8A7D1BDB095.e.13397","ELEMENT":"f.E133658EE593DCD45430D97DE730ABAE.d.93F10972ACDEF479610CE8A7D1BDB095.e.13397"}]}
COMMAND: GET /session/4a7493391aacd7fc37792e05064413e7/screenshot - {}
RESULT: {}
RESULT: {"script":"<script> [8489 bytes]","args":[{"element-6066-11e4-a52e-4f735466cecf":"f.E133658EE593DCD45430D97DE730ABAE.d.93F10972ACDEF479610CE8A7D1BDB095.e.13397","ELEMENT":"f.E133658EE593DCD45430D97DE730ABAE.d.93F10972ACDEF479610CE8A7D1BDB095.e.13397"}]}
COMMAND: POST /session/4a7493391aacd7fc37792e05064413e7/execute/sync - {"script":"<script> [5351 bytes]","args":[{"element-6066-11e4-a52e-4f735466cecf":"f.E133658EE593DCD45430D97DE730ABAE.d.93F10972ACDEF479610CE8A7D1BDB095.e.13397","ELEMENT":"f.E133658EE593DCD45430D97DE730ABAE.d.93F10972ACDEF479610CE8A7D1BDB095.e.13397"}]}
COMMAND: GET /session/4a7493391aacd7fc37792e05064413e7/screenshot - {}
RESULT: {}
RESULT: {"script":"<script> [5351 bytes]","args":[{"element-6066-11e4-a52e-4f735466cecf":"f.E133658EE593DCD45430D97DE730ABAE.d.93F10972ACDEF479610CE8A7D1BDB095.e.13397","ELEMENT":"f.E133658EE593DCD45430D97DE730ABAE.d.93F10972ACDEF479610CE8A7D1BDB095.e.13397"}]}
COMMAND: POST /session/4a7493391aacd7fc37792e05064413e7/element/f.E133658EE593DCD45430D97DE730ABAE.d.93F10972ACDEF479610CE8A7D1BDB095.e.13397/click - {}
COMMAND: GET /session/4a7493391aacd7fc37792e05064413e7/screenshot - {}
RESULT: {}
RESULT: {}
COMMAND: GET /session/4a7493391aacd7fc37792e05064413e7/screenshot - {}
RESULT: {}
RESULT: {}
COMMAND: POST /session/4a7493391aacd7fc37792e05064413e7/execute/async - {"script":"<script> [1562 bytes]","args":[{"selector":{"controlType":"sap.m.Title","viewName":"etm.portal.ui.managepricingrules.view.NewItem","viewId":"application-managepricingrules-display-component---newInfoPriceItem","properties":{"text":"New Pricing Rules - Item Level"}},"wdio_ui5_key":"etmportal.ui.managepricingrules.view.NewItemsap.m.Title{\"text\":\"New Pricing Rules - Item Level\"}"}]}
RESULT: {"script":"<script> [1562 bytes]","args":[{"selector":{"controlType":"sap.m.Title","viewName":"etm.portal.ui.managepricingrules.view.NewItem","viewId":"application-managepricingrules-display-component---newInfoPriceItem","properties":{"text":"New Pricing Rules - Item Level"}},"wdio_ui5_key":"etmportal.ui.managepricingrules.view.NewItemsap.m.Title{\"text\":\"New Pricing Rules - Item Level\"}"}]}
RESULT: undefined
COMMAND: POST /session/4a7493391aacd7fc37792e05064413e7/execute/async - {"script":"<script> [6424 bytes]","args":[{"element-6066-11e4-a52e-4f735466cecf":"f.E133658EE593DCD45430D97DE730ABAE.d.93F10972ACDEF479610CE8A7D1BDB095.e.13568"},"getText",[]]}
RESULT: {"script":"<script> [6424 bytes]","args":[{"element-6066-11e4-a52e-4f735466cecf":"f.E133658EE593DCD45430D97DE730ABAE.d.93F10972ACDEF479610CE8A7D1BDB095.e.13568"},"getText",[]]}
COMMAND: POST /session/4a7493391aacd7fc37792e05064413e7/execute/async - {"script":"<script> [1562 bytes]","args":[{"selector":{"id":"application-managepricingrules-display-component---newInfoPriceItem--condValidTo","interaction":{"idSuffix":"inner"}},"wdio_ui5_key":"applicationmanagepricingrules-display-component---newInfoPriceItem--condValidTo"}]}
RESULT: {"script":"<script> [1562 bytes]","args":[{"selector":{"id":"application-managepricingrules-display-component---newInfoPriceItem--condValidTo","interaction":{"idSuffix":"inner"}},"wdio_ui5_key":"applicationmanagepricingrules-display-component---newInfoPriceItem--condValidTo"}]}
RESULT: undefined
COMMAND: POST /session/4a7493391aacd7fc37792e05064413e7/execute/async - {"script":"<script> [776 bytes]","args":[{"enterText":"12/29/25","selector":{"id":"application-managepricingrules-display-component---newInfoPriceItem--condValidTo","interaction":{"idSuffix":"inner"}},"clearTextFirst":true,"interactionType":"ENTER_TEXT"}]}
RESULT: {"script":"<script> [776 bytes]","args":[{"enterText":"12/29/25","selector":{"id":"application-managepricingrules-display-component---newInfoPriceItem--condValidTo","interaction":{"idSuffix":"inner"}},"clearTextFirst":true,"interactionType":"ENTER_TEXT"}]}
COMMAND: POST /session/4a7493391aacd7fc37792e05064413e7/execute/async - {"script":"<script> [1562 bytes]","args":[{"selector":{"id":"application-managepricingrules-display-component---newInfoPriceItem--billType-arrow"},"wdio_ui5_key":"applicationmanagepricingrules-display-component---newInfoPriceItem--billType-arrow"}]}
RESULT: {"script":"<script> [1562 bytes]","args":[{"selector":{"id":"application-managepricingrules-display-component---newInfoPriceItem--billType-arrow"},"wdio_ui5_key":"applicationmanagepricingrules-display-component---newInfoPriceItem--billType-arrow"}]}
RESULT: undefined
COMMAND: POST /session/4a7493391aacd7fc37792e05064413e7/element - {"using":"xpath","value":"//*[@id=\"application-managepricingrules-display-component---newInfoPriceItem--billType-arrow\"]"}
RESULT: {"using":"xpath","value":"//*[@id=\"application-managepricingrules-display-component---newInfoPriceItem--billType-arrow\"]"}
COMMAND: POST /session/4a7493391aacd7fc37792e05064413e7/element/f.E133658EE593DCD45430D97DE730ABAE.d.93F10972ACDEF479610CE8A7D1BDB095.e.13526/click - {}
RESULT: {}
COMMAND: POST /session/4a7493391aacd7fc37792e05064413e7/element - {"using":"xpath","value":"//span[contains(text(), \"TB - Time based\")]"}
COMMAND: GET /session/4a7493391aacd7fc37792e05064413e7/screenshot - {}
RESULT: {"using":"xpath","value":"//span[contains(text(), \"TB - Time based\")]"}
COMMAND: POST /session/4a7493391aacd7fc37792e05064413e7/element/f.E133658EE593DCD45430D97DE730ABAE.d.93F10972ACDEF479610CE8A7D1BDB095.e.13570/click - {}
RESULT: {}
RESULT: {}
COMMAND: POST /session/4a7493391aacd7fc37792e05064413e7/execute/async - {"script":"<script> [1562 bytes]","args":[{"selector":{"id":"application-managepricingrules-display-component---newInfoPriceItem--priceProc-arrow"},"wdio_ui5_key":"applicationmanagepricingrules-display-component---newInfoPriceItem--priceProc-arrow"}]}
COMMAND: GET /session/4a7493391aacd7fc37792e05064413e7/screenshot - {}
RESULT: {"script":"<script> [1562 bytes]","args":[{"selector":{"id":"application-managepricingrules-display-component---newInfoPriceItem--priceProc-arrow"},"wdio_ui5_key":"applicationmanagepricingrules-display-component---newInfoPriceItem--priceProc-arrow"}]}
RESULT: undefined
COMMAND: POST /session/4a7493391aacd7fc37792e05064413e7/element - {"using":"xpath","value":"//*[@id=\"application-managepricingrules-display-component---newInfoPriceItem--priceProc-arrow\"]"}
RESULT: {}
RESULT: {"using":"xpath","value":"//*[@id=\"application-managepricingrules-display-component---newInfoPriceItem--priceProc-arrow\"]"}
COMMAND: POST /session/4a7493391aacd7fc37792e05064413e7/element/f.E133658EE593DCD45430D97DE730ABAE.d.93F10972ACDEF479610CE8A7D1BDB095.e.13533/click - {}
RESULT: {}
COMMAND: POST /session/4a7493391aacd7fc37792e05064413e7/element - {"using":"xpath","value":"//span[contains(text(), \"TBS - Time based standard\")]"}
COMMAND: GET /session/4a7493391aacd7fc37792e05064413e7/screenshot - {}
RESULT: {"using":"xpath","value":"//span[contains(text(), \"TBS - Time based standard\")]"}
COMMAND: POST /session/4a7493391aacd7fc37792e05064413e7/element/f.E133658EE593DCD45430D97DE730ABAE.d.93F10972ACDEF479610CE8A7D1BDB095.e.13571/click - {}
RESULT: {}
RESULT: {}
COMMAND: POST /session/4a7493391aacd7fc37792e05064413e7/execute/async - {"script":"<script> [1562 bytes]","args":[{"selector":{"id":"application-managepricingrules-display-component---newInfoPriceItem--calcBase-arrow"},"wdio_ui5_key":"applicationmanagepricingrules-display-component---newInfoPriceItem--calcBase-arrow"}]}
COMMAND: GET /session/4a7493391aacd7fc37792e05064413e7/screenshot - {}
RESULT: {"script":"<script> [1562 bytes]","args":[{"selector":{"id":"application-managepricingrules-display-component---newInfoPriceItem--calcBase-arrow"},"wdio_ui5_key":"applicationmanagepricingrules-display-component---newInfoPriceItem--calcBase-arrow"}]}
RESULT: undefined
COMMAND: POST /session/4a7493391aacd7fc37792e05064413e7/element - {"using":"xpath","value":"//*[@id=\"application-managepricingrules-display-component---newInfoPriceItem--calcBase-arrow\"]"}
RESULT: {}
RESULT: {"using":"xpath","value":"//*[@id=\"application-managepricingrules-display-component---newInfoPriceItem--calcBase-arrow\"]"}
COMMAND: POST /session/4a7493391aacd7fc37792e05064413e7/element/f.E133658EE593DCD45430D97DE730ABAE.d.93F10972ACDEF479610CE8A7D1BDB095.e.13540/click - {}
RESULT: {}
COMMAND: GET /session/4a7493391aacd7fc37792e05064413e7/screenshot - {}
RESULT: {}
COMMAND: POST /session/4a7493391aacd7fc37792e05064413e7/element - {"using":"xpath","value":"//span[contains(text(), \"0006 - TB(calendar days)\")]"}
RESULT: {"using":"xpath","value":"//span[contains(text(), \"0006 - TB(calendar days)\")]"}
COMMAND: POST /session/4a7493391aacd7fc37792e05064413e7/element/f.E133658EE593DCD45430D97DE730ABAE.d.93F10972ACDEF479610CE8A7D1BDB095.e.13572/click - {}
RESULT: {}
COMMAND: GET /session/4a7493391aacd7fc37792e05064413e7/screenshot - {}
RESULT: {}
COMMAND: POST /session/4a7493391aacd7fc37792e05064413e7/execute/async - {"script":"<script> [1562 bytes]","args":[{"selector":{"id":"application-managepricingrules-display-component---newInfoPriceItem--daysMonth","interaction":{"idSuffix":"inner"}},"wdio_ui5_key":"applicationmanagepricingrules-display-component---newInfoPriceItem--daysMonth"}]}
RESULT: {"script":"<script> [1562 bytes]","args":[{"selector":{"id":"application-managepricingrules-display-component---newInfoPriceItem--daysMonth","interaction":{"idSuffix":"inner"}},"wdio_ui5_key":"applicationmanagepricingrules-display-component---newInfoPriceItem--daysMonth"}]}
RESULT: undefined
COMMAND: POST /session/4a7493391aacd7fc37792e05064413e7/execute/async - {"script":"<script> [776 bytes]","args":[{"enterText":"30","selector":{"id":"application-managepricingrules-display-component---newInfoPriceItem--daysMonth","interaction":{"idSuffix":"inner"}},"clearTextFirst":true,"interactionType":"ENTER_TEXT"}]}
RESULT: {"script":"<script> [776 bytes]","args":[{"enterText":"30","selector":{"id":"application-managepricingrules-display-component---newInfoPriceItem--daysMonth","interaction":{"idSuffix":"inner"}},"clearTextFirst":true,"interactionType":"ENTER_TEXT"}]}
COMMAND: POST /session/4a7493391aacd7fc37792e05064413e7/element - {"using":"xpath","value":"//button[@data-kt=\"saveNewRuleButton\"]"}
RESULT: {"using":"xpath","value":"//button[@data-kt=\"saveNewRuleButton\"]"}
COMMAND: POST /session/4a7493391aacd7fc37792e05064413e7/element/f.E133658EE593DCD45430D97DE730ABAE.d.93F10972ACDEF479610CE8A7D1BDB095.e.13560/click - {}
RESULT: {}
COMMAND: GET /session/4a7493391aacd7fc37792e05064413e7/screenshot - {}
RESULT: {}
COMMAND: POST /session/4a7493391aacd7fc37792e05064413e7/execute/async - {"script":"<script> [1562 bytes]","args":[{"selector":{"id":"application-managepricingrules-display-component---priceInfoItem--smartFilterBar-btnBasicSearch","interaction":{"idSuffix":"I"}},"wdio_ui5_key":"applicationmanagepricingrules-display-component---priceInfoItem--smartFilterBar-btnBasicSearch"}]}
RESULT: {"script":"<script> [1562 bytes]","args":[{"selector":{"id":"application-managepricingrules-display-component---priceInfoItem--smartFilterBar-btnBasicSearch","interaction":{"idSuffix":"I"}},"wdio_ui5_key":"applicationmanagepricingrules-display-component---priceInfoItem--smartFilterBar-btnBasicSearch"}]}
RESULT: undefined
COMMAND: POST /session/4a7493391aacd7fc37792e05064413e7/execute/async - {"script":"<script> [776 bytes]","args":[{"enterText":"VoTfLJjjZQ","selector":{"id":"application-managepricingrules-display-component---priceInfoItem--smartFilterBar-btnBasicSearch","interaction":{"idSuffix":"I"}},"clearTextFirst":true,"interactionType":"ENTER_TEXT"}]}
RESULT: {"script":"<script> [776 bytes]","args":[{"enterText":"VoTfLJjjZQ","selector":{"id":"application-managepricingrules-display-component---priceInfoItem--smartFilterBar-btnBasicSearch","interaction":{"idSuffix":"I"}},"clearTextFirst":true,"interactionType":"ENTER_TEXT"}]}
COMMAND: POST /session/4a7493391aacd7fc37792e05064413e7/actions - {"actions":[{"id":"action49","type":"key","parameters":{},"actions":[{"type":"keyDown","value":"î€‡"},{"type":"pause","duration":10},{"type":"keyUp","value":"î€‡"}]}]}
RESULT: {"actions":[{"id":"action49","type":"key","parameters":{},"actions":[{"type":"keyDown","value":"î€‡"},{"type":"pause","duration":10},{"type":"keyUp","value":"î€‡"}]}]}
COMMAND: GET /session/4a7493391aacd7fc37792e05064413e7/screenshot - {}
RESULT: {}
COMMAND: POST /session/4a7493391aacd7fc37792e05064413e7/element - {"using":"xpath","value":"//span[@id=\"application-managepricingrules-display-component---priceInfoItem--smartTable-header-inner\"]"}
RESULT: {"using":"xpath","value":"//span[@id=\"application-managepricingrules-display-component---priceInfoItem--smartTable-header-inner\"]"}
COMMAND: POST /session/4a7493391aacd7fc37792e05064413e7/elements - {"using":"xpath","value":"//span[@id=\"application-managepricingrules-display-component---priceInfoItem--smartTable-header-inner\"]"}
RESULT: {"using":"xpath","value":"//span[@id=\"application-managepricingrules-display-component---priceInfoItem--smartTable-header-inner\"]"}
COMMAND: POST /session/4a7493391aacd7fc37792e05064413e7/execute/sync - {"script":"<script> [56 bytes]","args":[{"element-6066-11e4-a52e-4f735466cecf":"f.E133658EE593DCD45430D97DE730ABAE.d.93F10972ACDEF479610CE8A7D1BDB095.e.13585","ELEMENT":"f.E133658EE593DCD45430D97DE730ABAE.d.93F10972ACDEF479610CE8A7D1BDB095.e.13585"}]}
RESULT: {"script":"<script> [56 bytes]","args":[{"element-6066-11e4-a52e-4f735466cecf":"f.E133658EE593DCD45430D97DE730ABAE.d.93F10972ACDEF479610CE8A7D1BDB095.e.13585","ELEMENT":"f.E133658EE593DCD45430D97DE730ABAE.d.93F10972ACDEF479610CE8A7D1BDB095.e.13585"}]}
COMMAND: POST /session/4a7493391aacd7fc37792e05064413e7/element - {"using":"css selector","value":"#shell-header-logo"}
COMMAND: GET /session/4a7493391aacd7fc37792e05064413e7/screenshot - {}
RESULT: {"using":"css selector","value":"#shell-header-logo"}
COMMAND: POST /session/4a7493391aacd7fc37792e05064413e7/element/f.E133658EE593DCD45430D97DE730ABAE.d.93F10972ACDEF479610CE8A7D1BDB095.e.12722/click - {}
RESULT: {}
RESULT: {}
COMMAND: GET /session/4a7493391aacd7fc37792e05064413e7/screenshot - {}
RESULT: {}
]]></system-out>
    </testcase>
    <testcase classname="chrome.135_0_7049_96.windows.Billing_transfer_US117289" name="Should create new condition for equipment" time="60.932">
      <system-out><![CDATA[
COMMAND: POST /session/4a7493391aacd7fc37792e05064413e7/execute/async - {"script":"<script> [1562 bytes]","args":[{"selector":{"controlType":"sap.m.Text","properties":{"text":"Manage Conditions & Prices"},"interaction":{"idSuffix":"inner"}},"wdio_ui5_key":"sapm.Text{\"text\":\"Manage Conditions & Prices\"}"}]}
RESULT: {"script":"<script> [1562 bytes]","args":[{"selector":{"controlType":"sap.m.Text","properties":{"text":"Manage Conditions & Prices"},"interaction":{"idSuffix":"inner"}},"wdio_ui5_key":"sapm.Text{\"text\":\"Manage Conditions & Prices\"}"}]}
RESULT: undefined
COMMAND: POST /session/4a7493391aacd7fc37792e05064413e7/element - {"using":"xpath","value":"//*[@id=\"__tile53-title\"]"}
RESULT: {"using":"xpath","value":"//*[@id=\"__tile53-title\"]"}
COMMAND: POST /session/4a7493391aacd7fc37792e05064413e7/element/f.E133658EE593DCD45430D97DE730ABAE.d.93F10972ACDEF479610CE8A7D1BDB095.e.13588/click - {}
RESULT: {}
COMMAND: POST /session/4a7493391aacd7fc37792e05064413e7/element - {"using":"xpath","value":"//button[@aria-label=\"Create\"]"}
COMMAND: GET /session/4a7493391aacd7fc37792e05064413e7/screenshot - {}
RESULT: {"using":"xpath","value":"//button[@aria-label=\"Create\"]"}
COMMAND: POST /session/4a7493391aacd7fc37792e05064413e7/elements - {"using":"xpath","value":"//button[@aria-label=\"Create\"]"}
RESULT: {}
RESULT: {"using":"xpath","value":"//button[@aria-label=\"Create\"]"}
COMMAND: POST /session/4a7493391aacd7fc37792e05064413e7/elements - {"using":"xpath","value":"//button[@aria-label=\"Create\"]"}
RESULT: {"using":"xpath","value":"//button[@aria-label=\"Create\"]"}
COMMAND: POST /session/4a7493391aacd7fc37792e05064413e7/elements - {"using":"xpath","value":"//button[@aria-label=\"Create\"]"}
RESULT: {"using":"xpath","value":"//button[@aria-label=\"Create\"]"}
COMMAND: POST /session/4a7493391aacd7fc37792e05064413e7/elements - {"using":"xpath","value":"//button[@aria-label=\"Create\"]"}
RESULT: {"using":"xpath","value":"//button[@aria-label=\"Create\"]"}
COMMAND: POST /session/4a7493391aacd7fc37792e05064413e7/elements - {"using":"xpath","value":"//button[@aria-label=\"Create\"]"}
RESULT: {"using":"xpath","value":"//button[@aria-label=\"Create\"]"}
COMMAND: POST /session/4a7493391aacd7fc37792e05064413e7/elements - {"using":"xpath","value":"//button[@aria-label=\"Create\"]"}
RESULT: {"using":"xpath","value":"//button[@aria-label=\"Create\"]"}
COMMAND: POST /session/4a7493391aacd7fc37792e05064413e7/element - {"using":"xpath","value":"//button[@aria-label=\"Create\"]"}
RESULT: {"using":"xpath","value":"//button[@aria-label=\"Create\"]"}
COMMAND: POST /session/4a7493391aacd7fc37792e05064413e7/execute/sync - {"script":"<script> [8489 bytes]","args":[{"element-6066-11e4-a52e-4f735466cecf":"f.E133658EE593DCD45430D97DE730ABAE.d.93F10972ACDEF479610CE8A7D1BDB095.e.13622","ELEMENT":"f.E133658EE593DCD45430D97DE730ABAE.d.93F10972ACDEF479610CE8A7D1BDB095.e.13622"}]}
RESULT: {"script":"<script> [8489 bytes]","args":[{"element-6066-11e4-a52e-4f735466cecf":"f.E133658EE593DCD45430D97DE730ABAE.d.93F10972ACDEF479610CE8A7D1BDB095.e.13622","ELEMENT":"f.E133658EE593DCD45430D97DE730ABAE.d.93F10972ACDEF479610CE8A7D1BDB095.e.13622"}]}
COMMAND: GET /session/4a7493391aacd7fc37792e05064413e7/element/f.E133658EE593DCD45430D97DE730ABAE.d.93F10972ACDEF479610CE8A7D1BDB095.e.13622/enabled - {}
COMMAND: GET /session/4a7493391aacd7fc37792e05064413e7/screenshot - {}
RESULT: {}
COMMAND: POST /session/4a7493391aacd7fc37792e05064413e7/execute/sync - {"script":"<script> [8489 bytes]","args":[{"element-6066-11e4-a52e-4f735466cecf":"f.E133658EE593DCD45430D97DE730ABAE.d.93F10972ACDEF479610CE8A7D1BDB095.e.13622","ELEMENT":"f.E133658EE593DCD45430D97DE730ABAE.d.93F10972ACDEF479610CE8A7D1BDB095.e.13622"}]}
COMMAND: GET /session/4a7493391aacd7fc37792e05064413e7/screenshot - {}
RESULT: {}
RESULT: {"script":"<script> [8489 bytes]","args":[{"element-6066-11e4-a52e-4f735466cecf":"f.E133658EE593DCD45430D97DE730ABAE.d.93F10972ACDEF479610CE8A7D1BDB095.e.13622","ELEMENT":"f.E133658EE593DCD45430D97DE730ABAE.d.93F10972ACDEF479610CE8A7D1BDB095.e.13622"}]}
COMMAND: POST /session/4a7493391aacd7fc37792e05064413e7/execute/sync - {"script":"<script> [5351 bytes]","args":[{"element-6066-11e4-a52e-4f735466cecf":"f.E133658EE593DCD45430D97DE730ABAE.d.93F10972ACDEF479610CE8A7D1BDB095.e.13622","ELEMENT":"f.E133658EE593DCD45430D97DE730ABAE.d.93F10972ACDEF479610CE8A7D1BDB095.e.13622"}]}
COMMAND: GET /session/4a7493391aacd7fc37792e05064413e7/screenshot - {}
RESULT: {}
RESULT: {"script":"<script> [5351 bytes]","args":[{"element-6066-11e4-a52e-4f735466cecf":"f.E133658EE593DCD45430D97DE730ABAE.d.93F10972ACDEF479610CE8A7D1BDB095.e.13622","ELEMENT":"f.E133658EE593DCD45430D97DE730ABAE.d.93F10972ACDEF479610CE8A7D1BDB095.e.13622"}]}
COMMAND: POST /session/4a7493391aacd7fc37792e05064413e7/element/f.E133658EE593DCD45430D97DE730ABAE.d.93F10972ACDEF479610CE8A7D1BDB095.e.13622/click - {}
COMMAND: GET /session/4a7493391aacd7fc37792e05064413e7/screenshot - {}
RESULT: {}
RESULT: {}
COMMAND: GET /session/4a7493391aacd7fc37792e05064413e7/screenshot - {}
RESULT: {}
RESULT: {}
COMMAND: POST /session/4a7493391aacd7fc37792e05064413e7/actions - {"actions":[{"id":"action50","type":"key","parameters":{},"actions":[{"type":"keyDown","value":"î€‡"},{"type":"pause","duration":10},{"type":"keyUp","value":"î€‡"}]}]}
RESULT: {"actions":[{"id":"action50","type":"key","parameters":{},"actions":[{"type":"keyDown","value":"î€‡"},{"type":"pause","duration":10},{"type":"keyUp","value":"î€‡"}]}]}
COMMAND: GET /session/4a7493391aacd7fc37792e05064413e7/screenshot - {}
RESULT: {}
COMMAND: POST /session/4a7493391aacd7fc37792e05064413e7/execute/async - {"script":"<script> [1562 bytes]","args":[{"selector":{"id":"application-manageconditionprice-display-component---newCondition--condBillCond-arrow"},"wdio_ui5_key":"applicationmanageconditionprice-display-component---newCondition--condBillCond-arrow"}]}
RESULT: {"script":"<script> [1562 bytes]","args":[{"selector":{"id":"application-manageconditionprice-display-component---newCondition--condBillCond-arrow"},"wdio_ui5_key":"applicationmanageconditionprice-display-component---newCondition--condBillCond-arrow"}]}
RESULT: undefined
COMMAND: POST /session/4a7493391aacd7fc37792e05064413e7/element - {"using":"xpath","value":"//*[@id=\"application-manageconditionprice-display-component---newCondition--condBillCond-arrow\"]"}
RESULT: {"using":"xpath","value":"//*[@id=\"application-manageconditionprice-display-component---newCondition--condBillCond-arrow\"]"}
COMMAND: POST /session/4a7493391aacd7fc37792e05064413e7/element/f.E133658EE593DCD45430D97DE730ABAE.d.93F10972ACDEF479610CE8A7D1BDB095.e.13799/click - {}
RESULT: {}
COMMAND: GET /session/4a7493391aacd7fc37792e05064413e7/screenshot - {}
RESULT: {}
COMMAND: POST /session/4a7493391aacd7fc37792e05064413e7/element - {"using":"xpath","value":"//li[.//span[contains(text(), \"DISP - D&I special price\")]]"}
RESULT: {"using":"xpath","value":"//li[.//span[contains(text(), \"DISP - D&I special price\")]]"}
COMMAND: POST /session/4a7493391aacd7fc37792e05064413e7/element/f.E133658EE593DCD45430D97DE730ABAE.d.93F10972ACDEF479610CE8A7D1BDB095.e.13802/click - {}
RESULT: {}
COMMAND: GET /session/4a7493391aacd7fc37792e05064413e7/screenshot - {}
RESULT: {}
COMMAND: POST /session/4a7493391aacd7fc37792e05064413e7/execute/async - {"script":"<script> [1562 bytes]","args":[{"selector":{"id":"application-manageconditionprice-display-component---newCondition--condValidTo","interaction":{"idSuffix":"inner"}},"wdio_ui5_key":"applicationmanageconditionprice-display-component---newCondition--condValidTo"}]}
RESULT: {"script":"<script> [1562 bytes]","args":[{"selector":{"id":"application-manageconditionprice-display-component---newCondition--condValidTo","interaction":{"idSuffix":"inner"}},"wdio_ui5_key":"applicationmanageconditionprice-display-component---newCondition--condValidTo"}]}
RESULT: undefined
COMMAND: POST /session/4a7493391aacd7fc37792e05064413e7/execute/async - {"script":"<script> [776 bytes]","args":[{"enterText":"12/29/25","selector":{"id":"application-manageconditionprice-display-component---newCondition--condValidTo","interaction":{"idSuffix":"inner"}},"clearTextFirst":true,"interactionType":"ENTER_TEXT"}]}
RESULT: {"script":"<script> [776 bytes]","args":[{"enterText":"12/29/25","selector":{"id":"application-manageconditionprice-display-component---newCondition--condValidTo","interaction":{"idSuffix":"inner"}},"clearTextFirst":true,"interactionType":"ENTER_TEXT"}]}
COMMAND: POST /session/4a7493391aacd7fc37792e05064413e7/element - {"using":"xpath","value":"//input[@id=\"application-manageconditionprice-display-component---newCondition--condRU-inner\"]"}
RESULT: {"using":"xpath","value":"//input[@id=\"application-manageconditionprice-display-component---newCondition--condRU-inner\"]"}
COMMAND: POST /session/4a7493391aacd7fc37792e05064413e7/element/f.E133658EE593DCD45430D97DE730ABAE.d.93F10972ACDEF479610CE8A7D1BDB095.e.13663/clear - {}
RESULT: {}
COMMAND: POST /session/4a7493391aacd7fc37792e05064413e7/element/f.E133658EE593DCD45430D97DE730ABAE.d.93F10972ACDEF479610CE8A7D1BDB095.e.13663/value - {"text":"VoTfLJjjZQ"}
COMMAND: GET /session/4a7493391aacd7fc37792e05064413e7/screenshot - {}
RESULT: {"text":"VoTfLJjjZQ"}
COMMAND: GET /session/4a7493391aacd7fc37792e05064413e7/screenshot - {}
RESULT: {}
RESULT: {}
COMMAND: POST /session/4a7493391aacd7fc37792e05064413e7/actions - {"actions":[{"id":"action51","type":"key","parameters":{},"actions":[{"type":"keyDown","value":"î€‡"},{"type":"pause","duration":10},{"type":"keyUp","value":"î€‡"}]}]}
RESULT: {"actions":[{"id":"action51","type":"key","parameters":{},"actions":[{"type":"keyDown","value":"î€‡"},{"type":"pause","duration":10},{"type":"keyUp","value":"î€‡"}]}]}
COMMAND: POST /session/4a7493391aacd7fc37792e05064413e7/execute/async - {"script":"<script> [1562 bytes]","args":[{"selector":{"id":"application-manageconditionprice-display-component---newCondition--condBaseQty","interaction":{"idSuffix":"inner"}},"wdio_ui5_key":"applicationmanageconditionprice-display-component---newCondition--condBaseQty"}]}
COMMAND: GET /session/4a7493391aacd7fc37792e05064413e7/screenshot - {}
RESULT: {"script":"<script> [1562 bytes]","args":[{"selector":{"id":"application-manageconditionprice-display-component---newCondition--condBaseQty","interaction":{"idSuffix":"inner"}},"wdio_ui5_key":"applicationmanageconditionprice-display-component---newCondition--condBaseQty"}]}
RESULT: undefined
COMMAND: POST /session/4a7493391aacd7fc37792e05064413e7/execute/async - {"script":"<script> [776 bytes]","args":[{"enterText":"1","selector":{"id":"application-manageconditionprice-display-component---newCondition--condBaseQty","interaction":{"idSuffix":"inner"}},"clearTextFirst":true,"interactionType":"ENTER_TEXT"}]}
RESULT: {}
RESULT: {"script":"<script> [776 bytes]","args":[{"enterText":"1","selector":{"id":"application-manageconditionprice-display-component---newCondition--condBaseQty","interaction":{"idSuffix":"inner"}},"clearTextFirst":true,"interactionType":"ENTER_TEXT"}]}
COMMAND: POST /session/4a7493391aacd7fc37792e05064413e7/execute/async - {"script":"<script> [1562 bytes]","args":[{"selector":{"id":"application-manageconditionprice-display-component---newCondition--condValue","interaction":{"idSuffix":"inner"}},"wdio_ui5_key":"applicationmanageconditionprice-display-component---newCondition--condValue"}]}
RESULT: {"script":"<script> [1562 bytes]","args":[{"selector":{"id":"application-manageconditionprice-display-component---newCondition--condValue","interaction":{"idSuffix":"inner"}},"wdio_ui5_key":"applicationmanageconditionprice-display-component---newCondition--condValue"}]}
RESULT: undefined
COMMAND: POST /session/4a7493391aacd7fc37792e05064413e7/execute/async - {"script":"<script> [776 bytes]","args":[{"enterText":"100","selector":{"id":"application-manageconditionprice-display-component---newCondition--condValue","interaction":{"idSuffix":"inner"}},"clearTextFirst":true,"interactionType":"ENTER_TEXT"}]}
RESULT: {"script":"<script> [776 bytes]","args":[{"enterText":"100","selector":{"id":"application-manageconditionprice-display-component---newCondition--condValue","interaction":{"idSuffix":"inner"}},"clearTextFirst":true,"interactionType":"ENTER_TEXT"}]}
COMMAND: POST /session/4a7493391aacd7fc37792e05064413e7/execute/async - {"script":"<script> [1562 bytes]","args":[{"selector":{"id":"application-manageconditionprice-display-component---newCondition--condCurr-arrow"},"wdio_ui5_key":"applicationmanageconditionprice-display-component---newCondition--condCurr-arrow"}]}
RESULT: {"script":"<script> [1562 bytes]","args":[{"selector":{"id":"application-manageconditionprice-display-component---newCondition--condCurr-arrow"},"wdio_ui5_key":"applicationmanageconditionprice-display-component---newCondition--condCurr-arrow"}]}
RESULT: undefined
COMMAND: POST /session/4a7493391aacd7fc37792e05064413e7/element - {"using":"xpath","value":"//*[@id=\"application-manageconditionprice-display-component---newCondition--condCurr-arrow\"]"}
RESULT: {"using":"xpath","value":"//*[@id=\"application-manageconditionprice-display-component---newCondition--condCurr-arrow\"]"}
COMMAND: POST /session/4a7493391aacd7fc37792e05064413e7/element/f.E133658EE593DCD45430D97DE730ABAE.d.93F10972ACDEF479610CE8A7D1BDB095.e.13781/click - {}
RESULT: {}
COMMAND: POST /session/4a7493391aacd7fc37792e05064413e7/element - {"using":"xpath","value":"//span[contains(text(), \"Euro\")]"}
COMMAND: GET /session/4a7493391aacd7fc37792e05064413e7/screenshot - {}
RESULT: {"using":"xpath","value":"//span[contains(text(), \"Euro\")]"}
COMMAND: POST /session/4a7493391aacd7fc37792e05064413e7/element/f.E133658EE593DCD45430D97DE730ABAE.d.93F10972ACDEF479610CE8A7D1BDB095.e.13839/click - {}
RESULT: {}
RESULT: {}
COMMAND: POST /session/4a7493391aacd7fc37792e05064413e7/element - {"using":"xpath","value":"//button[@data-kt=\"saveButton\"]"}
COMMAND: GET /session/4a7493391aacd7fc37792e05064413e7/screenshot - {}
RESULT: {"using":"xpath","value":"//button[@data-kt=\"saveButton\"]"}
COMMAND: POST /session/4a7493391aacd7fc37792e05064413e7/element/f.E133658EE593DCD45430D97DE730ABAE.d.93F10972ACDEF479610CE8A7D1BDB095.e.13782/click - {}
RESULT: {}
RESULT: {}
COMMAND: GET /session/4a7493391aacd7fc37792e05064413e7/screenshot - {}
RESULT: {}
COMMAND: POST /session/4a7493391aacd7fc37792e05064413e7/execute/async - {"script":"<script> [1562 bytes]","args":[{"selector":{"id":"application-manageconditionprice-display-component---conditions--smartFilterBar-btnBasicSearch","interaction":{"idSuffix":"I"}},"wdio_ui5_key":"applicationmanageconditionprice-display-component---conditions--smartFilterBar-btnBasicSearch"}]}
RESULT: {"script":"<script> [1562 bytes]","args":[{"selector":{"id":"application-manageconditionprice-display-component---conditions--smartFilterBar-btnBasicSearch","interaction":{"idSuffix":"I"}},"wdio_ui5_key":"applicationmanageconditionprice-display-component---conditions--smartFilterBar-btnBasicSearch"}]}
RESULT: undefined
COMMAND: POST /session/4a7493391aacd7fc37792e05064413e7/execute/async - {"script":"<script> [776 bytes]","args":[{"enterText":"VoTfLJjjZQ","selector":{"id":"application-manageconditionprice-display-component---conditions--smartFilterBar-btnBasicSearch","interaction":{"idSuffix":"I"}},"clearTextFirst":true,"interactionType":"ENTER_TEXT"}]}
RESULT: {"script":"<script> [776 bytes]","args":[{"enterText":"VoTfLJjjZQ","selector":{"id":"application-manageconditionprice-display-component---conditions--smartFilterBar-btnBasicSearch","interaction":{"idSuffix":"I"}},"clearTextFirst":true,"interactionType":"ENTER_TEXT"}]}
COMMAND: POST /session/4a7493391aacd7fc37792e05064413e7/actions - {"actions":[{"id":"action52","type":"key","parameters":{},"actions":[{"type":"keyDown","value":"î€‡"},{"type":"pause","duration":10},{"type":"keyUp","value":"î€‡"}]}]}
RESULT: {"actions":[{"id":"action52","type":"key","parameters":{},"actions":[{"type":"keyDown","value":"î€‡"},{"type":"pause","duration":10},{"type":"keyUp","value":"î€‡"}]}]}
COMMAND: GET /session/4a7493391aacd7fc37792e05064413e7/screenshot - {}
RESULT: {}
COMMAND: POST /session/4a7493391aacd7fc37792e05064413e7/execute/async - {"script":"<script> [1562 bytes]","args":[{"selector":{"id":"application-manageconditionprice-display-component---conditions--smartFilterBar-filterItemControl_BASIC-BILL_TYPES-vhi"},"wdio_ui5_key":"applicationmanageconditionprice-display-component---conditions--smartFilterBar-filterItemControl_BASIC-BILL_TYPES-vhi"}]}
RESULT: {"script":"<script> [1562 bytes]","args":[{"selector":{"id":"application-manageconditionprice-display-component---conditions--smartFilterBar-filterItemControl_BASIC-BILL_TYPES-vhi"},"wdio_ui5_key":"applicationmanageconditionprice-display-component---conditions--smartFilterBar-filterItemControl_BASIC-BILL_TYPES-vhi"}]}
RESULT: undefined
COMMAND: POST /session/4a7493391aacd7fc37792e05064413e7/element - {"using":"xpath","value":"//*[@id=\"application-manageconditionprice-display-component---conditions--smartFilterBar-filterItemControl_BASIC-BILL_TYPES-vhi\"]"}
RESULT: {"using":"xpath","value":"//*[@id=\"application-manageconditionprice-display-component---conditions--smartFilterBar-filterItemControl_BASIC-BILL_TYPES-vhi\"]"}
COMMAND: POST /session/4a7493391aacd7fc37792e05064413e7/element/f.E133658EE593DCD45430D97DE730ABAE.d.93F10972ACDEF479610CE8A7D1BDB095.e.13855/click - {}
RESULT: {}
COMMAND: POST /session/4a7493391aacd7fc37792e05064413e7/execute/async - {"script":"<script> [1562 bytes]","args":[{"selector":{"id":"application-manageconditionprice-display-component---conditions--smartFilterBar-filterItemControl_BASIC-BILL_TYPES-valueHelpDialog-smartFilterBar-btnBasicSearch","searchOpenDialogs":true,"interaction":{"idSuffix":"I"}},"wdio_ui5_key":"applicationmanageconditionprice-display-component---conditions--smartFilterBar-filterItemControl_BASIC-BILL_TYPES-valueHelpDialog-smartFilterBar-btnBasicSearch"}]}
COMMAND: GET /session/4a7493391aacd7fc37792e05064413e7/screenshot - {}
RESULT: {"script":"<script> [1562 bytes]","args":[{"selector":{"id":"application-manageconditionprice-display-component---conditions--smartFilterBar-filterItemControl_BASIC-BILL_TYPES-valueHelpDialog-smartFilterBar-btnBasicSearch","searchOpenDialogs":true,"interaction":{"idSuffix":"I"}},"wdio_ui5_key":"applicationmanageconditionprice-display-component---conditions--smartFilterBar-filterItemControl_BASIC-BILL_TYPES-valueHelpDialog-smartFilterBar-btnBasicSearch"}]}
RESULT: undefined
COMMAND: POST /session/4a7493391aacd7fc37792e05064413e7/execute/async - {"script":"<script> [776 bytes]","args":[{"enterText":"TB","selector":{"id":"application-manageconditionprice-display-component---conditions--smartFilterBar-filterItemControl_BASIC-BILL_TYPES-valueHelpDialog-smartFilterBar-btnBasicSearch","searchOpenDialogs":true,"interaction":{"idSuffix":"I"}},"clearTextFirst":true,"interactionType":"ENTER_TEXT"}]}
RESULT: {}
RESULT: {"script":"<script> [776 bytes]","args":[{"enterText":"TB","selector":{"id":"application-manageconditionprice-display-component---conditions--smartFilterBar-filterItemControl_BASIC-BILL_TYPES-valueHelpDialog-smartFilterBar-btnBasicSearch","searchOpenDialogs":true,"interaction":{"idSuffix":"I"}},"clearTextFirst":true,"interactionType":"ENTER_TEXT"}]}
COMMAND: POST /session/4a7493391aacd7fc37792e05064413e7/actions - {"actions":[{"id":"action53","type":"key","parameters":{},"actions":[{"type":"keyDown","value":"î€‡"},{"type":"pause","duration":10},{"type":"keyUp","value":"î€‡"}]}]}
RESULT: {"actions":[{"id":"action53","type":"key","parameters":{},"actions":[{"type":"keyDown","value":"î€‡"},{"type":"pause","duration":10},{"type":"keyUp","value":"î€‡"}]}]}
COMMAND: GET /session/4a7493391aacd7fc37792e05064413e7/screenshot - {}
RESULT: {}
COMMAND: POST /session/4a7493391aacd7fc37792e05064413e7/element - {"using":"xpath","value":"//div[contains(@id, 'application-manageconditionprice-display-component---conditions--smartFilterBar-filterItemControl_BASIC-BILL_TYPES-valueHelpDialog-table-rowsel0')]"}
RESULT: {"using":"xpath","value":"//div[contains(@id, 'application-manageconditionprice-display-component---conditions--smartFilterBar-filterItemControl_BASIC-BILL_TYPES-valueHelpDialog-table-rowsel0')]"}
COMMAND: POST /session/4a7493391aacd7fc37792e05064413e7/element/f.E133658EE593DCD45430D97DE730ABAE.d.93F10972ACDEF479610CE8A7D1BDB095.e.13864/click - {}
RESULT: {}
COMMAND: GET /session/4a7493391aacd7fc37792e05064413e7/screenshot - {}
RESULT: {}
COMMAND: POST /session/4a7493391aacd7fc37792e05064413e7/element - {"using":"xpath","value":"//bdi[contains(text(), \"OK\")]"}
RESULT: {"using":"xpath","value":"//bdi[contains(text(), \"OK\")]"}
COMMAND: POST /session/4a7493391aacd7fc37792e05064413e7/element/f.E133658EE593DCD45430D97DE730ABAE.d.93F10972ACDEF479610CE8A7D1BDB095.e.13866/click - {}
RESULT: {}
COMMAND: GET /session/4a7493391aacd7fc37792e05064413e7/screenshot - {}
RESULT: {}
COMMAND: POST /session/4a7493391aacd7fc37792e05064413e7/element - {"using":"xpath","value":"//span[@id=\"application-manageconditionprice-display-component---conditions--smartTable-header-inner\"]"}
RESULT: {"using":"xpath","value":"//span[@id=\"application-manageconditionprice-display-component---conditions--smartTable-header-inner\"]"}
COMMAND: POST /session/4a7493391aacd7fc37792e05064413e7/elements - {"using":"xpath","value":"//span[@id=\"application-manageconditionprice-display-component---conditions--smartTable-header-inner\"]"}
RESULT: {"using":"xpath","value":"//span[@id=\"application-manageconditionprice-display-component---conditions--smartTable-header-inner\"]"}
COMMAND: POST /session/4a7493391aacd7fc37792e05064413e7/execute/sync - {"script":"<script> [56 bytes]","args":[{"element-6066-11e4-a52e-4f735466cecf":"f.E133658EE593DCD45430D97DE730ABAE.d.93F10972ACDEF479610CE8A7D1BDB095.e.13869","ELEMENT":"f.E133658EE593DCD45430D97DE730ABAE.d.93F10972ACDEF479610CE8A7D1BDB095.e.13869"}]}
RESULT: {"script":"<script> [56 bytes]","args":[{"element-6066-11e4-a52e-4f735466cecf":"f.E133658EE593DCD45430D97DE730ABAE.d.93F10972ACDEF479610CE8A7D1BDB095.e.13869","ELEMENT":"f.E133658EE593DCD45430D97DE730ABAE.d.93F10972ACDEF479610CE8A7D1BDB095.e.13869"}]}
COMMAND: POST /session/4a7493391aacd7fc37792e05064413e7/element - {"using":"css selector","value":"#shell-header-logo"}
COMMAND: GET /session/4a7493391aacd7fc37792e05064413e7/screenshot - {}
RESULT: {"using":"css selector","value":"#shell-header-logo"}
COMMAND: POST /session/4a7493391aacd7fc37792e05064413e7/element/f.E133658EE593DCD45430D97DE730ABAE.d.93F10972ACDEF479610CE8A7D1BDB095.e.13590/click - {}
RESULT: {}
RESULT: {}
COMMAND: GET /session/4a7493391aacd7fc37792e05064413e7/screenshot - {}
RESULT: {}
]]></system-out>
    </testcase>
    <testcase classname="chrome.135_0_7049_96.windows.Billing_transfer_US117289" name="Should do a stock increase" time="77.15">
      <system-out><![CDATA[
COMMAND: POST /session/4a7493391aacd7fc37792e05064413e7/execute/async - {"script":"<script> [1562 bytes]","args":[{"selector":{"controlType":"sap.m.Text","viewName":"etm.portal.ui.managehandoverstile.view.Master","properties":{"text":"Manage Handovers"},"interaction":{"idSuffix":"inner"}},"wdio_ui5_key":"etmportal.ui.managehandoverstile.view.Mastersap.m.Text{\"text\":\"Manage Handovers\"}"}]}
RESULT: {"script":"<script> [1562 bytes]","args":[{"selector":{"controlType":"sap.m.Text","viewName":"etm.portal.ui.managehandoverstile.view.Master","properties":{"text":"Manage Handovers"},"interaction":{"idSuffix":"inner"}},"wdio_ui5_key":"etmportal.ui.managehandoverstile.view.Mastersap.m.Text{\"text\":\"Manage Handovers\"}"}]}
RESULT: undefined
COMMAND: POST /session/4a7493391aacd7fc37792e05064413e7/element - {"using":"xpath","value":"//*[@id=\"__tile131-title\"]"}
RESULT: {"using":"xpath","value":"//*[@id=\"__tile131-title\"]"}
COMMAND: POST /session/4a7493391aacd7fc37792e05064413e7/element/f.E133658EE593DCD45430D97DE730ABAE.d.93F10972ACDEF479610CE8A7D1BDB095.e.13874/click - {}
RESULT: {}
COMMAND: POST /session/4a7493391aacd7fc37792e05064413e7/element - {"using":"xpath","value":"//button[@data-kt=\"masterHOAddButton\"]"}
COMMAND: GET /session/4a7493391aacd7fc37792e05064413e7/screenshot - {}
RESULT: {"using":"xpath","value":"//button[@data-kt=\"masterHOAddButton\"]"}
COMMAND: POST /session/4a7493391aacd7fc37792e05064413e7/elements - {"using":"xpath","value":"//button[@data-kt=\"masterHOAddButton\"]"}
RESULT: {}
RESULT: {"using":"xpath","value":"//button[@data-kt=\"masterHOAddButton\"]"}
COMMAND: POST /session/4a7493391aacd7fc37792e05064413e7/elements - {"using":"xpath","value":"//button[@data-kt=\"masterHOAddButton\"]"}
RESULT: {"using":"xpath","value":"//button[@data-kt=\"masterHOAddButton\"]"}
COMMAND: POST /session/4a7493391aacd7fc37792e05064413e7/element - {"using":"xpath","value":"//button[@data-kt=\"masterHOAddButton\"]"}
RESULT: {"using":"xpath","value":"//button[@data-kt=\"masterHOAddButton\"]"}
COMMAND: POST /session/4a7493391aacd7fc37792e05064413e7/execute/sync - {"script":"<script> [8489 bytes]","args":[{"element-6066-11e4-a52e-4f735466cecf":"f.E133658EE593DCD45430D97DE730ABAE.d.93F10972ACDEF479610CE8A7D1BDB095.e.13900","ELEMENT":"f.E133658EE593DCD45430D97DE730ABAE.d.93F10972ACDEF479610CE8A7D1BDB095.e.13900"}]}
RESULT: {"script":"<script> [8489 bytes]","args":[{"element-6066-11e4-a52e-4f735466cecf":"f.E133658EE593DCD45430D97DE730ABAE.d.93F10972ACDEF479610CE8A7D1BDB095.e.13900","ELEMENT":"f.E133658EE593DCD45430D97DE730ABAE.d.93F10972ACDEF479610CE8A7D1BDB095.e.13900"}]}
COMMAND: GET /session/4a7493391aacd7fc37792e05064413e7/element/f.E133658EE593DCD45430D97DE730ABAE.d.93F10972ACDEF479610CE8A7D1BDB095.e.13900/enabled - {}
COMMAND: GET /session/4a7493391aacd7fc37792e05064413e7/screenshot - {}
RESULT: {}
COMMAND: POST /session/4a7493391aacd7fc37792e05064413e7/execute/sync - {"script":"<script> [8489 bytes]","args":[{"element-6066-11e4-a52e-4f735466cecf":"f.E133658EE593DCD45430D97DE730ABAE.d.93F10972ACDEF479610CE8A7D1BDB095.e.13900","ELEMENT":"f.E133658EE593DCD45430D97DE730ABAE.d.93F10972ACDEF479610CE8A7D1BDB095.e.13900"}]}
COMMAND: GET /session/4a7493391aacd7fc37792e05064413e7/screenshot - {}
RESULT: {}
RESULT: {"script":"<script> [8489 bytes]","args":[{"element-6066-11e4-a52e-4f735466cecf":"f.E133658EE593DCD45430D97DE730ABAE.d.93F10972ACDEF479610CE8A7D1BDB095.e.13900","ELEMENT":"f.E133658EE593DCD45430D97DE730ABAE.d.93F10972ACDEF479610CE8A7D1BDB095.e.13900"}]}
COMMAND: POST /session/4a7493391aacd7fc37792e05064413e7/execute/sync - {"script":"<script> [5351 bytes]","args":[{"element-6066-11e4-a52e-4f735466cecf":"f.E133658EE593DCD45430D97DE730ABAE.d.93F10972ACDEF479610CE8A7D1BDB095.e.13900","ELEMENT":"f.E133658EE593DCD45430D97DE730ABAE.d.93F10972ACDEF479610CE8A7D1BDB095.e.13900"}]}
COMMAND: GET /session/4a7493391aacd7fc37792e05064413e7/screenshot - {}
RESULT: {}
RESULT: {"script":"<script> [5351 bytes]","args":[{"element-6066-11e4-a52e-4f735466cecf":"f.E133658EE593DCD45430D97DE730ABAE.d.93F10972ACDEF479610CE8A7D1BDB095.e.13900","ELEMENT":"f.E133658EE593DCD45430D97DE730ABAE.d.93F10972ACDEF479610CE8A7D1BDB095.e.13900"}]}
COMMAND: GET /session/4a7493391aacd7fc37792e05064413e7/screenshot - {}
COMMAND: POST /session/4a7493391aacd7fc37792e05064413e7/execute/sync - {"script":"<script> [8489 bytes]","args":[{"element-6066-11e4-a52e-4f735466cecf":"f.E133658EE593DCD45430D97DE730ABAE.d.93F10972ACDEF479610CE8A7D1BDB095.e.13900","ELEMENT":"f.E133658EE593DCD45430D97DE730ABAE.d.93F10972ACDEF479610CE8A7D1BDB095.e.13900"}]}
RESULT: {}
RESULT: {}
RESULT: {"script":"<script> [8489 bytes]","args":[{"element-6066-11e4-a52e-4f735466cecf":"f.E133658EE593DCD45430D97DE730ABAE.d.93F10972ACDEF479610CE8A7D1BDB095.e.13900","ELEMENT":"f.E133658EE593DCD45430D97DE730ABAE.d.93F10972ACDEF479610CE8A7D1BDB095.e.13900"}]}
COMMAND: POST /session/4a7493391aacd7fc37792e05064413e7/execute/sync - {"script":"<script> [5351 bytes]","args":[{"element-6066-11e4-a52e-4f735466cecf":"f.E133658EE593DCD45430D97DE730ABAE.d.93F10972ACDEF479610CE8A7D1BDB095.e.13900","ELEMENT":"f.E133658EE593DCD45430D97DE730ABAE.d.93F10972ACDEF479610CE8A7D1BDB095.e.13900"}]}
COMMAND: GET /session/4a7493391aacd7fc37792e05064413e7/screenshot - {}
RESULT: {}
RESULT: {"script":"<script> [5351 bytes]","args":[{"element-6066-11e4-a52e-4f735466cecf":"f.E133658EE593DCD45430D97DE730ABAE.d.93F10972ACDEF479610CE8A7D1BDB095.e.13900","ELEMENT":"f.E133658EE593DCD45430D97DE730ABAE.d.93F10972ACDEF479610CE8A7D1BDB095.e.13900"}]}
COMMAND: POST /session/4a7493391aacd7fc37792e05064413e7/element/f.E133658EE593DCD45430D97DE730ABAE.d.93F10972ACDEF479610CE8A7D1BDB095.e.13900/click - {}
COMMAND: GET /session/4a7493391aacd7fc37792e05064413e7/screenshot - {}
RESULT: {}
COMMAND: GET /session/4a7493391aacd7fc37792e05064413e7/screenshot - {}
RESULT: {}
RESULT: {}
COMMAND: POST /session/4a7493391aacd7fc37792e05064413e7/element - {"using":"xpath","value":"//span[contains(@id ,\"AddNewHO--typeSelect-arrow\")]"}
RESULT: {"using":"xpath","value":"//span[contains(@id ,\"AddNewHO--typeSelect-arrow\")]"}
COMMAND: POST /session/4a7493391aacd7fc37792e05064413e7/element/f.E133658EE593DCD45430D97DE730ABAE.d.93F10972ACDEF479610CE8A7D1BDB095.e.14263/click - {}
RESULT: {}
COMMAND: GET /session/4a7493391aacd7fc37792e05064413e7/screenshot - {}
RESULT: {}
COMMAND: POST /session/4a7493391aacd7fc37792e05064413e7/element - {"using":"xpath","value":"(//li[contains(text(), \"stock increase yard\")])[1]"}
RESULT: {"using":"xpath","value":"(//li[contains(text(), \"stock increase yard\")])[1]"}
COMMAND: POST /session/4a7493391aacd7fc37792e05064413e7/element/f.E133658EE593DCD45430D97DE730ABAE.d.93F10972ACDEF479610CE8A7D1BDB095.e.14264/click - {}
RESULT: {}
COMMAND: GET /session/4a7493391aacd7fc37792e05064413e7/screenshot - {}
RESULT: {}
COMMAND: POST /session/4a7493391aacd7fc37792e05064413e7/execute/async - {"script":"<script> [1562 bytes]","args":[{"selector":{"id":"application-managehandovers-display-component---AddNewHO--dueDate","interaction":{"idSuffix":"inner"}},"wdio_ui5_key":"applicationmanagehandovers-display-component---AddNewHO--dueDate"}]}
RESULT: {"script":"<script> [1562 bytes]","args":[{"selector":{"id":"application-managehandovers-display-component---AddNewHO--dueDate","interaction":{"idSuffix":"inner"}},"wdio_ui5_key":"applicationmanagehandovers-display-component---AddNewHO--dueDate"}]}
RESULT: undefined
COMMAND: POST /session/4a7493391aacd7fc37792e05064413e7/execute/async - {"script":"<script> [6424 bytes]","args":[{"element-6066-11e4-a52e-4f735466cecf":"f.E133658EE593DCD45430D97DE730ABAE.d.93F10972ACDEF479610CE8A7D1BDB095.e.14266"},"setValue",["04/29/2025"]]}
RESULT: {"script":"<script> [6424 bytes]","args":[{"element-6066-11e4-a52e-4f735466cecf":"f.E133658EE593DCD45430D97DE730ABAE.d.93F10972ACDEF479610CE8A7D1BDB095.e.14266"},"setValue",["04/29/2025"]]}
COMMAND: POST /session/4a7493391aacd7fc37792e05064413e7/element - {"using":"xpath","value":"//input[@id=\"generalSectionFrg--receiveYard-inner\"]"}
RESULT: {"using":"xpath","value":"//input[@id=\"generalSectionFrg--receiveYard-inner\"]"}
COMMAND: POST /session/4a7493391aacd7fc37792e05064413e7/element/f.E133658EE593DCD45430D97DE730ABAE.d.93F10972ACDEF479610CE8A7D1BDB095.e.14272/clear - {}
RESULT: {}
COMMAND: POST /session/4a7493391aacd7fc37792e05064413e7/element/f.E133658EE593DCD45430D97DE730ABAE.d.93F10972ACDEF479610CE8A7D1BDB095.e.14272/value - {"text":"417"}
COMMAND: GET /session/4a7493391aacd7fc37792e05064413e7/screenshot - {}
RESULT: {"text":"417"}
COMMAND: GET /session/4a7493391aacd7fc37792e05064413e7/screenshot - {}
RESULT: {}
RESULT: {}
COMMAND: POST /session/4a7493391aacd7fc37792e05064413e7/element - {"using":"xpath","value":"//li[.//span[text()='417']]"}
RESULT: {"using":"xpath","value":"//li[.//span[text()='417']]"}
COMMAND: POST /session/4a7493391aacd7fc37792e05064413e7/element/f.E133658EE593DCD45430D97DE730ABAE.d.93F10972ACDEF479610CE8A7D1BDB095.e.14290/click - {}
RESULT: {}
COMMAND: GET /session/4a7493391aacd7fc37792e05064413e7/screenshot - {}
RESULT: {}
COMMAND: POST /session/4a7493391aacd7fc37792e05064413e7/execute/async - {"script":"<script> [1562 bytes]","args":[{"selector":{"id":"application-managehandovers-display-component---AddNewHO--ObjectPageLayout-anchBar-application-managehandovers-display-component---AddNewHO--section4-anchor","interaction":{"idSuffix":"BDI-content"}},"wdio_ui5_key":"applicationmanagehandovers-display-component---AddNewHO--ObjectPageLayout-anchBar-application-managehandovers-display-component---AddNewHO--section4-anchor"}]}
RESULT: {"script":"<script> [1562 bytes]","args":[{"selector":{"id":"application-managehandovers-display-component---AddNewHO--ObjectPageLayout-anchBar-application-managehandovers-display-component---AddNewHO--section4-anchor","interaction":{"idSuffix":"BDI-content"}},"wdio_ui5_key":"applicationmanagehandovers-display-component---AddNewHO--ObjectPageLayout-anchBar-application-managehandovers-display-component---AddNewHO--section4-anchor"}]}
RESULT: undefined
COMMAND: POST /session/4a7493391aacd7fc37792e05064413e7/element - {"using":"xpath","value":"//*[@id=\"application-managehandovers-display-component---AddNewHO--ObjectPageLayout-anchBar-application-managehandovers-display-component---AddNewHO--section4-anchor\"]"}
RESULT: {"using":"xpath","value":"//*[@id=\"application-managehandovers-display-component---AddNewHO--ObjectPageLayout-anchBar-application-managehandovers-display-component---AddNewHO--section4-anchor\"]"}
COMMAND: POST /session/4a7493391aacd7fc37792e05064413e7/element/f.E133658EE593DCD45430D97DE730ABAE.d.93F10972ACDEF479610CE8A7D1BDB095.e.14292/click - {}
RESULT: {}
COMMAND: POST /session/4a7493391aacd7fc37792e05064413e7/element - {"using":"xpath","value":"//button[@aria-label=\"Add\"]"}
COMMAND: GET /session/4a7493391aacd7fc37792e05064413e7/screenshot - {}
RESULT: {"using":"xpath","value":"//button[@aria-label=\"Add\"]"}
COMMAND: POST /session/4a7493391aacd7fc37792e05064413e7/element/f.E133658EE593DCD45430D97DE730ABAE.d.93F10972ACDEF479610CE8A7D1BDB095.e.14296/click - {}
RESULT: {}
RESULT: {}
COMMAND: GET /session/4a7493391aacd7fc37792e05064413e7/screenshot - {}
RESULT: {}
COMMAND: POST /session/4a7493391aacd7fc37792e05064413e7/execute/async - {"script":"<script> [1562 bytes]","args":[{"selector":{"id":"application-managehandovers-display-component---AddNewHO--smartFilterBar-btnBasicSearch","searchOpenDialogs":true,"interaction":{"idSuffix":"I"}},"wdio_ui5_key":"applicationmanagehandovers-display-component---AddNewHO--smartFilterBar-btnBasicSearch"}]}
RESULT: {"script":"<script> [1562 bytes]","args":[{"selector":{"id":"application-managehandovers-display-component---AddNewHO--smartFilterBar-btnBasicSearch","searchOpenDialogs":true,"interaction":{"idSuffix":"I"}},"wdio_ui5_key":"applicationmanagehandovers-display-component---AddNewHO--smartFilterBar-btnBasicSearch"}]}
RESULT: undefined
COMMAND: POST /session/4a7493391aacd7fc37792e05064413e7/execute/async - {"script":"<script> [776 bytes]","args":[{"enterText":"VoTfLJjjZQ","selector":{"id":"application-managehandovers-display-component---AddNewHO--smartFilterBar-btnBasicSearch","searchOpenDialogs":true,"interaction":{"idSuffix":"I"}},"clearTextFirst":true,"interactionType":"ENTER_TEXT"}]}
RESULT: {"script":"<script> [776 bytes]","args":[{"enterText":"VoTfLJjjZQ","selector":{"id":"application-managehandovers-display-component---AddNewHO--smartFilterBar-btnBasicSearch","searchOpenDialogs":true,"interaction":{"idSuffix":"I"}},"clearTextFirst":true,"interactionType":"ENTER_TEXT"}]}
COMMAND: POST /session/4a7493391aacd7fc37792e05064413e7/actions - {"actions":[{"id":"action54","type":"key","parameters":{},"actions":[{"type":"keyDown","value":"î€‡"},{"type":"pause","duration":10},{"type":"keyUp","value":"î€‡"}]}]}
RESULT: {"actions":[{"id":"action54","type":"key","parameters":{},"actions":[{"type":"keyDown","value":"î€‡"},{"type":"pause","duration":10},{"type":"keyUp","value":"î€‡"}]}]}
COMMAND: GET /session/4a7493391aacd7fc37792e05064413e7/screenshot - {}
RESULT: {}
COMMAND: POST /session/4a7493391aacd7fc37792e05064413e7/execute/async - {"script":"<script> [1562 bytes]","args":[{"selector":{"id":"application-managehandovers-display-component---AddNewHO--popup-sa","searchOpenDialogs":true,"interaction":{"idSuffix":"CbBg"}},"wdio_ui5_key":"applicationmanagehandovers-display-component---AddNewHO--popup-sa"}]}
RESULT: {"script":"<script> [1562 bytes]","args":[{"selector":{"id":"application-managehandovers-display-component---AddNewHO--popup-sa","searchOpenDialogs":true,"interaction":{"idSuffix":"CbBg"}},"wdio_ui5_key":"applicationmanagehandovers-display-component---AddNewHO--popup-sa"}]}
RESULT: undefined
COMMAND: POST /session/4a7493391aacd7fc37792e05064413e7/element - {"using":"xpath","value":"//*[@id=\"application-managehandovers-display-component---AddNewHO--popup-sa\"]"}
RESULT: {"using":"xpath","value":"//*[@id=\"application-managehandovers-display-component---AddNewHO--popup-sa\"]"}
COMMAND: POST /session/4a7493391aacd7fc37792e05064413e7/element/f.E133658EE593DCD45430D97DE730ABAE.d.93F10972ACDEF479610CE8A7D1BDB095.e.14449/click - {}
RESULT: {}
COMMAND: GET /session/4a7493391aacd7fc37792e05064413e7/screenshot - {}
RESULT: {}
COMMAND: POST /session/4a7493391aacd7fc37792e05064413e7/element - {"using":"xpath","value":"//bdi[contains(text(), \"Select\")]"}
RESULT: {"using":"xpath","value":"//bdi[contains(text(), \"Select\")]"}
COMMAND: POST /session/4a7493391aacd7fc37792e05064413e7/element/f.E133658EE593DCD45430D97DE730ABAE.d.93F10972ACDEF479610CE8A7D1BDB095.e.14450/click - {}
RESULT: {}
COMMAND: GET /session/4a7493391aacd7fc37792e05064413e7/screenshot - {}
RESULT: {}
COMMAND: POST /session/4a7493391aacd7fc37792e05064413e7/element - {"using":"xpath","value":"//button[@data-kt=\"AddNewHOSaveButton\"]"}
RESULT: {"using":"xpath","value":"//button[@data-kt=\"AddNewHOSaveButton\"]"}
COMMAND: POST /session/4a7493391aacd7fc37792e05064413e7/element/f.E133658EE593DCD45430D97DE730ABAE.d.93F10972ACDEF479610CE8A7D1BDB095.e.14454/click - {}
RESULT: {}
COMMAND: GET /session/4a7493391aacd7fc37792e05064413e7/screenshot - {}
RESULT: {}
COMMAND: POST /session/4a7493391aacd7fc37792e05064413e7/execute/async - {"script":"<script> [1562 bytes]","args":[{"selector":{"id":"receiptDatePicker","viewName":"etm.portal.ui.managehandovers.view.DetailExecuteHO","interaction":{"idSuffix":"inner"}},"wdio_ui5_key":"receiptDatePickeretmportal.ui.managehandovers.view.DetailExecuteHO"}]}
RESULT: {"script":"<script> [1562 bytes]","args":[{"selector":{"id":"receiptDatePicker","viewName":"etm.portal.ui.managehandovers.view.DetailExecuteHO","interaction":{"idSuffix":"inner"}},"wdio_ui5_key":"receiptDatePickeretmportal.ui.managehandovers.view.DetailExecuteHO"}]}
RESULT: undefined
COMMAND: POST /session/4a7493391aacd7fc37792e05064413e7/execute/async - {"script":"<script> [6424 bytes]","args":[{"element-6066-11e4-a52e-4f735466cecf":"f.E133658EE593DCD45430D97DE730ABAE.d.93F10972ACDEF479610CE8A7D1BDB095.e.14481"},"setValue",["04/29/2025"]]}
RESULT: {"script":"<script> [6424 bytes]","args":[{"element-6066-11e4-a52e-4f735466cecf":"f.E133658EE593DCD45430D97DE730ABAE.d.93F10972ACDEF479610CE8A7D1BDB095.e.14481"},"setValue",["04/29/2025"]]}
COMMAND: POST /session/4a7493391aacd7fc37792e05064413e7/element - {"using":"xpath","value":"//button[@data-kt=\"PickingTableConfirmAllButton\"]"}
RESULT: {"using":"xpath","value":"//button[@data-kt=\"PickingTableConfirmAllButton\"]"}
COMMAND: POST /session/4a7493391aacd7fc37792e05064413e7/element/f.E133658EE593DCD45430D97DE730ABAE.d.93F10972ACDEF479610CE8A7D1BDB095.e.14496/click - {}
RESULT: {}
COMMAND: GET /session/4a7493391aacd7fc37792e05064413e7/screenshot - {}
RESULT: {}
COMMAND: POST /session/4a7493391aacd7fc37792e05064413e7/element - {"using":"xpath","value":"//bdi[contains(text(), \"OK\")]"}
RESULT: {"using":"xpath","value":"//bdi[contains(text(), \"OK\")]"}
COMMAND: POST /session/4a7493391aacd7fc37792e05064413e7/element/f.E133658EE593DCD45430D97DE730ABAE.d.93F10972ACDEF479610CE8A7D1BDB095.e.14499/click - {}
RESULT: {}
COMMAND: GET /session/4a7493391aacd7fc37792e05064413e7/screenshot - {}
RESULT: {}
COMMAND: POST /session/4a7493391aacd7fc37792e05064413e7/element - {"using":"xpath","value":"(//bdi[contains(text(), \"Receive\")])[2]"}
RESULT: {"using":"xpath","value":"(//bdi[contains(text(), \"Receive\")])[2]"}
COMMAND: POST /session/4a7493391aacd7fc37792e05064413e7/element/f.E133658EE593DCD45430D97DE730ABAE.d.93F10972ACDEF479610CE8A7D1BDB095.e.14500/click - {}
RESULT: {}
COMMAND: GET /session/4a7493391aacd7fc37792e05064413e7/screenshot - {}
RESULT: {}
COMMAND: POST /session/4a7493391aacd7fc37792e05064413e7/element - {"using":"css selector","value":"#shell-header-logo"}
RESULT: {"using":"css selector","value":"#shell-header-logo"}
COMMAND: POST /session/4a7493391aacd7fc37792e05064413e7/element/f.E133658EE593DCD45430D97DE730ABAE.d.93F10972ACDEF479610CE8A7D1BDB095.e.13876/click - {}
RESULT: {}
COMMAND: GET /session/4a7493391aacd7fc37792e05064413e7/screenshot - {}
RESULT: {}
]]></system-out>
    </testcase>
    <testcase classname="chrome.135_0_7049_96.windows.Billing_transfer_US117289" name="Should create a new contract" time="50.334">
      <system-out><![CDATA[
COMMAND: POST /session/4a7493391aacd7fc37792e05064413e7/execute/async - {"script":"<script> [1562 bytes]","args":[{"selector":{"controlType":"sap.m.Text","viewName":"etm.portal.ui.managecontractstile.view.Master","properties":{"text":"Manage Contracts"},"interaction":{"idSuffix":"inner"}},"wdio_ui5_key":"etmportal.ui.managecontractstile.view.Mastersap.m.Text{\"text\":\"Manage Contracts\"}"}]}
RESULT: {"script":"<script> [1562 bytes]","args":[{"selector":{"controlType":"sap.m.Text","viewName":"etm.portal.ui.managecontractstile.view.Master","properties":{"text":"Manage Contracts"},"interaction":{"idSuffix":"inner"}},"wdio_ui5_key":"etmportal.ui.managecontractstile.view.Mastersap.m.Text{\"text\":\"Manage Contracts\"}"}]}
RESULT: undefined
COMMAND: POST /session/4a7493391aacd7fc37792e05064413e7/element - {"using":"xpath","value":"//*[@id=\"__tile132-title\"]"}
RESULT: {"using":"xpath","value":"//*[@id=\"__tile132-title\"]"}
COMMAND: POST /session/4a7493391aacd7fc37792e05064413e7/element/f.E133658EE593DCD45430D97DE730ABAE.d.93F10972ACDEF479610CE8A7D1BDB095.e.14672/click - {}
RESULT: {}
COMMAND: GET /session/4a7493391aacd7fc37792e05064413e7/screenshot - {}
RESULT: {}
COMMAND: POST /session/4a7493391aacd7fc37792e05064413e7/element - {"using":"xpath","value":"//button[@data-kt=\"addButton\"]"}
RESULT: {"using":"xpath","value":"//button[@data-kt=\"addButton\"]"}
COMMAND: POST /session/4a7493391aacd7fc37792e05064413e7/elements - {"using":"xpath","value":"//button[@data-kt=\"addButton\"]"}
RESULT: {"using":"xpath","value":"//button[@data-kt=\"addButton\"]"}
COMMAND: POST /session/4a7493391aacd7fc37792e05064413e7/execute/sync - {"script":"<script> [8489 bytes]","args":[{"element-6066-11e4-a52e-4f735466cecf":"f.E133658EE593DCD45430D97DE730ABAE.d.93F10972ACDEF479610CE8A7D1BDB095.e.14743","ELEMENT":"f.E133658EE593DCD45430D97DE730ABAE.d.93F10972ACDEF479610CE8A7D1BDB095.e.14743"}]}
RESULT: {"script":"<script> [8489 bytes]","args":[{"element-6066-11e4-a52e-4f735466cecf":"f.E133658EE593DCD45430D97DE730ABAE.d.93F10972ACDEF479610CE8A7D1BDB095.e.14743","ELEMENT":"f.E133658EE593DCD45430D97DE730ABAE.d.93F10972ACDEF479610CE8A7D1BDB095.e.14743"}]}
COMMAND: GET /session/4a7493391aacd7fc37792e05064413e7/element/f.E133658EE593DCD45430D97DE730ABAE.d.93F10972ACDEF479610CE8A7D1BDB095.e.14743/enabled - {}
COMMAND: GET /session/4a7493391aacd7fc37792e05064413e7/screenshot - {}
RESULT: {}
COMMAND: POST /session/4a7493391aacd7fc37792e05064413e7/execute/sync - {"script":"<script> [8489 bytes]","args":[{"element-6066-11e4-a52e-4f735466cecf":"f.E133658EE593DCD45430D97DE730ABAE.d.93F10972ACDEF479610CE8A7D1BDB095.e.14743","ELEMENT":"f.E133658EE593DCD45430D97DE730ABAE.d.93F10972ACDEF479610CE8A7D1BDB095.e.14743"}]}
COMMAND: GET /session/4a7493391aacd7fc37792e05064413e7/screenshot - {}
RESULT: {}
RESULT: {"script":"<script> [8489 bytes]","args":[{"element-6066-11e4-a52e-4f735466cecf":"f.E133658EE593DCD45430D97DE730ABAE.d.93F10972ACDEF479610CE8A7D1BDB095.e.14743","ELEMENT":"f.E133658EE593DCD45430D97DE730ABAE.d.93F10972ACDEF479610CE8A7D1BDB095.e.14743"}]}
COMMAND: POST /session/4a7493391aacd7fc37792e05064413e7/execute/sync - {"script":"<script> [5351 bytes]","args":[{"element-6066-11e4-a52e-4f735466cecf":"f.E133658EE593DCD45430D97DE730ABAE.d.93F10972ACDEF479610CE8A7D1BDB095.e.14743","ELEMENT":"f.E133658EE593DCD45430D97DE730ABAE.d.93F10972ACDEF479610CE8A7D1BDB095.e.14743"}]}
COMMAND: GET /session/4a7493391aacd7fc37792e05064413e7/screenshot - {}
RESULT: {}
RESULT: {"script":"<script> [5351 bytes]","args":[{"element-6066-11e4-a52e-4f735466cecf":"f.E133658EE593DCD45430D97DE730ABAE.d.93F10972ACDEF479610CE8A7D1BDB095.e.14743","ELEMENT":"f.E133658EE593DCD45430D97DE730ABAE.d.93F10972ACDEF479610CE8A7D1BDB095.e.14743"}]}
COMMAND: GET /session/4a7493391aacd7fc37792e05064413e7/screenshot - {}
RESULT: {}
RESULT: {}
COMMAND: POST /session/4a7493391aacd7fc37792e05064413e7/element/f.E133658EE593DCD45430D97DE730ABAE.d.93F10972ACDEF479610CE8A7D1BDB095.e.14743/click - {}
RESULT: {}
COMMAND: GET /session/4a7493391aacd7fc37792e05064413e7/screenshot - {}
COMMAND: POST /session/4a7493391aacd7fc37792e05064413e7/execute/async - {"script":"<script> [1562 bytes]","args":[{"selector":{"id":"application-managecontracts-display-component---AddNewContract--projectDescription","interaction":{"idSuffix":"inner"}},"wdio_ui5_key":"applicationmanagecontracts-display-component---AddNewContract--projectDescription"}]}
RESULT: {}
RESULT: {"script":"<script> [1562 bytes]","args":[{"selector":{"id":"application-managecontracts-display-component---AddNewContract--projectDescription","interaction":{"idSuffix":"inner"}},"wdio_ui5_key":"applicationmanagecontracts-display-component---AddNewContract--projectDescription"}]}
RESULT: undefined
COMMAND: POST /session/4a7493391aacd7fc37792e05064413e7/execute/async - {"script":"<script> [776 bytes]","args":[{"enterText":"Contract WDIO","selector":{"id":"application-managecontracts-display-component---AddNewContract--projectDescription","interaction":{"idSuffix":"inner"}},"clearTextFirst":true,"interactionType":"ENTER_TEXT"}]}
RESULT: {"script":"<script> [776 bytes]","args":[{"enterText":"Contract WDIO","selector":{"id":"application-managecontracts-display-component---AddNewContract--projectDescription","interaction":{"idSuffix":"inner"}},"clearTextFirst":true,"interactionType":"ENTER_TEXT"}]}
COMMAND: POST /session/4a7493391aacd7fc37792e05064413e7/element - {"using":"xpath","value":"//input[@id=\"application-managecontracts-display-component---AddNewContract--site-inner\"]"}
RESULT: {"using":"xpath","value":"//input[@id=\"application-managecontracts-display-component---AddNewContract--site-inner\"]"}
COMMAND: POST /session/4a7493391aacd7fc37792e05064413e7/element/f.E133658EE593DCD45430D97DE730ABAE.d.93F10972ACDEF479610CE8A7D1BDB095.e.15040/clear - {}
RESULT: {}
COMMAND: POST /session/4a7493391aacd7fc37792e05064413e7/element/f.E133658EE593DCD45430D97DE730ABAE.d.93F10972ACDEF479610CE8A7D1BDB095.e.15040/value - {"text":"2257"}
COMMAND: GET /session/4a7493391aacd7fc37792e05064413e7/screenshot - {}
RESULT: {"text":"2257"}
COMMAND: GET /session/4a7493391aacd7fc37792e05064413e7/screenshot - {}
RESULT: {}
RESULT: {}
COMMAND: POST /session/4a7493391aacd7fc37792e05064413e7/element - {"using":"xpath","value":"//li[.//span[text()='2257']]"}
RESULT: {"using":"xpath","value":"//li[.//span[text()='2257']]"}
COMMAND: POST /session/4a7493391aacd7fc37792e05064413e7/element/f.E133658EE593DCD45430D97DE730ABAE.d.93F10972ACDEF479610CE8A7D1BDB095.e.15064/click - {}
RESULT: {}
COMMAND: GET /session/4a7493391aacd7fc37792e05064413e7/screenshot - {}
RESULT: {}
COMMAND: POST /session/4a7493391aacd7fc37792e05064413e7/element - {"using":"xpath","value":"//input[@id=\"application-managecontracts-display-component---AddNewContract--yardId-inner\"]"}
RESULT: {"using":"xpath","value":"//input[@id=\"application-managecontracts-display-component---AddNewContract--yardId-inner\"]"}
COMMAND: GET /session/4a7493391aacd7fc37792e05064413e7/element/f.E133658EE593DCD45430D97DE730ABAE.d.93F10972ACDEF479610CE8A7D1BDB095.e.15041/property/value - {}
RESULT: {}
COMMAND: POST /session/4a7493391aacd7fc37792e05064413e7/element - {"using":"xpath","value":"//input[@id=\"application-managecontracts-display-component---AddNewContract--customerSelect-inner\"]"}
COMMAND: GET /session/4a7493391aacd7fc37792e05064413e7/screenshot - {}
RESULT: {"using":"xpath","value":"//input[@id=\"application-managecontracts-display-component---AddNewContract--customerSelect-inner\"]"}
COMMAND: POST /session/4a7493391aacd7fc37792e05064413e7/element/f.E133658EE593DCD45430D97DE730ABAE.d.93F10972ACDEF479610CE8A7D1BDB095.e.15039/clear - {}
RESULT: {}
RESULT: {}
COMMAND: POST /session/4a7493391aacd7fc37792e05064413e7/element/f.E133658EE593DCD45430D97DE730ABAE.d.93F10972ACDEF479610CE8A7D1BDB095.e.15039/value - {"text":"1286"}
COMMAND: GET /session/4a7493391aacd7fc37792e05064413e7/screenshot - {}
RESULT: {"text":"1286"}
COMMAND: GET /session/4a7493391aacd7fc37792e05064413e7/screenshot - {}
RESULT: {}
RESULT: {}
COMMAND: POST /session/4a7493391aacd7fc37792e05064413e7/element - {"using":"xpath","value":"//li[.//span[text()='1286']]"}
RESULT: {"using":"xpath","value":"//li[.//span[text()='1286']]"}
COMMAND: POST /session/4a7493391aacd7fc37792e05064413e7/element/f.E133658EE593DCD45430D97DE730ABAE.d.93F10972ACDEF479610CE8A7D1BDB095.e.15067/click - {}
RESULT: {}
COMMAND: GET /session/4a7493391aacd7fc37792e05064413e7/screenshot - {}
RESULT: {}
COMMAND: POST /session/4a7493391aacd7fc37792e05064413e7/element - {"using":"xpath","value":"//button[@data-kt=\"saveButton\"]"}
RESULT: {"using":"xpath","value":"//button[@data-kt=\"saveButton\"]"}
COMMAND: POST /session/4a7493391aacd7fc37792e05064413e7/element/f.E133658EE593DCD45430D97DE730ABAE.d.93F10972ACDEF479610CE8A7D1BDB095.e.15057/click - {}
RESULT: {}
COMMAND: GET /session/4a7493391aacd7fc37792e05064413e7/screenshot - {}
RESULT: {}
COMMAND: POST /session/4a7493391aacd7fc37792e05064413e7/element - {"using":"xpath","value":"//span[contains(@id ,\"contractDetailTitleNoExpanded\")]"}
RESULT: {"using":"xpath","value":"//span[contains(@id ,\"contractDetailTitleNoExpanded\")]"}
COMMAND: POST /session/4a7493391aacd7fc37792e05064413e7/elements - {"using":"xpath","value":"//span[contains(@id ,\"contractDetailTitleNoExpanded\")]"}
RESULT: {"using":"xpath","value":"//span[contains(@id ,\"contractDetailTitleNoExpanded\")]"}
COMMAND: POST /session/4a7493391aacd7fc37792e05064413e7/execute/sync - {"script":"<script> [56 bytes]","args":[{"element-6066-11e4-a52e-4f735466cecf":"f.E133658EE593DCD45430D97DE730ABAE.d.93F10972ACDEF479610CE8A7D1BDB095.e.15103","ELEMENT":"f.E133658EE593DCD45430D97DE730ABAE.d.93F10972ACDEF479610CE8A7D1BDB095.e.15103"}]}
RESULT: {"script":"<script> [56 bytes]","args":[{"element-6066-11e4-a52e-4f735466cecf":"f.E133658EE593DCD45430D97DE730ABAE.d.93F10972ACDEF479610CE8A7D1BDB095.e.15103","ELEMENT":"f.E133658EE593DCD45430D97DE730ABAE.d.93F10972ACDEF479610CE8A7D1BDB095.e.15103"}]}
COMMAND: GET /session/4a7493391aacd7fc37792e05064413e7/screenshot - {}
RESULT: {}
]]></system-out>
    </testcase>
    <testcase classname="chrome.135_0_7049_96.windows.Billing_transfer_US117289" name="Should add created equipment to contract" time="50.834">
      <system-out><![CDATA[
COMMAND: POST /session/4a7493391aacd7fc37792e05064413e7/element - {"using":"xpath","value":"//button[@data-kt=\"contractDetailEditBtnButton\"]"}
RESULT: {"using":"xpath","value":"//button[@data-kt=\"contractDetailEditBtnButton\"]"}
COMMAND: POST /session/4a7493391aacd7fc37792e05064413e7/element/f.E133658EE593DCD45430D97DE730ABAE.d.93F10972ACDEF479610CE8A7D1BDB095.e.15104/click - {}
RESULT: {}
COMMAND: GET /session/4a7493391aacd7fc37792e05064413e7/screenshot - {}
RESULT: {}
COMMAND: POST /session/4a7493391aacd7fc37792e05064413e7/element - {"using":"xpath","value":"(//span[contains(text(), \"Additional Addresses\")])[2]"}
RESULT: {"using":"xpath","value":"(//span[contains(text(), \"Additional Addresses\")])[2]"}
COMMAND: POST /session/4a7493391aacd7fc37792e05064413e7/element/f.E133658EE593DCD45430D97DE730ABAE.d.93F10972ACDEF479610CE8A7D1BDB095.e.15128/click - {}
RESULT: {}
COMMAND: GET /session/4a7493391aacd7fc37792e05064413e7/screenshot - {}
RESULT: {}
COMMAND: POST /session/4a7493391aacd7fc37792e05064413e7/element - {"using":"xpath","value":"//button[@data-kt=\"btnAddTableRowOverflowToolbarButton\"]"}
RESULT: {"using":"xpath","value":"//button[@data-kt=\"btnAddTableRowOverflowToolbarButton\"]"}
COMMAND: POST /session/4a7493391aacd7fc37792e05064413e7/element/f.E133658EE593DCD45430D97DE730ABAE.d.93F10972ACDEF479610CE8A7D1BDB095.e.15132/click - {}
RESULT: {}
COMMAND: GET /session/4a7493391aacd7fc37792e05064413e7/screenshot - {}
RESULT: {}
COMMAND: POST /session/4a7493391aacd7fc37792e05064413e7/element - {"using":"xpath","value":"//div[(text() = 'Standard Entry' or . = 'Standard Entry')]"}
RESULT: {"using":"xpath","value":"//div[(text() = 'Standard Entry' or . = 'Standard Entry')]"}
COMMAND: POST /session/4a7493391aacd7fc37792e05064413e7/element/f.E133658EE593DCD45430D97DE730ABAE.d.93F10972ACDEF479610CE8A7D1BDB095.e.15134/click - {}
RESULT: {}
COMMAND: GET /session/4a7493391aacd7fc37792e05064413e7/screenshot - {}
RESULT: {}
COMMAND: POST /session/4a7493391aacd7fc37792e05064413e7/element - {"using":"xpath","value":"//td[7]/div/div/input"}
RESULT: {"using":"xpath","value":"//td[7]/div/div/input"}
COMMAND: POST /session/4a7493391aacd7fc37792e05064413e7/element/f.E133658EE593DCD45430D97DE730ABAE.d.93F10972ACDEF479610CE8A7D1BDB095.e.15143/clear - {}
RESULT: {}
COMMAND: POST /session/4a7493391aacd7fc37792e05064413e7/element/f.E133658EE593DCD45430D97DE730ABAE.d.93F10972ACDEF479610CE8A7D1BDB095.e.15143/value - {"text":"VoTfLJjjZQ"}
COMMAND: GET /session/4a7493391aacd7fc37792e05064413e7/screenshot - {}
RESULT: {"text":"VoTfLJjjZQ"}
COMMAND: GET /session/4a7493391aacd7fc37792e05064413e7/screenshot - {}
RESULT: {}
RESULT: {}
COMMAND: POST /session/4a7493391aacd7fc37792e05064413e7/actions - {"actions":[{"id":"action55","type":"key","parameters":{},"actions":[{"type":"keyDown","value":"î€‡"},{"type":"pause","duration":10},{"type":"keyUp","value":"î€‡"}]}]}
RESULT: {"actions":[{"id":"action55","type":"key","parameters":{},"actions":[{"type":"keyDown","value":"î€‡"},{"type":"pause","duration":10},{"type":"keyUp","value":"î€‡"}]}]}
COMMAND: GET /session/4a7493391aacd7fc37792e05064413e7/screenshot - {}
RESULT: {}
COMMAND: POST /session/4a7493391aacd7fc37792e05064413e7/element - {"using":"xpath","value":"(//button[@data-kt=\"saveButton\"])[2]"}
RESULT: {"using":"xpath","value":"(//button[@data-kt=\"saveButton\"])[2]"}
COMMAND: POST /session/4a7493391aacd7fc37792e05064413e7/element/f.E133658EE593DCD45430D97DE730ABAE.d.93F10972ACDEF479610CE8A7D1BDB095.e.15158/click - {}
RESULT: {}
COMMAND: GET /session/4a7493391aacd7fc37792e05064413e7/screenshot - {}
RESULT: {}
COMMAND: POST /session/4a7493391aacd7fc37792e05064413e7/element - {"using":"xpath","value":"//span[contains(@id ,\"contractItemsSmartTable-header-inner\")]"}
RESULT: {"using":"xpath","value":"//span[contains(@id ,\"contractItemsSmartTable-header-inner\")]"}
COMMAND: POST /session/4a7493391aacd7fc37792e05064413e7/elements - {"using":"xpath","value":"//span[contains(@id ,\"contractItemsSmartTable-header-inner\")]"}
RESULT: {"using":"xpath","value":"//span[contains(@id ,\"contractItemsSmartTable-header-inner\")]"}
COMMAND: POST /session/4a7493391aacd7fc37792e05064413e7/execute/sync - {"script":"<script> [56 bytes]","args":[{"element-6066-11e4-a52e-4f735466cecf":"f.E133658EE593DCD45430D97DE730ABAE.d.93F10972ACDEF479610CE8A7D1BDB095.e.15163","ELEMENT":"f.E133658EE593DCD45430D97DE730ABAE.d.93F10972ACDEF479610CE8A7D1BDB095.e.15163"}]}
RESULT: {"script":"<script> [56 bytes]","args":[{"element-6066-11e4-a52e-4f735466cecf":"f.E133658EE593DCD45430D97DE730ABAE.d.93F10972ACDEF479610CE8A7D1BDB095.e.15163","ELEMENT":"f.E133658EE593DCD45430D97DE730ABAE.d.93F10972ACDEF479610CE8A7D1BDB095.e.15163"}]}
COMMAND: GET /session/4a7493391aacd7fc37792e05064413e7/screenshot - {}
]]></system-out>
    </testcase>
    <testcase classname="chrome.135_0_7049_96.windows.Billing_transfer_US117289" name="Should do a provide to site handover" time="49.654">
      <system-out><![CDATA[
COMMAND: POST /session/4a7493391aacd7fc37792e05064413e7/element - {"using":"xpath","value":"//button[@data-kt=\"provideButton\"]"}
RESULT: {}
RESULT: {"using":"xpath","value":"//button[@data-kt=\"provideButton\"]"}
COMMAND: POST /session/4a7493391aacd7fc37792e05064413e7/element/f.E133658EE593DCD45430D97DE730ABAE.d.93F10972ACDEF479610CE8A7D1BDB095.e.15164/click - {}
RESULT: {}
COMMAND: GET /session/4a7493391aacd7fc37792e05064413e7/screenshot - {}
RESULT: {}
RESULT: undefined
COMMAND: POST /session/4a7493391aacd7fc37792e05064413e7/execute/async - {"script":"<script> [6424 bytes]","args":[{"element-6066-11e4-a52e-4f735466cecf":"f.E133658EE593DCD45430D97DE730ABAE.d.93F10972ACDEF479610CE8A7D1BDB095.e.14266"},"setValue",["04/29/2025"]]}
COMMAND: POST /session/4a7493391aacd7fc37792e05064413e7/execute/async - {"script":"<script> [1562 bytes]","args":[{"selector":{"id":"application-managehandovers-display-component---AddNewHO--dueDate","interaction":{"idSuffix":"inner"}},"wdio_ui5_key":"applicationmanagehandovers-display-component---AddNewHO--dueDate"}]}
RESULT: {"script":"<script> [1562 bytes]","args":[{"selector":{"id":"application-managehandovers-display-component---AddNewHO--dueDate","interaction":{"idSuffix":"inner"}},"wdio_ui5_key":"applicationmanagehandovers-display-component---AddNewHO--dueDate"}]}
COMMAND: POST /session/4a7493391aacd7fc37792e05064413e7/execute/async - {"script":"<script> [6424 bytes]","args":[{"element-6066-11e4-a52e-4f735466cecf":"f.E133658EE593DCD45430D97DE730ABAE.d.93F10972ACDEF479610CE8A7D1BDB095.e.15221"},"setValue",["04/29/2025"]]}
RESULT: {"script":"<script> [6424 bytes]","args":[{"element-6066-11e4-a52e-4f735466cecf":"f.E133658EE593DCD45430D97DE730ABAE.d.93F10972ACDEF479610CE8A7D1BDB095.e.15221"},"setValue",["04/29/2025"]]}
COMMAND: POST /session/4a7493391aacd7fc37792e05064413e7/element - {"using":"xpath","value":"//bdi[contains(text(), \"Instructions\")]"}
RESULT: {"using":"xpath","value":"//bdi[contains(text(), \"Instructions\")]"}
COMMAND: POST /session/4a7493391aacd7fc37792e05064413e7/element/f.E133658EE593DCD45430D97DE730ABAE.d.93F10972ACDEF479610CE8A7D1BDB095.e.15474/click - {}
RESULT: {}
COMMAND: GET /session/4a7493391aacd7fc37792e05064413e7/screenshot - {}
RESULT: {}
COMMAND: POST /session/4a7493391aacd7fc37792e05064413e7/element - {"using":"xpath","value":"//button[@data-kt=\"AddNewHOProvideAddItemsButton\"]"}
RESULT: {"using":"xpath","value":"//button[@data-kt=\"AddNewHOProvideAddItemsButton\"]"}
COMMAND: POST /session/4a7493391aacd7fc37792e05064413e7/element/f.E133658EE593DCD45430D97DE730ABAE.d.93F10972ACDEF479610CE8A7D1BDB095.e.15478/click - {}
RESULT: {}
COMMAND: GET /session/4a7493391aacd7fc37792e05064413e7/screenshot - {}
RESULT: {}
RESULT: undefined
COMMAND: POST /session/4a7493391aacd7fc37792e05064413e7/element - {"using":"xpath","value":"//*[@id=\"application-managehandovers-display-component---AddNewHO--popup-sa\"]"}
RESULT: {"using":"xpath","value":"//*[@id=\"application-managehandovers-display-component---AddNewHO--popup-sa\"]"}
COMMAND: POST /session/4a7493391aacd7fc37792e05064413e7/element/f.E133658EE593DCD45430D97DE730ABAE.d.93F10972ACDEF479610CE8A7D1BDB095.e.15487/click - {}
RESULT: {}
COMMAND: GET /session/4a7493391aacd7fc37792e05064413e7/screenshot - {}
RESULT: {}
COMMAND: POST /session/4a7493391aacd7fc37792e05064413e7/element - {"using":"xpath","value":"//*[contains(@id ,\"BDI-content\")][contains(text(), \"Select\")]"}
RESULT: {"using":"xpath","value":"//*[contains(@id ,\"BDI-content\")][contains(text(), \"Select\")]"}
COMMAND: POST /session/4a7493391aacd7fc37792e05064413e7/element/f.E133658EE593DCD45430D97DE730ABAE.d.93F10972ACDEF479610CE8A7D1BDB095.e.15489/click - {}
RESULT: {}
COMMAND: GET /session/4a7493391aacd7fc37792e05064413e7/screenshot - {}
RESULT: {}
COMMAND: POST /session/4a7493391aacd7fc37792e05064413e7/execute/async - {"script":"<script> [1562 bytes]","args":[{"selector":{"id":"application-managehandovers-display-component---AddNewHO--confirmCreationButton","interaction":{"idSuffix":"BDI-content"}},"wdio_ui5_key":"applicationmanagehandovers-display-component---AddNewHO--confirmCreationButton"}]}
RESULT: {"script":"<script> [1562 bytes]","args":[{"selector":{"id":"application-managehandovers-display-component---AddNewHO--confirmCreationButton","interaction":{"idSuffix":"BDI-content"}},"wdio_ui5_key":"applicationmanagehandovers-display-component---AddNewHO--confirmCreationButton"}]}
RESULT: undefined
COMMAND: POST /session/4a7493391aacd7fc37792e05064413e7/element - {"using":"xpath","value":"//*[@id=\"application-managehandovers-display-component---AddNewHO--confirmCreationButton\"]"}
RESULT: {"using":"xpath","value":"//*[@id=\"application-managehandovers-display-component---AddNewHO--confirmCreationButton\"]"}
COMMAND: POST /session/4a7493391aacd7fc37792e05064413e7/element/f.E133658EE593DCD45430D97DE730ABAE.d.93F10972ACDEF479610CE8A7D1BDB095.e.15301/click - {}
RESULT: {}
COMMAND: GET /session/4a7493391aacd7fc37792e05064413e7/screenshot - {}
COMMAND: POST /session/4a7493391aacd7fc37792e05064413e7/element - {"using":"xpath","value":"//button[@data-kt=\"PickingTableConfirmAllButton\"]"}
RESULT: {}
RESULT: {"using":"xpath","value":"//button[@data-kt=\"PickingTableConfirmAllButton\"]"}
COMMAND: POST /session/4a7493391aacd7fc37792e05064413e7/element/f.E133658EE593DCD45430D97DE730ABAE.d.93F10972ACDEF479610CE8A7D1BDB095.e.15542/click - {}
RESULT: {}
COMMAND: GET /session/4a7493391aacd7fc37792e05064413e7/screenshot - {}
RESULT: {}
COMMAND: POST /session/4a7493391aacd7fc37792e05064413e7/element - {"using":"xpath","value":"//bdi[contains(text(), \"OK\")]"}
RESULT: {"using":"xpath","value":"//bdi[contains(text(), \"OK\")]"}
COMMAND: POST /session/4a7493391aacd7fc37792e05064413e7/element/f.E133658EE593DCD45430D97DE730ABAE.d.93F10972ACDEF479610CE8A7D1BDB095.e.15546/click - {}
RESULT: {}
COMMAND: GET /session/4a7493391aacd7fc37792e05064413e7/screenshot - {}
RESULT: {}
COMMAND: POST /session/4a7493391aacd7fc37792e05064413e7/element - {"using":"xpath","value":"//bdi[contains(text(), \"Issue\")]"}
RESULT: {"using":"xpath","value":"//bdi[contains(text(), \"Issue\")]"}
COMMAND: POST /session/4a7493391aacd7fc37792e05064413e7/element/f.E133658EE593DCD45430D97DE730ABAE.d.93F10972ACDEF479610CE8A7D1BDB095.e.15548/click - {}
RESULT: {}
COMMAND: GET /session/4a7493391aacd7fc37792e05064413e7/screenshot - {}
RESULT: {}
COMMAND: POST /session/4a7493391aacd7fc37792e05064413e7/element - {"using":"css selector","value":"#shell-header-logo"}
RESULT: {"using":"css selector","value":"#shell-header-logo"}
COMMAND: POST /session/4a7493391aacd7fc37792e05064413e7/element/f.E133658EE593DCD45430D97DE730ABAE.d.93F10972ACDEF479610CE8A7D1BDB095.e.14675/click - {}
RESULT: {}
COMMAND: GET /session/4a7493391aacd7fc37792e05064413e7/screenshot - {}
RESULT: {}
]]></system-out>
    </testcase>
    <testcase classname="chrome.135_0_7049_96.windows.Billing_transfer_US117289" name="Should navigate to Manage Billings and trigger contract calculation business confirm it" time="50.413">
      <system-out><![CDATA[
COMMAND: POST /session/4a7493391aacd7fc37792e05064413e7/execute/async - {"script":"<script> [1562 bytes]","args":[{"selector":{"controlType":"sap.m.GenericTile","properties":{"header":"Manage Billings"}},"wdio_ui5_key":"sapm.GenericTile{\"header\":\"Manage Billings\"}"}]}
RESULT: {"script":"<script> [1562 bytes]","args":[{"selector":{"controlType":"sap.m.GenericTile","properties":{"header":"Manage Billings"}},"wdio_ui5_key":"sapm.GenericTile{\"header\":\"Manage Billings\"}"}]}
RESULT: undefined
COMMAND: POST /session/4a7493391aacd7fc37792e05064413e7/element - {"using":"xpath","value":"//*[@id=\"__tile51\"]"}
RESULT: {"using":"xpath","value":"//*[@id=\"__tile51\"]"}
COMMAND: POST /session/4a7493391aacd7fc37792e05064413e7/element/f.E133658EE593DCD45430D97DE730ABAE.d.93F10972ACDEF479610CE8A7D1BDB095.e.12656/click - {}
RESULT: {}
COMMAND: GET /session/4a7493391aacd7fc37792e05064413e7/screenshot - {}
RESULT: {}
COMMAND: POST /session/4a7493391aacd7fc37792e05064413e7/execute/async - {"script":"<script> [1562 bytes]","args":[{"selector":{"id":"application-managebillings-display-component---billRunCalcResult--smartFilterBar-btnBasicSearch","interaction":{"idSuffix":"I"}},"wdio_ui5_key":"applicationmanagebillings-display-component---billRunCalcResult--smartFilterBar-btnBasicSearch"}]}
RESULT: {"script":"<script> [1562 bytes]","args":[{"selector":{"id":"application-managebillings-display-component---billRunCalcResult--smartFilterBar-btnBasicSearch","interaction":{"idSuffix":"I"}},"wdio_ui5_key":"applicationmanagebillings-display-component---billRunCalcResult--smartFilterBar-btnBasicSearch"}]}
RESULT: undefined
COMMAND: POST /session/4a7493391aacd7fc37792e05064413e7/execute/async - {"script":"<script> [776 bytes]","args":[{"enterText":"10350","selector":{"id":"application-managebillings-display-component---billRunCalcResult--smartFilterBar-btnBasicSearch","interaction":{"idSuffix":"I"}},"clearTextFirst":true,"interactionType":"ENTER_TEXT"}]}
RESULT: {"script":"<script> [776 bytes]","args":[{"enterText":"10350","selector":{"id":"application-managebillings-display-component---billRunCalcResult--smartFilterBar-btnBasicSearch","interaction":{"idSuffix":"I"}},"clearTextFirst":true,"interactionType":"ENTER_TEXT"}]}
COMMAND: POST /session/4a7493391aacd7fc37792e05064413e7/actions - {"actions":[{"id":"action56","type":"key","parameters":{},"actions":[{"type":"keyDown","value":"î€‡"},{"type":"pause","duration":10},{"type":"keyUp","value":"î€‡"}]}]}
RESULT: {"actions":[{"id":"action56","type":"key","parameters":{},"actions":[{"type":"keyDown","value":"î€‡"},{"type":"pause","duration":10},{"type":"keyUp","value":"î€‡"}]}]}
COMMAND: GET /session/4a7493391aacd7fc37792e05064413e7/screenshot - {}
RESULT: {}
COMMAND: POST /session/4a7493391aacd7fc37792e05064413e7/element - {"using":"xpath","value":"//td[@aria-colindex=\"1\"]/div/div[contains(@class, \"sapMCbBg\")]"}
RESULT: {"using":"xpath","value":"//td[@aria-colindex=\"1\"]/div/div[contains(@class, \"sapMCbBg\")]"}
COMMAND: POST /session/4a7493391aacd7fc37792e05064413e7/element/f.E133658EE593DCD45430D97DE730ABAE.d.93F10972ACDEF479610CE8A7D1BDB095.e.16085/click - {}
RESULT: {}
COMMAND: GET /session/4a7493391aacd7fc37792e05064413e7/screenshot - {}
RESULT: {}
COMMAND: POST /session/4a7493391aacd7fc37792e05064413e7/execute/async - {"script":"<script> [1562 bytes]","args":[{"selector":{"id":"application-managebillings-display-component---billRunCalcResult--contractBillRunDate","interaction":{"idSuffix":"inner"}},"wdio_ui5_key":"applicationmanagebillings-display-component---billRunCalcResult--contractBillRunDate"}]}
RESULT: {"script":"<script> [1562 bytes]","args":[{"selector":{"id":"application-managebillings-display-component---billRunCalcResult--contractBillRunDate","interaction":{"idSuffix":"inner"}},"wdio_ui5_key":"applicationmanagebillings-display-component---billRunCalcResult--contractBillRunDate"}]}
RESULT: undefined
COMMAND: POST /session/4a7493391aacd7fc37792e05064413e7/execute/async - {"script":"<script> [776 bytes]","args":[{"enterText":"05/29/25","selector":{"id":"application-managebillings-display-component---billRunCalcResult--contractBillRunDate","interaction":{"idSuffix":"inner"}},"clearTextFirst":true,"interactionType":"ENTER_TEXT"}]}
RESULT: {"script":"<script> [776 bytes]","args":[{"enterText":"05/29/25","selector":{"id":"application-managebillings-display-component---billRunCalcResult--contractBillRunDate","interaction":{"idSuffix":"inner"}},"clearTextFirst":true,"interactionType":"ENTER_TEXT"}]}
COMMAND: POST /session/4a7493391aacd7fc37792e05064413e7/element - {"using":"xpath","value":"//bdi[contains(text(), \"Trigger Calculation\")]"}
RESULT: {"using":"xpath","value":"//bdi[contains(text(), \"Trigger Calculation\")]"}
COMMAND: POST /session/4a7493391aacd7fc37792e05064413e7/element/f.E133658EE593DCD45430D97DE730ABAE.d.93F10972ACDEF479610CE8A7D1BDB095.e.16136/click - {}
RESULT: {}
COMMAND: GET /session/4a7493391aacd7fc37792e05064413e7/screenshot - {}
RESULT: {}
COMMAND: POST /session/4a7493391aacd7fc37792e05064413e7/element - {"using":"xpath","value":"(//span[contains(@id, \"imgNav\")])[1]"}
RESULT: {"using":"xpath","value":"(//span[contains(@id, \"imgNav\")])[1]"}
COMMAND: POST /session/4a7493391aacd7fc37792e05064413e7/element/f.E133658EE593DCD45430D97DE730ABAE.d.93F10972ACDEF479610CE8A7D1BDB095.e.16086/click - {}
RESULT: {}
COMMAND: GET /session/4a7493391aacd7fc37792e05064413e7/screenshot - {}
RESULT: {}
COMMAND: POST /session/4a7493391aacd7fc37792e05064413e7/execute/async - {"script":"<script> [1562 bytes]","args":[{"selector":{"controlType":"sap.ui.core.Icon","viewName":"etm.portal.ui.managebillings.view.Master","viewId":"application-managebillings-display-component---billRunCalcResult","properties":{"src":{"regex":{"source":"slim\\-arrow\\-right"}}}},"wdio_ui5_key":"etmportal.ui.managebillings.view.Mastersap.ui.core.Icon{\"src\":{\"regex\":{\"source\":\"slim\\\\-arrow\\\\-right\"}}}"}]}
RESULT: {"script":"<script> [1562 bytes]","args":[{"selector":{"controlType":"sap.ui.core.Icon","viewName":"etm.portal.ui.managebillings.view.Master","viewId":"application-managebillings-display-component---billRunCalcResult","properties":{"src":{"regex":{"source":"slim\\-arrow\\-right"}}}},"wdio_ui5_key":"etmportal.ui.managebillings.view.Mastersap.ui.core.Icon{\"src\":{\"regex\":{\"source\":\"slim\\\\-arrow\\\\-right\"}}}"}]}
RESULT: undefined
COMMAND: POST /session/4a7493391aacd7fc37792e05064413e7/element - {"using":"xpath","value":"//*[@id=\"__item1842-application-managebillings-display-component---billRunCalcResult--billingRunsTable-0-imgNav\"]"}
RESULT: {"using":"xpath","value":"//*[@id=\"__item1842-application-managebillings-display-component---billRunCalcResult--billingRunsTable-0-imgNav\"]"}
COMMAND: POST /session/4a7493391aacd7fc37792e05064413e7/element/f.E133658EE593DCD45430D97DE730ABAE.d.93F10972ACDEF479610CE8A7D1BDB095.e.16140/click - {}
RESULT: {}
COMMAND: POST /session/4a7493391aacd7fc37792e05064413e7/execute/async - {"script":"<script> [1562 bytes]","args":[{"selector":{"id":"application-managebillings-display-component---billRunCalcResult--btnConf","interaction":{"idSuffix":"BDI-content"}},"wdio_ui5_key":"applicationmanagebillings-display-component---billRunCalcResult--btnConf"}]}
COMMAND: GET /session/4a7493391aacd7fc37792e05064413e7/screenshot - {}
RESULT: {"script":"<script> [1562 bytes]","args":[{"selector":{"id":"application-managebillings-display-component---billRunCalcResult--btnConf","interaction":{"idSuffix":"BDI-content"}},"wdio_ui5_key":"applicationmanagebillings-display-component---billRunCalcResult--btnConf"}]}
RESULT: undefined
COMMAND: POST /session/4a7493391aacd7fc37792e05064413e7/element - {"using":"xpath","value":"//*[@id=\"application-managebillings-display-component---billRunCalcResult--btnConf\"]"}
RESULT: {}
RESULT: {"using":"xpath","value":"//*[@id=\"application-managebillings-display-component---billRunCalcResult--btnConf\"]"}
COMMAND: POST /session/4a7493391aacd7fc37792e05064413e7/element/f.E133658EE593DCD45430D97DE730ABAE.d.93F10972ACDEF479610CE8A7D1BDB095.e.16174/click - {}
RESULT: {}
COMMAND: POST /session/4a7493391aacd7fc37792e05064413e7/element - {"using":"css selector","value":"#shell-header-logo"}
COMMAND: GET /session/4a7493391aacd7fc37792e05064413e7/screenshot - {}
RESULT: {"using":"css selector","value":"#shell-header-logo"}
COMMAND: POST /session/4a7493391aacd7fc37792e05064413e7/element/f.E133658EE593DCD45430D97DE730ABAE.d.93F10972ACDEF479610CE8A7D1BDB095.e.15878/click - {}
RESULT: {}
RESULT: {}
COMMAND: GET /session/4a7493391aacd7fc37792e05064413e7/screenshot - {}
RESULT: {}
]]></system-out>
    </testcase>
    <testcase classname="chrome.135_0_7049_96.windows.Billing_transfer_US117289" name="Should trigger Billing Transfer process all the way to completion" time="69.884">
      <system-out><![CDATA[
COMMAND: POST /session/4a7493391aacd7fc37792e05064413e7/execute/async - {"script":"<script> [1562 bytes]","args":[{"selector":{"controlType":"sap.m.GenericTile","properties":{"header":"Billing Transfer"}},"wdio_ui5_key":"sapm.GenericTile{\"header\":\"Billing Transfer\"}"}]}
RESULT: {"script":"<script> [1562 bytes]","args":[{"selector":{"controlType":"sap.m.GenericTile","properties":{"header":"Billing Transfer"}},"wdio_ui5_key":"sapm.GenericTile{\"header\":\"Billing Transfer\"}"}]}
RESULT: undefined
COMMAND: POST /session/4a7493391aacd7fc37792e05064413e7/element - {"using":"xpath","value":"//*[@id=\"__tile50\"]"}
RESULT: {"using":"xpath","value":"//*[@id=\"__tile50\"]"}
COMMAND: POST /session/4a7493391aacd7fc37792e05064413e7/element/f.E133658EE593DCD45430D97DE730ABAE.d.93F10972ACDEF479610CE8A7D1BDB095.e.12654/click - {}
RESULT: {}
COMMAND: POST /session/4a7493391aacd7fc37792e05064413e7/element - {"using":"xpath","value":"//input[contains(@id ,\"application-billingtransfer-display-component---billingWorkbench--smartFilterBar-btnBasicSearch\")]"}
COMMAND: GET /session/4a7493391aacd7fc37792e05064413e7/screenshot - {}
RESULT: {"using":"xpath","value":"//input[contains(@id ,\"application-billingtransfer-display-component---billingWorkbench--smartFilterBar-btnBasicSearch\")]"}
COMMAND: POST /session/4a7493391aacd7fc37792e05064413e7/elements - {"using":"xpath","value":"//input[contains(@id ,\"application-billingtransfer-display-component---billingWorkbench--smartFilterBar-btnBasicSearch\")]"}
RESULT: {}
RESULT: {"using":"xpath","value":"//input[contains(@id ,\"application-billingtransfer-display-component---billingWorkbench--smartFilterBar-btnBasicSearch\")]"}
COMMAND: POST /session/4a7493391aacd7fc37792e05064413e7/elements - {"using":"xpath","value":"//input[contains(@id ,\"application-billingtransfer-display-component---billingWorkbench--smartFilterBar-btnBasicSearch\")]"}
RESULT: {"using":"xpath","value":"//input[contains(@id ,\"application-billingtransfer-display-component---billingWorkbench--smartFilterBar-btnBasicSearch\")]"}
COMMAND: POST /session/4a7493391aacd7fc37792e05064413e7/element - {"using":"xpath","value":"//input[contains(@id ,\"application-billingtransfer-display-component---billingWorkbench--smartFilterBar-btnBasicSearch\")]"}
RESULT: {"using":"xpath","value":"//input[contains(@id ,\"application-billingtransfer-display-component---billingWorkbench--smartFilterBar-btnBasicSearch\")]"}
COMMAND: POST /session/4a7493391aacd7fc37792e05064413e7/execute/sync - {"script":"<script> [8489 bytes]","args":[{"element-6066-11e4-a52e-4f735466cecf":"f.E133658EE593DCD45430D97DE730ABAE.d.93F10972ACDEF479610CE8A7D1BDB095.e.16208","ELEMENT":"f.E133658EE593DCD45430D97DE730ABAE.d.93F10972ACDEF479610CE8A7D1BDB095.e.16208"}]}
RESULT: {"script":"<script> [8489 bytes]","args":[{"element-6066-11e4-a52e-4f735466cecf":"f.E133658EE593DCD45430D97DE730ABAE.d.93F10972ACDEF479610CE8A7D1BDB095.e.16208","ELEMENT":"f.E133658EE593DCD45430D97DE730ABAE.d.93F10972ACDEF479610CE8A7D1BDB095.e.16208"}]}
COMMAND: GET /session/4a7493391aacd7fc37792e05064413e7/element/f.E133658EE593DCD45430D97DE730ABAE.d.93F10972ACDEF479610CE8A7D1BDB095.e.16208/enabled - {}
COMMAND: GET /session/4a7493391aacd7fc37792e05064413e7/screenshot - {}
RESULT: {}
COMMAND: POST /session/4a7493391aacd7fc37792e05064413e7/element/f.E133658EE593DCD45430D97DE730ABAE.d.93F10972ACDEF479610CE8A7D1BDB095.e.16208/click - {}
COMMAND: GET /session/4a7493391aacd7fc37792e05064413e7/screenshot - {}
RESULT: {}
RESULT: {}
COMMAND: GET /session/4a7493391aacd7fc37792e05064413e7/screenshot - {}
RESULT: {}
RESULT: {}
COMMAND: POST /session/4a7493391aacd7fc37792e05064413e7/element/f.E133658EE593DCD45430D97DE730ABAE.d.93F10972ACDEF479610CE8A7D1BDB095.e.16208/clear - {}
RESULT: {}
COMMAND: POST /session/4a7493391aacd7fc37792e05064413e7/element/f.E133658EE593DCD45430D97DE730ABAE.d.93F10972ACDEF479610CE8A7D1BDB095.e.16208/value - {"text":"10350"}
COMMAND: GET /session/4a7493391aacd7fc37792e05064413e7/screenshot - {}
RESULT: {"text":"10350"}
COMMAND: POST /session/4a7493391aacd7fc37792e05064413e7/actions - {"actions":[{"id":"action57","type":"key","parameters":{},"actions":[{"type":"keyDown","value":"î€‡"},{"type":"pause","duration":10},{"type":"keyUp","value":"î€‡"}]}]}
COMMAND: GET /session/4a7493391aacd7fc37792e05064413e7/screenshot - {}
RESULT: {}
RESULT: {"actions":[{"id":"action57","type":"key","parameters":{},"actions":[{"type":"keyDown","value":"î€‡"},{"type":"pause","duration":10},{"type":"keyUp","value":"î€‡"}]}]}
COMMAND: GET /session/4a7493391aacd7fc37792e05064413e7/screenshot - {}
RESULT: {}
RESULT: {}
COMMAND: POST /session/4a7493391aacd7fc37792e05064413e7/element - {"using":"xpath","value":"//span[contains(@id ,\"application-billingtransfer-display-component---billingWorkbench--smartTableBillingRuns-header-inner\")]"}
RESULT: {"using":"xpath","value":"//span[contains(@id ,\"application-billingtransfer-display-component---billingWorkbench--smartTableBillingRuns-header-inner\")]"}
COMMAND: POST /session/4a7493391aacd7fc37792e05064413e7/elements - {"using":"xpath","value":"//span[contains(@id ,\"application-billingtransfer-display-component---billingWorkbench--smartTableBillingRuns-header-inner\")]"}
RESULT: {"using":"xpath","value":"//span[contains(@id ,\"application-billingtransfer-display-component---billingWorkbench--smartTableBillingRuns-header-inner\")]"}
COMMAND: POST /session/4a7493391aacd7fc37792e05064413e7/execute/sync - {"script":"<script> [56 bytes]","args":[{"element-6066-11e4-a52e-4f735466cecf":"f.E133658EE593DCD45430D97DE730ABAE.d.93F10972ACDEF479610CE8A7D1BDB095.e.16366","ELEMENT":"f.E133658EE593DCD45430D97DE730ABAE.d.93F10972ACDEF479610CE8A7D1BDB095.e.16366"}]}
RESULT: {"script":"<script> [56 bytes]","args":[{"element-6066-11e4-a52e-4f735466cecf":"f.E133658EE593DCD45430D97DE730ABAE.d.93F10972ACDEF479610CE8A7D1BDB095.e.16366","ELEMENT":"f.E133658EE593DCD45430D97DE730ABAE.d.93F10972ACDEF479610CE8A7D1BDB095.e.16366"}]}
COMMAND: POST /session/4a7493391aacd7fc37792e05064413e7/element - {"using":"xpath","value":"//td[@aria-colindex=\"1\"]/div/div[contains(@class, \"sapMCbBg\")]"}
COMMAND: GET /session/4a7493391aacd7fc37792e05064413e7/screenshot - {}
RESULT: {"using":"xpath","value":"//td[@aria-colindex=\"1\"]/div/div[contains(@class, \"sapMCbBg\")]"}
COMMAND: POST /session/4a7493391aacd7fc37792e05064413e7/element/f.E133658EE593DCD45430D97DE730ABAE.d.93F10972ACDEF479610CE8A7D1BDB095.e.16356/click - {}
RESULT: {}
RESULT: {}
COMMAND: GET /session/4a7493391aacd7fc37792e05064413e7/screenshot - {}
RESULT: {}
COMMAND: POST /session/4a7493391aacd7fc37792e05064413e7/element - {"using":"xpath","value":"//bdi[contains(text(), \"Check\")]"}
RESULT: {"using":"xpath","value":"//bdi[contains(text(), \"Check\")]"}
COMMAND: POST /session/4a7493391aacd7fc37792e05064413e7/element/f.E133658EE593DCD45430D97DE730ABAE.d.93F10972ACDEF479610CE8A7D1BDB095.e.16367/click - {}
RESULT: {}
COMMAND: GET /session/4a7493391aacd7fc37792e05064413e7/screenshot - {}
RESULT: {}
COMMAND: POST /session/4a7493391aacd7fc37792e05064413e7/element - {"using":"xpath","value":"//bdi[contains(text(), \"OK\")]"}
RESULT: {"using":"xpath","value":"//bdi[contains(text(), \"OK\")]"}
COMMAND: POST /session/4a7493391aacd7fc37792e05064413e7/element/f.E133658EE593DCD45430D97DE730ABAE.d.93F10972ACDEF479610CE8A7D1BDB095.e.16370/click - {}
RESULT: {}
COMMAND: GET /session/4a7493391aacd7fc37792e05064413e7/screenshot - {}
RESULT: {}
COMMAND: POST /session/4a7493391aacd7fc37792e05064413e7/element - {"using":"xpath","value":"(//span[contains(text(), \"CO/SD checked\")]/parent::div/preceding-sibling::div/span)[1]"}
RESULT: {"using":"xpath","value":"(//span[contains(text(), \"CO/SD checked\")]/parent::div/preceding-sibling::div/span)[1]"}
COMMAND: POST /session/4a7493391aacd7fc37792e05064413e7/element/f.E133658EE593DCD45430D97DE730ABAE.d.93F10972ACDEF479610CE8A7D1BDB095.e.16372/click - {}
RESULT: {}
COMMAND: GET /session/4a7493391aacd7fc37792e05064413e7/screenshot - {}
RESULT: {}
COMMAND: POST /session/4a7493391aacd7fc37792e05064413e7/element - {"using":"xpath","value":"//input[contains(@id ,\"application-billingtransfer-display-component---billingWorkbench--smartFilterBar-btnBasicSearch\")]"}
RESULT: {"using":"xpath","value":"//input[contains(@id ,\"application-billingtransfer-display-component---billingWorkbench--smartFilterBar-btnBasicSearch\")]"}
COMMAND: POST /session/4a7493391aacd7fc37792e05064413e7/elements - {"using":"xpath","value":"//input[contains(@id ,\"application-billingtransfer-display-component---billingWorkbench--smartFilterBar-btnBasicSearch\")]"}
RESULT: {"using":"xpath","value":"//input[contains(@id ,\"application-billingtransfer-display-component---billingWorkbench--smartFilterBar-btnBasicSearch\")]"}
COMMAND: POST /session/4a7493391aacd7fc37792e05064413e7/execute/sync - {"script":"<script> [8489 bytes]","args":[{"element-6066-11e4-a52e-4f735466cecf":"f.E133658EE593DCD45430D97DE730ABAE.d.93F10972ACDEF479610CE8A7D1BDB095.e.16208","ELEMENT":"f.E133658EE593DCD45430D97DE730ABAE.d.93F10972ACDEF479610CE8A7D1BDB095.e.16208"}]}
RESULT: {"script":"<script> [8489 bytes]","args":[{"element-6066-11e4-a52e-4f735466cecf":"f.E133658EE593DCD45430D97DE730ABAE.d.93F10972ACDEF479610CE8A7D1BDB095.e.16208","ELEMENT":"f.E133658EE593DCD45430D97DE730ABAE.d.93F10972ACDEF479610CE8A7D1BDB095.e.16208"}]}
COMMAND: GET /session/4a7493391aacd7fc37792e05064413e7/element/f.E133658EE593DCD45430D97DE730ABAE.d.93F10972ACDEF479610CE8A7D1BDB095.e.16208/enabled - {}
COMMAND: GET /session/4a7493391aacd7fc37792e05064413e7/screenshot - {}
RESULT: {}
COMMAND: POST /session/4a7493391aacd7fc37792e05064413e7/element/f.E133658EE593DCD45430D97DE730ABAE.d.93F10972ACDEF479610CE8A7D1BDB095.e.16208/click - {}
COMMAND: GET /session/4a7493391aacd7fc37792e05064413e7/screenshot - {}
RESULT: {}
RESULT: {}
COMMAND: GET /session/4a7493391aacd7fc37792e05064413e7/screenshot - {}
RESULT: {}
RESULT: {}
COMMAND: POST /session/4a7493391aacd7fc37792e05064413e7/element/f.E133658EE593DCD45430D97DE730ABAE.d.93F10972ACDEF479610CE8A7D1BDB095.e.16208/clear - {}
RESULT: {}
COMMAND: POST /session/4a7493391aacd7fc37792e05064413e7/element/f.E133658EE593DCD45430D97DE730ABAE.d.93F10972ACDEF479610CE8A7D1BDB095.e.16208/value - {"text":"10350"}
COMMAND: GET /session/4a7493391aacd7fc37792e05064413e7/screenshot - {}
RESULT: {"text":"10350"}
COMMAND: POST /session/4a7493391aacd7fc37792e05064413e7/actions - {"actions":[{"id":"action58","type":"key","parameters":{},"actions":[{"type":"keyDown","value":"î€‡"},{"type":"pause","duration":10},{"type":"keyUp","value":"î€‡"}]}]}
COMMAND: GET /session/4a7493391aacd7fc37792e05064413e7/screenshot - {}
RESULT: {}
RESULT: {"actions":[{"id":"action58","type":"key","parameters":{},"actions":[{"type":"keyDown","value":"î€‡"},{"type":"pause","duration":10},{"type":"keyUp","value":"î€‡"}]}]}
COMMAND: GET /session/4a7493391aacd7fc37792e05064413e7/screenshot - {}
RESULT: {}
RESULT: {}
COMMAND: POST /session/4a7493391aacd7fc37792e05064413e7/element - {"using":"xpath","value":"//span[contains(@id ,\"application-billingtransfer-display-component---billingWorkbench--smartTableBillingRuns-header-inner\")]"}
RESULT: {"using":"xpath","value":"//span[contains(@id ,\"application-billingtransfer-display-component---billingWorkbench--smartTableBillingRuns-header-inner\")]"}
COMMAND: POST /session/4a7493391aacd7fc37792e05064413e7/elements - {"using":"xpath","value":"//span[contains(@id ,\"application-billingtransfer-display-component---billingWorkbench--smartTableBillingRuns-header-inner\")]"}
RESULT: {"using":"xpath","value":"//span[contains(@id ,\"application-billingtransfer-display-component---billingWorkbench--smartTableBillingRuns-header-inner\")]"}
COMMAND: POST /session/4a7493391aacd7fc37792e05064413e7/execute/sync - {"script":"<script> [56 bytes]","args":[{"element-6066-11e4-a52e-4f735466cecf":"f.E133658EE593DCD45430D97DE730ABAE.d.93F10972ACDEF479610CE8A7D1BDB095.e.16366","ELEMENT":"f.E133658EE593DCD45430D97DE730ABAE.d.93F10972ACDEF479610CE8A7D1BDB095.e.16366"}]}
RESULT: {"script":"<script> [56 bytes]","args":[{"element-6066-11e4-a52e-4f735466cecf":"f.E133658EE593DCD45430D97DE730ABAE.d.93F10972ACDEF479610CE8A7D1BDB095.e.16366","ELEMENT":"f.E133658EE593DCD45430D97DE730ABAE.d.93F10972ACDEF479610CE8A7D1BDB095.e.16366"}]}
COMMAND: POST /session/4a7493391aacd7fc37792e05064413e7/element - {"using":"xpath","value":"//td[@aria-colindex=\"1\"]/div/div[contains(@class, \"sapMCbBg\")]"}
COMMAND: GET /session/4a7493391aacd7fc37792e05064413e7/screenshot - {}
RESULT: {"using":"xpath","value":"//td[@aria-colindex=\"1\"]/div/div[contains(@class, \"sapMCbBg\")]"}
COMMAND: POST /session/4a7493391aacd7fc37792e05064413e7/element/f.E133658EE593DCD45430D97DE730ABAE.d.93F10972ACDEF479610CE8A7D1BDB095.e.16377/click - {}
RESULT: {}
RESULT: {}
COMMAND: GET /session/4a7493391aacd7fc37792e05064413e7/screenshot - {}
RESULT: {}
COMMAND: POST /session/4a7493391aacd7fc37792e05064413e7/element - {"using":"xpath","value":"//bdi[text()=\"Transfer\"]"}
RESULT: {"using":"xpath","value":"//bdi[text()=\"Transfer\"]"}
COMMAND: POST /session/4a7493391aacd7fc37792e05064413e7/element/f.E133658EE593DCD45430D97DE730ABAE.d.93F10972ACDEF479610CE8A7D1BDB095.e.16378/click - {}
RESULT: {}
COMMAND: GET /session/4a7493391aacd7fc37792e05064413e7/screenshot - {}
RESULT: {}
COMMAND: POST /session/4a7493391aacd7fc37792e05064413e7/element - {"using":"xpath","value":"//bdi[contains(text(), \"OK\")]"}
RESULT: {"using":"xpath","value":"//bdi[contains(text(), \"OK\")]"}
COMMAND: POST /session/4a7493391aacd7fc37792e05064413e7/element/f.E133658EE593DCD45430D97DE730ABAE.d.93F10972ACDEF479610CE8A7D1BDB095.e.16381/click - {}
RESULT: {}
COMMAND: GET /session/4a7493391aacd7fc37792e05064413e7/screenshot - {}
RESULT: {}
COMMAND: POST /session/4a7493391aacd7fc37792e05064413e7/element - {"using":"xpath","value":"(//span[contains(text(), \"Completed\")]/parent::div/preceding-sibling::div/span)[1]"}
RESULT: {"using":"xpath","value":"(//span[contains(text(), \"Completed\")]/parent::div/preceding-sibling::div/span)[1]"}
COMMAND: POST /session/4a7493391aacd7fc37792e05064413e7/element/f.E133658EE593DCD45430D97DE730ABAE.d.93F10972ACDEF479610CE8A7D1BDB095.e.16390/click - {}
RESULT: {}
COMMAND: POST /session/4a7493391aacd7fc37792e05064413e7/element - {"using":"xpath","value":"//input[contains(@id ,\"application-billingtransfer-display-component---billingWorkbench--smartFilterBar-btnBasicSearch\")]"}
COMMAND: GET /session/4a7493391aacd7fc37792e05064413e7/screenshot - {}
RESULT: {"using":"xpath","value":"//input[contains(@id ,\"application-billingtransfer-display-component---billingWorkbench--smartFilterBar-btnBasicSearch\")]"}
COMMAND: POST /session/4a7493391aacd7fc37792e05064413e7/elements - {"using":"xpath","value":"//input[contains(@id ,\"application-billingtransfer-display-component---billingWorkbench--smartFilterBar-btnBasicSearch\")]"}
RESULT: {}
RESULT: {"using":"xpath","value":"//input[contains(@id ,\"application-billingtransfer-display-component---billingWorkbench--smartFilterBar-btnBasicSearch\")]"}
COMMAND: POST /session/4a7493391aacd7fc37792e05064413e7/execute/sync - {"script":"<script> [8489 bytes]","args":[{"element-6066-11e4-a52e-4f735466cecf":"f.E133658EE593DCD45430D97DE730ABAE.d.93F10972ACDEF479610CE8A7D1BDB095.e.16208","ELEMENT":"f.E133658EE593DCD45430D97DE730ABAE.d.93F10972ACDEF479610CE8A7D1BDB095.e.16208"}]}
RESULT: {"script":"<script> [8489 bytes]","args":[{"element-6066-11e4-a52e-4f735466cecf":"f.E133658EE593DCD45430D97DE730ABAE.d.93F10972ACDEF479610CE8A7D1BDB095.e.16208","ELEMENT":"f.E133658EE593DCD45430D97DE730ABAE.d.93F10972ACDEF479610CE8A7D1BDB095.e.16208"}]}
COMMAND: GET /session/4a7493391aacd7fc37792e05064413e7/element/f.E133658EE593DCD45430D97DE730ABAE.d.93F10972ACDEF479610CE8A7D1BDB095.e.16208/enabled - {}
COMMAND: GET /session/4a7493391aacd7fc37792e05064413e7/screenshot - {}
RESULT: {}
COMMAND: POST /session/4a7493391aacd7fc37792e05064413e7/element/f.E133658EE593DCD45430D97DE730ABAE.d.93F10972ACDEF479610CE8A7D1BDB095.e.16208/click - {}
COMMAND: GET /session/4a7493391aacd7fc37792e05064413e7/screenshot - {}
RESULT: {}
RESULT: {}
COMMAND: GET /session/4a7493391aacd7fc37792e05064413e7/screenshot - {}
RESULT: {}
RESULT: {}
COMMAND: POST /session/4a7493391aacd7fc37792e05064413e7/element/f.E133658EE593DCD45430D97DE730ABAE.d.93F10972ACDEF479610CE8A7D1BDB095.e.16208/clear - {}
RESULT: {}
COMMAND: POST /session/4a7493391aacd7fc37792e05064413e7/element/f.E133658EE593DCD45430D97DE730ABAE.d.93F10972ACDEF479610CE8A7D1BDB095.e.16208/value - {"text":"10350"}
COMMAND: GET /session/4a7493391aacd7fc37792e05064413e7/screenshot - {}
RESULT: {"text":"10350"}
COMMAND: POST /session/4a7493391aacd7fc37792e05064413e7/actions - {"actions":[{"id":"action59","type":"key","parameters":{},"actions":[{"type":"keyDown","value":"î€‡"},{"type":"pause","duration":10},{"type":"keyUp","value":"î€‡"}]}]}
COMMAND: GET /session/4a7493391aacd7fc37792e05064413e7/screenshot - {}
RESULT: {}
RESULT: {"actions":[{"id":"action59","type":"key","parameters":{},"actions":[{"type":"keyDown","value":"î€‡"},{"type":"pause","duration":10},{"type":"keyUp","value":"î€‡"}]}]}
COMMAND: GET /session/4a7493391aacd7fc37792e05064413e7/screenshot - {}
RESULT: {}
RESULT: {}
COMMAND: POST /session/4a7493391aacd7fc37792e05064413e7/element - {"using":"xpath","value":"//span[contains(@id ,\"application-billingtransfer-display-component---billingWorkbench--smartTableBillingRuns-header-inner\")]"}
RESULT: {"using":"xpath","value":"//span[contains(@id ,\"application-billingtransfer-display-component---billingWorkbench--smartTableBillingRuns-header-inner\")]"}
COMMAND: POST /session/4a7493391aacd7fc37792e05064413e7/elements - {"using":"xpath","value":"//span[contains(@id ,\"application-billingtransfer-display-component---billingWorkbench--smartTableBillingRuns-header-inner\")]"}
RESULT: {"using":"xpath","value":"//span[contains(@id ,\"application-billingtransfer-display-component---billingWorkbench--smartTableBillingRuns-header-inner\")]"}
COMMAND: POST /session/4a7493391aacd7fc37792e05064413e7/execute/sync - {"script":"<script> [56 bytes]","args":[{"element-6066-11e4-a52e-4f735466cecf":"f.E133658EE593DCD45430D97DE730ABAE.d.93F10972ACDEF479610CE8A7D1BDB095.e.16366","ELEMENT":"f.E133658EE593DCD45430D97DE730ABAE.d.93F10972ACDEF479610CE8A7D1BDB095.e.16366"}]}
RESULT: {"script":"<script> [56 bytes]","args":[{"element-6066-11e4-a52e-4f735466cecf":"f.E133658EE593DCD45430D97DE730ABAE.d.93F10972ACDEF479610CE8A7D1BDB095.e.16366","ELEMENT":"f.E133658EE593DCD45430D97DE730ABAE.d.93F10972ACDEF479610CE8A7D1BDB095.e.16366"}]}
COMMAND: GET /session/4a7493391aacd7fc37792e05064413e7/screenshot - {}
RESULT: {}
COMMAND: POST /session/4a7493391aacd7fc37792e05064413e7/execute/sync - {"script":"<script> [56 bytes]","args":[{"element-6066-11e4-a52e-4f735466cecf":"f.E133658EE593DCD45430D97DE730ABAE.d.93F10972ACDEF479610CE8A7D1BDB095.e.16366","ELEMENT":"f.E133658EE593DCD45430D97DE730ABAE.d.93F10972ACDEF479610CE8A7D1BDB095.e.16366"}]}
RESULT: {"script":"<script> [56 bytes]","args":[{"element-6066-11e4-a52e-4f735466cecf":"f.E133658EE593DCD45430D97DE730ABAE.d.93F10972ACDEF479610CE8A7D1BDB095.e.16366","ELEMENT":"f.E133658EE593DCD45430D97DE730ABAE.d.93F10972ACDEF479610CE8A7D1BDB095.e.16366"}]}
COMMAND: GET /session/4a7493391aacd7fc37792e05064413e7/screenshot - {}
RESULT: {}
COMMAND: POST /session/4a7493391aacd7fc37792e05064413e7/execute/sync - {"script":"<script> [56 bytes]","args":[{"element-6066-11e4-a52e-4f735466cecf":"f.E133658EE593DCD45430D97DE730ABAE.d.93F10972ACDEF479610CE8A7D1BDB095.e.16366","ELEMENT":"f.E133658EE593DCD45430D97DE730ABAE.d.93F10972ACDEF479610CE8A7D1BDB095.e.16366"}]}
RESULT: {"script":"<script> [56 bytes]","args":[{"element-6066-11e4-a52e-4f735466cecf":"f.E133658EE593DCD45430D97DE730ABAE.d.93F10972ACDEF479610CE8A7D1BDB095.e.16366","ELEMENT":"f.E133658EE593DCD45430D97DE730ABAE.d.93F10972ACDEF479610CE8A7D1BDB095.e.16366"}]}
COMMAND: GET /session/4a7493391aacd7fc37792e05064413e7/screenshot - {}
RESULT: {}
COMMAND: POST /session/4a7493391aacd7fc37792e05064413e7/execute/sync - {"script":"<script> [56 bytes]","args":[{"element-6066-11e4-a52e-4f735466cecf":"f.E133658EE593DCD45430D97DE730ABAE.d.93F10972ACDEF479610CE8A7D1BDB095.e.16366","ELEMENT":"f.E133658EE593DCD45430D97DE730ABAE.d.93F10972ACDEF479610CE8A7D1BDB095.e.16366"}]}
RESULT: {"script":"<script> [56 bytes]","args":[{"element-6066-11e4-a52e-4f735466cecf":"f.E133658EE593DCD45430D97DE730ABAE.d.93F10972ACDEF479610CE8A7D1BDB095.e.16366","ELEMENT":"f.E133658EE593DCD45430D97DE730ABAE.d.93F10972ACDEF479610CE8A7D1BDB095.e.16366"}]}
COMMAND: GET /session/4a7493391aacd7fc37792e05064413e7/screenshot - {}
RESULT: {}
COMMAND: POST /session/4a7493391aacd7fc37792e05064413e7/execute/sync - {"script":"<script> [56 bytes]","args":[{"element-6066-11e4-a52e-4f735466cecf":"f.E133658EE593DCD45430D97DE730ABAE.d.93F10972ACDEF479610CE8A7D1BDB095.e.16366","ELEMENT":"f.E133658EE593DCD45430D97DE730ABAE.d.93F10972ACDEF479610CE8A7D1BDB095.e.16366"}]}
RESULT: {"script":"<script> [56 bytes]","args":[{"element-6066-11e4-a52e-4f735466cecf":"f.E133658EE593DCD45430D97DE730ABAE.d.93F10972ACDEF479610CE8A7D1BDB095.e.16366","ELEMENT":"f.E133658EE593DCD45430D97DE730ABAE.d.93F10972ACDEF479610CE8A7D1BDB095.e.16366"}]}
COMMAND: GET /session/4a7493391aacd7fc37792e05064413e7/screenshot - {}
RESULT: {}
COMMAND: POST /session/4a7493391aacd7fc37792e05064413e7/execute/sync - {"script":"<script> [56 bytes]","args":[{"element-6066-11e4-a52e-4f735466cecf":"f.E133658EE593DCD45430D97DE730ABAE.d.93F10972ACDEF479610CE8A7D1BDB095.e.16366","ELEMENT":"f.E133658EE593DCD45430D97DE730ABAE.d.93F10972ACDEF479610CE8A7D1BDB095.e.16366"}]}
RESULT: {"script":"<script> [56 bytes]","args":[{"element-6066-11e4-a52e-4f735466cecf":"f.E133658EE593DCD45430D97DE730ABAE.d.93F10972ACDEF479610CE8A7D1BDB095.e.16366","ELEMENT":"f.E133658EE593DCD45430D97DE730ABAE.d.93F10972ACDEF479610CE8A7D1BDB095.e.16366"}]}
COMMAND: GET /session/4a7493391aacd7fc37792e05064413e7/screenshot - {}
RESULT: {}
COMMAND: POST /session/4a7493391aacd7fc37792e05064413e7/execute/sync - {"script":"<script> [56 bytes]","args":[{"element-6066-11e4-a52e-4f735466cecf":"f.E133658EE593DCD45430D97DE730ABAE.d.93F10972ACDEF479610CE8A7D1BDB095.e.16366","ELEMENT":"f.E133658EE593DCD45430D97DE730ABAE.d.93F10972ACDEF479610CE8A7D1BDB095.e.16366"}]}
RESULT: {"script":"<script> [56 bytes]","args":[{"element-6066-11e4-a52e-4f735466cecf":"f.E133658EE593DCD45430D97DE730ABAE.d.93F10972ACDEF479610CE8A7D1BDB095.e.16366","ELEMENT":"f.E133658EE593DCD45430D97DE730ABAE.d.93F10972ACDEF479610CE8A7D1BDB095.e.16366"}]}
COMMAND: POST /session/4a7493391aacd7fc37792e05064413e7/element - {"using":"css selector","value":"#shell-header-logo"}
COMMAND: GET /session/4a7493391aacd7fc37792e05064413e7/screenshot - {}
RESULT: {"using":"css selector","value":"#shell-header-logo"}
COMMAND: POST /session/4a7493391aacd7fc37792e05064413e7/element/f.E133658EE593DCD45430D97DE730ABAE.d.93F10972ACDEF479610CE8A7D1BDB095.e.16206/click - {}
RESULT: {}
RESULT: {}
COMMAND: GET /session/4a7493391aacd7fc37792e05064413e7/screenshot - {}
RESULT: {}
COMMAND: POST /session/4a7493391aacd7fc37792e05064413e7/element - {"using":"css selector","value":"#j_username"}
COMMAND: POST /session/4a7493391aacd7fc37792e05064413e7/url - {"url":"https://qa-testing-00-live-etm-ui.cfapps.eu10-004.hana.ondemand.com/"}
RESULT: {"using":"css selector","value":"#j_username"}
COMMAND: POST /session/4a7493391aacd7fc37792e05064413e7/element - {"using":"css selector","value":"#j_username"}
RESULT: {"url":"https://qa-testing-00-live-etm-ui.cfapps.eu10-004.hana.ondemand.com/"}
RESULT: undefined
COMMAND: GET /session/4a7493391aacd7fc37792e05064413e7/screenshot - {}
RESULT: {"using":"css selector","value":"#j_username"}
COMMAND: POST /session/4a7493391aacd7fc37792e05064413e7/element - {"using":"css selector","value":"#shell-header-logo"}
RESULT: {}
RESULT: {"using":"css selector","value":"#shell-header-logo"}
COMMAND: POST /session/4a7493391aacd7fc37792e05064413e7/execute/sync - {"script":"<script> [8489 bytes]","args":[{"element-6066-11e4-a52e-4f735466cecf":"f.E133658EE593DCD45430D97DE730ABAE.d.4463A82FAD7395F7EC9E06B6A809DA7D.e.16408","ELEMENT":"f.E133658EE593DCD45430D97DE730ABAE.d.4463A82FAD7395F7EC9E06B6A809DA7D.e.16408"}]}
RESULT: {"script":"<script> [8489 bytes]","args":[{"element-6066-11e4-a52e-4f735466cecf":"f.E133658EE593DCD45430D97DE730ABAE.d.4463A82FAD7395F7EC9E06B6A809DA7D.e.16408","ELEMENT":"f.E133658EE593DCD45430D97DE730ABAE.d.4463A82FAD7395F7EC9E06B6A809DA7D.e.16408"}]}
COMMAND: POST /session/4a7493391aacd7fc37792e05064413e7/element - {"using":"css selector","value":"#shell-header-logo"}
COMMAND: GET /session/4a7493391aacd7fc37792e05064413e7/screenshot - {}
RESULT: {"using":"css selector","value":"#shell-header-logo"}
COMMAND: POST /session/4a7493391aacd7fc37792e05064413e7/execute/sync - {"script":"<script> [8489 bytes]","args":[{"element-6066-11e4-a52e-4f735466cecf":"f.E133658EE593DCD45430D97DE730ABAE.d.4463A82FAD7395F7EC9E06B6A809DA7D.e.16408","ELEMENT":"f.E133658EE593DCD45430D97DE730ABAE.d.4463A82FAD7395F7EC9E06B6A809DA7D.e.16408"}]}
RESULT: {}
RESULT: {"script":"<script> [8489 bytes]","args":[{"element-6066-11e4-a52e-4f735466cecf":"f.E133658EE593DCD45430D97DE730ABAE.d.4463A82FAD7395F7EC9E06B6A809DA7D.e.16408","ELEMENT":"f.E133658EE593DCD45430D97DE730ABAE.d.4463A82FAD7395F7EC9E06B6A809DA7D.e.16408"}]}
COMMAND: POST /session/4a7493391aacd7fc37792e05064413e7/execute/sync - {"script":"<script> [5351 bytes]","args":[{"element-6066-11e4-a52e-4f735466cecf":"f.E133658EE593DCD45430D97DE730ABAE.d.4463A82FAD7395F7EC9E06B6A809DA7D.e.16408","ELEMENT":"f.E133658EE593DCD45430D97DE730ABAE.d.4463A82FAD7395F7EC9E06B6A809DA7D.e.16408"}]}
COMMAND: GET /session/4a7493391aacd7fc37792e05064413e7/screenshot - {}
RESULT: {"script":"<script> [5351 bytes]","args":[{"element-6066-11e4-a52e-4f735466cecf":"f.E133658EE593DCD45430D97DE730ABAE.d.4463A82FAD7395F7EC9E06B6A809DA7D.e.16408","ELEMENT":"f.E133658EE593DCD45430D97DE730ABAE.d.4463A82FAD7395F7EC9E06B6A809DA7D.e.16408"}]}
COMMAND: POST /session/4a7493391aacd7fc37792e05064413e7/element - {"using":"css selector","value":"#shell-header-logo"}
COMMAND: GET /session/4a7493391aacd7fc37792e05064413e7/screenshot - {}
RESULT: {}
RESULT: {"using":"css selector","value":"#shell-header-logo"}
COMMAND: POST /session/4a7493391aacd7fc37792e05064413e7/element/f.E133658EE593DCD45430D97DE730ABAE.d.4463A82FAD7395F7EC9E06B6A809DA7D.e.16408/click - {}
RESULT: {}
RESULT: {}
COMMAND: GET /session/4a7493391aacd7fc37792e05064413e7/screenshot - {}
RESULT: {}
COMMAND: POST /session/4a7493391aacd7fc37792e05064413e7/execute/async - {"script":"<script> [189 bytes]","args":[]}
RESULT: {"script":"<script> [189 bytes]","args":[]}
COMMAND: POST /session/4a7493391aacd7fc37792e05064413e7/execute/async - {"script":"<script> [123 bytes]","args":[]}
RESULT: {"script":"<script> [123 bytes]","args":[]}
COMMAND: POST /session/4a7493391aacd7fc37792e05064413e7/timeouts - {"script":"<number>"}
RESULT: {"script":"<number>"}
COMMAND: GET /session/4a7493391aacd7fc37792e05064413e7/timeouts - {}
RESULT: {}
RESULT: undefined
COMMAND: POST /session/4a7493391aacd7fc37792e05064413e7/execute/async - {"script":"<script> [2676 bytes]","args":[]}
RESULT: {"script":"<script> [2676 bytes]","args":[]}
COMMAND: POST /session/4a7493391aacd7fc37792e05064413e7/execute/async - {"script":"<script> [2342 bytes]","args":[{"protocol":"http","hostname":"0.0.0.0","path":"/","capabilities":{"browserName":"chrome","goog:chromeOptions":{"binary":"C:\\Program Files\\Google\\Chrome\\Application\\chrome.exe","args":["--start-maximized"]}},"logLevel":"warn","connectionRetryTimeout":120000,"connectionRetryCount":3,"logLevels":{},"enableDirectConnect":true,"strictSSL":true,"_":"65 more keys: [\"cacheDir\",\"port\",\"requestedCapabilities\",\"automationProtocol\",\"baseUrl\",\"waitforInterval\",\"waitforTimeout\",\"onReload\",\"beforeCommand\",\"afterCommand\",\"rootDir\",\"specs\",\"suites\",\"exclude\",\"groupLogsByTestSpec\",\"excludeDriverLogs\",\"bail\",\"framework\",\"reporters\",\"services\",\"maxInstances\",\"maxInstancesPerCapability\",\"injectGlobals\",\"filesToWatch\",\"execArgv\",\"runnerEnv\",\"runner\",\"shard\",\"specFileRetries\",\"specFileRetriesDelay\",\"specFileRetriesDeferred\",\"reporterSyncInterval\",\"reporterSyncTimeout\",\"cucumberFeaturesWithLineNumbers\",\"autoCompileOpts\",\"mochaOpts\",\"jasmineOpts\",\"cucumberOpts\",\"onPrepare\",\"onWorkerStart\",\"onWorkerEnd\",\"before\",\"beforeSession\",\"beforeSuite\",\"beforeHook\",\"beforeTest\",\"afterTest\",\"afterHook\",\"afterSuite\",\"afterSession\",\"after\",\"onComplete\",\"beforeAssertion\",\"afterAssertion\",\"beforeFeature\",\"beforeScenario\",\"beforeStep\",\"afterStep\",\"afterScenario\",\"afterFeature\",\"_\",\"suite\",\"$0\",\"ignoredWorkerServices\",\"wdi5\"]"}]}
RESULT: {"script":"<script> [2342 bytes]","args":[{"protocol":"http","hostname":"0.0.0.0","path":"/","capabilities":{"browserName":"chrome","goog:chromeOptions":{"binary":"C:\\Program Files\\Google\\Chrome\\Application\\chrome.exe","args":["--start-maximized"]}},"logLevel":"warn","connectionRetryTimeout":120000,"connectionRetryCount":3,"logLevels":{},"enableDirectConnect":true,"strictSSL":true,"_":"65 more keys: [\"cacheDir\",\"port\",\"requestedCapabilities\",\"automationProtocol\",\"baseUrl\",\"waitforInterval\",\"waitforTimeout\",\"onReload\",\"beforeCommand\",\"afterCommand\",\"rootDir\",\"specs\",\"suites\",\"exclude\",\"groupLogsByTestSpec\",\"excludeDriverLogs\",\"bail\",\"framework\",\"reporters\",\"services\",\"maxInstances\",\"maxInstancesPerCapability\",\"injectGlobals\",\"filesToWatch\",\"execArgv\",\"runnerEnv\",\"runner\",\"shard\",\"specFileRetries\",\"specFileRetriesDelay\",\"specFileRetriesDeferred\",\"reporterSyncInterval\",\"reporterSyncTimeout\",\"cucumberFeaturesWithLineNumbers\",\"autoCompileOpts\",\"mochaOpts\",\"jasmineOpts\",\"cucumberOpts\",\"onPrepare\",\"onWorkerStart\",\"onWorkerEnd\",\"before\",\"beforeSession\",\"beforeSuite\",\"beforeHook\",\"beforeTest\",\"afterTest\",\"afterHook\",\"afterSuite\",\"afterSession\",\"after\",\"onComplete\",\"beforeAssertion\",\"afterAssertion\",\"beforeFeature\",\"beforeScenario\",\"beforeStep\",\"afterStep\",\"afterScenario\",\"afterFeature\",\"_\",\"suite\",\"$0\",\"ignoredWorkerServices\",\"wdi5\"]"}]}
COMMAND: POST /session/4a7493391aacd7fc37792e05064413e7/execute/async - {"script":"<script> [21126 bytes]","args":[35000]}
RESULT: {"script":"<script> [21126 bytes]","args":[35000]}
COMMAND: POST /session/4a7493391aacd7fc37792e05064413e7/window/maximize - {}
RESULT: {}
COMMAND: POST /session/4a7493391aacd7fc37792e05064413e7/execute/async - {"script":"<script> [1562 bytes]","args":[{"selector":{"id":"shell-header","interaction":{"idSuffix":"icon"}},"wdio_ui5_key":"shellheader"}]}
COMMAND: GET /session/4a7493391aacd7fc37792e05064413e7/screenshot - {}
RESULT: {"script":"<script> [1562 bytes]","args":[{"selector":{"id":"shell-header","interaction":{"idSuffix":"icon"}},"wdio_ui5_key":"shellheader"}]}
RESULT: undefined
COMMAND: POST /session/4a7493391aacd7fc37792e05064413e7/refresh - {}
RESULT: {}
RESULT: {}
COMMAND: GET /session/4a7493391aacd7fc37792e05064413e7/screenshot - {}
RESULT: {}
COMMAND: POST /session/4a7493391aacd7fc37792e05064413e7/refresh - {}
RESULT: {}
COMMAND: GET /session/4a7493391aacd7fc37792e05064413e7/screenshot - {}
RESULT: {}
COMMAND: POST /session/4a7493391aacd7fc37792e05064413e7/window/fullscreen - {}
RESULT: {}
COMMAND: POST /session/4a7493391aacd7fc37792e05064413e7/execute/async - {"script":"<script> [189 bytes]","args":[]}
RESULT: {"script":"<script> [189 bytes]","args":[]}
COMMAND: POST /session/4a7493391aacd7fc37792e05064413e7/execute/async - {"script":"<script> [123 bytes]","args":[]}
RESULT: {"script":"<script> [123 bytes]","args":[]}
COMMAND: POST /session/4a7493391aacd7fc37792e05064413e7/timeouts - {"script":"<number>"}
RESULT: {"script":"<number>"}
COMMAND: GET /session/4a7493391aacd7fc37792e05064413e7/timeouts - {}
RESULT: {}
RESULT: undefined
COMMAND: POST /session/4a7493391aacd7fc37792e05064413e7/execute/async - {"script":"<script> [2676 bytes]","args":[]}
RESULT: {"script":"<script> [2676 bytes]","args":[]}
COMMAND: POST /session/4a7493391aacd7fc37792e05064413e7/execute/async - {"script":"<script> [2342 bytes]","args":[{"protocol":"http","hostname":"0.0.0.0","path":"/","capabilities":{"browserName":"chrome","goog:chromeOptions":{"binary":"C:\\Program Files\\Google\\Chrome\\Application\\chrome.exe","args":["--start-maximized"]}},"logLevel":"warn","connectionRetryTimeout":120000,"connectionRetryCount":3,"logLevels":{},"enableDirectConnect":true,"strictSSL":true,"_":"65 more keys: [\"cacheDir\",\"port\",\"requestedCapabilities\",\"automationProtocol\",\"baseUrl\",\"waitforInterval\",\"waitforTimeout\",\"onReload\",\"beforeCommand\",\"afterCommand\",\"rootDir\",\"specs\",\"suites\",\"exclude\",\"groupLogsByTestSpec\",\"excludeDriverLogs\",\"bail\",\"framework\",\"reporters\",\"services\",\"maxInstances\",\"maxInstancesPerCapability\",\"injectGlobals\",\"filesToWatch\",\"execArgv\",\"runnerEnv\",\"runner\",\"shard\",\"specFileRetries\",\"specFileRetriesDelay\",\"specFileRetriesDeferred\",\"reporterSyncInterval\",\"reporterSyncTimeout\",\"cucumberFeaturesWithLineNumbers\",\"autoCompileOpts\",\"mochaOpts\",\"jasmineOpts\",\"cucumberOpts\",\"onPrepare\",\"onWorkerStart\",\"onWorkerEnd\",\"before\",\"beforeSession\",\"beforeSuite\",\"beforeHook\",\"beforeTest\",\"afterTest\",\"afterHook\",\"afterSuite\",\"afterSession\",\"after\",\"onComplete\",\"beforeAssertion\",\"afterAssertion\",\"beforeFeature\",\"beforeScenario\",\"beforeStep\",\"afterStep\",\"afterScenario\",\"afterFeature\",\"_\",\"suite\",\"$0\",\"ignoredWorkerServices\",\"wdi5\"]"}]}
RESULT: {"script":"<script> [2342 bytes]","args":[{"protocol":"http","hostname":"0.0.0.0","path":"/","capabilities":{"browserName":"chrome","goog:chromeOptions":{"binary":"C:\\Program Files\\Google\\Chrome\\Application\\chrome.exe","args":["--start-maximized"]}},"logLevel":"warn","connectionRetryTimeout":120000,"connectionRetryCount":3,"logLevels":{},"enableDirectConnect":true,"strictSSL":true,"_":"65 more keys: [\"cacheDir\",\"port\",\"requestedCapabilities\",\"automationProtocol\",\"baseUrl\",\"waitforInterval\",\"waitforTimeout\",\"onReload\",\"beforeCommand\",\"afterCommand\",\"rootDir\",\"specs\",\"suites\",\"exclude\",\"groupLogsByTestSpec\",\"excludeDriverLogs\",\"bail\",\"framework\",\"reporters\",\"services\",\"maxInstances\",\"maxInstancesPerCapability\",\"injectGlobals\",\"filesToWatch\",\"execArgv\",\"runnerEnv\",\"runner\",\"shard\",\"specFileRetries\",\"specFileRetriesDelay\",\"specFileRetriesDeferred\",\"reporterSyncInterval\",\"reporterSyncTimeout\",\"cucumberFeaturesWithLineNumbers\",\"autoCompileOpts\",\"mochaOpts\",\"jasmineOpts\",\"cucumberOpts\",\"onPrepare\",\"onWorkerStart\",\"onWorkerEnd\",\"before\",\"beforeSession\",\"beforeSuite\",\"beforeHook\",\"beforeTest\",\"afterTest\",\"afterHook\",\"afterSuite\",\"afterSession\",\"after\",\"onComplete\",\"beforeAssertion\",\"afterAssertion\",\"beforeFeature\",\"beforeScenario\",\"beforeStep\",\"afterStep\",\"afterScenario\",\"afterFeature\",\"_\",\"suite\",\"$0\",\"ignoredWorkerServices\",\"wdi5\"]"}]}
COMMAND: POST /session/4a7493391aacd7fc37792e05064413e7/execute/async - {"script":"<script> [21126 bytes]","args":[35000]}
RESULT: {"script":"<script> [21126 bytes]","args":[35000]}
]]></system-out>
    </testcase>
  </testsuite>
  <testsuite timestamp="2025-04-29T18:04:16" time="603.365" tests="12" failures="0" errors="0" skipped="0">
    <properties>
      <property name="specId" value="0" />
      <property name="suiteName" value="Create Reverse Billing US127248" />
      <property name="capabilities" value="chrome.135_0_7049_96.windows" />
      <property name="file" value="file:///D:/a/1/s/test/specs/BTS/reverse-billing.spec.js" />
    </properties>
    <testcase classname="chrome.135_0_7049_96.windows.Create_Reverse_Billing_US127248" name="Should create a new yard" time="0.011">
      <system-out><![CDATA[
COMMAND: POST /session/4a7493391aacd7fc37792e05064413e7/window/fullscreen - {}
RESULT: {}
]]></system-out>
    </testcase>
    <testcase classname="chrome.135_0_7049_96.windows.Create_Reverse_Billing_US127248" name="Should create a new partner" time="0.005" />
    <testcase classname="chrome.135_0_7049_96.windows.Create_Reverse_Billing_US127248" name="Should create a new site" time="0.003" />
    <testcase classname="chrome.135_0_7049_96.windows.Create_Reverse_Billing_US127248" name="Should create a resource" time="115.862">
      <system-out><![CDATA[
COMMAND: POST /session/4a7493391aacd7fc37792e05064413e7/execute/async - {"script":"<script> [1562 bytes]","args":[{"selector":{"controlType":"sap.m.GenericTile","properties":{"header":"Manage Resources"}},"wdio_ui5_key":"sapm.GenericTile{\"header\":\"Manage Resources\"}"}]}
RESULT: {"script":"<script> [1562 bytes]","args":[{"selector":{"controlType":"sap.m.GenericTile","properties":{"header":"Manage Resources"}},"wdio_ui5_key":"sapm.GenericTile{\"header\":\"Manage Resources\"}"}]}
RESULT: undefined
COMMAND: POST /session/4a7493391aacd7fc37792e05064413e7/element - {"using":"xpath","value":"//*[@id=\"__tile39\"]"}
RESULT: {"using":"xpath","value":"//*[@id=\"__tile39\"]"}
COMMAND: POST /session/4a7493391aacd7fc37792e05064413e7/element/f.E133658EE593DCD45430D97DE730ABAE.d.C5EA41F5A4CC7864A683F767220C472E.e.16558/click - {}
RESULT: {}
COMMAND: POST /session/4a7493391aacd7fc37792e05064413e7/element - {"using":"xpath","value":"//button[@data-kt=\"addNewRUOverflowToolbarButton\"]"}
COMMAND: GET /session/4a7493391aacd7fc37792e05064413e7/screenshot - {}
RESULT: {"using":"xpath","value":"//button[@data-kt=\"addNewRUOverflowToolbarButton\"]"}
COMMAND: POST /session/4a7493391aacd7fc37792e05064413e7/elements - {"using":"xpath","value":"//button[@data-kt=\"addNewRUOverflowToolbarButton\"]"}
RESULT: {}
RESULT: {"using":"xpath","value":"//button[@data-kt=\"addNewRUOverflowToolbarButton\"]"}
COMMAND: POST /session/4a7493391aacd7fc37792e05064413e7/elements - {"using":"xpath","value":"//button[@data-kt=\"addNewRUOverflowToolbarButton\"]"}
RESULT: {"using":"xpath","value":"//button[@data-kt=\"addNewRUOverflowToolbarButton\"]"}
COMMAND: POST /session/4a7493391aacd7fc37792e05064413e7/elements - {"using":"xpath","value":"//button[@data-kt=\"addNewRUOverflowToolbarButton\"]"}
RESULT: {"using":"xpath","value":"//button[@data-kt=\"addNewRUOverflowToolbarButton\"]"}
COMMAND: POST /session/4a7493391aacd7fc37792e05064413e7/elements - {"using":"xpath","value":"//button[@data-kt=\"addNewRUOverflowToolbarButton\"]"}
RESULT: {"using":"xpath","value":"//button[@data-kt=\"addNewRUOverflowToolbarButton\"]"}
COMMAND: POST /session/4a7493391aacd7fc37792e05064413e7/elements - {"using":"xpath","value":"//button[@data-kt=\"addNewRUOverflowToolbarButton\"]"}
RESULT: {"using":"xpath","value":"//button[@data-kt=\"addNewRUOverflowToolbarButton\"]"}
COMMAND: POST /session/4a7493391aacd7fc37792e05064413e7/elements - {"using":"xpath","value":"//button[@data-kt=\"addNewRUOverflowToolbarButton\"]"}
RESULT: {"using":"xpath","value":"//button[@data-kt=\"addNewRUOverflowToolbarButton\"]"}
COMMAND: POST /session/4a7493391aacd7fc37792e05064413e7/elements - {"using":"xpath","value":"//button[@data-kt=\"addNewRUOverflowToolbarButton\"]"}
RESULT: {"using":"xpath","value":"//button[@data-kt=\"addNewRUOverflowToolbarButton\"]"}
COMMAND: POST /session/4a7493391aacd7fc37792e05064413e7/elements - {"using":"xpath","value":"//button[@data-kt=\"addNewRUOverflowToolbarButton\"]"}
RESULT: {"using":"xpath","value":"//button[@data-kt=\"addNewRUOverflowToolbarButton\"]"}
COMMAND: POST /session/4a7493391aacd7fc37792e05064413e7/elements - {"using":"xpath","value":"//button[@data-kt=\"addNewRUOverflowToolbarButton\"]"}
RESULT: {"using":"xpath","value":"//button[@data-kt=\"addNewRUOverflowToolbarButton\"]"}
COMMAND: POST /session/4a7493391aacd7fc37792e05064413e7/elements - {"using":"xpath","value":"//button[@data-kt=\"addNewRUOverflowToolbarButton\"]"}
RESULT: {"using":"xpath","value":"//button[@data-kt=\"addNewRUOverflowToolbarButton\"]"}
COMMAND: POST /session/4a7493391aacd7fc37792e05064413e7/elements - {"using":"xpath","value":"//button[@data-kt=\"addNewRUOverflowToolbarButton\"]"}
RESULT: {"using":"xpath","value":"//button[@data-kt=\"addNewRUOverflowToolbarButton\"]"}
COMMAND: POST /session/4a7493391aacd7fc37792e05064413e7/elements - {"using":"xpath","value":"//button[@data-kt=\"addNewRUOverflowToolbarButton\"]"}
RESULT: {"using":"xpath","value":"//button[@data-kt=\"addNewRUOverflowToolbarButton\"]"}
COMMAND: POST /session/4a7493391aacd7fc37792e05064413e7/elements - {"using":"xpath","value":"//button[@data-kt=\"addNewRUOverflowToolbarButton\"]"}
RESULT: {"using":"xpath","value":"//button[@data-kt=\"addNewRUOverflowToolbarButton\"]"}
COMMAND: POST /session/4a7493391aacd7fc37792e05064413e7/elements - {"using":"xpath","value":"//button[@data-kt=\"addNewRUOverflowToolbarButton\"]"}
RESULT: {"using":"xpath","value":"//button[@data-kt=\"addNewRUOverflowToolbarButton\"]"}
COMMAND: POST /session/4a7493391aacd7fc37792e05064413e7/elements - {"using":"xpath","value":"//button[@data-kt=\"addNewRUOverflowToolbarButton\"]"}
RESULT: {"using":"xpath","value":"//button[@data-kt=\"addNewRUOverflowToolbarButton\"]"}
COMMAND: POST /session/4a7493391aacd7fc37792e05064413e7/elements - {"using":"xpath","value":"//button[@data-kt=\"addNewRUOverflowToolbarButton\"]"}
RESULT: {"using":"xpath","value":"//button[@data-kt=\"addNewRUOverflowToolbarButton\"]"}
COMMAND: POST /session/4a7493391aacd7fc37792e05064413e7/element - {"using":"xpath","value":"//button[@data-kt=\"addNewRUOverflowToolbarButton\"]"}
RESULT: {"using":"xpath","value":"//button[@data-kt=\"addNewRUOverflowToolbarButton\"]"}
COMMAND: POST /session/4a7493391aacd7fc37792e05064413e7/execute/sync - {"script":"<script> [8489 bytes]","args":[{"element-6066-11e4-a52e-4f735466cecf":"f.E133658EE593DCD45430D97DE730ABAE.d.C5EA41F5A4CC7864A683F767220C472E.e.16697","ELEMENT":"f.E133658EE593DCD45430D97DE730ABAE.d.C5EA41F5A4CC7864A683F767220C472E.e.16697"}]}
RESULT: {"script":"<script> [8489 bytes]","args":[{"element-6066-11e4-a52e-4f735466cecf":"f.E133658EE593DCD45430D97DE730ABAE.d.C5EA41F5A4CC7864A683F767220C472E.e.16697","ELEMENT":"f.E133658EE593DCD45430D97DE730ABAE.d.C5EA41F5A4CC7864A683F767220C472E.e.16697"}]}
COMMAND: GET /session/4a7493391aacd7fc37792e05064413e7/element/f.E133658EE593DCD45430D97DE730ABAE.d.C5EA41F5A4CC7864A683F767220C472E.e.16697/enabled - {}
COMMAND: GET /session/4a7493391aacd7fc37792e05064413e7/screenshot - {}
RESULT: {}
COMMAND: POST /session/4a7493391aacd7fc37792e05064413e7/execute/sync - {"script":"<script> [8489 bytes]","args":[{"element-6066-11e4-a52e-4f735466cecf":"f.E133658EE593DCD45430D97DE730ABAE.d.C5EA41F5A4CC7864A683F767220C472E.e.16697","ELEMENT":"f.E133658EE593DCD45430D97DE730ABAE.d.C5EA41F5A4CC7864A683F767220C472E.e.16697"}]}
COMMAND: GET /session/4a7493391aacd7fc37792e05064413e7/screenshot - {}
RESULT: {}
RESULT: {"script":"<script> [8489 bytes]","args":[{"element-6066-11e4-a52e-4f735466cecf":"f.E133658EE593DCD45430D97DE730ABAE.d.C5EA41F5A4CC7864A683F767220C472E.e.16697","ELEMENT":"f.E133658EE593DCD45430D97DE730ABAE.d.C5EA41F5A4CC7864A683F767220C472E.e.16697"}]}
COMMAND: POST /session/4a7493391aacd7fc37792e05064413e7/execute/sync - {"script":"<script> [5351 bytes]","args":[{"element-6066-11e4-a52e-4f735466cecf":"f.E133658EE593DCD45430D97DE730ABAE.d.C5EA41F5A4CC7864A683F767220C472E.e.16697","ELEMENT":"f.E133658EE593DCD45430D97DE730ABAE.d.C5EA41F5A4CC7864A683F767220C472E.e.16697"}]}
COMMAND: GET /session/4a7493391aacd7fc37792e05064413e7/screenshot - {}
RESULT: {}
RESULT: {"script":"<script> [5351 bytes]","args":[{"element-6066-11e4-a52e-4f735466cecf":"f.E133658EE593DCD45430D97DE730ABAE.d.C5EA41F5A4CC7864A683F767220C472E.e.16697","ELEMENT":"f.E133658EE593DCD45430D97DE730ABAE.d.C5EA41F5A4CC7864A683F767220C472E.e.16697"}]}
COMMAND: POST /session/4a7493391aacd7fc37792e05064413e7/element/f.E133658EE593DCD45430D97DE730ABAE.d.C5EA41F5A4CC7864A683F767220C472E.e.16697/click - {}
COMMAND: GET /session/4a7493391aacd7fc37792e05064413e7/screenshot - {}
RESULT: {}
RESULT: {}
COMMAND: GET /session/4a7493391aacd7fc37792e05064413e7/screenshot - {}
RESULT: {}
COMMAND: POST /session/4a7493391aacd7fc37792e05064413e7/execute/async - {"script":"<script> [1562 bytes]","args":[{"selector":{"id":"application-manageresources-display-component---newResourceUnit--TYPE-arrow"},"wdio_ui5_key":"applicationmanageresources-display-component---newResourceUnit--TYPE-arrow"}]}
RESULT: {}
RESULT: {"script":"<script> [1562 bytes]","args":[{"selector":{"id":"application-manageresources-display-component---newResourceUnit--TYPE-arrow"},"wdio_ui5_key":"applicationmanageresources-display-component---newResourceUnit--TYPE-arrow"}]}
RESULT: undefined
COMMAND: POST /session/4a7493391aacd7fc37792e05064413e7/element - {"using":"xpath","value":"//*[@id=\"application-manageresources-display-component---newResourceUnit--TYPE-arrow\"]"}
RESULT: {"using":"xpath","value":"//*[@id=\"application-manageresources-display-component---newResourceUnit--TYPE-arrow\"]"}
COMMAND: POST /session/4a7493391aacd7fc37792e05064413e7/element/f.E133658EE593DCD45430D97DE730ABAE.d.C5EA41F5A4CC7864A683F767220C472E.e.17064/click - {}
RESULT: {}
COMMAND: POST /session/4a7493391aacd7fc37792e05064413e7/element - {"using":"xpath","value":"//input[@id=\"application-manageresources-display-component---newResourceUnit--TYPE-inner\"]"}
COMMAND: GET /session/4a7493391aacd7fc37792e05064413e7/screenshot - {}
RESULT: {"using":"xpath","value":"//input[@id=\"application-manageresources-display-component---newResourceUnit--TYPE-inner\"]"}
COMMAND: POST /session/4a7493391aacd7fc37792e05064413e7/element/f.E133658EE593DCD45430D97DE730ABAE.d.C5EA41F5A4CC7864A683F767220C472E.e.17048/clear - {}
RESULT: {}
RESULT: {}
COMMAND: POST /session/4a7493391aacd7fc37792e05064413e7/element/f.E133658EE593DCD45430D97DE730ABAE.d.C5EA41F5A4CC7864A683F767220C472E.e.17048/value - {"text":"Equipment"}
COMMAND: GET /session/4a7493391aacd7fc37792e05064413e7/screenshot - {}
RESULT: {"text":"Equipment"}
COMMAND: GET /session/4a7493391aacd7fc37792e05064413e7/screenshot - {}
RESULT: {}
RESULT: {}
COMMAND: POST /session/4a7493391aacd7fc37792e05064413e7/actions - {"actions":[{"id":"action60","type":"key","parameters":{},"actions":[{"type":"keyDown","value":"î€‡"},{"type":"pause","duration":10},{"type":"keyUp","value":"î€‡"}]}]}
RESULT: {"actions":[{"id":"action60","type":"key","parameters":{},"actions":[{"type":"keyDown","value":"î€‡"},{"type":"pause","duration":10},{"type":"keyUp","value":"î€‡"}]}]}
COMMAND: POST /session/4a7493391aacd7fc37792e05064413e7/execute/async - {"script":"<script> [1562 bytes]","args":[{"selector":{"id":"application-manageresources-display-component---newResourceUnit--resourceId","interaction":{"idSuffix":"inner"}},"wdio_ui5_key":"applicationmanageresources-display-component---newResourceUnit--resourceId"}]}
COMMAND: GET /session/4a7493391aacd7fc37792e05064413e7/screenshot - {}
RESULT: {"script":"<script> [1562 bytes]","args":[{"selector":{"id":"application-manageresources-display-component---newResourceUnit--resourceId","interaction":{"idSuffix":"inner"}},"wdio_ui5_key":"applicationmanageresources-display-component---newResourceUnit--resourceId"}]}
RESULT: undefined
COMMAND: POST /session/4a7493391aacd7fc37792e05064413e7/execute/async - {"script":"<script> [776 bytes]","args":[{"enterText":"wEohE1CueQ","selector":{"id":"application-manageresources-display-component---newResourceUnit--resourceId","interaction":{"idSuffix":"inner"}},"clearTextFirst":true,"interactionType":"ENTER_TEXT"}]}
RESULT: {}
RESULT: {"script":"<script> [776 bytes]","args":[{"enterText":"wEohE1CueQ","selector":{"id":"application-manageresources-display-component---newResourceUnit--resourceId","interaction":{"idSuffix":"inner"}},"clearTextFirst":true,"interactionType":"ENTER_TEXT"}]}
COMMAND: POST /session/4a7493391aacd7fc37792e05064413e7/execute/async - {"script":"<script> [1562 bytes]","args":[{"selector":{"id":"application-manageresources-display-component---newResourceUnit--SHORT_TEXT","interaction":{"idSuffix":"inner"}},"wdio_ui5_key":"applicationmanageresources-display-component---newResourceUnit--SHORT_TEXT"}]}
RESULT: {"script":"<script> [1562 bytes]","args":[{"selector":{"id":"application-manageresources-display-component---newResourceUnit--SHORT_TEXT","interaction":{"idSuffix":"inner"}},"wdio_ui5_key":"applicationmanageresources-display-component---newResourceUnit--SHORT_TEXT"}]}
RESULT: undefined
COMMAND: POST /session/4a7493391aacd7fc37792e05064413e7/execute/async - {"script":"<script> [776 bytes]","args":[{"enterText":"Intercompany Equipment WDIO","selector":{"id":"application-manageresources-display-component---newResourceUnit--SHORT_TEXT","interaction":{"idSuffix":"inner"}},"clearTextFirst":true,"interactionType":"ENTER_TEXT"}]}
RESULT: {"script":"<script> [776 bytes]","args":[{"enterText":"Intercompany Equipment WDIO","selector":{"id":"application-manageresources-display-component---newResourceUnit--SHORT_TEXT","interaction":{"idSuffix":"inner"}},"clearTextFirst":true,"interactionType":"ENTER_TEXT"}]}
COMMAND: POST /session/4a7493391aacd7fc37792e05064413e7/execute/async - {"script":"<script> [1562 bytes]","args":[{"selector":{"id":"application-manageresources-display-component---newResourceUnit--BASE_UNIT_OF_MEASURE","interaction":{"idSuffix":"inner"}},"wdio_ui5_key":"applicationmanageresources-display-component---newResourceUnit--BASE_UNIT_OF_MEASURE"}]}
RESULT: {"script":"<script> [1562 bytes]","args":[{"selector":{"id":"application-manageresources-display-component---newResourceUnit--BASE_UNIT_OF_MEASURE","interaction":{"idSuffix":"inner"}},"wdio_ui5_key":"applicationmanageresources-display-component---newResourceUnit--BASE_UNIT_OF_MEASURE"}]}
RESULT: undefined
COMMAND: POST /session/4a7493391aacd7fc37792e05064413e7/execute/async - {"script":"<script> [776 bytes]","args":[{"enterText":"Piece","selector":{"id":"application-manageresources-display-component---newResourceUnit--BASE_UNIT_OF_MEASURE","interaction":{"idSuffix":"inner"}},"clearTextFirst":true,"interactionType":"ENTER_TEXT"}]}
RESULT: {"script":"<script> [776 bytes]","args":[{"enterText":"Piece","selector":{"id":"application-manageresources-display-component---newResourceUnit--BASE_UNIT_OF_MEASURE","interaction":{"idSuffix":"inner"}},"clearTextFirst":true,"interactionType":"ENTER_TEXT"}]}
COMMAND: POST /session/4a7493391aacd7fc37792e05064413e7/execute/async - {"script":"<script> [1562 bytes]","args":[{"selector":{"id":"application-manageresources-display-component---newResourceUnit--WEIGHT_UNIT","interaction":{"idSuffix":"inner"}},"wdio_ui5_key":"applicationmanageresources-display-component---newResourceUnit--WEIGHT_UNIT"}]}
RESULT: {"script":"<script> [1562 bytes]","args":[{"selector":{"id":"application-manageresources-display-component---newResourceUnit--WEIGHT_UNIT","interaction":{"idSuffix":"inner"}},"wdio_ui5_key":"applicationmanageresources-display-component---newResourceUnit--WEIGHT_UNIT"}]}
RESULT: undefined
COMMAND: POST /session/4a7493391aacd7fc37792e05064413e7/execute/async - {"script":"<script> [776 bytes]","args":[{"enterText":"Gram","selector":{"id":"application-manageresources-display-component---newResourceUnit--WEIGHT_UNIT","interaction":{"idSuffix":"inner"}},"clearTextFirst":true,"interactionType":"ENTER_TEXT"}]}
RESULT: {"script":"<script> [776 bytes]","args":[{"enterText":"Gram","selector":{"id":"application-manageresources-display-component---newResourceUnit--WEIGHT_UNIT","interaction":{"idSuffix":"inner"}},"clearTextFirst":true,"interactionType":"ENTER_TEXT"}]}
COMMAND: POST /session/4a7493391aacd7fc37792e05064413e7/execute/async - {"script":"<script> [1562 bytes]","args":[{"selector":{"id":"application-manageresources-display-component---newResourceUnit--DIMENSION_UNIT","interaction":{"idSuffix":"inner"}},"wdio_ui5_key":"applicationmanageresources-display-component---newResourceUnit--DIMENSION_UNIT"}]}
RESULT: {"script":"<script> [1562 bytes]","args":[{"selector":{"id":"application-manageresources-display-component---newResourceUnit--DIMENSION_UNIT","interaction":{"idSuffix":"inner"}},"wdio_ui5_key":"applicationmanageresources-display-component---newResourceUnit--DIMENSION_UNIT"}]}
RESULT: undefined
COMMAND: POST /session/4a7493391aacd7fc37792e05064413e7/execute/async - {"script":"<script> [776 bytes]","args":[{"enterText":"Meter","selector":{"id":"application-manageresources-display-component---newResourceUnit--DIMENSION_UNIT","interaction":{"idSuffix":"inner"}},"clearTextFirst":true,"interactionType":"ENTER_TEXT"}]}
RESULT: {"script":"<script> [776 bytes]","args":[{"enterText":"Meter","selector":{"id":"application-manageresources-display-component---newResourceUnit--DIMENSION_UNIT","interaction":{"idSuffix":"inner"}},"clearTextFirst":true,"interactionType":"ENTER_TEXT"}]}
COMMAND: POST /session/4a7493391aacd7fc37792e05064413e7/execute/async - {"script":"<script> [1562 bytes]","args":[{"selector":{"id":"application-manageresources-display-component---newResourceUnit--newRRUPage-anchBar-application-manageresources-display-component---newResourceUnit--control-anchor","interaction":{"idSuffix":"BDI-content"}},"wdio_ui5_key":"applicationmanageresources-display-component---newResourceUnit--newRRUPage-anchBar-application-manageresources-display-component---newResourceUnit--control-anchor"}]}
RESULT: {"script":"<script> [1562 bytes]","args":[{"selector":{"id":"application-manageresources-display-component---newResourceUnit--newRRUPage-anchBar-application-manageresources-display-component---newResourceUnit--control-anchor","interaction":{"idSuffix":"BDI-content"}},"wdio_ui5_key":"applicationmanageresources-display-component---newResourceUnit--newRRUPage-anchBar-application-manageresources-display-component---newResourceUnit--control-anchor"}]}
RESULT: undefined
COMMAND: POST /session/4a7493391aacd7fc37792e05064413e7/element - {"using":"xpath","value":"//*[@id=\"application-manageresources-display-component---newResourceUnit--newRRUPage-anchBar-application-manageresources-display-component---newResourceUnit--control-anchor\"]"}
RESULT: {"using":"xpath","value":"//*[@id=\"application-manageresources-display-component---newResourceUnit--newRRUPage-anchBar-application-manageresources-display-component---newResourceUnit--control-anchor\"]"}
COMMAND: POST /session/4a7493391aacd7fc37792e05064413e7/element/f.E133658EE593DCD45430D97DE730ABAE.d.C5EA41F5A4CC7864A683F767220C472E.e.17198/click - {}
RESULT: {}
COMMAND: POST /session/4a7493391aacd7fc37792e05064413e7/execute/async - {"script":"<script> [1562 bytes]","args":[{"selector":{"id":"application-manageresources-display-component---newResourceUnit--PLANNING_GROUP","interaction":{"idSuffix":"inner"}},"wdio_ui5_key":"applicationmanageresources-display-component---newResourceUnit--PLANNING_GROUP"}]}
COMMAND: GET /session/4a7493391aacd7fc37792e05064413e7/screenshot - {}
RESULT: {"script":"<script> [1562 bytes]","args":[{"selector":{"id":"application-manageresources-display-component---newResourceUnit--PLANNING_GROUP","interaction":{"idSuffix":"inner"}},"wdio_ui5_key":"applicationmanageresources-display-component---newResourceUnit--PLANNING_GROUP"}]}
RESULT: undefined
COMMAND: POST /session/4a7493391aacd7fc37792e05064413e7/execute/async - {"script":"<script> [776 bytes]","args":[{"enterText":"Heavy Equi","selector":{"id":"application-manageresources-display-component---newResourceUnit--PLANNING_GROUP","interaction":{"idSuffix":"inner"}},"clearTextFirst":true,"interactionType":"ENTER_TEXT"}]}
RESULT: {}
RESULT: {"script":"<script> [776 bytes]","args":[{"enterText":"Heavy Equi","selector":{"id":"application-manageresources-display-component---newResourceUnit--PLANNING_GROUP","interaction":{"idSuffix":"inner"}},"clearTextFirst":true,"interactionType":"ENTER_TEXT"}]}
COMMAND: POST /session/4a7493391aacd7fc37792e05064413e7/execute/async - {"script":"<script> [1562 bytes]","args":[{"selector":{"id":"application-manageresources-display-component---newResourceUnit--ITEM_TYPE-arrow"},"wdio_ui5_key":"applicationmanageresources-display-component---newResourceUnit--ITEM_TYPE-arrow"}]}
RESULT: {"script":"<script> [1562 bytes]","args":[{"selector":{"id":"application-manageresources-display-component---newResourceUnit--ITEM_TYPE-arrow"},"wdio_ui5_key":"applicationmanageresources-display-component---newResourceUnit--ITEM_TYPE-arrow"}]}
RESULT: undefined
COMMAND: POST /session/4a7493391aacd7fc37792e05064413e7/element - {"using":"xpath","value":"//*[@id=\"application-manageresources-display-component---newResourceUnit--ITEM_TYPE-arrow\"]"}
RESULT: {"using":"xpath","value":"//*[@id=\"application-manageresources-display-component---newResourceUnit--ITEM_TYPE-arrow\"]"}
COMMAND: POST /session/4a7493391aacd7fc37792e05064413e7/element/f.E133658EE593DCD45430D97DE730ABAE.d.C5EA41F5A4CC7864A683F767220C472E.e.17207/click - {}
RESULT: {}
COMMAND: POST /session/4a7493391aacd7fc37792e05064413e7/element - {"using":"xpath","value":"(//span[contains(text(), \"Resource Unit\")])[2]"}
COMMAND: GET /session/4a7493391aacd7fc37792e05064413e7/screenshot - {}
RESULT: {"using":"xpath","value":"(//span[contains(text(), \"Resource Unit\")])[2]"}
COMMAND: POST /session/4a7493391aacd7fc37792e05064413e7/element/f.E133658EE593DCD45430D97DE730ABAE.d.C5EA41F5A4CC7864A683F767220C472E.e.17208/click - {}
RESULT: {}
RESULT: {}
COMMAND: GET /session/4a7493391aacd7fc37792e05064413e7/screenshot - {}
RESULT: {}
COMMAND: POST /session/4a7493391aacd7fc37792e05064413e7/element - {"using":"css selector","value":"#application-manageresources-display-component---newResourceUnit--btnAddTimeSegment"}
RESULT: {"using":"css selector","value":"#application-manageresources-display-component---newResourceUnit--btnAddTimeSegment"}
COMMAND: GET /session/4a7493391aacd7fc37792e05064413e7/element/f.E133658EE593DCD45430D97DE730ABAE.d.C5EA41F5A4CC7864A683F767220C472E.e.17209/rect - {}
RESULT: {}
COMMAND: GET /session/4a7493391aacd7fc37792e05064413e7/window/rect - {}
RESULT: {}
COMMAND: POST /session/4a7493391aacd7fc37792e05064413e7/execute/sync - {"script":"<script> [92 bytes]","args":[]}
RESULT: {"script":"<script> [92 bytes]","args":[]}
COMMAND: POST /session/4a7493391aacd7fc37792e05064413e7/actions - {"actions":[{"id":"action61","type":"wheel","parameters":{},"actions":[{"type":"scroll","x":-1888,"y":-32,"deltaX":0,"deltaY":0,"duration":0,"origin":{"element-6066-11e4-a52e-4f735466cecf":"f.E133658EE593DCD45430D97DE730ABAE.d.C5EA41F5A4CC7864A683F767220C472E.e.17209"}}]}]}
COMMAND: GET /session/4a7493391aacd7fc37792e05064413e7/screenshot - {}
RESULT: {}
COMMAND: POST /session/4a7493391aacd7fc37792e05064413e7/execute/sync - {"script":"<script> [79 bytes]","args":[{"element-6066-11e4-a52e-4f735466cecf":"f.E133658EE593DCD45430D97DE730ABAE.d.C5EA41F5A4CC7864A683F767220C472E.e.17209","ELEMENT":"f.E133658EE593DCD45430D97DE730ABAE.d.C5EA41F5A4CC7864A683F767220C472E.e.17209"},{"block":"start","inline":"nearest"}]}
RESULT: {"script":"<script> [79 bytes]","args":[{"element-6066-11e4-a52e-4f735466cecf":"f.E133658EE593DCD45430D97DE730ABAE.d.C5EA41F5A4CC7864A683F767220C472E.e.17209","ELEMENT":"f.E133658EE593DCD45430D97DE730ABAE.d.C5EA41F5A4CC7864A683F767220C472E.e.17209"},{"block":"start","inline":"nearest"}]}
COMMAND: POST /session/4a7493391aacd7fc37792e05064413e7/execute/async - {"script":"<script> [1562 bytes]","args":[{"selector":{"id":"application-manageresources-display-component---newResourceUnit--btnAddTimeSegment","interaction":{"idSuffix":"inner"}},"wdio_ui5_key":"applicationmanageresources-display-component---newResourceUnit--btnAddTimeSegment"}]}
COMMAND: GET /session/4a7493391aacd7fc37792e05064413e7/screenshot - {}
RESULT: {"script":"<script> [1562 bytes]","args":[{"selector":{"id":"application-manageresources-display-component---newResourceUnit--btnAddTimeSegment","interaction":{"idSuffix":"inner"}},"wdio_ui5_key":"applicationmanageresources-display-component---newResourceUnit--btnAddTimeSegment"}]}
RESULT: undefined
COMMAND: POST /session/4a7493391aacd7fc37792e05064413e7/element - {"using":"xpath","value":"//*[@id=\"application-manageresources-display-component---newResourceUnit--btnAddTimeSegment\"]"}
RESULT: {}
RESULT: {"using":"xpath","value":"//*[@id=\"application-manageresources-display-component---newResourceUnit--btnAddTimeSegment\"]"}
COMMAND: POST /session/4a7493391aacd7fc37792e05064413e7/element/f.E133658EE593DCD45430D97DE730ABAE.d.C5EA41F5A4CC7864A683F767220C472E.e.17209/click - {}
RESULT: {}
COMMAND: GET /session/4a7493391aacd7fc37792e05064413e7/screenshot - {}
RESULT: {}
COMMAND: POST /session/4a7493391aacd7fc37792e05064413e7/element - {"using":"xpath","value":"//input[@id=\"application-manageresources-display-component---newResourceUnit--idRuTSAdmin-application-manageresources-display-component---newResourceUnit--RUTimeSegment-0-inner\"]"}
RESULT: {"using":"xpath","value":"//input[@id=\"application-manageresources-display-component---newResourceUnit--idRuTSAdmin-application-manageresources-display-component---newResourceUnit--RUTimeSegment-0-inner\"]"}
COMMAND: POST /session/4a7493391aacd7fc37792e05064413e7/element/f.E133658EE593DCD45430D97DE730ABAE.d.C5EA41F5A4CC7864A683F767220C472E.e.17215/clear - {}
RESULT: {}
COMMAND: POST /session/4a7493391aacd7fc37792e05064413e7/element/f.E133658EE593DCD45430D97DE730ABAE.d.C5EA41F5A4CC7864A683F767220C472E.e.17215/value - {"text":"417"}
COMMAND: GET /session/4a7493391aacd7fc37792e05064413e7/screenshot - {}
RESULT: {"text":"417"}
COMMAND: GET /session/4a7493391aacd7fc37792e05064413e7/screenshot - {}
RESULT: {}
RESULT: {}
COMMAND: POST /session/4a7493391aacd7fc37792e05064413e7/element - {"using":"xpath","value":"//li[.//span[text()='417']]"}
RESULT: {"using":"xpath","value":"//li[.//span[text()='417']]"}
COMMAND: POST /session/4a7493391aacd7fc37792e05064413e7/element/f.E133658EE593DCD45430D97DE730ABAE.d.C5EA41F5A4CC7864A683F767220C472E.e.17227/click - {}
RESULT: {}
COMMAND: GET /session/4a7493391aacd7fc37792e05064413e7/screenshot - {}
RESULT: {}
COMMAND: POST /session/4a7493391aacd7fc37792e05064413e7/element - {"using":"xpath","value":"(//span[contains(@id, \"-application-manageresources-display-component---newResourceUnit--RUTimeSegment-0-arrow\")])[6]"}
RESULT: {"using":"xpath","value":"(//span[contains(@id, \"-application-manageresources-display-component---newResourceUnit--RUTimeSegment-0-arrow\")])[6]"}
COMMAND: POST /session/4a7493391aacd7fc37792e05064413e7/element/f.E133658EE593DCD45430D97DE730ABAE.d.C5EA41F5A4CC7864A683F767220C472E.e.17228/click - {}
RESULT: {}
COMMAND: POST /session/4a7493391aacd7fc37792e05064413e7/element - {"using":"xpath","value":"//span[contains(text(), \"PM Order\")]"}
COMMAND: GET /session/4a7493391aacd7fc37792e05064413e7/screenshot - {}
RESULT: {"using":"xpath","value":"//span[contains(text(), \"PM Order\")]"}
COMMAND: POST /session/4a7493391aacd7fc37792e05064413e7/element/f.E133658EE593DCD45430D97DE730ABAE.d.C5EA41F5A4CC7864A683F767220C472E.e.17231/click - {}
RESULT: {}
RESULT: {}
COMMAND: GET /session/4a7493391aacd7fc37792e05064413e7/screenshot - {}
RESULT: {}
COMMAND: POST /session/4a7493391aacd7fc37792e05064413e7/element - {"using":"xpath","value":"(//span[contains(@id ,\"manageresources-display-component---newResourceUnit--RUTimeSegment-0-vhi\")])[1]"}
RESULT: {"using":"xpath","value":"(//span[contains(@id ,\"manageresources-display-component---newResourceUnit--RUTimeSegment-0-vhi\")])[1]"}
COMMAND: GET /session/4a7493391aacd7fc37792e05064413e7/element/f.E133658EE593DCD45430D97DE730ABAE.d.C5EA41F5A4CC7864A683F767220C472E.e.17235/rect - {}
RESULT: {}
COMMAND: GET /session/4a7493391aacd7fc37792e05064413e7/window/rect - {}
RESULT: {}
COMMAND: POST /session/4a7493391aacd7fc37792e05064413e7/execute/sync - {"script":"<script> [92 bytes]","args":[]}
RESULT: {"script":"<script> [92 bytes]","args":[]}
COMMAND: POST /session/4a7493391aacd7fc37792e05064413e7/actions - {"actions":[{"id":"action62","type":"wheel","parameters":{},"actions":[{"type":"scroll","x":-869,"y":-24,"deltaX":0,"deltaY":0,"duration":0,"origin":{"element-6066-11e4-a52e-4f735466cecf":"f.E133658EE593DCD45430D97DE730ABAE.d.C5EA41F5A4CC7864A683F767220C472E.e.17235"}}]}]}
COMMAND: GET /session/4a7493391aacd7fc37792e05064413e7/screenshot - {}
RESULT: {"actions":[{"id":"action62","type":"wheel","parameters":{},"actions":[{"type":"scroll","x":-869,"y":-24,"deltaX":0,"deltaY":0,"duration":0,"origin":{"element-6066-11e4-a52e-4f735466cecf":"f.E133658EE593DCD45430D97DE730ABAE.d.C5EA41F5A4CC7864A683F767220C472E.e.17235"}}]}]}
COMMAND: DELETE /session/4a7493391aacd7fc37792e05064413e7/actions - {}
COMMAND: GET /session/4a7493391aacd7fc37792e05064413e7/screenshot - {}
RESULT: {}
RESULT: {}
COMMAND: GET /session/4a7493391aacd7fc37792e05064413e7/screenshot - {}
RESULT: {}
RESULT: {}
COMMAND: POST /session/4a7493391aacd7fc37792e05064413e7/element/f.E133658EE593DCD45430D97DE730ABAE.d.C5EA41F5A4CC7864A683F767220C472E.e.17235/click - {}
RESULT: {}
COMMAND: GET /session/4a7493391aacd7fc37792e05064413e7/screenshot - {}
RESULT: {}
COMMAND: POST /session/4a7493391aacd7fc37792e05064413e7/execute/async - {"script":"<script> [1562 bytes]","args":[{"selector":{"controlType":"sap.m.SearchField","properties":{"placeholder":"Search"},"searchOpenDialogs":true,"interaction":{"idSuffix":"I"}},"wdio_ui5_key":"sapm.SearchField{\"placeholder\":\"Search\"}"}]}
RESULT: {"script":"<script> [1562 bytes]","args":[{"selector":{"controlType":"sap.m.SearchField","properties":{"placeholder":"Search"},"searchOpenDialogs":true,"interaction":{"idSuffix":"I"}},"wdio_ui5_key":"sapm.SearchField{\"placeholder\":\"Search\"}"}]}
RESULT: undefined
COMMAND: POST /session/4a7493391aacd7fc37792e05064413e7/execute/async - {"script":"<script> [776 bytes]","args":[{"enterText":"4000360","selector":{"controlType":"sap.m.SearchField","properties":{"placeholder":"Search"},"searchOpenDialogs":true,"interaction":{"idSuffix":"I"}},"clearTextFirst":true,"interactionType":"ENTER_TEXT"}]}
RESULT: {"script":"<script> [776 bytes]","args":[{"enterText":"4000360","selector":{"controlType":"sap.m.SearchField","properties":{"placeholder":"Search"},"searchOpenDialogs":true,"interaction":{"idSuffix":"I"}},"clearTextFirst":true,"interactionType":"ENTER_TEXT"}]}
COMMAND: POST /session/4a7493391aacd7fc37792e05064413e7/actions - {"actions":[{"id":"action63","type":"key","parameters":{},"actions":[{"type":"keyDown","value":"î€‡"},{"type":"pause","duration":10},{"type":"keyUp","value":"î€‡"}]}]}
RESULT: {"actions":[{"id":"action63","type":"key","parameters":{},"actions":[{"type":"keyDown","value":"î€‡"},{"type":"pause","duration":10},{"type":"keyUp","value":"î€‡"}]}]}
COMMAND: GET /session/4a7493391aacd7fc37792e05064413e7/screenshot - {}
RESULT: {}
COMMAND: POST /session/4a7493391aacd7fc37792e05064413e7/element - {"using":"xpath","value":"//td/div/span[contains(text(), \"BGL Vehicles\")]"}
RESULT: {"using":"xpath","value":"//td/div/span[contains(text(), \"BGL Vehicles\")]"}
COMMAND: POST /session/4a7493391aacd7fc37792e05064413e7/element/f.E133658EE593DCD45430D97DE730ABAE.d.C5EA41F5A4CC7864A683F767220C472E.e.17257/click - {}
RESULT: {}
COMMAND: GET /session/4a7493391aacd7fc37792e05064413e7/screenshot - {}
RESULT: {}
COMMAND: POST /session/4a7493391aacd7fc37792e05064413e7/element - {"using":"xpath","value":"//bdi[contains(text(), \"OK\")]"}
RESULT: {"using":"xpath","value":"//bdi[contains(text(), \"OK\")]"}
COMMAND: POST /session/4a7493391aacd7fc37792e05064413e7/element/f.E133658EE593DCD45430D97DE730ABAE.d.C5EA41F5A4CC7864A683F767220C472E.e.17258/click - {}
RESULT: {}
COMMAND: GET /session/4a7493391aacd7fc37792e05064413e7/screenshot - {}
RESULT: {}
COMMAND: POST /session/4a7493391aacd7fc37792e05064413e7/execute/async - {"script":"<script> [1562 bytes]","args":[{"selector":{"id":"application-manageresources-display-component---newResourceUnit--newRRUPage-anchBar-application-manageresources-display-component---newResourceUnit--resource-anchor","interaction":{"idSuffix":"BDI-content"}},"wdio_ui5_key":"applicationmanageresources-display-component---newResourceUnit--newRRUPage-anchBar-application-manageresources-display-component---newResourceUnit--resource-anchor"}]}
RESULT: {"script":"<script> [1562 bytes]","args":[{"selector":{"id":"application-manageresources-display-component---newResourceUnit--newRRUPage-anchBar-application-manageresources-display-component---newResourceUnit--resource-anchor","interaction":{"idSuffix":"BDI-content"}},"wdio_ui5_key":"applicationmanageresources-display-component---newResourceUnit--newRRUPage-anchBar-application-manageresources-display-component---newResourceUnit--resource-anchor"}]}
RESULT: undefined
COMMAND: POST /session/4a7493391aacd7fc37792e05064413e7/element - {"using":"xpath","value":"//*[@id=\"application-manageresources-display-component---newResourceUnit--newRRUPage-anchBar-application-manageresources-display-component---newResourceUnit--resource-anchor\"]"}
RESULT: {"using":"xpath","value":"//*[@id=\"application-manageresources-display-component---newResourceUnit--newRRUPage-anchBar-application-manageresources-display-component---newResourceUnit--resource-anchor\"]"}
COMMAND: POST /session/4a7493391aacd7fc37792e05064413e7/element/f.E133658EE593DCD45430D97DE730ABAE.d.C5EA41F5A4CC7864A683F767220C472E.e.17262/click - {}
RESULT: {}
COMMAND: POST /session/4a7493391aacd7fc37792e05064413e7/execute/async - {"script":"<script> [1562 bytes]","args":[{"selector":{"id":"application-manageresources-display-component---newResourceUnit--PLANNED_DELIVERY_DATE","interaction":{"idSuffix":"inner"}},"wdio_ui5_key":"applicationmanageresources-display-component---newResourceUnit--PLANNED_DELIVERY_DATE"}]}
COMMAND: GET /session/4a7493391aacd7fc37792e05064413e7/screenshot - {}
RESULT: {"script":"<script> [1562 bytes]","args":[{"selector":{"id":"application-manageresources-display-component---newResourceUnit--PLANNED_DELIVERY_DATE","interaction":{"idSuffix":"inner"}},"wdio_ui5_key":"applicationmanageresources-display-component---newResourceUnit--PLANNED_DELIVERY_DATE"}]}
RESULT: undefined
COMMAND: POST /session/4a7493391aacd7fc37792e05064413e7/execute/async - {"script":"<script> [6424 bytes]","args":[{"element-6066-11e4-a52e-4f735466cecf":"f.E133658EE593DCD45430D97DE730ABAE.d.C5EA41F5A4CC7864A683F767220C472E.e.17120"},"setValue",["4/29/25"]]}
RESULT: {}
RESULT: {"script":"<script> [6424 bytes]","args":[{"element-6066-11e4-a52e-4f735466cecf":"f.E133658EE593DCD45430D97DE730ABAE.d.C5EA41F5A4CC7864A683F767220C472E.e.17120"},"setValue",["4/29/25"]]}
COMMAND: POST /session/4a7493391aacd7fc37792e05064413e7/element - {"using":"xpath","value":"//button[@data-kt=\"resourceUnitSaveButton\"]"}
RESULT: {"using":"xpath","value":"//button[@data-kt=\"resourceUnitSaveButton\"]"}
COMMAND: POST /session/4a7493391aacd7fc37792e05064413e7/element/f.E133658EE593DCD45430D97DE730ABAE.d.C5EA41F5A4CC7864A683F767220C472E.e.17081/click - {}
RESULT: {}
COMMAND: GET /session/4a7493391aacd7fc37792e05064413e7/screenshot - {}
RESULT: {}
COMMAND: POST /session/4a7493391aacd7fc37792e05064413e7/element - {"using":"xpath","value":"//bdi[contains(text(), \"Close\")]"}
RESULT: {"using":"xpath","value":"//bdi[contains(text(), \"Close\")]"}
COMMAND: POST /session/4a7493391aacd7fc37792e05064413e7/element/f.E133658EE593DCD45430D97DE730ABAE.d.C5EA41F5A4CC7864A683F767220C472E.e.17270/click - {}
RESULT: {}
COMMAND: GET /session/4a7493391aacd7fc37792e05064413e7/screenshot - {}
RESULT: {}
COMMAND: POST /session/4a7493391aacd7fc37792e05064413e7/element - {"using":"xpath","value":"(//button[contains(@id ,\"actionsToolbar-overflowButton\")])[1]"}
RESULT: {"using":"xpath","value":"(//button[contains(@id ,\"actionsToolbar-overflowButton\")])[1]"}
COMMAND: POST /session/4a7493391aacd7fc37792e05064413e7/element/f.E133658EE593DCD45430D97DE730ABAE.d.C5EA41F5A4CC7864A683F767220C472E.e.17325/click - {}
RESULT: {}
COMMAND: GET /session/4a7493391aacd7fc37792e05064413e7/screenshot - {}
RESULT: {}
COMMAND: POST /session/4a7493391aacd7fc37792e05064413e7/element - {"using":"xpath","value":"//button[@data-kt=\"priceInfoButton\"]"}
RESULT: {"using":"xpath","value":"//button[@data-kt=\"priceInfoButton\"]"}
COMMAND: POST /session/4a7493391aacd7fc37792e05064413e7/element/f.E133658EE593DCD45430D97DE730ABAE.d.C5EA41F5A4CC7864A683F767220C472E.e.17327/click - {}
RESULT: {}
COMMAND: GET /session/4a7493391aacd7fc37792e05064413e7/screenshot - {}
RESULT: {}
]]></system-out>
    </testcase>
    <testcase classname="chrome.135_0_7049_96.windows.Create_Reverse_Billing_US127248" name="Should create a pricing procedure" time="50.002">
      <system-out><![CDATA[
COMMAND: POST /session/4a7493391aacd7fc37792e05064413e7/element - {"using":"xpath","value":"//button[@data-kt=\"addButton\"]"}
RESULT: {"using":"xpath","value":"//button[@data-kt=\"addButton\"]"}
COMMAND: POST /session/4a7493391aacd7fc37792e05064413e7/elements - {"using":"xpath","value":"//button[@data-kt=\"addButton\"]"}
RESULT: {"using":"xpath","value":"//button[@data-kt=\"addButton\"]"}
COMMAND: POST /session/4a7493391aacd7fc37792e05064413e7/elements - {"using":"xpath","value":"//button[@data-kt=\"addButton\"]"}
RESULT: {"using":"xpath","value":"//button[@data-kt=\"addButton\"]"}
COMMAND: POST /session/4a7493391aacd7fc37792e05064413e7/element - {"using":"xpath","value":"//button[@data-kt=\"addButton\"]"}
RESULT: {"using":"xpath","value":"//button[@data-kt=\"addButton\"]"}
COMMAND: POST /session/4a7493391aacd7fc37792e05064413e7/execute/sync - {"script":"<script> [8489 bytes]","args":[{"element-6066-11e4-a52e-4f735466cecf":"f.E133658EE593DCD45430D97DE730ABAE.d.C5EA41F5A4CC7864A683F767220C472E.e.17363","ELEMENT":"f.E133658EE593DCD45430D97DE730ABAE.d.C5EA41F5A4CC7864A683F767220C472E.e.17363"}]}
RESULT: {"script":"<script> [8489 bytes]","args":[{"element-6066-11e4-a52e-4f735466cecf":"f.E133658EE593DCD45430D97DE730ABAE.d.C5EA41F5A4CC7864A683F767220C472E.e.17363","ELEMENT":"f.E133658EE593DCD45430D97DE730ABAE.d.C5EA41F5A4CC7864A683F767220C472E.e.17363"}]}
COMMAND: GET /session/4a7493391aacd7fc37792e05064413e7/element/f.E133658EE593DCD45430D97DE730ABAE.d.C5EA41F5A4CC7864A683F767220C472E.e.17363/enabled - {}
COMMAND: GET /session/4a7493391aacd7fc37792e05064413e7/screenshot - {}
RESULT: {}
COMMAND: POST /session/4a7493391aacd7fc37792e05064413e7/execute/sync - {"script":"<script> [8489 bytes]","args":[{"element-6066-11e4-a52e-4f735466cecf":"f.E133658EE593DCD45430D97DE730ABAE.d.C5EA41F5A4CC7864A683F767220C472E.e.17363","ELEMENT":"f.E133658EE593DCD45430D97DE730ABAE.d.C5EA41F5A4CC7864A683F767220C472E.e.17363"}]}
COMMAND: GET /session/4a7493391aacd7fc37792e05064413e7/screenshot - {}
RESULT: {}
RESULT: {"script":"<script> [8489 bytes]","args":[{"element-6066-11e4-a52e-4f735466cecf":"f.E133658EE593DCD45430D97DE730ABAE.d.C5EA41F5A4CC7864A683F767220C472E.e.17363","ELEMENT":"f.E133658EE593DCD45430D97DE730ABAE.d.C5EA41F5A4CC7864A683F767220C472E.e.17363"}]}
COMMAND: POST /session/4a7493391aacd7fc37792e05064413e7/execute/sync - {"script":"<script> [5351 bytes]","args":[{"element-6066-11e4-a52e-4f735466cecf":"f.E133658EE593DCD45430D97DE730ABAE.d.C5EA41F5A4CC7864A683F767220C472E.e.17363","ELEMENT":"f.E133658EE593DCD45430D97DE730ABAE.d.C5EA41F5A4CC7864A683F767220C472E.e.17363"}]}
COMMAND: GET /session/4a7493391aacd7fc37792e05064413e7/screenshot - {}
RESULT: {}
RESULT: {"script":"<script> [5351 bytes]","args":[{"element-6066-11e4-a52e-4f735466cecf":"f.E133658EE593DCD45430D97DE730ABAE.d.C5EA41F5A4CC7864A683F767220C472E.e.17363","ELEMENT":"f.E133658EE593DCD45430D97DE730ABAE.d.C5EA41F5A4CC7864A683F767220C472E.e.17363"}]}
COMMAND: POST /session/4a7493391aacd7fc37792e05064413e7/element/f.E133658EE593DCD45430D97DE730ABAE.d.C5EA41F5A4CC7864A683F767220C472E.e.17363/click - {}
COMMAND: GET /session/4a7493391aacd7fc37792e05064413e7/screenshot - {}
RESULT: {}
RESULT: {}
COMMAND: GET /session/4a7493391aacd7fc37792e05064413e7/screenshot - {}
RESULT: {}
RESULT: {}
COMMAND: POST /session/4a7493391aacd7fc37792e05064413e7/execute/async - {"script":"<script> [1562 bytes]","args":[{"selector":{"controlType":"sap.m.Title","viewName":"etm.portal.ui.managepricingrules.view.NewItem","viewId":"application-managepricingrules-display-component---newInfoPriceItem","properties":{"text":"New Pricing Rules - Item Level"}},"wdio_ui5_key":"etmportal.ui.managepricingrules.view.NewItemsap.m.Title{\"text\":\"New Pricing Rules - Item Level\"}"}]}
RESULT: {"script":"<script> [1562 bytes]","args":[{"selector":{"controlType":"sap.m.Title","viewName":"etm.portal.ui.managepricingrules.view.NewItem","viewId":"application-managepricingrules-display-component---newInfoPriceItem","properties":{"text":"New Pricing Rules - Item Level"}},"wdio_ui5_key":"etmportal.ui.managepricingrules.view.NewItemsap.m.Title{\"text\":\"New Pricing Rules - Item Level\"}"}]}
RESULT: undefined
COMMAND: POST /session/4a7493391aacd7fc37792e05064413e7/execute/async - {"script":"<script> [6424 bytes]","args":[{"element-6066-11e4-a52e-4f735466cecf":"f.E133658EE593DCD45430D97DE730ABAE.d.C5EA41F5A4CC7864A683F767220C472E.e.17533"},"getText",[]]}
RESULT: {"script":"<script> [6424 bytes]","args":[{"element-6066-11e4-a52e-4f735466cecf":"f.E133658EE593DCD45430D97DE730ABAE.d.C5EA41F5A4CC7864A683F767220C472E.e.17533"},"getText",[]]}
COMMAND: POST /session/4a7493391aacd7fc37792e05064413e7/execute/async - {"script":"<script> [1562 bytes]","args":[{"selector":{"id":"application-managepricingrules-display-component---newInfoPriceItem--condValidTo","interaction":{"idSuffix":"inner"}},"wdio_ui5_key":"applicationmanagepricingrules-display-component---newInfoPriceItem--condValidTo"}]}
RESULT: {"script":"<script> [1562 bytes]","args":[{"selector":{"id":"application-managepricingrules-display-component---newInfoPriceItem--condValidTo","interaction":{"idSuffix":"inner"}},"wdio_ui5_key":"applicationmanagepricingrules-display-component---newInfoPriceItem--condValidTo"}]}
RESULT: undefined
COMMAND: POST /session/4a7493391aacd7fc37792e05064413e7/execute/async - {"script":"<script> [776 bytes]","args":[{"enterText":"12/29/25","selector":{"id":"application-managepricingrules-display-component---newInfoPriceItem--condValidTo","interaction":{"idSuffix":"inner"}},"clearTextFirst":true,"interactionType":"ENTER_TEXT"}]}
RESULT: {"script":"<script> [776 bytes]","args":[{"enterText":"12/29/25","selector":{"id":"application-managepricingrules-display-component---newInfoPriceItem--condValidTo","interaction":{"idSuffix":"inner"}},"clearTextFirst":true,"interactionType":"ENTER_TEXT"}]}
COMMAND: POST /session/4a7493391aacd7fc37792e05064413e7/execute/async - {"script":"<script> [1562 bytes]","args":[{"selector":{"id":"application-managepricingrules-display-component---newInfoPriceItem--billType-arrow"},"wdio_ui5_key":"applicationmanagepricingrules-display-component---newInfoPriceItem--billType-arrow"}]}
RESULT: {"script":"<script> [1562 bytes]","args":[{"selector":{"id":"application-managepricingrules-display-component---newInfoPriceItem--billType-arrow"},"wdio_ui5_key":"applicationmanagepricingrules-display-component---newInfoPriceItem--billType-arrow"}]}
RESULT: undefined
COMMAND: POST /session/4a7493391aacd7fc37792e05064413e7/element - {"using":"xpath","value":"//*[@id=\"application-managepricingrules-display-component---newInfoPriceItem--billType-arrow\"]"}
RESULT: {"using":"xpath","value":"//*[@id=\"application-managepricingrules-display-component---newInfoPriceItem--billType-arrow\"]"}
COMMAND: POST /session/4a7493391aacd7fc37792e05064413e7/element/f.E133658EE593DCD45430D97DE730ABAE.d.C5EA41F5A4CC7864A683F767220C472E.e.17493/click - {}
RESULT: {}
COMMAND: POST /session/4a7493391aacd7fc37792e05064413e7/element - {"using":"xpath","value":"//span[contains(text(), \"TB - Time based\")]"}
COMMAND: GET /session/4a7493391aacd7fc37792e05064413e7/screenshot - {}
RESULT: {"using":"xpath","value":"//span[contains(text(), \"TB - Time based\")]"}
COMMAND: POST /session/4a7493391aacd7fc37792e05064413e7/element/f.E133658EE593DCD45430D97DE730ABAE.d.C5EA41F5A4CC7864A683F767220C472E.e.17535/click - {}
RESULT: {}
RESULT: {}
COMMAND: POST /session/4a7493391aacd7fc37792e05064413e7/execute/async - {"script":"<script> [1562 bytes]","args":[{"selector":{"id":"application-managepricingrules-display-component---newInfoPriceItem--priceProc-arrow"},"wdio_ui5_key":"applicationmanagepricingrules-display-component---newInfoPriceItem--priceProc-arrow"}]}
COMMAND: GET /session/4a7493391aacd7fc37792e05064413e7/screenshot - {}
RESULT: {"script":"<script> [1562 bytes]","args":[{"selector":{"id":"application-managepricingrules-display-component---newInfoPriceItem--priceProc-arrow"},"wdio_ui5_key":"applicationmanagepricingrules-display-component---newInfoPriceItem--priceProc-arrow"}]}
RESULT: undefined
COMMAND: POST /session/4a7493391aacd7fc37792e05064413e7/element - {"using":"xpath","value":"//*[@id=\"application-managepricingrules-display-component---newInfoPriceItem--priceProc-arrow\"]"}
RESULT: {}
RESULT: {"using":"xpath","value":"//*[@id=\"application-managepricingrules-display-component---newInfoPriceItem--priceProc-arrow\"]"}
COMMAND: POST /session/4a7493391aacd7fc37792e05064413e7/element/f.E133658EE593DCD45430D97DE730ABAE.d.C5EA41F5A4CC7864A683F767220C472E.e.17500/click - {}
RESULT: {}
COMMAND: POST /session/4a7493391aacd7fc37792e05064413e7/element - {"using":"xpath","value":"//span[contains(text(), \"TBS - Time based standard\")]"}
COMMAND: GET /session/4a7493391aacd7fc37792e05064413e7/screenshot - {}
RESULT: {"using":"xpath","value":"//span[contains(text(), \"TBS - Time based standard\")]"}
COMMAND: POST /session/4a7493391aacd7fc37792e05064413e7/element/f.E133658EE593DCD45430D97DE730ABAE.d.C5EA41F5A4CC7864A683F767220C472E.e.17536/click - {}
RESULT: {}
RESULT: {}
COMMAND: POST /session/4a7493391aacd7fc37792e05064413e7/execute/async - {"script":"<script> [1562 bytes]","args":[{"selector":{"id":"application-managepricingrules-display-component---newInfoPriceItem--calcBase-arrow"},"wdio_ui5_key":"applicationmanagepricingrules-display-component---newInfoPriceItem--calcBase-arrow"}]}
COMMAND: GET /session/4a7493391aacd7fc37792e05064413e7/screenshot - {}
RESULT: {"script":"<script> [1562 bytes]","args":[{"selector":{"id":"application-managepricingrules-display-component---newInfoPriceItem--calcBase-arrow"},"wdio_ui5_key":"applicationmanagepricingrules-display-component---newInfoPriceItem--calcBase-arrow"}]}
RESULT: undefined
COMMAND: POST /session/4a7493391aacd7fc37792e05064413e7/element - {"using":"xpath","value":"//*[@id=\"application-managepricingrules-display-component---newInfoPriceItem--calcBase-arrow\"]"}
RESULT: {}
RESULT: {"using":"xpath","value":"//*[@id=\"application-managepricingrules-display-component---newInfoPriceItem--calcBase-arrow\"]"}
COMMAND: POST /session/4a7493391aacd7fc37792e05064413e7/element/f.E133658EE593DCD45430D97DE730ABAE.d.C5EA41F5A4CC7864A683F767220C472E.e.17507/click - {}
RESULT: {}
COMMAND: GET /session/4a7493391aacd7fc37792e05064413e7/screenshot - {}
RESULT: {}
COMMAND: POST /session/4a7493391aacd7fc37792e05064413e7/element - {"using":"xpath","value":"//span[contains(text(), \"0006 - TB(calendar days)\")]"}
RESULT: {"using":"xpath","value":"//span[contains(text(), \"0006 - TB(calendar days)\")]"}
COMMAND: POST /session/4a7493391aacd7fc37792e05064413e7/element/f.E133658EE593DCD45430D97DE730ABAE.d.C5EA41F5A4CC7864A683F767220C472E.e.17537/click - {}
RESULT: {}
COMMAND: GET /session/4a7493391aacd7fc37792e05064413e7/screenshot - {}
RESULT: {}
COMMAND: POST /session/4a7493391aacd7fc37792e05064413e7/execute/async - {"script":"<script> [1562 bytes]","args":[{"selector":{"id":"application-managepricingrules-display-component---newInfoPriceItem--daysMonth","interaction":{"idSuffix":"inner"}},"wdio_ui5_key":"applicationmanagepricingrules-display-component---newInfoPriceItem--daysMonth"}]}
RESULT: {"script":"<script> [1562 bytes]","args":[{"selector":{"id":"application-managepricingrules-display-component---newInfoPriceItem--daysMonth","interaction":{"idSuffix":"inner"}},"wdio_ui5_key":"applicationmanagepricingrules-display-component---newInfoPriceItem--daysMonth"}]}
RESULT: undefined
COMMAND: POST /session/4a7493391aacd7fc37792e05064413e7/execute/async - {"script":"<script> [776 bytes]","args":[{"enterText":"30","selector":{"id":"application-managepricingrules-display-component---newInfoPriceItem--daysMonth","interaction":{"idSuffix":"inner"}},"clearTextFirst":true,"interactionType":"ENTER_TEXT"}]}
RESULT: {"script":"<script> [776 bytes]","args":[{"enterText":"30","selector":{"id":"application-managepricingrules-display-component---newInfoPriceItem--daysMonth","interaction":{"idSuffix":"inner"}},"clearTextFirst":true,"interactionType":"ENTER_TEXT"}]}
COMMAND: POST /session/4a7493391aacd7fc37792e05064413e7/element - {"using":"xpath","value":"//button[@data-kt=\"saveNewRuleButton\"]"}
RESULT: {"using":"xpath","value":"//button[@data-kt=\"saveNewRuleButton\"]"}
COMMAND: POST /session/4a7493391aacd7fc37792e05064413e7/element/f.E133658EE593DCD45430D97DE730ABAE.d.C5EA41F5A4CC7864A683F767220C472E.e.17527/click - {}
RESULT: {}
COMMAND: GET /session/4a7493391aacd7fc37792e05064413e7/screenshot - {}
RESULT: {}
COMMAND: POST /session/4a7493391aacd7fc37792e05064413e7/execute/async - {"script":"<script> [1562 bytes]","args":[{"selector":{"id":"application-managepricingrules-display-component---priceInfoItem--smartFilterBar-btnBasicSearch","interaction":{"idSuffix":"I"}},"wdio_ui5_key":"applicationmanagepricingrules-display-component---priceInfoItem--smartFilterBar-btnBasicSearch"}]}
RESULT: {"script":"<script> [1562 bytes]","args":[{"selector":{"id":"application-managepricingrules-display-component---priceInfoItem--smartFilterBar-btnBasicSearch","interaction":{"idSuffix":"I"}},"wdio_ui5_key":"applicationmanagepricingrules-display-component---priceInfoItem--smartFilterBar-btnBasicSearch"}]}
RESULT: undefined
COMMAND: POST /session/4a7493391aacd7fc37792e05064413e7/execute/async - {"script":"<script> [776 bytes]","args":[{"enterText":"wEohE1CueQ","selector":{"id":"application-managepricingrules-display-component---priceInfoItem--smartFilterBar-btnBasicSearch","interaction":{"idSuffix":"I"}},"clearTextFirst":true,"interactionType":"ENTER_TEXT"}]}
RESULT: {"script":"<script> [776 bytes]","args":[{"enterText":"wEohE1CueQ","selector":{"id":"application-managepricingrules-display-component---priceInfoItem--smartFilterBar-btnBasicSearch","interaction":{"idSuffix":"I"}},"clearTextFirst":true,"interactionType":"ENTER_TEXT"}]}
COMMAND: POST /session/4a7493391aacd7fc37792e05064413e7/actions - {"actions":[{"id":"action64","type":"key","parameters":{},"actions":[{"type":"keyDown","value":"î€‡"},{"type":"pause","duration":10},{"type":"keyUp","value":"î€‡"}]}]}
RESULT: {"actions":[{"id":"action64","type":"key","parameters":{},"actions":[{"type":"keyDown","value":"î€‡"},{"type":"pause","duration":10},{"type":"keyUp","value":"î€‡"}]}]}
COMMAND: GET /session/4a7493391aacd7fc37792e05064413e7/screenshot - {}
RESULT: {}
COMMAND: POST /session/4a7493391aacd7fc37792e05064413e7/element - {"using":"xpath","value":"//span[@id=\"application-managepricingrules-display-component---priceInfoItem--smartTable-header-inner\"]"}
RESULT: {"using":"xpath","value":"//span[@id=\"application-managepricingrules-display-component---priceInfoItem--smartTable-header-inner\"]"}
COMMAND: POST /session/4a7493391aacd7fc37792e05064413e7/elements - {"using":"xpath","value":"//span[@id=\"application-managepricingrules-display-component---priceInfoItem--smartTable-header-inner\"]"}
RESULT: {"using":"xpath","value":"//span[@id=\"application-managepricingrules-display-component---priceInfoItem--smartTable-header-inner\"]"}
COMMAND: POST /session/4a7493391aacd7fc37792e05064413e7/execute/sync - {"script":"<script> [56 bytes]","args":[{"element-6066-11e4-a52e-4f735466cecf":"f.E133658EE593DCD45430D97DE730ABAE.d.C5EA41F5A4CC7864A683F767220C472E.e.17551","ELEMENT":"f.E133658EE593DCD45430D97DE730ABAE.d.C5EA41F5A4CC7864A683F767220C472E.e.17551"}]}
RESULT: {"script":"<script> [56 bytes]","args":[{"element-6066-11e4-a52e-4f735466cecf":"f.E133658EE593DCD45430D97DE730ABAE.d.C5EA41F5A4CC7864A683F767220C472E.e.17551","ELEMENT":"f.E133658EE593DCD45430D97DE730ABAE.d.C5EA41F5A4CC7864A683F767220C472E.e.17551"}]}
COMMAND: POST /session/4a7493391aacd7fc37792e05064413e7/element - {"using":"css selector","value":"#shell-header-logo"}
COMMAND: GET /session/4a7493391aacd7fc37792e05064413e7/screenshot - {}
RESULT: {"using":"css selector","value":"#shell-header-logo"}
COMMAND: POST /session/4a7493391aacd7fc37792e05064413e7/element/f.E133658EE593DCD45430D97DE730ABAE.d.C5EA41F5A4CC7864A683F767220C472E.e.16667/click - {}
RESULT: {}
RESULT: {}
COMMAND: GET /session/4a7493391aacd7fc37792e05064413e7/screenshot - {}
RESULT: {}
]]></system-out>
    </testcase>
    <testcase classname="chrome.135_0_7049_96.windows.Create_Reverse_Billing_US127248" name="Should manage conditions" time="66.05">
      <system-out><![CDATA[
COMMAND: POST /session/4a7493391aacd7fc37792e05064413e7/execute/async - {"script":"<script> [1562 bytes]","args":[{"selector":{"controlType":"sap.m.Text","properties":{"text":"Manage Conditions & Prices"},"interaction":{"idSuffix":"inner"}},"wdio_ui5_key":"sapm.Text{\"text\":\"Manage Conditions & Prices\"}"}]}
RESULT: {"script":"<script> [1562 bytes]","args":[{"selector":{"controlType":"sap.m.Text","properties":{"text":"Manage Conditions & Prices"},"interaction":{"idSuffix":"inner"}},"wdio_ui5_key":"sapm.Text{\"text\":\"Manage Conditions & Prices\"}"}]}
RESULT: undefined
COMMAND: POST /session/4a7493391aacd7fc37792e05064413e7/element - {"using":"xpath","value":"//*[@id=\"__tile53-title\"]"}
RESULT: {"using":"xpath","value":"//*[@id=\"__tile53-title\"]"}
COMMAND: POST /session/4a7493391aacd7fc37792e05064413e7/element/f.E133658EE593DCD45430D97DE730ABAE.d.C5EA41F5A4CC7864A683F767220C472E.e.17554/click - {}
RESULT: {}
COMMAND: POST /session/4a7493391aacd7fc37792e05064413e7/element - {"using":"xpath","value":"//button[@aria-label=\"Create\"]"}
COMMAND: GET /session/4a7493391aacd7fc37792e05064413e7/screenshot - {}
RESULT: {"using":"xpath","value":"//button[@aria-label=\"Create\"]"}
COMMAND: POST /session/4a7493391aacd7fc37792e05064413e7/elements - {"using":"xpath","value":"//button[@aria-label=\"Create\"]"}
RESULT: {}
RESULT: {"using":"xpath","value":"//button[@aria-label=\"Create\"]"}
COMMAND: POST /session/4a7493391aacd7fc37792e05064413e7/elements - {"using":"xpath","value":"//button[@aria-label=\"Create\"]"}
RESULT: {"using":"xpath","value":"//button[@aria-label=\"Create\"]"}
COMMAND: POST /session/4a7493391aacd7fc37792e05064413e7/elements - {"using":"xpath","value":"//button[@aria-label=\"Create\"]"}
RESULT: {"using":"xpath","value":"//button[@aria-label=\"Create\"]"}
COMMAND: POST /session/4a7493391aacd7fc37792e05064413e7/elements - {"using":"xpath","value":"//button[@aria-label=\"Create\"]"}
RESULT: {"using":"xpath","value":"//button[@aria-label=\"Create\"]"}
COMMAND: POST /session/4a7493391aacd7fc37792e05064413e7/elements - {"using":"xpath","value":"//button[@aria-label=\"Create\"]"}
RESULT: {"using":"xpath","value":"//button[@aria-label=\"Create\"]"}
COMMAND: POST /session/4a7493391aacd7fc37792e05064413e7/elements - {"using":"xpath","value":"//button[@aria-label=\"Create\"]"}
RESULT: {"using":"xpath","value":"//button[@aria-label=\"Create\"]"}
COMMAND: POST /session/4a7493391aacd7fc37792e05064413e7/elements - {"using":"xpath","value":"//button[@aria-label=\"Create\"]"}
RESULT: {"using":"xpath","value":"//button[@aria-label=\"Create\"]"}
COMMAND: POST /session/4a7493391aacd7fc37792e05064413e7/elements - {"using":"xpath","value":"//button[@aria-label=\"Create\"]"}
RESULT: {"using":"xpath","value":"//button[@aria-label=\"Create\"]"}
COMMAND: POST /session/4a7493391aacd7fc37792e05064413e7/elements - {"using":"xpath","value":"//button[@aria-label=\"Create\"]"}
RESULT: {"using":"xpath","value":"//button[@aria-label=\"Create\"]"}
COMMAND: POST /session/4a7493391aacd7fc37792e05064413e7/elements - {"using":"xpath","value":"//button[@aria-label=\"Create\"]"}
RESULT: {"using":"xpath","value":"//button[@aria-label=\"Create\"]"}
COMMAND: POST /session/4a7493391aacd7fc37792e05064413e7/elements - {"using":"xpath","value":"//button[@aria-label=\"Create\"]"}
RESULT: {"using":"xpath","value":"//button[@aria-label=\"Create\"]"}
COMMAND: POST /session/4a7493391aacd7fc37792e05064413e7/elements - {"using":"xpath","value":"//button[@aria-label=\"Create\"]"}
RESULT: {"using":"xpath","value":"//button[@aria-label=\"Create\"]"}
COMMAND: POST /session/4a7493391aacd7fc37792e05064413e7/elements - {"using":"xpath","value":"//button[@aria-label=\"Create\"]"}
RESULT: {"using":"xpath","value":"//button[@aria-label=\"Create\"]"}
COMMAND: POST /session/4a7493391aacd7fc37792e05064413e7/elements - {"using":"xpath","value":"//button[@aria-label=\"Create\"]"}
RESULT: {"using":"xpath","value":"//button[@aria-label=\"Create\"]"}
COMMAND: POST /session/4a7493391aacd7fc37792e05064413e7/elements - {"using":"xpath","value":"//button[@aria-label=\"Create\"]"}
RESULT: {"using":"xpath","value":"//button[@aria-label=\"Create\"]"}
COMMAND: POST /session/4a7493391aacd7fc37792e05064413e7/element - {"using":"xpath","value":"//button[@aria-label=\"Create\"]"}
RESULT: {"using":"xpath","value":"//button[@aria-label=\"Create\"]"}
COMMAND: POST /session/4a7493391aacd7fc37792e05064413e7/execute/sync - {"script":"<script> [8489 bytes]","args":[{"element-6066-11e4-a52e-4f735466cecf":"f.E133658EE593DCD45430D97DE730ABAE.d.C5EA41F5A4CC7864A683F767220C472E.e.17588","ELEMENT":"f.E133658EE593DCD45430D97DE730ABAE.d.C5EA41F5A4CC7864A683F767220C472E.e.17588"}]}
RESULT: {"script":"<script> [8489 bytes]","args":[{"element-6066-11e4-a52e-4f735466cecf":"f.E133658EE593DCD45430D97DE730ABAE.d.C5EA41F5A4CC7864A683F767220C472E.e.17588","ELEMENT":"f.E133658EE593DCD45430D97DE730ABAE.d.C5EA41F5A4CC7864A683F767220C472E.e.17588"}]}
COMMAND: GET /session/4a7493391aacd7fc37792e05064413e7/element/f.E133658EE593DCD45430D97DE730ABAE.d.C5EA41F5A4CC7864A683F767220C472E.e.17588/enabled - {}
COMMAND: GET /session/4a7493391aacd7fc37792e05064413e7/screenshot - {}
RESULT: {}
COMMAND: POST /session/4a7493391aacd7fc37792e05064413e7/execute/sync - {"script":"<script> [8489 bytes]","args":[{"element-6066-11e4-a52e-4f735466cecf":"f.E133658EE593DCD45430D97DE730ABAE.d.C5EA41F5A4CC7864A683F767220C472E.e.17588","ELEMENT":"f.E133658EE593DCD45430D97DE730ABAE.d.C5EA41F5A4CC7864A683F767220C472E.e.17588"}]}
COMMAND: GET /session/4a7493391aacd7fc37792e05064413e7/screenshot - {}
RESULT: {}
RESULT: {"script":"<script> [8489 bytes]","args":[{"element-6066-11e4-a52e-4f735466cecf":"f.E133658EE593DCD45430D97DE730ABAE.d.C5EA41F5A4CC7864A683F767220C472E.e.17588","ELEMENT":"f.E133658EE593DCD45430D97DE730ABAE.d.C5EA41F5A4CC7864A683F767220C472E.e.17588"}]}
COMMAND: POST /session/4a7493391aacd7fc37792e05064413e7/execute/sync - {"script":"<script> [5351 bytes]","args":[{"element-6066-11e4-a52e-4f735466cecf":"f.E133658EE593DCD45430D97DE730ABAE.d.C5EA41F5A4CC7864A683F767220C472E.e.17588","ELEMENT":"f.E133658EE593DCD45430D97DE730ABAE.d.C5EA41F5A4CC7864A683F767220C472E.e.17588"}]}
COMMAND: GET /session/4a7493391aacd7fc37792e05064413e7/screenshot - {}
RESULT: {}
RESULT: {"script":"<script> [5351 bytes]","args":[{"element-6066-11e4-a52e-4f735466cecf":"f.E133658EE593DCD45430D97DE730ABAE.d.C5EA41F5A4CC7864A683F767220C472E.e.17588","ELEMENT":"f.E133658EE593DCD45430D97DE730ABAE.d.C5EA41F5A4CC7864A683F767220C472E.e.17588"}]}
COMMAND: POST /session/4a7493391aacd7fc37792e05064413e7/element/f.E133658EE593DCD45430D97DE730ABAE.d.C5EA41F5A4CC7864A683F767220C472E.e.17588/click - {}
COMMAND: GET /session/4a7493391aacd7fc37792e05064413e7/screenshot - {}
RESULT: {}
RESULT: {}
COMMAND: GET /session/4a7493391aacd7fc37792e05064413e7/screenshot - {}
RESULT: {}
RESULT: {}
COMMAND: POST /session/4a7493391aacd7fc37792e05064413e7/actions - {"actions":[{"id":"action65","type":"key","parameters":{},"actions":[{"type":"keyDown","value":"î€‡"},{"type":"pause","duration":10},{"type":"keyUp","value":"î€‡"}]}]}
RESULT: {"actions":[{"id":"action65","type":"key","parameters":{},"actions":[{"type":"keyDown","value":"î€‡"},{"type":"pause","duration":10},{"type":"keyUp","value":"î€‡"}]}]}
COMMAND: GET /session/4a7493391aacd7fc37792e05064413e7/screenshot - {}
RESULT: {}
COMMAND: POST /session/4a7493391aacd7fc37792e05064413e7/execute/async - {"script":"<script> [1562 bytes]","args":[{"selector":{"id":"application-manageconditionprice-display-component---newCondition--condBillCond-arrow"},"wdio_ui5_key":"applicationmanageconditionprice-display-component---newCondition--condBillCond-arrow"}]}
RESULT: {"script":"<script> [1562 bytes]","args":[{"selector":{"id":"application-manageconditionprice-display-component---newCondition--condBillCond-arrow"},"wdio_ui5_key":"applicationmanageconditionprice-display-component---newCondition--condBillCond-arrow"}]}
RESULT: undefined
COMMAND: POST /session/4a7493391aacd7fc37792e05064413e7/element - {"using":"xpath","value":"//*[@id=\"application-manageconditionprice-display-component---newCondition--condBillCond-arrow\"]"}
RESULT: {"using":"xpath","value":"//*[@id=\"application-manageconditionprice-display-component---newCondition--condBillCond-arrow\"]"}
COMMAND: POST /session/4a7493391aacd7fc37792e05064413e7/element/f.E133658EE593DCD45430D97DE730ABAE.d.C5EA41F5A4CC7864A683F767220C472E.e.17764/click - {}
RESULT: {}
COMMAND: GET /session/4a7493391aacd7fc37792e05064413e7/screenshot - {}
RESULT: {}
COMMAND: POST /session/4a7493391aacd7fc37792e05064413e7/element - {"using":"xpath","value":"//li[.//span[contains(text(), \"DISP - D&I special price\")]]"}
RESULT: {"using":"xpath","value":"//li[.//span[contains(text(), \"DISP - D&I special price\")]]"}
COMMAND: POST /session/4a7493391aacd7fc37792e05064413e7/element/f.E133658EE593DCD45430D97DE730ABAE.d.C5EA41F5A4CC7864A683F767220C472E.e.17767/click - {}
RESULT: {}
COMMAND: GET /session/4a7493391aacd7fc37792e05064413e7/screenshot - {}
RESULT: {}
COMMAND: POST /session/4a7493391aacd7fc37792e05064413e7/execute/async - {"script":"<script> [1562 bytes]","args":[{"selector":{"id":"application-manageconditionprice-display-component---newCondition--condValidTo","interaction":{"idSuffix":"inner"}},"wdio_ui5_key":"applicationmanageconditionprice-display-component---newCondition--condValidTo"}]}
RESULT: {"script":"<script> [1562 bytes]","args":[{"selector":{"id":"application-manageconditionprice-display-component---newCondition--condValidTo","interaction":{"idSuffix":"inner"}},"wdio_ui5_key":"applicationmanageconditionprice-display-component---newCondition--condValidTo"}]}
RESULT: undefined
COMMAND: POST /session/4a7493391aacd7fc37792e05064413e7/execute/async - {"script":"<script> [776 bytes]","args":[{"enterText":"12/29/25","selector":{"id":"application-manageconditionprice-display-component---newCondition--condValidTo","interaction":{"idSuffix":"inner"}},"clearTextFirst":true,"interactionType":"ENTER_TEXT"}]}
RESULT: {"script":"<script> [776 bytes]","args":[{"enterText":"12/29/25","selector":{"id":"application-manageconditionprice-display-component---newCondition--condValidTo","interaction":{"idSuffix":"inner"}},"clearTextFirst":true,"interactionType":"ENTER_TEXT"}]}
COMMAND: POST /session/4a7493391aacd7fc37792e05064413e7/element - {"using":"xpath","value":"//input[@id=\"application-manageconditionprice-display-component---newCondition--condRU-inner\"]"}
RESULT: {"using":"xpath","value":"//input[@id=\"application-manageconditionprice-display-component---newCondition--condRU-inner\"]"}
COMMAND: POST /session/4a7493391aacd7fc37792e05064413e7/element/f.E133658EE593DCD45430D97DE730ABAE.d.C5EA41F5A4CC7864A683F767220C472E.e.17630/clear - {}
RESULT: {}
COMMAND: POST /session/4a7493391aacd7fc37792e05064413e7/element/f.E133658EE593DCD45430D97DE730ABAE.d.C5EA41F5A4CC7864A683F767220C472E.e.17630/value - {"text":"wEohE1CueQ"}
COMMAND: GET /session/4a7493391aacd7fc37792e05064413e7/screenshot - {}
RESULT: {"text":"wEohE1CueQ"}
COMMAND: GET /session/4a7493391aacd7fc37792e05064413e7/screenshot - {}
RESULT: {}
RESULT: {}
COMMAND: POST /session/4a7493391aacd7fc37792e05064413e7/actions - {"actions":[{"id":"action66","type":"key","parameters":{},"actions":[{"type":"keyDown","value":"î€‡"},{"type":"pause","duration":10},{"type":"keyUp","value":"î€‡"}]}]}
RESULT: {"actions":[{"id":"action66","type":"key","parameters":{},"actions":[{"type":"keyDown","value":"î€‡"},{"type":"pause","duration":10},{"type":"keyUp","value":"î€‡"}]}]}
COMMAND: POST /session/4a7493391aacd7fc37792e05064413e7/execute/async - {"script":"<script> [1562 bytes]","args":[{"selector":{"id":"application-manageconditionprice-display-component---newCondition--condBaseQty","interaction":{"idSuffix":"inner"}},"wdio_ui5_key":"applicationmanageconditionprice-display-component---newCondition--condBaseQty"}]}
COMMAND: GET /session/4a7493391aacd7fc37792e05064413e7/screenshot - {}
RESULT: {"script":"<script> [1562 bytes]","args":[{"selector":{"id":"application-manageconditionprice-display-component---newCondition--condBaseQty","interaction":{"idSuffix":"inner"}},"wdio_ui5_key":"applicationmanageconditionprice-display-component---newCondition--condBaseQty"}]}
RESULT: undefined
COMMAND: POST /session/4a7493391aacd7fc37792e05064413e7/execute/async - {"script":"<script> [776 bytes]","args":[{"enterText":"1","selector":{"id":"application-manageconditionprice-display-component---newCondition--condBaseQty","interaction":{"idSuffix":"inner"}},"clearTextFirst":true,"interactionType":"ENTER_TEXT"}]}
RESULT: {}
RESULT: {"script":"<script> [776 bytes]","args":[{"enterText":"1","selector":{"id":"application-manageconditionprice-display-component---newCondition--condBaseQty","interaction":{"idSuffix":"inner"}},"clearTextFirst":true,"interactionType":"ENTER_TEXT"}]}
COMMAND: POST /session/4a7493391aacd7fc37792e05064413e7/execute/async - {"script":"<script> [1562 bytes]","args":[{"selector":{"id":"application-manageconditionprice-display-component---newCondition--condValue","interaction":{"idSuffix":"inner"}},"wdio_ui5_key":"applicationmanageconditionprice-display-component---newCondition--condValue"}]}
RESULT: {"script":"<script> [1562 bytes]","args":[{"selector":{"id":"application-manageconditionprice-display-component---newCondition--condValue","interaction":{"idSuffix":"inner"}},"wdio_ui5_key":"applicationmanageconditionprice-display-component---newCondition--condValue"}]}
RESULT: undefined
COMMAND: POST /session/4a7493391aacd7fc37792e05064413e7/execute/async - {"script":"<script> [776 bytes]","args":[{"enterText":"200","selector":{"id":"application-manageconditionprice-display-component---newCondition--condValue","interaction":{"idSuffix":"inner"}},"clearTextFirst":true,"interactionType":"ENTER_TEXT"}]}
RESULT: {"script":"<script> [776 bytes]","args":[{"enterText":"200","selector":{"id":"application-manageconditionprice-display-component---newCondition--condValue","interaction":{"idSuffix":"inner"}},"clearTextFirst":true,"interactionType":"ENTER_TEXT"}]}
COMMAND: POST /session/4a7493391aacd7fc37792e05064413e7/execute/async - {"script":"<script> [1562 bytes]","args":[{"selector":{"id":"application-manageconditionprice-display-component---newCondition--condCurr-arrow"},"wdio_ui5_key":"applicationmanageconditionprice-display-component---newCondition--condCurr-arrow"}]}
RESULT: {"script":"<script> [1562 bytes]","args":[{"selector":{"id":"application-manageconditionprice-display-component---newCondition--condCurr-arrow"},"wdio_ui5_key":"applicationmanageconditionprice-display-component---newCondition--condCurr-arrow"}]}
RESULT: undefined
COMMAND: POST /session/4a7493391aacd7fc37792e05064413e7/element - {"using":"xpath","value":"//*[@id=\"application-manageconditionprice-display-component---newCondition--condCurr-arrow\"]"}
RESULT: {"using":"xpath","value":"//*[@id=\"application-manageconditionprice-display-component---newCondition--condCurr-arrow\"]"}
COMMAND: POST /session/4a7493391aacd7fc37792e05064413e7/element/f.E133658EE593DCD45430D97DE730ABAE.d.C5EA41F5A4CC7864A683F767220C472E.e.17747/click - {}
RESULT: {}
COMMAND: POST /session/4a7493391aacd7fc37792e05064413e7/element - {"using":"xpath","value":"//span[contains(text(), \"Euro\")]"}
COMMAND: GET /session/4a7493391aacd7fc37792e05064413e7/screenshot - {}
RESULT: {"using":"xpath","value":"//span[contains(text(), \"Euro\")]"}
COMMAND: POST /session/4a7493391aacd7fc37792e05064413e7/element/f.E133658EE593DCD45430D97DE730ABAE.d.C5EA41F5A4CC7864A683F767220C472E.e.17804/click - {}
RESULT: {}
RESULT: {}
COMMAND: POST /session/4a7493391aacd7fc37792e05064413e7/element - {"using":"xpath","value":"//button[@data-kt=\"saveButton\"]"}
COMMAND: GET /session/4a7493391aacd7fc37792e05064413e7/screenshot - {}
RESULT: {"using":"xpath","value":"//button[@data-kt=\"saveButton\"]"}
COMMAND: POST /session/4a7493391aacd7fc37792e05064413e7/element/f.E133658EE593DCD45430D97DE730ABAE.d.C5EA41F5A4CC7864A683F767220C472E.e.17748/click - {}
RESULT: {}
RESULT: {}
COMMAND: GET /session/4a7493391aacd7fc37792e05064413e7/screenshot - {}
RESULT: {}
COMMAND: POST /session/4a7493391aacd7fc37792e05064413e7/execute/async - {"script":"<script> [1562 bytes]","args":[{"selector":{"id":"application-manageconditionprice-display-component---conditions--smartFilterBar-btnBasicSearch","interaction":{"idSuffix":"I"}},"wdio_ui5_key":"applicationmanageconditionprice-display-component---conditions--smartFilterBar-btnBasicSearch"}]}
RESULT: {"script":"<script> [1562 bytes]","args":[{"selector":{"id":"application-manageconditionprice-display-component---conditions--smartFilterBar-btnBasicSearch","interaction":{"idSuffix":"I"}},"wdio_ui5_key":"applicationmanageconditionprice-display-component---conditions--smartFilterBar-btnBasicSearch"}]}
RESULT: undefined
COMMAND: POST /session/4a7493391aacd7fc37792e05064413e7/execute/async - {"script":"<script> [776 bytes]","args":[{"enterText":"wEohE1CueQ","selector":{"id":"application-manageconditionprice-display-component---conditions--smartFilterBar-btnBasicSearch","interaction":{"idSuffix":"I"}},"clearTextFirst":true,"interactionType":"ENTER_TEXT"}]}
RESULT: {"script":"<script> [776 bytes]","args":[{"enterText":"wEohE1CueQ","selector":{"id":"application-manageconditionprice-display-component---conditions--smartFilterBar-btnBasicSearch","interaction":{"idSuffix":"I"}},"clearTextFirst":true,"interactionType":"ENTER_TEXT"}]}
COMMAND: POST /session/4a7493391aacd7fc37792e05064413e7/actions - {"actions":[{"id":"action67","type":"key","parameters":{},"actions":[{"type":"keyDown","value":"î€‡"},{"type":"pause","duration":10},{"type":"keyUp","value":"î€‡"}]}]}
RESULT: {"actions":[{"id":"action67","type":"key","parameters":{},"actions":[{"type":"keyDown","value":"î€‡"},{"type":"pause","duration":10},{"type":"keyUp","value":"î€‡"}]}]}
COMMAND: GET /session/4a7493391aacd7fc37792e05064413e7/screenshot - {}
RESULT: {}
COMMAND: POST /session/4a7493391aacd7fc37792e05064413e7/execute/async - {"script":"<script> [1562 bytes]","args":[{"selector":{"id":"application-manageconditionprice-display-component---conditions--smartFilterBar-filterItemControl_BASIC-BILL_TYPES-vhi"},"wdio_ui5_key":"applicationmanageconditionprice-display-component---conditions--smartFilterBar-filterItemControl_BASIC-BILL_TYPES-vhi"}]}
RESULT: {"script":"<script> [1562 bytes]","args":[{"selector":{"id":"application-manageconditionprice-display-component---conditions--smartFilterBar-filterItemControl_BASIC-BILL_TYPES-vhi"},"wdio_ui5_key":"applicationmanageconditionprice-display-component---conditions--smartFilterBar-filterItemControl_BASIC-BILL_TYPES-vhi"}]}
RESULT: undefined
COMMAND: POST /session/4a7493391aacd7fc37792e05064413e7/element - {"using":"xpath","value":"//*[@id=\"application-manageconditionprice-display-component---conditions--smartFilterBar-filterItemControl_BASIC-BILL_TYPES-vhi\"]"}
RESULT: {"using":"xpath","value":"//*[@id=\"application-manageconditionprice-display-component---conditions--smartFilterBar-filterItemControl_BASIC-BILL_TYPES-vhi\"]"}
COMMAND: POST /session/4a7493391aacd7fc37792e05064413e7/element/f.E133658EE593DCD45430D97DE730ABAE.d.C5EA41F5A4CC7864A683F767220C472E.e.17821/click - {}
RESULT: {}
COMMAND: POST /session/4a7493391aacd7fc37792e05064413e7/execute/async - {"script":"<script> [1562 bytes]","args":[{"selector":{"id":"application-manageconditionprice-display-component---conditions--smartFilterBar-filterItemControl_BASIC-BILL_TYPES-valueHelpDialog-smartFilterBar-btnBasicSearch","searchOpenDialogs":true,"interaction":{"idSuffix":"I"}},"wdio_ui5_key":"applicationmanageconditionprice-display-component---conditions--smartFilterBar-filterItemControl_BASIC-BILL_TYPES-valueHelpDialog-smartFilterBar-btnBasicSearch"}]}
COMMAND: GET /session/4a7493391aacd7fc37792e05064413e7/screenshot - {}
RESULT: {"script":"<script> [1562 bytes]","args":[{"selector":{"id":"application-manageconditionprice-display-component---conditions--smartFilterBar-filterItemControl_BASIC-BILL_TYPES-valueHelpDialog-smartFilterBar-btnBasicSearch","searchOpenDialogs":true,"interaction":{"idSuffix":"I"}},"wdio_ui5_key":"applicationmanageconditionprice-display-component---conditions--smartFilterBar-filterItemControl_BASIC-BILL_TYPES-valueHelpDialog-smartFilterBar-btnBasicSearch"}]}
RESULT: undefined
COMMAND: POST /session/4a7493391aacd7fc37792e05064413e7/execute/async - {"script":"<script> [776 bytes]","args":[{"enterText":"TB","selector":{"id":"application-manageconditionprice-display-component---conditions--smartFilterBar-filterItemControl_BASIC-BILL_TYPES-valueHelpDialog-smartFilterBar-btnBasicSearch","searchOpenDialogs":true,"interaction":{"idSuffix":"I"}},"clearTextFirst":true,"interactionType":"ENTER_TEXT"}]}
RESULT: {}
RESULT: {"script":"<script> [776 bytes]","args":[{"enterText":"TB","selector":{"id":"application-manageconditionprice-display-component---conditions--smartFilterBar-filterItemControl_BASIC-BILL_TYPES-valueHelpDialog-smartFilterBar-btnBasicSearch","searchOpenDialogs":true,"interaction":{"idSuffix":"I"}},"clearTextFirst":true,"interactionType":"ENTER_TEXT"}]}
COMMAND: POST /session/4a7493391aacd7fc37792e05064413e7/actions - {"actions":[{"id":"action68","type":"key","parameters":{},"actions":[{"type":"keyDown","value":"î€‡"},{"type":"pause","duration":10},{"type":"keyUp","value":"î€‡"}]}]}
RESULT: {"actions":[{"id":"action68","type":"key","parameters":{},"actions":[{"type":"keyDown","value":"î€‡"},{"type":"pause","duration":10},{"type":"keyUp","value":"î€‡"}]}]}
COMMAND: GET /session/4a7493391aacd7fc37792e05064413e7/screenshot - {}
RESULT: {}
COMMAND: POST /session/4a7493391aacd7fc37792e05064413e7/element - {"using":"xpath","value":"//div[contains(@id, 'application-manageconditionprice-display-component---conditions--smartFilterBar-filterItemControl_BASIC-BILL_TYPES-valueHelpDialog-table-rowsel0')]"}
RESULT: {"using":"xpath","value":"//div[contains(@id, 'application-manageconditionprice-display-component---conditions--smartFilterBar-filterItemControl_BASIC-BILL_TYPES-valueHelpDialog-table-rowsel0')]"}
COMMAND: POST /session/4a7493391aacd7fc37792e05064413e7/element/f.E133658EE593DCD45430D97DE730ABAE.d.C5EA41F5A4CC7864A683F767220C472E.e.17829/click - {}
RESULT: {}
COMMAND: GET /session/4a7493391aacd7fc37792e05064413e7/screenshot - {}
RESULT: {}
COMMAND: POST /session/4a7493391aacd7fc37792e05064413e7/element - {"using":"xpath","value":"//bdi[contains(text(), \"OK\")]"}
RESULT: {"using":"xpath","value":"//bdi[contains(text(), \"OK\")]"}
COMMAND: POST /session/4a7493391aacd7fc37792e05064413e7/element/f.E133658EE593DCD45430D97DE730ABAE.d.C5EA41F5A4CC7864A683F767220C472E.e.17831/click - {}
RESULT: {}
COMMAND: GET /session/4a7493391aacd7fc37792e05064413e7/screenshot - {}
RESULT: {}
COMMAND: POST /session/4a7493391aacd7fc37792e05064413e7/element - {"using":"xpath","value":"//span[@id=\"application-manageconditionprice-display-component---conditions--smartTable-header-inner\"]"}
RESULT: {"using":"xpath","value":"//span[@id=\"application-manageconditionprice-display-component---conditions--smartTable-header-inner\"]"}
COMMAND: POST /session/4a7493391aacd7fc37792e05064413e7/elements - {"using":"xpath","value":"//span[@id=\"application-manageconditionprice-display-component---conditions--smartTable-header-inner\"]"}
RESULT: {"using":"xpath","value":"//span[@id=\"application-manageconditionprice-display-component---conditions--smartTable-header-inner\"]"}
COMMAND: POST /session/4a7493391aacd7fc37792e05064413e7/execute/sync - {"script":"<script> [56 bytes]","args":[{"element-6066-11e4-a52e-4f735466cecf":"f.E133658EE593DCD45430D97DE730ABAE.d.C5EA41F5A4CC7864A683F767220C472E.e.17834","ELEMENT":"f.E133658EE593DCD45430D97DE730ABAE.d.C5EA41F5A4CC7864A683F767220C472E.e.17834"}]}
RESULT: {"script":"<script> [56 bytes]","args":[{"element-6066-11e4-a52e-4f735466cecf":"f.E133658EE593DCD45430D97DE730ABAE.d.C5EA41F5A4CC7864A683F767220C472E.e.17834","ELEMENT":"f.E133658EE593DCD45430D97DE730ABAE.d.C5EA41F5A4CC7864A683F767220C472E.e.17834"}]}
COMMAND: POST /session/4a7493391aacd7fc37792e05064413e7/element - {"using":"css selector","value":"#shell-header-logo"}
COMMAND: GET /session/4a7493391aacd7fc37792e05064413e7/screenshot - {}
RESULT: {"using":"css selector","value":"#shell-header-logo"}
COMMAND: POST /session/4a7493391aacd7fc37792e05064413e7/element/f.E133658EE593DCD45430D97DE730ABAE.d.C5EA41F5A4CC7864A683F767220C472E.e.17556/click - {}
RESULT: {}
RESULT: {}
COMMAND: GET /session/4a7493391aacd7fc37792e05064413e7/screenshot - {}
RESULT: {}
]]></system-out>
    </testcase>
    <testcase classname="chrome.135_0_7049_96.windows.Create_Reverse_Billing_US127248" name="Should do a stock increase handover" time="75.953">
      <system-out><![CDATA[
COMMAND: POST /session/4a7493391aacd7fc37792e05064413e7/execute/async - {"script":"<script> [1562 bytes]","args":[{"selector":{"controlType":"sap.m.Text","viewName":"etm.portal.ui.managehandoverstile.view.Master","properties":{"text":"Manage Handovers"},"interaction":{"idSuffix":"inner"}},"wdio_ui5_key":"etmportal.ui.managehandoverstile.view.Mastersap.m.Text{\"text\":\"Manage Handovers\"}"}]}
RESULT: {"script":"<script> [1562 bytes]","args":[{"selector":{"controlType":"sap.m.Text","viewName":"etm.portal.ui.managehandoverstile.view.Master","properties":{"text":"Manage Handovers"},"interaction":{"idSuffix":"inner"}},"wdio_ui5_key":"etmportal.ui.managehandoverstile.view.Mastersap.m.Text{\"text\":\"Manage Handovers\"}"}]}
RESULT: undefined
COMMAND: POST /session/4a7493391aacd7fc37792e05064413e7/element - {"using":"xpath","value":"//*[@id=\"__tile132-title\"]"}
RESULT: {"using":"xpath","value":"//*[@id=\"__tile132-title\"]"}
COMMAND: POST /session/4a7493391aacd7fc37792e05064413e7/element/f.E133658EE593DCD45430D97DE730ABAE.d.C5EA41F5A4CC7864A683F767220C472E.e.17839/click - {}
RESULT: {}
COMMAND: POST /session/4a7493391aacd7fc37792e05064413e7/element - {"using":"xpath","value":"//button[@data-kt=\"masterHOAddButton\"]"}
COMMAND: GET /session/4a7493391aacd7fc37792e05064413e7/screenshot - {}
RESULT: {"using":"xpath","value":"//button[@data-kt=\"masterHOAddButton\"]"}
COMMAND: POST /session/4a7493391aacd7fc37792e05064413e7/elements - {"using":"xpath","value":"//button[@data-kt=\"masterHOAddButton\"]"}
RESULT: {}
RESULT: {"using":"xpath","value":"//button[@data-kt=\"masterHOAddButton\"]"}
COMMAND: POST /session/4a7493391aacd7fc37792e05064413e7/elements - {"using":"xpath","value":"//button[@data-kt=\"masterHOAddButton\"]"}
RESULT: {"using":"xpath","value":"//button[@data-kt=\"masterHOAddButton\"]"}
COMMAND: POST /session/4a7493391aacd7fc37792e05064413e7/elements - {"using":"xpath","value":"//button[@data-kt=\"masterHOAddButton\"]"}
RESULT: {"using":"xpath","value":"//button[@data-kt=\"masterHOAddButton\"]"}
COMMAND: POST /session/4a7493391aacd7fc37792e05064413e7/elements - {"using":"xpath","value":"//button[@data-kt=\"masterHOAddButton\"]"}
RESULT: {"using":"xpath","value":"//button[@data-kt=\"masterHOAddButton\"]"}
COMMAND: POST /session/4a7493391aacd7fc37792e05064413e7/elements - {"using":"xpath","value":"//button[@data-kt=\"masterHOAddButton\"]"}
RESULT: {"using":"xpath","value":"//button[@data-kt=\"masterHOAddButton\"]"}
COMMAND: POST /session/4a7493391aacd7fc37792e05064413e7/elements - {"using":"xpath","value":"//button[@data-kt=\"masterHOAddButton\"]"}
RESULT: {"using":"xpath","value":"//button[@data-kt=\"masterHOAddButton\"]"}
COMMAND: POST /session/4a7493391aacd7fc37792e05064413e7/elements - {"using":"xpath","value":"//button[@data-kt=\"masterHOAddButton\"]"}
RESULT: {"using":"xpath","value":"//button[@data-kt=\"masterHOAddButton\"]"}
COMMAND: POST /session/4a7493391aacd7fc37792e05064413e7/elements - {"using":"xpath","value":"//button[@data-kt=\"masterHOAddButton\"]"}
RESULT: {"using":"xpath","value":"//button[@data-kt=\"masterHOAddButton\"]"}
COMMAND: POST /session/4a7493391aacd7fc37792e05064413e7/elements - {"using":"xpath","value":"//button[@data-kt=\"masterHOAddButton\"]"}
RESULT: {"using":"xpath","value":"//button[@data-kt=\"masterHOAddButton\"]"}
COMMAND: POST /session/4a7493391aacd7fc37792e05064413e7/elements - {"using":"xpath","value":"//button[@data-kt=\"masterHOAddButton\"]"}
RESULT: {"using":"xpath","value":"//button[@data-kt=\"masterHOAddButton\"]"}
COMMAND: POST /session/4a7493391aacd7fc37792e05064413e7/elements - {"using":"xpath","value":"//button[@data-kt=\"masterHOAddButton\"]"}
RESULT: {"using":"xpath","value":"//button[@data-kt=\"masterHOAddButton\"]"}
COMMAND: POST /session/4a7493391aacd7fc37792e05064413e7/elements - {"using":"xpath","value":"//button[@data-kt=\"masterHOAddButton\"]"}
RESULT: {"using":"xpath","value":"//button[@data-kt=\"masterHOAddButton\"]"}
COMMAND: POST /session/4a7493391aacd7fc37792e05064413e7/elements - {"using":"xpath","value":"//button[@data-kt=\"masterHOAddButton\"]"}
RESULT: {"using":"xpath","value":"//button[@data-kt=\"masterHOAddButton\"]"}
COMMAND: POST /session/4a7493391aacd7fc37792e05064413e7/elements - {"using":"xpath","value":"//button[@data-kt=\"masterHOAddButton\"]"}
RESULT: {"using":"xpath","value":"//button[@data-kt=\"masterHOAddButton\"]"}
COMMAND: POST /session/4a7493391aacd7fc37792e05064413e7/elements - {"using":"xpath","value":"//button[@data-kt=\"masterHOAddButton\"]"}
RESULT: {"using":"xpath","value":"//button[@data-kt=\"masterHOAddButton\"]"}
COMMAND: POST /session/4a7493391aacd7fc37792e05064413e7/elements - {"using":"xpath","value":"//button[@data-kt=\"masterHOAddButton\"]"}
RESULT: {"using":"xpath","value":"//button[@data-kt=\"masterHOAddButton\"]"}
COMMAND: POST /session/4a7493391aacd7fc37792e05064413e7/element - {"using":"xpath","value":"//button[@data-kt=\"masterHOAddButton\"]"}
RESULT: {"using":"xpath","value":"//button[@data-kt=\"masterHOAddButton\"]"}
COMMAND: POST /session/4a7493391aacd7fc37792e05064413e7/execute/sync - {"script":"<script> [8489 bytes]","args":[{"element-6066-11e4-a52e-4f735466cecf":"f.E133658EE593DCD45430D97DE730ABAE.d.C5EA41F5A4CC7864A683F767220C472E.e.17865","ELEMENT":"f.E133658EE593DCD45430D97DE730ABAE.d.C5EA41F5A4CC7864A683F767220C472E.e.17865"}]}
RESULT: {"script":"<script> [8489 bytes]","args":[{"element-6066-11e4-a52e-4f735466cecf":"f.E133658EE593DCD45430D97DE730ABAE.d.C5EA41F5A4CC7864A683F767220C472E.e.17865","ELEMENT":"f.E133658EE593DCD45430D97DE730ABAE.d.C5EA41F5A4CC7864A683F767220C472E.e.17865"}]}
COMMAND: GET /session/4a7493391aacd7fc37792e05064413e7/element/f.E133658EE593DCD45430D97DE730ABAE.d.C5EA41F5A4CC7864A683F767220C472E.e.17865/enabled - {}
COMMAND: GET /session/4a7493391aacd7fc37792e05064413e7/screenshot - {}
RESULT: {}
COMMAND: POST /session/4a7493391aacd7fc37792e05064413e7/execute/sync - {"script":"<script> [8489 bytes]","args":[{"element-6066-11e4-a52e-4f735466cecf":"f.E133658EE593DCD45430D97DE730ABAE.d.C5EA41F5A4CC7864A683F767220C472E.e.17865","ELEMENT":"f.E133658EE593DCD45430D97DE730ABAE.d.C5EA41F5A4CC7864A683F767220C472E.e.17865"}]}
COMMAND: GET /session/4a7493391aacd7fc37792e05064413e7/screenshot - {}
RESULT: {}
RESULT: {"script":"<script> [8489 bytes]","args":[{"element-6066-11e4-a52e-4f735466cecf":"f.E133658EE593DCD45430D97DE730ABAE.d.C5EA41F5A4CC7864A683F767220C472E.e.17865","ELEMENT":"f.E133658EE593DCD45430D97DE730ABAE.d.C5EA41F5A4CC7864A683F767220C472E.e.17865"}]}
COMMAND: POST /session/4a7493391aacd7fc37792e05064413e7/execute/sync - {"script":"<script> [5351 bytes]","args":[{"element-6066-11e4-a52e-4f735466cecf":"f.E133658EE593DCD45430D97DE730ABAE.d.C5EA41F5A4CC7864A683F767220C472E.e.17865","ELEMENT":"f.E133658EE593DCD45430D97DE730ABAE.d.C5EA41F5A4CC7864A683F767220C472E.e.17865"}]}
COMMAND: GET /session/4a7493391aacd7fc37792e05064413e7/screenshot - {}
RESULT: {}
RESULT: {"script":"<script> [5351 bytes]","args":[{"element-6066-11e4-a52e-4f735466cecf":"f.E133658EE593DCD45430D97DE730ABAE.d.C5EA41F5A4CC7864A683F767220C472E.e.17865","ELEMENT":"f.E133658EE593DCD45430D97DE730ABAE.d.C5EA41F5A4CC7864A683F767220C472E.e.17865"}]}
COMMAND: POST /session/4a7493391aacd7fc37792e05064413e7/element/f.E133658EE593DCD45430D97DE730ABAE.d.C5EA41F5A4CC7864A683F767220C472E.e.17865/click - {}
COMMAND: GET /session/4a7493391aacd7fc37792e05064413e7/screenshot - {}
RESULT: {}
RESULT: {}
COMMAND: GET /session/4a7493391aacd7fc37792e05064413e7/screenshot - {}
RESULT: {}
COMMAND: POST /session/4a7493391aacd7fc37792e05064413e7/element - {"using":"xpath","value":"//span[contains(@id ,\"AddNewHO--typeSelect-arrow\")]"}
RESULT: {}
RESULT: {"using":"xpath","value":"//span[contains(@id ,\"AddNewHO--typeSelect-arrow\")]"}
COMMAND: POST /session/4a7493391aacd7fc37792e05064413e7/element/f.E133658EE593DCD45430D97DE730ABAE.d.C5EA41F5A4CC7864A683F767220C472E.e.18233/click - {}
RESULT: {}
COMMAND: GET /session/4a7493391aacd7fc37792e05064413e7/screenshot - {}
RESULT: {}
COMMAND: POST /session/4a7493391aacd7fc37792e05064413e7/element - {"using":"xpath","value":"(//li[contains(text(), \"stock increase yard\")])[1]"}
RESULT: {"using":"xpath","value":"(//li[contains(text(), \"stock increase yard\")])[1]"}
COMMAND: POST /session/4a7493391aacd7fc37792e05064413e7/element/f.E133658EE593DCD45430D97DE730ABAE.d.C5EA41F5A4CC7864A683F767220C472E.e.18234/click - {}
RESULT: {}
COMMAND: GET /session/4a7493391aacd7fc37792e05064413e7/screenshot - {}
RESULT: {}
COMMAND: POST /session/4a7493391aacd7fc37792e05064413e7/execute/async - {"script":"<script> [1562 bytes]","args":[{"selector":{"id":"application-managehandovers-display-component---AddNewHO--dueDate","interaction":{"idSuffix":"inner"}},"wdio_ui5_key":"applicationmanagehandovers-display-component---AddNewHO--dueDate"}]}
RESULT: {"script":"<script> [1562 bytes]","args":[{"selector":{"id":"application-managehandovers-display-component---AddNewHO--dueDate","interaction":{"idSuffix":"inner"}},"wdio_ui5_key":"applicationmanagehandovers-display-component---AddNewHO--dueDate"}]}
RESULT: undefined
COMMAND: POST /session/4a7493391aacd7fc37792e05064413e7/execute/async - {"script":"<script> [6424 bytes]","args":[{"element-6066-11e4-a52e-4f735466cecf":"f.E133658EE593DCD45430D97DE730ABAE.d.C5EA41F5A4CC7864A683F767220C472E.e.18236"},"setValue",["04/29/2025"]]}
RESULT: {"script":"<script> [6424 bytes]","args":[{"element-6066-11e4-a52e-4f735466cecf":"f.E133658EE593DCD45430D97DE730ABAE.d.C5EA41F5A4CC7864A683F767220C472E.e.18236"},"setValue",["04/29/2025"]]}
COMMAND: POST /session/4a7493391aacd7fc37792e05064413e7/element - {"using":"xpath","value":"//input[@id=\"generalSectionFrg--receiveYard-inner\"]"}
RESULT: {"using":"xpath","value":"//input[@id=\"generalSectionFrg--receiveYard-inner\"]"}
COMMAND: POST /session/4a7493391aacd7fc37792e05064413e7/element/f.E133658EE593DCD45430D97DE730ABAE.d.C5EA41F5A4CC7864A683F767220C472E.e.18242/clear - {}
RESULT: {}
COMMAND: POST /session/4a7493391aacd7fc37792e05064413e7/element/f.E133658EE593DCD45430D97DE730ABAE.d.C5EA41F5A4CC7864A683F767220C472E.e.18242/value - {"text":"417"}
COMMAND: GET /session/4a7493391aacd7fc37792e05064413e7/screenshot - {}
RESULT: {"text":"417"}
COMMAND: GET /session/4a7493391aacd7fc37792e05064413e7/screenshot - {}
RESULT: {}
RESULT: {}
COMMAND: POST /session/4a7493391aacd7fc37792e05064413e7/element - {"using":"xpath","value":"//li[.//span[text()='417']]"}
RESULT: {"using":"xpath","value":"//li[.//span[text()='417']]"}
COMMAND: POST /session/4a7493391aacd7fc37792e05064413e7/element/f.E133658EE593DCD45430D97DE730ABAE.d.C5EA41F5A4CC7864A683F767220C472E.e.18258/click - {}
RESULT: {}
COMMAND: GET /session/4a7493391aacd7fc37792e05064413e7/screenshot - {}
RESULT: {}
COMMAND: POST /session/4a7493391aacd7fc37792e05064413e7/execute/async - {"script":"<script> [1562 bytes]","args":[{"selector":{"id":"application-managehandovers-display-component---AddNewHO--ObjectPageLayout-anchBar-application-managehandovers-display-component---AddNewHO--section4-anchor","interaction":{"idSuffix":"BDI-content"}},"wdio_ui5_key":"applicationmanagehandovers-display-component---AddNewHO--ObjectPageLayout-anchBar-application-managehandovers-display-component---AddNewHO--section4-anchor"}]}
RESULT: {"script":"<script> [1562 bytes]","args":[{"selector":{"id":"application-managehandovers-display-component---AddNewHO--ObjectPageLayout-anchBar-application-managehandovers-display-component---AddNewHO--section4-anchor","interaction":{"idSuffix":"BDI-content"}},"wdio_ui5_key":"applicationmanagehandovers-display-component---AddNewHO--ObjectPageLayout-anchBar-application-managehandovers-display-component---AddNewHO--section4-anchor"}]}
RESULT: undefined
COMMAND: POST /session/4a7493391aacd7fc37792e05064413e7/element - {"using":"xpath","value":"//*[@id=\"application-managehandovers-display-component---AddNewHO--ObjectPageLayout-anchBar-application-managehandovers-display-component---AddNewHO--section4-anchor\"]"}
RESULT: {"using":"xpath","value":"//*[@id=\"application-managehandovers-display-component---AddNewHO--ObjectPageLayout-anchBar-application-managehandovers-display-component---AddNewHO--section4-anchor\"]"}
COMMAND: POST /session/4a7493391aacd7fc37792e05064413e7/element/f.E133658EE593DCD45430D97DE730ABAE.d.C5EA41F5A4CC7864A683F767220C472E.e.18260/click - {}
RESULT: {}
COMMAND: POST /session/4a7493391aacd7fc37792e05064413e7/element - {"using":"xpath","value":"//button[@aria-label=\"Add\"]"}
COMMAND: GET /session/4a7493391aacd7fc37792e05064413e7/screenshot - {}
RESULT: {"using":"xpath","value":"//button[@aria-label=\"Add\"]"}
COMMAND: POST /session/4a7493391aacd7fc37792e05064413e7/element/f.E133658EE593DCD45430D97DE730ABAE.d.C5EA41F5A4CC7864A683F767220C472E.e.18262/click - {}
RESULT: {}
RESULT: {}
COMMAND: GET /session/4a7493391aacd7fc37792e05064413e7/screenshot - {}
RESULT: {}
COMMAND: POST /session/4a7493391aacd7fc37792e05064413e7/execute/async - {"script":"<script> [1562 bytes]","args":[{"selector":{"id":"application-managehandovers-display-component---AddNewHO--smartFilterBar-btnBasicSearch","searchOpenDialogs":true,"interaction":{"idSuffix":"I"}},"wdio_ui5_key":"applicationmanagehandovers-display-component---AddNewHO--smartFilterBar-btnBasicSearch"}]}
RESULT: {"script":"<script> [1562 bytes]","args":[{"selector":{"id":"application-managehandovers-display-component---AddNewHO--smartFilterBar-btnBasicSearch","searchOpenDialogs":true,"interaction":{"idSuffix":"I"}},"wdio_ui5_key":"applicationmanagehandovers-display-component---AddNewHO--smartFilterBar-btnBasicSearch"}]}
RESULT: undefined
COMMAND: POST /session/4a7493391aacd7fc37792e05064413e7/execute/async - {"script":"<script> [776 bytes]","args":[{"enterText":"wEohE1CueQ","selector":{"id":"application-managehandovers-display-component---AddNewHO--smartFilterBar-btnBasicSearch","searchOpenDialogs":true,"interaction":{"idSuffix":"I"}},"clearTextFirst":true,"interactionType":"ENTER_TEXT"}]}
RESULT: {"script":"<script> [776 bytes]","args":[{"enterText":"wEohE1CueQ","selector":{"id":"application-managehandovers-display-component---AddNewHO--smartFilterBar-btnBasicSearch","searchOpenDialogs":true,"interaction":{"idSuffix":"I"}},"clearTextFirst":true,"interactionType":"ENTER_TEXT"}]}
COMMAND: POST /session/4a7493391aacd7fc37792e05064413e7/actions - {"actions":[{"id":"action69","type":"key","parameters":{},"actions":[{"type":"keyDown","value":"î€‡"},{"type":"pause","duration":10},{"type":"keyUp","value":"î€‡"}]}]}
RESULT: {"actions":[{"id":"action69","type":"key","parameters":{},"actions":[{"type":"keyDown","value":"î€‡"},{"type":"pause","duration":10},{"type":"keyUp","value":"î€‡"}]}]}
COMMAND: GET /session/4a7493391aacd7fc37792e05064413e7/screenshot - {}
RESULT: {}
COMMAND: POST /session/4a7493391aacd7fc37792e05064413e7/execute/async - {"script":"<script> [1562 bytes]","args":[{"selector":{"id":"application-managehandovers-display-component---AddNewHO--popup-sa","searchOpenDialogs":true,"interaction":{"idSuffix":"CbBg"}},"wdio_ui5_key":"applicationmanagehandovers-display-component---AddNewHO--popup-sa"}]}
RESULT: {"script":"<script> [1562 bytes]","args":[{"selector":{"id":"application-managehandovers-display-component---AddNewHO--popup-sa","searchOpenDialogs":true,"interaction":{"idSuffix":"CbBg"}},"wdio_ui5_key":"applicationmanagehandovers-display-component---AddNewHO--popup-sa"}]}
RESULT: undefined
COMMAND: POST /session/4a7493391aacd7fc37792e05064413e7/element - {"using":"xpath","value":"//*[@id=\"application-managehandovers-display-component---AddNewHO--popup-sa\"]"}
RESULT: {"using":"xpath","value":"//*[@id=\"application-managehandovers-display-component---AddNewHO--popup-sa\"]"}
COMMAND: POST /session/4a7493391aacd7fc37792e05064413e7/element/f.E133658EE593DCD45430D97DE730ABAE.d.C5EA41F5A4CC7864A683F767220C472E.e.18414/click - {}
RESULT: {}
COMMAND: GET /session/4a7493391aacd7fc37792e05064413e7/screenshot - {}
RESULT: {}
COMMAND: POST /session/4a7493391aacd7fc37792e05064413e7/element - {"using":"xpath","value":"//bdi[contains(text(), \"Select\")]"}
RESULT: {"using":"xpath","value":"//bdi[contains(text(), \"Select\")]"}
COMMAND: POST /session/4a7493391aacd7fc37792e05064413e7/element/f.E133658EE593DCD45430D97DE730ABAE.d.C5EA41F5A4CC7864A683F767220C472E.e.18415/click - {}
RESULT: {}
COMMAND: GET /session/4a7493391aacd7fc37792e05064413e7/screenshot - {}
RESULT: {}
COMMAND: POST /session/4a7493391aacd7fc37792e05064413e7/element - {"using":"xpath","value":"//button[@data-kt=\"AddNewHOSaveButton\"]"}
RESULT: {"using":"xpath","value":"//button[@data-kt=\"AddNewHOSaveButton\"]"}
COMMAND: POST /session/4a7493391aacd7fc37792e05064413e7/element/f.E133658EE593DCD45430D97DE730ABAE.d.C5EA41F5A4CC7864A683F767220C472E.e.18419/click - {}
RESULT: {}
COMMAND: GET /session/4a7493391aacd7fc37792e05064413e7/screenshot - {}
RESULT: {}
COMMAND: POST /session/4a7493391aacd7fc37792e05064413e7/execute/async - {"script":"<script> [1562 bytes]","args":[{"selector":{"id":"receiptDatePicker","viewName":"etm.portal.ui.managehandovers.view.DetailExecuteHO","interaction":{"idSuffix":"inner"}},"wdio_ui5_key":"receiptDatePickeretmportal.ui.managehandovers.view.DetailExecuteHO"}]}
RESULT: {"script":"<script> [1562 bytes]","args":[{"selector":{"id":"receiptDatePicker","viewName":"etm.portal.ui.managehandovers.view.DetailExecuteHO","interaction":{"idSuffix":"inner"}},"wdio_ui5_key":"receiptDatePickeretmportal.ui.managehandovers.view.DetailExecuteHO"}]}
RESULT: undefined
COMMAND: POST /session/4a7493391aacd7fc37792e05064413e7/execute/async - {"script":"<script> [6424 bytes]","args":[{"element-6066-11e4-a52e-4f735466cecf":"f.E133658EE593DCD45430D97DE730ABAE.d.C5EA41F5A4CC7864A683F767220C472E.e.18449"},"setValue",["04/29/2025"]]}
RESULT: {"script":"<script> [6424 bytes]","args":[{"element-6066-11e4-a52e-4f735466cecf":"f.E133658EE593DCD45430D97DE730ABAE.d.C5EA41F5A4CC7864A683F767220C472E.e.18449"},"setValue",["04/29/2025"]]}
COMMAND: POST /session/4a7493391aacd7fc37792e05064413e7/element - {"using":"xpath","value":"//button[@data-kt=\"PickingTableConfirmAllButton\"]"}
RESULT: {"using":"xpath","value":"//button[@data-kt=\"PickingTableConfirmAllButton\"]"}
COMMAND: POST /session/4a7493391aacd7fc37792e05064413e7/element/f.E133658EE593DCD45430D97DE730ABAE.d.C5EA41F5A4CC7864A683F767220C472E.e.18465/click - {}
RESULT: {}
COMMAND: GET /session/4a7493391aacd7fc37792e05064413e7/screenshot - {}
RESULT: {}
COMMAND: POST /session/4a7493391aacd7fc37792e05064413e7/element - {"using":"xpath","value":"//bdi[contains(text(), \"OK\")]"}
RESULT: {"using":"xpath","value":"//bdi[contains(text(), \"OK\")]"}
COMMAND: POST /session/4a7493391aacd7fc37792e05064413e7/element/f.E133658EE593DCD45430D97DE730ABAE.d.C5EA41F5A4CC7864A683F767220C472E.e.18467/click - {}
RESULT: {}
COMMAND: GET /session/4a7493391aacd7fc37792e05064413e7/screenshot - {}
RESULT: {}
COMMAND: POST /session/4a7493391aacd7fc37792e05064413e7/element - {"using":"xpath","value":"(//bdi[contains(text(), \"Receive\")])[2]"}
RESULT: {"using":"xpath","value":"(//bdi[contains(text(), \"Receive\")])[2]"}
COMMAND: POST /session/4a7493391aacd7fc37792e05064413e7/element/f.E133658EE593DCD45430D97DE730ABAE.d.C5EA41F5A4CC7864A683F767220C472E.e.18469/click - {}
RESULT: {}
COMMAND: GET /session/4a7493391aacd7fc37792e05064413e7/screenshot - {}
RESULT: {}
COMMAND: POST /session/4a7493391aacd7fc37792e05064413e7/element - {"using":"css selector","value":"#shell-header-logo"}
RESULT: {"using":"css selector","value":"#shell-header-logo"}
COMMAND: POST /session/4a7493391aacd7fc37792e05064413e7/element/f.E133658EE593DCD45430D97DE730ABAE.d.C5EA41F5A4CC7864A683F767220C472E.e.17841/click - {}
RESULT: {}
COMMAND: GET /session/4a7493391aacd7fc37792e05064413e7/screenshot - {}
RESULT: {}
]]></system-out>
    </testcase>
    <testcase classname="chrome.135_0_7049_96.windows.Create_Reverse_Billing_US127248" name="Should create a new contract" time="49.664">
      <system-out><![CDATA[
COMMAND: POST /session/4a7493391aacd7fc37792e05064413e7/execute/async - {"script":"<script> [1562 bytes]","args":[{"selector":{"controlType":"sap.m.Text","viewName":"etm.portal.ui.managecontractstile.view.Master","properties":{"text":"Manage Contracts"},"interaction":{"idSuffix":"inner"}},"wdio_ui5_key":"etmportal.ui.managecontractstile.view.Mastersap.m.Text{\"text\":\"Manage Contracts\"}"}]}
RESULT: {"script":"<script> [1562 bytes]","args":[{"selector":{"controlType":"sap.m.Text","viewName":"etm.portal.ui.managecontractstile.view.Master","properties":{"text":"Manage Contracts"},"interaction":{"idSuffix":"inner"}},"wdio_ui5_key":"etmportal.ui.managecontractstile.view.Mastersap.m.Text{\"text\":\"Manage Contracts\"}"}]}
RESULT: undefined
COMMAND: POST /session/4a7493391aacd7fc37792e05064413e7/element - {"using":"xpath","value":"//*[@id=\"__tile130-title\"]"}
RESULT: {"using":"xpath","value":"//*[@id=\"__tile130-title\"]"}
COMMAND: POST /session/4a7493391aacd7fc37792e05064413e7/element/f.E133658EE593DCD45430D97DE730ABAE.d.C5EA41F5A4CC7864A683F767220C472E.e.18641/click - {}
RESULT: {}
COMMAND: GET /session/4a7493391aacd7fc37792e05064413e7/screenshot - {}
RESULT: {}
COMMAND: POST /session/4a7493391aacd7fc37792e05064413e7/element - {"using":"xpath","value":"//button[@data-kt=\"addButton\"]"}
RESULT: {"using":"xpath","value":"//button[@data-kt=\"addButton\"]"}
COMMAND: POST /session/4a7493391aacd7fc37792e05064413e7/elements - {"using":"xpath","value":"//button[@data-kt=\"addButton\"]"}
RESULT: {"using":"xpath","value":"//button[@data-kt=\"addButton\"]"}
COMMAND: POST /session/4a7493391aacd7fc37792e05064413e7/execute/sync - {"script":"<script> [8489 bytes]","args":[{"element-6066-11e4-a52e-4f735466cecf":"f.E133658EE593DCD45430D97DE730ABAE.d.C5EA41F5A4CC7864A683F767220C472E.e.18712","ELEMENT":"f.E133658EE593DCD45430D97DE730ABAE.d.C5EA41F5A4CC7864A683F767220C472E.e.18712"}]}
RESULT: {"script":"<script> [8489 bytes]","args":[{"element-6066-11e4-a52e-4f735466cecf":"f.E133658EE593DCD45430D97DE730ABAE.d.C5EA41F5A4CC7864A683F767220C472E.e.18712","ELEMENT":"f.E133658EE593DCD45430D97DE730ABAE.d.C5EA41F5A4CC7864A683F767220C472E.e.18712"}]}
COMMAND: GET /session/4a7493391aacd7fc37792e05064413e7/element/f.E133658EE593DCD45430D97DE730ABAE.d.C5EA41F5A4CC7864A683F767220C472E.e.18712/enabled - {}
COMMAND: GET /session/4a7493391aacd7fc37792e05064413e7/screenshot - {}
RESULT: {}
COMMAND: POST /session/4a7493391aacd7fc37792e05064413e7/execute/sync - {"script":"<script> [8489 bytes]","args":[{"element-6066-11e4-a52e-4f735466cecf":"f.E133658EE593DCD45430D97DE730ABAE.d.C5EA41F5A4CC7864A683F767220C472E.e.18712","ELEMENT":"f.E133658EE593DCD45430D97DE730ABAE.d.C5EA41F5A4CC7864A683F767220C472E.e.18712"}]}
COMMAND: GET /session/4a7493391aacd7fc37792e05064413e7/screenshot - {}
RESULT: {}
RESULT: {"script":"<script> [8489 bytes]","args":[{"element-6066-11e4-a52e-4f735466cecf":"f.E133658EE593DCD45430D97DE730ABAE.d.C5EA41F5A4CC7864A683F767220C472E.e.18712","ELEMENT":"f.E133658EE593DCD45430D97DE730ABAE.d.C5EA41F5A4CC7864A683F767220C472E.e.18712"}]}
COMMAND: POST /session/4a7493391aacd7fc37792e05064413e7/execute/sync - {"script":"<script> [5351 bytes]","args":[{"element-6066-11e4-a52e-4f735466cecf":"f.E133658EE593DCD45430D97DE730ABAE.d.C5EA41F5A4CC7864A683F767220C472E.e.18712","ELEMENT":"f.E133658EE593DCD45430D97DE730ABAE.d.C5EA41F5A4CC7864A683F767220C472E.e.18712"}]}
COMMAND: GET /session/4a7493391aacd7fc37792e05064413e7/screenshot - {}
RESULT: {}
RESULT: {"script":"<script> [5351 bytes]","args":[{"element-6066-11e4-a52e-4f735466cecf":"f.E133658EE593DCD45430D97DE730ABAE.d.C5EA41F5A4CC7864A683F767220C472E.e.18712","ELEMENT":"f.E133658EE593DCD45430D97DE730ABAE.d.C5EA41F5A4CC7864A683F767220C472E.e.18712"}]}
COMMAND: GET /session/4a7493391aacd7fc37792e05064413e7/screenshot - {}
RESULT: {}
RESULT: {}
COMMAND: POST /session/4a7493391aacd7fc37792e05064413e7/element/f.E133658EE593DCD45430D97DE730ABAE.d.C5EA41F5A4CC7864A683F767220C472E.e.18712/click - {}
RESULT: {}
COMMAND: GET /session/4a7493391aacd7fc37792e05064413e7/screenshot - {}
COMMAND: POST /session/4a7493391aacd7fc37792e05064413e7/execute/async - {"script":"<script> [1562 bytes]","args":[{"selector":{"id":"application-managecontracts-display-component---AddNewContract--projectDescription","interaction":{"idSuffix":"inner"}},"wdio_ui5_key":"applicationmanagecontracts-display-component---AddNewContract--projectDescription"}]}
RESULT: {}
RESULT: {"script":"<script> [1562 bytes]","args":[{"selector":{"id":"application-managecontracts-display-component---AddNewContract--projectDescription","interaction":{"idSuffix":"inner"}},"wdio_ui5_key":"applicationmanagecontracts-display-component---AddNewContract--projectDescription"}]}
RESULT: undefined
COMMAND: POST /session/4a7493391aacd7fc37792e05064413e7/execute/async - {"script":"<script> [776 bytes]","args":[{"enterText":"Contract WDIO","selector":{"id":"application-managecontracts-display-component---AddNewContract--projectDescription","interaction":{"idSuffix":"inner"}},"clearTextFirst":true,"interactionType":"ENTER_TEXT"}]}
RESULT: {"script":"<script> [776 bytes]","args":[{"enterText":"Contract WDIO","selector":{"id":"application-managecontracts-display-component---AddNewContract--projectDescription","interaction":{"idSuffix":"inner"}},"clearTextFirst":true,"interactionType":"ENTER_TEXT"}]}
COMMAND: POST /session/4a7493391aacd7fc37792e05064413e7/element - {"using":"xpath","value":"//input[@id=\"application-managecontracts-display-component---AddNewContract--site-inner\"]"}
RESULT: {"using":"xpath","value":"//input[@id=\"application-managecontracts-display-component---AddNewContract--site-inner\"]"}
COMMAND: POST /session/4a7493391aacd7fc37792e05064413e7/element/f.E133658EE593DCD45430D97DE730ABAE.d.C5EA41F5A4CC7864A683F767220C472E.e.19006/clear - {}
RESULT: {}
COMMAND: POST /session/4a7493391aacd7fc37792e05064413e7/element/f.E133658EE593DCD45430D97DE730ABAE.d.C5EA41F5A4CC7864A683F767220C472E.e.19006/value - {"text":"2257"}
COMMAND: GET /session/4a7493391aacd7fc37792e05064413e7/screenshot - {}
RESULT: {"text":"2257"}
COMMAND: GET /session/4a7493391aacd7fc37792e05064413e7/screenshot - {}
RESULT: {}
RESULT: {}
COMMAND: POST /session/4a7493391aacd7fc37792e05064413e7/element - {"using":"xpath","value":"//li[.//span[text()='2257']]"}
RESULT: {"using":"xpath","value":"//li[.//span[text()='2257']]"}
COMMAND: POST /session/4a7493391aacd7fc37792e05064413e7/element/f.E133658EE593DCD45430D97DE730ABAE.d.C5EA41F5A4CC7864A683F767220C472E.e.19030/click - {}
RESULT: {}
COMMAND: GET /session/4a7493391aacd7fc37792e05064413e7/screenshot - {}
RESULT: {}
COMMAND: POST /session/4a7493391aacd7fc37792e05064413e7/element - {"using":"xpath","value":"//input[@id=\"application-managecontracts-display-component---AddNewContract--yardId-inner\"]"}
RESULT: {"using":"xpath","value":"//input[@id=\"application-managecontracts-display-component---AddNewContract--yardId-inner\"]"}
COMMAND: GET /session/4a7493391aacd7fc37792e05064413e7/element/f.E133658EE593DCD45430D97DE730ABAE.d.C5EA41F5A4CC7864A683F767220C472E.e.19007/property/value - {}
RESULT: {}
COMMAND: POST /session/4a7493391aacd7fc37792e05064413e7/element - {"using":"xpath","value":"//input[@id=\"application-managecontracts-display-component---AddNewContract--customerSelect-inner\"]"}
COMMAND: GET /session/4a7493391aacd7fc37792e05064413e7/screenshot - {}
RESULT: {"using":"xpath","value":"//input[@id=\"application-managecontracts-display-component---AddNewContract--customerSelect-inner\"]"}
COMMAND: POST /session/4a7493391aacd7fc37792e05064413e7/element/f.E133658EE593DCD45430D97DE730ABAE.d.C5EA41F5A4CC7864A683F767220C472E.e.19005/clear - {}
RESULT: {}
RESULT: {}
COMMAND: POST /session/4a7493391aacd7fc37792e05064413e7/element/f.E133658EE593DCD45430D97DE730ABAE.d.C5EA41F5A4CC7864A683F767220C472E.e.19005/value - {"text":"1286"}
COMMAND: GET /session/4a7493391aacd7fc37792e05064413e7/screenshot - {}
RESULT: {"text":"1286"}
COMMAND: GET /session/4a7493391aacd7fc37792e05064413e7/screenshot - {}
RESULT: {}
RESULT: {}
COMMAND: POST /session/4a7493391aacd7fc37792e05064413e7/element - {"using":"xpath","value":"//li[.//span[text()='1286']]"}
RESULT: {"using":"xpath","value":"//li[.//span[text()='1286']]"}
COMMAND: POST /session/4a7493391aacd7fc37792e05064413e7/element/f.E133658EE593DCD45430D97DE730ABAE.d.C5EA41F5A4CC7864A683F767220C472E.e.19033/click - {}
RESULT: {}
COMMAND: GET /session/4a7493391aacd7fc37792e05064413e7/screenshot - {}
RESULT: {}
COMMAND: POST /session/4a7493391aacd7fc37792e05064413e7/element - {"using":"xpath","value":"//button[@data-kt=\"saveButton\"]"}
RESULT: {"using":"xpath","value":"//button[@data-kt=\"saveButton\"]"}
COMMAND: POST /session/4a7493391aacd7fc37792e05064413e7/element/f.E133658EE593DCD45430D97DE730ABAE.d.C5EA41F5A4CC7864A683F767220C472E.e.19023/click - {}
RESULT: {}
COMMAND: GET /session/4a7493391aacd7fc37792e05064413e7/screenshot - {}
RESULT: {}
COMMAND: POST /session/4a7493391aacd7fc37792e05064413e7/element - {"using":"xpath","value":"//span[contains(@id ,\"contractDetailTitleNoExpanded\")]"}
RESULT: {"using":"xpath","value":"//span[contains(@id ,\"contractDetailTitleNoExpanded\")]"}
COMMAND: POST /session/4a7493391aacd7fc37792e05064413e7/elements - {"using":"xpath","value":"//span[contains(@id ,\"contractDetailTitleNoExpanded\")]"}
RESULT: {"using":"xpath","value":"//span[contains(@id ,\"contractDetailTitleNoExpanded\")]"}
COMMAND: POST /session/4a7493391aacd7fc37792e05064413e7/execute/sync - {"script":"<script> [56 bytes]","args":[{"element-6066-11e4-a52e-4f735466cecf":"f.E133658EE593DCD45430D97DE730ABAE.d.C5EA41F5A4CC7864A683F767220C472E.e.19103","ELEMENT":"f.E133658EE593DCD45430D97DE730ABAE.d.C5EA41F5A4CC7864A683F767220C472E.e.19103"}]}
RESULT: {"script":"<script> [56 bytes]","args":[{"element-6066-11e4-a52e-4f735466cecf":"f.E133658EE593DCD45430D97DE730ABAE.d.C5EA41F5A4CC7864A683F767220C472E.e.19103","ELEMENT":"f.E133658EE593DCD45430D97DE730ABAE.d.C5EA41F5A4CC7864A683F767220C472E.e.19103"}]}
COMMAND: GET /session/4a7493391aacd7fc37792e05064413e7/screenshot - {}
RESULT: {}
]]></system-out>
    </testcase>
    <testcase classname="chrome.135_0_7049_96.windows.Create_Reverse_Billing_US127248" name="Should add equipment to the contract" time="50.031">
      <system-out><![CDATA[
COMMAND: POST /session/4a7493391aacd7fc37792e05064413e7/element - {"using":"xpath","value":"//button[@data-kt=\"contractDetailEditBtnButton\"]"}
RESULT: {"using":"xpath","value":"//button[@data-kt=\"contractDetailEditBtnButton\"]"}
COMMAND: POST /session/4a7493391aacd7fc37792e05064413e7/element/f.E133658EE593DCD45430D97DE730ABAE.d.C5EA41F5A4CC7864A683F767220C472E.e.19105/click - {}
RESULT: {}
COMMAND: GET /session/4a7493391aacd7fc37792e05064413e7/screenshot - {}
RESULT: {}
COMMAND: POST /session/4a7493391aacd7fc37792e05064413e7/element - {"using":"xpath","value":"(//span[contains(text(), \"Additional Addresses\")])[2]"}
RESULT: {"using":"xpath","value":"(//span[contains(text(), \"Additional Addresses\")])[2]"}
COMMAND: POST /session/4a7493391aacd7fc37792e05064413e7/element/f.E133658EE593DCD45430D97DE730ABAE.d.C5EA41F5A4CC7864A683F767220C472E.e.19160/click - {}
RESULT: {}
COMMAND: GET /session/4a7493391aacd7fc37792e05064413e7/screenshot - {}
RESULT: {}
COMMAND: POST /session/4a7493391aacd7fc37792e05064413e7/element - {"using":"xpath","value":"//button[@data-kt=\"btnAddTableRowOverflowToolbarButton\"]"}
RESULT: {"using":"xpath","value":"//button[@data-kt=\"btnAddTableRowOverflowToolbarButton\"]"}
COMMAND: POST /session/4a7493391aacd7fc37792e05064413e7/element/f.E133658EE593DCD45430D97DE730ABAE.d.C5EA41F5A4CC7864A683F767220C472E.e.19163/click - {}
RESULT: {}
COMMAND: GET /session/4a7493391aacd7fc37792e05064413e7/screenshot - {}
RESULT: {}
COMMAND: POST /session/4a7493391aacd7fc37792e05064413e7/element - {"using":"xpath","value":"//div[(text() = 'Standard Entry' or . = 'Standard Entry')]"}
RESULT: {"using":"xpath","value":"//div[(text() = 'Standard Entry' or . = 'Standard Entry')]"}
COMMAND: POST /session/4a7493391aacd7fc37792e05064413e7/element/f.E133658EE593DCD45430D97DE730ABAE.d.C5EA41F5A4CC7864A683F767220C472E.e.19165/click - {}
RESULT: {}
COMMAND: GET /session/4a7493391aacd7fc37792e05064413e7/screenshot - {}
RESULT: {}
COMMAND: POST /session/4a7493391aacd7fc37792e05064413e7/element - {"using":"xpath","value":"//td[7]/div/div/input"}
RESULT: {"using":"xpath","value":"//td[7]/div/div/input"}
COMMAND: POST /session/4a7493391aacd7fc37792e05064413e7/element/f.E133658EE593DCD45430D97DE730ABAE.d.C5EA41F5A4CC7864A683F767220C472E.e.19174/clear - {}
RESULT: {}
COMMAND: POST /session/4a7493391aacd7fc37792e05064413e7/element/f.E133658EE593DCD45430D97DE730ABAE.d.C5EA41F5A4CC7864A683F767220C472E.e.19174/value - {"text":"wEohE1CueQ"}
COMMAND: GET /session/4a7493391aacd7fc37792e05064413e7/screenshot - {}
RESULT: {"text":"wEohE1CueQ"}
COMMAND: GET /session/4a7493391aacd7fc37792e05064413e7/screenshot - {}
RESULT: {}
RESULT: {}
COMMAND: POST /session/4a7493391aacd7fc37792e05064413e7/actions - {"actions":[{"id":"action70","type":"key","parameters":{},"actions":[{"type":"keyDown","value":"î€‡"},{"type":"pause","duration":10},{"type":"keyUp","value":"î€‡"}]}]}
RESULT: {"actions":[{"id":"action70","type":"key","parameters":{},"actions":[{"type":"keyDown","value":"î€‡"},{"type":"pause","duration":10},{"type":"keyUp","value":"î€‡"}]}]}
COMMAND: GET /session/4a7493391aacd7fc37792e05064413e7/screenshot - {}
RESULT: {}
COMMAND: POST /session/4a7493391aacd7fc37792e05064413e7/element - {"using":"xpath","value":"(//button[@data-kt=\"saveButton\"])[2]"}
RESULT: {"using":"xpath","value":"(//button[@data-kt=\"saveButton\"])[2]"}
COMMAND: POST /session/4a7493391aacd7fc37792e05064413e7/element/f.E133658EE593DCD45430D97DE730ABAE.d.C5EA41F5A4CC7864A683F767220C472E.e.19189/click - {}
RESULT: {}
COMMAND: GET /session/4a7493391aacd7fc37792e05064413e7/screenshot - {}
RESULT: {}
COMMAND: POST /session/4a7493391aacd7fc37792e05064413e7/element - {"using":"xpath","value":"//span[contains(@id ,\"contractItemsSmartTable-header-inner\")]"}
RESULT: {"using":"xpath","value":"//span[contains(@id ,\"contractItemsSmartTable-header-inner\")]"}
COMMAND: POST /session/4a7493391aacd7fc37792e05064413e7/elements - {"using":"xpath","value":"//span[contains(@id ,\"contractItemsSmartTable-header-inner\")]"}
RESULT: {"using":"xpath","value":"//span[contains(@id ,\"contractItemsSmartTable-header-inner\")]"}
COMMAND: POST /session/4a7493391aacd7fc37792e05064413e7/execute/sync - {"script":"<script> [56 bytes]","args":[{"element-6066-11e4-a52e-4f735466cecf":"f.E133658EE593DCD45430D97DE730ABAE.d.C5EA41F5A4CC7864A683F767220C472E.e.19194","ELEMENT":"f.E133658EE593DCD45430D97DE730ABAE.d.C5EA41F5A4CC7864A683F767220C472E.e.19194"}]}
RESULT: {"script":"<script> [56 bytes]","args":[{"element-6066-11e4-a52e-4f735466cecf":"f.E133658EE593DCD45430D97DE730ABAE.d.C5EA41F5A4CC7864A683F767220C472E.e.19194","ELEMENT":"f.E133658EE593DCD45430D97DE730ABAE.d.C5EA41F5A4CC7864A683F767220C472E.e.19194"}]}
COMMAND: GET /session/4a7493391aacd7fc37792e05064413e7/screenshot - {}
]]></system-out>
    </testcase>
    <testcase classname="chrome.135_0_7049_96.windows.Create_Reverse_Billing_US127248" name="Should do a provide to site handover" time="49.016">
      <system-out><![CDATA[
COMMAND: POST /session/4a7493391aacd7fc37792e05064413e7/element - {"using":"xpath","value":"//button[@data-kt=\"provideButton\"]"}
RESULT: {}
RESULT: {"using":"xpath","value":"//button[@data-kt=\"provideButton\"]"}
COMMAND: POST /session/4a7493391aacd7fc37792e05064413e7/element/f.E133658EE593DCD45430D97DE730ABAE.d.C5EA41F5A4CC7864A683F767220C472E.e.19196/click - {}
RESULT: {}
COMMAND: GET /session/4a7493391aacd7fc37792e05064413e7/screenshot - {}
RESULT: undefined
COMMAND: POST /session/4a7493391aacd7fc37792e05064413e7/execute/async - {"script":"<script> [6424 bytes]","args":[{"element-6066-11e4-a52e-4f735466cecf":"f.E133658EE593DCD45430D97DE730ABAE.d.C5EA41F5A4CC7864A683F767220C472E.e.18236"},"setValue",["04/29/2025"]]}
RESULT: {}
COMMAND: POST /session/4a7493391aacd7fc37792e05064413e7/execute/async - {"script":"<script> [1562 bytes]","args":[{"selector":{"id":"application-managehandovers-display-component---AddNewHO--dueDate","interaction":{"idSuffix":"inner"}},"wdio_ui5_key":"applicationmanagehandovers-display-component---AddNewHO--dueDate"}]}
RESULT: {"script":"<script> [1562 bytes]","args":[{"selector":{"id":"application-managehandovers-display-component---AddNewHO--dueDate","interaction":{"idSuffix":"inner"}},"wdio_ui5_key":"applicationmanagehandovers-display-component---AddNewHO--dueDate"}]}
COMMAND: POST /session/4a7493391aacd7fc37792e05064413e7/execute/async - {"script":"<script> [6424 bytes]","args":[{"element-6066-11e4-a52e-4f735466cecf":"f.E133658EE593DCD45430D97DE730ABAE.d.C5EA41F5A4CC7864A683F767220C472E.e.19253"},"setValue",["04/29/2025"]]}
RESULT: {"script":"<script> [6424 bytes]","args":[{"element-6066-11e4-a52e-4f735466cecf":"f.E133658EE593DCD45430D97DE730ABAE.d.C5EA41F5A4CC7864A683F767220C472E.e.19253"},"setValue",["04/29/2025"]]}
COMMAND: POST /session/4a7493391aacd7fc37792e05064413e7/element - {"using":"xpath","value":"//bdi[contains(text(), \"Instructions\")]"}
RESULT: {"using":"xpath","value":"//bdi[contains(text(), \"Instructions\")]"}
COMMAND: POST /session/4a7493391aacd7fc37792e05064413e7/element/f.E133658EE593DCD45430D97DE730ABAE.d.C5EA41F5A4CC7864A683F767220C472E.e.19505/click - {}
RESULT: {}
COMMAND: GET /session/4a7493391aacd7fc37792e05064413e7/screenshot - {}
RESULT: {}
COMMAND: POST /session/4a7493391aacd7fc37792e05064413e7/element - {"using":"xpath","value":"//button[@data-kt=\"AddNewHOProvideAddItemsButton\"]"}
RESULT: {"using":"xpath","value":"//button[@data-kt=\"AddNewHOProvideAddItemsButton\"]"}
COMMAND: POST /session/4a7493391aacd7fc37792e05064413e7/element/f.E133658EE593DCD45430D97DE730ABAE.d.C5EA41F5A4CC7864A683F767220C472E.e.19509/click - {}
RESULT: {}
COMMAND: GET /session/4a7493391aacd7fc37792e05064413e7/screenshot - {}
RESULT: {}
RESULT: undefined
COMMAND: POST /session/4a7493391aacd7fc37792e05064413e7/element - {"using":"xpath","value":"//*[@id=\"application-managehandovers-display-component---AddNewHO--popup-sa\"]"}
RESULT: {"using":"xpath","value":"//*[@id=\"application-managehandovers-display-component---AddNewHO--popup-sa\"]"}
COMMAND: POST /session/4a7493391aacd7fc37792e05064413e7/element/f.E133658EE593DCD45430D97DE730ABAE.d.C5EA41F5A4CC7864A683F767220C472E.e.19518/click - {}
RESULT: {}
COMMAND: GET /session/4a7493391aacd7fc37792e05064413e7/screenshot - {}
RESULT: {}
COMMAND: POST /session/4a7493391aacd7fc37792e05064413e7/element - {"using":"xpath","value":"//*[contains(@id ,\"BDI-content\")][contains(text(), \"Select\")]"}
RESULT: {"using":"xpath","value":"//*[contains(@id ,\"BDI-content\")][contains(text(), \"Select\")]"}
COMMAND: POST /session/4a7493391aacd7fc37792e05064413e7/element/f.E133658EE593DCD45430D97DE730ABAE.d.C5EA41F5A4CC7864A683F767220C472E.e.19520/click - {}
RESULT: {}
COMMAND: GET /session/4a7493391aacd7fc37792e05064413e7/screenshot - {}
RESULT: {}
COMMAND: POST /session/4a7493391aacd7fc37792e05064413e7/execute/async - {"script":"<script> [1562 bytes]","args":[{"selector":{"id":"application-managehandovers-display-component---AddNewHO--confirmCreationButton","interaction":{"idSuffix":"BDI-content"}},"wdio_ui5_key":"applicationmanagehandovers-display-component---AddNewHO--confirmCreationButton"}]}
RESULT: {"script":"<script> [1562 bytes]","args":[{"selector":{"id":"application-managehandovers-display-component---AddNewHO--confirmCreationButton","interaction":{"idSuffix":"BDI-content"}},"wdio_ui5_key":"applicationmanagehandovers-display-component---AddNewHO--confirmCreationButton"}]}
RESULT: undefined
COMMAND: POST /session/4a7493391aacd7fc37792e05064413e7/element - {"using":"xpath","value":"//*[@id=\"application-managehandovers-display-component---AddNewHO--confirmCreationButton\"]"}
RESULT: {"using":"xpath","value":"//*[@id=\"application-managehandovers-display-component---AddNewHO--confirmCreationButton\"]"}
COMMAND: POST /session/4a7493391aacd7fc37792e05064413e7/element/f.E133658EE593DCD45430D97DE730ABAE.d.C5EA41F5A4CC7864A683F767220C472E.e.19332/click - {}
RESULT: {}
COMMAND: GET /session/4a7493391aacd7fc37792e05064413e7/screenshot - {}
RESULT: {}
COMMAND: POST /session/4a7493391aacd7fc37792e05064413e7/element - {"using":"xpath","value":"//button[@data-kt=\"PickingTableConfirmAllButton\"]"}
RESULT: {"using":"xpath","value":"//button[@data-kt=\"PickingTableConfirmAllButton\"]"}
COMMAND: POST /session/4a7493391aacd7fc37792e05064413e7/element/f.E133658EE593DCD45430D97DE730ABAE.d.C5EA41F5A4CC7864A683F767220C472E.e.19557/click - {}
COMMAND: POST /session/4a7493391aacd7fc37792e05064413e7/element - {"using":"xpath","value":"//button[@data-kt=\"PickingTableConfirmAllButton\"]"}
RESULT: {"using":"xpath","value":"//button[@data-kt=\"PickingTableConfirmAllButton\"]"}
COMMAND: POST /session/4a7493391aacd7fc37792e05064413e7/element/f.E133658EE593DCD45430D97DE730ABAE.d.C5EA41F5A4CC7864A683F767220C472E.e.19557/click - {}
COMMAND: POST /session/4a7493391aacd7fc37792e05064413e7/element - {"using":"xpath","value":"//button[@data-kt=\"PickingTableConfirmAllButton\"]"}
RESULT: {"using":"xpath","value":"//button[@data-kt=\"PickingTableConfirmAllButton\"]"}
COMMAND: POST /session/4a7493391aacd7fc37792e05064413e7/element/f.E133658EE593DCD45430D97DE730ABAE.d.C5EA41F5A4CC7864A683F767220C472E.e.19575/click - {}
RESULT: {}
COMMAND: GET /session/4a7493391aacd7fc37792e05064413e7/screenshot - {}
RESULT: {}
COMMAND: POST /session/4a7493391aacd7fc37792e05064413e7/element - {"using":"xpath","value":"//bdi[contains(text(), \"OK\")]"}
RESULT: {"using":"xpath","value":"//bdi[contains(text(), \"OK\")]"}
COMMAND: POST /session/4a7493391aacd7fc37792e05064413e7/element/f.E133658EE593DCD45430D97DE730ABAE.d.C5EA41F5A4CC7864A683F767220C472E.e.19579/click - {}
RESULT: {}
COMMAND: GET /session/4a7493391aacd7fc37792e05064413e7/screenshot - {}
RESULT: {}
COMMAND: POST /session/4a7493391aacd7fc37792e05064413e7/element - {"using":"xpath","value":"//bdi[contains(text(), \"Issue\")]"}
RESULT: {"using":"xpath","value":"//bdi[contains(text(), \"Issue\")]"}
COMMAND: POST /session/4a7493391aacd7fc37792e05064413e7/element/f.E133658EE593DCD45430D97DE730ABAE.d.C5EA41F5A4CC7864A683F767220C472E.e.19581/click - {}
RESULT: {}
COMMAND: GET /session/4a7493391aacd7fc37792e05064413e7/screenshot - {}
RESULT: {}
COMMAND: POST /session/4a7493391aacd7fc37792e05064413e7/element - {"using":"css selector","value":"#shell-header-logo"}
RESULT: {"using":"css selector","value":"#shell-header-logo"}
COMMAND: POST /session/4a7493391aacd7fc37792e05064413e7/element/f.E133658EE593DCD45430D97DE730ABAE.d.C5EA41F5A4CC7864A683F767220C472E.e.18644/click - {}
RESULT: {}
COMMAND: GET /session/4a7493391aacd7fc37792e05064413e7/screenshot - {}
RESULT: {}
]]></system-out>
    </testcase>
    <testcase classname="chrome.135_0_7049_96.windows.Create_Reverse_Billing_US127248" name="Should go navigate to Manage Billings and trigger contract calculation check result" time="59.129">
      <system-out><![CDATA[
COMMAND: POST /session/4a7493391aacd7fc37792e05064413e7/execute/async - {"script":"<script> [1562 bytes]","args":[{"selector":{"controlType":"sap.m.GenericTile","properties":{"header":"Manage Billings"}},"wdio_ui5_key":"sapm.GenericTile{\"header\":\"Manage Billings\"}"}]}
RESULT: {"script":"<script> [1562 bytes]","args":[{"selector":{"controlType":"sap.m.GenericTile","properties":{"header":"Manage Billings"}},"wdio_ui5_key":"sapm.GenericTile{\"header\":\"Manage Billings\"}"}]}
RESULT: undefined
COMMAND: POST /session/4a7493391aacd7fc37792e05064413e7/element - {"using":"xpath","value":"//*[@id=\"__tile51\"]"}
RESULT: {"using":"xpath","value":"//*[@id=\"__tile51\"]"}
COMMAND: POST /session/4a7493391aacd7fc37792e05064413e7/element/f.E133658EE593DCD45430D97DE730ABAE.d.C5EA41F5A4CC7864A683F767220C472E.e.16601/click - {}
RESULT: {}
COMMAND: GET /session/4a7493391aacd7fc37792e05064413e7/screenshot - {}
RESULT: {}
COMMAND: POST /session/4a7493391aacd7fc37792e05064413e7/execute/async - {"script":"<script> [1562 bytes]","args":[{"selector":{"id":"application-managebillings-display-component---billRunCalcResult--smartFilterBar-btnBasicSearch","interaction":{"idSuffix":"I"}},"wdio_ui5_key":"applicationmanagebillings-display-component---billRunCalcResult--smartFilterBar-btnBasicSearch"}]}
RESULT: {"script":"<script> [1562 bytes]","args":[{"selector":{"id":"application-managebillings-display-component---billRunCalcResult--smartFilterBar-btnBasicSearch","interaction":{"idSuffix":"I"}},"wdio_ui5_key":"applicationmanagebillings-display-component---billRunCalcResult--smartFilterBar-btnBasicSearch"}]}
RESULT: undefined
COMMAND: POST /session/4a7493391aacd7fc37792e05064413e7/execute/async - {"script":"<script> [776 bytes]","args":[{"enterText":"10354","selector":{"id":"application-managebillings-display-component---billRunCalcResult--smartFilterBar-btnBasicSearch","interaction":{"idSuffix":"I"}},"clearTextFirst":true,"interactionType":"ENTER_TEXT"}]}
RESULT: {"script":"<script> [776 bytes]","args":[{"enterText":"10354","selector":{"id":"application-managebillings-display-component---billRunCalcResult--smartFilterBar-btnBasicSearch","interaction":{"idSuffix":"I"}},"clearTextFirst":true,"interactionType":"ENTER_TEXT"}]}
COMMAND: POST /session/4a7493391aacd7fc37792e05064413e7/actions - {"actions":[{"id":"action71","type":"key","parameters":{},"actions":[{"type":"keyDown","value":"î€‡"},{"type":"pause","duration":10},{"type":"keyUp","value":"î€‡"}]}]}
RESULT: {"actions":[{"id":"action71","type":"key","parameters":{},"actions":[{"type":"keyDown","value":"î€‡"},{"type":"pause","duration":10},{"type":"keyUp","value":"î€‡"}]}]}
COMMAND: GET /session/4a7493391aacd7fc37792e05064413e7/screenshot - {}
RESULT: {}
COMMAND: POST /session/4a7493391aacd7fc37792e05064413e7/element - {"using":"xpath","value":"//td[@aria-colindex=\"1\"]/div/div[contains(@class, \"sapMCbBg\")]"}
RESULT: {"using":"xpath","value":"//td[@aria-colindex=\"1\"]/div/div[contains(@class, \"sapMCbBg\")]"}
COMMAND: POST /session/4a7493391aacd7fc37792e05064413e7/element/f.E133658EE593DCD45430D97DE730ABAE.d.C5EA41F5A4CC7864A683F767220C472E.e.19968/click - {}
RESULT: {}
COMMAND: GET /session/4a7493391aacd7fc37792e05064413e7/screenshot - {}
RESULT: {}
COMMAND: POST /session/4a7493391aacd7fc37792e05064413e7/execute/async - {"script":"<script> [1562 bytes]","args":[{"selector":{"id":"application-managebillings-display-component---billRunCalcResult--contractBillRunDate","interaction":{"idSuffix":"inner"}},"wdio_ui5_key":"applicationmanagebillings-display-component---billRunCalcResult--contractBillRunDate"}]}
RESULT: {"script":"<script> [1562 bytes]","args":[{"selector":{"id":"application-managebillings-display-component---billRunCalcResult--contractBillRunDate","interaction":{"idSuffix":"inner"}},"wdio_ui5_key":"applicationmanagebillings-display-component---billRunCalcResult--contractBillRunDate"}]}
RESULT: undefined
COMMAND: POST /session/4a7493391aacd7fc37792e05064413e7/execute/async - {"script":"<script> [776 bytes]","args":[{"enterText":"05/29/25","selector":{"id":"application-managebillings-display-component---billRunCalcResult--contractBillRunDate","interaction":{"idSuffix":"inner"}},"clearTextFirst":true,"interactionType":"ENTER_TEXT"}]}
RESULT: {"script":"<script> [776 bytes]","args":[{"enterText":"05/29/25","selector":{"id":"application-managebillings-display-component---billRunCalcResult--contractBillRunDate","interaction":{"idSuffix":"inner"}},"clearTextFirst":true,"interactionType":"ENTER_TEXT"}]}
COMMAND: POST /session/4a7493391aacd7fc37792e05064413e7/element - {"using":"xpath","value":"//bdi[contains(text(), \"Trigger Calculation\")]"}
RESULT: {"using":"xpath","value":"//bdi[contains(text(), \"Trigger Calculation\")]"}
COMMAND: POST /session/4a7493391aacd7fc37792e05064413e7/element/f.E133658EE593DCD45430D97DE730ABAE.d.C5EA41F5A4CC7864A683F767220C472E.e.20108/click - {}
RESULT: {}
COMMAND: GET /session/4a7493391aacd7fc37792e05064413e7/screenshot - {}
RESULT: {}
COMMAND: POST /session/4a7493391aacd7fc37792e05064413e7/element - {"using":"xpath","value":"(//span[contains(@id, \"imgNav\")])[1]"}
RESULT: {"using":"xpath","value":"(//span[contains(@id, \"imgNav\")])[1]"}
COMMAND: POST /session/4a7493391aacd7fc37792e05064413e7/element/f.E133658EE593DCD45430D97DE730ABAE.d.C5EA41F5A4CC7864A683F767220C472E.e.19995/click - {}
RESULT: {}
COMMAND: GET /session/4a7493391aacd7fc37792e05064413e7/screenshot - {}
RESULT: {}
COMMAND: POST /session/4a7493391aacd7fc37792e05064413e7/element - {"using":"xpath","value":"//tr/td[6]/div[1]/span[1]/span[1]"}
RESULT: {"using":"xpath","value":"//tr/td[6]/div[1]/span[1]/span[1]"}
COMMAND: GET /session/4a7493391aacd7fc37792e05064413e7/element/f.E133658EE593DCD45430D97DE730ABAE.d.C5EA41F5A4CC7864A683F767220C472E.e.20112/text - {}
RESULT: {}
COMMAND: POST /session/4a7493391aacd7fc37792e05064413e7/element - {"using":"xpath","value":"(//span[contains(@id, \"imgNav\")])[2]"}
RESULT: {"using":"xpath","value":"(//span[contains(@id, \"imgNav\")])[2]"}
COMMAND: POST /session/4a7493391aacd7fc37792e05064413e7/element/f.E133658EE593DCD45430D97DE730ABAE.d.C5EA41F5A4CC7864A683F767220C472E.e.20113/click - {}
RESULT: {}
COMMAND: POST /session/4a7493391aacd7fc37792e05064413e7/element - {"using":"xpath","value":"//bdi[contains(text(), \"Business Confirm\")]"}
COMMAND: GET /session/4a7493391aacd7fc37792e05064413e7/screenshot - {}
RESULT: {"using":"xpath","value":"//bdi[contains(text(), \"Business Confirm\")]"}
COMMAND: POST /session/4a7493391aacd7fc37792e05064413e7/elements - {"using":"xpath","value":"//bdi[contains(text(), \"Business Confirm\")]"}
RESULT: {}
RESULT: {"using":"xpath","value":"//bdi[contains(text(), \"Business Confirm\")]"}
COMMAND: POST /session/4a7493391aacd7fc37792e05064413e7/element - {"using":"xpath","value":"//bdi[contains(text(), \"Business Confirm\")]"}
RESULT: {"using":"xpath","value":"//bdi[contains(text(), \"Business Confirm\")]"}
COMMAND: POST /session/4a7493391aacd7fc37792e05064413e7/element/f.E133658EE593DCD45430D97DE730ABAE.d.C5EA41F5A4CC7864A683F767220C472E.e.20165/click - {}
RESULT: {}
COMMAND: POST /session/4a7493391aacd7fc37792e05064413e7/element - {"using":"css selector","value":"#shell-header-logo"}
COMMAND: GET /session/4a7493391aacd7fc37792e05064413e7/screenshot - {}
RESULT: {"using":"css selector","value":"#shell-header-logo"}
COMMAND: POST /session/4a7493391aacd7fc37792e05064413e7/element/f.E133658EE593DCD45430D97DE730ABAE.d.C5EA41F5A4CC7864A683F767220C472E.e.19758/click - {}
RESULT: {}
RESULT: {}
COMMAND: GET /session/4a7493391aacd7fc37792e05064413e7/screenshot - {}
RESULT: {}
]]></system-out>
    </testcase>
    <testcase classname="chrome.135_0_7049_96.windows.Create_Reverse_Billing_US127248" name="Should go into Billing Transfer and reverse the billing" time="34.793">
      <system-out><![CDATA[
COMMAND: POST /session/4a7493391aacd7fc37792e05064413e7/execute/async - {"script":"<script> [1562 bytes]","args":[{"selector":{"controlType":"sap.m.GenericTile","properties":{"header":"Billing Transfer"}},"wdio_ui5_key":"sapm.GenericTile{\"header\":\"Billing Transfer\"}"}]}
RESULT: {"script":"<script> [1562 bytes]","args":[{"selector":{"controlType":"sap.m.GenericTile","properties":{"header":"Billing Transfer"}},"wdio_ui5_key":"sapm.GenericTile{\"header\":\"Billing Transfer\"}"}]}
RESULT: undefined
COMMAND: POST /session/4a7493391aacd7fc37792e05064413e7/element - {"using":"xpath","value":"//*[@id=\"__tile50\"]"}
RESULT: {"using":"xpath","value":"//*[@id=\"__tile50\"]"}
COMMAND: POST /session/4a7493391aacd7fc37792e05064413e7/element/f.E133658EE593DCD45430D97DE730ABAE.d.C5EA41F5A4CC7864A683F767220C472E.e.16599/click - {}
RESULT: {}
COMMAND: POST /session/4a7493391aacd7fc37792e05064413e7/element - {"using":"xpath","value":"//input[contains(@id ,\"application-billingtransfer-display-component---billingWorkbench--smartFilterBar-btnBasicSearch\")]"}
COMMAND: GET /session/4a7493391aacd7fc37792e05064413e7/screenshot - {}
RESULT: {"using":"xpath","value":"//input[contains(@id ,\"application-billingtransfer-display-component---billingWorkbench--smartFilterBar-btnBasicSearch\")]"}
COMMAND: POST /session/4a7493391aacd7fc37792e05064413e7/elements - {"using":"xpath","value":"//input[contains(@id ,\"application-billingtransfer-display-component---billingWorkbench--smartFilterBar-btnBasicSearch\")]"}
RESULT: {}
RESULT: {"using":"xpath","value":"//input[contains(@id ,\"application-billingtransfer-display-component---billingWorkbench--smartFilterBar-btnBasicSearch\")]"}
COMMAND: POST /session/4a7493391aacd7fc37792e05064413e7/elements - {"using":"xpath","value":"//input[contains(@id ,\"application-billingtransfer-display-component---billingWorkbench--smartFilterBar-btnBasicSearch\")]"}
RESULT: {"using":"xpath","value":"//input[contains(@id ,\"application-billingtransfer-display-component---billingWorkbench--smartFilterBar-btnBasicSearch\")]"}
COMMAND: POST /session/4a7493391aacd7fc37792e05064413e7/element - {"using":"xpath","value":"//input[contains(@id ,\"application-billingtransfer-display-component---billingWorkbench--smartFilterBar-btnBasicSearch\")]"}
RESULT: {"using":"xpath","value":"//input[contains(@id ,\"application-billingtransfer-display-component---billingWorkbench--smartFilterBar-btnBasicSearch\")]"}
COMMAND: POST /session/4a7493391aacd7fc37792e05064413e7/execute/sync - {"script":"<script> [8489 bytes]","args":[{"element-6066-11e4-a52e-4f735466cecf":"f.E133658EE593DCD45430D97DE730ABAE.d.C5EA41F5A4CC7864A683F767220C472E.e.20192","ELEMENT":"f.E133658EE593DCD45430D97DE730ABAE.d.C5EA41F5A4CC7864A683F767220C472E.e.20192"}]}
RESULT: {"script":"<script> [8489 bytes]","args":[{"element-6066-11e4-a52e-4f735466cecf":"f.E133658EE593DCD45430D97DE730ABAE.d.C5EA41F5A4CC7864A683F767220C472E.e.20192","ELEMENT":"f.E133658EE593DCD45430D97DE730ABAE.d.C5EA41F5A4CC7864A683F767220C472E.e.20192"}]}
COMMAND: GET /session/4a7493391aacd7fc37792e05064413e7/element/f.E133658EE593DCD45430D97DE730ABAE.d.C5EA41F5A4CC7864A683F767220C472E.e.20192/enabled - {}
COMMAND: GET /session/4a7493391aacd7fc37792e05064413e7/screenshot - {}
RESULT: {}
COMMAND: POST /session/4a7493391aacd7fc37792e05064413e7/element/f.E133658EE593DCD45430D97DE730ABAE.d.C5EA41F5A4CC7864A683F767220C472E.e.20192/click - {}
COMMAND: GET /session/4a7493391aacd7fc37792e05064413e7/screenshot - {}
RESULT: {}
RESULT: {}
COMMAND: GET /session/4a7493391aacd7fc37792e05064413e7/screenshot - {}
RESULT: {}
RESULT: {}
COMMAND: POST /session/4a7493391aacd7fc37792e05064413e7/element/f.E133658EE593DCD45430D97DE730ABAE.d.C5EA41F5A4CC7864A683F767220C472E.e.20192/clear - {}
RESULT: {}
COMMAND: POST /session/4a7493391aacd7fc37792e05064413e7/element/f.E133658EE593DCD45430D97DE730ABAE.d.C5EA41F5A4CC7864A683F767220C472E.e.20192/value - {"text":"10354"}
COMMAND: GET /session/4a7493391aacd7fc37792e05064413e7/screenshot - {}
RESULT: {"text":"10354"}
COMMAND: POST /session/4a7493391aacd7fc37792e05064413e7/actions - {"actions":[{"id":"action72","type":"key","parameters":{},"actions":[{"type":"keyDown","value":"î€‡"},{"type":"pause","duration":10},{"type":"keyUp","value":"î€‡"}]}]}
COMMAND: GET /session/4a7493391aacd7fc37792e05064413e7/screenshot - {}
RESULT: {}
RESULT: {"actions":[{"id":"action72","type":"key","parameters":{},"actions":[{"type":"keyDown","value":"î€‡"},{"type":"pause","duration":10},{"type":"keyUp","value":"î€‡"}]}]}
COMMAND: GET /session/4a7493391aacd7fc37792e05064413e7/screenshot - {}
RESULT: {}
RESULT: {}
COMMAND: POST /session/4a7493391aacd7fc37792e05064413e7/element - {"using":"xpath","value":"//span[contains(@id ,\"application-billingtransfer-display-component---billingWorkbench--smartTableBillingRuns-header-inner\")]"}
RESULT: {"using":"xpath","value":"//span[contains(@id ,\"application-billingtransfer-display-component---billingWorkbench--smartTableBillingRuns-header-inner\")]"}
COMMAND: POST /session/4a7493391aacd7fc37792e05064413e7/elements - {"using":"xpath","value":"//span[contains(@id ,\"application-billingtransfer-display-component---billingWorkbench--smartTableBillingRuns-header-inner\")]"}
RESULT: {"using":"xpath","value":"//span[contains(@id ,\"application-billingtransfer-display-component---billingWorkbench--smartTableBillingRuns-header-inner\")]"}
COMMAND: POST /session/4a7493391aacd7fc37792e05064413e7/execute/sync - {"script":"<script> [56 bytes]","args":[{"element-6066-11e4-a52e-4f735466cecf":"f.E133658EE593DCD45430D97DE730ABAE.d.C5EA41F5A4CC7864A683F767220C472E.e.20348","ELEMENT":"f.E133658EE593DCD45430D97DE730ABAE.d.C5EA41F5A4CC7864A683F767220C472E.e.20348"}]}
RESULT: {"script":"<script> [56 bytes]","args":[{"element-6066-11e4-a52e-4f735466cecf":"f.E133658EE593DCD45430D97DE730ABAE.d.C5EA41F5A4CC7864A683F767220C472E.e.20348","ELEMENT":"f.E133658EE593DCD45430D97DE730ABAE.d.C5EA41F5A4CC7864A683F767220C472E.e.20348"}]}
COMMAND: POST /session/4a7493391aacd7fc37792e05064413e7/element - {"using":"xpath","value":"//td[@aria-colindex=\"1\"]/div/div[contains(@class, \"sapMCbBg\")]"}
COMMAND: GET /session/4a7493391aacd7fc37792e05064413e7/screenshot - {}
RESULT: {"using":"xpath","value":"//td[@aria-colindex=\"1\"]/div/div[contains(@class, \"sapMCbBg\")]"}
COMMAND: POST /session/4a7493391aacd7fc37792e05064413e7/element/f.E133658EE593DCD45430D97DE730ABAE.d.C5EA41F5A4CC7864A683F767220C472E.e.20339/click - {}
RESULT: {}
RESULT: {}
COMMAND: GET /session/4a7493391aacd7fc37792e05064413e7/screenshot - {}
RESULT: {}
COMMAND: POST /session/4a7493391aacd7fc37792e05064413e7/element - {"using":"xpath","value":"//bdi[contains(text(), \"Reverse\")]"}
RESULT: {"using":"xpath","value":"//bdi[contains(text(), \"Reverse\")]"}
COMMAND: POST /session/4a7493391aacd7fc37792e05064413e7/element/f.E133658EE593DCD45430D97DE730ABAE.d.C5EA41F5A4CC7864A683F767220C472E.e.20349/click - {}
RESULT: {}
COMMAND: GET /session/4a7493391aacd7fc37792e05064413e7/screenshot - {}
RESULT: {}
COMMAND: POST /session/4a7493391aacd7fc37792e05064413e7/element - {"using":"xpath","value":"//input[contains(@id ,\"application-billingtransfer-display-component---billingWorkbench--smartFilterBar-btnBasicSearch\")]"}
RESULT: {"using":"xpath","value":"//input[contains(@id ,\"application-billingtransfer-display-component---billingWorkbench--smartFilterBar-btnBasicSearch\")]"}
COMMAND: POST /session/4a7493391aacd7fc37792e05064413e7/elements - {"using":"xpath","value":"//input[contains(@id ,\"application-billingtransfer-display-component---billingWorkbench--smartFilterBar-btnBasicSearch\")]"}
RESULT: {"using":"xpath","value":"//input[contains(@id ,\"application-billingtransfer-display-component---billingWorkbench--smartFilterBar-btnBasicSearch\")]"}
COMMAND: POST /session/4a7493391aacd7fc37792e05064413e7/execute/sync - {"script":"<script> [8489 bytes]","args":[{"element-6066-11e4-a52e-4f735466cecf":"f.E133658EE593DCD45430D97DE730ABAE.d.C5EA41F5A4CC7864A683F767220C472E.e.20192","ELEMENT":"f.E133658EE593DCD45430D97DE730ABAE.d.C5EA41F5A4CC7864A683F767220C472E.e.20192"}]}
RESULT: {"script":"<script> [8489 bytes]","args":[{"element-6066-11e4-a52e-4f735466cecf":"f.E133658EE593DCD45430D97DE730ABAE.d.C5EA41F5A4CC7864A683F767220C472E.e.20192","ELEMENT":"f.E133658EE593DCD45430D97DE730ABAE.d.C5EA41F5A4CC7864A683F767220C472E.e.20192"}]}
COMMAND: GET /session/4a7493391aacd7fc37792e05064413e7/element/f.E133658EE593DCD45430D97DE730ABAE.d.C5EA41F5A4CC7864A683F767220C472E.e.20192/enabled - {}
COMMAND: GET /session/4a7493391aacd7fc37792e05064413e7/screenshot - {}
RESULT: {}
COMMAND: POST /session/4a7493391aacd7fc37792e05064413e7/element/f.E133658EE593DCD45430D97DE730ABAE.d.C5EA41F5A4CC7864A683F767220C472E.e.20192/click - {}
COMMAND: GET /session/4a7493391aacd7fc37792e05064413e7/screenshot - {}
RESULT: {}
RESULT: {}
COMMAND: GET /session/4a7493391aacd7fc37792e05064413e7/screenshot - {}
RESULT: {}
RESULT: {}
COMMAND: POST /session/4a7493391aacd7fc37792e05064413e7/element/f.E133658EE593DCD45430D97DE730ABAE.d.C5EA41F5A4CC7864A683F767220C472E.e.20192/clear - {}
RESULT: {}
COMMAND: POST /session/4a7493391aacd7fc37792e05064413e7/element/f.E133658EE593DCD45430D97DE730ABAE.d.C5EA41F5A4CC7864A683F767220C472E.e.20192/value - {"text":"10354"}
COMMAND: GET /session/4a7493391aacd7fc37792e05064413e7/screenshot - {}
RESULT: {"text":"10354"}
COMMAND: POST /session/4a7493391aacd7fc37792e05064413e7/actions - {"actions":[{"id":"action73","type":"key","parameters":{},"actions":[{"type":"keyDown","value":"î€‡"},{"type":"pause","duration":10},{"type":"keyUp","value":"î€‡"}]}]}
COMMAND: GET /session/4a7493391aacd7fc37792e05064413e7/screenshot - {}
RESULT: {}
RESULT: {"actions":[{"id":"action73","type":"key","parameters":{},"actions":[{"type":"keyDown","value":"î€‡"},{"type":"pause","duration":10},{"type":"keyUp","value":"î€‡"}]}]}
COMMAND: GET /session/4a7493391aacd7fc37792e05064413e7/screenshot - {}
RESULT: {}
RESULT: {}
COMMAND: POST /session/4a7493391aacd7fc37792e05064413e7/element - {"using":"xpath","value":"//span[contains(@id ,\"application-billingtransfer-display-component---billingWorkbench--smartTableBillingRuns-header-inner\")]"}
RESULT: {"using":"xpath","value":"//span[contains(@id ,\"application-billingtransfer-display-component---billingWorkbench--smartTableBillingRuns-header-inner\")]"}
COMMAND: POST /session/4a7493391aacd7fc37792e05064413e7/elements - {"using":"xpath","value":"//span[contains(@id ,\"application-billingtransfer-display-component---billingWorkbench--smartTableBillingRuns-header-inner\")]"}
RESULT: {"using":"xpath","value":"//span[contains(@id ,\"application-billingtransfer-display-component---billingWorkbench--smartTableBillingRuns-header-inner\")]"}
COMMAND: POST /session/4a7493391aacd7fc37792e05064413e7/execute/sync - {"script":"<script> [56 bytes]","args":[{"element-6066-11e4-a52e-4f735466cecf":"f.E133658EE593DCD45430D97DE730ABAE.d.C5EA41F5A4CC7864A683F767220C472E.e.20348","ELEMENT":"f.E133658EE593DCD45430D97DE730ABAE.d.C5EA41F5A4CC7864A683F767220C472E.e.20348"}]}
RESULT: {"script":"<script> [56 bytes]","args":[{"element-6066-11e4-a52e-4f735466cecf":"f.E133658EE593DCD45430D97DE730ABAE.d.C5EA41F5A4CC7864A683F767220C472E.e.20348","ELEMENT":"f.E133658EE593DCD45430D97DE730ABAE.d.C5EA41F5A4CC7864A683F767220C472E.e.20348"}]}
COMMAND: POST /session/4a7493391aacd7fc37792e05064413e7/element - {"using":"css selector","value":"#shell-header-logo"}
COMMAND: GET /session/4a7493391aacd7fc37792e05064413e7/screenshot - {}
RESULT: {"using":"css selector","value":"#shell-header-logo"}
COMMAND: POST /session/4a7493391aacd7fc37792e05064413e7/element/f.E133658EE593DCD45430D97DE730ABAE.d.C5EA41F5A4CC7864A683F767220C472E.e.20190/click - {}
RESULT: {}
RESULT: {}
COMMAND: GET /session/4a7493391aacd7fc37792e05064413e7/screenshot - {}
RESULT: {}
COMMAND: DELETE /session/4a7493391aacd7fc37792e05064413e7 - {}
RESULT: {}
]]></system-out>
    </testcase>
  </testsuite>
</testsuites>