<?xml version="1.0" encoding="UTF-8"?>
<testsuites tests="6" failures="6" errors="6" skipped="0">
  <testsuite timestamp="2025-05-19T16:34:26" time="636.604" tests="6" failures="6" errors="6" skipped="0">
    <properties>
      <property name="specId" value="0" />
      <property name="suiteName" value="RU Inventory Mass State Change Multiple Items US151066" />
      <property name="capabilities" value="chrome.136_0_7103_93.windows" />
      <property name="file" value="file:///D:/a/1/s/test/specs/HTR/ru-inv-list-mass-state-change.spec.js" />
    </properties>
  </testsuite>
</testsuites>