<?xml version="1.0" encoding="UTF-8"?>
<testsuites tests="6" failures="3" errors="3" skipped="0">
  <testsuite timestamp="2025-05-22T16:34:45" time="772.345" tests="6" failures="3" errors="3" skipped="0">
    <properties>
      <property name="specId" value="0"/>
      <property name="suiteName" value="RU Inventory Mass State Change Multiple Items US151066"/>
      <property name="capabilities" value="chrome.136_0_7103_93.windows"/>
      <property name="file" value="file:///D:/a/1/s/test/specs/HTR/ru-inv-list-mass-state-change.spec.js"/>
    </properties>
    <testcase classname="chrome.136_0_7103_93.windows.RU_Inventory_Mass_State_Change_Multiple_Items_US151066" name="Step 1 Should do a RU inventory mass state change on chosen yard 109 with the resources available one equipment multipart one tool pool" time="276.495">
      <system-out><![CDATA[
COMMAND: POST /session/edb7769f788cd4bc8c02fbd4b7269a59/execute/async - {"script":"<script> [1562 bytes]","args":[{"selector":{"controlType":"sap.m.GenericTile","properties":{"header":"RU Inventory List"}},"wdio_ui5_key":"sapm.GenericTile{\"header\":\"RU Inventory List\"}"}]}
RESULT: {"script":"<script> [1562 bytes]","args":[{"selector":{"controlType":"sap.m.GenericTile","properties":{"header":"RU Inventory List"}},"wdio_ui5_key":"sapm.GenericTile{\"header\":\"RU Inventory List\"}"}]}
RESULT: undefined
COMMAND: POST /session/edb7769f788cd4bc8c02fbd4b7269a59/element - {"using":"xpath","value":"//*[@id=\"__tile99\"]"}
RESULT: {"using":"xpath","value":"//*[@id=\"__tile99\"]"}
COMMAND: POST /session/edb7769f788cd4bc8c02fbd4b7269a59/element/f.80861FA1C8F2A5B6E231BC1E2F0865F6.d.4C8EA23A1CAA1BEC7CBA9444A33587ED.e.258/click - {}
RESULT: {}
COMMAND: GET /session/edb7769f788cd4bc8c02fbd4b7269a59/screenshot - {}
RESULT: {}
COMMAND: POST /session/edb7769f788cd4bc8c02fbd4b7269a59/elements - {"using":"xpath","value":"//span[text()='Error']"}
RESULT: {"using":"xpath","value":"//span[text()='Error']"}
COMMAND: POST /session/edb7769f788cd4bc8c02fbd4b7269a59/element - {"using":"xpath","value":"//button[contains(@id, \"massStateBtn\")]"}
RESULT: {"using":"xpath","value":"//button[contains(@id, \"massStateBtn\")]"}
COMMAND: POST /session/edb7769f788cd4bc8c02fbd4b7269a59/elements - {"using":"xpath","value":"//button[contains(@id, \"massStateBtn\")]"}
RESULT: {"using":"xpath","value":"//button[contains(@id, \"massStateBtn\")]"}
COMMAND: POST /session/edb7769f788cd4bc8c02fbd4b7269a59/elements - {"using":"xpath","value":"//button[contains(@id, \"massStateBtn\")]"}
RESULT: {"using":"xpath","value":"//button[contains(@id, \"massStateBtn\")]"}
COMMAND: POST /session/edb7769f788cd4bc8c02fbd4b7269a59/elements - {"using":"xpath","value":"//button[contains(@id, \"massStateBtn\")]"}
RESULT: {"using":"xpath","value":"//button[contains(@id, \"massStateBtn\")]"}
COMMAND: POST /session/edb7769f788cd4bc8c02fbd4b7269a59/elements - {"using":"xpath","value":"//button[contains(@id, \"massStateBtn\")]"}
RESULT: {"using":"xpath","value":"//button[contains(@id, \"massStateBtn\")]"}
COMMAND: POST /session/edb7769f788cd4bc8c02fbd4b7269a59/elements - {"using":"xpath","value":"//button[contains(@id, \"massStateBtn\")]"}
RESULT: {"using":"xpath","value":"//button[contains(@id, \"massStateBtn\")]"}
COMMAND: POST /session/edb7769f788cd4bc8c02fbd4b7269a59/elements - {"using":"xpath","value":"//button[contains(@id, \"massStateBtn\")]"}
RESULT: {"using":"xpath","value":"//button[contains(@id, \"massStateBtn\")]"}
COMMAND: POST /session/edb7769f788cd4bc8c02fbd4b7269a59/elements - {"using":"xpath","value":"//button[contains(@id, \"massStateBtn\")]"}
RESULT: {"using":"xpath","value":"//button[contains(@id, \"massStateBtn\")]"}
COMMAND: POST /session/edb7769f788cd4bc8c02fbd4b7269a59/element - {"using":"xpath","value":"//button[contains(@id, \"massStateBtn\")]"}
RESULT: {"using":"xpath","value":"//button[contains(@id, \"massStateBtn\")]"}
COMMAND: POST /session/edb7769f788cd4bc8c02fbd4b7269a59/execute/sync - {"script":"<script> [8489 bytes]","args":[{"element-6066-11e4-a52e-4f735466cecf":"f.80861FA1C8F2A5B6E231BC1E2F0865F6.d.4C8EA23A1CAA1BEC7CBA9444A33587ED.e.294","ELEMENT":"f.80861FA1C8F2A5B6E231BC1E2F0865F6.d.4C8EA23A1CAA1BEC7CBA9444A33587ED.e.294"}]}
RESULT: {"script":"<script> [8489 bytes]","args":[{"element-6066-11e4-a52e-4f735466cecf":"f.80861FA1C8F2A5B6E231BC1E2F0865F6.d.4C8EA23A1CAA1BEC7CBA9444A33587ED.e.294","ELEMENT":"f.80861FA1C8F2A5B6E231BC1E2F0865F6.d.4C8EA23A1CAA1BEC7CBA9444A33587ED.e.294"}]}
COMMAND: GET /session/edb7769f788cd4bc8c02fbd4b7269a59/element/f.80861FA1C8F2A5B6E231BC1E2F0865F6.d.4C8EA23A1CAA1BEC7CBA9444A33587ED.e.294/enabled - {}
COMMAND: GET /session/edb7769f788cd4bc8c02fbd4b7269a59/screenshot - {}
RESULT: {}
COMMAND: POST /session/edb7769f788cd4bc8c02fbd4b7269a59/execute/sync - {"script":"<script> [8489 bytes]","args":[{"element-6066-11e4-a52e-4f735466cecf":"f.80861FA1C8F2A5B6E231BC1E2F0865F6.d.4C8EA23A1CAA1BEC7CBA9444A33587ED.e.294","ELEMENT":"f.80861FA1C8F2A5B6E231BC1E2F0865F6.d.4C8EA23A1CAA1BEC7CBA9444A33587ED.e.294"}]}
COMMAND: GET /session/edb7769f788cd4bc8c02fbd4b7269a59/screenshot - {}
RESULT: {}
RESULT: {"script":"<script> [8489 bytes]","args":[{"element-6066-11e4-a52e-4f735466cecf":"f.80861FA1C8F2A5B6E231BC1E2F0865F6.d.4C8EA23A1CAA1BEC7CBA9444A33587ED.e.294","ELEMENT":"f.80861FA1C8F2A5B6E231BC1E2F0865F6.d.4C8EA23A1CAA1BEC7CBA9444A33587ED.e.294"}]}
COMMAND: POST /session/edb7769f788cd4bc8c02fbd4b7269a59/execute/sync - {"script":"<script> [5351 bytes]","args":[{"element-6066-11e4-a52e-4f735466cecf":"f.80861FA1C8F2A5B6E231BC1E2F0865F6.d.4C8EA23A1CAA1BEC7CBA9444A33587ED.e.294","ELEMENT":"f.80861FA1C8F2A5B6E231BC1E2F0865F6.d.4C8EA23A1CAA1BEC7CBA9444A33587ED.e.294"}]}
COMMAND: GET /session/edb7769f788cd4bc8c02fbd4b7269a59/screenshot - {}
RESULT: {}
RESULT: {"script":"<script> [5351 bytes]","args":[{"element-6066-11e4-a52e-4f735466cecf":"f.80861FA1C8F2A5B6E231BC1E2F0865F6.d.4C8EA23A1CAA1BEC7CBA9444A33587ED.e.294","ELEMENT":"f.80861FA1C8F2A5B6E231BC1E2F0865F6.d.4C8EA23A1CAA1BEC7CBA9444A33587ED.e.294"}]}
COMMAND: POST /session/edb7769f788cd4bc8c02fbd4b7269a59/element/f.80861FA1C8F2A5B6E231BC1E2F0865F6.d.4C8EA23A1CAA1BEC7CBA9444A33587ED.e.294/click - {}
COMMAND: GET /session/edb7769f788cd4bc8c02fbd4b7269a59/screenshot - {}
RESULT: {}
RESULT: {}
COMMAND: GET /session/edb7769f788cd4bc8c02fbd4b7269a59/screenshot - {}
RESULT: {}
RESULT: {}
COMMAND: POST /session/edb7769f788cd4bc8c02fbd4b7269a59/execute/async - {"script":"<script> [1562 bytes]","args":[{"selector":{"id":"application-ruinventorylist-display-component---Master--ruLocationTypeComboBox-arrow"},"wdio_ui5_key":"applicationruinventorylist-display-component---Master--ruLocationTypeComboBox-arrow"}]}
RESULT: {"script":"<script> [1562 bytes]","args":[{"selector":{"id":"application-ruinventorylist-display-component---Master--ruLocationTypeComboBox-arrow"},"wdio_ui5_key":"applicationruinventorylist-display-component---Master--ruLocationTypeComboBox-arrow"}]}
RESULT: undefined
COMMAND: POST /session/edb7769f788cd4bc8c02fbd4b7269a59/element - {"using":"xpath","value":"//*[@id=\"application-ruinventorylist-display-component---Master--ruLocationTypeComboBox-arrow\"]"}
RESULT: {"using":"xpath","value":"//*[@id=\"application-ruinventorylist-display-component---Master--ruLocationTypeComboBox-arrow\"]"}
COMMAND: POST /session/edb7769f788cd4bc8c02fbd4b7269a59/element/f.80861FA1C8F2A5B6E231BC1E2F0865F6.d.4C8EA23A1CAA1BEC7CBA9444A33587ED.e.531/click - {}
RESULT: {}
COMMAND: GET /session/edb7769f788cd4bc8c02fbd4b7269a59/screenshot - {}
RESULT: {}
COMMAND: POST /session/edb7769f788cd4bc8c02fbd4b7269a59/element - {"using":"xpath","value":"//li[.//span[text()='Yard']]"}
RESULT: {"using":"xpath","value":"//li[.//span[text()='Yard']]"}
COMMAND: POST /session/edb7769f788cd4bc8c02fbd4b7269a59/element/f.80861FA1C8F2A5B6E231BC1E2F0865F6.d.4C8EA23A1CAA1BEC7CBA9444A33587ED.e.532/click - {}
RESULT: {}
COMMAND: GET /session/edb7769f788cd4bc8c02fbd4b7269a59/screenshot - {}
RESULT: {}
COMMAND: POST /session/edb7769f788cd4bc8c02fbd4b7269a59/execute/async - {"script":"<script> [1562 bytes]","args":[{"selector":{"id":"application-ruinventorylist-display-component---Master--smartFilterBar-filterItemControl_BASIC-YARD-vhi"},"wdio_ui5_key":"applicationruinventorylist-display-component---Master--smartFilterBar-filterItemControl_BASIC-YARD-vhi"}]}
RESULT: {"script":"<script> [1562 bytes]","args":[{"selector":{"id":"application-ruinventorylist-display-component---Master--smartFilterBar-filterItemControl_BASIC-YARD-vhi"},"wdio_ui5_key":"applicationruinventorylist-display-component---Master--smartFilterBar-filterItemControl_BASIC-YARD-vhi"}]}
RESULT: undefined
COMMAND: POST /session/edb7769f788cd4bc8c02fbd4b7269a59/element - {"using":"xpath","value":"//*[@id=\"application-ruinventorylist-display-component---Master--smartFilterBar-filterItemControl_BASIC-YARD-vhi\"]"}
RESULT: {"using":"xpath","value":"//*[@id=\"application-ruinventorylist-display-component---Master--smartFilterBar-filterItemControl_BASIC-YARD-vhi\"]"}
COMMAND: POST /session/edb7769f788cd4bc8c02fbd4b7269a59/element/f.80861FA1C8F2A5B6E231BC1E2F0865F6.d.4C8EA23A1CAA1BEC7CBA9444A33587ED.e.570/click - {}
RESULT: {}
COMMAND: GET /session/edb7769f788cd4bc8c02fbd4b7269a59/screenshot - {}
RESULT: {}
COMMAND: POST /session/edb7769f788cd4bc8c02fbd4b7269a59/execute/async - {"script":"<script> [1562 bytes]","args":[{"selector":{"id":"application-ruinventorylist-display-component---Master--smartFilterBar-filterItemControl_BASIC-YARD-valueHelpDialog-smartFilterBar-btnBasicSearch","searchOpenDialogs":true,"interaction":{"idSuffix":"I"}},"wdio_ui5_key":"applicationruinventorylist-display-component---Master--smartFilterBar-filterItemControl_BASIC-YARD-valueHelpDialog-smartFilterBar-btnBasicSearch"}]}
RESULT: {"script":"<script> [1562 bytes]","args":[{"selector":{"id":"application-ruinventorylist-display-component---Master--smartFilterBar-filterItemControl_BASIC-YARD-valueHelpDialog-smartFilterBar-btnBasicSearch","searchOpenDialogs":true,"interaction":{"idSuffix":"I"}},"wdio_ui5_key":"applicationruinventorylist-display-component---Master--smartFilterBar-filterItemControl_BASIC-YARD-valueHelpDialog-smartFilterBar-btnBasicSearch"}]}
RESULT: undefined
COMMAND: POST /session/edb7769f788cd4bc8c02fbd4b7269a59/execute/async - {"script":"<script> [776 bytes]","args":[{"enterText":"109","selector":{"id":"application-ruinventorylist-display-component---Master--smartFilterBar-filterItemControl_BASIC-YARD-valueHelpDialog-smartFilterBar-btnBasicSearch","searchOpenDialogs":true,"interaction":{"idSuffix":"I"}},"clearTextFirst":true,"interactionType":"ENTER_TEXT"}]}
RESULT: {"script":"<script> [776 bytes]","args":[{"enterText":"109","selector":{"id":"application-ruinventorylist-display-component---Master--smartFilterBar-filterItemControl_BASIC-YARD-valueHelpDialog-smartFilterBar-btnBasicSearch","searchOpenDialogs":true,"interaction":{"idSuffix":"I"}},"clearTextFirst":true,"interactionType":"ENTER_TEXT"}]}
COMMAND: POST /session/edb7769f788cd4bc8c02fbd4b7269a59/actions - {"actions":[{"id":"action1","type":"key","parameters":{},"actions":[{"type":"keyDown","value":""},{"type":"pause","duration":10},{"type":"keyUp","value":""}]}]}
RESULT: {"actions":[{"id":"action1","type":"key","parameters":{},"actions":[{"type":"keyDown","value":""},{"type":"pause","duration":10},{"type":"keyUp","value":""}]}]}
COMMAND: GET /session/edb7769f788cd4bc8c02fbd4b7269a59/screenshot - {}
RESULT: {}
COMMAND: POST /session/edb7769f788cd4bc8c02fbd4b7269a59/elements - {"using":"xpath","value":"//table[contains(@id, \"filterItemControl_BASIC-YARD-valueHelpDialog-table-table\")]/tbody/tr"}
RESULT: {"using":"xpath","value":"//table[contains(@id, \"filterItemControl_BASIC-YARD-valueHelpDialog-table-table\")]/tbody/tr"}
COMMAND: POST /session/edb7769f788cd4bc8c02fbd4b7269a59/element - {"using":"xpath","value":"//table[contains(@id, \"filterItemControl_BASIC-YARD-valueHelpDialog-table-table\")]/tbody/tr[1]/td[1]/div/span"}
RESULT: {"using":"xpath","value":"//table[contains(@id, \"filterItemControl_BASIC-YARD-valueHelpDialog-table-table\")]/tbody/tr[1]/td[1]/div/span"}
COMMAND: POST /session/edb7769f788cd4bc8c02fbd4b7269a59/elements - {"using":"xpath","value":"//table[contains(@id, \"filterItemControl_BASIC-YARD-valueHelpDialog-table-table\")]/tbody/tr[1]/td[1]/div/span"}
RESULT: {"using":"xpath","value":"//table[contains(@id, \"filterItemControl_BASIC-YARD-valueHelpDialog-table-table\")]/tbody/tr[1]/td[1]/div/span"}
COMMAND: POST /session/edb7769f788cd4bc8c02fbd4b7269a59/execute/sync - {"script":"<script> [56 bytes]","args":[{"element-6066-11e4-a52e-4f735466cecf":"f.80861FA1C8F2A5B6E231BC1E2F0865F6.d.4C8EA23A1CAA1BEC7CBA9444A33587ED.e.593","ELEMENT":"f.80861FA1C8F2A5B6E231BC1E2F0865F6.d.4C8EA23A1CAA1BEC7CBA9444A33587ED.e.593"}]}
RESULT: {"script":"<script> [56 bytes]","args":[{"element-6066-11e4-a52e-4f735466cecf":"f.80861FA1C8F2A5B6E231BC1E2F0865F6.d.4C8EA23A1CAA1BEC7CBA9444A33587ED.e.593","ELEMENT":"f.80861FA1C8F2A5B6E231BC1E2F0865F6.d.4C8EA23A1CAA1BEC7CBA9444A33587ED.e.593"}]}
COMMAND: POST /session/edb7769f788cd4bc8c02fbd4b7269a59/element - {"using":"xpath","value":"//div[contains(@id, \"filterItemControl_BASIC-YARD-valueHelpDialog-table-rowsel0\")]"}
COMMAND: GET /session/edb7769f788cd4bc8c02fbd4b7269a59/screenshot - {}
RESULT: {"using":"xpath","value":"//div[contains(@id, \"filterItemControl_BASIC-YARD-valueHelpDialog-table-rowsel0\")]"}
COMMAND: POST /session/edb7769f788cd4bc8c02fbd4b7269a59/element/f.80861FA1C8F2A5B6E231BC1E2F0865F6.d.4C8EA23A1CAA1BEC7CBA9444A33587ED.e.594/click - {}
RESULT: {}
RESULT: {}
COMMAND: GET /session/edb7769f788cd4bc8c02fbd4b7269a59/screenshot - {}
RESULT: {}
COMMAND: POST /session/edb7769f788cd4bc8c02fbd4b7269a59/element - {"using":"xpath","value":"//div[contains(@id, \"smartFilterBar-filterItemControl_BASIC-YARD-valueHelpDialog-smartFilterBar-btnBasicSearch-reset\")]"}
RESULT: {"using":"xpath","value":"//div[contains(@id, \"smartFilterBar-filterItemControl_BASIC-YARD-valueHelpDialog-smartFilterBar-btnBasicSearch-reset\")]"}
COMMAND: POST /session/edb7769f788cd4bc8c02fbd4b7269a59/element/f.80861FA1C8F2A5B6E231BC1E2F0865F6.d.4C8EA23A1CAA1BEC7CBA9444A33587ED.e.596/click - {}
RESULT: {}
RESULT: undefined
COMMAND: POST /session/edb7769f788cd4bc8c02fbd4b7269a59/execute/async - {"script":"<script> [776 bytes]","args":[{"enterText":"OPA5_BST01_YARD1","selector":{"id":"application-ruinventorylist-display-component---Master--smartFilterBar-filterItemControl_BASIC-YARD-valueHelpDialog-smartFilterBar-btnBasicSearch","searchOpenDialogs":true,"interaction":{"idSuffix":"I"}},"clearTextFirst":true,"interactionType":"ENTER_TEXT"}]}
COMMAND: GET /session/edb7769f788cd4bc8c02fbd4b7269a59/screenshot - {}
RESULT: {"script":"<script> [776 bytes]","args":[{"enterText":"OPA5_BST01_YARD1","selector":{"id":"application-ruinventorylist-display-component---Master--smartFilterBar-filterItemControl_BASIC-YARD-valueHelpDialog-smartFilterBar-btnBasicSearch","searchOpenDialogs":true,"interaction":{"idSuffix":"I"}},"clearTextFirst":true,"interactionType":"ENTER_TEXT"}]}
COMMAND: POST /session/edb7769f788cd4bc8c02fbd4b7269a59/actions - {"actions":[{"id":"action2","type":"key","parameters":{},"actions":[{"type":"keyDown","value":""},{"type":"pause","duration":10},{"type":"keyUp","value":""}]}]}
RESULT: {}
RESULT: {"actions":[{"id":"action2","type":"key","parameters":{},"actions":[{"type":"keyDown","value":""},{"type":"pause","duration":10},{"type":"keyUp","value":""}]}]}
COMMAND: GET /session/edb7769f788cd4bc8c02fbd4b7269a59/screenshot - {}
RESULT: {}
COMMAND: POST /session/edb7769f788cd4bc8c02fbd4b7269a59/elements - {"using":"xpath","value":"//table[contains(@id, \"filterItemControl_BASIC-YARD-valueHelpDialog-table-table\")]/tbody/tr"}
RESULT: {"using":"xpath","value":"//table[contains(@id, \"filterItemControl_BASIC-YARD-valueHelpDialog-table-table\")]/tbody/tr"}
COMMAND: POST /session/edb7769f788cd4bc8c02fbd4b7269a59/element - {"using":"xpath","value":"//table[contains(@id, \"filterItemControl_BASIC-YARD-valueHelpDialog-table-table\")]/tbody/tr[1]/td[1]/div/span"}
RESULT: {"using":"xpath","value":"//table[contains(@id, \"filterItemControl_BASIC-YARD-valueHelpDialog-table-table\")]/tbody/tr[1]/td[1]/div/span"}
COMMAND: POST /session/edb7769f788cd4bc8c02fbd4b7269a59/elements - {"using":"xpath","value":"//table[contains(@id, \"filterItemControl_BASIC-YARD-valueHelpDialog-table-table\")]/tbody/tr[1]/td[1]/div/span"}
RESULT: {"using":"xpath","value":"//table[contains(@id, \"filterItemControl_BASIC-YARD-valueHelpDialog-table-table\")]/tbody/tr[1]/td[1]/div/span"}
COMMAND: POST /session/edb7769f788cd4bc8c02fbd4b7269a59/execute/sync - {"script":"<script> [56 bytes]","args":[{"element-6066-11e4-a52e-4f735466cecf":"f.80861FA1C8F2A5B6E231BC1E2F0865F6.d.4C8EA23A1CAA1BEC7CBA9444A33587ED.e.593","ELEMENT":"f.80861FA1C8F2A5B6E231BC1E2F0865F6.d.4C8EA23A1CAA1BEC7CBA9444A33587ED.e.593"}]}
RESULT: {"script":"<script> [56 bytes]","args":[{"element-6066-11e4-a52e-4f735466cecf":"f.80861FA1C8F2A5B6E231BC1E2F0865F6.d.4C8EA23A1CAA1BEC7CBA9444A33587ED.e.593","ELEMENT":"f.80861FA1C8F2A5B6E231BC1E2F0865F6.d.4C8EA23A1CAA1BEC7CBA9444A33587ED.e.593"}]}
COMMAND: POST /session/edb7769f788cd4bc8c02fbd4b7269a59/element - {"using":"xpath","value":"//div[contains(@id, \"filterItemControl_BASIC-YARD-valueHelpDialog-table-rowsel0\")]"}
COMMAND: GET /session/edb7769f788cd4bc8c02fbd4b7269a59/screenshot - {}
RESULT: {"using":"xpath","value":"//div[contains(@id, \"filterItemControl_BASIC-YARD-valueHelpDialog-table-rowsel0\")]"}
COMMAND: POST /session/edb7769f788cd4bc8c02fbd4b7269a59/element/f.80861FA1C8F2A5B6E231BC1E2F0865F6.d.4C8EA23A1CAA1BEC7CBA9444A33587ED.e.594/click - {}
RESULT: {}
RESULT: {}
COMMAND: GET /session/edb7769f788cd4bc8c02fbd4b7269a59/screenshot - {}
RESULT: {}
COMMAND: POST /session/edb7769f788cd4bc8c02fbd4b7269a59/element - {"using":"xpath","value":"(//bdi[contains(text(), \"OK\")])[1]"}
RESULT: {"using":"xpath","value":"(//bdi[contains(text(), \"OK\")])[1]"}
COMMAND: POST /session/edb7769f788cd4bc8c02fbd4b7269a59/element/f.80861FA1C8F2A5B6E231BC1E2F0865F6.d.4C8EA23A1CAA1BEC7CBA9444A33587ED.e.597/click - {}
RESULT: {}
COMMAND: GET /session/edb7769f788cd4bc8c02fbd4b7269a59/screenshot - {}
RESULT: {}
COMMAND: POST /session/edb7769f788cd4bc8c02fbd4b7269a59/element - {"using":"xpath","value":"//span[@id=\"application-ruinventorylist-display-component---Master--smartTableRuInventoryList-header-inner\"]"}
RESULT: {"using":"xpath","value":"//span[@id=\"application-ruinventorylist-display-component---Master--smartTableRuInventoryList-header-inner\"]"}
COMMAND: POST /session/edb7769f788cd4bc8c02fbd4b7269a59/elements - {"using":"xpath","value":"//span[@id=\"application-ruinventorylist-display-component---Master--smartTableRuInventoryList-header-inner\"]"}
RESULT: {"using":"xpath","value":"//span[@id=\"application-ruinventorylist-display-component---Master--smartTableRuInventoryList-header-inner\"]"}
COMMAND: POST /session/edb7769f788cd4bc8c02fbd4b7269a59/execute/sync - {"script":"<script> [56 bytes]","args":[{"element-6066-11e4-a52e-4f735466cecf":"f.80861FA1C8F2A5B6E231BC1E2F0865F6.d.4C8EA23A1CAA1BEC7CBA9444A33587ED.e.756","ELEMENT":"f.80861FA1C8F2A5B6E231BC1E2F0865F6.d.4C8EA23A1CAA1BEC7CBA9444A33587ED.e.756"}]}
RESULT: {"script":"<script> [56 bytes]","args":[{"element-6066-11e4-a52e-4f735466cecf":"f.80861FA1C8F2A5B6E231BC1E2F0865F6.d.4C8EA23A1CAA1BEC7CBA9444A33587ED.e.756","ELEMENT":"f.80861FA1C8F2A5B6E231BC1E2F0865F6.d.4C8EA23A1CAA1BEC7CBA9444A33587ED.e.756"}]}
COMMAND: POST /session/edb7769f788cd4bc8c02fbd4b7269a59/execute/async - {"script":"<script> [1562 bytes]","args":[{"selector":{"id":"application-ruinventorylist-display-component---Master--smartFilterBar-btnBasicSearch","interaction":{"idSuffix":"I"}},"wdio_ui5_key":"applicationruinventorylist-display-component---Master--smartFilterBar-btnBasicSearch"}]}
COMMAND: GET /session/edb7769f788cd4bc8c02fbd4b7269a59/screenshot - {}
RESULT: {"script":"<script> [1562 bytes]","args":[{"selector":{"id":"application-ruinventorylist-display-component---Master--smartFilterBar-btnBasicSearch","interaction":{"idSuffix":"I"}},"wdio_ui5_key":"applicationruinventorylist-display-component---Master--smartFilterBar-btnBasicSearch"}]}
RESULT: undefined
COMMAND: POST /session/edb7769f788cd4bc8c02fbd4b7269a59/execute/async - {"script":"<script> [776 bytes]","args":[{"enterText":"600002","selector":{"id":"application-ruinventorylist-display-component---Master--smartFilterBar-btnBasicSearch","interaction":{"idSuffix":"I"}},"clearTextFirst":true,"interactionType":"ENTER_TEXT"}]}
RESULT: {}
RESULT: {"script":"<script> [776 bytes]","args":[{"enterText":"600002","selector":{"id":"application-ruinventorylist-display-component---Master--smartFilterBar-btnBasicSearch","interaction":{"idSuffix":"I"}},"clearTextFirst":true,"interactionType":"ENTER_TEXT"}]}
COMMAND: POST /session/edb7769f788cd4bc8c02fbd4b7269a59/actions - {"actions":[{"id":"action3","type":"key","parameters":{},"actions":[{"type":"keyDown","value":""},{"type":"pause","duration":10},{"type":"keyUp","value":""}]}]}
RESULT: {"actions":[{"id":"action3","type":"key","parameters":{},"actions":[{"type":"keyDown","value":""},{"type":"pause","duration":10},{"type":"keyUp","value":""}]}]}
COMMAND: GET /session/edb7769f788cd4bc8c02fbd4b7269a59/screenshot - {}
RESULT: {}
COMMAND: POST /session/edb7769f788cd4bc8c02fbd4b7269a59/element - {"using":"xpath","value":"//span[@id=\"application-ruinventorylist-display-component---Master--smartTableRuInventoryList-header-inner\"]"}
RESULT: {"using":"xpath","value":"//span[@id=\"application-ruinventorylist-display-component---Master--smartTableRuInventoryList-header-inner\"]"}
COMMAND: POST /session/edb7769f788cd4bc8c02fbd4b7269a59/elements - {"using":"xpath","value":"//span[@id=\"application-ruinventorylist-display-component---Master--smartTableRuInventoryList-header-inner\"]"}
RESULT: {"using":"xpath","value":"//span[@id=\"application-ruinventorylist-display-component---Master--smartTableRuInventoryList-header-inner\"]"}
COMMAND: POST /session/edb7769f788cd4bc8c02fbd4b7269a59/execute/sync - {"script":"<script> [56 bytes]","args":[{"element-6066-11e4-a52e-4f735466cecf":"f.80861FA1C8F2A5B6E231BC1E2F0865F6.d.4C8EA23A1CAA1BEC7CBA9444A33587ED.e.756","ELEMENT":"f.80861FA1C8F2A5B6E231BC1E2F0865F6.d.4C8EA23A1CAA1BEC7CBA9444A33587ED.e.756"}]}
RESULT: {"script":"<script> [56 bytes]","args":[{"element-6066-11e4-a52e-4f735466cecf":"f.80861FA1C8F2A5B6E231BC1E2F0865F6.d.4C8EA23A1CAA1BEC7CBA9444A33587ED.e.756","ELEMENT":"f.80861FA1C8F2A5B6E231BC1E2F0865F6.d.4C8EA23A1CAA1BEC7CBA9444A33587ED.e.756"}]}
COMMAND: POST /session/edb7769f788cd4bc8c02fbd4b7269a59/element - {"using":"xpath","value":"//table[contains(@id, \"application-ruinventorylist-display-component---Master--tableRuInventoryList-listUl\")]/tbody/tr[1]/td[2]/div/div"}
COMMAND: GET /session/edb7769f788cd4bc8c02fbd4b7269a59/screenshot - {}
RESULT: {}
RESULT: {"using":"xpath","value":"//table[contains(@id, \"application-ruinventorylist-display-component---Master--tableRuInventoryList-listUl\")]/tbody/tr[1]/td[2]/div/div"}
COMMAND: POST /session/edb7769f788cd4bc8c02fbd4b7269a59/element/f.80861FA1C8F2A5B6E231BC1E2F0865F6.d.4C8EA23A1CAA1BEC7CBA9444A33587ED.e.762/click - {}
RESULT: {}
COMMAND: GET /session/edb7769f788cd4bc8c02fbd4b7269a59/screenshot - {}
RESULT: {}
COMMAND: POST /session/edb7769f788cd4bc8c02fbd4b7269a59/element - {"using":"xpath","value":"//div[contains(@id, \"smartFilterBar-btnBasicSearch-reset\")]"}
RESULT: {"using":"xpath","value":"//div[contains(@id, \"smartFilterBar-btnBasicSearch-reset\")]"}
COMMAND: POST /session/edb7769f788cd4bc8c02fbd4b7269a59/element/f.80861FA1C8F2A5B6E231BC1E2F0865F6.d.4C8EA23A1CAA1BEC7CBA9444A33587ED.e.772/click - {}
RESULT: {}
COMMAND: GET /session/edb7769f788cd4bc8c02fbd4b7269a59/screenshot - {}
RESULT: {}
RESULT: undefined
COMMAND: POST /session/edb7769f788cd4bc8c02fbd4b7269a59/execute/async - {"script":"<script> [776 bytes]","args":[{"enterText":"401002","selector":{"id":"application-ruinventorylist-display-component---Master--smartFilterBar-btnBasicSearch","interaction":{"idSuffix":"I"}},"clearTextFirst":true,"interactionType":"ENTER_TEXT"}]}
RESULT: {"script":"<script> [776 bytes]","args":[{"enterText":"401002","selector":{"id":"application-ruinventorylist-display-component---Master--smartFilterBar-btnBasicSearch","interaction":{"idSuffix":"I"}},"clearTextFirst":true,"interactionType":"ENTER_TEXT"}]}
COMMAND: POST /session/edb7769f788cd4bc8c02fbd4b7269a59/actions - {"actions":[{"id":"action4","type":"key","parameters":{},"actions":[{"type":"keyDown","value":""},{"type":"pause","duration":10},{"type":"keyUp","value":""}]}]}
RESULT: {"actions":[{"id":"action4","type":"key","parameters":{},"actions":[{"type":"keyDown","value":""},{"type":"pause","duration":10},{"type":"keyUp","value":""}]}]}
COMMAND: GET /session/edb7769f788cd4bc8c02fbd4b7269a59/screenshot - {}
RESULT: {}
COMMAND: POST /session/edb7769f788cd4bc8c02fbd4b7269a59/element - {"using":"xpath","value":"//span[@id=\"application-ruinventorylist-display-component---Master--smartTableRuInventoryList-header-inner\"]"}
RESULT: {"using":"xpath","value":"//span[@id=\"application-ruinventorylist-display-component---Master--smartTableRuInventoryList-header-inner\"]"}
COMMAND: POST /session/edb7769f788cd4bc8c02fbd4b7269a59/elements - {"using":"xpath","value":"//span[@id=\"application-ruinventorylist-display-component---Master--smartTableRuInventoryList-header-inner\"]"}
RESULT: {"using":"xpath","value":"//span[@id=\"application-ruinventorylist-display-component---Master--smartTableRuInventoryList-header-inner\"]"}
COMMAND: POST /session/edb7769f788cd4bc8c02fbd4b7269a59/execute/sync - {"script":"<script> [56 bytes]","args":[{"element-6066-11e4-a52e-4f735466cecf":"f.80861FA1C8F2A5B6E231BC1E2F0865F6.d.4C8EA23A1CAA1BEC7CBA9444A33587ED.e.756","ELEMENT":"f.80861FA1C8F2A5B6E231BC1E2F0865F6.d.4C8EA23A1CAA1BEC7CBA9444A33587ED.e.756"}]}
RESULT: {"script":"<script> [56 bytes]","args":[{"element-6066-11e4-a52e-4f735466cecf":"f.80861FA1C8F2A5B6E231BC1E2F0865F6.d.4C8EA23A1CAA1BEC7CBA9444A33587ED.e.756","ELEMENT":"f.80861FA1C8F2A5B6E231BC1E2F0865F6.d.4C8EA23A1CAA1BEC7CBA9444A33587ED.e.756"}]}
COMMAND: POST /session/edb7769f788cd4bc8c02fbd4b7269a59/element - {"using":"xpath","value":"//table[contains(@id, \"application-ruinventorylist-display-component---Master--tableRuInventoryList-listUl\")]/tbody/tr[1]/td[2]/div/div"}
COMMAND: GET /session/edb7769f788cd4bc8c02fbd4b7269a59/screenshot - {}
RESULT: {"using":"xpath","value":"//table[contains(@id, \"application-ruinventorylist-display-component---Master--tableRuInventoryList-listUl\")]/tbody/tr[1]/td[2]/div/div"}
COMMAND: POST /session/edb7769f788cd4bc8c02fbd4b7269a59/element/f.80861FA1C8F2A5B6E231BC1E2F0865F6.d.4C8EA23A1CAA1BEC7CBA9444A33587ED.e.929/click - {}
RESULT: {}
RESULT: {}
COMMAND: GET /session/edb7769f788cd4bc8c02fbd4b7269a59/screenshot - {}
RESULT: {}
COMMAND: POST /session/edb7769f788cd4bc8c02fbd4b7269a59/element - {"using":"xpath","value":"//div[contains(@id, \"smartFilterBar-btnBasicSearch-reset\")]"}
RESULT: {"using":"xpath","value":"//div[contains(@id, \"smartFilterBar-btnBasicSearch-reset\")]"}
COMMAND: POST /session/edb7769f788cd4bc8c02fbd4b7269a59/element/f.80861FA1C8F2A5B6E231BC1E2F0865F6.d.4C8EA23A1CAA1BEC7CBA9444A33587ED.e.772/click - {}
RESULT: {}
COMMAND: GET /session/edb7769f788cd4bc8c02fbd4b7269a59/screenshot - {}
RESULT: {}
COMMAND: POST /session/edb7769f788cd4bc8c02fbd4b7269a59/element/f.80861FA1C8F2A5B6E231BC1E2F0865F6.d.4C8EA23A1CAA1BEC7CBA9444A33587ED.e.294/click - {}
RESULT: {}
COMMAND: GET /session/edb7769f788cd4bc8c02fbd4b7269a59/screenshot - {}
RESULT: {}
COMMAND: POST /session/edb7769f788cd4bc8c02fbd4b7269a59/execute/async - {"script":"<script> [1562 bytes]","args":[{"selector":{"controlType":"sap.m.Title","viewName":"etm.portal.ui.ruinventorylist.view.Master","viewId":"application-ruinventorylist-display-component---Master","properties":{"text":"Mass State Change"},"searchOpenDialogs":true},"wdio_ui5_key":"etmportal.ui.ruinventorylist.view.Mastersap.m.Title{\"text\":\"Mass State Change\"}"}]}
RESULT: {"script":"<script> [1562 bytes]","args":[{"selector":{"controlType":"sap.m.Title","viewName":"etm.portal.ui.ruinventorylist.view.Master","viewId":"application-ruinventorylist-display-component---Master","properties":{"text":"Mass State Change"},"searchOpenDialogs":true},"wdio_ui5_key":"etmportal.ui.ruinventorylist.view.Mastersap.m.Title{\"text\":\"Mass State Change\"}"}]}
RESULT: undefined
COMMAND: POST /session/edb7769f788cd4bc8c02fbd4b7269a59/execute/async - {"script":"<script> [6424 bytes]","args":[{"element-6066-11e4-a52e-4f735466cecf":"f.80861FA1C8F2A5B6E231BC1E2F0865F6.d.4C8EA23A1CAA1BEC7CBA9444A33587ED.e.1105"},"getText",[]]}
RESULT: {"script":"<script> [6424 bytes]","args":[{"element-6066-11e4-a52e-4f735466cecf":"f.80861FA1C8F2A5B6E231BC1E2F0865F6.d.4C8EA23A1CAA1BEC7CBA9444A33587ED.e.1105"},"getText",[]]}
COMMAND: POST /session/edb7769f788cd4bc8c02fbd4b7269a59/element - {"using":"xpath","value":"(//bdi[contains(text(), \"OK\")])[1]"}
RESULT: {"using":"xpath","value":"(//bdi[contains(text(), \"OK\")])[1]"}
COMMAND: POST /session/edb7769f788cd4bc8c02fbd4b7269a59/element/f.80861FA1C8F2A5B6E231BC1E2F0865F6.d.4C8EA23A1CAA1BEC7CBA9444A33587ED.e.1106/click - {}
RESULT: {}
COMMAND: GET /session/edb7769f788cd4bc8c02fbd4b7269a59/screenshot - {}
RESULT: {}
COMMAND: POST /session/edb7769f788cd4bc8c02fbd4b7269a59/element - {"using":"css selector","value":"div.sapMMessageBoxError"}
RESULT: {"using":"css selector","value":"div.sapMMessageBoxError"}
COMMAND: POST /session/edb7769f788cd4bc8c02fbd4b7269a59/elements - {"using":"css selector","value":"div.sapMMessageBoxError"}
RESULT: {"using":"css selector","value":"div.sapMMessageBoxError"}
COMMAND: POST /session/edb7769f788cd4bc8c02fbd4b7269a59/element - {"using":"xpath","value":"(//bdi[contains(text(), \"Close\")])[1]"}
RESULT: {"using":"xpath","value":"(//bdi[contains(text(), \"Close\")])[1]"}
COMMAND: POST /session/edb7769f788cd4bc8c02fbd4b7269a59/element/f.80861FA1C8F2A5B6E231BC1E2F0865F6.d.4C8EA23A1CAA1BEC7CBA9444A33587ED.e.1111/click - {}
RESULT: {}
COMMAND: GET /session/edb7769f788cd4bc8c02fbd4b7269a59/screenshot - {}
RESULT: {}
COMMAND: POST /session/edb7769f788cd4bc8c02fbd4b7269a59/execute/async - {"script":"<script> [1562 bytes]","args":[{"selector":{"id":"application-ruinventorylist-display-component---Master--ruStateTypes-arrow","searchOpenDialogs":true},"wdio_ui5_key":"applicationruinventorylist-display-component---Master--ruStateTypes-arrow"}]}
RESULT: {"script":"<script> [1562 bytes]","args":[{"selector":{"id":"application-ruinventorylist-display-component---Master--ruStateTypes-arrow","searchOpenDialogs":true},"wdio_ui5_key":"applicationruinventorylist-display-component---Master--ruStateTypes-arrow"}]}
RESULT: undefined
COMMAND: POST /session/edb7769f788cd4bc8c02fbd4b7269a59/element - {"using":"xpath","value":"//*[@id=\"application-ruinventorylist-display-component---Master--ruStateTypes-arrow\"]"}
RESULT: {"using":"xpath","value":"//*[@id=\"application-ruinventorylist-display-component---Master--ruStateTypes-arrow\"]"}
COMMAND: POST /session/edb7769f788cd4bc8c02fbd4b7269a59/element/f.80861FA1C8F2A5B6E231BC1E2F0865F6.d.4C8EA23A1CAA1BEC7CBA9444A33587ED.e.1112/click - {}
RESULT: {}
COMMAND: GET /session/edb7769f788cd4bc8c02fbd4b7269a59/screenshot - {}
RESULT: {}
COMMAND: POST /session/edb7769f788cd4bc8c02fbd4b7269a59/element - {"using":"xpath","value":"//li[.//span[text()=\"defect\"]]"}
RESULT: {"using":"xpath","value":"//li[.//span[text()=\"defect\"]]"}
COMMAND: POST /session/edb7769f788cd4bc8c02fbd4b7269a59/element/f.80861FA1C8F2A5B6E231BC1E2F0865F6.d.4C8EA23A1CAA1BEC7CBA9444A33587ED.e.1113/click - {}
RESULT: {}
COMMAND: GET /session/edb7769f788cd4bc8c02fbd4b7269a59/screenshot - {}
RESULT: {}
COMMAND: POST /session/edb7769f788cd4bc8c02fbd4b7269a59/element - {"using":"xpath","value":"(//span[@data-kt=\"trashMassStateChangeIcon\"])[1]"}
RESULT: {"using":"xpath","value":"(//span[@data-kt=\"trashMassStateChangeIcon\"])[1]"}
COMMAND: POST /session/edb7769f788cd4bc8c02fbd4b7269a59/element/f.80861FA1C8F2A5B6E231BC1E2F0865F6.d.4C8EA23A1CAA1BEC7CBA9444A33587ED.e.1114/click - {}
RESULT: {}
COMMAND: GET /session/edb7769f788cd4bc8c02fbd4b7269a59/screenshot - {}
RESULT: {}
COMMAND: POST /session/edb7769f788cd4bc8c02fbd4b7269a59/element - {"using":"xpath","value":"//table[contains(@id, \"massStateChangeTable-listUl\")]/tbody/tr[1]/td[11]/div/div/div/input"}
RESULT: {"using":"xpath","value":"//table[contains(@id, \"massStateChangeTable-listUl\")]/tbody/tr[1]/td[11]/div/div/div/input"}
COMMAND: GET /session/edb7769f788cd4bc8c02fbd4b7269a59/element/f.80861FA1C8F2A5B6E231BC1E2F0865F6.d.4C8EA23A1CAA1BEC7CBA9444A33587ED.e.1099/property/value - {}
RESULT: {}
COMMAND: POST /session/edb7769f788cd4bc8c02fbd4b7269a59/element - {"using":"xpath","value":"(//span[@data-kt=\"trashMassStateChangeIcon\"])[2]"}
COMMAND: GET /session/edb7769f788cd4bc8c02fbd4b7269a59/screenshot - {}
RESULT: {"using":"xpath","value":"(//span[@data-kt=\"trashMassStateChangeIcon\"])[2]"}
COMMAND: POST /session/edb7769f788cd4bc8c02fbd4b7269a59/element/f.80861FA1C8F2A5B6E231BC1E2F0865F6.d.4C8EA23A1CAA1BEC7CBA9444A33587ED.e.1116/click - {}
RESULT: {}
RESULT: {}
COMMAND: GET /session/edb7769f788cd4bc8c02fbd4b7269a59/screenshot - {}
RESULT: {}
COMMAND: POST /session/edb7769f788cd4bc8c02fbd4b7269a59/element - {"using":"xpath","value":"//table[contains(@id, \"massStateChangeTable-listUl\")]/tbody/tr[2]/td[11]/div/div/div/input"}
RESULT: {"using":"xpath","value":"//table[contains(@id, \"massStateChangeTable-listUl\")]/tbody/tr[2]/td[11]/div/div/div/input"}
COMMAND: GET /session/edb7769f788cd4bc8c02fbd4b7269a59/element/f.80861FA1C8F2A5B6E231BC1E2F0865F6.d.4C8EA23A1CAA1BEC7CBA9444A33587ED.e.1103/property/value - {}
RESULT: {}
COMMAND: POST /session/edb7769f788cd4bc8c02fbd4b7269a59/element - {"using":"xpath","value":"//table[contains(@id, \"massStateChangeTable-listUl\")]/tbody/tr[1]/td[10]/div/span/span[1]"}
COMMAND: GET /session/edb7769f788cd4bc8c02fbd4b7269a59/screenshot - {}
RESULT: {"using":"xpath","value":"//table[contains(@id, \"massStateChangeTable-listUl\")]/tbody/tr[1]/td[10]/div/span/span[1]"}
COMMAND: POST /session/edb7769f788cd4bc8c02fbd4b7269a59/execute/sync - {"script":"<script> [56 bytes]","args":[{"element-6066-11e4-a52e-4f735466cecf":"f.80861FA1C8F2A5B6E231BC1E2F0865F6.d.4C8EA23A1CAA1BEC7CBA9444A33587ED.e.1118","ELEMENT":"f.80861FA1C8F2A5B6E231BC1E2F0865F6.d.4C8EA23A1CAA1BEC7CBA9444A33587ED.e.1118"}]}
RESULT: {}
RESULT: {"script":"<script> [56 bytes]","args":[{"element-6066-11e4-a52e-4f735466cecf":"f.80861FA1C8F2A5B6E231BC1E2F0865F6.d.4C8EA23A1CAA1BEC7CBA9444A33587ED.e.1118","ELEMENT":"f.80861FA1C8F2A5B6E231BC1E2F0865F6.d.4C8EA23A1CAA1BEC7CBA9444A33587ED.e.1118"}]}
COMMAND: POST /session/edb7769f788cd4bc8c02fbd4b7269a59/element - {"using":"xpath","value":"//table[contains(@id, \"massStateChangeTable-listUl\")]/tbody/tr[1]/td[11]/div/div/div/div[2]/span"}
COMMAND: GET /session/edb7769f788cd4bc8c02fbd4b7269a59/screenshot - {}
RESULT: {"using":"xpath","value":"//table[contains(@id, \"massStateChangeTable-listUl\")]/tbody/tr[1]/td[11]/div/div/div/div[2]/span"}
COMMAND: POST /session/edb7769f788cd4bc8c02fbd4b7269a59/element/f.80861FA1C8F2A5B6E231BC1E2F0865F6.d.4C8EA23A1CAA1BEC7CBA9444A33587ED.e.1119/click - {}
RESULT: {}
RESULT: {}
COMMAND: GET /session/edb7769f788cd4bc8c02fbd4b7269a59/screenshot - {}
RESULT: {}
COMMAND: POST /session/edb7769f788cd4bc8c02fbd4b7269a59/element - {"using":"xpath","value":"//table[contains(@id, \"massStateChangeTable-listUl\")]/tbody/tr[1]/td[11]/div/div/div/div[2]/span"}
RESULT: {"using":"xpath","value":"//table[contains(@id, \"massStateChangeTable-listUl\")]/tbody/tr[1]/td[11]/div/div/div/div[2]/span"}
COMMAND: POST /session/edb7769f788cd4bc8c02fbd4b7269a59/element/f.80861FA1C8F2A5B6E231BC1E2F0865F6.d.4C8EA23A1CAA1BEC7CBA9444A33587ED.e.1119/click - {}
RESULT: {}
COMMAND: GET /session/edb7769f788cd4bc8c02fbd4b7269a59/screenshot - {}
RESULT: {}
COMMAND: POST /session/edb7769f788cd4bc8c02fbd4b7269a59/element - {"using":"xpath","value":"//table[contains(@id, \"massStateChangeTable-listUl\")]/tbody/tr[1]/td[11]/div/div/div/div[2]/span"}
RESULT: {"using":"xpath","value":"//table[contains(@id, \"massStateChangeTable-listUl\")]/tbody/tr[1]/td[11]/div/div/div/div[2]/span"}
COMMAND: POST /session/edb7769f788cd4bc8c02fbd4b7269a59/element/f.80861FA1C8F2A5B6E231BC1E2F0865F6.d.4C8EA23A1CAA1BEC7CBA9444A33587ED.e.1119/click - {}
RESULT: {}
COMMAND: GET /session/edb7769f788cd4bc8c02fbd4b7269a59/screenshot - {}
RESULT: {}
COMMAND: POST /session/edb7769f788cd4bc8c02fbd4b7269a59/element - {"using":"xpath","value":"//table[contains(@id, \"massStateChangeTable-listUl\")]/tbody/tr[1]/td[11]/div/div/div/div[2]/span"}
RESULT: {"using":"xpath","value":"//table[contains(@id, \"massStateChangeTable-listUl\")]/tbody/tr[1]/td[11]/div/div/div/div[2]/span"}
COMMAND: POST /session/edb7769f788cd4bc8c02fbd4b7269a59/element/f.80861FA1C8F2A5B6E231BC1E2F0865F6.d.4C8EA23A1CAA1BEC7CBA9444A33587ED.e.1119/click - {}
RESULT: {}
COMMAND: GET /session/edb7769f788cd4bc8c02fbd4b7269a59/screenshot - {}
RESULT: {}
COMMAND: POST /session/edb7769f788cd4bc8c02fbd4b7269a59/element - {"using":"xpath","value":"//table[contains(@id, \"massStateChangeTable-listUl\")]/tbody/tr[1]/td[11]/div/div/div/div[2]/span"}
RESULT: {"using":"xpath","value":"//table[contains(@id, \"massStateChangeTable-listUl\")]/tbody/tr[1]/td[11]/div/div/div/div[2]/span"}
COMMAND: POST /session/edb7769f788cd4bc8c02fbd4b7269a59/element/f.80861FA1C8F2A5B6E231BC1E2F0865F6.d.4C8EA23A1CAA1BEC7CBA9444A33587ED.e.1119/click - {}
RESULT: {}
COMMAND: GET /session/edb7769f788cd4bc8c02fbd4b7269a59/screenshot - {}
RESULT: {}
COMMAND: POST /session/edb7769f788cd4bc8c02fbd4b7269a59/element - {"using":"xpath","value":"//table[contains(@id, \"massStateChangeTable-listUl\")]/tbody/tr[1]/td[11]/div/div/div/div[2]/span"}
RESULT: {"using":"xpath","value":"//table[contains(@id, \"massStateChangeTable-listUl\")]/tbody/tr[1]/td[11]/div/div/div/div[2]/span"}
COMMAND: POST /session/edb7769f788cd4bc8c02fbd4b7269a59/element/f.80861FA1C8F2A5B6E231BC1E2F0865F6.d.4C8EA23A1CAA1BEC7CBA9444A33587ED.e.1119/click - {}
RESULT: {}
COMMAND: GET /session/edb7769f788cd4bc8c02fbd4b7269a59/screenshot - {}
RESULT: {}
COMMAND: POST /session/edb7769f788cd4bc8c02fbd4b7269a59/element - {"using":"xpath","value":"//table[contains(@id, \"massStateChangeTable-listUl\")]/tbody/tr[1]/td[11]/div/div/div/div[2]/span"}
RESULT: {"using":"xpath","value":"//table[contains(@id, \"massStateChangeTable-listUl\")]/tbody/tr[1]/td[11]/div/div/div/div[2]/span"}
COMMAND: POST /session/edb7769f788cd4bc8c02fbd4b7269a59/element/f.80861FA1C8F2A5B6E231BC1E2F0865F6.d.4C8EA23A1CAA1BEC7CBA9444A33587ED.e.1119/click - {}
RESULT: {}
COMMAND: GET /session/edb7769f788cd4bc8c02fbd4b7269a59/screenshot - {}
RESULT: {}
COMMAND: POST /session/edb7769f788cd4bc8c02fbd4b7269a59/element - {"using":"xpath","value":"//table[contains(@id, \"massStateChangeTable-listUl\")]/tbody/tr[1]/td[11]/div/div/div/div[2]/span"}
RESULT: {"using":"xpath","value":"//table[contains(@id, \"massStateChangeTable-listUl\")]/tbody/tr[1]/td[11]/div/div/div/div[2]/span"}
COMMAND: POST /session/edb7769f788cd4bc8c02fbd4b7269a59/element/f.80861FA1C8F2A5B6E231BC1E2F0865F6.d.4C8EA23A1CAA1BEC7CBA9444A33587ED.e.1119/click - {}
RESULT: {}
COMMAND: GET /session/edb7769f788cd4bc8c02fbd4b7269a59/screenshot - {}
RESULT: {}
COMMAND: POST /session/edb7769f788cd4bc8c02fbd4b7269a59/element - {"using":"xpath","value":"//table[contains(@id, \"massStateChangeTable-listUl\")]/tbody/tr[1]/td[11]/div/div/div/div[2]/span"}
RESULT: {"using":"xpath","value":"//table[contains(@id, \"massStateChangeTable-listUl\")]/tbody/tr[1]/td[11]/div/div/div/div[2]/span"}
COMMAND: POST /session/edb7769f788cd4bc8c02fbd4b7269a59/element/f.80861FA1C8F2A5B6E231BC1E2F0865F6.d.4C8EA23A1CAA1BEC7CBA9444A33587ED.e.1119/click - {}
RESULT: {}
COMMAND: GET /session/edb7769f788cd4bc8c02fbd4b7269a59/screenshot - {}
RESULT: {}
COMMAND: POST /session/edb7769f788cd4bc8c02fbd4b7269a59/element - {"using":"xpath","value":"//table[contains(@id, \"massStateChangeTable-listUl\")]/tbody/tr[1]/td[11]/div/div/div/div[2]/span"}
RESULT: {"using":"xpath","value":"//table[contains(@id, \"massStateChangeTable-listUl\")]/tbody/tr[1]/td[11]/div/div/div/div[2]/span"}
COMMAND: POST /session/edb7769f788cd4bc8c02fbd4b7269a59/element/f.80861FA1C8F2A5B6E231BC1E2F0865F6.d.4C8EA23A1CAA1BEC7CBA9444A33587ED.e.1119/click - {}
RESULT: {}
COMMAND: GET /session/edb7769f788cd4bc8c02fbd4b7269a59/screenshot - {}
RESULT: {}
COMMAND: POST /session/edb7769f788cd4bc8c02fbd4b7269a59/element - {"using":"xpath","value":"//table[contains(@id, \"massStateChangeTable-listUl\")]/tbody/tr[1]/td[11]/div/div/div/div[2]/span"}
RESULT: {"using":"xpath","value":"//table[contains(@id, \"massStateChangeTable-listUl\")]/tbody/tr[1]/td[11]/div/div/div/div[2]/span"}
COMMAND: POST /session/edb7769f788cd4bc8c02fbd4b7269a59/element/f.80861FA1C8F2A5B6E231BC1E2F0865F6.d.4C8EA23A1CAA1BEC7CBA9444A33587ED.e.1119/click - {}
RESULT: {}
COMMAND: GET /session/edb7769f788cd4bc8c02fbd4b7269a59/screenshot - {}
RESULT: {}
COMMAND: POST /session/edb7769f788cd4bc8c02fbd4b7269a59/element - {"using":"xpath","value":"//table[contains(@id, \"massStateChangeTable-listUl\")]/tbody/tr[1]/td[11]/div/div/div/div[2]/span"}
RESULT: {"using":"xpath","value":"//table[contains(@id, \"massStateChangeTable-listUl\")]/tbody/tr[1]/td[11]/div/div/div/div[2]/span"}
COMMAND: POST /session/edb7769f788cd4bc8c02fbd4b7269a59/element/f.80861FA1C8F2A5B6E231BC1E2F0865F6.d.4C8EA23A1CAA1BEC7CBA9444A33587ED.e.1119/click - {}
RESULT: {}
COMMAND: GET /session/edb7769f788cd4bc8c02fbd4b7269a59/screenshot - {}
RESULT: {}
COMMAND: POST /session/edb7769f788cd4bc8c02fbd4b7269a59/element - {"using":"xpath","value":"//table[contains(@id, \"massStateChangeTable-listUl\")]/tbody/tr[1]/td[11]/div/div/div/div[2]/span"}
RESULT: {"using":"xpath","value":"//table[contains(@id, \"massStateChangeTable-listUl\")]/tbody/tr[1]/td[11]/div/div/div/div[2]/span"}
COMMAND: POST /session/edb7769f788cd4bc8c02fbd4b7269a59/element/f.80861FA1C8F2A5B6E231BC1E2F0865F6.d.4C8EA23A1CAA1BEC7CBA9444A33587ED.e.1119/click - {}
RESULT: {}
COMMAND: GET /session/edb7769f788cd4bc8c02fbd4b7269a59/screenshot - {}
RESULT: {}
COMMAND: POST /session/edb7769f788cd4bc8c02fbd4b7269a59/element - {"using":"xpath","value":"//table[contains(@id, \"massStateChangeTable-listUl\")]/tbody/tr[1]/td[11]/div/div/div/div[2]/span"}
RESULT: {"using":"xpath","value":"//table[contains(@id, \"massStateChangeTable-listUl\")]/tbody/tr[1]/td[11]/div/div/div/div[2]/span"}
COMMAND: POST /session/edb7769f788cd4bc8c02fbd4b7269a59/element/f.80861FA1C8F2A5B6E231BC1E2F0865F6.d.4C8EA23A1CAA1BEC7CBA9444A33587ED.e.1119/click - {}
RESULT: {}
COMMAND: GET /session/edb7769f788cd4bc8c02fbd4b7269a59/screenshot - {}
RESULT: {}
COMMAND: POST /session/edb7769f788cd4bc8c02fbd4b7269a59/element - {"using":"xpath","value":"//table[contains(@id, \"massStateChangeTable-listUl\")]/tbody/tr[1]/td[11]/div/div/div/div[2]/span"}
RESULT: {"using":"xpath","value":"//table[contains(@id, \"massStateChangeTable-listUl\")]/tbody/tr[1]/td[11]/div/div/div/div[2]/span"}
COMMAND: POST /session/edb7769f788cd4bc8c02fbd4b7269a59/element/f.80861FA1C8F2A5B6E231BC1E2F0865F6.d.4C8EA23A1CAA1BEC7CBA9444A33587ED.e.1119/click - {}
RESULT: {}
COMMAND: GET /session/edb7769f788cd4bc8c02fbd4b7269a59/screenshot - {}
RESULT: {}
COMMAND: POST /session/edb7769f788cd4bc8c02fbd4b7269a59/element - {"using":"xpath","value":"//table[contains(@id, \"massStateChangeTable-listUl\")]/tbody/tr[1]/td[11]/div/div/div/div[2]/span"}
RESULT: {"using":"xpath","value":"//table[contains(@id, \"massStateChangeTable-listUl\")]/tbody/tr[1]/td[11]/div/div/div/div[2]/span"}
COMMAND: POST /session/edb7769f788cd4bc8c02fbd4b7269a59/element/f.80861FA1C8F2A5B6E231BC1E2F0865F6.d.4C8EA23A1CAA1BEC7CBA9444A33587ED.e.1119/click - {}
RESULT: {}
COMMAND: GET /session/edb7769f788cd4bc8c02fbd4b7269a59/screenshot - {}
RESULT: {}
COMMAND: POST /session/edb7769f788cd4bc8c02fbd4b7269a59/element - {"using":"xpath","value":"//table[contains(@id, \"massStateChangeTable-listUl\")]/tbody/tr[1]/td[11]/div/div/div/div[2]/span"}
RESULT: {"using":"xpath","value":"//table[contains(@id, \"massStateChangeTable-listUl\")]/tbody/tr[1]/td[11]/div/div/div/div[2]/span"}
COMMAND: POST /session/edb7769f788cd4bc8c02fbd4b7269a59/element/f.80861FA1C8F2A5B6E231BC1E2F0865F6.d.4C8EA23A1CAA1BEC7CBA9444A33587ED.e.1119/click - {}
RESULT: {}
COMMAND: GET /session/edb7769f788cd4bc8c02fbd4b7269a59/screenshot - {}
RESULT: {}
COMMAND: POST /session/edb7769f788cd4bc8c02fbd4b7269a59/element - {"using":"xpath","value":"//table[contains(@id, \"massStateChangeTable-listUl\")]/tbody/tr[1]/td[11]/div/div/div/div[2]/span"}
RESULT: {"using":"xpath","value":"//table[contains(@id, \"massStateChangeTable-listUl\")]/tbody/tr[1]/td[11]/div/div/div/div[2]/span"}
COMMAND: POST /session/edb7769f788cd4bc8c02fbd4b7269a59/element/f.80861FA1C8F2A5B6E231BC1E2F0865F6.d.4C8EA23A1CAA1BEC7CBA9444A33587ED.e.1119/click - {}
RESULT: {}
COMMAND: GET /session/edb7769f788cd4bc8c02fbd4b7269a59/screenshot - {}
RESULT: {}
COMMAND: POST /session/edb7769f788cd4bc8c02fbd4b7269a59/element - {"using":"xpath","value":"//table[contains(@id, \"massStateChangeTable-listUl\")]/tbody/tr[1]/td[11]/div/div/div/div[2]/span"}
RESULT: {"using":"xpath","value":"//table[contains(@id, \"massStateChangeTable-listUl\")]/tbody/tr[1]/td[11]/div/div/div/div[2]/span"}
COMMAND: POST /session/edb7769f788cd4bc8c02fbd4b7269a59/element/f.80861FA1C8F2A5B6E231BC1E2F0865F6.d.4C8EA23A1CAA1BEC7CBA9444A33587ED.e.1119/click - {}
RESULT: {}
COMMAND: GET /session/edb7769f788cd4bc8c02fbd4b7269a59/screenshot - {}
RESULT: {}
COMMAND: POST /session/edb7769f788cd4bc8c02fbd4b7269a59/element - {"using":"xpath","value":"//table[contains(@id, \"massStateChangeTable-listUl\")]/tbody/tr[1]/td[11]/div/div/div/div[2]/span"}
RESULT: {"using":"xpath","value":"//table[contains(@id, \"massStateChangeTable-listUl\")]/tbody/tr[1]/td[11]/div/div/div/div[2]/span"}
COMMAND: POST /session/edb7769f788cd4bc8c02fbd4b7269a59/element/f.80861FA1C8F2A5B6E231BC1E2F0865F6.d.4C8EA23A1CAA1BEC7CBA9444A33587ED.e.1119/click - {}
RESULT: {}
COMMAND: GET /session/edb7769f788cd4bc8c02fbd4b7269a59/screenshot - {}
RESULT: {}
COMMAND: POST /session/edb7769f788cd4bc8c02fbd4b7269a59/element - {"using":"xpath","value":"//table[contains(@id, \"massStateChangeTable-listUl\")]/tbody/tr[1]/td[11]/div/div/div/div[2]/span"}
RESULT: {"using":"xpath","value":"//table[contains(@id, \"massStateChangeTable-listUl\")]/tbody/tr[1]/td[11]/div/div/div/div[2]/span"}
COMMAND: POST /session/edb7769f788cd4bc8c02fbd4b7269a59/element/f.80861FA1C8F2A5B6E231BC1E2F0865F6.d.4C8EA23A1CAA1BEC7CBA9444A33587ED.e.1119/click - {}
RESULT: {}
COMMAND: GET /session/edb7769f788cd4bc8c02fbd4b7269a59/screenshot - {}
RESULT: {}
COMMAND: POST /session/edb7769f788cd4bc8c02fbd4b7269a59/element - {"using":"xpath","value":"//table[contains(@id, \"massStateChangeTable-listUl\")]/tbody/tr[1]/td[11]/div/div/div/div[2]/span"}
RESULT: {"using":"xpath","value":"//table[contains(@id, \"massStateChangeTable-listUl\")]/tbody/tr[1]/td[11]/div/div/div/div[2]/span"}
COMMAND: POST /session/edb7769f788cd4bc8c02fbd4b7269a59/element/f.80861FA1C8F2A5B6E231BC1E2F0865F6.d.4C8EA23A1CAA1BEC7CBA9444A33587ED.e.1119/click - {}
RESULT: {}
COMMAND: GET /session/edb7769f788cd4bc8c02fbd4b7269a59/screenshot - {}
RESULT: {}
COMMAND: POST /session/edb7769f788cd4bc8c02fbd4b7269a59/element - {"using":"xpath","value":"//table[contains(@id, \"massStateChangeTable-listUl\")]/tbody/tr[1]/td[11]/div/div/div/div[2]/span"}
RESULT: {"using":"xpath","value":"//table[contains(@id, \"massStateChangeTable-listUl\")]/tbody/tr[1]/td[11]/div/div/div/div[2]/span"}
COMMAND: POST /session/edb7769f788cd4bc8c02fbd4b7269a59/element/f.80861FA1C8F2A5B6E231BC1E2F0865F6.d.4C8EA23A1CAA1BEC7CBA9444A33587ED.e.1119/click - {}
RESULT: {}
COMMAND: GET /session/edb7769f788cd4bc8c02fbd4b7269a59/screenshot - {}
RESULT: {}
COMMAND: POST /session/edb7769f788cd4bc8c02fbd4b7269a59/element - {"using":"xpath","value":"//table[contains(@id, \"massStateChangeTable-listUl\")]/tbody/tr[1]/td[11]/div/div/div/div[2]/span"}
RESULT: {"using":"xpath","value":"//table[contains(@id, \"massStateChangeTable-listUl\")]/tbody/tr[1]/td[11]/div/div/div/div[2]/span"}
COMMAND: POST /session/edb7769f788cd4bc8c02fbd4b7269a59/element/f.80861FA1C8F2A5B6E231BC1E2F0865F6.d.4C8EA23A1CAA1BEC7CBA9444A33587ED.e.1119/click - {}
RESULT: {}
COMMAND: GET /session/edb7769f788cd4bc8c02fbd4b7269a59/screenshot - {}
RESULT: {}
COMMAND: POST /session/edb7769f788cd4bc8c02fbd4b7269a59/element - {"using":"xpath","value":"//table[contains(@id, \"massStateChangeTable-listUl\")]/tbody/tr[1]/td[11]/div/div/div/div[2]/span"}
RESULT: {"using":"xpath","value":"//table[contains(@id, \"massStateChangeTable-listUl\")]/tbody/tr[1]/td[11]/div/div/div/div[2]/span"}
COMMAND: POST /session/edb7769f788cd4bc8c02fbd4b7269a59/element/f.80861FA1C8F2A5B6E231BC1E2F0865F6.d.4C8EA23A1CAA1BEC7CBA9444A33587ED.e.1119/click - {}
RESULT: {}
COMMAND: GET /session/edb7769f788cd4bc8c02fbd4b7269a59/screenshot - {}
RESULT: {}
COMMAND: POST /session/edb7769f788cd4bc8c02fbd4b7269a59/element - {"using":"xpath","value":"//table[contains(@id, \"massStateChangeTable-listUl\")]/tbody/tr[1]/td[11]/div/div/div/div[2]/span"}
RESULT: {"using":"xpath","value":"//table[contains(@id, \"massStateChangeTable-listUl\")]/tbody/tr[1]/td[11]/div/div/div/div[2]/span"}
COMMAND: POST /session/edb7769f788cd4bc8c02fbd4b7269a59/element/f.80861FA1C8F2A5B6E231BC1E2F0865F6.d.4C8EA23A1CAA1BEC7CBA9444A33587ED.e.1119/click - {}
RESULT: {}
COMMAND: GET /session/edb7769f788cd4bc8c02fbd4b7269a59/screenshot - {}
RESULT: {}
COMMAND: POST /session/edb7769f788cd4bc8c02fbd4b7269a59/element - {"using":"xpath","value":"//table[contains(@id, \"massStateChangeTable-listUl\")]/tbody/tr[1]/td[11]/div/div/div/div[2]/span"}
RESULT: {"using":"xpath","value":"//table[contains(@id, \"massStateChangeTable-listUl\")]/tbody/tr[1]/td[11]/div/div/div/div[2]/span"}
COMMAND: POST /session/edb7769f788cd4bc8c02fbd4b7269a59/element/f.80861FA1C8F2A5B6E231BC1E2F0865F6.d.4C8EA23A1CAA1BEC7CBA9444A33587ED.e.1119/click - {}
RESULT: {}
COMMAND: GET /session/edb7769f788cd4bc8c02fbd4b7269a59/screenshot - {}
RESULT: {}
COMMAND: POST /session/edb7769f788cd4bc8c02fbd4b7269a59/element - {"using":"xpath","value":"//table[contains(@id, \"massStateChangeTable-listUl\")]/tbody/tr[1]/td[11]/div/div/div/div[2]/span"}
RESULT: {"using":"xpath","value":"//table[contains(@id, \"massStateChangeTable-listUl\")]/tbody/tr[1]/td[11]/div/div/div/div[2]/span"}
COMMAND: POST /session/edb7769f788cd4bc8c02fbd4b7269a59/element/f.80861FA1C8F2A5B6E231BC1E2F0865F6.d.4C8EA23A1CAA1BEC7CBA9444A33587ED.e.1119/click - {}
RESULT: {}
COMMAND: GET /session/edb7769f788cd4bc8c02fbd4b7269a59/screenshot - {}
RESULT: {}
COMMAND: POST /session/edb7769f788cd4bc8c02fbd4b7269a59/element - {"using":"xpath","value":"//table[contains(@id, \"massStateChangeTable-listUl\")]/tbody/tr[1]/td[11]/div/div/div/div[2]/span"}
RESULT: {"using":"xpath","value":"//table[contains(@id, \"massStateChangeTable-listUl\")]/tbody/tr[1]/td[11]/div/div/div/div[2]/span"}
COMMAND: POST /session/edb7769f788cd4bc8c02fbd4b7269a59/element/f.80861FA1C8F2A5B6E231BC1E2F0865F6.d.4C8EA23A1CAA1BEC7CBA9444A33587ED.e.1119/click - {}
RESULT: {}
COMMAND: GET /session/edb7769f788cd4bc8c02fbd4b7269a59/screenshot - {}
RESULT: {}
COMMAND: POST /session/edb7769f788cd4bc8c02fbd4b7269a59/element - {"using":"xpath","value":"//table[contains(@id, \"massStateChangeTable-listUl\")]/tbody/tr[1]/td[11]/div/div/div/div[2]/span"}
RESULT: {"using":"xpath","value":"//table[contains(@id, \"massStateChangeTable-listUl\")]/tbody/tr[1]/td[11]/div/div/div/div[2]/span"}
COMMAND: POST /session/edb7769f788cd4bc8c02fbd4b7269a59/element/f.80861FA1C8F2A5B6E231BC1E2F0865F6.d.4C8EA23A1CAA1BEC7CBA9444A33587ED.e.1119/click - {}
RESULT: {}
COMMAND: GET /session/edb7769f788cd4bc8c02fbd4b7269a59/screenshot - {}
RESULT: {}
COMMAND: POST /session/edb7769f788cd4bc8c02fbd4b7269a59/element - {"using":"xpath","value":"//table[contains(@id, \"massStateChangeTable-listUl\")]/tbody/tr[1]/td[11]/div/div/div/div[2]/span"}
RESULT: {"using":"xpath","value":"//table[contains(@id, \"massStateChangeTable-listUl\")]/tbody/tr[1]/td[11]/div/div/div/div[2]/span"}
COMMAND: POST /session/edb7769f788cd4bc8c02fbd4b7269a59/element/f.80861FA1C8F2A5B6E231BC1E2F0865F6.d.4C8EA23A1CAA1BEC7CBA9444A33587ED.e.1119/click - {}
RESULT: {}
COMMAND: GET /session/edb7769f788cd4bc8c02fbd4b7269a59/screenshot - {}
RESULT: {}
COMMAND: POST /session/edb7769f788cd4bc8c02fbd4b7269a59/element - {"using":"xpath","value":"//table[contains(@id, \"massStateChangeTable-listUl\")]/tbody/tr[1]/td[11]/div/div/div/div[2]/span"}
RESULT: {"using":"xpath","value":"//table[contains(@id, \"massStateChangeTable-listUl\")]/tbody/tr[1]/td[11]/div/div/div/div[2]/span"}
COMMAND: POST /session/edb7769f788cd4bc8c02fbd4b7269a59/element/f.80861FA1C8F2A5B6E231BC1E2F0865F6.d.4C8EA23A1CAA1BEC7CBA9444A33587ED.e.1119/click - {}
RESULT: {}
COMMAND: GET /session/edb7769f788cd4bc8c02fbd4b7269a59/screenshot - {}
RESULT: {}
COMMAND: POST /session/edb7769f788cd4bc8c02fbd4b7269a59/element - {"using":"xpath","value":"//table[contains(@id, \"massStateChangeTable-listUl\")]/tbody/tr[1]/td[11]/div/div/div/div[2]/span"}
RESULT: {"using":"xpath","value":"//table[contains(@id, \"massStateChangeTable-listUl\")]/tbody/tr[1]/td[11]/div/div/div/div[2]/span"}
COMMAND: POST /session/edb7769f788cd4bc8c02fbd4b7269a59/element/f.80861FA1C8F2A5B6E231BC1E2F0865F6.d.4C8EA23A1CAA1BEC7CBA9444A33587ED.e.1119/click - {}
RESULT: {}
COMMAND: GET /session/edb7769f788cd4bc8c02fbd4b7269a59/screenshot - {}
RESULT: {}
COMMAND: POST /session/edb7769f788cd4bc8c02fbd4b7269a59/element - {"using":"xpath","value":"//table[contains(@id, \"massStateChangeTable-listUl\")]/tbody/tr[1]/td[11]/div/div/div/div[2]/span"}
RESULT: {"using":"xpath","value":"//table[contains(@id, \"massStateChangeTable-listUl\")]/tbody/tr[1]/td[11]/div/div/div/div[2]/span"}
COMMAND: POST /session/edb7769f788cd4bc8c02fbd4b7269a59/element/f.80861FA1C8F2A5B6E231BC1E2F0865F6.d.4C8EA23A1CAA1BEC7CBA9444A33587ED.e.1119/click - {}
RESULT: {}
COMMAND: GET /session/edb7769f788cd4bc8c02fbd4b7269a59/screenshot - {}
RESULT: {}
COMMAND: POST /session/edb7769f788cd4bc8c02fbd4b7269a59/element - {"using":"xpath","value":"//table[contains(@id, \"massStateChangeTable-listUl\")]/tbody/tr[1]/td[11]/div/div/div/div[2]/span"}
RESULT: {"using":"xpath","value":"//table[contains(@id, \"massStateChangeTable-listUl\")]/tbody/tr[1]/td[11]/div/div/div/div[2]/span"}
COMMAND: POST /session/edb7769f788cd4bc8c02fbd4b7269a59/element/f.80861FA1C8F2A5B6E231BC1E2F0865F6.d.4C8EA23A1CAA1BEC7CBA9444A33587ED.e.1119/click - {}
RESULT: {}
COMMAND: GET /session/edb7769f788cd4bc8c02fbd4b7269a59/screenshot - {}
RESULT: {}
COMMAND: POST /session/edb7769f788cd4bc8c02fbd4b7269a59/element - {"using":"xpath","value":"//table[contains(@id, \"massStateChangeTable-listUl\")]/tbody/tr[1]/td[11]/div/div/div/div[2]/span"}
RESULT: {"using":"xpath","value":"//table[contains(@id, \"massStateChangeTable-listUl\")]/tbody/tr[1]/td[11]/div/div/div/div[2]/span"}
COMMAND: POST /session/edb7769f788cd4bc8c02fbd4b7269a59/element/f.80861FA1C8F2A5B6E231BC1E2F0865F6.d.4C8EA23A1CAA1BEC7CBA9444A33587ED.e.1119/click - {}
RESULT: {}
COMMAND: GET /session/edb7769f788cd4bc8c02fbd4b7269a59/screenshot - {}
RESULT: {}
COMMAND: POST /session/edb7769f788cd4bc8c02fbd4b7269a59/element - {"using":"xpath","value":"//table[contains(@id, \"massStateChangeTable-listUl\")]/tbody/tr[1]/td[11]/div/div/div/div[2]/span"}
RESULT: {"using":"xpath","value":"//table[contains(@id, \"massStateChangeTable-listUl\")]/tbody/tr[1]/td[11]/div/div/div/div[2]/span"}
COMMAND: POST /session/edb7769f788cd4bc8c02fbd4b7269a59/element/f.80861FA1C8F2A5B6E231BC1E2F0865F6.d.4C8EA23A1CAA1BEC7CBA9444A33587ED.e.1119/click - {}
RESULT: {}
COMMAND: GET /session/edb7769f788cd4bc8c02fbd4b7269a59/screenshot - {}
RESULT: {}
COMMAND: POST /session/edb7769f788cd4bc8c02fbd4b7269a59/element - {"using":"xpath","value":"//table[contains(@id, \"massStateChangeTable-listUl\")]/tbody/tr[1]/td[11]/div/div/div/div[2]/span"}
RESULT: {"using":"xpath","value":"//table[contains(@id, \"massStateChangeTable-listUl\")]/tbody/tr[1]/td[11]/div/div/div/div[2]/span"}
COMMAND: POST /session/edb7769f788cd4bc8c02fbd4b7269a59/element/f.80861FA1C8F2A5B6E231BC1E2F0865F6.d.4C8EA23A1CAA1BEC7CBA9444A33587ED.e.1119/click - {}
RESULT: {}
COMMAND: GET /session/edb7769f788cd4bc8c02fbd4b7269a59/screenshot - {}
RESULT: {}
COMMAND: POST /session/edb7769f788cd4bc8c02fbd4b7269a59/element - {"using":"xpath","value":"//table[contains(@id, \"massStateChangeTable-listUl\")]/tbody/tr[1]/td[11]/div/div/div/div[2]/span"}
RESULT: {"using":"xpath","value":"//table[contains(@id, \"massStateChangeTable-listUl\")]/tbody/tr[1]/td[11]/div/div/div/div[2]/span"}
COMMAND: POST /session/edb7769f788cd4bc8c02fbd4b7269a59/element/f.80861FA1C8F2A5B6E231BC1E2F0865F6.d.4C8EA23A1CAA1BEC7CBA9444A33587ED.e.1119/click - {}
RESULT: {}
COMMAND: GET /session/edb7769f788cd4bc8c02fbd4b7269a59/screenshot - {}
RESULT: {}
COMMAND: POST /session/edb7769f788cd4bc8c02fbd4b7269a59/element - {"using":"xpath","value":"//table[contains(@id, \"massStateChangeTable-listUl\")]/tbody/tr[1]/td[11]/div/div/div/div[2]/span"}
RESULT: {"using":"xpath","value":"//table[contains(@id, \"massStateChangeTable-listUl\")]/tbody/tr[1]/td[11]/div/div/div/div[2]/span"}
COMMAND: POST /session/edb7769f788cd4bc8c02fbd4b7269a59/element/f.80861FA1C8F2A5B6E231BC1E2F0865F6.d.4C8EA23A1CAA1BEC7CBA9444A33587ED.e.1119/click - {}
RESULT: {}
COMMAND: GET /session/edb7769f788cd4bc8c02fbd4b7269a59/screenshot - {}
RESULT: {}
COMMAND: POST /session/edb7769f788cd4bc8c02fbd4b7269a59/element - {"using":"xpath","value":"//table[contains(@id, \"massStateChangeTable-listUl\")]/tbody/tr[1]/td[11]/div/div/div/div[2]/span"}
RESULT: {"using":"xpath","value":"//table[contains(@id, \"massStateChangeTable-listUl\")]/tbody/tr[1]/td[11]/div/div/div/div[2]/span"}
COMMAND: POST /session/edb7769f788cd4bc8c02fbd4b7269a59/element/f.80861FA1C8F2A5B6E231BC1E2F0865F6.d.4C8EA23A1CAA1BEC7CBA9444A33587ED.e.1119/click - {}
RESULT: {}
COMMAND: GET /session/edb7769f788cd4bc8c02fbd4b7269a59/screenshot - {}
RESULT: {}
COMMAND: POST /session/edb7769f788cd4bc8c02fbd4b7269a59/element - {"using":"xpath","value":"//table[contains(@id, \"massStateChangeTable-listUl\")]/tbody/tr[1]/td[11]/div/div/div/div[2]/span"}
RESULT: {"using":"xpath","value":"//table[contains(@id, \"massStateChangeTable-listUl\")]/tbody/tr[1]/td[11]/div/div/div/div[2]/span"}
COMMAND: POST /session/edb7769f788cd4bc8c02fbd4b7269a59/element/f.80861FA1C8F2A5B6E231BC1E2F0865F6.d.4C8EA23A1CAA1BEC7CBA9444A33587ED.e.1119/click - {}
RESULT: {}
COMMAND: GET /session/edb7769f788cd4bc8c02fbd4b7269a59/screenshot - {}
RESULT: {}
COMMAND: POST /session/edb7769f788cd4bc8c02fbd4b7269a59/element - {"using":"xpath","value":"//table[contains(@id, \"massStateChangeTable-listUl\")]/tbody/tr[1]/td[11]/div/div/div/div[2]/span"}
RESULT: {"using":"xpath","value":"//table[contains(@id, \"massStateChangeTable-listUl\")]/tbody/tr[1]/td[11]/div/div/div/div[2]/span"}
COMMAND: POST /session/edb7769f788cd4bc8c02fbd4b7269a59/element/f.80861FA1C8F2A5B6E231BC1E2F0865F6.d.4C8EA23A1CAA1BEC7CBA9444A33587ED.e.1119/click - {}
RESULT: {}
COMMAND: GET /session/edb7769f788cd4bc8c02fbd4b7269a59/screenshot - {}
RESULT: {}
COMMAND: POST /session/edb7769f788cd4bc8c02fbd4b7269a59/element - {"using":"xpath","value":"//table[contains(@id, \"massStateChangeTable-listUl\")]/tbody/tr[1]/td[11]/div/div/div/div[2]/span"}
RESULT: {"using":"xpath","value":"//table[contains(@id, \"massStateChangeTable-listUl\")]/tbody/tr[1]/td[11]/div/div/div/div[2]/span"}
COMMAND: POST /session/edb7769f788cd4bc8c02fbd4b7269a59/element/f.80861FA1C8F2A5B6E231BC1E2F0865F6.d.4C8EA23A1CAA1BEC7CBA9444A33587ED.e.1119/click - {}
RESULT: {}
COMMAND: GET /session/edb7769f788cd4bc8c02fbd4b7269a59/screenshot - {}
RESULT: {}
COMMAND: POST /session/edb7769f788cd4bc8c02fbd4b7269a59/element - {"using":"xpath","value":"//table[contains(@id, \"massStateChangeTable-listUl\")]/tbody/tr[1]/td[11]/div/div/div/div[2]/span"}
RESULT: {"using":"xpath","value":"//table[contains(@id, \"massStateChangeTable-listUl\")]/tbody/tr[1]/td[11]/div/div/div/div[2]/span"}
COMMAND: POST /session/edb7769f788cd4bc8c02fbd4b7269a59/element/f.80861FA1C8F2A5B6E231BC1E2F0865F6.d.4C8EA23A1CAA1BEC7CBA9444A33587ED.e.1119/click - {}
RESULT: {}
COMMAND: GET /session/edb7769f788cd4bc8c02fbd4b7269a59/screenshot - {}
RESULT: {}
COMMAND: POST /session/edb7769f788cd4bc8c02fbd4b7269a59/element - {"using":"xpath","value":"//table[contains(@id, \"massStateChangeTable-listUl\")]/tbody/tr[1]/td[11]/div/div/div/div[2]/span"}
RESULT: {"using":"xpath","value":"//table[contains(@id, \"massStateChangeTable-listUl\")]/tbody/tr[1]/td[11]/div/div/div/div[2]/span"}
COMMAND: POST /session/edb7769f788cd4bc8c02fbd4b7269a59/element/f.80861FA1C8F2A5B6E231BC1E2F0865F6.d.4C8EA23A1CAA1BEC7CBA9444A33587ED.e.1119/click - {}
RESULT: {}
COMMAND: GET /session/edb7769f788cd4bc8c02fbd4b7269a59/screenshot - {}
RESULT: {}
COMMAND: POST /session/edb7769f788cd4bc8c02fbd4b7269a59/element - {"using":"xpath","value":"//table[contains(@id, \"massStateChangeTable-listUl\")]/tbody/tr[1]/td[11]/div/div/div/div[2]/span"}
RESULT: {"using":"xpath","value":"//table[contains(@id, \"massStateChangeTable-listUl\")]/tbody/tr[1]/td[11]/div/div/div/div[2]/span"}
COMMAND: POST /session/edb7769f788cd4bc8c02fbd4b7269a59/element/f.80861FA1C8F2A5B6E231BC1E2F0865F6.d.4C8EA23A1CAA1BEC7CBA9444A33587ED.e.1119/click - {}
RESULT: {}
COMMAND: GET /session/edb7769f788cd4bc8c02fbd4b7269a59/screenshot - {}
RESULT: {}
COMMAND: POST /session/edb7769f788cd4bc8c02fbd4b7269a59/element - {"using":"xpath","value":"//table[contains(@id, \"massStateChangeTable-listUl\")]/tbody/tr[1]/td[11]/div/div/div/div[2]/span"}
RESULT: {"using":"xpath","value":"//table[contains(@id, \"massStateChangeTable-listUl\")]/tbody/tr[1]/td[11]/div/div/div/div[2]/span"}
COMMAND: POST /session/edb7769f788cd4bc8c02fbd4b7269a59/element/f.80861FA1C8F2A5B6E231BC1E2F0865F6.d.4C8EA23A1CAA1BEC7CBA9444A33587ED.e.1119/click - {}
RESULT: {}
COMMAND: GET /session/edb7769f788cd4bc8c02fbd4b7269a59/screenshot - {}
RESULT: {}
COMMAND: POST /session/edb7769f788cd4bc8c02fbd4b7269a59/element - {"using":"xpath","value":"//table[contains(@id, \"massStateChangeTable-listUl\")]/tbody/tr[1]/td[11]/div/div/div/div[2]/span"}
RESULT: {"using":"xpath","value":"//table[contains(@id, \"massStateChangeTable-listUl\")]/tbody/tr[1]/td[11]/div/div/div/div[2]/span"}
COMMAND: POST /session/edb7769f788cd4bc8c02fbd4b7269a59/element/f.80861FA1C8F2A5B6E231BC1E2F0865F6.d.4C8EA23A1CAA1BEC7CBA9444A33587ED.e.1119/click - {}
RESULT: {}
COMMAND: GET /session/edb7769f788cd4bc8c02fbd4b7269a59/screenshot - {}
RESULT: {}
COMMAND: POST /session/edb7769f788cd4bc8c02fbd4b7269a59/element - {"using":"xpath","value":"//table[contains(@id, \"massStateChangeTable-listUl\")]/tbody/tr[1]/td[11]/div/div/div/div[2]/span"}
RESULT: {"using":"xpath","value":"//table[contains(@id, \"massStateChangeTable-listUl\")]/tbody/tr[1]/td[11]/div/div/div/div[2]/span"}
COMMAND: POST /session/edb7769f788cd4bc8c02fbd4b7269a59/element/f.80861FA1C8F2A5B6E231BC1E2F0865F6.d.4C8EA23A1CAA1BEC7CBA9444A33587ED.e.1119/click - {}
RESULT: {}
COMMAND: GET /session/edb7769f788cd4bc8c02fbd4b7269a59/screenshot - {}
RESULT: {}
COMMAND: POST /session/edb7769f788cd4bc8c02fbd4b7269a59/element - {"using":"xpath","value":"//table[contains(@id, \"massStateChangeTable-listUl\")]/tbody/tr[2]/td[11]/div/div/div/div[2]/span"}
RESULT: {"using":"xpath","value":"//table[contains(@id, \"massStateChangeTable-listUl\")]/tbody/tr[2]/td[11]/div/div/div/div[2]/span"}
COMMAND: POST /session/edb7769f788cd4bc8c02fbd4b7269a59/element/f.80861FA1C8F2A5B6E231BC1E2F0865F6.d.4C8EA23A1CAA1BEC7CBA9444A33587ED.e.1120/click - {}
RESULT: {}
COMMAND: GET /session/edb7769f788cd4bc8c02fbd4b7269a59/screenshot - {}
RESULT: {}
COMMAND: POST /session/edb7769f788cd4bc8c02fbd4b7269a59/element - {"using":"xpath","value":"//table[contains(@id, \"massStateChangeTable-listUl\")]/tbody/tr[1]/td[11]/div/div/div/input"}
RESULT: {"using":"xpath","value":"//table[contains(@id, \"massStateChangeTable-listUl\")]/tbody/tr[1]/td[11]/div/div/div/input"}
COMMAND: GET /session/edb7769f788cd4bc8c02fbd4b7269a59/element/f.80861FA1C8F2A5B6E231BC1E2F0865F6.d.4C8EA23A1CAA1BEC7CBA9444A33587ED.e.1099/property/value - {}
RESULT: {}
COMMAND: POST /session/edb7769f788cd4bc8c02fbd4b7269a59/element - {"using":"xpath","value":"//table[contains(@id, \"massStateChangeTable-listUl\")]/tbody/tr[2]/td[11]/div/div/div/input"}
COMMAND: GET /session/edb7769f788cd4bc8c02fbd4b7269a59/screenshot - {}
RESULT: {"using":"xpath","value":"//table[contains(@id, \"massStateChangeTable-listUl\")]/tbody/tr[2]/td[11]/div/div/div/input"}
COMMAND: GET /session/edb7769f788cd4bc8c02fbd4b7269a59/element/f.80861FA1C8F2A5B6E231BC1E2F0865F6.d.4C8EA23A1CAA1BEC7CBA9444A33587ED.e.1103/property/value - {}
RESULT: {}
RESULT: {}
COMMAND: POST /session/edb7769f788cd4bc8c02fbd4b7269a59/element - {"using":"xpath","value":"(//bdi[contains(text(), \"OK\")])[1]"}
COMMAND: GET /session/edb7769f788cd4bc8c02fbd4b7269a59/screenshot - {}
RESULT: {"using":"xpath","value":"(//bdi[contains(text(), \"OK\")])[1]"}
COMMAND: POST /session/edb7769f788cd4bc8c02fbd4b7269a59/element/f.80861FA1C8F2A5B6E231BC1E2F0865F6.d.4C8EA23A1CAA1BEC7CBA9444A33587ED.e.1106/click - {}
RESULT: {}
RESULT: {}
COMMAND: GET /session/edb7769f788cd4bc8c02fbd4b7269a59/screenshot - {}
RESULT: {}
COMMAND: POST /session/edb7769f788cd4bc8c02fbd4b7269a59/element - {"using":"xpath","value":"(//bdi[contains(text(), \"OK\")])[2]"}
RESULT: {"using":"xpath","value":"(//bdi[contains(text(), \"OK\")])[2]"}
COMMAND: POST /session/edb7769f788cd4bc8c02fbd4b7269a59/element/f.80861FA1C8F2A5B6E231BC1E2F0865F6.d.4C8EA23A1CAA1BEC7CBA9444A33587ED.e.1122/click - {}
RESULT: {}
COMMAND: GET /session/edb7769f788cd4bc8c02fbd4b7269a59/screenshot - {}
RESULT: {}
RESULT: undefined
COMMAND: POST /session/edb7769f788cd4bc8c02fbd4b7269a59/execute/async - {"script":"<script> [776 bytes]","args":[{"enterText":"600002","selector":{"id":"application-ruinventorylist-display-component---Master--smartFilterBar-btnBasicSearch","interaction":{"idSuffix":"I"}},"clearTextFirst":true,"interactionType":"ENTER_TEXT"}]}
RESULT: {"script":"<script> [776 bytes]","args":[{"enterText":"600002","selector":{"id":"application-ruinventorylist-display-component---Master--smartFilterBar-btnBasicSearch","interaction":{"idSuffix":"I"}},"clearTextFirst":true,"interactionType":"ENTER_TEXT"}]}
COMMAND: POST /session/edb7769f788cd4bc8c02fbd4b7269a59/actions - {"actions":[{"id":"action5","type":"key","parameters":{},"actions":[{"type":"keyDown","value":""},{"type":"pause","duration":10},{"type":"keyUp","value":""}]}]}
RESULT: {"actions":[{"id":"action5","type":"key","parameters":{},"actions":[{"type":"keyDown","value":""},{"type":"pause","duration":10},{"type":"keyUp","value":""}]}]}
COMMAND: GET /session/edb7769f788cd4bc8c02fbd4b7269a59/screenshot - {}
RESULT: {}
COMMAND: POST /session/edb7769f788cd4bc8c02fbd4b7269a59/element - {"using":"xpath","value":"//span[@id=\"application-ruinventorylist-display-component---Master--smartTableRuInventoryList-header-inner\"]"}
RESULT: {"using":"xpath","value":"//span[@id=\"application-ruinventorylist-display-component---Master--smartTableRuInventoryList-header-inner\"]"}
COMMAND: POST /session/edb7769f788cd4bc8c02fbd4b7269a59/elements - {"using":"xpath","value":"//span[@id=\"application-ruinventorylist-display-component---Master--smartTableRuInventoryList-header-inner\"]"}
RESULT: {"using":"xpath","value":"//span[@id=\"application-ruinventorylist-display-component---Master--smartTableRuInventoryList-header-inner\"]"}
COMMAND: POST /session/edb7769f788cd4bc8c02fbd4b7269a59/execute/sync - {"script":"<script> [56 bytes]","args":[{"element-6066-11e4-a52e-4f735466cecf":"f.80861FA1C8F2A5B6E231BC1E2F0865F6.d.4C8EA23A1CAA1BEC7CBA9444A33587ED.e.756","ELEMENT":"f.80861FA1C8F2A5B6E231BC1E2F0865F6.d.4C8EA23A1CAA1BEC7CBA9444A33587ED.e.756"}]}
RESULT: {"script":"<script> [56 bytes]","args":[{"element-6066-11e4-a52e-4f735466cecf":"f.80861FA1C8F2A5B6E231BC1E2F0865F6.d.4C8EA23A1CAA1BEC7CBA9444A33587ED.e.756","ELEMENT":"f.80861FA1C8F2A5B6E231BC1E2F0865F6.d.4C8EA23A1CAA1BEC7CBA9444A33587ED.e.756"}]}
COMMAND: POST /session/edb7769f788cd4bc8c02fbd4b7269a59/element - {"using":"xpath","value":"//table[contains(@id, \"application-ruinventorylist-display-component---Master--tableRuInventoryList-listUl\")]/tbody/tr[1]/td[6]/div/span"}
COMMAND: GET /session/edb7769f788cd4bc8c02fbd4b7269a59/screenshot - {}
RESULT: {"using":"xpath","value":"//table[contains(@id, \"application-ruinventorylist-display-component---Master--tableRuInventoryList-listUl\")]/tbody/tr[1]/td[6]/div/span"}
COMMAND: POST /session/edb7769f788cd4bc8c02fbd4b7269a59/execute/sync - {"script":"<script> [56 bytes]","args":[{"element-6066-11e4-a52e-4f735466cecf":"f.80861FA1C8F2A5B6E231BC1E2F0865F6.d.4C8EA23A1CAA1BEC7CBA9444A33587ED.e.1144","ELEMENT":"f.80861FA1C8F2A5B6E231BC1E2F0865F6.d.4C8EA23A1CAA1BEC7CBA9444A33587ED.e.1144"}]}
RESULT: {}
RESULT: {"script":"<script> [56 bytes]","args":[{"element-6066-11e4-a52e-4f735466cecf":"f.80861FA1C8F2A5B6E231BC1E2F0865F6.d.4C8EA23A1CAA1BEC7CBA9444A33587ED.e.1144","ELEMENT":"f.80861FA1C8F2A5B6E231BC1E2F0865F6.d.4C8EA23A1CAA1BEC7CBA9444A33587ED.e.1144"}]}
COMMAND: POST /session/edb7769f788cd4bc8c02fbd4b7269a59/element - {"using":"xpath","value":"//div[contains(@id, \"smartFilterBar-btnBasicSearch-reset\")]"}
COMMAND: GET /session/edb7769f788cd4bc8c02fbd4b7269a59/screenshot - {}
RESULT: {"using":"xpath","value":"//div[contains(@id, \"smartFilterBar-btnBasicSearch-reset\")]"}
COMMAND: POST /session/edb7769f788cd4bc8c02fbd4b7269a59/element/f.80861FA1C8F2A5B6E231BC1E2F0865F6.d.4C8EA23A1CAA1BEC7CBA9444A33587ED.e.772/click - {}
RESULT: {}
RESULT: {}
COMMAND: GET /session/edb7769f788cd4bc8c02fbd4b7269a59/screenshot - {}
RESULT: {}
RESULT: undefined
COMMAND: POST /session/edb7769f788cd4bc8c02fbd4b7269a59/execute/async - {"script":"<script> [776 bytes]","args":[{"enterText":"401002","selector":{"id":"application-ruinventorylist-display-component---Master--smartFilterBar-btnBasicSearch","interaction":{"idSuffix":"I"}},"clearTextFirst":true,"interactionType":"ENTER_TEXT"}]}
RESULT: {"script":"<script> [776 bytes]","args":[{"enterText":"401002","selector":{"id":"application-ruinventorylist-display-component---Master--smartFilterBar-btnBasicSearch","interaction":{"idSuffix":"I"}},"clearTextFirst":true,"interactionType":"ENTER_TEXT"}]}
COMMAND: POST /session/edb7769f788cd4bc8c02fbd4b7269a59/actions - {"actions":[{"id":"action6","type":"key","parameters":{},"actions":[{"type":"keyDown","value":""},{"type":"pause","duration":10},{"type":"keyUp","value":""}]}]}
RESULT: {"actions":[{"id":"action6","type":"key","parameters":{},"actions":[{"type":"keyDown","value":""},{"type":"pause","duration":10},{"type":"keyUp","value":""}]}]}
COMMAND: GET /session/edb7769f788cd4bc8c02fbd4b7269a59/screenshot - {}
RESULT: {}
COMMAND: POST /session/edb7769f788cd4bc8c02fbd4b7269a59/element - {"using":"xpath","value":"//span[@id=\"application-ruinventorylist-display-component---Master--smartTableRuInventoryList-header-inner\"]"}
RESULT: {"using":"xpath","value":"//span[@id=\"application-ruinventorylist-display-component---Master--smartTableRuInventoryList-header-inner\"]"}
COMMAND: POST /session/edb7769f788cd4bc8c02fbd4b7269a59/elements - {"using":"xpath","value":"//span[@id=\"application-ruinventorylist-display-component---Master--smartTableRuInventoryList-header-inner\"]"}
RESULT: {"using":"xpath","value":"//span[@id=\"application-ruinventorylist-display-component---Master--smartTableRuInventoryList-header-inner\"]"}
COMMAND: POST /session/edb7769f788cd4bc8c02fbd4b7269a59/execute/sync - {"script":"<script> [56 bytes]","args":[{"element-6066-11e4-a52e-4f735466cecf":"f.80861FA1C8F2A5B6E231BC1E2F0865F6.d.4C8EA23A1CAA1BEC7CBA9444A33587ED.e.756","ELEMENT":"f.80861FA1C8F2A5B6E231BC1E2F0865F6.d.4C8EA23A1CAA1BEC7CBA9444A33587ED.e.756"}]}
RESULT: {"script":"<script> [56 bytes]","args":[{"element-6066-11e4-a52e-4f735466cecf":"f.80861FA1C8F2A5B6E231BC1E2F0865F6.d.4C8EA23A1CAA1BEC7CBA9444A33587ED.e.756","ELEMENT":"f.80861FA1C8F2A5B6E231BC1E2F0865F6.d.4C8EA23A1CAA1BEC7CBA9444A33587ED.e.756"}]}
COMMAND: POST /session/edb7769f788cd4bc8c02fbd4b7269a59/element - {"using":"xpath","value":"//table[contains(@id, \"application-ruinventorylist-display-component---Master--tableRuInventoryList-listUl\")]/tbody/tr[1]/td[6]/div/span"}
COMMAND: GET /session/edb7769f788cd4bc8c02fbd4b7269a59/screenshot - {}
RESULT: {"using":"xpath","value":"//table[contains(@id, \"application-ruinventorylist-display-component---Master--tableRuInventoryList-listUl\")]/tbody/tr[1]/td[6]/div/span"}
COMMAND: POST /session/edb7769f788cd4bc8c02fbd4b7269a59/execute/sync - {"script":"<script> [56 bytes]","args":[{"element-6066-11e4-a52e-4f735466cecf":"f.80861FA1C8F2A5B6E231BC1E2F0865F6.d.4C8EA23A1CAA1BEC7CBA9444A33587ED.e.1234","ELEMENT":"f.80861FA1C8F2A5B6E231BC1E2F0865F6.d.4C8EA23A1CAA1BEC7CBA9444A33587ED.e.1234"}]}
RESULT: {}
RESULT: {"script":"<script> [56 bytes]","args":[{"element-6066-11e4-a52e-4f735466cecf":"f.80861FA1C8F2A5B6E231BC1E2F0865F6.d.4C8EA23A1CAA1BEC7CBA9444A33587ED.e.1234","ELEMENT":"f.80861FA1C8F2A5B6E231BC1E2F0865F6.d.4C8EA23A1CAA1BEC7CBA9444A33587ED.e.1234"}]}
COMMAND: POST /session/edb7769f788cd4bc8c02fbd4b7269a59/element - {"using":"xpath","value":"//div[contains(@id, \"smartFilterBar-btnBasicSearch-reset\")]"}
COMMAND: GET /session/edb7769f788cd4bc8c02fbd4b7269a59/screenshot - {}
RESULT: {"using":"xpath","value":"//div[contains(@id, \"smartFilterBar-btnBasicSearch-reset\")]"}
COMMAND: POST /session/edb7769f788cd4bc8c02fbd4b7269a59/element/f.80861FA1C8F2A5B6E231BC1E2F0865F6.d.4C8EA23A1CAA1BEC7CBA9444A33587ED.e.772/click - {}
RESULT: {}
RESULT: {}
COMMAND: GET /session/edb7769f788cd4bc8c02fbd4b7269a59/screenshot - {}
RESULT: {}
COMMAND: POST /session/edb7769f788cd4bc8c02fbd4b7269a59/element/f.80861FA1C8F2A5B6E231BC1E2F0865F6.d.4C8EA23A1CAA1BEC7CBA9444A33587ED.e.294/click - {}
RESULT: {}
COMMAND: GET /session/edb7769f788cd4bc8c02fbd4b7269a59/screenshot - {}
RESULT: {}
RESULT: undefined
COMMAND: POST /session/edb7769f788cd4bc8c02fbd4b7269a59/execute/async - {"script":"<script> [776 bytes]","args":[{"enterText":"600002","selector":{"id":"application-ruinventorylist-display-component---Master--smartFilterBar-btnBasicSearch","interaction":{"idSuffix":"I"}},"clearTextFirst":true,"interactionType":"ENTER_TEXT"}]}
RESULT: {"script":"<script> [776 bytes]","args":[{"enterText":"600002","selector":{"id":"application-ruinventorylist-display-component---Master--smartFilterBar-btnBasicSearch","interaction":{"idSuffix":"I"}},"clearTextFirst":true,"interactionType":"ENTER_TEXT"}]}
COMMAND: POST /session/edb7769f788cd4bc8c02fbd4b7269a59/actions - {"actions":[{"id":"action7","type":"key","parameters":{},"actions":[{"type":"keyDown","value":""},{"type":"pause","duration":10},{"type":"keyUp","value":""}]}]}
RESULT: {"actions":[{"id":"action7","type":"key","parameters":{},"actions":[{"type":"keyDown","value":""},{"type":"pause","duration":10},{"type":"keyUp","value":""}]}]}
COMMAND: GET /session/edb7769f788cd4bc8c02fbd4b7269a59/screenshot - {}
RESULT: {}
COMMAND: POST /session/edb7769f788cd4bc8c02fbd4b7269a59/element - {"using":"xpath","value":"//span[@id=\"application-ruinventorylist-display-component---Master--smartTableRuInventoryList-header-inner\"]"}
RESULT: {"using":"xpath","value":"//span[@id=\"application-ruinventorylist-display-component---Master--smartTableRuInventoryList-header-inner\"]"}
COMMAND: POST /session/edb7769f788cd4bc8c02fbd4b7269a59/elements - {"using":"xpath","value":"//span[@id=\"application-ruinventorylist-display-component---Master--smartTableRuInventoryList-header-inner\"]"}
RESULT: {"using":"xpath","value":"//span[@id=\"application-ruinventorylist-display-component---Master--smartTableRuInventoryList-header-inner\"]"}
COMMAND: POST /session/edb7769f788cd4bc8c02fbd4b7269a59/execute/sync - {"script":"<script> [56 bytes]","args":[{"element-6066-11e4-a52e-4f735466cecf":"f.80861FA1C8F2A5B6E231BC1E2F0865F6.d.4C8EA23A1CAA1BEC7CBA9444A33587ED.e.756","ELEMENT":"f.80861FA1C8F2A5B6E231BC1E2F0865F6.d.4C8EA23A1CAA1BEC7CBA9444A33587ED.e.756"}]}
RESULT: {"script":"<script> [56 bytes]","args":[{"element-6066-11e4-a52e-4f735466cecf":"f.80861FA1C8F2A5B6E231BC1E2F0865F6.d.4C8EA23A1CAA1BEC7CBA9444A33587ED.e.756","ELEMENT":"f.80861FA1C8F2A5B6E231BC1E2F0865F6.d.4C8EA23A1CAA1BEC7CBA9444A33587ED.e.756"}]}
COMMAND: POST /session/edb7769f788cd4bc8c02fbd4b7269a59/element - {"using":"xpath","value":"//table[contains(@id, \"application-ruinventorylist-display-component---Master--tableRuInventoryList-listUl\")]/tbody/tr[1]/td[2]/div/div"}
COMMAND: GET /session/edb7769f788cd4bc8c02fbd4b7269a59/screenshot - {}
RESULT: {"using":"xpath","value":"//table[contains(@id, \"application-ruinventorylist-display-component---Master--tableRuInventoryList-listUl\")]/tbody/tr[1]/td[2]/div/div"}
COMMAND: POST /session/edb7769f788cd4bc8c02fbd4b7269a59/element/f.80861FA1C8F2A5B6E231BC1E2F0865F6.d.4C8EA23A1CAA1BEC7CBA9444A33587ED.e.1504/click - {}
RESULT: {}
RESULT: {}
COMMAND: GET /session/edb7769f788cd4bc8c02fbd4b7269a59/screenshot - {}
RESULT: {}
COMMAND: POST /session/edb7769f788cd4bc8c02fbd4b7269a59/element - {"using":"xpath","value":"//div[contains(@id, \"smartFilterBar-btnBasicSearch-reset\")]"}
RESULT: {"using":"xpath","value":"//div[contains(@id, \"smartFilterBar-btnBasicSearch-reset\")]"}
COMMAND: POST /session/edb7769f788cd4bc8c02fbd4b7269a59/element/f.80861FA1C8F2A5B6E231BC1E2F0865F6.d.4C8EA23A1CAA1BEC7CBA9444A33587ED.e.772/click - {}
RESULT: {}
COMMAND: GET /session/edb7769f788cd4bc8c02fbd4b7269a59/screenshot - {}
RESULT: {}
RESULT: undefined
COMMAND: POST /session/edb7769f788cd4bc8c02fbd4b7269a59/execute/async - {"script":"<script> [776 bytes]","args":[{"enterText":"401002","selector":{"id":"application-ruinventorylist-display-component---Master--smartFilterBar-btnBasicSearch","interaction":{"idSuffix":"I"}},"clearTextFirst":true,"interactionType":"ENTER_TEXT"}]}
RESULT: {"script":"<script> [776 bytes]","args":[{"enterText":"401002","selector":{"id":"application-ruinventorylist-display-component---Master--smartFilterBar-btnBasicSearch","interaction":{"idSuffix":"I"}},"clearTextFirst":true,"interactionType":"ENTER_TEXT"}]}
COMMAND: POST /session/edb7769f788cd4bc8c02fbd4b7269a59/actions - {"actions":[{"id":"action8","type":"key","parameters":{},"actions":[{"type":"keyDown","value":""},{"type":"pause","duration":10},{"type":"keyUp","value":""}]}]}
RESULT: {"actions":[{"id":"action8","type":"key","parameters":{},"actions":[{"type":"keyDown","value":""},{"type":"pause","duration":10},{"type":"keyUp","value":""}]}]}
COMMAND: GET /session/edb7769f788cd4bc8c02fbd4b7269a59/screenshot - {}
RESULT: {}
COMMAND: POST /session/edb7769f788cd4bc8c02fbd4b7269a59/element - {"using":"xpath","value":"//span[@id=\"application-ruinventorylist-display-component---Master--smartTableRuInventoryList-header-inner\"]"}
RESULT: {"using":"xpath","value":"//span[@id=\"application-ruinventorylist-display-component---Master--smartTableRuInventoryList-header-inner\"]"}
COMMAND: POST /session/edb7769f788cd4bc8c02fbd4b7269a59/elements - {"using":"xpath","value":"//span[@id=\"application-ruinventorylist-display-component---Master--smartTableRuInventoryList-header-inner\"]"}
RESULT: {"using":"xpath","value":"//span[@id=\"application-ruinventorylist-display-component---Master--smartTableRuInventoryList-header-inner\"]"}
COMMAND: POST /session/edb7769f788cd4bc8c02fbd4b7269a59/execute/sync - {"script":"<script> [56 bytes]","args":[{"element-6066-11e4-a52e-4f735466cecf":"f.80861FA1C8F2A5B6E231BC1E2F0865F6.d.4C8EA23A1CAA1BEC7CBA9444A33587ED.e.756","ELEMENT":"f.80861FA1C8F2A5B6E231BC1E2F0865F6.d.4C8EA23A1CAA1BEC7CBA9444A33587ED.e.756"}]}
RESULT: {"script":"<script> [56 bytes]","args":[{"element-6066-11e4-a52e-4f735466cecf":"f.80861FA1C8F2A5B6E231BC1E2F0865F6.d.4C8EA23A1CAA1BEC7CBA9444A33587ED.e.756","ELEMENT":"f.80861FA1C8F2A5B6E231BC1E2F0865F6.d.4C8EA23A1CAA1BEC7CBA9444A33587ED.e.756"}]}
COMMAND: POST /session/edb7769f788cd4bc8c02fbd4b7269a59/element - {"using":"xpath","value":"//table[contains(@id, \"application-ruinventorylist-display-component---Master--tableRuInventoryList-listUl\")]/tbody/tr[1]/td[2]/div/div"}
COMMAND: GET /session/edb7769f788cd4bc8c02fbd4b7269a59/screenshot - {}
RESULT: {"using":"xpath","value":"//table[contains(@id, \"application-ruinventorylist-display-component---Master--tableRuInventoryList-listUl\")]/tbody/tr[1]/td[2]/div/div"}
COMMAND: POST /session/edb7769f788cd4bc8c02fbd4b7269a59/element/f.80861FA1C8F2A5B6E231BC1E2F0865F6.d.4C8EA23A1CAA1BEC7CBA9444A33587ED.e.1670/click - {}
RESULT: {}
RESULT: {}
COMMAND: GET /session/edb7769f788cd4bc8c02fbd4b7269a59/screenshot - {}
RESULT: {}
COMMAND: POST /session/edb7769f788cd4bc8c02fbd4b7269a59/element - {"using":"xpath","value":"//div[contains(@id, \"smartFilterBar-btnBasicSearch-reset\")]"}
RESULT: {"using":"xpath","value":"//div[contains(@id, \"smartFilterBar-btnBasicSearch-reset\")]"}
COMMAND: POST /session/edb7769f788cd4bc8c02fbd4b7269a59/element/f.80861FA1C8F2A5B6E231BC1E2F0865F6.d.4C8EA23A1CAA1BEC7CBA9444A33587ED.e.772/click - {}
RESULT: {}
COMMAND: GET /session/edb7769f788cd4bc8c02fbd4b7269a59/screenshot - {}
RESULT: {}
COMMAND: POST /session/edb7769f788cd4bc8c02fbd4b7269a59/element/f.80861FA1C8F2A5B6E231BC1E2F0865F6.d.4C8EA23A1CAA1BEC7CBA9444A33587ED.e.294/click - {}
RESULT: {}
COMMAND: GET /session/edb7769f788cd4bc8c02fbd4b7269a59/screenshot - {}
RESULT: {}
RESULT: undefined
COMMAND: POST /session/edb7769f788cd4bc8c02fbd4b7269a59/element - {"using":"xpath","value":"//*[@id=\"application-ruinventorylist-display-component---Master--ruStateTypes-arrow\"]"}
RESULT: {"using":"xpath","value":"//*[@id=\"application-ruinventorylist-display-component---Master--ruStateTypes-arrow\"]"}
COMMAND: POST /session/edb7769f788cd4bc8c02fbd4b7269a59/element/f.80861FA1C8F2A5B6E231BC1E2F0865F6.d.4C8EA23A1CAA1BEC7CBA9444A33587ED.e.1848/click - {}
RESULT: {}
COMMAND: GET /session/edb7769f788cd4bc8c02fbd4b7269a59/screenshot - {}
RESULT: {}
COMMAND: POST /session/edb7769f788cd4bc8c02fbd4b7269a59/element - {"using":"xpath","value":"//li[.//span[text()=\"available\"]]"}
RESULT: {"using":"xpath","value":"//li[.//span[text()=\"available\"]]"}
COMMAND: POST /session/edb7769f788cd4bc8c02fbd4b7269a59/element/f.80861FA1C8F2A5B6E231BC1E2F0865F6.d.4C8EA23A1CAA1BEC7CBA9444A33587ED.e.1849/click - {}
RESULT: {}
COMMAND: GET /session/edb7769f788cd4bc8c02fbd4b7269a59/screenshot - {}
RESULT: {}
COMMAND: POST /session/edb7769f788cd4bc8c02fbd4b7269a59/element - {"using":"xpath","value":"(//bdi[contains(text(), \"OK\")])[1]"}
RESULT: {"using":"xpath","value":"(//bdi[contains(text(), \"OK\")])[1]"}
COMMAND: POST /session/edb7769f788cd4bc8c02fbd4b7269a59/element/f.80861FA1C8F2A5B6E231BC1E2F0865F6.d.4C8EA23A1CAA1BEC7CBA9444A33587ED.e.1850/click - {}
RESULT: {}
COMMAND: GET /session/edb7769f788cd4bc8c02fbd4b7269a59/screenshot - {}
RESULT: {}
COMMAND: POST /session/edb7769f788cd4bc8c02fbd4b7269a59/element - {"using":"xpath","value":"(//bdi[contains(text(), \"OK\")])[2]"}
RESULT: {"using":"xpath","value":"(//bdi[contains(text(), \"OK\")])[2]"}
COMMAND: POST /session/edb7769f788cd4bc8c02fbd4b7269a59/element/f.80861FA1C8F2A5B6E231BC1E2F0865F6.d.4C8EA23A1CAA1BEC7CBA9444A33587ED.e.1855/click - {}
RESULT: {}
COMMAND: GET /session/edb7769f788cd4bc8c02fbd4b7269a59/screenshot - {}
RESULT: {}
RESULT: undefined
COMMAND: POST /session/edb7769f788cd4bc8c02fbd4b7269a59/execute/async - {"script":"<script> [776 bytes]","args":[{"enterText":"600002","selector":{"id":"application-ruinventorylist-display-component---Master--smartFilterBar-btnBasicSearch","interaction":{"idSuffix":"I"}},"clearTextFirst":true,"interactionType":"ENTER_TEXT"}]}
RESULT: {"script":"<script> [776 bytes]","args":[{"enterText":"600002","selector":{"id":"application-ruinventorylist-display-component---Master--smartFilterBar-btnBasicSearch","interaction":{"idSuffix":"I"}},"clearTextFirst":true,"interactionType":"ENTER_TEXT"}]}
COMMAND: POST /session/edb7769f788cd4bc8c02fbd4b7269a59/actions - {"actions":[{"id":"action9","type":"key","parameters":{},"actions":[{"type":"keyDown","value":""},{"type":"pause","duration":10},{"type":"keyUp","value":""}]}]}
RESULT: {"actions":[{"id":"action9","type":"key","parameters":{},"actions":[{"type":"keyDown","value":""},{"type":"pause","duration":10},{"type":"keyUp","value":""}]}]}
COMMAND: GET /session/edb7769f788cd4bc8c02fbd4b7269a59/screenshot - {}
RESULT: {}
COMMAND: POST /session/edb7769f788cd4bc8c02fbd4b7269a59/element - {"using":"xpath","value":"//span[@id=\"application-ruinventorylist-display-component---Master--smartTableRuInventoryList-header-inner\"]"}
RESULT: {"using":"xpath","value":"//span[@id=\"application-ruinventorylist-display-component---Master--smartTableRuInventoryList-header-inner\"]"}
COMMAND: POST /session/edb7769f788cd4bc8c02fbd4b7269a59/elements - {"using":"xpath","value":"//span[@id=\"application-ruinventorylist-display-component---Master--smartTableRuInventoryList-header-inner\"]"}
RESULT: {"using":"xpath","value":"//span[@id=\"application-ruinventorylist-display-component---Master--smartTableRuInventoryList-header-inner\"]"}
COMMAND: POST /session/edb7769f788cd4bc8c02fbd4b7269a59/execute/sync - {"script":"<script> [56 bytes]","args":[{"element-6066-11e4-a52e-4f735466cecf":"f.80861FA1C8F2A5B6E231BC1E2F0865F6.d.4C8EA23A1CAA1BEC7CBA9444A33587ED.e.756","ELEMENT":"f.80861FA1C8F2A5B6E231BC1E2F0865F6.d.4C8EA23A1CAA1BEC7CBA9444A33587ED.e.756"}]}
RESULT: {"script":"<script> [56 bytes]","args":[{"element-6066-11e4-a52e-4f735466cecf":"f.80861FA1C8F2A5B6E231BC1E2F0865F6.d.4C8EA23A1CAA1BEC7CBA9444A33587ED.e.756","ELEMENT":"f.80861FA1C8F2A5B6E231BC1E2F0865F6.d.4C8EA23A1CAA1BEC7CBA9444A33587ED.e.756"}]}
COMMAND: POST /session/edb7769f788cd4bc8c02fbd4b7269a59/element - {"using":"xpath","value":"//table[contains(@id, \"application-ruinventorylist-display-component---Master--tableRuInventoryList-listUl\")]/tbody/tr[1]/td[6]/div/span"}
COMMAND: GET /session/edb7769f788cd4bc8c02fbd4b7269a59/screenshot - {}
RESULT: {"using":"xpath","value":"//table[contains(@id, \"application-ruinventorylist-display-component---Master--tableRuInventoryList-listUl\")]/tbody/tr[1]/td[6]/div/span"}
COMMAND: POST /session/edb7769f788cd4bc8c02fbd4b7269a59/execute/sync - {"script":"<script> [56 bytes]","args":[{"element-6066-11e4-a52e-4f735466cecf":"f.80861FA1C8F2A5B6E231BC1E2F0865F6.d.4C8EA23A1CAA1BEC7CBA9444A33587ED.e.1875","ELEMENT":"f.80861FA1C8F2A5B6E231BC1E2F0865F6.d.4C8EA23A1CAA1BEC7CBA9444A33587ED.e.1875"}]}
RESULT: {}
RESULT: {"script":"<script> [56 bytes]","args":[{"element-6066-11e4-a52e-4f735466cecf":"f.80861FA1C8F2A5B6E231BC1E2F0865F6.d.4C8EA23A1CAA1BEC7CBA9444A33587ED.e.1875","ELEMENT":"f.80861FA1C8F2A5B6E231BC1E2F0865F6.d.4C8EA23A1CAA1BEC7CBA9444A33587ED.e.1875"}]}
COMMAND: POST /session/edb7769f788cd4bc8c02fbd4b7269a59/element - {"using":"xpath","value":"//div[contains(@id, \"smartFilterBar-btnBasicSearch-reset\")]"}
COMMAND: GET /session/edb7769f788cd4bc8c02fbd4b7269a59/screenshot - {}
RESULT: {"using":"xpath","value":"//div[contains(@id, \"smartFilterBar-btnBasicSearch-reset\")]"}
COMMAND: POST /session/edb7769f788cd4bc8c02fbd4b7269a59/element/f.80861FA1C8F2A5B6E231BC1E2F0865F6.d.4C8EA23A1CAA1BEC7CBA9444A33587ED.e.772/click - {}
RESULT: {}
RESULT: {}
COMMAND: GET /session/edb7769f788cd4bc8c02fbd4b7269a59/screenshot - {}
RESULT: undefined
COMMAND: POST /session/edb7769f788cd4bc8c02fbd4b7269a59/execute/async - {"script":"<script> [776 bytes]","args":[{"enterText":"401002","selector":{"id":"application-ruinventorylist-display-component---Master--smartFilterBar-btnBasicSearch","interaction":{"idSuffix":"I"}},"clearTextFirst":true,"interactionType":"ENTER_TEXT"}]}
RESULT: {}
RESULT: {"script":"<script> [776 bytes]","args":[{"enterText":"401002","selector":{"id":"application-ruinventorylist-display-component---Master--smartFilterBar-btnBasicSearch","interaction":{"idSuffix":"I"}},"clearTextFirst":true,"interactionType":"ENTER_TEXT"}]}
COMMAND: POST /session/edb7769f788cd4bc8c02fbd4b7269a59/actions - {"actions":[{"id":"action10","type":"key","parameters":{},"actions":[{"type":"keyDown","value":""},{"type":"pause","duration":10},{"type":"keyUp","value":""}]}]}
RESULT: {"actions":[{"id":"action10","type":"key","parameters":{},"actions":[{"type":"keyDown","value":""},{"type":"pause","duration":10},{"type":"keyUp","value":""}]}]}
COMMAND: GET /session/edb7769f788cd4bc8c02fbd4b7269a59/screenshot - {}
RESULT: {}
COMMAND: POST /session/edb7769f788cd4bc8c02fbd4b7269a59/element - {"using":"xpath","value":"//span[@id=\"application-ruinventorylist-display-component---Master--smartTableRuInventoryList-header-inner\"]"}
RESULT: {"using":"xpath","value":"//span[@id=\"application-ruinventorylist-display-component---Master--smartTableRuInventoryList-header-inner\"]"}
COMMAND: POST /session/edb7769f788cd4bc8c02fbd4b7269a59/elements - {"using":"xpath","value":"//span[@id=\"application-ruinventorylist-display-component---Master--smartTableRuInventoryList-header-inner\"]"}
RESULT: {"using":"xpath","value":"//span[@id=\"application-ruinventorylist-display-component---Master--smartTableRuInventoryList-header-inner\"]"}
COMMAND: POST /session/edb7769f788cd4bc8c02fbd4b7269a59/execute/sync - {"script":"<script> [56 bytes]","args":[{"element-6066-11e4-a52e-4f735466cecf":"f.80861FA1C8F2A5B6E231BC1E2F0865F6.d.4C8EA23A1CAA1BEC7CBA9444A33587ED.e.756","ELEMENT":"f.80861FA1C8F2A5B6E231BC1E2F0865F6.d.4C8EA23A1CAA1BEC7CBA9444A33587ED.e.756"}]}
RESULT: {"script":"<script> [56 bytes]","args":[{"element-6066-11e4-a52e-4f735466cecf":"f.80861FA1C8F2A5B6E231BC1E2F0865F6.d.4C8EA23A1CAA1BEC7CBA9444A33587ED.e.756","ELEMENT":"f.80861FA1C8F2A5B6E231BC1E2F0865F6.d.4C8EA23A1CAA1BEC7CBA9444A33587ED.e.756"}]}
COMMAND: POST /session/edb7769f788cd4bc8c02fbd4b7269a59/element - {"using":"xpath","value":"//table[contains(@id, \"application-ruinventorylist-display-component---Master--tableRuInventoryList-listUl\")]/tbody/tr[1]/td[6]/div/span"}
COMMAND: GET /session/edb7769f788cd4bc8c02fbd4b7269a59/screenshot - {}
RESULT: {"using":"xpath","value":"//table[contains(@id, \"application-ruinventorylist-display-component---Master--tableRuInventoryList-listUl\")]/tbody/tr[1]/td[6]/div/span"}
COMMAND: POST /session/edb7769f788cd4bc8c02fbd4b7269a59/execute/sync - {"script":"<script> [56 bytes]","args":[{"element-6066-11e4-a52e-4f735466cecf":"f.80861FA1C8F2A5B6E231BC1E2F0865F6.d.4C8EA23A1CAA1BEC7CBA9444A33587ED.e.1965","ELEMENT":"f.80861FA1C8F2A5B6E231BC1E2F0865F6.d.4C8EA23A1CAA1BEC7CBA9444A33587ED.e.1965"}]}
RESULT: {}
RESULT: {"script":"<script> [56 bytes]","args":[{"element-6066-11e4-a52e-4f735466cecf":"f.80861FA1C8F2A5B6E231BC1E2F0865F6.d.4C8EA23A1CAA1BEC7CBA9444A33587ED.e.1965","ELEMENT":"f.80861FA1C8F2A5B6E231BC1E2F0865F6.d.4C8EA23A1CAA1BEC7CBA9444A33587ED.e.1965"}]}
COMMAND: POST /session/edb7769f788cd4bc8c02fbd4b7269a59/element - {"using":"xpath","value":"//div[contains(@id, \"smartFilterBar-btnBasicSearch-reset\")]"}
COMMAND: GET /session/edb7769f788cd4bc8c02fbd4b7269a59/screenshot - {}
RESULT: {"using":"xpath","value":"//div[contains(@id, \"smartFilterBar-btnBasicSearch-reset\")]"}
COMMAND: POST /session/edb7769f788cd4bc8c02fbd4b7269a59/element/f.80861FA1C8F2A5B6E231BC1E2F0865F6.d.4C8EA23A1CAA1BEC7CBA9444A33587ED.e.772/click - {}
RESULT: {}
RESULT: {}
COMMAND: GET /session/edb7769f788cd4bc8c02fbd4b7269a59/screenshot - {}
RESULT: {}
COMMAND: POST /session/edb7769f788cd4bc8c02fbd4b7269a59/element - {"using":"css selector","value":"#shell-header-logo"}
RESULT: {"using":"css selector","value":"#shell-header-logo"}
COMMAND: POST /session/edb7769f788cd4bc8c02fbd4b7269a59/element/f.80861FA1C8F2A5B6E231BC1E2F0865F6.d.4C8EA23A1CAA1BEC7CBA9444A33587ED.e.262/click - {}
RESULT: {}
COMMAND: GET /session/edb7769f788cd4bc8c02fbd4b7269a59/screenshot - {}
RESULT: {}
]]></system-out>
    </testcase>
    <testcase classname="chrome.136_0_7103_93.windows.RU_Inventory_Mass_State_Change_Multiple_Items_US151066" name="Prerequisite Step 2 Should create a new equipment" time="146.837">
      <system-out><![CDATA[
COMMAND: POST /session/edb7769f788cd4bc8c02fbd4b7269a59/execute/async - {"script":"<script> [1562 bytes]","args":[{"selector":{"controlType":"sap.m.GenericTile","properties":{"header":"Manage Resources"}},"wdio_ui5_key":"sapm.GenericTile{\"header\":\"Manage Resources\"}"}]}
RESULT: {"script":"<script> [1562 bytes]","args":[{"selector":{"controlType":"sap.m.GenericTile","properties":{"header":"Manage Resources"}},"wdio_ui5_key":"sapm.GenericTile{\"header\":\"Manage Resources\"}"}]}
RESULT: undefined
COMMAND: POST /session/edb7769f788cd4bc8c02fbd4b7269a59/element - {"using":"xpath","value":"//*[@id=\"__tile39\"]"}
RESULT: {"using":"xpath","value":"//*[@id=\"__tile39\"]"}
COMMAND: POST /session/edb7769f788cd4bc8c02fbd4b7269a59/element/f.80861FA1C8F2A5B6E231BC1E2F0865F6.d.4C8EA23A1CAA1BEC7CBA9444A33587ED.e.133/click - {}
RESULT: {}
COMMAND: GET /session/edb7769f788cd4bc8c02fbd4b7269a59/screenshot - {}
RESULT: {}
COMMAND: POST /session/edb7769f788cd4bc8c02fbd4b7269a59/elements - {"using":"xpath","value":"//span[text()='Error']"}
RESULT: {"using":"xpath","value":"//span[text()='Error']"}
COMMAND: POST /session/edb7769f788cd4bc8c02fbd4b7269a59/element - {"using":"xpath","value":"//button[@data-kt=\"addNewRUOverflowToolbarButton\"]"}
RESULT: {"using":"xpath","value":"//button[@data-kt=\"addNewRUOverflowToolbarButton\"]"}
COMMAND: POST /session/edb7769f788cd4bc8c02fbd4b7269a59/elements - {"using":"xpath","value":"//button[@data-kt=\"addNewRUOverflowToolbarButton\"]"}
RESULT: {"using":"xpath","value":"//button[@data-kt=\"addNewRUOverflowToolbarButton\"]"}
COMMAND: POST /session/edb7769f788cd4bc8c02fbd4b7269a59/execute/sync - {"script":"<script> [8489 bytes]","args":[{"element-6066-11e4-a52e-4f735466cecf":"f.80861FA1C8F2A5B6E231BC1E2F0865F6.d.4C8EA23A1CAA1BEC7CBA9444A33587ED.e.2088","ELEMENT":"f.80861FA1C8F2A5B6E231BC1E2F0865F6.d.4C8EA23A1CAA1BEC7CBA9444A33587ED.e.2088"}]}
RESULT: {"script":"<script> [8489 bytes]","args":[{"element-6066-11e4-a52e-4f735466cecf":"f.80861FA1C8F2A5B6E231BC1E2F0865F6.d.4C8EA23A1CAA1BEC7CBA9444A33587ED.e.2088","ELEMENT":"f.80861FA1C8F2A5B6E231BC1E2F0865F6.d.4C8EA23A1CAA1BEC7CBA9444A33587ED.e.2088"}]}
COMMAND: GET /session/edb7769f788cd4bc8c02fbd4b7269a59/element/f.80861FA1C8F2A5B6E231BC1E2F0865F6.d.4C8EA23A1CAA1BEC7CBA9444A33587ED.e.2088/enabled - {}
COMMAND: GET /session/edb7769f788cd4bc8c02fbd4b7269a59/screenshot - {}
RESULT: {}
COMMAND: POST /session/edb7769f788cd4bc8c02fbd4b7269a59/execute/sync - {"script":"<script> [8489 bytes]","args":[{"element-6066-11e4-a52e-4f735466cecf":"f.80861FA1C8F2A5B6E231BC1E2F0865F6.d.4C8EA23A1CAA1BEC7CBA9444A33587ED.e.2088","ELEMENT":"f.80861FA1C8F2A5B6E231BC1E2F0865F6.d.4C8EA23A1CAA1BEC7CBA9444A33587ED.e.2088"}]}
COMMAND: GET /session/edb7769f788cd4bc8c02fbd4b7269a59/screenshot - {}
RESULT: {}
RESULT: {"script":"<script> [8489 bytes]","args":[{"element-6066-11e4-a52e-4f735466cecf":"f.80861FA1C8F2A5B6E231BC1E2F0865F6.d.4C8EA23A1CAA1BEC7CBA9444A33587ED.e.2088","ELEMENT":"f.80861FA1C8F2A5B6E231BC1E2F0865F6.d.4C8EA23A1CAA1BEC7CBA9444A33587ED.e.2088"}]}
COMMAND: POST /session/edb7769f788cd4bc8c02fbd4b7269a59/execute/sync - {"script":"<script> [5351 bytes]","args":[{"element-6066-11e4-a52e-4f735466cecf":"f.80861FA1C8F2A5B6E231BC1E2F0865F6.d.4C8EA23A1CAA1BEC7CBA9444A33587ED.e.2088","ELEMENT":"f.80861FA1C8F2A5B6E231BC1E2F0865F6.d.4C8EA23A1CAA1BEC7CBA9444A33587ED.e.2088"}]}
COMMAND: GET /session/edb7769f788cd4bc8c02fbd4b7269a59/screenshot - {}
RESULT: {}
RESULT: {"script":"<script> [5351 bytes]","args":[{"element-6066-11e4-a52e-4f735466cecf":"f.80861FA1C8F2A5B6E231BC1E2F0865F6.d.4C8EA23A1CAA1BEC7CBA9444A33587ED.e.2088","ELEMENT":"f.80861FA1C8F2A5B6E231BC1E2F0865F6.d.4C8EA23A1CAA1BEC7CBA9444A33587ED.e.2088"}]}
COMMAND: POST /session/edb7769f788cd4bc8c02fbd4b7269a59/element/f.80861FA1C8F2A5B6E231BC1E2F0865F6.d.4C8EA23A1CAA1BEC7CBA9444A33587ED.e.2088/click - {}
COMMAND: GET /session/edb7769f788cd4bc8c02fbd4b7269a59/screenshot - {}
RESULT: {}
RESULT: {}
COMMAND: GET /session/edb7769f788cd4bc8c02fbd4b7269a59/screenshot - {}
RESULT: {}
COMMAND: POST /session/edb7769f788cd4bc8c02fbd4b7269a59/execute/async - {"script":"<script> [1562 bytes]","args":[{"selector":{"id":"application-manageresources-display-component---newResourceUnit--TYPE-arrow"},"wdio_ui5_key":"applicationmanageresources-display-component---newResourceUnit--TYPE-arrow"}]}
RESULT: {}
RESULT: {"script":"<script> [1562 bytes]","args":[{"selector":{"id":"application-manageresources-display-component---newResourceUnit--TYPE-arrow"},"wdio_ui5_key":"applicationmanageresources-display-component---newResourceUnit--TYPE-arrow"}]}
RESULT: undefined
COMMAND: POST /session/edb7769f788cd4bc8c02fbd4b7269a59/element - {"using":"xpath","value":"//*[@id=\"application-manageresources-display-component---newResourceUnit--TYPE-arrow\"]"}
RESULT: {"using":"xpath","value":"//*[@id=\"application-manageresources-display-component---newResourceUnit--TYPE-arrow\"]"}
COMMAND: POST /session/edb7769f788cd4bc8c02fbd4b7269a59/element/f.80861FA1C8F2A5B6E231BC1E2F0865F6.d.4C8EA23A1CAA1BEC7CBA9444A33587ED.e.2436/click - {}
RESULT: {}
COMMAND: POST /session/edb7769f788cd4bc8c02fbd4b7269a59/element - {"using":"xpath","value":"//input[@id=\"application-manageresources-display-component---newResourceUnit--TYPE-inner\"]"}
COMMAND: GET /session/edb7769f788cd4bc8c02fbd4b7269a59/screenshot - {}
RESULT: {"using":"xpath","value":"//input[@id=\"application-manageresources-display-component---newResourceUnit--TYPE-inner\"]"}
COMMAND: POST /session/edb7769f788cd4bc8c02fbd4b7269a59/element/f.80861FA1C8F2A5B6E231BC1E2F0865F6.d.4C8EA23A1CAA1BEC7CBA9444A33587ED.e.2428/clear - {}
RESULT: {}
RESULT: {}
COMMAND: POST /session/edb7769f788cd4bc8c02fbd4b7269a59/element/f.80861FA1C8F2A5B6E231BC1E2F0865F6.d.4C8EA23A1CAA1BEC7CBA9444A33587ED.e.2428/value - {"text":"Equipment"}
COMMAND: GET /session/edb7769f788cd4bc8c02fbd4b7269a59/screenshot - {}
RESULT: {"text":"Equipment"}
COMMAND: GET /session/edb7769f788cd4bc8c02fbd4b7269a59/screenshot - {}
RESULT: {}
RESULT: {}
COMMAND: POST /session/edb7769f788cd4bc8c02fbd4b7269a59/actions - {"actions":[{"id":"action11","type":"key","parameters":{},"actions":[{"type":"keyDown","value":""},{"type":"pause","duration":10},{"type":"keyUp","value":""}]}]}
RESULT: {"actions":[{"id":"action11","type":"key","parameters":{},"actions":[{"type":"keyDown","value":""},{"type":"pause","duration":10},{"type":"keyUp","value":""}]}]}
COMMAND: POST /session/edb7769f788cd4bc8c02fbd4b7269a59/execute/async - {"script":"<script> [1562 bytes]","args":[{"selector":{"id":"application-manageresources-display-component---newResourceUnit--resourceId","interaction":{"idSuffix":"inner"}},"wdio_ui5_key":"applicationmanageresources-display-component---newResourceUnit--resourceId"}]}
COMMAND: GET /session/edb7769f788cd4bc8c02fbd4b7269a59/screenshot - {}
RESULT: {"script":"<script> [1562 bytes]","args":[{"selector":{"id":"application-manageresources-display-component---newResourceUnit--resourceId","interaction":{"idSuffix":"inner"}},"wdio_ui5_key":"applicationmanageresources-display-component---newResourceUnit--resourceId"}]}
RESULT: undefined
COMMAND: POST /session/edb7769f788cd4bc8c02fbd4b7269a59/execute/async - {"script":"<script> [776 bytes]","args":[{"enterText":"keaulMeDFk","selector":{"id":"application-manageresources-display-component---newResourceUnit--resourceId","interaction":{"idSuffix":"inner"}},"clearTextFirst":true,"interactionType":"ENTER_TEXT"}]}
RESULT: {}
RESULT: {"script":"<script> [776 bytes]","args":[{"enterText":"keaulMeDFk","selector":{"id":"application-manageresources-display-component---newResourceUnit--resourceId","interaction":{"idSuffix":"inner"}},"clearTextFirst":true,"interactionType":"ENTER_TEXT"}]}
COMMAND: POST /session/edb7769f788cd4bc8c02fbd4b7269a59/execute/async - {"script":"<script> [1562 bytes]","args":[{"selector":{"id":"application-manageresources-display-component---newResourceUnit--SHORT_TEXT","interaction":{"idSuffix":"inner"}},"wdio_ui5_key":"applicationmanageresources-display-component---newResourceUnit--SHORT_TEXT"}]}
RESULT: {"script":"<script> [1562 bytes]","args":[{"selector":{"id":"application-manageresources-display-component---newResourceUnit--SHORT_TEXT","interaction":{"idSuffix":"inner"}},"wdio_ui5_key":"applicationmanageresources-display-component---newResourceUnit--SHORT_TEXT"}]}
RESULT: undefined
COMMAND: POST /session/edb7769f788cd4bc8c02fbd4b7269a59/execute/async - {"script":"<script> [776 bytes]","args":[{"enterText":"Intercompany Equipment WDIO","selector":{"id":"application-manageresources-display-component---newResourceUnit--SHORT_TEXT","interaction":{"idSuffix":"inner"}},"clearTextFirst":true,"interactionType":"ENTER_TEXT"}]}
RESULT: {"script":"<script> [776 bytes]","args":[{"enterText":"Intercompany Equipment WDIO","selector":{"id":"application-manageresources-display-component---newResourceUnit--SHORT_TEXT","interaction":{"idSuffix":"inner"}},"clearTextFirst":true,"interactionType":"ENTER_TEXT"}]}
COMMAND: POST /session/edb7769f788cd4bc8c02fbd4b7269a59/execute/async - {"script":"<script> [1562 bytes]","args":[{"selector":{"id":"application-manageresources-display-component---newResourceUnit--BASE_UNIT_OF_MEASURE","interaction":{"idSuffix":"inner"}},"wdio_ui5_key":"applicationmanageresources-display-component---newResourceUnit--BASE_UNIT_OF_MEASURE"}]}
RESULT: {"script":"<script> [1562 bytes]","args":[{"selector":{"id":"application-manageresources-display-component---newResourceUnit--BASE_UNIT_OF_MEASURE","interaction":{"idSuffix":"inner"}},"wdio_ui5_key":"applicationmanageresources-display-component---newResourceUnit--BASE_UNIT_OF_MEASURE"}]}
RESULT: undefined
COMMAND: POST /session/edb7769f788cd4bc8c02fbd4b7269a59/execute/async - {"script":"<script> [776 bytes]","args":[{"enterText":"Piece","selector":{"id":"application-manageresources-display-component---newResourceUnit--BASE_UNIT_OF_MEASURE","interaction":{"idSuffix":"inner"}},"clearTextFirst":true,"interactionType":"ENTER_TEXT"}]}
RESULT: {"script":"<script> [776 bytes]","args":[{"enterText":"Piece","selector":{"id":"application-manageresources-display-component---newResourceUnit--BASE_UNIT_OF_MEASURE","interaction":{"idSuffix":"inner"}},"clearTextFirst":true,"interactionType":"ENTER_TEXT"}]}
COMMAND: POST /session/edb7769f788cd4bc8c02fbd4b7269a59/execute/async - {"script":"<script> [1562 bytes]","args":[{"selector":{"id":"application-manageresources-display-component---newResourceUnit--WEIGHT_UNIT","interaction":{"idSuffix":"inner"}},"wdio_ui5_key":"applicationmanageresources-display-component---newResourceUnit--WEIGHT_UNIT"}]}
RESULT: {"script":"<script> [1562 bytes]","args":[{"selector":{"id":"application-manageresources-display-component---newResourceUnit--WEIGHT_UNIT","interaction":{"idSuffix":"inner"}},"wdio_ui5_key":"applicationmanageresources-display-component---newResourceUnit--WEIGHT_UNIT"}]}
RESULT: undefined
COMMAND: POST /session/edb7769f788cd4bc8c02fbd4b7269a59/execute/async - {"script":"<script> [776 bytes]","args":[{"enterText":"Gram","selector":{"id":"application-manageresources-display-component---newResourceUnit--WEIGHT_UNIT","interaction":{"idSuffix":"inner"}},"clearTextFirst":true,"interactionType":"ENTER_TEXT"}]}
RESULT: {"script":"<script> [776 bytes]","args":[{"enterText":"Gram","selector":{"id":"application-manageresources-display-component---newResourceUnit--WEIGHT_UNIT","interaction":{"idSuffix":"inner"}},"clearTextFirst":true,"interactionType":"ENTER_TEXT"}]}
COMMAND: POST /session/edb7769f788cd4bc8c02fbd4b7269a59/execute/async - {"script":"<script> [1562 bytes]","args":[{"selector":{"id":"application-manageresources-display-component---newResourceUnit--DIMENSION_UNIT","interaction":{"idSuffix":"inner"}},"wdio_ui5_key":"applicationmanageresources-display-component---newResourceUnit--DIMENSION_UNIT"}]}
RESULT: {"script":"<script> [1562 bytes]","args":[{"selector":{"id":"application-manageresources-display-component---newResourceUnit--DIMENSION_UNIT","interaction":{"idSuffix":"inner"}},"wdio_ui5_key":"applicationmanageresources-display-component---newResourceUnit--DIMENSION_UNIT"}]}
RESULT: undefined
COMMAND: POST /session/edb7769f788cd4bc8c02fbd4b7269a59/execute/async - {"script":"<script> [776 bytes]","args":[{"enterText":"Meter","selector":{"id":"application-manageresources-display-component---newResourceUnit--DIMENSION_UNIT","interaction":{"idSuffix":"inner"}},"clearTextFirst":true,"interactionType":"ENTER_TEXT"}]}
RESULT: {"script":"<script> [776 bytes]","args":[{"enterText":"Meter","selector":{"id":"application-manageresources-display-component---newResourceUnit--DIMENSION_UNIT","interaction":{"idSuffix":"inner"}},"clearTextFirst":true,"interactionType":"ENTER_TEXT"}]}
COMMAND: POST /session/edb7769f788cd4bc8c02fbd4b7269a59/execute/async - {"script":"<script> [1562 bytes]","args":[{"selector":{"id":"application-manageresources-display-component---newResourceUnit--newRRUPage-anchBar-application-manageresources-display-component---newResourceUnit--control-anchor","interaction":{"idSuffix":"BDI-content"}},"wdio_ui5_key":"applicationmanageresources-display-component---newResourceUnit--newRRUPage-anchBar-application-manageresources-display-component---newResourceUnit--control-anchor"}]}
RESULT: {"script":"<script> [1562 bytes]","args":[{"selector":{"id":"application-manageresources-display-component---newResourceUnit--newRRUPage-anchBar-application-manageresources-display-component---newResourceUnit--control-anchor","interaction":{"idSuffix":"BDI-content"}},"wdio_ui5_key":"applicationmanageresources-display-component---newResourceUnit--newRRUPage-anchBar-application-manageresources-display-component---newResourceUnit--control-anchor"}]}
RESULT: undefined
COMMAND: POST /session/edb7769f788cd4bc8c02fbd4b7269a59/element - {"using":"xpath","value":"//*[@id=\"application-manageresources-display-component---newResourceUnit--newRRUPage-anchBar-application-manageresources-display-component---newResourceUnit--control-anchor\"]"}
RESULT: {"using":"xpath","value":"//*[@id=\"application-manageresources-display-component---newResourceUnit--newRRUPage-anchBar-application-manageresources-display-component---newResourceUnit--control-anchor\"]"}
COMMAND: POST /session/edb7769f788cd4bc8c02fbd4b7269a59/element/f.80861FA1C8F2A5B6E231BC1E2F0865F6.d.4C8EA23A1CAA1BEC7CBA9444A33587ED.e.2569/click - {}
RESULT: {}
COMMAND: POST /session/edb7769f788cd4bc8c02fbd4b7269a59/execute/async - {"script":"<script> [1562 bytes]","args":[{"selector":{"id":"application-manageresources-display-component---newResourceUnit--PLANNING_GROUP","interaction":{"idSuffix":"inner"}},"wdio_ui5_key":"applicationmanageresources-display-component---newResourceUnit--PLANNING_GROUP"}]}
COMMAND: GET /session/edb7769f788cd4bc8c02fbd4b7269a59/screenshot - {}
RESULT: {"script":"<script> [1562 bytes]","args":[{"selector":{"id":"application-manageresources-display-component---newResourceUnit--PLANNING_GROUP","interaction":{"idSuffix":"inner"}},"wdio_ui5_key":"applicationmanageresources-display-component---newResourceUnit--PLANNING_GROUP"}]}
RESULT: undefined
COMMAND: POST /session/edb7769f788cd4bc8c02fbd4b7269a59/execute/async - {"script":"<script> [776 bytes]","args":[{"enterText":"Heavy Equi","selector":{"id":"application-manageresources-display-component---newResourceUnit--PLANNING_GROUP","interaction":{"idSuffix":"inner"}},"clearTextFirst":true,"interactionType":"ENTER_TEXT"}]}
RESULT: {}
RESULT: {"script":"<script> [776 bytes]","args":[{"enterText":"Heavy Equi","selector":{"id":"application-manageresources-display-component---newResourceUnit--PLANNING_GROUP","interaction":{"idSuffix":"inner"}},"clearTextFirst":true,"interactionType":"ENTER_TEXT"}]}
COMMAND: POST /session/edb7769f788cd4bc8c02fbd4b7269a59/execute/async - {"script":"<script> [1562 bytes]","args":[{"selector":{"id":"application-manageresources-display-component---newResourceUnit--ITEM_TYPE-arrow"},"wdio_ui5_key":"applicationmanageresources-display-component---newResourceUnit--ITEM_TYPE-arrow"}]}
RESULT: {"script":"<script> [1562 bytes]","args":[{"selector":{"id":"application-manageresources-display-component---newResourceUnit--ITEM_TYPE-arrow"},"wdio_ui5_key":"applicationmanageresources-display-component---newResourceUnit--ITEM_TYPE-arrow"}]}
RESULT: undefined
COMMAND: POST /session/edb7769f788cd4bc8c02fbd4b7269a59/element - {"using":"xpath","value":"//*[@id=\"application-manageresources-display-component---newResourceUnit--ITEM_TYPE-arrow\"]"}
RESULT: {"using":"xpath","value":"//*[@id=\"application-manageresources-display-component---newResourceUnit--ITEM_TYPE-arrow\"]"}
COMMAND: POST /session/edb7769f788cd4bc8c02fbd4b7269a59/element/f.80861FA1C8F2A5B6E231BC1E2F0865F6.d.4C8EA23A1CAA1BEC7CBA9444A33587ED.e.2576/click - {}
RESULT: {}
COMMAND: POST /session/edb7769f788cd4bc8c02fbd4b7269a59/element - {"using":"xpath","value":"(//span[contains(text(), \"Resource Unit\")])[2]"}
COMMAND: GET /session/edb7769f788cd4bc8c02fbd4b7269a59/screenshot - {}
RESULT: {"using":"xpath","value":"(//span[contains(text(), \"Resource Unit\")])[2]"}
COMMAND: POST /session/edb7769f788cd4bc8c02fbd4b7269a59/element/f.80861FA1C8F2A5B6E231BC1E2F0865F6.d.4C8EA23A1CAA1BEC7CBA9444A33587ED.e.2577/click - {}
RESULT: {}
RESULT: {}
COMMAND: GET /session/edb7769f788cd4bc8c02fbd4b7269a59/screenshot - {}
RESULT: {}
COMMAND: POST /session/edb7769f788cd4bc8c02fbd4b7269a59/element - {"using":"css selector","value":"#application-manageresources-display-component---newResourceUnit--btnAddTimeSegment"}
RESULT: {"using":"css selector","value":"#application-manageresources-display-component---newResourceUnit--btnAddTimeSegment"}
COMMAND: GET /session/edb7769f788cd4bc8c02fbd4b7269a59/element/f.80861FA1C8F2A5B6E231BC1E2F0865F6.d.4C8EA23A1CAA1BEC7CBA9444A33587ED.e.2578/rect - {}
RESULT: {}
COMMAND: GET /session/edb7769f788cd4bc8c02fbd4b7269a59/window/rect - {}
RESULT: {}
COMMAND: POST /session/edb7769f788cd4bc8c02fbd4b7269a59/execute/sync - {"script":"<script> [92 bytes]","args":[]}
RESULT: {"script":"<script> [92 bytes]","args":[]}
COMMAND: POST /session/edb7769f788cd4bc8c02fbd4b7269a59/actions - {"actions":[{"id":"action12","type":"wheel","parameters":{},"actions":[{"type":"scroll","x":-1888,"y":-32,"deltaX":0,"deltaY":0,"duration":0,"origin":{"element-6066-11e4-a52e-4f735466cecf":"f.80861FA1C8F2A5B6E231BC1E2F0865F6.d.4C8EA23A1CAA1BEC7CBA9444A33587ED.e.2578"}}]}]}
COMMAND: GET /session/edb7769f788cd4bc8c02fbd4b7269a59/screenshot - {}
RESULT: {}
COMMAND: POST /session/edb7769f788cd4bc8c02fbd4b7269a59/execute/sync - {"script":"<script> [79 bytes]","args":[{"element-6066-11e4-a52e-4f735466cecf":"f.80861FA1C8F2A5B6E231BC1E2F0865F6.d.4C8EA23A1CAA1BEC7CBA9444A33587ED.e.2578","ELEMENT":"f.80861FA1C8F2A5B6E231BC1E2F0865F6.d.4C8EA23A1CAA1BEC7CBA9444A33587ED.e.2578"},{"block":"start","inline":"nearest"}]}
RESULT: {"script":"<script> [79 bytes]","args":[{"element-6066-11e4-a52e-4f735466cecf":"f.80861FA1C8F2A5B6E231BC1E2F0865F6.d.4C8EA23A1CAA1BEC7CBA9444A33587ED.e.2578","ELEMENT":"f.80861FA1C8F2A5B6E231BC1E2F0865F6.d.4C8EA23A1CAA1BEC7CBA9444A33587ED.e.2578"},{"block":"start","inline":"nearest"}]}
COMMAND: POST /session/edb7769f788cd4bc8c02fbd4b7269a59/execute/async - {"script":"<script> [1562 bytes]","args":[{"selector":{"id":"application-manageresources-display-component---newResourceUnit--btnAddTimeSegment","interaction":{"idSuffix":"inner"}},"wdio_ui5_key":"applicationmanageresources-display-component---newResourceUnit--btnAddTimeSegment"}]}
COMMAND: GET /session/edb7769f788cd4bc8c02fbd4b7269a59/screenshot - {}
RESULT: {"script":"<script> [1562 bytes]","args":[{"selector":{"id":"application-manageresources-display-component---newResourceUnit--btnAddTimeSegment","interaction":{"idSuffix":"inner"}},"wdio_ui5_key":"applicationmanageresources-display-component---newResourceUnit--btnAddTimeSegment"}]}
RESULT: undefined
COMMAND: POST /session/edb7769f788cd4bc8c02fbd4b7269a59/element - {"using":"xpath","value":"//*[@id=\"application-manageresources-display-component---newResourceUnit--btnAddTimeSegment\"]"}
RESULT: {}
RESULT: {"using":"xpath","value":"//*[@id=\"application-manageresources-display-component---newResourceUnit--btnAddTimeSegment\"]"}
COMMAND: POST /session/edb7769f788cd4bc8c02fbd4b7269a59/element/f.80861FA1C8F2A5B6E231BC1E2F0865F6.d.4C8EA23A1CAA1BEC7CBA9444A33587ED.e.2578/click - {}
RESULT: {}
COMMAND: GET /session/edb7769f788cd4bc8c02fbd4b7269a59/screenshot - {}
RESULT: {}
COMMAND: POST /session/edb7769f788cd4bc8c02fbd4b7269a59/element - {"using":"xpath","value":"//input[@id=\"application-manageresources-display-component---newResourceUnit--idRuTSAdmin-application-manageresources-display-component---newResourceUnit--RUTimeSegment-0-inner\"]"}
RESULT: {"using":"xpath","value":"//input[@id=\"application-manageresources-display-component---newResourceUnit--idRuTSAdmin-application-manageresources-display-component---newResourceUnit--RUTimeSegment-0-inner\"]"}
COMMAND: POST /session/edb7769f788cd4bc8c02fbd4b7269a59/element/f.80861FA1C8F2A5B6E231BC1E2F0865F6.d.4C8EA23A1CAA1BEC7CBA9444A33587ED.e.2584/clear - {}
RESULT: {}
COMMAND: POST /session/edb7769f788cd4bc8c02fbd4b7269a59/element/f.80861FA1C8F2A5B6E231BC1E2F0865F6.d.4C8EA23A1CAA1BEC7CBA9444A33587ED.e.2584/value - {"text":"109"}
COMMAND: GET /session/edb7769f788cd4bc8c02fbd4b7269a59/screenshot - {}
RESULT: {"text":"109"}
COMMAND: GET /session/edb7769f788cd4bc8c02fbd4b7269a59/screenshot - {}
RESULT: {}
RESULT: {}
COMMAND: POST /session/edb7769f788cd4bc8c02fbd4b7269a59/element - {"using":"xpath","value":"//li[.//span[text()='109']]"}
RESULT: {"using":"xpath","value":"//li[.//span[text()='109']]"}
COMMAND: POST /session/edb7769f788cd4bc8c02fbd4b7269a59/element/f.80861FA1C8F2A5B6E231BC1E2F0865F6.d.4C8EA23A1CAA1BEC7CBA9444A33587ED.e.2596/click - {}
RESULT: {}
COMMAND: GET /session/edb7769f788cd4bc8c02fbd4b7269a59/screenshot - {}
RESULT: {}
COMMAND: POST /session/edb7769f788cd4bc8c02fbd4b7269a59/element - {"using":"xpath","value":"(//span[contains(@id, \"-application-manageresources-display-component---newResourceUnit--RUTimeSegment-0-arrow\")])[6]"}
RESULT: {"using":"xpath","value":"(//span[contains(@id, \"-application-manageresources-display-component---newResourceUnit--RUTimeSegment-0-arrow\")])[6]"}
COMMAND: POST /session/edb7769f788cd4bc8c02fbd4b7269a59/element/f.80861FA1C8F2A5B6E231BC1E2F0865F6.d.4C8EA23A1CAA1BEC7CBA9444A33587ED.e.2597/click - {}
RESULT: {}
COMMAND: GET /session/edb7769f788cd4bc8c02fbd4b7269a59/screenshot - {}
RESULT: {}
COMMAND: POST /session/edb7769f788cd4bc8c02fbd4b7269a59/element - {"using":"xpath","value":"//span[contains(text(), \"PM Order\")]"}
RESULT: {"using":"xpath","value":"//span[contains(text(), \"PM Order\")]"}
COMMAND: POST /session/edb7769f788cd4bc8c02fbd4b7269a59/element/f.80861FA1C8F2A5B6E231BC1E2F0865F6.d.4C8EA23A1CAA1BEC7CBA9444A33587ED.e.2600/click - {}
RESULT: {}
COMMAND: GET /session/edb7769f788cd4bc8c02fbd4b7269a59/screenshot - {}
RESULT: {}
COMMAND: POST /session/edb7769f788cd4bc8c02fbd4b7269a59/element - {"using":"xpath","value":"(//span[contains(@id ,\"manageresources-display-component---newResourceUnit--RUTimeSegment-0-vhi\")])[1]"}
RESULT: {"using":"xpath","value":"(//span[contains(@id ,\"manageresources-display-component---newResourceUnit--RUTimeSegment-0-vhi\")])[1]"}
COMMAND: GET /session/edb7769f788cd4bc8c02fbd4b7269a59/element/f.80861FA1C8F2A5B6E231BC1E2F0865F6.d.4C8EA23A1CAA1BEC7CBA9444A33587ED.e.2604/rect - {}
RESULT: {}
COMMAND: GET /session/edb7769f788cd4bc8c02fbd4b7269a59/window/rect - {}
RESULT: {}
COMMAND: POST /session/edb7769f788cd4bc8c02fbd4b7269a59/execute/sync - {"script":"<script> [92 bytes]","args":[]}
RESULT: {"script":"<script> [92 bytes]","args":[]}
COMMAND: POST /session/edb7769f788cd4bc8c02fbd4b7269a59/actions - {"actions":[{"id":"action13","type":"wheel","parameters":{},"actions":[{"type":"scroll","x":-869,"y":-24,"deltaX":0,"deltaY":0,"duration":0,"origin":{"element-6066-11e4-a52e-4f735466cecf":"f.80861FA1C8F2A5B6E231BC1E2F0865F6.d.4C8EA23A1CAA1BEC7CBA9444A33587ED.e.2604"}}]}]}
COMMAND: GET /session/edb7769f788cd4bc8c02fbd4b7269a59/screenshot - {}
RESULT: {"actions":[{"id":"action13","type":"wheel","parameters":{},"actions":[{"type":"scroll","x":-869,"y":-24,"deltaX":0,"deltaY":0,"duration":0,"origin":{"element-6066-11e4-a52e-4f735466cecf":"f.80861FA1C8F2A5B6E231BC1E2F0865F6.d.4C8EA23A1CAA1BEC7CBA9444A33587ED.e.2604"}}]}]}
COMMAND: DELETE /session/edb7769f788cd4bc8c02fbd4b7269a59/actions - {}
COMMAND: GET /session/edb7769f788cd4bc8c02fbd4b7269a59/screenshot - {}
RESULT: {}
RESULT: {}
COMMAND: GET /session/edb7769f788cd4bc8c02fbd4b7269a59/screenshot - {}
RESULT: {}
RESULT: {}
COMMAND: POST /session/edb7769f788cd4bc8c02fbd4b7269a59/element/f.80861FA1C8F2A5B6E231BC1E2F0865F6.d.4C8EA23A1CAA1BEC7CBA9444A33587ED.e.2604/click - {}
RESULT: {}
COMMAND: GET /session/edb7769f788cd4bc8c02fbd4b7269a59/screenshot - {}
RESULT: {}
COMMAND: POST /session/edb7769f788cd4bc8c02fbd4b7269a59/execute/async - {"script":"<script> [1562 bytes]","args":[{"selector":{"controlType":"sap.m.SearchField","properties":{"placeholder":"Search"},"searchOpenDialogs":true,"interaction":{"idSuffix":"I"}},"wdio_ui5_key":"sapm.SearchField{\"placeholder\":\"Search\"}"}]}
RESULT: {"script":"<script> [1562 bytes]","args":[{"selector":{"controlType":"sap.m.SearchField","properties":{"placeholder":"Search"},"searchOpenDialogs":true,"interaction":{"idSuffix":"I"}},"wdio_ui5_key":"sapm.SearchField{\"placeholder\":\"Search\"}"}]}
RESULT: undefined
COMMAND: POST /session/edb7769f788cd4bc8c02fbd4b7269a59/execute/async - {"script":"<script> [776 bytes]","args":[{"enterText":"4000360","selector":{"controlType":"sap.m.SearchField","properties":{"placeholder":"Search"},"searchOpenDialogs":true,"interaction":{"idSuffix":"I"}},"clearTextFirst":true,"interactionType":"ENTER_TEXT"}]}
RESULT: {"script":"<script> [776 bytes]","args":[{"enterText":"4000360","selector":{"controlType":"sap.m.SearchField","properties":{"placeholder":"Search"},"searchOpenDialogs":true,"interaction":{"idSuffix":"I"}},"clearTextFirst":true,"interactionType":"ENTER_TEXT"}]}
COMMAND: POST /session/edb7769f788cd4bc8c02fbd4b7269a59/actions - {"actions":[{"id":"action14","type":"key","parameters":{},"actions":[{"type":"keyDown","value":""},{"type":"pause","duration":10},{"type":"keyUp","value":""}]}]}
RESULT: {"actions":[{"id":"action14","type":"key","parameters":{},"actions":[{"type":"keyDown","value":""},{"type":"pause","duration":10},{"type":"keyUp","value":""}]}]}
COMMAND: GET /session/edb7769f788cd4bc8c02fbd4b7269a59/screenshot - {}
RESULT: {}
COMMAND: POST /session/edb7769f788cd4bc8c02fbd4b7269a59/element - {"using":"xpath","value":"//td/div/span[contains(text(), \"BGL Vehicles\")]"}
RESULT: {"using":"xpath","value":"//td/div/span[contains(text(), \"BGL Vehicles\")]"}
COMMAND: POST /session/edb7769f788cd4bc8c02fbd4b7269a59/element/f.80861FA1C8F2A5B6E231BC1E2F0865F6.d.4C8EA23A1CAA1BEC7CBA9444A33587ED.e.2625/click - {}
RESULT: {}
COMMAND: GET /session/edb7769f788cd4bc8c02fbd4b7269a59/screenshot - {}
RESULT: {}
COMMAND: POST /session/edb7769f788cd4bc8c02fbd4b7269a59/element - {"using":"xpath","value":"//bdi[contains(text(), \"OK\")]"}
RESULT: {"using":"xpath","value":"//bdi[contains(text(), \"OK\")]"}
COMMAND: POST /session/edb7769f788cd4bc8c02fbd4b7269a59/element/f.80861FA1C8F2A5B6E231BC1E2F0865F6.d.4C8EA23A1CAA1BEC7CBA9444A33587ED.e.2626/click - {}
RESULT: {}
COMMAND: GET /session/edb7769f788cd4bc8c02fbd4b7269a59/screenshot - {}
RESULT: {}
COMMAND: POST /session/edb7769f788cd4bc8c02fbd4b7269a59/execute/async - {"script":"<script> [1562 bytes]","args":[{"selector":{"id":"application-manageresources-display-component---newResourceUnit--newRRUPage-anchBar-application-manageresources-display-component---newResourceUnit--resource-anchor","interaction":{"idSuffix":"BDI-content"}},"wdio_ui5_key":"applicationmanageresources-display-component---newResourceUnit--newRRUPage-anchBar-application-manageresources-display-component---newResourceUnit--resource-anchor"}]}
RESULT: {"script":"<script> [1562 bytes]","args":[{"selector":{"id":"application-manageresources-display-component---newResourceUnit--newRRUPage-anchBar-application-manageresources-display-component---newResourceUnit--resource-anchor","interaction":{"idSuffix":"BDI-content"}},"wdio_ui5_key":"applicationmanageresources-display-component---newResourceUnit--newRRUPage-anchBar-application-manageresources-display-component---newResourceUnit--resource-anchor"}]}
RESULT: undefined
COMMAND: POST /session/edb7769f788cd4bc8c02fbd4b7269a59/element - {"using":"xpath","value":"//*[@id=\"application-manageresources-display-component---newResourceUnit--newRRUPage-anchBar-application-manageresources-display-component---newResourceUnit--resource-anchor\"]"}
RESULT: {"using":"xpath","value":"//*[@id=\"application-manageresources-display-component---newResourceUnit--newRRUPage-anchBar-application-manageresources-display-component---newResourceUnit--resource-anchor\"]"}
COMMAND: POST /session/edb7769f788cd4bc8c02fbd4b7269a59/element/f.80861FA1C8F2A5B6E231BC1E2F0865F6.d.4C8EA23A1CAA1BEC7CBA9444A33587ED.e.2630/click - {}
RESULT: {}
COMMAND: POST /session/edb7769f788cd4bc8c02fbd4b7269a59/execute/async - {"script":"<script> [1562 bytes]","args":[{"selector":{"id":"application-manageresources-display-component---newResourceUnit--PLANNED_DELIVERY_DATE","interaction":{"idSuffix":"inner"}},"wdio_ui5_key":"applicationmanageresources-display-component---newResourceUnit--PLANNED_DELIVERY_DATE"}]}
COMMAND: GET /session/edb7769f788cd4bc8c02fbd4b7269a59/screenshot - {}
RESULT: {"script":"<script> [1562 bytes]","args":[{"selector":{"id":"application-manageresources-display-component---newResourceUnit--PLANNED_DELIVERY_DATE","interaction":{"idSuffix":"inner"}},"wdio_ui5_key":"applicationmanageresources-display-component---newResourceUnit--PLANNED_DELIVERY_DATE"}]}
RESULT: undefined
COMMAND: POST /session/edb7769f788cd4bc8c02fbd4b7269a59/execute/async - {"script":"<script> [6424 bytes]","args":[{"element-6066-11e4-a52e-4f735466cecf":"f.80861FA1C8F2A5B6E231BC1E2F0865F6.d.4C8EA23A1CAA1BEC7CBA9444A33587ED.e.2494"},"setValue",["5/22/25"]]}
RESULT: {}
RESULT: {"script":"<script> [6424 bytes]","args":[{"element-6066-11e4-a52e-4f735466cecf":"f.80861FA1C8F2A5B6E231BC1E2F0865F6.d.4C8EA23A1CAA1BEC7CBA9444A33587ED.e.2494"},"setValue",["5/22/25"]]}
COMMAND: POST /session/edb7769f788cd4bc8c02fbd4b7269a59/element - {"using":"xpath","value":"//label[contains(@class, 'sapMLabelRequired') and .//bdi[contains(text(), 'Planned Retirement')]]"}
RESULT: {"using":"xpath","value":"//label[contains(@class, 'sapMLabelRequired') and .//bdi[contains(text(), 'Planned Retirement')]]"}
COMMAND: POST /session/edb7769f788cd4bc8c02fbd4b7269a59/elements - {"using":"xpath","value":"//label[contains(@class, 'sapMLabelRequired') and .//bdi[contains(text(), 'Planned Retirement')]]"}
RESULT: {"using":"xpath","value":"//label[contains(@class, 'sapMLabelRequired') and .//bdi[contains(text(), 'Planned Retirement')]]"}
COMMAND: POST /session/edb7769f788cd4bc8c02fbd4b7269a59/element - {"using":"xpath","value":"//button[@data-kt=\"resourceUnitSaveButton\"]"}
RESULT: {"using":"xpath","value":"//button[@data-kt=\"resourceUnitSaveButton\"]"}
COMMAND: POST /session/edb7769f788cd4bc8c02fbd4b7269a59/element/f.80861FA1C8F2A5B6E231BC1E2F0865F6.d.4C8EA23A1CAA1BEC7CBA9444A33587ED.e.2454/click - {}
RESULT: {}
COMMAND: GET /session/edb7769f788cd4bc8c02fbd4b7269a59/screenshot - {}
RESULT: {}
COMMAND: POST /session/edb7769f788cd4bc8c02fbd4b7269a59/element - {"using":"xpath","value":"//bdi[contains(text(), \"Close\")]"}
RESULT: {"using":"xpath","value":"//bdi[contains(text(), \"Close\")]"}
COMMAND: POST /session/edb7769f788cd4bc8c02fbd4b7269a59/element/f.80861FA1C8F2A5B6E231BC1E2F0865F6.d.4C8EA23A1CAA1BEC7CBA9444A33587ED.e.2638/click - {}
RESULT: {}
COMMAND: GET /session/edb7769f788cd4bc8c02fbd4b7269a59/screenshot - {}
RESULT: {}
COMMAND: POST /session/edb7769f788cd4bc8c02fbd4b7269a59/element - {"using":"xpath","value":"(//button[contains(@id ,\"actionsToolbar-overflowButton\")])[1]"}
RESULT: {"using":"xpath","value":"(//button[contains(@id ,\"actionsToolbar-overflowButton\")])[1]"}
COMMAND: POST /session/edb7769f788cd4bc8c02fbd4b7269a59/element/f.80861FA1C8F2A5B6E231BC1E2F0865F6.d.4C8EA23A1CAA1BEC7CBA9444A33587ED.e.2694/click - {}
RESULT: {}
COMMAND: GET /session/edb7769f788cd4bc8c02fbd4b7269a59/screenshot - {}
RESULT: {}
COMMAND: POST /session/edb7769f788cd4bc8c02fbd4b7269a59/element - {"using":"xpath","value":"//button[@data-kt=\"priceInfoButton\"]"}
RESULT: {"using":"xpath","value":"//button[@data-kt=\"priceInfoButton\"]"}
COMMAND: POST /session/edb7769f788cd4bc8c02fbd4b7269a59/element/f.80861FA1C8F2A5B6E231BC1E2F0865F6.d.4C8EA23A1CAA1BEC7CBA9444A33587ED.e.2696/click - {}
RESULT: {}
COMMAND: GET /session/edb7769f788cd4bc8c02fbd4b7269a59/screenshot - {}
RESULT: {}
COMMAND: POST /session/edb7769f788cd4bc8c02fbd4b7269a59/element - {"using":"css selector","value":"#shell-header-logo"}
RESULT: {"using":"css selector","value":"#shell-header-logo"}
COMMAND: POST /session/edb7769f788cd4bc8c02fbd4b7269a59/element/f.80861FA1C8F2A5B6E231BC1E2F0865F6.d.4C8EA23A1CAA1BEC7CBA9444A33587ED.e.2049/click - {}
RESULT: {}
COMMAND: GET /session/edb7769f788cd4bc8c02fbd4b7269a59/screenshot - {}
RESULT: {}
]]></system-out>
    </testcase>
    <testcase classname="chrome.136_0_7103_93.windows.RU_Inventory_Mass_State_Change_Multiple_Items_US151066" name="Prerequisite Step 2 Should create a new material" time="111.801">
      <system-out><![CDATA[
RESULT: undefined
COMMAND: POST /session/edb7769f788cd4bc8c02fbd4b7269a59/element - {"using":"xpath","value":"//*[@id=\"__tile39\"]"}
RESULT: {"using":"xpath","value":"//*[@id=\"__tile39\"]"}
COMMAND: POST /session/edb7769f788cd4bc8c02fbd4b7269a59/element/f.80861FA1C8F2A5B6E231BC1E2F0865F6.d.4C8EA23A1CAA1BEC7CBA9444A33587ED.e.133/click - {}
RESULT: {}
COMMAND: GET /session/edb7769f788cd4bc8c02fbd4b7269a59/screenshot - {}
RESULT: {}
COMMAND: POST /session/edb7769f788cd4bc8c02fbd4b7269a59/elements - {"using":"xpath","value":"//span[text()='Error']"}
RESULT: {"using":"xpath","value":"//span[text()='Error']"}
COMMAND: POST /session/edb7769f788cd4bc8c02fbd4b7269a59/element - {"using":"xpath","value":"//button[@data-kt=\"addNewRUOverflowToolbarButton\"]"}
RESULT: {"using":"xpath","value":"//button[@data-kt=\"addNewRUOverflowToolbarButton\"]"}
COMMAND: POST /session/edb7769f788cd4bc8c02fbd4b7269a59/elements - {"using":"xpath","value":"//button[@data-kt=\"addNewRUOverflowToolbarButton\"]"}
RESULT: {"using":"xpath","value":"//button[@data-kt=\"addNewRUOverflowToolbarButton\"]"}
COMMAND: POST /session/edb7769f788cd4bc8c02fbd4b7269a59/execute/sync - {"script":"<script> [8489 bytes]","args":[{"element-6066-11e4-a52e-4f735466cecf":"f.80861FA1C8F2A5B6E231BC1E2F0865F6.d.4C8EA23A1CAA1BEC7CBA9444A33587ED.e.2774","ELEMENT":"f.80861FA1C8F2A5B6E231BC1E2F0865F6.d.4C8EA23A1CAA1BEC7CBA9444A33587ED.e.2774"}]}
RESULT: {"script":"<script> [8489 bytes]","args":[{"element-6066-11e4-a52e-4f735466cecf":"f.80861FA1C8F2A5B6E231BC1E2F0865F6.d.4C8EA23A1CAA1BEC7CBA9444A33587ED.e.2774","ELEMENT":"f.80861FA1C8F2A5B6E231BC1E2F0865F6.d.4C8EA23A1CAA1BEC7CBA9444A33587ED.e.2774"}]}
COMMAND: GET /session/edb7769f788cd4bc8c02fbd4b7269a59/element/f.80861FA1C8F2A5B6E231BC1E2F0865F6.d.4C8EA23A1CAA1BEC7CBA9444A33587ED.e.2774/enabled - {}
COMMAND: GET /session/edb7769f788cd4bc8c02fbd4b7269a59/screenshot - {}
RESULT: {}
COMMAND: POST /session/edb7769f788cd4bc8c02fbd4b7269a59/execute/sync - {"script":"<script> [8489 bytes]","args":[{"element-6066-11e4-a52e-4f735466cecf":"f.80861FA1C8F2A5B6E231BC1E2F0865F6.d.4C8EA23A1CAA1BEC7CBA9444A33587ED.e.2774","ELEMENT":"f.80861FA1C8F2A5B6E231BC1E2F0865F6.d.4C8EA23A1CAA1BEC7CBA9444A33587ED.e.2774"}]}
COMMAND: GET /session/edb7769f788cd4bc8c02fbd4b7269a59/screenshot - {}
RESULT: {}
RESULT: {"script":"<script> [8489 bytes]","args":[{"element-6066-11e4-a52e-4f735466cecf":"f.80861FA1C8F2A5B6E231BC1E2F0865F6.d.4C8EA23A1CAA1BEC7CBA9444A33587ED.e.2774","ELEMENT":"f.80861FA1C8F2A5B6E231BC1E2F0865F6.d.4C8EA23A1CAA1BEC7CBA9444A33587ED.e.2774"}]}
COMMAND: POST /session/edb7769f788cd4bc8c02fbd4b7269a59/execute/sync - {"script":"<script> [5351 bytes]","args":[{"element-6066-11e4-a52e-4f735466cecf":"f.80861FA1C8F2A5B6E231BC1E2F0865F6.d.4C8EA23A1CAA1BEC7CBA9444A33587ED.e.2774","ELEMENT":"f.80861FA1C8F2A5B6E231BC1E2F0865F6.d.4C8EA23A1CAA1BEC7CBA9444A33587ED.e.2774"}]}
COMMAND: GET /session/edb7769f788cd4bc8c02fbd4b7269a59/screenshot - {}
RESULT: {}
RESULT: {"script":"<script> [5351 bytes]","args":[{"element-6066-11e4-a52e-4f735466cecf":"f.80861FA1C8F2A5B6E231BC1E2F0865F6.d.4C8EA23A1CAA1BEC7CBA9444A33587ED.e.2774","ELEMENT":"f.80861FA1C8F2A5B6E231BC1E2F0865F6.d.4C8EA23A1CAA1BEC7CBA9444A33587ED.e.2774"}]}
COMMAND: POST /session/edb7769f788cd4bc8c02fbd4b7269a59/element/f.80861FA1C8F2A5B6E231BC1E2F0865F6.d.4C8EA23A1CAA1BEC7CBA9444A33587ED.e.2774/click - {}
COMMAND: GET /session/edb7769f788cd4bc8c02fbd4b7269a59/screenshot - {}
RESULT: {}
RESULT: {}
COMMAND: GET /session/edb7769f788cd4bc8c02fbd4b7269a59/screenshot - {}
RESULT: {}
RESULT: {}
RESULT: undefined
COMMAND: POST /session/edb7769f788cd4bc8c02fbd4b7269a59/element - {"using":"xpath","value":"//*[@id=\"application-manageresources-display-component---newResourceUnit--TYPE-arrow\"]"}
RESULT: {"using":"xpath","value":"//*[@id=\"application-manageresources-display-component---newResourceUnit--TYPE-arrow\"]"}
COMMAND: POST /session/edb7769f788cd4bc8c02fbd4b7269a59/element/f.80861FA1C8F2A5B6E231BC1E2F0865F6.d.4C8EA23A1CAA1BEC7CBA9444A33587ED.e.3121/click - {}
RESULT: {}
COMMAND: POST /session/edb7769f788cd4bc8c02fbd4b7269a59/element - {"using":"xpath","value":"//input[@id=\"application-manageresources-display-component---newResourceUnit--TYPE-inner\"]"}
COMMAND: GET /session/edb7769f788cd4bc8c02fbd4b7269a59/screenshot - {}
RESULT: {"using":"xpath","value":"//input[@id=\"application-manageresources-display-component---newResourceUnit--TYPE-inner\"]"}
COMMAND: POST /session/edb7769f788cd4bc8c02fbd4b7269a59/element/f.80861FA1C8F2A5B6E231BC1E2F0865F6.d.4C8EA23A1CAA1BEC7CBA9444A33587ED.e.3114/clear - {}
RESULT: {}
RESULT: {}
COMMAND: POST /session/edb7769f788cd4bc8c02fbd4b7269a59/element/f.80861FA1C8F2A5B6E231BC1E2F0865F6.d.4C8EA23A1CAA1BEC7CBA9444A33587ED.e.3114/value - {"text":"Material"}
COMMAND: GET /session/edb7769f788cd4bc8c02fbd4b7269a59/screenshot - {}
RESULT: {"text":"Material"}
COMMAND: GET /session/edb7769f788cd4bc8c02fbd4b7269a59/screenshot - {}
RESULT: {}
RESULT: {}
COMMAND: POST /session/edb7769f788cd4bc8c02fbd4b7269a59/actions - {"actions":[{"id":"action15","type":"key","parameters":{},"actions":[{"type":"keyDown","value":""},{"type":"pause","duration":10},{"type":"keyUp","value":""}]}]}
RESULT: {"actions":[{"id":"action15","type":"key","parameters":{},"actions":[{"type":"keyDown","value":""},{"type":"pause","duration":10},{"type":"keyUp","value":""}]}]}
RESULT: undefined
COMMAND: POST /session/edb7769f788cd4bc8c02fbd4b7269a59/execute/async - {"script":"<script> [776 bytes]","args":[{"enterText":"Cement WDIO","selector":{"id":"application-manageresources-display-component---newResourceUnit--SHORT_TEXT","interaction":{"idSuffix":"inner"}},"clearTextFirst":true,"interactionType":"ENTER_TEXT"}]}
COMMAND: GET /session/edb7769f788cd4bc8c02fbd4b7269a59/screenshot - {}
RESULT: {"script":"<script> [776 bytes]","args":[{"enterText":"Cement WDIO","selector":{"id":"application-manageresources-display-component---newResourceUnit--SHORT_TEXT","interaction":{"idSuffix":"inner"}},"clearTextFirst":true,"interactionType":"ENTER_TEXT"}]}
RESULT: undefined
COMMAND: POST /session/edb7769f788cd4bc8c02fbd4b7269a59/execute/async - {"script":"<script> [776 bytes]","args":[{"enterText":"Piece","selector":{"id":"application-manageresources-display-component---newResourceUnit--BASE_UNIT_OF_MEASURE","interaction":{"idSuffix":"inner"}},"clearTextFirst":true,"interactionType":"ENTER_TEXT"}]}
RESULT: {}
RESULT: {"script":"<script> [776 bytes]","args":[{"enterText":"Piece","selector":{"id":"application-manageresources-display-component---newResourceUnit--BASE_UNIT_OF_MEASURE","interaction":{"idSuffix":"inner"}},"clearTextFirst":true,"interactionType":"ENTER_TEXT"}]}
RESULT: undefined
COMMAND: POST /session/edb7769f788cd4bc8c02fbd4b7269a59/execute/async - {"script":"<script> [776 bytes]","args":[{"enterText":"Gram","selector":{"id":"application-manageresources-display-component---newResourceUnit--WEIGHT_UNIT","interaction":{"idSuffix":"inner"}},"clearTextFirst":true,"interactionType":"ENTER_TEXT"}]}
RESULT: {"script":"<script> [776 bytes]","args":[{"enterText":"Gram","selector":{"id":"application-manageresources-display-component---newResourceUnit--WEIGHT_UNIT","interaction":{"idSuffix":"inner"}},"clearTextFirst":true,"interactionType":"ENTER_TEXT"}]}
RESULT: undefined
COMMAND: POST /session/edb7769f788cd4bc8c02fbd4b7269a59/execute/async - {"script":"<script> [776 bytes]","args":[{"enterText":"Meter","selector":{"id":"application-manageresources-display-component---newResourceUnit--DIMENSION_UNIT","interaction":{"idSuffix":"inner"}},"clearTextFirst":true,"interactionType":"ENTER_TEXT"}]}
RESULT: {"script":"<script> [776 bytes]","args":[{"enterText":"Meter","selector":{"id":"application-manageresources-display-component---newResourceUnit--DIMENSION_UNIT","interaction":{"idSuffix":"inner"}},"clearTextFirst":true,"interactionType":"ENTER_TEXT"}]}
RESULT: undefined
COMMAND: POST /session/edb7769f788cd4bc8c02fbd4b7269a59/element - {"using":"xpath","value":"//*[@id=\"application-manageresources-display-component---newResourceUnit--newRRUPage-anchBar-application-manageresources-display-component---newResourceUnit--control-anchor\"]"}
RESULT: {"using":"xpath","value":"//*[@id=\"application-manageresources-display-component---newResourceUnit--newRRUPage-anchBar-application-manageresources-display-component---newResourceUnit--control-anchor\"]"}
COMMAND: POST /session/edb7769f788cd4bc8c02fbd4b7269a59/element/f.80861FA1C8F2A5B6E231BC1E2F0865F6.d.4C8EA23A1CAA1BEC7CBA9444A33587ED.e.3183/click - {}
RESULT: {}
RESULT: undefined
COMMAND: POST /session/edb7769f788cd4bc8c02fbd4b7269a59/execute/async - {"script":"<script> [776 bytes]","args":[{"enterText":"Material","selector":{"id":"application-manageresources-display-component---newResourceUnit--PLANNING_GROUP","interaction":{"idSuffix":"inner"}},"clearTextFirst":true,"interactionType":"ENTER_TEXT"}]}
COMMAND: GET /session/edb7769f788cd4bc8c02fbd4b7269a59/screenshot - {}
RESULT: {"script":"<script> [776 bytes]","args":[{"enterText":"Material","selector":{"id":"application-manageresources-display-component---newResourceUnit--PLANNING_GROUP","interaction":{"idSuffix":"inner"}},"clearTextFirst":true,"interactionType":"ENTER_TEXT"}]}
RESULT: {}
COMMAND: POST /session/edb7769f788cd4bc8c02fbd4b7269a59/execute/async - {"script":"<script> [1562 bytes]","args":[{"selector":{"id":"application-manageresources-display-component---newResourceUnit--PLANNING_INDICATOR","interaction":{"idSuffix":"inner"}},"wdio_ui5_key":"applicationmanageresources-display-component---newResourceUnit--PLANNING_INDICATOR"}]}
RESULT: {"script":"<script> [1562 bytes]","args":[{"selector":{"id":"application-manageresources-display-component---newResourceUnit--PLANNING_INDICATOR","interaction":{"idSuffix":"inner"}},"wdio_ui5_key":"applicationmanageresources-display-component---newResourceUnit--PLANNING_INDICATOR"}]}
RESULT: undefined
COMMAND: POST /session/edb7769f788cd4bc8c02fbd4b7269a59/execute/async - {"script":"<script> [776 bytes]","args":[{"enterText":"10 - infinite","selector":{"id":"application-manageresources-display-component---newResourceUnit--PLANNING_INDICATOR","interaction":{"idSuffix":"inner"}},"clearTextFirst":true,"interactionType":"ENTER_TEXT"}]}
RESULT: {"script":"<script> [776 bytes]","args":[{"enterText":"10 - infinite","selector":{"id":"application-manageresources-display-component---newResourceUnit--PLANNING_INDICATOR","interaction":{"idSuffix":"inner"}},"clearTextFirst":true,"interactionType":"ENTER_TEXT"}]}
COMMAND: POST /session/edb7769f788cd4bc8c02fbd4b7269a59/element - {"using":"css selector","value":"#application-manageresources-display-component---newResourceUnit--btnAddTimeSegment"}
RESULT: {"using":"css selector","value":"#application-manageresources-display-component---newResourceUnit--btnAddTimeSegment"}
COMMAND: GET /session/edb7769f788cd4bc8c02fbd4b7269a59/element/f.80861FA1C8F2A5B6E231BC1E2F0865F6.d.4C8EA23A1CAA1BEC7CBA9444A33587ED.e.3190/rect - {}
RESULT: {}
COMMAND: GET /session/edb7769f788cd4bc8c02fbd4b7269a59/window/rect - {}
RESULT: {}
COMMAND: POST /session/edb7769f788cd4bc8c02fbd4b7269a59/execute/sync - {"script":"<script> [92 bytes]","args":[]}
RESULT: {"script":"<script> [92 bytes]","args":[]}
COMMAND: POST /session/edb7769f788cd4bc8c02fbd4b7269a59/actions - {"actions":[{"id":"action16","type":"wheel","parameters":{},"actions":[{"type":"scroll","x":-1888,"y":-32,"deltaX":0,"deltaY":0,"duration":0,"origin":{"element-6066-11e4-a52e-4f735466cecf":"f.80861FA1C8F2A5B6E231BC1E2F0865F6.d.4C8EA23A1CAA1BEC7CBA9444A33587ED.e.3190"}}]}]}
COMMAND: GET /session/edb7769f788cd4bc8c02fbd4b7269a59/screenshot - {}
RESULT: {}
COMMAND: POST /session/edb7769f788cd4bc8c02fbd4b7269a59/execute/sync - {"script":"<script> [79 bytes]","args":[{"element-6066-11e4-a52e-4f735466cecf":"f.80861FA1C8F2A5B6E231BC1E2F0865F6.d.4C8EA23A1CAA1BEC7CBA9444A33587ED.e.3190","ELEMENT":"f.80861FA1C8F2A5B6E231BC1E2F0865F6.d.4C8EA23A1CAA1BEC7CBA9444A33587ED.e.3190"},{"block":"start","inline":"nearest"}]}
RESULT: {"script":"<script> [79 bytes]","args":[{"element-6066-11e4-a52e-4f735466cecf":"f.80861FA1C8F2A5B6E231BC1E2F0865F6.d.4C8EA23A1CAA1BEC7CBA9444A33587ED.e.3190","ELEMENT":"f.80861FA1C8F2A5B6E231BC1E2F0865F6.d.4C8EA23A1CAA1BEC7CBA9444A33587ED.e.3190"},{"block":"start","inline":"nearest"}]}
RESULT: undefined
COMMAND: POST /session/edb7769f788cd4bc8c02fbd4b7269a59/element - {"using":"xpath","value":"//*[@id=\"application-manageresources-display-component---newResourceUnit--btnAddTimeSegment\"]"}
COMMAND: GET /session/edb7769f788cd4bc8c02fbd4b7269a59/screenshot - {}
RESULT: {"using":"xpath","value":"//*[@id=\"application-manageresources-display-component---newResourceUnit--btnAddTimeSegment\"]"}
COMMAND: POST /session/edb7769f788cd4bc8c02fbd4b7269a59/element/f.80861FA1C8F2A5B6E231BC1E2F0865F6.d.4C8EA23A1CAA1BEC7CBA9444A33587ED.e.3190/click - {}
RESULT: {}
RESULT: {}
COMMAND: GET /session/edb7769f788cd4bc8c02fbd4b7269a59/screenshot - {}
RESULT: {}
COMMAND: POST /session/edb7769f788cd4bc8c02fbd4b7269a59/element - {"using":"xpath","value":"//input[@id=\"application-manageresources-display-component---newResourceUnit--idRuTSAdmin-application-manageresources-display-component---newResourceUnit--RUTimeSegment-0-inner\"]"}
RESULT: {"using":"xpath","value":"//input[@id=\"application-manageresources-display-component---newResourceUnit--idRuTSAdmin-application-manageresources-display-component---newResourceUnit--RUTimeSegment-0-inner\"]"}
COMMAND: POST /session/edb7769f788cd4bc8c02fbd4b7269a59/element/f.80861FA1C8F2A5B6E231BC1E2F0865F6.d.4C8EA23A1CAA1BEC7CBA9444A33587ED.e.3194/clear - {}
RESULT: {}
COMMAND: POST /session/edb7769f788cd4bc8c02fbd4b7269a59/element/f.80861FA1C8F2A5B6E231BC1E2F0865F6.d.4C8EA23A1CAA1BEC7CBA9444A33587ED.e.3194/value - {"text":"109"}
COMMAND: GET /session/edb7769f788cd4bc8c02fbd4b7269a59/screenshot - {}
RESULT: {"text":"109"}
COMMAND: GET /session/edb7769f788cd4bc8c02fbd4b7269a59/screenshot - {}
RESULT: {}
RESULT: {}
COMMAND: POST /session/edb7769f788cd4bc8c02fbd4b7269a59/element - {"using":"xpath","value":"//li[.//span[text()='109']]"}
RESULT: {"using":"xpath","value":"//li[.//span[text()='109']]"}
COMMAND: POST /session/edb7769f788cd4bc8c02fbd4b7269a59/element/f.80861FA1C8F2A5B6E231BC1E2F0865F6.d.4C8EA23A1CAA1BEC7CBA9444A33587ED.e.3203/click - {}
RESULT: {}
COMMAND: GET /session/edb7769f788cd4bc8c02fbd4b7269a59/screenshot - {}
RESULT: {}
COMMAND: POST /session/edb7769f788cd4bc8c02fbd4b7269a59/element - {"using":"xpath","value":"(//span[contains(@id, \"-application-manageresources-display-component---newResourceUnit--RUTimeSegment-0-arrow\")])[2]"}
RESULT: {"using":"xpath","value":"(//span[contains(@id, \"-application-manageresources-display-component---newResourceUnit--RUTimeSegment-0-arrow\")])[2]"}
COMMAND: POST /session/edb7769f788cd4bc8c02fbd4b7269a59/element/f.80861FA1C8F2A5B6E231BC1E2F0865F6.d.4C8EA23A1CAA1BEC7CBA9444A33587ED.e.3204/click - {}
RESULT: {}
COMMAND: POST /session/edb7769f788cd4bc8c02fbd4b7269a59/element - {"using":"xpath","value":"//span[contains(text(), \"PM Order\")]"}
COMMAND: GET /session/edb7769f788cd4bc8c02fbd4b7269a59/screenshot - {}
RESULT: {"using":"xpath","value":"//span[contains(text(), \"PM Order\")]"}
COMMAND: POST /session/edb7769f788cd4bc8c02fbd4b7269a59/element/f.80861FA1C8F2A5B6E231BC1E2F0865F6.d.4C8EA23A1CAA1BEC7CBA9444A33587ED.e.3205/click - {}
RESULT: {}
RESULT: {}
COMMAND: GET /session/edb7769f788cd4bc8c02fbd4b7269a59/screenshot - {}
RESULT: {}
COMMAND: POST /session/edb7769f788cd4bc8c02fbd4b7269a59/element - {"using":"xpath","value":"//td/div/div/div/span[contains(@id, \"newResourceUnit--RUTimeSegment-0-vhi\")][1]"}
RESULT: {"using":"xpath","value":"//td/div/div/div/span[contains(@id, \"newResourceUnit--RUTimeSegment-0-vhi\")][1]"}
COMMAND: GET /session/edb7769f788cd4bc8c02fbd4b7269a59/element/f.80861FA1C8F2A5B6E231BC1E2F0865F6.d.4C8EA23A1CAA1BEC7CBA9444A33587ED.e.3209/rect - {}
RESULT: {}
COMMAND: GET /session/edb7769f788cd4bc8c02fbd4b7269a59/window/rect - {}
RESULT: {}
COMMAND: POST /session/edb7769f788cd4bc8c02fbd4b7269a59/execute/sync - {"script":"<script> [92 bytes]","args":[]}
RESULT: {"script":"<script> [92 bytes]","args":[]}
COMMAND: POST /session/edb7769f788cd4bc8c02fbd4b7269a59/actions - {"actions":[{"id":"action17","type":"wheel","parameters":{},"actions":[{"type":"scroll","x":-1888,"y":-24,"deltaX":0,"deltaY":0,"duration":0,"origin":{"element-6066-11e4-a52e-4f735466cecf":"f.80861FA1C8F2A5B6E231BC1E2F0865F6.d.4C8EA23A1CAA1BEC7CBA9444A33587ED.e.3209"}}]}]}
COMMAND: GET /session/edb7769f788cd4bc8c02fbd4b7269a59/screenshot - {}
RESULT: {}
COMMAND: POST /session/edb7769f788cd4bc8c02fbd4b7269a59/execute/sync - {"script":"<script> [79 bytes]","args":[{"element-6066-11e4-a52e-4f735466cecf":"f.80861FA1C8F2A5B6E231BC1E2F0865F6.d.4C8EA23A1CAA1BEC7CBA9444A33587ED.e.3209","ELEMENT":"f.80861FA1C8F2A5B6E231BC1E2F0865F6.d.4C8EA23A1CAA1BEC7CBA9444A33587ED.e.3209"},{"block":"start","inline":"nearest"}]}
RESULT: {"script":"<script> [79 bytes]","args":[{"element-6066-11e4-a52e-4f735466cecf":"f.80861FA1C8F2A5B6E231BC1E2F0865F6.d.4C8EA23A1CAA1BEC7CBA9444A33587ED.e.3209","ELEMENT":"f.80861FA1C8F2A5B6E231BC1E2F0865F6.d.4C8EA23A1CAA1BEC7CBA9444A33587ED.e.3209"},{"block":"start","inline":"nearest"}]}
COMMAND: GET /session/edb7769f788cd4bc8c02fbd4b7269a59/screenshot - {}
RESULT: {}
COMMAND: POST /session/edb7769f788cd4bc8c02fbd4b7269a59/element/f.80861FA1C8F2A5B6E231BC1E2F0865F6.d.4C8EA23A1CAA1BEC7CBA9444A33587ED.e.3209/click - {}
RESULT: {}
COMMAND: GET /session/edb7769f788cd4bc8c02fbd4b7269a59/screenshot - {}
RESULT: {}
RESULT: undefined
COMMAND: POST /session/edb7769f788cd4bc8c02fbd4b7269a59/execute/async - {"script":"<script> [776 bytes]","args":[{"enterText":"4000360","selector":{"controlType":"sap.m.SearchField","properties":{"placeholder":"Search"},"searchOpenDialogs":true,"interaction":{"idSuffix":"I"}},"clearTextFirst":true,"interactionType":"ENTER_TEXT"}]}
RESULT: {"script":"<script> [776 bytes]","args":[{"enterText":"4000360","selector":{"controlType":"sap.m.SearchField","properties":{"placeholder":"Search"},"searchOpenDialogs":true,"interaction":{"idSuffix":"I"}},"clearTextFirst":true,"interactionType":"ENTER_TEXT"}]}
COMMAND: POST /session/edb7769f788cd4bc8c02fbd4b7269a59/actions - {"actions":[{"id":"action18","type":"key","parameters":{},"actions":[{"type":"keyDown","value":""},{"type":"pause","duration":10},{"type":"keyUp","value":""}]}]}
RESULT: {"actions":[{"id":"action18","type":"key","parameters":{},"actions":[{"type":"keyDown","value":""},{"type":"pause","duration":10},{"type":"keyUp","value":""}]}]}
COMMAND: GET /session/edb7769f788cd4bc8c02fbd4b7269a59/screenshot - {}
RESULT: {}
COMMAND: POST /session/edb7769f788cd4bc8c02fbd4b7269a59/element - {"using":"xpath","value":"//td/div/span[contains(text(), \"BGL Vehicles\")]"}
RESULT: {"using":"xpath","value":"//td/div/span[contains(text(), \"BGL Vehicles\")]"}
COMMAND: POST /session/edb7769f788cd4bc8c02fbd4b7269a59/element/f.80861FA1C8F2A5B6E231BC1E2F0865F6.d.4C8EA23A1CAA1BEC7CBA9444A33587ED.e.3229/click - {}
RESULT: {}
COMMAND: GET /session/edb7769f788cd4bc8c02fbd4b7269a59/screenshot - {}
RESULT: {}
COMMAND: POST /session/edb7769f788cd4bc8c02fbd4b7269a59/element - {"using":"xpath","value":"//bdi[contains(text(), \"OK\")]"}
RESULT: {"using":"xpath","value":"//bdi[contains(text(), \"OK\")]"}
COMMAND: POST /session/edb7769f788cd4bc8c02fbd4b7269a59/element/f.80861FA1C8F2A5B6E231BC1E2F0865F6.d.4C8EA23A1CAA1BEC7CBA9444A33587ED.e.3230/click - {}
RESULT: {}
COMMAND: GET /session/edb7769f788cd4bc8c02fbd4b7269a59/screenshot - {}
RESULT: {}
COMMAND: POST /session/edb7769f788cd4bc8c02fbd4b7269a59/element - {"using":"xpath","value":"//label[contains(@class, 'sapMLabelRequired') and .//bdi[contains(text(), 'Planned Retirement')]]"}
RESULT: {"using":"xpath","value":"//label[contains(@class, 'sapMLabelRequired') and .//bdi[contains(text(), 'Planned Retirement')]]"}
COMMAND: POST /session/edb7769f788cd4bc8c02fbd4b7269a59/elements - {"using":"xpath","value":"//label[contains(@class, 'sapMLabelRequired') and .//bdi[contains(text(), 'Planned Retirement')]]"}
RESULT: {"using":"xpath","value":"//label[contains(@class, 'sapMLabelRequired') and .//bdi[contains(text(), 'Planned Retirement')]]"}
COMMAND: POST /session/edb7769f788cd4bc8c02fbd4b7269a59/element - {"using":"xpath","value":"//button[@data-kt=\"resourceUnitSaveButton\"]"}
RESULT: {"using":"xpath","value":"//button[@data-kt=\"resourceUnitSaveButton\"]"}
COMMAND: POST /session/edb7769f788cd4bc8c02fbd4b7269a59/element/f.80861FA1C8F2A5B6E231BC1E2F0865F6.d.4C8EA23A1CAA1BEC7CBA9444A33587ED.e.3141/click - {}
RESULT: {}
COMMAND: GET /session/edb7769f788cd4bc8c02fbd4b7269a59/screenshot - {}
RESULT: {}
COMMAND: POST /session/edb7769f788cd4bc8c02fbd4b7269a59/element - {"using":"xpath","value":"//bdi[contains(text(), \"Close\")]"}
RESULT: {"using":"xpath","value":"//bdi[contains(text(), \"Close\")]"}
COMMAND: POST /session/edb7769f788cd4bc8c02fbd4b7269a59/element/f.80861FA1C8F2A5B6E231BC1E2F0865F6.d.4C8EA23A1CAA1BEC7CBA9444A33587ED.e.3237/click - {}
RESULT: {}
COMMAND: GET /session/edb7769f788cd4bc8c02fbd4b7269a59/screenshot - {}
RESULT: {}
COMMAND: POST /session/edb7769f788cd4bc8c02fbd4b7269a59/element - {"using":"xpath","value":"//header[contains(@id, 'detailRruPage-headerTitle')]/div[1]/div[2]/div[2]/span[1]"}
RESULT: {"using":"xpath","value":"//header[contains(@id, 'detailRruPage-headerTitle')]/div[1]/div[2]/div[2]/span[1]"}
COMMAND: POST /session/edb7769f788cd4bc8c02fbd4b7269a59/elements - {"using":"xpath","value":"//header[contains(@id, 'detailRruPage-headerTitle')]/div[1]/div[2]/div[2]/span[1]"}
RESULT: {"using":"xpath","value":"//header[contains(@id, 'detailRruPage-headerTitle')]/div[1]/div[2]/div[2]/span[1]"}
COMMAND: POST /session/edb7769f788cd4bc8c02fbd4b7269a59/execute/sync - {"script":"<script> [56 bytes]","args":[{"element-6066-11e4-a52e-4f735466cecf":"f.80861FA1C8F2A5B6E231BC1E2F0865F6.d.4C8EA23A1CAA1BEC7CBA9444A33587ED.e.3274","ELEMENT":"f.80861FA1C8F2A5B6E231BC1E2F0865F6.d.4C8EA23A1CAA1BEC7CBA9444A33587ED.e.3274"}]}
RESULT: {"script":"<script> [56 bytes]","args":[{"element-6066-11e4-a52e-4f735466cecf":"f.80861FA1C8F2A5B6E231BC1E2F0865F6.d.4C8EA23A1CAA1BEC7CBA9444A33587ED.e.3274","ELEMENT":"f.80861FA1C8F2A5B6E231BC1E2F0865F6.d.4C8EA23A1CAA1BEC7CBA9444A33587ED.e.3274"}]}
COMMAND: POST /session/edb7769f788cd4bc8c02fbd4b7269a59/element - {"using":"css selector","value":"#shell-header-logo"}
COMMAND: GET /session/edb7769f788cd4bc8c02fbd4b7269a59/screenshot - {}
RESULT: {"using":"css selector","value":"#shell-header-logo"}
COMMAND: POST /session/edb7769f788cd4bc8c02fbd4b7269a59/element/f.80861FA1C8F2A5B6E231BC1E2F0865F6.d.4C8EA23A1CAA1BEC7CBA9444A33587ED.e.2735/click - {}
RESULT: {}
RESULT: {}
COMMAND: GET /session/edb7769f788cd4bc8c02fbd4b7269a59/screenshot - {}
RESULT: {}
]]></system-out>
    </testcase>
    <testcase classname="chrome.136_0_7103_93.windows.RU_Inventory_Mass_State_Change_Multiple_Items_US151066" name="Prerequisite Step 2 Should do a stock increase handover for the equipment" time="64.003">
      <failure/>
      <error message="receiptDate.setValue is not a function"/>
      <system-out><![CDATA[
COMMAND: POST /session/edb7769f788cd4bc8c02fbd4b7269a59/execute/async - {"script":"<script> [1562 bytes]","args":[{"selector":{"controlType":"sap.m.GenericTile","properties":{"header":"Manage Handovers"}},"wdio_ui5_key":"sapm.GenericTile{\"header\":\"Manage Handovers\"}"}]}
RESULT: {"script":"<script> [1562 bytes]","args":[{"selector":{"controlType":"sap.m.GenericTile","properties":{"header":"Manage Handovers"}},"wdio_ui5_key":"sapm.GenericTile{\"header\":\"Manage Handovers\"}"}]}
RESULT: undefined
COMMAND: POST /session/edb7769f788cd4bc8c02fbd4b7269a59/element - {"using":"xpath","value":"//*[@id=\"__tile133\"]"}
RESULT: {"using":"xpath","value":"//*[@id=\"__tile133\"]"}
COMMAND: POST /session/edb7769f788cd4bc8c02fbd4b7269a59/element/f.80861FA1C8F2A5B6E231BC1E2F0865F6.d.4C8EA23A1CAA1BEC7CBA9444A33587ED.e.234/click - {}
RESULT: {}
COMMAND: GET /session/edb7769f788cd4bc8c02fbd4b7269a59/screenshot - {}
RESULT: {}
COMMAND: POST /session/edb7769f788cd4bc8c02fbd4b7269a59/elements - {"using":"xpath","value":"//span[text()='Error']"}
RESULT: {"using":"xpath","value":"//span[text()='Error']"}
COMMAND: POST /session/edb7769f788cd4bc8c02fbd4b7269a59/element - {"using":"xpath","value":"//button[@data-kt=\"masterHOAddButton\"]"}
RESULT: {"using":"xpath","value":"//button[@data-kt=\"masterHOAddButton\"]"}
COMMAND: POST /session/edb7769f788cd4bc8c02fbd4b7269a59/elements - {"using":"xpath","value":"//button[@data-kt=\"masterHOAddButton\"]"}
RESULT: {"using":"xpath","value":"//button[@data-kt=\"masterHOAddButton\"]"}
COMMAND: POST /session/edb7769f788cd4bc8c02fbd4b7269a59/execute/sync - {"script":"<script> [8489 bytes]","args":[{"element-6066-11e4-a52e-4f735466cecf":"f.80861FA1C8F2A5B6E231BC1E2F0865F6.d.4C8EA23A1CAA1BEC7CBA9444A33587ED.e.3315","ELEMENT":"f.80861FA1C8F2A5B6E231BC1E2F0865F6.d.4C8EA23A1CAA1BEC7CBA9444A33587ED.e.3315"}]}
RESULT: {"script":"<script> [8489 bytes]","args":[{"element-6066-11e4-a52e-4f735466cecf":"f.80861FA1C8F2A5B6E231BC1E2F0865F6.d.4C8EA23A1CAA1BEC7CBA9444A33587ED.e.3315","ELEMENT":"f.80861FA1C8F2A5B6E231BC1E2F0865F6.d.4C8EA23A1CAA1BEC7CBA9444A33587ED.e.3315"}]}
COMMAND: GET /session/edb7769f788cd4bc8c02fbd4b7269a59/element/f.80861FA1C8F2A5B6E231BC1E2F0865F6.d.4C8EA23A1CAA1BEC7CBA9444A33587ED.e.3315/enabled - {}
COMMAND: GET /session/edb7769f788cd4bc8c02fbd4b7269a59/screenshot - {}
RESULT: {}
COMMAND: POST /session/edb7769f788cd4bc8c02fbd4b7269a59/execute/sync - {"script":"<script> [8489 bytes]","args":[{"element-6066-11e4-a52e-4f735466cecf":"f.80861FA1C8F2A5B6E231BC1E2F0865F6.d.4C8EA23A1CAA1BEC7CBA9444A33587ED.e.3315","ELEMENT":"f.80861FA1C8F2A5B6E231BC1E2F0865F6.d.4C8EA23A1CAA1BEC7CBA9444A33587ED.e.3315"}]}
COMMAND: GET /session/edb7769f788cd4bc8c02fbd4b7269a59/screenshot - {}
RESULT: {}
RESULT: {"script":"<script> [8489 bytes]","args":[{"element-6066-11e4-a52e-4f735466cecf":"f.80861FA1C8F2A5B6E231BC1E2F0865F6.d.4C8EA23A1CAA1BEC7CBA9444A33587ED.e.3315","ELEMENT":"f.80861FA1C8F2A5B6E231BC1E2F0865F6.d.4C8EA23A1CAA1BEC7CBA9444A33587ED.e.3315"}]}
COMMAND: POST /session/edb7769f788cd4bc8c02fbd4b7269a59/execute/sync - {"script":"<script> [5351 bytes]","args":[{"element-6066-11e4-a52e-4f735466cecf":"f.80861FA1C8F2A5B6E231BC1E2F0865F6.d.4C8EA23A1CAA1BEC7CBA9444A33587ED.e.3315","ELEMENT":"f.80861FA1C8F2A5B6E231BC1E2F0865F6.d.4C8EA23A1CAA1BEC7CBA9444A33587ED.e.3315"}]}
COMMAND: GET /session/edb7769f788cd4bc8c02fbd4b7269a59/screenshot - {}
RESULT: {}
RESULT: {"script":"<script> [5351 bytes]","args":[{"element-6066-11e4-a52e-4f735466cecf":"f.80861FA1C8F2A5B6E231BC1E2F0865F6.d.4C8EA23A1CAA1BEC7CBA9444A33587ED.e.3315","ELEMENT":"f.80861FA1C8F2A5B6E231BC1E2F0865F6.d.4C8EA23A1CAA1BEC7CBA9444A33587ED.e.3315"}]}
COMMAND: POST /session/edb7769f788cd4bc8c02fbd4b7269a59/element/f.80861FA1C8F2A5B6E231BC1E2F0865F6.d.4C8EA23A1CAA1BEC7CBA9444A33587ED.e.3315/click - {}
COMMAND: GET /session/edb7769f788cd4bc8c02fbd4b7269a59/screenshot - {}
RESULT: {}
RESULT: {}
COMMAND: GET /session/edb7769f788cd4bc8c02fbd4b7269a59/screenshot - {}
RESULT: {}
COMMAND: POST /session/edb7769f788cd4bc8c02fbd4b7269a59/element - {"using":"xpath","value":"//span[contains(@id ,\"AddNewHO--typeSelect-arrow\")]"}
RESULT: {}
RESULT: {"using":"xpath","value":"//span[contains(@id ,\"AddNewHO--typeSelect-arrow\")]"}
COMMAND: POST /session/edb7769f788cd4bc8c02fbd4b7269a59/element/f.80861FA1C8F2A5B6E231BC1E2F0865F6.d.4C8EA23A1CAA1BEC7CBA9444A33587ED.e.3666/click - {}
RESULT: {}
COMMAND: GET /session/edb7769f788cd4bc8c02fbd4b7269a59/screenshot - {}
RESULT: {}
COMMAND: POST /session/edb7769f788cd4bc8c02fbd4b7269a59/element - {"using":"xpath","value":"(//li[contains(text(), \"stock increase yard\")])[1]"}
RESULT: {"using":"xpath","value":"(//li[contains(text(), \"stock increase yard\")])[1]"}
COMMAND: POST /session/edb7769f788cd4bc8c02fbd4b7269a59/element/f.80861FA1C8F2A5B6E231BC1E2F0865F6.d.4C8EA23A1CAA1BEC7CBA9444A33587ED.e.3667/click - {}
RESULT: {}
COMMAND: GET /session/edb7769f788cd4bc8c02fbd4b7269a59/screenshot - {}
RESULT: {}
COMMAND: POST /session/edb7769f788cd4bc8c02fbd4b7269a59/execute/async - {"script":"<script> [1562 bytes]","args":[{"selector":{"id":"application-managehandovers-display-component---AddNewHO--dueDate","interaction":{"idSuffix":"inner"}},"wdio_ui5_key":"applicationmanagehandovers-display-component---AddNewHO--dueDate"}]}
RESULT: {"script":"<script> [1562 bytes]","args":[{"selector":{"id":"application-managehandovers-display-component---AddNewHO--dueDate","interaction":{"idSuffix":"inner"}},"wdio_ui5_key":"applicationmanagehandovers-display-component---AddNewHO--dueDate"}]}
RESULT: undefined
COMMAND: POST /session/edb7769f788cd4bc8c02fbd4b7269a59/execute/async - {"script":"<script> [6424 bytes]","args":[{"element-6066-11e4-a52e-4f735466cecf":"f.80861FA1C8F2A5B6E231BC1E2F0865F6.d.4C8EA23A1CAA1BEC7CBA9444A33587ED.e.3669"},"setValue",["5/22/25"]]}
RESULT: {"script":"<script> [6424 bytes]","args":[{"element-6066-11e4-a52e-4f735466cecf":"f.80861FA1C8F2A5B6E231BC1E2F0865F6.d.4C8EA23A1CAA1BEC7CBA9444A33587ED.e.3669"},"setValue",["5/22/25"]]}
COMMAND: POST /session/edb7769f788cd4bc8c02fbd4b7269a59/element - {"using":"xpath","value":"//input[@id=\"generalSectionFrg--receiveYard-inner\"]"}
RESULT: {"using":"xpath","value":"//input[@id=\"generalSectionFrg--receiveYard-inner\"]"}
COMMAND: POST /session/edb7769f788cd4bc8c02fbd4b7269a59/element/f.80861FA1C8F2A5B6E231BC1E2F0865F6.d.4C8EA23A1CAA1BEC7CBA9444A33587ED.e.3673/clear - {}
RESULT: {}
COMMAND: POST /session/edb7769f788cd4bc8c02fbd4b7269a59/element/f.80861FA1C8F2A5B6E231BC1E2F0865F6.d.4C8EA23A1CAA1BEC7CBA9444A33587ED.e.3673/value - {"text":"109"}
COMMAND: GET /session/edb7769f788cd4bc8c02fbd4b7269a59/screenshot - {}
RESULT: {"text":"109"}
COMMAND: GET /session/edb7769f788cd4bc8c02fbd4b7269a59/screenshot - {}
RESULT: {}
RESULT: {}
COMMAND: POST /session/edb7769f788cd4bc8c02fbd4b7269a59/element - {"using":"xpath","value":"//li[.//span[text()='109']]"}
RESULT: {"using":"xpath","value":"//li[.//span[text()='109']]"}
COMMAND: POST /session/edb7769f788cd4bc8c02fbd4b7269a59/element/f.80861FA1C8F2A5B6E231BC1E2F0865F6.d.4C8EA23A1CAA1BEC7CBA9444A33587ED.e.3691/click - {}
RESULT: {}
COMMAND: GET /session/edb7769f788cd4bc8c02fbd4b7269a59/screenshot - {}
RESULT: {}
COMMAND: POST /session/edb7769f788cd4bc8c02fbd4b7269a59/execute/async - {"script":"<script> [1562 bytes]","args":[{"selector":{"id":"application-managehandovers-display-component---AddNewHO--ObjectPageLayout-anchBar-application-managehandovers-display-component---AddNewHO--section4-anchor","interaction":{"idSuffix":"BDI-content"}},"wdio_ui5_key":"applicationmanagehandovers-display-component---AddNewHO--ObjectPageLayout-anchBar-application-managehandovers-display-component---AddNewHO--section4-anchor"}]}
RESULT: {"script":"<script> [1562 bytes]","args":[{"selector":{"id":"application-managehandovers-display-component---AddNewHO--ObjectPageLayout-anchBar-application-managehandovers-display-component---AddNewHO--section4-anchor","interaction":{"idSuffix":"BDI-content"}},"wdio_ui5_key":"applicationmanagehandovers-display-component---AddNewHO--ObjectPageLayout-anchBar-application-managehandovers-display-component---AddNewHO--section4-anchor"}]}
RESULT: undefined
COMMAND: POST /session/edb7769f788cd4bc8c02fbd4b7269a59/element - {"using":"xpath","value":"//*[@id=\"application-managehandovers-display-component---AddNewHO--ObjectPageLayout-anchBar-application-managehandovers-display-component---AddNewHO--section4-anchor\"]"}
RESULT: {"using":"xpath","value":"//*[@id=\"application-managehandovers-display-component---AddNewHO--ObjectPageLayout-anchBar-application-managehandovers-display-component---AddNewHO--section4-anchor\"]"}
COMMAND: POST /session/edb7769f788cd4bc8c02fbd4b7269a59/element/f.80861FA1C8F2A5B6E231BC1E2F0865F6.d.4C8EA23A1CAA1BEC7CBA9444A33587ED.e.3693/click - {}
RESULT: {}
COMMAND: POST /session/edb7769f788cd4bc8c02fbd4b7269a59/element - {"using":"xpath","value":"//button[@aria-label=\"Add\"]"}
COMMAND: GET /session/edb7769f788cd4bc8c02fbd4b7269a59/screenshot - {}
RESULT: {"using":"xpath","value":"//button[@aria-label=\"Add\"]"}
COMMAND: POST /session/edb7769f788cd4bc8c02fbd4b7269a59/element/f.80861FA1C8F2A5B6E231BC1E2F0865F6.d.4C8EA23A1CAA1BEC7CBA9444A33587ED.e.3695/click - {}
RESULT: {}
RESULT: {}
COMMAND: GET /session/edb7769f788cd4bc8c02fbd4b7269a59/screenshot - {}
RESULT: {}
COMMAND: POST /session/edb7769f788cd4bc8c02fbd4b7269a59/execute/async - {"script":"<script> [1562 bytes]","args":[{"selector":{"id":"application-managehandovers-display-component---AddNewHO--smartFilterBar-btnBasicSearch","searchOpenDialogs":true,"interaction":{"idSuffix":"I"}},"wdio_ui5_key":"applicationmanagehandovers-display-component---AddNewHO--smartFilterBar-btnBasicSearch"}]}
RESULT: {"script":"<script> [1562 bytes]","args":[{"selector":{"id":"application-managehandovers-display-component---AddNewHO--smartFilterBar-btnBasicSearch","searchOpenDialogs":true,"interaction":{"idSuffix":"I"}},"wdio_ui5_key":"applicationmanagehandovers-display-component---AddNewHO--smartFilterBar-btnBasicSearch"}]}
RESULT: undefined
COMMAND: POST /session/edb7769f788cd4bc8c02fbd4b7269a59/execute/async - {"script":"<script> [776 bytes]","args":[{"enterText":"keaulMeDFk","selector":{"id":"application-managehandovers-display-component---AddNewHO--smartFilterBar-btnBasicSearch","searchOpenDialogs":true,"interaction":{"idSuffix":"I"}},"clearTextFirst":true,"interactionType":"ENTER_TEXT"}]}
RESULT: {"script":"<script> [776 bytes]","args":[{"enterText":"keaulMeDFk","selector":{"id":"application-managehandovers-display-component---AddNewHO--smartFilterBar-btnBasicSearch","searchOpenDialogs":true,"interaction":{"idSuffix":"I"}},"clearTextFirst":true,"interactionType":"ENTER_TEXT"}]}
COMMAND: POST /session/edb7769f788cd4bc8c02fbd4b7269a59/actions - {"actions":[{"id":"action19","type":"key","parameters":{},"actions":[{"type":"keyDown","value":""},{"type":"pause","duration":10},{"type":"keyUp","value":""}]}]}
RESULT: {"actions":[{"id":"action19","type":"key","parameters":{},"actions":[{"type":"keyDown","value":""},{"type":"pause","duration":10},{"type":"keyUp","value":""}]}]}
COMMAND: GET /session/edb7769f788cd4bc8c02fbd4b7269a59/screenshot - {}
RESULT: {}
COMMAND: POST /session/edb7769f788cd4bc8c02fbd4b7269a59/execute/async - {"script":"<script> [1562 bytes]","args":[{"selector":{"id":"application-managehandovers-display-component---AddNewHO--popup-sa","searchOpenDialogs":true,"interaction":{"idSuffix":"CbBg"}},"wdio_ui5_key":"applicationmanagehandovers-display-component---AddNewHO--popup-sa"}]}
RESULT: {"script":"<script> [1562 bytes]","args":[{"selector":{"id":"application-managehandovers-display-component---AddNewHO--popup-sa","searchOpenDialogs":true,"interaction":{"idSuffix":"CbBg"}},"wdio_ui5_key":"applicationmanagehandovers-display-component---AddNewHO--popup-sa"}]}
RESULT: undefined
COMMAND: POST /session/edb7769f788cd4bc8c02fbd4b7269a59/element - {"using":"xpath","value":"//*[@id=\"application-managehandovers-display-component---AddNewHO--popup-sa\"]"}
RESULT: {"using":"xpath","value":"//*[@id=\"application-managehandovers-display-component---AddNewHO--popup-sa\"]"}
COMMAND: POST /session/edb7769f788cd4bc8c02fbd4b7269a59/element/f.80861FA1C8F2A5B6E231BC1E2F0865F6.d.4C8EA23A1CAA1BEC7CBA9444A33587ED.e.3847/click - {}
RESULT: {}
COMMAND: GET /session/edb7769f788cd4bc8c02fbd4b7269a59/screenshot - {}
RESULT: {}
COMMAND: POST /session/edb7769f788cd4bc8c02fbd4b7269a59/element - {"using":"xpath","value":"//bdi[contains(text(), \"Select\")]"}
RESULT: {"using":"xpath","value":"//bdi[contains(text(), \"Select\")]"}
COMMAND: POST /session/edb7769f788cd4bc8c02fbd4b7269a59/element/f.80861FA1C8F2A5B6E231BC1E2F0865F6.d.4C8EA23A1CAA1BEC7CBA9444A33587ED.e.3848/click - {}
RESULT: {}
COMMAND: GET /session/edb7769f788cd4bc8c02fbd4b7269a59/screenshot - {}
RESULT: {}
COMMAND: POST /session/edb7769f788cd4bc8c02fbd4b7269a59/element - {"using":"xpath","value":"//button[@data-kt=\"AddNewHOSaveButton\"]"}
RESULT: {"using":"xpath","value":"//button[@data-kt=\"AddNewHOSaveButton\"]"}
COMMAND: POST /session/edb7769f788cd4bc8c02fbd4b7269a59/element/f.80861FA1C8F2A5B6E231BC1E2F0865F6.d.4C8EA23A1CAA1BEC7CBA9444A33587ED.e.3852/click - {}
RESULT: {}
COMMAND: GET /session/edb7769f788cd4bc8c02fbd4b7269a59/screenshot - {}
RESULT: {}
COMMAND: POST /session/edb7769f788cd4bc8c02fbd4b7269a59/execute/async - {"script":"<script> [1562 bytes]","args":[{"selector":{"id":"receiptDatePicker","viewName":"etm.portal.ui.managehandovers.view.DetailExecuteHO","interaction":{"idSuffix":"inner"}},"wdio_ui5_key":"receiptDatePickeretmportal.ui.managehandovers.view.DetailExecuteHO"}]}
RESULT: {"script":"<script> [1562 bytes]","args":[{"selector":{"id":"receiptDatePicker","viewName":"etm.portal.ui.managehandovers.view.DetailExecuteHO","interaction":{"idSuffix":"inner"}},"wdio_ui5_key":"receiptDatePickeretmportal.ui.managehandovers.view.DetailExecuteHO"}]}
RESULT: undefined
COMMAND: GET /session/edb7769f788cd4bc8c02fbd4b7269a59/screenshot - {}
RESULT: {}
]]></system-out>
      <system-err><![CDATA[
TypeError: receiptDate.setValue is not a function
    at UtilsPrerequisites.stockIncrease (D:\a\1\s\test\specs\BTS\prerequisites-and-utils-functions.js:1664:27)
    at async Context.<anonymous> (D:\a\1\s\test\specs\HTR\ru-inv-list-mass-state-change.spec.js:294:9)
]]></system-err>
    </testcase>
    <testcase classname="chrome.136_0_7103_93.windows.RU_Inventory_Mass_State_Change_Multiple_Items_US151066" name="Prerequisite Step 2 Should do a stock increase handover for the material" time="60.515">
      <failure/>
      <error message="receiptDate.setValue is not a function"/>
      <system-out><![CDATA[
RESULT: undefined
COMMAND: POST /session/edb7769f788cd4bc8c02fbd4b7269a59/element - {"using":"xpath","value":"//*[@id=\"__tile133\"]"}
COMMAND: GET /session/edb7769f788cd4bc8c02fbd4b7269a59/screenshot - {}
RESULT: {"using":"xpath","value":"//*[@id=\"__tile133\"]"}
COMMAND: POST /session/edb7769f788cd4bc8c02fbd4b7269a59/element/f.80861FA1C8F2A5B6E231BC1E2F0865F6.d.4C8EA23A1CAA1BEC7CBA9444A33587ED.e.234/click - {}
RESULT: {}
COMMAND: POST /session/edb7769f788cd4bc8c02fbd4b7269a59/elements - {"using":"xpath","value":"//span[text()='Error']"}
RESULT: {"using":"xpath","value":"//span[text()='Error']"}
COMMAND: POST /session/edb7769f788cd4bc8c02fbd4b7269a59/elements - {"using":"xpath","value":"//*[text()='Close']"}
RESULT: {"using":"xpath","value":"//*[text()='Close']"}
COMMAND: GET /session/edb7769f788cd4bc8c02fbd4b7269a59/element/f.80861FA1C8F2A5B6E231BC1E2F0865F6.d.4C8EA23A1CAA1BEC7CBA9444A33587ED.e.3856/enabled - {}
RESULT: {}
COMMAND: POST /session/edb7769f788cd4bc8c02fbd4b7269a59/execute/sync - {"script":"<script> [8489 bytes]","args":[{"element-6066-11e4-a52e-4f735466cecf":"f.80861FA1C8F2A5B6E231BC1E2F0865F6.d.4C8EA23A1CAA1BEC7CBA9444A33587ED.e.3856","ELEMENT":"f.80861FA1C8F2A5B6E231BC1E2F0865F6.d.4C8EA23A1CAA1BEC7CBA9444A33587ED.e.3856"}]}
COMMAND: GET /session/edb7769f788cd4bc8c02fbd4b7269a59/screenshot - {}
RESULT: {"script":"<script> [8489 bytes]","args":[{"element-6066-11e4-a52e-4f735466cecf":"f.80861FA1C8F2A5B6E231BC1E2F0865F6.d.4C8EA23A1CAA1BEC7CBA9444A33587ED.e.3856","ELEMENT":"f.80861FA1C8F2A5B6E231BC1E2F0865F6.d.4C8EA23A1CAA1BEC7CBA9444A33587ED.e.3856"}]}
COMMAND: POST /session/edb7769f788cd4bc8c02fbd4b7269a59/execute/sync - {"script":"<script> [5351 bytes]","args":[{"element-6066-11e4-a52e-4f735466cecf":"f.80861FA1C8F2A5B6E231BC1E2F0865F6.d.4C8EA23A1CAA1BEC7CBA9444A33587ED.e.3856","ELEMENT":"f.80861FA1C8F2A5B6E231BC1E2F0865F6.d.4C8EA23A1CAA1BEC7CBA9444A33587ED.e.3856"}]}
COMMAND: GET /session/edb7769f788cd4bc8c02fbd4b7269a59/screenshot - {}
RESULT: {}
RESULT: {"script":"<script> [5351 bytes]","args":[{"element-6066-11e4-a52e-4f735466cecf":"f.80861FA1C8F2A5B6E231BC1E2F0865F6.d.4C8EA23A1CAA1BEC7CBA9444A33587ED.e.3856","ELEMENT":"f.80861FA1C8F2A5B6E231BC1E2F0865F6.d.4C8EA23A1CAA1BEC7CBA9444A33587ED.e.3856"}]}
COMMAND: POST /session/edb7769f788cd4bc8c02fbd4b7269a59/element/f.80861FA1C8F2A5B6E231BC1E2F0865F6.d.4C8EA23A1CAA1BEC7CBA9444A33587ED.e.3856/click - {}
COMMAND: GET /session/edb7769f788cd4bc8c02fbd4b7269a59/screenshot - {}
RESULT: {}
RESULT: {}
COMMAND: POST /session/edb7769f788cd4bc8c02fbd4b7269a59/elements - {"using":"xpath","value":"//*[text()='OK']"}
COMMAND: GET /session/edb7769f788cd4bc8c02fbd4b7269a59/screenshot - {}
RESULT: {}
RESULT: {"using":"xpath","value":"//*[text()='OK']"}
COMMAND: POST /session/edb7769f788cd4bc8c02fbd4b7269a59/element - {"using":"xpath","value":"//button[@data-kt=\"masterHOAddButton\"]"}
RESULT: {}
RESULT: {"using":"xpath","value":"//button[@data-kt=\"masterHOAddButton\"]"}
COMMAND: POST /session/edb7769f788cd4bc8c02fbd4b7269a59/elements - {"using":"xpath","value":"//button[@data-kt=\"masterHOAddButton\"]"}
RESULT: {"using":"xpath","value":"//button[@data-kt=\"masterHOAddButton\"]"}
COMMAND: POST /session/edb7769f788cd4bc8c02fbd4b7269a59/execute/sync - {"script":"<script> [8489 bytes]","args":[{"element-6066-11e4-a52e-4f735466cecf":"f.80861FA1C8F2A5B6E231BC1E2F0865F6.d.4C8EA23A1CAA1BEC7CBA9444A33587ED.e.3315","ELEMENT":"f.80861FA1C8F2A5B6E231BC1E2F0865F6.d.4C8EA23A1CAA1BEC7CBA9444A33587ED.e.3315"}]}
RESULT: {"script":"<script> [8489 bytes]","args":[{"element-6066-11e4-a52e-4f735466cecf":"f.80861FA1C8F2A5B6E231BC1E2F0865F6.d.4C8EA23A1CAA1BEC7CBA9444A33587ED.e.3315","ELEMENT":"f.80861FA1C8F2A5B6E231BC1E2F0865F6.d.4C8EA23A1CAA1BEC7CBA9444A33587ED.e.3315"}]}
COMMAND: GET /session/edb7769f788cd4bc8c02fbd4b7269a59/element/f.80861FA1C8F2A5B6E231BC1E2F0865F6.d.4C8EA23A1CAA1BEC7CBA9444A33587ED.e.3315/enabled - {}
COMMAND: GET /session/edb7769f788cd4bc8c02fbd4b7269a59/screenshot - {}
RESULT: {}
COMMAND: POST /session/edb7769f788cd4bc8c02fbd4b7269a59/execute/sync - {"script":"<script> [8489 bytes]","args":[{"element-6066-11e4-a52e-4f735466cecf":"f.80861FA1C8F2A5B6E231BC1E2F0865F6.d.4C8EA23A1CAA1BEC7CBA9444A33587ED.e.3315","ELEMENT":"f.80861FA1C8F2A5B6E231BC1E2F0865F6.d.4C8EA23A1CAA1BEC7CBA9444A33587ED.e.3315"}]}
COMMAND: GET /session/edb7769f788cd4bc8c02fbd4b7269a59/screenshot - {}
RESULT: {}
RESULT: {"script":"<script> [8489 bytes]","args":[{"element-6066-11e4-a52e-4f735466cecf":"f.80861FA1C8F2A5B6E231BC1E2F0865F6.d.4C8EA23A1CAA1BEC7CBA9444A33587ED.e.3315","ELEMENT":"f.80861FA1C8F2A5B6E231BC1E2F0865F6.d.4C8EA23A1CAA1BEC7CBA9444A33587ED.e.3315"}]}
COMMAND: POST /session/edb7769f788cd4bc8c02fbd4b7269a59/execute/sync - {"script":"<script> [5351 bytes]","args":[{"element-6066-11e4-a52e-4f735466cecf":"f.80861FA1C8F2A5B6E231BC1E2F0865F6.d.4C8EA23A1CAA1BEC7CBA9444A33587ED.e.3315","ELEMENT":"f.80861FA1C8F2A5B6E231BC1E2F0865F6.d.4C8EA23A1CAA1BEC7CBA9444A33587ED.e.3315"}]}
COMMAND: GET /session/edb7769f788cd4bc8c02fbd4b7269a59/screenshot - {}
RESULT: {}
RESULT: {"script":"<script> [5351 bytes]","args":[{"element-6066-11e4-a52e-4f735466cecf":"f.80861FA1C8F2A5B6E231BC1E2F0865F6.d.4C8EA23A1CAA1BEC7CBA9444A33587ED.e.3315","ELEMENT":"f.80861FA1C8F2A5B6E231BC1E2F0865F6.d.4C8EA23A1CAA1BEC7CBA9444A33587ED.e.3315"}]}
COMMAND: POST /session/edb7769f788cd4bc8c02fbd4b7269a59/element/f.80861FA1C8F2A5B6E231BC1E2F0865F6.d.4C8EA23A1CAA1BEC7CBA9444A33587ED.e.3315/click - {}
COMMAND: GET /session/edb7769f788cd4bc8c02fbd4b7269a59/screenshot - {}
RESULT: {}
RESULT: {}
COMMAND: GET /session/edb7769f788cd4bc8c02fbd4b7269a59/screenshot - {}
RESULT: {}
RESULT: {}
COMMAND: POST /session/edb7769f788cd4bc8c02fbd4b7269a59/element - {"using":"xpath","value":"//span[contains(@id ,\"AddNewHO--typeSelect-arrow\")]"}
RESULT: {"using":"xpath","value":"//span[contains(@id ,\"AddNewHO--typeSelect-arrow\")]"}
COMMAND: POST /session/edb7769f788cd4bc8c02fbd4b7269a59/element/f.80861FA1C8F2A5B6E231BC1E2F0865F6.d.4C8EA23A1CAA1BEC7CBA9444A33587ED.e.3858/click - {}
RESULT: {}
COMMAND: GET /session/edb7769f788cd4bc8c02fbd4b7269a59/screenshot - {}
RESULT: {}
COMMAND: POST /session/edb7769f788cd4bc8c02fbd4b7269a59/element - {"using":"xpath","value":"(//li[contains(text(), \"stock increase yard\")])[1]"}
RESULT: {"using":"xpath","value":"(//li[contains(text(), \"stock increase yard\")])[1]"}
COMMAND: POST /session/edb7769f788cd4bc8c02fbd4b7269a59/element/f.80861FA1C8F2A5B6E231BC1E2F0865F6.d.4C8EA23A1CAA1BEC7CBA9444A33587ED.e.3667/click - {}
RESULT: {}
COMMAND: GET /session/edb7769f788cd4bc8c02fbd4b7269a59/screenshot - {}
RESULT: {}
RESULT: undefined
COMMAND: POST /session/edb7769f788cd4bc8c02fbd4b7269a59/execute/async - {"script":"<script> [6424 bytes]","args":[{"element-6066-11e4-a52e-4f735466cecf":"f.80861FA1C8F2A5B6E231BC1E2F0865F6.d.4C8EA23A1CAA1BEC7CBA9444A33587ED.e.3669"},"setValue",["5/22/25"]]}
RESULT: {"script":"<script> [6424 bytes]","args":[{"element-6066-11e4-a52e-4f735466cecf":"f.80861FA1C8F2A5B6E231BC1E2F0865F6.d.4C8EA23A1CAA1BEC7CBA9444A33587ED.e.3669"},"setValue",["5/22/25"]]}
COMMAND: POST /session/edb7769f788cd4bc8c02fbd4b7269a59/element - {"using":"xpath","value":"//input[@id=\"generalSectionFrg--receiveYard-inner\"]"}
RESULT: {"using":"xpath","value":"//input[@id=\"generalSectionFrg--receiveYard-inner\"]"}
COMMAND: POST /session/edb7769f788cd4bc8c02fbd4b7269a59/element/f.80861FA1C8F2A5B6E231BC1E2F0865F6.d.4C8EA23A1CAA1BEC7CBA9444A33587ED.e.3673/clear - {}
RESULT: {}
COMMAND: POST /session/edb7769f788cd4bc8c02fbd4b7269a59/element/f.80861FA1C8F2A5B6E231BC1E2F0865F6.d.4C8EA23A1CAA1BEC7CBA9444A33587ED.e.3673/value - {"text":"109"}
COMMAND: GET /session/edb7769f788cd4bc8c02fbd4b7269a59/screenshot - {}
RESULT: {"text":"109"}
COMMAND: GET /session/edb7769f788cd4bc8c02fbd4b7269a59/screenshot - {}
RESULT: {}
RESULT: {}
COMMAND: POST /session/edb7769f788cd4bc8c02fbd4b7269a59/element - {"using":"xpath","value":"//li[.//span[text()='109']]"}
RESULT: {"using":"xpath","value":"//li[.//span[text()='109']]"}
COMMAND: POST /session/edb7769f788cd4bc8c02fbd4b7269a59/element/f.80861FA1C8F2A5B6E231BC1E2F0865F6.d.4C8EA23A1CAA1BEC7CBA9444A33587ED.e.3691/click - {}
RESULT: {}
COMMAND: GET /session/edb7769f788cd4bc8c02fbd4b7269a59/screenshot - {}
RESULT: {}
RESULT: undefined
COMMAND: POST /session/edb7769f788cd4bc8c02fbd4b7269a59/element - {"using":"xpath","value":"//*[@id=\"application-managehandovers-display-component---AddNewHO--ObjectPageLayout-anchBar-application-managehandovers-display-component---AddNewHO--section4-anchor\"]"}
RESULT: {"using":"xpath","value":"//*[@id=\"application-managehandovers-display-component---AddNewHO--ObjectPageLayout-anchBar-application-managehandovers-display-component---AddNewHO--section4-anchor\"]"}
COMMAND: POST /session/edb7769f788cd4bc8c02fbd4b7269a59/element/f.80861FA1C8F2A5B6E231BC1E2F0865F6.d.4C8EA23A1CAA1BEC7CBA9444A33587ED.e.3693/click - {}
RESULT: {}
COMMAND: POST /session/edb7769f788cd4bc8c02fbd4b7269a59/element - {"using":"xpath","value":"//button[@aria-label=\"Add\"]"}
COMMAND: GET /session/edb7769f788cd4bc8c02fbd4b7269a59/screenshot - {}
RESULT: {"using":"xpath","value":"//button[@aria-label=\"Add\"]"}
COMMAND: POST /session/edb7769f788cd4bc8c02fbd4b7269a59/element/f.80861FA1C8F2A5B6E231BC1E2F0865F6.d.4C8EA23A1CAA1BEC7CBA9444A33587ED.e.3695/click - {}
RESULT: {}
RESULT: {}
COMMAND: GET /session/edb7769f788cd4bc8c02fbd4b7269a59/screenshot - {}
RESULT: {}
RESULT: undefined
COMMAND: POST /session/edb7769f788cd4bc8c02fbd4b7269a59/execute/async - {"script":"<script> [776 bytes]","args":[{"enterText":"200397","selector":{"id":"application-managehandovers-display-component---AddNewHO--smartFilterBar-btnBasicSearch","searchOpenDialogs":true,"interaction":{"idSuffix":"I"}},"clearTextFirst":true,"interactionType":"ENTER_TEXT"}]}
RESULT: {"script":"<script> [776 bytes]","args":[{"enterText":"200397","selector":{"id":"application-managehandovers-display-component---AddNewHO--smartFilterBar-btnBasicSearch","searchOpenDialogs":true,"interaction":{"idSuffix":"I"}},"clearTextFirst":true,"interactionType":"ENTER_TEXT"}]}
COMMAND: POST /session/edb7769f788cd4bc8c02fbd4b7269a59/actions - {"actions":[{"id":"action20","type":"key","parameters":{},"actions":[{"type":"keyDown","value":""},{"type":"pause","duration":10},{"type":"keyUp","value":""}]}]}
RESULT: {"actions":[{"id":"action20","type":"key","parameters":{},"actions":[{"type":"keyDown","value":""},{"type":"pause","duration":10},{"type":"keyUp","value":""}]}]}
COMMAND: GET /session/edb7769f788cd4bc8c02fbd4b7269a59/screenshot - {}
RESULT: {}
RESULT: undefined
COMMAND: POST /session/edb7769f788cd4bc8c02fbd4b7269a59/element - {"using":"xpath","value":"//*[@id=\"application-managehandovers-display-component---AddNewHO--popup-sa\"]"}
RESULT: {"using":"xpath","value":"//*[@id=\"application-managehandovers-display-component---AddNewHO--popup-sa\"]"}
COMMAND: POST /session/edb7769f788cd4bc8c02fbd4b7269a59/element/f.80861FA1C8F2A5B6E231BC1E2F0865F6.d.4C8EA23A1CAA1BEC7CBA9444A33587ED.e.4009/click - {}
RESULT: {}
COMMAND: GET /session/edb7769f788cd4bc8c02fbd4b7269a59/screenshot - {}
RESULT: {}
COMMAND: POST /session/edb7769f788cd4bc8c02fbd4b7269a59/element - {"using":"xpath","value":"//bdi[contains(text(), \"Select\")]"}
RESULT: {"using":"xpath","value":"//bdi[contains(text(), \"Select\")]"}
COMMAND: POST /session/edb7769f788cd4bc8c02fbd4b7269a59/element/f.80861FA1C8F2A5B6E231BC1E2F0865F6.d.4C8EA23A1CAA1BEC7CBA9444A33587ED.e.4010/click - {}
RESULT: {}
COMMAND: GET /session/edb7769f788cd4bc8c02fbd4b7269a59/screenshot - {}
RESULT: {}
COMMAND: POST /session/edb7769f788cd4bc8c02fbd4b7269a59/element - {"using":"xpath","value":"//button[@data-kt=\"AddNewHOSaveButton\"]"}
RESULT: {"using":"xpath","value":"//button[@data-kt=\"AddNewHOSaveButton\"]"}
COMMAND: POST /session/edb7769f788cd4bc8c02fbd4b7269a59/element/f.80861FA1C8F2A5B6E231BC1E2F0865F6.d.4C8EA23A1CAA1BEC7CBA9444A33587ED.e.3852/click - {}
RESULT: {}
COMMAND: GET /session/edb7769f788cd4bc8c02fbd4b7269a59/screenshot - {}
RESULT: {}
RESULT: undefined
COMMAND: GET /session/edb7769f788cd4bc8c02fbd4b7269a59/screenshot - {}
RESULT: {}
]]></system-out>
      <system-err><![CDATA[
TypeError: receiptDate.setValue is not a function
    at UtilsPrerequisites.stockIncrease (D:\a\1\s\test\specs\BTS\prerequisites-and-utils-functions.js:1664:27)
    at async Context.<anonymous> (D:\a\1\s\test\specs\HTR\ru-inv-list-mass-state-change.spec.js:299:9)
]]></system-err>
    </testcase>
    <testcase classname="chrome.136_0_7103_93.windows.RU_Inventory_Mass_State_Change_Multiple_Items_US151066" name="Step 2 Should do a RU inventory mass state change on chosen yard 109 with the resources created one equipment one material the existing ones too" time="57.656">
      <failure/>
      <error message="element (&quot;//button[contains(@id, &quot;massStateBtn&quot;)]&quot;) still not existing after 45000ms"/>
      <system-out><![CDATA[
RESULT: undefined
COMMAND: POST /session/edb7769f788cd4bc8c02fbd4b7269a59/element - {"using":"xpath","value":"//*[@id=\"__tile99\"]"}
COMMAND: GET /session/edb7769f788cd4bc8c02fbd4b7269a59/screenshot - {}
RESULT: {"using":"xpath","value":"//*[@id=\"__tile99\"]"}
COMMAND: POST /session/edb7769f788cd4bc8c02fbd4b7269a59/element/f.80861FA1C8F2A5B6E231BC1E2F0865F6.d.4C8EA23A1CAA1BEC7CBA9444A33587ED.e.258/click - {}
RESULT: {}
COMMAND: POST /session/edb7769f788cd4bc8c02fbd4b7269a59/elements - {"using":"xpath","value":"//span[text()='Error']"}
RESULT: {"using":"xpath","value":"//span[text()='Error']"}
COMMAND: POST /session/edb7769f788cd4bc8c02fbd4b7269a59/elements - {"using":"xpath","value":"//*[text()='Close']"}
RESULT: {"using":"xpath","value":"//*[text()='Close']"}
COMMAND: GET /session/edb7769f788cd4bc8c02fbd4b7269a59/element/f.80861FA1C8F2A5B6E231BC1E2F0865F6.d.4C8EA23A1CAA1BEC7CBA9444A33587ED.e.4017/enabled - {}
RESULT: {}
COMMAND: POST /session/edb7769f788cd4bc8c02fbd4b7269a59/execute/sync - {"script":"<script> [8489 bytes]","args":[{"element-6066-11e4-a52e-4f735466cecf":"f.80861FA1C8F2A5B6E231BC1E2F0865F6.d.4C8EA23A1CAA1BEC7CBA9444A33587ED.e.4017","ELEMENT":"f.80861FA1C8F2A5B6E231BC1E2F0865F6.d.4C8EA23A1CAA1BEC7CBA9444A33587ED.e.4017"}]}
COMMAND: GET /session/edb7769f788cd4bc8c02fbd4b7269a59/screenshot - {}
RESULT: {"script":"<script> [8489 bytes]","args":[{"element-6066-11e4-a52e-4f735466cecf":"f.80861FA1C8F2A5B6E231BC1E2F0865F6.d.4C8EA23A1CAA1BEC7CBA9444A33587ED.e.4017","ELEMENT":"f.80861FA1C8F2A5B6E231BC1E2F0865F6.d.4C8EA23A1CAA1BEC7CBA9444A33587ED.e.4017"}]}
COMMAND: POST /session/edb7769f788cd4bc8c02fbd4b7269a59/execute/sync - {"script":"<script> [5351 bytes]","args":[{"element-6066-11e4-a52e-4f735466cecf":"f.80861FA1C8F2A5B6E231BC1E2F0865F6.d.4C8EA23A1CAA1BEC7CBA9444A33587ED.e.4017","ELEMENT":"f.80861FA1C8F2A5B6E231BC1E2F0865F6.d.4C8EA23A1CAA1BEC7CBA9444A33587ED.e.4017"}]}
COMMAND: GET /session/edb7769f788cd4bc8c02fbd4b7269a59/screenshot - {}
RESULT: {}
RESULT: {"script":"<script> [5351 bytes]","args":[{"element-6066-11e4-a52e-4f735466cecf":"f.80861FA1C8F2A5B6E231BC1E2F0865F6.d.4C8EA23A1CAA1BEC7CBA9444A33587ED.e.4017","ELEMENT":"f.80861FA1C8F2A5B6E231BC1E2F0865F6.d.4C8EA23A1CAA1BEC7CBA9444A33587ED.e.4017"}]}
COMMAND: POST /session/edb7769f788cd4bc8c02fbd4b7269a59/element/f.80861FA1C8F2A5B6E231BC1E2F0865F6.d.4C8EA23A1CAA1BEC7CBA9444A33587ED.e.4017/click - {}
COMMAND: GET /session/edb7769f788cd4bc8c02fbd4b7269a59/screenshot - {}
RESULT: {}
RESULT: {}
COMMAND: POST /session/edb7769f788cd4bc8c02fbd4b7269a59/elements - {"using":"xpath","value":"//*[text()='OK']"}
COMMAND: GET /session/edb7769f788cd4bc8c02fbd4b7269a59/screenshot - {}
RESULT: {}
RESULT: {}
RESULT: {"using":"xpath","value":"//*[text()='OK']"}
COMMAND: POST /session/edb7769f788cd4bc8c02fbd4b7269a59/element - {"using":"xpath","value":"//button[contains(@id, \"massStateBtn\")]"}
RESULT: {"using":"xpath","value":"//button[contains(@id, \"massStateBtn\")]"}
COMMAND: POST /session/edb7769f788cd4bc8c02fbd4b7269a59/elements - {"using":"xpath","value":"//button[contains(@id, \"massStateBtn\")]"}
RESULT: {"using":"xpath","value":"//button[contains(@id, \"massStateBtn\")]"}
COMMAND: POST /session/edb7769f788cd4bc8c02fbd4b7269a59/elements - {"using":"xpath","value":"//button[contains(@id, \"massStateBtn\")]"}
RESULT: {"using":"xpath","value":"//button[contains(@id, \"massStateBtn\")]"}
COMMAND: POST /session/edb7769f788cd4bc8c02fbd4b7269a59/elements - {"using":"xpath","value":"//button[contains(@id, \"massStateBtn\")]"}
RESULT: {"using":"xpath","value":"//button[contains(@id, \"massStateBtn\")]"}
COMMAND: POST /session/edb7769f788cd4bc8c02fbd4b7269a59/elements - {"using":"xpath","value":"//button[contains(@id, \"massStateBtn\")]"}
RESULT: {"using":"xpath","value":"//button[contains(@id, \"massStateBtn\")]"}
COMMAND: POST /session/edb7769f788cd4bc8c02fbd4b7269a59/elements - {"using":"xpath","value":"//button[contains(@id, \"massStateBtn\")]"}
RESULT: {"using":"xpath","value":"//button[contains(@id, \"massStateBtn\")]"}
COMMAND: POST /session/edb7769f788cd4bc8c02fbd4b7269a59/elements - {"using":"xpath","value":"//button[contains(@id, \"massStateBtn\")]"}
RESULT: {"using":"xpath","value":"//button[contains(@id, \"massStateBtn\")]"}
COMMAND: POST /session/edb7769f788cd4bc8c02fbd4b7269a59/elements - {"using":"xpath","value":"//button[contains(@id, \"massStateBtn\")]"}
RESULT: {"using":"xpath","value":"//button[contains(@id, \"massStateBtn\")]"}
COMMAND: POST /session/edb7769f788cd4bc8c02fbd4b7269a59/elements - {"using":"xpath","value":"//button[contains(@id, \"massStateBtn\")]"}
RESULT: {"using":"xpath","value":"//button[contains(@id, \"massStateBtn\")]"}
COMMAND: POST /session/edb7769f788cd4bc8c02fbd4b7269a59/elements - {"using":"xpath","value":"//button[contains(@id, \"massStateBtn\")]"}
RESULT: {"using":"xpath","value":"//button[contains(@id, \"massStateBtn\")]"}
COMMAND: POST /session/edb7769f788cd4bc8c02fbd4b7269a59/elements - {"using":"xpath","value":"//button[contains(@id, \"massStateBtn\")]"}
RESULT: {"using":"xpath","value":"//button[contains(@id, \"massStateBtn\")]"}
COMMAND: POST /session/edb7769f788cd4bc8c02fbd4b7269a59/elements - {"using":"xpath","value":"//button[contains(@id, \"massStateBtn\")]"}
RESULT: {"using":"xpath","value":"//button[contains(@id, \"massStateBtn\")]"}
COMMAND: POST /session/edb7769f788cd4bc8c02fbd4b7269a59/elements - {"using":"xpath","value":"//button[contains(@id, \"massStateBtn\")]"}
RESULT: {"using":"xpath","value":"//button[contains(@id, \"massStateBtn\")]"}
COMMAND: POST /session/edb7769f788cd4bc8c02fbd4b7269a59/elements - {"using":"xpath","value":"//button[contains(@id, \"massStateBtn\")]"}
RESULT: {"using":"xpath","value":"//button[contains(@id, \"massStateBtn\")]"}
COMMAND: POST /session/edb7769f788cd4bc8c02fbd4b7269a59/elements - {"using":"xpath","value":"//button[contains(@id, \"massStateBtn\")]"}
RESULT: {"using":"xpath","value":"//button[contains(@id, \"massStateBtn\")]"}
COMMAND: POST /session/edb7769f788cd4bc8c02fbd4b7269a59/elements - {"using":"xpath","value":"//button[contains(@id, \"massStateBtn\")]"}
RESULT: {"using":"xpath","value":"//button[contains(@id, \"massStateBtn\")]"}
COMMAND: POST /session/edb7769f788cd4bc8c02fbd4b7269a59/elements - {"using":"xpath","value":"//button[contains(@id, \"massStateBtn\")]"}
RESULT: {"using":"xpath","value":"//button[contains(@id, \"massStateBtn\")]"}
COMMAND: POST /session/edb7769f788cd4bc8c02fbd4b7269a59/elements - {"using":"xpath","value":"//button[contains(@id, \"massStateBtn\")]"}
RESULT: {"using":"xpath","value":"//button[contains(@id, \"massStateBtn\")]"}
COMMAND: POST /session/edb7769f788cd4bc8c02fbd4b7269a59/elements - {"using":"xpath","value":"//button[contains(@id, \"massStateBtn\")]"}
RESULT: {"using":"xpath","value":"//button[contains(@id, \"massStateBtn\")]"}
COMMAND: POST /session/edb7769f788cd4bc8c02fbd4b7269a59/elements - {"using":"xpath","value":"//button[contains(@id, \"massStateBtn\")]"}
RESULT: {"using":"xpath","value":"//button[contains(@id, \"massStateBtn\")]"}
COMMAND: POST /session/edb7769f788cd4bc8c02fbd4b7269a59/elements - {"using":"xpath","value":"//button[contains(@id, \"massStateBtn\")]"}
RESULT: {"using":"xpath","value":"//button[contains(@id, \"massStateBtn\")]"}
COMMAND: POST /session/edb7769f788cd4bc8c02fbd4b7269a59/elements - {"using":"xpath","value":"//button[contains(@id, \"massStateBtn\")]"}
RESULT: {"using":"xpath","value":"//button[contains(@id, \"massStateBtn\")]"}
COMMAND: POST /session/edb7769f788cd4bc8c02fbd4b7269a59/elements - {"using":"xpath","value":"//button[contains(@id, \"massStateBtn\")]"}
RESULT: {"using":"xpath","value":"//button[contains(@id, \"massStateBtn\")]"}
COMMAND: POST /session/edb7769f788cd4bc8c02fbd4b7269a59/elements - {"using":"xpath","value":"//button[contains(@id, \"massStateBtn\")]"}
RESULT: {"using":"xpath","value":"//button[contains(@id, \"massStateBtn\")]"}
COMMAND: POST /session/edb7769f788cd4bc8c02fbd4b7269a59/elements - {"using":"xpath","value":"//button[contains(@id, \"massStateBtn\")]"}
RESULT: {"using":"xpath","value":"//button[contains(@id, \"massStateBtn\")]"}
COMMAND: POST /session/edb7769f788cd4bc8c02fbd4b7269a59/elements - {"using":"xpath","value":"//button[contains(@id, \"massStateBtn\")]"}
RESULT: {"using":"xpath","value":"//button[contains(@id, \"massStateBtn\")]"}
COMMAND: POST /session/edb7769f788cd4bc8c02fbd4b7269a59/elements - {"using":"xpath","value":"//button[contains(@id, \"massStateBtn\")]"}
RESULT: {"using":"xpath","value":"//button[contains(@id, \"massStateBtn\")]"}
COMMAND: POST /session/edb7769f788cd4bc8c02fbd4b7269a59/elements - {"using":"xpath","value":"//button[contains(@id, \"massStateBtn\")]"}
RESULT: {"using":"xpath","value":"//button[contains(@id, \"massStateBtn\")]"}
COMMAND: POST /session/edb7769f788cd4bc8c02fbd4b7269a59/elements - {"using":"xpath","value":"//button[contains(@id, \"massStateBtn\")]"}
RESULT: {"using":"xpath","value":"//button[contains(@id, \"massStateBtn\")]"}
COMMAND: POST /session/edb7769f788cd4bc8c02fbd4b7269a59/elements - {"using":"xpath","value":"//button[contains(@id, \"massStateBtn\")]"}
RESULT: {"using":"xpath","value":"//button[contains(@id, \"massStateBtn\")]"}
COMMAND: POST /session/edb7769f788cd4bc8c02fbd4b7269a59/elements - {"using":"xpath","value":"//button[contains(@id, \"massStateBtn\")]"}
RESULT: {"using":"xpath","value":"//button[contains(@id, \"massStateBtn\")]"}
COMMAND: POST /session/edb7769f788cd4bc8c02fbd4b7269a59/elements - {"using":"xpath","value":"//button[contains(@id, \"massStateBtn\")]"}
RESULT: {"using":"xpath","value":"//button[contains(@id, \"massStateBtn\")]"}
COMMAND: POST /session/edb7769f788cd4bc8c02fbd4b7269a59/elements - {"using":"xpath","value":"//button[contains(@id, \"massStateBtn\")]"}
RESULT: {"using":"xpath","value":"//button[contains(@id, \"massStateBtn\")]"}
COMMAND: POST /session/edb7769f788cd4bc8c02fbd4b7269a59/elements - {"using":"xpath","value":"//button[contains(@id, \"massStateBtn\")]"}
RESULT: {"using":"xpath","value":"//button[contains(@id, \"massStateBtn\")]"}
COMMAND: POST /session/edb7769f788cd4bc8c02fbd4b7269a59/elements - {"using":"xpath","value":"//button[contains(@id, \"massStateBtn\")]"}
RESULT: {"using":"xpath","value":"//button[contains(@id, \"massStateBtn\")]"}
COMMAND: POST /session/edb7769f788cd4bc8c02fbd4b7269a59/elements - {"using":"xpath","value":"//button[contains(@id, \"massStateBtn\")]"}
RESULT: {"using":"xpath","value":"//button[contains(@id, \"massStateBtn\")]"}
COMMAND: POST /session/edb7769f788cd4bc8c02fbd4b7269a59/elements - {"using":"xpath","value":"//button[contains(@id, \"massStateBtn\")]"}
RESULT: {"using":"xpath","value":"//button[contains(@id, \"massStateBtn\")]"}
COMMAND: POST /session/edb7769f788cd4bc8c02fbd4b7269a59/elements - {"using":"xpath","value":"//button[contains(@id, \"massStateBtn\")]"}
RESULT: {"using":"xpath","value":"//button[contains(@id, \"massStateBtn\")]"}
COMMAND: POST /session/edb7769f788cd4bc8c02fbd4b7269a59/elements - {"using":"xpath","value":"//button[contains(@id, \"massStateBtn\")]"}
RESULT: {"using":"xpath","value":"//button[contains(@id, \"massStateBtn\")]"}
COMMAND: POST /session/edb7769f788cd4bc8c02fbd4b7269a59/elements - {"using":"xpath","value":"//button[contains(@id, \"massStateBtn\")]"}
RESULT: {"using":"xpath","value":"//button[contains(@id, \"massStateBtn\")]"}
COMMAND: POST /session/edb7769f788cd4bc8c02fbd4b7269a59/elements - {"using":"xpath","value":"//button[contains(@id, \"massStateBtn\")]"}
RESULT: {"using":"xpath","value":"//button[contains(@id, \"massStateBtn\")]"}
COMMAND: POST /session/edb7769f788cd4bc8c02fbd4b7269a59/elements - {"using":"xpath","value":"//button[contains(@id, \"massStateBtn\")]"}
RESULT: {"using":"xpath","value":"//button[contains(@id, \"massStateBtn\")]"}
COMMAND: POST /session/edb7769f788cd4bc8c02fbd4b7269a59/elements - {"using":"xpath","value":"//button[contains(@id, \"massStateBtn\")]"}
RESULT: {"using":"xpath","value":"//button[contains(@id, \"massStateBtn\")]"}
COMMAND: POST /session/edb7769f788cd4bc8c02fbd4b7269a59/elements - {"using":"xpath","value":"//button[contains(@id, \"massStateBtn\")]"}
RESULT: {"using":"xpath","value":"//button[contains(@id, \"massStateBtn\")]"}
COMMAND: POST /session/edb7769f788cd4bc8c02fbd4b7269a59/elements - {"using":"xpath","value":"//button[contains(@id, \"massStateBtn\")]"}
RESULT: {"using":"xpath","value":"//button[contains(@id, \"massStateBtn\")]"}
COMMAND: POST /session/edb7769f788cd4bc8c02fbd4b7269a59/elements - {"using":"xpath","value":"//button[contains(@id, \"massStateBtn\")]"}
RESULT: {"using":"xpath","value":"//button[contains(@id, \"massStateBtn\")]"}
COMMAND: POST /session/edb7769f788cd4bc8c02fbd4b7269a59/elements - {"using":"xpath","value":"//button[contains(@id, \"massStateBtn\")]"}
RESULT: {"using":"xpath","value":"//button[contains(@id, \"massStateBtn\")]"}
COMMAND: POST /session/edb7769f788cd4bc8c02fbd4b7269a59/elements - {"using":"xpath","value":"//button[contains(@id, \"massStateBtn\")]"}
RESULT: {"using":"xpath","value":"//button[contains(@id, \"massStateBtn\")]"}
COMMAND: POST /session/edb7769f788cd4bc8c02fbd4b7269a59/elements - {"using":"xpath","value":"//button[contains(@id, \"massStateBtn\")]"}
RESULT: {"using":"xpath","value":"//button[contains(@id, \"massStateBtn\")]"}
COMMAND: POST /session/edb7769f788cd4bc8c02fbd4b7269a59/elements - {"using":"xpath","value":"//button[contains(@id, \"massStateBtn\")]"}
RESULT: {"using":"xpath","value":"//button[contains(@id, \"massStateBtn\")]"}
COMMAND: POST /session/edb7769f788cd4bc8c02fbd4b7269a59/elements - {"using":"xpath","value":"//button[contains(@id, \"massStateBtn\")]"}
RESULT: {"using":"xpath","value":"//button[contains(@id, \"massStateBtn\")]"}
COMMAND: POST /session/edb7769f788cd4bc8c02fbd4b7269a59/elements - {"using":"xpath","value":"//button[contains(@id, \"massStateBtn\")]"}
RESULT: {"using":"xpath","value":"//button[contains(@id, \"massStateBtn\")]"}
COMMAND: POST /session/edb7769f788cd4bc8c02fbd4b7269a59/elements - {"using":"xpath","value":"//button[contains(@id, \"massStateBtn\")]"}
RESULT: {"using":"xpath","value":"//button[contains(@id, \"massStateBtn\")]"}
COMMAND: POST /session/edb7769f788cd4bc8c02fbd4b7269a59/elements - {"using":"xpath","value":"//button[contains(@id, \"massStateBtn\")]"}
RESULT: {"using":"xpath","value":"//button[contains(@id, \"massStateBtn\")]"}
COMMAND: POST /session/edb7769f788cd4bc8c02fbd4b7269a59/elements - {"using":"xpath","value":"//button[contains(@id, \"massStateBtn\")]"}
RESULT: {"using":"xpath","value":"//button[contains(@id, \"massStateBtn\")]"}
COMMAND: POST /session/edb7769f788cd4bc8c02fbd4b7269a59/elements - {"using":"xpath","value":"//button[contains(@id, \"massStateBtn\")]"}
RESULT: {"using":"xpath","value":"//button[contains(@id, \"massStateBtn\")]"}
COMMAND: POST /session/edb7769f788cd4bc8c02fbd4b7269a59/elements - {"using":"xpath","value":"//button[contains(@id, \"massStateBtn\")]"}
RESULT: {"using":"xpath","value":"//button[contains(@id, \"massStateBtn\")]"}
COMMAND: POST /session/edb7769f788cd4bc8c02fbd4b7269a59/elements - {"using":"xpath","value":"//button[contains(@id, \"massStateBtn\")]"}
RESULT: {"using":"xpath","value":"//button[contains(@id, \"massStateBtn\")]"}
COMMAND: POST /session/edb7769f788cd4bc8c02fbd4b7269a59/elements - {"using":"xpath","value":"//button[contains(@id, \"massStateBtn\")]"}
RESULT: {"using":"xpath","value":"//button[contains(@id, \"massStateBtn\")]"}
COMMAND: POST /session/edb7769f788cd4bc8c02fbd4b7269a59/elements - {"using":"xpath","value":"//button[contains(@id, \"massStateBtn\")]"}
RESULT: {"using":"xpath","value":"//button[contains(@id, \"massStateBtn\")]"}
COMMAND: POST /session/edb7769f788cd4bc8c02fbd4b7269a59/elements - {"using":"xpath","value":"//button[contains(@id, \"massStateBtn\")]"}
RESULT: {"using":"xpath","value":"//button[contains(@id, \"massStateBtn\")]"}
COMMAND: POST /session/edb7769f788cd4bc8c02fbd4b7269a59/elements - {"using":"xpath","value":"//button[contains(@id, \"massStateBtn\")]"}
RESULT: {"using":"xpath","value":"//button[contains(@id, \"massStateBtn\")]"}
COMMAND: POST /session/edb7769f788cd4bc8c02fbd4b7269a59/elements - {"using":"xpath","value":"//button[contains(@id, \"massStateBtn\")]"}
RESULT: {"using":"xpath","value":"//button[contains(@id, \"massStateBtn\")]"}
COMMAND: POST /session/edb7769f788cd4bc8c02fbd4b7269a59/elements - {"using":"xpath","value":"//button[contains(@id, \"massStateBtn\")]"}
RESULT: {"using":"xpath","value":"//button[contains(@id, \"massStateBtn\")]"}
COMMAND: POST /session/edb7769f788cd4bc8c02fbd4b7269a59/elements - {"using":"xpath","value":"//button[contains(@id, \"massStateBtn\")]"}
RESULT: {"using":"xpath","value":"//button[contains(@id, \"massStateBtn\")]"}
COMMAND: POST /session/edb7769f788cd4bc8c02fbd4b7269a59/elements - {"using":"xpath","value":"//button[contains(@id, \"massStateBtn\")]"}
RESULT: {"using":"xpath","value":"//button[contains(@id, \"massStateBtn\")]"}
COMMAND: POST /session/edb7769f788cd4bc8c02fbd4b7269a59/elements - {"using":"xpath","value":"//button[contains(@id, \"massStateBtn\")]"}
RESULT: {"using":"xpath","value":"//button[contains(@id, \"massStateBtn\")]"}
COMMAND: POST /session/edb7769f788cd4bc8c02fbd4b7269a59/elements - {"using":"xpath","value":"//button[contains(@id, \"massStateBtn\")]"}
RESULT: {"using":"xpath","value":"//button[contains(@id, \"massStateBtn\")]"}
COMMAND: POST /session/edb7769f788cd4bc8c02fbd4b7269a59/elements - {"using":"xpath","value":"//button[contains(@id, \"massStateBtn\")]"}
RESULT: {"using":"xpath","value":"//button[contains(@id, \"massStateBtn\")]"}
COMMAND: POST /session/edb7769f788cd4bc8c02fbd4b7269a59/elements - {"using":"xpath","value":"//button[contains(@id, \"massStateBtn\")]"}
RESULT: {"using":"xpath","value":"//button[contains(@id, \"massStateBtn\")]"}
COMMAND: POST /session/edb7769f788cd4bc8c02fbd4b7269a59/elements - {"using":"xpath","value":"//button[contains(@id, \"massStateBtn\")]"}
RESULT: {"using":"xpath","value":"//button[contains(@id, \"massStateBtn\")]"}
COMMAND: POST /session/edb7769f788cd4bc8c02fbd4b7269a59/elements - {"using":"xpath","value":"//button[contains(@id, \"massStateBtn\")]"}
RESULT: {"using":"xpath","value":"//button[contains(@id, \"massStateBtn\")]"}
COMMAND: POST /session/edb7769f788cd4bc8c02fbd4b7269a59/elements - {"using":"xpath","value":"//button[contains(@id, \"massStateBtn\")]"}
RESULT: {"using":"xpath","value":"//button[contains(@id, \"massStateBtn\")]"}
COMMAND: POST /session/edb7769f788cd4bc8c02fbd4b7269a59/elements - {"using":"xpath","value":"//button[contains(@id, \"massStateBtn\")]"}
RESULT: {"using":"xpath","value":"//button[contains(@id, \"massStateBtn\")]"}
COMMAND: POST /session/edb7769f788cd4bc8c02fbd4b7269a59/elements - {"using":"xpath","value":"//button[contains(@id, \"massStateBtn\")]"}
RESULT: {"using":"xpath","value":"//button[contains(@id, \"massStateBtn\")]"}
COMMAND: POST /session/edb7769f788cd4bc8c02fbd4b7269a59/elements - {"using":"xpath","value":"//button[contains(@id, \"massStateBtn\")]"}
RESULT: {"using":"xpath","value":"//button[contains(@id, \"massStateBtn\")]"}
COMMAND: POST /session/edb7769f788cd4bc8c02fbd4b7269a59/elements - {"using":"xpath","value":"//button[contains(@id, \"massStateBtn\")]"}
RESULT: {"using":"xpath","value":"//button[contains(@id, \"massStateBtn\")]"}
COMMAND: POST /session/edb7769f788cd4bc8c02fbd4b7269a59/elements - {"using":"xpath","value":"//button[contains(@id, \"massStateBtn\")]"}
RESULT: {"using":"xpath","value":"//button[contains(@id, \"massStateBtn\")]"}
COMMAND: POST /session/edb7769f788cd4bc8c02fbd4b7269a59/elements - {"using":"xpath","value":"//button[contains(@id, \"massStateBtn\")]"}
RESULT: {"using":"xpath","value":"//button[contains(@id, \"massStateBtn\")]"}
COMMAND: POST /session/edb7769f788cd4bc8c02fbd4b7269a59/elements - {"using":"xpath","value":"//button[contains(@id, \"massStateBtn\")]"}
RESULT: {"using":"xpath","value":"//button[contains(@id, \"massStateBtn\")]"}
COMMAND: POST /session/edb7769f788cd4bc8c02fbd4b7269a59/elements - {"using":"xpath","value":"//button[contains(@id, \"massStateBtn\")]"}
RESULT: {"using":"xpath","value":"//button[contains(@id, \"massStateBtn\")]"}
COMMAND: POST /session/edb7769f788cd4bc8c02fbd4b7269a59/elements - {"using":"xpath","value":"//button[contains(@id, \"massStateBtn\")]"}
RESULT: {"using":"xpath","value":"//button[contains(@id, \"massStateBtn\")]"}
COMMAND: POST /session/edb7769f788cd4bc8c02fbd4b7269a59/elements - {"using":"xpath","value":"//button[contains(@id, \"massStateBtn\")]"}
RESULT: {"using":"xpath","value":"//button[contains(@id, \"massStateBtn\")]"}
COMMAND: POST /session/edb7769f788cd4bc8c02fbd4b7269a59/elements - {"using":"xpath","value":"//button[contains(@id, \"massStateBtn\")]"}
RESULT: {"using":"xpath","value":"//button[contains(@id, \"massStateBtn\")]"}
COMMAND: POST /session/edb7769f788cd4bc8c02fbd4b7269a59/elements - {"using":"xpath","value":"//button[contains(@id, \"massStateBtn\")]"}
RESULT: {"using":"xpath","value":"//button[contains(@id, \"massStateBtn\")]"}
COMMAND: POST /session/edb7769f788cd4bc8c02fbd4b7269a59/elements - {"using":"xpath","value":"//button[contains(@id, \"massStateBtn\")]"}
RESULT: {"using":"xpath","value":"//button[contains(@id, \"massStateBtn\")]"}
COMMAND: POST /session/edb7769f788cd4bc8c02fbd4b7269a59/elements - {"using":"xpath","value":"//button[contains(@id, \"massStateBtn\")]"}
RESULT: {"using":"xpath","value":"//button[contains(@id, \"massStateBtn\")]"}
COMMAND: POST /session/edb7769f788cd4bc8c02fbd4b7269a59/elements - {"using":"xpath","value":"//button[contains(@id, \"massStateBtn\")]"}
RESULT: {"using":"xpath","value":"//button[contains(@id, \"massStateBtn\")]"}
COMMAND: POST /session/edb7769f788cd4bc8c02fbd4b7269a59/elements - {"using":"xpath","value":"//button[contains(@id, \"massStateBtn\")]"}
RESULT: {"using":"xpath","value":"//button[contains(@id, \"massStateBtn\")]"}
COMMAND: POST /session/edb7769f788cd4bc8c02fbd4b7269a59/elements - {"using":"xpath","value":"//button[contains(@id, \"massStateBtn\")]"}
RESULT: {"using":"xpath","value":"//button[contains(@id, \"massStateBtn\")]"}
COMMAND: POST /session/edb7769f788cd4bc8c02fbd4b7269a59/elements - {"using":"xpath","value":"//button[contains(@id, \"massStateBtn\")]"}
RESULT: {"using":"xpath","value":"//button[contains(@id, \"massStateBtn\")]"}
COMMAND: POST /session/edb7769f788cd4bc8c02fbd4b7269a59/elements - {"using":"xpath","value":"//button[contains(@id, \"massStateBtn\")]"}
COMMAND: GET /session/edb7769f788cd4bc8c02fbd4b7269a59/screenshot - {}
RESULT: {"using":"xpath","value":"//button[contains(@id, \"massStateBtn\")]"}
RESULT: {}
COMMAND: GET /session/edb7769f788cd4bc8c02fbd4b7269a59/screenshot - {}
COMMAND: GET /session/edb7769f788cd4bc8c02fbd4b7269a59/screenshot - {}
RESULT: {}
RESULT: {}
COMMAND: DELETE /session/edb7769f788cd4bc8c02fbd4b7269a59 - {}
RESULT: {}
]]></system-out>
      <system-err><![CDATA[
Error: element ("//button[contains(@id, "massStateBtn")]") still not existing after 45000ms
    at async Context.<anonymous> (D:\a\1\s\test\specs\HTR\ru-inv-list-mass-state-change.spec.js:345:9)
]]></system-err>
    </testcase>
  </testsuite>
</testsuites>