<?xml version="1.0" encoding="UTF-8"?>
<testsuites tests="23" failures="2" errors="2" skipped="0">
  <testsuite timestamp="2025-05-14T06:01:17" time="1045.903" tests="6" failures="0" errors="0" skipped="0">
    <properties>
      <property name="specId" value="0" />
      <property name="suiteName" value="Standard contract - add contract items by Insert Request US118222" />
      <property name="capabilities" value="chrome.136_0_7103_49.windows" />
      <property name="file" value="file:///D:/a/1/s/test/specs/R2C/standard-contract-add-contract-items-by-insert-request.spec.js" />
    </properties>
    <testcase classname="chrome.136_0_7103_49.windows.Standard_contract_-_add_contract_items_by_Insert_Request_US118222" name="Should create prerequisites yard partner site material and equipment" time="289.76">
      <system-out><![CDATA[
COMMAND: POST /session/5fe08db6bd73095dce541d1489fc13fd/execute/async - {"script":"<script> [1562 bytes]","args":[{"selector":{"controlType":"sap.m.GenericTile","properties":{"header":"Manage Yards"}},"wdio_ui5_key":"sapm.GenericTile{\"header\":\"Manage Yards\"}"}]}
RESULT: {"script":"<script> [1562 bytes]","args":[{"selector":{"controlType":"sap.m.GenericTile","properties":{"header":"Manage Yards"}},"wdio_ui5_key":"sapm.GenericTile{\"header\":\"Manage Yards\"}"}]}
RESULT: undefined
COMMAND: POST /session/5fe08db6bd73095dce541d1489fc13fd/element - {"using":"xpath","value":"//*[@id=\"__tile41\"]"}
RESULT: {"using":"xpath","value":"//*[@id=\"__tile41\"]"}
COMMAND: POST /session/5fe08db6bd73095dce541d1489fc13fd/element/f.084301A5A664EC2A1657BC720E998331.d.A3ADA89581E4840D9B86F53BEC07B349.e.116/click - {}
RESULT: {}
COMMAND: GET /session/5fe08db6bd73095dce541d1489fc13fd/screenshot - {}
RESULT: {}
COMMAND: POST /session/5fe08db6bd73095dce541d1489fc13fd/elements - {"using":"xpath","value":"//span[text()='Error']"}
RESULT: {"using":"xpath","value":"//span[text()='Error']"}
COMMAND: POST /session/5fe08db6bd73095dce541d1489fc13fd/execute/async - {"script":"<script> [1562 bytes]","args":[{"selector":{"controlType":"sap.ui.core.Icon","viewName":"etm.portal.ui.manageyards.view.Master","viewId":"application-manageyards-display-component---masterYard","properties":{"src":{"regex":{"source":"add"}}}},"wdio_ui5_key":"etmportal.ui.manageyards.view.Mastersap.ui.core.Icon{\"src\":{\"regex\":{\"source\":\"add\"}}}"}]}
RESULT: {"script":"<script> [1562 bytes]","args":[{"selector":{"controlType":"sap.ui.core.Icon","viewName":"etm.portal.ui.manageyards.view.Master","viewId":"application-manageyards-display-component---masterYard","properties":{"src":{"regex":{"source":"add"}}}},"wdio_ui5_key":"etmportal.ui.manageyards.view.Mastersap.ui.core.Icon{\"src\":{\"regex\":{\"source\":\"add\"}}}"}]}
RESULT: undefined
COMMAND: POST /session/5fe08db6bd73095dce541d1489fc13fd/element - {"using":"xpath","value":"//*[@id=\"__button4-img\"]"}
RESULT: {"using":"xpath","value":"//*[@id=\"__button4-img\"]"}
COMMAND: POST /session/5fe08db6bd73095dce541d1489fc13fd/element/f.084301A5A664EC2A1657BC720E998331.d.A3ADA89581E4840D9B86F53BEC07B349.e.163/click - {}
RESULT: {}
COMMAND: GET /session/5fe08db6bd73095dce541d1489fc13fd/screenshot - {}
RESULT: {}
COMMAND: POST /session/5fe08db6bd73095dce541d1489fc13fd/execute/async - {"script":"<script> [1562 bytes]","args":[{"selector":{"id":"application-manageyards-display-component---NewYard--yardId","interaction":{"idSuffix":"inner"}},"wdio_ui5_key":"applicationmanageyards-display-component---NewYard--yardId"}]}
RESULT: {"script":"<script> [1562 bytes]","args":[{"selector":{"id":"application-manageyards-display-component---NewYard--yardId","interaction":{"idSuffix":"inner"}},"wdio_ui5_key":"applicationmanageyards-display-component---NewYard--yardId"}]}
RESULT: undefined
COMMAND: POST /session/5fe08db6bd73095dce541d1489fc13fd/element - {"using":"xpath","value":"//*[@id=\"application-manageyards-display-component---NewYard--addressDetailDetailsName1-inner\"]"}
RESULT: {"using":"xpath","value":"//*[@id=\"application-manageyards-display-component---NewYard--addressDetailDetailsName1-inner\"]"}
COMMAND: POST /session/5fe08db6bd73095dce541d1489fc13fd/element/f.084301A5A664EC2A1657BC720E998331.d.A3ADA89581E4840D9B86F53BEC07B349.e.295/clear - {}
RESULT: {}
COMMAND: POST /session/5fe08db6bd73095dce541d1489fc13fd/element/f.084301A5A664EC2A1657BC720E998331.d.A3ADA89581E4840D9B86F53BEC07B349.e.295/value - {"text":"WebdriverYardekikt"}
COMMAND: GET /session/5fe08db6bd73095dce541d1489fc13fd/screenshot - {}
RESULT: {"text":"WebdriverYardekikt"}
COMMAND: POST /session/5fe08db6bd73095dce541d1489fc13fd/element - {"using":"xpath","value":"//*[@id=\"application-manageyards-display-component---NewYard--addressDetailDetailsLanguage-inner\"]"}
COMMAND: GET /session/5fe08db6bd73095dce541d1489fc13fd/screenshot - {}
RESULT: {}
RESULT: {"using":"xpath","value":"//*[@id=\"application-manageyards-display-component---NewYard--addressDetailDetailsLanguage-inner\"]"}
COMMAND: POST /session/5fe08db6bd73095dce541d1489fc13fd/element/f.084301A5A664EC2A1657BC720E998331.d.A3ADA89581E4840D9B86F53BEC07B349.e.296/clear - {}
RESULT: {}
RESULT: {}
COMMAND: POST /session/5fe08db6bd73095dce541d1489fc13fd/element/f.084301A5A664EC2A1657BC720E998331.d.A3ADA89581E4840D9B86F53BEC07B349.e.296/value - {"text":"Romanian"}
COMMAND: GET /session/5fe08db6bd73095dce541d1489fc13fd/screenshot - {}
RESULT: {"text":"Romanian"}
COMMAND: POST /session/5fe08db6bd73095dce541d1489fc13fd/element - {"using":"xpath","value":"//input[contains(@id ,\"application-manageyards-display-component---NewYard--addressDetailDetailsName1-inner\")]"}
COMMAND: GET /session/5fe08db6bd73095dce541d1489fc13fd/screenshot - {}
RESULT: {}
RESULT: {"using":"xpath","value":"//input[contains(@id ,\"application-manageyards-display-component---NewYard--addressDetailDetailsName1-inner\")]"}
COMMAND: GET /session/5fe08db6bd73095dce541d1489fc13fd/element/f.084301A5A664EC2A1657BC720E998331.d.A3ADA89581E4840D9B86F53BEC07B349.e.295/property/value - {}
RESULT: {}
RESULT: {}
COMMAND: GET /session/5fe08db6bd73095dce541d1489fc13fd/screenshot - {}
RESULT: {}
COMMAND: POST /session/5fe08db6bd73095dce541d1489fc13fd/element - {"using":"xpath","value":"//*[@id=\"application-manageyards-display-component---NewYard--addressDetailDetailsCity1-inner\"]"}
RESULT: {"using":"xpath","value":"//*[@id=\"application-manageyards-display-component---NewYard--addressDetailDetailsCity1-inner\"]"}
COMMAND: POST /session/5fe08db6bd73095dce541d1489fc13fd/element/f.084301A5A664EC2A1657BC720E998331.d.A3ADA89581E4840D9B86F53BEC07B349.e.298/clear - {}
RESULT: {}
COMMAND: POST /session/5fe08db6bd73095dce541d1489fc13fd/element/f.084301A5A664EC2A1657BC720E998331.d.A3ADA89581E4840D9B86F53BEC07B349.e.298/value - {"text":"Bucuresti"}
COMMAND: GET /session/5fe08db6bd73095dce541d1489fc13fd/screenshot - {}
RESULT: {"text":"Bucuresti"}
COMMAND: GET /session/5fe08db6bd73095dce541d1489fc13fd/screenshot - {}
RESULT: {}
RESULT: {}
COMMAND: POST /session/5fe08db6bd73095dce541d1489fc13fd/element - {"using":"xpath","value":"//*[@id=\"application-manageyards-display-component---NewYard--addressDetailDetailsCountry-inner\"]"}
RESULT: {"using":"xpath","value":"//*[@id=\"application-manageyards-display-component---NewYard--addressDetailDetailsCountry-inner\"]"}
COMMAND: POST /session/5fe08db6bd73095dce541d1489fc13fd/element/f.084301A5A664EC2A1657BC720E998331.d.A3ADA89581E4840D9B86F53BEC07B349.e.302/clear - {}
RESULT: {}
COMMAND: POST /session/5fe08db6bd73095dce541d1489fc13fd/element/f.084301A5A664EC2A1657BC720E998331.d.A3ADA89581E4840D9B86F53BEC07B349.e.302/value - {"text":"Romania"}
COMMAND: GET /session/5fe08db6bd73095dce541d1489fc13fd/screenshot - {}
RESULT: {"text":"Romania"}
COMMAND: GET /session/5fe08db6bd73095dce541d1489fc13fd/screenshot - {}
RESULT: {}
RESULT: {}
COMMAND: POST /session/5fe08db6bd73095dce541d1489fc13fd/element - {"using":"xpath","value":"//div[contains(text(), \"Commercial\")]"}
RESULT: {"using":"xpath","value":"//div[contains(text(), \"Commercial\")]"}
COMMAND: GET /session/5fe08db6bd73095dce541d1489fc13fd/element/f.084301A5A664EC2A1657BC720E998331.d.A3ADA89581E4840D9B86F53BEC07B349.e.573/rect - {}
RESULT: {}
COMMAND: GET /session/5fe08db6bd73095dce541d1489fc13fd/window/rect - {}
RESULT: {}
COMMAND: POST /session/5fe08db6bd73095dce541d1489fc13fd/execute/sync - {"script":"<script> [92 bytes]","args":[]}
RESULT: {"script":"<script> [92 bytes]","args":[]}
COMMAND: POST /session/5fe08db6bd73095dce541d1489fc13fd/actions - {"actions":[{"id":"action1","type":"wheel","parameters":{},"actions":[{"type":"scroll","x":-1841,"y":-44,"deltaX":0,"deltaY":0,"duration":0,"origin":{"element-6066-11e4-a52e-4f735466cecf":"f.084301A5A664EC2A1657BC720E998331.d.A3ADA89581E4840D9B86F53BEC07B349.e.573"}}]}]}
COMMAND: GET /session/5fe08db6bd73095dce541d1489fc13fd/screenshot - {}
RESULT: {}
COMMAND: POST /session/5fe08db6bd73095dce541d1489fc13fd/execute/sync - {"script":"<script> [79 bytes]","args":[{"element-6066-11e4-a52e-4f735466cecf":"f.084301A5A664EC2A1657BC720E998331.d.A3ADA89581E4840D9B86F53BEC07B349.e.573","ELEMENT":"f.084301A5A664EC2A1657BC720E998331.d.A3ADA89581E4840D9B86F53BEC07B349.e.573"},{"block":"start","inline":"nearest"}]}
RESULT: {"script":"<script> [79 bytes]","args":[{"element-6066-11e4-a52e-4f735466cecf":"f.084301A5A664EC2A1657BC720E998331.d.A3ADA89581E4840D9B86F53BEC07B349.e.573","ELEMENT":"f.084301A5A664EC2A1657BC720E998331.d.A3ADA89581E4840D9B86F53BEC07B349.e.573"},{"block":"start","inline":"nearest"}]}
COMMAND: GET /session/5fe08db6bd73095dce541d1489fc13fd/screenshot - {}
RESULT: {}
COMMAND: POST /session/5fe08db6bd73095dce541d1489fc13fd/execute/async - {"script":"<script> [1562 bytes]","args":[{"selector":{"id":"application-manageyards-display-component---NewYard--addressEditDetailsCostObjectCstType-arrow"},"wdio_ui5_key":"applicationmanageyards-display-component---NewYard--addressEditDetailsCostObjectCstType-arrow"}]}
RESULT: {"script":"<script> [1562 bytes]","args":[{"selector":{"id":"application-manageyards-display-component---NewYard--addressEditDetailsCostObjectCstType-arrow"},"wdio_ui5_key":"applicationmanageyards-display-component---NewYard--addressEditDetailsCostObjectCstType-arrow"}]}
RESULT: undefined
COMMAND: POST /session/5fe08db6bd73095dce541d1489fc13fd/element - {"using":"xpath","value":"//*[@id=\"application-manageyards-display-component---NewYard--addressEditDetailsCostObjectCstType-arrow\"]"}
RESULT: {"using":"xpath","value":"//*[@id=\"application-manageyards-display-component---NewYard--addressEditDetailsCostObjectCstType-arrow\"]"}
COMMAND: POST /session/5fe08db6bd73095dce541d1489fc13fd/element/f.084301A5A664EC2A1657BC720E998331.d.A3ADA89581E4840D9B86F53BEC07B349.e.581/click - {}
RESULT: {}
COMMAND: POST /session/5fe08db6bd73095dce541d1489fc13fd/element - {"using":"xpath","value":"//span[contains(text(), \"Cost Center\")]"}
COMMAND: GET /session/5fe08db6bd73095dce541d1489fc13fd/screenshot - {}
RESULT: {"using":"xpath","value":"//span[contains(text(), \"Cost Center\")]"}
COMMAND: POST /session/5fe08db6bd73095dce541d1489fc13fd/element/f.084301A5A664EC2A1657BC720E998331.d.A3ADA89581E4840D9B86F53BEC07B349.e.582/click - {}
RESULT: {}
RESULT: {}
COMMAND: GET /session/5fe08db6bd73095dce541d1489fc13fd/screenshot - {}
RESULT: {}
COMMAND: POST /session/5fe08db6bd73095dce541d1489fc13fd/execute/async - {"script":"<script> [1562 bytes]","args":[{"selector":{"id":"application-manageyards-display-component---NewYard--addressNewCostObjectCstID-vhi"},"wdio_ui5_key":"applicationmanageyards-display-component---NewYard--addressNewCostObjectCstID-vhi"}]}
RESULT: {"script":"<script> [1562 bytes]","args":[{"selector":{"id":"application-manageyards-display-component---NewYard--addressNewCostObjectCstID-vhi"},"wdio_ui5_key":"applicationmanageyards-display-component---NewYard--addressNewCostObjectCstID-vhi"}]}
RESULT: undefined
COMMAND: POST /session/5fe08db6bd73095dce541d1489fc13fd/element - {"using":"xpath","value":"//*[@id=\"application-manageyards-display-component---NewYard--addressNewCostObjectCstID-vhi\"]"}
RESULT: {"using":"xpath","value":"//*[@id=\"application-manageyards-display-component---NewYard--addressNewCostObjectCstID-vhi\"]"}
COMMAND: POST /session/5fe08db6bd73095dce541d1489fc13fd/element/f.084301A5A664EC2A1657BC720E998331.d.A3ADA89581E4840D9B86F53BEC07B349.e.586/click - {}
RESULT: {}
COMMAND: GET /session/5fe08db6bd73095dce541d1489fc13fd/screenshot - {}
RESULT: {}
COMMAND: POST /session/5fe08db6bd73095dce541d1489fc13fd/execute/async - {"script":"<script> [1562 bytes]","args":[{"selector":{"controlType":"sap.m.SearchField","properties":{"placeholder":"Search"},"searchOpenDialogs":true,"interaction":{"idSuffix":"I"}},"wdio_ui5_key":"sapm.SearchField{\"placeholder\":\"Search\"}"}]}
RESULT: {"script":"<script> [1562 bytes]","args":[{"selector":{"controlType":"sap.m.SearchField","properties":{"placeholder":"Search"},"searchOpenDialogs":true,"interaction":{"idSuffix":"I"}},"wdio_ui5_key":"sapm.SearchField{\"placeholder\":\"Search\"}"}]}
RESULT: undefined
COMMAND: POST /session/5fe08db6bd73095dce541d1489fc13fd/execute/async - {"script":"<script> [776 bytes]","args":[{"enterText":"10001013","selector":{"controlType":"sap.m.SearchField","properties":{"placeholder":"Search"},"searchOpenDialogs":true,"interaction":{"idSuffix":"I"}},"clearTextFirst":true,"interactionType":"ENTER_TEXT"}]}
RESULT: {"script":"<script> [776 bytes]","args":[{"enterText":"10001013","selector":{"controlType":"sap.m.SearchField","properties":{"placeholder":"Search"},"searchOpenDialogs":true,"interaction":{"idSuffix":"I"}},"clearTextFirst":true,"interactionType":"ENTER_TEXT"}]}
COMMAND: POST /session/5fe08db6bd73095dce541d1489fc13fd/actions - {"actions":[{"id":"action2","type":"key","parameters":{},"actions":[{"type":"keyDown","value":"î€‡"},{"type":"pause","duration":10},{"type":"keyUp","value":"î€‡"}]}]}
RESULT: {"actions":[{"id":"action2","type":"key","parameters":{},"actions":[{"type":"keyDown","value":"î€‡"},{"type":"pause","duration":10},{"type":"keyUp","value":"î€‡"}]}]}
COMMAND: GET /session/5fe08db6bd73095dce541d1489fc13fd/screenshot - {}
RESULT: {}
COMMAND: POST /session/5fe08db6bd73095dce541d1489fc13fd/element - {"using":"xpath","value":"//span[contains(text(), \"General Management\")]"}
RESULT: {"using":"xpath","value":"//span[contains(text(), \"General Management\")]"}
COMMAND: POST /session/5fe08db6bd73095dce541d1489fc13fd/element/f.084301A5A664EC2A1657BC720E998331.d.A3ADA89581E4840D9B86F53BEC07B349.e.626/click - {}
RESULT: {}
COMMAND: GET /session/5fe08db6bd73095dce541d1489fc13fd/screenshot - {}
RESULT: {}
COMMAND: POST /session/5fe08db6bd73095dce541d1489fc13fd/element - {"using":"xpath","value":"//bdi[contains(text(), \"OK\")]"}
RESULT: {"using":"xpath","value":"//bdi[contains(text(), \"OK\")]"}
COMMAND: POST /session/5fe08db6bd73095dce541d1489fc13fd/element/f.084301A5A664EC2A1657BC720E998331.d.A3ADA89581E4840D9B86F53BEC07B349.e.627/click - {}
RESULT: {}
COMMAND: GET /session/5fe08db6bd73095dce541d1489fc13fd/screenshot - {}
RESULT: {}
COMMAND: POST /session/5fe08db6bd73095dce541d1489fc13fd/execute/async - {"script":"<script> [1562 bytes]","args":[{"selector":{"controlType":"sap.m.Button","viewName":"etm.portal.ui.manageyards.view.New","viewId":"application-manageyards-display-component---NewYard","i18NText":{"propertyName":"text","key":"save"},"interaction":{"idSuffix":"inner"}},"wdio_ui5_key":"etmportal.ui.manageyards.view.Newsap.m.Button{\"propertyName\":\"text\",\"key\":\"save\"}"}]}
RESULT: {"script":"<script> [1562 bytes]","args":[{"selector":{"controlType":"sap.m.Button","viewName":"etm.portal.ui.manageyards.view.New","viewId":"application-manageyards-display-component---NewYard","i18NText":{"propertyName":"text","key":"save"},"interaction":{"idSuffix":"inner"}},"wdio_ui5_key":"etmportal.ui.manageyards.view.Newsap.m.Button{\"propertyName\":\"text\",\"key\":\"save\"}"}]}
RESULT: undefined
COMMAND: POST /session/5fe08db6bd73095dce541d1489fc13fd/element - {"using":"xpath","value":"//*[@id=\"__button18\"]"}
RESULT: {"using":"xpath","value":"//*[@id=\"__button18\"]"}
COMMAND: POST /session/5fe08db6bd73095dce541d1489fc13fd/element/f.084301A5A664EC2A1657BC720E998331.d.A3ADA89581E4840D9B86F53BEC07B349.e.533/click - {}
RESULT: {}
COMMAND: GET /session/5fe08db6bd73095dce541d1489fc13fd/screenshot - {}
RESULT: {}
COMMAND: POST /session/5fe08db6bd73095dce541d1489fc13fd/element - {"using":"xpath","value":"//header/div/div[2]/div[2]/span"}
RESULT: {"using":"xpath","value":"//header/div/div[2]/div[2]/span"}
COMMAND: GET /session/5fe08db6bd73095dce541d1489fc13fd/element/f.084301A5A664EC2A1657BC720E998331.d.A3ADA89581E4840D9B86F53BEC07B349.e.824/text - {}
RESULT: {}
COMMAND: POST /session/5fe08db6bd73095dce541d1489fc13fd/execute/async - {"script":"<script> [1562 bytes]","args":[{"selector":{"controlType":"sap.m.OverflowToolbarButton","viewName":"etm.portal.ui.manageyards.view.Detail","viewId":"application-manageyards-display-component---detailYard","i18NText":{"propertyName":"tooltip","key":"closeColumn"},"interaction":{"idSuffix":"inner"}},"wdio_ui5_key":"etmportal.ui.manageyards.view.Detailsap.m.OverflowToolbarButton{\"propertyName\":\"tooltip\",\"key\":\"closeColumn\"}"}]}
RESULT: {"script":"<script> [1562 bytes]","args":[{"selector":{"controlType":"sap.m.OverflowToolbarButton","viewName":"etm.portal.ui.manageyards.view.Detail","viewId":"application-manageyards-display-component---detailYard","i18NText":{"propertyName":"tooltip","key":"closeColumn"},"interaction":{"idSuffix":"inner"}},"wdio_ui5_key":"etmportal.ui.manageyards.view.Detailsap.m.OverflowToolbarButton{\"propertyName\":\"tooltip\",\"key\":\"closeColumn\"}"}]}
RESULT: undefined
COMMAND: POST /session/5fe08db6bd73095dce541d1489fc13fd/element - {"using":"xpath","value":"//*[@id=\"__button40\"]"}
RESULT: {"using":"xpath","value":"//*[@id=\"__button40\"]"}
COMMAND: POST /session/5fe08db6bd73095dce541d1489fc13fd/element/f.084301A5A664EC2A1657BC720E998331.d.A3ADA89581E4840D9B86F53BEC07B349.e.826/click - {}
RESULT: {}
COMMAND: GET /session/5fe08db6bd73095dce541d1489fc13fd/screenshot - {}
RESULT: {}
COMMAND: POST /session/5fe08db6bd73095dce541d1489fc13fd/element - {"using":"css selector","value":"#shell-header-logo"}
RESULT: {"using":"css selector","value":"#shell-header-logo"}
COMMAND: POST /session/5fe08db6bd73095dce541d1489fc13fd/element/f.084301A5A664EC2A1657BC720E998331.d.A3ADA89581E4840D9B86F53BEC07B349.e.118/click - {}
RESULT: {}
COMMAND: GET /session/5fe08db6bd73095dce541d1489fc13fd/screenshot - {}
RESULT: {}
COMMAND: POST /session/5fe08db6bd73095dce541d1489fc13fd/refresh - {}
RESULT: {}
COMMAND: GET /session/5fe08db6bd73095dce541d1489fc13fd/screenshot - {}
RESULT: {}
COMMAND: POST /session/5fe08db6bd73095dce541d1489fc13fd/execute/async - {"script":"<script> [189 bytes]","args":[]}
RESULT: {"script":"<script> [189 bytes]","args":[]}
COMMAND: POST /session/5fe08db6bd73095dce541d1489fc13fd/execute/async - {"script":"<script> [123 bytes]","args":[]}
RESULT: {"script":"<script> [123 bytes]","args":[]}
COMMAND: POST /session/5fe08db6bd73095dce541d1489fc13fd/timeouts - {"script":"<number>"}
RESULT: {"script":"<number>"}
COMMAND: GET /session/5fe08db6bd73095dce541d1489fc13fd/timeouts - {}
RESULT: {}
RESULT: undefined
COMMAND: POST /session/5fe08db6bd73095dce541d1489fc13fd/execute/async - {"script":"<script> [2676 bytes]","args":[]}
RESULT: {"script":"<script> [2676 bytes]","args":[]}
COMMAND: POST /session/5fe08db6bd73095dce541d1489fc13fd/execute/async - {"script":"<script> [2342 bytes]","args":[{"protocol":"http","hostname":"0.0.0.0","path":"/","capabilities":{"browserName":"chrome","goog:chromeOptions":{"binary":"C:\\Program Files\\Google\\Chrome\\Application\\chrome.exe","args":["--start-maximized"]}},"logLevel":"warn","connectionRetryTimeout":120000,"connectionRetryCount":3,"logLevels":{},"enableDirectConnect":true,"strictSSL":true,"_":"65 more keys: [\"cacheDir\",\"port\",\"requestedCapabilities\",\"automationProtocol\",\"baseUrl\",\"waitforInterval\",\"waitforTimeout\",\"onReload\",\"beforeCommand\",\"afterCommand\",\"rootDir\",\"specs\",\"suites\",\"exclude\",\"groupLogsByTestSpec\",\"excludeDriverLogs\",\"bail\",\"framework\",\"reporters\",\"services\",\"maxInstances\",\"maxInstancesPerCapability\",\"injectGlobals\",\"filesToWatch\",\"execArgv\",\"runnerEnv\",\"runner\",\"shard\",\"specFileRetries\",\"specFileRetriesDelay\",\"specFileRetriesDeferred\",\"reporterSyncInterval\",\"reporterSyncTimeout\",\"cucumberFeaturesWithLineNumbers\",\"autoCompileOpts\",\"mochaOpts\",\"jasmineOpts\",\"cucumberOpts\",\"onPrepare\",\"onWorkerStart\",\"onWorkerEnd\",\"before\",\"beforeSession\",\"beforeSuite\",\"beforeHook\",\"beforeTest\",\"afterTest\",\"afterHook\",\"afterSuite\",\"afterSession\",\"after\",\"onComplete\",\"beforeAssertion\",\"afterAssertion\",\"beforeFeature\",\"beforeScenario\",\"beforeStep\",\"afterStep\",\"afterScenario\",\"afterFeature\",\"_\",\"suite\",\"$0\",\"ignoredWorkerServices\",\"wdi5\"]"}]}
RESULT: {"script":"<script> [2342 bytes]","args":[{"protocol":"http","hostname":"0.0.0.0","path":"/","capabilities":{"browserName":"chrome","goog:chromeOptions":{"binary":"C:\\Program Files\\Google\\Chrome\\Application\\chrome.exe","args":["--start-maximized"]}},"logLevel":"warn","connectionRetryTimeout":120000,"connectionRetryCount":3,"logLevels":{},"enableDirectConnect":true,"strictSSL":true,"_":"65 more keys: [\"cacheDir\",\"port\",\"requestedCapabilities\",\"automationProtocol\",\"baseUrl\",\"waitforInterval\",\"waitforTimeout\",\"onReload\",\"beforeCommand\",\"afterCommand\",\"rootDir\",\"specs\",\"suites\",\"exclude\",\"groupLogsByTestSpec\",\"excludeDriverLogs\",\"bail\",\"framework\",\"reporters\",\"services\",\"maxInstances\",\"maxInstancesPerCapability\",\"injectGlobals\",\"filesToWatch\",\"execArgv\",\"runnerEnv\",\"runner\",\"shard\",\"specFileRetries\",\"specFileRetriesDelay\",\"specFileRetriesDeferred\",\"reporterSyncInterval\",\"reporterSyncTimeout\",\"cucumberFeaturesWithLineNumbers\",\"autoCompileOpts\",\"mochaOpts\",\"jasmineOpts\",\"cucumberOpts\",\"onPrepare\",\"onWorkerStart\",\"onWorkerEnd\",\"before\",\"beforeSession\",\"beforeSuite\",\"beforeHook\",\"beforeTest\",\"afterTest\",\"afterHook\",\"afterSuite\",\"afterSession\",\"after\",\"onComplete\",\"beforeAssertion\",\"afterAssertion\",\"beforeFeature\",\"beforeScenario\",\"beforeStep\",\"afterStep\",\"afterScenario\",\"afterFeature\",\"_\",\"suite\",\"$0\",\"ignoredWorkerServices\",\"wdi5\"]"}]}
COMMAND: POST /session/5fe08db6bd73095dce541d1489fc13fd/execute/async - {"script":"<script> [21126 bytes]","args":[35000]}
RESULT: {"script":"<script> [21126 bytes]","args":[35000]}
COMMAND: POST /session/5fe08db6bd73095dce541d1489fc13fd/execute/async - {"script":"<script> [1562 bytes]","args":[{"selector":{"controlType":"sap.m.GenericTile","properties":{"header":"Manage Partners"}},"wdio_ui5_key":"sapm.GenericTile{\"header\":\"Manage Partners\"}"}]}
RESULT: {"script":"<script> [1562 bytes]","args":[{"selector":{"controlType":"sap.m.GenericTile","properties":{"header":"Manage Partners"}},"wdio_ui5_key":"sapm.GenericTile{\"header\":\"Manage Partners\"}"}]}
RESULT: undefined
COMMAND: POST /session/5fe08db6bd73095dce541d1489fc13fd/element - {"using":"xpath","value":"//*[@id=\"__tile38\"]"}
RESULT: {"using":"xpath","value":"//*[@id=\"__tile38\"]"}
COMMAND: POST /session/5fe08db6bd73095dce541d1489fc13fd/element/f.084301A5A664EC2A1657BC720E998331.d.2EBD4EE1D3EB554DA28D4DFBE7CB049B.e.1179/click - {}
RESULT: {}
COMMAND: GET /session/5fe08db6bd73095dce541d1489fc13fd/screenshot - {}
RESULT: {}
COMMAND: POST /session/5fe08db6bd73095dce541d1489fc13fd/elements - {"using":"xpath","value":"//span[text()='Error']"}
RESULT: {"using":"xpath","value":"//span[text()='Error']"}
COMMAND: POST /session/5fe08db6bd73095dce541d1489fc13fd/execute/async - {"script":"<script> [1562 bytes]","args":[{"selector":{"controlType":"sap.ui.core.Icon","viewName":"etm.portal.ui.managepartners.view.Master","viewId":"application-managepartners-display-component---masterPtm","properties":{"src":{"regex":{"source":"add"}}}},"wdio_ui5_key":"etmportal.ui.managepartners.view.Mastersap.ui.core.Icon{\"src\":{\"regex\":{\"source\":\"add\"}}}"}]}
RESULT: {"script":"<script> [1562 bytes]","args":[{"selector":{"controlType":"sap.ui.core.Icon","viewName":"etm.portal.ui.managepartners.view.Master","viewId":"application-managepartners-display-component---masterPtm","properties":{"src":{"regex":{"source":"add"}}}},"wdio_ui5_key":"etmportal.ui.managepartners.view.Mastersap.ui.core.Icon{\"src\":{\"regex\":{\"source\":\"add\"}}}"}]}
RESULT: undefined
COMMAND: POST /session/5fe08db6bd73095dce541d1489fc13fd/element - {"using":"xpath","value":"//*[@id=\"__button4-img\"]"}
RESULT: {"using":"xpath","value":"//*[@id=\"__button4-img\"]"}
COMMAND: POST /session/5fe08db6bd73095dce541d1489fc13fd/element/f.084301A5A664EC2A1657BC720E998331.d.2EBD4EE1D3EB554DA28D4DFBE7CB049B.e.1230/click - {}
RESULT: {}
COMMAND: GET /session/5fe08db6bd73095dce541d1489fc13fd/screenshot - {}
RESULT: {}
COMMAND: POST /session/5fe08db6bd73095dce541d1489fc13fd/execute/async - {"script":"<script> [1562 bytes]","args":[{"selector":{"id":"application-managepartners-display-component---NewPartner--partnerId","interaction":{"idSuffix":"inner"}},"wdio_ui5_key":"applicationmanagepartners-display-component---NewPartner--partnerId"}]}
RESULT: {"script":"<script> [1562 bytes]","args":[{"selector":{"id":"application-managepartners-display-component---NewPartner--partnerId","interaction":{"idSuffix":"inner"}},"wdio_ui5_key":"applicationmanagepartners-display-component---NewPartner--partnerId"}]}
RESULT: undefined
COMMAND: POST /session/5fe08db6bd73095dce541d1489fc13fd/execute/async - {"script":"<script> [1562 bytes]","args":[{"selector":{"id":"application-managepartners-display-component---NewPartner--addressDetailDetailsName1","interaction":{"idSuffix":"inner"}},"wdio_ui5_key":"applicationmanagepartners-display-component---NewPartner--addressDetailDetailsName1"}]}
RESULT: {"script":"<script> [1562 bytes]","args":[{"selector":{"id":"application-managepartners-display-component---NewPartner--addressDetailDetailsName1","interaction":{"idSuffix":"inner"}},"wdio_ui5_key":"applicationmanagepartners-display-component---NewPartner--addressDetailDetailsName1"}]}
RESULT: undefined
COMMAND: POST /session/5fe08db6bd73095dce541d1489fc13fd/execute/async - {"script":"<script> [776 bytes]","args":[{"enterText":"WebdriverPartnerw12do","selector":{"id":"application-managepartners-display-component---NewPartner--addressDetailDetailsName1","interaction":{"idSuffix":"inner"}},"clearTextFirst":true,"interactionType":"ENTER_TEXT"}]}
RESULT: {"script":"<script> [776 bytes]","args":[{"enterText":"WebdriverPartnerw12do","selector":{"id":"application-managepartners-display-component---NewPartner--addressDetailDetailsName1","interaction":{"idSuffix":"inner"}},"clearTextFirst":true,"interactionType":"ENTER_TEXT"}]}
COMMAND: POST /session/5fe08db6bd73095dce541d1489fc13fd/execute/async - {"script":"<script> [1562 bytes]","args":[{"selector":{"id":"application-managepartners-display-component---NewPartner--addressDetailDetailsLanguage","interaction":{"idSuffix":"inner"}},"wdio_ui5_key":"applicationmanagepartners-display-component---NewPartner--addressDetailDetailsLanguage"}]}
RESULT: {"script":"<script> [1562 bytes]","args":[{"selector":{"id":"application-managepartners-display-component---NewPartner--addressDetailDetailsLanguage","interaction":{"idSuffix":"inner"}},"wdio_ui5_key":"applicationmanagepartners-display-component---NewPartner--addressDetailDetailsLanguage"}]}
RESULT: undefined
COMMAND: POST /session/5fe08db6bd73095dce541d1489fc13fd/execute/async - {"script":"<script> [776 bytes]","args":[{"enterText":"Romanian","selector":{"id":"application-managepartners-display-component---NewPartner--addressDetailDetailsLanguage","interaction":{"idSuffix":"inner"}},"clearTextFirst":true,"interactionType":"ENTER_TEXT"}]}
RESULT: {"script":"<script> [776 bytes]","args":[{"enterText":"Romanian","selector":{"id":"application-managepartners-display-component---NewPartner--addressDetailDetailsLanguage","interaction":{"idSuffix":"inner"}},"clearTextFirst":true,"interactionType":"ENTER_TEXT"}]}
COMMAND: POST /session/5fe08db6bd73095dce541d1489fc13fd/element - {"using":"xpath","value":"//input[contains(@id ,\"application-managepartners-display-component---NewPartner--addressDetailDetailsName1-inner\")]"}
RESULT: {"using":"xpath","value":"//input[contains(@id ,\"application-managepartners-display-component---NewPartner--addressDetailDetailsName1-inner\")]"}
COMMAND: GET /session/5fe08db6bd73095dce541d1489fc13fd/element/f.084301A5A664EC2A1657BC720E998331.d.2EBD4EE1D3EB554DA28D4DFBE7CB049B.e.1417/property/value - {}
RESULT: {}
COMMAND: POST /session/5fe08db6bd73095dce541d1489fc13fd/execute/async - {"script":"<script> [1562 bytes]","args":[{"selector":{"id":"application-managepartners-display-component---NewPartner--addressDetailDetailsCity1","interaction":{"idSuffix":"inner"}},"wdio_ui5_key":"applicationmanagepartners-display-component---NewPartner--addressDetailDetailsCity1"}]}
COMMAND: GET /session/5fe08db6bd73095dce541d1489fc13fd/screenshot - {}
RESULT: {"script":"<script> [1562 bytes]","args":[{"selector":{"id":"application-managepartners-display-component---NewPartner--addressDetailDetailsCity1","interaction":{"idSuffix":"inner"}},"wdio_ui5_key":"applicationmanagepartners-display-component---NewPartner--addressDetailDetailsCity1"}]}
RESULT: undefined
COMMAND: POST /session/5fe08db6bd73095dce541d1489fc13fd/execute/async - {"script":"<script> [776 bytes]","args":[{"enterText":"Bucharest","selector":{"id":"application-managepartners-display-component---NewPartner--addressDetailDetailsCity1","interaction":{"idSuffix":"inner"}},"clearTextFirst":true,"interactionType":"ENTER_TEXT"}]}
RESULT: {}
RESULT: {"script":"<script> [776 bytes]","args":[{"enterText":"Bucharest","selector":{"id":"application-managepartners-display-component---NewPartner--addressDetailDetailsCity1","interaction":{"idSuffix":"inner"}},"clearTextFirst":true,"interactionType":"ENTER_TEXT"}]}
COMMAND: POST /session/5fe08db6bd73095dce541d1489fc13fd/execute/async - {"script":"<script> [1562 bytes]","args":[{"selector":{"id":"application-managepartners-display-component---NewPartner--addressDetailDetailsCountry","interaction":{"idSuffix":"inner"}},"wdio_ui5_key":"applicationmanagepartners-display-component---NewPartner--addressDetailDetailsCountry"}]}
RESULT: {"script":"<script> [1562 bytes]","args":[{"selector":{"id":"application-managepartners-display-component---NewPartner--addressDetailDetailsCountry","interaction":{"idSuffix":"inner"}},"wdio_ui5_key":"applicationmanagepartners-display-component---NewPartner--addressDetailDetailsCountry"}]}
RESULT: undefined
COMMAND: POST /session/5fe08db6bd73095dce541d1489fc13fd/execute/async - {"script":"<script> [6424 bytes]","args":[{"element-6066-11e4-a52e-4f735466cecf":"f.084301A5A664EC2A1657BC720E998331.d.2EBD4EE1D3EB554DA28D4DFBE7CB049B.e.1424"},"setValue",["Romania"]]}
RESULT: {"script":"<script> [6424 bytes]","args":[{"element-6066-11e4-a52e-4f735466cecf":"f.084301A5A664EC2A1657BC720E998331.d.2EBD4EE1D3EB554DA28D4DFBE7CB049B.e.1424"},"setValue",["Romania"]]}
COMMAND: POST /session/5fe08db6bd73095dce541d1489fc13fd/execute/async - {"script":"<script> [1562 bytes]","args":[{"selector":{"id":"application-managepartners-display-component---NewPartner--partnerDetailInternal","interaction":{"idSuffix":"inner"}},"wdio_ui5_key":"applicationmanagepartners-display-component---NewPartner--partnerDetailInternal"}]}
RESULT: {"script":"<script> [1562 bytes]","args":[{"selector":{"id":"application-managepartners-display-component---NewPartner--partnerDetailInternal","interaction":{"idSuffix":"inner"}},"wdio_ui5_key":"applicationmanagepartners-display-component---NewPartner--partnerDetailInternal"}]}
RESULT: undefined
COMMAND: POST /session/5fe08db6bd73095dce541d1489fc13fd/execute/async - {"script":"<script> [776 bytes]","args":[{"enterText":"External partner","selector":{"id":"application-managepartners-display-component---NewPartner--partnerDetailInternal","interaction":{"idSuffix":"inner"}},"clearTextFirst":true,"interactionType":"ENTER_TEXT"}]}
RESULT: {"script":"<script> [776 bytes]","args":[{"enterText":"External partner","selector":{"id":"application-managepartners-display-component---NewPartner--partnerDetailInternal","interaction":{"idSuffix":"inner"}},"clearTextFirst":true,"interactionType":"ENTER_TEXT"}]}
COMMAND: POST /session/5fe08db6bd73095dce541d1489fc13fd/execute/async - {"script":"<script> [1562 bytes]","args":[{"selector":{"id":"application-managepartners-display-component---NewPartner--partnerDetailsCurrency","interaction":{"idSuffix":"inner"}},"wdio_ui5_key":"applicationmanagepartners-display-component---NewPartner--partnerDetailsCurrency"}]}
RESULT: {"script":"<script> [1562 bytes]","args":[{"selector":{"id":"application-managepartners-display-component---NewPartner--partnerDetailsCurrency","interaction":{"idSuffix":"inner"}},"wdio_ui5_key":"applicationmanagepartners-display-component---NewPartner--partnerDetailsCurrency"}]}
RESULT: undefined
COMMAND: POST /session/5fe08db6bd73095dce541d1489fc13fd/execute/async - {"script":"<script> [776 bytes]","args":[{"enterText":"Euro","selector":{"id":"application-managepartners-display-component---NewPartner--partnerDetailsCurrency","interaction":{"idSuffix":"inner"}},"clearTextFirst":true,"interactionType":"ENTER_TEXT"}]}
RESULT: {"script":"<script> [776 bytes]","args":[{"enterText":"Euro","selector":{"id":"application-managepartners-display-component---NewPartner--partnerDetailsCurrency","interaction":{"idSuffix":"inner"}},"clearTextFirst":true,"interactionType":"ENTER_TEXT"}]}
COMMAND: POST /session/5fe08db6bd73095dce541d1489fc13fd/execute/async - {"script":"<script> [1562 bytes]","args":[{"selector":{"controlType":"sap.m.Button","viewName":"etm.portal.ui.managepartners.view.NewPartner","viewId":"application-managepartners-display-component---NewPartner","properties":{"text":"Commercial"},"interaction":{"idSuffix":"BDI-content"}},"wdio_ui5_key":"etmportal.ui.managepartners.view.NewPartnersap.m.Button{\"text\":\"Commercial\"}"}]}
RESULT: {"script":"<script> [1562 bytes]","args":[{"selector":{"controlType":"sap.m.Button","viewName":"etm.portal.ui.managepartners.view.NewPartner","viewId":"application-managepartners-display-component---NewPartner","properties":{"text":"Commercial"},"interaction":{"idSuffix":"BDI-content"}},"wdio_ui5_key":"etmportal.ui.managepartners.view.NewPartnersap.m.Button{\"text\":\"Commercial\"}"}]}
RESULT: undefined
COMMAND: POST /session/5fe08db6bd73095dce541d1489fc13fd/element - {"using":"xpath","value":"//*[@id=\"application-managepartners-display-component---NewPartner--ObjectPageLayout-anchBar-__section5-anchor\"]"}
RESULT: {"using":"xpath","value":"//*[@id=\"application-managepartners-display-component---NewPartner--ObjectPageLayout-anchBar-__section5-anchor\"]"}
COMMAND: POST /session/5fe08db6bd73095dce541d1489fc13fd/element/f.084301A5A664EC2A1657BC720E998331.d.2EBD4EE1D3EB554DA28D4DFBE7CB049B.e.1665/click - {}
RESULT: {}
COMMAND: GET /session/5fe08db6bd73095dce541d1489fc13fd/screenshot - {}
RESULT: {}
COMMAND: POST /session/5fe08db6bd73095dce541d1489fc13fd/execute/async - {"script":"<script> [1562 bytes]","args":[{"selector":{"id":"application-managepartners-display-component---NewPartner--btnAddTableRow-img"},"wdio_ui5_key":"applicationmanagepartners-display-component---NewPartner--btnAddTableRow-img"}]}
RESULT: {"script":"<script> [1562 bytes]","args":[{"selector":{"id":"application-managepartners-display-component---NewPartner--btnAddTableRow-img"},"wdio_ui5_key":"applicationmanagepartners-display-component---NewPartner--btnAddTableRow-img"}]}
RESULT: undefined
COMMAND: POST /session/5fe08db6bd73095dce541d1489fc13fd/element - {"using":"xpath","value":"//*[@id=\"application-managepartners-display-component---NewPartner--btnAddTableRow-img\"]"}
RESULT: {"using":"xpath","value":"//*[@id=\"application-managepartners-display-component---NewPartner--btnAddTableRow-img\"]"}
COMMAND: POST /session/5fe08db6bd73095dce541d1489fc13fd/element/f.084301A5A664EC2A1657BC720E998331.d.2EBD4EE1D3EB554DA28D4DFBE7CB049B.e.1671/click - {}
RESULT: {}
COMMAND: POST /session/5fe08db6bd73095dce541d1489fc13fd/element - {"using":"xpath","value":"//input[contains(@id ,\"application-managepartners-display-component---NewPartner--assignmentYard-application-managepartners-display-component---NewPartner\")]"}
COMMAND: GET /session/5fe08db6bd73095dce541d1489fc13fd/screenshot - {}
RESULT: {"using":"xpath","value":"//input[contains(@id ,\"application-managepartners-display-component---NewPartner--assignmentYard-application-managepartners-display-component---NewPartner\")]"}
COMMAND: POST /session/5fe08db6bd73095dce541d1489fc13fd/element/f.084301A5A664EC2A1657BC720E998331.d.2EBD4EE1D3EB554DA28D4DFBE7CB049B.e.1676/clear - {}
RESULT: {}
RESULT: {}
COMMAND: POST /session/5fe08db6bd73095dce541d1489fc13fd/element/f.084301A5A664EC2A1657BC720E998331.d.2EBD4EE1D3EB554DA28D4DFBE7CB049B.e.1676/value - {"text":"293"}
COMMAND: GET /session/5fe08db6bd73095dce541d1489fc13fd/screenshot - {}
RESULT: {"text":"293"}
COMMAND: GET /session/5fe08db6bd73095dce541d1489fc13fd/screenshot - {}
RESULT: {}
RESULT: {}
COMMAND: POST /session/5fe08db6bd73095dce541d1489fc13fd/execute/async - {"script":"<script> [1562 bytes]","args":[{"selector":{"controlType":"sap.m.Button","viewName":"etm.portal.ui.managepartners.view.NewPartner","viewId":"application-managepartners-display-component---NewPartner","i18NText":{"propertyName":"text","key":"save"},"interaction":{"idSuffix":"BDI-content"}},"wdio_ui5_key":"etmportal.ui.managepartners.view.NewPartnersap.m.Button{\"propertyName\":\"text\",\"key\":\"save\"}"}]}
RESULT: {"script":"<script> [1562 bytes]","args":[{"selector":{"controlType":"sap.m.Button","viewName":"etm.portal.ui.managepartners.view.NewPartner","viewId":"application-managepartners-display-component---NewPartner","i18NText":{"propertyName":"text","key":"save"},"interaction":{"idSuffix":"BDI-content"}},"wdio_ui5_key":"etmportal.ui.managepartners.view.NewPartnersap.m.Button{\"propertyName\":\"text\",\"key\":\"save\"}"}]}
RESULT: undefined
COMMAND: POST /session/5fe08db6bd73095dce541d1489fc13fd/element - {"using":"xpath","value":"//*[@id=\"__button12\"]"}
RESULT: {"using":"xpath","value":"//*[@id=\"__button12\"]"}
COMMAND: POST /session/5fe08db6bd73095dce541d1489fc13fd/element/f.084301A5A664EC2A1657BC720E998331.d.2EBD4EE1D3EB554DA28D4DFBE7CB049B.e.1576/click - {}
RESULT: {}
COMMAND: GET /session/5fe08db6bd73095dce541d1489fc13fd/screenshot - {}
RESULT: {}
COMMAND: POST /session/5fe08db6bd73095dce541d1489fc13fd/element - {"using":"xpath","value":"//header/div/div[2]/div[2]/span"}
RESULT: {"using":"xpath","value":"//header/div/div[2]/div[2]/span"}
COMMAND: GET /session/5fe08db6bd73095dce541d1489fc13fd/element/f.084301A5A664EC2A1657BC720E998331.d.2EBD4EE1D3EB554DA28D4DFBE7CB049B.e.1848/text - {}
RESULT: {}
COMMAND: POST /session/5fe08db6bd73095dce541d1489fc13fd/element - {"using":"xpath","value":"//header/div/div/div/div/div/div[2]/div/span"}
RESULT: {"using":"xpath","value":"//header/div/div/div/div/div/div[2]/div/span"}
COMMAND: GET /session/5fe08db6bd73095dce541d1489fc13fd/element/f.084301A5A664EC2A1657BC720E998331.d.2EBD4EE1D3EB554DA28D4DFBE7CB049B.e.1849/text - {}
RESULT: {}
COMMAND: POST /session/5fe08db6bd73095dce541d1489fc13fd/execute/async - {"script":"<script> [1562 bytes]","args":[{"selector":{"id":"application-managepartners-display-component---detailPtm--partnerType"},"wdio_ui5_key":"applicationmanagepartners-display-component---detailPtm--partnerType"}]}
RESULT: {"script":"<script> [1562 bytes]","args":[{"selector":{"id":"application-managepartners-display-component---detailPtm--partnerType"},"wdio_ui5_key":"applicationmanagepartners-display-component---detailPtm--partnerType"}]}
RESULT: undefined
COMMAND: POST /session/5fe08db6bd73095dce541d1489fc13fd/execute/async - {"script":"<script> [6424 bytes]","args":[{"element-6066-11e4-a52e-4f735466cecf":"f.084301A5A664EC2A1657BC720E998331.d.2EBD4EE1D3EB554DA28D4DFBE7CB049B.e.1850"},"getText",[]]}
RESULT: {"script":"<script> [6424 bytes]","args":[{"element-6066-11e4-a52e-4f735466cecf":"f.084301A5A664EC2A1657BC720E998331.d.2EBD4EE1D3EB554DA28D4DFBE7CB049B.e.1850"},"getText",[]]}
COMMAND: POST /session/5fe08db6bd73095dce541d1489fc13fd/element - {"using":"css selector","value":"#shell-header-logo"}
RESULT: {"using":"css selector","value":"#shell-header-logo"}
COMMAND: POST /session/5fe08db6bd73095dce541d1489fc13fd/element/f.084301A5A664EC2A1657BC720E998331.d.2EBD4EE1D3EB554DA28D4DFBE7CB049B.e.1182/click - {}
RESULT: {}
COMMAND: GET /session/5fe08db6bd73095dce541d1489fc13fd/screenshot - {}
RESULT: {}
COMMAND: POST /session/5fe08db6bd73095dce541d1489fc13fd/execute/async - {"script":"<script> [1562 bytes]","args":[{"selector":{"controlType":"sap.m.GenericTile","properties":{"header":"Manage Sites"}},"wdio_ui5_key":"sapm.GenericTile{\"header\":\"Manage Sites\"}"}]}
RESULT: {"script":"<script> [1562 bytes]","args":[{"selector":{"controlType":"sap.m.GenericTile","properties":{"header":"Manage Sites"}},"wdio_ui5_key":"sapm.GenericTile{\"header\":\"Manage Sites\"}"}]}
RESULT: undefined
COMMAND: POST /session/5fe08db6bd73095dce541d1489fc13fd/element - {"using":"xpath","value":"//*[@id=\"__tile40\"]"}
RESULT: {"using":"xpath","value":"//*[@id=\"__tile40\"]"}
COMMAND: POST /session/5fe08db6bd73095dce541d1489fc13fd/element/f.084301A5A664EC2A1657BC720E998331.d.2EBD4EE1D3EB554DA28D4DFBE7CB049B.e.1852/click - {}
RESULT: {}
COMMAND: GET /session/5fe08db6bd73095dce541d1489fc13fd/screenshot - {}
RESULT: {}
COMMAND: POST /session/5fe08db6bd73095dce541d1489fc13fd/elements - {"using":"xpath","value":"//span[text()='Error']"}
RESULT: {"using":"xpath","value":"//span[text()='Error']"}
COMMAND: POST /session/5fe08db6bd73095dce541d1489fc13fd/execute/async - {"script":"<script> [1562 bytes]","args":[{"selector":{"controlType":"sap.ui.core.Icon","viewName":"etm.portal.ui.managesites.view.Master","viewId":"application-managesites-display-component---masterSite","properties":{"src":{"regex":{"source":"add"}}}},"wdio_ui5_key":"etmportal.ui.managesites.view.Mastersap.ui.core.Icon{\"src\":{\"regex\":{\"source\":\"add\"}}}"}]}
RESULT: {"script":"<script> [1562 bytes]","args":[{"selector":{"controlType":"sap.ui.core.Icon","viewName":"etm.portal.ui.managesites.view.Master","viewId":"application-managesites-display-component---masterSite","properties":{"src":{"regex":{"source":"add"}}}},"wdio_ui5_key":"etmportal.ui.managesites.view.Mastersap.ui.core.Icon{\"src\":{\"regex\":{\"source\":\"add\"}}}"}]}
RESULT: undefined
COMMAND: POST /session/5fe08db6bd73095dce541d1489fc13fd/element - {"using":"xpath","value":"//*[@id=\"__button48-img\"]"}
RESULT: {"using":"xpath","value":"//*[@id=\"__button48-img\"]"}
COMMAND: POST /session/5fe08db6bd73095dce541d1489fc13fd/element/f.084301A5A664EC2A1657BC720E998331.d.2EBD4EE1D3EB554DA28D4DFBE7CB049B.e.1899/click - {}
RESULT: {}
COMMAND: POST /session/5fe08db6bd73095dce541d1489fc13fd/execute/async - {"script":"<script> [1562 bytes]","args":[{"selector":{"id":"application-managesites-display-component---NewSite--siteId","interaction":{"idSuffix":"inner"}},"wdio_ui5_key":"applicationmanagesites-display-component---NewSite--siteId"}]}
COMMAND: GET /session/5fe08db6bd73095dce541d1489fc13fd/screenshot - {}
RESULT: {"script":"<script> [1562 bytes]","args":[{"selector":{"id":"application-managesites-display-component---NewSite--siteId","interaction":{"idSuffix":"inner"}},"wdio_ui5_key":"applicationmanagesites-display-component---NewSite--siteId"}]}
RESULT: undefined
COMMAND: POST /session/5fe08db6bd73095dce541d1489fc13fd/execute/async - {"script":"<script> [1562 bytes]","args":[{"selector":{"id":"application-managesites-display-component---NewSite--addressDetailDetailsName1","interaction":{"idSuffix":"inner"}},"wdio_ui5_key":"applicationmanagesites-display-component---NewSite--addressDetailDetailsName1"}]}
RESULT: {}
RESULT: {"script":"<script> [1562 bytes]","args":[{"selector":{"id":"application-managesites-display-component---NewSite--addressDetailDetailsName1","interaction":{"idSuffix":"inner"}},"wdio_ui5_key":"applicationmanagesites-display-component---NewSite--addressDetailDetailsName1"}]}
RESULT: undefined
COMMAND: POST /session/5fe08db6bd73095dce541d1489fc13fd/execute/async - {"script":"<script> [776 bytes]","args":[{"enterText":"WebdriverSiteeibe8","selector":{"id":"application-managesites-display-component---NewSite--addressDetailDetailsName1","interaction":{"idSuffix":"inner"}},"clearTextFirst":true,"interactionType":"ENTER_TEXT"}]}
RESULT: {"script":"<script> [776 bytes]","args":[{"enterText":"WebdriverSiteeibe8","selector":{"id":"application-managesites-display-component---NewSite--addressDetailDetailsName1","interaction":{"idSuffix":"inner"}},"clearTextFirst":true,"interactionType":"ENTER_TEXT"}]}
COMMAND: POST /session/5fe08db6bd73095dce541d1489fc13fd/execute/async - {"script":"<script> [1562 bytes]","args":[{"selector":{"id":"application-managesites-display-component---NewSite--addressDetailDetailsLanguage","interaction":{"idSuffix":"inner"}},"wdio_ui5_key":"applicationmanagesites-display-component---NewSite--addressDetailDetailsLanguage"}]}
RESULT: {"script":"<script> [1562 bytes]","args":[{"selector":{"id":"application-managesites-display-component---NewSite--addressDetailDetailsLanguage","interaction":{"idSuffix":"inner"}},"wdio_ui5_key":"applicationmanagesites-display-component---NewSite--addressDetailDetailsLanguage"}]}
RESULT: undefined
COMMAND: POST /session/5fe08db6bd73095dce541d1489fc13fd/execute/async - {"script":"<script> [776 bytes]","args":[{"enterText":"Romanian","selector":{"id":"application-managesites-display-component---NewSite--addressDetailDetailsLanguage","interaction":{"idSuffix":"inner"}},"clearTextFirst":true,"interactionType":"ENTER_TEXT"}]}
RESULT: {"script":"<script> [776 bytes]","args":[{"enterText":"Romanian","selector":{"id":"application-managesites-display-component---NewSite--addressDetailDetailsLanguage","interaction":{"idSuffix":"inner"}},"clearTextFirst":true,"interactionType":"ENTER_TEXT"}]}
COMMAND: POST /session/5fe08db6bd73095dce541d1489fc13fd/execute/async - {"script":"<script> [1562 bytes]","args":[{"selector":{"id":"application-managesites-display-component---NewSite--addressDetailDetailsCity1","interaction":{"idSuffix":"inner"}},"wdio_ui5_key":"applicationmanagesites-display-component---NewSite--addressDetailDetailsCity1"}]}
RESULT: {"script":"<script> [1562 bytes]","args":[{"selector":{"id":"application-managesites-display-component---NewSite--addressDetailDetailsCity1","interaction":{"idSuffix":"inner"}},"wdio_ui5_key":"applicationmanagesites-display-component---NewSite--addressDetailDetailsCity1"}]}
RESULT: undefined
COMMAND: POST /session/5fe08db6bd73095dce541d1489fc13fd/execute/async - {"script":"<script> [776 bytes]","args":[{"enterText":"Bucharest","selector":{"id":"application-managesites-display-component---NewSite--addressDetailDetailsCity1","interaction":{"idSuffix":"inner"}},"clearTextFirst":true,"interactionType":"ENTER_TEXT"}]}
RESULT: {"script":"<script> [776 bytes]","args":[{"enterText":"Bucharest","selector":{"id":"application-managesites-display-component---NewSite--addressDetailDetailsCity1","interaction":{"idSuffix":"inner"}},"clearTextFirst":true,"interactionType":"ENTER_TEXT"}]}
COMMAND: POST /session/5fe08db6bd73095dce541d1489fc13fd/execute/async - {"script":"<script> [1562 bytes]","args":[{"selector":{"id":"application-managesites-display-component---NewSite--addressDetailDetailsCountry","interaction":{"idSuffix":"inner"}},"wdio_ui5_key":"applicationmanagesites-display-component---NewSite--addressDetailDetailsCountry"}]}
RESULT: {"script":"<script> [1562 bytes]","args":[{"selector":{"id":"application-managesites-display-component---NewSite--addressDetailDetailsCountry","interaction":{"idSuffix":"inner"}},"wdio_ui5_key":"applicationmanagesites-display-component---NewSite--addressDetailDetailsCountry"}]}
RESULT: undefined
COMMAND: POST /session/5fe08db6bd73095dce541d1489fc13fd/execute/async - {"script":"<script> [776 bytes]","args":[{"enterText":"Romania","selector":{"id":"application-managesites-display-component---NewSite--addressDetailDetailsCountry","interaction":{"idSuffix":"inner"}},"clearTextFirst":true,"interactionType":"ENTER_TEXT"}]}
RESULT: {"script":"<script> [776 bytes]","args":[{"enterText":"Romania","selector":{"id":"application-managesites-display-component---NewSite--addressDetailDetailsCountry","interaction":{"idSuffix":"inner"}},"clearTextFirst":true,"interactionType":"ENTER_TEXT"}]}
COMMAND: POST /session/5fe08db6bd73095dce541d1489fc13fd/element - {"using":"css selector","value":"#application-managesites-display-component---NewSite--addressDetailDetailsCalendar-inner"}
RESULT: {"using":"css selector","value":"#application-managesites-display-component---NewSite--addressDetailDetailsCalendar-inner"}
COMMAND: POST /session/5fe08db6bd73095dce541d1489fc13fd/element/f.084301A5A664EC2A1657BC720E998331.d.2EBD4EE1D3EB554DA28D4DFBE7CB049B.e.2274/clear - {}
RESULT: {}
COMMAND: POST /session/5fe08db6bd73095dce541d1489fc13fd/element/f.084301A5A664EC2A1657BC720E998331.d.2EBD4EE1D3EB554DA28D4DFBE7CB049B.e.2274/value - {"text":"Germany"}
COMMAND: GET /session/5fe08db6bd73095dce541d1489fc13fd/screenshot - {}
RESULT: {"text":"Germany"}
COMMAND: POST /session/5fe08db6bd73095dce541d1489fc13fd/execute/async - {"script":"<script> [1562 bytes]","args":[{"selector":{"id":"application-managesites-display-component---NewSite--addressEditDetailsCostObjectCstType-arrow"},"wdio_ui5_key":"applicationmanagesites-display-component---NewSite--addressEditDetailsCostObjectCstType-arrow"}]}
COMMAND: GET /session/5fe08db6bd73095dce541d1489fc13fd/screenshot - {}
RESULT: {}
RESULT: {"script":"<script> [1562 bytes]","args":[{"selector":{"id":"application-managesites-display-component---NewSite--addressEditDetailsCostObjectCstType-arrow"},"wdio_ui5_key":"applicationmanagesites-display-component---NewSite--addressEditDetailsCostObjectCstType-arrow"}]}
RESULT: undefined
COMMAND: POST /session/5fe08db6bd73095dce541d1489fc13fd/element - {"using":"xpath","value":"//*[@id=\"application-managesites-display-component---NewSite--addressEditDetailsCostObjectCstType-arrow\"]"}
RESULT: {}
RESULT: {"using":"xpath","value":"//*[@id=\"application-managesites-display-component---NewSite--addressEditDetailsCostObjectCstType-arrow\"]"}
COMMAND: POST /session/5fe08db6bd73095dce541d1489fc13fd/element/f.084301A5A664EC2A1657BC720E998331.d.2EBD4EE1D3EB554DA28D4DFBE7CB049B.e.2475/click - {}
RESULT: {}
COMMAND: POST /session/5fe08db6bd73095dce541d1489fc13fd/element - {"using":"xpath","value":"//span[contains(text(), \"Work Breakdown Structure\")]"}
COMMAND: GET /session/5fe08db6bd73095dce541d1489fc13fd/screenshot - {}
RESULT: {"using":"xpath","value":"//span[contains(text(), \"Work Breakdown Structure\")]"}
COMMAND: POST /session/5fe08db6bd73095dce541d1489fc13fd/element/f.084301A5A664EC2A1657BC720E998331.d.2EBD4EE1D3EB554DA28D4DFBE7CB049B.e.2476/click - {}
RESULT: {}
RESULT: {}
COMMAND: GET /session/5fe08db6bd73095dce541d1489fc13fd/screenshot - {}
RESULT: {}
COMMAND: POST /session/5fe08db6bd73095dce541d1489fc13fd/execute/async - {"script":"<script> [1562 bytes]","args":[{"selector":{"id":"application-managesites-display-component---NewSite--addressNewCostObjectCstID-vhi"},"wdio_ui5_key":"applicationmanagesites-display-component---NewSite--addressNewCostObjectCstID-vhi"}]}
RESULT: {"script":"<script> [1562 bytes]","args":[{"selector":{"id":"application-managesites-display-component---NewSite--addressNewCostObjectCstID-vhi"},"wdio_ui5_key":"applicationmanagesites-display-component---NewSite--addressNewCostObjectCstID-vhi"}]}
RESULT: undefined
COMMAND: POST /session/5fe08db6bd73095dce541d1489fc13fd/element - {"using":"xpath","value":"//*[@id=\"application-managesites-display-component---NewSite--addressNewCostObjectCstID-vhi\"]"}
RESULT: {"using":"xpath","value":"//*[@id=\"application-managesites-display-component---NewSite--addressNewCostObjectCstID-vhi\"]"}
COMMAND: POST /session/5fe08db6bd73095dce541d1489fc13fd/element/f.084301A5A664EC2A1657BC720E998331.d.2EBD4EE1D3EB554DA28D4DFBE7CB049B.e.2480/click - {}
RESULT: {}
COMMAND: GET /session/5fe08db6bd73095dce541d1489fc13fd/screenshot - {}
RESULT: {}
COMMAND: POST /session/5fe08db6bd73095dce541d1489fc13fd/execute/async - {"script":"<script> [1562 bytes]","args":[{"selector":{"controlType":"sap.m.SearchField","properties":{"placeholder":"Search"},"searchOpenDialogs":true,"interaction":{"idSuffix":"I"}},"wdio_ui5_key":"sapm.SearchField{\"placeholder\":\"Search\"}"}]}
RESULT: {"script":"<script> [1562 bytes]","args":[{"selector":{"controlType":"sap.m.SearchField","properties":{"placeholder":"Search"},"searchOpenDialogs":true,"interaction":{"idSuffix":"I"}},"wdio_ui5_key":"sapm.SearchField{\"placeholder\":\"Search\"}"}]}
RESULT: undefined
COMMAND: POST /session/5fe08db6bd73095dce541d1489fc13fd/execute/async - {"script":"<script> [776 bytes]","args":[{"enterText":"A1-000100-01","selector":{"controlType":"sap.m.SearchField","properties":{"placeholder":"Search"},"searchOpenDialogs":true,"interaction":{"idSuffix":"I"}},"clearTextFirst":true,"interactionType":"ENTER_TEXT"}]}
RESULT: {"script":"<script> [776 bytes]","args":[{"enterText":"A1-000100-01","selector":{"controlType":"sap.m.SearchField","properties":{"placeholder":"Search"},"searchOpenDialogs":true,"interaction":{"idSuffix":"I"}},"clearTextFirst":true,"interactionType":"ENTER_TEXT"}]}
COMMAND: POST /session/5fe08db6bd73095dce541d1489fc13fd/actions - {"actions":[{"id":"action3","type":"key","parameters":{},"actions":[{"type":"keyDown","value":"î€‡"},{"type":"pause","duration":10},{"type":"keyUp","value":"î€‡"}]}]}
RESULT: {"actions":[{"id":"action3","type":"key","parameters":{},"actions":[{"type":"keyDown","value":"î€‡"},{"type":"pause","duration":10},{"type":"keyUp","value":"î€‡"}]}]}
COMMAND: GET /session/5fe08db6bd73095dce541d1489fc13fd/screenshot - {}
RESULT: {}
COMMAND: POST /session/5fe08db6bd73095dce541d1489fc13fd/element - {"using":"xpath","value":"//span[contains(text(), \"Template for ETO-Process\")]"}
RESULT: {"using":"xpath","value":"//span[contains(text(), \"Template for ETO-Process\")]"}
COMMAND: POST /session/5fe08db6bd73095dce541d1489fc13fd/element/f.084301A5A664EC2A1657BC720E998331.d.2EBD4EE1D3EB554DA28D4DFBE7CB049B.e.2501/click - {}
RESULT: {}
COMMAND: GET /session/5fe08db6bd73095dce541d1489fc13fd/screenshot - {}
RESULT: {}
COMMAND: POST /session/5fe08db6bd73095dce541d1489fc13fd/element - {"using":"xpath","value":"//bdi[contains(text(), \"OK\")]"}
RESULT: {"using":"xpath","value":"//bdi[contains(text(), \"OK\")]"}
COMMAND: POST /session/5fe08db6bd73095dce541d1489fc13fd/element/f.084301A5A664EC2A1657BC720E998331.d.2EBD4EE1D3EB554DA28D4DFBE7CB049B.e.2502/click - {}
RESULT: {}
COMMAND: GET /session/5fe08db6bd73095dce541d1489fc13fd/screenshot - {}
RESULT: {}
COMMAND: POST /session/5fe08db6bd73095dce541d1489fc13fd/element - {"using":"xpath","value":"//input[@id=\"application-managesites-display-component---NewSite--addressDetailDetailsYard-inner\"]"}
RESULT: {"using":"xpath","value":"//input[@id=\"application-managesites-display-component---NewSite--addressDetailDetailsYard-inner\"]"}
COMMAND: POST /session/5fe08db6bd73095dce541d1489fc13fd/element/f.084301A5A664EC2A1657BC720E998331.d.2EBD4EE1D3EB554DA28D4DFBE7CB049B.e.2275/value - {"text":"293"}
RESULT: {"text":"293"}
COMMAND: GET /session/5fe08db6bd73095dce541d1489fc13fd/screenshot - {}
RESULT: {}
COMMAND: POST /session/5fe08db6bd73095dce541d1489fc13fd/actions - {"actions":[{"id":"action4","type":"key","parameters":{},"actions":[{"type":"keyDown","value":"î€‡"},{"type":"pause","duration":10},{"type":"keyUp","value":"î€‡"}]}]}
RESULT: {"actions":[{"id":"action4","type":"key","parameters":{},"actions":[{"type":"keyDown","value":"î€‡"},{"type":"pause","duration":10},{"type":"keyUp","value":"î€‡"}]}]}
COMMAND: GET /session/5fe08db6bd73095dce541d1489fc13fd/screenshot - {}
RESULT: {}
COMMAND: POST /session/5fe08db6bd73095dce541d1489fc13fd/element - {"using":"xpath","value":"//input[@id=\"application-managesites-display-component---NewSite--addressDetailDetailsPartner-inner\"]"}
RESULT: {"using":"xpath","value":"//input[@id=\"application-managesites-display-component---NewSite--addressDetailDetailsPartner-inner\"]"}
COMMAND: POST /session/5fe08db6bd73095dce541d1489fc13fd/elements - {"using":"xpath","value":"//input[@id=\"application-managesites-display-component---NewSite--addressDetailDetailsPartner-inner\"]"}
RESULT: {"using":"xpath","value":"//input[@id=\"application-managesites-display-component---NewSite--addressDetailDetailsPartner-inner\"]"}
COMMAND: POST /session/5fe08db6bd73095dce541d1489fc13fd/execute/async - {"script":"<script> [1562 bytes]","args":[{"selector":{"controlType":"sap.m.Button","viewName":"etm.portal.ui.managesites.view.NewSmartSite","viewId":"application-managesites-display-component---NewSite","properties":{"text":"Commercial"},"interaction":{"idSuffix":"BDI-content"}},"wdio_ui5_key":"etmportal.ui.managesites.view.NewSmartSitesap.m.Button{\"text\":\"Commercial\"}"}]}
RESULT: {"script":"<script> [1562 bytes]","args":[{"selector":{"controlType":"sap.m.Button","viewName":"etm.portal.ui.managesites.view.NewSmartSite","viewId":"application-managesites-display-component---NewSite","properties":{"text":"Commercial"},"interaction":{"idSuffix":"BDI-content"}},"wdio_ui5_key":"etmportal.ui.managesites.view.NewSmartSitesap.m.Button{\"text\":\"Commercial\"}"}]}
RESULT: undefined
COMMAND: POST /session/5fe08db6bd73095dce541d1489fc13fd/element - {"using":"xpath","value":"//*[@id=\"application-managesites-display-component---NewSite--ObjectPageLayout-anchBar-__section29-anchor\"]"}
RESULT: {"using":"xpath","value":"//*[@id=\"application-managesites-display-component---NewSite--ObjectPageLayout-anchBar-__section29-anchor\"]"}
COMMAND: POST /session/5fe08db6bd73095dce541d1489fc13fd/element/f.084301A5A664EC2A1657BC720E998331.d.2EBD4EE1D3EB554DA28D4DFBE7CB049B.e.2509/click - {}
RESULT: {}
COMMAND: POST /session/5fe08db6bd73095dce541d1489fc13fd/execute/async - {"script":"<script> [1562 bytes]","args":[{"selector":{"controlType":"sap.m.Button","viewName":"etm.portal.ui.managesites.view.NewSmartSite","viewId":"application-managesites-display-component---NewSite","i18NText":{"propertyName":"text","key":"save"},"interaction":{"idSuffix":"BDI-content"}},"wdio_ui5_key":"etmportal.ui.managesites.view.NewSmartSitesap.m.Button{\"propertyName\":\"text\",\"key\":\"save\"}"}]}
COMMAND: GET /session/5fe08db6bd73095dce541d1489fc13fd/screenshot - {}
RESULT: {"script":"<script> [1562 bytes]","args":[{"selector":{"controlType":"sap.m.Button","viewName":"etm.portal.ui.managesites.view.NewSmartSite","viewId":"application-managesites-display-component---NewSite","i18NText":{"propertyName":"text","key":"save"},"interaction":{"idSuffix":"BDI-content"}},"wdio_ui5_key":"etmportal.ui.managesites.view.NewSmartSitesap.m.Button{\"propertyName\":\"text\",\"key\":\"save\"}"}]}
RESULT: undefined
COMMAND: POST /session/5fe08db6bd73095dce541d1489fc13fd/element - {"using":"xpath","value":"//*[@id=\"__button60\"]"}
RESULT: {}
RESULT: {"using":"xpath","value":"//*[@id=\"__button60\"]"}
COMMAND: POST /session/5fe08db6bd73095dce541d1489fc13fd/element/f.084301A5A664EC2A1657BC720E998331.d.2EBD4EE1D3EB554DA28D4DFBE7CB049B.e.2403/click - {}
RESULT: {}
COMMAND: GET /session/5fe08db6bd73095dce541d1489fc13fd/screenshot - {}
RESULT: {}
COMMAND: POST /session/5fe08db6bd73095dce541d1489fc13fd/execute/async - {"script":"<script> [1562 bytes]","args":[{"selector":{"id":"application-managesites-display-component---detailSite--addressDetailDetailsYardText"},"wdio_ui5_key":"applicationmanagesites-display-component---detailSite--addressDetailDetailsYardText"}]}
RESULT: {"script":"<script> [1562 bytes]","args":[{"selector":{"id":"application-managesites-display-component---detailSite--addressDetailDetailsYardText"},"wdio_ui5_key":"applicationmanagesites-display-component---detailSite--addressDetailDetailsYardText"}]}
RESULT: undefined
COMMAND: POST /session/5fe08db6bd73095dce541d1489fc13fd/element - {"using":"xpath","value":"//header/div/div[2]/div[2]/span"}
RESULT: {"using":"xpath","value":"//header/div/div[2]/div[2]/span"}
COMMAND: GET /session/5fe08db6bd73095dce541d1489fc13fd/element/f.084301A5A664EC2A1657BC720E998331.d.2EBD4EE1D3EB554DA28D4DFBE7CB049B.e.2715/text - {}
RESULT: {}
COMMAND: POST /session/5fe08db6bd73095dce541d1489fc13fd/element - {"using":"xpath","value":"//header/div/div/div/div/div/div[2]/div/span"}
RESULT: {"using":"xpath","value":"//header/div/div/div/div/div/div[2]/div/span"}
COMMAND: GET /session/5fe08db6bd73095dce541d1489fc13fd/element/f.084301A5A664EC2A1657BC720E998331.d.2EBD4EE1D3EB554DA28D4DFBE7CB049B.e.2716/text - {}
RESULT: {}
COMMAND: POST /session/5fe08db6bd73095dce541d1489fc13fd/element - {"using":"css selector","value":"#shell-header-logo"}
RESULT: {"using":"css selector","value":"#shell-header-logo"}
COMMAND: POST /session/5fe08db6bd73095dce541d1489fc13fd/element/f.084301A5A664EC2A1657BC720E998331.d.2EBD4EE1D3EB554DA28D4DFBE7CB049B.e.1855/click - {}
RESULT: {}
COMMAND: GET /session/5fe08db6bd73095dce541d1489fc13fd/screenshot - {}
RESULT: {}
]]></system-out>
    </testcase>
    <testcase classname="chrome.136_0_7103_49.windows.Standard_contract_-_add_contract_items_by_Insert_Request_US118222" name="Should create 2 new resources and a catalog item" time="362.201">
      <system-out><![CDATA[
COMMAND: POST /session/5fe08db6bd73095dce541d1489fc13fd/execute/async - {"script":"<script> [1562 bytes]","args":[{"selector":{"controlType":"sap.m.GenericTile","properties":{"header":"Manage Resources"}},"wdio_ui5_key":"sapm.GenericTile{\"header\":\"Manage Resources\"}"}]}
RESULT: {"script":"<script> [1562 bytes]","args":[{"selector":{"controlType":"sap.m.GenericTile","properties":{"header":"Manage Resources"}},"wdio_ui5_key":"sapm.GenericTile{\"header\":\"Manage Resources\"}"}]}
RESULT: undefined
COMMAND: POST /session/5fe08db6bd73095dce541d1489fc13fd/element - {"using":"xpath","value":"//*[@id=\"__tile39\"]"}
RESULT: {"using":"xpath","value":"//*[@id=\"__tile39\"]"}
COMMAND: POST /session/5fe08db6bd73095dce541d1489fc13fd/element/f.084301A5A664EC2A1657BC720E998331.d.2EBD4EE1D3EB554DA28D4DFBE7CB049B.e.2718/click - {}
RESULT: {}
COMMAND: GET /session/5fe08db6bd73095dce541d1489fc13fd/screenshot - {}
RESULT: {}
COMMAND: POST /session/5fe08db6bd73095dce541d1489fc13fd/elements - {"using":"xpath","value":"//span[text()='Error']"}
RESULT: {"using":"xpath","value":"//span[text()='Error']"}
COMMAND: POST /session/5fe08db6bd73095dce541d1489fc13fd/element - {"using":"xpath","value":"//button[@data-kt=\"addNewRUOverflowToolbarButton\"]"}
RESULT: {"using":"xpath","value":"//button[@data-kt=\"addNewRUOverflowToolbarButton\"]"}
COMMAND: POST /session/5fe08db6bd73095dce541d1489fc13fd/execute/sync - {"script":"<script> [8489 bytes]","args":[{"element-6066-11e4-a52e-4f735466cecf":"f.084301A5A664EC2A1657BC720E998331.d.2EBD4EE1D3EB554DA28D4DFBE7CB049B.e.2760","ELEMENT":"f.084301A5A664EC2A1657BC720E998331.d.2EBD4EE1D3EB554DA28D4DFBE7CB049B.e.2760"}]}
RESULT: {"script":"<script> [8489 bytes]","args":[{"element-6066-11e4-a52e-4f735466cecf":"f.084301A5A664EC2A1657BC720E998331.d.2EBD4EE1D3EB554DA28D4DFBE7CB049B.e.2760","ELEMENT":"f.084301A5A664EC2A1657BC720E998331.d.2EBD4EE1D3EB554DA28D4DFBE7CB049B.e.2760"}]}
COMMAND: POST /session/5fe08db6bd73095dce541d1489fc13fd/element/f.084301A5A664EC2A1657BC720E998331.d.2EBD4EE1D3EB554DA28D4DFBE7CB049B.e.2760/click - {}
COMMAND: GET /session/5fe08db6bd73095dce541d1489fc13fd/screenshot - {}
RESULT: {}
COMMAND: POST /session/5fe08db6bd73095dce541d1489fc13fd/execute/async - {"script":"<script> [1562 bytes]","args":[{"selector":{"id":"application-manageresources-display-component---newResourceUnit--TYPE-arrow"},"wdio_ui5_key":"applicationmanageresources-display-component---newResourceUnit--TYPE-arrow"}]}
COMMAND: GET /session/5fe08db6bd73095dce541d1489fc13fd/screenshot - {}
RESULT: {}
RESULT: {"script":"<script> [1562 bytes]","args":[{"selector":{"id":"application-manageresources-display-component---newResourceUnit--TYPE-arrow"},"wdio_ui5_key":"applicationmanageresources-display-component---newResourceUnit--TYPE-arrow"}]}
RESULT: undefined
COMMAND: POST /session/5fe08db6bd73095dce541d1489fc13fd/element - {"using":"xpath","value":"//*[@id=\"application-manageresources-display-component---newResourceUnit--TYPE-arrow\"]"}
RESULT: {}
RESULT: {"using":"xpath","value":"//*[@id=\"application-manageresources-display-component---newResourceUnit--TYPE-arrow\"]"}
COMMAND: POST /session/5fe08db6bd73095dce541d1489fc13fd/element/f.084301A5A664EC2A1657BC720E998331.d.2EBD4EE1D3EB554DA28D4DFBE7CB049B.e.3082/click - {}
RESULT: {}
COMMAND: POST /session/5fe08db6bd73095dce541d1489fc13fd/execute/async - {"script":"<script> [1562 bytes]","args":[{"selector":{"controlType":"sap.m.StandardListItem","viewName":"reusables.view.manageresources.NewResourceUnit","viewId":"application-manageresources-display-component---newResourceUnit","properties":{"title":"Material"},"searchOpenDialogs":true,"interaction":{"idSuffix":"titleText"}},"wdio_ui5_key":"reusablesview.manageresources.NewResourceUnitsap.m.StandardListItem{\"title\":\"Material\"}"}]}
COMMAND: GET /session/5fe08db6bd73095dce541d1489fc13fd/screenshot - {}
RESULT: {"script":"<script> [1562 bytes]","args":[{"selector":{"controlType":"sap.m.StandardListItem","viewName":"reusables.view.manageresources.NewResourceUnit","viewId":"application-manageresources-display-component---newResourceUnit","properties":{"title":"Material"},"searchOpenDialogs":true,"interaction":{"idSuffix":"titleText"}},"wdio_ui5_key":"reusablesview.manageresources.NewResourceUnitsap.m.StandardListItem{\"title\":\"Material\"}"}]}
RESULT: undefined
COMMAND: POST /session/5fe08db6bd73095dce541d1489fc13fd/element - {"using":"xpath","value":"//*[@id=\"__item846\"]"}
RESULT: {}
RESULT: {"using":"xpath","value":"//*[@id=\"__item846\"]"}
COMMAND: POST /session/5fe08db6bd73095dce541d1489fc13fd/element/f.084301A5A664EC2A1657BC720E998331.d.2EBD4EE1D3EB554DA28D4DFBE7CB049B.e.3085/click - {}
RESULT: {}
COMMAND: POST /session/5fe08db6bd73095dce541d1489fc13fd/execute/async - {"script":"<script> [1562 bytes]","args":[{"selector":{"id":"application-manageresources-display-component---newResourceUnit--SHORT_TEXT","interaction":{"idSuffix":"inner"}},"wdio_ui5_key":"applicationmanageresources-display-component---newResourceUnit--SHORT_TEXT"}]}
COMMAND: GET /session/5fe08db6bd73095dce541d1489fc13fd/screenshot - {}
RESULT: {"script":"<script> [1562 bytes]","args":[{"selector":{"id":"application-manageresources-display-component---newResourceUnit--SHORT_TEXT","interaction":{"idSuffix":"inner"}},"wdio_ui5_key":"applicationmanageresources-display-component---newResourceUnit--SHORT_TEXT"}]}
RESULT: undefined
COMMAND: POST /session/5fe08db6bd73095dce541d1489fc13fd/execute/async - {"script":"<script> [776 bytes]","args":[{"enterText":"WebdriverRUR2Cf1elj","selector":{"id":"application-manageresources-display-component---newResourceUnit--SHORT_TEXT","interaction":{"idSuffix":"inner"}},"clearTextFirst":true,"interactionType":"ENTER_TEXT"}]}
RESULT: {}
RESULT: {"script":"<script> [776 bytes]","args":[{"enterText":"WebdriverRUR2Cf1elj","selector":{"id":"application-manageresources-display-component---newResourceUnit--SHORT_TEXT","interaction":{"idSuffix":"inner"}},"clearTextFirst":true,"interactionType":"ENTER_TEXT"}]}
COMMAND: POST /session/5fe08db6bd73095dce541d1489fc13fd/execute/async - {"script":"<script> [1562 bytes]","args":[{"selector":{"id":"application-manageresources-display-component---newResourceUnit--BASE_UNIT_OF_MEASURE-arrow"},"wdio_ui5_key":"applicationmanageresources-display-component---newResourceUnit--BASE_UNIT_OF_MEASURE-arrow"}]}
RESULT: {"script":"<script> [1562 bytes]","args":[{"selector":{"id":"application-manageresources-display-component---newResourceUnit--BASE_UNIT_OF_MEASURE-arrow"},"wdio_ui5_key":"applicationmanageresources-display-component---newResourceUnit--BASE_UNIT_OF_MEASURE-arrow"}]}
RESULT: undefined
COMMAND: POST /session/5fe08db6bd73095dce541d1489fc13fd/element - {"using":"xpath","value":"//*[@id=\"application-manageresources-display-component---newResourceUnit--BASE_UNIT_OF_MEASURE-arrow\"]"}
RESULT: {"using":"xpath","value":"//*[@id=\"application-manageresources-display-component---newResourceUnit--BASE_UNIT_OF_MEASURE-arrow\"]"}
COMMAND: POST /session/5fe08db6bd73095dce541d1489fc13fd/element/f.084301A5A664EC2A1657BC720E998331.d.2EBD4EE1D3EB554DA28D4DFBE7CB049B.e.3139/click - {}
RESULT: {}
COMMAND: POST /session/5fe08db6bd73095dce541d1489fc13fd/execute/async - {"script":"<script> [1562 bytes]","args":[{"selector":{"controlType":"sap.m.StandardListItem","viewName":"reusables.view.manageresources.NewResourceUnit","viewId":"application-manageresources-display-component---newResourceUnit","properties":{"title":"Piece"},"searchOpenDialogs":true,"interaction":{"idSuffix":"titleText"}},"wdio_ui5_key":"reusablesview.manageresources.NewResourceUnitsap.m.StandardListItem{\"title\":\"Piece\"}"}]}
COMMAND: GET /session/5fe08db6bd73095dce541d1489fc13fd/screenshot - {}
RESULT: {"script":"<script> [1562 bytes]","args":[{"selector":{"controlType":"sap.m.StandardListItem","viewName":"reusables.view.manageresources.NewResourceUnit","viewId":"application-manageresources-display-component---newResourceUnit","properties":{"title":"Piece"},"searchOpenDialogs":true,"interaction":{"idSuffix":"titleText"}},"wdio_ui5_key":"reusablesview.manageresources.NewResourceUnitsap.m.StandardListItem{\"title\":\"Piece\"}"}]}
RESULT: undefined
COMMAND: POST /session/5fe08db6bd73095dce541d1489fc13fd/element - {"using":"xpath","value":"//*[@id=\"__item888\"]"}
RESULT: {}
RESULT: {"using":"xpath","value":"//*[@id=\"__item888\"]"}
COMMAND: POST /session/5fe08db6bd73095dce541d1489fc13fd/element/f.084301A5A664EC2A1657BC720E998331.d.2EBD4EE1D3EB554DA28D4DFBE7CB049B.e.3141/click - {}
RESULT: {}
COMMAND: POST /session/5fe08db6bd73095dce541d1489fc13fd/element - {"using":"xpath","value":"//input[contains(@id ,\"application-manageresources-display-component---newResourceUnit--SHORT_TEXT-inner\")]"}
COMMAND: GET /session/5fe08db6bd73095dce541d1489fc13fd/screenshot - {}
RESULT: {"using":"xpath","value":"//input[contains(@id ,\"application-manageresources-display-component---newResourceUnit--SHORT_TEXT-inner\")]"}
COMMAND: GET /session/5fe08db6bd73095dce541d1489fc13fd/element/f.084301A5A664EC2A1657BC720E998331.d.2EBD4EE1D3EB554DA28D4DFBE7CB049B.e.3102/property/value - {}
RESULT: {}
RESULT: {}
COMMAND: POST /session/5fe08db6bd73095dce541d1489fc13fd/execute/async - {"script":"<script> [1562 bytes]","args":[{"selector":{"id":"application-manageresources-display-component---newResourceUnit--WEIGHT_UNIT-arrow"},"wdio_ui5_key":"applicationmanageresources-display-component---newResourceUnit--WEIGHT_UNIT-arrow"}]}
COMMAND: GET /session/5fe08db6bd73095dce541d1489fc13fd/screenshot - {}
RESULT: {"script":"<script> [1562 bytes]","args":[{"selector":{"id":"application-manageresources-display-component---newResourceUnit--WEIGHT_UNIT-arrow"},"wdio_ui5_key":"applicationmanageresources-display-component---newResourceUnit--WEIGHT_UNIT-arrow"}]}
RESULT: undefined
COMMAND: POST /session/5fe08db6bd73095dce541d1489fc13fd/element - {"using":"xpath","value":"//*[@id=\"application-manageresources-display-component---newResourceUnit--WEIGHT_UNIT-arrow\"]"}
RESULT: {}
RESULT: {"using":"xpath","value":"//*[@id=\"application-manageresources-display-component---newResourceUnit--WEIGHT_UNIT-arrow\"]"}
COMMAND: POST /session/5fe08db6bd73095dce541d1489fc13fd/element/f.084301A5A664EC2A1657BC720E998331.d.2EBD4EE1D3EB554DA28D4DFBE7CB049B.e.3142/click - {}
RESULT: {}
COMMAND: POST /session/5fe08db6bd73095dce541d1489fc13fd/execute/async - {"script":"<script> [1562 bytes]","args":[{"selector":{"controlType":"sap.m.StandardListItem","viewName":"reusables.view.manageresources.NewResourceUnit","viewId":"application-manageresources-display-component---newResourceUnit","properties":{"title":"Gram"},"searchOpenDialogs":true,"interaction":{"idSuffix":"content"}},"wdio_ui5_key":"reusablesview.manageresources.NewResourceUnitsap.m.StandardListItem{\"title\":\"Gram\"}"}]}
COMMAND: GET /session/5fe08db6bd73095dce541d1489fc13fd/screenshot - {}
RESULT: {"script":"<script> [1562 bytes]","args":[{"selector":{"controlType":"sap.m.StandardListItem","viewName":"reusables.view.manageresources.NewResourceUnit","viewId":"application-manageresources-display-component---newResourceUnit","properties":{"title":"Gram"},"searchOpenDialogs":true,"interaction":{"idSuffix":"content"}},"wdio_ui5_key":"reusablesview.manageresources.NewResourceUnitsap.m.StandardListItem{\"title\":\"Gram\"}"}]}
RESULT: undefined
COMMAND: POST /session/5fe08db6bd73095dce541d1489fc13fd/element - {"using":"xpath","value":"//*[@id=\"__item953\"]"}
RESULT: {}
RESULT: {"using":"xpath","value":"//*[@id=\"__item953\"]"}
COMMAND: POST /session/5fe08db6bd73095dce541d1489fc13fd/element/f.084301A5A664EC2A1657BC720E998331.d.2EBD4EE1D3EB554DA28D4DFBE7CB049B.e.3144/click - {}
RESULT: {}
COMMAND: POST /session/5fe08db6bd73095dce541d1489fc13fd/execute/async - {"script":"<script> [1562 bytes]","args":[{"selector":{"id":"application-manageresources-display-component---newResourceUnit--newRRUPage-OPHeaderContent-collapseBtn-img"},"wdio_ui5_key":"applicationmanageresources-display-component---newResourceUnit--newRRUPage-OPHeaderContent-collapseBtn-img"}]}
COMMAND: GET /session/5fe08db6bd73095dce541d1489fc13fd/screenshot - {}
RESULT: {"script":"<script> [1562 bytes]","args":[{"selector":{"id":"application-manageresources-display-component---newResourceUnit--newRRUPage-OPHeaderContent-collapseBtn-img"},"wdio_ui5_key":"applicationmanageresources-display-component---newResourceUnit--newRRUPage-OPHeaderContent-collapseBtn-img"}]}
RESULT: undefined
COMMAND: POST /session/5fe08db6bd73095dce541d1489fc13fd/element - {"using":"xpath","value":"//*[@id=\"application-manageresources-display-component---newResourceUnit--newRRUPage-OPHeaderContent-collapseBtn-img\"]"}
RESULT: {}
RESULT: {"using":"xpath","value":"//*[@id=\"application-manageresources-display-component---newResourceUnit--newRRUPage-OPHeaderContent-collapseBtn-img\"]"}
COMMAND: POST /session/5fe08db6bd73095dce541d1489fc13fd/element/f.084301A5A664EC2A1657BC720E998331.d.2EBD4EE1D3EB554DA28D4DFBE7CB049B.e.3092/click - {}
RESULT: {}
COMMAND: GET /session/5fe08db6bd73095dce541d1489fc13fd/screenshot - {}
RESULT: {}
COMMAND: POST /session/5fe08db6bd73095dce541d1489fc13fd/element - {"using":"xpath","value":"(//span[contains(@id ,\"application-manageresources-display-component---newResourceUnit--DIMENSION_UNIT-arrow\")])[1]"}
RESULT: {"using":"xpath","value":"(//span[contains(@id ,\"application-manageresources-display-component---newResourceUnit--DIMENSION_UNIT-arrow\")])[1]"}
COMMAND: POST /session/5fe08db6bd73095dce541d1489fc13fd/element/f.084301A5A664EC2A1657BC720E998331.d.2EBD4EE1D3EB554DA28D4DFBE7CB049B.e.3150/click - {}
RESULT: {}
COMMAND: GET /session/5fe08db6bd73095dce541d1489fc13fd/screenshot - {}
RESULT: {}
COMMAND: POST /session/5fe08db6bd73095dce541d1489fc13fd/execute/async - {"script":"<script> [1562 bytes]","args":[{"selector":{"controlType":"sap.m.StandardListItem","viewName":"reusables.view.manageresources.NewResourceUnit","viewId":"application-manageresources-display-component---newResourceUnit","properties":{"title":"Centimeter"},"searchOpenDialogs":true,"interaction":{"idSuffix":"titleText"}},"wdio_ui5_key":"reusablesview.manageresources.NewResourceUnitsap.m.StandardListItem{\"title\":\"Centimeter\"}"}]}
RESULT: {"script":"<script> [1562 bytes]","args":[{"selector":{"controlType":"sap.m.StandardListItem","viewName":"reusables.view.manageresources.NewResourceUnit","viewId":"application-manageresources-display-component---newResourceUnit","properties":{"title":"Centimeter"},"searchOpenDialogs":true,"interaction":{"idSuffix":"titleText"}},"wdio_ui5_key":"reusablesview.manageresources.NewResourceUnitsap.m.StandardListItem{\"title\":\"Centimeter\"}"}]}
RESULT: undefined
COMMAND: POST /session/5fe08db6bd73095dce541d1489fc13fd/element - {"using":"xpath","value":"//*[@id=\"__item956\"]"}
RESULT: {"using":"xpath","value":"//*[@id=\"__item956\"]"}
COMMAND: POST /session/5fe08db6bd73095dce541d1489fc13fd/element/f.084301A5A664EC2A1657BC720E998331.d.2EBD4EE1D3EB554DA28D4DFBE7CB049B.e.3152/click - {}
RESULT: {}
COMMAND: POST /session/5fe08db6bd73095dce541d1489fc13fd/execute/async - {"script":"<script> [1562 bytes]","args":[{"selector":{"id":"application-manageresources-display-component---newResourceUnit--newRRUPage-anchBar-application-manageresources-display-component---newResourceUnit--reference-anchor","interaction":{"idSuffix":"BDI-content"}},"wdio_ui5_key":"applicationmanageresources-display-component---newResourceUnit--newRRUPage-anchBar-application-manageresources-display-component---newResourceUnit--reference-anchor"}]}
COMMAND: GET /session/5fe08db6bd73095dce541d1489fc13fd/screenshot - {}
RESULT: {"script":"<script> [1562 bytes]","args":[{"selector":{"id":"application-manageresources-display-component---newResourceUnit--newRRUPage-anchBar-application-manageresources-display-component---newResourceUnit--reference-anchor","interaction":{"idSuffix":"BDI-content"}},"wdio_ui5_key":"applicationmanageresources-display-component---newResourceUnit--newRRUPage-anchBar-application-manageresources-display-component---newResourceUnit--reference-anchor"}]}
RESULT: undefined
COMMAND: POST /session/5fe08db6bd73095dce541d1489fc13fd/element - {"using":"xpath","value":"//*[@id=\"application-manageresources-display-component---newResourceUnit--newRRUPage-anchBar-application-manageresources-display-component---newResourceUnit--reference-anchor\"]"}
RESULT: {}
RESULT: {"using":"xpath","value":"//*[@id=\"application-manageresources-display-component---newResourceUnit--newRRUPage-anchBar-application-manageresources-display-component---newResourceUnit--reference-anchor\"]"}
COMMAND: POST /session/5fe08db6bd73095dce541d1489fc13fd/element/f.084301A5A664EC2A1657BC720E998331.d.2EBD4EE1D3EB554DA28D4DFBE7CB049B.e.3154/click - {}
RESULT: {}
COMMAND: POST /session/5fe08db6bd73095dce541d1489fc13fd/execute/async - {"script":"<script> [1562 bytes]","args":[{"selector":{"id":"application-manageresources-display-component---newResourceUnit--PLANNING_GROUP-arrow"},"wdio_ui5_key":"applicationmanageresources-display-component---newResourceUnit--PLANNING_GROUP-arrow"}]}
COMMAND: GET /session/5fe08db6bd73095dce541d1489fc13fd/screenshot - {}
RESULT: {"script":"<script> [1562 bytes]","args":[{"selector":{"id":"application-manageresources-display-component---newResourceUnit--PLANNING_GROUP-arrow"},"wdio_ui5_key":"applicationmanageresources-display-component---newResourceUnit--PLANNING_GROUP-arrow"}]}
RESULT: undefined
COMMAND: POST /session/5fe08db6bd73095dce541d1489fc13fd/element - {"using":"xpath","value":"//*[@id=\"application-manageresources-display-component---newResourceUnit--PLANNING_GROUP-arrow\"]"}
RESULT: {}
RESULT: {"using":"xpath","value":"//*[@id=\"application-manageresources-display-component---newResourceUnit--PLANNING_GROUP-arrow\"]"}
COMMAND: POST /session/5fe08db6bd73095dce541d1489fc13fd/element/f.084301A5A664EC2A1657BC720E998331.d.2EBD4EE1D3EB554DA28D4DFBE7CB049B.e.3158/click - {}
RESULT: {}
COMMAND: POST /session/5fe08db6bd73095dce541d1489fc13fd/execute/async - {"script":"<script> [1562 bytes]","args":[{"selector":{"controlType":"sap.m.StandardListItem","viewName":"reusables.view.manageresources.NewResourceUnit","viewId":"application-manageresources-display-component---newResourceUnit","properties":{"title":"Heavy Equi"},"searchOpenDialogs":true,"interaction":{"idSuffix":"content"}},"wdio_ui5_key":"reusablesview.manageresources.NewResourceUnitsap.m.StandardListItem{\"title\":\"Heavy Equi\"}"}]}
COMMAND: GET /session/5fe08db6bd73095dce541d1489fc13fd/screenshot - {}
RESULT: {"script":"<script> [1562 bytes]","args":[{"selector":{"controlType":"sap.m.StandardListItem","viewName":"reusables.view.manageresources.NewResourceUnit","viewId":"application-manageresources-display-component---newResourceUnit","properties":{"title":"Heavy Equi"},"searchOpenDialogs":true,"interaction":{"idSuffix":"content"}},"wdio_ui5_key":"reusablesview.manageresources.NewResourceUnitsap.m.StandardListItem{\"title\":\"Heavy Equi\"}"}]}
RESULT: undefined
COMMAND: POST /session/5fe08db6bd73095dce541d1489fc13fd/element - {"using":"xpath","value":"//*[@id=\"__item964\"]"}
RESULT: {}
RESULT: {"using":"xpath","value":"//*[@id=\"__item964\"]"}
COMMAND: POST /session/5fe08db6bd73095dce541d1489fc13fd/element/f.084301A5A664EC2A1657BC720E998331.d.2EBD4EE1D3EB554DA28D4DFBE7CB049B.e.3160/click - {}
RESULT: {}
COMMAND: GET /session/5fe08db6bd73095dce541d1489fc13fd/screenshot - {}
RESULT: {}
COMMAND: POST /session/5fe08db6bd73095dce541d1489fc13fd/execute/async - {"script":"<script> [1562 bytes]","args":[{"selector":{"id":"application-manageresources-display-component---newResourceUnit--PLANNING_INDICATOR-arrow"},"wdio_ui5_key":"applicationmanageresources-display-component---newResourceUnit--PLANNING_INDICATOR-arrow"}]}
RESULT: {"script":"<script> [1562 bytes]","args":[{"selector":{"id":"application-manageresources-display-component---newResourceUnit--PLANNING_INDICATOR-arrow"},"wdio_ui5_key":"applicationmanageresources-display-component---newResourceUnit--PLANNING_INDICATOR-arrow"}]}
RESULT: undefined
COMMAND: POST /session/5fe08db6bd73095dce541d1489fc13fd/element - {"using":"xpath","value":"//*[@id=\"application-manageresources-display-component---newResourceUnit--PLANNING_INDICATOR-arrow\"]"}
RESULT: {"using":"xpath","value":"//*[@id=\"application-manageresources-display-component---newResourceUnit--PLANNING_INDICATOR-arrow\"]"}
COMMAND: POST /session/5fe08db6bd73095dce541d1489fc13fd/element/f.084301A5A664EC2A1657BC720E998331.d.2EBD4EE1D3EB554DA28D4DFBE7CB049B.e.3161/click - {}
RESULT: {}
COMMAND: POST /session/5fe08db6bd73095dce541d1489fc13fd/execute/async - {"script":"<script> [1562 bytes]","args":[{"selector":{"controlType":"sap.m.StandardListItem","viewName":"reusables.view.manageresources.NewResourceUnit","viewId":"application-manageresources-display-component---newResourceUnit","properties":{"title":"10 - infinite"},"searchOpenDialogs":true,"interaction":{"idSuffix":"content"}},"wdio_ui5_key":"reusablesview.manageresources.NewResourceUnitsap.m.StandardListItem{\"title\":\"10 - infinite\"}"}]}
COMMAND: GET /session/5fe08db6bd73095dce541d1489fc13fd/screenshot - {}
RESULT: {"script":"<script> [1562 bytes]","args":[{"selector":{"controlType":"sap.m.StandardListItem","viewName":"reusables.view.manageresources.NewResourceUnit","viewId":"application-manageresources-display-component---newResourceUnit","properties":{"title":"10 - infinite"},"searchOpenDialogs":true,"interaction":{"idSuffix":"content"}},"wdio_ui5_key":"reusablesview.manageresources.NewResourceUnitsap.m.StandardListItem{\"title\":\"10 - infinite\"}"}]}
RESULT: undefined
COMMAND: POST /session/5fe08db6bd73095dce541d1489fc13fd/element - {"using":"xpath","value":"//*[@id=\"__item974\"]"}
RESULT: {}
RESULT: {"using":"xpath","value":"//*[@id=\"__item974\"]"}
COMMAND: POST /session/5fe08db6bd73095dce541d1489fc13fd/element/f.084301A5A664EC2A1657BC720E998331.d.2EBD4EE1D3EB554DA28D4DFBE7CB049B.e.3163/click - {}
RESULT: {}
COMMAND: GET /session/5fe08db6bd73095dce541d1489fc13fd/screenshot - {}
RESULT: {}
COMMAND: POST /session/5fe08db6bd73095dce541d1489fc13fd/element - {"using":"xpath","value":"//bdi[contains(text(), \"Time Segment\")]"}
RESULT: {"using":"xpath","value":"//bdi[contains(text(), \"Time Segment\")]"}
COMMAND: GET /session/5fe08db6bd73095dce541d1489fc13fd/element/f.084301A5A664EC2A1657BC720E998331.d.2EBD4EE1D3EB554DA28D4DFBE7CB049B.e.3164/rect - {}
RESULT: {}
COMMAND: GET /session/5fe08db6bd73095dce541d1489fc13fd/window/rect - {}
RESULT: {}
COMMAND: POST /session/5fe08db6bd73095dce541d1489fc13fd/execute/sync - {"script":"<script> [92 bytes]","args":[]}
RESULT: {"script":"<script> [92 bytes]","args":[]}
COMMAND: POST /session/5fe08db6bd73095dce541d1489fc13fd/actions - {"actions":[{"id":"action5","type":"wheel","parameters":{},"actions":[{"type":"scroll","x":-1820,"y":-21,"deltaX":0,"deltaY":0,"duration":0,"origin":{"element-6066-11e4-a52e-4f735466cecf":"f.084301A5A664EC2A1657BC720E998331.d.2EBD4EE1D3EB554DA28D4DFBE7CB049B.e.3164"}}]}]}
COMMAND: GET /session/5fe08db6bd73095dce541d1489fc13fd/screenshot - {}
RESULT: {}
COMMAND: POST /session/5fe08db6bd73095dce541d1489fc13fd/execute/sync - {"script":"<script> [79 bytes]","args":[{"element-6066-11e4-a52e-4f735466cecf":"f.084301A5A664EC2A1657BC720E998331.d.2EBD4EE1D3EB554DA28D4DFBE7CB049B.e.3164","ELEMENT":"f.084301A5A664EC2A1657BC720E998331.d.2EBD4EE1D3EB554DA28D4DFBE7CB049B.e.3164"},{"block":"start","inline":"nearest"}]}
RESULT: {"script":"<script> [79 bytes]","args":[{"element-6066-11e4-a52e-4f735466cecf":"f.084301A5A664EC2A1657BC720E998331.d.2EBD4EE1D3EB554DA28D4DFBE7CB049B.e.3164","ELEMENT":"f.084301A5A664EC2A1657BC720E998331.d.2EBD4EE1D3EB554DA28D4DFBE7CB049B.e.3164"},{"block":"start","inline":"nearest"}]}
COMMAND: GET /session/5fe08db6bd73095dce541d1489fc13fd/screenshot - {}
RESULT: {}
COMMAND: POST /session/5fe08db6bd73095dce541d1489fc13fd/element - {"using":"xpath","value":"//span[@id=\"application-manageresources-display-component---newResourceUnit--btnAddTimeSegment-img\"]"}
RESULT: {"using":"xpath","value":"//span[@id=\"application-manageresources-display-component---newResourceUnit--btnAddTimeSegment-img\"]"}
COMMAND: POST /session/5fe08db6bd73095dce541d1489fc13fd/execute/sync - {"script":"<script> [8489 bytes]","args":[{"element-6066-11e4-a52e-4f735466cecf":"f.084301A5A664EC2A1657BC720E998331.d.2EBD4EE1D3EB554DA28D4DFBE7CB049B.e.3167","ELEMENT":"f.084301A5A664EC2A1657BC720E998331.d.2EBD4EE1D3EB554DA28D4DFBE7CB049B.e.3167"}]}
RESULT: {"script":"<script> [8489 bytes]","args":[{"element-6066-11e4-a52e-4f735466cecf":"f.084301A5A664EC2A1657BC720E998331.d.2EBD4EE1D3EB554DA28D4DFBE7CB049B.e.3167","ELEMENT":"f.084301A5A664EC2A1657BC720E998331.d.2EBD4EE1D3EB554DA28D4DFBE7CB049B.e.3167"}]}
COMMAND: POST /session/5fe08db6bd73095dce541d1489fc13fd/element/f.084301A5A664EC2A1657BC720E998331.d.2EBD4EE1D3EB554DA28D4DFBE7CB049B.e.3167/click - {}
COMMAND: GET /session/5fe08db6bd73095dce541d1489fc13fd/screenshot - {}
RESULT: {}
COMMAND: GET /session/5fe08db6bd73095dce541d1489fc13fd/screenshot - {}
RESULT: {}
COMMAND: POST /session/5fe08db6bd73095dce541d1489fc13fd/element - {"using":"xpath","value":"//input[@id=\"application-manageresources-display-component---newResourceUnit--idRuTSAdmin-application-manageresources-display-component---newResourceUnit--RUTimeSegment-0-inner\"]"}
RESULT: {}
RESULT: {"using":"xpath","value":"//input[@id=\"application-manageresources-display-component---newResourceUnit--idRuTSAdmin-application-manageresources-display-component---newResourceUnit--RUTimeSegment-0-inner\"]"}
COMMAND: POST /session/5fe08db6bd73095dce541d1489fc13fd/element/f.084301A5A664EC2A1657BC720E998331.d.2EBD4EE1D3EB554DA28D4DFBE7CB049B.e.3170/clear - {}
RESULT: {}
COMMAND: POST /session/5fe08db6bd73095dce541d1489fc13fd/element/f.084301A5A664EC2A1657BC720E998331.d.2EBD4EE1D3EB554DA28D4DFBE7CB049B.e.3170/value - {"text":"WebdriverYardekikt"}
COMMAND: GET /session/5fe08db6bd73095dce541d1489fc13fd/screenshot - {}
RESULT: {"text":"WebdriverYardekikt"}
COMMAND: GET /session/5fe08db6bd73095dce541d1489fc13fd/screenshot - {}
RESULT: {}
RESULT: {}
COMMAND: POST /session/5fe08db6bd73095dce541d1489fc13fd/actions - {"actions":[{"id":"action6","type":"key","parameters":{},"actions":[{"type":"keyDown","value":"î€‡"},{"type":"pause","duration":10},{"type":"keyUp","value":"î€‡"}]}]}
RESULT: {"actions":[{"id":"action6","type":"key","parameters":{},"actions":[{"type":"keyDown","value":"î€‡"},{"type":"pause","duration":10},{"type":"keyUp","value":"î€‡"}]}]}
COMMAND: GET /session/5fe08db6bd73095dce541d1489fc13fd/screenshot - {}
RESULT: {}
COMMAND: POST /session/5fe08db6bd73095dce541d1489fc13fd/execute/async - {"script":"<script> [1562 bytes]","args":[{"selector":{"controlType":"sap.m.Button","viewName":"reusables.view.manageresources.NewResourceUnit","viewId":"application-manageresources-display-component---newResourceUnit","i18NText":{"propertyName":"tooltip","key":"save"},"interaction":{"idSuffix":"BDI-content"}},"wdio_ui5_key":"reusablesview.manageresources.NewResourceUnitsap.m.Button{\"propertyName\":\"tooltip\",\"key\":\"save\"}"}]}
RESULT: {"script":"<script> [1562 bytes]","args":[{"selector":{"controlType":"sap.m.Button","viewName":"reusables.view.manageresources.NewResourceUnit","viewId":"application-manageresources-display-component---newResourceUnit","i18NText":{"propertyName":"tooltip","key":"save"},"interaction":{"idSuffix":"BDI-content"}},"wdio_ui5_key":"reusablesview.manageresources.NewResourceUnitsap.m.Button{\"propertyName\":\"tooltip\",\"key\":\"save\"}"}]}
RESULT: undefined
COMMAND: POST /session/5fe08db6bd73095dce541d1489fc13fd/element - {"using":"xpath","value":"//*[@id=\"application-manageresources-display-component---newResourceUnit--createRuButton\"]"}
RESULT: {"using":"xpath","value":"//*[@id=\"application-manageresources-display-component---newResourceUnit--createRuButton\"]"}
COMMAND: POST /session/5fe08db6bd73095dce541d1489fc13fd/element/f.084301A5A664EC2A1657BC720E998331.d.2EBD4EE1D3EB554DA28D4DFBE7CB049B.e.3098/click - {}
RESULT: {}
COMMAND: GET /session/5fe08db6bd73095dce541d1489fc13fd/screenshot - {}
RESULT: {}
COMMAND: POST /session/5fe08db6bd73095dce541d1489fc13fd/execute/async - {"script":"<script> [1562 bytes]","args":[{"selector":{"controlType":"sap.m.Title","properties":{"text":"Success"},"searchOpenDialogs":true},"wdio_ui5_key":"sapm.Title{\"text\":\"Success\"}"}]}
RESULT: {"script":"<script> [1562 bytes]","args":[{"selector":{"controlType":"sap.m.Title","properties":{"text":"Success"},"searchOpenDialogs":true},"wdio_ui5_key":"sapm.Title{\"text\":\"Success\"}"}]}
RESULT: undefined
COMMAND: POST /session/5fe08db6bd73095dce541d1489fc13fd/execute/async - {"script":"<script> [6424 bytes]","args":[{"element-6066-11e4-a52e-4f735466cecf":"f.084301A5A664EC2A1657BC720E998331.d.2EBD4EE1D3EB554DA28D4DFBE7CB049B.e.3184"},"getText",[]]}
RESULT: {"script":"<script> [6424 bytes]","args":[{"element-6066-11e4-a52e-4f735466cecf":"f.084301A5A664EC2A1657BC720E998331.d.2EBD4EE1D3EB554DA28D4DFBE7CB049B.e.3184"},"getText",[]]}
COMMAND: POST /session/5fe08db6bd73095dce541d1489fc13fd/element - {"using":"xpath","value":"//*[contains(@id, '__text') and (contains(text(), 'successfully created') or contains(., 'successfully created'))]"}
RESULT: {"using":"xpath","value":"//*[contains(@id, '__text') and (contains(text(), 'successfully created') or contains(., 'successfully created'))]"}
COMMAND: GET /session/5fe08db6bd73095dce541d1489fc13fd/element/f.084301A5A664EC2A1657BC720E998331.d.2EBD4EE1D3EB554DA28D4DFBE7CB049B.e.3183/text - {}
RESULT: {}
COMMAND: POST /session/5fe08db6bd73095dce541d1489fc13fd/execute/async - {"script":"<script> [1562 bytes]","args":[{"selector":{"controlType":"sap.m.Button","properties":{"text":"Close"},"searchOpenDialogs":true,"interaction":{"idSuffix":"BDI-content"}},"wdio_ui5_key":"sapm.Button{\"text\":\"Close\"}"}]}
RESULT: {"script":"<script> [1562 bytes]","args":[{"selector":{"controlType":"sap.m.Button","properties":{"text":"Close"},"searchOpenDialogs":true,"interaction":{"idSuffix":"BDI-content"}},"wdio_ui5_key":"sapm.Button{\"text\":\"Close\"}"}]}
RESULT: undefined
COMMAND: POST /session/5fe08db6bd73095dce541d1489fc13fd/element - {"using":"xpath","value":"//*[@id=\"__mbox-btn-0\"]"}
RESULT: {"using":"xpath","value":"//*[@id=\"__mbox-btn-0\"]"}
COMMAND: POST /session/5fe08db6bd73095dce541d1489fc13fd/element/f.084301A5A664EC2A1657BC720E998331.d.2EBD4EE1D3EB554DA28D4DFBE7CB049B.e.3181/click - {}
RESULT: {}
COMMAND: GET /session/5fe08db6bd73095dce541d1489fc13fd/screenshot - {}
RESULT: {}
COMMAND: POST /session/5fe08db6bd73095dce541d1489fc13fd/execute/async - {"script":"<script> [1562 bytes]","args":[{"selector":{"controlType":"sap.ui.core.Icon","viewName":"etm.portal.ui.manageresources.view.Detail","viewId":"application-manageresources-display-component---detailRU","properties":{"src":{"regex":{"source":"overflow"}}}},"wdio_ui5_key":"etmportal.ui.manageresources.view.Detailsap.ui.core.Icon{\"src\":{\"regex\":{\"source\":\"overflow\"}}}"}]}
RESULT: {"script":"<script> [1562 bytes]","args":[{"selector":{"controlType":"sap.ui.core.Icon","viewName":"etm.portal.ui.manageresources.view.Detail","viewId":"application-manageresources-display-component---detailRU","properties":{"src":{"regex":{"source":"overflow"}}}},"wdio_ui5_key":"etmportal.ui.manageresources.view.Detailsap.ui.core.Icon{\"src\":{\"regex\":{\"source\":\"overflow\"}}}"}]}
RESULT: undefined
COMMAND: POST /session/5fe08db6bd73095dce541d1489fc13fd/element - {"using":"xpath","value":"//*[@id=\"__title31-_actionsToolbar-overflowButton-img\"]"}
RESULT: {"using":"xpath","value":"//*[@id=\"__title31-_actionsToolbar-overflowButton-img\"]"}
COMMAND: POST /session/5fe08db6bd73095dce541d1489fc13fd/element/f.084301A5A664EC2A1657BC720E998331.d.2EBD4EE1D3EB554DA28D4DFBE7CB049B.e.3217/click - {}
RESULT: {}
COMMAND: POST /session/5fe08db6bd73095dce541d1489fc13fd/execute/async - {"script":"<script> [1562 bytes]","args":[{"selector":{"controlType":"sap.m.Button","viewName":"etm.portal.ui.manageresources.view.Detail","viewId":"application-manageresources-display-component---detailRU","i18NText":{"propertyName":"tooltip","key":"closeColumn"},"searchOpenDialogs":true,"interaction":{"idSuffix":"inner"}},"wdio_ui5_key":"etmportal.ui.manageresources.view.Detailsap.m.Button{\"propertyName\":\"tooltip\",\"key\":\"closeColumn\"}"}]}
COMMAND: GET /session/5fe08db6bd73095dce541d1489fc13fd/screenshot - {}
RESULT: {"script":"<script> [1562 bytes]","args":[{"selector":{"controlType":"sap.m.Button","viewName":"etm.portal.ui.manageresources.view.Detail","viewId":"application-manageresources-display-component---detailRU","i18NText":{"propertyName":"tooltip","key":"closeColumn"},"searchOpenDialogs":true,"interaction":{"idSuffix":"inner"}},"wdio_ui5_key":"etmportal.ui.manageresources.view.Detailsap.m.Button{\"propertyName\":\"tooltip\",\"key\":\"closeColumn\"}"}]}
RESULT: undefined
COMMAND: POST /session/5fe08db6bd73095dce541d1489fc13fd/element - {"using":"xpath","value":"//*[@id=\"__button137\"]"}
RESULT: {}
RESULT: {"using":"xpath","value":"//*[@id=\"__button137\"]"}
COMMAND: POST /session/5fe08db6bd73095dce541d1489fc13fd/element/f.084301A5A664EC2A1657BC720E998331.d.2EBD4EE1D3EB554DA28D4DFBE7CB049B.e.3219/click - {}
RESULT: {}
COMMAND: GET /session/5fe08db6bd73095dce541d1489fc13fd/screenshot - {}
RESULT: {}
COMMAND: POST /session/5fe08db6bd73095dce541d1489fc13fd/refresh - {}
RESULT: {}
COMMAND: GET /session/5fe08db6bd73095dce541d1489fc13fd/screenshot - {}
RESULT: {}
COMMAND: POST /session/5fe08db6bd73095dce541d1489fc13fd/execute/async - {"script":"<script> [189 bytes]","args":[]}
RESULT: {"script":"<script> [189 bytes]","args":[]}
COMMAND: POST /session/5fe08db6bd73095dce541d1489fc13fd/execute/async - {"script":"<script> [123 bytes]","args":[]}
RESULT: {"script":"<script> [123 bytes]","args":[]}
COMMAND: POST /session/5fe08db6bd73095dce541d1489fc13fd/timeouts - {"script":"<number>"}
RESULT: {"script":"<number>"}
COMMAND: GET /session/5fe08db6bd73095dce541d1489fc13fd/timeouts - {}
RESULT: {}
RESULT: undefined
COMMAND: POST /session/5fe08db6bd73095dce541d1489fc13fd/execute/async - {"script":"<script> [2676 bytes]","args":[]}
RESULT: {"script":"<script> [2676 bytes]","args":[]}
COMMAND: POST /session/5fe08db6bd73095dce541d1489fc13fd/execute/async - {"script":"<script> [2342 bytes]","args":[{"protocol":"http","hostname":"0.0.0.0","path":"/","capabilities":{"browserName":"chrome","goog:chromeOptions":{"binary":"C:\\Program Files\\Google\\Chrome\\Application\\chrome.exe","args":["--start-maximized"]}},"logLevel":"warn","connectionRetryTimeout":120000,"connectionRetryCount":3,"logLevels":{},"enableDirectConnect":true,"strictSSL":true,"_":"65 more keys: [\"cacheDir\",\"port\",\"requestedCapabilities\",\"automationProtocol\",\"baseUrl\",\"waitforInterval\",\"waitforTimeout\",\"onReload\",\"beforeCommand\",\"afterCommand\",\"rootDir\",\"specs\",\"suites\",\"exclude\",\"groupLogsByTestSpec\",\"excludeDriverLogs\",\"bail\",\"framework\",\"reporters\",\"services\",\"maxInstances\",\"maxInstancesPerCapability\",\"injectGlobals\",\"filesToWatch\",\"execArgv\",\"runnerEnv\",\"runner\",\"shard\",\"specFileRetries\",\"specFileRetriesDelay\",\"specFileRetriesDeferred\",\"reporterSyncInterval\",\"reporterSyncTimeout\",\"cucumberFeaturesWithLineNumbers\",\"autoCompileOpts\",\"mochaOpts\",\"jasmineOpts\",\"cucumberOpts\",\"onPrepare\",\"onWorkerStart\",\"onWorkerEnd\",\"before\",\"beforeSession\",\"beforeSuite\",\"beforeHook\",\"beforeTest\",\"afterTest\",\"afterHook\",\"afterSuite\",\"afterSession\",\"after\",\"onComplete\",\"beforeAssertion\",\"afterAssertion\",\"beforeFeature\",\"beforeScenario\",\"beforeStep\",\"afterStep\",\"afterScenario\",\"afterFeature\",\"_\",\"suite\",\"$0\",\"ignoredWorkerServices\",\"wdi5\"]"}]}
RESULT: {"script":"<script> [2342 bytes]","args":[{"protocol":"http","hostname":"0.0.0.0","path":"/","capabilities":{"browserName":"chrome","goog:chromeOptions":{"binary":"C:\\Program Files\\Google\\Chrome\\Application\\chrome.exe","args":["--start-maximized"]}},"logLevel":"warn","connectionRetryTimeout":120000,"connectionRetryCount":3,"logLevels":{},"enableDirectConnect":true,"strictSSL":true,"_":"65 more keys: [\"cacheDir\",\"port\",\"requestedCapabilities\",\"automationProtocol\",\"baseUrl\",\"waitforInterval\",\"waitforTimeout\",\"onReload\",\"beforeCommand\",\"afterCommand\",\"rootDir\",\"specs\",\"suites\",\"exclude\",\"groupLogsByTestSpec\",\"excludeDriverLogs\",\"bail\",\"framework\",\"reporters\",\"services\",\"maxInstances\",\"maxInstancesPerCapability\",\"injectGlobals\",\"filesToWatch\",\"execArgv\",\"runnerEnv\",\"runner\",\"shard\",\"specFileRetries\",\"specFileRetriesDelay\",\"specFileRetriesDeferred\",\"reporterSyncInterval\",\"reporterSyncTimeout\",\"cucumberFeaturesWithLineNumbers\",\"autoCompileOpts\",\"mochaOpts\",\"jasmineOpts\",\"cucumberOpts\",\"onPrepare\",\"onWorkerStart\",\"onWorkerEnd\",\"before\",\"beforeSession\",\"beforeSuite\",\"beforeHook\",\"beforeTest\",\"afterTest\",\"afterHook\",\"afterSuite\",\"afterSession\",\"after\",\"onComplete\",\"beforeAssertion\",\"afterAssertion\",\"beforeFeature\",\"beforeScenario\",\"beforeStep\",\"afterStep\",\"afterScenario\",\"afterFeature\",\"_\",\"suite\",\"$0\",\"ignoredWorkerServices\",\"wdi5\"]"}]}
COMMAND: POST /session/5fe08db6bd73095dce541d1489fc13fd/execute/async - {"script":"<script> [21126 bytes]","args":[35000]}
RESULT: {"script":"<script> [21126 bytes]","args":[35000]}
COMMAND: POST /session/5fe08db6bd73095dce541d1489fc13fd/element - {"using":"css selector","value":"#shell-header-logo"}
RESULT: {"using":"css selector","value":"#shell-header-logo"}
COMMAND: POST /session/5fe08db6bd73095dce541d1489fc13fd/element/f.084301A5A664EC2A1657BC720E998331.d.C42F8CFD025D0BB59D9CAA6BB4EA4B55.e.3318/click - {}
RESULT: {}
COMMAND: GET /session/5fe08db6bd73095dce541d1489fc13fd/screenshot - {}
RESULT: {}
COMMAND: POST /session/5fe08db6bd73095dce541d1489fc13fd/execute/async - {"script":"<script> [1562 bytes]","args":[{"selector":{"controlType":"sap.m.GenericTile","properties":{"header":"Manage Resources"}},"wdio_ui5_key":"sapm.GenericTile{\"header\":\"Manage Resources\"}"}]}
RESULT: {"script":"<script> [1562 bytes]","args":[{"selector":{"controlType":"sap.m.GenericTile","properties":{"header":"Manage Resources"}},"wdio_ui5_key":"sapm.GenericTile{\"header\":\"Manage Resources\"}"}]}
RESULT: undefined
COMMAND: POST /session/5fe08db6bd73095dce541d1489fc13fd/element - {"using":"xpath","value":"//*[@id=\"__tile39\"]"}
RESULT: {"using":"xpath","value":"//*[@id=\"__tile39\"]"}
COMMAND: POST /session/5fe08db6bd73095dce541d1489fc13fd/element/f.084301A5A664EC2A1657BC720E998331.d.C42F8CFD025D0BB59D9CAA6BB4EA4B55.e.3497/click - {}
RESULT: {}
COMMAND: GET /session/5fe08db6bd73095dce541d1489fc13fd/screenshot - {}
RESULT: {}
COMMAND: POST /session/5fe08db6bd73095dce541d1489fc13fd/elements - {"using":"xpath","value":"//span[text()='Error']"}
RESULT: {"using":"xpath","value":"//span[text()='Error']"}
COMMAND: POST /session/5fe08db6bd73095dce541d1489fc13fd/element - {"using":"xpath","value":"//button[@data-kt=\"addNewRUOverflowToolbarButton\"]"}
RESULT: {"using":"xpath","value":"//button[@data-kt=\"addNewRUOverflowToolbarButton\"]"}
COMMAND: POST /session/5fe08db6bd73095dce541d1489fc13fd/execute/sync - {"script":"<script> [8489 bytes]","args":[{"element-6066-11e4-a52e-4f735466cecf":"f.084301A5A664EC2A1657BC720E998331.d.C42F8CFD025D0BB59D9CAA6BB4EA4B55.e.3538","ELEMENT":"f.084301A5A664EC2A1657BC720E998331.d.C42F8CFD025D0BB59D9CAA6BB4EA4B55.e.3538"}]}
RESULT: {"script":"<script> [8489 bytes]","args":[{"element-6066-11e4-a52e-4f735466cecf":"f.084301A5A664EC2A1657BC720E998331.d.C42F8CFD025D0BB59D9CAA6BB4EA4B55.e.3538","ELEMENT":"f.084301A5A664EC2A1657BC720E998331.d.C42F8CFD025D0BB59D9CAA6BB4EA4B55.e.3538"}]}
COMMAND: POST /session/5fe08db6bd73095dce541d1489fc13fd/element/f.084301A5A664EC2A1657BC720E998331.d.C42F8CFD025D0BB59D9CAA6BB4EA4B55.e.3538/click - {}
COMMAND: GET /session/5fe08db6bd73095dce541d1489fc13fd/screenshot - {}
RESULT: {}
COMMAND: GET /session/5fe08db6bd73095dce541d1489fc13fd/screenshot - {}
RESULT: {}
COMMAND: POST /session/5fe08db6bd73095dce541d1489fc13fd/execute/async - {"script":"<script> [1562 bytes]","args":[{"selector":{"id":"application-manageresources-display-component---newResourceUnit--TYPE-arrow"},"wdio_ui5_key":"applicationmanageresources-display-component---newResourceUnit--TYPE-arrow"}]}
RESULT: {}
RESULT: {"script":"<script> [1562 bytes]","args":[{"selector":{"id":"application-manageresources-display-component---newResourceUnit--TYPE-arrow"},"wdio_ui5_key":"applicationmanageresources-display-component---newResourceUnit--TYPE-arrow"}]}
RESULT: undefined
COMMAND: POST /session/5fe08db6bd73095dce541d1489fc13fd/element - {"using":"xpath","value":"//*[@id=\"application-manageresources-display-component---newResourceUnit--TYPE-arrow\"]"}
RESULT: {"using":"xpath","value":"//*[@id=\"application-manageresources-display-component---newResourceUnit--TYPE-arrow\"]"}
COMMAND: POST /session/5fe08db6bd73095dce541d1489fc13fd/element/f.084301A5A664EC2A1657BC720E998331.d.C42F8CFD025D0BB59D9CAA6BB4EA4B55.e.3860/click - {}
RESULT: {}
COMMAND: POST /session/5fe08db6bd73095dce541d1489fc13fd/execute/async - {"script":"<script> [1562 bytes]","args":[{"selector":{"controlType":"sap.m.StandardListItem","viewName":"reusables.view.manageresources.NewResourceUnit","viewId":"application-manageresources-display-component---newResourceUnit","properties":{"title":"Equipment"},"searchOpenDialogs":true,"interaction":{"idSuffix":"content"}},"wdio_ui5_key":"reusablesview.manageresources.NewResourceUnitsap.m.StandardListItem{\"title\":\"Equipment\"}"}]}
COMMAND: GET /session/5fe08db6bd73095dce541d1489fc13fd/screenshot - {}
RESULT: {"script":"<script> [1562 bytes]","args":[{"selector":{"controlType":"sap.m.StandardListItem","viewName":"reusables.view.manageresources.NewResourceUnit","viewId":"application-manageresources-display-component---newResourceUnit","properties":{"title":"Equipment"},"searchOpenDialogs":true,"interaction":{"idSuffix":"content"}},"wdio_ui5_key":"reusablesview.manageresources.NewResourceUnitsap.m.StandardListItem{\"title\":\"Equipment\"}"}]}
RESULT: undefined
COMMAND: POST /session/5fe08db6bd73095dce541d1489fc13fd/element - {"using":"xpath","value":"//*[@id=\"__item180\"]"}
RESULT: {}
RESULT: {"using":"xpath","value":"//*[@id=\"__item180\"]"}
COMMAND: POST /session/5fe08db6bd73095dce541d1489fc13fd/element/f.084301A5A664EC2A1657BC720E998331.d.C42F8CFD025D0BB59D9CAA6BB4EA4B55.e.3863/click - {}
RESULT: {}
COMMAND: POST /session/5fe08db6bd73095dce541d1489fc13fd/execute/async - {"script":"<script> [1562 bytes]","args":[{"selector":{"id":"application-manageresources-display-component---newResourceUnit--resourceId","interaction":{"idSuffix":"inner"}},"wdio_ui5_key":"applicationmanageresources-display-component---newResourceUnit--resourceId"}]}
COMMAND: GET /session/5fe08db6bd73095dce541d1489fc13fd/screenshot - {}
RESULT: {"script":"<script> [1562 bytes]","args":[{"selector":{"id":"application-manageresources-display-component---newResourceUnit--resourceId","interaction":{"idSuffix":"inner"}},"wdio_ui5_key":"applicationmanageresources-display-component---newResourceUnit--resourceId"}]}
RESULT: undefined
COMMAND: POST /session/5fe08db6bd73095dce541d1489fc13fd/execute/async - {"script":"<script> [776 bytes]","args":[{"enterText":"WdIOR2cEquipe79ri","selector":{"id":"application-manageresources-display-component---newResourceUnit--resourceId","interaction":{"idSuffix":"inner"}},"clearTextFirst":true,"interactionType":"ENTER_TEXT"}]}
RESULT: {}
RESULT: {"script":"<script> [776 bytes]","args":[{"enterText":"WdIOR2cEquipe79ri","selector":{"id":"application-manageresources-display-component---newResourceUnit--resourceId","interaction":{"idSuffix":"inner"}},"clearTextFirst":true,"interactionType":"ENTER_TEXT"}]}
COMMAND: POST /session/5fe08db6bd73095dce541d1489fc13fd/execute/async - {"script":"<script> [1562 bytes]","args":[{"selector":{"id":"application-manageresources-display-component---newResourceUnit--SHORT_TEXT","interaction":{"idSuffix":"inner"}},"wdio_ui5_key":"applicationmanageresources-display-component---newResourceUnit--SHORT_TEXT"}]}
RESULT: {"script":"<script> [1562 bytes]","args":[{"selector":{"id":"application-manageresources-display-component---newResourceUnit--SHORT_TEXT","interaction":{"idSuffix":"inner"}},"wdio_ui5_key":"applicationmanageresources-display-component---newResourceUnit--SHORT_TEXT"}]}
RESULT: undefined
COMMAND: POST /session/5fe08db6bd73095dce541d1489fc13fd/execute/async - {"script":"<script> [776 bytes]","args":[{"enterText":"WdIOR2cEquipe79ri","selector":{"id":"application-manageresources-display-component---newResourceUnit--SHORT_TEXT","interaction":{"idSuffix":"inner"}},"clearTextFirst":true,"interactionType":"ENTER_TEXT"}]}
RESULT: {"script":"<script> [776 bytes]","args":[{"enterText":"WdIOR2cEquipe79ri","selector":{"id":"application-manageresources-display-component---newResourceUnit--SHORT_TEXT","interaction":{"idSuffix":"inner"}},"clearTextFirst":true,"interactionType":"ENTER_TEXT"}]}
COMMAND: POST /session/5fe08db6bd73095dce541d1489fc13fd/execute/async - {"script":"<script> [1562 bytes]","args":[{"selector":{"id":"application-manageresources-display-component---newResourceUnit--BASE_UNIT_OF_MEASURE","interaction":{"idSuffix":"inner"}},"wdio_ui5_key":"applicationmanageresources-display-component---newResourceUnit--BASE_UNIT_OF_MEASURE"}]}
RESULT: {"script":"<script> [1562 bytes]","args":[{"selector":{"id":"application-manageresources-display-component---newResourceUnit--BASE_UNIT_OF_MEASURE","interaction":{"idSuffix":"inner"}},"wdio_ui5_key":"applicationmanageresources-display-component---newResourceUnit--BASE_UNIT_OF_MEASURE"}]}
RESULT: undefined
COMMAND: POST /session/5fe08db6bd73095dce541d1489fc13fd/execute/async - {"script":"<script> [776 bytes]","args":[{"enterText":"Piece","selector":{"id":"application-manageresources-display-component---newResourceUnit--BASE_UNIT_OF_MEASURE","interaction":{"idSuffix":"inner"}},"clearTextFirst":true,"interactionType":"ENTER_TEXT"}]}
RESULT: {"script":"<script> [776 bytes]","args":[{"enterText":"Piece","selector":{"id":"application-manageresources-display-component---newResourceUnit--BASE_UNIT_OF_MEASURE","interaction":{"idSuffix":"inner"}},"clearTextFirst":true,"interactionType":"ENTER_TEXT"}]}
COMMAND: POST /session/5fe08db6bd73095dce541d1489fc13fd/execute/async - {"script":"<script> [1562 bytes]","args":[{"selector":{"id":"application-manageresources-display-component---newResourceUnit--WEIGHT_UNIT","interaction":{"idSuffix":"inner"}},"wdio_ui5_key":"applicationmanageresources-display-component---newResourceUnit--WEIGHT_UNIT"}]}
RESULT: {"script":"<script> [1562 bytes]","args":[{"selector":{"id":"application-manageresources-display-component---newResourceUnit--WEIGHT_UNIT","interaction":{"idSuffix":"inner"}},"wdio_ui5_key":"applicationmanageresources-display-component---newResourceUnit--WEIGHT_UNIT"}]}
RESULT: undefined
COMMAND: POST /session/5fe08db6bd73095dce541d1489fc13fd/execute/async - {"script":"<script> [776 bytes]","args":[{"enterText":"Gram","selector":{"id":"application-manageresources-display-component---newResourceUnit--WEIGHT_UNIT","interaction":{"idSuffix":"inner"}},"clearTextFirst":true,"interactionType":"ENTER_TEXT"}]}
RESULT: {"script":"<script> [776 bytes]","args":[{"enterText":"Gram","selector":{"id":"application-manageresources-display-component---newResourceUnit--WEIGHT_UNIT","interaction":{"idSuffix":"inner"}},"clearTextFirst":true,"interactionType":"ENTER_TEXT"}]}
COMMAND: POST /session/5fe08db6bd73095dce541d1489fc13fd/execute/async - {"script":"<script> [1562 bytes]","args":[{"selector":{"id":"application-manageresources-display-component---newResourceUnit--newRRUPage-OPHeaderContent-collapseBtn-img"},"wdio_ui5_key":"applicationmanageresources-display-component---newResourceUnit--newRRUPage-OPHeaderContent-collapseBtn-img"}]}
RESULT: {"script":"<script> [1562 bytes]","args":[{"selector":{"id":"application-manageresources-display-component---newResourceUnit--newRRUPage-OPHeaderContent-collapseBtn-img"},"wdio_ui5_key":"applicationmanageresources-display-component---newResourceUnit--newRRUPage-OPHeaderContent-collapseBtn-img"}]}
RESULT: undefined
COMMAND: POST /session/5fe08db6bd73095dce541d1489fc13fd/element - {"using":"xpath","value":"//*[@id=\"application-manageresources-display-component---newResourceUnit--newRRUPage-OPHeaderContent-collapseBtn-img\"]"}
RESULT: {"using":"xpath","value":"//*[@id=\"application-manageresources-display-component---newResourceUnit--newRRUPage-OPHeaderContent-collapseBtn-img\"]"}
COMMAND: POST /session/5fe08db6bd73095dce541d1489fc13fd/element/f.084301A5A664EC2A1657BC720E998331.d.C42F8CFD025D0BB59D9CAA6BB4EA4B55.e.3871/click - {}
RESULT: {}
COMMAND: GET /session/5fe08db6bd73095dce541d1489fc13fd/screenshot - {}
RESULT: {}
COMMAND: POST /session/5fe08db6bd73095dce541d1489fc13fd/element - {"using":"xpath","value":"(//span[contains(@id ,\"application-manageresources-display-component---newResourceUnit--DIMENSION_UNIT-arrow\")])[1]"}
RESULT: {"using":"xpath","value":"(//span[contains(@id ,\"application-manageresources-display-component---newResourceUnit--DIMENSION_UNIT-arrow\")])[1]"}
COMMAND: POST /session/5fe08db6bd73095dce541d1489fc13fd/element/f.084301A5A664EC2A1657BC720E998331.d.C42F8CFD025D0BB59D9CAA6BB4EA4B55.e.3992/click - {}
RESULT: {}
COMMAND: GET /session/5fe08db6bd73095dce541d1489fc13fd/screenshot - {}
RESULT: {}
COMMAND: POST /session/5fe08db6bd73095dce541d1489fc13fd/execute/async - {"script":"<script> [1562 bytes]","args":[{"selector":{"controlType":"sap.m.StandardListItem","viewName":"reusables.view.manageresources.NewResourceUnit","viewId":"application-manageresources-display-component---newResourceUnit","properties":{"title":"Centimeter"},"searchOpenDialogs":true,"interaction":{"idSuffix":"titleText"}},"wdio_ui5_key":"reusablesview.manageresources.NewResourceUnitsap.m.StandardListItem{\"title\":\"Centimeter\"}"}]}
RESULT: {"script":"<script> [1562 bytes]","args":[{"selector":{"controlType":"sap.m.StandardListItem","viewName":"reusables.view.manageresources.NewResourceUnit","viewId":"application-manageresources-display-component---newResourceUnit","properties":{"title":"Centimeter"},"searchOpenDialogs":true,"interaction":{"idSuffix":"titleText"}},"wdio_ui5_key":"reusablesview.manageresources.NewResourceUnitsap.m.StandardListItem{\"title\":\"Centimeter\"}"}]}
RESULT: undefined
COMMAND: POST /session/5fe08db6bd73095dce541d1489fc13fd/element - {"using":"xpath","value":"//*[@id=\"__item221\"]"}
RESULT: {"using":"xpath","value":"//*[@id=\"__item221\"]"}
COMMAND: POST /session/5fe08db6bd73095dce541d1489fc13fd/element/f.084301A5A664EC2A1657BC720E998331.d.C42F8CFD025D0BB59D9CAA6BB4EA4B55.e.3996/click - {}
RESULT: {}
COMMAND: GET /session/5fe08db6bd73095dce541d1489fc13fd/screenshot - {}
RESULT: {}
COMMAND: POST /session/5fe08db6bd73095dce541d1489fc13fd/execute/async - {"script":"<script> [1562 bytes]","args":[{"selector":{"id":"application-manageresources-display-component---newResourceUnit--newRRUPage-anchBar-application-manageresources-display-component---newResourceUnit--control-anchor","interaction":{"idSuffix":"BDI-content"}},"wdio_ui5_key":"applicationmanageresources-display-component---newResourceUnit--newRRUPage-anchBar-application-manageresources-display-component---newResourceUnit--control-anchor"}]}
RESULT: {"script":"<script> [1562 bytes]","args":[{"selector":{"id":"application-manageresources-display-component---newResourceUnit--newRRUPage-anchBar-application-manageresources-display-component---newResourceUnit--control-anchor","interaction":{"idSuffix":"BDI-content"}},"wdio_ui5_key":"applicationmanageresources-display-component---newResourceUnit--newRRUPage-anchBar-application-manageresources-display-component---newResourceUnit--control-anchor"}]}
RESULT: undefined
COMMAND: POST /session/5fe08db6bd73095dce541d1489fc13fd/element - {"using":"xpath","value":"//*[@id=\"application-manageresources-display-component---newResourceUnit--newRRUPage-anchBar-application-manageresources-display-component---newResourceUnit--control-anchor\"]"}
RESULT: {"using":"xpath","value":"//*[@id=\"application-manageresources-display-component---newResourceUnit--newRRUPage-anchBar-application-manageresources-display-component---newResourceUnit--control-anchor\"]"}
COMMAND: POST /session/5fe08db6bd73095dce541d1489fc13fd/element/f.084301A5A664EC2A1657BC720E998331.d.C42F8CFD025D0BB59D9CAA6BB4EA4B55.e.3998/click - {}
RESULT: {}
COMMAND: POST /session/5fe08db6bd73095dce541d1489fc13fd/execute/async - {"script":"<script> [1562 bytes]","args":[{"selector":{"id":"application-manageresources-display-component---newResourceUnit--PLANNING_GROUP","interaction":{"idSuffix":"inner"}},"wdio_ui5_key":"applicationmanageresources-display-component---newResourceUnit--PLANNING_GROUP"}]}
COMMAND: GET /session/5fe08db6bd73095dce541d1489fc13fd/screenshot - {}
RESULT: {"script":"<script> [1562 bytes]","args":[{"selector":{"id":"application-manageresources-display-component---newResourceUnit--PLANNING_GROUP","interaction":{"idSuffix":"inner"}},"wdio_ui5_key":"applicationmanageresources-display-component---newResourceUnit--PLANNING_GROUP"}]}
RESULT: undefined
COMMAND: POST /session/5fe08db6bd73095dce541d1489fc13fd/execute/async - {"script":"<script> [776 bytes]","args":[{"enterText":"Heavy Equi","selector":{"id":"application-manageresources-display-component---newResourceUnit--PLANNING_GROUP","interaction":{"idSuffix":"inner"}},"clearTextFirst":true,"interactionType":"ENTER_TEXT"}]}
RESULT: {}
RESULT: {"script":"<script> [776 bytes]","args":[{"enterText":"Heavy Equi","selector":{"id":"application-manageresources-display-component---newResourceUnit--PLANNING_GROUP","interaction":{"idSuffix":"inner"}},"clearTextFirst":true,"interactionType":"ENTER_TEXT"}]}
COMMAND: POST /session/5fe08db6bd73095dce541d1489fc13fd/execute/async - {"script":"<script> [1562 bytes]","args":[{"selector":{"id":"application-manageresources-display-component---newResourceUnit--ITEM_TYPE-arrow"},"wdio_ui5_key":"applicationmanageresources-display-component---newResourceUnit--ITEM_TYPE-arrow"}]}
RESULT: {"script":"<script> [1562 bytes]","args":[{"selector":{"id":"application-manageresources-display-component---newResourceUnit--ITEM_TYPE-arrow"},"wdio_ui5_key":"applicationmanageresources-display-component---newResourceUnit--ITEM_TYPE-arrow"}]}
RESULT: undefined
COMMAND: POST /session/5fe08db6bd73095dce541d1489fc13fd/element - {"using":"xpath","value":"//*[@id=\"application-manageresources-display-component---newResourceUnit--ITEM_TYPE-arrow\"]"}
RESULT: {"using":"xpath","value":"//*[@id=\"application-manageresources-display-component---newResourceUnit--ITEM_TYPE-arrow\"]"}
COMMAND: POST /session/5fe08db6bd73095dce541d1489fc13fd/element/f.084301A5A664EC2A1657BC720E998331.d.C42F8CFD025D0BB59D9CAA6BB4EA4B55.e.4003/click - {}
RESULT: {}
COMMAND: POST /session/5fe08db6bd73095dce541d1489fc13fd/execute/async - {"script":"<script> [1562 bytes]","args":[{"selector":{"controlType":"sap.m.StandardListItem","viewName":"reusables.view.manageresources.NewResourceUnit","viewId":"application-manageresources-display-component---newResourceUnit","properties":{"title":"Resource Unit"},"searchOpenDialogs":true,"interaction":{"idSuffix":"titleText"}},"wdio_ui5_key":"reusablesview.manageresources.NewResourceUnitsap.m.StandardListItem{\"title\":\"Resource Unit\"}"}]}
COMMAND: GET /session/5fe08db6bd73095dce541d1489fc13fd/screenshot - {}
RESULT: {"script":"<script> [1562 bytes]","args":[{"selector":{"controlType":"sap.m.StandardListItem","viewName":"reusables.view.manageresources.NewResourceUnit","viewId":"application-manageresources-display-component---newResourceUnit","properties":{"title":"Resource Unit"},"searchOpenDialogs":true,"interaction":{"idSuffix":"titleText"}},"wdio_ui5_key":"reusablesview.manageresources.NewResourceUnitsap.m.StandardListItem{\"title\":\"Resource Unit\"}"}]}
RESULT: undefined
COMMAND: POST /session/5fe08db6bd73095dce541d1489fc13fd/element - {"using":"xpath","value":"//*[@id=\"__item243\"]"}
RESULT: {}
RESULT: {"using":"xpath","value":"//*[@id=\"__item243\"]"}
COMMAND: POST /session/5fe08db6bd73095dce541d1489fc13fd/element/f.084301A5A664EC2A1657BC720E998331.d.C42F8CFD025D0BB59D9CAA6BB4EA4B55.e.4005/click - {}
RESULT: {}
COMMAND: POST /session/5fe08db6bd73095dce541d1489fc13fd/element - {"using":"xpath","value":"//bdi[contains(text(), \"Time Segment\")]"}
COMMAND: GET /session/5fe08db6bd73095dce541d1489fc13fd/screenshot - {}
RESULT: {"using":"xpath","value":"//bdi[contains(text(), \"Time Segment\")]"}
COMMAND: GET /session/5fe08db6bd73095dce541d1489fc13fd/element/f.084301A5A664EC2A1657BC720E998331.d.C42F8CFD025D0BB59D9CAA6BB4EA4B55.e.4006/rect - {}
RESULT: {}
RESULT: {}
COMMAND: GET /session/5fe08db6bd73095dce541d1489fc13fd/window/rect - {}
RESULT: {}
COMMAND: POST /session/5fe08db6bd73095dce541d1489fc13fd/execute/sync - {"script":"<script> [92 bytes]","args":[]}
RESULT: {"script":"<script> [92 bytes]","args":[]}
COMMAND: POST /session/5fe08db6bd73095dce541d1489fc13fd/actions - {"actions":[{"id":"action7","type":"wheel","parameters":{},"actions":[{"type":"scroll","x":-1820,"y":-21,"deltaX":0,"deltaY":0,"duration":0,"origin":{"element-6066-11e4-a52e-4f735466cecf":"f.084301A5A664EC2A1657BC720E998331.d.C42F8CFD025D0BB59D9CAA6BB4EA4B55.e.4006"}}]}]}
COMMAND: GET /session/5fe08db6bd73095dce541d1489fc13fd/screenshot - {}
RESULT: {}
COMMAND: POST /session/5fe08db6bd73095dce541d1489fc13fd/execute/sync - {"script":"<script> [79 bytes]","args":[{"element-6066-11e4-a52e-4f735466cecf":"f.084301A5A664EC2A1657BC720E998331.d.C42F8CFD025D0BB59D9CAA6BB4EA4B55.e.4006","ELEMENT":"f.084301A5A664EC2A1657BC720E998331.d.C42F8CFD025D0BB59D9CAA6BB4EA4B55.e.4006"},{"block":"start","inline":"nearest"}]}
RESULT: {"script":"<script> [79 bytes]","args":[{"element-6066-11e4-a52e-4f735466cecf":"f.084301A5A664EC2A1657BC720E998331.d.C42F8CFD025D0BB59D9CAA6BB4EA4B55.e.4006","ELEMENT":"f.084301A5A664EC2A1657BC720E998331.d.C42F8CFD025D0BB59D9CAA6BB4EA4B55.e.4006"},{"block":"start","inline":"nearest"}]}
COMMAND: POST /session/5fe08db6bd73095dce541d1489fc13fd/execute/async - {"script":"<script> [1562 bytes]","args":[{"selector":{"id":"application-manageresources-display-component---newResourceUnit--btnAddTimeSegment-img"},"wdio_ui5_key":"applicationmanageresources-display-component---newResourceUnit--btnAddTimeSegment-img"}]}
COMMAND: GET /session/5fe08db6bd73095dce541d1489fc13fd/screenshot - {}
RESULT: {"script":"<script> [1562 bytes]","args":[{"selector":{"id":"application-manageresources-display-component---newResourceUnit--btnAddTimeSegment-img"},"wdio_ui5_key":"applicationmanageresources-display-component---newResourceUnit--btnAddTimeSegment-img"}]}
RESULT: undefined
COMMAND: POST /session/5fe08db6bd73095dce541d1489fc13fd/element - {"using":"xpath","value":"//*[@id=\"application-manageresources-display-component---newResourceUnit--btnAddTimeSegment-img\"]"}
RESULT: {}
RESULT: {"using":"xpath","value":"//*[@id=\"application-manageresources-display-component---newResourceUnit--btnAddTimeSegment-img\"]"}
COMMAND: POST /session/5fe08db6bd73095dce541d1489fc13fd/element/f.084301A5A664EC2A1657BC720E998331.d.C42F8CFD025D0BB59D9CAA6BB4EA4B55.e.4007/click - {}
RESULT: {}
COMMAND: GET /session/5fe08db6bd73095dce541d1489fc13fd/screenshot - {}
RESULT: {}
COMMAND: POST /session/5fe08db6bd73095dce541d1489fc13fd/element - {"using":"xpath","value":"//input[@id=\"application-manageresources-display-component---newResourceUnit--idRuTSAdmin-application-manageresources-display-component---newResourceUnit--RUTimeSegment-0-inner\"]"}
RESULT: {"using":"xpath","value":"//input[@id=\"application-manageresources-display-component---newResourceUnit--idRuTSAdmin-application-manageresources-display-component---newResourceUnit--RUTimeSegment-0-inner\"]"}
COMMAND: POST /session/5fe08db6bd73095dce541d1489fc13fd/element/f.084301A5A664EC2A1657BC720E998331.d.C42F8CFD025D0BB59D9CAA6BB4EA4B55.e.4013/clear - {}
RESULT: {}
COMMAND: POST /session/5fe08db6bd73095dce541d1489fc13fd/element/f.084301A5A664EC2A1657BC720E998331.d.C42F8CFD025D0BB59D9CAA6BB4EA4B55.e.4013/value - {"text":"WebdriverYardekikt"}
COMMAND: GET /session/5fe08db6bd73095dce541d1489fc13fd/screenshot - {}
RESULT: {"text":"WebdriverYardekikt"}
COMMAND: GET /session/5fe08db6bd73095dce541d1489fc13fd/screenshot - {}
RESULT: {}
RESULT: {}
COMMAND: POST /session/5fe08db6bd73095dce541d1489fc13fd/actions - {"actions":[{"id":"action8","type":"key","parameters":{},"actions":[{"type":"keyDown","value":"î€‡"},{"type":"pause","duration":10},{"type":"keyUp","value":"î€‡"}]}]}
RESULT: {"actions":[{"id":"action8","type":"key","parameters":{},"actions":[{"type":"keyDown","value":"î€‡"},{"type":"pause","duration":10},{"type":"keyUp","value":"î€‡"}]}]}
COMMAND: POST /session/5fe08db6bd73095dce541d1489fc13fd/execute/async - {"script":"<script> [1562 bytes]","args":[{"selector":{"controlType":"sap.ui.core.Icon","viewName":"reusables.view.manageresources.NewResourceUnit","viewId":"application-manageresources-display-component---newResourceUnit","properties":{"src":{"regex":{"source":"slim\\-arrow\\-down"}}},"ancestor":{"controlType":"sap.m.ComboBox","viewName":"reusables.view.manageresources.NewResourceUnit","viewId":"application-manageresources-display-component---newResourceUnit","bindingPath":{"path":"/RESOURCE_UNIT_TIME_SEQUENCES/0","propertyPath":"COST_OBJECT_ADMIN_CST_TYPE","modelName":"oNewRruModel"}}},"wdio_ui5_key":"reusablesview.manageresources.NewResourceUnitsap.ui.core.Icon{\"src\":{\"regex\":{\"source\":\"slim\\\\-arrow\\\\-down\"}}}{\"controlType\":\"sap.m.ComboBox\",\"viewName\":\"reusables.view.manageresources.NewResourceUnit\",\"viewId\":\"application-manageresources-display-component---newResourceUnit\",\"bindingPath\":{\"path\":\"/RESOURCE_UNIT_TIME_SEQUENCES/0\",\"propertyPath\":\"COST_OBJECT_ADMIN_CST_TYPE\",\"modelName\":\"oNewRruModel\"}}"}]}
COMMAND: GET /session/5fe08db6bd73095dce541d1489fc13fd/screenshot - {}
RESULT: {"script":"<script> [1562 bytes]","args":[{"selector":{"controlType":"sap.ui.core.Icon","viewName":"reusables.view.manageresources.NewResourceUnit","viewId":"application-manageresources-display-component---newResourceUnit","properties":{"src":{"regex":{"source":"slim\\-arrow\\-down"}}},"ancestor":{"controlType":"sap.m.ComboBox","viewName":"reusables.view.manageresources.NewResourceUnit","viewId":"application-manageresources-display-component---newResourceUnit","bindingPath":{"path":"/RESOURCE_UNIT_TIME_SEQUENCES/0","propertyPath":"COST_OBJECT_ADMIN_CST_TYPE","modelName":"oNewRruModel"}}},"wdio_ui5_key":"reusablesview.manageresources.NewResourceUnitsap.ui.core.Icon{\"src\":{\"regex\":{\"source\":\"slim\\\\-arrow\\\\-down\"}}}{\"controlType\":\"sap.m.ComboBox\",\"viewName\":\"reusables.view.manageresources.NewResourceUnit\",\"viewId\":\"application-manageresources-display-component---newResourceUnit\",\"bindingPath\":{\"path\":\"/RESOURCE_UNIT_TIME_SEQUENCES/0\",\"propertyPath\":\"COST_OBJECT_ADMIN_CST_TYPE\",\"modelName\":\"oNewRruModel\"}}"}]}
RESULT: undefined
COMMAND: POST /session/5fe08db6bd73095dce541d1489fc13fd/element - {"using":"xpath","value":"//*[@id=\"__box7-application-manageresources-display-component---newResourceUnit--RUTimeSegment-0-arrow\"]"}
RESULT: {}
RESULT: {"using":"xpath","value":"//*[@id=\"__box7-application-manageresources-display-component---newResourceUnit--RUTimeSegment-0-arrow\"]"}
COMMAND: POST /session/5fe08db6bd73095dce541d1489fc13fd/element/f.084301A5A664EC2A1657BC720E998331.d.C42F8CFD025D0BB59D9CAA6BB4EA4B55.e.4025/click - {}
RESULT: {}
COMMAND: POST /session/5fe08db6bd73095dce541d1489fc13fd/execute/async - {"script":"<script> [1562 bytes]","args":[{"selector":{"controlType":"sap.m.StandardListItem","viewName":"reusables.view.manageresources.NewResourceUnit","viewId":"application-manageresources-display-component---newResourceUnit","properties":{"title":"PM Order"},"searchOpenDialogs":true,"interaction":{"idSuffix":"titleText"}},"wdio_ui5_key":"reusablesview.manageresources.NewResourceUnitsap.m.StandardListItem{\"title\":\"PM Order\"}"}]}
COMMAND: GET /session/5fe08db6bd73095dce541d1489fc13fd/screenshot - {}
RESULT: {"script":"<script> [1562 bytes]","args":[{"selector":{"controlType":"sap.m.StandardListItem","viewName":"reusables.view.manageresources.NewResourceUnit","viewId":"application-manageresources-display-component---newResourceUnit","properties":{"title":"PM Order"},"searchOpenDialogs":true,"interaction":{"idSuffix":"titleText"}},"wdio_ui5_key":"reusablesview.manageresources.NewResourceUnitsap.m.StandardListItem{\"title\":\"PM Order\"}"}]}
RESULT: undefined
COMMAND: POST /session/5fe08db6bd73095dce541d1489fc13fd/element - {"using":"xpath","value":"//*[@id=\"__item440\"]"}
RESULT: {}
RESULT: {"using":"xpath","value":"//*[@id=\"__item440\"]"}
COMMAND: POST /session/5fe08db6bd73095dce541d1489fc13fd/element/f.084301A5A664EC2A1657BC720E998331.d.C42F8CFD025D0BB59D9CAA6BB4EA4B55.e.4029/click - {}
RESULT: {}
COMMAND: GET /session/5fe08db6bd73095dce541d1489fc13fd/screenshot - {}
RESULT: {}
COMMAND: POST /session/5fe08db6bd73095dce541d1489fc13fd/element - {"using":"xpath","value":"(//input[contains(@id ,\"-application-manageresources-display-component---newResourceUnit--RUTimeSegment-0-inner\")])[8]"}
RESULT: {"using":"xpath","value":"(//input[contains(@id ,\"-application-manageresources-display-component---newResourceUnit--RUTimeSegment-0-inner\")])[8]"}
COMMAND: POST /session/5fe08db6bd73095dce541d1489fc13fd/element/f.084301A5A664EC2A1657BC720E998331.d.C42F8CFD025D0BB59D9CAA6BB4EA4B55.e.4032/clear - {}
RESULT: {}
COMMAND: POST /session/5fe08db6bd73095dce541d1489fc13fd/element/f.084301A5A664EC2A1657BC720E998331.d.C42F8CFD025D0BB59D9CAA6BB4EA4B55.e.4032/value - {"text":"4000360"}
COMMAND: GET /session/5fe08db6bd73095dce541d1489fc13fd/screenshot - {}
RESULT: {"text":"4000360"}
COMMAND: GET /session/5fe08db6bd73095dce541d1489fc13fd/screenshot - {}
RESULT: {}
RESULT: {}
COMMAND: POST /session/5fe08db6bd73095dce541d1489fc13fd/actions - {"actions":[{"id":"action9","type":"key","parameters":{},"actions":[{"type":"keyDown","value":"î€‡"},{"type":"pause","duration":10},{"type":"keyUp","value":"î€‡"}]}]}
RESULT: {"actions":[{"id":"action9","type":"key","parameters":{},"actions":[{"type":"keyDown","value":"î€‡"},{"type":"pause","duration":10},{"type":"keyUp","value":"î€‡"}]}]}
COMMAND: GET /session/5fe08db6bd73095dce541d1489fc13fd/screenshot - {}
RESULT: {}
COMMAND: POST /session/5fe08db6bd73095dce541d1489fc13fd/element - {"using":"xpath","value":"//input[contains(@id ,\"application-manageresources-display-component---newResourceUnit--newTimeSegmentFromDatePicker-application-manageresources-display-component---newResourceUnit--RUTimeSegment-0-inner\")]"}
RESULT: {"using":"xpath","value":"//input[contains(@id ,\"application-manageresources-display-component---newResourceUnit--newTimeSegmentFromDatePicker-application-manageresources-display-component---newResourceUnit--RUTimeSegment-0-inner\")]"}
COMMAND: POST /session/5fe08db6bd73095dce541d1489fc13fd/element/f.084301A5A664EC2A1657BC720E998331.d.C42F8CFD025D0BB59D9CAA6BB4EA4B55.e.4020/clear - {}
RESULT: {}
COMMAND: POST /session/5fe08db6bd73095dce541d1489fc13fd/element/f.084301A5A664EC2A1657BC720E998331.d.C42F8CFD025D0BB59D9CAA6BB4EA4B55.e.4020/clear - {}
COMMAND: GET /session/5fe08db6bd73095dce541d1489fc13fd/screenshot - {}
RESULT: {}
COMMAND: POST /session/5fe08db6bd73095dce541d1489fc13fd/element/f.084301A5A664EC2A1657BC720E998331.d.C42F8CFD025D0BB59D9CAA6BB4EA4B55.e.4020/value - {"text":"06/14/24"}
COMMAND: GET /session/5fe08db6bd73095dce541d1489fc13fd/screenshot - {}
RESULT: {}
RESULT: {}
RESULT: {"text":"06/14/24"}
COMMAND: POST /session/5fe08db6bd73095dce541d1489fc13fd/execute/async - {"script":"<script> [1562 bytes]","args":[{"selector":{"id":"application-manageresources-display-component---newResourceUnit--newRRUPage-anchBar-application-manageresources-display-component---newResourceUnit--resource-anchor","interaction":{"idSuffix":"BDI-content"}},"wdio_ui5_key":"applicationmanageresources-display-component---newResourceUnit--newRRUPage-anchBar-application-manageresources-display-component---newResourceUnit--resource-anchor"}]}
COMMAND: GET /session/5fe08db6bd73095dce541d1489fc13fd/screenshot - {}
RESULT: {"script":"<script> [1562 bytes]","args":[{"selector":{"id":"application-manageresources-display-component---newResourceUnit--newRRUPage-anchBar-application-manageresources-display-component---newResourceUnit--resource-anchor","interaction":{"idSuffix":"BDI-content"}},"wdio_ui5_key":"applicationmanageresources-display-component---newResourceUnit--newRRUPage-anchBar-application-manageresources-display-component---newResourceUnit--resource-anchor"}]}
RESULT: undefined
COMMAND: POST /session/5fe08db6bd73095dce541d1489fc13fd/element - {"using":"xpath","value":"//*[@id=\"application-manageresources-display-component---newResourceUnit--newRRUPage-anchBar-application-manageresources-display-component---newResourceUnit--resource-anchor\"]"}
RESULT: {}
RESULT: {"using":"xpath","value":"//*[@id=\"application-manageresources-display-component---newResourceUnit--newRRUPage-anchBar-application-manageresources-display-component---newResourceUnit--resource-anchor\"]"}
COMMAND: POST /session/5fe08db6bd73095dce541d1489fc13fd/element/f.084301A5A664EC2A1657BC720E998331.d.C42F8CFD025D0BB59D9CAA6BB4EA4B55.e.4039/click - {}
RESULT: {}
COMMAND: POST /session/5fe08db6bd73095dce541d1489fc13fd/execute/async - {"script":"<script> [1562 bytes]","args":[{"selector":{"id":"application-manageresources-display-component---newResourceUnit--PLANNED_DELIVERY_DATE","interaction":{"idSuffix":"inner"}},"wdio_ui5_key":"applicationmanageresources-display-component---newResourceUnit--PLANNED_DELIVERY_DATE"}]}
COMMAND: GET /session/5fe08db6bd73095dce541d1489fc13fd/screenshot - {}
RESULT: {"script":"<script> [1562 bytes]","args":[{"selector":{"id":"application-manageresources-display-component---newResourceUnit--PLANNED_DELIVERY_DATE","interaction":{"idSuffix":"inner"}},"wdio_ui5_key":"applicationmanageresources-display-component---newResourceUnit--PLANNED_DELIVERY_DATE"}]}
RESULT: undefined
COMMAND: POST /session/5fe08db6bd73095dce541d1489fc13fd/execute/async - {"script":"<script> [6424 bytes]","args":[{"element-6066-11e4-a52e-4f735466cecf":"f.084301A5A664EC2A1657BC720E998331.d.C42F8CFD025D0BB59D9CAA6BB4EA4B55.e.3917"},"setValue",["06/14/24"]]}
RESULT: {}
RESULT: {"script":"<script> [6424 bytes]","args":[{"element-6066-11e4-a52e-4f735466cecf":"f.084301A5A664EC2A1657BC720E998331.d.C42F8CFD025D0BB59D9CAA6BB4EA4B55.e.3917"},"setValue",["06/14/24"]]}
COMMAND: POST /session/5fe08db6bd73095dce541d1489fc13fd/execute/async - {"script":"<script> [1562 bytes]","args":[{"selector":{"id":"application-manageresources-display-component---newResourceUnit--RETIRE_PLANNED_DATE","interaction":{"idSuffix":"inner"}},"wdio_ui5_key":"applicationmanageresources-display-component---newResourceUnit--RETIRE_PLANNED_DATE"}]}
RESULT: {"script":"<script> [1562 bytes]","args":[{"selector":{"id":"application-manageresources-display-component---newResourceUnit--RETIRE_PLANNED_DATE","interaction":{"idSuffix":"inner"}},"wdio_ui5_key":"applicationmanageresources-display-component---newResourceUnit--RETIRE_PLANNED_DATE"}]}
RESULT: undefined
COMMAND: POST /session/5fe08db6bd73095dce541d1489fc13fd/execute/async - {"script":"<script> [776 bytes]","args":[{"enterText":"3/14/29","selector":{"id":"application-manageresources-display-component---newResourceUnit--RETIRE_PLANNED_DATE","interaction":{"idSuffix":"inner"}},"clearTextFirst":true,"interactionType":"ENTER_TEXT"}]}
RESULT: {"script":"<script> [776 bytes]","args":[{"enterText":"3/14/29","selector":{"id":"application-manageresources-display-component---newResourceUnit--RETIRE_PLANNED_DATE","interaction":{"idSuffix":"inner"}},"clearTextFirst":true,"interactionType":"ENTER_TEXT"}]}
COMMAND: POST /session/5fe08db6bd73095dce541d1489fc13fd/execute/async - {"script":"<script> [1562 bytes]","args":[{"selector":{"controlType":"sap.m.Button","viewName":"reusables.view.manageresources.NewResourceUnit","viewId":"application-manageresources-display-component---newResourceUnit","i18NText":{"propertyName":"tooltip","key":"save"},"interaction":{"idSuffix":"BDI-content"}},"wdio_ui5_key":"reusablesview.manageresources.NewResourceUnitsap.m.Button{\"propertyName\":\"tooltip\",\"key\":\"save\"}"}]}
RESULT: {"script":"<script> [1562 bytes]","args":[{"selector":{"controlType":"sap.m.Button","viewName":"reusables.view.manageresources.NewResourceUnit","viewId":"application-manageresources-display-component---newResourceUnit","i18NText":{"propertyName":"tooltip","key":"save"},"interaction":{"idSuffix":"BDI-content"}},"wdio_ui5_key":"reusablesview.manageresources.NewResourceUnitsap.m.Button{\"propertyName\":\"tooltip\",\"key\":\"save\"}"}]}
RESULT: undefined
COMMAND: POST /session/5fe08db6bd73095dce541d1489fc13fd/element - {"using":"xpath","value":"//*[@id=\"application-manageresources-display-component---newResourceUnit--createRuButton\"]"}
RESULT: {"using":"xpath","value":"//*[@id=\"application-manageresources-display-component---newResourceUnit--createRuButton\"]"}
COMMAND: POST /session/5fe08db6bd73095dce541d1489fc13fd/element/f.084301A5A664EC2A1657BC720E998331.d.C42F8CFD025D0BB59D9CAA6BB4EA4B55.e.3877/click - {}
RESULT: {}
COMMAND: GET /session/5fe08db6bd73095dce541d1489fc13fd/screenshot - {}
RESULT: {}
COMMAND: POST /session/5fe08db6bd73095dce541d1489fc13fd/execute/async - {"script":"<script> [1562 bytes]","args":[{"selector":{"controlType":"sap.m.Button","properties":{"text":"Close"},"searchOpenDialogs":true,"interaction":{"idSuffix":"inner"}},"wdio_ui5_key":"sapm.Button{\"text\":\"Close\"}"}]}
RESULT: {"script":"<script> [1562 bytes]","args":[{"selector":{"controlType":"sap.m.Button","properties":{"text":"Close"},"searchOpenDialogs":true,"interaction":{"idSuffix":"inner"}},"wdio_ui5_key":"sapm.Button{\"text\":\"Close\"}"}]}
RESULT: undefined
COMMAND: POST /session/5fe08db6bd73095dce541d1489fc13fd/element - {"using":"xpath","value":"//*[@id=\"__mbox-btn-0\"]"}
RESULT: {"using":"xpath","value":"//*[@id=\"__mbox-btn-0\"]"}
COMMAND: POST /session/5fe08db6bd73095dce541d1489fc13fd/element/f.084301A5A664EC2A1657BC720E998331.d.C42F8CFD025D0BB59D9CAA6BB4EA4B55.e.4046/click - {}
RESULT: {}
COMMAND: GET /session/5fe08db6bd73095dce541d1489fc13fd/screenshot - {}
RESULT: {}
COMMAND: POST /session/5fe08db6bd73095dce541d1489fc13fd/execute/async - {"script":"<script> [1562 bytes]","args":[{"selector":{"controlType":"sap.m.Text","viewName":"etm.portal.ui.manageresources.view.Detail","viewId":"application-manageresources-display-component---detailRU","bindingPath":{"propertyPath":"ID","modelName":"catalogModel"}},"wdio_ui5_key":"etmportal.ui.manageresources.view.Detailsap.m.Text{\"propertyPath\":\"ID\",\"modelName\":\"catalogModel\"}"}]}
RESULT: {"script":"<script> [1562 bytes]","args":[{"selector":{"controlType":"sap.m.Text","viewName":"etm.portal.ui.manageresources.view.Detail","viewId":"application-manageresources-display-component---detailRU","bindingPath":{"propertyPath":"ID","modelName":"catalogModel"}},"wdio_ui5_key":"etmportal.ui.manageresources.view.Detailsap.m.Text{\"propertyPath\":\"ID\",\"modelName\":\"catalogModel\"}"}]}
RESULT: undefined
COMMAND: POST /session/5fe08db6bd73095dce541d1489fc13fd/execute/async - {"script":"<script> [6424 bytes]","args":[{"element-6066-11e4-a52e-4f735466cecf":"f.084301A5A664EC2A1657BC720E998331.d.C42F8CFD025D0BB59D9CAA6BB4EA4B55.e.4101"},"getText",[]]}
RESULT: {"script":"<script> [6424 bytes]","args":[{"element-6066-11e4-a52e-4f735466cecf":"f.084301A5A664EC2A1657BC720E998331.d.C42F8CFD025D0BB59D9CAA6BB4EA4B55.e.4101"},"getText",[]]}
COMMAND: POST /session/5fe08db6bd73095dce541d1489fc13fd/element - {"using":"css selector","value":"#shell-header-logo"}
RESULT: {"using":"css selector","value":"#shell-header-logo"}
COMMAND: POST /session/5fe08db6bd73095dce541d1489fc13fd/element/f.084301A5A664EC2A1657BC720E998331.d.C42F8CFD025D0BB59D9CAA6BB4EA4B55.e.3499/click - {}
RESULT: {}
COMMAND: GET /session/5fe08db6bd73095dce541d1489fc13fd/screenshot - {}
RESULT: {}
COMMAND: POST /session/5fe08db6bd73095dce541d1489fc13fd/execute/async - {"script":"<script> [1562 bytes]","args":[{"selector":{"controlType":"sap.m.GenericTile","properties":{"header":"Manage Catalogs"}},"wdio_ui5_key":"sapm.GenericTile{\"header\":\"Manage Catalogs\"}"}]}
RESULT: {"script":"<script> [1562 bytes]","args":[{"selector":{"controlType":"sap.m.GenericTile","properties":{"header":"Manage Catalogs"}},"wdio_ui5_key":"sapm.GenericTile{\"header\":\"Manage Catalogs\"}"}]}
RESULT: undefined
COMMAND: POST /session/5fe08db6bd73095dce541d1489fc13fd/element - {"using":"xpath","value":"//*[@id=\"__tile37\"]"}
RESULT: {"using":"xpath","value":"//*[@id=\"__tile37\"]"}
COMMAND: POST /session/5fe08db6bd73095dce541d1489fc13fd/element/f.084301A5A664EC2A1657BC720E998331.d.C42F8CFD025D0BB59D9CAA6BB4EA4B55.e.4103/click - {}
RESULT: {}
COMMAND: GET /session/5fe08db6bd73095dce541d1489fc13fd/screenshot - {}
RESULT: {}
COMMAND: POST /session/5fe08db6bd73095dce541d1489fc13fd/elements - {"using":"xpath","value":"//span[text()='Error']"}
RESULT: {"using":"xpath","value":"//span[text()='Error']"}
COMMAND: POST /session/5fe08db6bd73095dce541d1489fc13fd/execute/async - {"script":"<script> [1562 bytes]","args":[{"selector":{"controlType":"sap.m.Text","viewName":"etm.portal.ui.managecatalogs.view.MasterCatalogs","viewId":"application-managecatalogs-display-component---masterCatalogs","bindingPath":{"path":"/Catalogs('0D7502D073D53A0F1700BE067B89AFF9')","propertyPath":"DESCRIPTION","modelName":"catalogModel"}},"wdio_ui5_key":"etmportal.ui.managecatalogs.view.MasterCatalogssap.m.Text{\"path\":\"/Catalogs('0D7502D073D53A0F1700BE067B89AFF9')\",\"propertyPath\":\"DESCRIPTION\",\"modelName\":\"catalogModel\"}"}]}
RESULT: {"script":"<script> [1562 bytes]","args":[{"selector":{"controlType":"sap.m.Text","viewName":"etm.portal.ui.managecatalogs.view.MasterCatalogs","viewId":"application-managecatalogs-display-component---masterCatalogs","bindingPath":{"path":"/Catalogs('0D7502D073D53A0F1700BE067B89AFF9')","propertyPath":"DESCRIPTION","modelName":"catalogModel"}},"wdio_ui5_key":"etmportal.ui.managecatalogs.view.MasterCatalogssap.m.Text{\"path\":\"/Catalogs('0D7502D073D53A0F1700BE067B89AFF9')\",\"propertyPath\":\"DESCRIPTION\",\"modelName\":\"catalogModel\"}"}]}
RESULT: undefined
COMMAND: POST /session/5fe08db6bd73095dce541d1489fc13fd/element - {"using":"xpath","value":"//*[@id=\"__text919-application-managecatalogs-display-component---masterCatalogs--CatalogsTable-11\"]"}
RESULT: {"using":"xpath","value":"//*[@id=\"__text919-application-managecatalogs-display-component---masterCatalogs--CatalogsTable-11\"]"}
COMMAND: POST /session/5fe08db6bd73095dce541d1489fc13fd/element/f.084301A5A664EC2A1657BC720E998331.d.C42F8CFD025D0BB59D9CAA6BB4EA4B55.e.4173/click - {}
RESULT: {}
COMMAND: POST /session/5fe08db6bd73095dce541d1489fc13fd/execute/async - {"script":"<script> [1562 bytes]","args":[{"selector":{"controlType":"sap.ui.layout.HorizontalLayout","viewName":"etm.portal.ui.managecatalogs.view.MasterItems","viewId":"application-managecatalogs-display-component---masterCatalogItems","ancestor":{"id":"application-managecatalogs-display-component---masterCatalogItems--idCatalogItemsTree-rows-row0"}},"wdio_ui5_key":"etmportal.ui.managecatalogs.view.MasterItemssap.ui.layout.HorizontalLayout{\"id\":\"application-managecatalogs-display-component---masterCatalogItems--idCatalogItemsTree-rows-row0\"}"}]}
COMMAND: GET /session/5fe08db6bd73095dce541d1489fc13fd/screenshot - {}
RESULT: {"script":"<script> [1562 bytes]","args":[{"selector":{"controlType":"sap.ui.layout.HorizontalLayout","viewName":"etm.portal.ui.managecatalogs.view.MasterItems","viewId":"application-managecatalogs-display-component---masterCatalogItems","ancestor":{"id":"application-managecatalogs-display-component---masterCatalogItems--idCatalogItemsTree-rows-row0"}},"wdio_ui5_key":"etmportal.ui.managecatalogs.view.MasterItemssap.ui.layout.HorizontalLayout{\"id\":\"application-managecatalogs-display-component---masterCatalogItems--idCatalogItemsTree-rows-row0\"}"}]}
RESULT: undefined
COMMAND: POST /session/5fe08db6bd73095dce541d1489fc13fd/element - {"using":"xpath","value":"//*[@id=\"__layout279-__clone1161\"]"}
RESULT: {}
RESULT: {"using":"xpath","value":"//*[@id=\"__layout279-__clone1161\"]"}
COMMAND: POST /session/5fe08db6bd73095dce541d1489fc13fd/element/f.084301A5A664EC2A1657BC720E998331.d.C42F8CFD025D0BB59D9CAA6BB4EA4B55.e.4184/click - {}
RESULT: {}
COMMAND: GET /session/5fe08db6bd73095dce541d1489fc13fd/screenshot - {}
RESULT: {}
COMMAND: POST /session/5fe08db6bd73095dce541d1489fc13fd/execute/async - {"script":"<script> [1562 bytes]","args":[{"selector":{"controlType":"sap.m.Button","viewName":"etm.portal.ui.managecatalogs.view.Detail","viewId":"application-managecatalogs-display-component---detailCatalog","i18NText":{"propertyName":"text","key":"edit"},"interaction":{"idSuffix":"BDI-content"}},"wdio_ui5_key":"etmportal.ui.managecatalogs.view.Detailsap.m.Button{\"propertyName\":\"text\",\"key\":\"edit\"}"}]}
RESULT: {"script":"<script> [1562 bytes]","args":[{"selector":{"controlType":"sap.m.Button","viewName":"etm.portal.ui.managecatalogs.view.Detail","viewId":"application-managecatalogs-display-component---detailCatalog","i18NText":{"propertyName":"text","key":"edit"},"interaction":{"idSuffix":"BDI-content"}},"wdio_ui5_key":"etmportal.ui.managecatalogs.view.Detailsap.m.Button{\"propertyName\":\"text\",\"key\":\"edit\"}"}]}
RESULT: undefined
COMMAND: POST /session/5fe08db6bd73095dce541d1489fc13fd/element - {"using":"xpath","value":"//*[@id=\"__button118\"]"}
RESULT: {"using":"xpath","value":"//*[@id=\"__button118\"]"}
COMMAND: POST /session/5fe08db6bd73095dce541d1489fc13fd/element/f.084301A5A664EC2A1657BC720E998331.d.C42F8CFD025D0BB59D9CAA6BB4EA4B55.e.4301/click - {}
RESULT: {}
COMMAND: GET /session/5fe08db6bd73095dce541d1489fc13fd/screenshot - {}
RESULT: {}
COMMAND: POST /session/5fe08db6bd73095dce541d1489fc13fd/element - {"using":"xpath","value":"//bdi[contains(text(), \"Unlock\")]"}
RESULT: {"using":"xpath","value":"//bdi[contains(text(), \"Unlock\")]"}
COMMAND: POST /session/5fe08db6bd73095dce541d1489fc13fd/elements - {"using":"xpath","value":"//bdi[contains(text(), \"Unlock\")]"}
RESULT: {"using":"xpath","value":"//bdi[contains(text(), \"Unlock\")]"}
COMMAND: POST /session/5fe08db6bd73095dce541d1489fc13fd/execute/async - {"script":"<script> [1562 bytes]","args":[{"selector":{"controlType":"sap.ui.core.Icon","viewName":"etm.portal.ui.managecatalogs.view.Detail","viewId":"application-managecatalogs-display-component---detailCatalog","properties":{"src":{"regex":{"source":"add\\-folder"}}}},"wdio_ui5_key":"etmportal.ui.managecatalogs.view.Detailsap.ui.core.Icon{\"src\":{\"regex\":{\"source\":\"add\\\\-folder\"}}}"}]}
RESULT: {"script":"<script> [1562 bytes]","args":[{"selector":{"controlType":"sap.ui.core.Icon","viewName":"etm.portal.ui.managecatalogs.view.Detail","viewId":"application-managecatalogs-display-component---detailCatalog","properties":{"src":{"regex":{"source":"add\\-folder"}}}},"wdio_ui5_key":"etmportal.ui.managecatalogs.view.Detailsap.ui.core.Icon{\"src\":{\"regex\":{\"source\":\"add\\\\-folder\"}}}"}]}
RESULT: undefined
COMMAND: POST /session/5fe08db6bd73095dce541d1489fc13fd/element - {"using":"xpath","value":"//*[@id=\"__button126-img\"]"}
RESULT: {"using":"xpath","value":"//*[@id=\"__button126-img\"]"}
COMMAND: POST /session/5fe08db6bd73095dce541d1489fc13fd/element/f.084301A5A664EC2A1657BC720E998331.d.C42F8CFD025D0BB59D9CAA6BB4EA4B55.e.4306/click - {}
RESULT: {}
COMMAND: GET /session/5fe08db6bd73095dce541d1489fc13fd/screenshot - {}
RESULT: {}
COMMAND: POST /session/5fe08db6bd73095dce541d1489fc13fd/execute/async - {"script":"<script> [1562 bytes]","args":[{"selector":{"id":"application-managecatalogs-display-component---detailCatalog--numberInput","searchOpenDialogs":true,"interaction":{"idSuffix":"inner"}},"wdio_ui5_key":"applicationmanagecatalogs-display-component---detailCatalog--numberInput"}]}
RESULT: {"script":"<script> [1562 bytes]","args":[{"selector":{"id":"application-managecatalogs-display-component---detailCatalog--numberInput","searchOpenDialogs":true,"interaction":{"idSuffix":"inner"}},"wdio_ui5_key":"applicationmanagecatalogs-display-component---detailCatalog--numberInput"}]}
RESULT: undefined
COMMAND: POST /session/5fe08db6bd73095dce541d1489fc13fd/execute/async - {"script":"<script> [776 bytes]","args":[{"enterText":"Sectionjadbs","selector":{"id":"application-managecatalogs-display-component---detailCatalog--numberInput","searchOpenDialogs":true,"interaction":{"idSuffix":"inner"}},"clearTextFirst":true,"interactionType":"ENTER_TEXT"}]}
RESULT: {"script":"<script> [776 bytes]","args":[{"enterText":"Sectionjadbs","selector":{"id":"application-managecatalogs-display-component---detailCatalog--numberInput","searchOpenDialogs":true,"interaction":{"idSuffix":"inner"}},"clearTextFirst":true,"interactionType":"ENTER_TEXT"}]}
COMMAND: POST /session/5fe08db6bd73095dce541d1489fc13fd/element - {"using":"css selector","value":"#application-managecatalogs-display-component---detailCatalog--nameInput-inner"}
RESULT: {"using":"css selector","value":"#application-managecatalogs-display-component---detailCatalog--nameInput-inner"}
COMMAND: POST /session/5fe08db6bd73095dce541d1489fc13fd/elements - {"using":"css selector","value":"#application-managecatalogs-display-component---detailCatalog--nameInput-inner"}
RESULT: {"using":"css selector","value":"#application-managecatalogs-display-component---detailCatalog--nameInput-inner"}
COMMAND: POST /session/5fe08db6bd73095dce541d1489fc13fd/element/f.084301A5A664EC2A1657BC720E998331.d.C42F8CFD025D0BB59D9CAA6BB4EA4B55.e.4310/clear - {}
RESULT: {}
COMMAND: POST /session/5fe08db6bd73095dce541d1489fc13fd/element/f.084301A5A664EC2A1657BC720E998331.d.C42F8CFD025D0BB59D9CAA6BB4EA4B55.e.4310/value - {"text":"Webdrivernhi08"}
COMMAND: GET /session/5fe08db6bd73095dce541d1489fc13fd/screenshot - {}
RESULT: {"text":"Webdrivernhi08"}
COMMAND: POST /session/5fe08db6bd73095dce541d1489fc13fd/execute/async - {"script":"<script> [1562 bytes]","args":[{"selector":{"controlType":"sap.m.Button","viewName":"etm.portal.ui.managecatalogs.view.Detail","viewId":"application-managecatalogs-display-component---detailCatalog","i18NText":{"propertyName":"text","key":"create"},"searchOpenDialogs":true,"interaction":{"idSuffix":"BDI-content"}},"wdio_ui5_key":"etmportal.ui.managecatalogs.view.Detailsap.m.Button{\"propertyName\":\"text\",\"key\":\"create\"}"}]}
COMMAND: GET /session/5fe08db6bd73095dce541d1489fc13fd/screenshot - {}
RESULT: {}
RESULT: {"script":"<script> [1562 bytes]","args":[{"selector":{"controlType":"sap.m.Button","viewName":"etm.portal.ui.managecatalogs.view.Detail","viewId":"application-managecatalogs-display-component---detailCatalog","i18NText":{"propertyName":"text","key":"create"},"searchOpenDialogs":true,"interaction":{"idSuffix":"BDI-content"}},"wdio_ui5_key":"etmportal.ui.managecatalogs.view.Detailsap.m.Button{\"propertyName\":\"text\",\"key\":\"create\"}"}]}
RESULT: undefined
COMMAND: POST /session/5fe08db6bd73095dce541d1489fc13fd/element - {"using":"xpath","value":"//*[@id=\"__button96\"]"}
RESULT: {}
RESULT: {"using":"xpath","value":"//*[@id=\"__button96\"]"}
COMMAND: POST /session/5fe08db6bd73095dce541d1489fc13fd/element/f.084301A5A664EC2A1657BC720E998331.d.C42F8CFD025D0BB59D9CAA6BB4EA4B55.e.4315/click - {}
RESULT: {}
COMMAND: GET /session/5fe08db6bd73095dce541d1489fc13fd/screenshot - {}
RESULT: {}
COMMAND: POST /session/5fe08db6bd73095dce541d1489fc13fd/element - {"using":"xpath","value":"//button[@title=\"Save\"]"}
RESULT: {"using":"xpath","value":"//button[@title=\"Save\"]"}
COMMAND: POST /session/5fe08db6bd73095dce541d1489fc13fd/element/f.084301A5A664EC2A1657BC720E998331.d.C42F8CFD025D0BB59D9CAA6BB4EA4B55.e.4316/click - {}
RESULT: {}
COMMAND: POST /session/5fe08db6bd73095dce541d1489fc13fd/execute/async - {"script":"<script> [1562 bytes]","args":[{"selector":{"controlType":"sap.ui.core.Icon","viewName":"etm.portal.ui.managecatalogs.view.Detail","viewId":"application-managecatalogs-display-component---detailCatalog","properties":{"src":{"regex":{"source":"decline"}}}},"wdio_ui5_key":"etmportal.ui.managecatalogs.view.Detailsap.ui.core.Icon{\"src\":{\"regex\":{\"source\":\"decline\"}}}"}]}
COMMAND: GET /session/5fe08db6bd73095dce541d1489fc13fd/screenshot - {}
RESULT: {"script":"<script> [1562 bytes]","args":[{"selector":{"controlType":"sap.ui.core.Icon","viewName":"etm.portal.ui.managecatalogs.view.Detail","viewId":"application-managecatalogs-display-component---detailCatalog","properties":{"src":{"regex":{"source":"decline"}}}},"wdio_ui5_key":"etmportal.ui.managecatalogs.view.Detailsap.ui.core.Icon{\"src\":{\"regex\":{\"source\":\"decline\"}}}"}]}
RESULT: undefined
COMMAND: POST /session/5fe08db6bd73095dce541d1489fc13fd/element - {"using":"xpath","value":"//*[@id=\"__button121-img\"]"}
RESULT: {}
RESULT: {"using":"xpath","value":"//*[@id=\"__button121-img\"]"}
COMMAND: POST /session/5fe08db6bd73095dce541d1489fc13fd/element/f.084301A5A664EC2A1657BC720E998331.d.C42F8CFD025D0BB59D9CAA6BB4EA4B55.e.4321/click - {}
RESULT: {}
COMMAND: GET /session/5fe08db6bd73095dce541d1489fc13fd/screenshot - {}
RESULT: {}
COMMAND: POST /session/5fe08db6bd73095dce541d1489fc13fd/execute/async - {"script":"<script> [1562 bytes]","args":[{"selector":{"controlType":"sap.ui.core.Icon","viewName":"etm.portal.ui.managecatalogs.view.MasterItems","viewId":"application-managecatalogs-display-component---masterCatalogItems","properties":{"src":{"regex":{"source":"refresh"}}}},"wdio_ui5_key":"etmportal.ui.managecatalogs.view.MasterItemssap.ui.core.Icon{\"src\":{\"regex\":{\"source\":\"refresh\"}}}"}]}
RESULT: {"script":"<script> [1562 bytes]","args":[{"selector":{"controlType":"sap.ui.core.Icon","viewName":"etm.portal.ui.managecatalogs.view.MasterItems","viewId":"application-managecatalogs-display-component---masterCatalogItems","properties":{"src":{"regex":{"source":"refresh"}}}},"wdio_ui5_key":"etmportal.ui.managecatalogs.view.MasterItemssap.ui.core.Icon{\"src\":{\"regex\":{\"source\":\"refresh\"}}}"}]}
RESULT: undefined
COMMAND: POST /session/5fe08db6bd73095dce541d1489fc13fd/element - {"using":"xpath","value":"//*[@id=\"__button94-img\"]"}
RESULT: {"using":"xpath","value":"//*[@id=\"__button94-img\"]"}
COMMAND: POST /session/5fe08db6bd73095dce541d1489fc13fd/element/f.084301A5A664EC2A1657BC720E998331.d.C42F8CFD025D0BB59D9CAA6BB4EA4B55.e.4357/click - {}
RESULT: {}
COMMAND: POST /session/5fe08db6bd73095dce541d1489fc13fd/execute/async - {"script":"<script> [1562 bytes]","args":[{"selector":{"id":"application-managecatalogs-display-component---masterCatalogItems--searchItemsField","interaction":{"idSuffix":"I"}},"wdio_ui5_key":"applicationmanagecatalogs-display-component---masterCatalogItems--searchItemsField"}]}
COMMAND: GET /session/5fe08db6bd73095dce541d1489fc13fd/screenshot - {}
RESULT: {"script":"<script> [1562 bytes]","args":[{"selector":{"id":"application-managecatalogs-display-component---masterCatalogItems--searchItemsField","interaction":{"idSuffix":"I"}},"wdio_ui5_key":"applicationmanagecatalogs-display-component---masterCatalogItems--searchItemsField"}]}
RESULT: undefined
COMMAND: POST /session/5fe08db6bd73095dce541d1489fc13fd/execute/async - {"script":"<script> [776 bytes]","args":[{"enterText":"Webdrivernhi08","selector":{"id":"application-managecatalogs-display-component---masterCatalogItems--searchItemsField","interaction":{"idSuffix":"I"}},"clearTextFirst":true,"interactionType":"ENTER_TEXT"}]}
RESULT: {}
RESULT: {"script":"<script> [776 bytes]","args":[{"enterText":"Webdrivernhi08","selector":{"id":"application-managecatalogs-display-component---masterCatalogItems--searchItemsField","interaction":{"idSuffix":"I"}},"clearTextFirst":true,"interactionType":"ENTER_TEXT"}]}
COMMAND: POST /session/5fe08db6bd73095dce541d1489fc13fd/actions - {"actions":[{"id":"action10","type":"key","parameters":{},"actions":[{"type":"keyDown","value":"î€‡"},{"type":"pause","duration":10},{"type":"keyUp","value":"î€‡"}]}]}
RESULT: {"actions":[{"id":"action10","type":"key","parameters":{},"actions":[{"type":"keyDown","value":"î€‡"},{"type":"pause","duration":10},{"type":"keyUp","value":"î€‡"}]}]}
COMMAND: POST /session/5fe08db6bd73095dce541d1489fc13fd/element - {"using":"xpath","value":"(//span[contains(text(), \"Webdrivernhi08\")])[1]"}
COMMAND: GET /session/5fe08db6bd73095dce541d1489fc13fd/screenshot - {}
RESULT: {"using":"xpath","value":"(//span[contains(text(), \"Webdrivernhi08\")])[1]"}
COMMAND: POST /session/5fe08db6bd73095dce541d1489fc13fd/element/f.084301A5A664EC2A1657BC720E998331.d.C42F8CFD025D0BB59D9CAA6BB4EA4B55.e.4360/click - {}
RESULT: {}
RESULT: {}
COMMAND: GET /session/5fe08db6bd73095dce541d1489fc13fd/screenshot - {}
RESULT: {}
RESULT: undefined
COMMAND: POST /session/5fe08db6bd73095dce541d1489fc13fd/element - {"using":"xpath","value":"//*[@id=\"__button118\"]"}
RESULT: {"using":"xpath","value":"//*[@id=\"__button118\"]"}
COMMAND: POST /session/5fe08db6bd73095dce541d1489fc13fd/element/f.084301A5A664EC2A1657BC720E998331.d.C42F8CFD025D0BB59D9CAA6BB4EA4B55.e.4429/click - {}
RESULT: {}
COMMAND: GET /session/5fe08db6bd73095dce541d1489fc13fd/screenshot - {}
RESULT: {}
RESULT: undefined
COMMAND: POST /session/5fe08db6bd73095dce541d1489fc13fd/element - {"using":"xpath","value":"//*[@id=\"__button126-img\"]"}
RESULT: {"using":"xpath","value":"//*[@id=\"__button126-img\"]"}
COMMAND: POST /session/5fe08db6bd73095dce541d1489fc13fd/element/f.084301A5A664EC2A1657BC720E998331.d.C42F8CFD025D0BB59D9CAA6BB4EA4B55.e.4445/click - {}
RESULT: {}
COMMAND: GET /session/5fe08db6bd73095dce541d1489fc13fd/screenshot - {}
RESULT: {}
RESULT: undefined
COMMAND: POST /session/5fe08db6bd73095dce541d1489fc13fd/execute/async - {"script":"<script> [776 bytes]","args":[{"enterText":"SecondSectionpyy97","selector":{"id":"application-managecatalogs-display-component---detailCatalog--numberInput","searchOpenDialogs":true,"interaction":{"idSuffix":"inner"}},"clearTextFirst":true,"interactionType":"ENTER_TEXT"}]}
RESULT: {"script":"<script> [776 bytes]","args":[{"enterText":"SecondSectionpyy97","selector":{"id":"application-managecatalogs-display-component---detailCatalog--numberInput","searchOpenDialogs":true,"interaction":{"idSuffix":"inner"}},"clearTextFirst":true,"interactionType":"ENTER_TEXT"}]}
COMMAND: POST /session/5fe08db6bd73095dce541d1489fc13fd/element - {"using":"xpath","value":"//input[contains(@id ,\"application-managecatalogs-display-component---detailCatalog--nameInput-inner\")]"}
RESULT: {"using":"xpath","value":"//input[contains(@id ,\"application-managecatalogs-display-component---detailCatalog--nameInput-inner\")]"}
COMMAND: POST /session/5fe08db6bd73095dce541d1489fc13fd/elements - {"using":"xpath","value":"//input[contains(@id ,\"application-managecatalogs-display-component---detailCatalog--nameInput-inner\")]"}
RESULT: {"using":"xpath","value":"//input[contains(@id ,\"application-managecatalogs-display-component---detailCatalog--nameInput-inner\")]"}
COMMAND: POST /session/5fe08db6bd73095dce541d1489fc13fd/element/f.084301A5A664EC2A1657BC720E998331.d.C42F8CFD025D0BB59D9CAA6BB4EA4B55.e.4449/clear - {}
RESULT: {}
COMMAND: POST /session/5fe08db6bd73095dce541d1489fc13fd/element/f.084301A5A664EC2A1657BC720E998331.d.C42F8CFD025D0BB59D9CAA6BB4EA4B55.e.4449/value - {"text":"webdriverseconddqf0vh"}
COMMAND: GET /session/5fe08db6bd73095dce541d1489fc13fd/screenshot - {}
RESULT: {"text":"webdriverseconddqf0vh"}
RESULT: undefined
COMMAND: POST /session/5fe08db6bd73095dce541d1489fc13fd/element - {"using":"xpath","value":"//*[@id=\"__button96\"]"}
COMMAND: GET /session/5fe08db6bd73095dce541d1489fc13fd/screenshot - {}
RESULT: {}
RESULT: {"using":"xpath","value":"//*[@id=\"__button96\"]"}
COMMAND: POST /session/5fe08db6bd73095dce541d1489fc13fd/element/f.084301A5A664EC2A1657BC720E998331.d.C42F8CFD025D0BB59D9CAA6BB4EA4B55.e.4453/click - {}
RESULT: {}
RESULT: {}
COMMAND: GET /session/5fe08db6bd73095dce541d1489fc13fd/screenshot - {}
RESULT: {}
COMMAND: POST /session/5fe08db6bd73095dce541d1489fc13fd/element - {"using":"xpath","value":"//button[@title=\"Save\"]"}
RESULT: {"using":"xpath","value":"//button[@title=\"Save\"]"}
COMMAND: POST /session/5fe08db6bd73095dce541d1489fc13fd/element/f.084301A5A664EC2A1657BC720E998331.d.C42F8CFD025D0BB59D9CAA6BB4EA4B55.e.4433/click - {}
RESULT: {}
COMMAND: GET /session/5fe08db6bd73095dce541d1489fc13fd/screenshot - {}
RESULT: {}
RESULT: undefined
COMMAND: POST /session/5fe08db6bd73095dce541d1489fc13fd/element - {"using":"xpath","value":"//*[@id=\"__button121-img\"]"}
RESULT: {"using":"xpath","value":"//*[@id=\"__button121-img\"]"}
COMMAND: POST /session/5fe08db6bd73095dce541d1489fc13fd/element/f.084301A5A664EC2A1657BC720E998331.d.C42F8CFD025D0BB59D9CAA6BB4EA4B55.e.4458/click - {}
RESULT: {}
COMMAND: GET /session/5fe08db6bd73095dce541d1489fc13fd/screenshot - {}
RESULT: {}
RESULT: undefined
COMMAND: POST /session/5fe08db6bd73095dce541d1489fc13fd/element - {"using":"xpath","value":"//*[@id=\"__button94-img\"]"}
RESULT: {"using":"xpath","value":"//*[@id=\"__button94-img\"]"}
COMMAND: POST /session/5fe08db6bd73095dce541d1489fc13fd/element/f.084301A5A664EC2A1657BC720E998331.d.C42F8CFD025D0BB59D9CAA6BB4EA4B55.e.4494/click - {}
RESULT: {}
COMMAND: GET /session/5fe08db6bd73095dce541d1489fc13fd/screenshot - {}
RESULT: {}
RESULT: undefined
COMMAND: POST /session/5fe08db6bd73095dce541d1489fc13fd/execute/async - {"script":"<script> [776 bytes]","args":[{"enterText":"SecondSectionpyy97","selector":{"id":"application-managecatalogs-display-component---masterCatalogItems--searchItemsField","interaction":{"idSuffix":"I"}},"clearTextFirst":true,"interactionType":"ENTER_TEXT"}]}
RESULT: {"script":"<script> [776 bytes]","args":[{"enterText":"SecondSectionpyy97","selector":{"id":"application-managecatalogs-display-component---masterCatalogItems--searchItemsField","interaction":{"idSuffix":"I"}},"clearTextFirst":true,"interactionType":"ENTER_TEXT"}]}
COMMAND: POST /session/5fe08db6bd73095dce541d1489fc13fd/actions - {"actions":[{"id":"action11","type":"key","parameters":{},"actions":[{"type":"keyDown","value":"î€‡"},{"type":"pause","duration":10},{"type":"keyUp","value":"î€‡"}]}]}
RESULT: {"actions":[{"id":"action11","type":"key","parameters":{},"actions":[{"type":"keyDown","value":"î€‡"},{"type":"pause","duration":10},{"type":"keyUp","value":"î€‡"}]}]}
COMMAND: POST /session/5fe08db6bd73095dce541d1489fc13fd/element - {"using":"xpath","value":"(//span[contains(text(), \"SecondSectionpyy97\")])[1]"}
COMMAND: GET /session/5fe08db6bd73095dce541d1489fc13fd/screenshot - {}
RESULT: {"using":"xpath","value":"(//span[contains(text(), \"SecondSectionpyy97\")])[1]"}
COMMAND: POST /session/5fe08db6bd73095dce541d1489fc13fd/element/f.084301A5A664EC2A1657BC720E998331.d.C42F8CFD025D0BB59D9CAA6BB4EA4B55.e.4497/click - {}
RESULT: {}
RESULT: {}
COMMAND: POST /session/5fe08db6bd73095dce541d1489fc13fd/element - {"using":"xpath","value":"(//span[contains(text(), \"SecondSectionpyy97\")])[1]"}
COMMAND: GET /session/5fe08db6bd73095dce541d1489fc13fd/screenshot - {}
RESULT: {"using":"xpath","value":"(//span[contains(text(), \"SecondSectionpyy97\")])[1]"}
COMMAND: GET /session/5fe08db6bd73095dce541d1489fc13fd/element/f.084301A5A664EC2A1657BC720E998331.d.C42F8CFD025D0BB59D9CAA6BB4EA4B55.e.4497/text - {}
RESULT: {}
COMMAND: POST /session/5fe08db6bd73095dce541d1489fc13fd/element - {"using":"xpath","value":"(//span[contains(text(), \"SecondSectionpyy97\")])[1]"}
RESULT: {"using":"xpath","value":"(//span[contains(text(), \"SecondSectionpyy97\")])[1]"}
COMMAND: GET /session/5fe08db6bd73095dce541d1489fc13fd/element/f.084301A5A664EC2A1657BC720E998331.d.C42F8CFD025D0BB59D9CAA6BB4EA4B55.e.4497/text - {}
COMMAND: POST /session/5fe08db6bd73095dce541d1489fc13fd/element - {"using":"xpath","value":"(//span[contains(text(), \"SecondSectionpyy97\")])[1]"}
RESULT: {"using":"xpath","value":"(//span[contains(text(), \"SecondSectionpyy97\")])[1]"}
COMMAND: GET /session/5fe08db6bd73095dce541d1489fc13fd/element/f.084301A5A664EC2A1657BC720E998331.d.C42F8CFD025D0BB59D9CAA6BB4EA4B55.e.4550/text - {}
RESULT: {}
COMMAND: POST /session/5fe08db6bd73095dce541d1489fc13fd/refresh - {}
RESULT: {}
COMMAND: GET /session/5fe08db6bd73095dce541d1489fc13fd/screenshot - {}
RESULT: {}
COMMAND: POST /session/5fe08db6bd73095dce541d1489fc13fd/execute/async - {"script":"<script> [189 bytes]","args":[]}
RESULT: {"script":"<script> [189 bytes]","args":[]}
COMMAND: POST /session/5fe08db6bd73095dce541d1489fc13fd/execute/async - {"script":"<script> [123 bytes]","args":[]}
RESULT: {"script":"<script> [123 bytes]","args":[]}
COMMAND: POST /session/5fe08db6bd73095dce541d1489fc13fd/timeouts - {"script":"<number>"}
RESULT: {"script":"<number>"}
COMMAND: GET /session/5fe08db6bd73095dce541d1489fc13fd/timeouts - {}
RESULT: {}
RESULT: undefined
COMMAND: POST /session/5fe08db6bd73095dce541d1489fc13fd/execute/async - {"script":"<script> [2676 bytes]","args":[]}
RESULT: {"script":"<script> [2676 bytes]","args":[]}
COMMAND: POST /session/5fe08db6bd73095dce541d1489fc13fd/execute/async - {"script":"<script> [2342 bytes]","args":[{"protocol":"http","hostname":"0.0.0.0","path":"/","capabilities":{"browserName":"chrome","goog:chromeOptions":{"binary":"C:\\Program Files\\Google\\Chrome\\Application\\chrome.exe","args":["--start-maximized"]}},"logLevel":"warn","connectionRetryTimeout":120000,"connectionRetryCount":3,"logLevels":{},"enableDirectConnect":true,"strictSSL":true,"_":"65 more keys: [\"cacheDir\",\"port\",\"requestedCapabilities\",\"automationProtocol\",\"baseUrl\",\"waitforInterval\",\"waitforTimeout\",\"onReload\",\"beforeCommand\",\"afterCommand\",\"rootDir\",\"specs\",\"suites\",\"exclude\",\"groupLogsByTestSpec\",\"excludeDriverLogs\",\"bail\",\"framework\",\"reporters\",\"services\",\"maxInstances\",\"maxInstancesPerCapability\",\"injectGlobals\",\"filesToWatch\",\"execArgv\",\"runnerEnv\",\"runner\",\"shard\",\"specFileRetries\",\"specFileRetriesDelay\",\"specFileRetriesDeferred\",\"reporterSyncInterval\",\"reporterSyncTimeout\",\"cucumberFeaturesWithLineNumbers\",\"autoCompileOpts\",\"mochaOpts\",\"jasmineOpts\",\"cucumberOpts\",\"onPrepare\",\"onWorkerStart\",\"onWorkerEnd\",\"before\",\"beforeSession\",\"beforeSuite\",\"beforeHook\",\"beforeTest\",\"afterTest\",\"afterHook\",\"afterSuite\",\"afterSession\",\"after\",\"onComplete\",\"beforeAssertion\",\"afterAssertion\",\"beforeFeature\",\"beforeScenario\",\"beforeStep\",\"afterStep\",\"afterScenario\",\"afterFeature\",\"_\",\"suite\",\"$0\",\"ignoredWorkerServices\",\"wdi5\"]"}]}
RESULT: {"script":"<script> [2342 bytes]","args":[{"protocol":"http","hostname":"0.0.0.0","path":"/","capabilities":{"browserName":"chrome","goog:chromeOptions":{"binary":"C:\\Program Files\\Google\\Chrome\\Application\\chrome.exe","args":["--start-maximized"]}},"logLevel":"warn","connectionRetryTimeout":120000,"connectionRetryCount":3,"logLevels":{},"enableDirectConnect":true,"strictSSL":true,"_":"65 more keys: [\"cacheDir\",\"port\",\"requestedCapabilities\",\"automationProtocol\",\"baseUrl\",\"waitforInterval\",\"waitforTimeout\",\"onReload\",\"beforeCommand\",\"afterCommand\",\"rootDir\",\"specs\",\"suites\",\"exclude\",\"groupLogsByTestSpec\",\"excludeDriverLogs\",\"bail\",\"framework\",\"reporters\",\"services\",\"maxInstances\",\"maxInstancesPerCapability\",\"injectGlobals\",\"filesToWatch\",\"execArgv\",\"runnerEnv\",\"runner\",\"shard\",\"specFileRetries\",\"specFileRetriesDelay\",\"specFileRetriesDeferred\",\"reporterSyncInterval\",\"reporterSyncTimeout\",\"cucumberFeaturesWithLineNumbers\",\"autoCompileOpts\",\"mochaOpts\",\"jasmineOpts\",\"cucumberOpts\",\"onPrepare\",\"onWorkerStart\",\"onWorkerEnd\",\"before\",\"beforeSession\",\"beforeSuite\",\"beforeHook\",\"beforeTest\",\"afterTest\",\"afterHook\",\"afterSuite\",\"afterSession\",\"after\",\"onComplete\",\"beforeAssertion\",\"afterAssertion\",\"beforeFeature\",\"beforeScenario\",\"beforeStep\",\"afterStep\",\"afterScenario\",\"afterFeature\",\"_\",\"suite\",\"$0\",\"ignoredWorkerServices\",\"wdi5\"]"}]}
COMMAND: POST /session/5fe08db6bd73095dce541d1489fc13fd/execute/async - {"script":"<script> [21126 bytes]","args":[35000]}
RESULT: {"script":"<script> [21126 bytes]","args":[35000]}
COMMAND: POST /session/5fe08db6bd73095dce541d1489fc13fd/execute/async - {"script":"<script> [1562 bytes]","args":[{"selector":{"controlType":"sap.m.Button","viewName":"etm.portal.ui.managecatalogs.view.Detail","viewId":"application-managecatalogs-display-component---detailCatalog","i18NText":{"propertyName":"text","key":"edit"},"interaction":{"idSuffix":"BDI-content"}},"wdio_ui5_key":"etmportal.ui.managecatalogs.view.Detailsap.m.Button{\"propertyName\":\"text\",\"key\":\"edit\"}"}]}
RESULT: {"script":"<script> [1562 bytes]","args":[{"selector":{"controlType":"sap.m.Button","viewName":"etm.portal.ui.managecatalogs.view.Detail","viewId":"application-managecatalogs-display-component---detailCatalog","i18NText":{"propertyName":"text","key":"edit"},"interaction":{"idSuffix":"BDI-content"}},"wdio_ui5_key":"etmportal.ui.managecatalogs.view.Detailsap.m.Button{\"propertyName\":\"text\",\"key\":\"edit\"}"}]}
RESULT: undefined
COMMAND: POST /session/5fe08db6bd73095dce541d1489fc13fd/element - {"using":"xpath","value":"//*[@id=\"__button25\"]"}
RESULT: {"using":"xpath","value":"//*[@id=\"__button25\"]"}
COMMAND: POST /session/5fe08db6bd73095dce541d1489fc13fd/element/f.084301A5A664EC2A1657BC720E998331.d.9D7FAC3F9947D12C143D1B8DE19B1687.e.4608/click - {}
RESULT: {}
COMMAND: GET /session/5fe08db6bd73095dce541d1489fc13fd/screenshot - {}
RESULT: {}
COMMAND: POST /session/5fe08db6bd73095dce541d1489fc13fd/element - {"using":"xpath","value":"//button[contains(@title ,\"Create Catalog Item\")]"}
RESULT: {"using":"xpath","value":"//button[contains(@title ,\"Create Catalog Item\")]"}
COMMAND: POST /session/5fe08db6bd73095dce541d1489fc13fd/element/f.084301A5A664EC2A1657BC720E998331.d.9D7FAC3F9947D12C143D1B8DE19B1687.e.4612/click - {}
RESULT: {}
COMMAND: POST /session/5fe08db6bd73095dce541d1489fc13fd/execute/async - {"script":"<script> [1562 bytes]","args":[{"selector":{"id":"application-managecatalogs-display-component---detailCatalog--newItemNumberInput","searchOpenDialogs":true,"interaction":{"idSuffix":"inner"}},"wdio_ui5_key":"applicationmanagecatalogs-display-component---detailCatalog--newItemNumberInput"}]}
COMMAND: GET /session/5fe08db6bd73095dce541d1489fc13fd/screenshot - {}
RESULT: {"script":"<script> [1562 bytes]","args":[{"selector":{"id":"application-managecatalogs-display-component---detailCatalog--newItemNumberInput","searchOpenDialogs":true,"interaction":{"idSuffix":"inner"}},"wdio_ui5_key":"applicationmanagecatalogs-display-component---detailCatalog--newItemNumberInput"}]}
RESULT: undefined
COMMAND: POST /session/5fe08db6bd73095dce541d1489fc13fd/execute/async - {"script":"<script> [776 bytes]","args":[{"enterText":"catalogItemfimotg","selector":{"id":"application-managecatalogs-display-component---detailCatalog--newItemNumberInput","searchOpenDialogs":true,"interaction":{"idSuffix":"inner"}},"clearTextFirst":true,"interactionType":"ENTER_TEXT"}]}
RESULT: {}
RESULT: {"script":"<script> [776 bytes]","args":[{"enterText":"catalogItemfimotg","selector":{"id":"application-managecatalogs-display-component---detailCatalog--newItemNumberInput","searchOpenDialogs":true,"interaction":{"idSuffix":"inner"}},"clearTextFirst":true,"interactionType":"ENTER_TEXT"}]}
COMMAND: POST /session/5fe08db6bd73095dce541d1489fc13fd/execute/async - {"script":"<script> [1562 bytes]","args":[{"selector":{"controlType":"sap.m.Input","viewName":"etm.portal.ui.managecatalogs.view.Detail","viewId":"application-managecatalogs-display-component---detailCatalog","bindingPath":{"path":"","propertyPath":"/DESCRIPTION"},"searchOpenDialogs":true,"interaction":{"idSuffix":"inner"}},"wdio_ui5_key":"etmportal.ui.managecatalogs.view.Detailsap.m.Input{\"path\":\"\",\"propertyPath\":\"/DESCRIPTION\"}"}]}
RESULT: {"script":"<script> [1562 bytes]","args":[{"selector":{"controlType":"sap.m.Input","viewName":"etm.portal.ui.managecatalogs.view.Detail","viewId":"application-managecatalogs-display-component---detailCatalog","bindingPath":{"path":"","propertyPath":"/DESCRIPTION"},"searchOpenDialogs":true,"interaction":{"idSuffix":"inner"}},"wdio_ui5_key":"etmportal.ui.managecatalogs.view.Detailsap.m.Input{\"path\":\"\",\"propertyPath\":\"/DESCRIPTION\"}"}]}
RESULT: undefined
COMMAND: POST /session/5fe08db6bd73095dce541d1489fc13fd/execute/async - {"script":"<script> [776 bytes]","args":[{"enterText":"catalogItemName97gk2j","selector":{"controlType":"sap.m.Input","viewName":"etm.portal.ui.managecatalogs.view.Detail","viewId":"application-managecatalogs-display-component---detailCatalog","bindingPath":{"path":"","propertyPath":"/DESCRIPTION"},"searchOpenDialogs":true,"interaction":{"idSuffix":"inner"}},"clearTextFirst":true,"interactionType":"ENTER_TEXT"}]}
RESULT: {"script":"<script> [776 bytes]","args":[{"enterText":"catalogItemName97gk2j","selector":{"controlType":"sap.m.Input","viewName":"etm.portal.ui.managecatalogs.view.Detail","viewId":"application-managecatalogs-display-component---detailCatalog","bindingPath":{"path":"","propertyPath":"/DESCRIPTION"},"searchOpenDialogs":true,"interaction":{"idSuffix":"inner"}},"clearTextFirst":true,"interactionType":"ENTER_TEXT"}]}
COMMAND: POST /session/5fe08db6bd73095dce541d1489fc13fd/actions - {"actions":[{"id":"action12","type":"key","parameters":{},"actions":[{"type":"keyDown","value":"î€„"},{"type":"pause","duration":10},{"type":"keyUp","value":"î€„"}]}]}
RESULT: {"actions":[{"id":"action12","type":"key","parameters":{},"actions":[{"type":"keyDown","value":"î€„"},{"type":"pause","duration":10},{"type":"keyUp","value":"î€„"}]}]}
COMMAND: GET /session/5fe08db6bd73095dce541d1489fc13fd/screenshot - {}
RESULT: {}
COMMAND: POST /session/5fe08db6bd73095dce541d1489fc13fd/actions - {"actions":[{"id":"action13","type":"key","parameters":{},"actions":[{"type":"keyDown","value":"î€‡"},{"type":"pause","duration":10},{"type":"keyUp","value":"î€‡"}]}]}
RESULT: {"actions":[{"id":"action13","type":"key","parameters":{},"actions":[{"type":"keyDown","value":"î€‡"},{"type":"pause","duration":10},{"type":"keyUp","value":"î€‡"}]}]}
COMMAND: GET /session/5fe08db6bd73095dce541d1489fc13fd/screenshot - {}
RESULT: {}
COMMAND: POST /session/5fe08db6bd73095dce541d1489fc13fd/element - {"using":"xpath","value":"//button[@title=\"Save\"]"}
RESULT: {"using":"xpath","value":"//button[@title=\"Save\"]"}
COMMAND: POST /session/5fe08db6bd73095dce541d1489fc13fd/element/f.084301A5A664EC2A1657BC720E998331.d.9D7FAC3F9947D12C143D1B8DE19B1687.e.4621/click - {}
RESULT: {}
COMMAND: GET /session/5fe08db6bd73095dce541d1489fc13fd/screenshot - {}
RESULT: {}
COMMAND: POST /session/5fe08db6bd73095dce541d1489fc13fd/execute/async - {"script":"<script> [1562 bytes]","args":[{"selector":{"controlType":"sap.ui.core.Icon","viewName":"etm.portal.ui.managecatalogs.view.Detail","viewId":"application-managecatalogs-display-component---detailCatalog","properties":{"src":{"regex":{"source":"decline"}}}},"wdio_ui5_key":"etmportal.ui.managecatalogs.view.Detailsap.ui.core.Icon{\"src\":{\"regex\":{\"source\":\"decline\"}}}"}]}
RESULT: {"script":"<script> [1562 bytes]","args":[{"selector":{"controlType":"sap.ui.core.Icon","viewName":"etm.portal.ui.managecatalogs.view.Detail","viewId":"application-managecatalogs-display-component---detailCatalog","properties":{"src":{"regex":{"source":"decline"}}}},"wdio_ui5_key":"etmportal.ui.managecatalogs.view.Detailsap.ui.core.Icon{\"src\":{\"regex\":{\"source\":\"decline\"}}}"}]}
RESULT: undefined
COMMAND: POST /session/5fe08db6bd73095dce541d1489fc13fd/element - {"using":"xpath","value":"//*[@id=\"__button28-img\"]"}
RESULT: {"using":"xpath","value":"//*[@id=\"__button28-img\"]"}
COMMAND: POST /session/5fe08db6bd73095dce541d1489fc13fd/element/f.084301A5A664EC2A1657BC720E998331.d.9D7FAC3F9947D12C143D1B8DE19B1687.e.4626/click - {}
RESULT: {}
COMMAND: GET /session/5fe08db6bd73095dce541d1489fc13fd/screenshot - {}
RESULT: {}
COMMAND: POST /session/5fe08db6bd73095dce541d1489fc13fd/execute/async - {"script":"<script> [1562 bytes]","args":[{"selector":{"controlType":"sap.ui.core.Icon","viewName":"etm.portal.ui.managecatalogs.view.MasterItems","viewId":"application-managecatalogs-display-component---masterCatalogItems","properties":{"src":{"regex":{"source":"refresh"}}}},"wdio_ui5_key":"etmportal.ui.managecatalogs.view.MasterItemssap.ui.core.Icon{\"src\":{\"regex\":{\"source\":\"refresh\"}}}"}]}
RESULT: {"script":"<script> [1562 bytes]","args":[{"selector":{"controlType":"sap.ui.core.Icon","viewName":"etm.portal.ui.managecatalogs.view.MasterItems","viewId":"application-managecatalogs-display-component---masterCatalogItems","properties":{"src":{"regex":{"source":"refresh"}}}},"wdio_ui5_key":"etmportal.ui.managecatalogs.view.MasterItemssap.ui.core.Icon{\"src\":{\"regex\":{\"source\":\"refresh\"}}}"}]}
RESULT: undefined
COMMAND: POST /session/5fe08db6bd73095dce541d1489fc13fd/element - {"using":"xpath","value":"//*[@id=\"__button1-img\"]"}
RESULT: {"using":"xpath","value":"//*[@id=\"__button1-img\"]"}
COMMAND: POST /session/5fe08db6bd73095dce541d1489fc13fd/element/f.084301A5A664EC2A1657BC720E998331.d.9D7FAC3F9947D12C143D1B8DE19B1687.e.4634/click - {}
RESULT: {}
COMMAND: GET /session/5fe08db6bd73095dce541d1489fc13fd/screenshot - {}
RESULT: {}
COMMAND: POST /session/5fe08db6bd73095dce541d1489fc13fd/execute/async - {"script":"<script> [1562 bytes]","args":[{"selector":{"id":"application-managecatalogs-display-component---masterCatalogItems--searchItemsField","interaction":{"idSuffix":"I"}},"wdio_ui5_key":"applicationmanagecatalogs-display-component---masterCatalogItems--searchItemsField"}]}
RESULT: {"script":"<script> [1562 bytes]","args":[{"selector":{"id":"application-managecatalogs-display-component---masterCatalogItems--searchItemsField","interaction":{"idSuffix":"I"}},"wdio_ui5_key":"applicationmanagecatalogs-display-component---masterCatalogItems--searchItemsField"}]}
RESULT: undefined
COMMAND: POST /session/5fe08db6bd73095dce541d1489fc13fd/execute/async - {"script":"<script> [776 bytes]","args":[{"enterText":"catalogItemName97gk2j","selector":{"id":"application-managecatalogs-display-component---masterCatalogItems--searchItemsField","interaction":{"idSuffix":"I"}},"clearTextFirst":true,"interactionType":"ENTER_TEXT"}]}
RESULT: {"script":"<script> [776 bytes]","args":[{"enterText":"catalogItemName97gk2j","selector":{"id":"application-managecatalogs-display-component---masterCatalogItems--searchItemsField","interaction":{"idSuffix":"I"}},"clearTextFirst":true,"interactionType":"ENTER_TEXT"}]}
COMMAND: POST /session/5fe08db6bd73095dce541d1489fc13fd/actions - {"actions":[{"id":"action14","type":"key","parameters":{},"actions":[{"type":"keyDown","value":"î€‡"},{"type":"pause","duration":10},{"type":"keyUp","value":"î€‡"}]}]}
RESULT: {"actions":[{"id":"action14","type":"key","parameters":{},"actions":[{"type":"keyDown","value":"î€‡"},{"type":"pause","duration":10},{"type":"keyUp","value":"î€‡"}]}]}
COMMAND: POST /session/5fe08db6bd73095dce541d1489fc13fd/element - {"using":"xpath","value":"(//span[contains(text(), \"catalogItemName97gk2j\")])[1]"}
COMMAND: GET /session/5fe08db6bd73095dce541d1489fc13fd/screenshot - {}
RESULT: {"using":"xpath","value":"(//span[contains(text(), \"catalogItemName97gk2j\")])[1]"}
COMMAND: POST /session/5fe08db6bd73095dce541d1489fc13fd/element/f.084301A5A664EC2A1657BC720E998331.d.9D7FAC3F9947D12C143D1B8DE19B1687.e.4670/click - {}
RESULT: {}
RESULT: {}
COMMAND: GET /session/5fe08db6bd73095dce541d1489fc13fd/screenshot - {}
RESULT: {}
COMMAND: POST /session/5fe08db6bd73095dce541d1489fc13fd/element - {"using":"xpath","value":"//span[contains(text(), \"catalogItemfimotg\")]"}
RESULT: {"using":"xpath","value":"//span[contains(text(), \"catalogItemfimotg\")]"}
COMMAND: GET /session/5fe08db6bd73095dce541d1489fc13fd/element/f.084301A5A664EC2A1657BC720E998331.d.9D7FAC3F9947D12C143D1B8DE19B1687.e.4732/text - {}
RESULT: {}
]]></system-out>
    </testcase>
    <testcase classname="chrome.136_0_7103_49.windows.Standard_contract_-_add_contract_items_by_Insert_Request_US118222" name="Should assign resources to the catalog item" time="52.555">
      <system-out><![CDATA[
RESULT: undefined
COMMAND: POST /session/5fe08db6bd73095dce541d1489fc13fd/element - {"using":"xpath","value":"//*[@id=\"__button25\"]"}
RESULT: {"using":"xpath","value":"//*[@id=\"__button25\"]"}
COMMAND: POST /session/5fe08db6bd73095dce541d1489fc13fd/element/f.084301A5A664EC2A1657BC720E998331.d.9D7FAC3F9947D12C143D1B8DE19B1687.e.4733/click - {}
RESULT: {}
COMMAND: GET /session/5fe08db6bd73095dce541d1489fc13fd/screenshot - {}
RESULT: {}
COMMAND: POST /session/5fe08db6bd73095dce541d1489fc13fd/execute/async - {"script":"<script> [1562 bytes]","args":[{"selector":{"id":"application-managecatalogs-display-component---detailCatalog--BASE_UNIT_OF_MEASURE-arrow"},"wdio_ui5_key":"applicationmanagecatalogs-display-component---detailCatalog--BASE_UNIT_OF_MEASURE-arrow"}]}
RESULT: {"script":"<script> [1562 bytes]","args":[{"selector":{"id":"application-managecatalogs-display-component---detailCatalog--BASE_UNIT_OF_MEASURE-arrow"},"wdio_ui5_key":"applicationmanagecatalogs-display-component---detailCatalog--BASE_UNIT_OF_MEASURE-arrow"}]}
RESULT: undefined
COMMAND: POST /session/5fe08db6bd73095dce541d1489fc13fd/element - {"using":"xpath","value":"//*[@id=\"application-managecatalogs-display-component---detailCatalog--BASE_UNIT_OF_MEASURE-arrow\"]"}
RESULT: {"using":"xpath","value":"//*[@id=\"application-managecatalogs-display-component---detailCatalog--BASE_UNIT_OF_MEASURE-arrow\"]"}
COMMAND: POST /session/5fe08db6bd73095dce541d1489fc13fd/element/f.084301A5A664EC2A1657BC720E998331.d.9D7FAC3F9947D12C143D1B8DE19B1687.e.4758/click - {}
RESULT: {}
COMMAND: POST /session/5fe08db6bd73095dce541d1489fc13fd/execute/async - {"script":"<script> [1562 bytes]","args":[{"selector":{"controlType":"sap.m.StandardListItem","viewName":"etm.portal.ui.managecatalogs.view.Detail","viewId":"application-managecatalogs-display-component---detailCatalog","properties":{"title":"Piece"},"searchOpenDialogs":true,"interaction":{"idSuffix":"titleText"}},"wdio_ui5_key":"etmportal.ui.managecatalogs.view.Detailsap.m.StandardListItem{\"title\":\"Piece\"}"}]}
COMMAND: GET /session/5fe08db6bd73095dce541d1489fc13fd/screenshot - {}
RESULT: {}
RESULT: {"script":"<script> [1562 bytes]","args":[{"selector":{"controlType":"sap.m.StandardListItem","viewName":"etm.portal.ui.managecatalogs.view.Detail","viewId":"application-managecatalogs-display-component---detailCatalog","properties":{"title":"Piece"},"searchOpenDialogs":true,"interaction":{"idSuffix":"titleText"}},"wdio_ui5_key":"etmportal.ui.managecatalogs.view.Detailsap.m.StandardListItem{\"title\":\"Piece\"}"}]}
RESULT: undefined
COMMAND: POST /session/5fe08db6bd73095dce541d1489fc13fd/element - {"using":"xpath","value":"//*[@id=\"__item213\"]"}
RESULT: {"using":"xpath","value":"//*[@id=\"__item213\"]"}
COMMAND: POST /session/5fe08db6bd73095dce541d1489fc13fd/element/f.084301A5A664EC2A1657BC720E998331.d.9D7FAC3F9947D12C143D1B8DE19B1687.e.4762/click - {}
RESULT: {}
COMMAND: POST /session/5fe08db6bd73095dce541d1489fc13fd/execute/async - {"script":"<script> [1562 bytes]","args":[{"selector":{"id":"application-managecatalogs-display-component---detailCatalog--ObjectPageLayout-anchBar-application-managecatalogs-display-component---detailCatalog--sectionRUs-anchor","interaction":{"idSuffix":"BDI-content"}},"wdio_ui5_key":"applicationmanagecatalogs-display-component---detailCatalog--ObjectPageLayout-anchBar-application-managecatalogs-display-component---detailCatalog--sectionRUs-anchor"}]}
COMMAND: GET /session/5fe08db6bd73095dce541d1489fc13fd/screenshot - {}
RESULT: {"script":"<script> [1562 bytes]","args":[{"selector":{"id":"application-managecatalogs-display-component---detailCatalog--ObjectPageLayout-anchBar-application-managecatalogs-display-component---detailCatalog--sectionRUs-anchor","interaction":{"idSuffix":"BDI-content"}},"wdio_ui5_key":"applicationmanagecatalogs-display-component---detailCatalog--ObjectPageLayout-anchBar-application-managecatalogs-display-component---detailCatalog--sectionRUs-anchor"}]}
RESULT: undefined
COMMAND: POST /session/5fe08db6bd73095dce541d1489fc13fd/element - {"using":"xpath","value":"//*[@id=\"application-managecatalogs-display-component---detailCatalog--ObjectPageLayout-anchBar-application-managecatalogs-display-component---detailCatalog--sectionRUs-anchor\"]"}
RESULT: {}
RESULT: {"using":"xpath","value":"//*[@id=\"application-managecatalogs-display-component---detailCatalog--ObjectPageLayout-anchBar-application-managecatalogs-display-component---detailCatalog--sectionRUs-anchor\"]"}
COMMAND: POST /session/5fe08db6bd73095dce541d1489fc13fd/element/f.084301A5A664EC2A1657BC720E998331.d.9D7FAC3F9947D12C143D1B8DE19B1687.e.4764/click - {}
RESULT: {}
COMMAND: POST /session/5fe08db6bd73095dce541d1489fc13fd/element - {"using":"xpath","value":"//button[contains(@data-kt ,\"catalogItemAssignRuButton\")]"}
COMMAND: GET /session/5fe08db6bd73095dce541d1489fc13fd/screenshot - {}
RESULT: {"using":"xpath","value":"//button[contains(@data-kt ,\"catalogItemAssignRuButton\")]"}
COMMAND: POST /session/5fe08db6bd73095dce541d1489fc13fd/element/f.084301A5A664EC2A1657BC720E998331.d.9D7FAC3F9947D12C143D1B8DE19B1687.e.4770/click - {}
RESULT: {}
RESULT: {}
COMMAND: GET /session/5fe08db6bd73095dce541d1489fc13fd/screenshot - {}
RESULT: {}
COMMAND: POST /session/5fe08db6bd73095dce541d1489fc13fd/actions - {"actions":[{"id":"action15","type":"key","parameters":{},"actions":[{"type":"keyDown","value":"î€‡"},{"type":"pause","duration":10},{"type":"keyUp","value":"î€‡"}]}]}
RESULT: {"actions":[{"id":"action15","type":"key","parameters":{},"actions":[{"type":"keyDown","value":"î€‡"},{"type":"pause","duration":10},{"type":"keyUp","value":"î€‡"}]}]}
COMMAND: POST /session/5fe08db6bd73095dce541d1489fc13fd/execute/async - {"script":"<script> [1562 bytes]","args":[{"selector":{"id":"application-managecatalogs-display-component---detailCatalog--assignRUSearchField-vhi","searchOpenDialogs":true},"wdio_ui5_key":"applicationmanagecatalogs-display-component---detailCatalog--assignRUSearchField-vhi"}]}
COMMAND: GET /session/5fe08db6bd73095dce541d1489fc13fd/screenshot - {}
RESULT: {"script":"<script> [1562 bytes]","args":[{"selector":{"id":"application-managecatalogs-display-component---detailCatalog--assignRUSearchField-vhi","searchOpenDialogs":true},"wdio_ui5_key":"applicationmanagecatalogs-display-component---detailCatalog--assignRUSearchField-vhi"}]}
RESULT: undefined
COMMAND: POST /session/5fe08db6bd73095dce541d1489fc13fd/element - {"using":"xpath","value":"//*[@id=\"application-managecatalogs-display-component---detailCatalog--assignRUSearchField-vhi\"]"}
RESULT: {}
RESULT: {"using":"xpath","value":"//*[@id=\"application-managecatalogs-display-component---detailCatalog--assignRUSearchField-vhi\"]"}
COMMAND: POST /session/5fe08db6bd73095dce541d1489fc13fd/element/f.084301A5A664EC2A1657BC720E998331.d.9D7FAC3F9947D12C143D1B8DE19B1687.e.4789/click - {}
RESULT: {}
COMMAND: GET /session/5fe08db6bd73095dce541d1489fc13fd/screenshot - {}
RESULT: {}
COMMAND: POST /session/5fe08db6bd73095dce541d1489fc13fd/element - {"using":"xpath","value":"//input[contains(@id ,\"searchField-I\")]"}
RESULT: {"using":"xpath","value":"//input[contains(@id ,\"searchField-I\")]"}
COMMAND: POST /session/5fe08db6bd73095dce541d1489fc13fd/element/f.084301A5A664EC2A1657BC720E998331.d.9D7FAC3F9947D12C143D1B8DE19B1687.e.4793/clear - {}
RESULT: {}
COMMAND: POST /session/5fe08db6bd73095dce541d1489fc13fd/element/f.084301A5A664EC2A1657BC720E998331.d.9D7FAC3F9947D12C143D1B8DE19B1687.e.4793/value - {"text":"WdIOR2cEquipe79ri"}
COMMAND: GET /session/5fe08db6bd73095dce541d1489fc13fd/screenshot - {}
RESULT: {"text":"WdIOR2cEquipe79ri"}
COMMAND: GET /session/5fe08db6bd73095dce541d1489fc13fd/screenshot - {}
RESULT: {}
RESULT: {}
COMMAND: POST /session/5fe08db6bd73095dce541d1489fc13fd/actions - {"actions":[{"id":"action16","type":"key","parameters":{},"actions":[{"type":"keyDown","value":"î€‡"},{"type":"pause","duration":10},{"type":"keyUp","value":"î€‡"}]}]}
RESULT: {"actions":[{"id":"action16","type":"key","parameters":{},"actions":[{"type":"keyDown","value":"î€‡"},{"type":"pause","duration":10},{"type":"keyUp","value":"î€‡"}]}]}
COMMAND: GET /session/5fe08db6bd73095dce541d1489fc13fd/screenshot - {}
RESULT: {}
COMMAND: POST /session/5fe08db6bd73095dce541d1489fc13fd/actions - {"actions":[{"id":"action17","type":"key","parameters":{},"actions":[{"type":"keyDown","value":"î€„"},{"type":"pause","duration":10},{"type":"keyUp","value":"î€„"}]}]}
RESULT: {"actions":[{"id":"action17","type":"key","parameters":{},"actions":[{"type":"keyDown","value":"î€„"},{"type":"pause","duration":10},{"type":"keyUp","value":"î€„"}]}]}
COMMAND: GET /session/5fe08db6bd73095dce541d1489fc13fd/screenshot - {}
RESULT: {}
COMMAND: POST /session/5fe08db6bd73095dce541d1489fc13fd/actions - {"actions":[{"id":"action18","type":"key","parameters":{},"actions":[{"type":"keyDown","value":"î€‡"},{"type":"pause","duration":10},{"type":"keyUp","value":"î€‡"}]}]}
RESULT: {"actions":[{"id":"action18","type":"key","parameters":{},"actions":[{"type":"keyDown","value":"î€‡"},{"type":"pause","duration":10},{"type":"keyUp","value":"î€‡"}]}]}
COMMAND: GET /session/5fe08db6bd73095dce541d1489fc13fd/screenshot - {}
RESULT: {}
COMMAND: POST /session/5fe08db6bd73095dce541d1489fc13fd/element - {"using":"xpath","value":"//bdi[contains(@id ,\"application-managecatalogs-display-component---detailCatalog--RUAssignmentSaveButton-BDI-content\")]"}
RESULT: {"using":"xpath","value":"//bdi[contains(@id ,\"application-managecatalogs-display-component---detailCatalog--RUAssignmentSaveButton-BDI-content\")]"}
COMMAND: POST /session/5fe08db6bd73095dce541d1489fc13fd/element/f.084301A5A664EC2A1657BC720E998331.d.9D7FAC3F9947D12C143D1B8DE19B1687.e.4826/click - {}
RESULT: {}
COMMAND: GET /session/5fe08db6bd73095dce541d1489fc13fd/screenshot - {}
RESULT: {}
COMMAND: POST /session/5fe08db6bd73095dce541d1489fc13fd/element - {"using":"xpath","value":"//bdi[contains(@id ,\"application-managecatalogs-display-component---detailCatalog--ObjectPageLayout-anchBar-application-managecatalogs-display-component---detailCatalog--sectionRUs-anchor-BDI-content\")]"}
RESULT: {"using":"xpath","value":"//bdi[contains(@id ,\"application-managecatalogs-display-component---detailCatalog--ObjectPageLayout-anchBar-application-managecatalogs-display-component---detailCatalog--sectionRUs-anchor-BDI-content\")]"}
COMMAND: POST /session/5fe08db6bd73095dce541d1489fc13fd/element/f.084301A5A664EC2A1657BC720E998331.d.9D7FAC3F9947D12C143D1B8DE19B1687.e.4846/click - {}
RESULT: {}
COMMAND: GET /session/5fe08db6bd73095dce541d1489fc13fd/screenshot - {}
RESULT: {}
COMMAND: POST /session/5fe08db6bd73095dce541d1489fc13fd/element - {"using":"xpath","value":"//button[contains(@data-kt ,\"catalogItemAssignRuButton\")]"}
RESULT: {"using":"xpath","value":"//button[contains(@data-kt ,\"catalogItemAssignRuButton\")]"}
COMMAND: POST /session/5fe08db6bd73095dce541d1489fc13fd/element/f.084301A5A664EC2A1657BC720E998331.d.9D7FAC3F9947D12C143D1B8DE19B1687.e.4770/click - {}
RESULT: {}
COMMAND: GET /session/5fe08db6bd73095dce541d1489fc13fd/screenshot - {}
RESULT: {}
COMMAND: POST /session/5fe08db6bd73095dce541d1489fc13fd/actions - {"actions":[{"id":"action19","type":"key","parameters":{},"actions":[{"type":"keyDown","value":"î€‡"},{"type":"pause","duration":10},{"type":"keyUp","value":"î€‡"}]}]}
RESULT: {"actions":[{"id":"action19","type":"key","parameters":{},"actions":[{"type":"keyDown","value":"î€‡"},{"type":"pause","duration":10},{"type":"keyUp","value":"î€‡"}]}]}
RESULT: undefined
COMMAND: POST /session/5fe08db6bd73095dce541d1489fc13fd/element - {"using":"xpath","value":"//*[@id=\"application-managecatalogs-display-component---detailCatalog--assignRUSearchField-vhi\"]"}
COMMAND: GET /session/5fe08db6bd73095dce541d1489fc13fd/screenshot - {}
RESULT: {"using":"xpath","value":"//*[@id=\"application-managecatalogs-display-component---detailCatalog--assignRUSearchField-vhi\"]"}
COMMAND: POST /session/5fe08db6bd73095dce541d1489fc13fd/elements - {"using":"xpath","value":"//*[@id=\"application-managecatalogs-display-component---detailCatalog--assignRUSearchField-vhi\"]"}
RESULT: {}
RESULT: {"using":"xpath","value":"//*[@id=\"application-managecatalogs-display-component---detailCatalog--assignRUSearchField-vhi\"]"}
COMMAND: POST /session/5fe08db6bd73095dce541d1489fc13fd/element - {"using":"xpath","value":"//*[@id=\"application-managecatalogs-display-component---detailCatalog--assignRUSearchField-vhi\"]"}
RESULT: {"using":"xpath","value":"//*[@id=\"application-managecatalogs-display-component---detailCatalog--assignRUSearchField-vhi\"]"}
COMMAND: POST /session/5fe08db6bd73095dce541d1489fc13fd/element/f.084301A5A664EC2A1657BC720E998331.d.9D7FAC3F9947D12C143D1B8DE19B1687.e.4864/click - {}
RESULT: {}
COMMAND: POST /session/5fe08db6bd73095dce541d1489fc13fd/execute/async - {"script":"<script> [1562 bytes]","args":[{"selector":{"controlType":"sap.m.SearchField","viewName":"etm.portal.ui.managecatalogs.view.Detail","viewId":"application-managecatalogs-display-component---detailCatalog","searchOpenDialogs":true,"interaction":{"idSuffix":"I"}},"wdio_ui5_key":"etmportal.ui.managecatalogs.view.Detailsap.m.SearchField"}]}
COMMAND: GET /session/5fe08db6bd73095dce541d1489fc13fd/screenshot - {}
RESULT: {"script":"<script> [1562 bytes]","args":[{"selector":{"controlType":"sap.m.SearchField","viewName":"etm.portal.ui.managecatalogs.view.Detail","viewId":"application-managecatalogs-display-component---detailCatalog","searchOpenDialogs":true,"interaction":{"idSuffix":"I"}},"wdio_ui5_key":"etmportal.ui.managecatalogs.view.Detailsap.m.SearchField"}]}
RESULT: undefined
COMMAND: POST /session/5fe08db6bd73095dce541d1489fc13fd/execute/async - {"script":"<script> [776 bytes]","args":[{"enterText":"WebdriverRUR2Cf1elj","selector":{"controlType":"sap.m.SearchField","viewName":"etm.portal.ui.managecatalogs.view.Detail","viewId":"application-managecatalogs-display-component---detailCatalog","searchOpenDialogs":true,"interaction":{"idSuffix":"I"}},"clearTextFirst":true,"interactionType":"ENTER_TEXT"}]}
RESULT: {}
RESULT: {"script":"<script> [776 bytes]","args":[{"enterText":"WebdriverRUR2Cf1elj","selector":{"controlType":"sap.m.SearchField","viewName":"etm.portal.ui.managecatalogs.view.Detail","viewId":"application-managecatalogs-display-component---detailCatalog","searchOpenDialogs":true,"interaction":{"idSuffix":"I"}},"clearTextFirst":true,"interactionType":"ENTER_TEXT"}]}
COMMAND: POST /session/5fe08db6bd73095dce541d1489fc13fd/actions - {"actions":[{"id":"action20","type":"key","parameters":{},"actions":[{"type":"keyDown","value":"î€‡"},{"type":"pause","duration":10},{"type":"keyUp","value":"î€‡"}]}]}
RESULT: {"actions":[{"id":"action20","type":"key","parameters":{},"actions":[{"type":"keyDown","value":"î€‡"},{"type":"pause","duration":10},{"type":"keyUp","value":"î€‡"}]}]}
COMMAND: GET /session/5fe08db6bd73095dce541d1489fc13fd/screenshot - {}
RESULT: {}
COMMAND: POST /session/5fe08db6bd73095dce541d1489fc13fd/element - {"using":"xpath","value":"(//span[contains(text(), \"WebdriverRUR2Cf1elj\")])[1]"}
RESULT: {"using":"xpath","value":"(//span[contains(text(), \"WebdriverRUR2Cf1elj\")])[1]"}
COMMAND: POST /session/5fe08db6bd73095dce541d1489fc13fd/element/f.084301A5A664EC2A1657BC720E998331.d.9D7FAC3F9947D12C143D1B8DE19B1687.e.4882/click - {}
RESULT: {}
COMMAND: POST /session/5fe08db6bd73095dce541d1489fc13fd/execute/async - {"script":"<script> [1562 bytes]","args":[{"selector":{"id":"application-managecatalogs-display-component---detailCatalog--RUAssignmentSaveButton","searchOpenDialogs":true,"interaction":{"idSuffix":"BDI-content"}},"wdio_ui5_key":"applicationmanagecatalogs-display-component---detailCatalog--RUAssignmentSaveButton"}]}
COMMAND: GET /session/5fe08db6bd73095dce541d1489fc13fd/screenshot - {}
RESULT: {"script":"<script> [1562 bytes]","args":[{"selector":{"id":"application-managecatalogs-display-component---detailCatalog--RUAssignmentSaveButton","searchOpenDialogs":true,"interaction":{"idSuffix":"BDI-content"}},"wdio_ui5_key":"applicationmanagecatalogs-display-component---detailCatalog--RUAssignmentSaveButton"}]}
RESULT: undefined
COMMAND: POST /session/5fe08db6bd73095dce541d1489fc13fd/element - {"using":"xpath","value":"//*[@id=\"application-managecatalogs-display-component---detailCatalog--RUAssignmentSaveButton\"]"}
RESULT: {}
RESULT: {"using":"xpath","value":"//*[@id=\"application-managecatalogs-display-component---detailCatalog--RUAssignmentSaveButton\"]"}
COMMAND: POST /session/5fe08db6bd73095dce541d1489fc13fd/element/f.084301A5A664EC2A1657BC720E998331.d.9D7FAC3F9947D12C143D1B8DE19B1687.e.4885/click - {}
RESULT: {}
COMMAND: GET /session/5fe08db6bd73095dce541d1489fc13fd/screenshot - {}
RESULT: {}
COMMAND: POST /session/5fe08db6bd73095dce541d1489fc13fd/element - {"using":"xpath","value":"//bdi[contains(text(), \"Save\")]"}
RESULT: {"using":"xpath","value":"//bdi[contains(text(), \"Save\")]"}
COMMAND: POST /session/5fe08db6bd73095dce541d1489fc13fd/element/f.084301A5A664EC2A1657BC720E998331.d.9D7FAC3F9947D12C143D1B8DE19B1687.e.4908/click - {}
RESULT: {}
COMMAND: GET /session/5fe08db6bd73095dce541d1489fc13fd/screenshot - {}
RESULT: {}
COMMAND: POST /session/5fe08db6bd73095dce541d1489fc13fd/element - {"using":"css selector","value":"#shell-header-logo"}
RESULT: {"using":"css selector","value":"#shell-header-logo"}
COMMAND: POST /session/5fe08db6bd73095dce541d1489fc13fd/element/f.084301A5A664EC2A1657BC720E998331.d.9D7FAC3F9947D12C143D1B8DE19B1687.e.4574/click - {}
RESULT: {}
COMMAND: GET /session/5fe08db6bd73095dce541d1489fc13fd/screenshot - {}
RESULT: {}
]]></system-out>
    </testcase>
    <testcase classname="chrome.136_0_7103_49.windows.Standard_contract_-_add_contract_items_by_Insert_Request_US118222" name="Should create a new contract" time="88.64">
      <system-out><![CDATA[
COMMAND: POST /session/5fe08db6bd73095dce541d1489fc13fd/execute/async - {"script":"<script> [1562 bytes]","args":[{"selector":{"controlType":"sap.m.GenericTile","properties":{"header":"Manage Contracts"}},"wdio_ui5_key":"sapm.GenericTile{\"header\":\"Manage Contracts\"}"}]}
RESULT: {"script":"<script> [1562 bytes]","args":[{"selector":{"controlType":"sap.m.GenericTile","properties":{"header":"Manage Contracts"}},"wdio_ui5_key":"sapm.GenericTile{\"header\":\"Manage Contracts\"}"}]}
RESULT: undefined
COMMAND: POST /session/5fe08db6bd73095dce541d1489fc13fd/element - {"using":"xpath","value":"//*[@id=\"__tile130\"]"}
RESULT: {"using":"xpath","value":"//*[@id=\"__tile130\"]"}
COMMAND: POST /session/5fe08db6bd73095dce541d1489fc13fd/element/f.084301A5A664EC2A1657BC720E998331.d.9D7FAC3F9947D12C143D1B8DE19B1687.e.4940/click - {}
RESULT: {}
COMMAND: GET /session/5fe08db6bd73095dce541d1489fc13fd/screenshot - {}
RESULT: {}
COMMAND: POST /session/5fe08db6bd73095dce541d1489fc13fd/elements - {"using":"xpath","value":"//span[text()='Error']"}
RESULT: {"using":"xpath","value":"//span[text()='Error']"}
COMMAND: POST /session/5fe08db6bd73095dce541d1489fc13fd/element - {"using":"xpath","value":"//button[@data-kt=\"addButton\"]"}
RESULT: {"using":"xpath","value":"//button[@data-kt=\"addButton\"]"}
COMMAND: POST /session/5fe08db6bd73095dce541d1489fc13fd/element/f.084301A5A664EC2A1657BC720E998331.d.9D7FAC3F9947D12C143D1B8DE19B1687.e.4991/click - {}
RESULT: {}
COMMAND: GET /session/5fe08db6bd73095dce541d1489fc13fd/screenshot - {}
RESULT: {}
COMMAND: POST /session/5fe08db6bd73095dce541d1489fc13fd/execute/async - {"script":"<script> [1562 bytes]","args":[{"selector":{"id":"application-managecontracts-display-component---AddNewContract--projectDescription","interaction":{"idSuffix":"inner"}},"wdio_ui5_key":"applicationmanagecontracts-display-component---AddNewContract--projectDescription"}]}
RESULT: {"script":"<script> [1562 bytes]","args":[{"selector":{"id":"application-managecontracts-display-component---AddNewContract--projectDescription","interaction":{"idSuffix":"inner"}},"wdio_ui5_key":"applicationmanagecontracts-display-component---AddNewContract--projectDescription"}]}
RESULT: undefined
COMMAND: POST /session/5fe08db6bd73095dce541d1489fc13fd/execute/async - {"script":"<script> [776 bytes]","args":[{"enterText":"WdIOR2cjqqln","selector":{"id":"application-managecontracts-display-component---AddNewContract--projectDescription","interaction":{"idSuffix":"inner"}},"clearTextFirst":true,"interactionType":"ENTER_TEXT"}]}
RESULT: {"script":"<script> [776 bytes]","args":[{"enterText":"WdIOR2cjqqln","selector":{"id":"application-managecontracts-display-component---AddNewContract--projectDescription","interaction":{"idSuffix":"inner"}},"clearTextFirst":true,"interactionType":"ENTER_TEXT"}]}
COMMAND: POST /session/5fe08db6bd73095dce541d1489fc13fd/element - {"using":"xpath","value":"//input[@id=\"application-managecontracts-display-component---AddNewContract--yardId-inner\"]"}
RESULT: {"using":"xpath","value":"//input[@id=\"application-managecontracts-display-component---AddNewContract--yardId-inner\"]"}
COMMAND: POST /session/5fe08db6bd73095dce541d1489fc13fd/element/f.084301A5A664EC2A1657BC720E998331.d.9D7FAC3F9947D12C143D1B8DE19B1687.e.5290/clear - {}
RESULT: {}
COMMAND: POST /session/5fe08db6bd73095dce541d1489fc13fd/element/f.084301A5A664EC2A1657BC720E998331.d.9D7FAC3F9947D12C143D1B8DE19B1687.e.5290/value - {"text":"WebdriverYardekikt"}
COMMAND: GET /session/5fe08db6bd73095dce541d1489fc13fd/screenshot - {}
RESULT: {"text":"WebdriverYardekikt"}
COMMAND: GET /session/5fe08db6bd73095dce541d1489fc13fd/screenshot - {}
RESULT: {}
RESULT: {}
COMMAND: POST /session/5fe08db6bd73095dce541d1489fc13fd/actions - {"actions":[{"id":"action21","type":"key","parameters":{},"actions":[{"type":"keyDown","value":"î€‡"},{"type":"pause","duration":10},{"type":"keyUp","value":"î€‡"}]}]}
RESULT: {"actions":[{"id":"action21","type":"key","parameters":{},"actions":[{"type":"keyDown","value":"î€‡"},{"type":"pause","duration":10},{"type":"keyUp","value":"î€‡"}]}]}
COMMAND: GET /session/5fe08db6bd73095dce541d1489fc13fd/screenshot - {}
RESULT: {}
COMMAND: POST /session/5fe08db6bd73095dce541d1489fc13fd/element - {"using":"xpath","value":"//input[@id=\"application-managecontracts-display-component---AddNewContract--customerSelect-inner\"]"}
RESULT: {"using":"xpath","value":"//input[@id=\"application-managecontracts-display-component---AddNewContract--customerSelect-inner\"]"}
COMMAND: POST /session/5fe08db6bd73095dce541d1489fc13fd/element/f.084301A5A664EC2A1657BC720E998331.d.9D7FAC3F9947D12C143D1B8DE19B1687.e.5288/clear - {}
RESULT: {}
COMMAND: POST /session/5fe08db6bd73095dce541d1489fc13fd/element/f.084301A5A664EC2A1657BC720E998331.d.9D7FAC3F9947D12C143D1B8DE19B1687.e.5288/value - {"text":"WebdriverPartnerw12do"}
COMMAND: GET /session/5fe08db6bd73095dce541d1489fc13fd/screenshot - {}
RESULT: {"text":"WebdriverPartnerw12do"}
COMMAND: GET /session/5fe08db6bd73095dce541d1489fc13fd/screenshot - {}
RESULT: {}
RESULT: {}
COMMAND: POST /session/5fe08db6bd73095dce541d1489fc13fd/actions - {"actions":[{"id":"action22","type":"key","parameters":{},"actions":[{"type":"keyDown","value":"î€‡"},{"type":"pause","duration":10},{"type":"keyUp","value":"î€‡"}]}]}
RESULT: {"actions":[{"id":"action22","type":"key","parameters":{},"actions":[{"type":"keyDown","value":"î€‡"},{"type":"pause","duration":10},{"type":"keyUp","value":"î€‡"}]}]}
COMMAND: GET /session/5fe08db6bd73095dce541d1489fc13fd/screenshot - {}
RESULT: {}
COMMAND: POST /session/5fe08db6bd73095dce541d1489fc13fd/element - {"using":"xpath","value":"//input[@id=\"application-managecontracts-display-component---AddNewContract--site-inner\"]"}
RESULT: {"using":"xpath","value":"//input[@id=\"application-managecontracts-display-component---AddNewContract--site-inner\"]"}
COMMAND: POST /session/5fe08db6bd73095dce541d1489fc13fd/element/f.084301A5A664EC2A1657BC720E998331.d.9D7FAC3F9947D12C143D1B8DE19B1687.e.5289/clear - {}
RESULT: {}
COMMAND: POST /session/5fe08db6bd73095dce541d1489fc13fd/element/f.084301A5A664EC2A1657BC720E998331.d.9D7FAC3F9947D12C143D1B8DE19B1687.e.5289/value - {"text":"WebdriverSiteeibe8"}
COMMAND: GET /session/5fe08db6bd73095dce541d1489fc13fd/screenshot - {}
RESULT: {"text":"WebdriverSiteeibe8"}
COMMAND: GET /session/5fe08db6bd73095dce541d1489fc13fd/screenshot - {}
RESULT: {}
RESULT: {}
COMMAND: POST /session/5fe08db6bd73095dce541d1489fc13fd/actions - {"actions":[{"id":"action23","type":"key","parameters":{},"actions":[{"type":"keyDown","value":"î€‡"},{"type":"pause","duration":10},{"type":"keyUp","value":"î€‡"}]}]}
RESULT: {"actions":[{"id":"action23","type":"key","parameters":{},"actions":[{"type":"keyDown","value":"î€‡"},{"type":"pause","duration":10},{"type":"keyUp","value":"î€‡"}]}]}
COMMAND: GET /session/5fe08db6bd73095dce541d1489fc13fd/screenshot - {}
RESULT: {}
COMMAND: POST /session/5fe08db6bd73095dce541d1489fc13fd/element - {"using":"xpath","value":"//button[@data-kt=\"saveButton\"]"}
RESULT: {"using":"xpath","value":"//button[@data-kt=\"saveButton\"]"}
COMMAND: POST /session/5fe08db6bd73095dce541d1489fc13fd/element/f.084301A5A664EC2A1657BC720E998331.d.9D7FAC3F9947D12C143D1B8DE19B1687.e.5324/click - {}
RESULT: {}
COMMAND: GET /session/5fe08db6bd73095dce541d1489fc13fd/screenshot - {}
RESULT: {}
COMMAND: POST /session/5fe08db6bd73095dce541d1489fc13fd/execute/async - {"script":"<script> [1562 bytes]","args":[{"selector":{"id":"contractDetailTitleNoExpanded","viewName":"etm.portal.ui.managecontracts.view.Detail"},"wdio_ui5_key":"contractDetailTitleNoExpandedetmportal.ui.managecontracts.view.Detail"}]}
RESULT: {"script":"<script> [1562 bytes]","args":[{"selector":{"id":"contractDetailTitleNoExpanded","viewName":"etm.portal.ui.managecontracts.view.Detail"},"wdio_ui5_key":"contractDetailTitleNoExpandedetmportal.ui.managecontracts.view.Detail"}]}
RESULT: undefined
COMMAND: POST /session/5fe08db6bd73095dce541d1489fc13fd/execute/async - {"script":"<script> [6424 bytes]","args":[{"element-6066-11e4-a52e-4f735466cecf":"f.084301A5A664EC2A1657BC720E998331.d.9D7FAC3F9947D12C143D1B8DE19B1687.e.5394"},"getText",[]]}
RESULT: {"script":"<script> [6424 bytes]","args":[{"element-6066-11e4-a52e-4f735466cecf":"f.084301A5A664EC2A1657BC720E998331.d.9D7FAC3F9947D12C143D1B8DE19B1687.e.5394"},"getText",[]]}
]]></system-out>
    </testcase>
    <testcase classname="chrome.136_0_7103_49.windows.Standard_contract_-_add_contract_items_by_Insert_Request_US118222" name="Should create a new request and plan it" time="158.642">
      <system-out><![CDATA[
COMMAND: POST /session/5fe08db6bd73095dce541d1489fc13fd/element - {"using":"css selector","value":"#shell-header-logo"}
RESULT: {"using":"css selector","value":"#shell-header-logo"}
COMMAND: POST /session/5fe08db6bd73095dce541d1489fc13fd/element/f.084301A5A664EC2A1657BC720E998331.d.9D7FAC3F9947D12C143D1B8DE19B1687.e.4943/click - {}
RESULT: {}
COMMAND: GET /session/5fe08db6bd73095dce541d1489fc13fd/screenshot - {}
RESULT: {}
COMMAND: POST /session/5fe08db6bd73095dce541d1489fc13fd/execute/async - {"script":"<script> [1562 bytes]","args":[{"selector":{"controlType":"sap.m.GenericTile","properties":{"header":"Manage Requests"}},"wdio_ui5_key":"sapm.GenericTile{\"header\":\"Manage Requests\"}"}]}
RESULT: {"script":"<script> [1562 bytes]","args":[{"selector":{"controlType":"sap.m.GenericTile","properties":{"header":"Manage Requests"}},"wdio_ui5_key":"sapm.GenericTile{\"header\":\"Manage Requests\"}"}]}
RESULT: undefined
COMMAND: POST /session/5fe08db6bd73095dce541d1489fc13fd/element - {"using":"xpath","value":"//*[@id=\"__tile47\"]"}
RESULT: {"using":"xpath","value":"//*[@id=\"__tile47\"]"}
COMMAND: POST /session/5fe08db6bd73095dce541d1489fc13fd/element/f.084301A5A664EC2A1657BC720E998331.d.9D7FAC3F9947D12C143D1B8DE19B1687.e.5399/click - {}
RESULT: {}
COMMAND: GET /session/5fe08db6bd73095dce541d1489fc13fd/screenshot - {}
RESULT: {}
COMMAND: POST /session/5fe08db6bd73095dce541d1489fc13fd/elements - {"using":"xpath","value":"//span[text()='Error']"}
RESULT: {"using":"xpath","value":"//span[text()='Error']"}
COMMAND: POST /session/5fe08db6bd73095dce541d1489fc13fd/element - {"using":"xpath","value":"//button[contains(@data-kt ,\"btnCreateNewOverflowToolbarButton\")]"}
COMMAND: POST /session/5fe08db6bd73095dce541d1489fc13fd/element - {"using":"xpath","value":"(//span[contains(@class ,\"sapMObjStatusText\")])[1]"}
RESULT: {"using":"xpath","value":"//button[contains(@data-kt ,\"btnCreateNewOverflowToolbarButton\")]"}
COMMAND: POST /session/5fe08db6bd73095dce541d1489fc13fd/element/f.084301A5A664EC2A1657BC720E998331.d.9D7FAC3F9947D12C143D1B8DE19B1687.e.5475/click - {}
RESULT: {"using":"xpath","value":"(//span[contains(@class ,\"sapMObjStatusText\")])[1]"}
COMMAND: POST /session/5fe08db6bd73095dce541d1489fc13fd/execute/sync - {"script":"<script> [8489 bytes]","args":[{"element-6066-11e4-a52e-4f735466cecf":"f.084301A5A664EC2A1657BC720E998331.d.9D7FAC3F9947D12C143D1B8DE19B1687.e.5487","ELEMENT":"f.084301A5A664EC2A1657BC720E998331.d.9D7FAC3F9947D12C143D1B8DE19B1687.e.5487"}]}
RESULT: {}
COMMAND: GET /session/5fe08db6bd73095dce541d1489fc13fd/screenshot - {}
RESULT: {"script":"<script> [8489 bytes]","args":[{"element-6066-11e4-a52e-4f735466cecf":"f.084301A5A664EC2A1657BC720E998331.d.9D7FAC3F9947D12C143D1B8DE19B1687.e.5487","ELEMENT":"f.084301A5A664EC2A1657BC720E998331.d.9D7FAC3F9947D12C143D1B8DE19B1687.e.5487"}]}
COMMAND: GET /session/5fe08db6bd73095dce541d1489fc13fd/screenshot - {}
RESULT: {}
RESULT: {}
COMMAND: POST /session/5fe08db6bd73095dce541d1489fc13fd/element - {"using":"xpath","value":"//input[contains(@id ,\"yardId-inner\")]"}
RESULT: {"using":"xpath","value":"//input[contains(@id ,\"yardId-inner\")]"}
COMMAND: POST /session/5fe08db6bd73095dce541d1489fc13fd/execute/sync - {"script":"<script> [8489 bytes]","args":[{"element-6066-11e4-a52e-4f735466cecf":"f.084301A5A664EC2A1657BC720E998331.d.9D7FAC3F9947D12C143D1B8DE19B1687.e.5571","ELEMENT":"f.084301A5A664EC2A1657BC720E998331.d.9D7FAC3F9947D12C143D1B8DE19B1687.e.5571"}]}
RESULT: {"script":"<script> [8489 bytes]","args":[{"element-6066-11e4-a52e-4f735466cecf":"f.084301A5A664EC2A1657BC720E998331.d.9D7FAC3F9947D12C143D1B8DE19B1687.e.5571","ELEMENT":"f.084301A5A664EC2A1657BC720E998331.d.9D7FAC3F9947D12C143D1B8DE19B1687.e.5571"}]}
COMMAND: POST /session/5fe08db6bd73095dce541d1489fc13fd/element - {"using":"xpath","value":"//input[contains(@id ,\"requestContractNo-inner\")]"}
COMMAND: POST /session/5fe08db6bd73095dce541d1489fc13fd/element - {"using":"xpath","value":"//input[contains(@id ,\"requestContractNo-inner\")]"}
COMMAND: GET /session/5fe08db6bd73095dce541d1489fc13fd/screenshot - {}
RESULT: {}
RESULT: {"using":"xpath","value":"//input[contains(@id ,\"requestContractNo-inner\")]"}
COMMAND: GET /session/5fe08db6bd73095dce541d1489fc13fd/element/f.084301A5A664EC2A1657BC720E998331.d.9D7FAC3F9947D12C143D1B8DE19B1687.e.5568/enabled - {}
RESULT: {"using":"xpath","value":"//input[contains(@id ,\"requestContractNo-inner\")]"}
COMMAND: POST /session/5fe08db6bd73095dce541d1489fc13fd/element/f.084301A5A664EC2A1657BC720E998331.d.9D7FAC3F9947D12C143D1B8DE19B1687.e.5568/value - {"text":"10153"}
RESULT: {}
COMMAND: GET /session/5fe08db6bd73095dce541d1489fc13fd/screenshot - {}
RESULT: {"text":"10153"}
COMMAND: GET /session/5fe08db6bd73095dce541d1489fc13fd/screenshot - {}
RESULT: {}
RESULT: {}
COMMAND: POST /session/5fe08db6bd73095dce541d1489fc13fd/actions - {"actions":[{"id":"action24","type":"key","parameters":{},"actions":[{"type":"keyDown","value":"î€‡"},{"type":"pause","duration":10},{"type":"keyUp","value":"î€‡"}]}]}
RESULT: {"actions":[{"id":"action24","type":"key","parameters":{},"actions":[{"type":"keyDown","value":"î€‡"},{"type":"pause","duration":10},{"type":"keyUp","value":"î€‡"}]}]}
COMMAND: GET /session/5fe08db6bd73095dce541d1489fc13fd/screenshot - {}
RESULT: {}
COMMAND: POST /session/5fe08db6bd73095dce541d1489fc13fd/execute/async - {"script":"<script> [1562 bytes]","args":[{"selector":{"controlType":"sap.ui.core.Icon","viewName":"etm.portal.ui.managerequests.view.NewRequest","properties":{"src":{"regex":{"source":"add"}}}},"wdio_ui5_key":"etmportal.ui.managerequests.view.NewRequestsap.ui.core.Icon{\"src\":{\"regex\":{\"source\":\"add\"}}}"}]}
RESULT: {"script":"<script> [1562 bytes]","args":[{"selector":{"controlType":"sap.ui.core.Icon","viewName":"etm.portal.ui.managerequests.view.NewRequest","properties":{"src":{"regex":{"source":"add"}}}},"wdio_ui5_key":"etmportal.ui.managerequests.view.NewRequestsap.ui.core.Icon{\"src\":{\"regex\":{\"source\":\"add\"}}}"}]}
RESULT: undefined
COMMAND: POST /session/5fe08db6bd73095dce541d1489fc13fd/element - {"using":"xpath","value":"//*[@id=\"__xmlview61--btnAddTableRow-img\"]"}
RESULT: {"using":"xpath","value":"//*[@id=\"__xmlview61--btnAddTableRow-img\"]"}
COMMAND: POST /session/5fe08db6bd73095dce541d1489fc13fd/element/f.084301A5A664EC2A1657BC720E998331.d.9D7FAC3F9947D12C143D1B8DE19B1687.e.5766/click - {}
RESULT: {}
COMMAND: GET /session/5fe08db6bd73095dce541d1489fc13fd/screenshot - {}
RESULT: {}
COMMAND: POST /session/5fe08db6bd73095dce541d1489fc13fd/execute/async - {"script":"<script> [1562 bytes]","args":[{"selector":{"controlType":"sap.ui.unified.MenuItem","viewName":"etm.portal.ui.managerequests.view.NewRequest","i18NText":{"propertyName":"text","key":"standardEntry"},"searchOpenDialogs":true,"interaction":{"idSuffix":"txt"}},"wdio_ui5_key":"etmportal.ui.managerequests.view.NewRequestsap.ui.unified.MenuItem{\"propertyName\":\"text\",\"key\":\"standardEntry\"}"}]}
RESULT: {"script":"<script> [1562 bytes]","args":[{"selector":{"controlType":"sap.ui.unified.MenuItem","viewName":"etm.portal.ui.managerequests.view.NewRequest","i18NText":{"propertyName":"text","key":"standardEntry"},"searchOpenDialogs":true,"interaction":{"idSuffix":"txt"}},"wdio_ui5_key":"etmportal.ui.managerequests.view.NewRequestsap.ui.unified.MenuItem{\"propertyName\":\"text\",\"key\":\"standardEntry\"}"}]}
RESULT: undefined
COMMAND: POST /session/5fe08db6bd73095dce541d1489fc13fd/element - {"using":"xpath","value":"//*[@id=\"__item1118\"]"}
RESULT: {"using":"xpath","value":"//*[@id=\"__item1118\"]"}
COMMAND: POST /session/5fe08db6bd73095dce541d1489fc13fd/element/f.084301A5A664EC2A1657BC720E998331.d.9D7FAC3F9947D12C143D1B8DE19B1687.e.5770/click - {}
RESULT: {}
COMMAND: GET /session/5fe08db6bd73095dce541d1489fc13fd/screenshot - {}
RESULT: {}
RESULT: undefined
COMMAND: POST /session/5fe08db6bd73095dce541d1489fc13fd/element - {"using":"xpath","value":"//*[@id=\"__xmlview61--btnAddTableRow-img\"]"}
RESULT: {"using":"xpath","value":"//*[@id=\"__xmlview61--btnAddTableRow-img\"]"}
COMMAND: POST /session/5fe08db6bd73095dce541d1489fc13fd/element/f.084301A5A664EC2A1657BC720E998331.d.9D7FAC3F9947D12C143D1B8DE19B1687.e.5766/click - {}
RESULT: {}
COMMAND: GET /session/5fe08db6bd73095dce541d1489fc13fd/screenshot - {}
RESULT: {}
RESULT: undefined
COMMAND: POST /session/5fe08db6bd73095dce541d1489fc13fd/element - {"using":"xpath","value":"//*[@id=\"__item1118\"]"}
RESULT: {"using":"xpath","value":"//*[@id=\"__item1118\"]"}
COMMAND: POST /session/5fe08db6bd73095dce541d1489fc13fd/element/f.084301A5A664EC2A1657BC720E998331.d.9D7FAC3F9947D12C143D1B8DE19B1687.e.5782/click - {}
RESULT: {}
COMMAND: GET /session/5fe08db6bd73095dce541d1489fc13fd/screenshot - {}
RESULT: {}
COMMAND: POST /session/5fe08db6bd73095dce541d1489fc13fd/element - {"using":"xpath","value":"(//input[contains(@id ,\"requestItemsTable-0-inner\")])[1]"}
RESULT: {"using":"xpath","value":"(//input[contains(@id ,\"requestItemsTable-0-inner\")])[1]"}
COMMAND: POST /session/5fe08db6bd73095dce541d1489fc13fd/element/f.084301A5A664EC2A1657BC720E998331.d.9D7FAC3F9947D12C143D1B8DE19B1687.e.5772/clear - {}
RESULT: {}
COMMAND: POST /session/5fe08db6bd73095dce541d1489fc13fd/element/f.084301A5A664EC2A1657BC720E998331.d.9D7FAC3F9947D12C143D1B8DE19B1687.e.5772/value - {"text":"catalogItemfimotg"}
COMMAND: GET /session/5fe08db6bd73095dce541d1489fc13fd/screenshot - {}
RESULT: {"text":"catalogItemfimotg"}
COMMAND: GET /session/5fe08db6bd73095dce541d1489fc13fd/screenshot - {}
RESULT: {}
RESULT: {}
COMMAND: POST /session/5fe08db6bd73095dce541d1489fc13fd/actions - {"actions":[{"id":"action25","type":"key","parameters":{},"actions":[{"type":"keyDown","value":"î€‡"},{"type":"pause","duration":10},{"type":"keyUp","value":"î€‡"}]}]}
RESULT: {"actions":[{"id":"action25","type":"key","parameters":{},"actions":[{"type":"keyDown","value":"î€‡"},{"type":"pause","duration":10},{"type":"keyUp","value":"î€‡"}]}]}
COMMAND: POST /session/5fe08db6bd73095dce541d1489fc13fd/element - {"using":"xpath","value":"(//input[contains(@id ,\"requestItemsTable-1-inner\")])[1]"}
COMMAND: GET /session/5fe08db6bd73095dce541d1489fc13fd/screenshot - {}
RESULT: {"using":"xpath","value":"(//input[contains(@id ,\"requestItemsTable-1-inner\")])[1]"}
COMMAND: POST /session/5fe08db6bd73095dce541d1489fc13fd/element/f.084301A5A664EC2A1657BC720E998331.d.9D7FAC3F9947D12C143D1B8DE19B1687.e.5784/clear - {}
RESULT: {}
RESULT: {}
COMMAND: POST /session/5fe08db6bd73095dce541d1489fc13fd/element/f.084301A5A664EC2A1657BC720E998331.d.9D7FAC3F9947D12C143D1B8DE19B1687.e.5784/value - {"text":"catalogItemfimotg"}
COMMAND: GET /session/5fe08db6bd73095dce541d1489fc13fd/screenshot - {}
RESULT: {"text":"catalogItemfimotg"}
COMMAND: GET /session/5fe08db6bd73095dce541d1489fc13fd/screenshot - {}
RESULT: {}
RESULT: {}
COMMAND: POST /session/5fe08db6bd73095dce541d1489fc13fd/actions - {"actions":[{"id":"action26","type":"key","parameters":{},"actions":[{"type":"keyDown","value":"î€‡"},{"type":"pause","duration":10},{"type":"keyUp","value":"î€‡"}]}]}
RESULT: {"actions":[{"id":"action26","type":"key","parameters":{},"actions":[{"type":"keyDown","value":"î€‡"},{"type":"pause","duration":10},{"type":"keyUp","value":"î€‡"}]}]}
COMMAND: GET /session/5fe08db6bd73095dce541d1489fc13fd/screenshot - {}
RESULT: {}
COMMAND: POST /session/5fe08db6bd73095dce541d1489fc13fd/execute/async - {"script":"<script> [1562 bytes]","args":[{"selector":{"controlType":"sap.ui.core.Icon","viewName":"etm.portal.ui.managerequests.view.NewRequest","properties":{"src":{"regex":{"source":"slim\\-arrow\\-down"}}},"ancestor":{"controlType":"sap.m.Button","viewName":"etm.portal.ui.managerequests.view.NewRequest","properties":{"icon":"sap-icon://slim-arrow-down"}}},"wdio_ui5_key":"etmportal.ui.managerequests.view.NewRequestsap.ui.core.Icon{\"src\":{\"regex\":{\"source\":\"slim\\\\-arrow\\\\-down\"}}}{\"controlType\":\"sap.m.Button\",\"viewName\":\"etm.portal.ui.managerequests.view.NewRequest\",\"properties\":{\"icon\":\"sap-icon://slim-arrow-down\"}}"}]}
RESULT: {"script":"<script> [1562 bytes]","args":[{"selector":{"controlType":"sap.ui.core.Icon","viewName":"etm.portal.ui.managerequests.view.NewRequest","properties":{"src":{"regex":{"source":"slim\\-arrow\\-down"}}},"ancestor":{"controlType":"sap.m.Button","viewName":"etm.portal.ui.managerequests.view.NewRequest","properties":{"icon":"sap-icon://slim-arrow-down"}}},"wdio_ui5_key":"etmportal.ui.managerequests.view.NewRequestsap.ui.core.Icon{\"src\":{\"regex\":{\"source\":\"slim\\\\-arrow\\\\-down\"}}}{\"controlType\":\"sap.m.Button\",\"viewName\":\"etm.portal.ui.managerequests.view.NewRequest\",\"properties\":{\"icon\":\"sap-icon://slim-arrow-down\"}}"}]}
RESULT: undefined
COMMAND: POST /session/5fe08db6bd73095dce541d1489fc13fd/element - {"using":"xpath","value":"//*[@id=\"__title45-expandBtn-img\"]"}
RESULT: {"using":"xpath","value":"//*[@id=\"__title45-expandBtn-img\"]"}
COMMAND: POST /session/5fe08db6bd73095dce541d1489fc13fd/element/f.084301A5A664EC2A1657BC720E998331.d.9D7FAC3F9947D12C143D1B8DE19B1687.e.5803/click - {}
RESULT: {}
COMMAND: POST /session/5fe08db6bd73095dce541d1489fc13fd/element - {"using":"xpath","value":"//div[contains(@data-kt ,\"splitAllocationObjectStatus\")]"}
COMMAND: GET /session/5fe08db6bd73095dce541d1489fc13fd/screenshot - {}
RESULT: {"using":"xpath","value":"//div[contains(@data-kt ,\"splitAllocationObjectStatus\")]"}
COMMAND: POST /session/5fe08db6bd73095dce541d1489fc13fd/elements - {"using":"xpath","value":"//div[contains(@data-kt ,\"splitAllocationObjectStatus\")]"}
RESULT: {}
RESULT: {"using":"xpath","value":"//div[contains(@data-kt ,\"splitAllocationObjectStatus\")]"}
COMMAND: POST /session/5fe08db6bd73095dce541d1489fc13fd/execute/async - {"script":"<script> [1562 bytes]","args":[{"selector":{"controlType":"sap.ui.core.Icon","viewName":"etm.portal.ui.managerequests.view.NewRequest","properties":{"src":{"regex":{"source":"message\\-error"}}},"ancestor":{"controlType":"sap.m.ColumnListItem","viewName":"etm.portal.ui.managerequests.view.NewRequest","bindingPath":{"modelName":"newRequestItems","path":"/RequestItems/0"},"ancestor":{"id":"requestItemsTable","viewName":"etm.portal.ui.managerequests.view.NewRequest"}}},"wdio_ui5_key":"etmportal.ui.managerequests.view.NewRequestsap.ui.core.Icon{\"src\":{\"regex\":{\"source\":\"message\\\\-error\"}}}{\"controlType\":\"sap.m.ColumnListItem\",\"viewName\":\"etm.portal.ui.managerequests.view.NewRequest\",\"bindingPath\":{\"modelName\":\"newRequestItems\",\"path\":\"/RequestItems/0\"},\"ancestor\":{\"id\":\"requestItemsTable\",\"viewName\":\"etm.portal.ui.managerequests.view.NewRequest\"}}"}]}
RESULT: {"script":"<script> [1562 bytes]","args":[{"selector":{"controlType":"sap.ui.core.Icon","viewName":"etm.portal.ui.managerequests.view.NewRequest","properties":{"src":{"regex":{"source":"message\\-error"}}},"ancestor":{"controlType":"sap.m.ColumnListItem","viewName":"etm.portal.ui.managerequests.view.NewRequest","bindingPath":{"modelName":"newRequestItems","path":"/RequestItems/0"},"ancestor":{"id":"requestItemsTable","viewName":"etm.portal.ui.managerequests.view.NewRequest"}}},"wdio_ui5_key":"etmportal.ui.managerequests.view.NewRequestsap.ui.core.Icon{\"src\":{\"regex\":{\"source\":\"message\\\\-error\"}}}{\"controlType\":\"sap.m.ColumnListItem\",\"viewName\":\"etm.portal.ui.managerequests.view.NewRequest\",\"bindingPath\":{\"modelName\":\"newRequestItems\",\"path\":\"/RequestItems/0\"},\"ancestor\":{\"id\":\"requestItemsTable\",\"viewName\":\"etm.portal.ui.managerequests.view.NewRequest\"}}"}]}
RESULT: undefined
COMMAND: POST /session/5fe08db6bd73095dce541d1489fc13fd/element - {"using":"xpath","value":"//*[@id=\"__status15-__xmlview61--requestItemsTable-0-icon\"]"}
RESULT: {"using":"xpath","value":"//*[@id=\"__status15-__xmlview61--requestItemsTable-0-icon\"]"}
COMMAND: POST /session/5fe08db6bd73095dce541d1489fc13fd/element/f.084301A5A664EC2A1657BC720E998331.d.9D7FAC3F9947D12C143D1B8DE19B1687.e.5808/click - {}
RESULT: {}
COMMAND: GET /session/5fe08db6bd73095dce541d1489fc13fd/screenshot - {}
RESULT: {}
COMMAND: POST /session/5fe08db6bd73095dce541d1489fc13fd/execute/async - {"script":"<script> [1562 bytes]","args":[{"selector":{"id":"costObjectAdminTypeComboBox","viewName":"etm.portal.ui.managerequests.view.NewRequest","searchOpenDialogs":true,"interaction":{"idSuffix":"inner"}},"wdio_ui5_key":"costObjectAdminTypeComboBoxetmportal.ui.managerequests.view.NewRequest"}]}
RESULT: {"script":"<script> [1562 bytes]","args":[{"selector":{"id":"costObjectAdminTypeComboBox","viewName":"etm.portal.ui.managerequests.view.NewRequest","searchOpenDialogs":true,"interaction":{"idSuffix":"inner"}},"wdio_ui5_key":"costObjectAdminTypeComboBoxetmportal.ui.managerequests.view.NewRequest"}]}
RESULT: undefined
COMMAND: POST /session/5fe08db6bd73095dce541d1489fc13fd/execute/async - {"script":"<script> [776 bytes]","args":[{"enterText":"Cost Center","selector":{"id":"costObjectAdminTypeComboBox","viewName":"etm.portal.ui.managerequests.view.NewRequest","searchOpenDialogs":true,"interaction":{"idSuffix":"inner"}},"clearTextFirst":true,"interactionType":"ENTER_TEXT"}]}
RESULT: {"script":"<script> [776 bytes]","args":[{"enterText":"Cost Center","selector":{"id":"costObjectAdminTypeComboBox","viewName":"etm.portal.ui.managerequests.view.NewRequest","searchOpenDialogs":true,"interaction":{"idSuffix":"inner"}},"clearTextFirst":true,"interactionType":"ENTER_TEXT"}]}
COMMAND: POST /session/5fe08db6bd73095dce541d1489fc13fd/actions - {"actions":[{"id":"action27","type":"key","parameters":{},"actions":[{"type":"keyDown","value":"î€‡"},{"type":"pause","duration":10},{"type":"keyUp","value":"î€‡"}]}]}
RESULT: {"actions":[{"id":"action27","type":"key","parameters":{},"actions":[{"type":"keyDown","value":"î€‡"},{"type":"pause","duration":10},{"type":"keyUp","value":"î€‡"}]}]}
COMMAND: GET /session/5fe08db6bd73095dce541d1489fc13fd/screenshot - {}
RESULT: {}
COMMAND: POST /session/5fe08db6bd73095dce541d1489fc13fd/execute/async - {"script":"<script> [1562 bytes]","args":[{"selector":{"controlType":"sap.ui.core.Icon","viewName":"etm.portal.ui.managerequests.view.NewRequest","properties":{"src":{"regex":{"source":"value\\-help"}}},"searchOpenDialogs":true},"wdio_ui5_key":"etmportal.ui.managerequests.view.NewRequestsap.ui.core.Icon{\"src\":{\"regex\":{\"source\":\"value\\\\-help\"}}}"}]}
RESULT: {"script":"<script> [1562 bytes]","args":[{"selector":{"controlType":"sap.ui.core.Icon","viewName":"etm.portal.ui.managerequests.view.NewRequest","properties":{"src":{"regex":{"source":"value\\-help"}}},"searchOpenDialogs":true},"wdio_ui5_key":"etmportal.ui.managerequests.view.NewRequestsap.ui.core.Icon{\"src\":{\"regex\":{\"source\":\"value\\\\-help\"}}}"}]}
RESULT: undefined
COMMAND: POST /session/5fe08db6bd73095dce541d1489fc13fd/element - {"using":"xpath","value":"//*[@id=\"__xmlview61--costObjectIdComboBox-vhi\"]"}
RESULT: {"using":"xpath","value":"//*[@id=\"__xmlview61--costObjectIdComboBox-vhi\"]"}
COMMAND: POST /session/5fe08db6bd73095dce541d1489fc13fd/element/f.084301A5A664EC2A1657BC720E998331.d.9D7FAC3F9947D12C143D1B8DE19B1687.e.5821/click - {}
RESULT: {}
COMMAND: POST /session/5fe08db6bd73095dce541d1489fc13fd/execute/async - {"script":"<script> [1562 bytes]","args":[{"selector":{"controlType":"sap.m.SearchField","properties":{"placeholder":"Search"},"searchOpenDialogs":true,"interaction":{"idSuffix":"I"}},"wdio_ui5_key":"sapm.SearchField{\"placeholder\":\"Search\"}"}]}
COMMAND: GET /session/5fe08db6bd73095dce541d1489fc13fd/screenshot - {}
RESULT: {"script":"<script> [1562 bytes]","args":[{"selector":{"controlType":"sap.m.SearchField","properties":{"placeholder":"Search"},"searchOpenDialogs":true,"interaction":{"idSuffix":"I"}},"wdio_ui5_key":"sapm.SearchField{\"placeholder\":\"Search\"}"}]}
RESULT: undefined
COMMAND: POST /session/5fe08db6bd73095dce541d1489fc13fd/execute/async - {"script":"<script> [776 bytes]","args":[{"enterText":"10001013","selector":{"controlType":"sap.m.SearchField","properties":{"placeholder":"Search"},"searchOpenDialogs":true,"interaction":{"idSuffix":"I"}},"clearTextFirst":true,"interactionType":"ENTER_TEXT"}]}
RESULT: {}
RESULT: {"script":"<script> [776 bytes]","args":[{"enterText":"10001013","selector":{"controlType":"sap.m.SearchField","properties":{"placeholder":"Search"},"searchOpenDialogs":true,"interaction":{"idSuffix":"I"}},"clearTextFirst":true,"interactionType":"ENTER_TEXT"}]}
COMMAND: POST /session/5fe08db6bd73095dce541d1489fc13fd/actions - {"actions":[{"id":"action28","type":"key","parameters":{},"actions":[{"type":"keyDown","value":"î€‡"},{"type":"pause","duration":10},{"type":"keyUp","value":"î€‡"}]}]}
RESULT: {"actions":[{"id":"action28","type":"key","parameters":{},"actions":[{"type":"keyDown","value":"î€‡"},{"type":"pause","duration":10},{"type":"keyUp","value":"î€‡"}]}]}
COMMAND: GET /session/5fe08db6bd73095dce541d1489fc13fd/screenshot - {}
RESULT: {}
COMMAND: POST /session/5fe08db6bd73095dce541d1489fc13fd/element - {"using":"xpath","value":"//span[contains(text(), \"General Management\")]"}
RESULT: {"using":"xpath","value":"//span[contains(text(), \"General Management\")]"}
COMMAND: POST /session/5fe08db6bd73095dce541d1489fc13fd/element/f.084301A5A664EC2A1657BC720E998331.d.9D7FAC3F9947D12C143D1B8DE19B1687.e.5861/click - {}
RESULT: {}
COMMAND: GET /session/5fe08db6bd73095dce541d1489fc13fd/screenshot - {}
RESULT: {}
COMMAND: POST /session/5fe08db6bd73095dce541d1489fc13fd/element - {"using":"xpath","value":"//bdi[contains(text(), \"OK\")]"}
RESULT: {"using":"xpath","value":"//bdi[contains(text(), \"OK\")]"}
COMMAND: POST /session/5fe08db6bd73095dce541d1489fc13fd/element/f.084301A5A664EC2A1657BC720E998331.d.9D7FAC3F9947D12C143D1B8DE19B1687.e.5862/click - {}
RESULT: {}
COMMAND: GET /session/5fe08db6bd73095dce541d1489fc13fd/screenshot - {}
RESULT: {}
COMMAND: POST /session/5fe08db6bd73095dce541d1489fc13fd/element - {"using":"xpath","value":"(//bdi[contains(@id ,\"BDI-content\")][contains(text(), \"Save\")])[1]"}
RESULT: {"using":"xpath","value":"(//bdi[contains(@id ,\"BDI-content\")][contains(text(), \"Save\")])[1]"}
COMMAND: POST /session/5fe08db6bd73095dce541d1489fc13fd/element/f.084301A5A664EC2A1657BC720E998331.d.9D7FAC3F9947D12C143D1B8DE19B1687.e.5866/click - {}
RESULT: {}
COMMAND: GET /session/5fe08db6bd73095dce541d1489fc13fd/screenshot - {}
RESULT: {}
COMMAND: POST /session/5fe08db6bd73095dce541d1489fc13fd/execute/async - {"script":"<script> [1562 bytes]","args":[{"selector":{"controlType":"sap.ui.core.Icon","viewName":"etm.portal.ui.managerequests.view.NewRequest","properties":{"src":{"regex":{"source":"message\\-error"}}},"ancestor":{"controlType":"sap.m.ColumnListItem","viewName":"etm.portal.ui.managerequests.view.NewRequest","bindingPath":{"modelName":"newRequestItems","path":"/RequestItems/1"},"ancestor":{"id":"requestItemsTable","viewName":"etm.portal.ui.managerequests.view.NewRequest"}}},"wdio_ui5_key":"etmportal.ui.managerequests.view.NewRequestsap.ui.core.Icon{\"src\":{\"regex\":{\"source\":\"message\\\\-error\"}}}{\"controlType\":\"sap.m.ColumnListItem\",\"viewName\":\"etm.portal.ui.managerequests.view.NewRequest\",\"bindingPath\":{\"modelName\":\"newRequestItems\",\"path\":\"/RequestItems/1\"},\"ancestor\":{\"id\":\"requestItemsTable\",\"viewName\":\"etm.portal.ui.managerequests.view.NewRequest\"}}"}]}
RESULT: {"script":"<script> [1562 bytes]","args":[{"selector":{"controlType":"sap.ui.core.Icon","viewName":"etm.portal.ui.managerequests.view.NewRequest","properties":{"src":{"regex":{"source":"message\\-error"}}},"ancestor":{"controlType":"sap.m.ColumnListItem","viewName":"etm.portal.ui.managerequests.view.NewRequest","bindingPath":{"modelName":"newRequestItems","path":"/RequestItems/1"},"ancestor":{"id":"requestItemsTable","viewName":"etm.portal.ui.managerequests.view.NewRequest"}}},"wdio_ui5_key":"etmportal.ui.managerequests.view.NewRequestsap.ui.core.Icon{\"src\":{\"regex\":{\"source\":\"message\\\\-error\"}}}{\"controlType\":\"sap.m.ColumnListItem\",\"viewName\":\"etm.portal.ui.managerequests.view.NewRequest\",\"bindingPath\":{\"modelName\":\"newRequestItems\",\"path\":\"/RequestItems/1\"},\"ancestor\":{\"id\":\"requestItemsTable\",\"viewName\":\"etm.portal.ui.managerequests.view.NewRequest\"}}"}]}
RESULT: undefined
COMMAND: POST /session/5fe08db6bd73095dce541d1489fc13fd/element - {"using":"xpath","value":"//*[@id=\"__status15-__xmlview61--requestItemsTable-1-icon\"]"}
RESULT: {"using":"xpath","value":"//*[@id=\"__status15-__xmlview61--requestItemsTable-1-icon\"]"}
COMMAND: POST /session/5fe08db6bd73095dce541d1489fc13fd/element/f.084301A5A664EC2A1657BC720E998331.d.9D7FAC3F9947D12C143D1B8DE19B1687.e.5869/click - {}
RESULT: {}
COMMAND: GET /session/5fe08db6bd73095dce541d1489fc13fd/screenshot - {}
RESULT: {}
RESULT: undefined
COMMAND: POST /session/5fe08db6bd73095dce541d1489fc13fd/execute/async - {"script":"<script> [776 bytes]","args":[{"enterText":"Cost Center","selector":{"id":"costObjectAdminTypeComboBox","viewName":"etm.portal.ui.managerequests.view.NewRequest","searchOpenDialogs":true,"interaction":{"idSuffix":"inner"}},"clearTextFirst":true,"interactionType":"ENTER_TEXT"}]}
RESULT: {"script":"<script> [776 bytes]","args":[{"enterText":"Cost Center","selector":{"id":"costObjectAdminTypeComboBox","viewName":"etm.portal.ui.managerequests.view.NewRequest","searchOpenDialogs":true,"interaction":{"idSuffix":"inner"}},"clearTextFirst":true,"interactionType":"ENTER_TEXT"}]}
COMMAND: POST /session/5fe08db6bd73095dce541d1489fc13fd/actions - {"actions":[{"id":"action29","type":"key","parameters":{},"actions":[{"type":"keyDown","value":"î€‡"},{"type":"pause","duration":10},{"type":"keyUp","value":"î€‡"}]}]}
RESULT: {"actions":[{"id":"action29","type":"key","parameters":{},"actions":[{"type":"keyDown","value":"î€‡"},{"type":"pause","duration":10},{"type":"keyUp","value":"î€‡"}]}]}
COMMAND: GET /session/5fe08db6bd73095dce541d1489fc13fd/screenshot - {}
RESULT: {}
RESULT: undefined
COMMAND: POST /session/5fe08db6bd73095dce541d1489fc13fd/element - {"using":"xpath","value":"//*[@id=\"__xmlview61--costObjectIdComboBox-vhi\"]"}
RESULT: {"using":"xpath","value":"//*[@id=\"__xmlview61--costObjectIdComboBox-vhi\"]"}
COMMAND: POST /session/5fe08db6bd73095dce541d1489fc13fd/element/f.084301A5A664EC2A1657BC720E998331.d.9D7FAC3F9947D12C143D1B8DE19B1687.e.5879/click - {}
RESULT: {}
RESULT: undefined
COMMAND: POST /session/5fe08db6bd73095dce541d1489fc13fd/execute/async - {"script":"<script> [776 bytes]","args":[{"enterText":"10001013","selector":{"controlType":"sap.m.SearchField","properties":{"placeholder":"Search"},"searchOpenDialogs":true,"interaction":{"idSuffix":"I"}},"clearTextFirst":true,"interactionType":"ENTER_TEXT"}]}
COMMAND: GET /session/5fe08db6bd73095dce541d1489fc13fd/screenshot - {}
RESULT: {"script":"<script> [776 bytes]","args":[{"enterText":"10001013","selector":{"controlType":"sap.m.SearchField","properties":{"placeholder":"Search"},"searchOpenDialogs":true,"interaction":{"idSuffix":"I"}},"clearTextFirst":true,"interactionType":"ENTER_TEXT"}]}
COMMAND: POST /session/5fe08db6bd73095dce541d1489fc13fd/actions - {"actions":[{"id":"action30","type":"key","parameters":{},"actions":[{"type":"keyDown","value":"î€‡"},{"type":"pause","duration":10},{"type":"keyUp","value":"î€‡"}]}]}
RESULT: {}
RESULT: {"actions":[{"id":"action30","type":"key","parameters":{},"actions":[{"type":"keyDown","value":"î€‡"},{"type":"pause","duration":10},{"type":"keyUp","value":"î€‡"}]}]}
COMMAND: GET /session/5fe08db6bd73095dce541d1489fc13fd/screenshot - {}
RESULT: {}
COMMAND: POST /session/5fe08db6bd73095dce541d1489fc13fd/element - {"using":"xpath","value":"//span[contains(text(), \"General Management\")]"}
RESULT: {"using":"xpath","value":"//span[contains(text(), \"General Management\")]"}
COMMAND: POST /session/5fe08db6bd73095dce541d1489fc13fd/element/f.084301A5A664EC2A1657BC720E998331.d.9D7FAC3F9947D12C143D1B8DE19B1687.e.5917/click - {}
RESULT: {}
COMMAND: GET /session/5fe08db6bd73095dce541d1489fc13fd/screenshot - {}
RESULT: {}
COMMAND: POST /session/5fe08db6bd73095dce541d1489fc13fd/element - {"using":"xpath","value":"//bdi[contains(text(), \"OK\")]"}
RESULT: {"using":"xpath","value":"//bdi[contains(text(), \"OK\")]"}
COMMAND: POST /session/5fe08db6bd73095dce541d1489fc13fd/element/f.084301A5A664EC2A1657BC720E998331.d.9D7FAC3F9947D12C143D1B8DE19B1687.e.5918/click - {}
RESULT: {}
COMMAND: GET /session/5fe08db6bd73095dce541d1489fc13fd/screenshot - {}
RESULT: {}
COMMAND: POST /session/5fe08db6bd73095dce541d1489fc13fd/element - {"using":"xpath","value":"(//bdi[contains(@id ,\"BDI-content\")][contains(text(), \"Save\")])[1]"}
RESULT: {"using":"xpath","value":"(//bdi[contains(@id ,\"BDI-content\")][contains(text(), \"Save\")])[1]"}
COMMAND: POST /session/5fe08db6bd73095dce541d1489fc13fd/element/f.084301A5A664EC2A1657BC720E998331.d.9D7FAC3F9947D12C143D1B8DE19B1687.e.5922/click - {}
RESULT: {}
COMMAND: GET /session/5fe08db6bd73095dce541d1489fc13fd/screenshot - {}
RESULT: {}
COMMAND: POST /session/5fe08db6bd73095dce541d1489fc13fd/execute/async - {"script":"<script> [1562 bytes]","args":[{"selector":{"controlType":"sap.m.Button","viewName":"etm.portal.ui.managerequests.view.NewRequest","i18NText":{"propertyName":"tooltip","key":"save"},"interaction":{"idSuffix":"content"}},"wdio_ui5_key":"etmportal.ui.managerequests.view.NewRequestsap.m.Button{\"propertyName\":\"tooltip\",\"key\":\"save\"}"}]}
RESULT: {"script":"<script> [1562 bytes]","args":[{"selector":{"controlType":"sap.m.Button","viewName":"etm.portal.ui.managerequests.view.NewRequest","i18NText":{"propertyName":"tooltip","key":"save"},"interaction":{"idSuffix":"content"}},"wdio_ui5_key":"etmportal.ui.managerequests.view.NewRequestsap.m.Button{\"propertyName\":\"tooltip\",\"key\":\"save\"}"}]}
RESULT: undefined
COMMAND: POST /session/5fe08db6bd73095dce541d1489fc13fd/element - {"using":"xpath","value":"//*[@id=\"__button101\"]"}
RESULT: {"using":"xpath","value":"//*[@id=\"__button101\"]"}
COMMAND: POST /session/5fe08db6bd73095dce541d1489fc13fd/element/f.084301A5A664EC2A1657BC720E998331.d.9D7FAC3F9947D12C143D1B8DE19B1687.e.5686/click - {}
RESULT: {}
COMMAND: GET /session/5fe08db6bd73095dce541d1489fc13fd/screenshot - {}
RESULT: {}
COMMAND: POST /session/5fe08db6bd73095dce541d1489fc13fd/execute/async - {"script":"<script> [1562 bytes]","args":[{"selector":{"controlType":"sap.m.Title","properties":{"text":"Success"},"searchOpenDialogs":true},"wdio_ui5_key":"sapm.Title{\"text\":\"Success\"}"}]}
RESULT: {"script":"<script> [1562 bytes]","args":[{"selector":{"controlType":"sap.m.Title","properties":{"text":"Success"},"searchOpenDialogs":true},"wdio_ui5_key":"sapm.Title{\"text\":\"Success\"}"}]}
RESULT: undefined
COMMAND: POST /session/5fe08db6bd73095dce541d1489fc13fd/execute/async - {"script":"<script> [6424 bytes]","args":[{"element-6066-11e4-a52e-4f735466cecf":"f.084301A5A664EC2A1657BC720E998331.d.9D7FAC3F9947D12C143D1B8DE19B1687.e.5929"},"getText",[]]}
RESULT: {"script":"<script> [6424 bytes]","args":[{"element-6066-11e4-a52e-4f735466cecf":"f.084301A5A664EC2A1657BC720E998331.d.9D7FAC3F9947D12C143D1B8DE19B1687.e.5929"},"getText",[]]}
COMMAND: POST /session/5fe08db6bd73095dce541d1489fc13fd/execute/async - {"script":"<script> [1562 bytes]","args":[{"selector":{"controlType":"sap.m.Button","properties":{"text":"Close"},"searchOpenDialogs":true,"interaction":{"idSuffix":"BDI-content"}},"wdio_ui5_key":"sapm.Button{\"text\":\"Close\"}"}]}
RESULT: {"script":"<script> [1562 bytes]","args":[{"selector":{"controlType":"sap.m.Button","properties":{"text":"Close"},"searchOpenDialogs":true,"interaction":{"idSuffix":"BDI-content"}},"wdio_ui5_key":"sapm.Button{\"text\":\"Close\"}"}]}
RESULT: undefined
COMMAND: POST /session/5fe08db6bd73095dce541d1489fc13fd/element - {"using":"xpath","value":"//*[@id=\"__mbox-btn-4\"]"}
RESULT: {"using":"xpath","value":"//*[@id=\"__mbox-btn-4\"]"}
COMMAND: POST /session/5fe08db6bd73095dce541d1489fc13fd/element/f.084301A5A664EC2A1657BC720E998331.d.9D7FAC3F9947D12C143D1B8DE19B1687.e.5927/click - {}
RESULT: {}
COMMAND: GET /session/5fe08db6bd73095dce541d1489fc13fd/screenshot - {}
RESULT: {}
COMMAND: POST /session/5fe08db6bd73095dce541d1489fc13fd/execute/async - {"script":"<script> [1562 bytes]","args":[{"selector":{"controlType":"sap.m.Text","viewName":"etm.portal.ui.managerequests.view.Detail","bindingPath":{"propertyPath":"NO","modelName":"catalogModel"}},"wdio_ui5_key":"etmportal.ui.managerequests.view.Detailsap.m.Text{\"propertyPath\":\"NO\",\"modelName\":\"catalogModel\"}"}]}
RESULT: {"script":"<script> [1562 bytes]","args":[{"selector":{"controlType":"sap.m.Text","viewName":"etm.portal.ui.managerequests.view.Detail","bindingPath":{"propertyPath":"NO","modelName":"catalogModel"}},"wdio_ui5_key":"etmportal.ui.managerequests.view.Detailsap.m.Text{\"propertyPath\":\"NO\",\"modelName\":\"catalogModel\"}"}]}
RESULT: undefined
COMMAND: POST /session/5fe08db6bd73095dce541d1489fc13fd/execute/async - {"script":"<script> [6424 bytes]","args":[{"element-6066-11e4-a52e-4f735466cecf":"f.084301A5A664EC2A1657BC720E998331.d.9D7FAC3F9947D12C143D1B8DE19B1687.e.6057"},"getText",[]]}
RESULT: {"script":"<script> [6424 bytes]","args":[{"element-6066-11e4-a52e-4f735466cecf":"f.084301A5A664EC2A1657BC720E998331.d.9D7FAC3F9947D12C143D1B8DE19B1687.e.6057"},"getText",[]]}
COMMAND: POST /session/5fe08db6bd73095dce541d1489fc13fd/execute/async - {"script":"<script> [1562 bytes]","args":[{"selector":{"controlType":"sap.ui.core.Icon","viewName":"etm.portal.ui.managerequests.view.Detail","properties":{"src":{"regex":{"source":"date\\-time"}}},"ancestor":{"controlType":"sap.m.ColumnListItem","viewName":"etm.portal.ui.managerequests.view.Detail","bindingPath":{"path":"/SmartRequestItemsPlanningBoard(ITEM=10m,REQUEST='20085')"},"ancestor":{"id":"requestItemsTable","viewName":"etm.portal.ui.managerequests.view.Detail"}}},"wdio_ui5_key":"etmportal.ui.managerequests.view.Detailsap.ui.core.Icon{\"src\":{\"regex\":{\"source\":\"date\\\\-time\"}}}{\"controlType\":\"sap.m.ColumnListItem\",\"viewName\":\"etm.portal.ui.managerequests.view.Detail\",\"bindingPath\":{\"path\":\"/SmartRequestItemsPlanningBoard(ITEM=10m,REQUEST='20085')\"},\"ancestor\":{\"id\":\"requestItemsTable\",\"viewName\":\"etm.portal.ui.managerequests.view.Detail\"}}"}]}
RESULT: {"script":"<script> [1562 bytes]","args":[{"selector":{"controlType":"sap.ui.core.Icon","viewName":"etm.portal.ui.managerequests.view.Detail","properties":{"src":{"regex":{"source":"date\\-time"}}},"ancestor":{"controlType":"sap.m.ColumnListItem","viewName":"etm.portal.ui.managerequests.view.Detail","bindingPath":{"path":"/SmartRequestItemsPlanningBoard(ITEM=10m,REQUEST='20085')"},"ancestor":{"id":"requestItemsTable","viewName":"etm.portal.ui.managerequests.view.Detail"}}},"wdio_ui5_key":"etmportal.ui.managerequests.view.Detailsap.ui.core.Icon{\"src\":{\"regex\":{\"source\":\"date\\\\-time\"}}}{\"controlType\":\"sap.m.ColumnListItem\",\"viewName\":\"etm.portal.ui.managerequests.view.Detail\",\"bindingPath\":{\"path\":\"/SmartRequestItemsPlanningBoard(ITEM=10m,REQUEST='20085')\"},\"ancestor\":{\"id\":\"requestItemsTable\",\"viewName\":\"etm.portal.ui.managerequests.view.Detail\"}}"}]}
RESULT: undefined
COMMAND: POST /session/5fe08db6bd73095dce541d1489fc13fd/element - {"using":"xpath","value":"//*[@id=\"__button129-__clone4935-img\"]"}
RESULT: {"using":"xpath","value":"//*[@id=\"__button129-__clone4935-img\"]"}
COMMAND: POST /session/5fe08db6bd73095dce541d1489fc13fd/element/f.084301A5A664EC2A1657BC720E998331.d.9D7FAC3F9947D12C143D1B8DE19B1687.e.6058/click - {}
RESULT: {}
COMMAND: POST /session/5fe08db6bd73095dce541d1489fc13fd/execute/async - {"script":"<script> [1562 bytes]","args":[{"selector":{"controlType":"sap.m.Button","viewName":"etm.portal.ui.managerequests.view.Detail","properties":{"text":"Close"},"searchOpenDialogs":true,"interaction":{"idSuffix":"BDI-content"}},"wdio_ui5_key":"etmportal.ui.managerequests.view.Detailsap.m.Button{\"text\":\"Close\"}"}]}
COMMAND: GET /session/5fe08db6bd73095dce541d1489fc13fd/screenshot - {}
RESULT: {"script":"<script> [1562 bytes]","args":[{"selector":{"controlType":"sap.m.Button","viewName":"etm.portal.ui.managerequests.view.Detail","properties":{"text":"Close"},"searchOpenDialogs":true,"interaction":{"idSuffix":"BDI-content"}},"wdio_ui5_key":"etmportal.ui.managerequests.view.Detailsap.m.Button{\"text\":\"Close\"}"}]}
RESULT: undefined
COMMAND: POST /session/5fe08db6bd73095dce541d1489fc13fd/element - {"using":"xpath","value":"//*[@id=\"__button137\"]"}
RESULT: {}
RESULT: {"using":"xpath","value":"//*[@id=\"__button137\"]"}
COMMAND: POST /session/5fe08db6bd73095dce541d1489fc13fd/element/f.084301A5A664EC2A1657BC720E998331.d.9D7FAC3F9947D12C143D1B8DE19B1687.e.6061/click - {}
RESULT: {}
COMMAND: POST /session/5fe08db6bd73095dce541d1489fc13fd/execute/async - {"script":"<script> [1562 bytes]","args":[{"selector":{"controlType":"sap.ui.core.Icon","viewName":"etm.portal.ui.managerequests.view.Detail","properties":{"src":{"regex":{"source":"date\\-time"}}},"ancestor":{"controlType":"sap.m.ColumnListItem","viewName":"etm.portal.ui.managerequests.view.Detail","bindingPath":{"path":"/SmartRequestItemsPlanningBoard(ITEM=20m,REQUEST='20085')"},"ancestor":{"id":"requestItemsTable","viewName":"etm.portal.ui.managerequests.view.Detail"}}},"wdio_ui5_key":"etmportal.ui.managerequests.view.Detailsap.ui.core.Icon{\"src\":{\"regex\":{\"source\":\"date\\\\-time\"}}}{\"controlType\":\"sap.m.ColumnListItem\",\"viewName\":\"etm.portal.ui.managerequests.view.Detail\",\"bindingPath\":{\"path\":\"/SmartRequestItemsPlanningBoard(ITEM=20m,REQUEST='20085')\"},\"ancestor\":{\"id\":\"requestItemsTable\",\"viewName\":\"etm.portal.ui.managerequests.view.Detail\"}}"}]}
COMMAND: GET /session/5fe08db6bd73095dce541d1489fc13fd/screenshot - {}
RESULT: {"script":"<script> [1562 bytes]","args":[{"selector":{"controlType":"sap.ui.core.Icon","viewName":"etm.portal.ui.managerequests.view.Detail","properties":{"src":{"regex":{"source":"date\\-time"}}},"ancestor":{"controlType":"sap.m.ColumnListItem","viewName":"etm.portal.ui.managerequests.view.Detail","bindingPath":{"path":"/SmartRequestItemsPlanningBoard(ITEM=20m,REQUEST='20085')"},"ancestor":{"id":"requestItemsTable","viewName":"etm.portal.ui.managerequests.view.Detail"}}},"wdio_ui5_key":"etmportal.ui.managerequests.view.Detailsap.ui.core.Icon{\"src\":{\"regex\":{\"source\":\"date\\\\-time\"}}}{\"controlType\":\"sap.m.ColumnListItem\",\"viewName\":\"etm.portal.ui.managerequests.view.Detail\",\"bindingPath\":{\"path\":\"/SmartRequestItemsPlanningBoard(ITEM=20m,REQUEST='20085')\"},\"ancestor\":{\"id\":\"requestItemsTable\",\"viewName\":\"etm.portal.ui.managerequests.view.Detail\"}}"}]}
RESULT: undefined
COMMAND: POST /session/5fe08db6bd73095dce541d1489fc13fd/element - {"using":"xpath","value":"//*[@id=\"__button129-__clone4936-img\"]"}
RESULT: {}
RESULT: {"using":"xpath","value":"//*[@id=\"__button129-__clone4936-img\"]"}
COMMAND: POST /session/5fe08db6bd73095dce541d1489fc13fd/element/f.084301A5A664EC2A1657BC720E998331.d.9D7FAC3F9947D12C143D1B8DE19B1687.e.6068/click - {}
RESULT: {}
RESULT: undefined
COMMAND: POST /session/5fe08db6bd73095dce541d1489fc13fd/element - {"using":"xpath","value":"//*[@id=\"__button137\"]"}
COMMAND: GET /session/5fe08db6bd73095dce541d1489fc13fd/screenshot - {}
RESULT: {"using":"xpath","value":"//*[@id=\"__button137\"]"}
COMMAND: POST /session/5fe08db6bd73095dce541d1489fc13fd/elements - {"using":"xpath","value":"//*[@id=\"__button137\"]"}
RESULT: {}
RESULT: {"using":"xpath","value":"//*[@id=\"__button137\"]"}
COMMAND: POST /session/5fe08db6bd73095dce541d1489fc13fd/elements - {"using":"xpath","value":"//*[@id=\"__button137\"]"}
RESULT: {"using":"xpath","value":"//*[@id=\"__button137\"]"}
COMMAND: POST /session/5fe08db6bd73095dce541d1489fc13fd/elements - {"using":"xpath","value":"//*[@id=\"__button137\"]"}
RESULT: {"using":"xpath","value":"//*[@id=\"__button137\"]"}
COMMAND: POST /session/5fe08db6bd73095dce541d1489fc13fd/element - {"using":"xpath","value":"//*[@id=\"__button137\"]"}
RESULT: {"using":"xpath","value":"//*[@id=\"__button137\"]"}
COMMAND: POST /session/5fe08db6bd73095dce541d1489fc13fd/element/f.084301A5A664EC2A1657BC720E998331.d.9D7FAC3F9947D12C143D1B8DE19B1687.e.6073/click - {}
RESULT: {}
COMMAND: POST /session/5fe08db6bd73095dce541d1489fc13fd/element - {"using":"css selector","value":"#shell-header-logo"}
COMMAND: GET /session/5fe08db6bd73095dce541d1489fc13fd/screenshot - {}
RESULT: {"using":"css selector","value":"#shell-header-logo"}
COMMAND: POST /session/5fe08db6bd73095dce541d1489fc13fd/element/f.084301A5A664EC2A1657BC720E998331.d.9D7FAC3F9947D12C143D1B8DE19B1687.e.5405/click - {}
RESULT: {}
RESULT: {}
COMMAND: GET /session/5fe08db6bd73095dce541d1489fc13fd/screenshot - {}
RESULT: {}
]]></system-out>
    </testcase>
    <testcase classname="chrome.136_0_7103_49.windows.Standard_contract_-_add_contract_items_by_Insert_Request_US118222" name="Should insert the request into the contract" time="64.588">
      <system-out><![CDATA[
RESULT: undefined
COMMAND: POST /session/5fe08db6bd73095dce541d1489fc13fd/element - {"using":"xpath","value":"//*[@id=\"__tile130\"]"}
RESULT: {"using":"xpath","value":"//*[@id=\"__tile130\"]"}
COMMAND: POST /session/5fe08db6bd73095dce541d1489fc13fd/element/f.084301A5A664EC2A1657BC720E998331.d.9D7FAC3F9947D12C143D1B8DE19B1687.e.4940/click - {}
RESULT: {}
COMMAND: GET /session/5fe08db6bd73095dce541d1489fc13fd/screenshot - {}
RESULT: {}
COMMAND: POST /session/5fe08db6bd73095dce541d1489fc13fd/elements - {"using":"xpath","value":"//span[text()='Error']"}
RESULT: {"using":"xpath","value":"//span[text()='Error']"}
COMMAND: POST /session/5fe08db6bd73095dce541d1489fc13fd/execute/async - {"script":"<script> [1562 bytes]","args":[{"selector":{"controlType":"sap.m.SearchField","viewName":"etm.portal.ui.managecontracts.view.Master","bindingPath":{"path":"","propertyPath":"/_BASIC_SEARCH_FIELD","modelName":"fi1t3rM0d31"},"interaction":{"idSuffix":"I"}},"wdio_ui5_key":"etmportal.ui.managecontracts.view.Mastersap.m.SearchField{\"path\":\"\",\"propertyPath\":\"/_BASIC_SEARCH_FIELD\",\"modelName\":\"fi1t3rM0d31\"}"}]}
RESULT: {"script":"<script> [1562 bytes]","args":[{"selector":{"controlType":"sap.m.SearchField","viewName":"etm.portal.ui.managecontracts.view.Master","bindingPath":{"path":"","propertyPath":"/_BASIC_SEARCH_FIELD","modelName":"fi1t3rM0d31"},"interaction":{"idSuffix":"I"}},"wdio_ui5_key":"etmportal.ui.managecontracts.view.Mastersap.m.SearchField{\"path\":\"\",\"propertyPath\":\"/_BASIC_SEARCH_FIELD\",\"modelName\":\"fi1t3rM0d31\"}"}]}
RESULT: undefined
COMMAND: POST /session/5fe08db6bd73095dce541d1489fc13fd/execute/async - {"script":"<script> [776 bytes]","args":[{"enterText":"10153","selector":{"controlType":"sap.m.SearchField","viewName":"etm.portal.ui.managecontracts.view.Master","bindingPath":{"path":"","propertyPath":"/_BASIC_SEARCH_FIELD","modelName":"fi1t3rM0d31"},"interaction":{"idSuffix":"I"}},"clearTextFirst":true,"interactionType":"ENTER_TEXT"}]}
RESULT: {"script":"<script> [776 bytes]","args":[{"enterText":"10153","selector":{"controlType":"sap.m.SearchField","viewName":"etm.portal.ui.managecontracts.view.Master","bindingPath":{"path":"","propertyPath":"/_BASIC_SEARCH_FIELD","modelName":"fi1t3rM0d31"},"interaction":{"idSuffix":"I"}},"clearTextFirst":true,"interactionType":"ENTER_TEXT"}]}
COMMAND: POST /session/5fe08db6bd73095dce541d1489fc13fd/actions - {"actions":[{"id":"action31","type":"key","parameters":{},"actions":[{"type":"keyDown","value":"î€‡"},{"type":"pause","duration":10},{"type":"keyUp","value":"î€‡"}]}]}
RESULT: {"actions":[{"id":"action31","type":"key","parameters":{},"actions":[{"type":"keyDown","value":"î€‡"},{"type":"pause","duration":10},{"type":"keyUp","value":"î€‡"}]}]}
COMMAND: GET /session/5fe08db6bd73095dce541d1489fc13fd/screenshot - {}
RESULT: {}
COMMAND: POST /session/5fe08db6bd73095dce541d1489fc13fd/execute/async - {"script":"<script> [1562 bytes]","args":[{"selector":{"controlType":"sap.ui.core.Icon","viewName":"etm.portal.ui.managecontracts.view.Master","properties":{"src":{"regex":{"source":"slim\\-arrow\\-right"}}}},"wdio_ui5_key":"etmportal.ui.managecontracts.view.Mastersap.ui.core.Icon{\"src\":{\"regex\":{\"source\":\"slim\\\\-arrow\\\\-right\"}}}"}]}
RESULT: {"script":"<script> [1562 bytes]","args":[{"selector":{"controlType":"sap.ui.core.Icon","viewName":"etm.portal.ui.managecontracts.view.Master","properties":{"src":{"regex":{"source":"slim\\-arrow\\-right"}}}},"wdio_ui5_key":"etmportal.ui.managecontracts.view.Mastersap.ui.core.Icon{\"src\":{\"regex\":{\"source\":\"slim\\\\-arrow\\\\-right\"}}}"}]}
RESULT: undefined
COMMAND: POST /session/5fe08db6bd73095dce541d1489fc13fd/element - {"using":"xpath","value":"//*[@id=\"__item1499-__clone5046-imgNav\"]"}
RESULT: {"using":"xpath","value":"//*[@id=\"__item1499-__clone5046-imgNav\"]"}
COMMAND: POST /session/5fe08db6bd73095dce541d1489fc13fd/element/f.084301A5A664EC2A1657BC720E998331.d.9D7FAC3F9947D12C143D1B8DE19B1687.e.6192/click - {}
RESULT: {}
COMMAND: POST /session/5fe08db6bd73095dce541d1489fc13fd/execute/async - {"script":"<script> [1562 bytes]","args":[{"selector":{"id":"addRequestItemBtn","viewName":"etm.portal.ui.managecontracts.view.Detail","interaction":{"idSuffix":"BDI-content"}},"wdio_ui5_key":"addRequestItemBtnetmportal.ui.managecontracts.view.Detail"}]}
COMMAND: GET /session/5fe08db6bd73095dce541d1489fc13fd/screenshot - {}
RESULT: {"script":"<script> [1562 bytes]","args":[{"selector":{"id":"addRequestItemBtn","viewName":"etm.portal.ui.managecontracts.view.Detail","interaction":{"idSuffix":"BDI-content"}},"wdio_ui5_key":"addRequestItemBtnetmportal.ui.managecontracts.view.Detail"}]}
RESULT: undefined
COMMAND: POST /session/5fe08db6bd73095dce541d1489fc13fd/element - {"using":"xpath","value":"//*[@id=\"__xmlview64--addRequestItemBtn\"]"}
RESULT: {}
RESULT: {"using":"xpath","value":"//*[@id=\"__xmlview64--addRequestItemBtn\"]"}
COMMAND: POST /session/5fe08db6bd73095dce541d1489fc13fd/element/f.084301A5A664EC2A1657BC720E998331.d.9D7FAC3F9947D12C143D1B8DE19B1687.e.6277/click - {}
RESULT: {}
COMMAND: GET /session/5fe08db6bd73095dce541d1489fc13fd/screenshot - {}
RESULT: {}
COMMAND: POST /session/5fe08db6bd73095dce541d1489fc13fd/element - {"using":"xpath","value":"//div[contains(@id ,\"popupRequestTable-sa-CbBg\")]"}
RESULT: {"using":"xpath","value":"//div[contains(@id ,\"popupRequestTable-sa-CbBg\")]"}
COMMAND: POST /session/5fe08db6bd73095dce541d1489fc13fd/element/f.084301A5A664EC2A1657BC720E998331.d.9D7FAC3F9947D12C143D1B8DE19B1687.e.6378/click - {}
RESULT: {}
COMMAND: GET /session/5fe08db6bd73095dce541d1489fc13fd/screenshot - {}
RESULT: {}
COMMAND: POST /session/5fe08db6bd73095dce541d1489fc13fd/execute/async - {"script":"<script> [1562 bytes]","args":[{"selector":{"controlType":"sap.m.Button","viewName":"etm.portal.ui.managecontracts.view.Detail","i18NText":{"propertyName":"text","key":"selectionDone"},"searchOpenDialogs":true,"interaction":{"idSuffix":"BDI-content"}},"wdio_ui5_key":"etmportal.ui.managecontracts.view.Detailsap.m.Button{\"propertyName\":\"text\",\"key\":\"selectionDone\"}"}]}
RESULT: {"script":"<script> [1562 bytes]","args":[{"selector":{"controlType":"sap.m.Button","viewName":"etm.portal.ui.managecontracts.view.Detail","i18NText":{"propertyName":"text","key":"selectionDone"},"searchOpenDialogs":true,"interaction":{"idSuffix":"BDI-content"}},"wdio_ui5_key":"etmportal.ui.managecontracts.view.Detailsap.m.Button{\"propertyName\":\"text\",\"key\":\"selectionDone\"}"}]}
RESULT: undefined
COMMAND: POST /session/5fe08db6bd73095dce541d1489fc13fd/element - {"using":"xpath","value":"//*[@id=\"__button148\"]"}
RESULT: {"using":"xpath","value":"//*[@id=\"__button148\"]"}
COMMAND: POST /session/5fe08db6bd73095dce541d1489fc13fd/element/f.084301A5A664EC2A1657BC720E998331.d.9D7FAC3F9947D12C143D1B8DE19B1687.e.6381/click - {}
RESULT: {}
COMMAND: POST /session/5fe08db6bd73095dce541d1489fc13fd/execute/async - {"script":"<script> [1562 bytes]","args":[{"selector":{"controlType":"sap.m.Text","properties":{"text":"Started processing request items into the contract."},"searchOpenDialogs":true},"wdio_ui5_key":"sapm.Text{\"text\":\"Started processing request items into the contract.\"}"}]}
COMMAND: GET /session/5fe08db6bd73095dce541d1489fc13fd/screenshot - {}
RESULT: {"script":"<script> [1562 bytes]","args":[{"selector":{"controlType":"sap.m.Text","properties":{"text":"Started processing request items into the contract."},"searchOpenDialogs":true},"wdio_ui5_key":"sapm.Text{\"text\":\"Started processing request items into the contract.\"}"}]}
RESULT: undefined
COMMAND: POST /session/5fe08db6bd73095dce541d1489fc13fd/execute/async - {"script":"<script> [6424 bytes]","args":[{"element-6066-11e4-a52e-4f735466cecf":"f.084301A5A664EC2A1657BC720E998331.d.9D7FAC3F9947D12C143D1B8DE19B1687.e.6383"},"getText",[]]}
RESULT: {}
RESULT: {"script":"<script> [6424 bytes]","args":[{"element-6066-11e4-a52e-4f735466cecf":"f.084301A5A664EC2A1657BC720E998331.d.9D7FAC3F9947D12C143D1B8DE19B1687.e.6383"},"getText",[]]}
COMMAND: POST /session/5fe08db6bd73095dce541d1489fc13fd/execute/async - {"script":"<script> [1562 bytes]","args":[{"selector":{"controlType":"sap.m.Button","properties":{"text":"OK"},"searchOpenDialogs":true,"interaction":{"idSuffix":"inner"}},"wdio_ui5_key":"sapm.Button{\"text\":\"OK\"}"}]}
RESULT: {"script":"<script> [1562 bytes]","args":[{"selector":{"controlType":"sap.m.Button","properties":{"text":"OK"},"searchOpenDialogs":true,"interaction":{"idSuffix":"inner"}},"wdio_ui5_key":"sapm.Button{\"text\":\"OK\"}"}]}
RESULT: undefined
COMMAND: POST /session/5fe08db6bd73095dce541d1489fc13fd/element - {"using":"xpath","value":"//*[@id=\"__mbox-btn-5\"]"}
RESULT: {"using":"xpath","value":"//*[@id=\"__mbox-btn-5\"]"}
COMMAND: POST /session/5fe08db6bd73095dce541d1489fc13fd/element/f.084301A5A664EC2A1657BC720E998331.d.9D7FAC3F9947D12C143D1B8DE19B1687.e.6382/click - {}
RESULT: {}
COMMAND: POST /session/5fe08db6bd73095dce541d1489fc13fd/execute/async - {"script":"<script> [1562 bytes]","args":[{"selector":{"id":"headerBillingItemsTabFilter","viewName":"etm.portal.ui.managecontracts.view.Detail","interaction":{"idSuffix":"text"}},"wdio_ui5_key":"headerBillingItemsTabFilteretmportal.ui.managecontracts.view.Detail"}]}
COMMAND: GET /session/5fe08db6bd73095dce541d1489fc13fd/screenshot - {}
RESULT: {"script":"<script> [1562 bytes]","args":[{"selector":{"id":"headerBillingItemsTabFilter","viewName":"etm.portal.ui.managecontracts.view.Detail","interaction":{"idSuffix":"text"}},"wdio_ui5_key":"headerBillingItemsTabFilteretmportal.ui.managecontracts.view.Detail"}]}
RESULT: undefined
COMMAND: POST /session/5fe08db6bd73095dce541d1489fc13fd/element - {"using":"xpath","value":"//*[@id=\"__xmlview64--headerBillingItemsTabFilter\"]"}
RESULT: {}
RESULT: {"using":"xpath","value":"//*[@id=\"__xmlview64--headerBillingItemsTabFilter\"]"}
COMMAND: POST /session/5fe08db6bd73095dce541d1489fc13fd/element/f.084301A5A664EC2A1657BC720E998331.d.9D7FAC3F9947D12C143D1B8DE19B1687.e.6395/click - {}
RESULT: {}
COMMAND: GET /session/5fe08db6bd73095dce541d1489fc13fd/screenshot - {}
RESULT: {}
COMMAND: POST /session/5fe08db6bd73095dce541d1489fc13fd/execute/async - {"script":"<script> [1562 bytes]","args":[{"selector":{"controlType":"sap.ui.core.Icon","viewName":"etm.portal.ui.managecontracts.view.Detail","properties":{"src":{"regex":{"source":"synchronize"}}}},"wdio_ui5_key":"etmportal.ui.managecontracts.view.Detailsap.ui.core.Icon{\"src\":{\"regex\":{\"source\":\"synchronize\"}}}"}]}
RESULT: {"script":"<script> [1562 bytes]","args":[{"selector":{"controlType":"sap.ui.core.Icon","viewName":"etm.portal.ui.managecontracts.view.Detail","properties":{"src":{"regex":{"source":"synchronize"}}}},"wdio_ui5_key":"etmportal.ui.managecontracts.view.Detailsap.ui.core.Icon{\"src\":{\"regex\":{\"source\":\"synchronize\"}}}"}]}
RESULT: undefined
COMMAND: POST /session/5fe08db6bd73095dce541d1489fc13fd/element - {"using":"xpath","value":"//*[@id=\"__xmlview64--btnToggleUpdate-img\"]"}
RESULT: {"using":"xpath","value":"//*[@id=\"__xmlview64--btnToggleUpdate-img\"]"}
COMMAND: POST /session/5fe08db6bd73095dce541d1489fc13fd/element/f.084301A5A664EC2A1657BC720E998331.d.9D7FAC3F9947D12C143D1B8DE19B1687.e.6276/click - {}
RESULT: {}
COMMAND: GET /session/5fe08db6bd73095dce541d1489fc13fd/screenshot - {}
RESULT: {}
RESULT: undefined
COMMAND: POST /session/5fe08db6bd73095dce541d1489fc13fd/element - {"using":"xpath","value":"//*[@id=\"__xmlview64--headerBillingItemsTabFilter\"]"}
RESULT: {"using":"xpath","value":"//*[@id=\"__xmlview64--headerBillingItemsTabFilter\"]"}
COMMAND: POST /session/5fe08db6bd73095dce541d1489fc13fd/element/f.084301A5A664EC2A1657BC720E998331.d.9D7FAC3F9947D12C143D1B8DE19B1687.e.6395/click - {}
RESULT: {}
COMMAND: POST /session/5fe08db6bd73095dce541d1489fc13fd/execute/async - {"script":"<script> [1562 bytes]","args":[{"selector":{"controlType":"sap.m.Title","viewName":"etm.portal.ui.managecontracts.view.Detail","properties":{"text":"Contract Items (2)"}},"wdio_ui5_key":"etmportal.ui.managecontracts.view.Detailsap.m.Title{\"text\":\"Contract Items (2)\"}"}]}
COMMAND: GET /session/5fe08db6bd73095dce541d1489fc13fd/screenshot - {}
RESULT: {"script":"<script> [1562 bytes]","args":[{"selector":{"controlType":"sap.m.Title","viewName":"etm.portal.ui.managecontracts.view.Detail","properties":{"text":"Contract Items (2)"}},"wdio_ui5_key":"etmportal.ui.managecontracts.view.Detailsap.m.Title{\"text\":\"Contract Items (2)\"}"}]}
RESULT: undefined
COMMAND: POST /session/5fe08db6bd73095dce541d1489fc13fd/execute/async - {"script":"<script> [6424 bytes]","args":[{"element-6066-11e4-a52e-4f735466cecf":"f.084301A5A664EC2A1657BC720E998331.d.9D7FAC3F9947D12C143D1B8DE19B1687.e.6403"},"getText",[]]}
RESULT: {}
RESULT: {"script":"<script> [6424 bytes]","args":[{"element-6066-11e4-a52e-4f735466cecf":"f.084301A5A664EC2A1657BC720E998331.d.9D7FAC3F9947D12C143D1B8DE19B1687.e.6403"},"getText",[]]}
COMMAND: POST /session/5fe08db6bd73095dce541d1489fc13fd/execute/async - {"script":"<script> [1562 bytes]","args":[{"selector":{"controlType":"sap.m.ObjectStatus","viewName":"etm.portal.ui.managecontracts.view.Detail","bindingPath":{"path":"/SmartContractItems(CONTRACT='10153',ITEM=10m,SUB_ITEM=0m)","propertyPath":"STATUS"}},"wdio_ui5_key":"etmportal.ui.managecontracts.view.Detailsap.m.ObjectStatus{\"path\":\"/SmartContractItems(CONTRACT='10153',ITEM=10m,SUB_ITEM=0m)\",\"propertyPath\":\"STATUS\"}"}]}
RESULT: {"script":"<script> [1562 bytes]","args":[{"selector":{"controlType":"sap.m.ObjectStatus","viewName":"etm.portal.ui.managecontracts.view.Detail","bindingPath":{"path":"/SmartContractItems(CONTRACT='10153',ITEM=10m,SUB_ITEM=0m)","propertyPath":"STATUS"}},"wdio_ui5_key":"etmportal.ui.managecontracts.view.Detailsap.m.ObjectStatus{\"path\":\"/SmartContractItems(CONTRACT='10153',ITEM=10m,SUB_ITEM=0m)\",\"propertyPath\":\"STATUS\"}"}]}
RESULT: undefined
COMMAND: POST /session/5fe08db6bd73095dce541d1489fc13fd/execute/async - {"script":"<script> [6424 bytes]","args":[{"element-6066-11e4-a52e-4f735466cecf":"f.084301A5A664EC2A1657BC720E998331.d.9D7FAC3F9947D12C143D1B8DE19B1687.e.6405"},"getText",[]]}
RESULT: {"script":"<script> [6424 bytes]","args":[{"element-6066-11e4-a52e-4f735466cecf":"f.084301A5A664EC2A1657BC720E998331.d.9D7FAC3F9947D12C143D1B8DE19B1687.e.6405"},"getText",[]]}
COMMAND: POST /session/5fe08db6bd73095dce541d1489fc13fd/execute/async - {"script":"<script> [1562 bytes]","args":[{"selector":{"controlType":"sap.m.ObjectStatus","viewName":"etm.portal.ui.managecontracts.view.Detail","bindingPath":{"path":"/SmartContractItems(CONTRACT='10153',ITEM=20m,SUB_ITEM=0m)","propertyPath":"STATUS"}},"wdio_ui5_key":"etmportal.ui.managecontracts.view.Detailsap.m.ObjectStatus{\"path\":\"/SmartContractItems(CONTRACT='10153',ITEM=20m,SUB_ITEM=0m)\",\"propertyPath\":\"STATUS\"}"}]}
RESULT: {"script":"<script> [1562 bytes]","args":[{"selector":{"controlType":"sap.m.ObjectStatus","viewName":"etm.portal.ui.managecontracts.view.Detail","bindingPath":{"path":"/SmartContractItems(CONTRACT='10153',ITEM=20m,SUB_ITEM=0m)","propertyPath":"STATUS"}},"wdio_ui5_key":"etmportal.ui.managecontracts.view.Detailsap.m.ObjectStatus{\"path\":\"/SmartContractItems(CONTRACT='10153',ITEM=20m,SUB_ITEM=0m)\",\"propertyPath\":\"STATUS\"}"}]}
RESULT: undefined
COMMAND: POST /session/5fe08db6bd73095dce541d1489fc13fd/execute/async - {"script":"<script> [6424 bytes]","args":[{"element-6066-11e4-a52e-4f735466cecf":"f.084301A5A664EC2A1657BC720E998331.d.9D7FAC3F9947D12C143D1B8DE19B1687.e.6406"},"getText",[]]}
RESULT: {"script":"<script> [6424 bytes]","args":[{"element-6066-11e4-a52e-4f735466cecf":"f.084301A5A664EC2A1657BC720E998331.d.9D7FAC3F9947D12C143D1B8DE19B1687.e.6406"},"getText",[]]}
]]></system-out>
    </testcase>
  </testsuite>
  <testsuite timestamp="2025-05-14T06:18:43" time="81.502" tests="1" failures="0" errors="0" skipped="0">
    <properties>
      <property name="specId" value="0" />
      <property name="suiteName" value="Manage contracts - revert request US152962" />
      <property name="capabilities" value="chrome.136_0_7103_49.windows" />
      <property name="file" value="file:///D:/a/1/s/test/specs/R2C/manage-contracts-revert-request.spec.js" />
    </properties>
    <testcase classname="chrome.136_0_7103_49.windows.Manage_contracts_-_revert_request_US152962" name="Should revert the request" time="81.5">
      <system-out><![CDATA[
COMMAND: POST /session/5fe08db6bd73095dce541d1489fc13fd/execute/async - {"script":"<script> [1562 bytes]","args":[{"selector":{"id":"revertPlanningBtn","viewName":"etm.portal.ui.managecontracts.view.Detail","interaction":{"idSuffix":"BDI-content"}},"wdio_ui5_key":"revertPlanningBtnetmportal.ui.managecontracts.view.Detail"}]}
RESULT: {"script":"<script> [1562 bytes]","args":[{"selector":{"id":"revertPlanningBtn","viewName":"etm.portal.ui.managecontracts.view.Detail","interaction":{"idSuffix":"BDI-content"}},"wdio_ui5_key":"revertPlanningBtnetmportal.ui.managecontracts.view.Detail"}]}
RESULT: undefined
COMMAND: POST /session/5fe08db6bd73095dce541d1489fc13fd/element - {"using":"xpath","value":"//*[@id=\"__xmlview64--revertPlanningBtn\"]"}
RESULT: {"using":"xpath","value":"//*[@id=\"__xmlview64--revertPlanningBtn\"]"}
COMMAND: POST /session/5fe08db6bd73095dce541d1489fc13fd/element/f.084301A5A664EC2A1657BC720E998331.d.9D7FAC3F9947D12C143D1B8DE19B1687.e.6280/click - {}
RESULT: {}
COMMAND: POST /session/5fe08db6bd73095dce541d1489fc13fd/element - {"using":"xpath","value":"(//div[contains(@id ,\"selectMulti-CbBg\")])[2]"}
COMMAND: GET /session/5fe08db6bd73095dce541d1489fc13fd/screenshot - {}
RESULT: {"using":"xpath","value":"(//div[contains(@id ,\"selectMulti-CbBg\")])[2]"}
COMMAND: POST /session/5fe08db6bd73095dce541d1489fc13fd/element/f.084301A5A664EC2A1657BC720E998331.d.9D7FAC3F9947D12C143D1B8DE19B1687.e.6453/click - {}
RESULT: {}
RESULT: {}
COMMAND: GET /session/5fe08db6bd73095dce541d1489fc13fd/screenshot - {}
RESULT: {}
COMMAND: POST /session/5fe08db6bd73095dce541d1489fc13fd/element - {"using":"xpath","value":"//span[contains(@id ,\"executeRevertPlanningBtn-content\")]"}
RESULT: {"using":"xpath","value":"//span[contains(@id ,\"executeRevertPlanningBtn-content\")]"}
COMMAND: POST /session/5fe08db6bd73095dce541d1489fc13fd/element/f.084301A5A664EC2A1657BC720E998331.d.9D7FAC3F9947D12C143D1B8DE19B1687.e.6454/click - {}
RESULT: {}
COMMAND: GET /session/5fe08db6bd73095dce541d1489fc13fd/screenshot - {}
RESULT: {}
COMMAND: POST /session/5fe08db6bd73095dce541d1489fc13fd/actions - {"actions":[{"id":"action32","type":"key","parameters":{},"actions":[{"type":"keyDown","value":"î€‡"},{"type":"pause","duration":10},{"type":"keyUp","value":"î€‡"}]}]}
RESULT: {"actions":[{"id":"action32","type":"key","parameters":{},"actions":[{"type":"keyDown","value":"î€‡"},{"type":"pause","duration":10},{"type":"keyUp","value":"î€‡"}]}]}
COMMAND: GET /session/5fe08db6bd73095dce541d1489fc13fd/screenshot - {}
RESULT: {}
COMMAND: POST /session/5fe08db6bd73095dce541d1489fc13fd/refresh - {}
RESULT: {}
COMMAND: GET /session/5fe08db6bd73095dce541d1489fc13fd/screenshot - {}
RESULT: {}
COMMAND: POST /session/5fe08db6bd73095dce541d1489fc13fd/execute/async - {"script":"<script> [189 bytes]","args":[]}
RESULT: {"script":"<script> [189 bytes]","args":[]}
COMMAND: POST /session/5fe08db6bd73095dce541d1489fc13fd/execute/async - {"script":"<script> [123 bytes]","args":[]}
RESULT: {"script":"<script> [123 bytes]","args":[]}
COMMAND: POST /session/5fe08db6bd73095dce541d1489fc13fd/timeouts - {"script":"<number>"}
RESULT: {"script":"<number>"}
COMMAND: GET /session/5fe08db6bd73095dce541d1489fc13fd/timeouts - {}
RESULT: {}
RESULT: undefined
COMMAND: POST /session/5fe08db6bd73095dce541d1489fc13fd/execute/async - {"script":"<script> [2676 bytes]","args":[]}
RESULT: {"script":"<script> [2676 bytes]","args":[]}
COMMAND: POST /session/5fe08db6bd73095dce541d1489fc13fd/execute/async - {"script":"<script> [2342 bytes]","args":[{"protocol":"http","hostname":"0.0.0.0","path":"/","capabilities":{"browserName":"chrome","goog:chromeOptions":{"binary":"C:\\Program Files\\Google\\Chrome\\Application\\chrome.exe","args":["--start-maximized"]}},"logLevel":"warn","connectionRetryTimeout":120000,"connectionRetryCount":3,"logLevels":{},"enableDirectConnect":true,"strictSSL":true,"_":"65 more keys: [\"cacheDir\",\"port\",\"requestedCapabilities\",\"automationProtocol\",\"baseUrl\",\"waitforInterval\",\"waitforTimeout\",\"onReload\",\"beforeCommand\",\"afterCommand\",\"rootDir\",\"specs\",\"suites\",\"exclude\",\"groupLogsByTestSpec\",\"excludeDriverLogs\",\"bail\",\"framework\",\"reporters\",\"services\",\"maxInstances\",\"maxInstancesPerCapability\",\"injectGlobals\",\"filesToWatch\",\"execArgv\",\"runnerEnv\",\"runner\",\"shard\",\"specFileRetries\",\"specFileRetriesDelay\",\"specFileRetriesDeferred\",\"reporterSyncInterval\",\"reporterSyncTimeout\",\"cucumberFeaturesWithLineNumbers\",\"autoCompileOpts\",\"mochaOpts\",\"jasmineOpts\",\"cucumberOpts\",\"onPrepare\",\"onWorkerStart\",\"onWorkerEnd\",\"before\",\"beforeSession\",\"beforeSuite\",\"beforeHook\",\"beforeTest\",\"afterTest\",\"afterHook\",\"afterSuite\",\"afterSession\",\"after\",\"onComplete\",\"beforeAssertion\",\"afterAssertion\",\"beforeFeature\",\"beforeScenario\",\"beforeStep\",\"afterStep\",\"afterScenario\",\"afterFeature\",\"_\",\"suite\",\"$0\",\"ignoredWorkerServices\",\"wdi5\"]"}]}
RESULT: {"script":"<script> [2342 bytes]","args":[{"protocol":"http","hostname":"0.0.0.0","path":"/","capabilities":{"browserName":"chrome","goog:chromeOptions":{"binary":"C:\\Program Files\\Google\\Chrome\\Application\\chrome.exe","args":["--start-maximized"]}},"logLevel":"warn","connectionRetryTimeout":120000,"connectionRetryCount":3,"logLevels":{},"enableDirectConnect":true,"strictSSL":true,"_":"65 more keys: [\"cacheDir\",\"port\",\"requestedCapabilities\",\"automationProtocol\",\"baseUrl\",\"waitforInterval\",\"waitforTimeout\",\"onReload\",\"beforeCommand\",\"afterCommand\",\"rootDir\",\"specs\",\"suites\",\"exclude\",\"groupLogsByTestSpec\",\"excludeDriverLogs\",\"bail\",\"framework\",\"reporters\",\"services\",\"maxInstances\",\"maxInstancesPerCapability\",\"injectGlobals\",\"filesToWatch\",\"execArgv\",\"runnerEnv\",\"runner\",\"shard\",\"specFileRetries\",\"specFileRetriesDelay\",\"specFileRetriesDeferred\",\"reporterSyncInterval\",\"reporterSyncTimeout\",\"cucumberFeaturesWithLineNumbers\",\"autoCompileOpts\",\"mochaOpts\",\"jasmineOpts\",\"cucumberOpts\",\"onPrepare\",\"onWorkerStart\",\"onWorkerEnd\",\"before\",\"beforeSession\",\"beforeSuite\",\"beforeHook\",\"beforeTest\",\"afterTest\",\"afterHook\",\"afterSuite\",\"afterSession\",\"after\",\"onComplete\",\"beforeAssertion\",\"afterAssertion\",\"beforeFeature\",\"beforeScenario\",\"beforeStep\",\"afterStep\",\"afterScenario\",\"afterFeature\",\"_\",\"suite\",\"$0\",\"ignoredWorkerServices\",\"wdi5\"]"}]}
COMMAND: POST /session/5fe08db6bd73095dce541d1489fc13fd/execute/async - {"script":"<script> [21126 bytes]","args":[35000]}
RESULT: {"script":"<script> [21126 bytes]","args":[35000]}
COMMAND: POST /session/5fe08db6bd73095dce541d1489fc13fd/execute/async - {"script":"<script> [1562 bytes]","args":[{"selector":{"controlType":"sap.m.Title","viewName":"etm.portal.ui.managecontracts.view.Detail","properties":{"text":"Contract Items (1)"}},"wdio_ui5_key":"etmportal.ui.managecontracts.view.Detailsap.m.Title{\"text\":\"Contract Items (1)\"}"}]}
RESULT: {"script":"<script> [1562 bytes]","args":[{"selector":{"controlType":"sap.m.Title","viewName":"etm.portal.ui.managecontracts.view.Detail","properties":{"text":"Contract Items (1)"}},"wdio_ui5_key":"etmportal.ui.managecontracts.view.Detailsap.m.Title{\"text\":\"Contract Items (1)\"}"}]}
RESULT: undefined
COMMAND: POST /session/5fe08db6bd73095dce541d1489fc13fd/execute/async - {"script":"<script> [6424 bytes]","args":[{"element-6066-11e4-a52e-4f735466cecf":"f.084301A5A664EC2A1657BC720E998331.d.3420ED92B3793A0F800C801FDBBDC7C1.e.6689"},"getText",[]]}
RESULT: {"script":"<script> [6424 bytes]","args":[{"element-6066-11e4-a52e-4f735466cecf":"f.084301A5A664EC2A1657BC720E998331.d.3420ED92B3793A0F800C801FDBBDC7C1.e.6689"},"getText",[]]}
COMMAND: POST /session/5fe08db6bd73095dce541d1489fc13fd/execute/async - {"script":"<script> [1562 bytes]","args":[{"selector":{"id":"contractDetailEditBtn","viewName":"etm.portal.ui.managecontracts.view.Detail","interaction":{"idSuffix":"inner"}},"wdio_ui5_key":"contractDetailEditBtnetmportal.ui.managecontracts.view.Detail"}]}
RESULT: {"script":"<script> [1562 bytes]","args":[{"selector":{"id":"contractDetailEditBtn","viewName":"etm.portal.ui.managecontracts.view.Detail","interaction":{"idSuffix":"inner"}},"wdio_ui5_key":"contractDetailEditBtnetmportal.ui.managecontracts.view.Detail"}]}
RESULT: undefined
COMMAND: POST /session/5fe08db6bd73095dce541d1489fc13fd/element - {"using":"xpath","value":"//*[@id=\"__xmlview1--contractDetailEditBtn\"]"}
RESULT: {"using":"xpath","value":"//*[@id=\"__xmlview1--contractDetailEditBtn\"]"}
COMMAND: POST /session/5fe08db6bd73095dce541d1489fc13fd/element/f.084301A5A664EC2A1657BC720E998331.d.3420ED92B3793A0F800C801FDBBDC7C1.e.6528/click - {}
RESULT: {}
COMMAND: GET /session/5fe08db6bd73095dce541d1489fc13fd/screenshot - {}
RESULT: {}
COMMAND: POST /session/5fe08db6bd73095dce541d1489fc13fd/element - {"using":"xpath","value":"(//span[contains(text(), \"Header Billing Items\")])[2]"}
RESULT: {"using":"xpath","value":"(//span[contains(text(), \"Header Billing Items\")])[2]"}
COMMAND: POST /session/5fe08db6bd73095dce541d1489fc13fd/element/f.084301A5A664EC2A1657BC720E998331.d.3420ED92B3793A0F800C801FDBBDC7C1.e.6754/click - {}
RESULT: {}
COMMAND: GET /session/5fe08db6bd73095dce541d1489fc13fd/screenshot - {}
RESULT: {}
COMMAND: POST /session/5fe08db6bd73095dce541d1489fc13fd/element - {"using":"xpath","value":"//div[contains(@id ,\"ProductsTable-sa-CbBg\")]"}
RESULT: {"using":"xpath","value":"//div[contains(@id ,\"ProductsTable-sa-CbBg\")]"}
COMMAND: POST /session/5fe08db6bd73095dce541d1489fc13fd/element/f.084301A5A664EC2A1657BC720E998331.d.3420ED92B3793A0F800C801FDBBDC7C1.e.6757/click - {}
RESULT: {}
COMMAND: GET /session/5fe08db6bd73095dce541d1489fc13fd/screenshot - {}
RESULT: {}
COMMAND: POST /session/5fe08db6bd73095dce541d1489fc13fd/execute/async - {"script":"<script> [1562 bytes]","args":[{"selector":{"id":"deleteBtn","viewName":"etm.portal.ui.managecontracts.view.EditContract","interaction":{"idSuffix":"BDI-content"}},"wdio_ui5_key":"deleteBtnetmportal.ui.managecontracts.view.EditContract"}]}
RESULT: {"script":"<script> [1562 bytes]","args":[{"selector":{"id":"deleteBtn","viewName":"etm.portal.ui.managecontracts.view.EditContract","interaction":{"idSuffix":"BDI-content"}},"wdio_ui5_key":"deleteBtnetmportal.ui.managecontracts.view.EditContract"}]}
RESULT: undefined
COMMAND: POST /session/5fe08db6bd73095dce541d1489fc13fd/element - {"using":"xpath","value":"//*[@id=\"__xmlview2--deleteBtn\"]"}
RESULT: {"using":"xpath","value":"//*[@id=\"__xmlview2--deleteBtn\"]"}
COMMAND: POST /session/5fe08db6bd73095dce541d1489fc13fd/element/f.084301A5A664EC2A1657BC720E998331.d.3420ED92B3793A0F800C801FDBBDC7C1.e.6760/click - {}
RESULT: {}
COMMAND: POST /session/5fe08db6bd73095dce541d1489fc13fd/element - {"using":"xpath","value":"//bdi[contains(@id ,\"BDI-content\")][contains(text(), \"OK\")]"}
COMMAND: GET /session/5fe08db6bd73095dce541d1489fc13fd/screenshot - {}
RESULT: {"using":"xpath","value":"//bdi[contains(@id ,\"BDI-content\")][contains(text(), \"OK\")]"}
COMMAND: POST /session/5fe08db6bd73095dce541d1489fc13fd/element/f.084301A5A664EC2A1657BC720E998331.d.3420ED92B3793A0F800C801FDBBDC7C1.e.6762/click - {}
RESULT: {}
RESULT: {}
COMMAND: GET /session/5fe08db6bd73095dce541d1489fc13fd/screenshot - {}
RESULT: {}
COMMAND: POST /session/5fe08db6bd73095dce541d1489fc13fd/element - {"using":"xpath","value":"//bdi[contains(@id ,\"BDI-content\")][contains(text(), \"Save\")]"}
RESULT: {"using":"xpath","value":"//bdi[contains(@id ,\"BDI-content\")][contains(text(), \"Save\")]"}
COMMAND: POST /session/5fe08db6bd73095dce541d1489fc13fd/element/f.084301A5A664EC2A1657BC720E998331.d.3420ED92B3793A0F800C801FDBBDC7C1.e.6764/click - {}
RESULT: {}
COMMAND: GET /session/5fe08db6bd73095dce541d1489fc13fd/screenshot - {}
RESULT: {}
COMMAND: POST /session/5fe08db6bd73095dce541d1489fc13fd/element - {"using":"xpath","value":"(//span[contains(text(), \"Header Billing Items\")])[1]"}
RESULT: {"using":"xpath","value":"(//span[contains(text(), \"Header Billing Items\")])[1]"}
COMMAND: POST /session/5fe08db6bd73095dce541d1489fc13fd/element/f.084301A5A664EC2A1657BC720E998331.d.3420ED92B3793A0F800C801FDBBDC7C1.e.6767/click - {}
RESULT: {}
COMMAND: GET /session/5fe08db6bd73095dce541d1489fc13fd/screenshot - {}
RESULT: {}
COMMAND: POST /session/5fe08db6bd73095dce541d1489fc13fd/execute/async - {"script":"<script> [1562 bytes]","args":[{"selector":{"controlType":"sap.m.ObjectStatus","viewName":"etm.portal.ui.managecontracts.view.Detail","bindingPath":{"path":"/SmartContractItems(CONTRACT='10153',ITEM=10m,SUB_ITEM=0m)","propertyPath":"STATUS"}},"wdio_ui5_key":"etmportal.ui.managecontracts.view.Detailsap.m.ObjectStatus{\"path\":\"/SmartContractItems(CONTRACT='10153',ITEM=10m,SUB_ITEM=0m)\",\"propertyPath\":\"STATUS\"}"}]}
RESULT: {"script":"<script> [1562 bytes]","args":[{"selector":{"controlType":"sap.m.ObjectStatus","viewName":"etm.portal.ui.managecontracts.view.Detail","bindingPath":{"path":"/SmartContractItems(CONTRACT='10153',ITEM=10m,SUB_ITEM=0m)","propertyPath":"STATUS"}},"wdio_ui5_key":"etmportal.ui.managecontracts.view.Detailsap.m.ObjectStatus{\"path\":\"/SmartContractItems(CONTRACT='10153',ITEM=10m,SUB_ITEM=0m)\",\"propertyPath\":\"STATUS\"}"}]}
RESULT: undefined
COMMAND: POST /session/5fe08db6bd73095dce541d1489fc13fd/execute/async - {"script":"<script> [6424 bytes]","args":[{"element-6066-11e4-a52e-4f735466cecf":"f.084301A5A664EC2A1657BC720E998331.d.3420ED92B3793A0F800C801FDBBDC7C1.e.6769"},"getText",[]]}
RESULT: {"script":"<script> [6424 bytes]","args":[{"element-6066-11e4-a52e-4f735466cecf":"f.084301A5A664EC2A1657BC720E998331.d.3420ED92B3793A0F800C801FDBBDC7C1.e.6769"},"getText",[]]}
COMMAND: POST /session/5fe08db6bd73095dce541d1489fc13fd/element - {"using":"css selector","value":"#shell-header-logo"}
RESULT: {"using":"css selector","value":"#shell-header-logo"}
COMMAND: POST /session/5fe08db6bd73095dce541d1489fc13fd/element/f.084301A5A664EC2A1657BC720E998331.d.3420ED92B3793A0F800C801FDBBDC7C1.e.6469/click - {}
RESULT: {}
COMMAND: GET /session/5fe08db6bd73095dce541d1489fc13fd/screenshot - {}
RESULT: {}
COMMAND: POST /session/5fe08db6bd73095dce541d1489fc13fd/execute/async - {"script":"<script> [1562 bytes]","args":[{"selector":{"controlType":"sap.m.GenericTile","properties":{"header":"Manage Requests"}},"wdio_ui5_key":"sapm.GenericTile{\"header\":\"Manage Requests\"}"}]}
RESULT: {"script":"<script> [1562 bytes]","args":[{"selector":{"controlType":"sap.m.GenericTile","properties":{"header":"Manage Requests"}},"wdio_ui5_key":"sapm.GenericTile{\"header\":\"Manage Requests\"}"}]}
RESULT: undefined
COMMAND: POST /session/5fe08db6bd73095dce541d1489fc13fd/element - {"using":"xpath","value":"//*[@id=\"__tile47\"]"}
RESULT: {"using":"xpath","value":"//*[@id=\"__tile47\"]"}
COMMAND: POST /session/5fe08db6bd73095dce541d1489fc13fd/element/f.084301A5A664EC2A1657BC720E998331.d.3420ED92B3793A0F800C801FDBBDC7C1.e.6788/click - {}
RESULT: {}
COMMAND: GET /session/5fe08db6bd73095dce541d1489fc13fd/screenshot - {}
RESULT: {}
COMMAND: POST /session/5fe08db6bd73095dce541d1489fc13fd/elements - {"using":"xpath","value":"//span[text()='Error']"}
COMMAND: POST /session/5fe08db6bd73095dce541d1489fc13fd/execute/async - {"script":"<script> [1562 bytes]","args":[{"selector":{"controlType":"sap.m.SearchField","viewName":"etm.portal.ui.managerequests.view.Master","bindingPath":{"path":"","propertyPath":"/_BASIC_SEARCH_FIELD","modelName":"fi1t3rM0d31"},"interaction":{"idSuffix":"I"}},"wdio_ui5_key":"etmportal.ui.managerequests.view.Mastersap.m.SearchField{\"path\":\"\",\"propertyPath\":\"/_BASIC_SEARCH_FIELD\",\"modelName\":\"fi1t3rM0d31\"}"}]}
RESULT: {"using":"xpath","value":"//span[text()='Error']"}
RESULT: {"script":"<script> [1562 bytes]","args":[{"selector":{"controlType":"sap.m.SearchField","viewName":"etm.portal.ui.managerequests.view.Master","bindingPath":{"path":"","propertyPath":"/_BASIC_SEARCH_FIELD","modelName":"fi1t3rM0d31"},"interaction":{"idSuffix":"I"}},"wdio_ui5_key":"etmportal.ui.managerequests.view.Mastersap.m.SearchField{\"path\":\"\",\"propertyPath\":\"/_BASIC_SEARCH_FIELD\",\"modelName\":\"fi1t3rM0d31\"}"}]}
RESULT: undefined
COMMAND: POST /session/5fe08db6bd73095dce541d1489fc13fd/execute/async - {"script":"<script> [776 bytes]","args":[{"enterText":"20085","selector":{"controlType":"sap.m.SearchField","viewName":"etm.portal.ui.managerequests.view.Master","bindingPath":{"path":"","propertyPath":"/_BASIC_SEARCH_FIELD","modelName":"fi1t3rM0d31"},"interaction":{"idSuffix":"I"}},"clearTextFirst":true,"interactionType":"ENTER_TEXT"}]}
RESULT: {"script":"<script> [776 bytes]","args":[{"enterText":"20085","selector":{"controlType":"sap.m.SearchField","viewName":"etm.portal.ui.managerequests.view.Master","bindingPath":{"path":"","propertyPath":"/_BASIC_SEARCH_FIELD","modelName":"fi1t3rM0d31"},"interaction":{"idSuffix":"I"}},"clearTextFirst":true,"interactionType":"ENTER_TEXT"}]}
COMMAND: POST /session/5fe08db6bd73095dce541d1489fc13fd/actions - {"actions":[{"id":"action33","type":"key","parameters":{},"actions":[{"type":"keyDown","value":"î€‡"},{"type":"pause","duration":10},{"type":"keyUp","value":"î€‡"}]}]}
RESULT: {"actions":[{"id":"action33","type":"key","parameters":{},"actions":[{"type":"keyDown","value":"î€‡"},{"type":"pause","duration":10},{"type":"keyUp","value":"î€‡"}]}]}
COMMAND: GET /session/5fe08db6bd73095dce541d1489fc13fd/screenshot - {}
RESULT: {}
COMMAND: POST /session/5fe08db6bd73095dce541d1489fc13fd/execute/async - {"script":"<script> [1562 bytes]","args":[{"selector":{"controlType":"sap.m.Text","viewName":"etm.portal.ui.managerequests.view.Master","bindingPath":{"path":"/SmartManageRequests('20085')","propertyPath":"NO"}},"wdio_ui5_key":"etmportal.ui.managerequests.view.Mastersap.m.Text{\"path\":\"/SmartManageRequests('20085')\",\"propertyPath\":\"NO\"}"}]}
RESULT: {"script":"<script> [1562 bytes]","args":[{"selector":{"controlType":"sap.m.Text","viewName":"etm.portal.ui.managerequests.view.Master","bindingPath":{"path":"/SmartManageRequests('20085')","propertyPath":"NO"}},"wdio_ui5_key":"etmportal.ui.managerequests.view.Mastersap.m.Text{\"path\":\"/SmartManageRequests('20085')\",\"propertyPath\":\"NO\"}"}]}
RESULT: undefined
COMMAND: POST /session/5fe08db6bd73095dce541d1489fc13fd/element - {"using":"xpath","value":"//*[@id=\"__text463-__clone233\"]"}
RESULT: {"using":"xpath","value":"//*[@id=\"__text463-__clone233\"]"}
COMMAND: POST /session/5fe08db6bd73095dce541d1489fc13fd/element/f.084301A5A664EC2A1657BC720E998331.d.3420ED92B3793A0F800C801FDBBDC7C1.e.6920/click - {}
RESULT: {}
COMMAND: GET /session/5fe08db6bd73095dce541d1489fc13fd/screenshot - {}
RESULT: {}
COMMAND: POST /session/5fe08db6bd73095dce541d1489fc13fd/execute/async - {"script":"<script> [1562 bytes]","args":[{"selector":{"controlType":"sap.ui.core.Icon","viewName":"etm.portal.ui.managerequests.view.Detail","properties":{"src":{"regex":{"source":"slim\\-arrow\\-up"}}}},"wdio_ui5_key":"etmportal.ui.managerequests.view.Detailsap.ui.core.Icon{\"src\":{\"regex\":{\"source\":\"slim\\\\-arrow\\\\-up\"}}}"}]}
RESULT: {"script":"<script> [1562 bytes]","args":[{"selector":{"controlType":"sap.ui.core.Icon","viewName":"etm.portal.ui.managerequests.view.Detail","properties":{"src":{"regex":{"source":"slim\\-arrow\\-up"}}}},"wdio_ui5_key":"etmportal.ui.managerequests.view.Detailsap.ui.core.Icon{\"src\":{\"regex\":{\"source\":\"slim\\\\-arrow\\\\-up\"}}}"}]}
RESULT: undefined
COMMAND: POST /session/5fe08db6bd73095dce541d1489fc13fd/element - {"using":"xpath","value":"//*[@id=\"__xmlview62--detailRequestPage-OPHeaderContent-collapseBtn-img\"]"}
RESULT: {"using":"xpath","value":"//*[@id=\"__xmlview62--detailRequestPage-OPHeaderContent-collapseBtn-img\"]"}
COMMAND: POST /session/5fe08db6bd73095dce541d1489fc13fd/element/f.084301A5A664EC2A1657BC720E998331.d.3420ED92B3793A0F800C801FDBBDC7C1.e.7045/click - {}
RESULT: {}
COMMAND: GET /session/5fe08db6bd73095dce541d1489fc13fd/screenshot - {}
RESULT: {}
COMMAND: POST /session/5fe08db6bd73095dce541d1489fc13fd/execute/async - {"script":"<script> [1562 bytes]","args":[{"selector":{"controlType":"sap.m.Text","viewName":"etm.portal.ui.managerequests.view.Detail","bindingPath":{"path":"/SmartRequestItemsPlanningBoard(ITEM=20m,REQUEST='20085')","propertyPath":"STATUS_DESC"}},"wdio_ui5_key":"etmportal.ui.managerequests.view.Detailsap.m.Text{\"path\":\"/SmartRequestItemsPlanningBoard(ITEM=20m,REQUEST='20085')\",\"propertyPath\":\"STATUS_DESC\"}"}]}
RESULT: {"script":"<script> [1562 bytes]","args":[{"selector":{"controlType":"sap.m.Text","viewName":"etm.portal.ui.managerequests.view.Detail","bindingPath":{"path":"/SmartRequestItemsPlanningBoard(ITEM=20m,REQUEST='20085')","propertyPath":"STATUS_DESC"}},"wdio_ui5_key":"etmportal.ui.managerequests.view.Detailsap.m.Text{\"path\":\"/SmartRequestItemsPlanningBoard(ITEM=20m,REQUEST='20085')\",\"propertyPath\":\"STATUS_DESC\"}"}]}
RESULT: undefined
COMMAND: POST /session/5fe08db6bd73095dce541d1489fc13fd/execute/async - {"script":"<script> [6424 bytes]","args":[{"element-6066-11e4-a52e-4f735466cecf":"f.084301A5A664EC2A1657BC720E998331.d.3420ED92B3793A0F800C801FDBBDC7C1.e.7112"},"getText",[]]}
RESULT: {"script":"<script> [6424 bytes]","args":[{"element-6066-11e4-a52e-4f735466cecf":"f.084301A5A664EC2A1657BC720E998331.d.3420ED92B3793A0F800C801FDBBDC7C1.e.7112"},"getText",[]]}
COMMAND: POST /session/5fe08db6bd73095dce541d1489fc13fd/element - {"using":"css selector","value":"#shell-header-logo"}
RESULT: {"using":"css selector","value":"#shell-header-logo"}
COMMAND: POST /session/5fe08db6bd73095dce541d1489fc13fd/element/f.084301A5A664EC2A1657BC720E998331.d.3420ED92B3793A0F800C801FDBBDC7C1.e.6792/click - {}
RESULT: {}
COMMAND: GET /session/5fe08db6bd73095dce541d1489fc13fd/screenshot - {}
RESULT: {}
]]></system-out>
    </testcase>
  </testsuite>
  <testsuite timestamp="2025-05-14T06:20:05" time="231.558" tests="4" failures="0" errors="0" skipped="0">
    <properties>
      <property name="specId" value="0" />
      <property name="suiteName" value="Standard contract close-reopen US111278" />
      <property name="capabilities" value="chrome.136_0_7103_49.windows" />
      <property name="file" value="file:///D:/a/1/s/test/specs/R2C/standard-contract-close-reopen.spec.js" />
    </properties>
    <testcase classname="chrome.136_0_7103_49.windows.Standard_contract_close-reopen_US111278" name="Should create a new contract and add an item" time="135.028">
      <system-out><![CDATA[
COMMAND: POST /session/5fe08db6bd73095dce541d1489fc13fd/execute/async - {"script":"<script> [1562 bytes]","args":[{"selector":{"controlType":"sap.m.GenericTile","properties":{"header":"Manage Contracts"}},"wdio_ui5_key":"sapm.GenericTile{\"header\":\"Manage Contracts\"}"}]}
RESULT: {"script":"<script> [1562 bytes]","args":[{"selector":{"controlType":"sap.m.GenericTile","properties":{"header":"Manage Contracts"}},"wdio_ui5_key":"sapm.GenericTile{\"header\":\"Manage Contracts\"}"}]}
RESULT: undefined
COMMAND: POST /session/5fe08db6bd73095dce541d1489fc13fd/element - {"using":"xpath","value":"//*[@id=\"__tile130\"]"}
RESULT: {"using":"xpath","value":"//*[@id=\"__tile130\"]"}
COMMAND: POST /session/5fe08db6bd73095dce541d1489fc13fd/element/f.084301A5A664EC2A1657BC720E998331.d.3420ED92B3793A0F800C801FDBBDC7C1.e.7115/click - {}
RESULT: {}
COMMAND: GET /session/5fe08db6bd73095dce541d1489fc13fd/screenshot - {}
RESULT: {}
COMMAND: POST /session/5fe08db6bd73095dce541d1489fc13fd/elements - {"using":"xpath","value":"//span[text()='Error']"}
RESULT: {"using":"xpath","value":"//span[text()='Error']"}
COMMAND: POST /session/5fe08db6bd73095dce541d1489fc13fd/element - {"using":"xpath","value":"//button[@data-kt=\"addButton\"]"}
RESULT: {"using":"xpath","value":"//button[@data-kt=\"addButton\"]"}
COMMAND: POST /session/5fe08db6bd73095dce541d1489fc13fd/element/f.084301A5A664EC2A1657BC720E998331.d.3420ED92B3793A0F800C801FDBBDC7C1.e.7154/click - {}
RESULT: {}
COMMAND: GET /session/5fe08db6bd73095dce541d1489fc13fd/screenshot - {}
RESULT: {}
COMMAND: POST /session/5fe08db6bd73095dce541d1489fc13fd/execute/async - {"script":"<script> [1562 bytes]","args":[{"selector":{"id":"application-managecontracts-display-component---AddNewContract--projectDescription","interaction":{"idSuffix":"inner"}},"wdio_ui5_key":"applicationmanagecontracts-display-component---AddNewContract--projectDescription"}]}
RESULT: {"script":"<script> [1562 bytes]","args":[{"selector":{"id":"application-managecontracts-display-component---AddNewContract--projectDescription","interaction":{"idSuffix":"inner"}},"wdio_ui5_key":"applicationmanagecontracts-display-component---AddNewContract--projectDescription"}]}
RESULT: undefined
COMMAND: POST /session/5fe08db6bd73095dce541d1489fc13fd/execute/async - {"script":"<script> [776 bytes]","args":[{"enterText":"WdIOR2c0ny6i","selector":{"id":"application-managecontracts-display-component---AddNewContract--projectDescription","interaction":{"idSuffix":"inner"}},"clearTextFirst":true,"interactionType":"ENTER_TEXT"}]}
RESULT: {"script":"<script> [776 bytes]","args":[{"enterText":"WdIOR2c0ny6i","selector":{"id":"application-managecontracts-display-component---AddNewContract--projectDescription","interaction":{"idSuffix":"inner"}},"clearTextFirst":true,"interactionType":"ENTER_TEXT"}]}
COMMAND: POST /session/5fe08db6bd73095dce541d1489fc13fd/element - {"using":"xpath","value":"//input[@id=\"application-managecontracts-display-component---AddNewContract--yardId-inner\"]"}
RESULT: {"using":"xpath","value":"//input[@id=\"application-managecontracts-display-component---AddNewContract--yardId-inner\"]"}
COMMAND: POST /session/5fe08db6bd73095dce541d1489fc13fd/element/f.084301A5A664EC2A1657BC720E998331.d.3420ED92B3793A0F800C801FDBBDC7C1.e.7467/clear - {}
RESULT: {}
COMMAND: POST /session/5fe08db6bd73095dce541d1489fc13fd/element/f.084301A5A664EC2A1657BC720E998331.d.3420ED92B3793A0F800C801FDBBDC7C1.e.7467/value - {"text":"WebdriverYardekikt"}
COMMAND: GET /session/5fe08db6bd73095dce541d1489fc13fd/screenshot - {}
RESULT: {"text":"WebdriverYardekikt"}
COMMAND: GET /session/5fe08db6bd73095dce541d1489fc13fd/screenshot - {}
RESULT: {}
RESULT: {}
COMMAND: POST /session/5fe08db6bd73095dce541d1489fc13fd/actions - {"actions":[{"id":"action34","type":"key","parameters":{},"actions":[{"type":"keyDown","value":"î€‡"},{"type":"pause","duration":10},{"type":"keyUp","value":"î€‡"}]}]}
RESULT: {"actions":[{"id":"action34","type":"key","parameters":{},"actions":[{"type":"keyDown","value":"î€‡"},{"type":"pause","duration":10},{"type":"keyUp","value":"î€‡"}]}]}
COMMAND: GET /session/5fe08db6bd73095dce541d1489fc13fd/screenshot - {}
RESULT: {}
COMMAND: POST /session/5fe08db6bd73095dce541d1489fc13fd/element - {"using":"xpath","value":"//input[@id=\"application-managecontracts-display-component---AddNewContract--customerSelect-inner\"]"}
RESULT: {"using":"xpath","value":"//input[@id=\"application-managecontracts-display-component---AddNewContract--customerSelect-inner\"]"}
COMMAND: POST /session/5fe08db6bd73095dce541d1489fc13fd/element/f.084301A5A664EC2A1657BC720E998331.d.3420ED92B3793A0F800C801FDBBDC7C1.e.7465/clear - {}
RESULT: {}
COMMAND: POST /session/5fe08db6bd73095dce541d1489fc13fd/element/f.084301A5A664EC2A1657BC720E998331.d.3420ED92B3793A0F800C801FDBBDC7C1.e.7465/value - {"text":"WebdriverPartnerw12do"}
COMMAND: GET /session/5fe08db6bd73095dce541d1489fc13fd/screenshot - {}
RESULT: {"text":"WebdriverPartnerw12do"}
COMMAND: GET /session/5fe08db6bd73095dce541d1489fc13fd/screenshot - {}
RESULT: {}
RESULT: {}
COMMAND: POST /session/5fe08db6bd73095dce541d1489fc13fd/actions - {"actions":[{"id":"action35","type":"key","parameters":{},"actions":[{"type":"keyDown","value":"î€‡"},{"type":"pause","duration":10},{"type":"keyUp","value":"î€‡"}]}]}
RESULT: {"actions":[{"id":"action35","type":"key","parameters":{},"actions":[{"type":"keyDown","value":"î€‡"},{"type":"pause","duration":10},{"type":"keyUp","value":"î€‡"}]}]}
COMMAND: GET /session/5fe08db6bd73095dce541d1489fc13fd/screenshot - {}
RESULT: {}
COMMAND: POST /session/5fe08db6bd73095dce541d1489fc13fd/element - {"using":"xpath","value":"//input[@id=\"application-managecontracts-display-component---AddNewContract--site-inner\"]"}
RESULT: {"using":"xpath","value":"//input[@id=\"application-managecontracts-display-component---AddNewContract--site-inner\"]"}
COMMAND: POST /session/5fe08db6bd73095dce541d1489fc13fd/element/f.084301A5A664EC2A1657BC720E998331.d.3420ED92B3793A0F800C801FDBBDC7C1.e.7466/clear - {}
RESULT: {}
COMMAND: POST /session/5fe08db6bd73095dce541d1489fc13fd/element/f.084301A5A664EC2A1657BC720E998331.d.3420ED92B3793A0F800C801FDBBDC7C1.e.7466/value - {"text":"WebdriverSiteeibe8"}
COMMAND: GET /session/5fe08db6bd73095dce541d1489fc13fd/screenshot - {}
RESULT: {"text":"WebdriverSiteeibe8"}
COMMAND: GET /session/5fe08db6bd73095dce541d1489fc13fd/screenshot - {}
RESULT: {}
RESULT: {}
COMMAND: POST /session/5fe08db6bd73095dce541d1489fc13fd/actions - {"actions":[{"id":"action36","type":"key","parameters":{},"actions":[{"type":"keyDown","value":"î€‡"},{"type":"pause","duration":10},{"type":"keyUp","value":"î€‡"}]}]}
RESULT: {"actions":[{"id":"action36","type":"key","parameters":{},"actions":[{"type":"keyDown","value":"î€‡"},{"type":"pause","duration":10},{"type":"keyUp","value":"î€‡"}]}]}
COMMAND: GET /session/5fe08db6bd73095dce541d1489fc13fd/screenshot - {}
RESULT: {}
COMMAND: POST /session/5fe08db6bd73095dce541d1489fc13fd/element - {"using":"xpath","value":"//button[@data-kt=\"saveButton\"]"}
RESULT: {"using":"xpath","value":"//button[@data-kt=\"saveButton\"]"}
COMMAND: POST /session/5fe08db6bd73095dce541d1489fc13fd/element/f.084301A5A664EC2A1657BC720E998331.d.3420ED92B3793A0F800C801FDBBDC7C1.e.7499/click - {}
RESULT: {}
COMMAND: GET /session/5fe08db6bd73095dce541d1489fc13fd/screenshot - {}
RESULT: {}
COMMAND: POST /session/5fe08db6bd73095dce541d1489fc13fd/execute/async - {"script":"<script> [1562 bytes]","args":[{"selector":{"id":"contractDetailTitleNoExpanded","viewName":"etm.portal.ui.managecontracts.view.Detail"},"wdio_ui5_key":"contractDetailTitleNoExpandedetmportal.ui.managecontracts.view.Detail"}]}
RESULT: {"script":"<script> [1562 bytes]","args":[{"selector":{"id":"contractDetailTitleNoExpanded","viewName":"etm.portal.ui.managecontracts.view.Detail"},"wdio_ui5_key":"contractDetailTitleNoExpandedetmportal.ui.managecontracts.view.Detail"}]}
RESULT: undefined
COMMAND: POST /session/5fe08db6bd73095dce541d1489fc13fd/execute/async - {"script":"<script> [6424 bytes]","args":[{"element-6066-11e4-a52e-4f735466cecf":"f.084301A5A664EC2A1657BC720E998331.d.3420ED92B3793A0F800C801FDBBDC7C1.e.7570"},"getText",[]]}
RESULT: {"script":"<script> [6424 bytes]","args":[{"element-6066-11e4-a52e-4f735466cecf":"f.084301A5A664EC2A1657BC720E998331.d.3420ED92B3793A0F800C801FDBBDC7C1.e.7570"},"getText",[]]}
COMMAND: POST /session/5fe08db6bd73095dce541d1489fc13fd/execute/async - {"script":"<script> [1562 bytes]","args":[{"selector":{"id":"closeContractBtn","viewName":"etm.portal.ui.managecontracts.view.Detail"},"wdio_ui5_key":"closeContractBtnetmportal.ui.managecontracts.view.Detail"}]}
RESULT: {"script":"<script> [1562 bytes]","args":[{"selector":{"id":"closeContractBtn","viewName":"etm.portal.ui.managecontracts.view.Detail"},"wdio_ui5_key":"closeContractBtnetmportal.ui.managecontracts.view.Detail"}]}
RESULT: undefined
COMMAND: POST /session/5fe08db6bd73095dce541d1489fc13fd/execute/async - {"script":"<script> [6424 bytes]","args":[{"element-6066-11e4-a52e-4f735466cecf":"f.084301A5A664EC2A1657BC720E998331.d.3420ED92B3793A0F800C801FDBBDC7C1.e.7571"},"getEnabled",[]]}
RESULT: {"script":"<script> [6424 bytes]","args":[{"element-6066-11e4-a52e-4f735466cecf":"f.084301A5A664EC2A1657BC720E998331.d.3420ED92B3793A0F800C801FDBBDC7C1.e.7571"},"getEnabled",[]]}
COMMAND: POST /session/5fe08db6bd73095dce541d1489fc13fd/element - {"using":"xpath","value":"//button[@data-kt=\"contractDetailEditBtnButton\"]"}
RESULT: {"using":"xpath","value":"//button[@data-kt=\"contractDetailEditBtnButton\"]"}
COMMAND: POST /session/5fe08db6bd73095dce541d1489fc13fd/element/f.084301A5A664EC2A1657BC720E998331.d.3420ED92B3793A0F800C801FDBBDC7C1.e.7572/click - {}
RESULT: {}
COMMAND: GET /session/5fe08db6bd73095dce541d1489fc13fd/screenshot - {}
RESULT: {}
COMMAND: POST /session/5fe08db6bd73095dce541d1489fc13fd/element - {"using":"xpath","value":"(//span[contains(text(), \"Additional Addresses\")])[2]"}
RESULT: {"using":"xpath","value":"(//span[contains(text(), \"Additional Addresses\")])[2]"}
COMMAND: POST /session/5fe08db6bd73095dce541d1489fc13fd/element/f.084301A5A664EC2A1657BC720E998331.d.3420ED92B3793A0F800C801FDBBDC7C1.e.7631/click - {}
RESULT: {}
COMMAND: GET /session/5fe08db6bd73095dce541d1489fc13fd/screenshot - {}
RESULT: {}
COMMAND: POST /session/5fe08db6bd73095dce541d1489fc13fd/element - {"using":"xpath","value":"//button[@data-kt=\"btnAddTableRowOverflowToolbarButton\"]"}
RESULT: {"using":"xpath","value":"//button[@data-kt=\"btnAddTableRowOverflowToolbarButton\"]"}
COMMAND: POST /session/5fe08db6bd73095dce541d1489fc13fd/element/f.084301A5A664EC2A1657BC720E998331.d.3420ED92B3793A0F800C801FDBBDC7C1.e.7633/click - {}
RESULT: {}
COMMAND: GET /session/5fe08db6bd73095dce541d1489fc13fd/screenshot - {}
RESULT: {}
COMMAND: POST /session/5fe08db6bd73095dce541d1489fc13fd/element - {"using":"xpath","value":"//div[(text() = 'Standard Entry' or . = 'Standard Entry')]"}
RESULT: {"using":"xpath","value":"//div[(text() = 'Standard Entry' or . = 'Standard Entry')]"}
COMMAND: POST /session/5fe08db6bd73095dce541d1489fc13fd/element/f.084301A5A664EC2A1657BC720E998331.d.3420ED92B3793A0F800C801FDBBDC7C1.e.7635/click - {}
RESULT: {}
COMMAND: POST /session/5fe08db6bd73095dce541d1489fc13fd/element - {"using":"xpath","value":"//td[6]/div/div/input[1]"}
COMMAND: GET /session/5fe08db6bd73095dce541d1489fc13fd/screenshot - {}
RESULT: {"using":"xpath","value":"//td[6]/div/div/input[1]"}
COMMAND: POST /session/5fe08db6bd73095dce541d1489fc13fd/element/f.084301A5A664EC2A1657BC720E998331.d.3420ED92B3793A0F800C801FDBBDC7C1.e.7637/click - {}
RESULT: {}
RESULT: {}
COMMAND: POST /session/5fe08db6bd73095dce541d1489fc13fd/actions - {"actions":[{"id":"action37","type":"key","parameters":{},"actions":[{"type":"keyDown","value":"î€ƒ"},{"type":"pause","duration":10},{"type":"keyUp","value":"î€ƒ"}]}]}
COMMAND: GET /session/5fe08db6bd73095dce541d1489fc13fd/screenshot - {}
RESULT: {"actions":[{"id":"action37","type":"key","parameters":{},"actions":[{"type":"keyDown","value":"î€ƒ"},{"type":"pause","duration":10},{"type":"keyUp","value":"î€ƒ"}]}]}
COMMAND: POST /session/5fe08db6bd73095dce541d1489fc13fd/element - {"using":"xpath","value":"//td[6]/div/div/input[1]"}
COMMAND: GET /session/5fe08db6bd73095dce541d1489fc13fd/screenshot - {}
RESULT: {}
RESULT: {"using":"xpath","value":"//td[6]/div/div/input[1]"}
COMMAND: POST /session/5fe08db6bd73095dce541d1489fc13fd/element/f.084301A5A664EC2A1657BC720E998331.d.3420ED92B3793A0F800C801FDBBDC7C1.e.7637/clear - {}
RESULT: {}
RESULT: {}
COMMAND: POST /session/5fe08db6bd73095dce541d1489fc13fd/element/f.084301A5A664EC2A1657BC720E998331.d.3420ED92B3793A0F800C801FDBBDC7C1.e.7637/value - {"text":"Material"}
COMMAND: GET /session/5fe08db6bd73095dce541d1489fc13fd/screenshot - {}
RESULT: {"text":"Material"}
COMMAND: GET /session/5fe08db6bd73095dce541d1489fc13fd/screenshot - {}
RESULT: {}
RESULT: {}
COMMAND: POST /session/5fe08db6bd73095dce541d1489fc13fd/actions - {"actions":[{"id":"action38","type":"key","parameters":{},"actions":[{"type":"keyDown","value":"î€‡"},{"type":"pause","duration":10},{"type":"keyUp","value":"î€‡"}]}]}
RESULT: {"actions":[{"id":"action38","type":"key","parameters":{},"actions":[{"type":"keyDown","value":"î€‡"},{"type":"pause","duration":10},{"type":"keyUp","value":"î€‡"}]}]}
COMMAND: GET /session/5fe08db6bd73095dce541d1489fc13fd/screenshot - {}
RESULT: {}
COMMAND: POST /session/5fe08db6bd73095dce541d1489fc13fd/actions - {"actions":[{"id":"action39","type":"key","parameters":{},"actions":[{"type":"keyDown","value":"î€‡"},{"type":"pause","duration":10},{"type":"keyUp","value":"î€‡"}]}]}
RESULT: {"actions":[{"id":"action39","type":"key","parameters":{},"actions":[{"type":"keyDown","value":"î€‡"},{"type":"pause","duration":10},{"type":"keyUp","value":"î€‡"}]}]}
COMMAND: POST /session/5fe08db6bd73095dce541d1489fc13fd/element - {"using":"xpath","value":"//td[7]/div/div/input"}
COMMAND: GET /session/5fe08db6bd73095dce541d1489fc13fd/screenshot - {}
RESULT: {"using":"xpath","value":"//td[7]/div/div/input"}
COMMAND: POST /session/5fe08db6bd73095dce541d1489fc13fd/element/f.084301A5A664EC2A1657BC720E998331.d.3420ED92B3793A0F800C801FDBBDC7C1.e.7650/clear - {}
RESULT: {}
RESULT: {}
COMMAND: POST /session/5fe08db6bd73095dce541d1489fc13fd/element/f.084301A5A664EC2A1657BC720E998331.d.3420ED92B3793A0F800C801FDBBDC7C1.e.7650/value - {"text":"WebdriverRUR2Cf1elj"}
COMMAND: GET /session/5fe08db6bd73095dce541d1489fc13fd/screenshot - {}
RESULT: {"text":"WebdriverRUR2Cf1elj"}
COMMAND: GET /session/5fe08db6bd73095dce541d1489fc13fd/screenshot - {}
RESULT: {}
RESULT: {}
COMMAND: POST /session/5fe08db6bd73095dce541d1489fc13fd/actions - {"actions":[{"id":"action40","type":"key","parameters":{},"actions":[{"type":"keyDown","value":"î€‡"},{"type":"pause","duration":10},{"type":"keyUp","value":"î€‡"}]}]}
RESULT: {"actions":[{"id":"action40","type":"key","parameters":{},"actions":[{"type":"keyDown","value":"î€‡"},{"type":"pause","duration":10},{"type":"keyUp","value":"î€‡"}]}]}
COMMAND: GET /session/5fe08db6bd73095dce541d1489fc13fd/screenshot - {}
RESULT: {}
COMMAND: POST /session/5fe08db6bd73095dce541d1489fc13fd/actions - {"actions":[{"id":"action41","type":"key","parameters":{},"actions":[{"type":"keyDown","value":"î€‡"},{"type":"pause","duration":10},{"type":"keyUp","value":"î€‡"}]}]}
RESULT: {"actions":[{"id":"action41","type":"key","parameters":{},"actions":[{"type":"keyDown","value":"î€‡"},{"type":"pause","duration":10},{"type":"keyUp","value":"î€‡"}]}]}
COMMAND: GET /session/5fe08db6bd73095dce541d1489fc13fd/screenshot - {}
RESULT: {}
COMMAND: POST /session/5fe08db6bd73095dce541d1489fc13fd/element - {"using":"xpath","value":"(//button[@data-kt=\"saveButton\"])[2]"}
RESULT: {"using":"xpath","value":"(//button[@data-kt=\"saveButton\"])[2]"}
COMMAND: POST /session/5fe08db6bd73095dce541d1489fc13fd/element/f.084301A5A664EC2A1657BC720E998331.d.3420ED92B3793A0F800C801FDBBDC7C1.e.7676/click - {}
RESULT: {}
COMMAND: GET /session/5fe08db6bd73095dce541d1489fc13fd/screenshot - {}
RESULT: {}
]]></system-out>
    </testcase>
    <testcase classname="chrome.136_0_7103_49.windows.Standard_contract_close-reopen_US111278" name="It should close the contract" time="20.77">
      <system-out><![CDATA[
RESULT: undefined
COMMAND: POST /session/5fe08db6bd73095dce541d1489fc13fd/element - {"using":"xpath","value":"//*[@id=\"__xmlview64--closeContractBtn\"]"}
RESULT: {"using":"xpath","value":"//*[@id=\"__xmlview64--closeContractBtn\"]"}
COMMAND: POST /session/5fe08db6bd73095dce541d1489fc13fd/element/f.084301A5A664EC2A1657BC720E998331.d.3420ED92B3793A0F800C801FDBBDC7C1.e.7571/click - {}
RESULT: {}
COMMAND: GET /session/5fe08db6bd73095dce541d1489fc13fd/screenshot - {}
RESULT: {}
COMMAND: POST /session/5fe08db6bd73095dce541d1489fc13fd/element - {"using":"xpath","value":"//span[contains(text(), \"Do you want to close the whole contract?\")]"}
RESULT: {"using":"xpath","value":"//span[contains(text(), \"Do you want to close the whole contract?\")]"}
COMMAND: POST /session/5fe08db6bd73095dce541d1489fc13fd/execute/sync - {"script":"<script> [8489 bytes]","args":[{"element-6066-11e4-a52e-4f735466cecf":"f.084301A5A664EC2A1657BC720E998331.d.3420ED92B3793A0F800C801FDBBDC7C1.e.7680","ELEMENT":"f.084301A5A664EC2A1657BC720E998331.d.3420ED92B3793A0F800C801FDBBDC7C1.e.7680"}]}
RESULT: {"script":"<script> [8489 bytes]","args":[{"element-6066-11e4-a52e-4f735466cecf":"f.084301A5A664EC2A1657BC720E998331.d.3420ED92B3793A0F800C801FDBBDC7C1.e.7680","ELEMENT":"f.084301A5A664EC2A1657BC720E998331.d.3420ED92B3793A0F800C801FDBBDC7C1.e.7680"}]}
COMMAND: POST /session/5fe08db6bd73095dce541d1489fc13fd/element - {"using":"xpath","value":"//bdi[contains(text(), \"OK\")]"}
COMMAND: GET /session/5fe08db6bd73095dce541d1489fc13fd/screenshot - {}
RESULT: {"using":"xpath","value":"//bdi[contains(text(), \"OK\")]"}
COMMAND: POST /session/5fe08db6bd73095dce541d1489fc13fd/element/f.084301A5A664EC2A1657BC720E998331.d.3420ED92B3793A0F800C801FDBBDC7C1.e.7681/click - {}
RESULT: {}
RESULT: {}
COMMAND: GET /session/5fe08db6bd73095dce541d1489fc13fd/screenshot - {}
RESULT: {}
COMMAND: POST /session/5fe08db6bd73095dce541d1489fc13fd/element - {"using":"xpath","value":"//input[contains(@id ,\"smartContractFilterBar-btnBasicSearch-I\")]"}
RESULT: {"using":"xpath","value":"//input[contains(@id ,\"smartContractFilterBar-btnBasicSearch-I\")]"}
COMMAND: POST /session/5fe08db6bd73095dce541d1489fc13fd/element/f.084301A5A664EC2A1657BC720E998331.d.3420ED92B3793A0F800C801FDBBDC7C1.e.7121/clear - {}
RESULT: {}
COMMAND: POST /session/5fe08db6bd73095dce541d1489fc13fd/element/f.084301A5A664EC2A1657BC720E998331.d.3420ED92B3793A0F800C801FDBBDC7C1.e.7121/value - {"text":"10154"}
COMMAND: GET /session/5fe08db6bd73095dce541d1489fc13fd/screenshot - {}
RESULT: {"text":"10154"}
COMMAND: POST /session/5fe08db6bd73095dce541d1489fc13fd/actions - {"actions":[{"id":"action42","type":"key","parameters":{},"actions":[{"type":"keyDown","value":"î€‡"},{"type":"pause","duration":10},{"type":"keyUp","value":"î€‡"}]}]}
COMMAND: GET /session/5fe08db6bd73095dce541d1489fc13fd/screenshot - {}
RESULT: {}
RESULT: {"actions":[{"id":"action42","type":"key","parameters":{},"actions":[{"type":"keyDown","value":"î€‡"},{"type":"pause","duration":10},{"type":"keyUp","value":"î€‡"}]}]}
COMMAND: GET /session/5fe08db6bd73095dce541d1489fc13fd/screenshot - {}
RESULT: {}
RESULT: {}
COMMAND: POST /session/5fe08db6bd73095dce541d1489fc13fd/execute/async - {"script":"<script> [1562 bytes]","args":[{"selector":{"controlType":"sap.ui.core.Icon","viewName":"etm.portal.ui.managecontracts.view.Master","properties":{"src":{"regex":{"source":"slim\\-arrow\\-right"}}}},"wdio_ui5_key":"etmportal.ui.managecontracts.view.Mastersap.ui.core.Icon{\"src\":{\"regex\":{\"source\":\"slim\\\\-arrow\\\\-right\"}}}"}]}
RESULT: {"script":"<script> [1562 bytes]","args":[{"selector":{"controlType":"sap.ui.core.Icon","viewName":"etm.portal.ui.managecontracts.view.Master","properties":{"src":{"regex":{"source":"slim\\-arrow\\-right"}}}},"wdio_ui5_key":"etmportal.ui.managecontracts.view.Mastersap.ui.core.Icon{\"src\":{\"regex\":{\"source\":\"slim\\\\-arrow\\\\-right\"}}}"}]}
RESULT: undefined
COMMAND: POST /session/5fe08db6bd73095dce541d1489fc13fd/element - {"using":"xpath","value":"//*[@id=\"__item126-__clone2534-imgNav\"]"}
RESULT: {"using":"xpath","value":"//*[@id=\"__item126-__clone2534-imgNav\"]"}
COMMAND: POST /session/5fe08db6bd73095dce541d1489fc13fd/element/f.084301A5A664EC2A1657BC720E998331.d.3420ED92B3793A0F800C801FDBBDC7C1.e.7847/click - {}
RESULT: {}
COMMAND: POST /session/5fe08db6bd73095dce541d1489fc13fd/execute/async - {"script":"<script> [1562 bytes]","args":[{"selector":{"controlType":"sap.m.ObjectStatus","viewName":"etm.portal.ui.managecontracts.view.Detail","bindingPath":{"propertyPath":"LINK_TO_LOGISTICAL_STATUS/DESCRIPTION","modelName":"catalogModel"}},"wdio_ui5_key":"etmportal.ui.managecontracts.view.Detailsap.m.ObjectStatus{\"propertyPath\":\"LINK_TO_LOGISTICAL_STATUS/DESCRIPTION\",\"modelName\":\"catalogModel\"}"}]}
COMMAND: GET /session/5fe08db6bd73095dce541d1489fc13fd/screenshot - {}
RESULT: {"script":"<script> [1562 bytes]","args":[{"selector":{"controlType":"sap.m.ObjectStatus","viewName":"etm.portal.ui.managecontracts.view.Detail","bindingPath":{"propertyPath":"LINK_TO_LOGISTICAL_STATUS/DESCRIPTION","modelName":"catalogModel"}},"wdio_ui5_key":"etmportal.ui.managecontracts.view.Detailsap.m.ObjectStatus{\"propertyPath\":\"LINK_TO_LOGISTICAL_STATUS/DESCRIPTION\",\"modelName\":\"catalogModel\"}"}]}
RESULT: undefined
COMMAND: POST /session/5fe08db6bd73095dce541d1489fc13fd/execute/async - {"script":"<script> [6424 bytes]","args":[{"element-6066-11e4-a52e-4f735466cecf":"f.084301A5A664EC2A1657BC720E998331.d.3420ED92B3793A0F800C801FDBBDC7C1.e.7877"},"getText",[]]}
RESULT: {}
RESULT: {"script":"<script> [6424 bytes]","args":[{"element-6066-11e4-a52e-4f735466cecf":"f.084301A5A664EC2A1657BC720E998331.d.3420ED92B3793A0F800C801FDBBDC7C1.e.7877"},"getText",[]]}
]]></system-out>
    </testcase>
    <testcase classname="chrome.136_0_7103_49.windows.Standard_contract_close-reopen_US111278" name="Should reopen the contract" time="9.824">
      <system-out><![CDATA[
COMMAND: POST /session/5fe08db6bd73095dce541d1489fc13fd/execute/async - {"script":"<script> [1562 bytes]","args":[{"selector":{"id":"openContractBtn","viewName":"etm.portal.ui.managecontracts.view.Detail"},"wdio_ui5_key":"openContractBtnetmportal.ui.managecontracts.view.Detail"}]}
RESULT: {"script":"<script> [1562 bytes]","args":[{"selector":{"id":"openContractBtn","viewName":"etm.portal.ui.managecontracts.view.Detail"},"wdio_ui5_key":"openContractBtnetmportal.ui.managecontracts.view.Detail"}]}
RESULT: undefined
COMMAND: POST /session/5fe08db6bd73095dce541d1489fc13fd/execute/async - {"script":"<script> [6424 bytes]","args":[{"element-6066-11e4-a52e-4f735466cecf":"f.084301A5A664EC2A1657BC720E998331.d.3420ED92B3793A0F800C801FDBBDC7C1.e.7866"},"getEnabled",[]]}
RESULT: {"script":"<script> [6424 bytes]","args":[{"element-6066-11e4-a52e-4f735466cecf":"f.084301A5A664EC2A1657BC720E998331.d.3420ED92B3793A0F800C801FDBBDC7C1.e.7866"},"getEnabled",[]]}
COMMAND: POST /session/5fe08db6bd73095dce541d1489fc13fd/element - {"using":"xpath","value":"//bdi[contains(text(), \"Edit\")]"}
RESULT: {"using":"xpath","value":"//bdi[contains(text(), \"Edit\")]"}
COMMAND: POST /session/5fe08db6bd73095dce541d1489fc13fd/element - {"using":"xpath","value":"//bdi[contains(text(), \"Edit\")]"}
RESULT: undefined
COMMAND: POST /session/5fe08db6bd73095dce541d1489fc13fd/element - {"using":"xpath","value":"//*[@id=\"__xmlview64--openContractBtn\"]"}
RESULT: {"using":"xpath","value":"//bdi[contains(text(), \"Edit\")]"}
RESULT: {"using":"xpath","value":"//*[@id=\"__xmlview64--openContractBtn\"]"}
COMMAND: POST /session/5fe08db6bd73095dce541d1489fc13fd/element/f.084301A5A664EC2A1657BC720E998331.d.3420ED92B3793A0F800C801FDBBDC7C1.e.7866/click - {}
RESULT: {}
COMMAND: POST /session/5fe08db6bd73095dce541d1489fc13fd/execute/async - {"script":"<script> [1562 bytes]","args":[{"selector":{"controlType":"sap.m.Text","properties":{"text":"Contract has been reopened successfully"},"searchOpenDialogs":true},"wdio_ui5_key":"sapm.Text{\"text\":\"Contract has been reopened successfully\"}"}]}
COMMAND: GET /session/5fe08db6bd73095dce541d1489fc13fd/screenshot - {}
RESULT: {"script":"<script> [1562 bytes]","args":[{"selector":{"controlType":"sap.m.Text","properties":{"text":"Contract has been reopened successfully"},"searchOpenDialogs":true},"wdio_ui5_key":"sapm.Text{\"text\":\"Contract has been reopened successfully\"}"}]}
RESULT: undefined
COMMAND: POST /session/5fe08db6bd73095dce541d1489fc13fd/execute/async - {"script":"<script> [6424 bytes]","args":[{"element-6066-11e4-a52e-4f735466cecf":"f.084301A5A664EC2A1657BC720E998331.d.3420ED92B3793A0F800C801FDBBDC7C1.e.7880"},"getText",[]]}
RESULT: {}
RESULT: {"script":"<script> [6424 bytes]","args":[{"element-6066-11e4-a52e-4f735466cecf":"f.084301A5A664EC2A1657BC720E998331.d.3420ED92B3793A0F800C801FDBBDC7C1.e.7880"},"getText",[]]}
COMMAND: POST /session/5fe08db6bd73095dce541d1489fc13fd/element - {"using":"xpath","value":"//bdi[contains(text(), \"OK\")]"}
RESULT: {"using":"xpath","value":"//bdi[contains(text(), \"OK\")]"}
COMMAND: POST /session/5fe08db6bd73095dce541d1489fc13fd/element/f.084301A5A664EC2A1657BC720E998331.d.3420ED92B3793A0F800C801FDBBDC7C1.e.7881/click - {}
RESULT: {}
COMMAND: GET /session/5fe08db6bd73095dce541d1489fc13fd/screenshot - {}
RESULT: {}
COMMAND: POST /session/5fe08db6bd73095dce541d1489fc13fd/element - {"using":"xpath","value":"//bdi[contains(text(), \"Edit\")]"}
RESULT: undefined
COMMAND: POST /session/5fe08db6bd73095dce541d1489fc13fd/execute/async - {"script":"<script> [6424 bytes]","args":[{"element-6066-11e4-a52e-4f735466cecf":"f.084301A5A664EC2A1657BC720E998331.d.3420ED92B3793A0F800C801FDBBDC7C1.e.7571"},"getEnabled",[]]}
RESULT: {"using":"xpath","value":"//bdi[contains(text(), \"Edit\")]"}
COMMAND: POST /session/5fe08db6bd73095dce541d1489fc13fd/execute/sync - {"script":"<script> [8489 bytes]","args":[{"element-6066-11e4-a52e-4f735466cecf":"f.084301A5A664EC2A1657BC720E998331.d.3420ED92B3793A0F800C801FDBBDC7C1.e.7882","ELEMENT":"f.084301A5A664EC2A1657BC720E998331.d.3420ED92B3793A0F800C801FDBBDC7C1.e.7882"}]}
COMMAND: POST /session/5fe08db6bd73095dce541d1489fc13fd/execute/async - {"script":"<script> [1562 bytes]","args":[{"selector":{"id":"closeContractBtn","viewName":"etm.portal.ui.managecontracts.view.Detail"},"wdio_ui5_key":"closeContractBtnetmportal.ui.managecontracts.view.Detail"}]}
RESULT: {"script":"<script> [8489 bytes]","args":[{"element-6066-11e4-a52e-4f735466cecf":"f.084301A5A664EC2A1657BC720E998331.d.3420ED92B3793A0F800C801FDBBDC7C1.e.7882","ELEMENT":"f.084301A5A664EC2A1657BC720E998331.d.3420ED92B3793A0F800C801FDBBDC7C1.e.7882"}]}
COMMAND: GET /session/5fe08db6bd73095dce541d1489fc13fd/screenshot - {}
RESULT: {"script":"<script> [1562 bytes]","args":[{"selector":{"id":"closeContractBtn","viewName":"etm.portal.ui.managecontracts.view.Detail"},"wdio_ui5_key":"closeContractBtnetmportal.ui.managecontracts.view.Detail"}]}
COMMAND: POST /session/5fe08db6bd73095dce541d1489fc13fd/execute/async - {"script":"<script> [6424 bytes]","args":[{"element-6066-11e4-a52e-4f735466cecf":"f.084301A5A664EC2A1657BC720E998331.d.3420ED92B3793A0F800C801FDBBDC7C1.e.7883"},"getEnabled",[]]}
RESULT: {}
RESULT: {"script":"<script> [6424 bytes]","args":[{"element-6066-11e4-a52e-4f735466cecf":"f.084301A5A664EC2A1657BC720E998331.d.3420ED92B3793A0F800C801FDBBDC7C1.e.7883"},"getEnabled",[]]}
]]></system-out>
    </testcase>
    <testcase classname="chrome.136_0_7103_49.windows.Standard_contract_close-reopen_US111278" name="Should verify for multiple statuses that open button is not visible" time="62.432">
      <system-out><![CDATA[
COMMAND: POST /session/5fe08db6bd73095dce541d1489fc13fd/execute/async - {"script":"<script> [1562 bytes]","args":[{"selector":{"controlType":"sap.ui.core.Icon","viewName":"etm.portal.ui.managecontracts.view.Detail","properties":{"src":{"regex":{"source":"decline"}}}},"wdio_ui5_key":"etmportal.ui.managecontracts.view.Detailsap.ui.core.Icon{\"src\":{\"regex\":{\"source\":\"decline\"}}}"}]}
RESULT: {"script":"<script> [1562 bytes]","args":[{"selector":{"controlType":"sap.ui.core.Icon","viewName":"etm.portal.ui.managecontracts.view.Detail","properties":{"src":{"regex":{"source":"decline"}}}},"wdio_ui5_key":"etmportal.ui.managecontracts.view.Detailsap.ui.core.Icon{\"src\":{\"regex\":{\"source\":\"decline\"}}}"}]}
RESULT: undefined
COMMAND: POST /session/5fe08db6bd73095dce541d1489fc13fd/element - {"using":"xpath","value":"//*[@id=\"__xmlview64--closeColumnBtn-img\"]"}
RESULT: {"using":"xpath","value":"//*[@id=\"__xmlview64--closeColumnBtn-img\"]"}
COMMAND: POST /session/5fe08db6bd73095dce541d1489fc13fd/element/f.084301A5A664EC2A1657BC720E998331.d.3420ED92B3793A0F800C801FDBBDC7C1.e.7864/click - {}
RESULT: {}
COMMAND: GET /session/5fe08db6bd73095dce541d1489fc13fd/screenshot - {}
COMMAND: POST /session/5fe08db6bd73095dce541d1489fc13fd/element - {"using":"xpath","value":"//div[contains(@id ,\"smartContractFilterBar-btnBasicSearch-reset\")]"}
RESULT: {}
RESULT: {"using":"xpath","value":"//div[contains(@id ,\"smartContractFilterBar-btnBasicSearch-reset\")]"}
COMMAND: POST /session/5fe08db6bd73095dce541d1489fc13fd/element/f.084301A5A664EC2A1657BC720E998331.d.3420ED92B3793A0F800C801FDBBDC7C1.e.7865/click - {}
RESULT: {}
COMMAND: GET /session/5fe08db6bd73095dce541d1489fc13fd/screenshot - {}
COMMAND: POST /session/5fe08db6bd73095dce541d1489fc13fd/execute/async - {"script":"<script> [1562 bytes]","args":[{"selector":{"controlType":"sap.ui.core.Icon","viewName":"etm.portal.ui.managecontracts.view.Master","properties":{"src":{"regex":{"source":"slim\\-arrow\\-down"}}},"ancestor":{"id":"smartContractStatusFilter","viewName":"etm.portal.ui.managecontracts.view.Master"}},"wdio_ui5_key":"etmportal.ui.managecontracts.view.Mastersap.ui.core.Icon{\"src\":{\"regex\":{\"source\":\"slim\\\\-arrow\\\\-down\"}}}{\"id\":\"smartContractStatusFilter\",\"viewName\":\"etm.portal.ui.managecontracts.view.Master\"}"}]}
RESULT: {}
RESULT: {"script":"<script> [1562 bytes]","args":[{"selector":{"controlType":"sap.ui.core.Icon","viewName":"etm.portal.ui.managecontracts.view.Master","properties":{"src":{"regex":{"source":"slim\\-arrow\\-down"}}},"ancestor":{"id":"smartContractStatusFilter","viewName":"etm.portal.ui.managecontracts.view.Master"}},"wdio_ui5_key":"etmportal.ui.managecontracts.view.Mastersap.ui.core.Icon{\"src\":{\"regex\":{\"source\":\"slim\\\\-arrow\\\\-down\"}}}{\"id\":\"smartContractStatusFilter\",\"viewName\":\"etm.portal.ui.managecontracts.view.Master\"}"}]}
RESULT: undefined
COMMAND: POST /session/5fe08db6bd73095dce541d1489fc13fd/element - {"using":"xpath","value":"//*[@id=\"__xmlview63--smartContractStatusFilter-arrow\"]"}
RESULT: {"using":"xpath","value":"//*[@id=\"__xmlview63--smartContractStatusFilter-arrow\"]"}
COMMAND: POST /session/5fe08db6bd73095dce541d1489fc13fd/element/f.084301A5A664EC2A1657BC720E998331.d.3420ED92B3793A0F800C801FDBBDC7C1.e.7928/click - {}
RESULT: {}
COMMAND: POST /session/5fe08db6bd73095dce541d1489fc13fd/execute/async - {"script":"<script> [1562 bytes]","args":[{"selector":{"controlType":"sap.m.CheckBox","viewName":"etm.portal.ui.managecontracts.view.Master","properties":{"editable":true},"searchOpenDialogs":true,"ancestor":{"controlType":"sap.m.StandardListItem","viewName":"etm.portal.ui.managecontracts.view.Master","properties":{"title":"partial provided"},"searchOpenDialogs":true},"interaction":{"idSuffix":"CbBg"}},"wdio_ui5_key":"etmportal.ui.managecontracts.view.Mastersap.m.CheckBox{\"editable\":true}{\"controlType\":\"sap.m.StandardListItem\",\"viewName\":\"etm.portal.ui.managecontracts.view.Master\",\"properties\":{\"title\":\"partial provided\"},\"searchOpenDialogs\":true}"}]}
COMMAND: GET /session/5fe08db6bd73095dce541d1489fc13fd/screenshot - {}
RESULT: {"script":"<script> [1562 bytes]","args":[{"selector":{"controlType":"sap.m.CheckBox","viewName":"etm.portal.ui.managecontracts.view.Master","properties":{"editable":true},"searchOpenDialogs":true,"ancestor":{"controlType":"sap.m.StandardListItem","viewName":"etm.portal.ui.managecontracts.view.Master","properties":{"title":"partial provided"},"searchOpenDialogs":true},"interaction":{"idSuffix":"CbBg"}},"wdio_ui5_key":"etmportal.ui.managecontracts.view.Mastersap.m.CheckBox{\"editable\":true}{\"controlType\":\"sap.m.StandardListItem\",\"viewName\":\"etm.portal.ui.managecontracts.view.Master\",\"properties\":{\"title\":\"partial provided\"},\"searchOpenDialogs\":true}"}]}
RESULT: undefined
COMMAND: POST /session/5fe08db6bd73095dce541d1489fc13fd/element - {"using":"xpath","value":"//*[@id=\"__item866-selectMulti\"]"}
RESULT: {}
RESULT: {"using":"xpath","value":"//*[@id=\"__item866-selectMulti\"]"}
COMMAND: POST /session/5fe08db6bd73095dce541d1489fc13fd/element/f.084301A5A664EC2A1657BC720E998331.d.3420ED92B3793A0F800C801FDBBDC7C1.e.7938/click - {}
RESULT: {}
COMMAND: GET /session/5fe08db6bd73095dce541d1489fc13fd/screenshot - {}
RESULT: {}
COMMAND: POST /session/5fe08db6bd73095dce541d1489fc13fd/element - {"using":"xpath","value":"(//span[contains(@title ,\"Navigation\")])[2]"}
RESULT: {"using":"xpath","value":"(//span[contains(@title ,\"Navigation\")])[2]"}
COMMAND: POST /session/5fe08db6bd73095dce541d1489fc13fd/element/f.084301A5A664EC2A1657BC720E998331.d.3420ED92B3793A0F800C801FDBBDC7C1.e.7966/click - {}
RESULT: {}
COMMAND: GET /session/5fe08db6bd73095dce541d1489fc13fd/screenshot - {}
RESULT: {}
COMMAND: POST /session/5fe08db6bd73095dce541d1489fc13fd/element - {"using":"xpath","value":"//bdi[contains(@id ,\"closeContractBtn-BDI-content\")]"}
RESULT: {"using":"xpath","value":"//bdi[contains(@id ,\"closeContractBtn-BDI-content\")]"}
COMMAND: POST /session/5fe08db6bd73095dce541d1489fc13fd/execute/sync - {"script":"<script> [8489 bytes]","args":[{"element-6066-11e4-a52e-4f735466cecf":"f.084301A5A664EC2A1657BC720E998331.d.3420ED92B3793A0F800C801FDBBDC7C1.e.8145","ELEMENT":"f.084301A5A664EC2A1657BC720E998331.d.3420ED92B3793A0F800C801FDBBDC7C1.e.8145"}]}
RESULT: undefined
COMMAND: POST /session/5fe08db6bd73095dce541d1489fc13fd/element - {"using":"xpath","value":"//*[@id=\"__xmlview64--closeColumnBtn-img\"]"}
RESULT: {"script":"<script> [8489 bytes]","args":[{"element-6066-11e4-a52e-4f735466cecf":"f.084301A5A664EC2A1657BC720E998331.d.3420ED92B3793A0F800C801FDBBDC7C1.e.8145","ELEMENT":"f.084301A5A664EC2A1657BC720E998331.d.3420ED92B3793A0F800C801FDBBDC7C1.e.8145"}]}
COMMAND: GET /session/5fe08db6bd73095dce541d1489fc13fd/screenshot - {}
RESULT: {"using":"xpath","value":"//*[@id=\"__xmlview64--closeColumnBtn-img\"]"}
COMMAND: POST /session/5fe08db6bd73095dce541d1489fc13fd/element/f.084301A5A664EC2A1657BC720E998331.d.3420ED92B3793A0F800C801FDBBDC7C1.e.7864/click - {}
RESULT: {}
COMMAND: POST /session/5fe08db6bd73095dce541d1489fc13fd/execute/sync - {"script":"<script> [8489 bytes]","args":[{"element-6066-11e4-a52e-4f735466cecf":"f.084301A5A664EC2A1657BC720E998331.d.3420ED92B3793A0F800C801FDBBDC7C1.e.8145","ELEMENT":"f.084301A5A664EC2A1657BC720E998331.d.3420ED92B3793A0F800C801FDBBDC7C1.e.8145"}]}
RESULT: {}
COMMAND: GET /session/5fe08db6bd73095dce541d1489fc13fd/screenshot - {}
RESULT: {"script":"<script> [8489 bytes]","args":[{"element-6066-11e4-a52e-4f735466cecf":"f.084301A5A664EC2A1657BC720E998331.d.3420ED92B3793A0F800C801FDBBDC7C1.e.8145","ELEMENT":"f.084301A5A664EC2A1657BC720E998331.d.3420ED92B3793A0F800C801FDBBDC7C1.e.8145"}]}
COMMAND: GET /session/5fe08db6bd73095dce541d1489fc13fd/screenshot - {}
COMMAND: POST /session/5fe08db6bd73095dce541d1489fc13fd/execute/sync - {"script":"<script> [8489 bytes]","args":[{"element-6066-11e4-a52e-4f735466cecf":"f.084301A5A664EC2A1657BC720E998331.d.3420ED92B3793A0F800C801FDBBDC7C1.e.8145","ELEMENT":"f.084301A5A664EC2A1657BC720E998331.d.3420ED92B3793A0F800C801FDBBDC7C1.e.8145"}]}
COMMAND: POST /session/5fe08db6bd73095dce541d1489fc13fd/refresh - {}
RESULT: {}
RESULT: {}
RESULT: {"script":"<script> [8489 bytes]","args":[{"element-6066-11e4-a52e-4f735466cecf":"f.084301A5A664EC2A1657BC720E998331.d.3420ED92B3793A0F800C801FDBBDC7C1.e.8145","ELEMENT":"f.084301A5A664EC2A1657BC720E998331.d.3420ED92B3793A0F800C801FDBBDC7C1.e.8145"}]}
COMMAND: GET /session/5fe08db6bd73095dce541d1489fc13fd/screenshot - {}
RESULT: {}
COMMAND: GET /session/5fe08db6bd73095dce541d1489fc13fd/screenshot - {}
RESULT: {}
RESULT: {}
COMMAND: POST /session/5fe08db6bd73095dce541d1489fc13fd/execute/async - {"script":"<script> [189 bytes]","args":[]}
RESULT: {"script":"<script> [189 bytes]","args":[]}
COMMAND: POST /session/5fe08db6bd73095dce541d1489fc13fd/execute/async - {"script":"<script> [123 bytes]","args":[]}
RESULT: {"script":"<script> [123 bytes]","args":[]}
COMMAND: POST /session/5fe08db6bd73095dce541d1489fc13fd/timeouts - {"script":"<number>"}
RESULT: {"script":"<number>"}
COMMAND: GET /session/5fe08db6bd73095dce541d1489fc13fd/timeouts - {}
RESULT: {}
RESULT: undefined
COMMAND: POST /session/5fe08db6bd73095dce541d1489fc13fd/execute/async - {"script":"<script> [2676 bytes]","args":[]}
RESULT: {"script":"<script> [2676 bytes]","args":[]}
COMMAND: POST /session/5fe08db6bd73095dce541d1489fc13fd/execute/async - {"script":"<script> [2342 bytes]","args":[{"protocol":"http","hostname":"0.0.0.0","path":"/","capabilities":{"browserName":"chrome","goog:chromeOptions":{"binary":"C:\\Program Files\\Google\\Chrome\\Application\\chrome.exe","args":["--start-maximized"]}},"logLevel":"warn","connectionRetryTimeout":120000,"connectionRetryCount":3,"logLevels":{},"enableDirectConnect":true,"strictSSL":true,"_":"65 more keys: [\"cacheDir\",\"port\",\"requestedCapabilities\",\"automationProtocol\",\"baseUrl\",\"waitforInterval\",\"waitforTimeout\",\"onReload\",\"beforeCommand\",\"afterCommand\",\"rootDir\",\"specs\",\"suites\",\"exclude\",\"groupLogsByTestSpec\",\"excludeDriverLogs\",\"bail\",\"framework\",\"reporters\",\"services\",\"maxInstances\",\"maxInstancesPerCapability\",\"injectGlobals\",\"filesToWatch\",\"execArgv\",\"runnerEnv\",\"runner\",\"shard\",\"specFileRetries\",\"specFileRetriesDelay\",\"specFileRetriesDeferred\",\"reporterSyncInterval\",\"reporterSyncTimeout\",\"cucumberFeaturesWithLineNumbers\",\"autoCompileOpts\",\"mochaOpts\",\"jasmineOpts\",\"cucumberOpts\",\"onPrepare\",\"onWorkerStart\",\"onWorkerEnd\",\"before\",\"beforeSession\",\"beforeSuite\",\"beforeHook\",\"beforeTest\",\"afterTest\",\"afterHook\",\"afterSuite\",\"afterSession\",\"after\",\"onComplete\",\"beforeAssertion\",\"afterAssertion\",\"beforeFeature\",\"beforeScenario\",\"beforeStep\",\"afterStep\",\"afterScenario\",\"afterFeature\",\"_\",\"suite\",\"$0\",\"ignoredWorkerServices\",\"wdi5\"]"}]}
RESULT: {"script":"<script> [2342 bytes]","args":[{"protocol":"http","hostname":"0.0.0.0","path":"/","capabilities":{"browserName":"chrome","goog:chromeOptions":{"binary":"C:\\Program Files\\Google\\Chrome\\Application\\chrome.exe","args":["--start-maximized"]}},"logLevel":"warn","connectionRetryTimeout":120000,"connectionRetryCount":3,"logLevels":{},"enableDirectConnect":true,"strictSSL":true,"_":"65 more keys: [\"cacheDir\",\"port\",\"requestedCapabilities\",\"automationProtocol\",\"baseUrl\",\"waitforInterval\",\"waitforTimeout\",\"onReload\",\"beforeCommand\",\"afterCommand\",\"rootDir\",\"specs\",\"suites\",\"exclude\",\"groupLogsByTestSpec\",\"excludeDriverLogs\",\"bail\",\"framework\",\"reporters\",\"services\",\"maxInstances\",\"maxInstancesPerCapability\",\"injectGlobals\",\"filesToWatch\",\"execArgv\",\"runnerEnv\",\"runner\",\"shard\",\"specFileRetries\",\"specFileRetriesDelay\",\"specFileRetriesDeferred\",\"reporterSyncInterval\",\"reporterSyncTimeout\",\"cucumberFeaturesWithLineNumbers\",\"autoCompileOpts\",\"mochaOpts\",\"jasmineOpts\",\"cucumberOpts\",\"onPrepare\",\"onWorkerStart\",\"onWorkerEnd\",\"before\",\"beforeSession\",\"beforeSuite\",\"beforeHook\",\"beforeTest\",\"afterTest\",\"afterHook\",\"afterSuite\",\"afterSession\",\"after\",\"onComplete\",\"beforeAssertion\",\"afterAssertion\",\"beforeFeature\",\"beforeScenario\",\"beforeStep\",\"afterStep\",\"afterScenario\",\"afterFeature\",\"_\",\"suite\",\"$0\",\"ignoredWorkerServices\",\"wdi5\"]"}]}
COMMAND: POST /session/5fe08db6bd73095dce541d1489fc13fd/execute/async - {"script":"<script> [21126 bytes]","args":[35000]}
RESULT: {"script":"<script> [21126 bytes]","args":[35000]}
COMMAND: POST /session/5fe08db6bd73095dce541d1489fc13fd/execute/async - {"script":"<script> [1562 bytes]","args":[{"selector":{"controlType":"sap.ui.core.Icon","viewName":"etm.portal.ui.managecontracts.view.Master","properties":{"src":{"regex":{"source":"slim\\-arrow\\-down"}}},"ancestor":{"id":"smartContractStatusFilter","viewName":"etm.portal.ui.managecontracts.view.Master"}},"wdio_ui5_key":"etmportal.ui.managecontracts.view.Mastersap.ui.core.Icon{\"src\":{\"regex\":{\"source\":\"slim\\\\-arrow\\\\-down\"}}}{\"id\":\"smartContractStatusFilter\",\"viewName\":\"etm.portal.ui.managecontracts.view.Master\"}"}]}
RESULT: {"script":"<script> [1562 bytes]","args":[{"selector":{"controlType":"sap.ui.core.Icon","viewName":"etm.portal.ui.managecontracts.view.Master","properties":{"src":{"regex":{"source":"slim\\-arrow\\-down"}}},"ancestor":{"id":"smartContractStatusFilter","viewName":"etm.portal.ui.managecontracts.view.Master"}},"wdio_ui5_key":"etmportal.ui.managecontracts.view.Mastersap.ui.core.Icon{\"src\":{\"regex\":{\"source\":\"slim\\\\-arrow\\\\-down\"}}}{\"id\":\"smartContractStatusFilter\",\"viewName\":\"etm.portal.ui.managecontracts.view.Master\"}"}]}
RESULT: undefined
COMMAND: POST /session/5fe08db6bd73095dce541d1489fc13fd/element - {"using":"xpath","value":"//*[@id=\"__xmlview0--smartContractStatusFilter-arrow\"]"}
RESULT: {"using":"xpath","value":"//*[@id=\"__xmlview0--smartContractStatusFilter-arrow\"]"}
COMMAND: POST /session/5fe08db6bd73095dce541d1489fc13fd/element/f.084301A5A664EC2A1657BC720E998331.d.62404FCB92589539369F7F7F737F07BF.e.8410/click - {}
RESULT: {}
COMMAND: GET /session/5fe08db6bd73095dce541d1489fc13fd/screenshot - {}
RESULT: {}
COMMAND: POST /session/5fe08db6bd73095dce541d1489fc13fd/execute/async - {"script":"<script> [1562 bytes]","args":[{"selector":{"controlType":"sap.m.CheckBox","viewName":"etm.portal.ui.managecontracts.view.Master","properties":{"editable":true},"searchOpenDialogs":true,"ancestor":{"controlType":"sap.m.StandardListItem","viewName":"etm.portal.ui.managecontracts.view.Master","properties":{"title":"partial billed"},"searchOpenDialogs":true},"interaction":{"idSuffix":"CbBg"}},"wdio_ui5_key":"etmportal.ui.managecontracts.view.Mastersap.m.CheckBox{\"editable\":true}{\"controlType\":\"sap.m.StandardListItem\",\"viewName\":\"etm.portal.ui.managecontracts.view.Master\",\"properties\":{\"title\":\"partial billed\"},\"searchOpenDialogs\":true}"}]}
RESULT: {"script":"<script> [1562 bytes]","args":[{"selector":{"controlType":"sap.m.CheckBox","viewName":"etm.portal.ui.managecontracts.view.Master","properties":{"editable":true},"searchOpenDialogs":true,"ancestor":{"controlType":"sap.m.StandardListItem","viewName":"etm.portal.ui.managecontracts.view.Master","properties":{"title":"partial billed"},"searchOpenDialogs":true},"interaction":{"idSuffix":"CbBg"}},"wdio_ui5_key":"etmportal.ui.managecontracts.view.Mastersap.m.CheckBox{\"editable\":true}{\"controlType\":\"sap.m.StandardListItem\",\"viewName\":\"etm.portal.ui.managecontracts.view.Master\",\"properties\":{\"title\":\"partial billed\"},\"searchOpenDialogs\":true}"}]}
RESULT: undefined
COMMAND: POST /session/5fe08db6bd73095dce541d1489fc13fd/element - {"using":"xpath","value":"//*[@id=\"__item41-selectMulti\"]"}
RESULT: {"using":"xpath","value":"//*[@id=\"__item41-selectMulti\"]"}
COMMAND: POST /session/5fe08db6bd73095dce541d1489fc13fd/element/f.084301A5A664EC2A1657BC720E998331.d.62404FCB92589539369F7F7F737F07BF.e.8419/click - {}
RESULT: {}
COMMAND: GET /session/5fe08db6bd73095dce541d1489fc13fd/screenshot - {}
RESULT: {}
COMMAND: POST /session/5fe08db6bd73095dce541d1489fc13fd/element - {"using":"xpath","value":"(//span[contains(@title ,\"Navigation\")])[2]"}
RESULT: {"using":"xpath","value":"(//span[contains(@title ,\"Navigation\")])[2]"}
COMMAND: POST /session/5fe08db6bd73095dce541d1489fc13fd/element/f.084301A5A664EC2A1657BC720E998331.d.62404FCB92589539369F7F7F737F07BF.e.8443/click - {}
RESULT: {}
COMMAND: GET /session/5fe08db6bd73095dce541d1489fc13fd/screenshot - {}
RESULT: {}
COMMAND: POST /session/5fe08db6bd73095dce541d1489fc13fd/execute/sync - {"script":"<script> [8489 bytes]","args":[{"element-6066-11e4-a52e-4f735466cecf":"f.084301A5A664EC2A1657BC720E998331.d.3420ED92B3793A0F800C801FDBBDC7C1.e.8145","ELEMENT":"f.084301A5A664EC2A1657BC720E998331.d.3420ED92B3793A0F800C801FDBBDC7C1.e.8145"}]}
COMMAND: POST /session/5fe08db6bd73095dce541d1489fc13fd/element - {"using":"css selector","value":"#shell-header-logo"}
COMMAND: POST /session/5fe08db6bd73095dce541d1489fc13fd/element - {"using":"xpath","value":"//bdi[contains(@id ,\"closeContractBtn-BDI-content\")]"}
RESULT: {"using":"css selector","value":"#shell-header-logo"}
COMMAND: POST /session/5fe08db6bd73095dce541d1489fc13fd/element/f.084301A5A664EC2A1657BC720E998331.d.62404FCB92589539369F7F7F737F07BF.e.8337/click - {}
RESULT: {"using":"xpath","value":"//bdi[contains(@id ,\"closeContractBtn-BDI-content\")]"}
COMMAND: POST /session/5fe08db6bd73095dce541d1489fc13fd/element - {"using":"xpath","value":"//bdi[contains(@id ,\"closeContractBtn-BDI-content\")]"}
RESULT: {}
COMMAND: GET /session/5fe08db6bd73095dce541d1489fc13fd/screenshot - {}
RESULT: {"using":"xpath","value":"//bdi[contains(@id ,\"closeContractBtn-BDI-content\")]"}
RESULT: {}
]]></system-out>
    </testcase>
  </testsuite>
  <testsuite timestamp="2025-05-14T06:23:56" time="48.815" tests="1" failures="0" errors="0" skipped="0">
    <properties>
      <property name="specId" value="0" />
      <property name="suiteName" value="Standard contract decline US151279" />
      <property name="capabilities" value="chrome.136_0_7103_49.windows" />
      <property name="file" value="file:///D:/a/1/s/test/specs/R2C/standard-contract-decline.spec.js" />
    </properties>
    <testcase classname="chrome.136_0_7103_49.windows.Standard_contract_decline_US151279" name="Should decline a contract" time="45.587">
      <system-out><![CDATA[
COMMAND: POST /session/5fe08db6bd73095dce541d1489fc13fd/execute/async - {"script":"<script> [1562 bytes]","args":[{"selector":{"controlType":"sap.m.GenericTile","properties":{"header":"Manage Contracts"}},"wdio_ui5_key":"sapm.GenericTile{\"header\":\"Manage Contracts\"}"}]}
RESULT: {"script":"<script> [1562 bytes]","args":[{"selector":{"controlType":"sap.m.GenericTile","properties":{"header":"Manage Contracts"}},"wdio_ui5_key":"sapm.GenericTile{\"header\":\"Manage Contracts\"}"}]}
RESULT: undefined
COMMAND: POST /session/5fe08db6bd73095dce541d1489fc13fd/element - {"using":"xpath","value":"//*[@id=\"__tile131\"]"}
RESULT: {"using":"xpath","value":"//*[@id=\"__tile131\"]"}
COMMAND: POST /session/5fe08db6bd73095dce541d1489fc13fd/element/f.084301A5A664EC2A1657BC720E998331.d.62404FCB92589539369F7F7F737F07BF.e.8725/click - {}
RESULT: {}
COMMAND: GET /session/5fe08db6bd73095dce541d1489fc13fd/screenshot - {}
RESULT: {}
COMMAND: POST /session/5fe08db6bd73095dce541d1489fc13fd/element - {"using":"xpath","value":"//input[contains(@id ,\"smartContractFilterBar-btnBasicSearch-I\")]"}
RESULT: {"using":"xpath","value":"//input[contains(@id ,\"smartContractFilterBar-btnBasicSearch-I\")]"}
COMMAND: POST /session/5fe08db6bd73095dce541d1489fc13fd/element/f.084301A5A664EC2A1657BC720E998331.d.62404FCB92589539369F7F7F737F07BF.e.8736/clear - {}
RESULT: {}
COMMAND: POST /session/5fe08db6bd73095dce541d1489fc13fd/element/f.084301A5A664EC2A1657BC720E998331.d.62404FCB92589539369F7F7F737F07BF.e.8736/value - {"text":"10154"}
COMMAND: GET /session/5fe08db6bd73095dce541d1489fc13fd/screenshot - {}
RESULT: {"text":"10154"}
COMMAND: POST /session/5fe08db6bd73095dce541d1489fc13fd/actions - {"actions":[{"id":"action43","type":"key","parameters":{},"actions":[{"type":"keyDown","value":"î€‡"},{"type":"pause","duration":10},{"type":"keyUp","value":"î€‡"}]}]}
COMMAND: GET /session/5fe08db6bd73095dce541d1489fc13fd/screenshot - {}
COMMAND: POST /session/5fe08db6bd73095dce541d1489fc13fd/elements - {"using":"xpath","value":"//span[text()='Error']"}
RESULT: {}
RESULT: {"actions":[{"id":"action43","type":"key","parameters":{},"actions":[{"type":"keyDown","value":"î€‡"},{"type":"pause","duration":10},{"type":"keyUp","value":"î€‡"}]}]}
COMMAND: GET /session/5fe08db6bd73095dce541d1489fc13fd/screenshot - {}
RESULT: {}
RESULT: {"using":"xpath","value":"//span[text()='Error']"}
RESULT: {}
COMMAND: POST /session/5fe08db6bd73095dce541d1489fc13fd/execute/async - {"script":"<script> [1562 bytes]","args":[{"selector":{"controlType":"sap.ui.core.Icon","viewName":"etm.portal.ui.managecontracts.view.Master","properties":{"src":{"regex":{"source":"slim\\-arrow\\-right"}}}},"wdio_ui5_key":"etmportal.ui.managecontracts.view.Mastersap.ui.core.Icon{\"src\":{\"regex\":{\"source\":\"slim\\\\-arrow\\\\-right\"}}}"}]}
RESULT: {"script":"<script> [1562 bytes]","args":[{"selector":{"controlType":"sap.ui.core.Icon","viewName":"etm.portal.ui.managecontracts.view.Master","properties":{"src":{"regex":{"source":"slim\\-arrow\\-right"}}}},"wdio_ui5_key":"etmportal.ui.managecontracts.view.Mastersap.ui.core.Icon{\"src\":{\"regex\":{\"source\":\"slim\\\\-arrow\\\\-right\"}}}"}]}
RESULT: undefined
COMMAND: POST /session/5fe08db6bd73095dce541d1489fc13fd/element - {"using":"xpath","value":"//*[@id=\"__item77-__clone199-imgNav\"]"}
RESULT: {"using":"xpath","value":"//*[@id=\"__item77-__clone199-imgNav\"]"}
COMMAND: POST /session/5fe08db6bd73095dce541d1489fc13fd/element/f.084301A5A664EC2A1657BC720E998331.d.62404FCB92589539369F7F7F737F07BF.e.8827/click - {}
RESULT: {}
COMMAND: GET /session/5fe08db6bd73095dce541d1489fc13fd/screenshot - {}
RESULT: {}
COMMAND: POST /session/5fe08db6bd73095dce541d1489fc13fd/execute/async - {"script":"<script> [1562 bytes]","args":[{"selector":{"id":"cancelContractBtn","viewName":"etm.portal.ui.managecontracts.view.Detail","interaction":{"idSuffix":"BDI-content"}},"wdio_ui5_key":"cancelContractBtnetmportal.ui.managecontracts.view.Detail"}]}
RESULT: {"script":"<script> [1562 bytes]","args":[{"selector":{"id":"cancelContractBtn","viewName":"etm.portal.ui.managecontracts.view.Detail","interaction":{"idSuffix":"BDI-content"}},"wdio_ui5_key":"cancelContractBtnetmportal.ui.managecontracts.view.Detail"}]}
RESULT: undefined
COMMAND: POST /session/5fe08db6bd73095dce541d1489fc13fd/element - {"using":"xpath","value":"//*[@id=\"__xmlview61--cancelContractBtn\"]"}
RESULT: {"using":"xpath","value":"//*[@id=\"__xmlview61--cancelContractBtn\"]"}
COMMAND: POST /session/5fe08db6bd73095dce541d1489fc13fd/element/f.084301A5A664EC2A1657BC720E998331.d.62404FCB92589539369F7F7F737F07BF.e.8946/click - {}
RESULT: {}
COMMAND: GET /session/5fe08db6bd73095dce541d1489fc13fd/screenshot - {}
RESULT: {}
COMMAND: POST /session/5fe08db6bd73095dce541d1489fc13fd/execute/async - {"script":"<script> [1562 bytes]","args":[{"selector":{"controlType":"sap.m.Text","properties":{"text":"Do you want to cancel the whole contract?"},"searchOpenDialogs":true},"wdio_ui5_key":"sapm.Text{\"text\":\"Do you want to cancel the whole contract?\"}"}]}
RESULT: {"script":"<script> [1562 bytes]","args":[{"selector":{"controlType":"sap.m.Text","properties":{"text":"Do you want to cancel the whole contract?"},"searchOpenDialogs":true},"wdio_ui5_key":"sapm.Text{\"text\":\"Do you want to cancel the whole contract?\"}"}]}
RESULT: undefined
COMMAND: POST /session/5fe08db6bd73095dce541d1489fc13fd/execute/async - {"script":"<script> [6424 bytes]","args":[{"element-6066-11e4-a52e-4f735466cecf":"f.084301A5A664EC2A1657BC720E998331.d.62404FCB92589539369F7F7F737F07BF.e.8993"},"getText",[]]}
RESULT: {"script":"<script> [6424 bytes]","args":[{"element-6066-11e4-a52e-4f735466cecf":"f.084301A5A664EC2A1657BC720E998331.d.62404FCB92589539369F7F7F737F07BF.e.8993"},"getText",[]]}
COMMAND: POST /session/5fe08db6bd73095dce541d1489fc13fd/element - {"using":"xpath","value":"//bdi[contains(text(), \"OK\")]"}
RESULT: {"using":"xpath","value":"//bdi[contains(text(), \"OK\")]"}
COMMAND: POST /session/5fe08db6bd73095dce541d1489fc13fd/element/f.084301A5A664EC2A1657BC720E998331.d.62404FCB92589539369F7F7F737F07BF.e.8994/click - {}
RESULT: {}
COMMAND: GET /session/5fe08db6bd73095dce541d1489fc13fd/screenshot - {}
RESULT: {}
COMMAND: POST /session/5fe08db6bd73095dce541d1489fc13fd/element - {"using":"xpath","value":"//input[contains(@id ,\"smartContractFilterBar-btnBasicSearch-I\")]"}
RESULT: {"using":"xpath","value":"//input[contains(@id ,\"smartContractFilterBar-btnBasicSearch-I\")]"}
COMMAND: POST /session/5fe08db6bd73095dce541d1489fc13fd/element/f.084301A5A664EC2A1657BC720E998331.d.62404FCB92589539369F7F7F737F07BF.e.8736/clear - {}
RESULT: {}
COMMAND: POST /session/5fe08db6bd73095dce541d1489fc13fd/element/f.084301A5A664EC2A1657BC720E998331.d.62404FCB92589539369F7F7F737F07BF.e.8736/value - {"text":"10154"}
COMMAND: GET /session/5fe08db6bd73095dce541d1489fc13fd/screenshot - {}
RESULT: {"text":"10154"}
COMMAND: POST /session/5fe08db6bd73095dce541d1489fc13fd/actions - {"actions":[{"id":"action44","type":"key","parameters":{},"actions":[{"type":"keyDown","value":"î€‡"},{"type":"pause","duration":10},{"type":"keyUp","value":"î€‡"}]}]}
COMMAND: GET /session/5fe08db6bd73095dce541d1489fc13fd/screenshot - {}
RESULT: {}
RESULT: {"actions":[{"id":"action44","type":"key","parameters":{},"actions":[{"type":"keyDown","value":"î€‡"},{"type":"pause","duration":10},{"type":"keyUp","value":"î€‡"}]}]}
COMMAND: GET /session/5fe08db6bd73095dce541d1489fc13fd/screenshot - {}
RESULT: {}
RESULT: {}
COMMAND: POST /session/5fe08db6bd73095dce541d1489fc13fd/execute/async - {"script":"<script> [1562 bytes]","args":[{"selector":{"controlType":"sap.m.ObjectStatus","viewName":"etm.portal.ui.managecontracts.view.Master","bindingPath":{"path":"/SmartContractHeaders('10154')","propertyPath":"STATUS_DESCRIPTION"}},"wdio_ui5_key":"etmportal.ui.managecontracts.view.Mastersap.m.ObjectStatus{\"path\":\"/SmartContractHeaders('10154')\",\"propertyPath\":\"STATUS_DESCRIPTION\"}"}]}
RESULT: {"script":"<script> [1562 bytes]","args":[{"selector":{"controlType":"sap.m.ObjectStatus","viewName":"etm.portal.ui.managecontracts.view.Master","bindingPath":{"path":"/SmartContractHeaders('10154')","propertyPath":"STATUS_DESCRIPTION"}},"wdio_ui5_key":"etmportal.ui.managecontracts.view.Mastersap.m.ObjectStatus{\"path\":\"/SmartContractHeaders('10154')\",\"propertyPath\":\"STATUS_DESCRIPTION\"}"}]}
RESULT: undefined
COMMAND: POST /session/5fe08db6bd73095dce541d1489fc13fd/execute/async - {"script":"<script> [6424 bytes]","args":[{"element-6066-11e4-a52e-4f735466cecf":"f.084301A5A664EC2A1657BC720E998331.d.62404FCB92589539369F7F7F737F07BF.e.9051"},"getText",[]]}
RESULT: {"script":"<script> [6424 bytes]","args":[{"element-6066-11e4-a52e-4f735466cecf":"f.084301A5A664EC2A1657BC720E998331.d.62404FCB92589539369F7F7F737F07BF.e.9051"},"getText",[]]}
RESULT: undefined
COMMAND: POST /session/5fe08db6bd73095dce541d1489fc13fd/element - {"using":"xpath","value":"//*[@id=\"__item77-__clone199-imgNav\"]"}
RESULT: {"using":"xpath","value":"//*[@id=\"__item77-__clone199-imgNav\"]"}
COMMAND: POST /session/5fe08db6bd73095dce541d1489fc13fd/element/f.084301A5A664EC2A1657BC720E998331.d.62404FCB92589539369F7F7F737F07BF.e.8827/click - {}
RESULT: {}
COMMAND: GET /session/5fe08db6bd73095dce541d1489fc13fd/screenshot - {}
RESULT: {}
COMMAND: POST /session/5fe08db6bd73095dce541d1489fc13fd/execute/async - {"script":"<script> [1562 bytes]","args":[{"selector":{"controlType":"sap.m.ObjectStatus","viewName":"etm.portal.ui.managecontracts.view.Detail","bindingPath":{"path":"/SmartContractItems(CONTRACT='10154',ITEM=10m,SUB_ITEM=0m)","propertyPath":"STATUS"}},"wdio_ui5_key":"etmportal.ui.managecontracts.view.Detailsap.m.ObjectStatus{\"path\":\"/SmartContractItems(CONTRACT='10154',ITEM=10m,SUB_ITEM=0m)\",\"propertyPath\":\"STATUS\"}"}]}
RESULT: {"script":"<script> [1562 bytes]","args":[{"selector":{"controlType":"sap.m.ObjectStatus","viewName":"etm.portal.ui.managecontracts.view.Detail","bindingPath":{"path":"/SmartContractItems(CONTRACT='10154',ITEM=10m,SUB_ITEM=0m)","propertyPath":"STATUS"}},"wdio_ui5_key":"etmportal.ui.managecontracts.view.Detailsap.m.ObjectStatus{\"path\":\"/SmartContractItems(CONTRACT='10154',ITEM=10m,SUB_ITEM=0m)\",\"propertyPath\":\"STATUS\"}"}]}
RESULT: undefined
COMMAND: POST /session/5fe08db6bd73095dce541d1489fc13fd/execute/async - {"script":"<script> [6424 bytes]","args":[{"element-6066-11e4-a52e-4f735466cecf":"f.084301A5A664EC2A1657BC720E998331.d.62404FCB92589539369F7F7F737F07BF.e.9074"},"getText",[]]}
RESULT: {"script":"<script> [6424 bytes]","args":[{"element-6066-11e4-a52e-4f735466cecf":"f.084301A5A664EC2A1657BC720E998331.d.62404FCB92589539369F7F7F737F07BF.e.9074"},"getText",[]]}
COMMAND: POST /session/5fe08db6bd73095dce541d1489fc13fd/element - {"using":"css selector","value":"#shell-header-logo"}
RESULT: {"using":"css selector","value":"#shell-header-logo"}
COMMAND: POST /session/5fe08db6bd73095dce541d1489fc13fd/element/f.084301A5A664EC2A1657BC720E998331.d.62404FCB92589539369F7F7F737F07BF.e.8727/click - {}
RESULT: {}
COMMAND: GET /session/5fe08db6bd73095dce541d1489fc13fd/screenshot - {}
RESULT: {}
]]></system-out>
    </testcase>
  </testsuite>
  <testsuite timestamp="2025-05-14T06:24:45" time="169.361" tests="2" failures="0" errors="0" skipped="0">
    <properties>
      <property name="specId" value="0" />
      <property name="suiteName" value="Insert service into a contract US152956" />
      <property name="capabilities" value="chrome.136_0_7103_49.windows" />
      <property name="file" value="file:///D:/a/1/s/test/specs/R2C/insert-service-into-a-contract.spec.js" />
    </properties>
    <testcase classname="chrome.136_0_7103_49.windows.Insert_service_into_a_contract_US152956" name="Should create a new contract" time="89.084">
      <system-out><![CDATA[
RESULT: undefined
COMMAND: POST /session/5fe08db6bd73095dce541d1489fc13fd/element - {"using":"xpath","value":"//*[@id=\"__tile131\"]"}
RESULT: {"using":"xpath","value":"//*[@id=\"__tile131\"]"}
COMMAND: POST /session/5fe08db6bd73095dce541d1489fc13fd/element/f.084301A5A664EC2A1657BC720E998331.d.62404FCB92589539369F7F7F737F07BF.e.8725/click - {}
RESULT: {}
COMMAND: GET /session/5fe08db6bd73095dce541d1489fc13fd/screenshot - {}
RESULT: {}
COMMAND: POST /session/5fe08db6bd73095dce541d1489fc13fd/elements - {"using":"xpath","value":"//span[text()='Error']"}
RESULT: {"using":"xpath","value":"//span[text()='Error']"}
COMMAND: POST /session/5fe08db6bd73095dce541d1489fc13fd/element - {"using":"xpath","value":"//button[@data-kt=\"addButton\"]"}
RESULT: {"using":"xpath","value":"//button[@data-kt=\"addButton\"]"}
COMMAND: POST /session/5fe08db6bd73095dce541d1489fc13fd/element/f.084301A5A664EC2A1657BC720E998331.d.62404FCB92589539369F7F7F737F07BF.e.9127/click - {}
RESULT: {}
COMMAND: GET /session/5fe08db6bd73095dce541d1489fc13fd/screenshot - {}
RESULT: {}
COMMAND: POST /session/5fe08db6bd73095dce541d1489fc13fd/execute/async - {"script":"<script> [1562 bytes]","args":[{"selector":{"id":"application-managecontracts-display-component---AddNewContract--projectDescription","interaction":{"idSuffix":"inner"}},"wdio_ui5_key":"applicationmanagecontracts-display-component---AddNewContract--projectDescription"}]}
RESULT: {"script":"<script> [1562 bytes]","args":[{"selector":{"id":"application-managecontracts-display-component---AddNewContract--projectDescription","interaction":{"idSuffix":"inner"}},"wdio_ui5_key":"applicationmanagecontracts-display-component---AddNewContract--projectDescription"}]}
RESULT: undefined
COMMAND: POST /session/5fe08db6bd73095dce541d1489fc13fd/execute/async - {"script":"<script> [776 bytes]","args":[{"enterText":"WdIOR2cuq666","selector":{"id":"application-managecontracts-display-component---AddNewContract--projectDescription","interaction":{"idSuffix":"inner"}},"clearTextFirst":true,"interactionType":"ENTER_TEXT"}]}
RESULT: {"script":"<script> [776 bytes]","args":[{"enterText":"WdIOR2cuq666","selector":{"id":"application-managecontracts-display-component---AddNewContract--projectDescription","interaction":{"idSuffix":"inner"}},"clearTextFirst":true,"interactionType":"ENTER_TEXT"}]}
COMMAND: POST /session/5fe08db6bd73095dce541d1489fc13fd/element - {"using":"xpath","value":"//input[@id=\"application-managecontracts-display-component---AddNewContract--yardId-inner\"]"}
RESULT: {"using":"xpath","value":"//input[@id=\"application-managecontracts-display-component---AddNewContract--yardId-inner\"]"}
COMMAND: POST /session/5fe08db6bd73095dce541d1489fc13fd/element/f.084301A5A664EC2A1657BC720E998331.d.62404FCB92589539369F7F7F737F07BF.e.9426/clear - {}
RESULT: {}
COMMAND: POST /session/5fe08db6bd73095dce541d1489fc13fd/element/f.084301A5A664EC2A1657BC720E998331.d.62404FCB92589539369F7F7F737F07BF.e.9426/value - {"text":"WebdriverYardekikt"}
COMMAND: GET /session/5fe08db6bd73095dce541d1489fc13fd/screenshot - {}
RESULT: {"text":"WebdriverYardekikt"}
COMMAND: GET /session/5fe08db6bd73095dce541d1489fc13fd/screenshot - {}
RESULT: {}
RESULT: {}
COMMAND: POST /session/5fe08db6bd73095dce541d1489fc13fd/actions - {"actions":[{"id":"action45","type":"key","parameters":{},"actions":[{"type":"keyDown","value":"î€‡"},{"type":"pause","duration":10},{"type":"keyUp","value":"î€‡"}]}]}
RESULT: {"actions":[{"id":"action45","type":"key","parameters":{},"actions":[{"type":"keyDown","value":"î€‡"},{"type":"pause","duration":10},{"type":"keyUp","value":"î€‡"}]}]}
COMMAND: GET /session/5fe08db6bd73095dce541d1489fc13fd/screenshot - {}
RESULT: {}
COMMAND: POST /session/5fe08db6bd73095dce541d1489fc13fd/element - {"using":"xpath","value":"//input[@id=\"application-managecontracts-display-component---AddNewContract--customerSelect-inner\"]"}
RESULT: {"using":"xpath","value":"//input[@id=\"application-managecontracts-display-component---AddNewContract--customerSelect-inner\"]"}
COMMAND: POST /session/5fe08db6bd73095dce541d1489fc13fd/element/f.084301A5A664EC2A1657BC720E998331.d.62404FCB92589539369F7F7F737F07BF.e.9424/clear - {}
RESULT: {}
COMMAND: POST /session/5fe08db6bd73095dce541d1489fc13fd/element/f.084301A5A664EC2A1657BC720E998331.d.62404FCB92589539369F7F7F737F07BF.e.9424/value - {"text":"WebdriverPartnerw12do"}
COMMAND: GET /session/5fe08db6bd73095dce541d1489fc13fd/screenshot - {}
RESULT: {"text":"WebdriverPartnerw12do"}
COMMAND: GET /session/5fe08db6bd73095dce541d1489fc13fd/screenshot - {}
RESULT: {}
RESULT: {}
COMMAND: POST /session/5fe08db6bd73095dce541d1489fc13fd/actions - {"actions":[{"id":"action46","type":"key","parameters":{},"actions":[{"type":"keyDown","value":"î€‡"},{"type":"pause","duration":10},{"type":"keyUp","value":"î€‡"}]}]}
RESULT: {"actions":[{"id":"action46","type":"key","parameters":{},"actions":[{"type":"keyDown","value":"î€‡"},{"type":"pause","duration":10},{"type":"keyUp","value":"î€‡"}]}]}
COMMAND: GET /session/5fe08db6bd73095dce541d1489fc13fd/screenshot - {}
RESULT: {}
COMMAND: POST /session/5fe08db6bd73095dce541d1489fc13fd/element - {"using":"xpath","value":"//input[@id=\"application-managecontracts-display-component---AddNewContract--site-inner\"]"}
RESULT: {"using":"xpath","value":"//input[@id=\"application-managecontracts-display-component---AddNewContract--site-inner\"]"}
COMMAND: POST /session/5fe08db6bd73095dce541d1489fc13fd/element/f.084301A5A664EC2A1657BC720E998331.d.62404FCB92589539369F7F7F737F07BF.e.9425/clear - {}
RESULT: {}
COMMAND: POST /session/5fe08db6bd73095dce541d1489fc13fd/element/f.084301A5A664EC2A1657BC720E998331.d.62404FCB92589539369F7F7F737F07BF.e.9425/value - {"text":"WebdriverSiteeibe8"}
COMMAND: GET /session/5fe08db6bd73095dce541d1489fc13fd/screenshot - {}
RESULT: {"text":"WebdriverSiteeibe8"}
COMMAND: GET /session/5fe08db6bd73095dce541d1489fc13fd/screenshot - {}
RESULT: {}
RESULT: {}
COMMAND: POST /session/5fe08db6bd73095dce541d1489fc13fd/actions - {"actions":[{"id":"action47","type":"key","parameters":{},"actions":[{"type":"keyDown","value":"î€‡"},{"type":"pause","duration":10},{"type":"keyUp","value":"î€‡"}]}]}
RESULT: {"actions":[{"id":"action47","type":"key","parameters":{},"actions":[{"type":"keyDown","value":"î€‡"},{"type":"pause","duration":10},{"type":"keyUp","value":"î€‡"}]}]}
COMMAND: GET /session/5fe08db6bd73095dce541d1489fc13fd/screenshot - {}
RESULT: {}
COMMAND: POST /session/5fe08db6bd73095dce541d1489fc13fd/element - {"using":"xpath","value":"//button[@data-kt=\"saveButton\"]"}
RESULT: {"using":"xpath","value":"//button[@data-kt=\"saveButton\"]"}
COMMAND: POST /session/5fe08db6bd73095dce541d1489fc13fd/element/f.084301A5A664EC2A1657BC720E998331.d.62404FCB92589539369F7F7F737F07BF.e.9460/click - {}
RESULT: {}
COMMAND: GET /session/5fe08db6bd73095dce541d1489fc13fd/screenshot - {}
RESULT: {}
COMMAND: POST /session/5fe08db6bd73095dce541d1489fc13fd/execute/async - {"script":"<script> [1562 bytes]","args":[{"selector":{"id":"contractDetailTitleNoExpanded","viewName":"etm.portal.ui.managecontracts.view.Detail"},"wdio_ui5_key":"contractDetailTitleNoExpandedetmportal.ui.managecontracts.view.Detail"}]}
RESULT: {"script":"<script> [1562 bytes]","args":[{"selector":{"id":"contractDetailTitleNoExpanded","viewName":"etm.portal.ui.managecontracts.view.Detail"},"wdio_ui5_key":"contractDetailTitleNoExpandedetmportal.ui.managecontracts.view.Detail"}]}
RESULT: undefined
COMMAND: POST /session/5fe08db6bd73095dce541d1489fc13fd/execute/async - {"script":"<script> [6424 bytes]","args":[{"element-6066-11e4-a52e-4f735466cecf":"f.084301A5A664EC2A1657BC720E998331.d.62404FCB92589539369F7F7F737F07BF.e.9469"},"getText",[]]}
RESULT: {"script":"<script> [6424 bytes]","args":[{"element-6066-11e4-a52e-4f735466cecf":"f.084301A5A664EC2A1657BC720E998331.d.62404FCB92589539369F7F7F737F07BF.e.9469"},"getText",[]]}
]]></system-out>
    </testcase>
    <testcase classname="chrome.136_0_7103_49.windows.Insert_service_into_a_contract_US152956" name="Should add a service unit and a service group to the contract" time="76.444">
      <system-out><![CDATA[
COMMAND: POST /session/5fe08db6bd73095dce541d1489fc13fd/element - {"using":"xpath","value":"//button[@data-kt=\"contractDetailEditBtnButton\"]"}
RESULT: {"using":"xpath","value":"//button[@data-kt=\"contractDetailEditBtnButton\"]"}
COMMAND: POST /session/5fe08db6bd73095dce541d1489fc13fd/execute/sync - {"script":"<script> [8489 bytes]","args":[{"element-6066-11e4-a52e-4f735466cecf":"f.084301A5A664EC2A1657BC720E998331.d.62404FCB92589539369F7F7F737F07BF.e.9470","ELEMENT":"f.084301A5A664EC2A1657BC720E998331.d.62404FCB92589539369F7F7F737F07BF.e.9470"}]}
RESULT: {"script":"<script> [8489 bytes]","args":[{"element-6066-11e4-a52e-4f735466cecf":"f.084301A5A664EC2A1657BC720E998331.d.62404FCB92589539369F7F7F737F07BF.e.9470","ELEMENT":"f.084301A5A664EC2A1657BC720E998331.d.62404FCB92589539369F7F7F737F07BF.e.9470"}]}
COMMAND: POST /session/5fe08db6bd73095dce541d1489fc13fd/execute/sync - {"script":"<script> [8489 bytes]","args":[{"element-6066-11e4-a52e-4f735466cecf":"f.084301A5A664EC2A1657BC720E998331.d.62404FCB92589539369F7F7F737F07BF.e.9470","ELEMENT":"f.084301A5A664EC2A1657BC720E998331.d.62404FCB92589539369F7F7F737F07BF.e.9470"}]}
COMMAND: GET /session/5fe08db6bd73095dce541d1489fc13fd/screenshot - {}
RESULT: {"script":"<script> [8489 bytes]","args":[{"element-6066-11e4-a52e-4f735466cecf":"f.084301A5A664EC2A1657BC720E998331.d.62404FCB92589539369F7F7F737F07BF.e.9470","ELEMENT":"f.084301A5A664EC2A1657BC720E998331.d.62404FCB92589539369F7F7F737F07BF.e.9470"}]}
COMMAND: POST /session/5fe08db6bd73095dce541d1489fc13fd/execute/sync - {"script":"<script> [5351 bytes]","args":[{"element-6066-11e4-a52e-4f735466cecf":"f.084301A5A664EC2A1657BC720E998331.d.62404FCB92589539369F7F7F737F07BF.e.9470","ELEMENT":"f.084301A5A664EC2A1657BC720E998331.d.62404FCB92589539369F7F7F737F07BF.e.9470"}]}
COMMAND: GET /session/5fe08db6bd73095dce541d1489fc13fd/screenshot - {}
RESULT: {}
RESULT: {"script":"<script> [5351 bytes]","args":[{"element-6066-11e4-a52e-4f735466cecf":"f.084301A5A664EC2A1657BC720E998331.d.62404FCB92589539369F7F7F737F07BF.e.9470","ELEMENT":"f.084301A5A664EC2A1657BC720E998331.d.62404FCB92589539369F7F7F737F07BF.e.9470"}]}
COMMAND: POST /session/5fe08db6bd73095dce541d1489fc13fd/element/f.084301A5A664EC2A1657BC720E998331.d.62404FCB92589539369F7F7F737F07BF.e.9470/click - {}
COMMAND: GET /session/5fe08db6bd73095dce541d1489fc13fd/screenshot - {}
RESULT: {}
RESULT: {}
COMMAND: GET /session/5fe08db6bd73095dce541d1489fc13fd/screenshot - {}
RESULT: {}
RESULT: {}
COMMAND: POST /session/5fe08db6bd73095dce541d1489fc13fd/element - {"using":"xpath","value":"(//span[contains(text(), \"Additional Addresses\")])[2]"}
RESULT: {"using":"xpath","value":"(//span[contains(text(), \"Additional Addresses\")])[2]"}
COMMAND: POST /session/5fe08db6bd73095dce541d1489fc13fd/element/f.084301A5A664EC2A1657BC720E998331.d.62404FCB92589539369F7F7F737F07BF.e.9526/click - {}
RESULT: {}
COMMAND: GET /session/5fe08db6bd73095dce541d1489fc13fd/screenshot - {}
RESULT: {}
COMMAND: POST /session/5fe08db6bd73095dce541d1489fc13fd/element - {"using":"xpath","value":"//button[@data-kt=\"btnAddTableRowOverflowToolbarButton\"]"}
RESULT: {"using":"xpath","value":"//button[@data-kt=\"btnAddTableRowOverflowToolbarButton\"]"}
COMMAND: POST /session/5fe08db6bd73095dce541d1489fc13fd/element/f.084301A5A664EC2A1657BC720E998331.d.62404FCB92589539369F7F7F737F07BF.e.9530/click - {}
RESULT: {}
COMMAND: GET /session/5fe08db6bd73095dce541d1489fc13fd/screenshot - {}
RESULT: {}
COMMAND: POST /session/5fe08db6bd73095dce541d1489fc13fd/element - {"using":"xpath","value":"//div[(text() = 'Standard Entry' or . = 'Standard Entry')]"}
RESULT: {"using":"xpath","value":"//div[(text() = 'Standard Entry' or . = 'Standard Entry')]"}
COMMAND: POST /session/5fe08db6bd73095dce541d1489fc13fd/element/f.084301A5A664EC2A1657BC720E998331.d.62404FCB92589539369F7F7F737F07BF.e.9532/click - {}
RESULT: {}
COMMAND: POST /session/5fe08db6bd73095dce541d1489fc13fd/element - {"using":"xpath","value":"//button[@data-kt=\"btnAddTableRowOverflowToolbarButton\"]"}
COMMAND: GET /session/5fe08db6bd73095dce541d1489fc13fd/screenshot - {}
RESULT: {"using":"xpath","value":"//button[@data-kt=\"btnAddTableRowOverflowToolbarButton\"]"}
COMMAND: POST /session/5fe08db6bd73095dce541d1489fc13fd/element/f.084301A5A664EC2A1657BC720E998331.d.62404FCB92589539369F7F7F737F07BF.e.9530/click - {}
RESULT: {}
RESULT: {}
COMMAND: GET /session/5fe08db6bd73095dce541d1489fc13fd/screenshot - {}
RESULT: {}
COMMAND: POST /session/5fe08db6bd73095dce541d1489fc13fd/element - {"using":"xpath","value":"//div[(text() = 'Standard Entry' or . = 'Standard Entry')]"}
RESULT: {"using":"xpath","value":"//div[(text() = 'Standard Entry' or . = 'Standard Entry')]"}
COMMAND: POST /session/5fe08db6bd73095dce541d1489fc13fd/element/f.084301A5A664EC2A1657BC720E998331.d.62404FCB92589539369F7F7F737F07BF.e.9544/click - {}
RESULT: {}
COMMAND: POST /session/5fe08db6bd73095dce541d1489fc13fd/element - {"using":"xpath","value":"(//td[6]/div/div/input)[1]"}
COMMAND: GET /session/5fe08db6bd73095dce541d1489fc13fd/screenshot - {}
RESULT: {"using":"xpath","value":"(//td[6]/div/div/input)[1]"}
COMMAND: POST /session/5fe08db6bd73095dce541d1489fc13fd/element/f.084301A5A664EC2A1657BC720E998331.d.62404FCB92589539369F7F7F737F07BF.e.9546/click - {}
RESULT: {}
RESULT: {}
COMMAND: POST /session/5fe08db6bd73095dce541d1489fc13fd/actions - {"actions":[{"id":"action48","type":"key","parameters":{},"actions":[{"type":"keyDown","value":"î€ƒ"},{"type":"pause","duration":10},{"type":"keyUp","value":"î€ƒ"}]}]}
COMMAND: GET /session/5fe08db6bd73095dce541d1489fc13fd/screenshot - {}
RESULT: {"actions":[{"id":"action48","type":"key","parameters":{},"actions":[{"type":"keyDown","value":"î€ƒ"},{"type":"pause","duration":10},{"type":"keyUp","value":"î€ƒ"}]}]}
COMMAND: POST /session/5fe08db6bd73095dce541d1489fc13fd/element - {"using":"xpath","value":"(//td[6]/div/div/input)[1]"}
COMMAND: GET /session/5fe08db6bd73095dce541d1489fc13fd/screenshot - {}
RESULT: {}
RESULT: {}
RESULT: {"using":"xpath","value":"(//td[6]/div/div/input)[1]"}
COMMAND: POST /session/5fe08db6bd73095dce541d1489fc13fd/element/f.084301A5A664EC2A1657BC720E998331.d.62404FCB92589539369F7F7F737F07BF.e.9546/clear - {}
RESULT: {}
COMMAND: POST /session/5fe08db6bd73095dce541d1489fc13fd/element/f.084301A5A664EC2A1657BC720E998331.d.62404FCB92589539369F7F7F737F07BF.e.9546/value - {"text":"Service Unit"}
COMMAND: GET /session/5fe08db6bd73095dce541d1489fc13fd/screenshot - {}
RESULT: {"text":"Service Unit"}
COMMAND: GET /session/5fe08db6bd73095dce541d1489fc13fd/screenshot - {}
RESULT: {}
RESULT: {}
COMMAND: POST /session/5fe08db6bd73095dce541d1489fc13fd/actions - {"actions":[{"id":"action49","type":"key","parameters":{},"actions":[{"type":"keyDown","value":"î€‡"},{"type":"pause","duration":10},{"type":"keyUp","value":"î€‡"}]}]}
RESULT: {"actions":[{"id":"action49","type":"key","parameters":{},"actions":[{"type":"keyDown","value":"î€‡"},{"type":"pause","duration":10},{"type":"keyUp","value":"î€‡"}]}]}
COMMAND: GET /session/5fe08db6bd73095dce541d1489fc13fd/screenshot - {}
RESULT: {}
COMMAND: POST /session/5fe08db6bd73095dce541d1489fc13fd/actions - {"actions":[{"id":"action50","type":"key","parameters":{},"actions":[{"type":"keyDown","value":"î€‡"},{"type":"pause","duration":10},{"type":"keyUp","value":"î€‡"}]}]}
RESULT: {"actions":[{"id":"action50","type":"key","parameters":{},"actions":[{"type":"keyDown","value":"î€‡"},{"type":"pause","duration":10},{"type":"keyUp","value":"î€‡"}]}]}
COMMAND: POST /session/5fe08db6bd73095dce541d1489fc13fd/element - {"using":"xpath","value":"(//td[7]/div/div/input)[1]"}
COMMAND: GET /session/5fe08db6bd73095dce541d1489fc13fd/screenshot - {}
RESULT: {"using":"xpath","value":"(//td[7]/div/div/input)[1]"}
COMMAND: POST /session/5fe08db6bd73095dce541d1489fc13fd/element/f.084301A5A664EC2A1657BC720E998331.d.62404FCB92589539369F7F7F737F07BF.e.9562/clear - {}
RESULT: {}
RESULT: {}
COMMAND: POST /session/5fe08db6bd73095dce541d1489fc13fd/element/f.084301A5A664EC2A1657BC720E998331.d.62404FCB92589539369F7F7F737F07BF.e.9562/value - {"text":"1000001"}
COMMAND: GET /session/5fe08db6bd73095dce541d1489fc13fd/screenshot - {}
RESULT: {"text":"1000001"}
COMMAND: GET /session/5fe08db6bd73095dce541d1489fc13fd/screenshot - {}
RESULT: {}
RESULT: {}
COMMAND: POST /session/5fe08db6bd73095dce541d1489fc13fd/actions - {"actions":[{"id":"action51","type":"key","parameters":{},"actions":[{"type":"keyDown","value":"î€‡"},{"type":"pause","duration":10},{"type":"keyUp","value":"î€‡"}]}]}
RESULT: {"actions":[{"id":"action51","type":"key","parameters":{},"actions":[{"type":"keyDown","value":"î€‡"},{"type":"pause","duration":10},{"type":"keyUp","value":"î€‡"}]}]}
COMMAND: GET /session/5fe08db6bd73095dce541d1489fc13fd/screenshot - {}
RESULT: {}
COMMAND: POST /session/5fe08db6bd73095dce541d1489fc13fd/actions - {"actions":[{"id":"action52","type":"key","parameters":{},"actions":[{"type":"keyDown","value":"î€‡"},{"type":"pause","duration":10},{"type":"keyUp","value":"î€‡"}]}]}
RESULT: {"actions":[{"id":"action52","type":"key","parameters":{},"actions":[{"type":"keyDown","value":"î€‡"},{"type":"pause","duration":10},{"type":"keyUp","value":"î€‡"}]}]}
COMMAND: GET /session/5fe08db6bd73095dce541d1489fc13fd/screenshot - {}
RESULT: {}
COMMAND: POST /session/5fe08db6bd73095dce541d1489fc13fd/element - {"using":"xpath","value":"(//td[6]/div/div/input)[2]"}
RESULT: {"using":"xpath","value":"(//td[6]/div/div/input)[2]"}
COMMAND: POST /session/5fe08db6bd73095dce541d1489fc13fd/element/f.084301A5A664EC2A1657BC720E998331.d.62404FCB92589539369F7F7F737F07BF.e.9534/click - {}
RESULT: {}
COMMAND: POST /session/5fe08db6bd73095dce541d1489fc13fd/actions - {"actions":[{"id":"action53","type":"key","parameters":{},"actions":[{"type":"keyDown","value":"î€ƒ"},{"type":"pause","duration":10},{"type":"keyUp","value":"î€ƒ"}]}]}
COMMAND: GET /session/5fe08db6bd73095dce541d1489fc13fd/screenshot - {}
RESULT: {"actions":[{"id":"action53","type":"key","parameters":{},"actions":[{"type":"keyDown","value":"î€ƒ"},{"type":"pause","duration":10},{"type":"keyUp","value":"î€ƒ"}]}]}
COMMAND: POST /session/5fe08db6bd73095dce541d1489fc13fd/element - {"using":"xpath","value":"(//td[6]/div/div/input)[2]"}
COMMAND: GET /session/5fe08db6bd73095dce541d1489fc13fd/screenshot - {}
RESULT: {}
RESULT: {"using":"xpath","value":"(//td[6]/div/div/input)[2]"}
COMMAND: POST /session/5fe08db6bd73095dce541d1489fc13fd/element/f.084301A5A664EC2A1657BC720E998331.d.62404FCB92589539369F7F7F737F07BF.e.9534/clear - {}
RESULT: {}
RESULT: {}
COMMAND: POST /session/5fe08db6bd73095dce541d1489fc13fd/element/f.084301A5A664EC2A1657BC720E998331.d.62404FCB92589539369F7F7F737F07BF.e.9534/value - {"text":"Service Unit Group"}
COMMAND: GET /session/5fe08db6bd73095dce541d1489fc13fd/screenshot - {}
RESULT: {"text":"Service Unit Group"}
COMMAND: GET /session/5fe08db6bd73095dce541d1489fc13fd/screenshot - {}
RESULT: {}
RESULT: {}
COMMAND: POST /session/5fe08db6bd73095dce541d1489fc13fd/actions - {"actions":[{"id":"action54","type":"key","parameters":{},"actions":[{"type":"keyDown","value":"î€‡"},{"type":"pause","duration":10},{"type":"keyUp","value":"î€‡"}]}]}
RESULT: {"actions":[{"id":"action54","type":"key","parameters":{},"actions":[{"type":"keyDown","value":"î€‡"},{"type":"pause","duration":10},{"type":"keyUp","value":"î€‡"}]}]}
COMMAND: GET /session/5fe08db6bd73095dce541d1489fc13fd/screenshot - {}
RESULT: {}
COMMAND: POST /session/5fe08db6bd73095dce541d1489fc13fd/actions - {"actions":[{"id":"action55","type":"key","parameters":{},"actions":[{"type":"keyDown","value":"î€‡"},{"type":"pause","duration":10},{"type":"keyUp","value":"î€‡"}]}]}
RESULT: {"actions":[{"id":"action55","type":"key","parameters":{},"actions":[{"type":"keyDown","value":"î€‡"},{"type":"pause","duration":10},{"type":"keyUp","value":"î€‡"}]}]}
COMMAND: POST /session/5fe08db6bd73095dce541d1489fc13fd/element - {"using":"xpath","value":"(//td[7]/div/div/input)[2]"}
COMMAND: GET /session/5fe08db6bd73095dce541d1489fc13fd/screenshot - {}
RESULT: {"using":"xpath","value":"(//td[7]/div/div/input)[2]"}
COMMAND: POST /session/5fe08db6bd73095dce541d1489fc13fd/element/f.084301A5A664EC2A1657BC720E998331.d.62404FCB92589539369F7F7F737F07BF.e.9591/clear - {}
RESULT: {}
RESULT: {}
COMMAND: POST /session/5fe08db6bd73095dce541d1489fc13fd/element/f.084301A5A664EC2A1657BC720E998331.d.62404FCB92589539369F7F7F737F07BF.e.9591/value - {"text":"1100001"}
COMMAND: GET /session/5fe08db6bd73095dce541d1489fc13fd/screenshot - {}
RESULT: {"text":"1100001"}
COMMAND: GET /session/5fe08db6bd73095dce541d1489fc13fd/screenshot - {}
RESULT: {}
RESULT: {}
COMMAND: POST /session/5fe08db6bd73095dce541d1489fc13fd/actions - {"actions":[{"id":"action56","type":"key","parameters":{},"actions":[{"type":"keyDown","value":"î€‡"},{"type":"pause","duration":10},{"type":"keyUp","value":"î€‡"}]}]}
RESULT: {"actions":[{"id":"action56","type":"key","parameters":{},"actions":[{"type":"keyDown","value":"î€‡"},{"type":"pause","duration":10},{"type":"keyUp","value":"î€‡"}]}]}
COMMAND: GET /session/5fe08db6bd73095dce541d1489fc13fd/screenshot - {}
RESULT: {}
COMMAND: POST /session/5fe08db6bd73095dce541d1489fc13fd/actions - {"actions":[{"id":"action57","type":"key","parameters":{},"actions":[{"type":"keyDown","value":"î€‡"},{"type":"pause","duration":10},{"type":"keyUp","value":"î€‡"}]}]}
RESULT: {"actions":[{"id":"action57","type":"key","parameters":{},"actions":[{"type":"keyDown","value":"î€‡"},{"type":"pause","duration":10},{"type":"keyUp","value":"î€‡"}]}]}
COMMAND: GET /session/5fe08db6bd73095dce541d1489fc13fd/screenshot - {}
RESULT: {}
COMMAND: POST /session/5fe08db6bd73095dce541d1489fc13fd/element - {"using":"xpath","value":"(//button[@data-kt=\"saveButton\"])[2]"}
RESULT: {"using":"xpath","value":"(//button[@data-kt=\"saveButton\"])[2]"}
COMMAND: POST /session/5fe08db6bd73095dce541d1489fc13fd/element/f.084301A5A664EC2A1657BC720E998331.d.62404FCB92589539369F7F7F737F07BF.e.9615/click - {}
RESULT: {}
COMMAND: GET /session/5fe08db6bd73095dce541d1489fc13fd/screenshot - {}
RESULT: {}
COMMAND: POST /session/5fe08db6bd73095dce541d1489fc13fd/element - {"using":"xpath","value":"(//span[contains(text(), \"Additional Addresses\")])[1]"}
RESULT: {"using":"xpath","value":"(//span[contains(text(), \"Additional Addresses\")])[1]"}
COMMAND: POST /session/5fe08db6bd73095dce541d1489fc13fd/element/f.084301A5A664EC2A1657BC720E998331.d.62404FCB92589539369F7F7F737F07BF.e.9618/click - {}
RESULT: {}
COMMAND: GET /session/5fe08db6bd73095dce541d1489fc13fd/screenshot - {}
RESULT: {}
COMMAND: POST /session/5fe08db6bd73095dce541d1489fc13fd/execute/async - {"script":"<script> [1562 bytes]","args":[{"selector":{"controlType":"sap.m.Title","viewName":"etm.portal.ui.managecontracts.view.Detail","properties":{"text":"Contract Items (2)"}},"wdio_ui5_key":"etmportal.ui.managecontracts.view.Detailsap.m.Title{\"text\":\"Contract Items (2)\"}"}]}
RESULT: {"script":"<script> [1562 bytes]","args":[{"selector":{"controlType":"sap.m.Title","viewName":"etm.portal.ui.managecontracts.view.Detail","properties":{"text":"Contract Items (2)"}},"wdio_ui5_key":"etmportal.ui.managecontracts.view.Detailsap.m.Title{\"text\":\"Contract Items (2)\"}"}]}
RESULT: undefined
COMMAND: POST /session/5fe08db6bd73095dce541d1489fc13fd/execute/async - {"script":"<script> [6424 bytes]","args":[{"element-6066-11e4-a52e-4f735466cecf":"f.084301A5A664EC2A1657BC720E998331.d.62404FCB92589539369F7F7F737F07BF.e.9622"},"getText",[]]}
RESULT: {"script":"<script> [6424 bytes]","args":[{"element-6066-11e4-a52e-4f735466cecf":"f.084301A5A664EC2A1657BC720E998331.d.62404FCB92589539369F7F7F737F07BF.e.9622"},"getText",[]]}
COMMAND: POST /session/5fe08db6bd73095dce541d1489fc13fd/element - {"using":"xpath","value":"(//span[contains(@class ,\"sapMObjStatusText\")])[1]"}
RESULT: {"using":"xpath","value":"(//span[contains(@class ,\"sapMObjStatusText\")])[1]"}
COMMAND: GET /session/5fe08db6bd73095dce541d1489fc13fd/element/f.084301A5A664EC2A1657BC720E998331.d.62404FCB92589539369F7F7F737F07BF.e.9623/text - {}
RESULT: {}
COMMAND: POST /session/5fe08db6bd73095dce541d1489fc13fd/element - {"using":"xpath","value":"(//span[contains(@class ,\"sapMObjStatusText\")])[4]"}
RESULT: {"using":"xpath","value":"(//span[contains(@class ,\"sapMObjStatusText\")])[4]"}
COMMAND: GET /session/5fe08db6bd73095dce541d1489fc13fd/element/f.084301A5A664EC2A1657BC720E998331.d.62404FCB92589539369F7F7F737F07BF.e.9624/text - {}
RESULT: {}
COMMAND: POST /session/5fe08db6bd73095dce541d1489fc13fd/element - {"using":"css selector","value":"#shell-header-logo"}
RESULT: {"using":"css selector","value":"#shell-header-logo"}
COMMAND: POST /session/5fe08db6bd73095dce541d1489fc13fd/element/f.084301A5A664EC2A1657BC720E998331.d.62404FCB92589539369F7F7F737F07BF.e.9078/click - {}
RESULT: {}
COMMAND: GET /session/5fe08db6bd73095dce541d1489fc13fd/screenshot - {}
RESULT: {}
]]></system-out>
    </testcase>
  </testsuite>
  <testsuite timestamp="2025-05-14T06:27:34" time="168.401" tests="2" failures="0" errors="0" skipped="0">
    <properties>
      <property name="specId" value="0" />
      <property name="suiteName" value="Reduced contract US151275" />
      <property name="capabilities" value="chrome.136_0_7103_49.windows" />
      <property name="file" value="file:///D:/a/1/s/test/specs/R2C/reduced-contract-creation.spec.js" />
    </properties>
    <testcase classname="chrome.136_0_7103_49.windows.Reduced_contract_US151275" name="Should create a new reduced contract" time="118.742">
      <system-out><![CDATA[
RESULT: undefined
COMMAND: POST /session/5fe08db6bd73095dce541d1489fc13fd/element - {"using":"xpath","value":"//*[@id=\"__tile131\"]"}
RESULT: {"using":"xpath","value":"//*[@id=\"__tile131\"]"}
COMMAND: POST /session/5fe08db6bd73095dce541d1489fc13fd/element/f.084301A5A664EC2A1657BC720E998331.d.62404FCB92589539369F7F7F737F07BF.e.8725/click - {}
RESULT: {}
COMMAND: GET /session/5fe08db6bd73095dce541d1489fc13fd/screenshot - {}
RESULT: {}
COMMAND: POST /session/5fe08db6bd73095dce541d1489fc13fd/elements - {"using":"xpath","value":"//span[text()='Error']"}
RESULT: {"using":"xpath","value":"//span[text()='Error']"}
COMMAND: POST /session/5fe08db6bd73095dce541d1489fc13fd/element - {"using":"xpath","value":"//button[@data-kt=\"addButton\"]"}
RESULT: {"using":"xpath","value":"//button[@data-kt=\"addButton\"]"}
COMMAND: POST /session/5fe08db6bd73095dce541d1489fc13fd/element/f.084301A5A664EC2A1657BC720E998331.d.62404FCB92589539369F7F7F737F07BF.e.9679/click - {}
RESULT: {}
COMMAND: GET /session/5fe08db6bd73095dce541d1489fc13fd/screenshot - {}
RESULT: {}
COMMAND: POST /session/5fe08db6bd73095dce541d1489fc13fd/refresh - {}
RESULT: {}
COMMAND: GET /session/5fe08db6bd73095dce541d1489fc13fd/screenshot - {}
RESULT: {}
COMMAND: POST /session/5fe08db6bd73095dce541d1489fc13fd/execute/async - {"script":"<script> [189 bytes]","args":[]}
RESULT: {"script":"<script> [189 bytes]","args":[]}
COMMAND: POST /session/5fe08db6bd73095dce541d1489fc13fd/execute/async - {"script":"<script> [123 bytes]","args":[]}
RESULT: {"script":"<script> [123 bytes]","args":[]}
COMMAND: POST /session/5fe08db6bd73095dce541d1489fc13fd/timeouts - {"script":"<number>"}
RESULT: {"script":"<number>"}
COMMAND: GET /session/5fe08db6bd73095dce541d1489fc13fd/timeouts - {}
RESULT: {}
RESULT: undefined
COMMAND: POST /session/5fe08db6bd73095dce541d1489fc13fd/execute/async - {"script":"<script> [2676 bytes]","args":[]}
RESULT: {"script":"<script> [2676 bytes]","args":[]}
COMMAND: POST /session/5fe08db6bd73095dce541d1489fc13fd/execute/async - {"script":"<script> [2342 bytes]","args":[{"protocol":"http","hostname":"0.0.0.0","path":"/","capabilities":{"browserName":"chrome","goog:chromeOptions":{"binary":"C:\\Program Files\\Google\\Chrome\\Application\\chrome.exe","args":["--start-maximized"]}},"logLevel":"warn","connectionRetryTimeout":120000,"connectionRetryCount":3,"logLevels":{},"enableDirectConnect":true,"strictSSL":true,"_":"65 more keys: [\"cacheDir\",\"port\",\"requestedCapabilities\",\"automationProtocol\",\"baseUrl\",\"waitforInterval\",\"waitforTimeout\",\"onReload\",\"beforeCommand\",\"afterCommand\",\"rootDir\",\"specs\",\"suites\",\"exclude\",\"groupLogsByTestSpec\",\"excludeDriverLogs\",\"bail\",\"framework\",\"reporters\",\"services\",\"maxInstances\",\"maxInstancesPerCapability\",\"injectGlobals\",\"filesToWatch\",\"execArgv\",\"runnerEnv\",\"runner\",\"shard\",\"specFileRetries\",\"specFileRetriesDelay\",\"specFileRetriesDeferred\",\"reporterSyncInterval\",\"reporterSyncTimeout\",\"cucumberFeaturesWithLineNumbers\",\"autoCompileOpts\",\"mochaOpts\",\"jasmineOpts\",\"cucumberOpts\",\"onPrepare\",\"onWorkerStart\",\"onWorkerEnd\",\"before\",\"beforeSession\",\"beforeSuite\",\"beforeHook\",\"beforeTest\",\"afterTest\",\"afterHook\",\"afterSuite\",\"afterSession\",\"after\",\"onComplete\",\"beforeAssertion\",\"afterAssertion\",\"beforeFeature\",\"beforeScenario\",\"beforeStep\",\"afterStep\",\"afterScenario\",\"afterFeature\",\"_\",\"suite\",\"$0\",\"ignoredWorkerServices\",\"wdi5\"]"}]}
RESULT: {"script":"<script> [2342 bytes]","args":[{"protocol":"http","hostname":"0.0.0.0","path":"/","capabilities":{"browserName":"chrome","goog:chromeOptions":{"binary":"C:\\Program Files\\Google\\Chrome\\Application\\chrome.exe","args":["--start-maximized"]}},"logLevel":"warn","connectionRetryTimeout":120000,"connectionRetryCount":3,"logLevels":{},"enableDirectConnect":true,"strictSSL":true,"_":"65 more keys: [\"cacheDir\",\"port\",\"requestedCapabilities\",\"automationProtocol\",\"baseUrl\",\"waitforInterval\",\"waitforTimeout\",\"onReload\",\"beforeCommand\",\"afterCommand\",\"rootDir\",\"specs\",\"suites\",\"exclude\",\"groupLogsByTestSpec\",\"excludeDriverLogs\",\"bail\",\"framework\",\"reporters\",\"services\",\"maxInstances\",\"maxInstancesPerCapability\",\"injectGlobals\",\"filesToWatch\",\"execArgv\",\"runnerEnv\",\"runner\",\"shard\",\"specFileRetries\",\"specFileRetriesDelay\",\"specFileRetriesDeferred\",\"reporterSyncInterval\",\"reporterSyncTimeout\",\"cucumberFeaturesWithLineNumbers\",\"autoCompileOpts\",\"mochaOpts\",\"jasmineOpts\",\"cucumberOpts\",\"onPrepare\",\"onWorkerStart\",\"onWorkerEnd\",\"before\",\"beforeSession\",\"beforeSuite\",\"beforeHook\",\"beforeTest\",\"afterTest\",\"afterHook\",\"afterSuite\",\"afterSession\",\"after\",\"onComplete\",\"beforeAssertion\",\"afterAssertion\",\"beforeFeature\",\"beforeScenario\",\"beforeStep\",\"afterStep\",\"afterScenario\",\"afterFeature\",\"_\",\"suite\",\"$0\",\"ignoredWorkerServices\",\"wdi5\"]"}]}
COMMAND: POST /session/5fe08db6bd73095dce541d1489fc13fd/execute/async - {"script":"<script> [21126 bytes]","args":[35000]}
RESULT: {"script":"<script> [21126 bytes]","args":[35000]}
COMMAND: POST /session/5fe08db6bd73095dce541d1489fc13fd/execute/async - {"script":"<script> [1562 bytes]","args":[{"selector":{"id":"application-managecontracts-display-component---AddNewContract--contractType","interaction":{"idSuffix":"arrow"}},"wdio_ui5_key":"applicationmanagecontracts-display-component---AddNewContract--contractType"}]}
RESULT: {"script":"<script> [1562 bytes]","args":[{"selector":{"id":"application-managecontracts-display-component---AddNewContract--contractType","interaction":{"idSuffix":"arrow"}},"wdio_ui5_key":"applicationmanagecontracts-display-component---AddNewContract--contractType"}]}
RESULT: undefined
COMMAND: POST /session/5fe08db6bd73095dce541d1489fc13fd/element - {"using":"xpath","value":"//*[@id=\"application-managecontracts-display-component---AddNewContract--contractType\"]"}
RESULT: {"using":"xpath","value":"//*[@id=\"application-managecontracts-display-component---AddNewContract--contractType\"]"}
COMMAND: POST /session/5fe08db6bd73095dce541d1489fc13fd/element/f.084301A5A664EC2A1657BC720E998331.d.2FCDBB77BF48ACC38F27D6A159A8AED5.e.10217/click - {}
RESULT: {}
COMMAND: GET /session/5fe08db6bd73095dce541d1489fc13fd/screenshot - {}
RESULT: {}
COMMAND: POST /session/5fe08db6bd73095dce541d1489fc13fd/execute/async - {"script":"<script> [1562 bytes]","args":[{"selector":{"controlType":"sap.ui.core.Item","viewName":"etm.portal.ui.managecontracts.view.AddNewContract","viewId":"application-managecontracts-display-component---AddNewContract","bindingPath":{"path":"/ContractTypes('02')","propertyPath":"ID","modelName":"catalogModel"},"searchOpenDialogs":true},"wdio_ui5_key":"etmportal.ui.managecontracts.view.AddNewContractsap.ui.core.Item{\"path\":\"/ContractTypes('02')\",\"propertyPath\":\"ID\",\"modelName\":\"catalogModel\"}"}]}
RESULT: {"script":"<script> [1562 bytes]","args":[{"selector":{"controlType":"sap.ui.core.Item","viewName":"etm.portal.ui.managecontracts.view.AddNewContract","viewId":"application-managecontracts-display-component---AddNewContract","bindingPath":{"path":"/ContractTypes('02')","propertyPath":"ID","modelName":"catalogModel"},"searchOpenDialogs":true},"wdio_ui5_key":"etmportal.ui.managecontracts.view.AddNewContractsap.ui.core.Item{\"path\":\"/ContractTypes('02')\",\"propertyPath\":\"ID\",\"modelName\":\"catalogModel\"}"}]}
RESULT: undefined
COMMAND: POST /session/5fe08db6bd73095dce541d1489fc13fd/element - {"using":"xpath","value":"//*[@id=\"__item44-application-managecontracts-display-component---AddNewContract--contractType-1\"]"}
RESULT: {"using":"xpath","value":"//*[@id=\"__item44-application-managecontracts-display-component---AddNewContract--contractType-1\"]"}
COMMAND: POST /session/5fe08db6bd73095dce541d1489fc13fd/element/f.084301A5A664EC2A1657BC720E998331.d.2FCDBB77BF48ACC38F27D6A159A8AED5.e.10218/click - {}
RESULT: {}
COMMAND: GET /session/5fe08db6bd73095dce541d1489fc13fd/screenshot - {}
RESULT: {}
COMMAND: POST /session/5fe08db6bd73095dce541d1489fc13fd/execute/async - {"script":"<script> [1562 bytes]","args":[{"selector":{"id":"application-managecontracts-display-component---AddNewContract--projectDescription","interaction":{"idSuffix":"inner"}},"wdio_ui5_key":"applicationmanagecontracts-display-component---AddNewContract--projectDescription"}]}
RESULT: {"script":"<script> [1562 bytes]","args":[{"selector":{"id":"application-managecontracts-display-component---AddNewContract--projectDescription","interaction":{"idSuffix":"inner"}},"wdio_ui5_key":"applicationmanagecontracts-display-component---AddNewContract--projectDescription"}]}
RESULT: undefined
COMMAND: POST /session/5fe08db6bd73095dce541d1489fc13fd/execute/async - {"script":"<script> [776 bytes]","args":[{"enterText":"WdIOReducedtslua","selector":{"id":"application-managecontracts-display-component---AddNewContract--projectDescription","interaction":{"idSuffix":"inner"}},"clearTextFirst":true,"interactionType":"ENTER_TEXT"}]}
RESULT: {"script":"<script> [776 bytes]","args":[{"enterText":"WdIOReducedtslua","selector":{"id":"application-managecontracts-display-component---AddNewContract--projectDescription","interaction":{"idSuffix":"inner"}},"clearTextFirst":true,"interactionType":"ENTER_TEXT"}]}
COMMAND: POST /session/5fe08db6bd73095dce541d1489fc13fd/element - {"using":"xpath","value":"//input[@id=\"application-managecontracts-display-component---AddNewContract--yardId-inner\"]"}
RESULT: {"using":"xpath","value":"//input[@id=\"application-managecontracts-display-component---AddNewContract--yardId-inner\"]"}
COMMAND: POST /session/5fe08db6bd73095dce541d1489fc13fd/element/f.084301A5A664EC2A1657BC720E998331.d.2FCDBB77BF48ACC38F27D6A159A8AED5.e.10136/clear - {}
RESULT: {}
COMMAND: POST /session/5fe08db6bd73095dce541d1489fc13fd/element/f.084301A5A664EC2A1657BC720E998331.d.2FCDBB77BF48ACC38F27D6A159A8AED5.e.10136/value - {"text":"WebdriverYardekikt"}
COMMAND: GET /session/5fe08db6bd73095dce541d1489fc13fd/screenshot - {}
RESULT: {"text":"WebdriverYardekikt"}
COMMAND: GET /session/5fe08db6bd73095dce541d1489fc13fd/screenshot - {}
RESULT: {}
RESULT: {}
COMMAND: POST /session/5fe08db6bd73095dce541d1489fc13fd/actions - {"actions":[{"id":"action58","type":"key","parameters":{},"actions":[{"type":"keyDown","value":"î€‡"},{"type":"pause","duration":10},{"type":"keyUp","value":"î€‡"}]}]}
RESULT: {"actions":[{"id":"action58","type":"key","parameters":{},"actions":[{"type":"keyDown","value":"î€‡"},{"type":"pause","duration":10},{"type":"keyUp","value":"î€‡"}]}]}
COMMAND: GET /session/5fe08db6bd73095dce541d1489fc13fd/screenshot - {}
RESULT: {}
COMMAND: POST /session/5fe08db6bd73095dce541d1489fc13fd/element - {"using":"xpath","value":"//input[@id=\"application-managecontracts-display-component---AddNewContract--customerSelect-inner\"]"}
RESULT: {"using":"xpath","value":"//input[@id=\"application-managecontracts-display-component---AddNewContract--customerSelect-inner\"]"}
COMMAND: POST /session/5fe08db6bd73095dce541d1489fc13fd/element/f.084301A5A664EC2A1657BC720E998331.d.2FCDBB77BF48ACC38F27D6A159A8AED5.e.10134/clear - {}
RESULT: {}
COMMAND: POST /session/5fe08db6bd73095dce541d1489fc13fd/element/f.084301A5A664EC2A1657BC720E998331.d.2FCDBB77BF48ACC38F27D6A159A8AED5.e.10134/value - {"text":"WebdriverPartnerw12do"}
COMMAND: GET /session/5fe08db6bd73095dce541d1489fc13fd/screenshot - {}
RESULT: {"text":"WebdriverPartnerw12do"}
COMMAND: GET /session/5fe08db6bd73095dce541d1489fc13fd/screenshot - {}
RESULT: {}
RESULT: {}
COMMAND: POST /session/5fe08db6bd73095dce541d1489fc13fd/actions - {"actions":[{"id":"action59","type":"key","parameters":{},"actions":[{"type":"keyDown","value":"î€‡"},{"type":"pause","duration":10},{"type":"keyUp","value":"î€‡"}]}]}
RESULT: {"actions":[{"id":"action59","type":"key","parameters":{},"actions":[{"type":"keyDown","value":"î€‡"},{"type":"pause","duration":10},{"type":"keyUp","value":"î€‡"}]}]}
COMMAND: GET /session/5fe08db6bd73095dce541d1489fc13fd/screenshot - {}
RESULT: {}
COMMAND: POST /session/5fe08db6bd73095dce541d1489fc13fd/execute/async - {"script":"<script> [1562 bytes]","args":[{"selector":{"id":"application-managecontracts-display-component---AddNewContract--calendarInput-arrow"},"wdio_ui5_key":"applicationmanagecontracts-display-component---AddNewContract--calendarInput-arrow"}]}
RESULT: {"script":"<script> [1562 bytes]","args":[{"selector":{"id":"application-managecontracts-display-component---AddNewContract--calendarInput-arrow"},"wdio_ui5_key":"applicationmanagecontracts-display-component---AddNewContract--calendarInput-arrow"}]}
RESULT: undefined
COMMAND: POST /session/5fe08db6bd73095dce541d1489fc13fd/element - {"using":"xpath","value":"//*[@id=\"application-managecontracts-display-component---AddNewContract--calendarInput-arrow\"]"}
RESULT: {"using":"xpath","value":"//*[@id=\"application-managecontracts-display-component---AddNewContract--calendarInput-arrow\"]"}
COMMAND: POST /session/5fe08db6bd73095dce541d1489fc13fd/element/f.084301A5A664EC2A1657BC720E998331.d.2FCDBB77BF48ACC38F27D6A159A8AED5.e.10107/click - {}
RESULT: {}
COMMAND: GET /session/5fe08db6bd73095dce541d1489fc13fd/screenshot - {}
RESULT: {}
COMMAND: POST /session/5fe08db6bd73095dce541d1489fc13fd/execute/async - {"script":"<script> [1562 bytes]","args":[{"selector":{"controlType":"sap.m.StandardListItem","viewName":"etm.portal.ui.managecontracts.view.AddNewContract","viewId":"application-managecontracts-display-component---AddNewContract","properties":{"title":"1 - Calendar unit test patch"},"searchOpenDialogs":true,"interaction":{"idSuffix":"titleText"}},"wdio_ui5_key":"etmportal.ui.managecontracts.view.AddNewContractsap.m.StandardListItem{\"title\":\"1 - Calendar unit test patch\"}"}]}
RESULT: {"script":"<script> [1562 bytes]","args":[{"selector":{"controlType":"sap.m.StandardListItem","viewName":"etm.portal.ui.managecontracts.view.AddNewContract","viewId":"application-managecontracts-display-component---AddNewContract","properties":{"title":"1 - Calendar unit test patch"},"searchOpenDialogs":true,"interaction":{"idSuffix":"titleText"}},"wdio_ui5_key":"etmportal.ui.managecontracts.view.AddNewContractsap.m.StandardListItem{\"title\":\"1 - Calendar unit test patch\"}"}]}
RESULT: undefined
COMMAND: POST /session/5fe08db6bd73095dce541d1489fc13fd/element - {"using":"xpath","value":"//*[@id=\"__item383\"]"}
RESULT: {"using":"xpath","value":"//*[@id=\"__item383\"]"}
COMMAND: POST /session/5fe08db6bd73095dce541d1489fc13fd/element/f.084301A5A664EC2A1657BC720E998331.d.2FCDBB77BF48ACC38F27D6A159A8AED5.e.10223/click - {}
RESULT: {}
COMMAND: GET /session/5fe08db6bd73095dce541d1489fc13fd/screenshot - {}
RESULT: {}
COMMAND: POST /session/5fe08db6bd73095dce541d1489fc13fd/execute/async - {"script":"<script> [1562 bytes]","args":[{"selector":{"id":"application-managecontracts-display-component---AddNewContract--streetInput","interaction":{"idSuffix":"inner"}},"wdio_ui5_key":"applicationmanagecontracts-display-component---AddNewContract--streetInput"}]}
RESULT: {"script":"<script> [1562 bytes]","args":[{"selector":{"id":"application-managecontracts-display-component---AddNewContract--streetInput","interaction":{"idSuffix":"inner"}},"wdio_ui5_key":"applicationmanagecontracts-display-component---AddNewContract--streetInput"}]}
RESULT: undefined
COMMAND: POST /session/5fe08db6bd73095dce541d1489fc13fd/execute/async - {"script":"<script> [776 bytes]","args":[{"enterText":"StreetWdIO","selector":{"id":"application-managecontracts-display-component---AddNewContract--streetInput","interaction":{"idSuffix":"inner"}},"clearTextFirst":true,"interactionType":"ENTER_TEXT"}]}
RESULT: {"script":"<script> [776 bytes]","args":[{"enterText":"StreetWdIO","selector":{"id":"application-managecontracts-display-component---AddNewContract--streetInput","interaction":{"idSuffix":"inner"}},"clearTextFirst":true,"interactionType":"ENTER_TEXT"}]}
COMMAND: POST /session/5fe08db6bd73095dce541d1489fc13fd/execute/async - {"script":"<script> [1562 bytes]","args":[{"selector":{"id":"application-managecontracts-display-component---AddNewContract--numberInput","interaction":{"idSuffix":"inner"}},"wdio_ui5_key":"applicationmanagecontracts-display-component---AddNewContract--numberInput"}]}
RESULT: {"script":"<script> [1562 bytes]","args":[{"selector":{"id":"application-managecontracts-display-component---AddNewContract--numberInput","interaction":{"idSuffix":"inner"}},"wdio_ui5_key":"applicationmanagecontracts-display-component---AddNewContract--numberInput"}]}
RESULT: undefined
COMMAND: POST /session/5fe08db6bd73095dce541d1489fc13fd/execute/async - {"script":"<script> [776 bytes]","args":[{"enterText":"3","selector":{"id":"application-managecontracts-display-component---AddNewContract--numberInput","interaction":{"idSuffix":"inner"}},"clearTextFirst":true,"interactionType":"ENTER_TEXT"}]}
RESULT: {"script":"<script> [776 bytes]","args":[{"enterText":"3","selector":{"id":"application-managecontracts-display-component---AddNewContract--numberInput","interaction":{"idSuffix":"inner"}},"clearTextFirst":true,"interactionType":"ENTER_TEXT"}]}
COMMAND: POST /session/5fe08db6bd73095dce541d1489fc13fd/execute/async - {"script":"<script> [1562 bytes]","args":[{"selector":{"id":"application-managecontracts-display-component---AddNewContract--cityInput","interaction":{"idSuffix":"inner"}},"wdio_ui5_key":"applicationmanagecontracts-display-component---AddNewContract--cityInput"}]}
RESULT: {"script":"<script> [1562 bytes]","args":[{"selector":{"id":"application-managecontracts-display-component---AddNewContract--cityInput","interaction":{"idSuffix":"inner"}},"wdio_ui5_key":"applicationmanagecontracts-display-component---AddNewContract--cityInput"}]}
RESULT: undefined
COMMAND: POST /session/5fe08db6bd73095dce541d1489fc13fd/execute/async - {"script":"<script> [776 bytes]","args":[{"enterText":"Bucharest","selector":{"id":"application-managecontracts-display-component---AddNewContract--cityInput","interaction":{"idSuffix":"inner"}},"clearTextFirst":true,"interactionType":"ENTER_TEXT"}]}
RESULT: {"script":"<script> [776 bytes]","args":[{"enterText":"Bucharest","selector":{"id":"application-managecontracts-display-component---AddNewContract--cityInput","interaction":{"idSuffix":"inner"}},"clearTextFirst":true,"interactionType":"ENTER_TEXT"}]}
COMMAND: POST /session/5fe08db6bd73095dce541d1489fc13fd/execute/async - {"script":"<script> [1562 bytes]","args":[{"selector":{"id":"application-managecontracts-display-component---AddNewContract--zipInput","interaction":{"idSuffix":"inner"}},"wdio_ui5_key":"applicationmanagecontracts-display-component---AddNewContract--zipInput"}]}
RESULT: {"script":"<script> [1562 bytes]","args":[{"selector":{"id":"application-managecontracts-display-component---AddNewContract--zipInput","interaction":{"idSuffix":"inner"}},"wdio_ui5_key":"applicationmanagecontracts-display-component---AddNewContract--zipInput"}]}
RESULT: undefined
COMMAND: POST /session/5fe08db6bd73095dce541d1489fc13fd/execute/async - {"script":"<script> [776 bytes]","args":[{"enterText":"021210","selector":{"id":"application-managecontracts-display-component---AddNewContract--zipInput","interaction":{"idSuffix":"inner"}},"clearTextFirst":true,"interactionType":"ENTER_TEXT"}]}
RESULT: {"script":"<script> [776 bytes]","args":[{"enterText":"021210","selector":{"id":"application-managecontracts-display-component---AddNewContract--zipInput","interaction":{"idSuffix":"inner"}},"clearTextFirst":true,"interactionType":"ENTER_TEXT"}]}
COMMAND: POST /session/5fe08db6bd73095dce541d1489fc13fd/element - {"using":"xpath","value":"//bdi[contains(@id ,\"application-managecontracts-display-component---AddNewContract--saveBtn-BDI-content\")]"}
RESULT: {"using":"xpath","value":"//bdi[contains(@id ,\"application-managecontracts-display-component---AddNewContract--saveBtn-BDI-content\")]"}
COMMAND: POST /session/5fe08db6bd73095dce541d1489fc13fd/element/f.084301A5A664EC2A1657BC720E998331.d.2FCDBB77BF48ACC38F27D6A159A8AED5.e.10228/click - {}
RESULT: {}
COMMAND: GET /session/5fe08db6bd73095dce541d1489fc13fd/screenshot - {}
RESULT: {}
COMMAND: POST /session/5fe08db6bd73095dce541d1489fc13fd/element - {"using":"xpath","value":"//button[contains(@data-kt ,\"contractDetailEditBtnButton\")]"}
RESULT: {"using":"xpath","value":"//button[contains(@data-kt ,\"contractDetailEditBtnButton\")]"}
COMMAND: POST /session/5fe08db6bd73095dce541d1489fc13fd/execute/sync - {"script":"<script> [8489 bytes]","args":[{"element-6066-11e4-a52e-4f735466cecf":"f.084301A5A664EC2A1657BC720E998331.d.2FCDBB77BF48ACC38F27D6A159A8AED5.e.10297","ELEMENT":"f.084301A5A664EC2A1657BC720E998331.d.2FCDBB77BF48ACC38F27D6A159A8AED5.e.10297"}]}
RESULT: {"script":"<script> [8489 bytes]","args":[{"element-6066-11e4-a52e-4f735466cecf":"f.084301A5A664EC2A1657BC720E998331.d.2FCDBB77BF48ACC38F27D6A159A8AED5.e.10297","ELEMENT":"f.084301A5A664EC2A1657BC720E998331.d.2FCDBB77BF48ACC38F27D6A159A8AED5.e.10297"}]}
COMMAND: POST /session/5fe08db6bd73095dce541d1489fc13fd/execute/sync - {"script":"<script> [8489 bytes]","args":[{"element-6066-11e4-a52e-4f735466cecf":"f.084301A5A664EC2A1657BC720E998331.d.2FCDBB77BF48ACC38F27D6A159A8AED5.e.10297","ELEMENT":"f.084301A5A664EC2A1657BC720E998331.d.2FCDBB77BF48ACC38F27D6A159A8AED5.e.10297"}]}
COMMAND: GET /session/5fe08db6bd73095dce541d1489fc13fd/screenshot - {}
RESULT: {"script":"<script> [8489 bytes]","args":[{"element-6066-11e4-a52e-4f735466cecf":"f.084301A5A664EC2A1657BC720E998331.d.2FCDBB77BF48ACC38F27D6A159A8AED5.e.10297","ELEMENT":"f.084301A5A664EC2A1657BC720E998331.d.2FCDBB77BF48ACC38F27D6A159A8AED5.e.10297"}]}
COMMAND: POST /session/5fe08db6bd73095dce541d1489fc13fd/execute/sync - {"script":"<script> [5351 bytes]","args":[{"element-6066-11e4-a52e-4f735466cecf":"f.084301A5A664EC2A1657BC720E998331.d.2FCDBB77BF48ACC38F27D6A159A8AED5.e.10297","ELEMENT":"f.084301A5A664EC2A1657BC720E998331.d.2FCDBB77BF48ACC38F27D6A159A8AED5.e.10297"}]}
COMMAND: GET /session/5fe08db6bd73095dce541d1489fc13fd/screenshot - {}
RESULT: {}
RESULT: {"script":"<script> [5351 bytes]","args":[{"element-6066-11e4-a52e-4f735466cecf":"f.084301A5A664EC2A1657BC720E998331.d.2FCDBB77BF48ACC38F27D6A159A8AED5.e.10297","ELEMENT":"f.084301A5A664EC2A1657BC720E998331.d.2FCDBB77BF48ACC38F27D6A159A8AED5.e.10297"}]}
COMMAND: POST /session/5fe08db6bd73095dce541d1489fc13fd/execute/async - {"script":"<script> [1562 bytes]","args":[{"selector":{"controlType":"sap.m.Text","viewName":"etm.portal.ui.managecontracts.view.Detail","bindingPath":{"propertyPath":"LINK_TO_C_CONTRACT_TYPES/DESCRIPTION","modelName":"catalogModel"}},"wdio_ui5_key":"etmportal.ui.managecontracts.view.Detailsap.m.Text{\"propertyPath\":\"LINK_TO_C_CONTRACT_TYPES/DESCRIPTION\",\"modelName\":\"catalogModel\"}"}]}
COMMAND: GET /session/5fe08db6bd73095dce541d1489fc13fd/screenshot - {}
RESULT: {}
RESULT: {"script":"<script> [1562 bytes]","args":[{"selector":{"controlType":"sap.m.Text","viewName":"etm.portal.ui.managecontracts.view.Detail","bindingPath":{"propertyPath":"LINK_TO_C_CONTRACT_TYPES/DESCRIPTION","modelName":"catalogModel"}},"wdio_ui5_key":"etmportal.ui.managecontracts.view.Detailsap.m.Text{\"propertyPath\":\"LINK_TO_C_CONTRACT_TYPES/DESCRIPTION\",\"modelName\":\"catalogModel\"}"}]}
RESULT: undefined
COMMAND: POST /session/5fe08db6bd73095dce541d1489fc13fd/execute/async - {"script":"<script> [6424 bytes]","args":[{"element-6066-11e4-a52e-4f735466cecf":"f.084301A5A664EC2A1657BC720E998331.d.2FCDBB77BF48ACC38F27D6A159A8AED5.e.10300"},"getText",[]]}
RESULT: {}
RESULT: {"script":"<script> [6424 bytes]","args":[{"element-6066-11e4-a52e-4f735466cecf":"f.084301A5A664EC2A1657BC720E998331.d.2FCDBB77BF48ACC38F27D6A159A8AED5.e.10300"},"getText",[]]}
COMMAND: POST /session/5fe08db6bd73095dce541d1489fc13fd/element/f.084301A5A664EC2A1657BC720E998331.d.2FCDBB77BF48ACC38F27D6A159A8AED5.e.10297/click - {}
RESULT: {}
COMMAND: GET /session/5fe08db6bd73095dce541d1489fc13fd/screenshot - {}
RESULT: {}
]]></system-out>
    </testcase>
    <testcase classname="chrome.136_0_7103_49.windows.Reduced_contract_US151275" name="Should add a RU to the contract" time="46.507">
      <system-out><![CDATA[
COMMAND: POST /session/5fe08db6bd73095dce541d1489fc13fd/element - {"using":"xpath","value":"(//span[contains(text(), \"Header Billing Items\")])[2]"}
RESULT: {"using":"xpath","value":"(//span[contains(text(), \"Header Billing Items\")])[2]"}
COMMAND: POST /session/5fe08db6bd73095dce541d1489fc13fd/element/f.084301A5A664EC2A1657BC720E998331.d.2FCDBB77BF48ACC38F27D6A159A8AED5.e.10344/click - {}
RESULT: {}
COMMAND: GET /session/5fe08db6bd73095dce541d1489fc13fd/screenshot - {}
RESULT: {}
COMMAND: POST /session/5fe08db6bd73095dce541d1489fc13fd/element - {"using":"xpath","value":"//button[@data-kt=\"btnAddTableRowOverflowToolbarButton\"]"}
RESULT: {"using":"xpath","value":"//button[@data-kt=\"btnAddTableRowOverflowToolbarButton\"]"}
COMMAND: POST /session/5fe08db6bd73095dce541d1489fc13fd/element/f.084301A5A664EC2A1657BC720E998331.d.2FCDBB77BF48ACC38F27D6A159A8AED5.e.10347/click - {}
RESULT: {}
COMMAND: GET /session/5fe08db6bd73095dce541d1489fc13fd/screenshot - {}
RESULT: {}
COMMAND: POST /session/5fe08db6bd73095dce541d1489fc13fd/element - {"using":"xpath","value":"//div[(text() = 'Standard Entry' or . = 'Standard Entry')]"}
RESULT: {"using":"xpath","value":"//div[(text() = 'Standard Entry' or . = 'Standard Entry')]"}
COMMAND: POST /session/5fe08db6bd73095dce541d1489fc13fd/element/f.084301A5A664EC2A1657BC720E998331.d.2FCDBB77BF48ACC38F27D6A159A8AED5.e.10349/click - {}
RESULT: {}
COMMAND: POST /session/5fe08db6bd73095dce541d1489fc13fd/element - {"using":"xpath","value":"//td[6]/div/div/input[1]"}
COMMAND: GET /session/5fe08db6bd73095dce541d1489fc13fd/screenshot - {}
RESULT: {"using":"xpath","value":"//td[6]/div/div/input[1]"}
COMMAND: POST /session/5fe08db6bd73095dce541d1489fc13fd/element/f.084301A5A664EC2A1657BC720E998331.d.2FCDBB77BF48ACC38F27D6A159A8AED5.e.10351/click - {}
RESULT: {}
RESULT: {}
COMMAND: POST /session/5fe08db6bd73095dce541d1489fc13fd/actions - {"actions":[{"id":"action60","type":"key","parameters":{},"actions":[{"type":"keyDown","value":"î€ƒ"},{"type":"pause","duration":10},{"type":"keyUp","value":"î€ƒ"}]}]}
COMMAND: GET /session/5fe08db6bd73095dce541d1489fc13fd/screenshot - {}
RESULT: {"actions":[{"id":"action60","type":"key","parameters":{},"actions":[{"type":"keyDown","value":"î€ƒ"},{"type":"pause","duration":10},{"type":"keyUp","value":"î€ƒ"}]}]}
COMMAND: POST /session/5fe08db6bd73095dce541d1489fc13fd/element - {"using":"xpath","value":"//td[6]/div/div/input[1]"}
COMMAND: GET /session/5fe08db6bd73095dce541d1489fc13fd/screenshot - {}
RESULT: {}
RESULT: {"using":"xpath","value":"//td[6]/div/div/input[1]"}
COMMAND: POST /session/5fe08db6bd73095dce541d1489fc13fd/element/f.084301A5A664EC2A1657BC720E998331.d.2FCDBB77BF48ACC38F27D6A159A8AED5.e.10351/clear - {}
RESULT: {}
RESULT: {}
COMMAND: POST /session/5fe08db6bd73095dce541d1489fc13fd/element/f.084301A5A664EC2A1657BC720E998331.d.2FCDBB77BF48ACC38F27D6A159A8AED5.e.10351/value - {"text":"Material"}
COMMAND: GET /session/5fe08db6bd73095dce541d1489fc13fd/screenshot - {}
RESULT: {"text":"Material"}
COMMAND: GET /session/5fe08db6bd73095dce541d1489fc13fd/screenshot - {}
RESULT: {}
RESULT: {}
COMMAND: POST /session/5fe08db6bd73095dce541d1489fc13fd/actions - {"actions":[{"id":"action61","type":"key","parameters":{},"actions":[{"type":"keyDown","value":"î€‡"},{"type":"pause","duration":10},{"type":"keyUp","value":"î€‡"}]}]}
RESULT: {"actions":[{"id":"action61","type":"key","parameters":{},"actions":[{"type":"keyDown","value":"î€‡"},{"type":"pause","duration":10},{"type":"keyUp","value":"î€‡"}]}]}
COMMAND: GET /session/5fe08db6bd73095dce541d1489fc13fd/screenshot - {}
RESULT: {}
COMMAND: POST /session/5fe08db6bd73095dce541d1489fc13fd/actions - {"actions":[{"id":"action62","type":"key","parameters":{},"actions":[{"type":"keyDown","value":"î€‡"},{"type":"pause","duration":10},{"type":"keyUp","value":"î€‡"}]}]}
RESULT: {"actions":[{"id":"action62","type":"key","parameters":{},"actions":[{"type":"keyDown","value":"î€‡"},{"type":"pause","duration":10},{"type":"keyUp","value":"î€‡"}]}]}
COMMAND: POST /session/5fe08db6bd73095dce541d1489fc13fd/element - {"using":"xpath","value":"//td[7]/div/div/input"}
COMMAND: GET /session/5fe08db6bd73095dce541d1489fc13fd/screenshot - {}
RESULT: {"using":"xpath","value":"//td[7]/div/div/input"}
COMMAND: POST /session/5fe08db6bd73095dce541d1489fc13fd/element/f.084301A5A664EC2A1657BC720E998331.d.2FCDBB77BF48ACC38F27D6A159A8AED5.e.10364/clear - {}
RESULT: {}
RESULT: {}
COMMAND: POST /session/5fe08db6bd73095dce541d1489fc13fd/element/f.084301A5A664EC2A1657BC720E998331.d.2FCDBB77BF48ACC38F27D6A159A8AED5.e.10364/value - {"text":"WebdriverRUR2C"}
COMMAND: GET /session/5fe08db6bd73095dce541d1489fc13fd/screenshot - {}
RESULT: {"text":"WebdriverRUR2C"}
COMMAND: GET /session/5fe08db6bd73095dce541d1489fc13fd/screenshot - {}
RESULT: {}
RESULT: {}
COMMAND: POST /session/5fe08db6bd73095dce541d1489fc13fd/actions - {"actions":[{"id":"action63","type":"key","parameters":{},"actions":[{"type":"keyDown","value":"î€‡"},{"type":"pause","duration":10},{"type":"keyUp","value":"î€‡"}]}]}
RESULT: {"actions":[{"id":"action63","type":"key","parameters":{},"actions":[{"type":"keyDown","value":"î€‡"},{"type":"pause","duration":10},{"type":"keyUp","value":"î€‡"}]}]}
COMMAND: GET /session/5fe08db6bd73095dce541d1489fc13fd/screenshot - {}
RESULT: {}
COMMAND: POST /session/5fe08db6bd73095dce541d1489fc13fd/actions - {"actions":[{"id":"action64","type":"key","parameters":{},"actions":[{"type":"keyDown","value":"î€‡"},{"type":"pause","duration":10},{"type":"keyUp","value":"î€‡"}]}]}
RESULT: {"actions":[{"id":"action64","type":"key","parameters":{},"actions":[{"type":"keyDown","value":"î€‡"},{"type":"pause","duration":10},{"type":"keyUp","value":"î€‡"}]}]}
COMMAND: GET /session/5fe08db6bd73095dce541d1489fc13fd/screenshot - {}
RESULT: {}
COMMAND: POST /session/5fe08db6bd73095dce541d1489fc13fd/element - {"using":"xpath","value":"(//button[@data-kt=\"saveButton\"])[2]"}
RESULT: {"using":"xpath","value":"(//button[@data-kt=\"saveButton\"])[2]"}
COMMAND: POST /session/5fe08db6bd73095dce541d1489fc13fd/element/f.084301A5A664EC2A1657BC720E998331.d.2FCDBB77BF48ACC38F27D6A159A8AED5.e.10390/click - {}
RESULT: {}
COMMAND: GET /session/5fe08db6bd73095dce541d1489fc13fd/screenshot - {}
RESULT: {}
COMMAND: POST /session/5fe08db6bd73095dce541d1489fc13fd/element - {"using":"xpath","value":"//button[contains(@data-kt ,\"contractDetailEditBtnButton\")]"}
RESULT: {"using":"xpath","value":"//button[contains(@data-kt ,\"contractDetailEditBtnButton\")]"}
COMMAND: POST /session/5fe08db6bd73095dce541d1489fc13fd/execute/sync - {"script":"<script> [8489 bytes]","args":[{"element-6066-11e4-a52e-4f735466cecf":"f.084301A5A664EC2A1657BC720E998331.d.2FCDBB77BF48ACC38F27D6A159A8AED5.e.10297","ELEMENT":"f.084301A5A664EC2A1657BC720E998331.d.2FCDBB77BF48ACC38F27D6A159A8AED5.e.10297"}]}
RESULT: {"script":"<script> [8489 bytes]","args":[{"element-6066-11e4-a52e-4f735466cecf":"f.084301A5A664EC2A1657BC720E998331.d.2FCDBB77BF48ACC38F27D6A159A8AED5.e.10297","ELEMENT":"f.084301A5A664EC2A1657BC720E998331.d.2FCDBB77BF48ACC38F27D6A159A8AED5.e.10297"}]}
COMMAND: POST /session/5fe08db6bd73095dce541d1489fc13fd/execute/sync - {"script":"<script> [8489 bytes]","args":[{"element-6066-11e4-a52e-4f735466cecf":"f.084301A5A664EC2A1657BC720E998331.d.2FCDBB77BF48ACC38F27D6A159A8AED5.e.10297","ELEMENT":"f.084301A5A664EC2A1657BC720E998331.d.2FCDBB77BF48ACC38F27D6A159A8AED5.e.10297"}]}
COMMAND: GET /session/5fe08db6bd73095dce541d1489fc13fd/screenshot - {}
RESULT: {"script":"<script> [8489 bytes]","args":[{"element-6066-11e4-a52e-4f735466cecf":"f.084301A5A664EC2A1657BC720E998331.d.2FCDBB77BF48ACC38F27D6A159A8AED5.e.10297","ELEMENT":"f.084301A5A664EC2A1657BC720E998331.d.2FCDBB77BF48ACC38F27D6A159A8AED5.e.10297"}]}
COMMAND: POST /session/5fe08db6bd73095dce541d1489fc13fd/execute/sync - {"script":"<script> [5351 bytes]","args":[{"element-6066-11e4-a52e-4f735466cecf":"f.084301A5A664EC2A1657BC720E998331.d.2FCDBB77BF48ACC38F27D6A159A8AED5.e.10297","ELEMENT":"f.084301A5A664EC2A1657BC720E998331.d.2FCDBB77BF48ACC38F27D6A159A8AED5.e.10297"}]}
COMMAND: GET /session/5fe08db6bd73095dce541d1489fc13fd/screenshot - {}
RESULT: {}
RESULT: {"script":"<script> [5351 bytes]","args":[{"element-6066-11e4-a52e-4f735466cecf":"f.084301A5A664EC2A1657BC720E998331.d.2FCDBB77BF48ACC38F27D6A159A8AED5.e.10297","ELEMENT":"f.084301A5A664EC2A1657BC720E998331.d.2FCDBB77BF48ACC38F27D6A159A8AED5.e.10297"}]}
COMMAND: POST /session/5fe08db6bd73095dce541d1489fc13fd/element - {"using":"xpath","value":"(//span[contains(text(), \"Header Billing Items\")])[1]"}
COMMAND: GET /session/5fe08db6bd73095dce541d1489fc13fd/screenshot - {}
RESULT: {}
RESULT: {"using":"xpath","value":"(//span[contains(text(), \"Header Billing Items\")])[1]"}
COMMAND: POST /session/5fe08db6bd73095dce541d1489fc13fd/element/f.084301A5A664EC2A1657BC720E998331.d.2FCDBB77BF48ACC38F27D6A159A8AED5.e.10393/click - {}
RESULT: {}
RESULT: {}
COMMAND: GET /session/5fe08db6bd73095dce541d1489fc13fd/screenshot - {}
RESULT: {}
COMMAND: POST /session/5fe08db6bd73095dce541d1489fc13fd/execute/async - {"script":"<script> [1562 bytes]","args":[{"selector":{"controlType":"sap.m.Title","viewName":"etm.portal.ui.managecontracts.view.Detail","properties":{"text":"Contract Items (1)"}},"wdio_ui5_key":"etmportal.ui.managecontracts.view.Detailsap.m.Title{\"text\":\"Contract Items (1)\"}"}]}
RESULT: {"script":"<script> [1562 bytes]","args":[{"selector":{"controlType":"sap.m.Title","viewName":"etm.portal.ui.managecontracts.view.Detail","properties":{"text":"Contract Items (1)"}},"wdio_ui5_key":"etmportal.ui.managecontracts.view.Detailsap.m.Title{\"text\":\"Contract Items (1)\"}"}]}
RESULT: undefined
COMMAND: POST /session/5fe08db6bd73095dce541d1489fc13fd/execute/async - {"script":"<script> [6424 bytes]","args":[{"element-6066-11e4-a52e-4f735466cecf":"f.084301A5A664EC2A1657BC720E998331.d.2FCDBB77BF48ACC38F27D6A159A8AED5.e.10395"},"getText",[]]}
RESULT: {"script":"<script> [6424 bytes]","args":[{"element-6066-11e4-a52e-4f735466cecf":"f.084301A5A664EC2A1657BC720E998331.d.2FCDBB77BF48ACC38F27D6A159A8AED5.e.10395"},"getText",[]]}
COMMAND: POST /session/5fe08db6bd73095dce541d1489fc13fd/element - {"using":"xpath","value":"(//span[contains(@class ,\"sapMObjStatusText\")])[1]"}
RESULT: {"using":"xpath","value":"(//span[contains(@class ,\"sapMObjStatusText\")])[1]"}
COMMAND: GET /session/5fe08db6bd73095dce541d1489fc13fd/element/f.084301A5A664EC2A1657BC720E998331.d.2FCDBB77BF48ACC38F27D6A159A8AED5.e.10396/text - {}
RESULT: {}
COMMAND: POST /session/5fe08db6bd73095dce541d1489fc13fd/refresh - {}
RESULT: {}
COMMAND: GET /session/5fe08db6bd73095dce541d1489fc13fd/screenshot - {}
RESULT: {}
COMMAND: POST /session/5fe08db6bd73095dce541d1489fc13fd/execute/async - {"script":"<script> [189 bytes]","args":[]}
RESULT: {"script":"<script> [189 bytes]","args":[]}
COMMAND: POST /session/5fe08db6bd73095dce541d1489fc13fd/execute/async - {"script":"<script> [123 bytes]","args":[]}
RESULT: {"script":"<script> [123 bytes]","args":[]}
COMMAND: POST /session/5fe08db6bd73095dce541d1489fc13fd/timeouts - {"script":"<number>"}
RESULT: {"script":"<number>"}
COMMAND: GET /session/5fe08db6bd73095dce541d1489fc13fd/timeouts - {}
RESULT: {}
RESULT: undefined
COMMAND: POST /session/5fe08db6bd73095dce541d1489fc13fd/execute/async - {"script":"<script> [2676 bytes]","args":[]}
RESULT: {"script":"<script> [2676 bytes]","args":[]}
COMMAND: POST /session/5fe08db6bd73095dce541d1489fc13fd/execute/async - {"script":"<script> [2342 bytes]","args":[{"protocol":"http","hostname":"0.0.0.0","path":"/","capabilities":{"browserName":"chrome","goog:chromeOptions":{"binary":"C:\\Program Files\\Google\\Chrome\\Application\\chrome.exe","args":["--start-maximized"]}},"logLevel":"warn","connectionRetryTimeout":120000,"connectionRetryCount":3,"logLevels":{},"enableDirectConnect":true,"strictSSL":true,"_":"65 more keys: [\"cacheDir\",\"port\",\"requestedCapabilities\",\"automationProtocol\",\"baseUrl\",\"waitforInterval\",\"waitforTimeout\",\"onReload\",\"beforeCommand\",\"afterCommand\",\"rootDir\",\"specs\",\"suites\",\"exclude\",\"groupLogsByTestSpec\",\"excludeDriverLogs\",\"bail\",\"framework\",\"reporters\",\"services\",\"maxInstances\",\"maxInstancesPerCapability\",\"injectGlobals\",\"filesToWatch\",\"execArgv\",\"runnerEnv\",\"runner\",\"shard\",\"specFileRetries\",\"specFileRetriesDelay\",\"specFileRetriesDeferred\",\"reporterSyncInterval\",\"reporterSyncTimeout\",\"cucumberFeaturesWithLineNumbers\",\"autoCompileOpts\",\"mochaOpts\",\"jasmineOpts\",\"cucumberOpts\",\"onPrepare\",\"onWorkerStart\",\"onWorkerEnd\",\"before\",\"beforeSession\",\"beforeSuite\",\"beforeHook\",\"beforeTest\",\"afterTest\",\"afterHook\",\"afterSuite\",\"afterSession\",\"after\",\"onComplete\",\"beforeAssertion\",\"afterAssertion\",\"beforeFeature\",\"beforeScenario\",\"beforeStep\",\"afterStep\",\"afterScenario\",\"afterFeature\",\"_\",\"suite\",\"$0\",\"ignoredWorkerServices\",\"wdi5\"]"}]}
RESULT: {"script":"<script> [2342 bytes]","args":[{"protocol":"http","hostname":"0.0.0.0","path":"/","capabilities":{"browserName":"chrome","goog:chromeOptions":{"binary":"C:\\Program Files\\Google\\Chrome\\Application\\chrome.exe","args":["--start-maximized"]}},"logLevel":"warn","connectionRetryTimeout":120000,"connectionRetryCount":3,"logLevels":{},"enableDirectConnect":true,"strictSSL":true,"_":"65 more keys: [\"cacheDir\",\"port\",\"requestedCapabilities\",\"automationProtocol\",\"baseUrl\",\"waitforInterval\",\"waitforTimeout\",\"onReload\",\"beforeCommand\",\"afterCommand\",\"rootDir\",\"specs\",\"suites\",\"exclude\",\"groupLogsByTestSpec\",\"excludeDriverLogs\",\"bail\",\"framework\",\"reporters\",\"services\",\"maxInstances\",\"maxInstancesPerCapability\",\"injectGlobals\",\"filesToWatch\",\"execArgv\",\"runnerEnv\",\"runner\",\"shard\",\"specFileRetries\",\"specFileRetriesDelay\",\"specFileRetriesDeferred\",\"reporterSyncInterval\",\"reporterSyncTimeout\",\"cucumberFeaturesWithLineNumbers\",\"autoCompileOpts\",\"mochaOpts\",\"jasmineOpts\",\"cucumberOpts\",\"onPrepare\",\"onWorkerStart\",\"onWorkerEnd\",\"before\",\"beforeSession\",\"beforeSuite\",\"beforeHook\",\"beforeTest\",\"afterTest\",\"afterHook\",\"afterSuite\",\"afterSession\",\"after\",\"onComplete\",\"beforeAssertion\",\"afterAssertion\",\"beforeFeature\",\"beforeScenario\",\"beforeStep\",\"afterStep\",\"afterScenario\",\"afterFeature\",\"_\",\"suite\",\"$0\",\"ignoredWorkerServices\",\"wdi5\"]"}]}
COMMAND: POST /session/5fe08db6bd73095dce541d1489fc13fd/execute/async - {"script":"<script> [21126 bytes]","args":[35000]}
RESULT: {"script":"<script> [21126 bytes]","args":[35000]}
COMMAND: POST /session/5fe08db6bd73095dce541d1489fc13fd/element - {"using":"css selector","value":"#shell-header-logo"}
RESULT: {"using":"css selector","value":"#shell-header-logo"}
COMMAND: POST /session/5fe08db6bd73095dce541d1489fc13fd/element/f.084301A5A664EC2A1657BC720E998331.d.8CE543F35F2C42C6AE2E592930355F55.e.10586/click - {}
RESULT: {}
COMMAND: GET /session/5fe08db6bd73095dce541d1489fc13fd/screenshot - {}
RESULT: {}
]]></system-out>
    </testcase>
  </testsuite>
  <testsuite timestamp="2025-05-14T06:30:23" time="957.792" tests="7" failures="2" errors="2" skipped="0">
    <properties>
      <property name="specId" value="0" />
      <property name="suiteName" value="E2E - Logistical and commercial statuses" />
      <property name="capabilities" value="chrome.136_0_7103_49.windows" />
      <property name="file" value="file:///D:/a/1/s/test/specs/R2C/E2E-Logistical-and-commercial-status.spec.js" />
    </properties>
    <testcase classname="chrome.136_0_7103_49.windows.E2E_-_Logistical_and_commercial_statuses" name="Should create prerequisites yard partner and site" time="291.272">
      <system-out><![CDATA[
COMMAND: POST /session/5fe08db6bd73095dce541d1489fc13fd/execute/async - {"script":"<script> [1562 bytes]","args":[{"selector":{"controlType":"sap.m.GenericTile","properties":{"header":"Manage Yards"}},"wdio_ui5_key":"sapm.GenericTile{\"header\":\"Manage Yards\"}"}]}
RESULT: {"script":"<script> [1562 bytes]","args":[{"selector":{"controlType":"sap.m.GenericTile","properties":{"header":"Manage Yards"}},"wdio_ui5_key":"sapm.GenericTile{\"header\":\"Manage Yards\"}"}]}
RESULT: undefined
COMMAND: POST /session/5fe08db6bd73095dce541d1489fc13fd/element - {"using":"xpath","value":"//*[@id=\"__tile41\"]"}
RESULT: {"using":"xpath","value":"//*[@id=\"__tile41\"]"}
COMMAND: POST /session/5fe08db6bd73095dce541d1489fc13fd/element/f.084301A5A664EC2A1657BC720E998331.d.8CE543F35F2C42C6AE2E592930355F55.e.10629/click - {}
RESULT: {}
COMMAND: GET /session/5fe08db6bd73095dce541d1489fc13fd/screenshot - {}
RESULT: {}
COMMAND: POST /session/5fe08db6bd73095dce541d1489fc13fd/elements - {"using":"xpath","value":"//span[text()='Error']"}
RESULT: {"using":"xpath","value":"//span[text()='Error']"}
COMMAND: POST /session/5fe08db6bd73095dce541d1489fc13fd/execute/async - {"script":"<script> [1562 bytes]","args":[{"selector":{"controlType":"sap.ui.core.Icon","viewName":"etm.portal.ui.manageyards.view.Master","viewId":"application-manageyards-display-component---masterYard","properties":{"src":{"regex":{"source":"add"}}}},"wdio_ui5_key":"etmportal.ui.manageyards.view.Mastersap.ui.core.Icon{\"src\":{\"regex\":{\"source\":\"add\"}}}"}]}
RESULT: {"script":"<script> [1562 bytes]","args":[{"selector":{"controlType":"sap.ui.core.Icon","viewName":"etm.portal.ui.manageyards.view.Master","viewId":"application-manageyards-display-component---masterYard","properties":{"src":{"regex":{"source":"add"}}}},"wdio_ui5_key":"etmportal.ui.manageyards.view.Mastersap.ui.core.Icon{\"src\":{\"regex\":{\"source\":\"add\"}}}"}]}
RESULT: undefined
COMMAND: POST /session/5fe08db6bd73095dce541d1489fc13fd/element - {"using":"xpath","value":"//*[@id=\"__button14-img\"]"}
RESULT: {"using":"xpath","value":"//*[@id=\"__button14-img\"]"}
COMMAND: POST /session/5fe08db6bd73095dce541d1489fc13fd/element/f.084301A5A664EC2A1657BC720E998331.d.8CE543F35F2C42C6AE2E592930355F55.e.10672/click - {}
RESULT: {}
COMMAND: GET /session/5fe08db6bd73095dce541d1489fc13fd/screenshot - {}
RESULT: {}
COMMAND: POST /session/5fe08db6bd73095dce541d1489fc13fd/execute/async - {"script":"<script> [1562 bytes]","args":[{"selector":{"id":"application-manageyards-display-component---NewYard--yardId","interaction":{"idSuffix":"inner"}},"wdio_ui5_key":"applicationmanageyards-display-component---NewYard--yardId"}]}
RESULT: {"script":"<script> [1562 bytes]","args":[{"selector":{"id":"application-manageyards-display-component---NewYard--yardId","interaction":{"idSuffix":"inner"}},"wdio_ui5_key":"applicationmanageyards-display-component---NewYard--yardId"}]}
RESULT: undefined
COMMAND: POST /session/5fe08db6bd73095dce541d1489fc13fd/element - {"using":"xpath","value":"//*[@id=\"application-manageyards-display-component---NewYard--addressDetailDetailsName1-inner\"]"}
RESULT: {"using":"xpath","value":"//*[@id=\"application-manageyards-display-component---NewYard--addressDetailDetailsName1-inner\"]"}
COMMAND: POST /session/5fe08db6bd73095dce541d1489fc13fd/element/f.084301A5A664EC2A1657BC720E998331.d.8CE543F35F2C42C6AE2E592930355F55.e.10993/clear - {}
RESULT: {}
COMMAND: POST /session/5fe08db6bd73095dce541d1489fc13fd/element/f.084301A5A664EC2A1657BC720E998331.d.8CE543F35F2C42C6AE2E592930355F55.e.10993/value - {"text":"WebdriverYard1yr43"}
COMMAND: GET /session/5fe08db6bd73095dce541d1489fc13fd/screenshot - {}
RESULT: {"text":"WebdriverYard1yr43"}
COMMAND: POST /session/5fe08db6bd73095dce541d1489fc13fd/element - {"using":"xpath","value":"//*[@id=\"application-manageyards-display-component---NewYard--addressDetailDetailsLanguage-inner\"]"}
COMMAND: GET /session/5fe08db6bd73095dce541d1489fc13fd/screenshot - {}
RESULT: {}
RESULT: {"using":"xpath","value":"//*[@id=\"application-manageyards-display-component---NewYard--addressDetailDetailsLanguage-inner\"]"}
COMMAND: POST /session/5fe08db6bd73095dce541d1489fc13fd/element/f.084301A5A664EC2A1657BC720E998331.d.8CE543F35F2C42C6AE2E592930355F55.e.10994/clear - {}
RESULT: {}
RESULT: {}
COMMAND: POST /session/5fe08db6bd73095dce541d1489fc13fd/element/f.084301A5A664EC2A1657BC720E998331.d.8CE543F35F2C42C6AE2E592930355F55.e.10994/value - {"text":"Romanian"}
COMMAND: GET /session/5fe08db6bd73095dce541d1489fc13fd/screenshot - {}
RESULT: {"text":"Romanian"}
COMMAND: POST /session/5fe08db6bd73095dce541d1489fc13fd/element - {"using":"xpath","value":"//input[contains(@id ,\"application-manageyards-display-component---NewYard--addressDetailDetailsName1-inner\")]"}
COMMAND: GET /session/5fe08db6bd73095dce541d1489fc13fd/screenshot - {}
RESULT: {}
RESULT: {"using":"xpath","value":"//input[contains(@id ,\"application-manageyards-display-component---NewYard--addressDetailDetailsName1-inner\")]"}
COMMAND: GET /session/5fe08db6bd73095dce541d1489fc13fd/element/f.084301A5A664EC2A1657BC720E998331.d.8CE543F35F2C42C6AE2E592930355F55.e.10993/property/value - {}
RESULT: {}
RESULT: {}
COMMAND: GET /session/5fe08db6bd73095dce541d1489fc13fd/screenshot - {}
RESULT: {}
COMMAND: POST /session/5fe08db6bd73095dce541d1489fc13fd/element - {"using":"xpath","value":"//*[@id=\"application-manageyards-display-component---NewYard--addressDetailDetailsCity1-inner\"]"}
RESULT: {"using":"xpath","value":"//*[@id=\"application-manageyards-display-component---NewYard--addressDetailDetailsCity1-inner\"]"}
COMMAND: POST /session/5fe08db6bd73095dce541d1489fc13fd/element/f.084301A5A664EC2A1657BC720E998331.d.8CE543F35F2C42C6AE2E592930355F55.e.10996/clear - {}
RESULT: {}
COMMAND: POST /session/5fe08db6bd73095dce541d1489fc13fd/element/f.084301A5A664EC2A1657BC720E998331.d.8CE543F35F2C42C6AE2E592930355F55.e.10996/value - {"text":"Bucuresti"}
COMMAND: GET /session/5fe08db6bd73095dce541d1489fc13fd/screenshot - {}
RESULT: {"text":"Bucuresti"}
COMMAND: GET /session/5fe08db6bd73095dce541d1489fc13fd/screenshot - {}
RESULT: {}
RESULT: {}
COMMAND: POST /session/5fe08db6bd73095dce541d1489fc13fd/element - {"using":"xpath","value":"//*[@id=\"application-manageyards-display-component---NewYard--addressDetailDetailsCountry-inner\"]"}
RESULT: {"using":"xpath","value":"//*[@id=\"application-manageyards-display-component---NewYard--addressDetailDetailsCountry-inner\"]"}
COMMAND: POST /session/5fe08db6bd73095dce541d1489fc13fd/element/f.084301A5A664EC2A1657BC720E998331.d.8CE543F35F2C42C6AE2E592930355F55.e.11000/clear - {}
RESULT: {}
COMMAND: POST /session/5fe08db6bd73095dce541d1489fc13fd/element/f.084301A5A664EC2A1657BC720E998331.d.8CE543F35F2C42C6AE2E592930355F55.e.11000/value - {"text":"Romania"}
COMMAND: GET /session/5fe08db6bd73095dce541d1489fc13fd/screenshot - {}
RESULT: {"text":"Romania"}
COMMAND: GET /session/5fe08db6bd73095dce541d1489fc13fd/screenshot - {}
RESULT: {}
RESULT: {}
COMMAND: POST /session/5fe08db6bd73095dce541d1489fc13fd/element - {"using":"xpath","value":"//div[contains(text(), \"Commercial\")]"}
RESULT: {"using":"xpath","value":"//div[contains(text(), \"Commercial\")]"}
COMMAND: GET /session/5fe08db6bd73095dce541d1489fc13fd/element/f.084301A5A664EC2A1657BC720E998331.d.8CE543F35F2C42C6AE2E592930355F55.e.11247/rect - {}
RESULT: {}
COMMAND: GET /session/5fe08db6bd73095dce541d1489fc13fd/window/rect - {}
RESULT: {}
COMMAND: POST /session/5fe08db6bd73095dce541d1489fc13fd/execute/sync - {"script":"<script> [92 bytes]","args":[]}
RESULT: {"script":"<script> [92 bytes]","args":[]}
COMMAND: POST /session/5fe08db6bd73095dce541d1489fc13fd/actions - {"actions":[{"id":"action65","type":"wheel","parameters":{},"actions":[{"type":"scroll","x":-1841,"y":-44,"deltaX":0,"deltaY":0,"duration":0,"origin":{"element-6066-11e4-a52e-4f735466cecf":"f.084301A5A664EC2A1657BC720E998331.d.8CE543F35F2C42C6AE2E592930355F55.e.11247"}}]}]}
COMMAND: GET /session/5fe08db6bd73095dce541d1489fc13fd/screenshot - {}
RESULT: {}
COMMAND: POST /session/5fe08db6bd73095dce541d1489fc13fd/execute/sync - {"script":"<script> [79 bytes]","args":[{"element-6066-11e4-a52e-4f735466cecf":"f.084301A5A664EC2A1657BC720E998331.d.8CE543F35F2C42C6AE2E592930355F55.e.11247","ELEMENT":"f.084301A5A664EC2A1657BC720E998331.d.8CE543F35F2C42C6AE2E592930355F55.e.11247"},{"block":"start","inline":"nearest"}]}
RESULT: {"script":"<script> [79 bytes]","args":[{"element-6066-11e4-a52e-4f735466cecf":"f.084301A5A664EC2A1657BC720E998331.d.8CE543F35F2C42C6AE2E592930355F55.e.11247","ELEMENT":"f.084301A5A664EC2A1657BC720E998331.d.8CE543F35F2C42C6AE2E592930355F55.e.11247"},{"block":"start","inline":"nearest"}]}
COMMAND: GET /session/5fe08db6bd73095dce541d1489fc13fd/screenshot - {}
RESULT: {}
COMMAND: POST /session/5fe08db6bd73095dce541d1489fc13fd/execute/async - {"script":"<script> [1562 bytes]","args":[{"selector":{"id":"application-manageyards-display-component---NewYard--addressEditDetailsCostObjectCstType-arrow"},"wdio_ui5_key":"applicationmanageyards-display-component---NewYard--addressEditDetailsCostObjectCstType-arrow"}]}
RESULT: {"script":"<script> [1562 bytes]","args":[{"selector":{"id":"application-manageyards-display-component---NewYard--addressEditDetailsCostObjectCstType-arrow"},"wdio_ui5_key":"applicationmanageyards-display-component---NewYard--addressEditDetailsCostObjectCstType-arrow"}]}
RESULT: undefined
COMMAND: POST /session/5fe08db6bd73095dce541d1489fc13fd/element - {"using":"xpath","value":"//*[@id=\"application-manageyards-display-component---NewYard--addressEditDetailsCostObjectCstType-arrow\"]"}
RESULT: {"using":"xpath","value":"//*[@id=\"application-manageyards-display-component---NewYard--addressEditDetailsCostObjectCstType-arrow\"]"}
COMMAND: POST /session/5fe08db6bd73095dce541d1489fc13fd/element/f.084301A5A664EC2A1657BC720E998331.d.8CE543F35F2C42C6AE2E592930355F55.e.11255/click - {}
RESULT: {}
COMMAND: POST /session/5fe08db6bd73095dce541d1489fc13fd/element - {"using":"xpath","value":"//span[contains(text(), \"Cost Center\")]"}
COMMAND: GET /session/5fe08db6bd73095dce541d1489fc13fd/screenshot - {}
RESULT: {"using":"xpath","value":"//span[contains(text(), \"Cost Center\")]"}
COMMAND: POST /session/5fe08db6bd73095dce541d1489fc13fd/element/f.084301A5A664EC2A1657BC720E998331.d.8CE543F35F2C42C6AE2E592930355F55.e.11256/click - {}
RESULT: {}
RESULT: {}
COMMAND: GET /session/5fe08db6bd73095dce541d1489fc13fd/screenshot - {}
RESULT: {}
COMMAND: POST /session/5fe08db6bd73095dce541d1489fc13fd/execute/async - {"script":"<script> [1562 bytes]","args":[{"selector":{"id":"application-manageyards-display-component---NewYard--addressNewCostObjectCstID-vhi"},"wdio_ui5_key":"applicationmanageyards-display-component---NewYard--addressNewCostObjectCstID-vhi"}]}
RESULT: {"script":"<script> [1562 bytes]","args":[{"selector":{"id":"application-manageyards-display-component---NewYard--addressNewCostObjectCstID-vhi"},"wdio_ui5_key":"applicationmanageyards-display-component---NewYard--addressNewCostObjectCstID-vhi"}]}
RESULT: undefined
COMMAND: POST /session/5fe08db6bd73095dce541d1489fc13fd/element - {"using":"xpath","value":"//*[@id=\"application-manageyards-display-component---NewYard--addressNewCostObjectCstID-vhi\"]"}
RESULT: {"using":"xpath","value":"//*[@id=\"application-manageyards-display-component---NewYard--addressNewCostObjectCstID-vhi\"]"}
COMMAND: POST /session/5fe08db6bd73095dce541d1489fc13fd/element/f.084301A5A664EC2A1657BC720E998331.d.8CE543F35F2C42C6AE2E592930355F55.e.11260/click - {}
RESULT: {}
COMMAND: GET /session/5fe08db6bd73095dce541d1489fc13fd/screenshot - {}
RESULT: {}
COMMAND: POST /session/5fe08db6bd73095dce541d1489fc13fd/execute/async - {"script":"<script> [1562 bytes]","args":[{"selector":{"controlType":"sap.m.SearchField","properties":{"placeholder":"Search"},"searchOpenDialogs":true,"interaction":{"idSuffix":"I"}},"wdio_ui5_key":"sapm.SearchField{\"placeholder\":\"Search\"}"}]}
RESULT: {"script":"<script> [1562 bytes]","args":[{"selector":{"controlType":"sap.m.SearchField","properties":{"placeholder":"Search"},"searchOpenDialogs":true,"interaction":{"idSuffix":"I"}},"wdio_ui5_key":"sapm.SearchField{\"placeholder\":\"Search\"}"}]}
RESULT: undefined
COMMAND: POST /session/5fe08db6bd73095dce541d1489fc13fd/execute/async - {"script":"<script> [776 bytes]","args":[{"enterText":"10001013","selector":{"controlType":"sap.m.SearchField","properties":{"placeholder":"Search"},"searchOpenDialogs":true,"interaction":{"idSuffix":"I"}},"clearTextFirst":true,"interactionType":"ENTER_TEXT"}]}
RESULT: {"script":"<script> [776 bytes]","args":[{"enterText":"10001013","selector":{"controlType":"sap.m.SearchField","properties":{"placeholder":"Search"},"searchOpenDialogs":true,"interaction":{"idSuffix":"I"}},"clearTextFirst":true,"interactionType":"ENTER_TEXT"}]}
COMMAND: POST /session/5fe08db6bd73095dce541d1489fc13fd/actions - {"actions":[{"id":"action66","type":"key","parameters":{},"actions":[{"type":"keyDown","value":"î€‡"},{"type":"pause","duration":10},{"type":"keyUp","value":"î€‡"}]}]}
RESULT: {"actions":[{"id":"action66","type":"key","parameters":{},"actions":[{"type":"keyDown","value":"î€‡"},{"type":"pause","duration":10},{"type":"keyUp","value":"î€‡"}]}]}
COMMAND: GET /session/5fe08db6bd73095dce541d1489fc13fd/screenshot - {}
RESULT: {}
COMMAND: POST /session/5fe08db6bd73095dce541d1489fc13fd/element - {"using":"xpath","value":"//span[contains(text(), \"General Management\")]"}
RESULT: {"using":"xpath","value":"//span[contains(text(), \"General Management\")]"}
COMMAND: POST /session/5fe08db6bd73095dce541d1489fc13fd/element/f.084301A5A664EC2A1657BC720E998331.d.8CE543F35F2C42C6AE2E592930355F55.e.11300/click - {}
RESULT: {}
COMMAND: GET /session/5fe08db6bd73095dce541d1489fc13fd/screenshot - {}
RESULT: {}
COMMAND: POST /session/5fe08db6bd73095dce541d1489fc13fd/element - {"using":"xpath","value":"//bdi[contains(text(), \"OK\")]"}
RESULT: {"using":"xpath","value":"//bdi[contains(text(), \"OK\")]"}
COMMAND: POST /session/5fe08db6bd73095dce541d1489fc13fd/element/f.084301A5A664EC2A1657BC720E998331.d.8CE543F35F2C42C6AE2E592930355F55.e.11301/click - {}
RESULT: {}
COMMAND: GET /session/5fe08db6bd73095dce541d1489fc13fd/screenshot - {}
RESULT: {}
COMMAND: POST /session/5fe08db6bd73095dce541d1489fc13fd/execute/async - {"script":"<script> [1562 bytes]","args":[{"selector":{"controlType":"sap.m.Button","viewName":"etm.portal.ui.manageyards.view.New","viewId":"application-manageyards-display-component---NewYard","i18NText":{"propertyName":"text","key":"save"},"interaction":{"idSuffix":"inner"}},"wdio_ui5_key":"etmportal.ui.manageyards.view.Newsap.m.Button{\"propertyName\":\"text\",\"key\":\"save\"}"}]}
RESULT: {"script":"<script> [1562 bytes]","args":[{"selector":{"controlType":"sap.m.Button","viewName":"etm.portal.ui.manageyards.view.New","viewId":"application-manageyards-display-component---NewYard","i18NText":{"propertyName":"text","key":"save"},"interaction":{"idSuffix":"inner"}},"wdio_ui5_key":"etmportal.ui.manageyards.view.Newsap.m.Button{\"propertyName\":\"text\",\"key\":\"save\"}"}]}
RESULT: undefined
COMMAND: POST /session/5fe08db6bd73095dce541d1489fc13fd/element - {"using":"xpath","value":"//*[@id=\"__button28\"]"}
RESULT: {"using":"xpath","value":"//*[@id=\"__button28\"]"}
COMMAND: POST /session/5fe08db6bd73095dce541d1489fc13fd/element/f.084301A5A664EC2A1657BC720E998331.d.8CE543F35F2C42C6AE2E592930355F55.e.11195/click - {}
RESULT: {}
COMMAND: GET /session/5fe08db6bd73095dce541d1489fc13fd/screenshot - {}
RESULT: {}
COMMAND: POST /session/5fe08db6bd73095dce541d1489fc13fd/element - {"using":"xpath","value":"//header/div/div[2]/div[2]/span"}
RESULT: {"using":"xpath","value":"//header/div/div[2]/div[2]/span"}
COMMAND: GET /session/5fe08db6bd73095dce541d1489fc13fd/element/f.084301A5A664EC2A1657BC720E998331.d.8CE543F35F2C42C6AE2E592930355F55.e.11499/text - {}
RESULT: {}
COMMAND: POST /session/5fe08db6bd73095dce541d1489fc13fd/execute/async - {"script":"<script> [1562 bytes]","args":[{"selector":{"controlType":"sap.m.OverflowToolbarButton","viewName":"etm.portal.ui.manageyards.view.Detail","viewId":"application-manageyards-display-component---detailYard","i18NText":{"propertyName":"tooltip","key":"closeColumn"},"interaction":{"idSuffix":"inner"}},"wdio_ui5_key":"etmportal.ui.manageyards.view.Detailsap.m.OverflowToolbarButton{\"propertyName\":\"tooltip\",\"key\":\"closeColumn\"}"}]}
RESULT: {"script":"<script> [1562 bytes]","args":[{"selector":{"controlType":"sap.m.OverflowToolbarButton","viewName":"etm.portal.ui.manageyards.view.Detail","viewId":"application-manageyards-display-component---detailYard","i18NText":{"propertyName":"tooltip","key":"closeColumn"},"interaction":{"idSuffix":"inner"}},"wdio_ui5_key":"etmportal.ui.manageyards.view.Detailsap.m.OverflowToolbarButton{\"propertyName\":\"tooltip\",\"key\":\"closeColumn\"}"}]}
RESULT: undefined
COMMAND: POST /session/5fe08db6bd73095dce541d1489fc13fd/element - {"using":"xpath","value":"//*[@id=\"__button50\"]"}
RESULT: {"using":"xpath","value":"//*[@id=\"__button50\"]"}
COMMAND: POST /session/5fe08db6bd73095dce541d1489fc13fd/element/f.084301A5A664EC2A1657BC720E998331.d.8CE543F35F2C42C6AE2E592930355F55.e.11501/click - {}
RESULT: {}
COMMAND: GET /session/5fe08db6bd73095dce541d1489fc13fd/screenshot - {}
RESULT: {}
COMMAND: POST /session/5fe08db6bd73095dce541d1489fc13fd/element - {"using":"css selector","value":"#shell-header-logo"}
RESULT: {"using":"css selector","value":"#shell-header-logo"}
COMMAND: POST /session/5fe08db6bd73095dce541d1489fc13fd/element/f.084301A5A664EC2A1657BC720E998331.d.8CE543F35F2C42C6AE2E592930355F55.e.10632/click - {}
RESULT: {}
COMMAND: GET /session/5fe08db6bd73095dce541d1489fc13fd/screenshot - {}
RESULT: {}
COMMAND: POST /session/5fe08db6bd73095dce541d1489fc13fd/refresh - {}
RESULT: {}
COMMAND: GET /session/5fe08db6bd73095dce541d1489fc13fd/screenshot - {}
RESULT: {}
COMMAND: POST /session/5fe08db6bd73095dce541d1489fc13fd/execute/async - {"script":"<script> [189 bytes]","args":[]}
RESULT: {"script":"<script> [189 bytes]","args":[]}
COMMAND: POST /session/5fe08db6bd73095dce541d1489fc13fd/execute/async - {"script":"<script> [123 bytes]","args":[]}
RESULT: {"script":"<script> [123 bytes]","args":[]}
COMMAND: POST /session/5fe08db6bd73095dce541d1489fc13fd/timeouts - {"script":"<number>"}
RESULT: {"script":"<number>"}
COMMAND: GET /session/5fe08db6bd73095dce541d1489fc13fd/timeouts - {}
RESULT: {}
RESULT: undefined
COMMAND: POST /session/5fe08db6bd73095dce541d1489fc13fd/execute/async - {"script":"<script> [2676 bytes]","args":[]}
RESULT: {"script":"<script> [2676 bytes]","args":[]}
COMMAND: POST /session/5fe08db6bd73095dce541d1489fc13fd/execute/async - {"script":"<script> [2342 bytes]","args":[{"protocol":"http","hostname":"0.0.0.0","path":"/","capabilities":{"browserName":"chrome","goog:chromeOptions":{"binary":"C:\\Program Files\\Google\\Chrome\\Application\\chrome.exe","args":["--start-maximized"]}},"logLevel":"warn","connectionRetryTimeout":120000,"connectionRetryCount":3,"logLevels":{},"enableDirectConnect":true,"strictSSL":true,"_":"65 more keys: [\"cacheDir\",\"port\",\"requestedCapabilities\",\"automationProtocol\",\"baseUrl\",\"waitforInterval\",\"waitforTimeout\",\"onReload\",\"beforeCommand\",\"afterCommand\",\"rootDir\",\"specs\",\"suites\",\"exclude\",\"groupLogsByTestSpec\",\"excludeDriverLogs\",\"bail\",\"framework\",\"reporters\",\"services\",\"maxInstances\",\"maxInstancesPerCapability\",\"injectGlobals\",\"filesToWatch\",\"execArgv\",\"runnerEnv\",\"runner\",\"shard\",\"specFileRetries\",\"specFileRetriesDelay\",\"specFileRetriesDeferred\",\"reporterSyncInterval\",\"reporterSyncTimeout\",\"cucumberFeaturesWithLineNumbers\",\"autoCompileOpts\",\"mochaOpts\",\"jasmineOpts\",\"cucumberOpts\",\"onPrepare\",\"onWorkerStart\",\"onWorkerEnd\",\"before\",\"beforeSession\",\"beforeSuite\",\"beforeHook\",\"beforeTest\",\"afterTest\",\"afterHook\",\"afterSuite\",\"afterSession\",\"after\",\"onComplete\",\"beforeAssertion\",\"afterAssertion\",\"beforeFeature\",\"beforeScenario\",\"beforeStep\",\"afterStep\",\"afterScenario\",\"afterFeature\",\"_\",\"suite\",\"$0\",\"ignoredWorkerServices\",\"wdi5\"]"}]}
RESULT: {"script":"<script> [2342 bytes]","args":[{"protocol":"http","hostname":"0.0.0.0","path":"/","capabilities":{"browserName":"chrome","goog:chromeOptions":{"binary":"C:\\Program Files\\Google\\Chrome\\Application\\chrome.exe","args":["--start-maximized"]}},"logLevel":"warn","connectionRetryTimeout":120000,"connectionRetryCount":3,"logLevels":{},"enableDirectConnect":true,"strictSSL":true,"_":"65 more keys: [\"cacheDir\",\"port\",\"requestedCapabilities\",\"automationProtocol\",\"baseUrl\",\"waitforInterval\",\"waitforTimeout\",\"onReload\",\"beforeCommand\",\"afterCommand\",\"rootDir\",\"specs\",\"suites\",\"exclude\",\"groupLogsByTestSpec\",\"excludeDriverLogs\",\"bail\",\"framework\",\"reporters\",\"services\",\"maxInstances\",\"maxInstancesPerCapability\",\"injectGlobals\",\"filesToWatch\",\"execArgv\",\"runnerEnv\",\"runner\",\"shard\",\"specFileRetries\",\"specFileRetriesDelay\",\"specFileRetriesDeferred\",\"reporterSyncInterval\",\"reporterSyncTimeout\",\"cucumberFeaturesWithLineNumbers\",\"autoCompileOpts\",\"mochaOpts\",\"jasmineOpts\",\"cucumberOpts\",\"onPrepare\",\"onWorkerStart\",\"onWorkerEnd\",\"before\",\"beforeSession\",\"beforeSuite\",\"beforeHook\",\"beforeTest\",\"afterTest\",\"afterHook\",\"afterSuite\",\"afterSession\",\"after\",\"onComplete\",\"beforeAssertion\",\"afterAssertion\",\"beforeFeature\",\"beforeScenario\",\"beforeStep\",\"afterStep\",\"afterScenario\",\"afterFeature\",\"_\",\"suite\",\"$0\",\"ignoredWorkerServices\",\"wdi5\"]"}]}
COMMAND: POST /session/5fe08db6bd73095dce541d1489fc13fd/execute/async - {"script":"<script> [21126 bytes]","args":[35000]}
RESULT: {"script":"<script> [21126 bytes]","args":[35000]}
COMMAND: POST /session/5fe08db6bd73095dce541d1489fc13fd/execute/async - {"script":"<script> [1562 bytes]","args":[{"selector":{"controlType":"sap.m.GenericTile","properties":{"header":"Manage Partners"}},"wdio_ui5_key":"sapm.GenericTile{\"header\":\"Manage Partners\"}"}]}
RESULT: {"script":"<script> [1562 bytes]","args":[{"selector":{"controlType":"sap.m.GenericTile","properties":{"header":"Manage Partners"}},"wdio_ui5_key":"sapm.GenericTile{\"header\":\"Manage Partners\"}"}]}
RESULT: undefined
COMMAND: POST /session/5fe08db6bd73095dce541d1489fc13fd/element - {"using":"xpath","value":"//*[@id=\"__tile38\"]"}
RESULT: {"using":"xpath","value":"//*[@id=\"__tile38\"]"}
COMMAND: POST /session/5fe08db6bd73095dce541d1489fc13fd/element/f.084301A5A664EC2A1657BC720E998331.d.2174AF25AEF0D5F91F3E711B282A6B02.e.11856/click - {}
RESULT: {}
COMMAND: GET /session/5fe08db6bd73095dce541d1489fc13fd/screenshot - {}
RESULT: {}
COMMAND: POST /session/5fe08db6bd73095dce541d1489fc13fd/elements - {"using":"xpath","value":"//span[text()='Error']"}
RESULT: {"using":"xpath","value":"//span[text()='Error']"}
COMMAND: POST /session/5fe08db6bd73095dce541d1489fc13fd/execute/async - {"script":"<script> [1562 bytes]","args":[{"selector":{"controlType":"sap.ui.core.Icon","viewName":"etm.portal.ui.managepartners.view.Master","viewId":"application-managepartners-display-component---masterPtm","properties":{"src":{"regex":{"source":"add"}}}},"wdio_ui5_key":"etmportal.ui.managepartners.view.Mastersap.ui.core.Icon{\"src\":{\"regex\":{\"source\":\"add\"}}}"}]}
RESULT: {"script":"<script> [1562 bytes]","args":[{"selector":{"controlType":"sap.ui.core.Icon","viewName":"etm.portal.ui.managepartners.view.Master","viewId":"application-managepartners-display-component---masterPtm","properties":{"src":{"regex":{"source":"add"}}}},"wdio_ui5_key":"etmportal.ui.managepartners.view.Mastersap.ui.core.Icon{\"src\":{\"regex\":{\"source\":\"add\"}}}"}]}
RESULT: undefined
COMMAND: POST /session/5fe08db6bd73095dce541d1489fc13fd/element - {"using":"xpath","value":"//*[@id=\"__button4-img\"]"}
RESULT: {"using":"xpath","value":"//*[@id=\"__button4-img\"]"}
COMMAND: POST /session/5fe08db6bd73095dce541d1489fc13fd/element/f.084301A5A664EC2A1657BC720E998331.d.2174AF25AEF0D5F91F3E711B282A6B02.e.11906/click - {}
RESULT: {}
COMMAND: GET /session/5fe08db6bd73095dce541d1489fc13fd/screenshot - {}
RESULT: {}
COMMAND: POST /session/5fe08db6bd73095dce541d1489fc13fd/execute/async - {"script":"<script> [1562 bytes]","args":[{"selector":{"id":"application-managepartners-display-component---NewPartner--partnerId","interaction":{"idSuffix":"inner"}},"wdio_ui5_key":"applicationmanagepartners-display-component---NewPartner--partnerId"}]}
RESULT: {"script":"<script> [1562 bytes]","args":[{"selector":{"id":"application-managepartners-display-component---NewPartner--partnerId","interaction":{"idSuffix":"inner"}},"wdio_ui5_key":"applicationmanagepartners-display-component---NewPartner--partnerId"}]}
RESULT: undefined
COMMAND: POST /session/5fe08db6bd73095dce541d1489fc13fd/execute/async - {"script":"<script> [1562 bytes]","args":[{"selector":{"id":"application-managepartners-display-component---NewPartner--addressDetailDetailsName1","interaction":{"idSuffix":"inner"}},"wdio_ui5_key":"applicationmanagepartners-display-component---NewPartner--addressDetailDetailsName1"}]}
RESULT: {"script":"<script> [1562 bytes]","args":[{"selector":{"id":"application-managepartners-display-component---NewPartner--addressDetailDetailsName1","interaction":{"idSuffix":"inner"}},"wdio_ui5_key":"applicationmanagepartners-display-component---NewPartner--addressDetailDetailsName1"}]}
RESULT: undefined
COMMAND: POST /session/5fe08db6bd73095dce541d1489fc13fd/execute/async - {"script":"<script> [776 bytes]","args":[{"enterText":"WebdriverPartnermm3pa","selector":{"id":"application-managepartners-display-component---NewPartner--addressDetailDetailsName1","interaction":{"idSuffix":"inner"}},"clearTextFirst":true,"interactionType":"ENTER_TEXT"}]}
RESULT: {"script":"<script> [776 bytes]","args":[{"enterText":"WebdriverPartnermm3pa","selector":{"id":"application-managepartners-display-component---NewPartner--addressDetailDetailsName1","interaction":{"idSuffix":"inner"}},"clearTextFirst":true,"interactionType":"ENTER_TEXT"}]}
COMMAND: POST /session/5fe08db6bd73095dce541d1489fc13fd/execute/async - {"script":"<script> [1562 bytes]","args":[{"selector":{"id":"application-managepartners-display-component---NewPartner--addressDetailDetailsLanguage","interaction":{"idSuffix":"inner"}},"wdio_ui5_key":"applicationmanagepartners-display-component---NewPartner--addressDetailDetailsLanguage"}]}
RESULT: {"script":"<script> [1562 bytes]","args":[{"selector":{"id":"application-managepartners-display-component---NewPartner--addressDetailDetailsLanguage","interaction":{"idSuffix":"inner"}},"wdio_ui5_key":"applicationmanagepartners-display-component---NewPartner--addressDetailDetailsLanguage"}]}
RESULT: undefined
COMMAND: POST /session/5fe08db6bd73095dce541d1489fc13fd/execute/async - {"script":"<script> [776 bytes]","args":[{"enterText":"Romanian","selector":{"id":"application-managepartners-display-component---NewPartner--addressDetailDetailsLanguage","interaction":{"idSuffix":"inner"}},"clearTextFirst":true,"interactionType":"ENTER_TEXT"}]}
RESULT: {"script":"<script> [776 bytes]","args":[{"enterText":"Romanian","selector":{"id":"application-managepartners-display-component---NewPartner--addressDetailDetailsLanguage","interaction":{"idSuffix":"inner"}},"clearTextFirst":true,"interactionType":"ENTER_TEXT"}]}
COMMAND: POST /session/5fe08db6bd73095dce541d1489fc13fd/element - {"using":"xpath","value":"//input[contains(@id ,\"application-managepartners-display-component---NewPartner--addressDetailDetailsName1-inner\")]"}
RESULT: {"using":"xpath","value":"//input[contains(@id ,\"application-managepartners-display-component---NewPartner--addressDetailDetailsName1-inner\")]"}
COMMAND: GET /session/5fe08db6bd73095dce541d1489fc13fd/element/f.084301A5A664EC2A1657BC720E998331.d.2174AF25AEF0D5F91F3E711B282A6B02.e.12045/property/value - {}
RESULT: {}
COMMAND: POST /session/5fe08db6bd73095dce541d1489fc13fd/execute/async - {"script":"<script> [1562 bytes]","args":[{"selector":{"id":"application-managepartners-display-component---NewPartner--addressDetailDetailsCity1","interaction":{"idSuffix":"inner"}},"wdio_ui5_key":"applicationmanagepartners-display-component---NewPartner--addressDetailDetailsCity1"}]}
COMMAND: GET /session/5fe08db6bd73095dce541d1489fc13fd/screenshot - {}
RESULT: {"script":"<script> [1562 bytes]","args":[{"selector":{"id":"application-managepartners-display-component---NewPartner--addressDetailDetailsCity1","interaction":{"idSuffix":"inner"}},"wdio_ui5_key":"applicationmanagepartners-display-component---NewPartner--addressDetailDetailsCity1"}]}
RESULT: undefined
COMMAND: POST /session/5fe08db6bd73095dce541d1489fc13fd/execute/async - {"script":"<script> [776 bytes]","args":[{"enterText":"Bucharest","selector":{"id":"application-managepartners-display-component---NewPartner--addressDetailDetailsCity1","interaction":{"idSuffix":"inner"}},"clearTextFirst":true,"interactionType":"ENTER_TEXT"}]}
RESULT: {}
RESULT: {"script":"<script> [776 bytes]","args":[{"enterText":"Bucharest","selector":{"id":"application-managepartners-display-component---NewPartner--addressDetailDetailsCity1","interaction":{"idSuffix":"inner"}},"clearTextFirst":true,"interactionType":"ENTER_TEXT"}]}
COMMAND: POST /session/5fe08db6bd73095dce541d1489fc13fd/execute/async - {"script":"<script> [1562 bytes]","args":[{"selector":{"id":"application-managepartners-display-component---NewPartner--addressDetailDetailsCountry","interaction":{"idSuffix":"inner"}},"wdio_ui5_key":"applicationmanagepartners-display-component---NewPartner--addressDetailDetailsCountry"}]}
RESULT: {"script":"<script> [1562 bytes]","args":[{"selector":{"id":"application-managepartners-display-component---NewPartner--addressDetailDetailsCountry","interaction":{"idSuffix":"inner"}},"wdio_ui5_key":"applicationmanagepartners-display-component---NewPartner--addressDetailDetailsCountry"}]}
RESULT: undefined
COMMAND: POST /session/5fe08db6bd73095dce541d1489fc13fd/execute/async - {"script":"<script> [6424 bytes]","args":[{"element-6066-11e4-a52e-4f735466cecf":"f.084301A5A664EC2A1657BC720E998331.d.2174AF25AEF0D5F91F3E711B282A6B02.e.12052"},"setValue",["Romania"]]}
RESULT: {"script":"<script> [6424 bytes]","args":[{"element-6066-11e4-a52e-4f735466cecf":"f.084301A5A664EC2A1657BC720E998331.d.2174AF25AEF0D5F91F3E711B282A6B02.e.12052"},"setValue",["Romania"]]}
COMMAND: POST /session/5fe08db6bd73095dce541d1489fc13fd/execute/async - {"script":"<script> [1562 bytes]","args":[{"selector":{"id":"application-managepartners-display-component---NewPartner--partnerDetailInternal","interaction":{"idSuffix":"inner"}},"wdio_ui5_key":"applicationmanagepartners-display-component---NewPartner--partnerDetailInternal"}]}
RESULT: {"script":"<script> [1562 bytes]","args":[{"selector":{"id":"application-managepartners-display-component---NewPartner--partnerDetailInternal","interaction":{"idSuffix":"inner"}},"wdio_ui5_key":"applicationmanagepartners-display-component---NewPartner--partnerDetailInternal"}]}
RESULT: undefined
COMMAND: POST /session/5fe08db6bd73095dce541d1489fc13fd/execute/async - {"script":"<script> [776 bytes]","args":[{"enterText":"External partner","selector":{"id":"application-managepartners-display-component---NewPartner--partnerDetailInternal","interaction":{"idSuffix":"inner"}},"clearTextFirst":true,"interactionType":"ENTER_TEXT"}]}
RESULT: {"script":"<script> [776 bytes]","args":[{"enterText":"External partner","selector":{"id":"application-managepartners-display-component---NewPartner--partnerDetailInternal","interaction":{"idSuffix":"inner"}},"clearTextFirst":true,"interactionType":"ENTER_TEXT"}]}
COMMAND: POST /session/5fe08db6bd73095dce541d1489fc13fd/execute/async - {"script":"<script> [1562 bytes]","args":[{"selector":{"id":"application-managepartners-display-component---NewPartner--partnerDetailsCurrency","interaction":{"idSuffix":"inner"}},"wdio_ui5_key":"applicationmanagepartners-display-component---NewPartner--partnerDetailsCurrency"}]}
RESULT: {"script":"<script> [1562 bytes]","args":[{"selector":{"id":"application-managepartners-display-component---NewPartner--partnerDetailsCurrency","interaction":{"idSuffix":"inner"}},"wdio_ui5_key":"applicationmanagepartners-display-component---NewPartner--partnerDetailsCurrency"}]}
RESULT: undefined
COMMAND: POST /session/5fe08db6bd73095dce541d1489fc13fd/execute/async - {"script":"<script> [776 bytes]","args":[{"enterText":"Euro","selector":{"id":"application-managepartners-display-component---NewPartner--partnerDetailsCurrency","interaction":{"idSuffix":"inner"}},"clearTextFirst":true,"interactionType":"ENTER_TEXT"}]}
RESULT: {"script":"<script> [776 bytes]","args":[{"enterText":"Euro","selector":{"id":"application-managepartners-display-component---NewPartner--partnerDetailsCurrency","interaction":{"idSuffix":"inner"}},"clearTextFirst":true,"interactionType":"ENTER_TEXT"}]}
COMMAND: POST /session/5fe08db6bd73095dce541d1489fc13fd/execute/async - {"script":"<script> [1562 bytes]","args":[{"selector":{"controlType":"sap.m.Button","viewName":"etm.portal.ui.managepartners.view.NewPartner","viewId":"application-managepartners-display-component---NewPartner","properties":{"text":"Commercial"},"interaction":{"idSuffix":"BDI-content"}},"wdio_ui5_key":"etmportal.ui.managepartners.view.NewPartnersap.m.Button{\"text\":\"Commercial\"}"}]}
RESULT: {"script":"<script> [1562 bytes]","args":[{"selector":{"controlType":"sap.m.Button","viewName":"etm.portal.ui.managepartners.view.NewPartner","viewId":"application-managepartners-display-component---NewPartner","properties":{"text":"Commercial"},"interaction":{"idSuffix":"BDI-content"}},"wdio_ui5_key":"etmportal.ui.managepartners.view.NewPartnersap.m.Button{\"text\":\"Commercial\"}"}]}
RESULT: undefined
COMMAND: POST /session/5fe08db6bd73095dce541d1489fc13fd/element - {"using":"xpath","value":"//*[@id=\"application-managepartners-display-component---NewPartner--ObjectPageLayout-anchBar-__section5-anchor\"]"}
RESULT: {"using":"xpath","value":"//*[@id=\"application-managepartners-display-component---NewPartner--ObjectPageLayout-anchBar-__section5-anchor\"]"}
COMMAND: POST /session/5fe08db6bd73095dce541d1489fc13fd/element/f.084301A5A664EC2A1657BC720E998331.d.2174AF25AEF0D5F91F3E711B282A6B02.e.12336/click - {}
RESULT: {}
COMMAND: GET /session/5fe08db6bd73095dce541d1489fc13fd/screenshot - {}
RESULT: {}
COMMAND: POST /session/5fe08db6bd73095dce541d1489fc13fd/execute/async - {"script":"<script> [1562 bytes]","args":[{"selector":{"id":"application-managepartners-display-component---NewPartner--btnAddTableRow-img"},"wdio_ui5_key":"applicationmanagepartners-display-component---NewPartner--btnAddTableRow-img"}]}
RESULT: {"script":"<script> [1562 bytes]","args":[{"selector":{"id":"application-managepartners-display-component---NewPartner--btnAddTableRow-img"},"wdio_ui5_key":"applicationmanagepartners-display-component---NewPartner--btnAddTableRow-img"}]}
RESULT: undefined
COMMAND: POST /session/5fe08db6bd73095dce541d1489fc13fd/element - {"using":"xpath","value":"//*[@id=\"application-managepartners-display-component---NewPartner--btnAddTableRow-img\"]"}
RESULT: {"using":"xpath","value":"//*[@id=\"application-managepartners-display-component---NewPartner--btnAddTableRow-img\"]"}
COMMAND: POST /session/5fe08db6bd73095dce541d1489fc13fd/element/f.084301A5A664EC2A1657BC720E998331.d.2174AF25AEF0D5F91F3E711B282A6B02.e.12342/click - {}
RESULT: {}
COMMAND: POST /session/5fe08db6bd73095dce541d1489fc13fd/element - {"using":"xpath","value":"//input[contains(@id ,\"application-managepartners-display-component---NewPartner--assignmentYard-application-managepartners-display-component---NewPartner\")]"}
COMMAND: GET /session/5fe08db6bd73095dce541d1489fc13fd/screenshot - {}
RESULT: {"using":"xpath","value":"//input[contains(@id ,\"application-managepartners-display-component---NewPartner--assignmentYard-application-managepartners-display-component---NewPartner\")]"}
COMMAND: POST /session/5fe08db6bd73095dce541d1489fc13fd/element/f.084301A5A664EC2A1657BC720E998331.d.2174AF25AEF0D5F91F3E711B282A6B02.e.12345/clear - {}
RESULT: {}
RESULT: {}
COMMAND: POST /session/5fe08db6bd73095dce541d1489fc13fd/element/f.084301A5A664EC2A1657BC720E998331.d.2174AF25AEF0D5F91F3E711B282A6B02.e.12345/value - {"text":"308"}
COMMAND: GET /session/5fe08db6bd73095dce541d1489fc13fd/screenshot - {}
RESULT: {"text":"308"}
COMMAND: GET /session/5fe08db6bd73095dce541d1489fc13fd/screenshot - {}
RESULT: {}
RESULT: {}
COMMAND: POST /session/5fe08db6bd73095dce541d1489fc13fd/execute/async - {"script":"<script> [1562 bytes]","args":[{"selector":{"controlType":"sap.m.Button","viewName":"etm.portal.ui.managepartners.view.NewPartner","viewId":"application-managepartners-display-component---NewPartner","i18NText":{"propertyName":"text","key":"save"},"interaction":{"idSuffix":"BDI-content"}},"wdio_ui5_key":"etmportal.ui.managepartners.view.NewPartnersap.m.Button{\"propertyName\":\"text\",\"key\":\"save\"}"}]}
RESULT: {"script":"<script> [1562 bytes]","args":[{"selector":{"controlType":"sap.m.Button","viewName":"etm.portal.ui.managepartners.view.NewPartner","viewId":"application-managepartners-display-component---NewPartner","i18NText":{"propertyName":"text","key":"save"},"interaction":{"idSuffix":"BDI-content"}},"wdio_ui5_key":"etmportal.ui.managepartners.view.NewPartnersap.m.Button{\"propertyName\":\"text\",\"key\":\"save\"}"}]}
RESULT: undefined
COMMAND: POST /session/5fe08db6bd73095dce541d1489fc13fd/element - {"using":"xpath","value":"//*[@id=\"__button12\"]"}
RESULT: {"using":"xpath","value":"//*[@id=\"__button12\"]"}
COMMAND: POST /session/5fe08db6bd73095dce541d1489fc13fd/element/f.084301A5A664EC2A1657BC720E998331.d.2174AF25AEF0D5F91F3E711B282A6B02.e.12208/click - {}
RESULT: {}
COMMAND: GET /session/5fe08db6bd73095dce541d1489fc13fd/screenshot - {}
RESULT: {}
COMMAND: POST /session/5fe08db6bd73095dce541d1489fc13fd/element - {"using":"xpath","value":"//header/div/div[2]/div[2]/span"}
RESULT: {"using":"xpath","value":"//header/div/div[2]/div[2]/span"}
COMMAND: GET /session/5fe08db6bd73095dce541d1489fc13fd/element/f.084301A5A664EC2A1657BC720E998331.d.2174AF25AEF0D5F91F3E711B282A6B02.e.12515/text - {}
RESULT: {}
COMMAND: POST /session/5fe08db6bd73095dce541d1489fc13fd/element - {"using":"xpath","value":"//header/div/div/div/div/div/div[2]/div/span"}
RESULT: {"using":"xpath","value":"//header/div/div/div/div/div/div[2]/div/span"}
COMMAND: GET /session/5fe08db6bd73095dce541d1489fc13fd/element/f.084301A5A664EC2A1657BC720E998331.d.2174AF25AEF0D5F91F3E711B282A6B02.e.12516/text - {}
RESULT: {}
COMMAND: POST /session/5fe08db6bd73095dce541d1489fc13fd/execute/async - {"script":"<script> [1562 bytes]","args":[{"selector":{"id":"application-managepartners-display-component---detailPtm--partnerType"},"wdio_ui5_key":"applicationmanagepartners-display-component---detailPtm--partnerType"}]}
RESULT: {"script":"<script> [1562 bytes]","args":[{"selector":{"id":"application-managepartners-display-component---detailPtm--partnerType"},"wdio_ui5_key":"applicationmanagepartners-display-component---detailPtm--partnerType"}]}
RESULT: undefined
COMMAND: POST /session/5fe08db6bd73095dce541d1489fc13fd/execute/async - {"script":"<script> [6424 bytes]","args":[{"element-6066-11e4-a52e-4f735466cecf":"f.084301A5A664EC2A1657BC720E998331.d.2174AF25AEF0D5F91F3E711B282A6B02.e.12517"},"getText",[]]}
RESULT: {"script":"<script> [6424 bytes]","args":[{"element-6066-11e4-a52e-4f735466cecf":"f.084301A5A664EC2A1657BC720E998331.d.2174AF25AEF0D5F91F3E711B282A6B02.e.12517"},"getText",[]]}
COMMAND: POST /session/5fe08db6bd73095dce541d1489fc13fd/element - {"using":"css selector","value":"#shell-header-logo"}
RESULT: {"using":"css selector","value":"#shell-header-logo"}
COMMAND: POST /session/5fe08db6bd73095dce541d1489fc13fd/element/f.084301A5A664EC2A1657BC720E998331.d.2174AF25AEF0D5F91F3E711B282A6B02.e.11857/click - {}
RESULT: {}
COMMAND: GET /session/5fe08db6bd73095dce541d1489fc13fd/screenshot - {}
RESULT: {}
COMMAND: POST /session/5fe08db6bd73095dce541d1489fc13fd/execute/async - {"script":"<script> [1562 bytes]","args":[{"selector":{"controlType":"sap.m.GenericTile","properties":{"header":"Manage Sites"}},"wdio_ui5_key":"sapm.GenericTile{\"header\":\"Manage Sites\"}"}]}
RESULT: {"script":"<script> [1562 bytes]","args":[{"selector":{"controlType":"sap.m.GenericTile","properties":{"header":"Manage Sites"}},"wdio_ui5_key":"sapm.GenericTile{\"header\":\"Manage Sites\"}"}]}
RESULT: undefined
COMMAND: POST /session/5fe08db6bd73095dce541d1489fc13fd/element - {"using":"xpath","value":"//*[@id=\"__tile40\"]"}
RESULT: {"using":"xpath","value":"//*[@id=\"__tile40\"]"}
COMMAND: POST /session/5fe08db6bd73095dce541d1489fc13fd/element/f.084301A5A664EC2A1657BC720E998331.d.2174AF25AEF0D5F91F3E711B282A6B02.e.12519/click - {}
RESULT: {}
COMMAND: GET /session/5fe08db6bd73095dce541d1489fc13fd/screenshot - {}
RESULT: {}
COMMAND: POST /session/5fe08db6bd73095dce541d1489fc13fd/elements - {"using":"xpath","value":"//span[text()='Error']"}
RESULT: {"using":"xpath","value":"//span[text()='Error']"}
COMMAND: POST /session/5fe08db6bd73095dce541d1489fc13fd/execute/async - {"script":"<script> [1562 bytes]","args":[{"selector":{"controlType":"sap.ui.core.Icon","viewName":"etm.portal.ui.managesites.view.Master","viewId":"application-managesites-display-component---masterSite","properties":{"src":{"regex":{"source":"add"}}}},"wdio_ui5_key":"etmportal.ui.managesites.view.Mastersap.ui.core.Icon{\"src\":{\"regex\":{\"source\":\"add\"}}}"}]}
RESULT: {"script":"<script> [1562 bytes]","args":[{"selector":{"controlType":"sap.ui.core.Icon","viewName":"etm.portal.ui.managesites.view.Master","viewId":"application-managesites-display-component---masterSite","properties":{"src":{"regex":{"source":"add"}}}},"wdio_ui5_key":"etmportal.ui.managesites.view.Mastersap.ui.core.Icon{\"src\":{\"regex\":{\"source\":\"add\"}}}"}]}
RESULT: undefined
COMMAND: POST /session/5fe08db6bd73095dce541d1489fc13fd/element - {"using":"xpath","value":"//*[@id=\"__button48-img\"]"}
RESULT: {"using":"xpath","value":"//*[@id=\"__button48-img\"]"}
COMMAND: POST /session/5fe08db6bd73095dce541d1489fc13fd/element/f.084301A5A664EC2A1657BC720E998331.d.2174AF25AEF0D5F91F3E711B282A6B02.e.12566/click - {}
RESULT: {}
COMMAND: POST /session/5fe08db6bd73095dce541d1489fc13fd/execute/async - {"script":"<script> [1562 bytes]","args":[{"selector":{"id":"application-managesites-display-component---NewSite--siteId","interaction":{"idSuffix":"inner"}},"wdio_ui5_key":"applicationmanagesites-display-component---NewSite--siteId"}]}
COMMAND: GET /session/5fe08db6bd73095dce541d1489fc13fd/screenshot - {}
RESULT: {"script":"<script> [1562 bytes]","args":[{"selector":{"id":"application-managesites-display-component---NewSite--siteId","interaction":{"idSuffix":"inner"}},"wdio_ui5_key":"applicationmanagesites-display-component---NewSite--siteId"}]}
RESULT: undefined
COMMAND: POST /session/5fe08db6bd73095dce541d1489fc13fd/execute/async - {"script":"<script> [1562 bytes]","args":[{"selector":{"id":"application-managesites-display-component---NewSite--addressDetailDetailsName1","interaction":{"idSuffix":"inner"}},"wdio_ui5_key":"applicationmanagesites-display-component---NewSite--addressDetailDetailsName1"}]}
RESULT: {}
RESULT: {"script":"<script> [1562 bytes]","args":[{"selector":{"id":"application-managesites-display-component---NewSite--addressDetailDetailsName1","interaction":{"idSuffix":"inner"}},"wdio_ui5_key":"applicationmanagesites-display-component---NewSite--addressDetailDetailsName1"}]}
RESULT: undefined
COMMAND: POST /session/5fe08db6bd73095dce541d1489fc13fd/execute/async - {"script":"<script> [776 bytes]","args":[{"enterText":"WebdriverSiteaixidj","selector":{"id":"application-managesites-display-component---NewSite--addressDetailDetailsName1","interaction":{"idSuffix":"inner"}},"clearTextFirst":true,"interactionType":"ENTER_TEXT"}]}
RESULT: {"script":"<script> [776 bytes]","args":[{"enterText":"WebdriverSiteaixidj","selector":{"id":"application-managesites-display-component---NewSite--addressDetailDetailsName1","interaction":{"idSuffix":"inner"}},"clearTextFirst":true,"interactionType":"ENTER_TEXT"}]}
COMMAND: POST /session/5fe08db6bd73095dce541d1489fc13fd/execute/async - {"script":"<script> [1562 bytes]","args":[{"selector":{"id":"application-managesites-display-component---NewSite--addressDetailDetailsLanguage","interaction":{"idSuffix":"inner"}},"wdio_ui5_key":"applicationmanagesites-display-component---NewSite--addressDetailDetailsLanguage"}]}
RESULT: {"script":"<script> [1562 bytes]","args":[{"selector":{"id":"application-managesites-display-component---NewSite--addressDetailDetailsLanguage","interaction":{"idSuffix":"inner"}},"wdio_ui5_key":"applicationmanagesites-display-component---NewSite--addressDetailDetailsLanguage"}]}
RESULT: undefined
COMMAND: POST /session/5fe08db6bd73095dce541d1489fc13fd/execute/async - {"script":"<script> [776 bytes]","args":[{"enterText":"Romanian","selector":{"id":"application-managesites-display-component---NewSite--addressDetailDetailsLanguage","interaction":{"idSuffix":"inner"}},"clearTextFirst":true,"interactionType":"ENTER_TEXT"}]}
RESULT: {"script":"<script> [776 bytes]","args":[{"enterText":"Romanian","selector":{"id":"application-managesites-display-component---NewSite--addressDetailDetailsLanguage","interaction":{"idSuffix":"inner"}},"clearTextFirst":true,"interactionType":"ENTER_TEXT"}]}
COMMAND: POST /session/5fe08db6bd73095dce541d1489fc13fd/execute/async - {"script":"<script> [1562 bytes]","args":[{"selector":{"id":"application-managesites-display-component---NewSite--addressDetailDetailsCity1","interaction":{"idSuffix":"inner"}},"wdio_ui5_key":"applicationmanagesites-display-component---NewSite--addressDetailDetailsCity1"}]}
RESULT: {"script":"<script> [1562 bytes]","args":[{"selector":{"id":"application-managesites-display-component---NewSite--addressDetailDetailsCity1","interaction":{"idSuffix":"inner"}},"wdio_ui5_key":"applicationmanagesites-display-component---NewSite--addressDetailDetailsCity1"}]}
RESULT: undefined
COMMAND: POST /session/5fe08db6bd73095dce541d1489fc13fd/execute/async - {"script":"<script> [776 bytes]","args":[{"enterText":"Bucharest","selector":{"id":"application-managesites-display-component---NewSite--addressDetailDetailsCity1","interaction":{"idSuffix":"inner"}},"clearTextFirst":true,"interactionType":"ENTER_TEXT"}]}
RESULT: {"script":"<script> [776 bytes]","args":[{"enterText":"Bucharest","selector":{"id":"application-managesites-display-component---NewSite--addressDetailDetailsCity1","interaction":{"idSuffix":"inner"}},"clearTextFirst":true,"interactionType":"ENTER_TEXT"}]}
COMMAND: POST /session/5fe08db6bd73095dce541d1489fc13fd/execute/async - {"script":"<script> [1562 bytes]","args":[{"selector":{"id":"application-managesites-display-component---NewSite--addressDetailDetailsCountry","interaction":{"idSuffix":"inner"}},"wdio_ui5_key":"applicationmanagesites-display-component---NewSite--addressDetailDetailsCountry"}]}
RESULT: {"script":"<script> [1562 bytes]","args":[{"selector":{"id":"application-managesites-display-component---NewSite--addressDetailDetailsCountry","interaction":{"idSuffix":"inner"}},"wdio_ui5_key":"applicationmanagesites-display-component---NewSite--addressDetailDetailsCountry"}]}
RESULT: undefined
COMMAND: POST /session/5fe08db6bd73095dce541d1489fc13fd/execute/async - {"script":"<script> [776 bytes]","args":[{"enterText":"Romania","selector":{"id":"application-managesites-display-component---NewSite--addressDetailDetailsCountry","interaction":{"idSuffix":"inner"}},"clearTextFirst":true,"interactionType":"ENTER_TEXT"}]}
RESULT: {"script":"<script> [776 bytes]","args":[{"enterText":"Romania","selector":{"id":"application-managesites-display-component---NewSite--addressDetailDetailsCountry","interaction":{"idSuffix":"inner"}},"clearTextFirst":true,"interactionType":"ENTER_TEXT"}]}
COMMAND: POST /session/5fe08db6bd73095dce541d1489fc13fd/element - {"using":"css selector","value":"#application-managesites-display-component---NewSite--addressDetailDetailsCalendar-inner"}
RESULT: {"using":"css selector","value":"#application-managesites-display-component---NewSite--addressDetailDetailsCalendar-inner"}
COMMAND: POST /session/5fe08db6bd73095dce541d1489fc13fd/element/f.084301A5A664EC2A1657BC720E998331.d.2174AF25AEF0D5F91F3E711B282A6B02.e.12943/clear - {}
RESULT: {}
COMMAND: POST /session/5fe08db6bd73095dce541d1489fc13fd/element/f.084301A5A664EC2A1657BC720E998331.d.2174AF25AEF0D5F91F3E711B282A6B02.e.12943/value - {"text":"Germany"}
COMMAND: GET /session/5fe08db6bd73095dce541d1489fc13fd/screenshot - {}
RESULT: {"text":"Germany"}
COMMAND: POST /session/5fe08db6bd73095dce541d1489fc13fd/execute/async - {"script":"<script> [1562 bytes]","args":[{"selector":{"id":"application-managesites-display-component---NewSite--addressEditDetailsCostObjectCstType-arrow"},"wdio_ui5_key":"applicationmanagesites-display-component---NewSite--addressEditDetailsCostObjectCstType-arrow"}]}
COMMAND: GET /session/5fe08db6bd73095dce541d1489fc13fd/screenshot - {}
RESULT: {}
RESULT: {"script":"<script> [1562 bytes]","args":[{"selector":{"id":"application-managesites-display-component---NewSite--addressEditDetailsCostObjectCstType-arrow"},"wdio_ui5_key":"applicationmanagesites-display-component---NewSite--addressEditDetailsCostObjectCstType-arrow"}]}
RESULT: undefined
COMMAND: POST /session/5fe08db6bd73095dce541d1489fc13fd/element - {"using":"xpath","value":"//*[@id=\"application-managesites-display-component---NewSite--addressEditDetailsCostObjectCstType-arrow\"]"}
RESULT: {}
RESULT: {"using":"xpath","value":"//*[@id=\"application-managesites-display-component---NewSite--addressEditDetailsCostObjectCstType-arrow\"]"}
COMMAND: POST /session/5fe08db6bd73095dce541d1489fc13fd/element/f.084301A5A664EC2A1657BC720E998331.d.2174AF25AEF0D5F91F3E711B282A6B02.e.13148/click - {}
RESULT: {}
COMMAND: POST /session/5fe08db6bd73095dce541d1489fc13fd/element - {"using":"xpath","value":"//span[contains(text(), \"Work Breakdown Structure\")]"}
COMMAND: GET /session/5fe08db6bd73095dce541d1489fc13fd/screenshot - {}
RESULT: {"using":"xpath","value":"//span[contains(text(), \"Work Breakdown Structure\")]"}
COMMAND: POST /session/5fe08db6bd73095dce541d1489fc13fd/element/f.084301A5A664EC2A1657BC720E998331.d.2174AF25AEF0D5F91F3E711B282A6B02.e.13149/click - {}
RESULT: {}
RESULT: {}
COMMAND: GET /session/5fe08db6bd73095dce541d1489fc13fd/screenshot - {}
RESULT: {}
COMMAND: POST /session/5fe08db6bd73095dce541d1489fc13fd/execute/async - {"script":"<script> [1562 bytes]","args":[{"selector":{"id":"application-managesites-display-component---NewSite--addressNewCostObjectCstID-vhi"},"wdio_ui5_key":"applicationmanagesites-display-component---NewSite--addressNewCostObjectCstID-vhi"}]}
RESULT: {"script":"<script> [1562 bytes]","args":[{"selector":{"id":"application-managesites-display-component---NewSite--addressNewCostObjectCstID-vhi"},"wdio_ui5_key":"applicationmanagesites-display-component---NewSite--addressNewCostObjectCstID-vhi"}]}
RESULT: undefined
COMMAND: POST /session/5fe08db6bd73095dce541d1489fc13fd/element - {"using":"xpath","value":"//*[@id=\"application-managesites-display-component---NewSite--addressNewCostObjectCstID-vhi\"]"}
RESULT: {"using":"xpath","value":"//*[@id=\"application-managesites-display-component---NewSite--addressNewCostObjectCstID-vhi\"]"}
COMMAND: POST /session/5fe08db6bd73095dce541d1489fc13fd/element/f.084301A5A664EC2A1657BC720E998331.d.2174AF25AEF0D5F91F3E711B282A6B02.e.13154/click - {}
RESULT: {}
COMMAND: GET /session/5fe08db6bd73095dce541d1489fc13fd/screenshot - {}
RESULT: {}
COMMAND: POST /session/5fe08db6bd73095dce541d1489fc13fd/execute/async - {"script":"<script> [1562 bytes]","args":[{"selector":{"controlType":"sap.m.SearchField","properties":{"placeholder":"Search"},"searchOpenDialogs":true,"interaction":{"idSuffix":"I"}},"wdio_ui5_key":"sapm.SearchField{\"placeholder\":\"Search\"}"}]}
RESULT: {"script":"<script> [1562 bytes]","args":[{"selector":{"controlType":"sap.m.SearchField","properties":{"placeholder":"Search"},"searchOpenDialogs":true,"interaction":{"idSuffix":"I"}},"wdio_ui5_key":"sapm.SearchField{\"placeholder\":\"Search\"}"}]}
RESULT: undefined
COMMAND: POST /session/5fe08db6bd73095dce541d1489fc13fd/execute/async - {"script":"<script> [776 bytes]","args":[{"enterText":"A1-000100-01","selector":{"controlType":"sap.m.SearchField","properties":{"placeholder":"Search"},"searchOpenDialogs":true,"interaction":{"idSuffix":"I"}},"clearTextFirst":true,"interactionType":"ENTER_TEXT"}]}
RESULT: {"script":"<script> [776 bytes]","args":[{"enterText":"A1-000100-01","selector":{"controlType":"sap.m.SearchField","properties":{"placeholder":"Search"},"searchOpenDialogs":true,"interaction":{"idSuffix":"I"}},"clearTextFirst":true,"interactionType":"ENTER_TEXT"}]}
COMMAND: POST /session/5fe08db6bd73095dce541d1489fc13fd/actions - {"actions":[{"id":"action67","type":"key","parameters":{},"actions":[{"type":"keyDown","value":"î€‡"},{"type":"pause","duration":10},{"type":"keyUp","value":"î€‡"}]}]}
RESULT: {"actions":[{"id":"action67","type":"key","parameters":{},"actions":[{"type":"keyDown","value":"î€‡"},{"type":"pause","duration":10},{"type":"keyUp","value":"î€‡"}]}]}
COMMAND: GET /session/5fe08db6bd73095dce541d1489fc13fd/screenshot - {}
RESULT: {}
COMMAND: POST /session/5fe08db6bd73095dce541d1489fc13fd/element - {"using":"xpath","value":"//span[contains(text(), \"Template for ETO-Process\")]"}
RESULT: {"using":"xpath","value":"//span[contains(text(), \"Template for ETO-Process\")]"}
COMMAND: POST /session/5fe08db6bd73095dce541d1489fc13fd/element/f.084301A5A664EC2A1657BC720E998331.d.2174AF25AEF0D5F91F3E711B282A6B02.e.13174/click - {}
RESULT: {}
COMMAND: GET /session/5fe08db6bd73095dce541d1489fc13fd/screenshot - {}
RESULT: {}
COMMAND: POST /session/5fe08db6bd73095dce541d1489fc13fd/element - {"using":"xpath","value":"//bdi[contains(text(), \"OK\")]"}
RESULT: {"using":"xpath","value":"//bdi[contains(text(), \"OK\")]"}
COMMAND: POST /session/5fe08db6bd73095dce541d1489fc13fd/element/f.084301A5A664EC2A1657BC720E998331.d.2174AF25AEF0D5F91F3E711B282A6B02.e.13175/click - {}
RESULT: {}
COMMAND: GET /session/5fe08db6bd73095dce541d1489fc13fd/screenshot - {}
RESULT: {}
COMMAND: POST /session/5fe08db6bd73095dce541d1489fc13fd/element - {"using":"xpath","value":"//input[@id=\"application-managesites-display-component---NewSite--addressDetailDetailsYard-inner\"]"}
RESULT: {"using":"xpath","value":"//input[@id=\"application-managesites-display-component---NewSite--addressDetailDetailsYard-inner\"]"}
COMMAND: POST /session/5fe08db6bd73095dce541d1489fc13fd/element/f.084301A5A664EC2A1657BC720E998331.d.2174AF25AEF0D5F91F3E711B282A6B02.e.12944/value - {"text":"308"}
RESULT: {"text":"308"}
COMMAND: GET /session/5fe08db6bd73095dce541d1489fc13fd/screenshot - {}
RESULT: {}
COMMAND: POST /session/5fe08db6bd73095dce541d1489fc13fd/actions - {"actions":[{"id":"action68","type":"key","parameters":{},"actions":[{"type":"keyDown","value":"î€‡"},{"type":"pause","duration":10},{"type":"keyUp","value":"î€‡"}]}]}
RESULT: {"actions":[{"id":"action68","type":"key","parameters":{},"actions":[{"type":"keyDown","value":"î€‡"},{"type":"pause","duration":10},{"type":"keyUp","value":"î€‡"}]}]}
COMMAND: GET /session/5fe08db6bd73095dce541d1489fc13fd/screenshot - {}
RESULT: {}
COMMAND: POST /session/5fe08db6bd73095dce541d1489fc13fd/element - {"using":"xpath","value":"//input[@id=\"application-managesites-display-component---NewSite--addressDetailDetailsPartner-inner\"]"}
RESULT: {"using":"xpath","value":"//input[@id=\"application-managesites-display-component---NewSite--addressDetailDetailsPartner-inner\"]"}
COMMAND: POST /session/5fe08db6bd73095dce541d1489fc13fd/elements - {"using":"xpath","value":"//input[@id=\"application-managesites-display-component---NewSite--addressDetailDetailsPartner-inner\"]"}
RESULT: {"using":"xpath","value":"//input[@id=\"application-managesites-display-component---NewSite--addressDetailDetailsPartner-inner\"]"}
COMMAND: POST /session/5fe08db6bd73095dce541d1489fc13fd/execute/async - {"script":"<script> [1562 bytes]","args":[{"selector":{"controlType":"sap.m.Button","viewName":"etm.portal.ui.managesites.view.NewSmartSite","viewId":"application-managesites-display-component---NewSite","properties":{"text":"Commercial"},"interaction":{"idSuffix":"BDI-content"}},"wdio_ui5_key":"etmportal.ui.managesites.view.NewSmartSitesap.m.Button{\"text\":\"Commercial\"}"}]}
RESULT: {"script":"<script> [1562 bytes]","args":[{"selector":{"controlType":"sap.m.Button","viewName":"etm.portal.ui.managesites.view.NewSmartSite","viewId":"application-managesites-display-component---NewSite","properties":{"text":"Commercial"},"interaction":{"idSuffix":"BDI-content"}},"wdio_ui5_key":"etmportal.ui.managesites.view.NewSmartSitesap.m.Button{\"text\":\"Commercial\"}"}]}
RESULT: undefined
COMMAND: POST /session/5fe08db6bd73095dce541d1489fc13fd/element - {"using":"xpath","value":"//*[@id=\"application-managesites-display-component---NewSite--ObjectPageLayout-anchBar-__section29-anchor\"]"}
RESULT: {"using":"xpath","value":"//*[@id=\"application-managesites-display-component---NewSite--ObjectPageLayout-anchBar-__section29-anchor\"]"}
COMMAND: POST /session/5fe08db6bd73095dce541d1489fc13fd/element/f.084301A5A664EC2A1657BC720E998331.d.2174AF25AEF0D5F91F3E711B282A6B02.e.13182/click - {}
RESULT: {}
COMMAND: POST /session/5fe08db6bd73095dce541d1489fc13fd/execute/async - {"script":"<script> [1562 bytes]","args":[{"selector":{"controlType":"sap.m.Button","viewName":"etm.portal.ui.managesites.view.NewSmartSite","viewId":"application-managesites-display-component---NewSite","i18NText":{"propertyName":"text","key":"save"},"interaction":{"idSuffix":"BDI-content"}},"wdio_ui5_key":"etmportal.ui.managesites.view.NewSmartSitesap.m.Button{\"propertyName\":\"text\",\"key\":\"save\"}"}]}
COMMAND: GET /session/5fe08db6bd73095dce541d1489fc13fd/screenshot - {}
RESULT: {"script":"<script> [1562 bytes]","args":[{"selector":{"controlType":"sap.m.Button","viewName":"etm.portal.ui.managesites.view.NewSmartSite","viewId":"application-managesites-display-component---NewSite","i18NText":{"propertyName":"text","key":"save"},"interaction":{"idSuffix":"BDI-content"}},"wdio_ui5_key":"etmportal.ui.managesites.view.NewSmartSitesap.m.Button{\"propertyName\":\"text\",\"key\":\"save\"}"}]}
RESULT: undefined
COMMAND: POST /session/5fe08db6bd73095dce541d1489fc13fd/element - {"using":"xpath","value":"//*[@id=\"__button60\"]"}
RESULT: {}
RESULT: {"using":"xpath","value":"//*[@id=\"__button60\"]"}
COMMAND: POST /session/5fe08db6bd73095dce541d1489fc13fd/element/f.084301A5A664EC2A1657BC720E998331.d.2174AF25AEF0D5F91F3E711B282A6B02.e.13098/click - {}
RESULT: {}
COMMAND: GET /session/5fe08db6bd73095dce541d1489fc13fd/screenshot - {}
RESULT: {}
COMMAND: POST /session/5fe08db6bd73095dce541d1489fc13fd/execute/async - {"script":"<script> [1562 bytes]","args":[{"selector":{"id":"application-managesites-display-component---detailSite--addressDetailDetailsYardText"},"wdio_ui5_key":"applicationmanagesites-display-component---detailSite--addressDetailDetailsYardText"}]}
RESULT: {"script":"<script> [1562 bytes]","args":[{"selector":{"id":"application-managesites-display-component---detailSite--addressDetailDetailsYardText"},"wdio_ui5_key":"applicationmanagesites-display-component---detailSite--addressDetailDetailsYardText"}]}
RESULT: undefined
COMMAND: POST /session/5fe08db6bd73095dce541d1489fc13fd/element - {"using":"xpath","value":"//header/div/div[2]/div[2]/span"}
RESULT: {"using":"xpath","value":"//header/div/div[2]/div[2]/span"}
COMMAND: GET /session/5fe08db6bd73095dce541d1489fc13fd/element/f.084301A5A664EC2A1657BC720E998331.d.2174AF25AEF0D5F91F3E711B282A6B02.e.13399/text - {}
RESULT: {}
COMMAND: POST /session/5fe08db6bd73095dce541d1489fc13fd/element - {"using":"xpath","value":"//header/div/div/div/div/div/div[2]/div/span"}
RESULT: {"using":"xpath","value":"//header/div/div/div/div/div/div[2]/div/span"}
COMMAND: GET /session/5fe08db6bd73095dce541d1489fc13fd/element/f.084301A5A664EC2A1657BC720E998331.d.2174AF25AEF0D5F91F3E711B282A6B02.e.13400/text - {}
RESULT: {}
COMMAND: POST /session/5fe08db6bd73095dce541d1489fc13fd/element - {"using":"css selector","value":"#shell-header-logo"}
RESULT: {"using":"css selector","value":"#shell-header-logo"}
COMMAND: POST /session/5fe08db6bd73095dce541d1489fc13fd/element/f.084301A5A664EC2A1657BC720E998331.d.2174AF25AEF0D5F91F3E711B282A6B02.e.12522/click - {}
RESULT: {}
COMMAND: GET /session/5fe08db6bd73095dce541d1489fc13fd/screenshot - {}
RESULT: {}
]]></system-out>
    </testcase>
    <testcase classname="chrome.136_0_7103_49.windows.E2E_-_Logistical_and_commercial_statuses" name="It should stock increase the resource" time="201.072">
      <system-out><![CDATA[
COMMAND: POST /session/5fe08db6bd73095dce541d1489fc13fd/execute/async - {"script":"<script> [1562 bytes]","args":[{"selector":{"controlType":"sap.m.GenericTile","properties":{"header":"Manage Resources"}},"wdio_ui5_key":"sapm.GenericTile{\"header\":\"Manage Resources\"}"}]}
RESULT: {"script":"<script> [1562 bytes]","args":[{"selector":{"controlType":"sap.m.GenericTile","properties":{"header":"Manage Resources"}},"wdio_ui5_key":"sapm.GenericTile{\"header\":\"Manage Resources\"}"}]}
RESULT: undefined
COMMAND: POST /session/5fe08db6bd73095dce541d1489fc13fd/element - {"using":"xpath","value":"//*[@id=\"__tile39\"]"}
RESULT: {"using":"xpath","value":"//*[@id=\"__tile39\"]"}
COMMAND: POST /session/5fe08db6bd73095dce541d1489fc13fd/element/f.084301A5A664EC2A1657BC720E998331.d.2174AF25AEF0D5F91F3E711B282A6B02.e.13402/click - {}
RESULT: {}
COMMAND: GET /session/5fe08db6bd73095dce541d1489fc13fd/screenshot - {}
RESULT: {}
COMMAND: POST /session/5fe08db6bd73095dce541d1489fc13fd/elements - {"using":"xpath","value":"//span[text()='Error']"}
RESULT: {"using":"xpath","value":"//span[text()='Error']"}
COMMAND: POST /session/5fe08db6bd73095dce541d1489fc13fd/element - {"using":"xpath","value":"//button[@data-kt=\"addNewRUOverflowToolbarButton\"]"}
RESULT: {"using":"xpath","value":"//button[@data-kt=\"addNewRUOverflowToolbarButton\"]"}
COMMAND: POST /session/5fe08db6bd73095dce541d1489fc13fd/execute/sync - {"script":"<script> [8489 bytes]","args":[{"element-6066-11e4-a52e-4f735466cecf":"f.084301A5A664EC2A1657BC720E998331.d.2174AF25AEF0D5F91F3E711B282A6B02.e.13442","ELEMENT":"f.084301A5A664EC2A1657BC720E998331.d.2174AF25AEF0D5F91F3E711B282A6B02.e.13442"}]}
RESULT: {"script":"<script> [8489 bytes]","args":[{"element-6066-11e4-a52e-4f735466cecf":"f.084301A5A664EC2A1657BC720E998331.d.2174AF25AEF0D5F91F3E711B282A6B02.e.13442","ELEMENT":"f.084301A5A664EC2A1657BC720E998331.d.2174AF25AEF0D5F91F3E711B282A6B02.e.13442"}]}
COMMAND: POST /session/5fe08db6bd73095dce541d1489fc13fd/element/f.084301A5A664EC2A1657BC720E998331.d.2174AF25AEF0D5F91F3E711B282A6B02.e.13442/click - {}
COMMAND: GET /session/5fe08db6bd73095dce541d1489fc13fd/screenshot - {}
RESULT: {}
COMMAND: POST /session/5fe08db6bd73095dce541d1489fc13fd/execute/async - {"script":"<script> [1562 bytes]","args":[{"selector":{"id":"application-manageresources-display-component---newResourceUnit--TYPE-arrow"},"wdio_ui5_key":"applicationmanageresources-display-component---newResourceUnit--TYPE-arrow"}]}
COMMAND: GET /session/5fe08db6bd73095dce541d1489fc13fd/screenshot - {}
RESULT: {}
RESULT: {"script":"<script> [1562 bytes]","args":[{"selector":{"id":"application-manageresources-display-component---newResourceUnit--TYPE-arrow"},"wdio_ui5_key":"applicationmanageresources-display-component---newResourceUnit--TYPE-arrow"}]}
RESULT: undefined
COMMAND: POST /session/5fe08db6bd73095dce541d1489fc13fd/element - {"using":"xpath","value":"//*[@id=\"application-manageresources-display-component---newResourceUnit--TYPE-arrow\"]"}
RESULT: {}
RESULT: {"using":"xpath","value":"//*[@id=\"application-manageresources-display-component---newResourceUnit--TYPE-arrow\"]"}
COMMAND: POST /session/5fe08db6bd73095dce541d1489fc13fd/element/f.084301A5A664EC2A1657BC720E998331.d.2174AF25AEF0D5F91F3E711B282A6B02.e.13765/click - {}
RESULT: {}
COMMAND: POST /session/5fe08db6bd73095dce541d1489fc13fd/execute/async - {"script":"<script> [1562 bytes]","args":[{"selector":{"controlType":"sap.m.StandardListItem","viewName":"reusables.view.manageresources.NewResourceUnit","viewId":"application-manageresources-display-component---newResourceUnit","properties":{"title":"Material"},"searchOpenDialogs":true,"interaction":{"idSuffix":"titleText"}},"wdio_ui5_key":"reusablesview.manageresources.NewResourceUnitsap.m.StandardListItem{\"title\":\"Material\"}"}]}
COMMAND: GET /session/5fe08db6bd73095dce541d1489fc13fd/screenshot - {}
RESULT: {"script":"<script> [1562 bytes]","args":[{"selector":{"controlType":"sap.m.StandardListItem","viewName":"reusables.view.manageresources.NewResourceUnit","viewId":"application-manageresources-display-component---newResourceUnit","properties":{"title":"Material"},"searchOpenDialogs":true,"interaction":{"idSuffix":"titleText"}},"wdio_ui5_key":"reusablesview.manageresources.NewResourceUnitsap.m.StandardListItem{\"title\":\"Material\"}"}]}
RESULT: undefined
COMMAND: POST /session/5fe08db6bd73095dce541d1489fc13fd/element - {"using":"xpath","value":"//*[@id=\"__item867\"]"}
RESULT: {}
RESULT: {"using":"xpath","value":"//*[@id=\"__item867\"]"}
COMMAND: POST /session/5fe08db6bd73095dce541d1489fc13fd/element/f.084301A5A664EC2A1657BC720E998331.d.2174AF25AEF0D5F91F3E711B282A6B02.e.13768/click - {}
RESULT: {}
COMMAND: POST /session/5fe08db6bd73095dce541d1489fc13fd/execute/async - {"script":"<script> [1562 bytes]","args":[{"selector":{"id":"application-manageresources-display-component---newResourceUnit--SHORT_TEXT","interaction":{"idSuffix":"inner"}},"wdio_ui5_key":"applicationmanageresources-display-component---newResourceUnit--SHORT_TEXT"}]}
COMMAND: GET /session/5fe08db6bd73095dce541d1489fc13fd/screenshot - {}
RESULT: {"script":"<script> [1562 bytes]","args":[{"selector":{"id":"application-manageresources-display-component---newResourceUnit--SHORT_TEXT","interaction":{"idSuffix":"inner"}},"wdio_ui5_key":"applicationmanageresources-display-component---newResourceUnit--SHORT_TEXT"}]}
RESULT: undefined
COMMAND: POST /session/5fe08db6bd73095dce541d1489fc13fd/execute/async - {"script":"<script> [776 bytes]","args":[{"enterText":"WebdriverRUR2Cwtu32k","selector":{"id":"application-manageresources-display-component---newResourceUnit--SHORT_TEXT","interaction":{"idSuffix":"inner"}},"clearTextFirst":true,"interactionType":"ENTER_TEXT"}]}
RESULT: {}
RESULT: {"script":"<script> [776 bytes]","args":[{"enterText":"WebdriverRUR2Cwtu32k","selector":{"id":"application-manageresources-display-component---newResourceUnit--SHORT_TEXT","interaction":{"idSuffix":"inner"}},"clearTextFirst":true,"interactionType":"ENTER_TEXT"}]}
COMMAND: POST /session/5fe08db6bd73095dce541d1489fc13fd/execute/async - {"script":"<script> [1562 bytes]","args":[{"selector":{"id":"application-manageresources-display-component---newResourceUnit--BASE_UNIT_OF_MEASURE-arrow"},"wdio_ui5_key":"applicationmanageresources-display-component---newResourceUnit--BASE_UNIT_OF_MEASURE-arrow"}]}
RESULT: {"script":"<script> [1562 bytes]","args":[{"selector":{"id":"application-manageresources-display-component---newResourceUnit--BASE_UNIT_OF_MEASURE-arrow"},"wdio_ui5_key":"applicationmanageresources-display-component---newResourceUnit--BASE_UNIT_OF_MEASURE-arrow"}]}
RESULT: undefined
COMMAND: POST /session/5fe08db6bd73095dce541d1489fc13fd/element - {"using":"xpath","value":"//*[@id=\"application-manageresources-display-component---newResourceUnit--BASE_UNIT_OF_MEASURE-arrow\"]"}
RESULT: {"using":"xpath","value":"//*[@id=\"application-manageresources-display-component---newResourceUnit--BASE_UNIT_OF_MEASURE-arrow\"]"}
COMMAND: POST /session/5fe08db6bd73095dce541d1489fc13fd/element/f.084301A5A664EC2A1657BC720E998331.d.2174AF25AEF0D5F91F3E711B282A6B02.e.13822/click - {}
RESULT: {}
COMMAND: POST /session/5fe08db6bd73095dce541d1489fc13fd/execute/async - {"script":"<script> [1562 bytes]","args":[{"selector":{"controlType":"sap.m.StandardListItem","viewName":"reusables.view.manageresources.NewResourceUnit","viewId":"application-manageresources-display-component---newResourceUnit","properties":{"title":"Piece"},"searchOpenDialogs":true,"interaction":{"idSuffix":"titleText"}},"wdio_ui5_key":"reusablesview.manageresources.NewResourceUnitsap.m.StandardListItem{\"title\":\"Piece\"}"}]}
COMMAND: GET /session/5fe08db6bd73095dce541d1489fc13fd/screenshot - {}
RESULT: {"script":"<script> [1562 bytes]","args":[{"selector":{"controlType":"sap.m.StandardListItem","viewName":"reusables.view.manageresources.NewResourceUnit","viewId":"application-manageresources-display-component---newResourceUnit","properties":{"title":"Piece"},"searchOpenDialogs":true,"interaction":{"idSuffix":"titleText"}},"wdio_ui5_key":"reusablesview.manageresources.NewResourceUnitsap.m.StandardListItem{\"title\":\"Piece\"}"}]}
RESULT: undefined
COMMAND: POST /session/5fe08db6bd73095dce541d1489fc13fd/element - {"using":"xpath","value":"//*[@id=\"__item909\"]"}
RESULT: {}
RESULT: {"using":"xpath","value":"//*[@id=\"__item909\"]"}
COMMAND: POST /session/5fe08db6bd73095dce541d1489fc13fd/element/f.084301A5A664EC2A1657BC720E998331.d.2174AF25AEF0D5F91F3E711B282A6B02.e.13824/click - {}
RESULT: {}
COMMAND: POST /session/5fe08db6bd73095dce541d1489fc13fd/element - {"using":"xpath","value":"//input[contains(@id ,\"application-manageresources-display-component---newResourceUnit--SHORT_TEXT-inner\")]"}
COMMAND: GET /session/5fe08db6bd73095dce541d1489fc13fd/screenshot - {}
RESULT: {"using":"xpath","value":"//input[contains(@id ,\"application-manageresources-display-component---newResourceUnit--SHORT_TEXT-inner\")]"}
COMMAND: GET /session/5fe08db6bd73095dce541d1489fc13fd/element/f.084301A5A664EC2A1657BC720E998331.d.2174AF25AEF0D5F91F3E711B282A6B02.e.13785/property/value - {}
RESULT: {}
RESULT: {}
COMMAND: POST /session/5fe08db6bd73095dce541d1489fc13fd/execute/async - {"script":"<script> [1562 bytes]","args":[{"selector":{"id":"application-manageresources-display-component---newResourceUnit--WEIGHT_UNIT-arrow"},"wdio_ui5_key":"applicationmanageresources-display-component---newResourceUnit--WEIGHT_UNIT-arrow"}]}
COMMAND: GET /session/5fe08db6bd73095dce541d1489fc13fd/screenshot - {}
RESULT: {"script":"<script> [1562 bytes]","args":[{"selector":{"id":"application-manageresources-display-component---newResourceUnit--WEIGHT_UNIT-arrow"},"wdio_ui5_key":"applicationmanageresources-display-component---newResourceUnit--WEIGHT_UNIT-arrow"}]}
RESULT: undefined
COMMAND: POST /session/5fe08db6bd73095dce541d1489fc13fd/element - {"using":"xpath","value":"//*[@id=\"application-manageresources-display-component---newResourceUnit--WEIGHT_UNIT-arrow\"]"}
RESULT: {}
RESULT: {"using":"xpath","value":"//*[@id=\"application-manageresources-display-component---newResourceUnit--WEIGHT_UNIT-arrow\"]"}
COMMAND: POST /session/5fe08db6bd73095dce541d1489fc13fd/element/f.084301A5A664EC2A1657BC720E998331.d.2174AF25AEF0D5F91F3E711B282A6B02.e.13825/click - {}
RESULT: {}
COMMAND: POST /session/5fe08db6bd73095dce541d1489fc13fd/execute/async - {"script":"<script> [1562 bytes]","args":[{"selector":{"controlType":"sap.m.StandardListItem","viewName":"reusables.view.manageresources.NewResourceUnit","viewId":"application-manageresources-display-component---newResourceUnit","properties":{"title":"Gram"},"searchOpenDialogs":true,"interaction":{"idSuffix":"content"}},"wdio_ui5_key":"reusablesview.manageresources.NewResourceUnitsap.m.StandardListItem{\"title\":\"Gram\"}"}]}
COMMAND: GET /session/5fe08db6bd73095dce541d1489fc13fd/screenshot - {}
RESULT: {"script":"<script> [1562 bytes]","args":[{"selector":{"controlType":"sap.m.StandardListItem","viewName":"reusables.view.manageresources.NewResourceUnit","viewId":"application-manageresources-display-component---newResourceUnit","properties":{"title":"Gram"},"searchOpenDialogs":true,"interaction":{"idSuffix":"content"}},"wdio_ui5_key":"reusablesview.manageresources.NewResourceUnitsap.m.StandardListItem{\"title\":\"Gram\"}"}]}
RESULT: undefined
COMMAND: POST /session/5fe08db6bd73095dce541d1489fc13fd/element - {"using":"xpath","value":"//*[@id=\"__item974\"]"}
RESULT: {}
RESULT: {"using":"xpath","value":"//*[@id=\"__item974\"]"}
COMMAND: POST /session/5fe08db6bd73095dce541d1489fc13fd/element/f.084301A5A664EC2A1657BC720E998331.d.2174AF25AEF0D5F91F3E711B282A6B02.e.13827/click - {}
RESULT: {}
COMMAND: POST /session/5fe08db6bd73095dce541d1489fc13fd/execute/async - {"script":"<script> [1562 bytes]","args":[{"selector":{"id":"application-manageresources-display-component---newResourceUnit--newRRUPage-OPHeaderContent-collapseBtn-img"},"wdio_ui5_key":"applicationmanageresources-display-component---newResourceUnit--newRRUPage-OPHeaderContent-collapseBtn-img"}]}
COMMAND: GET /session/5fe08db6bd73095dce541d1489fc13fd/screenshot - {}
RESULT: {"script":"<script> [1562 bytes]","args":[{"selector":{"id":"application-manageresources-display-component---newResourceUnit--newRRUPage-OPHeaderContent-collapseBtn-img"},"wdio_ui5_key":"applicationmanageresources-display-component---newResourceUnit--newRRUPage-OPHeaderContent-collapseBtn-img"}]}
RESULT: undefined
COMMAND: POST /session/5fe08db6bd73095dce541d1489fc13fd/element - {"using":"xpath","value":"//*[@id=\"application-manageresources-display-component---newResourceUnit--newRRUPage-OPHeaderContent-collapseBtn-img\"]"}
RESULT: {}
RESULT: {"using":"xpath","value":"//*[@id=\"application-manageresources-display-component---newResourceUnit--newRRUPage-OPHeaderContent-collapseBtn-img\"]"}
COMMAND: POST /session/5fe08db6bd73095dce541d1489fc13fd/element/f.084301A5A664EC2A1657BC720E998331.d.2174AF25AEF0D5F91F3E711B282A6B02.e.13775/click - {}
RESULT: {}
COMMAND: GET /session/5fe08db6bd73095dce541d1489fc13fd/screenshot - {}
RESULT: {}
COMMAND: POST /session/5fe08db6bd73095dce541d1489fc13fd/element - {"using":"xpath","value":"(//span[contains(@id ,\"application-manageresources-display-component---newResourceUnit--DIMENSION_UNIT-arrow\")])[1]"}
RESULT: {"using":"xpath","value":"(//span[contains(@id ,\"application-manageresources-display-component---newResourceUnit--DIMENSION_UNIT-arrow\")])[1]"}
COMMAND: POST /session/5fe08db6bd73095dce541d1489fc13fd/element/f.084301A5A664EC2A1657BC720E998331.d.2174AF25AEF0D5F91F3E711B282A6B02.e.13831/click - {}
RESULT: {}
COMMAND: GET /session/5fe08db6bd73095dce541d1489fc13fd/screenshot - {}
RESULT: {}
COMMAND: POST /session/5fe08db6bd73095dce541d1489fc13fd/execute/async - {"script":"<script> [1562 bytes]","args":[{"selector":{"controlType":"sap.m.StandardListItem","viewName":"reusables.view.manageresources.NewResourceUnit","viewId":"application-manageresources-display-component---newResourceUnit","properties":{"title":"Centimeter"},"searchOpenDialogs":true,"interaction":{"idSuffix":"titleText"}},"wdio_ui5_key":"reusablesview.manageresources.NewResourceUnitsap.m.StandardListItem{\"title\":\"Centimeter\"}"}]}
RESULT: {"script":"<script> [1562 bytes]","args":[{"selector":{"controlType":"sap.m.StandardListItem","viewName":"reusables.view.manageresources.NewResourceUnit","viewId":"application-manageresources-display-component---newResourceUnit","properties":{"title":"Centimeter"},"searchOpenDialogs":true,"interaction":{"idSuffix":"titleText"}},"wdio_ui5_key":"reusablesview.manageresources.NewResourceUnitsap.m.StandardListItem{\"title\":\"Centimeter\"}"}]}
RESULT: undefined
COMMAND: POST /session/5fe08db6bd73095dce541d1489fc13fd/element - {"using":"xpath","value":"//*[@id=\"__item977\"]"}
RESULT: {"using":"xpath","value":"//*[@id=\"__item977\"]"}
COMMAND: POST /session/5fe08db6bd73095dce541d1489fc13fd/element/f.084301A5A664EC2A1657BC720E998331.d.2174AF25AEF0D5F91F3E711B282A6B02.e.13835/click - {}
RESULT: {}
COMMAND: POST /session/5fe08db6bd73095dce541d1489fc13fd/execute/async - {"script":"<script> [1562 bytes]","args":[{"selector":{"id":"application-manageresources-display-component---newResourceUnit--newRRUPage-anchBar-application-manageresources-display-component---newResourceUnit--reference-anchor","interaction":{"idSuffix":"BDI-content"}},"wdio_ui5_key":"applicationmanageresources-display-component---newResourceUnit--newRRUPage-anchBar-application-manageresources-display-component---newResourceUnit--reference-anchor"}]}
COMMAND: GET /session/5fe08db6bd73095dce541d1489fc13fd/screenshot - {}
RESULT: {"script":"<script> [1562 bytes]","args":[{"selector":{"id":"application-manageresources-display-component---newResourceUnit--newRRUPage-anchBar-application-manageresources-display-component---newResourceUnit--reference-anchor","interaction":{"idSuffix":"BDI-content"}},"wdio_ui5_key":"applicationmanageresources-display-component---newResourceUnit--newRRUPage-anchBar-application-manageresources-display-component---newResourceUnit--reference-anchor"}]}
RESULT: undefined
COMMAND: POST /session/5fe08db6bd73095dce541d1489fc13fd/element - {"using":"xpath","value":"//*[@id=\"application-manageresources-display-component---newResourceUnit--newRRUPage-anchBar-application-manageresources-display-component---newResourceUnit--reference-anchor\"]"}
RESULT: {}
RESULT: {"using":"xpath","value":"//*[@id=\"application-manageresources-display-component---newResourceUnit--newRRUPage-anchBar-application-manageresources-display-component---newResourceUnit--reference-anchor\"]"}
COMMAND: POST /session/5fe08db6bd73095dce541d1489fc13fd/element/f.084301A5A664EC2A1657BC720E998331.d.2174AF25AEF0D5F91F3E711B282A6B02.e.13837/click - {}
RESULT: {}
COMMAND: POST /session/5fe08db6bd73095dce541d1489fc13fd/execute/async - {"script":"<script> [1562 bytes]","args":[{"selector":{"id":"application-manageresources-display-component---newResourceUnit--PLANNING_GROUP-arrow"},"wdio_ui5_key":"applicationmanageresources-display-component---newResourceUnit--PLANNING_GROUP-arrow"}]}
COMMAND: GET /session/5fe08db6bd73095dce541d1489fc13fd/screenshot - {}
RESULT: {"script":"<script> [1562 bytes]","args":[{"selector":{"id":"application-manageresources-display-component---newResourceUnit--PLANNING_GROUP-arrow"},"wdio_ui5_key":"applicationmanageresources-display-component---newResourceUnit--PLANNING_GROUP-arrow"}]}
RESULT: undefined
COMMAND: POST /session/5fe08db6bd73095dce541d1489fc13fd/element - {"using":"xpath","value":"//*[@id=\"application-manageresources-display-component---newResourceUnit--PLANNING_GROUP-arrow\"]"}
RESULT: {}
RESULT: {"using":"xpath","value":"//*[@id=\"application-manageresources-display-component---newResourceUnit--PLANNING_GROUP-arrow\"]"}
COMMAND: POST /session/5fe08db6bd73095dce541d1489fc13fd/element/f.084301A5A664EC2A1657BC720E998331.d.2174AF25AEF0D5F91F3E711B282A6B02.e.13841/click - {}
RESULT: {}
COMMAND: POST /session/5fe08db6bd73095dce541d1489fc13fd/execute/async - {"script":"<script> [1562 bytes]","args":[{"selector":{"controlType":"sap.m.StandardListItem","viewName":"reusables.view.manageresources.NewResourceUnit","viewId":"application-manageresources-display-component---newResourceUnit","properties":{"title":"Heavy Equi"},"searchOpenDialogs":true,"interaction":{"idSuffix":"content"}},"wdio_ui5_key":"reusablesview.manageresources.NewResourceUnitsap.m.StandardListItem{\"title\":\"Heavy Equi\"}"}]}
COMMAND: GET /session/5fe08db6bd73095dce541d1489fc13fd/screenshot - {}
RESULT: {"script":"<script> [1562 bytes]","args":[{"selector":{"controlType":"sap.m.StandardListItem","viewName":"reusables.view.manageresources.NewResourceUnit","viewId":"application-manageresources-display-component---newResourceUnit","properties":{"title":"Heavy Equi"},"searchOpenDialogs":true,"interaction":{"idSuffix":"content"}},"wdio_ui5_key":"reusablesview.manageresources.NewResourceUnitsap.m.StandardListItem{\"title\":\"Heavy Equi\"}"}]}
RESULT: undefined
COMMAND: POST /session/5fe08db6bd73095dce541d1489fc13fd/element - {"using":"xpath","value":"//*[@id=\"__item985\"]"}
RESULT: {}
RESULT: {"using":"xpath","value":"//*[@id=\"__item985\"]"}
COMMAND: POST /session/5fe08db6bd73095dce541d1489fc13fd/element/f.084301A5A664EC2A1657BC720E998331.d.2174AF25AEF0D5F91F3E711B282A6B02.e.13843/click - {}
RESULT: {}
COMMAND: GET /session/5fe08db6bd73095dce541d1489fc13fd/screenshot - {}
RESULT: {}
COMMAND: POST /session/5fe08db6bd73095dce541d1489fc13fd/execute/async - {"script":"<script> [1562 bytes]","args":[{"selector":{"id":"application-manageresources-display-component---newResourceUnit--PLANNING_INDICATOR-arrow"},"wdio_ui5_key":"applicationmanageresources-display-component---newResourceUnit--PLANNING_INDICATOR-arrow"}]}
RESULT: {"script":"<script> [1562 bytes]","args":[{"selector":{"id":"application-manageresources-display-component---newResourceUnit--PLANNING_INDICATOR-arrow"},"wdio_ui5_key":"applicationmanageresources-display-component---newResourceUnit--PLANNING_INDICATOR-arrow"}]}
RESULT: undefined
COMMAND: POST /session/5fe08db6bd73095dce541d1489fc13fd/element - {"using":"xpath","value":"//*[@id=\"application-manageresources-display-component---newResourceUnit--PLANNING_INDICATOR-arrow\"]"}
RESULT: {"using":"xpath","value":"//*[@id=\"application-manageresources-display-component---newResourceUnit--PLANNING_INDICATOR-arrow\"]"}
COMMAND: POST /session/5fe08db6bd73095dce541d1489fc13fd/element/f.084301A5A664EC2A1657BC720E998331.d.2174AF25AEF0D5F91F3E711B282A6B02.e.13844/click - {}
RESULT: {}
COMMAND: POST /session/5fe08db6bd73095dce541d1489fc13fd/execute/async - {"script":"<script> [1562 bytes]","args":[{"selector":{"controlType":"sap.m.StandardListItem","viewName":"reusables.view.manageresources.NewResourceUnit","viewId":"application-manageresources-display-component---newResourceUnit","properties":{"title":"10 - infinite"},"searchOpenDialogs":true,"interaction":{"idSuffix":"content"}},"wdio_ui5_key":"reusablesview.manageresources.NewResourceUnitsap.m.StandardListItem{\"title\":\"10 - infinite\"}"}]}
COMMAND: GET /session/5fe08db6bd73095dce541d1489fc13fd/screenshot - {}
RESULT: {"script":"<script> [1562 bytes]","args":[{"selector":{"controlType":"sap.m.StandardListItem","viewName":"reusables.view.manageresources.NewResourceUnit","viewId":"application-manageresources-display-component---newResourceUnit","properties":{"title":"10 - infinite"},"searchOpenDialogs":true,"interaction":{"idSuffix":"content"}},"wdio_ui5_key":"reusablesview.manageresources.NewResourceUnitsap.m.StandardListItem{\"title\":\"10 - infinite\"}"}]}
RESULT: undefined
COMMAND: POST /session/5fe08db6bd73095dce541d1489fc13fd/element - {"using":"xpath","value":"//*[@id=\"__item995\"]"}
RESULT: {}
RESULT: {"using":"xpath","value":"//*[@id=\"__item995\"]"}
COMMAND: POST /session/5fe08db6bd73095dce541d1489fc13fd/element/f.084301A5A664EC2A1657BC720E998331.d.2174AF25AEF0D5F91F3E711B282A6B02.e.13846/click - {}
RESULT: {}
COMMAND: GET /session/5fe08db6bd73095dce541d1489fc13fd/screenshot - {}
RESULT: {}
COMMAND: POST /session/5fe08db6bd73095dce541d1489fc13fd/element - {"using":"xpath","value":"//bdi[contains(text(), \"Time Segment\")]"}
RESULT: {"using":"xpath","value":"//bdi[contains(text(), \"Time Segment\")]"}
COMMAND: GET /session/5fe08db6bd73095dce541d1489fc13fd/element/f.084301A5A664EC2A1657BC720E998331.d.2174AF25AEF0D5F91F3E711B282A6B02.e.13847/rect - {}
RESULT: {}
COMMAND: GET /session/5fe08db6bd73095dce541d1489fc13fd/window/rect - {}
RESULT: {}
COMMAND: POST /session/5fe08db6bd73095dce541d1489fc13fd/execute/sync - {"script":"<script> [92 bytes]","args":[]}
RESULT: {"script":"<script> [92 bytes]","args":[]}
COMMAND: POST /session/5fe08db6bd73095dce541d1489fc13fd/actions - {"actions":[{"id":"action69","type":"wheel","parameters":{},"actions":[{"type":"scroll","x":-1820,"y":-21,"deltaX":0,"deltaY":0,"duration":0,"origin":{"element-6066-11e4-a52e-4f735466cecf":"f.084301A5A664EC2A1657BC720E998331.d.2174AF25AEF0D5F91F3E711B282A6B02.e.13847"}}]}]}
COMMAND: GET /session/5fe08db6bd73095dce541d1489fc13fd/screenshot - {}
RESULT: {}
COMMAND: POST /session/5fe08db6bd73095dce541d1489fc13fd/execute/sync - {"script":"<script> [79 bytes]","args":[{"element-6066-11e4-a52e-4f735466cecf":"f.084301A5A664EC2A1657BC720E998331.d.2174AF25AEF0D5F91F3E711B282A6B02.e.13847","ELEMENT":"f.084301A5A664EC2A1657BC720E998331.d.2174AF25AEF0D5F91F3E711B282A6B02.e.13847"},{"block":"start","inline":"nearest"}]}
RESULT: {"script":"<script> [79 bytes]","args":[{"element-6066-11e4-a52e-4f735466cecf":"f.084301A5A664EC2A1657BC720E998331.d.2174AF25AEF0D5F91F3E711B282A6B02.e.13847","ELEMENT":"f.084301A5A664EC2A1657BC720E998331.d.2174AF25AEF0D5F91F3E711B282A6B02.e.13847"},{"block":"start","inline":"nearest"}]}
COMMAND: GET /session/5fe08db6bd73095dce541d1489fc13fd/screenshot - {}
RESULT: {}
COMMAND: POST /session/5fe08db6bd73095dce541d1489fc13fd/element - {"using":"xpath","value":"//span[@id=\"application-manageresources-display-component---newResourceUnit--btnAddTimeSegment-img\"]"}
RESULT: {"using":"xpath","value":"//span[@id=\"application-manageresources-display-component---newResourceUnit--btnAddTimeSegment-img\"]"}
COMMAND: POST /session/5fe08db6bd73095dce541d1489fc13fd/execute/sync - {"script":"<script> [8489 bytes]","args":[{"element-6066-11e4-a52e-4f735466cecf":"f.084301A5A664EC2A1657BC720E998331.d.2174AF25AEF0D5F91F3E711B282A6B02.e.13850","ELEMENT":"f.084301A5A664EC2A1657BC720E998331.d.2174AF25AEF0D5F91F3E711B282A6B02.e.13850"}]}
RESULT: {"script":"<script> [8489 bytes]","args":[{"element-6066-11e4-a52e-4f735466cecf":"f.084301A5A664EC2A1657BC720E998331.d.2174AF25AEF0D5F91F3E711B282A6B02.e.13850","ELEMENT":"f.084301A5A664EC2A1657BC720E998331.d.2174AF25AEF0D5F91F3E711B282A6B02.e.13850"}]}
COMMAND: POST /session/5fe08db6bd73095dce541d1489fc13fd/element/f.084301A5A664EC2A1657BC720E998331.d.2174AF25AEF0D5F91F3E711B282A6B02.e.13850/click - {}
COMMAND: GET /session/5fe08db6bd73095dce541d1489fc13fd/screenshot - {}
RESULT: {}
COMMAND: GET /session/5fe08db6bd73095dce541d1489fc13fd/screenshot - {}
COMMAND: POST /session/5fe08db6bd73095dce541d1489fc13fd/element - {"using":"xpath","value":"//input[@id=\"application-manageresources-display-component---newResourceUnit--idRuTSAdmin-application-manageresources-display-component---newResourceUnit--RUTimeSegment-0-inner\"]"}
RESULT: {}
RESULT: {}
RESULT: {"using":"xpath","value":"//input[@id=\"application-manageresources-display-component---newResourceUnit--idRuTSAdmin-application-manageresources-display-component---newResourceUnit--RUTimeSegment-0-inner\"]"}
COMMAND: POST /session/5fe08db6bd73095dce541d1489fc13fd/element/f.084301A5A664EC2A1657BC720E998331.d.2174AF25AEF0D5F91F3E711B282A6B02.e.13853/clear - {}
RESULT: {}
COMMAND: POST /session/5fe08db6bd73095dce541d1489fc13fd/element/f.084301A5A664EC2A1657BC720E998331.d.2174AF25AEF0D5F91F3E711B282A6B02.e.13853/value - {"text":"WebdriverYard1yr43"}
COMMAND: GET /session/5fe08db6bd73095dce541d1489fc13fd/screenshot - {}
RESULT: {"text":"WebdriverYard1yr43"}
COMMAND: GET /session/5fe08db6bd73095dce541d1489fc13fd/screenshot - {}
RESULT: {}
RESULT: {}
COMMAND: POST /session/5fe08db6bd73095dce541d1489fc13fd/actions - {"actions":[{"id":"action70","type":"key","parameters":{},"actions":[{"type":"keyDown","value":"î€‡"},{"type":"pause","duration":10},{"type":"keyUp","value":"î€‡"}]}]}
RESULT: {"actions":[{"id":"action70","type":"key","parameters":{},"actions":[{"type":"keyDown","value":"î€‡"},{"type":"pause","duration":10},{"type":"keyUp","value":"î€‡"}]}]}
COMMAND: GET /session/5fe08db6bd73095dce541d1489fc13fd/screenshot - {}
RESULT: {}
COMMAND: POST /session/5fe08db6bd73095dce541d1489fc13fd/execute/async - {"script":"<script> [1562 bytes]","args":[{"selector":{"controlType":"sap.m.Button","viewName":"reusables.view.manageresources.NewResourceUnit","viewId":"application-manageresources-display-component---newResourceUnit","i18NText":{"propertyName":"tooltip","key":"save"},"interaction":{"idSuffix":"BDI-content"}},"wdio_ui5_key":"reusablesview.manageresources.NewResourceUnitsap.m.Button{\"propertyName\":\"tooltip\",\"key\":\"save\"}"}]}
RESULT: {"script":"<script> [1562 bytes]","args":[{"selector":{"controlType":"sap.m.Button","viewName":"reusables.view.manageresources.NewResourceUnit","viewId":"application-manageresources-display-component---newResourceUnit","i18NText":{"propertyName":"tooltip","key":"save"},"interaction":{"idSuffix":"BDI-content"}},"wdio_ui5_key":"reusablesview.manageresources.NewResourceUnitsap.m.Button{\"propertyName\":\"tooltip\",\"key\":\"save\"}"}]}
RESULT: undefined
COMMAND: POST /session/5fe08db6bd73095dce541d1489fc13fd/element - {"using":"xpath","value":"//*[@id=\"application-manageresources-display-component---newResourceUnit--createRuButton\"]"}
RESULT: {"using":"xpath","value":"//*[@id=\"application-manageresources-display-component---newResourceUnit--createRuButton\"]"}
COMMAND: POST /session/5fe08db6bd73095dce541d1489fc13fd/element/f.084301A5A664EC2A1657BC720E998331.d.2174AF25AEF0D5F91F3E711B282A6B02.e.13781/click - {}
RESULT: {}
COMMAND: GET /session/5fe08db6bd73095dce541d1489fc13fd/screenshot - {}
RESULT: {}
COMMAND: POST /session/5fe08db6bd73095dce541d1489fc13fd/execute/async - {"script":"<script> [1562 bytes]","args":[{"selector":{"controlType":"sap.m.Title","properties":{"text":"Success"},"searchOpenDialogs":true},"wdio_ui5_key":"sapm.Title{\"text\":\"Success\"}"}]}
RESULT: {"script":"<script> [1562 bytes]","args":[{"selector":{"controlType":"sap.m.Title","properties":{"text":"Success"},"searchOpenDialogs":true},"wdio_ui5_key":"sapm.Title{\"text\":\"Success\"}"}]}
RESULT: undefined
COMMAND: POST /session/5fe08db6bd73095dce541d1489fc13fd/execute/async - {"script":"<script> [6424 bytes]","args":[{"element-6066-11e4-a52e-4f735466cecf":"f.084301A5A664EC2A1657BC720E998331.d.2174AF25AEF0D5F91F3E711B282A6B02.e.13866"},"getText",[]]}
RESULT: {"script":"<script> [6424 bytes]","args":[{"element-6066-11e4-a52e-4f735466cecf":"f.084301A5A664EC2A1657BC720E998331.d.2174AF25AEF0D5F91F3E711B282A6B02.e.13866"},"getText",[]]}
COMMAND: POST /session/5fe08db6bd73095dce541d1489fc13fd/element - {"using":"xpath","value":"//*[contains(@id, '__text') and (contains(text(), 'successfully created') or contains(., 'successfully created'))]"}
RESULT: {"using":"xpath","value":"//*[contains(@id, '__text') and (contains(text(), 'successfully created') or contains(., 'successfully created'))]"}
COMMAND: GET /session/5fe08db6bd73095dce541d1489fc13fd/element/f.084301A5A664EC2A1657BC720E998331.d.2174AF25AEF0D5F91F3E711B282A6B02.e.13865/text - {}
RESULT: {}
COMMAND: POST /session/5fe08db6bd73095dce541d1489fc13fd/execute/async - {"script":"<script> [1562 bytes]","args":[{"selector":{"controlType":"sap.m.Button","properties":{"text":"Close"},"searchOpenDialogs":true,"interaction":{"idSuffix":"BDI-content"}},"wdio_ui5_key":"sapm.Button{\"text\":\"Close\"}"}]}
RESULT: {"script":"<script> [1562 bytes]","args":[{"selector":{"controlType":"sap.m.Button","properties":{"text":"Close"},"searchOpenDialogs":true,"interaction":{"idSuffix":"BDI-content"}},"wdio_ui5_key":"sapm.Button{\"text\":\"Close\"}"}]}
RESULT: undefined
COMMAND: POST /session/5fe08db6bd73095dce541d1489fc13fd/element - {"using":"xpath","value":"//*[@id=\"__mbox-btn-0\"]"}
RESULT: {"using":"xpath","value":"//*[@id=\"__mbox-btn-0\"]"}
COMMAND: POST /session/5fe08db6bd73095dce541d1489fc13fd/element/f.084301A5A664EC2A1657BC720E998331.d.2174AF25AEF0D5F91F3E711B282A6B02.e.13863/click - {}
RESULT: {}
COMMAND: GET /session/5fe08db6bd73095dce541d1489fc13fd/screenshot - {}
RESULT: {}
COMMAND: POST /session/5fe08db6bd73095dce541d1489fc13fd/execute/async - {"script":"<script> [1562 bytes]","args":[{"selector":{"controlType":"sap.ui.core.Icon","viewName":"etm.portal.ui.manageresources.view.Detail","viewId":"application-manageresources-display-component---detailRU","properties":{"src":{"regex":{"source":"overflow"}}}},"wdio_ui5_key":"etmportal.ui.manageresources.view.Detailsap.ui.core.Icon{\"src\":{\"regex\":{\"source\":\"overflow\"}}}"}]}
RESULT: {"script":"<script> [1562 bytes]","args":[{"selector":{"controlType":"sap.ui.core.Icon","viewName":"etm.portal.ui.manageresources.view.Detail","viewId":"application-manageresources-display-component---detailRU","properties":{"src":{"regex":{"source":"overflow"}}}},"wdio_ui5_key":"etmportal.ui.manageresources.view.Detailsap.ui.core.Icon{\"src\":{\"regex\":{\"source\":\"overflow\"}}}"}]}
RESULT: undefined
COMMAND: POST /session/5fe08db6bd73095dce541d1489fc13fd/element - {"using":"xpath","value":"//*[@id=\"__title31-_actionsToolbar-overflowButton-img\"]"}
RESULT: {"using":"xpath","value":"//*[@id=\"__title31-_actionsToolbar-overflowButton-img\"]"}
COMMAND: POST /session/5fe08db6bd73095dce541d1489fc13fd/element/f.084301A5A664EC2A1657BC720E998331.d.2174AF25AEF0D5F91F3E711B282A6B02.e.13892/click - {}
RESULT: {}
COMMAND: POST /session/5fe08db6bd73095dce541d1489fc13fd/execute/async - {"script":"<script> [1562 bytes]","args":[{"selector":{"controlType":"sap.m.Button","viewName":"etm.portal.ui.manageresources.view.Detail","viewId":"application-manageresources-display-component---detailRU","i18NText":{"propertyName":"tooltip","key":"closeColumn"},"searchOpenDialogs":true,"interaction":{"idSuffix":"inner"}},"wdio_ui5_key":"etmportal.ui.manageresources.view.Detailsap.m.Button{\"propertyName\":\"tooltip\",\"key\":\"closeColumn\"}"}]}
COMMAND: GET /session/5fe08db6bd73095dce541d1489fc13fd/screenshot - {}
RESULT: {"script":"<script> [1562 bytes]","args":[{"selector":{"controlType":"sap.m.Button","viewName":"etm.portal.ui.manageresources.view.Detail","viewId":"application-manageresources-display-component---detailRU","i18NText":{"propertyName":"tooltip","key":"closeColumn"},"searchOpenDialogs":true,"interaction":{"idSuffix":"inner"}},"wdio_ui5_key":"etmportal.ui.manageresources.view.Detailsap.m.Button{\"propertyName\":\"tooltip\",\"key\":\"closeColumn\"}"}]}
RESULT: undefined
COMMAND: POST /session/5fe08db6bd73095dce541d1489fc13fd/element - {"using":"xpath","value":"//*[@id=\"__button137\"]"}
RESULT: {}
RESULT: {"using":"xpath","value":"//*[@id=\"__button137\"]"}
COMMAND: POST /session/5fe08db6bd73095dce541d1489fc13fd/element/f.084301A5A664EC2A1657BC720E998331.d.2174AF25AEF0D5F91F3E711B282A6B02.e.13896/click - {}
RESULT: {}
COMMAND: GET /session/5fe08db6bd73095dce541d1489fc13fd/screenshot - {}
RESULT: {}
COMMAND: POST /session/5fe08db6bd73095dce541d1489fc13fd/refresh - {}
RESULT: {}
COMMAND: GET /session/5fe08db6bd73095dce541d1489fc13fd/screenshot - {}
RESULT: {}
COMMAND: POST /session/5fe08db6bd73095dce541d1489fc13fd/execute/async - {"script":"<script> [189 bytes]","args":[]}
RESULT: {"script":"<script> [189 bytes]","args":[]}
COMMAND: POST /session/5fe08db6bd73095dce541d1489fc13fd/execute/async - {"script":"<script> [123 bytes]","args":[]}
RESULT: {"script":"<script> [123 bytes]","args":[]}
COMMAND: POST /session/5fe08db6bd73095dce541d1489fc13fd/timeouts - {"script":"<number>"}
RESULT: {"script":"<number>"}
COMMAND: GET /session/5fe08db6bd73095dce541d1489fc13fd/timeouts - {}
RESULT: {}
RESULT: undefined
COMMAND: POST /session/5fe08db6bd73095dce541d1489fc13fd/execute/async - {"script":"<script> [2676 bytes]","args":[]}
RESULT: {"script":"<script> [2676 bytes]","args":[]}
COMMAND: POST /session/5fe08db6bd73095dce541d1489fc13fd/execute/async - {"script":"<script> [2342 bytes]","args":[{"protocol":"http","hostname":"0.0.0.0","path":"/","capabilities":{"browserName":"chrome","goog:chromeOptions":{"binary":"C:\\Program Files\\Google\\Chrome\\Application\\chrome.exe","args":["--start-maximized"]}},"logLevel":"warn","connectionRetryTimeout":120000,"connectionRetryCount":3,"logLevels":{},"enableDirectConnect":true,"strictSSL":true,"_":"65 more keys: [\"cacheDir\",\"port\",\"requestedCapabilities\",\"automationProtocol\",\"baseUrl\",\"waitforInterval\",\"waitforTimeout\",\"onReload\",\"beforeCommand\",\"afterCommand\",\"rootDir\",\"specs\",\"suites\",\"exclude\",\"groupLogsByTestSpec\",\"excludeDriverLogs\",\"bail\",\"framework\",\"reporters\",\"services\",\"maxInstances\",\"maxInstancesPerCapability\",\"injectGlobals\",\"filesToWatch\",\"execArgv\",\"runnerEnv\",\"runner\",\"shard\",\"specFileRetries\",\"specFileRetriesDelay\",\"specFileRetriesDeferred\",\"reporterSyncInterval\",\"reporterSyncTimeout\",\"cucumberFeaturesWithLineNumbers\",\"autoCompileOpts\",\"mochaOpts\",\"jasmineOpts\",\"cucumberOpts\",\"onPrepare\",\"onWorkerStart\",\"onWorkerEnd\",\"before\",\"beforeSession\",\"beforeSuite\",\"beforeHook\",\"beforeTest\",\"afterTest\",\"afterHook\",\"afterSuite\",\"afterSession\",\"after\",\"onComplete\",\"beforeAssertion\",\"afterAssertion\",\"beforeFeature\",\"beforeScenario\",\"beforeStep\",\"afterStep\",\"afterScenario\",\"afterFeature\",\"_\",\"suite\",\"$0\",\"ignoredWorkerServices\",\"wdi5\"]"}]}
RESULT: {"script":"<script> [2342 bytes]","args":[{"protocol":"http","hostname":"0.0.0.0","path":"/","capabilities":{"browserName":"chrome","goog:chromeOptions":{"binary":"C:\\Program Files\\Google\\Chrome\\Application\\chrome.exe","args":["--start-maximized"]}},"logLevel":"warn","connectionRetryTimeout":120000,"connectionRetryCount":3,"logLevels":{},"enableDirectConnect":true,"strictSSL":true,"_":"65 more keys: [\"cacheDir\",\"port\",\"requestedCapabilities\",\"automationProtocol\",\"baseUrl\",\"waitforInterval\",\"waitforTimeout\",\"onReload\",\"beforeCommand\",\"afterCommand\",\"rootDir\",\"specs\",\"suites\",\"exclude\",\"groupLogsByTestSpec\",\"excludeDriverLogs\",\"bail\",\"framework\",\"reporters\",\"services\",\"maxInstances\",\"maxInstancesPerCapability\",\"injectGlobals\",\"filesToWatch\",\"execArgv\",\"runnerEnv\",\"runner\",\"shard\",\"specFileRetries\",\"specFileRetriesDelay\",\"specFileRetriesDeferred\",\"reporterSyncInterval\",\"reporterSyncTimeout\",\"cucumberFeaturesWithLineNumbers\",\"autoCompileOpts\",\"mochaOpts\",\"jasmineOpts\",\"cucumberOpts\",\"onPrepare\",\"onWorkerStart\",\"onWorkerEnd\",\"before\",\"beforeSession\",\"beforeSuite\",\"beforeHook\",\"beforeTest\",\"afterTest\",\"afterHook\",\"afterSuite\",\"afterSession\",\"after\",\"onComplete\",\"beforeAssertion\",\"afterAssertion\",\"beforeFeature\",\"beforeScenario\",\"beforeStep\",\"afterStep\",\"afterScenario\",\"afterFeature\",\"_\",\"suite\",\"$0\",\"ignoredWorkerServices\",\"wdi5\"]"}]}
COMMAND: POST /session/5fe08db6bd73095dce541d1489fc13fd/execute/async - {"script":"<script> [21126 bytes]","args":[35000]}
RESULT: {"script":"<script> [21126 bytes]","args":[35000]}
COMMAND: POST /session/5fe08db6bd73095dce541d1489fc13fd/element - {"using":"css selector","value":"#shell-header-logo"}
RESULT: {"using":"css selector","value":"#shell-header-logo"}
COMMAND: POST /session/5fe08db6bd73095dce541d1489fc13fd/element/f.084301A5A664EC2A1657BC720E998331.d.E3B325F603B8306BC82C8481D8FD2CA7.e.13977/click - {}
RESULT: {}
COMMAND: GET /session/5fe08db6bd73095dce541d1489fc13fd/screenshot - {}
RESULT: {}
COMMAND: POST /session/5fe08db6bd73095dce541d1489fc13fd/execute/async - {"script":"<script> [1562 bytes]","args":[{"selector":{"controlType":"sap.m.GenericTile","properties":{"header":"Manage Handovers"}},"wdio_ui5_key":"sapm.GenericTile{\"header\":\"Manage Handovers\"}"}]}
RESULT: {"script":"<script> [1562 bytes]","args":[{"selector":{"controlType":"sap.m.GenericTile","properties":{"header":"Manage Handovers"}},"wdio_ui5_key":"sapm.GenericTile{\"header\":\"Manage Handovers\"}"}]}
RESULT: undefined
COMMAND: POST /session/5fe08db6bd73095dce541d1489fc13fd/element - {"using":"xpath","value":"//*[@id=\"__tile132\"]"}
RESULT: {"using":"xpath","value":"//*[@id=\"__tile132\"]"}
COMMAND: POST /session/5fe08db6bd73095dce541d1489fc13fd/element/f.084301A5A664EC2A1657BC720E998331.d.E3B325F603B8306BC82C8481D8FD2CA7.e.14161/click - {}
RESULT: {}
COMMAND: GET /session/5fe08db6bd73095dce541d1489fc13fd/screenshot - {}
RESULT: {}
COMMAND: POST /session/5fe08db6bd73095dce541d1489fc13fd/elements - {"using":"xpath","value":"//span[text()='Error']"}
RESULT: {"using":"xpath","value":"//span[text()='Error']"}
COMMAND: POST /session/5fe08db6bd73095dce541d1489fc13fd/element - {"using":"xpath","value":"//button[@data-kt=\"masterHOAddButton\"]"}
RESULT: {"using":"xpath","value":"//button[@data-kt=\"masterHOAddButton\"]"}
COMMAND: POST /session/5fe08db6bd73095dce541d1489fc13fd/execute/sync - {"script":"<script> [8489 bytes]","args":[{"element-6066-11e4-a52e-4f735466cecf":"f.084301A5A664EC2A1657BC720E998331.d.E3B325F603B8306BC82C8481D8FD2CA7.e.14203","ELEMENT":"f.084301A5A664EC2A1657BC720E998331.d.E3B325F603B8306BC82C8481D8FD2CA7.e.14203"}]}
RESULT: {"script":"<script> [8489 bytes]","args":[{"element-6066-11e4-a52e-4f735466cecf":"f.084301A5A664EC2A1657BC720E998331.d.E3B325F603B8306BC82C8481D8FD2CA7.e.14203","ELEMENT":"f.084301A5A664EC2A1657BC720E998331.d.E3B325F603B8306BC82C8481D8FD2CA7.e.14203"}]}
COMMAND: POST /session/5fe08db6bd73095dce541d1489fc13fd/element/f.084301A5A664EC2A1657BC720E998331.d.E3B325F603B8306BC82C8481D8FD2CA7.e.14203/click - {}
COMMAND: GET /session/5fe08db6bd73095dce541d1489fc13fd/screenshot - {}
RESULT: {}
COMMAND: GET /session/5fe08db6bd73095dce541d1489fc13fd/screenshot - {}
COMMAND: POST /session/5fe08db6bd73095dce541d1489fc13fd/element - {"using":"xpath","value":"//span[contains(@id ,\"AddNewHO--typeSelect-arrow\")]"}
RESULT: {}
RESULT: {}
RESULT: {"using":"xpath","value":"//span[contains(@id ,\"AddNewHO--typeSelect-arrow\")]"}
COMMAND: POST /session/5fe08db6bd73095dce541d1489fc13fd/element/f.084301A5A664EC2A1657BC720E998331.d.E3B325F603B8306BC82C8481D8FD2CA7.e.14511/click - {}
RESULT: {}
COMMAND: GET /session/5fe08db6bd73095dce541d1489fc13fd/screenshot - {}
RESULT: {}
COMMAND: POST /session/5fe08db6bd73095dce541d1489fc13fd/element - {"using":"xpath","value":"(//li[contains(text(), \"stock increase yard\")])[1]"}
RESULT: {"using":"xpath","value":"(//li[contains(text(), \"stock increase yard\")])[1]"}
COMMAND: POST /session/5fe08db6bd73095dce541d1489fc13fd/element/f.084301A5A664EC2A1657BC720E998331.d.E3B325F603B8306BC82C8481D8FD2CA7.e.14512/click - {}
RESULT: {}
COMMAND: GET /session/5fe08db6bd73095dce541d1489fc13fd/screenshot - {}
RESULT: {}
COMMAND: POST /session/5fe08db6bd73095dce541d1489fc13fd/execute/async - {"script":"<script> [1562 bytes]","args":[{"selector":{"id":"application-managehandovers-display-component---AddNewHO--dueDate","interaction":{"idSuffix":"inner"}},"wdio_ui5_key":"applicationmanagehandovers-display-component---AddNewHO--dueDate"}]}
RESULT: {"script":"<script> [1562 bytes]","args":[{"selector":{"id":"application-managehandovers-display-component---AddNewHO--dueDate","interaction":{"idSuffix":"inner"}},"wdio_ui5_key":"applicationmanagehandovers-display-component---AddNewHO--dueDate"}]}
RESULT: undefined
COMMAND: POST /session/5fe08db6bd73095dce541d1489fc13fd/execute/async - {"script":"<script> [6424 bytes]","args":[{"element-6066-11e4-a52e-4f735466cecf":"f.084301A5A664EC2A1657BC720E998331.d.E3B325F603B8306BC82C8481D8FD2CA7.e.14514"},"setValue",["5/14/25"]]}
RESULT: {"script":"<script> [6424 bytes]","args":[{"element-6066-11e4-a52e-4f735466cecf":"f.084301A5A664EC2A1657BC720E998331.d.E3B325F603B8306BC82C8481D8FD2CA7.e.14514"},"setValue",["5/14/25"]]}
COMMAND: POST /session/5fe08db6bd73095dce541d1489fc13fd/element - {"using":"xpath","value":"//input[@id=\"generalSectionFrg--receiveYard-inner\"]"}
RESULT: {"using":"xpath","value":"//input[@id=\"generalSectionFrg--receiveYard-inner\"]"}
COMMAND: POST /session/5fe08db6bd73095dce541d1489fc13fd/element/f.084301A5A664EC2A1657BC720E998331.d.E3B325F603B8306BC82C8481D8FD2CA7.e.14518/clear - {}
RESULT: {}
COMMAND: POST /session/5fe08db6bd73095dce541d1489fc13fd/element/f.084301A5A664EC2A1657BC720E998331.d.E3B325F603B8306BC82C8481D8FD2CA7.e.14518/value - {"text":"WebdriverYard1yr43"}
COMMAND: GET /session/5fe08db6bd73095dce541d1489fc13fd/screenshot - {}
RESULT: {"text":"WebdriverYard1yr43"}
COMMAND: GET /session/5fe08db6bd73095dce541d1489fc13fd/screenshot - {}
RESULT: {}
RESULT: {}
COMMAND: POST /session/5fe08db6bd73095dce541d1489fc13fd/execute/async - {"script":"<script> [1562 bytes]","args":[{"selector":{"id":"application-managehandovers-display-component---AddNewHO--ObjectPageLayout-anchBar-application-managehandovers-display-component---AddNewHO--section4-anchor","interaction":{"idSuffix":"BDI-content"}},"wdio_ui5_key":"applicationmanagehandovers-display-component---AddNewHO--ObjectPageLayout-anchBar-application-managehandovers-display-component---AddNewHO--section4-anchor"}]}
RESULT: {"script":"<script> [1562 bytes]","args":[{"selector":{"id":"application-managehandovers-display-component---AddNewHO--ObjectPageLayout-anchBar-application-managehandovers-display-component---AddNewHO--section4-anchor","interaction":{"idSuffix":"BDI-content"}},"wdio_ui5_key":"applicationmanagehandovers-display-component---AddNewHO--ObjectPageLayout-anchBar-application-managehandovers-display-component---AddNewHO--section4-anchor"}]}
RESULT: undefined
COMMAND: POST /session/5fe08db6bd73095dce541d1489fc13fd/element - {"using":"xpath","value":"//*[@id=\"application-managehandovers-display-component---AddNewHO--ObjectPageLayout-anchBar-application-managehandovers-display-component---AddNewHO--section4-anchor\"]"}
RESULT: {"using":"xpath","value":"//*[@id=\"application-managehandovers-display-component---AddNewHO--ObjectPageLayout-anchBar-application-managehandovers-display-component---AddNewHO--section4-anchor\"]"}
COMMAND: POST /session/5fe08db6bd73095dce541d1489fc13fd/element/f.084301A5A664EC2A1657BC720E998331.d.E3B325F603B8306BC82C8481D8FD2CA7.e.14538/click - {}
RESULT: {}
COMMAND: GET /session/5fe08db6bd73095dce541d1489fc13fd/screenshot - {}
RESULT: {}
COMMAND: POST /session/5fe08db6bd73095dce541d1489fc13fd/element - {"using":"xpath","value":"//button[@aria-label=\"Add\"]"}
RESULT: {"using":"xpath","value":"//button[@aria-label=\"Add\"]"}
COMMAND: POST /session/5fe08db6bd73095dce541d1489fc13fd/element/f.084301A5A664EC2A1657BC720E998331.d.E3B325F603B8306BC82C8481D8FD2CA7.e.14542/click - {}
RESULT: {}
COMMAND: GET /session/5fe08db6bd73095dce541d1489fc13fd/screenshot - {}
RESULT: {}
COMMAND: POST /session/5fe08db6bd73095dce541d1489fc13fd/execute/async - {"script":"<script> [1562 bytes]","args":[{"selector":{"id":"application-managehandovers-display-component---AddNewHO--smartFilterBar-btnBasicSearch","searchOpenDialogs":true,"interaction":{"idSuffix":"I"}},"wdio_ui5_key":"applicationmanagehandovers-display-component---AddNewHO--smartFilterBar-btnBasicSearch"}]}
RESULT: {"script":"<script> [1562 bytes]","args":[{"selector":{"id":"application-managehandovers-display-component---AddNewHO--smartFilterBar-btnBasicSearch","searchOpenDialogs":true,"interaction":{"idSuffix":"I"}},"wdio_ui5_key":"applicationmanagehandovers-display-component---AddNewHO--smartFilterBar-btnBasicSearch"}]}
RESULT: undefined
COMMAND: POST /session/5fe08db6bd73095dce541d1489fc13fd/execute/async - {"script":"<script> [776 bytes]","args":[{"enterText":"WebdriverRUR2Cwtu32k","selector":{"id":"application-managehandovers-display-component---AddNewHO--smartFilterBar-btnBasicSearch","searchOpenDialogs":true,"interaction":{"idSuffix":"I"}},"clearTextFirst":true,"interactionType":"ENTER_TEXT"}]}
RESULT: {"script":"<script> [776 bytes]","args":[{"enterText":"WebdriverRUR2Cwtu32k","selector":{"id":"application-managehandovers-display-component---AddNewHO--smartFilterBar-btnBasicSearch","searchOpenDialogs":true,"interaction":{"idSuffix":"I"}},"clearTextFirst":true,"interactionType":"ENTER_TEXT"}]}
COMMAND: POST /session/5fe08db6bd73095dce541d1489fc13fd/actions - {"actions":[{"id":"action71","type":"key","parameters":{},"actions":[{"type":"keyDown","value":"î€‡"},{"type":"pause","duration":10},{"type":"keyUp","value":"î€‡"}]}]}
RESULT: {"actions":[{"id":"action71","type":"key","parameters":{},"actions":[{"type":"keyDown","value":"î€‡"},{"type":"pause","duration":10},{"type":"keyUp","value":"î€‡"}]}]}
COMMAND: POST /session/5fe08db6bd73095dce541d1489fc13fd/execute/async - {"script":"<script> [1562 bytes]","args":[{"selector":{"id":"application-managehandovers-display-component---AddNewHO--popup-sa","searchOpenDialogs":true,"interaction":{"idSuffix":"CbBg"}},"wdio_ui5_key":"applicationmanagehandovers-display-component---AddNewHO--popup-sa"}]}
COMMAND: GET /session/5fe08db6bd73095dce541d1489fc13fd/screenshot - {}
RESULT: {"script":"<script> [1562 bytes]","args":[{"selector":{"id":"application-managehandovers-display-component---AddNewHO--popup-sa","searchOpenDialogs":true,"interaction":{"idSuffix":"CbBg"}},"wdio_ui5_key":"applicationmanagehandovers-display-component---AddNewHO--popup-sa"}]}
RESULT: undefined
COMMAND: POST /session/5fe08db6bd73095dce541d1489fc13fd/element - {"using":"xpath","value":"//*[@id=\"application-managehandovers-display-component---AddNewHO--popup-sa\"]"}
RESULT: {}
RESULT: {"using":"xpath","value":"//*[@id=\"application-managehandovers-display-component---AddNewHO--popup-sa\"]"}
COMMAND: POST /session/5fe08db6bd73095dce541d1489fc13fd/element/f.084301A5A664EC2A1657BC720E998331.d.E3B325F603B8306BC82C8481D8FD2CA7.e.14624/click - {}
RESULT: {}
COMMAND: GET /session/5fe08db6bd73095dce541d1489fc13fd/screenshot - {}
RESULT: {}
COMMAND: POST /session/5fe08db6bd73095dce541d1489fc13fd/element - {"using":"xpath","value":"//bdi[contains(text(), \"Select\")]"}
RESULT: {"using":"xpath","value":"//bdi[contains(text(), \"Select\")]"}
COMMAND: POST /session/5fe08db6bd73095dce541d1489fc13fd/element/f.084301A5A664EC2A1657BC720E998331.d.E3B325F603B8306BC82C8481D8FD2CA7.e.14625/click - {}
RESULT: {}
COMMAND: GET /session/5fe08db6bd73095dce541d1489fc13fd/screenshot - {}
RESULT: {}
COMMAND: POST /session/5fe08db6bd73095dce541d1489fc13fd/execute/async - {"script":"<script> [1562 bytes]","args":[{"selector":{"controlType":"sap.m.Input","viewName":"etm.portal.ui.managehandovers.view.AddNewHO","viewId":"application-managehandovers-display-component---AddNewHO","bindingPath":{"path":"/items/0","propertyPath":"TYPE","modelName":"hoItemsModel"},"interaction":{"idSuffix":"inner"}},"wdio_ui5_key":"etmportal.ui.managehandovers.view.AddNewHOsap.m.Input{\"path\":\"/items/0\",\"propertyPath\":\"TYPE\",\"modelName\":\"hoItemsModel\"}"}]}
RESULT: {"script":"<script> [1562 bytes]","args":[{"selector":{"controlType":"sap.m.Input","viewName":"etm.portal.ui.managehandovers.view.AddNewHO","viewId":"application-managehandovers-display-component---AddNewHO","bindingPath":{"path":"/items/0","propertyPath":"TYPE","modelName":"hoItemsModel"},"interaction":{"idSuffix":"inner"}},"wdio_ui5_key":"etmportal.ui.managehandovers.view.AddNewHOsap.m.Input{\"path\":\"/items/0\",\"propertyPath\":\"TYPE\",\"modelName\":\"hoItemsModel\"}"}]}
RESULT: undefined
COMMAND: POST /session/5fe08db6bd73095dce541d1489fc13fd/execute/async - {"script":"<script> [776 bytes]","args":[{"enterText":"100","selector":{"controlType":"sap.m.Input","viewName":"etm.portal.ui.managehandovers.view.AddNewHO","viewId":"application-managehandovers-display-component---AddNewHO","bindingPath":{"path":"/items/0","propertyPath":"TYPE","modelName":"hoItemsModel"},"interaction":{"idSuffix":"inner"}},"clearTextFirst":true,"interactionType":"ENTER_TEXT"}]}
RESULT: {"script":"<script> [776 bytes]","args":[{"enterText":"100","selector":{"controlType":"sap.m.Input","viewName":"etm.portal.ui.managehandovers.view.AddNewHO","viewId":"application-managehandovers-display-component---AddNewHO","bindingPath":{"path":"/items/0","propertyPath":"TYPE","modelName":"hoItemsModel"},"interaction":{"idSuffix":"inner"}},"clearTextFirst":true,"interactionType":"ENTER_TEXT"}]}
COMMAND: POST /session/5fe08db6bd73095dce541d1489fc13fd/element - {"using":"xpath","value":"//button[@data-kt=\"AddNewHOSaveButton\"]"}
RESULT: {"using":"xpath","value":"//button[@data-kt=\"AddNewHOSaveButton\"]"}
COMMAND: POST /session/5fe08db6bd73095dce541d1489fc13fd/element/f.084301A5A664EC2A1657BC720E998331.d.E3B325F603B8306BC82C8481D8FD2CA7.e.14630/click - {}
RESULT: {}
COMMAND: GET /session/5fe08db6bd73095dce541d1489fc13fd/screenshot - {}
RESULT: {}
COMMAND: POST /session/5fe08db6bd73095dce541d1489fc13fd/execute/async - {"script":"<script> [1562 bytes]","args":[{"selector":{"id":"receiptDatePicker","viewName":"etm.portal.ui.managehandovers.view.DetailExecuteHO","interaction":{"idSuffix":"inner"}},"wdio_ui5_key":"receiptDatePickeretmportal.ui.managehandovers.view.DetailExecuteHO"}]}
RESULT: {"script":"<script> [1562 bytes]","args":[{"selector":{"id":"receiptDatePicker","viewName":"etm.portal.ui.managehandovers.view.DetailExecuteHO","interaction":{"idSuffix":"inner"}},"wdio_ui5_key":"receiptDatePickeretmportal.ui.managehandovers.view.DetailExecuteHO"}]}
RESULT: undefined
COMMAND: POST /session/5fe08db6bd73095dce541d1489fc13fd/execute/async - {"script":"<script> [6424 bytes]","args":[{"element-6066-11e4-a52e-4f735466cecf":"f.084301A5A664EC2A1657BC720E998331.d.E3B325F603B8306BC82C8481D8FD2CA7.e.14648"},"setValue",["5/14/25"]]}
RESULT: {"script":"<script> [6424 bytes]","args":[{"element-6066-11e4-a52e-4f735466cecf":"f.084301A5A664EC2A1657BC720E998331.d.E3B325F603B8306BC82C8481D8FD2CA7.e.14648"},"setValue",["5/14/25"]]}
COMMAND: POST /session/5fe08db6bd73095dce541d1489fc13fd/element - {"using":"xpath","value":"//button[@data-kt=\"PickingTableConfirmAllButton\"]"}
RESULT: {"using":"xpath","value":"//button[@data-kt=\"PickingTableConfirmAllButton\"]"}
COMMAND: POST /session/5fe08db6bd73095dce541d1489fc13fd/element/f.084301A5A664EC2A1657BC720E998331.d.E3B325F603B8306BC82C8481D8FD2CA7.e.14664/click - {}
RESULT: {}
COMMAND: GET /session/5fe08db6bd73095dce541d1489fc13fd/screenshot - {}
RESULT: {}
COMMAND: POST /session/5fe08db6bd73095dce541d1489fc13fd/element - {"using":"xpath","value":"//bdi[contains(text(), \"OK\")]"}
RESULT: {"using":"xpath","value":"//bdi[contains(text(), \"OK\")]"}
COMMAND: POST /session/5fe08db6bd73095dce541d1489fc13fd/element/f.084301A5A664EC2A1657BC720E998331.d.E3B325F603B8306BC82C8481D8FD2CA7.e.14666/click - {}
RESULT: {}
COMMAND: GET /session/5fe08db6bd73095dce541d1489fc13fd/screenshot - {}
RESULT: {}
COMMAND: POST /session/5fe08db6bd73095dce541d1489fc13fd/element - {"using":"xpath","value":"(//bdi[contains(text(), \"Receive\")])[2]"}
RESULT: {"using":"xpath","value":"(//bdi[contains(text(), \"Receive\")])[2]"}
COMMAND: POST /session/5fe08db6bd73095dce541d1489fc13fd/element/f.084301A5A664EC2A1657BC720E998331.d.E3B325F603B8306BC82C8481D8FD2CA7.e.14668/click - {}
RESULT: {}
COMMAND: GET /session/5fe08db6bd73095dce541d1489fc13fd/screenshot - {}
RESULT: {}
COMMAND: POST /session/5fe08db6bd73095dce541d1489fc13fd/element - {"using":"css selector","value":"#shell-header-logo"}
RESULT: {"using":"css selector","value":"#shell-header-logo"}
COMMAND: POST /session/5fe08db6bd73095dce541d1489fc13fd/element/f.084301A5A664EC2A1657BC720E998331.d.E3B325F603B8306BC82C8481D8FD2CA7.e.14164/click - {}
RESULT: {}
]]></system-out>
    </testcase>
    <testcase classname="chrome.136_0_7103_49.windows.E2E_-_Logistical_and_commercial_statuses" name="Should add a pricing rule and a condition to the RU" time="103.539">
      <system-out><![CDATA[
COMMAND: POST /session/5fe08db6bd73095dce541d1489fc13fd/execute/async - {"script":"<script> [1562 bytes]","args":[{"selector":{"controlType":"sap.m.GenericTile","properties":{"header":"Manage Pricing Rules"}},"wdio_ui5_key":"sapm.GenericTile{\"header\":\"Manage Pricing Rules\"}"}]}
COMMAND: GET /session/5fe08db6bd73095dce541d1489fc13fd/screenshot - {}
RESULT: {"script":"<script> [1562 bytes]","args":[{"selector":{"controlType":"sap.m.GenericTile","properties":{"header":"Manage Pricing Rules"}},"wdio_ui5_key":"sapm.GenericTile{\"header\":\"Manage Pricing Rules\"}"}]}
RESULT: undefined
COMMAND: POST /session/5fe08db6bd73095dce541d1489fc13fd/element - {"using":"xpath","value":"//*[@id=\"__tile55\"]"}
RESULT: {}
RESULT: {"using":"xpath","value":"//*[@id=\"__tile55\"]"}
COMMAND: POST /session/5fe08db6bd73095dce541d1489fc13fd/element/f.084301A5A664EC2A1657BC720E998331.d.E3B325F603B8306BC82C8481D8FD2CA7.e.14814/click - {}
RESULT: {}
COMMAND: GET /session/5fe08db6bd73095dce541d1489fc13fd/screenshot - {}
RESULT: {}
COMMAND: POST /session/5fe08db6bd73095dce541d1489fc13fd/elements - {"using":"xpath","value":"//span[text()='Error']"}
RESULT: {"using":"xpath","value":"//span[text()='Error']"}
COMMAND: POST /session/5fe08db6bd73095dce541d1489fc13fd/execute/async - {"script":"<script> [1562 bytes]","args":[{"selector":{"controlType":"sap.ui.core.Icon","viewName":"etm.portal.ui.managepricingrules.view.MasterHeader","viewId":"application-managepricingrules-display-component---priceInfoHeader","properties":{"src":{"regex":{"source":"activity\\-items"}}}},"wdio_ui5_key":"etmportal.ui.managepricingrules.view.MasterHeadersap.ui.core.Icon{\"src\":{\"regex\":{\"source\":\"activity\\\\-items\"}}}"}]}
RESULT: {"script":"<script> [1562 bytes]","args":[{"selector":{"controlType":"sap.ui.core.Icon","viewName":"etm.portal.ui.managepricingrules.view.MasterHeader","viewId":"application-managepricingrules-display-component---priceInfoHeader","properties":{"src":{"regex":{"source":"activity\\-items"}}}},"wdio_ui5_key":"etmportal.ui.managepricingrules.view.MasterHeadersap.ui.core.Icon{\"src\":{\"regex\":{\"source\":\"activity\\\\-items\"}}}"}]}
RESULT: undefined
COMMAND: POST /session/5fe08db6bd73095dce541d1489fc13fd/element - {"using":"xpath","value":"//*[@id=\"__filter22-icon\"]"}
RESULT: {"using":"xpath","value":"//*[@id=\"__filter22-icon\"]"}
COMMAND: POST /session/5fe08db6bd73095dce541d1489fc13fd/element/f.084301A5A664EC2A1657BC720E998331.d.E3B325F603B8306BC82C8481D8FD2CA7.e.14864/click - {}
RESULT: {}
COMMAND: GET /session/5fe08db6bd73095dce541d1489fc13fd/screenshot - {}
RESULT: {}
COMMAND: POST /session/5fe08db6bd73095dce541d1489fc13fd/execute/async - {"script":"<script> [1562 bytes]","args":[{"selector":{"controlType":"sap.ui.core.Icon","viewName":"etm.portal.ui.managepricingrules.view.MasterItem","viewId":"application-managepricingrules-display-component---priceInfoItem","properties":{"src":{"regex":{"source":"add"}}}},"wdio_ui5_key":"etmportal.ui.managepricingrules.view.MasterItemsap.ui.core.Icon{\"src\":{\"regex\":{\"source\":\"add\"}}}"}]}
RESULT: {"script":"<script> [1562 bytes]","args":[{"selector":{"controlType":"sap.ui.core.Icon","viewName":"etm.portal.ui.managepricingrules.view.MasterItem","viewId":"application-managepricingrules-display-component---priceInfoItem","properties":{"src":{"regex":{"source":"add"}}}},"wdio_ui5_key":"etmportal.ui.managepricingrules.view.MasterItemsap.ui.core.Icon{\"src\":{\"regex\":{\"source\":\"add\"}}}"}]}
RESULT: undefined
COMMAND: POST /session/5fe08db6bd73095dce541d1489fc13fd/element - {"using":"xpath","value":"//*[@id=\"__button73-img\"]"}
RESULT: {"using":"xpath","value":"//*[@id=\"__button73-img\"]"}
COMMAND: POST /session/5fe08db6bd73095dce541d1489fc13fd/element/f.084301A5A664EC2A1657BC720E998331.d.E3B325F603B8306BC82C8481D8FD2CA7.e.14911/click - {}
RESULT: {}
COMMAND: GET /session/5fe08db6bd73095dce541d1489fc13fd/screenshot - {}
RESULT: {}
COMMAND: POST /session/5fe08db6bd73095dce541d1489fc13fd/element - {"using":"xpath","value":"//input[@id=\"application-managepricingrules-display-component---newInfoPriceItem--condRU-inner\"]"}
RESULT: {"using":"xpath","value":"//input[@id=\"application-managepricingrules-display-component---newInfoPriceItem--condRU-inner\"]"}
COMMAND: POST /session/5fe08db6bd73095dce541d1489fc13fd/element/f.084301A5A664EC2A1657BC720E998331.d.E3B325F603B8306BC82C8481D8FD2CA7.e.15123/clear - {}
RESULT: {}
COMMAND: POST /session/5fe08db6bd73095dce541d1489fc13fd/element/f.084301A5A664EC2A1657BC720E998331.d.E3B325F603B8306BC82C8481D8FD2CA7.e.15123/value - {"text":"WebdriverRUR2Cwtu32k"}
COMMAND: GET /session/5fe08db6bd73095dce541d1489fc13fd/screenshot - {}
RESULT: {"text":"WebdriverRUR2Cwtu32k"}
COMMAND: POST /session/5fe08db6bd73095dce541d1489fc13fd/execute/async - {"script":"<script> [1562 bytes]","args":[{"selector":{"id":"application-managepricingrules-display-component---newInfoPriceItem--condValidTo","interaction":{"idSuffix":"inner"}},"wdio_ui5_key":"applicationmanagepricingrules-display-component---newInfoPriceItem--condValidTo"}]}
COMMAND: GET /session/5fe08db6bd73095dce541d1489fc13fd/screenshot - {}
RESULT: {}
RESULT: {"script":"<script> [1562 bytes]","args":[{"selector":{"id":"application-managepricingrules-display-component---newInfoPriceItem--condValidTo","interaction":{"idSuffix":"inner"}},"wdio_ui5_key":"applicationmanagepricingrules-display-component---newInfoPriceItem--condValidTo"}]}
RESULT: undefined
COMMAND: POST /session/5fe08db6bd73095dce541d1489fc13fd/execute/async - {"script":"<script> [776 bytes]","args":[{"enterText":"5/18/33","selector":{"id":"application-managepricingrules-display-component---newInfoPriceItem--condValidTo","interaction":{"idSuffix":"inner"}},"clearTextFirst":true,"interactionType":"ENTER_TEXT"}]}
RESULT: {}
RESULT: {"script":"<script> [776 bytes]","args":[{"enterText":"5/18/33","selector":{"id":"application-managepricingrules-display-component---newInfoPriceItem--condValidTo","interaction":{"idSuffix":"inner"}},"clearTextFirst":true,"interactionType":"ENTER_TEXT"}]}
COMMAND: POST /session/5fe08db6bd73095dce541d1489fc13fd/execute/async - {"script":"<script> [1562 bytes]","args":[{"selector":{"id":"application-managepricingrules-display-component---newInfoPriceItem--billType-arrow"},"wdio_ui5_key":"applicationmanagepricingrules-display-component---newInfoPriceItem--billType-arrow"}]}
RESULT: {"script":"<script> [1562 bytes]","args":[{"selector":{"id":"application-managepricingrules-display-component---newInfoPriceItem--billType-arrow"},"wdio_ui5_key":"applicationmanagepricingrules-display-component---newInfoPriceItem--billType-arrow"}]}
RESULT: undefined
COMMAND: POST /session/5fe08db6bd73095dce541d1489fc13fd/element - {"using":"xpath","value":"//*[@id=\"application-managepricingrules-display-component---newInfoPriceItem--billType-arrow\"]"}
RESULT: {"using":"xpath","value":"//*[@id=\"application-managepricingrules-display-component---newInfoPriceItem--billType-arrow\"]"}
COMMAND: POST /session/5fe08db6bd73095dce541d1489fc13fd/element/f.084301A5A664EC2A1657BC720E998331.d.E3B325F603B8306BC82C8481D8FD2CA7.e.15209/click - {}
RESULT: {}
COMMAND: POST /session/5fe08db6bd73095dce541d1489fc13fd/element - {"using":"xpath","value":"//span[contains(text(), \"TB - Time based\")]"}
COMMAND: GET /session/5fe08db6bd73095dce541d1489fc13fd/screenshot - {}
RESULT: {"using":"xpath","value":"//span[contains(text(), \"TB - Time based\")]"}
COMMAND: POST /session/5fe08db6bd73095dce541d1489fc13fd/element/f.084301A5A664EC2A1657BC720E998331.d.E3B325F603B8306BC82C8481D8FD2CA7.e.15263/click - {}
RESULT: {}
RESULT: {}
COMMAND: POST /session/5fe08db6bd73095dce541d1489fc13fd/execute/async - {"script":"<script> [1562 bytes]","args":[{"selector":{"id":"application-managepricingrules-display-component---newInfoPriceItem--priceProc-arrow"},"wdio_ui5_key":"applicationmanagepricingrules-display-component---newInfoPriceItem--priceProc-arrow"}]}
COMMAND: GET /session/5fe08db6bd73095dce541d1489fc13fd/screenshot - {}
RESULT: {"script":"<script> [1562 bytes]","args":[{"selector":{"id":"application-managepricingrules-display-component---newInfoPriceItem--priceProc-arrow"},"wdio_ui5_key":"applicationmanagepricingrules-display-component---newInfoPriceItem--priceProc-arrow"}]}
RESULT: undefined
COMMAND: POST /session/5fe08db6bd73095dce541d1489fc13fd/element - {"using":"xpath","value":"//*[@id=\"application-managepricingrules-display-component---newInfoPriceItem--priceProc-arrow\"]"}
RESULT: {}
RESULT: {"using":"xpath","value":"//*[@id=\"application-managepricingrules-display-component---newInfoPriceItem--priceProc-arrow\"]"}
COMMAND: POST /session/5fe08db6bd73095dce541d1489fc13fd/element/f.084301A5A664EC2A1657BC720E998331.d.E3B325F603B8306BC82C8481D8FD2CA7.e.15216/click - {}
RESULT: {}
COMMAND: POST /session/5fe08db6bd73095dce541d1489fc13fd/element - {"using":"xpath","value":"//span[contains(text(), \"TBS - Time based standard\")]"}
COMMAND: GET /session/5fe08db6bd73095dce541d1489fc13fd/screenshot - {}
RESULT: {"using":"xpath","value":"//span[contains(text(), \"TBS - Time based standard\")]"}
COMMAND: POST /session/5fe08db6bd73095dce541d1489fc13fd/element/f.084301A5A664EC2A1657BC720E998331.d.E3B325F603B8306BC82C8481D8FD2CA7.e.15264/click - {}
RESULT: {}
RESULT: {}
COMMAND: POST /session/5fe08db6bd73095dce541d1489fc13fd/execute/async - {"script":"<script> [1562 bytes]","args":[{"selector":{"id":"application-managepricingrules-display-component---newInfoPriceItem--calcBase-arrow"},"wdio_ui5_key":"applicationmanagepricingrules-display-component---newInfoPriceItem--calcBase-arrow"}]}
COMMAND: GET /session/5fe08db6bd73095dce541d1489fc13fd/screenshot - {}
RESULT: {"script":"<script> [1562 bytes]","args":[{"selector":{"id":"application-managepricingrules-display-component---newInfoPriceItem--calcBase-arrow"},"wdio_ui5_key":"applicationmanagepricingrules-display-component---newInfoPriceItem--calcBase-arrow"}]}
RESULT: undefined
COMMAND: POST /session/5fe08db6bd73095dce541d1489fc13fd/element - {"using":"xpath","value":"//*[@id=\"application-managepricingrules-display-component---newInfoPriceItem--calcBase-arrow\"]"}
RESULT: {}
RESULT: {"using":"xpath","value":"//*[@id=\"application-managepricingrules-display-component---newInfoPriceItem--calcBase-arrow\"]"}
COMMAND: POST /session/5fe08db6bd73095dce541d1489fc13fd/element/f.084301A5A664EC2A1657BC720E998331.d.E3B325F603B8306BC82C8481D8FD2CA7.e.15223/click - {}
RESULT: {}
COMMAND: GET /session/5fe08db6bd73095dce541d1489fc13fd/screenshot - {}
RESULT: {}
COMMAND: POST /session/5fe08db6bd73095dce541d1489fc13fd/element - {"using":"xpath","value":"//span[contains(text(), \"0006 - TB(calendar days)\")]"}
RESULT: {"using":"xpath","value":"//span[contains(text(), \"0006 - TB(calendar days)\")]"}
COMMAND: POST /session/5fe08db6bd73095dce541d1489fc13fd/element/f.084301A5A664EC2A1657BC720E998331.d.E3B325F603B8306BC82C8481D8FD2CA7.e.15265/click - {}
RESULT: {}
COMMAND: POST /session/5fe08db6bd73095dce541d1489fc13fd/execute/async - {"script":"<script> [1562 bytes]","args":[{"selector":{"id":"application-managepricingrules-display-component---newInfoPriceItem--daysMonth","interaction":{"idSuffix":"inner"}},"wdio_ui5_key":"applicationmanagepricingrules-display-component---newInfoPriceItem--daysMonth"}]}
COMMAND: GET /session/5fe08db6bd73095dce541d1489fc13fd/screenshot - {}
RESULT: {"script":"<script> [1562 bytes]","args":[{"selector":{"id":"application-managepricingrules-display-component---newInfoPriceItem--daysMonth","interaction":{"idSuffix":"inner"}},"wdio_ui5_key":"applicationmanagepricingrules-display-component---newInfoPriceItem--daysMonth"}]}
RESULT: undefined
COMMAND: POST /session/5fe08db6bd73095dce541d1489fc13fd/execute/async - {"script":"<script> [776 bytes]","args":[{"enterText":"30","selector":{"id":"application-managepricingrules-display-component---newInfoPriceItem--daysMonth","interaction":{"idSuffix":"inner"}},"clearTextFirst":true,"interactionType":"ENTER_TEXT"}]}
RESULT: {}
RESULT: {"script":"<script> [776 bytes]","args":[{"enterText":"30","selector":{"id":"application-managepricingrules-display-component---newInfoPriceItem--daysMonth","interaction":{"idSuffix":"inner"}},"clearTextFirst":true,"interactionType":"ENTER_TEXT"}]}
COMMAND: POST /session/5fe08db6bd73095dce541d1489fc13fd/element - {"using":"xpath","value":"//button[@data-kt=\"saveNewRuleButton\"]"}
RESULT: {"using":"xpath","value":"//button[@data-kt=\"saveNewRuleButton\"]"}
COMMAND: POST /session/5fe08db6bd73095dce541d1489fc13fd/element/f.084301A5A664EC2A1657BC720E998331.d.E3B325F603B8306BC82C8481D8FD2CA7.e.15244/click - {}
RESULT: {}
COMMAND: GET /session/5fe08db6bd73095dce541d1489fc13fd/screenshot - {}
RESULT: {}
COMMAND: POST /session/5fe08db6bd73095dce541d1489fc13fd/element - {"using":"css selector","value":"#shell-header-logo"}
RESULT: {"using":"css selector","value":"#shell-header-logo"}
COMMAND: POST /session/5fe08db6bd73095dce541d1489fc13fd/element/f.084301A5A664EC2A1657BC720E998331.d.E3B325F603B8306BC82C8481D8FD2CA7.e.14818/click - {}
RESULT: {}
COMMAND: GET /session/5fe08db6bd73095dce541d1489fc13fd/screenshot - {}
RESULT: {}
COMMAND: POST /session/5fe08db6bd73095dce541d1489fc13fd/execute/async - {"script":"<script> [1562 bytes]","args":[{"selector":{"controlType":"sap.m.Text","properties":{"text":"Manage Conditions & Prices"},"interaction":{"idSuffix":"inner"}},"wdio_ui5_key":"sapm.Text{\"text\":\"Manage Conditions & Prices\"}"}]}
RESULT: {"script":"<script> [1562 bytes]","args":[{"selector":{"controlType":"sap.m.Text","properties":{"text":"Manage Conditions & Prices"},"interaction":{"idSuffix":"inner"}},"wdio_ui5_key":"sapm.Text{\"text\":\"Manage Conditions & Prices\"}"}]}
RESULT: undefined
COMMAND: POST /session/5fe08db6bd73095dce541d1489fc13fd/element - {"using":"xpath","value":"//*[@id=\"__tile53-title\"]"}
RESULT: {"using":"xpath","value":"//*[@id=\"__tile53-title\"]"}
COMMAND: POST /session/5fe08db6bd73095dce541d1489fc13fd/element/f.084301A5A664EC2A1657BC720E998331.d.E3B325F603B8306BC82C8481D8FD2CA7.e.15285/click - {}
RESULT: {}
COMMAND: GET /session/5fe08db6bd73095dce541d1489fc13fd/screenshot - {}
RESULT: {}
COMMAND: POST /session/5fe08db6bd73095dce541d1489fc13fd/element - {"using":"xpath","value":"//button[@aria-label=\"Create\"]"}
RESULT: {"using":"xpath","value":"//button[@aria-label=\"Create\"]"}
COMMAND: POST /session/5fe08db6bd73095dce541d1489fc13fd/elements - {"using":"xpath","value":"//button[@aria-label=\"Create\"]"}
RESULT: {"using":"xpath","value":"//button[@aria-label=\"Create\"]"}
COMMAND: POST /session/5fe08db6bd73095dce541d1489fc13fd/element - {"using":"xpath","value":"//button[@aria-label=\"Create\"]"}
RESULT: {"using":"xpath","value":"//button[@aria-label=\"Create\"]"}
COMMAND: POST /session/5fe08db6bd73095dce541d1489fc13fd/element/f.084301A5A664EC2A1657BC720E998331.d.E3B325F603B8306BC82C8481D8FD2CA7.e.15316/click - {}
RESULT: {}
COMMAND: POST /session/5fe08db6bd73095dce541d1489fc13fd/actions - {"actions":[{"id":"action72","type":"key","parameters":{},"actions":[{"type":"keyDown","value":"î€‡"},{"type":"pause","duration":10},{"type":"keyUp","value":"î€‡"}]}]}
COMMAND: GET /session/5fe08db6bd73095dce541d1489fc13fd/screenshot - {}
RESULT: {"actions":[{"id":"action72","type":"key","parameters":{},"actions":[{"type":"keyDown","value":"î€‡"},{"type":"pause","duration":10},{"type":"keyUp","value":"î€‡"}]}]}
COMMAND: GET /session/5fe08db6bd73095dce541d1489fc13fd/screenshot - {}
COMMAND: POST /session/5fe08db6bd73095dce541d1489fc13fd/execute/async - {"script":"<script> [1562 bytes]","args":[{"selector":{"id":"application-manageconditionprice-display-component---newCondition--condBillCond-arrow"},"wdio_ui5_key":"applicationmanageconditionprice-display-component---newCondition--condBillCond-arrow"}]}
RESULT: {}
RESULT: {}
RESULT: {"script":"<script> [1562 bytes]","args":[{"selector":{"id":"application-manageconditionprice-display-component---newCondition--condBillCond-arrow"},"wdio_ui5_key":"applicationmanageconditionprice-display-component---newCondition--condBillCond-arrow"}]}
RESULT: undefined
COMMAND: POST /session/5fe08db6bd73095dce541d1489fc13fd/element - {"using":"xpath","value":"//*[@id=\"application-manageconditionprice-display-component---newCondition--condBillCond-arrow\"]"}
RESULT: {"using":"xpath","value":"//*[@id=\"application-manageconditionprice-display-component---newCondition--condBillCond-arrow\"]"}
COMMAND: POST /session/5fe08db6bd73095dce541d1489fc13fd/element/f.084301A5A664EC2A1657BC720E998331.d.E3B325F603B8306BC82C8481D8FD2CA7.e.15683/click - {}
RESULT: {}
COMMAND: POST /session/5fe08db6bd73095dce541d1489fc13fd/element - {"using":"xpath","value":"//span[contains(text(), \"DISP - D&I special price\")]"}
COMMAND: GET /session/5fe08db6bd73095dce541d1489fc13fd/screenshot - {}
RESULT: {"using":"xpath","value":"//span[contains(text(), \"DISP - D&I special price\")]"}
COMMAND: POST /session/5fe08db6bd73095dce541d1489fc13fd/element/f.084301A5A664EC2A1657BC720E998331.d.E3B325F603B8306BC82C8481D8FD2CA7.e.15686/click - {}
RESULT: {}
RESULT: {}
COMMAND: POST /session/5fe08db6bd73095dce541d1489fc13fd/execute/async - {"script":"<script> [1562 bytes]","args":[{"selector":{"id":"application-manageconditionprice-display-component---newCondition--condValidTo","interaction":{"idSuffix":"inner"}},"wdio_ui5_key":"applicationmanageconditionprice-display-component---newCondition--condValidTo"}]}
COMMAND: GET /session/5fe08db6bd73095dce541d1489fc13fd/screenshot - {}
RESULT: {"script":"<script> [1562 bytes]","args":[{"selector":{"id":"application-manageconditionprice-display-component---newCondition--condValidTo","interaction":{"idSuffix":"inner"}},"wdio_ui5_key":"applicationmanageconditionprice-display-component---newCondition--condValidTo"}]}
RESULT: undefined
COMMAND: POST /session/5fe08db6bd73095dce541d1489fc13fd/execute/async - {"script":"<script> [776 bytes]","args":[{"enterText":"5/11/33","selector":{"id":"application-manageconditionprice-display-component---newCondition--condValidTo","interaction":{"idSuffix":"inner"}},"clearTextFirst":true,"interactionType":"ENTER_TEXT"}]}
RESULT: {}
RESULT: {"script":"<script> [776 bytes]","args":[{"enterText":"5/11/33","selector":{"id":"application-manageconditionprice-display-component---newCondition--condValidTo","interaction":{"idSuffix":"inner"}},"clearTextFirst":true,"interactionType":"ENTER_TEXT"}]}
COMMAND: POST /session/5fe08db6bd73095dce541d1489fc13fd/element - {"using":"xpath","value":"//input[@id=\"application-manageconditionprice-display-component---newCondition--condRU-inner\"]"}
RESULT: {"using":"xpath","value":"//input[@id=\"application-manageconditionprice-display-component---newCondition--condRU-inner\"]"}
COMMAND: POST /session/5fe08db6bd73095dce541d1489fc13fd/element/f.084301A5A664EC2A1657BC720E998331.d.E3B325F603B8306BC82C8481D8FD2CA7.e.15427/clear - {}
RESULT: {}
COMMAND: POST /session/5fe08db6bd73095dce541d1489fc13fd/element/f.084301A5A664EC2A1657BC720E998331.d.E3B325F603B8306BC82C8481D8FD2CA7.e.15427/value - {"text":"WebdriverRUR2Cwtu32k"}
COMMAND: GET /session/5fe08db6bd73095dce541d1489fc13fd/screenshot - {}
RESULT: {"text":"WebdriverRUR2Cwtu32k"}
COMMAND: GET /session/5fe08db6bd73095dce541d1489fc13fd/screenshot - {}
RESULT: {}
RESULT: {}
COMMAND: POST /session/5fe08db6bd73095dce541d1489fc13fd/actions - {"actions":[{"id":"action73","type":"key","parameters":{},"actions":[{"type":"keyDown","value":"î€‡"},{"type":"pause","duration":10},{"type":"keyUp","value":"î€‡"}]}]}
RESULT: {"actions":[{"id":"action73","type":"key","parameters":{},"actions":[{"type":"keyDown","value":"î€‡"},{"type":"pause","duration":10},{"type":"keyUp","value":"î€‡"}]}]}
COMMAND: POST /session/5fe08db6bd73095dce541d1489fc13fd/execute/async - {"script":"<script> [1562 bytes]","args":[{"selector":{"id":"application-manageconditionprice-display-component---newCondition--condBaseQty","interaction":{"idSuffix":"inner"}},"wdio_ui5_key":"applicationmanageconditionprice-display-component---newCondition--condBaseQty"}]}
COMMAND: GET /session/5fe08db6bd73095dce541d1489fc13fd/screenshot - {}
RESULT: {"script":"<script> [1562 bytes]","args":[{"selector":{"id":"application-manageconditionprice-display-component---newCondition--condBaseQty","interaction":{"idSuffix":"inner"}},"wdio_ui5_key":"applicationmanageconditionprice-display-component---newCondition--condBaseQty"}]}
RESULT: undefined
COMMAND: POST /session/5fe08db6bd73095dce541d1489fc13fd/execute/async - {"script":"<script> [776 bytes]","args":[{"enterText":"1","selector":{"id":"application-manageconditionprice-display-component---newCondition--condBaseQty","interaction":{"idSuffix":"inner"}},"clearTextFirst":true,"interactionType":"ENTER_TEXT"}]}
RESULT: {}
RESULT: {"script":"<script> [776 bytes]","args":[{"enterText":"1","selector":{"id":"application-manageconditionprice-display-component---newCondition--condBaseQty","interaction":{"idSuffix":"inner"}},"clearTextFirst":true,"interactionType":"ENTER_TEXT"}]}
COMMAND: POST /session/5fe08db6bd73095dce541d1489fc13fd/execute/async - {"script":"<script> [1562 bytes]","args":[{"selector":{"id":"application-manageconditionprice-display-component---newCondition--condValue","interaction":{"idSuffix":"inner"}},"wdio_ui5_key":"applicationmanageconditionprice-display-component---newCondition--condValue"}]}
RESULT: {"script":"<script> [1562 bytes]","args":[{"selector":{"id":"application-manageconditionprice-display-component---newCondition--condValue","interaction":{"idSuffix":"inner"}},"wdio_ui5_key":"applicationmanageconditionprice-display-component---newCondition--condValue"}]}
RESULT: undefined
COMMAND: POST /session/5fe08db6bd73095dce541d1489fc13fd/execute/async - {"script":"<script> [776 bytes]","args":[{"enterText":"100","selector":{"id":"application-manageconditionprice-display-component---newCondition--condValue","interaction":{"idSuffix":"inner"}},"clearTextFirst":true,"interactionType":"ENTER_TEXT"}]}
RESULT: {"script":"<script> [776 bytes]","args":[{"enterText":"100","selector":{"id":"application-manageconditionprice-display-component---newCondition--condValue","interaction":{"idSuffix":"inner"}},"clearTextFirst":true,"interactionType":"ENTER_TEXT"}]}
COMMAND: POST /session/5fe08db6bd73095dce541d1489fc13fd/execute/async - {"script":"<script> [1562 bytes]","args":[{"selector":{"id":"application-manageconditionprice-display-component---newCondition--condCurr-arrow"},"wdio_ui5_key":"applicationmanageconditionprice-display-component---newCondition--condCurr-arrow"}]}
RESULT: {"script":"<script> [1562 bytes]","args":[{"selector":{"id":"application-manageconditionprice-display-component---newCondition--condCurr-arrow"},"wdio_ui5_key":"applicationmanageconditionprice-display-component---newCondition--condCurr-arrow"}]}
RESULT: undefined
COMMAND: POST /session/5fe08db6bd73095dce541d1489fc13fd/element - {"using":"xpath","value":"//*[@id=\"application-manageconditionprice-display-component---newCondition--condCurr-arrow\"]"}
RESULT: {"using":"xpath","value":"//*[@id=\"application-manageconditionprice-display-component---newCondition--condCurr-arrow\"]"}
COMMAND: POST /session/5fe08db6bd73095dce541d1489fc13fd/element/f.084301A5A664EC2A1657BC720E998331.d.E3B325F603B8306BC82C8481D8FD2CA7.e.15660/click - {}
RESULT: {}
COMMAND: POST /session/5fe08db6bd73095dce541d1489fc13fd/element - {"using":"xpath","value":"//span[contains(text(), \"Euro\")]"}
COMMAND: GET /session/5fe08db6bd73095dce541d1489fc13fd/screenshot - {}
RESULT: {"using":"xpath","value":"//span[contains(text(), \"Euro\")]"}
COMMAND: POST /session/5fe08db6bd73095dce541d1489fc13fd/element/f.084301A5A664EC2A1657BC720E998331.d.E3B325F603B8306BC82C8481D8FD2CA7.e.15722/click - {}
RESULT: {}
RESULT: {}
COMMAND: POST /session/5fe08db6bd73095dce541d1489fc13fd/element - {"using":"xpath","value":"//button[@data-kt=\"saveButton\"]"}
COMMAND: GET /session/5fe08db6bd73095dce541d1489fc13fd/screenshot - {}
RESULT: {"using":"xpath","value":"//button[@data-kt=\"saveButton\"]"}
COMMAND: POST /session/5fe08db6bd73095dce541d1489fc13fd/element/f.084301A5A664EC2A1657BC720E998331.d.E3B325F603B8306BC82C8481D8FD2CA7.e.15661/click - {}
RESULT: {}
RESULT: {}
COMMAND: GET /session/5fe08db6bd73095dce541d1489fc13fd/screenshot - {}
RESULT: {}
COMMAND: POST /session/5fe08db6bd73095dce541d1489fc13fd/element - {"using":"css selector","value":"#shell-header-logo"}
RESULT: {"using":"css selector","value":"#shell-header-logo"}
COMMAND: POST /session/5fe08db6bd73095dce541d1489fc13fd/element/f.084301A5A664EC2A1657BC720E998331.d.E3B325F603B8306BC82C8481D8FD2CA7.e.15288/click - {}
RESULT: {}
COMMAND: GET /session/5fe08db6bd73095dce541d1489fc13fd/screenshot - {}
RESULT: {}
]]></system-out>
    </testcase>
    <testcase classname="chrome.136_0_7103_49.windows.E2E_-_Logistical_and_commercial_statuses" name="Should create a new contract" time="61.256">
      <system-out><![CDATA[
COMMAND: POST /session/5fe08db6bd73095dce541d1489fc13fd/execute/async - {"script":"<script> [1562 bytes]","args":[{"selector":{"controlType":"sap.m.GenericTile","properties":{"header":"Manage Contracts"}},"wdio_ui5_key":"sapm.GenericTile{\"header\":\"Manage Contracts\"}"}]}
RESULT: {"script":"<script> [1562 bytes]","args":[{"selector":{"controlType":"sap.m.GenericTile","properties":{"header":"Manage Contracts"}},"wdio_ui5_key":"sapm.GenericTile{\"header\":\"Manage Contracts\"}"}]}
RESULT: undefined
COMMAND: POST /session/5fe08db6bd73095dce541d1489fc13fd/element - {"using":"xpath","value":"//*[@id=\"__tile130\"]"}
RESULT: {"using":"xpath","value":"//*[@id=\"__tile130\"]"}
COMMAND: POST /session/5fe08db6bd73095dce541d1489fc13fd/element/f.084301A5A664EC2A1657BC720E998331.d.E3B325F603B8306BC82C8481D8FD2CA7.e.15818/click - {}
RESULT: {}
COMMAND: GET /session/5fe08db6bd73095dce541d1489fc13fd/screenshot - {}
RESULT: {}
COMMAND: POST /session/5fe08db6bd73095dce541d1489fc13fd/elements - {"using":"xpath","value":"//span[text()='Error']"}
RESULT: {"using":"xpath","value":"//span[text()='Error']"}
COMMAND: POST /session/5fe08db6bd73095dce541d1489fc13fd/element - {"using":"xpath","value":"//button[@data-kt=\"addButton\"]"}
RESULT: {"using":"xpath","value":"//button[@data-kt=\"addButton\"]"}
COMMAND: POST /session/5fe08db6bd73095dce541d1489fc13fd/element/f.084301A5A664EC2A1657BC720E998331.d.E3B325F603B8306BC82C8481D8FD2CA7.e.15871/click - {}
RESULT: {}
COMMAND: GET /session/5fe08db6bd73095dce541d1489fc13fd/screenshot - {}
COMMAND: POST /session/5fe08db6bd73095dce541d1489fc13fd/execute/async - {"script":"<script> [1562 bytes]","args":[{"selector":{"id":"application-managecontracts-display-component---AddNewContract--projectDescription","interaction":{"idSuffix":"inner"}},"wdio_ui5_key":"applicationmanagecontracts-display-component---AddNewContract--projectDescription"}]}
RESULT: {}
RESULT: {"script":"<script> [1562 bytes]","args":[{"selector":{"id":"application-managecontracts-display-component---AddNewContract--projectDescription","interaction":{"idSuffix":"inner"}},"wdio_ui5_key":"applicationmanagecontracts-display-component---AddNewContract--projectDescription"}]}
RESULT: undefined
COMMAND: POST /session/5fe08db6bd73095dce541d1489fc13fd/execute/async - {"script":"<script> [776 bytes]","args":[{"enterText":"WdIOR2c7vw7f","selector":{"id":"application-managecontracts-display-component---AddNewContract--projectDescription","interaction":{"idSuffix":"inner"}},"clearTextFirst":true,"interactionType":"ENTER_TEXT"}]}
RESULT: {"script":"<script> [776 bytes]","args":[{"enterText":"WdIOR2c7vw7f","selector":{"id":"application-managecontracts-display-component---AddNewContract--projectDescription","interaction":{"idSuffix":"inner"}},"clearTextFirst":true,"interactionType":"ENTER_TEXT"}]}
COMMAND: POST /session/5fe08db6bd73095dce541d1489fc13fd/element - {"using":"xpath","value":"//input[@id=\"application-managecontracts-display-component---AddNewContract--yardId-inner\"]"}
RESULT: {"using":"xpath","value":"//input[@id=\"application-managecontracts-display-component---AddNewContract--yardId-inner\"]"}
COMMAND: POST /session/5fe08db6bd73095dce541d1489fc13fd/element/f.084301A5A664EC2A1657BC720E998331.d.E3B325F603B8306BC82C8481D8FD2CA7.e.16169/clear - {}
RESULT: {}
COMMAND: POST /session/5fe08db6bd73095dce541d1489fc13fd/element/f.084301A5A664EC2A1657BC720E998331.d.E3B325F603B8306BC82C8481D8FD2CA7.e.16169/value - {"text":"WebdriverYard1yr43"}
COMMAND: GET /session/5fe08db6bd73095dce541d1489fc13fd/screenshot - {}
RESULT: {"text":"WebdriverYard1yr43"}
COMMAND: GET /session/5fe08db6bd73095dce541d1489fc13fd/screenshot - {}
RESULT: {}
RESULT: {}
COMMAND: POST /session/5fe08db6bd73095dce541d1489fc13fd/actions - {"actions":[{"id":"action74","type":"key","parameters":{},"actions":[{"type":"keyDown","value":"î€‡"},{"type":"pause","duration":10},{"type":"keyUp","value":"î€‡"}]}]}
RESULT: {"actions":[{"id":"action74","type":"key","parameters":{},"actions":[{"type":"keyDown","value":"î€‡"},{"type":"pause","duration":10},{"type":"keyUp","value":"î€‡"}]}]}
COMMAND: GET /session/5fe08db6bd73095dce541d1489fc13fd/screenshot - {}
RESULT: {}
COMMAND: POST /session/5fe08db6bd73095dce541d1489fc13fd/element - {"using":"xpath","value":"//input[@id=\"application-managecontracts-display-component---AddNewContract--customerSelect-inner\"]"}
RESULT: {"using":"xpath","value":"//input[@id=\"application-managecontracts-display-component---AddNewContract--customerSelect-inner\"]"}
COMMAND: POST /session/5fe08db6bd73095dce541d1489fc13fd/element/f.084301A5A664EC2A1657BC720E998331.d.E3B325F603B8306BC82C8481D8FD2CA7.e.16167/clear - {}
RESULT: {}
COMMAND: POST /session/5fe08db6bd73095dce541d1489fc13fd/element/f.084301A5A664EC2A1657BC720E998331.d.E3B325F603B8306BC82C8481D8FD2CA7.e.16167/value - {"text":"WebdriverPartnermm3pa"}
COMMAND: GET /session/5fe08db6bd73095dce541d1489fc13fd/screenshot - {}
RESULT: {"text":"WebdriverPartnermm3pa"}
COMMAND: GET /session/5fe08db6bd73095dce541d1489fc13fd/screenshot - {}
RESULT: {}
RESULT: {}
COMMAND: POST /session/5fe08db6bd73095dce541d1489fc13fd/actions - {"actions":[{"id":"action75","type":"key","parameters":{},"actions":[{"type":"keyDown","value":"î€‡"},{"type":"pause","duration":10},{"type":"keyUp","value":"î€‡"}]}]}
RESULT: {"actions":[{"id":"action75","type":"key","parameters":{},"actions":[{"type":"keyDown","value":"î€‡"},{"type":"pause","duration":10},{"type":"keyUp","value":"î€‡"}]}]}
COMMAND: GET /session/5fe08db6bd73095dce541d1489fc13fd/screenshot - {}
RESULT: {}
COMMAND: POST /session/5fe08db6bd73095dce541d1489fc13fd/element - {"using":"xpath","value":"//input[@id=\"application-managecontracts-display-component---AddNewContract--site-inner\"]"}
RESULT: {"using":"xpath","value":"//input[@id=\"application-managecontracts-display-component---AddNewContract--site-inner\"]"}
COMMAND: POST /session/5fe08db6bd73095dce541d1489fc13fd/element/f.084301A5A664EC2A1657BC720E998331.d.E3B325F603B8306BC82C8481D8FD2CA7.e.16168/clear - {}
RESULT: {}
COMMAND: POST /session/5fe08db6bd73095dce541d1489fc13fd/element/f.084301A5A664EC2A1657BC720E998331.d.E3B325F603B8306BC82C8481D8FD2CA7.e.16168/value - {"text":"WebdriverSiteaixidj"}
COMMAND: GET /session/5fe08db6bd73095dce541d1489fc13fd/screenshot - {}
RESULT: {"text":"WebdriverSiteaixidj"}
COMMAND: GET /session/5fe08db6bd73095dce541d1489fc13fd/screenshot - {}
RESULT: {}
RESULT: {}
COMMAND: POST /session/5fe08db6bd73095dce541d1489fc13fd/actions - {"actions":[{"id":"action76","type":"key","parameters":{},"actions":[{"type":"keyDown","value":"î€‡"},{"type":"pause","duration":10},{"type":"keyUp","value":"î€‡"}]}]}
RESULT: {"actions":[{"id":"action76","type":"key","parameters":{},"actions":[{"type":"keyDown","value":"î€‡"},{"type":"pause","duration":10},{"type":"keyUp","value":"î€‡"}]}]}
COMMAND: POST /session/5fe08db6bd73095dce541d1489fc13fd/element - {"using":"xpath","value":"//button[@data-kt=\"saveButton\"]"}
COMMAND: GET /session/5fe08db6bd73095dce541d1489fc13fd/screenshot - {}
RESULT: {"using":"xpath","value":"//button[@data-kt=\"saveButton\"]"}
COMMAND: POST /session/5fe08db6bd73095dce541d1489fc13fd/element/f.084301A5A664EC2A1657BC720E998331.d.E3B325F603B8306BC82C8481D8FD2CA7.e.16202/click - {}
RESULT: {}
RESULT: {}
COMMAND: GET /session/5fe08db6bd73095dce541d1489fc13fd/screenshot - {}
RESULT: {}
COMMAND: POST /session/5fe08db6bd73095dce541d1489fc13fd/execute/async - {"script":"<script> [1562 bytes]","args":[{"selector":{"id":"contractDetailTitleNoExpanded","viewName":"etm.portal.ui.managecontracts.view.Detail"},"wdio_ui5_key":"contractDetailTitleNoExpandedetmportal.ui.managecontracts.view.Detail"}]}
RESULT: {"script":"<script> [1562 bytes]","args":[{"selector":{"id":"contractDetailTitleNoExpanded","viewName":"etm.portal.ui.managecontracts.view.Detail"},"wdio_ui5_key":"contractDetailTitleNoExpandedetmportal.ui.managecontracts.view.Detail"}]}
RESULT: undefined
COMMAND: POST /session/5fe08db6bd73095dce541d1489fc13fd/execute/async - {"script":"<script> [6424 bytes]","args":[{"element-6066-11e4-a52e-4f735466cecf":"f.084301A5A664EC2A1657BC720E998331.d.E3B325F603B8306BC82C8481D8FD2CA7.e.16271"},"getText",[]]}
RESULT: {"script":"<script> [6424 bytes]","args":[{"element-6066-11e4-a52e-4f735466cecf":"f.084301A5A664EC2A1657BC720E998331.d.E3B325F603B8306BC82C8481D8FD2CA7.e.16271"},"getText",[]]}
]]></system-out>
    </testcase>
    <testcase classname="chrome.136_0_7103_49.windows.E2E_-_Logistical_and_commercial_statuses" name="Should add materialID to the contract" time="42.175">
      <system-out><![CDATA[
COMMAND: POST /session/5fe08db6bd73095dce541d1489fc13fd/element - {"using":"xpath","value":"//button[@data-kt=\"contractDetailEditBtnButton\"]"}
RESULT: {"using":"xpath","value":"//button[@data-kt=\"contractDetailEditBtnButton\"]"}
COMMAND: POST /session/5fe08db6bd73095dce541d1489fc13fd/element/f.084301A5A664EC2A1657BC720E998331.d.E3B325F603B8306BC82C8481D8FD2CA7.e.16272/click - {}
RESULT: {}
COMMAND: GET /session/5fe08db6bd73095dce541d1489fc13fd/screenshot - {}
RESULT: {}
COMMAND: POST /session/5fe08db6bd73095dce541d1489fc13fd/element - {"using":"xpath","value":"(//span[contains(text(), \"Additional Addresses\")])[2]"}
RESULT: {"using":"xpath","value":"(//span[contains(text(), \"Additional Addresses\")])[2]"}
COMMAND: POST /session/5fe08db6bd73095dce541d1489fc13fd/element/f.084301A5A664EC2A1657BC720E998331.d.E3B325F603B8306BC82C8481D8FD2CA7.e.16331/click - {}
RESULT: {}
COMMAND: GET /session/5fe08db6bd73095dce541d1489fc13fd/screenshot - {}
RESULT: {}
COMMAND: POST /session/5fe08db6bd73095dce541d1489fc13fd/element - {"using":"xpath","value":"//button[@data-kt=\"btnAddTableRowOverflowToolbarButton\"]"}
RESULT: {"using":"xpath","value":"//button[@data-kt=\"btnAddTableRowOverflowToolbarButton\"]"}
COMMAND: POST /session/5fe08db6bd73095dce541d1489fc13fd/element/f.084301A5A664EC2A1657BC720E998331.d.E3B325F603B8306BC82C8481D8FD2CA7.e.16333/click - {}
RESULT: {}
COMMAND: GET /session/5fe08db6bd73095dce541d1489fc13fd/screenshot - {}
RESULT: {}
COMMAND: POST /session/5fe08db6bd73095dce541d1489fc13fd/element - {"using":"xpath","value":"//div[(text() = 'Standard Entry' or . = 'Standard Entry')]"}
RESULT: {"using":"xpath","value":"//div[(text() = 'Standard Entry' or . = 'Standard Entry')]"}
COMMAND: POST /session/5fe08db6bd73095dce541d1489fc13fd/element/f.084301A5A664EC2A1657BC720E998331.d.E3B325F603B8306BC82C8481D8FD2CA7.e.16335/click - {}
RESULT: {}
COMMAND: POST /session/5fe08db6bd73095dce541d1489fc13fd/element - {"using":"xpath","value":"//td[6]/div/div/input[1]"}
COMMAND: GET /session/5fe08db6bd73095dce541d1489fc13fd/screenshot - {}
RESULT: {"using":"xpath","value":"//td[6]/div/div/input[1]"}
COMMAND: POST /session/5fe08db6bd73095dce541d1489fc13fd/element/f.084301A5A664EC2A1657BC720E998331.d.E3B325F603B8306BC82C8481D8FD2CA7.e.16337/click - {}
RESULT: {}
RESULT: {}
COMMAND: POST /session/5fe08db6bd73095dce541d1489fc13fd/actions - {"actions":[{"id":"action77","type":"key","parameters":{},"actions":[{"type":"keyDown","value":"î€ƒ"},{"type":"pause","duration":10},{"type":"keyUp","value":"î€ƒ"}]}]}
COMMAND: GET /session/5fe08db6bd73095dce541d1489fc13fd/screenshot - {}
RESULT: {"actions":[{"id":"action77","type":"key","parameters":{},"actions":[{"type":"keyDown","value":"î€ƒ"},{"type":"pause","duration":10},{"type":"keyUp","value":"î€ƒ"}]}]}
COMMAND: POST /session/5fe08db6bd73095dce541d1489fc13fd/element - {"using":"xpath","value":"//td[6]/div/div/input[1]"}
COMMAND: GET /session/5fe08db6bd73095dce541d1489fc13fd/screenshot - {}
RESULT: {}
RESULT: {"using":"xpath","value":"//td[6]/div/div/input[1]"}
COMMAND: POST /session/5fe08db6bd73095dce541d1489fc13fd/element/f.084301A5A664EC2A1657BC720E998331.d.E3B325F603B8306BC82C8481D8FD2CA7.e.16337/clear - {}
RESULT: {}
RESULT: {}
COMMAND: POST /session/5fe08db6bd73095dce541d1489fc13fd/element/f.084301A5A664EC2A1657BC720E998331.d.E3B325F603B8306BC82C8481D8FD2CA7.e.16337/value - {"text":"Material"}
COMMAND: GET /session/5fe08db6bd73095dce541d1489fc13fd/screenshot - {}
RESULT: {"text":"Material"}
COMMAND: GET /session/5fe08db6bd73095dce541d1489fc13fd/screenshot - {}
RESULT: {}
RESULT: {}
COMMAND: POST /session/5fe08db6bd73095dce541d1489fc13fd/actions - {"actions":[{"id":"action78","type":"key","parameters":{},"actions":[{"type":"keyDown","value":"î€‡"},{"type":"pause","duration":10},{"type":"keyUp","value":"î€‡"}]}]}
RESULT: {"actions":[{"id":"action78","type":"key","parameters":{},"actions":[{"type":"keyDown","value":"î€‡"},{"type":"pause","duration":10},{"type":"keyUp","value":"î€‡"}]}]}
COMMAND: GET /session/5fe08db6bd73095dce541d1489fc13fd/screenshot - {}
RESULT: {}
COMMAND: POST /session/5fe08db6bd73095dce541d1489fc13fd/actions - {"actions":[{"id":"action79","type":"key","parameters":{},"actions":[{"type":"keyDown","value":"î€‡"},{"type":"pause","duration":10},{"type":"keyUp","value":"î€‡"}]}]}
RESULT: {"actions":[{"id":"action79","type":"key","parameters":{},"actions":[{"type":"keyDown","value":"î€‡"},{"type":"pause","duration":10},{"type":"keyUp","value":"î€‡"}]}]}
COMMAND: POST /session/5fe08db6bd73095dce541d1489fc13fd/element - {"using":"xpath","value":"//td[7]/div/div/input"}
COMMAND: GET /session/5fe08db6bd73095dce541d1489fc13fd/screenshot - {}
RESULT: {"using":"xpath","value":"//td[7]/div/div/input"}
COMMAND: POST /session/5fe08db6bd73095dce541d1489fc13fd/element/f.084301A5A664EC2A1657BC720E998331.d.E3B325F603B8306BC82C8481D8FD2CA7.e.16350/clear - {}
RESULT: {}
RESULT: {}
COMMAND: POST /session/5fe08db6bd73095dce541d1489fc13fd/element/f.084301A5A664EC2A1657BC720E998331.d.E3B325F603B8306BC82C8481D8FD2CA7.e.16350/value - {"text":"WebdriverRUR2Cwtu32k"}
COMMAND: GET /session/5fe08db6bd73095dce541d1489fc13fd/screenshot - {}
RESULT: {"text":"WebdriverRUR2Cwtu32k"}
COMMAND: GET /session/5fe08db6bd73095dce541d1489fc13fd/screenshot - {}
RESULT: {}
RESULT: {}
COMMAND: POST /session/5fe08db6bd73095dce541d1489fc13fd/actions - {"actions":[{"id":"action80","type":"key","parameters":{},"actions":[{"type":"keyDown","value":"î€‡"},{"type":"pause","duration":10},{"type":"keyUp","value":"î€‡"}]}]}
RESULT: {"actions":[{"id":"action80","type":"key","parameters":{},"actions":[{"type":"keyDown","value":"î€‡"},{"type":"pause","duration":10},{"type":"keyUp","value":"î€‡"}]}]}
COMMAND: GET /session/5fe08db6bd73095dce541d1489fc13fd/screenshot - {}
RESULT: {}
COMMAND: POST /session/5fe08db6bd73095dce541d1489fc13fd/actions - {"actions":[{"id":"action81","type":"key","parameters":{},"actions":[{"type":"keyDown","value":"î€‡"},{"type":"pause","duration":10},{"type":"keyUp","value":"î€‡"}]}]}
RESULT: {"actions":[{"id":"action81","type":"key","parameters":{},"actions":[{"type":"keyDown","value":"î€‡"},{"type":"pause","duration":10},{"type":"keyUp","value":"î€‡"}]}]}
COMMAND: GET /session/5fe08db6bd73095dce541d1489fc13fd/screenshot - {}
RESULT: {}
COMMAND: POST /session/5fe08db6bd73095dce541d1489fc13fd/element - {"using":"xpath","value":"(//button[@data-kt=\"saveButton\"])[2]"}
RESULT: {"using":"xpath","value":"(//button[@data-kt=\"saveButton\"])[2]"}
COMMAND: POST /session/5fe08db6bd73095dce541d1489fc13fd/element/f.084301A5A664EC2A1657BC720E998331.d.E3B325F603B8306BC82C8481D8FD2CA7.e.16373/click - {}
RESULT: {}
COMMAND: GET /session/5fe08db6bd73095dce541d1489fc13fd/screenshot - {}
RESULT: {}
]]></system-out>
    </testcase>
  </testsuite>
</testsuites>