<?xml version="1.0" encoding="UTF-8"?>
<testsuites tests="9" failures="5" errors="5" skipped="0">
  <testsuite timestamp="2025-06-05T17:57:41" time="756.45" tests="9" failures="5" errors="5" skipped="0">
    <properties>
      <property name="specId" value="0" />
      <property name="suiteName" value="Address Management Tests US156181 US151165 US151160 US156180 US156178 US151157 US151172 US151170 US151166 US151168" />
      <property name="capabilities" value="chrome.137_0_7151_56.windows" />
      <property name="file" value="file:///D:/a/1/s/test/specs/BTS/address-management.spec.js" />
    </properties>
    <testcase classname="chrome.137_0_7151_56.windows.Address_Management_Tests_US156181_US151165_US151160_US156180_US156178_US151157_US151172_US151170_US151166_US151168" name="Step 1 Will check existence of address created with generated name if none then we create US156181" time="67.869">
      <system-out><![CDATA[
COMMAND: POST /session/cd996b992422665fbfd836900d4c17e1/execute/async - {"script":"<script> [1562 bytes]","args":[{"selector":{"controlType":"sap.m.GenericTile","properties":{"header":"Address Management"}},"wdio_ui5_key":"sapm.GenericTile{\"header\":\"Address Management\"}"}]}
RESULT: {"script":"<script> [1562 bytes]","args":[{"selector":{"controlType":"sap.m.GenericTile","properties":{"header":"Address Management"}},"wdio_ui5_key":"sapm.GenericTile{\"header\":\"Address Management\"}"}]}
RESULT: undefined
COMMAND: POST /session/cd996b992422665fbfd836900d4c17e1/element - {"using":"xpath","value":"//*[@id=\"__tile33\"]"}
RESULT: {"using":"xpath","value":"//*[@id=\"__tile33\"]"}
COMMAND: POST /session/cd996b992422665fbfd836900d4c17e1/element/f.33F811DD5EF91B780BEF0E0A8E838AFF.d.8E119A96DA6F19C00A928C79522A835F.e.214/click - {}
RESULT: {}
COMMAND: GET /session/cd996b992422665fbfd836900d4c17e1/screenshot - {}
RESULT: {}
COMMAND: POST /session/cd996b992422665fbfd836900d4c17e1/elements - {"using":"xpath","value":"//span[text()='Error']"}
RESULT: {"using":"xpath","value":"//span[text()='Error']"}
COMMAND: POST /session/cd996b992422665fbfd836900d4c17e1/element - {"using":"xpath","value":"//button[@data-kt=\"addButton\"]"}
RESULT: {"using":"xpath","value":"//button[@data-kt=\"addButton\"]"}
COMMAND: POST /session/cd996b992422665fbfd836900d4c17e1/elements - {"using":"xpath","value":"//button[@data-kt=\"addButton\"]"}
RESULT: {"using":"xpath","value":"//button[@data-kt=\"addButton\"]"}
COMMAND: POST /session/cd996b992422665fbfd836900d4c17e1/elements - {"using":"xpath","value":"//button[@data-kt=\"addButton\"]"}
RESULT: {"using":"xpath","value":"//button[@data-kt=\"addButton\"]"}
COMMAND: POST /session/cd996b992422665fbfd836900d4c17e1/element - {"using":"xpath","value":"//button[@data-kt=\"addButton\"]"}
RESULT: {"using":"xpath","value":"//button[@data-kt=\"addButton\"]"}
COMMAND: POST /session/cd996b992422665fbfd836900d4c17e1/execute/sync - {"script":"<script> [8489 bytes]","args":[{"element-6066-11e4-a52e-4f735466cecf":"f.33F811DD5EF91B780BEF0E0A8E838AFF.d.8E119A96DA6F19C00A928C79522A835F.e.301","ELEMENT":"f.33F811DD5EF91B780BEF0E0A8E838AFF.d.8E119A96DA6F19C00A928C79522A835F.e.301"}]}
RESULT: {"script":"<script> [8489 bytes]","args":[{"element-6066-11e4-a52e-4f735466cecf":"f.33F811DD5EF91B780BEF0E0A8E838AFF.d.8E119A96DA6F19C00A928C79522A835F.e.301","ELEMENT":"f.33F811DD5EF91B780BEF0E0A8E838AFF.d.8E119A96DA6F19C00A928C79522A835F.e.301"}]}
COMMAND: GET /session/cd996b992422665fbfd836900d4c17e1/element/f.33F811DD5EF91B780BEF0E0A8E838AFF.d.8E119A96DA6F19C00A928C79522A835F.e.301/enabled - {}
COMMAND: GET /session/cd996b992422665fbfd836900d4c17e1/screenshot - {}
RESULT: {}
COMMAND: POST /session/cd996b992422665fbfd836900d4c17e1/execute/sync - {"script":"<script> [8489 bytes]","args":[{"element-6066-11e4-a52e-4f735466cecf":"f.33F811DD5EF91B780BEF0E0A8E838AFF.d.8E119A96DA6F19C00A928C79522A835F.e.301","ELEMENT":"f.33F811DD5EF91B780BEF0E0A8E838AFF.d.8E119A96DA6F19C00A928C79522A835F.e.301"}]}
COMMAND: GET /session/cd996b992422665fbfd836900d4c17e1/screenshot - {}
RESULT: {}
RESULT: {"script":"<script> [8489 bytes]","args":[{"element-6066-11e4-a52e-4f735466cecf":"f.33F811DD5EF91B780BEF0E0A8E838AFF.d.8E119A96DA6F19C00A928C79522A835F.e.301","ELEMENT":"f.33F811DD5EF91B780BEF0E0A8E838AFF.d.8E119A96DA6F19C00A928C79522A835F.e.301"}]}
COMMAND: POST /session/cd996b992422665fbfd836900d4c17e1/execute/sync - {"script":"<script> [5351 bytes]","args":[{"element-6066-11e4-a52e-4f735466cecf":"f.33F811DD5EF91B780BEF0E0A8E838AFF.d.8E119A96DA6F19C00A928C79522A835F.e.301","ELEMENT":"f.33F811DD5EF91B780BEF0E0A8E838AFF.d.8E119A96DA6F19C00A928C79522A835F.e.301"}]}
COMMAND: GET /session/cd996b992422665fbfd836900d4c17e1/screenshot - {}
RESULT: {}
RESULT: {"script":"<script> [5351 bytes]","args":[{"element-6066-11e4-a52e-4f735466cecf":"f.33F811DD5EF91B780BEF0E0A8E838AFF.d.8E119A96DA6F19C00A928C79522A835F.e.301","ELEMENT":"f.33F811DD5EF91B780BEF0E0A8E838AFF.d.8E119A96DA6F19C00A928C79522A835F.e.301"}]}
COMMAND: GET /session/cd996b992422665fbfd836900d4c17e1/screenshot - {}
RESULT: {}
RESULT: {}
COMMAND: POST /session/cd996b992422665fbfd836900d4c17e1/execute/async - {"script":"<script> [1562 bytes]","args":[{"selector":{"id":"application-addressmanagement-display-component---masterAdm--smartFilterBar-btnBasicSearch","interaction":{"idSuffix":"I"}},"wdio_ui5_key":"applicationaddressmanagement-display-component---masterAdm--smartFilterBar-btnBasicSearch"}]}
RESULT: {"script":"<script> [1562 bytes]","args":[{"selector":{"id":"application-addressmanagement-display-component---masterAdm--smartFilterBar-btnBasicSearch","interaction":{"idSuffix":"I"}},"wdio_ui5_key":"applicationaddressmanagement-display-component---masterAdm--smartFilterBar-btnBasicSearch"}]}
RESULT: undefined
COMMAND: POST /session/cd996b992422665fbfd836900d4c17e1/execute/async - {"script":"<script> [776 bytes]","args":[{"enterText":"1qfSrgqtEm","selector":{"id":"application-addressmanagement-display-component---masterAdm--smartFilterBar-btnBasicSearch","interaction":{"idSuffix":"I"}},"clearTextFirst":true,"interactionType":"ENTER_TEXT"}]}
RESULT: {"script":"<script> [776 bytes]","args":[{"enterText":"1qfSrgqtEm","selector":{"id":"application-addressmanagement-display-component---masterAdm--smartFilterBar-btnBasicSearch","interaction":{"idSuffix":"I"}},"clearTextFirst":true,"interactionType":"ENTER_TEXT"}]}
COMMAND: POST /session/cd996b992422665fbfd836900d4c17e1/actions - {"actions":[{"id":"action1","type":"key","parameters":{},"actions":[{"type":"keyDown","value":"î€‡"},{"type":"pause","duration":10},{"type":"keyUp","value":"î€‡"}]}]}
RESULT: {"actions":[{"id":"action1","type":"key","parameters":{},"actions":[{"type":"keyDown","value":"î€‡"},{"type":"pause","duration":10},{"type":"keyUp","value":"î€‡"}]}]}
COMMAND: GET /session/cd996b992422665fbfd836900d4c17e1/screenshot - {}
RESULT: {}
COMMAND: POST /session/cd996b992422665fbfd836900d4c17e1/elements - {"using":"xpath","value":"//table[contains(@id, \"customPersonsAddressesTable-listUl\")]/tbody/tr"}
RESULT: {"using":"xpath","value":"//table[contains(@id, \"customPersonsAddressesTable-listUl\")]/tbody/tr"}
COMMAND: POST /session/cd996b992422665fbfd836900d4c17e1/element - {"using":"xpath","value":"//table[contains(@id, \"customPersonsAddressesTable-listUl\")]/tbody/tr[1]/td[5]/span/span"}
RESULT: {"using":"xpath","value":"//table[contains(@id, \"customPersonsAddressesTable-listUl\")]/tbody/tr[1]/td[5]/span/span"}
COMMAND: POST /session/cd996b992422665fbfd836900d4c17e1/element - {"using":"xpath","value":"//table[contains(@id, \"customPersonsAddressesTable-listUl\")]/tbody/tr[1]/td[3]/span"}
RESULT: {"using":"xpath","value":"//table[contains(@id, \"customPersonsAddressesTable-listUl\")]/tbody/tr[1]/td[3]/span"}
COMMAND: POST /session/cd996b992422665fbfd836900d4c17e1/elements - {"using":"xpath","value":"//table[contains(@id, \"customPersonsAddressesTable-listUl\")]/tbody/tr[1]/td[5]/span/span"}
RESULT: {"using":"xpath","value":"//table[contains(@id, \"customPersonsAddressesTable-listUl\")]/tbody/tr[1]/td[5]/span/span"}
COMMAND: POST /session/cd996b992422665fbfd836900d4c17e1/element - {"using":"xpath","value":"//span[@id=\"application-addressmanagement-display-component---masterAdm--smartTable-header-inner\"]"}
RESULT: {"using":"xpath","value":"//span[@id=\"application-addressmanagement-display-component---masterAdm--smartTable-header-inner\"]"}
COMMAND: POST /session/cd996b992422665fbfd836900d4c17e1/elements - {"using":"xpath","value":"//span[@id=\"application-addressmanagement-display-component---masterAdm--smartTable-header-inner\"]"}
RESULT: {"using":"xpath","value":"//span[@id=\"application-addressmanagement-display-component---masterAdm--smartTable-header-inner\"]"}
COMMAND: POST /session/cd996b992422665fbfd836900d4c17e1/execute/sync - {"script":"<script> [56 bytes]","args":[{"element-6066-11e4-a52e-4f735466cecf":"f.33F811DD5EF91B780BEF0E0A8E838AFF.d.8E119A96DA6F19C00A928C79522A835F.e.442","ELEMENT":"f.33F811DD5EF91B780BEF0E0A8E838AFF.d.8E119A96DA6F19C00A928C79522A835F.e.442"}]}
RESULT: {"script":"<script> [56 bytes]","args":[{"element-6066-11e4-a52e-4f735466cecf":"f.33F811DD5EF91B780BEF0E0A8E838AFF.d.8E119A96DA6F19C00A928C79522A835F.e.442","ELEMENT":"f.33F811DD5EF91B780BEF0E0A8E838AFF.d.8E119A96DA6F19C00A928C79522A835F.e.442"}]}
COMMAND: POST /session/cd996b992422665fbfd836900d4c17e1/element - {"using":"xpath","value":"//button[@data-kt=\"addButton\"]"}
COMMAND: GET /session/cd996b992422665fbfd836900d4c17e1/screenshot - {}
RESULT: {"using":"xpath","value":"//button[@data-kt=\"addButton\"]"}
COMMAND: POST /session/cd996b992422665fbfd836900d4c17e1/element/f.33F811DD5EF91B780BEF0E0A8E838AFF.d.8E119A96DA6F19C00A928C79522A835F.e.301/click - {}
RESULT: {}
RESULT: {}
COMMAND: GET /session/cd996b992422665fbfd836900d4c17e1/screenshot - {}
RESULT: {}
COMMAND: POST /session/cd996b992422665fbfd836900d4c17e1/execute/async - {"script":"<script> [1562 bytes]","args":[{"selector":{"controlType":"sap.ui.core.Icon","viewName":"etm.portal.ui.addressmanagement.view.NewAddress","properties":{"src":{"regex":{"source":"slim\\-arrow\\-down"}}},"ancestor":{"id":"addressTitle","viewName":"etm.portal.ui.addressmanagement.view.NewAddress"}},"wdio_ui5_key":"etmportal.ui.addressmanagement.view.NewAddresssap.ui.core.Icon{\"src\":{\"regex\":{\"source\":\"slim\\\\-arrow\\\\-down\"}}}{\"id\":\"addressTitle\",\"viewName\":\"etm.portal.ui.addressmanagement.view.NewAddress\"}"}]}
RESULT: {"script":"<script> [1562 bytes]","args":[{"selector":{"controlType":"sap.ui.core.Icon","viewName":"etm.portal.ui.addressmanagement.view.NewAddress","properties":{"src":{"regex":{"source":"slim\\-arrow\\-down"}}},"ancestor":{"id":"addressTitle","viewName":"etm.portal.ui.addressmanagement.view.NewAddress"}},"wdio_ui5_key":"etmportal.ui.addressmanagement.view.NewAddresssap.ui.core.Icon{\"src\":{\"regex\":{\"source\":\"slim\\\\-arrow\\\\-down\"}}}{\"id\":\"addressTitle\",\"viewName\":\"etm.portal.ui.addressmanagement.view.NewAddress\"}"}]}
RESULT: undefined
COMMAND: POST /session/cd996b992422665fbfd836900d4c17e1/element - {"using":"xpath","value":"//*[@id=\"__xmlview58--addressTitle-arrow\"]"}
RESULT: {"using":"xpath","value":"//*[@id=\"__xmlview58--addressTitle-arrow\"]"}
COMMAND: POST /session/cd996b992422665fbfd836900d4c17e1/element/f.33F811DD5EF91B780BEF0E0A8E838AFF.d.8E119A96DA6F19C00A928C79522A835F.e.472/click - {}
RESULT: {}
COMMAND: GET /session/cd996b992422665fbfd836900d4c17e1/screenshot - {}
RESULT: {}
COMMAND: POST /session/cd996b992422665fbfd836900d4c17e1/element - {"using":"xpath","value":"//li[.//span[text()=\"Dr.\"]]"}
RESULT: {"using":"xpath","value":"//li[.//span[text()=\"Dr.\"]]"}
COMMAND: POST /session/cd996b992422665fbfd836900d4c17e1/element/f.33F811DD5EF91B780BEF0E0A8E838AFF.d.8E119A96DA6F19C00A928C79522A835F.e.583/click - {}
RESULT: {}
COMMAND: POST /session/cd996b992422665fbfd836900d4c17e1/execute/async - {"script":"<script> [1562 bytes]","args":[{"selector":{"controlType":"sap.ui.core.Icon","viewName":"etm.portal.ui.addressmanagement.view.NewAddress","properties":{"src":{"regex":{"source":"slim\\-arrow\\-down"}}},"ancestor":{"id":"addressDetailDetailsLanguage","viewName":"etm.portal.ui.addressmanagement.view.NewAddress"}},"wdio_ui5_key":"etmportal.ui.addressmanagement.view.NewAddresssap.ui.core.Icon{\"src\":{\"regex\":{\"source\":\"slim\\\\-arrow\\\\-down\"}}}{\"id\":\"addressDetailDetailsLanguage\",\"viewName\":\"etm.portal.ui.addressmanagement.view.NewAddress\"}"}]}
COMMAND: GET /session/cd996b992422665fbfd836900d4c17e1/screenshot - {}
RESULT: {"script":"<script> [1562 bytes]","args":[{"selector":{"controlType":"sap.ui.core.Icon","viewName":"etm.portal.ui.addressmanagement.view.NewAddress","properties":{"src":{"regex":{"source":"slim\\-arrow\\-down"}}},"ancestor":{"id":"addressDetailDetailsLanguage","viewName":"etm.portal.ui.addressmanagement.view.NewAddress"}},"wdio_ui5_key":"etmportal.ui.addressmanagement.view.NewAddresssap.ui.core.Icon{\"src\":{\"regex\":{\"source\":\"slim\\\\-arrow\\\\-down\"}}}{\"id\":\"addressDetailDetailsLanguage\",\"viewName\":\"etm.portal.ui.addressmanagement.view.NewAddress\"}"}]}
RESULT: undefined
COMMAND: POST /session/cd996b992422665fbfd836900d4c17e1/element - {"using":"xpath","value":"//*[@id=\"__xmlview58--addressDetailDetailsLanguage-arrow\"]"}
RESULT: {}
RESULT: {"using":"xpath","value":"//*[@id=\"__xmlview58--addressDetailDetailsLanguage-arrow\"]"}
COMMAND: POST /session/cd996b992422665fbfd836900d4c17e1/element/f.33F811DD5EF91B780BEF0E0A8E838AFF.d.8E119A96DA6F19C00A928C79522A835F.e.485/click - {}
RESULT: {}
COMMAND: GET /session/cd996b992422665fbfd836900d4c17e1/screenshot - {}
RESULT: {}
COMMAND: POST /session/cd996b992422665fbfd836900d4c17e1/element - {"using":"xpath","value":"//span[contains(text(), \"English\")]"}
RESULT: {"using":"xpath","value":"//span[contains(text(), \"English\")]"}
COMMAND: POST /session/cd996b992422665fbfd836900d4c17e1/element/f.33F811DD5EF91B780BEF0E0A8E838AFF.d.8E119A96DA6F19C00A928C79522A835F.e.584/click - {}
RESULT: {}
COMMAND: POST /session/cd996b992422665fbfd836900d4c17e1/execute/async - {"script":"<script> [1562 bytes]","args":[{"selector":{"controlType":"sap.m.Input","viewName":"etm.portal.ui.addressmanagement.view.NewAddress","labelFor":{"text":"Name"},"interaction":{"idSuffix":"inner"}},"wdio_ui5_key":"etmportal.ui.addressmanagement.view.NewAddresssap.m.Input{\"text\":\"Name\"}"}]}
COMMAND: GET /session/cd996b992422665fbfd836900d4c17e1/screenshot - {}
RESULT: {"script":"<script> [1562 bytes]","args":[{"selector":{"controlType":"sap.m.Input","viewName":"etm.portal.ui.addressmanagement.view.NewAddress","labelFor":{"text":"Name"},"interaction":{"idSuffix":"inner"}},"wdio_ui5_key":"etmportal.ui.addressmanagement.view.NewAddresssap.m.Input{\"text\":\"Name\"}"}]}
RESULT: undefined
COMMAND: POST /session/cd996b992422665fbfd836900d4c17e1/execute/async - {"script":"<script> [776 bytes]","args":[{"enterText":"1qfSrgqtEm","selector":{"controlType":"sap.m.Input","viewName":"etm.portal.ui.addressmanagement.view.NewAddress","labelFor":{"text":"Name"},"interaction":{"idSuffix":"inner"}},"clearTextFirst":true,"interactionType":"ENTER_TEXT"}]}
RESULT: {}
RESULT: {"script":"<script> [776 bytes]","args":[{"enterText":"1qfSrgqtEm","selector":{"controlType":"sap.m.Input","viewName":"etm.portal.ui.addressmanagement.view.NewAddress","labelFor":{"text":"Name"},"interaction":{"idSuffix":"inner"}},"clearTextFirst":true,"interactionType":"ENTER_TEXT"}]}
COMMAND: POST /session/cd996b992422665fbfd836900d4c17e1/element - {"using":"xpath","value":"//button[@title=\"Save\"]"}
RESULT: {"using":"xpath","value":"//button[@title=\"Save\"]"}
COMMAND: POST /session/cd996b992422665fbfd836900d4c17e1/element/f.33F811DD5EF91B780BEF0E0A8E838AFF.d.8E119A96DA6F19C00A928C79522A835F.e.572/click - {}
RESULT: {}
COMMAND: GET /session/cd996b992422665fbfd836900d4c17e1/screenshot - {}
RESULT: {}
COMMAND: POST /session/cd996b992422665fbfd836900d4c17e1/element - {"using":"xpath","value":"//header[contains(@id, \"application-addressmanagement-display-component---detailAdm--ObjectPageLayout-headerTitle\")]/div[1]/div[3]/div[2]/span"}
RESULT: {"using":"xpath","value":"//header[contains(@id, \"application-addressmanagement-display-component---detailAdm--ObjectPageLayout-headerTitle\")]/div[1]/div[3]/div[2]/span"}
COMMAND: POST /session/cd996b992422665fbfd836900d4c17e1/elements - {"using":"xpath","value":"//header[contains(@id, \"application-addressmanagement-display-component---detailAdm--ObjectPageLayout-headerTitle\")]/div[1]/div[3]/div[2]/span"}
RESULT: {"using":"xpath","value":"//header[contains(@id, \"application-addressmanagement-display-component---detailAdm--ObjectPageLayout-headerTitle\")]/div[1]/div[3]/div[2]/span"}
COMMAND: POST /session/cd996b992422665fbfd836900d4c17e1/execute/sync - {"script":"<script> [56 bytes]","args":[{"element-6066-11e4-a52e-4f735466cecf":"f.33F811DD5EF91B780BEF0E0A8E838AFF.d.8E119A96DA6F19C00A928C79522A835F.e.603","ELEMENT":"f.33F811DD5EF91B780BEF0E0A8E838AFF.d.8E119A96DA6F19C00A928C79522A835F.e.603"}]}
RESULT: {"script":"<script> [56 bytes]","args":[{"element-6066-11e4-a52e-4f735466cecf":"f.33F811DD5EF91B780BEF0E0A8E838AFF.d.8E119A96DA6F19C00A928C79522A835F.e.603","ELEMENT":"f.33F811DD5EF91B780BEF0E0A8E838AFF.d.8E119A96DA6F19C00A928C79522A835F.e.603"}]}
COMMAND: GET /session/cd996b992422665fbfd836900d4c17e1/screenshot - {}
RESULT: {}
COMMAND: POST /session/cd996b992422665fbfd836900d4c17e1/element - {"using":"css selector","value":"#shell-header-logo"}
RESULT: {"using":"css selector","value":"#shell-header-logo"}
COMMAND: POST /session/cd996b992422665fbfd836900d4c17e1/element/f.33F811DD5EF91B780BEF0E0A8E838AFF.d.8E119A96DA6F19C00A928C79522A835F.e.264/click - {}
RESULT: {}
COMMAND: GET /session/cd996b992422665fbfd836900d4c17e1/screenshot - {}
RESULT: {}
]]></system-out>
    </testcase>
    <testcase classname="chrome.137_0_7151_56.windows.Address_Management_Tests_US156181_US151165_US151160_US156180_US156178_US151157_US151172_US151170_US151166_US151168" name="Step 2 Should deactivate the created address in earlier step US151165" time="41.718">
      <system-out><![CDATA[
RESULT: undefined
COMMAND: POST /session/cd996b992422665fbfd836900d4c17e1/element - {"using":"xpath","value":"//*[@id=\"__tile33\"]"}
RESULT: {"using":"xpath","value":"//*[@id=\"__tile33\"]"}
COMMAND: POST /session/cd996b992422665fbfd836900d4c17e1/element/f.33F811DD5EF91B780BEF0E0A8E838AFF.d.8E119A96DA6F19C00A928C79522A835F.e.214/click - {}
RESULT: {}
COMMAND: GET /session/cd996b992422665fbfd836900d4c17e1/screenshot - {}
RESULT: {}
COMMAND: POST /session/cd996b992422665fbfd836900d4c17e1/elements - {"using":"xpath","value":"//span[text()='Error']"}
RESULT: {"using":"xpath","value":"//span[text()='Error']"}
COMMAND: POST /session/cd996b992422665fbfd836900d4c17e1/element - {"using":"xpath","value":"//button[@data-kt=\"addButton\"]"}
RESULT: {"using":"xpath","value":"//button[@data-kt=\"addButton\"]"}
COMMAND: POST /session/cd996b992422665fbfd836900d4c17e1/elements - {"using":"xpath","value":"//button[@data-kt=\"addButton\"]"}
RESULT: {"using":"xpath","value":"//button[@data-kt=\"addButton\"]"}
COMMAND: POST /session/cd996b992422665fbfd836900d4c17e1/execute/sync - {"script":"<script> [8489 bytes]","args":[{"element-6066-11e4-a52e-4f735466cecf":"f.33F811DD5EF91B780BEF0E0A8E838AFF.d.8E119A96DA6F19C00A928C79522A835F.e.662","ELEMENT":"f.33F811DD5EF91B780BEF0E0A8E838AFF.d.8E119A96DA6F19C00A928C79522A835F.e.662"}]}
RESULT: {"script":"<script> [8489 bytes]","args":[{"element-6066-11e4-a52e-4f735466cecf":"f.33F811DD5EF91B780BEF0E0A8E838AFF.d.8E119A96DA6F19C00A928C79522A835F.e.662","ELEMENT":"f.33F811DD5EF91B780BEF0E0A8E838AFF.d.8E119A96DA6F19C00A928C79522A835F.e.662"}]}
COMMAND: GET /session/cd996b992422665fbfd836900d4c17e1/element/f.33F811DD5EF91B780BEF0E0A8E838AFF.d.8E119A96DA6F19C00A928C79522A835F.e.662/enabled - {}
COMMAND: GET /session/cd996b992422665fbfd836900d4c17e1/screenshot - {}
RESULT: {}
COMMAND: POST /session/cd996b992422665fbfd836900d4c17e1/execute/sync - {"script":"<script> [8489 bytes]","args":[{"element-6066-11e4-a52e-4f735466cecf":"f.33F811DD5EF91B780BEF0E0A8E838AFF.d.8E119A96DA6F19C00A928C79522A835F.e.662","ELEMENT":"f.33F811DD5EF91B780BEF0E0A8E838AFF.d.8E119A96DA6F19C00A928C79522A835F.e.662"}]}
COMMAND: GET /session/cd996b992422665fbfd836900d4c17e1/screenshot - {}
RESULT: {}
RESULT: {"script":"<script> [8489 bytes]","args":[{"element-6066-11e4-a52e-4f735466cecf":"f.33F811DD5EF91B780BEF0E0A8E838AFF.d.8E119A96DA6F19C00A928C79522A835F.e.662","ELEMENT":"f.33F811DD5EF91B780BEF0E0A8E838AFF.d.8E119A96DA6F19C00A928C79522A835F.e.662"}]}
COMMAND: POST /session/cd996b992422665fbfd836900d4c17e1/execute/sync - {"script":"<script> [5351 bytes]","args":[{"element-6066-11e4-a52e-4f735466cecf":"f.33F811DD5EF91B780BEF0E0A8E838AFF.d.8E119A96DA6F19C00A928C79522A835F.e.662","ELEMENT":"f.33F811DD5EF91B780BEF0E0A8E838AFF.d.8E119A96DA6F19C00A928C79522A835F.e.662"}]}
COMMAND: GET /session/cd996b992422665fbfd836900d4c17e1/screenshot - {}
RESULT: {}
RESULT: {"script":"<script> [5351 bytes]","args":[{"element-6066-11e4-a52e-4f735466cecf":"f.33F811DD5EF91B780BEF0E0A8E838AFF.d.8E119A96DA6F19C00A928C79522A835F.e.662","ELEMENT":"f.33F811DD5EF91B780BEF0E0A8E838AFF.d.8E119A96DA6F19C00A928C79522A835F.e.662"}]}
COMMAND: GET /session/cd996b992422665fbfd836900d4c17e1/screenshot - {}
RESULT: {}
RESULT: {}
RESULT: undefined
COMMAND: POST /session/cd996b992422665fbfd836900d4c17e1/execute/async - {"script":"<script> [776 bytes]","args":[{"enterText":"1qfSrgqtEm","selector":{"id":"application-addressmanagement-display-component---masterAdm--smartFilterBar-btnBasicSearch","interaction":{"idSuffix":"I"}},"clearTextFirst":true,"interactionType":"ENTER_TEXT"}]}
RESULT: {"script":"<script> [776 bytes]","args":[{"enterText":"1qfSrgqtEm","selector":{"id":"application-addressmanagement-display-component---masterAdm--smartFilterBar-btnBasicSearch","interaction":{"idSuffix":"I"}},"clearTextFirst":true,"interactionType":"ENTER_TEXT"}]}
COMMAND: POST /session/cd996b992422665fbfd836900d4c17e1/actions - {"actions":[{"id":"action2","type":"key","parameters":{},"actions":[{"type":"keyDown","value":"î€‡"},{"type":"pause","duration":10},{"type":"keyUp","value":"î€‡"}]}]}
RESULT: {"actions":[{"id":"action2","type":"key","parameters":{},"actions":[{"type":"keyDown","value":"î€‡"},{"type":"pause","duration":10},{"type":"keyUp","value":"î€‡"}]}]}
COMMAND: GET /session/cd996b992422665fbfd836900d4c17e1/screenshot - {}
RESULT: {}
COMMAND: POST /session/cd996b992422665fbfd836900d4c17e1/elements - {"using":"xpath","value":"//table[contains(@id, \"customPersonsAddressesTable-listUl\")]/tbody/tr"}
RESULT: {"using":"xpath","value":"//table[contains(@id, \"customPersonsAddressesTable-listUl\")]/tbody/tr"}
COMMAND: POST /session/cd996b992422665fbfd836900d4c17e1/element - {"using":"xpath","value":"//table[contains(@id, \"customPersonsAddressesTable-listUl\")]/tbody/tr[1]/td[5]/span/span"}
RESULT: {"using":"xpath","value":"//table[contains(@id, \"customPersonsAddressesTable-listUl\")]/tbody/tr[1]/td[5]/span/span"}
COMMAND: POST /session/cd996b992422665fbfd836900d4c17e1/element - {"using":"xpath","value":"//table[contains(@id, \"customPersonsAddressesTable-listUl\")]/tbody/tr[1]/td[3]/span"}
RESULT: {"using":"xpath","value":"//table[contains(@id, \"customPersonsAddressesTable-listUl\")]/tbody/tr[1]/td[3]/span"}
COMMAND: POST /session/cd996b992422665fbfd836900d4c17e1/elements - {"using":"xpath","value":"//table[contains(@id, \"customPersonsAddressesTable-listUl\")]/tbody/tr[1]/td[5]/span/span"}
RESULT: {"using":"xpath","value":"//table[contains(@id, \"customPersonsAddressesTable-listUl\")]/tbody/tr[1]/td[5]/span/span"}
COMMAND: POST /session/cd996b992422665fbfd836900d4c17e1/execute/sync - {"script":"<script> [56 bytes]","args":[{"element-6066-11e4-a52e-4f735466cecf":"f.33F811DD5EF91B780BEF0E0A8E838AFF.d.8E119A96DA6F19C00A928C79522A835F.e.804","ELEMENT":"f.33F811DD5EF91B780BEF0E0A8E838AFF.d.8E119A96DA6F19C00A928C79522A835F.e.804"}]}
RESULT: {"script":"<script> [56 bytes]","args":[{"element-6066-11e4-a52e-4f735466cecf":"f.33F811DD5EF91B780BEF0E0A8E838AFF.d.8E119A96DA6F19C00A928C79522A835F.e.804","ELEMENT":"f.33F811DD5EF91B780BEF0E0A8E838AFF.d.8E119A96DA6F19C00A928C79522A835F.e.804"}]}
COMMAND: POST /session/cd996b992422665fbfd836900d4c17e1/execute/sync - {"script":"<script> [56 bytes]","args":[{"element-6066-11e4-a52e-4f735466cecf":"f.33F811DD5EF91B780BEF0E0A8E838AFF.d.8E119A96DA6F19C00A928C79522A835F.e.805","ELEMENT":"f.33F811DD5EF91B780BEF0E0A8E838AFF.d.8E119A96DA6F19C00A928C79522A835F.e.805"}]}
COMMAND: GET /session/cd996b992422665fbfd836900d4c17e1/screenshot - {}
RESULT: {"script":"<script> [56 bytes]","args":[{"element-6066-11e4-a52e-4f735466cecf":"f.33F811DD5EF91B780BEF0E0A8E838AFF.d.8E119A96DA6F19C00A928C79522A835F.e.805","ELEMENT":"f.33F811DD5EF91B780BEF0E0A8E838AFF.d.8E119A96DA6F19C00A928C79522A835F.e.805"}]}
COMMAND: POST /session/cd996b992422665fbfd836900d4c17e1/element - {"using":"xpath","value":"//table[contains(@id, \"customPersonsAddressesTable-listUl\")]/tbody/tr[1]/td[10]/div/span"}
COMMAND: GET /session/cd996b992422665fbfd836900d4c17e1/screenshot - {}
RESULT: {}
RESULT: {"using":"xpath","value":"//table[contains(@id, \"customPersonsAddressesTable-listUl\")]/tbody/tr[1]/td[10]/div/span"}
COMMAND: POST /session/cd996b992422665fbfd836900d4c17e1/execute/sync - {"script":"<script> [56 bytes]","args":[{"element-6066-11e4-a52e-4f735466cecf":"f.33F811DD5EF91B780BEF0E0A8E838AFF.d.8E119A96DA6F19C00A928C79522A835F.e.806","ELEMENT":"f.33F811DD5EF91B780BEF0E0A8E838AFF.d.8E119A96DA6F19C00A928C79522A835F.e.806"}]}
RESULT: {}
RESULT: {"script":"<script> [56 bytes]","args":[{"element-6066-11e4-a52e-4f735466cecf":"f.33F811DD5EF91B780BEF0E0A8E838AFF.d.8E119A96DA6F19C00A928C79522A835F.e.806","ELEMENT":"f.33F811DD5EF91B780BEF0E0A8E838AFF.d.8E119A96DA6F19C00A928C79522A835F.e.806"}]}
COMMAND: POST /session/cd996b992422665fbfd836900d4c17e1/element - {"using":"xpath","value":"//table[contains(@id, \"customPersonsAddressesTable-listUl\")]/tbody/tr[1]/td[2]/div/div"}
COMMAND: GET /session/cd996b992422665fbfd836900d4c17e1/screenshot - {}
RESULT: {"using":"xpath","value":"//table[contains(@id, \"customPersonsAddressesTable-listUl\")]/tbody/tr[1]/td[2]/div/div"}
COMMAND: POST /session/cd996b992422665fbfd836900d4c17e1/element/f.33F811DD5EF91B780BEF0E0A8E838AFF.d.8E119A96DA6F19C00A928C79522A835F.e.807/click - {}
RESULT: {}
RESULT: {}
COMMAND: GET /session/cd996b992422665fbfd836900d4c17e1/screenshot - {}
RESULT: {}
COMMAND: POST /session/cd996b992422665fbfd836900d4c17e1/element - {"using":"xpath","value":"//bdi[contains(text(), \"Deactivate\")]"}
RESULT: {"using":"xpath","value":"//bdi[contains(text(), \"Deactivate\")]"}
COMMAND: POST /session/cd996b992422665fbfd836900d4c17e1/element/f.33F811DD5EF91B780BEF0E0A8E838AFF.d.8E119A96DA6F19C00A928C79522A835F.e.808/click - {}
RESULT: {}
COMMAND: GET /session/cd996b992422665fbfd836900d4c17e1/screenshot - {}
RESULT: {}
COMMAND: POST /session/cd996b992422665fbfd836900d4c17e1/element - {"using":"xpath","value":"//bdi[contains(text(), \"Yes\")]"}
RESULT: {"using":"xpath","value":"//bdi[contains(text(), \"Yes\")]"}
COMMAND: POST /session/cd996b992422665fbfd836900d4c17e1/element/f.33F811DD5EF91B780BEF0E0A8E838AFF.d.8E119A96DA6F19C00A928C79522A835F.e.810/click - {}
RESULT: {}
COMMAND: GET /session/cd996b992422665fbfd836900d4c17e1/screenshot - {}
RESULT: {}
COMMAND: POST /session/cd996b992422665fbfd836900d4c17e1/element - {"using":"xpath","value":"//table[contains(@id, \"customPersonsAddressesTable-listUl\")]/tbody/tr[1]/td[10]/div/span"}
RESULT: {"using":"xpath","value":"//table[contains(@id, \"customPersonsAddressesTable-listUl\")]/tbody/tr[1]/td[10]/div/span"}
COMMAND: POST /session/cd996b992422665fbfd836900d4c17e1/execute/sync - {"script":"<script> [56 bytes]","args":[{"element-6066-11e4-a52e-4f735466cecf":"f.33F811DD5EF91B780BEF0E0A8E838AFF.d.8E119A96DA6F19C00A928C79522A835F.e.806","ELEMENT":"f.33F811DD5EF91B780BEF0E0A8E838AFF.d.8E119A96DA6F19C00A928C79522A835F.e.806"}]}
RESULT: {"script":"<script> [56 bytes]","args":[{"element-6066-11e4-a52e-4f735466cecf":"f.33F811DD5EF91B780BEF0E0A8E838AFF.d.8E119A96DA6F19C00A928C79522A835F.e.806","ELEMENT":"f.33F811DD5EF91B780BEF0E0A8E838AFF.d.8E119A96DA6F19C00A928C79522A835F.e.806"}]}
COMMAND: GET /session/cd996b992422665fbfd836900d4c17e1/screenshot - {}
RESULT: {}
COMMAND: POST /session/cd996b992422665fbfd836900d4c17e1/element - {"using":"css selector","value":"#shell-header-logo"}
RESULT: {"using":"css selector","value":"#shell-header-logo"}
COMMAND: POST /session/cd996b992422665fbfd836900d4c17e1/element/f.33F811DD5EF91B780BEF0E0A8E838AFF.d.8E119A96DA6F19C00A928C79522A835F.e.608/click - {}
RESULT: {}
COMMAND: GET /session/cd996b992422665fbfd836900d4c17e1/screenshot - {}
RESULT: {}
]]></system-out>
    </testcase>
    <testcase classname="chrome.137_0_7151_56.windows.Address_Management_Tests_US156181_US151165_US151160_US156180_US156178_US151157_US151172_US151170_US151166_US151168" name="Step 3 Should activate the created address back again US151160" time="42.837">
      <system-out><![CDATA[
RESULT: undefined
COMMAND: POST /session/cd996b992422665fbfd836900d4c17e1/element - {"using":"xpath","value":"//*[@id=\"__tile33\"]"}
RESULT: {"using":"xpath","value":"//*[@id=\"__tile33\"]"}
COMMAND: POST /session/cd996b992422665fbfd836900d4c17e1/element/f.33F811DD5EF91B780BEF0E0A8E838AFF.d.8E119A96DA6F19C00A928C79522A835F.e.214/click - {}
RESULT: {}
COMMAND: GET /session/cd996b992422665fbfd836900d4c17e1/screenshot - {}
RESULT: {}
COMMAND: POST /session/cd996b992422665fbfd836900d4c17e1/elements - {"using":"xpath","value":"//span[text()='Error']"}
RESULT: {"using":"xpath","value":"//span[text()='Error']"}
COMMAND: POST /session/cd996b992422665fbfd836900d4c17e1/element - {"using":"xpath","value":"//button[@data-kt=\"addButton\"]"}
RESULT: {"using":"xpath","value":"//button[@data-kt=\"addButton\"]"}
COMMAND: POST /session/cd996b992422665fbfd836900d4c17e1/elements - {"using":"xpath","value":"//button[@data-kt=\"addButton\"]"}
RESULT: {"using":"xpath","value":"//button[@data-kt=\"addButton\"]"}
COMMAND: POST /session/cd996b992422665fbfd836900d4c17e1/execute/sync - {"script":"<script> [8489 bytes]","args":[{"element-6066-11e4-a52e-4f735466cecf":"f.33F811DD5EF91B780BEF0E0A8E838AFF.d.8E119A96DA6F19C00A928C79522A835F.e.866","ELEMENT":"f.33F811DD5EF91B780BEF0E0A8E838AFF.d.8E119A96DA6F19C00A928C79522A835F.e.866"}]}
RESULT: {"script":"<script> [8489 bytes]","args":[{"element-6066-11e4-a52e-4f735466cecf":"f.33F811DD5EF91B780BEF0E0A8E838AFF.d.8E119A96DA6F19C00A928C79522A835F.e.866","ELEMENT":"f.33F811DD5EF91B780BEF0E0A8E838AFF.d.8E119A96DA6F19C00A928C79522A835F.e.866"}]}
COMMAND: GET /session/cd996b992422665fbfd836900d4c17e1/element/f.33F811DD5EF91B780BEF0E0A8E838AFF.d.8E119A96DA6F19C00A928C79522A835F.e.866/enabled - {}
COMMAND: GET /session/cd996b992422665fbfd836900d4c17e1/screenshot - {}
RESULT: {}
COMMAND: POST /session/cd996b992422665fbfd836900d4c17e1/execute/sync - {"script":"<script> [8489 bytes]","args":[{"element-6066-11e4-a52e-4f735466cecf":"f.33F811DD5EF91B780BEF0E0A8E838AFF.d.8E119A96DA6F19C00A928C79522A835F.e.866","ELEMENT":"f.33F811DD5EF91B780BEF0E0A8E838AFF.d.8E119A96DA6F19C00A928C79522A835F.e.866"}]}
COMMAND: GET /session/cd996b992422665fbfd836900d4c17e1/screenshot - {}
RESULT: {}
RESULT: {"script":"<script> [8489 bytes]","args":[{"element-6066-11e4-a52e-4f735466cecf":"f.33F811DD5EF91B780BEF0E0A8E838AFF.d.8E119A96DA6F19C00A928C79522A835F.e.866","ELEMENT":"f.33F811DD5EF91B780BEF0E0A8E838AFF.d.8E119A96DA6F19C00A928C79522A835F.e.866"}]}
COMMAND: POST /session/cd996b992422665fbfd836900d4c17e1/execute/sync - {"script":"<script> [5351 bytes]","args":[{"element-6066-11e4-a52e-4f735466cecf":"f.33F811DD5EF91B780BEF0E0A8E838AFF.d.8E119A96DA6F19C00A928C79522A835F.e.866","ELEMENT":"f.33F811DD5EF91B780BEF0E0A8E838AFF.d.8E119A96DA6F19C00A928C79522A835F.e.866"}]}
COMMAND: GET /session/cd996b992422665fbfd836900d4c17e1/screenshot - {}
RESULT: {}
RESULT: {"script":"<script> [5351 bytes]","args":[{"element-6066-11e4-a52e-4f735466cecf":"f.33F811DD5EF91B780BEF0E0A8E838AFF.d.8E119A96DA6F19C00A928C79522A835F.e.866","ELEMENT":"f.33F811DD5EF91B780BEF0E0A8E838AFF.d.8E119A96DA6F19C00A928C79522A835F.e.866"}]}
COMMAND: GET /session/cd996b992422665fbfd836900d4c17e1/screenshot - {}
RESULT: {}
RESULT: {}
RESULT: undefined
COMMAND: POST /session/cd996b992422665fbfd836900d4c17e1/execute/async - {"script":"<script> [776 bytes]","args":[{"enterText":"1qfSrgqtEm","selector":{"id":"application-addressmanagement-display-component---masterAdm--smartFilterBar-btnBasicSearch","interaction":{"idSuffix":"I"}},"clearTextFirst":true,"interactionType":"ENTER_TEXT"}]}
RESULT: {"script":"<script> [776 bytes]","args":[{"enterText":"1qfSrgqtEm","selector":{"id":"application-addressmanagement-display-component---masterAdm--smartFilterBar-btnBasicSearch","interaction":{"idSuffix":"I"}},"clearTextFirst":true,"interactionType":"ENTER_TEXT"}]}
COMMAND: POST /session/cd996b992422665fbfd836900d4c17e1/actions - {"actions":[{"id":"action3","type":"key","parameters":{},"actions":[{"type":"keyDown","value":"î€‡"},{"type":"pause","duration":10},{"type":"keyUp","value":"î€‡"}]}]}
RESULT: {"actions":[{"id":"action3","type":"key","parameters":{},"actions":[{"type":"keyDown","value":"î€‡"},{"type":"pause","duration":10},{"type":"keyUp","value":"î€‡"}]}]}
COMMAND: GET /session/cd996b992422665fbfd836900d4c17e1/screenshot - {}
RESULT: {}
COMMAND: POST /session/cd996b992422665fbfd836900d4c17e1/elements - {"using":"xpath","value":"//table[contains(@id, \"customPersonsAddressesTable-listUl\")]/tbody/tr"}
RESULT: {"using":"xpath","value":"//table[contains(@id, \"customPersonsAddressesTable-listUl\")]/tbody/tr"}
COMMAND: POST /session/cd996b992422665fbfd836900d4c17e1/element - {"using":"xpath","value":"//table[contains(@id, \"customPersonsAddressesTable-listUl\")]/tbody/tr[1]/td[5]/span/span"}
RESULT: {"using":"xpath","value":"//table[contains(@id, \"customPersonsAddressesTable-listUl\")]/tbody/tr[1]/td[5]/span/span"}
COMMAND: POST /session/cd996b992422665fbfd836900d4c17e1/element - {"using":"xpath","value":"//table[contains(@id, \"customPersonsAddressesTable-listUl\")]/tbody/tr[1]/td[3]/span"}
RESULT: {"using":"xpath","value":"//table[contains(@id, \"customPersonsAddressesTable-listUl\")]/tbody/tr[1]/td[3]/span"}
COMMAND: POST /session/cd996b992422665fbfd836900d4c17e1/elements - {"using":"xpath","value":"//table[contains(@id, \"customPersonsAddressesTable-listUl\")]/tbody/tr[1]/td[5]/span/span"}
RESULT: {"using":"xpath","value":"//table[contains(@id, \"customPersonsAddressesTable-listUl\")]/tbody/tr[1]/td[5]/span/span"}
COMMAND: POST /session/cd996b992422665fbfd836900d4c17e1/execute/sync - {"script":"<script> [56 bytes]","args":[{"element-6066-11e4-a52e-4f735466cecf":"f.33F811DD5EF91B780BEF0E0A8E838AFF.d.8E119A96DA6F19C00A928C79522A835F.e.1008","ELEMENT":"f.33F811DD5EF91B780BEF0E0A8E838AFF.d.8E119A96DA6F19C00A928C79522A835F.e.1008"}]}
RESULT: {"script":"<script> [56 bytes]","args":[{"element-6066-11e4-a52e-4f735466cecf":"f.33F811DD5EF91B780BEF0E0A8E838AFF.d.8E119A96DA6F19C00A928C79522A835F.e.1008","ELEMENT":"f.33F811DD5EF91B780BEF0E0A8E838AFF.d.8E119A96DA6F19C00A928C79522A835F.e.1008"}]}
COMMAND: POST /session/cd996b992422665fbfd836900d4c17e1/execute/sync - {"script":"<script> [56 bytes]","args":[{"element-6066-11e4-a52e-4f735466cecf":"f.33F811DD5EF91B780BEF0E0A8E838AFF.d.8E119A96DA6F19C00A928C79522A835F.e.1009","ELEMENT":"f.33F811DD5EF91B780BEF0E0A8E838AFF.d.8E119A96DA6F19C00A928C79522A835F.e.1009"}]}
COMMAND: GET /session/cd996b992422665fbfd836900d4c17e1/screenshot - {}
RESULT: {"script":"<script> [56 bytes]","args":[{"element-6066-11e4-a52e-4f735466cecf":"f.33F811DD5EF91B780BEF0E0A8E838AFF.d.8E119A96DA6F19C00A928C79522A835F.e.1009","ELEMENT":"f.33F811DD5EF91B780BEF0E0A8E838AFF.d.8E119A96DA6F19C00A928C79522A835F.e.1009"}]}
COMMAND: POST /session/cd996b992422665fbfd836900d4c17e1/element - {"using":"xpath","value":"//table[contains(@id, \"customPersonsAddressesTable-listUl\")]/tbody/tr[1]/td[10]/div/span"}
COMMAND: GET /session/cd996b992422665fbfd836900d4c17e1/screenshot - {}
RESULT: {}
RESULT: {}
RESULT: {"using":"xpath","value":"//table[contains(@id, \"customPersonsAddressesTable-listUl\")]/tbody/tr[1]/td[10]/div/span"}
COMMAND: POST /session/cd996b992422665fbfd836900d4c17e1/execute/sync - {"script":"<script> [56 bytes]","args":[{"element-6066-11e4-a52e-4f735466cecf":"f.33F811DD5EF91B780BEF0E0A8E838AFF.d.8E119A96DA6F19C00A928C79522A835F.e.1010","ELEMENT":"f.33F811DD5EF91B780BEF0E0A8E838AFF.d.8E119A96DA6F19C00A928C79522A835F.e.1010"}]}
RESULT: {"script":"<script> [56 bytes]","args":[{"element-6066-11e4-a52e-4f735466cecf":"f.33F811DD5EF91B780BEF0E0A8E838AFF.d.8E119A96DA6F19C00A928C79522A835F.e.1010","ELEMENT":"f.33F811DD5EF91B780BEF0E0A8E838AFF.d.8E119A96DA6F19C00A928C79522A835F.e.1010"}]}
COMMAND: POST /session/cd996b992422665fbfd836900d4c17e1/element - {"using":"xpath","value":"//table[contains(@id, \"customPersonsAddressesTable-listUl\")]/tbody/tr[1]/td[2]/div/div"}
COMMAND: GET /session/cd996b992422665fbfd836900d4c17e1/screenshot - {}
RESULT: {"using":"xpath","value":"//table[contains(@id, \"customPersonsAddressesTable-listUl\")]/tbody/tr[1]/td[2]/div/div"}
COMMAND: POST /session/cd996b992422665fbfd836900d4c17e1/element/f.33F811DD5EF91B780BEF0E0A8E838AFF.d.8E119A96DA6F19C00A928C79522A835F.e.1011/click - {}
RESULT: {}
RESULT: {}
COMMAND: GET /session/cd996b992422665fbfd836900d4c17e1/screenshot - {}
RESULT: {}
COMMAND: POST /session/cd996b992422665fbfd836900d4c17e1/element - {"using":"xpath","value":"//bdi[contains(text(), \"Activate\")]"}
RESULT: {"using":"xpath","value":"//bdi[contains(text(), \"Activate\")]"}
COMMAND: POST /session/cd996b992422665fbfd836900d4c17e1/element/f.33F811DD5EF91B780BEF0E0A8E838AFF.d.8E119A96DA6F19C00A928C79522A835F.e.1012/click - {}
RESULT: {}
COMMAND: GET /session/cd996b992422665fbfd836900d4c17e1/screenshot - {}
RESULT: {}
COMMAND: POST /session/cd996b992422665fbfd836900d4c17e1/element - {"using":"xpath","value":"//bdi[contains(text(), \"Yes\")]"}
RESULT: {"using":"xpath","value":"//bdi[contains(text(), \"Yes\")]"}
COMMAND: POST /session/cd996b992422665fbfd836900d4c17e1/element/f.33F811DD5EF91B780BEF0E0A8E838AFF.d.8E119A96DA6F19C00A928C79522A835F.e.1014/click - {}
RESULT: {}
COMMAND: GET /session/cd996b992422665fbfd836900d4c17e1/screenshot - {}
RESULT: {}
COMMAND: POST /session/cd996b992422665fbfd836900d4c17e1/element - {"using":"xpath","value":"//table[contains(@id, \"customPersonsAddressesTable-listUl\")]/tbody/tr[1]/td[10]/div/span"}
RESULT: {"using":"xpath","value":"//table[contains(@id, \"customPersonsAddressesTable-listUl\")]/tbody/tr[1]/td[10]/div/span"}
COMMAND: POST /session/cd996b992422665fbfd836900d4c17e1/execute/sync - {"script":"<script> [56 bytes]","args":[{"element-6066-11e4-a52e-4f735466cecf":"f.33F811DD5EF91B780BEF0E0A8E838AFF.d.8E119A96DA6F19C00A928C79522A835F.e.1010","ELEMENT":"f.33F811DD5EF91B780BEF0E0A8E838AFF.d.8E119A96DA6F19C00A928C79522A835F.e.1010"}]}
RESULT: {"script":"<script> [56 bytes]","args":[{"element-6066-11e4-a52e-4f735466cecf":"f.33F811DD5EF91B780BEF0E0A8E838AFF.d.8E119A96DA6F19C00A928C79522A835F.e.1010","ELEMENT":"f.33F811DD5EF91B780BEF0E0A8E838AFF.d.8E119A96DA6F19C00A928C79522A835F.e.1010"}]}
COMMAND: GET /session/cd996b992422665fbfd836900d4c17e1/screenshot - {}
RESULT: {}
COMMAND: POST /session/cd996b992422665fbfd836900d4c17e1/element - {"using":"css selector","value":"#shell-header-logo"}
RESULT: {"using":"css selector","value":"#shell-header-logo"}
COMMAND: POST /session/cd996b992422665fbfd836900d4c17e1/element/f.33F811DD5EF91B780BEF0E0A8E838AFF.d.8E119A96DA6F19C00A928C79522A835F.e.818/click - {}
RESULT: {}
COMMAND: GET /session/cd996b992422665fbfd836900d4c17e1/screenshot - {}
RESULT: {}
]]></system-out>
    </testcase>
    <testcase classname="chrome.137_0_7151_56.windows.Address_Management_Tests_US156181_US151165_US151160_US156180_US156178_US151157_US151172_US151170_US151166_US151168" name="Step 4 Should verify searches US156180 edit person and address US156178" time="81.486">
      <system-out><![CDATA[
RESULT: undefined
COMMAND: POST /session/cd996b992422665fbfd836900d4c17e1/element - {"using":"xpath","value":"//*[@id=\"__tile33\"]"}
RESULT: {"using":"xpath","value":"//*[@id=\"__tile33\"]"}
COMMAND: POST /session/cd996b992422665fbfd836900d4c17e1/element/f.33F811DD5EF91B780BEF0E0A8E838AFF.d.8E119A96DA6F19C00A928C79522A835F.e.214/click - {}
RESULT: {}
COMMAND: GET /session/cd996b992422665fbfd836900d4c17e1/screenshot - {}
RESULT: {}
COMMAND: POST /session/cd996b992422665fbfd836900d4c17e1/elements - {"using":"xpath","value":"//span[text()='Error']"}
RESULT: {"using":"xpath","value":"//span[text()='Error']"}
COMMAND: POST /session/cd996b992422665fbfd836900d4c17e1/element - {"using":"xpath","value":"//button[@data-kt=\"addButton\"]"}
RESULT: {"using":"xpath","value":"//button[@data-kt=\"addButton\"]"}
COMMAND: POST /session/cd996b992422665fbfd836900d4c17e1/elements - {"using":"xpath","value":"//button[@data-kt=\"addButton\"]"}
RESULT: {"using":"xpath","value":"//button[@data-kt=\"addButton\"]"}
COMMAND: POST /session/cd996b992422665fbfd836900d4c17e1/execute/sync - {"script":"<script> [8489 bytes]","args":[{"element-6066-11e4-a52e-4f735466cecf":"f.33F811DD5EF91B780BEF0E0A8E838AFF.d.8E119A96DA6F19C00A928C79522A835F.e.1074","ELEMENT":"f.33F811DD5EF91B780BEF0E0A8E838AFF.d.8E119A96DA6F19C00A928C79522A835F.e.1074"}]}
RESULT: {"script":"<script> [8489 bytes]","args":[{"element-6066-11e4-a52e-4f735466cecf":"f.33F811DD5EF91B780BEF0E0A8E838AFF.d.8E119A96DA6F19C00A928C79522A835F.e.1074","ELEMENT":"f.33F811DD5EF91B780BEF0E0A8E838AFF.d.8E119A96DA6F19C00A928C79522A835F.e.1074"}]}
COMMAND: GET /session/cd996b992422665fbfd836900d4c17e1/element/f.33F811DD5EF91B780BEF0E0A8E838AFF.d.8E119A96DA6F19C00A928C79522A835F.e.1074/enabled - {}
COMMAND: GET /session/cd996b992422665fbfd836900d4c17e1/screenshot - {}
RESULT: {}
COMMAND: POST /session/cd996b992422665fbfd836900d4c17e1/execute/sync - {"script":"<script> [8489 bytes]","args":[{"element-6066-11e4-a52e-4f735466cecf":"f.33F811DD5EF91B780BEF0E0A8E838AFF.d.8E119A96DA6F19C00A928C79522A835F.e.1074","ELEMENT":"f.33F811DD5EF91B780BEF0E0A8E838AFF.d.8E119A96DA6F19C00A928C79522A835F.e.1074"}]}
COMMAND: GET /session/cd996b992422665fbfd836900d4c17e1/screenshot - {}
RESULT: {}
RESULT: {"script":"<script> [8489 bytes]","args":[{"element-6066-11e4-a52e-4f735466cecf":"f.33F811DD5EF91B780BEF0E0A8E838AFF.d.8E119A96DA6F19C00A928C79522A835F.e.1074","ELEMENT":"f.33F811DD5EF91B780BEF0E0A8E838AFF.d.8E119A96DA6F19C00A928C79522A835F.e.1074"}]}
COMMAND: POST /session/cd996b992422665fbfd836900d4c17e1/execute/sync - {"script":"<script> [5351 bytes]","args":[{"element-6066-11e4-a52e-4f735466cecf":"f.33F811DD5EF91B780BEF0E0A8E838AFF.d.8E119A96DA6F19C00A928C79522A835F.e.1074","ELEMENT":"f.33F811DD5EF91B780BEF0E0A8E838AFF.d.8E119A96DA6F19C00A928C79522A835F.e.1074"}]}
COMMAND: GET /session/cd996b992422665fbfd836900d4c17e1/screenshot - {}
RESULT: {}
RESULT: {"script":"<script> [5351 bytes]","args":[{"element-6066-11e4-a52e-4f735466cecf":"f.33F811DD5EF91B780BEF0E0A8E838AFF.d.8E119A96DA6F19C00A928C79522A835F.e.1074","ELEMENT":"f.33F811DD5EF91B780BEF0E0A8E838AFF.d.8E119A96DA6F19C00A928C79522A835F.e.1074"}]}
COMMAND: GET /session/cd996b992422665fbfd836900d4c17e1/screenshot - {}
RESULT: {}
RESULT: {}
RESULT: undefined
COMMAND: POST /session/cd996b992422665fbfd836900d4c17e1/execute/async - {"script":"<script> [776 bytes]","args":[{"enterText":"1qfSrgqtEm","selector":{"id":"application-addressmanagement-display-component---masterAdm--smartFilterBar-btnBasicSearch","interaction":{"idSuffix":"I"}},"clearTextFirst":true,"interactionType":"ENTER_TEXT"}]}
RESULT: {"script":"<script> [776 bytes]","args":[{"enterText":"1qfSrgqtEm","selector":{"id":"application-addressmanagement-display-component---masterAdm--smartFilterBar-btnBasicSearch","interaction":{"idSuffix":"I"}},"clearTextFirst":true,"interactionType":"ENTER_TEXT"}]}
COMMAND: POST /session/cd996b992422665fbfd836900d4c17e1/actions - {"actions":[{"id":"action4","type":"key","parameters":{},"actions":[{"type":"keyDown","value":"î€‡"},{"type":"pause","duration":10},{"type":"keyUp","value":"î€‡"}]}]}
RESULT: {"actions":[{"id":"action4","type":"key","parameters":{},"actions":[{"type":"keyDown","value":"î€‡"},{"type":"pause","duration":10},{"type":"keyUp","value":"î€‡"}]}]}
COMMAND: GET /session/cd996b992422665fbfd836900d4c17e1/screenshot - {}
RESULT: {}
COMMAND: POST /session/cd996b992422665fbfd836900d4c17e1/elements - {"using":"xpath","value":"//table[contains(@id, \"customPersonsAddressesTable-listUl\")]/tbody/tr"}
RESULT: {"using":"xpath","value":"//table[contains(@id, \"customPersonsAddressesTable-listUl\")]/tbody/tr"}
COMMAND: POST /session/cd996b992422665fbfd836900d4c17e1/element - {"using":"xpath","value":"//table[contains(@id, \"customPersonsAddressesTable-listUl\")]/tbody/tr[1]/td[5]/span/span"}
RESULT: {"using":"xpath","value":"//table[contains(@id, \"customPersonsAddressesTable-listUl\")]/tbody/tr[1]/td[5]/span/span"}
COMMAND: POST /session/cd996b992422665fbfd836900d4c17e1/element - {"using":"xpath","value":"//table[contains(@id, \"customPersonsAddressesTable-listUl\")]/tbody/tr[1]/td[3]/span"}
RESULT: {"using":"xpath","value":"//table[contains(@id, \"customPersonsAddressesTable-listUl\")]/tbody/tr[1]/td[3]/span"}
COMMAND: POST /session/cd996b992422665fbfd836900d4c17e1/elements - {"using":"xpath","value":"//table[contains(@id, \"customPersonsAddressesTable-listUl\")]/tbody/tr[1]/td[5]/span/span"}
RESULT: {"using":"xpath","value":"//table[contains(@id, \"customPersonsAddressesTable-listUl\")]/tbody/tr[1]/td[5]/span/span"}
COMMAND: POST /session/cd996b992422665fbfd836900d4c17e1/execute/sync - {"script":"<script> [56 bytes]","args":[{"element-6066-11e4-a52e-4f735466cecf":"f.33F811DD5EF91B780BEF0E0A8E838AFF.d.8E119A96DA6F19C00A928C79522A835F.e.1216","ELEMENT":"f.33F811DD5EF91B780BEF0E0A8E838AFF.d.8E119A96DA6F19C00A928C79522A835F.e.1216"}]}
RESULT: {"script":"<script> [56 bytes]","args":[{"element-6066-11e4-a52e-4f735466cecf":"f.33F811DD5EF91B780BEF0E0A8E838AFF.d.8E119A96DA6F19C00A928C79522A835F.e.1216","ELEMENT":"f.33F811DD5EF91B780BEF0E0A8E838AFF.d.8E119A96DA6F19C00A928C79522A835F.e.1216"}]}
COMMAND: POST /session/cd996b992422665fbfd836900d4c17e1/execute/sync - {"script":"<script> [56 bytes]","args":[{"element-6066-11e4-a52e-4f735466cecf":"f.33F811DD5EF91B780BEF0E0A8E838AFF.d.8E119A96DA6F19C00A928C79522A835F.e.1217","ELEMENT":"f.33F811DD5EF91B780BEF0E0A8E838AFF.d.8E119A96DA6F19C00A928C79522A835F.e.1217"}]}
COMMAND: GET /session/cd996b992422665fbfd836900d4c17e1/screenshot - {}
RESULT: {"script":"<script> [56 bytes]","args":[{"element-6066-11e4-a52e-4f735466cecf":"f.33F811DD5EF91B780BEF0E0A8E838AFF.d.8E119A96DA6F19C00A928C79522A835F.e.1217","ELEMENT":"f.33F811DD5EF91B780BEF0E0A8E838AFF.d.8E119A96DA6F19C00A928C79522A835F.e.1217"}]}
COMMAND: POST /session/cd996b992422665fbfd836900d4c17e1/element - {"using":"xpath","value":"(//span[contains(@id, \"imgNav\")])[1]"}
COMMAND: GET /session/cd996b992422665fbfd836900d4c17e1/screenshot - {}
RESULT: {}
RESULT: {"using":"xpath","value":"(//span[contains(@id, \"imgNav\")])[1]"}
COMMAND: POST /session/cd996b992422665fbfd836900d4c17e1/element/f.33F811DD5EF91B780BEF0E0A8E838AFF.d.8E119A96DA6F19C00A928C79522A835F.e.1214/click - {}
RESULT: {}
RESULT: {}
COMMAND: GET /session/cd996b992422665fbfd836900d4c17e1/screenshot - {}
RESULT: {}
COMMAND: POST /session/cd996b992422665fbfd836900d4c17e1/element - {"using":"xpath","value":"//bdi[contains(text(), \"Edit\")]"}
RESULT: {"using":"xpath","value":"//bdi[contains(text(), \"Edit\")]"}
COMMAND: POST /session/cd996b992422665fbfd836900d4c17e1/element/f.33F811DD5EF91B780BEF0E0A8E838AFF.d.8E119A96DA6F19C00A928C79522A835F.e.1339/click - {}
RESULT: {}
COMMAND: GET /session/cd996b992422665fbfd836900d4c17e1/screenshot - {}
RESULT: {}
COMMAND: POST /session/cd996b992422665fbfd836900d4c17e1/execute/async - {"script":"<script> [1562 bytes]","args":[{"selector":{"controlType":"sap.ui.core.Icon","viewName":"etm.portal.ui.addressmanagement.view.EditDetail","properties":{"src":{"regex":{"source":"slim\\-arrow\\-down"}}},"ancestor":{"id":"addressTitle","viewName":"etm.portal.ui.addressmanagement.view.EditDetail"}},"wdio_ui5_key":"etmportal.ui.addressmanagement.view.EditDetailsap.ui.core.Icon{\"src\":{\"regex\":{\"source\":\"slim\\\\-arrow\\\\-down\"}}}{\"id\":\"addressTitle\",\"viewName\":\"etm.portal.ui.addressmanagement.view.EditDetail\"}"}]}
RESULT: {"script":"<script> [1562 bytes]","args":[{"selector":{"controlType":"sap.ui.core.Icon","viewName":"etm.portal.ui.addressmanagement.view.EditDetail","properties":{"src":{"regex":{"source":"slim\\-arrow\\-down"}}},"ancestor":{"id":"addressTitle","viewName":"etm.portal.ui.addressmanagement.view.EditDetail"}},"wdio_ui5_key":"etmportal.ui.addressmanagement.view.EditDetailsap.ui.core.Icon{\"src\":{\"regex\":{\"source\":\"slim\\\\-arrow\\\\-down\"}}}{\"id\":\"addressTitle\",\"viewName\":\"etm.portal.ui.addressmanagement.view.EditDetail\"}"}]}
RESULT: undefined
COMMAND: POST /session/cd996b992422665fbfd836900d4c17e1/element - {"using":"xpath","value":"//*[@id=\"__xmlview59--addressTitle-arrow\"]"}
RESULT: {"using":"xpath","value":"//*[@id=\"__xmlview59--addressTitle-arrow\"]"}
COMMAND: POST /session/cd996b992422665fbfd836900d4c17e1/element/f.33F811DD5EF91B780BEF0E0A8E838AFF.d.8E119A96DA6F19C00A928C79522A835F.e.1393/click - {}
RESULT: {}
COMMAND: GET /session/cd996b992422665fbfd836900d4c17e1/screenshot - {}
RESULT: {}
COMMAND: POST /session/cd996b992422665fbfd836900d4c17e1/element - {"using":"xpath","value":"//li[.//span[text()=\"Mr.\"]]"}
RESULT: {"using":"xpath","value":"//li[.//span[text()=\"Mr.\"]]"}
COMMAND: POST /session/cd996b992422665fbfd836900d4c17e1/element/f.33F811DD5EF91B780BEF0E0A8E838AFF.d.8E119A96DA6F19C00A928C79522A835F.e.1395/click - {}
RESULT: {}
COMMAND: GET /session/cd996b992422665fbfd836900d4c17e1/screenshot - {}
RESULT: {}
COMMAND: POST /session/cd996b992422665fbfd836900d4c17e1/execute/async - {"script":"<script> [1562 bytes]","args":[{"selector":{"controlType":"sap.m.Input","viewName":"etm.portal.ui.addressmanagement.view.EditDetail","labelFor":{"text":"Last Name"},"interaction":{"idSuffix":"inner"}},"wdio_ui5_key":"etmportal.ui.addressmanagement.view.EditDetailsap.m.Input{\"text\":\"Last Name\"}"}]}
RESULT: {"script":"<script> [1562 bytes]","args":[{"selector":{"controlType":"sap.m.Input","viewName":"etm.portal.ui.addressmanagement.view.EditDetail","labelFor":{"text":"Last Name"},"interaction":{"idSuffix":"inner"}},"wdio_ui5_key":"etmportal.ui.addressmanagement.view.EditDetailsap.m.Input{\"text\":\"Last Name\"}"}]}
RESULT: undefined
COMMAND: POST /session/cd996b992422665fbfd836900d4c17e1/execute/async - {"script":"<script> [776 bytes]","args":[{"enterText":"EDIT John Cena","selector":{"controlType":"sap.m.Input","viewName":"etm.portal.ui.addressmanagement.view.EditDetail","labelFor":{"text":"Last Name"},"interaction":{"idSuffix":"inner"}},"clearTextFirst":true,"interactionType":"ENTER_TEXT"}]}
RESULT: {"script":"<script> [776 bytes]","args":[{"enterText":"EDIT John Cena","selector":{"controlType":"sap.m.Input","viewName":"etm.portal.ui.addressmanagement.view.EditDetail","labelFor":{"text":"Last Name"},"interaction":{"idSuffix":"inner"}},"clearTextFirst":true,"interactionType":"ENTER_TEXT"}]}
COMMAND: POST /session/cd996b992422665fbfd836900d4c17e1/execute/async - {"script":"<script> [1562 bytes]","args":[{"selector":{"controlType":"sap.ui.core.Icon","viewName":"etm.portal.ui.addressmanagement.view.EditDetail","properties":{"src":{"regex":{"source":"slim\\-arrow\\-down"}}},"ancestor":{"id":"addressDetailDetailsLanguage","viewName":"etm.portal.ui.addressmanagement.view.EditDetail"}},"wdio_ui5_key":"etmportal.ui.addressmanagement.view.EditDetailsap.ui.core.Icon{\"src\":{\"regex\":{\"source\":\"slim\\\\-arrow\\\\-down\"}}}{\"id\":\"addressDetailDetailsLanguage\",\"viewName\":\"etm.portal.ui.addressmanagement.view.EditDetail\"}"}]}
RESULT: {"script":"<script> [1562 bytes]","args":[{"selector":{"controlType":"sap.ui.core.Icon","viewName":"etm.portal.ui.addressmanagement.view.EditDetail","properties":{"src":{"regex":{"source":"slim\\-arrow\\-down"}}},"ancestor":{"id":"addressDetailDetailsLanguage","viewName":"etm.portal.ui.addressmanagement.view.EditDetail"}},"wdio_ui5_key":"etmportal.ui.addressmanagement.view.EditDetailsap.ui.core.Icon{\"src\":{\"regex\":{\"source\":\"slim\\\\-arrow\\\\-down\"}}}{\"id\":\"addressDetailDetailsLanguage\",\"viewName\":\"etm.portal.ui.addressmanagement.view.EditDetail\"}"}]}
RESULT: undefined
COMMAND: POST /session/cd996b992422665fbfd836900d4c17e1/element - {"using":"xpath","value":"//*[@id=\"__xmlview59--addressDetailDetailsLanguage-arrow\"]"}
RESULT: {"using":"xpath","value":"//*[@id=\"__xmlview59--addressDetailDetailsLanguage-arrow\"]"}
COMMAND: POST /session/cd996b992422665fbfd836900d4c17e1/element/f.33F811DD5EF91B780BEF0E0A8E838AFF.d.8E119A96DA6F19C00A928C79522A835F.e.1398/click - {}
RESULT: {}
COMMAND: GET /session/cd996b992422665fbfd836900d4c17e1/screenshot - {}
RESULT: {}
COMMAND: POST /session/cd996b992422665fbfd836900d4c17e1/element - {"using":"xpath","value":"//span[contains(text(), \"Bulgarian\")]"}
RESULT: {"using":"xpath","value":"//span[contains(text(), \"Bulgarian\")]"}
COMMAND: POST /session/cd996b992422665fbfd836900d4c17e1/element/f.33F811DD5EF91B780BEF0E0A8E838AFF.d.8E119A96DA6F19C00A928C79522A835F.e.1399/click - {}
RESULT: {}
COMMAND: GET /session/cd996b992422665fbfd836900d4c17e1/screenshot - {}
RESULT: {}
COMMAND: POST /session/cd996b992422665fbfd836900d4c17e1/execute/async - {"script":"<script> [1562 bytes]","args":[{"selector":{"controlType":"sap.m.Input","viewName":"etm.portal.ui.addressmanagement.view.EditDetail","labelFor":{"text":"ZIP/Postal code"},"interaction":{"idSuffix":"inner"}},"wdio_ui5_key":"etmportal.ui.addressmanagement.view.EditDetailsap.m.Input{\"text\":\"ZIP/Postal code\"}"}]}
RESULT: {"script":"<script> [1562 bytes]","args":[{"selector":{"controlType":"sap.m.Input","viewName":"etm.portal.ui.addressmanagement.view.EditDetail","labelFor":{"text":"ZIP/Postal code"},"interaction":{"idSuffix":"inner"}},"wdio_ui5_key":"etmportal.ui.addressmanagement.view.EditDetailsap.m.Input{\"text\":\"ZIP/Postal code\"}"}]}
RESULT: undefined
COMMAND: POST /session/cd996b992422665fbfd836900d4c17e1/execute/async - {"script":"<script> [776 bytes]","args":[{"enterText":"500292","selector":{"controlType":"sap.m.Input","viewName":"etm.portal.ui.addressmanagement.view.EditDetail","labelFor":{"text":"ZIP/Postal code"},"interaction":{"idSuffix":"inner"}},"clearTextFirst":true,"interactionType":"ENTER_TEXT"}]}
RESULT: {"script":"<script> [776 bytes]","args":[{"enterText":"500292","selector":{"controlType":"sap.m.Input","viewName":"etm.portal.ui.addressmanagement.view.EditDetail","labelFor":{"text":"ZIP/Postal code"},"interaction":{"idSuffix":"inner"}},"clearTextFirst":true,"interactionType":"ENTER_TEXT"}]}
COMMAND: POST /session/cd996b992422665fbfd836900d4c17e1/execute/async - {"script":"<script> [1562 bytes]","args":[{"selector":{"id":"addressDetailContactsEmail","viewName":"etm.portal.ui.addressmanagement.view.EditDetail","interaction":{"idSuffix":"inner"}},"wdio_ui5_key":"addressDetailContactsEmailetmportal.ui.addressmanagement.view.EditDetail"}]}
RESULT: {"script":"<script> [1562 bytes]","args":[{"selector":{"id":"addressDetailContactsEmail","viewName":"etm.portal.ui.addressmanagement.view.EditDetail","interaction":{"idSuffix":"inner"}},"wdio_ui5_key":"addressDetailContactsEmailetmportal.ui.addressmanagement.view.EditDetail"}]}
RESULT: undefined
COMMAND: POST /session/cd996b992422665fbfd836900d4c17e1/execute/async - {"script":"<script> [776 bytes]","args":[{"enterText":"webdriverrules@emailfake.com","selector":{"id":"addressDetailContactsEmail","viewName":"etm.portal.ui.addressmanagement.view.EditDetail","interaction":{"idSuffix":"inner"}},"clearTextFirst":true,"interactionType":"ENTER_TEXT"}]}
RESULT: {"script":"<script> [776 bytes]","args":[{"enterText":"webdriverrules@emailfake.com","selector":{"id":"addressDetailContactsEmail","viewName":"etm.portal.ui.addressmanagement.view.EditDetail","interaction":{"idSuffix":"inner"}},"clearTextFirst":true,"interactionType":"ENTER_TEXT"}]}
COMMAND: POST /session/cd996b992422665fbfd836900d4c17e1/execute/async - {"script":"<script> [1562 bytes]","args":[{"selector":{"id":"addressUserJobTitle","viewName":"etm.portal.ui.addressmanagement.view.EditDetail","interaction":{"idSuffix":"inner"}},"wdio_ui5_key":"addressUserJobTitleetmportal.ui.addressmanagement.view.EditDetail"}]}
RESULT: {"script":"<script> [1562 bytes]","args":[{"selector":{"id":"addressUserJobTitle","viewName":"etm.portal.ui.addressmanagement.view.EditDetail","interaction":{"idSuffix":"inner"}},"wdio_ui5_key":"addressUserJobTitleetmportal.ui.addressmanagement.view.EditDetail"}]}
RESULT: undefined
COMMAND: POST /session/cd996b992422665fbfd836900d4c17e1/execute/async - {"script":"<script> [776 bytes]","args":[{"enterText":"director","selector":{"id":"addressUserJobTitle","viewName":"etm.portal.ui.addressmanagement.view.EditDetail","interaction":{"idSuffix":"inner"}},"clearTextFirst":true,"interactionType":"ENTER_TEXT"}]}
RESULT: {"script":"<script> [776 bytes]","args":[{"enterText":"director","selector":{"id":"addressUserJobTitle","viewName":"etm.portal.ui.addressmanagement.view.EditDetail","interaction":{"idSuffix":"inner"}},"clearTextFirst":true,"interactionType":"ENTER_TEXT"}]}
COMMAND: POST /session/cd996b992422665fbfd836900d4c17e1/execute/async - {"script":"<script> [1562 bytes]","args":[{"selector":{"id":"tagMultiInput","viewName":"etm.portal.ui.addressmanagement.view.EditDetail","interaction":{"idSuffix":"inner"}},"wdio_ui5_key":"tagMultiInputetmportal.ui.addressmanagement.view.EditDetail"}]}
RESULT: {"script":"<script> [1562 bytes]","args":[{"selector":{"id":"tagMultiInput","viewName":"etm.portal.ui.addressmanagement.view.EditDetail","interaction":{"idSuffix":"inner"}},"wdio_ui5_key":"tagMultiInputetmportal.ui.addressmanagement.view.EditDetail"}]}
RESULT: undefined
COMMAND: POST /session/cd996b992422665fbfd836900d4c17e1/execute/async - {"script":"<script> [776 bytes]","args":[{"enterText":"testyTag1","selector":{"id":"tagMultiInput","viewName":"etm.portal.ui.addressmanagement.view.EditDetail","interaction":{"idSuffix":"inner"}},"clearTextFirst":true,"interactionType":"ENTER_TEXT"}]}
RESULT: {"script":"<script> [776 bytes]","args":[{"enterText":"testyTag1","selector":{"id":"tagMultiInput","viewName":"etm.portal.ui.addressmanagement.view.EditDetail","interaction":{"idSuffix":"inner"}},"clearTextFirst":true,"interactionType":"ENTER_TEXT"}]}
COMMAND: POST /session/cd996b992422665fbfd836900d4c17e1/actions - {"actions":[{"id":"action5","type":"key","parameters":{},"actions":[{"type":"keyDown","value":"î€‡"},{"type":"pause","duration":10},{"type":"keyUp","value":"î€‡"}]}]}
RESULT: {"actions":[{"id":"action5","type":"key","parameters":{},"actions":[{"type":"keyDown","value":"î€‡"},{"type":"pause","duration":10},{"type":"keyUp","value":"î€‡"}]}]}
COMMAND: GET /session/cd996b992422665fbfd836900d4c17e1/screenshot - {}
RESULT: {}
RESULT: undefined
COMMAND: POST /session/cd996b992422665fbfd836900d4c17e1/execute/async - {"script":"<script> [776 bytes]","args":[{"enterText":"taggyTag2","selector":{"id":"tagMultiInput","viewName":"etm.portal.ui.addressmanagement.view.EditDetail","interaction":{"idSuffix":"inner"}},"clearTextFirst":true,"interactionType":"ENTER_TEXT"}]}
RESULT: {"script":"<script> [776 bytes]","args":[{"enterText":"taggyTag2","selector":{"id":"tagMultiInput","viewName":"etm.portal.ui.addressmanagement.view.EditDetail","interaction":{"idSuffix":"inner"}},"clearTextFirst":true,"interactionType":"ENTER_TEXT"}]}
COMMAND: POST /session/cd996b992422665fbfd836900d4c17e1/actions - {"actions":[{"id":"action6","type":"key","parameters":{},"actions":[{"type":"keyDown","value":"î€‡"},{"type":"pause","duration":10},{"type":"keyUp","value":"î€‡"}]}]}
RESULT: {"actions":[{"id":"action6","type":"key","parameters":{},"actions":[{"type":"keyDown","value":"î€‡"},{"type":"pause","duration":10},{"type":"keyUp","value":"î€‡"}]}]}
COMMAND: GET /session/cd996b992422665fbfd836900d4c17e1/screenshot - {}
RESULT: {}
COMMAND: POST /session/cd996b992422665fbfd836900d4c17e1/element - {"using":"xpath","value":"//button[@data-kt=\"saveButton\"]"}
RESULT: {"using":"xpath","value":"//button[@data-kt=\"saveButton\"]"}
COMMAND: POST /session/cd996b992422665fbfd836900d4c17e1/element/f.33F811DD5EF91B780BEF0E0A8E838AFF.d.8E119A96DA6F19C00A928C79522A835F.e.1405/click - {}
RESULT: {}
COMMAND: GET /session/cd996b992422665fbfd836900d4c17e1/screenshot - {}
RESULT: {}
COMMAND: POST /session/cd996b992422665fbfd836900d4c17e1/element - {"using":"xpath","value":"//span[@id=\"application-addressmanagement-display-component---detailAdm--addressTitle\"]"}
RESULT: {"using":"xpath","value":"//span[@id=\"application-addressmanagement-display-component---detailAdm--addressTitle\"]"}
COMMAND: POST /session/cd996b992422665fbfd836900d4c17e1/elements - {"using":"xpath","value":"//span[@id=\"application-addressmanagement-display-component---detailAdm--addressTitle\"]"}
RESULT: {"using":"xpath","value":"//span[@id=\"application-addressmanagement-display-component---detailAdm--addressTitle\"]"}
COMMAND: POST /session/cd996b992422665fbfd836900d4c17e1/execute/sync - {"script":"<script> [56 bytes]","args":[{"element-6066-11e4-a52e-4f735466cecf":"f.33F811DD5EF91B780BEF0E0A8E838AFF.d.8E119A96DA6F19C00A928C79522A835F.e.1424","ELEMENT":"f.33F811DD5EF91B780BEF0E0A8E838AFF.d.8E119A96DA6F19C00A928C79522A835F.e.1424"}]}
RESULT: {"script":"<script> [56 bytes]","args":[{"element-6066-11e4-a52e-4f735466cecf":"f.33F811DD5EF91B780BEF0E0A8E838AFF.d.8E119A96DA6F19C00A928C79522A835F.e.1424","ELEMENT":"f.33F811DD5EF91B780BEF0E0A8E838AFF.d.8E119A96DA6F19C00A928C79522A835F.e.1424"}]}
COMMAND: POST /session/cd996b992422665fbfd836900d4c17e1/element - {"using":"xpath","value":"//span[@id=\"application-addressmanagement-display-component---detailAdm--addressDetailDetailsName2\"]"}
COMMAND: GET /session/cd996b992422665fbfd836900d4c17e1/screenshot - {}
RESULT: {"using":"xpath","value":"//span[@id=\"application-addressmanagement-display-component---detailAdm--addressDetailDetailsName2\"]"}
COMMAND: POST /session/cd996b992422665fbfd836900d4c17e1/elements - {"using":"xpath","value":"//span[@id=\"application-addressmanagement-display-component---detailAdm--addressDetailDetailsName2\"]"}
RESULT: {}
RESULT: {"using":"xpath","value":"//span[@id=\"application-addressmanagement-display-component---detailAdm--addressDetailDetailsName2\"]"}
COMMAND: POST /session/cd996b992422665fbfd836900d4c17e1/execute/sync - {"script":"<script> [56 bytes]","args":[{"element-6066-11e4-a52e-4f735466cecf":"f.33F811DD5EF91B780BEF0E0A8E838AFF.d.8E119A96DA6F19C00A928C79522A835F.e.1425","ELEMENT":"f.33F811DD5EF91B780BEF0E0A8E838AFF.d.8E119A96DA6F19C00A928C79522A835F.e.1425"}]}
RESULT: {"script":"<script> [56 bytes]","args":[{"element-6066-11e4-a52e-4f735466cecf":"f.33F811DD5EF91B780BEF0E0A8E838AFF.d.8E119A96DA6F19C00A928C79522A835F.e.1425","ELEMENT":"f.33F811DD5EF91B780BEF0E0A8E838AFF.d.8E119A96DA6F19C00A928C79522A835F.e.1425"}]}
COMMAND: POST /session/cd996b992422665fbfd836900d4c17e1/element - {"using":"xpath","value":"//span[@id=\"application-addressmanagement-display-component---detailAdm--addressDetailDetailsLanguage\"]"}
COMMAND: GET /session/cd996b992422665fbfd836900d4c17e1/screenshot - {}
RESULT: {"using":"xpath","value":"//span[@id=\"application-addressmanagement-display-component---detailAdm--addressDetailDetailsLanguage\"]"}
COMMAND: POST /session/cd996b992422665fbfd836900d4c17e1/elements - {"using":"xpath","value":"//span[@id=\"application-addressmanagement-display-component---detailAdm--addressDetailDetailsLanguage\"]"}
RESULT: {}
RESULT: {"using":"xpath","value":"//span[@id=\"application-addressmanagement-display-component---detailAdm--addressDetailDetailsLanguage\"]"}
COMMAND: POST /session/cd996b992422665fbfd836900d4c17e1/execute/sync - {"script":"<script> [56 bytes]","args":[{"element-6066-11e4-a52e-4f735466cecf":"f.33F811DD5EF91B780BEF0E0A8E838AFF.d.8E119A96DA6F19C00A928C79522A835F.e.1426","ELEMENT":"f.33F811DD5EF91B780BEF0E0A8E838AFF.d.8E119A96DA6F19C00A928C79522A835F.e.1426"}]}
RESULT: {"script":"<script> [56 bytes]","args":[{"element-6066-11e4-a52e-4f735466cecf":"f.33F811DD5EF91B780BEF0E0A8E838AFF.d.8E119A96DA6F19C00A928C79522A835F.e.1426","ELEMENT":"f.33F811DD5EF91B780BEF0E0A8E838AFF.d.8E119A96DA6F19C00A928C79522A835F.e.1426"}]}
COMMAND: POST /session/cd996b992422665fbfd836900d4c17e1/element - {"using":"xpath","value":"//span[@id=\"application-addressmanagement-display-component---detailAdm--addressDetailDetailsZip1\"]"}
COMMAND: GET /session/cd996b992422665fbfd836900d4c17e1/screenshot - {}
RESULT: {"using":"xpath","value":"//span[@id=\"application-addressmanagement-display-component---detailAdm--addressDetailDetailsZip1\"]"}
COMMAND: POST /session/cd996b992422665fbfd836900d4c17e1/elements - {"using":"xpath","value":"//span[@id=\"application-addressmanagement-display-component---detailAdm--addressDetailDetailsZip1\"]"}
RESULT: {}
RESULT: {"using":"xpath","value":"//span[@id=\"application-addressmanagement-display-component---detailAdm--addressDetailDetailsZip1\"]"}
COMMAND: POST /session/cd996b992422665fbfd836900d4c17e1/execute/sync - {"script":"<script> [56 bytes]","args":[{"element-6066-11e4-a52e-4f735466cecf":"f.33F811DD5EF91B780BEF0E0A8E838AFF.d.8E119A96DA6F19C00A928C79522A835F.e.1427","ELEMENT":"f.33F811DD5EF91B780BEF0E0A8E838AFF.d.8E119A96DA6F19C00A928C79522A835F.e.1427"}]}
RESULT: {"script":"<script> [56 bytes]","args":[{"element-6066-11e4-a52e-4f735466cecf":"f.33F811DD5EF91B780BEF0E0A8E838AFF.d.8E119A96DA6F19C00A928C79522A835F.e.1427","ELEMENT":"f.33F811DD5EF91B780BEF0E0A8E838AFF.d.8E119A96DA6F19C00A928C79522A835F.e.1427"}]}
COMMAND: POST /session/cd996b992422665fbfd836900d4c17e1/element - {"using":"xpath","value":"//span[@id=\"application-addressmanagement-display-component---detailAdm--addressDetailContactsEmail\"]"}
COMMAND: GET /session/cd996b992422665fbfd836900d4c17e1/screenshot - {}
RESULT: {"using":"xpath","value":"//span[@id=\"application-addressmanagement-display-component---detailAdm--addressDetailContactsEmail\"]"}
COMMAND: POST /session/cd996b992422665fbfd836900d4c17e1/elements - {"using":"xpath","value":"//span[@id=\"application-addressmanagement-display-component---detailAdm--addressDetailContactsEmail\"]"}
RESULT: {}
RESULT: {"using":"xpath","value":"//span[@id=\"application-addressmanagement-display-component---detailAdm--addressDetailContactsEmail\"]"}
COMMAND: POST /session/cd996b992422665fbfd836900d4c17e1/execute/sync - {"script":"<script> [56 bytes]","args":[{"element-6066-11e4-a52e-4f735466cecf":"f.33F811DD5EF91B780BEF0E0A8E838AFF.d.8E119A96DA6F19C00A928C79522A835F.e.1428","ELEMENT":"f.33F811DD5EF91B780BEF0E0A8E838AFF.d.8E119A96DA6F19C00A928C79522A835F.e.1428"}]}
RESULT: {"script":"<script> [56 bytes]","args":[{"element-6066-11e4-a52e-4f735466cecf":"f.33F811DD5EF91B780BEF0E0A8E838AFF.d.8E119A96DA6F19C00A928C79522A835F.e.1428","ELEMENT":"f.33F811DD5EF91B780BEF0E0A8E838AFF.d.8E119A96DA6F19C00A928C79522A835F.e.1428"}]}
COMMAND: POST /session/cd996b992422665fbfd836900d4c17e1/element - {"using":"xpath","value":"//span[@id=\"application-addressmanagement-display-component---detailAdm--addressUserJobTitle\"]"}
COMMAND: GET /session/cd996b992422665fbfd836900d4c17e1/screenshot - {}
RESULT: {"using":"xpath","value":"//span[@id=\"application-addressmanagement-display-component---detailAdm--addressUserJobTitle\"]"}
COMMAND: POST /session/cd996b992422665fbfd836900d4c17e1/elements - {"using":"xpath","value":"//span[@id=\"application-addressmanagement-display-component---detailAdm--addressUserJobTitle\"]"}
RESULT: {}
RESULT: {"using":"xpath","value":"//span[@id=\"application-addressmanagement-display-component---detailAdm--addressUserJobTitle\"]"}
COMMAND: POST /session/cd996b992422665fbfd836900d4c17e1/execute/sync - {"script":"<script> [56 bytes]","args":[{"element-6066-11e4-a52e-4f735466cecf":"f.33F811DD5EF91B780BEF0E0A8E838AFF.d.8E119A96DA6F19C00A928C79522A835F.e.1429","ELEMENT":"f.33F811DD5EF91B780BEF0E0A8E838AFF.d.8E119A96DA6F19C00A928C79522A835F.e.1429"}]}
RESULT: {"script":"<script> [56 bytes]","args":[{"element-6066-11e4-a52e-4f735466cecf":"f.33F811DD5EF91B780BEF0E0A8E838AFF.d.8E119A96DA6F19C00A928C79522A835F.e.1429","ELEMENT":"f.33F811DD5EF91B780BEF0E0A8E838AFF.d.8E119A96DA6F19C00A928C79522A835F.e.1429"}]}
COMMAND: POST /session/cd996b992422665fbfd836900d4c17e1/element - {"using":"xpath","value":"//span[contains(@class, \"sapMTokenText\") and text()=\"testyTag1\"]"}
COMMAND: GET /session/cd996b992422665fbfd836900d4c17e1/screenshot - {}
RESULT: {"using":"xpath","value":"//span[contains(@class, \"sapMTokenText\") and text()=\"testyTag1\"]"}
COMMAND: POST /session/cd996b992422665fbfd836900d4c17e1/element - {"using":"xpath","value":"//span[contains(@class, \"sapMTokenText\") and text()=\"taggyTag2\"]"}
RESULT: {}
RESULT: {"using":"xpath","value":"//span[contains(@class, \"sapMTokenText\") and text()=\"taggyTag2\"]"}
COMMAND: POST /session/cd996b992422665fbfd836900d4c17e1/elements - {"using":"xpath","value":"//span[contains(@class, \"sapMTokenText\") and text()=\"testyTag1\"]"}
RESULT: {"using":"xpath","value":"//span[contains(@class, \"sapMTokenText\") and text()=\"testyTag1\"]"}
COMMAND: POST /session/cd996b992422665fbfd836900d4c17e1/elements - {"using":"xpath","value":"//span[contains(@class, \"sapMTokenText\") and text()=\"taggyTag2\"]"}
RESULT: {"using":"xpath","value":"//span[contains(@class, \"sapMTokenText\") and text()=\"taggyTag2\"]"}
COMMAND: POST /session/cd996b992422665fbfd836900d4c17e1/element - {"using":"css selector","value":"#shell-header-logo"}
RESULT: {"using":"css selector","value":"#shell-header-logo"}
COMMAND: POST /session/cd996b992422665fbfd836900d4c17e1/element/f.33F811DD5EF91B780BEF0E0A8E838AFF.d.8E119A96DA6F19C00A928C79522A835F.e.1021/click - {}
RESULT: {}
COMMAND: GET /session/cd996b992422665fbfd836900d4c17e1/screenshot - {}
RESULT: {}
]]></system-out>
    </testcase>
  </testsuite>
</testsuites>