<?xml version="1.0" encoding="UTF-8"?>
<testsuites tests="76" failures="44" errors="44" skipped="0">
  <testsuite timestamp="2025-04-30T16:20:00" time="93.091" tests="1" failures="0" errors="0" skipped="0">
    <properties>
      <property name="specId" value="0" />
      <property name="suiteName" value="US104422 Create new bin &amp; section - select nothing " />
      <property name="capabilities" value="chrome.135_0_7049_96.windows" />
      <property name="file" value="file:///D:/a/1/s/test/specs/HTR/create-bin.spec.js" />
    </properties>
    <testcase classname="chrome.135_0_7049_96.windows.US104422_Create_new_bin_&amp;_section_-_select_nothing_" name="Create new bin section" time="72.656">
      <system-out><![CDATA[
COMMAND: POST /session/0631827be0a93fac797ef22e97364bed/element - {"using":"xpath","value":"//div[text()='Warehouse']"}
RESULT: {"using":"xpath","value":"//div[text()='Warehouse']"}
COMMAND: POST /session/0631827be0a93fac797ef22e97364bed/elements - {"using":"xpath","value":"//div[text()='Warehouse']"}
RESULT: {"using":"xpath","value":"//div[text()='Warehouse']"}
COMMAND: POST /session/0631827be0a93fac797ef22e97364bed/element/f.1195843739892CF439726866CA7D4ED2.d.7093D136EA2E8E3D1EC8827DCBABFD0D.e.115/click - {}
RESULT: {}
COMMAND: POST /session/0631827be0a93fac797ef22e97364bed/execute/async - {"script":"<script> [1562 bytes]","args":[{"selector":{"controlType":"sap.m.GenericTile","properties":{"header":"Bin Status Report"}},"wdio_ui5_key":"sapm.GenericTile{\"header\":\"Bin Status Report\"}"}]}
COMMAND: GET /session/0631827be0a93fac797ef22e97364bed/screenshot - {}
RESULT: {"script":"<script> [1562 bytes]","args":[{"selector":{"controlType":"sap.m.GenericTile","properties":{"header":"Bin Status Report"}},"wdio_ui5_key":"sapm.GenericTile{\"header\":\"Bin Status Report\"}"}]}
RESULT: undefined
COMMAND: POST /session/0631827be0a93fac797ef22e97364bed/element - {"using":"xpath","value":"//*[@id=\"__tile104\"]"}
RESULT: {}
RESULT: {"using":"xpath","value":"//*[@id=\"__tile104\"]"}
COMMAND: POST /session/0631827be0a93fac797ef22e97364bed/element/f.1195843739892CF439726866CA7D4ED2.d.7093D136EA2E8E3D1EC8827DCBABFD0D.e.116/click - {}
RESULT: {}
COMMAND: GET /session/0631827be0a93fac797ef22e97364bed/screenshot - {}
RESULT: {}
COMMAND: POST /session/0631827be0a93fac797ef22e97364bed/element - {"using":"xpath","value":"//bdi[text()='Create New Organization']"}
RESULT: {"using":"xpath","value":"//bdi[text()='Create New Organization']"}
COMMAND: POST /session/0631827be0a93fac797ef22e97364bed/elements - {"using":"xpath","value":"//bdi[text()='Create New Organization']"}
RESULT: {"using":"xpath","value":"//bdi[text()='Create New Organization']"}
COMMAND: POST /session/0631827be0a93fac797ef22e97364bed/elements - {"using":"xpath","value":"//bdi[text()='Create New Organization']"}
RESULT: {"using":"xpath","value":"//bdi[text()='Create New Organization']"}
COMMAND: POST /session/0631827be0a93fac797ef22e97364bed/elements - {"using":"xpath","value":"//bdi[text()='Create New Organization']"}
RESULT: {"using":"xpath","value":"//bdi[text()='Create New Organization']"}
COMMAND: POST /session/0631827be0a93fac797ef22e97364bed/elements - {"using":"xpath","value":"//bdi[text()='Create New Organization']"}
RESULT: {"using":"xpath","value":"//bdi[text()='Create New Organization']"}
COMMAND: POST /session/0631827be0a93fac797ef22e97364bed/elements - {"using":"xpath","value":"//bdi[text()='Create New Organization']"}
RESULT: {"using":"xpath","value":"//bdi[text()='Create New Organization']"}
COMMAND: POST /session/0631827be0a93fac797ef22e97364bed/elements - {"using":"xpath","value":"//bdi[text()='Create New Organization']"}
RESULT: {"using":"xpath","value":"//bdi[text()='Create New Organization']"}
COMMAND: POST /session/0631827be0a93fac797ef22e97364bed/elements - {"using":"xpath","value":"//bdi[text()='Create New Organization']"}
RESULT: {"using":"xpath","value":"//bdi[text()='Create New Organization']"}
COMMAND: POST /session/0631827be0a93fac797ef22e97364bed/elements - {"using":"xpath","value":"//bdi[text()='Create New Organization']"}
RESULT: {"using":"xpath","value":"//bdi[text()='Create New Organization']"}
COMMAND: POST /session/0631827be0a93fac797ef22e97364bed/elements - {"using":"xpath","value":"//bdi[text()='Create New Organization']"}
RESULT: {"using":"xpath","value":"//bdi[text()='Create New Organization']"}
COMMAND: POST /session/0631827be0a93fac797ef22e97364bed/elements - {"using":"xpath","value":"//bdi[text()='Create New Organization']"}
RESULT: {"using":"xpath","value":"//bdi[text()='Create New Organization']"}
COMMAND: POST /session/0631827be0a93fac797ef22e97364bed/elements - {"using":"xpath","value":"//bdi[text()='Create New Organization']"}
RESULT: {"using":"xpath","value":"//bdi[text()='Create New Organization']"}
COMMAND: POST /session/0631827be0a93fac797ef22e97364bed/elements - {"using":"xpath","value":"//bdi[text()='Create New Organization']"}
RESULT: {"using":"xpath","value":"//bdi[text()='Create New Organization']"}
COMMAND: POST /session/0631827be0a93fac797ef22e97364bed/elements - {"using":"xpath","value":"//bdi[text()='Create New Organization']"}
RESULT: {"using":"xpath","value":"//bdi[text()='Create New Organization']"}
COMMAND: POST /session/0631827be0a93fac797ef22e97364bed/elements - {"using":"xpath","value":"//bdi[text()='Create New Organization']"}
RESULT: {"using":"xpath","value":"//bdi[text()='Create New Organization']"}
COMMAND: POST /session/0631827be0a93fac797ef22e97364bed/elements - {"using":"xpath","value":"//bdi[text()='Create New Organization']"}
RESULT: {"using":"xpath","value":"//bdi[text()='Create New Organization']"}
COMMAND: POST /session/0631827be0a93fac797ef22e97364bed/elements - {"using":"xpath","value":"//bdi[text()='Create New Organization']"}
RESULT: {"using":"xpath","value":"//bdi[text()='Create New Organization']"}
COMMAND: POST /session/0631827be0a93fac797ef22e97364bed/elements - {"using":"xpath","value":"//bdi[text()='Create New Organization']"}
RESULT: {"using":"xpath","value":"//bdi[text()='Create New Organization']"}
COMMAND: POST /session/0631827be0a93fac797ef22e97364bed/elements - {"using":"xpath","value":"//bdi[text()='Create New Organization']"}
RESULT: {"using":"xpath","value":"//bdi[text()='Create New Organization']"}
COMMAND: POST /session/0631827be0a93fac797ef22e97364bed/elements - {"using":"xpath","value":"//bdi[text()='Create New Organization']"}
RESULT: {"using":"xpath","value":"//bdi[text()='Create New Organization']"}
COMMAND: POST /session/0631827be0a93fac797ef22e97364bed/elements - {"using":"xpath","value":"//bdi[text()='Create New Organization']"}
RESULT: {"using":"xpath","value":"//bdi[text()='Create New Organization']"}
COMMAND: POST /session/0631827be0a93fac797ef22e97364bed/elements - {"using":"xpath","value":"//bdi[text()='Create New Organization']"}
RESULT: {"using":"xpath","value":"//bdi[text()='Create New Organization']"}
COMMAND: POST /session/0631827be0a93fac797ef22e97364bed/elements - {"using":"xpath","value":"//bdi[text()='Create New Organization']"}
RESULT: {"using":"xpath","value":"//bdi[text()='Create New Organization']"}
COMMAND: POST /session/0631827be0a93fac797ef22e97364bed/elements - {"using":"xpath","value":"//bdi[text()='Create New Organization']"}
RESULT: {"using":"xpath","value":"//bdi[text()='Create New Organization']"}
COMMAND: POST /session/0631827be0a93fac797ef22e97364bed/elements - {"using":"xpath","value":"//bdi[text()='Create New Organization']"}
RESULT: {"using":"xpath","value":"//bdi[text()='Create New Organization']"}
COMMAND: POST /session/0631827be0a93fac797ef22e97364bed/elements - {"using":"xpath","value":"//bdi[text()='Create New Organization']"}
RESULT: {"using":"xpath","value":"//bdi[text()='Create New Organization']"}
COMMAND: POST /session/0631827be0a93fac797ef22e97364bed/elements - {"using":"xpath","value":"//bdi[text()='Create New Organization']"}
RESULT: {"using":"xpath","value":"//bdi[text()='Create New Organization']"}
COMMAND: POST /session/0631827be0a93fac797ef22e97364bed/elements - {"using":"xpath","value":"//bdi[text()='Create New Organization']"}
RESULT: {"using":"xpath","value":"//bdi[text()='Create New Organization']"}
COMMAND: POST /session/0631827be0a93fac797ef22e97364bed/elements - {"using":"xpath","value":"//bdi[text()='Create New Organization']"}
RESULT: {"using":"xpath","value":"//bdi[text()='Create New Organization']"}
COMMAND: POST /session/0631827be0a93fac797ef22e97364bed/elements - {"using":"xpath","value":"//bdi[text()='Create New Organization']"}
RESULT: {"using":"xpath","value":"//bdi[text()='Create New Organization']"}
COMMAND: POST /session/0631827be0a93fac797ef22e97364bed/elements - {"using":"xpath","value":"//bdi[text()='Create New Organization']"}
RESULT: {"using":"xpath","value":"//bdi[text()='Create New Organization']"}
COMMAND: POST /session/0631827be0a93fac797ef22e97364bed/elements - {"using":"xpath","value":"//bdi[text()='Create New Organization']"}
RESULT: {"using":"xpath","value":"//bdi[text()='Create New Organization']"}
COMMAND: POST /session/0631827be0a93fac797ef22e97364bed/elements - {"using":"xpath","value":"//bdi[text()='Create New Organization']"}
RESULT: {"using":"xpath","value":"//bdi[text()='Create New Organization']"}
COMMAND: POST /session/0631827be0a93fac797ef22e97364bed/elements - {"using":"xpath","value":"//bdi[text()='Create New Organization']"}
RESULT: {"using":"xpath","value":"//bdi[text()='Create New Organization']"}
COMMAND: POST /session/0631827be0a93fac797ef22e97364bed/elements - {"using":"xpath","value":"//bdi[text()='Create New Organization']"}
RESULT: {"using":"xpath","value":"//bdi[text()='Create New Organization']"}
COMMAND: POST /session/0631827be0a93fac797ef22e97364bed/elements - {"using":"xpath","value":"//bdi[text()='Create New Organization']"}
RESULT: {"using":"xpath","value":"//bdi[text()='Create New Organization']"}
COMMAND: POST /session/0631827be0a93fac797ef22e97364bed/elements - {"using":"xpath","value":"//bdi[text()='Create New Organization']"}
RESULT: {"using":"xpath","value":"//bdi[text()='Create New Organization']"}
COMMAND: POST /session/0631827be0a93fac797ef22e97364bed/elements - {"using":"xpath","value":"//bdi[text()='Create New Organization']"}
RESULT: {"using":"xpath","value":"//bdi[text()='Create New Organization']"}
COMMAND: POST /session/0631827be0a93fac797ef22e97364bed/elements - {"using":"xpath","value":"//bdi[text()='Create New Organization']"}
RESULT: {"using":"xpath","value":"//bdi[text()='Create New Organization']"}
COMMAND: POST /session/0631827be0a93fac797ef22e97364bed/elements - {"using":"xpath","value":"//bdi[text()='Create New Organization']"}
RESULT: {"using":"xpath","value":"//bdi[text()='Create New Organization']"}
COMMAND: POST /session/0631827be0a93fac797ef22e97364bed/elements - {"using":"xpath","value":"//bdi[text()='Create New Organization']"}
RESULT: {"using":"xpath","value":"//bdi[text()='Create New Organization']"}
COMMAND: POST /session/0631827be0a93fac797ef22e97364bed/elements - {"using":"xpath","value":"//bdi[text()='Create New Organization']"}
RESULT: {"using":"xpath","value":"//bdi[text()='Create New Organization']"}
COMMAND: POST /session/0631827be0a93fac797ef22e97364bed/elements - {"using":"xpath","value":"//bdi[text()='Create New Organization']"}
RESULT: {"using":"xpath","value":"//bdi[text()='Create New Organization']"}
COMMAND: POST /session/0631827be0a93fac797ef22e97364bed/elements - {"using":"xpath","value":"//bdi[text()='Create New Organization']"}
RESULT: {"using":"xpath","value":"//bdi[text()='Create New Organization']"}
COMMAND: POST /session/0631827be0a93fac797ef22e97364bed/element - {"using":"xpath","value":"//bdi[text()='Create New Organization']"}
RESULT: {"using":"xpath","value":"//bdi[text()='Create New Organization']"}
COMMAND: GET /session/0631827be0a93fac797ef22e97364bed/element/f.1195843739892CF439726866CA7D4ED2.d.7093D136EA2E8E3D1EC8827DCBABFD0D.e.154/enabled - {}
RESULT: {}
COMMAND: POST /session/0631827be0a93fac797ef22e97364bed/execute/sync - {"script":"<script> [8489 bytes]","args":[{"element-6066-11e4-a52e-4f735466cecf":"f.1195843739892CF439726866CA7D4ED2.d.7093D136EA2E8E3D1EC8827DCBABFD0D.e.154","ELEMENT":"f.1195843739892CF439726866CA7D4ED2.d.7093D136EA2E8E3D1EC8827DCBABFD0D.e.154"}]}
COMMAND: GET /session/0631827be0a93fac797ef22e97364bed/screenshot - {}
RESULT: {"script":"<script> [8489 bytes]","args":[{"element-6066-11e4-a52e-4f735466cecf":"f.1195843739892CF439726866CA7D4ED2.d.7093D136EA2E8E3D1EC8827DCBABFD0D.e.154","ELEMENT":"f.1195843739892CF439726866CA7D4ED2.d.7093D136EA2E8E3D1EC8827DCBABFD0D.e.154"}]}
COMMAND: POST /session/0631827be0a93fac797ef22e97364bed/execute/sync - {"script":"<script> [5351 bytes]","args":[{"element-6066-11e4-a52e-4f735466cecf":"f.1195843739892CF439726866CA7D4ED2.d.7093D136EA2E8E3D1EC8827DCBABFD0D.e.154","ELEMENT":"f.1195843739892CF439726866CA7D4ED2.d.7093D136EA2E8E3D1EC8827DCBABFD0D.e.154"}]}
COMMAND: GET /session/0631827be0a93fac797ef22e97364bed/screenshot - {}
RESULT: {}
RESULT: {"script":"<script> [5351 bytes]","args":[{"element-6066-11e4-a52e-4f735466cecf":"f.1195843739892CF439726866CA7D4ED2.d.7093D136EA2E8E3D1EC8827DCBABFD0D.e.154","ELEMENT":"f.1195843739892CF439726866CA7D4ED2.d.7093D136EA2E8E3D1EC8827DCBABFD0D.e.154"}]}
COMMAND: POST /session/0631827be0a93fac797ef22e97364bed/element/f.1195843739892CF439726866CA7D4ED2.d.7093D136EA2E8E3D1EC8827DCBABFD0D.e.154/click - {}
COMMAND: GET /session/0631827be0a93fac797ef22e97364bed/screenshot - {}
RESULT: {}
RESULT: {}
COMMAND: POST /session/0631827be0a93fac797ef22e97364bed/execute/async - {"script":"<script> [1562 bytes]","args":[{"selector":{"id":"createOrganizationPop--sectionInput","searchOpenDialogs":true,"interaction":{"idSuffix":"inner"}},"wdio_ui5_key":"createOrganizationPopsectionInput"}]}
COMMAND: GET /session/0631827be0a93fac797ef22e97364bed/screenshot - {}
RESULT: {}
RESULT: {"script":"<script> [1562 bytes]","args":[{"selector":{"id":"createOrganizationPop--sectionInput","searchOpenDialogs":true,"interaction":{"idSuffix":"inner"}},"wdio_ui5_key":"createOrganizationPopsectionInput"}]}
RESULT: undefined
COMMAND: POST /session/0631827be0a93fac797ef22e97364bed/execute/async - {"script":"<script> [776 bytes]","args":[{"enterText":"WHIxj51cxq13dj3bubmax0ion70xp2vurfhncf0giclfqpk4a9nlay024ewr1vzoe8qusqaj085im7pony79wdhy7ii42rncejr2pi5a3dkwehlmh0df3gmzheh46lv1ezgfyaypofahtcrb0nz7mkall4tjaz1p97g9fuogx39w3nh30wfnsytrwv2muj3sbrdp148g ... (803 more bytes)","selector":{"id":"createOrganizationPop--sectionInput","searchOpenDialogs":true,"interaction":{"idSuffix":"inner"}},"clearTextFirst":true,"interactionType":"ENTER_TEXT"}]}
RESULT: {}
RESULT: {"script":"<script> [776 bytes]","args":[{"enterText":"WHIxj51cxq13dj3bubmax0ion70xp2vurfhncf0giclfqpk4a9nlay024ewr1vzoe8qusqaj085im7pony79wdhy7ii42rncejr2pi5a3dkwehlmh0df3gmzheh46lv1ezgfyaypofahtcrb0nz7mkall4tjaz1p97g9fuogx39w3nh30wfnsytrwv2muj3sbrdp148g ... (803 more bytes)","selector":{"id":"createOrganizationPop--sectionInput","searchOpenDialogs":true,"interaction":{"idSuffix":"inner"}},"clearTextFirst":true,"interactionType":"ENTER_TEXT"}]}
COMMAND: POST /session/0631827be0a93fac797ef22e97364bed/execute/async - {"script":"<script> [1562 bytes]","args":[{"selector":{"id":"createOrganizationPop--descriptionInput","searchOpenDialogs":true,"interaction":{"idSuffix":"inner"}},"wdio_ui5_key":"createOrganizationPopdescriptionInput"}]}
RESULT: {"script":"<script> [1562 bytes]","args":[{"selector":{"id":"createOrganizationPop--descriptionInput","searchOpenDialogs":true,"interaction":{"idSuffix":"inner"}},"wdio_ui5_key":"createOrganizationPopdescriptionInput"}]}
RESULT: undefined
COMMAND: POST /session/0631827be0a93fac797ef22e97364bed/execute/async - {"script":"<script> [776 bytes]","args":[{"enterText":"WHIxj51cxq13dj3bubmax0ion70xp2vurfhncf0giclfqpk4a9nlay024ewr1vzoe8qusqaj085im7pony79wdhy7ii42rncejr2pi5a3dkwehlmh0df3gmzheh46lv1ezgfyaypofahtcrb0nz7mkall4tjaz1p97g9fuogx39w3nh30wfnsytrwv2muj3sbrdp148g ... (803 more bytes)","selector":{"id":"createOrganizationPop--descriptionInput","searchOpenDialogs":true,"interaction":{"idSuffix":"inner"}},"clearTextFirst":true,"interactionType":"ENTER_TEXT"}]}
RESULT: {"script":"<script> [776 bytes]","args":[{"enterText":"WHIxj51cxq13dj3bubmax0ion70xp2vurfhncf0giclfqpk4a9nlay024ewr1vzoe8qusqaj085im7pony79wdhy7ii42rncejr2pi5a3dkwehlmh0df3gmzheh46lv1ezgfyaypofahtcrb0nz7mkall4tjaz1p97g9fuogx39w3nh30wfnsytrwv2muj3sbrdp148g ... (803 more bytes)","selector":{"id":"createOrganizationPop--descriptionInput","searchOpenDialogs":true,"interaction":{"idSuffix":"inner"}},"clearTextFirst":true,"interactionType":"ENTER_TEXT"}]}
COMMAND: POST /session/0631827be0a93fac797ef22e97364bed/element - {"using":"css selector","value":"#createOrganizationPop--yardOrg-inner"}
RESULT: {"using":"css selector","value":"#createOrganizationPop--yardOrg-inner"}
COMMAND: POST /session/0631827be0a93fac797ef22e97364bed/element/f.1195843739892CF439726866CA7D4ED2.d.7093D136EA2E8E3D1EC8827DCBABFD0D.e.199/clear - {}
RESULT: {}
COMMAND: POST /session/0631827be0a93fac797ef22e97364bed/element/f.1195843739892CF439726866CA7D4ED2.d.7093D136EA2E8E3D1EC8827DCBABFD0D.e.199/value - {"text":"WHM"}
COMMAND: GET /session/0631827be0a93fac797ef22e97364bed/screenshot - {}
RESULT: {"text":"WHM"}
COMMAND: GET /session/0631827be0a93fac797ef22e97364bed/screenshot - {}
RESULT: {}
RESULT: {}
COMMAND: POST /session/0631827be0a93fac797ef22e97364bed/actions - {"actions":[{"id":"action1","type":"key","parameters":{},"actions":[{"type":"keyDown","value":"î€‡"},{"type":"pause","duration":10},{"type":"keyUp","value":"î€‡"}]}]}
RESULT: {"actions":[{"id":"action1","type":"key","parameters":{},"actions":[{"type":"keyDown","value":"î€‡"},{"type":"pause","duration":10},{"type":"keyUp","value":"î€‡"}]}]}
COMMAND: POST /session/0631827be0a93fac797ef22e97364bed/execute/async - {"script":"<script> [1562 bytes]","args":[{"selector":{"id":"createOrganizationPop--grZone","searchOpenDialogs":true,"interaction":{"idSuffix":"CbBg"}},"wdio_ui5_key":"createOrganizationPopgrZone"}]}
COMMAND: GET /session/0631827be0a93fac797ef22e97364bed/screenshot - {}
RESULT: {"script":"<script> [1562 bytes]","args":[{"selector":{"id":"createOrganizationPop--grZone","searchOpenDialogs":true,"interaction":{"idSuffix":"CbBg"}},"wdio_ui5_key":"createOrganizationPopgrZone"}]}
RESULT: undefined
COMMAND: POST /session/0631827be0a93fac797ef22e97364bed/element - {"using":"xpath","value":"//*[@id=\"createOrganizationPop--grZone\"]"}
RESULT: {}
RESULT: {"using":"xpath","value":"//*[@id=\"createOrganizationPop--grZone\"]"}
COMMAND: POST /session/0631827be0a93fac797ef22e97364bed/element/f.1195843739892CF439726866CA7D4ED2.d.7093D136EA2E8E3D1EC8827DCBABFD0D.e.221/click - {}
RESULT: {}
COMMAND: POST /session/0631827be0a93fac797ef22e97364bed/execute/async - {"script":"<script> [1562 bytes]","args":[{"selector":{"id":"createOrganizationPop--giZone","searchOpenDialogs":true,"interaction":{"idSuffix":"CbBg"}},"wdio_ui5_key":"createOrganizationPopgiZone"}]}
COMMAND: GET /session/0631827be0a93fac797ef22e97364bed/screenshot - {}
RESULT: {"script":"<script> [1562 bytes]","args":[{"selector":{"id":"createOrganizationPop--giZone","searchOpenDialogs":true,"interaction":{"idSuffix":"CbBg"}},"wdio_ui5_key":"createOrganizationPopgiZone"}]}
RESULT: undefined
COMMAND: POST /session/0631827be0a93fac797ef22e97364bed/element - {"using":"xpath","value":"//*[@id=\"createOrganizationPop--giZone\"]"}
RESULT: {}
RESULT: {"using":"xpath","value":"//*[@id=\"createOrganizationPop--giZone\"]"}
COMMAND: POST /session/0631827be0a93fac797ef22e97364bed/element/f.1195843739892CF439726866CA7D4ED2.d.7093D136EA2E8E3D1EC8827DCBABFD0D.e.223/click - {}
RESULT: {}
COMMAND: POST /session/0631827be0a93fac797ef22e97364bed/execute/async - {"script":"<script> [1562 bytes]","args":[{"selector":{"id":"createOrganizationPop--binNoInput","searchOpenDialogs":true,"interaction":{"idSuffix":"inner"}},"wdio_ui5_key":"createOrganizationPopbinNoInput"}]}
COMMAND: GET /session/0631827be0a93fac797ef22e97364bed/screenshot - {}
RESULT: {"script":"<script> [1562 bytes]","args":[{"selector":{"id":"createOrganizationPop--binNoInput","searchOpenDialogs":true,"interaction":{"idSuffix":"inner"}},"wdio_ui5_key":"createOrganizationPopbinNoInput"}]}
RESULT: undefined
COMMAND: POST /session/0631827be0a93fac797ef22e97364bed/execute/async - {"script":"<script> [776 bytes]","args":[{"enterText":"Bin-Wd","selector":{"id":"createOrganizationPop--binNoInput","searchOpenDialogs":true,"interaction":{"idSuffix":"inner"}},"clearTextFirst":true,"interactionType":"ENTER_TEXT"}]}
RESULT: {}
RESULT: {"script":"<script> [776 bytes]","args":[{"enterText":"Bin-Wd","selector":{"id":"createOrganizationPop--binNoInput","searchOpenDialogs":true,"interaction":{"idSuffix":"inner"}},"clearTextFirst":true,"interactionType":"ENTER_TEXT"}]}
COMMAND: POST /session/0631827be0a93fac797ef22e97364bed/execute/async - {"script":"<script> [1562 bytes]","args":[{"selector":{"id":"createOrganizationPop--descriptionId","searchOpenDialogs":true,"interaction":{"idSuffix":"inner"}},"wdio_ui5_key":"createOrganizationPopdescriptionId"}]}
RESULT: {"script":"<script> [1562 bytes]","args":[{"selector":{"id":"createOrganizationPop--descriptionId","searchOpenDialogs":true,"interaction":{"idSuffix":"inner"}},"wdio_ui5_key":"createOrganizationPopdescriptionId"}]}
RESULT: undefined
COMMAND: POST /session/0631827be0a93fac797ef22e97364bed/execute/async - {"script":"<script> [776 bytes]","args":[{"enterText":"Shipping-Wd","selector":{"id":"createOrganizationPop--descriptionId","searchOpenDialogs":true,"interaction":{"idSuffix":"inner"}},"clearTextFirst":true,"interactionType":"ENTER_TEXT"}]}
RESULT: {"script":"<script> [776 bytes]","args":[{"enterText":"Shipping-Wd","selector":{"id":"createOrganizationPop--descriptionId","searchOpenDialogs":true,"interaction":{"idSuffix":"inner"}},"clearTextFirst":true,"interactionType":"ENTER_TEXT"}]}
COMMAND: POST /session/0631827be0a93fac797ef22e97364bed/execute/async - {"script":"<script> [1562 bytes]","args":[{"selector":{"controlType":"sap.m.CheckBox","viewName":"etm.portal.ui.binstatusreport.view.MasterWareBins","viewId":"application-binstatusreport-display-component---warehousing","bindingPath":{"path":"","propertyPath":"/ZONE","modelName":"newBin"},"searchOpenDialogs":true,"interaction":{"idSuffix":"CbBg"}},"wdio_ui5_key":"etmportal.ui.binstatusreport.view.MasterWareBinssap.m.CheckBox{\"path\":\"\",\"propertyPath\":\"/ZONE\",\"modelName\":\"newBin\"}"}]}
RESULT: {"script":"<script> [1562 bytes]","args":[{"selector":{"controlType":"sap.m.CheckBox","viewName":"etm.portal.ui.binstatusreport.view.MasterWareBins","viewId":"application-binstatusreport-display-component---warehousing","bindingPath":{"path":"","propertyPath":"/ZONE","modelName":"newBin"},"searchOpenDialogs":true,"interaction":{"idSuffix":"CbBg"}},"wdio_ui5_key":"etmportal.ui.binstatusreport.view.MasterWareBinssap.m.CheckBox{\"path\":\"\",\"propertyPath\":\"/ZONE\",\"modelName\":\"newBin\"}"}]}
RESULT: undefined
COMMAND: POST /session/0631827be0a93fac797ef22e97364bed/element - {"using":"xpath","value":"//*[@id=\"__box12\"]"}
RESULT: {"using":"xpath","value":"//*[@id=\"__box12\"]"}
COMMAND: POST /session/0631827be0a93fac797ef22e97364bed/element/f.1195843739892CF439726866CA7D4ED2.d.7093D136EA2E8E3D1EC8827DCBABFD0D.e.227/click - {}
RESULT: {}
COMMAND: POST /session/0631827be0a93fac797ef22e97364bed/execute/async - {"script":"<script> [1562 bytes]","args":[{"selector":{"id":"createOrganizationPop--binTypesCB-arrow","searchOpenDialogs":true},"wdio_ui5_key":"createOrganizationPopbinTypesCB-arrow"}]}
COMMAND: GET /session/0631827be0a93fac797ef22e97364bed/screenshot - {}
RESULT: {"script":"<script> [1562 bytes]","args":[{"selector":{"id":"createOrganizationPop--binTypesCB-arrow","searchOpenDialogs":true},"wdio_ui5_key":"createOrganizationPopbinTypesCB-arrow"}]}
RESULT: undefined
COMMAND: POST /session/0631827be0a93fac797ef22e97364bed/element - {"using":"xpath","value":"//*[@id=\"createOrganizationPop--binTypesCB-arrow\"]"}
RESULT: {}
RESULT: {"using":"xpath","value":"//*[@id=\"createOrganizationPop--binTypesCB-arrow\"]"}
COMMAND: POST /session/0631827be0a93fac797ef22e97364bed/element/f.1195843739892CF439726866CA7D4ED2.d.7093D136EA2E8E3D1EC8827DCBABFD0D.e.228/click - {}
RESULT: {}
COMMAND: POST /session/0631827be0a93fac797ef22e97364bed/execute/async - {"script":"<script> [1562 bytes]","args":[{"selector":{"id":"createOrganizationPop--binTypesCB","searchOpenDialogs":true,"interaction":{"idSuffix":"inner"}},"wdio_ui5_key":"createOrganizationPopbinTypesCB"}]}
COMMAND: GET /session/0631827be0a93fac797ef22e97364bed/screenshot - {}
RESULT: {"script":"<script> [1562 bytes]","args":[{"selector":{"id":"createOrganizationPop--binTypesCB","searchOpenDialogs":true,"interaction":{"idSuffix":"inner"}},"wdio_ui5_key":"createOrganizationPopbinTypesCB"}]}
RESULT: undefined
COMMAND: POST /session/0631827be0a93fac797ef22e97364bed/execute/async - {"script":"<script> [776 bytes]","args":[{"enterText":"1 - General / No capacity check","selector":{"id":"createOrganizationPop--binTypesCB","searchOpenDialogs":true,"interaction":{"idSuffix":"inner"}},"clearTextFirst":true,"interactionType":"ENTER_TEXT"}]}
RESULT: {}
RESULT: {"script":"<script> [776 bytes]","args":[{"enterText":"1 - General / No capacity check","selector":{"id":"createOrganizationPop--binTypesCB","searchOpenDialogs":true,"interaction":{"idSuffix":"inner"}},"clearTextFirst":true,"interactionType":"ENTER_TEXT"}]}
COMMAND: POST /session/0631827be0a93fac797ef22e97364bed/actions - {"actions":[{"id":"action2","type":"key","parameters":{},"actions":[{"type":"keyDown","value":"î€‡"},{"type":"pause","duration":10},{"type":"keyUp","value":"î€‡"}]}]}
RESULT: {"actions":[{"id":"action2","type":"key","parameters":{},"actions":[{"type":"keyDown","value":"î€‡"},{"type":"pause","duration":10},{"type":"keyUp","value":"î€‡"}]}]}
COMMAND: GET /session/0631827be0a93fac797ef22e97364bed/screenshot - {}
RESULT: {}
COMMAND: POST /session/0631827be0a93fac797ef22e97364bed/execute/async - {"script":"<script> [1562 bytes]","args":[{"selector":{"id":"createOrganizationPop--finishBtn","searchOpenDialogs":true,"interaction":{"idSuffix":"BDI-content"}},"wdio_ui5_key":"createOrganizationPopfinishBtn"}]}
RESULT: {"script":"<script> [1562 bytes]","args":[{"selector":{"id":"createOrganizationPop--finishBtn","searchOpenDialogs":true,"interaction":{"idSuffix":"BDI-content"}},"wdio_ui5_key":"createOrganizationPopfinishBtn"}]}
RESULT: undefined
COMMAND: POST /session/0631827be0a93fac797ef22e97364bed/element - {"using":"xpath","value":"//*[@id=\"createOrganizationPop--finishBtn\"]"}
RESULT: {"using":"xpath","value":"//*[@id=\"createOrganizationPop--finishBtn\"]"}
COMMAND: POST /session/0631827be0a93fac797ef22e97364bed/element/f.1195843739892CF439726866CA7D4ED2.d.7093D136EA2E8E3D1EC8827DCBABFD0D.e.231/click - {}
RESULT: {}
COMMAND: POST /session/0631827be0a93fac797ef22e97364bed/element - {"using":"css selector","value":"#j_username"}
COMMAND: POST /session/0631827be0a93fac797ef22e97364bed/url - {"url":"https://qa-testing-00-live-etm-ui.cfapps.eu10-004.hana.ondemand.com/"}
COMMAND: GET /session/0631827be0a93fac797ef22e97364bed/screenshot - {}
RESULT: {"using":"css selector","value":"#j_username"}
COMMAND: POST /session/0631827be0a93fac797ef22e97364bed/element - {"using":"css selector","value":"#j_username"}
RESULT: {"url":"https://qa-testing-00-live-etm-ui.cfapps.eu10-004.hana.ondemand.com/"}
RESULT: undefined
COMMAND: GET /session/0631827be0a93fac797ef22e97364bed/screenshot - {}
RESULT: {}
RESULT: {"using":"css selector","value":"#j_username"}
COMMAND: POST /session/0631827be0a93fac797ef22e97364bed/element - {"using":"css selector","value":"#shell-header-logo"}
RESULT: {}
RESULT: {"using":"css selector","value":"#shell-header-logo"}
COMMAND: POST /session/0631827be0a93fac797ef22e97364bed/execute/sync - {"script":"<script> [8489 bytes]","args":[{"element-6066-11e4-a52e-4f735466cecf":"f.1195843739892CF439726866CA7D4ED2.d.3B53F1E6F7AE72ABE91B8774B1C0854F.e.244","ELEMENT":"f.1195843739892CF439726866CA7D4ED2.d.3B53F1E6F7AE72ABE91B8774B1C0854F.e.244"}]}
RESULT: {"script":"<script> [8489 bytes]","args":[{"element-6066-11e4-a52e-4f735466cecf":"f.1195843739892CF439726866CA7D4ED2.d.3B53F1E6F7AE72ABE91B8774B1C0854F.e.244","ELEMENT":"f.1195843739892CF439726866CA7D4ED2.d.3B53F1E6F7AE72ABE91B8774B1C0854F.e.244"}]}
COMMAND: POST /session/0631827be0a93fac797ef22e97364bed/element - {"using":"css selector","value":"#shell-header-logo"}
COMMAND: GET /session/0631827be0a93fac797ef22e97364bed/screenshot - {}
RESULT: {"using":"css selector","value":"#shell-header-logo"}
COMMAND: POST /session/0631827be0a93fac797ef22e97364bed/execute/sync - {"script":"<script> [8489 bytes]","args":[{"element-6066-11e4-a52e-4f735466cecf":"f.1195843739892CF439726866CA7D4ED2.d.3B53F1E6F7AE72ABE91B8774B1C0854F.e.244","ELEMENT":"f.1195843739892CF439726866CA7D4ED2.d.3B53F1E6F7AE72ABE91B8774B1C0854F.e.244"}]}
RESULT: {}
RESULT: {"script":"<script> [8489 bytes]","args":[{"element-6066-11e4-a52e-4f735466cecf":"f.1195843739892CF439726866CA7D4ED2.d.3B53F1E6F7AE72ABE91B8774B1C0854F.e.244","ELEMENT":"f.1195843739892CF439726866CA7D4ED2.d.3B53F1E6F7AE72ABE91B8774B1C0854F.e.244"}]}
COMMAND: POST /session/0631827be0a93fac797ef22e97364bed/execute/sync - {"script":"<script> [5351 bytes]","args":[{"element-6066-11e4-a52e-4f735466cecf":"f.1195843739892CF439726866CA7D4ED2.d.3B53F1E6F7AE72ABE91B8774B1C0854F.e.244","ELEMENT":"f.1195843739892CF439726866CA7D4ED2.d.3B53F1E6F7AE72ABE91B8774B1C0854F.e.244"}]}
COMMAND: GET /session/0631827be0a93fac797ef22e97364bed/screenshot - {}
RESULT: {}
RESULT: {"script":"<script> [5351 bytes]","args":[{"element-6066-11e4-a52e-4f735466cecf":"f.1195843739892CF439726866CA7D4ED2.d.3B53F1E6F7AE72ABE91B8774B1C0854F.e.244","ELEMENT":"f.1195843739892CF439726866CA7D4ED2.d.3B53F1E6F7AE72ABE91B8774B1C0854F.e.244"}]}
COMMAND: POST /session/0631827be0a93fac797ef22e97364bed/element - {"using":"css selector","value":"#shell-header-logo"}
COMMAND: GET /session/0631827be0a93fac797ef22e97364bed/screenshot - {}
RESULT: {"using":"css selector","value":"#shell-header-logo"}
COMMAND: POST /session/0631827be0a93fac797ef22e97364bed/element/f.1195843739892CF439726866CA7D4ED2.d.3B53F1E6F7AE72ABE91B8774B1C0854F.e.244/click - {}
RESULT: {}
RESULT: {}
COMMAND: GET /session/0631827be0a93fac797ef22e97364bed/screenshot - {}
RESULT: {}
COMMAND: POST /session/0631827be0a93fac797ef22e97364bed/execute/async - {"script":"<script> [189 bytes]","args":[]}
RESULT: {"script":"<script> [189 bytes]","args":[]}
COMMAND: POST /session/0631827be0a93fac797ef22e97364bed/execute/async - {"script":"<script> [123 bytes]","args":[]}
RESULT: {"script":"<script> [123 bytes]","args":[]}
COMMAND: POST /session/0631827be0a93fac797ef22e97364bed/timeouts - {"script":"<number>"}
RESULT: {"script":"<number>"}
COMMAND: GET /session/0631827be0a93fac797ef22e97364bed/timeouts - {}
RESULT: {}
RESULT: undefined
COMMAND: POST /session/0631827be0a93fac797ef22e97364bed/execute/async - {"script":"<script> [2676 bytes]","args":[]}
RESULT: {"script":"<script> [2676 bytes]","args":[]}
COMMAND: POST /session/0631827be0a93fac797ef22e97364bed/execute/async - {"script":"<script> [2342 bytes]","args":[{"protocol":"http","hostname":"0.0.0.0","path":"/","capabilities":{"browserName":"chrome","goog:chromeOptions":{"binary":"C:\\Program Files\\Google\\Chrome\\Application\\chrome.exe","args":["--start-maximized"]}},"logLevel":"warn","connectionRetryTimeout":120000,"connectionRetryCount":3,"logLevels":{},"enableDirectConnect":true,"strictSSL":true,"_":"65 more keys: [\"cacheDir\",\"port\",\"requestedCapabilities\",\"automationProtocol\",\"baseUrl\",\"waitforInterval\",\"waitforTimeout\",\"onReload\",\"beforeCommand\",\"afterCommand\",\"rootDir\",\"specs\",\"suites\",\"exclude\",\"groupLogsByTestSpec\",\"excludeDriverLogs\",\"bail\",\"framework\",\"reporters\",\"services\",\"maxInstances\",\"maxInstancesPerCapability\",\"injectGlobals\",\"filesToWatch\",\"execArgv\",\"runnerEnv\",\"runner\",\"shard\",\"specFileRetries\",\"specFileRetriesDelay\",\"specFileRetriesDeferred\",\"reporterSyncInterval\",\"reporterSyncTimeout\",\"cucumberFeaturesWithLineNumbers\",\"autoCompileOpts\",\"mochaOpts\",\"jasmineOpts\",\"cucumberOpts\",\"onPrepare\",\"onWorkerStart\",\"onWorkerEnd\",\"before\",\"beforeSession\",\"beforeSuite\",\"beforeHook\",\"beforeTest\",\"afterTest\",\"afterHook\",\"afterSuite\",\"afterSession\",\"after\",\"onComplete\",\"beforeAssertion\",\"afterAssertion\",\"beforeFeature\",\"beforeScenario\",\"beforeStep\",\"afterStep\",\"afterScenario\",\"afterFeature\",\"_\",\"suite\",\"$0\",\"ignoredWorkerServices\",\"wdi5\"]"}]}
RESULT: {"script":"<script> [2342 bytes]","args":[{"protocol":"http","hostname":"0.0.0.0","path":"/","capabilities":{"browserName":"chrome","goog:chromeOptions":{"binary":"C:\\Program Files\\Google\\Chrome\\Application\\chrome.exe","args":["--start-maximized"]}},"logLevel":"warn","connectionRetryTimeout":120000,"connectionRetryCount":3,"logLevels":{},"enableDirectConnect":true,"strictSSL":true,"_":"65 more keys: [\"cacheDir\",\"port\",\"requestedCapabilities\",\"automationProtocol\",\"baseUrl\",\"waitforInterval\",\"waitforTimeout\",\"onReload\",\"beforeCommand\",\"afterCommand\",\"rootDir\",\"specs\",\"suites\",\"exclude\",\"groupLogsByTestSpec\",\"excludeDriverLogs\",\"bail\",\"framework\",\"reporters\",\"services\",\"maxInstances\",\"maxInstancesPerCapability\",\"injectGlobals\",\"filesToWatch\",\"execArgv\",\"runnerEnv\",\"runner\",\"shard\",\"specFileRetries\",\"specFileRetriesDelay\",\"specFileRetriesDeferred\",\"reporterSyncInterval\",\"reporterSyncTimeout\",\"cucumberFeaturesWithLineNumbers\",\"autoCompileOpts\",\"mochaOpts\",\"jasmineOpts\",\"cucumberOpts\",\"onPrepare\",\"onWorkerStart\",\"onWorkerEnd\",\"before\",\"beforeSession\",\"beforeSuite\",\"beforeHook\",\"beforeTest\",\"afterTest\",\"afterHook\",\"afterSuite\",\"afterSession\",\"after\",\"onComplete\",\"beforeAssertion\",\"afterAssertion\",\"beforeFeature\",\"beforeScenario\",\"beforeStep\",\"afterStep\",\"afterScenario\",\"afterFeature\",\"_\",\"suite\",\"$0\",\"ignoredWorkerServices\",\"wdi5\"]"}]}
COMMAND: POST /session/0631827be0a93fac797ef22e97364bed/execute/async - {"script":"<script> [21126 bytes]","args":[35000]}
RESULT: {"script":"<script> [21126 bytes]","args":[35000]}
COMMAND: POST /session/0631827be0a93fac797ef22e97364bed/window/maximize - {}
RESULT: {}
COMMAND: POST /session/0631827be0a93fac797ef22e97364bed/execute/async - {"script":"<script> [1562 bytes]","args":[{"selector":{"id":"shell-header","interaction":{"idSuffix":"icon"}},"wdio_ui5_key":"shellheader"}]}
COMMAND: GET /session/0631827be0a93fac797ef22e97364bed/screenshot - {}
RESULT: {"script":"<script> [1562 bytes]","args":[{"selector":{"id":"shell-header","interaction":{"idSuffix":"icon"}},"wdio_ui5_key":"shellheader"}]}
RESULT: undefined
]]></system-out>
    </testcase>
  </testsuite>
  <testsuite timestamp="2025-04-30T16:21:33" time="786.726" tests="8" failures="0" errors="0" skipped="0">
    <properties>
      <property name="specId" value="0" />
      <property name="suiteName" value="Stock increase - with WHM US125587" />
      <property name="capabilities" value="chrome.135_0_7049_96.windows" />
      <property name="file" value="file:///D:/a/1/s/test/specs/HTR/stock-increase.spec.js" />
    </properties>
    <testcase classname="chrome.135_0_7049_96.windows.Stock_increase_-_with_WHM_US125587" name="Should create a WHM yard" time="92.261">
      <system-out><![CDATA[
COMMAND: POST /session/0631827be0a93fac797ef22e97364bed/element - {"using":"css selector","value":"#shell-header-logo"}
RESULT: {}
RESULT: {"using":"css selector","value":"#shell-header-logo"}
COMMAND: POST /session/0631827be0a93fac797ef22e97364bed/element/f.1195843739892CF439726866CA7D4ED2.d.3B53F1E6F7AE72ABE91B8774B1C0854F.e.244/click - {}
RESULT: {}
COMMAND: GET /session/0631827be0a93fac797ef22e97364bed/screenshot - {}
RESULT: {}
COMMAND: POST /session/0631827be0a93fac797ef22e97364bed/execute/async - {"script":"<script> [1562 bytes]","args":[{"selector":{"controlType":"sap.m.GenericTile","properties":{"header":"Manage Yards"}},"wdio_ui5_key":"sapm.GenericTile{\"header\":\"Manage Yards\"}"}]}
RESULT: {"script":"<script> [1562 bytes]","args":[{"selector":{"controlType":"sap.m.GenericTile","properties":{"header":"Manage Yards"}},"wdio_ui5_key":"sapm.GenericTile{\"header\":\"Manage Yards\"}"}]}
RESULT: undefined
COMMAND: POST /session/0631827be0a93fac797ef22e97364bed/element - {"using":"xpath","value":"//*[@id=\"__tile41\"]"}
RESULT: {"using":"xpath","value":"//*[@id=\"__tile41\"]"}
COMMAND: POST /session/0631827be0a93fac797ef22e97364bed/element/f.1195843739892CF439726866CA7D4ED2.d.3B53F1E6F7AE72ABE91B8774B1C0854F.e.254/click - {}
RESULT: {}
COMMAND: GET /session/0631827be0a93fac797ef22e97364bed/screenshot - {}
RESULT: {}
COMMAND: POST /session/0631827be0a93fac797ef22e97364bed/execute/async - {"script":"<script> [1562 bytes]","args":[{"selector":{"controlType":"sap.ui.core.Icon","viewName":"etm.portal.ui.manageyards.view.Master","viewId":"application-manageyards-display-component---masterYard","properties":{"src":{"regex":{"source":"add"}}}},"wdio_ui5_key":"etmportal.ui.manageyards.view.Mastersap.ui.core.Icon{\"src\":{\"regex\":{\"source\":\"add\"}}}"}]}
RESULT: {"script":"<script> [1562 bytes]","args":[{"selector":{"controlType":"sap.ui.core.Icon","viewName":"etm.portal.ui.manageyards.view.Master","viewId":"application-manageyards-display-component---masterYard","properties":{"src":{"regex":{"source":"add"}}}},"wdio_ui5_key":"etmportal.ui.manageyards.view.Mastersap.ui.core.Icon{\"src\":{\"regex\":{\"source\":\"add\"}}}"}]}
RESULT: undefined
COMMAND: POST /session/0631827be0a93fac797ef22e97364bed/element - {"using":"xpath","value":"//*[@id=\"__button4-img\"]"}
RESULT: {"using":"xpath","value":"//*[@id=\"__button4-img\"]"}
COMMAND: POST /session/0631827be0a93fac797ef22e97364bed/element/f.1195843739892CF439726866CA7D4ED2.d.3B53F1E6F7AE72ABE91B8774B1C0854F.e.303/click - {}
RESULT: {}
COMMAND: GET /session/0631827be0a93fac797ef22e97364bed/screenshot - {}
RESULT: {}
COMMAND: POST /session/0631827be0a93fac797ef22e97364bed/execute/async - {"script":"<script> [1562 bytes]","args":[{"selector":{"id":"application-manageyards-display-component---NewYard--yardId","interaction":{"idSuffix":"inner"}},"wdio_ui5_key":"applicationmanageyards-display-component---NewYard--yardId"}]}
RESULT: {"script":"<script> [1562 bytes]","args":[{"selector":{"id":"application-manageyards-display-component---NewYard--yardId","interaction":{"idSuffix":"inner"}},"wdio_ui5_key":"applicationmanageyards-display-component---NewYard--yardId"}]}
RESULT: undefined
COMMAND: POST /session/0631827be0a93fac797ef22e97364bed/element - {"using":"xpath","value":"//*[@id=\"application-manageyards-display-component---NewYard--addressDetailDetailsName1-inner\"]"}
RESULT: {"using":"xpath","value":"//*[@id=\"application-manageyards-display-component---NewYard--addressDetailDetailsName1-inner\"]"}
COMMAND: POST /session/0631827be0a93fac797ef22e97364bed/element/f.1195843739892CF439726866CA7D4ED2.d.3B53F1E6F7AE72ABE91B8774B1C0854F.e.516/clear - {}
RESULT: {}
COMMAND: POST /session/0631827be0a93fac797ef22e97364bed/element/f.1195843739892CF439726866CA7D4ED2.d.3B53F1E6F7AE72ABE91B8774B1C0854F.e.516/value - {"text":"WebdriverWHMYardatvfm"}
COMMAND: GET /session/0631827be0a93fac797ef22e97364bed/screenshot - {}
RESULT: {"text":"WebdriverWHMYardatvfm"}
COMMAND: POST /session/0631827be0a93fac797ef22e97364bed/element - {"using":"xpath","value":"//*[@id=\"application-manageyards-display-component---NewYard--addressDetailDetailsLanguage-inner\"]"}
COMMAND: GET /session/0631827be0a93fac797ef22e97364bed/screenshot - {}
RESULT: {}
RESULT: {"using":"xpath","value":"//*[@id=\"application-manageyards-display-component---NewYard--addressDetailDetailsLanguage-inner\"]"}
COMMAND: POST /session/0631827be0a93fac797ef22e97364bed/element/f.1195843739892CF439726866CA7D4ED2.d.3B53F1E6F7AE72ABE91B8774B1C0854F.e.517/clear - {}
RESULT: {}
RESULT: {}
COMMAND: POST /session/0631827be0a93fac797ef22e97364bed/element/f.1195843739892CF439726866CA7D4ED2.d.3B53F1E6F7AE72ABE91B8774B1C0854F.e.517/value - {"text":"Romanian"}
COMMAND: GET /session/0631827be0a93fac797ef22e97364bed/screenshot - {}
RESULT: {}
RESULT: {"text":"Romanian"}
COMMAND: GET /session/0631827be0a93fac797ef22e97364bed/screenshot - {}
RESULT: {}
COMMAND: POST /session/0631827be0a93fac797ef22e97364bed/element - {"using":"xpath","value":"//*[@id=\"application-manageyards-display-component---NewYard--addressDetailDetailsCity1-inner\"]"}
RESULT: {"using":"xpath","value":"//*[@id=\"application-manageyards-display-component---NewYard--addressDetailDetailsCity1-inner\"]"}
COMMAND: POST /session/0631827be0a93fac797ef22e97364bed/element/f.1195843739892CF439726866CA7D4ED2.d.3B53F1E6F7AE72ABE91B8774B1C0854F.e.519/clear - {}
RESULT: {}
COMMAND: POST /session/0631827be0a93fac797ef22e97364bed/element/f.1195843739892CF439726866CA7D4ED2.d.3B53F1E6F7AE72ABE91B8774B1C0854F.e.519/value - {"text":"Bucuresti"}
COMMAND: GET /session/0631827be0a93fac797ef22e97364bed/screenshot - {}
RESULT: {"text":"Bucuresti"}
COMMAND: GET /session/0631827be0a93fac797ef22e97364bed/screenshot - {}
RESULT: {}
RESULT: {}
COMMAND: POST /session/0631827be0a93fac797ef22e97364bed/element - {"using":"xpath","value":"//*[@id=\"application-manageyards-display-component---NewYard--addressDetailDetailsCountry-inner\"]"}
RESULT: {"using":"xpath","value":"//*[@id=\"application-manageyards-display-component---NewYard--addressDetailDetailsCountry-inner\"]"}
COMMAND: POST /session/0631827be0a93fac797ef22e97364bed/element/f.1195843739892CF439726866CA7D4ED2.d.3B53F1E6F7AE72ABE91B8774B1C0854F.e.523/clear - {}
RESULT: {}
COMMAND: POST /session/0631827be0a93fac797ef22e97364bed/element/f.1195843739892CF439726866CA7D4ED2.d.3B53F1E6F7AE72ABE91B8774B1C0854F.e.523/value - {"text":"Romania"}
COMMAND: GET /session/0631827be0a93fac797ef22e97364bed/screenshot - {}
RESULT: {"text":"Romania"}
COMMAND: GET /session/0631827be0a93fac797ef22e97364bed/screenshot - {}
RESULT: {}
RESULT: {}
COMMAND: POST /session/0631827be0a93fac797ef22e97364bed/execute/async - {"script":"<script> [1562 bytes]","args":[{"selector":{"controlType":"sap.m.Button","viewName":"etm.portal.ui.manageyards.view.New","viewId":"application-manageyards-display-component---NewYard","properties":{"text":"Commercial"},"interaction":{"idSuffix":"BDI-content"}},"wdio_ui5_key":"etmportal.ui.manageyards.view.Newsap.m.Button{\"text\":\"Commercial\"}"}]}
RESULT: {"script":"<script> [1562 bytes]","args":[{"selector":{"controlType":"sap.m.Button","viewName":"etm.portal.ui.manageyards.view.New","viewId":"application-manageyards-display-component---NewYard","properties":{"text":"Commercial"},"interaction":{"idSuffix":"BDI-content"}},"wdio_ui5_key":"etmportal.ui.manageyards.view.Newsap.m.Button{\"text\":\"Commercial\"}"}]}
RESULT: undefined
COMMAND: POST /session/0631827be0a93fac797ef22e97364bed/element - {"using":"xpath","value":"//*[@id=\"application-manageyards-display-component---NewYard--ObjectPageLayout-anchBar-__section5-anchor\"]"}
RESULT: {"using":"xpath","value":"//*[@id=\"application-manageyards-display-component---NewYard--ObjectPageLayout-anchBar-__section5-anchor\"]"}
COMMAND: POST /session/0631827be0a93fac797ef22e97364bed/element/f.1195843739892CF439726866CA7D4ED2.d.3B53F1E6F7AE72ABE91B8774B1C0854F.e.712/click - {}
RESULT: {}
COMMAND: GET /session/0631827be0a93fac797ef22e97364bed/screenshot - {}
RESULT: {}
COMMAND: POST /session/0631827be0a93fac797ef22e97364bed/element - {"using":"xpath","value":"//input[@id='application-manageyards-display-component---NewYard--addressEditDetailsCostObjectCstType-inner']"}
RESULT: {"using":"xpath","value":"//input[@id='application-manageyards-display-component---NewYard--addressEditDetailsCostObjectCstType-inner']"}
COMMAND: POST /session/0631827be0a93fac797ef22e97364bed/execute/sync - {"script":"<script> [8489 bytes]","args":[{"element-6066-11e4-a52e-4f735466cecf":"f.1195843739892CF439726866CA7D4ED2.d.3B53F1E6F7AE72ABE91B8774B1C0854F.e.529","ELEMENT":"f.1195843739892CF439726866CA7D4ED2.d.3B53F1E6F7AE72ABE91B8774B1C0854F.e.529"}]}
RESULT: {"script":"<script> [8489 bytes]","args":[{"element-6066-11e4-a52e-4f735466cecf":"f.1195843739892CF439726866CA7D4ED2.d.3B53F1E6F7AE72ABE91B8774B1C0854F.e.529","ELEMENT":"f.1195843739892CF439726866CA7D4ED2.d.3B53F1E6F7AE72ABE91B8774B1C0854F.e.529"}]}
COMMAND: POST /session/0631827be0a93fac797ef22e97364bed/element/f.1195843739892CF439726866CA7D4ED2.d.3B53F1E6F7AE72ABE91B8774B1C0854F.e.529/clear - {}
COMMAND: GET /session/0631827be0a93fac797ef22e97364bed/screenshot - {}
RESULT: {}
COMMAND: POST /session/0631827be0a93fac797ef22e97364bed/element/f.1195843739892CF439726866CA7D4ED2.d.3B53F1E6F7AE72ABE91B8774B1C0854F.e.529/value - {"text":"Cost"}
COMMAND: GET /session/0631827be0a93fac797ef22e97364bed/screenshot - {}
RESULT: {}
RESULT: {"text":"Cost"}
COMMAND: GET /session/0631827be0a93fac797ef22e97364bed/screenshot - {}
RESULT: {}
RESULT: {}
COMMAND: POST /session/0631827be0a93fac797ef22e97364bed/execute/async - {"script":"<script> [1562 bytes]","args":[{"selector":{"id":"application-manageyards-display-component---NewYard--addressNewCostObjectCstID","interaction":{"idSuffix":"inner"}},"wdio_ui5_key":"applicationmanageyards-display-component---NewYard--addressNewCostObjectCstID"}]}
RESULT: {"script":"<script> [1562 bytes]","args":[{"selector":{"id":"application-manageyards-display-component---NewYard--addressNewCostObjectCstID","interaction":{"idSuffix":"inner"}},"wdio_ui5_key":"applicationmanageyards-display-component---NewYard--addressNewCostObjectCstID"}]}
RESULT: undefined
COMMAND: POST /session/0631827be0a93fac797ef22e97364bed/execute/async - {"script":"<script> [776 bytes]","args":[{"enterText":"10001013","selector":{"id":"application-manageyards-display-component---NewYard--addressNewCostObjectCstID","interaction":{"idSuffix":"inner"}},"clearTextFirst":true,"interactionType":"ENTER_TEXT"}]}
RESULT: {"script":"<script> [776 bytes]","args":[{"enterText":"10001013","selector":{"id":"application-manageyards-display-component---NewYard--addressNewCostObjectCstID","interaction":{"idSuffix":"inner"}},"clearTextFirst":true,"interactionType":"ENTER_TEXT"}]}
COMMAND: POST /session/0631827be0a93fac797ef22e97364bed/actions - {"actions":[{"id":"action3","type":"key","parameters":{},"actions":[{"type":"keyDown","value":"î€‡"},{"type":"pause","duration":10},{"type":"keyUp","value":"î€‡"}]}]}
RESULT: {"actions":[{"id":"action3","type":"key","parameters":{},"actions":[{"type":"keyDown","value":"î€‡"},{"type":"pause","duration":10},{"type":"keyUp","value":"î€‡"}]}]}
COMMAND: POST /session/0631827be0a93fac797ef22e97364bed/execute/async - {"script":"<script> [1562 bytes]","args":[{"selector":{"id":"application-manageyards-display-component---NewYard--addressEditDetailsCurrency","interaction":{"idSuffix":"inner"}},"wdio_ui5_key":"applicationmanageyards-display-component---NewYard--addressEditDetailsCurrency"}]}
COMMAND: GET /session/0631827be0a93fac797ef22e97364bed/screenshot - {}
RESULT: {"script":"<script> [1562 bytes]","args":[{"selector":{"id":"application-manageyards-display-component---NewYard--addressEditDetailsCurrency","interaction":{"idSuffix":"inner"}},"wdio_ui5_key":"applicationmanageyards-display-component---NewYard--addressEditDetailsCurrency"}]}
RESULT: undefined
COMMAND: POST /session/0631827be0a93fac797ef22e97364bed/execute/async - {"script":"<script> [776 bytes]","args":[{"enterText":"Euro","selector":{"id":"application-manageyards-display-component---NewYard--addressEditDetailsCurrency","interaction":{"idSuffix":"inner"}},"clearTextFirst":true,"interactionType":"ENTER_TEXT"}]}
RESULT: {}
RESULT: {"script":"<script> [776 bytes]","args":[{"enterText":"Euro","selector":{"id":"application-manageyards-display-component---NewYard--addressEditDetailsCurrency","interaction":{"idSuffix":"inner"}},"clearTextFirst":true,"interactionType":"ENTER_TEXT"}]}
COMMAND: POST /session/0631827be0a93fac797ef22e97364bed/execute/async - {"script":"<script> [1562 bytes]","args":[{"selector":{"controlType":"sap.m.Input","viewName":"etm.portal.ui.manageyards.view.New","viewId":"application-manageyards-display-component---NewYard","bindingPath":{"path":"","propertyPath":"/CONTROLLING_AREA","modelName":"NewYardModel"},"interaction":{"idSuffix":"inner"}},"wdio_ui5_key":"etmportal.ui.manageyards.view.Newsap.m.Input{\"path\":\"\",\"propertyPath\":\"/CONTROLLING_AREA\",\"modelName\":\"NewYardModel\"}"}]}
RESULT: {"script":"<script> [1562 bytes]","args":[{"selector":{"controlType":"sap.m.Input","viewName":"etm.portal.ui.manageyards.view.New","viewId":"application-manageyards-display-component---NewYard","bindingPath":{"path":"","propertyPath":"/CONTROLLING_AREA","modelName":"NewYardModel"},"interaction":{"idSuffix":"inner"}},"wdio_ui5_key":"etmportal.ui.manageyards.view.Newsap.m.Input{\"path\":\"\",\"propertyPath\":\"/CONTROLLING_AREA\",\"modelName\":\"NewYardModel\"}"}]}
RESULT: undefined
COMMAND: POST /session/0631827be0a93fac797ef22e97364bed/execute/async - {"script":"<script> [776 bytes]","args":[{"enterText":"Z001","selector":{"controlType":"sap.m.Input","viewName":"etm.portal.ui.manageyards.view.New","viewId":"application-manageyards-display-component---NewYard","bindingPath":{"path":"","propertyPath":"/CONTROLLING_AREA","modelName":"NewYardModel"},"interaction":{"idSuffix":"inner"}},"clearTextFirst":true,"interactionType":"ENTER_TEXT"}]}
RESULT: {"script":"<script> [776 bytes]","args":[{"enterText":"Z001","selector":{"controlType":"sap.m.Input","viewName":"etm.portal.ui.manageyards.view.New","viewId":"application-manageyards-display-component---NewYard","bindingPath":{"path":"","propertyPath":"/CONTROLLING_AREA","modelName":"NewYardModel"},"interaction":{"idSuffix":"inner"}},"clearTextFirst":true,"interactionType":"ENTER_TEXT"}]}
COMMAND: POST /session/0631827be0a93fac797ef22e97364bed/execute/async - {"script":"<script> [1562 bytes]","args":[{"selector":{"id":"application-manageyards-display-component---NewYard--companyCodeComboBox","interaction":{"idSuffix":"inner"}},"wdio_ui5_key":"applicationmanageyards-display-component---NewYard--companyCodeComboBox"}]}
RESULT: {"script":"<script> [1562 bytes]","args":[{"selector":{"id":"application-manageyards-display-component---NewYard--companyCodeComboBox","interaction":{"idSuffix":"inner"}},"wdio_ui5_key":"applicationmanageyards-display-component---NewYard--companyCodeComboBox"}]}
RESULT: undefined
COMMAND: POST /session/0631827be0a93fac797ef22e97364bed/execute/async - {"script":"<script> [776 bytes]","args":[{"enterText":"1000","selector":{"id":"application-manageyards-display-component---NewYard--companyCodeComboBox","interaction":{"idSuffix":"inner"}},"clearTextFirst":true,"interactionType":"ENTER_TEXT"}]}
RESULT: {"script":"<script> [776 bytes]","args":[{"enterText":"1000","selector":{"id":"application-manageyards-display-component---NewYard--companyCodeComboBox","interaction":{"idSuffix":"inner"}},"clearTextFirst":true,"interactionType":"ENTER_TEXT"}]}
COMMAND: POST /session/0631827be0a93fac797ef22e97364bed/actions - {"actions":[{"id":"action4","type":"key","parameters":{},"actions":[{"type":"keyDown","value":"î€‡"},{"type":"pause","duration":10},{"type":"keyUp","value":"î€‡"}]}]}
RESULT: {"actions":[{"id":"action4","type":"key","parameters":{},"actions":[{"type":"keyDown","value":"î€‡"},{"type":"pause","duration":10},{"type":"keyUp","value":"î€‡"}]}]}
COMMAND: POST /session/0631827be0a93fac797ef22e97364bed/execute/async - {"script":"<script> [1562 bytes]","args":[{"selector":{"controlType":"sap.m.Input","viewName":"etm.portal.ui.manageyards.view.New","viewId":"application-manageyards-display-component---NewYard","bindingPath":{"path":"","propertyPath":"/PLANT","modelName":"NewYardModel"},"interaction":{"idSuffix":"inner"}},"wdio_ui5_key":"etmportal.ui.manageyards.view.Newsap.m.Input{\"path\":\"\",\"propertyPath\":\"/PLANT\",\"modelName\":\"NewYardModel\"}"}]}
COMMAND: GET /session/0631827be0a93fac797ef22e97364bed/screenshot - {}
RESULT: {"script":"<script> [1562 bytes]","args":[{"selector":{"controlType":"sap.m.Input","viewName":"etm.portal.ui.manageyards.view.New","viewId":"application-manageyards-display-component---NewYard","bindingPath":{"path":"","propertyPath":"/PLANT","modelName":"NewYardModel"},"interaction":{"idSuffix":"inner"}},"wdio_ui5_key":"etmportal.ui.manageyards.view.Newsap.m.Input{\"path\":\"\",\"propertyPath\":\"/PLANT\",\"modelName\":\"NewYardModel\"}"}]}
RESULT: undefined
COMMAND: POST /session/0631827be0a93fac797ef22e97364bed/execute/async - {"script":"<script> [776 bytes]","args":[{"enterText":"1001","selector":{"controlType":"sap.m.Input","viewName":"etm.portal.ui.manageyards.view.New","viewId":"application-manageyards-display-component---NewYard","bindingPath":{"path":"","propertyPath":"/PLANT","modelName":"NewYardModel"},"interaction":{"idSuffix":"inner"}},"clearTextFirst":true,"interactionType":"ENTER_TEXT"}]}
RESULT: {}
RESULT: {"script":"<script> [776 bytes]","args":[{"enterText":"1001","selector":{"controlType":"sap.m.Input","viewName":"etm.portal.ui.manageyards.view.New","viewId":"application-manageyards-display-component---NewYard","bindingPath":{"path":"","propertyPath":"/PLANT","modelName":"NewYardModel"},"interaction":{"idSuffix":"inner"}},"clearTextFirst":true,"interactionType":"ENTER_TEXT"}]}
COMMAND: POST /session/0631827be0a93fac797ef22e97364bed/execute/async - {"script":"<script> [1562 bytes]","args":[{"selector":{"controlType":"sap.m.Input","viewName":"etm.portal.ui.manageyards.view.New","viewId":"application-manageyards-display-component---NewYard","bindingPath":{"path":"","propertyPath":"/SALES_AREA_VKORG","modelName":"NewYardModel"},"interaction":{"idSuffix":"inner"}},"wdio_ui5_key":"etmportal.ui.manageyards.view.Newsap.m.Input{\"path\":\"\",\"propertyPath\":\"/SALES_AREA_VKORG\",\"modelName\":\"NewYardModel\"}"}]}
RESULT: {"script":"<script> [1562 bytes]","args":[{"selector":{"controlType":"sap.m.Input","viewName":"etm.portal.ui.manageyards.view.New","viewId":"application-manageyards-display-component---NewYard","bindingPath":{"path":"","propertyPath":"/SALES_AREA_VKORG","modelName":"NewYardModel"},"interaction":{"idSuffix":"inner"}},"wdio_ui5_key":"etmportal.ui.manageyards.view.Newsap.m.Input{\"path\":\"\",\"propertyPath\":\"/SALES_AREA_VKORG\",\"modelName\":\"NewYardModel\"}"}]}
RESULT: undefined
COMMAND: POST /session/0631827be0a93fac797ef22e97364bed/execute/async - {"script":"<script> [776 bytes]","args":[{"enterText":"C002","selector":{"controlType":"sap.m.Input","viewName":"etm.portal.ui.manageyards.view.New","viewId":"application-manageyards-display-component---NewYard","bindingPath":{"path":"","propertyPath":"/SALES_AREA_VKORG","modelName":"NewYardModel"},"interaction":{"idSuffix":"inner"}},"clearTextFirst":true,"interactionType":"ENTER_TEXT"}]}
RESULT: {"script":"<script> [776 bytes]","args":[{"enterText":"C002","selector":{"controlType":"sap.m.Input","viewName":"etm.portal.ui.manageyards.view.New","viewId":"application-manageyards-display-component---NewYard","bindingPath":{"path":"","propertyPath":"/SALES_AREA_VKORG","modelName":"NewYardModel"},"interaction":{"idSuffix":"inner"}},"clearTextFirst":true,"interactionType":"ENTER_TEXT"}]}
COMMAND: POST /session/0631827be0a93fac797ef22e97364bed/execute/async - {"script":"<script> [1562 bytes]","args":[{"selector":{"controlType":"sap.m.Input","viewName":"etm.portal.ui.manageyards.view.New","viewId":"application-manageyards-display-component---NewYard","bindingPath":{"path":"","propertyPath":"/SALES_AREA_VTWEG","modelName":"NewYardModel"},"interaction":{"idSuffix":"inner"}},"wdio_ui5_key":"etmportal.ui.manageyards.view.Newsap.m.Input{\"path\":\"\",\"propertyPath\":\"/SALES_AREA_VTWEG\",\"modelName\":\"NewYardModel\"}"}]}
RESULT: {"script":"<script> [1562 bytes]","args":[{"selector":{"controlType":"sap.m.Input","viewName":"etm.portal.ui.manageyards.view.New","viewId":"application-manageyards-display-component---NewYard","bindingPath":{"path":"","propertyPath":"/SALES_AREA_VTWEG","modelName":"NewYardModel"},"interaction":{"idSuffix":"inner"}},"wdio_ui5_key":"etmportal.ui.manageyards.view.Newsap.m.Input{\"path\":\"\",\"propertyPath\":\"/SALES_AREA_VTWEG\",\"modelName\":\"NewYardModel\"}"}]}
RESULT: undefined
COMMAND: POST /session/0631827be0a93fac797ef22e97364bed/execute/async - {"script":"<script> [776 bytes]","args":[{"enterText":"C2","selector":{"controlType":"sap.m.Input","viewName":"etm.portal.ui.manageyards.view.New","viewId":"application-manageyards-display-component---NewYard","bindingPath":{"path":"","propertyPath":"/SALES_AREA_VTWEG","modelName":"NewYardModel"},"interaction":{"idSuffix":"inner"}},"clearTextFirst":true,"interactionType":"ENTER_TEXT"}]}
RESULT: {"script":"<script> [776 bytes]","args":[{"enterText":"C2","selector":{"controlType":"sap.m.Input","viewName":"etm.portal.ui.manageyards.view.New","viewId":"application-manageyards-display-component---NewYard","bindingPath":{"path":"","propertyPath":"/SALES_AREA_VTWEG","modelName":"NewYardModel"},"interaction":{"idSuffix":"inner"}},"clearTextFirst":true,"interactionType":"ENTER_TEXT"}]}
COMMAND: POST /session/0631827be0a93fac797ef22e97364bed/execute/async - {"script":"<script> [1562 bytes]","args":[{"selector":{"controlType":"sap.m.Input","viewName":"etm.portal.ui.manageyards.view.New","viewId":"application-manageyards-display-component---NewYard","bindingPath":{"path":"","propertyPath":"/SALES_AREA_SPART","modelName":"NewYardModel"},"interaction":{"idSuffix":"inner"}},"wdio_ui5_key":"etmportal.ui.manageyards.view.Newsap.m.Input{\"path\":\"\",\"propertyPath\":\"/SALES_AREA_SPART\",\"modelName\":\"NewYardModel\"}"}]}
RESULT: {"script":"<script> [1562 bytes]","args":[{"selector":{"controlType":"sap.m.Input","viewName":"etm.portal.ui.manageyards.view.New","viewId":"application-manageyards-display-component---NewYard","bindingPath":{"path":"","propertyPath":"/SALES_AREA_SPART","modelName":"NewYardModel"},"interaction":{"idSuffix":"inner"}},"wdio_ui5_key":"etmportal.ui.manageyards.view.Newsap.m.Input{\"path\":\"\",\"propertyPath\":\"/SALES_AREA_SPART\",\"modelName\":\"NewYardModel\"}"}]}
RESULT: undefined
COMMAND: POST /session/0631827be0a93fac797ef22e97364bed/execute/async - {"script":"<script> [776 bytes]","args":[{"enterText":"C2","selector":{"controlType":"sap.m.Input","viewName":"etm.portal.ui.manageyards.view.New","viewId":"application-manageyards-display-component---NewYard","bindingPath":{"path":"","propertyPath":"/SALES_AREA_SPART","modelName":"NewYardModel"},"interaction":{"idSuffix":"inner"}},"clearTextFirst":true,"interactionType":"ENTER_TEXT"}]}
RESULT: {"script":"<script> [776 bytes]","args":[{"enterText":"C2","selector":{"controlType":"sap.m.Input","viewName":"etm.portal.ui.manageyards.view.New","viewId":"application-manageyards-display-component---NewYard","bindingPath":{"path":"","propertyPath":"/SALES_AREA_SPART","modelName":"NewYardModel"},"interaction":{"idSuffix":"inner"}},"clearTextFirst":true,"interactionType":"ENTER_TEXT"}]}
COMMAND: POST /session/0631827be0a93fac797ef22e97364bed/execute/async - {"script":"<script> [1562 bytes]","args":[{"selector":{"id":"application-manageyards-display-component---NewYard--whmCheckBox","interaction":{"idSuffix":"CbBg"}},"wdio_ui5_key":"applicationmanageyards-display-component---NewYard--whmCheckBox"}]}
RESULT: {"script":"<script> [1562 bytes]","args":[{"selector":{"id":"application-manageyards-display-component---NewYard--whmCheckBox","interaction":{"idSuffix":"CbBg"}},"wdio_ui5_key":"applicationmanageyards-display-component---NewYard--whmCheckBox"}]}
RESULT: undefined
COMMAND: POST /session/0631827be0a93fac797ef22e97364bed/element - {"using":"xpath","value":"//*[@id=\"application-manageyards-display-component---NewYard--whmCheckBox\"]"}
RESULT: {"using":"xpath","value":"//*[@id=\"application-manageyards-display-component---NewYard--whmCheckBox\"]"}
COMMAND: POST /session/0631827be0a93fac797ef22e97364bed/element/f.1195843739892CF439726866CA7D4ED2.d.3B53F1E6F7AE72ABE91B8774B1C0854F.e.737/click - {}
RESULT: {}
COMMAND: POST /session/0631827be0a93fac797ef22e97364bed/execute/async - {"script":"<script> [1562 bytes]","args":[{"selector":{"controlType":"sap.m.Button","viewName":"etm.portal.ui.manageyards.view.New","viewId":"application-manageyards-display-component---NewYard","i18NText":{"propertyName":"text","key":"save"},"interaction":{"idSuffix":"inner"}},"wdio_ui5_key":"etmportal.ui.manageyards.view.Newsap.m.Button{\"propertyName\":\"text\",\"key\":\"save\"}"}]}
COMMAND: GET /session/0631827be0a93fac797ef22e97364bed/screenshot - {}
RESULT: {"script":"<script> [1562 bytes]","args":[{"selector":{"controlType":"sap.m.Button","viewName":"etm.portal.ui.manageyards.view.New","viewId":"application-manageyards-display-component---NewYard","i18NText":{"propertyName":"text","key":"save"},"interaction":{"idSuffix":"inner"}},"wdio_ui5_key":"etmportal.ui.manageyards.view.Newsap.m.Button{\"propertyName\":\"text\",\"key\":\"save\"}"}]}
RESULT: undefined
COMMAND: POST /session/0631827be0a93fac797ef22e97364bed/element - {"using":"xpath","value":"//*[@id=\"__button18\"]"}
RESULT: {}
RESULT: {"using":"xpath","value":"//*[@id=\"__button18\"]"}
COMMAND: POST /session/0631827be0a93fac797ef22e97364bed/element/f.1195843739892CF439726866CA7D4ED2.d.3B53F1E6F7AE72ABE91B8774B1C0854F.e.691/click - {}
RESULT: {}
COMMAND: GET /session/0631827be0a93fac797ef22e97364bed/screenshot - {}
RESULT: {}
COMMAND: POST /session/0631827be0a93fac797ef22e97364bed/element - {"using":"xpath","value":"//header/div/div/div/div/div/div[2]/div/span"}
RESULT: {"using":"xpath","value":"//header/div/div/div/div/div/div[2]/div/span"}
COMMAND: GET /session/0631827be0a93fac797ef22e97364bed/element/f.1195843739892CF439726866CA7D4ED2.d.3B53F1E6F7AE72ABE91B8774B1C0854F.e.934/text - {}
RESULT: {}
COMMAND: POST /session/0631827be0a93fac797ef22e97364bed/element - {"using":"xpath","value":"//header/div/div[2]/div[2]/span"}
RESULT: {"using":"xpath","value":"//header/div/div[2]/div[2]/span"}
COMMAND: GET /session/0631827be0a93fac797ef22e97364bed/element/f.1195843739892CF439726866CA7D4ED2.d.3B53F1E6F7AE72ABE91B8774B1C0854F.e.935/text - {}
RESULT: {}
]]></system-out>
    </testcase>
    <testcase classname="chrome.135_0_7049_96.windows.Stock_increase_-_with_WHM_US125587" name="Should create new whm partner" time="111.619">
      <system-out><![CDATA[
COMMAND: POST /session/0631827be0a93fac797ef22e97364bed/element - {"using":"css selector","value":"#shell-header-logo"}
RESULT: {"using":"css selector","value":"#shell-header-logo"}
COMMAND: POST /session/0631827be0a93fac797ef22e97364bed/element/f.1195843739892CF439726866CA7D4ED2.d.3B53F1E6F7AE72ABE91B8774B1C0854F.e.244/click - {}
RESULT: {}
COMMAND: GET /session/0631827be0a93fac797ef22e97364bed/screenshot - {}
RESULT: {}
COMMAND: POST /session/0631827be0a93fac797ef22e97364bed/execute/async - {"script":"<script> [1562 bytes]","args":[{"selector":{"controlType":"sap.m.GenericTile","properties":{"header":"Manage Partners"}},"wdio_ui5_key":"sapm.GenericTile{\"header\":\"Manage Partners\"}"}]}
RESULT: {"script":"<script> [1562 bytes]","args":[{"selector":{"controlType":"sap.m.GenericTile","properties":{"header":"Manage Partners"}},"wdio_ui5_key":"sapm.GenericTile{\"header\":\"Manage Partners\"}"}]}
RESULT: undefined
COMMAND: POST /session/0631827be0a93fac797ef22e97364bed/element - {"using":"xpath","value":"//*[@id=\"__tile38\"]"}
RESULT: {"using":"xpath","value":"//*[@id=\"__tile38\"]"}
COMMAND: POST /session/0631827be0a93fac797ef22e97364bed/element/f.1195843739892CF439726866CA7D4ED2.d.3B53F1E6F7AE72ABE91B8774B1C0854F.e.937/click - {}
RESULT: {}
COMMAND: GET /session/0631827be0a93fac797ef22e97364bed/screenshot - {}
RESULT: {}
COMMAND: POST /session/0631827be0a93fac797ef22e97364bed/refresh - {}
RESULT: {}
COMMAND: GET /session/0631827be0a93fac797ef22e97364bed/screenshot - {}
RESULT: {}
COMMAND: POST /session/0631827be0a93fac797ef22e97364bed/refresh - {}
RESULT: {}
COMMAND: GET /session/0631827be0a93fac797ef22e97364bed/screenshot - {}
RESULT: {}
COMMAND: POST /session/0631827be0a93fac797ef22e97364bed/window/fullscreen - {}
RESULT: {}
COMMAND: POST /session/0631827be0a93fac797ef22e97364bed/execute/async - {"script":"<script> [189 bytes]","args":[]}
RESULT: {"script":"<script> [189 bytes]","args":[]}
COMMAND: POST /session/0631827be0a93fac797ef22e97364bed/execute/async - {"script":"<script> [123 bytes]","args":[]}
RESULT: {"script":"<script> [123 bytes]","args":[]}
COMMAND: POST /session/0631827be0a93fac797ef22e97364bed/timeouts - {"script":"<number>"}
RESULT: {"script":"<number>"}
COMMAND: GET /session/0631827be0a93fac797ef22e97364bed/timeouts - {}
RESULT: {}
RESULT: undefined
COMMAND: POST /session/0631827be0a93fac797ef22e97364bed/execute/async - {"script":"<script> [2676 bytes]","args":[]}
RESULT: {"script":"<script> [2676 bytes]","args":[]}
COMMAND: POST /session/0631827be0a93fac797ef22e97364bed/execute/async - {"script":"<script> [2342 bytes]","args":[{"protocol":"http","hostname":"0.0.0.0","path":"/","capabilities":{"browserName":"chrome","goog:chromeOptions":{"binary":"C:\\Program Files\\Google\\Chrome\\Application\\chrome.exe","args":["--start-maximized"]}},"logLevel":"warn","connectionRetryTimeout":120000,"connectionRetryCount":3,"logLevels":{},"enableDirectConnect":true,"strictSSL":true,"_":"65 more keys: [\"cacheDir\",\"port\",\"requestedCapabilities\",\"automationProtocol\",\"baseUrl\",\"waitforInterval\",\"waitforTimeout\",\"onReload\",\"beforeCommand\",\"afterCommand\",\"rootDir\",\"specs\",\"suites\",\"exclude\",\"groupLogsByTestSpec\",\"excludeDriverLogs\",\"bail\",\"framework\",\"reporters\",\"services\",\"maxInstances\",\"maxInstancesPerCapability\",\"injectGlobals\",\"filesToWatch\",\"execArgv\",\"runnerEnv\",\"runner\",\"shard\",\"specFileRetries\",\"specFileRetriesDelay\",\"specFileRetriesDeferred\",\"reporterSyncInterval\",\"reporterSyncTimeout\",\"cucumberFeaturesWithLineNumbers\",\"autoCompileOpts\",\"mochaOpts\",\"jasmineOpts\",\"cucumberOpts\",\"onPrepare\",\"onWorkerStart\",\"onWorkerEnd\",\"before\",\"beforeSession\",\"beforeSuite\",\"beforeHook\",\"beforeTest\",\"afterTest\",\"afterHook\",\"afterSuite\",\"afterSession\",\"after\",\"onComplete\",\"beforeAssertion\",\"afterAssertion\",\"beforeFeature\",\"beforeScenario\",\"beforeStep\",\"afterStep\",\"afterScenario\",\"afterFeature\",\"_\",\"suite\",\"$0\",\"ignoredWorkerServices\",\"wdi5\"]"}]}
RESULT: {"script":"<script> [2342 bytes]","args":[{"protocol":"http","hostname":"0.0.0.0","path":"/","capabilities":{"browserName":"chrome","goog:chromeOptions":{"binary":"C:\\Program Files\\Google\\Chrome\\Application\\chrome.exe","args":["--start-maximized"]}},"logLevel":"warn","connectionRetryTimeout":120000,"connectionRetryCount":3,"logLevels":{},"enableDirectConnect":true,"strictSSL":true,"_":"65 more keys: [\"cacheDir\",\"port\",\"requestedCapabilities\",\"automationProtocol\",\"baseUrl\",\"waitforInterval\",\"waitforTimeout\",\"onReload\",\"beforeCommand\",\"afterCommand\",\"rootDir\",\"specs\",\"suites\",\"exclude\",\"groupLogsByTestSpec\",\"excludeDriverLogs\",\"bail\",\"framework\",\"reporters\",\"services\",\"maxInstances\",\"maxInstancesPerCapability\",\"injectGlobals\",\"filesToWatch\",\"execArgv\",\"runnerEnv\",\"runner\",\"shard\",\"specFileRetries\",\"specFileRetriesDelay\",\"specFileRetriesDeferred\",\"reporterSyncInterval\",\"reporterSyncTimeout\",\"cucumberFeaturesWithLineNumbers\",\"autoCompileOpts\",\"mochaOpts\",\"jasmineOpts\",\"cucumberOpts\",\"onPrepare\",\"onWorkerStart\",\"onWorkerEnd\",\"before\",\"beforeSession\",\"beforeSuite\",\"beforeHook\",\"beforeTest\",\"afterTest\",\"afterHook\",\"afterSuite\",\"afterSession\",\"after\",\"onComplete\",\"beforeAssertion\",\"afterAssertion\",\"beforeFeature\",\"beforeScenario\",\"beforeStep\",\"afterStep\",\"afterScenario\",\"afterFeature\",\"_\",\"suite\",\"$0\",\"ignoredWorkerServices\",\"wdi5\"]"}]}
COMMAND: POST /session/0631827be0a93fac797ef22e97364bed/execute/async - {"script":"<script> [21126 bytes]","args":[35000]}
RESULT: {"script":"<script> [21126 bytes]","args":[35000]}
COMMAND: POST /session/0631827be0a93fac797ef22e97364bed/execute/async - {"script":"<script> [1562 bytes]","args":[{"selector":{"controlType":"sap.ui.core.Icon","viewName":"etm.portal.ui.managepartners.view.Master","viewId":"application-managepartners-display-component---masterPtm","properties":{"src":{"regex":{"source":"add"}}}},"wdio_ui5_key":"etmportal.ui.managepartners.view.Mastersap.ui.core.Icon{\"src\":{\"regex\":{\"source\":\"add\"}}}"}]}
RESULT: {"script":"<script> [1562 bytes]","args":[{"selector":{"controlType":"sap.ui.core.Icon","viewName":"etm.portal.ui.managepartners.view.Master","viewId":"application-managepartners-display-component---masterPtm","properties":{"src":{"regex":{"source":"add"}}}},"wdio_ui5_key":"etmportal.ui.managepartners.view.Mastersap.ui.core.Icon{\"src\":{\"regex\":{\"source\":\"add\"}}}"}]}
RESULT: undefined
COMMAND: POST /session/0631827be0a93fac797ef22e97364bed/element - {"using":"xpath","value":"//*[@id=\"__button2-img\"]"}
RESULT: {"using":"xpath","value":"//*[@id=\"__button2-img\"]"}
COMMAND: POST /session/0631827be0a93fac797ef22e97364bed/element/f.1195843739892CF439726866CA7D4ED2.d.29BC3A00562BD1EE2A65BE8B52210CB0.e.1003/click - {}
RESULT: {}
COMMAND: GET /session/0631827be0a93fac797ef22e97364bed/screenshot - {}
RESULT: {}
COMMAND: POST /session/0631827be0a93fac797ef22e97364bed/execute/async - {"script":"<script> [1562 bytes]","args":[{"selector":{"controlType":"sap.m.Title","viewName":"etm.portal.ui.managepartners.view.NewPartner","viewId":"application-managepartners-display-component---NewPartner","i18NText":{"propertyName":"text","key":"newPartner"},"interaction":{"idSuffix":"inner"}},"wdio_ui5_key":"etmportal.ui.managepartners.view.NewPartnersap.m.Title{\"propertyName\":\"text\",\"key\":\"newPartner\"}"}]}
RESULT: {"script":"<script> [1562 bytes]","args":[{"selector":{"controlType":"sap.m.Title","viewName":"etm.portal.ui.managepartners.view.NewPartner","viewId":"application-managepartners-display-component---NewPartner","i18NText":{"propertyName":"text","key":"newPartner"},"interaction":{"idSuffix":"inner"}},"wdio_ui5_key":"etmportal.ui.managepartners.view.NewPartnersap.m.Title{\"propertyName\":\"text\",\"key\":\"newPartner\"}"}]}
RESULT: undefined
COMMAND: POST /session/0631827be0a93fac797ef22e97364bed/execute/async - {"script":"<script> [6424 bytes]","args":[{"element-6066-11e4-a52e-4f735466cecf":"f.1195843739892CF439726866CA7D4ED2.d.29BC3A00562BD1EE2A65BE8B52210CB0.e.1438"},"getText",[]]}
RESULT: {"script":"<script> [6424 bytes]","args":[{"element-6066-11e4-a52e-4f735466cecf":"f.1195843739892CF439726866CA7D4ED2.d.29BC3A00562BD1EE2A65BE8B52210CB0.e.1438"},"getText",[]]}
COMMAND: POST /session/0631827be0a93fac797ef22e97364bed/execute/async - {"script":"<script> [1562 bytes]","args":[{"selector":{"id":"application-managepartners-display-component---NewPartner--partnerId","interaction":{"idSuffix":"inner"}},"wdio_ui5_key":"applicationmanagepartners-display-component---NewPartner--partnerId"}]}
RESULT: {"script":"<script> [1562 bytes]","args":[{"selector":{"id":"application-managepartners-display-component---NewPartner--partnerId","interaction":{"idSuffix":"inner"}},"wdio_ui5_key":"applicationmanagepartners-display-component---NewPartner--partnerId"}]}
RESULT: undefined
COMMAND: POST /session/0631827be0a93fac797ef22e97364bed/execute/async - {"script":"<script> [1562 bytes]","args":[{"selector":{"id":"application-managepartners-display-component---NewPartner--addressDetailDetailsName1","interaction":{"idSuffix":"inner"}},"wdio_ui5_key":"applicationmanagepartners-display-component---NewPartner--addressDetailDetailsName1"}]}
RESULT: {"script":"<script> [1562 bytes]","args":[{"selector":{"id":"application-managepartners-display-component---NewPartner--addressDetailDetailsName1","interaction":{"idSuffix":"inner"}},"wdio_ui5_key":"applicationmanagepartners-display-component---NewPartner--addressDetailDetailsName1"}]}
RESULT: undefined
COMMAND: POST /session/0631827be0a93fac797ef22e97364bed/execute/async - {"script":"<script> [776 bytes]","args":[{"enterText":"WebdriverWHMPartneratvfm","selector":{"id":"application-managepartners-display-component---NewPartner--addressDetailDetailsName1","interaction":{"idSuffix":"inner"}},"clearTextFirst":true,"interactionType":"ENTER_TEXT"}]}
RESULT: {"script":"<script> [776 bytes]","args":[{"enterText":"WebdriverWHMPartneratvfm","selector":{"id":"application-managepartners-display-component---NewPartner--addressDetailDetailsName1","interaction":{"idSuffix":"inner"}},"clearTextFirst":true,"interactionType":"ENTER_TEXT"}]}
COMMAND: POST /session/0631827be0a93fac797ef22e97364bed/execute/async - {"script":"<script> [1562 bytes]","args":[{"selector":{"id":"application-managepartners-display-component---NewPartner--addressDetailDetailsLanguage","interaction":{"idSuffix":"inner"}},"wdio_ui5_key":"applicationmanagepartners-display-component---NewPartner--addressDetailDetailsLanguage"}]}
RESULT: {"script":"<script> [1562 bytes]","args":[{"selector":{"id":"application-managepartners-display-component---NewPartner--addressDetailDetailsLanguage","interaction":{"idSuffix":"inner"}},"wdio_ui5_key":"applicationmanagepartners-display-component---NewPartner--addressDetailDetailsLanguage"}]}
RESULT: undefined
COMMAND: POST /session/0631827be0a93fac797ef22e97364bed/execute/async - {"script":"<script> [776 bytes]","args":[{"enterText":"Romanian","selector":{"id":"application-managepartners-display-component---NewPartner--addressDetailDetailsLanguage","interaction":{"idSuffix":"inner"}},"clearTextFirst":true,"interactionType":"ENTER_TEXT"}]}
RESULT: {"script":"<script> [776 bytes]","args":[{"enterText":"Romanian","selector":{"id":"application-managepartners-display-component---NewPartner--addressDetailDetailsLanguage","interaction":{"idSuffix":"inner"}},"clearTextFirst":true,"interactionType":"ENTER_TEXT"}]}
COMMAND: POST /session/0631827be0a93fac797ef22e97364bed/execute/async - {"script":"<script> [1562 bytes]","args":[{"selector":{"controlType":"sap.m.StandardListItem","viewName":"etm.portal.ui.managepartners.view.NewPartner","viewId":"application-managepartners-display-component---NewPartner","properties":{"type":"Active"},"searchOpenDialogs":true,"interaction":{"idSuffix":"content"}},"wdio_ui5_key":"etmportal.ui.managepartners.view.NewPartnersap.m.StandardListItem{\"type\":\"Active\"}"}]}
RESULT: {"script":"<script> [1562 bytes]","args":[{"selector":{"controlType":"sap.m.StandardListItem","viewName":"etm.portal.ui.managepartners.view.NewPartner","viewId":"application-managepartners-display-component---NewPartner","properties":{"type":"Active"},"searchOpenDialogs":true,"interaction":{"idSuffix":"content"}},"wdio_ui5_key":"etmportal.ui.managepartners.view.NewPartnersap.m.StandardListItem{\"type\":\"Active\"}"}]}
RESULT: undefined
COMMAND: POST /session/0631827be0a93fac797ef22e97364bed/element - {"using":"xpath","value":"//*[@id=\"__item131\"]"}
RESULT: {"using":"xpath","value":"//*[@id=\"__item131\"]"}
COMMAND: POST /session/0631827be0a93fac797ef22e97364bed/element/f.1195843739892CF439726866CA7D4ED2.d.29BC3A00562BD1EE2A65BE8B52210CB0.e.1442/click - {}
RESULT: {}
COMMAND: POST /session/0631827be0a93fac797ef22e97364bed/execute/async - {"script":"<script> [1562 bytes]","args":[{"selector":{"id":"application-managepartners-display-component---NewPartner--addressDetailDetailsCity1","interaction":{"idSuffix":"inner"}},"wdio_ui5_key":"applicationmanagepartners-display-component---NewPartner--addressDetailDetailsCity1"}]}
COMMAND: GET /session/0631827be0a93fac797ef22e97364bed/screenshot - {}
RESULT: {"script":"<script> [1562 bytes]","args":[{"selector":{"id":"application-managepartners-display-component---NewPartner--addressDetailDetailsCity1","interaction":{"idSuffix":"inner"}},"wdio_ui5_key":"applicationmanagepartners-display-component---NewPartner--addressDetailDetailsCity1"}]}
RESULT: undefined
COMMAND: POST /session/0631827be0a93fac797ef22e97364bed/execute/async - {"script":"<script> [776 bytes]","args":[{"enterText":"Cluj","selector":{"id":"application-managepartners-display-component---NewPartner--addressDetailDetailsCity1","interaction":{"idSuffix":"inner"}},"clearTextFirst":true,"interactionType":"ENTER_TEXT"}]}
RESULT: {}
RESULT: {"script":"<script> [776 bytes]","args":[{"enterText":"Cluj","selector":{"id":"application-managepartners-display-component---NewPartner--addressDetailDetailsCity1","interaction":{"idSuffix":"inner"}},"clearTextFirst":true,"interactionType":"ENTER_TEXT"}]}
COMMAND: POST /session/0631827be0a93fac797ef22e97364bed/execute/async - {"script":"<script> [1562 bytes]","args":[{"selector":{"id":"application-managepartners-display-component---NewPartner--addressDetailDetailsCountry","interaction":{"idSuffix":"inner"}},"wdio_ui5_key":"applicationmanagepartners-display-component---NewPartner--addressDetailDetailsCountry"}]}
RESULT: {"script":"<script> [1562 bytes]","args":[{"selector":{"id":"application-managepartners-display-component---NewPartner--addressDetailDetailsCountry","interaction":{"idSuffix":"inner"}},"wdio_ui5_key":"applicationmanagepartners-display-component---NewPartner--addressDetailDetailsCountry"}]}
RESULT: undefined
COMMAND: POST /session/0631827be0a93fac797ef22e97364bed/execute/async - {"script":"<script> [6424 bytes]","args":[{"element-6066-11e4-a52e-4f735466cecf":"f.1195843739892CF439726866CA7D4ED2.d.29BC3A00562BD1EE2A65BE8B52210CB0.e.1274"},"setValue",["Romania"]]}
RESULT: {"script":"<script> [6424 bytes]","args":[{"element-6066-11e4-a52e-4f735466cecf":"f.1195843739892CF439726866CA7D4ED2.d.29BC3A00562BD1EE2A65BE8B52210CB0.e.1274"},"setValue",["Romania"]]}
COMMAND: POST /session/0631827be0a93fac797ef22e97364bed/execute/async - {"script":"<script> [1562 bytes]","args":[{"selector":{"id":"application-managepartners-display-component---NewPartner--partnerDetailInternal","interaction":{"idSuffix":"inner"}},"wdio_ui5_key":"applicationmanagepartners-display-component---NewPartner--partnerDetailInternal"}]}
RESULT: {"script":"<script> [1562 bytes]","args":[{"selector":{"id":"application-managepartners-display-component---NewPartner--partnerDetailInternal","interaction":{"idSuffix":"inner"}},"wdio_ui5_key":"applicationmanagepartners-display-component---NewPartner--partnerDetailInternal"}]}
RESULT: undefined
COMMAND: POST /session/0631827be0a93fac797ef22e97364bed/execute/async - {"script":"<script> [776 bytes]","args":[{"enterText":"External partner","selector":{"id":"application-managepartners-display-component---NewPartner--partnerDetailInternal","interaction":{"idSuffix":"inner"}},"clearTextFirst":true,"interactionType":"ENTER_TEXT"}]}
RESULT: {"script":"<script> [776 bytes]","args":[{"enterText":"External partner","selector":{"id":"application-managepartners-display-component---NewPartner--partnerDetailInternal","interaction":{"idSuffix":"inner"}},"clearTextFirst":true,"interactionType":"ENTER_TEXT"}]}
COMMAND: POST /session/0631827be0a93fac797ef22e97364bed/execute/async - {"script":"<script> [1562 bytes]","args":[{"selector":{"id":"application-managepartners-display-component---NewPartner--partnerDetailsCurrency","interaction":{"idSuffix":"inner"}},"wdio_ui5_key":"applicationmanagepartners-display-component---NewPartner--partnerDetailsCurrency"}]}
RESULT: {"script":"<script> [1562 bytes]","args":[{"selector":{"id":"application-managepartners-display-component---NewPartner--partnerDetailsCurrency","interaction":{"idSuffix":"inner"}},"wdio_ui5_key":"applicationmanagepartners-display-component---NewPartner--partnerDetailsCurrency"}]}
RESULT: undefined
COMMAND: POST /session/0631827be0a93fac797ef22e97364bed/execute/async - {"script":"<script> [776 bytes]","args":[{"enterText":"Euro","selector":{"id":"application-managepartners-display-component---NewPartner--partnerDetailsCurrency","interaction":{"idSuffix":"inner"}},"clearTextFirst":true,"interactionType":"ENTER_TEXT"}]}
RESULT: {"script":"<script> [776 bytes]","args":[{"enterText":"Euro","selector":{"id":"application-managepartners-display-component---NewPartner--partnerDetailsCurrency","interaction":{"idSuffix":"inner"}},"clearTextFirst":true,"interactionType":"ENTER_TEXT"}]}
COMMAND: POST /session/0631827be0a93fac797ef22e97364bed/execute/async - {"script":"<script> [1562 bytes]","args":[{"selector":{"controlType":"sap.m.Button","viewName":"etm.portal.ui.managepartners.view.NewPartner","viewId":"application-managepartners-display-component---NewPartner","properties":{"text":"Commercial"},"interaction":{"idSuffix":"BDI-content"}},"wdio_ui5_key":"etmportal.ui.managepartners.view.NewPartnersap.m.Button{\"text\":\"Commercial\"}"}]}
RESULT: {"script":"<script> [1562 bytes]","args":[{"selector":{"controlType":"sap.m.Button","viewName":"etm.portal.ui.managepartners.view.NewPartner","viewId":"application-managepartners-display-component---NewPartner","properties":{"text":"Commercial"},"interaction":{"idSuffix":"BDI-content"}},"wdio_ui5_key":"etmportal.ui.managepartners.view.NewPartnersap.m.Button{\"text\":\"Commercial\"}"}]}
RESULT: undefined
COMMAND: POST /session/0631827be0a93fac797ef22e97364bed/element - {"using":"xpath","value":"//*[@id=\"application-managepartners-display-component---NewPartner--ObjectPageLayout-anchBar-__section5-anchor\"]"}
RESULT: {"using":"xpath","value":"//*[@id=\"application-managepartners-display-component---NewPartner--ObjectPageLayout-anchBar-__section5-anchor\"]"}
COMMAND: POST /session/0631827be0a93fac797ef22e97364bed/element/f.1195843739892CF439726866CA7D4ED2.d.29BC3A00562BD1EE2A65BE8B52210CB0.e.1448/click - {}
RESULT: {}
COMMAND: GET /session/0631827be0a93fac797ef22e97364bed/screenshot - {}
RESULT: {}
COMMAND: POST /session/0631827be0a93fac797ef22e97364bed/execute/async - {"script":"<script> [1562 bytes]","args":[{"selector":{"id":"application-managepartners-display-component---NewPartner--btnAddTableRow-img"},"wdio_ui5_key":"applicationmanagepartners-display-component---NewPartner--btnAddTableRow-img"}]}
RESULT: {"script":"<script> [1562 bytes]","args":[{"selector":{"id":"application-managepartners-display-component---NewPartner--btnAddTableRow-img"},"wdio_ui5_key":"applicationmanagepartners-display-component---NewPartner--btnAddTableRow-img"}]}
RESULT: undefined
COMMAND: POST /session/0631827be0a93fac797ef22e97364bed/element - {"using":"xpath","value":"//*[@id=\"application-managepartners-display-component---NewPartner--btnAddTableRow-img\"]"}
RESULT: {"using":"xpath","value":"//*[@id=\"application-managepartners-display-component---NewPartner--btnAddTableRow-img\"]"}
COMMAND: POST /session/0631827be0a93fac797ef22e97364bed/element/f.1195843739892CF439726866CA7D4ED2.d.29BC3A00562BD1EE2A65BE8B52210CB0.e.1453/click - {}
RESULT: {}
COMMAND: POST /session/0631827be0a93fac797ef22e97364bed/element - {"using":"xpath","value":"//input[contains(@id ,\"application-managepartners-display-component---NewPartner--assignmentYard-application-managepartners-display-component---NewPartner\")]"}
COMMAND: GET /session/0631827be0a93fac797ef22e97364bed/screenshot - {}
RESULT: {"using":"xpath","value":"//input[contains(@id ,\"application-managepartners-display-component---NewPartner--assignmentYard-application-managepartners-display-component---NewPartner\")]"}
COMMAND: POST /session/0631827be0a93fac797ef22e97364bed/elements - {"using":"xpath","value":"//input[contains(@id ,\"application-managepartners-display-component---NewPartner--assignmentYard-application-managepartners-display-component---NewPartner\")]"}
RESULT: {}
RESULT: {"using":"xpath","value":"//input[contains(@id ,\"application-managepartners-display-component---NewPartner--assignmentYard-application-managepartners-display-component---NewPartner\")]"}
COMMAND: POST /session/0631827be0a93fac797ef22e97364bed/element/f.1195843739892CF439726866CA7D4ED2.d.29BC3A00562BD1EE2A65BE8B52210CB0.e.1456/value - {"text":"462"}
RESULT: {"text":"462"}
COMMAND: GET /session/0631827be0a93fac797ef22e97364bed/screenshot - {}
RESULT: {}
COMMAND: POST /session/0631827be0a93fac797ef22e97364bed/actions - {"actions":[{"id":"action5","type":"key","parameters":{},"actions":[{"type":"keyDown","value":"î€‡"},{"type":"pause","duration":10},{"type":"keyUp","value":"î€‡"}]}]}
RESULT: {"actions":[{"id":"action5","type":"key","parameters":{},"actions":[{"type":"keyDown","value":"î€‡"},{"type":"pause","duration":10},{"type":"keyUp","value":"î€‡"}]}]}
COMMAND: POST /session/0631827be0a93fac797ef22e97364bed/execute/async - {"script":"<script> [1562 bytes]","args":[{"selector":{"controlType":"sap.m.Button","viewName":"etm.portal.ui.managepartners.view.NewPartner","viewId":"application-managepartners-display-component---NewPartner","i18NText":{"propertyName":"text","key":"save"},"interaction":{"idSuffix":"BDI-content"}},"wdio_ui5_key":"etmportal.ui.managepartners.view.NewPartnersap.m.Button{\"propertyName\":\"text\",\"key\":\"save\"}"}]}
COMMAND: GET /session/0631827be0a93fac797ef22e97364bed/screenshot - {}
RESULT: {"script":"<script> [1562 bytes]","args":[{"selector":{"controlType":"sap.m.Button","viewName":"etm.portal.ui.managepartners.view.NewPartner","viewId":"application-managepartners-display-component---NewPartner","i18NText":{"propertyName":"text","key":"save"},"interaction":{"idSuffix":"BDI-content"}},"wdio_ui5_key":"etmportal.ui.managepartners.view.NewPartnersap.m.Button{\"propertyName\":\"text\",\"key\":\"save\"}"}]}
RESULT: undefined
COMMAND: POST /session/0631827be0a93fac797ef22e97364bed/element - {"using":"xpath","value":"//*[@id=\"__button10\"]"}
RESULT: {}
RESULT: {"using":"xpath","value":"//*[@id=\"__button10\"]"}
COMMAND: POST /session/0631827be0a93fac797ef22e97364bed/element/f.1195843739892CF439726866CA7D4ED2.d.29BC3A00562BD1EE2A65BE8B52210CB0.e.1417/click - {}
RESULT: {}
COMMAND: GET /session/0631827be0a93fac797ef22e97364bed/screenshot - {}
RESULT: {}
COMMAND: POST /session/0631827be0a93fac797ef22e97364bed/element - {"using":"xpath","value":"//header/div/div[2]/div[2]/span"}
RESULT: {"using":"xpath","value":"//header/div/div[2]/div[2]/span"}
COMMAND: POST /session/0631827be0a93fac797ef22e97364bed/elements - {"using":"xpath","value":"//header/div/div[2]/div[2]/span"}
RESULT: {"using":"xpath","value":"//header/div/div[2]/div[2]/span"}
COMMAND: POST /session/0631827be0a93fac797ef22e97364bed/execute/sync - {"script":"<script> [8489 bytes]","args":[{"element-6066-11e4-a52e-4f735466cecf":"f.1195843739892CF439726866CA7D4ED2.d.29BC3A00562BD1EE2A65BE8B52210CB0.e.1631","ELEMENT":"f.1195843739892CF439726866CA7D4ED2.d.29BC3A00562BD1EE2A65BE8B52210CB0.e.1631"}]}
RESULT: {"script":"<script> [8489 bytes]","args":[{"element-6066-11e4-a52e-4f735466cecf":"f.1195843739892CF439726866CA7D4ED2.d.29BC3A00562BD1EE2A65BE8B52210CB0.e.1631","ELEMENT":"f.1195843739892CF439726866CA7D4ED2.d.29BC3A00562BD1EE2A65BE8B52210CB0.e.1631"}]}
COMMAND: GET /session/0631827be0a93fac797ef22e97364bed/element/f.1195843739892CF439726866CA7D4ED2.d.29BC3A00562BD1EE2A65BE8B52210CB0.e.1631/text - {}
COMMAND: GET /session/0631827be0a93fac797ef22e97364bed/screenshot - {}
RESULT: {}
COMMAND: POST /session/0631827be0a93fac797ef22e97364bed/element - {"using":"xpath","value":"//header/div/div/div/div/div/div[2]/div/span"}
RESULT: {}
RESULT: {"using":"xpath","value":"//header/div/div/div/div/div/div[2]/div/span"}
COMMAND: POST /session/0631827be0a93fac797ef22e97364bed/elements - {"using":"xpath","value":"//header/div/div/div/div/div/div[2]/div/span"}
RESULT: {"using":"xpath","value":"//header/div/div/div/div/div/div[2]/div/span"}
COMMAND: POST /session/0631827be0a93fac797ef22e97364bed/execute/sync - {"script":"<script> [8489 bytes]","args":[{"element-6066-11e4-a52e-4f735466cecf":"f.1195843739892CF439726866CA7D4ED2.d.29BC3A00562BD1EE2A65BE8B52210CB0.e.1632","ELEMENT":"f.1195843739892CF439726866CA7D4ED2.d.29BC3A00562BD1EE2A65BE8B52210CB0.e.1632"}]}
RESULT: {"script":"<script> [8489 bytes]","args":[{"element-6066-11e4-a52e-4f735466cecf":"f.1195843739892CF439726866CA7D4ED2.d.29BC3A00562BD1EE2A65BE8B52210CB0.e.1632","ELEMENT":"f.1195843739892CF439726866CA7D4ED2.d.29BC3A00562BD1EE2A65BE8B52210CB0.e.1632"}]}
COMMAND: GET /session/0631827be0a93fac797ef22e97364bed/element/f.1195843739892CF439726866CA7D4ED2.d.29BC3A00562BD1EE2A65BE8B52210CB0.e.1632/text - {}
COMMAND: GET /session/0631827be0a93fac797ef22e97364bed/screenshot - {}
RESULT: {}
]]></system-out>
    </testcase>
    <testcase classname="chrome.135_0_7049_96.windows.Stock_increase_-_with_WHM_US125587" name="Should create WHM site" time="89.396">
      <system-out><![CDATA[
COMMAND: POST /session/0631827be0a93fac797ef22e97364bed/element - {"using":"css selector","value":"#shell-header-logo"}
RESULT: {}
RESULT: {"using":"css selector","value":"#shell-header-logo"}
COMMAND: POST /session/0631827be0a93fac797ef22e97364bed/element/f.1195843739892CF439726866CA7D4ED2.d.29BC3A00562BD1EE2A65BE8B52210CB0.e.956/click - {}
RESULT: {}
COMMAND: GET /session/0631827be0a93fac797ef22e97364bed/screenshot - {}
RESULT: {}
COMMAND: POST /session/0631827be0a93fac797ef22e97364bed/execute/async - {"script":"<script> [1562 bytes]","args":[{"selector":{"controlType":"sap.m.GenericTile","properties":{"header":"Manage Sites"}},"wdio_ui5_key":"sapm.GenericTile{\"header\":\"Manage Sites\"}"}]}
RESULT: {"script":"<script> [1562 bytes]","args":[{"selector":{"controlType":"sap.m.GenericTile","properties":{"header":"Manage Sites"}},"wdio_ui5_key":"sapm.GenericTile{\"header\":\"Manage Sites\"}"}]}
RESULT: undefined
COMMAND: POST /session/0631827be0a93fac797ef22e97364bed/element - {"using":"xpath","value":"//*[@id=\"__tile51\"]"}
RESULT: {"using":"xpath","value":"//*[@id=\"__tile51\"]"}
COMMAND: POST /session/0631827be0a93fac797ef22e97364bed/element/f.1195843739892CF439726866CA7D4ED2.d.29BC3A00562BD1EE2A65BE8B52210CB0.e.1649/click - {}
RESULT: {}
COMMAND: GET /session/0631827be0a93fac797ef22e97364bed/screenshot - {}
RESULT: {}
COMMAND: POST /session/0631827be0a93fac797ef22e97364bed/execute/async - {"script":"<script> [1562 bytes]","args":[{"selector":{"controlType":"sap.ui.core.Icon","viewName":"etm.portal.ui.managesites.view.Master","viewId":"application-managesites-display-component---masterSite","properties":{"src":{"regex":{"source":"add"}}}},"wdio_ui5_key":"etmportal.ui.managesites.view.Mastersap.ui.core.Icon{\"src\":{\"regex\":{\"source\":\"add\"}}}"}]}
RESULT: {"script":"<script> [1562 bytes]","args":[{"selector":{"controlType":"sap.ui.core.Icon","viewName":"etm.portal.ui.managesites.view.Master","viewId":"application-managesites-display-component---masterSite","properties":{"src":{"regex":{"source":"add"}}}},"wdio_ui5_key":"etmportal.ui.managesites.view.Mastersap.ui.core.Icon{\"src\":{\"regex\":{\"source\":\"add\"}}}"}]}
RESULT: undefined
COMMAND: POST /session/0631827be0a93fac797ef22e97364bed/element - {"using":"xpath","value":"//*[@id=\"__button52-img\"]"}
RESULT: {"using":"xpath","value":"//*[@id=\"__button52-img\"]"}
COMMAND: POST /session/0631827be0a93fac797ef22e97364bed/element/f.1195843739892CF439726866CA7D4ED2.d.29BC3A00562BD1EE2A65BE8B52210CB0.e.1696/click - {}
RESULT: {}
COMMAND: GET /session/0631827be0a93fac797ef22e97364bed/screenshot - {}
COMMAND: POST /session/0631827be0a93fac797ef22e97364bed/execute/async - {"script":"<script> [1562 bytes]","args":[{"selector":{"id":"application-managesites-display-component---NewSite--siteId","interaction":{"idSuffix":"inner"}},"wdio_ui5_key":"applicationmanagesites-display-component---NewSite--siteId"}]}
RESULT: {}
RESULT: {"script":"<script> [1562 bytes]","args":[{"selector":{"id":"application-managesites-display-component---NewSite--siteId","interaction":{"idSuffix":"inner"}},"wdio_ui5_key":"applicationmanagesites-display-component---NewSite--siteId"}]}
RESULT: undefined
COMMAND: POST /session/0631827be0a93fac797ef22e97364bed/execute/async - {"script":"<script> [1562 bytes]","args":[{"selector":{"controlType":"sap.m.Button","viewName":"etm.portal.ui.managesites.view.NewSmartSite","viewId":"application-managesites-display-component---NewSite","properties":{"text":"General Information"},"interaction":{"idSuffix":"BDI-content"}},"wdio_ui5_key":"etmportal.ui.managesites.view.NewSmartSitesap.m.Button{\"text\":\"General Information\"}"}]}
RESULT: {"script":"<script> [1562 bytes]","args":[{"selector":{"controlType":"sap.m.Button","viewName":"etm.portal.ui.managesites.view.NewSmartSite","viewId":"application-managesites-display-component---NewSite","properties":{"text":"General Information"},"interaction":{"idSuffix":"BDI-content"}},"wdio_ui5_key":"etmportal.ui.managesites.view.NewSmartSitesap.m.Button{\"text\":\"General Information\"}"}]}
RESULT: undefined
COMMAND: POST /session/0631827be0a93fac797ef22e97364bed/element - {"using":"xpath","value":"//*[@id=\"application-managesites-display-component---NewSite--ObjectPageLayout-anchBar-__section29-anchor\"]"}
RESULT: {"using":"xpath","value":"//*[@id=\"application-managesites-display-component---NewSite--ObjectPageLayout-anchBar-__section29-anchor\"]"}
COMMAND: POST /session/0631827be0a93fac797ef22e97364bed/element/f.1195843739892CF439726866CA7D4ED2.d.29BC3A00562BD1EE2A65BE8B52210CB0.e.2101/click - {}
RESULT: {}
COMMAND: POST /session/0631827be0a93fac797ef22e97364bed/execute/async - {"script":"<script> [1562 bytes]","args":[{"selector":{"id":"application-managesites-display-component---NewSite--addressDetailDetailsName1","interaction":{"idSuffix":"inner"}},"wdio_ui5_key":"applicationmanagesites-display-component---NewSite--addressDetailDetailsName1"}]}
COMMAND: GET /session/0631827be0a93fac797ef22e97364bed/screenshot - {}
RESULT: {"script":"<script> [1562 bytes]","args":[{"selector":{"id":"application-managesites-display-component---NewSite--addressDetailDetailsName1","interaction":{"idSuffix":"inner"}},"wdio_ui5_key":"applicationmanagesites-display-component---NewSite--addressDetailDetailsName1"}]}
RESULT: undefined
COMMAND: POST /session/0631827be0a93fac797ef22e97364bed/execute/async - {"script":"<script> [776 bytes]","args":[{"enterText":"WebdriverWHMSiteatvfm","selector":{"id":"application-managesites-display-component---NewSite--addressDetailDetailsName1","interaction":{"idSuffix":"inner"}},"clearTextFirst":true,"interactionType":"ENTER_TEXT"}]}
RESULT: {}
RESULT: {"script":"<script> [776 bytes]","args":[{"enterText":"WebdriverWHMSiteatvfm","selector":{"id":"application-managesites-display-component---NewSite--addressDetailDetailsName1","interaction":{"idSuffix":"inner"}},"clearTextFirst":true,"interactionType":"ENTER_TEXT"}]}
COMMAND: POST /session/0631827be0a93fac797ef22e97364bed/execute/async - {"script":"<script> [1562 bytes]","args":[{"selector":{"id":"application-managesites-display-component---NewSite--addressDetailDetailsLanguage","interaction":{"idSuffix":"inner"}},"wdio_ui5_key":"applicationmanagesites-display-component---NewSite--addressDetailDetailsLanguage"}]}
RESULT: {"script":"<script> [1562 bytes]","args":[{"selector":{"id":"application-managesites-display-component---NewSite--addressDetailDetailsLanguage","interaction":{"idSuffix":"inner"}},"wdio_ui5_key":"applicationmanagesites-display-component---NewSite--addressDetailDetailsLanguage"}]}
RESULT: undefined
COMMAND: POST /session/0631827be0a93fac797ef22e97364bed/execute/async - {"script":"<script> [776 bytes]","args":[{"enterText":"Romanian","selector":{"id":"application-managesites-display-component---NewSite--addressDetailDetailsLanguage","interaction":{"idSuffix":"inner"}},"clearTextFirst":true,"interactionType":"ENTER_TEXT"}]}
RESULT: {"script":"<script> [776 bytes]","args":[{"enterText":"Romanian","selector":{"id":"application-managesites-display-component---NewSite--addressDetailDetailsLanguage","interaction":{"idSuffix":"inner"}},"clearTextFirst":true,"interactionType":"ENTER_TEXT"}]}
COMMAND: POST /session/0631827be0a93fac797ef22e97364bed/actions - {"actions":[{"id":"action6","type":"key","parameters":{},"actions":[{"type":"keyDown","value":"î€‡"},{"type":"pause","duration":10},{"type":"keyUp","value":"î€‡"}]}]}
RESULT: {"actions":[{"id":"action6","type":"key","parameters":{},"actions":[{"type":"keyDown","value":"î€‡"},{"type":"pause","duration":10},{"type":"keyUp","value":"î€‡"}]}]}
COMMAND: POST /session/0631827be0a93fac797ef22e97364bed/execute/async - {"script":"<script> [1562 bytes]","args":[{"selector":{"id":"application-managesites-display-component---NewSite--addressDetailDetailsCity1","interaction":{"idSuffix":"inner"}},"wdio_ui5_key":"applicationmanagesites-display-component---NewSite--addressDetailDetailsCity1"}]}
COMMAND: GET /session/0631827be0a93fac797ef22e97364bed/screenshot - {}
RESULT: {"script":"<script> [1562 bytes]","args":[{"selector":{"id":"application-managesites-display-component---NewSite--addressDetailDetailsCity1","interaction":{"idSuffix":"inner"}},"wdio_ui5_key":"applicationmanagesites-display-component---NewSite--addressDetailDetailsCity1"}]}
RESULT: undefined
COMMAND: POST /session/0631827be0a93fac797ef22e97364bed/execute/async - {"script":"<script> [776 bytes]","args":[{"enterText":"Bucharest","selector":{"id":"application-managesites-display-component---NewSite--addressDetailDetailsCity1","interaction":{"idSuffix":"inner"}},"clearTextFirst":true,"interactionType":"ENTER_TEXT"}]}
RESULT: {}
RESULT: {"script":"<script> [776 bytes]","args":[{"enterText":"Bucharest","selector":{"id":"application-managesites-display-component---NewSite--addressDetailDetailsCity1","interaction":{"idSuffix":"inner"}},"clearTextFirst":true,"interactionType":"ENTER_TEXT"}]}
COMMAND: POST /session/0631827be0a93fac797ef22e97364bed/actions - {"actions":[{"id":"action7","type":"key","parameters":{},"actions":[{"type":"keyDown","value":"î€‡"},{"type":"pause","duration":10},{"type":"keyUp","value":"î€‡"}]}]}
RESULT: {"actions":[{"id":"action7","type":"key","parameters":{},"actions":[{"type":"keyDown","value":"î€‡"},{"type":"pause","duration":10},{"type":"keyUp","value":"î€‡"}]}]}
COMMAND: POST /session/0631827be0a93fac797ef22e97364bed/execute/async - {"script":"<script> [1562 bytes]","args":[{"selector":{"id":"application-managesites-display-component---NewSite--addressDetailDetailsCountry","interaction":{"idSuffix":"inner"}},"wdio_ui5_key":"applicationmanagesites-display-component---NewSite--addressDetailDetailsCountry"}]}
COMMAND: GET /session/0631827be0a93fac797ef22e97364bed/screenshot - {}
RESULT: {"script":"<script> [1562 bytes]","args":[{"selector":{"id":"application-managesites-display-component---NewSite--addressDetailDetailsCountry","interaction":{"idSuffix":"inner"}},"wdio_ui5_key":"applicationmanagesites-display-component---NewSite--addressDetailDetailsCountry"}]}
RESULT: undefined
COMMAND: POST /session/0631827be0a93fac797ef22e97364bed/execute/async - {"script":"<script> [6424 bytes]","args":[{"element-6066-11e4-a52e-4f735466cecf":"f.1195843739892CF439726866CA7D4ED2.d.29BC3A00562BD1EE2A65BE8B52210CB0.e.1890"},"setValue",["Romania"]]}
RESULT: {}
RESULT: {"script":"<script> [6424 bytes]","args":[{"element-6066-11e4-a52e-4f735466cecf":"f.1195843739892CF439726866CA7D4ED2.d.29BC3A00562BD1EE2A65BE8B52210CB0.e.1890"},"setValue",["Romania"]]}
COMMAND: POST /session/0631827be0a93fac797ef22e97364bed/actions - {"actions":[{"id":"action8","type":"key","parameters":{},"actions":[{"type":"keyDown","value":"î€‡"},{"type":"pause","duration":10},{"type":"keyUp","value":"î€‡"}]}]}
RESULT: {"actions":[{"id":"action8","type":"key","parameters":{},"actions":[{"type":"keyDown","value":"î€‡"},{"type":"pause","duration":10},{"type":"keyUp","value":"î€‡"}]}]}
COMMAND: POST /session/0631827be0a93fac797ef22e97364bed/execute/async - {"script":"<script> [1562 bytes]","args":[{"selector":{"id":"application-managesites-display-component---NewSite--addressDetailDetailsCalendar","interaction":{"idSuffix":"inner"}},"wdio_ui5_key":"applicationmanagesites-display-component---NewSite--addressDetailDetailsCalendar"}]}
COMMAND: GET /session/0631827be0a93fac797ef22e97364bed/screenshot - {}
RESULT: {"script":"<script> [1562 bytes]","args":[{"selector":{"id":"application-managesites-display-component---NewSite--addressDetailDetailsCalendar","interaction":{"idSuffix":"inner"}},"wdio_ui5_key":"applicationmanagesites-display-component---NewSite--addressDetailDetailsCalendar"}]}
RESULT: undefined
COMMAND: POST /session/0631827be0a93fac797ef22e97364bed/execute/async - {"script":"<script> [776 bytes]","args":[{"enterText":"Germany","selector":{"id":"application-managesites-display-component---NewSite--addressDetailDetailsCalendar","interaction":{"idSuffix":"inner"}},"clearTextFirst":true,"interactionType":"ENTER_TEXT"}]}
RESULT: {}
RESULT: {"script":"<script> [776 bytes]","args":[{"enterText":"Germany","selector":{"id":"application-managesites-display-component---NewSite--addressDetailDetailsCalendar","interaction":{"idSuffix":"inner"}},"clearTextFirst":true,"interactionType":"ENTER_TEXT"}]}
COMMAND: POST /session/0631827be0a93fac797ef22e97364bed/actions - {"actions":[{"id":"action9","type":"key","parameters":{},"actions":[{"type":"keyDown","value":"î€‡"},{"type":"pause","duration":10},{"type":"keyUp","value":"î€‡"}]}]}
RESULT: {"actions":[{"id":"action9","type":"key","parameters":{},"actions":[{"type":"keyDown","value":"î€‡"},{"type":"pause","duration":10},{"type":"keyUp","value":"î€‡"}]}]}
COMMAND: POST /session/0631827be0a93fac797ef22e97364bed/execute/async - {"script":"<script> [1562 bytes]","args":[{"selector":{"id":"application-managesites-display-component---NewSite--addressEditDetailsCostObjectCstType","interaction":{"idSuffix":"inner"}},"wdio_ui5_key":"applicationmanagesites-display-component---NewSite--addressEditDetailsCostObjectCstType"}]}
COMMAND: GET /session/0631827be0a93fac797ef22e97364bed/screenshot - {}
RESULT: {"script":"<script> [1562 bytes]","args":[{"selector":{"id":"application-managesites-display-component---NewSite--addressEditDetailsCostObjectCstType","interaction":{"idSuffix":"inner"}},"wdio_ui5_key":"applicationmanagesites-display-component---NewSite--addressEditDetailsCostObjectCstType"}]}
RESULT: undefined
COMMAND: POST /session/0631827be0a93fac797ef22e97364bed/execute/async - {"script":"<script> [776 bytes]","args":[{"enterText":"Cost","selector":{"id":"application-managesites-display-component---NewSite--addressEditDetailsCostObjectCstType","interaction":{"idSuffix":"inner"}},"clearTextFirst":true,"interactionType":"ENTER_TEXT"}]}
RESULT: {}
RESULT: {"script":"<script> [776 bytes]","args":[{"enterText":"Cost","selector":{"id":"application-managesites-display-component---NewSite--addressEditDetailsCostObjectCstType","interaction":{"idSuffix":"inner"}},"clearTextFirst":true,"interactionType":"ENTER_TEXT"}]}
COMMAND: POST /session/0631827be0a93fac797ef22e97364bed/actions - {"actions":[{"id":"action10","type":"key","parameters":{},"actions":[{"type":"keyDown","value":"î€‡"},{"type":"pause","duration":10},{"type":"keyUp","value":"î€‡"}]}]}
RESULT: {"actions":[{"id":"action10","type":"key","parameters":{},"actions":[{"type":"keyDown","value":"î€‡"},{"type":"pause","duration":10},{"type":"keyUp","value":"î€‡"}]}]}
COMMAND: POST /session/0631827be0a93fac797ef22e97364bed/execute/async - {"script":"<script> [1562 bytes]","args":[{"selector":{"id":"application-managesites-display-component---NewSite--addressNewCostObjectCstID","interaction":{"idSuffix":"inner"}},"wdio_ui5_key":"applicationmanagesites-display-component---NewSite--addressNewCostObjectCstID"}]}
COMMAND: GET /session/0631827be0a93fac797ef22e97364bed/screenshot - {}
RESULT: {"script":"<script> [1562 bytes]","args":[{"selector":{"id":"application-managesites-display-component---NewSite--addressNewCostObjectCstID","interaction":{"idSuffix":"inner"}},"wdio_ui5_key":"applicationmanagesites-display-component---NewSite--addressNewCostObjectCstID"}]}
RESULT: undefined
COMMAND: POST /session/0631827be0a93fac797ef22e97364bed/execute/async - {"script":"<script> [776 bytes]","args":[{"enterText":"1001","selector":{"id":"application-managesites-display-component---NewSite--addressNewCostObjectCstID","interaction":{"idSuffix":"inner"}},"clearTextFirst":true,"interactionType":"ENTER_TEXT"}]}
RESULT: {}
RESULT: {"script":"<script> [776 bytes]","args":[{"enterText":"1001","selector":{"id":"application-managesites-display-component---NewSite--addressNewCostObjectCstID","interaction":{"idSuffix":"inner"}},"clearTextFirst":true,"interactionType":"ENTER_TEXT"}]}
COMMAND: POST /session/0631827be0a93fac797ef22e97364bed/actions - {"actions":[{"id":"action11","type":"key","parameters":{},"actions":[{"type":"keyDown","value":"î€‡"},{"type":"pause","duration":10},{"type":"keyUp","value":"î€‡"}]}]}
RESULT: {"actions":[{"id":"action11","type":"key","parameters":{},"actions":[{"type":"keyDown","value":"î€‡"},{"type":"pause","duration":10},{"type":"keyUp","value":"î€‡"}]}]}
COMMAND: POST /session/0631827be0a93fac797ef22e97364bed/element - {"using":"xpath","value":"//input[@id=\"application-managesites-display-component---NewSite--addressDetailDetailsYard-inner\"]"}
COMMAND: GET /session/0631827be0a93fac797ef22e97364bed/screenshot - {}
RESULT: {"using":"xpath","value":"//input[@id=\"application-managesites-display-component---NewSite--addressDetailDetailsYard-inner\"]"}
COMMAND: POST /session/0631827be0a93fac797ef22e97364bed/element/f.1195843739892CF439726866CA7D4ED2.d.29BC3A00562BD1EE2A65BE8B52210CB0.e.1901/value - {"text":"462"}
RESULT: {}
RESULT: {"text":"462"}
COMMAND: GET /session/0631827be0a93fac797ef22e97364bed/screenshot - {}
RESULT: {}
COMMAND: POST /session/0631827be0a93fac797ef22e97364bed/actions - {"actions":[{"id":"action12","type":"key","parameters":{},"actions":[{"type":"keyDown","value":"î€‡"},{"type":"pause","duration":10},{"type":"keyUp","value":"î€‡"}]}]}
RESULT: {"actions":[{"id":"action12","type":"key","parameters":{},"actions":[{"type":"keyDown","value":"î€‡"},{"type":"pause","duration":10},{"type":"keyUp","value":"î€‡"}]}]}
COMMAND: GET /session/0631827be0a93fac797ef22e97364bed/screenshot - {}
RESULT: {}
COMMAND: POST /session/0631827be0a93fac797ef22e97364bed/element - {"using":"xpath","value":"//input[@id=\"application-managesites-display-component---NewSite--addressDetailDetailsPartner-inner\"]"}
RESULT: {"using":"xpath","value":"//input[@id=\"application-managesites-display-component---NewSite--addressDetailDetailsPartner-inner\"]"}
COMMAND: POST /session/0631827be0a93fac797ef22e97364bed/elements - {"using":"xpath","value":"//input[@id=\"application-managesites-display-component---NewSite--addressDetailDetailsPartner-inner\"]"}
RESULT: {"using":"xpath","value":"//input[@id=\"application-managesites-display-component---NewSite--addressDetailDetailsPartner-inner\"]"}
COMMAND: POST /session/0631827be0a93fac797ef22e97364bed/execute/async - {"script":"<script> [1562 bytes]","args":[{"selector":{"controlType":"sap.m.Button","viewName":"etm.portal.ui.managesites.view.NewSmartSite","viewId":"application-managesites-display-component---NewSite","properties":{"text":"Commercial"},"interaction":{"idSuffix":"BDI-content"}},"wdio_ui5_key":"etmportal.ui.managesites.view.NewSmartSitesap.m.Button{\"text\":\"Commercial\"}"}]}
RESULT: {"script":"<script> [1562 bytes]","args":[{"selector":{"controlType":"sap.m.Button","viewName":"etm.portal.ui.managesites.view.NewSmartSite","viewId":"application-managesites-display-component---NewSite","properties":{"text":"Commercial"},"interaction":{"idSuffix":"BDI-content"}},"wdio_ui5_key":"etmportal.ui.managesites.view.NewSmartSitesap.m.Button{\"text\":\"Commercial\"}"}]}
RESULT: undefined
COMMAND: POST /session/0631827be0a93fac797ef22e97364bed/element - {"using":"xpath","value":"//*[@id=\"application-managesites-display-component---NewSite--ObjectPageLayout-anchBar-__section31-anchor\"]"}
RESULT: {"using":"xpath","value":"//*[@id=\"application-managesites-display-component---NewSite--ObjectPageLayout-anchBar-__section31-anchor\"]"}
COMMAND: POST /session/0631827be0a93fac797ef22e97364bed/element/f.1195843739892CF439726866CA7D4ED2.d.29BC3A00562BD1EE2A65BE8B52210CB0.e.2113/click - {}
RESULT: {}
COMMAND: POST /session/0631827be0a93fac797ef22e97364bed/execute/async - {"script":"<script> [1562 bytes]","args":[{"selector":{"id":"application-managesites-display-component---NewSite--siteWhmCheckBox-label","interaction":{"idSuffix":"bdi"}},"wdio_ui5_key":"applicationmanagesites-display-component---NewSite--siteWhmCheckBox-label"}]}
COMMAND: GET /session/0631827be0a93fac797ef22e97364bed/screenshot - {}
RESULT: {"script":"<script> [1562 bytes]","args":[{"selector":{"id":"application-managesites-display-component---NewSite--siteWhmCheckBox-label","interaction":{"idSuffix":"bdi"}},"wdio_ui5_key":"applicationmanagesites-display-component---NewSite--siteWhmCheckBox-label"}]}
RESULT: undefined
COMMAND: POST /session/0631827be0a93fac797ef22e97364bed/element - {"using":"xpath","value":"//*[@id=\"application-managesites-display-component---NewSite--siteWhmCheckBox-label\"]"}
RESULT: {}
RESULT: {"using":"xpath","value":"//*[@id=\"application-managesites-display-component---NewSite--siteWhmCheckBox-label\"]"}
COMMAND: POST /session/0631827be0a93fac797ef22e97364bed/element/f.1195843739892CF439726866CA7D4ED2.d.29BC3A00562BD1EE2A65BE8B52210CB0.e.2122/click - {}
RESULT: {}
COMMAND: POST /session/0631827be0a93fac797ef22e97364bed/execute/async - {"script":"<script> [1562 bytes]","args":[{"selector":{"controlType":"sap.m.Button","viewName":"etm.portal.ui.managesites.view.NewSmartSite","viewId":"application-managesites-display-component---NewSite","i18NText":{"propertyName":"text","key":"save"},"interaction":{"idSuffix":"BDI-content"}},"wdio_ui5_key":"etmportal.ui.managesites.view.NewSmartSitesap.m.Button{\"propertyName\":\"text\",\"key\":\"save\"}"}]}
COMMAND: GET /session/0631827be0a93fac797ef22e97364bed/screenshot - {}
RESULT: {"script":"<script> [1562 bytes]","args":[{"selector":{"controlType":"sap.m.Button","viewName":"etm.portal.ui.managesites.view.NewSmartSite","viewId":"application-managesites-display-component---NewSite","i18NText":{"propertyName":"text","key":"save"},"interaction":{"idSuffix":"BDI-content"}},"wdio_ui5_key":"etmportal.ui.managesites.view.NewSmartSitesap.m.Button{\"propertyName\":\"text\",\"key\":\"save\"}"}]}
RESULT: undefined
COMMAND: POST /session/0631827be0a93fac797ef22e97364bed/element - {"using":"xpath","value":"//*[@id=\"__button64\"]"}
RESULT: {}
RESULT: {"using":"xpath","value":"//*[@id=\"__button64\"]"}
COMMAND: POST /session/0631827be0a93fac797ef22e97364bed/element/f.1195843739892CF439726866CA7D4ED2.d.29BC3A00562BD1EE2A65BE8B52210CB0.e.2081/click - {}
RESULT: {}
COMMAND: GET /session/0631827be0a93fac797ef22e97364bed/screenshot - {}
RESULT: {}
COMMAND: POST /session/0631827be0a93fac797ef22e97364bed/element - {"using":"xpath","value":"//header/div/div[2]/div[2]/span"}
RESULT: {"using":"xpath","value":"//header/div/div[2]/div[2]/span"}
COMMAND: GET /session/0631827be0a93fac797ef22e97364bed/element/f.1195843739892CF439726866CA7D4ED2.d.29BC3A00562BD1EE2A65BE8B52210CB0.e.2326/text - {}
RESULT: {}
COMMAND: POST /session/0631827be0a93fac797ef22e97364bed/execute/async - {"script":"<script> [1562 bytes]","args":[{"selector":{"id":"application-managesites-display-component---detailSite--addressDetailDetailsYardText"},"wdio_ui5_key":"applicationmanagesites-display-component---detailSite--addressDetailDetailsYardText"}]}
RESULT: {"script":"<script> [1562 bytes]","args":[{"selector":{"id":"application-managesites-display-component---detailSite--addressDetailDetailsYardText"},"wdio_ui5_key":"applicationmanagesites-display-component---detailSite--addressDetailDetailsYardText"}]}
RESULT: undefined
COMMAND: POST /session/0631827be0a93fac797ef22e97364bed/execute/async - {"script":"<script> [1562 bytes]","args":[{"selector":{"controlType":"sap.m.Label","viewName":"etm.portal.ui.managesites.view.Detail","viewId":"application-managesites-display-component---detailSite","i18NText":{"propertyName":"text","key":"status"}},"wdio_ui5_key":"etmportal.ui.managesites.view.Detailsap.m.Label{\"propertyName\":\"text\",\"key\":\"status\"}"}]}
RESULT: {"script":"<script> [1562 bytes]","args":[{"selector":{"controlType":"sap.m.Label","viewName":"etm.portal.ui.managesites.view.Detail","viewId":"application-managesites-display-component---detailSite","i18NText":{"propertyName":"text","key":"status"}},"wdio_ui5_key":"etmportal.ui.managesites.view.Detailsap.m.Label{\"propertyName\":\"text\",\"key\":\"status\"}"}]}
RESULT: undefined
COMMAND: POST /session/0631827be0a93fac797ef22e97364bed/execute/async - {"script":"<script> [6424 bytes]","args":[{"element-6066-11e4-a52e-4f735466cecf":"f.1195843739892CF439726866CA7D4ED2.d.29BC3A00562BD1EE2A65BE8B52210CB0.e.2315"},"getText",[]]}
RESULT: {"script":"<script> [6424 bytes]","args":[{"element-6066-11e4-a52e-4f735466cecf":"f.1195843739892CF439726866CA7D4ED2.d.29BC3A00562BD1EE2A65BE8B52210CB0.e.2315"},"getText",[]]}
COMMAND: POST /session/0631827be0a93fac797ef22e97364bed/execute/async - {"script":"<script> [1562 bytes]","args":[{"selector":{"id":"shell-header","interaction":{"idSuffix":"icon"}},"wdio_ui5_key":"shellheader"}]}
RESULT: {"script":"<script> [1562 bytes]","args":[{"selector":{"id":"shell-header","interaction":{"idSuffix":"icon"}},"wdio_ui5_key":"shellheader"}]}
RESULT: undefined
COMMAND: POST /session/0631827be0a93fac797ef22e97364bed/element - {"using":"xpath","value":"//*[@id=\"shell-header\"]"}
RESULT: {"using":"xpath","value":"//*[@id=\"shell-header\"]"}
COMMAND: POST /session/0631827be0a93fac797ef22e97364bed/element/f.1195843739892CF439726866CA7D4ED2.d.29BC3A00562BD1EE2A65BE8B52210CB0.e.2327/click - {}
RESULT: {}
]]></system-out>
    </testcase>
    <testcase classname="chrome.135_0_7049_96.windows.Stock_increase_-_with_WHM_US125587" name="Create WHM material" time="233.784">
      <system-out><![CDATA[
COMMAND: POST /session/0631827be0a93fac797ef22e97364bed/element - {"using":"css selector","value":"#shell-header-logo"}
COMMAND: GET /session/0631827be0a93fac797ef22e97364bed/screenshot - {}
RESULT: {"using":"css selector","value":"#shell-header-logo"}
COMMAND: POST /session/0631827be0a93fac797ef22e97364bed/element/f.1195843739892CF439726866CA7D4ED2.d.29BC3A00562BD1EE2A65BE8B52210CB0.e.1652/click - {}
RESULT: {}
RESULT: {}
COMMAND: GET /session/0631827be0a93fac797ef22e97364bed/screenshot - {}
RESULT: {}
COMMAND: POST /session/0631827be0a93fac797ef22e97364bed/execute/async - {"script":"<script> [1562 bytes]","args":[{"selector":{"controlType":"sap.m.GenericTile","properties":{"header":"Manage Resources"}},"wdio_ui5_key":"sapm.GenericTile{\"header\":\"Manage Resources\"}"}]}
RESULT: {"script":"<script> [1562 bytes]","args":[{"selector":{"controlType":"sap.m.GenericTile","properties":{"header":"Manage Resources"}},"wdio_ui5_key":"sapm.GenericTile{\"header\":\"Manage Resources\"}"}]}
RESULT: undefined
COMMAND: POST /session/0631827be0a93fac797ef22e97364bed/element - {"using":"xpath","value":"//*[@id=\"__tile50\"]"}
RESULT: {"using":"xpath","value":"//*[@id=\"__tile50\"]"}
COMMAND: POST /session/0631827be0a93fac797ef22e97364bed/element/f.1195843739892CF439726866CA7D4ED2.d.29BC3A00562BD1EE2A65BE8B52210CB0.e.2332/click - {}
RESULT: {}
COMMAND: GET /session/0631827be0a93fac797ef22e97364bed/screenshot - {}
RESULT: {}
COMMAND: POST /session/0631827be0a93fac797ef22e97364bed/element - {"using":"xpath","value":"//button[@data-kt=\"addNewRUOverflowToolbarButton\"]"}
RESULT: {"using":"xpath","value":"//button[@data-kt=\"addNewRUOverflowToolbarButton\"]"}
COMMAND: POST /session/0631827be0a93fac797ef22e97364bed/execute/sync - {"script":"<script> [8489 bytes]","args":[{"element-6066-11e4-a52e-4f735466cecf":"f.1195843739892CF439726866CA7D4ED2.d.29BC3A00562BD1EE2A65BE8B52210CB0.e.2375","ELEMENT":"f.1195843739892CF439726866CA7D4ED2.d.29BC3A00562BD1EE2A65BE8B52210CB0.e.2375"}]}
RESULT: {"script":"<script> [8489 bytes]","args":[{"element-6066-11e4-a52e-4f735466cecf":"f.1195843739892CF439726866CA7D4ED2.d.29BC3A00562BD1EE2A65BE8B52210CB0.e.2375","ELEMENT":"f.1195843739892CF439726866CA7D4ED2.d.29BC3A00562BD1EE2A65BE8B52210CB0.e.2375"}]}
COMMAND: POST /session/0631827be0a93fac797ef22e97364bed/element/f.1195843739892CF439726866CA7D4ED2.d.29BC3A00562BD1EE2A65BE8B52210CB0.e.2375/click - {}
COMMAND: GET /session/0631827be0a93fac797ef22e97364bed/screenshot - {}
RESULT: {}
COMMAND: GET /session/0631827be0a93fac797ef22e97364bed/screenshot - {}
RESULT: {}
RESULT: {}
COMMAND: POST /session/0631827be0a93fac797ef22e97364bed/execute/async - {"script":"<script> [1562 bytes]","args":[{"selector":{"controlType":"sap.m.ComboBox","viewName":"reusables.view.manageresources.NewResourceUnit","viewId":"application-manageresources-display-component---newResourceUnit","bindingPath":{"path":"","propertyPath":"/RuTypes","modelName":"catalogModel"},"searchOpenDialogs":true},"wdio_ui5_key":"reusablesview.manageresources.NewResourceUnitsap.m.ComboBox{\"path\":\"\",\"propertyPath\":\"/RuTypes\",\"modelName\":\"catalogModel\"}"}]}
RESULT: {"script":"<script> [1562 bytes]","args":[{"selector":{"controlType":"sap.m.ComboBox","viewName":"reusables.view.manageresources.NewResourceUnit","viewId":"application-manageresources-display-component---newResourceUnit","bindingPath":{"path":"","propertyPath":"/RuTypes","modelName":"catalogModel"},"searchOpenDialogs":true},"wdio_ui5_key":"reusablesview.manageresources.NewResourceUnitsap.m.ComboBox{\"path\":\"\",\"propertyPath\":\"/RuTypes\",\"modelName\":\"catalogModel\"}"}]}
RESULT: undefined
COMMAND: POST /session/0631827be0a93fac797ef22e97364bed/execute/async - {"script":"<script> [1562 bytes]","args":[{"selector":{"controlType":"sap.m.ComboBox","viewName":"reusables.view.manageresources.NewResourceUnit","viewId":"application-manageresources-display-component---newResourceUnit","bindingPath":{"path":"","propertyPath":"/Yards","modelName":"catalogModel"},"searchOpenDialogs":true},"wdio_ui5_key":"reusablesview.manageresources.NewResourceUnitsap.m.ComboBox{\"path\":\"\",\"propertyPath\":\"/Yards\",\"modelName\":\"catalogModel\"}"}]}
RESULT: {"script":"<script> [1562 bytes]","args":[{"selector":{"controlType":"sap.m.ComboBox","viewName":"reusables.view.manageresources.NewResourceUnit","viewId":"application-manageresources-display-component---newResourceUnit","bindingPath":{"path":"","propertyPath":"/Yards","modelName":"catalogModel"},"searchOpenDialogs":true},"wdio_ui5_key":"reusablesview.manageresources.NewResourceUnitsap.m.ComboBox{\"path\":\"\",\"propertyPath\":\"/Yards\",\"modelName\":\"catalogModel\"}"}]}
RESULT: undefined
COMMAND: POST /session/0631827be0a93fac797ef22e97364bed/execute/async - {"script":"<script> [1562 bytes]","args":[{"selector":{"controlType":"etm.portal.ui.reusables.customControls.LiveSearchComboBox","viewName":"reusables.view.manageresources.NewResourceUnit","viewId":"application-manageresources-display-component---newResourceUnit","bindingPath":{"path":"","propertyPath":"/CatalogItems","modelName":"catalogModel"},"searchOpenDialogs":true},"wdio_ui5_key":"reusablesview.manageresources.NewResourceUnitetm.portal.ui.reusables.customControls.LiveSearchComboBox{\"path\":\"\",\"propertyPath\":\"/CatalogItems\",\"modelName\":\"catalogModel\"}"}]}
RESULT: {"script":"<script> [1562 bytes]","args":[{"selector":{"controlType":"etm.portal.ui.reusables.customControls.LiveSearchComboBox","viewName":"reusables.view.manageresources.NewResourceUnit","viewId":"application-manageresources-display-component---newResourceUnit","bindingPath":{"path":"","propertyPath":"/CatalogItems","modelName":"catalogModel"},"searchOpenDialogs":true},"wdio_ui5_key":"reusablesview.manageresources.NewResourceUnitetm.portal.ui.reusables.customControls.LiveSearchComboBox{\"path\":\"\",\"propertyPath\":\"/CatalogItems\",\"modelName\":\"catalogModel\"}"}]}
RESULT: undefined
COMMAND: POST /session/0631827be0a93fac797ef22e97364bed/element - {"using":"xpath","value":"//bdi[text()=\"OK\"]"}
RESULT: {"using":"xpath","value":"//bdi[text()=\"OK\"]"}
COMMAND: POST /session/0631827be0a93fac797ef22e97364bed/elements - {"using":"xpath","value":"//bdi[text()=\"OK\"]"}
RESULT: {"using":"xpath","value":"//bdi[text()=\"OK\"]"}
COMMAND: POST /session/0631827be0a93fac797ef22e97364bed/elements - {"using":"xpath","value":"//bdi[text()=\"OK\"]"}
RESULT: {"using":"xpath","value":"//bdi[text()=\"OK\"]"}
COMMAND: POST /session/0631827be0a93fac797ef22e97364bed/elements - {"using":"xpath","value":"//bdi[text()=\"OK\"]"}
RESULT: {"using":"xpath","value":"//bdi[text()=\"OK\"]"}
COMMAND: POST /session/0631827be0a93fac797ef22e97364bed/elements - {"using":"xpath","value":"//bdi[text()=\"OK\"]"}
RESULT: {"using":"xpath","value":"//bdi[text()=\"OK\"]"}
COMMAND: POST /session/0631827be0a93fac797ef22e97364bed/elements - {"using":"xpath","value":"//bdi[text()=\"OK\"]"}
RESULT: {"using":"xpath","value":"//bdi[text()=\"OK\"]"}
COMMAND: POST /session/0631827be0a93fac797ef22e97364bed/elements - {"using":"xpath","value":"//bdi[text()=\"OK\"]"}
RESULT: {"using":"xpath","value":"//bdi[text()=\"OK\"]"}
COMMAND: POST /session/0631827be0a93fac797ef22e97364bed/elements - {"using":"xpath","value":"//bdi[text()=\"OK\"]"}
RESULT: {"using":"xpath","value":"//bdi[text()=\"OK\"]"}
COMMAND: POST /session/0631827be0a93fac797ef22e97364bed/elements - {"using":"xpath","value":"//bdi[text()=\"OK\"]"}
RESULT: {"using":"xpath","value":"//bdi[text()=\"OK\"]"}
COMMAND: POST /session/0631827be0a93fac797ef22e97364bed/elements - {"using":"xpath","value":"//bdi[text()=\"OK\"]"}
RESULT: {"using":"xpath","value":"//bdi[text()=\"OK\"]"}
COMMAND: POST /session/0631827be0a93fac797ef22e97364bed/elements - {"using":"xpath","value":"//bdi[text()=\"OK\"]"}
RESULT: {"using":"xpath","value":"//bdi[text()=\"OK\"]"}
COMMAND: POST /session/0631827be0a93fac797ef22e97364bed/elements - {"using":"xpath","value":"//bdi[text()=\"OK\"]"}
RESULT: {"using":"xpath","value":"//bdi[text()=\"OK\"]"}
COMMAND: POST /session/0631827be0a93fac797ef22e97364bed/elements - {"using":"xpath","value":"//bdi[text()=\"OK\"]"}
RESULT: {"using":"xpath","value":"//bdi[text()=\"OK\"]"}
COMMAND: POST /session/0631827be0a93fac797ef22e97364bed/elements - {"using":"xpath","value":"//bdi[text()=\"OK\"]"}
RESULT: {"using":"xpath","value":"//bdi[text()=\"OK\"]"}
COMMAND: POST /session/0631827be0a93fac797ef22e97364bed/elements - {"using":"xpath","value":"//bdi[text()=\"OK\"]"}
RESULT: {"using":"xpath","value":"//bdi[text()=\"OK\"]"}
COMMAND: POST /session/0631827be0a93fac797ef22e97364bed/elements - {"using":"xpath","value":"//bdi[text()=\"OK\"]"}
RESULT: {"using":"xpath","value":"//bdi[text()=\"OK\"]"}
COMMAND: POST /session/0631827be0a93fac797ef22e97364bed/elements - {"using":"xpath","value":"//bdi[text()=\"OK\"]"}
RESULT: {"using":"xpath","value":"//bdi[text()=\"OK\"]"}
COMMAND: POST /session/0631827be0a93fac797ef22e97364bed/elements - {"using":"xpath","value":"//bdi[text()=\"OK\"]"}
RESULT: {"using":"xpath","value":"//bdi[text()=\"OK\"]"}
COMMAND: POST /session/0631827be0a93fac797ef22e97364bed/elements - {"using":"xpath","value":"//bdi[text()=\"OK\"]"}
RESULT: {"using":"xpath","value":"//bdi[text()=\"OK\"]"}
COMMAND: POST /session/0631827be0a93fac797ef22e97364bed/elements - {"using":"xpath","value":"//bdi[text()=\"OK\"]"}
RESULT: {"using":"xpath","value":"//bdi[text()=\"OK\"]"}
COMMAND: POST /session/0631827be0a93fac797ef22e97364bed/elements - {"using":"xpath","value":"//bdi[text()=\"OK\"]"}
RESULT: {"using":"xpath","value":"//bdi[text()=\"OK\"]"}
COMMAND: POST /session/0631827be0a93fac797ef22e97364bed/elements - {"using":"xpath","value":"//bdi[text()=\"OK\"]"}
RESULT: {"using":"xpath","value":"//bdi[text()=\"OK\"]"}
COMMAND: POST /session/0631827be0a93fac797ef22e97364bed/elements - {"using":"xpath","value":"//bdi[text()=\"OK\"]"}
RESULT: {"using":"xpath","value":"//bdi[text()=\"OK\"]"}
COMMAND: POST /session/0631827be0a93fac797ef22e97364bed/elements - {"using":"xpath","value":"//bdi[text()=\"OK\"]"}
RESULT: {"using":"xpath","value":"//bdi[text()=\"OK\"]"}
COMMAND: POST /session/0631827be0a93fac797ef22e97364bed/elements - {"using":"xpath","value":"//bdi[text()=\"OK\"]"}
RESULT: {"using":"xpath","value":"//bdi[text()=\"OK\"]"}
COMMAND: POST /session/0631827be0a93fac797ef22e97364bed/elements - {"using":"xpath","value":"//bdi[text()=\"OK\"]"}
RESULT: {"using":"xpath","value":"//bdi[text()=\"OK\"]"}
COMMAND: POST /session/0631827be0a93fac797ef22e97364bed/elements - {"using":"xpath","value":"//bdi[text()=\"OK\"]"}
RESULT: {"using":"xpath","value":"//bdi[text()=\"OK\"]"}
COMMAND: POST /session/0631827be0a93fac797ef22e97364bed/elements - {"using":"xpath","value":"//bdi[text()=\"OK\"]"}
RESULT: {"using":"xpath","value":"//bdi[text()=\"OK\"]"}
COMMAND: POST /session/0631827be0a93fac797ef22e97364bed/elements - {"using":"xpath","value":"//bdi[text()=\"OK\"]"}
RESULT: {"using":"xpath","value":"//bdi[text()=\"OK\"]"}
COMMAND: POST /session/0631827be0a93fac797ef22e97364bed/elements - {"using":"xpath","value":"//bdi[text()=\"OK\"]"}
RESULT: {"using":"xpath","value":"//bdi[text()=\"OK\"]"}
COMMAND: POST /session/0631827be0a93fac797ef22e97364bed/elements - {"using":"xpath","value":"//bdi[text()=\"OK\"]"}
RESULT: {"using":"xpath","value":"//bdi[text()=\"OK\"]"}
COMMAND: POST /session/0631827be0a93fac797ef22e97364bed/elements - {"using":"xpath","value":"//bdi[text()=\"OK\"]"}
RESULT: {"using":"xpath","value":"//bdi[text()=\"OK\"]"}
COMMAND: POST /session/0631827be0a93fac797ef22e97364bed/elements - {"using":"xpath","value":"//bdi[text()=\"OK\"]"}
RESULT: {"using":"xpath","value":"//bdi[text()=\"OK\"]"}
COMMAND: POST /session/0631827be0a93fac797ef22e97364bed/elements - {"using":"xpath","value":"//bdi[text()=\"OK\"]"}
RESULT: {"using":"xpath","value":"//bdi[text()=\"OK\"]"}
COMMAND: POST /session/0631827be0a93fac797ef22e97364bed/elements - {"using":"xpath","value":"//bdi[text()=\"OK\"]"}
RESULT: {"using":"xpath","value":"//bdi[text()=\"OK\"]"}
COMMAND: POST /session/0631827be0a93fac797ef22e97364bed/elements - {"using":"xpath","value":"//bdi[text()=\"OK\"]"}
RESULT: {"using":"xpath","value":"//bdi[text()=\"OK\"]"}
COMMAND: POST /session/0631827be0a93fac797ef22e97364bed/elements - {"using":"xpath","value":"//bdi[text()=\"OK\"]"}
RESULT: {"using":"xpath","value":"//bdi[text()=\"OK\"]"}
COMMAND: POST /session/0631827be0a93fac797ef22e97364bed/elements - {"using":"xpath","value":"//bdi[text()=\"OK\"]"}
RESULT: {"using":"xpath","value":"//bdi[text()=\"OK\"]"}
COMMAND: POST /session/0631827be0a93fac797ef22e97364bed/elements - {"using":"xpath","value":"//bdi[text()=\"OK\"]"}
RESULT: {"using":"xpath","value":"//bdi[text()=\"OK\"]"}
COMMAND: POST /session/0631827be0a93fac797ef22e97364bed/elements - {"using":"xpath","value":"//bdi[text()=\"OK\"]"}
RESULT: {"using":"xpath","value":"//bdi[text()=\"OK\"]"}
COMMAND: POST /session/0631827be0a93fac797ef22e97364bed/elements - {"using":"xpath","value":"//bdi[text()=\"OK\"]"}
RESULT: {"using":"xpath","value":"//bdi[text()=\"OK\"]"}
COMMAND: POST /session/0631827be0a93fac797ef22e97364bed/elements - {"using":"xpath","value":"//bdi[text()=\"OK\"]"}
RESULT: {"using":"xpath","value":"//bdi[text()=\"OK\"]"}
COMMAND: POST /session/0631827be0a93fac797ef22e97364bed/elements - {"using":"xpath","value":"//bdi[text()=\"OK\"]"}
RESULT: {"using":"xpath","value":"//bdi[text()=\"OK\"]"}
COMMAND: POST /session/0631827be0a93fac797ef22e97364bed/elements - {"using":"xpath","value":"//bdi[text()=\"OK\"]"}
RESULT: {"using":"xpath","value":"//bdi[text()=\"OK\"]"}
COMMAND: POST /session/0631827be0a93fac797ef22e97364bed/elements - {"using":"xpath","value":"//bdi[text()=\"OK\"]"}
RESULT: {"using":"xpath","value":"//bdi[text()=\"OK\"]"}
COMMAND: POST /session/0631827be0a93fac797ef22e97364bed/elements - {"using":"xpath","value":"//bdi[text()=\"OK\"]"}
RESULT: {"using":"xpath","value":"//bdi[text()=\"OK\"]"}
COMMAND: POST /session/0631827be0a93fac797ef22e97364bed/elements - {"using":"xpath","value":"//bdi[text()=\"OK\"]"}
RESULT: {"using":"xpath","value":"//bdi[text()=\"OK\"]"}
COMMAND: POST /session/0631827be0a93fac797ef22e97364bed/elements - {"using":"xpath","value":"//bdi[text()=\"OK\"]"}
RESULT: {"using":"xpath","value":"//bdi[text()=\"OK\"]"}
COMMAND: POST /session/0631827be0a93fac797ef22e97364bed/elements - {"using":"xpath","value":"//bdi[text()=\"OK\"]"}
RESULT: {"using":"xpath","value":"//bdi[text()=\"OK\"]"}
COMMAND: POST /session/0631827be0a93fac797ef22e97364bed/elements - {"using":"xpath","value":"//bdi[text()=\"OK\"]"}
RESULT: {"using":"xpath","value":"//bdi[text()=\"OK\"]"}
COMMAND: POST /session/0631827be0a93fac797ef22e97364bed/elements - {"using":"xpath","value":"//bdi[text()=\"OK\"]"}
RESULT: {"using":"xpath","value":"//bdi[text()=\"OK\"]"}
COMMAND: POST /session/0631827be0a93fac797ef22e97364bed/elements - {"using":"xpath","value":"//bdi[text()=\"OK\"]"}
RESULT: {"using":"xpath","value":"//bdi[text()=\"OK\"]"}
COMMAND: POST /session/0631827be0a93fac797ef22e97364bed/elements - {"using":"xpath","value":"//bdi[text()=\"OK\"]"}
RESULT: {"using":"xpath","value":"//bdi[text()=\"OK\"]"}
COMMAND: POST /session/0631827be0a93fac797ef22e97364bed/elements - {"using":"xpath","value":"//bdi[text()=\"OK\"]"}
RESULT: {"using":"xpath","value":"//bdi[text()=\"OK\"]"}
COMMAND: POST /session/0631827be0a93fac797ef22e97364bed/elements - {"using":"xpath","value":"//bdi[text()=\"OK\"]"}
RESULT: {"using":"xpath","value":"//bdi[text()=\"OK\"]"}
COMMAND: POST /session/0631827be0a93fac797ef22e97364bed/elements - {"using":"xpath","value":"//bdi[text()=\"OK\"]"}
RESULT: {"using":"xpath","value":"//bdi[text()=\"OK\"]"}
COMMAND: POST /session/0631827be0a93fac797ef22e97364bed/elements - {"using":"xpath","value":"//bdi[text()=\"OK\"]"}
RESULT: {"using":"xpath","value":"//bdi[text()=\"OK\"]"}
COMMAND: POST /session/0631827be0a93fac797ef22e97364bed/elements - {"using":"xpath","value":"//bdi[text()=\"OK\"]"}
RESULT: {"using":"xpath","value":"//bdi[text()=\"OK\"]"}
COMMAND: POST /session/0631827be0a93fac797ef22e97364bed/elements - {"using":"xpath","value":"//bdi[text()=\"OK\"]"}
RESULT: {"using":"xpath","value":"//bdi[text()=\"OK\"]"}
COMMAND: POST /session/0631827be0a93fac797ef22e97364bed/elements - {"using":"xpath","value":"//bdi[text()=\"OK\"]"}
RESULT: {"using":"xpath","value":"//bdi[text()=\"OK\"]"}
COMMAND: POST /session/0631827be0a93fac797ef22e97364bed/elements - {"using":"xpath","value":"//bdi[text()=\"OK\"]"}
RESULT: {"using":"xpath","value":"//bdi[text()=\"OK\"]"}
COMMAND: POST /session/0631827be0a93fac797ef22e97364bed/elements - {"using":"xpath","value":"//bdi[text()=\"OK\"]"}
RESULT: {"using":"xpath","value":"//bdi[text()=\"OK\"]"}
COMMAND: POST /session/0631827be0a93fac797ef22e97364bed/elements - {"using":"xpath","value":"//bdi[text()=\"OK\"]"}
RESULT: {"using":"xpath","value":"//bdi[text()=\"OK\"]"}
COMMAND: POST /session/0631827be0a93fac797ef22e97364bed/elements - {"using":"xpath","value":"//bdi[text()=\"OK\"]"}
RESULT: {"using":"xpath","value":"//bdi[text()=\"OK\"]"}
COMMAND: POST /session/0631827be0a93fac797ef22e97364bed/elements - {"using":"xpath","value":"//bdi[text()=\"OK\"]"}
RESULT: {"using":"xpath","value":"//bdi[text()=\"OK\"]"}
COMMAND: POST /session/0631827be0a93fac797ef22e97364bed/elements - {"using":"xpath","value":"//bdi[text()=\"OK\"]"}
RESULT: {"using":"xpath","value":"//bdi[text()=\"OK\"]"}
COMMAND: POST /session/0631827be0a93fac797ef22e97364bed/elements - {"using":"xpath","value":"//bdi[text()=\"OK\"]"}
RESULT: {"using":"xpath","value":"//bdi[text()=\"OK\"]"}
COMMAND: POST /session/0631827be0a93fac797ef22e97364bed/elements - {"using":"xpath","value":"//bdi[text()=\"OK\"]"}
RESULT: {"using":"xpath","value":"//bdi[text()=\"OK\"]"}
COMMAND: POST /session/0631827be0a93fac797ef22e97364bed/elements - {"using":"xpath","value":"//bdi[text()=\"OK\"]"}
RESULT: {"using":"xpath","value":"//bdi[text()=\"OK\"]"}
COMMAND: POST /session/0631827be0a93fac797ef22e97364bed/elements - {"using":"xpath","value":"//bdi[text()=\"OK\"]"}
RESULT: {"using":"xpath","value":"//bdi[text()=\"OK\"]"}
COMMAND: POST /session/0631827be0a93fac797ef22e97364bed/elements - {"using":"xpath","value":"//bdi[text()=\"OK\"]"}
RESULT: {"using":"xpath","value":"//bdi[text()=\"OK\"]"}
COMMAND: POST /session/0631827be0a93fac797ef22e97364bed/elements - {"using":"xpath","value":"//bdi[text()=\"OK\"]"}
RESULT: {"using":"xpath","value":"//bdi[text()=\"OK\"]"}
COMMAND: POST /session/0631827be0a93fac797ef22e97364bed/elements - {"using":"xpath","value":"//bdi[text()=\"OK\"]"}
RESULT: {"using":"xpath","value":"//bdi[text()=\"OK\"]"}
COMMAND: POST /session/0631827be0a93fac797ef22e97364bed/elements - {"using":"xpath","value":"//bdi[text()=\"OK\"]"}
RESULT: {"using":"xpath","value":"//bdi[text()=\"OK\"]"}
COMMAND: POST /session/0631827be0a93fac797ef22e97364bed/elements - {"using":"xpath","value":"//bdi[text()=\"OK\"]"}
RESULT: {"using":"xpath","value":"//bdi[text()=\"OK\"]"}
COMMAND: POST /session/0631827be0a93fac797ef22e97364bed/elements - {"using":"xpath","value":"//bdi[text()=\"OK\"]"}
RESULT: {"using":"xpath","value":"//bdi[text()=\"OK\"]"}
COMMAND: POST /session/0631827be0a93fac797ef22e97364bed/elements - {"using":"xpath","value":"//bdi[text()=\"OK\"]"}
RESULT: {"using":"xpath","value":"//bdi[text()=\"OK\"]"}
COMMAND: POST /session/0631827be0a93fac797ef22e97364bed/elements - {"using":"xpath","value":"//bdi[text()=\"OK\"]"}
RESULT: {"using":"xpath","value":"//bdi[text()=\"OK\"]"}
COMMAND: POST /session/0631827be0a93fac797ef22e97364bed/elements - {"using":"xpath","value":"//bdi[text()=\"OK\"]"}
RESULT: {"using":"xpath","value":"//bdi[text()=\"OK\"]"}
COMMAND: POST /session/0631827be0a93fac797ef22e97364bed/elements - {"using":"xpath","value":"//bdi[text()=\"OK\"]"}
RESULT: {"using":"xpath","value":"//bdi[text()=\"OK\"]"}
COMMAND: POST /session/0631827be0a93fac797ef22e97364bed/elements - {"using":"xpath","value":"//bdi[text()=\"OK\"]"}
RESULT: {"using":"xpath","value":"//bdi[text()=\"OK\"]"}
COMMAND: POST /session/0631827be0a93fac797ef22e97364bed/elements - {"using":"xpath","value":"//bdi[text()=\"OK\"]"}
RESULT: {"using":"xpath","value":"//bdi[text()=\"OK\"]"}
COMMAND: POST /session/0631827be0a93fac797ef22e97364bed/elements - {"using":"xpath","value":"//bdi[text()=\"OK\"]"}
RESULT: {"using":"xpath","value":"//bdi[text()=\"OK\"]"}
COMMAND: POST /session/0631827be0a93fac797ef22e97364bed/elements - {"using":"xpath","value":"//bdi[text()=\"OK\"]"}
RESULT: {"using":"xpath","value":"//bdi[text()=\"OK\"]"}
COMMAND: POST /session/0631827be0a93fac797ef22e97364bed/elements - {"using":"xpath","value":"//bdi[text()=\"OK\"]"}
RESULT: {"using":"xpath","value":"//bdi[text()=\"OK\"]"}
COMMAND: POST /session/0631827be0a93fac797ef22e97364bed/elements - {"using":"xpath","value":"//bdi[text()=\"OK\"]"}
RESULT: {"using":"xpath","value":"//bdi[text()=\"OK\"]"}
COMMAND: POST /session/0631827be0a93fac797ef22e97364bed/elements - {"using":"xpath","value":"//bdi[text()=\"OK\"]"}
RESULT: {"using":"xpath","value":"//bdi[text()=\"OK\"]"}
COMMAND: POST /session/0631827be0a93fac797ef22e97364bed/elements - {"using":"xpath","value":"//bdi[text()=\"OK\"]"}
RESULT: {"using":"xpath","value":"//bdi[text()=\"OK\"]"}
COMMAND: POST /session/0631827be0a93fac797ef22e97364bed/elements - {"using":"xpath","value":"//bdi[text()=\"OK\"]"}
RESULT: {"using":"xpath","value":"//bdi[text()=\"OK\"]"}
COMMAND: POST /session/0631827be0a93fac797ef22e97364bed/elements - {"using":"xpath","value":"//bdi[text()=\"OK\"]"}
RESULT: {"using":"xpath","value":"//bdi[text()=\"OK\"]"}
COMMAND: POST /session/0631827be0a93fac797ef22e97364bed/elements - {"using":"xpath","value":"//bdi[text()=\"OK\"]"}
RESULT: {"using":"xpath","value":"//bdi[text()=\"OK\"]"}
COMMAND: POST /session/0631827be0a93fac797ef22e97364bed/elements - {"using":"xpath","value":"//bdi[text()=\"OK\"]"}
RESULT: {"using":"xpath","value":"//bdi[text()=\"OK\"]"}
COMMAND: POST /session/0631827be0a93fac797ef22e97364bed/elements - {"using":"xpath","value":"//bdi[text()=\"OK\"]"}
RESULT: {"using":"xpath","value":"//bdi[text()=\"OK\"]"}
COMMAND: POST /session/0631827be0a93fac797ef22e97364bed/elements - {"using":"xpath","value":"//bdi[text()=\"OK\"]"}
RESULT: {"using":"xpath","value":"//bdi[text()=\"OK\"]"}
COMMAND: POST /session/0631827be0a93fac797ef22e97364bed/elements - {"using":"xpath","value":"//bdi[text()=\"OK\"]"}
RESULT: {"using":"xpath","value":"//bdi[text()=\"OK\"]"}
COMMAND: POST /session/0631827be0a93fac797ef22e97364bed/elements - {"using":"xpath","value":"//bdi[text()=\"OK\"]"}
RESULT: {"using":"xpath","value":"//bdi[text()=\"OK\"]"}
COMMAND: POST /session/0631827be0a93fac797ef22e97364bed/elements - {"using":"xpath","value":"//bdi[text()=\"OK\"]"}
RESULT: {"using":"xpath","value":"//bdi[text()=\"OK\"]"}
COMMAND: POST /session/0631827be0a93fac797ef22e97364bed/elements - {"using":"xpath","value":"//bdi[text()=\"OK\"]"}
RESULT: {"using":"xpath","value":"//bdi[text()=\"OK\"]"}
COMMAND: POST /session/0631827be0a93fac797ef22e97364bed/elements - {"using":"xpath","value":"//bdi[text()=\"OK\"]"}
RESULT: {"using":"xpath","value":"//bdi[text()=\"OK\"]"}
COMMAND: POST /session/0631827be0a93fac797ef22e97364bed/elements - {"using":"xpath","value":"//bdi[text()=\"OK\"]"}
RESULT: {"using":"xpath","value":"//bdi[text()=\"OK\"]"}
COMMAND: POST /session/0631827be0a93fac797ef22e97364bed/elements - {"using":"xpath","value":"//bdi[text()=\"OK\"]"}
RESULT: {"using":"xpath","value":"//bdi[text()=\"OK\"]"}
COMMAND: POST /session/0631827be0a93fac797ef22e97364bed/elements - {"using":"xpath","value":"//bdi[text()=\"OK\"]"}
RESULT: {"using":"xpath","value":"//bdi[text()=\"OK\"]"}
COMMAND: POST /session/0631827be0a93fac797ef22e97364bed/elements - {"using":"xpath","value":"//bdi[text()=\"OK\"]"}
RESULT: {"using":"xpath","value":"//bdi[text()=\"OK\"]"}
COMMAND: POST /session/0631827be0a93fac797ef22e97364bed/elements - {"using":"xpath","value":"//bdi[text()=\"OK\"]"}
RESULT: {"using":"xpath","value":"//bdi[text()=\"OK\"]"}
COMMAND: POST /session/0631827be0a93fac797ef22e97364bed/elements - {"using":"xpath","value":"//bdi[text()=\"OK\"]"}
RESULT: {"using":"xpath","value":"//bdi[text()=\"OK\"]"}
COMMAND: POST /session/0631827be0a93fac797ef22e97364bed/elements - {"using":"xpath","value":"//bdi[text()=\"OK\"]"}
RESULT: {"using":"xpath","value":"//bdi[text()=\"OK\"]"}
COMMAND: POST /session/0631827be0a93fac797ef22e97364bed/elements - {"using":"xpath","value":"//bdi[text()=\"OK\"]"}
RESULT: {"using":"xpath","value":"//bdi[text()=\"OK\"]"}
COMMAND: POST /session/0631827be0a93fac797ef22e97364bed/elements - {"using":"xpath","value":"//bdi[text()=\"OK\"]"}
RESULT: {"using":"xpath","value":"//bdi[text()=\"OK\"]"}
COMMAND: POST /session/0631827be0a93fac797ef22e97364bed/elements - {"using":"xpath","value":"//bdi[text()=\"OK\"]"}
RESULT: {"using":"xpath","value":"//bdi[text()=\"OK\"]"}
COMMAND: POST /session/0631827be0a93fac797ef22e97364bed/elements - {"using":"xpath","value":"//bdi[text()=\"OK\"]"}
RESULT: {"using":"xpath","value":"//bdi[text()=\"OK\"]"}
COMMAND: POST /session/0631827be0a93fac797ef22e97364bed/elements - {"using":"xpath","value":"//bdi[text()=\"OK\"]"}
RESULT: {"using":"xpath","value":"//bdi[text()=\"OK\"]"}
COMMAND: POST /session/0631827be0a93fac797ef22e97364bed/elements - {"using":"xpath","value":"//bdi[text()=\"OK\"]"}
RESULT: {"using":"xpath","value":"//bdi[text()=\"OK\"]"}
COMMAND: POST /session/0631827be0a93fac797ef22e97364bed/elements - {"using":"xpath","value":"//bdi[text()=\"OK\"]"}
RESULT: {"using":"xpath","value":"//bdi[text()=\"OK\"]"}
COMMAND: POST /session/0631827be0a93fac797ef22e97364bed/elements - {"using":"xpath","value":"//bdi[text()=\"OK\"]"}
RESULT: {"using":"xpath","value":"//bdi[text()=\"OK\"]"}
COMMAND: POST /session/0631827be0a93fac797ef22e97364bed/elements - {"using":"xpath","value":"//bdi[text()=\"OK\"]"}
RESULT: {"using":"xpath","value":"//bdi[text()=\"OK\"]"}
COMMAND: POST /session/0631827be0a93fac797ef22e97364bed/elements - {"using":"xpath","value":"//bdi[text()=\"OK\"]"}
RESULT: {"using":"xpath","value":"//bdi[text()=\"OK\"]"}
COMMAND: POST /session/0631827be0a93fac797ef22e97364bed/elements - {"using":"xpath","value":"//bdi[text()=\"OK\"]"}
RESULT: {"using":"xpath","value":"//bdi[text()=\"OK\"]"}
COMMAND: POST /session/0631827be0a93fac797ef22e97364bed/elements - {"using":"xpath","value":"//bdi[text()=\"OK\"]"}
RESULT: {"using":"xpath","value":"//bdi[text()=\"OK\"]"}
COMMAND: POST /session/0631827be0a93fac797ef22e97364bed/elements - {"using":"xpath","value":"//bdi[text()=\"OK\"]"}
RESULT: {"using":"xpath","value":"//bdi[text()=\"OK\"]"}
COMMAND: POST /session/0631827be0a93fac797ef22e97364bed/elements - {"using":"xpath","value":"//bdi[text()=\"OK\"]"}
RESULT: {"using":"xpath","value":"//bdi[text()=\"OK\"]"}
COMMAND: POST /session/0631827be0a93fac797ef22e97364bed/elements - {"using":"xpath","value":"//bdi[text()=\"OK\"]"}
RESULT: {"using":"xpath","value":"//bdi[text()=\"OK\"]"}
COMMAND: POST /session/0631827be0a93fac797ef22e97364bed/element - {"using":"xpath","value":"//bdi[text()=\"OK\"]"}
RESULT: {"using":"xpath","value":"//bdi[text()=\"OK\"]"}
COMMAND: POST /session/0631827be0a93fac797ef22e97364bed/elements - {"using":"xpath","value":"//bdi[text()=\"OK\"]"}
RESULT: {"using":"xpath","value":"//bdi[text()=\"OK\"]"}
COMMAND: POST /session/0631827be0a93fac797ef22e97364bed/elements - {"using":"xpath","value":"//bdi[text()=\"OK\"]"}
RESULT: {"using":"xpath","value":"//bdi[text()=\"OK\"]"}
COMMAND: POST /session/0631827be0a93fac797ef22e97364bed/elements - {"using":"xpath","value":"//bdi[text()=\"OK\"]"}
RESULT: {"using":"xpath","value":"//bdi[text()=\"OK\"]"}
COMMAND: POST /session/0631827be0a93fac797ef22e97364bed/elements - {"using":"xpath","value":"//bdi[text()=\"OK\"]"}
RESULT: {"using":"xpath","value":"//bdi[text()=\"OK\"]"}
COMMAND: POST /session/0631827be0a93fac797ef22e97364bed/elements - {"using":"xpath","value":"//bdi[text()=\"OK\"]"}
RESULT: {"using":"xpath","value":"//bdi[text()=\"OK\"]"}
COMMAND: POST /session/0631827be0a93fac797ef22e97364bed/elements - {"using":"xpath","value":"//bdi[text()=\"OK\"]"}
RESULT: {"using":"xpath","value":"//bdi[text()=\"OK\"]"}
COMMAND: POST /session/0631827be0a93fac797ef22e97364bed/elements - {"using":"xpath","value":"//bdi[text()=\"OK\"]"}
RESULT: {"using":"xpath","value":"//bdi[text()=\"OK\"]"}
COMMAND: POST /session/0631827be0a93fac797ef22e97364bed/elements - {"using":"xpath","value":"//bdi[text()=\"OK\"]"}
RESULT: {"using":"xpath","value":"//bdi[text()=\"OK\"]"}
COMMAND: POST /session/0631827be0a93fac797ef22e97364bed/elements - {"using":"xpath","value":"//bdi[text()=\"OK\"]"}
RESULT: {"using":"xpath","value":"//bdi[text()=\"OK\"]"}
COMMAND: POST /session/0631827be0a93fac797ef22e97364bed/elements - {"using":"xpath","value":"//bdi[text()=\"OK\"]"}
RESULT: {"using":"xpath","value":"//bdi[text()=\"OK\"]"}
COMMAND: POST /session/0631827be0a93fac797ef22e97364bed/elements - {"using":"xpath","value":"//bdi[text()=\"OK\"]"}
RESULT: {"using":"xpath","value":"//bdi[text()=\"OK\"]"}
COMMAND: POST /session/0631827be0a93fac797ef22e97364bed/elements - {"using":"xpath","value":"//bdi[text()=\"OK\"]"}
RESULT: {"using":"xpath","value":"//bdi[text()=\"OK\"]"}
COMMAND: POST /session/0631827be0a93fac797ef22e97364bed/elements - {"using":"xpath","value":"//bdi[text()=\"OK\"]"}
RESULT: {"using":"xpath","value":"//bdi[text()=\"OK\"]"}
COMMAND: POST /session/0631827be0a93fac797ef22e97364bed/elements - {"using":"xpath","value":"//bdi[text()=\"OK\"]"}
RESULT: {"using":"xpath","value":"//bdi[text()=\"OK\"]"}
COMMAND: POST /session/0631827be0a93fac797ef22e97364bed/elements - {"using":"xpath","value":"//bdi[text()=\"OK\"]"}
RESULT: {"using":"xpath","value":"//bdi[text()=\"OK\"]"}
COMMAND: POST /session/0631827be0a93fac797ef22e97364bed/elements - {"using":"xpath","value":"//bdi[text()=\"OK\"]"}
RESULT: {"using":"xpath","value":"//bdi[text()=\"OK\"]"}
COMMAND: POST /session/0631827be0a93fac797ef22e97364bed/elements - {"using":"xpath","value":"//bdi[text()=\"OK\"]"}
RESULT: {"using":"xpath","value":"//bdi[text()=\"OK\"]"}
COMMAND: POST /session/0631827be0a93fac797ef22e97364bed/elements - {"using":"xpath","value":"//bdi[text()=\"OK\"]"}
RESULT: {"using":"xpath","value":"//bdi[text()=\"OK\"]"}
COMMAND: POST /session/0631827be0a93fac797ef22e97364bed/elements - {"using":"xpath","value":"//bdi[text()=\"OK\"]"}
RESULT: {"using":"xpath","value":"//bdi[text()=\"OK\"]"}
COMMAND: POST /session/0631827be0a93fac797ef22e97364bed/elements - {"using":"xpath","value":"//bdi[text()=\"OK\"]"}
RESULT: {"using":"xpath","value":"//bdi[text()=\"OK\"]"}
COMMAND: POST /session/0631827be0a93fac797ef22e97364bed/elements - {"using":"xpath","value":"//bdi[text()=\"OK\"]"}
RESULT: {"using":"xpath","value":"//bdi[text()=\"OK\"]"}
COMMAND: POST /session/0631827be0a93fac797ef22e97364bed/elements - {"using":"xpath","value":"//bdi[text()=\"OK\"]"}
RESULT: {"using":"xpath","value":"//bdi[text()=\"OK\"]"}
COMMAND: POST /session/0631827be0a93fac797ef22e97364bed/elements - {"using":"xpath","value":"//bdi[text()=\"OK\"]"}
RESULT: {"using":"xpath","value":"//bdi[text()=\"OK\"]"}
COMMAND: POST /session/0631827be0a93fac797ef22e97364bed/elements - {"using":"xpath","value":"//bdi[text()=\"OK\"]"}
RESULT: {"using":"xpath","value":"//bdi[text()=\"OK\"]"}
COMMAND: POST /session/0631827be0a93fac797ef22e97364bed/elements - {"using":"xpath","value":"//bdi[text()=\"OK\"]"}
RESULT: {"using":"xpath","value":"//bdi[text()=\"OK\"]"}
COMMAND: POST /session/0631827be0a93fac797ef22e97364bed/elements - {"using":"xpath","value":"//bdi[text()=\"OK\"]"}
RESULT: {"using":"xpath","value":"//bdi[text()=\"OK\"]"}
COMMAND: POST /session/0631827be0a93fac797ef22e97364bed/elements - {"using":"xpath","value":"//bdi[text()=\"OK\"]"}
RESULT: {"using":"xpath","value":"//bdi[text()=\"OK\"]"}
COMMAND: POST /session/0631827be0a93fac797ef22e97364bed/elements - {"using":"xpath","value":"//bdi[text()=\"OK\"]"}
RESULT: {"using":"xpath","value":"//bdi[text()=\"OK\"]"}
COMMAND: POST /session/0631827be0a93fac797ef22e97364bed/elements - {"using":"xpath","value":"//bdi[text()=\"OK\"]"}
RESULT: {"using":"xpath","value":"//bdi[text()=\"OK\"]"}
COMMAND: POST /session/0631827be0a93fac797ef22e97364bed/elements - {"using":"xpath","value":"//bdi[text()=\"OK\"]"}
RESULT: {"using":"xpath","value":"//bdi[text()=\"OK\"]"}
COMMAND: POST /session/0631827be0a93fac797ef22e97364bed/elements - {"using":"xpath","value":"//bdi[text()=\"OK\"]"}
RESULT: {"using":"xpath","value":"//bdi[text()=\"OK\"]"}
COMMAND: POST /session/0631827be0a93fac797ef22e97364bed/elements - {"using":"xpath","value":"//bdi[text()=\"OK\"]"}
RESULT: {"using":"xpath","value":"//bdi[text()=\"OK\"]"}
COMMAND: POST /session/0631827be0a93fac797ef22e97364bed/elements - {"using":"xpath","value":"//bdi[text()=\"OK\"]"}
RESULT: {"using":"xpath","value":"//bdi[text()=\"OK\"]"}
COMMAND: POST /session/0631827be0a93fac797ef22e97364bed/elements - {"using":"xpath","value":"//bdi[text()=\"OK\"]"}
RESULT: {"using":"xpath","value":"//bdi[text()=\"OK\"]"}
COMMAND: POST /session/0631827be0a93fac797ef22e97364bed/elements - {"using":"xpath","value":"//bdi[text()=\"OK\"]"}
RESULT: {"using":"xpath","value":"//bdi[text()=\"OK\"]"}
COMMAND: POST /session/0631827be0a93fac797ef22e97364bed/elements - {"using":"xpath","value":"//bdi[text()=\"OK\"]"}
RESULT: {"using":"xpath","value":"//bdi[text()=\"OK\"]"}
COMMAND: POST /session/0631827be0a93fac797ef22e97364bed/elements - {"using":"xpath","value":"//bdi[text()=\"OK\"]"}
RESULT: {"using":"xpath","value":"//bdi[text()=\"OK\"]"}
COMMAND: POST /session/0631827be0a93fac797ef22e97364bed/elements - {"using":"xpath","value":"//bdi[text()=\"OK\"]"}
RESULT: {"using":"xpath","value":"//bdi[text()=\"OK\"]"}
COMMAND: POST /session/0631827be0a93fac797ef22e97364bed/elements - {"using":"xpath","value":"//bdi[text()=\"OK\"]"}
RESULT: {"using":"xpath","value":"//bdi[text()=\"OK\"]"}
COMMAND: POST /session/0631827be0a93fac797ef22e97364bed/elements - {"using":"xpath","value":"//bdi[text()=\"OK\"]"}
RESULT: {"using":"xpath","value":"//bdi[text()=\"OK\"]"}
COMMAND: POST /session/0631827be0a93fac797ef22e97364bed/elements - {"using":"xpath","value":"//bdi[text()=\"OK\"]"}
RESULT: {"using":"xpath","value":"//bdi[text()=\"OK\"]"}
COMMAND: POST /session/0631827be0a93fac797ef22e97364bed/elements - {"using":"xpath","value":"//bdi[text()=\"OK\"]"}
RESULT: {"using":"xpath","value":"//bdi[text()=\"OK\"]"}
COMMAND: POST /session/0631827be0a93fac797ef22e97364bed/elements - {"using":"xpath","value":"//bdi[text()=\"OK\"]"}
RESULT: {"using":"xpath","value":"//bdi[text()=\"OK\"]"}
COMMAND: POST /session/0631827be0a93fac797ef22e97364bed/elements - {"using":"xpath","value":"//bdi[text()=\"OK\"]"}
RESULT: {"using":"xpath","value":"//bdi[text()=\"OK\"]"}
COMMAND: POST /session/0631827be0a93fac797ef22e97364bed/elements - {"using":"xpath","value":"//bdi[text()=\"OK\"]"}
RESULT: {"using":"xpath","value":"//bdi[text()=\"OK\"]"}
COMMAND: POST /session/0631827be0a93fac797ef22e97364bed/elements - {"using":"xpath","value":"//bdi[text()=\"OK\"]"}
RESULT: {"using":"xpath","value":"//bdi[text()=\"OK\"]"}
COMMAND: POST /session/0631827be0a93fac797ef22e97364bed/elements - {"using":"xpath","value":"//bdi[text()=\"OK\"]"}
RESULT: {"using":"xpath","value":"//bdi[text()=\"OK\"]"}
COMMAND: POST /session/0631827be0a93fac797ef22e97364bed/elements - {"using":"xpath","value":"//bdi[text()=\"OK\"]"}
RESULT: {"using":"xpath","value":"//bdi[text()=\"OK\"]"}
COMMAND: POST /session/0631827be0a93fac797ef22e97364bed/elements - {"using":"xpath","value":"//bdi[text()=\"OK\"]"}
RESULT: {"using":"xpath","value":"//bdi[text()=\"OK\"]"}
COMMAND: POST /session/0631827be0a93fac797ef22e97364bed/elements - {"using":"xpath","value":"//bdi[text()=\"OK\"]"}
RESULT: {"using":"xpath","value":"//bdi[text()=\"OK\"]"}
COMMAND: POST /session/0631827be0a93fac797ef22e97364bed/elements - {"using":"xpath","value":"//bdi[text()=\"OK\"]"}
RESULT: {"using":"xpath","value":"//bdi[text()=\"OK\"]"}
COMMAND: POST /session/0631827be0a93fac797ef22e97364bed/elements - {"using":"xpath","value":"//bdi[text()=\"OK\"]"}
RESULT: {"using":"xpath","value":"//bdi[text()=\"OK\"]"}
COMMAND: POST /session/0631827be0a93fac797ef22e97364bed/elements - {"using":"xpath","value":"//bdi[text()=\"OK\"]"}
RESULT: {"using":"xpath","value":"//bdi[text()=\"OK\"]"}
COMMAND: POST /session/0631827be0a93fac797ef22e97364bed/elements - {"using":"xpath","value":"//bdi[text()=\"OK\"]"}
RESULT: {"using":"xpath","value":"//bdi[text()=\"OK\"]"}
COMMAND: POST /session/0631827be0a93fac797ef22e97364bed/elements - {"using":"xpath","value":"//bdi[text()=\"OK\"]"}
RESULT: {"using":"xpath","value":"//bdi[text()=\"OK\"]"}
COMMAND: POST /session/0631827be0a93fac797ef22e97364bed/elements - {"using":"xpath","value":"//bdi[text()=\"OK\"]"}
RESULT: {"using":"xpath","value":"//bdi[text()=\"OK\"]"}
COMMAND: POST /session/0631827be0a93fac797ef22e97364bed/elements - {"using":"xpath","value":"//bdi[text()=\"OK\"]"}
RESULT: {"using":"xpath","value":"//bdi[text()=\"OK\"]"}
COMMAND: POST /session/0631827be0a93fac797ef22e97364bed/elements - {"using":"xpath","value":"//bdi[text()=\"OK\"]"}
RESULT: {"using":"xpath","value":"//bdi[text()=\"OK\"]"}
COMMAND: POST /session/0631827be0a93fac797ef22e97364bed/elements - {"using":"xpath","value":"//bdi[text()=\"OK\"]"}
RESULT: {"using":"xpath","value":"//bdi[text()=\"OK\"]"}
COMMAND: POST /session/0631827be0a93fac797ef22e97364bed/elements - {"using":"xpath","value":"//bdi[text()=\"OK\"]"}
RESULT: {"using":"xpath","value":"//bdi[text()=\"OK\"]"}
COMMAND: POST /session/0631827be0a93fac797ef22e97364bed/elements - {"using":"xpath","value":"//bdi[text()=\"OK\"]"}
RESULT: {"using":"xpath","value":"//bdi[text()=\"OK\"]"}
COMMAND: POST /session/0631827be0a93fac797ef22e97364bed/elements - {"using":"xpath","value":"//bdi[text()=\"OK\"]"}
RESULT: {"using":"xpath","value":"//bdi[text()=\"OK\"]"}
COMMAND: POST /session/0631827be0a93fac797ef22e97364bed/elements - {"using":"xpath","value":"//bdi[text()=\"OK\"]"}
RESULT: {"using":"xpath","value":"//bdi[text()=\"OK\"]"}
COMMAND: POST /session/0631827be0a93fac797ef22e97364bed/elements - {"using":"xpath","value":"//bdi[text()=\"OK\"]"}
RESULT: {"using":"xpath","value":"//bdi[text()=\"OK\"]"}
COMMAND: POST /session/0631827be0a93fac797ef22e97364bed/elements - {"using":"xpath","value":"//bdi[text()=\"OK\"]"}
RESULT: {"using":"xpath","value":"//bdi[text()=\"OK\"]"}
COMMAND: POST /session/0631827be0a93fac797ef22e97364bed/elements - {"using":"xpath","value":"//bdi[text()=\"OK\"]"}
RESULT: {"using":"xpath","value":"//bdi[text()=\"OK\"]"}
COMMAND: POST /session/0631827be0a93fac797ef22e97364bed/elements - {"using":"xpath","value":"//bdi[text()=\"OK\"]"}
RESULT: {"using":"xpath","value":"//bdi[text()=\"OK\"]"}
COMMAND: POST /session/0631827be0a93fac797ef22e97364bed/elements - {"using":"xpath","value":"//bdi[text()=\"OK\"]"}
RESULT: {"using":"xpath","value":"//bdi[text()=\"OK\"]"}
COMMAND: POST /session/0631827be0a93fac797ef22e97364bed/elements - {"using":"xpath","value":"//bdi[text()=\"OK\"]"}
RESULT: {"using":"xpath","value":"//bdi[text()=\"OK\"]"}
COMMAND: POST /session/0631827be0a93fac797ef22e97364bed/elements - {"using":"xpath","value":"//bdi[text()=\"OK\"]"}
RESULT: {"using":"xpath","value":"//bdi[text()=\"OK\"]"}
COMMAND: POST /session/0631827be0a93fac797ef22e97364bed/elements - {"using":"xpath","value":"//bdi[text()=\"OK\"]"}
RESULT: {"using":"xpath","value":"//bdi[text()=\"OK\"]"}
COMMAND: POST /session/0631827be0a93fac797ef22e97364bed/elements - {"using":"xpath","value":"//bdi[text()=\"OK\"]"}
RESULT: {"using":"xpath","value":"//bdi[text()=\"OK\"]"}
COMMAND: POST /session/0631827be0a93fac797ef22e97364bed/elements - {"using":"xpath","value":"//bdi[text()=\"OK\"]"}
RESULT: {"using":"xpath","value":"//bdi[text()=\"OK\"]"}
COMMAND: POST /session/0631827be0a93fac797ef22e97364bed/elements - {"using":"xpath","value":"//bdi[text()=\"OK\"]"}
RESULT: {"using":"xpath","value":"//bdi[text()=\"OK\"]"}
COMMAND: POST /session/0631827be0a93fac797ef22e97364bed/elements - {"using":"xpath","value":"//bdi[text()=\"OK\"]"}
RESULT: {"using":"xpath","value":"//bdi[text()=\"OK\"]"}
COMMAND: POST /session/0631827be0a93fac797ef22e97364bed/elements - {"using":"xpath","value":"//bdi[text()=\"OK\"]"}
RESULT: {"using":"xpath","value":"//bdi[text()=\"OK\"]"}
COMMAND: POST /session/0631827be0a93fac797ef22e97364bed/elements - {"using":"xpath","value":"//bdi[text()=\"OK\"]"}
RESULT: {"using":"xpath","value":"//bdi[text()=\"OK\"]"}
COMMAND: POST /session/0631827be0a93fac797ef22e97364bed/elements - {"using":"xpath","value":"//bdi[text()=\"OK\"]"}
RESULT: {"using":"xpath","value":"//bdi[text()=\"OK\"]"}
COMMAND: POST /session/0631827be0a93fac797ef22e97364bed/elements - {"using":"xpath","value":"//bdi[text()=\"OK\"]"}
RESULT: {"using":"xpath","value":"//bdi[text()=\"OK\"]"}
COMMAND: POST /session/0631827be0a93fac797ef22e97364bed/elements - {"using":"xpath","value":"//bdi[text()=\"OK\"]"}
RESULT: {"using":"xpath","value":"//bdi[text()=\"OK\"]"}
COMMAND: POST /session/0631827be0a93fac797ef22e97364bed/elements - {"using":"xpath","value":"//bdi[text()=\"OK\"]"}
RESULT: {"using":"xpath","value":"//bdi[text()=\"OK\"]"}
COMMAND: POST /session/0631827be0a93fac797ef22e97364bed/elements - {"using":"xpath","value":"//bdi[text()=\"OK\"]"}
RESULT: {"using":"xpath","value":"//bdi[text()=\"OK\"]"}
COMMAND: POST /session/0631827be0a93fac797ef22e97364bed/elements - {"using":"xpath","value":"//bdi[text()=\"OK\"]"}
RESULT: {"using":"xpath","value":"//bdi[text()=\"OK\"]"}
COMMAND: POST /session/0631827be0a93fac797ef22e97364bed/elements - {"using":"xpath","value":"//bdi[text()=\"OK\"]"}
RESULT: {"using":"xpath","value":"//bdi[text()=\"OK\"]"}
COMMAND: POST /session/0631827be0a93fac797ef22e97364bed/elements - {"using":"xpath","value":"//bdi[text()=\"OK\"]"}
RESULT: {"using":"xpath","value":"//bdi[text()=\"OK\"]"}
COMMAND: POST /session/0631827be0a93fac797ef22e97364bed/elements - {"using":"xpath","value":"//bdi[text()=\"OK\"]"}
RESULT: {"using":"xpath","value":"//bdi[text()=\"OK\"]"}
COMMAND: POST /session/0631827be0a93fac797ef22e97364bed/elements - {"using":"xpath","value":"//bdi[text()=\"OK\"]"}
RESULT: {"using":"xpath","value":"//bdi[text()=\"OK\"]"}
COMMAND: POST /session/0631827be0a93fac797ef22e97364bed/elements - {"using":"xpath","value":"//bdi[text()=\"OK\"]"}
RESULT: {"using":"xpath","value":"//bdi[text()=\"OK\"]"}
COMMAND: POST /session/0631827be0a93fac797ef22e97364bed/elements - {"using":"xpath","value":"//bdi[text()=\"OK\"]"}
RESULT: {"using":"xpath","value":"//bdi[text()=\"OK\"]"}
COMMAND: POST /session/0631827be0a93fac797ef22e97364bed/elements - {"using":"xpath","value":"//bdi[text()=\"OK\"]"}
RESULT: {"using":"xpath","value":"//bdi[text()=\"OK\"]"}
COMMAND: POST /session/0631827be0a93fac797ef22e97364bed/elements - {"using":"xpath","value":"//bdi[text()=\"OK\"]"}
RESULT: {"using":"xpath","value":"//bdi[text()=\"OK\"]"}
COMMAND: POST /session/0631827be0a93fac797ef22e97364bed/elements - {"using":"xpath","value":"//bdi[text()=\"OK\"]"}
RESULT: {"using":"xpath","value":"//bdi[text()=\"OK\"]"}
COMMAND: POST /session/0631827be0a93fac797ef22e97364bed/elements - {"using":"xpath","value":"//bdi[text()=\"OK\"]"}
RESULT: {"using":"xpath","value":"//bdi[text()=\"OK\"]"}
COMMAND: POST /session/0631827be0a93fac797ef22e97364bed/elements - {"using":"xpath","value":"//bdi[text()=\"OK\"]"}
RESULT: {"using":"xpath","value":"//bdi[text()=\"OK\"]"}
COMMAND: POST /session/0631827be0a93fac797ef22e97364bed/elements - {"using":"xpath","value":"//bdi[text()=\"OK\"]"}
RESULT: {"using":"xpath","value":"//bdi[text()=\"OK\"]"}
COMMAND: POST /session/0631827be0a93fac797ef22e97364bed/elements - {"using":"xpath","value":"//bdi[text()=\"OK\"]"}
RESULT: {"using":"xpath","value":"//bdi[text()=\"OK\"]"}
COMMAND: POST /session/0631827be0a93fac797ef22e97364bed/elements - {"using":"xpath","value":"//bdi[text()=\"OK\"]"}
RESULT: {"using":"xpath","value":"//bdi[text()=\"OK\"]"}
COMMAND: POST /session/0631827be0a93fac797ef22e97364bed/elements - {"using":"xpath","value":"//bdi[text()=\"OK\"]"}
RESULT: {"using":"xpath","value":"//bdi[text()=\"OK\"]"}
COMMAND: POST /session/0631827be0a93fac797ef22e97364bed/elements - {"using":"xpath","value":"//bdi[text()=\"OK\"]"}
RESULT: {"using":"xpath","value":"//bdi[text()=\"OK\"]"}
COMMAND: POST /session/0631827be0a93fac797ef22e97364bed/elements - {"using":"xpath","value":"//bdi[text()=\"OK\"]"}
RESULT: {"using":"xpath","value":"//bdi[text()=\"OK\"]"}
COMMAND: POST /session/0631827be0a93fac797ef22e97364bed/elements - {"using":"xpath","value":"//bdi[text()=\"OK\"]"}
RESULT: {"using":"xpath","value":"//bdi[text()=\"OK\"]"}
COMMAND: POST /session/0631827be0a93fac797ef22e97364bed/elements - {"using":"xpath","value":"//bdi[text()=\"OK\"]"}
RESULT: {"using":"xpath","value":"//bdi[text()=\"OK\"]"}
COMMAND: POST /session/0631827be0a93fac797ef22e97364bed/elements - {"using":"xpath","value":"//bdi[text()=\"OK\"]"}
RESULT: {"using":"xpath","value":"//bdi[text()=\"OK\"]"}
COMMAND: POST /session/0631827be0a93fac797ef22e97364bed/elements - {"using":"xpath","value":"//bdi[text()=\"OK\"]"}
RESULT: {"using":"xpath","value":"//bdi[text()=\"OK\"]"}
COMMAND: POST /session/0631827be0a93fac797ef22e97364bed/elements - {"using":"xpath","value":"//bdi[text()=\"OK\"]"}
RESULT: {"using":"xpath","value":"//bdi[text()=\"OK\"]"}
COMMAND: POST /session/0631827be0a93fac797ef22e97364bed/elements - {"using":"xpath","value":"//bdi[text()=\"OK\"]"}
RESULT: {"using":"xpath","value":"//bdi[text()=\"OK\"]"}
COMMAND: POST /session/0631827be0a93fac797ef22e97364bed/elements - {"using":"xpath","value":"//bdi[text()=\"OK\"]"}
RESULT: {"using":"xpath","value":"//bdi[text()=\"OK\"]"}
COMMAND: POST /session/0631827be0a93fac797ef22e97364bed/elements - {"using":"xpath","value":"//bdi[text()=\"OK\"]"}
RESULT: {"using":"xpath","value":"//bdi[text()=\"OK\"]"}
COMMAND: POST /session/0631827be0a93fac797ef22e97364bed/elements - {"using":"xpath","value":"//bdi[text()=\"OK\"]"}
RESULT: {"using":"xpath","value":"//bdi[text()=\"OK\"]"}
COMMAND: POST /session/0631827be0a93fac797ef22e97364bed/elements - {"using":"xpath","value":"//bdi[text()=\"OK\"]"}
RESULT: {"using":"xpath","value":"//bdi[text()=\"OK\"]"}
COMMAND: POST /session/0631827be0a93fac797ef22e97364bed/elements - {"using":"xpath","value":"//bdi[text()=\"OK\"]"}
RESULT: {"using":"xpath","value":"//bdi[text()=\"OK\"]"}
COMMAND: POST /session/0631827be0a93fac797ef22e97364bed/elements - {"using":"xpath","value":"//bdi[text()=\"OK\"]"}
RESULT: {"using":"xpath","value":"//bdi[text()=\"OK\"]"}
COMMAND: POST /session/0631827be0a93fac797ef22e97364bed/elements - {"using":"xpath","value":"//bdi[text()=\"OK\"]"}
RESULT: {"using":"xpath","value":"//bdi[text()=\"OK\"]"}
COMMAND: POST /session/0631827be0a93fac797ef22e97364bed/elements - {"using":"xpath","value":"//bdi[text()=\"OK\"]"}
RESULT: {"using":"xpath","value":"//bdi[text()=\"OK\"]"}
COMMAND: POST /session/0631827be0a93fac797ef22e97364bed/elements - {"using":"xpath","value":"//bdi[text()=\"OK\"]"}
RESULT: {"using":"xpath","value":"//bdi[text()=\"OK\"]"}
COMMAND: POST /session/0631827be0a93fac797ef22e97364bed/elements - {"using":"xpath","value":"//bdi[text()=\"OK\"]"}
RESULT: {"using":"xpath","value":"//bdi[text()=\"OK\"]"}
COMMAND: POST /session/0631827be0a93fac797ef22e97364bed/elements - {"using":"xpath","value":"//bdi[text()=\"OK\"]"}
RESULT: {"using":"xpath","value":"//bdi[text()=\"OK\"]"}
COMMAND: POST /session/0631827be0a93fac797ef22e97364bed/elements - {"using":"xpath","value":"//bdi[text()=\"OK\"]"}
RESULT: {"using":"xpath","value":"//bdi[text()=\"OK\"]"}
COMMAND: POST /session/0631827be0a93fac797ef22e97364bed/elements - {"using":"xpath","value":"//bdi[text()=\"OK\"]"}
RESULT: {"using":"xpath","value":"//bdi[text()=\"OK\"]"}
COMMAND: POST /session/0631827be0a93fac797ef22e97364bed/elements - {"using":"xpath","value":"//bdi[text()=\"OK\"]"}
RESULT: {"using":"xpath","value":"//bdi[text()=\"OK\"]"}
COMMAND: POST /session/0631827be0a93fac797ef22e97364bed/execute/async - {"script":"<script> [1562 bytes]","args":[{"selector":{"id":"application-manageresources-display-component---newResourceUnit--TYPE-arrow"},"wdio_ui5_key":"applicationmanageresources-display-component---newResourceUnit--TYPE-arrow"}]}
RESULT: {"script":"<script> [1562 bytes]","args":[{"selector":{"id":"application-manageresources-display-component---newResourceUnit--TYPE-arrow"},"wdio_ui5_key":"applicationmanageresources-display-component---newResourceUnit--TYPE-arrow"}]}
RESULT: undefined
COMMAND: POST /session/0631827be0a93fac797ef22e97364bed/element - {"using":"xpath","value":"//*[@id=\"application-manageresources-display-component---newResourceUnit--TYPE-arrow\"]"}
RESULT: {"using":"xpath","value":"//*[@id=\"application-manageresources-display-component---newResourceUnit--TYPE-arrow\"]"}
COMMAND: POST /session/0631827be0a93fac797ef22e97364bed/element/f.1195843739892CF439726866CA7D4ED2.d.29BC3A00562BD1EE2A65BE8B52210CB0.e.2725/click - {}
RESULT: {}
COMMAND: POST /session/0631827be0a93fac797ef22e97364bed/execute/async - {"script":"<script> [1562 bytes]","args":[{"selector":{"controlType":"sap.m.StandardListItem","viewName":"reusables.view.manageresources.NewResourceUnit","viewId":"application-manageresources-display-component---newResourceUnit","properties":{"title":"Material"},"searchOpenDialogs":true,"interaction":{"idSuffix":"titleText"}},"wdio_ui5_key":"reusablesview.manageresources.NewResourceUnitsap.m.StandardListItem{\"title\":\"Material\"}"}]}
COMMAND: GET /session/0631827be0a93fac797ef22e97364bed/screenshot - {}
RESULT: {"script":"<script> [1562 bytes]","args":[{"selector":{"controlType":"sap.m.StandardListItem","viewName":"reusables.view.manageresources.NewResourceUnit","viewId":"application-manageresources-display-component---newResourceUnit","properties":{"title":"Material"},"searchOpenDialogs":true,"interaction":{"idSuffix":"titleText"}},"wdio_ui5_key":"reusablesview.manageresources.NewResourceUnitsap.m.StandardListItem{\"title\":\"Material\"}"}]}
RESULT: undefined
COMMAND: POST /session/0631827be0a93fac797ef22e97364bed/element - {"using":"xpath","value":"//*[@id=\"__item939\"]"}
RESULT: {}
RESULT: {"using":"xpath","value":"//*[@id=\"__item939\"]"}
COMMAND: POST /session/0631827be0a93fac797ef22e97364bed/element/f.1195843739892CF439726866CA7D4ED2.d.29BC3A00562BD1EE2A65BE8B52210CB0.e.2728/click - {}
RESULT: {}
COMMAND: GET /session/0631827be0a93fac797ef22e97364bed/screenshot - {}
RESULT: {}
COMMAND: POST /session/0631827be0a93fac797ef22e97364bed/execute/async - {"script":"<script> [1562 bytes]","args":[{"selector":{"id":"application-manageresources-display-component---newResourceUnit--newRRUPage-OPHeaderContent-collapseBtn-img"},"wdio_ui5_key":"applicationmanageresources-display-component---newResourceUnit--newRRUPage-OPHeaderContent-collapseBtn-img"}]}
RESULT: {"script":"<script> [1562 bytes]","args":[{"selector":{"id":"application-manageresources-display-component---newResourceUnit--newRRUPage-OPHeaderContent-collapseBtn-img"},"wdio_ui5_key":"applicationmanageresources-display-component---newResourceUnit--newRRUPage-OPHeaderContent-collapseBtn-img"}]}
RESULT: undefined
COMMAND: POST /session/0631827be0a93fac797ef22e97364bed/element - {"using":"xpath","value":"//*[@id=\"application-manageresources-display-component---newResourceUnit--newRRUPage-OPHeaderContent-collapseBtn-img\"]"}
RESULT: {"using":"xpath","value":"//*[@id=\"application-manageresources-display-component---newResourceUnit--newRRUPage-OPHeaderContent-collapseBtn-img\"]"}
COMMAND: POST /session/0631827be0a93fac797ef22e97364bed/element/f.1195843739892CF439726866CA7D4ED2.d.29BC3A00562BD1EE2A65BE8B52210CB0.e.2735/click - {}
RESULT: {}
COMMAND: GET /session/0631827be0a93fac797ef22e97364bed/screenshot - {}
RESULT: {}
COMMAND: POST /session/0631827be0a93fac797ef22e97364bed/execute/async - {"script":"<script> [1562 bytes]","args":[{"selector":{"id":"application-manageresources-display-component---newResourceUnit--SHORT_TEXT","interaction":{"idSuffix":"inner"}},"wdio_ui5_key":"applicationmanageresources-display-component---newResourceUnit--SHORT_TEXT"}]}
RESULT: {"script":"<script> [1562 bytes]","args":[{"selector":{"id":"application-manageresources-display-component---newResourceUnit--SHORT_TEXT","interaction":{"idSuffix":"inner"}},"wdio_ui5_key":"applicationmanageresources-display-component---newResourceUnit--SHORT_TEXT"}]}
RESULT: undefined
COMMAND: POST /session/0631827be0a93fac797ef22e97364bed/execute/async - {"script":"<script> [776 bytes]","args":[{"enterText":"WebdriverWHM_RUR2Catvfm","selector":{"id":"application-manageresources-display-component---newResourceUnit--SHORT_TEXT","interaction":{"idSuffix":"inner"}},"clearTextFirst":true,"interactionType":"ENTER_TEXT"}]}
RESULT: {"script":"<script> [776 bytes]","args":[{"enterText":"WebdriverWHM_RUR2Catvfm","selector":{"id":"application-manageresources-display-component---newResourceUnit--SHORT_TEXT","interaction":{"idSuffix":"inner"}},"clearTextFirst":true,"interactionType":"ENTER_TEXT"}]}
COMMAND: POST /session/0631827be0a93fac797ef22e97364bed/execute/async - {"script":"<script> [1562 bytes]","args":[{"selector":{"id":"application-manageresources-display-component---newResourceUnit--BASE_UNIT_OF_MEASURE-arrow"},"wdio_ui5_key":"applicationmanageresources-display-component---newResourceUnit--BASE_UNIT_OF_MEASURE-arrow"}]}
RESULT: {"script":"<script> [1562 bytes]","args":[{"selector":{"id":"application-manageresources-display-component---newResourceUnit--BASE_UNIT_OF_MEASURE-arrow"},"wdio_ui5_key":"applicationmanageresources-display-component---newResourceUnit--BASE_UNIT_OF_MEASURE-arrow"}]}
RESULT: undefined
COMMAND: POST /session/0631827be0a93fac797ef22e97364bed/element - {"using":"xpath","value":"//*[@id=\"application-manageresources-display-component---newResourceUnit--BASE_UNIT_OF_MEASURE-arrow\"]"}
RESULT: {"using":"xpath","value":"//*[@id=\"application-manageresources-display-component---newResourceUnit--BASE_UNIT_OF_MEASURE-arrow\"]"}
COMMAND: POST /session/0631827be0a93fac797ef22e97364bed/element/f.1195843739892CF439726866CA7D4ED2.d.29BC3A00562BD1EE2A65BE8B52210CB0.e.2788/click - {}
RESULT: {}
COMMAND: POST /session/0631827be0a93fac797ef22e97364bed/execute/async - {"script":"<script> [1562 bytes]","args":[{"selector":{"controlType":"sap.m.StandardListItem","viewName":"reusables.view.manageresources.NewResourceUnit","viewId":"application-manageresources-display-component---newResourceUnit","properties":{"title":"Piece"},"searchOpenDialogs":true,"interaction":{"idSuffix":"content"}},"wdio_ui5_key":"reusablesview.manageresources.NewResourceUnitsap.m.StandardListItem{\"title\":\"Piece\"}"}]}
COMMAND: GET /session/0631827be0a93fac797ef22e97364bed/screenshot - {}
RESULT: {"script":"<script> [1562 bytes]","args":[{"selector":{"controlType":"sap.m.StandardListItem","viewName":"reusables.view.manageresources.NewResourceUnit","viewId":"application-manageresources-display-component---newResourceUnit","properties":{"title":"Piece"},"searchOpenDialogs":true,"interaction":{"idSuffix":"content"}},"wdio_ui5_key":"reusablesview.manageresources.NewResourceUnitsap.m.StandardListItem{\"title\":\"Piece\"}"}]}
RESULT: undefined
COMMAND: POST /session/0631827be0a93fac797ef22e97364bed/element - {"using":"xpath","value":"//*[@id=\"__item983\"]"}
RESULT: {}
RESULT: {"using":"xpath","value":"//*[@id=\"__item983\"]"}
COMMAND: POST /session/0631827be0a93fac797ef22e97364bed/element/f.1195843739892CF439726866CA7D4ED2.d.29BC3A00562BD1EE2A65BE8B52210CB0.e.2790/click - {}
RESULT: {}
COMMAND: POST /session/0631827be0a93fac797ef22e97364bed/execute/async - {"script":"<script> [1562 bytes]","args":[{"selector":{"id":"application-manageresources-display-component---newResourceUnit--WEIGHT_UNIT-arrow"},"wdio_ui5_key":"applicationmanageresources-display-component---newResourceUnit--WEIGHT_UNIT-arrow"}]}
COMMAND: GET /session/0631827be0a93fac797ef22e97364bed/screenshot - {}
RESULT: {"script":"<script> [1562 bytes]","args":[{"selector":{"id":"application-manageresources-display-component---newResourceUnit--WEIGHT_UNIT-arrow"},"wdio_ui5_key":"applicationmanageresources-display-component---newResourceUnit--WEIGHT_UNIT-arrow"}]}
RESULT: undefined
COMMAND: POST /session/0631827be0a93fac797ef22e97364bed/element - {"using":"xpath","value":"//*[@id=\"application-manageresources-display-component---newResourceUnit--WEIGHT_UNIT-arrow\"]"}
RESULT: {}
RESULT: {"using":"xpath","value":"//*[@id=\"application-manageresources-display-component---newResourceUnit--WEIGHT_UNIT-arrow\"]"}
COMMAND: POST /session/0631827be0a93fac797ef22e97364bed/element/f.1195843739892CF439726866CA7D4ED2.d.29BC3A00562BD1EE2A65BE8B52210CB0.e.2791/click - {}
RESULT: {}
COMMAND: POST /session/0631827be0a93fac797ef22e97364bed/execute/async - {"script":"<script> [1562 bytes]","args":[{"selector":{"controlType":"sap.m.StandardListItem","viewName":"reusables.view.manageresources.NewResourceUnit","viewId":"application-manageresources-display-component---newResourceUnit","properties":{"title":"Gram"},"searchOpenDialogs":true,"interaction":{"idSuffix":"content"}},"wdio_ui5_key":"reusablesview.manageresources.NewResourceUnitsap.m.StandardListItem{\"title\":\"Gram\"}"}]}
COMMAND: GET /session/0631827be0a93fac797ef22e97364bed/screenshot - {}
RESULT: {"script":"<script> [1562 bytes]","args":[{"selector":{"controlType":"sap.m.StandardListItem","viewName":"reusables.view.manageresources.NewResourceUnit","viewId":"application-manageresources-display-component---newResourceUnit","properties":{"title":"Gram"},"searchOpenDialogs":true,"interaction":{"idSuffix":"content"}},"wdio_ui5_key":"reusablesview.manageresources.NewResourceUnitsap.m.StandardListItem{\"title\":\"Gram\"}"}]}
RESULT: undefined
COMMAND: POST /session/0631827be0a93fac797ef22e97364bed/element - {"using":"xpath","value":"//*[@id=\"__item1048\"]"}
RESULT: {}
RESULT: {"using":"xpath","value":"//*[@id=\"__item1048\"]"}
COMMAND: POST /session/0631827be0a93fac797ef22e97364bed/element/f.1195843739892CF439726866CA7D4ED2.d.29BC3A00562BD1EE2A65BE8B52210CB0.e.2793/click - {}
RESULT: {}
COMMAND: POST /session/0631827be0a93fac797ef22e97364bed/element - {"using":"xpath","value":"//bdi[text()='Reference']"}
COMMAND: GET /session/0631827be0a93fac797ef22e97364bed/screenshot - {}
RESULT: {"using":"xpath","value":"//bdi[text()='Reference']"}
COMMAND: GET /session/0631827be0a93fac797ef22e97364bed/element/f.1195843739892CF439726866CA7D4ED2.d.29BC3A00562BD1EE2A65BE8B52210CB0.e.2794/enabled - {}
RESULT: {}
RESULT: {}
COMMAND: POST /session/0631827be0a93fac797ef22e97364bed/execute/sync - {"script":"<script> [8489 bytes]","args":[{"element-6066-11e4-a52e-4f735466cecf":"f.1195843739892CF439726866CA7D4ED2.d.29BC3A00562BD1EE2A65BE8B52210CB0.e.2794","ELEMENT":"f.1195843739892CF439726866CA7D4ED2.d.29BC3A00562BD1EE2A65BE8B52210CB0.e.2794"}]}
COMMAND: GET /session/0631827be0a93fac797ef22e97364bed/screenshot - {}
RESULT: {"script":"<script> [8489 bytes]","args":[{"element-6066-11e4-a52e-4f735466cecf":"f.1195843739892CF439726866CA7D4ED2.d.29BC3A00562BD1EE2A65BE8B52210CB0.e.2794","ELEMENT":"f.1195843739892CF439726866CA7D4ED2.d.29BC3A00562BD1EE2A65BE8B52210CB0.e.2794"}]}
COMMAND: POST /session/0631827be0a93fac797ef22e97364bed/execute/sync - {"script":"<script> [5351 bytes]","args":[{"element-6066-11e4-a52e-4f735466cecf":"f.1195843739892CF439726866CA7D4ED2.d.29BC3A00562BD1EE2A65BE8B52210CB0.e.2794","ELEMENT":"f.1195843739892CF439726866CA7D4ED2.d.29BC3A00562BD1EE2A65BE8B52210CB0.e.2794"}]}
COMMAND: GET /session/0631827be0a93fac797ef22e97364bed/screenshot - {}
RESULT: {}
RESULT: {"script":"<script> [5351 bytes]","args":[{"element-6066-11e4-a52e-4f735466cecf":"f.1195843739892CF439726866CA7D4ED2.d.29BC3A00562BD1EE2A65BE8B52210CB0.e.2794","ELEMENT":"f.1195843739892CF439726866CA7D4ED2.d.29BC3A00562BD1EE2A65BE8B52210CB0.e.2794"}]}
COMMAND: POST /session/0631827be0a93fac797ef22e97364bed/element/f.1195843739892CF439726866CA7D4ED2.d.29BC3A00562BD1EE2A65BE8B52210CB0.e.2794/click - {}
COMMAND: GET /session/0631827be0a93fac797ef22e97364bed/screenshot - {}
RESULT: {}
RESULT: {}
COMMAND: POST /session/0631827be0a93fac797ef22e97364bed/element - {"using":"xpath","value":"//bdi[text()='General Information']"}
COMMAND: GET /session/0631827be0a93fac797ef22e97364bed/screenshot - {}
RESULT: {}
RESULT: {"using":"xpath","value":"//bdi[text()='General Information']"}
COMMAND: GET /session/0631827be0a93fac797ef22e97364bed/element/f.1195843739892CF439726866CA7D4ED2.d.29BC3A00562BD1EE2A65BE8B52210CB0.e.2797/enabled - {}
RESULT: {}
RESULT: {}
COMMAND: POST /session/0631827be0a93fac797ef22e97364bed/execute/sync - {"script":"<script> [8489 bytes]","args":[{"element-6066-11e4-a52e-4f735466cecf":"f.1195843739892CF439726866CA7D4ED2.d.29BC3A00562BD1EE2A65BE8B52210CB0.e.2797","ELEMENT":"f.1195843739892CF439726866CA7D4ED2.d.29BC3A00562BD1EE2A65BE8B52210CB0.e.2797"}]}
COMMAND: GET /session/0631827be0a93fac797ef22e97364bed/screenshot - {}
RESULT: {"script":"<script> [8489 bytes]","args":[{"element-6066-11e4-a52e-4f735466cecf":"f.1195843739892CF439726866CA7D4ED2.d.29BC3A00562BD1EE2A65BE8B52210CB0.e.2797","ELEMENT":"f.1195843739892CF439726866CA7D4ED2.d.29BC3A00562BD1EE2A65BE8B52210CB0.e.2797"}]}
COMMAND: POST /session/0631827be0a93fac797ef22e97364bed/execute/sync - {"script":"<script> [5351 bytes]","args":[{"element-6066-11e4-a52e-4f735466cecf":"f.1195843739892CF439726866CA7D4ED2.d.29BC3A00562BD1EE2A65BE8B52210CB0.e.2797","ELEMENT":"f.1195843739892CF439726866CA7D4ED2.d.29BC3A00562BD1EE2A65BE8B52210CB0.e.2797"}]}
COMMAND: GET /session/0631827be0a93fac797ef22e97364bed/screenshot - {}
RESULT: {}
RESULT: {"script":"<script> [5351 bytes]","args":[{"element-6066-11e4-a52e-4f735466cecf":"f.1195843739892CF439726866CA7D4ED2.d.29BC3A00562BD1EE2A65BE8B52210CB0.e.2797","ELEMENT":"f.1195843739892CF439726866CA7D4ED2.d.29BC3A00562BD1EE2A65BE8B52210CB0.e.2797"}]}
COMMAND: POST /session/0631827be0a93fac797ef22e97364bed/element/f.1195843739892CF439726866CA7D4ED2.d.29BC3A00562BD1EE2A65BE8B52210CB0.e.2797/click - {}
COMMAND: GET /session/0631827be0a93fac797ef22e97364bed/screenshot - {}
RESULT: {}
RESULT: {}
COMMAND: POST /session/0631827be0a93fac797ef22e97364bed/execute/async - {"script":"<script> [1562 bytes]","args":[{"selector":{"id":"application-manageresources-display-component---newResourceUnit--DIMENSION_UNIT-arrow"},"wdio_ui5_key":"applicationmanageresources-display-component---newResourceUnit--DIMENSION_UNIT-arrow"}]}
COMMAND: GET /session/0631827be0a93fac797ef22e97364bed/screenshot - {}
RESULT: {}
RESULT: {"script":"<script> [1562 bytes]","args":[{"selector":{"id":"application-manageresources-display-component---newResourceUnit--DIMENSION_UNIT-arrow"},"wdio_ui5_key":"applicationmanageresources-display-component---newResourceUnit--DIMENSION_UNIT-arrow"}]}
RESULT: undefined
COMMAND: POST /session/0631827be0a93fac797ef22e97364bed/element - {"using":"xpath","value":"//*[@id=\"application-manageresources-display-component---newResourceUnit--DIMENSION_UNIT-arrow\"]"}
RESULT: {}
RESULT: {"using":"xpath","value":"//*[@id=\"application-manageresources-display-component---newResourceUnit--DIMENSION_UNIT-arrow\"]"}
COMMAND: POST /session/0631827be0a93fac797ef22e97364bed/element/f.1195843739892CF439726866CA7D4ED2.d.29BC3A00562BD1EE2A65BE8B52210CB0.e.2801/click - {}
RESULT: {}
COMMAND: GET /session/0631827be0a93fac797ef22e97364bed/screenshot - {}
RESULT: {}
COMMAND: POST /session/0631827be0a93fac797ef22e97364bed/execute/async - {"script":"<script> [1562 bytes]","args":[{"selector":{"controlType":"sap.m.StandardListItem","viewName":"reusables.view.manageresources.NewResourceUnit","viewId":"application-manageresources-display-component---newResourceUnit","properties":{"title":"Centimeter"},"searchOpenDialogs":true,"interaction":{"idSuffix":"titleText"}},"wdio_ui5_key":"reusablesview.manageresources.NewResourceUnitsap.m.StandardListItem{\"title\":\"Centimeter\"}"}]}
RESULT: {"script":"<script> [1562 bytes]","args":[{"selector":{"controlType":"sap.m.StandardListItem","viewName":"reusables.view.manageresources.NewResourceUnit","viewId":"application-manageresources-display-component---newResourceUnit","properties":{"title":"Centimeter"},"searchOpenDialogs":true,"interaction":{"idSuffix":"titleText"}},"wdio_ui5_key":"reusablesview.manageresources.NewResourceUnitsap.m.StandardListItem{\"title\":\"Centimeter\"}"}]}
RESULT: undefined
COMMAND: POST /session/0631827be0a93fac797ef22e97364bed/element - {"using":"xpath","value":"//*[@id=\"__item1051\"]"}
RESULT: {"using":"xpath","value":"//*[@id=\"__item1051\"]"}
COMMAND: POST /session/0631827be0a93fac797ef22e97364bed/element/f.1195843739892CF439726866CA7D4ED2.d.29BC3A00562BD1EE2A65BE8B52210CB0.e.2803/click - {}
RESULT: {}
COMMAND: POST /session/0631827be0a93fac797ef22e97364bed/execute/async - {"script":"<script> [1562 bytes]","args":[{"selector":{"id":"application-manageresources-display-component---newResourceUnit--newRRUPage-anchBar-application-manageresources-display-component---newResourceUnit--reference-anchor","interaction":{"idSuffix":"BDI-content"}},"wdio_ui5_key":"applicationmanageresources-display-component---newResourceUnit--newRRUPage-anchBar-application-manageresources-display-component---newResourceUnit--reference-anchor"}]}
COMMAND: GET /session/0631827be0a93fac797ef22e97364bed/screenshot - {}
RESULT: {"script":"<script> [1562 bytes]","args":[{"selector":{"id":"application-manageresources-display-component---newResourceUnit--newRRUPage-anchBar-application-manageresources-display-component---newResourceUnit--reference-anchor","interaction":{"idSuffix":"BDI-content"}},"wdio_ui5_key":"applicationmanageresources-display-component---newResourceUnit--newRRUPage-anchBar-application-manageresources-display-component---newResourceUnit--reference-anchor"}]}
RESULT: undefined
COMMAND: POST /session/0631827be0a93fac797ef22e97364bed/element - {"using":"xpath","value":"//*[@id=\"application-manageresources-display-component---newResourceUnit--newRRUPage-anchBar-application-manageresources-display-component---newResourceUnit--reference-anchor\"]"}
RESULT: {}
RESULT: {"using":"xpath","value":"//*[@id=\"application-manageresources-display-component---newResourceUnit--newRRUPage-anchBar-application-manageresources-display-component---newResourceUnit--reference-anchor\"]"}
COMMAND: POST /session/0631827be0a93fac797ef22e97364bed/element/f.1195843739892CF439726866CA7D4ED2.d.29BC3A00562BD1EE2A65BE8B52210CB0.e.2795/click - {}
RESULT: {}
COMMAND: POST /session/0631827be0a93fac797ef22e97364bed/execute/async - {"script":"<script> [1562 bytes]","args":[{"selector":{"id":"application-manageresources-display-component---newResourceUnit--PLANNING_GROUP-arrow"},"wdio_ui5_key":"applicationmanageresources-display-component---newResourceUnit--PLANNING_GROUP-arrow"}]}
COMMAND: GET /session/0631827be0a93fac797ef22e97364bed/screenshot - {}
RESULT: {"script":"<script> [1562 bytes]","args":[{"selector":{"id":"application-manageresources-display-component---newResourceUnit--PLANNING_GROUP-arrow"},"wdio_ui5_key":"applicationmanageresources-display-component---newResourceUnit--PLANNING_GROUP-arrow"}]}
RESULT: undefined
COMMAND: POST /session/0631827be0a93fac797ef22e97364bed/element - {"using":"xpath","value":"//*[@id=\"application-manageresources-display-component---newResourceUnit--PLANNING_GROUP-arrow\"]"}
RESULT: {}
RESULT: {"using":"xpath","value":"//*[@id=\"application-manageresources-display-component---newResourceUnit--PLANNING_GROUP-arrow\"]"}
COMMAND: POST /session/0631827be0a93fac797ef22e97364bed/element/f.1195843739892CF439726866CA7D4ED2.d.29BC3A00562BD1EE2A65BE8B52210CB0.e.2806/click - {}
RESULT: {}
COMMAND: POST /session/0631827be0a93fac797ef22e97364bed/execute/async - {"script":"<script> [1562 bytes]","args":[{"selector":{"controlType":"sap.m.StandardListItem","viewName":"reusables.view.manageresources.NewResourceUnit","viewId":"application-manageresources-display-component---newResourceUnit","properties":{"title":"Heavy Equi"},"searchOpenDialogs":true,"interaction":{"idSuffix":"content"}},"wdio_ui5_key":"reusablesview.manageresources.NewResourceUnitsap.m.StandardListItem{\"title\":\"Heavy Equi\"}"}]}
COMMAND: GET /session/0631827be0a93fac797ef22e97364bed/screenshot - {}
RESULT: {"script":"<script> [1562 bytes]","args":[{"selector":{"controlType":"sap.m.StandardListItem","viewName":"reusables.view.manageresources.NewResourceUnit","viewId":"application-manageresources-display-component---newResourceUnit","properties":{"title":"Heavy Equi"},"searchOpenDialogs":true,"interaction":{"idSuffix":"content"}},"wdio_ui5_key":"reusablesview.manageresources.NewResourceUnitsap.m.StandardListItem{\"title\":\"Heavy Equi\"}"}]}
RESULT: undefined
COMMAND: POST /session/0631827be0a93fac797ef22e97364bed/element - {"using":"xpath","value":"//*[@id=\"__item1059\"]"}
RESULT: {}
RESULT: {"using":"xpath","value":"//*[@id=\"__item1059\"]"}
COMMAND: POST /session/0631827be0a93fac797ef22e97364bed/element/f.1195843739892CF439726866CA7D4ED2.d.29BC3A00562BD1EE2A65BE8B52210CB0.e.2808/click - {}
RESULT: {}
COMMAND: GET /session/0631827be0a93fac797ef22e97364bed/screenshot - {}
RESULT: {}
COMMAND: POST /session/0631827be0a93fac797ef22e97364bed/execute/async - {"script":"<script> [1562 bytes]","args":[{"selector":{"id":"application-manageresources-display-component---newResourceUnit--PLANNING_INDICATOR-arrow"},"wdio_ui5_key":"applicationmanageresources-display-component---newResourceUnit--PLANNING_INDICATOR-arrow"}]}
RESULT: {"script":"<script> [1562 bytes]","args":[{"selector":{"id":"application-manageresources-display-component---newResourceUnit--PLANNING_INDICATOR-arrow"},"wdio_ui5_key":"applicationmanageresources-display-component---newResourceUnit--PLANNING_INDICATOR-arrow"}]}
RESULT: undefined
COMMAND: POST /session/0631827be0a93fac797ef22e97364bed/element - {"using":"xpath","value":"//*[@id=\"application-manageresources-display-component---newResourceUnit--PLANNING_INDICATOR-arrow\"]"}
RESULT: {"using":"xpath","value":"//*[@id=\"application-manageresources-display-component---newResourceUnit--PLANNING_INDICATOR-arrow\"]"}
COMMAND: POST /session/0631827be0a93fac797ef22e97364bed/element/f.1195843739892CF439726866CA7D4ED2.d.29BC3A00562BD1EE2A65BE8B52210CB0.e.2809/click - {}
RESULT: {}
COMMAND: POST /session/0631827be0a93fac797ef22e97364bed/execute/async - {"script":"<script> [1562 bytes]","args":[{"selector":{"controlType":"sap.m.StandardListItem","viewName":"reusables.view.manageresources.NewResourceUnit","viewId":"application-manageresources-display-component---newResourceUnit","properties":{"title":"10 - infinite"},"searchOpenDialogs":true,"interaction":{"idSuffix":"content"}},"wdio_ui5_key":"reusablesview.manageresources.NewResourceUnitsap.m.StandardListItem{\"title\":\"10 - infinite\"}"}]}
COMMAND: GET /session/0631827be0a93fac797ef22e97364bed/screenshot - {}
RESULT: {"script":"<script> [1562 bytes]","args":[{"selector":{"controlType":"sap.m.StandardListItem","viewName":"reusables.view.manageresources.NewResourceUnit","viewId":"application-manageresources-display-component---newResourceUnit","properties":{"title":"10 - infinite"},"searchOpenDialogs":true,"interaction":{"idSuffix":"content"}},"wdio_ui5_key":"reusablesview.manageresources.NewResourceUnitsap.m.StandardListItem{\"title\":\"10 - infinite\"}"}]}
RESULT: undefined
COMMAND: POST /session/0631827be0a93fac797ef22e97364bed/element - {"using":"xpath","value":"//*[@id=\"__item1069\"]"}
RESULT: {}
RESULT: {"using":"xpath","value":"//*[@id=\"__item1069\"]"}
COMMAND: POST /session/0631827be0a93fac797ef22e97364bed/element/f.1195843739892CF439726866CA7D4ED2.d.29BC3A00562BD1EE2A65BE8B52210CB0.e.2811/click - {}
RESULT: {}
COMMAND: GET /session/0631827be0a93fac797ef22e97364bed/screenshot - {}
RESULT: {}
COMMAND: POST /session/0631827be0a93fac797ef22e97364bed/element - {"using":"xpath","value":"//bdi[contains(text(), \"Time Segment\")]"}
RESULT: {"using":"xpath","value":"//bdi[contains(text(), \"Time Segment\")]"}
COMMAND: GET /session/0631827be0a93fac797ef22e97364bed/element/f.1195843739892CF439726866CA7D4ED2.d.29BC3A00562BD1EE2A65BE8B52210CB0.e.2812/rect - {}
RESULT: {}
COMMAND: GET /session/0631827be0a93fac797ef22e97364bed/window/rect - {}
RESULT: {}
COMMAND: POST /session/0631827be0a93fac797ef22e97364bed/execute/sync - {"script":"<script> [92 bytes]","args":[]}
RESULT: {"script":"<script> [92 bytes]","args":[]}
COMMAND: POST /session/0631827be0a93fac797ef22e97364bed/actions - {"actions":[{"id":"action13","type":"wheel","parameters":{},"actions":[{"type":"scroll","x":-1804,"y":-21,"deltaX":0,"deltaY":0,"duration":0,"origin":{"element-6066-11e4-a52e-4f735466cecf":"f.1195843739892CF439726866CA7D4ED2.d.29BC3A00562BD1EE2A65BE8B52210CB0.e.2812"}}]}]}
COMMAND: GET /session/0631827be0a93fac797ef22e97364bed/screenshot - {}
RESULT: {}
COMMAND: POST /session/0631827be0a93fac797ef22e97364bed/execute/sync - {"script":"<script> [79 bytes]","args":[{"element-6066-11e4-a52e-4f735466cecf":"f.1195843739892CF439726866CA7D4ED2.d.29BC3A00562BD1EE2A65BE8B52210CB0.e.2812","ELEMENT":"f.1195843739892CF439726866CA7D4ED2.d.29BC3A00562BD1EE2A65BE8B52210CB0.e.2812"},{"block":"start","inline":"nearest"}]}
RESULT: {"script":"<script> [79 bytes]","args":[{"element-6066-11e4-a52e-4f735466cecf":"f.1195843739892CF439726866CA7D4ED2.d.29BC3A00562BD1EE2A65BE8B52210CB0.e.2812","ELEMENT":"f.1195843739892CF439726866CA7D4ED2.d.29BC3A00562BD1EE2A65BE8B52210CB0.e.2812"},{"block":"start","inline":"nearest"}]}
COMMAND: GET /session/0631827be0a93fac797ef22e97364bed/screenshot - {}
RESULT: {}
COMMAND: POST /session/0631827be0a93fac797ef22e97364bed/element - {"using":"xpath","value":"//span[@id=\"application-manageresources-display-component---newResourceUnit--btnAddTimeSegment-img\"]"}
RESULT: {"using":"xpath","value":"//span[@id=\"application-manageresources-display-component---newResourceUnit--btnAddTimeSegment-img\"]"}
COMMAND: POST /session/0631827be0a93fac797ef22e97364bed/execute/sync - {"script":"<script> [8489 bytes]","args":[{"element-6066-11e4-a52e-4f735466cecf":"f.1195843739892CF439726866CA7D4ED2.d.29BC3A00562BD1EE2A65BE8B52210CB0.e.2815","ELEMENT":"f.1195843739892CF439726866CA7D4ED2.d.29BC3A00562BD1EE2A65BE8B52210CB0.e.2815"}]}
RESULT: {"script":"<script> [8489 bytes]","args":[{"element-6066-11e4-a52e-4f735466cecf":"f.1195843739892CF439726866CA7D4ED2.d.29BC3A00562BD1EE2A65BE8B52210CB0.e.2815","ELEMENT":"f.1195843739892CF439726866CA7D4ED2.d.29BC3A00562BD1EE2A65BE8B52210CB0.e.2815"}]}
COMMAND: POST /session/0631827be0a93fac797ef22e97364bed/element/f.1195843739892CF439726866CA7D4ED2.d.29BC3A00562BD1EE2A65BE8B52210CB0.e.2815/click - {}
COMMAND: GET /session/0631827be0a93fac797ef22e97364bed/screenshot - {}
RESULT: {}
COMMAND: GET /session/0631827be0a93fac797ef22e97364bed/screenshot - {}
RESULT: {}
RESULT: {}
COMMAND: POST /session/0631827be0a93fac797ef22e97364bed/element - {"using":"xpath","value":"//input[@id=\"application-manageresources-display-component---newResourceUnit--idRuTSAdmin-application-manageresources-display-component---newResourceUnit--RUTimeSegment-0-inner\"]"}
RESULT: {"using":"xpath","value":"//input[@id=\"application-manageresources-display-component---newResourceUnit--idRuTSAdmin-application-manageresources-display-component---newResourceUnit--RUTimeSegment-0-inner\"]"}
COMMAND: POST /session/0631827be0a93fac797ef22e97364bed/element/f.1195843739892CF439726866CA7D4ED2.d.29BC3A00562BD1EE2A65BE8B52210CB0.e.2818/clear - {}
RESULT: {}
COMMAND: POST /session/0631827be0a93fac797ef22e97364bed/element/f.1195843739892CF439726866CA7D4ED2.d.29BC3A00562BD1EE2A65BE8B52210CB0.e.2818/value - {"text":"462"}
COMMAND: GET /session/0631827be0a93fac797ef22e97364bed/screenshot - {}
RESULT: {}
RESULT: {"text":"462"}
COMMAND: GET /session/0631827be0a93fac797ef22e97364bed/screenshot - {}
RESULT: {}
COMMAND: POST /session/0631827be0a93fac797ef22e97364bed/actions - {"actions":[{"id":"action14","type":"key","parameters":{},"actions":[{"type":"keyDown","value":"î€‡"},{"type":"pause","duration":10},{"type":"keyUp","value":"î€‡"}]}]}
RESULT: {"actions":[{"id":"action14","type":"key","parameters":{},"actions":[{"type":"keyDown","value":"î€‡"},{"type":"pause","duration":10},{"type":"keyUp","value":"î€‡"}]}]}
COMMAND: POST /session/0631827be0a93fac797ef22e97364bed/execute/async - {"script":"<script> [1562 bytes]","args":[{"selector":{"controlType":"sap.m.Button","viewName":"reusables.view.manageresources.NewResourceUnit","viewId":"application-manageresources-display-component---newResourceUnit","i18NText":{"propertyName":"tooltip","key":"save"},"interaction":{"idSuffix":"BDI-content"}},"wdio_ui5_key":"reusablesview.manageresources.NewResourceUnitsap.m.Button{\"propertyName\":\"tooltip\",\"key\":\"save\"}"}]}
COMMAND: GET /session/0631827be0a93fac797ef22e97364bed/screenshot - {}
RESULT: {"script":"<script> [1562 bytes]","args":[{"selector":{"controlType":"sap.m.Button","viewName":"reusables.view.manageresources.NewResourceUnit","viewId":"application-manageresources-display-component---newResourceUnit","i18NText":{"propertyName":"tooltip","key":"save"},"interaction":{"idSuffix":"BDI-content"}},"wdio_ui5_key":"reusablesview.manageresources.NewResourceUnitsap.m.Button{\"propertyName\":\"tooltip\",\"key\":\"save\"}"}]}
RESULT: undefined
COMMAND: POST /session/0631827be0a93fac797ef22e97364bed/element - {"using":"xpath","value":"//*[@id=\"application-manageresources-display-component---newResourceUnit--createRuButton\"]"}
RESULT: {}
RESULT: {"using":"xpath","value":"//*[@id=\"application-manageresources-display-component---newResourceUnit--createRuButton\"]"}
COMMAND: POST /session/0631827be0a93fac797ef22e97364bed/element/f.1195843739892CF439726866CA7D4ED2.d.29BC3A00562BD1EE2A65BE8B52210CB0.e.2741/click - {}
RESULT: {}
COMMAND: GET /session/0631827be0a93fac797ef22e97364bed/screenshot - {}
RESULT: {}
COMMAND: POST /session/0631827be0a93fac797ef22e97364bed/execute/async - {"script":"<script> [1562 bytes]","args":[{"selector":{"controlType":"sap.m.Title","properties":{"text":"Success"},"searchOpenDialogs":true},"wdio_ui5_key":"sapm.Title{\"text\":\"Success\"}"}]}
RESULT: {"script":"<script> [1562 bytes]","args":[{"selector":{"controlType":"sap.m.Title","properties":{"text":"Success"},"searchOpenDialogs":true},"wdio_ui5_key":"sapm.Title{\"text\":\"Success\"}"}]}
RESULT: undefined
COMMAND: POST /session/0631827be0a93fac797ef22e97364bed/execute/async - {"script":"<script> [6424 bytes]","args":[{"element-6066-11e4-a52e-4f735466cecf":"f.1195843739892CF439726866CA7D4ED2.d.29BC3A00562BD1EE2A65BE8B52210CB0.e.2832"},"getText",[]]}
RESULT: {"script":"<script> [6424 bytes]","args":[{"element-6066-11e4-a52e-4f735466cecf":"f.1195843739892CF439726866CA7D4ED2.d.29BC3A00562BD1EE2A65BE8B52210CB0.e.2832"},"getText",[]]}
COMMAND: POST /session/0631827be0a93fac797ef22e97364bed/element - {"using":"xpath","value":"//*[contains(@id, '__text') and (contains(text(), 'successfully created') or contains(., 'successfully created'))]"}
RESULT: {"using":"xpath","value":"//*[contains(@id, '__text') and (contains(text(), 'successfully created') or contains(., 'successfully created'))]"}
COMMAND: GET /session/0631827be0a93fac797ef22e97364bed/element/f.1195843739892CF439726866CA7D4ED2.d.29BC3A00562BD1EE2A65BE8B52210CB0.e.2831/text - {}
RESULT: {}
COMMAND: POST /session/0631827be0a93fac797ef22e97364bed/execute/async - {"script":"<script> [1562 bytes]","args":[{"selector":{"controlType":"sap.m.Button","properties":{"text":"Close"},"searchOpenDialogs":true,"interaction":{"idSuffix":"BDI-content"}},"wdio_ui5_key":"sapm.Button{\"text\":\"Close\"}"}]}
RESULT: {"script":"<script> [1562 bytes]","args":[{"selector":{"controlType":"sap.m.Button","properties":{"text":"Close"},"searchOpenDialogs":true,"interaction":{"idSuffix":"BDI-content"}},"wdio_ui5_key":"sapm.Button{\"text\":\"Close\"}"}]}
RESULT: undefined
COMMAND: POST /session/0631827be0a93fac797ef22e97364bed/element - {"using":"xpath","value":"//*[@id=\"__mbox-btn-0\"]"}
RESULT: {"using":"xpath","value":"//*[@id=\"__mbox-btn-0\"]"}
COMMAND: POST /session/0631827be0a93fac797ef22e97364bed/element/f.1195843739892CF439726866CA7D4ED2.d.29BC3A00562BD1EE2A65BE8B52210CB0.e.2828/click - {}
RESULT: {}
COMMAND: GET /session/0631827be0a93fac797ef22e97364bed/screenshot - {}
RESULT: {}
COMMAND: POST /session/0631827be0a93fac797ef22e97364bed/execute/async - {"script":"<script> [1562 bytes]","args":[{"selector":{"controlType":"sap.ui.core.Icon","viewName":"etm.portal.ui.manageresources.view.Detail","viewId":"application-manageresources-display-component---detailRU","properties":{"src":{"regex":{"source":"overflow"}}}},"wdio_ui5_key":"etmportal.ui.manageresources.view.Detailsap.ui.core.Icon{\"src\":{\"regex\":{\"source\":\"overflow\"}}}"}]}
RESULT: {"script":"<script> [1562 bytes]","args":[{"selector":{"controlType":"sap.ui.core.Icon","viewName":"etm.portal.ui.manageresources.view.Detail","viewId":"application-manageresources-display-component---detailRU","properties":{"src":{"regex":{"source":"overflow"}}}},"wdio_ui5_key":"etmportal.ui.manageresources.view.Detailsap.ui.core.Icon{\"src\":{\"regex\":{\"source\":\"overflow\"}}}"}]}
RESULT: undefined
COMMAND: POST /session/0631827be0a93fac797ef22e97364bed/element - {"using":"xpath","value":"//*[@id=\"__title35-_actionsToolbar-overflowButton-img\"]"}
RESULT: {"using":"xpath","value":"//*[@id=\"__title35-_actionsToolbar-overflowButton-img\"]"}
COMMAND: POST /session/0631827be0a93fac797ef22e97364bed/element/f.1195843739892CF439726866CA7D4ED2.d.29BC3A00562BD1EE2A65BE8B52210CB0.e.2865/click - {}
RESULT: {}
COMMAND: POST /session/0631827be0a93fac797ef22e97364bed/execute/async - {"script":"<script> [1562 bytes]","args":[{"selector":{"controlType":"sap.m.Button","viewName":"etm.portal.ui.manageresources.view.Detail","viewId":"application-manageresources-display-component---detailRU","i18NText":{"propertyName":"tooltip","key":"closeColumn"},"searchOpenDialogs":true,"interaction":{"idSuffix":"inner"}},"wdio_ui5_key":"etmportal.ui.manageresources.view.Detailsap.m.Button{\"propertyName\":\"tooltip\",\"key\":\"closeColumn\"}"}]}
COMMAND: GET /session/0631827be0a93fac797ef22e97364bed/screenshot - {}
RESULT: {"script":"<script> [1562 bytes]","args":[{"selector":{"controlType":"sap.m.Button","viewName":"etm.portal.ui.manageresources.view.Detail","viewId":"application-manageresources-display-component---detailRU","i18NText":{"propertyName":"tooltip","key":"closeColumn"},"searchOpenDialogs":true,"interaction":{"idSuffix":"inner"}},"wdio_ui5_key":"etmportal.ui.manageresources.view.Detailsap.m.Button{\"propertyName\":\"tooltip\",\"key\":\"closeColumn\"}"}]}
RESULT: undefined
COMMAND: POST /session/0631827be0a93fac797ef22e97364bed/element - {"using":"xpath","value":"//*[@id=\"__button146\"]"}
RESULT: {}
RESULT: {"using":"xpath","value":"//*[@id=\"__button146\"]"}
COMMAND: POST /session/0631827be0a93fac797ef22e97364bed/element/f.1195843739892CF439726866CA7D4ED2.d.29BC3A00562BD1EE2A65BE8B52210CB0.e.2867/click - {}
RESULT: {}
COMMAND: POST /session/0631827be0a93fac797ef22e97364bed/element - {"using":"css selector","value":"#shell-header-logo"}
COMMAND: GET /session/0631827be0a93fac797ef22e97364bed/screenshot - {}
RESULT: {"using":"css selector","value":"#shell-header-logo"}
COMMAND: POST /session/0631827be0a93fac797ef22e97364bed/element/f.1195843739892CF439726866CA7D4ED2.d.29BC3A00562BD1EE2A65BE8B52210CB0.e.2334/click - {}
RESULT: {}
RESULT: {}
COMMAND: GET /session/0631827be0a93fac797ef22e97364bed/screenshot - {}
RESULT: {}
]]></system-out>
    </testcase>
    <testcase classname="chrome.135_0_7049_96.windows.Stock_increase_-_with_WHM_US125587" name="Bin Status Report Should Create New Organization yard" time="52.822">
      <system-out><![CDATA[
COMMAND: POST /session/0631827be0a93fac797ef22e97364bed/element - {"using":"xpath","value":"//div[text()='Warehouse']"}
RESULT: {"using":"xpath","value":"//div[text()='Warehouse']"}
COMMAND: POST /session/0631827be0a93fac797ef22e97364bed/elements - {"using":"xpath","value":"//div[text()='Warehouse']"}
RESULT: {"using":"xpath","value":"//div[text()='Warehouse']"}
COMMAND: POST /session/0631827be0a93fac797ef22e97364bed/element/f.1195843739892CF439726866CA7D4ED2.d.29BC3A00562BD1EE2A65BE8B52210CB0.e.2982/click - {}
RESULT: {}
COMMAND: POST /session/0631827be0a93fac797ef22e97364bed/execute/async - {"script":"<script> [1562 bytes]","args":[{"selector":{"controlType":"sap.m.GenericTile","properties":{"header":"Bin Status Report"}},"wdio_ui5_key":"sapm.GenericTile{\"header\":\"Bin Status Report\"}"}]}
COMMAND: GET /session/0631827be0a93fac797ef22e97364bed/screenshot - {}
RESULT: {"script":"<script> [1562 bytes]","args":[{"selector":{"controlType":"sap.m.GenericTile","properties":{"header":"Bin Status Report"}},"wdio_ui5_key":"sapm.GenericTile{\"header\":\"Bin Status Report\"}"}]}
RESULT: undefined
COMMAND: POST /session/0631827be0a93fac797ef22e97364bed/element - {"using":"xpath","value":"//*[@id=\"__tile108\"]"}
RESULT: {}
RESULT: {"using":"xpath","value":"//*[@id=\"__tile108\"]"}
COMMAND: POST /session/0631827be0a93fac797ef22e97364bed/element/f.1195843739892CF439726866CA7D4ED2.d.29BC3A00562BD1EE2A65BE8B52210CB0.e.2985/click - {}
RESULT: {}
COMMAND: GET /session/0631827be0a93fac797ef22e97364bed/screenshot - {}
RESULT: {}
COMMAND: POST /session/0631827be0a93fac797ef22e97364bed/element - {"using":"xpath","value":"//bdi[text()='Create New Organization']"}
RESULT: {"using":"xpath","value":"//bdi[text()='Create New Organization']"}
COMMAND: POST /session/0631827be0a93fac797ef22e97364bed/elements - {"using":"xpath","value":"//bdi[text()='Create New Organization']"}
RESULT: {"using":"xpath","value":"//bdi[text()='Create New Organization']"}
COMMAND: POST /session/0631827be0a93fac797ef22e97364bed/element/f.1195843739892CF439726866CA7D4ED2.d.29BC3A00562BD1EE2A65BE8B52210CB0.e.3088/click - {}
RESULT: {}
COMMAND: POST /session/0631827be0a93fac797ef22e97364bed/execute/async - {"script":"<script> [1562 bytes]","args":[{"selector":{"id":"createOrganizationPop--sectionInput","searchOpenDialogs":true,"interaction":{"idSuffix":"inner"}},"wdio_ui5_key":"createOrganizationPopsectionInput"}]}
COMMAND: GET /session/0631827be0a93fac797ef22e97364bed/screenshot - {}
RESULT: {"script":"<script> [1562 bytes]","args":[{"selector":{"id":"createOrganizationPop--sectionInput","searchOpenDialogs":true,"interaction":{"idSuffix":"inner"}},"wdio_ui5_key":"createOrganizationPopsectionInput"}]}
RESULT: undefined
COMMAND: POST /session/0631827be0a93fac797ef22e97364bed/execute/async - {"script":"<script> [776 bytes]","args":[{"enterText":"WHIatvfm","selector":{"id":"createOrganizationPop--sectionInput","searchOpenDialogs":true,"interaction":{"idSuffix":"inner"}},"clearTextFirst":true,"interactionType":"ENTER_TEXT"}]}
RESULT: {}
RESULT: {"script":"<script> [776 bytes]","args":[{"enterText":"WHIatvfm","selector":{"id":"createOrganizationPop--sectionInput","searchOpenDialogs":true,"interaction":{"idSuffix":"inner"}},"clearTextFirst":true,"interactionType":"ENTER_TEXT"}]}
COMMAND: POST /session/0631827be0a93fac797ef22e97364bed/execute/async - {"script":"<script> [1562 bytes]","args":[{"selector":{"id":"createOrganizationPop--descriptionInput","searchOpenDialogs":true,"interaction":{"idSuffix":"inner"}},"wdio_ui5_key":"createOrganizationPopdescriptionInput"}]}
RESULT: {"script":"<script> [1562 bytes]","args":[{"selector":{"id":"createOrganizationPop--descriptionInput","searchOpenDialogs":true,"interaction":{"idSuffix":"inner"}},"wdio_ui5_key":"createOrganizationPopdescriptionInput"}]}
RESULT: undefined
COMMAND: POST /session/0631827be0a93fac797ef22e97364bed/execute/async - {"script":"<script> [776 bytes]","args":[{"enterText":"WHIatvfm","selector":{"id":"createOrganizationPop--descriptionInput","searchOpenDialogs":true,"interaction":{"idSuffix":"inner"}},"clearTextFirst":true,"interactionType":"ENTER_TEXT"}]}
RESULT: {"script":"<script> [776 bytes]","args":[{"enterText":"WHIatvfm","selector":{"id":"createOrganizationPop--descriptionInput","searchOpenDialogs":true,"interaction":{"idSuffix":"inner"}},"clearTextFirst":true,"interactionType":"ENTER_TEXT"}]}
COMMAND: POST /session/0631827be0a93fac797ef22e97364bed/element - {"using":"css selector","value":"#createOrganizationPop--yardOrg-inner"}
RESULT: {"using":"css selector","value":"#createOrganizationPop--yardOrg-inner"}
COMMAND: POST /session/0631827be0a93fac797ef22e97364bed/element/f.1195843739892CF439726866CA7D4ED2.d.29BC3A00562BD1EE2A65BE8B52210CB0.e.3092/clear - {}
RESULT: {}
COMMAND: POST /session/0631827be0a93fac797ef22e97364bed/element/f.1195843739892CF439726866CA7D4ED2.d.29BC3A00562BD1EE2A65BE8B52210CB0.e.3092/value - {"text":"462"}
COMMAND: GET /session/0631827be0a93fac797ef22e97364bed/screenshot - {}
RESULT: {"text":"462"}
COMMAND: GET /session/0631827be0a93fac797ef22e97364bed/screenshot - {}
RESULT: {}
RESULT: {}
COMMAND: POST /session/0631827be0a93fac797ef22e97364bed/actions - {"actions":[{"id":"action15","type":"key","parameters":{},"actions":[{"type":"keyDown","value":"î€‡"},{"type":"pause","duration":10},{"type":"keyUp","value":"î€‡"}]}]}
RESULT: {"actions":[{"id":"action15","type":"key","parameters":{},"actions":[{"type":"keyDown","value":"î€‡"},{"type":"pause","duration":10},{"type":"keyUp","value":"î€‡"}]}]}
COMMAND: POST /session/0631827be0a93fac797ef22e97364bed/execute/async - {"script":"<script> [1562 bytes]","args":[{"selector":{"id":"createOrganizationPop--grZone","searchOpenDialogs":true,"interaction":{"idSuffix":"CbBg"}},"wdio_ui5_key":"createOrganizationPopgrZone"}]}
COMMAND: GET /session/0631827be0a93fac797ef22e97364bed/screenshot - {}
RESULT: {"script":"<script> [1562 bytes]","args":[{"selector":{"id":"createOrganizationPop--grZone","searchOpenDialogs":true,"interaction":{"idSuffix":"CbBg"}},"wdio_ui5_key":"createOrganizationPopgrZone"}]}
RESULT: undefined
COMMAND: POST /session/0631827be0a93fac797ef22e97364bed/element - {"using":"xpath","value":"//*[@id=\"createOrganizationPop--grZone\"]"}
RESULT: {}
RESULT: {"using":"xpath","value":"//*[@id=\"createOrganizationPop--grZone\"]"}
COMMAND: POST /session/0631827be0a93fac797ef22e97364bed/element/f.1195843739892CF439726866CA7D4ED2.d.29BC3A00562BD1EE2A65BE8B52210CB0.e.3112/click - {}
RESULT: {}
COMMAND: POST /session/0631827be0a93fac797ef22e97364bed/execute/async - {"script":"<script> [1562 bytes]","args":[{"selector":{"id":"createOrganizationPop--giZone","searchOpenDialogs":true,"interaction":{"idSuffix":"CbBg"}},"wdio_ui5_key":"createOrganizationPopgiZone"}]}
COMMAND: GET /session/0631827be0a93fac797ef22e97364bed/screenshot - {}
RESULT: {"script":"<script> [1562 bytes]","args":[{"selector":{"id":"createOrganizationPop--giZone","searchOpenDialogs":true,"interaction":{"idSuffix":"CbBg"}},"wdio_ui5_key":"createOrganizationPopgiZone"}]}
RESULT: undefined
COMMAND: POST /session/0631827be0a93fac797ef22e97364bed/element - {"using":"xpath","value":"//*[@id=\"createOrganizationPop--giZone\"]"}
RESULT: {}
RESULT: {"using":"xpath","value":"//*[@id=\"createOrganizationPop--giZone\"]"}
COMMAND: POST /session/0631827be0a93fac797ef22e97364bed/element/f.1195843739892CF439726866CA7D4ED2.d.29BC3A00562BD1EE2A65BE8B52210CB0.e.3114/click - {}
RESULT: {}
COMMAND: POST /session/0631827be0a93fac797ef22e97364bed/execute/async - {"script":"<script> [1562 bytes]","args":[{"selector":{"id":"createOrganizationPop--binNoInput","searchOpenDialogs":true,"interaction":{"idSuffix":"inner"}},"wdio_ui5_key":"createOrganizationPopbinNoInput"}]}
COMMAND: GET /session/0631827be0a93fac797ef22e97364bed/screenshot - {}
RESULT: {"script":"<script> [1562 bytes]","args":[{"selector":{"id":"createOrganizationPop--binNoInput","searchOpenDialogs":true,"interaction":{"idSuffix":"inner"}},"wdio_ui5_key":"createOrganizationPopbinNoInput"}]}
RESULT: undefined
COMMAND: POST /session/0631827be0a93fac797ef22e97364bed/execute/async - {"script":"<script> [776 bytes]","args":[{"enterText":"Bin-Wd","selector":{"id":"createOrganizationPop--binNoInput","searchOpenDialogs":true,"interaction":{"idSuffix":"inner"}},"clearTextFirst":true,"interactionType":"ENTER_TEXT"}]}
RESULT: {}
RESULT: {"script":"<script> [776 bytes]","args":[{"enterText":"Bin-Wd","selector":{"id":"createOrganizationPop--binNoInput","searchOpenDialogs":true,"interaction":{"idSuffix":"inner"}},"clearTextFirst":true,"interactionType":"ENTER_TEXT"}]}
COMMAND: POST /session/0631827be0a93fac797ef22e97364bed/execute/async - {"script":"<script> [1562 bytes]","args":[{"selector":{"id":"createOrganizationPop--descriptionId","searchOpenDialogs":true,"interaction":{"idSuffix":"inner"}},"wdio_ui5_key":"createOrganizationPopdescriptionId"}]}
RESULT: {"script":"<script> [1562 bytes]","args":[{"selector":{"id":"createOrganizationPop--descriptionId","searchOpenDialogs":true,"interaction":{"idSuffix":"inner"}},"wdio_ui5_key":"createOrganizationPopdescriptionId"}]}
RESULT: undefined
COMMAND: POST /session/0631827be0a93fac797ef22e97364bed/execute/async - {"script":"<script> [776 bytes]","args":[{"enterText":"Shipping-Wd","selector":{"id":"createOrganizationPop--descriptionId","searchOpenDialogs":true,"interaction":{"idSuffix":"inner"}},"clearTextFirst":true,"interactionType":"ENTER_TEXT"}]}
RESULT: {"script":"<script> [776 bytes]","args":[{"enterText":"Shipping-Wd","selector":{"id":"createOrganizationPop--descriptionId","searchOpenDialogs":true,"interaction":{"idSuffix":"inner"}},"clearTextFirst":true,"interactionType":"ENTER_TEXT"}]}
COMMAND: POST /session/0631827be0a93fac797ef22e97364bed/execute/async - {"script":"<script> [1562 bytes]","args":[{"selector":{"controlType":"sap.m.CheckBox","viewName":"etm.portal.ui.binstatusreport.view.MasterWareBins","viewId":"application-binstatusreport-display-component---warehousing","bindingPath":{"path":"","propertyPath":"/ZONE","modelName":"newBin"},"searchOpenDialogs":true,"interaction":{"idSuffix":"CbBg"}},"wdio_ui5_key":"etmportal.ui.binstatusreport.view.MasterWareBinssap.m.CheckBox{\"path\":\"\",\"propertyPath\":\"/ZONE\",\"modelName\":\"newBin\"}"}]}
RESULT: {"script":"<script> [1562 bytes]","args":[{"selector":{"controlType":"sap.m.CheckBox","viewName":"etm.portal.ui.binstatusreport.view.MasterWareBins","viewId":"application-binstatusreport-display-component---warehousing","bindingPath":{"path":"","propertyPath":"/ZONE","modelName":"newBin"},"searchOpenDialogs":true,"interaction":{"idSuffix":"CbBg"}},"wdio_ui5_key":"etmportal.ui.binstatusreport.view.MasterWareBinssap.m.CheckBox{\"path\":\"\",\"propertyPath\":\"/ZONE\",\"modelName\":\"newBin\"}"}]}
RESULT: undefined
COMMAND: POST /session/0631827be0a93fac797ef22e97364bed/element - {"using":"xpath","value":"//*[@id=\"__box41\"]"}
RESULT: {"using":"xpath","value":"//*[@id=\"__box41\"]"}
COMMAND: POST /session/0631827be0a93fac797ef22e97364bed/element/f.1195843739892CF439726866CA7D4ED2.d.29BC3A00562BD1EE2A65BE8B52210CB0.e.3118/click - {}
RESULT: {}
COMMAND: POST /session/0631827be0a93fac797ef22e97364bed/execute/async - {"script":"<script> [1562 bytes]","args":[{"selector":{"id":"createOrganizationPop--binTypesCB-arrow","searchOpenDialogs":true},"wdio_ui5_key":"createOrganizationPopbinTypesCB-arrow"}]}
COMMAND: GET /session/0631827be0a93fac797ef22e97364bed/screenshot - {}
RESULT: {"script":"<script> [1562 bytes]","args":[{"selector":{"id":"createOrganizationPop--binTypesCB-arrow","searchOpenDialogs":true},"wdio_ui5_key":"createOrganizationPopbinTypesCB-arrow"}]}
RESULT: undefined
COMMAND: POST /session/0631827be0a93fac797ef22e97364bed/element - {"using":"xpath","value":"//*[@id=\"createOrganizationPop--binTypesCB-arrow\"]"}
RESULT: {}
RESULT: {"using":"xpath","value":"//*[@id=\"createOrganizationPop--binTypesCB-arrow\"]"}
COMMAND: POST /session/0631827be0a93fac797ef22e97364bed/element/f.1195843739892CF439726866CA7D4ED2.d.29BC3A00562BD1EE2A65BE8B52210CB0.e.3119/click - {}
RESULT: {}
COMMAND: POST /session/0631827be0a93fac797ef22e97364bed/execute/async - {"script":"<script> [1562 bytes]","args":[{"selector":{"id":"createOrganizationPop--binTypesCB","searchOpenDialogs":true,"interaction":{"idSuffix":"inner"}},"wdio_ui5_key":"createOrganizationPopbinTypesCB"}]}
COMMAND: GET /session/0631827be0a93fac797ef22e97364bed/screenshot - {}
RESULT: {"script":"<script> [1562 bytes]","args":[{"selector":{"id":"createOrganizationPop--binTypesCB","searchOpenDialogs":true,"interaction":{"idSuffix":"inner"}},"wdio_ui5_key":"createOrganizationPopbinTypesCB"}]}
RESULT: undefined
COMMAND: POST /session/0631827be0a93fac797ef22e97364bed/execute/async - {"script":"<script> [776 bytes]","args":[{"enterText":"1 - General / No capacity check","selector":{"id":"createOrganizationPop--binTypesCB","searchOpenDialogs":true,"interaction":{"idSuffix":"inner"}},"clearTextFirst":true,"interactionType":"ENTER_TEXT"}]}
RESULT: {}
RESULT: {"script":"<script> [776 bytes]","args":[{"enterText":"1 - General / No capacity check","selector":{"id":"createOrganizationPop--binTypesCB","searchOpenDialogs":true,"interaction":{"idSuffix":"inner"}},"clearTextFirst":true,"interactionType":"ENTER_TEXT"}]}
COMMAND: POST /session/0631827be0a93fac797ef22e97364bed/actions - {"actions":[{"id":"action16","type":"key","parameters":{},"actions":[{"type":"keyDown","value":"î€‡"},{"type":"pause","duration":10},{"type":"keyUp","value":"î€‡"}]}]}
RESULT: {"actions":[{"id":"action16","type":"key","parameters":{},"actions":[{"type":"keyDown","value":"î€‡"},{"type":"pause","duration":10},{"type":"keyUp","value":"î€‡"}]}]}
COMMAND: GET /session/0631827be0a93fac797ef22e97364bed/screenshot - {}
RESULT: {}
COMMAND: POST /session/0631827be0a93fac797ef22e97364bed/execute/async - {"script":"<script> [1562 bytes]","args":[{"selector":{"id":"createOrganizationPop--finishBtn","searchOpenDialogs":true,"interaction":{"idSuffix":"BDI-content"}},"wdio_ui5_key":"createOrganizationPopfinishBtn"}]}
RESULT: {"script":"<script> [1562 bytes]","args":[{"selector":{"id":"createOrganizationPop--finishBtn","searchOpenDialogs":true,"interaction":{"idSuffix":"BDI-content"}},"wdio_ui5_key":"createOrganizationPopfinishBtn"}]}
RESULT: undefined
COMMAND: POST /session/0631827be0a93fac797ef22e97364bed/element - {"using":"xpath","value":"//*[@id=\"createOrganizationPop--finishBtn\"]"}
RESULT: {"using":"xpath","value":"//*[@id=\"createOrganizationPop--finishBtn\"]"}
COMMAND: POST /session/0631827be0a93fac797ef22e97364bed/element/f.1195843739892CF439726866CA7D4ED2.d.29BC3A00562BD1EE2A65BE8B52210CB0.e.3122/click - {}
RESULT: {}
]]></system-out>
    </testcase>
    <testcase classname="chrome.135_0_7049_96.windows.Stock_increase_-_with_WHM_US125587" name="Bin Status Report Should Create New Organization for Site" time="59.627">
      <system-out><![CDATA[
COMMAND: GET /session/0631827be0a93fac797ef22e97364bed/screenshot - {}
RESULT: {}
COMMAND: POST /session/0631827be0a93fac797ef22e97364bed/execute/async - {"script":"<script> [1562 bytes]","args":[{"selector":{"id":"application-binstatusreport-display-component---warehousing--createOrgBtn","interaction":{"idSuffix":"content"}},"wdio_ui5_key":"applicationbinstatusreport-display-component---warehousing--createOrgBtn"}]}
RESULT: {"script":"<script> [1562 bytes]","args":[{"selector":{"id":"application-binstatusreport-display-component---warehousing--createOrgBtn","interaction":{"idSuffix":"content"}},"wdio_ui5_key":"applicationbinstatusreport-display-component---warehousing--createOrgBtn"}]}
RESULT: undefined
COMMAND: POST /session/0631827be0a93fac797ef22e97364bed/element - {"using":"xpath","value":"//*[@id=\"application-binstatusreport-display-component---warehousing--createOrgBtn\"]"}
RESULT: {"using":"xpath","value":"//*[@id=\"application-binstatusreport-display-component---warehousing--createOrgBtn\"]"}
COMMAND: POST /session/0631827be0a93fac797ef22e97364bed/element/f.1195843739892CF439726866CA7D4ED2.d.29BC3A00562BD1EE2A65BE8B52210CB0.e.3025/click - {}
RESULT: {}
RESULT: undefined
COMMAND: POST /session/0631827be0a93fac797ef22e97364bed/execute/async - {"script":"<script> [776 bytes]","args":[{"enterText":"2299","selector":{"id":"createOrganizationPop--sectionInput","searchOpenDialogs":true,"interaction":{"idSuffix":"inner"}},"clearTextFirst":true,"interactionType":"ENTER_TEXT"}]}
COMMAND: GET /session/0631827be0a93fac797ef22e97364bed/screenshot - {}
RESULT: {"script":"<script> [776 bytes]","args":[{"enterText":"2299","selector":{"id":"createOrganizationPop--sectionInput","searchOpenDialogs":true,"interaction":{"idSuffix":"inner"}},"clearTextFirst":true,"interactionType":"ENTER_TEXT"}]}
RESULT: undefined
COMMAND: POST /session/0631827be0a93fac797ef22e97364bed/execute/async - {"script":"<script> [776 bytes]","args":[{"enterText":"2299","selector":{"id":"createOrganizationPop--descriptionInput","searchOpenDialogs":true,"interaction":{"idSuffix":"inner"}},"clearTextFirst":true,"interactionType":"ENTER_TEXT"}]}
RESULT: {}
RESULT: {"script":"<script> [776 bytes]","args":[{"enterText":"2299","selector":{"id":"createOrganizationPop--descriptionInput","searchOpenDialogs":true,"interaction":{"idSuffix":"inner"}},"clearTextFirst":true,"interactionType":"ENTER_TEXT"}]}
COMMAND: POST /session/0631827be0a93fac797ef22e97364bed/element - {"using":"css selector","value":"#createOrganizationPop--siteOrg-inner"}
RESULT: {"using":"css selector","value":"#createOrganizationPop--siteOrg-inner"}
COMMAND: POST /session/0631827be0a93fac797ef22e97364bed/element/f.1195843739892CF439726866CA7D4ED2.d.29BC3A00562BD1EE2A65BE8B52210CB0.e.3130/clear - {}
RESULT: {}
COMMAND: POST /session/0631827be0a93fac797ef22e97364bed/element/f.1195843739892CF439726866CA7D4ED2.d.29BC3A00562BD1EE2A65BE8B52210CB0.e.3130/value - {"text":"2299"}
COMMAND: GET /session/0631827be0a93fac797ef22e97364bed/screenshot - {}
RESULT: {"text":"2299"}
COMMAND: GET /session/0631827be0a93fac797ef22e97364bed/screenshot - {}
RESULT: {}
RESULT: {}
COMMAND: POST /session/0631827be0a93fac797ef22e97364bed/actions - {"actions":[{"id":"action17","type":"key","parameters":{},"actions":[{"type":"keyDown","value":"î€‡"},{"type":"pause","duration":10},{"type":"keyUp","value":"î€‡"}]}]}
RESULT: {"actions":[{"id":"action17","type":"key","parameters":{},"actions":[{"type":"keyDown","value":"î€‡"},{"type":"pause","duration":10},{"type":"keyUp","value":"î€‡"}]}]}
RESULT: undefined
COMMAND: POST /session/0631827be0a93fac797ef22e97364bed/element - {"using":"xpath","value":"//*[@id=\"createOrganizationPop--giZone\"]"}
COMMAND: GET /session/0631827be0a93fac797ef22e97364bed/screenshot - {}
RESULT: {"using":"xpath","value":"//*[@id=\"createOrganizationPop--giZone\"]"}
COMMAND: POST /session/0631827be0a93fac797ef22e97364bed/element/f.1195843739892CF439726866CA7D4ED2.d.29BC3A00562BD1EE2A65BE8B52210CB0.e.3148/click - {}
RESULT: {}
RESULT: {}
RESULT: undefined
COMMAND: POST /session/0631827be0a93fac797ef22e97364bed/execute/async - {"script":"<script> [776 bytes]","args":[{"enterText":"WD-BIN","selector":{"id":"createOrganizationPop--binNoInput","searchOpenDialogs":true,"interaction":{"idSuffix":"inner"}},"clearTextFirst":true,"interactionType":"ENTER_TEXT"}]}
COMMAND: GET /session/0631827be0a93fac797ef22e97364bed/screenshot - {}
RESULT: {"script":"<script> [776 bytes]","args":[{"enterText":"WD-BIN","selector":{"id":"createOrganizationPop--binNoInput","searchOpenDialogs":true,"interaction":{"idSuffix":"inner"}},"clearTextFirst":true,"interactionType":"ENTER_TEXT"}]}
RESULT: undefined
COMMAND: POST /session/0631827be0a93fac797ef22e97364bed/execute/async - {"script":"<script> [776 bytes]","args":[{"enterText":"WD-BIN","selector":{"id":"createOrganizationPop--descriptionId","searchOpenDialogs":true,"interaction":{"idSuffix":"inner"}},"clearTextFirst":true,"interactionType":"ENTER_TEXT"}]}
RESULT: {}
RESULT: {"script":"<script> [776 bytes]","args":[{"enterText":"WD-BIN","selector":{"id":"createOrganizationPop--descriptionId","searchOpenDialogs":true,"interaction":{"idSuffix":"inner"}},"clearTextFirst":true,"interactionType":"ENTER_TEXT"}]}
COMMAND: POST /session/0631827be0a93fac797ef22e97364bed/execute/async - {"script":"<script> [1562 bytes]","args":[{"selector":{"controlType":"sap.m.CheckBox","viewName":"etm.portal.ui.binstatusreport.view.MasterWareBins","viewId":"application-binstatusreport-display-component---warehousing","bindingPath":{"propertyPath":"/ZONE","modelName":"newBin"},"searchOpenDialogs":true,"interaction":{"idSuffix":"CbBg"}},"wdio_ui5_key":"etmportal.ui.binstatusreport.view.MasterWareBinssap.m.CheckBox{\"propertyPath\":\"/ZONE\",\"modelName\":\"newBin\"}"}]}
RESULT: {"script":"<script> [1562 bytes]","args":[{"selector":{"controlType":"sap.m.CheckBox","viewName":"etm.portal.ui.binstatusreport.view.MasterWareBins","viewId":"application-binstatusreport-display-component---warehousing","bindingPath":{"propertyPath":"/ZONE","modelName":"newBin"},"searchOpenDialogs":true,"interaction":{"idSuffix":"CbBg"}},"wdio_ui5_key":"etmportal.ui.binstatusreport.view.MasterWareBinssap.m.CheckBox{\"propertyPath\":\"/ZONE\",\"modelName\":\"newBin\"}"}]}
RESULT: undefined
COMMAND: POST /session/0631827be0a93fac797ef22e97364bed/element - {"using":"xpath","value":"//*[@id=\"__box44\"]"}
RESULT: {"using":"xpath","value":"//*[@id=\"__box44\"]"}
COMMAND: POST /session/0631827be0a93fac797ef22e97364bed/element/f.1195843739892CF439726866CA7D4ED2.d.29BC3A00562BD1EE2A65BE8B52210CB0.e.3150/click - {}
RESULT: {}
COMMAND: GET /session/0631827be0a93fac797ef22e97364bed/screenshot - {}
RESULT: {}
RESULT: undefined
COMMAND: POST /session/0631827be0a93fac797ef22e97364bed/execute/async - {"script":"<script> [776 bytes]","args":[{"enterText":"1 - General / No capacity check","selector":{"id":"createOrganizationPop--binTypesCB","searchOpenDialogs":true,"interaction":{"idSuffix":"inner"}},"clearTextFirst":true,"interactionType":"ENTER_TEXT"}]}
RESULT: {"script":"<script> [776 bytes]","args":[{"enterText":"1 - General / No capacity check","selector":{"id":"createOrganizationPop--binTypesCB","searchOpenDialogs":true,"interaction":{"idSuffix":"inner"}},"clearTextFirst":true,"interactionType":"ENTER_TEXT"}]}
COMMAND: POST /session/0631827be0a93fac797ef22e97364bed/execute/async - {"script":"<script> [1562 bytes]","args":[{"selector":{"id":"createOrganizationPop--capacityId","searchOpenDialogs":true,"interaction":{"idSuffix":"inner"}},"wdio_ui5_key":"createOrganizationPopcapacityId"}]}
RESULT: {"script":"<script> [1562 bytes]","args":[{"selector":{"id":"createOrganizationPop--capacityId","searchOpenDialogs":true,"interaction":{"idSuffix":"inner"}},"wdio_ui5_key":"createOrganizationPopcapacityId"}]}
RESULT: undefined
COMMAND: POST /session/0631827be0a93fac797ef22e97364bed/actions - {"actions":[{"id":"action18","type":"key","parameters":{},"actions":[{"type":"keyDown","value":"î€‡"},{"type":"pause","duration":10},{"type":"keyUp","value":"î€‡"}]}]}
RESULT: {"actions":[{"id":"action18","type":"key","parameters":{},"actions":[{"type":"keyDown","value":"î€‡"},{"type":"pause","duration":10},{"type":"keyUp","value":"î€‡"}]}]}
COMMAND: GET /session/0631827be0a93fac797ef22e97364bed/screenshot - {}
RESULT: {}
RESULT: undefined
COMMAND: POST /session/0631827be0a93fac797ef22e97364bed/element - {"using":"xpath","value":"//*[@id=\"createOrganizationPop--finishBtn\"]"}
RESULT: {"using":"xpath","value":"//*[@id=\"createOrganizationPop--finishBtn\"]"}
COMMAND: POST /session/0631827be0a93fac797ef22e97364bed/element/f.1195843739892CF439726866CA7D4ED2.d.29BC3A00562BD1EE2A65BE8B52210CB0.e.3151/click - {}
RESULT: {}
COMMAND: GET /session/0631827be0a93fac797ef22e97364bed/screenshot - {}
RESULT: {}
COMMAND: POST /session/0631827be0a93fac797ef22e97364bed/element - {"using":"css selector","value":"#shell-header-icon"}
RESULT: {"using":"css selector","value":"#shell-header-icon"}
COMMAND: POST /session/0631827be0a93fac797ef22e97364bed/execute/sync - {"script":"<script> [8489 bytes]","args":[{"element-6066-11e4-a52e-4f735466cecf":"f.1195843739892CF439726866CA7D4ED2.d.29BC3A00562BD1EE2A65BE8B52210CB0.e.2981","ELEMENT":"f.1195843739892CF439726866CA7D4ED2.d.29BC3A00562BD1EE2A65BE8B52210CB0.e.2981"}]}
RESULT: {"script":"<script> [8489 bytes]","args":[{"element-6066-11e4-a52e-4f735466cecf":"f.1195843739892CF439726866CA7D4ED2.d.29BC3A00562BD1EE2A65BE8B52210CB0.e.2981","ELEMENT":"f.1195843739892CF439726866CA7D4ED2.d.29BC3A00562BD1EE2A65BE8B52210CB0.e.2981"}]}
COMMAND: GET /session/0631827be0a93fac797ef22e97364bed/element/f.1195843739892CF439726866CA7D4ED2.d.29BC3A00562BD1EE2A65BE8B52210CB0.e.2981/enabled - {}
COMMAND: GET /session/0631827be0a93fac797ef22e97364bed/screenshot - {}
RESULT: {}
COMMAND: POST /session/0631827be0a93fac797ef22e97364bed/element/f.1195843739892CF439726866CA7D4ED2.d.29BC3A00562BD1EE2A65BE8B52210CB0.e.2981/click - {}
COMMAND: GET /session/0631827be0a93fac797ef22e97364bed/screenshot - {}
RESULT: {}
RESULT: {}
COMMAND: GET /session/0631827be0a93fac797ef22e97364bed/screenshot - {}
RESULT: {}
RESULT: {}
]]></system-out>
    </testcase>
    <testcase classname="chrome.135_0_7049_96.windows.Stock_increase_-_with_WHM_US125587" name="create a whm for yard" time="33.721">
      <system-out><![CDATA[
COMMAND: POST /session/0631827be0a93fac797ef22e97364bed/element - {"using":"xpath","value":"//div[text()='Warehouse']"}
RESULT: {"using":"xpath","value":"//div[text()='Warehouse']"}
COMMAND: POST /session/0631827be0a93fac797ef22e97364bed/elements - {"using":"xpath","value":"//div[text()='Warehouse']"}
RESULT: {"using":"xpath","value":"//div[text()='Warehouse']"}
COMMAND: POST /session/0631827be0a93fac797ef22e97364bed/element/f.1195843739892CF439726866CA7D4ED2.d.29BC3A00562BD1EE2A65BE8B52210CB0.e.2982/click - {}
RESULT: {}
COMMAND: POST /session/0631827be0a93fac797ef22e97364bed/element - {"using":"xpath","value":"//span[text()='Manage Warehouse Movements']"}
COMMAND: GET /session/0631827be0a93fac797ef22e97364bed/screenshot - {}
RESULT: {"using":"xpath","value":"//span[text()='Manage Warehouse Movements']"}
COMMAND: POST /session/0631827be0a93fac797ef22e97364bed/elements - {"using":"xpath","value":"//span[text()='Manage Warehouse Movements']"}
RESULT: {}
RESULT: {"using":"xpath","value":"//span[text()='Manage Warehouse Movements']"}
COMMAND: POST /session/0631827be0a93fac797ef22e97364bed/element - {"using":"xpath","value":"//input[@id='application-warehousemovements-display-component---warehouseMovements--smartFilterBar-filterItemControl_BASIC-YARD-inner']"}
RESULT: {"using":"xpath","value":"//input[@id='application-warehousemovements-display-component---warehouseMovements--smartFilterBar-filterItemControl_BASIC-YARD-inner']"}
COMMAND: POST /session/0631827be0a93fac797ef22e97364bed/element - {"using":"xpath","value":"//input[@id='application-warehousemovements-display-component---warehouseMovements--smartFilterBar-filterItemControl_BASIC-YARD-inner']"}
RESULT: {"using":"xpath","value":"//input[@id='application-warehousemovements-display-component---warehouseMovements--smartFilterBar-filterItemControl_BASIC-YARD-inner']"}
COMMAND: POST /session/0631827be0a93fac797ef22e97364bed/actions - {"actions":[{"id":"action19","type":"key","parameters":{},"actions":[{"type":"keyDown","value":"î€‡"},{"type":"pause","duration":10},{"type":"keyUp","value":"î€‡"}]}]}
RESULT: {"actions":[{"id":"action19","type":"key","parameters":{},"actions":[{"type":"keyDown","value":"î€‡"},{"type":"pause","duration":10},{"type":"keyUp","value":"î€‡"}]}]}
COMMAND: POST /session/0631827be0a93fac797ef22e97364bed/element - {"using":"xpath","value":"(//*[@title=\"Add New Movement\"])[1]"}
COMMAND: GET /session/0631827be0a93fac797ef22e97364bed/screenshot - {}
RESULT: {"using":"xpath","value":"(//*[@title=\"Add New Movement\"])[1]"}
COMMAND: POST /session/0631827be0a93fac797ef22e97364bed/element - {"using":"xpath","value":"(//*[@title=\"Add New Movement\"])[1]"}
RESULT: {}
RESULT: {"using":"xpath","value":"(//*[@title=\"Add New Movement\"])[1]"}
COMMAND: POST /session/0631827be0a93fac797ef22e97364bed/element - {"using":"xpath","value":"//*[@id=\"application-warehousemovements-display-component---addMovement--sectionsList-arrow\"]"}
RESULT: {"using":"xpath","value":"//*[@id=\"application-warehousemovements-display-component---addMovement--sectionsList-arrow\"]"}
COMMAND: POST /session/0631827be0a93fac797ef22e97364bed/element - {"using":"xpath","value":"//*[@id=\"application-warehousemovements-display-component---addMovement--sectionsList-arrow\"]"}
RESULT: {"using":"xpath","value":"//*[@id=\"application-warehousemovements-display-component---addMovement--sectionsList-arrow\"]"}
COMMAND: POST /session/0631827be0a93fac797ef22e97364bed/element - {"using":"xpath","value":"//*[@id=\"application-warehousemovements-display-component---addMovement--saveMovementBtn-BDI-content\" and text()=\"Save\"]"}
RESULT: {"using":"xpath","value":"//*[@id=\"application-warehousemovements-display-component---addMovement--saveMovementBtn-BDI-content\" and text()=\"Save\"]"}
COMMAND: POST /session/0631827be0a93fac797ef22e97364bed/element - {"using":"xpath","value":"//*[@id=\"application-warehousemovements-display-component---addMovement--saveMovementBtn-BDI-content\" and text()=\"Save\"]"}
RESULT: {"using":"xpath","value":"//*[@id=\"application-warehousemovements-display-component---addMovement--saveMovementBtn-BDI-content\" and text()=\"Save\"]"}
COMMAND: POST /session/0631827be0a93fac797ef22e97364bed/element - {"using":"css selector","value":"#shell-header-icon"}
RESULT: {"using":"css selector","value":"#shell-header-icon"}
COMMAND: POST /session/0631827be0a93fac797ef22e97364bed/execute/sync - {"script":"<script> [8489 bytes]","args":[{"element-6066-11e4-a52e-4f735466cecf":"f.1195843739892CF439726866CA7D4ED2.d.29BC3A00562BD1EE2A65BE8B52210CB0.e.3156","ELEMENT":"f.1195843739892CF439726866CA7D4ED2.d.29BC3A00562BD1EE2A65BE8B52210CB0.e.3156"}]}
RESULT: {"script":"<script> [8489 bytes]","args":[{"element-6066-11e4-a52e-4f735466cecf":"f.1195843739892CF439726866CA7D4ED2.d.29BC3A00562BD1EE2A65BE8B52210CB0.e.3156","ELEMENT":"f.1195843739892CF439726866CA7D4ED2.d.29BC3A00562BD1EE2A65BE8B52210CB0.e.3156"}]}
COMMAND: GET /session/0631827be0a93fac797ef22e97364bed/element/f.1195843739892CF439726866CA7D4ED2.d.29BC3A00562BD1EE2A65BE8B52210CB0.e.3156/enabled - {}
COMMAND: GET /session/0631827be0a93fac797ef22e97364bed/screenshot - {}
RESULT: {}
COMMAND: POST /session/0631827be0a93fac797ef22e97364bed/element/f.1195843739892CF439726866CA7D4ED2.d.29BC3A00562BD1EE2A65BE8B52210CB0.e.3156/click - {}
COMMAND: GET /session/0631827be0a93fac797ef22e97364bed/screenshot - {}
RESULT: {}
RESULT: {}
COMMAND: GET /session/0631827be0a93fac797ef22e97364bed/screenshot - {}
RESULT: {}
RESULT: {}
]]></system-out>
    </testcase>
    <testcase classname="chrome.135_0_7049_96.windows.Stock_increase_-_with_WHM_US125587" name="Should do a stock increase handover" time="84.733">
      <system-out><![CDATA[
COMMAND: POST /session/0631827be0a93fac797ef22e97364bed/execute/async - {"script":"<script> [1562 bytes]","args":[{"selector":{"controlType":"sap.m.Text","viewName":"etm.portal.ui.managehandoverstile.view.Master","properties":{"text":"Manage Handovers"},"interaction":{"idSuffix":"inner"}},"wdio_ui5_key":"etmportal.ui.managehandoverstile.view.Mastersap.m.Text{\"text\":\"Manage Handovers\"}"}]}
RESULT: {"script":"<script> [1562 bytes]","args":[{"selector":{"controlType":"sap.m.Text","viewName":"etm.portal.ui.managehandoverstile.view.Master","properties":{"text":"Manage Handovers"},"interaction":{"idSuffix":"inner"}},"wdio_ui5_key":"etmportal.ui.managehandoverstile.view.Mastersap.m.Text{\"text\":\"Manage Handovers\"}"}]}
RESULT: undefined
COMMAND: POST /session/0631827be0a93fac797ef22e97364bed/element - {"using":"xpath","value":"//*[@id=\"__tile133-title\"]"}
RESULT: {"using":"xpath","value":"//*[@id=\"__tile133-title\"]"}
COMMAND: POST /session/0631827be0a93fac797ef22e97364bed/element/f.1195843739892CF439726866CA7D4ED2.d.29BC3A00562BD1EE2A65BE8B52210CB0.e.3158/click - {}
RESULT: {}
COMMAND: GET /session/0631827be0a93fac797ef22e97364bed/screenshot - {}
RESULT: {}
COMMAND: POST /session/0631827be0a93fac797ef22e97364bed/execute/async - {"script":"<script> [1562 bytes]","args":[{"selector":{"controlType":"sap.ui.core.Icon","viewName":"etm.portal.ui.managehandovers.view.MasterHO","properties":{"src":{"regex":{"source":"add"}}}},"wdio_ui5_key":"etmportal.ui.managehandovers.view.MasterHOsap.ui.core.Icon{\"src\":{\"regex\":{\"source\":\"add\"}}}"}]}
RESULT: {"script":"<script> [1562 bytes]","args":[{"selector":{"controlType":"sap.ui.core.Icon","viewName":"etm.portal.ui.managehandovers.view.MasterHO","properties":{"src":{"regex":{"source":"add"}}}},"wdio_ui5_key":"etmportal.ui.managehandovers.view.MasterHOsap.ui.core.Icon{\"src\":{\"regex\":{\"source\":\"add\"}}}"}]}
RESULT: undefined
COMMAND: POST /session/0631827be0a93fac797ef22e97364bed/element - {"using":"xpath","value":"//*[@id=\"__button179-img\"]"}
RESULT: {"using":"xpath","value":"//*[@id=\"__button179-img\"]"}
COMMAND: POST /session/0631827be0a93fac797ef22e97364bed/element/f.1195843739892CF439726866CA7D4ED2.d.29BC3A00562BD1EE2A65BE8B52210CB0.e.3197/click - {}
RESULT: {}
COMMAND: GET /session/0631827be0a93fac797ef22e97364bed/screenshot - {}
RESULT: {}
COMMAND: POST /session/0631827be0a93fac797ef22e97364bed/execute/async - {"script":"<script> [1562 bytes]","args":[{"selector":{"id":"application-managehandovers-display-component---AddNewHO--typeSelect","interaction":{"idSuffix":"arrow"}},"wdio_ui5_key":"applicationmanagehandovers-display-component---AddNewHO--typeSelect"}]}
RESULT: {"script":"<script> [1562 bytes]","args":[{"selector":{"id":"application-managehandovers-display-component---AddNewHO--typeSelect","interaction":{"idSuffix":"arrow"}},"wdio_ui5_key":"applicationmanagehandovers-display-component---AddNewHO--typeSelect"}]}
RESULT: undefined
COMMAND: POST /session/0631827be0a93fac797ef22e97364bed/element - {"using":"xpath","value":"//*[@id=\"application-managehandovers-display-component---AddNewHO--typeSelect\"]"}
RESULT: {"using":"xpath","value":"//*[@id=\"application-managehandovers-display-component---AddNewHO--typeSelect\"]"}
COMMAND: POST /session/0631827be0a93fac797ef22e97364bed/element/f.1195843739892CF439726866CA7D4ED2.d.29BC3A00562BD1EE2A65BE8B52210CB0.e.3551/click - {}
RESULT: {}
COMMAND: POST /session/0631827be0a93fac797ef22e97364bed/execute/async - {"script":"<script> [1562 bytes]","args":[{"selector":{"controlType":"sap.ui.core.Item","viewName":"etm.portal.ui.managehandovers.view.AddNewHO","viewId":"application-managehandovers-display-component---AddNewHO","bindingPath":{"path":"/HandOverTypes('100')","propertyPath":"ID","modelName":"catalogModel"},"searchOpenDialogs":true},"wdio_ui5_key":"etmportal.ui.managehandovers.view.AddNewHOsap.ui.core.Item{\"path\":\"/HandOverTypes('100')\",\"propertyPath\":\"ID\",\"modelName\":\"catalogModel\"}"}]}
COMMAND: GET /session/0631827be0a93fac797ef22e97364bed/screenshot - {}
RESULT: {"script":"<script> [1562 bytes]","args":[{"selector":{"controlType":"sap.ui.core.Item","viewName":"etm.portal.ui.managehandovers.view.AddNewHO","viewId":"application-managehandovers-display-component---AddNewHO","bindingPath":{"path":"/HandOverTypes('100')","propertyPath":"ID","modelName":"catalogModel"},"searchOpenDialogs":true},"wdio_ui5_key":"etmportal.ui.managehandovers.view.AddNewHOsap.ui.core.Item{\"path\":\"/HandOverTypes('100')\",\"propertyPath\":\"ID\",\"modelName\":\"catalogModel\"}"}]}
RESULT: undefined
COMMAND: POST /session/0631827be0a93fac797ef22e97364bed/element - {"using":"xpath","value":"//*[@id=\"__item1593-application-managehandovers-display-component---AddNewHO--typeSelect-1\"]"}
RESULT: {}
RESULT: {"using":"xpath","value":"//*[@id=\"__item1593-application-managehandovers-display-component---AddNewHO--typeSelect-1\"]"}
COMMAND: POST /session/0631827be0a93fac797ef22e97364bed/element/f.1195843739892CF439726866CA7D4ED2.d.29BC3A00562BD1EE2A65BE8B52210CB0.e.3552/click - {}
RESULT: {}
COMMAND: POST /session/0631827be0a93fac797ef22e97364bed/element - {"using":"css selector","value":"#application-managehandovers-display-component---AddNewHO--oneStep-CB"}
COMMAND: GET /session/0631827be0a93fac797ef22e97364bed/screenshot - {}
RESULT: {"using":"css selector","value":"#application-managehandovers-display-component---AddNewHO--oneStep-CB"}
COMMAND: POST /session/0631827be0a93fac797ef22e97364bed/execute/sync - {"script":"<script> [8489 bytes]","args":[{"element-6066-11e4-a52e-4f735466cecf":"f.1195843739892CF439726866CA7D4ED2.d.29BC3A00562BD1EE2A65BE8B52210CB0.e.3558","ELEMENT":"f.1195843739892CF439726866CA7D4ED2.d.29BC3A00562BD1EE2A65BE8B52210CB0.e.3558"}]}
RESULT: {}
RESULT: {"script":"<script> [8489 bytes]","args":[{"element-6066-11e4-a52e-4f735466cecf":"f.1195843739892CF439726866CA7D4ED2.d.29BC3A00562BD1EE2A65BE8B52210CB0.e.3558","ELEMENT":"f.1195843739892CF439726866CA7D4ED2.d.29BC3A00562BD1EE2A65BE8B52210CB0.e.3558"}]}
COMMAND: GET /session/0631827be0a93fac797ef22e97364bed/screenshot - {}
RESULT: {}
COMMAND: POST /session/0631827be0a93fac797ef22e97364bed/element - {"using":"css selector","value":"input[id=\"generalSectionFrg--receiveYard-inner\"]"}
RESULT: {"using":"css selector","value":"input[id=\"generalSectionFrg--receiveYard-inner\"]"}
COMMAND: POST /session/0631827be0a93fac797ef22e97364bed/element/f.1195843739892CF439726866CA7D4ED2.d.29BC3A00562BD1EE2A65BE8B52210CB0.e.3560/clear - {}
RESULT: {}
COMMAND: POST /session/0631827be0a93fac797ef22e97364bed/element/f.1195843739892CF439726866CA7D4ED2.d.29BC3A00562BD1EE2A65BE8B52210CB0.e.3560/value - {"text":"462"}
COMMAND: GET /session/0631827be0a93fac797ef22e97364bed/screenshot - {}
RESULT: {"text":"462"}
COMMAND: GET /session/0631827be0a93fac797ef22e97364bed/screenshot - {}
RESULT: {}
RESULT: {}
COMMAND: POST /session/0631827be0a93fac797ef22e97364bed/element - {"using":"css selector","value":"#application-managehandovers-display-component---AddNewHO--dueDate-inner"}
RESULT: {"using":"css selector","value":"#application-managehandovers-display-component---AddNewHO--dueDate-inner"}
COMMAND: POST /session/0631827be0a93fac797ef22e97364bed/element/f.1195843739892CF439726866CA7D4ED2.d.29BC3A00562BD1EE2A65BE8B52210CB0.e.3554/clear - {}
RESULT: {}
COMMAND: POST /session/0631827be0a93fac797ef22e97364bed/element/f.1195843739892CF439726866CA7D4ED2.d.29BC3A00562BD1EE2A65BE8B52210CB0.e.3554/value - {"text":"4/30/25"}
COMMAND: GET /session/0631827be0a93fac797ef22e97364bed/screenshot - {}
RESULT: {"text":"4/30/25"}
COMMAND: GET /session/0631827be0a93fac797ef22e97364bed/screenshot - {}
RESULT: {}
RESULT: {}
COMMAND: POST /session/0631827be0a93fac797ef22e97364bed/element - {"using":"xpath","value":"//bdi[(text() = 'Items' or . = 'Items')]"}
RESULT: {"using":"xpath","value":"//bdi[(text() = 'Items' or . = 'Items')]"}
COMMAND: POST /session/0631827be0a93fac797ef22e97364bed/element/f.1195843739892CF439726866CA7D4ED2.d.29BC3A00562BD1EE2A65BE8B52210CB0.e.3578/click - {}
RESULT: {}
COMMAND: GET /session/0631827be0a93fac797ef22e97364bed/screenshot - {}
RESULT: {}
COMMAND: POST /session/0631827be0a93fac797ef22e97364bed/element - {"using":"xpath","value":"//button[@aria-label=\"Add\"]"}
RESULT: {"using":"xpath","value":"//button[@aria-label=\"Add\"]"}
COMMAND: POST /session/0631827be0a93fac797ef22e97364bed/element/f.1195843739892CF439726866CA7D4ED2.d.29BC3A00562BD1EE2A65BE8B52210CB0.e.3583/click - {}
RESULT: {}
COMMAND: GET /session/0631827be0a93fac797ef22e97364bed/screenshot - {}
COMMAND: POST /session/0631827be0a93fac797ef22e97364bed/element - {"using":"css selector","value":"input[id= \"application-managehandovers-display-component---AddNewHO--smartFilterBar-btnBasicSearch-I\"]"}
RESULT: {}
RESULT: {"using":"css selector","value":"input[id= \"application-managehandovers-display-component---AddNewHO--smartFilterBar-btnBasicSearch-I\"]"}
COMMAND: POST /session/0631827be0a93fac797ef22e97364bed/element/f.1195843739892CF439726866CA7D4ED2.d.29BC3A00562BD1EE2A65BE8B52210CB0.e.3586/clear - {}
RESULT: {}
COMMAND: POST /session/0631827be0a93fac797ef22e97364bed/element/f.1195843739892CF439726866CA7D4ED2.d.29BC3A00562BD1EE2A65BE8B52210CB0.e.3586/value - {"text":"200242"}
COMMAND: GET /session/0631827be0a93fac797ef22e97364bed/screenshot - {}
RESULT: {"text":"200242"}
COMMAND: POST /session/0631827be0a93fac797ef22e97364bed/actions - {"actions":[{"id":"action20","type":"key","parameters":{},"actions":[{"type":"keyDown","value":"î€‡"},{"type":"pause","duration":10},{"type":"keyUp","value":"î€‡"}]}]}
COMMAND: GET /session/0631827be0a93fac797ef22e97364bed/screenshot - {}
RESULT: {}
RESULT: {"actions":[{"id":"action20","type":"key","parameters":{},"actions":[{"type":"keyDown","value":"î€‡"},{"type":"pause","duration":10},{"type":"keyUp","value":"î€‡"}]}]}
COMMAND: POST /session/0631827be0a93fac797ef22e97364bed/element - {"using":"css selector","value":"div[id= \"application-managehandovers-display-component---AddNewHO--smartFilterBar-btnBasicSearch-search\"]"}
COMMAND: GET /session/0631827be0a93fac797ef22e97364bed/screenshot - {}
RESULT: {}
RESULT: {"using":"css selector","value":"div[id= \"application-managehandovers-display-component---AddNewHO--smartFilterBar-btnBasicSearch-search\"]"}
COMMAND: POST /session/0631827be0a93fac797ef22e97364bed/element/f.1195843739892CF439726866CA7D4ED2.d.29BC3A00562BD1EE2A65BE8B52210CB0.e.3736/click - {}
RESULT: {}
RESULT: {}
COMMAND: GET /session/0631827be0a93fac797ef22e97364bed/screenshot - {}
RESULT: {}
COMMAND: POST /session/0631827be0a93fac797ef22e97364bed/element - {"using":"css selector","value":"div[id= \"application-managehandovers-display-component---AddNewHO--popup-sa-CbBg\"]"}
RESULT: {"using":"css selector","value":"div[id= \"application-managehandovers-display-component---AddNewHO--popup-sa-CbBg\"]"}
COMMAND: POST /session/0631827be0a93fac797ef22e97364bed/element/f.1195843739892CF439726866CA7D4ED2.d.29BC3A00562BD1EE2A65BE8B52210CB0.e.3737/click - {}
RESULT: {}
COMMAND: POST /session/0631827be0a93fac797ef22e97364bed/element - {"using":"xpath","value":"//bdi[(text() = 'Select' or . = 'Select')]"}
COMMAND: GET /session/0631827be0a93fac797ef22e97364bed/screenshot - {}
RESULT: {"using":"xpath","value":"//bdi[(text() = 'Select' or . = 'Select')]"}
COMMAND: POST /session/0631827be0a93fac797ef22e97364bed/element/f.1195843739892CF439726866CA7D4ED2.d.29BC3A00562BD1EE2A65BE8B52210CB0.e.3738/click - {}
RESULT: {}
RESULT: {}
COMMAND: GET /session/0631827be0a93fac797ef22e97364bed/screenshot - {}
RESULT: {}
COMMAND: POST /session/0631827be0a93fac797ef22e97364bed/element - {"using":"xpath","value":"//bdi[(text() = 'Save' or . = 'Save')]"}
RESULT: {"using":"xpath","value":"//bdi[(text() = 'Save' or . = 'Save')]"}
COMMAND: POST /session/0631827be0a93fac797ef22e97364bed/element/f.1195843739892CF439726866CA7D4ED2.d.29BC3A00562BD1EE2A65BE8B52210CB0.e.3742/click - {}
RESULT: {}
COMMAND: GET /session/0631827be0a93fac797ef22e97364bed/screenshot - {}
RESULT: {}
COMMAND: POST /session/0631827be0a93fac797ef22e97364bed/element - {"using":"xpath","value":"//input[contains(@id ,\"receiptDatePicker-inner\")]"}
RESULT: {"using":"xpath","value":"//input[contains(@id ,\"receiptDatePicker-inner\")]"}
COMMAND: POST /session/0631827be0a93fac797ef22e97364bed/element/f.1195843739892CF439726866CA7D4ED2.d.29BC3A00562BD1EE2A65BE8B52210CB0.e.3773/click - {}
RESULT: {}
COMMAND: POST /session/0631827be0a93fac797ef22e97364bed/element - {"using":"xpath","value":"//input[contains(@id ,\"receiptDatePicker-inner\")]"}
COMMAND: GET /session/0631827be0a93fac797ef22e97364bed/screenshot - {}
RESULT: {"using":"xpath","value":"//input[contains(@id ,\"receiptDatePicker-inner\")]"}
COMMAND: POST /session/0631827be0a93fac797ef22e97364bed/element/f.1195843739892CF439726866CA7D4ED2.d.29BC3A00562BD1EE2A65BE8B52210CB0.e.3773/clear - {}
RESULT: {}
RESULT: {}
COMMAND: POST /session/0631827be0a93fac797ef22e97364bed/element/f.1195843739892CF439726866CA7D4ED2.d.29BC3A00562BD1EE2A65BE8B52210CB0.e.3773/value - {"text":"4/30/25"}
COMMAND: GET /session/0631827be0a93fac797ef22e97364bed/screenshot - {}
RESULT: {"text":"4/30/25"}
COMMAND: GET /session/0631827be0a93fac797ef22e97364bed/screenshot - {}
RESULT: {}
RESULT: {}
COMMAND: POST /session/0631827be0a93fac797ef22e97364bed/execute/async - {"script":"<script> [1562 bytes]","args":[{"selector":{"id":"administrationTabFilter","viewName":"etm.portal.ui.managehandovers.view.DetailExecuteHO","interaction":{"idSuffix":"text"}},"wdio_ui5_key":"administrationTabFilteretmportal.ui.managehandovers.view.DetailExecuteHO"}]}
RESULT: {"script":"<script> [1562 bytes]","args":[{"selector":{"id":"administrationTabFilter","viewName":"etm.portal.ui.managehandovers.view.DetailExecuteHO","interaction":{"idSuffix":"text"}},"wdio_ui5_key":"administrationTabFilteretmportal.ui.managehandovers.view.DetailExecuteHO"}]}
RESULT: undefined
COMMAND: POST /session/0631827be0a93fac797ef22e97364bed/element - {"using":"xpath","value":"//*[@id=\"__xmlview61--administrationTabFilter\"]"}
RESULT: {"using":"xpath","value":"//*[@id=\"__xmlview61--administrationTabFilter\"]"}
COMMAND: POST /session/0631827be0a93fac797ef22e97364bed/element/f.1195843739892CF439726866CA7D4ED2.d.29BC3A00562BD1EE2A65BE8B52210CB0.e.3792/click - {}
RESULT: {}
RESULT: undefined
COMMAND: POST /session/0631827be0a93fac797ef22e97364bed/element - {"using":"xpath","value":"//*[@id=\"__xmlview61--administrationTabFilter\"]"}
COMMAND: GET /session/0631827be0a93fac797ef22e97364bed/screenshot - {}
RESULT: {"using":"xpath","value":"//*[@id=\"__xmlview61--administrationTabFilter\"]"}
COMMAND: POST /session/0631827be0a93fac797ef22e97364bed/element/f.1195843739892CF439726866CA7D4ED2.d.29BC3A00562BD1EE2A65BE8B52210CB0.e.3792/click - {}
RESULT: {}
RESULT: {}
COMMAND: GET /session/0631827be0a93fac797ef22e97364bed/screenshot - {}
RESULT: {}
COMMAND: POST /session/0631827be0a93fac797ef22e97364bed/element - {"using":"xpath","value":"//bdi[(text() = 'Confirm' or . = 'Confirm')]"}
RESULT: {"using":"xpath","value":"//bdi[(text() = 'Confirm' or . = 'Confirm')]"}
COMMAND: POST /session/0631827be0a93fac797ef22e97364bed/element/f.1195843739892CF439726866CA7D4ED2.d.29BC3A00562BD1EE2A65BE8B52210CB0.e.3800/click - {}
RESULT: {}
COMMAND: GET /session/0631827be0a93fac797ef22e97364bed/screenshot - {}
RESULT: {}
COMMAND: POST /session/0631827be0a93fac797ef22e97364bed/execute/async - {"script":"<script> [1562 bytes]","args":[{"selector":{"id":"confirmationButton","viewName":"etm.portal.ui.managehandovers.view.DetailExecuteHO","interaction":{"idSuffix":"BDI-content"}},"wdio_ui5_key":"confirmationButtonetmportal.ui.managehandovers.view.DetailExecuteHO"}]}
RESULT: {"script":"<script> [1562 bytes]","args":[{"selector":{"id":"confirmationButton","viewName":"etm.portal.ui.managehandovers.view.DetailExecuteHO","interaction":{"idSuffix":"BDI-content"}},"wdio_ui5_key":"confirmationButtonetmportal.ui.managehandovers.view.DetailExecuteHO"}]}
RESULT: undefined
COMMAND: POST /session/0631827be0a93fac797ef22e97364bed/element - {"using":"css selector","value":"bdi[aria-live=\"off\"][text=\"Close\"]"}
RESULT: {"using":"css selector","value":"bdi[aria-live=\"off\"][text=\"Close\"]"}
COMMAND: POST /session/0631827be0a93fac797ef22e97364bed/element - {"using":"css selector","value":"bdi[aria-live=\"off\"][text=\"Close\"]"}
RESULT: {"using":"css selector","value":"bdi[aria-live=\"off\"][text=\"Close\"]"}
COMMAND: POST /session/0631827be0a93fac797ef22e97364bed/element - {"using":"css selector","value":"#shell-header-logo"}
RESULT: {"using":"css selector","value":"#shell-header-logo"}
COMMAND: POST /session/0631827be0a93fac797ef22e97364bed/element/f.1195843739892CF439726866CA7D4ED2.d.29BC3A00562BD1EE2A65BE8B52210CB0.e.3162/click - {}
RESULT: {}
COMMAND: GET /session/0631827be0a93fac797ef22e97364bed/screenshot - {}
RESULT: {}
COMMAND: POST /session/0631827be0a93fac797ef22e97364bed/element - {"using":"css selector","value":"#j_username"}
COMMAND: POST /session/0631827be0a93fac797ef22e97364bed/url - {"url":"https://qa-testing-00-live-etm-ui.cfapps.eu10-004.hana.ondemand.com/"}
RESULT: {"using":"css selector","value":"#j_username"}
COMMAND: POST /session/0631827be0a93fac797ef22e97364bed/element - {"using":"css selector","value":"#j_username"}
RESULT: {"url":"https://qa-testing-00-live-etm-ui.cfapps.eu10-004.hana.ondemand.com/"}
RESULT: undefined
COMMAND: GET /session/0631827be0a93fac797ef22e97364bed/screenshot - {}
RESULT: {"using":"css selector","value":"#j_username"}
COMMAND: POST /session/0631827be0a93fac797ef22e97364bed/element - {"using":"css selector","value":"#shell-header-logo"}
RESULT: {}
RESULT: {"using":"css selector","value":"#shell-header-logo"}
COMMAND: POST /session/0631827be0a93fac797ef22e97364bed/execute/sync - {"script":"<script> [8489 bytes]","args":[{"element-6066-11e4-a52e-4f735466cecf":"f.1195843739892CF439726866CA7D4ED2.d.9B7D17F58C67907DE24EC996C9A70722.e.3816","ELEMENT":"f.1195843739892CF439726866CA7D4ED2.d.9B7D17F58C67907DE24EC996C9A70722.e.3816"}]}
RESULT: {"script":"<script> [8489 bytes]","args":[{"element-6066-11e4-a52e-4f735466cecf":"f.1195843739892CF439726866CA7D4ED2.d.9B7D17F58C67907DE24EC996C9A70722.e.3816","ELEMENT":"f.1195843739892CF439726866CA7D4ED2.d.9B7D17F58C67907DE24EC996C9A70722.e.3816"}]}
COMMAND: POST /session/0631827be0a93fac797ef22e97364bed/element - {"using":"css selector","value":"#shell-header-logo"}
COMMAND: GET /session/0631827be0a93fac797ef22e97364bed/screenshot - {}
RESULT: {"using":"css selector","value":"#shell-header-logo"}
COMMAND: POST /session/0631827be0a93fac797ef22e97364bed/execute/sync - {"script":"<script> [8489 bytes]","args":[{"element-6066-11e4-a52e-4f735466cecf":"f.1195843739892CF439726866CA7D4ED2.d.9B7D17F58C67907DE24EC996C9A70722.e.3816","ELEMENT":"f.1195843739892CF439726866CA7D4ED2.d.9B7D17F58C67907DE24EC996C9A70722.e.3816"}]}
RESULT: {}
RESULT: {"script":"<script> [8489 bytes]","args":[{"element-6066-11e4-a52e-4f735466cecf":"f.1195843739892CF439726866CA7D4ED2.d.9B7D17F58C67907DE24EC996C9A70722.e.3816","ELEMENT":"f.1195843739892CF439726866CA7D4ED2.d.9B7D17F58C67907DE24EC996C9A70722.e.3816"}]}
COMMAND: POST /session/0631827be0a93fac797ef22e97364bed/execute/sync - {"script":"<script> [5351 bytes]","args":[{"element-6066-11e4-a52e-4f735466cecf":"f.1195843739892CF439726866CA7D4ED2.d.9B7D17F58C67907DE24EC996C9A70722.e.3816","ELEMENT":"f.1195843739892CF439726866CA7D4ED2.d.9B7D17F58C67907DE24EC996C9A70722.e.3816"}]}
COMMAND: GET /session/0631827be0a93fac797ef22e97364bed/screenshot - {}
RESULT: {"script":"<script> [5351 bytes]","args":[{"element-6066-11e4-a52e-4f735466cecf":"f.1195843739892CF439726866CA7D4ED2.d.9B7D17F58C67907DE24EC996C9A70722.e.3816","ELEMENT":"f.1195843739892CF439726866CA7D4ED2.d.9B7D17F58C67907DE24EC996C9A70722.e.3816"}]}
COMMAND: POST /session/0631827be0a93fac797ef22e97364bed/element - {"using":"css selector","value":"#shell-header-logo"}
COMMAND: GET /session/0631827be0a93fac797ef22e97364bed/screenshot - {}
RESULT: {}
RESULT: {"using":"css selector","value":"#shell-header-logo"}
COMMAND: POST /session/0631827be0a93fac797ef22e97364bed/element/f.1195843739892CF439726866CA7D4ED2.d.9B7D17F58C67907DE24EC996C9A70722.e.3816/click - {}
RESULT: {}
RESULT: {}
COMMAND: GET /session/0631827be0a93fac797ef22e97364bed/screenshot - {}
RESULT: {}
COMMAND: POST /session/0631827be0a93fac797ef22e97364bed/execute/async - {"script":"<script> [189 bytes]","args":[]}
RESULT: {"script":"<script> [189 bytes]","args":[]}
COMMAND: POST /session/0631827be0a93fac797ef22e97364bed/execute/async - {"script":"<script> [123 bytes]","args":[]}
RESULT: {"script":"<script> [123 bytes]","args":[]}
COMMAND: POST /session/0631827be0a93fac797ef22e97364bed/timeouts - {"script":"<number>"}
RESULT: {"script":"<number>"}
COMMAND: GET /session/0631827be0a93fac797ef22e97364bed/timeouts - {}
RESULT: {}
RESULT: undefined
COMMAND: POST /session/0631827be0a93fac797ef22e97364bed/execute/async - {"script":"<script> [2676 bytes]","args":[]}
RESULT: {"script":"<script> [2676 bytes]","args":[]}
COMMAND: POST /session/0631827be0a93fac797ef22e97364bed/execute/async - {"script":"<script> [2342 bytes]","args":[{"protocol":"http","hostname":"0.0.0.0","path":"/","capabilities":{"browserName":"chrome","goog:chromeOptions":{"binary":"C:\\Program Files\\Google\\Chrome\\Application\\chrome.exe","args":["--start-maximized"]}},"logLevel":"warn","connectionRetryTimeout":120000,"connectionRetryCount":3,"logLevels":{},"enableDirectConnect":true,"strictSSL":true,"_":"65 more keys: [\"cacheDir\",\"port\",\"requestedCapabilities\",\"automationProtocol\",\"baseUrl\",\"waitforInterval\",\"waitforTimeout\",\"onReload\",\"beforeCommand\",\"afterCommand\",\"rootDir\",\"specs\",\"suites\",\"exclude\",\"groupLogsByTestSpec\",\"excludeDriverLogs\",\"bail\",\"framework\",\"reporters\",\"services\",\"maxInstances\",\"maxInstancesPerCapability\",\"injectGlobals\",\"filesToWatch\",\"execArgv\",\"runnerEnv\",\"runner\",\"shard\",\"specFileRetries\",\"specFileRetriesDelay\",\"specFileRetriesDeferred\",\"reporterSyncInterval\",\"reporterSyncTimeout\",\"cucumberFeaturesWithLineNumbers\",\"autoCompileOpts\",\"mochaOpts\",\"jasmineOpts\",\"cucumberOpts\",\"onPrepare\",\"onWorkerStart\",\"onWorkerEnd\",\"before\",\"beforeSession\",\"beforeSuite\",\"beforeHook\",\"beforeTest\",\"afterTest\",\"afterHook\",\"afterSuite\",\"afterSession\",\"after\",\"onComplete\",\"beforeAssertion\",\"afterAssertion\",\"beforeFeature\",\"beforeScenario\",\"beforeStep\",\"afterStep\",\"afterScenario\",\"afterFeature\",\"_\",\"suite\",\"$0\",\"ignoredWorkerServices\",\"wdi5\"]"}]}
RESULT: {"script":"<script> [2342 bytes]","args":[{"protocol":"http","hostname":"0.0.0.0","path":"/","capabilities":{"browserName":"chrome","goog:chromeOptions":{"binary":"C:\\Program Files\\Google\\Chrome\\Application\\chrome.exe","args":["--start-maximized"]}},"logLevel":"warn","connectionRetryTimeout":120000,"connectionRetryCount":3,"logLevels":{},"enableDirectConnect":true,"strictSSL":true,"_":"65 more keys: [\"cacheDir\",\"port\",\"requestedCapabilities\",\"automationProtocol\",\"baseUrl\",\"waitforInterval\",\"waitforTimeout\",\"onReload\",\"beforeCommand\",\"afterCommand\",\"rootDir\",\"specs\",\"suites\",\"exclude\",\"groupLogsByTestSpec\",\"excludeDriverLogs\",\"bail\",\"framework\",\"reporters\",\"services\",\"maxInstances\",\"maxInstancesPerCapability\",\"injectGlobals\",\"filesToWatch\",\"execArgv\",\"runnerEnv\",\"runner\",\"shard\",\"specFileRetries\",\"specFileRetriesDelay\",\"specFileRetriesDeferred\",\"reporterSyncInterval\",\"reporterSyncTimeout\",\"cucumberFeaturesWithLineNumbers\",\"autoCompileOpts\",\"mochaOpts\",\"jasmineOpts\",\"cucumberOpts\",\"onPrepare\",\"onWorkerStart\",\"onWorkerEnd\",\"before\",\"beforeSession\",\"beforeSuite\",\"beforeHook\",\"beforeTest\",\"afterTest\",\"afterHook\",\"afterSuite\",\"afterSession\",\"after\",\"onComplete\",\"beforeAssertion\",\"afterAssertion\",\"beforeFeature\",\"beforeScenario\",\"beforeStep\",\"afterStep\",\"afterScenario\",\"afterFeature\",\"_\",\"suite\",\"$0\",\"ignoredWorkerServices\",\"wdi5\"]"}]}
COMMAND: POST /session/0631827be0a93fac797ef22e97364bed/execute/async - {"script":"<script> [21126 bytes]","args":[35000]}
RESULT: {"script":"<script> [21126 bytes]","args":[35000]}
COMMAND: POST /session/0631827be0a93fac797ef22e97364bed/window/maximize - {}
RESULT: {}
COMMAND: POST /session/0631827be0a93fac797ef22e97364bed/execute/async - {"script":"<script> [1562 bytes]","args":[{"selector":{"id":"shell-header","interaction":{"idSuffix":"icon"}},"wdio_ui5_key":"shellheader"}]}
COMMAND: GET /session/0631827be0a93fac797ef22e97364bed/screenshot - {}
RESULT: {"script":"<script> [1562 bytes]","args":[{"selector":{"id":"shell-header","interaction":{"idSuffix":"icon"}},"wdio_ui5_key":"shellheader"}]}
RESULT: undefined
]]></system-out>
    </testcase>
  </testsuite>
  <testsuite timestamp="2025-04-30T16:34:40" time="436.715" tests="6" failures="6" errors="6" skipped="0">
    <properties>
      <property name="specId" value="0" />
      <property name="suiteName" value="Provide to Site w/ warehouse management w/ clarification US115878" />
      <property name="capabilities" value="chrome.135_0_7049_96.windows" />
      <property name="file" value="file:///D:/a/1/s/test/specs/HTR/provide-to-site-w-warehouse-w-clarification.spec.js" />
    </properties>
  </testsuite>
  <testsuite timestamp="2025-04-30T16:41:57" time="492.532" tests="6" failures="6" errors="6" skipped="0">
    <properties>
      <property name="specId" value="0" />
      <property name="suiteName" value="Provide to Site w/ warehouse management w clarification" />
      <property name="capabilities" value="chrome.135_0_7049_96.windows" />
      <property name="file" value="file:///D:/a/1/s/test/specs/HTR/provide-to-site-w-warehouse-w-clarification.spec.js" />
    </properties>
  </testsuite>
  <testsuite timestamp="2025-04-30T16:50:09" time="491.022" tests="6" failures="6" errors="6" skipped="0">
    <properties>
      <property name="specId" value="0" />
      <property name="suiteName" value="Provide to Site w/ warehouse management w/o clarification US113782 " />
      <property name="capabilities" value="chrome.135_0_7049_96.windows" />
      <property name="file" value="file:///D:/a/1/s/test/specs/HTR/provide-to-site-w-warehouse-wo-clarification.spec.js" />
    </properties>
  </testsuite>
  <testsuite timestamp="2025-04-30T16:58:20" time="324.307" tests="5" failures="5" errors="5" skipped="0">
    <properties>
      <property name="specId" value="0" />
      <property name="suiteName" value="Provide to Site w/ warehouse management wo clarification" />
      <property name="capabilities" value="chrome.135_0_7049_96.windows" />
      <property name="file" value="file:///D:/a/1/s/test/specs/HTR/provide-to-site-w-warehouse-wo-clarification.spec.js" />
    </properties>
  </testsuite>
  <testsuite timestamp="2025-04-30T17:03:44" time="307.813" tests="4" failures="0" errors="0" skipped="0">
    <properties>
      <property name="specId" value="0" />
      <property name="suiteName" value="Provide to Site w/o warehouse management w/ clarification US116605" />
      <property name="capabilities" value="chrome.135_0_7049_96.windows" />
      <property name="file" value="file:///D:/a/1/s/test/specs/HTR/provide-to-site-wo-warehouse-w-clarification.spec.js" />
    </properties>
    <testcase classname="chrome.135_0_7049_96.windows.Provide_to_Site_w/o_warehouse_management_w/_clarification_US116605" name="Should create a WHM yard" time="89.931">
      <system-out><![CDATA[
COMMAND: POST /session/0631827be0a93fac797ef22e97364bed/execute/async - {"script":"<script> [1562 bytes]","args":[{"selector":{"controlType":"sap.m.GenericTile","properties":{"header":"Manage Yards"}},"wdio_ui5_key":"sapm.GenericTile{\"header\":\"Manage Yards\"}"}]}
RESULT: {}
RESULT: {"script":"<script> [1562 bytes]","args":[{"selector":{"controlType":"sap.m.GenericTile","properties":{"header":"Manage Yards"}},"wdio_ui5_key":"sapm.GenericTile{\"header\":\"Manage Yards\"}"}]}
RESULT: undefined
COMMAND: POST /session/0631827be0a93fac797ef22e97364bed/element - {"using":"xpath","value":"//*[@id=\"__tile41\"]"}
RESULT: {"using":"xpath","value":"//*[@id=\"__tile41\"]"}
COMMAND: POST /session/0631827be0a93fac797ef22e97364bed/element/f.1195843739892CF439726866CA7D4ED2.d.8790B7E83BFC4DC64D24498255BFDD9A.e.5126/click - {}
RESULT: {}
COMMAND: POST /session/0631827be0a93fac797ef22e97364bed/execute/async - {"script":"<script> [1562 bytes]","args":[{"selector":{"controlType":"sap.ui.core.Icon","viewName":"etm.portal.ui.manageyards.view.Master","viewId":"application-manageyards-display-component---masterYard","properties":{"src":{"regex":{"source":"add"}}}},"wdio_ui5_key":"etmportal.ui.manageyards.view.Mastersap.ui.core.Icon{\"src\":{\"regex\":{\"source\":\"add\"}}}"}]}
COMMAND: GET /session/0631827be0a93fac797ef22e97364bed/screenshot - {}
RESULT: {"script":"<script> [1562 bytes]","args":[{"selector":{"controlType":"sap.ui.core.Icon","viewName":"etm.portal.ui.manageyards.view.Master","viewId":"application-manageyards-display-component---masterYard","properties":{"src":{"regex":{"source":"add"}}}},"wdio_ui5_key":"etmportal.ui.manageyards.view.Mastersap.ui.core.Icon{\"src\":{\"regex\":{\"source\":\"add\"}}}"}]}
RESULT: undefined
COMMAND: POST /session/0631827be0a93fac797ef22e97364bed/element - {"using":"xpath","value":"//*[@id=\"__button4-img\"]"}
RESULT: {}
RESULT: {"using":"xpath","value":"//*[@id=\"__button4-img\"]"}
COMMAND: POST /session/0631827be0a93fac797ef22e97364bed/element/f.1195843739892CF439726866CA7D4ED2.d.8790B7E83BFC4DC64D24498255BFDD9A.e.5270/click - {}
RESULT: {}
COMMAND: POST /session/0631827be0a93fac797ef22e97364bed/execute/async - {"script":"<script> [1562 bytes]","args":[{"selector":{"id":"application-manageyards-display-component---NewYard--addressDetailDetailsName1","interaction":{"idSuffix":"inner"}},"wdio_ui5_key":"applicationmanageyards-display-component---NewYard--addressDetailDetailsName1"}]}
COMMAND: GET /session/0631827be0a93fac797ef22e97364bed/screenshot - {}
RESULT: {"script":"<script> [1562 bytes]","args":[{"selector":{"id":"application-manageyards-display-component---NewYard--addressDetailDetailsName1","interaction":{"idSuffix":"inner"}},"wdio_ui5_key":"applicationmanageyards-display-component---NewYard--addressDetailDetailsName1"}]}
RESULT: undefined
COMMAND: POST /session/0631827be0a93fac797ef22e97364bed/execute/async - {"script":"<script> [776 bytes]","args":[{"enterText":"warehouse managed Yard","selector":{"id":"application-manageyards-display-component---NewYard--addressDetailDetailsName1","interaction":{"idSuffix":"inner"}},"clearTextFirst":true,"interactionType":"ENTER_TEXT"}]}
RESULT: {}
RESULT: {"script":"<script> [776 bytes]","args":[{"enterText":"warehouse managed Yard","selector":{"id":"application-manageyards-display-component---NewYard--addressDetailDetailsName1","interaction":{"idSuffix":"inner"}},"clearTextFirst":true,"interactionType":"ENTER_TEXT"}]}
COMMAND: POST /session/0631827be0a93fac797ef22e97364bed/execute/async - {"script":"<script> [1562 bytes]","args":[{"selector":{"id":"application-manageyards-display-component---NewYard--addressDetailDetailsLanguage-arrow"},"wdio_ui5_key":"applicationmanageyards-display-component---NewYard--addressDetailDetailsLanguage-arrow"}]}
RESULT: {"script":"<script> [1562 bytes]","args":[{"selector":{"id":"application-manageyards-display-component---NewYard--addressDetailDetailsLanguage-arrow"},"wdio_ui5_key":"applicationmanageyards-display-component---NewYard--addressDetailDetailsLanguage-arrow"}]}
RESULT: undefined
COMMAND: POST /session/0631827be0a93fac797ef22e97364bed/element - {"using":"xpath","value":"//*[@id=\"application-manageyards-display-component---NewYard--addressDetailDetailsLanguage-arrow\"]"}
RESULT: {"using":"xpath","value":"//*[@id=\"application-manageyards-display-component---NewYard--addressDetailDetailsLanguage-arrow\"]"}
COMMAND: POST /session/0631827be0a93fac797ef22e97364bed/element/f.1195843739892CF439726866CA7D4ED2.d.8790B7E83BFC4DC64D24498255BFDD9A.e.5577/click - {}
RESULT: {}
COMMAND: POST /session/0631827be0a93fac797ef22e97364bed/execute/async - {"script":"<script> [1562 bytes]","args":[{"selector":{"controlType":"sap.m.StandardListItem","viewName":"etm.portal.ui.manageyards.view.New","viewId":"application-manageyards-display-component---NewYard","properties":{"title":"English"},"searchOpenDialogs":true,"interaction":{"idSuffix":"content"}},"wdio_ui5_key":"etmportal.ui.manageyards.view.Newsap.m.StandardListItem{\"title\":\"English\"}"}]}
COMMAND: GET /session/0631827be0a93fac797ef22e97364bed/screenshot - {}
RESULT: {"script":"<script> [1562 bytes]","args":[{"selector":{"controlType":"sap.m.StandardListItem","viewName":"etm.portal.ui.manageyards.view.New","viewId":"application-manageyards-display-component---NewYard","properties":{"title":"English"},"searchOpenDialogs":true,"interaction":{"idSuffix":"content"}},"wdio_ui5_key":"etmportal.ui.manageyards.view.Newsap.m.StandardListItem{\"title\":\"English\"}"}]}
RESULT: undefined
COMMAND: POST /session/0631827be0a93fac797ef22e97364bed/element - {"using":"xpath","value":"//*[@id=\"__item101\"]"}
RESULT: {}
RESULT: {"using":"xpath","value":"//*[@id=\"__item101\"]"}
COMMAND: POST /session/0631827be0a93fac797ef22e97364bed/element/f.1195843739892CF439726866CA7D4ED2.d.8790B7E83BFC4DC64D24498255BFDD9A.e.5579/click - {}
RESULT: {}
COMMAND: POST /session/0631827be0a93fac797ef22e97364bed/execute/async - {"script":"<script> [1562 bytes]","args":[{"selector":{"id":"application-manageyards-display-component---NewYard--addressDetailDetailsCity1","interaction":{"idSuffix":"inner"}},"wdio_ui5_key":"applicationmanageyards-display-component---NewYard--addressDetailDetailsCity1"}]}
COMMAND: GET /session/0631827be0a93fac797ef22e97364bed/screenshot - {}
RESULT: {"script":"<script> [1562 bytes]","args":[{"selector":{"id":"application-manageyards-display-component---NewYard--addressDetailDetailsCity1","interaction":{"idSuffix":"inner"}},"wdio_ui5_key":"applicationmanageyards-display-component---NewYard--addressDetailDetailsCity1"}]}
RESULT: undefined
COMMAND: POST /session/0631827be0a93fac797ef22e97364bed/execute/async - {"script":"<script> [776 bytes]","args":[{"enterText":"Rosario","selector":{"id":"application-manageyards-display-component---NewYard--addressDetailDetailsCity1","interaction":{"idSuffix":"inner"}},"clearTextFirst":true,"interactionType":"ENTER_TEXT"}]}
RESULT: {}
RESULT: {"script":"<script> [776 bytes]","args":[{"enterText":"Rosario","selector":{"id":"application-manageyards-display-component---NewYard--addressDetailDetailsCity1","interaction":{"idSuffix":"inner"}},"clearTextFirst":true,"interactionType":"ENTER_TEXT"}]}
COMMAND: POST /session/0631827be0a93fac797ef22e97364bed/execute/async - {"script":"<script> [1562 bytes]","args":[{"selector":{"id":"application-manageyards-display-component---NewYard--addressDetailDetailsCountry-arrow"},"wdio_ui5_key":"applicationmanageyards-display-component---NewYard--addressDetailDetailsCountry-arrow"}]}
RESULT: {"script":"<script> [1562 bytes]","args":[{"selector":{"id":"application-manageyards-display-component---NewYard--addressDetailDetailsCountry-arrow"},"wdio_ui5_key":"applicationmanageyards-display-component---NewYard--addressDetailDetailsCountry-arrow"}]}
RESULT: undefined
COMMAND: POST /session/0631827be0a93fac797ef22e97364bed/element - {"using":"xpath","value":"//*[@id=\"application-manageyards-display-component---NewYard--addressDetailDetailsCountry-arrow\"]"}
RESULT: {"using":"xpath","value":"//*[@id=\"application-manageyards-display-component---NewYard--addressDetailDetailsCountry-arrow\"]"}
COMMAND: POST /session/0631827be0a93fac797ef22e97364bed/element/f.1195843739892CF439726866CA7D4ED2.d.8790B7E83BFC4DC64D24498255BFDD9A.e.5562/click - {}
RESULT: {}
COMMAND: POST /session/0631827be0a93fac797ef22e97364bed/execute/async - {"script":"<script> [1562 bytes]","args":[{"selector":{"controlType":"sap.m.StandardListItem","viewName":"etm.portal.ui.manageyards.view.New","viewId":"application-manageyards-display-component---NewYard","properties":{"title":"Argentina"},"searchOpenDialogs":true,"interaction":{"idSuffix":"content"}},"wdio_ui5_key":"etmportal.ui.manageyards.view.Newsap.m.StandardListItem{\"title\":\"Argentina\"}"}]}
COMMAND: GET /session/0631827be0a93fac797ef22e97364bed/screenshot - {}
RESULT: {"script":"<script> [1562 bytes]","args":[{"selector":{"controlType":"sap.m.StandardListItem","viewName":"etm.portal.ui.manageyards.view.New","viewId":"application-manageyards-display-component---NewYard","properties":{"title":"Argentina"},"searchOpenDialogs":true,"interaction":{"idSuffix":"content"}},"wdio_ui5_key":"etmportal.ui.manageyards.view.Newsap.m.StandardListItem{\"title\":\"Argentina\"}"}]}
RESULT: undefined
COMMAND: POST /session/0631827be0a93fac797ef22e97364bed/element - {"using":"xpath","value":"//*[@id=\"__item144\"]"}
RESULT: {}
RESULT: {"using":"xpath","value":"//*[@id=\"__item144\"]"}
COMMAND: POST /session/0631827be0a93fac797ef22e97364bed/element/f.1195843739892CF439726866CA7D4ED2.d.8790B7E83BFC4DC64D24498255BFDD9A.e.5583/click - {}
RESULT: {}
COMMAND: POST /session/0631827be0a93fac797ef22e97364bed/execute/async - {"script":"<script> [1562 bytes]","args":[{"selector":{"controlType":"sap.m.Button","viewName":"etm.portal.ui.manageyards.view.New","viewId":"application-manageyards-display-component---NewYard","properties":{"text":"Commercial"},"interaction":{"idSuffix":"BDI-content"}},"wdio_ui5_key":"etmportal.ui.manageyards.view.Newsap.m.Button{\"text\":\"Commercial\"}"}]}
COMMAND: GET /session/0631827be0a93fac797ef22e97364bed/screenshot - {}
RESULT: {"script":"<script> [1562 bytes]","args":[{"selector":{"controlType":"sap.m.Button","viewName":"etm.portal.ui.manageyards.view.New","viewId":"application-manageyards-display-component---NewYard","properties":{"text":"Commercial"},"interaction":{"idSuffix":"BDI-content"}},"wdio_ui5_key":"etmportal.ui.manageyards.view.Newsap.m.Button{\"text\":\"Commercial\"}"}]}
RESULT: undefined
COMMAND: POST /session/0631827be0a93fac797ef22e97364bed/element - {"using":"xpath","value":"//*[@id=\"application-manageyards-display-component---NewYard--ObjectPageLayout-anchBar-__section5-anchor\"]"}
RESULT: {}
RESULT: {"using":"xpath","value":"//*[@id=\"application-manageyards-display-component---NewYard--ObjectPageLayout-anchBar-__section5-anchor\"]"}
COMMAND: POST /session/0631827be0a93fac797ef22e97364bed/element/f.1195843739892CF439726866CA7D4ED2.d.8790B7E83BFC4DC64D24498255BFDD9A.e.5585/click - {}
RESULT: {}
COMMAND: GET /session/0631827be0a93fac797ef22e97364bed/screenshot - {}
RESULT: {}
COMMAND: POST /session/0631827be0a93fac797ef22e97364bed/execute/async - {"script":"<script> [1562 bytes]","args":[{"selector":{"id":"application-manageyards-display-component---NewYard--addressEditDetailsCostObjectCstType-arrow"},"wdio_ui5_key":"applicationmanageyards-display-component---NewYard--addressEditDetailsCostObjectCstType-arrow"}]}
RESULT: {"script":"<script> [1562 bytes]","args":[{"selector":{"id":"application-manageyards-display-component---NewYard--addressEditDetailsCostObjectCstType-arrow"},"wdio_ui5_key":"applicationmanageyards-display-component---NewYard--addressEditDetailsCostObjectCstType-arrow"}]}
RESULT: undefined
COMMAND: POST /session/0631827be0a93fac797ef22e97364bed/element - {"using":"xpath","value":"//*[@id=\"application-manageyards-display-component---NewYard--addressEditDetailsCostObjectCstType-arrow\"]"}
RESULT: {"using":"xpath","value":"//*[@id=\"application-manageyards-display-component---NewYard--addressEditDetailsCostObjectCstType-arrow\"]"}
COMMAND: POST /session/0631827be0a93fac797ef22e97364bed/element/f.1195843739892CF439726866CA7D4ED2.d.8790B7E83BFC4DC64D24498255BFDD9A.e.5595/click - {}
RESULT: {}
COMMAND: GET /session/0631827be0a93fac797ef22e97364bed/screenshot - {}
RESULT: {}
COMMAND: POST /session/0631827be0a93fac797ef22e97364bed/execute/async - {"script":"<script> [1562 bytes]","args":[{"selector":{"controlType":"sap.m.StandardListItem","viewName":"etm.portal.ui.manageyards.view.New","viewId":"application-manageyards-display-component---NewYard","properties":{"title":"Cost Center"},"searchOpenDialogs":true,"interaction":{"idSuffix":"titleText"}},"wdio_ui5_key":"etmportal.ui.manageyards.view.Newsap.m.StandardListItem{\"title\":\"Cost Center\"}"}]}
RESULT: {"script":"<script> [1562 bytes]","args":[{"selector":{"controlType":"sap.m.StandardListItem","viewName":"etm.portal.ui.manageyards.view.New","viewId":"application-manageyards-display-component---NewYard","properties":{"title":"Cost Center"},"searchOpenDialogs":true,"interaction":{"idSuffix":"titleText"}},"wdio_ui5_key":"etmportal.ui.manageyards.view.Newsap.m.StandardListItem{\"title\":\"Cost Center\"}"}]}
RESULT: undefined
COMMAND: POST /session/0631827be0a93fac797ef22e97364bed/element - {"using":"xpath","value":"//*[@id=\"__item234\"]"}
RESULT: {"using":"xpath","value":"//*[@id=\"__item234\"]"}
COMMAND: POST /session/0631827be0a93fac797ef22e97364bed/element/f.1195843739892CF439726866CA7D4ED2.d.8790B7E83BFC4DC64D24498255BFDD9A.e.5597/click - {}
RESULT: {}
COMMAND: POST /session/0631827be0a93fac797ef22e97364bed/element - {"using":"xpath","value":"//input[@id=\"application-manageyards-display-component---NewYard--addressNewCostObjectCstID-inner\"]"}
COMMAND: GET /session/0631827be0a93fac797ef22e97364bed/screenshot - {}
RESULT: {"using":"xpath","value":"//input[@id=\"application-manageyards-display-component---NewYard--addressNewCostObjectCstID-inner\"]"}
COMMAND: POST /session/0631827be0a93fac797ef22e97364bed/element/f.1195843739892CF439726866CA7D4ED2.d.8790B7E83BFC4DC64D24498255BFDD9A.e.5398/clear - {}
RESULT: {}
COMMAND: POST /session/0631827be0a93fac797ef22e97364bed/element - {"using":"xpath","value":"//input[@id=\"application-manageyards-display-component---NewYard--addressNewCostObjectCstID-inner\"]"}
RESULT: {"using":"xpath","value":"//input[@id=\"application-manageyards-display-component---NewYard--addressNewCostObjectCstID-inner\"]"}
COMMAND: POST /session/0631827be0a93fac797ef22e97364bed/element/f.1195843739892CF439726866CA7D4ED2.d.8790B7E83BFC4DC64D24498255BFDD9A.e.5398/clear - {}
COMMAND: POST /session/0631827be0a93fac797ef22e97364bed/element - {"using":"xpath","value":"//input[@id=\"application-manageyards-display-component---NewYard--addressNewCostObjectCstID-inner\"]"}
RESULT: {"using":"xpath","value":"//input[@id=\"application-manageyards-display-component---NewYard--addressNewCostObjectCstID-inner\"]"}
COMMAND: POST /session/0631827be0a93fac797ef22e97364bed/element/f.1195843739892CF439726866CA7D4ED2.d.8790B7E83BFC4DC64D24498255BFDD9A.e.5601/clear - {}
COMMAND: POST /session/0631827be0a93fac797ef22e97364bed/element - {"using":"xpath","value":"//input[@id=\"application-manageyards-display-component---NewYard--addressNewCostObjectCstID-inner\"]"}
RESULT: {"using":"xpath","value":"//input[@id=\"application-manageyards-display-component---NewYard--addressNewCostObjectCstID-inner\"]"}
COMMAND: POST /session/0631827be0a93fac797ef22e97364bed/element/f.1195843739892CF439726866CA7D4ED2.d.8790B7E83BFC4DC64D24498255BFDD9A.e.5601/clear - {}
COMMAND: POST /session/0631827be0a93fac797ef22e97364bed/element - {"using":"xpath","value":"//input[@id=\"application-manageyards-display-component---NewYard--addressNewCostObjectCstID-inner\"]"}
RESULT: {"using":"xpath","value":"//input[@id=\"application-manageyards-display-component---NewYard--addressNewCostObjectCstID-inner\"]"}
COMMAND: POST /session/0631827be0a93fac797ef22e97364bed/element/f.1195843739892CF439726866CA7D4ED2.d.8790B7E83BFC4DC64D24498255BFDD9A.e.5603/clear - {}
RESULT: {}
COMMAND: POST /session/0631827be0a93fac797ef22e97364bed/element/f.1195843739892CF439726866CA7D4ED2.d.8790B7E83BFC4DC64D24498255BFDD9A.e.5603/value - {"text":"10001013"}
COMMAND: GET /session/0631827be0a93fac797ef22e97364bed/screenshot - {}
RESULT: {"text":"10001013"}
COMMAND: GET /session/0631827be0a93fac797ef22e97364bed/screenshot - {}
RESULT: {}
RESULT: {}
COMMAND: POST /session/0631827be0a93fac797ef22e97364bed/execute/async - {"script":"<script> [1562 bytes]","args":[{"selector":{"controlType":"sap.m.StandardListItem","viewName":"etm.portal.ui.manageyards.view.New","viewId":"application-manageyards-display-component---NewYard","properties":{"type":"Active"},"searchOpenDialogs":true,"interaction":{"idSuffix":"titleText"}},"wdio_ui5_key":"etmportal.ui.manageyards.view.Newsap.m.StandardListItem{\"type\":\"Active\"}"}]}
RESULT: {"script":"<script> [1562 bytes]","args":[{"selector":{"controlType":"sap.m.StandardListItem","viewName":"etm.portal.ui.manageyards.view.New","viewId":"application-manageyards-display-component---NewYard","properties":{"type":"Active"},"searchOpenDialogs":true,"interaction":{"idSuffix":"titleText"}},"wdio_ui5_key":"etmportal.ui.manageyards.view.Newsap.m.StandardListItem{\"type\":\"Active\"}"}]}
RESULT: undefined
COMMAND: POST /session/0631827be0a93fac797ef22e97364bed/element - {"using":"xpath","value":"//*[@id=\"__item339\"]"}
RESULT: {"using":"xpath","value":"//*[@id=\"__item339\"]"}
COMMAND: POST /session/0631827be0a93fac797ef22e97364bed/element/f.1195843739892CF439726866CA7D4ED2.d.8790B7E83BFC4DC64D24498255BFDD9A.e.5607/click - {}
RESULT: {}
COMMAND: POST /session/0631827be0a93fac797ef22e97364bed/execute/async - {"script":"<script> [1562 bytes]","args":[{"selector":{"id":"application-manageyards-display-component---NewYard--addressEditDetailsCurrency-arrow"},"wdio_ui5_key":"applicationmanageyards-display-component---NewYard--addressEditDetailsCurrency-arrow"}]}
COMMAND: GET /session/0631827be0a93fac797ef22e97364bed/screenshot - {}
RESULT: {"script":"<script> [1562 bytes]","args":[{"selector":{"id":"application-manageyards-display-component---NewYard--addressEditDetailsCurrency-arrow"},"wdio_ui5_key":"applicationmanageyards-display-component---NewYard--addressEditDetailsCurrency-arrow"}]}
RESULT: undefined
COMMAND: POST /session/0631827be0a93fac797ef22e97364bed/element - {"using":"xpath","value":"//*[@id=\"application-manageyards-display-component---NewYard--addressEditDetailsCurrency-arrow\"]"}
RESULT: {}
RESULT: {"using":"xpath","value":"//*[@id=\"application-manageyards-display-component---NewYard--addressEditDetailsCurrency-arrow\"]"}
COMMAND: POST /session/0631827be0a93fac797ef22e97364bed/element/f.1195843739892CF439726866CA7D4ED2.d.8790B7E83BFC4DC64D24498255BFDD9A.e.5609/click - {}
RESULT: {}
COMMAND: POST /session/0631827be0a93fac797ef22e97364bed/execute/async - {"script":"<script> [1562 bytes]","args":[{"selector":{"controlType":"sap.m.StandardListItem","viewName":"etm.portal.ui.manageyards.view.New","viewId":"application-manageyards-display-component---NewYard","properties":{"title":"Euro"},"searchOpenDialogs":true,"interaction":{"idSuffix":"content"}},"wdio_ui5_key":"etmportal.ui.manageyards.view.Newsap.m.StandardListItem{\"title\":\"Euro\"}"}]}
COMMAND: GET /session/0631827be0a93fac797ef22e97364bed/screenshot - {}
RESULT: {"script":"<script> [1562 bytes]","args":[{"selector":{"controlType":"sap.m.StandardListItem","viewName":"etm.portal.ui.manageyards.view.New","viewId":"application-manageyards-display-component---NewYard","properties":{"title":"Euro"},"searchOpenDialogs":true,"interaction":{"idSuffix":"content"}},"wdio_ui5_key":"etmportal.ui.manageyards.view.Newsap.m.StandardListItem{\"title\":\"Euro\"}"}]}
RESULT: undefined
COMMAND: POST /session/0631827be0a93fac797ef22e97364bed/element - {"using":"xpath","value":"//*[@id=\"__item340\"]"}
RESULT: {}
RESULT: {"using":"xpath","value":"//*[@id=\"__item340\"]"}
COMMAND: POST /session/0631827be0a93fac797ef22e97364bed/element/f.1195843739892CF439726866CA7D4ED2.d.8790B7E83BFC4DC64D24498255BFDD9A.e.5611/click - {}
RESULT: {}
COMMAND: POST /session/0631827be0a93fac797ef22e97364bed/execute/async - {"script":"<script> [1562 bytes]","args":[{"selector":{"controlType":"sap.m.Input","viewName":"etm.portal.ui.manageyards.view.New","viewId":"application-manageyards-display-component---NewYard","bindingPath":{"path":"","propertyPath":"/CONTROLLING_AREA","modelName":"NewYardModel"},"interaction":{"idSuffix":"inner"}},"wdio_ui5_key":"etmportal.ui.manageyards.view.Newsap.m.Input{\"path\":\"\",\"propertyPath\":\"/CONTROLLING_AREA\",\"modelName\":\"NewYardModel\"}"}]}
COMMAND: GET /session/0631827be0a93fac797ef22e97364bed/screenshot - {}
RESULT: {"script":"<script> [1562 bytes]","args":[{"selector":{"controlType":"sap.m.Input","viewName":"etm.portal.ui.manageyards.view.New","viewId":"application-manageyards-display-component---NewYard","bindingPath":{"path":"","propertyPath":"/CONTROLLING_AREA","modelName":"NewYardModel"},"interaction":{"idSuffix":"inner"}},"wdio_ui5_key":"etmportal.ui.manageyards.view.Newsap.m.Input{\"path\":\"\",\"propertyPath\":\"/CONTROLLING_AREA\",\"modelName\":\"NewYardModel\"}"}]}
RESULT: undefined
COMMAND: POST /session/0631827be0a93fac797ef22e97364bed/execute/async - {"script":"<script> [776 bytes]","args":[{"enterText":"Z001","selector":{"controlType":"sap.m.Input","viewName":"etm.portal.ui.manageyards.view.New","viewId":"application-manageyards-display-component---NewYard","bindingPath":{"path":"","propertyPath":"/CONTROLLING_AREA","modelName":"NewYardModel"},"interaction":{"idSuffix":"inner"}},"clearTextFirst":true,"interactionType":"ENTER_TEXT"}]}
RESULT: {}
RESULT: {"script":"<script> [776 bytes]","args":[{"enterText":"Z001","selector":{"controlType":"sap.m.Input","viewName":"etm.portal.ui.manageyards.view.New","viewId":"application-manageyards-display-component---NewYard","bindingPath":{"path":"","propertyPath":"/CONTROLLING_AREA","modelName":"NewYardModel"},"interaction":{"idSuffix":"inner"}},"clearTextFirst":true,"interactionType":"ENTER_TEXT"}]}
COMMAND: POST /session/0631827be0a93fac797ef22e97364bed/execute/async - {"script":"<script> [1562 bytes]","args":[{"selector":{"id":"application-manageyards-display-component---NewYard--companyCodeComboBox","interaction":{"idSuffix":"inner"}},"wdio_ui5_key":"applicationmanageyards-display-component---NewYard--companyCodeComboBox"}]}
RESULT: {"script":"<script> [1562 bytes]","args":[{"selector":{"id":"application-manageyards-display-component---NewYard--companyCodeComboBox","interaction":{"idSuffix":"inner"}},"wdio_ui5_key":"applicationmanageyards-display-component---NewYard--companyCodeComboBox"}]}
RESULT: undefined
COMMAND: POST /session/0631827be0a93fac797ef22e97364bed/execute/async - {"script":"<script> [776 bytes]","args":[{"enterText":"1000","selector":{"id":"application-manageyards-display-component---NewYard--companyCodeComboBox","interaction":{"idSuffix":"inner"}},"clearTextFirst":true,"interactionType":"ENTER_TEXT"}]}
RESULT: {"script":"<script> [776 bytes]","args":[{"enterText":"1000","selector":{"id":"application-manageyards-display-component---NewYard--companyCodeComboBox","interaction":{"idSuffix":"inner"}},"clearTextFirst":true,"interactionType":"ENTER_TEXT"}]}
COMMAND: POST /session/0631827be0a93fac797ef22e97364bed/execute/async - {"script":"<script> [1562 bytes]","args":[{"selector":{"controlType":"sap.m.Input","viewName":"etm.portal.ui.manageyards.view.New","viewId":"application-manageyards-display-component---NewYard","bindingPath":{"path":"","propertyPath":"/PLANT","modelName":"NewYardModel"},"interaction":{"idSuffix":"inner"}},"wdio_ui5_key":"etmportal.ui.manageyards.view.Newsap.m.Input{\"path\":\"\",\"propertyPath\":\"/PLANT\",\"modelName\":\"NewYardModel\"}"}]}
RESULT: {"script":"<script> [1562 bytes]","args":[{"selector":{"controlType":"sap.m.Input","viewName":"etm.portal.ui.manageyards.view.New","viewId":"application-manageyards-display-component---NewYard","bindingPath":{"path":"","propertyPath":"/PLANT","modelName":"NewYardModel"},"interaction":{"idSuffix":"inner"}},"wdio_ui5_key":"etmportal.ui.manageyards.view.Newsap.m.Input{\"path\":\"\",\"propertyPath\":\"/PLANT\",\"modelName\":\"NewYardModel\"}"}]}
RESULT: undefined
COMMAND: POST /session/0631827be0a93fac797ef22e97364bed/execute/async - {"script":"<script> [776 bytes]","args":[{"enterText":"1001","selector":{"controlType":"sap.m.Input","viewName":"etm.portal.ui.manageyards.view.New","viewId":"application-manageyards-display-component---NewYard","bindingPath":{"path":"","propertyPath":"/PLANT","modelName":"NewYardModel"},"interaction":{"idSuffix":"inner"}},"clearTextFirst":true,"interactionType":"ENTER_TEXT"}]}
RESULT: {"script":"<script> [776 bytes]","args":[{"enterText":"1001","selector":{"controlType":"sap.m.Input","viewName":"etm.portal.ui.manageyards.view.New","viewId":"application-manageyards-display-component---NewYard","bindingPath":{"path":"","propertyPath":"/PLANT","modelName":"NewYardModel"},"interaction":{"idSuffix":"inner"}},"clearTextFirst":true,"interactionType":"ENTER_TEXT"}]}
COMMAND: POST /session/0631827be0a93fac797ef22e97364bed/execute/async - {"script":"<script> [1562 bytes]","args":[{"selector":{"controlType":"sap.m.Input","viewName":"etm.portal.ui.manageyards.view.New","viewId":"application-manageyards-display-component---NewYard","bindingPath":{"path":"","propertyPath":"/SALES_AREA_VKORG","modelName":"NewYardModel"},"interaction":{"idSuffix":"inner"}},"wdio_ui5_key":"etmportal.ui.manageyards.view.Newsap.m.Input{\"path\":\"\",\"propertyPath\":\"/SALES_AREA_VKORG\",\"modelName\":\"NewYardModel\"}"}]}
RESULT: {"script":"<script> [1562 bytes]","args":[{"selector":{"controlType":"sap.m.Input","viewName":"etm.portal.ui.manageyards.view.New","viewId":"application-manageyards-display-component---NewYard","bindingPath":{"path":"","propertyPath":"/SALES_AREA_VKORG","modelName":"NewYardModel"},"interaction":{"idSuffix":"inner"}},"wdio_ui5_key":"etmportal.ui.manageyards.view.Newsap.m.Input{\"path\":\"\",\"propertyPath\":\"/SALES_AREA_VKORG\",\"modelName\":\"NewYardModel\"}"}]}
RESULT: undefined
COMMAND: POST /session/0631827be0a93fac797ef22e97364bed/execute/async - {"script":"<script> [776 bytes]","args":[{"enterText":"C002","selector":{"controlType":"sap.m.Input","viewName":"etm.portal.ui.manageyards.view.New","viewId":"application-manageyards-display-component---NewYard","bindingPath":{"path":"","propertyPath":"/SALES_AREA_VKORG","modelName":"NewYardModel"},"interaction":{"idSuffix":"inner"}},"clearTextFirst":true,"interactionType":"ENTER_TEXT"}]}
RESULT: {"script":"<script> [776 bytes]","args":[{"enterText":"C002","selector":{"controlType":"sap.m.Input","viewName":"etm.portal.ui.manageyards.view.New","viewId":"application-manageyards-display-component---NewYard","bindingPath":{"path":"","propertyPath":"/SALES_AREA_VKORG","modelName":"NewYardModel"},"interaction":{"idSuffix":"inner"}},"clearTextFirst":true,"interactionType":"ENTER_TEXT"}]}
COMMAND: POST /session/0631827be0a93fac797ef22e97364bed/execute/async - {"script":"<script> [1562 bytes]","args":[{"selector":{"controlType":"sap.m.Input","viewName":"etm.portal.ui.manageyards.view.New","viewId":"application-manageyards-display-component---NewYard","bindingPath":{"path":"","propertyPath":"/SALES_AREA_VTWEG","modelName":"NewYardModel"},"interaction":{"idSuffix":"inner"}},"wdio_ui5_key":"etmportal.ui.manageyards.view.Newsap.m.Input{\"path\":\"\",\"propertyPath\":\"/SALES_AREA_VTWEG\",\"modelName\":\"NewYardModel\"}"}]}
RESULT: {"script":"<script> [1562 bytes]","args":[{"selector":{"controlType":"sap.m.Input","viewName":"etm.portal.ui.manageyards.view.New","viewId":"application-manageyards-display-component---NewYard","bindingPath":{"path":"","propertyPath":"/SALES_AREA_VTWEG","modelName":"NewYardModel"},"interaction":{"idSuffix":"inner"}},"wdio_ui5_key":"etmportal.ui.manageyards.view.Newsap.m.Input{\"path\":\"\",\"propertyPath\":\"/SALES_AREA_VTWEG\",\"modelName\":\"NewYardModel\"}"}]}
RESULT: undefined
COMMAND: POST /session/0631827be0a93fac797ef22e97364bed/execute/async - {"script":"<script> [776 bytes]","args":[{"enterText":"C2","selector":{"controlType":"sap.m.Input","viewName":"etm.portal.ui.manageyards.view.New","viewId":"application-manageyards-display-component---NewYard","bindingPath":{"path":"","propertyPath":"/SALES_AREA_VTWEG","modelName":"NewYardModel"},"interaction":{"idSuffix":"inner"}},"clearTextFirst":true,"interactionType":"ENTER_TEXT"}]}
RESULT: {"script":"<script> [776 bytes]","args":[{"enterText":"C2","selector":{"controlType":"sap.m.Input","viewName":"etm.portal.ui.manageyards.view.New","viewId":"application-manageyards-display-component---NewYard","bindingPath":{"path":"","propertyPath":"/SALES_AREA_VTWEG","modelName":"NewYardModel"},"interaction":{"idSuffix":"inner"}},"clearTextFirst":true,"interactionType":"ENTER_TEXT"}]}
COMMAND: POST /session/0631827be0a93fac797ef22e97364bed/execute/async - {"script":"<script> [1562 bytes]","args":[{"selector":{"controlType":"sap.m.Input","viewName":"etm.portal.ui.manageyards.view.New","viewId":"application-manageyards-display-component---NewYard","bindingPath":{"path":"","propertyPath":"/SALES_AREA_SPART","modelName":"NewYardModel"},"interaction":{"idSuffix":"inner"}},"wdio_ui5_key":"etmportal.ui.manageyards.view.Newsap.m.Input{\"path\":\"\",\"propertyPath\":\"/SALES_AREA_SPART\",\"modelName\":\"NewYardModel\"}"}]}
RESULT: {"script":"<script> [1562 bytes]","args":[{"selector":{"controlType":"sap.m.Input","viewName":"etm.portal.ui.manageyards.view.New","viewId":"application-manageyards-display-component---NewYard","bindingPath":{"path":"","propertyPath":"/SALES_AREA_SPART","modelName":"NewYardModel"},"interaction":{"idSuffix":"inner"}},"wdio_ui5_key":"etmportal.ui.manageyards.view.Newsap.m.Input{\"path\":\"\",\"propertyPath\":\"/SALES_AREA_SPART\",\"modelName\":\"NewYardModel\"}"}]}
RESULT: undefined
COMMAND: POST /session/0631827be0a93fac797ef22e97364bed/execute/async - {"script":"<script> [776 bytes]","args":[{"enterText":"C2","selector":{"controlType":"sap.m.Input","viewName":"etm.portal.ui.manageyards.view.New","viewId":"application-manageyards-display-component---NewYard","bindingPath":{"path":"","propertyPath":"/SALES_AREA_SPART","modelName":"NewYardModel"},"interaction":{"idSuffix":"inner"}},"clearTextFirst":true,"interactionType":"ENTER_TEXT"}]}
RESULT: {"script":"<script> [776 bytes]","args":[{"enterText":"C2","selector":{"controlType":"sap.m.Input","viewName":"etm.portal.ui.manageyards.view.New","viewId":"application-manageyards-display-component---NewYard","bindingPath":{"path":"","propertyPath":"/SALES_AREA_SPART","modelName":"NewYardModel"},"interaction":{"idSuffix":"inner"}},"clearTextFirst":true,"interactionType":"ENTER_TEXT"}]}
COMMAND: POST /session/0631827be0a93fac797ef22e97364bed/execute/async - {"script":"<script> [1562 bytes]","args":[{"selector":{"controlType":"sap.m.Input","viewName":"etm.portal.ui.manageyards.view.New","viewId":"application-manageyards-display-component---NewYard","bindingPath":{"path":"","propertyPath":"/SHIP_POINT","modelName":"NewYardModel"},"interaction":{"idSuffix":"inner"}},"wdio_ui5_key":"etmportal.ui.manageyards.view.Newsap.m.Input{\"path\":\"\",\"propertyPath\":\"/SHIP_POINT\",\"modelName\":\"NewYardModel\"}"}]}
RESULT: {"script":"<script> [1562 bytes]","args":[{"selector":{"controlType":"sap.m.Input","viewName":"etm.portal.ui.manageyards.view.New","viewId":"application-manageyards-display-component---NewYard","bindingPath":{"path":"","propertyPath":"/SHIP_POINT","modelName":"NewYardModel"},"interaction":{"idSuffix":"inner"}},"wdio_ui5_key":"etmportal.ui.manageyards.view.Newsap.m.Input{\"path\":\"\",\"propertyPath\":\"/SHIP_POINT\",\"modelName\":\"NewYardModel\"}"}]}
RESULT: undefined
COMMAND: POST /session/0631827be0a93fac797ef22e97364bed/execute/async - {"script":"<script> [776 bytes]","args":[{"enterText":"1710","selector":{"controlType":"sap.m.Input","viewName":"etm.portal.ui.manageyards.view.New","viewId":"application-manageyards-display-component---NewYard","bindingPath":{"path":"","propertyPath":"/SHIP_POINT","modelName":"NewYardModel"},"interaction":{"idSuffix":"inner"}},"clearTextFirst":true,"interactionType":"ENTER_TEXT"}]}
RESULT: {"script":"<script> [776 bytes]","args":[{"enterText":"1710","selector":{"controlType":"sap.m.Input","viewName":"etm.portal.ui.manageyards.view.New","viewId":"application-manageyards-display-component---NewYard","bindingPath":{"path":"","propertyPath":"/SHIP_POINT","modelName":"NewYardModel"},"interaction":{"idSuffix":"inner"}},"clearTextFirst":true,"interactionType":"ENTER_TEXT"}]}
COMMAND: POST /session/0631827be0a93fac797ef22e97364bed/execute/async - {"script":"<script> [1562 bytes]","args":[{"selector":{"controlType":"sap.m.Input","viewName":"etm.portal.ui.manageyards.view.New","viewId":"application-manageyards-display-component---NewYard","bindingPath":{"path":"","propertyPath":"/DELIVERY_TYPE","modelName":"NewYardModel"},"interaction":{"idSuffix":"inner"}},"wdio_ui5_key":"etmportal.ui.manageyards.view.Newsap.m.Input{\"path\":\"\",\"propertyPath\":\"/DELIVERY_TYPE\",\"modelName\":\"NewYardModel\"}"}]}
RESULT: {"script":"<script> [1562 bytes]","args":[{"selector":{"controlType":"sap.m.Input","viewName":"etm.portal.ui.manageyards.view.New","viewId":"application-manageyards-display-component---NewYard","bindingPath":{"path":"","propertyPath":"/DELIVERY_TYPE","modelName":"NewYardModel"},"interaction":{"idSuffix":"inner"}},"wdio_ui5_key":"etmportal.ui.manageyards.view.Newsap.m.Input{\"path\":\"\",\"propertyPath\":\"/DELIVERY_TYPE\",\"modelName\":\"NewYardModel\"}"}]}
RESULT: undefined
COMMAND: POST /session/0631827be0a93fac797ef22e97364bed/execute/async - {"script":"<script> [776 bytes]","args":[{"enterText":"ZL01","selector":{"controlType":"sap.m.Input","viewName":"etm.portal.ui.manageyards.view.New","viewId":"application-manageyards-display-component---NewYard","bindingPath":{"path":"","propertyPath":"/DELIVERY_TYPE","modelName":"NewYardModel"},"interaction":{"idSuffix":"inner"}},"clearTextFirst":true,"interactionType":"ENTER_TEXT"}]}
RESULT: {"script":"<script> [776 bytes]","args":[{"enterText":"ZL01","selector":{"controlType":"sap.m.Input","viewName":"etm.portal.ui.manageyards.view.New","viewId":"application-manageyards-display-component---NewYard","bindingPath":{"path":"","propertyPath":"/DELIVERY_TYPE","modelName":"NewYardModel"},"interaction":{"idSuffix":"inner"}},"clearTextFirst":true,"interactionType":"ENTER_TEXT"}]}
COMMAND: POST /session/0631827be0a93fac797ef22e97364bed/execute/async - {"script":"<script> [1562 bytes]","args":[{"selector":{"controlType":"sap.m.Input","viewName":"etm.portal.ui.manageyards.view.New","viewId":"application-manageyards-display-component---NewYard","bindingPath":{"path":"","propertyPath":"/AUART","modelName":"NewYardModel"},"interaction":{"idSuffix":"inner"}},"wdio_ui5_key":"etmportal.ui.manageyards.view.Newsap.m.Input{\"path\":\"\",\"propertyPath\":\"/AUART\",\"modelName\":\"NewYardModel\"}"}]}
RESULT: {"script":"<script> [1562 bytes]","args":[{"selector":{"controlType":"sap.m.Input","viewName":"etm.portal.ui.manageyards.view.New","viewId":"application-manageyards-display-component---NewYard","bindingPath":{"path":"","propertyPath":"/AUART","modelName":"NewYardModel"},"interaction":{"idSuffix":"inner"}},"wdio_ui5_key":"etmportal.ui.manageyards.view.Newsap.m.Input{\"path\":\"\",\"propertyPath\":\"/AUART\",\"modelName\":\"NewYardModel\"}"}]}
RESULT: undefined
COMMAND: POST /session/0631827be0a93fac797ef22e97364bed/execute/async - {"script":"<script> [776 bytes]","args":[{"enterText":"TA","selector":{"controlType":"sap.m.Input","viewName":"etm.portal.ui.manageyards.view.New","viewId":"application-manageyards-display-component---NewYard","bindingPath":{"path":"","propertyPath":"/AUART","modelName":"NewYardModel"},"interaction":{"idSuffix":"inner"}},"clearTextFirst":true,"interactionType":"ENTER_TEXT"}]}
RESULT: {"script":"<script> [776 bytes]","args":[{"enterText":"TA","selector":{"controlType":"sap.m.Input","viewName":"etm.portal.ui.manageyards.view.New","viewId":"application-manageyards-display-component---NewYard","bindingPath":{"path":"","propertyPath":"/AUART","modelName":"NewYardModel"},"interaction":{"idSuffix":"inner"}},"clearTextFirst":true,"interactionType":"ENTER_TEXT"}]}
COMMAND: POST /session/0631827be0a93fac797ef22e97364bed/execute/async - {"script":"<script> [1562 bytes]","args":[{"selector":{"controlType":"sap.m.Button","viewName":"etm.portal.ui.manageyards.view.New","viewId":"application-manageyards-display-component---NewYard","i18NText":{"propertyName":"text","key":"save"},"interaction":{"idSuffix":"BDI-content"}},"wdio_ui5_key":"etmportal.ui.manageyards.view.Newsap.m.Button{\"propertyName\":\"text\",\"key\":\"save\"}"}]}
RESULT: {"script":"<script> [1562 bytes]","args":[{"selector":{"controlType":"sap.m.Button","viewName":"etm.portal.ui.manageyards.view.New","viewId":"application-manageyards-display-component---NewYard","i18NText":{"propertyName":"text","key":"save"},"interaction":{"idSuffix":"BDI-content"}},"wdio_ui5_key":"etmportal.ui.manageyards.view.Newsap.m.Button{\"propertyName\":\"text\",\"key\":\"save\"}"}]}
RESULT: undefined
COMMAND: POST /session/0631827be0a93fac797ef22e97364bed/element - {"using":"xpath","value":"//*[@id=\"__button18\"]"}
RESULT: {"using":"xpath","value":"//*[@id=\"__button18\"]"}
COMMAND: POST /session/0631827be0a93fac797ef22e97364bed/element/f.1195843739892CF439726866CA7D4ED2.d.8790B7E83BFC4DC64D24498255BFDD9A.e.5558/click - {}
RESULT: {}
COMMAND: GET /session/0631827be0a93fac797ef22e97364bed/screenshot - {}
RESULT: {}
COMMAND: POST /session/0631827be0a93fac797ef22e97364bed/execute/async - {"script":"<script> [1562 bytes]","args":[{"selector":{"controlType":"sap.m.Text","viewName":"etm.portal.ui.manageyards.view.Detail","viewId":"application-manageyards-display-component---detailYard","bindingPath":{"propertyPath":"ID","modelName":"catalogModel"}},"wdio_ui5_key":"etmportal.ui.manageyards.view.Detailsap.m.Text{\"propertyPath\":\"ID\",\"modelName\":\"catalogModel\"}"}]}
RESULT: {"script":"<script> [1562 bytes]","args":[{"selector":{"controlType":"sap.m.Text","viewName":"etm.portal.ui.manageyards.view.Detail","viewId":"application-manageyards-display-component---detailYard","bindingPath":{"propertyPath":"ID","modelName":"catalogModel"}},"wdio_ui5_key":"etmportal.ui.manageyards.view.Detailsap.m.Text{\"propertyPath\":\"ID\",\"modelName\":\"catalogModel\"}"}]}
RESULT: undefined
COMMAND: POST /session/0631827be0a93fac797ef22e97364bed/execute/async - {"script":"<script> [6424 bytes]","args":[{"element-6066-11e4-a52e-4f735466cecf":"f.1195843739892CF439726866CA7D4ED2.d.8790B7E83BFC4DC64D24498255BFDD9A.e.5815"},"getText",[]]}
RESULT: {"script":"<script> [6424 bytes]","args":[{"element-6066-11e4-a52e-4f735466cecf":"f.1195843739892CF439726866CA7D4ED2.d.8790B7E83BFC4DC64D24498255BFDD9A.e.5815"},"getText",[]]}
COMMAND: POST /session/0631827be0a93fac797ef22e97364bed/element - {"using":"css selector","value":"#shell-header-logo"}
RESULT: {"using":"css selector","value":"#shell-header-logo"}
COMMAND: POST /session/0631827be0a93fac797ef22e97364bed/element/f.1195843739892CF439726866CA7D4ED2.d.8790B7E83BFC4DC64D24498255BFDD9A.e.5119/click - {}
RESULT: {}
COMMAND: GET /session/0631827be0a93fac797ef22e97364bed/screenshot - {}
RESULT: {}
]]></system-out>
    </testcase>
    <testcase classname="chrome.135_0_7049_96.windows.Provide_to_Site_w/o_warehouse_management_w/_clarification_US116605" name="Should create WHM site" time="50.897">
      <system-out><![CDATA[
COMMAND: POST /session/0631827be0a93fac797ef22e97364bed/execute/async - {"script":"<script> [1562 bytes]","args":[{"selector":{"controlType":"sap.m.GenericTile","properties":{"header":"Manage Sites"}},"wdio_ui5_key":"sapm.GenericTile{\"header\":\"Manage Sites\"}"}]}
RESULT: {"script":"<script> [1562 bytes]","args":[{"selector":{"controlType":"sap.m.GenericTile","properties":{"header":"Manage Sites"}},"wdio_ui5_key":"sapm.GenericTile{\"header\":\"Manage Sites\"}"}]}
RESULT: undefined
COMMAND: POST /session/0631827be0a93fac797ef22e97364bed/element - {"using":"xpath","value":"//*[@id=\"__tile40\"]"}
RESULT: {"using":"xpath","value":"//*[@id=\"__tile40\"]"}
COMMAND: POST /session/0631827be0a93fac797ef22e97364bed/element/f.1195843739892CF439726866CA7D4ED2.d.8790B7E83BFC4DC64D24498255BFDD9A.e.5817/click - {}
RESULT: {}
COMMAND: GET /session/0631827be0a93fac797ef22e97364bed/screenshot - {}
COMMAND: POST /session/0631827be0a93fac797ef22e97364bed/execute/async - {"script":"<script> [1562 bytes]","args":[{"selector":{"controlType":"sap.ui.core.Icon","viewName":"etm.portal.ui.managesites.view.Master","viewId":"application-managesites-display-component---masterSite","properties":{"src":{"regex":{"source":"add"}}}},"wdio_ui5_key":"etmportal.ui.managesites.view.Mastersap.ui.core.Icon{\"src\":{\"regex\":{\"source\":\"add\"}}}"}]}
RESULT: {}
RESULT: {"script":"<script> [1562 bytes]","args":[{"selector":{"controlType":"sap.ui.core.Icon","viewName":"etm.portal.ui.managesites.view.Master","viewId":"application-managesites-display-component---masterSite","properties":{"src":{"regex":{"source":"add"}}}},"wdio_ui5_key":"etmportal.ui.managesites.view.Mastersap.ui.core.Icon{\"src\":{\"regex\":{\"source\":\"add\"}}}"}]}
RESULT: undefined
COMMAND: POST /session/0631827be0a93fac797ef22e97364bed/element - {"using":"xpath","value":"//*[@id=\"__button64-img\"]"}
RESULT: {"using":"xpath","value":"//*[@id=\"__button64-img\"]"}
COMMAND: POST /session/0631827be0a93fac797ef22e97364bed/element/f.1195843739892CF439726866CA7D4ED2.d.8790B7E83BFC4DC64D24498255BFDD9A.e.5864/click - {}
RESULT: {}
COMMAND: GET /session/0631827be0a93fac797ef22e97364bed/screenshot - {}
RESULT: {}
COMMAND: POST /session/0631827be0a93fac797ef22e97364bed/execute/async - {"script":"<script> [1562 bytes]","args":[{"selector":{"controlType":"sap.m.Button","viewName":"etm.portal.ui.managesites.view.NewSmartSite","viewId":"application-managesites-display-component---NewSite","properties":{"text":"General Information"},"interaction":{"idSuffix":"BDI-content"}},"wdio_ui5_key":"etmportal.ui.managesites.view.NewSmartSitesap.m.Button{\"text\":\"General Information\"}"}]}
RESULT: {"script":"<script> [1562 bytes]","args":[{"selector":{"controlType":"sap.m.Button","viewName":"etm.portal.ui.managesites.view.NewSmartSite","viewId":"application-managesites-display-component---NewSite","properties":{"text":"General Information"},"interaction":{"idSuffix":"BDI-content"}},"wdio_ui5_key":"etmportal.ui.managesites.view.NewSmartSitesap.m.Button{\"text\":\"General Information\"}"}]}
RESULT: undefined
COMMAND: POST /session/0631827be0a93fac797ef22e97364bed/element - {"using":"xpath","value":"//*[@id=\"application-managesites-display-component---NewSite--ObjectPageLayout-anchBar-__section31-anchor\"]"}
RESULT: {"using":"xpath","value":"//*[@id=\"application-managesites-display-component---NewSite--ObjectPageLayout-anchBar-__section31-anchor\"]"}
COMMAND: POST /session/0631827be0a93fac797ef22e97364bed/element/f.1195843739892CF439726866CA7D4ED2.d.8790B7E83BFC4DC64D24498255BFDD9A.e.6427/click - {}
RESULT: {}
COMMAND: POST /session/0631827be0a93fac797ef22e97364bed/execute/async - {"script":"<script> [1562 bytes]","args":[{"selector":{"id":"application-managesites-display-component---NewSite--addressDetailDetailsName1","interaction":{"idSuffix":"inner"}},"wdio_ui5_key":"applicationmanagesites-display-component---NewSite--addressDetailDetailsName1"}]}
COMMAND: GET /session/0631827be0a93fac797ef22e97364bed/screenshot - {}
RESULT: {"script":"<script> [1562 bytes]","args":[{"selector":{"id":"application-managesites-display-component---NewSite--addressDetailDetailsName1","interaction":{"idSuffix":"inner"}},"wdio_ui5_key":"applicationmanagesites-display-component---NewSite--addressDetailDetailsName1"}]}
RESULT: undefined
COMMAND: POST /session/0631827be0a93fac797ef22e97364bed/execute/async - {"script":"<script> [776 bytes]","args":[{"enterText":"WDI5 WHM Site","selector":{"id":"application-managesites-display-component---NewSite--addressDetailDetailsName1","interaction":{"idSuffix":"inner"}},"clearTextFirst":true,"interactionType":"ENTER_TEXT"}]}
RESULT: {}
RESULT: {"script":"<script> [776 bytes]","args":[{"enterText":"WDI5 WHM Site","selector":{"id":"application-managesites-display-component---NewSite--addressDetailDetailsName1","interaction":{"idSuffix":"inner"}},"clearTextFirst":true,"interactionType":"ENTER_TEXT"}]}
COMMAND: POST /session/0631827be0a93fac797ef22e97364bed/execute/async - {"script":"<script> [1562 bytes]","args":[{"selector":{"id":"application-managesites-display-component---NewSite--addressDetailDetailsLanguage","interaction":{"idSuffix":"inner"}},"wdio_ui5_key":"applicationmanagesites-display-component---NewSite--addressDetailDetailsLanguage"}]}
RESULT: {"script":"<script> [1562 bytes]","args":[{"selector":{"id":"application-managesites-display-component---NewSite--addressDetailDetailsLanguage","interaction":{"idSuffix":"inner"}},"wdio_ui5_key":"applicationmanagesites-display-component---NewSite--addressDetailDetailsLanguage"}]}
RESULT: undefined
COMMAND: POST /session/0631827be0a93fac797ef22e97364bed/execute/async - {"script":"<script> [776 bytes]","args":[{"enterText":"Romanian","selector":{"id":"application-managesites-display-component---NewSite--addressDetailDetailsLanguage","interaction":{"idSuffix":"inner"}},"clearTextFirst":true,"interactionType":"ENTER_TEXT"}]}
RESULT: {"script":"<script> [776 bytes]","args":[{"enterText":"Romanian","selector":{"id":"application-managesites-display-component---NewSite--addressDetailDetailsLanguage","interaction":{"idSuffix":"inner"}},"clearTextFirst":true,"interactionType":"ENTER_TEXT"}]}
COMMAND: POST /session/0631827be0a93fac797ef22e97364bed/execute/async - {"script":"<script> [1562 bytes]","args":[{"selector":{"id":"application-managesites-display-component---NewSite--addressDetailDetailsCity1","interaction":{"idSuffix":"inner"}},"wdio_ui5_key":"applicationmanagesites-display-component---NewSite--addressDetailDetailsCity1"}]}
RESULT: {"script":"<script> [1562 bytes]","args":[{"selector":{"id":"application-managesites-display-component---NewSite--addressDetailDetailsCity1","interaction":{"idSuffix":"inner"}},"wdio_ui5_key":"applicationmanagesites-display-component---NewSite--addressDetailDetailsCity1"}]}
RESULT: undefined
COMMAND: POST /session/0631827be0a93fac797ef22e97364bed/execute/async - {"script":"<script> [776 bytes]","args":[{"enterText":"Bucharest","selector":{"id":"application-managesites-display-component---NewSite--addressDetailDetailsCity1","interaction":{"idSuffix":"inner"}},"clearTextFirst":true,"interactionType":"ENTER_TEXT"}]}
RESULT: {"script":"<script> [776 bytes]","args":[{"enterText":"Bucharest","selector":{"id":"application-managesites-display-component---NewSite--addressDetailDetailsCity1","interaction":{"idSuffix":"inner"}},"clearTextFirst":true,"interactionType":"ENTER_TEXT"}]}
COMMAND: POST /session/0631827be0a93fac797ef22e97364bed/execute/async - {"script":"<script> [1562 bytes]","args":[{"selector":{"id":"application-managesites-display-component---NewSite--addressDetailDetailsCountry","interaction":{"idSuffix":"inner"}},"wdio_ui5_key":"applicationmanagesites-display-component---NewSite--addressDetailDetailsCountry"}]}
RESULT: {"script":"<script> [1562 bytes]","args":[{"selector":{"id":"application-managesites-display-component---NewSite--addressDetailDetailsCountry","interaction":{"idSuffix":"inner"}},"wdio_ui5_key":"applicationmanagesites-display-component---NewSite--addressDetailDetailsCountry"}]}
RESULT: undefined
COMMAND: POST /session/0631827be0a93fac797ef22e97364bed/execute/async - {"script":"<script> [6424 bytes]","args":[{"element-6066-11e4-a52e-4f735466cecf":"f.1195843739892CF439726866CA7D4ED2.d.8790B7E83BFC4DC64D24498255BFDD9A.e.6224"},"setValue",["Romania"]]}
RESULT: {"script":"<script> [6424 bytes]","args":[{"element-6066-11e4-a52e-4f735466cecf":"f.1195843739892CF439726866CA7D4ED2.d.8790B7E83BFC4DC64D24498255BFDD9A.e.6224"},"setValue",["Romania"]]}
COMMAND: POST /session/0631827be0a93fac797ef22e97364bed/execute/async - {"script":"<script> [1562 bytes]","args":[{"selector":{"id":"application-managesites-display-component---NewSite--addressDetailDetailsCalendar","interaction":{"idSuffix":"inner"}},"wdio_ui5_key":"applicationmanagesites-display-component---NewSite--addressDetailDetailsCalendar"}]}
RESULT: {"script":"<script> [1562 bytes]","args":[{"selector":{"id":"application-managesites-display-component---NewSite--addressDetailDetailsCalendar","interaction":{"idSuffix":"inner"}},"wdio_ui5_key":"applicationmanagesites-display-component---NewSite--addressDetailDetailsCalendar"}]}
RESULT: undefined
COMMAND: POST /session/0631827be0a93fac797ef22e97364bed/execute/async - {"script":"<script> [776 bytes]","args":[{"enterText":"8 - Germany (Standard)","selector":{"id":"application-managesites-display-component---NewSite--addressDetailDetailsCalendar","interaction":{"idSuffix":"inner"}},"clearTextFirst":true,"interactionType":"ENTER_TEXT"}]}
RESULT: {"script":"<script> [776 bytes]","args":[{"enterText":"8 - Germany (Standard)","selector":{"id":"application-managesites-display-component---NewSite--addressDetailDetailsCalendar","interaction":{"idSuffix":"inner"}},"clearTextFirst":true,"interactionType":"ENTER_TEXT"}]}
COMMAND: POST /session/0631827be0a93fac797ef22e97364bed/element - {"using":"xpath","value":"//input[@id=\"application-managesites-display-component---NewSite--addressDetailDetailsYard-inner\"]"}
RESULT: {"using":"xpath","value":"//input[@id=\"application-managesites-display-component---NewSite--addressDetailDetailsYard-inner\"]"}
COMMAND: POST /session/0631827be0a93fac797ef22e97364bed/element/f.1195843739892CF439726866CA7D4ED2.d.8790B7E83BFC4DC64D24498255BFDD9A.e.6235/clear - {}
RESULT: {}
COMMAND: POST /session/0631827be0a93fac797ef22e97364bed/element/f.1195843739892CF439726866CA7D4ED2.d.8790B7E83BFC4DC64D24498255BFDD9A.e.6235/value - {"text":"465"}
COMMAND: GET /session/0631827be0a93fac797ef22e97364bed/screenshot - {}
RESULT: {"text":"465"}
COMMAND: GET /session/0631827be0a93fac797ef22e97364bed/screenshot - {}
RESULT: {}
RESULT: {}
COMMAND: POST /session/0631827be0a93fac797ef22e97364bed/execute/async - {"script":"<script> [1562 bytes]","args":[{"selector":{"controlType":"sap.m.Button","viewName":"etm.portal.ui.managesites.view.NewSmartSite","viewId":"application-managesites-display-component---NewSite","properties":{"text":"Commercial"},"interaction":{"idSuffix":"BDI-content"}},"wdio_ui5_key":"etmportal.ui.managesites.view.NewSmartSitesap.m.Button{\"text\":\"Commercial\"}"}]}
RESULT: {"script":"<script> [1562 bytes]","args":[{"selector":{"controlType":"sap.m.Button","viewName":"etm.portal.ui.managesites.view.NewSmartSite","viewId":"application-managesites-display-component---NewSite","properties":{"text":"Commercial"},"interaction":{"idSuffix":"BDI-content"}},"wdio_ui5_key":"etmportal.ui.managesites.view.NewSmartSitesap.m.Button{\"text\":\"Commercial\"}"}]}
RESULT: undefined
COMMAND: POST /session/0631827be0a93fac797ef22e97364bed/element - {"using":"xpath","value":"//*[@id=\"application-managesites-display-component---NewSite--ObjectPageLayout-anchBar-__section33-anchor\"]"}
RESULT: {"using":"xpath","value":"//*[@id=\"application-managesites-display-component---NewSite--ObjectPageLayout-anchBar-__section33-anchor\"]"}
COMMAND: POST /session/0631827be0a93fac797ef22e97364bed/element/f.1195843739892CF439726866CA7D4ED2.d.8790B7E83BFC4DC64D24498255BFDD9A.e.6437/click - {}
RESULT: {}
COMMAND: POST /session/0631827be0a93fac797ef22e97364bed/execute/async - {"script":"<script> [1562 bytes]","args":[{"selector":{"controlType":"sap.m.Button","viewName":"etm.portal.ui.managesites.view.NewSmartSite","viewId":"application-managesites-display-component---NewSite","i18NText":{"propertyName":"text","key":"save"},"interaction":{"idSuffix":"BDI-content"}},"wdio_ui5_key":"etmportal.ui.managesites.view.NewSmartSitesap.m.Button{\"propertyName\":\"text\",\"key\":\"save\"}"}]}
COMMAND: GET /session/0631827be0a93fac797ef22e97364bed/screenshot - {}
RESULT: {"script":"<script> [1562 bytes]","args":[{"selector":{"controlType":"sap.m.Button","viewName":"etm.portal.ui.managesites.view.NewSmartSite","viewId":"application-managesites-display-component---NewSite","i18NText":{"propertyName":"text","key":"save"},"interaction":{"idSuffix":"BDI-content"}},"wdio_ui5_key":"etmportal.ui.managesites.view.NewSmartSitesap.m.Button{\"propertyName\":\"text\",\"key\":\"save\"}"}]}
RESULT: undefined
COMMAND: POST /session/0631827be0a93fac797ef22e97364bed/element - {"using":"xpath","value":"//*[@id=\"__button76\"]"}
RESULT: {}
RESULT: {"using":"xpath","value":"//*[@id=\"__button76\"]"}
COMMAND: POST /session/0631827be0a93fac797ef22e97364bed/element/f.1195843739892CF439726866CA7D4ED2.d.8790B7E83BFC4DC64D24498255BFDD9A.e.6409/click - {}
RESULT: {}
COMMAND: GET /session/0631827be0a93fac797ef22e97364bed/screenshot - {}
RESULT: {}
COMMAND: POST /session/0631827be0a93fac797ef22e97364bed/execute/async - {"script":"<script> [1562 bytes]","args":[{"selector":{"controlType":"sap.m.Text","viewName":"etm.portal.ui.managesites.view.Detail","viewId":"application-managesites-display-component---detailSite","bindingPath":{"propertyPath":"ID","modelName":"catalogModel"}},"wdio_ui5_key":"etmportal.ui.managesites.view.Detailsap.m.Text{\"propertyPath\":\"ID\",\"modelName\":\"catalogModel\"}"}]}
RESULT: {"script":"<script> [1562 bytes]","args":[{"selector":{"controlType":"sap.m.Text","viewName":"etm.portal.ui.managesites.view.Detail","viewId":"application-managesites-display-component---detailSite","bindingPath":{"propertyPath":"ID","modelName":"catalogModel"}},"wdio_ui5_key":"etmportal.ui.managesites.view.Detailsap.m.Text{\"propertyPath\":\"ID\",\"modelName\":\"catalogModel\"}"}]}
RESULT: undefined
COMMAND: POST /session/0631827be0a93fac797ef22e97364bed/execute/async - {"script":"<script> [6424 bytes]","args":[{"element-6066-11e4-a52e-4f735466cecf":"f.1195843739892CF439726866CA7D4ED2.d.8790B7E83BFC4DC64D24498255BFDD9A.e.6638"},"getText",[]]}
RESULT: {"script":"<script> [6424 bytes]","args":[{"element-6066-11e4-a52e-4f735466cecf":"f.1195843739892CF439726866CA7D4ED2.d.8790B7E83BFC4DC64D24498255BFDD9A.e.6638"},"getText",[]]}
COMMAND: POST /session/0631827be0a93fac797ef22e97364bed/execute/async - {"script":"<script> [1562 bytes]","args":[{"selector":{"controlType":"sap.m.Label","viewName":"etm.portal.ui.managesites.view.Detail","viewId":"application-managesites-display-component---detailSite","i18NText":{"propertyName":"text","key":"status"}},"wdio_ui5_key":"etmportal.ui.managesites.view.Detailsap.m.Label{\"propertyName\":\"text\",\"key\":\"status\"}"}]}
RESULT: {"script":"<script> [1562 bytes]","args":[{"selector":{"controlType":"sap.m.Label","viewName":"etm.portal.ui.managesites.view.Detail","viewId":"application-managesites-display-component---detailSite","i18NText":{"propertyName":"text","key":"status"}},"wdio_ui5_key":"etmportal.ui.managesites.view.Detailsap.m.Label{\"propertyName\":\"text\",\"key\":\"status\"}"}]}
RESULT: undefined
COMMAND: POST /session/0631827be0a93fac797ef22e97364bed/execute/async - {"script":"<script> [6424 bytes]","args":[{"element-6066-11e4-a52e-4f735466cecf":"f.1195843739892CF439726866CA7D4ED2.d.8790B7E83BFC4DC64D24498255BFDD9A.e.6625"},"getText",[]]}
RESULT: {"script":"<script> [6424 bytes]","args":[{"element-6066-11e4-a52e-4f735466cecf":"f.1195843739892CF439726866CA7D4ED2.d.8790B7E83BFC4DC64D24498255BFDD9A.e.6625"},"getText",[]]}
RESULT: undefined
COMMAND: POST /session/0631827be0a93fac797ef22e97364bed/element - {"using":"xpath","value":"//*[@id=\"shell-header\"]"}
RESULT: {"using":"xpath","value":"//*[@id=\"shell-header\"]"}
COMMAND: POST /session/0631827be0a93fac797ef22e97364bed/element/f.1195843739892CF439726866CA7D4ED2.d.8790B7E83BFC4DC64D24498255BFDD9A.e.6639/click - {}
RESULT: {}
COMMAND: POST /session/0631827be0a93fac797ef22e97364bed/element - {"using":"css selector","value":"#shell-header-logo"}
COMMAND: GET /session/0631827be0a93fac797ef22e97364bed/screenshot - {}
RESULT: {"using":"css selector","value":"#shell-header-logo"}
COMMAND: POST /session/0631827be0a93fac797ef22e97364bed/element/f.1195843739892CF439726866CA7D4ED2.d.8790B7E83BFC4DC64D24498255BFDD9A.e.5820/click - {}
RESULT: {}
RESULT: {}
]]></system-out>
    </testcase>
    <testcase classname="chrome.135_0_7049_96.windows.Provide_to_Site_w/o_warehouse_management_w/_clarification_US116605" name="Should create WHM Partner" time="66.893">
      <system-out><![CDATA[
COMMAND: POST /session/0631827be0a93fac797ef22e97364bed/execute/async - {"script":"<script> [1562 bytes]","args":[{"selector":{"controlType":"sap.m.GenericTile","properties":{"header":"Manage Partners"}},"wdio_ui5_key":"sapm.GenericTile{\"header\":\"Manage Partners\"}"}]}
COMMAND: GET /session/0631827be0a93fac797ef22e97364bed/screenshot - {}
RESULT: {"script":"<script> [1562 bytes]","args":[{"selector":{"controlType":"sap.m.GenericTile","properties":{"header":"Manage Partners"}},"wdio_ui5_key":"sapm.GenericTile{\"header\":\"Manage Partners\"}"}]}
RESULT: undefined
COMMAND: POST /session/0631827be0a93fac797ef22e97364bed/element - {"using":"xpath","value":"//*[@id=\"__tile38\"]"}
RESULT: {}
RESULT: {"using":"xpath","value":"//*[@id=\"__tile38\"]"}
COMMAND: POST /session/0631827be0a93fac797ef22e97364bed/element/f.1195843739892CF439726866CA7D4ED2.d.8790B7E83BFC4DC64D24498255BFDD9A.e.6644/click - {}
RESULT: {}
COMMAND: GET /session/0631827be0a93fac797ef22e97364bed/screenshot - {}
RESULT: {}
COMMAND: POST /session/0631827be0a93fac797ef22e97364bed/element - {"using":"xpath","value":"//button[(@data-kt = 'addButton')]"}
RESULT: {"using":"xpath","value":"//button[(@data-kt = 'addButton')]"}
COMMAND: POST /session/0631827be0a93fac797ef22e97364bed/elements - {"using":"xpath","value":"//button[(@data-kt = 'addButton')]"}
RESULT: {"using":"xpath","value":"//button[(@data-kt = 'addButton')]"}
COMMAND: POST /session/0631827be0a93fac797ef22e97364bed/elements - {"using":"xpath","value":"//button[(@data-kt = 'addButton')]"}
RESULT: {"using":"xpath","value":"//button[(@data-kt = 'addButton')]"}
COMMAND: POST /session/0631827be0a93fac797ef22e97364bed/elements - {"using":"xpath","value":"//button[(@data-kt = 'addButton')]"}
RESULT: {"using":"xpath","value":"//button[(@data-kt = 'addButton')]"}
COMMAND: POST /session/0631827be0a93fac797ef22e97364bed/elements - {"using":"xpath","value":"//button[(@data-kt = 'addButton')]"}
RESULT: {"using":"xpath","value":"//button[(@data-kt = 'addButton')]"}
COMMAND: POST /session/0631827be0a93fac797ef22e97364bed/element - {"using":"xpath","value":"//button[(@data-kt = 'addButton')]"}
RESULT: {"using":"xpath","value":"//button[(@data-kt = 'addButton')]"}
COMMAND: POST /session/0631827be0a93fac797ef22e97364bed/element/f.1195843739892CF439726866CA7D4ED2.d.8790B7E83BFC4DC64D24498255BFDD9A.e.6692/click - {}
RESULT: {}
COMMAND: POST /session/0631827be0a93fac797ef22e97364bed/execute/async - {"script":"<script> [1562 bytes]","args":[{"selector":{"id":"application-managepartners-display-component---NewPartner--addressDetailDetailsName1","interaction":{"idSuffix":"inner"}},"wdio_ui5_key":"applicationmanagepartners-display-component---NewPartner--addressDetailDetailsName1"}]}
COMMAND: GET /session/0631827be0a93fac797ef22e97364bed/screenshot - {}
RESULT: {"script":"<script> [1562 bytes]","args":[{"selector":{"id":"application-managepartners-display-component---NewPartner--addressDetailDetailsName1","interaction":{"idSuffix":"inner"}},"wdio_ui5_key":"applicationmanagepartners-display-component---NewPartner--addressDetailDetailsName1"}]}
RESULT: undefined
COMMAND: POST /session/0631827be0a93fac797ef22e97364bed/execute/async - {"script":"<script> [776 bytes]","args":[{"enterText":"WDI5-Partners","selector":{"id":"application-managepartners-display-component---NewPartner--addressDetailDetailsName1","interaction":{"idSuffix":"inner"}},"clearTextFirst":true,"interactionType":"ENTER_TEXT"}]}
RESULT: {}
RESULT: {"script":"<script> [776 bytes]","args":[{"enterText":"WDI5-Partners","selector":{"id":"application-managepartners-display-component---NewPartner--addressDetailDetailsName1","interaction":{"idSuffix":"inner"}},"clearTextFirst":true,"interactionType":"ENTER_TEXT"}]}
COMMAND: POST /session/0631827be0a93fac797ef22e97364bed/execute/async - {"script":"<script> [1562 bytes]","args":[{"selector":{"id":"application-managepartners-display-component---NewPartner--addressDetailDetailsLanguage-arrow"},"wdio_ui5_key":"applicationmanagepartners-display-component---NewPartner--addressDetailDetailsLanguage-arrow"}]}
RESULT: {"script":"<script> [1562 bytes]","args":[{"selector":{"id":"application-managepartners-display-component---NewPartner--addressDetailDetailsLanguage-arrow"},"wdio_ui5_key":"applicationmanagepartners-display-component---NewPartner--addressDetailDetailsLanguage-arrow"}]}
RESULT: undefined
COMMAND: POST /session/0631827be0a93fac797ef22e97364bed/element - {"using":"xpath","value":"//*[@id=\"application-managepartners-display-component---NewPartner--addressDetailDetailsLanguage-arrow\"]"}
RESULT: {"using":"xpath","value":"//*[@id=\"application-managepartners-display-component---NewPartner--addressDetailDetailsLanguage-arrow\"]"}
COMMAND: POST /session/0631827be0a93fac797ef22e97364bed/element/f.1195843739892CF439726866CA7D4ED2.d.8790B7E83BFC4DC64D24498255BFDD9A.e.7104/click - {}
RESULT: {}
COMMAND: POST /session/0631827be0a93fac797ef22e97364bed/execute/async - {"script":"<script> [1562 bytes]","args":[{"selector":{"controlType":"sap.m.StandardListItem","viewName":"etm.portal.ui.managepartners.view.NewPartner","viewId":"application-managepartners-display-component---NewPartner","properties":{"title":"English"},"searchOpenDialogs":true,"interaction":{"idSuffix":"content"}},"wdio_ui5_key":"etmportal.ui.managepartners.view.NewPartnersap.m.StandardListItem{\"title\":\"English\"}"}]}
COMMAND: GET /session/0631827be0a93fac797ef22e97364bed/screenshot - {}
RESULT: {"script":"<script> [1562 bytes]","args":[{"selector":{"controlType":"sap.m.StandardListItem","viewName":"etm.portal.ui.managepartners.view.NewPartner","viewId":"application-managepartners-display-component---NewPartner","properties":{"title":"English"},"searchOpenDialogs":true,"interaction":{"idSuffix":"content"}},"wdio_ui5_key":"etmportal.ui.managepartners.view.NewPartnersap.m.StandardListItem{\"title\":\"English\"}"}]}
RESULT: undefined
COMMAND: POST /session/0631827be0a93fac797ef22e97364bed/element - {"using":"xpath","value":"//*[@id=\"__item1094\"]"}
RESULT: {}
RESULT: {"using":"xpath","value":"//*[@id=\"__item1094\"]"}
COMMAND: POST /session/0631827be0a93fac797ef22e97364bed/element/f.1195843739892CF439726866CA7D4ED2.d.8790B7E83BFC4DC64D24498255BFDD9A.e.7106/click - {}
RESULT: {}
COMMAND: POST /session/0631827be0a93fac797ef22e97364bed/execute/async - {"script":"<script> [1562 bytes]","args":[{"selector":{"id":"application-managepartners-display-component---NewPartner--addressDetailDetailsCity1","interaction":{"idSuffix":"inner"}},"wdio_ui5_key":"applicationmanagepartners-display-component---NewPartner--addressDetailDetailsCity1"}]}
COMMAND: GET /session/0631827be0a93fac797ef22e97364bed/screenshot - {}
RESULT: {"script":"<script> [1562 bytes]","args":[{"selector":{"id":"application-managepartners-display-component---NewPartner--addressDetailDetailsCity1","interaction":{"idSuffix":"inner"}},"wdio_ui5_key":"applicationmanagepartners-display-component---NewPartner--addressDetailDetailsCity1"}]}
RESULT: undefined
COMMAND: POST /session/0631827be0a93fac797ef22e97364bed/execute/async - {"script":"<script> [776 bytes]","args":[{"enterText":"Bangalore","selector":{"id":"application-managepartners-display-component---NewPartner--addressDetailDetailsCity1","interaction":{"idSuffix":"inner"}},"clearTextFirst":true,"interactionType":"ENTER_TEXT"}]}
RESULT: {}
RESULT: {"script":"<script> [776 bytes]","args":[{"enterText":"Bangalore","selector":{"id":"application-managepartners-display-component---NewPartner--addressDetailDetailsCity1","interaction":{"idSuffix":"inner"}},"clearTextFirst":true,"interactionType":"ENTER_TEXT"}]}
COMMAND: POST /session/0631827be0a93fac797ef22e97364bed/execute/async - {"script":"<script> [1562 bytes]","args":[{"selector":{"id":"application-managepartners-display-component---NewPartner--addressDetailDetailsCountry-arrow"},"wdio_ui5_key":"applicationmanagepartners-display-component---NewPartner--addressDetailDetailsCountry-arrow"}]}
RESULT: {"script":"<script> [1562 bytes]","args":[{"selector":{"id":"application-managepartners-display-component---NewPartner--addressDetailDetailsCountry-arrow"},"wdio_ui5_key":"applicationmanagepartners-display-component---NewPartner--addressDetailDetailsCountry-arrow"}]}
RESULT: undefined
COMMAND: POST /session/0631827be0a93fac797ef22e97364bed/element - {"using":"xpath","value":"//*[@id=\"application-managepartners-display-component---NewPartner--addressDetailDetailsCountry-arrow\"]"}
RESULT: {"using":"xpath","value":"//*[@id=\"application-managepartners-display-component---NewPartner--addressDetailDetailsCountry-arrow\"]"}
COMMAND: POST /session/0631827be0a93fac797ef22e97364bed/element/f.1195843739892CF439726866CA7D4ED2.d.8790B7E83BFC4DC64D24498255BFDD9A.e.7108/click - {}
RESULT: {}
COMMAND: POST /session/0631827be0a93fac797ef22e97364bed/execute/async - {"script":"<script> [1562 bytes]","args":[{"selector":{"id":"application-managepartners-display-component---NewPartner--addressDetailDetailsCountry","interaction":{"idSuffix":"inner"}},"wdio_ui5_key":"applicationmanagepartners-display-component---NewPartner--addressDetailDetailsCountry"}]}
COMMAND: GET /session/0631827be0a93fac797ef22e97364bed/screenshot - {}
RESULT: {"script":"<script> [1562 bytes]","args":[{"selector":{"id":"application-managepartners-display-component---NewPartner--addressDetailDetailsCountry","interaction":{"idSuffix":"inner"}},"wdio_ui5_key":"applicationmanagepartners-display-component---NewPartner--addressDetailDetailsCountry"}]}
RESULT: undefined
COMMAND: POST /session/0631827be0a93fac797ef22e97364bed/execute/async - {"script":"<script> [776 bytes]","args":[{"enterText":"India","selector":{"id":"application-managepartners-display-component---NewPartner--addressDetailDetailsCountry","interaction":{"idSuffix":"inner"}},"clearTextFirst":true,"interactionType":"ENTER_TEXT"}]}
RESULT: {}
RESULT: {"script":"<script> [776 bytes]","args":[{"enterText":"India","selector":{"id":"application-managepartners-display-component---NewPartner--addressDetailDetailsCountry","interaction":{"idSuffix":"inner"}},"clearTextFirst":true,"interactionType":"ENTER_TEXT"}]}
COMMAND: POST /session/0631827be0a93fac797ef22e97364bed/execute/async - {"script":"<script> [1562 bytes]","args":[{"selector":{"controlType":"sap.m.StandardListItem","viewName":"etm.portal.ui.managepartners.view.NewPartner","viewId":"application-managepartners-display-component---NewPartner","properties":{"title":"India"},"searchOpenDialogs":true,"interaction":{"idSuffix":"content"}},"wdio_ui5_key":"etmportal.ui.managepartners.view.NewPartnersap.m.StandardListItem{\"title\":\"India\"}"}]}
RESULT: {"script":"<script> [1562 bytes]","args":[{"selector":{"controlType":"sap.m.StandardListItem","viewName":"etm.portal.ui.managepartners.view.NewPartner","viewId":"application-managepartners-display-component---NewPartner","properties":{"title":"India"},"searchOpenDialogs":true,"interaction":{"idSuffix":"content"}},"wdio_ui5_key":"etmportal.ui.managepartners.view.NewPartnersap.m.StandardListItem{\"title\":\"India\"}"}]}
RESULT: undefined
COMMAND: POST /session/0631827be0a93fac797ef22e97364bed/execute/async - {"script":"<script> [1562 bytes]","args":[{"selector":{"controlType":"sap.m.Button","viewName":"etm.portal.ui.managepartners.view.NewPartner","viewId":"application-managepartners-display-component---NewPartner","properties":{"text":"Commercial"},"interaction":{"idSuffix":"BDI-content"}},"wdio_ui5_key":"etmportal.ui.managepartners.view.NewPartnersap.m.Button{\"text\":\"Commercial\"}"}]}
RESULT: {"script":"<script> [1562 bytes]","args":[{"selector":{"controlType":"sap.m.Button","viewName":"etm.portal.ui.managepartners.view.NewPartner","viewId":"application-managepartners-display-component---NewPartner","properties":{"text":"Commercial"},"interaction":{"idSuffix":"BDI-content"}},"wdio_ui5_key":"etmportal.ui.managepartners.view.NewPartnersap.m.Button{\"text\":\"Commercial\"}"}]}
RESULT: undefined
COMMAND: POST /session/0631827be0a93fac797ef22e97364bed/element - {"using":"xpath","value":"//*[@id=\"application-managepartners-display-component---NewPartner--ObjectPageLayout-anchBar-__section57-anchor\"]"}
RESULT: {"using":"xpath","value":"//*[@id=\"application-managepartners-display-component---NewPartner--ObjectPageLayout-anchBar-__section57-anchor\"]"}
COMMAND: POST /session/0631827be0a93fac797ef22e97364bed/element/f.1195843739892CF439726866CA7D4ED2.d.8790B7E83BFC4DC64D24498255BFDD9A.e.7113/click - {}
RESULT: {}
COMMAND: POST /session/0631827be0a93fac797ef22e97364bed/execute/async - {"script":"<script> [1562 bytes]","args":[{"selector":{"id":"application-managepartners-display-component---NewPartner--partnerDetailInternal-arrow"},"wdio_ui5_key":"applicationmanagepartners-display-component---NewPartner--partnerDetailInternal-arrow"}]}
COMMAND: GET /session/0631827be0a93fac797ef22e97364bed/screenshot - {}
RESULT: {"script":"<script> [1562 bytes]","args":[{"selector":{"id":"application-managepartners-display-component---NewPartner--partnerDetailInternal-arrow"},"wdio_ui5_key":"applicationmanagepartners-display-component---NewPartner--partnerDetailInternal-arrow"}]}
RESULT: undefined
COMMAND: POST /session/0631827be0a93fac797ef22e97364bed/element - {"using":"xpath","value":"//*[@id=\"application-managepartners-display-component---NewPartner--partnerDetailInternal-arrow\"]"}
RESULT: {}
RESULT: {"using":"xpath","value":"//*[@id=\"application-managepartners-display-component---NewPartner--partnerDetailInternal-arrow\"]"}
COMMAND: POST /session/0631827be0a93fac797ef22e97364bed/element/f.1195843739892CF439726866CA7D4ED2.d.8790B7E83BFC4DC64D24498255BFDD9A.e.7118/click - {}
RESULT: {}
COMMAND: POST /session/0631827be0a93fac797ef22e97364bed/execute/async - {"script":"<script> [1562 bytes]","args":[{"selector":{"controlType":"sap.m.StandardListItem","viewName":"etm.portal.ui.managepartners.view.NewPartner","viewId":"application-managepartners-display-component---NewPartner","properties":{"title":"External partner"},"searchOpenDialogs":true,"interaction":{"idSuffix":"content"}},"wdio_ui5_key":"etmportal.ui.managepartners.view.NewPartnersap.m.StandardListItem{\"title\":\"External partner\"}"}]}
COMMAND: GET /session/0631827be0a93fac797ef22e97364bed/screenshot - {}
RESULT: {"script":"<script> [1562 bytes]","args":[{"selector":{"controlType":"sap.m.StandardListItem","viewName":"etm.portal.ui.managepartners.view.NewPartner","viewId":"application-managepartners-display-component---NewPartner","properties":{"title":"External partner"},"searchOpenDialogs":true,"interaction":{"idSuffix":"content"}},"wdio_ui5_key":"etmportal.ui.managepartners.view.NewPartnersap.m.StandardListItem{\"title\":\"External partner\"}"}]}
RESULT: undefined
COMMAND: POST /session/0631827be0a93fac797ef22e97364bed/element - {"using":"xpath","value":"//*[@id=\"__item1228\"]"}
RESULT: {}
RESULT: {"using":"xpath","value":"//*[@id=\"__item1228\"]"}
COMMAND: POST /session/0631827be0a93fac797ef22e97364bed/element/f.1195843739892CF439726866CA7D4ED2.d.8790B7E83BFC4DC64D24498255BFDD9A.e.7122/click - {}
RESULT: {}
COMMAND: POST /session/0631827be0a93fac797ef22e97364bed/execute/async - {"script":"<script> [1562 bytes]","args":[{"selector":{"id":"application-managepartners-display-component---NewPartner--partnerDetailsCurrency-arrow"},"wdio_ui5_key":"applicationmanagepartners-display-component---NewPartner--partnerDetailsCurrency-arrow"}]}
COMMAND: GET /session/0631827be0a93fac797ef22e97364bed/screenshot - {}
RESULT: {"script":"<script> [1562 bytes]","args":[{"selector":{"id":"application-managepartners-display-component---NewPartner--partnerDetailsCurrency-arrow"},"wdio_ui5_key":"applicationmanagepartners-display-component---NewPartner--partnerDetailsCurrency-arrow"}]}
RESULT: undefined
COMMAND: POST /session/0631827be0a93fac797ef22e97364bed/element - {"using":"xpath","value":"//*[@id=\"application-managepartners-display-component---NewPartner--partnerDetailsCurrency-arrow\"]"}
RESULT: {}
RESULT: {"using":"xpath","value":"//*[@id=\"application-managepartners-display-component---NewPartner--partnerDetailsCurrency-arrow\"]"}
COMMAND: POST /session/0631827be0a93fac797ef22e97364bed/element/f.1195843739892CF439726866CA7D4ED2.d.8790B7E83BFC4DC64D24498255BFDD9A.e.7127/click - {}
RESULT: {}
COMMAND: POST /session/0631827be0a93fac797ef22e97364bed/execute/async - {"script":"<script> [1562 bytes]","args":[{"selector":{"controlType":"sap.m.StandardListItem","viewName":"etm.portal.ui.managepartners.view.NewPartner","viewId":"application-managepartners-display-component---NewPartner","properties":{"title":"Euro"},"searchOpenDialogs":true,"interaction":{"idSuffix":"content"}},"wdio_ui5_key":"etmportal.ui.managepartners.view.NewPartnersap.m.StandardListItem{\"title\":\"Euro\"}"}]}
COMMAND: GET /session/0631827be0a93fac797ef22e97364bed/screenshot - {}
RESULT: {"script":"<script> [1562 bytes]","args":[{"selector":{"controlType":"sap.m.StandardListItem","viewName":"etm.portal.ui.managepartners.view.NewPartner","viewId":"application-managepartners-display-component---NewPartner","properties":{"title":"Euro"},"searchOpenDialogs":true,"interaction":{"idSuffix":"content"}},"wdio_ui5_key":"etmportal.ui.managepartners.view.NewPartnersap.m.StandardListItem{\"title\":\"Euro\"}"}]}
RESULT: undefined
COMMAND: POST /session/0631827be0a93fac797ef22e97364bed/element - {"using":"xpath","value":"//*[@id=\"__item1230\"]"}
RESULT: {}
RESULT: {"using":"xpath","value":"//*[@id=\"__item1230\"]"}
COMMAND: POST /session/0631827be0a93fac797ef22e97364bed/element/f.1195843739892CF439726866CA7D4ED2.d.8790B7E83BFC4DC64D24498255BFDD9A.e.7129/click - {}
RESULT: {}
COMMAND: POST /session/0631827be0a93fac797ef22e97364bed/execute/async - {"script":"<script> [1562 bytes]","args":[{"selector":{"controlType":"sap.m.Button","viewName":"etm.portal.ui.managepartners.view.NewPartner","viewId":"application-managepartners-display-component---NewPartner","properties":{"text":"Assignments"},"interaction":{"idSuffix":"BDI-content"}},"wdio_ui5_key":"etmportal.ui.managepartners.view.NewPartnersap.m.Button{\"text\":\"Assignments\"}"}]}
COMMAND: GET /session/0631827be0a93fac797ef22e97364bed/screenshot - {}
RESULT: {"script":"<script> [1562 bytes]","args":[{"selector":{"controlType":"sap.m.Button","viewName":"etm.portal.ui.managepartners.view.NewPartner","viewId":"application-managepartners-display-component---NewPartner","properties":{"text":"Assignments"},"interaction":{"idSuffix":"BDI-content"}},"wdio_ui5_key":"etmportal.ui.managepartners.view.NewPartnersap.m.Button{\"text\":\"Assignments\"}"}]}
RESULT: undefined
COMMAND: POST /session/0631827be0a93fac797ef22e97364bed/element - {"using":"xpath","value":"//*[@id=\"application-managepartners-display-component---NewPartner--ObjectPageLayout-anchBar-__section61-anchor\"]"}
RESULT: {}
RESULT: {"using":"xpath","value":"//*[@id=\"application-managepartners-display-component---NewPartner--ObjectPageLayout-anchBar-__section61-anchor\"]"}
COMMAND: POST /session/0631827be0a93fac797ef22e97364bed/element/f.1195843739892CF439726866CA7D4ED2.d.8790B7E83BFC4DC64D24498255BFDD9A.e.7131/click - {}
RESULT: {}
COMMAND: POST /session/0631827be0a93fac797ef22e97364bed/execute/async - {"script":"<script> [1562 bytes]","args":[{"selector":{"id":"application-managepartners-display-component---NewPartner--btnAddTableRow","interaction":{"idSuffix":"inner"}},"wdio_ui5_key":"applicationmanagepartners-display-component---NewPartner--btnAddTableRow"}]}
COMMAND: GET /session/0631827be0a93fac797ef22e97364bed/screenshot - {}
RESULT: {"script":"<script> [1562 bytes]","args":[{"selector":{"id":"application-managepartners-display-component---NewPartner--btnAddTableRow","interaction":{"idSuffix":"inner"}},"wdio_ui5_key":"applicationmanagepartners-display-component---NewPartner--btnAddTableRow"}]}
RESULT: undefined
COMMAND: POST /session/0631827be0a93fac797ef22e97364bed/element - {"using":"xpath","value":"//*[@id=\"application-managepartners-display-component---NewPartner--btnAddTableRow\"]"}
RESULT: {}
RESULT: {"using":"xpath","value":"//*[@id=\"application-managepartners-display-component---NewPartner--btnAddTableRow\"]"}
COMMAND: POST /session/0631827be0a93fac797ef22e97364bed/element/f.1195843739892CF439726866CA7D4ED2.d.8790B7E83BFC4DC64D24498255BFDD9A.e.7136/click - {}
RESULT: {}
COMMAND: POST /session/0631827be0a93fac797ef22e97364bed/element - {"using":"css selector","value":"#application-managepartners-display-component---NewPartner--assignmentYard-application-managepartners-display-component---NewPartner--assignmentsTable-0-inner"}
COMMAND: GET /session/0631827be0a93fac797ef22e97364bed/screenshot - {}
RESULT: {"using":"css selector","value":"#application-managepartners-display-component---NewPartner--assignmentYard-application-managepartners-display-component---NewPartner--assignmentsTable-0-inner"}
COMMAND: POST /session/0631827be0a93fac797ef22e97364bed/element/f.1195843739892CF439726866CA7D4ED2.d.8790B7E83BFC4DC64D24498255BFDD9A.e.7138/clear - {}
RESULT: {}
RESULT: {}
COMMAND: POST /session/0631827be0a93fac797ef22e97364bed/element/f.1195843739892CF439726866CA7D4ED2.d.8790B7E83BFC4DC64D24498255BFDD9A.e.7138/value - {"text":"465"}
COMMAND: GET /session/0631827be0a93fac797ef22e97364bed/screenshot - {}
RESULT: {"text":"465"}
COMMAND: POST /session/0631827be0a93fac797ef22e97364bed/execute/async - {"script":"<script> [1562 bytes]","args":[{"selector":{"id":"application-managepartners-display-component---NewPartner--assignmentYard-application-managepartners-display-component---NewPartner--assignmentsTable-0-arrow"},"wdio_ui5_key":"applicationmanagepartners-display-component---NewPartner--assignmentYard-application-managepartners-display-component---NewPartner--assignmentsTable-0-arrow"}]}
COMMAND: GET /session/0631827be0a93fac797ef22e97364bed/screenshot - {}
RESULT: {}
RESULT: {"script":"<script> [1562 bytes]","args":[{"selector":{"id":"application-managepartners-display-component---NewPartner--assignmentYard-application-managepartners-display-component---NewPartner--assignmentsTable-0-arrow"},"wdio_ui5_key":"applicationmanagepartners-display-component---NewPartner--assignmentYard-application-managepartners-display-component---NewPartner--assignmentsTable-0-arrow"}]}
RESULT: undefined
COMMAND: POST /session/0631827be0a93fac797ef22e97364bed/element - {"using":"xpath","value":"//*[@id=\"application-managepartners-display-component---NewPartner--assignmentYard-application-managepartners-display-component---NewPartner--assignmentsTable-0-arrow\"]"}
RESULT: {}
RESULT: {"using":"xpath","value":"//*[@id=\"application-managepartners-display-component---NewPartner--assignmentYard-application-managepartners-display-component---NewPartner--assignmentsTable-0-arrow\"]"}
COMMAND: POST /session/0631827be0a93fac797ef22e97364bed/element/f.1195843739892CF439726866CA7D4ED2.d.8790B7E83BFC4DC64D24498255BFDD9A.e.7146/click - {}
RESULT: {}
COMMAND: GET /session/0631827be0a93fac797ef22e97364bed/screenshot - {}
RESULT: {}
COMMAND: POST /session/0631827be0a93fac797ef22e97364bed/execute/async - {"script":"<script> [1562 bytes]","args":[{"selector":{"controlType":"sap.m.Button","viewName":"etm.portal.ui.managepartners.view.NewPartner","viewId":"application-managepartners-display-component---NewPartner","i18NText":{"propertyName":"text","key":"save"},"interaction":{"idSuffix":"BDI-content"}},"wdio_ui5_key":"etmportal.ui.managepartners.view.NewPartnersap.m.Button{\"propertyName\":\"text\",\"key\":\"save\"}"}]}
RESULT: {"script":"<script> [1562 bytes]","args":[{"selector":{"controlType":"sap.m.Button","viewName":"etm.portal.ui.managepartners.view.NewPartner","viewId":"application-managepartners-display-component---NewPartner","i18NText":{"propertyName":"text","key":"save"},"interaction":{"idSuffix":"BDI-content"}},"wdio_ui5_key":"etmportal.ui.managepartners.view.NewPartnersap.m.Button{\"propertyName\":\"text\",\"key\":\"save\"}"}]}
RESULT: undefined
COMMAND: POST /session/0631827be0a93fac797ef22e97364bed/element - {"using":"xpath","value":"//*[@id=\"__button127\"]"}
RESULT: {"using":"xpath","value":"//*[@id=\"__button127\"]"}
COMMAND: POST /session/0631827be0a93fac797ef22e97364bed/element/f.1195843739892CF439726866CA7D4ED2.d.8790B7E83BFC4DC64D24498255BFDD9A.e.7051/click - {}
RESULT: {}
COMMAND: GET /session/0631827be0a93fac797ef22e97364bed/screenshot - {}
RESULT: {}
COMMAND: POST /session/0631827be0a93fac797ef22e97364bed/execute/async - {"script":"<script> [1562 bytes]","args":[{"selector":{"controlType":"sap.m.Text","viewName":"etm.portal.ui.managepartners.view.Detail","viewId":"application-managepartners-display-component---detailPtm","bindingPath":{"propertyPath":"ID","modelName":"catalogModel"}},"wdio_ui5_key":"etmportal.ui.managepartners.view.Detailsap.m.Text{\"propertyPath\":\"ID\",\"modelName\":\"catalogModel\"}"}]}
RESULT: {"script":"<script> [1562 bytes]","args":[{"selector":{"controlType":"sap.m.Text","viewName":"etm.portal.ui.managepartners.view.Detail","viewId":"application-managepartners-display-component---detailPtm","bindingPath":{"propertyPath":"ID","modelName":"catalogModel"}},"wdio_ui5_key":"etmportal.ui.managepartners.view.Detailsap.m.Text{\"propertyPath\":\"ID\",\"modelName\":\"catalogModel\"}"}]}
RESULT: undefined
COMMAND: POST /session/0631827be0a93fac797ef22e97364bed/execute/async - {"script":"<script> [6424 bytes]","args":[{"element-6066-11e4-a52e-4f735466cecf":"f.1195843739892CF439726866CA7D4ED2.d.8790B7E83BFC4DC64D24498255BFDD9A.e.7309"},"getText",[]]}
RESULT: {"script":"<script> [6424 bytes]","args":[{"element-6066-11e4-a52e-4f735466cecf":"f.1195843739892CF439726866CA7D4ED2.d.8790B7E83BFC4DC64D24498255BFDD9A.e.7309"},"getText",[]]}
COMMAND: POST /session/0631827be0a93fac797ef22e97364bed/element - {"using":"css selector","value":"#shell-header-logo"}
RESULT: {"using":"css selector","value":"#shell-header-logo"}
COMMAND: POST /session/0631827be0a93fac797ef22e97364bed/element/f.1195843739892CF439726866CA7D4ED2.d.8790B7E83BFC4DC64D24498255BFDD9A.e.6646/click - {}
RESULT: {}
]]></system-out>
    </testcase>
    <testcase classname="chrome.135_0_7049_96.windows.Provide_to_Site_w/o_warehouse_management_w/_clarification_US116605" name="Should create a new WHM Material" time="79.019">
      <system-out><![CDATA[
COMMAND: POST /session/0631827be0a93fac797ef22e97364bed/execute/async - {"script":"<script> [1562 bytes]","args":[{"selector":{"controlType":"sap.m.GenericTile","properties":{"header":"Manage Resources"}},"wdio_ui5_key":"sapm.GenericTile{\"header\":\"Manage Resources\"}"}]}
COMMAND: GET /session/0631827be0a93fac797ef22e97364bed/screenshot - {}
RESULT: {"script":"<script> [1562 bytes]","args":[{"selector":{"controlType":"sap.m.GenericTile","properties":{"header":"Manage Resources"}},"wdio_ui5_key":"sapm.GenericTile{\"header\":\"Manage Resources\"}"}]}
RESULT: undefined
COMMAND: POST /session/0631827be0a93fac797ef22e97364bed/element - {"using":"xpath","value":"//*[@id=\"__tile39\"]"}
RESULT: {}
RESULT: {"using":"xpath","value":"//*[@id=\"__tile39\"]"}
COMMAND: POST /session/0631827be0a93fac797ef22e97364bed/element/f.1195843739892CF439726866CA7D4ED2.d.8790B7E83BFC4DC64D24498255BFDD9A.e.7311/click - {}
RESULT: {}
COMMAND: POST /session/0631827be0a93fac797ef22e97364bed/execute/async - {"script":"<script> [1562 bytes]","args":[{"selector":{"controlType":"sap.m.OverflowToolbarButton","viewName":"etm.portal.ui.manageresources.view.Master","viewId":"application-manageresources-display-component---masterRU","bindingPath":{"path":"","propertyPath":"/isLogbook","modelName":"minimumStockRPGModel"},"interaction":{"idSuffix":"inner"}},"wdio_ui5_key":"etmportal.ui.manageresources.view.Mastersap.m.OverflowToolbarButton{\"path\":\"\",\"propertyPath\":\"/isLogbook\",\"modelName\":\"minimumStockRPGModel\"}"}]}
COMMAND: GET /session/0631827be0a93fac797ef22e97364bed/screenshot - {}
RESULT: {"script":"<script> [1562 bytes]","args":[{"selector":{"controlType":"sap.m.OverflowToolbarButton","viewName":"etm.portal.ui.manageresources.view.Master","viewId":"application-manageresources-display-component---masterRU","bindingPath":{"path":"","propertyPath":"/isLogbook","modelName":"minimumStockRPGModel"},"interaction":{"idSuffix":"inner"}},"wdio_ui5_key":"etmportal.ui.manageresources.view.Mastersap.m.OverflowToolbarButton{\"path\":\"\",\"propertyPath\":\"/isLogbook\",\"modelName\":\"minimumStockRPGModel\"}"}]}
RESULT: undefined
COMMAND: POST /session/0631827be0a93fac797ef22e97364bed/element - {"using":"xpath","value":"//*[@id=\"__button168\"]"}
RESULT: {}
RESULT: {"using":"xpath","value":"//*[@id=\"__button168\"]"}
COMMAND: POST /session/0631827be0a93fac797ef22e97364bed/element/f.1195843739892CF439726866CA7D4ED2.d.8790B7E83BFC4DC64D24498255BFDD9A.e.7352/click - {}
RESULT: {}
COMMAND: GET /session/0631827be0a93fac797ef22e97364bed/screenshot - {}
RESULT: {}
COMMAND: POST /session/0631827be0a93fac797ef22e97364bed/execute/async - {"script":"<script> [1562 bytes]","args":[{"selector":{"id":"application-manageresources-display-component---newResourceUnit--TYPE-arrow"},"wdio_ui5_key":"applicationmanageresources-display-component---newResourceUnit--TYPE-arrow"}]}
RESULT: {"script":"<script> [1562 bytes]","args":[{"selector":{"id":"application-manageresources-display-component---newResourceUnit--TYPE-arrow"},"wdio_ui5_key":"applicationmanageresources-display-component---newResourceUnit--TYPE-arrow"}]}
RESULT: undefined
COMMAND: POST /session/0631827be0a93fac797ef22e97364bed/element - {"using":"xpath","value":"//*[@id=\"application-manageresources-display-component---newResourceUnit--TYPE-arrow\"]"}
RESULT: {"using":"xpath","value":"//*[@id=\"application-manageresources-display-component---newResourceUnit--TYPE-arrow\"]"}
COMMAND: POST /session/0631827be0a93fac797ef22e97364bed/element/f.1195843739892CF439726866CA7D4ED2.d.8790B7E83BFC4DC64D24498255BFDD9A.e.7669/click - {}
RESULT: {}
COMMAND: POST /session/0631827be0a93fac797ef22e97364bed/execute/async - {"script":"<script> [1562 bytes]","args":[{"selector":{"controlType":"sap.m.StandardListItem","viewName":"reusables.view.manageresources.NewResourceUnit","viewId":"application-manageresources-display-component---newResourceUnit","properties":{"title":"Material"},"searchOpenDialogs":true,"interaction":{"idSuffix":"content"}},"wdio_ui5_key":"reusablesview.manageresources.NewResourceUnitsap.m.StandardListItem{\"title\":\"Material\"}"}]}
COMMAND: GET /session/0631827be0a93fac797ef22e97364bed/screenshot - {}
RESULT: {"script":"<script> [1562 bytes]","args":[{"selector":{"controlType":"sap.m.StandardListItem","viewName":"reusables.view.manageresources.NewResourceUnit","viewId":"application-manageresources-display-component---newResourceUnit","properties":{"title":"Material"},"searchOpenDialogs":true,"interaction":{"idSuffix":"content"}},"wdio_ui5_key":"reusablesview.manageresources.NewResourceUnitsap.m.StandardListItem{\"title\":\"Material\"}"}]}
RESULT: undefined
COMMAND: POST /session/0631827be0a93fac797ef22e97364bed/element - {"using":"xpath","value":"//*[@id=\"__item1503\"]"}
RESULT: {}
RESULT: {"using":"xpath","value":"//*[@id=\"__item1503\"]"}
COMMAND: POST /session/0631827be0a93fac797ef22e97364bed/element/f.1195843739892CF439726866CA7D4ED2.d.8790B7E83BFC4DC64D24498255BFDD9A.e.7672/click - {}
RESULT: {}
COMMAND: POST /session/0631827be0a93fac797ef22e97364bed/execute/async - {"script":"<script> [1562 bytes]","args":[{"selector":{"id":"application-manageresources-display-component---newResourceUnit--resourceId","interaction":{"idSuffix":"inner"}},"wdio_ui5_key":"applicationmanageresources-display-component---newResourceUnit--resourceId"}]}
COMMAND: GET /session/0631827be0a93fac797ef22e97364bed/screenshot - {}
RESULT: {"script":"<script> [1562 bytes]","args":[{"selector":{"id":"application-manageresources-display-component---newResourceUnit--resourceId","interaction":{"idSuffix":"inner"}},"wdio_ui5_key":"applicationmanageresources-display-component---newResourceUnit--resourceId"}]}
RESULT: undefined
COMMAND: POST /session/0631827be0a93fac797ef22e97364bed/execute/async - {"script":"<script> [1562 bytes]","args":[{"selector":{"id":"application-manageresources-display-component---newResourceUnit--SHORT_TEXT","interaction":{"idSuffix":"inner"}},"wdio_ui5_key":"applicationmanageresources-display-component---newResourceUnit--SHORT_TEXT"}]}
RESULT: {}
RESULT: {"script":"<script> [1562 bytes]","args":[{"selector":{"id":"application-manageresources-display-component---newResourceUnit--SHORT_TEXT","interaction":{"idSuffix":"inner"}},"wdio_ui5_key":"applicationmanageresources-display-component---newResourceUnit--SHORT_TEXT"}]}
RESULT: undefined
COMMAND: POST /session/0631827be0a93fac797ef22e97364bed/execute/async - {"script":"<script> [776 bytes]","args":[{"enterText":"material WHM","selector":{"id":"application-manageresources-display-component---newResourceUnit--SHORT_TEXT","interaction":{"idSuffix":"inner"}},"clearTextFirst":true,"interactionType":"ENTER_TEXT"}]}
RESULT: {"script":"<script> [776 bytes]","args":[{"enterText":"material WHM","selector":{"id":"application-manageresources-display-component---newResourceUnit--SHORT_TEXT","interaction":{"idSuffix":"inner"}},"clearTextFirst":true,"interactionType":"ENTER_TEXT"}]}
COMMAND: POST /session/0631827be0a93fac797ef22e97364bed/execute/async - {"script":"<script> [1562 bytes]","args":[{"selector":{"id":"application-manageresources-display-component---newResourceUnit--BASE_UNIT_OF_MEASURE","interaction":{"idSuffix":"inner"}},"wdio_ui5_key":"applicationmanageresources-display-component---newResourceUnit--BASE_UNIT_OF_MEASURE"}]}
RESULT: {"script":"<script> [1562 bytes]","args":[{"selector":{"id":"application-manageresources-display-component---newResourceUnit--BASE_UNIT_OF_MEASURE","interaction":{"idSuffix":"inner"}},"wdio_ui5_key":"applicationmanageresources-display-component---newResourceUnit--BASE_UNIT_OF_MEASURE"}]}
RESULT: undefined
COMMAND: POST /session/0631827be0a93fac797ef22e97364bed/execute/async - {"script":"<script> [776 bytes]","args":[{"enterText":"Piece","selector":{"id":"application-manageresources-display-component---newResourceUnit--BASE_UNIT_OF_MEASURE","interaction":{"idSuffix":"inner"}},"clearTextFirst":true,"interactionType":"ENTER_TEXT"}]}
RESULT: {"script":"<script> [776 bytes]","args":[{"enterText":"Piece","selector":{"id":"application-manageresources-display-component---newResourceUnit--BASE_UNIT_OF_MEASURE","interaction":{"idSuffix":"inner"}},"clearTextFirst":true,"interactionType":"ENTER_TEXT"}]}
COMMAND: POST /session/0631827be0a93fac797ef22e97364bed/execute/async - {"script":"<script> [1562 bytes]","args":[{"selector":{"id":"application-manageresources-display-component---newResourceUnit--WEIGHT_UNIT","interaction":{"idSuffix":"inner"}},"wdio_ui5_key":"applicationmanageresources-display-component---newResourceUnit--WEIGHT_UNIT"}]}
RESULT: {"script":"<script> [1562 bytes]","args":[{"selector":{"id":"application-manageresources-display-component---newResourceUnit--WEIGHT_UNIT","interaction":{"idSuffix":"inner"}},"wdio_ui5_key":"applicationmanageresources-display-component---newResourceUnit--WEIGHT_UNIT"}]}
RESULT: undefined
COMMAND: POST /session/0631827be0a93fac797ef22e97364bed/execute/async - {"script":"<script> [776 bytes]","args":[{"enterText":"Gram","selector":{"id":"application-manageresources-display-component---newResourceUnit--WEIGHT_UNIT","interaction":{"idSuffix":"inner"}},"clearTextFirst":true,"interactionType":"ENTER_TEXT"}]}
RESULT: {"script":"<script> [776 bytes]","args":[{"enterText":"Gram","selector":{"id":"application-manageresources-display-component---newResourceUnit--WEIGHT_UNIT","interaction":{"idSuffix":"inner"}},"clearTextFirst":true,"interactionType":"ENTER_TEXT"}]}
COMMAND: POST /session/0631827be0a93fac797ef22e97364bed/execute/async - {"script":"<script> [1562 bytes]","args":[{"selector":{"id":"application-manageresources-display-component---newResourceUnit--DIMENSION_UNIT","interaction":{"idSuffix":"inner"}},"wdio_ui5_key":"applicationmanageresources-display-component---newResourceUnit--DIMENSION_UNIT"}]}
RESULT: {"script":"<script> [1562 bytes]","args":[{"selector":{"id":"application-manageresources-display-component---newResourceUnit--DIMENSION_UNIT","interaction":{"idSuffix":"inner"}},"wdio_ui5_key":"applicationmanageresources-display-component---newResourceUnit--DIMENSION_UNIT"}]}
RESULT: undefined
COMMAND: POST /session/0631827be0a93fac797ef22e97364bed/execute/async - {"script":"<script> [776 bytes]","args":[{"enterText":"Meter","selector":{"id":"application-manageresources-display-component---newResourceUnit--DIMENSION_UNIT","interaction":{"idSuffix":"inner"}},"clearTextFirst":true,"interactionType":"ENTER_TEXT"}]}
RESULT: {"script":"<script> [776 bytes]","args":[{"enterText":"Meter","selector":{"id":"application-manageresources-display-component---newResourceUnit--DIMENSION_UNIT","interaction":{"idSuffix":"inner"}},"clearTextFirst":true,"interactionType":"ENTER_TEXT"}]}
COMMAND: POST /session/0631827be0a93fac797ef22e97364bed/execute/async - {"script":"<script> [1562 bytes]","args":[{"selector":{"id":"application-manageresources-display-component---newResourceUnit--newRRUPage-anchBar-application-manageresources-display-component---newResourceUnit--control-anchor","interaction":{"idSuffix":"content"}},"wdio_ui5_key":"applicationmanageresources-display-component---newResourceUnit--newRRUPage-anchBar-application-manageresources-display-component---newResourceUnit--control-anchor"}]}
RESULT: {"script":"<script> [1562 bytes]","args":[{"selector":{"id":"application-manageresources-display-component---newResourceUnit--newRRUPage-anchBar-application-manageresources-display-component---newResourceUnit--control-anchor","interaction":{"idSuffix":"content"}},"wdio_ui5_key":"applicationmanageresources-display-component---newResourceUnit--newRRUPage-anchBar-application-manageresources-display-component---newResourceUnit--control-anchor"}]}
RESULT: undefined
COMMAND: POST /session/0631827be0a93fac797ef22e97364bed/element - {"using":"xpath","value":"//*[@id=\"application-manageresources-display-component---newResourceUnit--newRRUPage-anchBar-application-manageresources-display-component---newResourceUnit--control-anchor\"]"}
RESULT: {"using":"xpath","value":"//*[@id=\"application-manageresources-display-component---newResourceUnit--newRRUPage-anchBar-application-manageresources-display-component---newResourceUnit--control-anchor\"]"}
COMMAND: POST /session/0631827be0a93fac797ef22e97364bed/element/f.1195843739892CF439726866CA7D4ED2.d.8790B7E83BFC4DC64D24498255BFDD9A.e.7736/click - {}
RESULT: {}
COMMAND: POST /session/0631827be0a93fac797ef22e97364bed/execute/async - {"script":"<script> [1562 bytes]","args":[{"selector":{"id":"application-manageresources-display-component---newResourceUnit--PLANNING_GROUP","interaction":{"idSuffix":"inner"}},"wdio_ui5_key":"applicationmanageresources-display-component---newResourceUnit--PLANNING_GROUP"}]}
COMMAND: GET /session/0631827be0a93fac797ef22e97364bed/screenshot - {}
RESULT: {"script":"<script> [1562 bytes]","args":[{"selector":{"id":"application-manageresources-display-component---newResourceUnit--PLANNING_GROUP","interaction":{"idSuffix":"inner"}},"wdio_ui5_key":"applicationmanageresources-display-component---newResourceUnit--PLANNING_GROUP"}]}
RESULT: undefined
COMMAND: POST /session/0631827be0a93fac797ef22e97364bed/execute/async - {"script":"<script> [776 bytes]","args":[{"enterText":"Heavy Equi","selector":{"id":"application-manageresources-display-component---newResourceUnit--PLANNING_GROUP","interaction":{"idSuffix":"inner"}},"clearTextFirst":true,"interactionType":"ENTER_TEXT"}]}
RESULT: {}
RESULT: {"script":"<script> [776 bytes]","args":[{"enterText":"Heavy Equi","selector":{"id":"application-manageresources-display-component---newResourceUnit--PLANNING_GROUP","interaction":{"idSuffix":"inner"}},"clearTextFirst":true,"interactionType":"ENTER_TEXT"}]}
COMMAND: POST /session/0631827be0a93fac797ef22e97364bed/execute/async - {"script":"<script> [1562 bytes]","args":[{"selector":{"id":"application-manageresources-display-component---newResourceUnit--PLANNING_INDICATOR","interaction":{"idSuffix":"inner"}},"wdio_ui5_key":"applicationmanageresources-display-component---newResourceUnit--PLANNING_INDICATOR"}]}
RESULT: {"script":"<script> [1562 bytes]","args":[{"selector":{"id":"application-manageresources-display-component---newResourceUnit--PLANNING_INDICATOR","interaction":{"idSuffix":"inner"}},"wdio_ui5_key":"applicationmanageresources-display-component---newResourceUnit--PLANNING_INDICATOR"}]}
RESULT: undefined
COMMAND: POST /session/0631827be0a93fac797ef22e97364bed/execute/async - {"script":"<script> [776 bytes]","args":[{"enterText":"10 - infinite","selector":{"id":"application-manageresources-display-component---newResourceUnit--PLANNING_INDICATOR","interaction":{"idSuffix":"inner"}},"clearTextFirst":true,"interactionType":"ENTER_TEXT"}]}
RESULT: {"script":"<script> [776 bytes]","args":[{"enterText":"10 - infinite","selector":{"id":"application-manageresources-display-component---newResourceUnit--PLANNING_INDICATOR","interaction":{"idSuffix":"inner"}},"clearTextFirst":true,"interactionType":"ENTER_TEXT"}]}
COMMAND: POST /session/0631827be0a93fac797ef22e97364bed/actions - {"actions":[{"id":"action28","type":"key","parameters":{},"actions":[{"type":"keyDown","value":"î€‡"},{"type":"pause","duration":10},{"type":"keyUp","value":"î€‡"}]}]}
RESULT: {"actions":[{"id":"action28","type":"key","parameters":{},"actions":[{"type":"keyDown","value":"î€‡"},{"type":"pause","duration":10},{"type":"keyUp","value":"î€‡"}]}]}
COMMAND: POST /session/0631827be0a93fac797ef22e97364bed/execute/async - {"script":"<script> [1562 bytes]","args":[{"selector":{"id":"application-manageresources-display-component---newResourceUnit--ITEM_TYPE-arrow"},"wdio_ui5_key":"applicationmanageresources-display-component---newResourceUnit--ITEM_TYPE-arrow"}]}
COMMAND: GET /session/0631827be0a93fac797ef22e97364bed/screenshot - {}
RESULT: {"script":"<script> [1562 bytes]","args":[{"selector":{"id":"application-manageresources-display-component---newResourceUnit--ITEM_TYPE-arrow"},"wdio_ui5_key":"applicationmanageresources-display-component---newResourceUnit--ITEM_TYPE-arrow"}]}
RESULT: undefined
COMMAND: POST /session/0631827be0a93fac797ef22e97364bed/element - {"using":"xpath","value":"//*[@id=\"application-manageresources-display-component---newResourceUnit--ITEM_TYPE-arrow\"]"}
RESULT: {}
RESULT: {"using":"xpath","value":"//*[@id=\"application-manageresources-display-component---newResourceUnit--ITEM_TYPE-arrow\"]"}
COMMAND: POST /session/0631827be0a93fac797ef22e97364bed/element/f.1195843739892CF439726866CA7D4ED2.d.8790B7E83BFC4DC64D24498255BFDD9A.e.7745/click - {}
RESULT: {}
COMMAND: POST /session/0631827be0a93fac797ef22e97364bed/execute/async - {"script":"<script> [1562 bytes]","args":[{"selector":{"controlType":"sap.m.StandardListItem","viewName":"reusables.view.manageresources.NewResourceUnit","viewId":"application-manageresources-display-component---newResourceUnit","properties":{"title":"Resource Unit"},"searchOpenDialogs":true,"interaction":{"idSuffix":"titleText"}},"wdio_ui5_key":"reusablesview.manageresources.NewResourceUnitsap.m.StandardListItem{\"title\":\"Resource Unit\"}"}]}
COMMAND: GET /session/0631827be0a93fac797ef22e97364bed/screenshot - {}
RESULT: {"script":"<script> [1562 bytes]","args":[{"selector":{"controlType":"sap.m.StandardListItem","viewName":"reusables.view.manageresources.NewResourceUnit","viewId":"application-manageresources-display-component---newResourceUnit","properties":{"title":"Resource Unit"},"searchOpenDialogs":true,"interaction":{"idSuffix":"titleText"}},"wdio_ui5_key":"reusablesview.manageresources.NewResourceUnitsap.m.StandardListItem{\"title\":\"Resource Unit\"}"}]}
RESULT: undefined
RESULT: {}
COMMAND: POST /session/0631827be0a93fac797ef22e97364bed/execute/async - {"script":"<script> [1562 bytes]","args":[{"selector":{"controlType":"sap.m.Label","viewName":"reusables.view.manageresources.NewResourceUnit","viewId":"application-manageresources-display-component---newResourceUnit","i18NText":{"propertyName":"text","key":"planningGroup"},"interaction":{"idSuffix":"bdi"}},"wdio_ui5_key":"reusablesview.manageresources.NewResourceUnitsap.m.Label{\"propertyName\":\"text\",\"key\":\"planningGroup\"}"}]}
RESULT: {"script":"<script> [1562 bytes]","args":[{"selector":{"controlType":"sap.m.Label","viewName":"reusables.view.manageresources.NewResourceUnit","viewId":"application-manageresources-display-component---newResourceUnit","i18NText":{"propertyName":"text","key":"planningGroup"},"interaction":{"idSuffix":"bdi"}},"wdio_ui5_key":"reusablesview.manageresources.NewResourceUnitsap.m.Label{\"propertyName\":\"text\",\"key\":\"planningGroup\"}"}]}
RESULT: undefined
COMMAND: POST /session/0631827be0a93fac797ef22e97364bed/element - {"using":"xpath","value":"//*[@id=\"__label263\"]"}
RESULT: {"using":"xpath","value":"//*[@id=\"__label263\"]"}
COMMAND: POST /session/0631827be0a93fac797ef22e97364bed/element/f.1195843739892CF439726866CA7D4ED2.d.8790B7E83BFC4DC64D24498255BFDD9A.e.7747/click - {}
RESULT: {}
COMMAND: GET /session/0631827be0a93fac797ef22e97364bed/screenshot - {}
RESULT: {}
COMMAND: POST /session/0631827be0a93fac797ef22e97364bed/actions - {"actions":[{"type":"key","id":"keyboard","actions":[{"type":"keyDown","value":"î›"}]}]}
RESULT: {"actions":[{"type":"key","id":"keyboard","actions":[{"type":"keyDown","value":"î›"}]}]}
COMMAND: GET /session/0631827be0a93fac797ef22e97364bed/screenshot - {}
RESULT: {}
COMMAND: POST /session/0631827be0a93fac797ef22e97364bed/actions - {"actions":[{"type":"key","id":"keyboard","actions":[{"type":"keyDown","value":"î›"}]}]}
RESULT: {"actions":[{"type":"key","id":"keyboard","actions":[{"type":"keyDown","value":"î›"}]}]}
COMMAND: GET /session/0631827be0a93fac797ef22e97364bed/screenshot - {}
RESULT: {}
COMMAND: POST /session/0631827be0a93fac797ef22e97364bed/actions - {"actions":[{"type":"key","id":"keyboard","actions":[{"type":"keyDown","value":"î›"}]}]}
RESULT: {"actions":[{"type":"key","id":"keyboard","actions":[{"type":"keyDown","value":"î›"}]}]}
COMMAND: GET /session/0631827be0a93fac797ef22e97364bed/screenshot - {}
RESULT: {}
COMMAND: POST /session/0631827be0a93fac797ef22e97364bed/actions - {"actions":[{"type":"key","id":"keyboard","actions":[{"type":"keyDown","value":"î›"}]}]}
RESULT: {"actions":[{"type":"key","id":"keyboard","actions":[{"type":"keyDown","value":"î›"}]}]}
COMMAND: GET /session/0631827be0a93fac797ef22e97364bed/screenshot - {}
RESULT: {}
COMMAND: POST /session/0631827be0a93fac797ef22e97364bed/actions - {"actions":[{"type":"key","id":"keyboard","actions":[{"type":"keyDown","value":"î›"}]}]}
RESULT: {"actions":[{"type":"key","id":"keyboard","actions":[{"type":"keyDown","value":"î›"}]}]}
COMMAND: GET /session/0631827be0a93fac797ef22e97364bed/screenshot - {}
RESULT: {}
COMMAND: POST /session/0631827be0a93fac797ef22e97364bed/actions - {"actions":[{"type":"key","id":"keyboard","actions":[{"type":"keyDown","value":"î›"}]}]}
RESULT: {"actions":[{"type":"key","id":"keyboard","actions":[{"type":"keyDown","value":"î›"}]}]}
COMMAND: GET /session/0631827be0a93fac797ef22e97364bed/screenshot - {}
RESULT: {}
COMMAND: POST /session/0631827be0a93fac797ef22e97364bed/execute/async - {"script":"<script> [1562 bytes]","args":[{"selector":{"id":"application-manageresources-display-component---newResourceUnit--btnAddTimeSegment-img"},"wdio_ui5_key":"applicationmanageresources-display-component---newResourceUnit--btnAddTimeSegment-img"}]}
RESULT: {"script":"<script> [1562 bytes]","args":[{"selector":{"id":"application-manageresources-display-component---newResourceUnit--btnAddTimeSegment-img"},"wdio_ui5_key":"applicationmanageresources-display-component---newResourceUnit--btnAddTimeSegment-img"}]}
RESULT: undefined
COMMAND: POST /session/0631827be0a93fac797ef22e97364bed/element - {"using":"xpath","value":"//*[@id=\"application-manageresources-display-component---newResourceUnit--btnAddTimeSegment-img\"]"}
RESULT: {"using":"xpath","value":"//*[@id=\"application-manageresources-display-component---newResourceUnit--btnAddTimeSegment-img\"]"}
COMMAND: POST /session/0631827be0a93fac797ef22e97364bed/element/f.1195843739892CF439726866CA7D4ED2.d.8790B7E83BFC4DC64D24498255BFDD9A.e.7748/click - {}
RESULT: {}
COMMAND: POST /session/0631827be0a93fac797ef22e97364bed/element - {"using":"xpath","value":"//input[@id=\"application-manageresources-display-component---newResourceUnit--idRuTSAdmin-application-manageresources-display-component---newResourceUnit--RUTimeSegment-0-inner\"]"}
COMMAND: GET /session/0631827be0a93fac797ef22e97364bed/screenshot - {}
RESULT: {"using":"xpath","value":"//input[@id=\"application-manageresources-display-component---newResourceUnit--idRuTSAdmin-application-manageresources-display-component---newResourceUnit--RUTimeSegment-0-inner\"]"}
COMMAND: POST /session/0631827be0a93fac797ef22e97364bed/element/f.1195843739892CF439726866CA7D4ED2.d.8790B7E83BFC4DC64D24498255BFDD9A.e.7751/clear - {}
RESULT: {}
RESULT: {}
COMMAND: POST /session/0631827be0a93fac797ef22e97364bed/element/f.1195843739892CF439726866CA7D4ED2.d.8790B7E83BFC4DC64D24498255BFDD9A.e.7751/value - {"text":"465"}
COMMAND: GET /session/0631827be0a93fac797ef22e97364bed/screenshot - {}
RESULT: {"text":"465"}
COMMAND: GET /session/0631827be0a93fac797ef22e97364bed/screenshot - {}
RESULT: {}
RESULT: {}
COMMAND: POST /session/0631827be0a93fac797ef22e97364bed/actions - {"actions":[{"id":"action29","type":"key","parameters":{},"actions":[{"type":"keyDown","value":"î€‡"},{"type":"pause","duration":10},{"type":"keyUp","value":"î€‡"}]}]}
RESULT: {"actions":[{"id":"action29","type":"key","parameters":{},"actions":[{"type":"keyDown","value":"î€‡"},{"type":"pause","duration":10},{"type":"keyUp","value":"î€‡"}]}]}
COMMAND: GET /session/0631827be0a93fac797ef22e97364bed/screenshot - {}
RESULT: {}
COMMAND: POST /session/0631827be0a93fac797ef22e97364bed/execute/async - {"script":"<script> [1562 bytes]","args":[{"selector":{"controlType":"sap.m.Button","viewName":"reusables.view.manageresources.NewResourceUnit","viewId":"application-manageresources-display-component---newResourceUnit","i18NText":{"propertyName":"tooltip","key":"save"},"interaction":{"idSuffix":"BDI-content"}},"wdio_ui5_key":"reusablesview.manageresources.NewResourceUnitsap.m.Button{\"propertyName\":\"tooltip\",\"key\":\"save\"}"}]}
RESULT: {"script":"<script> [1562 bytes]","args":[{"selector":{"controlType":"sap.m.Button","viewName":"reusables.view.manageresources.NewResourceUnit","viewId":"application-manageresources-display-component---newResourceUnit","i18NText":{"propertyName":"tooltip","key":"save"},"interaction":{"idSuffix":"BDI-content"}},"wdio_ui5_key":"reusablesview.manageresources.NewResourceUnitsap.m.Button{\"propertyName\":\"tooltip\",\"key\":\"save\"}"}]}
RESULT: undefined
COMMAND: POST /session/0631827be0a93fac797ef22e97364bed/element - {"using":"xpath","value":"//*[@id=\"application-manageresources-display-component---newResourceUnit--createRuButton\"]"}
RESULT: {"using":"xpath","value":"//*[@id=\"application-manageresources-display-component---newResourceUnit--createRuButton\"]"}
COMMAND: POST /session/0631827be0a93fac797ef22e97364bed/element/f.1195843739892CF439726866CA7D4ED2.d.8790B7E83BFC4DC64D24498255BFDD9A.e.7685/click - {}
RESULT: {}
COMMAND: POST /session/0631827be0a93fac797ef22e97364bed/execute/async - {"script":"<script> [1562 bytes]","args":[{"selector":{"controlType":"sap.m.Button","properties":{"text":"Close"},"searchOpenDialogs":true,"interaction":{"idSuffix":"BDI-content"}},"wdio_ui5_key":"sapm.Button{\"text\":\"Close\"}"}]}
COMMAND: GET /session/0631827be0a93fac797ef22e97364bed/screenshot - {}
RESULT: {"script":"<script> [1562 bytes]","args":[{"selector":{"controlType":"sap.m.Button","properties":{"text":"Close"},"searchOpenDialogs":true,"interaction":{"idSuffix":"BDI-content"}},"wdio_ui5_key":"sapm.Button{\"text\":\"Close\"}"}]}
RESULT: undefined
COMMAND: POST /session/0631827be0a93fac797ef22e97364bed/element - {"using":"xpath","value":"//*[@id=\"__mbox-btn-0\"]"}
RESULT: {}
RESULT: {"using":"xpath","value":"//*[@id=\"__mbox-btn-0\"]"}
COMMAND: POST /session/0631827be0a93fac797ef22e97364bed/element/f.1195843739892CF439726866CA7D4ED2.d.8790B7E83BFC4DC64D24498255BFDD9A.e.7764/click - {}
RESULT: {}
COMMAND: GET /session/0631827be0a93fac797ef22e97364bed/screenshot - {}
RESULT: {}
COMMAND: POST /session/0631827be0a93fac797ef22e97364bed/execute/async - {"script":"<script> [1562 bytes]","args":[{"selector":{"controlType":"sap.m.Text","viewName":"etm.portal.ui.manageresources.view.Detail","viewId":"application-manageresources-display-component---detailRU","bindingPath":{"propertyPath":"ID","modelName":"catalogModel"}},"wdio_ui5_key":"etmportal.ui.manageresources.view.Detailsap.m.Text{\"propertyPath\":\"ID\",\"modelName\":\"catalogModel\"}"}]}
RESULT: {"script":"<script> [1562 bytes]","args":[{"selector":{"controlType":"sap.m.Text","viewName":"etm.portal.ui.manageresources.view.Detail","viewId":"application-manageresources-display-component---detailRU","bindingPath":{"propertyPath":"ID","modelName":"catalogModel"}},"wdio_ui5_key":"etmportal.ui.manageresources.view.Detailsap.m.Text{\"propertyPath\":\"ID\",\"modelName\":\"catalogModel\"}"}]}
RESULT: undefined
COMMAND: POST /session/0631827be0a93fac797ef22e97364bed/execute/async - {"script":"<script> [6424 bytes]","args":[{"element-6066-11e4-a52e-4f735466cecf":"f.1195843739892CF439726866CA7D4ED2.d.8790B7E83BFC4DC64D24498255BFDD9A.e.7797"},"getText",[]]}
RESULT: {"script":"<script> [6424 bytes]","args":[{"element-6066-11e4-a52e-4f735466cecf":"f.1195843739892CF439726866CA7D4ED2.d.8790B7E83BFC4DC64D24498255BFDD9A.e.7797"},"getText",[]]}
COMMAND: POST /session/0631827be0a93fac797ef22e97364bed/element - {"using":"css selector","value":"#shell-header-logo"}
RESULT: {"using":"css selector","value":"#shell-header-logo"}
COMMAND: POST /session/0631827be0a93fac797ef22e97364bed/element/f.1195843739892CF439726866CA7D4ED2.d.8790B7E83BFC4DC64D24498255BFDD9A.e.7313/click - {}
RESULT: {}
COMMAND: GET /session/0631827be0a93fac797ef22e97364bed/screenshot - {}
RESULT: {}
]]></system-out>
    </testcase>
  </testsuite>
  <testsuite timestamp="2025-04-30T17:08:52" time="856.328" tests="6" failures="0" errors="0" skipped="0">
    <properties>
      <property name="specId" value="0" />
      <property name="suiteName" value="Provide to Site w/o warehouse management w clarification" />
      <property name="capabilities" value="chrome.135_0_7049_96.windows" />
      <property name="file" value="file:///D:/a/1/s/test/specs/HTR/provide-to-site-wo-warehouse-w-clarification.spec.js" />
    </properties>
    <testcase classname="chrome.135_0_7049_96.windows.Provide_to_Site_w/o_warehouse_management_w_clarification" name="Should do a stock increase handover" time="177.818">
      <system-out><![CDATA[
COMMAND: POST /session/0631827be0a93fac797ef22e97364bed/execute/async - {"script":"<script> [1562 bytes]","args":[{"selector":{"controlType":"sap.m.GenericTile","properties":{"header":"Manage Handovers"}},"wdio_ui5_key":"sapm.GenericTile{\"header\":\"Manage Handovers\"}"}]}
RESULT: {"script":"<script> [1562 bytes]","args":[{"selector":{"controlType":"sap.m.GenericTile","properties":{"header":"Manage Handovers"}},"wdio_ui5_key":"sapm.GenericTile{\"header\":\"Manage Handovers\"}"}]}
RESULT: undefined
COMMAND: POST /session/0631827be0a93fac797ef22e97364bed/element - {"using":"xpath","value":"//*[@id=\"__tile133\"]"}
RESULT: {"using":"xpath","value":"//*[@id=\"__tile133\"]"}
COMMAND: POST /session/0631827be0a93fac797ef22e97364bed/element/f.1195843739892CF439726866CA7D4ED2.d.8790B7E83BFC4DC64D24498255BFDD9A.e.7801/click - {}
RESULT: {}
COMMAND: GET /session/0631827be0a93fac797ef22e97364bed/screenshot - {}
RESULT: {}
COMMAND: POST /session/0631827be0a93fac797ef22e97364bed/element - {"using":"xpath","value":"//button[(@data-kt = 'masterHOAddButton')]"}
RESULT: {"using":"xpath","value":"//button[(@data-kt = 'masterHOAddButton')]"}
COMMAND: POST /session/0631827be0a93fac797ef22e97364bed/elements - {"using":"xpath","value":"//button[(@data-kt = 'masterHOAddButton')]"}
RESULT: {"using":"xpath","value":"//button[(@data-kt = 'masterHOAddButton')]"}
COMMAND: POST /session/0631827be0a93fac797ef22e97364bed/elements - {"using":"xpath","value":"//button[(@data-kt = 'masterHOAddButton')]"}
RESULT: {"using":"xpath","value":"//button[(@data-kt = 'masterHOAddButton')]"}
COMMAND: POST /session/0631827be0a93fac797ef22e97364bed/elements - {"using":"xpath","value":"//button[(@data-kt = 'masterHOAddButton')]"}
RESULT: {"using":"xpath","value":"//button[(@data-kt = 'masterHOAddButton')]"}
COMMAND: POST /session/0631827be0a93fac797ef22e97364bed/element - {"using":"xpath","value":"//button[(@data-kt = 'masterHOAddButton')]"}
RESULT: {"using":"xpath","value":"//button[(@data-kt = 'masterHOAddButton')]"}
COMMAND: POST /session/0631827be0a93fac797ef22e97364bed/element/f.1195843739892CF439726866CA7D4ED2.d.8790B7E83BFC4DC64D24498255BFDD9A.e.7831/click - {}
RESULT: {}
COMMAND: POST /session/0631827be0a93fac797ef22e97364bed/element - {"using":"css selector","value":"span[id=\"application-managehandovers-display-component---AddNewHO--typeSelect-label\"]"}
COMMAND: GET /session/0631827be0a93fac797ef22e97364bed/screenshot - {}
RESULT: {}
RESULT: {"using":"css selector","value":"span[id=\"application-managehandovers-display-component---AddNewHO--typeSelect-label\"]"}
COMMAND: POST /session/0631827be0a93fac797ef22e97364bed/element/f.1195843739892CF439726866CA7D4ED2.d.8790B7E83BFC4DC64D24498255BFDD9A.e.8146/click - {}
RESULT: {}
COMMAND: POST /session/0631827be0a93fac797ef22e97364bed/element - {"using":"css selector","value":"#application-managehandovers-display-component---AddNewHO--oneStep-CB"}
COMMAND: GET /session/0631827be0a93fac797ef22e97364bed/screenshot - {}
RESULT: {"using":"css selector","value":"#application-managehandovers-display-component---AddNewHO--oneStep-CB"}
COMMAND: GET /session/0631827be0a93fac797ef22e97364bed/element/f.1195843739892CF439726866CA7D4ED2.d.8790B7E83BFC4DC64D24498255BFDD9A.e.8084/selected - {}
RESULT: {}
RESULT: {}
COMMAND: POST /session/0631827be0a93fac797ef22e97364bed/element - {"using":"xpath","value":"//li[contains(text(), \"stock increase yard\")]"}
COMMAND: GET /session/0631827be0a93fac797ef22e97364bed/screenshot - {}
RESULT: {"using":"xpath","value":"//li[contains(text(), \"stock increase yard\")]"}
COMMAND: POST /session/0631827be0a93fac797ef22e97364bed/element/f.1195843739892CF439726866CA7D4ED2.d.8790B7E83BFC4DC64D24498255BFDD9A.e.8147/click - {}
RESULT: {}
RESULT: {}
COMMAND: GET /session/0631827be0a93fac797ef22e97364bed/screenshot - {}
RESULT: {}
COMMAND: POST /session/0631827be0a93fac797ef22e97364bed/element - {"using":"css selector","value":"input[id=\"generalSectionFrg--receiveYard-inner\"]"}
RESULT: {"using":"css selector","value":"input[id=\"generalSectionFrg--receiveYard-inner\"]"}
COMMAND: POST /session/0631827be0a93fac797ef22e97364bed/element/f.1195843739892CF439726866CA7D4ED2.d.8790B7E83BFC4DC64D24498255BFDD9A.e.8155/clear - {}
RESULT: {}
COMMAND: POST /session/0631827be0a93fac797ef22e97364bed/element/f.1195843739892CF439726866CA7D4ED2.d.8790B7E83BFC4DC64D24498255BFDD9A.e.8155/value - {"text":"465"}
COMMAND: GET /session/0631827be0a93fac797ef22e97364bed/screenshot - {}
RESULT: {"text":"465"}
COMMAND: GET /session/0631827be0a93fac797ef22e97364bed/screenshot - {}
RESULT: {}
RESULT: {}
COMMAND: POST /session/0631827be0a93fac797ef22e97364bed/element - {"using":"css selector","value":"#application-managehandovers-display-component---AddNewHO--dueDate-inner"}
RESULT: {"using":"css selector","value":"#application-managehandovers-display-component---AddNewHO--dueDate-inner"}
COMMAND: POST /session/0631827be0a93fac797ef22e97364bed/element/f.1195843739892CF439726866CA7D4ED2.d.8790B7E83BFC4DC64D24498255BFDD9A.e.8149/clear - {}
RESULT: {}
COMMAND: POST /session/0631827be0a93fac797ef22e97364bed/element/f.1195843739892CF439726866CA7D4ED2.d.8790B7E83BFC4DC64D24498255BFDD9A.e.8149/value - {"text":"4/30/25"}
COMMAND: GET /session/0631827be0a93fac797ef22e97364bed/screenshot - {}
RESULT: {"text":"4/30/25"}
COMMAND: GET /session/0631827be0a93fac797ef22e97364bed/screenshot - {}
RESULT: {}
RESULT: {}
COMMAND: POST /session/0631827be0a93fac797ef22e97364bed/element - {"using":"xpath","value":"//bdi[(text() = 'Items' or . = 'Items')]"}
RESULT: {"using":"xpath","value":"//bdi[(text() = 'Items' or . = 'Items')]"}
COMMAND: POST /session/0631827be0a93fac797ef22e97364bed/element/f.1195843739892CF439726866CA7D4ED2.d.8790B7E83BFC4DC64D24498255BFDD9A.e.8172/click - {}
RESULT: {}
COMMAND: GET /session/0631827be0a93fac797ef22e97364bed/screenshot - {}
RESULT: {}
COMMAND: POST /session/0631827be0a93fac797ef22e97364bed/element - {"using":"xpath","value":"//button[@aria-label=\"Add\"]"}
RESULT: {"using":"xpath","value":"//button[@aria-label=\"Add\"]"}
COMMAND: POST /session/0631827be0a93fac797ef22e97364bed/element/f.1195843739892CF439726866CA7D4ED2.d.8790B7E83BFC4DC64D24498255BFDD9A.e.8177/click - {}
RESULT: {}
COMMAND: GET /session/0631827be0a93fac797ef22e97364bed/screenshot - {}
RESULT: {}
COMMAND: POST /session/0631827be0a93fac797ef22e97364bed/element - {"using":"css selector","value":"input[id= \"application-managehandovers-display-component---AddNewHO--smartFilterBar-btnBasicSearch-I\"]"}
RESULT: {"using":"css selector","value":"input[id= \"application-managehandovers-display-component---AddNewHO--smartFilterBar-btnBasicSearch-I\"]"}
COMMAND: POST /session/0631827be0a93fac797ef22e97364bed/element/f.1195843739892CF439726866CA7D4ED2.d.8790B7E83BFC4DC64D24498255BFDD9A.e.8180/clear - {}
RESULT: {}
COMMAND: POST /session/0631827be0a93fac797ef22e97364bed/element/f.1195843739892CF439726866CA7D4ED2.d.8790B7E83BFC4DC64D24498255BFDD9A.e.8180/value - {"text":"200246"}
COMMAND: GET /session/0631827be0a93fac797ef22e97364bed/screenshot - {}
RESULT: {"text":"200246"}
COMMAND: POST /session/0631827be0a93fac797ef22e97364bed/actions - {"actions":[{"id":"action30","type":"key","parameters":{},"actions":[{"type":"keyDown","value":"î€‡"},{"type":"pause","duration":10},{"type":"keyUp","value":"î€‡"}]}]}
COMMAND: GET /session/0631827be0a93fac797ef22e97364bed/screenshot - {}
RESULT: {}
RESULT: {"actions":[{"id":"action30","type":"key","parameters":{},"actions":[{"type":"keyDown","value":"î€‡"},{"type":"pause","duration":10},{"type":"keyUp","value":"î€‡"}]}]}
COMMAND: POST /session/0631827be0a93fac797ef22e97364bed/element - {"using":"css selector","value":"div[id= \"application-managehandovers-display-component---AddNewHO--smartFilterBar-btnBasicSearch-search\"]"}
COMMAND: GET /session/0631827be0a93fac797ef22e97364bed/screenshot - {}
RESULT: {}
RESULT: {"using":"css selector","value":"div[id= \"application-managehandovers-display-component---AddNewHO--smartFilterBar-btnBasicSearch-search\"]"}
COMMAND: POST /session/0631827be0a93fac797ef22e97364bed/element/f.1195843739892CF439726866CA7D4ED2.d.8790B7E83BFC4DC64D24498255BFDD9A.e.8330/click - {}
RESULT: {}
RESULT: {}
COMMAND: GET /session/0631827be0a93fac797ef22e97364bed/screenshot - {}
RESULT: {}
COMMAND: POST /session/0631827be0a93fac797ef22e97364bed/element - {"using":"css selector","value":"div[id= \"application-managehandovers-display-component---AddNewHO--popup-sa-CbBg\"]"}
RESULT: {"using":"css selector","value":"div[id= \"application-managehandovers-display-component---AddNewHO--popup-sa-CbBg\"]"}
COMMAND: POST /session/0631827be0a93fac797ef22e97364bed/element/f.1195843739892CF439726866CA7D4ED2.d.8790B7E83BFC4DC64D24498255BFDD9A.e.8331/click - {}
RESULT: {}
COMMAND: GET /session/0631827be0a93fac797ef22e97364bed/screenshot - {}
RESULT: {}
COMMAND: POST /session/0631827be0a93fac797ef22e97364bed/element - {"using":"xpath","value":"//bdi[(text() = 'Select' or . = 'Select')]"}
RESULT: {"using":"xpath","value":"//bdi[(text() = 'Select' or . = 'Select')]"}
COMMAND: POST /session/0631827be0a93fac797ef22e97364bed/element/f.1195843739892CF439726866CA7D4ED2.d.8790B7E83BFC4DC64D24498255BFDD9A.e.8332/click - {}
RESULT: {}
COMMAND: GET /session/0631827be0a93fac797ef22e97364bed/screenshot - {}
RESULT: {}
COMMAND: POST /session/0631827be0a93fac797ef22e97364bed/execute/async - {"script":"<script> [1562 bytes]","args":[{"selector":{"controlType":"sap.m.Input","viewName":"etm.portal.ui.managehandovers.view.AddNewHO","viewId":"application-managehandovers-display-component---AddNewHO","bindingPath":{"path":"/items/0","propertyPath":"TYPE","modelName":"hoItemsModel"},"interaction":{"idSuffix":"inner"}},"wdio_ui5_key":"etmportal.ui.managehandovers.view.AddNewHOsap.m.Input{\"path\":\"/items/0\",\"propertyPath\":\"TYPE\",\"modelName\":\"hoItemsModel\"}"}]}
RESULT: {"script":"<script> [1562 bytes]","args":[{"selector":{"controlType":"sap.m.Input","viewName":"etm.portal.ui.managehandovers.view.AddNewHO","viewId":"application-managehandovers-display-component---AddNewHO","bindingPath":{"path":"/items/0","propertyPath":"TYPE","modelName":"hoItemsModel"},"interaction":{"idSuffix":"inner"}},"wdio_ui5_key":"etmportal.ui.managehandovers.view.AddNewHOsap.m.Input{\"path\":\"/items/0\",\"propertyPath\":\"TYPE\",\"modelName\":\"hoItemsModel\"}"}]}
RESULT: undefined
COMMAND: POST /session/0631827be0a93fac797ef22e97364bed/execute/async - {"script":"<script> [776 bytes]","args":[{"enterText":"100","selector":{"controlType":"sap.m.Input","viewName":"etm.portal.ui.managehandovers.view.AddNewHO","viewId":"application-managehandovers-display-component---AddNewHO","bindingPath":{"path":"/items/0","propertyPath":"TYPE","modelName":"hoItemsModel"},"interaction":{"idSuffix":"inner"}},"clearTextFirst":true,"interactionType":"ENTER_TEXT"}]}
RESULT: {"script":"<script> [776 bytes]","args":[{"enterText":"100","selector":{"controlType":"sap.m.Input","viewName":"etm.portal.ui.managehandovers.view.AddNewHO","viewId":"application-managehandovers-display-component---AddNewHO","bindingPath":{"path":"/items/0","propertyPath":"TYPE","modelName":"hoItemsModel"},"interaction":{"idSuffix":"inner"}},"clearTextFirst":true,"interactionType":"ENTER_TEXT"}]}
COMMAND: POST /session/0631827be0a93fac797ef22e97364bed/element - {"using":"xpath","value":"//bdi[(text() = 'Save' or . = 'Save')]"}
RESULT: {"using":"xpath","value":"//bdi[(text() = 'Save' or . = 'Save')]"}
COMMAND: POST /session/0631827be0a93fac797ef22e97364bed/element/f.1195843739892CF439726866CA7D4ED2.d.8790B7E83BFC4DC64D24498255BFDD9A.e.8337/click - {}
RESULT: {}
COMMAND: GET /session/0631827be0a93fac797ef22e97364bed/screenshot - {}
RESULT: {}
COMMAND: POST /session/0631827be0a93fac797ef22e97364bed/element - {"using":"xpath","value":"//input[contains(@id ,\"receiptDatePicker-inner\")]"}
RESULT: {"using":"xpath","value":"//input[contains(@id ,\"receiptDatePicker-inner\")]"}
COMMAND: POST /session/0631827be0a93fac797ef22e97364bed/element/f.1195843739892CF439726866CA7D4ED2.d.8790B7E83BFC4DC64D24498255BFDD9A.e.8366/click - {}
RESULT: {}
COMMAND: POST /session/0631827be0a93fac797ef22e97364bed/element - {"using":"xpath","value":"//input[contains(@id ,\"receiptDatePicker-inner\")]"}
COMMAND: GET /session/0631827be0a93fac797ef22e97364bed/screenshot - {}
RESULT: {"using":"xpath","value":"//input[contains(@id ,\"receiptDatePicker-inner\")]"}
COMMAND: POST /session/0631827be0a93fac797ef22e97364bed/element/f.1195843739892CF439726866CA7D4ED2.d.8790B7E83BFC4DC64D24498255BFDD9A.e.8366/clear - {}
RESULT: {}
RESULT: {}
COMMAND: POST /session/0631827be0a93fac797ef22e97364bed/element/f.1195843739892CF439726866CA7D4ED2.d.8790B7E83BFC4DC64D24498255BFDD9A.e.8366/value - {"text":"4/30/25"}
COMMAND: GET /session/0631827be0a93fac797ef22e97364bed/screenshot - {}
RESULT: {"text":"4/30/25"}
COMMAND: GET /session/0631827be0a93fac797ef22e97364bed/screenshot - {}
RESULT: {}
RESULT: {}
COMMAND: POST /session/0631827be0a93fac797ef22e97364bed/element - {"using":"xpath","value":"//bdi[text()='Save']"}
RESULT: {"using":"xpath","value":"//bdi[text()='Save']"}
COMMAND: GET /session/0631827be0a93fac797ef22e97364bed/element/f.1195843739892CF439726866CA7D4ED2.d.8790B7E83BFC4DC64D24498255BFDD9A.e.8337/enabled - {}
RESULT: {}
COMMAND: POST /session/0631827be0a93fac797ef22e97364bed/execute/sync - {"script":"<script> [8489 bytes]","args":[{"element-6066-11e4-a52e-4f735466cecf":"f.1195843739892CF439726866CA7D4ED2.d.8790B7E83BFC4DC64D24498255BFDD9A.e.8337","ELEMENT":"f.1195843739892CF439726866CA7D4ED2.d.8790B7E83BFC4DC64D24498255BFDD9A.e.8337"}]}
COMMAND: GET /session/0631827be0a93fac797ef22e97364bed/screenshot - {}
RESULT: {"script":"<script> [8489 bytes]","args":[{"element-6066-11e4-a52e-4f735466cecf":"f.1195843739892CF439726866CA7D4ED2.d.8790B7E83BFC4DC64D24498255BFDD9A.e.8337","ELEMENT":"f.1195843739892CF439726866CA7D4ED2.d.8790B7E83BFC4DC64D24498255BFDD9A.e.8337"}]}
COMMAND: GET /session/0631827be0a93fac797ef22e97364bed/screenshot - {}
RESULT: {}
COMMAND: POST /session/0631827be0a93fac797ef22e97364bed/execute/sync - {"script":"<script> [8489 bytes]","args":[{"element-6066-11e4-a52e-4f735466cecf":"f.1195843739892CF439726866CA7D4ED2.d.8790B7E83BFC4DC64D24498255BFDD9A.e.8337","ELEMENT":"f.1195843739892CF439726866CA7D4ED2.d.8790B7E83BFC4DC64D24498255BFDD9A.e.8337"}]}
RESULT: {}
RESULT: {"script":"<script> [8489 bytes]","args":[{"element-6066-11e4-a52e-4f735466cecf":"f.1195843739892CF439726866CA7D4ED2.d.8790B7E83BFC4DC64D24498255BFDD9A.e.8337","ELEMENT":"f.1195843739892CF439726866CA7D4ED2.d.8790B7E83BFC4DC64D24498255BFDD9A.e.8337"}]}
COMMAND: GET /session/0631827be0a93fac797ef22e97364bed/screenshot - {}
COMMAND: POST /session/0631827be0a93fac797ef22e97364bed/execute/sync - {"script":"<script> [8489 bytes]","args":[{"element-6066-11e4-a52e-4f735466cecf":"f.1195843739892CF439726866CA7D4ED2.d.8790B7E83BFC4DC64D24498255BFDD9A.e.8337","ELEMENT":"f.1195843739892CF439726866CA7D4ED2.d.8790B7E83BFC4DC64D24498255BFDD9A.e.8337"}]}
RESULT: {}
RESULT: {"script":"<script> [8489 bytes]","args":[{"element-6066-11e4-a52e-4f735466cecf":"f.1195843739892CF439726866CA7D4ED2.d.8790B7E83BFC4DC64D24498255BFDD9A.e.8337","ELEMENT":"f.1195843739892CF439726866CA7D4ED2.d.8790B7E83BFC4DC64D24498255BFDD9A.e.8337"}]}
COMMAND: GET /session/0631827be0a93fac797ef22e97364bed/screenshot - {}
RESULT: {}
COMMAND: POST /session/0631827be0a93fac797ef22e97364bed/execute/sync - {"script":"<script> [8489 bytes]","args":[{"element-6066-11e4-a52e-4f735466cecf":"f.1195843739892CF439726866CA7D4ED2.d.8790B7E83BFC4DC64D24498255BFDD9A.e.8337","ELEMENT":"f.1195843739892CF439726866CA7D4ED2.d.8790B7E83BFC4DC64D24498255BFDD9A.e.8337"}]}
RESULT: {"script":"<script> [8489 bytes]","args":[{"element-6066-11e4-a52e-4f735466cecf":"f.1195843739892CF439726866CA7D4ED2.d.8790B7E83BFC4DC64D24498255BFDD9A.e.8337","ELEMENT":"f.1195843739892CF439726866CA7D4ED2.d.8790B7E83BFC4DC64D24498255BFDD9A.e.8337"}]}
COMMAND: GET /session/0631827be0a93fac797ef22e97364bed/screenshot - {}
RESULT: {}
COMMAND: POST /session/0631827be0a93fac797ef22e97364bed/execute/sync - {"script":"<script> [8489 bytes]","args":[{"element-6066-11e4-a52e-4f735466cecf":"f.1195843739892CF439726866CA7D4ED2.d.8790B7E83BFC4DC64D24498255BFDD9A.e.8337","ELEMENT":"f.1195843739892CF439726866CA7D4ED2.d.8790B7E83BFC4DC64D24498255BFDD9A.e.8337"}]}
RESULT: {"script":"<script> [8489 bytes]","args":[{"element-6066-11e4-a52e-4f735466cecf":"f.1195843739892CF439726866CA7D4ED2.d.8790B7E83BFC4DC64D24498255BFDD9A.e.8337","ELEMENT":"f.1195843739892CF439726866CA7D4ED2.d.8790B7E83BFC4DC64D24498255BFDD9A.e.8337"}]}
COMMAND: GET /session/0631827be0a93fac797ef22e97364bed/screenshot - {}
RESULT: {}
COMMAND: POST /session/0631827be0a93fac797ef22e97364bed/execute/sync - {"script":"<script> [8489 bytes]","args":[{"element-6066-11e4-a52e-4f735466cecf":"f.1195843739892CF439726866CA7D4ED2.d.8790B7E83BFC4DC64D24498255BFDD9A.e.8337","ELEMENT":"f.1195843739892CF439726866CA7D4ED2.d.8790B7E83BFC4DC64D24498255BFDD9A.e.8337"}]}
RESULT: {"script":"<script> [8489 bytes]","args":[{"element-6066-11e4-a52e-4f735466cecf":"f.1195843739892CF439726866CA7D4ED2.d.8790B7E83BFC4DC64D24498255BFDD9A.e.8337","ELEMENT":"f.1195843739892CF439726866CA7D4ED2.d.8790B7E83BFC4DC64D24498255BFDD9A.e.8337"}]}
COMMAND: GET /session/0631827be0a93fac797ef22e97364bed/screenshot - {}
RESULT: {}
COMMAND: POST /session/0631827be0a93fac797ef22e97364bed/execute/sync - {"script":"<script> [8489 bytes]","args":[{"element-6066-11e4-a52e-4f735466cecf":"f.1195843739892CF439726866CA7D4ED2.d.8790B7E83BFC4DC64D24498255BFDD9A.e.8337","ELEMENT":"f.1195843739892CF439726866CA7D4ED2.d.8790B7E83BFC4DC64D24498255BFDD9A.e.8337"}]}
RESULT: {"script":"<script> [8489 bytes]","args":[{"element-6066-11e4-a52e-4f735466cecf":"f.1195843739892CF439726866CA7D4ED2.d.8790B7E83BFC4DC64D24498255BFDD9A.e.8337","ELEMENT":"f.1195843739892CF439726866CA7D4ED2.d.8790B7E83BFC4DC64D24498255BFDD9A.e.8337"}]}
COMMAND: GET /session/0631827be0a93fac797ef22e97364bed/screenshot - {}
RESULT: {}
COMMAND: POST /session/0631827be0a93fac797ef22e97364bed/execute/sync - {"script":"<script> [8489 bytes]","args":[{"element-6066-11e4-a52e-4f735466cecf":"f.1195843739892CF439726866CA7D4ED2.d.8790B7E83BFC4DC64D24498255BFDD9A.e.8337","ELEMENT":"f.1195843739892CF439726866CA7D4ED2.d.8790B7E83BFC4DC64D24498255BFDD9A.e.8337"}]}
RESULT: {"script":"<script> [8489 bytes]","args":[{"element-6066-11e4-a52e-4f735466cecf":"f.1195843739892CF439726866CA7D4ED2.d.8790B7E83BFC4DC64D24498255BFDD9A.e.8337","ELEMENT":"f.1195843739892CF439726866CA7D4ED2.d.8790B7E83BFC4DC64D24498255BFDD9A.e.8337"}]}
COMMAND: GET /session/0631827be0a93fac797ef22e97364bed/screenshot - {}
RESULT: {}
COMMAND: POST /session/0631827be0a93fac797ef22e97364bed/execute/sync - {"script":"<script> [8489 bytes]","args":[{"element-6066-11e4-a52e-4f735466cecf":"f.1195843739892CF439726866CA7D4ED2.d.8790B7E83BFC4DC64D24498255BFDD9A.e.8337","ELEMENT":"f.1195843739892CF439726866CA7D4ED2.d.8790B7E83BFC4DC64D24498255BFDD9A.e.8337"}]}
RESULT: {"script":"<script> [8489 bytes]","args":[{"element-6066-11e4-a52e-4f735466cecf":"f.1195843739892CF439726866CA7D4ED2.d.8790B7E83BFC4DC64D24498255BFDD9A.e.8337","ELEMENT":"f.1195843739892CF439726866CA7D4ED2.d.8790B7E83BFC4DC64D24498255BFDD9A.e.8337"}]}
COMMAND: GET /session/0631827be0a93fac797ef22e97364bed/screenshot - {}
RESULT: {}
COMMAND: POST /session/0631827be0a93fac797ef22e97364bed/execute/sync - {"script":"<script> [8489 bytes]","args":[{"element-6066-11e4-a52e-4f735466cecf":"f.1195843739892CF439726866CA7D4ED2.d.8790B7E83BFC4DC64D24498255BFDD9A.e.8337","ELEMENT":"f.1195843739892CF439726866CA7D4ED2.d.8790B7E83BFC4DC64D24498255BFDD9A.e.8337"}]}
RESULT: {"script":"<script> [8489 bytes]","args":[{"element-6066-11e4-a52e-4f735466cecf":"f.1195843739892CF439726866CA7D4ED2.d.8790B7E83BFC4DC64D24498255BFDD9A.e.8337","ELEMENT":"f.1195843739892CF439726866CA7D4ED2.d.8790B7E83BFC4DC64D24498255BFDD9A.e.8337"}]}
COMMAND: GET /session/0631827be0a93fac797ef22e97364bed/screenshot - {}
RESULT: {}
COMMAND: POST /session/0631827be0a93fac797ef22e97364bed/execute/sync - {"script":"<script> [8489 bytes]","args":[{"element-6066-11e4-a52e-4f735466cecf":"f.1195843739892CF439726866CA7D4ED2.d.8790B7E83BFC4DC64D24498255BFDD9A.e.8337","ELEMENT":"f.1195843739892CF439726866CA7D4ED2.d.8790B7E83BFC4DC64D24498255BFDD9A.e.8337"}]}
RESULT: {"script":"<script> [8489 bytes]","args":[{"element-6066-11e4-a52e-4f735466cecf":"f.1195843739892CF439726866CA7D4ED2.d.8790B7E83BFC4DC64D24498255BFDD9A.e.8337","ELEMENT":"f.1195843739892CF439726866CA7D4ED2.d.8790B7E83BFC4DC64D24498255BFDD9A.e.8337"}]}
COMMAND: GET /session/0631827be0a93fac797ef22e97364bed/screenshot - {}
RESULT: {}
COMMAND: POST /session/0631827be0a93fac797ef22e97364bed/execute/sync - {"script":"<script> [8489 bytes]","args":[{"element-6066-11e4-a52e-4f735466cecf":"f.1195843739892CF439726866CA7D4ED2.d.8790B7E83BFC4DC64D24498255BFDD9A.e.8337","ELEMENT":"f.1195843739892CF439726866CA7D4ED2.d.8790B7E83BFC4DC64D24498255BFDD9A.e.8337"}]}
RESULT: {"script":"<script> [8489 bytes]","args":[{"element-6066-11e4-a52e-4f735466cecf":"f.1195843739892CF439726866CA7D4ED2.d.8790B7E83BFC4DC64D24498255BFDD9A.e.8337","ELEMENT":"f.1195843739892CF439726866CA7D4ED2.d.8790B7E83BFC4DC64D24498255BFDD9A.e.8337"}]}
COMMAND: GET /session/0631827be0a93fac797ef22e97364bed/screenshot - {}
RESULT: {}
COMMAND: POST /session/0631827be0a93fac797ef22e97364bed/execute/sync - {"script":"<script> [8489 bytes]","args":[{"element-6066-11e4-a52e-4f735466cecf":"f.1195843739892CF439726866CA7D4ED2.d.8790B7E83BFC4DC64D24498255BFDD9A.e.8337","ELEMENT":"f.1195843739892CF439726866CA7D4ED2.d.8790B7E83BFC4DC64D24498255BFDD9A.e.8337"}]}
RESULT: {"script":"<script> [8489 bytes]","args":[{"element-6066-11e4-a52e-4f735466cecf":"f.1195843739892CF439726866CA7D4ED2.d.8790B7E83BFC4DC64D24498255BFDD9A.e.8337","ELEMENT":"f.1195843739892CF439726866CA7D4ED2.d.8790B7E83BFC4DC64D24498255BFDD9A.e.8337"}]}
COMMAND: GET /session/0631827be0a93fac797ef22e97364bed/screenshot - {}
RESULT: {}
COMMAND: POST /session/0631827be0a93fac797ef22e97364bed/execute/sync - {"script":"<script> [8489 bytes]","args":[{"element-6066-11e4-a52e-4f735466cecf":"f.1195843739892CF439726866CA7D4ED2.d.8790B7E83BFC4DC64D24498255BFDD9A.e.8337","ELEMENT":"f.1195843739892CF439726866CA7D4ED2.d.8790B7E83BFC4DC64D24498255BFDD9A.e.8337"}]}
RESULT: {"script":"<script> [8489 bytes]","args":[{"element-6066-11e4-a52e-4f735466cecf":"f.1195843739892CF439726866CA7D4ED2.d.8790B7E83BFC4DC64D24498255BFDD9A.e.8337","ELEMENT":"f.1195843739892CF439726866CA7D4ED2.d.8790B7E83BFC4DC64D24498255BFDD9A.e.8337"}]}
COMMAND: GET /session/0631827be0a93fac797ef22e97364bed/screenshot - {}
RESULT: {}
COMMAND: POST /session/0631827be0a93fac797ef22e97364bed/execute/sync - {"script":"<script> [8489 bytes]","args":[{"element-6066-11e4-a52e-4f735466cecf":"f.1195843739892CF439726866CA7D4ED2.d.8790B7E83BFC4DC64D24498255BFDD9A.e.8337","ELEMENT":"f.1195843739892CF439726866CA7D4ED2.d.8790B7E83BFC4DC64D24498255BFDD9A.e.8337"}]}
RESULT: {"script":"<script> [8489 bytes]","args":[{"element-6066-11e4-a52e-4f735466cecf":"f.1195843739892CF439726866CA7D4ED2.d.8790B7E83BFC4DC64D24498255BFDD9A.e.8337","ELEMENT":"f.1195843739892CF439726866CA7D4ED2.d.8790B7E83BFC4DC64D24498255BFDD9A.e.8337"}]}
COMMAND: GET /session/0631827be0a93fac797ef22e97364bed/screenshot - {}
RESULT: {}
COMMAND: POST /session/0631827be0a93fac797ef22e97364bed/execute/sync - {"script":"<script> [8489 bytes]","args":[{"element-6066-11e4-a52e-4f735466cecf":"f.1195843739892CF439726866CA7D4ED2.d.8790B7E83BFC4DC64D24498255BFDD9A.e.8337","ELEMENT":"f.1195843739892CF439726866CA7D4ED2.d.8790B7E83BFC4DC64D24498255BFDD9A.e.8337"}]}
RESULT: {"script":"<script> [8489 bytes]","args":[{"element-6066-11e4-a52e-4f735466cecf":"f.1195843739892CF439726866CA7D4ED2.d.8790B7E83BFC4DC64D24498255BFDD9A.e.8337","ELEMENT":"f.1195843739892CF439726866CA7D4ED2.d.8790B7E83BFC4DC64D24498255BFDD9A.e.8337"}]}
COMMAND: GET /session/0631827be0a93fac797ef22e97364bed/screenshot - {}
RESULT: {}
COMMAND: POST /session/0631827be0a93fac797ef22e97364bed/execute/sync - {"script":"<script> [8489 bytes]","args":[{"element-6066-11e4-a52e-4f735466cecf":"f.1195843739892CF439726866CA7D4ED2.d.8790B7E83BFC4DC64D24498255BFDD9A.e.8337","ELEMENT":"f.1195843739892CF439726866CA7D4ED2.d.8790B7E83BFC4DC64D24498255BFDD9A.e.8337"}]}
RESULT: {"script":"<script> [8489 bytes]","args":[{"element-6066-11e4-a52e-4f735466cecf":"f.1195843739892CF439726866CA7D4ED2.d.8790B7E83BFC4DC64D24498255BFDD9A.e.8337","ELEMENT":"f.1195843739892CF439726866CA7D4ED2.d.8790B7E83BFC4DC64D24498255BFDD9A.e.8337"}]}
COMMAND: GET /session/0631827be0a93fac797ef22e97364bed/screenshot - {}
RESULT: {}
COMMAND: POST /session/0631827be0a93fac797ef22e97364bed/execute/sync - {"script":"<script> [8489 bytes]","args":[{"element-6066-11e4-a52e-4f735466cecf":"f.1195843739892CF439726866CA7D4ED2.d.8790B7E83BFC4DC64D24498255BFDD9A.e.8337","ELEMENT":"f.1195843739892CF439726866CA7D4ED2.d.8790B7E83BFC4DC64D24498255BFDD9A.e.8337"}]}
RESULT: {"script":"<script> [8489 bytes]","args":[{"element-6066-11e4-a52e-4f735466cecf":"f.1195843739892CF439726866CA7D4ED2.d.8790B7E83BFC4DC64D24498255BFDD9A.e.8337","ELEMENT":"f.1195843739892CF439726866CA7D4ED2.d.8790B7E83BFC4DC64D24498255BFDD9A.e.8337"}]}
COMMAND: GET /session/0631827be0a93fac797ef22e97364bed/screenshot - {}
RESULT: {}
COMMAND: POST /session/0631827be0a93fac797ef22e97364bed/execute/sync - {"script":"<script> [8489 bytes]","args":[{"element-6066-11e4-a52e-4f735466cecf":"f.1195843739892CF439726866CA7D4ED2.d.8790B7E83BFC4DC64D24498255BFDD9A.e.8337","ELEMENT":"f.1195843739892CF439726866CA7D4ED2.d.8790B7E83BFC4DC64D24498255BFDD9A.e.8337"}]}
RESULT: {"script":"<script> [8489 bytes]","args":[{"element-6066-11e4-a52e-4f735466cecf":"f.1195843739892CF439726866CA7D4ED2.d.8790B7E83BFC4DC64D24498255BFDD9A.e.8337","ELEMENT":"f.1195843739892CF439726866CA7D4ED2.d.8790B7E83BFC4DC64D24498255BFDD9A.e.8337"}]}
COMMAND: GET /session/0631827be0a93fac797ef22e97364bed/screenshot - {}
RESULT: {}
COMMAND: POST /session/0631827be0a93fac797ef22e97364bed/execute/sync - {"script":"<script> [8489 bytes]","args":[{"element-6066-11e4-a52e-4f735466cecf":"f.1195843739892CF439726866CA7D4ED2.d.8790B7E83BFC4DC64D24498255BFDD9A.e.8337","ELEMENT":"f.1195843739892CF439726866CA7D4ED2.d.8790B7E83BFC4DC64D24498255BFDD9A.e.8337"}]}
RESULT: {"script":"<script> [8489 bytes]","args":[{"element-6066-11e4-a52e-4f735466cecf":"f.1195843739892CF439726866CA7D4ED2.d.8790B7E83BFC4DC64D24498255BFDD9A.e.8337","ELEMENT":"f.1195843739892CF439726866CA7D4ED2.d.8790B7E83BFC4DC64D24498255BFDD9A.e.8337"}]}
COMMAND: GET /session/0631827be0a93fac797ef22e97364bed/screenshot - {}
RESULT: {}
COMMAND: POST /session/0631827be0a93fac797ef22e97364bed/execute/sync - {"script":"<script> [8489 bytes]","args":[{"element-6066-11e4-a52e-4f735466cecf":"f.1195843739892CF439726866CA7D4ED2.d.8790B7E83BFC4DC64D24498255BFDD9A.e.8337","ELEMENT":"f.1195843739892CF439726866CA7D4ED2.d.8790B7E83BFC4DC64D24498255BFDD9A.e.8337"}]}
RESULT: {"script":"<script> [8489 bytes]","args":[{"element-6066-11e4-a52e-4f735466cecf":"f.1195843739892CF439726866CA7D4ED2.d.8790B7E83BFC4DC64D24498255BFDD9A.e.8337","ELEMENT":"f.1195843739892CF439726866CA7D4ED2.d.8790B7E83BFC4DC64D24498255BFDD9A.e.8337"}]}
COMMAND: GET /session/0631827be0a93fac797ef22e97364bed/screenshot - {}
RESULT: {}
COMMAND: POST /session/0631827be0a93fac797ef22e97364bed/execute/sync - {"script":"<script> [8489 bytes]","args":[{"element-6066-11e4-a52e-4f735466cecf":"f.1195843739892CF439726866CA7D4ED2.d.8790B7E83BFC4DC64D24498255BFDD9A.e.8337","ELEMENT":"f.1195843739892CF439726866CA7D4ED2.d.8790B7E83BFC4DC64D24498255BFDD9A.e.8337"}]}
RESULT: {"script":"<script> [8489 bytes]","args":[{"element-6066-11e4-a52e-4f735466cecf":"f.1195843739892CF439726866CA7D4ED2.d.8790B7E83BFC4DC64D24498255BFDD9A.e.8337","ELEMENT":"f.1195843739892CF439726866CA7D4ED2.d.8790B7E83BFC4DC64D24498255BFDD9A.e.8337"}]}
COMMAND: GET /session/0631827be0a93fac797ef22e97364bed/screenshot - {}
COMMAND: POST /session/0631827be0a93fac797ef22e97364bed/execute/sync - {"script":"<script> [8489 bytes]","args":[{"element-6066-11e4-a52e-4f735466cecf":"f.1195843739892CF439726866CA7D4ED2.d.8790B7E83BFC4DC64D24498255BFDD9A.e.8337","ELEMENT":"f.1195843739892CF439726866CA7D4ED2.d.8790B7E83BFC4DC64D24498255BFDD9A.e.8337"}]}
RESULT: {}
RESULT: {"script":"<script> [8489 bytes]","args":[{"element-6066-11e4-a52e-4f735466cecf":"f.1195843739892CF439726866CA7D4ED2.d.8790B7E83BFC4DC64D24498255BFDD9A.e.8337","ELEMENT":"f.1195843739892CF439726866CA7D4ED2.d.8790B7E83BFC4DC64D24498255BFDD9A.e.8337"}]}
COMMAND: GET /session/0631827be0a93fac797ef22e97364bed/screenshot - {}
RESULT: {}
COMMAND: POST /session/0631827be0a93fac797ef22e97364bed/execute/sync - {"script":"<script> [8489 bytes]","args":[{"element-6066-11e4-a52e-4f735466cecf":"f.1195843739892CF439726866CA7D4ED2.d.8790B7E83BFC4DC64D24498255BFDD9A.e.8337","ELEMENT":"f.1195843739892CF439726866CA7D4ED2.d.8790B7E83BFC4DC64D24498255BFDD9A.e.8337"}]}
RESULT: {"script":"<script> [8489 bytes]","args":[{"element-6066-11e4-a52e-4f735466cecf":"f.1195843739892CF439726866CA7D4ED2.d.8790B7E83BFC4DC64D24498255BFDD9A.e.8337","ELEMENT":"f.1195843739892CF439726866CA7D4ED2.d.8790B7E83BFC4DC64D24498255BFDD9A.e.8337"}]}
COMMAND: GET /session/0631827be0a93fac797ef22e97364bed/screenshot - {}
RESULT: {}
COMMAND: POST /session/0631827be0a93fac797ef22e97364bed/execute/sync - {"script":"<script> [8489 bytes]","args":[{"element-6066-11e4-a52e-4f735466cecf":"f.1195843739892CF439726866CA7D4ED2.d.8790B7E83BFC4DC64D24498255BFDD9A.e.8337","ELEMENT":"f.1195843739892CF439726866CA7D4ED2.d.8790B7E83BFC4DC64D24498255BFDD9A.e.8337"}]}
RESULT: {"script":"<script> [8489 bytes]","args":[{"element-6066-11e4-a52e-4f735466cecf":"f.1195843739892CF439726866CA7D4ED2.d.8790B7E83BFC4DC64D24498255BFDD9A.e.8337","ELEMENT":"f.1195843739892CF439726866CA7D4ED2.d.8790B7E83BFC4DC64D24498255BFDD9A.e.8337"}]}
COMMAND: GET /session/0631827be0a93fac797ef22e97364bed/screenshot - {}
RESULT: {}
COMMAND: POST /session/0631827be0a93fac797ef22e97364bed/execute/sync - {"script":"<script> [8489 bytes]","args":[{"element-6066-11e4-a52e-4f735466cecf":"f.1195843739892CF439726866CA7D4ED2.d.8790B7E83BFC4DC64D24498255BFDD9A.e.8337","ELEMENT":"f.1195843739892CF439726866CA7D4ED2.d.8790B7E83BFC4DC64D24498255BFDD9A.e.8337"}]}
RESULT: {"script":"<script> [8489 bytes]","args":[{"element-6066-11e4-a52e-4f735466cecf":"f.1195843739892CF439726866CA7D4ED2.d.8790B7E83BFC4DC64D24498255BFDD9A.e.8337","ELEMENT":"f.1195843739892CF439726866CA7D4ED2.d.8790B7E83BFC4DC64D24498255BFDD9A.e.8337"}]}
COMMAND: GET /session/0631827be0a93fac797ef22e97364bed/screenshot - {}
RESULT: {}
COMMAND: POST /session/0631827be0a93fac797ef22e97364bed/execute/sync - {"script":"<script> [8489 bytes]","args":[{"element-6066-11e4-a52e-4f735466cecf":"f.1195843739892CF439726866CA7D4ED2.d.8790B7E83BFC4DC64D24498255BFDD9A.e.8337","ELEMENT":"f.1195843739892CF439726866CA7D4ED2.d.8790B7E83BFC4DC64D24498255BFDD9A.e.8337"}]}
RESULT: {"script":"<script> [8489 bytes]","args":[{"element-6066-11e4-a52e-4f735466cecf":"f.1195843739892CF439726866CA7D4ED2.d.8790B7E83BFC4DC64D24498255BFDD9A.e.8337","ELEMENT":"f.1195843739892CF439726866CA7D4ED2.d.8790B7E83BFC4DC64D24498255BFDD9A.e.8337"}]}
COMMAND: GET /session/0631827be0a93fac797ef22e97364bed/screenshot - {}
RESULT: {}
COMMAND: POST /session/0631827be0a93fac797ef22e97364bed/execute/sync - {"script":"<script> [8489 bytes]","args":[{"element-6066-11e4-a52e-4f735466cecf":"f.1195843739892CF439726866CA7D4ED2.d.8790B7E83BFC4DC64D24498255BFDD9A.e.8337","ELEMENT":"f.1195843739892CF439726866CA7D4ED2.d.8790B7E83BFC4DC64D24498255BFDD9A.e.8337"}]}
RESULT: {"script":"<script> [8489 bytes]","args":[{"element-6066-11e4-a52e-4f735466cecf":"f.1195843739892CF439726866CA7D4ED2.d.8790B7E83BFC4DC64D24498255BFDD9A.e.8337","ELEMENT":"f.1195843739892CF439726866CA7D4ED2.d.8790B7E83BFC4DC64D24498255BFDD9A.e.8337"}]}
COMMAND: GET /session/0631827be0a93fac797ef22e97364bed/screenshot - {}
RESULT: {}
COMMAND: POST /session/0631827be0a93fac797ef22e97364bed/execute/sync - {"script":"<script> [8489 bytes]","args":[{"element-6066-11e4-a52e-4f735466cecf":"f.1195843739892CF439726866CA7D4ED2.d.8790B7E83BFC4DC64D24498255BFDD9A.e.8337","ELEMENT":"f.1195843739892CF439726866CA7D4ED2.d.8790B7E83BFC4DC64D24498255BFDD9A.e.8337"}]}
RESULT: {"script":"<script> [8489 bytes]","args":[{"element-6066-11e4-a52e-4f735466cecf":"f.1195843739892CF439726866CA7D4ED2.d.8790B7E83BFC4DC64D24498255BFDD9A.e.8337","ELEMENT":"f.1195843739892CF439726866CA7D4ED2.d.8790B7E83BFC4DC64D24498255BFDD9A.e.8337"}]}
COMMAND: GET /session/0631827be0a93fac797ef22e97364bed/screenshot - {}
RESULT: {}
COMMAND: POST /session/0631827be0a93fac797ef22e97364bed/execute/sync - {"script":"<script> [8489 bytes]","args":[{"element-6066-11e4-a52e-4f735466cecf":"f.1195843739892CF439726866CA7D4ED2.d.8790B7E83BFC4DC64D24498255BFDD9A.e.8337","ELEMENT":"f.1195843739892CF439726866CA7D4ED2.d.8790B7E83BFC4DC64D24498255BFDD9A.e.8337"}]}
RESULT: {"script":"<script> [8489 bytes]","args":[{"element-6066-11e4-a52e-4f735466cecf":"f.1195843739892CF439726866CA7D4ED2.d.8790B7E83BFC4DC64D24498255BFDD9A.e.8337","ELEMENT":"f.1195843739892CF439726866CA7D4ED2.d.8790B7E83BFC4DC64D24498255BFDD9A.e.8337"}]}
COMMAND: GET /session/0631827be0a93fac797ef22e97364bed/screenshot - {}
RESULT: {}
COMMAND: POST /session/0631827be0a93fac797ef22e97364bed/execute/sync - {"script":"<script> [8489 bytes]","args":[{"element-6066-11e4-a52e-4f735466cecf":"f.1195843739892CF439726866CA7D4ED2.d.8790B7E83BFC4DC64D24498255BFDD9A.e.8337","ELEMENT":"f.1195843739892CF439726866CA7D4ED2.d.8790B7E83BFC4DC64D24498255BFDD9A.e.8337"}]}
RESULT: {"script":"<script> [8489 bytes]","args":[{"element-6066-11e4-a52e-4f735466cecf":"f.1195843739892CF439726866CA7D4ED2.d.8790B7E83BFC4DC64D24498255BFDD9A.e.8337","ELEMENT":"f.1195843739892CF439726866CA7D4ED2.d.8790B7E83BFC4DC64D24498255BFDD9A.e.8337"}]}
COMMAND: GET /session/0631827be0a93fac797ef22e97364bed/screenshot - {}
RESULT: {}
COMMAND: POST /session/0631827be0a93fac797ef22e97364bed/execute/sync - {"script":"<script> [8489 bytes]","args":[{"element-6066-11e4-a52e-4f735466cecf":"f.1195843739892CF439726866CA7D4ED2.d.8790B7E83BFC4DC64D24498255BFDD9A.e.8337","ELEMENT":"f.1195843739892CF439726866CA7D4ED2.d.8790B7E83BFC4DC64D24498255BFDD9A.e.8337"}]}
RESULT: {"script":"<script> [8489 bytes]","args":[{"element-6066-11e4-a52e-4f735466cecf":"f.1195843739892CF439726866CA7D4ED2.d.8790B7E83BFC4DC64D24498255BFDD9A.e.8337","ELEMENT":"f.1195843739892CF439726866CA7D4ED2.d.8790B7E83BFC4DC64D24498255BFDD9A.e.8337"}]}
COMMAND: GET /session/0631827be0a93fac797ef22e97364bed/screenshot - {}
RESULT: {}
COMMAND: POST /session/0631827be0a93fac797ef22e97364bed/execute/sync - {"script":"<script> [8489 bytes]","args":[{"element-6066-11e4-a52e-4f735466cecf":"f.1195843739892CF439726866CA7D4ED2.d.8790B7E83BFC4DC64D24498255BFDD9A.e.8337","ELEMENT":"f.1195843739892CF439726866CA7D4ED2.d.8790B7E83BFC4DC64D24498255BFDD9A.e.8337"}]}
RESULT: {"script":"<script> [8489 bytes]","args":[{"element-6066-11e4-a52e-4f735466cecf":"f.1195843739892CF439726866CA7D4ED2.d.8790B7E83BFC4DC64D24498255BFDD9A.e.8337","ELEMENT":"f.1195843739892CF439726866CA7D4ED2.d.8790B7E83BFC4DC64D24498255BFDD9A.e.8337"}]}
COMMAND: GET /session/0631827be0a93fac797ef22e97364bed/screenshot - {}
RESULT: {}
COMMAND: POST /session/0631827be0a93fac797ef22e97364bed/execute/sync - {"script":"<script> [8489 bytes]","args":[{"element-6066-11e4-a52e-4f735466cecf":"f.1195843739892CF439726866CA7D4ED2.d.8790B7E83BFC4DC64D24498255BFDD9A.e.8337","ELEMENT":"f.1195843739892CF439726866CA7D4ED2.d.8790B7E83BFC4DC64D24498255BFDD9A.e.8337"}]}
RESULT: {"script":"<script> [8489 bytes]","args":[{"element-6066-11e4-a52e-4f735466cecf":"f.1195843739892CF439726866CA7D4ED2.d.8790B7E83BFC4DC64D24498255BFDD9A.e.8337","ELEMENT":"f.1195843739892CF439726866CA7D4ED2.d.8790B7E83BFC4DC64D24498255BFDD9A.e.8337"}]}
COMMAND: GET /session/0631827be0a93fac797ef22e97364bed/screenshot - {}
RESULT: {}
COMMAND: POST /session/0631827be0a93fac797ef22e97364bed/execute/sync - {"script":"<script> [8489 bytes]","args":[{"element-6066-11e4-a52e-4f735466cecf":"f.1195843739892CF439726866CA7D4ED2.d.8790B7E83BFC4DC64D24498255BFDD9A.e.8337","ELEMENT":"f.1195843739892CF439726866CA7D4ED2.d.8790B7E83BFC4DC64D24498255BFDD9A.e.8337"}]}
RESULT: {"script":"<script> [8489 bytes]","args":[{"element-6066-11e4-a52e-4f735466cecf":"f.1195843739892CF439726866CA7D4ED2.d.8790B7E83BFC4DC64D24498255BFDD9A.e.8337","ELEMENT":"f.1195843739892CF439726866CA7D4ED2.d.8790B7E83BFC4DC64D24498255BFDD9A.e.8337"}]}
COMMAND: GET /session/0631827be0a93fac797ef22e97364bed/screenshot - {}
RESULT: {}
COMMAND: POST /session/0631827be0a93fac797ef22e97364bed/execute/sync - {"script":"<script> [8489 bytes]","args":[{"element-6066-11e4-a52e-4f735466cecf":"f.1195843739892CF439726866CA7D4ED2.d.8790B7E83BFC4DC64D24498255BFDD9A.e.8337","ELEMENT":"f.1195843739892CF439726866CA7D4ED2.d.8790B7E83BFC4DC64D24498255BFDD9A.e.8337"}]}
RESULT: {"script":"<script> [8489 bytes]","args":[{"element-6066-11e4-a52e-4f735466cecf":"f.1195843739892CF439726866CA7D4ED2.d.8790B7E83BFC4DC64D24498255BFDD9A.e.8337","ELEMENT":"f.1195843739892CF439726866CA7D4ED2.d.8790B7E83BFC4DC64D24498255BFDD9A.e.8337"}]}
COMMAND: GET /session/0631827be0a93fac797ef22e97364bed/screenshot - {}
RESULT: {}
COMMAND: POST /session/0631827be0a93fac797ef22e97364bed/execute/sync - {"script":"<script> [8489 bytes]","args":[{"element-6066-11e4-a52e-4f735466cecf":"f.1195843739892CF439726866CA7D4ED2.d.8790B7E83BFC4DC64D24498255BFDD9A.e.8337","ELEMENT":"f.1195843739892CF439726866CA7D4ED2.d.8790B7E83BFC4DC64D24498255BFDD9A.e.8337"}]}
RESULT: {"script":"<script> [8489 bytes]","args":[{"element-6066-11e4-a52e-4f735466cecf":"f.1195843739892CF439726866CA7D4ED2.d.8790B7E83BFC4DC64D24498255BFDD9A.e.8337","ELEMENT":"f.1195843739892CF439726866CA7D4ED2.d.8790B7E83BFC4DC64D24498255BFDD9A.e.8337"}]}
COMMAND: GET /session/0631827be0a93fac797ef22e97364bed/screenshot - {}
RESULT: {}
COMMAND: POST /session/0631827be0a93fac797ef22e97364bed/execute/sync - {"script":"<script> [8489 bytes]","args":[{"element-6066-11e4-a52e-4f735466cecf":"f.1195843739892CF439726866CA7D4ED2.d.8790B7E83BFC4DC64D24498255BFDD9A.e.8337","ELEMENT":"f.1195843739892CF439726866CA7D4ED2.d.8790B7E83BFC4DC64D24498255BFDD9A.e.8337"}]}
RESULT: {"script":"<script> [8489 bytes]","args":[{"element-6066-11e4-a52e-4f735466cecf":"f.1195843739892CF439726866CA7D4ED2.d.8790B7E83BFC4DC64D24498255BFDD9A.e.8337","ELEMENT":"f.1195843739892CF439726866CA7D4ED2.d.8790B7E83BFC4DC64D24498255BFDD9A.e.8337"}]}
COMMAND: GET /session/0631827be0a93fac797ef22e97364bed/screenshot - {}
COMMAND: POST /session/0631827be0a93fac797ef22e97364bed/execute/sync - {"script":"<script> [8489 bytes]","args":[{"element-6066-11e4-a52e-4f735466cecf":"f.1195843739892CF439726866CA7D4ED2.d.8790B7E83BFC4DC64D24498255BFDD9A.e.8337","ELEMENT":"f.1195843739892CF439726866CA7D4ED2.d.8790B7E83BFC4DC64D24498255BFDD9A.e.8337"}]}
RESULT: {}
RESULT: {"script":"<script> [8489 bytes]","args":[{"element-6066-11e4-a52e-4f735466cecf":"f.1195843739892CF439726866CA7D4ED2.d.8790B7E83BFC4DC64D24498255BFDD9A.e.8337","ELEMENT":"f.1195843739892CF439726866CA7D4ED2.d.8790B7E83BFC4DC64D24498255BFDD9A.e.8337"}]}
COMMAND: GET /session/0631827be0a93fac797ef22e97364bed/screenshot - {}
RESULT: {}
COMMAND: POST /session/0631827be0a93fac797ef22e97364bed/execute/sync - {"script":"<script> [8489 bytes]","args":[{"element-6066-11e4-a52e-4f735466cecf":"f.1195843739892CF439726866CA7D4ED2.d.8790B7E83BFC4DC64D24498255BFDD9A.e.8337","ELEMENT":"f.1195843739892CF439726866CA7D4ED2.d.8790B7E83BFC4DC64D24498255BFDD9A.e.8337"}]}
RESULT: {"script":"<script> [8489 bytes]","args":[{"element-6066-11e4-a52e-4f735466cecf":"f.1195843739892CF439726866CA7D4ED2.d.8790B7E83BFC4DC64D24498255BFDD9A.e.8337","ELEMENT":"f.1195843739892CF439726866CA7D4ED2.d.8790B7E83BFC4DC64D24498255BFDD9A.e.8337"}]}
COMMAND: GET /session/0631827be0a93fac797ef22e97364bed/screenshot - {}
COMMAND: POST /session/0631827be0a93fac797ef22e97364bed/execute/sync - {"script":"<script> [8489 bytes]","args":[{"element-6066-11e4-a52e-4f735466cecf":"f.1195843739892CF439726866CA7D4ED2.d.8790B7E83BFC4DC64D24498255BFDD9A.e.8337","ELEMENT":"f.1195843739892CF439726866CA7D4ED2.d.8790B7E83BFC4DC64D24498255BFDD9A.e.8337"}]}
RESULT: {}
RESULT: {"script":"<script> [8489 bytes]","args":[{"element-6066-11e4-a52e-4f735466cecf":"f.1195843739892CF439726866CA7D4ED2.d.8790B7E83BFC4DC64D24498255BFDD9A.e.8337","ELEMENT":"f.1195843739892CF439726866CA7D4ED2.d.8790B7E83BFC4DC64D24498255BFDD9A.e.8337"}]}
COMMAND: GET /session/0631827be0a93fac797ef22e97364bed/screenshot - {}
COMMAND: POST /session/0631827be0a93fac797ef22e97364bed/execute/sync - {"script":"<script> [8489 bytes]","args":[{"element-6066-11e4-a52e-4f735466cecf":"f.1195843739892CF439726866CA7D4ED2.d.8790B7E83BFC4DC64D24498255BFDD9A.e.8337","ELEMENT":"f.1195843739892CF439726866CA7D4ED2.d.8790B7E83BFC4DC64D24498255BFDD9A.e.8337"}]}
RESULT: {}
RESULT: {"script":"<script> [8489 bytes]","args":[{"element-6066-11e4-a52e-4f735466cecf":"f.1195843739892CF439726866CA7D4ED2.d.8790B7E83BFC4DC64D24498255BFDD9A.e.8337","ELEMENT":"f.1195843739892CF439726866CA7D4ED2.d.8790B7E83BFC4DC64D24498255BFDD9A.e.8337"}]}
COMMAND: GET /session/0631827be0a93fac797ef22e97364bed/screenshot - {}
RESULT: {}
COMMAND: POST /session/0631827be0a93fac797ef22e97364bed/execute/sync - {"script":"<script> [8489 bytes]","args":[{"element-6066-11e4-a52e-4f735466cecf":"f.1195843739892CF439726866CA7D4ED2.d.8790B7E83BFC4DC64D24498255BFDD9A.e.8337","ELEMENT":"f.1195843739892CF439726866CA7D4ED2.d.8790B7E83BFC4DC64D24498255BFDD9A.e.8337"}]}
RESULT: {"script":"<script> [8489 bytes]","args":[{"element-6066-11e4-a52e-4f735466cecf":"f.1195843739892CF439726866CA7D4ED2.d.8790B7E83BFC4DC64D24498255BFDD9A.e.8337","ELEMENT":"f.1195843739892CF439726866CA7D4ED2.d.8790B7E83BFC4DC64D24498255BFDD9A.e.8337"}]}
COMMAND: GET /session/0631827be0a93fac797ef22e97364bed/screenshot - {}
RESULT: {}
COMMAND: POST /session/0631827be0a93fac797ef22e97364bed/execute/sync - {"script":"<script> [8489 bytes]","args":[{"element-6066-11e4-a52e-4f735466cecf":"f.1195843739892CF439726866CA7D4ED2.d.8790B7E83BFC4DC64D24498255BFDD9A.e.8337","ELEMENT":"f.1195843739892CF439726866CA7D4ED2.d.8790B7E83BFC4DC64D24498255BFDD9A.e.8337"}]}
RESULT: {"script":"<script> [8489 bytes]","args":[{"element-6066-11e4-a52e-4f735466cecf":"f.1195843739892CF439726866CA7D4ED2.d.8790B7E83BFC4DC64D24498255BFDD9A.e.8337","ELEMENT":"f.1195843739892CF439726866CA7D4ED2.d.8790B7E83BFC4DC64D24498255BFDD9A.e.8337"}]}
COMMAND: GET /session/0631827be0a93fac797ef22e97364bed/screenshot - {}
RESULT: {}
COMMAND: POST /session/0631827be0a93fac797ef22e97364bed/execute/sync - {"script":"<script> [8489 bytes]","args":[{"element-6066-11e4-a52e-4f735466cecf":"f.1195843739892CF439726866CA7D4ED2.d.8790B7E83BFC4DC64D24498255BFDD9A.e.8337","ELEMENT":"f.1195843739892CF439726866CA7D4ED2.d.8790B7E83BFC4DC64D24498255BFDD9A.e.8337"}]}
RESULT: {"script":"<script> [8489 bytes]","args":[{"element-6066-11e4-a52e-4f735466cecf":"f.1195843739892CF439726866CA7D4ED2.d.8790B7E83BFC4DC64D24498255BFDD9A.e.8337","ELEMENT":"f.1195843739892CF439726866CA7D4ED2.d.8790B7E83BFC4DC64D24498255BFDD9A.e.8337"}]}
COMMAND: GET /session/0631827be0a93fac797ef22e97364bed/screenshot - {}
RESULT: {}
COMMAND: POST /session/0631827be0a93fac797ef22e97364bed/execute/sync - {"script":"<script> [8489 bytes]","args":[{"element-6066-11e4-a52e-4f735466cecf":"f.1195843739892CF439726866CA7D4ED2.d.8790B7E83BFC4DC64D24498255BFDD9A.e.8337","ELEMENT":"f.1195843739892CF439726866CA7D4ED2.d.8790B7E83BFC4DC64D24498255BFDD9A.e.8337"}]}
RESULT: {"script":"<script> [8489 bytes]","args":[{"element-6066-11e4-a52e-4f735466cecf":"f.1195843739892CF439726866CA7D4ED2.d.8790B7E83BFC4DC64D24498255BFDD9A.e.8337","ELEMENT":"f.1195843739892CF439726866CA7D4ED2.d.8790B7E83BFC4DC64D24498255BFDD9A.e.8337"}]}
COMMAND: GET /session/0631827be0a93fac797ef22e97364bed/screenshot - {}
RESULT: {}
COMMAND: POST /session/0631827be0a93fac797ef22e97364bed/execute/sync - {"script":"<script> [8489 bytes]","args":[{"element-6066-11e4-a52e-4f735466cecf":"f.1195843739892CF439726866CA7D4ED2.d.8790B7E83BFC4DC64D24498255BFDD9A.e.8337","ELEMENT":"f.1195843739892CF439726866CA7D4ED2.d.8790B7E83BFC4DC64D24498255BFDD9A.e.8337"}]}
RESULT: {"script":"<script> [8489 bytes]","args":[{"element-6066-11e4-a52e-4f735466cecf":"f.1195843739892CF439726866CA7D4ED2.d.8790B7E83BFC4DC64D24498255BFDD9A.e.8337","ELEMENT":"f.1195843739892CF439726866CA7D4ED2.d.8790B7E83BFC4DC64D24498255BFDD9A.e.8337"}]}
COMMAND: GET /session/0631827be0a93fac797ef22e97364bed/screenshot - {}
RESULT: {}
COMMAND: POST /session/0631827be0a93fac797ef22e97364bed/execute/sync - {"script":"<script> [8489 bytes]","args":[{"element-6066-11e4-a52e-4f735466cecf":"f.1195843739892CF439726866CA7D4ED2.d.8790B7E83BFC4DC64D24498255BFDD9A.e.8337","ELEMENT":"f.1195843739892CF439726866CA7D4ED2.d.8790B7E83BFC4DC64D24498255BFDD9A.e.8337"}]}
RESULT: {"script":"<script> [8489 bytes]","args":[{"element-6066-11e4-a52e-4f735466cecf":"f.1195843739892CF439726866CA7D4ED2.d.8790B7E83BFC4DC64D24498255BFDD9A.e.8337","ELEMENT":"f.1195843739892CF439726866CA7D4ED2.d.8790B7E83BFC4DC64D24498255BFDD9A.e.8337"}]}
COMMAND: GET /session/0631827be0a93fac797ef22e97364bed/screenshot - {}
RESULT: {}
COMMAND: POST /session/0631827be0a93fac797ef22e97364bed/execute/sync - {"script":"<script> [8489 bytes]","args":[{"element-6066-11e4-a52e-4f735466cecf":"f.1195843739892CF439726866CA7D4ED2.d.8790B7E83BFC4DC64D24498255BFDD9A.e.8337","ELEMENT":"f.1195843739892CF439726866CA7D4ED2.d.8790B7E83BFC4DC64D24498255BFDD9A.e.8337"}]}
RESULT: {"script":"<script> [8489 bytes]","args":[{"element-6066-11e4-a52e-4f735466cecf":"f.1195843739892CF439726866CA7D4ED2.d.8790B7E83BFC4DC64D24498255BFDD9A.e.8337","ELEMENT":"f.1195843739892CF439726866CA7D4ED2.d.8790B7E83BFC4DC64D24498255BFDD9A.e.8337"}]}
COMMAND: GET /session/0631827be0a93fac797ef22e97364bed/screenshot - {}
RESULT: {}
COMMAND: POST /session/0631827be0a93fac797ef22e97364bed/execute/sync - {"script":"<script> [8489 bytes]","args":[{"element-6066-11e4-a52e-4f735466cecf":"f.1195843739892CF439726866CA7D4ED2.d.8790B7E83BFC4DC64D24498255BFDD9A.e.8337","ELEMENT":"f.1195843739892CF439726866CA7D4ED2.d.8790B7E83BFC4DC64D24498255BFDD9A.e.8337"}]}
RESULT: {"script":"<script> [8489 bytes]","args":[{"element-6066-11e4-a52e-4f735466cecf":"f.1195843739892CF439726866CA7D4ED2.d.8790B7E83BFC4DC64D24498255BFDD9A.e.8337","ELEMENT":"f.1195843739892CF439726866CA7D4ED2.d.8790B7E83BFC4DC64D24498255BFDD9A.e.8337"}]}
COMMAND: GET /session/0631827be0a93fac797ef22e97364bed/screenshot - {}
RESULT: {}
COMMAND: POST /session/0631827be0a93fac797ef22e97364bed/execute/sync - {"script":"<script> [8489 bytes]","args":[{"element-6066-11e4-a52e-4f735466cecf":"f.1195843739892CF439726866CA7D4ED2.d.8790B7E83BFC4DC64D24498255BFDD9A.e.8337","ELEMENT":"f.1195843739892CF439726866CA7D4ED2.d.8790B7E83BFC4DC64D24498255BFDD9A.e.8337"}]}
RESULT: {"script":"<script> [8489 bytes]","args":[{"element-6066-11e4-a52e-4f735466cecf":"f.1195843739892CF439726866CA7D4ED2.d.8790B7E83BFC4DC64D24498255BFDD9A.e.8337","ELEMENT":"f.1195843739892CF439726866CA7D4ED2.d.8790B7E83BFC4DC64D24498255BFDD9A.e.8337"}]}
COMMAND: GET /session/0631827be0a93fac797ef22e97364bed/screenshot - {}
RESULT: {}
COMMAND: POST /session/0631827be0a93fac797ef22e97364bed/execute/sync - {"script":"<script> [8489 bytes]","args":[{"element-6066-11e4-a52e-4f735466cecf":"f.1195843739892CF439726866CA7D4ED2.d.8790B7E83BFC4DC64D24498255BFDD9A.e.8337","ELEMENT":"f.1195843739892CF439726866CA7D4ED2.d.8790B7E83BFC4DC64D24498255BFDD9A.e.8337"}]}
RESULT: {"script":"<script> [8489 bytes]","args":[{"element-6066-11e4-a52e-4f735466cecf":"f.1195843739892CF439726866CA7D4ED2.d.8790B7E83BFC4DC64D24498255BFDD9A.e.8337","ELEMENT":"f.1195843739892CF439726866CA7D4ED2.d.8790B7E83BFC4DC64D24498255BFDD9A.e.8337"}]}
COMMAND: GET /session/0631827be0a93fac797ef22e97364bed/screenshot - {}
RESULT: {}
COMMAND: POST /session/0631827be0a93fac797ef22e97364bed/execute/sync - {"script":"<script> [8489 bytes]","args":[{"element-6066-11e4-a52e-4f735466cecf":"f.1195843739892CF439726866CA7D4ED2.d.8790B7E83BFC4DC64D24498255BFDD9A.e.8337","ELEMENT":"f.1195843739892CF439726866CA7D4ED2.d.8790B7E83BFC4DC64D24498255BFDD9A.e.8337"}]}
RESULT: {"script":"<script> [8489 bytes]","args":[{"element-6066-11e4-a52e-4f735466cecf":"f.1195843739892CF439726866CA7D4ED2.d.8790B7E83BFC4DC64D24498255BFDD9A.e.8337","ELEMENT":"f.1195843739892CF439726866CA7D4ED2.d.8790B7E83BFC4DC64D24498255BFDD9A.e.8337"}]}
COMMAND: GET /session/0631827be0a93fac797ef22e97364bed/screenshot - {}
RESULT: {}
COMMAND: POST /session/0631827be0a93fac797ef22e97364bed/execute/sync - {"script":"<script> [8489 bytes]","args":[{"element-6066-11e4-a52e-4f735466cecf":"f.1195843739892CF439726866CA7D4ED2.d.8790B7E83BFC4DC64D24498255BFDD9A.e.8337","ELEMENT":"f.1195843739892CF439726866CA7D4ED2.d.8790B7E83BFC4DC64D24498255BFDD9A.e.8337"}]}
RESULT: {"script":"<script> [8489 bytes]","args":[{"element-6066-11e4-a52e-4f735466cecf":"f.1195843739892CF439726866CA7D4ED2.d.8790B7E83BFC4DC64D24498255BFDD9A.e.8337","ELEMENT":"f.1195843739892CF439726866CA7D4ED2.d.8790B7E83BFC4DC64D24498255BFDD9A.e.8337"}]}
COMMAND: GET /session/0631827be0a93fac797ef22e97364bed/screenshot - {}
RESULT: {}
COMMAND: POST /session/0631827be0a93fac797ef22e97364bed/execute/sync - {"script":"<script> [8489 bytes]","args":[{"element-6066-11e4-a52e-4f735466cecf":"f.1195843739892CF439726866CA7D4ED2.d.8790B7E83BFC4DC64D24498255BFDD9A.e.8337","ELEMENT":"f.1195843739892CF439726866CA7D4ED2.d.8790B7E83BFC4DC64D24498255BFDD9A.e.8337"}]}
RESULT: {"script":"<script> [8489 bytes]","args":[{"element-6066-11e4-a52e-4f735466cecf":"f.1195843739892CF439726866CA7D4ED2.d.8790B7E83BFC4DC64D24498255BFDD9A.e.8337","ELEMENT":"f.1195843739892CF439726866CA7D4ED2.d.8790B7E83BFC4DC64D24498255BFDD9A.e.8337"}]}
COMMAND: GET /session/0631827be0a93fac797ef22e97364bed/screenshot - {}
RESULT: {}
COMMAND: POST /session/0631827be0a93fac797ef22e97364bed/execute/sync - {"script":"<script> [8489 bytes]","args":[{"element-6066-11e4-a52e-4f735466cecf":"f.1195843739892CF439726866CA7D4ED2.d.8790B7E83BFC4DC64D24498255BFDD9A.e.8337","ELEMENT":"f.1195843739892CF439726866CA7D4ED2.d.8790B7E83BFC4DC64D24498255BFDD9A.e.8337"}]}
RESULT: {"script":"<script> [8489 bytes]","args":[{"element-6066-11e4-a52e-4f735466cecf":"f.1195843739892CF439726866CA7D4ED2.d.8790B7E83BFC4DC64D24498255BFDD9A.e.8337","ELEMENT":"f.1195843739892CF439726866CA7D4ED2.d.8790B7E83BFC4DC64D24498255BFDD9A.e.8337"}]}
COMMAND: GET /session/0631827be0a93fac797ef22e97364bed/screenshot - {}
RESULT: {}
COMMAND: POST /session/0631827be0a93fac797ef22e97364bed/execute/sync - {"script":"<script> [8489 bytes]","args":[{"element-6066-11e4-a52e-4f735466cecf":"f.1195843739892CF439726866CA7D4ED2.d.8790B7E83BFC4DC64D24498255BFDD9A.e.8337","ELEMENT":"f.1195843739892CF439726866CA7D4ED2.d.8790B7E83BFC4DC64D24498255BFDD9A.e.8337"}]}
RESULT: {"script":"<script> [8489 bytes]","args":[{"element-6066-11e4-a52e-4f735466cecf":"f.1195843739892CF439726866CA7D4ED2.d.8790B7E83BFC4DC64D24498255BFDD9A.e.8337","ELEMENT":"f.1195843739892CF439726866CA7D4ED2.d.8790B7E83BFC4DC64D24498255BFDD9A.e.8337"}]}
COMMAND: GET /session/0631827be0a93fac797ef22e97364bed/screenshot - {}
RESULT: {}
COMMAND: POST /session/0631827be0a93fac797ef22e97364bed/execute/sync - {"script":"<script> [8489 bytes]","args":[{"element-6066-11e4-a52e-4f735466cecf":"f.1195843739892CF439726866CA7D4ED2.d.8790B7E83BFC4DC64D24498255BFDD9A.e.8337","ELEMENT":"f.1195843739892CF439726866CA7D4ED2.d.8790B7E83BFC4DC64D24498255BFDD9A.e.8337"}]}
RESULT: {"script":"<script> [8489 bytes]","args":[{"element-6066-11e4-a52e-4f735466cecf":"f.1195843739892CF439726866CA7D4ED2.d.8790B7E83BFC4DC64D24498255BFDD9A.e.8337","ELEMENT":"f.1195843739892CF439726866CA7D4ED2.d.8790B7E83BFC4DC64D24498255BFDD9A.e.8337"}]}
COMMAND: GET /session/0631827be0a93fac797ef22e97364bed/screenshot - {}
RESULT: {}
COMMAND: POST /session/0631827be0a93fac797ef22e97364bed/execute/sync - {"script":"<script> [8489 bytes]","args":[{"element-6066-11e4-a52e-4f735466cecf":"f.1195843739892CF439726866CA7D4ED2.d.8790B7E83BFC4DC64D24498255BFDD9A.e.8337","ELEMENT":"f.1195843739892CF439726866CA7D4ED2.d.8790B7E83BFC4DC64D24498255BFDD9A.e.8337"}]}
RESULT: {"script":"<script> [8489 bytes]","args":[{"element-6066-11e4-a52e-4f735466cecf":"f.1195843739892CF439726866CA7D4ED2.d.8790B7E83BFC4DC64D24498255BFDD9A.e.8337","ELEMENT":"f.1195843739892CF439726866CA7D4ED2.d.8790B7E83BFC4DC64D24498255BFDD9A.e.8337"}]}
COMMAND: GET /session/0631827be0a93fac797ef22e97364bed/screenshot - {}
RESULT: {}
COMMAND: POST /session/0631827be0a93fac797ef22e97364bed/execute/sync - {"script":"<script> [8489 bytes]","args":[{"element-6066-11e4-a52e-4f735466cecf":"f.1195843739892CF439726866CA7D4ED2.d.8790B7E83BFC4DC64D24498255BFDD9A.e.8337","ELEMENT":"f.1195843739892CF439726866CA7D4ED2.d.8790B7E83BFC4DC64D24498255BFDD9A.e.8337"}]}
RESULT: {"script":"<script> [8489 bytes]","args":[{"element-6066-11e4-a52e-4f735466cecf":"f.1195843739892CF439726866CA7D4ED2.d.8790B7E83BFC4DC64D24498255BFDD9A.e.8337","ELEMENT":"f.1195843739892CF439726866CA7D4ED2.d.8790B7E83BFC4DC64D24498255BFDD9A.e.8337"}]}
COMMAND: GET /session/0631827be0a93fac797ef22e97364bed/screenshot - {}
RESULT: {}
COMMAND: POST /session/0631827be0a93fac797ef22e97364bed/execute/sync - {"script":"<script> [8489 bytes]","args":[{"element-6066-11e4-a52e-4f735466cecf":"f.1195843739892CF439726866CA7D4ED2.d.8790B7E83BFC4DC64D24498255BFDD9A.e.8337","ELEMENT":"f.1195843739892CF439726866CA7D4ED2.d.8790B7E83BFC4DC64D24498255BFDD9A.e.8337"}]}
RESULT: {"script":"<script> [8489 bytes]","args":[{"element-6066-11e4-a52e-4f735466cecf":"f.1195843739892CF439726866CA7D4ED2.d.8790B7E83BFC4DC64D24498255BFDD9A.e.8337","ELEMENT":"f.1195843739892CF439726866CA7D4ED2.d.8790B7E83BFC4DC64D24498255BFDD9A.e.8337"}]}
COMMAND: GET /session/0631827be0a93fac797ef22e97364bed/screenshot - {}
RESULT: {}
COMMAND: POST /session/0631827be0a93fac797ef22e97364bed/execute/sync - {"script":"<script> [8489 bytes]","args":[{"element-6066-11e4-a52e-4f735466cecf":"f.1195843739892CF439726866CA7D4ED2.d.8790B7E83BFC4DC64D24498255BFDD9A.e.8337","ELEMENT":"f.1195843739892CF439726866CA7D4ED2.d.8790B7E83BFC4DC64D24498255BFDD9A.e.8337"}]}
RESULT: {"script":"<script> [8489 bytes]","args":[{"element-6066-11e4-a52e-4f735466cecf":"f.1195843739892CF439726866CA7D4ED2.d.8790B7E83BFC4DC64D24498255BFDD9A.e.8337","ELEMENT":"f.1195843739892CF439726866CA7D4ED2.d.8790B7E83BFC4DC64D24498255BFDD9A.e.8337"}]}
COMMAND: GET /session/0631827be0a93fac797ef22e97364bed/screenshot - {}
RESULT: {}
COMMAND: POST /session/0631827be0a93fac797ef22e97364bed/execute/sync - {"script":"<script> [8489 bytes]","args":[{"element-6066-11e4-a52e-4f735466cecf":"f.1195843739892CF439726866CA7D4ED2.d.8790B7E83BFC4DC64D24498255BFDD9A.e.8337","ELEMENT":"f.1195843739892CF439726866CA7D4ED2.d.8790B7E83BFC4DC64D24498255BFDD9A.e.8337"}]}
RESULT: {"script":"<script> [8489 bytes]","args":[{"element-6066-11e4-a52e-4f735466cecf":"f.1195843739892CF439726866CA7D4ED2.d.8790B7E83BFC4DC64D24498255BFDD9A.e.8337","ELEMENT":"f.1195843739892CF439726866CA7D4ED2.d.8790B7E83BFC4DC64D24498255BFDD9A.e.8337"}]}
COMMAND: GET /session/0631827be0a93fac797ef22e97364bed/screenshot - {}
COMMAND: POST /session/0631827be0a93fac797ef22e97364bed/execute/sync - {"script":"<script> [8489 bytes]","args":[{"element-6066-11e4-a52e-4f735466cecf":"f.1195843739892CF439726866CA7D4ED2.d.8790B7E83BFC4DC64D24498255BFDD9A.e.8337","ELEMENT":"f.1195843739892CF439726866CA7D4ED2.d.8790B7E83BFC4DC64D24498255BFDD9A.e.8337"}]}
RESULT: {}
RESULT: {"script":"<script> [8489 bytes]","args":[{"element-6066-11e4-a52e-4f735466cecf":"f.1195843739892CF439726866CA7D4ED2.d.8790B7E83BFC4DC64D24498255BFDD9A.e.8337","ELEMENT":"f.1195843739892CF439726866CA7D4ED2.d.8790B7E83BFC4DC64D24498255BFDD9A.e.8337"}]}
COMMAND: GET /session/0631827be0a93fac797ef22e97364bed/screenshot - {}
COMMAND: POST /session/0631827be0a93fac797ef22e97364bed/execute/sync - {"script":"<script> [8489 bytes]","args":[{"element-6066-11e4-a52e-4f735466cecf":"f.1195843739892CF439726866CA7D4ED2.d.8790B7E83BFC4DC64D24498255BFDD9A.e.8337","ELEMENT":"f.1195843739892CF439726866CA7D4ED2.d.8790B7E83BFC4DC64D24498255BFDD9A.e.8337"}]}
RESULT: {}
RESULT: {"script":"<script> [8489 bytes]","args":[{"element-6066-11e4-a52e-4f735466cecf":"f.1195843739892CF439726866CA7D4ED2.d.8790B7E83BFC4DC64D24498255BFDD9A.e.8337","ELEMENT":"f.1195843739892CF439726866CA7D4ED2.d.8790B7E83BFC4DC64D24498255BFDD9A.e.8337"}]}
COMMAND: GET /session/0631827be0a93fac797ef22e97364bed/screenshot - {}
RESULT: {}
COMMAND: POST /session/0631827be0a93fac797ef22e97364bed/execute/sync - {"script":"<script> [8489 bytes]","args":[{"element-6066-11e4-a52e-4f735466cecf":"f.1195843739892CF439726866CA7D4ED2.d.8790B7E83BFC4DC64D24498255BFDD9A.e.8337","ELEMENT":"f.1195843739892CF439726866CA7D4ED2.d.8790B7E83BFC4DC64D24498255BFDD9A.e.8337"}]}
RESULT: {"script":"<script> [8489 bytes]","args":[{"element-6066-11e4-a52e-4f735466cecf":"f.1195843739892CF439726866CA7D4ED2.d.8790B7E83BFC4DC64D24498255BFDD9A.e.8337","ELEMENT":"f.1195843739892CF439726866CA7D4ED2.d.8790B7E83BFC4DC64D24498255BFDD9A.e.8337"}]}
COMMAND: GET /session/0631827be0a93fac797ef22e97364bed/screenshot - {}
RESULT: {}
COMMAND: POST /session/0631827be0a93fac797ef22e97364bed/execute/sync - {"script":"<script> [8489 bytes]","args":[{"element-6066-11e4-a52e-4f735466cecf":"f.1195843739892CF439726866CA7D4ED2.d.8790B7E83BFC4DC64D24498255BFDD9A.e.8337","ELEMENT":"f.1195843739892CF439726866CA7D4ED2.d.8790B7E83BFC4DC64D24498255BFDD9A.e.8337"}]}
RESULT: {"script":"<script> [8489 bytes]","args":[{"element-6066-11e4-a52e-4f735466cecf":"f.1195843739892CF439726866CA7D4ED2.d.8790B7E83BFC4DC64D24498255BFDD9A.e.8337","ELEMENT":"f.1195843739892CF439726866CA7D4ED2.d.8790B7E83BFC4DC64D24498255BFDD9A.e.8337"}]}
COMMAND: GET /session/0631827be0a93fac797ef22e97364bed/screenshot - {}
RESULT: {}
COMMAND: POST /session/0631827be0a93fac797ef22e97364bed/execute/sync - {"script":"<script> [8489 bytes]","args":[{"element-6066-11e4-a52e-4f735466cecf":"f.1195843739892CF439726866CA7D4ED2.d.8790B7E83BFC4DC64D24498255BFDD9A.e.8337","ELEMENT":"f.1195843739892CF439726866CA7D4ED2.d.8790B7E83BFC4DC64D24498255BFDD9A.e.8337"}]}
RESULT: {"script":"<script> [8489 bytes]","args":[{"element-6066-11e4-a52e-4f735466cecf":"f.1195843739892CF439726866CA7D4ED2.d.8790B7E83BFC4DC64D24498255BFDD9A.e.8337","ELEMENT":"f.1195843739892CF439726866CA7D4ED2.d.8790B7E83BFC4DC64D24498255BFDD9A.e.8337"}]}
COMMAND: GET /session/0631827be0a93fac797ef22e97364bed/screenshot - {}
RESULT: {}
COMMAND: POST /session/0631827be0a93fac797ef22e97364bed/execute/sync - {"script":"<script> [8489 bytes]","args":[{"element-6066-11e4-a52e-4f735466cecf":"f.1195843739892CF439726866CA7D4ED2.d.8790B7E83BFC4DC64D24498255BFDD9A.e.8337","ELEMENT":"f.1195843739892CF439726866CA7D4ED2.d.8790B7E83BFC4DC64D24498255BFDD9A.e.8337"}]}
RESULT: {"script":"<script> [8489 bytes]","args":[{"element-6066-11e4-a52e-4f735466cecf":"f.1195843739892CF439726866CA7D4ED2.d.8790B7E83BFC4DC64D24498255BFDD9A.e.8337","ELEMENT":"f.1195843739892CF439726866CA7D4ED2.d.8790B7E83BFC4DC64D24498255BFDD9A.e.8337"}]}
COMMAND: GET /session/0631827be0a93fac797ef22e97364bed/screenshot - {}
RESULT: {}
COMMAND: POST /session/0631827be0a93fac797ef22e97364bed/execute/sync - {"script":"<script> [8489 bytes]","args":[{"element-6066-11e4-a52e-4f735466cecf":"f.1195843739892CF439726866CA7D4ED2.d.8790B7E83BFC4DC64D24498255BFDD9A.e.8337","ELEMENT":"f.1195843739892CF439726866CA7D4ED2.d.8790B7E83BFC4DC64D24498255BFDD9A.e.8337"}]}
RESULT: {"script":"<script> [8489 bytes]","args":[{"element-6066-11e4-a52e-4f735466cecf":"f.1195843739892CF439726866CA7D4ED2.d.8790B7E83BFC4DC64D24498255BFDD9A.e.8337","ELEMENT":"f.1195843739892CF439726866CA7D4ED2.d.8790B7E83BFC4DC64D24498255BFDD9A.e.8337"}]}
COMMAND: GET /session/0631827be0a93fac797ef22e97364bed/screenshot - {}
RESULT: {}
COMMAND: POST /session/0631827be0a93fac797ef22e97364bed/execute/sync - {"script":"<script> [8489 bytes]","args":[{"element-6066-11e4-a52e-4f735466cecf":"f.1195843739892CF439726866CA7D4ED2.d.8790B7E83BFC4DC64D24498255BFDD9A.e.8337","ELEMENT":"f.1195843739892CF439726866CA7D4ED2.d.8790B7E83BFC4DC64D24498255BFDD9A.e.8337"}]}
RESULT: {"script":"<script> [8489 bytes]","args":[{"element-6066-11e4-a52e-4f735466cecf":"f.1195843739892CF439726866CA7D4ED2.d.8790B7E83BFC4DC64D24498255BFDD9A.e.8337","ELEMENT":"f.1195843739892CF439726866CA7D4ED2.d.8790B7E83BFC4DC64D24498255BFDD9A.e.8337"}]}
COMMAND: GET /session/0631827be0a93fac797ef22e97364bed/screenshot - {}
RESULT: {}
COMMAND: POST /session/0631827be0a93fac797ef22e97364bed/execute/sync - {"script":"<script> [8489 bytes]","args":[{"element-6066-11e4-a52e-4f735466cecf":"f.1195843739892CF439726866CA7D4ED2.d.8790B7E83BFC4DC64D24498255BFDD9A.e.8337","ELEMENT":"f.1195843739892CF439726866CA7D4ED2.d.8790B7E83BFC4DC64D24498255BFDD9A.e.8337"}]}
RESULT: {"script":"<script> [8489 bytes]","args":[{"element-6066-11e4-a52e-4f735466cecf":"f.1195843739892CF439726866CA7D4ED2.d.8790B7E83BFC4DC64D24498255BFDD9A.e.8337","ELEMENT":"f.1195843739892CF439726866CA7D4ED2.d.8790B7E83BFC4DC64D24498255BFDD9A.e.8337"}]}
COMMAND: GET /session/0631827be0a93fac797ef22e97364bed/screenshot - {}
RESULT: {}
COMMAND: POST /session/0631827be0a93fac797ef22e97364bed/execute/sync - {"script":"<script> [8489 bytes]","args":[{"element-6066-11e4-a52e-4f735466cecf":"f.1195843739892CF439726866CA7D4ED2.d.8790B7E83BFC4DC64D24498255BFDD9A.e.8337","ELEMENT":"f.1195843739892CF439726866CA7D4ED2.d.8790B7E83BFC4DC64D24498255BFDD9A.e.8337"}]}
RESULT: {"script":"<script> [8489 bytes]","args":[{"element-6066-11e4-a52e-4f735466cecf":"f.1195843739892CF439726866CA7D4ED2.d.8790B7E83BFC4DC64D24498255BFDD9A.e.8337","ELEMENT":"f.1195843739892CF439726866CA7D4ED2.d.8790B7E83BFC4DC64D24498255BFDD9A.e.8337"}]}
COMMAND: GET /session/0631827be0a93fac797ef22e97364bed/screenshot - {}
RESULT: {}
COMMAND: POST /session/0631827be0a93fac797ef22e97364bed/execute/sync - {"script":"<script> [8489 bytes]","args":[{"element-6066-11e4-a52e-4f735466cecf":"f.1195843739892CF439726866CA7D4ED2.d.8790B7E83BFC4DC64D24498255BFDD9A.e.8337","ELEMENT":"f.1195843739892CF439726866CA7D4ED2.d.8790B7E83BFC4DC64D24498255BFDD9A.e.8337"}]}
RESULT: {"script":"<script> [8489 bytes]","args":[{"element-6066-11e4-a52e-4f735466cecf":"f.1195843739892CF439726866CA7D4ED2.d.8790B7E83BFC4DC64D24498255BFDD9A.e.8337","ELEMENT":"f.1195843739892CF439726866CA7D4ED2.d.8790B7E83BFC4DC64D24498255BFDD9A.e.8337"}]}
COMMAND: GET /session/0631827be0a93fac797ef22e97364bed/screenshot - {}
RESULT: {}
COMMAND: POST /session/0631827be0a93fac797ef22e97364bed/execute/sync - {"script":"<script> [8489 bytes]","args":[{"element-6066-11e4-a52e-4f735466cecf":"f.1195843739892CF439726866CA7D4ED2.d.8790B7E83BFC4DC64D24498255BFDD9A.e.8337","ELEMENT":"f.1195843739892CF439726866CA7D4ED2.d.8790B7E83BFC4DC64D24498255BFDD9A.e.8337"}]}
RESULT: {"script":"<script> [8489 bytes]","args":[{"element-6066-11e4-a52e-4f735466cecf":"f.1195843739892CF439726866CA7D4ED2.d.8790B7E83BFC4DC64D24498255BFDD9A.e.8337","ELEMENT":"f.1195843739892CF439726866CA7D4ED2.d.8790B7E83BFC4DC64D24498255BFDD9A.e.8337"}]}
COMMAND: GET /session/0631827be0a93fac797ef22e97364bed/screenshot - {}
RESULT: {}
COMMAND: POST /session/0631827be0a93fac797ef22e97364bed/execute/sync - {"script":"<script> [8489 bytes]","args":[{"element-6066-11e4-a52e-4f735466cecf":"f.1195843739892CF439726866CA7D4ED2.d.8790B7E83BFC4DC64D24498255BFDD9A.e.8337","ELEMENT":"f.1195843739892CF439726866CA7D4ED2.d.8790B7E83BFC4DC64D24498255BFDD9A.e.8337"}]}
RESULT: {"script":"<script> [8489 bytes]","args":[{"element-6066-11e4-a52e-4f735466cecf":"f.1195843739892CF439726866CA7D4ED2.d.8790B7E83BFC4DC64D24498255BFDD9A.e.8337","ELEMENT":"f.1195843739892CF439726866CA7D4ED2.d.8790B7E83BFC4DC64D24498255BFDD9A.e.8337"}]}
COMMAND: GET /session/0631827be0a93fac797ef22e97364bed/screenshot - {}
RESULT: {}
COMMAND: POST /session/0631827be0a93fac797ef22e97364bed/execute/sync - {"script":"<script> [8489 bytes]","args":[{"element-6066-11e4-a52e-4f735466cecf":"f.1195843739892CF439726866CA7D4ED2.d.8790B7E83BFC4DC64D24498255BFDD9A.e.8337","ELEMENT":"f.1195843739892CF439726866CA7D4ED2.d.8790B7E83BFC4DC64D24498255BFDD9A.e.8337"}]}
RESULT: {"script":"<script> [8489 bytes]","args":[{"element-6066-11e4-a52e-4f735466cecf":"f.1195843739892CF439726866CA7D4ED2.d.8790B7E83BFC4DC64D24498255BFDD9A.e.8337","ELEMENT":"f.1195843739892CF439726866CA7D4ED2.d.8790B7E83BFC4DC64D24498255BFDD9A.e.8337"}]}
COMMAND: GET /session/0631827be0a93fac797ef22e97364bed/screenshot - {}
RESULT: {}
COMMAND: POST /session/0631827be0a93fac797ef22e97364bed/execute/sync - {"script":"<script> [8489 bytes]","args":[{"element-6066-11e4-a52e-4f735466cecf":"f.1195843739892CF439726866CA7D4ED2.d.8790B7E83BFC4DC64D24498255BFDD9A.e.8337","ELEMENT":"f.1195843739892CF439726866CA7D4ED2.d.8790B7E83BFC4DC64D24498255BFDD9A.e.8337"}]}
RESULT: {"script":"<script> [8489 bytes]","args":[{"element-6066-11e4-a52e-4f735466cecf":"f.1195843739892CF439726866CA7D4ED2.d.8790B7E83BFC4DC64D24498255BFDD9A.e.8337","ELEMENT":"f.1195843739892CF439726866CA7D4ED2.d.8790B7E83BFC4DC64D24498255BFDD9A.e.8337"}]}
COMMAND: GET /session/0631827be0a93fac797ef22e97364bed/screenshot - {}
RESULT: {}
COMMAND: POST /session/0631827be0a93fac797ef22e97364bed/execute/sync - {"script":"<script> [8489 bytes]","args":[{"element-6066-11e4-a52e-4f735466cecf":"f.1195843739892CF439726866CA7D4ED2.d.8790B7E83BFC4DC64D24498255BFDD9A.e.8337","ELEMENT":"f.1195843739892CF439726866CA7D4ED2.d.8790B7E83BFC4DC64D24498255BFDD9A.e.8337"}]}
RESULT: {"script":"<script> [8489 bytes]","args":[{"element-6066-11e4-a52e-4f735466cecf":"f.1195843739892CF439726866CA7D4ED2.d.8790B7E83BFC4DC64D24498255BFDD9A.e.8337","ELEMENT":"f.1195843739892CF439726866CA7D4ED2.d.8790B7E83BFC4DC64D24498255BFDD9A.e.8337"}]}
COMMAND: GET /session/0631827be0a93fac797ef22e97364bed/screenshot - {}
RESULT: {}
COMMAND: POST /session/0631827be0a93fac797ef22e97364bed/execute/sync - {"script":"<script> [8489 bytes]","args":[{"element-6066-11e4-a52e-4f735466cecf":"f.1195843739892CF439726866CA7D4ED2.d.8790B7E83BFC4DC64D24498255BFDD9A.e.8337","ELEMENT":"f.1195843739892CF439726866CA7D4ED2.d.8790B7E83BFC4DC64D24498255BFDD9A.e.8337"}]}
RESULT: {"script":"<script> [8489 bytes]","args":[{"element-6066-11e4-a52e-4f735466cecf":"f.1195843739892CF439726866CA7D4ED2.d.8790B7E83BFC4DC64D24498255BFDD9A.e.8337","ELEMENT":"f.1195843739892CF439726866CA7D4ED2.d.8790B7E83BFC4DC64D24498255BFDD9A.e.8337"}]}
COMMAND: GET /session/0631827be0a93fac797ef22e97364bed/screenshot - {}
RESULT: {}
COMMAND: POST /session/0631827be0a93fac797ef22e97364bed/execute/sync - {"script":"<script> [8489 bytes]","args":[{"element-6066-11e4-a52e-4f735466cecf":"f.1195843739892CF439726866CA7D4ED2.d.8790B7E83BFC4DC64D24498255BFDD9A.e.8337","ELEMENT":"f.1195843739892CF439726866CA7D4ED2.d.8790B7E83BFC4DC64D24498255BFDD9A.e.8337"}]}
RESULT: {"script":"<script> [8489 bytes]","args":[{"element-6066-11e4-a52e-4f735466cecf":"f.1195843739892CF439726866CA7D4ED2.d.8790B7E83BFC4DC64D24498255BFDD9A.e.8337","ELEMENT":"f.1195843739892CF439726866CA7D4ED2.d.8790B7E83BFC4DC64D24498255BFDD9A.e.8337"}]}
COMMAND: GET /session/0631827be0a93fac797ef22e97364bed/screenshot - {}
RESULT: {}
COMMAND: POST /session/0631827be0a93fac797ef22e97364bed/execute/sync - {"script":"<script> [8489 bytes]","args":[{"element-6066-11e4-a52e-4f735466cecf":"f.1195843739892CF439726866CA7D4ED2.d.8790B7E83BFC4DC64D24498255BFDD9A.e.8337","ELEMENT":"f.1195843739892CF439726866CA7D4ED2.d.8790B7E83BFC4DC64D24498255BFDD9A.e.8337"}]}
RESULT: {"script":"<script> [8489 bytes]","args":[{"element-6066-11e4-a52e-4f735466cecf":"f.1195843739892CF439726866CA7D4ED2.d.8790B7E83BFC4DC64D24498255BFDD9A.e.8337","ELEMENT":"f.1195843739892CF439726866CA7D4ED2.d.8790B7E83BFC4DC64D24498255BFDD9A.e.8337"}]}
COMMAND: GET /session/0631827be0a93fac797ef22e97364bed/screenshot - {}
RESULT: {}
COMMAND: POST /session/0631827be0a93fac797ef22e97364bed/execute/sync - {"script":"<script> [8489 bytes]","args":[{"element-6066-11e4-a52e-4f735466cecf":"f.1195843739892CF439726866CA7D4ED2.d.8790B7E83BFC4DC64D24498255BFDD9A.e.8337","ELEMENT":"f.1195843739892CF439726866CA7D4ED2.d.8790B7E83BFC4DC64D24498255BFDD9A.e.8337"}]}
RESULT: {"script":"<script> [8489 bytes]","args":[{"element-6066-11e4-a52e-4f735466cecf":"f.1195843739892CF439726866CA7D4ED2.d.8790B7E83BFC4DC64D24498255BFDD9A.e.8337","ELEMENT":"f.1195843739892CF439726866CA7D4ED2.d.8790B7E83BFC4DC64D24498255BFDD9A.e.8337"}]}
COMMAND: GET /session/0631827be0a93fac797ef22e97364bed/screenshot - {}
RESULT: {}
COMMAND: POST /session/0631827be0a93fac797ef22e97364bed/execute/sync - {"script":"<script> [8489 bytes]","args":[{"element-6066-11e4-a52e-4f735466cecf":"f.1195843739892CF439726866CA7D4ED2.d.8790B7E83BFC4DC64D24498255BFDD9A.e.8337","ELEMENT":"f.1195843739892CF439726866CA7D4ED2.d.8790B7E83BFC4DC64D24498255BFDD9A.e.8337"}]}
RESULT: {"script":"<script> [8489 bytes]","args":[{"element-6066-11e4-a52e-4f735466cecf":"f.1195843739892CF439726866CA7D4ED2.d.8790B7E83BFC4DC64D24498255BFDD9A.e.8337","ELEMENT":"f.1195843739892CF439726866CA7D4ED2.d.8790B7E83BFC4DC64D24498255BFDD9A.e.8337"}]}
COMMAND: GET /session/0631827be0a93fac797ef22e97364bed/screenshot - {}
RESULT: {}
COMMAND: POST /session/0631827be0a93fac797ef22e97364bed/execute/sync - {"script":"<script> [8489 bytes]","args":[{"element-6066-11e4-a52e-4f735466cecf":"f.1195843739892CF439726866CA7D4ED2.d.8790B7E83BFC4DC64D24498255BFDD9A.e.8337","ELEMENT":"f.1195843739892CF439726866CA7D4ED2.d.8790B7E83BFC4DC64D24498255BFDD9A.e.8337"}]}
RESULT: {"script":"<script> [8489 bytes]","args":[{"element-6066-11e4-a52e-4f735466cecf":"f.1195843739892CF439726866CA7D4ED2.d.8790B7E83BFC4DC64D24498255BFDD9A.e.8337","ELEMENT":"f.1195843739892CF439726866CA7D4ED2.d.8790B7E83BFC4DC64D24498255BFDD9A.e.8337"}]}
COMMAND: GET /session/0631827be0a93fac797ef22e97364bed/screenshot - {}
RESULT: {}
COMMAND: POST /session/0631827be0a93fac797ef22e97364bed/execute/sync - {"script":"<script> [8489 bytes]","args":[{"element-6066-11e4-a52e-4f735466cecf":"f.1195843739892CF439726866CA7D4ED2.d.8790B7E83BFC4DC64D24498255BFDD9A.e.8337","ELEMENT":"f.1195843739892CF439726866CA7D4ED2.d.8790B7E83BFC4DC64D24498255BFDD9A.e.8337"}]}
RESULT: {"script":"<script> [8489 bytes]","args":[{"element-6066-11e4-a52e-4f735466cecf":"f.1195843739892CF439726866CA7D4ED2.d.8790B7E83BFC4DC64D24498255BFDD9A.e.8337","ELEMENT":"f.1195843739892CF439726866CA7D4ED2.d.8790B7E83BFC4DC64D24498255BFDD9A.e.8337"}]}
COMMAND: GET /session/0631827be0a93fac797ef22e97364bed/screenshot - {}
RESULT: {}
COMMAND: POST /session/0631827be0a93fac797ef22e97364bed/execute/sync - {"script":"<script> [8489 bytes]","args":[{"element-6066-11e4-a52e-4f735466cecf":"f.1195843739892CF439726866CA7D4ED2.d.8790B7E83BFC4DC64D24498255BFDD9A.e.8337","ELEMENT":"f.1195843739892CF439726866CA7D4ED2.d.8790B7E83BFC4DC64D24498255BFDD9A.e.8337"}]}
RESULT: {"script":"<script> [8489 bytes]","args":[{"element-6066-11e4-a52e-4f735466cecf":"f.1195843739892CF439726866CA7D4ED2.d.8790B7E83BFC4DC64D24498255BFDD9A.e.8337","ELEMENT":"f.1195843739892CF439726866CA7D4ED2.d.8790B7E83BFC4DC64D24498255BFDD9A.e.8337"}]}
COMMAND: GET /session/0631827be0a93fac797ef22e97364bed/screenshot - {}
RESULT: {}
COMMAND: POST /session/0631827be0a93fac797ef22e97364bed/execute/sync - {"script":"<script> [8489 bytes]","args":[{"element-6066-11e4-a52e-4f735466cecf":"f.1195843739892CF439726866CA7D4ED2.d.8790B7E83BFC4DC64D24498255BFDD9A.e.8337","ELEMENT":"f.1195843739892CF439726866CA7D4ED2.d.8790B7E83BFC4DC64D24498255BFDD9A.e.8337"}]}
RESULT: {"script":"<script> [8489 bytes]","args":[{"element-6066-11e4-a52e-4f735466cecf":"f.1195843739892CF439726866CA7D4ED2.d.8790B7E83BFC4DC64D24498255BFDD9A.e.8337","ELEMENT":"f.1195843739892CF439726866CA7D4ED2.d.8790B7E83BFC4DC64D24498255BFDD9A.e.8337"}]}
COMMAND: GET /session/0631827be0a93fac797ef22e97364bed/screenshot - {}
RESULT: {}
COMMAND: POST /session/0631827be0a93fac797ef22e97364bed/execute/sync - {"script":"<script> [8489 bytes]","args":[{"element-6066-11e4-a52e-4f735466cecf":"f.1195843739892CF439726866CA7D4ED2.d.8790B7E83BFC4DC64D24498255BFDD9A.e.8337","ELEMENT":"f.1195843739892CF439726866CA7D4ED2.d.8790B7E83BFC4DC64D24498255BFDD9A.e.8337"}]}
RESULT: {"script":"<script> [8489 bytes]","args":[{"element-6066-11e4-a52e-4f735466cecf":"f.1195843739892CF439726866CA7D4ED2.d.8790B7E83BFC4DC64D24498255BFDD9A.e.8337","ELEMENT":"f.1195843739892CF439726866CA7D4ED2.d.8790B7E83BFC4DC64D24498255BFDD9A.e.8337"}]}
COMMAND: GET /session/0631827be0a93fac797ef22e97364bed/screenshot - {}
RESULT: {}
COMMAND: POST /session/0631827be0a93fac797ef22e97364bed/execute/sync - {"script":"<script> [8489 bytes]","args":[{"element-6066-11e4-a52e-4f735466cecf":"f.1195843739892CF439726866CA7D4ED2.d.8790B7E83BFC4DC64D24498255BFDD9A.e.8337","ELEMENT":"f.1195843739892CF439726866CA7D4ED2.d.8790B7E83BFC4DC64D24498255BFDD9A.e.8337"}]}
RESULT: {"script":"<script> [8489 bytes]","args":[{"element-6066-11e4-a52e-4f735466cecf":"f.1195843739892CF439726866CA7D4ED2.d.8790B7E83BFC4DC64D24498255BFDD9A.e.8337","ELEMENT":"f.1195843739892CF439726866CA7D4ED2.d.8790B7E83BFC4DC64D24498255BFDD9A.e.8337"}]}
COMMAND: GET /session/0631827be0a93fac797ef22e97364bed/screenshot - {}
RESULT: {}
COMMAND: POST /session/0631827be0a93fac797ef22e97364bed/execute/async - {"script":"<script> [1562 bytes]","args":[{"selector":{"id":"administrationTabFilter","viewName":"etm.portal.ui.managehandovers.view.DetailExecuteHO","interaction":{"idSuffix":"text"}},"wdio_ui5_key":"administrationTabFilteretmportal.ui.managehandovers.view.DetailExecuteHO"}]}
RESULT: {"script":"<script> [1562 bytes]","args":[{"selector":{"id":"administrationTabFilter","viewName":"etm.portal.ui.managehandovers.view.DetailExecuteHO","interaction":{"idSuffix":"text"}},"wdio_ui5_key":"administrationTabFilteretmportal.ui.managehandovers.view.DetailExecuteHO"}]}
RESULT: undefined
COMMAND: POST /session/0631827be0a93fac797ef22e97364bed/element - {"using":"xpath","value":"//*[@id=\"__xmlview59--administrationTabFilter\"]"}
RESULT: {"using":"xpath","value":"//*[@id=\"__xmlview59--administrationTabFilter\"]"}
COMMAND: POST /session/0631827be0a93fac797ef22e97364bed/element/f.1195843739892CF439726866CA7D4ED2.d.8790B7E83BFC4DC64D24498255BFDD9A.e.8383/click - {}
RESULT: {}
RESULT: undefined
COMMAND: POST /session/0631827be0a93fac797ef22e97364bed/element - {"using":"xpath","value":"//*[@id=\"__xmlview59--administrationTabFilter\"]"}
COMMAND: GET /session/0631827be0a93fac797ef22e97364bed/screenshot - {}
RESULT: {"using":"xpath","value":"//*[@id=\"__xmlview59--administrationTabFilter\"]"}
COMMAND: POST /session/0631827be0a93fac797ef22e97364bed/element/f.1195843739892CF439726866CA7D4ED2.d.8790B7E83BFC4DC64D24498255BFDD9A.e.8383/click - {}
RESULT: {}
RESULT: {}
COMMAND: GET /session/0631827be0a93fac797ef22e97364bed/screenshot - {}
RESULT: {}
COMMAND: POST /session/0631827be0a93fac797ef22e97364bed/element - {"using":"xpath","value":"//bdi[(text() = 'Confirm' or . = 'Confirm')]"}
RESULT: {"using":"xpath","value":"//bdi[(text() = 'Confirm' or . = 'Confirm')]"}
COMMAND: POST /session/0631827be0a93fac797ef22e97364bed/element/f.1195843739892CF439726866CA7D4ED2.d.8790B7E83BFC4DC64D24498255BFDD9A.e.8391/click - {}
RESULT: {}
COMMAND: GET /session/0631827be0a93fac797ef22e97364bed/screenshot - {}
RESULT: {}
COMMAND: POST /session/0631827be0a93fac797ef22e97364bed/execute/async - {"script":"<script> [1562 bytes]","args":[{"selector":{"id":"confirmationButton","viewName":"etm.portal.ui.managehandovers.view.DetailExecuteHO","interaction":{"idSuffix":"BDI-content"}},"wdio_ui5_key":"confirmationButtonetmportal.ui.managehandovers.view.DetailExecuteHO"}]}
RESULT: {"script":"<script> [1562 bytes]","args":[{"selector":{"id":"confirmationButton","viewName":"etm.portal.ui.managehandovers.view.DetailExecuteHO","interaction":{"idSuffix":"BDI-content"}},"wdio_ui5_key":"confirmationButtonetmportal.ui.managehandovers.view.DetailExecuteHO"}]}
RESULT: undefined
COMMAND: POST /session/0631827be0a93fac797ef22e97364bed/element - {"using":"xpath","value":"(//bdi[text()='Receive'])[2]"}
RESULT: {"using":"xpath","value":"(//bdi[text()='Receive'])[2]"}
COMMAND: GET /session/0631827be0a93fac797ef22e97364bed/element/f.1195843739892CF439726866CA7D4ED2.d.8790B7E83BFC4DC64D24498255BFDD9A.e.8395/enabled - {}
RESULT: {}
COMMAND: POST /session/0631827be0a93fac797ef22e97364bed/execute/sync - {"script":"<script> [8489 bytes]","args":[{"element-6066-11e4-a52e-4f735466cecf":"f.1195843739892CF439726866CA7D4ED2.d.8790B7E83BFC4DC64D24498255BFDD9A.e.8395","ELEMENT":"f.1195843739892CF439726866CA7D4ED2.d.8790B7E83BFC4DC64D24498255BFDD9A.e.8395"}]}
COMMAND: GET /session/0631827be0a93fac797ef22e97364bed/screenshot - {}
RESULT: {"script":"<script> [8489 bytes]","args":[{"element-6066-11e4-a52e-4f735466cecf":"f.1195843739892CF439726866CA7D4ED2.d.8790B7E83BFC4DC64D24498255BFDD9A.e.8395","ELEMENT":"f.1195843739892CF439726866CA7D4ED2.d.8790B7E83BFC4DC64D24498255BFDD9A.e.8395"}]}
COMMAND: POST /session/0631827be0a93fac797ef22e97364bed/execute/sync - {"script":"<script> [5351 bytes]","args":[{"element-6066-11e4-a52e-4f735466cecf":"f.1195843739892CF439726866CA7D4ED2.d.8790B7E83BFC4DC64D24498255BFDD9A.e.8395","ELEMENT":"f.1195843739892CF439726866CA7D4ED2.d.8790B7E83BFC4DC64D24498255BFDD9A.e.8395"}]}
COMMAND: GET /session/0631827be0a93fac797ef22e97364bed/screenshot - {}
RESULT: {}
RESULT: {"script":"<script> [5351 bytes]","args":[{"element-6066-11e4-a52e-4f735466cecf":"f.1195843739892CF439726866CA7D4ED2.d.8790B7E83BFC4DC64D24498255BFDD9A.e.8395","ELEMENT":"f.1195843739892CF439726866CA7D4ED2.d.8790B7E83BFC4DC64D24498255BFDD9A.e.8395"}]}
COMMAND: POST /session/0631827be0a93fac797ef22e97364bed/element/f.1195843739892CF439726866CA7D4ED2.d.8790B7E83BFC4DC64D24498255BFDD9A.e.8395/click - {}
COMMAND: GET /session/0631827be0a93fac797ef22e97364bed/screenshot - {}
RESULT: {}
RESULT: {}
COMMAND: GET /session/0631827be0a93fac797ef22e97364bed/screenshot - {}
RESULT: {}
RESULT: {}
COMMAND: POST /session/0631827be0a93fac797ef22e97364bed/element - {"using":"css selector","value":"#shell-header-logo"}
RESULT: {"using":"css selector","value":"#shell-header-logo"}
COMMAND: POST /session/0631827be0a93fac797ef22e97364bed/element/f.1195843739892CF439726866CA7D4ED2.d.8790B7E83BFC4DC64D24498255BFDD9A.e.7803/click - {}
RESULT: {}
COMMAND: GET /session/0631827be0a93fac797ef22e97364bed/screenshot - {}
RESULT: {}
]]></system-out>
    </testcase>
    <testcase classname="chrome.135_0_7049_96.windows.Provide_to_Site_w/o_warehouse_management_w_clarification" name="Should create a new contract" time="58.899">
      <system-out><![CDATA[
COMMAND: POST /session/0631827be0a93fac797ef22e97364bed/execute/async - {"script":"<script> [1562 bytes]","args":[{"selector":{"controlType":"sap.m.GenericTile","properties":{"header":"Manage Contracts"}},"wdio_ui5_key":"sapm.GenericTile{\"header\":\"Manage Contracts\"}"}]}
RESULT: {"script":"<script> [1562 bytes]","args":[{"selector":{"controlType":"sap.m.GenericTile","properties":{"header":"Manage Contracts"}},"wdio_ui5_key":"sapm.GenericTile{\"header\":\"Manage Contracts\"}"}]}
RESULT: undefined
COMMAND: POST /session/0631827be0a93fac797ef22e97364bed/element - {"using":"xpath","value":"//*[@id=\"__tile130\"]"}
RESULT: {"using":"xpath","value":"//*[@id=\"__tile130\"]"}
COMMAND: POST /session/0631827be0a93fac797ef22e97364bed/element/f.1195843739892CF439726866CA7D4ED2.d.8790B7E83BFC4DC64D24498255BFDD9A.e.8546/click - {}
RESULT: {}
COMMAND: GET /session/0631827be0a93fac797ef22e97364bed/screenshot - {}
RESULT: {}
COMMAND: POST /session/0631827be0a93fac797ef22e97364bed/execute/async - {"script":"<script> [1562 bytes]","args":[{"selector":{"controlType":"sap.ui.core.Icon","viewName":"etm.portal.ui.managecontracts.view.Master","properties":{"src":{"regex":{"source":"add"}}}},"wdio_ui5_key":"etmportal.ui.managecontracts.view.Mastersap.ui.core.Icon{\"src\":{\"regex\":{\"source\":\"add\"}}}"}]}
RESULT: {"script":"<script> [1562 bytes]","args":[{"selector":{"controlType":"sap.ui.core.Icon","viewName":"etm.portal.ui.managecontracts.view.Master","properties":{"src":{"regex":{"source":"add"}}}},"wdio_ui5_key":"etmportal.ui.managecontracts.view.Mastersap.ui.core.Icon{\"src\":{\"regex\":{\"source\":\"add\"}}}"}]}
RESULT: undefined
COMMAND: POST /session/0631827be0a93fac797ef22e97364bed/element - {"using":"xpath","value":"//*[@id=\"__button298-img\"]"}
RESULT: {"using":"xpath","value":"//*[@id=\"__button298-img\"]"}
COMMAND: POST /session/0631827be0a93fac797ef22e97364bed/element/f.1195843739892CF439726866CA7D4ED2.d.8790B7E83BFC4DC64D24498255BFDD9A.e.8918/click - {}
RESULT: {}
COMMAND: POST /session/0631827be0a93fac797ef22e97364bed/execute/async - {"script":"<script> [1562 bytes]","args":[{"selector":{"id":"application-managecontracts-display-component---AddNewContract--projectDescription","interaction":{"idSuffix":"inner"}},"wdio_ui5_key":"applicationmanagecontracts-display-component---AddNewContract--projectDescription"}]}
COMMAND: GET /session/0631827be0a93fac797ef22e97364bed/screenshot - {}
RESULT: {"script":"<script> [1562 bytes]","args":[{"selector":{"id":"application-managecontracts-display-component---AddNewContract--projectDescription","interaction":{"idSuffix":"inner"}},"wdio_ui5_key":"applicationmanagecontracts-display-component---AddNewContract--projectDescription"}]}
RESULT: undefined
COMMAND: POST /session/0631827be0a93fac797ef22e97364bed/execute/async - {"script":"<script> [776 bytes]","args":[{"enterText":"wdi5 contract for billing","selector":{"id":"application-managecontracts-display-component---AddNewContract--projectDescription","interaction":{"idSuffix":"inner"}},"clearTextFirst":true,"interactionType":"ENTER_TEXT"}]}
RESULT: {}
RESULT: {"script":"<script> [776 bytes]","args":[{"enterText":"wdi5 contract for billing","selector":{"id":"application-managecontracts-display-component---AddNewContract--projectDescription","interaction":{"idSuffix":"inner"}},"clearTextFirst":true,"interactionType":"ENTER_TEXT"}]}
COMMAND: POST /session/0631827be0a93fac797ef22e97364bed/element - {"using":"xpath","value":"//input[@id=\"application-managecontracts-display-component---AddNewContract--customerSelect-inner\"]"}
RESULT: {"using":"xpath","value":"//input[@id=\"application-managecontracts-display-component---AddNewContract--customerSelect-inner\"]"}
COMMAND: POST /session/0631827be0a93fac797ef22e97364bed/element/f.1195843739892CF439726866CA7D4ED2.d.8790B7E83BFC4DC64D24498255BFDD9A.e.9018/clear - {}
RESULT: {}
COMMAND: POST /session/0631827be0a93fac797ef22e97364bed/element/f.1195843739892CF439726866CA7D4ED2.d.8790B7E83BFC4DC64D24498255BFDD9A.e.9018/value - {"text":"1334"}
COMMAND: GET /session/0631827be0a93fac797ef22e97364bed/screenshot - {}
RESULT: {"text":"1334"}
COMMAND: GET /session/0631827be0a93fac797ef22e97364bed/screenshot - {}
RESULT: {}
RESULT: {}
COMMAND: POST /session/0631827be0a93fac797ef22e97364bed/actions - {"actions":[{"id":"action31","type":"key","parameters":{},"actions":[{"type":"keyDown","value":"î€‡"},{"type":"pause","duration":10},{"type":"keyUp","value":"î€‡"}]}]}
RESULT: {"actions":[{"id":"action31","type":"key","parameters":{},"actions":[{"type":"keyDown","value":"î€‡"},{"type":"pause","duration":10},{"type":"keyUp","value":"î€‡"}]}]}
COMMAND: POST /session/0631827be0a93fac797ef22e97364bed/element - {"using":"xpath","value":"//input[@id=\"application-managecontracts-display-component---AddNewContract--site-inner\"]"}
COMMAND: GET /session/0631827be0a93fac797ef22e97364bed/screenshot - {}
RESULT: {"using":"xpath","value":"//input[@id=\"application-managecontracts-display-component---AddNewContract--site-inner\"]"}
COMMAND: POST /session/0631827be0a93fac797ef22e97364bed/element/f.1195843739892CF439726866CA7D4ED2.d.8790B7E83BFC4DC64D24498255BFDD9A.e.9019/clear - {}
RESULT: {}
RESULT: {}
COMMAND: POST /session/0631827be0a93fac797ef22e97364bed/element/f.1195843739892CF439726866CA7D4ED2.d.8790B7E83BFC4DC64D24498255BFDD9A.e.9019/value - {"text":"2301"}
COMMAND: GET /session/0631827be0a93fac797ef22e97364bed/screenshot - {}
RESULT: {"text":"2301"}
COMMAND: GET /session/0631827be0a93fac797ef22e97364bed/screenshot - {}
RESULT: {}
RESULT: {}
COMMAND: POST /session/0631827be0a93fac797ef22e97364bed/actions - {"actions":[{"id":"action32","type":"key","parameters":{},"actions":[{"type":"keyDown","value":"î€‡"},{"type":"pause","duration":10},{"type":"keyUp","value":"î€‡"}]}]}
RESULT: {"actions":[{"id":"action32","type":"key","parameters":{},"actions":[{"type":"keyDown","value":"î€‡"},{"type":"pause","duration":10},{"type":"keyUp","value":"î€‡"}]}]}
COMMAND: POST /session/0631827be0a93fac797ef22e97364bed/execute/async - {"script":"<script> [1562 bytes]","args":[{"selector":{"id":"application-managecontracts-display-component---AddNewContract--calendarInput","interaction":{"idSuffix":"inner"}},"wdio_ui5_key":"applicationmanagecontracts-display-component---AddNewContract--calendarInput"}]}
COMMAND: GET /session/0631827be0a93fac797ef22e97364bed/screenshot - {}
RESULT: {"script":"<script> [1562 bytes]","args":[{"selector":{"id":"application-managecontracts-display-component---AddNewContract--calendarInput","interaction":{"idSuffix":"inner"}},"wdio_ui5_key":"applicationmanagecontracts-display-component---AddNewContract--calendarInput"}]}
RESULT: undefined
COMMAND: POST /session/0631827be0a93fac797ef22e97364bed/execute/async - {"script":"<script> [776 bytes]","args":[{"enterText":"1 - Calendar unit test patch","selector":{"id":"application-managecontracts-display-component---AddNewContract--calendarInput","interaction":{"idSuffix":"inner"}},"clearTextFirst":true,"interactionType":"ENTER_TEXT"}]}
RESULT: {}
RESULT: {"script":"<script> [776 bytes]","args":[{"enterText":"1 - Calendar unit test patch","selector":{"id":"application-managecontracts-display-component---AddNewContract--calendarInput","interaction":{"idSuffix":"inner"}},"clearTextFirst":true,"interactionType":"ENTER_TEXT"}]}
COMMAND: POST /session/0631827be0a93fac797ef22e97364bed/actions - {"actions":[{"id":"action33","type":"key","parameters":{},"actions":[{"type":"keyDown","value":"î€‡"},{"type":"pause","duration":10},{"type":"keyUp","value":"î€‡"}]}]}
RESULT: {"actions":[{"id":"action33","type":"key","parameters":{},"actions":[{"type":"keyDown","value":"î€‡"},{"type":"pause","duration":10},{"type":"keyUp","value":"î€‡"}]}]}
COMMAND: POST /session/0631827be0a93fac797ef22e97364bed/execute/async - {"script":"<script> [1562 bytes]","args":[{"selector":{"id":"application-managecontracts-display-component---AddNewContract--languageCB","interaction":{"idSuffix":"inner"}},"wdio_ui5_key":"applicationmanagecontracts-display-component---AddNewContract--languageCB"}]}
COMMAND: GET /session/0631827be0a93fac797ef22e97364bed/screenshot - {}
RESULT: {"script":"<script> [1562 bytes]","args":[{"selector":{"id":"application-managecontracts-display-component---AddNewContract--languageCB","interaction":{"idSuffix":"inner"}},"wdio_ui5_key":"applicationmanagecontracts-display-component---AddNewContract--languageCB"}]}
RESULT: undefined
COMMAND: POST /session/0631827be0a93fac797ef22e97364bed/execute/async - {"script":"<script> [776 bytes]","args":[{"enterText":"EN - English","selector":{"id":"application-managecontracts-display-component---AddNewContract--languageCB","interaction":{"idSuffix":"inner"}},"clearTextFirst":true,"interactionType":"ENTER_TEXT"}]}
RESULT: {}
RESULT: {"script":"<script> [776 bytes]","args":[{"enterText":"EN - English","selector":{"id":"application-managecontracts-display-component---AddNewContract--languageCB","interaction":{"idSuffix":"inner"}},"clearTextFirst":true,"interactionType":"ENTER_TEXT"}]}
COMMAND: POST /session/0631827be0a93fac797ef22e97364bed/actions - {"actions":[{"id":"action34","type":"key","parameters":{},"actions":[{"type":"keyDown","value":"î€‡"},{"type":"pause","duration":10},{"type":"keyUp","value":"î€‡"}]}]}
RESULT: {"actions":[{"id":"action34","type":"key","parameters":{},"actions":[{"type":"keyDown","value":"î€‡"},{"type":"pause","duration":10},{"type":"keyUp","value":"î€‡"}]}]}
COMMAND: POST /session/0631827be0a93fac797ef22e97364bed/execute/async - {"script":"<script> [1562 bytes]","args":[{"selector":{"id":"application-managecontracts-display-component---AddNewContract--saveBtn","interaction":{"idSuffix":"BDI-content"}},"wdio_ui5_key":"applicationmanagecontracts-display-component---AddNewContract--saveBtn"}]}
COMMAND: GET /session/0631827be0a93fac797ef22e97364bed/screenshot - {}
RESULT: {"script":"<script> [1562 bytes]","args":[{"selector":{"id":"application-managecontracts-display-component---AddNewContract--saveBtn","interaction":{"idSuffix":"BDI-content"}},"wdio_ui5_key":"applicationmanagecontracts-display-component---AddNewContract--saveBtn"}]}
RESULT: undefined
COMMAND: POST /session/0631827be0a93fac797ef22e97364bed/element - {"using":"xpath","value":"//*[@id=\"application-managecontracts-display-component---AddNewContract--saveBtn\"]"}
RESULT: {}
RESULT: {"using":"xpath","value":"//*[@id=\"application-managecontracts-display-component---AddNewContract--saveBtn\"]"}
COMMAND: POST /session/0631827be0a93fac797ef22e97364bed/element/f.1195843739892CF439726866CA7D4ED2.d.8790B7E83BFC4DC64D24498255BFDD9A.e.9033/click - {}
RESULT: {}
COMMAND: GET /session/0631827be0a93fac797ef22e97364bed/screenshot - {}
RESULT: {}
COMMAND: POST /session/0631827be0a93fac797ef22e97364bed/execute/async - {"script":"<script> [1562 bytes]","args":[{"selector":{"id":"contractDetailTitleNoExpanded","viewName":"etm.portal.ui.managecontracts.view.Detail"},"wdio_ui5_key":"contractDetailTitleNoExpandedetmportal.ui.managecontracts.view.Detail"}]}
RESULT: {"script":"<script> [1562 bytes]","args":[{"selector":{"id":"contractDetailTitleNoExpanded","viewName":"etm.portal.ui.managecontracts.view.Detail"},"wdio_ui5_key":"contractDetailTitleNoExpandedetmportal.ui.managecontracts.view.Detail"}]}
RESULT: undefined
COMMAND: POST /session/0631827be0a93fac797ef22e97364bed/execute/async - {"script":"<script> [6424 bytes]","args":[{"element-6066-11e4-a52e-4f735466cecf":"f.1195843739892CF439726866CA7D4ED2.d.8790B7E83BFC4DC64D24498255BFDD9A.e.9120"},"getText",[]]}
RESULT: {"script":"<script> [6424 bytes]","args":[{"element-6066-11e4-a52e-4f735466cecf":"f.1195843739892CF439726866CA7D4ED2.d.8790B7E83BFC4DC64D24498255BFDD9A.e.9120"},"getText",[]]}
]]></system-out>
    </testcase>
    <testcase classname="chrome.135_0_7049_96.windows.Provide_to_Site_w/o_warehouse_management_w_clarification" name="Should add resource to the contract" time="49.285">
      <system-out><![CDATA[
COMMAND: POST /session/0631827be0a93fac797ef22e97364bed/execute/async - {"script":"<script> [1562 bytes]","args":[{"selector":{"id":"contractDetailEditBtn","viewName":"etm.portal.ui.managecontracts.view.Detail","interaction":{"idSuffix":"BDI-content"}},"wdio_ui5_key":"contractDetailEditBtnetmportal.ui.managecontracts.view.Detail"}]}
RESULT: {"script":"<script> [1562 bytes]","args":[{"selector":{"id":"contractDetailEditBtn","viewName":"etm.portal.ui.managecontracts.view.Detail","interaction":{"idSuffix":"BDI-content"}},"wdio_ui5_key":"contractDetailEditBtnetmportal.ui.managecontracts.view.Detail"}]}
RESULT: undefined
COMMAND: POST /session/0631827be0a93fac797ef22e97364bed/element - {"using":"xpath","value":"//*[@id=\"__xmlview61--contractDetailEditBtn\"]"}
RESULT: {"using":"xpath","value":"//*[@id=\"__xmlview61--contractDetailEditBtn\"]"}
COMMAND: POST /session/0631827be0a93fac797ef22e97364bed/element/f.1195843739892CF439726866CA7D4ED2.d.8790B7E83BFC4DC64D24498255BFDD9A.e.9122/click - {}
RESULT: {}
COMMAND: GET /session/0631827be0a93fac797ef22e97364bed/screenshot - {}
RESULT: {}
COMMAND: POST /session/0631827be0a93fac797ef22e97364bed/execute/async - {"script":"<script> [1562 bytes]","args":[{"selector":{"id":"additionalAddressesTabFilter","viewName":"etm.portal.ui.managecontracts.view.EditContract","interaction":{"idSuffix":"text"}},"wdio_ui5_key":"additionalAddressesTabFilteretmportal.ui.managecontracts.view.EditContract"}]}
RESULT: {"script":"<script> [1562 bytes]","args":[{"selector":{"id":"additionalAddressesTabFilter","viewName":"etm.portal.ui.managecontracts.view.EditContract","interaction":{"idSuffix":"text"}},"wdio_ui5_key":"additionalAddressesTabFilteretmportal.ui.managecontracts.view.EditContract"}]}
RESULT: undefined
COMMAND: POST /session/0631827be0a93fac797ef22e97364bed/element - {"using":"xpath","value":"//*[@id=\"__xmlview62--additionalAddressesTabFilter\"]"}
RESULT: {"using":"xpath","value":"//*[@id=\"__xmlview62--additionalAddressesTabFilter\"]"}
COMMAND: POST /session/0631827be0a93fac797ef22e97364bed/element/f.1195843739892CF439726866CA7D4ED2.d.8790B7E83BFC4DC64D24498255BFDD9A.e.9178/click - {}
RESULT: {}
RESULT: undefined
COMMAND: POST /session/0631827be0a93fac797ef22e97364bed/element - {"using":"xpath","value":"//*[@id=\"__xmlview62--additionalAddressesTabFilter\"]"}
COMMAND: GET /session/0631827be0a93fac797ef22e97364bed/screenshot - {}
RESULT: {}
RESULT: {"using":"xpath","value":"//*[@id=\"__xmlview62--additionalAddressesTabFilter\"]"}
COMMAND: POST /session/0631827be0a93fac797ef22e97364bed/element/f.1195843739892CF439726866CA7D4ED2.d.8790B7E83BFC4DC64D24498255BFDD9A.e.9178/click - {}
RESULT: {}
COMMAND: POST /session/0631827be0a93fac797ef22e97364bed/execute/async - {"script":"<script> [1562 bytes]","args":[{"selector":{"controlType":"sap.ui.core.Icon","viewName":"etm.portal.ui.managecontracts.view.EditContract","properties":{"src":{"regex":{"source":"add"}}}},"wdio_ui5_key":"etmportal.ui.managecontracts.view.EditContractsap.ui.core.Icon{\"src\":{\"regex\":{\"source\":\"add\"}}}"}]}
COMMAND: GET /session/0631827be0a93fac797ef22e97364bed/screenshot - {}
RESULT: {"script":"<script> [1562 bytes]","args":[{"selector":{"controlType":"sap.ui.core.Icon","viewName":"etm.portal.ui.managecontracts.view.EditContract","properties":{"src":{"regex":{"source":"add"}}}},"wdio_ui5_key":"etmportal.ui.managecontracts.view.EditContractsap.ui.core.Icon{\"src\":{\"regex\":{\"source\":\"add\"}}}"}]}
RESULT: undefined
COMMAND: POST /session/0631827be0a93fac797ef22e97364bed/element - {"using":"xpath","value":"//*[@id=\"__xmlview62--btnAddTableRow-img\"]"}
RESULT: {}
RESULT: {"using":"xpath","value":"//*[@id=\"__xmlview62--btnAddTableRow-img\"]"}
COMMAND: POST /session/0631827be0a93fac797ef22e97364bed/element/f.1195843739892CF439726866CA7D4ED2.d.8790B7E83BFC4DC64D24498255BFDD9A.e.9183/click - {}
RESULT: {}
COMMAND: POST /session/0631827be0a93fac797ef22e97364bed/element - {"using":"xpath","value":"//div[(text() = 'Standard Entry' or . = 'Standard Entry')]"}
COMMAND: GET /session/0631827be0a93fac797ef22e97364bed/screenshot - {}
RESULT: {"using":"xpath","value":"//div[(text() = 'Standard Entry' or . = 'Standard Entry')]"}
COMMAND: POST /session/0631827be0a93fac797ef22e97364bed/element/f.1195843739892CF439726866CA7D4ED2.d.8790B7E83BFC4DC64D24498255BFDD9A.e.9185/click - {}
RESULT: {}
RESULT: {}
COMMAND: POST /session/0631827be0a93fac797ef22e97364bed/execute/async - {"script":"<script> [1562 bytes]","args":[{"selector":{"controlType":"sap.ui.core.Icon","viewName":"etm.portal.ui.managecontracts.view.EditContract","properties":{"src":{"regex":{"source":"inspect"}}}},"wdio_ui5_key":"etmportal.ui.managecontracts.view.EditContractsap.ui.core.Icon{\"src\":{\"regex\":{\"source\":\"inspect\"}}}"}]}
COMMAND: GET /session/0631827be0a93fac797ef22e97364bed/screenshot - {}
RESULT: {"script":"<script> [1562 bytes]","args":[{"selector":{"controlType":"sap.ui.core.Icon","viewName":"etm.portal.ui.managecontracts.view.EditContract","properties":{"src":{"regex":{"source":"inspect"}}}},"wdio_ui5_key":"etmportal.ui.managecontracts.view.EditContractsap.ui.core.Icon{\"src\":{\"regex\":{\"source\":\"inspect\"}}}"}]}
RESULT: undefined
COMMAND: POST /session/0631827be0a93fac797ef22e97364bed/element - {"using":"xpath","value":"//*[@id=\"__button324-img\"]"}
RESULT: {}
RESULT: {"using":"xpath","value":"//*[@id=\"__button324-img\"]"}
COMMAND: POST /session/0631827be0a93fac797ef22e97364bed/element/f.1195843739892CF439726866CA7D4ED2.d.8790B7E83BFC4DC64D24498255BFDD9A.e.9197/click - {}
RESULT: {}
COMMAND: GET /session/0631827be0a93fac797ef22e97364bed/screenshot - {}
RESULT: {}
COMMAND: POST /session/0631827be0a93fac797ef22e97364bed/element - {"using":"xpath","value":"//td[6]/div/div/input[1]"}
RESULT: {"using":"xpath","value":"//td[6]/div/div/input[1]"}
COMMAND: POST /session/0631827be0a93fac797ef22e97364bed/element/f.1195843739892CF439726866CA7D4ED2.d.8790B7E83BFC4DC64D24498255BFDD9A.e.9187/clear - {}
RESULT: {}
COMMAND: GET /session/0631827be0a93fac797ef22e97364bed/screenshot - {}
RESULT: {}
COMMAND: POST /session/0631827be0a93fac797ef22e97364bed/element - {"using":"xpath","value":"//td[6]/div/div/input[1]"}
RESULT: {"using":"xpath","value":"//td[6]/div/div/input[1]"}
COMMAND: POST /session/0631827be0a93fac797ef22e97364bed/element/f.1195843739892CF439726866CA7D4ED2.d.8790B7E83BFC4DC64D24498255BFDD9A.e.9213/click - {}
RESULT: {}
COMMAND: POST /session/0631827be0a93fac797ef22e97364bed/actions - {"actions":[{"id":"action35","type":"key","parameters":{},"actions":[{"type":"keyDown","value":"î€ƒ"},{"type":"pause","duration":10},{"type":"keyUp","value":"î€ƒ"}]}]}
COMMAND: GET /session/0631827be0a93fac797ef22e97364bed/screenshot - {}
RESULT: {"actions":[{"id":"action35","type":"key","parameters":{},"actions":[{"type":"keyDown","value":"î€ƒ"},{"type":"pause","duration":10},{"type":"keyUp","value":"î€ƒ"}]}]}
COMMAND: POST /session/0631827be0a93fac797ef22e97364bed/element - {"using":"xpath","value":"//td[6]/div/div/input[1]"}
COMMAND: GET /session/0631827be0a93fac797ef22e97364bed/screenshot - {}
RESULT: {}
RESULT: {"using":"xpath","value":"//td[6]/div/div/input[1]"}
COMMAND: POST /session/0631827be0a93fac797ef22e97364bed/element/f.1195843739892CF439726866CA7D4ED2.d.8790B7E83BFC4DC64D24498255BFDD9A.e.9213/clear - {}
RESULT: {}
RESULT: {}
COMMAND: POST /session/0631827be0a93fac797ef22e97364bed/element/f.1195843739892CF439726866CA7D4ED2.d.8790B7E83BFC4DC64D24498255BFDD9A.e.9213/value - {"text":"Material"}
COMMAND: GET /session/0631827be0a93fac797ef22e97364bed/screenshot - {}
RESULT: {"text":"Material"}
COMMAND: GET /session/0631827be0a93fac797ef22e97364bed/screenshot - {}
RESULT: {}
RESULT: {}
COMMAND: POST /session/0631827be0a93fac797ef22e97364bed/actions - {"actions":[{"id":"action36","type":"key","parameters":{},"actions":[{"type":"keyDown","value":"î€‡"},{"type":"pause","duration":10},{"type":"keyUp","value":"î€‡"}]}]}
RESULT: {"actions":[{"id":"action36","type":"key","parameters":{},"actions":[{"type":"keyDown","value":"î€‡"},{"type":"pause","duration":10},{"type":"keyUp","value":"î€‡"}]}]}
COMMAND: POST /session/0631827be0a93fac797ef22e97364bed/element - {"using":"xpath","value":"//td[7]/div/div/input[1]"}
COMMAND: GET /session/0631827be0a93fac797ef22e97364bed/screenshot - {}
RESULT: {"using":"xpath","value":"//td[7]/div/div/input[1]"}
COMMAND: POST /session/0631827be0a93fac797ef22e97364bed/element/f.1195843739892CF439726866CA7D4ED2.d.8790B7E83BFC4DC64D24498255BFDD9A.e.9235/clear - {}
RESULT: {}
RESULT: {}
COMMAND: POST /session/0631827be0a93fac797ef22e97364bed/element/f.1195843739892CF439726866CA7D4ED2.d.8790B7E83BFC4DC64D24498255BFDD9A.e.9235/value - {"text":"200246"}
COMMAND: GET /session/0631827be0a93fac797ef22e97364bed/screenshot - {}
RESULT: {"text":"200246"}
COMMAND: GET /session/0631827be0a93fac797ef22e97364bed/screenshot - {}
RESULT: {}
RESULT: {}
COMMAND: POST /session/0631827be0a93fac797ef22e97364bed/actions - {"actions":[{"id":"action37","type":"key","parameters":{},"actions":[{"type":"keyDown","value":"î€‡"},{"type":"pause","duration":10},{"type":"keyUp","value":"î€‡"}]}]}
RESULT: {"actions":[{"id":"action37","type":"key","parameters":{},"actions":[{"type":"keyDown","value":"î€‡"},{"type":"pause","duration":10},{"type":"keyUp","value":"î€‡"}]}]}
COMMAND: POST /session/0631827be0a93fac797ef22e97364bed/execute/async - {"script":"<script> [1562 bytes]","args":[{"selector":{"controlType":"sap.m.Button","properties":{"text":"OK"},"searchOpenDialogs":true,"interaction":{"idSuffix":"BDI-content"}},"wdio_ui5_key":"sapm.Button{\"text\":\"OK\"}"}]}
COMMAND: GET /session/0631827be0a93fac797ef22e97364bed/screenshot - {}
RESULT: {"script":"<script> [1562 bytes]","args":[{"selector":{"controlType":"sap.m.Button","properties":{"text":"OK"},"searchOpenDialogs":true,"interaction":{"idSuffix":"BDI-content"}},"wdio_ui5_key":"sapm.Button{\"text\":\"OK\"}"}]}
RESULT: undefined
COMMAND: POST /session/0631827be0a93fac797ef22e97364bed/element - {"using":"xpath","value":"//*[@id=\"__mbox-btn-1\"]"}
RESULT: {}
RESULT: {"using":"xpath","value":"//*[@id=\"__mbox-btn-1\"]"}
COMMAND: POST /session/0631827be0a93fac797ef22e97364bed/element/f.1195843739892CF439726866CA7D4ED2.d.8790B7E83BFC4DC64D24498255BFDD9A.e.9256/click - {}
RESULT: {}
COMMAND: POST /session/0631827be0a93fac797ef22e97364bed/execute/async - {"script":"<script> [1562 bytes]","args":[{"selector":{"id":"saveBtn","viewName":"etm.portal.ui.managecontracts.view.EditContract","interaction":{"idSuffix":"BDI-content"}},"wdio_ui5_key":"saveBtnetmportal.ui.managecontracts.view.EditContract"}]}
COMMAND: GET /session/0631827be0a93fac797ef22e97364bed/screenshot - {}
RESULT: {"script":"<script> [1562 bytes]","args":[{"selector":{"id":"saveBtn","viewName":"etm.portal.ui.managecontracts.view.EditContract","interaction":{"idSuffix":"BDI-content"}},"wdio_ui5_key":"saveBtnetmportal.ui.managecontracts.view.EditContract"}]}
RESULT: undefined
COMMAND: POST /session/0631827be0a93fac797ef22e97364bed/element - {"using":"xpath","value":"//*[@id=\"__xmlview62--saveBtn\"]"}
RESULT: {}
RESULT: {"using":"xpath","value":"//*[@id=\"__xmlview62--saveBtn\"]"}
COMMAND: POST /session/0631827be0a93fac797ef22e97364bed/element/f.1195843739892CF439726866CA7D4ED2.d.8790B7E83BFC4DC64D24498255BFDD9A.e.9282/click - {}
RESULT: {}
COMMAND: GET /session/0631827be0a93fac797ef22e97364bed/screenshot - {}
RESULT: {}
COMMAND: POST /session/0631827be0a93fac797ef22e97364bed/execute/async - {"script":"<script> [1562 bytes]","args":[{"selector":{"id":"additionalAddressesTabFilter","viewName":"etm.portal.ui.managecontracts.view.Detail","interaction":{"idSuffix":"text"}},"wdio_ui5_key":"additionalAddressesTabFilteretmportal.ui.managecontracts.view.Detail"}]}
RESULT: {"script":"<script> [1562 bytes]","args":[{"selector":{"id":"additionalAddressesTabFilter","viewName":"etm.portal.ui.managecontracts.view.Detail","interaction":{"idSuffix":"text"}},"wdio_ui5_key":"additionalAddressesTabFilteretmportal.ui.managecontracts.view.Detail"}]}
RESULT: undefined
COMMAND: POST /session/0631827be0a93fac797ef22e97364bed/element - {"using":"xpath","value":"//*[@id=\"__xmlview61--additionalAddressesTabFilter\"]"}
RESULT: {"using":"xpath","value":"//*[@id=\"__xmlview61--additionalAddressesTabFilter\"]"}
COMMAND: POST /session/0631827be0a93fac797ef22e97364bed/element/f.1195843739892CF439726866CA7D4ED2.d.8790B7E83BFC4DC64D24498255BFDD9A.e.9286/click - {}
RESULT: {}
COMMAND: POST /session/0631827be0a93fac797ef22e97364bed/execute/async - {"script":"<script> [1562 bytes]","args":[{"selector":{"id":"contractDetailProvideButton","viewName":"etm.portal.ui.managecontracts.view.Detail","interaction":{"idSuffix":"BDI-content"}},"wdio_ui5_key":"contractDetailProvideButtonetmportal.ui.managecontracts.view.Detail"}]}
COMMAND: GET /session/0631827be0a93fac797ef22e97364bed/screenshot - {}
RESULT: {"script":"<script> [1562 bytes]","args":[{"selector":{"id":"contractDetailProvideButton","viewName":"etm.portal.ui.managecontracts.view.Detail","interaction":{"idSuffix":"BDI-content"}},"wdio_ui5_key":"contractDetailProvideButtonetmportal.ui.managecontracts.view.Detail"}]}
RESULT: undefined
COMMAND: POST /session/0631827be0a93fac797ef22e97364bed/element - {"using":"xpath","value":"//*[@id=\"__xmlview61--contractDetailProvideButton\"]"}
RESULT: {}
RESULT: {"using":"xpath","value":"//*[@id=\"__xmlview61--contractDetailProvideButton\"]"}
COMMAND: POST /session/0631827be0a93fac797ef22e97364bed/element/f.1195843739892CF439726866CA7D4ED2.d.8790B7E83BFC4DC64D24498255BFDD9A.e.9291/click - {}
RESULT: {}
COMMAND: GET /session/0631827be0a93fac797ef22e97364bed/screenshot - {}
RESULT: {}
]]></system-out>
    </testcase>
    <testcase classname="chrome.135_0_7049_96.windows.Provide_to_Site_w/o_warehouse_management_w_clarification" name="Should Create HandOvers provide to site" time="188.229">
      <system-out><![CDATA[
COMMAND: POST /session/0631827be0a93fac797ef22e97364bed/element - {"using":"css selector","value":"#application-managehandovers-display-component---AddNewHO--dueDate-inner"}
RESULT: {"using":"css selector","value":"#application-managehandovers-display-component---AddNewHO--dueDate-inner"}
COMMAND: POST /session/0631827be0a93fac797ef22e97364bed/element/f.1195843739892CF439726866CA7D4ED2.d.8790B7E83BFC4DC64D24498255BFDD9A.e.9354/clear - {}
RESULT: {}
COMMAND: POST /session/0631827be0a93fac797ef22e97364bed/element/f.1195843739892CF439726866CA7D4ED2.d.8790B7E83BFC4DC64D24498255BFDD9A.e.9354/value - {"text":"4/30/25"}
COMMAND: GET /session/0631827be0a93fac797ef22e97364bed/screenshot - {}
RESULT: {"text":"4/30/25"}
COMMAND: POST /session/0631827be0a93fac797ef22e97364bed/element - {"using":"xpath","value":"//bdi[(text() = 'Items' or . = 'Items')]"}
COMMAND: GET /session/0631827be0a93fac797ef22e97364bed/screenshot - {}
RESULT: {}
RESULT: {"using":"xpath","value":"//bdi[(text() = 'Items' or . = 'Items')]"}
COMMAND: POST /session/0631827be0a93fac797ef22e97364bed/element/f.1195843739892CF439726866CA7D4ED2.d.8790B7E83BFC4DC64D24498255BFDD9A.e.9417/click - {}
RESULT: {}
RESULT: {}
COMMAND: POST /session/0631827be0a93fac797ef22e97364bed/execute/async - {"script":"<script> [1562 bytes]","args":[{"selector":{"controlType":"sap.m.Button","viewName":"etm.portal.ui.managehandovers.view.AddNewHO","viewId":"application-managehandovers-display-component---AddNewHO","i18NText":{"propertyName":"tooltip","key":"addItems"}},"wdio_ui5_key":"etmportal.ui.managehandovers.view.AddNewHOsap.m.Button{\"propertyName\":\"tooltip\",\"key\":\"addItems\"}"}]}
COMMAND: GET /session/0631827be0a93fac797ef22e97364bed/screenshot - {}
RESULT: {"script":"<script> [1562 bytes]","args":[{"selector":{"controlType":"sap.m.Button","viewName":"etm.portal.ui.managehandovers.view.AddNewHO","viewId":"application-managehandovers-display-component---AddNewHO","i18NText":{"propertyName":"tooltip","key":"addItems"}},"wdio_ui5_key":"etmportal.ui.managehandovers.view.AddNewHOsap.m.Button{\"propertyName\":\"tooltip\",\"key\":\"addItems\"}"}]}
RESULT: undefined
COMMAND: POST /session/0631827be0a93fac797ef22e97364bed/element - {"using":"xpath","value":"//*[@id=\"__button349\"]"}
RESULT: {}
RESULT: {"using":"xpath","value":"//*[@id=\"__button349\"]"}
COMMAND: POST /session/0631827be0a93fac797ef22e97364bed/element/f.1195843739892CF439726866CA7D4ED2.d.8790B7E83BFC4DC64D24498255BFDD9A.e.9428/click - {}
RESULT: {}
COMMAND: GET /session/0631827be0a93fac797ef22e97364bed/screenshot - {}
RESULT: {}
COMMAND: POST /session/0631827be0a93fac797ef22e97364bed/element - {"using":"css selector","value":"div[id= \"application-managehandovers-display-component---AddNewHO--popup-sa-CbBg\"]"}
RESULT: {"using":"css selector","value":"div[id= \"application-managehandovers-display-component---AddNewHO--popup-sa-CbBg\"]"}
COMMAND: POST /session/0631827be0a93fac797ef22e97364bed/element/f.1195843739892CF439726866CA7D4ED2.d.8790B7E83BFC4DC64D24498255BFDD9A.e.9438/click - {}
RESULT: {}
COMMAND: GET /session/0631827be0a93fac797ef22e97364bed/screenshot - {}
RESULT: {}
COMMAND: POST /session/0631827be0a93fac797ef22e97364bed/element - {"using":"xpath","value":"//bdi[(text() = 'Select' or . = 'Select')]"}
RESULT: {"using":"xpath","value":"//bdi[(text() = 'Select' or . = 'Select')]"}
COMMAND: POST /session/0631827be0a93fac797ef22e97364bed/element/f.1195843739892CF439726866CA7D4ED2.d.8790B7E83BFC4DC64D24498255BFDD9A.e.9440/click - {}
RESULT: {}
COMMAND: GET /session/0631827be0a93fac797ef22e97364bed/screenshot - {}
RESULT: {}
COMMAND: POST /session/0631827be0a93fac797ef22e97364bed/element - {"using":"xpath","value":"//bdi[(text() = 'Save' or . = 'Save')]"}
RESULT: {"using":"xpath","value":"//bdi[(text() = 'Save' or . = 'Save')]"}
COMMAND: POST /session/0631827be0a93fac797ef22e97364bed/element/f.1195843739892CF439726866CA7D4ED2.d.8790B7E83BFC4DC64D24498255BFDD9A.e.9448/click - {}
RESULT: {}
COMMAND: GET /session/0631827be0a93fac797ef22e97364bed/screenshot - {}
RESULT: {}
COMMAND: POST /session/0631827be0a93fac797ef22e97364bed/element - {"using":"xpath","value":"//*[text()='OK']"}
RESULT: {"using":"xpath","value":"//*[text()='OK']"}
COMMAND: POST /session/0631827be0a93fac797ef22e97364bed/elements - {"using":"xpath","value":"//*[text()='OK']"}
RESULT: {"using":"xpath","value":"//*[text()='OK']"}
COMMAND: POST /session/0631827be0a93fac797ef22e97364bed/elements - {"using":"xpath","value":"//*[text()='OK']"}
RESULT: {"using":"xpath","value":"//*[text()='OK']"}
COMMAND: POST /session/0631827be0a93fac797ef22e97364bed/elements - {"using":"xpath","value":"//*[text()='OK']"}
RESULT: {"using":"xpath","value":"//*[text()='OK']"}
COMMAND: POST /session/0631827be0a93fac797ef22e97364bed/elements - {"using":"xpath","value":"//*[text()='OK']"}
RESULT: {"using":"xpath","value":"//*[text()='OK']"}
COMMAND: POST /session/0631827be0a93fac797ef22e97364bed/elements - {"using":"xpath","value":"//*[text()='OK']"}
RESULT: {"using":"xpath","value":"//*[text()='OK']"}
COMMAND: POST /session/0631827be0a93fac797ef22e97364bed/elements - {"using":"xpath","value":"//*[text()='OK']"}
RESULT: {"using":"xpath","value":"//*[text()='OK']"}
COMMAND: POST /session/0631827be0a93fac797ef22e97364bed/elements - {"using":"xpath","value":"//*[text()='OK']"}
RESULT: {"using":"xpath","value":"//*[text()='OK']"}
COMMAND: POST /session/0631827be0a93fac797ef22e97364bed/elements - {"using":"xpath","value":"//*[text()='OK']"}
RESULT: {"using":"xpath","value":"//*[text()='OK']"}
COMMAND: POST /session/0631827be0a93fac797ef22e97364bed/elements - {"using":"xpath","value":"//*[text()='OK']"}
RESULT: {"using":"xpath","value":"//*[text()='OK']"}
COMMAND: POST /session/0631827be0a93fac797ef22e97364bed/elements - {"using":"xpath","value":"//*[text()='OK']"}
RESULT: {"using":"xpath","value":"//*[text()='OK']"}
COMMAND: POST /session/0631827be0a93fac797ef22e97364bed/elements - {"using":"xpath","value":"//*[text()='OK']"}
RESULT: {"using":"xpath","value":"//*[text()='OK']"}
COMMAND: POST /session/0631827be0a93fac797ef22e97364bed/elements - {"using":"xpath","value":"//*[text()='OK']"}
RESULT: {"using":"xpath","value":"//*[text()='OK']"}
COMMAND: POST /session/0631827be0a93fac797ef22e97364bed/elements - {"using":"xpath","value":"//*[text()='OK']"}
RESULT: {"using":"xpath","value":"//*[text()='OK']"}
COMMAND: POST /session/0631827be0a93fac797ef22e97364bed/elements - {"using":"xpath","value":"//*[text()='OK']"}
RESULT: {"using":"xpath","value":"//*[text()='OK']"}
COMMAND: POST /session/0631827be0a93fac797ef22e97364bed/elements - {"using":"xpath","value":"//*[text()='OK']"}
RESULT: {"using":"xpath","value":"//*[text()='OK']"}
COMMAND: POST /session/0631827be0a93fac797ef22e97364bed/elements - {"using":"xpath","value":"//*[text()='OK']"}
RESULT: {"using":"xpath","value":"//*[text()='OK']"}
COMMAND: POST /session/0631827be0a93fac797ef22e97364bed/elements - {"using":"xpath","value":"//*[text()='OK']"}
RESULT: {"using":"xpath","value":"//*[text()='OK']"}
COMMAND: POST /session/0631827be0a93fac797ef22e97364bed/elements - {"using":"xpath","value":"//*[text()='OK']"}
RESULT: {"using":"xpath","value":"//*[text()='OK']"}
COMMAND: POST /session/0631827be0a93fac797ef22e97364bed/elements - {"using":"xpath","value":"//*[text()='OK']"}
RESULT: {"using":"xpath","value":"//*[text()='OK']"}
COMMAND: POST /session/0631827be0a93fac797ef22e97364bed/elements - {"using":"xpath","value":"//*[text()='OK']"}
RESULT: {"using":"xpath","value":"//*[text()='OK']"}
COMMAND: POST /session/0631827be0a93fac797ef22e97364bed/elements - {"using":"xpath","value":"//*[text()='OK']"}
RESULT: {"using":"xpath","value":"//*[text()='OK']"}
COMMAND: POST /session/0631827be0a93fac797ef22e97364bed/elements - {"using":"xpath","value":"//*[text()='OK']"}
RESULT: {"using":"xpath","value":"//*[text()='OK']"}
COMMAND: POST /session/0631827be0a93fac797ef22e97364bed/elements - {"using":"xpath","value":"//*[text()='OK']"}
RESULT: {"using":"xpath","value":"//*[text()='OK']"}
COMMAND: POST /session/0631827be0a93fac797ef22e97364bed/elements - {"using":"xpath","value":"//*[text()='OK']"}
RESULT: {"using":"xpath","value":"//*[text()='OK']"}
COMMAND: POST /session/0631827be0a93fac797ef22e97364bed/elements - {"using":"xpath","value":"//*[text()='OK']"}
RESULT: {"using":"xpath","value":"//*[text()='OK']"}
COMMAND: POST /session/0631827be0a93fac797ef22e97364bed/elements - {"using":"xpath","value":"//*[text()='OK']"}
RESULT: {"using":"xpath","value":"//*[text()='OK']"}
COMMAND: POST /session/0631827be0a93fac797ef22e97364bed/elements - {"using":"xpath","value":"//*[text()='OK']"}
RESULT: {"using":"xpath","value":"//*[text()='OK']"}
COMMAND: POST /session/0631827be0a93fac797ef22e97364bed/elements - {"using":"xpath","value":"//*[text()='OK']"}
RESULT: {"using":"xpath","value":"//*[text()='OK']"}
COMMAND: POST /session/0631827be0a93fac797ef22e97364bed/elements - {"using":"xpath","value":"//*[text()='OK']"}
RESULT: {"using":"xpath","value":"//*[text()='OK']"}
COMMAND: POST /session/0631827be0a93fac797ef22e97364bed/elements - {"using":"xpath","value":"//*[text()='OK']"}
RESULT: {"using":"xpath","value":"//*[text()='OK']"}
COMMAND: POST /session/0631827be0a93fac797ef22e97364bed/elements - {"using":"xpath","value":"//*[text()='OK']"}
RESULT: {"using":"xpath","value":"//*[text()='OK']"}
COMMAND: POST /session/0631827be0a93fac797ef22e97364bed/elements - {"using":"xpath","value":"//*[text()='OK']"}
RESULT: {"using":"xpath","value":"//*[text()='OK']"}
COMMAND: POST /session/0631827be0a93fac797ef22e97364bed/elements - {"using":"xpath","value":"//*[text()='OK']"}
RESULT: {"using":"xpath","value":"//*[text()='OK']"}
COMMAND: POST /session/0631827be0a93fac797ef22e97364bed/elements - {"using":"xpath","value":"//*[text()='OK']"}
RESULT: {"using":"xpath","value":"//*[text()='OK']"}
COMMAND: POST /session/0631827be0a93fac797ef22e97364bed/elements - {"using":"xpath","value":"//*[text()='OK']"}
RESULT: {"using":"xpath","value":"//*[text()='OK']"}
COMMAND: POST /session/0631827be0a93fac797ef22e97364bed/elements - {"using":"xpath","value":"//*[text()='OK']"}
RESULT: {"using":"xpath","value":"//*[text()='OK']"}
COMMAND: POST /session/0631827be0a93fac797ef22e97364bed/elements - {"using":"xpath","value":"//*[text()='OK']"}
RESULT: {"using":"xpath","value":"//*[text()='OK']"}
COMMAND: POST /session/0631827be0a93fac797ef22e97364bed/elements - {"using":"xpath","value":"//*[text()='OK']"}
RESULT: {"using":"xpath","value":"//*[text()='OK']"}
COMMAND: POST /session/0631827be0a93fac797ef22e97364bed/elements - {"using":"xpath","value":"//*[text()='OK']"}
RESULT: {"using":"xpath","value":"//*[text()='OK']"}
COMMAND: POST /session/0631827be0a93fac797ef22e97364bed/elements - {"using":"xpath","value":"//*[text()='OK']"}
RESULT: {"using":"xpath","value":"//*[text()='OK']"}
COMMAND: POST /session/0631827be0a93fac797ef22e97364bed/elements - {"using":"xpath","value":"//*[text()='OK']"}
RESULT: {"using":"xpath","value":"//*[text()='OK']"}
COMMAND: POST /session/0631827be0a93fac797ef22e97364bed/elements - {"using":"xpath","value":"//*[text()='OK']"}
RESULT: {"using":"xpath","value":"//*[text()='OK']"}
COMMAND: POST /session/0631827be0a93fac797ef22e97364bed/elements - {"using":"xpath","value":"//*[text()='OK']"}
RESULT: {"using":"xpath","value":"//*[text()='OK']"}
COMMAND: POST /session/0631827be0a93fac797ef22e97364bed/elements - {"using":"xpath","value":"//*[text()='OK']"}
RESULT: {"using":"xpath","value":"//*[text()='OK']"}
COMMAND: POST /session/0631827be0a93fac797ef22e97364bed/elements - {"using":"xpath","value":"//*[text()='OK']"}
RESULT: {"using":"xpath","value":"//*[text()='OK']"}
COMMAND: POST /session/0631827be0a93fac797ef22e97364bed/elements - {"using":"xpath","value":"//*[text()='OK']"}
RESULT: {"using":"xpath","value":"//*[text()='OK']"}
COMMAND: POST /session/0631827be0a93fac797ef22e97364bed/elements - {"using":"xpath","value":"//*[text()='OK']"}
RESULT: {"using":"xpath","value":"//*[text()='OK']"}
COMMAND: POST /session/0631827be0a93fac797ef22e97364bed/elements - {"using":"xpath","value":"//*[text()='OK']"}
RESULT: {"using":"xpath","value":"//*[text()='OK']"}
COMMAND: POST /session/0631827be0a93fac797ef22e97364bed/elements - {"using":"xpath","value":"//*[text()='OK']"}
RESULT: {"using":"xpath","value":"//*[text()='OK']"}
COMMAND: POST /session/0631827be0a93fac797ef22e97364bed/elements - {"using":"xpath","value":"//*[text()='OK']"}
RESULT: {"using":"xpath","value":"//*[text()='OK']"}
COMMAND: POST /session/0631827be0a93fac797ef22e97364bed/elements - {"using":"xpath","value":"//*[text()='OK']"}
RESULT: {"using":"xpath","value":"//*[text()='OK']"}
COMMAND: POST /session/0631827be0a93fac797ef22e97364bed/elements - {"using":"xpath","value":"//*[text()='OK']"}
RESULT: {"using":"xpath","value":"//*[text()='OK']"}
COMMAND: POST /session/0631827be0a93fac797ef22e97364bed/elements - {"using":"xpath","value":"//*[text()='OK']"}
RESULT: {"using":"xpath","value":"//*[text()='OK']"}
COMMAND: POST /session/0631827be0a93fac797ef22e97364bed/elements - {"using":"xpath","value":"//*[text()='OK']"}
RESULT: {"using":"xpath","value":"//*[text()='OK']"}
COMMAND: POST /session/0631827be0a93fac797ef22e97364bed/elements - {"using":"xpath","value":"//*[text()='OK']"}
RESULT: {"using":"xpath","value":"//*[text()='OK']"}
COMMAND: POST /session/0631827be0a93fac797ef22e97364bed/elements - {"using":"xpath","value":"//*[text()='OK']"}
RESULT: {"using":"xpath","value":"//*[text()='OK']"}
COMMAND: POST /session/0631827be0a93fac797ef22e97364bed/elements - {"using":"xpath","value":"//*[text()='OK']"}
RESULT: {"using":"xpath","value":"//*[text()='OK']"}
COMMAND: POST /session/0631827be0a93fac797ef22e97364bed/elements - {"using":"xpath","value":"//*[text()='OK']"}
RESULT: {"using":"xpath","value":"//*[text()='OK']"}
COMMAND: POST /session/0631827be0a93fac797ef22e97364bed/elements - {"using":"xpath","value":"//*[text()='OK']"}
RESULT: {"using":"xpath","value":"//*[text()='OK']"}
COMMAND: POST /session/0631827be0a93fac797ef22e97364bed/elements - {"using":"xpath","value":"//*[text()='OK']"}
RESULT: {"using":"xpath","value":"//*[text()='OK']"}
COMMAND: POST /session/0631827be0a93fac797ef22e97364bed/elements - {"using":"xpath","value":"//*[text()='OK']"}
RESULT: {"using":"xpath","value":"//*[text()='OK']"}
COMMAND: POST /session/0631827be0a93fac797ef22e97364bed/elements - {"using":"xpath","value":"//*[text()='OK']"}
RESULT: {"using":"xpath","value":"//*[text()='OK']"}
COMMAND: POST /session/0631827be0a93fac797ef22e97364bed/elements - {"using":"xpath","value":"//*[text()='OK']"}
RESULT: {"using":"xpath","value":"//*[text()='OK']"}
COMMAND: POST /session/0631827be0a93fac797ef22e97364bed/elements - {"using":"xpath","value":"//*[text()='OK']"}
RESULT: {"using":"xpath","value":"//*[text()='OK']"}
COMMAND: POST /session/0631827be0a93fac797ef22e97364bed/elements - {"using":"xpath","value":"//*[text()='OK']"}
RESULT: {"using":"xpath","value":"//*[text()='OK']"}
COMMAND: POST /session/0631827be0a93fac797ef22e97364bed/elements - {"using":"xpath","value":"//*[text()='OK']"}
RESULT: {"using":"xpath","value":"//*[text()='OK']"}
COMMAND: POST /session/0631827be0a93fac797ef22e97364bed/elements - {"using":"xpath","value":"//*[text()='OK']"}
RESULT: {"using":"xpath","value":"//*[text()='OK']"}
COMMAND: POST /session/0631827be0a93fac797ef22e97364bed/elements - {"using":"xpath","value":"//*[text()='OK']"}
RESULT: {"using":"xpath","value":"//*[text()='OK']"}
COMMAND: POST /session/0631827be0a93fac797ef22e97364bed/elements - {"using":"xpath","value":"//*[text()='OK']"}
RESULT: {"using":"xpath","value":"//*[text()='OK']"}
COMMAND: POST /session/0631827be0a93fac797ef22e97364bed/elements - {"using":"xpath","value":"//*[text()='OK']"}
RESULT: {"using":"xpath","value":"//*[text()='OK']"}
COMMAND: POST /session/0631827be0a93fac797ef22e97364bed/elements - {"using":"xpath","value":"//*[text()='OK']"}
RESULT: {"using":"xpath","value":"//*[text()='OK']"}
COMMAND: POST /session/0631827be0a93fac797ef22e97364bed/elements - {"using":"xpath","value":"//*[text()='OK']"}
RESULT: {"using":"xpath","value":"//*[text()='OK']"}
COMMAND: POST /session/0631827be0a93fac797ef22e97364bed/elements - {"using":"xpath","value":"//*[text()='OK']"}
RESULT: {"using":"xpath","value":"//*[text()='OK']"}
COMMAND: POST /session/0631827be0a93fac797ef22e97364bed/elements - {"using":"xpath","value":"//*[text()='OK']"}
RESULT: {"using":"xpath","value":"//*[text()='OK']"}
COMMAND: POST /session/0631827be0a93fac797ef22e97364bed/elements - {"using":"xpath","value":"//*[text()='OK']"}
RESULT: {"using":"xpath","value":"//*[text()='OK']"}
COMMAND: POST /session/0631827be0a93fac797ef22e97364bed/elements - {"using":"xpath","value":"//*[text()='OK']"}
RESULT: {"using":"xpath","value":"//*[text()='OK']"}
COMMAND: POST /session/0631827be0a93fac797ef22e97364bed/elements - {"using":"xpath","value":"//*[text()='OK']"}
RESULT: {"using":"xpath","value":"//*[text()='OK']"}
COMMAND: POST /session/0631827be0a93fac797ef22e97364bed/elements - {"using":"xpath","value":"//*[text()='OK']"}
RESULT: {"using":"xpath","value":"//*[text()='OK']"}
COMMAND: POST /session/0631827be0a93fac797ef22e97364bed/elements - {"using":"xpath","value":"//*[text()='OK']"}
RESULT: {"using":"xpath","value":"//*[text()='OK']"}
COMMAND: POST /session/0631827be0a93fac797ef22e97364bed/elements - {"using":"xpath","value":"//*[text()='OK']"}
RESULT: {"using":"xpath","value":"//*[text()='OK']"}
COMMAND: POST /session/0631827be0a93fac797ef22e97364bed/elements - {"using":"xpath","value":"//*[text()='OK']"}
RESULT: {"using":"xpath","value":"//*[text()='OK']"}
COMMAND: POST /session/0631827be0a93fac797ef22e97364bed/elements - {"using":"xpath","value":"//*[text()='OK']"}
RESULT: {"using":"xpath","value":"//*[text()='OK']"}
COMMAND: POST /session/0631827be0a93fac797ef22e97364bed/elements - {"using":"xpath","value":"//*[text()='OK']"}
RESULT: {"using":"xpath","value":"//*[text()='OK']"}
COMMAND: POST /session/0631827be0a93fac797ef22e97364bed/elements - {"using":"xpath","value":"//*[text()='OK']"}
RESULT: {"using":"xpath","value":"//*[text()='OK']"}
COMMAND: POST /session/0631827be0a93fac797ef22e97364bed/elements - {"using":"xpath","value":"//*[text()='OK']"}
RESULT: {"using":"xpath","value":"//*[text()='OK']"}
COMMAND: POST /session/0631827be0a93fac797ef22e97364bed/elements - {"using":"xpath","value":"//*[text()='OK']"}
RESULT: {"using":"xpath","value":"//*[text()='OK']"}
COMMAND: POST /session/0631827be0a93fac797ef22e97364bed/elements - {"using":"xpath","value":"//*[text()='OK']"}
RESULT: {"using":"xpath","value":"//*[text()='OK']"}
COMMAND: POST /session/0631827be0a93fac797ef22e97364bed/elements - {"using":"xpath","value":"//*[text()='OK']"}
RESULT: {"using":"xpath","value":"//*[text()='OK']"}
COMMAND: POST /session/0631827be0a93fac797ef22e97364bed/elements - {"using":"xpath","value":"//*[text()='OK']"}
RESULT: {"using":"xpath","value":"//*[text()='OK']"}
COMMAND: POST /session/0631827be0a93fac797ef22e97364bed/elements - {"using":"xpath","value":"//*[text()='OK']"}
RESULT: {"using":"xpath","value":"//*[text()='OK']"}
COMMAND: POST /session/0631827be0a93fac797ef22e97364bed/element - {"using":"xpath","value":"//*[text()='provide (prepared)']"}
RESULT: {"using":"xpath","value":"//*[text()='provide (prepared)']"}
COMMAND: GET /session/0631827be0a93fac797ef22e97364bed/element/f.1195843739892CF439726866CA7D4ED2.d.8790B7E83BFC4DC64D24498255BFDD9A.e.9491/text - {}
RESULT: {}
COMMAND: POST /session/0631827be0a93fac797ef22e97364bed/element - {"using":"xpath","value":"//*[contains(text(), \"Instructions\")][@class=\"sapMITHTextContent\"]"}
RESULT: {"using":"xpath","value":"//*[contains(text(), \"Instructions\")][@class=\"sapMITHTextContent\"]"}
COMMAND: POST /session/0631827be0a93fac797ef22e97364bed/execute/sync - {"script":"<script> [8489 bytes]","args":[{"element-6066-11e4-a52e-4f735466cecf":"f.1195843739892CF439726866CA7D4ED2.d.8790B7E83BFC4DC64D24498255BFDD9A.e.9492","ELEMENT":"f.1195843739892CF439726866CA7D4ED2.d.8790B7E83BFC4DC64D24498255BFDD9A.e.9492"}]}
RESULT: {"script":"<script> [8489 bytes]","args":[{"element-6066-11e4-a52e-4f735466cecf":"f.1195843739892CF439726866CA7D4ED2.d.8790B7E83BFC4DC64D24498255BFDD9A.e.9492","ELEMENT":"f.1195843739892CF439726866CA7D4ED2.d.8790B7E83BFC4DC64D24498255BFDD9A.e.9492"}]}
COMMAND: POST /session/0631827be0a93fac797ef22e97364bed/execute/sync - {"script":"<script> [5351 bytes]","args":[{"element-6066-11e4-a52e-4f735466cecf":"f.1195843739892CF439726866CA7D4ED2.d.8790B7E83BFC4DC64D24498255BFDD9A.e.9492","ELEMENT":"f.1195843739892CF439726866CA7D4ED2.d.8790B7E83BFC4DC64D24498255BFDD9A.e.9492"}]}
COMMAND: GET /session/0631827be0a93fac797ef22e97364bed/screenshot - {}
RESULT: {"script":"<script> [5351 bytes]","args":[{"element-6066-11e4-a52e-4f735466cecf":"f.1195843739892CF439726866CA7D4ED2.d.8790B7E83BFC4DC64D24498255BFDD9A.e.9492","ELEMENT":"f.1195843739892CF439726866CA7D4ED2.d.8790B7E83BFC4DC64D24498255BFDD9A.e.9492"}]}
COMMAND: POST /session/0631827be0a93fac797ef22e97364bed/element/f.1195843739892CF439726866CA7D4ED2.d.8790B7E83BFC4DC64D24498255BFDD9A.e.9492/click - {}
COMMAND: GET /session/0631827be0a93fac797ef22e97364bed/screenshot - {}
RESULT: {}
RESULT: {}
COMMAND: POST /session/0631827be0a93fac797ef22e97364bed/actions - {"actions":[{"id":"action38","type":"key","parameters":{},"actions":[{"type":"keyDown","value":"î€‡"},{"type":"pause","duration":10},{"type":"keyUp","value":"î€‡"}]}]}
COMMAND: GET /session/0631827be0a93fac797ef22e97364bed/screenshot - {}
RESULT: {}
RESULT: {"actions":[{"id":"action38","type":"key","parameters":{},"actions":[{"type":"keyDown","value":"î€‡"},{"type":"pause","duration":10},{"type":"keyUp","value":"î€‡"}]}]}
COMMAND: POST /session/0631827be0a93fac797ef22e97364bed/element - {"using":"css selector","value":"#pickDialog--hoItemsTable-sa-CbBg"}
COMMAND: GET /session/0631827be0a93fac797ef22e97364bed/screenshot - {}
RESULT: {}
RESULT: {"using":"css selector","value":"#pickDialog--hoItemsTable-sa-CbBg"}
COMMAND: GET /session/0631827be0a93fac797ef22e97364bed/element/f.1195843739892CF439726866CA7D4ED2.d.8790B7E83BFC4DC64D24498255BFDD9A.e.9500/enabled - {}
RESULT: {}
RESULT: {}
COMMAND: POST /session/0631827be0a93fac797ef22e97364bed/execute/sync - {"script":"<script> [8489 bytes]","args":[{"element-6066-11e4-a52e-4f735466cecf":"f.1195843739892CF439726866CA7D4ED2.d.8790B7E83BFC4DC64D24498255BFDD9A.e.9500","ELEMENT":"f.1195843739892CF439726866CA7D4ED2.d.8790B7E83BFC4DC64D24498255BFDD9A.e.9500"}]}
COMMAND: GET /session/0631827be0a93fac797ef22e97364bed/screenshot - {}
RESULT: {"script":"<script> [8489 bytes]","args":[{"element-6066-11e4-a52e-4f735466cecf":"f.1195843739892CF439726866CA7D4ED2.d.8790B7E83BFC4DC64D24498255BFDD9A.e.9500","ELEMENT":"f.1195843739892CF439726866CA7D4ED2.d.8790B7E83BFC4DC64D24498255BFDD9A.e.9500"}]}
COMMAND: POST /session/0631827be0a93fac797ef22e97364bed/execute/sync - {"script":"<script> [5351 bytes]","args":[{"element-6066-11e4-a52e-4f735466cecf":"f.1195843739892CF439726866CA7D4ED2.d.8790B7E83BFC4DC64D24498255BFDD9A.e.9500","ELEMENT":"f.1195843739892CF439726866CA7D4ED2.d.8790B7E83BFC4DC64D24498255BFDD9A.e.9500"}]}
COMMAND: GET /session/0631827be0a93fac797ef22e97364bed/screenshot - {}
RESULT: {}
RESULT: {"script":"<script> [5351 bytes]","args":[{"element-6066-11e4-a52e-4f735466cecf":"f.1195843739892CF439726866CA7D4ED2.d.8790B7E83BFC4DC64D24498255BFDD9A.e.9500","ELEMENT":"f.1195843739892CF439726866CA7D4ED2.d.8790B7E83BFC4DC64D24498255BFDD9A.e.9500"}]}
COMMAND: POST /session/0631827be0a93fac797ef22e97364bed/element/f.1195843739892CF439726866CA7D4ED2.d.8790B7E83BFC4DC64D24498255BFDD9A.e.9500/click - {}
COMMAND: GET /session/0631827be0a93fac797ef22e97364bed/screenshot - {}
RESULT: {}
RESULT: {}
COMMAND: POST /session/0631827be0a93fac797ef22e97364bed/element - {"using":"xpath","value":"//bdi[text()='Confirm All']"}
COMMAND: GET /session/0631827be0a93fac797ef22e97364bed/screenshot - {}
RESULT: {}
RESULT: {"using":"xpath","value":"//bdi[text()='Confirm All']"}
COMMAND: GET /session/0631827be0a93fac797ef22e97364bed/element/f.1195843739892CF439726866CA7D4ED2.d.8790B7E83BFC4DC64D24498255BFDD9A.e.9503/enabled - {}
RESULT: {}
RESULT: {}
COMMAND: POST /session/0631827be0a93fac797ef22e97364bed/execute/sync - {"script":"<script> [8489 bytes]","args":[{"element-6066-11e4-a52e-4f735466cecf":"f.1195843739892CF439726866CA7D4ED2.d.8790B7E83BFC4DC64D24498255BFDD9A.e.9503","ELEMENT":"f.1195843739892CF439726866CA7D4ED2.d.8790B7E83BFC4DC64D24498255BFDD9A.e.9503"}]}
COMMAND: GET /session/0631827be0a93fac797ef22e97364bed/screenshot - {}
RESULT: {"script":"<script> [8489 bytes]","args":[{"element-6066-11e4-a52e-4f735466cecf":"f.1195843739892CF439726866CA7D4ED2.d.8790B7E83BFC4DC64D24498255BFDD9A.e.9503","ELEMENT":"f.1195843739892CF439726866CA7D4ED2.d.8790B7E83BFC4DC64D24498255BFDD9A.e.9503"}]}
COMMAND: POST /session/0631827be0a93fac797ef22e97364bed/execute/sync - {"script":"<script> [5351 bytes]","args":[{"element-6066-11e4-a52e-4f735466cecf":"f.1195843739892CF439726866CA7D4ED2.d.8790B7E83BFC4DC64D24498255BFDD9A.e.9503","ELEMENT":"f.1195843739892CF439726866CA7D4ED2.d.8790B7E83BFC4DC64D24498255BFDD9A.e.9503"}]}
COMMAND: GET /session/0631827be0a93fac797ef22e97364bed/screenshot - {}
RESULT: {}
RESULT: {"script":"<script> [5351 bytes]","args":[{"element-6066-11e4-a52e-4f735466cecf":"f.1195843739892CF439726866CA7D4ED2.d.8790B7E83BFC4DC64D24498255BFDD9A.e.9503","ELEMENT":"f.1195843739892CF439726866CA7D4ED2.d.8790B7E83BFC4DC64D24498255BFDD9A.e.9503"}]}
COMMAND: POST /session/0631827be0a93fac797ef22e97364bed/element/f.1195843739892CF439726866CA7D4ED2.d.8790B7E83BFC4DC64D24498255BFDD9A.e.9503/click - {}
COMMAND: GET /session/0631827be0a93fac797ef22e97364bed/screenshot - {}
RESULT: {}
RESULT: {}
COMMAND: GET /session/0631827be0a93fac797ef22e97364bed/screenshot - {}
RESULT: {}
RESULT: {}
COMMAND: POST /session/0631827be0a93fac797ef22e97364bed/actions - {"actions":[{"id":"action39","type":"key","parameters":{},"actions":[{"type":"keyDown","value":"î€‡"},{"type":"pause","duration":10},{"type":"keyUp","value":"î€‡"}]}]}
RESULT: {"actions":[{"id":"action39","type":"key","parameters":{},"actions":[{"type":"keyDown","value":"î€‡"},{"type":"pause","duration":10},{"type":"keyUp","value":"î€‡"}]}]}
COMMAND: POST /session/0631827be0a93fac797ef22e97364bed/actions - {"actions":[{"id":"action40","type":"key","parameters":{},"actions":[{"type":"keyDown","value":"î€‡"},{"type":"pause","duration":10},{"type":"keyUp","value":"î€‡"}]}]}
COMMAND: GET /session/0631827be0a93fac797ef22e97364bed/screenshot - {}
RESULT: {"actions":[{"id":"action40","type":"key","parameters":{},"actions":[{"type":"keyDown","value":"î€‡"},{"type":"pause","duration":10},{"type":"keyUp","value":"î€‡"}]}]}
COMMAND: POST /session/0631827be0a93fac797ef22e97364bed/execute/async - {"script":"<script> [1562 bytes]","args":[{"selector":{"id":"statesDialog--okBttnStatesDialog","searchOpenDialogs":true,"interaction":{"idSuffix":"BDI-content"}},"wdio_ui5_key":"statesDialogokBttnStatesDialog"}]}
COMMAND: GET /session/0631827be0a93fac797ef22e97364bed/screenshot - {}
RESULT: {}
RESULT: {"script":"<script> [1562 bytes]","args":[{"selector":{"id":"statesDialog--okBttnStatesDialog","searchOpenDialogs":true,"interaction":{"idSuffix":"BDI-content"}},"wdio_ui5_key":"statesDialogokBttnStatesDialog"}]}
RESULT: undefined
RESULT: {}
RESULT: undefined
RESULT: undefined
COMMAND: POST /session/0631827be0a93fac797ef22e97364bed/actions - {"actions":[{"id":"action41","type":"key","parameters":{},"actions":[{"type":"keyDown","value":"î€‡"},{"type":"pause","duration":10},{"type":"keyUp","value":"î€‡"}]}]}
RESULT: {"actions":[{"id":"action41","type":"key","parameters":{},"actions":[{"type":"keyDown","value":"î€‡"},{"type":"pause","duration":10},{"type":"keyUp","value":"î€‡"}]}]}
COMMAND: POST /session/0631827be0a93fac797ef22e97364bed/execute/async - {"script":"<script> [1562 bytes]","args":[{"selector":{"controlType":"sap.m.Text","viewName":"etm.portal.ui.managehandovers.view.DetailExecuteHO","bindingPath":{"propertyPath":"NO","modelName":"catalogModel"}},"wdio_ui5_key":"etmportal.ui.managehandovers.view.DetailExecuteHOsap.m.Text{\"propertyPath\":\"NO\",\"modelName\":\"catalogModel\"}"}]}
COMMAND: GET /session/0631827be0a93fac797ef22e97364bed/screenshot - {}
RESULT: {"script":"<script> [1562 bytes]","args":[{"selector":{"controlType":"sap.m.Text","viewName":"etm.portal.ui.managehandovers.view.DetailExecuteHO","bindingPath":{"propertyPath":"NO","modelName":"catalogModel"}},"wdio_ui5_key":"etmportal.ui.managehandovers.view.DetailExecuteHOsap.m.Text{\"propertyPath\":\"NO\",\"modelName\":\"catalogModel\"}"}]}
RESULT: undefined
COMMAND: POST /session/0631827be0a93fac797ef22e97364bed/execute/async - {"script":"<script> [6424 bytes]","args":[{"element-6066-11e4-a52e-4f735466cecf":"f.1195843739892CF439726866CA7D4ED2.d.8790B7E83BFC4DC64D24498255BFDD9A.e.9509"},"getText",[]]}
RESULT: {}
RESULT: {"script":"<script> [6424 bytes]","args":[{"element-6066-11e4-a52e-4f735466cecf":"f.1195843739892CF439726866CA7D4ED2.d.8790B7E83BFC4DC64D24498255BFDD9A.e.9509"},"getText",[]]}
COMMAND: POST /session/0631827be0a93fac797ef22e97364bed/actions - {"actions":[{"id":"action42","type":"key","parameters":{},"actions":[{"type":"keyDown","value":"î€‡"},{"type":"pause","duration":10},{"type":"keyUp","value":"î€‡"}]}]}
RESULT: {"actions":[{"id":"action42","type":"key","parameters":{},"actions":[{"type":"keyDown","value":"î€‡"},{"type":"pause","duration":10},{"type":"keyUp","value":"î€‡"}]}]}
COMMAND: GET /session/0631827be0a93fac797ef22e97364bed/screenshot - {}
RESULT: {}
COMMAND: POST /session/0631827be0a93fac797ef22e97364bed/element - {"using":"xpath","value":"//bdi[text()='OK']"}
RESULT: {"using":"xpath","value":"//bdi[text()='OK']"}
COMMAND: POST /session/0631827be0a93fac797ef22e97364bed/element - {"using":"xpath","value":"//bdi[text()='OK']"}
RESULT: {"using":"xpath","value":"//bdi[text()='OK']"}
COMMAND: POST /session/0631827be0a93fac797ef22e97364bed/actions - {"actions":[{"id":"action43","type":"key","parameters":{},"actions":[{"type":"keyDown","value":"î€‡"},{"type":"pause","duration":10},{"type":"keyUp","value":"î€‡"}]}]}
RESULT: {"actions":[{"id":"action43","type":"key","parameters":{},"actions":[{"type":"keyDown","value":"î€‡"},{"type":"pause","duration":10},{"type":"keyUp","value":"î€‡"}]}]}
COMMAND: POST /session/0631827be0a93fac797ef22e97364bed/element - {"using":"xpath","value":"//bdi[(text() = 'Confirm' or . = 'Confirm')]"}
COMMAND: GET /session/0631827be0a93fac797ef22e97364bed/screenshot - {}
RESULT: {"using":"xpath","value":"//bdi[(text() = 'Confirm' or . = 'Confirm')]"}
COMMAND: POST /session/0631827be0a93fac797ef22e97364bed/execute/sync - {"script":"<script> [8489 bytes]","args":[{"element-6066-11e4-a52e-4f735466cecf":"f.1195843739892CF439726866CA7D4ED2.d.8790B7E83BFC4DC64D24498255BFDD9A.e.9513","ELEMENT":"f.1195843739892CF439726866CA7D4ED2.d.8790B7E83BFC4DC64D24498255BFDD9A.e.9513"}]}
RESULT: {}
RESULT: {"script":"<script> [8489 bytes]","args":[{"element-6066-11e4-a52e-4f735466cecf":"f.1195843739892CF439726866CA7D4ED2.d.8790B7E83BFC4DC64D24498255BFDD9A.e.9513","ELEMENT":"f.1195843739892CF439726866CA7D4ED2.d.8790B7E83BFC4DC64D24498255BFDD9A.e.9513"}]}
COMMAND: POST /session/0631827be0a93fac797ef22e97364bed/execute/sync - {"script":"<script> [8489 bytes]","args":[{"element-6066-11e4-a52e-4f735466cecf":"f.1195843739892CF439726866CA7D4ED2.d.8790B7E83BFC4DC64D24498255BFDD9A.e.9513","ELEMENT":"f.1195843739892CF439726866CA7D4ED2.d.8790B7E83BFC4DC64D24498255BFDD9A.e.9513"}]}
COMMAND: GET /session/0631827be0a93fac797ef22e97364bed/screenshot - {}
RESULT: {"script":"<script> [8489 bytes]","args":[{"element-6066-11e4-a52e-4f735466cecf":"f.1195843739892CF439726866CA7D4ED2.d.8790B7E83BFC4DC64D24498255BFDD9A.e.9513","ELEMENT":"f.1195843739892CF439726866CA7D4ED2.d.8790B7E83BFC4DC64D24498255BFDD9A.e.9513"}]}
COMMAND: POST /session/0631827be0a93fac797ef22e97364bed/execute/sync - {"script":"<script> [5351 bytes]","args":[{"element-6066-11e4-a52e-4f735466cecf":"f.1195843739892CF439726866CA7D4ED2.d.8790B7E83BFC4DC64D24498255BFDD9A.e.9513","ELEMENT":"f.1195843739892CF439726866CA7D4ED2.d.8790B7E83BFC4DC64D24498255BFDD9A.e.9513"}]}
COMMAND: GET /session/0631827be0a93fac797ef22e97364bed/screenshot - {}
RESULT: {}
RESULT: {"script":"<script> [5351 bytes]","args":[{"element-6066-11e4-a52e-4f735466cecf":"f.1195843739892CF439726866CA7D4ED2.d.8790B7E83BFC4DC64D24498255BFDD9A.e.9513","ELEMENT":"f.1195843739892CF439726866CA7D4ED2.d.8790B7E83BFC4DC64D24498255BFDD9A.e.9513"}]}
COMMAND: POST /session/0631827be0a93fac797ef22e97364bed/actions - {"actions":[{"id":"action44","type":"key","parameters":{},"actions":[{"type":"keyDown","value":"î€‡"},{"type":"pause","duration":10},{"type":"keyUp","value":"î€‡"}]}]}
COMMAND: GET /session/0631827be0a93fac797ef22e97364bed/screenshot - {}
RESULT: {}
RESULT: {"actions":[{"id":"action44","type":"key","parameters":{},"actions":[{"type":"keyDown","value":"î€‡"},{"type":"pause","duration":10},{"type":"keyUp","value":"î€‡"}]}]}
COMMAND: POST /session/0631827be0a93fac797ef22e97364bed/element - {"using":"xpath","value":"(//bdi[text()='Pick'])[1]"}
COMMAND: GET /session/0631827be0a93fac797ef22e97364bed/screenshot - {}
RESULT: {}
RESULT: {"using":"xpath","value":"(//bdi[text()='Pick'])[1]"}
COMMAND: GET /session/0631827be0a93fac797ef22e97364bed/element/f.1195843739892CF439726866CA7D4ED2.d.8790B7E83BFC4DC64D24498255BFDD9A.e.9514/enabled - {}
RESULT: {}
RESULT: {}
COMMAND: POST /session/0631827be0a93fac797ef22e97364bed/execute/sync - {"script":"<script> [8489 bytes]","args":[{"element-6066-11e4-a52e-4f735466cecf":"f.1195843739892CF439726866CA7D4ED2.d.8790B7E83BFC4DC64D24498255BFDD9A.e.9514","ELEMENT":"f.1195843739892CF439726866CA7D4ED2.d.8790B7E83BFC4DC64D24498255BFDD9A.e.9514"}]}
COMMAND: GET /session/0631827be0a93fac797ef22e97364bed/screenshot - {}
RESULT: {"script":"<script> [8489 bytes]","args":[{"element-6066-11e4-a52e-4f735466cecf":"f.1195843739892CF439726866CA7D4ED2.d.8790B7E83BFC4DC64D24498255BFDD9A.e.9514","ELEMENT":"f.1195843739892CF439726866CA7D4ED2.d.8790B7E83BFC4DC64D24498255BFDD9A.e.9514"}]}
COMMAND: POST /session/0631827be0a93fac797ef22e97364bed/execute/sync - {"script":"<script> [5351 bytes]","args":[{"element-6066-11e4-a52e-4f735466cecf":"f.1195843739892CF439726866CA7D4ED2.d.8790B7E83BFC4DC64D24498255BFDD9A.e.9514","ELEMENT":"f.1195843739892CF439726866CA7D4ED2.d.8790B7E83BFC4DC64D24498255BFDD9A.e.9514"}]}
COMMAND: GET /session/0631827be0a93fac797ef22e97364bed/screenshot - {}
RESULT: {}
RESULT: {"script":"<script> [5351 bytes]","args":[{"element-6066-11e4-a52e-4f735466cecf":"f.1195843739892CF439726866CA7D4ED2.d.8790B7E83BFC4DC64D24498255BFDD9A.e.9514","ELEMENT":"f.1195843739892CF439726866CA7D4ED2.d.8790B7E83BFC4DC64D24498255BFDD9A.e.9514"}]}
COMMAND: POST /session/0631827be0a93fac797ef22e97364bed/element/f.1195843739892CF439726866CA7D4ED2.d.8790B7E83BFC4DC64D24498255BFDD9A.e.9514/click - {}
COMMAND: GET /session/0631827be0a93fac797ef22e97364bed/screenshot - {}
RESULT: {}
RESULT: {}
COMMAND: POST /session/0631827be0a93fac797ef22e97364bed/actions - {"actions":[{"id":"action45","type":"key","parameters":{},"actions":[{"type":"keyDown","value":"î€‡"},{"type":"pause","duration":10},{"type":"keyUp","value":"î€‡"}]}]}
COMMAND: GET /session/0631827be0a93fac797ef22e97364bed/screenshot - {}
RESULT: {}
RESULT: {"actions":[{"id":"action45","type":"key","parameters":{},"actions":[{"type":"keyDown","value":"î€‡"},{"type":"pause","duration":10},{"type":"keyUp","value":"î€‡"}]}]}
COMMAND: GET /session/0631827be0a93fac797ef22e97364bed/screenshot - {}
RESULT: {}
RESULT: {}
COMMAND: POST /session/0631827be0a93fac797ef22e97364bed/execute/async - {"script":"<script> [1562 bytes]","args":[{"selector":{"controlType":"sap.m.SearchField","viewName":"etm.portal.ui.managehandovers.view.MasterHO","bindingPath":{"path":"","propertyPath":"/_BASIC_SEARCH_FIELD","modelName":"fi1t3rM0d31"},"interaction":{"idSuffix":"I"}},"wdio_ui5_key":"etmportal.ui.managehandovers.view.MasterHOsap.m.SearchField{\"path\":\"\",\"propertyPath\":\"/_BASIC_SEARCH_FIELD\",\"modelName\":\"fi1t3rM0d31\"}"}]}
RESULT: {"script":"<script> [1562 bytes]","args":[{"selector":{"controlType":"sap.m.SearchField","viewName":"etm.portal.ui.managehandovers.view.MasterHO","bindingPath":{"path":"","propertyPath":"/_BASIC_SEARCH_FIELD","modelName":"fi1t3rM0d31"},"interaction":{"idSuffix":"I"}},"wdio_ui5_key":"etmportal.ui.managehandovers.view.MasterHOsap.m.SearchField{\"path\":\"\",\"propertyPath\":\"/_BASIC_SEARCH_FIELD\",\"modelName\":\"fi1t3rM0d31\"}"}]}
RESULT: undefined
COMMAND: POST /session/0631827be0a93fac797ef22e97364bed/execute/async - {"script":"<script> [776 bytes]","args":[{"enterText":"30579","selector":{"controlType":"sap.m.SearchField","viewName":"etm.portal.ui.managehandovers.view.MasterHO","bindingPath":{"path":"","propertyPath":"/_BASIC_SEARCH_FIELD","modelName":"fi1t3rM0d31"},"interaction":{"idSuffix":"I"}},"clearTextFirst":true,"interactionType":"ENTER_TEXT"}]}
RESULT: {"script":"<script> [776 bytes]","args":[{"enterText":"30579","selector":{"controlType":"sap.m.SearchField","viewName":"etm.portal.ui.managehandovers.view.MasterHO","bindingPath":{"path":"","propertyPath":"/_BASIC_SEARCH_FIELD","modelName":"fi1t3rM0d31"},"interaction":{"idSuffix":"I"}},"clearTextFirst":true,"interactionType":"ENTER_TEXT"}]}
COMMAND: POST /session/0631827be0a93fac797ef22e97364bed/actions - {"actions":[{"id":"action46","type":"key","parameters":{},"actions":[{"type":"keyDown","value":"î€‡"},{"type":"pause","duration":10},{"type":"keyUp","value":"î€‡"}]}]}
RESULT: {"actions":[{"id":"action46","type":"key","parameters":{},"actions":[{"type":"keyDown","value":"î€‡"},{"type":"pause","duration":10},{"type":"keyUp","value":"î€‡"}]}]}
COMMAND: GET /session/0631827be0a93fac797ef22e97364bed/screenshot - {}
RESULT: {}
COMMAND: POST /session/0631827be0a93fac797ef22e97364bed/execute/async - {"script":"<script> [1562 bytes]","args":[{"selector":{"controlType":"sap.ui.core.Icon","viewName":"etm.portal.ui.managehandovers.view.MasterHO","properties":{"src":{"regex":{"source":"slim\\-arrow\\-right"}}}},"wdio_ui5_key":"etmportal.ui.managehandovers.view.MasterHOsap.ui.core.Icon{\"src\":{\"regex\":{\"source\":\"slim\\\\-arrow\\\\-right\"}}}"}]}
RESULT: {"script":"<script> [1562 bytes]","args":[{"selector":{"controlType":"sap.ui.core.Icon","viewName":"etm.portal.ui.managehandovers.view.MasterHO","properties":{"src":{"regex":{"source":"slim\\-arrow\\-right"}}}},"wdio_ui5_key":"etmportal.ui.managehandovers.view.MasterHOsap.ui.core.Icon{\"src\":{\"regex\":{\"source\":\"slim\\\\-arrow\\\\-right\"}}}"}]}
RESULT: undefined
COMMAND: POST /session/0631827be0a93fac797ef22e97364bed/element - {"using":"xpath","value":"//*[@id=\"__item3112-__clone8458-imgNav\"]"}
RESULT: {"using":"xpath","value":"//*[@id=\"__item3112-__clone8458-imgNav\"]"}
COMMAND: POST /session/0631827be0a93fac797ef22e97364bed/element/f.1195843739892CF439726866CA7D4ED2.d.8790B7E83BFC4DC64D24498255BFDD9A.e.9794/click - {}
RESULT: {}
COMMAND: POST /session/0631827be0a93fac797ef22e97364bed/element - {"using":"xpath","value":"(//span[text()='Instructions'])[2]"}
COMMAND: GET /session/0631827be0a93fac797ef22e97364bed/screenshot - {}
RESULT: {"using":"xpath","value":"(//span[text()='Instructions'])[2]"}
COMMAND: GET /session/0631827be0a93fac797ef22e97364bed/element/f.1195843739892CF439726866CA7D4ED2.d.8790B7E83BFC4DC64D24498255BFDD9A.e.9492/enabled - {}
RESULT: {}
RESULT: {}
COMMAND: POST /session/0631827be0a93fac797ef22e97364bed/execute/sync - {"script":"<script> [8489 bytes]","args":[{"element-6066-11e4-a52e-4f735466cecf":"f.1195843739892CF439726866CA7D4ED2.d.8790B7E83BFC4DC64D24498255BFDD9A.e.9492","ELEMENT":"f.1195843739892CF439726866CA7D4ED2.d.8790B7E83BFC4DC64D24498255BFDD9A.e.9492"}]}
COMMAND: GET /session/0631827be0a93fac797ef22e97364bed/screenshot - {}
RESULT: {"script":"<script> [8489 bytes]","args":[{"element-6066-11e4-a52e-4f735466cecf":"f.1195843739892CF439726866CA7D4ED2.d.8790B7E83BFC4DC64D24498255BFDD9A.e.9492","ELEMENT":"f.1195843739892CF439726866CA7D4ED2.d.8790B7E83BFC4DC64D24498255BFDD9A.e.9492"}]}
COMMAND: GET /session/0631827be0a93fac797ef22e97364bed/screenshot - {}
RESULT: {}
RESULT: {}
COMMAND: POST /session/0631827be0a93fac797ef22e97364bed/execute/sync - {"script":"<script> [8489 bytes]","args":[{"element-6066-11e4-a52e-4f735466cecf":"f.1195843739892CF439726866CA7D4ED2.d.8790B7E83BFC4DC64D24498255BFDD9A.e.9492","ELEMENT":"f.1195843739892CF439726866CA7D4ED2.d.8790B7E83BFC4DC64D24498255BFDD9A.e.9492"}]}
RESULT: {"script":"<script> [8489 bytes]","args":[{"element-6066-11e4-a52e-4f735466cecf":"f.1195843739892CF439726866CA7D4ED2.d.8790B7E83BFC4DC64D24498255BFDD9A.e.9492","ELEMENT":"f.1195843739892CF439726866CA7D4ED2.d.8790B7E83BFC4DC64D24498255BFDD9A.e.9492"}]}
COMMAND: POST /session/0631827be0a93fac797ef22e97364bed/execute/sync - {"script":"<script> [5351 bytes]","args":[{"element-6066-11e4-a52e-4f735466cecf":"f.1195843739892CF439726866CA7D4ED2.d.8790B7E83BFC4DC64D24498255BFDD9A.e.9492","ELEMENT":"f.1195843739892CF439726866CA7D4ED2.d.8790B7E83BFC4DC64D24498255BFDD9A.e.9492"}]}
COMMAND: GET /session/0631827be0a93fac797ef22e97364bed/screenshot - {}
RESULT: {"script":"<script> [5351 bytes]","args":[{"element-6066-11e4-a52e-4f735466cecf":"f.1195843739892CF439726866CA7D4ED2.d.8790B7E83BFC4DC64D24498255BFDD9A.e.9492","ELEMENT":"f.1195843739892CF439726866CA7D4ED2.d.8790B7E83BFC4DC64D24498255BFDD9A.e.9492"}]}
COMMAND: POST /session/0631827be0a93fac797ef22e97364bed/element/f.1195843739892CF439726866CA7D4ED2.d.8790B7E83BFC4DC64D24498255BFDD9A.e.9492/click - {}
COMMAND: GET /session/0631827be0a93fac797ef22e97364bed/screenshot - {}
RESULT: {}
RESULT: {}
COMMAND: POST /session/0631827be0a93fac797ef22e97364bed/element - {"using":"xpath","value":"//bdi[text()='Confirm']"}
COMMAND: GET /session/0631827be0a93fac797ef22e97364bed/screenshot - {}
RESULT: {}
RESULT: {"using":"xpath","value":"//bdi[text()='Confirm']"}
COMMAND: POST /session/0631827be0a93fac797ef22e97364bed/elements - {"using":"xpath","value":"//bdi[text()='Confirm']"}
RESULT: {}
RESULT: {"using":"xpath","value":"//bdi[text()='Confirm']"}
COMMAND: POST /session/0631827be0a93fac797ef22e97364bed/elements - {"using":"xpath","value":"//bdi[text()='Confirm']"}
RESULT: {"using":"xpath","value":"//bdi[text()='Confirm']"}
COMMAND: POST /session/0631827be0a93fac797ef22e97364bed/elements - {"using":"xpath","value":"//bdi[text()='Confirm']"}
RESULT: {"using":"xpath","value":"//bdi[text()='Confirm']"}
COMMAND: POST /session/0631827be0a93fac797ef22e97364bed/elements - {"using":"xpath","value":"//bdi[text()='Confirm']"}
RESULT: {"using":"xpath","value":"//bdi[text()='Confirm']"}
COMMAND: POST /session/0631827be0a93fac797ef22e97364bed/elements - {"using":"xpath","value":"//bdi[text()='Confirm']"}
RESULT: {"using":"xpath","value":"//bdi[text()='Confirm']"}
COMMAND: POST /session/0631827be0a93fac797ef22e97364bed/element - {"using":"xpath","value":"//bdi[text()='Confirm']"}
RESULT: {"using":"xpath","value":"//bdi[text()='Confirm']"}
COMMAND: GET /session/0631827be0a93fac797ef22e97364bed/element/f.1195843739892CF439726866CA7D4ED2.d.8790B7E83BFC4DC64D24498255BFDD9A.e.9845/enabled - {}
RESULT: {}
COMMAND: POST /session/0631827be0a93fac797ef22e97364bed/execute/sync - {"script":"<script> [8489 bytes]","args":[{"element-6066-11e4-a52e-4f735466cecf":"f.1195843739892CF439726866CA7D4ED2.d.8790B7E83BFC4DC64D24498255BFDD9A.e.9845","ELEMENT":"f.1195843739892CF439726866CA7D4ED2.d.8790B7E83BFC4DC64D24498255BFDD9A.e.9845"}]}
COMMAND: GET /session/0631827be0a93fac797ef22e97364bed/screenshot - {}
RESULT: {"script":"<script> [8489 bytes]","args":[{"element-6066-11e4-a52e-4f735466cecf":"f.1195843739892CF439726866CA7D4ED2.d.8790B7E83BFC4DC64D24498255BFDD9A.e.9845","ELEMENT":"f.1195843739892CF439726866CA7D4ED2.d.8790B7E83BFC4DC64D24498255BFDD9A.e.9845"}]}
COMMAND: POST /session/0631827be0a93fac797ef22e97364bed/execute/sync - {"script":"<script> [5351 bytes]","args":[{"element-6066-11e4-a52e-4f735466cecf":"f.1195843739892CF439726866CA7D4ED2.d.8790B7E83BFC4DC64D24498255BFDD9A.e.9845","ELEMENT":"f.1195843739892CF439726866CA7D4ED2.d.8790B7E83BFC4DC64D24498255BFDD9A.e.9845"}]}
COMMAND: GET /session/0631827be0a93fac797ef22e97364bed/screenshot - {}
RESULT: {}
RESULT: {"script":"<script> [5351 bytes]","args":[{"element-6066-11e4-a52e-4f735466cecf":"f.1195843739892CF439726866CA7D4ED2.d.8790B7E83BFC4DC64D24498255BFDD9A.e.9845","ELEMENT":"f.1195843739892CF439726866CA7D4ED2.d.8790B7E83BFC4DC64D24498255BFDD9A.e.9845"}]}
COMMAND: POST /session/0631827be0a93fac797ef22e97364bed/element/f.1195843739892CF439726866CA7D4ED2.d.8790B7E83BFC4DC64D24498255BFDD9A.e.9845/click - {}
COMMAND: GET /session/0631827be0a93fac797ef22e97364bed/screenshot - {}
RESULT: {}
RESULT: {}
COMMAND: POST /session/0631827be0a93fac797ef22e97364bed/actions - {"actions":[{"id":"action47","type":"key","parameters":{},"actions":[{"type":"keyDown","value":"î€‡"},{"type":"pause","duration":10},{"type":"keyUp","value":"î€‡"}]}]}
COMMAND: GET /session/0631827be0a93fac797ef22e97364bed/screenshot - {}
RESULT: {}
RESULT: {"actions":[{"id":"action47","type":"key","parameters":{},"actions":[{"type":"keyDown","value":"î€‡"},{"type":"pause","duration":10},{"type":"keyUp","value":"î€‡"}]}]}
COMMAND: POST /session/0631827be0a93fac797ef22e97364bed/element - {"using":"xpath","value":"//bdi[text()='Issue']"}
COMMAND: GET /session/0631827be0a93fac797ef22e97364bed/screenshot - {}
RESULT: {}
RESULT: {"using":"xpath","value":"//bdi[text()='Issue']"}
COMMAND: GET /session/0631827be0a93fac797ef22e97364bed/element/f.1195843739892CF439726866CA7D4ED2.d.8790B7E83BFC4DC64D24498255BFDD9A.e.9850/enabled - {}
RESULT: {}
RESULT: {}
COMMAND: POST /session/0631827be0a93fac797ef22e97364bed/execute/sync - {"script":"<script> [8489 bytes]","args":[{"element-6066-11e4-a52e-4f735466cecf":"f.1195843739892CF439726866CA7D4ED2.d.8790B7E83BFC4DC64D24498255BFDD9A.e.9850","ELEMENT":"f.1195843739892CF439726866CA7D4ED2.d.8790B7E83BFC4DC64D24498255BFDD9A.e.9850"}]}
COMMAND: GET /session/0631827be0a93fac797ef22e97364bed/screenshot - {}
RESULT: {"script":"<script> [8489 bytes]","args":[{"element-6066-11e4-a52e-4f735466cecf":"f.1195843739892CF439726866CA7D4ED2.d.8790B7E83BFC4DC64D24498255BFDD9A.e.9850","ELEMENT":"f.1195843739892CF439726866CA7D4ED2.d.8790B7E83BFC4DC64D24498255BFDD9A.e.9850"}]}
COMMAND: POST /session/0631827be0a93fac797ef22e97364bed/execute/sync - {"script":"<script> [5351 bytes]","args":[{"element-6066-11e4-a52e-4f735466cecf":"f.1195843739892CF439726866CA7D4ED2.d.8790B7E83BFC4DC64D24498255BFDD9A.e.9850","ELEMENT":"f.1195843739892CF439726866CA7D4ED2.d.8790B7E83BFC4DC64D24498255BFDD9A.e.9850"}]}
COMMAND: GET /session/0631827be0a93fac797ef22e97364bed/screenshot - {}
RESULT: {}
RESULT: {"script":"<script> [5351 bytes]","args":[{"element-6066-11e4-a52e-4f735466cecf":"f.1195843739892CF439726866CA7D4ED2.d.8790B7E83BFC4DC64D24498255BFDD9A.e.9850","ELEMENT":"f.1195843739892CF439726866CA7D4ED2.d.8790B7E83BFC4DC64D24498255BFDD9A.e.9850"}]}
COMMAND: POST /session/0631827be0a93fac797ef22e97364bed/element/f.1195843739892CF439726866CA7D4ED2.d.8790B7E83BFC4DC64D24498255BFDD9A.e.9850/click - {}
COMMAND: GET /session/0631827be0a93fac797ef22e97364bed/screenshot - {}
RESULT: {}
RESULT: {}
COMMAND: POST /session/0631827be0a93fac797ef22e97364bed/element - {"using":"xpath","value":"//*[text()='Provide to site']"}
COMMAND: GET /session/0631827be0a93fac797ef22e97364bed/screenshot - {}
RESULT: {}
RESULT: {"using":"xpath","value":"//*[text()='Provide to site']"}
COMMAND: POST /session/0631827be0a93fac797ef22e97364bed/elements - {"using":"xpath","value":"//*[text()='Provide to site']"}
RESULT: {}
RESULT: {"using":"xpath","value":"//*[text()='Provide to site']"}
COMMAND: POST /session/0631827be0a93fac797ef22e97364bed/elements - {"using":"xpath","value":"//*[text()='Provide to site']"}
RESULT: {"using":"xpath","value":"//*[text()='Provide to site']"}
COMMAND: POST /session/0631827be0a93fac797ef22e97364bed/elements - {"using":"xpath","value":"//*[text()='Provide to site']"}
RESULT: {"using":"xpath","value":"//*[text()='Provide to site']"}
COMMAND: POST /session/0631827be0a93fac797ef22e97364bed/elements - {"using":"xpath","value":"//*[text()='Provide to site']"}
RESULT: {"using":"xpath","value":"//*[text()='Provide to site']"}
COMMAND: POST /session/0631827be0a93fac797ef22e97364bed/elements - {"using":"xpath","value":"//*[text()='Provide to site']"}
RESULT: {"using":"xpath","value":"//*[text()='Provide to site']"}
COMMAND: POST /session/0631827be0a93fac797ef22e97364bed/elements - {"using":"xpath","value":"//*[text()='Provide to site']"}
RESULT: {"using":"xpath","value":"//*[text()='Provide to site']"}
COMMAND: POST /session/0631827be0a93fac797ef22e97364bed/elements - {"using":"xpath","value":"//*[text()='Provide to site']"}
RESULT: {"using":"xpath","value":"//*[text()='Provide to site']"}
COMMAND: POST /session/0631827be0a93fac797ef22e97364bed/elements - {"using":"xpath","value":"//*[text()='Provide to site']"}
RESULT: {"using":"xpath","value":"//*[text()='Provide to site']"}
COMMAND: POST /session/0631827be0a93fac797ef22e97364bed/elements - {"using":"xpath","value":"//*[text()='Provide to site']"}
RESULT: {"using":"xpath","value":"//*[text()='Provide to site']"}
COMMAND: POST /session/0631827be0a93fac797ef22e97364bed/elements - {"using":"xpath","value":"//*[text()='Provide to site']"}
RESULT: {"using":"xpath","value":"//*[text()='Provide to site']"}
COMMAND: POST /session/0631827be0a93fac797ef22e97364bed/elements - {"using":"xpath","value":"//*[text()='Provide to site']"}
RESULT: {"using":"xpath","value":"//*[text()='Provide to site']"}
COMMAND: POST /session/0631827be0a93fac797ef22e97364bed/elements - {"using":"xpath","value":"//*[text()='Provide to site']"}
RESULT: {"using":"xpath","value":"//*[text()='Provide to site']"}
COMMAND: POST /session/0631827be0a93fac797ef22e97364bed/elements - {"using":"xpath","value":"//*[text()='Provide to site']"}
RESULT: {"using":"xpath","value":"//*[text()='Provide to site']"}
COMMAND: POST /session/0631827be0a93fac797ef22e97364bed/elements - {"using":"xpath","value":"//*[text()='Provide to site']"}
RESULT: {"using":"xpath","value":"//*[text()='Provide to site']"}
COMMAND: POST /session/0631827be0a93fac797ef22e97364bed/elements - {"using":"xpath","value":"//*[text()='Provide to site']"}
RESULT: {"using":"xpath","value":"//*[text()='Provide to site']"}
COMMAND: POST /session/0631827be0a93fac797ef22e97364bed/elements - {"using":"xpath","value":"//*[text()='Provide to site']"}
RESULT: {"using":"xpath","value":"//*[text()='Provide to site']"}
COMMAND: POST /session/0631827be0a93fac797ef22e97364bed/elements - {"using":"xpath","value":"//*[text()='Provide to site']"}
RESULT: {"using":"xpath","value":"//*[text()='Provide to site']"}
COMMAND: POST /session/0631827be0a93fac797ef22e97364bed/elements - {"using":"xpath","value":"//*[text()='Provide to site']"}
RESULT: {"using":"xpath","value":"//*[text()='Provide to site']"}
COMMAND: POST /session/0631827be0a93fac797ef22e97364bed/elements - {"using":"xpath","value":"//*[text()='Provide to site']"}
RESULT: {"using":"xpath","value":"//*[text()='Provide to site']"}
COMMAND: POST /session/0631827be0a93fac797ef22e97364bed/elements - {"using":"xpath","value":"//*[text()='Provide to site']"}
RESULT: {"using":"xpath","value":"//*[text()='Provide to site']"}
COMMAND: POST /session/0631827be0a93fac797ef22e97364bed/elements - {"using":"xpath","value":"//*[text()='Provide to site']"}
RESULT: {"using":"xpath","value":"//*[text()='Provide to site']"}
COMMAND: POST /session/0631827be0a93fac797ef22e97364bed/elements - {"using":"xpath","value":"//*[text()='Provide to site']"}
RESULT: {"using":"xpath","value":"//*[text()='Provide to site']"}
COMMAND: POST /session/0631827be0a93fac797ef22e97364bed/elements - {"using":"xpath","value":"//*[text()='Provide to site']"}
RESULT: {"using":"xpath","value":"//*[text()='Provide to site']"}
COMMAND: POST /session/0631827be0a93fac797ef22e97364bed/elements - {"using":"xpath","value":"//*[text()='Provide to site']"}
RESULT: {"using":"xpath","value":"//*[text()='Provide to site']"}
COMMAND: POST /session/0631827be0a93fac797ef22e97364bed/elements - {"using":"xpath","value":"//*[text()='Provide to site']"}
RESULT: {"using":"xpath","value":"//*[text()='Provide to site']"}
COMMAND: POST /session/0631827be0a93fac797ef22e97364bed/elements - {"using":"xpath","value":"//*[text()='Provide to site']"}
RESULT: {"using":"xpath","value":"//*[text()='Provide to site']"}
COMMAND: POST /session/0631827be0a93fac797ef22e97364bed/elements - {"using":"xpath","value":"//*[text()='Provide to site']"}
RESULT: {"using":"xpath","value":"//*[text()='Provide to site']"}
COMMAND: POST /session/0631827be0a93fac797ef22e97364bed/elements - {"using":"xpath","value":"//*[text()='Provide to site']"}
RESULT: {"using":"xpath","value":"//*[text()='Provide to site']"}
COMMAND: POST /session/0631827be0a93fac797ef22e97364bed/elements - {"using":"xpath","value":"//*[text()='Provide to site']"}
RESULT: {"using":"xpath","value":"//*[text()='Provide to site']"}
COMMAND: POST /session/0631827be0a93fac797ef22e97364bed/elements - {"using":"xpath","value":"//*[text()='Provide to site']"}
RESULT: {"using":"xpath","value":"//*[text()='Provide to site']"}
COMMAND: POST /session/0631827be0a93fac797ef22e97364bed/elements - {"using":"xpath","value":"//*[text()='Provide to site']"}
RESULT: {"using":"xpath","value":"//*[text()='Provide to site']"}
COMMAND: POST /session/0631827be0a93fac797ef22e97364bed/elements - {"using":"xpath","value":"//*[text()='Provide to site']"}
RESULT: {"using":"xpath","value":"//*[text()='Provide to site']"}
COMMAND: POST /session/0631827be0a93fac797ef22e97364bed/elements - {"using":"xpath","value":"//*[text()='Provide to site']"}
RESULT: {"using":"xpath","value":"//*[text()='Provide to site']"}
COMMAND: POST /session/0631827be0a93fac797ef22e97364bed/elements - {"using":"xpath","value":"//*[text()='Provide to site']"}
RESULT: {"using":"xpath","value":"//*[text()='Provide to site']"}
COMMAND: POST /session/0631827be0a93fac797ef22e97364bed/elements - {"using":"xpath","value":"//*[text()='Provide to site']"}
RESULT: {"using":"xpath","value":"//*[text()='Provide to site']"}
COMMAND: POST /session/0631827be0a93fac797ef22e97364bed/elements - {"using":"xpath","value":"//*[text()='Provide to site']"}
RESULT: {"using":"xpath","value":"//*[text()='Provide to site']"}
COMMAND: POST /session/0631827be0a93fac797ef22e97364bed/elements - {"using":"xpath","value":"//*[text()='Provide to site']"}
RESULT: {"using":"xpath","value":"//*[text()='Provide to site']"}
COMMAND: POST /session/0631827be0a93fac797ef22e97364bed/elements - {"using":"xpath","value":"//*[text()='Provide to site']"}
RESULT: {"using":"xpath","value":"//*[text()='Provide to site']"}
COMMAND: POST /session/0631827be0a93fac797ef22e97364bed/elements - {"using":"xpath","value":"//*[text()='Provide to site']"}
RESULT: {"using":"xpath","value":"//*[text()='Provide to site']"}
COMMAND: POST /session/0631827be0a93fac797ef22e97364bed/elements - {"using":"xpath","value":"//*[text()='Provide to site']"}
RESULT: {"using":"xpath","value":"//*[text()='Provide to site']"}
COMMAND: POST /session/0631827be0a93fac797ef22e97364bed/elements - {"using":"xpath","value":"//*[text()='Provide to site']"}
RESULT: {"using":"xpath","value":"//*[text()='Provide to site']"}
COMMAND: POST /session/0631827be0a93fac797ef22e97364bed/elements - {"using":"xpath","value":"//*[text()='Provide to site']"}
RESULT: {"using":"xpath","value":"//*[text()='Provide to site']"}
COMMAND: POST /session/0631827be0a93fac797ef22e97364bed/elements - {"using":"xpath","value":"//*[text()='Provide to site']"}
RESULT: {"using":"xpath","value":"//*[text()='Provide to site']"}
COMMAND: POST /session/0631827be0a93fac797ef22e97364bed/elements - {"using":"xpath","value":"//*[text()='Provide to site']"}
RESULT: {"using":"xpath","value":"//*[text()='Provide to site']"}
COMMAND: POST /session/0631827be0a93fac797ef22e97364bed/elements - {"using":"xpath","value":"//*[text()='Provide to site']"}
RESULT: {"using":"xpath","value":"//*[text()='Provide to site']"}
COMMAND: POST /session/0631827be0a93fac797ef22e97364bed/elements - {"using":"xpath","value":"//*[text()='Provide to site']"}
RESULT: {"using":"xpath","value":"//*[text()='Provide to site']"}
COMMAND: POST /session/0631827be0a93fac797ef22e97364bed/elements - {"using":"xpath","value":"//*[text()='Provide to site']"}
RESULT: {"using":"xpath","value":"//*[text()='Provide to site']"}
COMMAND: POST /session/0631827be0a93fac797ef22e97364bed/elements - {"using":"xpath","value":"//*[text()='Provide to site']"}
RESULT: {"using":"xpath","value":"//*[text()='Provide to site']"}
COMMAND: POST /session/0631827be0a93fac797ef22e97364bed/elements - {"using":"xpath","value":"//*[text()='Provide to site']"}
RESULT: {"using":"xpath","value":"//*[text()='Provide to site']"}
COMMAND: POST /session/0631827be0a93fac797ef22e97364bed/elements - {"using":"xpath","value":"//*[text()='Provide to site']"}
RESULT: {"using":"xpath","value":"//*[text()='Provide to site']"}
COMMAND: POST /session/0631827be0a93fac797ef22e97364bed/elements - {"using":"xpath","value":"//*[text()='Provide to site']"}
RESULT: {"using":"xpath","value":"//*[text()='Provide to site']"}
COMMAND: POST /session/0631827be0a93fac797ef22e97364bed/elements - {"using":"xpath","value":"//*[text()='Provide to site']"}
RESULT: {"using":"xpath","value":"//*[text()='Provide to site']"}
COMMAND: POST /session/0631827be0a93fac797ef22e97364bed/elements - {"using":"xpath","value":"//*[text()='Provide to site']"}
RESULT: {"using":"xpath","value":"//*[text()='Provide to site']"}
COMMAND: POST /session/0631827be0a93fac797ef22e97364bed/elements - {"using":"xpath","value":"//*[text()='Provide to site']"}
RESULT: {"using":"xpath","value":"//*[text()='Provide to site']"}
COMMAND: POST /session/0631827be0a93fac797ef22e97364bed/elements - {"using":"xpath","value":"//*[text()='Provide to site']"}
RESULT: {"using":"xpath","value":"//*[text()='Provide to site']"}
COMMAND: POST /session/0631827be0a93fac797ef22e97364bed/elements - {"using":"xpath","value":"//*[text()='Provide to site']"}
RESULT: {"using":"xpath","value":"//*[text()='Provide to site']"}
COMMAND: POST /session/0631827be0a93fac797ef22e97364bed/elements - {"using":"xpath","value":"//*[text()='Provide to site']"}
RESULT: {"using":"xpath","value":"//*[text()='Provide to site']"}
COMMAND: POST /session/0631827be0a93fac797ef22e97364bed/elements - {"using":"xpath","value":"//*[text()='Provide to site']"}
RESULT: {"using":"xpath","value":"//*[text()='Provide to site']"}
COMMAND: POST /session/0631827be0a93fac797ef22e97364bed/elements - {"using":"xpath","value":"//*[text()='Provide to site']"}
RESULT: {"using":"xpath","value":"//*[text()='Provide to site']"}
COMMAND: POST /session/0631827be0a93fac797ef22e97364bed/elements - {"using":"xpath","value":"//*[text()='Provide to site']"}
RESULT: {"using":"xpath","value":"//*[text()='Provide to site']"}
COMMAND: POST /session/0631827be0a93fac797ef22e97364bed/elements - {"using":"xpath","value":"//*[text()='Provide to site']"}
RESULT: {"using":"xpath","value":"//*[text()='Provide to site']"}
COMMAND: POST /session/0631827be0a93fac797ef22e97364bed/elements - {"using":"xpath","value":"//*[text()='Provide to site']"}
RESULT: {"using":"xpath","value":"//*[text()='Provide to site']"}
COMMAND: POST /session/0631827be0a93fac797ef22e97364bed/elements - {"using":"xpath","value":"//*[text()='Provide to site']"}
RESULT: {"using":"xpath","value":"//*[text()='Provide to site']"}
COMMAND: POST /session/0631827be0a93fac797ef22e97364bed/elements - {"using":"xpath","value":"//*[text()='Provide to site']"}
RESULT: {"using":"xpath","value":"//*[text()='Provide to site']"}
COMMAND: POST /session/0631827be0a93fac797ef22e97364bed/elements - {"using":"xpath","value":"//*[text()='Provide to site']"}
RESULT: {"using":"xpath","value":"//*[text()='Provide to site']"}
COMMAND: POST /session/0631827be0a93fac797ef22e97364bed/elements - {"using":"xpath","value":"//*[text()='Provide to site']"}
RESULT: {"using":"xpath","value":"//*[text()='Provide to site']"}
COMMAND: POST /session/0631827be0a93fac797ef22e97364bed/elements - {"using":"xpath","value":"//*[text()='Provide to site']"}
RESULT: {"using":"xpath","value":"//*[text()='Provide to site']"}
COMMAND: POST /session/0631827be0a93fac797ef22e97364bed/elements - {"using":"xpath","value":"//*[text()='Provide to site']"}
RESULT: {"using":"xpath","value":"//*[text()='Provide to site']"}
COMMAND: POST /session/0631827be0a93fac797ef22e97364bed/elements - {"using":"xpath","value":"//*[text()='Provide to site']"}
RESULT: {"using":"xpath","value":"//*[text()='Provide to site']"}
COMMAND: POST /session/0631827be0a93fac797ef22e97364bed/elements - {"using":"xpath","value":"//*[text()='Provide to site']"}
RESULT: {"using":"xpath","value":"//*[text()='Provide to site']"}
COMMAND: POST /session/0631827be0a93fac797ef22e97364bed/elements - {"using":"xpath","value":"//*[text()='Provide to site']"}
RESULT: {"using":"xpath","value":"//*[text()='Provide to site']"}
COMMAND: POST /session/0631827be0a93fac797ef22e97364bed/elements - {"using":"xpath","value":"//*[text()='Provide to site']"}
RESULT: {"using":"xpath","value":"//*[text()='Provide to site']"}
COMMAND: POST /session/0631827be0a93fac797ef22e97364bed/elements - {"using":"xpath","value":"//*[text()='Provide to site']"}
RESULT: {"using":"xpath","value":"//*[text()='Provide to site']"}
COMMAND: POST /session/0631827be0a93fac797ef22e97364bed/elements - {"using":"xpath","value":"//*[text()='Provide to site']"}
RESULT: {"using":"xpath","value":"//*[text()='Provide to site']"}
COMMAND: POST /session/0631827be0a93fac797ef22e97364bed/elements - {"using":"xpath","value":"//*[text()='Provide to site']"}
RESULT: {"using":"xpath","value":"//*[text()='Provide to site']"}
COMMAND: POST /session/0631827be0a93fac797ef22e97364bed/elements - {"using":"xpath","value":"//*[text()='Provide to site']"}
RESULT: {"using":"xpath","value":"//*[text()='Provide to site']"}
COMMAND: POST /session/0631827be0a93fac797ef22e97364bed/elements - {"using":"xpath","value":"//*[text()='Provide to site']"}
RESULT: {"using":"xpath","value":"//*[text()='Provide to site']"}
COMMAND: POST /session/0631827be0a93fac797ef22e97364bed/elements - {"using":"xpath","value":"//*[text()='Provide to site']"}
RESULT: {"using":"xpath","value":"//*[text()='Provide to site']"}
COMMAND: POST /session/0631827be0a93fac797ef22e97364bed/elements - {"using":"xpath","value":"//*[text()='Provide to site']"}
RESULT: {"using":"xpath","value":"//*[text()='Provide to site']"}
COMMAND: POST /session/0631827be0a93fac797ef22e97364bed/elements - {"using":"xpath","value":"//*[text()='Provide to site']"}
RESULT: {"using":"xpath","value":"//*[text()='Provide to site']"}
COMMAND: POST /session/0631827be0a93fac797ef22e97364bed/elements - {"using":"xpath","value":"//*[text()='Provide to site']"}
RESULT: {"using":"xpath","value":"//*[text()='Provide to site']"}
COMMAND: POST /session/0631827be0a93fac797ef22e97364bed/elements - {"using":"xpath","value":"//*[text()='Provide to site']"}
RESULT: {"using":"xpath","value":"//*[text()='Provide to site']"}
COMMAND: POST /session/0631827be0a93fac797ef22e97364bed/elements - {"using":"xpath","value":"//*[text()='Provide to site']"}
RESULT: {"using":"xpath","value":"//*[text()='Provide to site']"}
COMMAND: POST /session/0631827be0a93fac797ef22e97364bed/elements - {"using":"xpath","value":"//*[text()='Provide to site']"}
RESULT: {"using":"xpath","value":"//*[text()='Provide to site']"}
COMMAND: POST /session/0631827be0a93fac797ef22e97364bed/elements - {"using":"xpath","value":"//*[text()='Provide to site']"}
RESULT: {"using":"xpath","value":"//*[text()='Provide to site']"}
COMMAND: POST /session/0631827be0a93fac797ef22e97364bed/elements - {"using":"xpath","value":"//*[text()='Provide to site']"}
RESULT: {"using":"xpath","value":"//*[text()='Provide to site']"}
COMMAND: POST /session/0631827be0a93fac797ef22e97364bed/elements - {"using":"xpath","value":"//*[text()='Provide to site']"}
RESULT: {"using":"xpath","value":"//*[text()='Provide to site']"}
COMMAND: POST /session/0631827be0a93fac797ef22e97364bed/elements - {"using":"xpath","value":"//*[text()='Provide to site']"}
RESULT: {"using":"xpath","value":"//*[text()='Provide to site']"}
COMMAND: POST /session/0631827be0a93fac797ef22e97364bed/elements - {"using":"xpath","value":"//*[text()='Provide to site']"}
RESULT: {"using":"xpath","value":"//*[text()='Provide to site']"}
COMMAND: POST /session/0631827be0a93fac797ef22e97364bed/elements - {"using":"xpath","value":"//*[text()='Provide to site']"}
RESULT: {"using":"xpath","value":"//*[text()='Provide to site']"}
COMMAND: POST /session/0631827be0a93fac797ef22e97364bed/elements - {"using":"xpath","value":"//*[text()='Provide to site']"}
COMMAND: POST /session/0631827be0a93fac797ef22e97364bed/elements - {"using":"xpath","value":"//*[text()='provide (received)']"}
RESULT: {"using":"xpath","value":"//*[text()='Provide to site']"}
RESULT: {"using":"xpath","value":"//*[text()='provide (received)']"}
]]></system-out>
    </testcase>
    <testcase classname="chrome.135_0_7049_96.windows.Provide_to_Site_w/o_warehouse_management_w_clarification" name="Should Test for Handover Execution" time="293.352">
      <system-out><![CDATA[
COMMAND: POST /session/0631827be0a93fac797ef22e97364bed/element - {"using":"xpath","value":"//*[text()='Provide to site']"}
RESULT: {"using":"xpath","value":"//*[text()='Provide to site']"}
COMMAND: POST /session/0631827be0a93fac797ef22e97364bed/elements - {"using":"xpath","value":"//*[text()='Provide to site']"}
RESULT: {"using":"xpath","value":"//*[text()='Provide to site']"}
COMMAND: POST /session/0631827be0a93fac797ef22e97364bed/elements - {"using":"xpath","value":"//*[text()='Provide to site']"}
RESULT: {"using":"xpath","value":"//*[text()='Provide to site']"}
COMMAND: POST /session/0631827be0a93fac797ef22e97364bed/elements - {"using":"xpath","value":"//*[text()='Provide to site']"}
RESULT: {"using":"xpath","value":"//*[text()='Provide to site']"}
COMMAND: POST /session/0631827be0a93fac797ef22e97364bed/elements - {"using":"xpath","value":"//*[text()='Provide to site']"}
RESULT: {"using":"xpath","value":"//*[text()='Provide to site']"}
COMMAND: POST /session/0631827be0a93fac797ef22e97364bed/elements - {"using":"xpath","value":"//*[text()='Provide to site']"}
RESULT: {"using":"xpath","value":"//*[text()='Provide to site']"}
COMMAND: POST /session/0631827be0a93fac797ef22e97364bed/elements - {"using":"xpath","value":"//*[text()='Provide to site']"}
RESULT: {"using":"xpath","value":"//*[text()='Provide to site']"}
COMMAND: POST /session/0631827be0a93fac797ef22e97364bed/elements - {"using":"xpath","value":"//*[text()='Provide to site']"}
RESULT: {"using":"xpath","value":"//*[text()='Provide to site']"}
COMMAND: POST /session/0631827be0a93fac797ef22e97364bed/elements - {"using":"xpath","value":"//*[text()='Provide to site']"}
RESULT: {"using":"xpath","value":"//*[text()='Provide to site']"}
COMMAND: POST /session/0631827be0a93fac797ef22e97364bed/elements - {"using":"xpath","value":"//*[text()='Provide to site']"}
RESULT: {"using":"xpath","value":"//*[text()='Provide to site']"}
COMMAND: POST /session/0631827be0a93fac797ef22e97364bed/elements - {"using":"xpath","value":"//*[text()='Provide to site']"}
RESULT: {"using":"xpath","value":"//*[text()='Provide to site']"}
COMMAND: POST /session/0631827be0a93fac797ef22e97364bed/elements - {"using":"xpath","value":"//*[text()='Provide to site']"}
RESULT: {"using":"xpath","value":"//*[text()='Provide to site']"}
COMMAND: POST /session/0631827be0a93fac797ef22e97364bed/elements - {"using":"xpath","value":"//*[text()='Provide to site']"}
RESULT: {"using":"xpath","value":"//*[text()='Provide to site']"}
COMMAND: POST /session/0631827be0a93fac797ef22e97364bed/elements - {"using":"xpath","value":"//*[text()='Provide to site']"}
RESULT: {"using":"xpath","value":"//*[text()='Provide to site']"}
COMMAND: POST /session/0631827be0a93fac797ef22e97364bed/elements - {"using":"xpath","value":"//*[text()='Provide to site']"}
RESULT: {"using":"xpath","value":"//*[text()='Provide to site']"}
COMMAND: POST /session/0631827be0a93fac797ef22e97364bed/elements - {"using":"xpath","value":"//*[text()='Provide to site']"}
RESULT: {"using":"xpath","value":"//*[text()='Provide to site']"}
COMMAND: POST /session/0631827be0a93fac797ef22e97364bed/elements - {"using":"xpath","value":"//*[text()='Provide to site']"}
RESULT: {"using":"xpath","value":"//*[text()='Provide to site']"}
COMMAND: POST /session/0631827be0a93fac797ef22e97364bed/elements - {"using":"xpath","value":"//*[text()='Provide to site']"}
RESULT: {"using":"xpath","value":"//*[text()='Provide to site']"}
COMMAND: POST /session/0631827be0a93fac797ef22e97364bed/elements - {"using":"xpath","value":"//*[text()='Provide to site']"}
RESULT: {"using":"xpath","value":"//*[text()='Provide to site']"}
COMMAND: POST /session/0631827be0a93fac797ef22e97364bed/elements - {"using":"xpath","value":"//*[text()='Provide to site']"}
RESULT: {"using":"xpath","value":"//*[text()='Provide to site']"}
COMMAND: POST /session/0631827be0a93fac797ef22e97364bed/elements - {"using":"xpath","value":"//*[text()='Provide to site']"}
RESULT: {"using":"xpath","value":"//*[text()='Provide to site']"}
COMMAND: POST /session/0631827be0a93fac797ef22e97364bed/elements - {"using":"xpath","value":"//*[text()='Provide to site']"}
RESULT: {"using":"xpath","value":"//*[text()='Provide to site']"}
COMMAND: POST /session/0631827be0a93fac797ef22e97364bed/elements - {"using":"xpath","value":"//*[text()='Provide to site']"}
RESULT: {"using":"xpath","value":"//*[text()='Provide to site']"}
COMMAND: POST /session/0631827be0a93fac797ef22e97364bed/elements - {"using":"xpath","value":"//*[text()='Provide to site']"}
RESULT: {"using":"xpath","value":"//*[text()='Provide to site']"}
COMMAND: POST /session/0631827be0a93fac797ef22e97364bed/elements - {"using":"xpath","value":"//*[text()='Provide to site']"}
RESULT: {"using":"xpath","value":"//*[text()='Provide to site']"}
COMMAND: POST /session/0631827be0a93fac797ef22e97364bed/elements - {"using":"xpath","value":"//*[text()='Provide to site']"}
RESULT: {"using":"xpath","value":"//*[text()='Provide to site']"}
COMMAND: POST /session/0631827be0a93fac797ef22e97364bed/elements - {"using":"xpath","value":"//*[text()='Provide to site']"}
RESULT: {"using":"xpath","value":"//*[text()='Provide to site']"}
COMMAND: POST /session/0631827be0a93fac797ef22e97364bed/elements - {"using":"xpath","value":"//*[text()='Provide to site']"}
RESULT: {"using":"xpath","value":"//*[text()='Provide to site']"}
COMMAND: POST /session/0631827be0a93fac797ef22e97364bed/elements - {"using":"xpath","value":"//*[text()='Provide to site']"}
RESULT: {"using":"xpath","value":"//*[text()='Provide to site']"}
COMMAND: POST /session/0631827be0a93fac797ef22e97364bed/elements - {"using":"xpath","value":"//*[text()='Provide to site']"}
RESULT: {"using":"xpath","value":"//*[text()='Provide to site']"}
COMMAND: POST /session/0631827be0a93fac797ef22e97364bed/elements - {"using":"xpath","value":"//*[text()='Provide to site']"}
RESULT: {"using":"xpath","value":"//*[text()='Provide to site']"}
COMMAND: POST /session/0631827be0a93fac797ef22e97364bed/elements - {"using":"xpath","value":"//*[text()='Provide to site']"}
RESULT: {"using":"xpath","value":"//*[text()='Provide to site']"}
COMMAND: POST /session/0631827be0a93fac797ef22e97364bed/elements - {"using":"xpath","value":"//*[text()='Provide to site']"}
RESULT: {"using":"xpath","value":"//*[text()='Provide to site']"}
COMMAND: POST /session/0631827be0a93fac797ef22e97364bed/elements - {"using":"xpath","value":"//*[text()='Provide to site']"}
RESULT: {"using":"xpath","value":"//*[text()='Provide to site']"}
COMMAND: POST /session/0631827be0a93fac797ef22e97364bed/elements - {"using":"xpath","value":"//*[text()='Provide to site']"}
RESULT: {"using":"xpath","value":"//*[text()='Provide to site']"}
COMMAND: POST /session/0631827be0a93fac797ef22e97364bed/elements - {"using":"xpath","value":"//*[text()='Provide to site']"}
RESULT: {"using":"xpath","value":"//*[text()='Provide to site']"}
COMMAND: POST /session/0631827be0a93fac797ef22e97364bed/elements - {"using":"xpath","value":"//*[text()='Provide to site']"}
RESULT: {"using":"xpath","value":"//*[text()='Provide to site']"}
COMMAND: POST /session/0631827be0a93fac797ef22e97364bed/elements - {"using":"xpath","value":"//*[text()='Provide to site']"}
RESULT: {"using":"xpath","value":"//*[text()='Provide to site']"}
COMMAND: POST /session/0631827be0a93fac797ef22e97364bed/elements - {"using":"xpath","value":"//*[text()='Provide to site']"}
RESULT: {"using":"xpath","value":"//*[text()='Provide to site']"}
COMMAND: POST /session/0631827be0a93fac797ef22e97364bed/elements - {"using":"xpath","value":"//*[text()='Provide to site']"}
RESULT: {"using":"xpath","value":"//*[text()='Provide to site']"}
COMMAND: POST /session/0631827be0a93fac797ef22e97364bed/elements - {"using":"xpath","value":"//*[text()='Provide to site']"}
RESULT: {"using":"xpath","value":"//*[text()='Provide to site']"}
COMMAND: POST /session/0631827be0a93fac797ef22e97364bed/elements - {"using":"xpath","value":"//*[text()='Provide to site']"}
RESULT: {"using":"xpath","value":"//*[text()='Provide to site']"}
COMMAND: POST /session/0631827be0a93fac797ef22e97364bed/elements - {"using":"xpath","value":"//*[text()='Provide to site']"}
RESULT: {"using":"xpath","value":"//*[text()='Provide to site']"}
COMMAND: POST /session/0631827be0a93fac797ef22e97364bed/elements - {"using":"xpath","value":"//*[text()='Provide to site']"}
RESULT: {"using":"xpath","value":"//*[text()='Provide to site']"}
COMMAND: POST /session/0631827be0a93fac797ef22e97364bed/elements - {"using":"xpath","value":"//*[text()='Provide to site']"}
RESULT: {"using":"xpath","value":"//*[text()='Provide to site']"}
COMMAND: POST /session/0631827be0a93fac797ef22e97364bed/elements - {"using":"xpath","value":"//*[text()='Provide to site']"}
RESULT: {"using":"xpath","value":"//*[text()='Provide to site']"}
COMMAND: POST /session/0631827be0a93fac797ef22e97364bed/elements - {"using":"xpath","value":"//*[text()='Provide to site']"}
RESULT: {"using":"xpath","value":"//*[text()='Provide to site']"}
COMMAND: POST /session/0631827be0a93fac797ef22e97364bed/elements - {"using":"xpath","value":"//*[text()='Provide to site']"}
RESULT: {"using":"xpath","value":"//*[text()='Provide to site']"}
COMMAND: POST /session/0631827be0a93fac797ef22e97364bed/elements - {"using":"xpath","value":"//*[text()='Provide to site']"}
RESULT: {"using":"xpath","value":"//*[text()='Provide to site']"}
COMMAND: POST /session/0631827be0a93fac797ef22e97364bed/elements - {"using":"xpath","value":"//*[text()='Provide to site']"}
RESULT: {"using":"xpath","value":"//*[text()='Provide to site']"}
COMMAND: POST /session/0631827be0a93fac797ef22e97364bed/elements - {"using":"xpath","value":"//*[text()='Provide to site']"}
RESULT: {"using":"xpath","value":"//*[text()='Provide to site']"}
COMMAND: POST /session/0631827be0a93fac797ef22e97364bed/elements - {"using":"xpath","value":"//*[text()='Provide to site']"}
RESULT: {"using":"xpath","value":"//*[text()='Provide to site']"}
COMMAND: POST /session/0631827be0a93fac797ef22e97364bed/elements - {"using":"xpath","value":"//*[text()='Provide to site']"}
RESULT: {"using":"xpath","value":"//*[text()='Provide to site']"}
COMMAND: POST /session/0631827be0a93fac797ef22e97364bed/elements - {"using":"xpath","value":"//*[text()='Provide to site']"}
RESULT: {"using":"xpath","value":"//*[text()='Provide to site']"}
COMMAND: POST /session/0631827be0a93fac797ef22e97364bed/elements - {"using":"xpath","value":"//*[text()='Provide to site']"}
RESULT: {"using":"xpath","value":"//*[text()='Provide to site']"}
COMMAND: POST /session/0631827be0a93fac797ef22e97364bed/elements - {"using":"xpath","value":"//*[text()='Provide to site']"}
RESULT: {"using":"xpath","value":"//*[text()='Provide to site']"}
COMMAND: POST /session/0631827be0a93fac797ef22e97364bed/elements - {"using":"xpath","value":"//*[text()='Provide to site']"}
RESULT: {"using":"xpath","value":"//*[text()='Provide to site']"}
COMMAND: POST /session/0631827be0a93fac797ef22e97364bed/elements - {"using":"xpath","value":"//*[text()='Provide to site']"}
RESULT: {"using":"xpath","value":"//*[text()='Provide to site']"}
COMMAND: POST /session/0631827be0a93fac797ef22e97364bed/elements - {"using":"xpath","value":"//*[text()='Provide to site']"}
RESULT: {"using":"xpath","value":"//*[text()='Provide to site']"}
COMMAND: POST /session/0631827be0a93fac797ef22e97364bed/elements - {"using":"xpath","value":"//*[text()='Provide to site']"}
RESULT: {"using":"xpath","value":"//*[text()='Provide to site']"}
COMMAND: POST /session/0631827be0a93fac797ef22e97364bed/elements - {"using":"xpath","value":"//*[text()='Provide to site']"}
RESULT: {"using":"xpath","value":"//*[text()='Provide to site']"}
COMMAND: POST /session/0631827be0a93fac797ef22e97364bed/elements - {"using":"xpath","value":"//*[text()='Provide to site']"}
RESULT: {"using":"xpath","value":"//*[text()='Provide to site']"}
COMMAND: POST /session/0631827be0a93fac797ef22e97364bed/elements - {"using":"xpath","value":"//*[text()='Provide to site']"}
RESULT: {"using":"xpath","value":"//*[text()='Provide to site']"}
COMMAND: POST /session/0631827be0a93fac797ef22e97364bed/elements - {"using":"xpath","value":"//*[text()='Provide to site']"}
RESULT: {"using":"xpath","value":"//*[text()='Provide to site']"}
COMMAND: POST /session/0631827be0a93fac797ef22e97364bed/elements - {"using":"xpath","value":"//*[text()='Provide to site']"}
RESULT: {"using":"xpath","value":"//*[text()='Provide to site']"}
COMMAND: POST /session/0631827be0a93fac797ef22e97364bed/elements - {"using":"xpath","value":"//*[text()='Provide to site']"}
RESULT: {"using":"xpath","value":"//*[text()='Provide to site']"}
COMMAND: POST /session/0631827be0a93fac797ef22e97364bed/elements - {"using":"xpath","value":"//*[text()='Provide to site']"}
RESULT: {"using":"xpath","value":"//*[text()='Provide to site']"}
COMMAND: POST /session/0631827be0a93fac797ef22e97364bed/elements - {"using":"xpath","value":"//*[text()='Provide to site']"}
RESULT: {"using":"xpath","value":"//*[text()='Provide to site']"}
COMMAND: POST /session/0631827be0a93fac797ef22e97364bed/elements - {"using":"xpath","value":"//*[text()='Provide to site']"}
RESULT: {"using":"xpath","value":"//*[text()='Provide to site']"}
COMMAND: POST /session/0631827be0a93fac797ef22e97364bed/elements - {"using":"xpath","value":"//*[text()='Provide to site']"}
RESULT: {"using":"xpath","value":"//*[text()='Provide to site']"}
COMMAND: POST /session/0631827be0a93fac797ef22e97364bed/elements - {"using":"xpath","value":"//*[text()='Provide to site']"}
RESULT: {"using":"xpath","value":"//*[text()='Provide to site']"}
COMMAND: POST /session/0631827be0a93fac797ef22e97364bed/elements - {"using":"xpath","value":"//*[text()='Provide to site']"}
RESULT: {"using":"xpath","value":"//*[text()='Provide to site']"}
COMMAND: POST /session/0631827be0a93fac797ef22e97364bed/elements - {"using":"xpath","value":"//*[text()='Provide to site']"}
RESULT: {"using":"xpath","value":"//*[text()='Provide to site']"}
COMMAND: POST /session/0631827be0a93fac797ef22e97364bed/elements - {"using":"xpath","value":"//*[text()='Provide to site']"}
RESULT: {"using":"xpath","value":"//*[text()='Provide to site']"}
COMMAND: POST /session/0631827be0a93fac797ef22e97364bed/elements - {"using":"xpath","value":"//*[text()='Provide to site']"}
RESULT: {"using":"xpath","value":"//*[text()='Provide to site']"}
COMMAND: POST /session/0631827be0a93fac797ef22e97364bed/elements - {"using":"xpath","value":"//*[text()='Provide to site']"}
RESULT: {"using":"xpath","value":"//*[text()='Provide to site']"}
COMMAND: POST /session/0631827be0a93fac797ef22e97364bed/elements - {"using":"xpath","value":"//*[text()='Provide to site']"}
RESULT: {"using":"xpath","value":"//*[text()='Provide to site']"}
COMMAND: POST /session/0631827be0a93fac797ef22e97364bed/elements - {"using":"xpath","value":"//*[text()='Provide to site']"}
RESULT: {"using":"xpath","value":"//*[text()='Provide to site']"}
COMMAND: POST /session/0631827be0a93fac797ef22e97364bed/elements - {"using":"xpath","value":"//*[text()='Provide to site']"}
RESULT: {"using":"xpath","value":"//*[text()='Provide to site']"}
COMMAND: POST /session/0631827be0a93fac797ef22e97364bed/elements - {"using":"xpath","value":"//*[text()='Provide to site']"}
RESULT: {"using":"xpath","value":"//*[text()='Provide to site']"}
COMMAND: POST /session/0631827be0a93fac797ef22e97364bed/elements - {"using":"xpath","value":"//*[text()='Provide to site']"}
RESULT: {"using":"xpath","value":"//*[text()='Provide to site']"}
COMMAND: POST /session/0631827be0a93fac797ef22e97364bed/elements - {"using":"xpath","value":"//*[text()='Provide to site']"}
RESULT: {"using":"xpath","value":"//*[text()='Provide to site']"}
COMMAND: POST /session/0631827be0a93fac797ef22e97364bed/elements - {"using":"xpath","value":"//*[text()='Provide to site']"}
RESULT: {"using":"xpath","value":"//*[text()='Provide to site']"}
COMMAND: POST /session/0631827be0a93fac797ef22e97364bed/elements - {"using":"xpath","value":"//*[text()='Provide to site']"}
RESULT: {"using":"xpath","value":"//*[text()='Provide to site']"}
COMMAND: POST /session/0631827be0a93fac797ef22e97364bed/elements - {"using":"xpath","value":"//*[text()='Provide to site']"}
COMMAND: POST /session/0631827be0a93fac797ef22e97364bed/element - {"using":"xpath","value":"//span[text()='Provide to site - Completed']"}
RESULT: {"using":"xpath","value":"//*[text()='Provide to site']"}
RESULT: {"using":"xpath","value":"//span[text()='Provide to site - Completed']"}
COMMAND: POST /session/0631827be0a93fac797ef22e97364bed/elements - {"using":"xpath","value":"//span[text()='Provide to site - Completed']"}
RESULT: {"using":"xpath","value":"//span[text()='Provide to site - Completed']"}
COMMAND: POST /session/0631827be0a93fac797ef22e97364bed/elements - {"using":"xpath","value":"//span[text()='Provide to site - Completed']"}
RESULT: {"using":"xpath","value":"//span[text()='Provide to site - Completed']"}
COMMAND: POST /session/0631827be0a93fac797ef22e97364bed/elements - {"using":"xpath","value":"//span[text()='Provide to site - Completed']"}
RESULT: {"using":"xpath","value":"//span[text()='Provide to site - Completed']"}
COMMAND: POST /session/0631827be0a93fac797ef22e97364bed/elements - {"using":"xpath","value":"//span[text()='Provide to site - Completed']"}
RESULT: {"using":"xpath","value":"//span[text()='Provide to site - Completed']"}
COMMAND: POST /session/0631827be0a93fac797ef22e97364bed/elements - {"using":"xpath","value":"//span[text()='Provide to site - Completed']"}
RESULT: {"using":"xpath","value":"//span[text()='Provide to site - Completed']"}
COMMAND: POST /session/0631827be0a93fac797ef22e97364bed/elements - {"using":"xpath","value":"//span[text()='Provide to site - Completed']"}
RESULT: {"using":"xpath","value":"//span[text()='Provide to site - Completed']"}
COMMAND: POST /session/0631827be0a93fac797ef22e97364bed/elements - {"using":"xpath","value":"//span[text()='Provide to site - Completed']"}
RESULT: {"using":"xpath","value":"//span[text()='Provide to site - Completed']"}
COMMAND: POST /session/0631827be0a93fac797ef22e97364bed/elements - {"using":"xpath","value":"//span[text()='Provide to site - Completed']"}
RESULT: {"using":"xpath","value":"//span[text()='Provide to site - Completed']"}
COMMAND: POST /session/0631827be0a93fac797ef22e97364bed/elements - {"using":"xpath","value":"//span[text()='Provide to site - Completed']"}
RESULT: {"using":"xpath","value":"//span[text()='Provide to site - Completed']"}
COMMAND: POST /session/0631827be0a93fac797ef22e97364bed/elements - {"using":"xpath","value":"//span[text()='Provide to site - Completed']"}
RESULT: {"using":"xpath","value":"//span[text()='Provide to site - Completed']"}
COMMAND: POST /session/0631827be0a93fac797ef22e97364bed/elements - {"using":"xpath","value":"//span[text()='Provide to site - Completed']"}
RESULT: {"using":"xpath","value":"//span[text()='Provide to site - Completed']"}
COMMAND: POST /session/0631827be0a93fac797ef22e97364bed/elements - {"using":"xpath","value":"//span[text()='Provide to site - Completed']"}
RESULT: {"using":"xpath","value":"//span[text()='Provide to site - Completed']"}
COMMAND: POST /session/0631827be0a93fac797ef22e97364bed/elements - {"using":"xpath","value":"//span[text()='Provide to site - Completed']"}
RESULT: {"using":"xpath","value":"//span[text()='Provide to site - Completed']"}
COMMAND: POST /session/0631827be0a93fac797ef22e97364bed/elements - {"using":"xpath","value":"//span[text()='Provide to site - Completed']"}
RESULT: {"using":"xpath","value":"//span[text()='Provide to site - Completed']"}
COMMAND: POST /session/0631827be0a93fac797ef22e97364bed/elements - {"using":"xpath","value":"//span[text()='Provide to site - Completed']"}
RESULT: {"using":"xpath","value":"//span[text()='Provide to site - Completed']"}
COMMAND: POST /session/0631827be0a93fac797ef22e97364bed/elements - {"using":"xpath","value":"//span[text()='Provide to site - Completed']"}
RESULT: {"using":"xpath","value":"//span[text()='Provide to site - Completed']"}
COMMAND: POST /session/0631827be0a93fac797ef22e97364bed/elements - {"using":"xpath","value":"//span[text()='Provide to site - Completed']"}
RESULT: {"using":"xpath","value":"//span[text()='Provide to site - Completed']"}
COMMAND: POST /session/0631827be0a93fac797ef22e97364bed/elements - {"using":"xpath","value":"//span[text()='Provide to site - Completed']"}
RESULT: {"using":"xpath","value":"//span[text()='Provide to site - Completed']"}
COMMAND: POST /session/0631827be0a93fac797ef22e97364bed/elements - {"using":"xpath","value":"//span[text()='Provide to site - Completed']"}
RESULT: {"using":"xpath","value":"//span[text()='Provide to site - Completed']"}
COMMAND: POST /session/0631827be0a93fac797ef22e97364bed/elements - {"using":"xpath","value":"//span[text()='Provide to site - Completed']"}
RESULT: {"using":"xpath","value":"//span[text()='Provide to site - Completed']"}
COMMAND: POST /session/0631827be0a93fac797ef22e97364bed/elements - {"using":"xpath","value":"//span[text()='Provide to site - Completed']"}
RESULT: {"using":"xpath","value":"//span[text()='Provide to site - Completed']"}
COMMAND: POST /session/0631827be0a93fac797ef22e97364bed/elements - {"using":"xpath","value":"//span[text()='Provide to site - Completed']"}
RESULT: {"using":"xpath","value":"//span[text()='Provide to site - Completed']"}
COMMAND: POST /session/0631827be0a93fac797ef22e97364bed/elements - {"using":"xpath","value":"//span[text()='Provide to site - Completed']"}
RESULT: {"using":"xpath","value":"//span[text()='Provide to site - Completed']"}
COMMAND: POST /session/0631827be0a93fac797ef22e97364bed/elements - {"using":"xpath","value":"//span[text()='Provide to site - Completed']"}
RESULT: {"using":"xpath","value":"//span[text()='Provide to site - Completed']"}
COMMAND: POST /session/0631827be0a93fac797ef22e97364bed/elements - {"using":"xpath","value":"//span[text()='Provide to site - Completed']"}
RESULT: {"using":"xpath","value":"//span[text()='Provide to site - Completed']"}
COMMAND: POST /session/0631827be0a93fac797ef22e97364bed/elements - {"using":"xpath","value":"//span[text()='Provide to site - Completed']"}
RESULT: {"using":"xpath","value":"//span[text()='Provide to site - Completed']"}
COMMAND: POST /session/0631827be0a93fac797ef22e97364bed/elements - {"using":"xpath","value":"//span[text()='Provide to site - Completed']"}
RESULT: {"using":"xpath","value":"//span[text()='Provide to site - Completed']"}
COMMAND: POST /session/0631827be0a93fac797ef22e97364bed/elements - {"using":"xpath","value":"//span[text()='Provide to site - Completed']"}
RESULT: {"using":"xpath","value":"//span[text()='Provide to site - Completed']"}
COMMAND: POST /session/0631827be0a93fac797ef22e97364bed/elements - {"using":"xpath","value":"//span[text()='Provide to site - Completed']"}
RESULT: {"using":"xpath","value":"//span[text()='Provide to site - Completed']"}
COMMAND: POST /session/0631827be0a93fac797ef22e97364bed/elements - {"using":"xpath","value":"//span[text()='Provide to site - Completed']"}
RESULT: {"using":"xpath","value":"//span[text()='Provide to site - Completed']"}
COMMAND: POST /session/0631827be0a93fac797ef22e97364bed/elements - {"using":"xpath","value":"//span[text()='Provide to site - Completed']"}
RESULT: {"using":"xpath","value":"//span[text()='Provide to site - Completed']"}
COMMAND: POST /session/0631827be0a93fac797ef22e97364bed/elements - {"using":"xpath","value":"//span[text()='Provide to site - Completed']"}
RESULT: {"using":"xpath","value":"//span[text()='Provide to site - Completed']"}
COMMAND: POST /session/0631827be0a93fac797ef22e97364bed/elements - {"using":"xpath","value":"//span[text()='Provide to site - Completed']"}
RESULT: {"using":"xpath","value":"//span[text()='Provide to site - Completed']"}
COMMAND: POST /session/0631827be0a93fac797ef22e97364bed/elements - {"using":"xpath","value":"//span[text()='Provide to site - Completed']"}
RESULT: {"using":"xpath","value":"//span[text()='Provide to site - Completed']"}
COMMAND: POST /session/0631827be0a93fac797ef22e97364bed/elements - {"using":"xpath","value":"//span[text()='Provide to site - Completed']"}
RESULT: {"using":"xpath","value":"//span[text()='Provide to site - Completed']"}
COMMAND: POST /session/0631827be0a93fac797ef22e97364bed/elements - {"using":"xpath","value":"//span[text()='Provide to site - Completed']"}
RESULT: {"using":"xpath","value":"//span[text()='Provide to site - Completed']"}
COMMAND: POST /session/0631827be0a93fac797ef22e97364bed/elements - {"using":"xpath","value":"//span[text()='Provide to site - Completed']"}
RESULT: {"using":"xpath","value":"//span[text()='Provide to site - Completed']"}
COMMAND: POST /session/0631827be0a93fac797ef22e97364bed/elements - {"using":"xpath","value":"//span[text()='Provide to site - Completed']"}
RESULT: {"using":"xpath","value":"//span[text()='Provide to site - Completed']"}
COMMAND: POST /session/0631827be0a93fac797ef22e97364bed/elements - {"using":"xpath","value":"//span[text()='Provide to site - Completed']"}
RESULT: {"using":"xpath","value":"//span[text()='Provide to site - Completed']"}
COMMAND: POST /session/0631827be0a93fac797ef22e97364bed/elements - {"using":"xpath","value":"//span[text()='Provide to site - Completed']"}
RESULT: {"using":"xpath","value":"//span[text()='Provide to site - Completed']"}
COMMAND: POST /session/0631827be0a93fac797ef22e97364bed/elements - {"using":"xpath","value":"//span[text()='Provide to site - Completed']"}
RESULT: {"using":"xpath","value":"//span[text()='Provide to site - Completed']"}
COMMAND: POST /session/0631827be0a93fac797ef22e97364bed/elements - {"using":"xpath","value":"//span[text()='Provide to site - Completed']"}
RESULT: {"using":"xpath","value":"//span[text()='Provide to site - Completed']"}
COMMAND: POST /session/0631827be0a93fac797ef22e97364bed/elements - {"using":"xpath","value":"//span[text()='Provide to site - Completed']"}
RESULT: {"using":"xpath","value":"//span[text()='Provide to site - Completed']"}
COMMAND: POST /session/0631827be0a93fac797ef22e97364bed/elements - {"using":"xpath","value":"//span[text()='Provide to site - Completed']"}
RESULT: {"using":"xpath","value":"//span[text()='Provide to site - Completed']"}
COMMAND: POST /session/0631827be0a93fac797ef22e97364bed/elements - {"using":"xpath","value":"//span[text()='Provide to site - Completed']"}
RESULT: {"using":"xpath","value":"//span[text()='Provide to site - Completed']"}
COMMAND: POST /session/0631827be0a93fac797ef22e97364bed/elements - {"using":"xpath","value":"//span[text()='Provide to site - Completed']"}
RESULT: {"using":"xpath","value":"//span[text()='Provide to site - Completed']"}
COMMAND: POST /session/0631827be0a93fac797ef22e97364bed/elements - {"using":"xpath","value":"//span[text()='Provide to site - Completed']"}
RESULT: {"using":"xpath","value":"//span[text()='Provide to site - Completed']"}
COMMAND: POST /session/0631827be0a93fac797ef22e97364bed/elements - {"using":"xpath","value":"//span[text()='Provide to site - Completed']"}
RESULT: {"using":"xpath","value":"//span[text()='Provide to site - Completed']"}
COMMAND: POST /session/0631827be0a93fac797ef22e97364bed/elements - {"using":"xpath","value":"//span[text()='Provide to site - Completed']"}
RESULT: {"using":"xpath","value":"//span[text()='Provide to site - Completed']"}
COMMAND: POST /session/0631827be0a93fac797ef22e97364bed/elements - {"using":"xpath","value":"//span[text()='Provide to site - Completed']"}
RESULT: {"using":"xpath","value":"//span[text()='Provide to site - Completed']"}
COMMAND: POST /session/0631827be0a93fac797ef22e97364bed/elements - {"using":"xpath","value":"//span[text()='Provide to site - Completed']"}
RESULT: {"using":"xpath","value":"//span[text()='Provide to site - Completed']"}
COMMAND: POST /session/0631827be0a93fac797ef22e97364bed/elements - {"using":"xpath","value":"//span[text()='Provide to site - Completed']"}
RESULT: {"using":"xpath","value":"//span[text()='Provide to site - Completed']"}
COMMAND: POST /session/0631827be0a93fac797ef22e97364bed/elements - {"using":"xpath","value":"//span[text()='Provide to site - Completed']"}
RESULT: {"using":"xpath","value":"//span[text()='Provide to site - Completed']"}
COMMAND: POST /session/0631827be0a93fac797ef22e97364bed/elements - {"using":"xpath","value":"//span[text()='Provide to site - Completed']"}
RESULT: {"using":"xpath","value":"//span[text()='Provide to site - Completed']"}
COMMAND: POST /session/0631827be0a93fac797ef22e97364bed/elements - {"using":"xpath","value":"//span[text()='Provide to site - Completed']"}
RESULT: {"using":"xpath","value":"//span[text()='Provide to site - Completed']"}
COMMAND: POST /session/0631827be0a93fac797ef22e97364bed/elements - {"using":"xpath","value":"//span[text()='Provide to site - Completed']"}
RESULT: {"using":"xpath","value":"//span[text()='Provide to site - Completed']"}
COMMAND: POST /session/0631827be0a93fac797ef22e97364bed/elements - {"using":"xpath","value":"//span[text()='Provide to site - Completed']"}
RESULT: {"using":"xpath","value":"//span[text()='Provide to site - Completed']"}
COMMAND: POST /session/0631827be0a93fac797ef22e97364bed/elements - {"using":"xpath","value":"//span[text()='Provide to site - Completed']"}
RESULT: {"using":"xpath","value":"//span[text()='Provide to site - Completed']"}
COMMAND: POST /session/0631827be0a93fac797ef22e97364bed/elements - {"using":"xpath","value":"//span[text()='Provide to site - Completed']"}
RESULT: {"using":"xpath","value":"//span[text()='Provide to site - Completed']"}
COMMAND: POST /session/0631827be0a93fac797ef22e97364bed/elements - {"using":"xpath","value":"//span[text()='Provide to site - Completed']"}
RESULT: {"using":"xpath","value":"//span[text()='Provide to site - Completed']"}
COMMAND: POST /session/0631827be0a93fac797ef22e97364bed/elements - {"using":"xpath","value":"//span[text()='Provide to site - Completed']"}
RESULT: {"using":"xpath","value":"//span[text()='Provide to site - Completed']"}
COMMAND: POST /session/0631827be0a93fac797ef22e97364bed/elements - {"using":"xpath","value":"//span[text()='Provide to site - Completed']"}
RESULT: {"using":"xpath","value":"//span[text()='Provide to site - Completed']"}
COMMAND: POST /session/0631827be0a93fac797ef22e97364bed/elements - {"using":"xpath","value":"//span[text()='Provide to site - Completed']"}
RESULT: {"using":"xpath","value":"//span[text()='Provide to site - Completed']"}
COMMAND: POST /session/0631827be0a93fac797ef22e97364bed/elements - {"using":"xpath","value":"//span[text()='Provide to site - Completed']"}
RESULT: {"using":"xpath","value":"//span[text()='Provide to site - Completed']"}
COMMAND: POST /session/0631827be0a93fac797ef22e97364bed/elements - {"using":"xpath","value":"//span[text()='Provide to site - Completed']"}
RESULT: {"using":"xpath","value":"//span[text()='Provide to site - Completed']"}
COMMAND: POST /session/0631827be0a93fac797ef22e97364bed/elements - {"using":"xpath","value":"//span[text()='Provide to site - Completed']"}
RESULT: {"using":"xpath","value":"//span[text()='Provide to site - Completed']"}
COMMAND: POST /session/0631827be0a93fac797ef22e97364bed/elements - {"using":"xpath","value":"//span[text()='Provide to site - Completed']"}
RESULT: {"using":"xpath","value":"//span[text()='Provide to site - Completed']"}
COMMAND: POST /session/0631827be0a93fac797ef22e97364bed/elements - {"using":"xpath","value":"//span[text()='Provide to site - Completed']"}
RESULT: {"using":"xpath","value":"//span[text()='Provide to site - Completed']"}
COMMAND: POST /session/0631827be0a93fac797ef22e97364bed/elements - {"using":"xpath","value":"//span[text()='Provide to site - Completed']"}
RESULT: {"using":"xpath","value":"//span[text()='Provide to site - Completed']"}
COMMAND: POST /session/0631827be0a93fac797ef22e97364bed/elements - {"using":"xpath","value":"//span[text()='Provide to site - Completed']"}
RESULT: {"using":"xpath","value":"//span[text()='Provide to site - Completed']"}
COMMAND: POST /session/0631827be0a93fac797ef22e97364bed/elements - {"using":"xpath","value":"//span[text()='Provide to site - Completed']"}
RESULT: {"using":"xpath","value":"//span[text()='Provide to site - Completed']"}
COMMAND: POST /session/0631827be0a93fac797ef22e97364bed/elements - {"using":"xpath","value":"//span[text()='Provide to site - Completed']"}
RESULT: {"using":"xpath","value":"//span[text()='Provide to site - Completed']"}
COMMAND: POST /session/0631827be0a93fac797ef22e97364bed/elements - {"using":"xpath","value":"//span[text()='Provide to site - Completed']"}
RESULT: {"using":"xpath","value":"//span[text()='Provide to site - Completed']"}
COMMAND: POST /session/0631827be0a93fac797ef22e97364bed/elements - {"using":"xpath","value":"//span[text()='Provide to site - Completed']"}
RESULT: {"using":"xpath","value":"//span[text()='Provide to site - Completed']"}
COMMAND: POST /session/0631827be0a93fac797ef22e97364bed/elements - {"using":"xpath","value":"//span[text()='Provide to site - Completed']"}
RESULT: {"using":"xpath","value":"//span[text()='Provide to site - Completed']"}
COMMAND: POST /session/0631827be0a93fac797ef22e97364bed/elements - {"using":"xpath","value":"//span[text()='Provide to site - Completed']"}
RESULT: {"using":"xpath","value":"//span[text()='Provide to site - Completed']"}
COMMAND: POST /session/0631827be0a93fac797ef22e97364bed/elements - {"using":"xpath","value":"//span[text()='Provide to site - Completed']"}
RESULT: {"using":"xpath","value":"//span[text()='Provide to site - Completed']"}
COMMAND: POST /session/0631827be0a93fac797ef22e97364bed/elements - {"using":"xpath","value":"//span[text()='Provide to site - Completed']"}
RESULT: {"using":"xpath","value":"//span[text()='Provide to site - Completed']"}
COMMAND: POST /session/0631827be0a93fac797ef22e97364bed/elements - {"using":"xpath","value":"//span[text()='Provide to site - Completed']"}
RESULT: {"using":"xpath","value":"//span[text()='Provide to site - Completed']"}
COMMAND: POST /session/0631827be0a93fac797ef22e97364bed/elements - {"using":"xpath","value":"//span[text()='Provide to site - Completed']"}
RESULT: {"using":"xpath","value":"//span[text()='Provide to site - Completed']"}
COMMAND: POST /session/0631827be0a93fac797ef22e97364bed/elements - {"using":"xpath","value":"//span[text()='Provide to site - Completed']"}
RESULT: {"using":"xpath","value":"//span[text()='Provide to site - Completed']"}
COMMAND: POST /session/0631827be0a93fac797ef22e97364bed/elements - {"using":"xpath","value":"//span[text()='Provide to site - Completed']"}
RESULT: {"using":"xpath","value":"//span[text()='Provide to site - Completed']"}
COMMAND: POST /session/0631827be0a93fac797ef22e97364bed/elements - {"using":"xpath","value":"//span[text()='Provide to site - Completed']"}
RESULT: {"using":"xpath","value":"//span[text()='Provide to site - Completed']"}
COMMAND: POST /session/0631827be0a93fac797ef22e97364bed/elements - {"using":"xpath","value":"//span[text()='Provide to site - Completed']"}
RESULT: {"using":"xpath","value":"//span[text()='Provide to site - Completed']"}
COMMAND: POST /session/0631827be0a93fac797ef22e97364bed/elements - {"using":"xpath","value":"//span[text()='Provide to site - Completed']"}
RESULT: {"using":"xpath","value":"//span[text()='Provide to site - Completed']"}
COMMAND: POST /session/0631827be0a93fac797ef22e97364bed/elements - {"using":"xpath","value":"//span[text()='Provide to site - Completed']"}
RESULT: {"using":"xpath","value":"//span[text()='Provide to site - Completed']"}
COMMAND: POST /session/0631827be0a93fac797ef22e97364bed/elements - {"using":"xpath","value":"//span[text()='Provide to site - Completed']"}
RESULT: {"using":"xpath","value":"//span[text()='Provide to site - Completed']"}
COMMAND: POST /session/0631827be0a93fac797ef22e97364bed/elements - {"using":"xpath","value":"//span[text()='Provide to site - Completed']"}
RESULT: {"using":"xpath","value":"//span[text()='Provide to site - Completed']"}
COMMAND: POST /session/0631827be0a93fac797ef22e97364bed/elements - {"using":"xpath","value":"//span[text()='Provide to site - Completed']"}
RESULT: {"using":"xpath","value":"//span[text()='Provide to site - Completed']"}
COMMAND: POST /session/0631827be0a93fac797ef22e97364bed/elements - {"using":"xpath","value":"//span[text()='Provide to site - Completed']"}
RESULT: {"using":"xpath","value":"//span[text()='Provide to site - Completed']"}
COMMAND: POST /session/0631827be0a93fac797ef22e97364bed/execute/async - {"script":"<script> [1562 bytes]","args":[{"selector":{"controlType":"sap.m.Button","viewName":"etm.portal.ui.managehandovers.view.DetailExecuteHO","i18NText":{"propertyName":"text","key":"pickQty"},"interaction":{"idSuffix":"BDI-content"}},"wdio_ui5_key":"etmportal.ui.managehandovers.view.DetailExecuteHOsap.m.Button{\"propertyName\":\"text\",\"key\":\"pickQty\"}"}]}
RESULT: {"script":"<script> [1562 bytes]","args":[{"selector":{"controlType":"sap.m.Button","viewName":"etm.portal.ui.managehandovers.view.DetailExecuteHO","i18NText":{"propertyName":"text","key":"pickQty"},"interaction":{"idSuffix":"BDI-content"}},"wdio_ui5_key":"etmportal.ui.managehandovers.view.DetailExecuteHOsap.m.Button{\"propertyName\":\"text\",\"key\":\"pickQty\"}"}]}
RESULT: undefined
COMMAND: POST /session/0631827be0a93fac797ef22e97364bed/execute/async - {"script":"<script> [1562 bytes]","args":[{"selector":{"controlType":"sap.m.Link","viewName":"etm.portal.ui.managehandovers.view.DetailExecuteHO","bindingPath":{"path":"","propertyPath":"/wmDoc","modelName":"warehouseMovModel"}},"wdio_ui5_key":"etmportal.ui.managehandovers.view.DetailExecuteHOsap.m.Link{\"path\":\"\",\"propertyPath\":\"/wmDoc\",\"modelName\":\"warehouseMovModel\"}"}]}
RESULT: {"script":"<script> [1562 bytes]","args":[{"selector":{"controlType":"sap.m.Link","viewName":"etm.portal.ui.managehandovers.view.DetailExecuteHO","bindingPath":{"path":"","propertyPath":"/wmDoc","modelName":"warehouseMovModel"}},"wdio_ui5_key":"etmportal.ui.managehandovers.view.DetailExecuteHOsap.m.Link{\"path\":\"\",\"propertyPath\":\"/wmDoc\",\"modelName\":\"warehouseMovModel\"}"}]}
RESULT: undefined
COMMAND: POST /session/0631827be0a93fac797ef22e97364bed/execute/async - {"script":"<script> [1562 bytes]","args":[{"selector":{"controlType":"sap.m.Link","viewName":"etm.portal.ui.managehandovers.view.DetailExecuteHO","properties":{"text":"Warehouse Overview"},"searchOpenDialogs":true},"wdio_ui5_key":"etmportal.ui.managehandovers.view.DetailExecuteHOsap.m.Link{\"text\":\"Warehouse Overview\"}"}]}
RESULT: {"script":"<script> [1562 bytes]","args":[{"selector":{"controlType":"sap.m.Link","viewName":"etm.portal.ui.managehandovers.view.DetailExecuteHO","properties":{"text":"Warehouse Overview"},"searchOpenDialogs":true},"wdio_ui5_key":"etmportal.ui.managehandovers.view.DetailExecuteHOsap.m.Link{\"text\":\"Warehouse Overview\"}"}]}
RESULT: undefined
COMMAND: POST /session/0631827be0a93fac797ef22e97364bed/execute/async - {"script":"<script> [1562 bytes]","args":[{"selector":{"controlType":"sap.m.Button","viewName":"etm.portal.ui.warehousemovements.view.DisplayMovement","viewId":"application-warehousemovements-display-component---displayMovement","i18NText":{"propertyName":"text","key":"execution"},"interaction":{"idSuffix":"BDI-content"}},"wdio_ui5_key":"etmportal.ui.warehousemovements.view.DisplayMovementsap.m.Button{\"propertyName\":\"text\",\"key\":\"execution\"}"}]}
RESULT: {"script":"<script> [1562 bytes]","args":[{"selector":{"controlType":"sap.m.Button","viewName":"etm.portal.ui.warehousemovements.view.DisplayMovement","viewId":"application-warehousemovements-display-component---displayMovement","i18NText":{"propertyName":"text","key":"execution"},"interaction":{"idSuffix":"BDI-content"}},"wdio_ui5_key":"etmportal.ui.warehousemovements.view.DisplayMovementsap.m.Button{\"propertyName\":\"text\",\"key\":\"execution\"}"}]}
RESULT: undefined
COMMAND: POST /session/0631827be0a93fac797ef22e97364bed/execute/async - {"script":"<script> [1562 bytes]","args":[{"selector":{"controlType":"sap.m.Button","viewName":"etm.portal.ui.warehousemovements.view.ExecuteMovement","viewId":"application-warehousemovements-display-component---executeMovement","properties":{"text":"Items"},"interaction":{"idSuffix":"BDI-content"}},"wdio_ui5_key":"etmportal.ui.warehousemovements.view.ExecuteMovementsap.m.Button{\"text\":\"Items\"}"}]}
RESULT: {"script":"<script> [1562 bytes]","args":[{"selector":{"controlType":"sap.m.Button","viewName":"etm.portal.ui.warehousemovements.view.ExecuteMovement","viewId":"application-warehousemovements-display-component---executeMovement","properties":{"text":"Items"},"interaction":{"idSuffix":"BDI-content"}},"wdio_ui5_key":"etmportal.ui.warehousemovements.view.ExecuteMovementsap.m.Button{\"text\":\"Items\"}"}]}
RESULT: undefined
COMMAND: POST /session/0631827be0a93fac797ef22e97364bed/execute/async - {"script":"<script> [1562 bytes]","args":[{"selector":{"controlType":"sap.m.ToggleButton","viewName":"etm.portal.ui.warehousemovements.view.ExecuteMovement","viewId":"application-warehousemovements-display-component---executeMovement","bindingPath":{"propertyPath":"STATUS","modelName":"catalogModel"},"interaction":{"idSuffix":"BDI-content"}},"wdio_ui5_key":"etmportal.ui.warehousemovements.view.ExecuteMovementsap.m.ToggleButton{\"propertyPath\":\"STATUS\",\"modelName\":\"catalogModel\"}"}]}
RESULT: {"script":"<script> [1562 bytes]","args":[{"selector":{"controlType":"sap.m.ToggleButton","viewName":"etm.portal.ui.warehousemovements.view.ExecuteMovement","viewId":"application-warehousemovements-display-component---executeMovement","bindingPath":{"propertyPath":"STATUS","modelName":"catalogModel"},"interaction":{"idSuffix":"BDI-content"}},"wdio_ui5_key":"etmportal.ui.warehousemovements.view.ExecuteMovementsap.m.ToggleButton{\"propertyPath\":\"STATUS\",\"modelName\":\"catalogModel\"}"}]}
RESULT: undefined
RESULT: undefined
RESULT: undefined
COMMAND: POST /session/0631827be0a93fac797ef22e97364bed/execute/async - {"script":"<script> [1562 bytes]","args":[{"selector":{"id":"application-warehousemovements-display-component---executeMovement--executeId","interaction":{"idSuffix":"BDI-content"}},"wdio_ui5_key":"applicationwarehousemovements-display-component---executeMovement--executeId"}]}
RESULT: {"script":"<script> [1562 bytes]","args":[{"selector":{"id":"application-warehousemovements-display-component---executeMovement--executeId","interaction":{"idSuffix":"BDI-content"}},"wdio_ui5_key":"applicationwarehousemovements-display-component---executeMovement--executeId"}]}
RESULT: undefined
COMMAND: POST /session/0631827be0a93fac797ef22e97364bed/element - {"using":"css selector","value":"#shell-header-logo"}
RESULT: {"using":"css selector","value":"#shell-header-logo"}
COMMAND: POST /session/0631827be0a93fac797ef22e97364bed/element/f.1195843739892CF439726866CA7D4ED2.d.8790B7E83BFC4DC64D24498255BFDD9A.e.8549/click - {}
RESULT: {}
COMMAND: GET /session/0631827be0a93fac797ef22e97364bed/screenshot - {}
RESULT: {}
RESULT: undefined
COMMAND: POST /session/0631827be0a93fac797ef22e97364bed/element - {"using":"xpath","value":"//*[@id=\"__tile133\"]"}
RESULT: {"using":"xpath","value":"//*[@id=\"__tile133\"]"}
COMMAND: POST /session/0631827be0a93fac797ef22e97364bed/element/f.1195843739892CF439726866CA7D4ED2.d.8790B7E83BFC4DC64D24498255BFDD9A.e.7801/click - {}
RESULT: {}
COMMAND: GET /session/0631827be0a93fac797ef22e97364bed/screenshot - {}
COMMAND: POST /session/0631827be0a93fac797ef22e97364bed/execute/async - {"script":"<script> [1562 bytes]","args":[{"selector":{"controlType":"sap.m.SearchField","viewName":"etm.portal.ui.managehandovers.view.MasterHO","bindingPath":{"propertyPath":"/_BASIC_SEARCH_FIELD","modelName":"fi1t3rM0d31"},"interaction":{"idSuffix":"I"}},"wdio_ui5_key":"etmportal.ui.managehandovers.view.MasterHOsap.m.SearchField{\"propertyPath\":\"/_BASIC_SEARCH_FIELD\",\"modelName\":\"fi1t3rM0d31\"}"}]}
RESULT: {}
RESULT: {"script":"<script> [1562 bytes]","args":[{"selector":{"controlType":"sap.m.SearchField","viewName":"etm.portal.ui.managehandovers.view.MasterHO","bindingPath":{"propertyPath":"/_BASIC_SEARCH_FIELD","modelName":"fi1t3rM0d31"},"interaction":{"idSuffix":"I"}},"wdio_ui5_key":"etmportal.ui.managehandovers.view.MasterHOsap.m.SearchField{\"propertyPath\":\"/_BASIC_SEARCH_FIELD\",\"modelName\":\"fi1t3rM0d31\"}"}]}
RESULT: undefined
COMMAND: POST /session/0631827be0a93fac797ef22e97364bed/execute/async - {"script":"<script> [776 bytes]","args":[{"enterText":"30579","selector":{"controlType":"sap.m.SearchField","viewName":"etm.portal.ui.managehandovers.view.MasterHO","bindingPath":{"propertyPath":"/_BASIC_SEARCH_FIELD","modelName":"fi1t3rM0d31"},"interaction":{"idSuffix":"I"}},"clearTextFirst":true,"interactionType":"ENTER_TEXT"}]}
RESULT: {"script":"<script> [776 bytes]","args":[{"enterText":"30579","selector":{"controlType":"sap.m.SearchField","viewName":"etm.portal.ui.managehandovers.view.MasterHO","bindingPath":{"propertyPath":"/_BASIC_SEARCH_FIELD","modelName":"fi1t3rM0d31"},"interaction":{"idSuffix":"I"}},"clearTextFirst":true,"interactionType":"ENTER_TEXT"}]}
COMMAND: POST /session/0631827be0a93fac797ef22e97364bed/actions - {"actions":[{"id":"action48","type":"key","parameters":{},"actions":[{"type":"keyDown","value":"î€‡"},{"type":"pause","duration":10},{"type":"keyUp","value":"î€‡"}]}]}
RESULT: {"actions":[{"id":"action48","type":"key","parameters":{},"actions":[{"type":"keyDown","value":"î€‡"},{"type":"pause","duration":10},{"type":"keyUp","value":"î€‡"}]}]}
COMMAND: GET /session/0631827be0a93fac797ef22e97364bed/screenshot - {}
RESULT: {}
RESULT: undefined
COMMAND: POST /session/0631827be0a93fac797ef22e97364bed/element - {"using":"xpath","value":"//*[@id=\"__item3112-__clone8458-imgNav\"]"}
RESULT: {"using":"xpath","value":"//*[@id=\"__item3112-__clone8458-imgNav\"]"}
COMMAND: POST /session/0631827be0a93fac797ef22e97364bed/elements - {"using":"xpath","value":"//*[@id=\"__item3112-__clone8458-imgNav\"]"}
RESULT: {"using":"xpath","value":"//*[@id=\"__item3112-__clone8458-imgNav\"]"}
COMMAND: POST /session/0631827be0a93fac797ef22e97364bed/elements - {"using":"xpath","value":"//*[@id=\"__item3112-__clone8458-imgNav\"]"}
RESULT: {"using":"xpath","value":"//*[@id=\"__item3112-__clone8458-imgNav\"]"}
COMMAND: POST /session/0631827be0a93fac797ef22e97364bed/elements - {"using":"xpath","value":"//*[@id=\"__item3112-__clone8458-imgNav\"]"}
RESULT: {"using":"xpath","value":"//*[@id=\"__item3112-__clone8458-imgNav\"]"}
COMMAND: POST /session/0631827be0a93fac797ef22e97364bed/elements - {"using":"xpath","value":"//*[@id=\"__item3112-__clone8458-imgNav\"]"}
RESULT: {"using":"xpath","value":"//*[@id=\"__item3112-__clone8458-imgNav\"]"}
COMMAND: POST /session/0631827be0a93fac797ef22e97364bed/elements - {"using":"xpath","value":"//*[@id=\"__item3112-__clone8458-imgNav\"]"}
RESULT: {"using":"xpath","value":"//*[@id=\"__item3112-__clone8458-imgNav\"]"}
COMMAND: POST /session/0631827be0a93fac797ef22e97364bed/elements - {"using":"xpath","value":"//*[@id=\"__item3112-__clone8458-imgNav\"]"}
RESULT: {"using":"xpath","value":"//*[@id=\"__item3112-__clone8458-imgNav\"]"}
COMMAND: POST /session/0631827be0a93fac797ef22e97364bed/elements - {"using":"xpath","value":"//*[@id=\"__item3112-__clone8458-imgNav\"]"}
RESULT: {"using":"xpath","value":"//*[@id=\"__item3112-__clone8458-imgNav\"]"}
COMMAND: POST /session/0631827be0a93fac797ef22e97364bed/elements - {"using":"xpath","value":"//*[@id=\"__item3112-__clone8458-imgNav\"]"}
RESULT: {"using":"xpath","value":"//*[@id=\"__item3112-__clone8458-imgNav\"]"}
COMMAND: POST /session/0631827be0a93fac797ef22e97364bed/elements - {"using":"xpath","value":"//*[@id=\"__item3112-__clone8458-imgNav\"]"}
RESULT: {"using":"xpath","value":"//*[@id=\"__item3112-__clone8458-imgNav\"]"}
COMMAND: POST /session/0631827be0a93fac797ef22e97364bed/elements - {"using":"xpath","value":"//*[@id=\"__item3112-__clone8458-imgNav\"]"}
RESULT: {"using":"xpath","value":"//*[@id=\"__item3112-__clone8458-imgNav\"]"}
COMMAND: POST /session/0631827be0a93fac797ef22e97364bed/elements - {"using":"xpath","value":"//*[@id=\"__item3112-__clone8458-imgNav\"]"}
RESULT: {"using":"xpath","value":"//*[@id=\"__item3112-__clone8458-imgNav\"]"}
COMMAND: POST /session/0631827be0a93fac797ef22e97364bed/elements - {"using":"xpath","value":"//*[@id=\"__item3112-__clone8458-imgNav\"]"}
RESULT: {"using":"xpath","value":"//*[@id=\"__item3112-__clone8458-imgNav\"]"}
COMMAND: POST /session/0631827be0a93fac797ef22e97364bed/elements - {"using":"xpath","value":"//*[@id=\"__item3112-__clone8458-imgNav\"]"}
RESULT: {"using":"xpath","value":"//*[@id=\"__item3112-__clone8458-imgNav\"]"}
COMMAND: POST /session/0631827be0a93fac797ef22e97364bed/elements - {"using":"xpath","value":"//*[@id=\"__item3112-__clone8458-imgNav\"]"}
RESULT: {"using":"xpath","value":"//*[@id=\"__item3112-__clone8458-imgNav\"]"}
COMMAND: POST /session/0631827be0a93fac797ef22e97364bed/elements - {"using":"xpath","value":"//*[@id=\"__item3112-__clone8458-imgNav\"]"}
RESULT: {"using":"xpath","value":"//*[@id=\"__item3112-__clone8458-imgNav\"]"}
COMMAND: POST /session/0631827be0a93fac797ef22e97364bed/elements - {"using":"xpath","value":"//*[@id=\"__item3112-__clone8458-imgNav\"]"}
RESULT: {"using":"xpath","value":"//*[@id=\"__item3112-__clone8458-imgNav\"]"}
COMMAND: POST /session/0631827be0a93fac797ef22e97364bed/elements - {"using":"xpath","value":"//*[@id=\"__item3112-__clone8458-imgNav\"]"}
RESULT: {"using":"xpath","value":"//*[@id=\"__item3112-__clone8458-imgNav\"]"}
COMMAND: POST /session/0631827be0a93fac797ef22e97364bed/elements - {"using":"xpath","value":"//*[@id=\"__item3112-__clone8458-imgNav\"]"}
RESULT: {"using":"xpath","value":"//*[@id=\"__item3112-__clone8458-imgNav\"]"}
COMMAND: POST /session/0631827be0a93fac797ef22e97364bed/elements - {"using":"xpath","value":"//*[@id=\"__item3112-__clone8458-imgNav\"]"}
RESULT: {"using":"xpath","value":"//*[@id=\"__item3112-__clone8458-imgNav\"]"}
COMMAND: POST /session/0631827be0a93fac797ef22e97364bed/elements - {"using":"xpath","value":"//*[@id=\"__item3112-__clone8458-imgNav\"]"}
RESULT: {"using":"xpath","value":"//*[@id=\"__item3112-__clone8458-imgNav\"]"}
COMMAND: POST /session/0631827be0a93fac797ef22e97364bed/elements - {"using":"xpath","value":"//*[@id=\"__item3112-__clone8458-imgNav\"]"}
RESULT: {"using":"xpath","value":"//*[@id=\"__item3112-__clone8458-imgNav\"]"}
COMMAND: POST /session/0631827be0a93fac797ef22e97364bed/elements - {"using":"xpath","value":"//*[@id=\"__item3112-__clone8458-imgNav\"]"}
RESULT: {"using":"xpath","value":"//*[@id=\"__item3112-__clone8458-imgNav\"]"}
COMMAND: POST /session/0631827be0a93fac797ef22e97364bed/elements - {"using":"xpath","value":"//*[@id=\"__item3112-__clone8458-imgNav\"]"}
RESULT: {"using":"xpath","value":"//*[@id=\"__item3112-__clone8458-imgNav\"]"}
COMMAND: POST /session/0631827be0a93fac797ef22e97364bed/elements - {"using":"xpath","value":"//*[@id=\"__item3112-__clone8458-imgNav\"]"}
RESULT: {"using":"xpath","value":"//*[@id=\"__item3112-__clone8458-imgNav\"]"}
COMMAND: POST /session/0631827be0a93fac797ef22e97364bed/elements - {"using":"xpath","value":"//*[@id=\"__item3112-__clone8458-imgNav\"]"}
RESULT: {"using":"xpath","value":"//*[@id=\"__item3112-__clone8458-imgNav\"]"}
COMMAND: POST /session/0631827be0a93fac797ef22e97364bed/elements - {"using":"xpath","value":"//*[@id=\"__item3112-__clone8458-imgNav\"]"}
RESULT: {"using":"xpath","value":"//*[@id=\"__item3112-__clone8458-imgNav\"]"}
COMMAND: POST /session/0631827be0a93fac797ef22e97364bed/elements - {"using":"xpath","value":"//*[@id=\"__item3112-__clone8458-imgNav\"]"}
RESULT: {"using":"xpath","value":"//*[@id=\"__item3112-__clone8458-imgNav\"]"}
COMMAND: POST /session/0631827be0a93fac797ef22e97364bed/elements - {"using":"xpath","value":"//*[@id=\"__item3112-__clone8458-imgNav\"]"}
RESULT: {"using":"xpath","value":"//*[@id=\"__item3112-__clone8458-imgNav\"]"}
COMMAND: POST /session/0631827be0a93fac797ef22e97364bed/elements - {"using":"xpath","value":"//*[@id=\"__item3112-__clone8458-imgNav\"]"}
RESULT: {"using":"xpath","value":"//*[@id=\"__item3112-__clone8458-imgNav\"]"}
COMMAND: POST /session/0631827be0a93fac797ef22e97364bed/elements - {"using":"xpath","value":"//*[@id=\"__item3112-__clone8458-imgNav\"]"}
RESULT: {"using":"xpath","value":"//*[@id=\"__item3112-__clone8458-imgNav\"]"}
COMMAND: POST /session/0631827be0a93fac797ef22e97364bed/elements - {"using":"xpath","value":"//*[@id=\"__item3112-__clone8458-imgNav\"]"}
RESULT: {"using":"xpath","value":"//*[@id=\"__item3112-__clone8458-imgNav\"]"}
COMMAND: POST /session/0631827be0a93fac797ef22e97364bed/elements - {"using":"xpath","value":"//*[@id=\"__item3112-__clone8458-imgNav\"]"}
RESULT: {"using":"xpath","value":"//*[@id=\"__item3112-__clone8458-imgNav\"]"}
COMMAND: POST /session/0631827be0a93fac797ef22e97364bed/elements - {"using":"xpath","value":"//*[@id=\"__item3112-__clone8458-imgNav\"]"}
RESULT: {"using":"xpath","value":"//*[@id=\"__item3112-__clone8458-imgNav\"]"}
COMMAND: POST /session/0631827be0a93fac797ef22e97364bed/elements - {"using":"xpath","value":"//*[@id=\"__item3112-__clone8458-imgNav\"]"}
RESULT: {"using":"xpath","value":"//*[@id=\"__item3112-__clone8458-imgNav\"]"}
COMMAND: POST /session/0631827be0a93fac797ef22e97364bed/elements - {"using":"xpath","value":"//*[@id=\"__item3112-__clone8458-imgNav\"]"}
RESULT: {"using":"xpath","value":"//*[@id=\"__item3112-__clone8458-imgNav\"]"}
COMMAND: POST /session/0631827be0a93fac797ef22e97364bed/elements - {"using":"xpath","value":"//*[@id=\"__item3112-__clone8458-imgNav\"]"}
RESULT: {"using":"xpath","value":"//*[@id=\"__item3112-__clone8458-imgNav\"]"}
COMMAND: POST /session/0631827be0a93fac797ef22e97364bed/elements - {"using":"xpath","value":"//*[@id=\"__item3112-__clone8458-imgNav\"]"}
RESULT: {"using":"xpath","value":"//*[@id=\"__item3112-__clone8458-imgNav\"]"}
COMMAND: POST /session/0631827be0a93fac797ef22e97364bed/elements - {"using":"xpath","value":"//*[@id=\"__item3112-__clone8458-imgNav\"]"}
RESULT: {"using":"xpath","value":"//*[@id=\"__item3112-__clone8458-imgNav\"]"}
COMMAND: POST /session/0631827be0a93fac797ef22e97364bed/elements - {"using":"xpath","value":"//*[@id=\"__item3112-__clone8458-imgNav\"]"}
RESULT: {"using":"xpath","value":"//*[@id=\"__item3112-__clone8458-imgNav\"]"}
COMMAND: POST /session/0631827be0a93fac797ef22e97364bed/elements - {"using":"xpath","value":"//*[@id=\"__item3112-__clone8458-imgNav\"]"}
RESULT: {"using":"xpath","value":"//*[@id=\"__item3112-__clone8458-imgNav\"]"}
COMMAND: POST /session/0631827be0a93fac797ef22e97364bed/elements - {"using":"xpath","value":"//*[@id=\"__item3112-__clone8458-imgNav\"]"}
RESULT: {"using":"xpath","value":"//*[@id=\"__item3112-__clone8458-imgNav\"]"}
COMMAND: POST /session/0631827be0a93fac797ef22e97364bed/elements - {"using":"xpath","value":"//*[@id=\"__item3112-__clone8458-imgNav\"]"}
RESULT: {"using":"xpath","value":"//*[@id=\"__item3112-__clone8458-imgNav\"]"}
COMMAND: POST /session/0631827be0a93fac797ef22e97364bed/elements - {"using":"xpath","value":"//*[@id=\"__item3112-__clone8458-imgNav\"]"}
RESULT: {"using":"xpath","value":"//*[@id=\"__item3112-__clone8458-imgNav\"]"}
COMMAND: POST /session/0631827be0a93fac797ef22e97364bed/elements - {"using":"xpath","value":"//*[@id=\"__item3112-__clone8458-imgNav\"]"}
RESULT: {"using":"xpath","value":"//*[@id=\"__item3112-__clone8458-imgNav\"]"}
COMMAND: POST /session/0631827be0a93fac797ef22e97364bed/elements - {"using":"xpath","value":"//*[@id=\"__item3112-__clone8458-imgNav\"]"}
RESULT: {"using":"xpath","value":"//*[@id=\"__item3112-__clone8458-imgNav\"]"}
COMMAND: POST /session/0631827be0a93fac797ef22e97364bed/elements - {"using":"xpath","value":"//*[@id=\"__item3112-__clone8458-imgNav\"]"}
RESULT: {"using":"xpath","value":"//*[@id=\"__item3112-__clone8458-imgNav\"]"}
COMMAND: POST /session/0631827be0a93fac797ef22e97364bed/elements - {"using":"xpath","value":"//*[@id=\"__item3112-__clone8458-imgNav\"]"}
RESULT: {"using":"xpath","value":"//*[@id=\"__item3112-__clone8458-imgNav\"]"}
COMMAND: POST /session/0631827be0a93fac797ef22e97364bed/elements - {"using":"xpath","value":"//*[@id=\"__item3112-__clone8458-imgNav\"]"}
RESULT: {"using":"xpath","value":"//*[@id=\"__item3112-__clone8458-imgNav\"]"}
COMMAND: POST /session/0631827be0a93fac797ef22e97364bed/elements - {"using":"xpath","value":"//*[@id=\"__item3112-__clone8458-imgNav\"]"}
RESULT: {"using":"xpath","value":"//*[@id=\"__item3112-__clone8458-imgNav\"]"}
COMMAND: POST /session/0631827be0a93fac797ef22e97364bed/elements - {"using":"xpath","value":"//*[@id=\"__item3112-__clone8458-imgNav\"]"}
RESULT: {"using":"xpath","value":"//*[@id=\"__item3112-__clone8458-imgNav\"]"}
COMMAND: POST /session/0631827be0a93fac797ef22e97364bed/elements - {"using":"xpath","value":"//*[@id=\"__item3112-__clone8458-imgNav\"]"}
RESULT: {"using":"xpath","value":"//*[@id=\"__item3112-__clone8458-imgNav\"]"}
COMMAND: POST /session/0631827be0a93fac797ef22e97364bed/elements - {"using":"xpath","value":"//*[@id=\"__item3112-__clone8458-imgNav\"]"}
RESULT: {"using":"xpath","value":"//*[@id=\"__item3112-__clone8458-imgNav\"]"}
COMMAND: POST /session/0631827be0a93fac797ef22e97364bed/elements - {"using":"xpath","value":"//*[@id=\"__item3112-__clone8458-imgNav\"]"}
RESULT: {"using":"xpath","value":"//*[@id=\"__item3112-__clone8458-imgNav\"]"}
COMMAND: POST /session/0631827be0a93fac797ef22e97364bed/elements - {"using":"xpath","value":"//*[@id=\"__item3112-__clone8458-imgNav\"]"}
RESULT: {"using":"xpath","value":"//*[@id=\"__item3112-__clone8458-imgNav\"]"}
COMMAND: POST /session/0631827be0a93fac797ef22e97364bed/elements - {"using":"xpath","value":"//*[@id=\"__item3112-__clone8458-imgNav\"]"}
RESULT: {"using":"xpath","value":"//*[@id=\"__item3112-__clone8458-imgNav\"]"}
COMMAND: POST /session/0631827be0a93fac797ef22e97364bed/elements - {"using":"xpath","value":"//*[@id=\"__item3112-__clone8458-imgNav\"]"}
RESULT: {"using":"xpath","value":"//*[@id=\"__item3112-__clone8458-imgNav\"]"}
COMMAND: POST /session/0631827be0a93fac797ef22e97364bed/elements - {"using":"xpath","value":"//*[@id=\"__item3112-__clone8458-imgNav\"]"}
RESULT: {"using":"xpath","value":"//*[@id=\"__item3112-__clone8458-imgNav\"]"}
COMMAND: POST /session/0631827be0a93fac797ef22e97364bed/elements - {"using":"xpath","value":"//*[@id=\"__item3112-__clone8458-imgNav\"]"}
RESULT: {"using":"xpath","value":"//*[@id=\"__item3112-__clone8458-imgNav\"]"}
COMMAND: POST /session/0631827be0a93fac797ef22e97364bed/elements - {"using":"xpath","value":"//*[@id=\"__item3112-__clone8458-imgNav\"]"}
RESULT: {"using":"xpath","value":"//*[@id=\"__item3112-__clone8458-imgNav\"]"}
COMMAND: POST /session/0631827be0a93fac797ef22e97364bed/elements - {"using":"xpath","value":"//*[@id=\"__item3112-__clone8458-imgNav\"]"}
RESULT: {"using":"xpath","value":"//*[@id=\"__item3112-__clone8458-imgNav\"]"}
COMMAND: POST /session/0631827be0a93fac797ef22e97364bed/elements - {"using":"xpath","value":"//*[@id=\"__item3112-__clone8458-imgNav\"]"}
RESULT: {"using":"xpath","value":"//*[@id=\"__item3112-__clone8458-imgNav\"]"}
COMMAND: POST /session/0631827be0a93fac797ef22e97364bed/elements - {"using":"xpath","value":"//*[@id=\"__item3112-__clone8458-imgNav\"]"}
RESULT: {"using":"xpath","value":"//*[@id=\"__item3112-__clone8458-imgNav\"]"}
COMMAND: POST /session/0631827be0a93fac797ef22e97364bed/elements - {"using":"xpath","value":"//*[@id=\"__item3112-__clone8458-imgNav\"]"}
RESULT: {"using":"xpath","value":"//*[@id=\"__item3112-__clone8458-imgNav\"]"}
COMMAND: POST /session/0631827be0a93fac797ef22e97364bed/elements - {"using":"xpath","value":"//*[@id=\"__item3112-__clone8458-imgNav\"]"}
RESULT: {"using":"xpath","value":"//*[@id=\"__item3112-__clone8458-imgNav\"]"}
COMMAND: POST /session/0631827be0a93fac797ef22e97364bed/elements - {"using":"xpath","value":"//*[@id=\"__item3112-__clone8458-imgNav\"]"}
RESULT: {"using":"xpath","value":"//*[@id=\"__item3112-__clone8458-imgNav\"]"}
COMMAND: POST /session/0631827be0a93fac797ef22e97364bed/elements - {"using":"xpath","value":"//*[@id=\"__item3112-__clone8458-imgNav\"]"}
RESULT: {"using":"xpath","value":"//*[@id=\"__item3112-__clone8458-imgNav\"]"}
COMMAND: POST /session/0631827be0a93fac797ef22e97364bed/elements - {"using":"xpath","value":"//*[@id=\"__item3112-__clone8458-imgNav\"]"}
RESULT: {"using":"xpath","value":"//*[@id=\"__item3112-__clone8458-imgNav\"]"}
COMMAND: POST /session/0631827be0a93fac797ef22e97364bed/elements - {"using":"xpath","value":"//*[@id=\"__item3112-__clone8458-imgNav\"]"}
RESULT: {"using":"xpath","value":"//*[@id=\"__item3112-__clone8458-imgNav\"]"}
COMMAND: POST /session/0631827be0a93fac797ef22e97364bed/elements - {"using":"xpath","value":"//*[@id=\"__item3112-__clone8458-imgNav\"]"}
RESULT: {"using":"xpath","value":"//*[@id=\"__item3112-__clone8458-imgNav\"]"}
COMMAND: POST /session/0631827be0a93fac797ef22e97364bed/elements - {"using":"xpath","value":"//*[@id=\"__item3112-__clone8458-imgNav\"]"}
RESULT: {"using":"xpath","value":"//*[@id=\"__item3112-__clone8458-imgNav\"]"}
COMMAND: POST /session/0631827be0a93fac797ef22e97364bed/elements - {"using":"xpath","value":"//*[@id=\"__item3112-__clone8458-imgNav\"]"}
RESULT: {"using":"xpath","value":"//*[@id=\"__item3112-__clone8458-imgNav\"]"}
COMMAND: POST /session/0631827be0a93fac797ef22e97364bed/elements - {"using":"xpath","value":"//*[@id=\"__item3112-__clone8458-imgNav\"]"}
RESULT: {"using":"xpath","value":"//*[@id=\"__item3112-__clone8458-imgNav\"]"}
COMMAND: POST /session/0631827be0a93fac797ef22e97364bed/elements - {"using":"xpath","value":"//*[@id=\"__item3112-__clone8458-imgNav\"]"}
RESULT: {"using":"xpath","value":"//*[@id=\"__item3112-__clone8458-imgNav\"]"}
COMMAND: POST /session/0631827be0a93fac797ef22e97364bed/elements - {"using":"xpath","value":"//*[@id=\"__item3112-__clone8458-imgNav\"]"}
RESULT: {"using":"xpath","value":"//*[@id=\"__item3112-__clone8458-imgNav\"]"}
COMMAND: POST /session/0631827be0a93fac797ef22e97364bed/elements - {"using":"xpath","value":"//*[@id=\"__item3112-__clone8458-imgNav\"]"}
RESULT: {"using":"xpath","value":"//*[@id=\"__item3112-__clone8458-imgNav\"]"}
COMMAND: POST /session/0631827be0a93fac797ef22e97364bed/elements - {"using":"xpath","value":"//*[@id=\"__item3112-__clone8458-imgNav\"]"}
RESULT: {"using":"xpath","value":"//*[@id=\"__item3112-__clone8458-imgNav\"]"}
COMMAND: POST /session/0631827be0a93fac797ef22e97364bed/elements - {"using":"xpath","value":"//*[@id=\"__item3112-__clone8458-imgNav\"]"}
RESULT: {"using":"xpath","value":"//*[@id=\"__item3112-__clone8458-imgNav\"]"}
COMMAND: POST /session/0631827be0a93fac797ef22e97364bed/elements - {"using":"xpath","value":"//*[@id=\"__item3112-__clone8458-imgNav\"]"}
RESULT: {"using":"xpath","value":"//*[@id=\"__item3112-__clone8458-imgNav\"]"}
COMMAND: POST /session/0631827be0a93fac797ef22e97364bed/elements - {"using":"xpath","value":"//*[@id=\"__item3112-__clone8458-imgNav\"]"}
RESULT: {"using":"xpath","value":"//*[@id=\"__item3112-__clone8458-imgNav\"]"}
COMMAND: POST /session/0631827be0a93fac797ef22e97364bed/elements - {"using":"xpath","value":"//*[@id=\"__item3112-__clone8458-imgNav\"]"}
RESULT: {"using":"xpath","value":"//*[@id=\"__item3112-__clone8458-imgNav\"]"}
COMMAND: POST /session/0631827be0a93fac797ef22e97364bed/elements - {"using":"xpath","value":"//*[@id=\"__item3112-__clone8458-imgNav\"]"}
RESULT: {"using":"xpath","value":"//*[@id=\"__item3112-__clone8458-imgNav\"]"}
COMMAND: POST /session/0631827be0a93fac797ef22e97364bed/elements - {"using":"xpath","value":"//*[@id=\"__item3112-__clone8458-imgNav\"]"}
RESULT: {"using":"xpath","value":"//*[@id=\"__item3112-__clone8458-imgNav\"]"}
COMMAND: POST /session/0631827be0a93fac797ef22e97364bed/elements - {"using":"xpath","value":"//*[@id=\"__item3112-__clone8458-imgNav\"]"}
RESULT: {"using":"xpath","value":"//*[@id=\"__item3112-__clone8458-imgNav\"]"}
COMMAND: POST /session/0631827be0a93fac797ef22e97364bed/elements - {"using":"xpath","value":"//*[@id=\"__item3112-__clone8458-imgNav\"]"}
RESULT: {"using":"xpath","value":"//*[@id=\"__item3112-__clone8458-imgNav\"]"}
COMMAND: POST /session/0631827be0a93fac797ef22e97364bed/elements - {"using":"xpath","value":"//*[@id=\"__item3112-__clone8458-imgNav\"]"}
RESULT: {"using":"xpath","value":"//*[@id=\"__item3112-__clone8458-imgNav\"]"}
COMMAND: POST /session/0631827be0a93fac797ef22e97364bed/elements - {"using":"xpath","value":"//*[@id=\"__item3112-__clone8458-imgNav\"]"}
RESULT: {"using":"xpath","value":"//*[@id=\"__item3112-__clone8458-imgNav\"]"}
COMMAND: POST /session/0631827be0a93fac797ef22e97364bed/elements - {"using":"xpath","value":"//*[@id=\"__item3112-__clone8458-imgNav\"]"}
RESULT: {"using":"xpath","value":"//*[@id=\"__item3112-__clone8458-imgNav\"]"}
COMMAND: POST /session/0631827be0a93fac797ef22e97364bed/elements - {"using":"xpath","value":"//*[@id=\"__item3112-__clone8458-imgNav\"]"}
RESULT: {"using":"xpath","value":"//*[@id=\"__item3112-__clone8458-imgNav\"]"}
COMMAND: POST /session/0631827be0a93fac797ef22e97364bed/elements - {"using":"xpath","value":"//*[@id=\"__item3112-__clone8458-imgNav\"]"}
RESULT: {"using":"xpath","value":"//*[@id=\"__item3112-__clone8458-imgNav\"]"}
COMMAND: POST /session/0631827be0a93fac797ef22e97364bed/elements - {"using":"xpath","value":"//*[@id=\"__item3112-__clone8458-imgNav\"]"}
RESULT: {"using":"xpath","value":"//*[@id=\"__item3112-__clone8458-imgNav\"]"}
COMMAND: POST /session/0631827be0a93fac797ef22e97364bed/elements - {"using":"xpath","value":"//*[@id=\"__item3112-__clone8458-imgNav\"]"}
RESULT: {"using":"xpath","value":"//*[@id=\"__item3112-__clone8458-imgNav\"]"}
COMMAND: POST /session/0631827be0a93fac797ef22e97364bed/elements - {"using":"xpath","value":"//*[@id=\"__item3112-__clone8458-imgNav\"]"}
RESULT: {"using":"xpath","value":"//*[@id=\"__item3112-__clone8458-imgNav\"]"}
COMMAND: POST /session/0631827be0a93fac797ef22e97364bed/elements - {"using":"xpath","value":"//*[@id=\"__item3112-__clone8458-imgNav\"]"}
RESULT: {"using":"xpath","value":"//*[@id=\"__item3112-__clone8458-imgNav\"]"}
COMMAND: POST /session/0631827be0a93fac797ef22e97364bed/elements - {"using":"xpath","value":"//*[@id=\"__item3112-__clone8458-imgNav\"]"}
RESULT: {"using":"xpath","value":"//*[@id=\"__item3112-__clone8458-imgNav\"]"}
COMMAND: POST /session/0631827be0a93fac797ef22e97364bed/elements - {"using":"xpath","value":"//*[@id=\"__item3112-__clone8458-imgNav\"]"}
RESULT: {"using":"xpath","value":"//*[@id=\"__item3112-__clone8458-imgNav\"]"}
COMMAND: POST /session/0631827be0a93fac797ef22e97364bed/elements - {"using":"xpath","value":"//*[@id=\"__item3112-__clone8458-imgNav\"]"}
RESULT: {"using":"xpath","value":"//*[@id=\"__item3112-__clone8458-imgNav\"]"}
COMMAND: POST /session/0631827be0a93fac797ef22e97364bed/elements - {"using":"xpath","value":"//*[@id=\"__item3112-__clone8458-imgNav\"]"}
RESULT: {"using":"xpath","value":"//*[@id=\"__item3112-__clone8458-imgNav\"]"}
COMMAND: POST /session/0631827be0a93fac797ef22e97364bed/elements - {"using":"xpath","value":"//*[@id=\"__item3112-__clone8458-imgNav\"]"}
RESULT: {"using":"xpath","value":"//*[@id=\"__item3112-__clone8458-imgNav\"]"}
COMMAND: POST /session/0631827be0a93fac797ef22e97364bed/elements - {"using":"xpath","value":"//*[@id=\"__item3112-__clone8458-imgNav\"]"}
RESULT: {"using":"xpath","value":"//*[@id=\"__item3112-__clone8458-imgNav\"]"}
COMMAND: POST /session/0631827be0a93fac797ef22e97364bed/elements - {"using":"xpath","value":"//*[@id=\"__item3112-__clone8458-imgNav\"]"}
RESULT: {"using":"xpath","value":"//*[@id=\"__item3112-__clone8458-imgNav\"]"}
COMMAND: POST /session/0631827be0a93fac797ef22e97364bed/elements - {"using":"xpath","value":"//*[@id=\"__item3112-__clone8458-imgNav\"]"}
RESULT: {"using":"xpath","value":"//*[@id=\"__item3112-__clone8458-imgNav\"]"}
COMMAND: POST /session/0631827be0a93fac797ef22e97364bed/elements - {"using":"xpath","value":"//*[@id=\"__item3112-__clone8458-imgNav\"]"}
RESULT: {"using":"xpath","value":"//*[@id=\"__item3112-__clone8458-imgNav\"]"}
COMMAND: POST /session/0631827be0a93fac797ef22e97364bed/elements - {"using":"xpath","value":"//*[@id=\"__item3112-__clone8458-imgNav\"]"}
RESULT: {"using":"xpath","value":"//*[@id=\"__item3112-__clone8458-imgNav\"]"}
COMMAND: POST /session/0631827be0a93fac797ef22e97364bed/elements - {"using":"xpath","value":"//*[@id=\"__item3112-__clone8458-imgNav\"]"}
RESULT: {"using":"xpath","value":"//*[@id=\"__item3112-__clone8458-imgNav\"]"}
COMMAND: POST /session/0631827be0a93fac797ef22e97364bed/elements - {"using":"xpath","value":"//*[@id=\"__item3112-__clone8458-imgNav\"]"}
RESULT: {"using":"xpath","value":"//*[@id=\"__item3112-__clone8458-imgNav\"]"}
COMMAND: POST /session/0631827be0a93fac797ef22e97364bed/elements - {"using":"xpath","value":"//*[@id=\"__item3112-__clone8458-imgNav\"]"}
RESULT: {"using":"xpath","value":"//*[@id=\"__item3112-__clone8458-imgNav\"]"}
COMMAND: POST /session/0631827be0a93fac797ef22e97364bed/elements - {"using":"xpath","value":"//*[@id=\"__item3112-__clone8458-imgNav\"]"}
RESULT: {"using":"xpath","value":"//*[@id=\"__item3112-__clone8458-imgNav\"]"}
COMMAND: POST /session/0631827be0a93fac797ef22e97364bed/elements - {"using":"xpath","value":"//*[@id=\"__item3112-__clone8458-imgNav\"]"}
RESULT: {"using":"xpath","value":"//*[@id=\"__item3112-__clone8458-imgNav\"]"}
COMMAND: POST /session/0631827be0a93fac797ef22e97364bed/elements - {"using":"xpath","value":"//*[@id=\"__item3112-__clone8458-imgNav\"]"}
RESULT: {"using":"xpath","value":"//*[@id=\"__item3112-__clone8458-imgNav\"]"}
COMMAND: POST /session/0631827be0a93fac797ef22e97364bed/elements - {"using":"xpath","value":"//*[@id=\"__item3112-__clone8458-imgNav\"]"}
RESULT: {"using":"xpath","value":"//*[@id=\"__item3112-__clone8458-imgNav\"]"}
COMMAND: POST /session/0631827be0a93fac797ef22e97364bed/elements - {"using":"xpath","value":"//*[@id=\"__item3112-__clone8458-imgNav\"]"}
RESULT: {"using":"xpath","value":"//*[@id=\"__item3112-__clone8458-imgNav\"]"}
COMMAND: POST /session/0631827be0a93fac797ef22e97364bed/elements - {"using":"xpath","value":"//*[@id=\"__item3112-__clone8458-imgNav\"]"}
RESULT: {"using":"xpath","value":"//*[@id=\"__item3112-__clone8458-imgNav\"]"}
COMMAND: POST /session/0631827be0a93fac797ef22e97364bed/elements - {"using":"xpath","value":"//*[@id=\"__item3112-__clone8458-imgNav\"]"}
RESULT: {"using":"xpath","value":"//*[@id=\"__item3112-__clone8458-imgNav\"]"}
COMMAND: POST /session/0631827be0a93fac797ef22e97364bed/elements - {"using":"xpath","value":"//*[@id=\"__item3112-__clone8458-imgNav\"]"}
RESULT: {"using":"xpath","value":"//*[@id=\"__item3112-__clone8458-imgNav\"]"}
COMMAND: POST /session/0631827be0a93fac797ef22e97364bed/elements - {"using":"xpath","value":"//*[@id=\"__item3112-__clone8458-imgNav\"]"}
RESULT: {"using":"xpath","value":"//*[@id=\"__item3112-__clone8458-imgNav\"]"}
COMMAND: POST /session/0631827be0a93fac797ef22e97364bed/elements - {"using":"xpath","value":"//*[@id=\"__item3112-__clone8458-imgNav\"]"}
RESULT: {"using":"xpath","value":"//*[@id=\"__item3112-__clone8458-imgNav\"]"}
COMMAND: POST /session/0631827be0a93fac797ef22e97364bed/elements - {"using":"xpath","value":"//*[@id=\"__item3112-__clone8458-imgNav\"]"}
RESULT: {"using":"xpath","value":"//*[@id=\"__item3112-__clone8458-imgNav\"]"}
COMMAND: POST /session/0631827be0a93fac797ef22e97364bed/elements - {"using":"xpath","value":"//*[@id=\"__item3112-__clone8458-imgNav\"]"}
RESULT: {"using":"xpath","value":"//*[@id=\"__item3112-__clone8458-imgNav\"]"}
COMMAND: POST /session/0631827be0a93fac797ef22e97364bed/elements - {"using":"xpath","value":"//*[@id=\"__item3112-__clone8458-imgNav\"]"}
RESULT: {"using":"xpath","value":"//*[@id=\"__item3112-__clone8458-imgNav\"]"}
COMMAND: POST /session/0631827be0a93fac797ef22e97364bed/elements - {"using":"xpath","value":"//*[@id=\"__item3112-__clone8458-imgNav\"]"}
RESULT: {"using":"xpath","value":"//*[@id=\"__item3112-__clone8458-imgNav\"]"}
COMMAND: POST /session/0631827be0a93fac797ef22e97364bed/elements - {"using":"xpath","value":"//*[@id=\"__item3112-__clone8458-imgNav\"]"}
COMMAND: POST /session/0631827be0a93fac797ef22e97364bed/execute/async - {"script":"<script> [1562 bytes]","args":[{"selector":{"controlType":"sap.m.Button","viewName":"etm.portal.ui.managehandovers.view.DetailExecuteHO","i18NText":{"propertyName":"text","key":"confirmAll"},"interaction":{"idSuffix":"BDI-content"}},"wdio_ui5_key":"etmportal.ui.managehandovers.view.DetailExecuteHOsap.m.Button{\"propertyName\":\"text\",\"key\":\"confirmAll\"}"}]}
RESULT: {"using":"xpath","value":"//*[@id=\"__item3112-__clone8458-imgNav\"]"}
RESULT: {"script":"<script> [1562 bytes]","args":[{"selector":{"controlType":"sap.m.Button","viewName":"etm.portal.ui.managehandovers.view.DetailExecuteHO","i18NText":{"propertyName":"text","key":"confirmAll"},"interaction":{"idSuffix":"BDI-content"}},"wdio_ui5_key":"etmportal.ui.managehandovers.view.DetailExecuteHOsap.m.Button{\"propertyName\":\"text\",\"key\":\"confirmAll\"}"}]}
RESULT: undefined
COMMAND: POST /session/0631827be0a93fac797ef22e97364bed/actions - {"actions":[{"id":"action49","type":"key","parameters":{},"actions":[{"type":"keyDown","value":"î€‡"},{"type":"pause","duration":10},{"type":"keyUp","value":"î€‡"}]}]}
RESULT: {"actions":[{"id":"action49","type":"key","parameters":{},"actions":[{"type":"keyDown","value":"î€‡"},{"type":"pause","duration":10},{"type":"keyUp","value":"î€‡"}]}]}
COMMAND: GET /session/0631827be0a93fac797ef22e97364bed/screenshot - {}
RESULT: {}
COMMAND: POST /session/0631827be0a93fac797ef22e97364bed/execute/async - {"script":"<script> [1562 bytes]","args":[{"selector":{"id":"confirmationButton","viewName":"etm.portal.ui.managehandovers.view.DetailExecuteHO","properties":{"text":"Issue"},"interaction":{"idSuffix":"BDI-content"}},"wdio_ui5_key":"confirmationButtonetmportal.ui.managehandovers.view.DetailExecuteHO{\"text\":\"Issue\"}"}]}
RESULT: {"script":"<script> [1562 bytes]","args":[{"selector":{"id":"confirmationButton","viewName":"etm.portal.ui.managehandovers.view.DetailExecuteHO","properties":{"text":"Issue"},"interaction":{"idSuffix":"BDI-content"}},"wdio_ui5_key":"confirmationButtonetmportal.ui.managehandovers.view.DetailExecuteHO{\"text\":\"Issue\"}"}]}
RESULT: undefined
RESULT: undefined
COMMAND: POST /session/0631827be0a93fac797ef22e97364bed/execute/async - {"script":"<script> [776 bytes]","args":[{"enterText":"30579","selector":{"controlType":"sap.m.SearchField","viewName":"etm.portal.ui.managehandovers.view.MasterHO","bindingPath":{"propertyPath":"/_BASIC_SEARCH_FIELD","modelName":"fi1t3rM0d31"},"interaction":{"idSuffix":"I"}},"clearTextFirst":true,"interactionType":"ENTER_TEXT"}]}
RESULT: {"script":"<script> [776 bytes]","args":[{"enterText":"30579","selector":{"controlType":"sap.m.SearchField","viewName":"etm.portal.ui.managehandovers.view.MasterHO","bindingPath":{"propertyPath":"/_BASIC_SEARCH_FIELD","modelName":"fi1t3rM0d31"},"interaction":{"idSuffix":"I"}},"clearTextFirst":true,"interactionType":"ENTER_TEXT"}]}
COMMAND: POST /session/0631827be0a93fac797ef22e97364bed/actions - {"actions":[{"id":"action50","type":"key","parameters":{},"actions":[{"type":"keyDown","value":"î€‡"},{"type":"pause","duration":10},{"type":"keyUp","value":"î€‡"}]}]}
RESULT: {"actions":[{"id":"action50","type":"key","parameters":{},"actions":[{"type":"keyDown","value":"î€‡"},{"type":"pause","duration":10},{"type":"keyUp","value":"î€‡"}]}]}
COMMAND: GET /session/0631827be0a93fac797ef22e97364bed/screenshot - {}
RESULT: {}
RESULT: undefined
COMMAND: POST /session/0631827be0a93fac797ef22e97364bed/element - {"using":"xpath","value":"//*[@id=\"__item3112-__clone8458-imgNav\"]"}
RESULT: {"using":"xpath","value":"//*[@id=\"__item3112-__clone8458-imgNav\"]"}
COMMAND: POST /session/0631827be0a93fac797ef22e97364bed/elements - {"using":"xpath","value":"//*[@id=\"__item3112-__clone8458-imgNav\"]"}
RESULT: {"using":"xpath","value":"//*[@id=\"__item3112-__clone8458-imgNav\"]"}
COMMAND: POST /session/0631827be0a93fac797ef22e97364bed/elements - {"using":"xpath","value":"//*[@id=\"__item3112-__clone8458-imgNav\"]"}
RESULT: {"using":"xpath","value":"//*[@id=\"__item3112-__clone8458-imgNav\"]"}
COMMAND: POST /session/0631827be0a93fac797ef22e97364bed/elements - {"using":"xpath","value":"//*[@id=\"__item3112-__clone8458-imgNav\"]"}
RESULT: {"using":"xpath","value":"//*[@id=\"__item3112-__clone8458-imgNav\"]"}
COMMAND: POST /session/0631827be0a93fac797ef22e97364bed/elements - {"using":"xpath","value":"//*[@id=\"__item3112-__clone8458-imgNav\"]"}
RESULT: {"using":"xpath","value":"//*[@id=\"__item3112-__clone8458-imgNav\"]"}
COMMAND: POST /session/0631827be0a93fac797ef22e97364bed/elements - {"using":"xpath","value":"//*[@id=\"__item3112-__clone8458-imgNav\"]"}
RESULT: {"using":"xpath","value":"//*[@id=\"__item3112-__clone8458-imgNav\"]"}
COMMAND: POST /session/0631827be0a93fac797ef22e97364bed/elements - {"using":"xpath","value":"//*[@id=\"__item3112-__clone8458-imgNav\"]"}
RESULT: {"using":"xpath","value":"//*[@id=\"__item3112-__clone8458-imgNav\"]"}
COMMAND: POST /session/0631827be0a93fac797ef22e97364bed/elements - {"using":"xpath","value":"//*[@id=\"__item3112-__clone8458-imgNav\"]"}
RESULT: {"using":"xpath","value":"//*[@id=\"__item3112-__clone8458-imgNav\"]"}
COMMAND: POST /session/0631827be0a93fac797ef22e97364bed/elements - {"using":"xpath","value":"//*[@id=\"__item3112-__clone8458-imgNav\"]"}
RESULT: {"using":"xpath","value":"//*[@id=\"__item3112-__clone8458-imgNav\"]"}
COMMAND: POST /session/0631827be0a93fac797ef22e97364bed/elements - {"using":"xpath","value":"//*[@id=\"__item3112-__clone8458-imgNav\"]"}
RESULT: {"using":"xpath","value":"//*[@id=\"__item3112-__clone8458-imgNav\"]"}
COMMAND: POST /session/0631827be0a93fac797ef22e97364bed/elements - {"using":"xpath","value":"//*[@id=\"__item3112-__clone8458-imgNav\"]"}
RESULT: {"using":"xpath","value":"//*[@id=\"__item3112-__clone8458-imgNav\"]"}
COMMAND: POST /session/0631827be0a93fac797ef22e97364bed/elements - {"using":"xpath","value":"//*[@id=\"__item3112-__clone8458-imgNav\"]"}
RESULT: {"using":"xpath","value":"//*[@id=\"__item3112-__clone8458-imgNav\"]"}
COMMAND: POST /session/0631827be0a93fac797ef22e97364bed/elements - {"using":"xpath","value":"//*[@id=\"__item3112-__clone8458-imgNav\"]"}
RESULT: {"using":"xpath","value":"//*[@id=\"__item3112-__clone8458-imgNav\"]"}
COMMAND: POST /session/0631827be0a93fac797ef22e97364bed/elements - {"using":"xpath","value":"//*[@id=\"__item3112-__clone8458-imgNav\"]"}
RESULT: {"using":"xpath","value":"//*[@id=\"__item3112-__clone8458-imgNav\"]"}
COMMAND: POST /session/0631827be0a93fac797ef22e97364bed/elements - {"using":"xpath","value":"//*[@id=\"__item3112-__clone8458-imgNav\"]"}
RESULT: {"using":"xpath","value":"//*[@id=\"__item3112-__clone8458-imgNav\"]"}
COMMAND: POST /session/0631827be0a93fac797ef22e97364bed/elements - {"using":"xpath","value":"//*[@id=\"__item3112-__clone8458-imgNav\"]"}
RESULT: {"using":"xpath","value":"//*[@id=\"__item3112-__clone8458-imgNav\"]"}
COMMAND: POST /session/0631827be0a93fac797ef22e97364bed/elements - {"using":"xpath","value":"//*[@id=\"__item3112-__clone8458-imgNav\"]"}
RESULT: {"using":"xpath","value":"//*[@id=\"__item3112-__clone8458-imgNav\"]"}
COMMAND: POST /session/0631827be0a93fac797ef22e97364bed/elements - {"using":"xpath","value":"//*[@id=\"__item3112-__clone8458-imgNav\"]"}
RESULT: {"using":"xpath","value":"//*[@id=\"__item3112-__clone8458-imgNav\"]"}
COMMAND: POST /session/0631827be0a93fac797ef22e97364bed/elements - {"using":"xpath","value":"//*[@id=\"__item3112-__clone8458-imgNav\"]"}
RESULT: {"using":"xpath","value":"//*[@id=\"__item3112-__clone8458-imgNav\"]"}
COMMAND: POST /session/0631827be0a93fac797ef22e97364bed/elements - {"using":"xpath","value":"//*[@id=\"__item3112-__clone8458-imgNav\"]"}
RESULT: {"using":"xpath","value":"//*[@id=\"__item3112-__clone8458-imgNav\"]"}
COMMAND: POST /session/0631827be0a93fac797ef22e97364bed/elements - {"using":"xpath","value":"//*[@id=\"__item3112-__clone8458-imgNav\"]"}
RESULT: {"using":"xpath","value":"//*[@id=\"__item3112-__clone8458-imgNav\"]"}
COMMAND: POST /session/0631827be0a93fac797ef22e97364bed/elements - {"using":"xpath","value":"//*[@id=\"__item3112-__clone8458-imgNav\"]"}
RESULT: {"using":"xpath","value":"//*[@id=\"__item3112-__clone8458-imgNav\"]"}
COMMAND: POST /session/0631827be0a93fac797ef22e97364bed/elements - {"using":"xpath","value":"//*[@id=\"__item3112-__clone8458-imgNav\"]"}
RESULT: {"using":"xpath","value":"//*[@id=\"__item3112-__clone8458-imgNav\"]"}
COMMAND: POST /session/0631827be0a93fac797ef22e97364bed/elements - {"using":"xpath","value":"//*[@id=\"__item3112-__clone8458-imgNav\"]"}
RESULT: {"using":"xpath","value":"//*[@id=\"__item3112-__clone8458-imgNav\"]"}
COMMAND: POST /session/0631827be0a93fac797ef22e97364bed/elements - {"using":"xpath","value":"//*[@id=\"__item3112-__clone8458-imgNav\"]"}
RESULT: {"using":"xpath","value":"//*[@id=\"__item3112-__clone8458-imgNav\"]"}
COMMAND: POST /session/0631827be0a93fac797ef22e97364bed/elements - {"using":"xpath","value":"//*[@id=\"__item3112-__clone8458-imgNav\"]"}
RESULT: {"using":"xpath","value":"//*[@id=\"__item3112-__clone8458-imgNav\"]"}
COMMAND: POST /session/0631827be0a93fac797ef22e97364bed/elements - {"using":"xpath","value":"//*[@id=\"__item3112-__clone8458-imgNav\"]"}
RESULT: {"using":"xpath","value":"//*[@id=\"__item3112-__clone8458-imgNav\"]"}
COMMAND: POST /session/0631827be0a93fac797ef22e97364bed/elements - {"using":"xpath","value":"//*[@id=\"__item3112-__clone8458-imgNav\"]"}
RESULT: {"using":"xpath","value":"//*[@id=\"__item3112-__clone8458-imgNav\"]"}
COMMAND: POST /session/0631827be0a93fac797ef22e97364bed/elements - {"using":"xpath","value":"//*[@id=\"__item3112-__clone8458-imgNav\"]"}
RESULT: {"using":"xpath","value":"//*[@id=\"__item3112-__clone8458-imgNav\"]"}
COMMAND: POST /session/0631827be0a93fac797ef22e97364bed/elements - {"using":"xpath","value":"//*[@id=\"__item3112-__clone8458-imgNav\"]"}
RESULT: {"using":"xpath","value":"//*[@id=\"__item3112-__clone8458-imgNav\"]"}
COMMAND: POST /session/0631827be0a93fac797ef22e97364bed/elements - {"using":"xpath","value":"//*[@id=\"__item3112-__clone8458-imgNav\"]"}
RESULT: {"using":"xpath","value":"//*[@id=\"__item3112-__clone8458-imgNav\"]"}
COMMAND: POST /session/0631827be0a93fac797ef22e97364bed/elements - {"using":"xpath","value":"//*[@id=\"__item3112-__clone8458-imgNav\"]"}
RESULT: {"using":"xpath","value":"//*[@id=\"__item3112-__clone8458-imgNav\"]"}
COMMAND: POST /session/0631827be0a93fac797ef22e97364bed/elements - {"using":"xpath","value":"//*[@id=\"__item3112-__clone8458-imgNav\"]"}
RESULT: {"using":"xpath","value":"//*[@id=\"__item3112-__clone8458-imgNav\"]"}
COMMAND: POST /session/0631827be0a93fac797ef22e97364bed/elements - {"using":"xpath","value":"//*[@id=\"__item3112-__clone8458-imgNav\"]"}
RESULT: {"using":"xpath","value":"//*[@id=\"__item3112-__clone8458-imgNav\"]"}
COMMAND: POST /session/0631827be0a93fac797ef22e97364bed/elements - {"using":"xpath","value":"//*[@id=\"__item3112-__clone8458-imgNav\"]"}
RESULT: {"using":"xpath","value":"//*[@id=\"__item3112-__clone8458-imgNav\"]"}
COMMAND: POST /session/0631827be0a93fac797ef22e97364bed/elements - {"using":"xpath","value":"//*[@id=\"__item3112-__clone8458-imgNav\"]"}
RESULT: {"using":"xpath","value":"//*[@id=\"__item3112-__clone8458-imgNav\"]"}
COMMAND: POST /session/0631827be0a93fac797ef22e97364bed/elements - {"using":"xpath","value":"//*[@id=\"__item3112-__clone8458-imgNav\"]"}
RESULT: {"using":"xpath","value":"//*[@id=\"__item3112-__clone8458-imgNav\"]"}
COMMAND: POST /session/0631827be0a93fac797ef22e97364bed/elements - {"using":"xpath","value":"//*[@id=\"__item3112-__clone8458-imgNav\"]"}
RESULT: {"using":"xpath","value":"//*[@id=\"__item3112-__clone8458-imgNav\"]"}
COMMAND: POST /session/0631827be0a93fac797ef22e97364bed/elements - {"using":"xpath","value":"//*[@id=\"__item3112-__clone8458-imgNav\"]"}
RESULT: {"using":"xpath","value":"//*[@id=\"__item3112-__clone8458-imgNav\"]"}
COMMAND: POST /session/0631827be0a93fac797ef22e97364bed/elements - {"using":"xpath","value":"//*[@id=\"__item3112-__clone8458-imgNav\"]"}
RESULT: {"using":"xpath","value":"//*[@id=\"__item3112-__clone8458-imgNav\"]"}
COMMAND: POST /session/0631827be0a93fac797ef22e97364bed/elements - {"using":"xpath","value":"//*[@id=\"__item3112-__clone8458-imgNav\"]"}
RESULT: {"using":"xpath","value":"//*[@id=\"__item3112-__clone8458-imgNav\"]"}
COMMAND: POST /session/0631827be0a93fac797ef22e97364bed/elements - {"using":"xpath","value":"//*[@id=\"__item3112-__clone8458-imgNav\"]"}
RESULT: {"using":"xpath","value":"//*[@id=\"__item3112-__clone8458-imgNav\"]"}
COMMAND: POST /session/0631827be0a93fac797ef22e97364bed/elements - {"using":"xpath","value":"//*[@id=\"__item3112-__clone8458-imgNav\"]"}
RESULT: {"using":"xpath","value":"//*[@id=\"__item3112-__clone8458-imgNav\"]"}
COMMAND: POST /session/0631827be0a93fac797ef22e97364bed/elements - {"using":"xpath","value":"//*[@id=\"__item3112-__clone8458-imgNav\"]"}
RESULT: {"using":"xpath","value":"//*[@id=\"__item3112-__clone8458-imgNav\"]"}
COMMAND: POST /session/0631827be0a93fac797ef22e97364bed/elements - {"using":"xpath","value":"//*[@id=\"__item3112-__clone8458-imgNav\"]"}
RESULT: {"using":"xpath","value":"//*[@id=\"__item3112-__clone8458-imgNav\"]"}
COMMAND: POST /session/0631827be0a93fac797ef22e97364bed/elements - {"using":"xpath","value":"//*[@id=\"__item3112-__clone8458-imgNav\"]"}
RESULT: {"using":"xpath","value":"//*[@id=\"__item3112-__clone8458-imgNav\"]"}
COMMAND: POST /session/0631827be0a93fac797ef22e97364bed/elements - {"using":"xpath","value":"//*[@id=\"__item3112-__clone8458-imgNav\"]"}
RESULT: {"using":"xpath","value":"//*[@id=\"__item3112-__clone8458-imgNav\"]"}
COMMAND: POST /session/0631827be0a93fac797ef22e97364bed/elements - {"using":"xpath","value":"//*[@id=\"__item3112-__clone8458-imgNav\"]"}
RESULT: {"using":"xpath","value":"//*[@id=\"__item3112-__clone8458-imgNav\"]"}
COMMAND: POST /session/0631827be0a93fac797ef22e97364bed/elements - {"using":"xpath","value":"//*[@id=\"__item3112-__clone8458-imgNav\"]"}
RESULT: {"using":"xpath","value":"//*[@id=\"__item3112-__clone8458-imgNav\"]"}
COMMAND: POST /session/0631827be0a93fac797ef22e97364bed/elements - {"using":"xpath","value":"//*[@id=\"__item3112-__clone8458-imgNav\"]"}
RESULT: {"using":"xpath","value":"//*[@id=\"__item3112-__clone8458-imgNav\"]"}
COMMAND: POST /session/0631827be0a93fac797ef22e97364bed/elements - {"using":"xpath","value":"//*[@id=\"__item3112-__clone8458-imgNav\"]"}
RESULT: {"using":"xpath","value":"//*[@id=\"__item3112-__clone8458-imgNav\"]"}
COMMAND: POST /session/0631827be0a93fac797ef22e97364bed/elements - {"using":"xpath","value":"//*[@id=\"__item3112-__clone8458-imgNav\"]"}
RESULT: {"using":"xpath","value":"//*[@id=\"__item3112-__clone8458-imgNav\"]"}
COMMAND: POST /session/0631827be0a93fac797ef22e97364bed/elements - {"using":"xpath","value":"//*[@id=\"__item3112-__clone8458-imgNav\"]"}
RESULT: {"using":"xpath","value":"//*[@id=\"__item3112-__clone8458-imgNav\"]"}
COMMAND: POST /session/0631827be0a93fac797ef22e97364bed/elements - {"using":"xpath","value":"//*[@id=\"__item3112-__clone8458-imgNav\"]"}
RESULT: {"using":"xpath","value":"//*[@id=\"__item3112-__clone8458-imgNav\"]"}
COMMAND: POST /session/0631827be0a93fac797ef22e97364bed/elements - {"using":"xpath","value":"//*[@id=\"__item3112-__clone8458-imgNav\"]"}
RESULT: {"using":"xpath","value":"//*[@id=\"__item3112-__clone8458-imgNav\"]"}
COMMAND: POST /session/0631827be0a93fac797ef22e97364bed/elements - {"using":"xpath","value":"//*[@id=\"__item3112-__clone8458-imgNav\"]"}
RESULT: {"using":"xpath","value":"//*[@id=\"__item3112-__clone8458-imgNav\"]"}
COMMAND: POST /session/0631827be0a93fac797ef22e97364bed/elements - {"using":"xpath","value":"//*[@id=\"__item3112-__clone8458-imgNav\"]"}
RESULT: {"using":"xpath","value":"//*[@id=\"__item3112-__clone8458-imgNav\"]"}
COMMAND: POST /session/0631827be0a93fac797ef22e97364bed/elements - {"using":"xpath","value":"//*[@id=\"__item3112-__clone8458-imgNav\"]"}
RESULT: {"using":"xpath","value":"//*[@id=\"__item3112-__clone8458-imgNav\"]"}
COMMAND: POST /session/0631827be0a93fac797ef22e97364bed/elements - {"using":"xpath","value":"//*[@id=\"__item3112-__clone8458-imgNav\"]"}
RESULT: {"using":"xpath","value":"//*[@id=\"__item3112-__clone8458-imgNav\"]"}
COMMAND: POST /session/0631827be0a93fac797ef22e97364bed/elements - {"using":"xpath","value":"//*[@id=\"__item3112-__clone8458-imgNav\"]"}
RESULT: {"using":"xpath","value":"//*[@id=\"__item3112-__clone8458-imgNav\"]"}
COMMAND: POST /session/0631827be0a93fac797ef22e97364bed/elements - {"using":"xpath","value":"//*[@id=\"__item3112-__clone8458-imgNav\"]"}
RESULT: {"using":"xpath","value":"//*[@id=\"__item3112-__clone8458-imgNav\"]"}
COMMAND: POST /session/0631827be0a93fac797ef22e97364bed/elements - {"using":"xpath","value":"//*[@id=\"__item3112-__clone8458-imgNav\"]"}
RESULT: {"using":"xpath","value":"//*[@id=\"__item3112-__clone8458-imgNav\"]"}
COMMAND: POST /session/0631827be0a93fac797ef22e97364bed/elements - {"using":"xpath","value":"//*[@id=\"__item3112-__clone8458-imgNav\"]"}
RESULT: {"using":"xpath","value":"//*[@id=\"__item3112-__clone8458-imgNav\"]"}
COMMAND: POST /session/0631827be0a93fac797ef22e97364bed/elements - {"using":"xpath","value":"//*[@id=\"__item3112-__clone8458-imgNav\"]"}
RESULT: {"using":"xpath","value":"//*[@id=\"__item3112-__clone8458-imgNav\"]"}
COMMAND: POST /session/0631827be0a93fac797ef22e97364bed/elements - {"using":"xpath","value":"//*[@id=\"__item3112-__clone8458-imgNav\"]"}
RESULT: {"using":"xpath","value":"//*[@id=\"__item3112-__clone8458-imgNav\"]"}
COMMAND: POST /session/0631827be0a93fac797ef22e97364bed/elements - {"using":"xpath","value":"//*[@id=\"__item3112-__clone8458-imgNav\"]"}
RESULT: {"using":"xpath","value":"//*[@id=\"__item3112-__clone8458-imgNav\"]"}
COMMAND: POST /session/0631827be0a93fac797ef22e97364bed/elements - {"using":"xpath","value":"//*[@id=\"__item3112-__clone8458-imgNav\"]"}
RESULT: {"using":"xpath","value":"//*[@id=\"__item3112-__clone8458-imgNav\"]"}
COMMAND: POST /session/0631827be0a93fac797ef22e97364bed/elements - {"using":"xpath","value":"//*[@id=\"__item3112-__clone8458-imgNav\"]"}
RESULT: {"using":"xpath","value":"//*[@id=\"__item3112-__clone8458-imgNav\"]"}
COMMAND: POST /session/0631827be0a93fac797ef22e97364bed/elements - {"using":"xpath","value":"//*[@id=\"__item3112-__clone8458-imgNav\"]"}
RESULT: {"using":"xpath","value":"//*[@id=\"__item3112-__clone8458-imgNav\"]"}
COMMAND: POST /session/0631827be0a93fac797ef22e97364bed/elements - {"using":"xpath","value":"//*[@id=\"__item3112-__clone8458-imgNav\"]"}
RESULT: {"using":"xpath","value":"//*[@id=\"__item3112-__clone8458-imgNav\"]"}
COMMAND: POST /session/0631827be0a93fac797ef22e97364bed/elements - {"using":"xpath","value":"//*[@id=\"__item3112-__clone8458-imgNav\"]"}
RESULT: {"using":"xpath","value":"//*[@id=\"__item3112-__clone8458-imgNav\"]"}
COMMAND: POST /session/0631827be0a93fac797ef22e97364bed/elements - {"using":"xpath","value":"//*[@id=\"__item3112-__clone8458-imgNav\"]"}
RESULT: {"using":"xpath","value":"//*[@id=\"__item3112-__clone8458-imgNav\"]"}
COMMAND: POST /session/0631827be0a93fac797ef22e97364bed/elements - {"using":"xpath","value":"//*[@id=\"__item3112-__clone8458-imgNav\"]"}
RESULT: {"using":"xpath","value":"//*[@id=\"__item3112-__clone8458-imgNav\"]"}
COMMAND: POST /session/0631827be0a93fac797ef22e97364bed/elements - {"using":"xpath","value":"//*[@id=\"__item3112-__clone8458-imgNav\"]"}
RESULT: {"using":"xpath","value":"//*[@id=\"__item3112-__clone8458-imgNav\"]"}
COMMAND: POST /session/0631827be0a93fac797ef22e97364bed/elements - {"using":"xpath","value":"//*[@id=\"__item3112-__clone8458-imgNav\"]"}
RESULT: {"using":"xpath","value":"//*[@id=\"__item3112-__clone8458-imgNav\"]"}
COMMAND: POST /session/0631827be0a93fac797ef22e97364bed/elements - {"using":"xpath","value":"//*[@id=\"__item3112-__clone8458-imgNav\"]"}
RESULT: {"using":"xpath","value":"//*[@id=\"__item3112-__clone8458-imgNav\"]"}
COMMAND: POST /session/0631827be0a93fac797ef22e97364bed/elements - {"using":"xpath","value":"//*[@id=\"__item3112-__clone8458-imgNav\"]"}
RESULT: {"using":"xpath","value":"//*[@id=\"__item3112-__clone8458-imgNav\"]"}
COMMAND: POST /session/0631827be0a93fac797ef22e97364bed/elements - {"using":"xpath","value":"//*[@id=\"__item3112-__clone8458-imgNav\"]"}
RESULT: {"using":"xpath","value":"//*[@id=\"__item3112-__clone8458-imgNav\"]"}
COMMAND: POST /session/0631827be0a93fac797ef22e97364bed/elements - {"using":"xpath","value":"//*[@id=\"__item3112-__clone8458-imgNav\"]"}
RESULT: {"using":"xpath","value":"//*[@id=\"__item3112-__clone8458-imgNav\"]"}
COMMAND: POST /session/0631827be0a93fac797ef22e97364bed/elements - {"using":"xpath","value":"//*[@id=\"__item3112-__clone8458-imgNav\"]"}
RESULT: {"using":"xpath","value":"//*[@id=\"__item3112-__clone8458-imgNav\"]"}
COMMAND: POST /session/0631827be0a93fac797ef22e97364bed/elements - {"using":"xpath","value":"//*[@id=\"__item3112-__clone8458-imgNav\"]"}
RESULT: {"using":"xpath","value":"//*[@id=\"__item3112-__clone8458-imgNav\"]"}
COMMAND: POST /session/0631827be0a93fac797ef22e97364bed/elements - {"using":"xpath","value":"//*[@id=\"__item3112-__clone8458-imgNav\"]"}
RESULT: {"using":"xpath","value":"//*[@id=\"__item3112-__clone8458-imgNav\"]"}
COMMAND: POST /session/0631827be0a93fac797ef22e97364bed/elements - {"using":"xpath","value":"//*[@id=\"__item3112-__clone8458-imgNav\"]"}
RESULT: {"using":"xpath","value":"//*[@id=\"__item3112-__clone8458-imgNav\"]"}
COMMAND: POST /session/0631827be0a93fac797ef22e97364bed/elements - {"using":"xpath","value":"//*[@id=\"__item3112-__clone8458-imgNav\"]"}
RESULT: {"using":"xpath","value":"//*[@id=\"__item3112-__clone8458-imgNav\"]"}
COMMAND: POST /session/0631827be0a93fac797ef22e97364bed/elements - {"using":"xpath","value":"//*[@id=\"__item3112-__clone8458-imgNav\"]"}
RESULT: {"using":"xpath","value":"//*[@id=\"__item3112-__clone8458-imgNav\"]"}
COMMAND: POST /session/0631827be0a93fac797ef22e97364bed/elements - {"using":"xpath","value":"//*[@id=\"__item3112-__clone8458-imgNav\"]"}
RESULT: {"using":"xpath","value":"//*[@id=\"__item3112-__clone8458-imgNav\"]"}
COMMAND: POST /session/0631827be0a93fac797ef22e97364bed/elements - {"using":"xpath","value":"//*[@id=\"__item3112-__clone8458-imgNav\"]"}
RESULT: {"using":"xpath","value":"//*[@id=\"__item3112-__clone8458-imgNav\"]"}
COMMAND: POST /session/0631827be0a93fac797ef22e97364bed/elements - {"using":"xpath","value":"//*[@id=\"__item3112-__clone8458-imgNav\"]"}
RESULT: {"using":"xpath","value":"//*[@id=\"__item3112-__clone8458-imgNav\"]"}
COMMAND: POST /session/0631827be0a93fac797ef22e97364bed/elements - {"using":"xpath","value":"//*[@id=\"__item3112-__clone8458-imgNav\"]"}
RESULT: {"using":"xpath","value":"//*[@id=\"__item3112-__clone8458-imgNav\"]"}
COMMAND: POST /session/0631827be0a93fac797ef22e97364bed/elements - {"using":"xpath","value":"//*[@id=\"__item3112-__clone8458-imgNav\"]"}
RESULT: {"using":"xpath","value":"//*[@id=\"__item3112-__clone8458-imgNav\"]"}
COMMAND: POST /session/0631827be0a93fac797ef22e97364bed/elements - {"using":"xpath","value":"//*[@id=\"__item3112-__clone8458-imgNav\"]"}
RESULT: {"using":"xpath","value":"//*[@id=\"__item3112-__clone8458-imgNav\"]"}
COMMAND: POST /session/0631827be0a93fac797ef22e97364bed/elements - {"using":"xpath","value":"//*[@id=\"__item3112-__clone8458-imgNav\"]"}
RESULT: {"using":"xpath","value":"//*[@id=\"__item3112-__clone8458-imgNav\"]"}
COMMAND: POST /session/0631827be0a93fac797ef22e97364bed/elements - {"using":"xpath","value":"//*[@id=\"__item3112-__clone8458-imgNav\"]"}
RESULT: {"using":"xpath","value":"//*[@id=\"__item3112-__clone8458-imgNav\"]"}
COMMAND: POST /session/0631827be0a93fac797ef22e97364bed/elements - {"using":"xpath","value":"//*[@id=\"__item3112-__clone8458-imgNav\"]"}
RESULT: {"using":"xpath","value":"//*[@id=\"__item3112-__clone8458-imgNav\"]"}
COMMAND: POST /session/0631827be0a93fac797ef22e97364bed/elements - {"using":"xpath","value":"//*[@id=\"__item3112-__clone8458-imgNav\"]"}
RESULT: {"using":"xpath","value":"//*[@id=\"__item3112-__clone8458-imgNav\"]"}
COMMAND: POST /session/0631827be0a93fac797ef22e97364bed/elements - {"using":"xpath","value":"//*[@id=\"__item3112-__clone8458-imgNav\"]"}
RESULT: {"using":"xpath","value":"//*[@id=\"__item3112-__clone8458-imgNav\"]"}
COMMAND: POST /session/0631827be0a93fac797ef22e97364bed/elements - {"using":"xpath","value":"//*[@id=\"__item3112-__clone8458-imgNav\"]"}
RESULT: {"using":"xpath","value":"//*[@id=\"__item3112-__clone8458-imgNav\"]"}
COMMAND: POST /session/0631827be0a93fac797ef22e97364bed/elements - {"using":"xpath","value":"//*[@id=\"__item3112-__clone8458-imgNav\"]"}
RESULT: {"using":"xpath","value":"//*[@id=\"__item3112-__clone8458-imgNav\"]"}
COMMAND: POST /session/0631827be0a93fac797ef22e97364bed/elements - {"using":"xpath","value":"//*[@id=\"__item3112-__clone8458-imgNav\"]"}
RESULT: {"using":"xpath","value":"//*[@id=\"__item3112-__clone8458-imgNav\"]"}
COMMAND: POST /session/0631827be0a93fac797ef22e97364bed/elements - {"using":"xpath","value":"//*[@id=\"__item3112-__clone8458-imgNav\"]"}
RESULT: {"using":"xpath","value":"//*[@id=\"__item3112-__clone8458-imgNav\"]"}
COMMAND: POST /session/0631827be0a93fac797ef22e97364bed/elements - {"using":"xpath","value":"//*[@id=\"__item3112-__clone8458-imgNav\"]"}
RESULT: {"using":"xpath","value":"//*[@id=\"__item3112-__clone8458-imgNav\"]"}
COMMAND: POST /session/0631827be0a93fac797ef22e97364bed/elements - {"using":"xpath","value":"//*[@id=\"__item3112-__clone8458-imgNav\"]"}
RESULT: {"using":"xpath","value":"//*[@id=\"__item3112-__clone8458-imgNav\"]"}
COMMAND: POST /session/0631827be0a93fac797ef22e97364bed/elements - {"using":"xpath","value":"//*[@id=\"__item3112-__clone8458-imgNav\"]"}
RESULT: {"using":"xpath","value":"//*[@id=\"__item3112-__clone8458-imgNav\"]"}
COMMAND: POST /session/0631827be0a93fac797ef22e97364bed/elements - {"using":"xpath","value":"//*[@id=\"__item3112-__clone8458-imgNav\"]"}
RESULT: {"using":"xpath","value":"//*[@id=\"__item3112-__clone8458-imgNav\"]"}
COMMAND: POST /session/0631827be0a93fac797ef22e97364bed/elements - {"using":"xpath","value":"//*[@id=\"__item3112-__clone8458-imgNav\"]"}
RESULT: {"using":"xpath","value":"//*[@id=\"__item3112-__clone8458-imgNav\"]"}
COMMAND: POST /session/0631827be0a93fac797ef22e97364bed/elements - {"using":"xpath","value":"//*[@id=\"__item3112-__clone8458-imgNav\"]"}
RESULT: {"using":"xpath","value":"//*[@id=\"__item3112-__clone8458-imgNav\"]"}
COMMAND: POST /session/0631827be0a93fac797ef22e97364bed/elements - {"using":"xpath","value":"//*[@id=\"__item3112-__clone8458-imgNav\"]"}
RESULT: {"using":"xpath","value":"//*[@id=\"__item3112-__clone8458-imgNav\"]"}
COMMAND: POST /session/0631827be0a93fac797ef22e97364bed/elements - {"using":"xpath","value":"//*[@id=\"__item3112-__clone8458-imgNav\"]"}
RESULT: {"using":"xpath","value":"//*[@id=\"__item3112-__clone8458-imgNav\"]"}
COMMAND: POST /session/0631827be0a93fac797ef22e97364bed/elements - {"using":"xpath","value":"//*[@id=\"__item3112-__clone8458-imgNav\"]"}
RESULT: {"using":"xpath","value":"//*[@id=\"__item3112-__clone8458-imgNav\"]"}
COMMAND: POST /session/0631827be0a93fac797ef22e97364bed/elements - {"using":"xpath","value":"//*[@id=\"__item3112-__clone8458-imgNav\"]"}
RESULT: {"using":"xpath","value":"//*[@id=\"__item3112-__clone8458-imgNav\"]"}
COMMAND: POST /session/0631827be0a93fac797ef22e97364bed/elements - {"using":"xpath","value":"//*[@id=\"__item3112-__clone8458-imgNav\"]"}
RESULT: {"using":"xpath","value":"//*[@id=\"__item3112-__clone8458-imgNav\"]"}
COMMAND: POST /session/0631827be0a93fac797ef22e97364bed/elements - {"using":"xpath","value":"//*[@id=\"__item3112-__clone8458-imgNav\"]"}
RESULT: {"using":"xpath","value":"//*[@id=\"__item3112-__clone8458-imgNav\"]"}
COMMAND: POST /session/0631827be0a93fac797ef22e97364bed/elements - {"using":"xpath","value":"//*[@id=\"__item3112-__clone8458-imgNav\"]"}
RESULT: {"using":"xpath","value":"//*[@id=\"__item3112-__clone8458-imgNav\"]"}
COMMAND: POST /session/0631827be0a93fac797ef22e97364bed/elements - {"using":"xpath","value":"//*[@id=\"__item3112-__clone8458-imgNav\"]"}
RESULT: {"using":"xpath","value":"//*[@id=\"__item3112-__clone8458-imgNav\"]"}
COMMAND: POST /session/0631827be0a93fac797ef22e97364bed/elements - {"using":"xpath","value":"//*[@id=\"__item3112-__clone8458-imgNav\"]"}
RESULT: {"using":"xpath","value":"//*[@id=\"__item3112-__clone8458-imgNav\"]"}
COMMAND: POST /session/0631827be0a93fac797ef22e97364bed/elements - {"using":"xpath","value":"//*[@id=\"__item3112-__clone8458-imgNav\"]"}
RESULT: {"using":"xpath","value":"//*[@id=\"__item3112-__clone8458-imgNav\"]"}
COMMAND: POST /session/0631827be0a93fac797ef22e97364bed/elements - {"using":"xpath","value":"//*[@id=\"__item3112-__clone8458-imgNav\"]"}
RESULT: {"using":"xpath","value":"//*[@id=\"__item3112-__clone8458-imgNav\"]"}
COMMAND: POST /session/0631827be0a93fac797ef22e97364bed/elements - {"using":"xpath","value":"//*[@id=\"__item3112-__clone8458-imgNav\"]"}
RESULT: {"using":"xpath","value":"//*[@id=\"__item3112-__clone8458-imgNav\"]"}
COMMAND: POST /session/0631827be0a93fac797ef22e97364bed/elements - {"using":"xpath","value":"//*[@id=\"__item3112-__clone8458-imgNav\"]"}
RESULT: {"using":"xpath","value":"//*[@id=\"__item3112-__clone8458-imgNav\"]"}
COMMAND: POST /session/0631827be0a93fac797ef22e97364bed/elements - {"using":"xpath","value":"//*[@id=\"__item3112-__clone8458-imgNav\"]"}
RESULT: {"using":"xpath","value":"//*[@id=\"__item3112-__clone8458-imgNav\"]"}
COMMAND: POST /session/0631827be0a93fac797ef22e97364bed/elements - {"using":"xpath","value":"//*[@id=\"__item3112-__clone8458-imgNav\"]"}
RESULT: {"using":"xpath","value":"//*[@id=\"__item3112-__clone8458-imgNav\"]"}
COMMAND: POST /session/0631827be0a93fac797ef22e97364bed/elements - {"using":"xpath","value":"//*[@id=\"__item3112-__clone8458-imgNav\"]"}
RESULT: {"using":"xpath","value":"//*[@id=\"__item3112-__clone8458-imgNav\"]"}
COMMAND: POST /session/0631827be0a93fac797ef22e97364bed/execute/async - {"script":"<script> [1562 bytes]","args":[{"selector":{"id":"instructionsTabFilter","viewName":"etm.portal.ui.managehandovers.view.DetailExecuteHO","interaction":{"idSuffix":"text"}},"wdio_ui5_key":"instructionsTabFilteretmportal.ui.managehandovers.view.DetailExecuteHO"}]}
RESULT: {"script":"<script> [1562 bytes]","args":[{"selector":{"id":"instructionsTabFilter","viewName":"etm.portal.ui.managehandovers.view.DetailExecuteHO","interaction":{"idSuffix":"text"}},"wdio_ui5_key":"instructionsTabFilteretmportal.ui.managehandovers.view.DetailExecuteHO"}]}
RESULT: undefined
RESULT: undefined
COMMAND: POST /session/0631827be0a93fac797ef22e97364bed/execute/async - {"script":"<script> [1562 bytes]","args":[{"selector":{"controlType":"sap.m.ComboBox","viewName":"etm.portal.ui.managehandovers.view.DetailExecuteHO","bindingPath":{"propertyPath":"RECEIVING_SECTION","modelName":"catalogModel"},"interaction":{"idSuffix":"inner"}},"wdio_ui5_key":"etmportal.ui.managehandovers.view.DetailExecuteHOsap.m.ComboBox{\"propertyPath\":\"RECEIVING_SECTION\",\"modelName\":\"catalogModel\"}"}]}
RESULT: {"script":"<script> [1562 bytes]","args":[{"selector":{"controlType":"sap.m.ComboBox","viewName":"etm.portal.ui.managehandovers.view.DetailExecuteHO","bindingPath":{"propertyPath":"RECEIVING_SECTION","modelName":"catalogModel"},"interaction":{"idSuffix":"inner"}},"wdio_ui5_key":"etmportal.ui.managehandovers.view.DetailExecuteHOsap.m.ComboBox{\"propertyPath\":\"RECEIVING_SECTION\",\"modelName\":\"catalogModel\"}"}]}
RESULT: undefined
COMMAND: POST /session/0631827be0a93fac797ef22e97364bed/actions - {"actions":[{"id":"action51","type":"key","parameters":{},"actions":[{"type":"keyDown","value":"î€‡"},{"type":"pause","duration":10},{"type":"keyUp","value":"î€‡"}]}]}
RESULT: {"actions":[{"id":"action51","type":"key","parameters":{},"actions":[{"type":"keyDown","value":"î€‡"},{"type":"pause","duration":10},{"type":"keyUp","value":"î€‡"}]}]}
COMMAND: GET /session/0631827be0a93fac797ef22e97364bed/screenshot - {}
RESULT: {}
COMMAND: POST /session/0631827be0a93fac797ef22e97364bed/execute/async - {"script":"<script> [1562 bytes]","args":[{"selector":{"id":"confirmationButton","viewName":"etm.portal.ui.managehandovers.view.DetailExecuteHO","properties":{"text":"Receive"},"interaction":{"idSuffix":"BDI-content"}},"wdio_ui5_key":"confirmationButtonetmportal.ui.managehandovers.view.DetailExecuteHO{\"text\":\"Receive\"}"}]}
RESULT: {"script":"<script> [1562 bytes]","args":[{"selector":{"id":"confirmationButton","viewName":"etm.portal.ui.managehandovers.view.DetailExecuteHO","properties":{"text":"Receive"},"interaction":{"idSuffix":"BDI-content"}},"wdio_ui5_key":"confirmationButtonetmportal.ui.managehandovers.view.DetailExecuteHO{\"text\":\"Receive\"}"}]}
RESULT: undefined
COMMAND: POST /session/0631827be0a93fac797ef22e97364bed/execute/async - {"script":"<script> [1562 bytes]","args":[{"selector":{"controlType":"sap.m.Button","properties":{"text":"Continue"},"searchOpenDialogs":true,"interaction":{"idSuffix":"content"}},"wdio_ui5_key":"sapm.Button{\"text\":\"Continue\"}"}]}
RESULT: {"script":"<script> [1562 bytes]","args":[{"selector":{"controlType":"sap.m.Button","properties":{"text":"Continue"},"searchOpenDialogs":true,"interaction":{"idSuffix":"content"}},"wdio_ui5_key":"sapm.Button{\"text\":\"Continue\"}"}]}
RESULT: undefined
]]></system-out>
    </testcase>
    <testcase classname="chrome.135_0_7049_96.windows.Provide_to_Site_w/o_warehouse_management_w_clarification" name="Should test for Clarification" time="88.734">
      <system-out><![CDATA[
RESULT: undefined
COMMAND: POST /session/0631827be0a93fac797ef22e97364bed/element - {"using":"xpath","value":"//*[@id=\"__tile133\"]"}
RESULT: {"using":"xpath","value":"//*[@id=\"__tile133\"]"}
COMMAND: POST /session/0631827be0a93fac797ef22e97364bed/element/f.1195843739892CF439726866CA7D4ED2.d.8790B7E83BFC4DC64D24498255BFDD9A.e.7801/click - {}
RESULT: undefined
COMMAND: POST /session/0631827be0a93fac797ef22e97364bed/execute/async - {"script":"<script> [776 bytes]","args":[{"enterText":"30579","selector":{"controlType":"sap.m.SearchField","viewName":"etm.portal.ui.managehandovers.view.MasterHO","bindingPath":{"propertyPath":"/_BASIC_SEARCH_FIELD","modelName":"fi1t3rM0d31"},"interaction":{"idSuffix":"I"}},"clearTextFirst":true,"interactionType":"ENTER_TEXT"}]}
RESULT: {"script":"<script> [776 bytes]","args":[{"enterText":"30579","selector":{"controlType":"sap.m.SearchField","viewName":"etm.portal.ui.managehandovers.view.MasterHO","bindingPath":{"propertyPath":"/_BASIC_SEARCH_FIELD","modelName":"fi1t3rM0d31"},"interaction":{"idSuffix":"I"}},"clearTextFirst":true,"interactionType":"ENTER_TEXT"}]}
COMMAND: POST /session/0631827be0a93fac797ef22e97364bed/actions - {"actions":[{"id":"action52","type":"key","parameters":{},"actions":[{"type":"keyDown","value":"î€‡"},{"type":"pause","duration":10},{"type":"keyUp","value":"î€‡"}]}]}
RESULT: {"actions":[{"id":"action52","type":"key","parameters":{},"actions":[{"type":"keyDown","value":"î€‡"},{"type":"pause","duration":10},{"type":"keyUp","value":"î€‡"}]}]}
COMMAND: GET /session/0631827be0a93fac797ef22e97364bed/screenshot - {}
RESULT: {}
RESULT: undefined
COMMAND: POST /session/0631827be0a93fac797ef22e97364bed/element - {"using":"xpath","value":"//*[@id=\"__item3112-__clone8458-imgNav\"]"}
RESULT: {"using":"xpath","value":"//*[@id=\"__item3112-__clone8458-imgNav\"]"}
COMMAND: POST /session/0631827be0a93fac797ef22e97364bed/elements - {"using":"xpath","value":"//*[@id=\"__item3112-__clone8458-imgNav\"]"}
RESULT: {"using":"xpath","value":"//*[@id=\"__item3112-__clone8458-imgNav\"]"}
COMMAND: POST /session/0631827be0a93fac797ef22e97364bed/elements - {"using":"xpath","value":"//*[@id=\"__item3112-__clone8458-imgNav\"]"}
RESULT: {"using":"xpath","value":"//*[@id=\"__item3112-__clone8458-imgNav\"]"}
COMMAND: POST /session/0631827be0a93fac797ef22e97364bed/elements - {"using":"xpath","value":"//*[@id=\"__item3112-__clone8458-imgNav\"]"}
RESULT: {"using":"xpath","value":"//*[@id=\"__item3112-__clone8458-imgNav\"]"}
COMMAND: POST /session/0631827be0a93fac797ef22e97364bed/elements - {"using":"xpath","value":"//*[@id=\"__item3112-__clone8458-imgNav\"]"}
RESULT: {"using":"xpath","value":"//*[@id=\"__item3112-__clone8458-imgNav\"]"}
COMMAND: POST /session/0631827be0a93fac797ef22e97364bed/elements - {"using":"xpath","value":"//*[@id=\"__item3112-__clone8458-imgNav\"]"}
RESULT: {"using":"xpath","value":"//*[@id=\"__item3112-__clone8458-imgNav\"]"}
COMMAND: POST /session/0631827be0a93fac797ef22e97364bed/elements - {"using":"xpath","value":"//*[@id=\"__item3112-__clone8458-imgNav\"]"}
RESULT: {"using":"xpath","value":"//*[@id=\"__item3112-__clone8458-imgNav\"]"}
COMMAND: POST /session/0631827be0a93fac797ef22e97364bed/elements - {"using":"xpath","value":"//*[@id=\"__item3112-__clone8458-imgNav\"]"}
RESULT: {"using":"xpath","value":"//*[@id=\"__item3112-__clone8458-imgNav\"]"}
COMMAND: POST /session/0631827be0a93fac797ef22e97364bed/elements - {"using":"xpath","value":"//*[@id=\"__item3112-__clone8458-imgNav\"]"}
RESULT: {"using":"xpath","value":"//*[@id=\"__item3112-__clone8458-imgNav\"]"}
COMMAND: POST /session/0631827be0a93fac797ef22e97364bed/elements - {"using":"xpath","value":"//*[@id=\"__item3112-__clone8458-imgNav\"]"}
RESULT: {"using":"xpath","value":"//*[@id=\"__item3112-__clone8458-imgNav\"]"}
COMMAND: POST /session/0631827be0a93fac797ef22e97364bed/elements - {"using":"xpath","value":"//*[@id=\"__item3112-__clone8458-imgNav\"]"}
RESULT: {"using":"xpath","value":"//*[@id=\"__item3112-__clone8458-imgNav\"]"}
COMMAND: POST /session/0631827be0a93fac797ef22e97364bed/elements - {"using":"xpath","value":"//*[@id=\"__item3112-__clone8458-imgNav\"]"}
RESULT: {"using":"xpath","value":"//*[@id=\"__item3112-__clone8458-imgNav\"]"}
COMMAND: POST /session/0631827be0a93fac797ef22e97364bed/elements - {"using":"xpath","value":"//*[@id=\"__item3112-__clone8458-imgNav\"]"}
RESULT: {"using":"xpath","value":"//*[@id=\"__item3112-__clone8458-imgNav\"]"}
COMMAND: POST /session/0631827be0a93fac797ef22e97364bed/elements - {"using":"xpath","value":"//*[@id=\"__item3112-__clone8458-imgNav\"]"}
RESULT: {"using":"xpath","value":"//*[@id=\"__item3112-__clone8458-imgNav\"]"}
COMMAND: POST /session/0631827be0a93fac797ef22e97364bed/elements - {"using":"xpath","value":"//*[@id=\"__item3112-__clone8458-imgNav\"]"}
RESULT: {"using":"xpath","value":"//*[@id=\"__item3112-__clone8458-imgNav\"]"}
COMMAND: POST /session/0631827be0a93fac797ef22e97364bed/elements - {"using":"xpath","value":"//*[@id=\"__item3112-__clone8458-imgNav\"]"}
RESULT: {"using":"xpath","value":"//*[@id=\"__item3112-__clone8458-imgNav\"]"}
COMMAND: POST /session/0631827be0a93fac797ef22e97364bed/elements - {"using":"xpath","value":"//*[@id=\"__item3112-__clone8458-imgNav\"]"}
RESULT: {"using":"xpath","value":"//*[@id=\"__item3112-__clone8458-imgNav\"]"}
COMMAND: POST /session/0631827be0a93fac797ef22e97364bed/elements - {"using":"xpath","value":"//*[@id=\"__item3112-__clone8458-imgNav\"]"}
RESULT: {"using":"xpath","value":"//*[@id=\"__item3112-__clone8458-imgNav\"]"}
COMMAND: POST /session/0631827be0a93fac797ef22e97364bed/elements - {"using":"xpath","value":"//*[@id=\"__item3112-__clone8458-imgNav\"]"}
RESULT: {"using":"xpath","value":"//*[@id=\"__item3112-__clone8458-imgNav\"]"}
COMMAND: POST /session/0631827be0a93fac797ef22e97364bed/elements - {"using":"xpath","value":"//*[@id=\"__item3112-__clone8458-imgNav\"]"}
RESULT: {"using":"xpath","value":"//*[@id=\"__item3112-__clone8458-imgNav\"]"}
COMMAND: POST /session/0631827be0a93fac797ef22e97364bed/elements - {"using":"xpath","value":"//*[@id=\"__item3112-__clone8458-imgNav\"]"}
RESULT: {"using":"xpath","value":"//*[@id=\"__item3112-__clone8458-imgNav\"]"}
COMMAND: POST /session/0631827be0a93fac797ef22e97364bed/elements - {"using":"xpath","value":"//*[@id=\"__item3112-__clone8458-imgNav\"]"}
RESULT: {"using":"xpath","value":"//*[@id=\"__item3112-__clone8458-imgNav\"]"}
COMMAND: POST /session/0631827be0a93fac797ef22e97364bed/elements - {"using":"xpath","value":"//*[@id=\"__item3112-__clone8458-imgNav\"]"}
RESULT: {"using":"xpath","value":"//*[@id=\"__item3112-__clone8458-imgNav\"]"}
COMMAND: POST /session/0631827be0a93fac797ef22e97364bed/elements - {"using":"xpath","value":"//*[@id=\"__item3112-__clone8458-imgNav\"]"}
RESULT: {"using":"xpath","value":"//*[@id=\"__item3112-__clone8458-imgNav\"]"}
COMMAND: POST /session/0631827be0a93fac797ef22e97364bed/elements - {"using":"xpath","value":"//*[@id=\"__item3112-__clone8458-imgNav\"]"}
RESULT: {"using":"xpath","value":"//*[@id=\"__item3112-__clone8458-imgNav\"]"}
COMMAND: POST /session/0631827be0a93fac797ef22e97364bed/elements - {"using":"xpath","value":"//*[@id=\"__item3112-__clone8458-imgNav\"]"}
RESULT: {"using":"xpath","value":"//*[@id=\"__item3112-__clone8458-imgNav\"]"}
COMMAND: POST /session/0631827be0a93fac797ef22e97364bed/elements - {"using":"xpath","value":"//*[@id=\"__item3112-__clone8458-imgNav\"]"}
RESULT: {"using":"xpath","value":"//*[@id=\"__item3112-__clone8458-imgNav\"]"}
COMMAND: POST /session/0631827be0a93fac797ef22e97364bed/elements - {"using":"xpath","value":"//*[@id=\"__item3112-__clone8458-imgNav\"]"}
RESULT: {"using":"xpath","value":"//*[@id=\"__item3112-__clone8458-imgNav\"]"}
COMMAND: POST /session/0631827be0a93fac797ef22e97364bed/elements - {"using":"xpath","value":"//*[@id=\"__item3112-__clone8458-imgNav\"]"}
RESULT: {"using":"xpath","value":"//*[@id=\"__item3112-__clone8458-imgNav\"]"}
COMMAND: POST /session/0631827be0a93fac797ef22e97364bed/elements - {"using":"xpath","value":"//*[@id=\"__item3112-__clone8458-imgNav\"]"}
RESULT: {"using":"xpath","value":"//*[@id=\"__item3112-__clone8458-imgNav\"]"}
COMMAND: POST /session/0631827be0a93fac797ef22e97364bed/elements - {"using":"xpath","value":"//*[@id=\"__item3112-__clone8458-imgNav\"]"}
RESULT: {"using":"xpath","value":"//*[@id=\"__item3112-__clone8458-imgNav\"]"}
COMMAND: POST /session/0631827be0a93fac797ef22e97364bed/elements - {"using":"xpath","value":"//*[@id=\"__item3112-__clone8458-imgNav\"]"}
RESULT: {"using":"xpath","value":"//*[@id=\"__item3112-__clone8458-imgNav\"]"}
COMMAND: POST /session/0631827be0a93fac797ef22e97364bed/elements - {"using":"xpath","value":"//*[@id=\"__item3112-__clone8458-imgNav\"]"}
RESULT: {"using":"xpath","value":"//*[@id=\"__item3112-__clone8458-imgNav\"]"}
COMMAND: POST /session/0631827be0a93fac797ef22e97364bed/elements - {"using":"xpath","value":"//*[@id=\"__item3112-__clone8458-imgNav\"]"}
RESULT: {"using":"xpath","value":"//*[@id=\"__item3112-__clone8458-imgNav\"]"}
COMMAND: POST /session/0631827be0a93fac797ef22e97364bed/elements - {"using":"xpath","value":"//*[@id=\"__item3112-__clone8458-imgNav\"]"}
RESULT: {"using":"xpath","value":"//*[@id=\"__item3112-__clone8458-imgNav\"]"}
COMMAND: POST /session/0631827be0a93fac797ef22e97364bed/elements - {"using":"xpath","value":"//*[@id=\"__item3112-__clone8458-imgNav\"]"}
RESULT: {"using":"xpath","value":"//*[@id=\"__item3112-__clone8458-imgNav\"]"}
COMMAND: POST /session/0631827be0a93fac797ef22e97364bed/elements - {"using":"xpath","value":"//*[@id=\"__item3112-__clone8458-imgNav\"]"}
RESULT: {"using":"xpath","value":"//*[@id=\"__item3112-__clone8458-imgNav\"]"}
COMMAND: POST /session/0631827be0a93fac797ef22e97364bed/elements - {"using":"xpath","value":"//*[@id=\"__item3112-__clone8458-imgNav\"]"}
RESULT: {"using":"xpath","value":"//*[@id=\"__item3112-__clone8458-imgNav\"]"}
COMMAND: POST /session/0631827be0a93fac797ef22e97364bed/elements - {"using":"xpath","value":"//*[@id=\"__item3112-__clone8458-imgNav\"]"}
RESULT: {"using":"xpath","value":"//*[@id=\"__item3112-__clone8458-imgNav\"]"}
COMMAND: POST /session/0631827be0a93fac797ef22e97364bed/elements - {"using":"xpath","value":"//*[@id=\"__item3112-__clone8458-imgNav\"]"}
RESULT: {"using":"xpath","value":"//*[@id=\"__item3112-__clone8458-imgNav\"]"}
COMMAND: POST /session/0631827be0a93fac797ef22e97364bed/elements - {"using":"xpath","value":"//*[@id=\"__item3112-__clone8458-imgNav\"]"}
RESULT: {"using":"xpath","value":"//*[@id=\"__item3112-__clone8458-imgNav\"]"}
COMMAND: POST /session/0631827be0a93fac797ef22e97364bed/elements - {"using":"xpath","value":"//*[@id=\"__item3112-__clone8458-imgNav\"]"}
RESULT: {"using":"xpath","value":"//*[@id=\"__item3112-__clone8458-imgNav\"]"}
COMMAND: POST /session/0631827be0a93fac797ef22e97364bed/elements - {"using":"xpath","value":"//*[@id=\"__item3112-__clone8458-imgNav\"]"}
RESULT: {"using":"xpath","value":"//*[@id=\"__item3112-__clone8458-imgNav\"]"}
COMMAND: POST /session/0631827be0a93fac797ef22e97364bed/elements - {"using":"xpath","value":"//*[@id=\"__item3112-__clone8458-imgNav\"]"}
RESULT: {"using":"xpath","value":"//*[@id=\"__item3112-__clone8458-imgNav\"]"}
COMMAND: POST /session/0631827be0a93fac797ef22e97364bed/elements - {"using":"xpath","value":"//*[@id=\"__item3112-__clone8458-imgNav\"]"}
RESULT: {"using":"xpath","value":"//*[@id=\"__item3112-__clone8458-imgNav\"]"}
COMMAND: POST /session/0631827be0a93fac797ef22e97364bed/elements - {"using":"xpath","value":"//*[@id=\"__item3112-__clone8458-imgNav\"]"}
RESULT: {"using":"xpath","value":"//*[@id=\"__item3112-__clone8458-imgNav\"]"}
COMMAND: POST /session/0631827be0a93fac797ef22e97364bed/elements - {"using":"xpath","value":"//*[@id=\"__item3112-__clone8458-imgNav\"]"}
RESULT: {"using":"xpath","value":"//*[@id=\"__item3112-__clone8458-imgNav\"]"}
COMMAND: POST /session/0631827be0a93fac797ef22e97364bed/elements - {"using":"xpath","value":"//*[@id=\"__item3112-__clone8458-imgNav\"]"}
RESULT: {"using":"xpath","value":"//*[@id=\"__item3112-__clone8458-imgNav\"]"}
COMMAND: POST /session/0631827be0a93fac797ef22e97364bed/elements - {"using":"xpath","value":"//*[@id=\"__item3112-__clone8458-imgNav\"]"}
RESULT: {"using":"xpath","value":"//*[@id=\"__item3112-__clone8458-imgNav\"]"}
COMMAND: POST /session/0631827be0a93fac797ef22e97364bed/elements - {"using":"xpath","value":"//*[@id=\"__item3112-__clone8458-imgNav\"]"}
RESULT: {"using":"xpath","value":"//*[@id=\"__item3112-__clone8458-imgNav\"]"}
COMMAND: POST /session/0631827be0a93fac797ef22e97364bed/elements - {"using":"xpath","value":"//*[@id=\"__item3112-__clone8458-imgNav\"]"}
RESULT: {"using":"xpath","value":"//*[@id=\"__item3112-__clone8458-imgNav\"]"}
COMMAND: POST /session/0631827be0a93fac797ef22e97364bed/elements - {"using":"xpath","value":"//*[@id=\"__item3112-__clone8458-imgNav\"]"}
RESULT: {"using":"xpath","value":"//*[@id=\"__item3112-__clone8458-imgNav\"]"}
COMMAND: POST /session/0631827be0a93fac797ef22e97364bed/elements - {"using":"xpath","value":"//*[@id=\"__item3112-__clone8458-imgNav\"]"}
RESULT: {"using":"xpath","value":"//*[@id=\"__item3112-__clone8458-imgNav\"]"}
COMMAND: POST /session/0631827be0a93fac797ef22e97364bed/elements - {"using":"xpath","value":"//*[@id=\"__item3112-__clone8458-imgNav\"]"}
RESULT: {"using":"xpath","value":"//*[@id=\"__item3112-__clone8458-imgNav\"]"}
COMMAND: POST /session/0631827be0a93fac797ef22e97364bed/elements - {"using":"xpath","value":"//*[@id=\"__item3112-__clone8458-imgNav\"]"}
RESULT: {"using":"xpath","value":"//*[@id=\"__item3112-__clone8458-imgNav\"]"}
COMMAND: POST /session/0631827be0a93fac797ef22e97364bed/elements - {"using":"xpath","value":"//*[@id=\"__item3112-__clone8458-imgNav\"]"}
RESULT: {"using":"xpath","value":"//*[@id=\"__item3112-__clone8458-imgNav\"]"}
COMMAND: POST /session/0631827be0a93fac797ef22e97364bed/elements - {"using":"xpath","value":"//*[@id=\"__item3112-__clone8458-imgNav\"]"}
RESULT: {"using":"xpath","value":"//*[@id=\"__item3112-__clone8458-imgNav\"]"}
COMMAND: POST /session/0631827be0a93fac797ef22e97364bed/elements - {"using":"xpath","value":"//*[@id=\"__item3112-__clone8458-imgNav\"]"}
RESULT: {"using":"xpath","value":"//*[@id=\"__item3112-__clone8458-imgNav\"]"}
COMMAND: POST /session/0631827be0a93fac797ef22e97364bed/elements - {"using":"xpath","value":"//*[@id=\"__item3112-__clone8458-imgNav\"]"}
RESULT: {"using":"xpath","value":"//*[@id=\"__item3112-__clone8458-imgNav\"]"}
COMMAND: POST /session/0631827be0a93fac797ef22e97364bed/elements - {"using":"xpath","value":"//*[@id=\"__item3112-__clone8458-imgNav\"]"}
RESULT: {"using":"xpath","value":"//*[@id=\"__item3112-__clone8458-imgNav\"]"}
COMMAND: POST /session/0631827be0a93fac797ef22e97364bed/elements - {"using":"xpath","value":"//*[@id=\"__item3112-__clone8458-imgNav\"]"}
RESULT: {"using":"xpath","value":"//*[@id=\"__item3112-__clone8458-imgNav\"]"}
COMMAND: POST /session/0631827be0a93fac797ef22e97364bed/elements - {"using":"xpath","value":"//*[@id=\"__item3112-__clone8458-imgNav\"]"}
RESULT: {"using":"xpath","value":"//*[@id=\"__item3112-__clone8458-imgNav\"]"}
COMMAND: POST /session/0631827be0a93fac797ef22e97364bed/elements - {"using":"xpath","value":"//*[@id=\"__item3112-__clone8458-imgNav\"]"}
RESULT: {"using":"xpath","value":"//*[@id=\"__item3112-__clone8458-imgNav\"]"}
COMMAND: POST /session/0631827be0a93fac797ef22e97364bed/elements - {"using":"xpath","value":"//*[@id=\"__item3112-__clone8458-imgNav\"]"}
RESULT: {"using":"xpath","value":"//*[@id=\"__item3112-__clone8458-imgNav\"]"}
COMMAND: POST /session/0631827be0a93fac797ef22e97364bed/elements - {"using":"xpath","value":"//*[@id=\"__item3112-__clone8458-imgNav\"]"}
RESULT: {"using":"xpath","value":"//*[@id=\"__item3112-__clone8458-imgNav\"]"}
COMMAND: POST /session/0631827be0a93fac797ef22e97364bed/elements - {"using":"xpath","value":"//*[@id=\"__item3112-__clone8458-imgNav\"]"}
RESULT: {"using":"xpath","value":"//*[@id=\"__item3112-__clone8458-imgNav\"]"}
COMMAND: POST /session/0631827be0a93fac797ef22e97364bed/elements - {"using":"xpath","value":"//*[@id=\"__item3112-__clone8458-imgNav\"]"}
RESULT: {"using":"xpath","value":"//*[@id=\"__item3112-__clone8458-imgNav\"]"}
COMMAND: POST /session/0631827be0a93fac797ef22e97364bed/elements - {"using":"xpath","value":"//*[@id=\"__item3112-__clone8458-imgNav\"]"}
RESULT: {"using":"xpath","value":"//*[@id=\"__item3112-__clone8458-imgNav\"]"}
COMMAND: POST /session/0631827be0a93fac797ef22e97364bed/elements - {"using":"xpath","value":"//*[@id=\"__item3112-__clone8458-imgNav\"]"}
RESULT: {"using":"xpath","value":"//*[@id=\"__item3112-__clone8458-imgNav\"]"}
COMMAND: POST /session/0631827be0a93fac797ef22e97364bed/elements - {"using":"xpath","value":"//*[@id=\"__item3112-__clone8458-imgNav\"]"}
RESULT: {"using":"xpath","value":"//*[@id=\"__item3112-__clone8458-imgNav\"]"}
COMMAND: POST /session/0631827be0a93fac797ef22e97364bed/elements - {"using":"xpath","value":"//*[@id=\"__item3112-__clone8458-imgNav\"]"}
RESULT: {"using":"xpath","value":"//*[@id=\"__item3112-__clone8458-imgNav\"]"}
COMMAND: POST /session/0631827be0a93fac797ef22e97364bed/elements - {"using":"xpath","value":"//*[@id=\"__item3112-__clone8458-imgNav\"]"}
RESULT: {"using":"xpath","value":"//*[@id=\"__item3112-__clone8458-imgNav\"]"}
COMMAND: POST /session/0631827be0a93fac797ef22e97364bed/elements - {"using":"xpath","value":"//*[@id=\"__item3112-__clone8458-imgNav\"]"}
RESULT: {"using":"xpath","value":"//*[@id=\"__item3112-__clone8458-imgNav\"]"}
COMMAND: POST /session/0631827be0a93fac797ef22e97364bed/elements - {"using":"xpath","value":"//*[@id=\"__item3112-__clone8458-imgNav\"]"}
RESULT: {"using":"xpath","value":"//*[@id=\"__item3112-__clone8458-imgNav\"]"}
COMMAND: POST /session/0631827be0a93fac797ef22e97364bed/elements - {"using":"xpath","value":"//*[@id=\"__item3112-__clone8458-imgNav\"]"}
RESULT: {"using":"xpath","value":"//*[@id=\"__item3112-__clone8458-imgNav\"]"}
COMMAND: POST /session/0631827be0a93fac797ef22e97364bed/elements - {"using":"xpath","value":"//*[@id=\"__item3112-__clone8458-imgNav\"]"}
RESULT: {"using":"xpath","value":"//*[@id=\"__item3112-__clone8458-imgNav\"]"}
COMMAND: POST /session/0631827be0a93fac797ef22e97364bed/elements - {"using":"xpath","value":"//*[@id=\"__item3112-__clone8458-imgNav\"]"}
RESULT: {"using":"xpath","value":"//*[@id=\"__item3112-__clone8458-imgNav\"]"}
COMMAND: POST /session/0631827be0a93fac797ef22e97364bed/elements - {"using":"xpath","value":"//*[@id=\"__item3112-__clone8458-imgNav\"]"}
RESULT: {"using":"xpath","value":"//*[@id=\"__item3112-__clone8458-imgNav\"]"}
COMMAND: POST /session/0631827be0a93fac797ef22e97364bed/elements - {"using":"xpath","value":"//*[@id=\"__item3112-__clone8458-imgNav\"]"}
RESULT: {"using":"xpath","value":"//*[@id=\"__item3112-__clone8458-imgNav\"]"}
COMMAND: POST /session/0631827be0a93fac797ef22e97364bed/elements - {"using":"xpath","value":"//*[@id=\"__item3112-__clone8458-imgNav\"]"}
RESULT: {"using":"xpath","value":"//*[@id=\"__item3112-__clone8458-imgNav\"]"}
COMMAND: POST /session/0631827be0a93fac797ef22e97364bed/elements - {"using":"xpath","value":"//*[@id=\"__item3112-__clone8458-imgNav\"]"}
RESULT: {"using":"xpath","value":"//*[@id=\"__item3112-__clone8458-imgNav\"]"}
COMMAND: POST /session/0631827be0a93fac797ef22e97364bed/elements - {"using":"xpath","value":"//*[@id=\"__item3112-__clone8458-imgNav\"]"}
RESULT: {"using":"xpath","value":"//*[@id=\"__item3112-__clone8458-imgNav\"]"}
COMMAND: POST /session/0631827be0a93fac797ef22e97364bed/elements - {"using":"xpath","value":"//*[@id=\"__item3112-__clone8458-imgNav\"]"}
RESULT: {"using":"xpath","value":"//*[@id=\"__item3112-__clone8458-imgNav\"]"}
COMMAND: POST /session/0631827be0a93fac797ef22e97364bed/elements - {"using":"xpath","value":"//*[@id=\"__item3112-__clone8458-imgNav\"]"}
RESULT: {"using":"xpath","value":"//*[@id=\"__item3112-__clone8458-imgNav\"]"}
COMMAND: POST /session/0631827be0a93fac797ef22e97364bed/elements - {"using":"xpath","value":"//*[@id=\"__item3112-__clone8458-imgNav\"]"}
RESULT: {"using":"xpath","value":"//*[@id=\"__item3112-__clone8458-imgNav\"]"}
COMMAND: POST /session/0631827be0a93fac797ef22e97364bed/elements - {"using":"xpath","value":"//*[@id=\"__item3112-__clone8458-imgNav\"]"}
RESULT: {"using":"xpath","value":"//*[@id=\"__item3112-__clone8458-imgNav\"]"}
COMMAND: POST /session/0631827be0a93fac797ef22e97364bed/elements - {"using":"xpath","value":"//*[@id=\"__item3112-__clone8458-imgNav\"]"}
RESULT: {"using":"xpath","value":"//*[@id=\"__item3112-__clone8458-imgNav\"]"}
COMMAND: POST /session/0631827be0a93fac797ef22e97364bed/elements - {"using":"xpath","value":"//*[@id=\"__item3112-__clone8458-imgNav\"]"}
RESULT: {"using":"xpath","value":"//*[@id=\"__item3112-__clone8458-imgNav\"]"}
COMMAND: POST /session/0631827be0a93fac797ef22e97364bed/elements - {"using":"xpath","value":"//*[@id=\"__item3112-__clone8458-imgNav\"]"}
RESULT: {"using":"xpath","value":"//*[@id=\"__item3112-__clone8458-imgNav\"]"}
COMMAND: POST /session/0631827be0a93fac797ef22e97364bed/elements - {"using":"xpath","value":"//*[@id=\"__item3112-__clone8458-imgNav\"]"}
RESULT: {"using":"xpath","value":"//*[@id=\"__item3112-__clone8458-imgNav\"]"}
COMMAND: POST /session/0631827be0a93fac797ef22e97364bed/elements - {"using":"xpath","value":"//*[@id=\"__item3112-__clone8458-imgNav\"]"}
RESULT: {"using":"xpath","value":"//*[@id=\"__item3112-__clone8458-imgNav\"]"}
COMMAND: POST /session/0631827be0a93fac797ef22e97364bed/elements - {"using":"xpath","value":"//*[@id=\"__item3112-__clone8458-imgNav\"]"}
RESULT: {"using":"xpath","value":"//*[@id=\"__item3112-__clone8458-imgNav\"]"}
COMMAND: POST /session/0631827be0a93fac797ef22e97364bed/elements - {"using":"xpath","value":"//*[@id=\"__item3112-__clone8458-imgNav\"]"}
RESULT: {"using":"xpath","value":"//*[@id=\"__item3112-__clone8458-imgNav\"]"}
COMMAND: POST /session/0631827be0a93fac797ef22e97364bed/elements - {"using":"xpath","value":"//*[@id=\"__item3112-__clone8458-imgNav\"]"}
RESULT: {"using":"xpath","value":"//*[@id=\"__item3112-__clone8458-imgNav\"]"}
COMMAND: POST /session/0631827be0a93fac797ef22e97364bed/elements - {"using":"xpath","value":"//*[@id=\"__item3112-__clone8458-imgNav\"]"}
RESULT: {"using":"xpath","value":"//*[@id=\"__item3112-__clone8458-imgNav\"]"}
COMMAND: POST /session/0631827be0a93fac797ef22e97364bed/elements - {"using":"xpath","value":"//*[@id=\"__item3112-__clone8458-imgNav\"]"}
RESULT: {"using":"xpath","value":"//*[@id=\"__item3112-__clone8458-imgNav\"]"}
COMMAND: POST /session/0631827be0a93fac797ef22e97364bed/elements - {"using":"xpath","value":"//*[@id=\"__item3112-__clone8458-imgNav\"]"}
RESULT: {"using":"xpath","value":"//*[@id=\"__item3112-__clone8458-imgNav\"]"}
COMMAND: POST /session/0631827be0a93fac797ef22e97364bed/elements - {"using":"xpath","value":"//*[@id=\"__item3112-__clone8458-imgNav\"]"}
RESULT: {"using":"xpath","value":"//*[@id=\"__item3112-__clone8458-imgNav\"]"}
COMMAND: POST /session/0631827be0a93fac797ef22e97364bed/elements - {"using":"xpath","value":"//*[@id=\"__item3112-__clone8458-imgNav\"]"}
RESULT: {"using":"xpath","value":"//*[@id=\"__item3112-__clone8458-imgNav\"]"}
COMMAND: POST /session/0631827be0a93fac797ef22e97364bed/elements - {"using":"xpath","value":"//*[@id=\"__item3112-__clone8458-imgNav\"]"}
RESULT: {"using":"xpath","value":"//*[@id=\"__item3112-__clone8458-imgNav\"]"}
COMMAND: POST /session/0631827be0a93fac797ef22e97364bed/elements - {"using":"xpath","value":"//*[@id=\"__item3112-__clone8458-imgNav\"]"}
RESULT: {"using":"xpath","value":"//*[@id=\"__item3112-__clone8458-imgNav\"]"}
COMMAND: POST /session/0631827be0a93fac797ef22e97364bed/elements - {"using":"xpath","value":"//*[@id=\"__item3112-__clone8458-imgNav\"]"}
RESULT: {"using":"xpath","value":"//*[@id=\"__item3112-__clone8458-imgNav\"]"}
COMMAND: POST /session/0631827be0a93fac797ef22e97364bed/elements - {"using":"xpath","value":"//*[@id=\"__item3112-__clone8458-imgNav\"]"}
RESULT: {"using":"xpath","value":"//*[@id=\"__item3112-__clone8458-imgNav\"]"}
COMMAND: POST /session/0631827be0a93fac797ef22e97364bed/elements - {"using":"xpath","value":"//*[@id=\"__item3112-__clone8458-imgNav\"]"}
RESULT: {"using":"xpath","value":"//*[@id=\"__item3112-__clone8458-imgNav\"]"}
COMMAND: POST /session/0631827be0a93fac797ef22e97364bed/elements - {"using":"xpath","value":"//*[@id=\"__item3112-__clone8458-imgNav\"]"}
RESULT: {"using":"xpath","value":"//*[@id=\"__item3112-__clone8458-imgNav\"]"}
COMMAND: POST /session/0631827be0a93fac797ef22e97364bed/elements - {"using":"xpath","value":"//*[@id=\"__item3112-__clone8458-imgNav\"]"}
RESULT: {"using":"xpath","value":"//*[@id=\"__item3112-__clone8458-imgNav\"]"}
COMMAND: POST /session/0631827be0a93fac797ef22e97364bed/elements - {"using":"xpath","value":"//*[@id=\"__item3112-__clone8458-imgNav\"]"}
RESULT: {"using":"xpath","value":"//*[@id=\"__item3112-__clone8458-imgNav\"]"}
COMMAND: POST /session/0631827be0a93fac797ef22e97364bed/elements - {"using":"xpath","value":"//*[@id=\"__item3112-__clone8458-imgNav\"]"}
RESULT: {"using":"xpath","value":"//*[@id=\"__item3112-__clone8458-imgNav\"]"}
COMMAND: POST /session/0631827be0a93fac797ef22e97364bed/elements - {"using":"xpath","value":"//*[@id=\"__item3112-__clone8458-imgNav\"]"}
RESULT: {"using":"xpath","value":"//*[@id=\"__item3112-__clone8458-imgNav\"]"}
COMMAND: POST /session/0631827be0a93fac797ef22e97364bed/elements - {"using":"xpath","value":"//*[@id=\"__item3112-__clone8458-imgNav\"]"}
RESULT: {"using":"xpath","value":"//*[@id=\"__item3112-__clone8458-imgNav\"]"}
COMMAND: POST /session/0631827be0a93fac797ef22e97364bed/elements - {"using":"xpath","value":"//*[@id=\"__item3112-__clone8458-imgNav\"]"}
RESULT: {"using":"xpath","value":"//*[@id=\"__item3112-__clone8458-imgNav\"]"}
COMMAND: POST /session/0631827be0a93fac797ef22e97364bed/elements - {"using":"xpath","value":"//*[@id=\"__item3112-__clone8458-imgNav\"]"}
RESULT: {"using":"xpath","value":"//*[@id=\"__item3112-__clone8458-imgNav\"]"}
COMMAND: POST /session/0631827be0a93fac797ef22e97364bed/elements - {"using":"xpath","value":"//*[@id=\"__item3112-__clone8458-imgNav\"]"}
RESULT: {"using":"xpath","value":"//*[@id=\"__item3112-__clone8458-imgNav\"]"}
COMMAND: POST /session/0631827be0a93fac797ef22e97364bed/elements - {"using":"xpath","value":"//*[@id=\"__item3112-__clone8458-imgNav\"]"}
RESULT: {"using":"xpath","value":"//*[@id=\"__item3112-__clone8458-imgNav\"]"}
COMMAND: POST /session/0631827be0a93fac797ef22e97364bed/elements - {"using":"xpath","value":"//*[@id=\"__item3112-__clone8458-imgNav\"]"}
RESULT: {"using":"xpath","value":"//*[@id=\"__item3112-__clone8458-imgNav\"]"}
COMMAND: POST /session/0631827be0a93fac797ef22e97364bed/elements - {"using":"xpath","value":"//*[@id=\"__item3112-__clone8458-imgNav\"]"}
RESULT: {"using":"xpath","value":"//*[@id=\"__item3112-__clone8458-imgNav\"]"}
COMMAND: POST /session/0631827be0a93fac797ef22e97364bed/elements - {"using":"xpath","value":"//*[@id=\"__item3112-__clone8458-imgNav\"]"}
RESULT: {"using":"xpath","value":"//*[@id=\"__item3112-__clone8458-imgNav\"]"}
COMMAND: POST /session/0631827be0a93fac797ef22e97364bed/elements - {"using":"xpath","value":"//*[@id=\"__item3112-__clone8458-imgNav\"]"}
RESULT: {"using":"xpath","value":"//*[@id=\"__item3112-__clone8458-imgNav\"]"}
COMMAND: POST /session/0631827be0a93fac797ef22e97364bed/elements - {"using":"xpath","value":"//*[@id=\"__item3112-__clone8458-imgNav\"]"}
RESULT: {"using":"xpath","value":"//*[@id=\"__item3112-__clone8458-imgNav\"]"}
COMMAND: POST /session/0631827be0a93fac797ef22e97364bed/elements - {"using":"xpath","value":"//*[@id=\"__item3112-__clone8458-imgNav\"]"}
RESULT: {"using":"xpath","value":"//*[@id=\"__item3112-__clone8458-imgNav\"]"}
COMMAND: POST /session/0631827be0a93fac797ef22e97364bed/elements - {"using":"xpath","value":"//*[@id=\"__item3112-__clone8458-imgNav\"]"}
RESULT: {"using":"xpath","value":"//*[@id=\"__item3112-__clone8458-imgNav\"]"}
RESULT: undefined
RESULT: undefined
COMMAND: POST /session/0631827be0a93fac797ef22e97364bed/execute/async - {"script":"<script> [1562 bytes]","args":[{"selector":{"controlType":"sap.m.ToggleButton","viewName":"etm.portal.ui.managehandovers.view.DetailExecuteHO","i18NText":{"propertyName":"text","key":"refuse"},"interaction":{"idSuffix":"BDI-content"}},"wdio_ui5_key":"etmportal.ui.managehandovers.view.DetailExecuteHOsap.m.ToggleButton{\"propertyName\":\"text\",\"key\":\"refuse\"}"}]}
RESULT: {"script":"<script> [1562 bytes]","args":[{"selector":{"controlType":"sap.m.ToggleButton","viewName":"etm.portal.ui.managehandovers.view.DetailExecuteHO","i18NText":{"propertyName":"text","key":"refuse"},"interaction":{"idSuffix":"BDI-content"}},"wdio_ui5_key":"etmportal.ui.managehandovers.view.DetailExecuteHOsap.m.ToggleButton{\"propertyName\":\"text\",\"key\":\"refuse\"}"}]}
RESULT: undefined
COMMAND: POST /session/0631827be0a93fac797ef22e97364bed/execute/async - {"script":"<script> [1562 bytes]","args":[{"selector":{"id":"confirmationButton","viewName":"etm.portal.ui.managehandovers.view.DetailExecuteHO","interaction":{"idSuffix":"BDI-content"},"properties":{"text":"Receive / Refuse"}},"wdio_ui5_key":"confirmationButtonetmportal.ui.managehandovers.view.DetailExecuteHO{\"text\":\"Receive / Refuse\"}"}]}
RESULT: {"script":"<script> [1562 bytes]","args":[{"selector":{"id":"confirmationButton","viewName":"etm.portal.ui.managehandovers.view.DetailExecuteHO","interaction":{"idSuffix":"BDI-content"},"properties":{"text":"Receive / Refuse"}},"wdio_ui5_key":"confirmationButtonetmportal.ui.managehandovers.view.DetailExecuteHO{\"text\":\"Receive / Refuse\"}"}]}
RESULT: undefined
COMMAND: POST /session/0631827be0a93fac797ef22e97364bed/element - {"using":"css selector","value":"#j_username"}
COMMAND: POST /session/0631827be0a93fac797ef22e97364bed/url - {"url":"https://qa-testing-00-live-etm-ui.cfapps.eu10-004.hana.ondemand.com/"}
RESULT: {"using":"css selector","value":"#j_username"}
COMMAND: POST /session/0631827be0a93fac797ef22e97364bed/element - {"using":"css selector","value":"#j_username"}
RESULT: {"url":"https://qa-testing-00-live-etm-ui.cfapps.eu10-004.hana.ondemand.com/"}
RESULT: undefined
COMMAND: GET /session/0631827be0a93fac797ef22e97364bed/screenshot - {}
RESULT: {"using":"css selector","value":"#j_username"}
COMMAND: POST /session/0631827be0a93fac797ef22e97364bed/element - {"using":"css selector","value":"#shell-header-logo"}
RESULT: {}
RESULT: {"using":"css selector","value":"#shell-header-logo"}
COMMAND: POST /session/0631827be0a93fac797ef22e97364bed/execute/sync - {"script":"<script> [8489 bytes]","args":[{"element-6066-11e4-a52e-4f735466cecf":"f.1195843739892CF439726866CA7D4ED2.d.5C9091D12BDB5C7919C20C00B51D82A3.e.10131","ELEMENT":"f.1195843739892CF439726866CA7D4ED2.d.5C9091D12BDB5C7919C20C00B51D82A3.e.10131"}]}
RESULT: {"script":"<script> [8489 bytes]","args":[{"element-6066-11e4-a52e-4f735466cecf":"f.1195843739892CF439726866CA7D4ED2.d.5C9091D12BDB5C7919C20C00B51D82A3.e.10131","ELEMENT":"f.1195843739892CF439726866CA7D4ED2.d.5C9091D12BDB5C7919C20C00B51D82A3.e.10131"}]}
COMMAND: POST /session/0631827be0a93fac797ef22e97364bed/element - {"using":"css selector","value":"#shell-header-logo"}
COMMAND: GET /session/0631827be0a93fac797ef22e97364bed/screenshot - {}
RESULT: {"using":"css selector","value":"#shell-header-logo"}
COMMAND: POST /session/0631827be0a93fac797ef22e97364bed/execute/sync - {"script":"<script> [8489 bytes]","args":[{"element-6066-11e4-a52e-4f735466cecf":"f.1195843739892CF439726866CA7D4ED2.d.5C9091D12BDB5C7919C20C00B51D82A3.e.10131","ELEMENT":"f.1195843739892CF439726866CA7D4ED2.d.5C9091D12BDB5C7919C20C00B51D82A3.e.10131"}]}
RESULT: {}
RESULT: {"script":"<script> [8489 bytes]","args":[{"element-6066-11e4-a52e-4f735466cecf":"f.1195843739892CF439726866CA7D4ED2.d.5C9091D12BDB5C7919C20C00B51D82A3.e.10131","ELEMENT":"f.1195843739892CF439726866CA7D4ED2.d.5C9091D12BDB5C7919C20C00B51D82A3.e.10131"}]}
COMMAND: POST /session/0631827be0a93fac797ef22e97364bed/execute/sync - {"script":"<script> [5351 bytes]","args":[{"element-6066-11e4-a52e-4f735466cecf":"f.1195843739892CF439726866CA7D4ED2.d.5C9091D12BDB5C7919C20C00B51D82A3.e.10131","ELEMENT":"f.1195843739892CF439726866CA7D4ED2.d.5C9091D12BDB5C7919C20C00B51D82A3.e.10131"}]}
COMMAND: GET /session/0631827be0a93fac797ef22e97364bed/screenshot - {}
RESULT: {"script":"<script> [5351 bytes]","args":[{"element-6066-11e4-a52e-4f735466cecf":"f.1195843739892CF439726866CA7D4ED2.d.5C9091D12BDB5C7919C20C00B51D82A3.e.10131","ELEMENT":"f.1195843739892CF439726866CA7D4ED2.d.5C9091D12BDB5C7919C20C00B51D82A3.e.10131"}]}
COMMAND: POST /session/0631827be0a93fac797ef22e97364bed/element - {"using":"css selector","value":"#shell-header-logo"}
COMMAND: GET /session/0631827be0a93fac797ef22e97364bed/screenshot - {}
RESULT: {}
RESULT: {"using":"css selector","value":"#shell-header-logo"}
COMMAND: POST /session/0631827be0a93fac797ef22e97364bed/element/f.1195843739892CF439726866CA7D4ED2.d.5C9091D12BDB5C7919C20C00B51D82A3.e.10131/click - {}
RESULT: {}
RESULT: {}
COMMAND: GET /session/0631827be0a93fac797ef22e97364bed/screenshot - {}
RESULT: {}
COMMAND: POST /session/0631827be0a93fac797ef22e97364bed/execute/async - {"script":"<script> [189 bytes]","args":[]}
RESULT: {"script":"<script> [189 bytes]","args":[]}
COMMAND: POST /session/0631827be0a93fac797ef22e97364bed/execute/async - {"script":"<script> [123 bytes]","args":[]}
RESULT: {"script":"<script> [123 bytes]","args":[]}
COMMAND: POST /session/0631827be0a93fac797ef22e97364bed/timeouts - {"script":"<number>"}
RESULT: {"script":"<number>"}
COMMAND: GET /session/0631827be0a93fac797ef22e97364bed/timeouts - {}
RESULT: {}
RESULT: undefined
COMMAND: POST /session/0631827be0a93fac797ef22e97364bed/execute/async - {"script":"<script> [2676 bytes]","args":[]}
RESULT: {"script":"<script> [2676 bytes]","args":[]}
COMMAND: POST /session/0631827be0a93fac797ef22e97364bed/execute/async - {"script":"<script> [2342 bytes]","args":[{"protocol":"http","hostname":"0.0.0.0","path":"/","capabilities":{"browserName":"chrome","goog:chromeOptions":{"binary":"C:\\Program Files\\Google\\Chrome\\Application\\chrome.exe","args":["--start-maximized"]}},"logLevel":"warn","connectionRetryTimeout":120000,"connectionRetryCount":3,"logLevels":{},"enableDirectConnect":true,"strictSSL":true,"_":"65 more keys: [\"cacheDir\",\"port\",\"requestedCapabilities\",\"automationProtocol\",\"baseUrl\",\"waitforInterval\",\"waitforTimeout\",\"onReload\",\"beforeCommand\",\"afterCommand\",\"rootDir\",\"specs\",\"suites\",\"exclude\",\"groupLogsByTestSpec\",\"excludeDriverLogs\",\"bail\",\"framework\",\"reporters\",\"services\",\"maxInstances\",\"maxInstancesPerCapability\",\"injectGlobals\",\"filesToWatch\",\"execArgv\",\"runnerEnv\",\"runner\",\"shard\",\"specFileRetries\",\"specFileRetriesDelay\",\"specFileRetriesDeferred\",\"reporterSyncInterval\",\"reporterSyncTimeout\",\"cucumberFeaturesWithLineNumbers\",\"autoCompileOpts\",\"mochaOpts\",\"jasmineOpts\",\"cucumberOpts\",\"onPrepare\",\"onWorkerStart\",\"onWorkerEnd\",\"before\",\"beforeSession\",\"beforeSuite\",\"beforeHook\",\"beforeTest\",\"afterTest\",\"afterHook\",\"afterSuite\",\"afterSession\",\"after\",\"onComplete\",\"beforeAssertion\",\"afterAssertion\",\"beforeFeature\",\"beforeScenario\",\"beforeStep\",\"afterStep\",\"afterScenario\",\"afterFeature\",\"_\",\"suite\",\"$0\",\"ignoredWorkerServices\",\"wdi5\"]"}]}
RESULT: {"script":"<script> [2342 bytes]","args":[{"protocol":"http","hostname":"0.0.0.0","path":"/","capabilities":{"browserName":"chrome","goog:chromeOptions":{"binary":"C:\\Program Files\\Google\\Chrome\\Application\\chrome.exe","args":["--start-maximized"]}},"logLevel":"warn","connectionRetryTimeout":120000,"connectionRetryCount":3,"logLevels":{},"enableDirectConnect":true,"strictSSL":true,"_":"65 more keys: [\"cacheDir\",\"port\",\"requestedCapabilities\",\"automationProtocol\",\"baseUrl\",\"waitforInterval\",\"waitforTimeout\",\"onReload\",\"beforeCommand\",\"afterCommand\",\"rootDir\",\"specs\",\"suites\",\"exclude\",\"groupLogsByTestSpec\",\"excludeDriverLogs\",\"bail\",\"framework\",\"reporters\",\"services\",\"maxInstances\",\"maxInstancesPerCapability\",\"injectGlobals\",\"filesToWatch\",\"execArgv\",\"runnerEnv\",\"runner\",\"shard\",\"specFileRetries\",\"specFileRetriesDelay\",\"specFileRetriesDeferred\",\"reporterSyncInterval\",\"reporterSyncTimeout\",\"cucumberFeaturesWithLineNumbers\",\"autoCompileOpts\",\"mochaOpts\",\"jasmineOpts\",\"cucumberOpts\",\"onPrepare\",\"onWorkerStart\",\"onWorkerEnd\",\"before\",\"beforeSession\",\"beforeSuite\",\"beforeHook\",\"beforeTest\",\"afterTest\",\"afterHook\",\"afterSuite\",\"afterSession\",\"after\",\"onComplete\",\"beforeAssertion\",\"afterAssertion\",\"beforeFeature\",\"beforeScenario\",\"beforeStep\",\"afterStep\",\"afterScenario\",\"afterFeature\",\"_\",\"suite\",\"$0\",\"ignoredWorkerServices\",\"wdi5\"]"}]}
COMMAND: POST /session/0631827be0a93fac797ef22e97364bed/execute/async - {"script":"<script> [21126 bytes]","args":[35000]}
RESULT: {"script":"<script> [21126 bytes]","args":[35000]}
COMMAND: POST /session/0631827be0a93fac797ef22e97364bed/window/maximize - {}
RESULT: {}
COMMAND: POST /session/0631827be0a93fac797ef22e97364bed/execute/async - {"script":"<script> [1562 bytes]","args":[{"selector":{"id":"shell-header","interaction":{"idSuffix":"icon"}},"wdio_ui5_key":"shellheader"}]}
COMMAND: GET /session/0631827be0a93fac797ef22e97364bed/screenshot - {}
RESULT: {"script":"<script> [1562 bytes]","args":[{"selector":{"id":"shell-header","interaction":{"idSuffix":"icon"}},"wdio_ui5_key":"shellheader"}]}
RESULT: undefined
]]></system-out>
    </testcase>
  </testsuite>
  <testsuite timestamp="2025-04-30T17:23:09" time="318.664" tests="4" failures="0" errors="0" skipped="0">
    <properties>
      <property name="specId" value="0" />
      <property name="suiteName" value="Provide to Site w/o warehouse management w/o clarification US116612" />
      <property name="capabilities" value="chrome.135_0_7049_96.windows" />
      <property name="file" value="file:///D:/a/1/s/test/specs/HTR/provide-to-site-wo-warehouse-wo-clarification.spec.js" />
    </properties>
    <testcase classname="chrome.135_0_7049_96.windows.Provide_to_Site_w/o_warehouse_management_w/o_clarification_US116612" name="Should create a WHM yard" time="96.634">
      <system-out><![CDATA[
COMMAND: POST /session/0631827be0a93fac797ef22e97364bed/execute/async - {"script":"<script> [1562 bytes]","args":[{"selector":{"controlType":"sap.m.GenericTile","properties":{"header":"Manage Yards"}},"wdio_ui5_key":"sapm.GenericTile{\"header\":\"Manage Yards\"}"}]}
RESULT: {}
RESULT: {"script":"<script> [1562 bytes]","args":[{"selector":{"controlType":"sap.m.GenericTile","properties":{"header":"Manage Yards"}},"wdio_ui5_key":"sapm.GenericTile{\"header\":\"Manage Yards\"}"}]}
RESULT: undefined
COMMAND: POST /session/0631827be0a93fac797ef22e97364bed/element - {"using":"xpath","value":"//*[@id=\"__tile41\"]"}
RESULT: {"using":"xpath","value":"//*[@id=\"__tile41\"]"}
COMMAND: POST /session/0631827be0a93fac797ef22e97364bed/element/f.1195843739892CF439726866CA7D4ED2.d.5C9091D12BDB5C7919C20C00B51D82A3.e.10139/click - {}
RESULT: {}
COMMAND: POST /session/0631827be0a93fac797ef22e97364bed/execute/async - {"script":"<script> [1562 bytes]","args":[{"selector":{"controlType":"sap.ui.core.Icon","viewName":"etm.portal.ui.manageyards.view.Master","viewId":"application-manageyards-display-component---masterYard","properties":{"src":{"regex":{"source":"add"}}}},"wdio_ui5_key":"etmportal.ui.manageyards.view.Mastersap.ui.core.Icon{\"src\":{\"regex\":{\"source\":\"add\"}}}"}]}
COMMAND: GET /session/0631827be0a93fac797ef22e97364bed/screenshot - {}
RESULT: {"script":"<script> [1562 bytes]","args":[{"selector":{"controlType":"sap.ui.core.Icon","viewName":"etm.portal.ui.manageyards.view.Master","viewId":"application-manageyards-display-component---masterYard","properties":{"src":{"regex":{"source":"add"}}}},"wdio_ui5_key":"etmportal.ui.manageyards.view.Mastersap.ui.core.Icon{\"src\":{\"regex\":{\"source\":\"add\"}}}"}]}
RESULT: undefined
COMMAND: POST /session/0631827be0a93fac797ef22e97364bed/element - {"using":"xpath","value":"//*[@id=\"__button4-img\"]"}
RESULT: {}
RESULT: {"using":"xpath","value":"//*[@id=\"__button4-img\"]"}
COMMAND: POST /session/0631827be0a93fac797ef22e97364bed/element/f.1195843739892CF439726866CA7D4ED2.d.5C9091D12BDB5C7919C20C00B51D82A3.e.10185/click - {}
RESULT: {}
COMMAND: POST /session/0631827be0a93fac797ef22e97364bed/execute/async - {"script":"<script> [1562 bytes]","args":[{"selector":{"id":"application-manageyards-display-component---NewYard--addressDetailDetailsName1","interaction":{"idSuffix":"inner"}},"wdio_ui5_key":"applicationmanageyards-display-component---NewYard--addressDetailDetailsName1"}]}
COMMAND: GET /session/0631827be0a93fac797ef22e97364bed/screenshot - {}
RESULT: {"script":"<script> [1562 bytes]","args":[{"selector":{"id":"application-manageyards-display-component---NewYard--addressDetailDetailsName1","interaction":{"idSuffix":"inner"}},"wdio_ui5_key":"applicationmanageyards-display-component---NewYard--addressDetailDetailsName1"}]}
RESULT: undefined
COMMAND: POST /session/0631827be0a93fac797ef22e97364bed/execute/async - {"script":"<script> [776 bytes]","args":[{"enterText":"warehouse managed Yard","selector":{"id":"application-manageyards-display-component---NewYard--addressDetailDetailsName1","interaction":{"idSuffix":"inner"}},"clearTextFirst":true,"interactionType":"ENTER_TEXT"}]}
RESULT: {}
RESULT: {"script":"<script> [776 bytes]","args":[{"enterText":"warehouse managed Yard","selector":{"id":"application-manageyards-display-component---NewYard--addressDetailDetailsName1","interaction":{"idSuffix":"inner"}},"clearTextFirst":true,"interactionType":"ENTER_TEXT"}]}
COMMAND: POST /session/0631827be0a93fac797ef22e97364bed/execute/async - {"script":"<script> [1562 bytes]","args":[{"selector":{"id":"application-manageyards-display-component---NewYard--addressDetailDetailsLanguage-arrow"},"wdio_ui5_key":"applicationmanageyards-display-component---NewYard--addressDetailDetailsLanguage-arrow"}]}
RESULT: {"script":"<script> [1562 bytes]","args":[{"selector":{"id":"application-manageyards-display-component---NewYard--addressDetailDetailsLanguage-arrow"},"wdio_ui5_key":"applicationmanageyards-display-component---NewYard--addressDetailDetailsLanguage-arrow"}]}
RESULT: undefined
COMMAND: POST /session/0631827be0a93fac797ef22e97364bed/element - {"using":"xpath","value":"//*[@id=\"application-manageyards-display-component---NewYard--addressDetailDetailsLanguage-arrow\"]"}
RESULT: {"using":"xpath","value":"//*[@id=\"application-manageyards-display-component---NewYard--addressDetailDetailsLanguage-arrow\"]"}
COMMAND: POST /session/0631827be0a93fac797ef22e97364bed/element/f.1195843739892CF439726866CA7D4ED2.d.5C9091D12BDB5C7919C20C00B51D82A3.e.10588/click - {}
RESULT: {}
COMMAND: POST /session/0631827be0a93fac797ef22e97364bed/execute/async - {"script":"<script> [1562 bytes]","args":[{"selector":{"controlType":"sap.m.StandardListItem","viewName":"etm.portal.ui.manageyards.view.New","viewId":"application-manageyards-display-component---NewYard","properties":{"title":"English"},"searchOpenDialogs":true,"interaction":{"idSuffix":"content"}},"wdio_ui5_key":"etmportal.ui.manageyards.view.Newsap.m.StandardListItem{\"title\":\"English\"}"}]}
COMMAND: GET /session/0631827be0a93fac797ef22e97364bed/screenshot - {}
RESULT: {"script":"<script> [1562 bytes]","args":[{"selector":{"controlType":"sap.m.StandardListItem","viewName":"etm.portal.ui.manageyards.view.New","viewId":"application-manageyards-display-component---NewYard","properties":{"title":"English"},"searchOpenDialogs":true,"interaction":{"idSuffix":"content"}},"wdio_ui5_key":"etmportal.ui.manageyards.view.Newsap.m.StandardListItem{\"title\":\"English\"}"}]}
RESULT: undefined
COMMAND: POST /session/0631827be0a93fac797ef22e97364bed/element - {"using":"xpath","value":"//*[@id=\"__item101\"]"}
RESULT: {}
RESULT: {"using":"xpath","value":"//*[@id=\"__item101\"]"}
COMMAND: POST /session/0631827be0a93fac797ef22e97364bed/element/f.1195843739892CF439726866CA7D4ED2.d.5C9091D12BDB5C7919C20C00B51D82A3.e.10590/click - {}
RESULT: {}
COMMAND: POST /session/0631827be0a93fac797ef22e97364bed/execute/async - {"script":"<script> [1562 bytes]","args":[{"selector":{"id":"application-manageyards-display-component---NewYard--addressDetailDetailsCity1","interaction":{"idSuffix":"inner"}},"wdio_ui5_key":"applicationmanageyards-display-component---NewYard--addressDetailDetailsCity1"}]}
COMMAND: GET /session/0631827be0a93fac797ef22e97364bed/screenshot - {}
RESULT: {"script":"<script> [1562 bytes]","args":[{"selector":{"id":"application-manageyards-display-component---NewYard--addressDetailDetailsCity1","interaction":{"idSuffix":"inner"}},"wdio_ui5_key":"applicationmanageyards-display-component---NewYard--addressDetailDetailsCity1"}]}
RESULT: undefined
COMMAND: POST /session/0631827be0a93fac797ef22e97364bed/execute/async - {"script":"<script> [776 bytes]","args":[{"enterText":"Rosario","selector":{"id":"application-manageyards-display-component---NewYard--addressDetailDetailsCity1","interaction":{"idSuffix":"inner"}},"clearTextFirst":true,"interactionType":"ENTER_TEXT"}]}
RESULT: {}
RESULT: {"script":"<script> [776 bytes]","args":[{"enterText":"Rosario","selector":{"id":"application-manageyards-display-component---NewYard--addressDetailDetailsCity1","interaction":{"idSuffix":"inner"}},"clearTextFirst":true,"interactionType":"ENTER_TEXT"}]}
COMMAND: POST /session/0631827be0a93fac797ef22e97364bed/execute/async - {"script":"<script> [1562 bytes]","args":[{"selector":{"id":"application-manageyards-display-component---NewYard--addressDetailDetailsCountry-arrow"},"wdio_ui5_key":"applicationmanageyards-display-component---NewYard--addressDetailDetailsCountry-arrow"}]}
RESULT: {"script":"<script> [1562 bytes]","args":[{"selector":{"id":"application-manageyards-display-component---NewYard--addressDetailDetailsCountry-arrow"},"wdio_ui5_key":"applicationmanageyards-display-component---NewYard--addressDetailDetailsCountry-arrow"}]}
RESULT: undefined
COMMAND: POST /session/0631827be0a93fac797ef22e97364bed/element - {"using":"xpath","value":"//*[@id=\"application-manageyards-display-component---NewYard--addressDetailDetailsCountry-arrow\"]"}
RESULT: {"using":"xpath","value":"//*[@id=\"application-manageyards-display-component---NewYard--addressDetailDetailsCountry-arrow\"]"}
COMMAND: POST /session/0631827be0a93fac797ef22e97364bed/element/f.1195843739892CF439726866CA7D4ED2.d.5C9091D12BDB5C7919C20C00B51D82A3.e.10571/click - {}
RESULT: {}
COMMAND: POST /session/0631827be0a93fac797ef22e97364bed/execute/async - {"script":"<script> [1562 bytes]","args":[{"selector":{"controlType":"sap.m.StandardListItem","viewName":"etm.portal.ui.manageyards.view.New","viewId":"application-manageyards-display-component---NewYard","properties":{"title":"Argentina"},"searchOpenDialogs":true,"interaction":{"idSuffix":"content"}},"wdio_ui5_key":"etmportal.ui.manageyards.view.Newsap.m.StandardListItem{\"title\":\"Argentina\"}"}]}
COMMAND: GET /session/0631827be0a93fac797ef22e97364bed/screenshot - {}
RESULT: {"script":"<script> [1562 bytes]","args":[{"selector":{"controlType":"sap.m.StandardListItem","viewName":"etm.portal.ui.manageyards.view.New","viewId":"application-manageyards-display-component---NewYard","properties":{"title":"Argentina"},"searchOpenDialogs":true,"interaction":{"idSuffix":"content"}},"wdio_ui5_key":"etmportal.ui.manageyards.view.Newsap.m.StandardListItem{\"title\":\"Argentina\"}"}]}
RESULT: undefined
COMMAND: POST /session/0631827be0a93fac797ef22e97364bed/element - {"using":"xpath","value":"//*[@id=\"__item144\"]"}
RESULT: {}
RESULT: {"using":"xpath","value":"//*[@id=\"__item144\"]"}
COMMAND: POST /session/0631827be0a93fac797ef22e97364bed/element/f.1195843739892CF439726866CA7D4ED2.d.5C9091D12BDB5C7919C20C00B51D82A3.e.10594/click - {}
RESULT: {}
COMMAND: POST /session/0631827be0a93fac797ef22e97364bed/execute/async - {"script":"<script> [1562 bytes]","args":[{"selector":{"controlType":"sap.m.Button","viewName":"etm.portal.ui.manageyards.view.New","viewId":"application-manageyards-display-component---NewYard","properties":{"text":"Commercial"},"interaction":{"idSuffix":"BDI-content"}},"wdio_ui5_key":"etmportal.ui.manageyards.view.Newsap.m.Button{\"text\":\"Commercial\"}"}]}
COMMAND: GET /session/0631827be0a93fac797ef22e97364bed/screenshot - {}
RESULT: {"script":"<script> [1562 bytes]","args":[{"selector":{"controlType":"sap.m.Button","viewName":"etm.portal.ui.manageyards.view.New","viewId":"application-manageyards-display-component---NewYard","properties":{"text":"Commercial"},"interaction":{"idSuffix":"BDI-content"}},"wdio_ui5_key":"etmportal.ui.manageyards.view.Newsap.m.Button{\"text\":\"Commercial\"}"}]}
RESULT: undefined
COMMAND: POST /session/0631827be0a93fac797ef22e97364bed/element - {"using":"xpath","value":"//*[@id=\"application-manageyards-display-component---NewYard--ObjectPageLayout-anchBar-__section5-anchor\"]"}
RESULT: {}
RESULT: {"using":"xpath","value":"//*[@id=\"application-manageyards-display-component---NewYard--ObjectPageLayout-anchBar-__section5-anchor\"]"}
COMMAND: POST /session/0631827be0a93fac797ef22e97364bed/element/f.1195843739892CF439726866CA7D4ED2.d.5C9091D12BDB5C7919C20C00B51D82A3.e.10596/click - {}
RESULT: {}
COMMAND: GET /session/0631827be0a93fac797ef22e97364bed/screenshot - {}
RESULT: {}
COMMAND: POST /session/0631827be0a93fac797ef22e97364bed/execute/async - {"script":"<script> [1562 bytes]","args":[{"selector":{"id":"application-manageyards-display-component---NewYard--addressEditDetailsCostObjectCstType-arrow"},"wdio_ui5_key":"applicationmanageyards-display-component---NewYard--addressEditDetailsCostObjectCstType-arrow"}]}
RESULT: {"script":"<script> [1562 bytes]","args":[{"selector":{"id":"application-manageyards-display-component---NewYard--addressEditDetailsCostObjectCstType-arrow"},"wdio_ui5_key":"applicationmanageyards-display-component---NewYard--addressEditDetailsCostObjectCstType-arrow"}]}
RESULT: undefined
COMMAND: POST /session/0631827be0a93fac797ef22e97364bed/element - {"using":"xpath","value":"//*[@id=\"application-manageyards-display-component---NewYard--addressEditDetailsCostObjectCstType-arrow\"]"}
RESULT: {"using":"xpath","value":"//*[@id=\"application-manageyards-display-component---NewYard--addressEditDetailsCostObjectCstType-arrow\"]"}
COMMAND: POST /session/0631827be0a93fac797ef22e97364bed/element/f.1195843739892CF439726866CA7D4ED2.d.5C9091D12BDB5C7919C20C00B51D82A3.e.10605/click - {}
RESULT: {}
COMMAND: GET /session/0631827be0a93fac797ef22e97364bed/screenshot - {}
RESULT: {}
COMMAND: POST /session/0631827be0a93fac797ef22e97364bed/execute/async - {"script":"<script> [1562 bytes]","args":[{"selector":{"controlType":"sap.m.StandardListItem","viewName":"etm.portal.ui.manageyards.view.New","viewId":"application-manageyards-display-component---NewYard","properties":{"title":"Cost Center"},"searchOpenDialogs":true,"interaction":{"idSuffix":"titleText"}},"wdio_ui5_key":"etmportal.ui.manageyards.view.Newsap.m.StandardListItem{\"title\":\"Cost Center\"}"}]}
RESULT: {"script":"<script> [1562 bytes]","args":[{"selector":{"controlType":"sap.m.StandardListItem","viewName":"etm.portal.ui.manageyards.view.New","viewId":"application-manageyards-display-component---NewYard","properties":{"title":"Cost Center"},"searchOpenDialogs":true,"interaction":{"idSuffix":"titleText"}},"wdio_ui5_key":"etmportal.ui.manageyards.view.Newsap.m.StandardListItem{\"title\":\"Cost Center\"}"}]}
RESULT: undefined
COMMAND: POST /session/0631827be0a93fac797ef22e97364bed/element - {"using":"xpath","value":"//*[@id=\"__item234\"]"}
RESULT: {"using":"xpath","value":"//*[@id=\"__item234\"]"}
COMMAND: POST /session/0631827be0a93fac797ef22e97364bed/element/f.1195843739892CF439726866CA7D4ED2.d.5C9091D12BDB5C7919C20C00B51D82A3.e.10607/click - {}
RESULT: {}
COMMAND: POST /session/0631827be0a93fac797ef22e97364bed/element - {"using":"xpath","value":"//input[@id=\"application-manageyards-display-component---NewYard--addressNewCostObjectCstID-inner\"]"}
COMMAND: GET /session/0631827be0a93fac797ef22e97364bed/screenshot - {}
RESULT: {"using":"xpath","value":"//input[@id=\"application-manageyards-display-component---NewYard--addressNewCostObjectCstID-inner\"]"}
COMMAND: POST /session/0631827be0a93fac797ef22e97364bed/element/f.1195843739892CF439726866CA7D4ED2.d.5C9091D12BDB5C7919C20C00B51D82A3.e.10412/clear - {}
RESULT: {}
COMMAND: POST /session/0631827be0a93fac797ef22e97364bed/element - {"using":"xpath","value":"//input[@id=\"application-manageyards-display-component---NewYard--addressNewCostObjectCstID-inner\"]"}
RESULT: {"using":"xpath","value":"//input[@id=\"application-manageyards-display-component---NewYard--addressNewCostObjectCstID-inner\"]"}
COMMAND: POST /session/0631827be0a93fac797ef22e97364bed/element/f.1195843739892CF439726866CA7D4ED2.d.5C9091D12BDB5C7919C20C00B51D82A3.e.10412/clear - {}
COMMAND: POST /session/0631827be0a93fac797ef22e97364bed/element - {"using":"xpath","value":"//input[@id=\"application-manageyards-display-component---NewYard--addressNewCostObjectCstID-inner\"]"}
RESULT: {"using":"xpath","value":"//input[@id=\"application-manageyards-display-component---NewYard--addressNewCostObjectCstID-inner\"]"}
COMMAND: POST /session/0631827be0a93fac797ef22e97364bed/element/f.1195843739892CF439726866CA7D4ED2.d.5C9091D12BDB5C7919C20C00B51D82A3.e.10610/clear - {}
COMMAND: POST /session/0631827be0a93fac797ef22e97364bed/element - {"using":"xpath","value":"//input[@id=\"application-manageyards-display-component---NewYard--addressNewCostObjectCstID-inner\"]"}
RESULT: {"using":"xpath","value":"//input[@id=\"application-manageyards-display-component---NewYard--addressNewCostObjectCstID-inner\"]"}
COMMAND: POST /session/0631827be0a93fac797ef22e97364bed/element/f.1195843739892CF439726866CA7D4ED2.d.5C9091D12BDB5C7919C20C00B51D82A3.e.10610/clear - {}
COMMAND: POST /session/0631827be0a93fac797ef22e97364bed/element - {"using":"xpath","value":"//input[@id=\"application-manageyards-display-component---NewYard--addressNewCostObjectCstID-inner\"]"}
RESULT: {"using":"xpath","value":"//input[@id=\"application-manageyards-display-component---NewYard--addressNewCostObjectCstID-inner\"]"}
COMMAND: POST /session/0631827be0a93fac797ef22e97364bed/element/f.1195843739892CF439726866CA7D4ED2.d.5C9091D12BDB5C7919C20C00B51D82A3.e.10612/clear - {}
RESULT: {}
COMMAND: POST /session/0631827be0a93fac797ef22e97364bed/element/f.1195843739892CF439726866CA7D4ED2.d.5C9091D12BDB5C7919C20C00B51D82A3.e.10612/value - {"text":"10001013"}
COMMAND: GET /session/0631827be0a93fac797ef22e97364bed/screenshot - {}
RESULT: {"text":"10001013"}
COMMAND: GET /session/0631827be0a93fac797ef22e97364bed/screenshot - {}
RESULT: {}
RESULT: {}
COMMAND: POST /session/0631827be0a93fac797ef22e97364bed/execute/async - {"script":"<script> [1562 bytes]","args":[{"selector":{"controlType":"sap.m.StandardListItem","viewName":"etm.portal.ui.manageyards.view.New","viewId":"application-manageyards-display-component---NewYard","properties":{"type":"Active"},"searchOpenDialogs":true,"interaction":{"idSuffix":"titleText"}},"wdio_ui5_key":"etmportal.ui.manageyards.view.Newsap.m.StandardListItem{\"type\":\"Active\"}"}]}
RESULT: {"script":"<script> [1562 bytes]","args":[{"selector":{"controlType":"sap.m.StandardListItem","viewName":"etm.portal.ui.manageyards.view.New","viewId":"application-manageyards-display-component---NewYard","properties":{"type":"Active"},"searchOpenDialogs":true,"interaction":{"idSuffix":"titleText"}},"wdio_ui5_key":"etmportal.ui.manageyards.view.Newsap.m.StandardListItem{\"type\":\"Active\"}"}]}
RESULT: undefined
COMMAND: POST /session/0631827be0a93fac797ef22e97364bed/element - {"using":"xpath","value":"//*[@id=\"__item339\"]"}
RESULT: {"using":"xpath","value":"//*[@id=\"__item339\"]"}
COMMAND: POST /session/0631827be0a93fac797ef22e97364bed/element/f.1195843739892CF439726866CA7D4ED2.d.5C9091D12BDB5C7919C20C00B51D82A3.e.10616/click - {}
RESULT: {}
COMMAND: POST /session/0631827be0a93fac797ef22e97364bed/execute/async - {"script":"<script> [1562 bytes]","args":[{"selector":{"id":"application-manageyards-display-component---NewYard--addressEditDetailsCurrency-arrow"},"wdio_ui5_key":"applicationmanageyards-display-component---NewYard--addressEditDetailsCurrency-arrow"}]}
COMMAND: GET /session/0631827be0a93fac797ef22e97364bed/screenshot - {}
RESULT: {"script":"<script> [1562 bytes]","args":[{"selector":{"id":"application-manageyards-display-component---NewYard--addressEditDetailsCurrency-arrow"},"wdio_ui5_key":"applicationmanageyards-display-component---NewYard--addressEditDetailsCurrency-arrow"}]}
RESULT: undefined
COMMAND: POST /session/0631827be0a93fac797ef22e97364bed/element - {"using":"xpath","value":"//*[@id=\"application-manageyards-display-component---NewYard--addressEditDetailsCurrency-arrow\"]"}
RESULT: {}
RESULT: {"using":"xpath","value":"//*[@id=\"application-manageyards-display-component---NewYard--addressEditDetailsCurrency-arrow\"]"}
COMMAND: POST /session/0631827be0a93fac797ef22e97364bed/element/f.1195843739892CF439726866CA7D4ED2.d.5C9091D12BDB5C7919C20C00B51D82A3.e.10618/click - {}
RESULT: {}
COMMAND: POST /session/0631827be0a93fac797ef22e97364bed/execute/async - {"script":"<script> [1562 bytes]","args":[{"selector":{"controlType":"sap.m.StandardListItem","viewName":"etm.portal.ui.manageyards.view.New","viewId":"application-manageyards-display-component---NewYard","properties":{"title":"Euro"},"searchOpenDialogs":true,"interaction":{"idSuffix":"content"}},"wdio_ui5_key":"etmportal.ui.manageyards.view.Newsap.m.StandardListItem{\"title\":\"Euro\"}"}]}
COMMAND: GET /session/0631827be0a93fac797ef22e97364bed/screenshot - {}
RESULT: {"script":"<script> [1562 bytes]","args":[{"selector":{"controlType":"sap.m.StandardListItem","viewName":"etm.portal.ui.manageyards.view.New","viewId":"application-manageyards-display-component---NewYard","properties":{"title":"Euro"},"searchOpenDialogs":true,"interaction":{"idSuffix":"content"}},"wdio_ui5_key":"etmportal.ui.manageyards.view.Newsap.m.StandardListItem{\"title\":\"Euro\"}"}]}
RESULT: undefined
COMMAND: POST /session/0631827be0a93fac797ef22e97364bed/element - {"using":"xpath","value":"//*[@id=\"__item340\"]"}
RESULT: {}
RESULT: {"using":"xpath","value":"//*[@id=\"__item340\"]"}
COMMAND: POST /session/0631827be0a93fac797ef22e97364bed/element/f.1195843739892CF439726866CA7D4ED2.d.5C9091D12BDB5C7919C20C00B51D82A3.e.10620/click - {}
RESULT: {}
COMMAND: POST /session/0631827be0a93fac797ef22e97364bed/execute/async - {"script":"<script> [1562 bytes]","args":[{"selector":{"controlType":"sap.m.Input","viewName":"etm.portal.ui.manageyards.view.New","viewId":"application-manageyards-display-component---NewYard","bindingPath":{"path":"","propertyPath":"/CONTROLLING_AREA","modelName":"NewYardModel"},"interaction":{"idSuffix":"inner"}},"wdio_ui5_key":"etmportal.ui.manageyards.view.Newsap.m.Input{\"path\":\"\",\"propertyPath\":\"/CONTROLLING_AREA\",\"modelName\":\"NewYardModel\"}"}]}
COMMAND: GET /session/0631827be0a93fac797ef22e97364bed/screenshot - {}
RESULT: {"script":"<script> [1562 bytes]","args":[{"selector":{"controlType":"sap.m.Input","viewName":"etm.portal.ui.manageyards.view.New","viewId":"application-manageyards-display-component---NewYard","bindingPath":{"path":"","propertyPath":"/CONTROLLING_AREA","modelName":"NewYardModel"},"interaction":{"idSuffix":"inner"}},"wdio_ui5_key":"etmportal.ui.manageyards.view.Newsap.m.Input{\"path\":\"\",\"propertyPath\":\"/CONTROLLING_AREA\",\"modelName\":\"NewYardModel\"}"}]}
RESULT: undefined
COMMAND: POST /session/0631827be0a93fac797ef22e97364bed/execute/async - {"script":"<script> [776 bytes]","args":[{"enterText":"Z001","selector":{"controlType":"sap.m.Input","viewName":"etm.portal.ui.manageyards.view.New","viewId":"application-manageyards-display-component---NewYard","bindingPath":{"path":"","propertyPath":"/CONTROLLING_AREA","modelName":"NewYardModel"},"interaction":{"idSuffix":"inner"}},"clearTextFirst":true,"interactionType":"ENTER_TEXT"}]}
RESULT: {}
RESULT: {"script":"<script> [776 bytes]","args":[{"enterText":"Z001","selector":{"controlType":"sap.m.Input","viewName":"etm.portal.ui.manageyards.view.New","viewId":"application-manageyards-display-component---NewYard","bindingPath":{"path":"","propertyPath":"/CONTROLLING_AREA","modelName":"NewYardModel"},"interaction":{"idSuffix":"inner"}},"clearTextFirst":true,"interactionType":"ENTER_TEXT"}]}
COMMAND: POST /session/0631827be0a93fac797ef22e97364bed/execute/async - {"script":"<script> [1562 bytes]","args":[{"selector":{"id":"application-manageyards-display-component---NewYard--companyCodeComboBox","interaction":{"idSuffix":"inner"}},"wdio_ui5_key":"applicationmanageyards-display-component---NewYard--companyCodeComboBox"}]}
RESULT: {"script":"<script> [1562 bytes]","args":[{"selector":{"id":"application-manageyards-display-component---NewYard--companyCodeComboBox","interaction":{"idSuffix":"inner"}},"wdio_ui5_key":"applicationmanageyards-display-component---NewYard--companyCodeComboBox"}]}
RESULT: undefined
COMMAND: POST /session/0631827be0a93fac797ef22e97364bed/execute/async - {"script":"<script> [776 bytes]","args":[{"enterText":"1000","selector":{"id":"application-manageyards-display-component---NewYard--companyCodeComboBox","interaction":{"idSuffix":"inner"}},"clearTextFirst":true,"interactionType":"ENTER_TEXT"}]}
RESULT: {"script":"<script> [776 bytes]","args":[{"enterText":"1000","selector":{"id":"application-manageyards-display-component---NewYard--companyCodeComboBox","interaction":{"idSuffix":"inner"}},"clearTextFirst":true,"interactionType":"ENTER_TEXT"}]}
COMMAND: POST /session/0631827be0a93fac797ef22e97364bed/execute/async - {"script":"<script> [1562 bytes]","args":[{"selector":{"controlType":"sap.m.Input","viewName":"etm.portal.ui.manageyards.view.New","viewId":"application-manageyards-display-component---NewYard","bindingPath":{"path":"","propertyPath":"/PLANT","modelName":"NewYardModel"},"interaction":{"idSuffix":"inner"}},"wdio_ui5_key":"etmportal.ui.manageyards.view.Newsap.m.Input{\"path\":\"\",\"propertyPath\":\"/PLANT\",\"modelName\":\"NewYardModel\"}"}]}
RESULT: {"script":"<script> [1562 bytes]","args":[{"selector":{"controlType":"sap.m.Input","viewName":"etm.portal.ui.manageyards.view.New","viewId":"application-manageyards-display-component---NewYard","bindingPath":{"path":"","propertyPath":"/PLANT","modelName":"NewYardModel"},"interaction":{"idSuffix":"inner"}},"wdio_ui5_key":"etmportal.ui.manageyards.view.Newsap.m.Input{\"path\":\"\",\"propertyPath\":\"/PLANT\",\"modelName\":\"NewYardModel\"}"}]}
RESULT: undefined
COMMAND: POST /session/0631827be0a93fac797ef22e97364bed/execute/async - {"script":"<script> [776 bytes]","args":[{"enterText":"1001","selector":{"controlType":"sap.m.Input","viewName":"etm.portal.ui.manageyards.view.New","viewId":"application-manageyards-display-component---NewYard","bindingPath":{"path":"","propertyPath":"/PLANT","modelName":"NewYardModel"},"interaction":{"idSuffix":"inner"}},"clearTextFirst":true,"interactionType":"ENTER_TEXT"}]}
RESULT: {"script":"<script> [776 bytes]","args":[{"enterText":"1001","selector":{"controlType":"sap.m.Input","viewName":"etm.portal.ui.manageyards.view.New","viewId":"application-manageyards-display-component---NewYard","bindingPath":{"path":"","propertyPath":"/PLANT","modelName":"NewYardModel"},"interaction":{"idSuffix":"inner"}},"clearTextFirst":true,"interactionType":"ENTER_TEXT"}]}
COMMAND: POST /session/0631827be0a93fac797ef22e97364bed/execute/async - {"script":"<script> [1562 bytes]","args":[{"selector":{"controlType":"sap.m.Input","viewName":"etm.portal.ui.manageyards.view.New","viewId":"application-manageyards-display-component---NewYard","bindingPath":{"path":"","propertyPath":"/SALES_AREA_VKORG","modelName":"NewYardModel"},"interaction":{"idSuffix":"inner"}},"wdio_ui5_key":"etmportal.ui.manageyards.view.Newsap.m.Input{\"path\":\"\",\"propertyPath\":\"/SALES_AREA_VKORG\",\"modelName\":\"NewYardModel\"}"}]}
RESULT: {"script":"<script> [1562 bytes]","args":[{"selector":{"controlType":"sap.m.Input","viewName":"etm.portal.ui.manageyards.view.New","viewId":"application-manageyards-display-component---NewYard","bindingPath":{"path":"","propertyPath":"/SALES_AREA_VKORG","modelName":"NewYardModel"},"interaction":{"idSuffix":"inner"}},"wdio_ui5_key":"etmportal.ui.manageyards.view.Newsap.m.Input{\"path\":\"\",\"propertyPath\":\"/SALES_AREA_VKORG\",\"modelName\":\"NewYardModel\"}"}]}
RESULT: undefined
COMMAND: POST /session/0631827be0a93fac797ef22e97364bed/execute/async - {"script":"<script> [776 bytes]","args":[{"enterText":"C002","selector":{"controlType":"sap.m.Input","viewName":"etm.portal.ui.manageyards.view.New","viewId":"application-manageyards-display-component---NewYard","bindingPath":{"path":"","propertyPath":"/SALES_AREA_VKORG","modelName":"NewYardModel"},"interaction":{"idSuffix":"inner"}},"clearTextFirst":true,"interactionType":"ENTER_TEXT"}]}
RESULT: {"script":"<script> [776 bytes]","args":[{"enterText":"C002","selector":{"controlType":"sap.m.Input","viewName":"etm.portal.ui.manageyards.view.New","viewId":"application-manageyards-display-component---NewYard","bindingPath":{"path":"","propertyPath":"/SALES_AREA_VKORG","modelName":"NewYardModel"},"interaction":{"idSuffix":"inner"}},"clearTextFirst":true,"interactionType":"ENTER_TEXT"}]}
COMMAND: POST /session/0631827be0a93fac797ef22e97364bed/execute/async - {"script":"<script> [1562 bytes]","args":[{"selector":{"controlType":"sap.m.Input","viewName":"etm.portal.ui.manageyards.view.New","viewId":"application-manageyards-display-component---NewYard","bindingPath":{"path":"","propertyPath":"/SALES_AREA_VTWEG","modelName":"NewYardModel"},"interaction":{"idSuffix":"inner"}},"wdio_ui5_key":"etmportal.ui.manageyards.view.Newsap.m.Input{\"path\":\"\",\"propertyPath\":\"/SALES_AREA_VTWEG\",\"modelName\":\"NewYardModel\"}"}]}
RESULT: {"script":"<script> [1562 bytes]","args":[{"selector":{"controlType":"sap.m.Input","viewName":"etm.portal.ui.manageyards.view.New","viewId":"application-manageyards-display-component---NewYard","bindingPath":{"path":"","propertyPath":"/SALES_AREA_VTWEG","modelName":"NewYardModel"},"interaction":{"idSuffix":"inner"}},"wdio_ui5_key":"etmportal.ui.manageyards.view.Newsap.m.Input{\"path\":\"\",\"propertyPath\":\"/SALES_AREA_VTWEG\",\"modelName\":\"NewYardModel\"}"}]}
RESULT: undefined
COMMAND: POST /session/0631827be0a93fac797ef22e97364bed/execute/async - {"script":"<script> [776 bytes]","args":[{"enterText":"C2","selector":{"controlType":"sap.m.Input","viewName":"etm.portal.ui.manageyards.view.New","viewId":"application-manageyards-display-component---NewYard","bindingPath":{"path":"","propertyPath":"/SALES_AREA_VTWEG","modelName":"NewYardModel"},"interaction":{"idSuffix":"inner"}},"clearTextFirst":true,"interactionType":"ENTER_TEXT"}]}
RESULT: {"script":"<script> [776 bytes]","args":[{"enterText":"C2","selector":{"controlType":"sap.m.Input","viewName":"etm.portal.ui.manageyards.view.New","viewId":"application-manageyards-display-component---NewYard","bindingPath":{"path":"","propertyPath":"/SALES_AREA_VTWEG","modelName":"NewYardModel"},"interaction":{"idSuffix":"inner"}},"clearTextFirst":true,"interactionType":"ENTER_TEXT"}]}
COMMAND: POST /session/0631827be0a93fac797ef22e97364bed/execute/async - {"script":"<script> [1562 bytes]","args":[{"selector":{"controlType":"sap.m.Input","viewName":"etm.portal.ui.manageyards.view.New","viewId":"application-manageyards-display-component---NewYard","bindingPath":{"path":"","propertyPath":"/SALES_AREA_SPART","modelName":"NewYardModel"},"interaction":{"idSuffix":"inner"}},"wdio_ui5_key":"etmportal.ui.manageyards.view.Newsap.m.Input{\"path\":\"\",\"propertyPath\":\"/SALES_AREA_SPART\",\"modelName\":\"NewYardModel\"}"}]}
RESULT: {"script":"<script> [1562 bytes]","args":[{"selector":{"controlType":"sap.m.Input","viewName":"etm.portal.ui.manageyards.view.New","viewId":"application-manageyards-display-component---NewYard","bindingPath":{"path":"","propertyPath":"/SALES_AREA_SPART","modelName":"NewYardModel"},"interaction":{"idSuffix":"inner"}},"wdio_ui5_key":"etmportal.ui.manageyards.view.Newsap.m.Input{\"path\":\"\",\"propertyPath\":\"/SALES_AREA_SPART\",\"modelName\":\"NewYardModel\"}"}]}
RESULT: undefined
COMMAND: POST /session/0631827be0a93fac797ef22e97364bed/execute/async - {"script":"<script> [776 bytes]","args":[{"enterText":"C2","selector":{"controlType":"sap.m.Input","viewName":"etm.portal.ui.manageyards.view.New","viewId":"application-manageyards-display-component---NewYard","bindingPath":{"path":"","propertyPath":"/SALES_AREA_SPART","modelName":"NewYardModel"},"interaction":{"idSuffix":"inner"}},"clearTextFirst":true,"interactionType":"ENTER_TEXT"}]}
RESULT: {"script":"<script> [776 bytes]","args":[{"enterText":"C2","selector":{"controlType":"sap.m.Input","viewName":"etm.portal.ui.manageyards.view.New","viewId":"application-manageyards-display-component---NewYard","bindingPath":{"path":"","propertyPath":"/SALES_AREA_SPART","modelName":"NewYardModel"},"interaction":{"idSuffix":"inner"}},"clearTextFirst":true,"interactionType":"ENTER_TEXT"}]}
COMMAND: POST /session/0631827be0a93fac797ef22e97364bed/execute/async - {"script":"<script> [1562 bytes]","args":[{"selector":{"controlType":"sap.m.Input","viewName":"etm.portal.ui.manageyards.view.New","viewId":"application-manageyards-display-component---NewYard","bindingPath":{"path":"","propertyPath":"/SHIP_POINT","modelName":"NewYardModel"},"interaction":{"idSuffix":"inner"}},"wdio_ui5_key":"etmportal.ui.manageyards.view.Newsap.m.Input{\"path\":\"\",\"propertyPath\":\"/SHIP_POINT\",\"modelName\":\"NewYardModel\"}"}]}
RESULT: {"script":"<script> [1562 bytes]","args":[{"selector":{"controlType":"sap.m.Input","viewName":"etm.portal.ui.manageyards.view.New","viewId":"application-manageyards-display-component---NewYard","bindingPath":{"path":"","propertyPath":"/SHIP_POINT","modelName":"NewYardModel"},"interaction":{"idSuffix":"inner"}},"wdio_ui5_key":"etmportal.ui.manageyards.view.Newsap.m.Input{\"path\":\"\",\"propertyPath\":\"/SHIP_POINT\",\"modelName\":\"NewYardModel\"}"}]}
RESULT: undefined
COMMAND: POST /session/0631827be0a93fac797ef22e97364bed/execute/async - {"script":"<script> [776 bytes]","args":[{"enterText":"1710","selector":{"controlType":"sap.m.Input","viewName":"etm.portal.ui.manageyards.view.New","viewId":"application-manageyards-display-component---NewYard","bindingPath":{"path":"","propertyPath":"/SHIP_POINT","modelName":"NewYardModel"},"interaction":{"idSuffix":"inner"}},"clearTextFirst":true,"interactionType":"ENTER_TEXT"}]}
RESULT: {"script":"<script> [776 bytes]","args":[{"enterText":"1710","selector":{"controlType":"sap.m.Input","viewName":"etm.portal.ui.manageyards.view.New","viewId":"application-manageyards-display-component---NewYard","bindingPath":{"path":"","propertyPath":"/SHIP_POINT","modelName":"NewYardModel"},"interaction":{"idSuffix":"inner"}},"clearTextFirst":true,"interactionType":"ENTER_TEXT"}]}
COMMAND: POST /session/0631827be0a93fac797ef22e97364bed/execute/async - {"script":"<script> [1562 bytes]","args":[{"selector":{"controlType":"sap.m.Input","viewName":"etm.portal.ui.manageyards.view.New","viewId":"application-manageyards-display-component---NewYard","bindingPath":{"path":"","propertyPath":"/DELIVERY_TYPE","modelName":"NewYardModel"},"interaction":{"idSuffix":"inner"}},"wdio_ui5_key":"etmportal.ui.manageyards.view.Newsap.m.Input{\"path\":\"\",\"propertyPath\":\"/DELIVERY_TYPE\",\"modelName\":\"NewYardModel\"}"}]}
RESULT: {"script":"<script> [1562 bytes]","args":[{"selector":{"controlType":"sap.m.Input","viewName":"etm.portal.ui.manageyards.view.New","viewId":"application-manageyards-display-component---NewYard","bindingPath":{"path":"","propertyPath":"/DELIVERY_TYPE","modelName":"NewYardModel"},"interaction":{"idSuffix":"inner"}},"wdio_ui5_key":"etmportal.ui.manageyards.view.Newsap.m.Input{\"path\":\"\",\"propertyPath\":\"/DELIVERY_TYPE\",\"modelName\":\"NewYardModel\"}"}]}
RESULT: undefined
COMMAND: POST /session/0631827be0a93fac797ef22e97364bed/execute/async - {"script":"<script> [776 bytes]","args":[{"enterText":"ZL01","selector":{"controlType":"sap.m.Input","viewName":"etm.portal.ui.manageyards.view.New","viewId":"application-manageyards-display-component---NewYard","bindingPath":{"path":"","propertyPath":"/DELIVERY_TYPE","modelName":"NewYardModel"},"interaction":{"idSuffix":"inner"}},"clearTextFirst":true,"interactionType":"ENTER_TEXT"}]}
RESULT: {"script":"<script> [776 bytes]","args":[{"enterText":"ZL01","selector":{"controlType":"sap.m.Input","viewName":"etm.portal.ui.manageyards.view.New","viewId":"application-manageyards-display-component---NewYard","bindingPath":{"path":"","propertyPath":"/DELIVERY_TYPE","modelName":"NewYardModel"},"interaction":{"idSuffix":"inner"}},"clearTextFirst":true,"interactionType":"ENTER_TEXT"}]}
COMMAND: POST /session/0631827be0a93fac797ef22e97364bed/execute/async - {"script":"<script> [1562 bytes]","args":[{"selector":{"controlType":"sap.m.Input","viewName":"etm.portal.ui.manageyards.view.New","viewId":"application-manageyards-display-component---NewYard","bindingPath":{"path":"","propertyPath":"/AUART","modelName":"NewYardModel"},"interaction":{"idSuffix":"inner"}},"wdio_ui5_key":"etmportal.ui.manageyards.view.Newsap.m.Input{\"path\":\"\",\"propertyPath\":\"/AUART\",\"modelName\":\"NewYardModel\"}"}]}
RESULT: {"script":"<script> [1562 bytes]","args":[{"selector":{"controlType":"sap.m.Input","viewName":"etm.portal.ui.manageyards.view.New","viewId":"application-manageyards-display-component---NewYard","bindingPath":{"path":"","propertyPath":"/AUART","modelName":"NewYardModel"},"interaction":{"idSuffix":"inner"}},"wdio_ui5_key":"etmportal.ui.manageyards.view.Newsap.m.Input{\"path\":\"\",\"propertyPath\":\"/AUART\",\"modelName\":\"NewYardModel\"}"}]}
RESULT: undefined
COMMAND: POST /session/0631827be0a93fac797ef22e97364bed/execute/async - {"script":"<script> [776 bytes]","args":[{"enterText":"TA","selector":{"controlType":"sap.m.Input","viewName":"etm.portal.ui.manageyards.view.New","viewId":"application-manageyards-display-component---NewYard","bindingPath":{"path":"","propertyPath":"/AUART","modelName":"NewYardModel"},"interaction":{"idSuffix":"inner"}},"clearTextFirst":true,"interactionType":"ENTER_TEXT"}]}
RESULT: {"script":"<script> [776 bytes]","args":[{"enterText":"TA","selector":{"controlType":"sap.m.Input","viewName":"etm.portal.ui.manageyards.view.New","viewId":"application-manageyards-display-component---NewYard","bindingPath":{"path":"","propertyPath":"/AUART","modelName":"NewYardModel"},"interaction":{"idSuffix":"inner"}},"clearTextFirst":true,"interactionType":"ENTER_TEXT"}]}
COMMAND: POST /session/0631827be0a93fac797ef22e97364bed/execute/async - {"script":"<script> [1562 bytes]","args":[{"selector":{"controlType":"sap.m.Button","viewName":"etm.portal.ui.manageyards.view.New","viewId":"application-manageyards-display-component---NewYard","i18NText":{"propertyName":"text","key":"save"},"interaction":{"idSuffix":"BDI-content"}},"wdio_ui5_key":"etmportal.ui.manageyards.view.Newsap.m.Button{\"propertyName\":\"text\",\"key\":\"save\"}"}]}
RESULT: {"script":"<script> [1562 bytes]","args":[{"selector":{"controlType":"sap.m.Button","viewName":"etm.portal.ui.manageyards.view.New","viewId":"application-manageyards-display-component---NewYard","i18NText":{"propertyName":"text","key":"save"},"interaction":{"idSuffix":"BDI-content"}},"wdio_ui5_key":"etmportal.ui.manageyards.view.Newsap.m.Button{\"propertyName\":\"text\",\"key\":\"save\"}"}]}
RESULT: undefined
COMMAND: POST /session/0631827be0a93fac797ef22e97364bed/element - {"using":"xpath","value":"//*[@id=\"__button18\"]"}
RESULT: {"using":"xpath","value":"//*[@id=\"__button18\"]"}
COMMAND: POST /session/0631827be0a93fac797ef22e97364bed/element/f.1195843739892CF439726866CA7D4ED2.d.5C9091D12BDB5C7919C20C00B51D82A3.e.10573/click - {}
RESULT: {}
COMMAND: GET /session/0631827be0a93fac797ef22e97364bed/screenshot - {}
RESULT: {}
COMMAND: POST /session/0631827be0a93fac797ef22e97364bed/execute/async - {"script":"<script> [1562 bytes]","args":[{"selector":{"controlType":"sap.m.Text","viewName":"etm.portal.ui.manageyards.view.Detail","viewId":"application-manageyards-display-component---detailYard","bindingPath":{"propertyPath":"ID","modelName":"catalogModel"}},"wdio_ui5_key":"etmportal.ui.manageyards.view.Detailsap.m.Text{\"propertyPath\":\"ID\",\"modelName\":\"catalogModel\"}"}]}
RESULT: {"script":"<script> [1562 bytes]","args":[{"selector":{"controlType":"sap.m.Text","viewName":"etm.portal.ui.manageyards.view.Detail","viewId":"application-manageyards-display-component---detailYard","bindingPath":{"propertyPath":"ID","modelName":"catalogModel"}},"wdio_ui5_key":"etmportal.ui.manageyards.view.Detailsap.m.Text{\"propertyPath\":\"ID\",\"modelName\":\"catalogModel\"}"}]}
RESULT: undefined
COMMAND: POST /session/0631827be0a93fac797ef22e97364bed/execute/async - {"script":"<script> [6424 bytes]","args":[{"element-6066-11e4-a52e-4f735466cecf":"f.1195843739892CF439726866CA7D4ED2.d.5C9091D12BDB5C7919C20C00B51D82A3.e.10823"},"getText",[]]}
RESULT: {"script":"<script> [6424 bytes]","args":[{"element-6066-11e4-a52e-4f735466cecf":"f.1195843739892CF439726866CA7D4ED2.d.5C9091D12BDB5C7919C20C00B51D82A3.e.10823"},"getText",[]]}
COMMAND: POST /session/0631827be0a93fac797ef22e97364bed/element - {"using":"css selector","value":"#shell-header-logo"}
RESULT: {"using":"css selector","value":"#shell-header-logo"}
COMMAND: POST /session/0631827be0a93fac797ef22e97364bed/element/f.1195843739892CF439726866CA7D4ED2.d.5C9091D12BDB5C7919C20C00B51D82A3.e.10131/click - {}
RESULT: {}
COMMAND: GET /session/0631827be0a93fac797ef22e97364bed/screenshot - {}
RESULT: {}
]]></system-out>
    </testcase>
    <testcase classname="chrome.135_0_7049_96.windows.Provide_to_Site_w/o_warehouse_management_w/o_clarification_US116612" name="Should create WHM site" time="52.179">
      <system-out><![CDATA[
COMMAND: POST /session/0631827be0a93fac797ef22e97364bed/execute/async - {"script":"<script> [1562 bytes]","args":[{"selector":{"controlType":"sap.m.GenericTile","properties":{"header":"Manage Sites"}},"wdio_ui5_key":"sapm.GenericTile{\"header\":\"Manage Sites\"}"}]}
RESULT: {"script":"<script> [1562 bytes]","args":[{"selector":{"controlType":"sap.m.GenericTile","properties":{"header":"Manage Sites"}},"wdio_ui5_key":"sapm.GenericTile{\"header\":\"Manage Sites\"}"}]}
RESULT: undefined
COMMAND: POST /session/0631827be0a93fac797ef22e97364bed/element - {"using":"xpath","value":"//*[@id=\"__tile40\"]"}
RESULT: {"using":"xpath","value":"//*[@id=\"__tile40\"]"}
COMMAND: POST /session/0631827be0a93fac797ef22e97364bed/element/f.1195843739892CF439726866CA7D4ED2.d.5C9091D12BDB5C7919C20C00B51D82A3.e.10825/click - {}
RESULT: {}
COMMAND: GET /session/0631827be0a93fac797ef22e97364bed/screenshot - {}
RESULT: {}
COMMAND: POST /session/0631827be0a93fac797ef22e97364bed/execute/async - {"script":"<script> [1562 bytes]","args":[{"selector":{"controlType":"sap.ui.core.Icon","viewName":"etm.portal.ui.managesites.view.Master","viewId":"application-managesites-display-component---masterSite","properties":{"src":{"regex":{"source":"add"}}}},"wdio_ui5_key":"etmportal.ui.managesites.view.Mastersap.ui.core.Icon{\"src\":{\"regex\":{\"source\":\"add\"}}}"}]}
RESULT: {"script":"<script> [1562 bytes]","args":[{"selector":{"controlType":"sap.ui.core.Icon","viewName":"etm.portal.ui.managesites.view.Master","viewId":"application-managesites-display-component---masterSite","properties":{"src":{"regex":{"source":"add"}}}},"wdio_ui5_key":"etmportal.ui.managesites.view.Mastersap.ui.core.Icon{\"src\":{\"regex\":{\"source\":\"add\"}}}"}]}
RESULT: undefined
COMMAND: POST /session/0631827be0a93fac797ef22e97364bed/element - {"using":"xpath","value":"//*[@id=\"__button64-img\"]"}
RESULT: {"using":"xpath","value":"//*[@id=\"__button64-img\"]"}
COMMAND: POST /session/0631827be0a93fac797ef22e97364bed/element/f.1195843739892CF439726866CA7D4ED2.d.5C9091D12BDB5C7919C20C00B51D82A3.e.10872/click - {}
RESULT: {}
COMMAND: GET /session/0631827be0a93fac797ef22e97364bed/screenshot - {}
RESULT: {}
COMMAND: POST /session/0631827be0a93fac797ef22e97364bed/execute/async - {"script":"<script> [1562 bytes]","args":[{"selector":{"controlType":"sap.m.Button","viewName":"etm.portal.ui.managesites.view.NewSmartSite","viewId":"application-managesites-display-component---NewSite","properties":{"text":"General Information"},"interaction":{"idSuffix":"BDI-content"}},"wdio_ui5_key":"etmportal.ui.managesites.view.NewSmartSitesap.m.Button{\"text\":\"General Information\"}"}]}
RESULT: {"script":"<script> [1562 bytes]","args":[{"selector":{"controlType":"sap.m.Button","viewName":"etm.portal.ui.managesites.view.NewSmartSite","viewId":"application-managesites-display-component---NewSite","properties":{"text":"General Information"},"interaction":{"idSuffix":"BDI-content"}},"wdio_ui5_key":"etmportal.ui.managesites.view.NewSmartSitesap.m.Button{\"text\":\"General Information\"}"}]}
RESULT: undefined
COMMAND: POST /session/0631827be0a93fac797ef22e97364bed/element - {"using":"xpath","value":"//*[@id=\"application-managesites-display-component---NewSite--ObjectPageLayout-anchBar-__section31-anchor\"]"}
RESULT: {"using":"xpath","value":"//*[@id=\"application-managesites-display-component---NewSite--ObjectPageLayout-anchBar-__section31-anchor\"]"}
COMMAND: POST /session/0631827be0a93fac797ef22e97364bed/element/f.1195843739892CF439726866CA7D4ED2.d.5C9091D12BDB5C7919C20C00B51D82A3.e.11439/click - {}
RESULT: {}
COMMAND: POST /session/0631827be0a93fac797ef22e97364bed/execute/async - {"script":"<script> [1562 bytes]","args":[{"selector":{"id":"application-managesites-display-component---NewSite--addressDetailDetailsName1","interaction":{"idSuffix":"inner"}},"wdio_ui5_key":"applicationmanagesites-display-component---NewSite--addressDetailDetailsName1"}]}
COMMAND: GET /session/0631827be0a93fac797ef22e97364bed/screenshot - {}
RESULT: {"script":"<script> [1562 bytes]","args":[{"selector":{"id":"application-managesites-display-component---NewSite--addressDetailDetailsName1","interaction":{"idSuffix":"inner"}},"wdio_ui5_key":"applicationmanagesites-display-component---NewSite--addressDetailDetailsName1"}]}
RESULT: undefined
COMMAND: POST /session/0631827be0a93fac797ef22e97364bed/execute/async - {"script":"<script> [776 bytes]","args":[{"enterText":"WDI5 WHM Site","selector":{"id":"application-managesites-display-component---NewSite--addressDetailDetailsName1","interaction":{"idSuffix":"inner"}},"clearTextFirst":true,"interactionType":"ENTER_TEXT"}]}
RESULT: {}
RESULT: {"script":"<script> [776 bytes]","args":[{"enterText":"WDI5 WHM Site","selector":{"id":"application-managesites-display-component---NewSite--addressDetailDetailsName1","interaction":{"idSuffix":"inner"}},"clearTextFirst":true,"interactionType":"ENTER_TEXT"}]}
COMMAND: POST /session/0631827be0a93fac797ef22e97364bed/execute/async - {"script":"<script> [1562 bytes]","args":[{"selector":{"id":"application-managesites-display-component---NewSite--addressDetailDetailsLanguage","interaction":{"idSuffix":"inner"}},"wdio_ui5_key":"applicationmanagesites-display-component---NewSite--addressDetailDetailsLanguage"}]}
RESULT: {"script":"<script> [1562 bytes]","args":[{"selector":{"id":"application-managesites-display-component---NewSite--addressDetailDetailsLanguage","interaction":{"idSuffix":"inner"}},"wdio_ui5_key":"applicationmanagesites-display-component---NewSite--addressDetailDetailsLanguage"}]}
RESULT: undefined
COMMAND: POST /session/0631827be0a93fac797ef22e97364bed/execute/async - {"script":"<script> [776 bytes]","args":[{"enterText":"Romanian","selector":{"id":"application-managesites-display-component---NewSite--addressDetailDetailsLanguage","interaction":{"idSuffix":"inner"}},"clearTextFirst":true,"interactionType":"ENTER_TEXT"}]}
RESULT: {"script":"<script> [776 bytes]","args":[{"enterText":"Romanian","selector":{"id":"application-managesites-display-component---NewSite--addressDetailDetailsLanguage","interaction":{"idSuffix":"inner"}},"clearTextFirst":true,"interactionType":"ENTER_TEXT"}]}
COMMAND: POST /session/0631827be0a93fac797ef22e97364bed/execute/async - {"script":"<script> [1562 bytes]","args":[{"selector":{"id":"application-managesites-display-component---NewSite--addressDetailDetailsCity1","interaction":{"idSuffix":"inner"}},"wdio_ui5_key":"applicationmanagesites-display-component---NewSite--addressDetailDetailsCity1"}]}
RESULT: {"script":"<script> [1562 bytes]","args":[{"selector":{"id":"application-managesites-display-component---NewSite--addressDetailDetailsCity1","interaction":{"idSuffix":"inner"}},"wdio_ui5_key":"applicationmanagesites-display-component---NewSite--addressDetailDetailsCity1"}]}
RESULT: undefined
COMMAND: POST /session/0631827be0a93fac797ef22e97364bed/execute/async - {"script":"<script> [776 bytes]","args":[{"enterText":"Bucharest","selector":{"id":"application-managesites-display-component---NewSite--addressDetailDetailsCity1","interaction":{"idSuffix":"inner"}},"clearTextFirst":true,"interactionType":"ENTER_TEXT"}]}
RESULT: {"script":"<script> [776 bytes]","args":[{"enterText":"Bucharest","selector":{"id":"application-managesites-display-component---NewSite--addressDetailDetailsCity1","interaction":{"idSuffix":"inner"}},"clearTextFirst":true,"interactionType":"ENTER_TEXT"}]}
COMMAND: POST /session/0631827be0a93fac797ef22e97364bed/execute/async - {"script":"<script> [1562 bytes]","args":[{"selector":{"id":"application-managesites-display-component---NewSite--addressDetailDetailsCountry","interaction":{"idSuffix":"inner"}},"wdio_ui5_key":"applicationmanagesites-display-component---NewSite--addressDetailDetailsCountry"}]}
RESULT: {"script":"<script> [1562 bytes]","args":[{"selector":{"id":"application-managesites-display-component---NewSite--addressDetailDetailsCountry","interaction":{"idSuffix":"inner"}},"wdio_ui5_key":"applicationmanagesites-display-component---NewSite--addressDetailDetailsCountry"}]}
RESULT: undefined
COMMAND: POST /session/0631827be0a93fac797ef22e97364bed/execute/async - {"script":"<script> [6424 bytes]","args":[{"element-6066-11e4-a52e-4f735466cecf":"f.1195843739892CF439726866CA7D4ED2.d.5C9091D12BDB5C7919C20C00B51D82A3.e.11231"},"setValue",["Romania"]]}
RESULT: {"script":"<script> [6424 bytes]","args":[{"element-6066-11e4-a52e-4f735466cecf":"f.1195843739892CF439726866CA7D4ED2.d.5C9091D12BDB5C7919C20C00B51D82A3.e.11231"},"setValue",["Romania"]]}
COMMAND: POST /session/0631827be0a93fac797ef22e97364bed/execute/async - {"script":"<script> [1562 bytes]","args":[{"selector":{"id":"application-managesites-display-component---NewSite--addressDetailDetailsCalendar","interaction":{"idSuffix":"inner"}},"wdio_ui5_key":"applicationmanagesites-display-component---NewSite--addressDetailDetailsCalendar"}]}
RESULT: {"script":"<script> [1562 bytes]","args":[{"selector":{"id":"application-managesites-display-component---NewSite--addressDetailDetailsCalendar","interaction":{"idSuffix":"inner"}},"wdio_ui5_key":"applicationmanagesites-display-component---NewSite--addressDetailDetailsCalendar"}]}
RESULT: undefined
COMMAND: POST /session/0631827be0a93fac797ef22e97364bed/execute/async - {"script":"<script> [776 bytes]","args":[{"enterText":"8 - Germany (Standard)","selector":{"id":"application-managesites-display-component---NewSite--addressDetailDetailsCalendar","interaction":{"idSuffix":"inner"}},"clearTextFirst":true,"interactionType":"ENTER_TEXT"}]}
RESULT: {"script":"<script> [776 bytes]","args":[{"enterText":"8 - Germany (Standard)","selector":{"id":"application-managesites-display-component---NewSite--addressDetailDetailsCalendar","interaction":{"idSuffix":"inner"}},"clearTextFirst":true,"interactionType":"ENTER_TEXT"}]}
COMMAND: POST /session/0631827be0a93fac797ef22e97364bed/element - {"using":"xpath","value":"//input[@id=\"application-managesites-display-component---NewSite--addressDetailDetailsYard-inner\"]"}
RESULT: {"using":"xpath","value":"//input[@id=\"application-managesites-display-component---NewSite--addressDetailDetailsYard-inner\"]"}
COMMAND: POST /session/0631827be0a93fac797ef22e97364bed/element/f.1195843739892CF439726866CA7D4ED2.d.5C9091D12BDB5C7919C20C00B51D82A3.e.11242/clear - {}
RESULT: {}
COMMAND: POST /session/0631827be0a93fac797ef22e97364bed/element/f.1195843739892CF439726866CA7D4ED2.d.5C9091D12BDB5C7919C20C00B51D82A3.e.11242/value - {"text":"468"}
COMMAND: GET /session/0631827be0a93fac797ef22e97364bed/screenshot - {}
RESULT: {}
RESULT: {"text":"468"}
COMMAND: GET /session/0631827be0a93fac797ef22e97364bed/screenshot - {}
RESULT: {}
COMMAND: POST /session/0631827be0a93fac797ef22e97364bed/execute/async - {"script":"<script> [1562 bytes]","args":[{"selector":{"controlType":"sap.m.Button","viewName":"etm.portal.ui.managesites.view.NewSmartSite","viewId":"application-managesites-display-component---NewSite","properties":{"text":"Commercial"},"interaction":{"idSuffix":"BDI-content"}},"wdio_ui5_key":"etmportal.ui.managesites.view.NewSmartSitesap.m.Button{\"text\":\"Commercial\"}"}]}
RESULT: {"script":"<script> [1562 bytes]","args":[{"selector":{"controlType":"sap.m.Button","viewName":"etm.portal.ui.managesites.view.NewSmartSite","viewId":"application-managesites-display-component---NewSite","properties":{"text":"Commercial"},"interaction":{"idSuffix":"BDI-content"}},"wdio_ui5_key":"etmportal.ui.managesites.view.NewSmartSitesap.m.Button{\"text\":\"Commercial\"}"}]}
RESULT: undefined
COMMAND: POST /session/0631827be0a93fac797ef22e97364bed/element - {"using":"xpath","value":"//*[@id=\"application-managesites-display-component---NewSite--ObjectPageLayout-anchBar-__section33-anchor\"]"}
RESULT: {"using":"xpath","value":"//*[@id=\"application-managesites-display-component---NewSite--ObjectPageLayout-anchBar-__section33-anchor\"]"}
COMMAND: POST /session/0631827be0a93fac797ef22e97364bed/element/f.1195843739892CF439726866CA7D4ED2.d.5C9091D12BDB5C7919C20C00B51D82A3.e.11448/click - {}
RESULT: {}
COMMAND: POST /session/0631827be0a93fac797ef22e97364bed/execute/async - {"script":"<script> [1562 bytes]","args":[{"selector":{"controlType":"sap.m.Button","viewName":"etm.portal.ui.managesites.view.NewSmartSite","viewId":"application-managesites-display-component---NewSite","i18NText":{"propertyName":"text","key":"save"},"interaction":{"idSuffix":"BDI-content"}},"wdio_ui5_key":"etmportal.ui.managesites.view.NewSmartSitesap.m.Button{\"propertyName\":\"text\",\"key\":\"save\"}"}]}
COMMAND: GET /session/0631827be0a93fac797ef22e97364bed/screenshot - {}
RESULT: {"script":"<script> [1562 bytes]","args":[{"selector":{"controlType":"sap.m.Button","viewName":"etm.portal.ui.managesites.view.NewSmartSite","viewId":"application-managesites-display-component---NewSite","i18NText":{"propertyName":"text","key":"save"},"interaction":{"idSuffix":"BDI-content"}},"wdio_ui5_key":"etmportal.ui.managesites.view.NewSmartSitesap.m.Button{\"propertyName\":\"text\",\"key\":\"save\"}"}]}
RESULT: undefined
COMMAND: POST /session/0631827be0a93fac797ef22e97364bed/element - {"using":"xpath","value":"//*[@id=\"__button76\"]"}
RESULT: {}
RESULT: {"using":"xpath","value":"//*[@id=\"__button76\"]"}
COMMAND: POST /session/0631827be0a93fac797ef22e97364bed/element/f.1195843739892CF439726866CA7D4ED2.d.5C9091D12BDB5C7919C20C00B51D82A3.e.11424/click - {}
RESULT: {}
COMMAND: GET /session/0631827be0a93fac797ef22e97364bed/screenshot - {}
RESULT: {}
COMMAND: POST /session/0631827be0a93fac797ef22e97364bed/execute/async - {"script":"<script> [1562 bytes]","args":[{"selector":{"controlType":"sap.m.Text","viewName":"etm.portal.ui.managesites.view.Detail","viewId":"application-managesites-display-component---detailSite","bindingPath":{"propertyPath":"ID","modelName":"catalogModel"}},"wdio_ui5_key":"etmportal.ui.managesites.view.Detailsap.m.Text{\"propertyPath\":\"ID\",\"modelName\":\"catalogModel\"}"}]}
RESULT: {"script":"<script> [1562 bytes]","args":[{"selector":{"controlType":"sap.m.Text","viewName":"etm.portal.ui.managesites.view.Detail","viewId":"application-managesites-display-component---detailSite","bindingPath":{"propertyPath":"ID","modelName":"catalogModel"}},"wdio_ui5_key":"etmportal.ui.managesites.view.Detailsap.m.Text{\"propertyPath\":\"ID\",\"modelName\":\"catalogModel\"}"}]}
RESULT: undefined
COMMAND: POST /session/0631827be0a93fac797ef22e97364bed/execute/async - {"script":"<script> [6424 bytes]","args":[{"element-6066-11e4-a52e-4f735466cecf":"f.1195843739892CF439726866CA7D4ED2.d.5C9091D12BDB5C7919C20C00B51D82A3.e.11648"},"getText",[]]}
RESULT: {"script":"<script> [6424 bytes]","args":[{"element-6066-11e4-a52e-4f735466cecf":"f.1195843739892CF439726866CA7D4ED2.d.5C9091D12BDB5C7919C20C00B51D82A3.e.11648"},"getText",[]]}
COMMAND: POST /session/0631827be0a93fac797ef22e97364bed/execute/async - {"script":"<script> [1562 bytes]","args":[{"selector":{"controlType":"sap.m.Label","viewName":"etm.portal.ui.managesites.view.Detail","viewId":"application-managesites-display-component---detailSite","i18NText":{"propertyName":"text","key":"status"}},"wdio_ui5_key":"etmportal.ui.managesites.view.Detailsap.m.Label{\"propertyName\":\"text\",\"key\":\"status\"}"}]}
RESULT: {"script":"<script> [1562 bytes]","args":[{"selector":{"controlType":"sap.m.Label","viewName":"etm.portal.ui.managesites.view.Detail","viewId":"application-managesites-display-component---detailSite","i18NText":{"propertyName":"text","key":"status"}},"wdio_ui5_key":"etmportal.ui.managesites.view.Detailsap.m.Label{\"propertyName\":\"text\",\"key\":\"status\"}"}]}
RESULT: undefined
COMMAND: POST /session/0631827be0a93fac797ef22e97364bed/execute/async - {"script":"<script> [6424 bytes]","args":[{"element-6066-11e4-a52e-4f735466cecf":"f.1195843739892CF439726866CA7D4ED2.d.5C9091D12BDB5C7919C20C00B51D82A3.e.11636"},"getText",[]]}
RESULT: {"script":"<script> [6424 bytes]","args":[{"element-6066-11e4-a52e-4f735466cecf":"f.1195843739892CF439726866CA7D4ED2.d.5C9091D12BDB5C7919C20C00B51D82A3.e.11636"},"getText",[]]}
RESULT: undefined
COMMAND: POST /session/0631827be0a93fac797ef22e97364bed/element - {"using":"xpath","value":"//*[@id=\"shell-header\"]"}
RESULT: {"using":"xpath","value":"//*[@id=\"shell-header\"]"}
COMMAND: POST /session/0631827be0a93fac797ef22e97364bed/element/f.1195843739892CF439726866CA7D4ED2.d.5C9091D12BDB5C7919C20C00B51D82A3.e.11649/click - {}
RESULT: {}
COMMAND: POST /session/0631827be0a93fac797ef22e97364bed/element - {"using":"css selector","value":"#shell-header-logo"}
COMMAND: GET /session/0631827be0a93fac797ef22e97364bed/screenshot - {}
RESULT: {"using":"css selector","value":"#shell-header-logo"}
COMMAND: POST /session/0631827be0a93fac797ef22e97364bed/element/f.1195843739892CF439726866CA7D4ED2.d.5C9091D12BDB5C7919C20C00B51D82A3.e.10828/click - {}
RESULT: {}
RESULT: {}
]]></system-out>
    </testcase>
    <testcase classname="chrome.135_0_7049_96.windows.Provide_to_Site_w/o_warehouse_management_w/o_clarification_US116612" name="Should create WHM Partner" time="61.655">
      <system-out><![CDATA[
COMMAND: POST /session/0631827be0a93fac797ef22e97364bed/execute/async - {"script":"<script> [1562 bytes]","args":[{"selector":{"controlType":"sap.m.GenericTile","properties":{"header":"Manage Partners"}},"wdio_ui5_key":"sapm.GenericTile{\"header\":\"Manage Partners\"}"}]}
COMMAND: GET /session/0631827be0a93fac797ef22e97364bed/screenshot - {}
RESULT: {"script":"<script> [1562 bytes]","args":[{"selector":{"controlType":"sap.m.GenericTile","properties":{"header":"Manage Partners"}},"wdio_ui5_key":"sapm.GenericTile{\"header\":\"Manage Partners\"}"}]}
RESULT: undefined
COMMAND: POST /session/0631827be0a93fac797ef22e97364bed/element - {"using":"xpath","value":"//*[@id=\"__tile38\"]"}
RESULT: {}
RESULT: {"using":"xpath","value":"//*[@id=\"__tile38\"]"}
COMMAND: POST /session/0631827be0a93fac797ef22e97364bed/element/f.1195843739892CF439726866CA7D4ED2.d.5C9091D12BDB5C7919C20C00B51D82A3.e.11655/click - {}
RESULT: {}
COMMAND: GET /session/0631827be0a93fac797ef22e97364bed/screenshot - {}
COMMAND: POST /session/0631827be0a93fac797ef22e97364bed/element - {"using":"xpath","value":"//button[(@data-kt = 'addButton')]"}
RESULT: {}
RESULT: {"using":"xpath","value":"//button[(@data-kt = 'addButton')]"}
COMMAND: POST /session/0631827be0a93fac797ef22e97364bed/elements - {"using":"xpath","value":"//button[(@data-kt = 'addButton')]"}
RESULT: {"using":"xpath","value":"//button[(@data-kt = 'addButton')]"}
COMMAND: POST /session/0631827be0a93fac797ef22e97364bed/elements - {"using":"xpath","value":"//button[(@data-kt = 'addButton')]"}
RESULT: {"using":"xpath","value":"//button[(@data-kt = 'addButton')]"}
COMMAND: POST /session/0631827be0a93fac797ef22e97364bed/element - {"using":"xpath","value":"//button[(@data-kt = 'addButton')]"}
RESULT: {"using":"xpath","value":"//button[(@data-kt = 'addButton')]"}
COMMAND: POST /session/0631827be0a93fac797ef22e97364bed/element/f.1195843739892CF439726866CA7D4ED2.d.5C9091D12BDB5C7919C20C00B51D82A3.e.11690/click - {}
RESULT: {}
COMMAND: POST /session/0631827be0a93fac797ef22e97364bed/execute/async - {"script":"<script> [1562 bytes]","args":[{"selector":{"id":"application-managepartners-display-component---NewPartner--addressDetailDetailsName1","interaction":{"idSuffix":"inner"}},"wdio_ui5_key":"applicationmanagepartners-display-component---NewPartner--addressDetailDetailsName1"}]}
COMMAND: GET /session/0631827be0a93fac797ef22e97364bed/screenshot - {}
RESULT: {"script":"<script> [1562 bytes]","args":[{"selector":{"id":"application-managepartners-display-component---NewPartner--addressDetailDetailsName1","interaction":{"idSuffix":"inner"}},"wdio_ui5_key":"applicationmanagepartners-display-component---NewPartner--addressDetailDetailsName1"}]}
RESULT: undefined
COMMAND: POST /session/0631827be0a93fac797ef22e97364bed/execute/async - {"script":"<script> [776 bytes]","args":[{"enterText":"WDI5-Partners","selector":{"id":"application-managepartners-display-component---NewPartner--addressDetailDetailsName1","interaction":{"idSuffix":"inner"}},"clearTextFirst":true,"interactionType":"ENTER_TEXT"}]}
RESULT: {}
RESULT: {"script":"<script> [776 bytes]","args":[{"enterText":"WDI5-Partners","selector":{"id":"application-managepartners-display-component---NewPartner--addressDetailDetailsName1","interaction":{"idSuffix":"inner"}},"clearTextFirst":true,"interactionType":"ENTER_TEXT"}]}
COMMAND: POST /session/0631827be0a93fac797ef22e97364bed/execute/async - {"script":"<script> [1562 bytes]","args":[{"selector":{"id":"application-managepartners-display-component---NewPartner--addressDetailDetailsLanguage-arrow"},"wdio_ui5_key":"applicationmanagepartners-display-component---NewPartner--addressDetailDetailsLanguage-arrow"}]}
RESULT: {"script":"<script> [1562 bytes]","args":[{"selector":{"id":"application-managepartners-display-component---NewPartner--addressDetailDetailsLanguage-arrow"},"wdio_ui5_key":"applicationmanagepartners-display-component---NewPartner--addressDetailDetailsLanguage-arrow"}]}
RESULT: undefined
COMMAND: POST /session/0631827be0a93fac797ef22e97364bed/element - {"using":"xpath","value":"//*[@id=\"application-managepartners-display-component---NewPartner--addressDetailDetailsLanguage-arrow\"]"}
RESULT: {"using":"xpath","value":"//*[@id=\"application-managepartners-display-component---NewPartner--addressDetailDetailsLanguage-arrow\"]"}
COMMAND: POST /session/0631827be0a93fac797ef22e97364bed/element/f.1195843739892CF439726866CA7D4ED2.d.5C9091D12BDB5C7919C20C00B51D82A3.e.12120/click - {}
RESULT: {}
COMMAND: POST /session/0631827be0a93fac797ef22e97364bed/execute/async - {"script":"<script> [1562 bytes]","args":[{"selector":{"controlType":"sap.m.StandardListItem","viewName":"etm.portal.ui.managepartners.view.NewPartner","viewId":"application-managepartners-display-component---NewPartner","properties":{"title":"English"},"searchOpenDialogs":true,"interaction":{"idSuffix":"content"}},"wdio_ui5_key":"etmportal.ui.managepartners.view.NewPartnersap.m.StandardListItem{\"title\":\"English\"}"}]}
COMMAND: GET /session/0631827be0a93fac797ef22e97364bed/screenshot - {}
RESULT: {"script":"<script> [1562 bytes]","args":[{"selector":{"controlType":"sap.m.StandardListItem","viewName":"etm.portal.ui.managepartners.view.NewPartner","viewId":"application-managepartners-display-component---NewPartner","properties":{"title":"English"},"searchOpenDialogs":true,"interaction":{"idSuffix":"content"}},"wdio_ui5_key":"etmportal.ui.managepartners.view.NewPartnersap.m.StandardListItem{\"title\":\"English\"}"}]}
RESULT: undefined
COMMAND: POST /session/0631827be0a93fac797ef22e97364bed/element - {"using":"xpath","value":"//*[@id=\"__item1090\"]"}
RESULT: {}
RESULT: {"using":"xpath","value":"//*[@id=\"__item1090\"]"}
COMMAND: POST /session/0631827be0a93fac797ef22e97364bed/element/f.1195843739892CF439726866CA7D4ED2.d.5C9091D12BDB5C7919C20C00B51D82A3.e.12122/click - {}
RESULT: {}
COMMAND: POST /session/0631827be0a93fac797ef22e97364bed/execute/async - {"script":"<script> [1562 bytes]","args":[{"selector":{"id":"application-managepartners-display-component---NewPartner--addressDetailDetailsCity1","interaction":{"idSuffix":"inner"}},"wdio_ui5_key":"applicationmanagepartners-display-component---NewPartner--addressDetailDetailsCity1"}]}
COMMAND: GET /session/0631827be0a93fac797ef22e97364bed/screenshot - {}
RESULT: {"script":"<script> [1562 bytes]","args":[{"selector":{"id":"application-managepartners-display-component---NewPartner--addressDetailDetailsCity1","interaction":{"idSuffix":"inner"}},"wdio_ui5_key":"applicationmanagepartners-display-component---NewPartner--addressDetailDetailsCity1"}]}
RESULT: undefined
COMMAND: POST /session/0631827be0a93fac797ef22e97364bed/execute/async - {"script":"<script> [776 bytes]","args":[{"enterText":"Bangalore","selector":{"id":"application-managepartners-display-component---NewPartner--addressDetailDetailsCity1","interaction":{"idSuffix":"inner"}},"clearTextFirst":true,"interactionType":"ENTER_TEXT"}]}
RESULT: {}
RESULT: {"script":"<script> [776 bytes]","args":[{"enterText":"Bangalore","selector":{"id":"application-managepartners-display-component---NewPartner--addressDetailDetailsCity1","interaction":{"idSuffix":"inner"}},"clearTextFirst":true,"interactionType":"ENTER_TEXT"}]}
COMMAND: POST /session/0631827be0a93fac797ef22e97364bed/execute/async - {"script":"<script> [1562 bytes]","args":[{"selector":{"id":"application-managepartners-display-component---NewPartner--addressDetailDetailsCountry-arrow"},"wdio_ui5_key":"applicationmanagepartners-display-component---NewPartner--addressDetailDetailsCountry-arrow"}]}
RESULT: {"script":"<script> [1562 bytes]","args":[{"selector":{"id":"application-managepartners-display-component---NewPartner--addressDetailDetailsCountry-arrow"},"wdio_ui5_key":"applicationmanagepartners-display-component---NewPartner--addressDetailDetailsCountry-arrow"}]}
RESULT: undefined
COMMAND: POST /session/0631827be0a93fac797ef22e97364bed/element - {"using":"xpath","value":"//*[@id=\"application-managepartners-display-component---NewPartner--addressDetailDetailsCountry-arrow\"]"}
RESULT: {"using":"xpath","value":"//*[@id=\"application-managepartners-display-component---NewPartner--addressDetailDetailsCountry-arrow\"]"}
COMMAND: POST /session/0631827be0a93fac797ef22e97364bed/element/f.1195843739892CF439726866CA7D4ED2.d.5C9091D12BDB5C7919C20C00B51D82A3.e.12124/click - {}
RESULT: {}
COMMAND: POST /session/0631827be0a93fac797ef22e97364bed/execute/async - {"script":"<script> [1562 bytes]","args":[{"selector":{"id":"application-managepartners-display-component---NewPartner--addressDetailDetailsCountry","interaction":{"idSuffix":"inner"}},"wdio_ui5_key":"applicationmanagepartners-display-component---NewPartner--addressDetailDetailsCountry"}]}
COMMAND: GET /session/0631827be0a93fac797ef22e97364bed/screenshot - {}
RESULT: {"script":"<script> [1562 bytes]","args":[{"selector":{"id":"application-managepartners-display-component---NewPartner--addressDetailDetailsCountry","interaction":{"idSuffix":"inner"}},"wdio_ui5_key":"applicationmanagepartners-display-component---NewPartner--addressDetailDetailsCountry"}]}
RESULT: undefined
COMMAND: POST /session/0631827be0a93fac797ef22e97364bed/execute/async - {"script":"<script> [776 bytes]","args":[{"enterText":"India","selector":{"id":"application-managepartners-display-component---NewPartner--addressDetailDetailsCountry","interaction":{"idSuffix":"inner"}},"clearTextFirst":true,"interactionType":"ENTER_TEXT"}]}
RESULT: {}
RESULT: {"script":"<script> [776 bytes]","args":[{"enterText":"India","selector":{"id":"application-managepartners-display-component---NewPartner--addressDetailDetailsCountry","interaction":{"idSuffix":"inner"}},"clearTextFirst":true,"interactionType":"ENTER_TEXT"}]}
COMMAND: POST /session/0631827be0a93fac797ef22e97364bed/execute/async - {"script":"<script> [1562 bytes]","args":[{"selector":{"controlType":"sap.m.StandardListItem","viewName":"etm.portal.ui.managepartners.view.NewPartner","viewId":"application-managepartners-display-component---NewPartner","properties":{"title":"India"},"searchOpenDialogs":true,"interaction":{"idSuffix":"content"}},"wdio_ui5_key":"etmportal.ui.managepartners.view.NewPartnersap.m.StandardListItem{\"title\":\"India\"}"}]}
RESULT: {"script":"<script> [1562 bytes]","args":[{"selector":{"controlType":"sap.m.StandardListItem","viewName":"etm.portal.ui.managepartners.view.NewPartner","viewId":"application-managepartners-display-component---NewPartner","properties":{"title":"India"},"searchOpenDialogs":true,"interaction":{"idSuffix":"content"}},"wdio_ui5_key":"etmportal.ui.managepartners.view.NewPartnersap.m.StandardListItem{\"title\":\"India\"}"}]}
RESULT: undefined
COMMAND: POST /session/0631827be0a93fac797ef22e97364bed/execute/async - {"script":"<script> [1562 bytes]","args":[{"selector":{"controlType":"sap.m.Button","viewName":"etm.portal.ui.managepartners.view.NewPartner","viewId":"application-managepartners-display-component---NewPartner","properties":{"text":"Commercial"},"interaction":{"idSuffix":"BDI-content"}},"wdio_ui5_key":"etmportal.ui.managepartners.view.NewPartnersap.m.Button{\"text\":\"Commercial\"}"}]}
RESULT: {"script":"<script> [1562 bytes]","args":[{"selector":{"controlType":"sap.m.Button","viewName":"etm.portal.ui.managepartners.view.NewPartner","viewId":"application-managepartners-display-component---NewPartner","properties":{"text":"Commercial"},"interaction":{"idSuffix":"BDI-content"}},"wdio_ui5_key":"etmportal.ui.managepartners.view.NewPartnersap.m.Button{\"text\":\"Commercial\"}"}]}
RESULT: undefined
COMMAND: POST /session/0631827be0a93fac797ef22e97364bed/element - {"using":"xpath","value":"//*[@id=\"application-managepartners-display-component---NewPartner--ObjectPageLayout-anchBar-__section57-anchor\"]"}
RESULT: {"using":"xpath","value":"//*[@id=\"application-managepartners-display-component---NewPartner--ObjectPageLayout-anchBar-__section57-anchor\"]"}
COMMAND: POST /session/0631827be0a93fac797ef22e97364bed/element/f.1195843739892CF439726866CA7D4ED2.d.5C9091D12BDB5C7919C20C00B51D82A3.e.12129/click - {}
RESULT: {}
COMMAND: POST /session/0631827be0a93fac797ef22e97364bed/execute/async - {"script":"<script> [1562 bytes]","args":[{"selector":{"id":"application-managepartners-display-component---NewPartner--partnerDetailInternal-arrow"},"wdio_ui5_key":"applicationmanagepartners-display-component---NewPartner--partnerDetailInternal-arrow"}]}
COMMAND: GET /session/0631827be0a93fac797ef22e97364bed/screenshot - {}
RESULT: {"script":"<script> [1562 bytes]","args":[{"selector":{"id":"application-managepartners-display-component---NewPartner--partnerDetailInternal-arrow"},"wdio_ui5_key":"applicationmanagepartners-display-component---NewPartner--partnerDetailInternal-arrow"}]}
RESULT: undefined
COMMAND: POST /session/0631827be0a93fac797ef22e97364bed/element - {"using":"xpath","value":"//*[@id=\"application-managepartners-display-component---NewPartner--partnerDetailInternal-arrow\"]"}
RESULT: {}
RESULT: {"using":"xpath","value":"//*[@id=\"application-managepartners-display-component---NewPartner--partnerDetailInternal-arrow\"]"}
COMMAND: POST /session/0631827be0a93fac797ef22e97364bed/element/f.1195843739892CF439726866CA7D4ED2.d.5C9091D12BDB5C7919C20C00B51D82A3.e.12134/click - {}
RESULT: {}
COMMAND: POST /session/0631827be0a93fac797ef22e97364bed/execute/async - {"script":"<script> [1562 bytes]","args":[{"selector":{"controlType":"sap.m.StandardListItem","viewName":"etm.portal.ui.managepartners.view.NewPartner","viewId":"application-managepartners-display-component---NewPartner","properties":{"title":"External partner"},"searchOpenDialogs":true,"interaction":{"idSuffix":"content"}},"wdio_ui5_key":"etmportal.ui.managepartners.view.NewPartnersap.m.StandardListItem{\"title\":\"External partner\"}"}]}
COMMAND: GET /session/0631827be0a93fac797ef22e97364bed/screenshot - {}
RESULT: {"script":"<script> [1562 bytes]","args":[{"selector":{"controlType":"sap.m.StandardListItem","viewName":"etm.portal.ui.managepartners.view.NewPartner","viewId":"application-managepartners-display-component---NewPartner","properties":{"title":"External partner"},"searchOpenDialogs":true,"interaction":{"idSuffix":"content"}},"wdio_ui5_key":"etmportal.ui.managepartners.view.NewPartnersap.m.StandardListItem{\"title\":\"External partner\"}"}]}
RESULT: undefined
COMMAND: POST /session/0631827be0a93fac797ef22e97364bed/element - {"using":"xpath","value":"//*[@id=\"__item1224\"]"}
RESULT: {}
RESULT: {"using":"xpath","value":"//*[@id=\"__item1224\"]"}
COMMAND: POST /session/0631827be0a93fac797ef22e97364bed/element/f.1195843739892CF439726866CA7D4ED2.d.5C9091D12BDB5C7919C20C00B51D82A3.e.12138/click - {}
RESULT: {}
COMMAND: POST /session/0631827be0a93fac797ef22e97364bed/execute/async - {"script":"<script> [1562 bytes]","args":[{"selector":{"id":"application-managepartners-display-component---NewPartner--partnerDetailsCurrency-arrow"},"wdio_ui5_key":"applicationmanagepartners-display-component---NewPartner--partnerDetailsCurrency-arrow"}]}
COMMAND: GET /session/0631827be0a93fac797ef22e97364bed/screenshot - {}
RESULT: {"script":"<script> [1562 bytes]","args":[{"selector":{"id":"application-managepartners-display-component---NewPartner--partnerDetailsCurrency-arrow"},"wdio_ui5_key":"applicationmanagepartners-display-component---NewPartner--partnerDetailsCurrency-arrow"}]}
RESULT: undefined
COMMAND: POST /session/0631827be0a93fac797ef22e97364bed/element - {"using":"xpath","value":"//*[@id=\"application-managepartners-display-component---NewPartner--partnerDetailsCurrency-arrow\"]"}
RESULT: {}
RESULT: {"using":"xpath","value":"//*[@id=\"application-managepartners-display-component---NewPartner--partnerDetailsCurrency-arrow\"]"}
COMMAND: POST /session/0631827be0a93fac797ef22e97364bed/element/f.1195843739892CF439726866CA7D4ED2.d.5C9091D12BDB5C7919C20C00B51D82A3.e.12143/click - {}
RESULT: {}
COMMAND: POST /session/0631827be0a93fac797ef22e97364bed/execute/async - {"script":"<script> [1562 bytes]","args":[{"selector":{"controlType":"sap.m.StandardListItem","viewName":"etm.portal.ui.managepartners.view.NewPartner","viewId":"application-managepartners-display-component---NewPartner","properties":{"title":"Euro"},"searchOpenDialogs":true,"interaction":{"idSuffix":"content"}},"wdio_ui5_key":"etmportal.ui.managepartners.view.NewPartnersap.m.StandardListItem{\"title\":\"Euro\"}"}]}
COMMAND: GET /session/0631827be0a93fac797ef22e97364bed/screenshot - {}
RESULT: {"script":"<script> [1562 bytes]","args":[{"selector":{"controlType":"sap.m.StandardListItem","viewName":"etm.portal.ui.managepartners.view.NewPartner","viewId":"application-managepartners-display-component---NewPartner","properties":{"title":"Euro"},"searchOpenDialogs":true,"interaction":{"idSuffix":"content"}},"wdio_ui5_key":"etmportal.ui.managepartners.view.NewPartnersap.m.StandardListItem{\"title\":\"Euro\"}"}]}
RESULT: undefined
COMMAND: POST /session/0631827be0a93fac797ef22e97364bed/element - {"using":"xpath","value":"//*[@id=\"__item1226\"]"}
RESULT: {}
RESULT: {"using":"xpath","value":"//*[@id=\"__item1226\"]"}
COMMAND: POST /session/0631827be0a93fac797ef22e97364bed/element/f.1195843739892CF439726866CA7D4ED2.d.5C9091D12BDB5C7919C20C00B51D82A3.e.12145/click - {}
RESULT: {}
COMMAND: POST /session/0631827be0a93fac797ef22e97364bed/execute/async - {"script":"<script> [1562 bytes]","args":[{"selector":{"controlType":"sap.m.Button","viewName":"etm.portal.ui.managepartners.view.NewPartner","viewId":"application-managepartners-display-component---NewPartner","properties":{"text":"Assignments"},"interaction":{"idSuffix":"BDI-content"}},"wdio_ui5_key":"etmportal.ui.managepartners.view.NewPartnersap.m.Button{\"text\":\"Assignments\"}"}]}
COMMAND: GET /session/0631827be0a93fac797ef22e97364bed/screenshot - {}
RESULT: {"script":"<script> [1562 bytes]","args":[{"selector":{"controlType":"sap.m.Button","viewName":"etm.portal.ui.managepartners.view.NewPartner","viewId":"application-managepartners-display-component---NewPartner","properties":{"text":"Assignments"},"interaction":{"idSuffix":"BDI-content"}},"wdio_ui5_key":"etmportal.ui.managepartners.view.NewPartnersap.m.Button{\"text\":\"Assignments\"}"}]}
RESULT: undefined
COMMAND: POST /session/0631827be0a93fac797ef22e97364bed/element - {"using":"xpath","value":"//*[@id=\"application-managepartners-display-component---NewPartner--ObjectPageLayout-anchBar-__section61-anchor\"]"}
RESULT: {}
RESULT: {"using":"xpath","value":"//*[@id=\"application-managepartners-display-component---NewPartner--ObjectPageLayout-anchBar-__section61-anchor\"]"}
COMMAND: POST /session/0631827be0a93fac797ef22e97364bed/element/f.1195843739892CF439726866CA7D4ED2.d.5C9091D12BDB5C7919C20C00B51D82A3.e.12147/click - {}
RESULT: {}
COMMAND: POST /session/0631827be0a93fac797ef22e97364bed/execute/async - {"script":"<script> [1562 bytes]","args":[{"selector":{"id":"application-managepartners-display-component---NewPartner--btnAddTableRow","interaction":{"idSuffix":"inner"}},"wdio_ui5_key":"applicationmanagepartners-display-component---NewPartner--btnAddTableRow"}]}
COMMAND: GET /session/0631827be0a93fac797ef22e97364bed/screenshot - {}
RESULT: {"script":"<script> [1562 bytes]","args":[{"selector":{"id":"application-managepartners-display-component---NewPartner--btnAddTableRow","interaction":{"idSuffix":"inner"}},"wdio_ui5_key":"applicationmanagepartners-display-component---NewPartner--btnAddTableRow"}]}
RESULT: undefined
COMMAND: POST /session/0631827be0a93fac797ef22e97364bed/element - {"using":"xpath","value":"//*[@id=\"application-managepartners-display-component---NewPartner--btnAddTableRow\"]"}
RESULT: {}
RESULT: {"using":"xpath","value":"//*[@id=\"application-managepartners-display-component---NewPartner--btnAddTableRow\"]"}
COMMAND: POST /session/0631827be0a93fac797ef22e97364bed/element/f.1195843739892CF439726866CA7D4ED2.d.5C9091D12BDB5C7919C20C00B51D82A3.e.12152/click - {}
RESULT: {}
COMMAND: POST /session/0631827be0a93fac797ef22e97364bed/element - {"using":"css selector","value":"#application-managepartners-display-component---NewPartner--assignmentYard-application-managepartners-display-component---NewPartner--assignmentsTable-0-inner"}
COMMAND: GET /session/0631827be0a93fac797ef22e97364bed/screenshot - {}
RESULT: {"using":"css selector","value":"#application-managepartners-display-component---NewPartner--assignmentYard-application-managepartners-display-component---NewPartner--assignmentsTable-0-inner"}
COMMAND: POST /session/0631827be0a93fac797ef22e97364bed/element/f.1195843739892CF439726866CA7D4ED2.d.5C9091D12BDB5C7919C20C00B51D82A3.e.12154/clear - {}
RESULT: {}
RESULT: {}
COMMAND: POST /session/0631827be0a93fac797ef22e97364bed/element/f.1195843739892CF439726866CA7D4ED2.d.5C9091D12BDB5C7919C20C00B51D82A3.e.12154/value - {"text":"468"}
COMMAND: GET /session/0631827be0a93fac797ef22e97364bed/screenshot - {}
RESULT: {"text":"468"}
COMMAND: POST /session/0631827be0a93fac797ef22e97364bed/execute/async - {"script":"<script> [1562 bytes]","args":[{"selector":{"id":"application-managepartners-display-component---NewPartner--assignmentYard-application-managepartners-display-component---NewPartner--assignmentsTable-0-arrow"},"wdio_ui5_key":"applicationmanagepartners-display-component---NewPartner--assignmentYard-application-managepartners-display-component---NewPartner--assignmentsTable-0-arrow"}]}
COMMAND: GET /session/0631827be0a93fac797ef22e97364bed/screenshot - {}
RESULT: {}
RESULT: {"script":"<script> [1562 bytes]","args":[{"selector":{"id":"application-managepartners-display-component---NewPartner--assignmentYard-application-managepartners-display-component---NewPartner--assignmentsTable-0-arrow"},"wdio_ui5_key":"applicationmanagepartners-display-component---NewPartner--assignmentYard-application-managepartners-display-component---NewPartner--assignmentsTable-0-arrow"}]}
RESULT: undefined
COMMAND: POST /session/0631827be0a93fac797ef22e97364bed/element - {"using":"xpath","value":"//*[@id=\"application-managepartners-display-component---NewPartner--assignmentYard-application-managepartners-display-component---NewPartner--assignmentsTable-0-arrow\"]"}
RESULT: {}
RESULT: {"using":"xpath","value":"//*[@id=\"application-managepartners-display-component---NewPartner--assignmentYard-application-managepartners-display-component---NewPartner--assignmentsTable-0-arrow\"]"}
COMMAND: POST /session/0631827be0a93fac797ef22e97364bed/element/f.1195843739892CF439726866CA7D4ED2.d.5C9091D12BDB5C7919C20C00B51D82A3.e.12162/click - {}
RESULT: {}
COMMAND: GET /session/0631827be0a93fac797ef22e97364bed/screenshot - {}
RESULT: {}
COMMAND: POST /session/0631827be0a93fac797ef22e97364bed/execute/async - {"script":"<script> [1562 bytes]","args":[{"selector":{"controlType":"sap.m.Button","viewName":"etm.portal.ui.managepartners.view.NewPartner","viewId":"application-managepartners-display-component---NewPartner","i18NText":{"propertyName":"text","key":"save"},"interaction":{"idSuffix":"BDI-content"}},"wdio_ui5_key":"etmportal.ui.managepartners.view.NewPartnersap.m.Button{\"propertyName\":\"text\",\"key\":\"save\"}"}]}
RESULT: {"script":"<script> [1562 bytes]","args":[{"selector":{"controlType":"sap.m.Button","viewName":"etm.portal.ui.managepartners.view.NewPartner","viewId":"application-managepartners-display-component---NewPartner","i18NText":{"propertyName":"text","key":"save"},"interaction":{"idSuffix":"BDI-content"}},"wdio_ui5_key":"etmportal.ui.managepartners.view.NewPartnersap.m.Button{\"propertyName\":\"text\",\"key\":\"save\"}"}]}
RESULT: undefined
COMMAND: POST /session/0631827be0a93fac797ef22e97364bed/element - {"using":"xpath","value":"//*[@id=\"__button127\"]"}
RESULT: {"using":"xpath","value":"//*[@id=\"__button127\"]"}
COMMAND: POST /session/0631827be0a93fac797ef22e97364bed/element/f.1195843739892CF439726866CA7D4ED2.d.5C9091D12BDB5C7919C20C00B51D82A3.e.12090/click - {}
RESULT: {}
COMMAND: GET /session/0631827be0a93fac797ef22e97364bed/screenshot - {}
RESULT: {}
COMMAND: POST /session/0631827be0a93fac797ef22e97364bed/execute/async - {"script":"<script> [1562 bytes]","args":[{"selector":{"controlType":"sap.m.Text","viewName":"etm.portal.ui.managepartners.view.Detail","viewId":"application-managepartners-display-component---detailPtm","bindingPath":{"propertyPath":"ID","modelName":"catalogModel"}},"wdio_ui5_key":"etmportal.ui.managepartners.view.Detailsap.m.Text{\"propertyPath\":\"ID\",\"modelName\":\"catalogModel\"}"}]}
RESULT: {"script":"<script> [1562 bytes]","args":[{"selector":{"controlType":"sap.m.Text","viewName":"etm.portal.ui.managepartners.view.Detail","viewId":"application-managepartners-display-component---detailPtm","bindingPath":{"propertyPath":"ID","modelName":"catalogModel"}},"wdio_ui5_key":"etmportal.ui.managepartners.view.Detailsap.m.Text{\"propertyPath\":\"ID\",\"modelName\":\"catalogModel\"}"}]}
RESULT: undefined
COMMAND: POST /session/0631827be0a93fac797ef22e97364bed/execute/async - {"script":"<script> [6424 bytes]","args":[{"element-6066-11e4-a52e-4f735466cecf":"f.1195843739892CF439726866CA7D4ED2.d.5C9091D12BDB5C7919C20C00B51D82A3.e.12326"},"getText",[]]}
RESULT: {"script":"<script> [6424 bytes]","args":[{"element-6066-11e4-a52e-4f735466cecf":"f.1195843739892CF439726866CA7D4ED2.d.5C9091D12BDB5C7919C20C00B51D82A3.e.12326"},"getText",[]]}
COMMAND: POST /session/0631827be0a93fac797ef22e97364bed/element - {"using":"css selector","value":"#shell-header-logo"}
RESULT: {"using":"css selector","value":"#shell-header-logo"}
COMMAND: POST /session/0631827be0a93fac797ef22e97364bed/element/f.1195843739892CF439726866CA7D4ED2.d.5C9091D12BDB5C7919C20C00B51D82A3.e.11657/click - {}
RESULT: {}
COMMAND: GET /session/0631827be0a93fac797ef22e97364bed/screenshot - {}
]]></system-out>
    </testcase>
    <testcase classname="chrome.135_0_7049_96.windows.Provide_to_Site_w/o_warehouse_management_w/o_clarification_US116612" name="Should create a new WHM Material" time="89.712">
      <system-out><![CDATA[
COMMAND: POST /session/0631827be0a93fac797ef22e97364bed/execute/async - {"script":"<script> [1562 bytes]","args":[{"selector":{"controlType":"sap.m.GenericTile","properties":{"header":"Manage Resources"}},"wdio_ui5_key":"sapm.GenericTile{\"header\":\"Manage Resources\"}"}]}
RESULT: {}
RESULT: {"script":"<script> [1562 bytes]","args":[{"selector":{"controlType":"sap.m.GenericTile","properties":{"header":"Manage Resources"}},"wdio_ui5_key":"sapm.GenericTile{\"header\":\"Manage Resources\"}"}]}
RESULT: undefined
COMMAND: POST /session/0631827be0a93fac797ef22e97364bed/element - {"using":"xpath","value":"//*[@id=\"__tile39\"]"}
RESULT: {"using":"xpath","value":"//*[@id=\"__tile39\"]"}
COMMAND: POST /session/0631827be0a93fac797ef22e97364bed/element/f.1195843739892CF439726866CA7D4ED2.d.5C9091D12BDB5C7919C20C00B51D82A3.e.12328/click - {}
RESULT: {}
COMMAND: POST /session/0631827be0a93fac797ef22e97364bed/execute/async - {"script":"<script> [1562 bytes]","args":[{"selector":{"controlType":"sap.m.OverflowToolbarButton","viewName":"etm.portal.ui.manageresources.view.Master","viewId":"application-manageresources-display-component---masterRU","bindingPath":{"path":"","propertyPath":"/isLogbook","modelName":"minimumStockRPGModel"},"interaction":{"idSuffix":"inner"}},"wdio_ui5_key":"etmportal.ui.manageresources.view.Mastersap.m.OverflowToolbarButton{\"path\":\"\",\"propertyPath\":\"/isLogbook\",\"modelName\":\"minimumStockRPGModel\"}"}]}
COMMAND: GET /session/0631827be0a93fac797ef22e97364bed/screenshot - {}
RESULT: {"script":"<script> [1562 bytes]","args":[{"selector":{"controlType":"sap.m.OverflowToolbarButton","viewName":"etm.portal.ui.manageresources.view.Master","viewId":"application-manageresources-display-component---masterRU","bindingPath":{"path":"","propertyPath":"/isLogbook","modelName":"minimumStockRPGModel"},"interaction":{"idSuffix":"inner"}},"wdio_ui5_key":"etmportal.ui.manageresources.view.Mastersap.m.OverflowToolbarButton{\"path\":\"\",\"propertyPath\":\"/isLogbook\",\"modelName\":\"minimumStockRPGModel\"}"}]}
RESULT: undefined
COMMAND: POST /session/0631827be0a93fac797ef22e97364bed/element - {"using":"xpath","value":"//*[@id=\"__button168\"]"}
RESULT: {}
RESULT: {"using":"xpath","value":"//*[@id=\"__button168\"]"}
COMMAND: POST /session/0631827be0a93fac797ef22e97364bed/element/f.1195843739892CF439726866CA7D4ED2.d.5C9091D12BDB5C7919C20C00B51D82A3.e.12369/click - {}
RESULT: {}
COMMAND: GET /session/0631827be0a93fac797ef22e97364bed/screenshot - {}
RESULT: {}
COMMAND: POST /session/0631827be0a93fac797ef22e97364bed/execute/async - {"script":"<script> [1562 bytes]","args":[{"selector":{"id":"application-manageresources-display-component---newResourceUnit--TYPE-arrow"},"wdio_ui5_key":"applicationmanageresources-display-component---newResourceUnit--TYPE-arrow"}]}
RESULT: {"script":"<script> [1562 bytes]","args":[{"selector":{"id":"application-manageresources-display-component---newResourceUnit--TYPE-arrow"},"wdio_ui5_key":"applicationmanageresources-display-component---newResourceUnit--TYPE-arrow"}]}
RESULT: undefined
COMMAND: POST /session/0631827be0a93fac797ef22e97364bed/element - {"using":"xpath","value":"//*[@id=\"application-manageresources-display-component---newResourceUnit--TYPE-arrow\"]"}
RESULT: {"using":"xpath","value":"//*[@id=\"application-manageresources-display-component---newResourceUnit--TYPE-arrow\"]"}
COMMAND: POST /session/0631827be0a93fac797ef22e97364bed/element/f.1195843739892CF439726866CA7D4ED2.d.5C9091D12BDB5C7919C20C00B51D82A3.e.12693/click - {}
RESULT: {}
COMMAND: POST /session/0631827be0a93fac797ef22e97364bed/execute/async - {"script":"<script> [1562 bytes]","args":[{"selector":{"controlType":"sap.m.StandardListItem","viewName":"reusables.view.manageresources.NewResourceUnit","viewId":"application-manageresources-display-component---newResourceUnit","properties":{"title":"Material"},"searchOpenDialogs":true,"interaction":{"idSuffix":"content"}},"wdio_ui5_key":"reusablesview.manageresources.NewResourceUnitsap.m.StandardListItem{\"title\":\"Material\"}"}]}
COMMAND: GET /session/0631827be0a93fac797ef22e97364bed/screenshot - {}
RESULT: {"script":"<script> [1562 bytes]","args":[{"selector":{"controlType":"sap.m.StandardListItem","viewName":"reusables.view.manageresources.NewResourceUnit","viewId":"application-manageresources-display-component---newResourceUnit","properties":{"title":"Material"},"searchOpenDialogs":true,"interaction":{"idSuffix":"content"}},"wdio_ui5_key":"reusablesview.manageresources.NewResourceUnitsap.m.StandardListItem{\"title\":\"Material\"}"}]}
RESULT: undefined
COMMAND: POST /session/0631827be0a93fac797ef22e97364bed/element - {"using":"xpath","value":"//*[@id=\"__item1507\"]"}
RESULT: {}
RESULT: {"using":"xpath","value":"//*[@id=\"__item1507\"]"}
COMMAND: POST /session/0631827be0a93fac797ef22e97364bed/element/f.1195843739892CF439726866CA7D4ED2.d.5C9091D12BDB5C7919C20C00B51D82A3.e.12696/click - {}
RESULT: {}
COMMAND: POST /session/0631827be0a93fac797ef22e97364bed/execute/async - {"script":"<script> [1562 bytes]","args":[{"selector":{"id":"application-manageresources-display-component---newResourceUnit--resourceId","interaction":{"idSuffix":"inner"}},"wdio_ui5_key":"applicationmanageresources-display-component---newResourceUnit--resourceId"}]}
COMMAND: GET /session/0631827be0a93fac797ef22e97364bed/screenshot - {}
RESULT: {"script":"<script> [1562 bytes]","args":[{"selector":{"id":"application-manageresources-display-component---newResourceUnit--resourceId","interaction":{"idSuffix":"inner"}},"wdio_ui5_key":"applicationmanageresources-display-component---newResourceUnit--resourceId"}]}
RESULT: undefined
COMMAND: POST /session/0631827be0a93fac797ef22e97364bed/execute/async - {"script":"<script> [1562 bytes]","args":[{"selector":{"id":"application-manageresources-display-component---newResourceUnit--SHORT_TEXT","interaction":{"idSuffix":"inner"}},"wdio_ui5_key":"applicationmanageresources-display-component---newResourceUnit--SHORT_TEXT"}]}
RESULT: {}
RESULT: {"script":"<script> [1562 bytes]","args":[{"selector":{"id":"application-manageresources-display-component---newResourceUnit--SHORT_TEXT","interaction":{"idSuffix":"inner"}},"wdio_ui5_key":"applicationmanageresources-display-component---newResourceUnit--SHORT_TEXT"}]}
RESULT: undefined
COMMAND: POST /session/0631827be0a93fac797ef22e97364bed/execute/async - {"script":"<script> [776 bytes]","args":[{"enterText":"material WHM","selector":{"id":"application-manageresources-display-component---newResourceUnit--SHORT_TEXT","interaction":{"idSuffix":"inner"}},"clearTextFirst":true,"interactionType":"ENTER_TEXT"}]}
RESULT: {"script":"<script> [776 bytes]","args":[{"enterText":"material WHM","selector":{"id":"application-manageresources-display-component---newResourceUnit--SHORT_TEXT","interaction":{"idSuffix":"inner"}},"clearTextFirst":true,"interactionType":"ENTER_TEXT"}]}
COMMAND: POST /session/0631827be0a93fac797ef22e97364bed/execute/async - {"script":"<script> [1562 bytes]","args":[{"selector":{"id":"application-manageresources-display-component---newResourceUnit--BASE_UNIT_OF_MEASURE","interaction":{"idSuffix":"inner"}},"wdio_ui5_key":"applicationmanageresources-display-component---newResourceUnit--BASE_UNIT_OF_MEASURE"}]}
RESULT: {"script":"<script> [1562 bytes]","args":[{"selector":{"id":"application-manageresources-display-component---newResourceUnit--BASE_UNIT_OF_MEASURE","interaction":{"idSuffix":"inner"}},"wdio_ui5_key":"applicationmanageresources-display-component---newResourceUnit--BASE_UNIT_OF_MEASURE"}]}
RESULT: undefined
COMMAND: POST /session/0631827be0a93fac797ef22e97364bed/execute/async - {"script":"<script> [776 bytes]","args":[{"enterText":"Piece","selector":{"id":"application-manageresources-display-component---newResourceUnit--BASE_UNIT_OF_MEASURE","interaction":{"idSuffix":"inner"}},"clearTextFirst":true,"interactionType":"ENTER_TEXT"}]}
RESULT: {"script":"<script> [776 bytes]","args":[{"enterText":"Piece","selector":{"id":"application-manageresources-display-component---newResourceUnit--BASE_UNIT_OF_MEASURE","interaction":{"idSuffix":"inner"}},"clearTextFirst":true,"interactionType":"ENTER_TEXT"}]}
COMMAND: POST /session/0631827be0a93fac797ef22e97364bed/execute/async - {"script":"<script> [1562 bytes]","args":[{"selector":{"id":"application-manageresources-display-component---newResourceUnit--WEIGHT_UNIT","interaction":{"idSuffix":"inner"}},"wdio_ui5_key":"applicationmanageresources-display-component---newResourceUnit--WEIGHT_UNIT"}]}
RESULT: {"script":"<script> [1562 bytes]","args":[{"selector":{"id":"application-manageresources-display-component---newResourceUnit--WEIGHT_UNIT","interaction":{"idSuffix":"inner"}},"wdio_ui5_key":"applicationmanageresources-display-component---newResourceUnit--WEIGHT_UNIT"}]}
RESULT: undefined
COMMAND: POST /session/0631827be0a93fac797ef22e97364bed/execute/async - {"script":"<script> [776 bytes]","args":[{"enterText":"Gram","selector":{"id":"application-manageresources-display-component---newResourceUnit--WEIGHT_UNIT","interaction":{"idSuffix":"inner"}},"clearTextFirst":true,"interactionType":"ENTER_TEXT"}]}
RESULT: {"script":"<script> [776 bytes]","args":[{"enterText":"Gram","selector":{"id":"application-manageresources-display-component---newResourceUnit--WEIGHT_UNIT","interaction":{"idSuffix":"inner"}},"clearTextFirst":true,"interactionType":"ENTER_TEXT"}]}
COMMAND: POST /session/0631827be0a93fac797ef22e97364bed/execute/async - {"script":"<script> [1562 bytes]","args":[{"selector":{"id":"application-manageresources-display-component---newResourceUnit--DIMENSION_UNIT","interaction":{"idSuffix":"inner"}},"wdio_ui5_key":"applicationmanageresources-display-component---newResourceUnit--DIMENSION_UNIT"}]}
RESULT: {"script":"<script> [1562 bytes]","args":[{"selector":{"id":"application-manageresources-display-component---newResourceUnit--DIMENSION_UNIT","interaction":{"idSuffix":"inner"}},"wdio_ui5_key":"applicationmanageresources-display-component---newResourceUnit--DIMENSION_UNIT"}]}
RESULT: undefined
COMMAND: POST /session/0631827be0a93fac797ef22e97364bed/execute/async - {"script":"<script> [776 bytes]","args":[{"enterText":"Meter","selector":{"id":"application-manageresources-display-component---newResourceUnit--DIMENSION_UNIT","interaction":{"idSuffix":"inner"}},"clearTextFirst":true,"interactionType":"ENTER_TEXT"}]}
RESULT: {"script":"<script> [776 bytes]","args":[{"enterText":"Meter","selector":{"id":"application-manageresources-display-component---newResourceUnit--DIMENSION_UNIT","interaction":{"idSuffix":"inner"}},"clearTextFirst":true,"interactionType":"ENTER_TEXT"}]}
COMMAND: POST /session/0631827be0a93fac797ef22e97364bed/execute/async - {"script":"<script> [1562 bytes]","args":[{"selector":{"id":"application-manageresources-display-component---newResourceUnit--newRRUPage-anchBar-application-manageresources-display-component---newResourceUnit--control-anchor","interaction":{"idSuffix":"content"}},"wdio_ui5_key":"applicationmanageresources-display-component---newResourceUnit--newRRUPage-anchBar-application-manageresources-display-component---newResourceUnit--control-anchor"}]}
RESULT: {"script":"<script> [1562 bytes]","args":[{"selector":{"id":"application-manageresources-display-component---newResourceUnit--newRRUPage-anchBar-application-manageresources-display-component---newResourceUnit--control-anchor","interaction":{"idSuffix":"content"}},"wdio_ui5_key":"applicationmanageresources-display-component---newResourceUnit--newRRUPage-anchBar-application-manageresources-display-component---newResourceUnit--control-anchor"}]}
RESULT: undefined
COMMAND: POST /session/0631827be0a93fac797ef22e97364bed/element - {"using":"xpath","value":"//*[@id=\"application-manageresources-display-component---newResourceUnit--newRRUPage-anchBar-application-manageresources-display-component---newResourceUnit--control-anchor\"]"}
RESULT: {"using":"xpath","value":"//*[@id=\"application-manageresources-display-component---newResourceUnit--newRRUPage-anchBar-application-manageresources-display-component---newResourceUnit--control-anchor\"]"}
COMMAND: POST /session/0631827be0a93fac797ef22e97364bed/element/f.1195843739892CF439726866CA7D4ED2.d.5C9091D12BDB5C7919C20C00B51D82A3.e.12760/click - {}
RESULT: {}
COMMAND: POST /session/0631827be0a93fac797ef22e97364bed/execute/async - {"script":"<script> [1562 bytes]","args":[{"selector":{"id":"application-manageresources-display-component---newResourceUnit--PLANNING_GROUP","interaction":{"idSuffix":"inner"}},"wdio_ui5_key":"applicationmanageresources-display-component---newResourceUnit--PLANNING_GROUP"}]}
COMMAND: GET /session/0631827be0a93fac797ef22e97364bed/screenshot - {}
RESULT: {"script":"<script> [1562 bytes]","args":[{"selector":{"id":"application-manageresources-display-component---newResourceUnit--PLANNING_GROUP","interaction":{"idSuffix":"inner"}},"wdio_ui5_key":"applicationmanageresources-display-component---newResourceUnit--PLANNING_GROUP"}]}
RESULT: undefined
COMMAND: POST /session/0631827be0a93fac797ef22e97364bed/execute/async - {"script":"<script> [776 bytes]","args":[{"enterText":"Heavy Equi","selector":{"id":"application-manageresources-display-component---newResourceUnit--PLANNING_GROUP","interaction":{"idSuffix":"inner"}},"clearTextFirst":true,"interactionType":"ENTER_TEXT"}]}
RESULT: {}
RESULT: {"script":"<script> [776 bytes]","args":[{"enterText":"Heavy Equi","selector":{"id":"application-manageresources-display-component---newResourceUnit--PLANNING_GROUP","interaction":{"idSuffix":"inner"}},"clearTextFirst":true,"interactionType":"ENTER_TEXT"}]}
COMMAND: POST /session/0631827be0a93fac797ef22e97364bed/execute/async - {"script":"<script> [1562 bytes]","args":[{"selector":{"id":"application-manageresources-display-component---newResourceUnit--PLANNING_INDICATOR","interaction":{"idSuffix":"inner"}},"wdio_ui5_key":"applicationmanageresources-display-component---newResourceUnit--PLANNING_INDICATOR"}]}
RESULT: {"script":"<script> [1562 bytes]","args":[{"selector":{"id":"application-manageresources-display-component---newResourceUnit--PLANNING_INDICATOR","interaction":{"idSuffix":"inner"}},"wdio_ui5_key":"applicationmanageresources-display-component---newResourceUnit--PLANNING_INDICATOR"}]}
RESULT: undefined
COMMAND: POST /session/0631827be0a93fac797ef22e97364bed/execute/async - {"script":"<script> [776 bytes]","args":[{"enterText":"10 - infinite","selector":{"id":"application-manageresources-display-component---newResourceUnit--PLANNING_INDICATOR","interaction":{"idSuffix":"inner"}},"clearTextFirst":true,"interactionType":"ENTER_TEXT"}]}
RESULT: {"script":"<script> [776 bytes]","args":[{"enterText":"10 - infinite","selector":{"id":"application-manageresources-display-component---newResourceUnit--PLANNING_INDICATOR","interaction":{"idSuffix":"inner"}},"clearTextFirst":true,"interactionType":"ENTER_TEXT"}]}
COMMAND: POST /session/0631827be0a93fac797ef22e97364bed/actions - {"actions":[{"id":"action53","type":"key","parameters":{},"actions":[{"type":"keyDown","value":"î€‡"},{"type":"pause","duration":10},{"type":"keyUp","value":"î€‡"}]}]}
RESULT: {"actions":[{"id":"action53","type":"key","parameters":{},"actions":[{"type":"keyDown","value":"î€‡"},{"type":"pause","duration":10},{"type":"keyUp","value":"î€‡"}]}]}
COMMAND: POST /session/0631827be0a93fac797ef22e97364bed/execute/async - {"script":"<script> [1562 bytes]","args":[{"selector":{"id":"application-manageresources-display-component---newResourceUnit--ITEM_TYPE-arrow"},"wdio_ui5_key":"applicationmanageresources-display-component---newResourceUnit--ITEM_TYPE-arrow"}]}
COMMAND: GET /session/0631827be0a93fac797ef22e97364bed/screenshot - {}
RESULT: {"script":"<script> [1562 bytes]","args":[{"selector":{"id":"application-manageresources-display-component---newResourceUnit--ITEM_TYPE-arrow"},"wdio_ui5_key":"applicationmanageresources-display-component---newResourceUnit--ITEM_TYPE-arrow"}]}
RESULT: undefined
COMMAND: POST /session/0631827be0a93fac797ef22e97364bed/element - {"using":"xpath","value":"//*[@id=\"application-manageresources-display-component---newResourceUnit--ITEM_TYPE-arrow\"]"}
RESULT: {}
RESULT: {"using":"xpath","value":"//*[@id=\"application-manageresources-display-component---newResourceUnit--ITEM_TYPE-arrow\"]"}
COMMAND: POST /session/0631827be0a93fac797ef22e97364bed/element/f.1195843739892CF439726866CA7D4ED2.d.5C9091D12BDB5C7919C20C00B51D82A3.e.12768/click - {}
RESULT: {}
COMMAND: POST /session/0631827be0a93fac797ef22e97364bed/execute/async - {"script":"<script> [1562 bytes]","args":[{"selector":{"controlType":"sap.m.StandardListItem","viewName":"reusables.view.manageresources.NewResourceUnit","viewId":"application-manageresources-display-component---newResourceUnit","properties":{"title":"Resource Unit"},"searchOpenDialogs":true,"interaction":{"idSuffix":"titleText"}},"wdio_ui5_key":"reusablesview.manageresources.NewResourceUnitsap.m.StandardListItem{\"title\":\"Resource Unit\"}"}]}
COMMAND: GET /session/0631827be0a93fac797ef22e97364bed/screenshot - {}
RESULT: {"script":"<script> [1562 bytes]","args":[{"selector":{"controlType":"sap.m.StandardListItem","viewName":"reusables.view.manageresources.NewResourceUnit","viewId":"application-manageresources-display-component---newResourceUnit","properties":{"title":"Resource Unit"},"searchOpenDialogs":true,"interaction":{"idSuffix":"titleText"}},"wdio_ui5_key":"reusablesview.manageresources.NewResourceUnitsap.m.StandardListItem{\"title\":\"Resource Unit\"}"}]}
RESULT: undefined
RESULT: {}
COMMAND: POST /session/0631827be0a93fac797ef22e97364bed/execute/async - {"script":"<script> [1562 bytes]","args":[{"selector":{"controlType":"sap.m.Label","viewName":"reusables.view.manageresources.NewResourceUnit","viewId":"application-manageresources-display-component---newResourceUnit","i18NText":{"propertyName":"text","key":"planningGroup"},"interaction":{"idSuffix":"bdi"}},"wdio_ui5_key":"reusablesview.manageresources.NewResourceUnitsap.m.Label{\"propertyName\":\"text\",\"key\":\"planningGroup\"}"}]}
RESULT: {"script":"<script> [1562 bytes]","args":[{"selector":{"controlType":"sap.m.Label","viewName":"reusables.view.manageresources.NewResourceUnit","viewId":"application-manageresources-display-component---newResourceUnit","i18NText":{"propertyName":"text","key":"planningGroup"},"interaction":{"idSuffix":"bdi"}},"wdio_ui5_key":"reusablesview.manageresources.NewResourceUnitsap.m.Label{\"propertyName\":\"text\",\"key\":\"planningGroup\"}"}]}
RESULT: undefined
COMMAND: POST /session/0631827be0a93fac797ef22e97364bed/element - {"using":"xpath","value":"//*[@id=\"__label263\"]"}
RESULT: {"using":"xpath","value":"//*[@id=\"__label263\"]"}
COMMAND: POST /session/0631827be0a93fac797ef22e97364bed/element/f.1195843739892CF439726866CA7D4ED2.d.5C9091D12BDB5C7919C20C00B51D82A3.e.12770/click - {}
RESULT: {}
COMMAND: GET /session/0631827be0a93fac797ef22e97364bed/screenshot - {}
RESULT: {}
COMMAND: POST /session/0631827be0a93fac797ef22e97364bed/actions - {"actions":[{"type":"key","id":"keyboard","actions":[{"type":"keyDown","value":"î›"}]}]}
RESULT: {"actions":[{"type":"key","id":"keyboard","actions":[{"type":"keyDown","value":"î›"}]}]}
COMMAND: GET /session/0631827be0a93fac797ef22e97364bed/screenshot - {}
RESULT: {}
COMMAND: POST /session/0631827be0a93fac797ef22e97364bed/actions - {"actions":[{"type":"key","id":"keyboard","actions":[{"type":"keyDown","value":"î›"}]}]}
RESULT: {"actions":[{"type":"key","id":"keyboard","actions":[{"type":"keyDown","value":"î›"}]}]}
COMMAND: GET /session/0631827be0a93fac797ef22e97364bed/screenshot - {}
RESULT: {}
COMMAND: POST /session/0631827be0a93fac797ef22e97364bed/actions - {"actions":[{"type":"key","id":"keyboard","actions":[{"type":"keyDown","value":"î›"}]}]}
RESULT: {"actions":[{"type":"key","id":"keyboard","actions":[{"type":"keyDown","value":"î›"}]}]}
COMMAND: GET /session/0631827be0a93fac797ef22e97364bed/screenshot - {}
RESULT: {}
COMMAND: POST /session/0631827be0a93fac797ef22e97364bed/actions - {"actions":[{"type":"key","id":"keyboard","actions":[{"type":"keyDown","value":"î›"}]}]}
RESULT: {"actions":[{"type":"key","id":"keyboard","actions":[{"type":"keyDown","value":"î›"}]}]}
COMMAND: GET /session/0631827be0a93fac797ef22e97364bed/screenshot - {}
RESULT: {}
COMMAND: POST /session/0631827be0a93fac797ef22e97364bed/actions - {"actions":[{"type":"key","id":"keyboard","actions":[{"type":"keyDown","value":"î›"}]}]}
RESULT: {"actions":[{"type":"key","id":"keyboard","actions":[{"type":"keyDown","value":"î›"}]}]}
COMMAND: GET /session/0631827be0a93fac797ef22e97364bed/screenshot - {}
RESULT: {}
COMMAND: POST /session/0631827be0a93fac797ef22e97364bed/actions - {"actions":[{"type":"key","id":"keyboard","actions":[{"type":"keyDown","value":"î›"}]}]}
RESULT: {"actions":[{"type":"key","id":"keyboard","actions":[{"type":"keyDown","value":"î›"}]}]}
COMMAND: GET /session/0631827be0a93fac797ef22e97364bed/screenshot - {}
RESULT: {}
COMMAND: POST /session/0631827be0a93fac797ef22e97364bed/execute/async - {"script":"<script> [1562 bytes]","args":[{"selector":{"id":"application-manageresources-display-component---newResourceUnit--btnAddTimeSegment-img"},"wdio_ui5_key":"applicationmanageresources-display-component---newResourceUnit--btnAddTimeSegment-img"}]}
RESULT: {"script":"<script> [1562 bytes]","args":[{"selector":{"id":"application-manageresources-display-component---newResourceUnit--btnAddTimeSegment-img"},"wdio_ui5_key":"applicationmanageresources-display-component---newResourceUnit--btnAddTimeSegment-img"}]}
RESULT: undefined
COMMAND: POST /session/0631827be0a93fac797ef22e97364bed/element - {"using":"xpath","value":"//*[@id=\"application-manageresources-display-component---newResourceUnit--btnAddTimeSegment-img\"]"}
RESULT: {"using":"xpath","value":"//*[@id=\"application-manageresources-display-component---newResourceUnit--btnAddTimeSegment-img\"]"}
COMMAND: POST /session/0631827be0a93fac797ef22e97364bed/element/f.1195843739892CF439726866CA7D4ED2.d.5C9091D12BDB5C7919C20C00B51D82A3.e.12771/click - {}
RESULT: {}
COMMAND: POST /session/0631827be0a93fac797ef22e97364bed/element - {"using":"xpath","value":"//input[@id=\"application-manageresources-display-component---newResourceUnit--idRuTSAdmin-application-manageresources-display-component---newResourceUnit--RUTimeSegment-0-inner\"]"}
COMMAND: GET /session/0631827be0a93fac797ef22e97364bed/screenshot - {}
RESULT: {"using":"xpath","value":"//input[@id=\"application-manageresources-display-component---newResourceUnit--idRuTSAdmin-application-manageresources-display-component---newResourceUnit--RUTimeSegment-0-inner\"]"}
COMMAND: POST /session/0631827be0a93fac797ef22e97364bed/element/f.1195843739892CF439726866CA7D4ED2.d.5C9091D12BDB5C7919C20C00B51D82A3.e.12774/clear - {}
RESULT: {}
RESULT: {}
COMMAND: POST /session/0631827be0a93fac797ef22e97364bed/element/f.1195843739892CF439726866CA7D4ED2.d.5C9091D12BDB5C7919C20C00B51D82A3.e.12774/value - {"text":"468"}
COMMAND: GET /session/0631827be0a93fac797ef22e97364bed/screenshot - {}
RESULT: {"text":"468"}
COMMAND: GET /session/0631827be0a93fac797ef22e97364bed/screenshot - {}
RESULT: {}
RESULT: {}
COMMAND: POST /session/0631827be0a93fac797ef22e97364bed/actions - {"actions":[{"id":"action54","type":"key","parameters":{},"actions":[{"type":"keyDown","value":"î€‡"},{"type":"pause","duration":10},{"type":"keyUp","value":"î€‡"}]}]}
RESULT: {"actions":[{"id":"action54","type":"key","parameters":{},"actions":[{"type":"keyDown","value":"î€‡"},{"type":"pause","duration":10},{"type":"keyUp","value":"î€‡"}]}]}
COMMAND: GET /session/0631827be0a93fac797ef22e97364bed/screenshot - {}
RESULT: {}
COMMAND: POST /session/0631827be0a93fac797ef22e97364bed/execute/async - {"script":"<script> [1562 bytes]","args":[{"selector":{"controlType":"sap.m.Button","viewName":"reusables.view.manageresources.NewResourceUnit","viewId":"application-manageresources-display-component---newResourceUnit","i18NText":{"propertyName":"tooltip","key":"save"},"interaction":{"idSuffix":"BDI-content"}},"wdio_ui5_key":"reusablesview.manageresources.NewResourceUnitsap.m.Button{\"propertyName\":\"tooltip\",\"key\":\"save\"}"}]}
RESULT: {"script":"<script> [1562 bytes]","args":[{"selector":{"controlType":"sap.m.Button","viewName":"reusables.view.manageresources.NewResourceUnit","viewId":"application-manageresources-display-component---newResourceUnit","i18NText":{"propertyName":"tooltip","key":"save"},"interaction":{"idSuffix":"BDI-content"}},"wdio_ui5_key":"reusablesview.manageresources.NewResourceUnitsap.m.Button{\"propertyName\":\"tooltip\",\"key\":\"save\"}"}]}
RESULT: undefined
COMMAND: POST /session/0631827be0a93fac797ef22e97364bed/element - {"using":"xpath","value":"//*[@id=\"application-manageresources-display-component---newResourceUnit--createRuButton\"]"}
RESULT: {"using":"xpath","value":"//*[@id=\"application-manageresources-display-component---newResourceUnit--createRuButton\"]"}
COMMAND: POST /session/0631827be0a93fac797ef22e97364bed/element/f.1195843739892CF439726866CA7D4ED2.d.5C9091D12BDB5C7919C20C00B51D82A3.e.12709/click - {}
RESULT: {}
COMMAND: POST /session/0631827be0a93fac797ef22e97364bed/execute/async - {"script":"<script> [1562 bytes]","args":[{"selector":{"controlType":"sap.m.Button","properties":{"text":"Close"},"searchOpenDialogs":true,"interaction":{"idSuffix":"BDI-content"}},"wdio_ui5_key":"sapm.Button{\"text\":\"Close\"}"}]}
COMMAND: GET /session/0631827be0a93fac797ef22e97364bed/screenshot - {}
RESULT: {"script":"<script> [1562 bytes]","args":[{"selector":{"controlType":"sap.m.Button","properties":{"text":"Close"},"searchOpenDialogs":true,"interaction":{"idSuffix":"BDI-content"}},"wdio_ui5_key":"sapm.Button{\"text\":\"Close\"}"}]}
RESULT: undefined
COMMAND: POST /session/0631827be0a93fac797ef22e97364bed/element - {"using":"xpath","value":"//*[@id=\"__mbox-btn-0\"]"}
RESULT: {}
RESULT: {"using":"xpath","value":"//*[@id=\"__mbox-btn-0\"]"}
COMMAND: POST /session/0631827be0a93fac797ef22e97364bed/element/f.1195843739892CF439726866CA7D4ED2.d.5C9091D12BDB5C7919C20C00B51D82A3.e.12787/click - {}
RESULT: {}
COMMAND: GET /session/0631827be0a93fac797ef22e97364bed/screenshot - {}
RESULT: {}
COMMAND: POST /session/0631827be0a93fac797ef22e97364bed/execute/async - {"script":"<script> [1562 bytes]","args":[{"selector":{"controlType":"sap.m.Text","viewName":"etm.portal.ui.manageresources.view.Detail","viewId":"application-manageresources-display-component---detailRU","bindingPath":{"propertyPath":"ID","modelName":"catalogModel"}},"wdio_ui5_key":"etmportal.ui.manageresources.view.Detailsap.m.Text{\"propertyPath\":\"ID\",\"modelName\":\"catalogModel\"}"}]}
RESULT: {"script":"<script> [1562 bytes]","args":[{"selector":{"controlType":"sap.m.Text","viewName":"etm.portal.ui.manageresources.view.Detail","viewId":"application-manageresources-display-component---detailRU","bindingPath":{"propertyPath":"ID","modelName":"catalogModel"}},"wdio_ui5_key":"etmportal.ui.manageresources.view.Detailsap.m.Text{\"propertyPath\":\"ID\",\"modelName\":\"catalogModel\"}"}]}
RESULT: undefined
COMMAND: POST /session/0631827be0a93fac797ef22e97364bed/execute/async - {"script":"<script> [6424 bytes]","args":[{"element-6066-11e4-a52e-4f735466cecf":"f.1195843739892CF439726866CA7D4ED2.d.5C9091D12BDB5C7919C20C00B51D82A3.e.12819"},"getText",[]]}
RESULT: {"script":"<script> [6424 bytes]","args":[{"element-6066-11e4-a52e-4f735466cecf":"f.1195843739892CF439726866CA7D4ED2.d.5C9091D12BDB5C7919C20C00B51D82A3.e.12819"},"getText",[]]}
COMMAND: POST /session/0631827be0a93fac797ef22e97364bed/element - {"using":"css selector","value":"#shell-header-logo"}
RESULT: {"using":"css selector","value":"#shell-header-logo"}
COMMAND: POST /session/0631827be0a93fac797ef22e97364bed/element/f.1195843739892CF439726866CA7D4ED2.d.5C9091D12BDB5C7919C20C00B51D82A3.e.12330/click - {}
RESULT: {}
COMMAND: GET /session/0631827be0a93fac797ef22e97364bed/screenshot - {}
RESULT: {}
]]></system-out>
    </testcase>
  </testsuite>
  <testsuite timestamp="2025-04-30T17:28:27" time="628.452" tests="5" failures="0" errors="0" skipped="0">
    <properties>
      <property name="specId" value="0" />
      <property name="suiteName" value="Provide to Site w/o warehouse management wo clarification" />
      <property name="capabilities" value="chrome.135_0_7049_96.windows" />
      <property name="file" value="file:///D:/a/1/s/test/specs/HTR/provide-to-site-wo-warehouse-wo-clarification.spec.js" />
    </properties>
    <testcase classname="chrome.135_0_7049_96.windows.Provide_to_Site_w/o_warehouse_management_wo_clarification" name="Should do a stock increase handover" time="71.348">
      <system-out><![CDATA[
COMMAND: POST /session/0631827be0a93fac797ef22e97364bed/execute/async - {"script":"<script> [1562 bytes]","args":[{"selector":{"controlType":"sap.m.GenericTile","properties":{"header":"Manage Handovers"}},"wdio_ui5_key":"sapm.GenericTile{\"header\":\"Manage Handovers\"}"}]}
RESULT: {"script":"<script> [1562 bytes]","args":[{"selector":{"controlType":"sap.m.GenericTile","properties":{"header":"Manage Handovers"}},"wdio_ui5_key":"sapm.GenericTile{\"header\":\"Manage Handovers\"}"}]}
RESULT: undefined
COMMAND: POST /session/0631827be0a93fac797ef22e97364bed/element - {"using":"xpath","value":"//*[@id=\"__tile132\"]"}
RESULT: {"using":"xpath","value":"//*[@id=\"__tile132\"]"}
COMMAND: POST /session/0631827be0a93fac797ef22e97364bed/element/f.1195843739892CF439726866CA7D4ED2.d.5C9091D12BDB5C7919C20C00B51D82A3.e.12823/click - {}
RESULT: {}
COMMAND: GET /session/0631827be0a93fac797ef22e97364bed/screenshot - {}
COMMAND: POST /session/0631827be0a93fac797ef22e97364bed/element - {"using":"xpath","value":"//button[(@data-kt = 'masterHOAddButton')]"}
RESULT: {}
RESULT: {"using":"xpath","value":"//button[(@data-kt = 'masterHOAddButton')]"}
COMMAND: POST /session/0631827be0a93fac797ef22e97364bed/elements - {"using":"xpath","value":"//button[(@data-kt = 'masterHOAddButton')]"}
RESULT: {"using":"xpath","value":"//button[(@data-kt = 'masterHOAddButton')]"}
COMMAND: POST /session/0631827be0a93fac797ef22e97364bed/elements - {"using":"xpath","value":"//button[(@data-kt = 'masterHOAddButton')]"}
RESULT: {"using":"xpath","value":"//button[(@data-kt = 'masterHOAddButton')]"}
COMMAND: POST /session/0631827be0a93fac797ef22e97364bed/element - {"using":"xpath","value":"//button[(@data-kt = 'masterHOAddButton')]"}
RESULT: {"using":"xpath","value":"//button[(@data-kt = 'masterHOAddButton')]"}
COMMAND: POST /session/0631827be0a93fac797ef22e97364bed/element/f.1195843739892CF439726866CA7D4ED2.d.5C9091D12BDB5C7919C20C00B51D82A3.e.12863/click - {}
RESULT: {}
COMMAND: POST /session/0631827be0a93fac797ef22e97364bed/element - {"using":"css selector","value":"span[id=\"application-managehandovers-display-component---AddNewHO--typeSelect-label\"]"}
COMMAND: GET /session/0631827be0a93fac797ef22e97364bed/screenshot - {}
RESULT: {"using":"css selector","value":"span[id=\"application-managehandovers-display-component---AddNewHO--typeSelect-label\"]"}
COMMAND: POST /session/0631827be0a93fac797ef22e97364bed/elements - {"using":"css selector","value":"span[id=\"application-managehandovers-display-component---AddNewHO--typeSelect-label\"]"}
RESULT: {}
RESULT: {"using":"css selector","value":"span[id=\"application-managehandovers-display-component---AddNewHO--typeSelect-label\"]"}
COMMAND: POST /session/0631827be0a93fac797ef22e97364bed/element - {"using":"css selector","value":"span[id=\"application-managehandovers-display-component---AddNewHO--typeSelect-label\"]"}
RESULT: {"using":"css selector","value":"span[id=\"application-managehandovers-display-component---AddNewHO--typeSelect-label\"]"}
COMMAND: POST /session/0631827be0a93fac797ef22e97364bed/element/f.1195843739892CF439726866CA7D4ED2.d.5C9091D12BDB5C7919C20C00B51D82A3.e.13167/click - {}
RESULT: {}
COMMAND: POST /session/0631827be0a93fac797ef22e97364bed/element - {"using":"css selector","value":"#application-managehandovers-display-component---AddNewHO--oneStep-CB"}
COMMAND: GET /session/0631827be0a93fac797ef22e97364bed/screenshot - {}
RESULT: {"using":"css selector","value":"#application-managehandovers-display-component---AddNewHO--oneStep-CB"}
COMMAND: GET /session/0631827be0a93fac797ef22e97364bed/element/f.1195843739892CF439726866CA7D4ED2.d.5C9091D12BDB5C7919C20C00B51D82A3.e.13097/selected - {}
RESULT: {}
RESULT: {}
COMMAND: POST /session/0631827be0a93fac797ef22e97364bed/element - {"using":"xpath","value":"//li[contains(text(), \"stock increase yard\")]"}
COMMAND: GET /session/0631827be0a93fac797ef22e97364bed/screenshot - {}
RESULT: {"using":"xpath","value":"//li[contains(text(), \"stock increase yard\")]"}
COMMAND: POST /session/0631827be0a93fac797ef22e97364bed/element/f.1195843739892CF439726866CA7D4ED2.d.5C9091D12BDB5C7919C20C00B51D82A3.e.13168/click - {}
RESULT: {}
RESULT: {}
COMMAND: GET /session/0631827be0a93fac797ef22e97364bed/screenshot - {}
RESULT: {}
COMMAND: POST /session/0631827be0a93fac797ef22e97364bed/element - {"using":"css selector","value":"input[id=\"generalSectionFrg--receiveYard-inner\"]"}
RESULT: {"using":"css selector","value":"input[id=\"generalSectionFrg--receiveYard-inner\"]"}
COMMAND: POST /session/0631827be0a93fac797ef22e97364bed/element/f.1195843739892CF439726866CA7D4ED2.d.5C9091D12BDB5C7919C20C00B51D82A3.e.13176/clear - {}
RESULT: {}
COMMAND: POST /session/0631827be0a93fac797ef22e97364bed/element/f.1195843739892CF439726866CA7D4ED2.d.5C9091D12BDB5C7919C20C00B51D82A3.e.13176/value - {"text":"468"}
COMMAND: GET /session/0631827be0a93fac797ef22e97364bed/screenshot - {}
RESULT: {"text":"468"}
COMMAND: GET /session/0631827be0a93fac797ef22e97364bed/screenshot - {}
RESULT: {}
RESULT: {}
COMMAND: POST /session/0631827be0a93fac797ef22e97364bed/element - {"using":"css selector","value":"#application-managehandovers-display-component---AddNewHO--dueDate-inner"}
RESULT: {"using":"css selector","value":"#application-managehandovers-display-component---AddNewHO--dueDate-inner"}
COMMAND: POST /session/0631827be0a93fac797ef22e97364bed/element/f.1195843739892CF439726866CA7D4ED2.d.5C9091D12BDB5C7919C20C00B51D82A3.e.13170/clear - {}
RESULT: {}
COMMAND: POST /session/0631827be0a93fac797ef22e97364bed/element/f.1195843739892CF439726866CA7D4ED2.d.5C9091D12BDB5C7919C20C00B51D82A3.e.13170/value - {"text":"4/30/25"}
COMMAND: GET /session/0631827be0a93fac797ef22e97364bed/screenshot - {}
RESULT: {"text":"4/30/25"}
COMMAND: GET /session/0631827be0a93fac797ef22e97364bed/screenshot - {}
RESULT: {}
RESULT: {}
COMMAND: POST /session/0631827be0a93fac797ef22e97364bed/element - {"using":"xpath","value":"//bdi[(text() = 'Items' or . = 'Items')]"}
RESULT: {"using":"xpath","value":"//bdi[(text() = 'Items' or . = 'Items')]"}
COMMAND: POST /session/0631827be0a93fac797ef22e97364bed/element/f.1195843739892CF439726866CA7D4ED2.d.5C9091D12BDB5C7919C20C00B51D82A3.e.13195/click - {}
RESULT: {}
COMMAND: GET /session/0631827be0a93fac797ef22e97364bed/screenshot - {}
RESULT: {}
COMMAND: POST /session/0631827be0a93fac797ef22e97364bed/element - {"using":"xpath","value":"//button[@aria-label=\"Add\"]"}
RESULT: {"using":"xpath","value":"//button[@aria-label=\"Add\"]"}
COMMAND: POST /session/0631827be0a93fac797ef22e97364bed/element/f.1195843739892CF439726866CA7D4ED2.d.5C9091D12BDB5C7919C20C00B51D82A3.e.13199/click - {}
RESULT: {}
COMMAND: GET /session/0631827be0a93fac797ef22e97364bed/screenshot - {}
RESULT: {}
COMMAND: POST /session/0631827be0a93fac797ef22e97364bed/element - {"using":"css selector","value":"input[id= \"application-managehandovers-display-component---AddNewHO--smartFilterBar-btnBasicSearch-I\"]"}
RESULT: {"using":"css selector","value":"input[id= \"application-managehandovers-display-component---AddNewHO--smartFilterBar-btnBasicSearch-I\"]"}
COMMAND: POST /session/0631827be0a93fac797ef22e97364bed/element/f.1195843739892CF439726866CA7D4ED2.d.5C9091D12BDB5C7919C20C00B51D82A3.e.13204/clear - {}
RESULT: {}
COMMAND: POST /session/0631827be0a93fac797ef22e97364bed/element/f.1195843739892CF439726866CA7D4ED2.d.5C9091D12BDB5C7919C20C00B51D82A3.e.13204/value - {"text":"200248"}
COMMAND: GET /session/0631827be0a93fac797ef22e97364bed/screenshot - {}
RESULT: {"text":"200248"}
COMMAND: POST /session/0631827be0a93fac797ef22e97364bed/actions - {"actions":[{"id":"action55","type":"key","parameters":{},"actions":[{"type":"keyDown","value":"î€‡"},{"type":"pause","duration":10},{"type":"keyUp","value":"î€‡"}]}]}
COMMAND: GET /session/0631827be0a93fac797ef22e97364bed/screenshot - {}
RESULT: {}
RESULT: {"actions":[{"id":"action55","type":"key","parameters":{},"actions":[{"type":"keyDown","value":"î€‡"},{"type":"pause","duration":10},{"type":"keyUp","value":"î€‡"}]}]}
COMMAND: POST /session/0631827be0a93fac797ef22e97364bed/element - {"using":"css selector","value":"div[id= \"application-managehandovers-display-component---AddNewHO--smartFilterBar-btnBasicSearch-search\"]"}
COMMAND: GET /session/0631827be0a93fac797ef22e97364bed/screenshot - {}
RESULT: {}
RESULT: {"using":"css selector","value":"div[id= \"application-managehandovers-display-component---AddNewHO--smartFilterBar-btnBasicSearch-search\"]"}
COMMAND: POST /session/0631827be0a93fac797ef22e97364bed/element/f.1195843739892CF439726866CA7D4ED2.d.5C9091D12BDB5C7919C20C00B51D82A3.e.13353/click - {}
RESULT: {}
RESULT: {}
COMMAND: GET /session/0631827be0a93fac797ef22e97364bed/screenshot - {}
RESULT: {}
COMMAND: POST /session/0631827be0a93fac797ef22e97364bed/element - {"using":"css selector","value":"div[id= \"application-managehandovers-display-component---AddNewHO--popup-sa-CbBg\"]"}
RESULT: {"using":"css selector","value":"div[id= \"application-managehandovers-display-component---AddNewHO--popup-sa-CbBg\"]"}
COMMAND: POST /session/0631827be0a93fac797ef22e97364bed/element/f.1195843739892CF439726866CA7D4ED2.d.5C9091D12BDB5C7919C20C00B51D82A3.e.13354/click - {}
RESULT: {}
COMMAND: POST /session/0631827be0a93fac797ef22e97364bed/element - {"using":"xpath","value":"//bdi[(text() = 'Select' or . = 'Select')]"}
COMMAND: GET /session/0631827be0a93fac797ef22e97364bed/screenshot - {}
RESULT: {"using":"xpath","value":"//bdi[(text() = 'Select' or . = 'Select')]"}
COMMAND: POST /session/0631827be0a93fac797ef22e97364bed/element/f.1195843739892CF439726866CA7D4ED2.d.5C9091D12BDB5C7919C20C00B51D82A3.e.13355/click - {}
RESULT: {}
RESULT: {}
COMMAND: GET /session/0631827be0a93fac797ef22e97364bed/screenshot - {}
RESULT: {}
COMMAND: POST /session/0631827be0a93fac797ef22e97364bed/element - {"using":"xpath","value":"//bdi[(text() = 'Save' or . = 'Save')]"}
RESULT: {"using":"xpath","value":"//bdi[(text() = 'Save' or . = 'Save')]"}
COMMAND: POST /session/0631827be0a93fac797ef22e97364bed/element/f.1195843739892CF439726866CA7D4ED2.d.5C9091D12BDB5C7919C20C00B51D82A3.e.13359/click - {}
RESULT: {}
COMMAND: GET /session/0631827be0a93fac797ef22e97364bed/screenshot - {}
RESULT: {}
COMMAND: POST /session/0631827be0a93fac797ef22e97364bed/element - {"using":"xpath","value":"//input[contains(@id ,\"receiptDatePicker-inner\")]"}
RESULT: {"using":"xpath","value":"//input[contains(@id ,\"receiptDatePicker-inner\")]"}
COMMAND: POST /session/0631827be0a93fac797ef22e97364bed/element/f.1195843739892CF439726866CA7D4ED2.d.5C9091D12BDB5C7919C20C00B51D82A3.e.13388/click - {}
RESULT: {}
COMMAND: POST /session/0631827be0a93fac797ef22e97364bed/element - {"using":"xpath","value":"//input[contains(@id ,\"receiptDatePicker-inner\")]"}
COMMAND: GET /session/0631827be0a93fac797ef22e97364bed/screenshot - {}
RESULT: {"using":"xpath","value":"//input[contains(@id ,\"receiptDatePicker-inner\")]"}
COMMAND: POST /session/0631827be0a93fac797ef22e97364bed/element/f.1195843739892CF439726866CA7D4ED2.d.5C9091D12BDB5C7919C20C00B51D82A3.e.13388/clear - {}
RESULT: {}
RESULT: {}
COMMAND: POST /session/0631827be0a93fac797ef22e97364bed/element/f.1195843739892CF439726866CA7D4ED2.d.5C9091D12BDB5C7919C20C00B51D82A3.e.13388/value - {"text":"4/30/25"}
COMMAND: GET /session/0631827be0a93fac797ef22e97364bed/screenshot - {}
RESULT: {}
RESULT: {"text":"4/30/25"}
COMMAND: GET /session/0631827be0a93fac797ef22e97364bed/screenshot - {}
RESULT: {}
COMMAND: POST /session/0631827be0a93fac797ef22e97364bed/execute/async - {"script":"<script> [1562 bytes]","args":[{"selector":{"id":"administrationTabFilter","viewName":"etm.portal.ui.managehandovers.view.DetailExecuteHO","interaction":{"idSuffix":"text"}},"wdio_ui5_key":"administrationTabFilteretmportal.ui.managehandovers.view.DetailExecuteHO"}]}
RESULT: {"script":"<script> [1562 bytes]","args":[{"selector":{"id":"administrationTabFilter","viewName":"etm.portal.ui.managehandovers.view.DetailExecuteHO","interaction":{"idSuffix":"text"}},"wdio_ui5_key":"administrationTabFilteretmportal.ui.managehandovers.view.DetailExecuteHO"}]}
RESULT: undefined
COMMAND: POST /session/0631827be0a93fac797ef22e97364bed/element - {"using":"xpath","value":"//*[@id=\"__xmlview59--administrationTabFilter\"]"}
RESULT: {"using":"xpath","value":"//*[@id=\"__xmlview59--administrationTabFilter\"]"}
COMMAND: POST /session/0631827be0a93fac797ef22e97364bed/element/f.1195843739892CF439726866CA7D4ED2.d.5C9091D12BDB5C7919C20C00B51D82A3.e.13405/click - {}
RESULT: {}
RESULT: undefined
COMMAND: POST /session/0631827be0a93fac797ef22e97364bed/element - {"using":"xpath","value":"//*[@id=\"__xmlview59--administrationTabFilter\"]"}
COMMAND: GET /session/0631827be0a93fac797ef22e97364bed/screenshot - {}
RESULT: {"using":"xpath","value":"//*[@id=\"__xmlview59--administrationTabFilter\"]"}
COMMAND: POST /session/0631827be0a93fac797ef22e97364bed/element/f.1195843739892CF439726866CA7D4ED2.d.5C9091D12BDB5C7919C20C00B51D82A3.e.13405/click - {}
RESULT: {}
RESULT: {}
COMMAND: GET /session/0631827be0a93fac797ef22e97364bed/screenshot - {}
RESULT: {}
COMMAND: POST /session/0631827be0a93fac797ef22e97364bed/element - {"using":"xpath","value":"//bdi[(text() = 'Confirm' or . = 'Confirm')]"}
RESULT: {"using":"xpath","value":"//bdi[(text() = 'Confirm' or . = 'Confirm')]"}
COMMAND: POST /session/0631827be0a93fac797ef22e97364bed/element/f.1195843739892CF439726866CA7D4ED2.d.5C9091D12BDB5C7919C20C00B51D82A3.e.13411/click - {}
RESULT: {}
COMMAND: GET /session/0631827be0a93fac797ef22e97364bed/screenshot - {}
RESULT: {}
COMMAND: POST /session/0631827be0a93fac797ef22e97364bed/execute/async - {"script":"<script> [1562 bytes]","args":[{"selector":{"id":"confirmationButton","viewName":"etm.portal.ui.managehandovers.view.DetailExecuteHO","interaction":{"idSuffix":"BDI-content"}},"wdio_ui5_key":"confirmationButtonetmportal.ui.managehandovers.view.DetailExecuteHO"}]}
RESULT: {"script":"<script> [1562 bytes]","args":[{"selector":{"id":"confirmationButton","viewName":"etm.portal.ui.managehandovers.view.DetailExecuteHO","interaction":{"idSuffix":"BDI-content"}},"wdio_ui5_key":"confirmationButtonetmportal.ui.managehandovers.view.DetailExecuteHO"}]}
RESULT: undefined
COMMAND: POST /session/0631827be0a93fac797ef22e97364bed/element - {"using":"xpath","value":"(//bdi[text()='Receive'])[2]"}
RESULT: {"using":"xpath","value":"(//bdi[text()='Receive'])[2]"}
COMMAND: GET /session/0631827be0a93fac797ef22e97364bed/element/f.1195843739892CF439726866CA7D4ED2.d.5C9091D12BDB5C7919C20C00B51D82A3.e.13415/enabled - {}
RESULT: {}
COMMAND: POST /session/0631827be0a93fac797ef22e97364bed/execute/sync - {"script":"<script> [8489 bytes]","args":[{"element-6066-11e4-a52e-4f735466cecf":"f.1195843739892CF439726866CA7D4ED2.d.5C9091D12BDB5C7919C20C00B51D82A3.e.13415","ELEMENT":"f.1195843739892CF439726866CA7D4ED2.d.5C9091D12BDB5C7919C20C00B51D82A3.e.13415"}]}
COMMAND: GET /session/0631827be0a93fac797ef22e97364bed/screenshot - {}
RESULT: {"script":"<script> [8489 bytes]","args":[{"element-6066-11e4-a52e-4f735466cecf":"f.1195843739892CF439726866CA7D4ED2.d.5C9091D12BDB5C7919C20C00B51D82A3.e.13415","ELEMENT":"f.1195843739892CF439726866CA7D4ED2.d.5C9091D12BDB5C7919C20C00B51D82A3.e.13415"}]}
COMMAND: POST /session/0631827be0a93fac797ef22e97364bed/execute/sync - {"script":"<script> [5351 bytes]","args":[{"element-6066-11e4-a52e-4f735466cecf":"f.1195843739892CF439726866CA7D4ED2.d.5C9091D12BDB5C7919C20C00B51D82A3.e.13415","ELEMENT":"f.1195843739892CF439726866CA7D4ED2.d.5C9091D12BDB5C7919C20C00B51D82A3.e.13415"}]}
COMMAND: GET /session/0631827be0a93fac797ef22e97364bed/screenshot - {}
RESULT: {}
RESULT: {"script":"<script> [5351 bytes]","args":[{"element-6066-11e4-a52e-4f735466cecf":"f.1195843739892CF439726866CA7D4ED2.d.5C9091D12BDB5C7919C20C00B51D82A3.e.13415","ELEMENT":"f.1195843739892CF439726866CA7D4ED2.d.5C9091D12BDB5C7919C20C00B51D82A3.e.13415"}]}
COMMAND: POST /session/0631827be0a93fac797ef22e97364bed/element/f.1195843739892CF439726866CA7D4ED2.d.5C9091D12BDB5C7919C20C00B51D82A3.e.13415/click - {}
COMMAND: GET /session/0631827be0a93fac797ef22e97364bed/screenshot - {}
RESULT: {}
RESULT: {}
COMMAND: GET /session/0631827be0a93fac797ef22e97364bed/screenshot - {}
RESULT: {}
RESULT: {}
COMMAND: POST /session/0631827be0a93fac797ef22e97364bed/element - {"using":"css selector","value":"#shell-header-logo"}
RESULT: {"using":"css selector","value":"#shell-header-logo"}
COMMAND: POST /session/0631827be0a93fac797ef22e97364bed/element/f.1195843739892CF439726866CA7D4ED2.d.5C9091D12BDB5C7919C20C00B51D82A3.e.12825/click - {}
RESULT: {}
COMMAND: GET /session/0631827be0a93fac797ef22e97364bed/screenshot - {}
RESULT: {}
]]></system-out>
    </testcase>
    <testcase classname="chrome.135_0_7049_96.windows.Provide_to_Site_w/o_warehouse_management_wo_clarification" name="Should create a new contract" time="54.158">
      <system-out><![CDATA[
COMMAND: POST /session/0631827be0a93fac797ef22e97364bed/execute/async - {"script":"<script> [1562 bytes]","args":[{"selector":{"controlType":"sap.m.GenericTile","properties":{"header":"Manage Contracts"}},"wdio_ui5_key":"sapm.GenericTile{\"header\":\"Manage Contracts\"}"}]}
RESULT: {"script":"<script> [1562 bytes]","args":[{"selector":{"controlType":"sap.m.GenericTile","properties":{"header":"Manage Contracts"}},"wdio_ui5_key":"sapm.GenericTile{\"header\":\"Manage Contracts\"}"}]}
RESULT: undefined
COMMAND: POST /session/0631827be0a93fac797ef22e97364bed/element - {"using":"xpath","value":"//*[@id=\"__tile130\"]"}
RESULT: {"using":"xpath","value":"//*[@id=\"__tile130\"]"}
COMMAND: POST /session/0631827be0a93fac797ef22e97364bed/element/f.1195843739892CF439726866CA7D4ED2.d.5C9091D12BDB5C7919C20C00B51D82A3.e.13567/click - {}
RESULT: {}
COMMAND: GET /session/0631827be0a93fac797ef22e97364bed/screenshot - {}
COMMAND: POST /session/0631827be0a93fac797ef22e97364bed/execute/async - {"script":"<script> [1562 bytes]","args":[{"selector":{"controlType":"sap.ui.core.Icon","viewName":"etm.portal.ui.managecontracts.view.Master","properties":{"src":{"regex":{"source":"add"}}}},"wdio_ui5_key":"etmportal.ui.managecontracts.view.Mastersap.ui.core.Icon{\"src\":{\"regex\":{\"source\":\"add\"}}}"}]}
RESULT: {}
RESULT: {"script":"<script> [1562 bytes]","args":[{"selector":{"controlType":"sap.ui.core.Icon","viewName":"etm.portal.ui.managecontracts.view.Master","properties":{"src":{"regex":{"source":"add"}}}},"wdio_ui5_key":"etmportal.ui.managecontracts.view.Mastersap.ui.core.Icon{\"src\":{\"regex\":{\"source\":\"add\"}}}"}]}
RESULT: undefined
COMMAND: POST /session/0631827be0a93fac797ef22e97364bed/element - {"using":"xpath","value":"//*[@id=\"__button298-img\"]"}
RESULT: {"using":"xpath","value":"//*[@id=\"__button298-img\"]"}
COMMAND: POST /session/0631827be0a93fac797ef22e97364bed/element/f.1195843739892CF439726866CA7D4ED2.d.5C9091D12BDB5C7919C20C00B51D82A3.e.13648/click - {}
RESULT: {}
COMMAND: POST /session/0631827be0a93fac797ef22e97364bed/execute/async - {"script":"<script> [1562 bytes]","args":[{"selector":{"id":"application-managecontracts-display-component---AddNewContract--projectDescription","interaction":{"idSuffix":"inner"}},"wdio_ui5_key":"applicationmanagecontracts-display-component---AddNewContract--projectDescription"}]}
COMMAND: GET /session/0631827be0a93fac797ef22e97364bed/screenshot - {}
RESULT: {"script":"<script> [1562 bytes]","args":[{"selector":{"id":"application-managecontracts-display-component---AddNewContract--projectDescription","interaction":{"idSuffix":"inner"}},"wdio_ui5_key":"applicationmanagecontracts-display-component---AddNewContract--projectDescription"}]}
RESULT: undefined
COMMAND: POST /session/0631827be0a93fac797ef22e97364bed/execute/async - {"script":"<script> [776 bytes]","args":[{"enterText":"wdi5 contract for billing","selector":{"id":"application-managecontracts-display-component---AddNewContract--projectDescription","interaction":{"idSuffix":"inner"}},"clearTextFirst":true,"interactionType":"ENTER_TEXT"}]}
RESULT: {}
RESULT: {"script":"<script> [776 bytes]","args":[{"enterText":"wdi5 contract for billing","selector":{"id":"application-managecontracts-display-component---AddNewContract--projectDescription","interaction":{"idSuffix":"inner"}},"clearTextFirst":true,"interactionType":"ENTER_TEXT"}]}
COMMAND: POST /session/0631827be0a93fac797ef22e97364bed/element - {"using":"xpath","value":"//input[@id=\"application-managecontracts-display-component---AddNewContract--customerSelect-inner\"]"}
RESULT: {"using":"xpath","value":"//input[@id=\"application-managecontracts-display-component---AddNewContract--customerSelect-inner\"]"}
COMMAND: POST /session/0631827be0a93fac797ef22e97364bed/element/f.1195843739892CF439726866CA7D4ED2.d.5C9091D12BDB5C7919C20C00B51D82A3.e.13892/clear - {}
RESULT: {}
COMMAND: POST /session/0631827be0a93fac797ef22e97364bed/element/f.1195843739892CF439726866CA7D4ED2.d.5C9091D12BDB5C7919C20C00B51D82A3.e.13892/value - {"text":"1338"}
COMMAND: GET /session/0631827be0a93fac797ef22e97364bed/screenshot - {}
RESULT: {"text":"1338"}
COMMAND: GET /session/0631827be0a93fac797ef22e97364bed/screenshot - {}
RESULT: {}
RESULT: {}
COMMAND: POST /session/0631827be0a93fac797ef22e97364bed/actions - {"actions":[{"id":"action56","type":"key","parameters":{},"actions":[{"type":"keyDown","value":"î€‡"},{"type":"pause","duration":10},{"type":"keyUp","value":"î€‡"}]}]}
RESULT: {"actions":[{"id":"action56","type":"key","parameters":{},"actions":[{"type":"keyDown","value":"î€‡"},{"type":"pause","duration":10},{"type":"keyUp","value":"î€‡"}]}]}
COMMAND: POST /session/0631827be0a93fac797ef22e97364bed/element - {"using":"xpath","value":"//input[@id=\"application-managecontracts-display-component---AddNewContract--site-inner\"]"}
COMMAND: GET /session/0631827be0a93fac797ef22e97364bed/screenshot - {}
RESULT: {"using":"xpath","value":"//input[@id=\"application-managecontracts-display-component---AddNewContract--site-inner\"]"}
COMMAND: POST /session/0631827be0a93fac797ef22e97364bed/element/f.1195843739892CF439726866CA7D4ED2.d.5C9091D12BDB5C7919C20C00B51D82A3.e.13893/clear - {}
RESULT: {}
RESULT: {}
COMMAND: POST /session/0631827be0a93fac797ef22e97364bed/element/f.1195843739892CF439726866CA7D4ED2.d.5C9091D12BDB5C7919C20C00B51D82A3.e.13893/value - {"text":"2305"}
COMMAND: GET /session/0631827be0a93fac797ef22e97364bed/screenshot - {}
RESULT: {"text":"2305"}
COMMAND: GET /session/0631827be0a93fac797ef22e97364bed/screenshot - {}
RESULT: {}
RESULT: {}
COMMAND: POST /session/0631827be0a93fac797ef22e97364bed/actions - {"actions":[{"id":"action57","type":"key","parameters":{},"actions":[{"type":"keyDown","value":"î€‡"},{"type":"pause","duration":10},{"type":"keyUp","value":"î€‡"}]}]}
RESULT: {"actions":[{"id":"action57","type":"key","parameters":{},"actions":[{"type":"keyDown","value":"î€‡"},{"type":"pause","duration":10},{"type":"keyUp","value":"î€‡"}]}]}
COMMAND: POST /session/0631827be0a93fac797ef22e97364bed/execute/async - {"script":"<script> [1562 bytes]","args":[{"selector":{"id":"application-managecontracts-display-component---AddNewContract--calendarInput","interaction":{"idSuffix":"inner"}},"wdio_ui5_key":"applicationmanagecontracts-display-component---AddNewContract--calendarInput"}]}
COMMAND: GET /session/0631827be0a93fac797ef22e97364bed/screenshot - {}
RESULT: {"script":"<script> [1562 bytes]","args":[{"selector":{"id":"application-managecontracts-display-component---AddNewContract--calendarInput","interaction":{"idSuffix":"inner"}},"wdio_ui5_key":"applicationmanagecontracts-display-component---AddNewContract--calendarInput"}]}
RESULT: undefined
COMMAND: POST /session/0631827be0a93fac797ef22e97364bed/execute/async - {"script":"<script> [776 bytes]","args":[{"enterText":"1 - Calendar unit test patch","selector":{"id":"application-managecontracts-display-component---AddNewContract--calendarInput","interaction":{"idSuffix":"inner"}},"clearTextFirst":true,"interactionType":"ENTER_TEXT"}]}
RESULT: {}
RESULT: {"script":"<script> [776 bytes]","args":[{"enterText":"1 - Calendar unit test patch","selector":{"id":"application-managecontracts-display-component---AddNewContract--calendarInput","interaction":{"idSuffix":"inner"}},"clearTextFirst":true,"interactionType":"ENTER_TEXT"}]}
COMMAND: POST /session/0631827be0a93fac797ef22e97364bed/actions - {"actions":[{"id":"action58","type":"key","parameters":{},"actions":[{"type":"keyDown","value":"î€‡"},{"type":"pause","duration":10},{"type":"keyUp","value":"î€‡"}]}]}
RESULT: {"actions":[{"id":"action58","type":"key","parameters":{},"actions":[{"type":"keyDown","value":"î€‡"},{"type":"pause","duration":10},{"type":"keyUp","value":"î€‡"}]}]}
COMMAND: POST /session/0631827be0a93fac797ef22e97364bed/execute/async - {"script":"<script> [1562 bytes]","args":[{"selector":{"id":"application-managecontracts-display-component---AddNewContract--languageCB","interaction":{"idSuffix":"inner"}},"wdio_ui5_key":"applicationmanagecontracts-display-component---AddNewContract--languageCB"}]}
COMMAND: GET /session/0631827be0a93fac797ef22e97364bed/screenshot - {}
RESULT: {"script":"<script> [1562 bytes]","args":[{"selector":{"id":"application-managecontracts-display-component---AddNewContract--languageCB","interaction":{"idSuffix":"inner"}},"wdio_ui5_key":"applicationmanagecontracts-display-component---AddNewContract--languageCB"}]}
RESULT: undefined
COMMAND: POST /session/0631827be0a93fac797ef22e97364bed/execute/async - {"script":"<script> [776 bytes]","args":[{"enterText":"EN - English","selector":{"id":"application-managecontracts-display-component---AddNewContract--languageCB","interaction":{"idSuffix":"inner"}},"clearTextFirst":true,"interactionType":"ENTER_TEXT"}]}
RESULT: {}
RESULT: {"script":"<script> [776 bytes]","args":[{"enterText":"EN - English","selector":{"id":"application-managecontracts-display-component---AddNewContract--languageCB","interaction":{"idSuffix":"inner"}},"clearTextFirst":true,"interactionType":"ENTER_TEXT"}]}
COMMAND: POST /session/0631827be0a93fac797ef22e97364bed/actions - {"actions":[{"id":"action59","type":"key","parameters":{},"actions":[{"type":"keyDown","value":"î€‡"},{"type":"pause","duration":10},{"type":"keyUp","value":"î€‡"}]}]}
RESULT: {"actions":[{"id":"action59","type":"key","parameters":{},"actions":[{"type":"keyDown","value":"î€‡"},{"type":"pause","duration":10},{"type":"keyUp","value":"î€‡"}]}]}
COMMAND: POST /session/0631827be0a93fac797ef22e97364bed/execute/async - {"script":"<script> [1562 bytes]","args":[{"selector":{"id":"application-managecontracts-display-component---AddNewContract--saveBtn","interaction":{"idSuffix":"BDI-content"}},"wdio_ui5_key":"applicationmanagecontracts-display-component---AddNewContract--saveBtn"}]}
COMMAND: GET /session/0631827be0a93fac797ef22e97364bed/screenshot - {}
RESULT: {"script":"<script> [1562 bytes]","args":[{"selector":{"id":"application-managecontracts-display-component---AddNewContract--saveBtn","interaction":{"idSuffix":"BDI-content"}},"wdio_ui5_key":"applicationmanagecontracts-display-component---AddNewContract--saveBtn"}]}
RESULT: undefined
COMMAND: POST /session/0631827be0a93fac797ef22e97364bed/element - {"using":"xpath","value":"//*[@id=\"application-managecontracts-display-component---AddNewContract--saveBtn\"]"}
RESULT: {}
RESULT: {"using":"xpath","value":"//*[@id=\"application-managecontracts-display-component---AddNewContract--saveBtn\"]"}
COMMAND: POST /session/0631827be0a93fac797ef22e97364bed/element/f.1195843739892CF439726866CA7D4ED2.d.5C9091D12BDB5C7919C20C00B51D82A3.e.13909/click - {}
RESULT: {}
COMMAND: GET /session/0631827be0a93fac797ef22e97364bed/screenshot - {}
RESULT: {}
COMMAND: POST /session/0631827be0a93fac797ef22e97364bed/execute/async - {"script":"<script> [1562 bytes]","args":[{"selector":{"id":"contractDetailTitleNoExpanded","viewName":"etm.portal.ui.managecontracts.view.Detail"},"wdio_ui5_key":"contractDetailTitleNoExpandedetmportal.ui.managecontracts.view.Detail"}]}
RESULT: {"script":"<script> [1562 bytes]","args":[{"selector":{"id":"contractDetailTitleNoExpanded","viewName":"etm.portal.ui.managecontracts.view.Detail"},"wdio_ui5_key":"contractDetailTitleNoExpandedetmportal.ui.managecontracts.view.Detail"}]}
RESULT: undefined
COMMAND: POST /session/0631827be0a93fac797ef22e97364bed/execute/async - {"script":"<script> [6424 bytes]","args":[{"element-6066-11e4-a52e-4f735466cecf":"f.1195843739892CF439726866CA7D4ED2.d.5C9091D12BDB5C7919C20C00B51D82A3.e.13933"},"getText",[]]}
RESULT: {"script":"<script> [6424 bytes]","args":[{"element-6066-11e4-a52e-4f735466cecf":"f.1195843739892CF439726866CA7D4ED2.d.5C9091D12BDB5C7919C20C00B51D82A3.e.13933"},"getText",[]]}
]]></system-out>
    </testcase>
    <testcase classname="chrome.135_0_7049_96.windows.Provide_to_Site_w/o_warehouse_management_wo_clarification" name="Should add resource to the contract" time="57.957">
      <system-out><![CDATA[
COMMAND: POST /session/0631827be0a93fac797ef22e97364bed/execute/async - {"script":"<script> [1562 bytes]","args":[{"selector":{"id":"contractDetailEditBtn","viewName":"etm.portal.ui.managecontracts.view.Detail","interaction":{"idSuffix":"BDI-content"}},"wdio_ui5_key":"contractDetailEditBtnetmportal.ui.managecontracts.view.Detail"}]}
RESULT: {"script":"<script> [1562 bytes]","args":[{"selector":{"id":"contractDetailEditBtn","viewName":"etm.portal.ui.managecontracts.view.Detail","interaction":{"idSuffix":"BDI-content"}},"wdio_ui5_key":"contractDetailEditBtnetmportal.ui.managecontracts.view.Detail"}]}
RESULT: undefined
COMMAND: POST /session/0631827be0a93fac797ef22e97364bed/element - {"using":"xpath","value":"//*[@id=\"__xmlview61--contractDetailEditBtn\"]"}
RESULT: {"using":"xpath","value":"//*[@id=\"__xmlview61--contractDetailEditBtn\"]"}
COMMAND: POST /session/0631827be0a93fac797ef22e97364bed/element/f.1195843739892CF439726866CA7D4ED2.d.5C9091D12BDB5C7919C20C00B51D82A3.e.13935/click - {}
RESULT: {}
COMMAND: GET /session/0631827be0a93fac797ef22e97364bed/screenshot - {}
RESULT: {}
COMMAND: POST /session/0631827be0a93fac797ef22e97364bed/execute/async - {"script":"<script> [1562 bytes]","args":[{"selector":{"id":"additionalAddressesTabFilter","viewName":"etm.portal.ui.managecontracts.view.EditContract","interaction":{"idSuffix":"text"}},"wdio_ui5_key":"additionalAddressesTabFilteretmportal.ui.managecontracts.view.EditContract"}]}
RESULT: {"script":"<script> [1562 bytes]","args":[{"selector":{"id":"additionalAddressesTabFilter","viewName":"etm.portal.ui.managecontracts.view.EditContract","interaction":{"idSuffix":"text"}},"wdio_ui5_key":"additionalAddressesTabFilteretmportal.ui.managecontracts.view.EditContract"}]}
RESULT: undefined
COMMAND: POST /session/0631827be0a93fac797ef22e97364bed/element - {"using":"xpath","value":"//*[@id=\"__xmlview62--additionalAddressesTabFilter\"]"}
RESULT: {"using":"xpath","value":"//*[@id=\"__xmlview62--additionalAddressesTabFilter\"]"}
COMMAND: POST /session/0631827be0a93fac797ef22e97364bed/element/f.1195843739892CF439726866CA7D4ED2.d.5C9091D12BDB5C7919C20C00B51D82A3.e.13992/click - {}
RESULT: {}
RESULT: undefined
COMMAND: POST /session/0631827be0a93fac797ef22e97364bed/element - {"using":"xpath","value":"//*[@id=\"__xmlview62--additionalAddressesTabFilter\"]"}
COMMAND: GET /session/0631827be0a93fac797ef22e97364bed/screenshot - {}
RESULT: {"using":"xpath","value":"//*[@id=\"__xmlview62--additionalAddressesTabFilter\"]"}
COMMAND: POST /session/0631827be0a93fac797ef22e97364bed/element/f.1195843739892CF439726866CA7D4ED2.d.5C9091D12BDB5C7919C20C00B51D82A3.e.13992/click - {}
RESULT: {}
RESULT: {}
COMMAND: POST /session/0631827be0a93fac797ef22e97364bed/execute/async - {"script":"<script> [1562 bytes]","args":[{"selector":{"controlType":"sap.ui.core.Icon","viewName":"etm.portal.ui.managecontracts.view.EditContract","properties":{"src":{"regex":{"source":"add"}}}},"wdio_ui5_key":"etmportal.ui.managecontracts.view.EditContractsap.ui.core.Icon{\"src\":{\"regex\":{\"source\":\"add\"}}}"}]}
COMMAND: GET /session/0631827be0a93fac797ef22e97364bed/screenshot - {}
RESULT: {"script":"<script> [1562 bytes]","args":[{"selector":{"controlType":"sap.ui.core.Icon","viewName":"etm.portal.ui.managecontracts.view.EditContract","properties":{"src":{"regex":{"source":"add"}}}},"wdio_ui5_key":"etmportal.ui.managecontracts.view.EditContractsap.ui.core.Icon{\"src\":{\"regex\":{\"source\":\"add\"}}}"}]}
RESULT: undefined
COMMAND: POST /session/0631827be0a93fac797ef22e97364bed/element - {"using":"xpath","value":"//*[@id=\"__xmlview62--btnAddTableRow-img\"]"}
RESULT: {}
RESULT: {"using":"xpath","value":"//*[@id=\"__xmlview62--btnAddTableRow-img\"]"}
COMMAND: POST /session/0631827be0a93fac797ef22e97364bed/element/f.1195843739892CF439726866CA7D4ED2.d.5C9091D12BDB5C7919C20C00B51D82A3.e.13994/click - {}
RESULT: {}
COMMAND: POST /session/0631827be0a93fac797ef22e97364bed/element - {"using":"xpath","value":"//div[(text() = 'Standard Entry' or . = 'Standard Entry')]"}
COMMAND: GET /session/0631827be0a93fac797ef22e97364bed/screenshot - {}
RESULT: {"using":"xpath","value":"//div[(text() = 'Standard Entry' or . = 'Standard Entry')]"}
COMMAND: POST /session/0631827be0a93fac797ef22e97364bed/element/f.1195843739892CF439726866CA7D4ED2.d.5C9091D12BDB5C7919C20C00B51D82A3.e.13997/click - {}
RESULT: {}
RESULT: {}
COMMAND: POST /session/0631827be0a93fac797ef22e97364bed/execute/async - {"script":"<script> [1562 bytes]","args":[{"selector":{"controlType":"sap.ui.core.Icon","viewName":"etm.portal.ui.managecontracts.view.EditContract","properties":{"src":{"regex":{"source":"inspect"}}}},"wdio_ui5_key":"etmportal.ui.managecontracts.view.EditContractsap.ui.core.Icon{\"src\":{\"regex\":{\"source\":\"inspect\"}}}"}]}
COMMAND: GET /session/0631827be0a93fac797ef22e97364bed/screenshot - {}
RESULT: {"script":"<script> [1562 bytes]","args":[{"selector":{"controlType":"sap.ui.core.Icon","viewName":"etm.portal.ui.managecontracts.view.EditContract","properties":{"src":{"regex":{"source":"inspect"}}}},"wdio_ui5_key":"etmportal.ui.managecontracts.view.EditContractsap.ui.core.Icon{\"src\":{\"regex\":{\"source\":\"inspect\"}}}"}]}
RESULT: undefined
COMMAND: POST /session/0631827be0a93fac797ef22e97364bed/element - {"using":"xpath","value":"//*[@id=\"__button324-img\"]"}
RESULT: {}
RESULT: {"using":"xpath","value":"//*[@id=\"__button324-img\"]"}
COMMAND: POST /session/0631827be0a93fac797ef22e97364bed/element/f.1195843739892CF439726866CA7D4ED2.d.5C9091D12BDB5C7919C20C00B51D82A3.e.14009/click - {}
RESULT: {}
COMMAND: GET /session/0631827be0a93fac797ef22e97364bed/screenshot - {}
RESULT: {}
COMMAND: POST /session/0631827be0a93fac797ef22e97364bed/element - {"using":"xpath","value":"//td[6]/div/div/input[1]"}
RESULT: {"using":"xpath","value":"//td[6]/div/div/input[1]"}
COMMAND: POST /session/0631827be0a93fac797ef22e97364bed/element/f.1195843739892CF439726866CA7D4ED2.d.5C9091D12BDB5C7919C20C00B51D82A3.e.13999/clear - {}
RESULT: {}
COMMAND: GET /session/0631827be0a93fac797ef22e97364bed/screenshot - {}
RESULT: {}
COMMAND: POST /session/0631827be0a93fac797ef22e97364bed/element - {"using":"xpath","value":"//td[6]/div/div/input[1]"}
RESULT: {"using":"xpath","value":"//td[6]/div/div/input[1]"}
COMMAND: POST /session/0631827be0a93fac797ef22e97364bed/element/f.1195843739892CF439726866CA7D4ED2.d.5C9091D12BDB5C7919C20C00B51D82A3.e.14025/click - {}
RESULT: {}
COMMAND: POST /session/0631827be0a93fac797ef22e97364bed/actions - {"actions":[{"id":"action60","type":"key","parameters":{},"actions":[{"type":"keyDown","value":"î€ƒ"},{"type":"pause","duration":10},{"type":"keyUp","value":"î€ƒ"}]}]}
COMMAND: GET /session/0631827be0a93fac797ef22e97364bed/screenshot - {}
RESULT: {"actions":[{"id":"action60","type":"key","parameters":{},"actions":[{"type":"keyDown","value":"î€ƒ"},{"type":"pause","duration":10},{"type":"keyUp","value":"î€ƒ"}]}]}
COMMAND: POST /session/0631827be0a93fac797ef22e97364bed/element - {"using":"xpath","value":"//td[6]/div/div/input[1]"}
COMMAND: GET /session/0631827be0a93fac797ef22e97364bed/screenshot - {}
RESULT: {}
RESULT: {"using":"xpath","value":"//td[6]/div/div/input[1]"}
COMMAND: POST /session/0631827be0a93fac797ef22e97364bed/element/f.1195843739892CF439726866CA7D4ED2.d.5C9091D12BDB5C7919C20C00B51D82A3.e.14025/clear - {}
RESULT: {}
RESULT: {}
COMMAND: POST /session/0631827be0a93fac797ef22e97364bed/element/f.1195843739892CF439726866CA7D4ED2.d.5C9091D12BDB5C7919C20C00B51D82A3.e.14025/value - {"text":"Material"}
COMMAND: GET /session/0631827be0a93fac797ef22e97364bed/screenshot - {}
RESULT: {"text":"Material"}
COMMAND: GET /session/0631827be0a93fac797ef22e97364bed/screenshot - {}
RESULT: {}
RESULT: {}
COMMAND: POST /session/0631827be0a93fac797ef22e97364bed/actions - {"actions":[{"id":"action61","type":"key","parameters":{},"actions":[{"type":"keyDown","value":"î€‡"},{"type":"pause","duration":10},{"type":"keyUp","value":"î€‡"}]}]}
RESULT: {"actions":[{"id":"action61","type":"key","parameters":{},"actions":[{"type":"keyDown","value":"î€‡"},{"type":"pause","duration":10},{"type":"keyUp","value":"î€‡"}]}]}
COMMAND: POST /session/0631827be0a93fac797ef22e97364bed/element - {"using":"xpath","value":"//td[7]/div/div/input[1]"}
COMMAND: GET /session/0631827be0a93fac797ef22e97364bed/screenshot - {}
RESULT: {"using":"xpath","value":"//td[7]/div/div/input[1]"}
COMMAND: POST /session/0631827be0a93fac797ef22e97364bed/element/f.1195843739892CF439726866CA7D4ED2.d.5C9091D12BDB5C7919C20C00B51D82A3.e.14047/clear - {}
RESULT: {}
RESULT: {}
COMMAND: POST /session/0631827be0a93fac797ef22e97364bed/element/f.1195843739892CF439726866CA7D4ED2.d.5C9091D12BDB5C7919C20C00B51D82A3.e.14047/value - {"text":"200248"}
COMMAND: GET /session/0631827be0a93fac797ef22e97364bed/screenshot - {}
RESULT: {"text":"200248"}
COMMAND: GET /session/0631827be0a93fac797ef22e97364bed/screenshot - {}
RESULT: {}
RESULT: {}
COMMAND: POST /session/0631827be0a93fac797ef22e97364bed/actions - {"actions":[{"id":"action62","type":"key","parameters":{},"actions":[{"type":"keyDown","value":"î€‡"},{"type":"pause","duration":10},{"type":"keyUp","value":"î€‡"}]}]}
RESULT: {"actions":[{"id":"action62","type":"key","parameters":{},"actions":[{"type":"keyDown","value":"î€‡"},{"type":"pause","duration":10},{"type":"keyUp","value":"î€‡"}]}]}
COMMAND: POST /session/0631827be0a93fac797ef22e97364bed/execute/async - {"script":"<script> [1562 bytes]","args":[{"selector":{"controlType":"sap.m.Button","properties":{"text":"OK"},"searchOpenDialogs":true,"interaction":{"idSuffix":"BDI-content"}},"wdio_ui5_key":"sapm.Button{\"text\":\"OK\"}"}]}
COMMAND: GET /session/0631827be0a93fac797ef22e97364bed/screenshot - {}
RESULT: {"script":"<script> [1562 bytes]","args":[{"selector":{"controlType":"sap.m.Button","properties":{"text":"OK"},"searchOpenDialogs":true,"interaction":{"idSuffix":"BDI-content"}},"wdio_ui5_key":"sapm.Button{\"text\":\"OK\"}"}]}
RESULT: undefined
COMMAND: POST /session/0631827be0a93fac797ef22e97364bed/element - {"using":"xpath","value":"//*[@id=\"__mbox-btn-1\"]"}
RESULT: {}
RESULT: {"using":"xpath","value":"//*[@id=\"__mbox-btn-1\"]"}
COMMAND: POST /session/0631827be0a93fac797ef22e97364bed/element/f.1195843739892CF439726866CA7D4ED2.d.5C9091D12BDB5C7919C20C00B51D82A3.e.14068/click - {}
RESULT: {}
COMMAND: POST /session/0631827be0a93fac797ef22e97364bed/execute/async - {"script":"<script> [1562 bytes]","args":[{"selector":{"id":"saveBtn","viewName":"etm.portal.ui.managecontracts.view.EditContract","interaction":{"idSuffix":"BDI-content"}},"wdio_ui5_key":"saveBtnetmportal.ui.managecontracts.view.EditContract"}]}
COMMAND: GET /session/0631827be0a93fac797ef22e97364bed/screenshot - {}
RESULT: {"script":"<script> [1562 bytes]","args":[{"selector":{"id":"saveBtn","viewName":"etm.portal.ui.managecontracts.view.EditContract","interaction":{"idSuffix":"BDI-content"}},"wdio_ui5_key":"saveBtnetmportal.ui.managecontracts.view.EditContract"}]}
RESULT: undefined
COMMAND: POST /session/0631827be0a93fac797ef22e97364bed/element - {"using":"xpath","value":"//*[@id=\"__xmlview62--saveBtn\"]"}
RESULT: {}
RESULT: {"using":"xpath","value":"//*[@id=\"__xmlview62--saveBtn\"]"}
COMMAND: POST /session/0631827be0a93fac797ef22e97364bed/element/f.1195843739892CF439726866CA7D4ED2.d.5C9091D12BDB5C7919C20C00B51D82A3.e.14094/click - {}
RESULT: {}
COMMAND: GET /session/0631827be0a93fac797ef22e97364bed/screenshot - {}
RESULT: {}
COMMAND: POST /session/0631827be0a93fac797ef22e97364bed/execute/async - {"script":"<script> [1562 bytes]","args":[{"selector":{"id":"additionalAddressesTabFilter","viewName":"etm.portal.ui.managecontracts.view.Detail","interaction":{"idSuffix":"text"}},"wdio_ui5_key":"additionalAddressesTabFilteretmportal.ui.managecontracts.view.Detail"}]}
RESULT: {"script":"<script> [1562 bytes]","args":[{"selector":{"id":"additionalAddressesTabFilter","viewName":"etm.portal.ui.managecontracts.view.Detail","interaction":{"idSuffix":"text"}},"wdio_ui5_key":"additionalAddressesTabFilteretmportal.ui.managecontracts.view.Detail"}]}
RESULT: undefined
COMMAND: POST /session/0631827be0a93fac797ef22e97364bed/element - {"using":"xpath","value":"//*[@id=\"__xmlview61--additionalAddressesTabFilter\"]"}
RESULT: {"using":"xpath","value":"//*[@id=\"__xmlview61--additionalAddressesTabFilter\"]"}
COMMAND: POST /session/0631827be0a93fac797ef22e97364bed/element/f.1195843739892CF439726866CA7D4ED2.d.5C9091D12BDB5C7919C20C00B51D82A3.e.14098/click - {}
RESULT: {}
COMMAND: POST /session/0631827be0a93fac797ef22e97364bed/execute/async - {"script":"<script> [1562 bytes]","args":[{"selector":{"id":"contractDetailProvideButton","viewName":"etm.portal.ui.managecontracts.view.Detail","interaction":{"idSuffix":"BDI-content"}},"wdio_ui5_key":"contractDetailProvideButtonetmportal.ui.managecontracts.view.Detail"}]}
COMMAND: GET /session/0631827be0a93fac797ef22e97364bed/screenshot - {}
RESULT: {"script":"<script> [1562 bytes]","args":[{"selector":{"id":"contractDetailProvideButton","viewName":"etm.portal.ui.managecontracts.view.Detail","interaction":{"idSuffix":"BDI-content"}},"wdio_ui5_key":"contractDetailProvideButtonetmportal.ui.managecontracts.view.Detail"}]}
RESULT: undefined
COMMAND: POST /session/0631827be0a93fac797ef22e97364bed/element - {"using":"xpath","value":"//*[@id=\"__xmlview61--contractDetailProvideButton\"]"}
RESULT: {}
RESULT: {"using":"xpath","value":"//*[@id=\"__xmlview61--contractDetailProvideButton\"]"}
COMMAND: POST /session/0631827be0a93fac797ef22e97364bed/element/f.1195843739892CF439726866CA7D4ED2.d.5C9091D12BDB5C7919C20C00B51D82A3.e.14105/click - {}
RESULT: {}
COMMAND: GET /session/0631827be0a93fac797ef22e97364bed/screenshot - {}
RESULT: {}
]]></system-out>
    </testcase>
    <testcase classname="chrome.135_0_7049_96.windows.Provide_to_Site_w/o_warehouse_management_wo_clarification" name="Should Create HandOvers provide to site" time="188.031">
      <system-out><![CDATA[
COMMAND: POST /session/0631827be0a93fac797ef22e97364bed/element - {"using":"css selector","value":"#application-managehandovers-display-component---AddNewHO--dueDate-inner"}
RESULT: {"using":"css selector","value":"#application-managehandovers-display-component---AddNewHO--dueDate-inner"}
COMMAND: POST /session/0631827be0a93fac797ef22e97364bed/element/f.1195843739892CF439726866CA7D4ED2.d.5C9091D12BDB5C7919C20C00B51D82A3.e.14168/clear - {}
RESULT: {}
COMMAND: POST /session/0631827be0a93fac797ef22e97364bed/element/f.1195843739892CF439726866CA7D4ED2.d.5C9091D12BDB5C7919C20C00B51D82A3.e.14168/value - {"text":"4/30/25"}
COMMAND: GET /session/0631827be0a93fac797ef22e97364bed/screenshot - {}
RESULT: {"text":"4/30/25"}
COMMAND: POST /session/0631827be0a93fac797ef22e97364bed/element - {"using":"xpath","value":"//bdi[(text() = 'Items' or . = 'Items')]"}
COMMAND: GET /session/0631827be0a93fac797ef22e97364bed/screenshot - {}
RESULT: {}
RESULT: {"using":"xpath","value":"//bdi[(text() = 'Items' or . = 'Items')]"}
COMMAND: POST /session/0631827be0a93fac797ef22e97364bed/element/f.1195843739892CF439726866CA7D4ED2.d.5C9091D12BDB5C7919C20C00B51D82A3.e.14237/click - {}
RESULT: {}
RESULT: {}
COMMAND: POST /session/0631827be0a93fac797ef22e97364bed/execute/async - {"script":"<script> [1562 bytes]","args":[{"selector":{"controlType":"sap.m.Button","viewName":"etm.portal.ui.managehandovers.view.AddNewHO","viewId":"application-managehandovers-display-component---AddNewHO","i18NText":{"propertyName":"tooltip","key":"addItems"}},"wdio_ui5_key":"etmportal.ui.managehandovers.view.AddNewHOsap.m.Button{\"propertyName\":\"tooltip\",\"key\":\"addItems\"}"}]}
COMMAND: GET /session/0631827be0a93fac797ef22e97364bed/screenshot - {}
RESULT: {"script":"<script> [1562 bytes]","args":[{"selector":{"controlType":"sap.m.Button","viewName":"etm.portal.ui.managehandovers.view.AddNewHO","viewId":"application-managehandovers-display-component---AddNewHO","i18NText":{"propertyName":"tooltip","key":"addItems"}},"wdio_ui5_key":"etmportal.ui.managehandovers.view.AddNewHOsap.m.Button{\"propertyName\":\"tooltip\",\"key\":\"addItems\"}"}]}
RESULT: undefined
COMMAND: POST /session/0631827be0a93fac797ef22e97364bed/element - {"using":"xpath","value":"//*[@id=\"__button349\"]"}
RESULT: {}
RESULT: {"using":"xpath","value":"//*[@id=\"__button349\"]"}
COMMAND: POST /session/0631827be0a93fac797ef22e97364bed/element/f.1195843739892CF439726866CA7D4ED2.d.5C9091D12BDB5C7919C20C00B51D82A3.e.14242/click - {}
RESULT: {}
COMMAND: GET /session/0631827be0a93fac797ef22e97364bed/screenshot - {}
RESULT: {}
COMMAND: POST /session/0631827be0a93fac797ef22e97364bed/element - {"using":"css selector","value":"div[id= \"application-managehandovers-display-component---AddNewHO--popup-sa-CbBg\"]"}
RESULT: {"using":"css selector","value":"div[id= \"application-managehandovers-display-component---AddNewHO--popup-sa-CbBg\"]"}
COMMAND: POST /session/0631827be0a93fac797ef22e97364bed/element/f.1195843739892CF439726866CA7D4ED2.d.5C9091D12BDB5C7919C20C00B51D82A3.e.14260/click - {}
RESULT: {}
COMMAND: GET /session/0631827be0a93fac797ef22e97364bed/screenshot - {}
RESULT: {}
COMMAND: POST /session/0631827be0a93fac797ef22e97364bed/element - {"using":"xpath","value":"//bdi[(text() = 'Select' or . = 'Select')]"}
RESULT: {"using":"xpath","value":"//bdi[(text() = 'Select' or . = 'Select')]"}
COMMAND: POST /session/0631827be0a93fac797ef22e97364bed/element/f.1195843739892CF439726866CA7D4ED2.d.5C9091D12BDB5C7919C20C00B51D82A3.e.14261/click - {}
RESULT: {}
COMMAND: GET /session/0631827be0a93fac797ef22e97364bed/screenshot - {}
RESULT: {}
COMMAND: POST /session/0631827be0a93fac797ef22e97364bed/element - {"using":"xpath","value":"//bdi[(text() = 'Save' or . = 'Save')]"}
RESULT: {"using":"xpath","value":"//bdi[(text() = 'Save' or . = 'Save')]"}
COMMAND: POST /session/0631827be0a93fac797ef22e97364bed/element/f.1195843739892CF439726866CA7D4ED2.d.5C9091D12BDB5C7919C20C00B51D82A3.e.14269/click - {}
RESULT: {}
COMMAND: GET /session/0631827be0a93fac797ef22e97364bed/screenshot - {}
RESULT: {}
COMMAND: POST /session/0631827be0a93fac797ef22e97364bed/element - {"using":"xpath","value":"//*[text()='OK']"}
RESULT: {"using":"xpath","value":"//*[text()='OK']"}
COMMAND: POST /session/0631827be0a93fac797ef22e97364bed/elements - {"using":"xpath","value":"//*[text()='OK']"}
RESULT: {"using":"xpath","value":"//*[text()='OK']"}
COMMAND: POST /session/0631827be0a93fac797ef22e97364bed/elements - {"using":"xpath","value":"//*[text()='OK']"}
RESULT: {"using":"xpath","value":"//*[text()='OK']"}
COMMAND: POST /session/0631827be0a93fac797ef22e97364bed/elements - {"using":"xpath","value":"//*[text()='OK']"}
RESULT: {"using":"xpath","value":"//*[text()='OK']"}
COMMAND: POST /session/0631827be0a93fac797ef22e97364bed/elements - {"using":"xpath","value":"//*[text()='OK']"}
RESULT: {"using":"xpath","value":"//*[text()='OK']"}
COMMAND: POST /session/0631827be0a93fac797ef22e97364bed/elements - {"using":"xpath","value":"//*[text()='OK']"}
RESULT: {"using":"xpath","value":"//*[text()='OK']"}
COMMAND: POST /session/0631827be0a93fac797ef22e97364bed/elements - {"using":"xpath","value":"//*[text()='OK']"}
RESULT: {"using":"xpath","value":"//*[text()='OK']"}
COMMAND: POST /session/0631827be0a93fac797ef22e97364bed/elements - {"using":"xpath","value":"//*[text()='OK']"}
RESULT: {"using":"xpath","value":"//*[text()='OK']"}
COMMAND: POST /session/0631827be0a93fac797ef22e97364bed/elements - {"using":"xpath","value":"//*[text()='OK']"}
RESULT: {"using":"xpath","value":"//*[text()='OK']"}
COMMAND: POST /session/0631827be0a93fac797ef22e97364bed/elements - {"using":"xpath","value":"//*[text()='OK']"}
RESULT: {"using":"xpath","value":"//*[text()='OK']"}
COMMAND: POST /session/0631827be0a93fac797ef22e97364bed/elements - {"using":"xpath","value":"//*[text()='OK']"}
RESULT: {"using":"xpath","value":"//*[text()='OK']"}
COMMAND: POST /session/0631827be0a93fac797ef22e97364bed/elements - {"using":"xpath","value":"//*[text()='OK']"}
RESULT: {"using":"xpath","value":"//*[text()='OK']"}
COMMAND: POST /session/0631827be0a93fac797ef22e97364bed/elements - {"using":"xpath","value":"//*[text()='OK']"}
RESULT: {"using":"xpath","value":"//*[text()='OK']"}
COMMAND: POST /session/0631827be0a93fac797ef22e97364bed/elements - {"using":"xpath","value":"//*[text()='OK']"}
RESULT: {"using":"xpath","value":"//*[text()='OK']"}
COMMAND: POST /session/0631827be0a93fac797ef22e97364bed/elements - {"using":"xpath","value":"//*[text()='OK']"}
RESULT: {"using":"xpath","value":"//*[text()='OK']"}
COMMAND: POST /session/0631827be0a93fac797ef22e97364bed/elements - {"using":"xpath","value":"//*[text()='OK']"}
RESULT: {"using":"xpath","value":"//*[text()='OK']"}
COMMAND: POST /session/0631827be0a93fac797ef22e97364bed/elements - {"using":"xpath","value":"//*[text()='OK']"}
RESULT: {"using":"xpath","value":"//*[text()='OK']"}
COMMAND: POST /session/0631827be0a93fac797ef22e97364bed/elements - {"using":"xpath","value":"//*[text()='OK']"}
RESULT: {"using":"xpath","value":"//*[text()='OK']"}
COMMAND: POST /session/0631827be0a93fac797ef22e97364bed/elements - {"using":"xpath","value":"//*[text()='OK']"}
RESULT: {"using":"xpath","value":"//*[text()='OK']"}
COMMAND: POST /session/0631827be0a93fac797ef22e97364bed/elements - {"using":"xpath","value":"//*[text()='OK']"}
RESULT: {"using":"xpath","value":"//*[text()='OK']"}
COMMAND: POST /session/0631827be0a93fac797ef22e97364bed/elements - {"using":"xpath","value":"//*[text()='OK']"}
RESULT: {"using":"xpath","value":"//*[text()='OK']"}
COMMAND: POST /session/0631827be0a93fac797ef22e97364bed/elements - {"using":"xpath","value":"//*[text()='OK']"}
RESULT: {"using":"xpath","value":"//*[text()='OK']"}
COMMAND: POST /session/0631827be0a93fac797ef22e97364bed/elements - {"using":"xpath","value":"//*[text()='OK']"}
RESULT: {"using":"xpath","value":"//*[text()='OK']"}
COMMAND: POST /session/0631827be0a93fac797ef22e97364bed/elements - {"using":"xpath","value":"//*[text()='OK']"}
RESULT: {"using":"xpath","value":"//*[text()='OK']"}
COMMAND: POST /session/0631827be0a93fac797ef22e97364bed/elements - {"using":"xpath","value":"//*[text()='OK']"}
RESULT: {"using":"xpath","value":"//*[text()='OK']"}
COMMAND: POST /session/0631827be0a93fac797ef22e97364bed/elements - {"using":"xpath","value":"//*[text()='OK']"}
RESULT: {"using":"xpath","value":"//*[text()='OK']"}
COMMAND: POST /session/0631827be0a93fac797ef22e97364bed/elements - {"using":"xpath","value":"//*[text()='OK']"}
RESULT: {"using":"xpath","value":"//*[text()='OK']"}
COMMAND: POST /session/0631827be0a93fac797ef22e97364bed/elements - {"using":"xpath","value":"//*[text()='OK']"}
RESULT: {"using":"xpath","value":"//*[text()='OK']"}
COMMAND: POST /session/0631827be0a93fac797ef22e97364bed/elements - {"using":"xpath","value":"//*[text()='OK']"}
RESULT: {"using":"xpath","value":"//*[text()='OK']"}
COMMAND: POST /session/0631827be0a93fac797ef22e97364bed/elements - {"using":"xpath","value":"//*[text()='OK']"}
RESULT: {"using":"xpath","value":"//*[text()='OK']"}
COMMAND: POST /session/0631827be0a93fac797ef22e97364bed/elements - {"using":"xpath","value":"//*[text()='OK']"}
RESULT: {"using":"xpath","value":"//*[text()='OK']"}
COMMAND: POST /session/0631827be0a93fac797ef22e97364bed/elements - {"using":"xpath","value":"//*[text()='OK']"}
RESULT: {"using":"xpath","value":"//*[text()='OK']"}
COMMAND: POST /session/0631827be0a93fac797ef22e97364bed/elements - {"using":"xpath","value":"//*[text()='OK']"}
RESULT: {"using":"xpath","value":"//*[text()='OK']"}
COMMAND: POST /session/0631827be0a93fac797ef22e97364bed/elements - {"using":"xpath","value":"//*[text()='OK']"}
RESULT: {"using":"xpath","value":"//*[text()='OK']"}
COMMAND: POST /session/0631827be0a93fac797ef22e97364bed/elements - {"using":"xpath","value":"//*[text()='OK']"}
RESULT: {"using":"xpath","value":"//*[text()='OK']"}
COMMAND: POST /session/0631827be0a93fac797ef22e97364bed/elements - {"using":"xpath","value":"//*[text()='OK']"}
RESULT: {"using":"xpath","value":"//*[text()='OK']"}
COMMAND: POST /session/0631827be0a93fac797ef22e97364bed/elements - {"using":"xpath","value":"//*[text()='OK']"}
RESULT: {"using":"xpath","value":"//*[text()='OK']"}
COMMAND: POST /session/0631827be0a93fac797ef22e97364bed/elements - {"using":"xpath","value":"//*[text()='OK']"}
RESULT: {"using":"xpath","value":"//*[text()='OK']"}
COMMAND: POST /session/0631827be0a93fac797ef22e97364bed/elements - {"using":"xpath","value":"//*[text()='OK']"}
RESULT: {"using":"xpath","value":"//*[text()='OK']"}
COMMAND: POST /session/0631827be0a93fac797ef22e97364bed/elements - {"using":"xpath","value":"//*[text()='OK']"}
RESULT: {"using":"xpath","value":"//*[text()='OK']"}
COMMAND: POST /session/0631827be0a93fac797ef22e97364bed/elements - {"using":"xpath","value":"//*[text()='OK']"}
RESULT: {"using":"xpath","value":"//*[text()='OK']"}
COMMAND: POST /session/0631827be0a93fac797ef22e97364bed/elements - {"using":"xpath","value":"//*[text()='OK']"}
RESULT: {"using":"xpath","value":"//*[text()='OK']"}
COMMAND: POST /session/0631827be0a93fac797ef22e97364bed/elements - {"using":"xpath","value":"//*[text()='OK']"}
RESULT: {"using":"xpath","value":"//*[text()='OK']"}
COMMAND: POST /session/0631827be0a93fac797ef22e97364bed/elements - {"using":"xpath","value":"//*[text()='OK']"}
RESULT: {"using":"xpath","value":"//*[text()='OK']"}
COMMAND: POST /session/0631827be0a93fac797ef22e97364bed/elements - {"using":"xpath","value":"//*[text()='OK']"}
RESULT: {"using":"xpath","value":"//*[text()='OK']"}
COMMAND: POST /session/0631827be0a93fac797ef22e97364bed/elements - {"using":"xpath","value":"//*[text()='OK']"}
RESULT: {"using":"xpath","value":"//*[text()='OK']"}
COMMAND: POST /session/0631827be0a93fac797ef22e97364bed/elements - {"using":"xpath","value":"//*[text()='OK']"}
RESULT: {"using":"xpath","value":"//*[text()='OK']"}
COMMAND: POST /session/0631827be0a93fac797ef22e97364bed/elements - {"using":"xpath","value":"//*[text()='OK']"}
RESULT: {"using":"xpath","value":"//*[text()='OK']"}
COMMAND: POST /session/0631827be0a93fac797ef22e97364bed/elements - {"using":"xpath","value":"//*[text()='OK']"}
RESULT: {"using":"xpath","value":"//*[text()='OK']"}
COMMAND: POST /session/0631827be0a93fac797ef22e97364bed/elements - {"using":"xpath","value":"//*[text()='OK']"}
RESULT: {"using":"xpath","value":"//*[text()='OK']"}
COMMAND: POST /session/0631827be0a93fac797ef22e97364bed/elements - {"using":"xpath","value":"//*[text()='OK']"}
RESULT: {"using":"xpath","value":"//*[text()='OK']"}
COMMAND: POST /session/0631827be0a93fac797ef22e97364bed/elements - {"using":"xpath","value":"//*[text()='OK']"}
RESULT: {"using":"xpath","value":"//*[text()='OK']"}
COMMAND: POST /session/0631827be0a93fac797ef22e97364bed/elements - {"using":"xpath","value":"//*[text()='OK']"}
RESULT: {"using":"xpath","value":"//*[text()='OK']"}
COMMAND: POST /session/0631827be0a93fac797ef22e97364bed/elements - {"using":"xpath","value":"//*[text()='OK']"}
RESULT: {"using":"xpath","value":"//*[text()='OK']"}
COMMAND: POST /session/0631827be0a93fac797ef22e97364bed/elements - {"using":"xpath","value":"//*[text()='OK']"}
RESULT: {"using":"xpath","value":"//*[text()='OK']"}
COMMAND: POST /session/0631827be0a93fac797ef22e97364bed/elements - {"using":"xpath","value":"//*[text()='OK']"}
RESULT: {"using":"xpath","value":"//*[text()='OK']"}
COMMAND: POST /session/0631827be0a93fac797ef22e97364bed/elements - {"using":"xpath","value":"//*[text()='OK']"}
RESULT: {"using":"xpath","value":"//*[text()='OK']"}
COMMAND: POST /session/0631827be0a93fac797ef22e97364bed/elements - {"using":"xpath","value":"//*[text()='OK']"}
RESULT: {"using":"xpath","value":"//*[text()='OK']"}
COMMAND: POST /session/0631827be0a93fac797ef22e97364bed/elements - {"using":"xpath","value":"//*[text()='OK']"}
RESULT: {"using":"xpath","value":"//*[text()='OK']"}
COMMAND: POST /session/0631827be0a93fac797ef22e97364bed/elements - {"using":"xpath","value":"//*[text()='OK']"}
RESULT: {"using":"xpath","value":"//*[text()='OK']"}
COMMAND: POST /session/0631827be0a93fac797ef22e97364bed/elements - {"using":"xpath","value":"//*[text()='OK']"}
RESULT: {"using":"xpath","value":"//*[text()='OK']"}
COMMAND: POST /session/0631827be0a93fac797ef22e97364bed/elements - {"using":"xpath","value":"//*[text()='OK']"}
RESULT: {"using":"xpath","value":"//*[text()='OK']"}
COMMAND: POST /session/0631827be0a93fac797ef22e97364bed/elements - {"using":"xpath","value":"//*[text()='OK']"}
RESULT: {"using":"xpath","value":"//*[text()='OK']"}
COMMAND: POST /session/0631827be0a93fac797ef22e97364bed/elements - {"using":"xpath","value":"//*[text()='OK']"}
RESULT: {"using":"xpath","value":"//*[text()='OK']"}
COMMAND: POST /session/0631827be0a93fac797ef22e97364bed/elements - {"using":"xpath","value":"//*[text()='OK']"}
RESULT: {"using":"xpath","value":"//*[text()='OK']"}
COMMAND: POST /session/0631827be0a93fac797ef22e97364bed/elements - {"using":"xpath","value":"//*[text()='OK']"}
RESULT: {"using":"xpath","value":"//*[text()='OK']"}
COMMAND: POST /session/0631827be0a93fac797ef22e97364bed/elements - {"using":"xpath","value":"//*[text()='OK']"}
RESULT: {"using":"xpath","value":"//*[text()='OK']"}
COMMAND: POST /session/0631827be0a93fac797ef22e97364bed/elements - {"using":"xpath","value":"//*[text()='OK']"}
RESULT: {"using":"xpath","value":"//*[text()='OK']"}
COMMAND: POST /session/0631827be0a93fac797ef22e97364bed/elements - {"using":"xpath","value":"//*[text()='OK']"}
RESULT: {"using":"xpath","value":"//*[text()='OK']"}
COMMAND: POST /session/0631827be0a93fac797ef22e97364bed/elements - {"using":"xpath","value":"//*[text()='OK']"}
RESULT: {"using":"xpath","value":"//*[text()='OK']"}
COMMAND: POST /session/0631827be0a93fac797ef22e97364bed/elements - {"using":"xpath","value":"//*[text()='OK']"}
RESULT: {"using":"xpath","value":"//*[text()='OK']"}
COMMAND: POST /session/0631827be0a93fac797ef22e97364bed/elements - {"using":"xpath","value":"//*[text()='OK']"}
RESULT: {"using":"xpath","value":"//*[text()='OK']"}
COMMAND: POST /session/0631827be0a93fac797ef22e97364bed/elements - {"using":"xpath","value":"//*[text()='OK']"}
RESULT: {"using":"xpath","value":"//*[text()='OK']"}
COMMAND: POST /session/0631827be0a93fac797ef22e97364bed/elements - {"using":"xpath","value":"//*[text()='OK']"}
RESULT: {"using":"xpath","value":"//*[text()='OK']"}
COMMAND: POST /session/0631827be0a93fac797ef22e97364bed/elements - {"using":"xpath","value":"//*[text()='OK']"}
RESULT: {"using":"xpath","value":"//*[text()='OK']"}
COMMAND: POST /session/0631827be0a93fac797ef22e97364bed/elements - {"using":"xpath","value":"//*[text()='OK']"}
RESULT: {"using":"xpath","value":"//*[text()='OK']"}
COMMAND: POST /session/0631827be0a93fac797ef22e97364bed/elements - {"using":"xpath","value":"//*[text()='OK']"}
RESULT: {"using":"xpath","value":"//*[text()='OK']"}
COMMAND: POST /session/0631827be0a93fac797ef22e97364bed/elements - {"using":"xpath","value":"//*[text()='OK']"}
RESULT: {"using":"xpath","value":"//*[text()='OK']"}
COMMAND: POST /session/0631827be0a93fac797ef22e97364bed/elements - {"using":"xpath","value":"//*[text()='OK']"}
RESULT: {"using":"xpath","value":"//*[text()='OK']"}
COMMAND: POST /session/0631827be0a93fac797ef22e97364bed/elements - {"using":"xpath","value":"//*[text()='OK']"}
RESULT: {"using":"xpath","value":"//*[text()='OK']"}
COMMAND: POST /session/0631827be0a93fac797ef22e97364bed/elements - {"using":"xpath","value":"//*[text()='OK']"}
RESULT: {"using":"xpath","value":"//*[text()='OK']"}
COMMAND: POST /session/0631827be0a93fac797ef22e97364bed/elements - {"using":"xpath","value":"//*[text()='OK']"}
RESULT: {"using":"xpath","value":"//*[text()='OK']"}
COMMAND: POST /session/0631827be0a93fac797ef22e97364bed/elements - {"using":"xpath","value":"//*[text()='OK']"}
RESULT: {"using":"xpath","value":"//*[text()='OK']"}
COMMAND: POST /session/0631827be0a93fac797ef22e97364bed/elements - {"using":"xpath","value":"//*[text()='OK']"}
RESULT: {"using":"xpath","value":"//*[text()='OK']"}
COMMAND: POST /session/0631827be0a93fac797ef22e97364bed/elements - {"using":"xpath","value":"//*[text()='OK']"}
RESULT: {"using":"xpath","value":"//*[text()='OK']"}
COMMAND: POST /session/0631827be0a93fac797ef22e97364bed/elements - {"using":"xpath","value":"//*[text()='OK']"}
RESULT: {"using":"xpath","value":"//*[text()='OK']"}
COMMAND: POST /session/0631827be0a93fac797ef22e97364bed/elements - {"using":"xpath","value":"//*[text()='OK']"}
RESULT: {"using":"xpath","value":"//*[text()='OK']"}
COMMAND: POST /session/0631827be0a93fac797ef22e97364bed/elements - {"using":"xpath","value":"//*[text()='OK']"}
RESULT: {"using":"xpath","value":"//*[text()='OK']"}
COMMAND: POST /session/0631827be0a93fac797ef22e97364bed/elements - {"using":"xpath","value":"//*[text()='OK']"}
RESULT: {"using":"xpath","value":"//*[text()='OK']"}
COMMAND: POST /session/0631827be0a93fac797ef22e97364bed/elements - {"using":"xpath","value":"//*[text()='OK']"}
RESULT: {"using":"xpath","value":"//*[text()='OK']"}
COMMAND: POST /session/0631827be0a93fac797ef22e97364bed/elements - {"using":"xpath","value":"//*[text()='OK']"}
RESULT: {"using":"xpath","value":"//*[text()='OK']"}
COMMAND: POST /session/0631827be0a93fac797ef22e97364bed/elements - {"using":"xpath","value":"//*[text()='OK']"}
RESULT: {"using":"xpath","value":"//*[text()='OK']"}
COMMAND: POST /session/0631827be0a93fac797ef22e97364bed/element - {"using":"xpath","value":"//*[text()='provide (prepared)']"}
RESULT: {"using":"xpath","value":"//*[text()='provide (prepared)']"}
COMMAND: GET /session/0631827be0a93fac797ef22e97364bed/element/f.1195843739892CF439726866CA7D4ED2.d.5C9091D12BDB5C7919C20C00B51D82A3.e.14314/text - {}
RESULT: {}
COMMAND: POST /session/0631827be0a93fac797ef22e97364bed/element - {"using":"xpath","value":"//*[contains(text(), \"Instructions\")][@class=\"sapMITHTextContent\"]"}
RESULT: {"using":"xpath","value":"//*[contains(text(), \"Instructions\")][@class=\"sapMITHTextContent\"]"}
COMMAND: POST /session/0631827be0a93fac797ef22e97364bed/execute/sync - {"script":"<script> [8489 bytes]","args":[{"element-6066-11e4-a52e-4f735466cecf":"f.1195843739892CF439726866CA7D4ED2.d.5C9091D12BDB5C7919C20C00B51D82A3.e.14315","ELEMENT":"f.1195843739892CF439726866CA7D4ED2.d.5C9091D12BDB5C7919C20C00B51D82A3.e.14315"}]}
RESULT: {"script":"<script> [8489 bytes]","args":[{"element-6066-11e4-a52e-4f735466cecf":"f.1195843739892CF439726866CA7D4ED2.d.5C9091D12BDB5C7919C20C00B51D82A3.e.14315","ELEMENT":"f.1195843739892CF439726866CA7D4ED2.d.5C9091D12BDB5C7919C20C00B51D82A3.e.14315"}]}
COMMAND: POST /session/0631827be0a93fac797ef22e97364bed/execute/sync - {"script":"<script> [5351 bytes]","args":[{"element-6066-11e4-a52e-4f735466cecf":"f.1195843739892CF439726866CA7D4ED2.d.5C9091D12BDB5C7919C20C00B51D82A3.e.14315","ELEMENT":"f.1195843739892CF439726866CA7D4ED2.d.5C9091D12BDB5C7919C20C00B51D82A3.e.14315"}]}
COMMAND: GET /session/0631827be0a93fac797ef22e97364bed/screenshot - {}
RESULT: {"script":"<script> [5351 bytes]","args":[{"element-6066-11e4-a52e-4f735466cecf":"f.1195843739892CF439726866CA7D4ED2.d.5C9091D12BDB5C7919C20C00B51D82A3.e.14315","ELEMENT":"f.1195843739892CF439726866CA7D4ED2.d.5C9091D12BDB5C7919C20C00B51D82A3.e.14315"}]}
COMMAND: POST /session/0631827be0a93fac797ef22e97364bed/element/f.1195843739892CF439726866CA7D4ED2.d.5C9091D12BDB5C7919C20C00B51D82A3.e.14315/click - {}
COMMAND: GET /session/0631827be0a93fac797ef22e97364bed/screenshot - {}
RESULT: {}
RESULT: {}
COMMAND: POST /session/0631827be0a93fac797ef22e97364bed/actions - {"actions":[{"id":"action63","type":"key","parameters":{},"actions":[{"type":"keyDown","value":"î€‡"},{"type":"pause","duration":10},{"type":"keyUp","value":"î€‡"}]}]}
COMMAND: GET /session/0631827be0a93fac797ef22e97364bed/screenshot - {}
RESULT: {}
RESULT: {"actions":[{"id":"action63","type":"key","parameters":{},"actions":[{"type":"keyDown","value":"î€‡"},{"type":"pause","duration":10},{"type":"keyUp","value":"î€‡"}]}]}
COMMAND: POST /session/0631827be0a93fac797ef22e97364bed/element - {"using":"css selector","value":"#pickDialog--hoItemsTable-sa-CbBg"}
COMMAND: GET /session/0631827be0a93fac797ef22e97364bed/screenshot - {}
RESULT: {}
RESULT: {"using":"css selector","value":"#pickDialog--hoItemsTable-sa-CbBg"}
COMMAND: GET /session/0631827be0a93fac797ef22e97364bed/element/f.1195843739892CF439726866CA7D4ED2.d.5C9091D12BDB5C7919C20C00B51D82A3.e.14323/enabled - {}
RESULT: {}
RESULT: {}
COMMAND: POST /session/0631827be0a93fac797ef22e97364bed/execute/sync - {"script":"<script> [8489 bytes]","args":[{"element-6066-11e4-a52e-4f735466cecf":"f.1195843739892CF439726866CA7D4ED2.d.5C9091D12BDB5C7919C20C00B51D82A3.e.14323","ELEMENT":"f.1195843739892CF439726866CA7D4ED2.d.5C9091D12BDB5C7919C20C00B51D82A3.e.14323"}]}
COMMAND: GET /session/0631827be0a93fac797ef22e97364bed/screenshot - {}
RESULT: {"script":"<script> [8489 bytes]","args":[{"element-6066-11e4-a52e-4f735466cecf":"f.1195843739892CF439726866CA7D4ED2.d.5C9091D12BDB5C7919C20C00B51D82A3.e.14323","ELEMENT":"f.1195843739892CF439726866CA7D4ED2.d.5C9091D12BDB5C7919C20C00B51D82A3.e.14323"}]}
COMMAND: POST /session/0631827be0a93fac797ef22e97364bed/execute/sync - {"script":"<script> [5351 bytes]","args":[{"element-6066-11e4-a52e-4f735466cecf":"f.1195843739892CF439726866CA7D4ED2.d.5C9091D12BDB5C7919C20C00B51D82A3.e.14323","ELEMENT":"f.1195843739892CF439726866CA7D4ED2.d.5C9091D12BDB5C7919C20C00B51D82A3.e.14323"}]}
COMMAND: GET /session/0631827be0a93fac797ef22e97364bed/screenshot - {}
RESULT: {}
RESULT: {"script":"<script> [5351 bytes]","args":[{"element-6066-11e4-a52e-4f735466cecf":"f.1195843739892CF439726866CA7D4ED2.d.5C9091D12BDB5C7919C20C00B51D82A3.e.14323","ELEMENT":"f.1195843739892CF439726866CA7D4ED2.d.5C9091D12BDB5C7919C20C00B51D82A3.e.14323"}]}
COMMAND: POST /session/0631827be0a93fac797ef22e97364bed/element/f.1195843739892CF439726866CA7D4ED2.d.5C9091D12BDB5C7919C20C00B51D82A3.e.14323/click - {}
COMMAND: GET /session/0631827be0a93fac797ef22e97364bed/screenshot - {}
RESULT: {}
RESULT: {}
COMMAND: POST /session/0631827be0a93fac797ef22e97364bed/element - {"using":"xpath","value":"//bdi[text()='Confirm All']"}
COMMAND: GET /session/0631827be0a93fac797ef22e97364bed/screenshot - {}
RESULT: {}
RESULT: {"using":"xpath","value":"//bdi[text()='Confirm All']"}
COMMAND: GET /session/0631827be0a93fac797ef22e97364bed/element/f.1195843739892CF439726866CA7D4ED2.d.5C9091D12BDB5C7919C20C00B51D82A3.e.14326/enabled - {}
RESULT: {}
RESULT: {}
COMMAND: POST /session/0631827be0a93fac797ef22e97364bed/execute/sync - {"script":"<script> [8489 bytes]","args":[{"element-6066-11e4-a52e-4f735466cecf":"f.1195843739892CF439726866CA7D4ED2.d.5C9091D12BDB5C7919C20C00B51D82A3.e.14326","ELEMENT":"f.1195843739892CF439726866CA7D4ED2.d.5C9091D12BDB5C7919C20C00B51D82A3.e.14326"}]}
COMMAND: GET /session/0631827be0a93fac797ef22e97364bed/screenshot - {}
RESULT: {"script":"<script> [8489 bytes]","args":[{"element-6066-11e4-a52e-4f735466cecf":"f.1195843739892CF439726866CA7D4ED2.d.5C9091D12BDB5C7919C20C00B51D82A3.e.14326","ELEMENT":"f.1195843739892CF439726866CA7D4ED2.d.5C9091D12BDB5C7919C20C00B51D82A3.e.14326"}]}
COMMAND: POST /session/0631827be0a93fac797ef22e97364bed/execute/sync - {"script":"<script> [5351 bytes]","args":[{"element-6066-11e4-a52e-4f735466cecf":"f.1195843739892CF439726866CA7D4ED2.d.5C9091D12BDB5C7919C20C00B51D82A3.e.14326","ELEMENT":"f.1195843739892CF439726866CA7D4ED2.d.5C9091D12BDB5C7919C20C00B51D82A3.e.14326"}]}
COMMAND: GET /session/0631827be0a93fac797ef22e97364bed/screenshot - {}
RESULT: {}
RESULT: {"script":"<script> [5351 bytes]","args":[{"element-6066-11e4-a52e-4f735466cecf":"f.1195843739892CF439726866CA7D4ED2.d.5C9091D12BDB5C7919C20C00B51D82A3.e.14326","ELEMENT":"f.1195843739892CF439726866CA7D4ED2.d.5C9091D12BDB5C7919C20C00B51D82A3.e.14326"}]}
COMMAND: POST /session/0631827be0a93fac797ef22e97364bed/element/f.1195843739892CF439726866CA7D4ED2.d.5C9091D12BDB5C7919C20C00B51D82A3.e.14326/click - {}
COMMAND: GET /session/0631827be0a93fac797ef22e97364bed/screenshot - {}
RESULT: {}
RESULT: {}
COMMAND: GET /session/0631827be0a93fac797ef22e97364bed/screenshot - {}
RESULT: {}
RESULT: {}
COMMAND: POST /session/0631827be0a93fac797ef22e97364bed/actions - {"actions":[{"id":"action64","type":"key","parameters":{},"actions":[{"type":"keyDown","value":"î€‡"},{"type":"pause","duration":10},{"type":"keyUp","value":"î€‡"}]}]}
RESULT: {"actions":[{"id":"action64","type":"key","parameters":{},"actions":[{"type":"keyDown","value":"î€‡"},{"type":"pause","duration":10},{"type":"keyUp","value":"î€‡"}]}]}
COMMAND: POST /session/0631827be0a93fac797ef22e97364bed/actions - {"actions":[{"id":"action65","type":"key","parameters":{},"actions":[{"type":"keyDown","value":"î€‡"},{"type":"pause","duration":10},{"type":"keyUp","value":"î€‡"}]}]}
COMMAND: GET /session/0631827be0a93fac797ef22e97364bed/screenshot - {}
RESULT: {"actions":[{"id":"action65","type":"key","parameters":{},"actions":[{"type":"keyDown","value":"î€‡"},{"type":"pause","duration":10},{"type":"keyUp","value":"î€‡"}]}]}
COMMAND: POST /session/0631827be0a93fac797ef22e97364bed/execute/async - {"script":"<script> [1562 bytes]","args":[{"selector":{"id":"statesDialog--okBttnStatesDialog","searchOpenDialogs":true,"interaction":{"idSuffix":"BDI-content"}},"wdio_ui5_key":"statesDialogokBttnStatesDialog"}]}
COMMAND: GET /session/0631827be0a93fac797ef22e97364bed/screenshot - {}
RESULT: {}
RESULT: {"script":"<script> [1562 bytes]","args":[{"selector":{"id":"statesDialog--okBttnStatesDialog","searchOpenDialogs":true,"interaction":{"idSuffix":"BDI-content"}},"wdio_ui5_key":"statesDialogokBttnStatesDialog"}]}
RESULT: undefined
RESULT: {}
RESULT: undefined
RESULT: undefined
COMMAND: POST /session/0631827be0a93fac797ef22e97364bed/actions - {"actions":[{"id":"action66","type":"key","parameters":{},"actions":[{"type":"keyDown","value":"î€‡"},{"type":"pause","duration":10},{"type":"keyUp","value":"î€‡"}]}]}
RESULT: {"actions":[{"id":"action66","type":"key","parameters":{},"actions":[{"type":"keyDown","value":"î€‡"},{"type":"pause","duration":10},{"type":"keyUp","value":"î€‡"}]}]}
COMMAND: POST /session/0631827be0a93fac797ef22e97364bed/execute/async - {"script":"<script> [1562 bytes]","args":[{"selector":{"controlType":"sap.m.Text","viewName":"etm.portal.ui.managehandovers.view.DetailExecuteHO","bindingPath":{"propertyPath":"NO","modelName":"catalogModel"}},"wdio_ui5_key":"etmportal.ui.managehandovers.view.DetailExecuteHOsap.m.Text{\"propertyPath\":\"NO\",\"modelName\":\"catalogModel\"}"}]}
COMMAND: GET /session/0631827be0a93fac797ef22e97364bed/screenshot - {}
RESULT: {"script":"<script> [1562 bytes]","args":[{"selector":{"controlType":"sap.m.Text","viewName":"etm.portal.ui.managehandovers.view.DetailExecuteHO","bindingPath":{"propertyPath":"NO","modelName":"catalogModel"}},"wdio_ui5_key":"etmportal.ui.managehandovers.view.DetailExecuteHOsap.m.Text{\"propertyPath\":\"NO\",\"modelName\":\"catalogModel\"}"}]}
RESULT: undefined
COMMAND: POST /session/0631827be0a93fac797ef22e97364bed/execute/async - {"script":"<script> [6424 bytes]","args":[{"element-6066-11e4-a52e-4f735466cecf":"f.1195843739892CF439726866CA7D4ED2.d.5C9091D12BDB5C7919C20C00B51D82A3.e.14332"},"getText",[]]}
RESULT: {}
RESULT: {"script":"<script> [6424 bytes]","args":[{"element-6066-11e4-a52e-4f735466cecf":"f.1195843739892CF439726866CA7D4ED2.d.5C9091D12BDB5C7919C20C00B51D82A3.e.14332"},"getText",[]]}
COMMAND: POST /session/0631827be0a93fac797ef22e97364bed/actions - {"actions":[{"id":"action67","type":"key","parameters":{},"actions":[{"type":"keyDown","value":"î€‡"},{"type":"pause","duration":10},{"type":"keyUp","value":"î€‡"}]}]}
RESULT: {"actions":[{"id":"action67","type":"key","parameters":{},"actions":[{"type":"keyDown","value":"î€‡"},{"type":"pause","duration":10},{"type":"keyUp","value":"î€‡"}]}]}
COMMAND: GET /session/0631827be0a93fac797ef22e97364bed/screenshot - {}
RESULT: {}
COMMAND: POST /session/0631827be0a93fac797ef22e97364bed/element - {"using":"xpath","value":"//bdi[text()='OK']"}
RESULT: {"using":"xpath","value":"//bdi[text()='OK']"}
COMMAND: POST /session/0631827be0a93fac797ef22e97364bed/element - {"using":"xpath","value":"//bdi[text()='OK']"}
RESULT: {"using":"xpath","value":"//bdi[text()='OK']"}
COMMAND: POST /session/0631827be0a93fac797ef22e97364bed/actions - {"actions":[{"id":"action68","type":"key","parameters":{},"actions":[{"type":"keyDown","value":"î€‡"},{"type":"pause","duration":10},{"type":"keyUp","value":"î€‡"}]}]}
RESULT: {"actions":[{"id":"action68","type":"key","parameters":{},"actions":[{"type":"keyDown","value":"î€‡"},{"type":"pause","duration":10},{"type":"keyUp","value":"î€‡"}]}]}
COMMAND: POST /session/0631827be0a93fac797ef22e97364bed/element - {"using":"xpath","value":"//bdi[(text() = 'Confirm' or . = 'Confirm')]"}
COMMAND: GET /session/0631827be0a93fac797ef22e97364bed/screenshot - {}
RESULT: {"using":"xpath","value":"//bdi[(text() = 'Confirm' or . = 'Confirm')]"}
COMMAND: POST /session/0631827be0a93fac797ef22e97364bed/execute/sync - {"script":"<script> [8489 bytes]","args":[{"element-6066-11e4-a52e-4f735466cecf":"f.1195843739892CF439726866CA7D4ED2.d.5C9091D12BDB5C7919C20C00B51D82A3.e.14336","ELEMENT":"f.1195843739892CF439726866CA7D4ED2.d.5C9091D12BDB5C7919C20C00B51D82A3.e.14336"}]}
RESULT: {}
RESULT: {"script":"<script> [8489 bytes]","args":[{"element-6066-11e4-a52e-4f735466cecf":"f.1195843739892CF439726866CA7D4ED2.d.5C9091D12BDB5C7919C20C00B51D82A3.e.14336","ELEMENT":"f.1195843739892CF439726866CA7D4ED2.d.5C9091D12BDB5C7919C20C00B51D82A3.e.14336"}]}
COMMAND: POST /session/0631827be0a93fac797ef22e97364bed/execute/sync - {"script":"<script> [8489 bytes]","args":[{"element-6066-11e4-a52e-4f735466cecf":"f.1195843739892CF439726866CA7D4ED2.d.5C9091D12BDB5C7919C20C00B51D82A3.e.14336","ELEMENT":"f.1195843739892CF439726866CA7D4ED2.d.5C9091D12BDB5C7919C20C00B51D82A3.e.14336"}]}
COMMAND: GET /session/0631827be0a93fac797ef22e97364bed/screenshot - {}
RESULT: {"script":"<script> [8489 bytes]","args":[{"element-6066-11e4-a52e-4f735466cecf":"f.1195843739892CF439726866CA7D4ED2.d.5C9091D12BDB5C7919C20C00B51D82A3.e.14336","ELEMENT":"f.1195843739892CF439726866CA7D4ED2.d.5C9091D12BDB5C7919C20C00B51D82A3.e.14336"}]}
COMMAND: POST /session/0631827be0a93fac797ef22e97364bed/execute/sync - {"script":"<script> [5351 bytes]","args":[{"element-6066-11e4-a52e-4f735466cecf":"f.1195843739892CF439726866CA7D4ED2.d.5C9091D12BDB5C7919C20C00B51D82A3.e.14336","ELEMENT":"f.1195843739892CF439726866CA7D4ED2.d.5C9091D12BDB5C7919C20C00B51D82A3.e.14336"}]}
COMMAND: GET /session/0631827be0a93fac797ef22e97364bed/screenshot - {}
RESULT: {}
RESULT: {"script":"<script> [5351 bytes]","args":[{"element-6066-11e4-a52e-4f735466cecf":"f.1195843739892CF439726866CA7D4ED2.d.5C9091D12BDB5C7919C20C00B51D82A3.e.14336","ELEMENT":"f.1195843739892CF439726866CA7D4ED2.d.5C9091D12BDB5C7919C20C00B51D82A3.e.14336"}]}
COMMAND: POST /session/0631827be0a93fac797ef22e97364bed/actions - {"actions":[{"id":"action69","type":"key","parameters":{},"actions":[{"type":"keyDown","value":"î€‡"},{"type":"pause","duration":10},{"type":"keyUp","value":"î€‡"}]}]}
COMMAND: GET /session/0631827be0a93fac797ef22e97364bed/screenshot - {}
RESULT: {}
RESULT: {"actions":[{"id":"action69","type":"key","parameters":{},"actions":[{"type":"keyDown","value":"î€‡"},{"type":"pause","duration":10},{"type":"keyUp","value":"î€‡"}]}]}
COMMAND: POST /session/0631827be0a93fac797ef22e97364bed/element - {"using":"xpath","value":"(//bdi[text()='Pick'])[1]"}
COMMAND: GET /session/0631827be0a93fac797ef22e97364bed/screenshot - {}
RESULT: {}
RESULT: {"using":"xpath","value":"(//bdi[text()='Pick'])[1]"}
COMMAND: GET /session/0631827be0a93fac797ef22e97364bed/element/f.1195843739892CF439726866CA7D4ED2.d.5C9091D12BDB5C7919C20C00B51D82A3.e.14337/enabled - {}
RESULT: {}
RESULT: {}
COMMAND: POST /session/0631827be0a93fac797ef22e97364bed/execute/sync - {"script":"<script> [8489 bytes]","args":[{"element-6066-11e4-a52e-4f735466cecf":"f.1195843739892CF439726866CA7D4ED2.d.5C9091D12BDB5C7919C20C00B51D82A3.e.14337","ELEMENT":"f.1195843739892CF439726866CA7D4ED2.d.5C9091D12BDB5C7919C20C00B51D82A3.e.14337"}]}
COMMAND: GET /session/0631827be0a93fac797ef22e97364bed/screenshot - {}
RESULT: {"script":"<script> [8489 bytes]","args":[{"element-6066-11e4-a52e-4f735466cecf":"f.1195843739892CF439726866CA7D4ED2.d.5C9091D12BDB5C7919C20C00B51D82A3.e.14337","ELEMENT":"f.1195843739892CF439726866CA7D4ED2.d.5C9091D12BDB5C7919C20C00B51D82A3.e.14337"}]}
COMMAND: POST /session/0631827be0a93fac797ef22e97364bed/execute/sync - {"script":"<script> [5351 bytes]","args":[{"element-6066-11e4-a52e-4f735466cecf":"f.1195843739892CF439726866CA7D4ED2.d.5C9091D12BDB5C7919C20C00B51D82A3.e.14337","ELEMENT":"f.1195843739892CF439726866CA7D4ED2.d.5C9091D12BDB5C7919C20C00B51D82A3.e.14337"}]}
COMMAND: GET /session/0631827be0a93fac797ef22e97364bed/screenshot - {}
RESULT: {}
RESULT: {"script":"<script> [5351 bytes]","args":[{"element-6066-11e4-a52e-4f735466cecf":"f.1195843739892CF439726866CA7D4ED2.d.5C9091D12BDB5C7919C20C00B51D82A3.e.14337","ELEMENT":"f.1195843739892CF439726866CA7D4ED2.d.5C9091D12BDB5C7919C20C00B51D82A3.e.14337"}]}
COMMAND: POST /session/0631827be0a93fac797ef22e97364bed/element/f.1195843739892CF439726866CA7D4ED2.d.5C9091D12BDB5C7919C20C00B51D82A3.e.14337/click - {}
COMMAND: GET /session/0631827be0a93fac797ef22e97364bed/screenshot - {}
RESULT: {}
RESULT: {}
COMMAND: POST /session/0631827be0a93fac797ef22e97364bed/actions - {"actions":[{"id":"action70","type":"key","parameters":{},"actions":[{"type":"keyDown","value":"î€‡"},{"type":"pause","duration":10},{"type":"keyUp","value":"î€‡"}]}]}
COMMAND: GET /session/0631827be0a93fac797ef22e97364bed/screenshot - {}
RESULT: {}
RESULT: {"actions":[{"id":"action70","type":"key","parameters":{},"actions":[{"type":"keyDown","value":"î€‡"},{"type":"pause","duration":10},{"type":"keyUp","value":"î€‡"}]}]}
COMMAND: GET /session/0631827be0a93fac797ef22e97364bed/screenshot - {}
RESULT: {}
RESULT: {}
COMMAND: POST /session/0631827be0a93fac797ef22e97364bed/execute/async - {"script":"<script> [1562 bytes]","args":[{"selector":{"controlType":"sap.m.SearchField","viewName":"etm.portal.ui.managehandovers.view.MasterHO","bindingPath":{"path":"","propertyPath":"/_BASIC_SEARCH_FIELD","modelName":"fi1t3rM0d31"},"interaction":{"idSuffix":"I"}},"wdio_ui5_key":"etmportal.ui.managehandovers.view.MasterHOsap.m.SearchField{\"path\":\"\",\"propertyPath\":\"/_BASIC_SEARCH_FIELD\",\"modelName\":\"fi1t3rM0d31\"}"}]}
RESULT: {"script":"<script> [1562 bytes]","args":[{"selector":{"controlType":"sap.m.SearchField","viewName":"etm.portal.ui.managehandovers.view.MasterHO","bindingPath":{"path":"","propertyPath":"/_BASIC_SEARCH_FIELD","modelName":"fi1t3rM0d31"},"interaction":{"idSuffix":"I"}},"wdio_ui5_key":"etmportal.ui.managehandovers.view.MasterHOsap.m.SearchField{\"path\":\"\",\"propertyPath\":\"/_BASIC_SEARCH_FIELD\",\"modelName\":\"fi1t3rM0d31\"}"}]}
RESULT: undefined
COMMAND: POST /session/0631827be0a93fac797ef22e97364bed/execute/async - {"script":"<script> [776 bytes]","args":[{"enterText":"30585","selector":{"controlType":"sap.m.SearchField","viewName":"etm.portal.ui.managehandovers.view.MasterHO","bindingPath":{"path":"","propertyPath":"/_BASIC_SEARCH_FIELD","modelName":"fi1t3rM0d31"},"interaction":{"idSuffix":"I"}},"clearTextFirst":true,"interactionType":"ENTER_TEXT"}]}
RESULT: {"script":"<script> [776 bytes]","args":[{"enterText":"30585","selector":{"controlType":"sap.m.SearchField","viewName":"etm.portal.ui.managehandovers.view.MasterHO","bindingPath":{"path":"","propertyPath":"/_BASIC_SEARCH_FIELD","modelName":"fi1t3rM0d31"},"interaction":{"idSuffix":"I"}},"clearTextFirst":true,"interactionType":"ENTER_TEXT"}]}
COMMAND: POST /session/0631827be0a93fac797ef22e97364bed/actions - {"actions":[{"id":"action71","type":"key","parameters":{},"actions":[{"type":"keyDown","value":"î€‡"},{"type":"pause","duration":10},{"type":"keyUp","value":"î€‡"}]}]}
RESULT: {"actions":[{"id":"action71","type":"key","parameters":{},"actions":[{"type":"keyDown","value":"î€‡"},{"type":"pause","duration":10},{"type":"keyUp","value":"î€‡"}]}]}
COMMAND: GET /session/0631827be0a93fac797ef22e97364bed/screenshot - {}
RESULT: {}
COMMAND: POST /session/0631827be0a93fac797ef22e97364bed/execute/async - {"script":"<script> [1562 bytes]","args":[{"selector":{"controlType":"sap.ui.core.Icon","viewName":"etm.portal.ui.managehandovers.view.MasterHO","properties":{"src":{"regex":{"source":"slim\\-arrow\\-right"}}}},"wdio_ui5_key":"etmportal.ui.managehandovers.view.MasterHOsap.ui.core.Icon{\"src\":{\"regex\":{\"source\":\"slim\\\\-arrow\\\\-right\"}}}"}]}
RESULT: {"script":"<script> [1562 bytes]","args":[{"selector":{"controlType":"sap.ui.core.Icon","viewName":"etm.portal.ui.managehandovers.view.MasterHO","properties":{"src":{"regex":{"source":"slim\\-arrow\\-right"}}}},"wdio_ui5_key":"etmportal.ui.managehandovers.view.MasterHOsap.ui.core.Icon{\"src\":{\"regex\":{\"source\":\"slim\\\\-arrow\\\\-right\"}}}"}]}
RESULT: undefined
COMMAND: POST /session/0631827be0a93fac797ef22e97364bed/element - {"using":"xpath","value":"//*[@id=\"__item3130-__clone8485-imgNav\"]"}
RESULT: {"using":"xpath","value":"//*[@id=\"__item3130-__clone8485-imgNav\"]"}
COMMAND: POST /session/0631827be0a93fac797ef22e97364bed/element/f.1195843739892CF439726866CA7D4ED2.d.5C9091D12BDB5C7919C20C00B51D82A3.e.14533/click - {}
RESULT: {}
COMMAND: POST /session/0631827be0a93fac797ef22e97364bed/element - {"using":"xpath","value":"(//span[text()='Instructions'])[2]"}
COMMAND: GET /session/0631827be0a93fac797ef22e97364bed/screenshot - {}
RESULT: {"using":"xpath","value":"(//span[text()='Instructions'])[2]"}
COMMAND: GET /session/0631827be0a93fac797ef22e97364bed/element/f.1195843739892CF439726866CA7D4ED2.d.5C9091D12BDB5C7919C20C00B51D82A3.e.14315/enabled - {}
RESULT: {}
RESULT: {}
COMMAND: POST /session/0631827be0a93fac797ef22e97364bed/execute/sync - {"script":"<script> [8489 bytes]","args":[{"element-6066-11e4-a52e-4f735466cecf":"f.1195843739892CF439726866CA7D4ED2.d.5C9091D12BDB5C7919C20C00B51D82A3.e.14315","ELEMENT":"f.1195843739892CF439726866CA7D4ED2.d.5C9091D12BDB5C7919C20C00B51D82A3.e.14315"}]}
COMMAND: GET /session/0631827be0a93fac797ef22e97364bed/screenshot - {}
RESULT: {"script":"<script> [8489 bytes]","args":[{"element-6066-11e4-a52e-4f735466cecf":"f.1195843739892CF439726866CA7D4ED2.d.5C9091D12BDB5C7919C20C00B51D82A3.e.14315","ELEMENT":"f.1195843739892CF439726866CA7D4ED2.d.5C9091D12BDB5C7919C20C00B51D82A3.e.14315"}]}
COMMAND: GET /session/0631827be0a93fac797ef22e97364bed/screenshot - {}
COMMAND: POST /session/0631827be0a93fac797ef22e97364bed/execute/sync - {"script":"<script> [8489 bytes]","args":[{"element-6066-11e4-a52e-4f735466cecf":"f.1195843739892CF439726866CA7D4ED2.d.5C9091D12BDB5C7919C20C00B51D82A3.e.14315","ELEMENT":"f.1195843739892CF439726866CA7D4ED2.d.5C9091D12BDB5C7919C20C00B51D82A3.e.14315"}]}
RESULT: {}
RESULT: {}
RESULT: {"script":"<script> [8489 bytes]","args":[{"element-6066-11e4-a52e-4f735466cecf":"f.1195843739892CF439726866CA7D4ED2.d.5C9091D12BDB5C7919C20C00B51D82A3.e.14315","ELEMENT":"f.1195843739892CF439726866CA7D4ED2.d.5C9091D12BDB5C7919C20C00B51D82A3.e.14315"}]}
COMMAND: POST /session/0631827be0a93fac797ef22e97364bed/execute/sync - {"script":"<script> [5351 bytes]","args":[{"element-6066-11e4-a52e-4f735466cecf":"f.1195843739892CF439726866CA7D4ED2.d.5C9091D12BDB5C7919C20C00B51D82A3.e.14315","ELEMENT":"f.1195843739892CF439726866CA7D4ED2.d.5C9091D12BDB5C7919C20C00B51D82A3.e.14315"}]}
COMMAND: GET /session/0631827be0a93fac797ef22e97364bed/screenshot - {}
RESULT: {"script":"<script> [5351 bytes]","args":[{"element-6066-11e4-a52e-4f735466cecf":"f.1195843739892CF439726866CA7D4ED2.d.5C9091D12BDB5C7919C20C00B51D82A3.e.14315","ELEMENT":"f.1195843739892CF439726866CA7D4ED2.d.5C9091D12BDB5C7919C20C00B51D82A3.e.14315"}]}
COMMAND: POST /session/0631827be0a93fac797ef22e97364bed/element/f.1195843739892CF439726866CA7D4ED2.d.5C9091D12BDB5C7919C20C00B51D82A3.e.14315/click - {}
COMMAND: GET /session/0631827be0a93fac797ef22e97364bed/screenshot - {}
RESULT: {}
RESULT: {}
COMMAND: POST /session/0631827be0a93fac797ef22e97364bed/element - {"using":"xpath","value":"//bdi[text()='Confirm']"}
COMMAND: GET /session/0631827be0a93fac797ef22e97364bed/screenshot - {}
RESULT: {}
RESULT: {}
RESULT: {"using":"xpath","value":"//bdi[text()='Confirm']"}
COMMAND: POST /session/0631827be0a93fac797ef22e97364bed/elements - {"using":"xpath","value":"//bdi[text()='Confirm']"}
RESULT: {"using":"xpath","value":"//bdi[text()='Confirm']"}
COMMAND: POST /session/0631827be0a93fac797ef22e97364bed/elements - {"using":"xpath","value":"//bdi[text()='Confirm']"}
RESULT: {"using":"xpath","value":"//bdi[text()='Confirm']"}
COMMAND: POST /session/0631827be0a93fac797ef22e97364bed/element - {"using":"xpath","value":"//bdi[text()='Confirm']"}
RESULT: {"using":"xpath","value":"//bdi[text()='Confirm']"}
COMMAND: GET /session/0631827be0a93fac797ef22e97364bed/element/f.1195843739892CF439726866CA7D4ED2.d.5C9091D12BDB5C7919C20C00B51D82A3.e.14586/enabled - {}
RESULT: {}
COMMAND: POST /session/0631827be0a93fac797ef22e97364bed/execute/sync - {"script":"<script> [8489 bytes]","args":[{"element-6066-11e4-a52e-4f735466cecf":"f.1195843739892CF439726866CA7D4ED2.d.5C9091D12BDB5C7919C20C00B51D82A3.e.14586","ELEMENT":"f.1195843739892CF439726866CA7D4ED2.d.5C9091D12BDB5C7919C20C00B51D82A3.e.14586"}]}
COMMAND: GET /session/0631827be0a93fac797ef22e97364bed/screenshot - {}
RESULT: {"script":"<script> [8489 bytes]","args":[{"element-6066-11e4-a52e-4f735466cecf":"f.1195843739892CF439726866CA7D4ED2.d.5C9091D12BDB5C7919C20C00B51D82A3.e.14586","ELEMENT":"f.1195843739892CF439726866CA7D4ED2.d.5C9091D12BDB5C7919C20C00B51D82A3.e.14586"}]}
COMMAND: POST /session/0631827be0a93fac797ef22e97364bed/execute/sync - {"script":"<script> [5351 bytes]","args":[{"element-6066-11e4-a52e-4f735466cecf":"f.1195843739892CF439726866CA7D4ED2.d.5C9091D12BDB5C7919C20C00B51D82A3.e.14586","ELEMENT":"f.1195843739892CF439726866CA7D4ED2.d.5C9091D12BDB5C7919C20C00B51D82A3.e.14586"}]}
COMMAND: GET /session/0631827be0a93fac797ef22e97364bed/screenshot - {}
RESULT: {}
RESULT: {"script":"<script> [5351 bytes]","args":[{"element-6066-11e4-a52e-4f735466cecf":"f.1195843739892CF439726866CA7D4ED2.d.5C9091D12BDB5C7919C20C00B51D82A3.e.14586","ELEMENT":"f.1195843739892CF439726866CA7D4ED2.d.5C9091D12BDB5C7919C20C00B51D82A3.e.14586"}]}
COMMAND: POST /session/0631827be0a93fac797ef22e97364bed/element/f.1195843739892CF439726866CA7D4ED2.d.5C9091D12BDB5C7919C20C00B51D82A3.e.14586/click - {}
RESULT: {}
COMMAND: GET /session/0631827be0a93fac797ef22e97364bed/screenshot - {}
RESULT: {}
COMMAND: POST /session/0631827be0a93fac797ef22e97364bed/actions - {"actions":[{"id":"action72","type":"key","parameters":{},"actions":[{"type":"keyDown","value":"î€‡"},{"type":"pause","duration":10},{"type":"keyUp","value":"î€‡"}]}]}
COMMAND: GET /session/0631827be0a93fac797ef22e97364bed/screenshot - {}
RESULT: {}
RESULT: {"actions":[{"id":"action72","type":"key","parameters":{},"actions":[{"type":"keyDown","value":"î€‡"},{"type":"pause","duration":10},{"type":"keyUp","value":"î€‡"}]}]}
COMMAND: POST /session/0631827be0a93fac797ef22e97364bed/element - {"using":"xpath","value":"//bdi[text()='Issue']"}
COMMAND: GET /session/0631827be0a93fac797ef22e97364bed/screenshot - {}
RESULT: {}
RESULT: {"using":"xpath","value":"//bdi[text()='Issue']"}
COMMAND: GET /session/0631827be0a93fac797ef22e97364bed/element/f.1195843739892CF439726866CA7D4ED2.d.5C9091D12BDB5C7919C20C00B51D82A3.e.14587/enabled - {}
RESULT: {}
RESULT: {}
COMMAND: POST /session/0631827be0a93fac797ef22e97364bed/execute/sync - {"script":"<script> [8489 bytes]","args":[{"element-6066-11e4-a52e-4f735466cecf":"f.1195843739892CF439726866CA7D4ED2.d.5C9091D12BDB5C7919C20C00B51D82A3.e.14587","ELEMENT":"f.1195843739892CF439726866CA7D4ED2.d.5C9091D12BDB5C7919C20C00B51D82A3.e.14587"}]}
COMMAND: GET /session/0631827be0a93fac797ef22e97364bed/screenshot - {}
RESULT: {"script":"<script> [8489 bytes]","args":[{"element-6066-11e4-a52e-4f735466cecf":"f.1195843739892CF439726866CA7D4ED2.d.5C9091D12BDB5C7919C20C00B51D82A3.e.14587","ELEMENT":"f.1195843739892CF439726866CA7D4ED2.d.5C9091D12BDB5C7919C20C00B51D82A3.e.14587"}]}
COMMAND: POST /session/0631827be0a93fac797ef22e97364bed/execute/sync - {"script":"<script> [5351 bytes]","args":[{"element-6066-11e4-a52e-4f735466cecf":"f.1195843739892CF439726866CA7D4ED2.d.5C9091D12BDB5C7919C20C00B51D82A3.e.14587","ELEMENT":"f.1195843739892CF439726866CA7D4ED2.d.5C9091D12BDB5C7919C20C00B51D82A3.e.14587"}]}
COMMAND: GET /session/0631827be0a93fac797ef22e97364bed/screenshot - {}
RESULT: {}
RESULT: {"script":"<script> [5351 bytes]","args":[{"element-6066-11e4-a52e-4f735466cecf":"f.1195843739892CF439726866CA7D4ED2.d.5C9091D12BDB5C7919C20C00B51D82A3.e.14587","ELEMENT":"f.1195843739892CF439726866CA7D4ED2.d.5C9091D12BDB5C7919C20C00B51D82A3.e.14587"}]}
COMMAND: POST /session/0631827be0a93fac797ef22e97364bed/element/f.1195843739892CF439726866CA7D4ED2.d.5C9091D12BDB5C7919C20C00B51D82A3.e.14587/click - {}
COMMAND: GET /session/0631827be0a93fac797ef22e97364bed/screenshot - {}
RESULT: {}
RESULT: {}
COMMAND: POST /session/0631827be0a93fac797ef22e97364bed/element - {"using":"xpath","value":"//*[text()='Provide to site']"}
COMMAND: GET /session/0631827be0a93fac797ef22e97364bed/screenshot - {}
RESULT: {}
RESULT: {"using":"xpath","value":"//*[text()='Provide to site']"}
COMMAND: POST /session/0631827be0a93fac797ef22e97364bed/elements - {"using":"xpath","value":"//*[text()='Provide to site']"}
RESULT: {}
RESULT: {"using":"xpath","value":"//*[text()='Provide to site']"}
COMMAND: POST /session/0631827be0a93fac797ef22e97364bed/elements - {"using":"xpath","value":"//*[text()='Provide to site']"}
RESULT: {"using":"xpath","value":"//*[text()='Provide to site']"}
COMMAND: POST /session/0631827be0a93fac797ef22e97364bed/elements - {"using":"xpath","value":"//*[text()='Provide to site']"}
RESULT: {"using":"xpath","value":"//*[text()='Provide to site']"}
COMMAND: POST /session/0631827be0a93fac797ef22e97364bed/elements - {"using":"xpath","value":"//*[text()='Provide to site']"}
RESULT: {"using":"xpath","value":"//*[text()='Provide to site']"}
COMMAND: POST /session/0631827be0a93fac797ef22e97364bed/elements - {"using":"xpath","value":"//*[text()='Provide to site']"}
RESULT: {"using":"xpath","value":"//*[text()='Provide to site']"}
COMMAND: POST /session/0631827be0a93fac797ef22e97364bed/elements - {"using":"xpath","value":"//*[text()='Provide to site']"}
RESULT: {"using":"xpath","value":"//*[text()='Provide to site']"}
COMMAND: POST /session/0631827be0a93fac797ef22e97364bed/elements - {"using":"xpath","value":"//*[text()='Provide to site']"}
RESULT: {"using":"xpath","value":"//*[text()='Provide to site']"}
COMMAND: POST /session/0631827be0a93fac797ef22e97364bed/elements - {"using":"xpath","value":"//*[text()='Provide to site']"}
RESULT: {"using":"xpath","value":"//*[text()='Provide to site']"}
COMMAND: POST /session/0631827be0a93fac797ef22e97364bed/elements - {"using":"xpath","value":"//*[text()='Provide to site']"}
RESULT: {"using":"xpath","value":"//*[text()='Provide to site']"}
COMMAND: POST /session/0631827be0a93fac797ef22e97364bed/elements - {"using":"xpath","value":"//*[text()='Provide to site']"}
RESULT: {"using":"xpath","value":"//*[text()='Provide to site']"}
COMMAND: POST /session/0631827be0a93fac797ef22e97364bed/elements - {"using":"xpath","value":"//*[text()='Provide to site']"}
RESULT: {"using":"xpath","value":"//*[text()='Provide to site']"}
COMMAND: POST /session/0631827be0a93fac797ef22e97364bed/elements - {"using":"xpath","value":"//*[text()='Provide to site']"}
RESULT: {"using":"xpath","value":"//*[text()='Provide to site']"}
COMMAND: POST /session/0631827be0a93fac797ef22e97364bed/elements - {"using":"xpath","value":"//*[text()='Provide to site']"}
RESULT: {"using":"xpath","value":"//*[text()='Provide to site']"}
COMMAND: POST /session/0631827be0a93fac797ef22e97364bed/elements - {"using":"xpath","value":"//*[text()='Provide to site']"}
RESULT: {"using":"xpath","value":"//*[text()='Provide to site']"}
COMMAND: POST /session/0631827be0a93fac797ef22e97364bed/elements - {"using":"xpath","value":"//*[text()='Provide to site']"}
RESULT: {"using":"xpath","value":"//*[text()='Provide to site']"}
COMMAND: POST /session/0631827be0a93fac797ef22e97364bed/elements - {"using":"xpath","value":"//*[text()='Provide to site']"}
RESULT: {"using":"xpath","value":"//*[text()='Provide to site']"}
COMMAND: POST /session/0631827be0a93fac797ef22e97364bed/elements - {"using":"xpath","value":"//*[text()='Provide to site']"}
RESULT: {"using":"xpath","value":"//*[text()='Provide to site']"}
COMMAND: POST /session/0631827be0a93fac797ef22e97364bed/elements - {"using":"xpath","value":"//*[text()='Provide to site']"}
RESULT: {"using":"xpath","value":"//*[text()='Provide to site']"}
COMMAND: POST /session/0631827be0a93fac797ef22e97364bed/elements - {"using":"xpath","value":"//*[text()='Provide to site']"}
RESULT: {"using":"xpath","value":"//*[text()='Provide to site']"}
COMMAND: POST /session/0631827be0a93fac797ef22e97364bed/elements - {"using":"xpath","value":"//*[text()='Provide to site']"}
RESULT: {"using":"xpath","value":"//*[text()='Provide to site']"}
COMMAND: POST /session/0631827be0a93fac797ef22e97364bed/elements - {"using":"xpath","value":"//*[text()='Provide to site']"}
RESULT: {"using":"xpath","value":"//*[text()='Provide to site']"}
COMMAND: POST /session/0631827be0a93fac797ef22e97364bed/elements - {"using":"xpath","value":"//*[text()='Provide to site']"}
RESULT: {"using":"xpath","value":"//*[text()='Provide to site']"}
COMMAND: POST /session/0631827be0a93fac797ef22e97364bed/elements - {"using":"xpath","value":"//*[text()='Provide to site']"}
RESULT: {"using":"xpath","value":"//*[text()='Provide to site']"}
COMMAND: POST /session/0631827be0a93fac797ef22e97364bed/elements - {"using":"xpath","value":"//*[text()='Provide to site']"}
RESULT: {"using":"xpath","value":"//*[text()='Provide to site']"}
COMMAND: POST /session/0631827be0a93fac797ef22e97364bed/elements - {"using":"xpath","value":"//*[text()='Provide to site']"}
RESULT: {"using":"xpath","value":"//*[text()='Provide to site']"}
COMMAND: POST /session/0631827be0a93fac797ef22e97364bed/elements - {"using":"xpath","value":"//*[text()='Provide to site']"}
RESULT: {"using":"xpath","value":"//*[text()='Provide to site']"}
COMMAND: POST /session/0631827be0a93fac797ef22e97364bed/elements - {"using":"xpath","value":"//*[text()='Provide to site']"}
RESULT: {"using":"xpath","value":"//*[text()='Provide to site']"}
COMMAND: POST /session/0631827be0a93fac797ef22e97364bed/elements - {"using":"xpath","value":"//*[text()='Provide to site']"}
RESULT: {"using":"xpath","value":"//*[text()='Provide to site']"}
COMMAND: POST /session/0631827be0a93fac797ef22e97364bed/elements - {"using":"xpath","value":"//*[text()='Provide to site']"}
RESULT: {"using":"xpath","value":"//*[text()='Provide to site']"}
COMMAND: POST /session/0631827be0a93fac797ef22e97364bed/elements - {"using":"xpath","value":"//*[text()='Provide to site']"}
RESULT: {"using":"xpath","value":"//*[text()='Provide to site']"}
COMMAND: POST /session/0631827be0a93fac797ef22e97364bed/elements - {"using":"xpath","value":"//*[text()='Provide to site']"}
RESULT: {"using":"xpath","value":"//*[text()='Provide to site']"}
COMMAND: POST /session/0631827be0a93fac797ef22e97364bed/elements - {"using":"xpath","value":"//*[text()='Provide to site']"}
RESULT: {"using":"xpath","value":"//*[text()='Provide to site']"}
COMMAND: POST /session/0631827be0a93fac797ef22e97364bed/elements - {"using":"xpath","value":"//*[text()='Provide to site']"}
RESULT: {"using":"xpath","value":"//*[text()='Provide to site']"}
COMMAND: POST /session/0631827be0a93fac797ef22e97364bed/elements - {"using":"xpath","value":"//*[text()='Provide to site']"}
RESULT: {"using":"xpath","value":"//*[text()='Provide to site']"}
COMMAND: POST /session/0631827be0a93fac797ef22e97364bed/elements - {"using":"xpath","value":"//*[text()='Provide to site']"}
RESULT: {"using":"xpath","value":"//*[text()='Provide to site']"}
COMMAND: POST /session/0631827be0a93fac797ef22e97364bed/elements - {"using":"xpath","value":"//*[text()='Provide to site']"}
RESULT: {"using":"xpath","value":"//*[text()='Provide to site']"}
COMMAND: POST /session/0631827be0a93fac797ef22e97364bed/elements - {"using":"xpath","value":"//*[text()='Provide to site']"}
RESULT: {"using":"xpath","value":"//*[text()='Provide to site']"}
COMMAND: POST /session/0631827be0a93fac797ef22e97364bed/elements - {"using":"xpath","value":"//*[text()='Provide to site']"}
RESULT: {"using":"xpath","value":"//*[text()='Provide to site']"}
COMMAND: POST /session/0631827be0a93fac797ef22e97364bed/elements - {"using":"xpath","value":"//*[text()='Provide to site']"}
RESULT: {"using":"xpath","value":"//*[text()='Provide to site']"}
COMMAND: POST /session/0631827be0a93fac797ef22e97364bed/elements - {"using":"xpath","value":"//*[text()='Provide to site']"}
RESULT: {"using":"xpath","value":"//*[text()='Provide to site']"}
COMMAND: POST /session/0631827be0a93fac797ef22e97364bed/elements - {"using":"xpath","value":"//*[text()='Provide to site']"}
RESULT: {"using":"xpath","value":"//*[text()='Provide to site']"}
COMMAND: POST /session/0631827be0a93fac797ef22e97364bed/elements - {"using":"xpath","value":"//*[text()='Provide to site']"}
RESULT: {"using":"xpath","value":"//*[text()='Provide to site']"}
COMMAND: POST /session/0631827be0a93fac797ef22e97364bed/elements - {"using":"xpath","value":"//*[text()='Provide to site']"}
RESULT: {"using":"xpath","value":"//*[text()='Provide to site']"}
COMMAND: POST /session/0631827be0a93fac797ef22e97364bed/elements - {"using":"xpath","value":"//*[text()='Provide to site']"}
RESULT: {"using":"xpath","value":"//*[text()='Provide to site']"}
COMMAND: POST /session/0631827be0a93fac797ef22e97364bed/elements - {"using":"xpath","value":"//*[text()='Provide to site']"}
RESULT: {"using":"xpath","value":"//*[text()='Provide to site']"}
COMMAND: POST /session/0631827be0a93fac797ef22e97364bed/elements - {"using":"xpath","value":"//*[text()='Provide to site']"}
RESULT: {"using":"xpath","value":"//*[text()='Provide to site']"}
COMMAND: POST /session/0631827be0a93fac797ef22e97364bed/elements - {"using":"xpath","value":"//*[text()='Provide to site']"}
RESULT: {"using":"xpath","value":"//*[text()='Provide to site']"}
COMMAND: POST /session/0631827be0a93fac797ef22e97364bed/elements - {"using":"xpath","value":"//*[text()='Provide to site']"}
RESULT: {"using":"xpath","value":"//*[text()='Provide to site']"}
COMMAND: POST /session/0631827be0a93fac797ef22e97364bed/elements - {"using":"xpath","value":"//*[text()='Provide to site']"}
RESULT: {"using":"xpath","value":"//*[text()='Provide to site']"}
COMMAND: POST /session/0631827be0a93fac797ef22e97364bed/elements - {"using":"xpath","value":"//*[text()='Provide to site']"}
RESULT: {"using":"xpath","value":"//*[text()='Provide to site']"}
COMMAND: POST /session/0631827be0a93fac797ef22e97364bed/elements - {"using":"xpath","value":"//*[text()='Provide to site']"}
RESULT: {"using":"xpath","value":"//*[text()='Provide to site']"}
COMMAND: POST /session/0631827be0a93fac797ef22e97364bed/elements - {"using":"xpath","value":"//*[text()='Provide to site']"}
RESULT: {"using":"xpath","value":"//*[text()='Provide to site']"}
COMMAND: POST /session/0631827be0a93fac797ef22e97364bed/elements - {"using":"xpath","value":"//*[text()='Provide to site']"}
RESULT: {"using":"xpath","value":"//*[text()='Provide to site']"}
COMMAND: POST /session/0631827be0a93fac797ef22e97364bed/elements - {"using":"xpath","value":"//*[text()='Provide to site']"}
RESULT: {"using":"xpath","value":"//*[text()='Provide to site']"}
COMMAND: POST /session/0631827be0a93fac797ef22e97364bed/elements - {"using":"xpath","value":"//*[text()='Provide to site']"}
RESULT: {"using":"xpath","value":"//*[text()='Provide to site']"}
COMMAND: POST /session/0631827be0a93fac797ef22e97364bed/elements - {"using":"xpath","value":"//*[text()='Provide to site']"}
RESULT: {"using":"xpath","value":"//*[text()='Provide to site']"}
COMMAND: POST /session/0631827be0a93fac797ef22e97364bed/elements - {"using":"xpath","value":"//*[text()='Provide to site']"}
RESULT: {"using":"xpath","value":"//*[text()='Provide to site']"}
COMMAND: POST /session/0631827be0a93fac797ef22e97364bed/elements - {"using":"xpath","value":"//*[text()='Provide to site']"}
RESULT: {"using":"xpath","value":"//*[text()='Provide to site']"}
COMMAND: POST /session/0631827be0a93fac797ef22e97364bed/elements - {"using":"xpath","value":"//*[text()='Provide to site']"}
RESULT: {"using":"xpath","value":"//*[text()='Provide to site']"}
COMMAND: POST /session/0631827be0a93fac797ef22e97364bed/elements - {"using":"xpath","value":"//*[text()='Provide to site']"}
RESULT: {"using":"xpath","value":"//*[text()='Provide to site']"}
COMMAND: POST /session/0631827be0a93fac797ef22e97364bed/elements - {"using":"xpath","value":"//*[text()='Provide to site']"}
RESULT: {"using":"xpath","value":"//*[text()='Provide to site']"}
COMMAND: POST /session/0631827be0a93fac797ef22e97364bed/elements - {"using":"xpath","value":"//*[text()='Provide to site']"}
RESULT: {"using":"xpath","value":"//*[text()='Provide to site']"}
COMMAND: POST /session/0631827be0a93fac797ef22e97364bed/elements - {"using":"xpath","value":"//*[text()='Provide to site']"}
RESULT: {"using":"xpath","value":"//*[text()='Provide to site']"}
COMMAND: POST /session/0631827be0a93fac797ef22e97364bed/elements - {"using":"xpath","value":"//*[text()='Provide to site']"}
RESULT: {"using":"xpath","value":"//*[text()='Provide to site']"}
COMMAND: POST /session/0631827be0a93fac797ef22e97364bed/elements - {"using":"xpath","value":"//*[text()='Provide to site']"}
RESULT: {"using":"xpath","value":"//*[text()='Provide to site']"}
COMMAND: POST /session/0631827be0a93fac797ef22e97364bed/elements - {"using":"xpath","value":"//*[text()='Provide to site']"}
RESULT: {"using":"xpath","value":"//*[text()='Provide to site']"}
COMMAND: POST /session/0631827be0a93fac797ef22e97364bed/elements - {"using":"xpath","value":"//*[text()='Provide to site']"}
RESULT: {"using":"xpath","value":"//*[text()='Provide to site']"}
COMMAND: POST /session/0631827be0a93fac797ef22e97364bed/elements - {"using":"xpath","value":"//*[text()='Provide to site']"}
RESULT: {"using":"xpath","value":"//*[text()='Provide to site']"}
COMMAND: POST /session/0631827be0a93fac797ef22e97364bed/elements - {"using":"xpath","value":"//*[text()='Provide to site']"}
RESULT: {"using":"xpath","value":"//*[text()='Provide to site']"}
COMMAND: POST /session/0631827be0a93fac797ef22e97364bed/elements - {"using":"xpath","value":"//*[text()='Provide to site']"}
RESULT: {"using":"xpath","value":"//*[text()='Provide to site']"}
COMMAND: POST /session/0631827be0a93fac797ef22e97364bed/elements - {"using":"xpath","value":"//*[text()='Provide to site']"}
RESULT: {"using":"xpath","value":"//*[text()='Provide to site']"}
COMMAND: POST /session/0631827be0a93fac797ef22e97364bed/elements - {"using":"xpath","value":"//*[text()='Provide to site']"}
RESULT: {"using":"xpath","value":"//*[text()='Provide to site']"}
COMMAND: POST /session/0631827be0a93fac797ef22e97364bed/elements - {"using":"xpath","value":"//*[text()='Provide to site']"}
RESULT: {"using":"xpath","value":"//*[text()='Provide to site']"}
COMMAND: POST /session/0631827be0a93fac797ef22e97364bed/elements - {"using":"xpath","value":"//*[text()='Provide to site']"}
RESULT: {"using":"xpath","value":"//*[text()='Provide to site']"}
COMMAND: POST /session/0631827be0a93fac797ef22e97364bed/elements - {"using":"xpath","value":"//*[text()='Provide to site']"}
RESULT: {"using":"xpath","value":"//*[text()='Provide to site']"}
COMMAND: POST /session/0631827be0a93fac797ef22e97364bed/elements - {"using":"xpath","value":"//*[text()='Provide to site']"}
RESULT: {"using":"xpath","value":"//*[text()='Provide to site']"}
COMMAND: POST /session/0631827be0a93fac797ef22e97364bed/elements - {"using":"xpath","value":"//*[text()='Provide to site']"}
RESULT: {"using":"xpath","value":"//*[text()='Provide to site']"}
COMMAND: POST /session/0631827be0a93fac797ef22e97364bed/elements - {"using":"xpath","value":"//*[text()='Provide to site']"}
RESULT: {"using":"xpath","value":"//*[text()='Provide to site']"}
COMMAND: POST /session/0631827be0a93fac797ef22e97364bed/elements - {"using":"xpath","value":"//*[text()='Provide to site']"}
RESULT: {"using":"xpath","value":"//*[text()='Provide to site']"}
COMMAND: POST /session/0631827be0a93fac797ef22e97364bed/elements - {"using":"xpath","value":"//*[text()='Provide to site']"}
RESULT: {"using":"xpath","value":"//*[text()='Provide to site']"}
COMMAND: POST /session/0631827be0a93fac797ef22e97364bed/elements - {"using":"xpath","value":"//*[text()='Provide to site']"}
RESULT: {"using":"xpath","value":"//*[text()='Provide to site']"}
COMMAND: POST /session/0631827be0a93fac797ef22e97364bed/elements - {"using":"xpath","value":"//*[text()='Provide to site']"}
RESULT: {"using":"xpath","value":"//*[text()='Provide to site']"}
COMMAND: POST /session/0631827be0a93fac797ef22e97364bed/elements - {"using":"xpath","value":"//*[text()='Provide to site']"}
RESULT: {"using":"xpath","value":"//*[text()='Provide to site']"}
COMMAND: POST /session/0631827be0a93fac797ef22e97364bed/elements - {"using":"xpath","value":"//*[text()='Provide to site']"}
RESULT: {"using":"xpath","value":"//*[text()='Provide to site']"}
COMMAND: POST /session/0631827be0a93fac797ef22e97364bed/elements - {"using":"xpath","value":"//*[text()='Provide to site']"}
RESULT: {"using":"xpath","value":"//*[text()='Provide to site']"}
COMMAND: POST /session/0631827be0a93fac797ef22e97364bed/elements - {"using":"xpath","value":"//*[text()='Provide to site']"}
RESULT: {"using":"xpath","value":"//*[text()='Provide to site']"}
COMMAND: POST /session/0631827be0a93fac797ef22e97364bed/elements - {"using":"xpath","value":"//*[text()='Provide to site']"}
RESULT: {"using":"xpath","value":"//*[text()='Provide to site']"}
COMMAND: POST /session/0631827be0a93fac797ef22e97364bed/elements - {"using":"xpath","value":"//*[text()='Provide to site']"}
RESULT: {"using":"xpath","value":"//*[text()='Provide to site']"}
COMMAND: POST /session/0631827be0a93fac797ef22e97364bed/elements - {"using":"xpath","value":"//*[text()='Provide to site']"}
RESULT: {"using":"xpath","value":"//*[text()='Provide to site']"}
COMMAND: POST /session/0631827be0a93fac797ef22e97364bed/elements - {"using":"xpath","value":"//*[text()='Provide to site']"}
RESULT: {"using":"xpath","value":"//*[text()='Provide to site']"}
COMMAND: POST /session/0631827be0a93fac797ef22e97364bed/elements - {"using":"xpath","value":"//*[text()='provide (received)']"}
RESULT: {"using":"xpath","value":"//*[text()='provide (received)']"}
]]></system-out>
    </testcase>
    <testcase classname="chrome.135_0_7049_96.windows.Provide_to_Site_w/o_warehouse_management_wo_clarification" name="Should Test for Handover Execution" time="256.951">
      <system-out><![CDATA[
COMMAND: POST /session/0631827be0a93fac797ef22e97364bed/element - {"using":"xpath","value":"//*[text()='false']"}
RESULT: {"using":"xpath","value":"//*[text()='false']"}
COMMAND: GET /session/0631827be0a93fac797ef22e97364bed/element/f.1195843739892CF439726866CA7D4ED2.d.5C9091D12BDB5C7919C20C00B51D82A3.e.14621/enabled - {}
RESULT: {}
COMMAND: POST /session/0631827be0a93fac797ef22e97364bed/execute/sync - {"script":"<script> [8489 bytes]","args":[{"element-6066-11e4-a52e-4f735466cecf":"f.1195843739892CF439726866CA7D4ED2.d.5C9091D12BDB5C7919C20C00B51D82A3.e.14621","ELEMENT":"f.1195843739892CF439726866CA7D4ED2.d.5C9091D12BDB5C7919C20C00B51D82A3.e.14621"}]}
COMMAND: GET /session/0631827be0a93fac797ef22e97364bed/screenshot - {}
RESULT: {"script":"<script> [8489 bytes]","args":[{"element-6066-11e4-a52e-4f735466cecf":"f.1195843739892CF439726866CA7D4ED2.d.5C9091D12BDB5C7919C20C00B51D82A3.e.14621","ELEMENT":"f.1195843739892CF439726866CA7D4ED2.d.5C9091D12BDB5C7919C20C00B51D82A3.e.14621"}]}
COMMAND: POST /session/0631827be0a93fac797ef22e97364bed/execute/sync - {"script":"<script> [5351 bytes]","args":[{"element-6066-11e4-a52e-4f735466cecf":"f.1195843739892CF439726866CA7D4ED2.d.5C9091D12BDB5C7919C20C00B51D82A3.e.14621","ELEMENT":"f.1195843739892CF439726866CA7D4ED2.d.5C9091D12BDB5C7919C20C00B51D82A3.e.14621"}]}
COMMAND: GET /session/0631827be0a93fac797ef22e97364bed/screenshot - {}
RESULT: {}
RESULT: {"script":"<script> [5351 bytes]","args":[{"element-6066-11e4-a52e-4f735466cecf":"f.1195843739892CF439726866CA7D4ED2.d.5C9091D12BDB5C7919C20C00B51D82A3.e.14621","ELEMENT":"f.1195843739892CF439726866CA7D4ED2.d.5C9091D12BDB5C7919C20C00B51D82A3.e.14621"}]}
COMMAND: POST /session/0631827be0a93fac797ef22e97364bed/element/f.1195843739892CF439726866CA7D4ED2.d.5C9091D12BDB5C7919C20C00B51D82A3.e.14621/click - {}
COMMAND: GET /session/0631827be0a93fac797ef22e97364bed/screenshot - {}
RESULT: {}
RESULT: {}
COMMAND: POST /session/0631827be0a93fac797ef22e97364bed/element - {"using":"xpath","value":"//span[text()='Provide to site - Completed']"}
COMMAND: GET /session/0631827be0a93fac797ef22e97364bed/screenshot - {}
RESULT: {}
RESULT: {"using":"xpath","value":"//span[text()='Provide to site - Completed']"}
COMMAND: POST /session/0631827be0a93fac797ef22e97364bed/elements - {"using":"xpath","value":"//span[text()='Provide to site - Completed']"}
RESULT: {}
RESULT: {"using":"xpath","value":"//span[text()='Provide to site - Completed']"}
COMMAND: POST /session/0631827be0a93fac797ef22e97364bed/elements - {"using":"xpath","value":"//span[text()='Provide to site - Completed']"}
RESULT: {"using":"xpath","value":"//span[text()='Provide to site - Completed']"}
COMMAND: POST /session/0631827be0a93fac797ef22e97364bed/elements - {"using":"xpath","value":"//span[text()='Provide to site - Completed']"}
RESULT: {"using":"xpath","value":"//span[text()='Provide to site - Completed']"}
COMMAND: POST /session/0631827be0a93fac797ef22e97364bed/elements - {"using":"xpath","value":"//span[text()='Provide to site - Completed']"}
RESULT: {"using":"xpath","value":"//span[text()='Provide to site - Completed']"}
COMMAND: POST /session/0631827be0a93fac797ef22e97364bed/element - {"using":"xpath","value":"//span[text()='Provide to site - Completed']"}
RESULT: {"using":"xpath","value":"//span[text()='Provide to site - Completed']"}
COMMAND: GET /session/0631827be0a93fac797ef22e97364bed/element/f.1195843739892CF439726866CA7D4ED2.d.5C9091D12BDB5C7919C20C00B51D82A3.e.14653/enabled - {}
RESULT: {}
COMMAND: POST /session/0631827be0a93fac797ef22e97364bed/execute/sync - {"script":"<script> [8489 bytes]","args":[{"element-6066-11e4-a52e-4f735466cecf":"f.1195843739892CF439726866CA7D4ED2.d.5C9091D12BDB5C7919C20C00B51D82A3.e.14653","ELEMENT":"f.1195843739892CF439726866CA7D4ED2.d.5C9091D12BDB5C7919C20C00B51D82A3.e.14653"}]}
COMMAND: GET /session/0631827be0a93fac797ef22e97364bed/screenshot - {}
RESULT: {"script":"<script> [8489 bytes]","args":[{"element-6066-11e4-a52e-4f735466cecf":"f.1195843739892CF439726866CA7D4ED2.d.5C9091D12BDB5C7919C20C00B51D82A3.e.14653","ELEMENT":"f.1195843739892CF439726866CA7D4ED2.d.5C9091D12BDB5C7919C20C00B51D82A3.e.14653"}]}
COMMAND: GET /session/0631827be0a93fac797ef22e97364bed/screenshot - {}
RESULT: {}
COMMAND: POST /session/0631827be0a93fac797ef22e97364bed/execute/sync - {"script":"<script> [8489 bytes]","args":[{"element-6066-11e4-a52e-4f735466cecf":"f.1195843739892CF439726866CA7D4ED2.d.5C9091D12BDB5C7919C20C00B51D82A3.e.14653","ELEMENT":"f.1195843739892CF439726866CA7D4ED2.d.5C9091D12BDB5C7919C20C00B51D82A3.e.14653"}]}
RESULT: {}
RESULT: {"script":"<script> [8489 bytes]","args":[{"element-6066-11e4-a52e-4f735466cecf":"f.1195843739892CF439726866CA7D4ED2.d.5C9091D12BDB5C7919C20C00B51D82A3.e.14653","ELEMENT":"f.1195843739892CF439726866CA7D4ED2.d.5C9091D12BDB5C7919C20C00B51D82A3.e.14653"}]}
COMMAND: GET /session/0631827be0a93fac797ef22e97364bed/screenshot - {}
RESULT: {}
COMMAND: POST /session/0631827be0a93fac797ef22e97364bed/execute/sync - {"script":"<script> [8489 bytes]","args":[{"element-6066-11e4-a52e-4f735466cecf":"f.1195843739892CF439726866CA7D4ED2.d.5C9091D12BDB5C7919C20C00B51D82A3.e.14653","ELEMENT":"f.1195843739892CF439726866CA7D4ED2.d.5C9091D12BDB5C7919C20C00B51D82A3.e.14653"}]}
RESULT: {"script":"<script> [8489 bytes]","args":[{"element-6066-11e4-a52e-4f735466cecf":"f.1195843739892CF439726866CA7D4ED2.d.5C9091D12BDB5C7919C20C00B51D82A3.e.14653","ELEMENT":"f.1195843739892CF439726866CA7D4ED2.d.5C9091D12BDB5C7919C20C00B51D82A3.e.14653"}]}
COMMAND: GET /session/0631827be0a93fac797ef22e97364bed/screenshot - {}
RESULT: {}
COMMAND: POST /session/0631827be0a93fac797ef22e97364bed/execute/sync - {"script":"<script> [8489 bytes]","args":[{"element-6066-11e4-a52e-4f735466cecf":"f.1195843739892CF439726866CA7D4ED2.d.5C9091D12BDB5C7919C20C00B51D82A3.e.14653","ELEMENT":"f.1195843739892CF439726866CA7D4ED2.d.5C9091D12BDB5C7919C20C00B51D82A3.e.14653"}]}
RESULT: {"script":"<script> [8489 bytes]","args":[{"element-6066-11e4-a52e-4f735466cecf":"f.1195843739892CF439726866CA7D4ED2.d.5C9091D12BDB5C7919C20C00B51D82A3.e.14653","ELEMENT":"f.1195843739892CF439726866CA7D4ED2.d.5C9091D12BDB5C7919C20C00B51D82A3.e.14653"}]}
COMMAND: GET /session/0631827be0a93fac797ef22e97364bed/screenshot - {}
RESULT: {}
COMMAND: POST /session/0631827be0a93fac797ef22e97364bed/execute/sync - {"script":"<script> [8489 bytes]","args":[{"element-6066-11e4-a52e-4f735466cecf":"f.1195843739892CF439726866CA7D4ED2.d.5C9091D12BDB5C7919C20C00B51D82A3.e.14653","ELEMENT":"f.1195843739892CF439726866CA7D4ED2.d.5C9091D12BDB5C7919C20C00B51D82A3.e.14653"}]}
RESULT: {"script":"<script> [8489 bytes]","args":[{"element-6066-11e4-a52e-4f735466cecf":"f.1195843739892CF439726866CA7D4ED2.d.5C9091D12BDB5C7919C20C00B51D82A3.e.14653","ELEMENT":"f.1195843739892CF439726866CA7D4ED2.d.5C9091D12BDB5C7919C20C00B51D82A3.e.14653"}]}
COMMAND: GET /session/0631827be0a93fac797ef22e97364bed/screenshot - {}
RESULT: {}
COMMAND: POST /session/0631827be0a93fac797ef22e97364bed/execute/sync - {"script":"<script> [8489 bytes]","args":[{"element-6066-11e4-a52e-4f735466cecf":"f.1195843739892CF439726866CA7D4ED2.d.5C9091D12BDB5C7919C20C00B51D82A3.e.14653","ELEMENT":"f.1195843739892CF439726866CA7D4ED2.d.5C9091D12BDB5C7919C20C00B51D82A3.e.14653"}]}
RESULT: {"script":"<script> [8489 bytes]","args":[{"element-6066-11e4-a52e-4f735466cecf":"f.1195843739892CF439726866CA7D4ED2.d.5C9091D12BDB5C7919C20C00B51D82A3.e.14653","ELEMENT":"f.1195843739892CF439726866CA7D4ED2.d.5C9091D12BDB5C7919C20C00B51D82A3.e.14653"}]}
COMMAND: GET /session/0631827be0a93fac797ef22e97364bed/screenshot - {}
RESULT: {}
COMMAND: POST /session/0631827be0a93fac797ef22e97364bed/execute/sync - {"script":"<script> [8489 bytes]","args":[{"element-6066-11e4-a52e-4f735466cecf":"f.1195843739892CF439726866CA7D4ED2.d.5C9091D12BDB5C7919C20C00B51D82A3.e.14653","ELEMENT":"f.1195843739892CF439726866CA7D4ED2.d.5C9091D12BDB5C7919C20C00B51D82A3.e.14653"}]}
RESULT: {"script":"<script> [8489 bytes]","args":[{"element-6066-11e4-a52e-4f735466cecf":"f.1195843739892CF439726866CA7D4ED2.d.5C9091D12BDB5C7919C20C00B51D82A3.e.14653","ELEMENT":"f.1195843739892CF439726866CA7D4ED2.d.5C9091D12BDB5C7919C20C00B51D82A3.e.14653"}]}
COMMAND: GET /session/0631827be0a93fac797ef22e97364bed/screenshot - {}
RESULT: {}
COMMAND: POST /session/0631827be0a93fac797ef22e97364bed/execute/sync - {"script":"<script> [8489 bytes]","args":[{"element-6066-11e4-a52e-4f735466cecf":"f.1195843739892CF439726866CA7D4ED2.d.5C9091D12BDB5C7919C20C00B51D82A3.e.14653","ELEMENT":"f.1195843739892CF439726866CA7D4ED2.d.5C9091D12BDB5C7919C20C00B51D82A3.e.14653"}]}
RESULT: {"script":"<script> [8489 bytes]","args":[{"element-6066-11e4-a52e-4f735466cecf":"f.1195843739892CF439726866CA7D4ED2.d.5C9091D12BDB5C7919C20C00B51D82A3.e.14653","ELEMENT":"f.1195843739892CF439726866CA7D4ED2.d.5C9091D12BDB5C7919C20C00B51D82A3.e.14653"}]}
COMMAND: GET /session/0631827be0a93fac797ef22e97364bed/screenshot - {}
RESULT: {}
COMMAND: POST /session/0631827be0a93fac797ef22e97364bed/execute/sync - {"script":"<script> [8489 bytes]","args":[{"element-6066-11e4-a52e-4f735466cecf":"f.1195843739892CF439726866CA7D4ED2.d.5C9091D12BDB5C7919C20C00B51D82A3.e.14653","ELEMENT":"f.1195843739892CF439726866CA7D4ED2.d.5C9091D12BDB5C7919C20C00B51D82A3.e.14653"}]}
RESULT: {"script":"<script> [8489 bytes]","args":[{"element-6066-11e4-a52e-4f735466cecf":"f.1195843739892CF439726866CA7D4ED2.d.5C9091D12BDB5C7919C20C00B51D82A3.e.14653","ELEMENT":"f.1195843739892CF439726866CA7D4ED2.d.5C9091D12BDB5C7919C20C00B51D82A3.e.14653"}]}
COMMAND: GET /session/0631827be0a93fac797ef22e97364bed/screenshot - {}
RESULT: {}
COMMAND: POST /session/0631827be0a93fac797ef22e97364bed/execute/sync - {"script":"<script> [8489 bytes]","args":[{"element-6066-11e4-a52e-4f735466cecf":"f.1195843739892CF439726866CA7D4ED2.d.5C9091D12BDB5C7919C20C00B51D82A3.e.14653","ELEMENT":"f.1195843739892CF439726866CA7D4ED2.d.5C9091D12BDB5C7919C20C00B51D82A3.e.14653"}]}
RESULT: {"script":"<script> [8489 bytes]","args":[{"element-6066-11e4-a52e-4f735466cecf":"f.1195843739892CF439726866CA7D4ED2.d.5C9091D12BDB5C7919C20C00B51D82A3.e.14653","ELEMENT":"f.1195843739892CF439726866CA7D4ED2.d.5C9091D12BDB5C7919C20C00B51D82A3.e.14653"}]}
COMMAND: GET /session/0631827be0a93fac797ef22e97364bed/screenshot - {}
RESULT: {}
COMMAND: POST /session/0631827be0a93fac797ef22e97364bed/execute/sync - {"script":"<script> [8489 bytes]","args":[{"element-6066-11e4-a52e-4f735466cecf":"f.1195843739892CF439726866CA7D4ED2.d.5C9091D12BDB5C7919C20C00B51D82A3.e.14653","ELEMENT":"f.1195843739892CF439726866CA7D4ED2.d.5C9091D12BDB5C7919C20C00B51D82A3.e.14653"}]}
RESULT: {"script":"<script> [8489 bytes]","args":[{"element-6066-11e4-a52e-4f735466cecf":"f.1195843739892CF439726866CA7D4ED2.d.5C9091D12BDB5C7919C20C00B51D82A3.e.14653","ELEMENT":"f.1195843739892CF439726866CA7D4ED2.d.5C9091D12BDB5C7919C20C00B51D82A3.e.14653"}]}
COMMAND: GET /session/0631827be0a93fac797ef22e97364bed/screenshot - {}
RESULT: {}
COMMAND: POST /session/0631827be0a93fac797ef22e97364bed/execute/sync - {"script":"<script> [8489 bytes]","args":[{"element-6066-11e4-a52e-4f735466cecf":"f.1195843739892CF439726866CA7D4ED2.d.5C9091D12BDB5C7919C20C00B51D82A3.e.14653","ELEMENT":"f.1195843739892CF439726866CA7D4ED2.d.5C9091D12BDB5C7919C20C00B51D82A3.e.14653"}]}
RESULT: {"script":"<script> [8489 bytes]","args":[{"element-6066-11e4-a52e-4f735466cecf":"f.1195843739892CF439726866CA7D4ED2.d.5C9091D12BDB5C7919C20C00B51D82A3.e.14653","ELEMENT":"f.1195843739892CF439726866CA7D4ED2.d.5C9091D12BDB5C7919C20C00B51D82A3.e.14653"}]}
COMMAND: GET /session/0631827be0a93fac797ef22e97364bed/screenshot - {}
RESULT: {}
COMMAND: POST /session/0631827be0a93fac797ef22e97364bed/execute/sync - {"script":"<script> [8489 bytes]","args":[{"element-6066-11e4-a52e-4f735466cecf":"f.1195843739892CF439726866CA7D4ED2.d.5C9091D12BDB5C7919C20C00B51D82A3.e.14653","ELEMENT":"f.1195843739892CF439726866CA7D4ED2.d.5C9091D12BDB5C7919C20C00B51D82A3.e.14653"}]}
RESULT: {"script":"<script> [8489 bytes]","args":[{"element-6066-11e4-a52e-4f735466cecf":"f.1195843739892CF439726866CA7D4ED2.d.5C9091D12BDB5C7919C20C00B51D82A3.e.14653","ELEMENT":"f.1195843739892CF439726866CA7D4ED2.d.5C9091D12BDB5C7919C20C00B51D82A3.e.14653"}]}
COMMAND: GET /session/0631827be0a93fac797ef22e97364bed/screenshot - {}
RESULT: {}
COMMAND: POST /session/0631827be0a93fac797ef22e97364bed/execute/sync - {"script":"<script> [8489 bytes]","args":[{"element-6066-11e4-a52e-4f735466cecf":"f.1195843739892CF439726866CA7D4ED2.d.5C9091D12BDB5C7919C20C00B51D82A3.e.14653","ELEMENT":"f.1195843739892CF439726866CA7D4ED2.d.5C9091D12BDB5C7919C20C00B51D82A3.e.14653"}]}
RESULT: {"script":"<script> [8489 bytes]","args":[{"element-6066-11e4-a52e-4f735466cecf":"f.1195843739892CF439726866CA7D4ED2.d.5C9091D12BDB5C7919C20C00B51D82A3.e.14653","ELEMENT":"f.1195843739892CF439726866CA7D4ED2.d.5C9091D12BDB5C7919C20C00B51D82A3.e.14653"}]}
COMMAND: GET /session/0631827be0a93fac797ef22e97364bed/screenshot - {}
RESULT: {}
COMMAND: POST /session/0631827be0a93fac797ef22e97364bed/execute/sync - {"script":"<script> [8489 bytes]","args":[{"element-6066-11e4-a52e-4f735466cecf":"f.1195843739892CF439726866CA7D4ED2.d.5C9091D12BDB5C7919C20C00B51D82A3.e.14653","ELEMENT":"f.1195843739892CF439726866CA7D4ED2.d.5C9091D12BDB5C7919C20C00B51D82A3.e.14653"}]}
RESULT: {"script":"<script> [8489 bytes]","args":[{"element-6066-11e4-a52e-4f735466cecf":"f.1195843739892CF439726866CA7D4ED2.d.5C9091D12BDB5C7919C20C00B51D82A3.e.14653","ELEMENT":"f.1195843739892CF439726866CA7D4ED2.d.5C9091D12BDB5C7919C20C00B51D82A3.e.14653"}]}
COMMAND: GET /session/0631827be0a93fac797ef22e97364bed/screenshot - {}
RESULT: {}
COMMAND: POST /session/0631827be0a93fac797ef22e97364bed/execute/sync - {"script":"<script> [8489 bytes]","args":[{"element-6066-11e4-a52e-4f735466cecf":"f.1195843739892CF439726866CA7D4ED2.d.5C9091D12BDB5C7919C20C00B51D82A3.e.14653","ELEMENT":"f.1195843739892CF439726866CA7D4ED2.d.5C9091D12BDB5C7919C20C00B51D82A3.e.14653"}]}
RESULT: {"script":"<script> [8489 bytes]","args":[{"element-6066-11e4-a52e-4f735466cecf":"f.1195843739892CF439726866CA7D4ED2.d.5C9091D12BDB5C7919C20C00B51D82A3.e.14653","ELEMENT":"f.1195843739892CF439726866CA7D4ED2.d.5C9091D12BDB5C7919C20C00B51D82A3.e.14653"}]}
COMMAND: GET /session/0631827be0a93fac797ef22e97364bed/screenshot - {}
RESULT: {}
COMMAND: POST /session/0631827be0a93fac797ef22e97364bed/execute/sync - {"script":"<script> [8489 bytes]","args":[{"element-6066-11e4-a52e-4f735466cecf":"f.1195843739892CF439726866CA7D4ED2.d.5C9091D12BDB5C7919C20C00B51D82A3.e.14653","ELEMENT":"f.1195843739892CF439726866CA7D4ED2.d.5C9091D12BDB5C7919C20C00B51D82A3.e.14653"}]}
RESULT: {"script":"<script> [8489 bytes]","args":[{"element-6066-11e4-a52e-4f735466cecf":"f.1195843739892CF439726866CA7D4ED2.d.5C9091D12BDB5C7919C20C00B51D82A3.e.14653","ELEMENT":"f.1195843739892CF439726866CA7D4ED2.d.5C9091D12BDB5C7919C20C00B51D82A3.e.14653"}]}
COMMAND: GET /session/0631827be0a93fac797ef22e97364bed/screenshot - {}
RESULT: {}
COMMAND: POST /session/0631827be0a93fac797ef22e97364bed/execute/sync - {"script":"<script> [8489 bytes]","args":[{"element-6066-11e4-a52e-4f735466cecf":"f.1195843739892CF439726866CA7D4ED2.d.5C9091D12BDB5C7919C20C00B51D82A3.e.14653","ELEMENT":"f.1195843739892CF439726866CA7D4ED2.d.5C9091D12BDB5C7919C20C00B51D82A3.e.14653"}]}
RESULT: {"script":"<script> [8489 bytes]","args":[{"element-6066-11e4-a52e-4f735466cecf":"f.1195843739892CF439726866CA7D4ED2.d.5C9091D12BDB5C7919C20C00B51D82A3.e.14653","ELEMENT":"f.1195843739892CF439726866CA7D4ED2.d.5C9091D12BDB5C7919C20C00B51D82A3.e.14653"}]}
COMMAND: GET /session/0631827be0a93fac797ef22e97364bed/screenshot - {}
RESULT: {}
COMMAND: POST /session/0631827be0a93fac797ef22e97364bed/execute/sync - {"script":"<script> [8489 bytes]","args":[{"element-6066-11e4-a52e-4f735466cecf":"f.1195843739892CF439726866CA7D4ED2.d.5C9091D12BDB5C7919C20C00B51D82A3.e.14653","ELEMENT":"f.1195843739892CF439726866CA7D4ED2.d.5C9091D12BDB5C7919C20C00B51D82A3.e.14653"}]}
RESULT: {"script":"<script> [8489 bytes]","args":[{"element-6066-11e4-a52e-4f735466cecf":"f.1195843739892CF439726866CA7D4ED2.d.5C9091D12BDB5C7919C20C00B51D82A3.e.14653","ELEMENT":"f.1195843739892CF439726866CA7D4ED2.d.5C9091D12BDB5C7919C20C00B51D82A3.e.14653"}]}
COMMAND: GET /session/0631827be0a93fac797ef22e97364bed/screenshot - {}
RESULT: {}
COMMAND: POST /session/0631827be0a93fac797ef22e97364bed/execute/sync - {"script":"<script> [8489 bytes]","args":[{"element-6066-11e4-a52e-4f735466cecf":"f.1195843739892CF439726866CA7D4ED2.d.5C9091D12BDB5C7919C20C00B51D82A3.e.14653","ELEMENT":"f.1195843739892CF439726866CA7D4ED2.d.5C9091D12BDB5C7919C20C00B51D82A3.e.14653"}]}
RESULT: {"script":"<script> [8489 bytes]","args":[{"element-6066-11e4-a52e-4f735466cecf":"f.1195843739892CF439726866CA7D4ED2.d.5C9091D12BDB5C7919C20C00B51D82A3.e.14653","ELEMENT":"f.1195843739892CF439726866CA7D4ED2.d.5C9091D12BDB5C7919C20C00B51D82A3.e.14653"}]}
COMMAND: GET /session/0631827be0a93fac797ef22e97364bed/screenshot - {}
RESULT: {}
COMMAND: POST /session/0631827be0a93fac797ef22e97364bed/execute/sync - {"script":"<script> [8489 bytes]","args":[{"element-6066-11e4-a52e-4f735466cecf":"f.1195843739892CF439726866CA7D4ED2.d.5C9091D12BDB5C7919C20C00B51D82A3.e.14653","ELEMENT":"f.1195843739892CF439726866CA7D4ED2.d.5C9091D12BDB5C7919C20C00B51D82A3.e.14653"}]}
RESULT: {"script":"<script> [8489 bytes]","args":[{"element-6066-11e4-a52e-4f735466cecf":"f.1195843739892CF439726866CA7D4ED2.d.5C9091D12BDB5C7919C20C00B51D82A3.e.14653","ELEMENT":"f.1195843739892CF439726866CA7D4ED2.d.5C9091D12BDB5C7919C20C00B51D82A3.e.14653"}]}
COMMAND: GET /session/0631827be0a93fac797ef22e97364bed/screenshot - {}
RESULT: {}
COMMAND: POST /session/0631827be0a93fac797ef22e97364bed/execute/sync - {"script":"<script> [8489 bytes]","args":[{"element-6066-11e4-a52e-4f735466cecf":"f.1195843739892CF439726866CA7D4ED2.d.5C9091D12BDB5C7919C20C00B51D82A3.e.14653","ELEMENT":"f.1195843739892CF439726866CA7D4ED2.d.5C9091D12BDB5C7919C20C00B51D82A3.e.14653"}]}
RESULT: {"script":"<script> [8489 bytes]","args":[{"element-6066-11e4-a52e-4f735466cecf":"f.1195843739892CF439726866CA7D4ED2.d.5C9091D12BDB5C7919C20C00B51D82A3.e.14653","ELEMENT":"f.1195843739892CF439726866CA7D4ED2.d.5C9091D12BDB5C7919C20C00B51D82A3.e.14653"}]}
COMMAND: GET /session/0631827be0a93fac797ef22e97364bed/screenshot - {}
RESULT: {}
COMMAND: POST /session/0631827be0a93fac797ef22e97364bed/execute/sync - {"script":"<script> [8489 bytes]","args":[{"element-6066-11e4-a52e-4f735466cecf":"f.1195843739892CF439726866CA7D4ED2.d.5C9091D12BDB5C7919C20C00B51D82A3.e.14653","ELEMENT":"f.1195843739892CF439726866CA7D4ED2.d.5C9091D12BDB5C7919C20C00B51D82A3.e.14653"}]}
RESULT: {"script":"<script> [8489 bytes]","args":[{"element-6066-11e4-a52e-4f735466cecf":"f.1195843739892CF439726866CA7D4ED2.d.5C9091D12BDB5C7919C20C00B51D82A3.e.14653","ELEMENT":"f.1195843739892CF439726866CA7D4ED2.d.5C9091D12BDB5C7919C20C00B51D82A3.e.14653"}]}
COMMAND: GET /session/0631827be0a93fac797ef22e97364bed/screenshot - {}
RESULT: {}
COMMAND: POST /session/0631827be0a93fac797ef22e97364bed/execute/sync - {"script":"<script> [8489 bytes]","args":[{"element-6066-11e4-a52e-4f735466cecf":"f.1195843739892CF439726866CA7D4ED2.d.5C9091D12BDB5C7919C20C00B51D82A3.e.14653","ELEMENT":"f.1195843739892CF439726866CA7D4ED2.d.5C9091D12BDB5C7919C20C00B51D82A3.e.14653"}]}
RESULT: {"script":"<script> [8489 bytes]","args":[{"element-6066-11e4-a52e-4f735466cecf":"f.1195843739892CF439726866CA7D4ED2.d.5C9091D12BDB5C7919C20C00B51D82A3.e.14653","ELEMENT":"f.1195843739892CF439726866CA7D4ED2.d.5C9091D12BDB5C7919C20C00B51D82A3.e.14653"}]}
COMMAND: GET /session/0631827be0a93fac797ef22e97364bed/screenshot - {}
RESULT: {}
COMMAND: POST /session/0631827be0a93fac797ef22e97364bed/execute/sync - {"script":"<script> [8489 bytes]","args":[{"element-6066-11e4-a52e-4f735466cecf":"f.1195843739892CF439726866CA7D4ED2.d.5C9091D12BDB5C7919C20C00B51D82A3.e.14653","ELEMENT":"f.1195843739892CF439726866CA7D4ED2.d.5C9091D12BDB5C7919C20C00B51D82A3.e.14653"}]}
RESULT: {"script":"<script> [8489 bytes]","args":[{"element-6066-11e4-a52e-4f735466cecf":"f.1195843739892CF439726866CA7D4ED2.d.5C9091D12BDB5C7919C20C00B51D82A3.e.14653","ELEMENT":"f.1195843739892CF439726866CA7D4ED2.d.5C9091D12BDB5C7919C20C00B51D82A3.e.14653"}]}
COMMAND: GET /session/0631827be0a93fac797ef22e97364bed/screenshot - {}
RESULT: {}
COMMAND: POST /session/0631827be0a93fac797ef22e97364bed/execute/sync - {"script":"<script> [8489 bytes]","args":[{"element-6066-11e4-a52e-4f735466cecf":"f.1195843739892CF439726866CA7D4ED2.d.5C9091D12BDB5C7919C20C00B51D82A3.e.14653","ELEMENT":"f.1195843739892CF439726866CA7D4ED2.d.5C9091D12BDB5C7919C20C00B51D82A3.e.14653"}]}
RESULT: {"script":"<script> [8489 bytes]","args":[{"element-6066-11e4-a52e-4f735466cecf":"f.1195843739892CF439726866CA7D4ED2.d.5C9091D12BDB5C7919C20C00B51D82A3.e.14653","ELEMENT":"f.1195843739892CF439726866CA7D4ED2.d.5C9091D12BDB5C7919C20C00B51D82A3.e.14653"}]}
COMMAND: GET /session/0631827be0a93fac797ef22e97364bed/screenshot - {}
RESULT: {}
COMMAND: POST /session/0631827be0a93fac797ef22e97364bed/execute/sync - {"script":"<script> [8489 bytes]","args":[{"element-6066-11e4-a52e-4f735466cecf":"f.1195843739892CF439726866CA7D4ED2.d.5C9091D12BDB5C7919C20C00B51D82A3.e.14653","ELEMENT":"f.1195843739892CF439726866CA7D4ED2.d.5C9091D12BDB5C7919C20C00B51D82A3.e.14653"}]}
RESULT: {"script":"<script> [8489 bytes]","args":[{"element-6066-11e4-a52e-4f735466cecf":"f.1195843739892CF439726866CA7D4ED2.d.5C9091D12BDB5C7919C20C00B51D82A3.e.14653","ELEMENT":"f.1195843739892CF439726866CA7D4ED2.d.5C9091D12BDB5C7919C20C00B51D82A3.e.14653"}]}
COMMAND: GET /session/0631827be0a93fac797ef22e97364bed/screenshot - {}
RESULT: {}
COMMAND: POST /session/0631827be0a93fac797ef22e97364bed/execute/sync - {"script":"<script> [8489 bytes]","args":[{"element-6066-11e4-a52e-4f735466cecf":"f.1195843739892CF439726866CA7D4ED2.d.5C9091D12BDB5C7919C20C00B51D82A3.e.14653","ELEMENT":"f.1195843739892CF439726866CA7D4ED2.d.5C9091D12BDB5C7919C20C00B51D82A3.e.14653"}]}
RESULT: {"script":"<script> [8489 bytes]","args":[{"element-6066-11e4-a52e-4f735466cecf":"f.1195843739892CF439726866CA7D4ED2.d.5C9091D12BDB5C7919C20C00B51D82A3.e.14653","ELEMENT":"f.1195843739892CF439726866CA7D4ED2.d.5C9091D12BDB5C7919C20C00B51D82A3.e.14653"}]}
COMMAND: GET /session/0631827be0a93fac797ef22e97364bed/screenshot - {}
RESULT: {}
COMMAND: POST /session/0631827be0a93fac797ef22e97364bed/execute/sync - {"script":"<script> [8489 bytes]","args":[{"element-6066-11e4-a52e-4f735466cecf":"f.1195843739892CF439726866CA7D4ED2.d.5C9091D12BDB5C7919C20C00B51D82A3.e.14653","ELEMENT":"f.1195843739892CF439726866CA7D4ED2.d.5C9091D12BDB5C7919C20C00B51D82A3.e.14653"}]}
RESULT: {"script":"<script> [8489 bytes]","args":[{"element-6066-11e4-a52e-4f735466cecf":"f.1195843739892CF439726866CA7D4ED2.d.5C9091D12BDB5C7919C20C00B51D82A3.e.14653","ELEMENT":"f.1195843739892CF439726866CA7D4ED2.d.5C9091D12BDB5C7919C20C00B51D82A3.e.14653"}]}
COMMAND: GET /session/0631827be0a93fac797ef22e97364bed/screenshot - {}
RESULT: {}
COMMAND: POST /session/0631827be0a93fac797ef22e97364bed/execute/sync - {"script":"<script> [8489 bytes]","args":[{"element-6066-11e4-a52e-4f735466cecf":"f.1195843739892CF439726866CA7D4ED2.d.5C9091D12BDB5C7919C20C00B51D82A3.e.14653","ELEMENT":"f.1195843739892CF439726866CA7D4ED2.d.5C9091D12BDB5C7919C20C00B51D82A3.e.14653"}]}
RESULT: {"script":"<script> [8489 bytes]","args":[{"element-6066-11e4-a52e-4f735466cecf":"f.1195843739892CF439726866CA7D4ED2.d.5C9091D12BDB5C7919C20C00B51D82A3.e.14653","ELEMENT":"f.1195843739892CF439726866CA7D4ED2.d.5C9091D12BDB5C7919C20C00B51D82A3.e.14653"}]}
COMMAND: GET /session/0631827be0a93fac797ef22e97364bed/screenshot - {}
RESULT: {}
COMMAND: POST /session/0631827be0a93fac797ef22e97364bed/execute/sync - {"script":"<script> [8489 bytes]","args":[{"element-6066-11e4-a52e-4f735466cecf":"f.1195843739892CF439726866CA7D4ED2.d.5C9091D12BDB5C7919C20C00B51D82A3.e.14653","ELEMENT":"f.1195843739892CF439726866CA7D4ED2.d.5C9091D12BDB5C7919C20C00B51D82A3.e.14653"}]}
RESULT: {"script":"<script> [8489 bytes]","args":[{"element-6066-11e4-a52e-4f735466cecf":"f.1195843739892CF439726866CA7D4ED2.d.5C9091D12BDB5C7919C20C00B51D82A3.e.14653","ELEMENT":"f.1195843739892CF439726866CA7D4ED2.d.5C9091D12BDB5C7919C20C00B51D82A3.e.14653"}]}
COMMAND: GET /session/0631827be0a93fac797ef22e97364bed/screenshot - {}
RESULT: {}
COMMAND: POST /session/0631827be0a93fac797ef22e97364bed/execute/sync - {"script":"<script> [8489 bytes]","args":[{"element-6066-11e4-a52e-4f735466cecf":"f.1195843739892CF439726866CA7D4ED2.d.5C9091D12BDB5C7919C20C00B51D82A3.e.14653","ELEMENT":"f.1195843739892CF439726866CA7D4ED2.d.5C9091D12BDB5C7919C20C00B51D82A3.e.14653"}]}
RESULT: {"script":"<script> [8489 bytes]","args":[{"element-6066-11e4-a52e-4f735466cecf":"f.1195843739892CF439726866CA7D4ED2.d.5C9091D12BDB5C7919C20C00B51D82A3.e.14653","ELEMENT":"f.1195843739892CF439726866CA7D4ED2.d.5C9091D12BDB5C7919C20C00B51D82A3.e.14653"}]}
COMMAND: GET /session/0631827be0a93fac797ef22e97364bed/screenshot - {}
RESULT: {}
COMMAND: POST /session/0631827be0a93fac797ef22e97364bed/execute/sync - {"script":"<script> [8489 bytes]","args":[{"element-6066-11e4-a52e-4f735466cecf":"f.1195843739892CF439726866CA7D4ED2.d.5C9091D12BDB5C7919C20C00B51D82A3.e.14653","ELEMENT":"f.1195843739892CF439726866CA7D4ED2.d.5C9091D12BDB5C7919C20C00B51D82A3.e.14653"}]}
RESULT: {"script":"<script> [8489 bytes]","args":[{"element-6066-11e4-a52e-4f735466cecf":"f.1195843739892CF439726866CA7D4ED2.d.5C9091D12BDB5C7919C20C00B51D82A3.e.14653","ELEMENT":"f.1195843739892CF439726866CA7D4ED2.d.5C9091D12BDB5C7919C20C00B51D82A3.e.14653"}]}
COMMAND: GET /session/0631827be0a93fac797ef22e97364bed/screenshot - {}
RESULT: {}
COMMAND: POST /session/0631827be0a93fac797ef22e97364bed/execute/sync - {"script":"<script> [8489 bytes]","args":[{"element-6066-11e4-a52e-4f735466cecf":"f.1195843739892CF439726866CA7D4ED2.d.5C9091D12BDB5C7919C20C00B51D82A3.e.14653","ELEMENT":"f.1195843739892CF439726866CA7D4ED2.d.5C9091D12BDB5C7919C20C00B51D82A3.e.14653"}]}
RESULT: {"script":"<script> [8489 bytes]","args":[{"element-6066-11e4-a52e-4f735466cecf":"f.1195843739892CF439726866CA7D4ED2.d.5C9091D12BDB5C7919C20C00B51D82A3.e.14653","ELEMENT":"f.1195843739892CF439726866CA7D4ED2.d.5C9091D12BDB5C7919C20C00B51D82A3.e.14653"}]}
COMMAND: GET /session/0631827be0a93fac797ef22e97364bed/screenshot - {}
RESULT: {}
COMMAND: POST /session/0631827be0a93fac797ef22e97364bed/execute/sync - {"script":"<script> [8489 bytes]","args":[{"element-6066-11e4-a52e-4f735466cecf":"f.1195843739892CF439726866CA7D4ED2.d.5C9091D12BDB5C7919C20C00B51D82A3.e.14653","ELEMENT":"f.1195843739892CF439726866CA7D4ED2.d.5C9091D12BDB5C7919C20C00B51D82A3.e.14653"}]}
RESULT: {"script":"<script> [8489 bytes]","args":[{"element-6066-11e4-a52e-4f735466cecf":"f.1195843739892CF439726866CA7D4ED2.d.5C9091D12BDB5C7919C20C00B51D82A3.e.14653","ELEMENT":"f.1195843739892CF439726866CA7D4ED2.d.5C9091D12BDB5C7919C20C00B51D82A3.e.14653"}]}
COMMAND: GET /session/0631827be0a93fac797ef22e97364bed/screenshot - {}
RESULT: {}
COMMAND: POST /session/0631827be0a93fac797ef22e97364bed/execute/sync - {"script":"<script> [8489 bytes]","args":[{"element-6066-11e4-a52e-4f735466cecf":"f.1195843739892CF439726866CA7D4ED2.d.5C9091D12BDB5C7919C20C00B51D82A3.e.14653","ELEMENT":"f.1195843739892CF439726866CA7D4ED2.d.5C9091D12BDB5C7919C20C00B51D82A3.e.14653"}]}
RESULT: {"script":"<script> [8489 bytes]","args":[{"element-6066-11e4-a52e-4f735466cecf":"f.1195843739892CF439726866CA7D4ED2.d.5C9091D12BDB5C7919C20C00B51D82A3.e.14653","ELEMENT":"f.1195843739892CF439726866CA7D4ED2.d.5C9091D12BDB5C7919C20C00B51D82A3.e.14653"}]}
COMMAND: GET /session/0631827be0a93fac797ef22e97364bed/screenshot - {}
COMMAND: POST /session/0631827be0a93fac797ef22e97364bed/execute/sync - {"script":"<script> [8489 bytes]","args":[{"element-6066-11e4-a52e-4f735466cecf":"f.1195843739892CF439726866CA7D4ED2.d.5C9091D12BDB5C7919C20C00B51D82A3.e.14653","ELEMENT":"f.1195843739892CF439726866CA7D4ED2.d.5C9091D12BDB5C7919C20C00B51D82A3.e.14653"}]}
RESULT: {}
RESULT: {"script":"<script> [8489 bytes]","args":[{"element-6066-11e4-a52e-4f735466cecf":"f.1195843739892CF439726866CA7D4ED2.d.5C9091D12BDB5C7919C20C00B51D82A3.e.14653","ELEMENT":"f.1195843739892CF439726866CA7D4ED2.d.5C9091D12BDB5C7919C20C00B51D82A3.e.14653"}]}
COMMAND: GET /session/0631827be0a93fac797ef22e97364bed/screenshot - {}
RESULT: {}
COMMAND: POST /session/0631827be0a93fac797ef22e97364bed/execute/sync - {"script":"<script> [8489 bytes]","args":[{"element-6066-11e4-a52e-4f735466cecf":"f.1195843739892CF439726866CA7D4ED2.d.5C9091D12BDB5C7919C20C00B51D82A3.e.14653","ELEMENT":"f.1195843739892CF439726866CA7D4ED2.d.5C9091D12BDB5C7919C20C00B51D82A3.e.14653"}]}
RESULT: {"script":"<script> [8489 bytes]","args":[{"element-6066-11e4-a52e-4f735466cecf":"f.1195843739892CF439726866CA7D4ED2.d.5C9091D12BDB5C7919C20C00B51D82A3.e.14653","ELEMENT":"f.1195843739892CF439726866CA7D4ED2.d.5C9091D12BDB5C7919C20C00B51D82A3.e.14653"}]}
COMMAND: GET /session/0631827be0a93fac797ef22e97364bed/screenshot - {}
RESULT: {}
COMMAND: POST /session/0631827be0a93fac797ef22e97364bed/execute/sync - {"script":"<script> [8489 bytes]","args":[{"element-6066-11e4-a52e-4f735466cecf":"f.1195843739892CF439726866CA7D4ED2.d.5C9091D12BDB5C7919C20C00B51D82A3.e.14653","ELEMENT":"f.1195843739892CF439726866CA7D4ED2.d.5C9091D12BDB5C7919C20C00B51D82A3.e.14653"}]}
RESULT: {"script":"<script> [8489 bytes]","args":[{"element-6066-11e4-a52e-4f735466cecf":"f.1195843739892CF439726866CA7D4ED2.d.5C9091D12BDB5C7919C20C00B51D82A3.e.14653","ELEMENT":"f.1195843739892CF439726866CA7D4ED2.d.5C9091D12BDB5C7919C20C00B51D82A3.e.14653"}]}
COMMAND: GET /session/0631827be0a93fac797ef22e97364bed/screenshot - {}
RESULT: {}
COMMAND: POST /session/0631827be0a93fac797ef22e97364bed/execute/sync - {"script":"<script> [8489 bytes]","args":[{"element-6066-11e4-a52e-4f735466cecf":"f.1195843739892CF439726866CA7D4ED2.d.5C9091D12BDB5C7919C20C00B51D82A3.e.14653","ELEMENT":"f.1195843739892CF439726866CA7D4ED2.d.5C9091D12BDB5C7919C20C00B51D82A3.e.14653"}]}
RESULT: {"script":"<script> [8489 bytes]","args":[{"element-6066-11e4-a52e-4f735466cecf":"f.1195843739892CF439726866CA7D4ED2.d.5C9091D12BDB5C7919C20C00B51D82A3.e.14653","ELEMENT":"f.1195843739892CF439726866CA7D4ED2.d.5C9091D12BDB5C7919C20C00B51D82A3.e.14653"}]}
COMMAND: GET /session/0631827be0a93fac797ef22e97364bed/screenshot - {}
RESULT: {}
COMMAND: POST /session/0631827be0a93fac797ef22e97364bed/execute/sync - {"script":"<script> [8489 bytes]","args":[{"element-6066-11e4-a52e-4f735466cecf":"f.1195843739892CF439726866CA7D4ED2.d.5C9091D12BDB5C7919C20C00B51D82A3.e.14653","ELEMENT":"f.1195843739892CF439726866CA7D4ED2.d.5C9091D12BDB5C7919C20C00B51D82A3.e.14653"}]}
RESULT: {"script":"<script> [8489 bytes]","args":[{"element-6066-11e4-a52e-4f735466cecf":"f.1195843739892CF439726866CA7D4ED2.d.5C9091D12BDB5C7919C20C00B51D82A3.e.14653","ELEMENT":"f.1195843739892CF439726866CA7D4ED2.d.5C9091D12BDB5C7919C20C00B51D82A3.e.14653"}]}
COMMAND: GET /session/0631827be0a93fac797ef22e97364bed/screenshot - {}
RESULT: {}
COMMAND: POST /session/0631827be0a93fac797ef22e97364bed/execute/sync - {"script":"<script> [8489 bytes]","args":[{"element-6066-11e4-a52e-4f735466cecf":"f.1195843739892CF439726866CA7D4ED2.d.5C9091D12BDB5C7919C20C00B51D82A3.e.14653","ELEMENT":"f.1195843739892CF439726866CA7D4ED2.d.5C9091D12BDB5C7919C20C00B51D82A3.e.14653"}]}
RESULT: {"script":"<script> [8489 bytes]","args":[{"element-6066-11e4-a52e-4f735466cecf":"f.1195843739892CF439726866CA7D4ED2.d.5C9091D12BDB5C7919C20C00B51D82A3.e.14653","ELEMENT":"f.1195843739892CF439726866CA7D4ED2.d.5C9091D12BDB5C7919C20C00B51D82A3.e.14653"}]}
COMMAND: GET /session/0631827be0a93fac797ef22e97364bed/screenshot - {}
RESULT: {}
COMMAND: POST /session/0631827be0a93fac797ef22e97364bed/execute/sync - {"script":"<script> [8489 bytes]","args":[{"element-6066-11e4-a52e-4f735466cecf":"f.1195843739892CF439726866CA7D4ED2.d.5C9091D12BDB5C7919C20C00B51D82A3.e.14653","ELEMENT":"f.1195843739892CF439726866CA7D4ED2.d.5C9091D12BDB5C7919C20C00B51D82A3.e.14653"}]}
RESULT: {"script":"<script> [8489 bytes]","args":[{"element-6066-11e4-a52e-4f735466cecf":"f.1195843739892CF439726866CA7D4ED2.d.5C9091D12BDB5C7919C20C00B51D82A3.e.14653","ELEMENT":"f.1195843739892CF439726866CA7D4ED2.d.5C9091D12BDB5C7919C20C00B51D82A3.e.14653"}]}
COMMAND: GET /session/0631827be0a93fac797ef22e97364bed/screenshot - {}
RESULT: {}
COMMAND: POST /session/0631827be0a93fac797ef22e97364bed/execute/sync - {"script":"<script> [8489 bytes]","args":[{"element-6066-11e4-a52e-4f735466cecf":"f.1195843739892CF439726866CA7D4ED2.d.5C9091D12BDB5C7919C20C00B51D82A3.e.14653","ELEMENT":"f.1195843739892CF439726866CA7D4ED2.d.5C9091D12BDB5C7919C20C00B51D82A3.e.14653"}]}
RESULT: {"script":"<script> [8489 bytes]","args":[{"element-6066-11e4-a52e-4f735466cecf":"f.1195843739892CF439726866CA7D4ED2.d.5C9091D12BDB5C7919C20C00B51D82A3.e.14653","ELEMENT":"f.1195843739892CF439726866CA7D4ED2.d.5C9091D12BDB5C7919C20C00B51D82A3.e.14653"}]}
COMMAND: GET /session/0631827be0a93fac797ef22e97364bed/screenshot - {}
RESULT: {}
COMMAND: POST /session/0631827be0a93fac797ef22e97364bed/execute/sync - {"script":"<script> [8489 bytes]","args":[{"element-6066-11e4-a52e-4f735466cecf":"f.1195843739892CF439726866CA7D4ED2.d.5C9091D12BDB5C7919C20C00B51D82A3.e.14653","ELEMENT":"f.1195843739892CF439726866CA7D4ED2.d.5C9091D12BDB5C7919C20C00B51D82A3.e.14653"}]}
RESULT: {"script":"<script> [8489 bytes]","args":[{"element-6066-11e4-a52e-4f735466cecf":"f.1195843739892CF439726866CA7D4ED2.d.5C9091D12BDB5C7919C20C00B51D82A3.e.14653","ELEMENT":"f.1195843739892CF439726866CA7D4ED2.d.5C9091D12BDB5C7919C20C00B51D82A3.e.14653"}]}
COMMAND: GET /session/0631827be0a93fac797ef22e97364bed/screenshot - {}
RESULT: {}
COMMAND: POST /session/0631827be0a93fac797ef22e97364bed/execute/sync - {"script":"<script> [8489 bytes]","args":[{"element-6066-11e4-a52e-4f735466cecf":"f.1195843739892CF439726866CA7D4ED2.d.5C9091D12BDB5C7919C20C00B51D82A3.e.14653","ELEMENT":"f.1195843739892CF439726866CA7D4ED2.d.5C9091D12BDB5C7919C20C00B51D82A3.e.14653"}]}
RESULT: {"script":"<script> [8489 bytes]","args":[{"element-6066-11e4-a52e-4f735466cecf":"f.1195843739892CF439726866CA7D4ED2.d.5C9091D12BDB5C7919C20C00B51D82A3.e.14653","ELEMENT":"f.1195843739892CF439726866CA7D4ED2.d.5C9091D12BDB5C7919C20C00B51D82A3.e.14653"}]}
COMMAND: GET /session/0631827be0a93fac797ef22e97364bed/screenshot - {}
RESULT: {}
COMMAND: POST /session/0631827be0a93fac797ef22e97364bed/execute/sync - {"script":"<script> [8489 bytes]","args":[{"element-6066-11e4-a52e-4f735466cecf":"f.1195843739892CF439726866CA7D4ED2.d.5C9091D12BDB5C7919C20C00B51D82A3.e.14653","ELEMENT":"f.1195843739892CF439726866CA7D4ED2.d.5C9091D12BDB5C7919C20C00B51D82A3.e.14653"}]}
RESULT: {"script":"<script> [8489 bytes]","args":[{"element-6066-11e4-a52e-4f735466cecf":"f.1195843739892CF439726866CA7D4ED2.d.5C9091D12BDB5C7919C20C00B51D82A3.e.14653","ELEMENT":"f.1195843739892CF439726866CA7D4ED2.d.5C9091D12BDB5C7919C20C00B51D82A3.e.14653"}]}
COMMAND: GET /session/0631827be0a93fac797ef22e97364bed/screenshot - {}
RESULT: {}
COMMAND: POST /session/0631827be0a93fac797ef22e97364bed/execute/sync - {"script":"<script> [8489 bytes]","args":[{"element-6066-11e4-a52e-4f735466cecf":"f.1195843739892CF439726866CA7D4ED2.d.5C9091D12BDB5C7919C20C00B51D82A3.e.14653","ELEMENT":"f.1195843739892CF439726866CA7D4ED2.d.5C9091D12BDB5C7919C20C00B51D82A3.e.14653"}]}
RESULT: {"script":"<script> [8489 bytes]","args":[{"element-6066-11e4-a52e-4f735466cecf":"f.1195843739892CF439726866CA7D4ED2.d.5C9091D12BDB5C7919C20C00B51D82A3.e.14653","ELEMENT":"f.1195843739892CF439726866CA7D4ED2.d.5C9091D12BDB5C7919C20C00B51D82A3.e.14653"}]}
COMMAND: GET /session/0631827be0a93fac797ef22e97364bed/screenshot - {}
RESULT: {}
COMMAND: POST /session/0631827be0a93fac797ef22e97364bed/execute/sync - {"script":"<script> [8489 bytes]","args":[{"element-6066-11e4-a52e-4f735466cecf":"f.1195843739892CF439726866CA7D4ED2.d.5C9091D12BDB5C7919C20C00B51D82A3.e.14653","ELEMENT":"f.1195843739892CF439726866CA7D4ED2.d.5C9091D12BDB5C7919C20C00B51D82A3.e.14653"}]}
RESULT: {"script":"<script> [8489 bytes]","args":[{"element-6066-11e4-a52e-4f735466cecf":"f.1195843739892CF439726866CA7D4ED2.d.5C9091D12BDB5C7919C20C00B51D82A3.e.14653","ELEMENT":"f.1195843739892CF439726866CA7D4ED2.d.5C9091D12BDB5C7919C20C00B51D82A3.e.14653"}]}
COMMAND: GET /session/0631827be0a93fac797ef22e97364bed/screenshot - {}
RESULT: {}
COMMAND: POST /session/0631827be0a93fac797ef22e97364bed/execute/sync - {"script":"<script> [8489 bytes]","args":[{"element-6066-11e4-a52e-4f735466cecf":"f.1195843739892CF439726866CA7D4ED2.d.5C9091D12BDB5C7919C20C00B51D82A3.e.14653","ELEMENT":"f.1195843739892CF439726866CA7D4ED2.d.5C9091D12BDB5C7919C20C00B51D82A3.e.14653"}]}
RESULT: {"script":"<script> [8489 bytes]","args":[{"element-6066-11e4-a52e-4f735466cecf":"f.1195843739892CF439726866CA7D4ED2.d.5C9091D12BDB5C7919C20C00B51D82A3.e.14653","ELEMENT":"f.1195843739892CF439726866CA7D4ED2.d.5C9091D12BDB5C7919C20C00B51D82A3.e.14653"}]}
COMMAND: GET /session/0631827be0a93fac797ef22e97364bed/screenshot - {}
RESULT: {}
COMMAND: POST /session/0631827be0a93fac797ef22e97364bed/execute/sync - {"script":"<script> [8489 bytes]","args":[{"element-6066-11e4-a52e-4f735466cecf":"f.1195843739892CF439726866CA7D4ED2.d.5C9091D12BDB5C7919C20C00B51D82A3.e.14653","ELEMENT":"f.1195843739892CF439726866CA7D4ED2.d.5C9091D12BDB5C7919C20C00B51D82A3.e.14653"}]}
RESULT: {"script":"<script> [8489 bytes]","args":[{"element-6066-11e4-a52e-4f735466cecf":"f.1195843739892CF439726866CA7D4ED2.d.5C9091D12BDB5C7919C20C00B51D82A3.e.14653","ELEMENT":"f.1195843739892CF439726866CA7D4ED2.d.5C9091D12BDB5C7919C20C00B51D82A3.e.14653"}]}
COMMAND: GET /session/0631827be0a93fac797ef22e97364bed/screenshot - {}
RESULT: {}
COMMAND: POST /session/0631827be0a93fac797ef22e97364bed/execute/sync - {"script":"<script> [8489 bytes]","args":[{"element-6066-11e4-a52e-4f735466cecf":"f.1195843739892CF439726866CA7D4ED2.d.5C9091D12BDB5C7919C20C00B51D82A3.e.14653","ELEMENT":"f.1195843739892CF439726866CA7D4ED2.d.5C9091D12BDB5C7919C20C00B51D82A3.e.14653"}]}
RESULT: {"script":"<script> [8489 bytes]","args":[{"element-6066-11e4-a52e-4f735466cecf":"f.1195843739892CF439726866CA7D4ED2.d.5C9091D12BDB5C7919C20C00B51D82A3.e.14653","ELEMENT":"f.1195843739892CF439726866CA7D4ED2.d.5C9091D12BDB5C7919C20C00B51D82A3.e.14653"}]}
COMMAND: GET /session/0631827be0a93fac797ef22e97364bed/screenshot - {}
RESULT: {}
COMMAND: POST /session/0631827be0a93fac797ef22e97364bed/execute/sync - {"script":"<script> [8489 bytes]","args":[{"element-6066-11e4-a52e-4f735466cecf":"f.1195843739892CF439726866CA7D4ED2.d.5C9091D12BDB5C7919C20C00B51D82A3.e.14653","ELEMENT":"f.1195843739892CF439726866CA7D4ED2.d.5C9091D12BDB5C7919C20C00B51D82A3.e.14653"}]}
RESULT: {"script":"<script> [8489 bytes]","args":[{"element-6066-11e4-a52e-4f735466cecf":"f.1195843739892CF439726866CA7D4ED2.d.5C9091D12BDB5C7919C20C00B51D82A3.e.14653","ELEMENT":"f.1195843739892CF439726866CA7D4ED2.d.5C9091D12BDB5C7919C20C00B51D82A3.e.14653"}]}
COMMAND: GET /session/0631827be0a93fac797ef22e97364bed/screenshot - {}
RESULT: {}
COMMAND: POST /session/0631827be0a93fac797ef22e97364bed/execute/sync - {"script":"<script> [8489 bytes]","args":[{"element-6066-11e4-a52e-4f735466cecf":"f.1195843739892CF439726866CA7D4ED2.d.5C9091D12BDB5C7919C20C00B51D82A3.e.14653","ELEMENT":"f.1195843739892CF439726866CA7D4ED2.d.5C9091D12BDB5C7919C20C00B51D82A3.e.14653"}]}
RESULT: {"script":"<script> [8489 bytes]","args":[{"element-6066-11e4-a52e-4f735466cecf":"f.1195843739892CF439726866CA7D4ED2.d.5C9091D12BDB5C7919C20C00B51D82A3.e.14653","ELEMENT":"f.1195843739892CF439726866CA7D4ED2.d.5C9091D12BDB5C7919C20C00B51D82A3.e.14653"}]}
COMMAND: GET /session/0631827be0a93fac797ef22e97364bed/screenshot - {}
RESULT: {}
COMMAND: POST /session/0631827be0a93fac797ef22e97364bed/execute/sync - {"script":"<script> [8489 bytes]","args":[{"element-6066-11e4-a52e-4f735466cecf":"f.1195843739892CF439726866CA7D4ED2.d.5C9091D12BDB5C7919C20C00B51D82A3.e.14653","ELEMENT":"f.1195843739892CF439726866CA7D4ED2.d.5C9091D12BDB5C7919C20C00B51D82A3.e.14653"}]}
RESULT: {"script":"<script> [8489 bytes]","args":[{"element-6066-11e4-a52e-4f735466cecf":"f.1195843739892CF439726866CA7D4ED2.d.5C9091D12BDB5C7919C20C00B51D82A3.e.14653","ELEMENT":"f.1195843739892CF439726866CA7D4ED2.d.5C9091D12BDB5C7919C20C00B51D82A3.e.14653"}]}
COMMAND: GET /session/0631827be0a93fac797ef22e97364bed/screenshot - {}
RESULT: {}
COMMAND: POST /session/0631827be0a93fac797ef22e97364bed/execute/sync - {"script":"<script> [8489 bytes]","args":[{"element-6066-11e4-a52e-4f735466cecf":"f.1195843739892CF439726866CA7D4ED2.d.5C9091D12BDB5C7919C20C00B51D82A3.e.14653","ELEMENT":"f.1195843739892CF439726866CA7D4ED2.d.5C9091D12BDB5C7919C20C00B51D82A3.e.14653"}]}
RESULT: {"script":"<script> [8489 bytes]","args":[{"element-6066-11e4-a52e-4f735466cecf":"f.1195843739892CF439726866CA7D4ED2.d.5C9091D12BDB5C7919C20C00B51D82A3.e.14653","ELEMENT":"f.1195843739892CF439726866CA7D4ED2.d.5C9091D12BDB5C7919C20C00B51D82A3.e.14653"}]}
COMMAND: GET /session/0631827be0a93fac797ef22e97364bed/screenshot - {}
RESULT: {}
COMMAND: POST /session/0631827be0a93fac797ef22e97364bed/execute/sync - {"script":"<script> [8489 bytes]","args":[{"element-6066-11e4-a52e-4f735466cecf":"f.1195843739892CF439726866CA7D4ED2.d.5C9091D12BDB5C7919C20C00B51D82A3.e.14653","ELEMENT":"f.1195843739892CF439726866CA7D4ED2.d.5C9091D12BDB5C7919C20C00B51D82A3.e.14653"}]}
RESULT: {"script":"<script> [8489 bytes]","args":[{"element-6066-11e4-a52e-4f735466cecf":"f.1195843739892CF439726866CA7D4ED2.d.5C9091D12BDB5C7919C20C00B51D82A3.e.14653","ELEMENT":"f.1195843739892CF439726866CA7D4ED2.d.5C9091D12BDB5C7919C20C00B51D82A3.e.14653"}]}
COMMAND: GET /session/0631827be0a93fac797ef22e97364bed/screenshot - {}
RESULT: {}
COMMAND: POST /session/0631827be0a93fac797ef22e97364bed/execute/sync - {"script":"<script> [8489 bytes]","args":[{"element-6066-11e4-a52e-4f735466cecf":"f.1195843739892CF439726866CA7D4ED2.d.5C9091D12BDB5C7919C20C00B51D82A3.e.14653","ELEMENT":"f.1195843739892CF439726866CA7D4ED2.d.5C9091D12BDB5C7919C20C00B51D82A3.e.14653"}]}
RESULT: {"script":"<script> [8489 bytes]","args":[{"element-6066-11e4-a52e-4f735466cecf":"f.1195843739892CF439726866CA7D4ED2.d.5C9091D12BDB5C7919C20C00B51D82A3.e.14653","ELEMENT":"f.1195843739892CF439726866CA7D4ED2.d.5C9091D12BDB5C7919C20C00B51D82A3.e.14653"}]}
COMMAND: GET /session/0631827be0a93fac797ef22e97364bed/screenshot - {}
RESULT: {}
COMMAND: POST /session/0631827be0a93fac797ef22e97364bed/execute/sync - {"script":"<script> [8489 bytes]","args":[{"element-6066-11e4-a52e-4f735466cecf":"f.1195843739892CF439726866CA7D4ED2.d.5C9091D12BDB5C7919C20C00B51D82A3.e.14653","ELEMENT":"f.1195843739892CF439726866CA7D4ED2.d.5C9091D12BDB5C7919C20C00B51D82A3.e.14653"}]}
RESULT: {"script":"<script> [8489 bytes]","args":[{"element-6066-11e4-a52e-4f735466cecf":"f.1195843739892CF439726866CA7D4ED2.d.5C9091D12BDB5C7919C20C00B51D82A3.e.14653","ELEMENT":"f.1195843739892CF439726866CA7D4ED2.d.5C9091D12BDB5C7919C20C00B51D82A3.e.14653"}]}
COMMAND: GET /session/0631827be0a93fac797ef22e97364bed/screenshot - {}
RESULT: {}
COMMAND: POST /session/0631827be0a93fac797ef22e97364bed/execute/sync - {"script":"<script> [8489 bytes]","args":[{"element-6066-11e4-a52e-4f735466cecf":"f.1195843739892CF439726866CA7D4ED2.d.5C9091D12BDB5C7919C20C00B51D82A3.e.14653","ELEMENT":"f.1195843739892CF439726866CA7D4ED2.d.5C9091D12BDB5C7919C20C00B51D82A3.e.14653"}]}
RESULT: {"script":"<script> [8489 bytes]","args":[{"element-6066-11e4-a52e-4f735466cecf":"f.1195843739892CF439726866CA7D4ED2.d.5C9091D12BDB5C7919C20C00B51D82A3.e.14653","ELEMENT":"f.1195843739892CF439726866CA7D4ED2.d.5C9091D12BDB5C7919C20C00B51D82A3.e.14653"}]}
COMMAND: GET /session/0631827be0a93fac797ef22e97364bed/screenshot - {}
RESULT: {}
COMMAND: POST /session/0631827be0a93fac797ef22e97364bed/execute/sync - {"script":"<script> [8489 bytes]","args":[{"element-6066-11e4-a52e-4f735466cecf":"f.1195843739892CF439726866CA7D4ED2.d.5C9091D12BDB5C7919C20C00B51D82A3.e.14653","ELEMENT":"f.1195843739892CF439726866CA7D4ED2.d.5C9091D12BDB5C7919C20C00B51D82A3.e.14653"}]}
RESULT: {"script":"<script> [8489 bytes]","args":[{"element-6066-11e4-a52e-4f735466cecf":"f.1195843739892CF439726866CA7D4ED2.d.5C9091D12BDB5C7919C20C00B51D82A3.e.14653","ELEMENT":"f.1195843739892CF439726866CA7D4ED2.d.5C9091D12BDB5C7919C20C00B51D82A3.e.14653"}]}
COMMAND: GET /session/0631827be0a93fac797ef22e97364bed/screenshot - {}
RESULT: {}
COMMAND: POST /session/0631827be0a93fac797ef22e97364bed/execute/sync - {"script":"<script> [8489 bytes]","args":[{"element-6066-11e4-a52e-4f735466cecf":"f.1195843739892CF439726866CA7D4ED2.d.5C9091D12BDB5C7919C20C00B51D82A3.e.14653","ELEMENT":"f.1195843739892CF439726866CA7D4ED2.d.5C9091D12BDB5C7919C20C00B51D82A3.e.14653"}]}
RESULT: {"script":"<script> [8489 bytes]","args":[{"element-6066-11e4-a52e-4f735466cecf":"f.1195843739892CF439726866CA7D4ED2.d.5C9091D12BDB5C7919C20C00B51D82A3.e.14653","ELEMENT":"f.1195843739892CF439726866CA7D4ED2.d.5C9091D12BDB5C7919C20C00B51D82A3.e.14653"}]}
COMMAND: GET /session/0631827be0a93fac797ef22e97364bed/screenshot - {}
RESULT: {}
COMMAND: POST /session/0631827be0a93fac797ef22e97364bed/execute/sync - {"script":"<script> [8489 bytes]","args":[{"element-6066-11e4-a52e-4f735466cecf":"f.1195843739892CF439726866CA7D4ED2.d.5C9091D12BDB5C7919C20C00B51D82A3.e.14653","ELEMENT":"f.1195843739892CF439726866CA7D4ED2.d.5C9091D12BDB5C7919C20C00B51D82A3.e.14653"}]}
RESULT: {"script":"<script> [8489 bytes]","args":[{"element-6066-11e4-a52e-4f735466cecf":"f.1195843739892CF439726866CA7D4ED2.d.5C9091D12BDB5C7919C20C00B51D82A3.e.14653","ELEMENT":"f.1195843739892CF439726866CA7D4ED2.d.5C9091D12BDB5C7919C20C00B51D82A3.e.14653"}]}
COMMAND: GET /session/0631827be0a93fac797ef22e97364bed/screenshot - {}
RESULT: {}
COMMAND: POST /session/0631827be0a93fac797ef22e97364bed/execute/sync - {"script":"<script> [8489 bytes]","args":[{"element-6066-11e4-a52e-4f735466cecf":"f.1195843739892CF439726866CA7D4ED2.d.5C9091D12BDB5C7919C20C00B51D82A3.e.14653","ELEMENT":"f.1195843739892CF439726866CA7D4ED2.d.5C9091D12BDB5C7919C20C00B51D82A3.e.14653"}]}
RESULT: {"script":"<script> [8489 bytes]","args":[{"element-6066-11e4-a52e-4f735466cecf":"f.1195843739892CF439726866CA7D4ED2.d.5C9091D12BDB5C7919C20C00B51D82A3.e.14653","ELEMENT":"f.1195843739892CF439726866CA7D4ED2.d.5C9091D12BDB5C7919C20C00B51D82A3.e.14653"}]}
COMMAND: GET /session/0631827be0a93fac797ef22e97364bed/screenshot - {}
RESULT: {}
COMMAND: POST /session/0631827be0a93fac797ef22e97364bed/execute/sync - {"script":"<script> [8489 bytes]","args":[{"element-6066-11e4-a52e-4f735466cecf":"f.1195843739892CF439726866CA7D4ED2.d.5C9091D12BDB5C7919C20C00B51D82A3.e.14653","ELEMENT":"f.1195843739892CF439726866CA7D4ED2.d.5C9091D12BDB5C7919C20C00B51D82A3.e.14653"}]}
RESULT: {"script":"<script> [8489 bytes]","args":[{"element-6066-11e4-a52e-4f735466cecf":"f.1195843739892CF439726866CA7D4ED2.d.5C9091D12BDB5C7919C20C00B51D82A3.e.14653","ELEMENT":"f.1195843739892CF439726866CA7D4ED2.d.5C9091D12BDB5C7919C20C00B51D82A3.e.14653"}]}
COMMAND: GET /session/0631827be0a93fac797ef22e97364bed/screenshot - {}
RESULT: {}
COMMAND: POST /session/0631827be0a93fac797ef22e97364bed/execute/sync - {"script":"<script> [8489 bytes]","args":[{"element-6066-11e4-a52e-4f735466cecf":"f.1195843739892CF439726866CA7D4ED2.d.5C9091D12BDB5C7919C20C00B51D82A3.e.14653","ELEMENT":"f.1195843739892CF439726866CA7D4ED2.d.5C9091D12BDB5C7919C20C00B51D82A3.e.14653"}]}
RESULT: {"script":"<script> [8489 bytes]","args":[{"element-6066-11e4-a52e-4f735466cecf":"f.1195843739892CF439726866CA7D4ED2.d.5C9091D12BDB5C7919C20C00B51D82A3.e.14653","ELEMENT":"f.1195843739892CF439726866CA7D4ED2.d.5C9091D12BDB5C7919C20C00B51D82A3.e.14653"}]}
COMMAND: GET /session/0631827be0a93fac797ef22e97364bed/screenshot - {}
RESULT: {}
COMMAND: POST /session/0631827be0a93fac797ef22e97364bed/execute/sync - {"script":"<script> [8489 bytes]","args":[{"element-6066-11e4-a52e-4f735466cecf":"f.1195843739892CF439726866CA7D4ED2.d.5C9091D12BDB5C7919C20C00B51D82A3.e.14653","ELEMENT":"f.1195843739892CF439726866CA7D4ED2.d.5C9091D12BDB5C7919C20C00B51D82A3.e.14653"}]}
RESULT: {"script":"<script> [8489 bytes]","args":[{"element-6066-11e4-a52e-4f735466cecf":"f.1195843739892CF439726866CA7D4ED2.d.5C9091D12BDB5C7919C20C00B51D82A3.e.14653","ELEMENT":"f.1195843739892CF439726866CA7D4ED2.d.5C9091D12BDB5C7919C20C00B51D82A3.e.14653"}]}
COMMAND: GET /session/0631827be0a93fac797ef22e97364bed/screenshot - {}
RESULT: {}
COMMAND: POST /session/0631827be0a93fac797ef22e97364bed/execute/sync - {"script":"<script> [8489 bytes]","args":[{"element-6066-11e4-a52e-4f735466cecf":"f.1195843739892CF439726866CA7D4ED2.d.5C9091D12BDB5C7919C20C00B51D82A3.e.14653","ELEMENT":"f.1195843739892CF439726866CA7D4ED2.d.5C9091D12BDB5C7919C20C00B51D82A3.e.14653"}]}
RESULT: {"script":"<script> [8489 bytes]","args":[{"element-6066-11e4-a52e-4f735466cecf":"f.1195843739892CF439726866CA7D4ED2.d.5C9091D12BDB5C7919C20C00B51D82A3.e.14653","ELEMENT":"f.1195843739892CF439726866CA7D4ED2.d.5C9091D12BDB5C7919C20C00B51D82A3.e.14653"}]}
COMMAND: GET /session/0631827be0a93fac797ef22e97364bed/screenshot - {}
RESULT: {}
COMMAND: POST /session/0631827be0a93fac797ef22e97364bed/execute/sync - {"script":"<script> [8489 bytes]","args":[{"element-6066-11e4-a52e-4f735466cecf":"f.1195843739892CF439726866CA7D4ED2.d.5C9091D12BDB5C7919C20C00B51D82A3.e.14653","ELEMENT":"f.1195843739892CF439726866CA7D4ED2.d.5C9091D12BDB5C7919C20C00B51D82A3.e.14653"}]}
RESULT: {"script":"<script> [8489 bytes]","args":[{"element-6066-11e4-a52e-4f735466cecf":"f.1195843739892CF439726866CA7D4ED2.d.5C9091D12BDB5C7919C20C00B51D82A3.e.14653","ELEMENT":"f.1195843739892CF439726866CA7D4ED2.d.5C9091D12BDB5C7919C20C00B51D82A3.e.14653"}]}
COMMAND: GET /session/0631827be0a93fac797ef22e97364bed/screenshot - {}
RESULT: {}
COMMAND: POST /session/0631827be0a93fac797ef22e97364bed/execute/sync - {"script":"<script> [8489 bytes]","args":[{"element-6066-11e4-a52e-4f735466cecf":"f.1195843739892CF439726866CA7D4ED2.d.5C9091D12BDB5C7919C20C00B51D82A3.e.14653","ELEMENT":"f.1195843739892CF439726866CA7D4ED2.d.5C9091D12BDB5C7919C20C00B51D82A3.e.14653"}]}
RESULT: {"script":"<script> [8489 bytes]","args":[{"element-6066-11e4-a52e-4f735466cecf":"f.1195843739892CF439726866CA7D4ED2.d.5C9091D12BDB5C7919C20C00B51D82A3.e.14653","ELEMENT":"f.1195843739892CF439726866CA7D4ED2.d.5C9091D12BDB5C7919C20C00B51D82A3.e.14653"}]}
COMMAND: GET /session/0631827be0a93fac797ef22e97364bed/screenshot - {}
RESULT: {}
COMMAND: POST /session/0631827be0a93fac797ef22e97364bed/execute/sync - {"script":"<script> [8489 bytes]","args":[{"element-6066-11e4-a52e-4f735466cecf":"f.1195843739892CF439726866CA7D4ED2.d.5C9091D12BDB5C7919C20C00B51D82A3.e.14653","ELEMENT":"f.1195843739892CF439726866CA7D4ED2.d.5C9091D12BDB5C7919C20C00B51D82A3.e.14653"}]}
RESULT: {"script":"<script> [8489 bytes]","args":[{"element-6066-11e4-a52e-4f735466cecf":"f.1195843739892CF439726866CA7D4ED2.d.5C9091D12BDB5C7919C20C00B51D82A3.e.14653","ELEMENT":"f.1195843739892CF439726866CA7D4ED2.d.5C9091D12BDB5C7919C20C00B51D82A3.e.14653"}]}
COMMAND: GET /session/0631827be0a93fac797ef22e97364bed/screenshot - {}
RESULT: {}
COMMAND: POST /session/0631827be0a93fac797ef22e97364bed/execute/sync - {"script":"<script> [8489 bytes]","args":[{"element-6066-11e4-a52e-4f735466cecf":"f.1195843739892CF439726866CA7D4ED2.d.5C9091D12BDB5C7919C20C00B51D82A3.e.14653","ELEMENT":"f.1195843739892CF439726866CA7D4ED2.d.5C9091D12BDB5C7919C20C00B51D82A3.e.14653"}]}
RESULT: {"script":"<script> [8489 bytes]","args":[{"element-6066-11e4-a52e-4f735466cecf":"f.1195843739892CF439726866CA7D4ED2.d.5C9091D12BDB5C7919C20C00B51D82A3.e.14653","ELEMENT":"f.1195843739892CF439726866CA7D4ED2.d.5C9091D12BDB5C7919C20C00B51D82A3.e.14653"}]}
COMMAND: GET /session/0631827be0a93fac797ef22e97364bed/screenshot - {}
RESULT: {}
COMMAND: POST /session/0631827be0a93fac797ef22e97364bed/execute/sync - {"script":"<script> [8489 bytes]","args":[{"element-6066-11e4-a52e-4f735466cecf":"f.1195843739892CF439726866CA7D4ED2.d.5C9091D12BDB5C7919C20C00B51D82A3.e.14653","ELEMENT":"f.1195843739892CF439726866CA7D4ED2.d.5C9091D12BDB5C7919C20C00B51D82A3.e.14653"}]}
RESULT: {"script":"<script> [8489 bytes]","args":[{"element-6066-11e4-a52e-4f735466cecf":"f.1195843739892CF439726866CA7D4ED2.d.5C9091D12BDB5C7919C20C00B51D82A3.e.14653","ELEMENT":"f.1195843739892CF439726866CA7D4ED2.d.5C9091D12BDB5C7919C20C00B51D82A3.e.14653"}]}
COMMAND: GET /session/0631827be0a93fac797ef22e97364bed/screenshot - {}
RESULT: {}
COMMAND: POST /session/0631827be0a93fac797ef22e97364bed/execute/sync - {"script":"<script> [8489 bytes]","args":[{"element-6066-11e4-a52e-4f735466cecf":"f.1195843739892CF439726866CA7D4ED2.d.5C9091D12BDB5C7919C20C00B51D82A3.e.14653","ELEMENT":"f.1195843739892CF439726866CA7D4ED2.d.5C9091D12BDB5C7919C20C00B51D82A3.e.14653"}]}
RESULT: {"script":"<script> [8489 bytes]","args":[{"element-6066-11e4-a52e-4f735466cecf":"f.1195843739892CF439726866CA7D4ED2.d.5C9091D12BDB5C7919C20C00B51D82A3.e.14653","ELEMENT":"f.1195843739892CF439726866CA7D4ED2.d.5C9091D12BDB5C7919C20C00B51D82A3.e.14653"}]}
COMMAND: GET /session/0631827be0a93fac797ef22e97364bed/screenshot - {}
RESULT: {}
COMMAND: POST /session/0631827be0a93fac797ef22e97364bed/execute/sync - {"script":"<script> [8489 bytes]","args":[{"element-6066-11e4-a52e-4f735466cecf":"f.1195843739892CF439726866CA7D4ED2.d.5C9091D12BDB5C7919C20C00B51D82A3.e.14653","ELEMENT":"f.1195843739892CF439726866CA7D4ED2.d.5C9091D12BDB5C7919C20C00B51D82A3.e.14653"}]}
RESULT: {"script":"<script> [8489 bytes]","args":[{"element-6066-11e4-a52e-4f735466cecf":"f.1195843739892CF439726866CA7D4ED2.d.5C9091D12BDB5C7919C20C00B51D82A3.e.14653","ELEMENT":"f.1195843739892CF439726866CA7D4ED2.d.5C9091D12BDB5C7919C20C00B51D82A3.e.14653"}]}
COMMAND: GET /session/0631827be0a93fac797ef22e97364bed/screenshot - {}
RESULT: {}
COMMAND: POST /session/0631827be0a93fac797ef22e97364bed/execute/sync - {"script":"<script> [8489 bytes]","args":[{"element-6066-11e4-a52e-4f735466cecf":"f.1195843739892CF439726866CA7D4ED2.d.5C9091D12BDB5C7919C20C00B51D82A3.e.14653","ELEMENT":"f.1195843739892CF439726866CA7D4ED2.d.5C9091D12BDB5C7919C20C00B51D82A3.e.14653"}]}
RESULT: {"script":"<script> [8489 bytes]","args":[{"element-6066-11e4-a52e-4f735466cecf":"f.1195843739892CF439726866CA7D4ED2.d.5C9091D12BDB5C7919C20C00B51D82A3.e.14653","ELEMENT":"f.1195843739892CF439726866CA7D4ED2.d.5C9091D12BDB5C7919C20C00B51D82A3.e.14653"}]}
COMMAND: GET /session/0631827be0a93fac797ef22e97364bed/screenshot - {}
RESULT: {}
COMMAND: POST /session/0631827be0a93fac797ef22e97364bed/execute/sync - {"script":"<script> [8489 bytes]","args":[{"element-6066-11e4-a52e-4f735466cecf":"f.1195843739892CF439726866CA7D4ED2.d.5C9091D12BDB5C7919C20C00B51D82A3.e.14653","ELEMENT":"f.1195843739892CF439726866CA7D4ED2.d.5C9091D12BDB5C7919C20C00B51D82A3.e.14653"}]}
RESULT: {"script":"<script> [8489 bytes]","args":[{"element-6066-11e4-a52e-4f735466cecf":"f.1195843739892CF439726866CA7D4ED2.d.5C9091D12BDB5C7919C20C00B51D82A3.e.14653","ELEMENT":"f.1195843739892CF439726866CA7D4ED2.d.5C9091D12BDB5C7919C20C00B51D82A3.e.14653"}]}
COMMAND: GET /session/0631827be0a93fac797ef22e97364bed/screenshot - {}
RESULT: {}
COMMAND: POST /session/0631827be0a93fac797ef22e97364bed/execute/sync - {"script":"<script> [8489 bytes]","args":[{"element-6066-11e4-a52e-4f735466cecf":"f.1195843739892CF439726866CA7D4ED2.d.5C9091D12BDB5C7919C20C00B51D82A3.e.14653","ELEMENT":"f.1195843739892CF439726866CA7D4ED2.d.5C9091D12BDB5C7919C20C00B51D82A3.e.14653"}]}
RESULT: {"script":"<script> [8489 bytes]","args":[{"element-6066-11e4-a52e-4f735466cecf":"f.1195843739892CF439726866CA7D4ED2.d.5C9091D12BDB5C7919C20C00B51D82A3.e.14653","ELEMENT":"f.1195843739892CF439726866CA7D4ED2.d.5C9091D12BDB5C7919C20C00B51D82A3.e.14653"}]}
COMMAND: GET /session/0631827be0a93fac797ef22e97364bed/screenshot - {}
RESULT: {}
COMMAND: POST /session/0631827be0a93fac797ef22e97364bed/execute/sync - {"script":"<script> [8489 bytes]","args":[{"element-6066-11e4-a52e-4f735466cecf":"f.1195843739892CF439726866CA7D4ED2.d.5C9091D12BDB5C7919C20C00B51D82A3.e.14653","ELEMENT":"f.1195843739892CF439726866CA7D4ED2.d.5C9091D12BDB5C7919C20C00B51D82A3.e.14653"}]}
RESULT: {"script":"<script> [8489 bytes]","args":[{"element-6066-11e4-a52e-4f735466cecf":"f.1195843739892CF439726866CA7D4ED2.d.5C9091D12BDB5C7919C20C00B51D82A3.e.14653","ELEMENT":"f.1195843739892CF439726866CA7D4ED2.d.5C9091D12BDB5C7919C20C00B51D82A3.e.14653"}]}
COMMAND: GET /session/0631827be0a93fac797ef22e97364bed/screenshot - {}
RESULT: {}
COMMAND: POST /session/0631827be0a93fac797ef22e97364bed/execute/sync - {"script":"<script> [8489 bytes]","args":[{"element-6066-11e4-a52e-4f735466cecf":"f.1195843739892CF439726866CA7D4ED2.d.5C9091D12BDB5C7919C20C00B51D82A3.e.14653","ELEMENT":"f.1195843739892CF439726866CA7D4ED2.d.5C9091D12BDB5C7919C20C00B51D82A3.e.14653"}]}
RESULT: {"script":"<script> [8489 bytes]","args":[{"element-6066-11e4-a52e-4f735466cecf":"f.1195843739892CF439726866CA7D4ED2.d.5C9091D12BDB5C7919C20C00B51D82A3.e.14653","ELEMENT":"f.1195843739892CF439726866CA7D4ED2.d.5C9091D12BDB5C7919C20C00B51D82A3.e.14653"}]}
COMMAND: GET /session/0631827be0a93fac797ef22e97364bed/screenshot - {}
RESULT: {}
COMMAND: POST /session/0631827be0a93fac797ef22e97364bed/execute/sync - {"script":"<script> [8489 bytes]","args":[{"element-6066-11e4-a52e-4f735466cecf":"f.1195843739892CF439726866CA7D4ED2.d.5C9091D12BDB5C7919C20C00B51D82A3.e.14653","ELEMENT":"f.1195843739892CF439726866CA7D4ED2.d.5C9091D12BDB5C7919C20C00B51D82A3.e.14653"}]}
RESULT: {"script":"<script> [8489 bytes]","args":[{"element-6066-11e4-a52e-4f735466cecf":"f.1195843739892CF439726866CA7D4ED2.d.5C9091D12BDB5C7919C20C00B51D82A3.e.14653","ELEMENT":"f.1195843739892CF439726866CA7D4ED2.d.5C9091D12BDB5C7919C20C00B51D82A3.e.14653"}]}
COMMAND: GET /session/0631827be0a93fac797ef22e97364bed/screenshot - {}
RESULT: {}
COMMAND: POST /session/0631827be0a93fac797ef22e97364bed/execute/sync - {"script":"<script> [8489 bytes]","args":[{"element-6066-11e4-a52e-4f735466cecf":"f.1195843739892CF439726866CA7D4ED2.d.5C9091D12BDB5C7919C20C00B51D82A3.e.14653","ELEMENT":"f.1195843739892CF439726866CA7D4ED2.d.5C9091D12BDB5C7919C20C00B51D82A3.e.14653"}]}
RESULT: {"script":"<script> [8489 bytes]","args":[{"element-6066-11e4-a52e-4f735466cecf":"f.1195843739892CF439726866CA7D4ED2.d.5C9091D12BDB5C7919C20C00B51D82A3.e.14653","ELEMENT":"f.1195843739892CF439726866CA7D4ED2.d.5C9091D12BDB5C7919C20C00B51D82A3.e.14653"}]}
COMMAND: GET /session/0631827be0a93fac797ef22e97364bed/screenshot - {}
RESULT: {}
COMMAND: POST /session/0631827be0a93fac797ef22e97364bed/execute/sync - {"script":"<script> [8489 bytes]","args":[{"element-6066-11e4-a52e-4f735466cecf":"f.1195843739892CF439726866CA7D4ED2.d.5C9091D12BDB5C7919C20C00B51D82A3.e.14653","ELEMENT":"f.1195843739892CF439726866CA7D4ED2.d.5C9091D12BDB5C7919C20C00B51D82A3.e.14653"}]}
RESULT: {"script":"<script> [8489 bytes]","args":[{"element-6066-11e4-a52e-4f735466cecf":"f.1195843739892CF439726866CA7D4ED2.d.5C9091D12BDB5C7919C20C00B51D82A3.e.14653","ELEMENT":"f.1195843739892CF439726866CA7D4ED2.d.5C9091D12BDB5C7919C20C00B51D82A3.e.14653"}]}
COMMAND: GET /session/0631827be0a93fac797ef22e97364bed/screenshot - {}
RESULT: {}
COMMAND: POST /session/0631827be0a93fac797ef22e97364bed/execute/sync - {"script":"<script> [8489 bytes]","args":[{"element-6066-11e4-a52e-4f735466cecf":"f.1195843739892CF439726866CA7D4ED2.d.5C9091D12BDB5C7919C20C00B51D82A3.e.14653","ELEMENT":"f.1195843739892CF439726866CA7D4ED2.d.5C9091D12BDB5C7919C20C00B51D82A3.e.14653"}]}
RESULT: {"script":"<script> [8489 bytes]","args":[{"element-6066-11e4-a52e-4f735466cecf":"f.1195843739892CF439726866CA7D4ED2.d.5C9091D12BDB5C7919C20C00B51D82A3.e.14653","ELEMENT":"f.1195843739892CF439726866CA7D4ED2.d.5C9091D12BDB5C7919C20C00B51D82A3.e.14653"}]}
COMMAND: GET /session/0631827be0a93fac797ef22e97364bed/screenshot - {}
RESULT: {}
COMMAND: POST /session/0631827be0a93fac797ef22e97364bed/execute/sync - {"script":"<script> [8489 bytes]","args":[{"element-6066-11e4-a52e-4f735466cecf":"f.1195843739892CF439726866CA7D4ED2.d.5C9091D12BDB5C7919C20C00B51D82A3.e.14653","ELEMENT":"f.1195843739892CF439726866CA7D4ED2.d.5C9091D12BDB5C7919C20C00B51D82A3.e.14653"}]}
RESULT: {"script":"<script> [8489 bytes]","args":[{"element-6066-11e4-a52e-4f735466cecf":"f.1195843739892CF439726866CA7D4ED2.d.5C9091D12BDB5C7919C20C00B51D82A3.e.14653","ELEMENT":"f.1195843739892CF439726866CA7D4ED2.d.5C9091D12BDB5C7919C20C00B51D82A3.e.14653"}]}
COMMAND: GET /session/0631827be0a93fac797ef22e97364bed/screenshot - {}
RESULT: {}
COMMAND: POST /session/0631827be0a93fac797ef22e97364bed/execute/sync - {"script":"<script> [8489 bytes]","args":[{"element-6066-11e4-a52e-4f735466cecf":"f.1195843739892CF439726866CA7D4ED2.d.5C9091D12BDB5C7919C20C00B51D82A3.e.14653","ELEMENT":"f.1195843739892CF439726866CA7D4ED2.d.5C9091D12BDB5C7919C20C00B51D82A3.e.14653"}]}
RESULT: {"script":"<script> [8489 bytes]","args":[{"element-6066-11e4-a52e-4f735466cecf":"f.1195843739892CF439726866CA7D4ED2.d.5C9091D12BDB5C7919C20C00B51D82A3.e.14653","ELEMENT":"f.1195843739892CF439726866CA7D4ED2.d.5C9091D12BDB5C7919C20C00B51D82A3.e.14653"}]}
COMMAND: GET /session/0631827be0a93fac797ef22e97364bed/screenshot - {}
RESULT: {}
COMMAND: POST /session/0631827be0a93fac797ef22e97364bed/execute/sync - {"script":"<script> [8489 bytes]","args":[{"element-6066-11e4-a52e-4f735466cecf":"f.1195843739892CF439726866CA7D4ED2.d.5C9091D12BDB5C7919C20C00B51D82A3.e.14653","ELEMENT":"f.1195843739892CF439726866CA7D4ED2.d.5C9091D12BDB5C7919C20C00B51D82A3.e.14653"}]}
RESULT: {"script":"<script> [8489 bytes]","args":[{"element-6066-11e4-a52e-4f735466cecf":"f.1195843739892CF439726866CA7D4ED2.d.5C9091D12BDB5C7919C20C00B51D82A3.e.14653","ELEMENT":"f.1195843739892CF439726866CA7D4ED2.d.5C9091D12BDB5C7919C20C00B51D82A3.e.14653"}]}
COMMAND: GET /session/0631827be0a93fac797ef22e97364bed/screenshot - {}
RESULT: {}
COMMAND: POST /session/0631827be0a93fac797ef22e97364bed/execute/sync - {"script":"<script> [8489 bytes]","args":[{"element-6066-11e4-a52e-4f735466cecf":"f.1195843739892CF439726866CA7D4ED2.d.5C9091D12BDB5C7919C20C00B51D82A3.e.14653","ELEMENT":"f.1195843739892CF439726866CA7D4ED2.d.5C9091D12BDB5C7919C20C00B51D82A3.e.14653"}]}
RESULT: {"script":"<script> [8489 bytes]","args":[{"element-6066-11e4-a52e-4f735466cecf":"f.1195843739892CF439726866CA7D4ED2.d.5C9091D12BDB5C7919C20C00B51D82A3.e.14653","ELEMENT":"f.1195843739892CF439726866CA7D4ED2.d.5C9091D12BDB5C7919C20C00B51D82A3.e.14653"}]}
COMMAND: GET /session/0631827be0a93fac797ef22e97364bed/screenshot - {}
RESULT: {}
COMMAND: POST /session/0631827be0a93fac797ef22e97364bed/execute/sync - {"script":"<script> [8489 bytes]","args":[{"element-6066-11e4-a52e-4f735466cecf":"f.1195843739892CF439726866CA7D4ED2.d.5C9091D12BDB5C7919C20C00B51D82A3.e.14653","ELEMENT":"f.1195843739892CF439726866CA7D4ED2.d.5C9091D12BDB5C7919C20C00B51D82A3.e.14653"}]}
RESULT: {"script":"<script> [8489 bytes]","args":[{"element-6066-11e4-a52e-4f735466cecf":"f.1195843739892CF439726866CA7D4ED2.d.5C9091D12BDB5C7919C20C00B51D82A3.e.14653","ELEMENT":"f.1195843739892CF439726866CA7D4ED2.d.5C9091D12BDB5C7919C20C00B51D82A3.e.14653"}]}
COMMAND: GET /session/0631827be0a93fac797ef22e97364bed/screenshot - {}
RESULT: {}
COMMAND: POST /session/0631827be0a93fac797ef22e97364bed/execute/sync - {"script":"<script> [8489 bytes]","args":[{"element-6066-11e4-a52e-4f735466cecf":"f.1195843739892CF439726866CA7D4ED2.d.5C9091D12BDB5C7919C20C00B51D82A3.e.14653","ELEMENT":"f.1195843739892CF439726866CA7D4ED2.d.5C9091D12BDB5C7919C20C00B51D82A3.e.14653"}]}
RESULT: {"script":"<script> [8489 bytes]","args":[{"element-6066-11e4-a52e-4f735466cecf":"f.1195843739892CF439726866CA7D4ED2.d.5C9091D12BDB5C7919C20C00B51D82A3.e.14653","ELEMENT":"f.1195843739892CF439726866CA7D4ED2.d.5C9091D12BDB5C7919C20C00B51D82A3.e.14653"}]}
COMMAND: GET /session/0631827be0a93fac797ef22e97364bed/screenshot - {}
RESULT: {}
COMMAND: POST /session/0631827be0a93fac797ef22e97364bed/execute/sync - {"script":"<script> [8489 bytes]","args":[{"element-6066-11e4-a52e-4f735466cecf":"f.1195843739892CF439726866CA7D4ED2.d.5C9091D12BDB5C7919C20C00B51D82A3.e.14653","ELEMENT":"f.1195843739892CF439726866CA7D4ED2.d.5C9091D12BDB5C7919C20C00B51D82A3.e.14653"}]}
COMMAND: POST /session/0631827be0a93fac797ef22e97364bed/execute/async - {"script":"<script> [1562 bytes]","args":[{"selector":{"controlType":"sap.m.Button","viewName":"etm.portal.ui.managehandovers.view.DetailExecuteHO","i18NText":{"propertyName":"text","key":"pickQty"},"interaction":{"idSuffix":"BDI-content"}},"wdio_ui5_key":"etmportal.ui.managehandovers.view.DetailExecuteHOsap.m.Button{\"propertyName\":\"text\",\"key\":\"pickQty\"}"}]}
RESULT: {"script":"<script> [8489 bytes]","args":[{"element-6066-11e4-a52e-4f735466cecf":"f.1195843739892CF439726866CA7D4ED2.d.5C9091D12BDB5C7919C20C00B51D82A3.e.14653","ELEMENT":"f.1195843739892CF439726866CA7D4ED2.d.5C9091D12BDB5C7919C20C00B51D82A3.e.14653"}]}
COMMAND: GET /session/0631827be0a93fac797ef22e97364bed/screenshot - {}
RESULT: {"script":"<script> [1562 bytes]","args":[{"selector":{"controlType":"sap.m.Button","viewName":"etm.portal.ui.managehandovers.view.DetailExecuteHO","i18NText":{"propertyName":"text","key":"pickQty"},"interaction":{"idSuffix":"BDI-content"}},"wdio_ui5_key":"etmportal.ui.managehandovers.view.DetailExecuteHOsap.m.Button{\"propertyName\":\"text\",\"key\":\"pickQty\"}"}]}
RESULT: undefined
RESULT: {}
COMMAND: POST /session/0631827be0a93fac797ef22e97364bed/execute/async - {"script":"<script> [1562 bytes]","args":[{"selector":{"controlType":"sap.m.Link","viewName":"etm.portal.ui.managehandovers.view.DetailExecuteHO","bindingPath":{"path":"","propertyPath":"/wmDoc","modelName":"warehouseMovModel"}},"wdio_ui5_key":"etmportal.ui.managehandovers.view.DetailExecuteHOsap.m.Link{\"path\":\"\",\"propertyPath\":\"/wmDoc\",\"modelName\":\"warehouseMovModel\"}"}]}
RESULT: {"script":"<script> [1562 bytes]","args":[{"selector":{"controlType":"sap.m.Link","viewName":"etm.portal.ui.managehandovers.view.DetailExecuteHO","bindingPath":{"path":"","propertyPath":"/wmDoc","modelName":"warehouseMovModel"}},"wdio_ui5_key":"etmportal.ui.managehandovers.view.DetailExecuteHOsap.m.Link{\"path\":\"\",\"propertyPath\":\"/wmDoc\",\"modelName\":\"warehouseMovModel\"}"}]}
RESULT: undefined
COMMAND: POST /session/0631827be0a93fac797ef22e97364bed/execute/async - {"script":"<script> [1562 bytes]","args":[{"selector":{"controlType":"sap.m.Link","viewName":"etm.portal.ui.managehandovers.view.DetailExecuteHO","properties":{"text":"Warehouse Overview"},"searchOpenDialogs":true},"wdio_ui5_key":"etmportal.ui.managehandovers.view.DetailExecuteHOsap.m.Link{\"text\":\"Warehouse Overview\"}"}]}
RESULT: {"script":"<script> [1562 bytes]","args":[{"selector":{"controlType":"sap.m.Link","viewName":"etm.portal.ui.managehandovers.view.DetailExecuteHO","properties":{"text":"Warehouse Overview"},"searchOpenDialogs":true},"wdio_ui5_key":"etmportal.ui.managehandovers.view.DetailExecuteHOsap.m.Link{\"text\":\"Warehouse Overview\"}"}]}
RESULT: undefined
COMMAND: POST /session/0631827be0a93fac797ef22e97364bed/execute/async - {"script":"<script> [1562 bytes]","args":[{"selector":{"controlType":"sap.m.Button","viewName":"etm.portal.ui.warehousemovements.view.DisplayMovement","viewId":"application-warehousemovements-display-component---displayMovement","i18NText":{"propertyName":"text","key":"execution"},"interaction":{"idSuffix":"BDI-content"}},"wdio_ui5_key":"etmportal.ui.warehousemovements.view.DisplayMovementsap.m.Button{\"propertyName\":\"text\",\"key\":\"execution\"}"}]}
RESULT: {"script":"<script> [1562 bytes]","args":[{"selector":{"controlType":"sap.m.Button","viewName":"etm.portal.ui.warehousemovements.view.DisplayMovement","viewId":"application-warehousemovements-display-component---displayMovement","i18NText":{"propertyName":"text","key":"execution"},"interaction":{"idSuffix":"BDI-content"}},"wdio_ui5_key":"etmportal.ui.warehousemovements.view.DisplayMovementsap.m.Button{\"propertyName\":\"text\",\"key\":\"execution\"}"}]}
RESULT: undefined
COMMAND: POST /session/0631827be0a93fac797ef22e97364bed/execute/async - {"script":"<script> [1562 bytes]","args":[{"selector":{"controlType":"sap.m.Button","viewName":"etm.portal.ui.warehousemovements.view.ExecuteMovement","viewId":"application-warehousemovements-display-component---executeMovement","properties":{"text":"Items"},"interaction":{"idSuffix":"BDI-content"}},"wdio_ui5_key":"etmportal.ui.warehousemovements.view.ExecuteMovementsap.m.Button{\"text\":\"Items\"}"}]}
RESULT: {"script":"<script> [1562 bytes]","args":[{"selector":{"controlType":"sap.m.Button","viewName":"etm.portal.ui.warehousemovements.view.ExecuteMovement","viewId":"application-warehousemovements-display-component---executeMovement","properties":{"text":"Items"},"interaction":{"idSuffix":"BDI-content"}},"wdio_ui5_key":"etmportal.ui.warehousemovements.view.ExecuteMovementsap.m.Button{\"text\":\"Items\"}"}]}
RESULT: undefined
COMMAND: POST /session/0631827be0a93fac797ef22e97364bed/execute/async - {"script":"<script> [1562 bytes]","args":[{"selector":{"controlType":"sap.m.ToggleButton","viewName":"etm.portal.ui.warehousemovements.view.ExecuteMovement","viewId":"application-warehousemovements-display-component---executeMovement","bindingPath":{"propertyPath":"STATUS","modelName":"catalogModel"},"interaction":{"idSuffix":"BDI-content"}},"wdio_ui5_key":"etmportal.ui.warehousemovements.view.ExecuteMovementsap.m.ToggleButton{\"propertyPath\":\"STATUS\",\"modelName\":\"catalogModel\"}"}]}
RESULT: {"script":"<script> [1562 bytes]","args":[{"selector":{"controlType":"sap.m.ToggleButton","viewName":"etm.portal.ui.warehousemovements.view.ExecuteMovement","viewId":"application-warehousemovements-display-component---executeMovement","bindingPath":{"propertyPath":"STATUS","modelName":"catalogModel"},"interaction":{"idSuffix":"BDI-content"}},"wdio_ui5_key":"etmportal.ui.warehousemovements.view.ExecuteMovementsap.m.ToggleButton{\"propertyPath\":\"STATUS\",\"modelName\":\"catalogModel\"}"}]}
RESULT: undefined
RESULT: undefined
RESULT: undefined
COMMAND: POST /session/0631827be0a93fac797ef22e97364bed/execute/async - {"script":"<script> [1562 bytes]","args":[{"selector":{"id":"application-warehousemovements-display-component---executeMovement--executeId","interaction":{"idSuffix":"BDI-content"}},"wdio_ui5_key":"applicationwarehousemovements-display-component---executeMovement--executeId"}]}
RESULT: {"script":"<script> [1562 bytes]","args":[{"selector":{"id":"application-warehousemovements-display-component---executeMovement--executeId","interaction":{"idSuffix":"BDI-content"}},"wdio_ui5_key":"applicationwarehousemovements-display-component---executeMovement--executeId"}]}
RESULT: undefined
COMMAND: POST /session/0631827be0a93fac797ef22e97364bed/element - {"using":"css selector","value":"#shell-header-logo"}
RESULT: {"using":"css selector","value":"#shell-header-logo"}
COMMAND: POST /session/0631827be0a93fac797ef22e97364bed/element/f.1195843739892CF439726866CA7D4ED2.d.5C9091D12BDB5C7919C20C00B51D82A3.e.13571/click - {}
RESULT: {}
COMMAND: GET /session/0631827be0a93fac797ef22e97364bed/screenshot - {}
RESULT: {}
RESULT: undefined
COMMAND: POST /session/0631827be0a93fac797ef22e97364bed/element - {"using":"xpath","value":"//*[@id=\"__tile132\"]"}
RESULT: {"using":"xpath","value":"//*[@id=\"__tile132\"]"}
COMMAND: POST /session/0631827be0a93fac797ef22e97364bed/element/f.1195843739892CF439726866CA7D4ED2.d.5C9091D12BDB5C7919C20C00B51D82A3.e.12823/click - {}
RESULT: {}
COMMAND: GET /session/0631827be0a93fac797ef22e97364bed/screenshot - {}
RESULT: {}
COMMAND: POST /session/0631827be0a93fac797ef22e97364bed/execute/async - {"script":"<script> [1562 bytes]","args":[{"selector":{"controlType":"sap.m.SearchField","viewName":"etm.portal.ui.managehandovers.view.MasterHO","bindingPath":{"propertyPath":"/_BASIC_SEARCH_FIELD","modelName":"fi1t3rM0d31"},"interaction":{"idSuffix":"I"}},"wdio_ui5_key":"etmportal.ui.managehandovers.view.MasterHOsap.m.SearchField{\"propertyPath\":\"/_BASIC_SEARCH_FIELD\",\"modelName\":\"fi1t3rM0d31\"}"}]}
RESULT: {"script":"<script> [1562 bytes]","args":[{"selector":{"controlType":"sap.m.SearchField","viewName":"etm.portal.ui.managehandovers.view.MasterHO","bindingPath":{"propertyPath":"/_BASIC_SEARCH_FIELD","modelName":"fi1t3rM0d31"},"interaction":{"idSuffix":"I"}},"wdio_ui5_key":"etmportal.ui.managehandovers.view.MasterHOsap.m.SearchField{\"propertyPath\":\"/_BASIC_SEARCH_FIELD\",\"modelName\":\"fi1t3rM0d31\"}"}]}
RESULT: undefined
COMMAND: POST /session/0631827be0a93fac797ef22e97364bed/execute/async - {"script":"<script> [776 bytes]","args":[{"enterText":"30585","selector":{"controlType":"sap.m.SearchField","viewName":"etm.portal.ui.managehandovers.view.MasterHO","bindingPath":{"propertyPath":"/_BASIC_SEARCH_FIELD","modelName":"fi1t3rM0d31"},"interaction":{"idSuffix":"I"}},"clearTextFirst":true,"interactionType":"ENTER_TEXT"}]}
RESULT: {"script":"<script> [776 bytes]","args":[{"enterText":"30585","selector":{"controlType":"sap.m.SearchField","viewName":"etm.portal.ui.managehandovers.view.MasterHO","bindingPath":{"propertyPath":"/_BASIC_SEARCH_FIELD","modelName":"fi1t3rM0d31"},"interaction":{"idSuffix":"I"}},"clearTextFirst":true,"interactionType":"ENTER_TEXT"}]}
COMMAND: POST /session/0631827be0a93fac797ef22e97364bed/actions - {"actions":[{"id":"action73","type":"key","parameters":{},"actions":[{"type":"keyDown","value":"î€‡"},{"type":"pause","duration":10},{"type":"keyUp","value":"î€‡"}]}]}
RESULT: {"actions":[{"id":"action73","type":"key","parameters":{},"actions":[{"type":"keyDown","value":"î€‡"},{"type":"pause","duration":10},{"type":"keyUp","value":"î€‡"}]}]}
COMMAND: GET /session/0631827be0a93fac797ef22e97364bed/screenshot - {}
RESULT: {}
RESULT: undefined
COMMAND: POST /session/0631827be0a93fac797ef22e97364bed/element - {"using":"xpath","value":"//*[@id=\"__item3130-__clone8485-imgNav\"]"}
RESULT: {"using":"xpath","value":"//*[@id=\"__item3130-__clone8485-imgNav\"]"}
COMMAND: POST /session/0631827be0a93fac797ef22e97364bed/elements - {"using":"xpath","value":"//*[@id=\"__item3130-__clone8485-imgNav\"]"}
RESULT: {"using":"xpath","value":"//*[@id=\"__item3130-__clone8485-imgNav\"]"}
COMMAND: POST /session/0631827be0a93fac797ef22e97364bed/elements - {"using":"xpath","value":"//*[@id=\"__item3130-__clone8485-imgNav\"]"}
RESULT: {"using":"xpath","value":"//*[@id=\"__item3130-__clone8485-imgNav\"]"}
COMMAND: POST /session/0631827be0a93fac797ef22e97364bed/elements - {"using":"xpath","value":"//*[@id=\"__item3130-__clone8485-imgNav\"]"}
RESULT: {"using":"xpath","value":"//*[@id=\"__item3130-__clone8485-imgNav\"]"}
COMMAND: POST /session/0631827be0a93fac797ef22e97364bed/elements - {"using":"xpath","value":"//*[@id=\"__item3130-__clone8485-imgNav\"]"}
RESULT: {"using":"xpath","value":"//*[@id=\"__item3130-__clone8485-imgNav\"]"}
COMMAND: POST /session/0631827be0a93fac797ef22e97364bed/elements - {"using":"xpath","value":"//*[@id=\"__item3130-__clone8485-imgNav\"]"}
RESULT: {"using":"xpath","value":"//*[@id=\"__item3130-__clone8485-imgNav\"]"}
COMMAND: POST /session/0631827be0a93fac797ef22e97364bed/elements - {"using":"xpath","value":"//*[@id=\"__item3130-__clone8485-imgNav\"]"}
RESULT: {"using":"xpath","value":"//*[@id=\"__item3130-__clone8485-imgNav\"]"}
COMMAND: POST /session/0631827be0a93fac797ef22e97364bed/elements - {"using":"xpath","value":"//*[@id=\"__item3130-__clone8485-imgNav\"]"}
RESULT: {"using":"xpath","value":"//*[@id=\"__item3130-__clone8485-imgNav\"]"}
COMMAND: POST /session/0631827be0a93fac797ef22e97364bed/elements - {"using":"xpath","value":"//*[@id=\"__item3130-__clone8485-imgNav\"]"}
RESULT: {"using":"xpath","value":"//*[@id=\"__item3130-__clone8485-imgNav\"]"}
COMMAND: POST /session/0631827be0a93fac797ef22e97364bed/elements - {"using":"xpath","value":"//*[@id=\"__item3130-__clone8485-imgNav\"]"}
RESULT: {"using":"xpath","value":"//*[@id=\"__item3130-__clone8485-imgNav\"]"}
COMMAND: POST /session/0631827be0a93fac797ef22e97364bed/elements - {"using":"xpath","value":"//*[@id=\"__item3130-__clone8485-imgNav\"]"}
RESULT: {"using":"xpath","value":"//*[@id=\"__item3130-__clone8485-imgNav\"]"}
COMMAND: POST /session/0631827be0a93fac797ef22e97364bed/elements - {"using":"xpath","value":"//*[@id=\"__item3130-__clone8485-imgNav\"]"}
RESULT: {"using":"xpath","value":"//*[@id=\"__item3130-__clone8485-imgNav\"]"}
COMMAND: POST /session/0631827be0a93fac797ef22e97364bed/elements - {"using":"xpath","value":"//*[@id=\"__item3130-__clone8485-imgNav\"]"}
RESULT: {"using":"xpath","value":"//*[@id=\"__item3130-__clone8485-imgNav\"]"}
COMMAND: POST /session/0631827be0a93fac797ef22e97364bed/elements - {"using":"xpath","value":"//*[@id=\"__item3130-__clone8485-imgNav\"]"}
RESULT: {"using":"xpath","value":"//*[@id=\"__item3130-__clone8485-imgNav\"]"}
COMMAND: POST /session/0631827be0a93fac797ef22e97364bed/elements - {"using":"xpath","value":"//*[@id=\"__item3130-__clone8485-imgNav\"]"}
RESULT: {"using":"xpath","value":"//*[@id=\"__item3130-__clone8485-imgNav\"]"}
COMMAND: POST /session/0631827be0a93fac797ef22e97364bed/elements - {"using":"xpath","value":"//*[@id=\"__item3130-__clone8485-imgNav\"]"}
RESULT: {"using":"xpath","value":"//*[@id=\"__item3130-__clone8485-imgNav\"]"}
COMMAND: POST /session/0631827be0a93fac797ef22e97364bed/elements - {"using":"xpath","value":"//*[@id=\"__item3130-__clone8485-imgNav\"]"}
RESULT: {"using":"xpath","value":"//*[@id=\"__item3130-__clone8485-imgNav\"]"}
COMMAND: POST /session/0631827be0a93fac797ef22e97364bed/elements - {"using":"xpath","value":"//*[@id=\"__item3130-__clone8485-imgNav\"]"}
RESULT: {"using":"xpath","value":"//*[@id=\"__item3130-__clone8485-imgNav\"]"}
COMMAND: POST /session/0631827be0a93fac797ef22e97364bed/elements - {"using":"xpath","value":"//*[@id=\"__item3130-__clone8485-imgNav\"]"}
RESULT: {"using":"xpath","value":"//*[@id=\"__item3130-__clone8485-imgNav\"]"}
COMMAND: POST /session/0631827be0a93fac797ef22e97364bed/elements - {"using":"xpath","value":"//*[@id=\"__item3130-__clone8485-imgNav\"]"}
RESULT: {"using":"xpath","value":"//*[@id=\"__item3130-__clone8485-imgNav\"]"}
COMMAND: POST /session/0631827be0a93fac797ef22e97364bed/elements - {"using":"xpath","value":"//*[@id=\"__item3130-__clone8485-imgNav\"]"}
RESULT: {"using":"xpath","value":"//*[@id=\"__item3130-__clone8485-imgNav\"]"}
COMMAND: POST /session/0631827be0a93fac797ef22e97364bed/elements - {"using":"xpath","value":"//*[@id=\"__item3130-__clone8485-imgNav\"]"}
RESULT: {"using":"xpath","value":"//*[@id=\"__item3130-__clone8485-imgNav\"]"}
COMMAND: POST /session/0631827be0a93fac797ef22e97364bed/elements - {"using":"xpath","value":"//*[@id=\"__item3130-__clone8485-imgNav\"]"}
RESULT: {"using":"xpath","value":"//*[@id=\"__item3130-__clone8485-imgNav\"]"}
COMMAND: POST /session/0631827be0a93fac797ef22e97364bed/elements - {"using":"xpath","value":"//*[@id=\"__item3130-__clone8485-imgNav\"]"}
RESULT: {"using":"xpath","value":"//*[@id=\"__item3130-__clone8485-imgNav\"]"}
COMMAND: POST /session/0631827be0a93fac797ef22e97364bed/elements - {"using":"xpath","value":"//*[@id=\"__item3130-__clone8485-imgNav\"]"}
RESULT: {"using":"xpath","value":"//*[@id=\"__item3130-__clone8485-imgNav\"]"}
COMMAND: POST /session/0631827be0a93fac797ef22e97364bed/elements - {"using":"xpath","value":"//*[@id=\"__item3130-__clone8485-imgNav\"]"}
RESULT: {"using":"xpath","value":"//*[@id=\"__item3130-__clone8485-imgNav\"]"}
COMMAND: POST /session/0631827be0a93fac797ef22e97364bed/elements - {"using":"xpath","value":"//*[@id=\"__item3130-__clone8485-imgNav\"]"}
RESULT: {"using":"xpath","value":"//*[@id=\"__item3130-__clone8485-imgNav\"]"}
COMMAND: POST /session/0631827be0a93fac797ef22e97364bed/elements - {"using":"xpath","value":"//*[@id=\"__item3130-__clone8485-imgNav\"]"}
RESULT: {"using":"xpath","value":"//*[@id=\"__item3130-__clone8485-imgNav\"]"}
COMMAND: POST /session/0631827be0a93fac797ef22e97364bed/elements - {"using":"xpath","value":"//*[@id=\"__item3130-__clone8485-imgNav\"]"}
RESULT: {"using":"xpath","value":"//*[@id=\"__item3130-__clone8485-imgNav\"]"}
COMMAND: POST /session/0631827be0a93fac797ef22e97364bed/elements - {"using":"xpath","value":"//*[@id=\"__item3130-__clone8485-imgNav\"]"}
RESULT: {"using":"xpath","value":"//*[@id=\"__item3130-__clone8485-imgNav\"]"}
COMMAND: POST /session/0631827be0a93fac797ef22e97364bed/elements - {"using":"xpath","value":"//*[@id=\"__item3130-__clone8485-imgNav\"]"}
RESULT: {"using":"xpath","value":"//*[@id=\"__item3130-__clone8485-imgNav\"]"}
COMMAND: POST /session/0631827be0a93fac797ef22e97364bed/elements - {"using":"xpath","value":"//*[@id=\"__item3130-__clone8485-imgNav\"]"}
RESULT: {"using":"xpath","value":"//*[@id=\"__item3130-__clone8485-imgNav\"]"}
COMMAND: POST /session/0631827be0a93fac797ef22e97364bed/elements - {"using":"xpath","value":"//*[@id=\"__item3130-__clone8485-imgNav\"]"}
RESULT: {"using":"xpath","value":"//*[@id=\"__item3130-__clone8485-imgNav\"]"}
COMMAND: POST /session/0631827be0a93fac797ef22e97364bed/elements - {"using":"xpath","value":"//*[@id=\"__item3130-__clone8485-imgNav\"]"}
RESULT: {"using":"xpath","value":"//*[@id=\"__item3130-__clone8485-imgNav\"]"}
COMMAND: POST /session/0631827be0a93fac797ef22e97364bed/elements - {"using":"xpath","value":"//*[@id=\"__item3130-__clone8485-imgNav\"]"}
RESULT: {"using":"xpath","value":"//*[@id=\"__item3130-__clone8485-imgNav\"]"}
COMMAND: POST /session/0631827be0a93fac797ef22e97364bed/elements - {"using":"xpath","value":"//*[@id=\"__item3130-__clone8485-imgNav\"]"}
RESULT: {"using":"xpath","value":"//*[@id=\"__item3130-__clone8485-imgNav\"]"}
COMMAND: POST /session/0631827be0a93fac797ef22e97364bed/elements - {"using":"xpath","value":"//*[@id=\"__item3130-__clone8485-imgNav\"]"}
RESULT: {"using":"xpath","value":"//*[@id=\"__item3130-__clone8485-imgNav\"]"}
COMMAND: POST /session/0631827be0a93fac797ef22e97364bed/elements - {"using":"xpath","value":"//*[@id=\"__item3130-__clone8485-imgNav\"]"}
RESULT: {"using":"xpath","value":"//*[@id=\"__item3130-__clone8485-imgNav\"]"}
COMMAND: POST /session/0631827be0a93fac797ef22e97364bed/elements - {"using":"xpath","value":"//*[@id=\"__item3130-__clone8485-imgNav\"]"}
RESULT: {"using":"xpath","value":"//*[@id=\"__item3130-__clone8485-imgNav\"]"}
COMMAND: POST /session/0631827be0a93fac797ef22e97364bed/elements - {"using":"xpath","value":"//*[@id=\"__item3130-__clone8485-imgNav\"]"}
RESULT: {"using":"xpath","value":"//*[@id=\"__item3130-__clone8485-imgNav\"]"}
COMMAND: POST /session/0631827be0a93fac797ef22e97364bed/elements - {"using":"xpath","value":"//*[@id=\"__item3130-__clone8485-imgNav\"]"}
RESULT: {"using":"xpath","value":"//*[@id=\"__item3130-__clone8485-imgNav\"]"}
COMMAND: POST /session/0631827be0a93fac797ef22e97364bed/elements - {"using":"xpath","value":"//*[@id=\"__item3130-__clone8485-imgNav\"]"}
RESULT: {"using":"xpath","value":"//*[@id=\"__item3130-__clone8485-imgNav\"]"}
COMMAND: POST /session/0631827be0a93fac797ef22e97364bed/elements - {"using":"xpath","value":"//*[@id=\"__item3130-__clone8485-imgNav\"]"}
RESULT: {"using":"xpath","value":"//*[@id=\"__item3130-__clone8485-imgNav\"]"}
COMMAND: POST /session/0631827be0a93fac797ef22e97364bed/elements - {"using":"xpath","value":"//*[@id=\"__item3130-__clone8485-imgNav\"]"}
RESULT: {"using":"xpath","value":"//*[@id=\"__item3130-__clone8485-imgNav\"]"}
COMMAND: POST /session/0631827be0a93fac797ef22e97364bed/elements - {"using":"xpath","value":"//*[@id=\"__item3130-__clone8485-imgNav\"]"}
RESULT: {"using":"xpath","value":"//*[@id=\"__item3130-__clone8485-imgNav\"]"}
COMMAND: POST /session/0631827be0a93fac797ef22e97364bed/elements - {"using":"xpath","value":"//*[@id=\"__item3130-__clone8485-imgNav\"]"}
RESULT: {"using":"xpath","value":"//*[@id=\"__item3130-__clone8485-imgNav\"]"}
COMMAND: POST /session/0631827be0a93fac797ef22e97364bed/elements - {"using":"xpath","value":"//*[@id=\"__item3130-__clone8485-imgNav\"]"}
RESULT: {"using":"xpath","value":"//*[@id=\"__item3130-__clone8485-imgNav\"]"}
COMMAND: POST /session/0631827be0a93fac797ef22e97364bed/elements - {"using":"xpath","value":"//*[@id=\"__item3130-__clone8485-imgNav\"]"}
RESULT: {"using":"xpath","value":"//*[@id=\"__item3130-__clone8485-imgNav\"]"}
COMMAND: POST /session/0631827be0a93fac797ef22e97364bed/elements - {"using":"xpath","value":"//*[@id=\"__item3130-__clone8485-imgNav\"]"}
RESULT: {"using":"xpath","value":"//*[@id=\"__item3130-__clone8485-imgNav\"]"}
COMMAND: POST /session/0631827be0a93fac797ef22e97364bed/elements - {"using":"xpath","value":"//*[@id=\"__item3130-__clone8485-imgNav\"]"}
RESULT: {"using":"xpath","value":"//*[@id=\"__item3130-__clone8485-imgNav\"]"}
COMMAND: POST /session/0631827be0a93fac797ef22e97364bed/elements - {"using":"xpath","value":"//*[@id=\"__item3130-__clone8485-imgNav\"]"}
RESULT: {"using":"xpath","value":"//*[@id=\"__item3130-__clone8485-imgNav\"]"}
COMMAND: POST /session/0631827be0a93fac797ef22e97364bed/elements - {"using":"xpath","value":"//*[@id=\"__item3130-__clone8485-imgNav\"]"}
RESULT: {"using":"xpath","value":"//*[@id=\"__item3130-__clone8485-imgNav\"]"}
COMMAND: POST /session/0631827be0a93fac797ef22e97364bed/elements - {"using":"xpath","value":"//*[@id=\"__item3130-__clone8485-imgNav\"]"}
RESULT: {"using":"xpath","value":"//*[@id=\"__item3130-__clone8485-imgNav\"]"}
COMMAND: POST /session/0631827be0a93fac797ef22e97364bed/elements - {"using":"xpath","value":"//*[@id=\"__item3130-__clone8485-imgNav\"]"}
RESULT: {"using":"xpath","value":"//*[@id=\"__item3130-__clone8485-imgNav\"]"}
COMMAND: POST /session/0631827be0a93fac797ef22e97364bed/elements - {"using":"xpath","value":"//*[@id=\"__item3130-__clone8485-imgNav\"]"}
RESULT: {"using":"xpath","value":"//*[@id=\"__item3130-__clone8485-imgNav\"]"}
COMMAND: POST /session/0631827be0a93fac797ef22e97364bed/elements - {"using":"xpath","value":"//*[@id=\"__item3130-__clone8485-imgNav\"]"}
RESULT: {"using":"xpath","value":"//*[@id=\"__item3130-__clone8485-imgNav\"]"}
COMMAND: POST /session/0631827be0a93fac797ef22e97364bed/elements - {"using":"xpath","value":"//*[@id=\"__item3130-__clone8485-imgNav\"]"}
RESULT: {"using":"xpath","value":"//*[@id=\"__item3130-__clone8485-imgNav\"]"}
COMMAND: POST /session/0631827be0a93fac797ef22e97364bed/elements - {"using":"xpath","value":"//*[@id=\"__item3130-__clone8485-imgNav\"]"}
RESULT: {"using":"xpath","value":"//*[@id=\"__item3130-__clone8485-imgNav\"]"}
COMMAND: POST /session/0631827be0a93fac797ef22e97364bed/elements - {"using":"xpath","value":"//*[@id=\"__item3130-__clone8485-imgNav\"]"}
RESULT: {"using":"xpath","value":"//*[@id=\"__item3130-__clone8485-imgNav\"]"}
COMMAND: POST /session/0631827be0a93fac797ef22e97364bed/elements - {"using":"xpath","value":"//*[@id=\"__item3130-__clone8485-imgNav\"]"}
RESULT: {"using":"xpath","value":"//*[@id=\"__item3130-__clone8485-imgNav\"]"}
COMMAND: POST /session/0631827be0a93fac797ef22e97364bed/elements - {"using":"xpath","value":"//*[@id=\"__item3130-__clone8485-imgNav\"]"}
RESULT: {"using":"xpath","value":"//*[@id=\"__item3130-__clone8485-imgNav\"]"}
COMMAND: POST /session/0631827be0a93fac797ef22e97364bed/elements - {"using":"xpath","value":"//*[@id=\"__item3130-__clone8485-imgNav\"]"}
RESULT: {"using":"xpath","value":"//*[@id=\"__item3130-__clone8485-imgNav\"]"}
COMMAND: POST /session/0631827be0a93fac797ef22e97364bed/elements - {"using":"xpath","value":"//*[@id=\"__item3130-__clone8485-imgNav\"]"}
RESULT: {"using":"xpath","value":"//*[@id=\"__item3130-__clone8485-imgNav\"]"}
COMMAND: POST /session/0631827be0a93fac797ef22e97364bed/elements - {"using":"xpath","value":"//*[@id=\"__item3130-__clone8485-imgNav\"]"}
RESULT: {"using":"xpath","value":"//*[@id=\"__item3130-__clone8485-imgNav\"]"}
COMMAND: POST /session/0631827be0a93fac797ef22e97364bed/elements - {"using":"xpath","value":"//*[@id=\"__item3130-__clone8485-imgNav\"]"}
RESULT: {"using":"xpath","value":"//*[@id=\"__item3130-__clone8485-imgNav\"]"}
COMMAND: POST /session/0631827be0a93fac797ef22e97364bed/elements - {"using":"xpath","value":"//*[@id=\"__item3130-__clone8485-imgNav\"]"}
RESULT: {"using":"xpath","value":"//*[@id=\"__item3130-__clone8485-imgNav\"]"}
COMMAND: POST /session/0631827be0a93fac797ef22e97364bed/elements - {"using":"xpath","value":"//*[@id=\"__item3130-__clone8485-imgNav\"]"}
RESULT: {"using":"xpath","value":"//*[@id=\"__item3130-__clone8485-imgNav\"]"}
COMMAND: POST /session/0631827be0a93fac797ef22e97364bed/elements - {"using":"xpath","value":"//*[@id=\"__item3130-__clone8485-imgNav\"]"}
RESULT: {"using":"xpath","value":"//*[@id=\"__item3130-__clone8485-imgNav\"]"}
COMMAND: POST /session/0631827be0a93fac797ef22e97364bed/elements - {"using":"xpath","value":"//*[@id=\"__item3130-__clone8485-imgNav\"]"}
RESULT: {"using":"xpath","value":"//*[@id=\"__item3130-__clone8485-imgNav\"]"}
COMMAND: POST /session/0631827be0a93fac797ef22e97364bed/elements - {"using":"xpath","value":"//*[@id=\"__item3130-__clone8485-imgNav\"]"}
RESULT: {"using":"xpath","value":"//*[@id=\"__item3130-__clone8485-imgNav\"]"}
COMMAND: POST /session/0631827be0a93fac797ef22e97364bed/elements - {"using":"xpath","value":"//*[@id=\"__item3130-__clone8485-imgNav\"]"}
RESULT: {"using":"xpath","value":"//*[@id=\"__item3130-__clone8485-imgNav\"]"}
COMMAND: POST /session/0631827be0a93fac797ef22e97364bed/elements - {"using":"xpath","value":"//*[@id=\"__item3130-__clone8485-imgNav\"]"}
RESULT: {"using":"xpath","value":"//*[@id=\"__item3130-__clone8485-imgNav\"]"}
COMMAND: POST /session/0631827be0a93fac797ef22e97364bed/elements - {"using":"xpath","value":"//*[@id=\"__item3130-__clone8485-imgNav\"]"}
RESULT: {"using":"xpath","value":"//*[@id=\"__item3130-__clone8485-imgNav\"]"}
COMMAND: POST /session/0631827be0a93fac797ef22e97364bed/elements - {"using":"xpath","value":"//*[@id=\"__item3130-__clone8485-imgNav\"]"}
RESULT: {"using":"xpath","value":"//*[@id=\"__item3130-__clone8485-imgNav\"]"}
COMMAND: POST /session/0631827be0a93fac797ef22e97364bed/elements - {"using":"xpath","value":"//*[@id=\"__item3130-__clone8485-imgNav\"]"}
RESULT: {"using":"xpath","value":"//*[@id=\"__item3130-__clone8485-imgNav\"]"}
COMMAND: POST /session/0631827be0a93fac797ef22e97364bed/elements - {"using":"xpath","value":"//*[@id=\"__item3130-__clone8485-imgNav\"]"}
RESULT: {"using":"xpath","value":"//*[@id=\"__item3130-__clone8485-imgNav\"]"}
COMMAND: POST /session/0631827be0a93fac797ef22e97364bed/elements - {"using":"xpath","value":"//*[@id=\"__item3130-__clone8485-imgNav\"]"}
RESULT: {"using":"xpath","value":"//*[@id=\"__item3130-__clone8485-imgNav\"]"}
COMMAND: POST /session/0631827be0a93fac797ef22e97364bed/elements - {"using":"xpath","value":"//*[@id=\"__item3130-__clone8485-imgNav\"]"}
RESULT: {"using":"xpath","value":"//*[@id=\"__item3130-__clone8485-imgNav\"]"}
COMMAND: POST /session/0631827be0a93fac797ef22e97364bed/elements - {"using":"xpath","value":"//*[@id=\"__item3130-__clone8485-imgNav\"]"}
RESULT: {"using":"xpath","value":"//*[@id=\"__item3130-__clone8485-imgNav\"]"}
COMMAND: POST /session/0631827be0a93fac797ef22e97364bed/elements - {"using":"xpath","value":"//*[@id=\"__item3130-__clone8485-imgNav\"]"}
RESULT: {"using":"xpath","value":"//*[@id=\"__item3130-__clone8485-imgNav\"]"}
COMMAND: POST /session/0631827be0a93fac797ef22e97364bed/elements - {"using":"xpath","value":"//*[@id=\"__item3130-__clone8485-imgNav\"]"}
RESULT: {"using":"xpath","value":"//*[@id=\"__item3130-__clone8485-imgNav\"]"}
COMMAND: POST /session/0631827be0a93fac797ef22e97364bed/elements - {"using":"xpath","value":"//*[@id=\"__item3130-__clone8485-imgNav\"]"}
RESULT: {"using":"xpath","value":"//*[@id=\"__item3130-__clone8485-imgNav\"]"}
COMMAND: POST /session/0631827be0a93fac797ef22e97364bed/elements - {"using":"xpath","value":"//*[@id=\"__item3130-__clone8485-imgNav\"]"}
RESULT: {"using":"xpath","value":"//*[@id=\"__item3130-__clone8485-imgNav\"]"}
COMMAND: POST /session/0631827be0a93fac797ef22e97364bed/elements - {"using":"xpath","value":"//*[@id=\"__item3130-__clone8485-imgNav\"]"}
RESULT: {"using":"xpath","value":"//*[@id=\"__item3130-__clone8485-imgNav\"]"}
COMMAND: POST /session/0631827be0a93fac797ef22e97364bed/elements - {"using":"xpath","value":"//*[@id=\"__item3130-__clone8485-imgNav\"]"}
RESULT: {"using":"xpath","value":"//*[@id=\"__item3130-__clone8485-imgNav\"]"}
COMMAND: POST /session/0631827be0a93fac797ef22e97364bed/elements - {"using":"xpath","value":"//*[@id=\"__item3130-__clone8485-imgNav\"]"}
RESULT: {"using":"xpath","value":"//*[@id=\"__item3130-__clone8485-imgNav\"]"}
COMMAND: POST /session/0631827be0a93fac797ef22e97364bed/elements - {"using":"xpath","value":"//*[@id=\"__item3130-__clone8485-imgNav\"]"}
RESULT: {"using":"xpath","value":"//*[@id=\"__item3130-__clone8485-imgNav\"]"}
COMMAND: POST /session/0631827be0a93fac797ef22e97364bed/elements - {"using":"xpath","value":"//*[@id=\"__item3130-__clone8485-imgNav\"]"}
RESULT: {"using":"xpath","value":"//*[@id=\"__item3130-__clone8485-imgNav\"]"}
COMMAND: POST /session/0631827be0a93fac797ef22e97364bed/elements - {"using":"xpath","value":"//*[@id=\"__item3130-__clone8485-imgNav\"]"}
RESULT: {"using":"xpath","value":"//*[@id=\"__item3130-__clone8485-imgNav\"]"}
COMMAND: POST /session/0631827be0a93fac797ef22e97364bed/elements - {"using":"xpath","value":"//*[@id=\"__item3130-__clone8485-imgNav\"]"}
RESULT: {"using":"xpath","value":"//*[@id=\"__item3130-__clone8485-imgNav\"]"}
COMMAND: POST /session/0631827be0a93fac797ef22e97364bed/elements - {"using":"xpath","value":"//*[@id=\"__item3130-__clone8485-imgNav\"]"}
RESULT: {"using":"xpath","value":"//*[@id=\"__item3130-__clone8485-imgNav\"]"}
COMMAND: POST /session/0631827be0a93fac797ef22e97364bed/elements - {"using":"xpath","value":"//*[@id=\"__item3130-__clone8485-imgNav\"]"}
RESULT: {"using":"xpath","value":"//*[@id=\"__item3130-__clone8485-imgNav\"]"}
COMMAND: POST /session/0631827be0a93fac797ef22e97364bed/elements - {"using":"xpath","value":"//*[@id=\"__item3130-__clone8485-imgNav\"]"}
RESULT: {"using":"xpath","value":"//*[@id=\"__item3130-__clone8485-imgNav\"]"}
COMMAND: POST /session/0631827be0a93fac797ef22e97364bed/elements - {"using":"xpath","value":"//*[@id=\"__item3130-__clone8485-imgNav\"]"}
RESULT: {"using":"xpath","value":"//*[@id=\"__item3130-__clone8485-imgNav\"]"}
COMMAND: POST /session/0631827be0a93fac797ef22e97364bed/elements - {"using":"xpath","value":"//*[@id=\"__item3130-__clone8485-imgNav\"]"}
RESULT: {"using":"xpath","value":"//*[@id=\"__item3130-__clone8485-imgNav\"]"}
COMMAND: POST /session/0631827be0a93fac797ef22e97364bed/elements - {"using":"xpath","value":"//*[@id=\"__item3130-__clone8485-imgNav\"]"}
RESULT: {"using":"xpath","value":"//*[@id=\"__item3130-__clone8485-imgNav\"]"}
COMMAND: POST /session/0631827be0a93fac797ef22e97364bed/elements - {"using":"xpath","value":"//*[@id=\"__item3130-__clone8485-imgNav\"]"}
RESULT: {"using":"xpath","value":"//*[@id=\"__item3130-__clone8485-imgNav\"]"}
COMMAND: POST /session/0631827be0a93fac797ef22e97364bed/elements - {"using":"xpath","value":"//*[@id=\"__item3130-__clone8485-imgNav\"]"}
RESULT: {"using":"xpath","value":"//*[@id=\"__item3130-__clone8485-imgNav\"]"}
COMMAND: POST /session/0631827be0a93fac797ef22e97364bed/elements - {"using":"xpath","value":"//*[@id=\"__item3130-__clone8485-imgNav\"]"}
RESULT: {"using":"xpath","value":"//*[@id=\"__item3130-__clone8485-imgNav\"]"}
COMMAND: POST /session/0631827be0a93fac797ef22e97364bed/elements - {"using":"xpath","value":"//*[@id=\"__item3130-__clone8485-imgNav\"]"}
RESULT: {"using":"xpath","value":"//*[@id=\"__item3130-__clone8485-imgNav\"]"}
COMMAND: POST /session/0631827be0a93fac797ef22e97364bed/elements - {"using":"xpath","value":"//*[@id=\"__item3130-__clone8485-imgNav\"]"}
RESULT: {"using":"xpath","value":"//*[@id=\"__item3130-__clone8485-imgNav\"]"}
COMMAND: POST /session/0631827be0a93fac797ef22e97364bed/elements - {"using":"xpath","value":"//*[@id=\"__item3130-__clone8485-imgNav\"]"}
RESULT: {"using":"xpath","value":"//*[@id=\"__item3130-__clone8485-imgNav\"]"}
COMMAND: POST /session/0631827be0a93fac797ef22e97364bed/elements - {"using":"xpath","value":"//*[@id=\"__item3130-__clone8485-imgNav\"]"}
RESULT: {"using":"xpath","value":"//*[@id=\"__item3130-__clone8485-imgNav\"]"}
COMMAND: POST /session/0631827be0a93fac797ef22e97364bed/elements - {"using":"xpath","value":"//*[@id=\"__item3130-__clone8485-imgNav\"]"}
RESULT: {"using":"xpath","value":"//*[@id=\"__item3130-__clone8485-imgNav\"]"}
COMMAND: POST /session/0631827be0a93fac797ef22e97364bed/elements - {"using":"xpath","value":"//*[@id=\"__item3130-__clone8485-imgNav\"]"}
RESULT: {"using":"xpath","value":"//*[@id=\"__item3130-__clone8485-imgNav\"]"}
COMMAND: POST /session/0631827be0a93fac797ef22e97364bed/elements - {"using":"xpath","value":"//*[@id=\"__item3130-__clone8485-imgNav\"]"}
RESULT: {"using":"xpath","value":"//*[@id=\"__item3130-__clone8485-imgNav\"]"}
COMMAND: POST /session/0631827be0a93fac797ef22e97364bed/elements - {"using":"xpath","value":"//*[@id=\"__item3130-__clone8485-imgNav\"]"}
RESULT: {"using":"xpath","value":"//*[@id=\"__item3130-__clone8485-imgNav\"]"}
COMMAND: POST /session/0631827be0a93fac797ef22e97364bed/elements - {"using":"xpath","value":"//*[@id=\"__item3130-__clone8485-imgNav\"]"}
RESULT: {"using":"xpath","value":"//*[@id=\"__item3130-__clone8485-imgNav\"]"}
COMMAND: POST /session/0631827be0a93fac797ef22e97364bed/elements - {"using":"xpath","value":"//*[@id=\"__item3130-__clone8485-imgNav\"]"}
RESULT: {"using":"xpath","value":"//*[@id=\"__item3130-__clone8485-imgNav\"]"}
COMMAND: POST /session/0631827be0a93fac797ef22e97364bed/elements - {"using":"xpath","value":"//*[@id=\"__item3130-__clone8485-imgNav\"]"}
RESULT: {"using":"xpath","value":"//*[@id=\"__item3130-__clone8485-imgNav\"]"}
COMMAND: POST /session/0631827be0a93fac797ef22e97364bed/elements - {"using":"xpath","value":"//*[@id=\"__item3130-__clone8485-imgNav\"]"}
RESULT: {"using":"xpath","value":"//*[@id=\"__item3130-__clone8485-imgNav\"]"}
COMMAND: POST /session/0631827be0a93fac797ef22e97364bed/elements - {"using":"xpath","value":"//*[@id=\"__item3130-__clone8485-imgNav\"]"}
RESULT: {"using":"xpath","value":"//*[@id=\"__item3130-__clone8485-imgNav\"]"}
COMMAND: POST /session/0631827be0a93fac797ef22e97364bed/elements - {"using":"xpath","value":"//*[@id=\"__item3130-__clone8485-imgNav\"]"}
RESULT: {"using":"xpath","value":"//*[@id=\"__item3130-__clone8485-imgNav\"]"}
COMMAND: POST /session/0631827be0a93fac797ef22e97364bed/elements - {"using":"xpath","value":"//*[@id=\"__item3130-__clone8485-imgNav\"]"}
RESULT: {"using":"xpath","value":"//*[@id=\"__item3130-__clone8485-imgNav\"]"}
COMMAND: POST /session/0631827be0a93fac797ef22e97364bed/elements - {"using":"xpath","value":"//*[@id=\"__item3130-__clone8485-imgNav\"]"}
RESULT: {"using":"xpath","value":"//*[@id=\"__item3130-__clone8485-imgNav\"]"}
COMMAND: POST /session/0631827be0a93fac797ef22e97364bed/elements - {"using":"xpath","value":"//*[@id=\"__item3130-__clone8485-imgNav\"]"}
RESULT: {"using":"xpath","value":"//*[@id=\"__item3130-__clone8485-imgNav\"]"}
COMMAND: POST /session/0631827be0a93fac797ef22e97364bed/elements - {"using":"xpath","value":"//*[@id=\"__item3130-__clone8485-imgNav\"]"}
RESULT: {"using":"xpath","value":"//*[@id=\"__item3130-__clone8485-imgNav\"]"}
COMMAND: POST /session/0631827be0a93fac797ef22e97364bed/elements - {"using":"xpath","value":"//*[@id=\"__item3130-__clone8485-imgNav\"]"}
RESULT: {"using":"xpath","value":"//*[@id=\"__item3130-__clone8485-imgNav\"]"}
COMMAND: POST /session/0631827be0a93fac797ef22e97364bed/elements - {"using":"xpath","value":"//*[@id=\"__item3130-__clone8485-imgNav\"]"}
RESULT: {"using":"xpath","value":"//*[@id=\"__item3130-__clone8485-imgNav\"]"}
COMMAND: POST /session/0631827be0a93fac797ef22e97364bed/elements - {"using":"xpath","value":"//*[@id=\"__item3130-__clone8485-imgNav\"]"}
RESULT: {"using":"xpath","value":"//*[@id=\"__item3130-__clone8485-imgNav\"]"}
COMMAND: POST /session/0631827be0a93fac797ef22e97364bed/elements - {"using":"xpath","value":"//*[@id=\"__item3130-__clone8485-imgNav\"]"}
RESULT: {"using":"xpath","value":"//*[@id=\"__item3130-__clone8485-imgNav\"]"}
COMMAND: POST /session/0631827be0a93fac797ef22e97364bed/execute/async - {"script":"<script> [1562 bytes]","args":[{"selector":{"controlType":"sap.m.Button","viewName":"etm.portal.ui.managehandovers.view.DetailExecuteHO","i18NText":{"propertyName":"text","key":"confirmAll"},"interaction":{"idSuffix":"BDI-content"}},"wdio_ui5_key":"etmportal.ui.managehandovers.view.DetailExecuteHOsap.m.Button{\"propertyName\":\"text\",\"key\":\"confirmAll\"}"}]}
RESULT: {"script":"<script> [1562 bytes]","args":[{"selector":{"controlType":"sap.m.Button","viewName":"etm.portal.ui.managehandovers.view.DetailExecuteHO","i18NText":{"propertyName":"text","key":"confirmAll"},"interaction":{"idSuffix":"BDI-content"}},"wdio_ui5_key":"etmportal.ui.managehandovers.view.DetailExecuteHOsap.m.Button{\"propertyName\":\"text\",\"key\":\"confirmAll\"}"}]}
RESULT: undefined
COMMAND: POST /session/0631827be0a93fac797ef22e97364bed/actions - {"actions":[{"id":"action74","type":"key","parameters":{},"actions":[{"type":"keyDown","value":"î€‡"},{"type":"pause","duration":10},{"type":"keyUp","value":"î€‡"}]}]}
RESULT: {"actions":[{"id":"action74","type":"key","parameters":{},"actions":[{"type":"keyDown","value":"î€‡"},{"type":"pause","duration":10},{"type":"keyUp","value":"î€‡"}]}]}
COMMAND: GET /session/0631827be0a93fac797ef22e97364bed/screenshot - {}
RESULT: {}
COMMAND: POST /session/0631827be0a93fac797ef22e97364bed/execute/async - {"script":"<script> [1562 bytes]","args":[{"selector":{"id":"confirmationButton","viewName":"etm.portal.ui.managehandovers.view.DetailExecuteHO","properties":{"text":"Issue"},"interaction":{"idSuffix":"BDI-content"}},"wdio_ui5_key":"confirmationButtonetmportal.ui.managehandovers.view.DetailExecuteHO{\"text\":\"Issue\"}"}]}
RESULT: {"script":"<script> [1562 bytes]","args":[{"selector":{"id":"confirmationButton","viewName":"etm.portal.ui.managehandovers.view.DetailExecuteHO","properties":{"text":"Issue"},"interaction":{"idSuffix":"BDI-content"}},"wdio_ui5_key":"confirmationButtonetmportal.ui.managehandovers.view.DetailExecuteHO{\"text\":\"Issue\"}"}]}
RESULT: undefined
RESULT: undefined
COMMAND: POST /session/0631827be0a93fac797ef22e97364bed/execute/async - {"script":"<script> [776 bytes]","args":[{"enterText":"30585","selector":{"controlType":"sap.m.SearchField","viewName":"etm.portal.ui.managehandovers.view.MasterHO","bindingPath":{"propertyPath":"/_BASIC_SEARCH_FIELD","modelName":"fi1t3rM0d31"},"interaction":{"idSuffix":"I"}},"clearTextFirst":true,"interactionType":"ENTER_TEXT"}]}
RESULT: {"script":"<script> [776 bytes]","args":[{"enterText":"30585","selector":{"controlType":"sap.m.SearchField","viewName":"etm.portal.ui.managehandovers.view.MasterHO","bindingPath":{"propertyPath":"/_BASIC_SEARCH_FIELD","modelName":"fi1t3rM0d31"},"interaction":{"idSuffix":"I"}},"clearTextFirst":true,"interactionType":"ENTER_TEXT"}]}
COMMAND: POST /session/0631827be0a93fac797ef22e97364bed/actions - {"actions":[{"id":"action75","type":"key","parameters":{},"actions":[{"type":"keyDown","value":"î€‡"},{"type":"pause","duration":10},{"type":"keyUp","value":"î€‡"}]}]}
RESULT: {"actions":[{"id":"action75","type":"key","parameters":{},"actions":[{"type":"keyDown","value":"î€‡"},{"type":"pause","duration":10},{"type":"keyUp","value":"î€‡"}]}]}
COMMAND: GET /session/0631827be0a93fac797ef22e97364bed/screenshot - {}
RESULT: {}
RESULT: undefined
COMMAND: POST /session/0631827be0a93fac797ef22e97364bed/element - {"using":"xpath","value":"//*[@id=\"__item3130-__clone8485-imgNav\"]"}
RESULT: {"using":"xpath","value":"//*[@id=\"__item3130-__clone8485-imgNav\"]"}
COMMAND: POST /session/0631827be0a93fac797ef22e97364bed/elements - {"using":"xpath","value":"//*[@id=\"__item3130-__clone8485-imgNav\"]"}
RESULT: {"using":"xpath","value":"//*[@id=\"__item3130-__clone8485-imgNav\"]"}
COMMAND: POST /session/0631827be0a93fac797ef22e97364bed/elements - {"using":"xpath","value":"//*[@id=\"__item3130-__clone8485-imgNav\"]"}
RESULT: {"using":"xpath","value":"//*[@id=\"__item3130-__clone8485-imgNav\"]"}
COMMAND: POST /session/0631827be0a93fac797ef22e97364bed/elements - {"using":"xpath","value":"//*[@id=\"__item3130-__clone8485-imgNav\"]"}
RESULT: {"using":"xpath","value":"//*[@id=\"__item3130-__clone8485-imgNav\"]"}
COMMAND: POST /session/0631827be0a93fac797ef22e97364bed/elements - {"using":"xpath","value":"//*[@id=\"__item3130-__clone8485-imgNav\"]"}
RESULT: {"using":"xpath","value":"//*[@id=\"__item3130-__clone8485-imgNav\"]"}
COMMAND: POST /session/0631827be0a93fac797ef22e97364bed/elements - {"using":"xpath","value":"//*[@id=\"__item3130-__clone8485-imgNav\"]"}
RESULT: {"using":"xpath","value":"//*[@id=\"__item3130-__clone8485-imgNav\"]"}
COMMAND: POST /session/0631827be0a93fac797ef22e97364bed/elements - {"using":"xpath","value":"//*[@id=\"__item3130-__clone8485-imgNav\"]"}
RESULT: {"using":"xpath","value":"//*[@id=\"__item3130-__clone8485-imgNav\"]"}
COMMAND: POST /session/0631827be0a93fac797ef22e97364bed/elements - {"using":"xpath","value":"//*[@id=\"__item3130-__clone8485-imgNav\"]"}
RESULT: {"using":"xpath","value":"//*[@id=\"__item3130-__clone8485-imgNav\"]"}
COMMAND: POST /session/0631827be0a93fac797ef22e97364bed/elements - {"using":"xpath","value":"//*[@id=\"__item3130-__clone8485-imgNav\"]"}
RESULT: {"using":"xpath","value":"//*[@id=\"__item3130-__clone8485-imgNav\"]"}
COMMAND: POST /session/0631827be0a93fac797ef22e97364bed/elements - {"using":"xpath","value":"//*[@id=\"__item3130-__clone8485-imgNav\"]"}
RESULT: {"using":"xpath","value":"//*[@id=\"__item3130-__clone8485-imgNav\"]"}
COMMAND: POST /session/0631827be0a93fac797ef22e97364bed/elements - {"using":"xpath","value":"//*[@id=\"__item3130-__clone8485-imgNav\"]"}
RESULT: {"using":"xpath","value":"//*[@id=\"__item3130-__clone8485-imgNav\"]"}
COMMAND: POST /session/0631827be0a93fac797ef22e97364bed/elements - {"using":"xpath","value":"//*[@id=\"__item3130-__clone8485-imgNav\"]"}
RESULT: {"using":"xpath","value":"//*[@id=\"__item3130-__clone8485-imgNav\"]"}
COMMAND: POST /session/0631827be0a93fac797ef22e97364bed/elements - {"using":"xpath","value":"//*[@id=\"__item3130-__clone8485-imgNav\"]"}
RESULT: {"using":"xpath","value":"//*[@id=\"__item3130-__clone8485-imgNav\"]"}
COMMAND: POST /session/0631827be0a93fac797ef22e97364bed/elements - {"using":"xpath","value":"//*[@id=\"__item3130-__clone8485-imgNav\"]"}
RESULT: {"using":"xpath","value":"//*[@id=\"__item3130-__clone8485-imgNav\"]"}
COMMAND: POST /session/0631827be0a93fac797ef22e97364bed/elements - {"using":"xpath","value":"//*[@id=\"__item3130-__clone8485-imgNav\"]"}
RESULT: {"using":"xpath","value":"//*[@id=\"__item3130-__clone8485-imgNav\"]"}
COMMAND: POST /session/0631827be0a93fac797ef22e97364bed/elements - {"using":"xpath","value":"//*[@id=\"__item3130-__clone8485-imgNav\"]"}
RESULT: {"using":"xpath","value":"//*[@id=\"__item3130-__clone8485-imgNav\"]"}
COMMAND: POST /session/0631827be0a93fac797ef22e97364bed/elements - {"using":"xpath","value":"//*[@id=\"__item3130-__clone8485-imgNav\"]"}
RESULT: {"using":"xpath","value":"//*[@id=\"__item3130-__clone8485-imgNav\"]"}
COMMAND: POST /session/0631827be0a93fac797ef22e97364bed/elements - {"using":"xpath","value":"//*[@id=\"__item3130-__clone8485-imgNav\"]"}
RESULT: {"using":"xpath","value":"//*[@id=\"__item3130-__clone8485-imgNav\"]"}
COMMAND: POST /session/0631827be0a93fac797ef22e97364bed/elements - {"using":"xpath","value":"//*[@id=\"__item3130-__clone8485-imgNav\"]"}
RESULT: {"using":"xpath","value":"//*[@id=\"__item3130-__clone8485-imgNav\"]"}
COMMAND: POST /session/0631827be0a93fac797ef22e97364bed/elements - {"using":"xpath","value":"//*[@id=\"__item3130-__clone8485-imgNav\"]"}
RESULT: {"using":"xpath","value":"//*[@id=\"__item3130-__clone8485-imgNav\"]"}
COMMAND: POST /session/0631827be0a93fac797ef22e97364bed/elements - {"using":"xpath","value":"//*[@id=\"__item3130-__clone8485-imgNav\"]"}
RESULT: {"using":"xpath","value":"//*[@id=\"__item3130-__clone8485-imgNav\"]"}
COMMAND: POST /session/0631827be0a93fac797ef22e97364bed/elements - {"using":"xpath","value":"//*[@id=\"__item3130-__clone8485-imgNav\"]"}
RESULT: {"using":"xpath","value":"//*[@id=\"__item3130-__clone8485-imgNav\"]"}
COMMAND: POST /session/0631827be0a93fac797ef22e97364bed/elements - {"using":"xpath","value":"//*[@id=\"__item3130-__clone8485-imgNav\"]"}
RESULT: {"using":"xpath","value":"//*[@id=\"__item3130-__clone8485-imgNav\"]"}
COMMAND: POST /session/0631827be0a93fac797ef22e97364bed/elements - {"using":"xpath","value":"//*[@id=\"__item3130-__clone8485-imgNav\"]"}
RESULT: {"using":"xpath","value":"//*[@id=\"__item3130-__clone8485-imgNav\"]"}
COMMAND: POST /session/0631827be0a93fac797ef22e97364bed/elements - {"using":"xpath","value":"//*[@id=\"__item3130-__clone8485-imgNav\"]"}
RESULT: {"using":"xpath","value":"//*[@id=\"__item3130-__clone8485-imgNav\"]"}
COMMAND: POST /session/0631827be0a93fac797ef22e97364bed/elements - {"using":"xpath","value":"//*[@id=\"__item3130-__clone8485-imgNav\"]"}
RESULT: {"using":"xpath","value":"//*[@id=\"__item3130-__clone8485-imgNav\"]"}
COMMAND: POST /session/0631827be0a93fac797ef22e97364bed/elements - {"using":"xpath","value":"//*[@id=\"__item3130-__clone8485-imgNav\"]"}
RESULT: {"using":"xpath","value":"//*[@id=\"__item3130-__clone8485-imgNav\"]"}
COMMAND: POST /session/0631827be0a93fac797ef22e97364bed/elements - {"using":"xpath","value":"//*[@id=\"__item3130-__clone8485-imgNav\"]"}
RESULT: {"using":"xpath","value":"//*[@id=\"__item3130-__clone8485-imgNav\"]"}
COMMAND: POST /session/0631827be0a93fac797ef22e97364bed/elements - {"using":"xpath","value":"//*[@id=\"__item3130-__clone8485-imgNav\"]"}
RESULT: {"using":"xpath","value":"//*[@id=\"__item3130-__clone8485-imgNav\"]"}
COMMAND: POST /session/0631827be0a93fac797ef22e97364bed/elements - {"using":"xpath","value":"//*[@id=\"__item3130-__clone8485-imgNav\"]"}
RESULT: {"using":"xpath","value":"//*[@id=\"__item3130-__clone8485-imgNav\"]"}
COMMAND: POST /session/0631827be0a93fac797ef22e97364bed/elements - {"using":"xpath","value":"//*[@id=\"__item3130-__clone8485-imgNav\"]"}
RESULT: {"using":"xpath","value":"//*[@id=\"__item3130-__clone8485-imgNav\"]"}
COMMAND: POST /session/0631827be0a93fac797ef22e97364bed/elements - {"using":"xpath","value":"//*[@id=\"__item3130-__clone8485-imgNav\"]"}
RESULT: {"using":"xpath","value":"//*[@id=\"__item3130-__clone8485-imgNav\"]"}
COMMAND: POST /session/0631827be0a93fac797ef22e97364bed/elements - {"using":"xpath","value":"//*[@id=\"__item3130-__clone8485-imgNav\"]"}
RESULT: {"using":"xpath","value":"//*[@id=\"__item3130-__clone8485-imgNav\"]"}
COMMAND: POST /session/0631827be0a93fac797ef22e97364bed/elements - {"using":"xpath","value":"//*[@id=\"__item3130-__clone8485-imgNav\"]"}
RESULT: {"using":"xpath","value":"//*[@id=\"__item3130-__clone8485-imgNav\"]"}
COMMAND: POST /session/0631827be0a93fac797ef22e97364bed/elements - {"using":"xpath","value":"//*[@id=\"__item3130-__clone8485-imgNav\"]"}
RESULT: {"using":"xpath","value":"//*[@id=\"__item3130-__clone8485-imgNav\"]"}
COMMAND: POST /session/0631827be0a93fac797ef22e97364bed/elements - {"using":"xpath","value":"//*[@id=\"__item3130-__clone8485-imgNav\"]"}
RESULT: {"using":"xpath","value":"//*[@id=\"__item3130-__clone8485-imgNav\"]"}
COMMAND: POST /session/0631827be0a93fac797ef22e97364bed/elements - {"using":"xpath","value":"//*[@id=\"__item3130-__clone8485-imgNav\"]"}
RESULT: {"using":"xpath","value":"//*[@id=\"__item3130-__clone8485-imgNav\"]"}
COMMAND: POST /session/0631827be0a93fac797ef22e97364bed/elements - {"using":"xpath","value":"//*[@id=\"__item3130-__clone8485-imgNav\"]"}
RESULT: {"using":"xpath","value":"//*[@id=\"__item3130-__clone8485-imgNav\"]"}
COMMAND: POST /session/0631827be0a93fac797ef22e97364bed/elements - {"using":"xpath","value":"//*[@id=\"__item3130-__clone8485-imgNav\"]"}
RESULT: {"using":"xpath","value":"//*[@id=\"__item3130-__clone8485-imgNav\"]"}
COMMAND: POST /session/0631827be0a93fac797ef22e97364bed/elements - {"using":"xpath","value":"//*[@id=\"__item3130-__clone8485-imgNav\"]"}
RESULT: {"using":"xpath","value":"//*[@id=\"__item3130-__clone8485-imgNav\"]"}
COMMAND: POST /session/0631827be0a93fac797ef22e97364bed/elements - {"using":"xpath","value":"//*[@id=\"__item3130-__clone8485-imgNav\"]"}
RESULT: {"using":"xpath","value":"//*[@id=\"__item3130-__clone8485-imgNav\"]"}
COMMAND: POST /session/0631827be0a93fac797ef22e97364bed/elements - {"using":"xpath","value":"//*[@id=\"__item3130-__clone8485-imgNav\"]"}
RESULT: {"using":"xpath","value":"//*[@id=\"__item3130-__clone8485-imgNav\"]"}
COMMAND: POST /session/0631827be0a93fac797ef22e97364bed/elements - {"using":"xpath","value":"//*[@id=\"__item3130-__clone8485-imgNav\"]"}
RESULT: {"using":"xpath","value":"//*[@id=\"__item3130-__clone8485-imgNav\"]"}
COMMAND: POST /session/0631827be0a93fac797ef22e97364bed/elements - {"using":"xpath","value":"//*[@id=\"__item3130-__clone8485-imgNav\"]"}
RESULT: {"using":"xpath","value":"//*[@id=\"__item3130-__clone8485-imgNav\"]"}
COMMAND: POST /session/0631827be0a93fac797ef22e97364bed/elements - {"using":"xpath","value":"//*[@id=\"__item3130-__clone8485-imgNav\"]"}
RESULT: {"using":"xpath","value":"//*[@id=\"__item3130-__clone8485-imgNav\"]"}
COMMAND: POST /session/0631827be0a93fac797ef22e97364bed/elements - {"using":"xpath","value":"//*[@id=\"__item3130-__clone8485-imgNav\"]"}
RESULT: {"using":"xpath","value":"//*[@id=\"__item3130-__clone8485-imgNav\"]"}
COMMAND: POST /session/0631827be0a93fac797ef22e97364bed/elements - {"using":"xpath","value":"//*[@id=\"__item3130-__clone8485-imgNav\"]"}
RESULT: {"using":"xpath","value":"//*[@id=\"__item3130-__clone8485-imgNav\"]"}
COMMAND: POST /session/0631827be0a93fac797ef22e97364bed/elements - {"using":"xpath","value":"//*[@id=\"__item3130-__clone8485-imgNav\"]"}
RESULT: {"using":"xpath","value":"//*[@id=\"__item3130-__clone8485-imgNav\"]"}
COMMAND: POST /session/0631827be0a93fac797ef22e97364bed/elements - {"using":"xpath","value":"//*[@id=\"__item3130-__clone8485-imgNav\"]"}
RESULT: {"using":"xpath","value":"//*[@id=\"__item3130-__clone8485-imgNav\"]"}
COMMAND: POST /session/0631827be0a93fac797ef22e97364bed/elements - {"using":"xpath","value":"//*[@id=\"__item3130-__clone8485-imgNav\"]"}
RESULT: {"using":"xpath","value":"//*[@id=\"__item3130-__clone8485-imgNav\"]"}
COMMAND: POST /session/0631827be0a93fac797ef22e97364bed/elements - {"using":"xpath","value":"//*[@id=\"__item3130-__clone8485-imgNav\"]"}
RESULT: {"using":"xpath","value":"//*[@id=\"__item3130-__clone8485-imgNav\"]"}
COMMAND: POST /session/0631827be0a93fac797ef22e97364bed/elements - {"using":"xpath","value":"//*[@id=\"__item3130-__clone8485-imgNav\"]"}
RESULT: {"using":"xpath","value":"//*[@id=\"__item3130-__clone8485-imgNav\"]"}
COMMAND: POST /session/0631827be0a93fac797ef22e97364bed/elements - {"using":"xpath","value":"//*[@id=\"__item3130-__clone8485-imgNav\"]"}
RESULT: {"using":"xpath","value":"//*[@id=\"__item3130-__clone8485-imgNav\"]"}
COMMAND: POST /session/0631827be0a93fac797ef22e97364bed/elements - {"using":"xpath","value":"//*[@id=\"__item3130-__clone8485-imgNav\"]"}
RESULT: {"using":"xpath","value":"//*[@id=\"__item3130-__clone8485-imgNav\"]"}
COMMAND: POST /session/0631827be0a93fac797ef22e97364bed/elements - {"using":"xpath","value":"//*[@id=\"__item3130-__clone8485-imgNav\"]"}
RESULT: {"using":"xpath","value":"//*[@id=\"__item3130-__clone8485-imgNav\"]"}
COMMAND: POST /session/0631827be0a93fac797ef22e97364bed/elements - {"using":"xpath","value":"//*[@id=\"__item3130-__clone8485-imgNav\"]"}
RESULT: {"using":"xpath","value":"//*[@id=\"__item3130-__clone8485-imgNav\"]"}
COMMAND: POST /session/0631827be0a93fac797ef22e97364bed/elements - {"using":"xpath","value":"//*[@id=\"__item3130-__clone8485-imgNav\"]"}
RESULT: {"using":"xpath","value":"//*[@id=\"__item3130-__clone8485-imgNav\"]"}
COMMAND: POST /session/0631827be0a93fac797ef22e97364bed/elements - {"using":"xpath","value":"//*[@id=\"__item3130-__clone8485-imgNav\"]"}
RESULT: {"using":"xpath","value":"//*[@id=\"__item3130-__clone8485-imgNav\"]"}
COMMAND: POST /session/0631827be0a93fac797ef22e97364bed/elements - {"using":"xpath","value":"//*[@id=\"__item3130-__clone8485-imgNav\"]"}
RESULT: {"using":"xpath","value":"//*[@id=\"__item3130-__clone8485-imgNav\"]"}
COMMAND: POST /session/0631827be0a93fac797ef22e97364bed/elements - {"using":"xpath","value":"//*[@id=\"__item3130-__clone8485-imgNav\"]"}
RESULT: {"using":"xpath","value":"//*[@id=\"__item3130-__clone8485-imgNav\"]"}
COMMAND: POST /session/0631827be0a93fac797ef22e97364bed/elements - {"using":"xpath","value":"//*[@id=\"__item3130-__clone8485-imgNav\"]"}
RESULT: {"using":"xpath","value":"//*[@id=\"__item3130-__clone8485-imgNav\"]"}
COMMAND: POST /session/0631827be0a93fac797ef22e97364bed/elements - {"using":"xpath","value":"//*[@id=\"__item3130-__clone8485-imgNav\"]"}
RESULT: {"using":"xpath","value":"//*[@id=\"__item3130-__clone8485-imgNav\"]"}
COMMAND: POST /session/0631827be0a93fac797ef22e97364bed/elements - {"using":"xpath","value":"//*[@id=\"__item3130-__clone8485-imgNav\"]"}
RESULT: {"using":"xpath","value":"//*[@id=\"__item3130-__clone8485-imgNav\"]"}
COMMAND: POST /session/0631827be0a93fac797ef22e97364bed/elements - {"using":"xpath","value":"//*[@id=\"__item3130-__clone8485-imgNav\"]"}
RESULT: {"using":"xpath","value":"//*[@id=\"__item3130-__clone8485-imgNav\"]"}
COMMAND: POST /session/0631827be0a93fac797ef22e97364bed/elements - {"using":"xpath","value":"//*[@id=\"__item3130-__clone8485-imgNav\"]"}
RESULT: {"using":"xpath","value":"//*[@id=\"__item3130-__clone8485-imgNav\"]"}
COMMAND: POST /session/0631827be0a93fac797ef22e97364bed/elements - {"using":"xpath","value":"//*[@id=\"__item3130-__clone8485-imgNav\"]"}
RESULT: {"using":"xpath","value":"//*[@id=\"__item3130-__clone8485-imgNav\"]"}
COMMAND: POST /session/0631827be0a93fac797ef22e97364bed/elements - {"using":"xpath","value":"//*[@id=\"__item3130-__clone8485-imgNav\"]"}
RESULT: {"using":"xpath","value":"//*[@id=\"__item3130-__clone8485-imgNav\"]"}
COMMAND: POST /session/0631827be0a93fac797ef22e97364bed/elements - {"using":"xpath","value":"//*[@id=\"__item3130-__clone8485-imgNav\"]"}
RESULT: {"using":"xpath","value":"//*[@id=\"__item3130-__clone8485-imgNav\"]"}
COMMAND: POST /session/0631827be0a93fac797ef22e97364bed/elements - {"using":"xpath","value":"//*[@id=\"__item3130-__clone8485-imgNav\"]"}
RESULT: {"using":"xpath","value":"//*[@id=\"__item3130-__clone8485-imgNav\"]"}
COMMAND: POST /session/0631827be0a93fac797ef22e97364bed/elements - {"using":"xpath","value":"//*[@id=\"__item3130-__clone8485-imgNav\"]"}
RESULT: {"using":"xpath","value":"//*[@id=\"__item3130-__clone8485-imgNav\"]"}
COMMAND: POST /session/0631827be0a93fac797ef22e97364bed/elements - {"using":"xpath","value":"//*[@id=\"__item3130-__clone8485-imgNav\"]"}
RESULT: {"using":"xpath","value":"//*[@id=\"__item3130-__clone8485-imgNav\"]"}
COMMAND: POST /session/0631827be0a93fac797ef22e97364bed/elements - {"using":"xpath","value":"//*[@id=\"__item3130-__clone8485-imgNav\"]"}
RESULT: {"using":"xpath","value":"//*[@id=\"__item3130-__clone8485-imgNav\"]"}
COMMAND: POST /session/0631827be0a93fac797ef22e97364bed/elements - {"using":"xpath","value":"//*[@id=\"__item3130-__clone8485-imgNav\"]"}
RESULT: {"using":"xpath","value":"//*[@id=\"__item3130-__clone8485-imgNav\"]"}
COMMAND: POST /session/0631827be0a93fac797ef22e97364bed/elements - {"using":"xpath","value":"//*[@id=\"__item3130-__clone8485-imgNav\"]"}
RESULT: {"using":"xpath","value":"//*[@id=\"__item3130-__clone8485-imgNav\"]"}
COMMAND: POST /session/0631827be0a93fac797ef22e97364bed/elements - {"using":"xpath","value":"//*[@id=\"__item3130-__clone8485-imgNav\"]"}
RESULT: {"using":"xpath","value":"//*[@id=\"__item3130-__clone8485-imgNav\"]"}
COMMAND: POST /session/0631827be0a93fac797ef22e97364bed/elements - {"using":"xpath","value":"//*[@id=\"__item3130-__clone8485-imgNav\"]"}
RESULT: {"using":"xpath","value":"//*[@id=\"__item3130-__clone8485-imgNav\"]"}
COMMAND: POST /session/0631827be0a93fac797ef22e97364bed/elements - {"using":"xpath","value":"//*[@id=\"__item3130-__clone8485-imgNav\"]"}
RESULT: {"using":"xpath","value":"//*[@id=\"__item3130-__clone8485-imgNav\"]"}
COMMAND: POST /session/0631827be0a93fac797ef22e97364bed/elements - {"using":"xpath","value":"//*[@id=\"__item3130-__clone8485-imgNav\"]"}
RESULT: {"using":"xpath","value":"//*[@id=\"__item3130-__clone8485-imgNav\"]"}
COMMAND: POST /session/0631827be0a93fac797ef22e97364bed/elements - {"using":"xpath","value":"//*[@id=\"__item3130-__clone8485-imgNav\"]"}
RESULT: {"using":"xpath","value":"//*[@id=\"__item3130-__clone8485-imgNav\"]"}
COMMAND: POST /session/0631827be0a93fac797ef22e97364bed/elements - {"using":"xpath","value":"//*[@id=\"__item3130-__clone8485-imgNav\"]"}
RESULT: {"using":"xpath","value":"//*[@id=\"__item3130-__clone8485-imgNav\"]"}
COMMAND: POST /session/0631827be0a93fac797ef22e97364bed/elements - {"using":"xpath","value":"//*[@id=\"__item3130-__clone8485-imgNav\"]"}
RESULT: {"using":"xpath","value":"//*[@id=\"__item3130-__clone8485-imgNav\"]"}
COMMAND: POST /session/0631827be0a93fac797ef22e97364bed/elements - {"using":"xpath","value":"//*[@id=\"__item3130-__clone8485-imgNav\"]"}
RESULT: {"using":"xpath","value":"//*[@id=\"__item3130-__clone8485-imgNav\"]"}
COMMAND: POST /session/0631827be0a93fac797ef22e97364bed/elements - {"using":"xpath","value":"//*[@id=\"__item3130-__clone8485-imgNav\"]"}
RESULT: {"using":"xpath","value":"//*[@id=\"__item3130-__clone8485-imgNav\"]"}
COMMAND: POST /session/0631827be0a93fac797ef22e97364bed/elements - {"using":"xpath","value":"//*[@id=\"__item3130-__clone8485-imgNav\"]"}
RESULT: {"using":"xpath","value":"//*[@id=\"__item3130-__clone8485-imgNav\"]"}
COMMAND: POST /session/0631827be0a93fac797ef22e97364bed/elements - {"using":"xpath","value":"//*[@id=\"__item3130-__clone8485-imgNav\"]"}
RESULT: {"using":"xpath","value":"//*[@id=\"__item3130-__clone8485-imgNav\"]"}
COMMAND: POST /session/0631827be0a93fac797ef22e97364bed/elements - {"using":"xpath","value":"//*[@id=\"__item3130-__clone8485-imgNav\"]"}
RESULT: {"using":"xpath","value":"//*[@id=\"__item3130-__clone8485-imgNav\"]"}
COMMAND: POST /session/0631827be0a93fac797ef22e97364bed/elements - {"using":"xpath","value":"//*[@id=\"__item3130-__clone8485-imgNav\"]"}
RESULT: {"using":"xpath","value":"//*[@id=\"__item3130-__clone8485-imgNav\"]"}
COMMAND: POST /session/0631827be0a93fac797ef22e97364bed/elements - {"using":"xpath","value":"//*[@id=\"__item3130-__clone8485-imgNav\"]"}
RESULT: {"using":"xpath","value":"//*[@id=\"__item3130-__clone8485-imgNav\"]"}
COMMAND: POST /session/0631827be0a93fac797ef22e97364bed/elements - {"using":"xpath","value":"//*[@id=\"__item3130-__clone8485-imgNav\"]"}
RESULT: {"using":"xpath","value":"//*[@id=\"__item3130-__clone8485-imgNav\"]"}
COMMAND: POST /session/0631827be0a93fac797ef22e97364bed/elements - {"using":"xpath","value":"//*[@id=\"__item3130-__clone8485-imgNav\"]"}
RESULT: {"using":"xpath","value":"//*[@id=\"__item3130-__clone8485-imgNav\"]"}
COMMAND: POST /session/0631827be0a93fac797ef22e97364bed/elements - {"using":"xpath","value":"//*[@id=\"__item3130-__clone8485-imgNav\"]"}
RESULT: {"using":"xpath","value":"//*[@id=\"__item3130-__clone8485-imgNav\"]"}
COMMAND: POST /session/0631827be0a93fac797ef22e97364bed/elements - {"using":"xpath","value":"//*[@id=\"__item3130-__clone8485-imgNav\"]"}
RESULT: {"using":"xpath","value":"//*[@id=\"__item3130-__clone8485-imgNav\"]"}
COMMAND: POST /session/0631827be0a93fac797ef22e97364bed/elements - {"using":"xpath","value":"//*[@id=\"__item3130-__clone8485-imgNav\"]"}
RESULT: {"using":"xpath","value":"//*[@id=\"__item3130-__clone8485-imgNav\"]"}
COMMAND: POST /session/0631827be0a93fac797ef22e97364bed/elements - {"using":"xpath","value":"//*[@id=\"__item3130-__clone8485-imgNav\"]"}
RESULT: {"using":"xpath","value":"//*[@id=\"__item3130-__clone8485-imgNav\"]"}
COMMAND: POST /session/0631827be0a93fac797ef22e97364bed/elements - {"using":"xpath","value":"//*[@id=\"__item3130-__clone8485-imgNav\"]"}
RESULT: {"using":"xpath","value":"//*[@id=\"__item3130-__clone8485-imgNav\"]"}
COMMAND: POST /session/0631827be0a93fac797ef22e97364bed/elements - {"using":"xpath","value":"//*[@id=\"__item3130-__clone8485-imgNav\"]"}
RESULT: {"using":"xpath","value":"//*[@id=\"__item3130-__clone8485-imgNav\"]"}
COMMAND: POST /session/0631827be0a93fac797ef22e97364bed/elements - {"using":"xpath","value":"//*[@id=\"__item3130-__clone8485-imgNav\"]"}
RESULT: {"using":"xpath","value":"//*[@id=\"__item3130-__clone8485-imgNav\"]"}
COMMAND: POST /session/0631827be0a93fac797ef22e97364bed/elements - {"using":"xpath","value":"//*[@id=\"__item3130-__clone8485-imgNav\"]"}
RESULT: {"using":"xpath","value":"//*[@id=\"__item3130-__clone8485-imgNav\"]"}
COMMAND: POST /session/0631827be0a93fac797ef22e97364bed/elements - {"using":"xpath","value":"//*[@id=\"__item3130-__clone8485-imgNav\"]"}
RESULT: {"using":"xpath","value":"//*[@id=\"__item3130-__clone8485-imgNav\"]"}
COMMAND: POST /session/0631827be0a93fac797ef22e97364bed/elements - {"using":"xpath","value":"//*[@id=\"__item3130-__clone8485-imgNav\"]"}
RESULT: {"using":"xpath","value":"//*[@id=\"__item3130-__clone8485-imgNav\"]"}
COMMAND: POST /session/0631827be0a93fac797ef22e97364bed/elements - {"using":"xpath","value":"//*[@id=\"__item3130-__clone8485-imgNav\"]"}
RESULT: {"using":"xpath","value":"//*[@id=\"__item3130-__clone8485-imgNav\"]"}
COMMAND: POST /session/0631827be0a93fac797ef22e97364bed/elements - {"using":"xpath","value":"//*[@id=\"__item3130-__clone8485-imgNav\"]"}
RESULT: {"using":"xpath","value":"//*[@id=\"__item3130-__clone8485-imgNav\"]"}
COMMAND: POST /session/0631827be0a93fac797ef22e97364bed/elements - {"using":"xpath","value":"//*[@id=\"__item3130-__clone8485-imgNav\"]"}
RESULT: {"using":"xpath","value":"//*[@id=\"__item3130-__clone8485-imgNav\"]"}
COMMAND: POST /session/0631827be0a93fac797ef22e97364bed/elements - {"using":"xpath","value":"//*[@id=\"__item3130-__clone8485-imgNav\"]"}
RESULT: {"using":"xpath","value":"//*[@id=\"__item3130-__clone8485-imgNav\"]"}
COMMAND: POST /session/0631827be0a93fac797ef22e97364bed/elements - {"using":"xpath","value":"//*[@id=\"__item3130-__clone8485-imgNav\"]"}
RESULT: {"using":"xpath","value":"//*[@id=\"__item3130-__clone8485-imgNav\"]"}
COMMAND: POST /session/0631827be0a93fac797ef22e97364bed/elements - {"using":"xpath","value":"//*[@id=\"__item3130-__clone8485-imgNav\"]"}
RESULT: {"using":"xpath","value":"//*[@id=\"__item3130-__clone8485-imgNav\"]"}
COMMAND: POST /session/0631827be0a93fac797ef22e97364bed/elements - {"using":"xpath","value":"//*[@id=\"__item3130-__clone8485-imgNav\"]"}
RESULT: {"using":"xpath","value":"//*[@id=\"__item3130-__clone8485-imgNav\"]"}
COMMAND: POST /session/0631827be0a93fac797ef22e97364bed/elements - {"using":"xpath","value":"//*[@id=\"__item3130-__clone8485-imgNav\"]"}
RESULT: {"using":"xpath","value":"//*[@id=\"__item3130-__clone8485-imgNav\"]"}
COMMAND: POST /session/0631827be0a93fac797ef22e97364bed/elements - {"using":"xpath","value":"//*[@id=\"__item3130-__clone8485-imgNav\"]"}
RESULT: {"using":"xpath","value":"//*[@id=\"__item3130-__clone8485-imgNav\"]"}
COMMAND: POST /session/0631827be0a93fac797ef22e97364bed/elements - {"using":"xpath","value":"//*[@id=\"__item3130-__clone8485-imgNav\"]"}
RESULT: {"using":"xpath","value":"//*[@id=\"__item3130-__clone8485-imgNav\"]"}
COMMAND: POST /session/0631827be0a93fac797ef22e97364bed/elements - {"using":"xpath","value":"//*[@id=\"__item3130-__clone8485-imgNav\"]"}
RESULT: {"using":"xpath","value":"//*[@id=\"__item3130-__clone8485-imgNav\"]"}
COMMAND: POST /session/0631827be0a93fac797ef22e97364bed/elements - {"using":"xpath","value":"//*[@id=\"__item3130-__clone8485-imgNav\"]"}
RESULT: {"using":"xpath","value":"//*[@id=\"__item3130-__clone8485-imgNav\"]"}
COMMAND: POST /session/0631827be0a93fac797ef22e97364bed/elements - {"using":"xpath","value":"//*[@id=\"__item3130-__clone8485-imgNav\"]"}
RESULT: {"using":"xpath","value":"//*[@id=\"__item3130-__clone8485-imgNav\"]"}
COMMAND: POST /session/0631827be0a93fac797ef22e97364bed/elements - {"using":"xpath","value":"//*[@id=\"__item3130-__clone8485-imgNav\"]"}
RESULT: {"using":"xpath","value":"//*[@id=\"__item3130-__clone8485-imgNav\"]"}
COMMAND: POST /session/0631827be0a93fac797ef22e97364bed/elements - {"using":"xpath","value":"//*[@id=\"__item3130-__clone8485-imgNav\"]"}
RESULT: {"using":"xpath","value":"//*[@id=\"__item3130-__clone8485-imgNav\"]"}
COMMAND: POST /session/0631827be0a93fac797ef22e97364bed/elements - {"using":"xpath","value":"//*[@id=\"__item3130-__clone8485-imgNav\"]"}
RESULT: {"using":"xpath","value":"//*[@id=\"__item3130-__clone8485-imgNav\"]"}
COMMAND: POST /session/0631827be0a93fac797ef22e97364bed/elements - {"using":"xpath","value":"//*[@id=\"__item3130-__clone8485-imgNav\"]"}
RESULT: {"using":"xpath","value":"//*[@id=\"__item3130-__clone8485-imgNav\"]"}
COMMAND: POST /session/0631827be0a93fac797ef22e97364bed/elements - {"using":"xpath","value":"//*[@id=\"__item3130-__clone8485-imgNav\"]"}
RESULT: {"using":"xpath","value":"//*[@id=\"__item3130-__clone8485-imgNav\"]"}
COMMAND: POST /session/0631827be0a93fac797ef22e97364bed/elements - {"using":"xpath","value":"//*[@id=\"__item3130-__clone8485-imgNav\"]"}
RESULT: {"using":"xpath","value":"//*[@id=\"__item3130-__clone8485-imgNav\"]"}
COMMAND: POST /session/0631827be0a93fac797ef22e97364bed/elements - {"using":"xpath","value":"//*[@id=\"__item3130-__clone8485-imgNav\"]"}
RESULT: {"using":"xpath","value":"//*[@id=\"__item3130-__clone8485-imgNav\"]"}
COMMAND: POST /session/0631827be0a93fac797ef22e97364bed/elements - {"using":"xpath","value":"//*[@id=\"__item3130-__clone8485-imgNav\"]"}
RESULT: {"using":"xpath","value":"//*[@id=\"__item3130-__clone8485-imgNav\"]"}
COMMAND: POST /session/0631827be0a93fac797ef22e97364bed/elements - {"using":"xpath","value":"//*[@id=\"__item3130-__clone8485-imgNav\"]"}
RESULT: {"using":"xpath","value":"//*[@id=\"__item3130-__clone8485-imgNav\"]"}
COMMAND: POST /session/0631827be0a93fac797ef22e97364bed/execute/async - {"script":"<script> [1562 bytes]","args":[{"selector":{"id":"instructionsTabFilter","viewName":"etm.portal.ui.managehandovers.view.DetailExecuteHO","interaction":{"idSuffix":"text"}},"wdio_ui5_key":"instructionsTabFilteretmportal.ui.managehandovers.view.DetailExecuteHO"}]}
RESULT: {"script":"<script> [1562 bytes]","args":[{"selector":{"id":"instructionsTabFilter","viewName":"etm.portal.ui.managehandovers.view.DetailExecuteHO","interaction":{"idSuffix":"text"}},"wdio_ui5_key":"instructionsTabFilteretmportal.ui.managehandovers.view.DetailExecuteHO"}]}
RESULT: undefined
RESULT: undefined
COMMAND: POST /session/0631827be0a93fac797ef22e97364bed/execute/async - {"script":"<script> [1562 bytes]","args":[{"selector":{"controlType":"sap.m.ComboBox","viewName":"etm.portal.ui.managehandovers.view.DetailExecuteHO","bindingPath":{"propertyPath":"RECEIVING_SECTION","modelName":"catalogModel"},"interaction":{"idSuffix":"inner"}},"wdio_ui5_key":"etmportal.ui.managehandovers.view.DetailExecuteHOsap.m.ComboBox{\"propertyPath\":\"RECEIVING_SECTION\",\"modelName\":\"catalogModel\"}"}]}
RESULT: {"script":"<script> [1562 bytes]","args":[{"selector":{"controlType":"sap.m.ComboBox","viewName":"etm.portal.ui.managehandovers.view.DetailExecuteHO","bindingPath":{"propertyPath":"RECEIVING_SECTION","modelName":"catalogModel"},"interaction":{"idSuffix":"inner"}},"wdio_ui5_key":"etmportal.ui.managehandovers.view.DetailExecuteHOsap.m.ComboBox{\"propertyPath\":\"RECEIVING_SECTION\",\"modelName\":\"catalogModel\"}"}]}
RESULT: undefined
COMMAND: POST /session/0631827be0a93fac797ef22e97364bed/actions - {"actions":[{"id":"action76","type":"key","parameters":{},"actions":[{"type":"keyDown","value":"î€‡"},{"type":"pause","duration":10},{"type":"keyUp","value":"î€‡"}]}]}
RESULT: {"actions":[{"id":"action76","type":"key","parameters":{},"actions":[{"type":"keyDown","value":"î€‡"},{"type":"pause","duration":10},{"type":"keyUp","value":"î€‡"}]}]}
COMMAND: GET /session/0631827be0a93fac797ef22e97364bed/screenshot - {}
RESULT: {}
COMMAND: POST /session/0631827be0a93fac797ef22e97364bed/execute/async - {"script":"<script> [1562 bytes]","args":[{"selector":{"id":"confirmationButton","viewName":"etm.portal.ui.managehandovers.view.DetailExecuteHO","properties":{"text":"Receive"},"interaction":{"idSuffix":"BDI-content"}},"wdio_ui5_key":"confirmationButtonetmportal.ui.managehandovers.view.DetailExecuteHO{\"text\":\"Receive\"}"}]}
RESULT: {"script":"<script> [1562 bytes]","args":[{"selector":{"id":"confirmationButton","viewName":"etm.portal.ui.managehandovers.view.DetailExecuteHO","properties":{"text":"Receive"},"interaction":{"idSuffix":"BDI-content"}},"wdio_ui5_key":"confirmationButtonetmportal.ui.managehandovers.view.DetailExecuteHO{\"text\":\"Receive\"}"}]}
RESULT: undefined
COMMAND: POST /session/0631827be0a93fac797ef22e97364bed/execute/async - {"script":"<script> [1562 bytes]","args":[{"selector":{"controlType":"sap.m.Button","properties":{"text":"Continue"},"searchOpenDialogs":true,"interaction":{"idSuffix":"content"}},"wdio_ui5_key":"sapm.Button{\"text\":\"Continue\"}"}]}
RESULT: {"script":"<script> [1562 bytes]","args":[{"selector":{"controlType":"sap.m.Button","properties":{"text":"Continue"},"searchOpenDialogs":true,"interaction":{"idSuffix":"content"}},"wdio_ui5_key":"sapm.Button{\"text\":\"Continue\"}"}]}
RESULT: undefined
COMMAND: POST /session/0631827be0a93fac797ef22e97364bed/element - {"using":"css selector","value":"#j_username"}
COMMAND: POST /session/0631827be0a93fac797ef22e97364bed/url - {"url":"https://qa-testing-00-live-etm-ui.cfapps.eu10-004.hana.ondemand.com/"}
RESULT: {"using":"css selector","value":"#j_username"}
COMMAND: POST /session/0631827be0a93fac797ef22e97364bed/element - {"using":"css selector","value":"#j_username"}
RESULT: {"url":"https://qa-testing-00-live-etm-ui.cfapps.eu10-004.hana.ondemand.com/"}
RESULT: undefined
COMMAND: GET /session/0631827be0a93fac797ef22e97364bed/screenshot - {}
RESULT: {"using":"css selector","value":"#j_username"}
COMMAND: POST /session/0631827be0a93fac797ef22e97364bed/element - {"using":"css selector","value":"#shell-header-logo"}
RESULT: {}
RESULT: {"using":"css selector","value":"#shell-header-logo"}
COMMAND: POST /session/0631827be0a93fac797ef22e97364bed/execute/sync - {"script":"<script> [8489 bytes]","args":[{"element-6066-11e4-a52e-4f735466cecf":"f.1195843739892CF439726866CA7D4ED2.d.8E727ABF5F95055CF49DA2092FE869D8.e.14793","ELEMENT":"f.1195843739892CF439726866CA7D4ED2.d.8E727ABF5F95055CF49DA2092FE869D8.e.14793"}]}
RESULT: {"script":"<script> [8489 bytes]","args":[{"element-6066-11e4-a52e-4f735466cecf":"f.1195843739892CF439726866CA7D4ED2.d.8E727ABF5F95055CF49DA2092FE869D8.e.14793","ELEMENT":"f.1195843739892CF439726866CA7D4ED2.d.8E727ABF5F95055CF49DA2092FE869D8.e.14793"}]}
COMMAND: POST /session/0631827be0a93fac797ef22e97364bed/element - {"using":"css selector","value":"#shell-header-logo"}
COMMAND: GET /session/0631827be0a93fac797ef22e97364bed/screenshot - {}
RESULT: {"using":"css selector","value":"#shell-header-logo"}
COMMAND: POST /session/0631827be0a93fac797ef22e97364bed/execute/sync - {"script":"<script> [8489 bytes]","args":[{"element-6066-11e4-a52e-4f735466cecf":"f.1195843739892CF439726866CA7D4ED2.d.8E727ABF5F95055CF49DA2092FE869D8.e.14793","ELEMENT":"f.1195843739892CF439726866CA7D4ED2.d.8E727ABF5F95055CF49DA2092FE869D8.e.14793"}]}
RESULT: {}
RESULT: {"script":"<script> [8489 bytes]","args":[{"element-6066-11e4-a52e-4f735466cecf":"f.1195843739892CF439726866CA7D4ED2.d.8E727ABF5F95055CF49DA2092FE869D8.e.14793","ELEMENT":"f.1195843739892CF439726866CA7D4ED2.d.8E727ABF5F95055CF49DA2092FE869D8.e.14793"}]}
COMMAND: POST /session/0631827be0a93fac797ef22e97364bed/execute/sync - {"script":"<script> [5351 bytes]","args":[{"element-6066-11e4-a52e-4f735466cecf":"f.1195843739892CF439726866CA7D4ED2.d.8E727ABF5F95055CF49DA2092FE869D8.e.14793","ELEMENT":"f.1195843739892CF439726866CA7D4ED2.d.8E727ABF5F95055CF49DA2092FE869D8.e.14793"}]}
COMMAND: GET /session/0631827be0a93fac797ef22e97364bed/screenshot - {}
RESULT: {"script":"<script> [5351 bytes]","args":[{"element-6066-11e4-a52e-4f735466cecf":"f.1195843739892CF439726866CA7D4ED2.d.8E727ABF5F95055CF49DA2092FE869D8.e.14793","ELEMENT":"f.1195843739892CF439726866CA7D4ED2.d.8E727ABF5F95055CF49DA2092FE869D8.e.14793"}]}
COMMAND: POST /session/0631827be0a93fac797ef22e97364bed/element - {"using":"css selector","value":"#shell-header-logo"}
COMMAND: GET /session/0631827be0a93fac797ef22e97364bed/screenshot - {}
RESULT: {}
RESULT: {"using":"css selector","value":"#shell-header-logo"}
COMMAND: POST /session/0631827be0a93fac797ef22e97364bed/element/f.1195843739892CF439726866CA7D4ED2.d.8E727ABF5F95055CF49DA2092FE869D8.e.14793/click - {}
RESULT: {}
RESULT: {}
COMMAND: GET /session/0631827be0a93fac797ef22e97364bed/screenshot - {}
RESULT: {}
COMMAND: POST /session/0631827be0a93fac797ef22e97364bed/execute/async - {"script":"<script> [189 bytes]","args":[]}
RESULT: {"script":"<script> [189 bytes]","args":[]}
COMMAND: POST /session/0631827be0a93fac797ef22e97364bed/execute/async - {"script":"<script> [123 bytes]","args":[]}
RESULT: {"script":"<script> [123 bytes]","args":[]}
COMMAND: POST /session/0631827be0a93fac797ef22e97364bed/timeouts - {"script":"<number>"}
RESULT: {"script":"<number>"}
COMMAND: GET /session/0631827be0a93fac797ef22e97364bed/timeouts - {}
RESULT: {}
RESULT: undefined
COMMAND: POST /session/0631827be0a93fac797ef22e97364bed/execute/async - {"script":"<script> [2676 bytes]","args":[]}
RESULT: {"script":"<script> [2676 bytes]","args":[]}
COMMAND: POST /session/0631827be0a93fac797ef22e97364bed/execute/async - {"script":"<script> [2342 bytes]","args":[{"protocol":"http","hostname":"0.0.0.0","path":"/","capabilities":{"browserName":"chrome","goog:chromeOptions":{"binary":"C:\\Program Files\\Google\\Chrome\\Application\\chrome.exe","args":["--start-maximized"]}},"logLevel":"warn","connectionRetryTimeout":120000,"connectionRetryCount":3,"logLevels":{},"enableDirectConnect":true,"strictSSL":true,"_":"65 more keys: [\"cacheDir\",\"port\",\"requestedCapabilities\",\"automationProtocol\",\"baseUrl\",\"waitforInterval\",\"waitforTimeout\",\"onReload\",\"beforeCommand\",\"afterCommand\",\"rootDir\",\"specs\",\"suites\",\"exclude\",\"groupLogsByTestSpec\",\"excludeDriverLogs\",\"bail\",\"framework\",\"reporters\",\"services\",\"maxInstances\",\"maxInstancesPerCapability\",\"injectGlobals\",\"filesToWatch\",\"execArgv\",\"runnerEnv\",\"runner\",\"shard\",\"specFileRetries\",\"specFileRetriesDelay\",\"specFileRetriesDeferred\",\"reporterSyncInterval\",\"reporterSyncTimeout\",\"cucumberFeaturesWithLineNumbers\",\"autoCompileOpts\",\"mochaOpts\",\"jasmineOpts\",\"cucumberOpts\",\"onPrepare\",\"onWorkerStart\",\"onWorkerEnd\",\"before\",\"beforeSession\",\"beforeSuite\",\"beforeHook\",\"beforeTest\",\"afterTest\",\"afterHook\",\"afterSuite\",\"afterSession\",\"after\",\"onComplete\",\"beforeAssertion\",\"afterAssertion\",\"beforeFeature\",\"beforeScenario\",\"beforeStep\",\"afterStep\",\"afterScenario\",\"afterFeature\",\"_\",\"suite\",\"$0\",\"ignoredWorkerServices\",\"wdi5\"]"}]}
RESULT: {"script":"<script> [2342 bytes]","args":[{"protocol":"http","hostname":"0.0.0.0","path":"/","capabilities":{"browserName":"chrome","goog:chromeOptions":{"binary":"C:\\Program Files\\Google\\Chrome\\Application\\chrome.exe","args":["--start-maximized"]}},"logLevel":"warn","connectionRetryTimeout":120000,"connectionRetryCount":3,"logLevels":{},"enableDirectConnect":true,"strictSSL":true,"_":"65 more keys: [\"cacheDir\",\"port\",\"requestedCapabilities\",\"automationProtocol\",\"baseUrl\",\"waitforInterval\",\"waitforTimeout\",\"onReload\",\"beforeCommand\",\"afterCommand\",\"rootDir\",\"specs\",\"suites\",\"exclude\",\"groupLogsByTestSpec\",\"excludeDriverLogs\",\"bail\",\"framework\",\"reporters\",\"services\",\"maxInstances\",\"maxInstancesPerCapability\",\"injectGlobals\",\"filesToWatch\",\"execArgv\",\"runnerEnv\",\"runner\",\"shard\",\"specFileRetries\",\"specFileRetriesDelay\",\"specFileRetriesDeferred\",\"reporterSyncInterval\",\"reporterSyncTimeout\",\"cucumberFeaturesWithLineNumbers\",\"autoCompileOpts\",\"mochaOpts\",\"jasmineOpts\",\"cucumberOpts\",\"onPrepare\",\"onWorkerStart\",\"onWorkerEnd\",\"before\",\"beforeSession\",\"beforeSuite\",\"beforeHook\",\"beforeTest\",\"afterTest\",\"afterHook\",\"afterSuite\",\"afterSession\",\"after\",\"onComplete\",\"beforeAssertion\",\"afterAssertion\",\"beforeFeature\",\"beforeScenario\",\"beforeStep\",\"afterStep\",\"afterScenario\",\"afterFeature\",\"_\",\"suite\",\"$0\",\"ignoredWorkerServices\",\"wdi5\"]"}]}
COMMAND: POST /session/0631827be0a93fac797ef22e97364bed/execute/async - {"script":"<script> [21126 bytes]","args":[35000]}
RESULT: {"script":"<script> [21126 bytes]","args":[35000]}
COMMAND: POST /session/0631827be0a93fac797ef22e97364bed/window/maximize - {}
RESULT: {}
COMMAND: POST /session/0631827be0a93fac797ef22e97364bed/execute/async - {"script":"<script> [1562 bytes]","args":[{"selector":{"id":"shell-header","interaction":{"idSuffix":"icon"}},"wdio_ui5_key":"shellheader"}]}
COMMAND: GET /session/0631827be0a93fac797ef22e97364bed/screenshot - {}
RESULT: {"script":"<script> [1562 bytes]","args":[{"selector":{"id":"shell-header","interaction":{"idSuffix":"icon"}},"wdio_ui5_key":"shellheader"}]}
RESULT: undefined
]]></system-out>
    </testcase>
  </testsuite>
  <testsuite timestamp="2025-04-30T17:38:56" time="442.098" tests="6" failures="6" errors="6" skipped="0">
    <properties>
      <property name="specId" value="0" />
      <property name="suiteName" value="Return from Site w/ warehouse management w/ clarification US125588" />
      <property name="capabilities" value="chrome.135_0_7049_96.windows" />
      <property name="file" value="file:///D:/a/1/s/test/specs/HTR/return-from-site-w-warehouse-management-w-clarification.spec.js" />
    </properties>
  </testsuite>
  <testsuite timestamp="2025-04-30T17:46:18" time="409.911" tests="7" failures="7" errors="7" skipped="0">
    <properties>
      <property name="specId" value="0" />
      <property name="suiteName" value="Provide to Site w/ warehouse management w clarification" />
      <property name="capabilities" value="chrome.135_0_7049_96.windows" />
      <property name="file" value="file:///D:/a/1/s/test/specs/HTR/return-from-site-w-warehouse-management-w-clarification.spec.js" />
    </properties>
  </testsuite>
  <testsuite timestamp="2025-04-30T17:53:08" time="471.226" tests="9" failures="7" errors="7" skipped="0">
    <properties>
      <property name="specId" value="0" />
      <property name="suiteName" value="Create masterdata for Yard Overview - trigger provide US130988" />
      <property name="capabilities" value="chrome.135_0_7049_96.windows" />
      <property name="file" value="file:///D:/a/1/s/test/specs/HTR/stock-decrease.spec.js" />
    </properties>
    <testcase classname="chrome.135_0_7049_96.windows.Create_masterdata_for_Yard_Overview_-_trigger_provide_US130988" name="create a whm for yard" time="46.518">
      <system-out><![CDATA[
COMMAND: POST /session/0631827be0a93fac797ef22e97364bed/element - {"using":"css selector","value":"#shell-header-icon"}
COMMAND: GET /session/0631827be0a93fac797ef22e97364bed/screenshot - {}
RESULT: {"using":"css selector","value":"#shell-header-icon"}
COMMAND: POST /session/0631827be0a93fac797ef22e97364bed/execute/sync - {"script":"<script> [8489 bytes]","args":[{"element-6066-11e4-a52e-4f735466cecf":"f.1195843739892CF439726866CA7D4ED2.d.DE2FE33290C3E16D517719B6153BF147.e.15465","ELEMENT":"f.1195843739892CF439726866CA7D4ED2.d.DE2FE33290C3E16D517719B6153BF147.e.15465"}]}
RESULT: {}
RESULT: {"script":"<script> [8489 bytes]","args":[{"element-6066-11e4-a52e-4f735466cecf":"f.1195843739892CF439726866CA7D4ED2.d.DE2FE33290C3E16D517719B6153BF147.e.15465","ELEMENT":"f.1195843739892CF439726866CA7D4ED2.d.DE2FE33290C3E16D517719B6153BF147.e.15465"}]}
COMMAND: GET /session/0631827be0a93fac797ef22e97364bed/element/f.1195843739892CF439726866CA7D4ED2.d.DE2FE33290C3E16D517719B6153BF147.e.15465/enabled - {}
COMMAND: GET /session/0631827be0a93fac797ef22e97364bed/screenshot - {}
RESULT: {}
COMMAND: POST /session/0631827be0a93fac797ef22e97364bed/element/f.1195843739892CF439726866CA7D4ED2.d.DE2FE33290C3E16D517719B6153BF147.e.15465/click - {}
COMMAND: GET /session/0631827be0a93fac797ef22e97364bed/screenshot - {}
RESULT: {}
RESULT: {}
COMMAND: GET /session/0631827be0a93fac797ef22e97364bed/screenshot - {}
RESULT: {}
RESULT: {}
COMMAND: POST /session/0631827be0a93fac797ef22e97364bed/element - {"using":"xpath","value":"//div[text()='Warehouse']"}
RESULT: {"using":"xpath","value":"//div[text()='Warehouse']"}
COMMAND: POST /session/0631827be0a93fac797ef22e97364bed/elements - {"using":"xpath","value":"//div[text()='Warehouse']"}
RESULT: {"using":"xpath","value":"//div[text()='Warehouse']"}
COMMAND: POST /session/0631827be0a93fac797ef22e97364bed/element/f.1195843739892CF439726866CA7D4ED2.d.DE2FE33290C3E16D517719B6153BF147.e.15968/click - {}
RESULT: {}
COMMAND: POST /session/0631827be0a93fac797ef22e97364bed/element - {"using":"xpath","value":"//span[text()='Manage Warehouse Movements']"}
COMMAND: GET /session/0631827be0a93fac797ef22e97364bed/screenshot - {}
RESULT: {"using":"xpath","value":"//span[text()='Manage Warehouse Movements']"}
COMMAND: POST /session/0631827be0a93fac797ef22e97364bed/elements - {"using":"xpath","value":"//span[text()='Manage Warehouse Movements']"}
RESULT: {}
RESULT: {"using":"xpath","value":"//span[text()='Manage Warehouse Movements']"}
COMMAND: POST /session/0631827be0a93fac797ef22e97364bed/element - {"using":"xpath","value":"//input[@id='application-warehousemovements-display-component---warehouseMovements--smartFilterBar-filterItemControl_BASIC-YARD-inner']"}
RESULT: {"using":"xpath","value":"//input[@id='application-warehousemovements-display-component---warehouseMovements--smartFilterBar-filterItemControl_BASIC-YARD-inner']"}
COMMAND: POST /session/0631827be0a93fac797ef22e97364bed/element - {"using":"xpath","value":"//input[@id='application-warehousemovements-display-component---warehouseMovements--smartFilterBar-filterItemControl_BASIC-YARD-inner']"}
RESULT: {"using":"xpath","value":"//input[@id='application-warehousemovements-display-component---warehouseMovements--smartFilterBar-filterItemControl_BASIC-YARD-inner']"}
COMMAND: POST /session/0631827be0a93fac797ef22e97364bed/actions - {"actions":[{"id":"action79","type":"key","parameters":{},"actions":[{"type":"keyDown","value":"î€‡"},{"type":"pause","duration":10},{"type":"keyUp","value":"î€‡"}]}]}
RESULT: {"actions":[{"id":"action79","type":"key","parameters":{},"actions":[{"type":"keyDown","value":"î€‡"},{"type":"pause","duration":10},{"type":"keyUp","value":"î€‡"}]}]}
COMMAND: POST /session/0631827be0a93fac797ef22e97364bed/element - {"using":"xpath","value":"(//*[@title=\"Add New Movement\"])[1]"}
COMMAND: GET /session/0631827be0a93fac797ef22e97364bed/screenshot - {}
RESULT: {"using":"xpath","value":"(//*[@title=\"Add New Movement\"])[1]"}
COMMAND: POST /session/0631827be0a93fac797ef22e97364bed/element - {"using":"xpath","value":"(//*[@title=\"Add New Movement\"])[1]"}
RESULT: {}
RESULT: {"using":"xpath","value":"(//*[@title=\"Add New Movement\"])[1]"}
COMMAND: POST /session/0631827be0a93fac797ef22e97364bed/element - {"using":"xpath","value":"//*[@id=\"application-warehousemovements-display-component---addMovement--sectionsList-arrow\"]"}
RESULT: {"using":"xpath","value":"//*[@id=\"application-warehousemovements-display-component---addMovement--sectionsList-arrow\"]"}
COMMAND: POST /session/0631827be0a93fac797ef22e97364bed/element - {"using":"xpath","value":"//*[@id=\"application-warehousemovements-display-component---addMovement--sectionsList-arrow\"]"}
RESULT: {"using":"xpath","value":"//*[@id=\"application-warehousemovements-display-component---addMovement--sectionsList-arrow\"]"}
COMMAND: POST /session/0631827be0a93fac797ef22e97364bed/element - {"using":"xpath","value":"//*[@id=\"application-warehousemovements-display-component---addMovement--saveMovementBtn-BDI-content\" and text()=\"Save\"]"}
RESULT: {"using":"xpath","value":"//*[@id=\"application-warehousemovements-display-component---addMovement--saveMovementBtn-BDI-content\" and text()=\"Save\"]"}
COMMAND: POST /session/0631827be0a93fac797ef22e97364bed/element - {"using":"xpath","value":"//*[@id=\"application-warehousemovements-display-component---addMovement--saveMovementBtn-BDI-content\" and text()=\"Save\"]"}
RESULT: {"using":"xpath","value":"//*[@id=\"application-warehousemovements-display-component---addMovement--saveMovementBtn-BDI-content\" and text()=\"Save\"]"}
COMMAND: POST /session/0631827be0a93fac797ef22e97364bed/execute/sync - {"script":"<script> [8489 bytes]","args":[{"element-6066-11e4-a52e-4f735466cecf":"f.1195843739892CF439726866CA7D4ED2.d.DE2FE33290C3E16D517719B6153BF147.e.15465","ELEMENT":"f.1195843739892CF439726866CA7D4ED2.d.DE2FE33290C3E16D517719B6153BF147.e.15465"}]}
COMMAND: POST /session/0631827be0a93fac797ef22e97364bed/element - {"using":"css selector","value":"#shell-header-icon"}
RESULT: {"using":"css selector","value":"#shell-header-icon"}
COMMAND: POST /session/0631827be0a93fac797ef22e97364bed/execute/sync - {"script":"<script> [8489 bytes]","args":[{"element-6066-11e4-a52e-4f735466cecf":"f.1195843739892CF439726866CA7D4ED2.d.DE2FE33290C3E16D517719B6153BF147.e.15969","ELEMENT":"f.1195843739892CF439726866CA7D4ED2.d.DE2FE33290C3E16D517719B6153BF147.e.15969"}]}
RESULT: {"script":"<script> [8489 bytes]","args":[{"element-6066-11e4-a52e-4f735466cecf":"f.1195843739892CF439726866CA7D4ED2.d.DE2FE33290C3E16D517719B6153BF147.e.15969","ELEMENT":"f.1195843739892CF439726866CA7D4ED2.d.DE2FE33290C3E16D517719B6153BF147.e.15969"}]}
COMMAND: GET /session/0631827be0a93fac797ef22e97364bed/element/f.1195843739892CF439726866CA7D4ED2.d.DE2FE33290C3E16D517719B6153BF147.e.15969/enabled - {}
COMMAND: GET /session/0631827be0a93fac797ef22e97364bed/screenshot - {}
RESULT: {}
COMMAND: POST /session/0631827be0a93fac797ef22e97364bed/element/f.1195843739892CF439726866CA7D4ED2.d.DE2FE33290C3E16D517719B6153BF147.e.15969/click - {}
COMMAND: GET /session/0631827be0a93fac797ef22e97364bed/screenshot - {}
RESULT: {}
RESULT: {}
COMMAND: GET /session/0631827be0a93fac797ef22e97364bed/screenshot - {}
RESULT: {}
RESULT: {}
]]></system-out>
    </testcase>
    <testcase classname="chrome.135_0_7049_96.windows.Create_masterdata_for_Yard_Overview_-_trigger_provide_US130988" name="Set status to defect" time="24.803">
      <system-out><![CDATA[
COMMAND: GET /session/0631827be0a93fac797ef22e97364bed/screenshot - {}
COMMAND: POST /session/0631827be0a93fac797ef22e97364bed/execute/async - {"script":"<script> [1562 bytes]","args":[{"selector":{"controlType":"sap.ushell.ui.launchpad.AnchorItem","bindingPath":{"path":"/groups/3","propertyPath":"index"},"interaction":{"idSuffix":"inner"}},"wdio_ui5_key":"sapushell.ui.launchpad.AnchorItem{\"path\":\"/groups/3\",\"propertyPath\":\"index\"}"}]}
RESULT: {}
RESULT: {"script":"<script> [1562 bytes]","args":[{"selector":{"controlType":"sap.ushell.ui.launchpad.AnchorItem","bindingPath":{"path":"/groups/3","propertyPath":"index"},"interaction":{"idSuffix":"inner"}},"wdio_ui5_key":"sapushell.ui.launchpad.AnchorItem{\"path\":\"/groups/3\",\"propertyPath\":\"index\"}"}]}
RESULT: undefined
COMMAND: POST /session/0631827be0a93fac797ef22e97364bed/execute/async - {"script":"<script> [1562 bytes]","args":[{"selector":{"controlType":"sap.m.GenericTile","properties":{"header":"Manage States & Performance"}},"wdio_ui5_key":"sapm.GenericTile{\"header\":\"Manage States & Performance\"}"}]}
RESULT: {"script":"<script> [1562 bytes]","args":[{"selector":{"controlType":"sap.m.GenericTile","properties":{"header":"Manage States & Performance"}},"wdio_ui5_key":"sapm.GenericTile{\"header\":\"Manage States & Performance\"}"}]}
RESULT: undefined
COMMAND: POST /session/0631827be0a93fac797ef22e97364bed/execute/async - {"script":"<script> [1562 bytes]","args":[{"selector":{"controlType":"sap.ui.core.Icon","viewName":"etm.portal.ui.managestatesandperformance.view.Master","viewId":"application-managestatesandperformance-display-component---stateAndPerform","properties":{"src":{"regex":{"source":"inventory"}}}},"wdio_ui5_key":"etmportal.ui.managestatesandperformance.view.Mastersap.ui.core.Icon{\"src\":{\"regex\":{\"source\":\"inventory\"}}}"}]}
RESULT: {"script":"<script> [1562 bytes]","args":[{"selector":{"controlType":"sap.ui.core.Icon","viewName":"etm.portal.ui.managestatesandperformance.view.Master","viewId":"application-managestatesandperformance-display-component---stateAndPerform","properties":{"src":{"regex":{"source":"inventory"}}}},"wdio_ui5_key":"etmportal.ui.managestatesandperformance.view.Mastersap.ui.core.Icon{\"src\":{\"regex\":{\"source\":\"inventory\"}}}"}]}
RESULT: undefined
COMMAND: POST /session/0631827be0a93fac797ef22e97364bed/execute/async - {"script":"<script> [1562 bytes]","args":[{"selector":{"id":"application-managestatesandperformance-display-component---stateAndPerform--smartFilterBarYard-btnBasicSearch","interaction":{"idSuffix":"I"}},"wdio_ui5_key":"applicationmanagestatesandperformance-display-component---stateAndPerform--smartFilterBarYard-btnBasicSearch"}]}
RESULT: {"script":"<script> [1562 bytes]","args":[{"selector":{"id":"application-managestatesandperformance-display-component---stateAndPerform--smartFilterBarYard-btnBasicSearch","interaction":{"idSuffix":"I"}},"wdio_ui5_key":"applicationmanagestatesandperformance-display-component---stateAndPerform--smartFilterBarYard-btnBasicSearch"}]}
RESULT: undefined
COMMAND: POST /session/0631827be0a93fac797ef22e97364bed/execute/async - {"script":"<script> [1562 bytes]","args":[{"selector":{"controlType":"sap.m.ColumnListItem","viewName":"etm.portal.ui.managestatesandperformance.view.Master","viewId":"application-managestatesandperformance-display-component---stateAndPerform","properties":{"type":"Navigation"},"interaction":{"idSuffix":"cell0"}},"wdio_ui5_key":"etmportal.ui.managestatesandperformance.view.Mastersap.m.ColumnListItem{\"type\":\"Navigation\"}"}]}
RESULT: {"script":"<script> [1562 bytes]","args":[{"selector":{"controlType":"sap.m.ColumnListItem","viewName":"etm.portal.ui.managestatesandperformance.view.Master","viewId":"application-managestatesandperformance-display-component---stateAndPerform","properties":{"type":"Navigation"},"interaction":{"idSuffix":"cell0"}},"wdio_ui5_key":"etmportal.ui.managestatesandperformance.view.Mastersap.m.ColumnListItem{\"type\":\"Navigation\"}"}]}
RESULT: undefined
COMMAND: POST /session/0631827be0a93fac797ef22e97364bed/execute/async - {"script":"<script> [1562 bytes]","args":[{"selector":{"controlType":"sap.m.Button","viewName":"etm.portal.ui.managestatesandperformance.view.Detail","viewId":"application-managestatesandperformance-display-component---detailStateAndPerform","i18NText":{"propertyName":"text","key":"createStateChange"},"interaction":{"idSuffix":"content"}},"wdio_ui5_key":"etmportal.ui.managestatesandperformance.view.Detailsap.m.Button{\"propertyName\":\"text\",\"key\":\"createStateChange\"}"}]}
RESULT: {"script":"<script> [1562 bytes]","args":[{"selector":{"controlType":"sap.m.Button","viewName":"etm.portal.ui.managestatesandperformance.view.Detail","viewId":"application-managestatesandperformance-display-component---detailStateAndPerform","i18NText":{"propertyName":"text","key":"createStateChange"},"interaction":{"idSuffix":"content"}},"wdio_ui5_key":"etmportal.ui.managestatesandperformance.view.Detailsap.m.Button{\"propertyName\":\"text\",\"key\":\"createStateChange\"}"}]}
RESULT: undefined
COMMAND: POST /session/0631827be0a93fac797ef22e97364bed/execute/async - {"script":"<script> [1562 bytes]","args":[{"selector":{"id":"addStateDialog--stateSelect","searchOpenDialogs":true,"interaction":{"idSuffix":"arrow"}},"wdio_ui5_key":"addStateDialogstateSelect"}]}
RESULT: {"script":"<script> [1562 bytes]","args":[{"selector":{"id":"addStateDialog--stateSelect","searchOpenDialogs":true,"interaction":{"idSuffix":"arrow"}},"wdio_ui5_key":"addStateDialogstateSelect"}]}
RESULT: undefined
COMMAND: POST /session/0631827be0a93fac797ef22e97364bed/execute/async - {"script":"<script> [1562 bytes]","args":[{"selector":{"controlType":"sap.ui.core.Item","viewName":"etm.portal.ui.managestatesandperformance.view.Detail","viewId":"application-managestatesandperformance-display-component---detailStateAndPerform","bindingPath":{"path":"/StateTypes(70)","propertyPath":"STATE","modelName":"catalogModel"},"searchOpenDialogs":true},"wdio_ui5_key":"etmportal.ui.managestatesandperformance.view.Detailsap.ui.core.Item{\"path\":\"/StateTypes(70)\",\"propertyPath\":\"STATE\",\"modelName\":\"catalogModel\"}"}]}
RESULT: {"script":"<script> [1562 bytes]","args":[{"selector":{"controlType":"sap.ui.core.Item","viewName":"etm.portal.ui.managestatesandperformance.view.Detail","viewId":"application-managestatesandperformance-display-component---detailStateAndPerform","bindingPath":{"path":"/StateTypes(70)","propertyPath":"STATE","modelName":"catalogModel"},"searchOpenDialogs":true},"wdio_ui5_key":"etmportal.ui.managestatesandperformance.view.Detailsap.ui.core.Item{\"path\":\"/StateTypes(70)\",\"propertyPath\":\"STATE\",\"modelName\":\"catalogModel\"}"}]}
RESULT: undefined
COMMAND: POST /session/0631827be0a93fac797ef22e97364bed/execute/async - {"script":"<script> [1562 bytes]","args":[{"selector":{"controlType":"sap.m.NumericInput","viewName":"etm.portal.ui.managestatesandperformance.view.Detail","viewId":"application-managestatesandperformance-display-component---detailStateAndPerform","properties":{"value":"0"},"searchOpenDialogs":true,"interaction":{"idSuffix":"inner"}},"wdio_ui5_key":"etmportal.ui.managestatesandperformance.view.Detailsap.m.NumericInput{\"value\":\"0\"}"}]}
RESULT: {"script":"<script> [1562 bytes]","args":[{"selector":{"controlType":"sap.m.NumericInput","viewName":"etm.portal.ui.managestatesandperformance.view.Detail","viewId":"application-managestatesandperformance-display-component---detailStateAndPerform","properties":{"value":"0"},"searchOpenDialogs":true,"interaction":{"idSuffix":"inner"}},"wdio_ui5_key":"etmportal.ui.managestatesandperformance.view.Detailsap.m.NumericInput{\"value\":\"0\"}"}]}
RESULT: undefined
COMMAND: POST /session/0631827be0a93fac797ef22e97364bed/execute/async - {"script":"<script> [1562 bytes]","args":[{"selector":{"controlType":"sap.m.Button","viewName":"etm.portal.ui.managestatesandperformance.view.Detail","viewId":"application-managestatesandperformance-display-component---detailStateAndPerform","i18NText":{"propertyName":"text","key":"save"},"searchOpenDialogs":true,"interaction":{"idSuffix":"BDI-content"}},"wdio_ui5_key":"etmportal.ui.managestatesandperformance.view.Detailsap.m.Button{\"propertyName\":\"text\",\"key\":\"save\"}"}]}
RESULT: {"script":"<script> [1562 bytes]","args":[{"selector":{"controlType":"sap.m.Button","viewName":"etm.portal.ui.managestatesandperformance.view.Detail","viewId":"application-managestatesandperformance-display-component---detailStateAndPerform","i18NText":{"propertyName":"text","key":"save"},"searchOpenDialogs":true,"interaction":{"idSuffix":"BDI-content"}},"wdio_ui5_key":"etmportal.ui.managestatesandperformance.view.Detailsap.m.Button{\"propertyName\":\"text\",\"key\":\"save\"}"}]}
RESULT: undefined
COMMAND: POST /session/0631827be0a93fac797ef22e97364bed/element - {"using":"css selector","value":"#shell-header-logo"}
RESULT: {"using":"css selector","value":"#shell-header-logo"}
COMMAND: POST /session/0631827be0a93fac797ef22e97364bed/element/f.1195843739892CF439726866CA7D4ED2.d.DE2FE33290C3E16D517719B6153BF147.e.15975/click - {}
RESULT: {}
COMMAND: GET /session/0631827be0a93fac797ef22e97364bed/screenshot - {}
RESULT: {}
]]></system-out>
    </testcase>
  </testsuite>
  <testsuite timestamp="2025-04-30T18:00:59" time="280.078" tests="3" failures="1" errors="1" skipped="0">
    <properties>
      <property name="specId" value="0" />
      <property name="suiteName" value="Transfer Yard to Yard US131076" />
      <property name="capabilities" value="chrome.135_0_7049_96.windows" />
      <property name="file" value="file:///D:/a/1/s/test/specs/HTR/transfer-yard-to-yard.spec.js" />
    </properties>
    <testcase classname="chrome.135_0_7049_96.windows.Transfer_Yard_to_Yard_US131076" name="Should create one equipment and one multipart" time="164.531">
      <system-out><![CDATA[
COMMAND: POST /session/0631827be0a93fac797ef22e97364bed/execute/async - {"script":"<script> [1562 bytes]","args":[{"selector":{"controlType":"sap.m.GenericTile","properties":{"header":"Manage Resources"}},"wdio_ui5_key":"sapm.GenericTile{\"header\":\"Manage Resources\"}"}]}
RESULT: {}
RESULT: {"script":"<script> [1562 bytes]","args":[{"selector":{"controlType":"sap.m.GenericTile","properties":{"header":"Manage Resources"}},"wdio_ui5_key":"sapm.GenericTile{\"header\":\"Manage Resources\"}"}]}
RESULT: undefined
COMMAND: POST /session/0631827be0a93fac797ef22e97364bed/element - {"using":"xpath","value":"//*[@id=\"__tile39\"]"}
RESULT: {"using":"xpath","value":"//*[@id=\"__tile39\"]"}
COMMAND: POST /session/0631827be0a93fac797ef22e97364bed/element/f.1195843739892CF439726866CA7D4ED2.d.2AFC476D6F1F3988A46B876805B6FF83.e.16828/click - {}
RESULT: {}
COMMAND: GET /session/0631827be0a93fac797ef22e97364bed/screenshot - {}
RESULT: {}
COMMAND: POST /session/0631827be0a93fac797ef22e97364bed/execute/async - {"script":"<script> [1562 bytes]","args":[{"selector":{"controlType":"sap.ui.core.Icon","viewName":"etm.portal.ui.manageresources.view.Master","viewId":"application-manageresources-display-component---masterRU","properties":{"src":{"regex":{"source":"add"}}}},"wdio_ui5_key":"etmportal.ui.manageresources.view.Mastersap.ui.core.Icon{\"src\":{\"regex\":{\"source\":\"add\"}}}"}]}
RESULT: {"script":"<script> [1562 bytes]","args":[{"selector":{"controlType":"sap.ui.core.Icon","viewName":"etm.portal.ui.manageresources.view.Master","viewId":"application-manageresources-display-component---masterRU","properties":{"src":{"regex":{"source":"add"}}}},"wdio_ui5_key":"etmportal.ui.manageresources.view.Mastersap.ui.core.Icon{\"src\":{\"regex\":{\"source\":\"add\"}}}"}]}
RESULT: undefined
COMMAND: POST /session/0631827be0a93fac797ef22e97364bed/element - {"using":"xpath","value":"//*[@id=\"__button5-img\"]"}
RESULT: {"using":"xpath","value":"//*[@id=\"__button5-img\"]"}
COMMAND: POST /session/0631827be0a93fac797ef22e97364bed/element/f.1195843739892CF439726866CA7D4ED2.d.2AFC476D6F1F3988A46B876805B6FF83.e.16873/click - {}
RESULT: {}
COMMAND: GET /session/0631827be0a93fac797ef22e97364bed/screenshot - {}
RESULT: {}
COMMAND: POST /session/0631827be0a93fac797ef22e97364bed/execute/async - {"script":"<script> [1562 bytes]","args":[{"selector":{"id":"application-manageresources-display-component---newResourceUnit--TYPE-arrow"},"wdio_ui5_key":"applicationmanageresources-display-component---newResourceUnit--TYPE-arrow"}]}
RESULT: {"script":"<script> [1562 bytes]","args":[{"selector":{"id":"application-manageresources-display-component---newResourceUnit--TYPE-arrow"},"wdio_ui5_key":"applicationmanageresources-display-component---newResourceUnit--TYPE-arrow"}]}
RESULT: undefined
COMMAND: POST /session/0631827be0a93fac797ef22e97364bed/element - {"using":"xpath","value":"//*[@id=\"application-manageresources-display-component---newResourceUnit--TYPE-arrow\"]"}
RESULT: {"using":"xpath","value":"//*[@id=\"application-manageresources-display-component---newResourceUnit--TYPE-arrow\"]"}
COMMAND: POST /session/0631827be0a93fac797ef22e97364bed/element/f.1195843739892CF439726866CA7D4ED2.d.2AFC476D6F1F3988A46B876805B6FF83.e.17188/click - {}
RESULT: {}
COMMAND: POST /session/0631827be0a93fac797ef22e97364bed/execute/async - {"script":"<script> [1562 bytes]","args":[{"selector":{"controlType":"sap.m.StandardListItem","viewName":"reusables.view.manageresources.NewResourceUnit","viewId":"application-manageresources-display-component---newResourceUnit","properties":{"title":"Equipment"},"searchOpenDialogs":true,"interaction":{"idSuffix":"content"}},"wdio_ui5_key":"reusablesview.manageresources.NewResourceUnitsap.m.StandardListItem{\"title\":\"Equipment\"}"}]}
COMMAND: GET /session/0631827be0a93fac797ef22e97364bed/screenshot - {}
RESULT: {"script":"<script> [1562 bytes]","args":[{"selector":{"controlType":"sap.m.StandardListItem","viewName":"reusables.view.manageresources.NewResourceUnit","viewId":"application-manageresources-display-component---newResourceUnit","properties":{"title":"Equipment"},"searchOpenDialogs":true,"interaction":{"idSuffix":"content"}},"wdio_ui5_key":"reusablesview.manageresources.NewResourceUnitsap.m.StandardListItem{\"title\":\"Equipment\"}"}]}
RESULT: undefined
COMMAND: POST /session/0631827be0a93fac797ef22e97364bed/element - {"using":"xpath","value":"//*[@id=\"__item141\"]"}
RESULT: {}
RESULT: {"using":"xpath","value":"//*[@id=\"__item141\"]"}
COMMAND: POST /session/0631827be0a93fac797ef22e97364bed/element/f.1195843739892CF439726866CA7D4ED2.d.2AFC476D6F1F3988A46B876805B6FF83.e.17191/click - {}
RESULT: {}
COMMAND: POST /session/0631827be0a93fac797ef22e97364bed/execute/async - {"script":"<script> [1562 bytes]","args":[{"selector":{"id":"application-manageresources-display-component---newResourceUnit--resourceId","interaction":{"idSuffix":"inner"}},"wdio_ui5_key":"applicationmanageresources-display-component---newResourceUnit--resourceId"}]}
COMMAND: GET /session/0631827be0a93fac797ef22e97364bed/screenshot - {}
RESULT: {"script":"<script> [1562 bytes]","args":[{"selector":{"id":"application-manageresources-display-component---newResourceUnit--resourceId","interaction":{"idSuffix":"inner"}},"wdio_ui5_key":"applicationmanageresources-display-component---newResourceUnit--resourceId"}]}
RESULT: undefined
COMMAND: POST /session/0631827be0a93fac797ef22e97364bed/execute/async - {"script":"<script> [776 bytes]","args":[{"enterText":"TransferYardEquip2nw0f","selector":{"id":"application-manageresources-display-component---newResourceUnit--resourceId","interaction":{"idSuffix":"inner"}},"clearTextFirst":true,"interactionType":"ENTER_TEXT"}]}
RESULT: {}
RESULT: {"script":"<script> [776 bytes]","args":[{"enterText":"TransferYardEquip2nw0f","selector":{"id":"application-manageresources-display-component---newResourceUnit--resourceId","interaction":{"idSuffix":"inner"}},"clearTextFirst":true,"interactionType":"ENTER_TEXT"}]}
COMMAND: POST /session/0631827be0a93fac797ef22e97364bed/execute/async - {"script":"<script> [1562 bytes]","args":[{"selector":{"id":"application-manageresources-display-component---newResourceUnit--SHORT_TEXT","interaction":{"idSuffix":"inner"}},"wdio_ui5_key":"applicationmanageresources-display-component---newResourceUnit--SHORT_TEXT"}]}
RESULT: {"script":"<script> [1562 bytes]","args":[{"selector":{"id":"application-manageresources-display-component---newResourceUnit--SHORT_TEXT","interaction":{"idSuffix":"inner"}},"wdio_ui5_key":"applicationmanageresources-display-component---newResourceUnit--SHORT_TEXT"}]}
RESULT: undefined
COMMAND: POST /session/0631827be0a93fac797ef22e97364bed/execute/async - {"script":"<script> [776 bytes]","args":[{"enterText":"Equip4transfer","selector":{"id":"application-manageresources-display-component---newResourceUnit--SHORT_TEXT","interaction":{"idSuffix":"inner"}},"clearTextFirst":true,"interactionType":"ENTER_TEXT"}]}
RESULT: {"script":"<script> [776 bytes]","args":[{"enterText":"Equip4transfer","selector":{"id":"application-manageresources-display-component---newResourceUnit--SHORT_TEXT","interaction":{"idSuffix":"inner"}},"clearTextFirst":true,"interactionType":"ENTER_TEXT"}]}
COMMAND: POST /session/0631827be0a93fac797ef22e97364bed/execute/async - {"script":"<script> [1562 bytes]","args":[{"selector":{"id":"application-manageresources-display-component---newResourceUnit--BASE_UNIT_OF_MEASURE","interaction":{"idSuffix":"inner"}},"wdio_ui5_key":"applicationmanageresources-display-component---newResourceUnit--BASE_UNIT_OF_MEASURE"}]}
RESULT: {"script":"<script> [1562 bytes]","args":[{"selector":{"id":"application-manageresources-display-component---newResourceUnit--BASE_UNIT_OF_MEASURE","interaction":{"idSuffix":"inner"}},"wdio_ui5_key":"applicationmanageresources-display-component---newResourceUnit--BASE_UNIT_OF_MEASURE"}]}
RESULT: undefined
COMMAND: POST /session/0631827be0a93fac797ef22e97364bed/execute/async - {"script":"<script> [776 bytes]","args":[{"enterText":"Piece","selector":{"id":"application-manageresources-display-component---newResourceUnit--BASE_UNIT_OF_MEASURE","interaction":{"idSuffix":"inner"}},"clearTextFirst":true,"interactionType":"ENTER_TEXT"}]}
RESULT: {"script":"<script> [776 bytes]","args":[{"enterText":"Piece","selector":{"id":"application-manageresources-display-component---newResourceUnit--BASE_UNIT_OF_MEASURE","interaction":{"idSuffix":"inner"}},"clearTextFirst":true,"interactionType":"ENTER_TEXT"}]}
COMMAND: POST /session/0631827be0a93fac797ef22e97364bed/execute/async - {"script":"<script> [1562 bytes]","args":[{"selector":{"id":"application-manageresources-display-component---newResourceUnit--WEIGHT_UNIT","interaction":{"idSuffix":"inner"}},"wdio_ui5_key":"applicationmanageresources-display-component---newResourceUnit--WEIGHT_UNIT"}]}
RESULT: {"script":"<script> [1562 bytes]","args":[{"selector":{"id":"application-manageresources-display-component---newResourceUnit--WEIGHT_UNIT","interaction":{"idSuffix":"inner"}},"wdio_ui5_key":"applicationmanageresources-display-component---newResourceUnit--WEIGHT_UNIT"}]}
RESULT: undefined
COMMAND: POST /session/0631827be0a93fac797ef22e97364bed/execute/async - {"script":"<script> [776 bytes]","args":[{"enterText":"Gram","selector":{"id":"application-manageresources-display-component---newResourceUnit--WEIGHT_UNIT","interaction":{"idSuffix":"inner"}},"clearTextFirst":true,"interactionType":"ENTER_TEXT"}]}
RESULT: {"script":"<script> [776 bytes]","args":[{"enterText":"Gram","selector":{"id":"application-manageresources-display-component---newResourceUnit--WEIGHT_UNIT","interaction":{"idSuffix":"inner"}},"clearTextFirst":true,"interactionType":"ENTER_TEXT"}]}
COMMAND: POST /session/0631827be0a93fac797ef22e97364bed/execute/async - {"script":"<script> [1562 bytes]","args":[{"selector":{"id":"application-manageresources-display-component---newResourceUnit--DIMENSION_UNIT","interaction":{"idSuffix":"inner"}},"wdio_ui5_key":"applicationmanageresources-display-component---newResourceUnit--DIMENSION_UNIT"}]}
RESULT: {"script":"<script> [1562 bytes]","args":[{"selector":{"id":"application-manageresources-display-component---newResourceUnit--DIMENSION_UNIT","interaction":{"idSuffix":"inner"}},"wdio_ui5_key":"applicationmanageresources-display-component---newResourceUnit--DIMENSION_UNIT"}]}
RESULT: undefined
COMMAND: POST /session/0631827be0a93fac797ef22e97364bed/execute/async - {"script":"<script> [776 bytes]","args":[{"enterText":"Meter","selector":{"id":"application-manageresources-display-component---newResourceUnit--DIMENSION_UNIT","interaction":{"idSuffix":"inner"}},"clearTextFirst":true,"interactionType":"ENTER_TEXT"}]}
RESULT: {"script":"<script> [776 bytes]","args":[{"enterText":"Meter","selector":{"id":"application-manageresources-display-component---newResourceUnit--DIMENSION_UNIT","interaction":{"idSuffix":"inner"}},"clearTextFirst":true,"interactionType":"ENTER_TEXT"}]}
COMMAND: POST /session/0631827be0a93fac797ef22e97364bed/execute/async - {"script":"<script> [1562 bytes]","args":[{"selector":{"id":"application-manageresources-display-component---newResourceUnit--newRRUPage-anchBar-application-manageresources-display-component---newResourceUnit--control-anchor","interaction":{"idSuffix":"BDI-content"}},"wdio_ui5_key":"applicationmanageresources-display-component---newResourceUnit--newRRUPage-anchBar-application-manageresources-display-component---newResourceUnit--control-anchor"}]}
RESULT: {"script":"<script> [1562 bytes]","args":[{"selector":{"id":"application-manageresources-display-component---newResourceUnit--newRRUPage-anchBar-application-manageresources-display-component---newResourceUnit--control-anchor","interaction":{"idSuffix":"BDI-content"}},"wdio_ui5_key":"applicationmanageresources-display-component---newResourceUnit--newRRUPage-anchBar-application-manageresources-display-component---newResourceUnit--control-anchor"}]}
RESULT: undefined
COMMAND: POST /session/0631827be0a93fac797ef22e97364bed/element - {"using":"xpath","value":"//*[@id=\"application-manageresources-display-component---newResourceUnit--newRRUPage-anchBar-application-manageresources-display-component---newResourceUnit--control-anchor\"]"}
RESULT: {"using":"xpath","value":"//*[@id=\"application-manageresources-display-component---newResourceUnit--newRRUPage-anchBar-application-manageresources-display-component---newResourceUnit--control-anchor\"]"}
COMMAND: POST /session/0631827be0a93fac797ef22e97364bed/element/f.1195843739892CF439726866CA7D4ED2.d.2AFC476D6F1F3988A46B876805B6FF83.e.17324/click - {}
RESULT: {}
COMMAND: POST /session/0631827be0a93fac797ef22e97364bed/execute/async - {"script":"<script> [1562 bytes]","args":[{"selector":{"id":"application-manageresources-display-component---newResourceUnit--PLANNING_GROUP","interaction":{"idSuffix":"inner"}},"wdio_ui5_key":"applicationmanageresources-display-component---newResourceUnit--PLANNING_GROUP"}]}
COMMAND: GET /session/0631827be0a93fac797ef22e97364bed/screenshot - {}
RESULT: {"script":"<script> [1562 bytes]","args":[{"selector":{"id":"application-manageresources-display-component---newResourceUnit--PLANNING_GROUP","interaction":{"idSuffix":"inner"}},"wdio_ui5_key":"applicationmanageresources-display-component---newResourceUnit--PLANNING_GROUP"}]}
RESULT: undefined
COMMAND: POST /session/0631827be0a93fac797ef22e97364bed/execute/async - {"script":"<script> [776 bytes]","args":[{"enterText":"Heavy Equi","selector":{"id":"application-manageresources-display-component---newResourceUnit--PLANNING_GROUP","interaction":{"idSuffix":"inner"}},"clearTextFirst":true,"interactionType":"ENTER_TEXT"}]}
RESULT: {}
RESULT: {"script":"<script> [776 bytes]","args":[{"enterText":"Heavy Equi","selector":{"id":"application-manageresources-display-component---newResourceUnit--PLANNING_GROUP","interaction":{"idSuffix":"inner"}},"clearTextFirst":true,"interactionType":"ENTER_TEXT"}]}
COMMAND: POST /session/0631827be0a93fac797ef22e97364bed/execute/async - {"script":"<script> [1562 bytes]","args":[{"selector":{"id":"application-manageresources-display-component---newResourceUnit--ITEM_TYPE-arrow"},"wdio_ui5_key":"applicationmanageresources-display-component---newResourceUnit--ITEM_TYPE-arrow"}]}
RESULT: {"script":"<script> [1562 bytes]","args":[{"selector":{"id":"application-manageresources-display-component---newResourceUnit--ITEM_TYPE-arrow"},"wdio_ui5_key":"applicationmanageresources-display-component---newResourceUnit--ITEM_TYPE-arrow"}]}
RESULT: undefined
COMMAND: POST /session/0631827be0a93fac797ef22e97364bed/element - {"using":"xpath","value":"//*[@id=\"application-manageresources-display-component---newResourceUnit--ITEM_TYPE-arrow\"]"}
RESULT: {"using":"xpath","value":"//*[@id=\"application-manageresources-display-component---newResourceUnit--ITEM_TYPE-arrow\"]"}
COMMAND: POST /session/0631827be0a93fac797ef22e97364bed/element/f.1195843739892CF439726866CA7D4ED2.d.2AFC476D6F1F3988A46B876805B6FF83.e.17333/click - {}
RESULT: {}
COMMAND: POST /session/0631827be0a93fac797ef22e97364bed/execute/async - {"script":"<script> [1562 bytes]","args":[{"selector":{"controlType":"sap.m.StandardListItem","viewName":"reusables.view.manageresources.NewResourceUnit","viewId":"application-manageresources-display-component---newResourceUnit","properties":{"title":"Resource Unit"},"searchOpenDialogs":true,"interaction":{"idSuffix":"titleText"}},"wdio_ui5_key":"reusablesview.manageresources.NewResourceUnitsap.m.StandardListItem{\"title\":\"Resource Unit\"}"}]}
COMMAND: GET /session/0631827be0a93fac797ef22e97364bed/screenshot - {}
RESULT: {"script":"<script> [1562 bytes]","args":[{"selector":{"controlType":"sap.m.StandardListItem","viewName":"reusables.view.manageresources.NewResourceUnit","viewId":"application-manageresources-display-component---newResourceUnit","properties":{"title":"Resource Unit"},"searchOpenDialogs":true,"interaction":{"idSuffix":"titleText"}},"wdio_ui5_key":"reusablesview.manageresources.NewResourceUnitsap.m.StandardListItem{\"title\":\"Resource Unit\"}"}]}
RESULT: undefined
COMMAND: POST /session/0631827be0a93fac797ef22e97364bed/element - {"using":"xpath","value":"//*[@id=\"__item210\"]"}
RESULT: {}
RESULT: {"using":"xpath","value":"//*[@id=\"__item210\"]"}
COMMAND: POST /session/0631827be0a93fac797ef22e97364bed/element/f.1195843739892CF439726866CA7D4ED2.d.2AFC476D6F1F3988A46B876805B6FF83.e.17335/click - {}
RESULT: {}
COMMAND: POST /session/0631827be0a93fac797ef22e97364bed/execute/async - {"script":"<script> [1562 bytes]","args":[{"selector":{"id":"application-manageresources-display-component---newResourceUnit--btnAddTimeSegment-img"},"wdio_ui5_key":"applicationmanageresources-display-component---newResourceUnit--btnAddTimeSegment-img"}]}
COMMAND: GET /session/0631827be0a93fac797ef22e97364bed/screenshot - {}
RESULT: {"script":"<script> [1562 bytes]","args":[{"selector":{"id":"application-manageresources-display-component---newResourceUnit--btnAddTimeSegment-img"},"wdio_ui5_key":"applicationmanageresources-display-component---newResourceUnit--btnAddTimeSegment-img"}]}
RESULT: undefined
COMMAND: POST /session/0631827be0a93fac797ef22e97364bed/element - {"using":"xpath","value":"//*[@id=\"application-manageresources-display-component---newResourceUnit--btnAddTimeSegment-img\"]"}
RESULT: {}
RESULT: {"using":"xpath","value":"//*[@id=\"application-manageresources-display-component---newResourceUnit--btnAddTimeSegment-img\"]"}
COMMAND: POST /session/0631827be0a93fac797ef22e97364bed/element/f.1195843739892CF439726866CA7D4ED2.d.2AFC476D6F1F3988A46B876805B6FF83.e.17336/click - {}
RESULT: {}
COMMAND: POST /session/0631827be0a93fac797ef22e97364bed/element - {"using":"xpath","value":"//input[@id=\"application-manageresources-display-component---newResourceUnit--idRuTSAdmin-application-manageresources-display-component---newResourceUnit--RUTimeSegment-0-inner\"]"}
COMMAND: GET /session/0631827be0a93fac797ef22e97364bed/screenshot - {}
RESULT: {"using":"xpath","value":"//input[@id=\"application-manageresources-display-component---newResourceUnit--idRuTSAdmin-application-manageresources-display-component---newResourceUnit--RUTimeSegment-0-inner\"]"}
COMMAND: POST /session/0631827be0a93fac797ef22e97364bed/element/f.1195843739892CF439726866CA7D4ED2.d.2AFC476D6F1F3988A46B876805B6FF83.e.17339/clear - {}
RESULT: {}
RESULT: {}
COMMAND: POST /session/0631827be0a93fac797ef22e97364bed/element/f.1195843739892CF439726866CA7D4ED2.d.2AFC476D6F1F3988A46B876805B6FF83.e.17339/value - {"text":"106"}
COMMAND: GET /session/0631827be0a93fac797ef22e97364bed/screenshot - {}
RESULT: {"text":"106"}
COMMAND: GET /session/0631827be0a93fac797ef22e97364bed/screenshot - {}
RESULT: {}
RESULT: {}
COMMAND: POST /session/0631827be0a93fac797ef22e97364bed/actions - {"actions":[{"id":"action81","type":"key","parameters":{},"actions":[{"type":"keyDown","value":"î€‡"},{"type":"pause","duration":10},{"type":"keyUp","value":"î€‡"}]}]}
RESULT: {"actions":[{"id":"action81","type":"key","parameters":{},"actions":[{"type":"keyDown","value":"î€‡"},{"type":"pause","duration":10},{"type":"keyUp","value":"î€‡"}]}]}
COMMAND: POST /session/0631827be0a93fac797ef22e97364bed/execute/async - {"script":"<script> [1562 bytes]","args":[{"selector":{"controlType":"sap.ui.core.Icon","viewName":"reusables.view.manageresources.NewResourceUnit","viewId":"application-manageresources-display-component---newResourceUnit","properties":{"src":{"regex":{"source":"slim\\-arrow\\-down"}}},"ancestor":{"controlType":"sap.m.ComboBox","viewName":"reusables.view.manageresources.NewResourceUnit","viewId":"application-manageresources-display-component---newResourceUnit","bindingPath":{"path":"/RESOURCE_UNIT_TIME_SEQUENCES/0","propertyPath":"COST_OBJECT_ADMIN_CST_TYPE","modelName":"oNewRruModel"}}},"wdio_ui5_key":"reusablesview.manageresources.NewResourceUnitsap.ui.core.Icon{\"src\":{\"regex\":{\"source\":\"slim\\\\-arrow\\\\-down\"}}}{\"controlType\":\"sap.m.ComboBox\",\"viewName\":\"reusables.view.manageresources.NewResourceUnit\",\"viewId\":\"application-manageresources-display-component---newResourceUnit\",\"bindingPath\":{\"path\":\"/RESOURCE_UNIT_TIME_SEQUENCES/0\",\"propertyPath\":\"COST_OBJECT_ADMIN_CST_TYPE\",\"modelName\":\"oNewRruModel\"}}"}]}
COMMAND: GET /session/0631827be0a93fac797ef22e97364bed/screenshot - {}
RESULT: {"script":"<script> [1562 bytes]","args":[{"selector":{"controlType":"sap.ui.core.Icon","viewName":"reusables.view.manageresources.NewResourceUnit","viewId":"application-manageresources-display-component---newResourceUnit","properties":{"src":{"regex":{"source":"slim\\-arrow\\-down"}}},"ancestor":{"controlType":"sap.m.ComboBox","viewName":"reusables.view.manageresources.NewResourceUnit","viewId":"application-manageresources-display-component---newResourceUnit","bindingPath":{"path":"/RESOURCE_UNIT_TIME_SEQUENCES/0","propertyPath":"COST_OBJECT_ADMIN_CST_TYPE","modelName":"oNewRruModel"}}},"wdio_ui5_key":"reusablesview.manageresources.NewResourceUnitsap.ui.core.Icon{\"src\":{\"regex\":{\"source\":\"slim\\\\-arrow\\\\-down\"}}}{\"controlType\":\"sap.m.ComboBox\",\"viewName\":\"reusables.view.manageresources.NewResourceUnit\",\"viewId\":\"application-manageresources-display-component---newResourceUnit\",\"bindingPath\":{\"path\":\"/RESOURCE_UNIT_TIME_SEQUENCES/0\",\"propertyPath\":\"COST_OBJECT_ADMIN_CST_TYPE\",\"modelName\":\"oNewRruModel\"}}"}]}
RESULT: undefined
COMMAND: POST /session/0631827be0a93fac797ef22e97364bed/element - {"using":"xpath","value":"//*[@id=\"__box5-application-manageresources-display-component---newResourceUnit--RUTimeSegment-0-arrow\"]"}
RESULT: {}
RESULT: {"using":"xpath","value":"//*[@id=\"__box5-application-manageresources-display-component---newResourceUnit--RUTimeSegment-0-arrow\"]"}
COMMAND: POST /session/0631827be0a93fac797ef22e97364bed/element/f.1195843739892CF439726866CA7D4ED2.d.2AFC476D6F1F3988A46B876805B6FF83.e.17354/click - {}
RESULT: {}
COMMAND: POST /session/0631827be0a93fac797ef22e97364bed/execute/async - {"script":"<script> [1562 bytes]","args":[{"selector":{"controlType":"sap.m.StandardListItem","viewName":"reusables.view.manageresources.NewResourceUnit","viewId":"application-manageresources-display-component---newResourceUnit","properties":{"title":"PM Order"},"searchOpenDialogs":true,"interaction":{"idSuffix":"titleText"}},"wdio_ui5_key":"reusablesview.manageresources.NewResourceUnitsap.m.StandardListItem{\"title\":\"PM Order\"}"}]}
COMMAND: GET /session/0631827be0a93fac797ef22e97364bed/screenshot - {}
RESULT: {"script":"<script> [1562 bytes]","args":[{"selector":{"controlType":"sap.m.StandardListItem","viewName":"reusables.view.manageresources.NewResourceUnit","viewId":"application-manageresources-display-component---newResourceUnit","properties":{"title":"PM Order"},"searchOpenDialogs":true,"interaction":{"idSuffix":"titleText"}},"wdio_ui5_key":"reusablesview.manageresources.NewResourceUnitsap.m.StandardListItem{\"title\":\"PM Order\"}"}]}
RESULT: undefined
COMMAND: POST /session/0631827be0a93fac797ef22e97364bed/element - {"using":"xpath","value":"//*[@id=\"__item583\"]"}
RESULT: {}
RESULT: {"using":"xpath","value":"//*[@id=\"__item583\"]"}
COMMAND: POST /session/0631827be0a93fac797ef22e97364bed/element/f.1195843739892CF439726866CA7D4ED2.d.2AFC476D6F1F3988A46B876805B6FF83.e.17358/click - {}
RESULT: {}
COMMAND: POST /session/0631827be0a93fac797ef22e97364bed/element - {"using":"xpath","value":"(//input[contains(@id ,\"-application-manageresources-display-component---newResourceUnit--RUTimeSegment-0-inner\")])[8]"}
COMMAND: GET /session/0631827be0a93fac797ef22e97364bed/screenshot - {}
RESULT: {"using":"xpath","value":"(//input[contains(@id ,\"-application-manageresources-display-component---newResourceUnit--RUTimeSegment-0-inner\")])[8]"}
COMMAND: POST /session/0631827be0a93fac797ef22e97364bed/element/f.1195843739892CF439726866CA7D4ED2.d.2AFC476D6F1F3988A46B876805B6FF83.e.17347/clear - {}
RESULT: {}
COMMAND: POST /session/0631827be0a93fac797ef22e97364bed/element - {"using":"xpath","value":"(//input[contains(@id ,\"-application-manageresources-display-component---newResourceUnit--RUTimeSegment-0-inner\")])[8]"}
RESULT: {"using":"xpath","value":"(//input[contains(@id ,\"-application-manageresources-display-component---newResourceUnit--RUTimeSegment-0-inner\")])[8]"}
COMMAND: POST /session/0631827be0a93fac797ef22e97364bed/element/f.1195843739892CF439726866CA7D4ED2.d.2AFC476D6F1F3988A46B876805B6FF83.e.17347/clear - {}
COMMAND: POST /session/0631827be0a93fac797ef22e97364bed/element - {"using":"xpath","value":"(//input[contains(@id ,\"-application-manageresources-display-component---newResourceUnit--RUTimeSegment-0-inner\")])[8]"}
RESULT: {"using":"xpath","value":"(//input[contains(@id ,\"-application-manageresources-display-component---newResourceUnit--RUTimeSegment-0-inner\")])[8]"}
COMMAND: POST /session/0631827be0a93fac797ef22e97364bed/element/f.1195843739892CF439726866CA7D4ED2.d.2AFC476D6F1F3988A46B876805B6FF83.e.17362/clear - {}
COMMAND: POST /session/0631827be0a93fac797ef22e97364bed/element - {"using":"xpath","value":"(//input[contains(@id ,\"-application-manageresources-display-component---newResourceUnit--RUTimeSegment-0-inner\")])[8]"}
RESULT: {"using":"xpath","value":"(//input[contains(@id ,\"-application-manageresources-display-component---newResourceUnit--RUTimeSegment-0-inner\")])[8]"}
COMMAND: POST /session/0631827be0a93fac797ef22e97364bed/element/f.1195843739892CF439726866CA7D4ED2.d.2AFC476D6F1F3988A46B876805B6FF83.e.17362/clear - {}
COMMAND: POST /session/0631827be0a93fac797ef22e97364bed/element - {"using":"xpath","value":"(//input[contains(@id ,\"-application-manageresources-display-component---newResourceUnit--RUTimeSegment-0-inner\")])[8]"}
RESULT: {"using":"xpath","value":"(//input[contains(@id ,\"-application-manageresources-display-component---newResourceUnit--RUTimeSegment-0-inner\")])[8]"}
COMMAND: POST /session/0631827be0a93fac797ef22e97364bed/element/f.1195843739892CF439726866CA7D4ED2.d.2AFC476D6F1F3988A46B876805B6FF83.e.17364/clear - {}
RESULT: {}
COMMAND: POST /session/0631827be0a93fac797ef22e97364bed/element/f.1195843739892CF439726866CA7D4ED2.d.2AFC476D6F1F3988A46B876805B6FF83.e.17364/value - {"text":"4000360"}
COMMAND: GET /session/0631827be0a93fac797ef22e97364bed/screenshot - {}
RESULT: {"text":"4000360"}
COMMAND: GET /session/0631827be0a93fac797ef22e97364bed/screenshot - {}
RESULT: {}
RESULT: {}
COMMAND: POST /session/0631827be0a93fac797ef22e97364bed/actions - {"actions":[{"id":"action82","type":"key","parameters":{},"actions":[{"type":"keyDown","value":"î€‡"},{"type":"pause","duration":10},{"type":"keyUp","value":"î€‡"}]}]}
RESULT: {"actions":[{"id":"action82","type":"key","parameters":{},"actions":[{"type":"keyDown","value":"î€‡"},{"type":"pause","duration":10},{"type":"keyUp","value":"î€‡"}]}]}
COMMAND: GET /session/0631827be0a93fac797ef22e97364bed/screenshot - {}
RESULT: {}
COMMAND: POST /session/0631827be0a93fac797ef22e97364bed/execute/async - {"script":"<script> [1562 bytes]","args":[{"selector":{"id":"application-manageresources-display-component---newResourceUnit--newRRUPage-anchBar-application-manageresources-display-component---newResourceUnit--resource-anchor","interaction":{"idSuffix":"BDI-content"}},"wdio_ui5_key":"applicationmanageresources-display-component---newResourceUnit--newRRUPage-anchBar-application-manageresources-display-component---newResourceUnit--resource-anchor"}]}
RESULT: {"script":"<script> [1562 bytes]","args":[{"selector":{"id":"application-manageresources-display-component---newResourceUnit--newRRUPage-anchBar-application-manageresources-display-component---newResourceUnit--resource-anchor","interaction":{"idSuffix":"BDI-content"}},"wdio_ui5_key":"applicationmanageresources-display-component---newResourceUnit--newRRUPage-anchBar-application-manageresources-display-component---newResourceUnit--resource-anchor"}]}
RESULT: undefined
COMMAND: POST /session/0631827be0a93fac797ef22e97364bed/element - {"using":"xpath","value":"//*[@id=\"application-manageresources-display-component---newResourceUnit--newRRUPage-anchBar-application-manageresources-display-component---newResourceUnit--resource-anchor\"]"}
RESULT: {"using":"xpath","value":"//*[@id=\"application-manageresources-display-component---newResourceUnit--newRRUPage-anchBar-application-manageresources-display-component---newResourceUnit--resource-anchor\"]"}
COMMAND: POST /session/0631827be0a93fac797ef22e97364bed/element/f.1195843739892CF439726866CA7D4ED2.d.2AFC476D6F1F3988A46B876805B6FF83.e.17380/click - {}
RESULT: {}
COMMAND: POST /session/0631827be0a93fac797ef22e97364bed/execute/async - {"script":"<script> [1562 bytes]","args":[{"selector":{"id":"application-manageresources-display-component---newResourceUnit--PLANNED_DELIVERY_DATE","interaction":{"idSuffix":"inner"}},"wdio_ui5_key":"applicationmanageresources-display-component---newResourceUnit--PLANNED_DELIVERY_DATE"}]}
COMMAND: GET /session/0631827be0a93fac797ef22e97364bed/screenshot - {}
RESULT: {}
RESULT: {"script":"<script> [1562 bytes]","args":[{"selector":{"id":"application-manageresources-display-component---newResourceUnit--PLANNED_DELIVERY_DATE","interaction":{"idSuffix":"inner"}},"wdio_ui5_key":"applicationmanageresources-display-component---newResourceUnit--PLANNED_DELIVERY_DATE"}]}
RESULT: undefined
COMMAND: POST /session/0631827be0a93fac797ef22e97364bed/execute/async - {"script":"<script> [6424 bytes]","args":[{"element-6066-11e4-a52e-4f735466cecf":"f.1195843739892CF439726866CA7D4ED2.d.2AFC476D6F1F3988A46B876805B6FF83.e.17245"},"setValue",["4/30/25"]]}
RESULT: {"script":"<script> [6424 bytes]","args":[{"element-6066-11e4-a52e-4f735466cecf":"f.1195843739892CF439726866CA7D4ED2.d.2AFC476D6F1F3988A46B876805B6FF83.e.17245"},"setValue",["4/30/25"]]}
COMMAND: POST /session/0631827be0a93fac797ef22e97364bed/execute/async - {"script":"<script> [1562 bytes]","args":[{"selector":{"controlType":"sap.m.Button","viewName":"reusables.view.manageresources.NewResourceUnit","viewId":"application-manageresources-display-component---newResourceUnit","i18NText":{"propertyName":"tooltip","key":"save"},"interaction":{"idSuffix":"BDI-content"}},"wdio_ui5_key":"reusablesview.manageresources.NewResourceUnitsap.m.Button{\"propertyName\":\"tooltip\",\"key\":\"save\"}"}]}
RESULT: {"script":"<script> [1562 bytes]","args":[{"selector":{"controlType":"sap.m.Button","viewName":"reusables.view.manageresources.NewResourceUnit","viewId":"application-manageresources-display-component---newResourceUnit","i18NText":{"propertyName":"tooltip","key":"save"},"interaction":{"idSuffix":"BDI-content"}},"wdio_ui5_key":"reusablesview.manageresources.NewResourceUnitsap.m.Button{\"propertyName\":\"tooltip\",\"key\":\"save\"}"}]}
RESULT: undefined
COMMAND: POST /session/0631827be0a93fac797ef22e97364bed/element - {"using":"xpath","value":"//*[@id=\"application-manageresources-display-component---newResourceUnit--createRuButton\"]"}
RESULT: {"using":"xpath","value":"//*[@id=\"application-manageresources-display-component---newResourceUnit--createRuButton\"]"}
COMMAND: POST /session/0631827be0a93fac797ef22e97364bed/element/f.1195843739892CF439726866CA7D4ED2.d.2AFC476D6F1F3988A46B876805B6FF83.e.17205/click - {}
RESULT: {}
COMMAND: GET /session/0631827be0a93fac797ef22e97364bed/screenshot - {}
RESULT: {}
COMMAND: POST /session/0631827be0a93fac797ef22e97364bed/execute/async - {"script":"<script> [1562 bytes]","args":[{"selector":{"controlType":"sap.m.Button","properties":{"text":"Close"},"searchOpenDialogs":true,"interaction":{"idSuffix":"inner"}},"wdio_ui5_key":"sapm.Button{\"text\":\"Close\"}"}]}
RESULT: {"script":"<script> [1562 bytes]","args":[{"selector":{"controlType":"sap.m.Button","properties":{"text":"Close"},"searchOpenDialogs":true,"interaction":{"idSuffix":"inner"}},"wdio_ui5_key":"sapm.Button{\"text\":\"Close\"}"}]}
RESULT: undefined
COMMAND: POST /session/0631827be0a93fac797ef22e97364bed/element - {"using":"xpath","value":"//*[@id=\"__mbox-btn-0\"]"}
RESULT: {"using":"xpath","value":"//*[@id=\"__mbox-btn-0\"]"}
COMMAND: POST /session/0631827be0a93fac797ef22e97364bed/element/f.1195843739892CF439726866CA7D4ED2.d.2AFC476D6F1F3988A46B876805B6FF83.e.17387/click - {}
RESULT: {}
COMMAND: GET /session/0631827be0a93fac797ef22e97364bed/screenshot - {}
COMMAND: POST /session/0631827be0a93fac797ef22e97364bed/execute/async - {"script":"<script> [1562 bytes]","args":[{"selector":{"controlType":"sap.m.Text","viewName":"etm.portal.ui.manageresources.view.Detail","viewId":"application-manageresources-display-component---detailRU","bindingPath":{"propertyPath":"ID","modelName":"catalogModel"}},"wdio_ui5_key":"etmportal.ui.manageresources.view.Detailsap.m.Text{\"propertyPath\":\"ID\",\"modelName\":\"catalogModel\"}"}]}
RESULT: {}
RESULT: {"script":"<script> [1562 bytes]","args":[{"selector":{"controlType":"sap.m.Text","viewName":"etm.portal.ui.manageresources.view.Detail","viewId":"application-manageresources-display-component---detailRU","bindingPath":{"propertyPath":"ID","modelName":"catalogModel"}},"wdio_ui5_key":"etmportal.ui.manageresources.view.Detailsap.m.Text{\"propertyPath\":\"ID\",\"modelName\":\"catalogModel\"}"}]}
RESULT: undefined
COMMAND: POST /session/0631827be0a93fac797ef22e97364bed/execute/async - {"script":"<script> [6424 bytes]","args":[{"element-6066-11e4-a52e-4f735466cecf":"f.1195843739892CF439726866CA7D4ED2.d.2AFC476D6F1F3988A46B876805B6FF83.e.17422"},"getText",[]]}
RESULT: {"script":"<script> [6424 bytes]","args":[{"element-6066-11e4-a52e-4f735466cecf":"f.1195843739892CF439726866CA7D4ED2.d.2AFC476D6F1F3988A46B876805B6FF83.e.17422"},"getText",[]]}
COMMAND: POST /session/0631827be0a93fac797ef22e97364bed/execute/async - {"script":"<script> [1562 bytes]","args":[{"selector":{"controlType":"sap.m.OverflowToolbarButton","viewName":"etm.portal.ui.manageresources.view.Master","viewId":"application-manageresources-display-component---masterRU","bindingPath":{"path":"","propertyPath":"/isLogbook","modelName":"minimumStockRPGModel"},"interaction":{"idSuffix":"inner"}},"wdio_ui5_key":"etmportal.ui.manageresources.view.Mastersap.m.OverflowToolbarButton{\"path\":\"\",\"propertyPath\":\"/isLogbook\",\"modelName\":\"minimumStockRPGModel\"}"}]}
RESULT: {"script":"<script> [1562 bytes]","args":[{"selector":{"controlType":"sap.m.OverflowToolbarButton","viewName":"etm.portal.ui.manageresources.view.Master","viewId":"application-manageresources-display-component---masterRU","bindingPath":{"path":"","propertyPath":"/isLogbook","modelName":"minimumStockRPGModel"},"interaction":{"idSuffix":"inner"}},"wdio_ui5_key":"etmportal.ui.manageresources.view.Mastersap.m.OverflowToolbarButton{\"path\":\"\",\"propertyPath\":\"/isLogbook\",\"modelName\":\"minimumStockRPGModel\"}"}]}
RESULT: undefined
COMMAND: POST /session/0631827be0a93fac797ef22e97364bed/element - {"using":"xpath","value":"//*[@id=\"__button5\"]"}
RESULT: {"using":"xpath","value":"//*[@id=\"__button5\"]"}
COMMAND: POST /session/0631827be0a93fac797ef22e97364bed/element/f.1195843739892CF439726866CA7D4ED2.d.2AFC476D6F1F3988A46B876805B6FF83.e.16871/click - {}
RESULT: {}
COMMAND: GET /session/0631827be0a93fac797ef22e97364bed/screenshot - {}
RESULT: undefined
COMMAND: POST /session/0631827be0a93fac797ef22e97364bed/element - {"using":"xpath","value":"//*[@id=\"application-manageresources-display-component---newResourceUnit--TYPE-arrow\"]"}
RESULT: {}
RESULT: {"using":"xpath","value":"//*[@id=\"application-manageresources-display-component---newResourceUnit--TYPE-arrow\"]"}
COMMAND: POST /session/0631827be0a93fac797ef22e97364bed/element/f.1195843739892CF439726866CA7D4ED2.d.2AFC476D6F1F3988A46B876805B6FF83.e.17188/click - {}
RESULT: {}
COMMAND: POST /session/0631827be0a93fac797ef22e97364bed/execute/async - {"script":"<script> [1562 bytes]","args":[{"selector":{"controlType":"sap.m.StandardListItem","viewName":"reusables.view.manageresources.NewResourceUnit","viewId":"application-manageresources-display-component---newResourceUnit","properties":{"title":"Equi Multipart"},"searchOpenDialogs":true,"interaction":{"idSuffix":"titleText"}},"wdio_ui5_key":"reusablesview.manageresources.NewResourceUnitsap.m.StandardListItem{\"title\":\"Equi Multipart\"}"}]}
COMMAND: GET /session/0631827be0a93fac797ef22e97364bed/screenshot - {}
RESULT: {"script":"<script> [1562 bytes]","args":[{"selector":{"controlType":"sap.m.StandardListItem","viewName":"reusables.view.manageresources.NewResourceUnit","viewId":"application-manageresources-display-component---newResourceUnit","properties":{"title":"Equi Multipart"},"searchOpenDialogs":true,"interaction":{"idSuffix":"titleText"}},"wdio_ui5_key":"reusablesview.manageresources.NewResourceUnitsap.m.StandardListItem{\"title\":\"Equi Multipart\"}"}]}
RESULT: undefined
COMMAND: POST /session/0631827be0a93fac797ef22e97364bed/element - {"using":"xpath","value":"//*[@id=\"__item146\"]"}
RESULT: {}
RESULT: {"using":"xpath","value":"//*[@id=\"__item146\"]"}
COMMAND: POST /session/0631827be0a93fac797ef22e97364bed/element/f.1195843739892CF439726866CA7D4ED2.d.2AFC476D6F1F3988A46B876805B6FF83.e.17446/click - {}
RESULT: {}
RESULT: undefined
COMMAND: POST /session/0631827be0a93fac797ef22e97364bed/execute/async - {"script":"<script> [776 bytes]","args":[{"enterText":"TransferYardmultipart2nw0f","selector":{"id":"application-manageresources-display-component---newResourceUnit--SHORT_TEXT","interaction":{"idSuffix":"inner"}},"clearTextFirst":true,"interactionType":"ENTER_TEXT"}]}
COMMAND: GET /session/0631827be0a93fac797ef22e97364bed/screenshot - {}
RESULT: {"script":"<script> [776 bytes]","args":[{"enterText":"TransferYardmultipart2nw0f","selector":{"id":"application-manageresources-display-component---newResourceUnit--SHORT_TEXT","interaction":{"idSuffix":"inner"}},"clearTextFirst":true,"interactionType":"ENTER_TEXT"}]}
RESULT: undefined
COMMAND: POST /session/0631827be0a93fac797ef22e97364bed/execute/async - {"script":"<script> [776 bytes]","args":[{"enterText":"Piece","selector":{"id":"application-manageresources-display-component---newResourceUnit--BASE_UNIT_OF_MEASURE","interaction":{"idSuffix":"inner"}},"clearTextFirst":true,"interactionType":"ENTER_TEXT"}]}
RESULT: {}
RESULT: {"script":"<script> [776 bytes]","args":[{"enterText":"Piece","selector":{"id":"application-manageresources-display-component---newResourceUnit--BASE_UNIT_OF_MEASURE","interaction":{"idSuffix":"inner"}},"clearTextFirst":true,"interactionType":"ENTER_TEXT"}]}
RESULT: undefined
COMMAND: POST /session/0631827be0a93fac797ef22e97364bed/execute/async - {"script":"<script> [776 bytes]","args":[{"enterText":"Gram","selector":{"id":"application-manageresources-display-component---newResourceUnit--WEIGHT_UNIT","interaction":{"idSuffix":"inner"}},"clearTextFirst":true,"interactionType":"ENTER_TEXT"}]}
RESULT: {"script":"<script> [776 bytes]","args":[{"enterText":"Gram","selector":{"id":"application-manageresources-display-component---newResourceUnit--WEIGHT_UNIT","interaction":{"idSuffix":"inner"}},"clearTextFirst":true,"interactionType":"ENTER_TEXT"}]}
RESULT: undefined
COMMAND: POST /session/0631827be0a93fac797ef22e97364bed/execute/async - {"script":"<script> [776 bytes]","args":[{"enterText":"Meter","selector":{"id":"application-manageresources-display-component---newResourceUnit--DIMENSION_UNIT","interaction":{"idSuffix":"inner"}},"clearTextFirst":true,"interactionType":"ENTER_TEXT"}]}
RESULT: {"script":"<script> [776 bytes]","args":[{"enterText":"Meter","selector":{"id":"application-manageresources-display-component---newResourceUnit--DIMENSION_UNIT","interaction":{"idSuffix":"inner"}},"clearTextFirst":true,"interactionType":"ENTER_TEXT"}]}
RESULT: undefined
COMMAND: POST /session/0631827be0a93fac797ef22e97364bed/execute/async - {"script":"<script> [776 bytes]","args":[{"enterText":"Heavy equip","selector":{"id":"application-manageresources-display-component---newResourceUnit--PLANNING_GROUP","interaction":{"idSuffix":"inner"}},"clearTextFirst":true,"interactionType":"ENTER_TEXT"}]}
RESULT: {"script":"<script> [776 bytes]","args":[{"enterText":"Heavy equip","selector":{"id":"application-manageresources-display-component---newResourceUnit--PLANNING_GROUP","interaction":{"idSuffix":"inner"}},"clearTextFirst":true,"interactionType":"ENTER_TEXT"}]}
RESULT: undefined
COMMAND: POST /session/0631827be0a93fac797ef22e97364bed/element - {"using":"xpath","value":"//*[@id=\"application-manageresources-display-component---newResourceUnit--ITEM_TYPE-arrow\"]"}
RESULT: {"using":"xpath","value":"//*[@id=\"application-manageresources-display-component---newResourceUnit--ITEM_TYPE-arrow\"]"}
COMMAND: POST /session/0631827be0a93fac797ef22e97364bed/element/f.1195843739892CF439726866CA7D4ED2.d.2AFC476D6F1F3988A46B876805B6FF83.e.17509/click - {}
RESULT: {}
COMMAND: POST /session/0631827be0a93fac797ef22e97364bed/execute/async - {"script":"<script> [1562 bytes]","args":[{"selector":{"controlType":"sap.m.StandardListItem","viewName":"reusables.view.manageresources.NewResourceUnit","viewId":"application-manageresources-display-component---newResourceUnit","properties":{"title":"Pool Equipment"},"searchOpenDialogs":true,"interaction":{"idSuffix":"content"}},"wdio_ui5_key":"reusablesview.manageresources.NewResourceUnitsap.m.StandardListItem{\"title\":\"Pool Equipment\"}"}]}
COMMAND: GET /session/0631827be0a93fac797ef22e97364bed/screenshot - {}
RESULT: {"script":"<script> [1562 bytes]","args":[{"selector":{"controlType":"sap.m.StandardListItem","viewName":"reusables.view.manageresources.NewResourceUnit","viewId":"application-manageresources-display-component---newResourceUnit","properties":{"title":"Pool Equipment"},"searchOpenDialogs":true,"interaction":{"idSuffix":"content"}},"wdio_ui5_key":"reusablesview.manageresources.NewResourceUnitsap.m.StandardListItem{\"title\":\"Pool Equipment\"}"}]}
RESULT: undefined
COMMAND: POST /session/0631827be0a93fac797ef22e97364bed/element - {"using":"xpath","value":"//*[@id=\"__item809\"]"}
RESULT: {}
RESULT: {"using":"xpath","value":"//*[@id=\"__item809\"]"}
COMMAND: POST /session/0631827be0a93fac797ef22e97364bed/element/f.1195843739892CF439726866CA7D4ED2.d.2AFC476D6F1F3988A46B876805B6FF83.e.17511/click - {}
RESULT: {}
COMMAND: POST /session/0631827be0a93fac797ef22e97364bed/execute/async - {"script":"<script> [1562 bytes]","args":[{"selector":{"id":"application-manageresources-display-component---newResourceUnit--PLANNING_INDICATOR","interaction":{"idSuffix":"inner"}},"wdio_ui5_key":"applicationmanageresources-display-component---newResourceUnit--PLANNING_INDICATOR"}]}
COMMAND: GET /session/0631827be0a93fac797ef22e97364bed/screenshot - {}
RESULT: {"script":"<script> [1562 bytes]","args":[{"selector":{"id":"application-manageresources-display-component---newResourceUnit--PLANNING_INDICATOR","interaction":{"idSuffix":"inner"}},"wdio_ui5_key":"applicationmanageresources-display-component---newResourceUnit--PLANNING_INDICATOR"}]}
RESULT: undefined
COMMAND: POST /session/0631827be0a93fac797ef22e97364bed/execute/async - {"script":"<script> [776 bytes]","args":[{"enterText":"10 - infinite","selector":{"id":"application-manageresources-display-component---newResourceUnit--PLANNING_INDICATOR","interaction":{"idSuffix":"inner"}},"clearTextFirst":true,"interactionType":"ENTER_TEXT"}]}
RESULT: {}
RESULT: {"script":"<script> [776 bytes]","args":[{"enterText":"10 - infinite","selector":{"id":"application-manageresources-display-component---newResourceUnit--PLANNING_INDICATOR","interaction":{"idSuffix":"inner"}},"clearTextFirst":true,"interactionType":"ENTER_TEXT"}]}
COMMAND: POST /session/0631827be0a93fac797ef22e97364bed/actions - {"actions":[{"id":"action83","type":"key","parameters":{},"actions":[{"type":"keyDown","value":"î€‡"},{"type":"pause","duration":10},{"type":"keyUp","value":"î€‡"}]}]}
RESULT: {"actions":[{"id":"action83","type":"key","parameters":{},"actions":[{"type":"keyDown","value":"î€‡"},{"type":"pause","duration":10},{"type":"keyUp","value":"î€‡"}]}]}
RESULT: undefined
COMMAND: POST /session/0631827be0a93fac797ef22e97364bed/element - {"using":"xpath","value":"//*[@id=\"application-manageresources-display-component---newResourceUnit--newRRUPage-anchBar-application-manageresources-display-component---newResourceUnit--control-anchor\"]"}
COMMAND: GET /session/0631827be0a93fac797ef22e97364bed/screenshot - {}
RESULT: {"using":"xpath","value":"//*[@id=\"application-manageresources-display-component---newResourceUnit--newRRUPage-anchBar-application-manageresources-display-component---newResourceUnit--control-anchor\"]"}
COMMAND: POST /session/0631827be0a93fac797ef22e97364bed/element/f.1195843739892CF439726866CA7D4ED2.d.2AFC476D6F1F3988A46B876805B6FF83.e.17513/click - {}
RESULT: {}
RESULT: {}
RESULT: undefined
COMMAND: POST /session/0631827be0a93fac797ef22e97364bed/element - {"using":"xpath","value":"//*[@id=\"application-manageresources-display-component---newResourceUnit--btnAddTimeSegment-img\"]"}
COMMAND: GET /session/0631827be0a93fac797ef22e97364bed/screenshot - {}
RESULT: {"using":"xpath","value":"//*[@id=\"application-manageresources-display-component---newResourceUnit--btnAddTimeSegment-img\"]"}
COMMAND: POST /session/0631827be0a93fac797ef22e97364bed/element/f.1195843739892CF439726866CA7D4ED2.d.2AFC476D6F1F3988A46B876805B6FF83.e.17515/click - {}
RESULT: {}
RESULT: {}
COMMAND: POST /session/0631827be0a93fac797ef22e97364bed/element - {"using":"xpath","value":"//input[@id=\"application-manageresources-display-component---newResourceUnit--idRuTSAdmin-application-manageresources-display-component---newResourceUnit--RUTimeSegment-0-inner\"]"}
COMMAND: GET /session/0631827be0a93fac797ef22e97364bed/screenshot - {}
RESULT: {"using":"xpath","value":"//input[@id=\"application-manageresources-display-component---newResourceUnit--idRuTSAdmin-application-manageresources-display-component---newResourceUnit--RUTimeSegment-0-inner\"]"}
COMMAND: POST /session/0631827be0a93fac797ef22e97364bed/element/f.1195843739892CF439726866CA7D4ED2.d.2AFC476D6F1F3988A46B876805B6FF83.e.17521/clear - {}
RESULT: {}
RESULT: {}
COMMAND: POST /session/0631827be0a93fac797ef22e97364bed/element/f.1195843739892CF439726866CA7D4ED2.d.2AFC476D6F1F3988A46B876805B6FF83.e.17521/value - {"text":"106"}
COMMAND: GET /session/0631827be0a93fac797ef22e97364bed/screenshot - {}
RESULT: {"text":"106"}
COMMAND: GET /session/0631827be0a93fac797ef22e97364bed/screenshot - {}
RESULT: {}
RESULT: {}
COMMAND: POST /session/0631827be0a93fac797ef22e97364bed/actions - {"actions":[{"id":"action84","type":"key","parameters":{},"actions":[{"type":"keyDown","value":"î€‡"},{"type":"pause","duration":10},{"type":"keyUp","value":"î€‡"}]}]}
RESULT: {"actions":[{"id":"action84","type":"key","parameters":{},"actions":[{"type":"keyDown","value":"î€‡"},{"type":"pause","duration":10},{"type":"keyUp","value":"î€‡"}]}]}
COMMAND: GET /session/0631827be0a93fac797ef22e97364bed/screenshot - {}
RESULT: {}
COMMAND: POST /session/0631827be0a93fac797ef22e97364bed/element - {"using":"xpath","value":"//*[text()=\"Save\"]"}
RESULT: {"using":"xpath","value":"//*[text()=\"Save\"]"}
COMMAND: POST /session/0631827be0a93fac797ef22e97364bed/execute/sync - {"script":"<script> [8489 bytes]","args":[{"element-6066-11e4-a52e-4f735466cecf":"f.1195843739892CF439726866CA7D4ED2.d.2AFC476D6F1F3988A46B876805B6FF83.e.17386","ELEMENT":"f.1195843739892CF439726866CA7D4ED2.d.2AFC476D6F1F3988A46B876805B6FF83.e.17386"}]}
RESULT: {"script":"<script> [8489 bytes]","args":[{"element-6066-11e4-a52e-4f735466cecf":"f.1195843739892CF439726866CA7D4ED2.d.2AFC476D6F1F3988A46B876805B6FF83.e.17386","ELEMENT":"f.1195843739892CF439726866CA7D4ED2.d.2AFC476D6F1F3988A46B876805B6FF83.e.17386"}]}
COMMAND: POST /session/0631827be0a93fac797ef22e97364bed/execute/sync - {"script":"<script> [5351 bytes]","args":[{"element-6066-11e4-a52e-4f735466cecf":"f.1195843739892CF439726866CA7D4ED2.d.2AFC476D6F1F3988A46B876805B6FF83.e.17386","ELEMENT":"f.1195843739892CF439726866CA7D4ED2.d.2AFC476D6F1F3988A46B876805B6FF83.e.17386"}]}
COMMAND: GET /session/0631827be0a93fac797ef22e97364bed/screenshot - {}
RESULT: {"script":"<script> [5351 bytes]","args":[{"element-6066-11e4-a52e-4f735466cecf":"f.1195843739892CF439726866CA7D4ED2.d.2AFC476D6F1F3988A46B876805B6FF83.e.17386","ELEMENT":"f.1195843739892CF439726866CA7D4ED2.d.2AFC476D6F1F3988A46B876805B6FF83.e.17386"}]}
COMMAND: POST /session/0631827be0a93fac797ef22e97364bed/element/f.1195843739892CF439726866CA7D4ED2.d.2AFC476D6F1F3988A46B876805B6FF83.e.17386/click - {}
COMMAND: GET /session/0631827be0a93fac797ef22e97364bed/screenshot - {}
RESULT: {}
RESULT: {}
COMMAND: GET /session/0631827be0a93fac797ef22e97364bed/screenshot - {}
RESULT: {}
RESULT: {}
COMMAND: POST /session/0631827be0a93fac797ef22e97364bed/element - {"using":"xpath","value":"//bdi[contains(text(), \"Close\")]"}
RESULT: {"using":"xpath","value":"//bdi[contains(text(), \"Close\")]"}
COMMAND: POST /session/0631827be0a93fac797ef22e97364bed/element/f.1195843739892CF439726866CA7D4ED2.d.2AFC476D6F1F3988A46B876805B6FF83.e.17541/click - {}
RESULT: {}
COMMAND: GET /session/0631827be0a93fac797ef22e97364bed/screenshot - {}
RESULT: {}
RESULT: undefined
COMMAND: POST /session/0631827be0a93fac797ef22e97364bed/execute/async - {"script":"<script> [6424 bytes]","args":[{"element-6066-11e4-a52e-4f735466cecf":"f.1195843739892CF439726866CA7D4ED2.d.2AFC476D6F1F3988A46B876805B6FF83.e.17422"},"getText",[]]}
RESULT: {"script":"<script> [6424 bytes]","args":[{"element-6066-11e4-a52e-4f735466cecf":"f.1195843739892CF439726866CA7D4ED2.d.2AFC476D6F1F3988A46B876805B6FF83.e.17422"},"getText",[]]}
COMMAND: POST /session/0631827be0a93fac797ef22e97364bed/element - {"using":"css selector","value":"#shell-header-logo"}
RESULT: {"using":"css selector","value":"#shell-header-logo"}
COMMAND: POST /session/0631827be0a93fac797ef22e97364bed/element/f.1195843739892CF439726866CA7D4ED2.d.2AFC476D6F1F3988A46B876805B6FF83.e.16815/click - {}
RESULT: {}
COMMAND: GET /session/0631827be0a93fac797ef22e97364bed/screenshot - {}
RESULT: {}
]]></system-out>
    </testcase>
    <testcase classname="chrome.135_0_7049_96.windows.Transfer_Yard_to_Yard_US131076" name="Should do a stock increase for the equipment and multipart" time="69.889">
      <system-out><![CDATA[
COMMAND: POST /session/0631827be0a93fac797ef22e97364bed/execute/async - {"script":"<script> [1562 bytes]","args":[{"selector":{"controlType":"sap.m.Text","viewName":"etm.portal.ui.managehandoverstile.view.Master","properties":{"text":"Manage Handovers"},"interaction":{"idSuffix":"inner"}},"wdio_ui5_key":"etmportal.ui.managehandoverstile.view.Mastersap.m.Text{\"text\":\"Manage Handovers\"}"}]}
RESULT: {"script":"<script> [1562 bytes]","args":[{"selector":{"controlType":"sap.m.Text","viewName":"etm.portal.ui.managehandoverstile.view.Master","properties":{"text":"Manage Handovers"},"interaction":{"idSuffix":"inner"}},"wdio_ui5_key":"etmportal.ui.managehandoverstile.view.Mastersap.m.Text{\"text\":\"Manage Handovers\"}"}]}
RESULT: undefined
COMMAND: POST /session/0631827be0a93fac797ef22e97364bed/element - {"using":"xpath","value":"//*[@id=\"__tile133-title\"]"}
RESULT: {"using":"xpath","value":"//*[@id=\"__tile133-title\"]"}
COMMAND: POST /session/0631827be0a93fac797ef22e97364bed/element/f.1195843739892CF439726866CA7D4ED2.d.2AFC476D6F1F3988A46B876805B6FF83.e.17556/click - {}
RESULT: {}
COMMAND: GET /session/0631827be0a93fac797ef22e97364bed/screenshot - {}
COMMAND: POST /session/0631827be0a93fac797ef22e97364bed/execute/async - {"script":"<script> [1562 bytes]","args":[{"selector":{"controlType":"sap.ui.core.Icon","viewName":"etm.portal.ui.managehandovers.view.MasterHO","properties":{"src":{"regex":{"source":"add"}}}},"wdio_ui5_key":"etmportal.ui.managehandovers.view.MasterHOsap.ui.core.Icon{\"src\":{\"regex\":{\"source\":\"add\"}}}"}]}
RESULT: {}
RESULT: {"script":"<script> [1562 bytes]","args":[{"selector":{"controlType":"sap.ui.core.Icon","viewName":"etm.portal.ui.managehandovers.view.MasterHO","properties":{"src":{"regex":{"source":"add"}}}},"wdio_ui5_key":"etmportal.ui.managehandovers.view.MasterHOsap.ui.core.Icon{\"src\":{\"regex\":{\"source\":\"add\"}}}"}]}
RESULT: undefined
COMMAND: POST /session/0631827be0a93fac797ef22e97364bed/element - {"using":"xpath","value":"//*[@id=\"__button85-img\"]"}
RESULT: {"using":"xpath","value":"//*[@id=\"__button85-img\"]"}
COMMAND: POST /session/0631827be0a93fac797ef22e97364bed/element/f.1195843739892CF439726866CA7D4ED2.d.2AFC476D6F1F3988A46B876805B6FF83.e.17600/click - {}
RESULT: {}
COMMAND: POST /session/0631827be0a93fac797ef22e97364bed/execute/async - {"script":"<script> [1562 bytes]","args":[{"selector":{"id":"application-managehandovers-display-component---AddNewHO--typeSelect","interaction":{"idSuffix":"arrow"}},"wdio_ui5_key":"applicationmanagehandovers-display-component---AddNewHO--typeSelect"}]}
COMMAND: GET /session/0631827be0a93fac797ef22e97364bed/screenshot - {}
RESULT: {"script":"<script> [1562 bytes]","args":[{"selector":{"id":"application-managehandovers-display-component---AddNewHO--typeSelect","interaction":{"idSuffix":"arrow"}},"wdio_ui5_key":"applicationmanagehandovers-display-component---AddNewHO--typeSelect"}]}
RESULT: undefined
COMMAND: POST /session/0631827be0a93fac797ef22e97364bed/element - {"using":"xpath","value":"//*[@id=\"application-managehandovers-display-component---AddNewHO--typeSelect\"]"}
RESULT: {}
RESULT: {"using":"xpath","value":"//*[@id=\"application-managehandovers-display-component---AddNewHO--typeSelect\"]"}
COMMAND: POST /session/0631827be0a93fac797ef22e97364bed/element/f.1195843739892CF439726866CA7D4ED2.d.2AFC476D6F1F3988A46B876805B6FF83.e.17890/click - {}
RESULT: {}
COMMAND: POST /session/0631827be0a93fac797ef22e97364bed/execute/async - {"script":"<script> [1562 bytes]","args":[{"selector":{"controlType":"sap.ui.core.Item","viewName":"etm.portal.ui.managehandovers.view.AddNewHO","viewId":"application-managehandovers-display-component---AddNewHO","bindingPath":{"path":"/HandOverTypes('100')","propertyPath":"ID","modelName":"catalogModel"},"searchOpenDialogs":true},"wdio_ui5_key":"etmportal.ui.managehandovers.view.AddNewHOsap.ui.core.Item{\"path\":\"/HandOverTypes('100')\",\"propertyPath\":\"ID\",\"modelName\":\"catalogModel\"}"}]}
COMMAND: GET /session/0631827be0a93fac797ef22e97364bed/screenshot - {}
RESULT: {"script":"<script> [1562 bytes]","args":[{"selector":{"controlType":"sap.ui.core.Item","viewName":"etm.portal.ui.managehandovers.view.AddNewHO","viewId":"application-managehandovers-display-component---AddNewHO","bindingPath":{"path":"/HandOverTypes('100')","propertyPath":"ID","modelName":"catalogModel"},"searchOpenDialogs":true},"wdio_ui5_key":"etmportal.ui.managehandovers.view.AddNewHOsap.ui.core.Item{\"path\":\"/HandOverTypes('100')\",\"propertyPath\":\"ID\",\"modelName\":\"catalogModel\"}"}]}
RESULT: undefined
COMMAND: POST /session/0631827be0a93fac797ef22e97364bed/element - {"using":"xpath","value":"//*[@id=\"__item1210-application-managehandovers-display-component---AddNewHO--typeSelect-1\"]"}
RESULT: {}
RESULT: {"using":"xpath","value":"//*[@id=\"__item1210-application-managehandovers-display-component---AddNewHO--typeSelect-1\"]"}
COMMAND: POST /session/0631827be0a93fac797ef22e97364bed/element/f.1195843739892CF439726866CA7D4ED2.d.2AFC476D6F1F3988A46B876805B6FF83.e.17891/click - {}
RESULT: {}
COMMAND: POST /session/0631827be0a93fac797ef22e97364bed/execute/async - {"script":"<script> [1562 bytes]","args":[{"selector":{"id":"application-managehandovers-display-component---AddNewHO--dueDate","interaction":{"idSuffix":"inner"}},"wdio_ui5_key":"applicationmanagehandovers-display-component---AddNewHO--dueDate"}]}
COMMAND: GET /session/0631827be0a93fac797ef22e97364bed/screenshot - {}
RESULT: {"script":"<script> [1562 bytes]","args":[{"selector":{"id":"application-managehandovers-display-component---AddNewHO--dueDate","interaction":{"idSuffix":"inner"}},"wdio_ui5_key":"applicationmanagehandovers-display-component---AddNewHO--dueDate"}]}
RESULT: undefined
COMMAND: POST /session/0631827be0a93fac797ef22e97364bed/element - {"using":"xpath","value":"//input[@id=\"generalSectionFrg--receiveYard-inner\"]"}
RESULT: {}
RESULT: {"using":"xpath","value":"//input[@id=\"generalSectionFrg--receiveYard-inner\"]"}
COMMAND: POST /session/0631827be0a93fac797ef22e97364bed/element/f.1195843739892CF439726866CA7D4ED2.d.2AFC476D6F1F3988A46B876805B6FF83.e.17901/clear - {}
RESULT: {}
COMMAND: POST /session/0631827be0a93fac797ef22e97364bed/element/f.1195843739892CF439726866CA7D4ED2.d.2AFC476D6F1F3988A46B876805B6FF83.e.17901/value - {"text":"106"}
COMMAND: GET /session/0631827be0a93fac797ef22e97364bed/screenshot - {}
RESULT: {"text":"106"}
COMMAND: GET /session/0631827be0a93fac797ef22e97364bed/screenshot - {}
RESULT: {}
RESULT: {}
COMMAND: POST /session/0631827be0a93fac797ef22e97364bed/element - {"using":"xpath","value":"//input[@id=\"application-managehandovers-display-component---AddNewHO--dueDate-inner\"]"}
RESULT: {"using":"xpath","value":"//input[@id=\"application-managehandovers-display-component---AddNewHO--dueDate-inner\"]"}
COMMAND: POST /session/0631827be0a93fac797ef22e97364bed/elements - {"using":"xpath","value":"//input[@id=\"application-managehandovers-display-component---AddNewHO--dueDate-inner\"]"}
RESULT: {"using":"xpath","value":"//input[@id=\"application-managehandovers-display-component---AddNewHO--dueDate-inner\"]"}
COMMAND: POST /session/0631827be0a93fac797ef22e97364bed/execute/sync - {"script":"<script> [8489 bytes]","args":[{"element-6066-11e4-a52e-4f735466cecf":"f.1195843739892CF439726866CA7D4ED2.d.2AFC476D6F1F3988A46B876805B6FF83.e.17895","ELEMENT":"f.1195843739892CF439726866CA7D4ED2.d.2AFC476D6F1F3988A46B876805B6FF83.e.17895"}]}
RESULT: {"script":"<script> [8489 bytes]","args":[{"element-6066-11e4-a52e-4f735466cecf":"f.1195843739892CF439726866CA7D4ED2.d.2AFC476D6F1F3988A46B876805B6FF83.e.17895","ELEMENT":"f.1195843739892CF439726866CA7D4ED2.d.2AFC476D6F1F3988A46B876805B6FF83.e.17895"}]}
COMMAND: GET /session/0631827be0a93fac797ef22e97364bed/element/f.1195843739892CF439726866CA7D4ED2.d.2AFC476D6F1F3988A46B876805B6FF83.e.17895/enabled - {}
COMMAND: GET /session/0631827be0a93fac797ef22e97364bed/screenshot - {}
RESULT: {}
COMMAND: POST /session/0631827be0a93fac797ef22e97364bed/element/f.1195843739892CF439726866CA7D4ED2.d.2AFC476D6F1F3988A46B876805B6FF83.e.17895/click - {}
COMMAND: GET /session/0631827be0a93fac797ef22e97364bed/screenshot - {}
RESULT: {}
RESULT: {}
COMMAND: POST /session/0631827be0a93fac797ef22e97364bed/element/f.1195843739892CF439726866CA7D4ED2.d.2AFC476D6F1F3988A46B876805B6FF83.e.17895/clear - {}
COMMAND: GET /session/0631827be0a93fac797ef22e97364bed/screenshot - {}
RESULT: {}
RESULT: {}
COMMAND: POST /session/0631827be0a93fac797ef22e97364bed/element/f.1195843739892CF439726866CA7D4ED2.d.2AFC476D6F1F3988A46B876805B6FF83.e.17895/clear - {}
COMMAND: GET /session/0631827be0a93fac797ef22e97364bed/screenshot - {}
RESULT: {}
RESULT: {}
COMMAND: POST /session/0631827be0a93fac797ef22e97364bed/element/f.1195843739892CF439726866CA7D4ED2.d.2AFC476D6F1F3988A46B876805B6FF83.e.17895/value - {"text":"4/30/25"}
COMMAND: GET /session/0631827be0a93fac797ef22e97364bed/screenshot - {}
RESULT: {}
RESULT: {"text":"4/30/25"}
COMMAND: POST /session/0631827be0a93fac797ef22e97364bed/execute/async - {"script":"<script> [1562 bytes]","args":[{"selector":{"id":"application-managehandovers-display-component---AddNewHO--ObjectPageLayout-anchBar-application-managehandovers-display-component---AddNewHO--section4-anchor","interaction":{"idSuffix":"BDI-content"}},"wdio_ui5_key":"applicationmanagehandovers-display-component---AddNewHO--ObjectPageLayout-anchBar-application-managehandovers-display-component---AddNewHO--section4-anchor"}]}
COMMAND: GET /session/0631827be0a93fac797ef22e97364bed/screenshot - {}
RESULT: {}
RESULT: {"script":"<script> [1562 bytes]","args":[{"selector":{"id":"application-managehandovers-display-component---AddNewHO--ObjectPageLayout-anchBar-application-managehandovers-display-component---AddNewHO--section4-anchor","interaction":{"idSuffix":"BDI-content"}},"wdio_ui5_key":"applicationmanagehandovers-display-component---AddNewHO--ObjectPageLayout-anchBar-application-managehandovers-display-component---AddNewHO--section4-anchor"}]}
RESULT: undefined
COMMAND: POST /session/0631827be0a93fac797ef22e97364bed/element - {"using":"xpath","value":"//*[@id=\"application-managehandovers-display-component---AddNewHO--ObjectPageLayout-anchBar-application-managehandovers-display-component---AddNewHO--section4-anchor\"]"}
RESULT: {}
RESULT: {"using":"xpath","value":"//*[@id=\"application-managehandovers-display-component---AddNewHO--ObjectPageLayout-anchBar-application-managehandovers-display-component---AddNewHO--section4-anchor\"]"}
COMMAND: POST /session/0631827be0a93fac797ef22e97364bed/element/f.1195843739892CF439726866CA7D4ED2.d.2AFC476D6F1F3988A46B876805B6FF83.e.17918/click - {}
RESULT: {}
COMMAND: POST /session/0631827be0a93fac797ef22e97364bed/execute/async - {"script":"<script> [1562 bytes]","args":[{"selector":{"controlType":"sap.ui.core.Icon","viewName":"etm.portal.ui.managehandovers.view.AddNewHO","viewId":"application-managehandovers-display-component---AddNewHO","properties":{"src":{"regex":{"source":"add"}}}},"wdio_ui5_key":"etmportal.ui.managehandovers.view.AddNewHOsap.ui.core.Icon{\"src\":{\"regex\":{\"source\":\"add\"}}}"}]}
COMMAND: GET /session/0631827be0a93fac797ef22e97364bed/screenshot - {}
RESULT: {"script":"<script> [1562 bytes]","args":[{"selector":{"controlType":"sap.ui.core.Icon","viewName":"etm.portal.ui.managehandovers.view.AddNewHO","viewId":"application-managehandovers-display-component---AddNewHO","properties":{"src":{"regex":{"source":"add"}}}},"wdio_ui5_key":"etmportal.ui.managehandovers.view.AddNewHOsap.ui.core.Icon{\"src\":{\"regex\":{\"source\":\"add\"}}}"}]}
RESULT: undefined
COMMAND: POST /session/0631827be0a93fac797ef22e97364bed/element - {"using":"xpath","value":"//*[@id=\"__button104-img\"]"}
RESULT: {}
RESULT: {"using":"xpath","value":"//*[@id=\"__button104-img\"]"}
COMMAND: POST /session/0631827be0a93fac797ef22e97364bed/element/f.1195843739892CF439726866CA7D4ED2.d.2AFC476D6F1F3988A46B876805B6FF83.e.17922/click - {}
RESULT: {}
COMMAND: POST /session/0631827be0a93fac797ef22e97364bed/execute/async - {"script":"<script> [1562 bytes]","args":[{"selector":{"id":"application-managehandovers-display-component---AddNewHO--smartFilterBar-btnBasicSearch","searchOpenDialogs":true,"interaction":{"idSuffix":"I"}},"wdio_ui5_key":"applicationmanagehandovers-display-component---AddNewHO--smartFilterBar-btnBasicSearch"}]}
COMMAND: GET /session/0631827be0a93fac797ef22e97364bed/screenshot - {}
RESULT: {"script":"<script> [1562 bytes]","args":[{"selector":{"id":"application-managehandovers-display-component---AddNewHO--smartFilterBar-btnBasicSearch","searchOpenDialogs":true,"interaction":{"idSuffix":"I"}},"wdio_ui5_key":"applicationmanagehandovers-display-component---AddNewHO--smartFilterBar-btnBasicSearch"}]}
RESULT: undefined
COMMAND: POST /session/0631827be0a93fac797ef22e97364bed/execute/async - {"script":"<script> [776 bytes]","args":[{"enterText":"TransferYard","selector":{"id":"application-managehandovers-display-component---AddNewHO--smartFilterBar-btnBasicSearch","searchOpenDialogs":true,"interaction":{"idSuffix":"I"}},"clearTextFirst":true,"interactionType":"ENTER_TEXT"}]}
RESULT: {}
RESULT: {"script":"<script> [776 bytes]","args":[{"enterText":"TransferYard","selector":{"id":"application-managehandovers-display-component---AddNewHO--smartFilterBar-btnBasicSearch","searchOpenDialogs":true,"interaction":{"idSuffix":"I"}},"clearTextFirst":true,"interactionType":"ENTER_TEXT"}]}
COMMAND: POST /session/0631827be0a93fac797ef22e97364bed/actions - {"actions":[{"id":"action85","type":"key","parameters":{},"actions":[{"type":"keyDown","value":"î€‡"},{"type":"pause","duration":10},{"type":"keyUp","value":"î€‡"}]}]}
RESULT: {"actions":[{"id":"action85","type":"key","parameters":{},"actions":[{"type":"keyDown","value":"î€‡"},{"type":"pause","duration":10},{"type":"keyUp","value":"î€‡"}]}]}
COMMAND: POST /session/0631827be0a93fac797ef22e97364bed/execute/async - {"script":"<script> [1562 bytes]","args":[{"selector":{"id":"application-managehandovers-display-component---AddNewHO--popup-sa","searchOpenDialogs":true,"interaction":{"idSuffix":"CbBg"}},"wdio_ui5_key":"applicationmanagehandovers-display-component---AddNewHO--popup-sa"}]}
COMMAND: GET /session/0631827be0a93fac797ef22e97364bed/screenshot - {}
RESULT: {"script":"<script> [1562 bytes]","args":[{"selector":{"id":"application-managehandovers-display-component---AddNewHO--popup-sa","searchOpenDialogs":true,"interaction":{"idSuffix":"CbBg"}},"wdio_ui5_key":"applicationmanagehandovers-display-component---AddNewHO--popup-sa"}]}
RESULT: undefined
COMMAND: POST /session/0631827be0a93fac797ef22e97364bed/element - {"using":"xpath","value":"//*[@id=\"application-managehandovers-display-component---AddNewHO--popup-sa\"]"}
RESULT: {}
RESULT: {"using":"xpath","value":"//*[@id=\"application-managehandovers-display-component---AddNewHO--popup-sa\"]"}
COMMAND: POST /session/0631827be0a93fac797ef22e97364bed/element/f.1195843739892CF439726866CA7D4ED2.d.2AFC476D6F1F3988A46B876805B6FF83.e.18084/click - {}
RESULT: {}
COMMAND: POST /session/0631827be0a93fac797ef22e97364bed/execute/async - {"script":"<script> [1562 bytes]","args":[{"selector":{"controlType":"sap.m.Button","viewName":"etm.portal.ui.managehandovers.view.AddNewHO","viewId":"application-managehandovers-display-component---AddNewHO","i18NText":{"propertyName":"text","key":"select"},"searchOpenDialogs":true,"interaction":{"idSuffix":"BDI-content"}},"wdio_ui5_key":"etmportal.ui.managehandovers.view.AddNewHOsap.m.Button{\"propertyName\":\"text\",\"key\":\"select\"}"}]}
COMMAND: GET /session/0631827be0a93fac797ef22e97364bed/screenshot - {}
RESULT: {"script":"<script> [1562 bytes]","args":[{"selector":{"controlType":"sap.m.Button","viewName":"etm.portal.ui.managehandovers.view.AddNewHO","viewId":"application-managehandovers-display-component---AddNewHO","i18NText":{"propertyName":"text","key":"select"},"searchOpenDialogs":true,"interaction":{"idSuffix":"BDI-content"}},"wdio_ui5_key":"etmportal.ui.managehandovers.view.AddNewHOsap.m.Button{\"propertyName\":\"text\",\"key\":\"select\"}"}]}
RESULT: undefined
COMMAND: POST /session/0631827be0a93fac797ef22e97364bed/element - {"using":"xpath","value":"//*[@id=\"__button107\"]"}
RESULT: {}
RESULT: {"using":"xpath","value":"//*[@id=\"__button107\"]"}
COMMAND: POST /session/0631827be0a93fac797ef22e97364bed/element/f.1195843739892CF439726866CA7D4ED2.d.2AFC476D6F1F3988A46B876805B6FF83.e.18086/click - {}
RESULT: {}
COMMAND: GET /session/0631827be0a93fac797ef22e97364bed/screenshot - {}
RESULT: {}
COMMAND: POST /session/0631827be0a93fac797ef22e97364bed/execute/async - {"script":"<script> [1562 bytes]","args":[{"selector":{"controlType":"sap.m.Input","viewName":"etm.portal.ui.managehandovers.view.AddNewHO","viewId":"application-managehandovers-display-component---AddNewHO","bindingPath":{"path":"/items/0","propertyPath":"TYPE","modelName":"hoItemsModel"},"interaction":{"idSuffix":"inner"}},"wdio_ui5_key":"etmportal.ui.managehandovers.view.AddNewHOsap.m.Input{\"path\":\"/items/0\",\"propertyPath\":\"TYPE\",\"modelName\":\"hoItemsModel\"}"}]}
RESULT: {"script":"<script> [1562 bytes]","args":[{"selector":{"controlType":"sap.m.Input","viewName":"etm.portal.ui.managehandovers.view.AddNewHO","viewId":"application-managehandovers-display-component---AddNewHO","bindingPath":{"path":"/items/0","propertyPath":"TYPE","modelName":"hoItemsModel"},"interaction":{"idSuffix":"inner"}},"wdio_ui5_key":"etmportal.ui.managehandovers.view.AddNewHOsap.m.Input{\"path\":\"/items/0\",\"propertyPath\":\"TYPE\",\"modelName\":\"hoItemsModel\"}"}]}
RESULT: undefined
COMMAND: POST /session/0631827be0a93fac797ef22e97364bed/execute/async - {"script":"<script> [776 bytes]","args":[{"enterText":"100","selector":{"controlType":"sap.m.Input","viewName":"etm.portal.ui.managehandovers.view.AddNewHO","viewId":"application-managehandovers-display-component---AddNewHO","bindingPath":{"path":"/items/0","propertyPath":"TYPE","modelName":"hoItemsModel"},"interaction":{"idSuffix":"inner"}},"clearTextFirst":true,"interactionType":"ENTER_TEXT"}]}
RESULT: {"script":"<script> [776 bytes]","args":[{"enterText":"100","selector":{"controlType":"sap.m.Input","viewName":"etm.portal.ui.managehandovers.view.AddNewHO","viewId":"application-managehandovers-display-component---AddNewHO","bindingPath":{"path":"/items/0","propertyPath":"TYPE","modelName":"hoItemsModel"},"interaction":{"idSuffix":"inner"}},"clearTextFirst":true,"interactionType":"ENTER_TEXT"}]}
COMMAND: POST /session/0631827be0a93fac797ef22e97364bed/execute/async - {"script":"<script> [1562 bytes]","args":[{"selector":{"id":"application-managehandovers-display-component---AddNewHO--confirmCreationButton","interaction":{"idSuffix":"BDI-content"}},"wdio_ui5_key":"applicationmanagehandovers-display-component---AddNewHO--confirmCreationButton"}]}
RESULT: {"script":"<script> [1562 bytes]","args":[{"selector":{"id":"application-managehandovers-display-component---AddNewHO--confirmCreationButton","interaction":{"idSuffix":"BDI-content"}},"wdio_ui5_key":"applicationmanagehandovers-display-component---AddNewHO--confirmCreationButton"}]}
RESULT: undefined
COMMAND: POST /session/0631827be0a93fac797ef22e97364bed/element - {"using":"xpath","value":"//*[@id=\"application-managehandovers-display-component---AddNewHO--confirmCreationButton\"]"}
RESULT: {"using":"xpath","value":"//*[@id=\"application-managehandovers-display-component---AddNewHO--confirmCreationButton\"]"}
COMMAND: POST /session/0631827be0a93fac797ef22e97364bed/element/f.1195843739892CF439726866CA7D4ED2.d.2AFC476D6F1F3988A46B876805B6FF83.e.18114/click - {}
RESULT: {}
COMMAND: GET /session/0631827be0a93fac797ef22e97364bed/screenshot - {}
COMMAND: POST /session/0631827be0a93fac797ef22e97364bed/execute/async - {"script":"<script> [1562 bytes]","args":[{"selector":{"controlType":"sap.m.Button","viewName":"etm.portal.ui.managehandovers.view.DetailExecuteHO","i18NText":{"propertyName":"text","key":"confirmAll"},"interaction":{"idSuffix":"BDI-content"}},"wdio_ui5_key":"etmportal.ui.managehandovers.view.DetailExecuteHOsap.m.Button{\"propertyName\":\"text\",\"key\":\"confirmAll\"}"}]}
RESULT: {}
RESULT: {"script":"<script> [1562 bytes]","args":[{"selector":{"controlType":"sap.m.Button","viewName":"etm.portal.ui.managehandovers.view.DetailExecuteHO","i18NText":{"propertyName":"text","key":"confirmAll"},"interaction":{"idSuffix":"BDI-content"}},"wdio_ui5_key":"etmportal.ui.managehandovers.view.DetailExecuteHOsap.m.Button{\"propertyName\":\"text\",\"key\":\"confirmAll\"}"}]}
RESULT: undefined
COMMAND: POST /session/0631827be0a93fac797ef22e97364bed/element - {"using":"xpath","value":"//*[@id=\"__button136\"]"}
RESULT: {"using":"xpath","value":"//*[@id=\"__button136\"]"}
COMMAND: POST /session/0631827be0a93fac797ef22e97364bed/element/f.1195843739892CF439726866CA7D4ED2.d.2AFC476D6F1F3988A46B876805B6FF83.e.18197/click - {}
RESULT: {}
COMMAND: POST /session/0631827be0a93fac797ef22e97364bed/execute/async - {"script":"<script> [1562 bytes]","args":[{"selector":{"controlType":"sap.m.Button","properties":{"text":"OK"},"searchOpenDialogs":true,"interaction":{"idSuffix":"BDI-content"}},"wdio_ui5_key":"sapm.Button{\"text\":\"OK\"}"}]}
COMMAND: GET /session/0631827be0a93fac797ef22e97364bed/screenshot - {}
RESULT: {"script":"<script> [1562 bytes]","args":[{"selector":{"controlType":"sap.m.Button","properties":{"text":"OK"},"searchOpenDialogs":true,"interaction":{"idSuffix":"BDI-content"}},"wdio_ui5_key":"sapm.Button{\"text\":\"OK\"}"}]}
RESULT: undefined
COMMAND: POST /session/0631827be0a93fac797ef22e97364bed/element - {"using":"xpath","value":"//*[@id=\"__mbox-btn-2\"]"}
RESULT: {}
RESULT: {"using":"xpath","value":"//*[@id=\"__mbox-btn-2\"]"}
COMMAND: POST /session/0631827be0a93fac797ef22e97364bed/element/f.1195843739892CF439726866CA7D4ED2.d.2AFC476D6F1F3988A46B876805B6FF83.e.18198/click - {}
RESULT: {}
COMMAND: GET /session/0631827be0a93fac797ef22e97364bed/screenshot - {}
RESULT: {}
COMMAND: POST /session/0631827be0a93fac797ef22e97364bed/element - {"using":"xpath","value":"//input[contains(@id, \"receiptDatePicker-inner\")]"}
RESULT: {"using":"xpath","value":"//input[contains(@id, \"receiptDatePicker-inner\")]"}
COMMAND: POST /session/0631827be0a93fac797ef22e97364bed/elements - {"using":"xpath","value":"//input[contains(@id, \"receiptDatePicker-inner\")]"}
RESULT: {"using":"xpath","value":"//input[contains(@id, \"receiptDatePicker-inner\")]"}
COMMAND: POST /session/0631827be0a93fac797ef22e97364bed/execute/sync - {"script":"<script> [8489 bytes]","args":[{"element-6066-11e4-a52e-4f735466cecf":"f.1195843739892CF439726866CA7D4ED2.d.2AFC476D6F1F3988A46B876805B6FF83.e.18142","ELEMENT":"f.1195843739892CF439726866CA7D4ED2.d.2AFC476D6F1F3988A46B876805B6FF83.e.18142"}]}
RESULT: {"script":"<script> [8489 bytes]","args":[{"element-6066-11e4-a52e-4f735466cecf":"f.1195843739892CF439726866CA7D4ED2.d.2AFC476D6F1F3988A46B876805B6FF83.e.18142","ELEMENT":"f.1195843739892CF439726866CA7D4ED2.d.2AFC476D6F1F3988A46B876805B6FF83.e.18142"}]}
COMMAND: GET /session/0631827be0a93fac797ef22e97364bed/element/f.1195843739892CF439726866CA7D4ED2.d.2AFC476D6F1F3988A46B876805B6FF83.e.18142/enabled - {}
COMMAND: GET /session/0631827be0a93fac797ef22e97364bed/screenshot - {}
RESULT: {}
COMMAND: POST /session/0631827be0a93fac797ef22e97364bed/element/f.1195843739892CF439726866CA7D4ED2.d.2AFC476D6F1F3988A46B876805B6FF83.e.18142/click - {}
COMMAND: GET /session/0631827be0a93fac797ef22e97364bed/screenshot - {}
RESULT: {}
RESULT: {}
COMMAND: POST /session/0631827be0a93fac797ef22e97364bed/element/f.1195843739892CF439726866CA7D4ED2.d.2AFC476D6F1F3988A46B876805B6FF83.e.18142/clear - {}
COMMAND: GET /session/0631827be0a93fac797ef22e97364bed/screenshot - {}
RESULT: {}
RESULT: {}
COMMAND: POST /session/0631827be0a93fac797ef22e97364bed/element/f.1195843739892CF439726866CA7D4ED2.d.2AFC476D6F1F3988A46B876805B6FF83.e.18142/clear - {}
COMMAND: GET /session/0631827be0a93fac797ef22e97364bed/screenshot - {}
RESULT: {}
RESULT: {}
COMMAND: POST /session/0631827be0a93fac797ef22e97364bed/element/f.1195843739892CF439726866CA7D4ED2.d.2AFC476D6F1F3988A46B876805B6FF83.e.18142/value - {"text":"4/30/25"}
COMMAND: GET /session/0631827be0a93fac797ef22e97364bed/screenshot - {}
RESULT: {}
RESULT: {"text":"4/30/25"}
COMMAND: POST /session/0631827be0a93fac797ef22e97364bed/execute/async - {"script":"<script> [1562 bytes]","args":[{"selector":{"id":"confirmationButton","viewName":"etm.portal.ui.managehandovers.view.DetailExecuteHO","interaction":{"idSuffix":"BDI-content"}},"wdio_ui5_key":"confirmationButtonetmportal.ui.managehandovers.view.DetailExecuteHO"}]}
COMMAND: GET /session/0631827be0a93fac797ef22e97364bed/screenshot - {}
RESULT: {}
RESULT: {"script":"<script> [1562 bytes]","args":[{"selector":{"id":"confirmationButton","viewName":"etm.portal.ui.managehandovers.view.DetailExecuteHO","interaction":{"idSuffix":"BDI-content"}},"wdio_ui5_key":"confirmationButtonetmportal.ui.managehandovers.view.DetailExecuteHO"}]}
RESULT: undefined
RESULT: {}
]]></system-out>
    </testcase>
  </testsuite>
</testsuites>