<?xml version="1.0" encoding="UTF-8"?>
<testsuites tests="49" failures="0" errors="0" skipped="0">
  <testsuite timestamp="2025-05-14T15:09:35" time="1860.005" tests="49" failures="0" errors="0" skipped="0">
    <properties>
      <property name="specId" value="0" />
      <property name="suiteName" value="Sanity Tests US104253" />
      <property name="capabilities" value="chrome.136_0_7103_49.windows" />
      <property name="file" value="file:///D:/a/1/s/test/specs/General/sanity.spec.js" />
    </properties>
    <testcase classname="chrome.136_0_7103_49.windows.Sanity_Tests_US104253" name="Should open Manage Partners page" time="36.741">
      <system-out><![CDATA[
COMMAND: POST /session/ebdc253b850fcc648129397d54401728/execute/async - {"script":"<script> [1562 bytes]","args":[{"selector":{"controlType":"sap.m.GenericTile","properties":{"header":"Manage Partners"}},"wdio_ui5_key":"sapm.GenericTile{\"header\":\"Manage Partners\"}"}]}
RESULT: {"script":"<script> [1562 bytes]","args":[{"selector":{"controlType":"sap.m.GenericTile","properties":{"header":"Manage Partners"}},"wdio_ui5_key":"sapm.GenericTile{\"header\":\"Manage Partners\"}"}]}
RESULT: undefined
COMMAND: POST /session/ebdc253b850fcc648129397d54401728/element - {"using":"xpath","value":"//*[@id=\"__tile38\"]"}
RESULT: {"using":"xpath","value":"//*[@id=\"__tile38\"]"}
COMMAND: POST /session/ebdc253b850fcc648129397d54401728/element/f.88D3DDEF070EF795C93B41EC0763EB16.d.D3A71E1C16A0100279955B364C2DB7AD.e.114/click - {}
RESULT: {}
COMMAND: GET /session/ebdc253b850fcc648129397d54401728/screenshot - {}
RESULT: {}
COMMAND: POST /session/ebdc253b850fcc648129397d54401728/elements - {"using":"xpath","value":"//span[text()='Error']"}
RESULT: {"using":"xpath","value":"//span[text()='Error']"}
RESULT: undefined
COMMAND: POST /session/ebdc253b850fcc648129397d54401728/element - {"using":"xpath","value":"//*[@id=\"__tile38\"]"}
RESULT: {"using":"xpath","value":"//*[@id=\"__tile38\"]"}
COMMAND: POST /session/ebdc253b850fcc648129397d54401728/element/f.88D3DDEF070EF795C93B41EC0763EB16.d.D3A71E1C16A0100279955B364C2DB7AD.e.114/click - {}
RESULT: undefined
COMMAND: POST /session/ebdc253b850fcc648129397d54401728/element - {"using":"xpath","value":"//*[@id=\"__tile38\"]"}
RESULT: {"using":"xpath","value":"//*[@id=\"__tile38\"]"}
COMMAND: POST /session/ebdc253b850fcc648129397d54401728/element/f.88D3DDEF070EF795C93B41EC0763EB16.d.D3A71E1C16A0100279955B364C2DB7AD.e.114/click - {}
COMMAND: POST /session/ebdc253b850fcc648129397d54401728/execute/async - {"script":"<script> [1562 bytes]","args":[{"selector":{"id":"shellAppTitle"},"wdio_ui5_key":"shellAppTitle"}]}
RESULT: {"script":"<script> [1562 bytes]","args":[{"selector":{"id":"shellAppTitle"},"wdio_ui5_key":"shellAppTitle"}]}
RESULT: undefined
COMMAND: POST /session/ebdc253b850fcc648129397d54401728/execute/async - {"script":"<script> [6424 bytes]","args":[{"element-6066-11e4-a52e-4f735466cecf":"f.88D3DDEF070EF795C93B41EC0763EB16.d.D3A71E1C16A0100279955B364C2DB7AD.e.290"},"getTitle",[]]}
RESULT: {"script":"<script> [6424 bytes]","args":[{"element-6066-11e4-a52e-4f735466cecf":"f.88D3DDEF070EF795C93B41EC0763EB16.d.D3A71E1C16A0100279955B364C2DB7AD.e.290"},"getTitle",[]]}
COMMAND: POST /session/ebdc253b850fcc648129397d54401728/execute/async - {"script":"<script> [1562 bytes]","args":[{"selector":{"id":"backBtn"},"wdio_ui5_key":"backBtn"}]}
RESULT: {"script":"<script> [1562 bytes]","args":[{"selector":{"id":"backBtn"},"wdio_ui5_key":"backBtn"}]}
RESULT: undefined
COMMAND: POST /session/ebdc253b850fcc648129397d54401728/element - {"using":"xpath","value":"//*[@id=\"backBtn\"]"}
RESULT: {"using":"xpath","value":"//*[@id=\"backBtn\"]"}
COMMAND: POST /session/ebdc253b850fcc648129397d54401728/element/f.88D3DDEF070EF795C93B41EC0763EB16.d.D3A71E1C16A0100279955B364C2DB7AD.e.291/click - {}
RESULT: {}
COMMAND: GET /session/ebdc253b850fcc648129397d54401728/screenshot - {}
RESULT: {}
]]></system-out>
    </testcase>
    <testcase classname="chrome.136_0_7103_49.windows.Sanity_Tests_US104253" name="Should open Manage Sites page" time="35.847">
      <system-out><![CDATA[
COMMAND: POST /session/ebdc253b850fcc648129397d54401728/execute/async - {"script":"<script> [1562 bytes]","args":[{"selector":{"controlType":"sap.m.GenericTile","properties":{"header":"Manage Sites"}},"wdio_ui5_key":"sapm.GenericTile{\"header\":\"Manage Sites\"}"}]}
RESULT: {"script":"<script> [1562 bytes]","args":[{"selector":{"controlType":"sap.m.GenericTile","properties":{"header":"Manage Sites"}},"wdio_ui5_key":"sapm.GenericTile{\"header\":\"Manage Sites\"}"}]}
RESULT: undefined
COMMAND: POST /session/ebdc253b850fcc648129397d54401728/element - {"using":"xpath","value":"//*[@id=\"__tile40\"]"}
RESULT: {"using":"xpath","value":"//*[@id=\"__tile40\"]"}
COMMAND: POST /session/ebdc253b850fcc648129397d54401728/element/f.88D3DDEF070EF795C93B41EC0763EB16.d.D3A71E1C16A0100279955B364C2DB7AD.e.293/click - {}
RESULT: {}
COMMAND: GET /session/ebdc253b850fcc648129397d54401728/screenshot - {}
RESULT: {}
COMMAND: POST /session/ebdc253b850fcc648129397d54401728/elements - {"using":"xpath","value":"//span[text()='Error']"}
RESULT: {"using":"xpath","value":"//span[text()='Error']"}
RESULT: undefined
COMMAND: POST /session/ebdc253b850fcc648129397d54401728/element - {"using":"xpath","value":"//*[@id=\"__tile40\"]"}
RESULT: {"using":"xpath","value":"//*[@id=\"__tile40\"]"}
COMMAND: POST /session/ebdc253b850fcc648129397d54401728/element/f.88D3DDEF070EF795C93B41EC0763EB16.d.D3A71E1C16A0100279955B364C2DB7AD.e.293/click - {}
RESULT: undefined
COMMAND: POST /session/ebdc253b850fcc648129397d54401728/element - {"using":"xpath","value":"//*[@id=\"__tile40\"]"}
RESULT: {"using":"xpath","value":"//*[@id=\"__tile40\"]"}
COMMAND: POST /session/ebdc253b850fcc648129397d54401728/element/f.88D3DDEF070EF795C93B41EC0763EB16.d.D3A71E1C16A0100279955B364C2DB7AD.e.293/click - {}
RESULT: undefined
COMMAND: POST /session/ebdc253b850fcc648129397d54401728/execute/async - {"script":"<script> [6424 bytes]","args":[{"element-6066-11e4-a52e-4f735466cecf":"f.88D3DDEF070EF795C93B41EC0763EB16.d.D3A71E1C16A0100279955B364C2DB7AD.e.290"},"getTitle",[]]}
COMMAND: POST /session/ebdc253b850fcc648129397d54401728/execute/async - {"script":"<script> [1562 bytes]","args":[{"selector":{"id":"shellAppTitle"},"wdio_ui5_key":"shellAppTitle"}]}
RESULT: {"script":"<script> [1562 bytes]","args":[{"selector":{"id":"shellAppTitle"},"wdio_ui5_key":"shellAppTitle"}]}
COMMAND: POST /session/ebdc253b850fcc648129397d54401728/execute/async - {"script":"<script> [6424 bytes]","args":[{"element-6066-11e4-a52e-4f735466cecf":"f.88D3DDEF070EF795C93B41EC0763EB16.d.D3A71E1C16A0100279955B364C2DB7AD.e.479"},"getTitle",[]]}
RESULT: {"script":"<script> [6424 bytes]","args":[{"element-6066-11e4-a52e-4f735466cecf":"f.88D3DDEF070EF795C93B41EC0763EB16.d.D3A71E1C16A0100279955B364C2DB7AD.e.479"},"getTitle",[]]}
RESULT: undefined
COMMAND: POST /session/ebdc253b850fcc648129397d54401728/element/f.88D3DDEF070EF795C93B41EC0763EB16.d.D3A71E1C16A0100279955B364C2DB7AD.e.291/click - {}
RESULT: {}
COMMAND: GET /session/ebdc253b850fcc648129397d54401728/screenshot - {}
RESULT: {}
]]></system-out>
    </testcase>
    <testcase classname="chrome.136_0_7103_49.windows.Sanity_Tests_US104253" name="Should open Manage Resources page" time="36.94">
      <system-out><![CDATA[
COMMAND: POST /session/ebdc253b850fcc648129397d54401728/execute/async - {"script":"<script> [1562 bytes]","args":[{"selector":{"controlType":"sap.m.GenericTile","properties":{"header":"Manage Resources"}},"wdio_ui5_key":"sapm.GenericTile{\"header\":\"Manage Resources\"}"}]}
RESULT: {"script":"<script> [1562 bytes]","args":[{"selector":{"controlType":"sap.m.GenericTile","properties":{"header":"Manage Resources"}},"wdio_ui5_key":"sapm.GenericTile{\"header\":\"Manage Resources\"}"}]}
RESULT: undefined
COMMAND: POST /session/ebdc253b850fcc648129397d54401728/element - {"using":"xpath","value":"//*[@id=\"__tile39\"]"}
RESULT: {"using":"xpath","value":"//*[@id=\"__tile39\"]"}
COMMAND: POST /session/ebdc253b850fcc648129397d54401728/element/f.88D3DDEF070EF795C93B41EC0763EB16.d.D3A71E1C16A0100279955B364C2DB7AD.e.481/click - {}
RESULT: {}
COMMAND: GET /session/ebdc253b850fcc648129397d54401728/screenshot - {}
RESULT: {}
COMMAND: POST /session/ebdc253b850fcc648129397d54401728/elements - {"using":"xpath","value":"//span[text()='Error']"}
RESULT: {"using":"xpath","value":"//span[text()='Error']"}
RESULT: undefined
COMMAND: POST /session/ebdc253b850fcc648129397d54401728/element - {"using":"xpath","value":"//*[@id=\"__tile39\"]"}
RESULT: {"using":"xpath","value":"//*[@id=\"__tile39\"]"}
COMMAND: POST /session/ebdc253b850fcc648129397d54401728/element/f.88D3DDEF070EF795C93B41EC0763EB16.d.D3A71E1C16A0100279955B364C2DB7AD.e.481/click - {}
RESULT: undefined
COMMAND: POST /session/ebdc253b850fcc648129397d54401728/element - {"using":"xpath","value":"//*[@id=\"__tile39\"]"}
RESULT: {"using":"xpath","value":"//*[@id=\"__tile39\"]"}
COMMAND: POST /session/ebdc253b850fcc648129397d54401728/element/f.88D3DDEF070EF795C93B41EC0763EB16.d.D3A71E1C16A0100279955B364C2DB7AD.e.481/click - {}
RESULT: undefined
COMMAND: POST /session/ebdc253b850fcc648129397d54401728/execute/async - {"script":"<script> [6424 bytes]","args":[{"element-6066-11e4-a52e-4f735466cecf":"f.88D3DDEF070EF795C93B41EC0763EB16.d.D3A71E1C16A0100279955B364C2DB7AD.e.290"},"getTitle",[]]}
COMMAND: POST /session/ebdc253b850fcc648129397d54401728/execute/async - {"script":"<script> [1562 bytes]","args":[{"selector":{"id":"shellAppTitle"},"wdio_ui5_key":"shellAppTitle"}]}
RESULT: {"script":"<script> [1562 bytes]","args":[{"selector":{"id":"shellAppTitle"},"wdio_ui5_key":"shellAppTitle"}]}
COMMAND: POST /session/ebdc253b850fcc648129397d54401728/execute/async - {"script":"<script> [6424 bytes]","args":[{"element-6066-11e4-a52e-4f735466cecf":"f.88D3DDEF070EF795C93B41EC0763EB16.d.D3A71E1C16A0100279955B364C2DB7AD.e.653"},"getTitle",[]]}
RESULT: {"script":"<script> [6424 bytes]","args":[{"element-6066-11e4-a52e-4f735466cecf":"f.88D3DDEF070EF795C93B41EC0763EB16.d.D3A71E1C16A0100279955B364C2DB7AD.e.653"},"getTitle",[]]}
RESULT: undefined
COMMAND: POST /session/ebdc253b850fcc648129397d54401728/element/f.88D3DDEF070EF795C93B41EC0763EB16.d.D3A71E1C16A0100279955B364C2DB7AD.e.291/click - {}
COMMAND: POST /session/ebdc253b850fcc648129397d54401728/element - {"using":"xpath","value":"//*[@id=\"backBtn\"]"}
RESULT: {"using":"xpath","value":"//*[@id=\"backBtn\"]"}
COMMAND: POST /session/ebdc253b850fcc648129397d54401728/element/f.88D3DDEF070EF795C93B41EC0763EB16.d.D3A71E1C16A0100279955B364C2DB7AD.e.291/click - {}
COMMAND: POST /session/ebdc253b850fcc648129397d54401728/element - {"using":"xpath","value":"//*[@id=\"backBtn\"]"}
RESULT: {"using":"xpath","value":"//*[@id=\"backBtn\"]"}
COMMAND: POST /session/ebdc253b850fcc648129397d54401728/element/f.88D3DDEF070EF795C93B41EC0763EB16.d.D3A71E1C16A0100279955B364C2DB7AD.e.654/click - {}
RESULT: {}
COMMAND: GET /session/ebdc253b850fcc648129397d54401728/screenshot - {}
RESULT: {}
]]></system-out>
    </testcase>
    <testcase classname="chrome.136_0_7103_49.windows.Sanity_Tests_US104253" name="Should open Manage Catalogs page" time="35.858">
      <system-out><![CDATA[
COMMAND: POST /session/ebdc253b850fcc648129397d54401728/execute/async - {"script":"<script> [1562 bytes]","args":[{"selector":{"controlType":"sap.m.GenericTile","properties":{"header":"Manage Catalogs"}},"wdio_ui5_key":"sapm.GenericTile{\"header\":\"Manage Catalogs\"}"}]}
RESULT: {"script":"<script> [1562 bytes]","args":[{"selector":{"controlType":"sap.m.GenericTile","properties":{"header":"Manage Catalogs"}},"wdio_ui5_key":"sapm.GenericTile{\"header\":\"Manage Catalogs\"}"}]}
RESULT: undefined
COMMAND: POST /session/ebdc253b850fcc648129397d54401728/element - {"using":"xpath","value":"//*[@id=\"__tile37\"]"}
RESULT: {"using":"xpath","value":"//*[@id=\"__tile37\"]"}
COMMAND: POST /session/ebdc253b850fcc648129397d54401728/element/f.88D3DDEF070EF795C93B41EC0763EB16.d.D3A71E1C16A0100279955B364C2DB7AD.e.656/click - {}
RESULT: {}
COMMAND: GET /session/ebdc253b850fcc648129397d54401728/screenshot - {}
RESULT: {}
COMMAND: POST /session/ebdc253b850fcc648129397d54401728/elements - {"using":"xpath","value":"//span[text()='Error']"}
RESULT: {"using":"xpath","value":"//span[text()='Error']"}
RESULT: undefined
COMMAND: POST /session/ebdc253b850fcc648129397d54401728/element - {"using":"xpath","value":"//*[@id=\"__tile37\"]"}
RESULT: {"using":"xpath","value":"//*[@id=\"__tile37\"]"}
COMMAND: POST /session/ebdc253b850fcc648129397d54401728/element/f.88D3DDEF070EF795C93B41EC0763EB16.d.D3A71E1C16A0100279955B364C2DB7AD.e.656/click - {}
RESULT: undefined
COMMAND: POST /session/ebdc253b850fcc648129397d54401728/element - {"using":"xpath","value":"//*[@id=\"__tile37\"]"}
RESULT: {"using":"xpath","value":"//*[@id=\"__tile37\"]"}
COMMAND: POST /session/ebdc253b850fcc648129397d54401728/element/f.88D3DDEF070EF795C93B41EC0763EB16.d.D3A71E1C16A0100279955B364C2DB7AD.e.656/click - {}
RESULT: undefined
COMMAND: POST /session/ebdc253b850fcc648129397d54401728/execute/async - {"script":"<script> [6424 bytes]","args":[{"element-6066-11e4-a52e-4f735466cecf":"f.88D3DDEF070EF795C93B41EC0763EB16.d.D3A71E1C16A0100279955B364C2DB7AD.e.290"},"getTitle",[]]}
COMMAND: POST /session/ebdc253b850fcc648129397d54401728/execute/async - {"script":"<script> [1562 bytes]","args":[{"selector":{"id":"shellAppTitle"},"wdio_ui5_key":"shellAppTitle"}]}
RESULT: {"script":"<script> [1562 bytes]","args":[{"selector":{"id":"shellAppTitle"},"wdio_ui5_key":"shellAppTitle"}]}
COMMAND: POST /session/ebdc253b850fcc648129397d54401728/execute/async - {"script":"<script> [6424 bytes]","args":[{"element-6066-11e4-a52e-4f735466cecf":"f.88D3DDEF070EF795C93B41EC0763EB16.d.D3A71E1C16A0100279955B364C2DB7AD.e.727"},"getTitle",[]]}
RESULT: {"script":"<script> [6424 bytes]","args":[{"element-6066-11e4-a52e-4f735466cecf":"f.88D3DDEF070EF795C93B41EC0763EB16.d.D3A71E1C16A0100279955B364C2DB7AD.e.727"},"getTitle",[]]}
RESULT: undefined
COMMAND: POST /session/ebdc253b850fcc648129397d54401728/element/f.88D3DDEF070EF795C93B41EC0763EB16.d.D3A71E1C16A0100279955B364C2DB7AD.e.654/click - {}
RESULT: {}
COMMAND: GET /session/ebdc253b850fcc648129397d54401728/screenshot - {}
RESULT: {}
]]></system-out>
    </testcase>
    <testcase classname="chrome.136_0_7103_49.windows.Sanity_Tests_US104253" name="Should open Manage Calendars page" time="36.024">
      <system-out><![CDATA[
COMMAND: POST /session/ebdc253b850fcc648129397d54401728/execute/async - {"script":"<script> [1562 bytes]","args":[{"selector":{"controlType":"sap.m.GenericTile","properties":{"header":"Manage Calendars"}},"wdio_ui5_key":"sapm.GenericTile{\"header\":\"Manage Calendars\"}"}]}
RESULT: {"script":"<script> [1562 bytes]","args":[{"selector":{"controlType":"sap.m.GenericTile","properties":{"header":"Manage Calendars"}},"wdio_ui5_key":"sapm.GenericTile{\"header\":\"Manage Calendars\"}"}]}
RESULT: undefined
COMMAND: POST /session/ebdc253b850fcc648129397d54401728/element - {"using":"xpath","value":"//*[@id=\"__tile36\"]"}
RESULT: {"using":"xpath","value":"//*[@id=\"__tile36\"]"}
COMMAND: POST /session/ebdc253b850fcc648129397d54401728/element/f.88D3DDEF070EF795C93B41EC0763EB16.d.D3A71E1C16A0100279955B364C2DB7AD.e.729/click - {}
RESULT: {}
COMMAND: GET /session/ebdc253b850fcc648129397d54401728/screenshot - {}
RESULT: {}
COMMAND: POST /session/ebdc253b850fcc648129397d54401728/elements - {"using":"xpath","value":"//span[text()='Error']"}
RESULT: {"using":"xpath","value":"//span[text()='Error']"}
RESULT: undefined
COMMAND: POST /session/ebdc253b850fcc648129397d54401728/element - {"using":"xpath","value":"//*[@id=\"__tile36\"]"}
RESULT: {"using":"xpath","value":"//*[@id=\"__tile36\"]"}
COMMAND: POST /session/ebdc253b850fcc648129397d54401728/element/f.88D3DDEF070EF795C93B41EC0763EB16.d.D3A71E1C16A0100279955B364C2DB7AD.e.729/click - {}
RESULT: undefined
COMMAND: POST /session/ebdc253b850fcc648129397d54401728/element - {"using":"xpath","value":"//*[@id=\"__tile36\"]"}
RESULT: {"using":"xpath","value":"//*[@id=\"__tile36\"]"}
COMMAND: POST /session/ebdc253b850fcc648129397d54401728/element/f.88D3DDEF070EF795C93B41EC0763EB16.d.D3A71E1C16A0100279955B364C2DB7AD.e.729/click - {}
RESULT: undefined
COMMAND: POST /session/ebdc253b850fcc648129397d54401728/execute/async - {"script":"<script> [6424 bytes]","args":[{"element-6066-11e4-a52e-4f735466cecf":"f.88D3DDEF070EF795C93B41EC0763EB16.d.D3A71E1C16A0100279955B364C2DB7AD.e.290"},"getTitle",[]]}
COMMAND: POST /session/ebdc253b850fcc648129397d54401728/execute/async - {"script":"<script> [1562 bytes]","args":[{"selector":{"id":"shellAppTitle"},"wdio_ui5_key":"shellAppTitle"}]}
RESULT: {"script":"<script> [1562 bytes]","args":[{"selector":{"id":"shellAppTitle"},"wdio_ui5_key":"shellAppTitle"}]}
COMMAND: POST /session/ebdc253b850fcc648129397d54401728/execute/async - {"script":"<script> [6424 bytes]","args":[{"element-6066-11e4-a52e-4f735466cecf":"f.88D3DDEF070EF795C93B41EC0763EB16.d.D3A71E1C16A0100279955B364C2DB7AD.e.804"},"getTitle",[]]}
RESULT: {"script":"<script> [6424 bytes]","args":[{"element-6066-11e4-a52e-4f735466cecf":"f.88D3DDEF070EF795C93B41EC0763EB16.d.D3A71E1C16A0100279955B364C2DB7AD.e.804"},"getTitle",[]]}
RESULT: undefined
COMMAND: POST /session/ebdc253b850fcc648129397d54401728/element/f.88D3DDEF070EF795C93B41EC0763EB16.d.D3A71E1C16A0100279955B364C2DB7AD.e.654/click - {}
COMMAND: POST /session/ebdc253b850fcc648129397d54401728/element - {"using":"xpath","value":"//*[@id=\"backBtn\"]"}
RESULT: {"using":"xpath","value":"//*[@id=\"backBtn\"]"}
COMMAND: POST /session/ebdc253b850fcc648129397d54401728/element/f.88D3DDEF070EF795C93B41EC0763EB16.d.D3A71E1C16A0100279955B364C2DB7AD.e.654/click - {}
COMMAND: POST /session/ebdc253b850fcc648129397d54401728/element - {"using":"xpath","value":"//*[@id=\"backBtn\"]"}
RESULT: {"using":"xpath","value":"//*[@id=\"backBtn\"]"}
COMMAND: POST /session/ebdc253b850fcc648129397d54401728/element/f.88D3DDEF070EF795C93B41EC0763EB16.d.D3A71E1C16A0100279955B364C2DB7AD.e.805/click - {}
RESULT: {}
COMMAND: GET /session/ebdc253b850fcc648129397d54401728/screenshot - {}
RESULT: {}
]]></system-out>
    </testcase>
    <testcase classname="chrome.136_0_7103_49.windows.Sanity_Tests_US104253" name="Should open Address Management page" time="35.887">
      <system-out><![CDATA[
COMMAND: POST /session/ebdc253b850fcc648129397d54401728/execute/async - {"script":"<script> [1562 bytes]","args":[{"selector":{"controlType":"sap.m.GenericTile","properties":{"header":"Address Management"}},"wdio_ui5_key":"sapm.GenericTile{\"header\":\"Address Management\"}"}]}
RESULT: {"script":"<script> [1562 bytes]","args":[{"selector":{"controlType":"sap.m.GenericTile","properties":{"header":"Address Management"}},"wdio_ui5_key":"sapm.GenericTile{\"header\":\"Address Management\"}"}]}
RESULT: undefined
COMMAND: POST /session/ebdc253b850fcc648129397d54401728/element - {"using":"xpath","value":"//*[@id=\"__tile33\"]"}
RESULT: {"using":"xpath","value":"//*[@id=\"__tile33\"]"}
COMMAND: POST /session/ebdc253b850fcc648129397d54401728/element/f.88D3DDEF070EF795C93B41EC0763EB16.d.D3A71E1C16A0100279955B364C2DB7AD.e.807/click - {}
RESULT: {}
COMMAND: GET /session/ebdc253b850fcc648129397d54401728/screenshot - {}
RESULT: {}
COMMAND: POST /session/ebdc253b850fcc648129397d54401728/elements - {"using":"xpath","value":"//span[text()='Error']"}
RESULT: {"using":"xpath","value":"//span[text()='Error']"}
RESULT: undefined
COMMAND: POST /session/ebdc253b850fcc648129397d54401728/element - {"using":"xpath","value":"//*[@id=\"__tile33\"]"}
RESULT: {"using":"xpath","value":"//*[@id=\"__tile33\"]"}
COMMAND: POST /session/ebdc253b850fcc648129397d54401728/element/f.88D3DDEF070EF795C93B41EC0763EB16.d.D3A71E1C16A0100279955B364C2DB7AD.e.807/click - {}
RESULT: undefined
COMMAND: POST /session/ebdc253b850fcc648129397d54401728/element - {"using":"xpath","value":"//*[@id=\"__tile33\"]"}
RESULT: {"using":"xpath","value":"//*[@id=\"__tile33\"]"}
COMMAND: POST /session/ebdc253b850fcc648129397d54401728/element/f.88D3DDEF070EF795C93B41EC0763EB16.d.D3A71E1C16A0100279955B364C2DB7AD.e.807/click - {}
RESULT: undefined
COMMAND: POST /session/ebdc253b850fcc648129397d54401728/execute/async - {"script":"<script> [6424 bytes]","args":[{"element-6066-11e4-a52e-4f735466cecf":"f.88D3DDEF070EF795C93B41EC0763EB16.d.D3A71E1C16A0100279955B364C2DB7AD.e.290"},"getTitle",[]]}
COMMAND: POST /session/ebdc253b850fcc648129397d54401728/execute/async - {"script":"<script> [1562 bytes]","args":[{"selector":{"id":"shellAppTitle"},"wdio_ui5_key":"shellAppTitle"}]}
RESULT: {"script":"<script> [1562 bytes]","args":[{"selector":{"id":"shellAppTitle"},"wdio_ui5_key":"shellAppTitle"}]}
COMMAND: POST /session/ebdc253b850fcc648129397d54401728/execute/async - {"script":"<script> [6424 bytes]","args":[{"element-6066-11e4-a52e-4f735466cecf":"f.88D3DDEF070EF795C93B41EC0763EB16.d.D3A71E1C16A0100279955B364C2DB7AD.e.1004"},"getTitle",[]]}
RESULT: {"script":"<script> [6424 bytes]","args":[{"element-6066-11e4-a52e-4f735466cecf":"f.88D3DDEF070EF795C93B41EC0763EB16.d.D3A71E1C16A0100279955B364C2DB7AD.e.1004"},"getTitle",[]]}
RESULT: undefined
COMMAND: POST /session/ebdc253b850fcc648129397d54401728/element/f.88D3DDEF070EF795C93B41EC0763EB16.d.D3A71E1C16A0100279955B364C2DB7AD.e.805/click - {}
RESULT: {}
COMMAND: GET /session/ebdc253b850fcc648129397d54401728/screenshot - {}
RESULT: {}
]]></system-out>
    </testcase>
    <testcase classname="chrome.136_0_7103_49.windows.Sanity_Tests_US104253" name="Should open Bill Of Resources page" time="35.864">
      <system-out><![CDATA[
COMMAND: POST /session/ebdc253b850fcc648129397d54401728/execute/async - {"script":"<script> [1562 bytes]","args":[{"selector":{"controlType":"sap.m.GenericTile","properties":{"header":"Bill Of Resources"}},"wdio_ui5_key":"sapm.GenericTile{\"header\":\"Bill Of Resources\"}"}]}
RESULT: {"script":"<script> [1562 bytes]","args":[{"selector":{"controlType":"sap.m.GenericTile","properties":{"header":"Bill Of Resources"}},"wdio_ui5_key":"sapm.GenericTile{\"header\":\"Bill Of Resources\"}"}]}
RESULT: undefined
COMMAND: POST /session/ebdc253b850fcc648129397d54401728/element - {"using":"xpath","value":"//*[@id=\"__tile34\"]"}
RESULT: {"using":"xpath","value":"//*[@id=\"__tile34\"]"}
COMMAND: POST /session/ebdc253b850fcc648129397d54401728/element/f.88D3DDEF070EF795C93B41EC0763EB16.d.D3A71E1C16A0100279955B364C2DB7AD.e.1006/click - {}
RESULT: {}
COMMAND: GET /session/ebdc253b850fcc648129397d54401728/screenshot - {}
RESULT: {}
COMMAND: POST /session/ebdc253b850fcc648129397d54401728/elements - {"using":"xpath","value":"//span[text()='Error']"}
RESULT: {"using":"xpath","value":"//span[text()='Error']"}
RESULT: undefined
COMMAND: POST /session/ebdc253b850fcc648129397d54401728/element - {"using":"xpath","value":"//*[@id=\"__tile34\"]"}
RESULT: {"using":"xpath","value":"//*[@id=\"__tile34\"]"}
COMMAND: POST /session/ebdc253b850fcc648129397d54401728/element/f.88D3DDEF070EF795C93B41EC0763EB16.d.D3A71E1C16A0100279955B364C2DB7AD.e.1006/click - {}
RESULT: undefined
COMMAND: POST /session/ebdc253b850fcc648129397d54401728/element - {"using":"xpath","value":"//*[@id=\"__tile34\"]"}
RESULT: {"using":"xpath","value":"//*[@id=\"__tile34\"]"}
COMMAND: POST /session/ebdc253b850fcc648129397d54401728/element/f.88D3DDEF070EF795C93B41EC0763EB16.d.D3A71E1C16A0100279955B364C2DB7AD.e.1006/click - {}
RESULT: undefined
COMMAND: POST /session/ebdc253b850fcc648129397d54401728/execute/async - {"script":"<script> [6424 bytes]","args":[{"element-6066-11e4-a52e-4f735466cecf":"f.88D3DDEF070EF795C93B41EC0763EB16.d.D3A71E1C16A0100279955B364C2DB7AD.e.290"},"getTitle",[]]}
COMMAND: POST /session/ebdc253b850fcc648129397d54401728/execute/async - {"script":"<script> [1562 bytes]","args":[{"selector":{"id":"shellAppTitle"},"wdio_ui5_key":"shellAppTitle"}]}
RESULT: {"script":"<script> [1562 bytes]","args":[{"selector":{"id":"shellAppTitle"},"wdio_ui5_key":"shellAppTitle"}]}
COMMAND: POST /session/ebdc253b850fcc648129397d54401728/execute/async - {"script":"<script> [6424 bytes]","args":[{"element-6066-11e4-a52e-4f735466cecf":"f.88D3DDEF070EF795C93B41EC0763EB16.d.D3A71E1C16A0100279955B364C2DB7AD.e.1097"},"getTitle",[]]}
RESULT: {"script":"<script> [6424 bytes]","args":[{"element-6066-11e4-a52e-4f735466cecf":"f.88D3DDEF070EF795C93B41EC0763EB16.d.D3A71E1C16A0100279955B364C2DB7AD.e.1097"},"getTitle",[]]}
RESULT: undefined
COMMAND: POST /session/ebdc253b850fcc648129397d54401728/element/f.88D3DDEF070EF795C93B41EC0763EB16.d.D3A71E1C16A0100279955B364C2DB7AD.e.805/click - {}
COMMAND: POST /session/ebdc253b850fcc648129397d54401728/element - {"using":"xpath","value":"//*[@id=\"backBtn\"]"}
RESULT: {"using":"xpath","value":"//*[@id=\"backBtn\"]"}
COMMAND: POST /session/ebdc253b850fcc648129397d54401728/element/f.88D3DDEF070EF795C93B41EC0763EB16.d.D3A71E1C16A0100279955B364C2DB7AD.e.805/click - {}
COMMAND: POST /session/ebdc253b850fcc648129397d54401728/element - {"using":"xpath","value":"//*[@id=\"backBtn\"]"}
RESULT: {"using":"xpath","value":"//*[@id=\"backBtn\"]"}
COMMAND: POST /session/ebdc253b850fcc648129397d54401728/element/f.88D3DDEF070EF795C93B41EC0763EB16.d.D3A71E1C16A0100279955B364C2DB7AD.e.1098/click - {}
RESULT: {}
COMMAND: GET /session/ebdc253b850fcc648129397d54401728/screenshot - {}
RESULT: {}
]]></system-out>
    </testcase>
    <testcase classname="chrome.136_0_7103_49.windows.Sanity_Tests_US104253" name="Should open Manage Yards page" time="35.931">
      <system-out><![CDATA[
COMMAND: POST /session/ebdc253b850fcc648129397d54401728/execute/async - {"script":"<script> [1562 bytes]","args":[{"selector":{"controlType":"sap.m.GenericTile","properties":{"header":"Manage Yards"}},"wdio_ui5_key":"sapm.GenericTile{\"header\":\"Manage Yards\"}"}]}
RESULT: {"script":"<script> [1562 bytes]","args":[{"selector":{"controlType":"sap.m.GenericTile","properties":{"header":"Manage Yards"}},"wdio_ui5_key":"sapm.GenericTile{\"header\":\"Manage Yards\"}"}]}
RESULT: undefined
COMMAND: POST /session/ebdc253b850fcc648129397d54401728/element - {"using":"xpath","value":"//*[@id=\"__tile41\"]"}
RESULT: {"using":"xpath","value":"//*[@id=\"__tile41\"]"}
COMMAND: POST /session/ebdc253b850fcc648129397d54401728/element/f.88D3DDEF070EF795C93B41EC0763EB16.d.D3A71E1C16A0100279955B364C2DB7AD.e.1100/click - {}
RESULT: {}
COMMAND: GET /session/ebdc253b850fcc648129397d54401728/screenshot - {}
RESULT: {}
COMMAND: POST /session/ebdc253b850fcc648129397d54401728/elements - {"using":"xpath","value":"//span[text()='Error']"}
RESULT: {"using":"xpath","value":"//span[text()='Error']"}
RESULT: undefined
COMMAND: POST /session/ebdc253b850fcc648129397d54401728/element - {"using":"xpath","value":"//*[@id=\"__tile41\"]"}
RESULT: {"using":"xpath","value":"//*[@id=\"__tile41\"]"}
COMMAND: POST /session/ebdc253b850fcc648129397d54401728/element/f.88D3DDEF070EF795C93B41EC0763EB16.d.D3A71E1C16A0100279955B364C2DB7AD.e.1100/click - {}
RESULT: undefined
COMMAND: POST /session/ebdc253b850fcc648129397d54401728/element - {"using":"xpath","value":"//*[@id=\"__tile41\"]"}
RESULT: {"using":"xpath","value":"//*[@id=\"__tile41\"]"}
COMMAND: POST /session/ebdc253b850fcc648129397d54401728/element/f.88D3DDEF070EF795C93B41EC0763EB16.d.D3A71E1C16A0100279955B364C2DB7AD.e.1100/click - {}
RESULT: undefined
COMMAND: POST /session/ebdc253b850fcc648129397d54401728/execute/async - {"script":"<script> [6424 bytes]","args":[{"element-6066-11e4-a52e-4f735466cecf":"f.88D3DDEF070EF795C93B41EC0763EB16.d.D3A71E1C16A0100279955B364C2DB7AD.e.290"},"getTitle",[]]}
COMMAND: POST /session/ebdc253b850fcc648129397d54401728/execute/async - {"script":"<script> [1562 bytes]","args":[{"selector":{"id":"shellAppTitle"},"wdio_ui5_key":"shellAppTitle"}]}
RESULT: {"script":"<script> [1562 bytes]","args":[{"selector":{"id":"shellAppTitle"},"wdio_ui5_key":"shellAppTitle"}]}
COMMAND: POST /session/ebdc253b850fcc648129397d54401728/execute/async - {"script":"<script> [6424 bytes]","args":[{"element-6066-11e4-a52e-4f735466cecf":"f.88D3DDEF070EF795C93B41EC0763EB16.d.D3A71E1C16A0100279955B364C2DB7AD.e.1284"},"getTitle",[]]}
RESULT: {"script":"<script> [6424 bytes]","args":[{"element-6066-11e4-a52e-4f735466cecf":"f.88D3DDEF070EF795C93B41EC0763EB16.d.D3A71E1C16A0100279955B364C2DB7AD.e.1284"},"getTitle",[]]}
RESULT: undefined
COMMAND: POST /session/ebdc253b850fcc648129397d54401728/element/f.88D3DDEF070EF795C93B41EC0763EB16.d.D3A71E1C16A0100279955B364C2DB7AD.e.1098/click - {}
RESULT: {}
COMMAND: GET /session/ebdc253b850fcc648129397d54401728/screenshot - {}
RESULT: {}
]]></system-out>
    </testcase>
    <testcase classname="chrome.136_0_7103_49.windows.Sanity_Tests_US104253" name="Should open Manage Requests page" time="37.496">
      <system-out><![CDATA[
COMMAND: POST /session/ebdc253b850fcc648129397d54401728/execute/async - {"script":"<script> [1562 bytes]","args":[{"selector":{"controlType":"sap.m.GenericTile","properties":{"header":"Manage Requests"}},"wdio_ui5_key":"sapm.GenericTile{\"header\":\"Manage Requests\"}"}]}
RESULT: {"script":"<script> [1562 bytes]","args":[{"selector":{"controlType":"sap.m.GenericTile","properties":{"header":"Manage Requests"}},"wdio_ui5_key":"sapm.GenericTile{\"header\":\"Manage Requests\"}"}]}
RESULT: undefined
COMMAND: POST /session/ebdc253b850fcc648129397d54401728/element - {"using":"xpath","value":"//*[@id=\"__tile47\"]"}
RESULT: {"using":"xpath","value":"//*[@id=\"__tile47\"]"}
COMMAND: POST /session/ebdc253b850fcc648129397d54401728/element/f.88D3DDEF070EF795C93B41EC0763EB16.d.D3A71E1C16A0100279955B364C2DB7AD.e.1286/click - {}
RESULT: {}
COMMAND: GET /session/ebdc253b850fcc648129397d54401728/screenshot - {}
RESULT: {}
COMMAND: POST /session/ebdc253b850fcc648129397d54401728/elements - {"using":"xpath","value":"//span[text()='Error']"}
RESULT: {"using":"xpath","value":"//span[text()='Error']"}
RESULT: undefined
COMMAND: POST /session/ebdc253b850fcc648129397d54401728/element - {"using":"xpath","value":"//*[@id=\"__tile47\"]"}
RESULT: {"using":"xpath","value":"//*[@id=\"__tile47\"]"}
COMMAND: POST /session/ebdc253b850fcc648129397d54401728/element/f.88D3DDEF070EF795C93B41EC0763EB16.d.D3A71E1C16A0100279955B364C2DB7AD.e.1286/click - {}
RESULT: undefined
COMMAND: POST /session/ebdc253b850fcc648129397d54401728/element - {"using":"xpath","value":"//*[@id=\"__tile47\"]"}
RESULT: {"using":"xpath","value":"//*[@id=\"__tile47\"]"}
COMMAND: POST /session/ebdc253b850fcc648129397d54401728/element/f.88D3DDEF070EF795C93B41EC0763EB16.d.D3A71E1C16A0100279955B364C2DB7AD.e.1286/click - {}
RESULT: undefined
COMMAND: POST /session/ebdc253b850fcc648129397d54401728/execute/async - {"script":"<script> [6424 bytes]","args":[{"element-6066-11e4-a52e-4f735466cecf":"f.88D3DDEF070EF795C93B41EC0763EB16.d.D3A71E1C16A0100279955B364C2DB7AD.e.290"},"getTitle",[]]}
COMMAND: POST /session/ebdc253b850fcc648129397d54401728/execute/async - {"script":"<script> [1562 bytes]","args":[{"selector":{"id":"shellAppTitle"},"wdio_ui5_key":"shellAppTitle"}]}
RESULT: {"script":"<script> [1562 bytes]","args":[{"selector":{"id":"shellAppTitle"},"wdio_ui5_key":"shellAppTitle"}]}
COMMAND: POST /session/ebdc253b850fcc648129397d54401728/execute/async - {"script":"<script> [6424 bytes]","args":[{"element-6066-11e4-a52e-4f735466cecf":"f.88D3DDEF070EF795C93B41EC0763EB16.d.D3A71E1C16A0100279955B364C2DB7AD.e.1381"},"getTitle",[]]}
RESULT: {"script":"<script> [6424 bytes]","args":[{"element-6066-11e4-a52e-4f735466cecf":"f.88D3DDEF070EF795C93B41EC0763EB16.d.D3A71E1C16A0100279955B364C2DB7AD.e.1381"},"getTitle",[]]}
RESULT: undefined
COMMAND: POST /session/ebdc253b850fcc648129397d54401728/element/f.88D3DDEF070EF795C93B41EC0763EB16.d.D3A71E1C16A0100279955B364C2DB7AD.e.1098/click - {}
COMMAND: POST /session/ebdc253b850fcc648129397d54401728/element - {"using":"xpath","value":"//*[@id=\"backBtn\"]"}
RESULT: {"using":"xpath","value":"//*[@id=\"backBtn\"]"}
COMMAND: POST /session/ebdc253b850fcc648129397d54401728/element/f.88D3DDEF070EF795C93B41EC0763EB16.d.D3A71E1C16A0100279955B364C2DB7AD.e.1098/click - {}
COMMAND: POST /session/ebdc253b850fcc648129397d54401728/element - {"using":"xpath","value":"//*[@id=\"backBtn\"]"}
RESULT: {"using":"xpath","value":"//*[@id=\"backBtn\"]"}
COMMAND: POST /session/ebdc253b850fcc648129397d54401728/element/f.88D3DDEF070EF795C93B41EC0763EB16.d.D3A71E1C16A0100279955B364C2DB7AD.e.1382/click - {}
RESULT: {}
COMMAND: GET /session/ebdc253b850fcc648129397d54401728/screenshot - {}
RESULT: {}
]]></system-out>
    </testcase>
    <testcase classname="chrome.136_0_7103_49.windows.Sanity_Tests_US104253" name="Should open Manage Purchasing page" time="36.102">
      <system-out><![CDATA[
COMMAND: POST /session/ebdc253b850fcc648129397d54401728/execute/async - {"script":"<script> [1562 bytes]","args":[{"selector":{"controlType":"sap.m.GenericTile","properties":{"header":"Manage Purchasing"}},"wdio_ui5_key":"sapm.GenericTile{\"header\":\"Manage Purchasing\"}"}]}
RESULT: {"script":"<script> [1562 bytes]","args":[{"selector":{"controlType":"sap.m.GenericTile","properties":{"header":"Manage Purchasing"}},"wdio_ui5_key":"sapm.GenericTile{\"header\":\"Manage Purchasing\"}"}]}
RESULT: undefined
COMMAND: POST /session/ebdc253b850fcc648129397d54401728/element - {"using":"xpath","value":"//*[@id=\"__tile46\"]"}
RESULT: {"using":"xpath","value":"//*[@id=\"__tile46\"]"}
COMMAND: POST /session/ebdc253b850fcc648129397d54401728/element/f.88D3DDEF070EF795C93B41EC0763EB16.d.D3A71E1C16A0100279955B364C2DB7AD.e.1385/click - {}
RESULT: {}
COMMAND: GET /session/ebdc253b850fcc648129397d54401728/screenshot - {}
RESULT: {}
COMMAND: POST /session/ebdc253b850fcc648129397d54401728/elements - {"using":"xpath","value":"//span[text()='Error']"}
RESULT: {"using":"xpath","value":"//span[text()='Error']"}
RESULT: undefined
COMMAND: POST /session/ebdc253b850fcc648129397d54401728/element - {"using":"xpath","value":"//*[@id=\"__tile46\"]"}
RESULT: {"using":"xpath","value":"//*[@id=\"__tile46\"]"}
COMMAND: POST /session/ebdc253b850fcc648129397d54401728/element/f.88D3DDEF070EF795C93B41EC0763EB16.d.D3A71E1C16A0100279955B364C2DB7AD.e.1385/click - {}
RESULT: undefined
COMMAND: POST /session/ebdc253b850fcc648129397d54401728/element - {"using":"xpath","value":"//*[@id=\"__tile46\"]"}
RESULT: {"using":"xpath","value":"//*[@id=\"__tile46\"]"}
COMMAND: POST /session/ebdc253b850fcc648129397d54401728/element/f.88D3DDEF070EF795C93B41EC0763EB16.d.D3A71E1C16A0100279955B364C2DB7AD.e.1385/click - {}
RESULT: undefined
COMMAND: POST /session/ebdc253b850fcc648129397d54401728/execute/async - {"script":"<script> [6424 bytes]","args":[{"element-6066-11e4-a52e-4f735466cecf":"f.88D3DDEF070EF795C93B41EC0763EB16.d.D3A71E1C16A0100279955B364C2DB7AD.e.290"},"getTitle",[]]}
COMMAND: POST /session/ebdc253b850fcc648129397d54401728/execute/async - {"script":"<script> [1562 bytes]","args":[{"selector":{"id":"shellAppTitle"},"wdio_ui5_key":"shellAppTitle"}]}
RESULT: {"script":"<script> [1562 bytes]","args":[{"selector":{"id":"shellAppTitle"},"wdio_ui5_key":"shellAppTitle"}]}
COMMAND: POST /session/ebdc253b850fcc648129397d54401728/execute/async - {"script":"<script> [6424 bytes]","args":[{"element-6066-11e4-a52e-4f735466cecf":"f.88D3DDEF070EF795C93B41EC0763EB16.d.D3A71E1C16A0100279955B364C2DB7AD.e.1468"},"getTitle",[]]}
RESULT: {"script":"<script> [6424 bytes]","args":[{"element-6066-11e4-a52e-4f735466cecf":"f.88D3DDEF070EF795C93B41EC0763EB16.d.D3A71E1C16A0100279955B364C2DB7AD.e.1468"},"getTitle",[]]}
RESULT: undefined
COMMAND: POST /session/ebdc253b850fcc648129397d54401728/element/f.88D3DDEF070EF795C93B41EC0763EB16.d.D3A71E1C16A0100279955B364C2DB7AD.e.1382/click - {}
RESULT: {}
COMMAND: GET /session/ebdc253b850fcc648129397d54401728/screenshot - {}
RESULT: {}
]]></system-out>
    </testcase>
    <testcase classname="chrome.136_0_7103_49.windows.Sanity_Tests_US104253" name="Should open Planning Board page" time="36.877">
      <system-out><![CDATA[
COMMAND: POST /session/ebdc253b850fcc648129397d54401728/execute/async - {"script":"<script> [1562 bytes]","args":[{"selector":{"controlType":"sap.m.GenericTile","properties":{"header":"Planning Board"}},"wdio_ui5_key":"sapm.GenericTile{\"header\":\"Planning Board\"}"}]}
RESULT: {"script":"<script> [1562 bytes]","args":[{"selector":{"controlType":"sap.m.GenericTile","properties":{"header":"Planning Board"}},"wdio_ui5_key":"sapm.GenericTile{\"header\":\"Planning Board\"}"}]}
RESULT: undefined
COMMAND: POST /session/ebdc253b850fcc648129397d54401728/element - {"using":"xpath","value":"//*[@id=\"__tile130\"]"}
RESULT: {"using":"xpath","value":"//*[@id=\"__tile130\"]"}
COMMAND: POST /session/ebdc253b850fcc648129397d54401728/element/f.88D3DDEF070EF795C93B41EC0763EB16.d.D3A71E1C16A0100279955B364C2DB7AD.e.1470/click - {}
RESULT: {}
COMMAND: GET /session/ebdc253b850fcc648129397d54401728/screenshot - {}
RESULT: {}
COMMAND: POST /session/ebdc253b850fcc648129397d54401728/elements - {"using":"xpath","value":"//span[text()='Error']"}
RESULT: {"using":"xpath","value":"//span[text()='Error']"}
RESULT: undefined
COMMAND: POST /session/ebdc253b850fcc648129397d54401728/element - {"using":"xpath","value":"//*[@id=\"__tile130\"]"}
RESULT: {"using":"xpath","value":"//*[@id=\"__tile130\"]"}
COMMAND: POST /session/ebdc253b850fcc648129397d54401728/element/f.88D3DDEF070EF795C93B41EC0763EB16.d.D3A71E1C16A0100279955B364C2DB7AD.e.1470/click - {}
RESULT: undefined
COMMAND: POST /session/ebdc253b850fcc648129397d54401728/element - {"using":"xpath","value":"//*[@id=\"__tile130\"]"}
RESULT: {"using":"xpath","value":"//*[@id=\"__tile130\"]"}
COMMAND: POST /session/ebdc253b850fcc648129397d54401728/element/f.88D3DDEF070EF795C93B41EC0763EB16.d.D3A71E1C16A0100279955B364C2DB7AD.e.1470/click - {}
RESULT: undefined
COMMAND: POST /session/ebdc253b850fcc648129397d54401728/execute/async - {"script":"<script> [6424 bytes]","args":[{"element-6066-11e4-a52e-4f735466cecf":"f.88D3DDEF070EF795C93B41EC0763EB16.d.D3A71E1C16A0100279955B364C2DB7AD.e.290"},"getTitle",[]]}
COMMAND: POST /session/ebdc253b850fcc648129397d54401728/execute/async - {"script":"<script> [1562 bytes]","args":[{"selector":{"id":"shellAppTitle"},"wdio_ui5_key":"shellAppTitle"}]}
RESULT: {"script":"<script> [1562 bytes]","args":[{"selector":{"id":"shellAppTitle"},"wdio_ui5_key":"shellAppTitle"}]}
COMMAND: POST /session/ebdc253b850fcc648129397d54401728/execute/async - {"script":"<script> [6424 bytes]","args":[{"element-6066-11e4-a52e-4f735466cecf":"f.88D3DDEF070EF795C93B41EC0763EB16.d.D3A71E1C16A0100279955B364C2DB7AD.e.1517"},"getTitle",[]]}
RESULT: {"script":"<script> [6424 bytes]","args":[{"element-6066-11e4-a52e-4f735466cecf":"f.88D3DDEF070EF795C93B41EC0763EB16.d.D3A71E1C16A0100279955B364C2DB7AD.e.1517"},"getTitle",[]]}
RESULT: undefined
COMMAND: POST /session/ebdc253b850fcc648129397d54401728/element/f.88D3DDEF070EF795C93B41EC0763EB16.d.D3A71E1C16A0100279955B364C2DB7AD.e.1382/click - {}
COMMAND: POST /session/ebdc253b850fcc648129397d54401728/element/f.88D3DDEF070EF795C93B41EC0763EB16.d.D3A71E1C16A0100279955B364C2DB7AD.e.1382/click - {}
COMMAND: POST /session/ebdc253b850fcc648129397d54401728/element - {"using":"xpath","value":"//*[@id=\"backBtn\"]"}
COMMAND: POST /session/ebdc253b850fcc648129397d54401728/element - {"using":"xpath","value":"//*[@id=\"backBtn\"]"}
RESULT: {"using":"xpath","value":"//*[@id=\"backBtn\"]"}
COMMAND: POST /session/ebdc253b850fcc648129397d54401728/element/f.88D3DDEF070EF795C93B41EC0763EB16.d.D3A71E1C16A0100279955B364C2DB7AD.e.1382/click - {}
RESULT: {"using":"xpath","value":"//*[@id=\"backBtn\"]"}
COMMAND: POST /session/ebdc253b850fcc648129397d54401728/element/f.88D3DDEF070EF795C93B41EC0763EB16.d.D3A71E1C16A0100279955B364C2DB7AD.e.1382/click - {}
COMMAND: POST /session/ebdc253b850fcc648129397d54401728/element - {"using":"xpath","value":"//*[@id=\"backBtn\"]"}
COMMAND: POST /session/ebdc253b850fcc648129397d54401728/element - {"using":"xpath","value":"//*[@id=\"backBtn\"]"}
RESULT: {"using":"xpath","value":"//*[@id=\"backBtn\"]"}
COMMAND: POST /session/ebdc253b850fcc648129397d54401728/element/f.88D3DDEF070EF795C93B41EC0763EB16.d.D3A71E1C16A0100279955B364C2DB7AD.e.1518/click - {}
RESULT: {"using":"xpath","value":"//*[@id=\"backBtn\"]"}
COMMAND: POST /session/ebdc253b850fcc648129397d54401728/element/f.88D3DDEF070EF795C93B41EC0763EB16.d.D3A71E1C16A0100279955B364C2DB7AD.e.1518/click - {}
RESULT: {}
COMMAND: GET /session/ebdc253b850fcc648129397d54401728/screenshot - {}
RESULT: {}
COMMAND: GET /session/ebdc253b850fcc648129397d54401728/screenshot - {}
RESULT: {}
RESULT: {}
]]></system-out>
    </testcase>
    <testcase classname="chrome.136_0_7103_49.windows.Sanity_Tests_US104253" name="Should open Manage Contracts page" time="37.266">
      <system-out><![CDATA[
COMMAND: POST /session/ebdc253b850fcc648129397d54401728/execute/async - {"script":"<script> [1562 bytes]","args":[{"selector":{"controlType":"sap.m.GenericTile","properties":{"header":"Manage Contracts"}},"wdio_ui5_key":"sapm.GenericTile{\"header\":\"Manage Contracts\"}"}]}
RESULT: {"script":"<script> [1562 bytes]","args":[{"selector":{"controlType":"sap.m.GenericTile","properties":{"header":"Manage Contracts"}},"wdio_ui5_key":"sapm.GenericTile{\"header\":\"Manage Contracts\"}"}]}
RESULT: undefined
COMMAND: POST /session/ebdc253b850fcc648129397d54401728/element - {"using":"xpath","value":"//*[@id=\"__tile131\"]"}
RESULT: {"using":"xpath","value":"//*[@id=\"__tile131\"]"}
COMMAND: POST /session/ebdc253b850fcc648129397d54401728/element/f.88D3DDEF070EF795C93B41EC0763EB16.d.D3A71E1C16A0100279955B364C2DB7AD.e.1520/click - {}
RESULT: {}
COMMAND: GET /session/ebdc253b850fcc648129397d54401728/screenshot - {}
RESULT: {}
COMMAND: POST /session/ebdc253b850fcc648129397d54401728/elements - {"using":"xpath","value":"//span[text()='Error']"}
RESULT: {"using":"xpath","value":"//span[text()='Error']"}
RESULT: undefined
COMMAND: POST /session/ebdc253b850fcc648129397d54401728/element - {"using":"xpath","value":"//*[@id=\"__tile131\"]"}
RESULT: {"using":"xpath","value":"//*[@id=\"__tile131\"]"}
COMMAND: POST /session/ebdc253b850fcc648129397d54401728/element/f.88D3DDEF070EF795C93B41EC0763EB16.d.D3A71E1C16A0100279955B364C2DB7AD.e.1520/click - {}
RESULT: undefined
COMMAND: POST /session/ebdc253b850fcc648129397d54401728/element - {"using":"xpath","value":"//*[@id=\"__tile131\"]"}
RESULT: {"using":"xpath","value":"//*[@id=\"__tile131\"]"}
COMMAND: POST /session/ebdc253b850fcc648129397d54401728/element/f.88D3DDEF070EF795C93B41EC0763EB16.d.D3A71E1C16A0100279955B364C2DB7AD.e.1520/click - {}
RESULT: undefined
COMMAND: POST /session/ebdc253b850fcc648129397d54401728/execute/async - {"script":"<script> [6424 bytes]","args":[{"element-6066-11e4-a52e-4f735466cecf":"f.88D3DDEF070EF795C93B41EC0763EB16.d.D3A71E1C16A0100279955B364C2DB7AD.e.290"},"getTitle",[]]}
COMMAND: POST /session/ebdc253b850fcc648129397d54401728/execute/async - {"script":"<script> [1562 bytes]","args":[{"selector":{"id":"shellAppTitle"},"wdio_ui5_key":"shellAppTitle"}]}
RESULT: {"script":"<script> [1562 bytes]","args":[{"selector":{"id":"shellAppTitle"},"wdio_ui5_key":"shellAppTitle"}]}
COMMAND: POST /session/ebdc253b850fcc648129397d54401728/execute/async - {"script":"<script> [6424 bytes]","args":[{"element-6066-11e4-a52e-4f735466cecf":"f.88D3DDEF070EF795C93B41EC0763EB16.d.D3A71E1C16A0100279955B364C2DB7AD.e.1586"},"getTitle",[]]}
RESULT: {"script":"<script> [6424 bytes]","args":[{"element-6066-11e4-a52e-4f735466cecf":"f.88D3DDEF070EF795C93B41EC0763EB16.d.D3A71E1C16A0100279955B364C2DB7AD.e.1586"},"getTitle",[]]}
RESULT: undefined
COMMAND: POST /session/ebdc253b850fcc648129397d54401728/element/f.88D3DDEF070EF795C93B41EC0763EB16.d.D3A71E1C16A0100279955B364C2DB7AD.e.1518/click - {}
RESULT: {}
COMMAND: GET /session/ebdc253b850fcc648129397d54401728/screenshot - {}
RESULT: {}
]]></system-out>
    </testcase>
    <testcase classname="chrome.136_0_7103_49.windows.Sanity_Tests_US104253" name="Should open Manage Quotations page" time="35.908">
      <system-out><![CDATA[
COMMAND: POST /session/ebdc253b850fcc648129397d54401728/execute/async - {"script":"<script> [1562 bytes]","args":[{"selector":{"controlType":"sap.m.GenericTile","properties":{"header":"Manage Quotations"}},"wdio_ui5_key":"sapm.GenericTile{\"header\":\"Manage Quotations\"}"}]}
RESULT: {"script":"<script> [1562 bytes]","args":[{"selector":{"controlType":"sap.m.GenericTile","properties":{"header":"Manage Quotations"}},"wdio_ui5_key":"sapm.GenericTile{\"header\":\"Manage Quotations\"}"}]}
RESULT: undefined
COMMAND: POST /session/ebdc253b850fcc648129397d54401728/element - {"using":"xpath","value":"//*[@id=\"__tile132\"]"}
RESULT: {"using":"xpath","value":"//*[@id=\"__tile132\"]"}
COMMAND: POST /session/ebdc253b850fcc648129397d54401728/element/f.88D3DDEF070EF795C93B41EC0763EB16.d.D3A71E1C16A0100279955B364C2DB7AD.e.1588/click - {}
RESULT: {}
COMMAND: GET /session/ebdc253b850fcc648129397d54401728/screenshot - {}
RESULT: {}
COMMAND: POST /session/ebdc253b850fcc648129397d54401728/elements - {"using":"xpath","value":"//span[text()='Error']"}
RESULT: {"using":"xpath","value":"//span[text()='Error']"}
RESULT: undefined
COMMAND: POST /session/ebdc253b850fcc648129397d54401728/element - {"using":"xpath","value":"//*[@id=\"__tile132\"]"}
RESULT: {"using":"xpath","value":"//*[@id=\"__tile132\"]"}
COMMAND: POST /session/ebdc253b850fcc648129397d54401728/element/f.88D3DDEF070EF795C93B41EC0763EB16.d.D3A71E1C16A0100279955B364C2DB7AD.e.1588/click - {}
RESULT: undefined
COMMAND: POST /session/ebdc253b850fcc648129397d54401728/element - {"using":"xpath","value":"//*[@id=\"__tile132\"]"}
RESULT: {"using":"xpath","value":"//*[@id=\"__tile132\"]"}
COMMAND: POST /session/ebdc253b850fcc648129397d54401728/element/f.88D3DDEF070EF795C93B41EC0763EB16.d.D3A71E1C16A0100279955B364C2DB7AD.e.1588/click - {}
RESULT: undefined
COMMAND: POST /session/ebdc253b850fcc648129397d54401728/execute/async - {"script":"<script> [6424 bytes]","args":[{"element-6066-11e4-a52e-4f735466cecf":"f.88D3DDEF070EF795C93B41EC0763EB16.d.D3A71E1C16A0100279955B364C2DB7AD.e.290"},"getTitle",[]]}
COMMAND: POST /session/ebdc253b850fcc648129397d54401728/execute/async - {"script":"<script> [1562 bytes]","args":[{"selector":{"id":"shellAppTitle"},"wdio_ui5_key":"shellAppTitle"}]}
RESULT: {"script":"<script> [1562 bytes]","args":[{"selector":{"id":"shellAppTitle"},"wdio_ui5_key":"shellAppTitle"}]}
COMMAND: POST /session/ebdc253b850fcc648129397d54401728/execute/async - {"script":"<script> [6424 bytes]","args":[{"element-6066-11e4-a52e-4f735466cecf":"f.88D3DDEF070EF795C93B41EC0763EB16.d.D3A71E1C16A0100279955B364C2DB7AD.e.1662"},"getTitle",[]]}
RESULT: {"script":"<script> [6424 bytes]","args":[{"element-6066-11e4-a52e-4f735466cecf":"f.88D3DDEF070EF795C93B41EC0763EB16.d.D3A71E1C16A0100279955B364C2DB7AD.e.1662"},"getTitle",[]]}
RESULT: undefined
COMMAND: POST /session/ebdc253b850fcc648129397d54401728/element/f.88D3DDEF070EF795C93B41EC0763EB16.d.D3A71E1C16A0100279955B364C2DB7AD.e.1518/click - {}
COMMAND: POST /session/ebdc253b850fcc648129397d54401728/element - {"using":"xpath","value":"//*[@id=\"backBtn\"]"}
RESULT: {"using":"xpath","value":"//*[@id=\"backBtn\"]"}
COMMAND: POST /session/ebdc253b850fcc648129397d54401728/element/f.88D3DDEF070EF795C93B41EC0763EB16.d.D3A71E1C16A0100279955B364C2DB7AD.e.1518/click - {}
COMMAND: POST /session/ebdc253b850fcc648129397d54401728/element - {"using":"xpath","value":"//*[@id=\"backBtn\"]"}
RESULT: {"using":"xpath","value":"//*[@id=\"backBtn\"]"}
COMMAND: POST /session/ebdc253b850fcc648129397d54401728/element/f.88D3DDEF070EF795C93B41EC0763EB16.d.D3A71E1C16A0100279955B364C2DB7AD.e.1663/click - {}
RESULT: {}
COMMAND: GET /session/ebdc253b850fcc648129397d54401728/screenshot - {}
RESULT: {}
]]></system-out>
    </testcase>
    <testcase classname="chrome.136_0_7103_49.windows.Sanity_Tests_US104253" name="Should open Manage Handovers page" time="36.376">
      <system-out><![CDATA[
COMMAND: POST /session/ebdc253b850fcc648129397d54401728/execute/async - {"script":"<script> [1562 bytes]","args":[{"selector":{"controlType":"sap.m.GenericTile","properties":{"header":"Manage Handovers"}},"wdio_ui5_key":"sapm.GenericTile{\"header\":\"Manage Handovers\"}"}]}
RESULT: {"script":"<script> [1562 bytes]","args":[{"selector":{"controlType":"sap.m.GenericTile","properties":{"header":"Manage Handovers"}},"wdio_ui5_key":"sapm.GenericTile{\"header\":\"Manage Handovers\"}"}]}
RESULT: undefined
COMMAND: POST /session/ebdc253b850fcc648129397d54401728/element - {"using":"xpath","value":"//*[@id=\"__tile133\"]"}
RESULT: {"using":"xpath","value":"//*[@id=\"__tile133\"]"}
COMMAND: POST /session/ebdc253b850fcc648129397d54401728/element/f.88D3DDEF070EF795C93B41EC0763EB16.d.D3A71E1C16A0100279955B364C2DB7AD.e.1665/click - {}
RESULT: {}
COMMAND: GET /session/ebdc253b850fcc648129397d54401728/screenshot - {}
RESULT: {}
COMMAND: POST /session/ebdc253b850fcc648129397d54401728/elements - {"using":"xpath","value":"//span[text()='Error']"}
RESULT: {"using":"xpath","value":"//span[text()='Error']"}
RESULT: undefined
COMMAND: POST /session/ebdc253b850fcc648129397d54401728/element - {"using":"xpath","value":"//*[@id=\"__tile133\"]"}
RESULT: {"using":"xpath","value":"//*[@id=\"__tile133\"]"}
COMMAND: POST /session/ebdc253b850fcc648129397d54401728/element/f.88D3DDEF070EF795C93B41EC0763EB16.d.D3A71E1C16A0100279955B364C2DB7AD.e.1665/click - {}
RESULT: undefined
COMMAND: POST /session/ebdc253b850fcc648129397d54401728/element - {"using":"xpath","value":"//*[@id=\"__tile133\"]"}
RESULT: {"using":"xpath","value":"//*[@id=\"__tile133\"]"}
COMMAND: POST /session/ebdc253b850fcc648129397d54401728/element/f.88D3DDEF070EF795C93B41EC0763EB16.d.D3A71E1C16A0100279955B364C2DB7AD.e.1665/click - {}
RESULT: undefined
COMMAND: POST /session/ebdc253b850fcc648129397d54401728/execute/async - {"script":"<script> [6424 bytes]","args":[{"element-6066-11e4-a52e-4f735466cecf":"f.88D3DDEF070EF795C93B41EC0763EB16.d.D3A71E1C16A0100279955B364C2DB7AD.e.290"},"getTitle",[]]}
COMMAND: POST /session/ebdc253b850fcc648129397d54401728/execute/async - {"script":"<script> [1562 bytes]","args":[{"selector":{"id":"shellAppTitle"},"wdio_ui5_key":"shellAppTitle"}]}
RESULT: {"script":"<script> [1562 bytes]","args":[{"selector":{"id":"shellAppTitle"},"wdio_ui5_key":"shellAppTitle"}]}
COMMAND: POST /session/ebdc253b850fcc648129397d54401728/execute/async - {"script":"<script> [6424 bytes]","args":[{"element-6066-11e4-a52e-4f735466cecf":"f.88D3DDEF070EF795C93B41EC0763EB16.d.D3A71E1C16A0100279955B364C2DB7AD.e.1765"},"getTitle",[]]}
RESULT: {"script":"<script> [6424 bytes]","args":[{"element-6066-11e4-a52e-4f735466cecf":"f.88D3DDEF070EF795C93B41EC0763EB16.d.D3A71E1C16A0100279955B364C2DB7AD.e.1765"},"getTitle",[]]}
RESULT: undefined
COMMAND: POST /session/ebdc253b850fcc648129397d54401728/element/f.88D3DDEF070EF795C93B41EC0763EB16.d.D3A71E1C16A0100279955B364C2DB7AD.e.1663/click - {}
RESULT: {}
COMMAND: GET /session/ebdc253b850fcc648129397d54401728/screenshot - {}
RESULT: {}
]]></system-out>
    </testcase>
    <testcase classname="chrome.136_0_7103_49.windows.Sanity_Tests_US104253" name="Should open Delivery Monitor page" time="36.22">
      <system-out><![CDATA[
COMMAND: POST /session/ebdc253b850fcc648129397d54401728/execute/async - {"script":"<script> [1562 bytes]","args":[{"selector":{"controlType":"sap.m.GenericTile","properties":{"header":"Delivery Monitor"}},"wdio_ui5_key":"sapm.GenericTile{\"header\":\"Delivery Monitor\"}"}]}
RESULT: {"script":"<script> [1562 bytes]","args":[{"selector":{"controlType":"sap.m.GenericTile","properties":{"header":"Delivery Monitor"}},"wdio_ui5_key":"sapm.GenericTile{\"header\":\"Delivery Monitor\"}"}]}
RESULT: undefined
COMMAND: POST /session/ebdc253b850fcc648129397d54401728/element - {"using":"xpath","value":"//*[@id=\"__tile43\"]"}
RESULT: {"using":"xpath","value":"//*[@id=\"__tile43\"]"}
COMMAND: POST /session/ebdc253b850fcc648129397d54401728/element/f.88D3DDEF070EF795C93B41EC0763EB16.d.D3A71E1C16A0100279955B364C2DB7AD.e.1767/click - {}
RESULT: {}
COMMAND: GET /session/ebdc253b850fcc648129397d54401728/screenshot - {}
RESULT: {}
COMMAND: POST /session/ebdc253b850fcc648129397d54401728/elements - {"using":"xpath","value":"//span[text()='Error']"}
RESULT: {"using":"xpath","value":"//span[text()='Error']"}
RESULT: undefined
COMMAND: POST /session/ebdc253b850fcc648129397d54401728/element - {"using":"xpath","value":"//*[@id=\"__tile43\"]"}
RESULT: {"using":"xpath","value":"//*[@id=\"__tile43\"]"}
COMMAND: POST /session/ebdc253b850fcc648129397d54401728/element/f.88D3DDEF070EF795C93B41EC0763EB16.d.D3A71E1C16A0100279955B364C2DB7AD.e.1767/click - {}
RESULT: undefined
COMMAND: POST /session/ebdc253b850fcc648129397d54401728/element - {"using":"xpath","value":"//*[@id=\"__tile43\"]"}
RESULT: {"using":"xpath","value":"//*[@id=\"__tile43\"]"}
COMMAND: POST /session/ebdc253b850fcc648129397d54401728/element/f.88D3DDEF070EF795C93B41EC0763EB16.d.D3A71E1C16A0100279955B364C2DB7AD.e.1767/click - {}
RESULT: undefined
COMMAND: POST /session/ebdc253b850fcc648129397d54401728/execute/async - {"script":"<script> [6424 bytes]","args":[{"element-6066-11e4-a52e-4f735466cecf":"f.88D3DDEF070EF795C93B41EC0763EB16.d.D3A71E1C16A0100279955B364C2DB7AD.e.290"},"getTitle",[]]}
COMMAND: POST /session/ebdc253b850fcc648129397d54401728/execute/async - {"script":"<script> [1562 bytes]","args":[{"selector":{"id":"shellAppTitle"},"wdio_ui5_key":"shellAppTitle"}]}
RESULT: {"script":"<script> [1562 bytes]","args":[{"selector":{"id":"shellAppTitle"},"wdio_ui5_key":"shellAppTitle"}]}
COMMAND: POST /session/ebdc253b850fcc648129397d54401728/execute/async - {"script":"<script> [6424 bytes]","args":[{"element-6066-11e4-a52e-4f735466cecf":"f.88D3DDEF070EF795C93B41EC0763EB16.d.D3A71E1C16A0100279955B364C2DB7AD.e.1861"},"getTitle",[]]}
RESULT: {"script":"<script> [6424 bytes]","args":[{"element-6066-11e4-a52e-4f735466cecf":"f.88D3DDEF070EF795C93B41EC0763EB16.d.D3A71E1C16A0100279955B364C2DB7AD.e.1861"},"getTitle",[]]}
RESULT: undefined
COMMAND: POST /session/ebdc253b850fcc648129397d54401728/element/f.88D3DDEF070EF795C93B41EC0763EB16.d.D3A71E1C16A0100279955B364C2DB7AD.e.1663/click - {}
COMMAND: POST /session/ebdc253b850fcc648129397d54401728/element - {"using":"xpath","value":"//*[@id=\"backBtn\"]"}
RESULT: {"using":"xpath","value":"//*[@id=\"backBtn\"]"}
COMMAND: POST /session/ebdc253b850fcc648129397d54401728/element/f.88D3DDEF070EF795C93B41EC0763EB16.d.D3A71E1C16A0100279955B364C2DB7AD.e.1663/click - {}
COMMAND: POST /session/ebdc253b850fcc648129397d54401728/element - {"using":"xpath","value":"//*[@id=\"backBtn\"]"}
RESULT: {"using":"xpath","value":"//*[@id=\"backBtn\"]"}
COMMAND: POST /session/ebdc253b850fcc648129397d54401728/element/f.88D3DDEF070EF795C93B41EC0763EB16.d.D3A71E1C16A0100279955B364C2DB7AD.e.1862/click - {}
RESULT: {}
COMMAND: GET /session/ebdc253b850fcc648129397d54401728/screenshot - {}
RESULT: {}
]]></system-out>
    </testcase>
    <testcase classname="chrome.136_0_7103_49.windows.Sanity_Tests_US104253" name="Should open Manage Calendar Exceptions page" time="35.865">
      <system-out><![CDATA[
COMMAND: POST /session/ebdc253b850fcc648129397d54401728/execute/async - {"script":"<script> [1562 bytes]","args":[{"selector":{"controlType":"sap.m.GenericTile","properties":{"header":"Manage Calendar Exceptions"}},"wdio_ui5_key":"sapm.GenericTile{\"header\":\"Manage Calendar Exceptions\"}"}]}
RESULT: {"script":"<script> [1562 bytes]","args":[{"selector":{"controlType":"sap.m.GenericTile","properties":{"header":"Manage Calendar Exceptions"}},"wdio_ui5_key":"sapm.GenericTile{\"header\":\"Manage Calendar Exceptions\"}"}]}
RESULT: undefined
COMMAND: POST /session/ebdc253b850fcc648129397d54401728/element - {"using":"xpath","value":"//*[@id=\"__tile52\"]"}
RESULT: {"using":"xpath","value":"//*[@id=\"__tile52\"]"}
COMMAND: POST /session/ebdc253b850fcc648129397d54401728/element/f.88D3DDEF070EF795C93B41EC0763EB16.d.D3A71E1C16A0100279955B364C2DB7AD.e.1864/click - {}
RESULT: {}
COMMAND: GET /session/ebdc253b850fcc648129397d54401728/screenshot - {}
RESULT: {}
COMMAND: POST /session/ebdc253b850fcc648129397d54401728/elements - {"using":"xpath","value":"//span[text()='Error']"}
RESULT: {"using":"xpath","value":"//span[text()='Error']"}
RESULT: undefined
COMMAND: POST /session/ebdc253b850fcc648129397d54401728/element - {"using":"xpath","value":"//*[@id=\"__tile52\"]"}
RESULT: {"using":"xpath","value":"//*[@id=\"__tile52\"]"}
COMMAND: POST /session/ebdc253b850fcc648129397d54401728/element/f.88D3DDEF070EF795C93B41EC0763EB16.d.D3A71E1C16A0100279955B364C2DB7AD.e.1864/click - {}
RESULT: undefined
COMMAND: POST /session/ebdc253b850fcc648129397d54401728/element - {"using":"xpath","value":"//*[@id=\"__tile52\"]"}
RESULT: {"using":"xpath","value":"//*[@id=\"__tile52\"]"}
COMMAND: POST /session/ebdc253b850fcc648129397d54401728/element/f.88D3DDEF070EF795C93B41EC0763EB16.d.D3A71E1C16A0100279955B364C2DB7AD.e.1864/click - {}
RESULT: undefined
COMMAND: POST /session/ebdc253b850fcc648129397d54401728/execute/async - {"script":"<script> [6424 bytes]","args":[{"element-6066-11e4-a52e-4f735466cecf":"f.88D3DDEF070EF795C93B41EC0763EB16.d.D3A71E1C16A0100279955B364C2DB7AD.e.290"},"getTitle",[]]}
COMMAND: POST /session/ebdc253b850fcc648129397d54401728/execute/async - {"script":"<script> [1562 bytes]","args":[{"selector":{"id":"shellAppTitle"},"wdio_ui5_key":"shellAppTitle"}]}
RESULT: {"script":"<script> [1562 bytes]","args":[{"selector":{"id":"shellAppTitle"},"wdio_ui5_key":"shellAppTitle"}]}
COMMAND: POST /session/ebdc253b850fcc648129397d54401728/execute/async - {"script":"<script> [6424 bytes]","args":[{"element-6066-11e4-a52e-4f735466cecf":"f.88D3DDEF070EF795C93B41EC0763EB16.d.D3A71E1C16A0100279955B364C2DB7AD.e.1942"},"getTitle",[]]}
RESULT: {"script":"<script> [6424 bytes]","args":[{"element-6066-11e4-a52e-4f735466cecf":"f.88D3DDEF070EF795C93B41EC0763EB16.d.D3A71E1C16A0100279955B364C2DB7AD.e.1942"},"getTitle",[]]}
RESULT: undefined
COMMAND: POST /session/ebdc253b850fcc648129397d54401728/element/f.88D3DDEF070EF795C93B41EC0763EB16.d.D3A71E1C16A0100279955B364C2DB7AD.e.1862/click - {}
RESULT: {}
COMMAND: GET /session/ebdc253b850fcc648129397d54401728/screenshot - {}
RESULT: {}
]]></system-out>
    </testcase>
    <testcase classname="chrome.136_0_7103_49.windows.Sanity_Tests_US104253" name="Should open Manage States Performance page" time="40.435">
      <system-out><![CDATA[
COMMAND: POST /session/ebdc253b850fcc648129397d54401728/execute/async - {"script":"<script> [1562 bytes]","args":[{"selector":{"controlType":"sap.m.GenericTile","properties":{"header":"Manage States & Performance"}},"wdio_ui5_key":"sapm.GenericTile{\"header\":\"Manage States & Performance\"}"}]}
RESULT: {"script":"<script> [1562 bytes]","args":[{"selector":{"controlType":"sap.m.GenericTile","properties":{"header":"Manage States & Performance"}},"wdio_ui5_key":"sapm.GenericTile{\"header\":\"Manage States & Performance\"}"}]}
RESULT: undefined
COMMAND: POST /session/ebdc253b850fcc648129397d54401728/element - {"using":"xpath","value":"//*[@id=\"__tile56\"]"}
RESULT: {"using":"xpath","value":"//*[@id=\"__tile56\"]"}
COMMAND: POST /session/ebdc253b850fcc648129397d54401728/element/f.88D3DDEF070EF795C93B41EC0763EB16.d.D3A71E1C16A0100279955B364C2DB7AD.e.1946/click - {}
RESULT: {}
COMMAND: GET /session/ebdc253b850fcc648129397d54401728/screenshot - {}
RESULT: {}
COMMAND: POST /session/ebdc253b850fcc648129397d54401728/elements - {"using":"xpath","value":"//span[text()='Error']"}
RESULT: {"using":"xpath","value":"//span[text()='Error']"}
RESULT: undefined
COMMAND: POST /session/ebdc253b850fcc648129397d54401728/element - {"using":"xpath","value":"//*[@id=\"__tile56\"]"}
RESULT: {"using":"xpath","value":"//*[@id=\"__tile56\"]"}
COMMAND: POST /session/ebdc253b850fcc648129397d54401728/element/f.88D3DDEF070EF795C93B41EC0763EB16.d.D3A71E1C16A0100279955B364C2DB7AD.e.1946/click - {}
RESULT: undefined
COMMAND: POST /session/ebdc253b850fcc648129397d54401728/element - {"using":"xpath","value":"//*[@id=\"__tile56\"]"}
RESULT: {"using":"xpath","value":"//*[@id=\"__tile56\"]"}
COMMAND: POST /session/ebdc253b850fcc648129397d54401728/element/f.88D3DDEF070EF795C93B41EC0763EB16.d.D3A71E1C16A0100279955B364C2DB7AD.e.1946/click - {}
RESULT: undefined
COMMAND: POST /session/ebdc253b850fcc648129397d54401728/execute/async - {"script":"<script> [6424 bytes]","args":[{"element-6066-11e4-a52e-4f735466cecf":"f.88D3DDEF070EF795C93B41EC0763EB16.d.D3A71E1C16A0100279955B364C2DB7AD.e.290"},"getTitle",[]]}
COMMAND: POST /session/ebdc253b850fcc648129397d54401728/execute/async - {"script":"<script> [1562 bytes]","args":[{"selector":{"id":"shellAppTitle"},"wdio_ui5_key":"shellAppTitle"}]}
RESULT: {"script":"<script> [1562 bytes]","args":[{"selector":{"id":"shellAppTitle"},"wdio_ui5_key":"shellAppTitle"}]}
COMMAND: POST /session/ebdc253b850fcc648129397d54401728/execute/async - {"script":"<script> [6424 bytes]","args":[{"element-6066-11e4-a52e-4f735466cecf":"f.88D3DDEF070EF795C93B41EC0763EB16.d.D3A71E1C16A0100279955B364C2DB7AD.e.2046"},"getTitle",[]]}
RESULT: {"script":"<script> [6424 bytes]","args":[{"element-6066-11e4-a52e-4f735466cecf":"f.88D3DDEF070EF795C93B41EC0763EB16.d.D3A71E1C16A0100279955B364C2DB7AD.e.2046"},"getTitle",[]]}
RESULT: undefined
COMMAND: POST /session/ebdc253b850fcc648129397d54401728/element/f.88D3DDEF070EF795C93B41EC0763EB16.d.D3A71E1C16A0100279955B364C2DB7AD.e.1862/click - {}
COMMAND: POST /session/ebdc253b850fcc648129397d54401728/element - {"using":"xpath","value":"//*[@id=\"backBtn\"]"}
RESULT: {"using":"xpath","value":"//*[@id=\"backBtn\"]"}
COMMAND: POST /session/ebdc253b850fcc648129397d54401728/element/f.88D3DDEF070EF795C93B41EC0763EB16.d.D3A71E1C16A0100279955B364C2DB7AD.e.1862/click - {}
COMMAND: POST /session/ebdc253b850fcc648129397d54401728/element - {"using":"xpath","value":"//*[@id=\"backBtn\"]"}
RESULT: {"using":"xpath","value":"//*[@id=\"backBtn\"]"}
COMMAND: POST /session/ebdc253b850fcc648129397d54401728/element/f.88D3DDEF070EF795C93B41EC0763EB16.d.D3A71E1C16A0100279955B364C2DB7AD.e.2047/click - {}
RESULT: {}
COMMAND: GET /session/ebdc253b850fcc648129397d54401728/screenshot - {}
RESULT: {}
]]></system-out>
    </testcase>
    <testcase classname="chrome.136_0_7103_49.windows.Sanity_Tests_US104253" name="Should open Manage Billings page" time="37.992">
      <system-out><![CDATA[
COMMAND: POST /session/ebdc253b850fcc648129397d54401728/execute/async - {"script":"<script> [1562 bytes]","args":[{"selector":{"controlType":"sap.m.GenericTile","properties":{"header":"Manage Billings"}},"wdio_ui5_key":"sapm.GenericTile{\"header\":\"Manage Billings\"}"}]}
RESULT: {"script":"<script> [1562 bytes]","args":[{"selector":{"controlType":"sap.m.GenericTile","properties":{"header":"Manage Billings"}},"wdio_ui5_key":"sapm.GenericTile{\"header\":\"Manage Billings\"}"}]}
RESULT: undefined
COMMAND: POST /session/ebdc253b850fcc648129397d54401728/element - {"using":"xpath","value":"//*[@id=\"__tile51\"]"}
RESULT: {"using":"xpath","value":"//*[@id=\"__tile51\"]"}
COMMAND: POST /session/ebdc253b850fcc648129397d54401728/element/f.88D3DDEF070EF795C93B41EC0763EB16.d.D3A71E1C16A0100279955B364C2DB7AD.e.2049/click - {}
RESULT: {}
COMMAND: GET /session/ebdc253b850fcc648129397d54401728/screenshot - {}
RESULT: {}
COMMAND: POST /session/ebdc253b850fcc648129397d54401728/elements - {"using":"xpath","value":"//span[text()='Error']"}
RESULT: {"using":"xpath","value":"//span[text()='Error']"}
RESULT: undefined
COMMAND: POST /session/ebdc253b850fcc648129397d54401728/element - {"using":"xpath","value":"//*[@id=\"__tile51\"]"}
RESULT: {"using":"xpath","value":"//*[@id=\"__tile51\"]"}
COMMAND: POST /session/ebdc253b850fcc648129397d54401728/element/f.88D3DDEF070EF795C93B41EC0763EB16.d.D3A71E1C16A0100279955B364C2DB7AD.e.2049/click - {}
RESULT: undefined
COMMAND: POST /session/ebdc253b850fcc648129397d54401728/element - {"using":"xpath","value":"//*[@id=\"__tile51\"]"}
RESULT: {"using":"xpath","value":"//*[@id=\"__tile51\"]"}
COMMAND: POST /session/ebdc253b850fcc648129397d54401728/element/f.88D3DDEF070EF795C93B41EC0763EB16.d.D3A71E1C16A0100279955B364C2DB7AD.e.2049/click - {}
RESULT: undefined
COMMAND: POST /session/ebdc253b850fcc648129397d54401728/execute/async - {"script":"<script> [6424 bytes]","args":[{"element-6066-11e4-a52e-4f735466cecf":"f.88D3DDEF070EF795C93B41EC0763EB16.d.D3A71E1C16A0100279955B364C2DB7AD.e.290"},"getTitle",[]]}
COMMAND: POST /session/ebdc253b850fcc648129397d54401728/execute/async - {"script":"<script> [1562 bytes]","args":[{"selector":{"id":"shellAppTitle"},"wdio_ui5_key":"shellAppTitle"}]}
RESULT: {"script":"<script> [1562 bytes]","args":[{"selector":{"id":"shellAppTitle"},"wdio_ui5_key":"shellAppTitle"}]}
COMMAND: POST /session/ebdc253b850fcc648129397d54401728/execute/async - {"script":"<script> [6424 bytes]","args":[{"element-6066-11e4-a52e-4f735466cecf":"f.88D3DDEF070EF795C93B41EC0763EB16.d.D3A71E1C16A0100279955B364C2DB7AD.e.2219"},"getTitle",[]]}
RESULT: {"script":"<script> [6424 bytes]","args":[{"element-6066-11e4-a52e-4f735466cecf":"f.88D3DDEF070EF795C93B41EC0763EB16.d.D3A71E1C16A0100279955B364C2DB7AD.e.2219"},"getTitle",[]]}
RESULT: undefined
COMMAND: POST /session/ebdc253b850fcc648129397d54401728/element/f.88D3DDEF070EF795C93B41EC0763EB16.d.D3A71E1C16A0100279955B364C2DB7AD.e.2047/click - {}
COMMAND: POST /session/ebdc253b850fcc648129397d54401728/element/f.88D3DDEF070EF795C93B41EC0763EB16.d.D3A71E1C16A0100279955B364C2DB7AD.e.2047/click - {}
RESULT: {}
COMMAND: GET /session/ebdc253b850fcc648129397d54401728/screenshot - {}
COMMAND: POST /session/ebdc253b850fcc648129397d54401728/element - {"using":"xpath","value":"//*[@id=\"backBtn\"]"}
RESULT: {}
RESULT: {"using":"xpath","value":"//*[@id=\"backBtn\"]"}
COMMAND: POST /session/ebdc253b850fcc648129397d54401728/elements - {"using":"xpath","value":"//*[@id=\"backBtn\"]"}
RESULT: {"using":"xpath","value":"//*[@id=\"backBtn\"]"}
COMMAND: POST /session/ebdc253b850fcc648129397d54401728/elements - {"using":"xpath","value":"//*[@id=\"backBtn\"]"}
RESULT: {"using":"xpath","value":"//*[@id=\"backBtn\"]"}
COMMAND: POST /session/ebdc253b850fcc648129397d54401728/elements - {"using":"xpath","value":"//*[@id=\"backBtn\"]"}
RESULT: {"using":"xpath","value":"//*[@id=\"backBtn\"]"}
COMMAND: POST /session/ebdc253b850fcc648129397d54401728/elements - {"using":"xpath","value":"//*[@id=\"backBtn\"]"}
RESULT: {"using":"xpath","value":"//*[@id=\"backBtn\"]"}
COMMAND: POST /session/ebdc253b850fcc648129397d54401728/elements - {"using":"xpath","value":"//*[@id=\"backBtn\"]"}
RESULT: {"using":"xpath","value":"//*[@id=\"backBtn\"]"}
COMMAND: POST /session/ebdc253b850fcc648129397d54401728/elements - {"using":"xpath","value":"//*[@id=\"backBtn\"]"}
RESULT: {"using":"xpath","value":"//*[@id=\"backBtn\"]"}
COMMAND: POST /session/ebdc253b850fcc648129397d54401728/elements - {"using":"xpath","value":"//*[@id=\"backBtn\"]"}
RESULT: {"using":"xpath","value":"//*[@id=\"backBtn\"]"}
COMMAND: POST /session/ebdc253b850fcc648129397d54401728/elements - {"using":"xpath","value":"//*[@id=\"backBtn\"]"}
RESULT: {"using":"xpath","value":"//*[@id=\"backBtn\"]"}
COMMAND: POST /session/ebdc253b850fcc648129397d54401728/elements - {"using":"xpath","value":"//*[@id=\"backBtn\"]"}
RESULT: {"using":"xpath","value":"//*[@id=\"backBtn\"]"}
COMMAND: POST /session/ebdc253b850fcc648129397d54401728/elements - {"using":"xpath","value":"//*[@id=\"backBtn\"]"}
RESULT: {"using":"xpath","value":"//*[@id=\"backBtn\"]"}
COMMAND: POST /session/ebdc253b850fcc648129397d54401728/elements - {"using":"xpath","value":"//*[@id=\"backBtn\"]"}
RESULT: {"using":"xpath","value":"//*[@id=\"backBtn\"]"}
COMMAND: POST /session/ebdc253b850fcc648129397d54401728/elements - {"using":"xpath","value":"//*[@id=\"backBtn\"]"}
RESULT: {"using":"xpath","value":"//*[@id=\"backBtn\"]"}
COMMAND: POST /session/ebdc253b850fcc648129397d54401728/elements - {"using":"xpath","value":"//*[@id=\"backBtn\"]"}
RESULT: {"using":"xpath","value":"//*[@id=\"backBtn\"]"}
COMMAND: POST /session/ebdc253b850fcc648129397d54401728/elements - {"using":"xpath","value":"//*[@id=\"backBtn\"]"}
RESULT: {"using":"xpath","value":"//*[@id=\"backBtn\"]"}
COMMAND: POST /session/ebdc253b850fcc648129397d54401728/elements - {"using":"xpath","value":"//*[@id=\"backBtn\"]"}
RESULT: {"using":"xpath","value":"//*[@id=\"backBtn\"]"}
COMMAND: POST /session/ebdc253b850fcc648129397d54401728/elements - {"using":"xpath","value":"//*[@id=\"backBtn\"]"}
RESULT: {"using":"xpath","value":"//*[@id=\"backBtn\"]"}
]]></system-out>
    </testcase>
    <testcase classname="chrome.136_0_7103_49.windows.Sanity_Tests_US104253" name="Should open Manage Conditions Prices page" time="44.765">
      <system-out><![CDATA[
COMMAND: POST /session/ebdc253b850fcc648129397d54401728/execute/async - {"script":"<script> [1562 bytes]","args":[{"selector":{"controlType":"sap.m.GenericTile","properties":{"header":"Manage Conditions & Prices"}},"wdio_ui5_key":"sapm.GenericTile{\"header\":\"Manage Conditions & Prices\"}"}]}
COMMAND: POST /session/ebdc253b850fcc648129397d54401728/elements - {"using":"xpath","value":"//*[@id=\"backBtn\"]"}
RESULT: {"script":"<script> [1562 bytes]","args":[{"selector":{"controlType":"sap.m.GenericTile","properties":{"header":"Manage Conditions & Prices"}},"wdio_ui5_key":"sapm.GenericTile{\"header\":\"Manage Conditions & Prices\"}"}]}
RESULT: undefined
COMMAND: POST /session/ebdc253b850fcc648129397d54401728/element - {"using":"xpath","value":"//*[@id=\"__tile53\"]"}
RESULT: {"using":"xpath","value":"//*[@id=\"backBtn\"]"}
RESULT: {"using":"xpath","value":"//*[@id=\"__tile53\"]"}
COMMAND: POST /session/ebdc253b850fcc648129397d54401728/element/f.88D3DDEF070EF795C93B41EC0763EB16.d.D3A71E1C16A0100279955B364C2DB7AD.e.2221/click - {}
RESULT: {}
COMMAND: GET /session/ebdc253b850fcc648129397d54401728/screenshot - {}
COMMAND: POST /session/ebdc253b850fcc648129397d54401728/elements - {"using":"xpath","value":"//*[@id=\"backBtn\"]"}
RESULT: {}
RESULT: {"using":"xpath","value":"//*[@id=\"backBtn\"]"}
COMMAND: POST /session/ebdc253b850fcc648129397d54401728/elements - {"using":"xpath","value":"//*[@id=\"backBtn\"]"}
RESULT: {"using":"xpath","value":"//*[@id=\"backBtn\"]"}
COMMAND: POST /session/ebdc253b850fcc648129397d54401728/elements - {"using":"xpath","value":"//*[@id=\"backBtn\"]"}
RESULT: {"using":"xpath","value":"//*[@id=\"backBtn\"]"}
COMMAND: POST /session/ebdc253b850fcc648129397d54401728/elements - {"using":"xpath","value":"//*[@id=\"backBtn\"]"}
RESULT: {"using":"xpath","value":"//*[@id=\"backBtn\"]"}
COMMAND: POST /session/ebdc253b850fcc648129397d54401728/element - {"using":"xpath","value":"//*[@id=\"backBtn\"]"}
RESULT: {"using":"xpath","value":"//*[@id=\"backBtn\"]"}
COMMAND: POST /session/ebdc253b850fcc648129397d54401728/element/f.88D3DDEF070EF795C93B41EC0763EB16.d.D3A71E1C16A0100279955B364C2DB7AD.e.2047/click - {}
COMMAND: POST /session/ebdc253b850fcc648129397d54401728/element - {"using":"xpath","value":"//*[@id=\"backBtn\"]"}
RESULT: {"using":"xpath","value":"//*[@id=\"backBtn\"]"}
COMMAND: POST /session/ebdc253b850fcc648129397d54401728/element/f.88D3DDEF070EF795C93B41EC0763EB16.d.D3A71E1C16A0100279955B364C2DB7AD.e.2225/click - {}
RESULT: {}
COMMAND: GET /session/ebdc253b850fcc648129397d54401728/screenshot - {}
RESULT: {}
COMMAND: POST /session/ebdc253b850fcc648129397d54401728/elements - {"using":"xpath","value":"//span[text()='Error']"}
RESULT: {"using":"xpath","value":"//span[text()='Error']"}
RESULT: undefined
COMMAND: POST /session/ebdc253b850fcc648129397d54401728/element - {"using":"xpath","value":"//*[@id=\"__tile53\"]"}
RESULT: {"using":"xpath","value":"//*[@id=\"__tile53\"]"}
COMMAND: POST /session/ebdc253b850fcc648129397d54401728/element/f.88D3DDEF070EF795C93B41EC0763EB16.d.D3A71E1C16A0100279955B364C2DB7AD.e.2221/click - {}
RESULT: {}
RESULT: undefined
COMMAND: POST /session/ebdc253b850fcc648129397d54401728/element - {"using":"xpath","value":"//*[@id=\"__tile53\"]"}
COMMAND: GET /session/ebdc253b850fcc648129397d54401728/screenshot - {}
RESULT: {"using":"xpath","value":"//*[@id=\"__tile53\"]"}
COMMAND: POST /session/ebdc253b850fcc648129397d54401728/element/f.88D3DDEF070EF795C93B41EC0763EB16.d.D3A71E1C16A0100279955B364C2DB7AD.e.2221/click - {}
RESULT: {}
RESULT: undefined
COMMAND: POST /session/ebdc253b850fcc648129397d54401728/execute/async - {"script":"<script> [6424 bytes]","args":[{"element-6066-11e4-a52e-4f735466cecf":"f.88D3DDEF070EF795C93B41EC0763EB16.d.D3A71E1C16A0100279955B364C2DB7AD.e.290"},"getTitle",[]]}
COMMAND: POST /session/ebdc253b850fcc648129397d54401728/execute/async - {"script":"<script> [1562 bytes]","args":[{"selector":{"id":"shellAppTitle"},"wdio_ui5_key":"shellAppTitle"}]}
RESULT: {"script":"<script> [1562 bytes]","args":[{"selector":{"id":"shellAppTitle"},"wdio_ui5_key":"shellAppTitle"}]}
COMMAND: POST /session/ebdc253b850fcc648129397d54401728/execute/async - {"script":"<script> [6424 bytes]","args":[{"element-6066-11e4-a52e-4f735466cecf":"f.88D3DDEF070EF795C93B41EC0763EB16.d.D3A71E1C16A0100279955B364C2DB7AD.e.2399"},"getTitle",[]]}
RESULT: {"script":"<script> [6424 bytes]","args":[{"element-6066-11e4-a52e-4f735466cecf":"f.88D3DDEF070EF795C93B41EC0763EB16.d.D3A71E1C16A0100279955B364C2DB7AD.e.2399"},"getTitle",[]]}
RESULT: undefined
COMMAND: POST /session/ebdc253b850fcc648129397d54401728/element/f.88D3DDEF070EF795C93B41EC0763EB16.d.D3A71E1C16A0100279955B364C2DB7AD.e.2225/click - {}
RESULT: {}
COMMAND: GET /session/ebdc253b850fcc648129397d54401728/screenshot - {}
RESULT: {}
]]></system-out>
    </testcase>
    <testcase classname="chrome.136_0_7103_49.windows.Sanity_Tests_US104253" name="Should open Billing Transfer page" time="35.887">
      <system-out><![CDATA[
COMMAND: POST /session/ebdc253b850fcc648129397d54401728/execute/async - {"script":"<script> [1562 bytes]","args":[{"selector":{"controlType":"sap.m.GenericTile","properties":{"header":"Billing Transfer"}},"wdio_ui5_key":"sapm.GenericTile{\"header\":\"Billing Transfer\"}"}]}
RESULT: {"script":"<script> [1562 bytes]","args":[{"selector":{"controlType":"sap.m.GenericTile","properties":{"header":"Billing Transfer"}},"wdio_ui5_key":"sapm.GenericTile{\"header\":\"Billing Transfer\"}"}]}
RESULT: undefined
COMMAND: POST /session/ebdc253b850fcc648129397d54401728/element - {"using":"xpath","value":"//*[@id=\"__tile50\"]"}
RESULT: {"using":"xpath","value":"//*[@id=\"__tile50\"]"}
COMMAND: POST /session/ebdc253b850fcc648129397d54401728/element/f.88D3DDEF070EF795C93B41EC0763EB16.d.D3A71E1C16A0100279955B364C2DB7AD.e.2401/click - {}
RESULT: {}
COMMAND: GET /session/ebdc253b850fcc648129397d54401728/screenshot - {}
RESULT: {}
COMMAND: POST /session/ebdc253b850fcc648129397d54401728/elements - {"using":"xpath","value":"//span[text()='Error']"}
RESULT: {"using":"xpath","value":"//span[text()='Error']"}
RESULT: undefined
COMMAND: POST /session/ebdc253b850fcc648129397d54401728/element - {"using":"xpath","value":"//*[@id=\"__tile50\"]"}
RESULT: {"using":"xpath","value":"//*[@id=\"__tile50\"]"}
COMMAND: POST /session/ebdc253b850fcc648129397d54401728/element/f.88D3DDEF070EF795C93B41EC0763EB16.d.D3A71E1C16A0100279955B364C2DB7AD.e.2401/click - {}
RESULT: undefined
COMMAND: POST /session/ebdc253b850fcc648129397d54401728/element - {"using":"xpath","value":"//*[@id=\"__tile50\"]"}
RESULT: {"using":"xpath","value":"//*[@id=\"__tile50\"]"}
COMMAND: POST /session/ebdc253b850fcc648129397d54401728/element/f.88D3DDEF070EF795C93B41EC0763EB16.d.D3A71E1C16A0100279955B364C2DB7AD.e.2401/click - {}
RESULT: undefined
COMMAND: POST /session/ebdc253b850fcc648129397d54401728/execute/async - {"script":"<script> [6424 bytes]","args":[{"element-6066-11e4-a52e-4f735466cecf":"f.88D3DDEF070EF795C93B41EC0763EB16.d.D3A71E1C16A0100279955B364C2DB7AD.e.290"},"getTitle",[]]}
COMMAND: POST /session/ebdc253b850fcc648129397d54401728/execute/async - {"script":"<script> [1562 bytes]","args":[{"selector":{"id":"shellAppTitle"},"wdio_ui5_key":"shellAppTitle"}]}
RESULT: {"script":"<script> [1562 bytes]","args":[{"selector":{"id":"shellAppTitle"},"wdio_ui5_key":"shellAppTitle"}]}
COMMAND: POST /session/ebdc253b850fcc648129397d54401728/execute/async - {"script":"<script> [6424 bytes]","args":[{"element-6066-11e4-a52e-4f735466cecf":"f.88D3DDEF070EF795C93B41EC0763EB16.d.D3A71E1C16A0100279955B364C2DB7AD.e.2514"},"getTitle",[]]}
RESULT: {"script":"<script> [6424 bytes]","args":[{"element-6066-11e4-a52e-4f735466cecf":"f.88D3DDEF070EF795C93B41EC0763EB16.d.D3A71E1C16A0100279955B364C2DB7AD.e.2514"},"getTitle",[]]}
RESULT: undefined
COMMAND: POST /session/ebdc253b850fcc648129397d54401728/element/f.88D3DDEF070EF795C93B41EC0763EB16.d.D3A71E1C16A0100279955B364C2DB7AD.e.2225/click - {}
COMMAND: POST /session/ebdc253b850fcc648129397d54401728/element - {"using":"xpath","value":"//*[@id=\"backBtn\"]"}
RESULT: {"using":"xpath","value":"//*[@id=\"backBtn\"]"}
COMMAND: POST /session/ebdc253b850fcc648129397d54401728/element/f.88D3DDEF070EF795C93B41EC0763EB16.d.D3A71E1C16A0100279955B364C2DB7AD.e.2225/click - {}
COMMAND: POST /session/ebdc253b850fcc648129397d54401728/element - {"using":"xpath","value":"//*[@id=\"backBtn\"]"}
RESULT: {"using":"xpath","value":"//*[@id=\"backBtn\"]"}
COMMAND: POST /session/ebdc253b850fcc648129397d54401728/element/f.88D3DDEF070EF795C93B41EC0763EB16.d.D3A71E1C16A0100279955B364C2DB7AD.e.2515/click - {}
RESULT: {}
COMMAND: GET /session/ebdc253b850fcc648129397d54401728/screenshot - {}
RESULT: {}
]]></system-out>
    </testcase>
    <testcase classname="chrome.136_0_7103_49.windows.Sanity_Tests_US104253" name="Should open Manage Pricing Rules page" time="36.316">
      <system-out><![CDATA[
COMMAND: POST /session/ebdc253b850fcc648129397d54401728/execute/async - {"script":"<script> [1562 bytes]","args":[{"selector":{"controlType":"sap.m.GenericTile","properties":{"header":"Manage Pricing Rules"}},"wdio_ui5_key":"sapm.GenericTile{\"header\":\"Manage Pricing Rules\"}"}]}
RESULT: {"script":"<script> [1562 bytes]","args":[{"selector":{"controlType":"sap.m.GenericTile","properties":{"header":"Manage Pricing Rules"}},"wdio_ui5_key":"sapm.GenericTile{\"header\":\"Manage Pricing Rules\"}"}]}
RESULT: undefined
COMMAND: POST /session/ebdc253b850fcc648129397d54401728/element - {"using":"xpath","value":"//*[@id=\"__tile55\"]"}
RESULT: {"using":"xpath","value":"//*[@id=\"__tile55\"]"}
COMMAND: POST /session/ebdc253b850fcc648129397d54401728/element/f.88D3DDEF070EF795C93B41EC0763EB16.d.D3A71E1C16A0100279955B364C2DB7AD.e.2517/click - {}
RESULT: {}
COMMAND: GET /session/ebdc253b850fcc648129397d54401728/screenshot - {}
RESULT: {}
COMMAND: POST /session/ebdc253b850fcc648129397d54401728/elements - {"using":"xpath","value":"//span[text()='Error']"}
RESULT: {"using":"xpath","value":"//span[text()='Error']"}
RESULT: undefined
COMMAND: POST /session/ebdc253b850fcc648129397d54401728/element - {"using":"xpath","value":"//*[@id=\"__tile55\"]"}
RESULT: {"using":"xpath","value":"//*[@id=\"__tile55\"]"}
COMMAND: POST /session/ebdc253b850fcc648129397d54401728/element/f.88D3DDEF070EF795C93B41EC0763EB16.d.D3A71E1C16A0100279955B364C2DB7AD.e.2517/click - {}
RESULT: undefined
COMMAND: POST /session/ebdc253b850fcc648129397d54401728/element - {"using":"xpath","value":"//*[@id=\"__tile55\"]"}
RESULT: {"using":"xpath","value":"//*[@id=\"__tile55\"]"}
COMMAND: POST /session/ebdc253b850fcc648129397d54401728/element/f.88D3DDEF070EF795C93B41EC0763EB16.d.D3A71E1C16A0100279955B364C2DB7AD.e.2517/click - {}
RESULT: undefined
COMMAND: POST /session/ebdc253b850fcc648129397d54401728/execute/async - {"script":"<script> [6424 bytes]","args":[{"element-6066-11e4-a52e-4f735466cecf":"f.88D3DDEF070EF795C93B41EC0763EB16.d.D3A71E1C16A0100279955B364C2DB7AD.e.290"},"getTitle",[]]}
COMMAND: POST /session/ebdc253b850fcc648129397d54401728/execute/async - {"script":"<script> [1562 bytes]","args":[{"selector":{"id":"shellAppTitle"},"wdio_ui5_key":"shellAppTitle"}]}
RESULT: {"script":"<script> [1562 bytes]","args":[{"selector":{"id":"shellAppTitle"},"wdio_ui5_key":"shellAppTitle"}]}
COMMAND: POST /session/ebdc253b850fcc648129397d54401728/execute/async - {"script":"<script> [6424 bytes]","args":[{"element-6066-11e4-a52e-4f735466cecf":"f.88D3DDEF070EF795C93B41EC0763EB16.d.D3A71E1C16A0100279955B364C2DB7AD.e.2565"},"getTitle",[]]}
RESULT: {"script":"<script> [6424 bytes]","args":[{"element-6066-11e4-a52e-4f735466cecf":"f.88D3DDEF070EF795C93B41EC0763EB16.d.D3A71E1C16A0100279955B364C2DB7AD.e.2565"},"getTitle",[]]}
RESULT: undefined
COMMAND: POST /session/ebdc253b850fcc648129397d54401728/element/f.88D3DDEF070EF795C93B41EC0763EB16.d.D3A71E1C16A0100279955B364C2DB7AD.e.2515/click - {}
RESULT: {}
COMMAND: GET /session/ebdc253b850fcc648129397d54401728/screenshot - {}
RESULT: {}
]]></system-out>
    </testcase>
    <testcase classname="chrome.136_0_7103_49.windows.Sanity_Tests_US104253" name="Should open Manage Price Determination Matrices page" time="36.08">
      <system-out><![CDATA[
COMMAND: POST /session/ebdc253b850fcc648129397d54401728/execute/async - {"script":"<script> [1562 bytes]","args":[{"selector":{"controlType":"sap.m.GenericTile","properties":{"header":"Manage Price Determination Matrices"}},"wdio_ui5_key":"sapm.GenericTile{\"header\":\"Manage Price Determination Matrices\"}"}]}
RESULT: {"script":"<script> [1562 bytes]","args":[{"selector":{"controlType":"sap.m.GenericTile","properties":{"header":"Manage Price Determination Matrices"}},"wdio_ui5_key":"sapm.GenericTile{\"header\":\"Manage Price Determination Matrices\"}"}]}
RESULT: undefined
COMMAND: POST /session/ebdc253b850fcc648129397d54401728/element - {"using":"xpath","value":"//*[@id=\"__tile54\"]"}
RESULT: {"using":"xpath","value":"//*[@id=\"__tile54\"]"}
COMMAND: POST /session/ebdc253b850fcc648129397d54401728/element/f.88D3DDEF070EF795C93B41EC0763EB16.d.D3A71E1C16A0100279955B364C2DB7AD.e.2567/click - {}
RESULT: {}
COMMAND: GET /session/ebdc253b850fcc648129397d54401728/screenshot - {}
RESULT: {}
COMMAND: POST /session/ebdc253b850fcc648129397d54401728/elements - {"using":"xpath","value":"//span[text()='Error']"}
RESULT: {"using":"xpath","value":"//span[text()='Error']"}
RESULT: undefined
COMMAND: POST /session/ebdc253b850fcc648129397d54401728/element - {"using":"xpath","value":"//*[@id=\"__tile54\"]"}
RESULT: {"using":"xpath","value":"//*[@id=\"__tile54\"]"}
COMMAND: POST /session/ebdc253b850fcc648129397d54401728/element/f.88D3DDEF070EF795C93B41EC0763EB16.d.D3A71E1C16A0100279955B364C2DB7AD.e.2567/click - {}
RESULT: undefined
COMMAND: POST /session/ebdc253b850fcc648129397d54401728/element - {"using":"xpath","value":"//*[@id=\"__tile54\"]"}
RESULT: {"using":"xpath","value":"//*[@id=\"__tile54\"]"}
COMMAND: POST /session/ebdc253b850fcc648129397d54401728/element/f.88D3DDEF070EF795C93B41EC0763EB16.d.D3A71E1C16A0100279955B364C2DB7AD.e.2567/click - {}
RESULT: undefined
COMMAND: POST /session/ebdc253b850fcc648129397d54401728/execute/async - {"script":"<script> [6424 bytes]","args":[{"element-6066-11e4-a52e-4f735466cecf":"f.88D3DDEF070EF795C93B41EC0763EB16.d.D3A71E1C16A0100279955B364C2DB7AD.e.290"},"getTitle",[]]}
COMMAND: POST /session/ebdc253b850fcc648129397d54401728/execute/async - {"script":"<script> [1562 bytes]","args":[{"selector":{"id":"shellAppTitle"},"wdio_ui5_key":"shellAppTitle"}]}
RESULT: {"script":"<script> [1562 bytes]","args":[{"selector":{"id":"shellAppTitle"},"wdio_ui5_key":"shellAppTitle"}]}
COMMAND: POST /session/ebdc253b850fcc648129397d54401728/execute/async - {"script":"<script> [6424 bytes]","args":[{"element-6066-11e4-a52e-4f735466cecf":"f.88D3DDEF070EF795C93B41EC0763EB16.d.D3A71E1C16A0100279955B364C2DB7AD.e.2662"},"getTitle",[]]}
RESULT: {"script":"<script> [6424 bytes]","args":[{"element-6066-11e4-a52e-4f735466cecf":"f.88D3DDEF070EF795C93B41EC0763EB16.d.D3A71E1C16A0100279955B364C2DB7AD.e.2662"},"getTitle",[]]}
RESULT: undefined
COMMAND: POST /session/ebdc253b850fcc648129397d54401728/element/f.88D3DDEF070EF795C93B41EC0763EB16.d.D3A71E1C16A0100279955B364C2DB7AD.e.2515/click - {}
COMMAND: POST /session/ebdc253b850fcc648129397d54401728/element - {"using":"xpath","value":"//*[@id=\"backBtn\"]"}
RESULT: {"using":"xpath","value":"//*[@id=\"backBtn\"]"}
COMMAND: POST /session/ebdc253b850fcc648129397d54401728/element/f.88D3DDEF070EF795C93B41EC0763EB16.d.D3A71E1C16A0100279955B364C2DB7AD.e.2515/click - {}
COMMAND: POST /session/ebdc253b850fcc648129397d54401728/element - {"using":"xpath","value":"//*[@id=\"backBtn\"]"}
RESULT: {"using":"xpath","value":"//*[@id=\"backBtn\"]"}
COMMAND: POST /session/ebdc253b850fcc648129397d54401728/element/f.88D3DDEF070EF795C93B41EC0763EB16.d.D3A71E1C16A0100279955B364C2DB7AD.e.2663/click - {}
RESULT: {}
COMMAND: GET /session/ebdc253b850fcc648129397d54401728/screenshot - {}
RESULT: {}
]]></system-out>
    </testcase>
    <testcase classname="chrome.136_0_7103_49.windows.Sanity_Tests_US104253" name="Should open Yard Overview page" time="36.467">
      <system-out><![CDATA[
COMMAND: POST /session/ebdc253b850fcc648129397d54401728/execute/async - {"script":"<script> [1562 bytes]","args":[{"selector":{"controlType":"sap.m.GenericTile","properties":{"header":"Yard Overview"}},"wdio_ui5_key":"sapm.GenericTile{\"header\":\"Yard Overview\"}"}]}
RESULT: {"script":"<script> [1562 bytes]","args":[{"selector":{"controlType":"sap.m.GenericTile","properties":{"header":"Yard Overview"}},"wdio_ui5_key":"sapm.GenericTile{\"header\":\"Yard Overview\"}"}]}
RESULT: undefined
COMMAND: POST /session/ebdc253b850fcc648129397d54401728/element - {"using":"xpath","value":"//*[@id=\"__tile102\"]"}
RESULT: {"using":"xpath","value":"//*[@id=\"__tile102\"]"}
COMMAND: POST /session/ebdc253b850fcc648129397d54401728/element/f.88D3DDEF070EF795C93B41EC0763EB16.d.D3A71E1C16A0100279955B364C2DB7AD.e.2665/click - {}
RESULT: {}
COMMAND: GET /session/ebdc253b850fcc648129397d54401728/screenshot - {}
RESULT: {}
COMMAND: POST /session/ebdc253b850fcc648129397d54401728/elements - {"using":"xpath","value":"//span[text()='Error']"}
RESULT: {"using":"xpath","value":"//span[text()='Error']"}
RESULT: undefined
COMMAND: POST /session/ebdc253b850fcc648129397d54401728/element - {"using":"xpath","value":"//*[@id=\"__tile102\"]"}
RESULT: {"using":"xpath","value":"//*[@id=\"__tile102\"]"}
COMMAND: POST /session/ebdc253b850fcc648129397d54401728/element/f.88D3DDEF070EF795C93B41EC0763EB16.d.D3A71E1C16A0100279955B364C2DB7AD.e.2665/click - {}
RESULT: undefined
COMMAND: POST /session/ebdc253b850fcc648129397d54401728/element - {"using":"xpath","value":"//*[@id=\"__tile102\"]"}
RESULT: {"using":"xpath","value":"//*[@id=\"__tile102\"]"}
COMMAND: POST /session/ebdc253b850fcc648129397d54401728/element/f.88D3DDEF070EF795C93B41EC0763EB16.d.D3A71E1C16A0100279955B364C2DB7AD.e.2665/click - {}
RESULT: undefined
COMMAND: POST /session/ebdc253b850fcc648129397d54401728/execute/async - {"script":"<script> [6424 bytes]","args":[{"element-6066-11e4-a52e-4f735466cecf":"f.88D3DDEF070EF795C93B41EC0763EB16.d.D3A71E1C16A0100279955B364C2DB7AD.e.290"},"getTitle",[]]}
COMMAND: POST /session/ebdc253b850fcc648129397d54401728/execute/async - {"script":"<script> [1562 bytes]","args":[{"selector":{"id":"shellAppTitle"},"wdio_ui5_key":"shellAppTitle"}]}
RESULT: {"script":"<script> [1562 bytes]","args":[{"selector":{"id":"shellAppTitle"},"wdio_ui5_key":"shellAppTitle"}]}
COMMAND: POST /session/ebdc253b850fcc648129397d54401728/execute/async - {"script":"<script> [6424 bytes]","args":[{"element-6066-11e4-a52e-4f735466cecf":"f.88D3DDEF070EF795C93B41EC0763EB16.d.D3A71E1C16A0100279955B364C2DB7AD.e.2731"},"getTitle",[]]}
RESULT: {"script":"<script> [6424 bytes]","args":[{"element-6066-11e4-a52e-4f735466cecf":"f.88D3DDEF070EF795C93B41EC0763EB16.d.D3A71E1C16A0100279955B364C2DB7AD.e.2731"},"getTitle",[]]}
RESULT: undefined
COMMAND: POST /session/ebdc253b850fcc648129397d54401728/element/f.88D3DDEF070EF795C93B41EC0763EB16.d.D3A71E1C16A0100279955B364C2DB7AD.e.2663/click - {}
RESULT: {}
COMMAND: GET /session/ebdc253b850fcc648129397d54401728/screenshot - {}
RESULT: {}
]]></system-out>
    </testcase>
    <testcase classname="chrome.136_0_7103_49.windows.Sanity_Tests_US104253" name="Should open Site Overview page" time="40.19">
      <system-out><![CDATA[
COMMAND: POST /session/ebdc253b850fcc648129397d54401728/execute/async - {"script":"<script> [1562 bytes]","args":[{"selector":{"controlType":"sap.m.GenericTile","properties":{"header":"Site Overview"}},"wdio_ui5_key":"sapm.GenericTile{\"header\":\"Site Overview\"}"}]}
RESULT: {"script":"<script> [1562 bytes]","args":[{"selector":{"controlType":"sap.m.GenericTile","properties":{"header":"Site Overview"}},"wdio_ui5_key":"sapm.GenericTile{\"header\":\"Site Overview\"}"}]}
RESULT: undefined
COMMAND: POST /session/ebdc253b850fcc648129397d54401728/element - {"using":"xpath","value":"//*[@id=\"__tile100\"]"}
RESULT: {"using":"xpath","value":"//*[@id=\"__tile100\"]"}
COMMAND: POST /session/ebdc253b850fcc648129397d54401728/element/f.88D3DDEF070EF795C93B41EC0763EB16.d.D3A71E1C16A0100279955B364C2DB7AD.e.2734/click - {}
RESULT: {}
COMMAND: GET /session/ebdc253b850fcc648129397d54401728/screenshot - {}
RESULT: {}
COMMAND: POST /session/ebdc253b850fcc648129397d54401728/elements - {"using":"xpath","value":"//span[text()='Error']"}
RESULT: {"using":"xpath","value":"//span[text()='Error']"}
RESULT: undefined
COMMAND: POST /session/ebdc253b850fcc648129397d54401728/element - {"using":"xpath","value":"//*[@id=\"__tile100\"]"}
RESULT: {"using":"xpath","value":"//*[@id=\"__tile100\"]"}
COMMAND: POST /session/ebdc253b850fcc648129397d54401728/element/f.88D3DDEF070EF795C93B41EC0763EB16.d.D3A71E1C16A0100279955B364C2DB7AD.e.2734/click - {}
RESULT: undefined
COMMAND: POST /session/ebdc253b850fcc648129397d54401728/element - {"using":"xpath","value":"//*[@id=\"__tile100\"]"}
RESULT: {"using":"xpath","value":"//*[@id=\"__tile100\"]"}
COMMAND: POST /session/ebdc253b850fcc648129397d54401728/element/f.88D3DDEF070EF795C93B41EC0763EB16.d.D3A71E1C16A0100279955B364C2DB7AD.e.2734/click - {}
RESULT: undefined
COMMAND: POST /session/ebdc253b850fcc648129397d54401728/execute/async - {"script":"<script> [6424 bytes]","args":[{"element-6066-11e4-a52e-4f735466cecf":"f.88D3DDEF070EF795C93B41EC0763EB16.d.D3A71E1C16A0100279955B364C2DB7AD.e.290"},"getTitle",[]]}
COMMAND: POST /session/ebdc253b850fcc648129397d54401728/execute/async - {"script":"<script> [1562 bytes]","args":[{"selector":{"id":"shellAppTitle"},"wdio_ui5_key":"shellAppTitle"}]}
RESULT: {"script":"<script> [1562 bytes]","args":[{"selector":{"id":"shellAppTitle"},"wdio_ui5_key":"shellAppTitle"}]}
COMMAND: POST /session/ebdc253b850fcc648129397d54401728/execute/async - {"script":"<script> [6424 bytes]","args":[{"element-6066-11e4-a52e-4f735466cecf":"f.88D3DDEF070EF795C93B41EC0763EB16.d.D3A71E1C16A0100279955B364C2DB7AD.e.2862"},"getTitle",[]]}
RESULT: {"script":"<script> [6424 bytes]","args":[{"element-6066-11e4-a52e-4f735466cecf":"f.88D3DDEF070EF795C93B41EC0763EB16.d.D3A71E1C16A0100279955B364C2DB7AD.e.2862"},"getTitle",[]]}
RESULT: undefined
COMMAND: POST /session/ebdc253b850fcc648129397d54401728/element/f.88D3DDEF070EF795C93B41EC0763EB16.d.D3A71E1C16A0100279955B364C2DB7AD.e.2663/click - {}
COMMAND: POST /session/ebdc253b850fcc648129397d54401728/element - {"using":"xpath","value":"//*[@id=\"backBtn\"]"}
RESULT: {"using":"xpath","value":"//*[@id=\"backBtn\"]"}
COMMAND: POST /session/ebdc253b850fcc648129397d54401728/element/f.88D3DDEF070EF795C93B41EC0763EB16.d.D3A71E1C16A0100279955B364C2DB7AD.e.2663/click - {}
COMMAND: POST /session/ebdc253b850fcc648129397d54401728/element - {"using":"xpath","value":"//*[@id=\"backBtn\"]"}
RESULT: {"using":"xpath","value":"//*[@id=\"backBtn\"]"}
COMMAND: POST /session/ebdc253b850fcc648129397d54401728/element/f.88D3DDEF070EF795C93B41EC0763EB16.d.D3A71E1C16A0100279955B364C2DB7AD.e.2863/click - {}
RESULT: {}
COMMAND: GET /session/ebdc253b850fcc648129397d54401728/screenshot - {}
RESULT: {}
]]></system-out>
    </testcase>
    <testcase classname="chrome.136_0_7103_49.windows.Sanity_Tests_US104253" name="Should open Trace Track Resources page" time="36.429">
      <system-out><![CDATA[
COMMAND: POST /session/ebdc253b850fcc648129397d54401728/execute/async - {"script":"<script> [1562 bytes]","args":[{"selector":{"controlType":"sap.m.GenericTile","properties":{"header":"Trace & Track Resources"}},"wdio_ui5_key":"sapm.GenericTile{\"header\":\"Trace & Track Resources\"}"}]}
RESULT: {"script":"<script> [1562 bytes]","args":[{"selector":{"controlType":"sap.m.GenericTile","properties":{"header":"Trace & Track Resources"}},"wdio_ui5_key":"sapm.GenericTile{\"header\":\"Trace & Track Resources\"}"}]}
RESULT: undefined
COMMAND: POST /session/ebdc253b850fcc648129397d54401728/element - {"using":"xpath","value":"//*[@id=\"__tile101\"]"}
RESULT: {"using":"xpath","value":"//*[@id=\"__tile101\"]"}
COMMAND: POST /session/ebdc253b850fcc648129397d54401728/element/f.88D3DDEF070EF795C93B41EC0763EB16.d.D3A71E1C16A0100279955B364C2DB7AD.e.2865/click - {}
RESULT: {}
COMMAND: GET /session/ebdc253b850fcc648129397d54401728/screenshot - {}
RESULT: {}
COMMAND: POST /session/ebdc253b850fcc648129397d54401728/elements - {"using":"xpath","value":"//span[text()='Error']"}
RESULT: {"using":"xpath","value":"//span[text()='Error']"}
RESULT: undefined
COMMAND: POST /session/ebdc253b850fcc648129397d54401728/element - {"using":"xpath","value":"//*[@id=\"__tile101\"]"}
RESULT: {"using":"xpath","value":"//*[@id=\"__tile101\"]"}
COMMAND: POST /session/ebdc253b850fcc648129397d54401728/element/f.88D3DDEF070EF795C93B41EC0763EB16.d.D3A71E1C16A0100279955B364C2DB7AD.e.2865/click - {}
RESULT: undefined
COMMAND: POST /session/ebdc253b850fcc648129397d54401728/element - {"using":"xpath","value":"//*[@id=\"__tile101\"]"}
RESULT: {"using":"xpath","value":"//*[@id=\"__tile101\"]"}
COMMAND: POST /session/ebdc253b850fcc648129397d54401728/element/f.88D3DDEF070EF795C93B41EC0763EB16.d.D3A71E1C16A0100279955B364C2DB7AD.e.2865/click - {}
RESULT: undefined
COMMAND: POST /session/ebdc253b850fcc648129397d54401728/execute/async - {"script":"<script> [6424 bytes]","args":[{"element-6066-11e4-a52e-4f735466cecf":"f.88D3DDEF070EF795C93B41EC0763EB16.d.D3A71E1C16A0100279955B364C2DB7AD.e.290"},"getTitle",[]]}
COMMAND: POST /session/ebdc253b850fcc648129397d54401728/execute/async - {"script":"<script> [1562 bytes]","args":[{"selector":{"id":"shellAppTitle"},"wdio_ui5_key":"shellAppTitle"}]}
RESULT: {"script":"<script> [1562 bytes]","args":[{"selector":{"id":"shellAppTitle"},"wdio_ui5_key":"shellAppTitle"}]}
COMMAND: POST /session/ebdc253b850fcc648129397d54401728/execute/async - {"script":"<script> [6424 bytes]","args":[{"element-6066-11e4-a52e-4f735466cecf":"f.88D3DDEF070EF795C93B41EC0763EB16.d.D3A71E1C16A0100279955B364C2DB7AD.e.2899"},"getTitle",[]]}
RESULT: {"script":"<script> [6424 bytes]","args":[{"element-6066-11e4-a52e-4f735466cecf":"f.88D3DDEF070EF795C93B41EC0763EB16.d.D3A71E1C16A0100279955B364C2DB7AD.e.2899"},"getTitle",[]]}
RESULT: undefined
COMMAND: POST /session/ebdc253b850fcc648129397d54401728/element/f.88D3DDEF070EF795C93B41EC0763EB16.d.D3A71E1C16A0100279955B364C2DB7AD.e.2863/click - {}
RESULT: {}
COMMAND: GET /session/ebdc253b850fcc648129397d54401728/screenshot - {}
RESULT: {}
]]></system-out>
    </testcase>
    <testcase classname="chrome.136_0_7103_49.windows.Sanity_Tests_US104253" name="Should open RU Inventory List page" time="36.41">
      <system-out><![CDATA[
COMMAND: POST /session/ebdc253b850fcc648129397d54401728/execute/async - {"script":"<script> [1562 bytes]","args":[{"selector":{"controlType":"sap.m.GenericTile","properties":{"header":"RU Inventory List"}},"wdio_ui5_key":"sapm.GenericTile{\"header\":\"RU Inventory List\"}"}]}
RESULT: {"script":"<script> [1562 bytes]","args":[{"selector":{"controlType":"sap.m.GenericTile","properties":{"header":"RU Inventory List"}},"wdio_ui5_key":"sapm.GenericTile{\"header\":\"RU Inventory List\"}"}]}
RESULT: undefined
COMMAND: POST /session/ebdc253b850fcc648129397d54401728/element - {"using":"xpath","value":"//*[@id=\"__tile99\"]"}
RESULT: {"using":"xpath","value":"//*[@id=\"__tile99\"]"}
COMMAND: POST /session/ebdc253b850fcc648129397d54401728/element/f.88D3DDEF070EF795C93B41EC0763EB16.d.D3A71E1C16A0100279955B364C2DB7AD.e.107/click - {}
RESULT: {}
COMMAND: GET /session/ebdc253b850fcc648129397d54401728/screenshot - {}
RESULT: {}
COMMAND: POST /session/ebdc253b850fcc648129397d54401728/elements - {"using":"xpath","value":"//span[text()='Error']"}
RESULT: {"using":"xpath","value":"//span[text()='Error']"}
RESULT: undefined
COMMAND: POST /session/ebdc253b850fcc648129397d54401728/element - {"using":"xpath","value":"//*[@id=\"__tile99\"]"}
RESULT: {"using":"xpath","value":"//*[@id=\"__tile99\"]"}
COMMAND: POST /session/ebdc253b850fcc648129397d54401728/element/f.88D3DDEF070EF795C93B41EC0763EB16.d.D3A71E1C16A0100279955B364C2DB7AD.e.107/click - {}
RESULT: undefined
COMMAND: POST /session/ebdc253b850fcc648129397d54401728/element - {"using":"xpath","value":"//*[@id=\"__tile99\"]"}
RESULT: {"using":"xpath","value":"//*[@id=\"__tile99\"]"}
COMMAND: POST /session/ebdc253b850fcc648129397d54401728/element/f.88D3DDEF070EF795C93B41EC0763EB16.d.D3A71E1C16A0100279955B364C2DB7AD.e.107/click - {}
RESULT: undefined
COMMAND: POST /session/ebdc253b850fcc648129397d54401728/execute/async - {"script":"<script> [6424 bytes]","args":[{"element-6066-11e4-a52e-4f735466cecf":"f.88D3DDEF070EF795C93B41EC0763EB16.d.D3A71E1C16A0100279955B364C2DB7AD.e.290"},"getTitle",[]]}
COMMAND: POST /session/ebdc253b850fcc648129397d54401728/execute/async - {"script":"<script> [1562 bytes]","args":[{"selector":{"id":"shellAppTitle"},"wdio_ui5_key":"shellAppTitle"}]}
RESULT: {"script":"<script> [1562 bytes]","args":[{"selector":{"id":"shellAppTitle"},"wdio_ui5_key":"shellAppTitle"}]}
COMMAND: POST /session/ebdc253b850fcc648129397d54401728/execute/async - {"script":"<script> [6424 bytes]","args":[{"element-6066-11e4-a52e-4f735466cecf":"f.88D3DDEF070EF795C93B41EC0763EB16.d.D3A71E1C16A0100279955B364C2DB7AD.e.3098"},"getTitle",[]]}
RESULT: {"script":"<script> [6424 bytes]","args":[{"element-6066-11e4-a52e-4f735466cecf":"f.88D3DDEF070EF795C93B41EC0763EB16.d.D3A71E1C16A0100279955B364C2DB7AD.e.3098"},"getTitle",[]]}
RESULT: undefined
COMMAND: POST /session/ebdc253b850fcc648129397d54401728/element/f.88D3DDEF070EF795C93B41EC0763EB16.d.D3A71E1C16A0100279955B364C2DB7AD.e.2863/click - {}
COMMAND: POST /session/ebdc253b850fcc648129397d54401728/element - {"using":"xpath","value":"//*[@id=\"backBtn\"]"}
RESULT: {"using":"xpath","value":"//*[@id=\"backBtn\"]"}
COMMAND: POST /session/ebdc253b850fcc648129397d54401728/element/f.88D3DDEF070EF795C93B41EC0763EB16.d.D3A71E1C16A0100279955B364C2DB7AD.e.2863/click - {}
COMMAND: POST /session/ebdc253b850fcc648129397d54401728/element - {"using":"xpath","value":"//*[@id=\"backBtn\"]"}
RESULT: {"using":"xpath","value":"//*[@id=\"backBtn\"]"}
COMMAND: POST /session/ebdc253b850fcc648129397d54401728/element/f.88D3DDEF070EF795C93B41EC0763EB16.d.D3A71E1C16A0100279955B364C2DB7AD.e.3099/click - {}
RESULT: {}
COMMAND: GET /session/ebdc253b850fcc648129397d54401728/screenshot - {}
RESULT: {}
]]></system-out>
    </testcase>
    <testcase classname="chrome.136_0_7103_49.windows.Sanity_Tests_US104253" name="Should open Contracts Dashboard page" time="47.219">
      <system-out><![CDATA[
COMMAND: POST /session/ebdc253b850fcc648129397d54401728/execute/async - {"script":"<script> [1562 bytes]","args":[{"selector":{"controlType":"sap.m.GenericTile","properties":{"header":"Contracts Dashboard"}},"wdio_ui5_key":"sapm.GenericTile{\"header\":\"Contracts Dashboard\"}"}]}
RESULT: {"script":"<script> [1562 bytes]","args":[{"selector":{"controlType":"sap.m.GenericTile","properties":{"header":"Contracts Dashboard"}},"wdio_ui5_key":"sapm.GenericTile{\"header\":\"Contracts Dashboard\"}"}]}
RESULT: undefined
COMMAND: POST /session/ebdc253b850fcc648129397d54401728/element - {"using":"xpath","value":"//*[@id=\"__tile97\"]"}
RESULT: {"using":"xpath","value":"//*[@id=\"__tile97\"]"}
COMMAND: POST /session/ebdc253b850fcc648129397d54401728/element/f.88D3DDEF070EF795C93B41EC0763EB16.d.D3A71E1C16A0100279955B364C2DB7AD.e.3101/click - {}
RESULT: {}
COMMAND: GET /session/ebdc253b850fcc648129397d54401728/screenshot - {}
RESULT: {}
COMMAND: POST /session/ebdc253b850fcc648129397d54401728/elements - {"using":"xpath","value":"//span[text()='Error']"}
RESULT: {"using":"xpath","value":"//span[text()='Error']"}
RESULT: undefined
COMMAND: POST /session/ebdc253b850fcc648129397d54401728/element - {"using":"xpath","value":"//*[@id=\"__tile97\"]"}
RESULT: {"using":"xpath","value":"//*[@id=\"__tile97\"]"}
COMMAND: POST /session/ebdc253b850fcc648129397d54401728/element/f.88D3DDEF070EF795C93B41EC0763EB16.d.D3A71E1C16A0100279955B364C2DB7AD.e.3101/click - {}
RESULT: undefined
COMMAND: POST /session/ebdc253b850fcc648129397d54401728/element - {"using":"xpath","value":"//*[@id=\"__tile97\"]"}
RESULT: {"using":"xpath","value":"//*[@id=\"__tile97\"]"}
COMMAND: POST /session/ebdc253b850fcc648129397d54401728/element/f.88D3DDEF070EF795C93B41EC0763EB16.d.D3A71E1C16A0100279955B364C2DB7AD.e.3101/click - {}
RESULT: undefined
COMMAND: POST /session/ebdc253b850fcc648129397d54401728/execute/async - {"script":"<script> [6424 bytes]","args":[{"element-6066-11e4-a52e-4f735466cecf":"f.88D3DDEF070EF795C93B41EC0763EB16.d.D3A71E1C16A0100279955B364C2DB7AD.e.290"},"getTitle",[]]}
COMMAND: POST /session/ebdc253b850fcc648129397d54401728/execute/async - {"script":"<script> [1562 bytes]","args":[{"selector":{"id":"shellAppTitle"},"wdio_ui5_key":"shellAppTitle"}]}
RESULT: {"script":"<script> [1562 bytes]","args":[{"selector":{"id":"shellAppTitle"},"wdio_ui5_key":"shellAppTitle"}]}
COMMAND: POST /session/ebdc253b850fcc648129397d54401728/execute/async - {"script":"<script> [6424 bytes]","args":[{"element-6066-11e4-a52e-4f735466cecf":"f.88D3DDEF070EF795C93B41EC0763EB16.d.D3A71E1C16A0100279955B364C2DB7AD.e.3122"},"getTitle",[]]}
RESULT: {"script":"<script> [6424 bytes]","args":[{"element-6066-11e4-a52e-4f735466cecf":"f.88D3DDEF070EF795C93B41EC0763EB16.d.D3A71E1C16A0100279955B364C2DB7AD.e.3122"},"getTitle",[]]}
RESULT: undefined
COMMAND: POST /session/ebdc253b850fcc648129397d54401728/element/f.88D3DDEF070EF795C93B41EC0763EB16.d.D3A71E1C16A0100279955B364C2DB7AD.e.3099/click - {}
RESULT: {}
COMMAND: GET /session/ebdc253b850fcc648129397d54401728/screenshot - {}
RESULT: {}
]]></system-out>
    </testcase>
    <testcase classname="chrome.136_0_7103_49.windows.Sanity_Tests_US104253" name="Should open Bin Status Report page" time="37.11">
      <system-out><![CDATA[
COMMAND: POST /session/ebdc253b850fcc648129397d54401728/execute/async - {"script":"<script> [1562 bytes]","args":[{"selector":{"controlType":"sap.m.GenericTile","properties":{"header":"Bin Status Report"}},"wdio_ui5_key":"sapm.GenericTile{\"header\":\"Bin Status Report\"}"}]}
RESULT: {"script":"<script> [1562 bytes]","args":[{"selector":{"controlType":"sap.m.GenericTile","properties":{"header":"Bin Status Report"}},"wdio_ui5_key":"sapm.GenericTile{\"header\":\"Bin Status Report\"}"}]}
RESULT: undefined
COMMAND: POST /session/ebdc253b850fcc648129397d54401728/element - {"using":"xpath","value":"//*[@id=\"__tile104\"]"}
RESULT: {"using":"xpath","value":"//*[@id=\"__tile104\"]"}
COMMAND: POST /session/ebdc253b850fcc648129397d54401728/element/f.88D3DDEF070EF795C93B41EC0763EB16.d.D3A71E1C16A0100279955B364C2DB7AD.e.3124/click - {}
RESULT: {}
COMMAND: GET /session/ebdc253b850fcc648129397d54401728/screenshot - {}
RESULT: {}
COMMAND: POST /session/ebdc253b850fcc648129397d54401728/elements - {"using":"xpath","value":"//span[text()='Error']"}
RESULT: {"using":"xpath","value":"//span[text()='Error']"}
RESULT: undefined
COMMAND: POST /session/ebdc253b850fcc648129397d54401728/element - {"using":"xpath","value":"//*[@id=\"__tile104\"]"}
RESULT: {"using":"xpath","value":"//*[@id=\"__tile104\"]"}
COMMAND: POST /session/ebdc253b850fcc648129397d54401728/element/f.88D3DDEF070EF795C93B41EC0763EB16.d.D3A71E1C16A0100279955B364C2DB7AD.e.3124/click - {}
RESULT: undefined
COMMAND: POST /session/ebdc253b850fcc648129397d54401728/element - {"using":"xpath","value":"//*[@id=\"__tile104\"]"}
RESULT: {"using":"xpath","value":"//*[@id=\"__tile104\"]"}
COMMAND: POST /session/ebdc253b850fcc648129397d54401728/element/f.88D3DDEF070EF795C93B41EC0763EB16.d.D3A71E1C16A0100279955B364C2DB7AD.e.3124/click - {}
RESULT: undefined
COMMAND: POST /session/ebdc253b850fcc648129397d54401728/execute/async - {"script":"<script> [6424 bytes]","args":[{"element-6066-11e4-a52e-4f735466cecf":"f.88D3DDEF070EF795C93B41EC0763EB16.d.D3A71E1C16A0100279955B364C2DB7AD.e.290"},"getTitle",[]]}
COMMAND: POST /session/ebdc253b850fcc648129397d54401728/execute/async - {"script":"<script> [1562 bytes]","args":[{"selector":{"id":"shellAppTitle"},"wdio_ui5_key":"shellAppTitle"}]}
RESULT: {"script":"<script> [1562 bytes]","args":[{"selector":{"id":"shellAppTitle"},"wdio_ui5_key":"shellAppTitle"}]}
COMMAND: POST /session/ebdc253b850fcc648129397d54401728/execute/async - {"script":"<script> [6424 bytes]","args":[{"element-6066-11e4-a52e-4f735466cecf":"f.88D3DDEF070EF795C93B41EC0763EB16.d.D3A71E1C16A0100279955B364C2DB7AD.e.3219"},"getTitle",[]]}
RESULT: {"script":"<script> [6424 bytes]","args":[{"element-6066-11e4-a52e-4f735466cecf":"f.88D3DDEF070EF795C93B41EC0763EB16.d.D3A71E1C16A0100279955B364C2DB7AD.e.3219"},"getTitle",[]]}
RESULT: undefined
COMMAND: POST /session/ebdc253b850fcc648129397d54401728/element/f.88D3DDEF070EF795C93B41EC0763EB16.d.D3A71E1C16A0100279955B364C2DB7AD.e.3099/click - {}
COMMAND: POST /session/ebdc253b850fcc648129397d54401728/element - {"using":"xpath","value":"//*[@id=\"backBtn\"]"}
RESULT: {"using":"xpath","value":"//*[@id=\"backBtn\"]"}
COMMAND: POST /session/ebdc253b850fcc648129397d54401728/element/f.88D3DDEF070EF795C93B41EC0763EB16.d.D3A71E1C16A0100279955B364C2DB7AD.e.3099/click - {}
COMMAND: POST /session/ebdc253b850fcc648129397d54401728/element - {"using":"xpath","value":"//*[@id=\"backBtn\"]"}
RESULT: {"using":"xpath","value":"//*[@id=\"backBtn\"]"}
COMMAND: POST /session/ebdc253b850fcc648129397d54401728/element/f.88D3DDEF070EF795C93B41EC0763EB16.d.D3A71E1C16A0100279955B364C2DB7AD.e.3220/click - {}
RESULT: {}
COMMAND: GET /session/ebdc253b850fcc648129397d54401728/screenshot - {}
RESULT: {}
]]></system-out>
    </testcase>
    <testcase classname="chrome.136_0_7103_49.windows.Sanity_Tests_US104253" name="Should open Manage Warehouse Movements page" time="35.98">
      <system-out><![CDATA[
COMMAND: POST /session/ebdc253b850fcc648129397d54401728/execute/async - {"script":"<script> [1562 bytes]","args":[{"selector":{"controlType":"sap.m.GenericTile","properties":{"header":"Manage Warehouse Movements"}},"wdio_ui5_key":"sapm.GenericTile{\"header\":\"Manage Warehouse Movements\"}"}]}
RESULT: {"script":"<script> [1562 bytes]","args":[{"selector":{"controlType":"sap.m.GenericTile","properties":{"header":"Manage Warehouse Movements"}},"wdio_ui5_key":"sapm.GenericTile{\"header\":\"Manage Warehouse Movements\"}"}]}
RESULT: undefined
COMMAND: POST /session/ebdc253b850fcc648129397d54401728/element - {"using":"xpath","value":"//*[@id=\"__tile105\"]"}
RESULT: {"using":"xpath","value":"//*[@id=\"__tile105\"]"}
COMMAND: POST /session/ebdc253b850fcc648129397d54401728/element/f.88D3DDEF070EF795C93B41EC0763EB16.d.D3A71E1C16A0100279955B364C2DB7AD.e.3224/click - {}
RESULT: {}
COMMAND: GET /session/ebdc253b850fcc648129397d54401728/screenshot - {}
RESULT: {}
COMMAND: POST /session/ebdc253b850fcc648129397d54401728/elements - {"using":"xpath","value":"//span[text()='Error']"}
RESULT: {"using":"xpath","value":"//span[text()='Error']"}
RESULT: undefined
COMMAND: POST /session/ebdc253b850fcc648129397d54401728/element - {"using":"xpath","value":"//*[@id=\"__tile105\"]"}
RESULT: {"using":"xpath","value":"//*[@id=\"__tile105\"]"}
COMMAND: POST /session/ebdc253b850fcc648129397d54401728/element/f.88D3DDEF070EF795C93B41EC0763EB16.d.D3A71E1C16A0100279955B364C2DB7AD.e.3224/click - {}
RESULT: undefined
COMMAND: POST /session/ebdc253b850fcc648129397d54401728/element - {"using":"xpath","value":"//*[@id=\"__tile105\"]"}
RESULT: {"using":"xpath","value":"//*[@id=\"__tile105\"]"}
COMMAND: POST /session/ebdc253b850fcc648129397d54401728/element/f.88D3DDEF070EF795C93B41EC0763EB16.d.D3A71E1C16A0100279955B364C2DB7AD.e.3224/click - {}
RESULT: undefined
COMMAND: POST /session/ebdc253b850fcc648129397d54401728/execute/async - {"script":"<script> [6424 bytes]","args":[{"element-6066-11e4-a52e-4f735466cecf":"f.88D3DDEF070EF795C93B41EC0763EB16.d.D3A71E1C16A0100279955B364C2DB7AD.e.290"},"getTitle",[]]}
COMMAND: POST /session/ebdc253b850fcc648129397d54401728/execute/async - {"script":"<script> [1562 bytes]","args":[{"selector":{"id":"shellAppTitle"},"wdio_ui5_key":"shellAppTitle"}]}
RESULT: {"script":"<script> [1562 bytes]","args":[{"selector":{"id":"shellAppTitle"},"wdio_ui5_key":"shellAppTitle"}]}
COMMAND: POST /session/ebdc253b850fcc648129397d54401728/execute/async - {"script":"<script> [6424 bytes]","args":[{"element-6066-11e4-a52e-4f735466cecf":"f.88D3DDEF070EF795C93B41EC0763EB16.d.D3A71E1C16A0100279955B364C2DB7AD.e.3326"},"getTitle",[]]}
RESULT: {"script":"<script> [6424 bytes]","args":[{"element-6066-11e4-a52e-4f735466cecf":"f.88D3DDEF070EF795C93B41EC0763EB16.d.D3A71E1C16A0100279955B364C2DB7AD.e.3326"},"getTitle",[]]}
RESULT: undefined
COMMAND: POST /session/ebdc253b850fcc648129397d54401728/element/f.88D3DDEF070EF795C93B41EC0763EB16.d.D3A71E1C16A0100279955B364C2DB7AD.e.3220/click - {}
RESULT: {}
COMMAND: GET /session/ebdc253b850fcc648129397d54401728/screenshot - {}
RESULT: {}
]]></system-out>
    </testcase>
    <testcase classname="chrome.136_0_7103_49.windows.Sanity_Tests_US104253" name="Should open Bin Inventory List page" time="37.393">
      <system-out><![CDATA[
COMMAND: POST /session/ebdc253b850fcc648129397d54401728/execute/async - {"script":"<script> [1562 bytes]","args":[{"selector":{"controlType":"sap.m.GenericTile","properties":{"header":"Bin Inventory List"}},"wdio_ui5_key":"sapm.GenericTile{\"header\":\"Bin Inventory List\"}"}]}
RESULT: {"script":"<script> [1562 bytes]","args":[{"selector":{"controlType":"sap.m.GenericTile","properties":{"header":"Bin Inventory List"}},"wdio_ui5_key":"sapm.GenericTile{\"header\":\"Bin Inventory List\"}"}]}
RESULT: undefined
COMMAND: POST /session/ebdc253b850fcc648129397d54401728/element - {"using":"xpath","value":"//*[@id=\"__tile103\"]"}
RESULT: {"using":"xpath","value":"//*[@id=\"__tile103\"]"}
COMMAND: POST /session/ebdc253b850fcc648129397d54401728/element/f.88D3DDEF070EF795C93B41EC0763EB16.d.D3A71E1C16A0100279955B364C2DB7AD.e.3328/click - {}
RESULT: {}
COMMAND: GET /session/ebdc253b850fcc648129397d54401728/screenshot - {}
RESULT: {}
COMMAND: POST /session/ebdc253b850fcc648129397d54401728/elements - {"using":"xpath","value":"//span[text()='Error']"}
RESULT: {"using":"xpath","value":"//span[text()='Error']"}
RESULT: undefined
COMMAND: POST /session/ebdc253b850fcc648129397d54401728/element - {"using":"xpath","value":"//*[@id=\"__tile103\"]"}
RESULT: {"using":"xpath","value":"//*[@id=\"__tile103\"]"}
COMMAND: POST /session/ebdc253b850fcc648129397d54401728/element/f.88D3DDEF070EF795C93B41EC0763EB16.d.D3A71E1C16A0100279955B364C2DB7AD.e.3328/click - {}
RESULT: undefined
COMMAND: POST /session/ebdc253b850fcc648129397d54401728/element - {"using":"xpath","value":"//*[@id=\"__tile103\"]"}
RESULT: {"using":"xpath","value":"//*[@id=\"__tile103\"]"}
COMMAND: POST /session/ebdc253b850fcc648129397d54401728/element/f.88D3DDEF070EF795C93B41EC0763EB16.d.D3A71E1C16A0100279955B364C2DB7AD.e.3328/click - {}
RESULT: undefined
COMMAND: POST /session/ebdc253b850fcc648129397d54401728/execute/async - {"script":"<script> [6424 bytes]","args":[{"element-6066-11e4-a52e-4f735466cecf":"f.88D3DDEF070EF795C93B41EC0763EB16.d.D3A71E1C16A0100279955B364C2DB7AD.e.290"},"getTitle",[]]}
COMMAND: POST /session/ebdc253b850fcc648129397d54401728/execute/async - {"script":"<script> [1562 bytes]","args":[{"selector":{"id":"shellAppTitle"},"wdio_ui5_key":"shellAppTitle"}]}
RESULT: {"script":"<script> [1562 bytes]","args":[{"selector":{"id":"shellAppTitle"},"wdio_ui5_key":"shellAppTitle"}]}
COMMAND: POST /session/ebdc253b850fcc648129397d54401728/execute/async - {"script":"<script> [6424 bytes]","args":[{"element-6066-11e4-a52e-4f735466cecf":"f.88D3DDEF070EF795C93B41EC0763EB16.d.D3A71E1C16A0100279955B364C2DB7AD.e.3430"},"getTitle",[]]}
RESULT: {"script":"<script> [6424 bytes]","args":[{"element-6066-11e4-a52e-4f735466cecf":"f.88D3DDEF070EF795C93B41EC0763EB16.d.D3A71E1C16A0100279955B364C2DB7AD.e.3430"},"getTitle",[]]}
RESULT: undefined
COMMAND: POST /session/ebdc253b850fcc648129397d54401728/element/f.88D3DDEF070EF795C93B41EC0763EB16.d.D3A71E1C16A0100279955B364C2DB7AD.e.3220/click - {}
COMMAND: POST /session/ebdc253b850fcc648129397d54401728/element - {"using":"xpath","value":"//*[@id=\"backBtn\"]"}
RESULT: {"using":"xpath","value":"//*[@id=\"backBtn\"]"}
COMMAND: POST /session/ebdc253b850fcc648129397d54401728/element/f.88D3DDEF070EF795C93B41EC0763EB16.d.D3A71E1C16A0100279955B364C2DB7AD.e.3220/click - {}
COMMAND: POST /session/ebdc253b850fcc648129397d54401728/element - {"using":"xpath","value":"//*[@id=\"backBtn\"]"}
RESULT: {"using":"xpath","value":"//*[@id=\"backBtn\"]"}
COMMAND: POST /session/ebdc253b850fcc648129397d54401728/element/f.88D3DDEF070EF795C93B41EC0763EB16.d.D3A71E1C16A0100279955B364C2DB7AD.e.3431/click - {}
RESULT: {}
COMMAND: GET /session/ebdc253b850fcc648129397d54401728/screenshot - {}
RESULT: {}
]]></system-out>
    </testcase>
    <testcase classname="chrome.136_0_7103_49.windows.Sanity_Tests_US104253" name="Should open ISC Templates page" time="49.436">
      <system-out><![CDATA[
COMMAND: POST /session/ebdc253b850fcc648129397d54401728/execute/async - {"script":"<script> [1562 bytes]","args":[{"selector":{"controlType":"sap.m.GenericTile","properties":{"header":"ISC Templates"}},"wdio_ui5_key":"sapm.GenericTile{\"header\":\"ISC Templates\"}"}]}
RESULT: {"script":"<script> [1562 bytes]","args":[{"selector":{"controlType":"sap.m.GenericTile","properties":{"header":"ISC Templates"}},"wdio_ui5_key":"sapm.GenericTile{\"header\":\"ISC Templates\"}"}]}
RESULT: undefined
COMMAND: POST /session/ebdc253b850fcc648129397d54401728/element - {"using":"xpath","value":"//*[@id=\"__tile111\"]"}
RESULT: {"using":"xpath","value":"//*[@id=\"__tile111\"]"}
COMMAND: POST /session/ebdc253b850fcc648129397d54401728/element/f.88D3DDEF070EF795C93B41EC0763EB16.d.D3A71E1C16A0100279955B364C2DB7AD.e.3433/click - {}
RESULT: {}
COMMAND: GET /session/ebdc253b850fcc648129397d54401728/screenshot - {}
RESULT: {}
COMMAND: POST /session/ebdc253b850fcc648129397d54401728/elements - {"using":"xpath","value":"//span[text()='Error']"}
RESULT: {"using":"xpath","value":"//span[text()='Error']"}
RESULT: undefined
COMMAND: POST /session/ebdc253b850fcc648129397d54401728/element - {"using":"xpath","value":"//*[@id=\"__tile111\"]"}
RESULT: {"using":"xpath","value":"//*[@id=\"__tile111\"]"}
COMMAND: POST /session/ebdc253b850fcc648129397d54401728/element/f.88D3DDEF070EF795C93B41EC0763EB16.d.D3A71E1C16A0100279955B364C2DB7AD.e.3433/click - {}
RESULT: undefined
COMMAND: POST /session/ebdc253b850fcc648129397d54401728/element - {"using":"xpath","value":"//*[@id=\"__tile111\"]"}
RESULT: {"using":"xpath","value":"//*[@id=\"__tile111\"]"}
COMMAND: POST /session/ebdc253b850fcc648129397d54401728/element/f.88D3DDEF070EF795C93B41EC0763EB16.d.D3A71E1C16A0100279955B364C2DB7AD.e.3433/click - {}
RESULT: undefined
COMMAND: POST /session/ebdc253b850fcc648129397d54401728/execute/async - {"script":"<script> [6424 bytes]","args":[{"element-6066-11e4-a52e-4f735466cecf":"f.88D3DDEF070EF795C93B41EC0763EB16.d.D3A71E1C16A0100279955B364C2DB7AD.e.290"},"getTitle",[]]}
COMMAND: POST /session/ebdc253b850fcc648129397d54401728/execute/async - {"script":"<script> [1562 bytes]","args":[{"selector":{"id":"shellAppTitle"},"wdio_ui5_key":"shellAppTitle"}]}
RESULT: {"script":"<script> [1562 bytes]","args":[{"selector":{"id":"shellAppTitle"},"wdio_ui5_key":"shellAppTitle"}]}
COMMAND: POST /session/ebdc253b850fcc648129397d54401728/execute/async - {"script":"<script> [6424 bytes]","args":[{"element-6066-11e4-a52e-4f735466cecf":"f.88D3DDEF070EF795C93B41EC0763EB16.d.D3A71E1C16A0100279955B364C2DB7AD.e.3502"},"getTitle",[]]}
RESULT: {"script":"<script> [6424 bytes]","args":[{"element-6066-11e4-a52e-4f735466cecf":"f.88D3DDEF070EF795C93B41EC0763EB16.d.D3A71E1C16A0100279955B364C2DB7AD.e.3502"},"getTitle",[]]}
RESULT: undefined
COMMAND: POST /session/ebdc253b850fcc648129397d54401728/element/f.88D3DDEF070EF795C93B41EC0763EB16.d.D3A71E1C16A0100279955B364C2DB7AD.e.3431/click - {}
RESULT: {}
COMMAND: GET /session/ebdc253b850fcc648129397d54401728/screenshot - {}
RESULT: {}
]]></system-out>
    </testcase>
    <testcase classname="chrome.136_0_7103_49.windows.Sanity_Tests_US104253" name="Should open ISC Schedules page" time="36.17">
      <system-out><![CDATA[
COMMAND: POST /session/ebdc253b850fcc648129397d54401728/execute/async - {"script":"<script> [1562 bytes]","args":[{"selector":{"controlType":"sap.m.GenericTile","properties":{"header":"ISC Schedules"}},"wdio_ui5_key":"sapm.GenericTile{\"header\":\"ISC Schedules\"}"}]}
RESULT: {"script":"<script> [1562 bytes]","args":[{"selector":{"controlType":"sap.m.GenericTile","properties":{"header":"ISC Schedules"}},"wdio_ui5_key":"sapm.GenericTile{\"header\":\"ISC Schedules\"}"}]}
RESULT: undefined
COMMAND: POST /session/ebdc253b850fcc648129397d54401728/element - {"using":"xpath","value":"//*[@id=\"__tile109\"]"}
RESULT: {"using":"xpath","value":"//*[@id=\"__tile109\"]"}
COMMAND: POST /session/ebdc253b850fcc648129397d54401728/element/f.88D3DDEF070EF795C93B41EC0763EB16.d.D3A71E1C16A0100279955B364C2DB7AD.e.3505/click - {}
RESULT: {}
COMMAND: GET /session/ebdc253b850fcc648129397d54401728/screenshot - {}
RESULT: {}
COMMAND: POST /session/ebdc253b850fcc648129397d54401728/elements - {"using":"xpath","value":"//span[text()='Error']"}
RESULT: {"using":"xpath","value":"//span[text()='Error']"}
RESULT: undefined
COMMAND: POST /session/ebdc253b850fcc648129397d54401728/element - {"using":"xpath","value":"//*[@id=\"__tile109\"]"}
RESULT: {"using":"xpath","value":"//*[@id=\"__tile109\"]"}
COMMAND: POST /session/ebdc253b850fcc648129397d54401728/element/f.88D3DDEF070EF795C93B41EC0763EB16.d.D3A71E1C16A0100279955B364C2DB7AD.e.3505/click - {}
RESULT: undefined
COMMAND: POST /session/ebdc253b850fcc648129397d54401728/element - {"using":"xpath","value":"//*[@id=\"__tile109\"]"}
RESULT: {"using":"xpath","value":"//*[@id=\"__tile109\"]"}
COMMAND: POST /session/ebdc253b850fcc648129397d54401728/element/f.88D3DDEF070EF795C93B41EC0763EB16.d.D3A71E1C16A0100279955B364C2DB7AD.e.3505/click - {}
RESULT: undefined
COMMAND: POST /session/ebdc253b850fcc648129397d54401728/execute/async - {"script":"<script> [6424 bytes]","args":[{"element-6066-11e4-a52e-4f735466cecf":"f.88D3DDEF070EF795C93B41EC0763EB16.d.D3A71E1C16A0100279955B364C2DB7AD.e.290"},"getTitle",[]]}
COMMAND: POST /session/ebdc253b850fcc648129397d54401728/execute/async - {"script":"<script> [1562 bytes]","args":[{"selector":{"id":"shellAppTitle"},"wdio_ui5_key":"shellAppTitle"}]}
RESULT: {"script":"<script> [1562 bytes]","args":[{"selector":{"id":"shellAppTitle"},"wdio_ui5_key":"shellAppTitle"}]}
COMMAND: POST /session/ebdc253b850fcc648129397d54401728/execute/async - {"script":"<script> [6424 bytes]","args":[{"element-6066-11e4-a52e-4f735466cecf":"f.88D3DDEF070EF795C93B41EC0763EB16.d.D3A71E1C16A0100279955B364C2DB7AD.e.3579"},"getTitle",[]]}
RESULT: {"script":"<script> [6424 bytes]","args":[{"element-6066-11e4-a52e-4f735466cecf":"f.88D3DDEF070EF795C93B41EC0763EB16.d.D3A71E1C16A0100279955B364C2DB7AD.e.3579"},"getTitle",[]]}
RESULT: undefined
COMMAND: POST /session/ebdc253b850fcc648129397d54401728/element/f.88D3DDEF070EF795C93B41EC0763EB16.d.D3A71E1C16A0100279955B364C2DB7AD.e.3431/click - {}
COMMAND: POST /session/ebdc253b850fcc648129397d54401728/element - {"using":"xpath","value":"//*[@id=\"backBtn\"]"}
RESULT: {"using":"xpath","value":"//*[@id=\"backBtn\"]"}
COMMAND: POST /session/ebdc253b850fcc648129397d54401728/element/f.88D3DDEF070EF795C93B41EC0763EB16.d.D3A71E1C16A0100279955B364C2DB7AD.e.3431/click - {}
COMMAND: POST /session/ebdc253b850fcc648129397d54401728/element - {"using":"xpath","value":"//*[@id=\"backBtn\"]"}
RESULT: {"using":"xpath","value":"//*[@id=\"backBtn\"]"}
COMMAND: POST /session/ebdc253b850fcc648129397d54401728/element/f.88D3DDEF070EF795C93B41EC0763EB16.d.D3A71E1C16A0100279955B364C2DB7AD.e.3580/click - {}
RESULT: {}
COMMAND: GET /session/ebdc253b850fcc648129397d54401728/screenshot - {}
RESULT: {}
]]></system-out>
    </testcase>
    <testcase classname="chrome.136_0_7103_49.windows.Sanity_Tests_US104253" name="Should open ISC Dashboard page" time="39.169">
      <system-out><![CDATA[
COMMAND: POST /session/ebdc253b850fcc648129397d54401728/execute/async - {"script":"<script> [1562 bytes]","args":[{"selector":{"controlType":"sap.m.GenericTile","properties":{"header":"ISC Dashboard"}},"wdio_ui5_key":"sapm.GenericTile{\"header\":\"ISC Dashboard\"}"}]}
RESULT: {"script":"<script> [1562 bytes]","args":[{"selector":{"controlType":"sap.m.GenericTile","properties":{"header":"ISC Dashboard"}},"wdio_ui5_key":"sapm.GenericTile{\"header\":\"ISC Dashboard\"}"}]}
RESULT: undefined
COMMAND: POST /session/ebdc253b850fcc648129397d54401728/element - {"using":"xpath","value":"//*[@id=\"__tile106\"]"}
RESULT: {"using":"xpath","value":"//*[@id=\"__tile106\"]"}
COMMAND: POST /session/ebdc253b850fcc648129397d54401728/element/f.88D3DDEF070EF795C93B41EC0763EB16.d.D3A71E1C16A0100279955B364C2DB7AD.e.3582/click - {}
RESULT: {}
COMMAND: GET /session/ebdc253b850fcc648129397d54401728/screenshot - {}
RESULT: {}
COMMAND: POST /session/ebdc253b850fcc648129397d54401728/elements - {"using":"xpath","value":"//span[text()='Error']"}
RESULT: {"using":"xpath","value":"//span[text()='Error']"}
RESULT: undefined
COMMAND: POST /session/ebdc253b850fcc648129397d54401728/element - {"using":"xpath","value":"//*[@id=\"__tile106\"]"}
RESULT: {"using":"xpath","value":"//*[@id=\"__tile106\"]"}
COMMAND: POST /session/ebdc253b850fcc648129397d54401728/element/f.88D3DDEF070EF795C93B41EC0763EB16.d.D3A71E1C16A0100279955B364C2DB7AD.e.3582/click - {}
RESULT: undefined
COMMAND: POST /session/ebdc253b850fcc648129397d54401728/element - {"using":"xpath","value":"//*[@id=\"__tile106\"]"}
RESULT: {"using":"xpath","value":"//*[@id=\"__tile106\"]"}
COMMAND: POST /session/ebdc253b850fcc648129397d54401728/element/f.88D3DDEF070EF795C93B41EC0763EB16.d.D3A71E1C16A0100279955B364C2DB7AD.e.3582/click - {}
RESULT: undefined
COMMAND: POST /session/ebdc253b850fcc648129397d54401728/execute/async - {"script":"<script> [6424 bytes]","args":[{"element-6066-11e4-a52e-4f735466cecf":"f.88D3DDEF070EF795C93B41EC0763EB16.d.D3A71E1C16A0100279955B364C2DB7AD.e.290"},"getTitle",[]]}
COMMAND: POST /session/ebdc253b850fcc648129397d54401728/execute/async - {"script":"<script> [1562 bytes]","args":[{"selector":{"id":"shellAppTitle"},"wdio_ui5_key":"shellAppTitle"}]}
RESULT: {"script":"<script> [1562 bytes]","args":[{"selector":{"id":"shellAppTitle"},"wdio_ui5_key":"shellAppTitle"}]}
COMMAND: POST /session/ebdc253b850fcc648129397d54401728/execute/async - {"script":"<script> [6424 bytes]","args":[{"element-6066-11e4-a52e-4f735466cecf":"f.88D3DDEF070EF795C93B41EC0763EB16.d.D3A71E1C16A0100279955B364C2DB7AD.e.3708"},"getTitle",[]]}
RESULT: {"script":"<script> [6424 bytes]","args":[{"element-6066-11e4-a52e-4f735466cecf":"f.88D3DDEF070EF795C93B41EC0763EB16.d.D3A71E1C16A0100279955B364C2DB7AD.e.3708"},"getTitle",[]]}
RESULT: undefined
COMMAND: POST /session/ebdc253b850fcc648129397d54401728/element/f.88D3DDEF070EF795C93B41EC0763EB16.d.D3A71E1C16A0100279955B364C2DB7AD.e.3580/click - {}
RESULT: {}
COMMAND: GET /session/ebdc253b850fcc648129397d54401728/screenshot - {}
RESULT: {}
]]></system-out>
    </testcase>
    <testcase classname="chrome.136_0_7103_49.windows.Sanity_Tests_US104253" name="Should open ISC Orders page" time="35.798">
      <system-out><![CDATA[
COMMAND: POST /session/ebdc253b850fcc648129397d54401728/execute/async - {"script":"<script> [1562 bytes]","args":[{"selector":{"controlType":"sap.m.GenericTile","properties":{"header":"ISC Orders"}},"wdio_ui5_key":"sapm.GenericTile{\"header\":\"ISC Orders\"}"}]}
RESULT: {"script":"<script> [1562 bytes]","args":[{"selector":{"controlType":"sap.m.GenericTile","properties":{"header":"ISC Orders"}},"wdio_ui5_key":"sapm.GenericTile{\"header\":\"ISC Orders\"}"}]}
RESULT: undefined
COMMAND: POST /session/ebdc253b850fcc648129397d54401728/element - {"using":"xpath","value":"//*[@id=\"__tile108\"]"}
RESULT: {"using":"xpath","value":"//*[@id=\"__tile108\"]"}
COMMAND: POST /session/ebdc253b850fcc648129397d54401728/element/f.88D3DDEF070EF795C93B41EC0763EB16.d.D3A71E1C16A0100279955B364C2DB7AD.e.3710/click - {}
RESULT: {}
COMMAND: GET /session/ebdc253b850fcc648129397d54401728/screenshot - {}
RESULT: {}
COMMAND: POST /session/ebdc253b850fcc648129397d54401728/elements - {"using":"xpath","value":"//span[text()='Error']"}
RESULT: {"using":"xpath","value":"//span[text()='Error']"}
RESULT: undefined
COMMAND: POST /session/ebdc253b850fcc648129397d54401728/element - {"using":"xpath","value":"//*[@id=\"__tile108\"]"}
RESULT: {"using":"xpath","value":"//*[@id=\"__tile108\"]"}
COMMAND: POST /session/ebdc253b850fcc648129397d54401728/element/f.88D3DDEF070EF795C93B41EC0763EB16.d.D3A71E1C16A0100279955B364C2DB7AD.e.3710/click - {}
RESULT: undefined
COMMAND: POST /session/ebdc253b850fcc648129397d54401728/element - {"using":"xpath","value":"//*[@id=\"__tile108\"]"}
RESULT: {"using":"xpath","value":"//*[@id=\"__tile108\"]"}
COMMAND: POST /session/ebdc253b850fcc648129397d54401728/element/f.88D3DDEF070EF795C93B41EC0763EB16.d.D3A71E1C16A0100279955B364C2DB7AD.e.3710/click - {}
RESULT: undefined
COMMAND: POST /session/ebdc253b850fcc648129397d54401728/execute/async - {"script":"<script> [6424 bytes]","args":[{"element-6066-11e4-a52e-4f735466cecf":"f.88D3DDEF070EF795C93B41EC0763EB16.d.D3A71E1C16A0100279955B364C2DB7AD.e.290"},"getTitle",[]]}
COMMAND: POST /session/ebdc253b850fcc648129397d54401728/execute/async - {"script":"<script> [1562 bytes]","args":[{"selector":{"id":"shellAppTitle"},"wdio_ui5_key":"shellAppTitle"}]}
RESULT: {"script":"<script> [1562 bytes]","args":[{"selector":{"id":"shellAppTitle"},"wdio_ui5_key":"shellAppTitle"}]}
COMMAND: POST /session/ebdc253b850fcc648129397d54401728/execute/async - {"script":"<script> [6424 bytes]","args":[{"element-6066-11e4-a52e-4f735466cecf":"f.88D3DDEF070EF795C93B41EC0763EB16.d.D3A71E1C16A0100279955B364C2DB7AD.e.3822"},"getTitle",[]]}
RESULT: {"script":"<script> [6424 bytes]","args":[{"element-6066-11e4-a52e-4f735466cecf":"f.88D3DDEF070EF795C93B41EC0763EB16.d.D3A71E1C16A0100279955B364C2DB7AD.e.3822"},"getTitle",[]]}
RESULT: undefined
COMMAND: POST /session/ebdc253b850fcc648129397d54401728/element/f.88D3DDEF070EF795C93B41EC0763EB16.d.D3A71E1C16A0100279955B364C2DB7AD.e.3580/click - {}
COMMAND: POST /session/ebdc253b850fcc648129397d54401728/element - {"using":"xpath","value":"//*[@id=\"backBtn\"]"}
RESULT: {"using":"xpath","value":"//*[@id=\"backBtn\"]"}
COMMAND: POST /session/ebdc253b850fcc648129397d54401728/element/f.88D3DDEF070EF795C93B41EC0763EB16.d.D3A71E1C16A0100279955B364C2DB7AD.e.3580/click - {}
COMMAND: POST /session/ebdc253b850fcc648129397d54401728/element - {"using":"xpath","value":"//*[@id=\"backBtn\"]"}
RESULT: {"using":"xpath","value":"//*[@id=\"backBtn\"]"}
COMMAND: POST /session/ebdc253b850fcc648129397d54401728/element/f.88D3DDEF070EF795C93B41EC0763EB16.d.D3A71E1C16A0100279955B364C2DB7AD.e.3823/click - {}
RESULT: {}
COMMAND: GET /session/ebdc253b850fcc648129397d54401728/screenshot - {}
RESULT: {}
]]></system-out>
    </testcase>
    <testcase classname="chrome.136_0_7103_49.windows.Sanity_Tests_US104253" name="Should open ISC Tasks page" time="36.167">
      <system-out><![CDATA[
COMMAND: POST /session/ebdc253b850fcc648129397d54401728/execute/async - {"script":"<script> [1562 bytes]","args":[{"selector":{"controlType":"sap.m.GenericTile","properties":{"header":"ISC Tasks"}},"wdio_ui5_key":"sapm.GenericTile{\"header\":\"ISC Tasks\"}"}]}
RESULT: {"script":"<script> [1562 bytes]","args":[{"selector":{"controlType":"sap.m.GenericTile","properties":{"header":"ISC Tasks"}},"wdio_ui5_key":"sapm.GenericTile{\"header\":\"ISC Tasks\"}"}]}
RESULT: undefined
COMMAND: POST /session/ebdc253b850fcc648129397d54401728/element - {"using":"xpath","value":"//*[@id=\"__tile110\"]"}
RESULT: {"using":"xpath","value":"//*[@id=\"__tile110\"]"}
COMMAND: POST /session/ebdc253b850fcc648129397d54401728/element/f.88D3DDEF070EF795C93B41EC0763EB16.d.D3A71E1C16A0100279955B364C2DB7AD.e.3825/click - {}
RESULT: {}
COMMAND: GET /session/ebdc253b850fcc648129397d54401728/screenshot - {}
RESULT: {}
COMMAND: POST /session/ebdc253b850fcc648129397d54401728/elements - {"using":"xpath","value":"//span[text()='Error']"}
RESULT: {"using":"xpath","value":"//span[text()='Error']"}
RESULT: undefined
COMMAND: POST /session/ebdc253b850fcc648129397d54401728/element - {"using":"xpath","value":"//*[@id=\"__tile110\"]"}
RESULT: {"using":"xpath","value":"//*[@id=\"__tile110\"]"}
COMMAND: POST /session/ebdc253b850fcc648129397d54401728/element/f.88D3DDEF070EF795C93B41EC0763EB16.d.D3A71E1C16A0100279955B364C2DB7AD.e.3825/click - {}
RESULT: undefined
COMMAND: POST /session/ebdc253b850fcc648129397d54401728/element - {"using":"xpath","value":"//*[@id=\"__tile110\"]"}
RESULT: {"using":"xpath","value":"//*[@id=\"__tile110\"]"}
COMMAND: POST /session/ebdc253b850fcc648129397d54401728/element/f.88D3DDEF070EF795C93B41EC0763EB16.d.D3A71E1C16A0100279955B364C2DB7AD.e.3825/click - {}
RESULT: undefined
COMMAND: POST /session/ebdc253b850fcc648129397d54401728/execute/async - {"script":"<script> [6424 bytes]","args":[{"element-6066-11e4-a52e-4f735466cecf":"f.88D3DDEF070EF795C93B41EC0763EB16.d.D3A71E1C16A0100279955B364C2DB7AD.e.290"},"getTitle",[]]}
COMMAND: POST /session/ebdc253b850fcc648129397d54401728/execute/async - {"script":"<script> [1562 bytes]","args":[{"selector":{"id":"shellAppTitle"},"wdio_ui5_key":"shellAppTitle"}]}
RESULT: {"script":"<script> [1562 bytes]","args":[{"selector":{"id":"shellAppTitle"},"wdio_ui5_key":"shellAppTitle"}]}
COMMAND: POST /session/ebdc253b850fcc648129397d54401728/execute/async - {"script":"<script> [6424 bytes]","args":[{"element-6066-11e4-a52e-4f735466cecf":"f.88D3DDEF070EF795C93B41EC0763EB16.d.D3A71E1C16A0100279955B364C2DB7AD.e.3920"},"getTitle",[]]}
RESULT: {"script":"<script> [6424 bytes]","args":[{"element-6066-11e4-a52e-4f735466cecf":"f.88D3DDEF070EF795C93B41EC0763EB16.d.D3A71E1C16A0100279955B364C2DB7AD.e.3920"},"getTitle",[]]}
RESULT: undefined
COMMAND: POST /session/ebdc253b850fcc648129397d54401728/element/f.88D3DDEF070EF795C93B41EC0763EB16.d.D3A71E1C16A0100279955B364C2DB7AD.e.3823/click - {}
RESULT: {}
COMMAND: GET /session/ebdc253b850fcc648129397d54401728/screenshot - {}
RESULT: {}
]]></system-out>
    </testcase>
    <testcase classname="chrome.136_0_7103_49.windows.Sanity_Tests_US104253" name="Should open Manage Resource Logbook page" time="41.928">
      <system-out><![CDATA[
COMMAND: POST /session/ebdc253b850fcc648129397d54401728/execute/async - {"script":"<script> [1562 bytes]","args":[{"selector":{"controlType":"sap.m.GenericTile","properties":{"header":"Manage Resource Logbook"}},"wdio_ui5_key":"sapm.GenericTile{\"header\":\"Manage Resource Logbook\"}"}]}
RESULT: {"script":"<script> [1562 bytes]","args":[{"selector":{"controlType":"sap.m.GenericTile","properties":{"header":"Manage Resource Logbook"}},"wdio_ui5_key":"sapm.GenericTile{\"header\":\"Manage Resource Logbook\"}"}]}
RESULT: undefined
COMMAND: POST /session/ebdc253b850fcc648129397d54401728/element - {"using":"xpath","value":"//*[@id=\"__tile113\"]"}
RESULT: {"using":"xpath","value":"//*[@id=\"__tile113\"]"}
COMMAND: POST /session/ebdc253b850fcc648129397d54401728/element/f.88D3DDEF070EF795C93B41EC0763EB16.d.D3A71E1C16A0100279955B364C2DB7AD.e.3922/click - {}
RESULT: {}
COMMAND: GET /session/ebdc253b850fcc648129397d54401728/screenshot - {}
RESULT: {}
COMMAND: POST /session/ebdc253b850fcc648129397d54401728/elements - {"using":"xpath","value":"//span[text()='Error']"}
RESULT: {"using":"xpath","value":"//span[text()='Error']"}
RESULT: undefined
COMMAND: POST /session/ebdc253b850fcc648129397d54401728/element - {"using":"xpath","value":"//*[@id=\"__tile113\"]"}
RESULT: {"using":"xpath","value":"//*[@id=\"__tile113\"]"}
COMMAND: POST /session/ebdc253b850fcc648129397d54401728/element/f.88D3DDEF070EF795C93B41EC0763EB16.d.D3A71E1C16A0100279955B364C2DB7AD.e.3922/click - {}
RESULT: undefined
COMMAND: POST /session/ebdc253b850fcc648129397d54401728/element - {"using":"xpath","value":"//*[@id=\"__tile113\"]"}
RESULT: {"using":"xpath","value":"//*[@id=\"__tile113\"]"}
COMMAND: POST /session/ebdc253b850fcc648129397d54401728/element/f.88D3DDEF070EF795C93B41EC0763EB16.d.D3A71E1C16A0100279955B364C2DB7AD.e.3922/click - {}
RESULT: undefined
COMMAND: POST /session/ebdc253b850fcc648129397d54401728/execute/async - {"script":"<script> [6424 bytes]","args":[{"element-6066-11e4-a52e-4f735466cecf":"f.88D3DDEF070EF795C93B41EC0763EB16.d.D3A71E1C16A0100279955B364C2DB7AD.e.290"},"getTitle",[]]}
COMMAND: POST /session/ebdc253b850fcc648129397d54401728/execute/async - {"script":"<script> [1562 bytes]","args":[{"selector":{"id":"shellAppTitle"},"wdio_ui5_key":"shellAppTitle"}]}
RESULT: {"script":"<script> [1562 bytes]","args":[{"selector":{"id":"shellAppTitle"},"wdio_ui5_key":"shellAppTitle"}]}
COMMAND: POST /session/ebdc253b850fcc648129397d54401728/execute/async - {"script":"<script> [6424 bytes]","args":[{"element-6066-11e4-a52e-4f735466cecf":"f.88D3DDEF070EF795C93B41EC0763EB16.d.D3A71E1C16A0100279955B364C2DB7AD.e.4023"},"getTitle",[]]}
RESULT: {"script":"<script> [6424 bytes]","args":[{"element-6066-11e4-a52e-4f735466cecf":"f.88D3DDEF070EF795C93B41EC0763EB16.d.D3A71E1C16A0100279955B364C2DB7AD.e.4023"},"getTitle",[]]}
RESULT: undefined
COMMAND: POST /session/ebdc253b850fcc648129397d54401728/element/f.88D3DDEF070EF795C93B41EC0763EB16.d.D3A71E1C16A0100279955B364C2DB7AD.e.3823/click - {}
COMMAND: POST /session/ebdc253b850fcc648129397d54401728/element - {"using":"xpath","value":"//*[@id=\"backBtn\"]"}
RESULT: {"using":"xpath","value":"//*[@id=\"backBtn\"]"}
COMMAND: POST /session/ebdc253b850fcc648129397d54401728/element/f.88D3DDEF070EF795C93B41EC0763EB16.d.D3A71E1C16A0100279955B364C2DB7AD.e.3823/click - {}
COMMAND: POST /session/ebdc253b850fcc648129397d54401728/element - {"using":"xpath","value":"//*[@id=\"backBtn\"]"}
RESULT: {"using":"xpath","value":"//*[@id=\"backBtn\"]"}
COMMAND: POST /session/ebdc253b850fcc648129397d54401728/element/f.88D3DDEF070EF795C93B41EC0763EB16.d.D3A71E1C16A0100279955B364C2DB7AD.e.4024/click - {}
RESULT: {}
COMMAND: GET /session/ebdc253b850fcc648129397d54401728/screenshot - {}
RESULT: {}
]]></system-out>
    </testcase>
    <testcase classname="chrome.136_0_7103_49.windows.Sanity_Tests_US104253" name="Should open Manage Logbook page" time="35.78">
      <system-out><![CDATA[
COMMAND: POST /session/ebdc253b850fcc648129397d54401728/execute/async - {"script":"<script> [1562 bytes]","args":[{"selector":{"controlType":"sap.m.GenericTile","properties":{"header":"Manage Logbook"}},"wdio_ui5_key":"sapm.GenericTile{\"header\":\"Manage Logbook\"}"}]}
RESULT: {"script":"<script> [1562 bytes]","args":[{"selector":{"controlType":"sap.m.GenericTile","properties":{"header":"Manage Logbook"}},"wdio_ui5_key":"sapm.GenericTile{\"header\":\"Manage Logbook\"}"}]}
RESULT: undefined
COMMAND: POST /session/ebdc253b850fcc648129397d54401728/element - {"using":"xpath","value":"//*[@id=\"__tile112\"]"}
RESULT: {"using":"xpath","value":"//*[@id=\"__tile112\"]"}
COMMAND: POST /session/ebdc253b850fcc648129397d54401728/element/f.88D3DDEF070EF795C93B41EC0763EB16.d.D3A71E1C16A0100279955B364C2DB7AD.e.4026/click - {}
RESULT: {}
COMMAND: GET /session/ebdc253b850fcc648129397d54401728/screenshot - {}
RESULT: {}
COMMAND: POST /session/ebdc253b850fcc648129397d54401728/elements - {"using":"xpath","value":"//span[text()='Error']"}
RESULT: {"using":"xpath","value":"//span[text()='Error']"}
RESULT: undefined
COMMAND: POST /session/ebdc253b850fcc648129397d54401728/element - {"using":"xpath","value":"//*[@id=\"__tile112\"]"}
RESULT: {"using":"xpath","value":"//*[@id=\"__tile112\"]"}
COMMAND: POST /session/ebdc253b850fcc648129397d54401728/element/f.88D3DDEF070EF795C93B41EC0763EB16.d.D3A71E1C16A0100279955B364C2DB7AD.e.4026/click - {}
RESULT: undefined
COMMAND: POST /session/ebdc253b850fcc648129397d54401728/element - {"using":"xpath","value":"//*[@id=\"__tile112\"]"}
RESULT: {"using":"xpath","value":"//*[@id=\"__tile112\"]"}
COMMAND: POST /session/ebdc253b850fcc648129397d54401728/element/f.88D3DDEF070EF795C93B41EC0763EB16.d.D3A71E1C16A0100279955B364C2DB7AD.e.4026/click - {}
RESULT: undefined
COMMAND: POST /session/ebdc253b850fcc648129397d54401728/execute/async - {"script":"<script> [6424 bytes]","args":[{"element-6066-11e4-a52e-4f735466cecf":"f.88D3DDEF070EF795C93B41EC0763EB16.d.D3A71E1C16A0100279955B364C2DB7AD.e.290"},"getTitle",[]]}
COMMAND: POST /session/ebdc253b850fcc648129397d54401728/execute/async - {"script":"<script> [1562 bytes]","args":[{"selector":{"id":"shellAppTitle"},"wdio_ui5_key":"shellAppTitle"}]}
RESULT: {"script":"<script> [1562 bytes]","args":[{"selector":{"id":"shellAppTitle"},"wdio_ui5_key":"shellAppTitle"}]}
COMMAND: POST /session/ebdc253b850fcc648129397d54401728/execute/async - {"script":"<script> [6424 bytes]","args":[{"element-6066-11e4-a52e-4f735466cecf":"f.88D3DDEF070EF795C93B41EC0763EB16.d.D3A71E1C16A0100279955B364C2DB7AD.e.4254"},"getTitle",[]]}
RESULT: {"script":"<script> [6424 bytes]","args":[{"element-6066-11e4-a52e-4f735466cecf":"f.88D3DDEF070EF795C93B41EC0763EB16.d.D3A71E1C16A0100279955B364C2DB7AD.e.4254"},"getTitle",[]]}
RESULT: undefined
COMMAND: POST /session/ebdc253b850fcc648129397d54401728/element/f.88D3DDEF070EF795C93B41EC0763EB16.d.D3A71E1C16A0100279955B364C2DB7AD.e.4024/click - {}
RESULT: {}
COMMAND: GET /session/ebdc253b850fcc648129397d54401728/screenshot - {}
RESULT: {}
]]></system-out>
    </testcase>
    <testcase classname="chrome.136_0_7103_49.windows.Sanity_Tests_US104253" name="Should open ISC Orders Calendar page" time="35.804">
      <system-out><![CDATA[
COMMAND: POST /session/ebdc253b850fcc648129397d54401728/execute/async - {"script":"<script> [1562 bytes]","args":[{"selector":{"controlType":"sap.m.GenericTile","properties":{"header":"ISC Orders Calendar"}},"wdio_ui5_key":"sapm.GenericTile{\"header\":\"ISC Orders Calendar\"}"}]}
RESULT: {"script":"<script> [1562 bytes]","args":[{"selector":{"controlType":"sap.m.GenericTile","properties":{"header":"ISC Orders Calendar"}},"wdio_ui5_key":"sapm.GenericTile{\"header\":\"ISC Orders Calendar\"}"}]}
RESULT: undefined
COMMAND: POST /session/ebdc253b850fcc648129397d54401728/element - {"using":"xpath","value":"//*[@id=\"__tile107\"]"}
RESULT: {"using":"xpath","value":"//*[@id=\"__tile107\"]"}
COMMAND: POST /session/ebdc253b850fcc648129397d54401728/element/f.88D3DDEF070EF795C93B41EC0763EB16.d.D3A71E1C16A0100279955B364C2DB7AD.e.4256/click - {}
RESULT: {}
COMMAND: GET /session/ebdc253b850fcc648129397d54401728/screenshot - {}
RESULT: {}
COMMAND: POST /session/ebdc253b850fcc648129397d54401728/elements - {"using":"xpath","value":"//span[text()='Error']"}
RESULT: {"using":"xpath","value":"//span[text()='Error']"}
RESULT: undefined
COMMAND: POST /session/ebdc253b850fcc648129397d54401728/element - {"using":"xpath","value":"//*[@id=\"__tile107\"]"}
RESULT: {"using":"xpath","value":"//*[@id=\"__tile107\"]"}
COMMAND: POST /session/ebdc253b850fcc648129397d54401728/element/f.88D3DDEF070EF795C93B41EC0763EB16.d.D3A71E1C16A0100279955B364C2DB7AD.e.4256/click - {}
RESULT: undefined
COMMAND: POST /session/ebdc253b850fcc648129397d54401728/element - {"using":"xpath","value":"//*[@id=\"__tile107\"]"}
RESULT: {"using":"xpath","value":"//*[@id=\"__tile107\"]"}
COMMAND: POST /session/ebdc253b850fcc648129397d54401728/element/f.88D3DDEF070EF795C93B41EC0763EB16.d.D3A71E1C16A0100279955B364C2DB7AD.e.4256/click - {}
RESULT: undefined
COMMAND: POST /session/ebdc253b850fcc648129397d54401728/execute/async - {"script":"<script> [6424 bytes]","args":[{"element-6066-11e4-a52e-4f735466cecf":"f.88D3DDEF070EF795C93B41EC0763EB16.d.D3A71E1C16A0100279955B364C2DB7AD.e.290"},"getTitle",[]]}
COMMAND: POST /session/ebdc253b850fcc648129397d54401728/execute/async - {"script":"<script> [1562 bytes]","args":[{"selector":{"id":"shellAppTitle"},"wdio_ui5_key":"shellAppTitle"}]}
RESULT: {"script":"<script> [1562 bytes]","args":[{"selector":{"id":"shellAppTitle"},"wdio_ui5_key":"shellAppTitle"}]}
COMMAND: POST /session/ebdc253b850fcc648129397d54401728/execute/async - {"script":"<script> [6424 bytes]","args":[{"element-6066-11e4-a52e-4f735466cecf":"f.88D3DDEF070EF795C93B41EC0763EB16.d.D3A71E1C16A0100279955B364C2DB7AD.e.4463"},"getTitle",[]]}
RESULT: {"script":"<script> [6424 bytes]","args":[{"element-6066-11e4-a52e-4f735466cecf":"f.88D3DDEF070EF795C93B41EC0763EB16.d.D3A71E1C16A0100279955B364C2DB7AD.e.4463"},"getTitle",[]]}
RESULT: undefined
COMMAND: POST /session/ebdc253b850fcc648129397d54401728/element/f.88D3DDEF070EF795C93B41EC0763EB16.d.D3A71E1C16A0100279955B364C2DB7AD.e.4024/click - {}
COMMAND: POST /session/ebdc253b850fcc648129397d54401728/element - {"using":"xpath","value":"//*[@id=\"backBtn\"]"}
RESULT: {"using":"xpath","value":"//*[@id=\"backBtn\"]"}
COMMAND: POST /session/ebdc253b850fcc648129397d54401728/element/f.88D3DDEF070EF795C93B41EC0763EB16.d.D3A71E1C16A0100279955B364C2DB7AD.e.4024/click - {}
COMMAND: POST /session/ebdc253b850fcc648129397d54401728/element - {"using":"xpath","value":"//*[@id=\"backBtn\"]"}
RESULT: {"using":"xpath","value":"//*[@id=\"backBtn\"]"}
COMMAND: POST /session/ebdc253b850fcc648129397d54401728/element/f.88D3DDEF070EF795C93B41EC0763EB16.d.D3A71E1C16A0100279955B364C2DB7AD.e.4464/click - {}
RESULT: {}
COMMAND: GET /session/ebdc253b850fcc648129397d54401728/screenshot - {}
RESULT: {}
]]></system-out>
    </testcase>
    <testcase classname="chrome.136_0_7103_49.windows.Sanity_Tests_US104253" name="Should open Configure System page" time="35.782">
      <system-out><![CDATA[
COMMAND: POST /session/ebdc253b850fcc648129397d54401728/execute/async - {"script":"<script> [1562 bytes]","args":[{"selector":{"controlType":"sap.m.GenericTile","properties":{"header":"Configure System"}},"wdio_ui5_key":"sapm.GenericTile{\"header\":\"Configure System\"}"}]}
RESULT: {"script":"<script> [1562 bytes]","args":[{"selector":{"controlType":"sap.m.GenericTile","properties":{"header":"Configure System"}},"wdio_ui5_key":"sapm.GenericTile{\"header\":\"Configure System\"}"}]}
RESULT: undefined
COMMAND: POST /session/ebdc253b850fcc648129397d54401728/element - {"using":"xpath","value":"//*[@id=\"__tile114\"]"}
RESULT: {"using":"xpath","value":"//*[@id=\"__tile114\"]"}
COMMAND: POST /session/ebdc253b850fcc648129397d54401728/element/f.88D3DDEF070EF795C93B41EC0763EB16.d.D3A71E1C16A0100279955B364C2DB7AD.e.4466/click - {}
RESULT: {}
COMMAND: GET /session/ebdc253b850fcc648129397d54401728/screenshot - {}
RESULT: {}
COMMAND: POST /session/ebdc253b850fcc648129397d54401728/elements - {"using":"xpath","value":"//span[text()='Error']"}
RESULT: {"using":"xpath","value":"//span[text()='Error']"}
RESULT: undefined
COMMAND: POST /session/ebdc253b850fcc648129397d54401728/element - {"using":"xpath","value":"//*[@id=\"__tile114\"]"}
RESULT: {"using":"xpath","value":"//*[@id=\"__tile114\"]"}
COMMAND: POST /session/ebdc253b850fcc648129397d54401728/element/f.88D3DDEF070EF795C93B41EC0763EB16.d.D3A71E1C16A0100279955B364C2DB7AD.e.4466/click - {}
RESULT: undefined
COMMAND: POST /session/ebdc253b850fcc648129397d54401728/element - {"using":"xpath","value":"//*[@id=\"__tile114\"]"}
RESULT: {"using":"xpath","value":"//*[@id=\"__tile114\"]"}
COMMAND: POST /session/ebdc253b850fcc648129397d54401728/element/f.88D3DDEF070EF795C93B41EC0763EB16.d.D3A71E1C16A0100279955B364C2DB7AD.e.4466/click - {}
RESULT: undefined
COMMAND: POST /session/ebdc253b850fcc648129397d54401728/execute/async - {"script":"<script> [6424 bytes]","args":[{"element-6066-11e4-a52e-4f735466cecf":"f.88D3DDEF070EF795C93B41EC0763EB16.d.D3A71E1C16A0100279955B364C2DB7AD.e.290"},"getTitle",[]]}
COMMAND: POST /session/ebdc253b850fcc648129397d54401728/execute/async - {"script":"<script> [1562 bytes]","args":[{"selector":{"id":"shellAppTitle"},"wdio_ui5_key":"shellAppTitle"}]}
RESULT: {"script":"<script> [1562 bytes]","args":[{"selector":{"id":"shellAppTitle"},"wdio_ui5_key":"shellAppTitle"}]}
COMMAND: POST /session/ebdc253b850fcc648129397d54401728/execute/async - {"script":"<script> [6424 bytes]","args":[{"element-6066-11e4-a52e-4f735466cecf":"f.88D3DDEF070EF795C93B41EC0763EB16.d.D3A71E1C16A0100279955B364C2DB7AD.e.4500"},"getTitle",[]]}
RESULT: {"script":"<script> [6424 bytes]","args":[{"element-6066-11e4-a52e-4f735466cecf":"f.88D3DDEF070EF795C93B41EC0763EB16.d.D3A71E1C16A0100279955B364C2DB7AD.e.4500"},"getTitle",[]]}
RESULT: undefined
COMMAND: POST /session/ebdc253b850fcc648129397d54401728/element/f.88D3DDEF070EF795C93B41EC0763EB16.d.D3A71E1C16A0100279955B364C2DB7AD.e.4464/click - {}
RESULT: {}
COMMAND: GET /session/ebdc253b850fcc648129397d54401728/screenshot - {}
RESULT: {}
]]></system-out>
    </testcase>
    <testcase classname="chrome.136_0_7103_49.windows.Sanity_Tests_US104253" name="Should open Manage Classifications page" time="37.834">
      <system-out><![CDATA[
COMMAND: POST /session/ebdc253b850fcc648129397d54401728/execute/async - {"script":"<script> [1562 bytes]","args":[{"selector":{"controlType":"sap.m.GenericTile","properties":{"header":"Manage Classifications"}},"wdio_ui5_key":"sapm.GenericTile{\"header\":\"Manage Classifications\"}"}]}
RESULT: {"script":"<script> [1562 bytes]","args":[{"selector":{"controlType":"sap.m.GenericTile","properties":{"header":"Manage Classifications"}},"wdio_ui5_key":"sapm.GenericTile{\"header\":\"Manage Classifications\"}"}]}
RESULT: undefined
COMMAND: POST /session/ebdc253b850fcc648129397d54401728/element - {"using":"xpath","value":"//*[@id=\"__tile115\"]"}
RESULT: {"using":"xpath","value":"//*[@id=\"__tile115\"]"}
COMMAND: POST /session/ebdc253b850fcc648129397d54401728/element/f.88D3DDEF070EF795C93B41EC0763EB16.d.D3A71E1C16A0100279955B364C2DB7AD.e.4504/click - {}
RESULT: {}
COMMAND: GET /session/ebdc253b850fcc648129397d54401728/screenshot - {}
RESULT: {}
COMMAND: POST /session/ebdc253b850fcc648129397d54401728/elements - {"using":"xpath","value":"//span[text()='Error']"}
RESULT: {"using":"xpath","value":"//span[text()='Error']"}
RESULT: undefined
COMMAND: POST /session/ebdc253b850fcc648129397d54401728/element - {"using":"xpath","value":"//*[@id=\"__tile115\"]"}
RESULT: {"using":"xpath","value":"//*[@id=\"__tile115\"]"}
COMMAND: POST /session/ebdc253b850fcc648129397d54401728/element/f.88D3DDEF070EF795C93B41EC0763EB16.d.D3A71E1C16A0100279955B364C2DB7AD.e.4504/click - {}
RESULT: undefined
COMMAND: POST /session/ebdc253b850fcc648129397d54401728/element - {"using":"xpath","value":"//*[@id=\"__tile115\"]"}
RESULT: {"using":"xpath","value":"//*[@id=\"__tile115\"]"}
COMMAND: POST /session/ebdc253b850fcc648129397d54401728/element/f.88D3DDEF070EF795C93B41EC0763EB16.d.D3A71E1C16A0100279955B364C2DB7AD.e.4504/click - {}
RESULT: undefined
COMMAND: POST /session/ebdc253b850fcc648129397d54401728/execute/async - {"script":"<script> [6424 bytes]","args":[{"element-6066-11e4-a52e-4f735466cecf":"f.88D3DDEF070EF795C93B41EC0763EB16.d.D3A71E1C16A0100279955B364C2DB7AD.e.290"},"getTitle",[]]}
COMMAND: POST /session/ebdc253b850fcc648129397d54401728/execute/async - {"script":"<script> [1562 bytes]","args":[{"selector":{"id":"shellAppTitle"},"wdio_ui5_key":"shellAppTitle"}]}
RESULT: {"script":"<script> [1562 bytes]","args":[{"selector":{"id":"shellAppTitle"},"wdio_ui5_key":"shellAppTitle"}]}
COMMAND: POST /session/ebdc253b850fcc648129397d54401728/execute/async - {"script":"<script> [6424 bytes]","args":[{"element-6066-11e4-a52e-4f735466cecf":"f.88D3DDEF070EF795C93B41EC0763EB16.d.D3A71E1C16A0100279955B364C2DB7AD.e.4601"},"getTitle",[]]}
RESULT: {"script":"<script> [6424 bytes]","args":[{"element-6066-11e4-a52e-4f735466cecf":"f.88D3DDEF070EF795C93B41EC0763EB16.d.D3A71E1C16A0100279955B364C2DB7AD.e.4601"},"getTitle",[]]}
RESULT: undefined
COMMAND: POST /session/ebdc253b850fcc648129397d54401728/element/f.88D3DDEF070EF795C93B41EC0763EB16.d.D3A71E1C16A0100279955B364C2DB7AD.e.4464/click - {}
COMMAND: POST /session/ebdc253b850fcc648129397d54401728/element - {"using":"xpath","value":"//*[@id=\"backBtn\"]"}
RESULT: {"using":"xpath","value":"//*[@id=\"backBtn\"]"}
COMMAND: POST /session/ebdc253b850fcc648129397d54401728/element/f.88D3DDEF070EF795C93B41EC0763EB16.d.D3A71E1C16A0100279955B364C2DB7AD.e.4464/click - {}
COMMAND: POST /session/ebdc253b850fcc648129397d54401728/element - {"using":"xpath","value":"//*[@id=\"backBtn\"]"}
RESULT: {"using":"xpath","value":"//*[@id=\"backBtn\"]"}
COMMAND: POST /session/ebdc253b850fcc648129397d54401728/element/f.88D3DDEF070EF795C93B41EC0763EB16.d.D3A71E1C16A0100279955B364C2DB7AD.e.4602/click - {}
RESULT: {}
COMMAND: GET /session/ebdc253b850fcc648129397d54401728/screenshot - {}
RESULT: {}
]]></system-out>
    </testcase>
    <testcase classname="chrome.136_0_7103_49.windows.Sanity_Tests_US104253" name="Should open Data Explorer page" time="36.569">
      <system-out><![CDATA[
COMMAND: POST /session/ebdc253b850fcc648129397d54401728/execute/async - {"script":"<script> [1562 bytes]","args":[{"selector":{"controlType":"sap.m.GenericTile","properties":{"header":"Data Explorer"}},"wdio_ui5_key":"sapm.GenericTile{\"header\":\"Data Explorer\"}"}]}
RESULT: {"script":"<script> [1562 bytes]","args":[{"selector":{"controlType":"sap.m.GenericTile","properties":{"header":"Data Explorer"}},"wdio_ui5_key":"sapm.GenericTile{\"header\":\"Data Explorer\"}"}]}
RESULT: undefined
COMMAND: POST /session/ebdc253b850fcc648129397d54401728/element - {"using":"xpath","value":"//*[@id=\"__tile117\"]"}
RESULT: {"using":"xpath","value":"//*[@id=\"__tile117\"]"}
COMMAND: POST /session/ebdc253b850fcc648129397d54401728/element/f.88D3DDEF070EF795C93B41EC0763EB16.d.D3A71E1C16A0100279955B364C2DB7AD.e.4604/click - {}
RESULT: {}
COMMAND: GET /session/ebdc253b850fcc648129397d54401728/screenshot - {}
RESULT: {}
COMMAND: POST /session/ebdc253b850fcc648129397d54401728/elements - {"using":"xpath","value":"//span[text()='Error']"}
RESULT: {"using":"xpath","value":"//span[text()='Error']"}
RESULT: undefined
COMMAND: POST /session/ebdc253b850fcc648129397d54401728/element - {"using":"xpath","value":"//*[@id=\"__tile117\"]"}
RESULT: {"using":"xpath","value":"//*[@id=\"__tile117\"]"}
COMMAND: POST /session/ebdc253b850fcc648129397d54401728/element/f.88D3DDEF070EF795C93B41EC0763EB16.d.D3A71E1C16A0100279955B364C2DB7AD.e.4604/click - {}
RESULT: undefined
COMMAND: POST /session/ebdc253b850fcc648129397d54401728/element - {"using":"xpath","value":"//*[@id=\"__tile117\"]"}
RESULT: {"using":"xpath","value":"//*[@id=\"__tile117\"]"}
COMMAND: POST /session/ebdc253b850fcc648129397d54401728/element/f.88D3DDEF070EF795C93B41EC0763EB16.d.D3A71E1C16A0100279955B364C2DB7AD.e.4604/click - {}
RESULT: undefined
COMMAND: POST /session/ebdc253b850fcc648129397d54401728/execute/async - {"script":"<script> [6424 bytes]","args":[{"element-6066-11e4-a52e-4f735466cecf":"f.88D3DDEF070EF795C93B41EC0763EB16.d.D3A71E1C16A0100279955B364C2DB7AD.e.290"},"getTitle",[]]}
COMMAND: POST /session/ebdc253b850fcc648129397d54401728/execute/async - {"script":"<script> [1562 bytes]","args":[{"selector":{"id":"shellAppTitle"},"wdio_ui5_key":"shellAppTitle"}]}
RESULT: {"script":"<script> [1562 bytes]","args":[{"selector":{"id":"shellAppTitle"},"wdio_ui5_key":"shellAppTitle"}]}
COMMAND: POST /session/ebdc253b850fcc648129397d54401728/execute/async - {"script":"<script> [6424 bytes]","args":[{"element-6066-11e4-a52e-4f735466cecf":"f.88D3DDEF070EF795C93B41EC0763EB16.d.D3A71E1C16A0100279955B364C2DB7AD.e.4929"},"getTitle",[]]}
RESULT: {"script":"<script> [6424 bytes]","args":[{"element-6066-11e4-a52e-4f735466cecf":"f.88D3DDEF070EF795C93B41EC0763EB16.d.D3A71E1C16A0100279955B364C2DB7AD.e.4929"},"getTitle",[]]}
RESULT: undefined
COMMAND: POST /session/ebdc253b850fcc648129397d54401728/element/f.88D3DDEF070EF795C93B41EC0763EB16.d.D3A71E1C16A0100279955B364C2DB7AD.e.4602/click - {}
RESULT: {}
COMMAND: GET /session/ebdc253b850fcc648129397d54401728/screenshot - {}
RESULT: {}
]]></system-out>
    </testcase>
    <testcase classname="chrome.136_0_7103_49.windows.Sanity_Tests_US104253" name="Should open Performance Monitor page" time="35.942">
      <system-out><![CDATA[
COMMAND: POST /session/ebdc253b850fcc648129397d54401728/execute/async - {"script":"<script> [1562 bytes]","args":[{"selector":{"controlType":"sap.m.GenericTile","properties":{"header":"Performance Monitor"}},"wdio_ui5_key":"sapm.GenericTile{\"header\":\"Performance Monitor\"}"}]}
RESULT: {"script":"<script> [1562 bytes]","args":[{"selector":{"controlType":"sap.m.GenericTile","properties":{"header":"Performance Monitor"}},"wdio_ui5_key":"sapm.GenericTile{\"header\":\"Performance Monitor\"}"}]}
RESULT: undefined
COMMAND: POST /session/ebdc253b850fcc648129397d54401728/element - {"using":"xpath","value":"//*[@id=\"__tile116\"]"}
RESULT: {"using":"xpath","value":"//*[@id=\"__tile116\"]"}
COMMAND: POST /session/ebdc253b850fcc648129397d54401728/element/f.88D3DDEF070EF795C93B41EC0763EB16.d.D3A71E1C16A0100279955B364C2DB7AD.e.4931/click - {}
RESULT: {}
COMMAND: GET /session/ebdc253b850fcc648129397d54401728/screenshot - {}
RESULT: {}
COMMAND: POST /session/ebdc253b850fcc648129397d54401728/elements - {"using":"xpath","value":"//span[text()='Error']"}
RESULT: {"using":"xpath","value":"//span[text()='Error']"}
RESULT: undefined
COMMAND: POST /session/ebdc253b850fcc648129397d54401728/element - {"using":"xpath","value":"//*[@id=\"__tile116\"]"}
RESULT: {"using":"xpath","value":"//*[@id=\"__tile116\"]"}
COMMAND: POST /session/ebdc253b850fcc648129397d54401728/element/f.88D3DDEF070EF795C93B41EC0763EB16.d.D3A71E1C16A0100279955B364C2DB7AD.e.4931/click - {}
RESULT: undefined
COMMAND: POST /session/ebdc253b850fcc648129397d54401728/element - {"using":"xpath","value":"//*[@id=\"__tile116\"]"}
RESULT: {"using":"xpath","value":"//*[@id=\"__tile116\"]"}
COMMAND: POST /session/ebdc253b850fcc648129397d54401728/element/f.88D3DDEF070EF795C93B41EC0763EB16.d.D3A71E1C16A0100279955B364C2DB7AD.e.4931/click - {}
RESULT: undefined
COMMAND: POST /session/ebdc253b850fcc648129397d54401728/execute/async - {"script":"<script> [6424 bytes]","args":[{"element-6066-11e4-a52e-4f735466cecf":"f.88D3DDEF070EF795C93B41EC0763EB16.d.D3A71E1C16A0100279955B364C2DB7AD.e.290"},"getTitle",[]]}
COMMAND: POST /session/ebdc253b850fcc648129397d54401728/execute/async - {"script":"<script> [1562 bytes]","args":[{"selector":{"id":"shellAppTitle"},"wdio_ui5_key":"shellAppTitle"}]}
RESULT: {"script":"<script> [1562 bytes]","args":[{"selector":{"id":"shellAppTitle"},"wdio_ui5_key":"shellAppTitle"}]}
COMMAND: POST /session/ebdc253b850fcc648129397d54401728/execute/async - {"script":"<script> [6424 bytes]","args":[{"element-6066-11e4-a52e-4f735466cecf":"f.88D3DDEF070EF795C93B41EC0763EB16.d.D3A71E1C16A0100279955B364C2DB7AD.e.4972"},"getTitle",[]]}
RESULT: {"script":"<script> [6424 bytes]","args":[{"element-6066-11e4-a52e-4f735466cecf":"f.88D3DDEF070EF795C93B41EC0763EB16.d.D3A71E1C16A0100279955B364C2DB7AD.e.4972"},"getTitle",[]]}
RESULT: undefined
COMMAND: POST /session/ebdc253b850fcc648129397d54401728/element/f.88D3DDEF070EF795C93B41EC0763EB16.d.D3A71E1C16A0100279955B364C2DB7AD.e.4602/click - {}
COMMAND: POST /session/ebdc253b850fcc648129397d54401728/element - {"using":"xpath","value":"//*[@id=\"backBtn\"]"}
RESULT: {"using":"xpath","value":"//*[@id=\"backBtn\"]"}
COMMAND: POST /session/ebdc253b850fcc648129397d54401728/element/f.88D3DDEF070EF795C93B41EC0763EB16.d.D3A71E1C16A0100279955B364C2DB7AD.e.4602/click - {}
COMMAND: POST /session/ebdc253b850fcc648129397d54401728/element - {"using":"xpath","value":"//*[@id=\"backBtn\"]"}
RESULT: {"using":"xpath","value":"//*[@id=\"backBtn\"]"}
COMMAND: POST /session/ebdc253b850fcc648129397d54401728/element/f.88D3DDEF070EF795C93B41EC0763EB16.d.D3A71E1C16A0100279955B364C2DB7AD.e.4973/click - {}
RESULT: {}
COMMAND: GET /session/ebdc253b850fcc648129397d54401728/screenshot - {}
RESULT: {}
]]></system-out>
    </testcase>
    <testcase classname="chrome.136_0_7103_49.windows.Sanity_Tests_US104253" name="Should open Organizational Model page" time="36.616">
      <system-out><![CDATA[
COMMAND: POST /session/ebdc253b850fcc648129397d54401728/execute/async - {"script":"<script> [1562 bytes]","args":[{"selector":{"controlType":"sap.m.GenericTile","properties":{"header":"Organizational Model"}},"wdio_ui5_key":"sapm.GenericTile{\"header\":\"Organizational Model\"}"}]}
RESULT: {"script":"<script> [1562 bytes]","args":[{"selector":{"controlType":"sap.m.GenericTile","properties":{"header":"Organizational Model"}},"wdio_ui5_key":"sapm.GenericTile{\"header\":\"Organizational Model\"}"}]}
RESULT: undefined
COMMAND: POST /session/ebdc253b850fcc648129397d54401728/element - {"using":"xpath","value":"//*[@id=\"__tile120\"]"}
RESULT: {"using":"xpath","value":"//*[@id=\"__tile120\"]"}
COMMAND: POST /session/ebdc253b850fcc648129397d54401728/element/f.88D3DDEF070EF795C93B41EC0763EB16.d.D3A71E1C16A0100279955B364C2DB7AD.e.4976/click - {}
RESULT: {}
COMMAND: GET /session/ebdc253b850fcc648129397d54401728/screenshot - {}
RESULT: {}
COMMAND: POST /session/ebdc253b850fcc648129397d54401728/elements - {"using":"xpath","value":"//span[text()='Error']"}
RESULT: {"using":"xpath","value":"//span[text()='Error']"}
RESULT: undefined
COMMAND: POST /session/ebdc253b850fcc648129397d54401728/element - {"using":"xpath","value":"//*[@id=\"__tile120\"]"}
RESULT: {"using":"xpath","value":"//*[@id=\"__tile120\"]"}
COMMAND: POST /session/ebdc253b850fcc648129397d54401728/element/f.88D3DDEF070EF795C93B41EC0763EB16.d.D3A71E1C16A0100279955B364C2DB7AD.e.4976/click - {}
RESULT: undefined
COMMAND: POST /session/ebdc253b850fcc648129397d54401728/element - {"using":"xpath","value":"//*[@id=\"__tile120\"]"}
RESULT: {"using":"xpath","value":"//*[@id=\"__tile120\"]"}
COMMAND: POST /session/ebdc253b850fcc648129397d54401728/element/f.88D3DDEF070EF795C93B41EC0763EB16.d.D3A71E1C16A0100279955B364C2DB7AD.e.4976/click - {}
RESULT: undefined
COMMAND: POST /session/ebdc253b850fcc648129397d54401728/execute/async - {"script":"<script> [6424 bytes]","args":[{"element-6066-11e4-a52e-4f735466cecf":"f.88D3DDEF070EF795C93B41EC0763EB16.d.D3A71E1C16A0100279955B364C2DB7AD.e.290"},"getTitle",[]]}
COMMAND: POST /session/ebdc253b850fcc648129397d54401728/execute/async - {"script":"<script> [1562 bytes]","args":[{"selector":{"id":"shellAppTitle"},"wdio_ui5_key":"shellAppTitle"}]}
RESULT: {"script":"<script> [1562 bytes]","args":[{"selector":{"id":"shellAppTitle"},"wdio_ui5_key":"shellAppTitle"}]}
COMMAND: POST /session/ebdc253b850fcc648129397d54401728/execute/async - {"script":"<script> [6424 bytes]","args":[{"element-6066-11e4-a52e-4f735466cecf":"f.88D3DDEF070EF795C93B41EC0763EB16.d.D3A71E1C16A0100279955B364C2DB7AD.e.4993"},"getTitle",[]]}
RESULT: {"script":"<script> [6424 bytes]","args":[{"element-6066-11e4-a52e-4f735466cecf":"f.88D3DDEF070EF795C93B41EC0763EB16.d.D3A71E1C16A0100279955B364C2DB7AD.e.4993"},"getTitle",[]]}
RESULT: undefined
COMMAND: POST /session/ebdc253b850fcc648129397d54401728/element/f.88D3DDEF070EF795C93B41EC0763EB16.d.D3A71E1C16A0100279955B364C2DB7AD.e.4973/click - {}
RESULT: {}
COMMAND: GET /session/ebdc253b850fcc648129397d54401728/screenshot - {}
RESULT: {}
]]></system-out>
    </testcase>
    <testcase classname="chrome.136_0_7103_49.windows.Sanity_Tests_US104253" name="Should open Manage Roles page" time="36.415">
      <system-out><![CDATA[
COMMAND: POST /session/ebdc253b850fcc648129397d54401728/execute/async - {"script":"<script> [1562 bytes]","args":[{"selector":{"controlType":"sap.m.GenericTile","properties":{"header":"Manage Roles"}},"wdio_ui5_key":"sapm.GenericTile{\"header\":\"Manage Roles\"}"}]}
RESULT: {"script":"<script> [1562 bytes]","args":[{"selector":{"controlType":"sap.m.GenericTile","properties":{"header":"Manage Roles"}},"wdio_ui5_key":"sapm.GenericTile{\"header\":\"Manage Roles\"}"}]}
RESULT: undefined
COMMAND: POST /session/ebdc253b850fcc648129397d54401728/element - {"using":"xpath","value":"//*[@id=\"__tile119\"]"}
RESULT: {"using":"xpath","value":"//*[@id=\"__tile119\"]"}
COMMAND: POST /session/ebdc253b850fcc648129397d54401728/element/f.88D3DDEF070EF795C93B41EC0763EB16.d.D3A71E1C16A0100279955B364C2DB7AD.e.4995/click - {}
RESULT: {}
COMMAND: GET /session/ebdc253b850fcc648129397d54401728/screenshot - {}
RESULT: {}
COMMAND: POST /session/ebdc253b850fcc648129397d54401728/elements - {"using":"xpath","value":"//span[text()='Error']"}
RESULT: {"using":"xpath","value":"//span[text()='Error']"}
RESULT: undefined
COMMAND: POST /session/ebdc253b850fcc648129397d54401728/element - {"using":"xpath","value":"//*[@id=\"__tile119\"]"}
RESULT: {"using":"xpath","value":"//*[@id=\"__tile119\"]"}
COMMAND: POST /session/ebdc253b850fcc648129397d54401728/element/f.88D3DDEF070EF795C93B41EC0763EB16.d.D3A71E1C16A0100279955B364C2DB7AD.e.4995/click - {}
RESULT: undefined
COMMAND: POST /session/ebdc253b850fcc648129397d54401728/element - {"using":"xpath","value":"//*[@id=\"__tile119\"]"}
RESULT: {"using":"xpath","value":"//*[@id=\"__tile119\"]"}
COMMAND: POST /session/ebdc253b850fcc648129397d54401728/element/f.88D3DDEF070EF795C93B41EC0763EB16.d.D3A71E1C16A0100279955B364C2DB7AD.e.4995/click - {}
RESULT: undefined
COMMAND: POST /session/ebdc253b850fcc648129397d54401728/execute/async - {"script":"<script> [6424 bytes]","args":[{"element-6066-11e4-a52e-4f735466cecf":"f.88D3DDEF070EF795C93B41EC0763EB16.d.D3A71E1C16A0100279955B364C2DB7AD.e.290"},"getTitle",[]]}
COMMAND: POST /session/ebdc253b850fcc648129397d54401728/execute/async - {"script":"<script> [1562 bytes]","args":[{"selector":{"id":"shellAppTitle"},"wdio_ui5_key":"shellAppTitle"}]}
RESULT: {"script":"<script> [1562 bytes]","args":[{"selector":{"id":"shellAppTitle"},"wdio_ui5_key":"shellAppTitle"}]}
COMMAND: POST /session/ebdc253b850fcc648129397d54401728/execute/async - {"script":"<script> [6424 bytes]","args":[{"element-6066-11e4-a52e-4f735466cecf":"f.88D3DDEF070EF795C93B41EC0763EB16.d.D3A71E1C16A0100279955B364C2DB7AD.e.5040"},"getTitle",[]]}
RESULT: {"script":"<script> [6424 bytes]","args":[{"element-6066-11e4-a52e-4f735466cecf":"f.88D3DDEF070EF795C93B41EC0763EB16.d.D3A71E1C16A0100279955B364C2DB7AD.e.5040"},"getTitle",[]]}
RESULT: undefined
COMMAND: POST /session/ebdc253b850fcc648129397d54401728/element/f.88D3DDEF070EF795C93B41EC0763EB16.d.D3A71E1C16A0100279955B364C2DB7AD.e.4973/click - {}
COMMAND: POST /session/ebdc253b850fcc648129397d54401728/element - {"using":"xpath","value":"//*[@id=\"backBtn\"]"}
RESULT: {"using":"xpath","value":"//*[@id=\"backBtn\"]"}
COMMAND: POST /session/ebdc253b850fcc648129397d54401728/element/f.88D3DDEF070EF795C93B41EC0763EB16.d.D3A71E1C16A0100279955B364C2DB7AD.e.4973/click - {}
COMMAND: POST /session/ebdc253b850fcc648129397d54401728/element - {"using":"xpath","value":"//*[@id=\"backBtn\"]"}
RESULT: {"using":"xpath","value":"//*[@id=\"backBtn\"]"}
COMMAND: POST /session/ebdc253b850fcc648129397d54401728/element/f.88D3DDEF070EF795C93B41EC0763EB16.d.D3A71E1C16A0100279955B364C2DB7AD.e.5041/click - {}
RESULT: {}
COMMAND: GET /session/ebdc253b850fcc648129397d54401728/screenshot - {}
RESULT: {}
]]></system-out>
    </testcase>
    <testcase classname="chrome.136_0_7103_49.windows.Sanity_Tests_US104253" name="Should open Authorization Tables page" time="36.698">
      <system-out><![CDATA[
COMMAND: POST /session/ebdc253b850fcc648129397d54401728/execute/async - {"script":"<script> [1562 bytes]","args":[{"selector":{"controlType":"sap.m.GenericTile","properties":{"header":"Authorization Tables"}},"wdio_ui5_key":"sapm.GenericTile{\"header\":\"Authorization Tables\"}"}]}
RESULT: {"script":"<script> [1562 bytes]","args":[{"selector":{"controlType":"sap.m.GenericTile","properties":{"header":"Authorization Tables"}},"wdio_ui5_key":"sapm.GenericTile{\"header\":\"Authorization Tables\"}"}]}
RESULT: undefined
COMMAND: POST /session/ebdc253b850fcc648129397d54401728/element - {"using":"xpath","value":"//*[@id=\"__tile118\"]"}
RESULT: {"using":"xpath","value":"//*[@id=\"__tile118\"]"}
COMMAND: POST /session/ebdc253b850fcc648129397d54401728/element/f.88D3DDEF070EF795C93B41EC0763EB16.d.D3A71E1C16A0100279955B364C2DB7AD.e.5043/click - {}
RESULT: {}
COMMAND: GET /session/ebdc253b850fcc648129397d54401728/screenshot - {}
RESULT: {}
COMMAND: POST /session/ebdc253b850fcc648129397d54401728/elements - {"using":"xpath","value":"//span[text()='Error']"}
RESULT: {"using":"xpath","value":"//span[text()='Error']"}
RESULT: undefined
COMMAND: POST /session/ebdc253b850fcc648129397d54401728/element - {"using":"xpath","value":"//*[@id=\"__tile118\"]"}
RESULT: {"using":"xpath","value":"//*[@id=\"__tile118\"]"}
COMMAND: POST /session/ebdc253b850fcc648129397d54401728/element/f.88D3DDEF070EF795C93B41EC0763EB16.d.D3A71E1C16A0100279955B364C2DB7AD.e.5043/click - {}
RESULT: undefined
COMMAND: POST /session/ebdc253b850fcc648129397d54401728/element - {"using":"xpath","value":"//*[@id=\"__tile118\"]"}
RESULT: {"using":"xpath","value":"//*[@id=\"__tile118\"]"}
COMMAND: POST /session/ebdc253b850fcc648129397d54401728/element/f.88D3DDEF070EF795C93B41EC0763EB16.d.D3A71E1C16A0100279955B364C2DB7AD.e.5043/click - {}
RESULT: undefined
COMMAND: POST /session/ebdc253b850fcc648129397d54401728/execute/async - {"script":"<script> [6424 bytes]","args":[{"element-6066-11e4-a52e-4f735466cecf":"f.88D3DDEF070EF795C93B41EC0763EB16.d.D3A71E1C16A0100279955B364C2DB7AD.e.290"},"getTitle",[]]}
COMMAND: POST /session/ebdc253b850fcc648129397d54401728/execute/async - {"script":"<script> [1562 bytes]","args":[{"selector":{"id":"shellAppTitle"},"wdio_ui5_key":"shellAppTitle"}]}
RESULT: {"script":"<script> [1562 bytes]","args":[{"selector":{"id":"shellAppTitle"},"wdio_ui5_key":"shellAppTitle"}]}
COMMAND: POST /session/ebdc253b850fcc648129397d54401728/execute/async - {"script":"<script> [6424 bytes]","args":[{"element-6066-11e4-a52e-4f735466cecf":"f.88D3DDEF070EF795C93B41EC0763EB16.d.D3A71E1C16A0100279955B364C2DB7AD.e.5128"},"getTitle",[]]}
RESULT: {"script":"<script> [6424 bytes]","args":[{"element-6066-11e4-a52e-4f735466cecf":"f.88D3DDEF070EF795C93B41EC0763EB16.d.D3A71E1C16A0100279955B364C2DB7AD.e.5128"},"getTitle",[]]}
RESULT: undefined
COMMAND: POST /session/ebdc253b850fcc648129397d54401728/element/f.88D3DDEF070EF795C93B41EC0763EB16.d.D3A71E1C16A0100279955B364C2DB7AD.e.5041/click - {}
RESULT: {}
COMMAND: GET /session/ebdc253b850fcc648129397d54401728/screenshot - {}
RESULT: {}
]]></system-out>
    </testcase>
    <testcase classname="chrome.136_0_7103_49.windows.Sanity_Tests_US104253" name="Should open User Maintenance page" time="35.865">
      <system-out><![CDATA[
COMMAND: POST /session/ebdc253b850fcc648129397d54401728/execute/async - {"script":"<script> [1562 bytes]","args":[{"selector":{"controlType":"sap.m.GenericTile","properties":{"header":"User Maintenance"}},"wdio_ui5_key":"sapm.GenericTile{\"header\":\"User Maintenance\"}"}]}
RESULT: {"script":"<script> [1562 bytes]","args":[{"selector":{"controlType":"sap.m.GenericTile","properties":{"header":"User Maintenance"}},"wdio_ui5_key":"sapm.GenericTile{\"header\":\"User Maintenance\"}"}]}
RESULT: undefined
COMMAND: POST /session/ebdc253b850fcc648129397d54401728/element - {"using":"xpath","value":"//*[@id=\"__tile121\"]"}
RESULT: {"using":"xpath","value":"//*[@id=\"__tile121\"]"}
COMMAND: POST /session/ebdc253b850fcc648129397d54401728/element/f.88D3DDEF070EF795C93B41EC0763EB16.d.D3A71E1C16A0100279955B364C2DB7AD.e.5130/click - {}
RESULT: {}
COMMAND: GET /session/ebdc253b850fcc648129397d54401728/screenshot - {}
RESULT: {}
COMMAND: POST /session/ebdc253b850fcc648129397d54401728/elements - {"using":"xpath","value":"//span[text()='Error']"}
RESULT: {"using":"xpath","value":"//span[text()='Error']"}
RESULT: undefined
COMMAND: POST /session/ebdc253b850fcc648129397d54401728/element - {"using":"xpath","value":"//*[@id=\"__tile121\"]"}
RESULT: {"using":"xpath","value":"//*[@id=\"__tile121\"]"}
COMMAND: POST /session/ebdc253b850fcc648129397d54401728/element/f.88D3DDEF070EF795C93B41EC0763EB16.d.D3A71E1C16A0100279955B364C2DB7AD.e.5130/click - {}
RESULT: undefined
COMMAND: POST /session/ebdc253b850fcc648129397d54401728/element - {"using":"xpath","value":"//*[@id=\"__tile121\"]"}
RESULT: {"using":"xpath","value":"//*[@id=\"__tile121\"]"}
COMMAND: POST /session/ebdc253b850fcc648129397d54401728/element/f.88D3DDEF070EF795C93B41EC0763EB16.d.D3A71E1C16A0100279955B364C2DB7AD.e.5130/click - {}
RESULT: undefined
COMMAND: POST /session/ebdc253b850fcc648129397d54401728/execute/async - {"script":"<script> [6424 bytes]","args":[{"element-6066-11e4-a52e-4f735466cecf":"f.88D3DDEF070EF795C93B41EC0763EB16.d.D3A71E1C16A0100279955B364C2DB7AD.e.290"},"getTitle",[]]}
COMMAND: POST /session/ebdc253b850fcc648129397d54401728/execute/async - {"script":"<script> [1562 bytes]","args":[{"selector":{"id":"shellAppTitle"},"wdio_ui5_key":"shellAppTitle"}]}
RESULT: {"script":"<script> [1562 bytes]","args":[{"selector":{"id":"shellAppTitle"},"wdio_ui5_key":"shellAppTitle"}]}
COMMAND: POST /session/ebdc253b850fcc648129397d54401728/execute/async - {"script":"<script> [6424 bytes]","args":[{"element-6066-11e4-a52e-4f735466cecf":"f.88D3DDEF070EF795C93B41EC0763EB16.d.D3A71E1C16A0100279955B364C2DB7AD.e.5218"},"getTitle",[]]}
RESULT: {"script":"<script> [6424 bytes]","args":[{"element-6066-11e4-a52e-4f735466cecf":"f.88D3DDEF070EF795C93B41EC0763EB16.d.D3A71E1C16A0100279955B364C2DB7AD.e.5218"},"getTitle",[]]}
RESULT: undefined
COMMAND: POST /session/ebdc253b850fcc648129397d54401728/element/f.88D3DDEF070EF795C93B41EC0763EB16.d.D3A71E1C16A0100279955B364C2DB7AD.e.5041/click - {}
COMMAND: POST /session/ebdc253b850fcc648129397d54401728/element - {"using":"xpath","value":"//*[@id=\"backBtn\"]"}
RESULT: {"using":"xpath","value":"//*[@id=\"backBtn\"]"}
COMMAND: POST /session/ebdc253b850fcc648129397d54401728/element/f.88D3DDEF070EF795C93B41EC0763EB16.d.D3A71E1C16A0100279955B364C2DB7AD.e.5041/click - {}
COMMAND: POST /session/ebdc253b850fcc648129397d54401728/element - {"using":"xpath","value":"//*[@id=\"backBtn\"]"}
RESULT: {"using":"xpath","value":"//*[@id=\"backBtn\"]"}
COMMAND: POST /session/ebdc253b850fcc648129397d54401728/element/f.88D3DDEF070EF795C93B41EC0763EB16.d.D3A71E1C16A0100279955B364C2DB7AD.e.5219/click - {}
RESULT: {}
COMMAND: GET /session/ebdc253b850fcc648129397d54401728/screenshot - {}
RESULT: {}
]]></system-out>
    </testcase>
    <testcase classname="chrome.136_0_7103_49.windows.Sanity_Tests_US104253" name="Should open Schedule Jobs page" time="35.811">
      <system-out><![CDATA[
COMMAND: POST /session/ebdc253b850fcc648129397d54401728/execute/async - {"script":"<script> [1562 bytes]","args":[{"selector":{"controlType":"sap.m.GenericTile","properties":{"header":"Schedule Jobs"}},"wdio_ui5_key":"sapm.GenericTile{\"header\":\"Schedule Jobs\"}"}]}
RESULT: {"script":"<script> [1562 bytes]","args":[{"selector":{"controlType":"sap.m.GenericTile","properties":{"header":"Schedule Jobs"}},"wdio_ui5_key":"sapm.GenericTile{\"header\":\"Schedule Jobs\"}"}]}
RESULT: undefined
COMMAND: POST /session/ebdc253b850fcc648129397d54401728/element - {"using":"xpath","value":"//*[@id=\"__tile127\"]"}
RESULT: {"using":"xpath","value":"//*[@id=\"__tile127\"]"}
COMMAND: POST /session/ebdc253b850fcc648129397d54401728/element/f.88D3DDEF070EF795C93B41EC0763EB16.d.D3A71E1C16A0100279955B364C2DB7AD.e.5222/click - {}
RESULT: {}
COMMAND: GET /session/ebdc253b850fcc648129397d54401728/screenshot - {}
RESULT: {}
COMMAND: POST /session/ebdc253b850fcc648129397d54401728/elements - {"using":"xpath","value":"//span[text()='Error']"}
RESULT: {"using":"xpath","value":"//span[text()='Error']"}
RESULT: undefined
COMMAND: POST /session/ebdc253b850fcc648129397d54401728/element - {"using":"xpath","value":"//*[@id=\"__tile127\"]"}
RESULT: {"using":"xpath","value":"//*[@id=\"__tile127\"]"}
COMMAND: POST /session/ebdc253b850fcc648129397d54401728/element/f.88D3DDEF070EF795C93B41EC0763EB16.d.D3A71E1C16A0100279955B364C2DB7AD.e.5222/click - {}
RESULT: undefined
COMMAND: POST /session/ebdc253b850fcc648129397d54401728/element - {"using":"xpath","value":"//*[@id=\"__tile127\"]"}
RESULT: {"using":"xpath","value":"//*[@id=\"__tile127\"]"}
COMMAND: POST /session/ebdc253b850fcc648129397d54401728/element/f.88D3DDEF070EF795C93B41EC0763EB16.d.D3A71E1C16A0100279955B364C2DB7AD.e.5222/click - {}
RESULT: undefined
COMMAND: POST /session/ebdc253b850fcc648129397d54401728/execute/async - {"script":"<script> [6424 bytes]","args":[{"element-6066-11e4-a52e-4f735466cecf":"f.88D3DDEF070EF795C93B41EC0763EB16.d.D3A71E1C16A0100279955B364C2DB7AD.e.290"},"getTitle",[]]}
COMMAND: POST /session/ebdc253b850fcc648129397d54401728/execute/async - {"script":"<script> [1562 bytes]","args":[{"selector":{"id":"shellAppTitle"},"wdio_ui5_key":"shellAppTitle"}]}
RESULT: {"script":"<script> [1562 bytes]","args":[{"selector":{"id":"shellAppTitle"},"wdio_ui5_key":"shellAppTitle"}]}
COMMAND: POST /session/ebdc253b850fcc648129397d54401728/execute/async - {"script":"<script> [6424 bytes]","args":[{"element-6066-11e4-a52e-4f735466cecf":"f.88D3DDEF070EF795C93B41EC0763EB16.d.D3A71E1C16A0100279955B364C2DB7AD.e.5294"},"getTitle",[]]}
RESULT: {"script":"<script> [6424 bytes]","args":[{"element-6066-11e4-a52e-4f735466cecf":"f.88D3DDEF070EF795C93B41EC0763EB16.d.D3A71E1C16A0100279955B364C2DB7AD.e.5294"},"getTitle",[]]}
RESULT: undefined
COMMAND: POST /session/ebdc253b850fcc648129397d54401728/element/f.88D3DDEF070EF795C93B41EC0763EB16.d.D3A71E1C16A0100279955B364C2DB7AD.e.5219/click - {}
COMMAND: POST /session/ebdc253b850fcc648129397d54401728/element/f.88D3DDEF070EF795C93B41EC0763EB16.d.D3A71E1C16A0100279955B364C2DB7AD.e.5219/click - {}
RESULT: {}
COMMAND: GET /session/ebdc253b850fcc648129397d54401728/screenshot - {}
COMMAND: POST /session/ebdc253b850fcc648129397d54401728/element - {"using":"xpath","value":"//*[@id=\"backBtn\"]"}
RESULT: {}
RESULT: {"using":"xpath","value":"//*[@id=\"backBtn\"]"}
COMMAND: POST /session/ebdc253b850fcc648129397d54401728/elements - {"using":"xpath","value":"//*[@id=\"backBtn\"]"}
RESULT: {"using":"xpath","value":"//*[@id=\"backBtn\"]"}
COMMAND: POST /session/ebdc253b850fcc648129397d54401728/elements - {"using":"xpath","value":"//*[@id=\"backBtn\"]"}
RESULT: {"using":"xpath","value":"//*[@id=\"backBtn\"]"}
COMMAND: POST /session/ebdc253b850fcc648129397d54401728/elements - {"using":"xpath","value":"//*[@id=\"backBtn\"]"}
RESULT: {"using":"xpath","value":"//*[@id=\"backBtn\"]"}
COMMAND: POST /session/ebdc253b850fcc648129397d54401728/elements - {"using":"xpath","value":"//*[@id=\"backBtn\"]"}
RESULT: {"using":"xpath","value":"//*[@id=\"backBtn\"]"}
COMMAND: POST /session/ebdc253b850fcc648129397d54401728/elements - {"using":"xpath","value":"//*[@id=\"backBtn\"]"}
RESULT: {"using":"xpath","value":"//*[@id=\"backBtn\"]"}
COMMAND: POST /session/ebdc253b850fcc648129397d54401728/elements - {"using":"xpath","value":"//*[@id=\"backBtn\"]"}
RESULT: {"using":"xpath","value":"//*[@id=\"backBtn\"]"}
COMMAND: POST /session/ebdc253b850fcc648129397d54401728/elements - {"using":"xpath","value":"//*[@id=\"backBtn\"]"}
RESULT: {"using":"xpath","value":"//*[@id=\"backBtn\"]"}
COMMAND: POST /session/ebdc253b850fcc648129397d54401728/elements - {"using":"xpath","value":"//*[@id=\"backBtn\"]"}
RESULT: {"using":"xpath","value":"//*[@id=\"backBtn\"]"}
COMMAND: POST /session/ebdc253b850fcc648129397d54401728/elements - {"using":"xpath","value":"//*[@id=\"backBtn\"]"}
RESULT: {"using":"xpath","value":"//*[@id=\"backBtn\"]"}
COMMAND: POST /session/ebdc253b850fcc648129397d54401728/elements - {"using":"xpath","value":"//*[@id=\"backBtn\"]"}
RESULT: {"using":"xpath","value":"//*[@id=\"backBtn\"]"}
COMMAND: POST /session/ebdc253b850fcc648129397d54401728/elements - {"using":"xpath","value":"//*[@id=\"backBtn\"]"}
RESULT: {"using":"xpath","value":"//*[@id=\"backBtn\"]"}
COMMAND: POST /session/ebdc253b850fcc648129397d54401728/elements - {"using":"xpath","value":"//*[@id=\"backBtn\"]"}
RESULT: {"using":"xpath","value":"//*[@id=\"backBtn\"]"}
COMMAND: POST /session/ebdc253b850fcc648129397d54401728/elements - {"using":"xpath","value":"//*[@id=\"backBtn\"]"}
RESULT: {"using":"xpath","value":"//*[@id=\"backBtn\"]"}
COMMAND: POST /session/ebdc253b850fcc648129397d54401728/elements - {"using":"xpath","value":"//*[@id=\"backBtn\"]"}
RESULT: {"using":"xpath","value":"//*[@id=\"backBtn\"]"}
COMMAND: POST /session/ebdc253b850fcc648129397d54401728/elements - {"using":"xpath","value":"//*[@id=\"backBtn\"]"}
RESULT: {"using":"xpath","value":"//*[@id=\"backBtn\"]"}
COMMAND: POST /session/ebdc253b850fcc648129397d54401728/elements - {"using":"xpath","value":"//*[@id=\"backBtn\"]"}
RESULT: {"using":"xpath","value":"//*[@id=\"backBtn\"]"}
COMMAND: POST /session/ebdc253b850fcc648129397d54401728/elements - {"using":"xpath","value":"//*[@id=\"backBtn\"]"}
RESULT: {"using":"xpath","value":"//*[@id=\"backBtn\"]"}
COMMAND: POST /session/ebdc253b850fcc648129397d54401728/elements - {"using":"xpath","value":"//*[@id=\"backBtn\"]"}
RESULT: {"using":"xpath","value":"//*[@id=\"backBtn\"]"}
]]></system-out>
    </testcase>
    <testcase classname="chrome.136_0_7103_49.windows.Sanity_Tests_US104253" name="Should open Jobs Setup page" time="36.092">
      <system-out><![CDATA[
COMMAND: POST /session/ebdc253b850fcc648129397d54401728/execute/async - {"script":"<script> [1562 bytes]","args":[{"selector":{"controlType":"sap.m.GenericTile","properties":{"header":"Jobs Setup"}},"wdio_ui5_key":"sapm.GenericTile{\"header\":\"Jobs Setup\"}"}]}
COMMAND: POST /session/ebdc253b850fcc648129397d54401728/elements - {"using":"xpath","value":"//*[@id=\"backBtn\"]"}
RESULT: {"script":"<script> [1562 bytes]","args":[{"selector":{"controlType":"sap.m.GenericTile","properties":{"header":"Jobs Setup"}},"wdio_ui5_key":"sapm.GenericTile{\"header\":\"Jobs Setup\"}"}]}
RESULT: undefined
COMMAND: POST /session/ebdc253b850fcc648129397d54401728/element - {"using":"xpath","value":"//*[@id=\"__tile128\"]"}
RESULT: {"using":"xpath","value":"//*[@id=\"backBtn\"]"}
RESULT: {"using":"xpath","value":"//*[@id=\"__tile128\"]"}
COMMAND: POST /session/ebdc253b850fcc648129397d54401728/element/f.88D3DDEF070EF795C93B41EC0763EB16.d.D3A71E1C16A0100279955B364C2DB7AD.e.5296/click - {}
COMMAND: POST /session/ebdc253b850fcc648129397d54401728/elements - {"using":"xpath","value":"//*[@id=\"backBtn\"]"}
RESULT: {}
COMMAND: GET /session/ebdc253b850fcc648129397d54401728/screenshot - {}
RESULT: {"using":"xpath","value":"//*[@id=\"backBtn\"]"}
COMMAND: POST /session/ebdc253b850fcc648129397d54401728/elements - {"using":"xpath","value":"//*[@id=\"backBtn\"]"}
RESULT: {}
RESULT: {"using":"xpath","value":"//*[@id=\"backBtn\"]"}
COMMAND: POST /session/ebdc253b850fcc648129397d54401728/element - {"using":"xpath","value":"//*[@id=\"backBtn\"]"}
RESULT: {"using":"xpath","value":"//*[@id=\"backBtn\"]"}
COMMAND: POST /session/ebdc253b850fcc648129397d54401728/element/f.88D3DDEF070EF795C93B41EC0763EB16.d.D3A71E1C16A0100279955B364C2DB7AD.e.5219/click - {}
COMMAND: POST /session/ebdc253b850fcc648129397d54401728/element - {"using":"xpath","value":"//*[@id=\"backBtn\"]"}
RESULT: {"using":"xpath","value":"//*[@id=\"backBtn\"]"}
COMMAND: POST /session/ebdc253b850fcc648129397d54401728/element/f.88D3DDEF070EF795C93B41EC0763EB16.d.D3A71E1C16A0100279955B364C2DB7AD.e.5488/click - {}
RESULT: {}
COMMAND: GET /session/ebdc253b850fcc648129397d54401728/screenshot - {}
RESULT: {}
COMMAND: POST /session/ebdc253b850fcc648129397d54401728/elements - {"using":"xpath","value":"//span[text()='Error']"}
RESULT: {"using":"xpath","value":"//span[text()='Error']"}
RESULT: undefined
COMMAND: POST /session/ebdc253b850fcc648129397d54401728/element - {"using":"xpath","value":"//*[@id=\"__tile128\"]"}
RESULT: {"using":"xpath","value":"//*[@id=\"__tile128\"]"}
COMMAND: POST /session/ebdc253b850fcc648129397d54401728/element/f.88D3DDEF070EF795C93B41EC0763EB16.d.D3A71E1C16A0100279955B364C2DB7AD.e.5296/click - {}
RESULT: undefined
COMMAND: POST /session/ebdc253b850fcc648129397d54401728/element - {"using":"xpath","value":"//*[@id=\"__tile128\"]"}
RESULT: {"using":"xpath","value":"//*[@id=\"__tile128\"]"}
COMMAND: POST /session/ebdc253b850fcc648129397d54401728/element/f.88D3DDEF070EF795C93B41EC0763EB16.d.D3A71E1C16A0100279955B364C2DB7AD.e.5296/click - {}
RESULT: undefined
COMMAND: POST /session/ebdc253b850fcc648129397d54401728/execute/async - {"script":"<script> [6424 bytes]","args":[{"element-6066-11e4-a52e-4f735466cecf":"f.88D3DDEF070EF795C93B41EC0763EB16.d.D3A71E1C16A0100279955B364C2DB7AD.e.290"},"getTitle",[]]}
COMMAND: POST /session/ebdc253b850fcc648129397d54401728/execute/async - {"script":"<script> [1562 bytes]","args":[{"selector":{"id":"shellAppTitle"},"wdio_ui5_key":"shellAppTitle"}]}
RESULT: {"script":"<script> [1562 bytes]","args":[{"selector":{"id":"shellAppTitle"},"wdio_ui5_key":"shellAppTitle"}]}
COMMAND: POST /session/ebdc253b850fcc648129397d54401728/execute/async - {"script":"<script> [6424 bytes]","args":[{"element-6066-11e4-a52e-4f735466cecf":"f.88D3DDEF070EF795C93B41EC0763EB16.d.D3A71E1C16A0100279955B364C2DB7AD.e.5489"},"getTitle",[]]}
RESULT: {"script":"<script> [6424 bytes]","args":[{"element-6066-11e4-a52e-4f735466cecf":"f.88D3DDEF070EF795C93B41EC0763EB16.d.D3A71E1C16A0100279955B364C2DB7AD.e.5489"},"getTitle",[]]}
RESULT: undefined
COMMAND: POST /session/ebdc253b850fcc648129397d54401728/element/f.88D3DDEF070EF795C93B41EC0763EB16.d.D3A71E1C16A0100279955B364C2DB7AD.e.5488/click - {}
COMMAND: POST /session/ebdc253b850fcc648129397d54401728/element/f.88D3DDEF070EF795C93B41EC0763EB16.d.D3A71E1C16A0100279955B364C2DB7AD.e.5488/click - {}
RESULT: {}
COMMAND: GET /session/ebdc253b850fcc648129397d54401728/screenshot - {}
RESULT: {}
COMMAND: GET /session/ebdc253b850fcc648129397d54401728/screenshot - {}
RESULT: {}
RESULT: {}
]]></system-out>
    </testcase>
    <testcase classname="chrome.136_0_7103_49.windows.Sanity_Tests_US104253" name="Should open Target Systems Configuration page" time="35.863">
      <system-out><![CDATA[
COMMAND: POST /session/ebdc253b850fcc648129397d54401728/execute/async - {"script":"<script> [1562 bytes]","args":[{"selector":{"controlType":"sap.m.GenericTile","properties":{"header":"Target Systems Configuration"}},"wdio_ui5_key":"sapm.GenericTile{\"header\":\"Target Systems Configuration\"}"}]}
RESULT: {"script":"<script> [1562 bytes]","args":[{"selector":{"controlType":"sap.m.GenericTile","properties":{"header":"Target Systems Configuration"}},"wdio_ui5_key":"sapm.GenericTile{\"header\":\"Target Systems Configuration\"}"}]}
RESULT: undefined
COMMAND: POST /session/ebdc253b850fcc648129397d54401728/element - {"using":"xpath","value":"//*[@id=\"__tile129\"]"}
RESULT: {"using":"xpath","value":"//*[@id=\"__tile129\"]"}
COMMAND: POST /session/ebdc253b850fcc648129397d54401728/element/f.88D3DDEF070EF795C93B41EC0763EB16.d.D3A71E1C16A0100279955B364C2DB7AD.e.5491/click - {}
RESULT: {}
COMMAND: GET /session/ebdc253b850fcc648129397d54401728/screenshot - {}
RESULT: {}
COMMAND: POST /session/ebdc253b850fcc648129397d54401728/elements - {"using":"xpath","value":"//span[text()='Error']"}
RESULT: {"using":"xpath","value":"//span[text()='Error']"}
RESULT: undefined
COMMAND: POST /session/ebdc253b850fcc648129397d54401728/element - {"using":"xpath","value":"//*[@id=\"__tile129\"]"}
RESULT: {"using":"xpath","value":"//*[@id=\"__tile129\"]"}
COMMAND: POST /session/ebdc253b850fcc648129397d54401728/element/f.88D3DDEF070EF795C93B41EC0763EB16.d.D3A71E1C16A0100279955B364C2DB7AD.e.5491/click - {}
RESULT: undefined
COMMAND: POST /session/ebdc253b850fcc648129397d54401728/element - {"using":"xpath","value":"//*[@id=\"__tile129\"]"}
RESULT: {"using":"xpath","value":"//*[@id=\"__tile129\"]"}
COMMAND: POST /session/ebdc253b850fcc648129397d54401728/element/f.88D3DDEF070EF795C93B41EC0763EB16.d.D3A71E1C16A0100279955B364C2DB7AD.e.5491/click - {}
RESULT: undefined
COMMAND: POST /session/ebdc253b850fcc648129397d54401728/execute/async - {"script":"<script> [6424 bytes]","args":[{"element-6066-11e4-a52e-4f735466cecf":"f.88D3DDEF070EF795C93B41EC0763EB16.d.D3A71E1C16A0100279955B364C2DB7AD.e.290"},"getTitle",[]]}
COMMAND: POST /session/ebdc253b850fcc648129397d54401728/execute/async - {"script":"<script> [1562 bytes]","args":[{"selector":{"id":"shellAppTitle"},"wdio_ui5_key":"shellAppTitle"}]}
RESULT: {"script":"<script> [1562 bytes]","args":[{"selector":{"id":"shellAppTitle"},"wdio_ui5_key":"shellAppTitle"}]}
COMMAND: POST /session/ebdc253b850fcc648129397d54401728/execute/async - {"script":"<script> [6424 bytes]","args":[{"element-6066-11e4-a52e-4f735466cecf":"f.88D3DDEF070EF795C93B41EC0763EB16.d.D3A71E1C16A0100279955B364C2DB7AD.e.5542"},"getTitle",[]]}
RESULT: {"script":"<script> [6424 bytes]","args":[{"element-6066-11e4-a52e-4f735466cecf":"f.88D3DDEF070EF795C93B41EC0763EB16.d.D3A71E1C16A0100279955B364C2DB7AD.e.5542"},"getTitle",[]]}
RESULT: undefined
COMMAND: POST /session/ebdc253b850fcc648129397d54401728/element/f.88D3DDEF070EF795C93B41EC0763EB16.d.D3A71E1C16A0100279955B364C2DB7AD.e.5488/click - {}
COMMAND: POST /session/ebdc253b850fcc648129397d54401728/element/f.88D3DDEF070EF795C93B41EC0763EB16.d.D3A71E1C16A0100279955B364C2DB7AD.e.5488/click - {}
RESULT: {}
COMMAND: GET /session/ebdc253b850fcc648129397d54401728/screenshot - {}
COMMAND: POST /session/ebdc253b850fcc648129397d54401728/element - {"using":"xpath","value":"//*[@id=\"backBtn\"]"}
RESULT: {}
RESULT: {"using":"xpath","value":"//*[@id=\"backBtn\"]"}
COMMAND: POST /session/ebdc253b850fcc648129397d54401728/elements - {"using":"xpath","value":"//*[@id=\"backBtn\"]"}
RESULT: {"using":"xpath","value":"//*[@id=\"backBtn\"]"}
COMMAND: POST /session/ebdc253b850fcc648129397d54401728/elements - {"using":"xpath","value":"//*[@id=\"backBtn\"]"}
RESULT: {"using":"xpath","value":"//*[@id=\"backBtn\"]"}
COMMAND: POST /session/ebdc253b850fcc648129397d54401728/elements - {"using":"xpath","value":"//*[@id=\"backBtn\"]"}
RESULT: {"using":"xpath","value":"//*[@id=\"backBtn\"]"}
COMMAND: POST /session/ebdc253b850fcc648129397d54401728/elements - {"using":"xpath","value":"//*[@id=\"backBtn\"]"}
RESULT: {"using":"xpath","value":"//*[@id=\"backBtn\"]"}
COMMAND: POST /session/ebdc253b850fcc648129397d54401728/elements - {"using":"xpath","value":"//*[@id=\"backBtn\"]"}
RESULT: {"using":"xpath","value":"//*[@id=\"backBtn\"]"}
COMMAND: POST /session/ebdc253b850fcc648129397d54401728/elements - {"using":"xpath","value":"//*[@id=\"backBtn\"]"}
RESULT: {"using":"xpath","value":"//*[@id=\"backBtn\"]"}
COMMAND: POST /session/ebdc253b850fcc648129397d54401728/elements - {"using":"xpath","value":"//*[@id=\"backBtn\"]"}
RESULT: {"using":"xpath","value":"//*[@id=\"backBtn\"]"}
COMMAND: POST /session/ebdc253b850fcc648129397d54401728/elements - {"using":"xpath","value":"//*[@id=\"backBtn\"]"}
RESULT: {"using":"xpath","value":"//*[@id=\"backBtn\"]"}
COMMAND: POST /session/ebdc253b850fcc648129397d54401728/elements - {"using":"xpath","value":"//*[@id=\"backBtn\"]"}
RESULT: {"using":"xpath","value":"//*[@id=\"backBtn\"]"}
COMMAND: POST /session/ebdc253b850fcc648129397d54401728/elements - {"using":"xpath","value":"//*[@id=\"backBtn\"]"}
RESULT: {"using":"xpath","value":"//*[@id=\"backBtn\"]"}
COMMAND: POST /session/ebdc253b850fcc648129397d54401728/elements - {"using":"xpath","value":"//*[@id=\"backBtn\"]"}
RESULT: {"using":"xpath","value":"//*[@id=\"backBtn\"]"}
COMMAND: POST /session/ebdc253b850fcc648129397d54401728/elements - {"using":"xpath","value":"//*[@id=\"backBtn\"]"}
RESULT: {"using":"xpath","value":"//*[@id=\"backBtn\"]"}
COMMAND: POST /session/ebdc253b850fcc648129397d54401728/elements - {"using":"xpath","value":"//*[@id=\"backBtn\"]"}
RESULT: {"using":"xpath","value":"//*[@id=\"backBtn\"]"}
COMMAND: POST /session/ebdc253b850fcc648129397d54401728/elements - {"using":"xpath","value":"//*[@id=\"backBtn\"]"}
RESULT: {"using":"xpath","value":"//*[@id=\"backBtn\"]"}
COMMAND: POST /session/ebdc253b850fcc648129397d54401728/elements - {"using":"xpath","value":"//*[@id=\"backBtn\"]"}
RESULT: {"using":"xpath","value":"//*[@id=\"backBtn\"]"}
COMMAND: POST /session/ebdc253b850fcc648129397d54401728/elements - {"using":"xpath","value":"//*[@id=\"backBtn\"]"}
RESULT: {"using":"xpath","value":"//*[@id=\"backBtn\"]"}
COMMAND: POST /session/ebdc253b850fcc648129397d54401728/elements - {"using":"xpath","value":"//*[@id=\"backBtn\"]"}
RESULT: {"using":"xpath","value":"//*[@id=\"backBtn\"]"}
COMMAND: POST /session/ebdc253b850fcc648129397d54401728/elements - {"using":"xpath","value":"//*[@id=\"backBtn\"]"}
RESULT: {"using":"xpath","value":"//*[@id=\"backBtn\"]"}
COMMAND: POST /session/ebdc253b850fcc648129397d54401728/elements - {"using":"xpath","value":"//*[@id=\"backBtn\"]"}
RESULT: {"using":"xpath","value":"//*[@id=\"backBtn\"]"}
COMMAND: POST /session/ebdc253b850fcc648129397d54401728/elements - {"using":"xpath","value":"//*[@id=\"backBtn\"]"}
RESULT: {"using":"xpath","value":"//*[@id=\"backBtn\"]"}
COMMAND: POST /session/ebdc253b850fcc648129397d54401728/elements - {"using":"xpath","value":"//*[@id=\"backBtn\"]"}
RESULT: {"using":"xpath","value":"//*[@id=\"backBtn\"]"}
COMMAND: POST /session/ebdc253b850fcc648129397d54401728/elements - {"using":"xpath","value":"//*[@id=\"backBtn\"]"}
RESULT: {"using":"xpath","value":"//*[@id=\"backBtn\"]"}
COMMAND: POST /session/ebdc253b850fcc648129397d54401728/elements - {"using":"xpath","value":"//*[@id=\"backBtn\"]"}
RESULT: {"using":"xpath","value":"//*[@id=\"backBtn\"]"}
COMMAND: POST /session/ebdc253b850fcc648129397d54401728/elements - {"using":"xpath","value":"//*[@id=\"backBtn\"]"}
RESULT: {"using":"xpath","value":"//*[@id=\"backBtn\"]"}
COMMAND: POST /session/ebdc253b850fcc648129397d54401728/elements - {"using":"xpath","value":"//*[@id=\"backBtn\"]"}
RESULT: {"using":"xpath","value":"//*[@id=\"backBtn\"]"}
COMMAND: POST /session/ebdc253b850fcc648129397d54401728/elements - {"using":"xpath","value":"//*[@id=\"backBtn\"]"}
RESULT: {"using":"xpath","value":"//*[@id=\"backBtn\"]"}
COMMAND: POST /session/ebdc253b850fcc648129397d54401728/elements - {"using":"xpath","value":"//*[@id=\"backBtn\"]"}
RESULT: {"using":"xpath","value":"//*[@id=\"backBtn\"]"}
COMMAND: POST /session/ebdc253b850fcc648129397d54401728/elements - {"using":"xpath","value":"//*[@id=\"backBtn\"]"}
RESULT: {"using":"xpath","value":"//*[@id=\"backBtn\"]"}
COMMAND: POST /session/ebdc253b850fcc648129397d54401728/elements - {"using":"xpath","value":"//*[@id=\"backBtn\"]"}
RESULT: {"using":"xpath","value":"//*[@id=\"backBtn\"]"}
COMMAND: POST /session/ebdc253b850fcc648129397d54401728/elements - {"using":"xpath","value":"//*[@id=\"backBtn\"]"}
RESULT: {"using":"xpath","value":"//*[@id=\"backBtn\"]"}
COMMAND: POST /session/ebdc253b850fcc648129397d54401728/elements - {"using":"xpath","value":"//*[@id=\"backBtn\"]"}
RESULT: {"using":"xpath","value":"//*[@id=\"backBtn\"]"}
COMMAND: POST /session/ebdc253b850fcc648129397d54401728/elements - {"using":"xpath","value":"//*[@id=\"backBtn\"]"}
RESULT: {"using":"xpath","value":"//*[@id=\"backBtn\"]"}
COMMAND: POST /session/ebdc253b850fcc648129397d54401728/elements - {"using":"xpath","value":"//*[@id=\"backBtn\"]"}
RESULT: {"using":"xpath","value":"//*[@id=\"backBtn\"]"}
COMMAND: POST /session/ebdc253b850fcc648129397d54401728/elements - {"using":"xpath","value":"//*[@id=\"backBtn\"]"}
RESULT: {"using":"xpath","value":"//*[@id=\"backBtn\"]"}
COMMAND: POST /session/ebdc253b850fcc648129397d54401728/elements - {"using":"xpath","value":"//*[@id=\"backBtn\"]"}
RESULT: {"using":"xpath","value":"//*[@id=\"backBtn\"]"}
COMMAND: POST /session/ebdc253b850fcc648129397d54401728/elements - {"using":"xpath","value":"//*[@id=\"backBtn\"]"}
RESULT: {"using":"xpath","value":"//*[@id=\"backBtn\"]"}
COMMAND: POST /session/ebdc253b850fcc648129397d54401728/elements - {"using":"xpath","value":"//*[@id=\"backBtn\"]"}
RESULT: {"using":"xpath","value":"//*[@id=\"backBtn\"]"}
COMMAND: POST /session/ebdc253b850fcc648129397d54401728/elements - {"using":"xpath","value":"//*[@id=\"backBtn\"]"}
RESULT: {"using":"xpath","value":"//*[@id=\"backBtn\"]"}
COMMAND: POST /session/ebdc253b850fcc648129397d54401728/elements - {"using":"xpath","value":"//*[@id=\"backBtn\"]"}
RESULT: {"using":"xpath","value":"//*[@id=\"backBtn\"]"}
COMMAND: DELETE /session/ebdc253b850fcc648129397d54401728 - {}
RESULT: {}
]]></system-out>
    </testcase>
  </testsuite>
</testsuites>