<?xml version="1.0" encoding="UTF-8"?>
<testsuites tests="48" failures="0" errors="0" skipped="0">
  <testsuite timestamp="2025-05-20T05:36:54" time="1200.242" tests="12" failures="0" errors="0" skipped="0">
    <properties>
      <property name="specId" value="0" />
      <property name="suiteName" value="Billing Transfer - Master data &amp; Intercompany US127250" />
      <property name="capabilities" value="chrome.136_0_7103_93.windows" />
      <property name="file" value="file:///D:/a/1/s/test/specs/BTS/billing-transfer-intercompany.spec.js" />
    </properties>
    <testcase classname="chrome.136_0_7103_93.windows.Billing_Transfer_-_Master_data_&amp;_Intercompany_US127250" name="Should create a new yard" time="128.494">
      <system-out><![CDATA[
COMMAND: POST /session/ea2377afc02bbf13296b49c868bb39bc/window/fullscreen - {}
RESULT: {}
COMMAND: POST /session/ea2377afc02bbf13296b49c868bb39bc/execute/async - {"script":"<script> [1562 bytes]","args":[{"selector":{"controlType":"sap.m.GenericTile","properties":{"header":"Manage Yards"}},"wdio_ui5_key":"sapm.GenericTile{\"header\":\"Manage Yards\"}"}]}
RESULT: {"script":"<script> [1562 bytes]","args":[{"selector":{"controlType":"sap.m.GenericTile","properties":{"header":"Manage Yards"}},"wdio_ui5_key":"sapm.GenericTile{\"header\":\"Manage Yards\"}"}]}
RESULT: undefined
COMMAND: POST /session/ea2377afc02bbf13296b49c868bb39bc/element - {"using":"xpath","value":"//*[@id=\"__tile41\"]"}
RESULT: {"using":"xpath","value":"//*[@id=\"__tile41\"]"}
COMMAND: POST /session/ea2377afc02bbf13296b49c868bb39bc/element/f.E22896224DAB0D107D3E889F8C0ECED7.d.CA8A00B46C5FB233F31A40728ACC1D20.e.177/click - {}
RESULT: {}
COMMAND: GET /session/ea2377afc02bbf13296b49c868bb39bc/screenshot - {}
RESULT: {}
COMMAND: POST /session/ea2377afc02bbf13296b49c868bb39bc/elements - {"using":"xpath","value":"//span[text()='Error']"}
RESULT: {"using":"xpath","value":"//span[text()='Error']"}
COMMAND: POST /session/ea2377afc02bbf13296b49c868bb39bc/element - {"using":"xpath","value":"//button[@data-kt=\"addNewYardOverflowToolbarButton\"]"}
RESULT: {"using":"xpath","value":"//button[@data-kt=\"addNewYardOverflowToolbarButton\"]"}
COMMAND: POST /session/ea2377afc02bbf13296b49c868bb39bc/elements - {"using":"xpath","value":"//button[@data-kt=\"addNewYardOverflowToolbarButton\"]"}
RESULT: {"using":"xpath","value":"//button[@data-kt=\"addNewYardOverflowToolbarButton\"]"}
COMMAND: POST /session/ea2377afc02bbf13296b49c868bb39bc/elements - {"using":"xpath","value":"//button[@data-kt=\"addNewYardOverflowToolbarButton\"]"}
RESULT: {"using":"xpath","value":"//button[@data-kt=\"addNewYardOverflowToolbarButton\"]"}
COMMAND: POST /session/ea2377afc02bbf13296b49c868bb39bc/elements - {"using":"xpath","value":"//button[@data-kt=\"addNewYardOverflowToolbarButton\"]"}
RESULT: {"using":"xpath","value":"//button[@data-kt=\"addNewYardOverflowToolbarButton\"]"}
COMMAND: POST /session/ea2377afc02bbf13296b49c868bb39bc/elements - {"using":"xpath","value":"//button[@data-kt=\"addNewYardOverflowToolbarButton\"]"}
RESULT: {"using":"xpath","value":"//button[@data-kt=\"addNewYardOverflowToolbarButton\"]"}
COMMAND: POST /session/ea2377afc02bbf13296b49c868bb39bc/elements - {"using":"xpath","value":"//button[@data-kt=\"addNewYardOverflowToolbarButton\"]"}
RESULT: {"using":"xpath","value":"//button[@data-kt=\"addNewYardOverflowToolbarButton\"]"}
COMMAND: POST /session/ea2377afc02bbf13296b49c868bb39bc/element - {"using":"xpath","value":"//button[@data-kt=\"addNewYardOverflowToolbarButton\"]"}
RESULT: {"using":"xpath","value":"//button[@data-kt=\"addNewYardOverflowToolbarButton\"]"}
COMMAND: POST /session/ea2377afc02bbf13296b49c868bb39bc/execute/sync - {"script":"<script> [8489 bytes]","args":[{"element-6066-11e4-a52e-4f735466cecf":"f.E22896224DAB0D107D3E889F8C0ECED7.d.CA8A00B46C5FB233F31A40728ACC1D20.e.312","ELEMENT":"f.E22896224DAB0D107D3E889F8C0ECED7.d.CA8A00B46C5FB233F31A40728ACC1D20.e.312"}]}
RESULT: {"script":"<script> [8489 bytes]","args":[{"element-6066-11e4-a52e-4f735466cecf":"f.E22896224DAB0D107D3E889F8C0ECED7.d.CA8A00B46C5FB233F31A40728ACC1D20.e.312","ELEMENT":"f.E22896224DAB0D107D3E889F8C0ECED7.d.CA8A00B46C5FB233F31A40728ACC1D20.e.312"}]}
COMMAND: GET /session/ea2377afc02bbf13296b49c868bb39bc/element/f.E22896224DAB0D107D3E889F8C0ECED7.d.CA8A00B46C5FB233F31A40728ACC1D20.e.312/enabled - {}
COMMAND: GET /session/ea2377afc02bbf13296b49c868bb39bc/screenshot - {}
RESULT: {}
COMMAND: POST /session/ea2377afc02bbf13296b49c868bb39bc/execute/sync - {"script":"<script> [8489 bytes]","args":[{"element-6066-11e4-a52e-4f735466cecf":"f.E22896224DAB0D107D3E889F8C0ECED7.d.CA8A00B46C5FB233F31A40728ACC1D20.e.312","ELEMENT":"f.E22896224DAB0D107D3E889F8C0ECED7.d.CA8A00B46C5FB233F31A40728ACC1D20.e.312"}]}
COMMAND: GET /session/ea2377afc02bbf13296b49c868bb39bc/screenshot - {}
RESULT: {}
RESULT: {"script":"<script> [8489 bytes]","args":[{"element-6066-11e4-a52e-4f735466cecf":"f.E22896224DAB0D107D3E889F8C0ECED7.d.CA8A00B46C5FB233F31A40728ACC1D20.e.312","ELEMENT":"f.E22896224DAB0D107D3E889F8C0ECED7.d.CA8A00B46C5FB233F31A40728ACC1D20.e.312"}]}
COMMAND: POST /session/ea2377afc02bbf13296b49c868bb39bc/execute/sync - {"script":"<script> [5351 bytes]","args":[{"element-6066-11e4-a52e-4f735466cecf":"f.E22896224DAB0D107D3E889F8C0ECED7.d.CA8A00B46C5FB233F31A40728ACC1D20.e.312","ELEMENT":"f.E22896224DAB0D107D3E889F8C0ECED7.d.CA8A00B46C5FB233F31A40728ACC1D20.e.312"}]}
COMMAND: GET /session/ea2377afc02bbf13296b49c868bb39bc/screenshot - {}
RESULT: {}
RESULT: {"script":"<script> [5351 bytes]","args":[{"element-6066-11e4-a52e-4f735466cecf":"f.E22896224DAB0D107D3E889F8C0ECED7.d.CA8A00B46C5FB233F31A40728ACC1D20.e.312","ELEMENT":"f.E22896224DAB0D107D3E889F8C0ECED7.d.CA8A00B46C5FB233F31A40728ACC1D20.e.312"}]}
COMMAND: POST /session/ea2377afc02bbf13296b49c868bb39bc/element/f.E22896224DAB0D107D3E889F8C0ECED7.d.CA8A00B46C5FB233F31A40728ACC1D20.e.312/click - {}
COMMAND: GET /session/ea2377afc02bbf13296b49c868bb39bc/screenshot - {}
RESULT: {}
RESULT: {}
COMMAND: GET /session/ea2377afc02bbf13296b49c868bb39bc/screenshot - {}
COMMAND: POST /session/ea2377afc02bbf13296b49c868bb39bc/element - {"using":"xpath","value":"//input[@id=\"application-manageyards-display-component---NewYard--yardId-inner\"]"}
RESULT: {}
RESULT: {}
RESULT: {"using":"xpath","value":"//input[@id=\"application-manageyards-display-component---NewYard--yardId-inner\"]"}
COMMAND: POST /session/ea2377afc02bbf13296b49c868bb39bc/element - {"using":"xpath","value":"//input[@id=\"application-manageyards-display-component---NewYard--yardId-inner\"]"}
RESULT: {"using":"xpath","value":"//input[@id=\"application-manageyards-display-component---NewYard--yardId-inner\"]"}
COMMAND: POST /session/ea2377afc02bbf13296b49c868bb39bc/execute/async - {"script":"<script> [1562 bytes]","args":[{"selector":{"id":"application-manageyards-display-component---NewYard--addressDetailDetailsName1","interaction":{"idSuffix":"inner"}},"wdio_ui5_key":"applicationmanageyards-display-component---NewYard--addressDetailDetailsName1"}]}
RESULT: {"script":"<script> [1562 bytes]","args":[{"selector":{"id":"application-manageyards-display-component---NewYard--addressDetailDetailsName1","interaction":{"idSuffix":"inner"}},"wdio_ui5_key":"applicationmanageyards-display-component---NewYard--addressDetailDetailsName1"}]}
RESULT: undefined
COMMAND: POST /session/ea2377afc02bbf13296b49c868bb39bc/execute/async - {"script":"<script> [776 bytes]","args":[{"enterText":"Intercompany Yard wdIO","selector":{"id":"application-manageyards-display-component---NewYard--addressDetailDetailsName1","interaction":{"idSuffix":"inner"}},"clearTextFirst":true,"interactionType":"ENTER_TEXT"}]}
RESULT: {"script":"<script> [776 bytes]","args":[{"enterText":"Intercompany Yard wdIO","selector":{"id":"application-manageyards-display-component---NewYard--addressDetailDetailsName1","interaction":{"idSuffix":"inner"}},"clearTextFirst":true,"interactionType":"ENTER_TEXT"}]}
COMMAND: POST /session/ea2377afc02bbf13296b49c868bb39bc/execute/async - {"script":"<script> [1562 bytes]","args":[{"selector":{"id":"application-manageyards-display-component---NewYard--addressDetailDetailsLanguage-arrow"},"wdio_ui5_key":"applicationmanageyards-display-component---NewYard--addressDetailDetailsLanguage-arrow"}]}
RESULT: {"script":"<script> [1562 bytes]","args":[{"selector":{"id":"application-manageyards-display-component---NewYard--addressDetailDetailsLanguage-arrow"},"wdio_ui5_key":"applicationmanageyards-display-component---NewYard--addressDetailDetailsLanguage-arrow"}]}
RESULT: undefined
COMMAND: POST /session/ea2377afc02bbf13296b49c868bb39bc/element - {"using":"xpath","value":"//*[@id=\"application-manageyards-display-component---NewYard--addressDetailDetailsLanguage-arrow\"]"}
RESULT: {"using":"xpath","value":"//*[@id=\"application-manageyards-display-component---NewYard--addressDetailDetailsLanguage-arrow\"]"}
COMMAND: POST /session/ea2377afc02bbf13296b49c868bb39bc/element/f.E22896224DAB0D107D3E889F8C0ECED7.d.CA8A00B46C5FB233F31A40728ACC1D20.e.744/click - {}
RESULT: {}
COMMAND: POST /session/ea2377afc02bbf13296b49c868bb39bc/element - {"using":"xpath","value":"//span[contains(text(), \"English\")]"}
COMMAND: GET /session/ea2377afc02bbf13296b49c868bb39bc/screenshot - {}
RESULT: {"using":"xpath","value":"//span[contains(text(), \"English\")]"}
COMMAND: POST /session/ea2377afc02bbf13296b49c868bb39bc/element/f.E22896224DAB0D107D3E889F8C0ECED7.d.CA8A00B46C5FB233F31A40728ACC1D20.e.745/click - {}
RESULT: {}
RESULT: {}
COMMAND: POST /session/ea2377afc02bbf13296b49c868bb39bc/execute/async - {"script":"<script> [1562 bytes]","args":[{"selector":{"id":"application-manageyards-display-component---NewYard--addressDetailDetailsCity1","interaction":{"idSuffix":"inner"}},"wdio_ui5_key":"applicationmanageyards-display-component---NewYard--addressDetailDetailsCity1"}]}
COMMAND: GET /session/ea2377afc02bbf13296b49c868bb39bc/screenshot - {}
RESULT: {"script":"<script> [1562 bytes]","args":[{"selector":{"id":"application-manageyards-display-component---NewYard--addressDetailDetailsCity1","interaction":{"idSuffix":"inner"}},"wdio_ui5_key":"applicationmanageyards-display-component---NewYard--addressDetailDetailsCity1"}]}
RESULT: undefined
COMMAND: POST /session/ea2377afc02bbf13296b49c868bb39bc/execute/async - {"script":"<script> [776 bytes]","args":[{"enterText":"Rosario","selector":{"id":"application-manageyards-display-component---NewYard--addressDetailDetailsCity1","interaction":{"idSuffix":"inner"}},"clearTextFirst":true,"interactionType":"ENTER_TEXT"}]}
RESULT: {}
RESULT: {"script":"<script> [776 bytes]","args":[{"enterText":"Rosario","selector":{"id":"application-manageyards-display-component---NewYard--addressDetailDetailsCity1","interaction":{"idSuffix":"inner"}},"clearTextFirst":true,"interactionType":"ENTER_TEXT"}]}
COMMAND: POST /session/ea2377afc02bbf13296b49c868bb39bc/execute/async - {"script":"<script> [1562 bytes]","args":[{"selector":{"id":"application-manageyards-display-component---NewYard--addressDetailDetailsCountry-arrow"},"wdio_ui5_key":"applicationmanageyards-display-component---NewYard--addressDetailDetailsCountry-arrow"}]}
RESULT: {"script":"<script> [1562 bytes]","args":[{"selector":{"id":"application-manageyards-display-component---NewYard--addressDetailDetailsCountry-arrow"},"wdio_ui5_key":"applicationmanageyards-display-component---NewYard--addressDetailDetailsCountry-arrow"}]}
RESULT: undefined
COMMAND: POST /session/ea2377afc02bbf13296b49c868bb39bc/element - {"using":"xpath","value":"//*[@id=\"application-manageyards-display-component---NewYard--addressDetailDetailsCountry-arrow\"]"}
RESULT: {"using":"xpath","value":"//*[@id=\"application-manageyards-display-component---NewYard--addressDetailDetailsCountry-arrow\"]"}
COMMAND: POST /session/ea2377afc02bbf13296b49c868bb39bc/element/f.E22896224DAB0D107D3E889F8C0ECED7.d.CA8A00B46C5FB233F31A40728ACC1D20.e.747/click - {}
RESULT: {}
COMMAND: POST /session/ea2377afc02bbf13296b49c868bb39bc/element - {"using":"xpath","value":"//span[contains(text(), \"Argentina\")]"}
COMMAND: GET /session/ea2377afc02bbf13296b49c868bb39bc/screenshot - {}
RESULT: {"using":"xpath","value":"//span[contains(text(), \"Argentina\")]"}
COMMAND: POST /session/ea2377afc02bbf13296b49c868bb39bc/element/f.E22896224DAB0D107D3E889F8C0ECED7.d.CA8A00B46C5FB233F31A40728ACC1D20.e.748/click - {}
RESULT: {}
RESULT: {}
COMMAND: POST /session/ea2377afc02bbf13296b49c868bb39bc/execute/async - {"script":"<script> [1562 bytes]","args":[{"selector":{"id":"application-manageyards-display-component---NewYard--addressEditDetailsCostObjectCstType-arrow"},"wdio_ui5_key":"applicationmanageyards-display-component---NewYard--addressEditDetailsCostObjectCstType-arrow"}]}
COMMAND: GET /session/ea2377afc02bbf13296b49c868bb39bc/screenshot - {}
RESULT: {"script":"<script> [1562 bytes]","args":[{"selector":{"id":"application-manageyards-display-component---NewYard--addressEditDetailsCostObjectCstType-arrow"},"wdio_ui5_key":"applicationmanageyards-display-component---NewYard--addressEditDetailsCostObjectCstType-arrow"}]}
RESULT: undefined
COMMAND: POST /session/ea2377afc02bbf13296b49c868bb39bc/element - {"using":"xpath","value":"//*[@id=\"application-manageyards-display-component---NewYard--addressEditDetailsCostObjectCstType-arrow\"]"}
RESULT: {}
RESULT: {"using":"xpath","value":"//*[@id=\"application-manageyards-display-component---NewYard--addressEditDetailsCostObjectCstType-arrow\"]"}
COMMAND: POST /session/ea2377afc02bbf13296b49c868bb39bc/element/f.E22896224DAB0D107D3E889F8C0ECED7.d.CA8A00B46C5FB233F31A40728ACC1D20.e.750/click - {}
RESULT: {}
COMMAND: POST /session/ea2377afc02bbf13296b49c868bb39bc/element - {"using":"xpath","value":"//span[contains(text(), \"Cost Center\")]"}
COMMAND: GET /session/ea2377afc02bbf13296b49c868bb39bc/screenshot - {}
RESULT: {"using":"xpath","value":"//span[contains(text(), \"Cost Center\")]"}
COMMAND: POST /session/ea2377afc02bbf13296b49c868bb39bc/element/f.E22896224DAB0D107D3E889F8C0ECED7.d.CA8A00B46C5FB233F31A40728ACC1D20.e.751/click - {}
RESULT: {}
RESULT: {}
COMMAND: GET /session/ea2377afc02bbf13296b49c868bb39bc/screenshot - {}
RESULT: {}
COMMAND: POST /session/ea2377afc02bbf13296b49c868bb39bc/element - {"using":"xpath","value":"//span[@id=\"application-manageyards-display-component---NewYard--addressNewCostObjectCstID-vhi\"]"}
RESULT: {"using":"xpath","value":"//span[@id=\"application-manageyards-display-component---NewYard--addressNewCostObjectCstID-vhi\"]"}
COMMAND: POST /session/ea2377afc02bbf13296b49c868bb39bc/execute/sync - {"script":"<script> [8489 bytes]","args":[{"element-6066-11e4-a52e-4f735466cecf":"f.E22896224DAB0D107D3E889F8C0ECED7.d.CA8A00B46C5FB233F31A40728ACC1D20.e.755","ELEMENT":"f.E22896224DAB0D107D3E889F8C0ECED7.d.CA8A00B46C5FB233F31A40728ACC1D20.e.755"}]}
RESULT: {"script":"<script> [8489 bytes]","args":[{"element-6066-11e4-a52e-4f735466cecf":"f.E22896224DAB0D107D3E889F8C0ECED7.d.CA8A00B46C5FB233F31A40728ACC1D20.e.755","ELEMENT":"f.E22896224DAB0D107D3E889F8C0ECED7.d.CA8A00B46C5FB233F31A40728ACC1D20.e.755"}]}
COMMAND: POST /session/ea2377afc02bbf13296b49c868bb39bc/execute/async - {"script":"<script> [1562 bytes]","args":[{"selector":{"id":"application-manageyards-display-component---NewYard--addressNewCostObjectCstID-vhi"},"wdio_ui5_key":"applicationmanageyards-display-component---NewYard--addressNewCostObjectCstID-vhi"}]}
COMMAND: GET /session/ea2377afc02bbf13296b49c868bb39bc/screenshot - {}
RESULT: {}
RESULT: {"script":"<script> [1562 bytes]","args":[{"selector":{"id":"application-manageyards-display-component---NewYard--addressNewCostObjectCstID-vhi"},"wdio_ui5_key":"applicationmanageyards-display-component---NewYard--addressNewCostObjectCstID-vhi"}]}
RESULT: undefined
COMMAND: POST /session/ea2377afc02bbf13296b49c868bb39bc/element - {"using":"xpath","value":"//*[@id=\"application-manageyards-display-component---NewYard--addressNewCostObjectCstID-vhi\"]"}
RESULT: {"using":"xpath","value":"//*[@id=\"application-manageyards-display-component---NewYard--addressNewCostObjectCstID-vhi\"]"}
COMMAND: POST /session/ea2377afc02bbf13296b49c868bb39bc/element/f.E22896224DAB0D107D3E889F8C0ECED7.d.CA8A00B46C5FB233F31A40728ACC1D20.e.755/click - {}
RESULT: {}
COMMAND: GET /session/ea2377afc02bbf13296b49c868bb39bc/screenshot - {}
RESULT: {}
COMMAND: POST /session/ea2377afc02bbf13296b49c868bb39bc/execute/async - {"script":"<script> [1562 bytes]","args":[{"selector":{"controlType":"sap.m.SearchField","properties":{"placeholder":"Search"},"searchOpenDialogs":true,"interaction":{"idSuffix":"I"}},"wdio_ui5_key":"sapm.SearchField{\"placeholder\":\"Search\"}"}]}
RESULT: {"script":"<script> [1562 bytes]","args":[{"selector":{"controlType":"sap.m.SearchField","properties":{"placeholder":"Search"},"searchOpenDialogs":true,"interaction":{"idSuffix":"I"}},"wdio_ui5_key":"sapm.SearchField{\"placeholder\":\"Search\"}"}]}
RESULT: undefined
COMMAND: POST /session/ea2377afc02bbf13296b49c868bb39bc/execute/async - {"script":"<script> [776 bytes]","args":[{"enterText":"bauh_b","selector":{"controlType":"sap.m.SearchField","properties":{"placeholder":"Search"},"searchOpenDialogs":true,"interaction":{"idSuffix":"I"}},"clearTextFirst":true,"interactionType":"ENTER_TEXT"}]}
RESULT: {"script":"<script> [776 bytes]","args":[{"enterText":"bauh_b","selector":{"controlType":"sap.m.SearchField","properties":{"placeholder":"Search"},"searchOpenDialogs":true,"interaction":{"idSuffix":"I"}},"clearTextFirst":true,"interactionType":"ENTER_TEXT"}]}
COMMAND: POST /session/ea2377afc02bbf13296b49c868bb39bc/actions - {"actions":[{"id":"action1","type":"key","parameters":{},"actions":[{"type":"keyDown","value":"î€‡"},{"type":"pause","duration":10},{"type":"keyUp","value":"î€‡"}]}]}
RESULT: {"actions":[{"id":"action1","type":"key","parameters":{},"actions":[{"type":"keyDown","value":"î€‡"},{"type":"pause","duration":10},{"type":"keyUp","value":"î€‡"}]}]}
COMMAND: GET /session/ea2377afc02bbf13296b49c868bb39bc/screenshot - {}
RESULT: {}
COMMAND: POST /session/ea2377afc02bbf13296b49c868bb39bc/element - {"using":"xpath","value":"//span[contains(text(), \"Demo Yard\")]"}
RESULT: {"using":"xpath","value":"//span[contains(text(), \"Demo Yard\")]"}
COMMAND: POST /session/ea2377afc02bbf13296b49c868bb39bc/element/f.E22896224DAB0D107D3E889F8C0ECED7.d.CA8A00B46C5FB233F31A40728ACC1D20.e.796/click - {}
RESULT: {}
COMMAND: GET /session/ea2377afc02bbf13296b49c868bb39bc/screenshot - {}
RESULT: {}
COMMAND: POST /session/ea2377afc02bbf13296b49c868bb39bc/element - {"using":"xpath","value":"//bdi[contains(text(), \"OK\")]"}
RESULT: {"using":"xpath","value":"//bdi[contains(text(), \"OK\")]"}
COMMAND: POST /session/ea2377afc02bbf13296b49c868bb39bc/element/f.E22896224DAB0D107D3E889F8C0ECED7.d.CA8A00B46C5FB233F31A40728ACC1D20.e.797/click - {}
RESULT: {}
COMMAND: GET /session/ea2377afc02bbf13296b49c868bb39bc/screenshot - {}
RESULT: {}
COMMAND: POST /session/ea2377afc02bbf13296b49c868bb39bc/execute/async - {"script":"<script> [1562 bytes]","args":[{"selector":{"id":"application-manageyards-display-component---NewYard--addressEditDetailsCurrency-arrow"},"wdio_ui5_key":"applicationmanageyards-display-component---NewYard--addressEditDetailsCurrency-arrow"}]}
RESULT: {"script":"<script> [1562 bytes]","args":[{"selector":{"id":"application-manageyards-display-component---NewYard--addressEditDetailsCurrency-arrow"},"wdio_ui5_key":"applicationmanageyards-display-component---NewYard--addressEditDetailsCurrency-arrow"}]}
RESULT: undefined
COMMAND: POST /session/ea2377afc02bbf13296b49c868bb39bc/element - {"using":"xpath","value":"//*[@id=\"application-manageyards-display-component---NewYard--addressEditDetailsCurrency-arrow\"]"}
RESULT: {"using":"xpath","value":"//*[@id=\"application-manageyards-display-component---NewYard--addressEditDetailsCurrency-arrow\"]"}
COMMAND: POST /session/ea2377afc02bbf13296b49c868bb39bc/element/f.E22896224DAB0D107D3E889F8C0ECED7.d.CA8A00B46C5FB233F31A40728ACC1D20.e.800/click - {}
RESULT: {}
COMMAND: POST /session/ea2377afc02bbf13296b49c868bb39bc/element - {"using":"xpath","value":"//span[contains(text(), \"Euro\")]"}
COMMAND: GET /session/ea2377afc02bbf13296b49c868bb39bc/screenshot - {}
RESULT: {"using":"xpath","value":"//span[contains(text(), \"Euro\")]"}
COMMAND: POST /session/ea2377afc02bbf13296b49c868bb39bc/element/f.E22896224DAB0D107D3E889F8C0ECED7.d.CA8A00B46C5FB233F31A40728ACC1D20.e.801/click - {}
RESULT: {}
RESULT: {}
COMMAND: POST /session/ea2377afc02bbf13296b49c868bb39bc/execute/async - {"script":"<script> [1562 bytes]","args":[{"selector":{"controlType":"sap.m.Input","viewName":"etm.portal.ui.manageyards.view.New","viewId":"application-manageyards-display-component---NewYard","bindingPath":{"path":"","propertyPath":"/CONTROLLING_AREA","modelName":"NewYardModel"},"interaction":{"idSuffix":"inner"}},"wdio_ui5_key":"etmportal.ui.manageyards.view.Newsap.m.Input{\"path\":\"\",\"propertyPath\":\"/CONTROLLING_AREA\",\"modelName\":\"NewYardModel\"}"}]}
COMMAND: GET /session/ea2377afc02bbf13296b49c868bb39bc/screenshot - {}
RESULT: {"script":"<script> [1562 bytes]","args":[{"selector":{"controlType":"sap.m.Input","viewName":"etm.portal.ui.manageyards.view.New","viewId":"application-manageyards-display-component---NewYard","bindingPath":{"path":"","propertyPath":"/CONTROLLING_AREA","modelName":"NewYardModel"},"interaction":{"idSuffix":"inner"}},"wdio_ui5_key":"etmportal.ui.manageyards.view.Newsap.m.Input{\"path\":\"\",\"propertyPath\":\"/CONTROLLING_AREA\",\"modelName\":\"NewYardModel\"}"}]}
RESULT: undefined
COMMAND: POST /session/ea2377afc02bbf13296b49c868bb39bc/execute/async - {"script":"<script> [776 bytes]","args":[{"enterText":"Z001","selector":{"controlType":"sap.m.Input","viewName":"etm.portal.ui.manageyards.view.New","viewId":"application-manageyards-display-component---NewYard","bindingPath":{"path":"","propertyPath":"/CONTROLLING_AREA","modelName":"NewYardModel"},"interaction":{"idSuffix":"inner"}},"clearTextFirst":true,"interactionType":"ENTER_TEXT"}]}
RESULT: {}
RESULT: {"script":"<script> [776 bytes]","args":[{"enterText":"Z001","selector":{"controlType":"sap.m.Input","viewName":"etm.portal.ui.manageyards.view.New","viewId":"application-manageyards-display-component---NewYard","bindingPath":{"path":"","propertyPath":"/CONTROLLING_AREA","modelName":"NewYardModel"},"interaction":{"idSuffix":"inner"}},"clearTextFirst":true,"interactionType":"ENTER_TEXT"}]}
COMMAND: POST /session/ea2377afc02bbf13296b49c868bb39bc/execute/async - {"script":"<script> [1562 bytes]","args":[{"selector":{"id":"application-manageyards-display-component---NewYard--companyCodeComboBox","interaction":{"idSuffix":"inner"}},"wdio_ui5_key":"applicationmanageyards-display-component---NewYard--companyCodeComboBox"}]}
RESULT: {"script":"<script> [1562 bytes]","args":[{"selector":{"id":"application-manageyards-display-component---NewYard--companyCodeComboBox","interaction":{"idSuffix":"inner"}},"wdio_ui5_key":"applicationmanageyards-display-component---NewYard--companyCodeComboBox"}]}
RESULT: undefined
COMMAND: POST /session/ea2377afc02bbf13296b49c868bb39bc/execute/async - {"script":"<script> [776 bytes]","args":[{"enterText":"1000","selector":{"id":"application-manageyards-display-component---NewYard--companyCodeComboBox","interaction":{"idSuffix":"inner"}},"clearTextFirst":true,"interactionType":"ENTER_TEXT"}]}
RESULT: {"script":"<script> [776 bytes]","args":[{"enterText":"1000","selector":{"id":"application-manageyards-display-component---NewYard--companyCodeComboBox","interaction":{"idSuffix":"inner"}},"clearTextFirst":true,"interactionType":"ENTER_TEXT"}]}
RESULT: undefined
RESULT: undefined
COMMAND: POST /session/ea2377afc02bbf13296b49c868bb39bc/execute/async - {"script":"<script> [1562 bytes]","args":[{"selector":{"controlType":"sap.m.Input","viewName":"etm.portal.ui.manageyards.view.New","viewId":"application-manageyards-display-component---NewYard","bindingPath":{"path":"","propertyPath":"/PLANT","modelName":"NewYardModel"},"interaction":{"idSuffix":"inner"}},"wdio_ui5_key":"etmportal.ui.manageyards.view.Newsap.m.Input{\"path\":\"\",\"propertyPath\":\"/PLANT\",\"modelName\":\"NewYardModel\"}"}]}
RESULT: {"script":"<script> [1562 bytes]","args":[{"selector":{"controlType":"sap.m.Input","viewName":"etm.portal.ui.manageyards.view.New","viewId":"application-manageyards-display-component---NewYard","bindingPath":{"path":"","propertyPath":"/PLANT","modelName":"NewYardModel"},"interaction":{"idSuffix":"inner"}},"wdio_ui5_key":"etmportal.ui.manageyards.view.Newsap.m.Input{\"path\":\"\",\"propertyPath\":\"/PLANT\",\"modelName\":\"NewYardModel\"}"}]}
RESULT: undefined
COMMAND: POST /session/ea2377afc02bbf13296b49c868bb39bc/execute/async - {"script":"<script> [776 bytes]","args":[{"enterText":"1001","selector":{"controlType":"sap.m.Input","viewName":"etm.portal.ui.manageyards.view.New","viewId":"application-manageyards-display-component---NewYard","bindingPath":{"path":"","propertyPath":"/PLANT","modelName":"NewYardModel"},"interaction":{"idSuffix":"inner"}},"clearTextFirst":true,"interactionType":"ENTER_TEXT"}]}
RESULT: {"script":"<script> [776 bytes]","args":[{"enterText":"1001","selector":{"controlType":"sap.m.Input","viewName":"etm.portal.ui.manageyards.view.New","viewId":"application-manageyards-display-component---NewYard","bindingPath":{"path":"","propertyPath":"/PLANT","modelName":"NewYardModel"},"interaction":{"idSuffix":"inner"}},"clearTextFirst":true,"interactionType":"ENTER_TEXT"}]}
COMMAND: POST /session/ea2377afc02bbf13296b49c868bb39bc/execute/async - {"script":"<script> [1562 bytes]","args":[{"selector":{"controlType":"sap.m.Input","viewName":"etm.portal.ui.manageyards.view.New","viewId":"application-manageyards-display-component---NewYard","bindingPath":{"path":"","propertyPath":"/SALES_AREA_VKORG","modelName":"NewYardModel"},"interaction":{"idSuffix":"inner"}},"wdio_ui5_key":"etmportal.ui.manageyards.view.Newsap.m.Input{\"path\":\"\",\"propertyPath\":\"/SALES_AREA_VKORG\",\"modelName\":\"NewYardModel\"}"}]}
RESULT: {"script":"<script> [1562 bytes]","args":[{"selector":{"controlType":"sap.m.Input","viewName":"etm.portal.ui.manageyards.view.New","viewId":"application-manageyards-display-component---NewYard","bindingPath":{"path":"","propertyPath":"/SALES_AREA_VKORG","modelName":"NewYardModel"},"interaction":{"idSuffix":"inner"}},"wdio_ui5_key":"etmportal.ui.manageyards.view.Newsap.m.Input{\"path\":\"\",\"propertyPath\":\"/SALES_AREA_VKORG\",\"modelName\":\"NewYardModel\"}"}]}
RESULT: undefined
COMMAND: POST /session/ea2377afc02bbf13296b49c868bb39bc/execute/async - {"script":"<script> [776 bytes]","args":[{"enterText":"C002","selector":{"controlType":"sap.m.Input","viewName":"etm.portal.ui.manageyards.view.New","viewId":"application-manageyards-display-component---NewYard","bindingPath":{"path":"","propertyPath":"/SALES_AREA_VKORG","modelName":"NewYardModel"},"interaction":{"idSuffix":"inner"}},"clearTextFirst":true,"interactionType":"ENTER_TEXT"}]}
RESULT: {"script":"<script> [776 bytes]","args":[{"enterText":"C002","selector":{"controlType":"sap.m.Input","viewName":"etm.portal.ui.manageyards.view.New","viewId":"application-manageyards-display-component---NewYard","bindingPath":{"path":"","propertyPath":"/SALES_AREA_VKORG","modelName":"NewYardModel"},"interaction":{"idSuffix":"inner"}},"clearTextFirst":true,"interactionType":"ENTER_TEXT"}]}
COMMAND: POST /session/ea2377afc02bbf13296b49c868bb39bc/execute/async - {"script":"<script> [1562 bytes]","args":[{"selector":{"controlType":"sap.m.Input","viewName":"etm.portal.ui.manageyards.view.New","viewId":"application-manageyards-display-component---NewYard","bindingPath":{"path":"","propertyPath":"/SALES_AREA_VTWEG","modelName":"NewYardModel"},"interaction":{"idSuffix":"inner"}},"wdio_ui5_key":"etmportal.ui.manageyards.view.Newsap.m.Input{\"path\":\"\",\"propertyPath\":\"/SALES_AREA_VTWEG\",\"modelName\":\"NewYardModel\"}"}]}
RESULT: {"script":"<script> [1562 bytes]","args":[{"selector":{"controlType":"sap.m.Input","viewName":"etm.portal.ui.manageyards.view.New","viewId":"application-manageyards-display-component---NewYard","bindingPath":{"path":"","propertyPath":"/SALES_AREA_VTWEG","modelName":"NewYardModel"},"interaction":{"idSuffix":"inner"}},"wdio_ui5_key":"etmportal.ui.manageyards.view.Newsap.m.Input{\"path\":\"\",\"propertyPath\":\"/SALES_AREA_VTWEG\",\"modelName\":\"NewYardModel\"}"}]}
RESULT: undefined
COMMAND: POST /session/ea2377afc02bbf13296b49c868bb39bc/execute/async - {"script":"<script> [776 bytes]","args":[{"enterText":"C2","selector":{"controlType":"sap.m.Input","viewName":"etm.portal.ui.manageyards.view.New","viewId":"application-manageyards-display-component---NewYard","bindingPath":{"path":"","propertyPath":"/SALES_AREA_VTWEG","modelName":"NewYardModel"},"interaction":{"idSuffix":"inner"}},"clearTextFirst":true,"interactionType":"ENTER_TEXT"}]}
RESULT: {"script":"<script> [776 bytes]","args":[{"enterText":"C2","selector":{"controlType":"sap.m.Input","viewName":"etm.portal.ui.manageyards.view.New","viewId":"application-manageyards-display-component---NewYard","bindingPath":{"path":"","propertyPath":"/SALES_AREA_VTWEG","modelName":"NewYardModel"},"interaction":{"idSuffix":"inner"}},"clearTextFirst":true,"interactionType":"ENTER_TEXT"}]}
COMMAND: POST /session/ea2377afc02bbf13296b49c868bb39bc/execute/async - {"script":"<script> [1562 bytes]","args":[{"selector":{"controlType":"sap.m.Input","viewName":"etm.portal.ui.manageyards.view.New","viewId":"application-manageyards-display-component---NewYard","bindingPath":{"path":"","propertyPath":"/SALES_AREA_SPART","modelName":"NewYardModel"},"interaction":{"idSuffix":"inner"}},"wdio_ui5_key":"etmportal.ui.manageyards.view.Newsap.m.Input{\"path\":\"\",\"propertyPath\":\"/SALES_AREA_SPART\",\"modelName\":\"NewYardModel\"}"}]}
RESULT: {"script":"<script> [1562 bytes]","args":[{"selector":{"controlType":"sap.m.Input","viewName":"etm.portal.ui.manageyards.view.New","viewId":"application-manageyards-display-component---NewYard","bindingPath":{"path":"","propertyPath":"/SALES_AREA_SPART","modelName":"NewYardModel"},"interaction":{"idSuffix":"inner"}},"wdio_ui5_key":"etmportal.ui.manageyards.view.Newsap.m.Input{\"path\":\"\",\"propertyPath\":\"/SALES_AREA_SPART\",\"modelName\":\"NewYardModel\"}"}]}
RESULT: undefined
COMMAND: POST /session/ea2377afc02bbf13296b49c868bb39bc/execute/async - {"script":"<script> [776 bytes]","args":[{"enterText":"C2","selector":{"controlType":"sap.m.Input","viewName":"etm.portal.ui.manageyards.view.New","viewId":"application-manageyards-display-component---NewYard","bindingPath":{"path":"","propertyPath":"/SALES_AREA_SPART","modelName":"NewYardModel"},"interaction":{"idSuffix":"inner"}},"clearTextFirst":true,"interactionType":"ENTER_TEXT"}]}
RESULT: {"script":"<script> [776 bytes]","args":[{"enterText":"C2","selector":{"controlType":"sap.m.Input","viewName":"etm.portal.ui.manageyards.view.New","viewId":"application-manageyards-display-component---NewYard","bindingPath":{"path":"","propertyPath":"/SALES_AREA_SPART","modelName":"NewYardModel"},"interaction":{"idSuffix":"inner"}},"clearTextFirst":true,"interactionType":"ENTER_TEXT"}]}
COMMAND: POST /session/ea2377afc02bbf13296b49c868bb39bc/execute/async - {"script":"<script> [1562 bytes]","args":[{"selector":{"controlType":"sap.m.Input","viewName":"etm.portal.ui.manageyards.view.New","viewId":"application-manageyards-display-component---NewYard","bindingPath":{"path":"","propertyPath":"/SHIP_POINT","modelName":"NewYardModel"},"interaction":{"idSuffix":"inner"}},"wdio_ui5_key":"etmportal.ui.manageyards.view.Newsap.m.Input{\"path\":\"\",\"propertyPath\":\"/SHIP_POINT\",\"modelName\":\"NewYardModel\"}"}]}
RESULT: {"script":"<script> [1562 bytes]","args":[{"selector":{"controlType":"sap.m.Input","viewName":"etm.portal.ui.manageyards.view.New","viewId":"application-manageyards-display-component---NewYard","bindingPath":{"path":"","propertyPath":"/SHIP_POINT","modelName":"NewYardModel"},"interaction":{"idSuffix":"inner"}},"wdio_ui5_key":"etmportal.ui.manageyards.view.Newsap.m.Input{\"path\":\"\",\"propertyPath\":\"/SHIP_POINT\",\"modelName\":\"NewYardModel\"}"}]}
RESULT: undefined
COMMAND: POST /session/ea2377afc02bbf13296b49c868bb39bc/execute/async - {"script":"<script> [776 bytes]","args":[{"enterText":"1710","selector":{"controlType":"sap.m.Input","viewName":"etm.portal.ui.manageyards.view.New","viewId":"application-manageyards-display-component---NewYard","bindingPath":{"path":"","propertyPath":"/SHIP_POINT","modelName":"NewYardModel"},"interaction":{"idSuffix":"inner"}},"clearTextFirst":true,"interactionType":"ENTER_TEXT"}]}
RESULT: {"script":"<script> [776 bytes]","args":[{"enterText":"1710","selector":{"controlType":"sap.m.Input","viewName":"etm.portal.ui.manageyards.view.New","viewId":"application-manageyards-display-component---NewYard","bindingPath":{"path":"","propertyPath":"/SHIP_POINT","modelName":"NewYardModel"},"interaction":{"idSuffix":"inner"}},"clearTextFirst":true,"interactionType":"ENTER_TEXT"}]}
COMMAND: POST /session/ea2377afc02bbf13296b49c868bb39bc/execute/async - {"script":"<script> [1562 bytes]","args":[{"selector":{"controlType":"sap.m.Input","viewName":"etm.portal.ui.manageyards.view.New","viewId":"application-manageyards-display-component---NewYard","bindingPath":{"path":"","propertyPath":"/DELIVERY_TYPE","modelName":"NewYardModel"},"interaction":{"idSuffix":"inner"}},"wdio_ui5_key":"etmportal.ui.manageyards.view.Newsap.m.Input{\"path\":\"\",\"propertyPath\":\"/DELIVERY_TYPE\",\"modelName\":\"NewYardModel\"}"}]}
RESULT: {"script":"<script> [1562 bytes]","args":[{"selector":{"controlType":"sap.m.Input","viewName":"etm.portal.ui.manageyards.view.New","viewId":"application-manageyards-display-component---NewYard","bindingPath":{"path":"","propertyPath":"/DELIVERY_TYPE","modelName":"NewYardModel"},"interaction":{"idSuffix":"inner"}},"wdio_ui5_key":"etmportal.ui.manageyards.view.Newsap.m.Input{\"path\":\"\",\"propertyPath\":\"/DELIVERY_TYPE\",\"modelName\":\"NewYardModel\"}"}]}
RESULT: undefined
COMMAND: POST /session/ea2377afc02bbf13296b49c868bb39bc/execute/async - {"script":"<script> [776 bytes]","args":[{"enterText":"ZL01","selector":{"controlType":"sap.m.Input","viewName":"etm.portal.ui.manageyards.view.New","viewId":"application-manageyards-display-component---NewYard","bindingPath":{"path":"","propertyPath":"/DELIVERY_TYPE","modelName":"NewYardModel"},"interaction":{"idSuffix":"inner"}},"clearTextFirst":true,"interactionType":"ENTER_TEXT"}]}
RESULT: {"script":"<script> [776 bytes]","args":[{"enterText":"ZL01","selector":{"controlType":"sap.m.Input","viewName":"etm.portal.ui.manageyards.view.New","viewId":"application-manageyards-display-component---NewYard","bindingPath":{"path":"","propertyPath":"/DELIVERY_TYPE","modelName":"NewYardModel"},"interaction":{"idSuffix":"inner"}},"clearTextFirst":true,"interactionType":"ENTER_TEXT"}]}
COMMAND: POST /session/ea2377afc02bbf13296b49c868bb39bc/execute/async - {"script":"<script> [1562 bytes]","args":[{"selector":{"controlType":"sap.m.Input","viewName":"etm.portal.ui.manageyards.view.New","viewId":"application-manageyards-display-component---NewYard","bindingPath":{"path":"","propertyPath":"/AUART","modelName":"NewYardModel"},"interaction":{"idSuffix":"inner"}},"wdio_ui5_key":"etmportal.ui.manageyards.view.Newsap.m.Input{\"path\":\"\",\"propertyPath\":\"/AUART\",\"modelName\":\"NewYardModel\"}"}]}
RESULT: {"script":"<script> [1562 bytes]","args":[{"selector":{"controlType":"sap.m.Input","viewName":"etm.portal.ui.manageyards.view.New","viewId":"application-manageyards-display-component---NewYard","bindingPath":{"path":"","propertyPath":"/AUART","modelName":"NewYardModel"},"interaction":{"idSuffix":"inner"}},"wdio_ui5_key":"etmportal.ui.manageyards.view.Newsap.m.Input{\"path\":\"\",\"propertyPath\":\"/AUART\",\"modelName\":\"NewYardModel\"}"}]}
RESULT: undefined
COMMAND: POST /session/ea2377afc02bbf13296b49c868bb39bc/execute/async - {"script":"<script> [776 bytes]","args":[{"enterText":"TA","selector":{"controlType":"sap.m.Input","viewName":"etm.portal.ui.manageyards.view.New","viewId":"application-manageyards-display-component---NewYard","bindingPath":{"path":"","propertyPath":"/AUART","modelName":"NewYardModel"},"interaction":{"idSuffix":"inner"}},"clearTextFirst":true,"interactionType":"ENTER_TEXT"}]}
RESULT: {"script":"<script> [776 bytes]","args":[{"enterText":"TA","selector":{"controlType":"sap.m.Input","viewName":"etm.portal.ui.manageyards.view.New","viewId":"application-manageyards-display-component---NewYard","bindingPath":{"path":"","propertyPath":"/AUART","modelName":"NewYardModel"},"interaction":{"idSuffix":"inner"}},"clearTextFirst":true,"interactionType":"ENTER_TEXT"}]}
COMMAND: POST /session/ea2377afc02bbf13296b49c868bb39bc/element - {"using":"xpath","value":"//button[@data-kt=\"newYardSaveButton\"]"}
RESULT: {"using":"xpath","value":"//button[@data-kt=\"newYardSaveButton\"]"}
COMMAND: POST /session/ea2377afc02bbf13296b49c868bb39bc/element/f.E22896224DAB0D107D3E889F8C0ECED7.d.CA8A00B46C5FB233F31A40728ACC1D20.e.705/click - {}
RESULT: {}
COMMAND: GET /session/ea2377afc02bbf13296b49c868bb39bc/screenshot - {}
RESULT: {}
COMMAND: POST /session/ea2377afc02bbf13296b49c868bb39bc/element - {"using":"xpath","value":"//header[contains(@id, 'ObjectPageLayout-headerTitle')]/div[1]/div[2]/div[1]/span[1]"}
RESULT: {"using":"xpath","value":"//header[contains(@id, 'ObjectPageLayout-headerTitle')]/div[1]/div[2]/div[1]/span[1]"}
COMMAND: POST /session/ea2377afc02bbf13296b49c868bb39bc/elements - {"using":"xpath","value":"//header[contains(@id, 'ObjectPageLayout-headerTitle')]/div[1]/div[2]/div[1]/span[1]"}
RESULT: {"using":"xpath","value":"//header[contains(@id, 'ObjectPageLayout-headerTitle')]/div[1]/div[2]/div[1]/span[1]"}
COMMAND: POST /session/ea2377afc02bbf13296b49c868bb39bc/execute/sync - {"script":"<script> [56 bytes]","args":[{"element-6066-11e4-a52e-4f735466cecf":"f.E22896224DAB0D107D3E889F8C0ECED7.d.CA8A00B46C5FB233F31A40728ACC1D20.e.1031","ELEMENT":"f.E22896224DAB0D107D3E889F8C0ECED7.d.CA8A00B46C5FB233F31A40728ACC1D20.e.1031"}]}
RESULT: {"script":"<script> [56 bytes]","args":[{"element-6066-11e4-a52e-4f735466cecf":"f.E22896224DAB0D107D3E889F8C0ECED7.d.CA8A00B46C5FB233F31A40728ACC1D20.e.1031","ELEMENT":"f.E22896224DAB0D107D3E889F8C0ECED7.d.CA8A00B46C5FB233F31A40728ACC1D20.e.1031"}]}
COMMAND: GET /session/ea2377afc02bbf13296b49c868bb39bc/screenshot - {}
RESULT: {}
COMMAND: POST /session/ea2377afc02bbf13296b49c868bb39bc/element - {"using":"css selector","value":"#shell-header-logo"}
RESULT: {"using":"css selector","value":"#shell-header-logo"}
COMMAND: POST /session/ea2377afc02bbf13296b49c868bb39bc/element/f.E22896224DAB0D107D3E889F8C0ECED7.d.CA8A00B46C5FB233F31A40728ACC1D20.e.282/click - {}
RESULT: {}
COMMAND: GET /session/ea2377afc02bbf13296b49c868bb39bc/screenshot - {}
RESULT: {}
COMMAND: POST /session/ea2377afc02bbf13296b49c868bb39bc/execute/sync - {"script":"<script> [299 bytes]","args":[["getModel","getResource"]]}
RESULT: {"script":"<script> [299 bytes]","args":[["getModel","getResource"]]}
]]></system-out>
    </testcase>
    <testcase classname="chrome.136_0_7103_93.windows.Billing_Transfer_-_Master_data_&amp;_Intercompany_US127250" name="Should create a new partner" time="149.157">
      <system-out><![CDATA[
COMMAND: POST /session/ea2377afc02bbf13296b49c868bb39bc/window/fullscreen - {}
COMMAND: GET /session/ea2377afc02bbf13296b49c868bb39bc/screenshot - {}
RESULT: {}
COMMAND: POST /session/ea2377afc02bbf13296b49c868bb39bc/execute/async - {"script":"<script> [1562 bytes]","args":[{"selector":{"controlType":"sap.m.GenericTile","properties":{"header":"Manage Partners"}},"wdio_ui5_key":"sapm.GenericTile{\"header\":\"Manage Partners\"}"}]}
RESULT: {}
RESULT: {"script":"<script> [1562 bytes]","args":[{"selector":{"controlType":"sap.m.GenericTile","properties":{"header":"Manage Partners"}},"wdio_ui5_key":"sapm.GenericTile{\"header\":\"Manage Partners\"}"}]}
RESULT: undefined
COMMAND: POST /session/ea2377afc02bbf13296b49c868bb39bc/element - {"using":"xpath","value":"//*[@id=\"__tile38\"]"}
RESULT: {"using":"xpath","value":"//*[@id=\"__tile38\"]"}
COMMAND: POST /session/ea2377afc02bbf13296b49c868bb39bc/element/f.E22896224DAB0D107D3E889F8C0ECED7.d.CA8A00B46C5FB233F31A40728ACC1D20.e.168/click - {}
RESULT: {}
COMMAND: GET /session/ea2377afc02bbf13296b49c868bb39bc/screenshot - {}
RESULT: {}
COMMAND: POST /session/ea2377afc02bbf13296b49c868bb39bc/elements - {"using":"xpath","value":"//span[text()='Error']"}
RESULT: {"using":"xpath","value":"//span[text()='Error']"}
COMMAND: POST /session/ea2377afc02bbf13296b49c868bb39bc/element - {"using":"xpath","value":"//button[@data-kt=\"addButton\"]"}
RESULT: {"using":"xpath","value":"//button[@data-kt=\"addButton\"]"}
COMMAND: POST /session/ea2377afc02bbf13296b49c868bb39bc/elements - {"using":"xpath","value":"//button[@data-kt=\"addButton\"]"}
RESULT: {"using":"xpath","value":"//button[@data-kt=\"addButton\"]"}
COMMAND: POST /session/ea2377afc02bbf13296b49c868bb39bc/elements - {"using":"xpath","value":"//button[@data-kt=\"addButton\"]"}
RESULT: {"using":"xpath","value":"//button[@data-kt=\"addButton\"]"}
COMMAND: POST /session/ea2377afc02bbf13296b49c868bb39bc/elements - {"using":"xpath","value":"//button[@data-kt=\"addButton\"]"}
RESULT: {"using":"xpath","value":"//button[@data-kt=\"addButton\"]"}
COMMAND: POST /session/ea2377afc02bbf13296b49c868bb39bc/element - {"using":"xpath","value":"//button[@data-kt=\"addButton\"]"}
RESULT: {"using":"xpath","value":"//button[@data-kt=\"addButton\"]"}
COMMAND: POST /session/ea2377afc02bbf13296b49c868bb39bc/execute/sync - {"script":"<script> [8489 bytes]","args":[{"element-6066-11e4-a52e-4f735466cecf":"f.E22896224DAB0D107D3E889F8C0ECED7.d.CA8A00B46C5FB233F31A40728ACC1D20.e.1068","ELEMENT":"f.E22896224DAB0D107D3E889F8C0ECED7.d.CA8A00B46C5FB233F31A40728ACC1D20.e.1068"}]}
RESULT: {"script":"<script> [8489 bytes]","args":[{"element-6066-11e4-a52e-4f735466cecf":"f.E22896224DAB0D107D3E889F8C0ECED7.d.CA8A00B46C5FB233F31A40728ACC1D20.e.1068","ELEMENT":"f.E22896224DAB0D107D3E889F8C0ECED7.d.CA8A00B46C5FB233F31A40728ACC1D20.e.1068"}]}
COMMAND: GET /session/ea2377afc02bbf13296b49c868bb39bc/element/f.E22896224DAB0D107D3E889F8C0ECED7.d.CA8A00B46C5FB233F31A40728ACC1D20.e.1068/enabled - {}
COMMAND: GET /session/ea2377afc02bbf13296b49c868bb39bc/screenshot - {}
RESULT: {}
COMMAND: POST /session/ea2377afc02bbf13296b49c868bb39bc/execute/sync - {"script":"<script> [8489 bytes]","args":[{"element-6066-11e4-a52e-4f735466cecf":"f.E22896224DAB0D107D3E889F8C0ECED7.d.CA8A00B46C5FB233F31A40728ACC1D20.e.1068","ELEMENT":"f.E22896224DAB0D107D3E889F8C0ECED7.d.CA8A00B46C5FB233F31A40728ACC1D20.e.1068"}]}
COMMAND: GET /session/ea2377afc02bbf13296b49c868bb39bc/screenshot - {}
RESULT: {}
RESULT: {"script":"<script> [8489 bytes]","args":[{"element-6066-11e4-a52e-4f735466cecf":"f.E22896224DAB0D107D3E889F8C0ECED7.d.CA8A00B46C5FB233F31A40728ACC1D20.e.1068","ELEMENT":"f.E22896224DAB0D107D3E889F8C0ECED7.d.CA8A00B46C5FB233F31A40728ACC1D20.e.1068"}]}
COMMAND: POST /session/ea2377afc02bbf13296b49c868bb39bc/execute/sync - {"script":"<script> [5351 bytes]","args":[{"element-6066-11e4-a52e-4f735466cecf":"f.E22896224DAB0D107D3E889F8C0ECED7.d.CA8A00B46C5FB233F31A40728ACC1D20.e.1068","ELEMENT":"f.E22896224DAB0D107D3E889F8C0ECED7.d.CA8A00B46C5FB233F31A40728ACC1D20.e.1068"}]}
COMMAND: GET /session/ea2377afc02bbf13296b49c868bb39bc/screenshot - {}
RESULT: {}
RESULT: {"script":"<script> [5351 bytes]","args":[{"element-6066-11e4-a52e-4f735466cecf":"f.E22896224DAB0D107D3E889F8C0ECED7.d.CA8A00B46C5FB233F31A40728ACC1D20.e.1068","ELEMENT":"f.E22896224DAB0D107D3E889F8C0ECED7.d.CA8A00B46C5FB233F31A40728ACC1D20.e.1068"}]}
COMMAND: POST /session/ea2377afc02bbf13296b49c868bb39bc/element/f.E22896224DAB0D107D3E889F8C0ECED7.d.CA8A00B46C5FB233F31A40728ACC1D20.e.1068/click - {}
COMMAND: GET /session/ea2377afc02bbf13296b49c868bb39bc/screenshot - {}
RESULT: {}
RESULT: {}
COMMAND: GET /session/ea2377afc02bbf13296b49c868bb39bc/screenshot - {}
COMMAND: POST /session/ea2377afc02bbf13296b49c868bb39bc/execute/async - {"script":"<script> [1562 bytes]","args":[{"selector":{"id":"application-managepartners-display-component---NewPartner--addressDetailDetailsName1","interaction":{"idSuffix":"inner"}},"wdio_ui5_key":"applicationmanagepartners-display-component---NewPartner--addressDetailDetailsName1"}]}
RESULT: {}
RESULT: {}
RESULT: {"script":"<script> [1562 bytes]","args":[{"selector":{"id":"application-managepartners-display-component---NewPartner--addressDetailDetailsName1","interaction":{"idSuffix":"inner"}},"wdio_ui5_key":"applicationmanagepartners-display-component---NewPartner--addressDetailDetailsName1"}]}
RESULT: undefined
COMMAND: POST /session/ea2377afc02bbf13296b49c868bb39bc/execute/async - {"script":"<script> [776 bytes]","args":[{"enterText":"Intercompany Partner WDIO","selector":{"id":"application-managepartners-display-component---NewPartner--addressDetailDetailsName1","interaction":{"idSuffix":"inner"}},"clearTextFirst":true,"interactionType":"ENTER_TEXT"}]}
RESULT: {"script":"<script> [776 bytes]","args":[{"enterText":"Intercompany Partner WDIO","selector":{"id":"application-managepartners-display-component---NewPartner--addressDetailDetailsName1","interaction":{"idSuffix":"inner"}},"clearTextFirst":true,"interactionType":"ENTER_TEXT"}]}
COMMAND: POST /session/ea2377afc02bbf13296b49c868bb39bc/execute/async - {"script":"<script> [1562 bytes]","args":[{"selector":{"id":"application-managepartners-display-component---NewPartner--addressDetailDetailsLanguage-arrow"},"wdio_ui5_key":"applicationmanagepartners-display-component---NewPartner--addressDetailDetailsLanguage-arrow"}]}
RESULT: {"script":"<script> [1562 bytes]","args":[{"selector":{"id":"application-managepartners-display-component---NewPartner--addressDetailDetailsLanguage-arrow"},"wdio_ui5_key":"applicationmanagepartners-display-component---NewPartner--addressDetailDetailsLanguage-arrow"}]}
RESULT: undefined
COMMAND: POST /session/ea2377afc02bbf13296b49c868bb39bc/element - {"using":"xpath","value":"//*[@id=\"application-managepartners-display-component---NewPartner--addressDetailDetailsLanguage-arrow\"]"}
RESULT: {"using":"xpath","value":"//*[@id=\"application-managepartners-display-component---NewPartner--addressDetailDetailsLanguage-arrow\"]"}
COMMAND: POST /session/ea2377afc02bbf13296b49c868bb39bc/element/f.E22896224DAB0D107D3E889F8C0ECED7.d.CA8A00B46C5FB233F31A40728ACC1D20.e.1508/click - {}
RESULT: {}
COMMAND: POST /session/ea2377afc02bbf13296b49c868bb39bc/element - {"using":"xpath","value":"//span[contains(text(), \"English\")]"}
COMMAND: GET /session/ea2377afc02bbf13296b49c868bb39bc/screenshot - {}
RESULT: {"using":"xpath","value":"//span[contains(text(), \"English\")]"}
COMMAND: POST /session/ea2377afc02bbf13296b49c868bb39bc/element/f.E22896224DAB0D107D3E889F8C0ECED7.d.CA8A00B46C5FB233F31A40728ACC1D20.e.1509/click - {}
RESULT: {}
RESULT: {}
COMMAND: GET /session/ea2377afc02bbf13296b49c868bb39bc/screenshot - {}
RESULT: {}
COMMAND: POST /session/ea2377afc02bbf13296b49c868bb39bc/execute/async - {"script":"<script> [1562 bytes]","args":[{"selector":{"id":"application-managepartners-display-component---NewPartner--addressDetailDetailsCity1","interaction":{"idSuffix":"inner"}},"wdio_ui5_key":"applicationmanagepartners-display-component---NewPartner--addressDetailDetailsCity1"}]}
RESULT: {"script":"<script> [1562 bytes]","args":[{"selector":{"id":"application-managepartners-display-component---NewPartner--addressDetailDetailsCity1","interaction":{"idSuffix":"inner"}},"wdio_ui5_key":"applicationmanagepartners-display-component---NewPartner--addressDetailDetailsCity1"}]}
RESULT: undefined
COMMAND: POST /session/ea2377afc02bbf13296b49c868bb39bc/execute/async - {"script":"<script> [776 bytes]","args":[{"enterText":"Rosario","selector":{"id":"application-managepartners-display-component---NewPartner--addressDetailDetailsCity1","interaction":{"idSuffix":"inner"}},"clearTextFirst":true,"interactionType":"ENTER_TEXT"}]}
RESULT: {"script":"<script> [776 bytes]","args":[{"enterText":"Rosario","selector":{"id":"application-managepartners-display-component---NewPartner--addressDetailDetailsCity1","interaction":{"idSuffix":"inner"}},"clearTextFirst":true,"interactionType":"ENTER_TEXT"}]}
COMMAND: POST /session/ea2377afc02bbf13296b49c868bb39bc/execute/async - {"script":"<script> [1562 bytes]","args":[{"selector":{"id":"application-managepartners-display-component---NewPartner--addressDetailDetailsCountry-arrow"},"wdio_ui5_key":"applicationmanagepartners-display-component---NewPartner--addressDetailDetailsCountry-arrow"}]}
RESULT: {"script":"<script> [1562 bytes]","args":[{"selector":{"id":"application-managepartners-display-component---NewPartner--addressDetailDetailsCountry-arrow"},"wdio_ui5_key":"applicationmanagepartners-display-component---NewPartner--addressDetailDetailsCountry-arrow"}]}
RESULT: undefined
COMMAND: POST /session/ea2377afc02bbf13296b49c868bb39bc/element - {"using":"xpath","value":"//*[@id=\"application-managepartners-display-component---NewPartner--addressDetailDetailsCountry-arrow\"]"}
RESULT: {"using":"xpath","value":"//*[@id=\"application-managepartners-display-component---NewPartner--addressDetailDetailsCountry-arrow\"]"}
COMMAND: POST /session/ea2377afc02bbf13296b49c868bb39bc/element/f.E22896224DAB0D107D3E889F8C0ECED7.d.CA8A00B46C5FB233F31A40728ACC1D20.e.1469/click - {}
RESULT: {}
COMMAND: POST /session/ea2377afc02bbf13296b49c868bb39bc/element - {"using":"xpath","value":"//span[contains(text(), \"Argentina\")]"}
COMMAND: GET /session/ea2377afc02bbf13296b49c868bb39bc/screenshot - {}
RESULT: {"using":"xpath","value":"//span[contains(text(), \"Argentina\")]"}
COMMAND: POST /session/ea2377afc02bbf13296b49c868bb39bc/element/f.E22896224DAB0D107D3E889F8C0ECED7.d.CA8A00B46C5FB233F31A40728ACC1D20.e.1511/click - {}
RESULT: {}
RESULT: {}
COMMAND: GET /session/ea2377afc02bbf13296b49c868bb39bc/screenshot - {}
RESULT: {}
COMMAND: POST /session/ea2377afc02bbf13296b49c868bb39bc/element - {"using":"xpath","value":"//bdi[contains(text(), \"Commercial\")]"}
RESULT: {"using":"xpath","value":"//bdi[contains(text(), \"Commercial\")]"}
COMMAND: POST /session/ea2377afc02bbf13296b49c868bb39bc/element/f.E22896224DAB0D107D3E889F8C0ECED7.d.CA8A00B46C5FB233F31A40728ACC1D20.e.1512/click - {}
RESULT: {}
COMMAND: GET /session/ea2377afc02bbf13296b49c868bb39bc/screenshot - {}
RESULT: {}
COMMAND: POST /session/ea2377afc02bbf13296b49c868bb39bc/execute/async - {"script":"<script> [1562 bytes]","args":[{"selector":{"id":"application-managepartners-display-component---NewPartner--partnerDetailInternal-arrow"},"wdio_ui5_key":"applicationmanagepartners-display-component---NewPartner--partnerDetailInternal-arrow"}]}
RESULT: {"script":"<script> [1562 bytes]","args":[{"selector":{"id":"application-managepartners-display-component---NewPartner--partnerDetailInternal-arrow"},"wdio_ui5_key":"applicationmanagepartners-display-component---NewPartner--partnerDetailInternal-arrow"}]}
RESULT: undefined
COMMAND: POST /session/ea2377afc02bbf13296b49c868bb39bc/element - {"using":"xpath","value":"//*[@id=\"application-managepartners-display-component---NewPartner--partnerDetailInternal-arrow\"]"}
RESULT: {"using":"xpath","value":"//*[@id=\"application-managepartners-display-component---NewPartner--partnerDetailInternal-arrow\"]"}
COMMAND: POST /session/ea2377afc02bbf13296b49c868bb39bc/element/f.E22896224DAB0D107D3E889F8C0ECED7.d.CA8A00B46C5FB233F31A40728ACC1D20.e.1518/click - {}
RESULT: {}
COMMAND: POST /session/ea2377afc02bbf13296b49c868bb39bc/element - {"using":"xpath","value":"//span[contains(text(), \"Affiliated company\")]"}
COMMAND: GET /session/ea2377afc02bbf13296b49c868bb39bc/screenshot - {}
RESULT: {"using":"xpath","value":"//span[contains(text(), \"Affiliated company\")]"}
COMMAND: POST /session/ea2377afc02bbf13296b49c868bb39bc/element/f.E22896224DAB0D107D3E889F8C0ECED7.d.CA8A00B46C5FB233F31A40728ACC1D20.e.1521/click - {}
RESULT: {}
RESULT: {}
COMMAND: POST /session/ea2377afc02bbf13296b49c868bb39bc/execute/async - {"script":"<script> [1562 bytes]","args":[{"selector":{"id":"application-managepartners-display-component---NewPartner--partnerDetailsCurrency-arrow"},"wdio_ui5_key":"applicationmanagepartners-display-component---NewPartner--partnerDetailsCurrency-arrow"}]}
COMMAND: GET /session/ea2377afc02bbf13296b49c868bb39bc/screenshot - {}
RESULT: {"script":"<script> [1562 bytes]","args":[{"selector":{"id":"application-managepartners-display-component---NewPartner--partnerDetailsCurrency-arrow"},"wdio_ui5_key":"applicationmanagepartners-display-component---NewPartner--partnerDetailsCurrency-arrow"}]}
RESULT: undefined
COMMAND: POST /session/ea2377afc02bbf13296b49c868bb39bc/element - {"using":"xpath","value":"//*[@id=\"application-managepartners-display-component---NewPartner--partnerDetailsCurrency-arrow\"]"}
RESULT: {}
RESULT: {"using":"xpath","value":"//*[@id=\"application-managepartners-display-component---NewPartner--partnerDetailsCurrency-arrow\"]"}
COMMAND: POST /session/ea2377afc02bbf13296b49c868bb39bc/element/f.E22896224DAB0D107D3E889F8C0ECED7.d.CA8A00B46C5FB233F31A40728ACC1D20.e.1528/click - {}
RESULT: {}
COMMAND: POST /session/ea2377afc02bbf13296b49c868bb39bc/element - {"using":"xpath","value":"//span[contains(text(), \"Euro\")]"}
COMMAND: GET /session/ea2377afc02bbf13296b49c868bb39bc/screenshot - {}
RESULT: {"using":"xpath","value":"//span[contains(text(), \"Euro\")]"}
COMMAND: POST /session/ea2377afc02bbf13296b49c868bb39bc/element/f.E22896224DAB0D107D3E889F8C0ECED7.d.CA8A00B46C5FB233F31A40728ACC1D20.e.1529/click - {}
RESULT: {}
RESULT: {}
COMMAND: POST /session/ea2377afc02bbf13296b49c868bb39bc/execute/async - {"script":"<script> [1562 bytes]","args":[{"selector":{"id":"application-managepartners-display-component---NewPartner--addressEditDetailsCostObjectCstType-arrow"},"wdio_ui5_key":"applicationmanagepartners-display-component---NewPartner--addressEditDetailsCostObjectCstType-arrow"}]}
COMMAND: GET /session/ea2377afc02bbf13296b49c868bb39bc/screenshot - {}
RESULT: {"script":"<script> [1562 bytes]","args":[{"selector":{"id":"application-managepartners-display-component---NewPartner--addressEditDetailsCostObjectCstType-arrow"},"wdio_ui5_key":"applicationmanagepartners-display-component---NewPartner--addressEditDetailsCostObjectCstType-arrow"}]}
RESULT: undefined
COMMAND: POST /session/ea2377afc02bbf13296b49c868bb39bc/element - {"using":"xpath","value":"//*[@id=\"application-managepartners-display-component---NewPartner--addressEditDetailsCostObjectCstType-arrow\"]"}
RESULT: {}
RESULT: {"using":"xpath","value":"//*[@id=\"application-managepartners-display-component---NewPartner--addressEditDetailsCostObjectCstType-arrow\"]"}
COMMAND: POST /session/ea2377afc02bbf13296b49c868bb39bc/element/f.E22896224DAB0D107D3E889F8C0ECED7.d.CA8A00B46C5FB233F31A40728ACC1D20.e.1530/click - {}
RESULT: {}
COMMAND: POST /session/ea2377afc02bbf13296b49c868bb39bc/element - {"using":"xpath","value":"//span[contains(text(), \"Cost Center\")]"}
COMMAND: GET /session/ea2377afc02bbf13296b49c868bb39bc/screenshot - {}
RESULT: {"using":"xpath","value":"//span[contains(text(), \"Cost Center\")]"}
COMMAND: POST /session/ea2377afc02bbf13296b49c868bb39bc/element/f.E22896224DAB0D107D3E889F8C0ECED7.d.CA8A00B46C5FB233F31A40728ACC1D20.e.1531/click - {}
RESULT: {}
RESULT: {}
COMMAND: GET /session/ea2377afc02bbf13296b49c868bb39bc/screenshot - {}
RESULT: {}
COMMAND: POST /session/ea2377afc02bbf13296b49c868bb39bc/element - {"using":"xpath","value":"//span[@id=\"application-managepartners-display-component---NewPartner--addressNewCostObjectCstID-vhi\"]"}
RESULT: {"using":"xpath","value":"//span[@id=\"application-managepartners-display-component---NewPartner--addressNewCostObjectCstID-vhi\"]"}
COMMAND: POST /session/ea2377afc02bbf13296b49c868bb39bc/execute/sync - {"script":"<script> [8489 bytes]","args":[{"element-6066-11e4-a52e-4f735466cecf":"f.E22896224DAB0D107D3E889F8C0ECED7.d.CA8A00B46C5FB233F31A40728ACC1D20.e.1535","ELEMENT":"f.E22896224DAB0D107D3E889F8C0ECED7.d.CA8A00B46C5FB233F31A40728ACC1D20.e.1535"}]}
RESULT: {"script":"<script> [8489 bytes]","args":[{"element-6066-11e4-a52e-4f735466cecf":"f.E22896224DAB0D107D3E889F8C0ECED7.d.CA8A00B46C5FB233F31A40728ACC1D20.e.1535","ELEMENT":"f.E22896224DAB0D107D3E889F8C0ECED7.d.CA8A00B46C5FB233F31A40728ACC1D20.e.1535"}]}
COMMAND: POST /session/ea2377afc02bbf13296b49c868bb39bc/execute/async - {"script":"<script> [1562 bytes]","args":[{"selector":{"id":"application-managepartners-display-component---NewPartner--addressNewCostObjectCstID-vhi"},"wdio_ui5_key":"applicationmanagepartners-display-component---NewPartner--addressNewCostObjectCstID-vhi"}]}
COMMAND: GET /session/ea2377afc02bbf13296b49c868bb39bc/screenshot - {}
RESULT: {"script":"<script> [1562 bytes]","args":[{"selector":{"id":"application-managepartners-display-component---NewPartner--addressNewCostObjectCstID-vhi"},"wdio_ui5_key":"applicationmanagepartners-display-component---NewPartner--addressNewCostObjectCstID-vhi"}]}
RESULT: undefined
COMMAND: POST /session/ea2377afc02bbf13296b49c868bb39bc/element - {"using":"xpath","value":"//*[@id=\"application-managepartners-display-component---NewPartner--addressNewCostObjectCstID-vhi\"]"}
RESULT: {}
RESULT: {"using":"xpath","value":"//*[@id=\"application-managepartners-display-component---NewPartner--addressNewCostObjectCstID-vhi\"]"}
COMMAND: POST /session/ea2377afc02bbf13296b49c868bb39bc/element/f.E22896224DAB0D107D3E889F8C0ECED7.d.CA8A00B46C5FB233F31A40728ACC1D20.e.1535/click - {}
RESULT: {}
COMMAND: GET /session/ea2377afc02bbf13296b49c868bb39bc/screenshot - {}
RESULT: {}
RESULT: undefined
COMMAND: POST /session/ea2377afc02bbf13296b49c868bb39bc/execute/async - {"script":"<script> [776 bytes]","args":[{"enterText":"10001013","selector":{"controlType":"sap.m.SearchField","properties":{"placeholder":"Search"},"searchOpenDialogs":true,"interaction":{"idSuffix":"I"}},"clearTextFirst":true,"interactionType":"ENTER_TEXT"}]}
RESULT: {"script":"<script> [776 bytes]","args":[{"enterText":"10001013","selector":{"controlType":"sap.m.SearchField","properties":{"placeholder":"Search"},"searchOpenDialogs":true,"interaction":{"idSuffix":"I"}},"clearTextFirst":true,"interactionType":"ENTER_TEXT"}]}
COMMAND: POST /session/ea2377afc02bbf13296b49c868bb39bc/actions - {"actions":[{"id":"action2","type":"key","parameters":{},"actions":[{"type":"keyDown","value":"î€‡"},{"type":"pause","duration":10},{"type":"keyUp","value":"î€‡"}]}]}
RESULT: {"actions":[{"id":"action2","type":"key","parameters":{},"actions":[{"type":"keyDown","value":"î€‡"},{"type":"pause","duration":10},{"type":"keyUp","value":"î€‡"}]}]}
COMMAND: GET /session/ea2377afc02bbf13296b49c868bb39bc/screenshot - {}
RESULT: {}
COMMAND: POST /session/ea2377afc02bbf13296b49c868bb39bc/element - {"using":"xpath","value":"//span[contains(text(), \"General Management\")]"}
RESULT: {"using":"xpath","value":"//span[contains(text(), \"General Management\")]"}
COMMAND: POST /session/ea2377afc02bbf13296b49c868bb39bc/element/f.E22896224DAB0D107D3E889F8C0ECED7.d.CA8A00B46C5FB233F31A40728ACC1D20.e.1574/click - {}
RESULT: {}
COMMAND: GET /session/ea2377afc02bbf13296b49c868bb39bc/screenshot - {}
RESULT: {}
COMMAND: POST /session/ea2377afc02bbf13296b49c868bb39bc/element - {"using":"xpath","value":"//bdi[contains(text(), \"OK\")]"}
RESULT: {"using":"xpath","value":"//bdi[contains(text(), \"OK\")]"}
COMMAND: POST /session/ea2377afc02bbf13296b49c868bb39bc/element/f.E22896224DAB0D107D3E889F8C0ECED7.d.CA8A00B46C5FB233F31A40728ACC1D20.e.1575/click - {}
RESULT: {}
COMMAND: GET /session/ea2377afc02bbf13296b49c868bb39bc/screenshot - {}
RESULT: {}
COMMAND: POST /session/ea2377afc02bbf13296b49c868bb39bc/element - {"using":"xpath","value":"//input[@id=\"application-managepartners-display-component---NewPartner--companyCodeComboBox-inner\"]"}
RESULT: {"using":"xpath","value":"//input[@id=\"application-managepartners-display-component---NewPartner--companyCodeComboBox-inner\"]"}
COMMAND: POST /session/ea2377afc02bbf13296b49c868bb39bc/element/f.E22896224DAB0D107D3E889F8C0ECED7.d.CA8A00B46C5FB233F31A40728ACC1D20.e.1394/clear - {}
RESULT: {}
COMMAND: POST /session/ea2377afc02bbf13296b49c868bb39bc/element/f.E22896224DAB0D107D3E889F8C0ECED7.d.CA8A00B46C5FB233F31A40728ACC1D20.e.1394/value - {"text":"C002"}
COMMAND: GET /session/ea2377afc02bbf13296b49c868bb39bc/screenshot - {}
RESULT: {"text":"C002"}
COMMAND: GET /session/ea2377afc02bbf13296b49c868bb39bc/screenshot - {}
RESULT: {}
RESULT: {}
COMMAND: POST /session/ea2377afc02bbf13296b49c868bb39bc/element - {"using":"xpath","value":"//li[.//span[text()= \"C002\"]]"}
RESULT: {"using":"xpath","value":"//li[.//span[text()= \"C002\"]]"}
COMMAND: POST /session/ea2377afc02bbf13296b49c868bb39bc/element/f.E22896224DAB0D107D3E889F8C0ECED7.d.CA8A00B46C5FB233F31A40728ACC1D20.e.1581/click - {}
RESULT: {}
COMMAND: GET /session/ea2377afc02bbf13296b49c868bb39bc/screenshot - {}
RESULT: {}
COMMAND: POST /session/ea2377afc02bbf13296b49c868bb39bc/execute/async - {"script":"<script> [1562 bytes]","args":[{"selector":{"id":"application-managepartners-display-component---NewPartner--btnAddTableRow-img"},"wdio_ui5_key":"applicationmanagepartners-display-component---NewPartner--btnAddTableRow-img"}]}
RESULT: {"script":"<script> [1562 bytes]","args":[{"selector":{"id":"application-managepartners-display-component---NewPartner--btnAddTableRow-img"},"wdio_ui5_key":"applicationmanagepartners-display-component---NewPartner--btnAddTableRow-img"}]}
RESULT: undefined
COMMAND: POST /session/ea2377afc02bbf13296b49c868bb39bc/element - {"using":"xpath","value":"//*[@id=\"application-managepartners-display-component---NewPartner--btnAddTableRow-img\"]"}
RESULT: {"using":"xpath","value":"//*[@id=\"application-managepartners-display-component---NewPartner--btnAddTableRow-img\"]"}
COMMAND: POST /session/ea2377afc02bbf13296b49c868bb39bc/element/f.E22896224DAB0D107D3E889F8C0ECED7.d.CA8A00B46C5FB233F31A40728ACC1D20.e.1582/click - {}
RESULT: {}
COMMAND: GET /session/ea2377afc02bbf13296b49c868bb39bc/screenshot - {}
RESULT: {}
COMMAND: POST /session/ea2377afc02bbf13296b49c868bb39bc/element - {"using":"xpath","value":"//input[@id=\"application-managepartners-display-component---NewPartner--assignmentYard-application-managepartners-display-component---NewPartner--assignmentsTable-0-inner\"]"}
RESULT: {"using":"xpath","value":"//input[@id=\"application-managepartners-display-component---NewPartner--assignmentYard-application-managepartners-display-component---NewPartner--assignmentsTable-0-inner\"]"}
COMMAND: POST /session/ea2377afc02bbf13296b49c868bb39bc/element/f.E22896224DAB0D107D3E889F8C0ECED7.d.CA8A00B46C5FB233F31A40728ACC1D20.e.1585/clear - {}
RESULT: {}
COMMAND: POST /session/ea2377afc02bbf13296b49c868bb39bc/element/f.E22896224DAB0D107D3E889F8C0ECED7.d.CA8A00B46C5FB233F31A40728ACC1D20.e.1585/value - {"text":"575"}
COMMAND: GET /session/ea2377afc02bbf13296b49c868bb39bc/screenshot - {}
RESULT: {"text":"575"}
COMMAND: GET /session/ea2377afc02bbf13296b49c868bb39bc/screenshot - {}
RESULT: {}
RESULT: {}
COMMAND: POST /session/ea2377afc02bbf13296b49c868bb39bc/element - {"using":"xpath","value":"//li[.//span[text()='575']]"}
RESULT: {"using":"xpath","value":"//li[.//span[text()='575']]"}
COMMAND: POST /session/ea2377afc02bbf13296b49c868bb39bc/element/f.E22896224DAB0D107D3E889F8C0ECED7.d.CA8A00B46C5FB233F31A40728ACC1D20.e.1594/click - {}
RESULT: {}
COMMAND: GET /session/ea2377afc02bbf13296b49c868bb39bc/screenshot - {}
RESULT: {}
COMMAND: POST /session/ea2377afc02bbf13296b49c868bb39bc/actions - {"actions":[{"id":"action3","type":"key","parameters":{},"actions":[{"type":"keyDown","value":"î€‡"},{"type":"pause","duration":10},{"type":"keyUp","value":"î€‡"}]}]}
RESULT: {"actions":[{"id":"action3","type":"key","parameters":{},"actions":[{"type":"keyDown","value":"î€‡"},{"type":"pause","duration":10},{"type":"keyUp","value":"î€‡"}]}]}
COMMAND: POST /session/ea2377afc02bbf13296b49c868bb39bc/execute/async - {"script":"<script> [1562 bytes]","args":[{"selector":{"id":"application-managepartners-display-component---NewPartner--externalCustomerComboBox-application-managepartners-display-component---NewPartner--assignmentsTable-0-vhi"},"wdio_ui5_key":"applicationmanagepartners-display-component---NewPartner--externalCustomerComboBox-application-managepartners-display-component---NewPartner--assignmentsTable-0-vhi"}]}
COMMAND: GET /session/ea2377afc02bbf13296b49c868bb39bc/screenshot - {}
RESULT: {"script":"<script> [1562 bytes]","args":[{"selector":{"id":"application-managepartners-display-component---NewPartner--externalCustomerComboBox-application-managepartners-display-component---NewPartner--assignmentsTable-0-vhi"},"wdio_ui5_key":"applicationmanagepartners-display-component---NewPartner--externalCustomerComboBox-application-managepartners-display-component---NewPartner--assignmentsTable-0-vhi"}]}
RESULT: undefined
COMMAND: POST /session/ea2377afc02bbf13296b49c868bb39bc/element - {"using":"xpath","value":"//*[@id=\"application-managepartners-display-component---NewPartner--externalCustomerComboBox-application-managepartners-display-component---NewPartner--assignmentsTable-0-vhi\"]"}
RESULT: {}
RESULT: {"using":"xpath","value":"//*[@id=\"application-managepartners-display-component---NewPartner--externalCustomerComboBox-application-managepartners-display-component---NewPartner--assignmentsTable-0-vhi\"]"}
COMMAND: POST /session/ea2377afc02bbf13296b49c868bb39bc/element/f.E22896224DAB0D107D3E889F8C0ECED7.d.CA8A00B46C5FB233F31A40728ACC1D20.e.1598/click - {}
RESULT: {}
RESULT: undefined
COMMAND: POST /session/ea2377afc02bbf13296b49c868bb39bc/execute/async - {"script":"<script> [776 bytes]","args":[{"enterText":"300003","selector":{"controlType":"sap.m.SearchField","properties":{"placeholder":"Search"},"searchOpenDialogs":true,"interaction":{"idSuffix":"I"}},"clearTextFirst":true,"interactionType":"ENTER_TEXT"}]}
COMMAND: GET /session/ea2377afc02bbf13296b49c868bb39bc/screenshot - {}
RESULT: {"script":"<script> [776 bytes]","args":[{"enterText":"300003","selector":{"controlType":"sap.m.SearchField","properties":{"placeholder":"Search"},"searchOpenDialogs":true,"interaction":{"idSuffix":"I"}},"clearTextFirst":true,"interactionType":"ENTER_TEXT"}]}
COMMAND: POST /session/ea2377afc02bbf13296b49c868bb39bc/actions - {"actions":[{"id":"action4","type":"key","parameters":{},"actions":[{"type":"keyDown","value":"î€‡"},{"type":"pause","duration":10},{"type":"keyUp","value":"î€‡"}]}]}
RESULT: {}
RESULT: {"actions":[{"id":"action4","type":"key","parameters":{},"actions":[{"type":"keyDown","value":"î€‡"},{"type":"pause","duration":10},{"type":"keyUp","value":"î€‡"}]}]}
COMMAND: GET /session/ea2377afc02bbf13296b49c868bb39bc/screenshot - {}
RESULT: {}
COMMAND: POST /session/ea2377afc02bbf13296b49c868bb39bc/element - {"using":"xpath","value":"//span[contains(text(), \"300003\")]"}
RESULT: {"using":"xpath","value":"//span[contains(text(), \"300003\")]"}
COMMAND: POST /session/ea2377afc02bbf13296b49c868bb39bc/element/f.E22896224DAB0D107D3E889F8C0ECED7.d.CA8A00B46C5FB233F31A40728ACC1D20.e.1618/click - {}
RESULT: {}
COMMAND: GET /session/ea2377afc02bbf13296b49c868bb39bc/screenshot - {}
RESULT: {}
COMMAND: POST /session/ea2377afc02bbf13296b49c868bb39bc/element - {"using":"xpath","value":"//bdi[contains(text(), \"OK\")]"}
RESULT: {"using":"xpath","value":"//bdi[contains(text(), \"OK\")]"}
COMMAND: POST /session/ea2377afc02bbf13296b49c868bb39bc/element/f.E22896224DAB0D107D3E889F8C0ECED7.d.CA8A00B46C5FB233F31A40728ACC1D20.e.1620/click - {}
RESULT: {}
COMMAND: GET /session/ea2377afc02bbf13296b49c868bb39bc/screenshot - {}
RESULT: {}
COMMAND: POST /session/ea2377afc02bbf13296b49c868bb39bc/execute/async - {"script":"<script> [1562 bytes]","args":[{"selector":{"id":"application-managepartners-display-component---NewPartner--intercompVendorComboBox-application-managepartners-display-component---NewPartner--assignmentsTable-0-vhi"},"wdio_ui5_key":"applicationmanagepartners-display-component---NewPartner--intercompVendorComboBox-application-managepartners-display-component---NewPartner--assignmentsTable-0-vhi"}]}
RESULT: {"script":"<script> [1562 bytes]","args":[{"selector":{"id":"application-managepartners-display-component---NewPartner--intercompVendorComboBox-application-managepartners-display-component---NewPartner--assignmentsTable-0-vhi"},"wdio_ui5_key":"applicationmanagepartners-display-component---NewPartner--intercompVendorComboBox-application-managepartners-display-component---NewPartner--assignmentsTable-0-vhi"}]}
RESULT: undefined
COMMAND: POST /session/ea2377afc02bbf13296b49c868bb39bc/element - {"using":"xpath","value":"//*[@id=\"application-managepartners-display-component---NewPartner--intercompVendorComboBox-application-managepartners-display-component---NewPartner--assignmentsTable-0-vhi\"]"}
RESULT: {"using":"xpath","value":"//*[@id=\"application-managepartners-display-component---NewPartner--intercompVendorComboBox-application-managepartners-display-component---NewPartner--assignmentsTable-0-vhi\"]"}
COMMAND: POST /session/ea2377afc02bbf13296b49c868bb39bc/element/f.E22896224DAB0D107D3E889F8C0ECED7.d.CA8A00B46C5FB233F31A40728ACC1D20.e.1623/click - {}
RESULT: {}
RESULT: undefined
COMMAND: POST /session/ea2377afc02bbf13296b49c868bb39bc/execute/async - {"script":"<script> [776 bytes]","args":[{"enterText":"100005","selector":{"controlType":"sap.m.SearchField","properties":{"placeholder":"Search"},"searchOpenDialogs":true,"interaction":{"idSuffix":"I"}},"clearTextFirst":true,"interactionType":"ENTER_TEXT"}]}
COMMAND: GET /session/ea2377afc02bbf13296b49c868bb39bc/screenshot - {}
RESULT: {"script":"<script> [776 bytes]","args":[{"enterText":"100005","selector":{"controlType":"sap.m.SearchField","properties":{"placeholder":"Search"},"searchOpenDialogs":true,"interaction":{"idSuffix":"I"}},"clearTextFirst":true,"interactionType":"ENTER_TEXT"}]}
COMMAND: POST /session/ea2377afc02bbf13296b49c868bb39bc/actions - {"actions":[{"id":"action5","type":"key","parameters":{},"actions":[{"type":"keyDown","value":"î€‡"},{"type":"pause","duration":10},{"type":"keyUp","value":"î€‡"}]}]}
RESULT: {}
RESULT: {"actions":[{"id":"action5","type":"key","parameters":{},"actions":[{"type":"keyDown","value":"î€‡"},{"type":"pause","duration":10},{"type":"keyUp","value":"î€‡"}]}]}
COMMAND: GET /session/ea2377afc02bbf13296b49c868bb39bc/screenshot - {}
RESULT: {}
COMMAND: POST /session/ea2377afc02bbf13296b49c868bb39bc/element - {"using":"xpath","value":"//span[contains(text(), \"Penguins - Field/12345 Berlin\")]"}
RESULT: {"using":"xpath","value":"//span[contains(text(), \"Penguins - Field/12345 Berlin\")]"}
COMMAND: POST /session/ea2377afc02bbf13296b49c868bb39bc/element/f.E22896224DAB0D107D3E889F8C0ECED7.d.CA8A00B46C5FB233F31A40728ACC1D20.e.1641/click - {}
RESULT: {}
COMMAND: GET /session/ea2377afc02bbf13296b49c868bb39bc/screenshot - {}
RESULT: {}
COMMAND: POST /session/ea2377afc02bbf13296b49c868bb39bc/element - {"using":"xpath","value":"//bdi[contains(text(), \"OK\")]"}
RESULT: {"using":"xpath","value":"//bdi[contains(text(), \"OK\")]"}
COMMAND: POST /session/ea2377afc02bbf13296b49c868bb39bc/element/f.E22896224DAB0D107D3E889F8C0ECED7.d.CA8A00B46C5FB233F31A40728ACC1D20.e.1642/click - {}
RESULT: {}
COMMAND: GET /session/ea2377afc02bbf13296b49c868bb39bc/screenshot - {}
RESULT: {}
COMMAND: POST /session/ea2377afc02bbf13296b49c868bb39bc/element - {"using":"xpath","value":"//button[@data-kt=\"saveButton\"]"}
RESULT: {"using":"xpath","value":"//button[@data-kt=\"saveButton\"]"}
COMMAND: POST /session/ea2377afc02bbf13296b49c868bb39bc/element/f.E22896224DAB0D107D3E889F8C0ECED7.d.CA8A00B46C5FB233F31A40728ACC1D20.e.1427/click - {}
RESULT: {}
COMMAND: GET /session/ea2377afc02bbf13296b49c868bb39bc/screenshot - {}
RESULT: {}
COMMAND: POST /session/ea2377afc02bbf13296b49c868bb39bc/element - {"using":"xpath","value":"//header[contains(@id, 'ObjectPageLayout-headerTitle')]/div[1]/div[2]/div[2]/span[1]"}
RESULT: {"using":"xpath","value":"//header[contains(@id, 'ObjectPageLayout-headerTitle')]/div[1]/div[2]/div[2]/span[1]"}
COMMAND: POST /session/ea2377afc02bbf13296b49c868bb39bc/elements - {"using":"xpath","value":"//header[contains(@id, 'ObjectPageLayout-headerTitle')]/div[1]/div[2]/div[2]/span[1]"}
RESULT: {"using":"xpath","value":"//header[contains(@id, 'ObjectPageLayout-headerTitle')]/div[1]/div[2]/div[2]/span[1]"}
COMMAND: POST /session/ea2377afc02bbf13296b49c868bb39bc/execute/sync - {"script":"<script> [56 bytes]","args":[{"element-6066-11e4-a52e-4f735466cecf":"f.E22896224DAB0D107D3E889F8C0ECED7.d.CA8A00B46C5FB233F31A40728ACC1D20.e.1807","ELEMENT":"f.E22896224DAB0D107D3E889F8C0ECED7.d.CA8A00B46C5FB233F31A40728ACC1D20.e.1807"}]}
RESULT: {"script":"<script> [56 bytes]","args":[{"element-6066-11e4-a52e-4f735466cecf":"f.E22896224DAB0D107D3E889F8C0ECED7.d.CA8A00B46C5FB233F31A40728ACC1D20.e.1807","ELEMENT":"f.E22896224DAB0D107D3E889F8C0ECED7.d.CA8A00B46C5FB233F31A40728ACC1D20.e.1807"}]}
COMMAND: POST /session/ea2377afc02bbf13296b49c868bb39bc/element - {"using":"css selector","value":"#shell-header-logo"}
COMMAND: GET /session/ea2377afc02bbf13296b49c868bb39bc/screenshot - {}
RESULT: {}
RESULT: {"using":"css selector","value":"#shell-header-logo"}
COMMAND: POST /session/ea2377afc02bbf13296b49c868bb39bc/element/f.E22896224DAB0D107D3E889F8C0ECED7.d.CA8A00B46C5FB233F31A40728ACC1D20.e.1034/click - {}
RESULT: {}
COMMAND: GET /session/ea2377afc02bbf13296b49c868bb39bc/screenshot - {}
RESULT: {}
COMMAND: POST /session/ea2377afc02bbf13296b49c868bb39bc/execute/sync - {"script":"<script> [299 bytes]","args":[["getModel","getResource"]]}
RESULT: {"script":"<script> [299 bytes]","args":[["getModel","getResource"]]}
]]></system-out>
    </testcase>
    <testcase classname="chrome.136_0_7103_93.windows.Billing_Transfer_-_Master_data_&amp;_Intercompany_US127250" name="Should create a new site" time="108.202">
      <system-out><![CDATA[
COMMAND: POST /session/ea2377afc02bbf13296b49c868bb39bc/execute/async - {"script":"<script> [1562 bytes]","args":[{"selector":{"controlType":"sap.m.GenericTile","properties":{"header":"Manage Sites"}},"wdio_ui5_key":"sapm.GenericTile{\"header\":\"Manage Sites\"}"}]}
COMMAND: GET /session/ea2377afc02bbf13296b49c868bb39bc/screenshot - {}
RESULT: {"script":"<script> [1562 bytes]","args":[{"selector":{"controlType":"sap.m.GenericTile","properties":{"header":"Manage Sites"}},"wdio_ui5_key":"sapm.GenericTile{\"header\":\"Manage Sites\"}"}]}
RESULT: undefined
COMMAND: POST /session/ea2377afc02bbf13296b49c868bb39bc/element - {"using":"xpath","value":"//*[@id=\"__tile40\"]"}
RESULT: {}
RESULT: {"using":"xpath","value":"//*[@id=\"__tile40\"]"}
COMMAND: POST /session/ea2377afc02bbf13296b49c868bb39bc/element/f.E22896224DAB0D107D3E889F8C0ECED7.d.CA8A00B46C5FB233F31A40728ACC1D20.e.174/click - {}
RESULT: {}
COMMAND: GET /session/ea2377afc02bbf13296b49c868bb39bc/screenshot - {}
RESULT: {}
COMMAND: POST /session/ea2377afc02bbf13296b49c868bb39bc/elements - {"using":"xpath","value":"//span[text()='Error']"}
RESULT: {"using":"xpath","value":"//span[text()='Error']"}
COMMAND: POST /session/ea2377afc02bbf13296b49c868bb39bc/element - {"using":"xpath","value":"//button[@data-kt=\"addOverflowToolbarButton\"]"}
RESULT: {"using":"xpath","value":"//button[@data-kt=\"addOverflowToolbarButton\"]"}
COMMAND: POST /session/ea2377afc02bbf13296b49c868bb39bc/elements - {"using":"xpath","value":"//button[@data-kt=\"addOverflowToolbarButton\"]"}
RESULT: {"using":"xpath","value":"//button[@data-kt=\"addOverflowToolbarButton\"]"}
COMMAND: POST /session/ea2377afc02bbf13296b49c868bb39bc/execute/sync - {"script":"<script> [8489 bytes]","args":[{"element-6066-11e4-a52e-4f735466cecf":"f.E22896224DAB0D107D3E889F8C0ECED7.d.CA8A00B46C5FB233F31A40728ACC1D20.e.1855","ELEMENT":"f.E22896224DAB0D107D3E889F8C0ECED7.d.CA8A00B46C5FB233F31A40728ACC1D20.e.1855"}]}
RESULT: {"script":"<script> [8489 bytes]","args":[{"element-6066-11e4-a52e-4f735466cecf":"f.E22896224DAB0D107D3E889F8C0ECED7.d.CA8A00B46C5FB233F31A40728ACC1D20.e.1855","ELEMENT":"f.E22896224DAB0D107D3E889F8C0ECED7.d.CA8A00B46C5FB233F31A40728ACC1D20.e.1855"}]}
COMMAND: GET /session/ea2377afc02bbf13296b49c868bb39bc/element/f.E22896224DAB0D107D3E889F8C0ECED7.d.CA8A00B46C5FB233F31A40728ACC1D20.e.1855/enabled - {}
COMMAND: GET /session/ea2377afc02bbf13296b49c868bb39bc/screenshot - {}
RESULT: {}
COMMAND: POST /session/ea2377afc02bbf13296b49c868bb39bc/execute/sync - {"script":"<script> [8489 bytes]","args":[{"element-6066-11e4-a52e-4f735466cecf":"f.E22896224DAB0D107D3E889F8C0ECED7.d.CA8A00B46C5FB233F31A40728ACC1D20.e.1855","ELEMENT":"f.E22896224DAB0D107D3E889F8C0ECED7.d.CA8A00B46C5FB233F31A40728ACC1D20.e.1855"}]}
COMMAND: GET /session/ea2377afc02bbf13296b49c868bb39bc/screenshot - {}
RESULT: {}
RESULT: {"script":"<script> [8489 bytes]","args":[{"element-6066-11e4-a52e-4f735466cecf":"f.E22896224DAB0D107D3E889F8C0ECED7.d.CA8A00B46C5FB233F31A40728ACC1D20.e.1855","ELEMENT":"f.E22896224DAB0D107D3E889F8C0ECED7.d.CA8A00B46C5FB233F31A40728ACC1D20.e.1855"}]}
COMMAND: POST /session/ea2377afc02bbf13296b49c868bb39bc/execute/sync - {"script":"<script> [5351 bytes]","args":[{"element-6066-11e4-a52e-4f735466cecf":"f.E22896224DAB0D107D3E889F8C0ECED7.d.CA8A00B46C5FB233F31A40728ACC1D20.e.1855","ELEMENT":"f.E22896224DAB0D107D3E889F8C0ECED7.d.CA8A00B46C5FB233F31A40728ACC1D20.e.1855"}]}
COMMAND: GET /session/ea2377afc02bbf13296b49c868bb39bc/screenshot - {}
RESULT: {}
RESULT: {"script":"<script> [5351 bytes]","args":[{"element-6066-11e4-a52e-4f735466cecf":"f.E22896224DAB0D107D3E889F8C0ECED7.d.CA8A00B46C5FB233F31A40728ACC1D20.e.1855","ELEMENT":"f.E22896224DAB0D107D3E889F8C0ECED7.d.CA8A00B46C5FB233F31A40728ACC1D20.e.1855"}]}
COMMAND: POST /session/ea2377afc02bbf13296b49c868bb39bc/element/f.E22896224DAB0D107D3E889F8C0ECED7.d.CA8A00B46C5FB233F31A40728ACC1D20.e.1855/click - {}
COMMAND: GET /session/ea2377afc02bbf13296b49c868bb39bc/screenshot - {}
RESULT: {}
RESULT: {}
COMMAND: GET /session/ea2377afc02bbf13296b49c868bb39bc/screenshot - {}
COMMAND: POST /session/ea2377afc02bbf13296b49c868bb39bc/element - {"using":"xpath","value":"//input[@id=\"application-managesites-display-component---NewSite--siteId-inner\"]"}
RESULT: {}
RESULT: {}
RESULT: {"using":"xpath","value":"//input[@id=\"application-managesites-display-component---NewSite--siteId-inner\"]"}
COMMAND: POST /session/ea2377afc02bbf13296b49c868bb39bc/element - {"using":"xpath","value":"//input[@id=\"application-managesites-display-component---NewSite--siteId-inner\"]"}
RESULT: {"using":"xpath","value":"//input[@id=\"application-managesites-display-component---NewSite--siteId-inner\"]"}
COMMAND: POST /session/ea2377afc02bbf13296b49c868bb39bc/execute/async - {"script":"<script> [1562 bytes]","args":[{"selector":{"id":"application-managesites-display-component---NewSite--addressDetailDetailsName1","interaction":{"idSuffix":"inner"}},"wdio_ui5_key":"applicationmanagesites-display-component---NewSite--addressDetailDetailsName1"}]}
RESULT: {"script":"<script> [1562 bytes]","args":[{"selector":{"id":"application-managesites-display-component---NewSite--addressDetailDetailsName1","interaction":{"idSuffix":"inner"}},"wdio_ui5_key":"applicationmanagesites-display-component---NewSite--addressDetailDetailsName1"}]}
RESULT: undefined
COMMAND: POST /session/ea2377afc02bbf13296b49c868bb39bc/execute/async - {"script":"<script> [776 bytes]","args":[{"enterText":"Intercompany Site wdIO","selector":{"id":"application-managesites-display-component---NewSite--addressDetailDetailsName1","interaction":{"idSuffix":"inner"}},"clearTextFirst":true,"interactionType":"ENTER_TEXT"}]}
RESULT: {"script":"<script> [776 bytes]","args":[{"enterText":"Intercompany Site wdIO","selector":{"id":"application-managesites-display-component---NewSite--addressDetailDetailsName1","interaction":{"idSuffix":"inner"}},"clearTextFirst":true,"interactionType":"ENTER_TEXT"}]}
COMMAND: POST /session/ea2377afc02bbf13296b49c868bb39bc/execute/async - {"script":"<script> [1562 bytes]","args":[{"selector":{"id":"application-managesites-display-component---NewSite--addressDetailDetailsLanguage-arrow"},"wdio_ui5_key":"applicationmanagesites-display-component---NewSite--addressDetailDetailsLanguage-arrow"}]}
RESULT: {"script":"<script> [1562 bytes]","args":[{"selector":{"id":"application-managesites-display-component---NewSite--addressDetailDetailsLanguage-arrow"},"wdio_ui5_key":"applicationmanagesites-display-component---NewSite--addressDetailDetailsLanguage-arrow"}]}
RESULT: undefined
COMMAND: POST /session/ea2377afc02bbf13296b49c868bb39bc/element - {"using":"xpath","value":"//*[@id=\"application-managesites-display-component---NewSite--addressDetailDetailsLanguage-arrow\"]"}
RESULT: {"using":"xpath","value":"//*[@id=\"application-managesites-display-component---NewSite--addressDetailDetailsLanguage-arrow\"]"}
COMMAND: POST /session/ea2377afc02bbf13296b49c868bb39bc/element/f.E22896224DAB0D107D3E889F8C0ECED7.d.CA8A00B46C5FB233F31A40728ACC1D20.e.2259/click - {}
RESULT: {}
COMMAND: POST /session/ea2377afc02bbf13296b49c868bb39bc/element - {"using":"xpath","value":"//span[contains(text(), \"English\")]"}
COMMAND: GET /session/ea2377afc02bbf13296b49c868bb39bc/screenshot - {}
RESULT: {"using":"xpath","value":"//span[contains(text(), \"English\")]"}
COMMAND: POST /session/ea2377afc02bbf13296b49c868bb39bc/element/f.E22896224DAB0D107D3E889F8C0ECED7.d.CA8A00B46C5FB233F31A40728ACC1D20.e.2260/click - {}
RESULT: {}
RESULT: {}
COMMAND: POST /session/ea2377afc02bbf13296b49c868bb39bc/execute/async - {"script":"<script> [1562 bytes]","args":[{"selector":{"id":"application-managesites-display-component---NewSite--addressDetailDetailsCity1","interaction":{"idSuffix":"inner"}},"wdio_ui5_key":"applicationmanagesites-display-component---NewSite--addressDetailDetailsCity1"}]}
COMMAND: GET /session/ea2377afc02bbf13296b49c868bb39bc/screenshot - {}
RESULT: {"script":"<script> [1562 bytes]","args":[{"selector":{"id":"application-managesites-display-component---NewSite--addressDetailDetailsCity1","interaction":{"idSuffix":"inner"}},"wdio_ui5_key":"applicationmanagesites-display-component---NewSite--addressDetailDetailsCity1"}]}
RESULT: undefined
COMMAND: POST /session/ea2377afc02bbf13296b49c868bb39bc/execute/async - {"script":"<script> [776 bytes]","args":[{"enterText":"Rosario","selector":{"id":"application-managesites-display-component---NewSite--addressDetailDetailsCity1","interaction":{"idSuffix":"inner"}},"clearTextFirst":true,"interactionType":"ENTER_TEXT"}]}
RESULT: {}
RESULT: {"script":"<script> [776 bytes]","args":[{"enterText":"Rosario","selector":{"id":"application-managesites-display-component---NewSite--addressDetailDetailsCity1","interaction":{"idSuffix":"inner"}},"clearTextFirst":true,"interactionType":"ENTER_TEXT"}]}
COMMAND: POST /session/ea2377afc02bbf13296b49c868bb39bc/execute/async - {"script":"<script> [1562 bytes]","args":[{"selector":{"id":"application-managesites-display-component---NewSite--addressDetailDetailsCountry-arrow"},"wdio_ui5_key":"applicationmanagesites-display-component---NewSite--addressDetailDetailsCountry-arrow"}]}
RESULT: {"script":"<script> [1562 bytes]","args":[{"selector":{"id":"application-managesites-display-component---NewSite--addressDetailDetailsCountry-arrow"},"wdio_ui5_key":"applicationmanagesites-display-component---NewSite--addressDetailDetailsCountry-arrow"}]}
RESULT: undefined
COMMAND: POST /session/ea2377afc02bbf13296b49c868bb39bc/element - {"using":"xpath","value":"//*[@id=\"application-managesites-display-component---NewSite--addressDetailDetailsCountry-arrow\"]"}
RESULT: {"using":"xpath","value":"//*[@id=\"application-managesites-display-component---NewSite--addressDetailDetailsCountry-arrow\"]"}
COMMAND: POST /session/ea2377afc02bbf13296b49c868bb39bc/element/f.E22896224DAB0D107D3E889F8C0ECED7.d.CA8A00B46C5FB233F31A40728ACC1D20.e.2262/click - {}
RESULT: {}
COMMAND: POST /session/ea2377afc02bbf13296b49c868bb39bc/element - {"using":"xpath","value":"//span[contains(text(), \"Argentina\")]"}
COMMAND: GET /session/ea2377afc02bbf13296b49c868bb39bc/screenshot - {}
RESULT: {"using":"xpath","value":"//span[contains(text(), \"Argentina\")]"}
COMMAND: POST /session/ea2377afc02bbf13296b49c868bb39bc/element/f.E22896224DAB0D107D3E889F8C0ECED7.d.CA8A00B46C5FB233F31A40728ACC1D20.e.2263/click - {}
RESULT: {}
RESULT: {}
COMMAND: GET /session/ea2377afc02bbf13296b49c868bb39bc/screenshot - {}
RESULT: {}
COMMAND: POST /session/ea2377afc02bbf13296b49c868bb39bc/execute/async - {"script":"<script> [1562 bytes]","args":[{"selector":{"id":"application-managesites-display-component---NewSite--addressEditDetailsCostObjectCstType-arrow"},"wdio_ui5_key":"applicationmanagesites-display-component---NewSite--addressEditDetailsCostObjectCstType-arrow"}]}
RESULT: {"script":"<script> [1562 bytes]","args":[{"selector":{"id":"application-managesites-display-component---NewSite--addressEditDetailsCostObjectCstType-arrow"},"wdio_ui5_key":"applicationmanagesites-display-component---NewSite--addressEditDetailsCostObjectCstType-arrow"}]}
RESULT: undefined
COMMAND: POST /session/ea2377afc02bbf13296b49c868bb39bc/element - {"using":"xpath","value":"//*[@id=\"application-managesites-display-component---NewSite--addressEditDetailsCostObjectCstType-arrow\"]"}
RESULT: {"using":"xpath","value":"//*[@id=\"application-managesites-display-component---NewSite--addressEditDetailsCostObjectCstType-arrow\"]"}
COMMAND: POST /session/ea2377afc02bbf13296b49c868bb39bc/element/f.E22896224DAB0D107D3E889F8C0ECED7.d.CA8A00B46C5FB233F31A40728ACC1D20.e.2265/click - {}
RESULT: {}
COMMAND: POST /session/ea2377afc02bbf13296b49c868bb39bc/element - {"using":"xpath","value":"//span[contains(text(), \"Cost Center\")]"}
COMMAND: GET /session/ea2377afc02bbf13296b49c868bb39bc/screenshot - {}
RESULT: {"using":"xpath","value":"//span[contains(text(), \"Cost Center\")]"}
COMMAND: POST /session/ea2377afc02bbf13296b49c868bb39bc/element/f.E22896224DAB0D107D3E889F8C0ECED7.d.CA8A00B46C5FB233F31A40728ACC1D20.e.2266/click - {}
RESULT: {}
RESULT: {}
COMMAND: GET /session/ea2377afc02bbf13296b49c868bb39bc/screenshot - {}
RESULT: {}
COMMAND: POST /session/ea2377afc02bbf13296b49c868bb39bc/element - {"using":"xpath","value":"//span[@id=\"application-managesites-display-component---NewSite--addressNewCostObjectCstID-vhi\"]"}
RESULT: {"using":"xpath","value":"//span[@id=\"application-managesites-display-component---NewSite--addressNewCostObjectCstID-vhi\"]"}
COMMAND: POST /session/ea2377afc02bbf13296b49c868bb39bc/execute/sync - {"script":"<script> [8489 bytes]","args":[{"element-6066-11e4-a52e-4f735466cecf":"f.E22896224DAB0D107D3E889F8C0ECED7.d.CA8A00B46C5FB233F31A40728ACC1D20.e.2271","ELEMENT":"f.E22896224DAB0D107D3E889F8C0ECED7.d.CA8A00B46C5FB233F31A40728ACC1D20.e.2271"}]}
RESULT: {"script":"<script> [8489 bytes]","args":[{"element-6066-11e4-a52e-4f735466cecf":"f.E22896224DAB0D107D3E889F8C0ECED7.d.CA8A00B46C5FB233F31A40728ACC1D20.e.2271","ELEMENT":"f.E22896224DAB0D107D3E889F8C0ECED7.d.CA8A00B46C5FB233F31A40728ACC1D20.e.2271"}]}
COMMAND: POST /session/ea2377afc02bbf13296b49c868bb39bc/execute/async - {"script":"<script> [1562 bytes]","args":[{"selector":{"id":"application-managesites-display-component---NewSite--addressNewCostObjectCstID-vhi"},"wdio_ui5_key":"applicationmanagesites-display-component---NewSite--addressNewCostObjectCstID-vhi"}]}
COMMAND: GET /session/ea2377afc02bbf13296b49c868bb39bc/screenshot - {}
RESULT: {"script":"<script> [1562 bytes]","args":[{"selector":{"id":"application-managesites-display-component---NewSite--addressNewCostObjectCstID-vhi"},"wdio_ui5_key":"applicationmanagesites-display-component---NewSite--addressNewCostObjectCstID-vhi"}]}
RESULT: undefined
COMMAND: POST /session/ea2377afc02bbf13296b49c868bb39bc/element - {"using":"xpath","value":"//*[@id=\"application-managesites-display-component---NewSite--addressNewCostObjectCstID-vhi\"]"}
RESULT: {}
RESULT: {"using":"xpath","value":"//*[@id=\"application-managesites-display-component---NewSite--addressNewCostObjectCstID-vhi\"]"}
COMMAND: POST /session/ea2377afc02bbf13296b49c868bb39bc/element/f.E22896224DAB0D107D3E889F8C0ECED7.d.CA8A00B46C5FB233F31A40728ACC1D20.e.2271/click - {}
RESULT: {}
COMMAND: GET /session/ea2377afc02bbf13296b49c868bb39bc/screenshot - {}
RESULT: {}
RESULT: undefined
COMMAND: POST /session/ea2377afc02bbf13296b49c868bb39bc/execute/async - {"script":"<script> [776 bytes]","args":[{"enterText":"10001013","selector":{"controlType":"sap.m.SearchField","properties":{"placeholder":"Search"},"searchOpenDialogs":true,"interaction":{"idSuffix":"I"}},"clearTextFirst":true,"interactionType":"ENTER_TEXT"}]}
RESULT: {"script":"<script> [776 bytes]","args":[{"enterText":"10001013","selector":{"controlType":"sap.m.SearchField","properties":{"placeholder":"Search"},"searchOpenDialogs":true,"interaction":{"idSuffix":"I"}},"clearTextFirst":true,"interactionType":"ENTER_TEXT"}]}
COMMAND: POST /session/ea2377afc02bbf13296b49c868bb39bc/actions - {"actions":[{"id":"action6","type":"key","parameters":{},"actions":[{"type":"keyDown","value":"î€‡"},{"type":"pause","duration":10},{"type":"keyUp","value":"î€‡"}]}]}
RESULT: {"actions":[{"id":"action6","type":"key","parameters":{},"actions":[{"type":"keyDown","value":"î€‡"},{"type":"pause","duration":10},{"type":"keyUp","value":"î€‡"}]}]}
COMMAND: GET /session/ea2377afc02bbf13296b49c868bb39bc/screenshot - {}
RESULT: {}
COMMAND: POST /session/ea2377afc02bbf13296b49c868bb39bc/element - {"using":"xpath","value":"//span[contains(text(), \"General Management\")]"}
RESULT: {"using":"xpath","value":"//span[contains(text(), \"General Management\")]"}
COMMAND: POST /session/ea2377afc02bbf13296b49c868bb39bc/element/f.E22896224DAB0D107D3E889F8C0ECED7.d.CA8A00B46C5FB233F31A40728ACC1D20.e.2309/click - {}
RESULT: {}
COMMAND: GET /session/ea2377afc02bbf13296b49c868bb39bc/screenshot - {}
RESULT: {}
COMMAND: POST /session/ea2377afc02bbf13296b49c868bb39bc/element - {"using":"xpath","value":"//bdi[contains(text(), \"OK\")]"}
RESULT: {"using":"xpath","value":"//bdi[contains(text(), \"OK\")]"}
COMMAND: POST /session/ea2377afc02bbf13296b49c868bb39bc/element/f.E22896224DAB0D107D3E889F8C0ECED7.d.CA8A00B46C5FB233F31A40728ACC1D20.e.2310/click - {}
RESULT: {}
COMMAND: GET /session/ea2377afc02bbf13296b49c868bb39bc/screenshot - {}
RESULT: {}
COMMAND: POST /session/ea2377afc02bbf13296b49c868bb39bc/element - {"using":"xpath","value":"//input[@id=\"application-managesites-display-component---NewSite--addressDetailDetailsCalendar-inner\"]"}
RESULT: {"using":"xpath","value":"//input[@id=\"application-managesites-display-component---NewSite--addressDetailDetailsCalendar-inner\"]"}
COMMAND: POST /session/ea2377afc02bbf13296b49c868bb39bc/element/f.E22896224DAB0D107D3E889F8C0ECED7.d.CA8A00B46C5FB233F31A40728ACC1D20.e.2056/clear - {}
RESULT: {}
COMMAND: POST /session/ea2377afc02bbf13296b49c868bb39bc/element/f.E22896224DAB0D107D3E889F8C0ECED7.d.CA8A00B46C5FB233F31A40728ACC1D20.e.2056/value - {"text":"Unit"}
COMMAND: GET /session/ea2377afc02bbf13296b49c868bb39bc/screenshot - {}
RESULT: {"text":"Unit"}
COMMAND: GET /session/ea2377afc02bbf13296b49c868bb39bc/screenshot - {}
RESULT: {}
RESULT: {}
COMMAND: POST /session/ea2377afc02bbf13296b49c868bb39bc/actions - {"actions":[{"id":"action7","type":"key","parameters":{},"actions":[{"type":"keyDown","value":"î€‡"},{"type":"pause","duration":10},{"type":"keyUp","value":"î€‡"}]}]}
RESULT: {"actions":[{"id":"action7","type":"key","parameters":{},"actions":[{"type":"keyDown","value":"î€‡"},{"type":"pause","duration":10},{"type":"keyUp","value":"î€‡"}]}]}
COMMAND: POST /session/ea2377afc02bbf13296b49c868bb39bc/element - {"using":"xpath","value":"//input[@id=\"application-managesites-display-component---NewSite--addressDetailDetailsYard-inner\"]"}
COMMAND: GET /session/ea2377afc02bbf13296b49c868bb39bc/screenshot - {}
RESULT: {"using":"xpath","value":"//input[@id=\"application-managesites-display-component---NewSite--addressDetailDetailsYard-inner\"]"}
COMMAND: POST /session/ea2377afc02bbf13296b49c868bb39bc/element/f.E22896224DAB0D107D3E889F8C0ECED7.d.CA8A00B46C5FB233F31A40728ACC1D20.e.2057/clear - {}
RESULT: {}
RESULT: {}
COMMAND: POST /session/ea2377afc02bbf13296b49c868bb39bc/element/f.E22896224DAB0D107D3E889F8C0ECED7.d.CA8A00B46C5FB233F31A40728ACC1D20.e.2057/value - {"text":"575"}
COMMAND: GET /session/ea2377afc02bbf13296b49c868bb39bc/screenshot - {}
RESULT: {"text":"575"}
COMMAND: GET /session/ea2377afc02bbf13296b49c868bb39bc/screenshot - {}
RESULT: {}
RESULT: {}
COMMAND: POST /session/ea2377afc02bbf13296b49c868bb39bc/element - {"using":"xpath","value":"//li[.//span[text()='575']]"}
RESULT: {"using":"xpath","value":"//li[.//span[text()='575']]"}
COMMAND: POST /session/ea2377afc02bbf13296b49c868bb39bc/element/f.E22896224DAB0D107D3E889F8C0ECED7.d.CA8A00B46C5FB233F31A40728ACC1D20.e.2318/click - {}
RESULT: {}
COMMAND: GET /session/ea2377afc02bbf13296b49c868bb39bc/screenshot - {}
RESULT: {}
COMMAND: POST /session/ea2377afc02bbf13296b49c868bb39bc/element - {"using":"xpath","value":"//input[@id=\"application-managesites-display-component---NewSite--addressDetailDetailsPartner-inner\"]"}
RESULT: {"using":"xpath","value":"//input[@id=\"application-managesites-display-component---NewSite--addressDetailDetailsPartner-inner\"]"}
COMMAND: POST /session/ea2377afc02bbf13296b49c868bb39bc/element - {"using":"xpath","value":"//input[@id=\"application-managesites-display-component---NewSite--addressDetailDetailsPartner-inner\"]"}
RESULT: {"using":"xpath","value":"//input[@id=\"application-managesites-display-component---NewSite--addressDetailDetailsPartner-inner\"]"}
COMMAND: POST /session/ea2377afc02bbf13296b49c868bb39bc/element - {"using":"xpath","value":"//button[@data-kt=\"saveButton\"]"}
RESULT: {"using":"xpath","value":"//button[@data-kt=\"saveButton\"]"}
COMMAND: POST /session/ea2377afc02bbf13296b49c868bb39bc/element/f.E22896224DAB0D107D3E889F8C0ECED7.d.CA8A00B46C5FB233F31A40728ACC1D20.e.2223/click - {}
RESULT: {}
COMMAND: GET /session/ea2377afc02bbf13296b49c868bb39bc/screenshot - {}
RESULT: {}
COMMAND: POST /session/ea2377afc02bbf13296b49c868bb39bc/element - {"using":"xpath","value":"//header[contains(@id, 'ObjectPageLayout-headerTitle')]/div[1]/div[2]/div[2]/span[1]"}
RESULT: {"using":"xpath","value":"//header[contains(@id, 'ObjectPageLayout-headerTitle')]/div[1]/div[2]/div[2]/span[1]"}
COMMAND: POST /session/ea2377afc02bbf13296b49c868bb39bc/elements - {"using":"xpath","value":"//header[contains(@id, 'ObjectPageLayout-headerTitle')]/div[1]/div[2]/div[2]/span[1]"}
RESULT: {"using":"xpath","value":"//header[contains(@id, 'ObjectPageLayout-headerTitle')]/div[1]/div[2]/div[2]/span[1]"}
COMMAND: POST /session/ea2377afc02bbf13296b49c868bb39bc/execute/sync - {"script":"<script> [56 bytes]","args":[{"element-6066-11e4-a52e-4f735466cecf":"f.E22896224DAB0D107D3E889F8C0ECED7.d.CA8A00B46C5FB233F31A40728ACC1D20.e.2522","ELEMENT":"f.E22896224DAB0D107D3E889F8C0ECED7.d.CA8A00B46C5FB233F31A40728ACC1D20.e.2522"}]}
RESULT: {"script":"<script> [56 bytes]","args":[{"element-6066-11e4-a52e-4f735466cecf":"f.E22896224DAB0D107D3E889F8C0ECED7.d.CA8A00B46C5FB233F31A40728ACC1D20.e.2522","ELEMENT":"f.E22896224DAB0D107D3E889F8C0ECED7.d.CA8A00B46C5FB233F31A40728ACC1D20.e.2522"}]}
COMMAND: POST /session/ea2377afc02bbf13296b49c868bb39bc/element - {"using":"css selector","value":"#shell-header-logo"}
COMMAND: GET /session/ea2377afc02bbf13296b49c868bb39bc/screenshot - {}
RESULT: {"using":"css selector","value":"#shell-header-logo"}
COMMAND: POST /session/ea2377afc02bbf13296b49c868bb39bc/element/f.E22896224DAB0D107D3E889F8C0ECED7.d.CA8A00B46C5FB233F31A40728ACC1D20.e.1812/click - {}
RESULT: {}
RESULT: {}
COMMAND: GET /session/ea2377afc02bbf13296b49c868bb39bc/screenshot - {}
RESULT: {}
COMMAND: POST /session/ea2377afc02bbf13296b49c868bb39bc/execute/sync - {"script":"<script> [299 bytes]","args":[["getModel","getResource"]]}
RESULT: {"script":"<script> [299 bytes]","args":[["getModel","getResource"]]}
COMMAND: GET /session/ea2377afc02bbf13296b49c868bb39bc/screenshot - {}
]]></system-out>
    </testcase>
    <testcase classname="chrome.136_0_7103_93.windows.Billing_Transfer_-_Master_data_&amp;_Intercompany_US127250" name="Should create a new equipment" time="139.264">
      <system-out><![CDATA[
COMMAND: POST /session/ea2377afc02bbf13296b49c868bb39bc/execute/async - {"script":"<script> [1562 bytes]","args":[{"selector":{"controlType":"sap.m.GenericTile","properties":{"header":"Manage Resources"}},"wdio_ui5_key":"sapm.GenericTile{\"header\":\"Manage Resources\"}"}]}
RESULT: {}
RESULT: {"script":"<script> [1562 bytes]","args":[{"selector":{"controlType":"sap.m.GenericTile","properties":{"header":"Manage Resources"}},"wdio_ui5_key":"sapm.GenericTile{\"header\":\"Manage Resources\"}"}]}
RESULT: undefined
COMMAND: POST /session/ea2377afc02bbf13296b49c868bb39bc/element - {"using":"xpath","value":"//*[@id=\"__tile39\"]"}
RESULT: {"using":"xpath","value":"//*[@id=\"__tile39\"]"}
COMMAND: POST /session/ea2377afc02bbf13296b49c868bb39bc/element/f.E22896224DAB0D107D3E889F8C0ECED7.d.CA8A00B46C5FB233F31A40728ACC1D20.e.171/click - {}
RESULT: {}
COMMAND: GET /session/ea2377afc02bbf13296b49c868bb39bc/screenshot - {}
RESULT: {}
COMMAND: POST /session/ea2377afc02bbf13296b49c868bb39bc/elements - {"using":"xpath","value":"//span[text()='Error']"}
RESULT: {"using":"xpath","value":"//span[text()='Error']"}
COMMAND: POST /session/ea2377afc02bbf13296b49c868bb39bc/element - {"using":"xpath","value":"//button[@data-kt=\"addNewRUOverflowToolbarButton\"]"}
RESULT: {"using":"xpath","value":"//button[@data-kt=\"addNewRUOverflowToolbarButton\"]"}
COMMAND: POST /session/ea2377afc02bbf13296b49c868bb39bc/elements - {"using":"xpath","value":"//button[@data-kt=\"addNewRUOverflowToolbarButton\"]"}
RESULT: {"using":"xpath","value":"//button[@data-kt=\"addNewRUOverflowToolbarButton\"]"}
COMMAND: POST /session/ea2377afc02bbf13296b49c868bb39bc/elements - {"using":"xpath","value":"//button[@data-kt=\"addNewRUOverflowToolbarButton\"]"}
RESULT: {"using":"xpath","value":"//button[@data-kt=\"addNewRUOverflowToolbarButton\"]"}
COMMAND: POST /session/ea2377afc02bbf13296b49c868bb39bc/element - {"using":"xpath","value":"//button[@data-kt=\"addNewRUOverflowToolbarButton\"]"}
RESULT: {"using":"xpath","value":"//button[@data-kt=\"addNewRUOverflowToolbarButton\"]"}
COMMAND: POST /session/ea2377afc02bbf13296b49c868bb39bc/execute/sync - {"script":"<script> [8489 bytes]","args":[{"element-6066-11e4-a52e-4f735466cecf":"f.E22896224DAB0D107D3E889F8C0ECED7.d.CA8A00B46C5FB233F31A40728ACC1D20.e.2565","ELEMENT":"f.E22896224DAB0D107D3E889F8C0ECED7.d.CA8A00B46C5FB233F31A40728ACC1D20.e.2565"}]}
RESULT: {"script":"<script> [8489 bytes]","args":[{"element-6066-11e4-a52e-4f735466cecf":"f.E22896224DAB0D107D3E889F8C0ECED7.d.CA8A00B46C5FB233F31A40728ACC1D20.e.2565","ELEMENT":"f.E22896224DAB0D107D3E889F8C0ECED7.d.CA8A00B46C5FB233F31A40728ACC1D20.e.2565"}]}
COMMAND: GET /session/ea2377afc02bbf13296b49c868bb39bc/element/f.E22896224DAB0D107D3E889F8C0ECED7.d.CA8A00B46C5FB233F31A40728ACC1D20.e.2565/enabled - {}
COMMAND: GET /session/ea2377afc02bbf13296b49c868bb39bc/screenshot - {}
RESULT: {}
COMMAND: POST /session/ea2377afc02bbf13296b49c868bb39bc/execute/sync - {"script":"<script> [8489 bytes]","args":[{"element-6066-11e4-a52e-4f735466cecf":"f.E22896224DAB0D107D3E889F8C0ECED7.d.CA8A00B46C5FB233F31A40728ACC1D20.e.2565","ELEMENT":"f.E22896224DAB0D107D3E889F8C0ECED7.d.CA8A00B46C5FB233F31A40728ACC1D20.e.2565"}]}
COMMAND: GET /session/ea2377afc02bbf13296b49c868bb39bc/screenshot - {}
RESULT: {}
RESULT: {"script":"<script> [8489 bytes]","args":[{"element-6066-11e4-a52e-4f735466cecf":"f.E22896224DAB0D107D3E889F8C0ECED7.d.CA8A00B46C5FB233F31A40728ACC1D20.e.2565","ELEMENT":"f.E22896224DAB0D107D3E889F8C0ECED7.d.CA8A00B46C5FB233F31A40728ACC1D20.e.2565"}]}
COMMAND: POST /session/ea2377afc02bbf13296b49c868bb39bc/execute/sync - {"script":"<script> [5351 bytes]","args":[{"element-6066-11e4-a52e-4f735466cecf":"f.E22896224DAB0D107D3E889F8C0ECED7.d.CA8A00B46C5FB233F31A40728ACC1D20.e.2565","ELEMENT":"f.E22896224DAB0D107D3E889F8C0ECED7.d.CA8A00B46C5FB233F31A40728ACC1D20.e.2565"}]}
COMMAND: GET /session/ea2377afc02bbf13296b49c868bb39bc/screenshot - {}
RESULT: {}
RESULT: {"script":"<script> [5351 bytes]","args":[{"element-6066-11e4-a52e-4f735466cecf":"f.E22896224DAB0D107D3E889F8C0ECED7.d.CA8A00B46C5FB233F31A40728ACC1D20.e.2565","ELEMENT":"f.E22896224DAB0D107D3E889F8C0ECED7.d.CA8A00B46C5FB233F31A40728ACC1D20.e.2565"}]}
COMMAND: POST /session/ea2377afc02bbf13296b49c868bb39bc/element/f.E22896224DAB0D107D3E889F8C0ECED7.d.CA8A00B46C5FB233F31A40728ACC1D20.e.2565/click - {}
COMMAND: GET /session/ea2377afc02bbf13296b49c868bb39bc/screenshot - {}
RESULT: {}
RESULT: {}
COMMAND: GET /session/ea2377afc02bbf13296b49c868bb39bc/screenshot - {}
COMMAND: POST /session/ea2377afc02bbf13296b49c868bb39bc/execute/async - {"script":"<script> [1562 bytes]","args":[{"selector":{"id":"application-manageresources-display-component---newResourceUnit--TYPE-arrow"},"wdio_ui5_key":"applicationmanageresources-display-component---newResourceUnit--TYPE-arrow"}]}
RESULT: {}
RESULT: {}
RESULT: {"script":"<script> [1562 bytes]","args":[{"selector":{"id":"application-manageresources-display-component---newResourceUnit--TYPE-arrow"},"wdio_ui5_key":"applicationmanageresources-display-component---newResourceUnit--TYPE-arrow"}]}
RESULT: undefined
COMMAND: POST /session/ea2377afc02bbf13296b49c868bb39bc/element - {"using":"xpath","value":"//*[@id=\"application-manageresources-display-component---newResourceUnit--TYPE-arrow\"]"}
RESULT: {"using":"xpath","value":"//*[@id=\"application-manageresources-display-component---newResourceUnit--TYPE-arrow\"]"}
COMMAND: POST /session/ea2377afc02bbf13296b49c868bb39bc/element/f.E22896224DAB0D107D3E889F8C0ECED7.d.CA8A00B46C5FB233F31A40728ACC1D20.e.2909/click - {}
RESULT: {}
COMMAND: POST /session/ea2377afc02bbf13296b49c868bb39bc/element - {"using":"xpath","value":"//input[@id=\"application-manageresources-display-component---newResourceUnit--TYPE-inner\"]"}
COMMAND: GET /session/ea2377afc02bbf13296b49c868bb39bc/screenshot - {}
RESULT: {"using":"xpath","value":"//input[@id=\"application-manageresources-display-component---newResourceUnit--TYPE-inner\"]"}
COMMAND: POST /session/ea2377afc02bbf13296b49c868bb39bc/element/f.E22896224DAB0D107D3E889F8C0ECED7.d.CA8A00B46C5FB233F31A40728ACC1D20.e.2904/clear - {}
RESULT: {}
RESULT: {}
COMMAND: POST /session/ea2377afc02bbf13296b49c868bb39bc/element/f.E22896224DAB0D107D3E889F8C0ECED7.d.CA8A00B46C5FB233F31A40728ACC1D20.e.2904/value - {"text":"Equipment"}
COMMAND: GET /session/ea2377afc02bbf13296b49c868bb39bc/screenshot - {}
RESULT: {"text":"Equipment"}
COMMAND: GET /session/ea2377afc02bbf13296b49c868bb39bc/screenshot - {}
RESULT: {}
RESULT: {}
COMMAND: POST /session/ea2377afc02bbf13296b49c868bb39bc/actions - {"actions":[{"id":"action8","type":"key","parameters":{},"actions":[{"type":"keyDown","value":"î€‡"},{"type":"pause","duration":10},{"type":"keyUp","value":"î€‡"}]}]}
RESULT: {"actions":[{"id":"action8","type":"key","parameters":{},"actions":[{"type":"keyDown","value":"î€‡"},{"type":"pause","duration":10},{"type":"keyUp","value":"î€‡"}]}]}
COMMAND: POST /session/ea2377afc02bbf13296b49c868bb39bc/execute/async - {"script":"<script> [1562 bytes]","args":[{"selector":{"id":"application-manageresources-display-component---newResourceUnit--resourceId","interaction":{"idSuffix":"inner"}},"wdio_ui5_key":"applicationmanageresources-display-component---newResourceUnit--resourceId"}]}
COMMAND: GET /session/ea2377afc02bbf13296b49c868bb39bc/screenshot - {}
RESULT: {"script":"<script> [1562 bytes]","args":[{"selector":{"id":"application-manageresources-display-component---newResourceUnit--resourceId","interaction":{"idSuffix":"inner"}},"wdio_ui5_key":"applicationmanageresources-display-component---newResourceUnit--resourceId"}]}
RESULT: undefined
COMMAND: POST /session/ea2377afc02bbf13296b49c868bb39bc/execute/async - {"script":"<script> [776 bytes]","args":[{"enterText":"ui1R1rWlZ9","selector":{"id":"application-manageresources-display-component---newResourceUnit--resourceId","interaction":{"idSuffix":"inner"}},"clearTextFirst":true,"interactionType":"ENTER_TEXT"}]}
RESULT: {}
RESULT: {"script":"<script> [776 bytes]","args":[{"enterText":"ui1R1rWlZ9","selector":{"id":"application-manageresources-display-component---newResourceUnit--resourceId","interaction":{"idSuffix":"inner"}},"clearTextFirst":true,"interactionType":"ENTER_TEXT"}]}
COMMAND: POST /session/ea2377afc02bbf13296b49c868bb39bc/execute/async - {"script":"<script> [1562 bytes]","args":[{"selector":{"id":"application-manageresources-display-component---newResourceUnit--SHORT_TEXT","interaction":{"idSuffix":"inner"}},"wdio_ui5_key":"applicationmanageresources-display-component---newResourceUnit--SHORT_TEXT"}]}
RESULT: {"script":"<script> [1562 bytes]","args":[{"selector":{"id":"application-manageresources-display-component---newResourceUnit--SHORT_TEXT","interaction":{"idSuffix":"inner"}},"wdio_ui5_key":"applicationmanageresources-display-component---newResourceUnit--SHORT_TEXT"}]}
RESULT: undefined
COMMAND: POST /session/ea2377afc02bbf13296b49c868bb39bc/execute/async - {"script":"<script> [776 bytes]","args":[{"enterText":"Intercompany Equipment WDIO","selector":{"id":"application-manageresources-display-component---newResourceUnit--SHORT_TEXT","interaction":{"idSuffix":"inner"}},"clearTextFirst":true,"interactionType":"ENTER_TEXT"}]}
RESULT: {"script":"<script> [776 bytes]","args":[{"enterText":"Intercompany Equipment WDIO","selector":{"id":"application-manageresources-display-component---newResourceUnit--SHORT_TEXT","interaction":{"idSuffix":"inner"}},"clearTextFirst":true,"interactionType":"ENTER_TEXT"}]}
COMMAND: POST /session/ea2377afc02bbf13296b49c868bb39bc/execute/async - {"script":"<script> [1562 bytes]","args":[{"selector":{"id":"application-manageresources-display-component---newResourceUnit--BASE_UNIT_OF_MEASURE","interaction":{"idSuffix":"inner"}},"wdio_ui5_key":"applicationmanageresources-display-component---newResourceUnit--BASE_UNIT_OF_MEASURE"}]}
RESULT: {"script":"<script> [1562 bytes]","args":[{"selector":{"id":"application-manageresources-display-component---newResourceUnit--BASE_UNIT_OF_MEASURE","interaction":{"idSuffix":"inner"}},"wdio_ui5_key":"applicationmanageresources-display-component---newResourceUnit--BASE_UNIT_OF_MEASURE"}]}
RESULT: undefined
COMMAND: POST /session/ea2377afc02bbf13296b49c868bb39bc/execute/async - {"script":"<script> [776 bytes]","args":[{"enterText":"Piece","selector":{"id":"application-manageresources-display-component---newResourceUnit--BASE_UNIT_OF_MEASURE","interaction":{"idSuffix":"inner"}},"clearTextFirst":true,"interactionType":"ENTER_TEXT"}]}
RESULT: {"script":"<script> [776 bytes]","args":[{"enterText":"Piece","selector":{"id":"application-manageresources-display-component---newResourceUnit--BASE_UNIT_OF_MEASURE","interaction":{"idSuffix":"inner"}},"clearTextFirst":true,"interactionType":"ENTER_TEXT"}]}
COMMAND: POST /session/ea2377afc02bbf13296b49c868bb39bc/execute/async - {"script":"<script> [1562 bytes]","args":[{"selector":{"id":"application-manageresources-display-component---newResourceUnit--WEIGHT_UNIT","interaction":{"idSuffix":"inner"}},"wdio_ui5_key":"applicationmanageresources-display-component---newResourceUnit--WEIGHT_UNIT"}]}
RESULT: {"script":"<script> [1562 bytes]","args":[{"selector":{"id":"application-manageresources-display-component---newResourceUnit--WEIGHT_UNIT","interaction":{"idSuffix":"inner"}},"wdio_ui5_key":"applicationmanageresources-display-component---newResourceUnit--WEIGHT_UNIT"}]}
RESULT: undefined
COMMAND: POST /session/ea2377afc02bbf13296b49c868bb39bc/execute/async - {"script":"<script> [776 bytes]","args":[{"enterText":"Gram","selector":{"id":"application-manageresources-display-component---newResourceUnit--WEIGHT_UNIT","interaction":{"idSuffix":"inner"}},"clearTextFirst":true,"interactionType":"ENTER_TEXT"}]}
RESULT: {"script":"<script> [776 bytes]","args":[{"enterText":"Gram","selector":{"id":"application-manageresources-display-component---newResourceUnit--WEIGHT_UNIT","interaction":{"idSuffix":"inner"}},"clearTextFirst":true,"interactionType":"ENTER_TEXT"}]}
COMMAND: POST /session/ea2377afc02bbf13296b49c868bb39bc/execute/async - {"script":"<script> [1562 bytes]","args":[{"selector":{"id":"application-manageresources-display-component---newResourceUnit--DIMENSION_UNIT","interaction":{"idSuffix":"inner"}},"wdio_ui5_key":"applicationmanageresources-display-component---newResourceUnit--DIMENSION_UNIT"}]}
RESULT: {"script":"<script> [1562 bytes]","args":[{"selector":{"id":"application-manageresources-display-component---newResourceUnit--DIMENSION_UNIT","interaction":{"idSuffix":"inner"}},"wdio_ui5_key":"applicationmanageresources-display-component---newResourceUnit--DIMENSION_UNIT"}]}
RESULT: undefined
COMMAND: POST /session/ea2377afc02bbf13296b49c868bb39bc/execute/async - {"script":"<script> [776 bytes]","args":[{"enterText":"Meter","selector":{"id":"application-manageresources-display-component---newResourceUnit--DIMENSION_UNIT","interaction":{"idSuffix":"inner"}},"clearTextFirst":true,"interactionType":"ENTER_TEXT"}]}
RESULT: {"script":"<script> [776 bytes]","args":[{"enterText":"Meter","selector":{"id":"application-manageresources-display-component---newResourceUnit--DIMENSION_UNIT","interaction":{"idSuffix":"inner"}},"clearTextFirst":true,"interactionType":"ENTER_TEXT"}]}
COMMAND: POST /session/ea2377afc02bbf13296b49c868bb39bc/execute/async - {"script":"<script> [1562 bytes]","args":[{"selector":{"id":"application-manageresources-display-component---newResourceUnit--newRRUPage-anchBar-application-manageresources-display-component---newResourceUnit--control-anchor","interaction":{"idSuffix":"BDI-content"}},"wdio_ui5_key":"applicationmanageresources-display-component---newResourceUnit--newRRUPage-anchBar-application-manageresources-display-component---newResourceUnit--control-anchor"}]}
RESULT: {"script":"<script> [1562 bytes]","args":[{"selector":{"id":"application-manageresources-display-component---newResourceUnit--newRRUPage-anchBar-application-manageresources-display-component---newResourceUnit--control-anchor","interaction":{"idSuffix":"BDI-content"}},"wdio_ui5_key":"applicationmanageresources-display-component---newResourceUnit--newRRUPage-anchBar-application-manageresources-display-component---newResourceUnit--control-anchor"}]}
RESULT: undefined
COMMAND: POST /session/ea2377afc02bbf13296b49c868bb39bc/element - {"using":"xpath","value":"//*[@id=\"application-manageresources-display-component---newResourceUnit--newRRUPage-anchBar-application-manageresources-display-component---newResourceUnit--control-anchor\"]"}
RESULT: {"using":"xpath","value":"//*[@id=\"application-manageresources-display-component---newResourceUnit--newRRUPage-anchBar-application-manageresources-display-component---newResourceUnit--control-anchor\"]"}
COMMAND: POST /session/ea2377afc02bbf13296b49c868bb39bc/element/f.E22896224DAB0D107D3E889F8C0ECED7.d.CA8A00B46C5FB233F31A40728ACC1D20.e.3038/click - {}
RESULT: {}
COMMAND: POST /session/ea2377afc02bbf13296b49c868bb39bc/execute/async - {"script":"<script> [1562 bytes]","args":[{"selector":{"id":"application-manageresources-display-component---newResourceUnit--PLANNING_GROUP","interaction":{"idSuffix":"inner"}},"wdio_ui5_key":"applicationmanageresources-display-component---newResourceUnit--PLANNING_GROUP"}]}
COMMAND: GET /session/ea2377afc02bbf13296b49c868bb39bc/screenshot - {}
RESULT: {"script":"<script> [1562 bytes]","args":[{"selector":{"id":"application-manageresources-display-component---newResourceUnit--PLANNING_GROUP","interaction":{"idSuffix":"inner"}},"wdio_ui5_key":"applicationmanageresources-display-component---newResourceUnit--PLANNING_GROUP"}]}
RESULT: undefined
COMMAND: POST /session/ea2377afc02bbf13296b49c868bb39bc/execute/async - {"script":"<script> [776 bytes]","args":[{"enterText":"Heavy Equi","selector":{"id":"application-manageresources-display-component---newResourceUnit--PLANNING_GROUP","interaction":{"idSuffix":"inner"}},"clearTextFirst":true,"interactionType":"ENTER_TEXT"}]}
RESULT: {}
RESULT: {"script":"<script> [776 bytes]","args":[{"enterText":"Heavy Equi","selector":{"id":"application-manageresources-display-component---newResourceUnit--PLANNING_GROUP","interaction":{"idSuffix":"inner"}},"clearTextFirst":true,"interactionType":"ENTER_TEXT"}]}
COMMAND: POST /session/ea2377afc02bbf13296b49c868bb39bc/execute/async - {"script":"<script> [1562 bytes]","args":[{"selector":{"id":"application-manageresources-display-component---newResourceUnit--ITEM_TYPE-arrow"},"wdio_ui5_key":"applicationmanageresources-display-component---newResourceUnit--ITEM_TYPE-arrow"}]}
RESULT: {"script":"<script> [1562 bytes]","args":[{"selector":{"id":"application-manageresources-display-component---newResourceUnit--ITEM_TYPE-arrow"},"wdio_ui5_key":"applicationmanageresources-display-component---newResourceUnit--ITEM_TYPE-arrow"}]}
RESULT: undefined
COMMAND: POST /session/ea2377afc02bbf13296b49c868bb39bc/element - {"using":"xpath","value":"//*[@id=\"application-manageresources-display-component---newResourceUnit--ITEM_TYPE-arrow\"]"}
RESULT: {"using":"xpath","value":"//*[@id=\"application-manageresources-display-component---newResourceUnit--ITEM_TYPE-arrow\"]"}
COMMAND: POST /session/ea2377afc02bbf13296b49c868bb39bc/element/f.E22896224DAB0D107D3E889F8C0ECED7.d.CA8A00B46C5FB233F31A40728ACC1D20.e.3047/click - {}
RESULT: {}
COMMAND: POST /session/ea2377afc02bbf13296b49c868bb39bc/element - {"using":"xpath","value":"(//span[contains(text(), \"Resource Unit\")])[2]"}
COMMAND: GET /session/ea2377afc02bbf13296b49c868bb39bc/screenshot - {}
RESULT: {"using":"xpath","value":"(//span[contains(text(), \"Resource Unit\")])[2]"}
COMMAND: POST /session/ea2377afc02bbf13296b49c868bb39bc/element/f.E22896224DAB0D107D3E889F8C0ECED7.d.CA8A00B46C5FB233F31A40728ACC1D20.e.3048/click - {}
RESULT: {}
RESULT: {}
COMMAND: GET /session/ea2377afc02bbf13296b49c868bb39bc/screenshot - {}
RESULT: {}
COMMAND: POST /session/ea2377afc02bbf13296b49c868bb39bc/element - {"using":"css selector","value":"#application-manageresources-display-component---newResourceUnit--btnAddTimeSegment"}
RESULT: {"using":"css selector","value":"#application-manageresources-display-component---newResourceUnit--btnAddTimeSegment"}
COMMAND: GET /session/ea2377afc02bbf13296b49c868bb39bc/element/f.E22896224DAB0D107D3E889F8C0ECED7.d.CA8A00B46C5FB233F31A40728ACC1D20.e.3049/rect - {}
RESULT: {}
COMMAND: GET /session/ea2377afc02bbf13296b49c868bb39bc/window/rect - {}
RESULT: {}
COMMAND: POST /session/ea2377afc02bbf13296b49c868bb39bc/execute/sync - {"script":"<script> [92 bytes]","args":[]}
RESULT: {"script":"<script> [92 bytes]","args":[]}
COMMAND: POST /session/ea2377afc02bbf13296b49c868bb39bc/actions - {"actions":[{"id":"action9","type":"wheel","parameters":{},"actions":[{"type":"scroll","x":-1888,"y":-32,"deltaX":0,"deltaY":0,"duration":0,"origin":{"element-6066-11e4-a52e-4f735466cecf":"f.E22896224DAB0D107D3E889F8C0ECED7.d.CA8A00B46C5FB233F31A40728ACC1D20.e.3049"}}]}]}
COMMAND: GET /session/ea2377afc02bbf13296b49c868bb39bc/screenshot - {}
RESULT: {}
COMMAND: POST /session/ea2377afc02bbf13296b49c868bb39bc/execute/sync - {"script":"<script> [79 bytes]","args":[{"element-6066-11e4-a52e-4f735466cecf":"f.E22896224DAB0D107D3E889F8C0ECED7.d.CA8A00B46C5FB233F31A40728ACC1D20.e.3049","ELEMENT":"f.E22896224DAB0D107D3E889F8C0ECED7.d.CA8A00B46C5FB233F31A40728ACC1D20.e.3049"},{"block":"start","inline":"nearest"}]}
RESULT: {"script":"<script> [79 bytes]","args":[{"element-6066-11e4-a52e-4f735466cecf":"f.E22896224DAB0D107D3E889F8C0ECED7.d.CA8A00B46C5FB233F31A40728ACC1D20.e.3049","ELEMENT":"f.E22896224DAB0D107D3E889F8C0ECED7.d.CA8A00B46C5FB233F31A40728ACC1D20.e.3049"},{"block":"start","inline":"nearest"}]}
COMMAND: POST /session/ea2377afc02bbf13296b49c868bb39bc/execute/async - {"script":"<script> [1562 bytes]","args":[{"selector":{"id":"application-manageresources-display-component---newResourceUnit--btnAddTimeSegment","interaction":{"idSuffix":"inner"}},"wdio_ui5_key":"applicationmanageresources-display-component---newResourceUnit--btnAddTimeSegment"}]}
COMMAND: GET /session/ea2377afc02bbf13296b49c868bb39bc/screenshot - {}
RESULT: {"script":"<script> [1562 bytes]","args":[{"selector":{"id":"application-manageresources-display-component---newResourceUnit--btnAddTimeSegment","interaction":{"idSuffix":"inner"}},"wdio_ui5_key":"applicationmanageresources-display-component---newResourceUnit--btnAddTimeSegment"}]}
RESULT: undefined
COMMAND: POST /session/ea2377afc02bbf13296b49c868bb39bc/element - {"using":"xpath","value":"//*[@id=\"application-manageresources-display-component---newResourceUnit--btnAddTimeSegment\"]"}
RESULT: {}
RESULT: {"using":"xpath","value":"//*[@id=\"application-manageresources-display-component---newResourceUnit--btnAddTimeSegment\"]"}
COMMAND: POST /session/ea2377afc02bbf13296b49c868bb39bc/element/f.E22896224DAB0D107D3E889F8C0ECED7.d.CA8A00B46C5FB233F31A40728ACC1D20.e.3049/click - {}
RESULT: {}
COMMAND: GET /session/ea2377afc02bbf13296b49c868bb39bc/screenshot - {}
RESULT: {}
COMMAND: POST /session/ea2377afc02bbf13296b49c868bb39bc/element - {"using":"xpath","value":"//input[@id=\"application-manageresources-display-component---newResourceUnit--idRuTSAdmin-application-manageresources-display-component---newResourceUnit--RUTimeSegment-0-inner\"]"}
RESULT: {"using":"xpath","value":"//input[@id=\"application-manageresources-display-component---newResourceUnit--idRuTSAdmin-application-manageresources-display-component---newResourceUnit--RUTimeSegment-0-inner\"]"}
COMMAND: POST /session/ea2377afc02bbf13296b49c868bb39bc/element/f.E22896224DAB0D107D3E889F8C0ECED7.d.CA8A00B46C5FB233F31A40728ACC1D20.e.3055/clear - {}
RESULT: {}
COMMAND: POST /session/ea2377afc02bbf13296b49c868bb39bc/element/f.E22896224DAB0D107D3E889F8C0ECED7.d.CA8A00B46C5FB233F31A40728ACC1D20.e.3055/value - {"text":"575"}
COMMAND: GET /session/ea2377afc02bbf13296b49c868bb39bc/screenshot - {}
RESULT: {"text":"575"}
COMMAND: GET /session/ea2377afc02bbf13296b49c868bb39bc/screenshot - {}
RESULT: {}
RESULT: {}
COMMAND: POST /session/ea2377afc02bbf13296b49c868bb39bc/element - {"using":"xpath","value":"//li[.//span[text()='575']]"}
RESULT: {"using":"xpath","value":"//li[.//span[text()='575']]"}
COMMAND: POST /session/ea2377afc02bbf13296b49c868bb39bc/element/f.E22896224DAB0D107D3E889F8C0ECED7.d.CA8A00B46C5FB233F31A40728ACC1D20.e.3068/click - {}
RESULT: {}
COMMAND: GET /session/ea2377afc02bbf13296b49c868bb39bc/screenshot - {}
RESULT: {}
COMMAND: POST /session/ea2377afc02bbf13296b49c868bb39bc/element - {"using":"xpath","value":"(//span[contains(@id, \"-application-manageresources-display-component---newResourceUnit--RUTimeSegment-0-arrow\")])[6]"}
RESULT: {"using":"xpath","value":"(//span[contains(@id, \"-application-manageresources-display-component---newResourceUnit--RUTimeSegment-0-arrow\")])[6]"}
COMMAND: POST /session/ea2377afc02bbf13296b49c868bb39bc/element/f.E22896224DAB0D107D3E889F8C0ECED7.d.CA8A00B46C5FB233F31A40728ACC1D20.e.3069/click - {}
RESULT: {}
COMMAND: GET /session/ea2377afc02bbf13296b49c868bb39bc/screenshot - {}
RESULT: {}
COMMAND: POST /session/ea2377afc02bbf13296b49c868bb39bc/element - {"using":"xpath","value":"//span[contains(text(), \"PM Order\")]"}
RESULT: {"using":"xpath","value":"//span[contains(text(), \"PM Order\")]"}
COMMAND: POST /session/ea2377afc02bbf13296b49c868bb39bc/element/f.E22896224DAB0D107D3E889F8C0ECED7.d.CA8A00B46C5FB233F31A40728ACC1D20.e.3072/click - {}
RESULT: {}
COMMAND: GET /session/ea2377afc02bbf13296b49c868bb39bc/screenshot - {}
RESULT: {}
COMMAND: POST /session/ea2377afc02bbf13296b49c868bb39bc/element - {"using":"xpath","value":"(//span[contains(@id ,\"manageresources-display-component---newResourceUnit--RUTimeSegment-0-vhi\")])[1]"}
RESULT: {"using":"xpath","value":"(//span[contains(@id ,\"manageresources-display-component---newResourceUnit--RUTimeSegment-0-vhi\")])[1]"}
COMMAND: GET /session/ea2377afc02bbf13296b49c868bb39bc/element/f.E22896224DAB0D107D3E889F8C0ECED7.d.CA8A00B46C5FB233F31A40728ACC1D20.e.3076/rect - {}
RESULT: {}
COMMAND: GET /session/ea2377afc02bbf13296b49c868bb39bc/window/rect - {}
RESULT: {}
COMMAND: POST /session/ea2377afc02bbf13296b49c868bb39bc/execute/sync - {"script":"<script> [92 bytes]","args":[]}
RESULT: {"script":"<script> [92 bytes]","args":[]}
COMMAND: POST /session/ea2377afc02bbf13296b49c868bb39bc/actions - {"actions":[{"id":"action10","type":"wheel","parameters":{},"actions":[{"type":"scroll","x":-869,"y":-24,"deltaX":0,"deltaY":0,"duration":0,"origin":{"element-6066-11e4-a52e-4f735466cecf":"f.E22896224DAB0D107D3E889F8C0ECED7.d.CA8A00B46C5FB233F31A40728ACC1D20.e.3076"}}]}]}
COMMAND: GET /session/ea2377afc02bbf13296b49c868bb39bc/screenshot - {}
RESULT: {"actions":[{"id":"action10","type":"wheel","parameters":{},"actions":[{"type":"scroll","x":-869,"y":-24,"deltaX":0,"deltaY":0,"duration":0,"origin":{"element-6066-11e4-a52e-4f735466cecf":"f.E22896224DAB0D107D3E889F8C0ECED7.d.CA8A00B46C5FB233F31A40728ACC1D20.e.3076"}}]}]}
COMMAND: DELETE /session/ea2377afc02bbf13296b49c868bb39bc/actions - {}
COMMAND: GET /session/ea2377afc02bbf13296b49c868bb39bc/screenshot - {}
RESULT: {}
RESULT: {}
COMMAND: GET /session/ea2377afc02bbf13296b49c868bb39bc/screenshot - {}
RESULT: {}
RESULT: {}
COMMAND: POST /session/ea2377afc02bbf13296b49c868bb39bc/element/f.E22896224DAB0D107D3E889F8C0ECED7.d.CA8A00B46C5FB233F31A40728ACC1D20.e.3076/click - {}
RESULT: {}
COMMAND: GET /session/ea2377afc02bbf13296b49c868bb39bc/screenshot - {}
RESULT: {}
RESULT: undefined
COMMAND: POST /session/ea2377afc02bbf13296b49c868bb39bc/execute/async - {"script":"<script> [776 bytes]","args":[{"enterText":"4000360","selector":{"controlType":"sap.m.SearchField","properties":{"placeholder":"Search"},"searchOpenDialogs":true,"interaction":{"idSuffix":"I"}},"clearTextFirst":true,"interactionType":"ENTER_TEXT"}]}
RESULT: {"script":"<script> [776 bytes]","args":[{"enterText":"4000360","selector":{"controlType":"sap.m.SearchField","properties":{"placeholder":"Search"},"searchOpenDialogs":true,"interaction":{"idSuffix":"I"}},"clearTextFirst":true,"interactionType":"ENTER_TEXT"}]}
COMMAND: POST /session/ea2377afc02bbf13296b49c868bb39bc/actions - {"actions":[{"id":"action11","type":"key","parameters":{},"actions":[{"type":"keyDown","value":"î€‡"},{"type":"pause","duration":10},{"type":"keyUp","value":"î€‡"}]}]}
RESULT: {"actions":[{"id":"action11","type":"key","parameters":{},"actions":[{"type":"keyDown","value":"î€‡"},{"type":"pause","duration":10},{"type":"keyUp","value":"î€‡"}]}]}
COMMAND: GET /session/ea2377afc02bbf13296b49c868bb39bc/screenshot - {}
RESULT: {}
COMMAND: POST /session/ea2377afc02bbf13296b49c868bb39bc/element - {"using":"xpath","value":"//td/div/span[contains(text(), \"BGL Vehicles\")]"}
RESULT: {"using":"xpath","value":"//td/div/span[contains(text(), \"BGL Vehicles\")]"}
COMMAND: POST /session/ea2377afc02bbf13296b49c868bb39bc/element/f.E22896224DAB0D107D3E889F8C0ECED7.d.CA8A00B46C5FB233F31A40728ACC1D20.e.3097/click - {}
RESULT: {}
COMMAND: GET /session/ea2377afc02bbf13296b49c868bb39bc/screenshot - {}
RESULT: {}
COMMAND: POST /session/ea2377afc02bbf13296b49c868bb39bc/element - {"using":"xpath","value":"//bdi[contains(text(), \"OK\")]"}
RESULT: {"using":"xpath","value":"//bdi[contains(text(), \"OK\")]"}
COMMAND: POST /session/ea2377afc02bbf13296b49c868bb39bc/element/f.E22896224DAB0D107D3E889F8C0ECED7.d.CA8A00B46C5FB233F31A40728ACC1D20.e.3098/click - {}
RESULT: {}
COMMAND: GET /session/ea2377afc02bbf13296b49c868bb39bc/screenshot - {}
RESULT: {}
COMMAND: POST /session/ea2377afc02bbf13296b49c868bb39bc/execute/async - {"script":"<script> [1562 bytes]","args":[{"selector":{"id":"application-manageresources-display-component---newResourceUnit--newRRUPage-anchBar-application-manageresources-display-component---newResourceUnit--resource-anchor","interaction":{"idSuffix":"BDI-content"}},"wdio_ui5_key":"applicationmanageresources-display-component---newResourceUnit--newRRUPage-anchBar-application-manageresources-display-component---newResourceUnit--resource-anchor"}]}
RESULT: {"script":"<script> [1562 bytes]","args":[{"selector":{"id":"application-manageresources-display-component---newResourceUnit--newRRUPage-anchBar-application-manageresources-display-component---newResourceUnit--resource-anchor","interaction":{"idSuffix":"BDI-content"}},"wdio_ui5_key":"applicationmanageresources-display-component---newResourceUnit--newRRUPage-anchBar-application-manageresources-display-component---newResourceUnit--resource-anchor"}]}
RESULT: undefined
COMMAND: POST /session/ea2377afc02bbf13296b49c868bb39bc/element - {"using":"xpath","value":"//*[@id=\"application-manageresources-display-component---newResourceUnit--newRRUPage-anchBar-application-manageresources-display-component---newResourceUnit--resource-anchor\"]"}
RESULT: {"using":"xpath","value":"//*[@id=\"application-manageresources-display-component---newResourceUnit--newRRUPage-anchBar-application-manageresources-display-component---newResourceUnit--resource-anchor\"]"}
COMMAND: POST /session/ea2377afc02bbf13296b49c868bb39bc/element/f.E22896224DAB0D107D3E889F8C0ECED7.d.CA8A00B46C5FB233F31A40728ACC1D20.e.3102/click - {}
RESULT: {}
COMMAND: POST /session/ea2377afc02bbf13296b49c868bb39bc/execute/async - {"script":"<script> [1562 bytes]","args":[{"selector":{"id":"application-manageresources-display-component---newResourceUnit--PLANNED_DELIVERY_DATE","interaction":{"idSuffix":"inner"}},"wdio_ui5_key":"applicationmanageresources-display-component---newResourceUnit--PLANNED_DELIVERY_DATE"}]}
COMMAND: GET /session/ea2377afc02bbf13296b49c868bb39bc/screenshot - {}
RESULT: {"script":"<script> [1562 bytes]","args":[{"selector":{"id":"application-manageresources-display-component---newResourceUnit--PLANNED_DELIVERY_DATE","interaction":{"idSuffix":"inner"}},"wdio_ui5_key":"applicationmanageresources-display-component---newResourceUnit--PLANNED_DELIVERY_DATE"}]}
RESULT: undefined
COMMAND: POST /session/ea2377afc02bbf13296b49c868bb39bc/execute/async - {"script":"<script> [6424 bytes]","args":[{"element-6066-11e4-a52e-4f735466cecf":"f.E22896224DAB0D107D3E889F8C0ECED7.d.CA8A00B46C5FB233F31A40728ACC1D20.e.2963"},"setValue",["5/20/25"]]}
RESULT: {}
RESULT: {"script":"<script> [6424 bytes]","args":[{"element-6066-11e4-a52e-4f735466cecf":"f.E22896224DAB0D107D3E889F8C0ECED7.d.CA8A00B46C5FB233F31A40728ACC1D20.e.2963"},"setValue",["5/20/25"]]}
COMMAND: POST /session/ea2377afc02bbf13296b49c868bb39bc/element - {"using":"xpath","value":"//label[contains(@class, 'sapMLabelRequired') and .//bdi[contains(text(), 'Planned Retirement')]]"}
RESULT: {"using":"xpath","value":"//label[contains(@class, 'sapMLabelRequired') and .//bdi[contains(text(), 'Planned Retirement')]]"}
COMMAND: POST /session/ea2377afc02bbf13296b49c868bb39bc/elements - {"using":"xpath","value":"//label[contains(@class, 'sapMLabelRequired') and .//bdi[contains(text(), 'Planned Retirement')]]"}
RESULT: {"using":"xpath","value":"//label[contains(@class, 'sapMLabelRequired') and .//bdi[contains(text(), 'Planned Retirement')]]"}
COMMAND: POST /session/ea2377afc02bbf13296b49c868bb39bc/element - {"using":"xpath","value":"//button[@data-kt=\"resourceUnitSaveButton\"]"}
RESULT: {"using":"xpath","value":"//button[@data-kt=\"resourceUnitSaveButton\"]"}
COMMAND: POST /session/ea2377afc02bbf13296b49c868bb39bc/element/f.E22896224DAB0D107D3E889F8C0ECED7.d.CA8A00B46C5FB233F31A40728ACC1D20.e.2924/click - {}
RESULT: {}
COMMAND: GET /session/ea2377afc02bbf13296b49c868bb39bc/screenshot - {}
RESULT: {}
COMMAND: POST /session/ea2377afc02bbf13296b49c868bb39bc/element - {"using":"xpath","value":"//bdi[contains(text(), \"Close\")]"}
RESULT: {"using":"xpath","value":"//bdi[contains(text(), \"Close\")]"}
COMMAND: POST /session/ea2377afc02bbf13296b49c868bb39bc/element/f.E22896224DAB0D107D3E889F8C0ECED7.d.CA8A00B46C5FB233F31A40728ACC1D20.e.3110/click - {}
RESULT: {}
COMMAND: GET /session/ea2377afc02bbf13296b49c868bb39bc/screenshot - {}
RESULT: {}
COMMAND: POST /session/ea2377afc02bbf13296b49c868bb39bc/element - {"using":"xpath","value":"(//button[contains(@id ,\"actionsToolbar-overflowButton\")])[1]"}
RESULT: {"using":"xpath","value":"(//button[contains(@id ,\"actionsToolbar-overflowButton\")])[1]"}
COMMAND: POST /session/ea2377afc02bbf13296b49c868bb39bc/element/f.E22896224DAB0D107D3E889F8C0ECED7.d.CA8A00B46C5FB233F31A40728ACC1D20.e.3168/click - {}
RESULT: {}
COMMAND: GET /session/ea2377afc02bbf13296b49c868bb39bc/screenshot - {}
RESULT: {}
COMMAND: POST /session/ea2377afc02bbf13296b49c868bb39bc/element - {"using":"xpath","value":"//button[@data-kt=\"priceInfoButton\"]"}
RESULT: {"using":"xpath","value":"//button[@data-kt=\"priceInfoButton\"]"}
COMMAND: POST /session/ea2377afc02bbf13296b49c868bb39bc/element/f.E22896224DAB0D107D3E889F8C0ECED7.d.CA8A00B46C5FB233F31A40728ACC1D20.e.3170/click - {}
RESULT: {}
COMMAND: GET /session/ea2377afc02bbf13296b49c868bb39bc/screenshot - {}
RESULT: {}
]]></system-out>
    </testcase>
    <testcase classname="chrome.136_0_7103_93.windows.Billing_Transfer_-_Master_data_&amp;_Intercompany_US127250" name="Should create new pricing rule TB on the equipment TB" time="60.78">
      <system-out><![CDATA[
COMMAND: POST /session/ea2377afc02bbf13296b49c868bb39bc/element - {"using":"xpath","value":"//button[@data-kt=\"addButton\"]"}
RESULT: {"using":"xpath","value":"//button[@data-kt=\"addButton\"]"}
COMMAND: POST /session/ea2377afc02bbf13296b49c868bb39bc/elements - {"using":"xpath","value":"//button[@data-kt=\"addButton\"]"}
RESULT: {"using":"xpath","value":"//button[@data-kt=\"addButton\"]"}
COMMAND: POST /session/ea2377afc02bbf13296b49c868bb39bc/elements - {"using":"xpath","value":"//button[@data-kt=\"addButton\"]"}
RESULT: {"using":"xpath","value":"//button[@data-kt=\"addButton\"]"}
COMMAND: POST /session/ea2377afc02bbf13296b49c868bb39bc/element - {"using":"xpath","value":"//button[@data-kt=\"addButton\"]"}
RESULT: {"using":"xpath","value":"//button[@data-kt=\"addButton\"]"}
COMMAND: POST /session/ea2377afc02bbf13296b49c868bb39bc/execute/sync - {"script":"<script> [8489 bytes]","args":[{"element-6066-11e4-a52e-4f735466cecf":"f.E22896224DAB0D107D3E889F8C0ECED7.d.CA8A00B46C5FB233F31A40728ACC1D20.e.3208","ELEMENT":"f.E22896224DAB0D107D3E889F8C0ECED7.d.CA8A00B46C5FB233F31A40728ACC1D20.e.3208"}]}
RESULT: {"script":"<script> [8489 bytes]","args":[{"element-6066-11e4-a52e-4f735466cecf":"f.E22896224DAB0D107D3E889F8C0ECED7.d.CA8A00B46C5FB233F31A40728ACC1D20.e.3208","ELEMENT":"f.E22896224DAB0D107D3E889F8C0ECED7.d.CA8A00B46C5FB233F31A40728ACC1D20.e.3208"}]}
COMMAND: GET /session/ea2377afc02bbf13296b49c868bb39bc/element/f.E22896224DAB0D107D3E889F8C0ECED7.d.CA8A00B46C5FB233F31A40728ACC1D20.e.3208/enabled - {}
COMMAND: GET /session/ea2377afc02bbf13296b49c868bb39bc/screenshot - {}
RESULT: {}
COMMAND: POST /session/ea2377afc02bbf13296b49c868bb39bc/execute/sync - {"script":"<script> [8489 bytes]","args":[{"element-6066-11e4-a52e-4f735466cecf":"f.E22896224DAB0D107D3E889F8C0ECED7.d.CA8A00B46C5FB233F31A40728ACC1D20.e.3208","ELEMENT":"f.E22896224DAB0D107D3E889F8C0ECED7.d.CA8A00B46C5FB233F31A40728ACC1D20.e.3208"}]}
COMMAND: GET /session/ea2377afc02bbf13296b49c868bb39bc/screenshot - {}
RESULT: {}
RESULT: {"script":"<script> [8489 bytes]","args":[{"element-6066-11e4-a52e-4f735466cecf":"f.E22896224DAB0D107D3E889F8C0ECED7.d.CA8A00B46C5FB233F31A40728ACC1D20.e.3208","ELEMENT":"f.E22896224DAB0D107D3E889F8C0ECED7.d.CA8A00B46C5FB233F31A40728ACC1D20.e.3208"}]}
COMMAND: POST /session/ea2377afc02bbf13296b49c868bb39bc/execute/sync - {"script":"<script> [5351 bytes]","args":[{"element-6066-11e4-a52e-4f735466cecf":"f.E22896224DAB0D107D3E889F8C0ECED7.d.CA8A00B46C5FB233F31A40728ACC1D20.e.3208","ELEMENT":"f.E22896224DAB0D107D3E889F8C0ECED7.d.CA8A00B46C5FB233F31A40728ACC1D20.e.3208"}]}
COMMAND: GET /session/ea2377afc02bbf13296b49c868bb39bc/screenshot - {}
RESULT: {}
RESULT: {"script":"<script> [5351 bytes]","args":[{"element-6066-11e4-a52e-4f735466cecf":"f.E22896224DAB0D107D3E889F8C0ECED7.d.CA8A00B46C5FB233F31A40728ACC1D20.e.3208","ELEMENT":"f.E22896224DAB0D107D3E889F8C0ECED7.d.CA8A00B46C5FB233F31A40728ACC1D20.e.3208"}]}
COMMAND: POST /session/ea2377afc02bbf13296b49c868bb39bc/element/f.E22896224DAB0D107D3E889F8C0ECED7.d.CA8A00B46C5FB233F31A40728ACC1D20.e.3208/click - {}
COMMAND: GET /session/ea2377afc02bbf13296b49c868bb39bc/screenshot - {}
RESULT: {}
RESULT: {}
COMMAND: GET /session/ea2377afc02bbf13296b49c868bb39bc/screenshot - {}
RESULT: {}
RESULT: {}
COMMAND: POST /session/ea2377afc02bbf13296b49c868bb39bc/execute/async - {"script":"<script> [1562 bytes]","args":[{"selector":{"controlType":"sap.m.Title","viewName":"etm.portal.ui.managepricingrules.view.NewItem","viewId":"application-managepricingrules-display-component---newInfoPriceItem","properties":{"text":"New Pricing Rules - Item Level"}},"wdio_ui5_key":"etmportal.ui.managepricingrules.view.NewItemsap.m.Title{\"text\":\"New Pricing Rules - Item Level\"}"}]}
RESULT: {"script":"<script> [1562 bytes]","args":[{"selector":{"controlType":"sap.m.Title","viewName":"etm.portal.ui.managepricingrules.view.NewItem","viewId":"application-managepricingrules-display-component---newInfoPriceItem","properties":{"text":"New Pricing Rules - Item Level"}},"wdio_ui5_key":"etmportal.ui.managepricingrules.view.NewItemsap.m.Title{\"text\":\"New Pricing Rules - Item Level\"}"}]}
RESULT: undefined
COMMAND: POST /session/ea2377afc02bbf13296b49c868bb39bc/execute/async - {"script":"<script> [6424 bytes]","args":[{"element-6066-11e4-a52e-4f735466cecf":"f.E22896224DAB0D107D3E889F8C0ECED7.d.CA8A00B46C5FB233F31A40728ACC1D20.e.3369"},"getText",[]]}
RESULT: {"script":"<script> [6424 bytes]","args":[{"element-6066-11e4-a52e-4f735466cecf":"f.E22896224DAB0D107D3E889F8C0ECED7.d.CA8A00B46C5FB233F31A40728ACC1D20.e.3369"},"getText",[]]}
COMMAND: POST /session/ea2377afc02bbf13296b49c868bb39bc/execute/async - {"script":"<script> [1562 bytes]","args":[{"selector":{"id":"application-managepricingrules-display-component---newInfoPriceItem--condValidTo","interaction":{"idSuffix":"inner"}},"wdio_ui5_key":"applicationmanagepricingrules-display-component---newInfoPriceItem--condValidTo"}]}
RESULT: {"script":"<script> [1562 bytes]","args":[{"selector":{"id":"application-managepricingrules-display-component---newInfoPriceItem--condValidTo","interaction":{"idSuffix":"inner"}},"wdio_ui5_key":"applicationmanagepricingrules-display-component---newInfoPriceItem--condValidTo"}]}
RESULT: undefined
COMMAND: POST /session/ea2377afc02bbf13296b49c868bb39bc/execute/async - {"script":"<script> [776 bytes]","args":[{"enterText":"1/20/26","selector":{"id":"application-managepricingrules-display-component---newInfoPriceItem--condValidTo","interaction":{"idSuffix":"inner"}},"clearTextFirst":true,"interactionType":"ENTER_TEXT"}]}
RESULT: {"script":"<script> [776 bytes]","args":[{"enterText":"1/20/26","selector":{"id":"application-managepricingrules-display-component---newInfoPriceItem--condValidTo","interaction":{"idSuffix":"inner"}},"clearTextFirst":true,"interactionType":"ENTER_TEXT"}]}
COMMAND: POST /session/ea2377afc02bbf13296b49c868bb39bc/execute/async - {"script":"<script> [1562 bytes]","args":[{"selector":{"id":"application-managepricingrules-display-component---newInfoPriceItem--billType-arrow"},"wdio_ui5_key":"applicationmanagepricingrules-display-component---newInfoPriceItem--billType-arrow"}]}
RESULT: {"script":"<script> [1562 bytes]","args":[{"selector":{"id":"application-managepricingrules-display-component---newInfoPriceItem--billType-arrow"},"wdio_ui5_key":"applicationmanagepricingrules-display-component---newInfoPriceItem--billType-arrow"}]}
RESULT: undefined
COMMAND: POST /session/ea2377afc02bbf13296b49c868bb39bc/element - {"using":"xpath","value":"//*[@id=\"application-managepricingrules-display-component---newInfoPriceItem--billType-arrow\"]"}
RESULT: {"using":"xpath","value":"//*[@id=\"application-managepricingrules-display-component---newInfoPriceItem--billType-arrow\"]"}
COMMAND: POST /session/ea2377afc02bbf13296b49c868bb39bc/element/f.E22896224DAB0D107D3E889F8C0ECED7.d.CA8A00B46C5FB233F31A40728ACC1D20.e.3371/click - {}
RESULT: {}
COMMAND: POST /session/ea2377afc02bbf13296b49c868bb39bc/element - {"using":"xpath","value":"//span[contains(text(), \"TB - Time based\")]"}
COMMAND: GET /session/ea2377afc02bbf13296b49c868bb39bc/screenshot - {}
RESULT: {"using":"xpath","value":"//span[contains(text(), \"TB - Time based\")]"}
COMMAND: POST /session/ea2377afc02bbf13296b49c868bb39bc/element/f.E22896224DAB0D107D3E889F8C0ECED7.d.CA8A00B46C5FB233F31A40728ACC1D20.e.3372/click - {}
RESULT: {}
RESULT: {}
COMMAND: POST /session/ea2377afc02bbf13296b49c868bb39bc/execute/async - {"script":"<script> [1562 bytes]","args":[{"selector":{"id":"application-managepricingrules-display-component---newInfoPriceItem--priceProc-arrow"},"wdio_ui5_key":"applicationmanagepricingrules-display-component---newInfoPriceItem--priceProc-arrow"}]}
COMMAND: GET /session/ea2377afc02bbf13296b49c868bb39bc/screenshot - {}
RESULT: {"script":"<script> [1562 bytes]","args":[{"selector":{"id":"application-managepricingrules-display-component---newInfoPriceItem--priceProc-arrow"},"wdio_ui5_key":"applicationmanagepricingrules-display-component---newInfoPriceItem--priceProc-arrow"}]}
RESULT: undefined
COMMAND: POST /session/ea2377afc02bbf13296b49c868bb39bc/element - {"using":"xpath","value":"//*[@id=\"application-managepricingrules-display-component---newInfoPriceItem--priceProc-arrow\"]"}
RESULT: {}
RESULT: {"using":"xpath","value":"//*[@id=\"application-managepricingrules-display-component---newInfoPriceItem--priceProc-arrow\"]"}
COMMAND: POST /session/ea2377afc02bbf13296b49c868bb39bc/element/f.E22896224DAB0D107D3E889F8C0ECED7.d.CA8A00B46C5FB233F31A40728ACC1D20.e.3334/click - {}
RESULT: {}
COMMAND: POST /session/ea2377afc02bbf13296b49c868bb39bc/element - {"using":"xpath","value":"//span[contains(text(), \"TBS - Time based standard\")]"}
COMMAND: GET /session/ea2377afc02bbf13296b49c868bb39bc/screenshot - {}
RESULT: {"using":"xpath","value":"//span[contains(text(), \"TBS - Time based standard\")]"}
COMMAND: POST /session/ea2377afc02bbf13296b49c868bb39bc/element/f.E22896224DAB0D107D3E889F8C0ECED7.d.CA8A00B46C5FB233F31A40728ACC1D20.e.3373/click - {}
RESULT: {}
RESULT: {}
COMMAND: POST /session/ea2377afc02bbf13296b49c868bb39bc/execute/async - {"script":"<script> [1562 bytes]","args":[{"selector":{"id":"application-managepricingrules-display-component---newInfoPriceItem--calcBase-arrow"},"wdio_ui5_key":"applicationmanagepricingrules-display-component---newInfoPriceItem--calcBase-arrow"}]}
COMMAND: GET /session/ea2377afc02bbf13296b49c868bb39bc/screenshot - {}
RESULT: {"script":"<script> [1562 bytes]","args":[{"selector":{"id":"application-managepricingrules-display-component---newInfoPriceItem--calcBase-arrow"},"wdio_ui5_key":"applicationmanagepricingrules-display-component---newInfoPriceItem--calcBase-arrow"}]}
RESULT: undefined
COMMAND: POST /session/ea2377afc02bbf13296b49c868bb39bc/element - {"using":"xpath","value":"//*[@id=\"application-managepricingrules-display-component---newInfoPriceItem--calcBase-arrow\"]"}
RESULT: {}
RESULT: {"using":"xpath","value":"//*[@id=\"application-managepricingrules-display-component---newInfoPriceItem--calcBase-arrow\"]"}
COMMAND: POST /session/ea2377afc02bbf13296b49c868bb39bc/element/f.E22896224DAB0D107D3E889F8C0ECED7.d.CA8A00B46C5FB233F31A40728ACC1D20.e.3341/click - {}
RESULT: {}
COMMAND: GET /session/ea2377afc02bbf13296b49c868bb39bc/screenshot - {}
RESULT: {}
COMMAND: POST /session/ea2377afc02bbf13296b49c868bb39bc/element - {"using":"xpath","value":"//span[contains(text(), \"0006 - TB(calendar days)\")]"}
RESULT: {"using":"xpath","value":"//span[contains(text(), \"0006 - TB(calendar days)\")]"}
COMMAND: POST /session/ea2377afc02bbf13296b49c868bb39bc/element/f.E22896224DAB0D107D3E889F8C0ECED7.d.CA8A00B46C5FB233F31A40728ACC1D20.e.3374/click - {}
RESULT: {}
COMMAND: GET /session/ea2377afc02bbf13296b49c868bb39bc/screenshot - {}
RESULT: {}
COMMAND: POST /session/ea2377afc02bbf13296b49c868bb39bc/execute/async - {"script":"<script> [1562 bytes]","args":[{"selector":{"id":"application-managepricingrules-display-component---newInfoPriceItem--daysMonth","interaction":{"idSuffix":"inner"}},"wdio_ui5_key":"applicationmanagepricingrules-display-component---newInfoPriceItem--daysMonth"}]}
RESULT: {"script":"<script> [1562 bytes]","args":[{"selector":{"id":"application-managepricingrules-display-component---newInfoPriceItem--daysMonth","interaction":{"idSuffix":"inner"}},"wdio_ui5_key":"applicationmanagepricingrules-display-component---newInfoPriceItem--daysMonth"}]}
RESULT: undefined
COMMAND: POST /session/ea2377afc02bbf13296b49c868bb39bc/execute/async - {"script":"<script> [776 bytes]","args":[{"enterText":"30","selector":{"id":"application-managepricingrules-display-component---newInfoPriceItem--daysMonth","interaction":{"idSuffix":"inner"}},"clearTextFirst":true,"interactionType":"ENTER_TEXT"}]}
RESULT: {"script":"<script> [776 bytes]","args":[{"enterText":"30","selector":{"id":"application-managepricingrules-display-component---newInfoPriceItem--daysMonth","interaction":{"idSuffix":"inner"}},"clearTextFirst":true,"interactionType":"ENTER_TEXT"}]}
COMMAND: POST /session/ea2377afc02bbf13296b49c868bb39bc/element - {"using":"xpath","value":"//button[@data-kt=\"saveNewRuleButton\"]"}
RESULT: {"using":"xpath","value":"//button[@data-kt=\"saveNewRuleButton\"]"}
COMMAND: POST /session/ea2377afc02bbf13296b49c868bb39bc/element/f.E22896224DAB0D107D3E889F8C0ECED7.d.CA8A00B46C5FB233F31A40728ACC1D20.e.3358/click - {}
RESULT: {}
COMMAND: GET /session/ea2377afc02bbf13296b49c868bb39bc/screenshot - {}
RESULT: {}
COMMAND: POST /session/ea2377afc02bbf13296b49c868bb39bc/execute/async - {"script":"<script> [1562 bytes]","args":[{"selector":{"id":"application-managepricingrules-display-component---priceInfoItem--smartFilterBar-btnBasicSearch","interaction":{"idSuffix":"I"}},"wdio_ui5_key":"applicationmanagepricingrules-display-component---priceInfoItem--smartFilterBar-btnBasicSearch"}]}
RESULT: {"script":"<script> [1562 bytes]","args":[{"selector":{"id":"application-managepricingrules-display-component---priceInfoItem--smartFilterBar-btnBasicSearch","interaction":{"idSuffix":"I"}},"wdio_ui5_key":"applicationmanagepricingrules-display-component---priceInfoItem--smartFilterBar-btnBasicSearch"}]}
RESULT: undefined
COMMAND: POST /session/ea2377afc02bbf13296b49c868bb39bc/execute/async - {"script":"<script> [776 bytes]","args":[{"enterText":"ui1R1rWlZ9","selector":{"id":"application-managepricingrules-display-component---priceInfoItem--smartFilterBar-btnBasicSearch","interaction":{"idSuffix":"I"}},"clearTextFirst":true,"interactionType":"ENTER_TEXT"}]}
RESULT: {"script":"<script> [776 bytes]","args":[{"enterText":"ui1R1rWlZ9","selector":{"id":"application-managepricingrules-display-component---priceInfoItem--smartFilterBar-btnBasicSearch","interaction":{"idSuffix":"I"}},"clearTextFirst":true,"interactionType":"ENTER_TEXT"}]}
COMMAND: POST /session/ea2377afc02bbf13296b49c868bb39bc/actions - {"actions":[{"id":"action12","type":"key","parameters":{},"actions":[{"type":"keyDown","value":"î€‡"},{"type":"pause","duration":10},{"type":"keyUp","value":"î€‡"}]}]}
RESULT: {"actions":[{"id":"action12","type":"key","parameters":{},"actions":[{"type":"keyDown","value":"î€‡"},{"type":"pause","duration":10},{"type":"keyUp","value":"î€‡"}]}]}
COMMAND: GET /session/ea2377afc02bbf13296b49c868bb39bc/screenshot - {}
RESULT: {}
COMMAND: POST /session/ea2377afc02bbf13296b49c868bb39bc/element - {"using":"xpath","value":"//span[@id=\"application-managepricingrules-display-component---priceInfoItem--smartTable-header-inner\"]"}
RESULT: {"using":"xpath","value":"//span[@id=\"application-managepricingrules-display-component---priceInfoItem--smartTable-header-inner\"]"}
COMMAND: POST /session/ea2377afc02bbf13296b49c868bb39bc/elements - {"using":"xpath","value":"//span[@id=\"application-managepricingrules-display-component---priceInfoItem--smartTable-header-inner\"]"}
RESULT: {"using":"xpath","value":"//span[@id=\"application-managepricingrules-display-component---priceInfoItem--smartTable-header-inner\"]"}
COMMAND: POST /session/ea2377afc02bbf13296b49c868bb39bc/execute/sync - {"script":"<script> [56 bytes]","args":[{"element-6066-11e4-a52e-4f735466cecf":"f.E22896224DAB0D107D3E889F8C0ECED7.d.CA8A00B46C5FB233F31A40728ACC1D20.e.3387","ELEMENT":"f.E22896224DAB0D107D3E889F8C0ECED7.d.CA8A00B46C5FB233F31A40728ACC1D20.e.3387"}]}
RESULT: {"script":"<script> [56 bytes]","args":[{"element-6066-11e4-a52e-4f735466cecf":"f.E22896224DAB0D107D3E889F8C0ECED7.d.CA8A00B46C5FB233F31A40728ACC1D20.e.3387","ELEMENT":"f.E22896224DAB0D107D3E889F8C0ECED7.d.CA8A00B46C5FB233F31A40728ACC1D20.e.3387"}]}
COMMAND: POST /session/ea2377afc02bbf13296b49c868bb39bc/element - {"using":"css selector","value":"#shell-header-logo"}
COMMAND: GET /session/ea2377afc02bbf13296b49c868bb39bc/screenshot - {}
RESULT: {"using":"css selector","value":"#shell-header-logo"}
COMMAND: POST /session/ea2377afc02bbf13296b49c868bb39bc/element/f.E22896224DAB0D107D3E889F8C0ECED7.d.CA8A00B46C5FB233F31A40728ACC1D20.e.2527/click - {}
RESULT: {}
RESULT: {}
COMMAND: GET /session/ea2377afc02bbf13296b49c868bb39bc/screenshot - {}
RESULT: {}
]]></system-out>
    </testcase>
    <testcase classname="chrome.136_0_7103_93.windows.Billing_Transfer_-_Master_data_&amp;_Intercompany_US127250" name="Should create new condition for equipment TB" time="74.423">
      <system-out><![CDATA[
COMMAND: POST /session/ea2377afc02bbf13296b49c868bb39bc/execute/async - {"script":"<script> [1562 bytes]","args":[{"selector":{"controlType":"sap.m.GenericTile","properties":{"header":"Manage Conditions & Prices"}},"wdio_ui5_key":"sapm.GenericTile{\"header\":\"Manage Conditions & Prices\"}"}]}
RESULT: {"script":"<script> [1562 bytes]","args":[{"selector":{"controlType":"sap.m.GenericTile","properties":{"header":"Manage Conditions & Prices"}},"wdio_ui5_key":"sapm.GenericTile{\"header\":\"Manage Conditions & Prices\"}"}]}
RESULT: undefined
COMMAND: POST /session/ea2377afc02bbf13296b49c868bb39bc/element - {"using":"xpath","value":"//*[@id=\"__tile53\"]"}
RESULT: {"using":"xpath","value":"//*[@id=\"__tile53\"]"}
COMMAND: POST /session/ea2377afc02bbf13296b49c868bb39bc/element/f.E22896224DAB0D107D3E889F8C0ECED7.d.CA8A00B46C5FB233F31A40728ACC1D20.e.217/click - {}
RESULT: {}
COMMAND: GET /session/ea2377afc02bbf13296b49c868bb39bc/screenshot - {}
RESULT: {}
COMMAND: POST /session/ea2377afc02bbf13296b49c868bb39bc/elements - {"using":"xpath","value":"//span[text()='Error']"}
RESULT: {"using":"xpath","value":"//span[text()='Error']"}
COMMAND: POST /session/ea2377afc02bbf13296b49c868bb39bc/element - {"using":"xpath","value":"//button[@aria-label=\"Create\"]"}
RESULT: {"using":"xpath","value":"//button[@aria-label=\"Create\"]"}
COMMAND: POST /session/ea2377afc02bbf13296b49c868bb39bc/elements - {"using":"xpath","value":"//button[@aria-label=\"Create\"]"}
RESULT: {"using":"xpath","value":"//button[@aria-label=\"Create\"]"}
COMMAND: POST /session/ea2377afc02bbf13296b49c868bb39bc/execute/sync - {"script":"<script> [8489 bytes]","args":[{"element-6066-11e4-a52e-4f735466cecf":"f.E22896224DAB0D107D3E889F8C0ECED7.d.CA8A00B46C5FB233F31A40728ACC1D20.e.3423","ELEMENT":"f.E22896224DAB0D107D3E889F8C0ECED7.d.CA8A00B46C5FB233F31A40728ACC1D20.e.3423"}]}
RESULT: {"script":"<script> [8489 bytes]","args":[{"element-6066-11e4-a52e-4f735466cecf":"f.E22896224DAB0D107D3E889F8C0ECED7.d.CA8A00B46C5FB233F31A40728ACC1D20.e.3423","ELEMENT":"f.E22896224DAB0D107D3E889F8C0ECED7.d.CA8A00B46C5FB233F31A40728ACC1D20.e.3423"}]}
COMMAND: GET /session/ea2377afc02bbf13296b49c868bb39bc/element/f.E22896224DAB0D107D3E889F8C0ECED7.d.CA8A00B46C5FB233F31A40728ACC1D20.e.3423/enabled - {}
COMMAND: GET /session/ea2377afc02bbf13296b49c868bb39bc/screenshot - {}
RESULT: {}
COMMAND: POST /session/ea2377afc02bbf13296b49c868bb39bc/execute/sync - {"script":"<script> [8489 bytes]","args":[{"element-6066-11e4-a52e-4f735466cecf":"f.E22896224DAB0D107D3E889F8C0ECED7.d.CA8A00B46C5FB233F31A40728ACC1D20.e.3423","ELEMENT":"f.E22896224DAB0D107D3E889F8C0ECED7.d.CA8A00B46C5FB233F31A40728ACC1D20.e.3423"}]}
COMMAND: GET /session/ea2377afc02bbf13296b49c868bb39bc/screenshot - {}
RESULT: {}
RESULT: {"script":"<script> [8489 bytes]","args":[{"element-6066-11e4-a52e-4f735466cecf":"f.E22896224DAB0D107D3E889F8C0ECED7.d.CA8A00B46C5FB233F31A40728ACC1D20.e.3423","ELEMENT":"f.E22896224DAB0D107D3E889F8C0ECED7.d.CA8A00B46C5FB233F31A40728ACC1D20.e.3423"}]}
COMMAND: POST /session/ea2377afc02bbf13296b49c868bb39bc/execute/sync - {"script":"<script> [5351 bytes]","args":[{"element-6066-11e4-a52e-4f735466cecf":"f.E22896224DAB0D107D3E889F8C0ECED7.d.CA8A00B46C5FB233F31A40728ACC1D20.e.3423","ELEMENT":"f.E22896224DAB0D107D3E889F8C0ECED7.d.CA8A00B46C5FB233F31A40728ACC1D20.e.3423"}]}
COMMAND: GET /session/ea2377afc02bbf13296b49c868bb39bc/screenshot - {}
RESULT: {}
RESULT: {"script":"<script> [5351 bytes]","args":[{"element-6066-11e4-a52e-4f735466cecf":"f.E22896224DAB0D107D3E889F8C0ECED7.d.CA8A00B46C5FB233F31A40728ACC1D20.e.3423","ELEMENT":"f.E22896224DAB0D107D3E889F8C0ECED7.d.CA8A00B46C5FB233F31A40728ACC1D20.e.3423"}]}
COMMAND: POST /session/ea2377afc02bbf13296b49c868bb39bc/element/f.E22896224DAB0D107D3E889F8C0ECED7.d.CA8A00B46C5FB233F31A40728ACC1D20.e.3423/click - {}
COMMAND: GET /session/ea2377afc02bbf13296b49c868bb39bc/screenshot - {}
RESULT: {}
RESULT: {}
COMMAND: GET /session/ea2377afc02bbf13296b49c868bb39bc/screenshot - {}
RESULT: {}
RESULT: {}
COMMAND: POST /session/ea2377afc02bbf13296b49c868bb39bc/actions - {"actions":[{"id":"action13","type":"key","parameters":{},"actions":[{"type":"keyDown","value":"î€‡"},{"type":"pause","duration":10},{"type":"keyUp","value":"î€‡"}]}]}
RESULT: {"actions":[{"id":"action13","type":"key","parameters":{},"actions":[{"type":"keyDown","value":"î€‡"},{"type":"pause","duration":10},{"type":"keyUp","value":"î€‡"}]}]}
COMMAND: GET /session/ea2377afc02bbf13296b49c868bb39bc/screenshot - {}
RESULT: {}
COMMAND: POST /session/ea2377afc02bbf13296b49c868bb39bc/execute/async - {"script":"<script> [1562 bytes]","args":[{"selector":{"id":"application-manageconditionprice-display-component---newCondition--condBillCond-arrow"},"wdio_ui5_key":"applicationmanageconditionprice-display-component---newCondition--condBillCond-arrow"}]}
RESULT: {"script":"<script> [1562 bytes]","args":[{"selector":{"id":"application-manageconditionprice-display-component---newCondition--condBillCond-arrow"},"wdio_ui5_key":"applicationmanageconditionprice-display-component---newCondition--condBillCond-arrow"}]}
RESULT: undefined
COMMAND: POST /session/ea2377afc02bbf13296b49c868bb39bc/element - {"using":"xpath","value":"//*[@id=\"application-manageconditionprice-display-component---newCondition--condBillCond-arrow\"]"}
RESULT: {"using":"xpath","value":"//*[@id=\"application-manageconditionprice-display-component---newCondition--condBillCond-arrow\"]"}
COMMAND: POST /session/ea2377afc02bbf13296b49c868bb39bc/element/f.E22896224DAB0D107D3E889F8C0ECED7.d.CA8A00B46C5FB233F31A40728ACC1D20.e.3603/click - {}
RESULT: {}
COMMAND: GET /session/ea2377afc02bbf13296b49c868bb39bc/screenshot - {}
RESULT: {}
COMMAND: POST /session/ea2377afc02bbf13296b49c868bb39bc/element - {"using":"xpath","value":"//li[.//span[contains(text(), \"DISP - D&I special price\")]]"}
RESULT: {"using":"xpath","value":"//li[.//span[contains(text(), \"DISP - D&I special price\")]]"}
COMMAND: POST /session/ea2377afc02bbf13296b49c868bb39bc/element/f.E22896224DAB0D107D3E889F8C0ECED7.d.CA8A00B46C5FB233F31A40728ACC1D20.e.3606/click - {}
RESULT: {}
COMMAND: GET /session/ea2377afc02bbf13296b49c868bb39bc/screenshot - {}
RESULT: {}
COMMAND: POST /session/ea2377afc02bbf13296b49c868bb39bc/execute/async - {"script":"<script> [1562 bytes]","args":[{"selector":{"id":"application-manageconditionprice-display-component---newCondition--condValidTo","interaction":{"idSuffix":"inner"}},"wdio_ui5_key":"applicationmanageconditionprice-display-component---newCondition--condValidTo"}]}
RESULT: {"script":"<script> [1562 bytes]","args":[{"selector":{"id":"application-manageconditionprice-display-component---newCondition--condValidTo","interaction":{"idSuffix":"inner"}},"wdio_ui5_key":"applicationmanageconditionprice-display-component---newCondition--condValidTo"}]}
RESULT: undefined
COMMAND: POST /session/ea2377afc02bbf13296b49c868bb39bc/execute/async - {"script":"<script> [776 bytes]","args":[{"enterText":"1/20/26","selector":{"id":"application-manageconditionprice-display-component---newCondition--condValidTo","interaction":{"idSuffix":"inner"}},"clearTextFirst":true,"interactionType":"ENTER_TEXT"}]}
RESULT: {"script":"<script> [776 bytes]","args":[{"enterText":"1/20/26","selector":{"id":"application-manageconditionprice-display-component---newCondition--condValidTo","interaction":{"idSuffix":"inner"}},"clearTextFirst":true,"interactionType":"ENTER_TEXT"}]}
COMMAND: POST /session/ea2377afc02bbf13296b49c868bb39bc/element - {"using":"xpath","value":"//input[@id=\"application-manageconditionprice-display-component---newCondition--condRU-inner\"]"}
RESULT: {"using":"xpath","value":"//input[@id=\"application-manageconditionprice-display-component---newCondition--condRU-inner\"]"}
COMMAND: POST /session/ea2377afc02bbf13296b49c868bb39bc/element/f.E22896224DAB0D107D3E889F8C0ECED7.d.CA8A00B46C5FB233F31A40728ACC1D20.e.3468/clear - {}
RESULT: {}
COMMAND: POST /session/ea2377afc02bbf13296b49c868bb39bc/element/f.E22896224DAB0D107D3E889F8C0ECED7.d.CA8A00B46C5FB233F31A40728ACC1D20.e.3468/value - {"text":"ui1R1rWlZ9"}
COMMAND: GET /session/ea2377afc02bbf13296b49c868bb39bc/screenshot - {}
RESULT: {"text":"ui1R1rWlZ9"}
COMMAND: GET /session/ea2377afc02bbf13296b49c868bb39bc/screenshot - {}
RESULT: {}
RESULT: {}
COMMAND: POST /session/ea2377afc02bbf13296b49c868bb39bc/actions - {"actions":[{"id":"action14","type":"key","parameters":{},"actions":[{"type":"keyDown","value":"î€‡"},{"type":"pause","duration":10},{"type":"keyUp","value":"î€‡"}]}]}
RESULT: {"actions":[{"id":"action14","type":"key","parameters":{},"actions":[{"type":"keyDown","value":"î€‡"},{"type":"pause","duration":10},{"type":"keyUp","value":"î€‡"}]}]}
COMMAND: POST /session/ea2377afc02bbf13296b49c868bb39bc/execute/async - {"script":"<script> [1562 bytes]","args":[{"selector":{"id":"application-manageconditionprice-display-component---newCondition--condBaseQty","interaction":{"idSuffix":"inner"}},"wdio_ui5_key":"applicationmanageconditionprice-display-component---newCondition--condBaseQty"}]}
COMMAND: GET /session/ea2377afc02bbf13296b49c868bb39bc/screenshot - {}
RESULT: {"script":"<script> [1562 bytes]","args":[{"selector":{"id":"application-manageconditionprice-display-component---newCondition--condBaseQty","interaction":{"idSuffix":"inner"}},"wdio_ui5_key":"applicationmanageconditionprice-display-component---newCondition--condBaseQty"}]}
RESULT: undefined
COMMAND: POST /session/ea2377afc02bbf13296b49c868bb39bc/execute/async - {"script":"<script> [776 bytes]","args":[{"enterText":"1","selector":{"id":"application-manageconditionprice-display-component---newCondition--condBaseQty","interaction":{"idSuffix":"inner"}},"clearTextFirst":true,"interactionType":"ENTER_TEXT"}]}
RESULT: {}
RESULT: {"script":"<script> [776 bytes]","args":[{"enterText":"1","selector":{"id":"application-manageconditionprice-display-component---newCondition--condBaseQty","interaction":{"idSuffix":"inner"}},"clearTextFirst":true,"interactionType":"ENTER_TEXT"}]}
COMMAND: POST /session/ea2377afc02bbf13296b49c868bb39bc/execute/async - {"script":"<script> [1562 bytes]","args":[{"selector":{"id":"application-manageconditionprice-display-component---newCondition--condValue","interaction":{"idSuffix":"inner"}},"wdio_ui5_key":"applicationmanageconditionprice-display-component---newCondition--condValue"}]}
RESULT: {"script":"<script> [1562 bytes]","args":[{"selector":{"id":"application-manageconditionprice-display-component---newCondition--condValue","interaction":{"idSuffix":"inner"}},"wdio_ui5_key":"applicationmanageconditionprice-display-component---newCondition--condValue"}]}
RESULT: undefined
COMMAND: POST /session/ea2377afc02bbf13296b49c868bb39bc/execute/async - {"script":"<script> [776 bytes]","args":[{"enterText":"100","selector":{"id":"application-manageconditionprice-display-component---newCondition--condValue","interaction":{"idSuffix":"inner"}},"clearTextFirst":true,"interactionType":"ENTER_TEXT"}]}
RESULT: {"script":"<script> [776 bytes]","args":[{"enterText":"100","selector":{"id":"application-manageconditionprice-display-component---newCondition--condValue","interaction":{"idSuffix":"inner"}},"clearTextFirst":true,"interactionType":"ENTER_TEXT"}]}
COMMAND: POST /session/ea2377afc02bbf13296b49c868bb39bc/execute/async - {"script":"<script> [1562 bytes]","args":[{"selector":{"id":"application-manageconditionprice-display-component---newCondition--condCurr-arrow"},"wdio_ui5_key":"applicationmanageconditionprice-display-component---newCondition--condCurr-arrow"}]}
RESULT: {"script":"<script> [1562 bytes]","args":[{"selector":{"id":"application-manageconditionprice-display-component---newCondition--condCurr-arrow"},"wdio_ui5_key":"applicationmanageconditionprice-display-component---newCondition--condCurr-arrow"}]}
RESULT: undefined
COMMAND: POST /session/ea2377afc02bbf13296b49c868bb39bc/element - {"using":"xpath","value":"//*[@id=\"application-manageconditionprice-display-component---newCondition--condCurr-arrow\"]"}
RESULT: {"using":"xpath","value":"//*[@id=\"application-manageconditionprice-display-component---newCondition--condCurr-arrow\"]"}
COMMAND: POST /session/ea2377afc02bbf13296b49c868bb39bc/element/f.E22896224DAB0D107D3E889F8C0ECED7.d.CA8A00B46C5FB233F31A40728ACC1D20.e.3568/click - {}
RESULT: {}
COMMAND: POST /session/ea2377afc02bbf13296b49c868bb39bc/element - {"using":"xpath","value":"//span[contains(text(), \"Euro\")]"}
COMMAND: GET /session/ea2377afc02bbf13296b49c868bb39bc/screenshot - {}
RESULT: {"using":"xpath","value":"//span[contains(text(), \"Euro\")]"}
COMMAND: POST /session/ea2377afc02bbf13296b49c868bb39bc/element/f.E22896224DAB0D107D3E889F8C0ECED7.d.CA8A00B46C5FB233F31A40728ACC1D20.e.3645/click - {}
RESULT: {}
RESULT: {}
COMMAND: POST /session/ea2377afc02bbf13296b49c868bb39bc/element - {"using":"xpath","value":"//button[@data-kt=\"saveButton\"]"}
COMMAND: GET /session/ea2377afc02bbf13296b49c868bb39bc/screenshot - {}
RESULT: {"using":"xpath","value":"//button[@data-kt=\"saveButton\"]"}
COMMAND: POST /session/ea2377afc02bbf13296b49c868bb39bc/element/f.E22896224DAB0D107D3E889F8C0ECED7.d.CA8A00B46C5FB233F31A40728ACC1D20.e.3569/click - {}
RESULT: {}
RESULT: {}
COMMAND: GET /session/ea2377afc02bbf13296b49c868bb39bc/screenshot - {}
RESULT: {}
COMMAND: POST /session/ea2377afc02bbf13296b49c868bb39bc/execute/async - {"script":"<script> [1562 bytes]","args":[{"selector":{"id":"application-manageconditionprice-display-component---conditions--smartFilterBar-btnBasicSearch","interaction":{"idSuffix":"I"}},"wdio_ui5_key":"applicationmanageconditionprice-display-component---conditions--smartFilterBar-btnBasicSearch"}]}
RESULT: {"script":"<script> [1562 bytes]","args":[{"selector":{"id":"application-manageconditionprice-display-component---conditions--smartFilterBar-btnBasicSearch","interaction":{"idSuffix":"I"}},"wdio_ui5_key":"applicationmanageconditionprice-display-component---conditions--smartFilterBar-btnBasicSearch"}]}
RESULT: undefined
COMMAND: POST /session/ea2377afc02bbf13296b49c868bb39bc/execute/async - {"script":"<script> [776 bytes]","args":[{"enterText":"ui1R1rWlZ9","selector":{"id":"application-manageconditionprice-display-component---conditions--smartFilterBar-btnBasicSearch","interaction":{"idSuffix":"I"}},"clearTextFirst":true,"interactionType":"ENTER_TEXT"}]}
RESULT: {"script":"<script> [776 bytes]","args":[{"enterText":"ui1R1rWlZ9","selector":{"id":"application-manageconditionprice-display-component---conditions--smartFilterBar-btnBasicSearch","interaction":{"idSuffix":"I"}},"clearTextFirst":true,"interactionType":"ENTER_TEXT"}]}
COMMAND: POST /session/ea2377afc02bbf13296b49c868bb39bc/actions - {"actions":[{"id":"action15","type":"key","parameters":{},"actions":[{"type":"keyDown","value":"î€‡"},{"type":"pause","duration":10},{"type":"keyUp","value":"î€‡"}]}]}
RESULT: {"actions":[{"id":"action15","type":"key","parameters":{},"actions":[{"type":"keyDown","value":"î€‡"},{"type":"pause","duration":10},{"type":"keyUp","value":"î€‡"}]}]}
COMMAND: GET /session/ea2377afc02bbf13296b49c868bb39bc/screenshot - {}
RESULT: {}
COMMAND: POST /session/ea2377afc02bbf13296b49c868bb39bc/execute/async - {"script":"<script> [1562 bytes]","args":[{"selector":{"id":"application-manageconditionprice-display-component---conditions--smartFilterBar-filterItemControl_BASIC-BILL_TYPES-vhi"},"wdio_ui5_key":"applicationmanageconditionprice-display-component---conditions--smartFilterBar-filterItemControl_BASIC-BILL_TYPES-vhi"}]}
RESULT: {"script":"<script> [1562 bytes]","args":[{"selector":{"id":"application-manageconditionprice-display-component---conditions--smartFilterBar-filterItemControl_BASIC-BILL_TYPES-vhi"},"wdio_ui5_key":"applicationmanageconditionprice-display-component---conditions--smartFilterBar-filterItemControl_BASIC-BILL_TYPES-vhi"}]}
RESULT: undefined
COMMAND: POST /session/ea2377afc02bbf13296b49c868bb39bc/element - {"using":"xpath","value":"//*[@id=\"application-manageconditionprice-display-component---conditions--smartFilterBar-filterItemControl_BASIC-BILL_TYPES-vhi\"]"}
RESULT: {"using":"xpath","value":"//*[@id=\"application-manageconditionprice-display-component---conditions--smartFilterBar-filterItemControl_BASIC-BILL_TYPES-vhi\"]"}
COMMAND: POST /session/ea2377afc02bbf13296b49c868bb39bc/element/f.E22896224DAB0D107D3E889F8C0ECED7.d.CA8A00B46C5FB233F31A40728ACC1D20.e.3753/click - {}
RESULT: {}
COMMAND: POST /session/ea2377afc02bbf13296b49c868bb39bc/execute/async - {"script":"<script> [1562 bytes]","args":[{"selector":{"id":"application-manageconditionprice-display-component---conditions--smartFilterBar-filterItemControl_BASIC-BILL_TYPES-valueHelpDialog-smartFilterBar-btnBasicSearch","searchOpenDialogs":true,"interaction":{"idSuffix":"I"}},"wdio_ui5_key":"applicationmanageconditionprice-display-component---conditions--smartFilterBar-filterItemControl_BASIC-BILL_TYPES-valueHelpDialog-smartFilterBar-btnBasicSearch"}]}
COMMAND: GET /session/ea2377afc02bbf13296b49c868bb39bc/screenshot - {}
RESULT: {"script":"<script> [1562 bytes]","args":[{"selector":{"id":"application-manageconditionprice-display-component---conditions--smartFilterBar-filterItemControl_BASIC-BILL_TYPES-valueHelpDialog-smartFilterBar-btnBasicSearch","searchOpenDialogs":true,"interaction":{"idSuffix":"I"}},"wdio_ui5_key":"applicationmanageconditionprice-display-component---conditions--smartFilterBar-filterItemControl_BASIC-BILL_TYPES-valueHelpDialog-smartFilterBar-btnBasicSearch"}]}
RESULT: undefined
COMMAND: POST /session/ea2377afc02bbf13296b49c868bb39bc/execute/async - {"script":"<script> [776 bytes]","args":[{"enterText":"TB","selector":{"id":"application-manageconditionprice-display-component---conditions--smartFilterBar-filterItemControl_BASIC-BILL_TYPES-valueHelpDialog-smartFilterBar-btnBasicSearch","searchOpenDialogs":true,"interaction":{"idSuffix":"I"}},"clearTextFirst":true,"interactionType":"ENTER_TEXT"}]}
RESULT: {}
RESULT: {"script":"<script> [776 bytes]","args":[{"enterText":"TB","selector":{"id":"application-manageconditionprice-display-component---conditions--smartFilterBar-filterItemControl_BASIC-BILL_TYPES-valueHelpDialog-smartFilterBar-btnBasicSearch","searchOpenDialogs":true,"interaction":{"idSuffix":"I"}},"clearTextFirst":true,"interactionType":"ENTER_TEXT"}]}
COMMAND: POST /session/ea2377afc02bbf13296b49c868bb39bc/actions - {"actions":[{"id":"action16","type":"key","parameters":{},"actions":[{"type":"keyDown","value":"î€‡"},{"type":"pause","duration":10},{"type":"keyUp","value":"î€‡"}]}]}
RESULT: {"actions":[{"id":"action16","type":"key","parameters":{},"actions":[{"type":"keyDown","value":"î€‡"},{"type":"pause","duration":10},{"type":"keyUp","value":"î€‡"}]}]}
COMMAND: GET /session/ea2377afc02bbf13296b49c868bb39bc/screenshot - {}
RESULT: {}
COMMAND: POST /session/ea2377afc02bbf13296b49c868bb39bc/element - {"using":"xpath","value":"//div[contains(@id, 'application-manageconditionprice-display-component---conditions--smartFilterBar-filterItemControl_BASIC-BILL_TYPES-valueHelpDialog-table-rowsel0')]"}
RESULT: {"using":"xpath","value":"//div[contains(@id, 'application-manageconditionprice-display-component---conditions--smartFilterBar-filterItemControl_BASIC-BILL_TYPES-valueHelpDialog-table-rowsel0')]"}
COMMAND: POST /session/ea2377afc02bbf13296b49c868bb39bc/element/f.E22896224DAB0D107D3E889F8C0ECED7.d.CA8A00B46C5FB233F31A40728ACC1D20.e.3762/click - {}
RESULT: {}
COMMAND: GET /session/ea2377afc02bbf13296b49c868bb39bc/screenshot - {}
RESULT: {}
COMMAND: POST /session/ea2377afc02bbf13296b49c868bb39bc/element - {"using":"xpath","value":"//bdi[contains(text(), \"OK\")]"}
RESULT: {"using":"xpath","value":"//bdi[contains(text(), \"OK\")]"}
COMMAND: POST /session/ea2377afc02bbf13296b49c868bb39bc/element/f.E22896224DAB0D107D3E889F8C0ECED7.d.CA8A00B46C5FB233F31A40728ACC1D20.e.3764/click - {}
RESULT: {}
COMMAND: GET /session/ea2377afc02bbf13296b49c868bb39bc/screenshot - {}
RESULT: {}
COMMAND: POST /session/ea2377afc02bbf13296b49c868bb39bc/element - {"using":"xpath","value":"//span[@id=\"application-manageconditionprice-display-component---conditions--smartTable-header-inner\"]"}
RESULT: {"using":"xpath","value":"//span[@id=\"application-manageconditionprice-display-component---conditions--smartTable-header-inner\"]"}
COMMAND: POST /session/ea2377afc02bbf13296b49c868bb39bc/elements - {"using":"xpath","value":"//span[@id=\"application-manageconditionprice-display-component---conditions--smartTable-header-inner\"]"}
RESULT: {"using":"xpath","value":"//span[@id=\"application-manageconditionprice-display-component---conditions--smartTable-header-inner\"]"}
COMMAND: POST /session/ea2377afc02bbf13296b49c868bb39bc/execute/sync - {"script":"<script> [56 bytes]","args":[{"element-6066-11e4-a52e-4f735466cecf":"f.E22896224DAB0D107D3E889F8C0ECED7.d.CA8A00B46C5FB233F31A40728ACC1D20.e.3767","ELEMENT":"f.E22896224DAB0D107D3E889F8C0ECED7.d.CA8A00B46C5FB233F31A40728ACC1D20.e.3767"}]}
RESULT: {"script":"<script> [56 bytes]","args":[{"element-6066-11e4-a52e-4f735466cecf":"f.E22896224DAB0D107D3E889F8C0ECED7.d.CA8A00B46C5FB233F31A40728ACC1D20.e.3767","ELEMENT":"f.E22896224DAB0D107D3E889F8C0ECED7.d.CA8A00B46C5FB233F31A40728ACC1D20.e.3767"}]}
COMMAND: POST /session/ea2377afc02bbf13296b49c868bb39bc/element - {"using":"css selector","value":"#shell-header-logo"}
COMMAND: GET /session/ea2377afc02bbf13296b49c868bb39bc/screenshot - {}
RESULT: {"using":"css selector","value":"#shell-header-logo"}
COMMAND: POST /session/ea2377afc02bbf13296b49c868bb39bc/element/f.E22896224DAB0D107D3E889F8C0ECED7.d.CA8A00B46C5FB233F31A40728ACC1D20.e.3390/click - {}
RESULT: {}
RESULT: {}
COMMAND: GET /session/ea2377afc02bbf13296b49c868bb39bc/screenshot - {}
RESULT: {}
]]></system-out>
    </testcase>
    <testcase classname="chrome.136_0_7103_93.windows.Billing_Transfer_-_Master_data_&amp;_Intercompany_US127250" name="Should do a stock increase" time="106.685">
      <system-out><![CDATA[
COMMAND: POST /session/ea2377afc02bbf13296b49c868bb39bc/execute/async - {"script":"<script> [1562 bytes]","args":[{"selector":{"controlType":"sap.m.GenericTile","properties":{"header":"Manage Handovers"}},"wdio_ui5_key":"sapm.GenericTile{\"header\":\"Manage Handovers\"}"}]}
RESULT: {"script":"<script> [1562 bytes]","args":[{"selector":{"controlType":"sap.m.GenericTile","properties":{"header":"Manage Handovers"}},"wdio_ui5_key":"sapm.GenericTile{\"header\":\"Manage Handovers\"}"}]}
RESULT: undefined
COMMAND: POST /session/ea2377afc02bbf13296b49c868bb39bc/element - {"using":"xpath","value":"//*[@id=\"__tile132\"]"}
RESULT: {"using":"xpath","value":"//*[@id=\"__tile132\"]"}
COMMAND: POST /session/ea2377afc02bbf13296b49c868bb39bc/element/f.E22896224DAB0D107D3E889F8C0ECED7.d.CA8A00B46C5FB233F31A40728ACC1D20.e.256/click - {}
RESULT: {}
COMMAND: GET /session/ea2377afc02bbf13296b49c868bb39bc/screenshot - {}
RESULT: {}
COMMAND: POST /session/ea2377afc02bbf13296b49c868bb39bc/elements - {"using":"xpath","value":"//span[text()='Error']"}
RESULT: {"using":"xpath","value":"//span[text()='Error']"}
COMMAND: POST /session/ea2377afc02bbf13296b49c868bb39bc/element - {"using":"xpath","value":"//button[@data-kt=\"masterHOAddButton\"]"}
RESULT: {"using":"xpath","value":"//button[@data-kt=\"masterHOAddButton\"]"}
COMMAND: POST /session/ea2377afc02bbf13296b49c868bb39bc/elements - {"using":"xpath","value":"//button[@data-kt=\"masterHOAddButton\"]"}
RESULT: {"using":"xpath","value":"//button[@data-kt=\"masterHOAddButton\"]"}
COMMAND: POST /session/ea2377afc02bbf13296b49c868bb39bc/elements - {"using":"xpath","value":"//button[@data-kt=\"masterHOAddButton\"]"}
RESULT: {"using":"xpath","value":"//button[@data-kt=\"masterHOAddButton\"]"}
COMMAND: POST /session/ea2377afc02bbf13296b49c868bb39bc/element - {"using":"xpath","value":"//button[@data-kt=\"masterHOAddButton\"]"}
RESULT: {"using":"xpath","value":"//button[@data-kt=\"masterHOAddButton\"]"}
COMMAND: POST /session/ea2377afc02bbf13296b49c868bb39bc/execute/sync - {"script":"<script> [8489 bytes]","args":[{"element-6066-11e4-a52e-4f735466cecf":"f.E22896224DAB0D107D3E889F8C0ECED7.d.CA8A00B46C5FB233F31A40728ACC1D20.e.3812","ELEMENT":"f.E22896224DAB0D107D3E889F8C0ECED7.d.CA8A00B46C5FB233F31A40728ACC1D20.e.3812"}]}
RESULT: {"script":"<script> [8489 bytes]","args":[{"element-6066-11e4-a52e-4f735466cecf":"f.E22896224DAB0D107D3E889F8C0ECED7.d.CA8A00B46C5FB233F31A40728ACC1D20.e.3812","ELEMENT":"f.E22896224DAB0D107D3E889F8C0ECED7.d.CA8A00B46C5FB233F31A40728ACC1D20.e.3812"}]}
COMMAND: GET /session/ea2377afc02bbf13296b49c868bb39bc/element/f.E22896224DAB0D107D3E889F8C0ECED7.d.CA8A00B46C5FB233F31A40728ACC1D20.e.3812/enabled - {}
COMMAND: GET /session/ea2377afc02bbf13296b49c868bb39bc/screenshot - {}
RESULT: {}
COMMAND: POST /session/ea2377afc02bbf13296b49c868bb39bc/execute/sync - {"script":"<script> [8489 bytes]","args":[{"element-6066-11e4-a52e-4f735466cecf":"f.E22896224DAB0D107D3E889F8C0ECED7.d.CA8A00B46C5FB233F31A40728ACC1D20.e.3812","ELEMENT":"f.E22896224DAB0D107D3E889F8C0ECED7.d.CA8A00B46C5FB233F31A40728ACC1D20.e.3812"}]}
COMMAND: GET /session/ea2377afc02bbf13296b49c868bb39bc/screenshot - {}
RESULT: {}
RESULT: {"script":"<script> [8489 bytes]","args":[{"element-6066-11e4-a52e-4f735466cecf":"f.E22896224DAB0D107D3E889F8C0ECED7.d.CA8A00B46C5FB233F31A40728ACC1D20.e.3812","ELEMENT":"f.E22896224DAB0D107D3E889F8C0ECED7.d.CA8A00B46C5FB233F31A40728ACC1D20.e.3812"}]}
COMMAND: POST /session/ea2377afc02bbf13296b49c868bb39bc/execute/sync - {"script":"<script> [5351 bytes]","args":[{"element-6066-11e4-a52e-4f735466cecf":"f.E22896224DAB0D107D3E889F8C0ECED7.d.CA8A00B46C5FB233F31A40728ACC1D20.e.3812","ELEMENT":"f.E22896224DAB0D107D3E889F8C0ECED7.d.CA8A00B46C5FB233F31A40728ACC1D20.e.3812"}]}
COMMAND: GET /session/ea2377afc02bbf13296b49c868bb39bc/screenshot - {}
RESULT: {}
RESULT: {"script":"<script> [5351 bytes]","args":[{"element-6066-11e4-a52e-4f735466cecf":"f.E22896224DAB0D107D3E889F8C0ECED7.d.CA8A00B46C5FB233F31A40728ACC1D20.e.3812","ELEMENT":"f.E22896224DAB0D107D3E889F8C0ECED7.d.CA8A00B46C5FB233F31A40728ACC1D20.e.3812"}]}
COMMAND: POST /session/ea2377afc02bbf13296b49c868bb39bc/element/f.E22896224DAB0D107D3E889F8C0ECED7.d.CA8A00B46C5FB233F31A40728ACC1D20.e.3812/click - {}
COMMAND: GET /session/ea2377afc02bbf13296b49c868bb39bc/screenshot - {}
RESULT: {}
RESULT: {}
COMMAND: GET /session/ea2377afc02bbf13296b49c868bb39bc/screenshot - {}
COMMAND: POST /session/ea2377afc02bbf13296b49c868bb39bc/element - {"using":"xpath","value":"//span[contains(@id ,\"AddNewHO--typeSelect-arrow\")]"}
RESULT: {}
RESULT: {}
RESULT: {"using":"xpath","value":"//span[contains(@id ,\"AddNewHO--typeSelect-arrow\")]"}
COMMAND: POST /session/ea2377afc02bbf13296b49c868bb39bc/element/f.E22896224DAB0D107D3E889F8C0ECED7.d.CA8A00B46C5FB233F31A40728ACC1D20.e.4161/click - {}
RESULT: {}
COMMAND: GET /session/ea2377afc02bbf13296b49c868bb39bc/screenshot - {}
RESULT: {}
COMMAND: POST /session/ea2377afc02bbf13296b49c868bb39bc/element - {"using":"xpath","value":"(//li[contains(text(), \"stock increase yard\")])[1]"}
RESULT: {"using":"xpath","value":"(//li[contains(text(), \"stock increase yard\")])[1]"}
COMMAND: POST /session/ea2377afc02bbf13296b49c868bb39bc/element/f.E22896224DAB0D107D3E889F8C0ECED7.d.CA8A00B46C5FB233F31A40728ACC1D20.e.4162/click - {}
RESULT: {}
COMMAND: GET /session/ea2377afc02bbf13296b49c868bb39bc/screenshot - {}
RESULT: {}
COMMAND: POST /session/ea2377afc02bbf13296b49c868bb39bc/execute/async - {"script":"<script> [1562 bytes]","args":[{"selector":{"id":"application-managehandovers-display-component---AddNewHO--dueDate","interaction":{"idSuffix":"inner"}},"wdio_ui5_key":"applicationmanagehandovers-display-component---AddNewHO--dueDate"}]}
RESULT: {"script":"<script> [1562 bytes]","args":[{"selector":{"id":"application-managehandovers-display-component---AddNewHO--dueDate","interaction":{"idSuffix":"inner"}},"wdio_ui5_key":"applicationmanagehandovers-display-component---AddNewHO--dueDate"}]}
RESULT: undefined
COMMAND: POST /session/ea2377afc02bbf13296b49c868bb39bc/execute/async - {"script":"<script> [6424 bytes]","args":[{"element-6066-11e4-a52e-4f735466cecf":"f.E22896224DAB0D107D3E889F8C0ECED7.d.CA8A00B46C5FB233F31A40728ACC1D20.e.4166"},"setValue",["5/20/25"]]}
RESULT: {"script":"<script> [6424 bytes]","args":[{"element-6066-11e4-a52e-4f735466cecf":"f.E22896224DAB0D107D3E889F8C0ECED7.d.CA8A00B46C5FB233F31A40728ACC1D20.e.4166"},"setValue",["5/20/25"]]}
COMMAND: POST /session/ea2377afc02bbf13296b49c868bb39bc/element - {"using":"xpath","value":"//input[@id=\"generalSectionFrg--receiveYard-inner\"]"}
RESULT: {"using":"xpath","value":"//input[@id=\"generalSectionFrg--receiveYard-inner\"]"}
COMMAND: POST /session/ea2377afc02bbf13296b49c868bb39bc/element/f.E22896224DAB0D107D3E889F8C0ECED7.d.CA8A00B46C5FB233F31A40728ACC1D20.e.4170/clear - {}
RESULT: {}
COMMAND: POST /session/ea2377afc02bbf13296b49c868bb39bc/element/f.E22896224DAB0D107D3E889F8C0ECED7.d.CA8A00B46C5FB233F31A40728ACC1D20.e.4170/value - {"text":"575"}
COMMAND: GET /session/ea2377afc02bbf13296b49c868bb39bc/screenshot - {}
RESULT: {"text":"575"}
COMMAND: GET /session/ea2377afc02bbf13296b49c868bb39bc/screenshot - {}
RESULT: {}
RESULT: {}
COMMAND: POST /session/ea2377afc02bbf13296b49c868bb39bc/element - {"using":"xpath","value":"//li[.//span[text()='575']]"}
RESULT: {"using":"xpath","value":"//li[.//span[text()='575']]"}
COMMAND: POST /session/ea2377afc02bbf13296b49c868bb39bc/element/f.E22896224DAB0D107D3E889F8C0ECED7.d.CA8A00B46C5FB233F31A40728ACC1D20.e.4186/click - {}
RESULT: {}
COMMAND: GET /session/ea2377afc02bbf13296b49c868bb39bc/screenshot - {}
RESULT: {}
COMMAND: POST /session/ea2377afc02bbf13296b49c868bb39bc/execute/async - {"script":"<script> [1562 bytes]","args":[{"selector":{"id":"application-managehandovers-display-component---AddNewHO--ObjectPageLayout-anchBar-application-managehandovers-display-component---AddNewHO--section4-anchor","interaction":{"idSuffix":"BDI-content"}},"wdio_ui5_key":"applicationmanagehandovers-display-component---AddNewHO--ObjectPageLayout-anchBar-application-managehandovers-display-component---AddNewHO--section4-anchor"}]}
RESULT: {"script":"<script> [1562 bytes]","args":[{"selector":{"id":"application-managehandovers-display-component---AddNewHO--ObjectPageLayout-anchBar-application-managehandovers-display-component---AddNewHO--section4-anchor","interaction":{"idSuffix":"BDI-content"}},"wdio_ui5_key":"applicationmanagehandovers-display-component---AddNewHO--ObjectPageLayout-anchBar-application-managehandovers-display-component---AddNewHO--section4-anchor"}]}
RESULT: undefined
COMMAND: POST /session/ea2377afc02bbf13296b49c868bb39bc/element - {"using":"xpath","value":"//*[@id=\"application-managehandovers-display-component---AddNewHO--ObjectPageLayout-anchBar-application-managehandovers-display-component---AddNewHO--section4-anchor\"]"}
RESULT: {"using":"xpath","value":"//*[@id=\"application-managehandovers-display-component---AddNewHO--ObjectPageLayout-anchBar-application-managehandovers-display-component---AddNewHO--section4-anchor\"]"}
COMMAND: POST /session/ea2377afc02bbf13296b49c868bb39bc/element/f.E22896224DAB0D107D3E889F8C0ECED7.d.CA8A00B46C5FB233F31A40728ACC1D20.e.4188/click - {}
RESULT: {}
COMMAND: POST /session/ea2377afc02bbf13296b49c868bb39bc/element - {"using":"xpath","value":"//button[@aria-label=\"Add\"]"}
COMMAND: GET /session/ea2377afc02bbf13296b49c868bb39bc/screenshot - {}
RESULT: {"using":"xpath","value":"//button[@aria-label=\"Add\"]"}
COMMAND: POST /session/ea2377afc02bbf13296b49c868bb39bc/element/f.E22896224DAB0D107D3E889F8C0ECED7.d.CA8A00B46C5FB233F31A40728ACC1D20.e.4191/click - {}
RESULT: {}
RESULT: {}
COMMAND: GET /session/ea2377afc02bbf13296b49c868bb39bc/screenshot - {}
RESULT: {}
COMMAND: POST /session/ea2377afc02bbf13296b49c868bb39bc/execute/async - {"script":"<script> [1562 bytes]","args":[{"selector":{"id":"application-managehandovers-display-component---AddNewHO--smartFilterBar-btnBasicSearch","searchOpenDialogs":true,"interaction":{"idSuffix":"I"}},"wdio_ui5_key":"applicationmanagehandovers-display-component---AddNewHO--smartFilterBar-btnBasicSearch"}]}
RESULT: {"script":"<script> [1562 bytes]","args":[{"selector":{"id":"application-managehandovers-display-component---AddNewHO--smartFilterBar-btnBasicSearch","searchOpenDialogs":true,"interaction":{"idSuffix":"I"}},"wdio_ui5_key":"applicationmanagehandovers-display-component---AddNewHO--smartFilterBar-btnBasicSearch"}]}
RESULT: undefined
COMMAND: POST /session/ea2377afc02bbf13296b49c868bb39bc/execute/async - {"script":"<script> [776 bytes]","args":[{"enterText":"ui1R1rWlZ9","selector":{"id":"application-managehandovers-display-component---AddNewHO--smartFilterBar-btnBasicSearch","searchOpenDialogs":true,"interaction":{"idSuffix":"I"}},"clearTextFirst":true,"interactionType":"ENTER_TEXT"}]}
RESULT: {"script":"<script> [776 bytes]","args":[{"enterText":"ui1R1rWlZ9","selector":{"id":"application-managehandovers-display-component---AddNewHO--smartFilterBar-btnBasicSearch","searchOpenDialogs":true,"interaction":{"idSuffix":"I"}},"clearTextFirst":true,"interactionType":"ENTER_TEXT"}]}
COMMAND: POST /session/ea2377afc02bbf13296b49c868bb39bc/actions - {"actions":[{"id":"action17","type":"key","parameters":{},"actions":[{"type":"keyDown","value":"î€‡"},{"type":"pause","duration":10},{"type":"keyUp","value":"î€‡"}]}]}
RESULT: {"actions":[{"id":"action17","type":"key","parameters":{},"actions":[{"type":"keyDown","value":"î€‡"},{"type":"pause","duration":10},{"type":"keyUp","value":"î€‡"}]}]}
COMMAND: GET /session/ea2377afc02bbf13296b49c868bb39bc/screenshot - {}
RESULT: {}
COMMAND: POST /session/ea2377afc02bbf13296b49c868bb39bc/execute/async - {"script":"<script> [1562 bytes]","args":[{"selector":{"id":"application-managehandovers-display-component---AddNewHO--popup-sa","searchOpenDialogs":true,"interaction":{"idSuffix":"CbBg"}},"wdio_ui5_key":"applicationmanagehandovers-display-component---AddNewHO--popup-sa"}]}
RESULT: {"script":"<script> [1562 bytes]","args":[{"selector":{"id":"application-managehandovers-display-component---AddNewHO--popup-sa","searchOpenDialogs":true,"interaction":{"idSuffix":"CbBg"}},"wdio_ui5_key":"applicationmanagehandovers-display-component---AddNewHO--popup-sa"}]}
RESULT: undefined
COMMAND: POST /session/ea2377afc02bbf13296b49c868bb39bc/element - {"using":"xpath","value":"//*[@id=\"application-managehandovers-display-component---AddNewHO--popup-sa\"]"}
RESULT: {"using":"xpath","value":"//*[@id=\"application-managehandovers-display-component---AddNewHO--popup-sa\"]"}
COMMAND: POST /session/ea2377afc02bbf13296b49c868bb39bc/element/f.E22896224DAB0D107D3E889F8C0ECED7.d.CA8A00B46C5FB233F31A40728ACC1D20.e.4345/click - {}
RESULT: {}
COMMAND: GET /session/ea2377afc02bbf13296b49c868bb39bc/screenshot - {}
RESULT: {}
COMMAND: POST /session/ea2377afc02bbf13296b49c868bb39bc/element - {"using":"xpath","value":"//bdi[contains(text(), \"Select\")]"}
RESULT: {"using":"xpath","value":"//bdi[contains(text(), \"Select\")]"}
COMMAND: POST /session/ea2377afc02bbf13296b49c868bb39bc/element/f.E22896224DAB0D107D3E889F8C0ECED7.d.CA8A00B46C5FB233F31A40728ACC1D20.e.4346/click - {}
RESULT: {}
COMMAND: GET /session/ea2377afc02bbf13296b49c868bb39bc/screenshot - {}
RESULT: {}
COMMAND: POST /session/ea2377afc02bbf13296b49c868bb39bc/element - {"using":"xpath","value":"//button[@data-kt=\"AddNewHOSaveButton\"]"}
RESULT: {"using":"xpath","value":"//button[@data-kt=\"AddNewHOSaveButton\"]"}
COMMAND: POST /session/ea2377afc02bbf13296b49c868bb39bc/element/f.E22896224DAB0D107D3E889F8C0ECED7.d.CA8A00B46C5FB233F31A40728ACC1D20.e.4350/click - {}
RESULT: {}
COMMAND: GET /session/ea2377afc02bbf13296b49c868bb39bc/screenshot - {}
COMMAND: POST /session/ea2377afc02bbf13296b49c868bb39bc/execute/async - {"script":"<script> [1562 bytes]","args":[{"selector":{"id":"receiptDatePicker","viewName":"etm.portal.ui.managehandovers.view.DetailExecuteHO","interaction":{"idSuffix":"inner"}},"wdio_ui5_key":"receiptDatePickeretmportal.ui.managehandovers.view.DetailExecuteHO"}]}
RESULT: {}
RESULT: {"script":"<script> [1562 bytes]","args":[{"selector":{"id":"receiptDatePicker","viewName":"etm.portal.ui.managehandovers.view.DetailExecuteHO","interaction":{"idSuffix":"inner"}},"wdio_ui5_key":"receiptDatePickeretmportal.ui.managehandovers.view.DetailExecuteHO"}]}
RESULT: undefined
COMMAND: POST /session/ea2377afc02bbf13296b49c868bb39bc/execute/async - {"script":"<script> [6424 bytes]","args":[{"element-6066-11e4-a52e-4f735466cecf":"f.E22896224DAB0D107D3E889F8C0ECED7.d.CA8A00B46C5FB233F31A40728ACC1D20.e.4368"},"setValue",["5/20/25"]]}
RESULT: {"script":"<script> [6424 bytes]","args":[{"element-6066-11e4-a52e-4f735466cecf":"f.E22896224DAB0D107D3E889F8C0ECED7.d.CA8A00B46C5FB233F31A40728ACC1D20.e.4368"},"setValue",["5/20/25"]]}
COMMAND: POST /session/ea2377afc02bbf13296b49c868bb39bc/element - {"using":"xpath","value":"//button[@data-kt=\"PickingTableConfirmAllButton\"]"}
RESULT: {"using":"xpath","value":"//button[@data-kt=\"PickingTableConfirmAllButton\"]"}
COMMAND: POST /session/ea2377afc02bbf13296b49c868bb39bc/element/f.E22896224DAB0D107D3E889F8C0ECED7.d.CA8A00B46C5FB233F31A40728ACC1D20.e.4384/click - {}
RESULT: {}
COMMAND: GET /session/ea2377afc02bbf13296b49c868bb39bc/screenshot - {}
RESULT: {}
COMMAND: POST /session/ea2377afc02bbf13296b49c868bb39bc/element - {"using":"xpath","value":"//bdi[contains(text(), \"OK\")]"}
RESULT: {"using":"xpath","value":"//bdi[contains(text(), \"OK\")]"}
COMMAND: POST /session/ea2377afc02bbf13296b49c868bb39bc/element/f.E22896224DAB0D107D3E889F8C0ECED7.d.CA8A00B46C5FB233F31A40728ACC1D20.e.4386/click - {}
RESULT: {}
COMMAND: GET /session/ea2377afc02bbf13296b49c868bb39bc/screenshot - {}
RESULT: {}
COMMAND: POST /session/ea2377afc02bbf13296b49c868bb39bc/element - {"using":"xpath","value":"(//bdi[contains(text(), \"Receive\")])[2]"}
RESULT: {"using":"xpath","value":"(//bdi[contains(text(), \"Receive\")])[2]"}
COMMAND: POST /session/ea2377afc02bbf13296b49c868bb39bc/element/f.E22896224DAB0D107D3E889F8C0ECED7.d.CA8A00B46C5FB233F31A40728ACC1D20.e.4388/click - {}
RESULT: {}
COMMAND: GET /session/ea2377afc02bbf13296b49c868bb39bc/screenshot - {}
RESULT: {}
COMMAND: POST /session/ea2377afc02bbf13296b49c868bb39bc/element - {"using":"css selector","value":"#shell-header-logo"}
RESULT: {"using":"css selector","value":"#shell-header-logo"}
COMMAND: POST /session/ea2377afc02bbf13296b49c868bb39bc/element/f.E22896224DAB0D107D3E889F8C0ECED7.d.CA8A00B46C5FB233F31A40728ACC1D20.e.3774/click - {}
RESULT: {}
COMMAND: GET /session/ea2377afc02bbf13296b49c868bb39bc/screenshot - {}
RESULT: {}
]]></system-out>
    </testcase>
    <testcase classname="chrome.136_0_7103_93.windows.Billing_Transfer_-_Master_data_&amp;_Intercompany_US127250" name="Should create a new contract" time="77.994">
      <system-out><![CDATA[
COMMAND: POST /session/ea2377afc02bbf13296b49c868bb39bc/execute/async - {"script":"<script> [1562 bytes]","args":[{"selector":{"controlType":"sap.m.GenericTile","properties":{"header":"Manage Contracts"}},"wdio_ui5_key":"sapm.GenericTile{\"header\":\"Manage Contracts\"}"}]}
RESULT: {"script":"<script> [1562 bytes]","args":[{"selector":{"controlType":"sap.m.GenericTile","properties":{"header":"Manage Contracts"}},"wdio_ui5_key":"sapm.GenericTile{\"header\":\"Manage Contracts\"}"}]}
RESULT: undefined
COMMAND: POST /session/ea2377afc02bbf13296b49c868bb39bc/element - {"using":"xpath","value":"//*[@id=\"__tile130\"]"}
RESULT: {"using":"xpath","value":"//*[@id=\"__tile130\"]"}
COMMAND: POST /session/ea2377afc02bbf13296b49c868bb39bc/element/f.E22896224DAB0D107D3E889F8C0ECED7.d.CA8A00B46C5FB233F31A40728ACC1D20.e.187/click - {}
RESULT: {}
COMMAND: GET /session/ea2377afc02bbf13296b49c868bb39bc/screenshot - {}
RESULT: {}
COMMAND: POST /session/ea2377afc02bbf13296b49c868bb39bc/elements - {"using":"xpath","value":"//span[text()='Error']"}
RESULT: {"using":"xpath","value":"//span[text()='Error']"}
COMMAND: POST /session/ea2377afc02bbf13296b49c868bb39bc/element - {"using":"xpath","value":"//button[@data-kt=\"addButton\"]"}
RESULT: {"using":"xpath","value":"//button[@data-kt=\"addButton\"]"}
COMMAND: POST /session/ea2377afc02bbf13296b49c868bb39bc/elements - {"using":"xpath","value":"//button[@data-kt=\"addButton\"]"}
RESULT: {"using":"xpath","value":"//button[@data-kt=\"addButton\"]"}
COMMAND: POST /session/ea2377afc02bbf13296b49c868bb39bc/execute/sync - {"script":"<script> [8489 bytes]","args":[{"element-6066-11e4-a52e-4f735466cecf":"f.E22896224DAB0D107D3E889F8C0ECED7.d.CA8A00B46C5FB233F31A40728ACC1D20.e.4609","ELEMENT":"f.E22896224DAB0D107D3E889F8C0ECED7.d.CA8A00B46C5FB233F31A40728ACC1D20.e.4609"}]}
RESULT: {"script":"<script> [8489 bytes]","args":[{"element-6066-11e4-a52e-4f735466cecf":"f.E22896224DAB0D107D3E889F8C0ECED7.d.CA8A00B46C5FB233F31A40728ACC1D20.e.4609","ELEMENT":"f.E22896224DAB0D107D3E889F8C0ECED7.d.CA8A00B46C5FB233F31A40728ACC1D20.e.4609"}]}
COMMAND: GET /session/ea2377afc02bbf13296b49c868bb39bc/element/f.E22896224DAB0D107D3E889F8C0ECED7.d.CA8A00B46C5FB233F31A40728ACC1D20.e.4609/enabled - {}
COMMAND: GET /session/ea2377afc02bbf13296b49c868bb39bc/screenshot - {}
RESULT: {}
COMMAND: POST /session/ea2377afc02bbf13296b49c868bb39bc/execute/sync - {"script":"<script> [8489 bytes]","args":[{"element-6066-11e4-a52e-4f735466cecf":"f.E22896224DAB0D107D3E889F8C0ECED7.d.CA8A00B46C5FB233F31A40728ACC1D20.e.4609","ELEMENT":"f.E22896224DAB0D107D3E889F8C0ECED7.d.CA8A00B46C5FB233F31A40728ACC1D20.e.4609"}]}
COMMAND: GET /session/ea2377afc02bbf13296b49c868bb39bc/screenshot - {}
RESULT: {}
RESULT: {"script":"<script> [8489 bytes]","args":[{"element-6066-11e4-a52e-4f735466cecf":"f.E22896224DAB0D107D3E889F8C0ECED7.d.CA8A00B46C5FB233F31A40728ACC1D20.e.4609","ELEMENT":"f.E22896224DAB0D107D3E889F8C0ECED7.d.CA8A00B46C5FB233F31A40728ACC1D20.e.4609"}]}
COMMAND: POST /session/ea2377afc02bbf13296b49c868bb39bc/execute/sync - {"script":"<script> [5351 bytes]","args":[{"element-6066-11e4-a52e-4f735466cecf":"f.E22896224DAB0D107D3E889F8C0ECED7.d.CA8A00B46C5FB233F31A40728ACC1D20.e.4609","ELEMENT":"f.E22896224DAB0D107D3E889F8C0ECED7.d.CA8A00B46C5FB233F31A40728ACC1D20.e.4609"}]}
COMMAND: GET /session/ea2377afc02bbf13296b49c868bb39bc/screenshot - {}
RESULT: {}
RESULT: {"script":"<script> [5351 bytes]","args":[{"element-6066-11e4-a52e-4f735466cecf":"f.E22896224DAB0D107D3E889F8C0ECED7.d.CA8A00B46C5FB233F31A40728ACC1D20.e.4609","ELEMENT":"f.E22896224DAB0D107D3E889F8C0ECED7.d.CA8A00B46C5FB233F31A40728ACC1D20.e.4609"}]}
COMMAND: GET /session/ea2377afc02bbf13296b49c868bb39bc/screenshot - {}
RESULT: {}
RESULT: {}
COMMAND: POST /session/ea2377afc02bbf13296b49c868bb39bc/element/f.E22896224DAB0D107D3E889F8C0ECED7.d.CA8A00B46C5FB233F31A40728ACC1D20.e.4609/click - {}
RESULT: {}
COMMAND: GET /session/ea2377afc02bbf13296b49c868bb39bc/screenshot - {}
RESULT: {}
COMMAND: POST /session/ea2377afc02bbf13296b49c868bb39bc/execute/async - {"script":"<script> [1562 bytes]","args":[{"selector":{"id":"application-managecontracts-display-component---AddNewContract--projectDescription","interaction":{"idSuffix":"inner"}},"wdio_ui5_key":"applicationmanagecontracts-display-component---AddNewContract--projectDescription"}]}
RESULT: {"script":"<script> [1562 bytes]","args":[{"selector":{"id":"application-managecontracts-display-component---AddNewContract--projectDescription","interaction":{"idSuffix":"inner"}},"wdio_ui5_key":"applicationmanagecontracts-display-component---AddNewContract--projectDescription"}]}
RESULT: undefined
COMMAND: POST /session/ea2377afc02bbf13296b49c868bb39bc/execute/async - {"script":"<script> [776 bytes]","args":[{"enterText":"Intercompany Contract WDIO","selector":{"id":"application-managecontracts-display-component---AddNewContract--projectDescription","interaction":{"idSuffix":"inner"}},"clearTextFirst":true,"interactionType":"ENTER_TEXT"}]}
RESULT: {"script":"<script> [776 bytes]","args":[{"enterText":"Intercompany Contract WDIO","selector":{"id":"application-managecontracts-display-component---AddNewContract--projectDescription","interaction":{"idSuffix":"inner"}},"clearTextFirst":true,"interactionType":"ENTER_TEXT"}]}
COMMAND: POST /session/ea2377afc02bbf13296b49c868bb39bc/element - {"using":"xpath","value":"//input[@id=\"application-managecontracts-display-component---AddNewContract--site-inner\"]"}
RESULT: {"using":"xpath","value":"//input[@id=\"application-managecontracts-display-component---AddNewContract--site-inner\"]"}
COMMAND: POST /session/ea2377afc02bbf13296b49c868bb39bc/element/f.E22896224DAB0D107D3E889F8C0ECED7.d.CA8A00B46C5FB233F31A40728ACC1D20.e.4966/clear - {}
RESULT: {}
COMMAND: POST /session/ea2377afc02bbf13296b49c868bb39bc/element/f.E22896224DAB0D107D3E889F8C0ECED7.d.CA8A00B46C5FB233F31A40728ACC1D20.e.4966/value - {"text":"2290"}
COMMAND: GET /session/ea2377afc02bbf13296b49c868bb39bc/screenshot - {}
RESULT: {"text":"2290"}
COMMAND: GET /session/ea2377afc02bbf13296b49c868bb39bc/screenshot - {}
RESULT: {}
RESULT: {}
COMMAND: POST /session/ea2377afc02bbf13296b49c868bb39bc/element - {"using":"xpath","value":"//li[.//span[text()='2290']]"}
RESULT: {"using":"xpath","value":"//li[.//span[text()='2290']]"}
COMMAND: POST /session/ea2377afc02bbf13296b49c868bb39bc/element/f.E22896224DAB0D107D3E889F8C0ECED7.d.CA8A00B46C5FB233F31A40728ACC1D20.e.5000/click - {}
RESULT: {}
COMMAND: GET /session/ea2377afc02bbf13296b49c868bb39bc/screenshot - {}
RESULT: {}
COMMAND: POST /session/ea2377afc02bbf13296b49c868bb39bc/element - {"using":"xpath","value":"//input[@id=\"application-managecontracts-display-component---AddNewContract--yardId-inner\"]"}
RESULT: {"using":"xpath","value":"//input[@id=\"application-managecontracts-display-component---AddNewContract--yardId-inner\"]"}
COMMAND: GET /session/ea2377afc02bbf13296b49c868bb39bc/element/f.E22896224DAB0D107D3E889F8C0ECED7.d.CA8A00B46C5FB233F31A40728ACC1D20.e.4967/property/value - {}
RESULT: {}
COMMAND: POST /session/ea2377afc02bbf13296b49c868bb39bc/element - {"using":"xpath","value":"//input[@id=\"application-managecontracts-display-component---AddNewContract--customerSelect-inner\"]"}
COMMAND: GET /session/ea2377afc02bbf13296b49c868bb39bc/screenshot - {}
RESULT: {"using":"xpath","value":"//input[@id=\"application-managecontracts-display-component---AddNewContract--customerSelect-inner\"]"}
COMMAND: POST /session/ea2377afc02bbf13296b49c868bb39bc/element/f.E22896224DAB0D107D3E889F8C0ECED7.d.CA8A00B46C5FB233F31A40728ACC1D20.e.4965/clear - {}
RESULT: {}
RESULT: {}
COMMAND: POST /session/ea2377afc02bbf13296b49c868bb39bc/element/f.E22896224DAB0D107D3E889F8C0ECED7.d.CA8A00B46C5FB233F31A40728ACC1D20.e.4965/value - {"text":"1347"}
COMMAND: GET /session/ea2377afc02bbf13296b49c868bb39bc/screenshot - {}
RESULT: {"text":"1347"}
COMMAND: GET /session/ea2377afc02bbf13296b49c868bb39bc/screenshot - {}
COMMAND: POST /session/ea2377afc02bbf13296b49c868bb39bc/element - {"using":"xpath","value":"//li[.//span[text()='1347']]"}
RESULT: {}
RESULT: {}
RESULT: {"using":"xpath","value":"//li[.//span[text()='1347']]"}
COMMAND: POST /session/ea2377afc02bbf13296b49c868bb39bc/element/f.E22896224DAB0D107D3E889F8C0ECED7.d.CA8A00B46C5FB233F31A40728ACC1D20.e.5003/click - {}
RESULT: {}
COMMAND: GET /session/ea2377afc02bbf13296b49c868bb39bc/screenshot - {}
RESULT: {}
COMMAND: POST /session/ea2377afc02bbf13296b49c868bb39bc/element - {"using":"xpath","value":"//button[@data-kt=\"saveButton\"]"}
RESULT: {"using":"xpath","value":"//button[@data-kt=\"saveButton\"]"}
COMMAND: POST /session/ea2377afc02bbf13296b49c868bb39bc/element/f.E22896224DAB0D107D3E889F8C0ECED7.d.CA8A00B46C5FB233F31A40728ACC1D20.e.5004/click - {}
RESULT: {}
COMMAND: GET /session/ea2377afc02bbf13296b49c868bb39bc/screenshot - {}
RESULT: {}
COMMAND: POST /session/ea2377afc02bbf13296b49c868bb39bc/element - {"using":"xpath","value":"//span[contains(@id ,\"contractDetailTitleNoExpanded\")]"}
RESULT: {"using":"xpath","value":"//span[contains(@id ,\"contractDetailTitleNoExpanded\")]"}
COMMAND: POST /session/ea2377afc02bbf13296b49c868bb39bc/elements - {"using":"xpath","value":"//span[contains(@id ,\"contractDetailTitleNoExpanded\")]"}
RESULT: {"using":"xpath","value":"//span[contains(@id ,\"contractDetailTitleNoExpanded\")]"}
COMMAND: POST /session/ea2377afc02bbf13296b49c868bb39bc/execute/sync - {"script":"<script> [56 bytes]","args":[{"element-6066-11e4-a52e-4f735466cecf":"f.E22896224DAB0D107D3E889F8C0ECED7.d.CA8A00B46C5FB233F31A40728ACC1D20.e.5076","ELEMENT":"f.E22896224DAB0D107D3E889F8C0ECED7.d.CA8A00B46C5FB233F31A40728ACC1D20.e.5076"}]}
RESULT: {"script":"<script> [56 bytes]","args":[{"element-6066-11e4-a52e-4f735466cecf":"f.E22896224DAB0D107D3E889F8C0ECED7.d.CA8A00B46C5FB233F31A40728ACC1D20.e.5076","ELEMENT":"f.E22896224DAB0D107D3E889F8C0ECED7.d.CA8A00B46C5FB233F31A40728ACC1D20.e.5076"}]}
COMMAND: GET /session/ea2377afc02bbf13296b49c868bb39bc/screenshot - {}
RESULT: {}
]]></system-out>
    </testcase>
    <testcase classname="chrome.136_0_7103_93.windows.Billing_Transfer_-_Master_data_&amp;_Intercompany_US127250" name="Should add equipment to the contract" time="49.594">
      <system-out><![CDATA[
COMMAND: POST /session/ea2377afc02bbf13296b49c868bb39bc/element - {"using":"xpath","value":"//button[@data-kt=\"contractDetailEditBtnButton\"]"}
RESULT: {"using":"xpath","value":"//button[@data-kt=\"contractDetailEditBtnButton\"]"}
COMMAND: POST /session/ea2377afc02bbf13296b49c868bb39bc/element/f.E22896224DAB0D107D3E889F8C0ECED7.d.CA8A00B46C5FB233F31A40728ACC1D20.e.5078/click - {}
RESULT: {}
COMMAND: GET /session/ea2377afc02bbf13296b49c868bb39bc/screenshot - {}
RESULT: {}
COMMAND: POST /session/ea2377afc02bbf13296b49c868bb39bc/element - {"using":"xpath","value":"(//span[contains(text(), \"Additional Addresses\")])[2]"}
RESULT: {"using":"xpath","value":"(//span[contains(text(), \"Additional Addresses\")])[2]"}
COMMAND: POST /session/ea2377afc02bbf13296b49c868bb39bc/element/f.E22896224DAB0D107D3E889F8C0ECED7.d.CA8A00B46C5FB233F31A40728ACC1D20.e.5135/click - {}
RESULT: {}
COMMAND: GET /session/ea2377afc02bbf13296b49c868bb39bc/screenshot - {}
RESULT: {}
COMMAND: POST /session/ea2377afc02bbf13296b49c868bb39bc/element - {"using":"xpath","value":"//button[@data-kt=\"btnAddTableRowOverflowToolbarButton\"]"}
RESULT: {"using":"xpath","value":"//button[@data-kt=\"btnAddTableRowOverflowToolbarButton\"]"}
COMMAND: POST /session/ea2377afc02bbf13296b49c868bb39bc/element/f.E22896224DAB0D107D3E889F8C0ECED7.d.CA8A00B46C5FB233F31A40728ACC1D20.e.5138/click - {}
RESULT: {}
COMMAND: GET /session/ea2377afc02bbf13296b49c868bb39bc/screenshot - {}
RESULT: {}
COMMAND: POST /session/ea2377afc02bbf13296b49c868bb39bc/element - {"using":"xpath","value":"//div[(text() = 'Standard Entry' or . = 'Standard Entry')]"}
RESULT: {"using":"xpath","value":"//div[(text() = 'Standard Entry' or . = 'Standard Entry')]"}
COMMAND: POST /session/ea2377afc02bbf13296b49c868bb39bc/element/f.E22896224DAB0D107D3E889F8C0ECED7.d.CA8A00B46C5FB233F31A40728ACC1D20.e.5140/click - {}
RESULT: {}
COMMAND: GET /session/ea2377afc02bbf13296b49c868bb39bc/screenshot - {}
RESULT: {}
COMMAND: POST /session/ea2377afc02bbf13296b49c868bb39bc/element - {"using":"xpath","value":"//td[7]/div/div/input"}
RESULT: {"using":"xpath","value":"//td[7]/div/div/input"}
COMMAND: POST /session/ea2377afc02bbf13296b49c868bb39bc/element/f.E22896224DAB0D107D3E889F8C0ECED7.d.CA8A00B46C5FB233F31A40728ACC1D20.e.5149/clear - {}
RESULT: {}
COMMAND: POST /session/ea2377afc02bbf13296b49c868bb39bc/element/f.E22896224DAB0D107D3E889F8C0ECED7.d.CA8A00B46C5FB233F31A40728ACC1D20.e.5149/value - {"text":"ui1R1rWlZ9"}
COMMAND: GET /session/ea2377afc02bbf13296b49c868bb39bc/screenshot - {}
RESULT: {"text":"ui1R1rWlZ9"}
COMMAND: GET /session/ea2377afc02bbf13296b49c868bb39bc/screenshot - {}
RESULT: {}
RESULT: {}
COMMAND: POST /session/ea2377afc02bbf13296b49c868bb39bc/actions - {"actions":[{"id":"action18","type":"key","parameters":{},"actions":[{"type":"keyDown","value":"î€‡"},{"type":"pause","duration":10},{"type":"keyUp","value":"î€‡"}]}]}
RESULT: {"actions":[{"id":"action18","type":"key","parameters":{},"actions":[{"type":"keyDown","value":"î€‡"},{"type":"pause","duration":10},{"type":"keyUp","value":"î€‡"}]}]}
COMMAND: GET /session/ea2377afc02bbf13296b49c868bb39bc/screenshot - {}
RESULT: {}
COMMAND: POST /session/ea2377afc02bbf13296b49c868bb39bc/execute/sync - {"script":"<script> [276 bytes]","args":["No pricing information was found"]}
RESULT: {"script":"<script> [276 bytes]","args":["No pricing information was found"]}
COMMAND: POST /session/ea2377afc02bbf13296b49c868bb39bc/element - {"using":"xpath","value":"(//button[@data-kt=\"saveButton\"])[2]"}
COMMAND: GET /session/ea2377afc02bbf13296b49c868bb39bc/screenshot - {}
RESULT: {"using":"xpath","value":"(//button[@data-kt=\"saveButton\"])[2]"}
COMMAND: POST /session/ea2377afc02bbf13296b49c868bb39bc/element/f.E22896224DAB0D107D3E889F8C0ECED7.d.CA8A00B46C5FB233F31A40728ACC1D20.e.5164/click - {}
RESULT: {}
RESULT: {}
COMMAND: GET /session/ea2377afc02bbf13296b49c868bb39bc/screenshot - {}
RESULT: {}
COMMAND: POST /session/ea2377afc02bbf13296b49c868bb39bc/execute/sync - {"script":"<script> [276 bytes]","args":["Some contract items are having rental validity exceeding header rental validity"]}
RESULT: {"script":"<script> [276 bytes]","args":["Some contract items are having rental validity exceeding header rental validity"]}
COMMAND: GET /session/ea2377afc02bbf13296b49c868bb39bc/screenshot - {}
RESULT: {}
COMMAND: POST /session/ea2377afc02bbf13296b49c868bb39bc/element - {"using":"xpath","value":"//span[contains(@id ,\"contractItemsSmartTable-header-inner\")]"}
RESULT: {"using":"xpath","value":"//span[contains(@id ,\"contractItemsSmartTable-header-inner\")]"}
COMMAND: POST /session/ea2377afc02bbf13296b49c868bb39bc/elements - {"using":"xpath","value":"//span[contains(@id ,\"contractItemsSmartTable-header-inner\")]"}
RESULT: {"using":"xpath","value":"//span[contains(@id ,\"contractItemsSmartTable-header-inner\")]"}
COMMAND: POST /session/ea2377afc02bbf13296b49c868bb39bc/execute/sync - {"script":"<script> [56 bytes]","args":[{"element-6066-11e4-a52e-4f735466cecf":"f.E22896224DAB0D107D3E889F8C0ECED7.d.CA8A00B46C5FB233F31A40728ACC1D20.e.5171","ELEMENT":"f.E22896224DAB0D107D3E889F8C0ECED7.d.CA8A00B46C5FB233F31A40728ACC1D20.e.5171"}]}
RESULT: {"script":"<script> [56 bytes]","args":[{"element-6066-11e4-a52e-4f735466cecf":"f.E22896224DAB0D107D3E889F8C0ECED7.d.CA8A00B46C5FB233F31A40728ACC1D20.e.5171","ELEMENT":"f.E22896224DAB0D107D3E889F8C0ECED7.d.CA8A00B46C5FB233F31A40728ACC1D20.e.5171"}]}
]]></system-out>
    </testcase>
    <testcase classname="chrome.136_0_7103_93.windows.Billing_Transfer_-_Master_data_&amp;_Intercompany_US127250" name="Should do a provide to site handover" time="75.017">
      <system-out><![CDATA[
COMMAND: POST /session/ea2377afc02bbf13296b49c868bb39bc/element - {"using":"xpath","value":"//button[@data-kt=\"provideButton\"]"}
COMMAND: GET /session/ea2377afc02bbf13296b49c868bb39bc/screenshot - {}
RESULT: {"using":"xpath","value":"//button[@data-kt=\"provideButton\"]"}
COMMAND: POST /session/ea2377afc02bbf13296b49c868bb39bc/element/f.E22896224DAB0D107D3E889F8C0ECED7.d.CA8A00B46C5FB233F31A40728ACC1D20.e.5172/click - {}
RESULT: {}
RESULT: {}
COMMAND: GET /session/ea2377afc02bbf13296b49c868bb39bc/screenshot - {}
RESULT: {}
RESULT: undefined
COMMAND: POST /session/ea2377afc02bbf13296b49c868bb39bc/execute/async - {"script":"<script> [6424 bytes]","args":[{"element-6066-11e4-a52e-4f735466cecf":"f.E22896224DAB0D107D3E889F8C0ECED7.d.CA8A00B46C5FB233F31A40728ACC1D20.e.4166"},"setValue",["5/20/25"]]}
COMMAND: POST /session/ea2377afc02bbf13296b49c868bb39bc/execute/async - {"script":"<script> [1562 bytes]","args":[{"selector":{"id":"application-managehandovers-display-component---AddNewHO--dueDate","interaction":{"idSuffix":"inner"}},"wdio_ui5_key":"applicationmanagehandovers-display-component---AddNewHO--dueDate"}]}
RESULT: {"script":"<script> [1562 bytes]","args":[{"selector":{"id":"application-managehandovers-display-component---AddNewHO--dueDate","interaction":{"idSuffix":"inner"}},"wdio_ui5_key":"applicationmanagehandovers-display-component---AddNewHO--dueDate"}]}
COMMAND: POST /session/ea2377afc02bbf13296b49c868bb39bc/execute/async - {"script":"<script> [6424 bytes]","args":[{"element-6066-11e4-a52e-4f735466cecf":"f.E22896224DAB0D107D3E889F8C0ECED7.d.CA8A00B46C5FB233F31A40728ACC1D20.e.5262"},"setValue",["5/20/25"]]}
RESULT: {"script":"<script> [6424 bytes]","args":[{"element-6066-11e4-a52e-4f735466cecf":"f.E22896224DAB0D107D3E889F8C0ECED7.d.CA8A00B46C5FB233F31A40728ACC1D20.e.5262"},"setValue",["5/20/25"]]}
COMMAND: POST /session/ea2377afc02bbf13296b49c868bb39bc/element - {"using":"xpath","value":"//bdi[contains(text(), \"Instructions\")]"}
RESULT: {"using":"xpath","value":"//bdi[contains(text(), \"Instructions\")]"}
COMMAND: POST /session/ea2377afc02bbf13296b49c868bb39bc/element/f.E22896224DAB0D107D3E889F8C0ECED7.d.CA8A00B46C5FB233F31A40728ACC1D20.e.5477/click - {}
RESULT: {}
COMMAND: GET /session/ea2377afc02bbf13296b49c868bb39bc/screenshot - {}
RESULT: {}
COMMAND: POST /session/ea2377afc02bbf13296b49c868bb39bc/element - {"using":"xpath","value":"//button[@data-kt=\"AddNewHOProvideAddItemsButton\"]"}
RESULT: {"using":"xpath","value":"//button[@data-kt=\"AddNewHOProvideAddItemsButton\"]"}
COMMAND: POST /session/ea2377afc02bbf13296b49c868bb39bc/element/f.E22896224DAB0D107D3E889F8C0ECED7.d.CA8A00B46C5FB233F31A40728ACC1D20.e.5481/click - {}
RESULT: {}
COMMAND: GET /session/ea2377afc02bbf13296b49c868bb39bc/screenshot - {}
RESULT: {}
RESULT: undefined
COMMAND: POST /session/ea2377afc02bbf13296b49c868bb39bc/element - {"using":"xpath","value":"//*[@id=\"application-managehandovers-display-component---AddNewHO--popup-sa\"]"}
RESULT: {"using":"xpath","value":"//*[@id=\"application-managehandovers-display-component---AddNewHO--popup-sa\"]"}
COMMAND: POST /session/ea2377afc02bbf13296b49c868bb39bc/element/f.E22896224DAB0D107D3E889F8C0ECED7.d.CA8A00B46C5FB233F31A40728ACC1D20.e.5490/click - {}
RESULT: {}
COMMAND: GET /session/ea2377afc02bbf13296b49c868bb39bc/screenshot - {}
RESULT: {}
COMMAND: POST /session/ea2377afc02bbf13296b49c868bb39bc/element - {"using":"xpath","value":"//*[contains(@id ,\"BDI-content\")][contains(text(), \"Select\")]"}
RESULT: {"using":"xpath","value":"//*[contains(@id ,\"BDI-content\")][contains(text(), \"Select\")]"}
COMMAND: POST /session/ea2377afc02bbf13296b49c868bb39bc/element/f.E22896224DAB0D107D3E889F8C0ECED7.d.CA8A00B46C5FB233F31A40728ACC1D20.e.5492/click - {}
RESULT: {}
COMMAND: GET /session/ea2377afc02bbf13296b49c868bb39bc/screenshot - {}
RESULT: {}
COMMAND: POST /session/ea2377afc02bbf13296b49c868bb39bc/execute/async - {"script":"<script> [1562 bytes]","args":[{"selector":{"id":"application-managehandovers-display-component---AddNewHO--confirmCreationButton","interaction":{"idSuffix":"BDI-content"}},"wdio_ui5_key":"applicationmanagehandovers-display-component---AddNewHO--confirmCreationButton"}]}
RESULT: {"script":"<script> [1562 bytes]","args":[{"selector":{"id":"application-managehandovers-display-component---AddNewHO--confirmCreationButton","interaction":{"idSuffix":"BDI-content"}},"wdio_ui5_key":"applicationmanagehandovers-display-component---AddNewHO--confirmCreationButton"}]}
RESULT: undefined
COMMAND: POST /session/ea2377afc02bbf13296b49c868bb39bc/element - {"using":"xpath","value":"//*[@id=\"application-managehandovers-display-component---AddNewHO--confirmCreationButton\"]"}
RESULT: {"using":"xpath","value":"//*[@id=\"application-managehandovers-display-component---AddNewHO--confirmCreationButton\"]"}
COMMAND: POST /session/ea2377afc02bbf13296b49c868bb39bc/element/f.E22896224DAB0D107D3E889F8C0ECED7.d.CA8A00B46C5FB233F31A40728ACC1D20.e.5307/click - {}
RESULT: {}
COMMAND: GET /session/ea2377afc02bbf13296b49c868bb39bc/screenshot - {}
RESULT: {}
COMMAND: POST /session/ea2377afc02bbf13296b49c868bb39bc/execute/async - {"script":"<script> [1562 bytes]","args":[{"selector":{"id":"issueDatePicker","viewName":"etm.portal.ui.managehandovers.view.DetailExecuteHO","interaction":{"idSuffix":"inner"}},"wdio_ui5_key":"issueDatePickeretmportal.ui.managehandovers.view.DetailExecuteHO"}]}
RESULT: {"script":"<script> [1562 bytes]","args":[{"selector":{"id":"issueDatePicker","viewName":"etm.portal.ui.managehandovers.view.DetailExecuteHO","interaction":{"idSuffix":"inner"}},"wdio_ui5_key":"issueDatePickeretmportal.ui.managehandovers.view.DetailExecuteHO"}]}
RESULT: undefined
COMMAND: POST /session/ea2377afc02bbf13296b49c868bb39bc/execute/async - {"script":"<script> [776 bytes]","args":[{"enterText":"5/20/25","selector":{"id":"issueDatePicker","viewName":"etm.portal.ui.managehandovers.view.DetailExecuteHO","interaction":{"idSuffix":"inner"}},"clearTextFirst":true,"interactionType":"ENTER_TEXT"}]}
RESULT: {"script":"<script> [776 bytes]","args":[{"enterText":"5/20/25","selector":{"id":"issueDatePicker","viewName":"etm.portal.ui.managehandovers.view.DetailExecuteHO","interaction":{"idSuffix":"inner"}},"clearTextFirst":true,"interactionType":"ENTER_TEXT"}]}
COMMAND: POST /session/ea2377afc02bbf13296b49c868bb39bc/element - {"using":"xpath","value":"//bdi[contains(text(), \"OK\")]"}
RESULT: {"using":"xpath","value":"//bdi[contains(text(), \"OK\")]"}
COMMAND: POST /session/ea2377afc02bbf13296b49c868bb39bc/element/f.E22896224DAB0D107D3E889F8C0ECED7.d.CA8A00B46C5FB233F31A40728ACC1D20.e.5541/click - {}
RESULT: {}
COMMAND: GET /session/ea2377afc02bbf13296b49c868bb39bc/screenshot - {}
RESULT: {}
COMMAND: POST /session/ea2377afc02bbf13296b49c868bb39bc/element - {"using":"xpath","value":"//button[@data-kt=\"PickingTableConfirmAllButton\"]"}
RESULT: {"using":"xpath","value":"//button[@data-kt=\"PickingTableConfirmAllButton\"]"}
COMMAND: POST /session/ea2377afc02bbf13296b49c868bb39bc/element/f.E22896224DAB0D107D3E889F8C0ECED7.d.CA8A00B46C5FB233F31A40728ACC1D20.e.5548/click - {}
RESULT: {}
COMMAND: GET /session/ea2377afc02bbf13296b49c868bb39bc/screenshot - {}
RESULT: {}
COMMAND: POST /session/ea2377afc02bbf13296b49c868bb39bc/element - {"using":"xpath","value":"//bdi[contains(text(), \"OK\")]"}
RESULT: {"using":"xpath","value":"//bdi[contains(text(), \"OK\")]"}
COMMAND: POST /session/ea2377afc02bbf13296b49c868bb39bc/element/f.E22896224DAB0D107D3E889F8C0ECED7.d.CA8A00B46C5FB233F31A40728ACC1D20.e.5552/click - {}
RESULT: {}
COMMAND: GET /session/ea2377afc02bbf13296b49c868bb39bc/screenshot - {}
RESULT: {}
COMMAND: POST /session/ea2377afc02bbf13296b49c868bb39bc/element - {"using":"xpath","value":"//bdi[contains(text(), \"Issue\")]"}
RESULT: {"using":"xpath","value":"//bdi[contains(text(), \"Issue\")]"}
COMMAND: POST /session/ea2377afc02bbf13296b49c868bb39bc/element/f.E22896224DAB0D107D3E889F8C0ECED7.d.CA8A00B46C5FB233F31A40728ACC1D20.e.5553/click - {}
RESULT: {}
COMMAND: GET /session/ea2377afc02bbf13296b49c868bb39bc/screenshot - {}
RESULT: {}
COMMAND: POST /session/ea2377afc02bbf13296b49c868bb39bc/element - {"using":"css selector","value":"#shell-header-logo"}
RESULT: {"using":"css selector","value":"#shell-header-logo"}
COMMAND: POST /session/ea2377afc02bbf13296b49c868bb39bc/element/f.E22896224DAB0D107D3E889F8C0ECED7.d.CA8A00B46C5FB233F31A40728ACC1D20.e.4563/click - {}
RESULT: {}
COMMAND: GET /session/ea2377afc02bbf13296b49c868bb39bc/screenshot - {}
RESULT: {}
]]></system-out>
    </testcase>
    <testcase classname="chrome.136_0_7103_93.windows.Billing_Transfer_-_Master_data_&amp;_Intercompany_US127250" name="Should go navigate to Manage Billings and trigger contract calculation check result" time="71.946">
      <system-out><![CDATA[
COMMAND: POST /session/ea2377afc02bbf13296b49c868bb39bc/execute/async - {"script":"<script> [1562 bytes]","args":[{"selector":{"controlType":"sap.m.GenericTile","properties":{"header":"Manage Billings"}},"wdio_ui5_key":"sapm.GenericTile{\"header\":\"Manage Billings\"}"}]}
RESULT: {"script":"<script> [1562 bytes]","args":[{"selector":{"controlType":"sap.m.GenericTile","properties":{"header":"Manage Billings"}},"wdio_ui5_key":"sapm.GenericTile{\"header\":\"Manage Billings\"}"}]}
RESULT: undefined
COMMAND: POST /session/ea2377afc02bbf13296b49c868bb39bc/element - {"using":"xpath","value":"//*[@id=\"__tile51\"]"}
RESULT: {"using":"xpath","value":"//*[@id=\"__tile51\"]"}
COMMAND: POST /session/ea2377afc02bbf13296b49c868bb39bc/element/f.E22896224DAB0D107D3E889F8C0ECED7.d.CA8A00B46C5FB233F31A40728ACC1D20.e.213/click - {}
RESULT: {}
COMMAND: GET /session/ea2377afc02bbf13296b49c868bb39bc/screenshot - {}
RESULT: {}
COMMAND: POST /session/ea2377afc02bbf13296b49c868bb39bc/elements - {"using":"xpath","value":"//span[text()='Error']"}
RESULT: {"using":"xpath","value":"//span[text()='Error']"}
COMMAND: POST /session/ea2377afc02bbf13296b49c868bb39bc/execute/async - {"script":"<script> [1562 bytes]","args":[{"selector":{"id":"application-managebillings-display-component---billRunCalcResult--smartFilterBar-btnBasicSearch","interaction":{"idSuffix":"I"}},"wdio_ui5_key":"applicationmanagebillings-display-component---billRunCalcResult--smartFilterBar-btnBasicSearch"}]}
RESULT: {"script":"<script> [1562 bytes]","args":[{"selector":{"id":"application-managebillings-display-component---billRunCalcResult--smartFilterBar-btnBasicSearch","interaction":{"idSuffix":"I"}},"wdio_ui5_key":"applicationmanagebillings-display-component---billRunCalcResult--smartFilterBar-btnBasicSearch"}]}
RESULT: undefined
COMMAND: POST /session/ea2377afc02bbf13296b49c868bb39bc/execute/async - {"script":"<script> [776 bytes]","args":[{"enterText":"10410","selector":{"id":"application-managebillings-display-component---billRunCalcResult--smartFilterBar-btnBasicSearch","interaction":{"idSuffix":"I"}},"clearTextFirst":true,"interactionType":"ENTER_TEXT"}]}
RESULT: {"script":"<script> [776 bytes]","args":[{"enterText":"10410","selector":{"id":"application-managebillings-display-component---billRunCalcResult--smartFilterBar-btnBasicSearch","interaction":{"idSuffix":"I"}},"clearTextFirst":true,"interactionType":"ENTER_TEXT"}]}
COMMAND: POST /session/ea2377afc02bbf13296b49c868bb39bc/actions - {"actions":[{"id":"action19","type":"key","parameters":{},"actions":[{"type":"keyDown","value":"î€‡"},{"type":"pause","duration":10},{"type":"keyUp","value":"î€‡"}]}]}
RESULT: {"actions":[{"id":"action19","type":"key","parameters":{},"actions":[{"type":"keyDown","value":"î€‡"},{"type":"pause","duration":10},{"type":"keyUp","value":"î€‡"}]}]}
COMMAND: GET /session/ea2377afc02bbf13296b49c868bb39bc/screenshot - {}
RESULT: {}
COMMAND: POST /session/ea2377afc02bbf13296b49c868bb39bc/element - {"using":"xpath","value":"//td[@aria-colindex=\"1\"]/div/div[contains(@class, \"sapMCbBg\")]"}
RESULT: {"using":"xpath","value":"//td[@aria-colindex=\"1\"]/div/div[contains(@class, \"sapMCbBg\")]"}
COMMAND: POST /session/ea2377afc02bbf13296b49c868bb39bc/element/f.E22896224DAB0D107D3E889F8C0ECED7.d.CA8A00B46C5FB233F31A40728ACC1D20.e.5944/click - {}
RESULT: {}
COMMAND: GET /session/ea2377afc02bbf13296b49c868bb39bc/screenshot - {}
RESULT: {}
COMMAND: POST /session/ea2377afc02bbf13296b49c868bb39bc/execute/async - {"script":"<script> [1562 bytes]","args":[{"selector":{"id":"application-managebillings-display-component---billRunCalcResult--contractBillRunDate","interaction":{"idSuffix":"inner"}},"wdio_ui5_key":"applicationmanagebillings-display-component---billRunCalcResult--contractBillRunDate"}]}
RESULT: {"script":"<script> [1562 bytes]","args":[{"selector":{"id":"application-managebillings-display-component---billRunCalcResult--contractBillRunDate","interaction":{"idSuffix":"inner"}},"wdio_ui5_key":"applicationmanagebillings-display-component---billRunCalcResult--contractBillRunDate"}]}
RESULT: undefined
COMMAND: POST /session/ea2377afc02bbf13296b49c868bb39bc/execute/async - {"script":"<script> [776 bytes]","args":[{"enterText":"6/20/25","selector":{"id":"application-managebillings-display-component---billRunCalcResult--contractBillRunDate","interaction":{"idSuffix":"inner"}},"clearTextFirst":true,"interactionType":"ENTER_TEXT"}]}
RESULT: {"script":"<script> [776 bytes]","args":[{"enterText":"6/20/25","selector":{"id":"application-managebillings-display-component---billRunCalcResult--contractBillRunDate","interaction":{"idSuffix":"inner"}},"clearTextFirst":true,"interactionType":"ENTER_TEXT"}]}
COMMAND: POST /session/ea2377afc02bbf13296b49c868bb39bc/element - {"using":"xpath","value":"//bdi[contains(text(), \"Trigger Calculation\")]"}
RESULT: {"using":"xpath","value":"//bdi[contains(text(), \"Trigger Calculation\")]"}
COMMAND: POST /session/ea2377afc02bbf13296b49c868bb39bc/element/f.E22896224DAB0D107D3E889F8C0ECED7.d.CA8A00B46C5FB233F31A40728ACC1D20.e.5993/click - {}
RESULT: {}
COMMAND: GET /session/ea2377afc02bbf13296b49c868bb39bc/screenshot - {}
RESULT: {}
COMMAND: POST /session/ea2377afc02bbf13296b49c868bb39bc/element - {"using":"xpath","value":"(//span[contains(@id, \"imgNav\")])[1]"}
RESULT: {"using":"xpath","value":"(//span[contains(@id, \"imgNav\")])[1]"}
COMMAND: POST /session/ea2377afc02bbf13296b49c868bb39bc/element/f.E22896224DAB0D107D3E889F8C0ECED7.d.CA8A00B46C5FB233F31A40728ACC1D20.e.5945/click - {}
RESULT: {}
COMMAND: GET /session/ea2377afc02bbf13296b49c868bb39bc/screenshot - {}
RESULT: {}
COMMAND: POST /session/ea2377afc02bbf13296b49c868bb39bc/element - {"using":"xpath","value":"//tr/td[6]/div[1]/span[1]/span[1]"}
RESULT: {"using":"xpath","value":"//tr/td[6]/div[1]/span[1]/span[1]"}
COMMAND: GET /session/ea2377afc02bbf13296b49c868bb39bc/element/f.E22896224DAB0D107D3E889F8C0ECED7.d.CA8A00B46C5FB233F31A40728ACC1D20.e.5998/text - {}
RESULT: {}
COMMAND: POST /session/ea2377afc02bbf13296b49c868bb39bc/element - {"using":"xpath","value":"(//span[contains(@id, \"imgNav\")])[2]"}
RESULT: {"using":"xpath","value":"(//span[contains(@id, \"imgNav\")])[2]"}
COMMAND: POST /session/ea2377afc02bbf13296b49c868bb39bc/element/f.E22896224DAB0D107D3E889F8C0ECED7.d.CA8A00B46C5FB233F31A40728ACC1D20.e.5999/click - {}
RESULT: {}
COMMAND: POST /session/ea2377afc02bbf13296b49c868bb39bc/element - {"using":"xpath","value":"//bdi[contains(text(), \"Business Confirm\")]"}
COMMAND: GET /session/ea2377afc02bbf13296b49c868bb39bc/screenshot - {}
RESULT: {"using":"xpath","value":"//bdi[contains(text(), \"Business Confirm\")]"}
COMMAND: POST /session/ea2377afc02bbf13296b49c868bb39bc/elements - {"using":"xpath","value":"//bdi[contains(text(), \"Business Confirm\")]"}
RESULT: {}
RESULT: {"using":"xpath","value":"//bdi[contains(text(), \"Business Confirm\")]"}
COMMAND: POST /session/ea2377afc02bbf13296b49c868bb39bc/element - {"using":"xpath","value":"//bdi[contains(text(), \"Business Confirm\")]"}
RESULT: {"using":"xpath","value":"//bdi[contains(text(), \"Business Confirm\")]"}
COMMAND: POST /session/ea2377afc02bbf13296b49c868bb39bc/element/f.E22896224DAB0D107D3E889F8C0ECED7.d.CA8A00B46C5FB233F31A40728ACC1D20.e.6051/click - {}
RESULT: {}
COMMAND: POST /session/ea2377afc02bbf13296b49c868bb39bc/element - {"using":"css selector","value":"#shell-header-logo"}
COMMAND: GET /session/ea2377afc02bbf13296b49c868bb39bc/screenshot - {}
RESULT: {"using":"css selector","value":"#shell-header-logo"}
COMMAND: POST /session/ea2377afc02bbf13296b49c868bb39bc/element/f.E22896224DAB0D107D3E889F8C0ECED7.d.CA8A00B46C5FB233F31A40728ACC1D20.e.5734/click - {}
RESULT: {}
RESULT: {}
COMMAND: GET /session/ea2377afc02bbf13296b49c868bb39bc/screenshot - {}
RESULT: {}
]]></system-out>
    </testcase>
    <testcase classname="chrome.136_0_7103_93.windows.Billing_Transfer_-_Master_data_&amp;_Intercompany_US127250" name="Should do Billing Transfer all the way into invoice open for intercompany case" time="91.761">
      <system-out><![CDATA[
COMMAND: POST /session/ea2377afc02bbf13296b49c868bb39bc/execute/async - {"script":"<script> [1562 bytes]","args":[{"selector":{"controlType":"sap.m.GenericTile","properties":{"header":"Billing Transfer"}},"wdio_ui5_key":"sapm.GenericTile{\"header\":\"Billing Transfer\"}"}]}
RESULT: {"script":"<script> [1562 bytes]","args":[{"selector":{"controlType":"sap.m.GenericTile","properties":{"header":"Billing Transfer"}},"wdio_ui5_key":"sapm.GenericTile{\"header\":\"Billing Transfer\"}"}]}
RESULT: undefined
COMMAND: POST /session/ea2377afc02bbf13296b49c868bb39bc/element - {"using":"xpath","value":"//*[@id=\"__tile50\"]"}
RESULT: {"using":"xpath","value":"//*[@id=\"__tile50\"]"}
COMMAND: POST /session/ea2377afc02bbf13296b49c868bb39bc/element/f.E22896224DAB0D107D3E889F8C0ECED7.d.CA8A00B46C5FB233F31A40728ACC1D20.e.211/click - {}
RESULT: {}
COMMAND: GET /session/ea2377afc02bbf13296b49c868bb39bc/screenshot - {}
RESULT: {}
COMMAND: POST /session/ea2377afc02bbf13296b49c868bb39bc/elements - {"using":"xpath","value":"//span[text()='Error']"}
RESULT: {"using":"xpath","value":"//span[text()='Error']"}
COMMAND: POST /session/ea2377afc02bbf13296b49c868bb39bc/element - {"using":"xpath","value":"//input[contains(@id ,\"application-billingtransfer-display-component---billingWorkbench--smartFilterBar-btnBasicSearch\")]"}
RESULT: {"using":"xpath","value":"//input[contains(@id ,\"application-billingtransfer-display-component---billingWorkbench--smartFilterBar-btnBasicSearch\")]"}
COMMAND: POST /session/ea2377afc02bbf13296b49c868bb39bc/elements - {"using":"xpath","value":"//input[contains(@id ,\"application-billingtransfer-display-component---billingWorkbench--smartFilterBar-btnBasicSearch\")]"}
RESULT: {"using":"xpath","value":"//input[contains(@id ,\"application-billingtransfer-display-component---billingWorkbench--smartFilterBar-btnBasicSearch\")]"}
COMMAND: POST /session/ea2377afc02bbf13296b49c868bb39bc/execute/sync - {"script":"<script> [8489 bytes]","args":[{"element-6066-11e4-a52e-4f735466cecf":"f.E22896224DAB0D107D3E889F8C0ECED7.d.CA8A00B46C5FB233F31A40728ACC1D20.e.6080","ELEMENT":"f.E22896224DAB0D107D3E889F8C0ECED7.d.CA8A00B46C5FB233F31A40728ACC1D20.e.6080"}]}
RESULT: {"script":"<script> [8489 bytes]","args":[{"element-6066-11e4-a52e-4f735466cecf":"f.E22896224DAB0D107D3E889F8C0ECED7.d.CA8A00B46C5FB233F31A40728ACC1D20.e.6080","ELEMENT":"f.E22896224DAB0D107D3E889F8C0ECED7.d.CA8A00B46C5FB233F31A40728ACC1D20.e.6080"}]}
COMMAND: GET /session/ea2377afc02bbf13296b49c868bb39bc/element/f.E22896224DAB0D107D3E889F8C0ECED7.d.CA8A00B46C5FB233F31A40728ACC1D20.e.6080/enabled - {}
COMMAND: GET /session/ea2377afc02bbf13296b49c868bb39bc/screenshot - {}
RESULT: {}
COMMAND: POST /session/ea2377afc02bbf13296b49c868bb39bc/element/f.E22896224DAB0D107D3E889F8C0ECED7.d.CA8A00B46C5FB233F31A40728ACC1D20.e.6080/click - {}
COMMAND: GET /session/ea2377afc02bbf13296b49c868bb39bc/screenshot - {}
RESULT: {}
RESULT: {}
COMMAND: GET /session/ea2377afc02bbf13296b49c868bb39bc/screenshot - {}
RESULT: {}
RESULT: {}
COMMAND: POST /session/ea2377afc02bbf13296b49c868bb39bc/element/f.E22896224DAB0D107D3E889F8C0ECED7.d.CA8A00B46C5FB233F31A40728ACC1D20.e.6080/clear - {}
RESULT: {}
COMMAND: POST /session/ea2377afc02bbf13296b49c868bb39bc/element/f.E22896224DAB0D107D3E889F8C0ECED7.d.CA8A00B46C5FB233F31A40728ACC1D20.e.6080/value - {"text":"10410"}
COMMAND: GET /session/ea2377afc02bbf13296b49c868bb39bc/screenshot - {}
RESULT: {"text":"10410"}
COMMAND: POST /session/ea2377afc02bbf13296b49c868bb39bc/actions - {"actions":[{"id":"action20","type":"key","parameters":{},"actions":[{"type":"keyDown","value":"î€‡"},{"type":"pause","duration":10},{"type":"keyUp","value":"î€‡"}]}]}
COMMAND: GET /session/ea2377afc02bbf13296b49c868bb39bc/screenshot - {}
RESULT: {}
RESULT: {"actions":[{"id":"action20","type":"key","parameters":{},"actions":[{"type":"keyDown","value":"î€‡"},{"type":"pause","duration":10},{"type":"keyUp","value":"î€‡"}]}]}
COMMAND: GET /session/ea2377afc02bbf13296b49c868bb39bc/screenshot - {}
RESULT: {}
RESULT: {}
COMMAND: POST /session/ea2377afc02bbf13296b49c868bb39bc/element - {"using":"xpath","value":"//span[contains(@id ,\"application-billingtransfer-display-component---billingWorkbench--smartTableBillingRuns-header-inner\")]"}
RESULT: {"using":"xpath","value":"//span[contains(@id ,\"application-billingtransfer-display-component---billingWorkbench--smartTableBillingRuns-header-inner\")]"}
COMMAND: POST /session/ea2377afc02bbf13296b49c868bb39bc/elements - {"using":"xpath","value":"//span[contains(@id ,\"application-billingtransfer-display-component---billingWorkbench--smartTableBillingRuns-header-inner\")]"}
RESULT: {"using":"xpath","value":"//span[contains(@id ,\"application-billingtransfer-display-component---billingWorkbench--smartTableBillingRuns-header-inner\")]"}
COMMAND: POST /session/ea2377afc02bbf13296b49c868bb39bc/execute/sync - {"script":"<script> [56 bytes]","args":[{"element-6066-11e4-a52e-4f735466cecf":"f.E22896224DAB0D107D3E889F8C0ECED7.d.CA8A00B46C5FB233F31A40728ACC1D20.e.6254","ELEMENT":"f.E22896224DAB0D107D3E889F8C0ECED7.d.CA8A00B46C5FB233F31A40728ACC1D20.e.6254"}]}
RESULT: {"script":"<script> [56 bytes]","args":[{"element-6066-11e4-a52e-4f735466cecf":"f.E22896224DAB0D107D3E889F8C0ECED7.d.CA8A00B46C5FB233F31A40728ACC1D20.e.6254","ELEMENT":"f.E22896224DAB0D107D3E889F8C0ECED7.d.CA8A00B46C5FB233F31A40728ACC1D20.e.6254"}]}
COMMAND: POST /session/ea2377afc02bbf13296b49c868bb39bc/element - {"using":"xpath","value":"//td[@aria-colindex=\"1\"]/div/div[contains(@class, \"sapMCbBg\")]"}
COMMAND: GET /session/ea2377afc02bbf13296b49c868bb39bc/screenshot - {}
RESULT: {"using":"xpath","value":"//td[@aria-colindex=\"1\"]/div/div[contains(@class, \"sapMCbBg\")]"}
COMMAND: POST /session/ea2377afc02bbf13296b49c868bb39bc/element/f.E22896224DAB0D107D3E889F8C0ECED7.d.CA8A00B46C5FB233F31A40728ACC1D20.e.6205/click - {}
RESULT: {}
RESULT: {}
COMMAND: GET /session/ea2377afc02bbf13296b49c868bb39bc/screenshot - {}
RESULT: {}
COMMAND: POST /session/ea2377afc02bbf13296b49c868bb39bc/element - {"using":"xpath","value":"//bdi[contains(text(), \"Check\")]"}
RESULT: {"using":"xpath","value":"//bdi[contains(text(), \"Check\")]"}
COMMAND: POST /session/ea2377afc02bbf13296b49c868bb39bc/element/f.E22896224DAB0D107D3E889F8C0ECED7.d.CA8A00B46C5FB233F31A40728ACC1D20.e.6255/click - {}
RESULT: {}
COMMAND: GET /session/ea2377afc02bbf13296b49c868bb39bc/screenshot - {}
RESULT: {}
COMMAND: POST /session/ea2377afc02bbf13296b49c868bb39bc/element - {"using":"xpath","value":"//bdi[contains(text(), \"OK\")]"}
RESULT: {"using":"xpath","value":"//bdi[contains(text(), \"OK\")]"}
COMMAND: POST /session/ea2377afc02bbf13296b49c868bb39bc/element/f.E22896224DAB0D107D3E889F8C0ECED7.d.CA8A00B46C5FB233F31A40728ACC1D20.e.6258/click - {}
RESULT: {}
COMMAND: GET /session/ea2377afc02bbf13296b49c868bb39bc/screenshot - {}
RESULT: {}
COMMAND: POST /session/ea2377afc02bbf13296b49c868bb39bc/element - {"using":"xpath","value":"(//span[contains(text(), \"CO/SD checked\")]/parent::div/preceding-sibling::div/span)[1]"}
RESULT: {"using":"xpath","value":"(//span[contains(text(), \"CO/SD checked\")]/parent::div/preceding-sibling::div/span)[1]"}
COMMAND: POST /session/ea2377afc02bbf13296b49c868bb39bc/element/f.E22896224DAB0D107D3E889F8C0ECED7.d.CA8A00B46C5FB233F31A40728ACC1D20.e.6260/click - {}
RESULT: {}
COMMAND: GET /session/ea2377afc02bbf13296b49c868bb39bc/screenshot - {}
RESULT: {}
COMMAND: POST /session/ea2377afc02bbf13296b49c868bb39bc/element - {"using":"xpath","value":"//input[contains(@id ,\"application-billingtransfer-display-component---billingWorkbench--smartFilterBar-btnBasicSearch\")]"}
RESULT: {"using":"xpath","value":"//input[contains(@id ,\"application-billingtransfer-display-component---billingWorkbench--smartFilterBar-btnBasicSearch\")]"}
COMMAND: POST /session/ea2377afc02bbf13296b49c868bb39bc/elements - {"using":"xpath","value":"//input[contains(@id ,\"application-billingtransfer-display-component---billingWorkbench--smartFilterBar-btnBasicSearch\")]"}
RESULT: {"using":"xpath","value":"//input[contains(@id ,\"application-billingtransfer-display-component---billingWorkbench--smartFilterBar-btnBasicSearch\")]"}
COMMAND: POST /session/ea2377afc02bbf13296b49c868bb39bc/execute/sync - {"script":"<script> [8489 bytes]","args":[{"element-6066-11e4-a52e-4f735466cecf":"f.E22896224DAB0D107D3E889F8C0ECED7.d.CA8A00B46C5FB233F31A40728ACC1D20.e.6080","ELEMENT":"f.E22896224DAB0D107D3E889F8C0ECED7.d.CA8A00B46C5FB233F31A40728ACC1D20.e.6080"}]}
RESULT: {"script":"<script> [8489 bytes]","args":[{"element-6066-11e4-a52e-4f735466cecf":"f.E22896224DAB0D107D3E889F8C0ECED7.d.CA8A00B46C5FB233F31A40728ACC1D20.e.6080","ELEMENT":"f.E22896224DAB0D107D3E889F8C0ECED7.d.CA8A00B46C5FB233F31A40728ACC1D20.e.6080"}]}
COMMAND: GET /session/ea2377afc02bbf13296b49c868bb39bc/element/f.E22896224DAB0D107D3E889F8C0ECED7.d.CA8A00B46C5FB233F31A40728ACC1D20.e.6080/enabled - {}
COMMAND: GET /session/ea2377afc02bbf13296b49c868bb39bc/screenshot - {}
RESULT: {}
COMMAND: POST /session/ea2377afc02bbf13296b49c868bb39bc/element/f.E22896224DAB0D107D3E889F8C0ECED7.d.CA8A00B46C5FB233F31A40728ACC1D20.e.6080/click - {}
COMMAND: GET /session/ea2377afc02bbf13296b49c868bb39bc/screenshot - {}
RESULT: {}
RESULT: {}
COMMAND: GET /session/ea2377afc02bbf13296b49c868bb39bc/screenshot - {}
RESULT: {}
RESULT: {}
COMMAND: POST /session/ea2377afc02bbf13296b49c868bb39bc/element/f.E22896224DAB0D107D3E889F8C0ECED7.d.CA8A00B46C5FB233F31A40728ACC1D20.e.6080/clear - {}
RESULT: {}
COMMAND: POST /session/ea2377afc02bbf13296b49c868bb39bc/element/f.E22896224DAB0D107D3E889F8C0ECED7.d.CA8A00B46C5FB233F31A40728ACC1D20.e.6080/value - {"text":"10410"}
COMMAND: GET /session/ea2377afc02bbf13296b49c868bb39bc/screenshot - {}
RESULT: {"text":"10410"}
COMMAND: POST /session/ea2377afc02bbf13296b49c868bb39bc/actions - {"actions":[{"id":"action21","type":"key","parameters":{},"actions":[{"type":"keyDown","value":"î€‡"},{"type":"pause","duration":10},{"type":"keyUp","value":"î€‡"}]}]}
COMMAND: GET /session/ea2377afc02bbf13296b49c868bb39bc/screenshot - {}
RESULT: {}
RESULT: {"actions":[{"id":"action21","type":"key","parameters":{},"actions":[{"type":"keyDown","value":"î€‡"},{"type":"pause","duration":10},{"type":"keyUp","value":"î€‡"}]}]}
COMMAND: GET /session/ea2377afc02bbf13296b49c868bb39bc/screenshot - {}
RESULT: {}
RESULT: {}
COMMAND: POST /session/ea2377afc02bbf13296b49c868bb39bc/element - {"using":"xpath","value":"//span[contains(@id ,\"application-billingtransfer-display-component---billingWorkbench--smartTableBillingRuns-header-inner\")]"}
RESULT: {"using":"xpath","value":"//span[contains(@id ,\"application-billingtransfer-display-component---billingWorkbench--smartTableBillingRuns-header-inner\")]"}
COMMAND: POST /session/ea2377afc02bbf13296b49c868bb39bc/elements - {"using":"xpath","value":"//span[contains(@id ,\"application-billingtransfer-display-component---billingWorkbench--smartTableBillingRuns-header-inner\")]"}
RESULT: {"using":"xpath","value":"//span[contains(@id ,\"application-billingtransfer-display-component---billingWorkbench--smartTableBillingRuns-header-inner\")]"}
COMMAND: POST /session/ea2377afc02bbf13296b49c868bb39bc/execute/sync - {"script":"<script> [56 bytes]","args":[{"element-6066-11e4-a52e-4f735466cecf":"f.E22896224DAB0D107D3E889F8C0ECED7.d.CA8A00B46C5FB233F31A40728ACC1D20.e.6254","ELEMENT":"f.E22896224DAB0D107D3E889F8C0ECED7.d.CA8A00B46C5FB233F31A40728ACC1D20.e.6254"}]}
RESULT: {"script":"<script> [56 bytes]","args":[{"element-6066-11e4-a52e-4f735466cecf":"f.E22896224DAB0D107D3E889F8C0ECED7.d.CA8A00B46C5FB233F31A40728ACC1D20.e.6254","ELEMENT":"f.E22896224DAB0D107D3E889F8C0ECED7.d.CA8A00B46C5FB233F31A40728ACC1D20.e.6254"}]}
COMMAND: POST /session/ea2377afc02bbf13296b49c868bb39bc/element - {"using":"xpath","value":"//td[@aria-colindex=\"1\"]/div/div[contains(@class, \"sapMCbBg\")]"}
COMMAND: GET /session/ea2377afc02bbf13296b49c868bb39bc/screenshot - {}
RESULT: {"using":"xpath","value":"//td[@aria-colindex=\"1\"]/div/div[contains(@class, \"sapMCbBg\")]"}
COMMAND: POST /session/ea2377afc02bbf13296b49c868bb39bc/element/f.E22896224DAB0D107D3E889F8C0ECED7.d.CA8A00B46C5FB233F31A40728ACC1D20.e.6264/click - {}
RESULT: {}
RESULT: {}
COMMAND: GET /session/ea2377afc02bbf13296b49c868bb39bc/screenshot - {}
RESULT: {}
COMMAND: POST /session/ea2377afc02bbf13296b49c868bb39bc/element - {"using":"xpath","value":"//bdi[text()=\"Transfer\"]"}
RESULT: {"using":"xpath","value":"//bdi[text()=\"Transfer\"]"}
COMMAND: POST /session/ea2377afc02bbf13296b49c868bb39bc/element/f.E22896224DAB0D107D3E889F8C0ECED7.d.CA8A00B46C5FB233F31A40728ACC1D20.e.6265/click - {}
RESULT: {}
COMMAND: GET /session/ea2377afc02bbf13296b49c868bb39bc/screenshot - {}
RESULT: {}
COMMAND: POST /session/ea2377afc02bbf13296b49c868bb39bc/element - {"using":"xpath","value":"//bdi[contains(text(), \"OK\")]"}
RESULT: {"using":"xpath","value":"//bdi[contains(text(), \"OK\")]"}
COMMAND: POST /session/ea2377afc02bbf13296b49c868bb39bc/element/f.E22896224DAB0D107D3E889F8C0ECED7.d.CA8A00B46C5FB233F31A40728ACC1D20.e.6268/click - {}
RESULT: {}
COMMAND: GET /session/ea2377afc02bbf13296b49c868bb39bc/screenshot - {}
RESULT: {}
COMMAND: POST /session/ea2377afc02bbf13296b49c868bb39bc/element - {"using":"xpath","value":"(//span[contains(text(), \"Invoice open\")]/parent::div/preceding-sibling::div/span)[1]"}
RESULT: {"using":"xpath","value":"(//span[contains(text(), \"Invoice open\")]/parent::div/preceding-sibling::div/span)[1]"}
COMMAND: POST /session/ea2377afc02bbf13296b49c868bb39bc/element/f.E22896224DAB0D107D3E889F8C0ECED7.d.CA8A00B46C5FB233F31A40728ACC1D20.e.6277/click - {}
RESULT: {}
COMMAND: GET /session/ea2377afc02bbf13296b49c868bb39bc/screenshot - {}
RESULT: {}
COMMAND: POST /session/ea2377afc02bbf13296b49c868bb39bc/element - {"using":"xpath","value":"//input[contains(@id ,\"application-billingtransfer-display-component---billingWorkbench--smartFilterBar-btnBasicSearch\")]"}
RESULT: {"using":"xpath","value":"//input[contains(@id ,\"application-billingtransfer-display-component---billingWorkbench--smartFilterBar-btnBasicSearch\")]"}
COMMAND: POST /session/ea2377afc02bbf13296b49c868bb39bc/elements - {"using":"xpath","value":"//input[contains(@id ,\"application-billingtransfer-display-component---billingWorkbench--smartFilterBar-btnBasicSearch\")]"}
RESULT: {"using":"xpath","value":"//input[contains(@id ,\"application-billingtransfer-display-component---billingWorkbench--smartFilterBar-btnBasicSearch\")]"}
COMMAND: POST /session/ea2377afc02bbf13296b49c868bb39bc/execute/sync - {"script":"<script> [8489 bytes]","args":[{"element-6066-11e4-a52e-4f735466cecf":"f.E22896224DAB0D107D3E889F8C0ECED7.d.CA8A00B46C5FB233F31A40728ACC1D20.e.6080","ELEMENT":"f.E22896224DAB0D107D3E889F8C0ECED7.d.CA8A00B46C5FB233F31A40728ACC1D20.e.6080"}]}
RESULT: {"script":"<script> [8489 bytes]","args":[{"element-6066-11e4-a52e-4f735466cecf":"f.E22896224DAB0D107D3E889F8C0ECED7.d.CA8A00B46C5FB233F31A40728ACC1D20.e.6080","ELEMENT":"f.E22896224DAB0D107D3E889F8C0ECED7.d.CA8A00B46C5FB233F31A40728ACC1D20.e.6080"}]}
COMMAND: GET /session/ea2377afc02bbf13296b49c868bb39bc/element/f.E22896224DAB0D107D3E889F8C0ECED7.d.CA8A00B46C5FB233F31A40728ACC1D20.e.6080/enabled - {}
COMMAND: GET /session/ea2377afc02bbf13296b49c868bb39bc/screenshot - {}
RESULT: {}
COMMAND: POST /session/ea2377afc02bbf13296b49c868bb39bc/element/f.E22896224DAB0D107D3E889F8C0ECED7.d.CA8A00B46C5FB233F31A40728ACC1D20.e.6080/click - {}
COMMAND: GET /session/ea2377afc02bbf13296b49c868bb39bc/screenshot - {}
RESULT: {}
RESULT: {}
COMMAND: GET /session/ea2377afc02bbf13296b49c868bb39bc/screenshot - {}
RESULT: {}
RESULT: {}
COMMAND: POST /session/ea2377afc02bbf13296b49c868bb39bc/element/f.E22896224DAB0D107D3E889F8C0ECED7.d.CA8A00B46C5FB233F31A40728ACC1D20.e.6080/clear - {}
RESULT: {}
COMMAND: POST /session/ea2377afc02bbf13296b49c868bb39bc/element/f.E22896224DAB0D107D3E889F8C0ECED7.d.CA8A00B46C5FB233F31A40728ACC1D20.e.6080/value - {"text":"10410"}
COMMAND: GET /session/ea2377afc02bbf13296b49c868bb39bc/screenshot - {}
RESULT: {"text":"10410"}
COMMAND: POST /session/ea2377afc02bbf13296b49c868bb39bc/actions - {"actions":[{"id":"action22","type":"key","parameters":{},"actions":[{"type":"keyDown","value":"î€‡"},{"type":"pause","duration":10},{"type":"keyUp","value":"î€‡"}]}]}
COMMAND: GET /session/ea2377afc02bbf13296b49c868bb39bc/screenshot - {}
RESULT: {}
RESULT: {"actions":[{"id":"action22","type":"key","parameters":{},"actions":[{"type":"keyDown","value":"î€‡"},{"type":"pause","duration":10},{"type":"keyUp","value":"î€‡"}]}]}
COMMAND: GET /session/ea2377afc02bbf13296b49c868bb39bc/screenshot - {}
RESULT: {}
RESULT: {}
COMMAND: POST /session/ea2377afc02bbf13296b49c868bb39bc/element - {"using":"xpath","value":"//span[contains(@id ,\"application-billingtransfer-display-component---billingWorkbench--smartTableBillingRuns-header-inner\")]"}
RESULT: {"using":"xpath","value":"//span[contains(@id ,\"application-billingtransfer-display-component---billingWorkbench--smartTableBillingRuns-header-inner\")]"}
COMMAND: POST /session/ea2377afc02bbf13296b49c868bb39bc/elements - {"using":"xpath","value":"//span[contains(@id ,\"application-billingtransfer-display-component---billingWorkbench--smartTableBillingRuns-header-inner\")]"}
RESULT: {"using":"xpath","value":"//span[contains(@id ,\"application-billingtransfer-display-component---billingWorkbench--smartTableBillingRuns-header-inner\")]"}
COMMAND: POST /session/ea2377afc02bbf13296b49c868bb39bc/execute/sync - {"script":"<script> [56 bytes]","args":[{"element-6066-11e4-a52e-4f735466cecf":"f.E22896224DAB0D107D3E889F8C0ECED7.d.CA8A00B46C5FB233F31A40728ACC1D20.e.6254","ELEMENT":"f.E22896224DAB0D107D3E889F8C0ECED7.d.CA8A00B46C5FB233F31A40728ACC1D20.e.6254"}]}
RESULT: {"script":"<script> [56 bytes]","args":[{"element-6066-11e4-a52e-4f735466cecf":"f.E22896224DAB0D107D3E889F8C0ECED7.d.CA8A00B46C5FB233F31A40728ACC1D20.e.6254","ELEMENT":"f.E22896224DAB0D107D3E889F8C0ECED7.d.CA8A00B46C5FB233F31A40728ACC1D20.e.6254"}]}
COMMAND: POST /session/ea2377afc02bbf13296b49c868bb39bc/element - {"using":"css selector","value":"#shell-header-logo"}
COMMAND: GET /session/ea2377afc02bbf13296b49c868bb39bc/screenshot - {}
RESULT: {"using":"css selector","value":"#shell-header-logo"}
COMMAND: POST /session/ea2377afc02bbf13296b49c868bb39bc/element/f.E22896224DAB0D107D3E889F8C0ECED7.d.CA8A00B46C5FB233F31A40728ACC1D20.e.6078/click - {}
RESULT: {}
RESULT: {}
COMMAND: GET /session/ea2377afc02bbf13296b49c868bb39bc/screenshot - {}
RESULT: {}
COMMAND: POST /session/ea2377afc02bbf13296b49c868bb39bc/element - {"using":"css selector","value":"#j_username"}
COMMAND: POST /session/ea2377afc02bbf13296b49c868bb39bc/url - {"url":"https://qa-testing-00-live-etm-ui.cfapps.eu10-004.hana.ondemand.com/"}
RESULT: {"using":"css selector","value":"#j_username"}
COMMAND: POST /session/ea2377afc02bbf13296b49c868bb39bc/element - {"using":"css selector","value":"#j_username"}
RESULT: {"url":"https://qa-testing-00-live-etm-ui.cfapps.eu10-004.hana.ondemand.com/"}
RESULT: undefined
COMMAND: GET /session/ea2377afc02bbf13296b49c868bb39bc/screenshot - {}
RESULT: {"using":"css selector","value":"#j_username"}
COMMAND: POST /session/ea2377afc02bbf13296b49c868bb39bc/element - {"using":"css selector","value":"#shell-header-logo"}
RESULT: {}
RESULT: {"using":"css selector","value":"#shell-header-logo"}
COMMAND: POST /session/ea2377afc02bbf13296b49c868bb39bc/execute/sync - {"script":"<script> [8489 bytes]","args":[{"element-6066-11e4-a52e-4f735466cecf":"f.E22896224DAB0D107D3E889F8C0ECED7.d.2EA2983EE0B38251666EDF5A39825491.e.6366","ELEMENT":"f.E22896224DAB0D107D3E889F8C0ECED7.d.2EA2983EE0B38251666EDF5A39825491.e.6366"}]}
RESULT: {"script":"<script> [8489 bytes]","args":[{"element-6066-11e4-a52e-4f735466cecf":"f.E22896224DAB0D107D3E889F8C0ECED7.d.2EA2983EE0B38251666EDF5A39825491.e.6366","ELEMENT":"f.E22896224DAB0D107D3E889F8C0ECED7.d.2EA2983EE0B38251666EDF5A39825491.e.6366"}]}
COMMAND: POST /session/ea2377afc02bbf13296b49c868bb39bc/element - {"using":"css selector","value":"#shell-header-logo"}
COMMAND: GET /session/ea2377afc02bbf13296b49c868bb39bc/screenshot - {}
RESULT: {"using":"css selector","value":"#shell-header-logo"}
COMMAND: POST /session/ea2377afc02bbf13296b49c868bb39bc/execute/sync - {"script":"<script> [8489 bytes]","args":[{"element-6066-11e4-a52e-4f735466cecf":"f.E22896224DAB0D107D3E889F8C0ECED7.d.2EA2983EE0B38251666EDF5A39825491.e.6366","ELEMENT":"f.E22896224DAB0D107D3E889F8C0ECED7.d.2EA2983EE0B38251666EDF5A39825491.e.6366"}]}
RESULT: {}
RESULT: {"script":"<script> [8489 bytes]","args":[{"element-6066-11e4-a52e-4f735466cecf":"f.E22896224DAB0D107D3E889F8C0ECED7.d.2EA2983EE0B38251666EDF5A39825491.e.6366","ELEMENT":"f.E22896224DAB0D107D3E889F8C0ECED7.d.2EA2983EE0B38251666EDF5A39825491.e.6366"}]}
COMMAND: POST /session/ea2377afc02bbf13296b49c868bb39bc/execute/sync - {"script":"<script> [5351 bytes]","args":[{"element-6066-11e4-a52e-4f735466cecf":"f.E22896224DAB0D107D3E889F8C0ECED7.d.2EA2983EE0B38251666EDF5A39825491.e.6366","ELEMENT":"f.E22896224DAB0D107D3E889F8C0ECED7.d.2EA2983EE0B38251666EDF5A39825491.e.6366"}]}
COMMAND: GET /session/ea2377afc02bbf13296b49c868bb39bc/screenshot - {}
RESULT: {"script":"<script> [5351 bytes]","args":[{"element-6066-11e4-a52e-4f735466cecf":"f.E22896224DAB0D107D3E889F8C0ECED7.d.2EA2983EE0B38251666EDF5A39825491.e.6366","ELEMENT":"f.E22896224DAB0D107D3E889F8C0ECED7.d.2EA2983EE0B38251666EDF5A39825491.e.6366"}]}
COMMAND: POST /session/ea2377afc02bbf13296b49c868bb39bc/element - {"using":"css selector","value":"#shell-header-logo"}
COMMAND: GET /session/ea2377afc02bbf13296b49c868bb39bc/screenshot - {}
RESULT: {}
RESULT: {"using":"css selector","value":"#shell-header-logo"}
COMMAND: POST /session/ea2377afc02bbf13296b49c868bb39bc/element/f.E22896224DAB0D107D3E889F8C0ECED7.d.2EA2983EE0B38251666EDF5A39825491.e.6366/click - {}
RESULT: {}
RESULT: {}
COMMAND: GET /session/ea2377afc02bbf13296b49c868bb39bc/screenshot - {}
RESULT: {}
COMMAND: POST /session/ea2377afc02bbf13296b49c868bb39bc/execute/async - {"script":"<script> [189 bytes]","args":[]}
RESULT: {"script":"<script> [189 bytes]","args":[]}
COMMAND: POST /session/ea2377afc02bbf13296b49c868bb39bc/execute/async - {"script":"<script> [123 bytes]","args":[]}
RESULT: {"script":"<script> [123 bytes]","args":[]}
COMMAND: POST /session/ea2377afc02bbf13296b49c868bb39bc/timeouts - {"script":"<number>"}
RESULT: {"script":"<number>"}
COMMAND: GET /session/ea2377afc02bbf13296b49c868bb39bc/timeouts - {}
RESULT: {}
RESULT: undefined
COMMAND: POST /session/ea2377afc02bbf13296b49c868bb39bc/execute/async - {"script":"<script> [2676 bytes]","args":[]}
RESULT: {"script":"<script> [2676 bytes]","args":[]}
COMMAND: POST /session/ea2377afc02bbf13296b49c868bb39bc/execute/async - {"script":"<script> [2342 bytes]","args":[{"protocol":"http","hostname":"0.0.0.0","path":"/","capabilities":{"browserName":"chrome","goog:chromeOptions":{"binary":"C:\\Program Files\\Google\\Chrome\\Application\\chrome.exe","args":["--start-maximized"]}},"logLevel":"warn","connectionRetryTimeout":120000,"connectionRetryCount":3,"logLevels":{},"enableDirectConnect":true,"strictSSL":true,"_":"65 more keys: [\"cacheDir\",\"port\",\"requestedCapabilities\",\"automationProtocol\",\"baseUrl\",\"waitforInterval\",\"waitforTimeout\",\"onReload\",\"beforeCommand\",\"afterCommand\",\"rootDir\",\"specs\",\"suites\",\"exclude\",\"groupLogsByTestSpec\",\"excludeDriverLogs\",\"bail\",\"framework\",\"reporters\",\"services\",\"maxInstances\",\"maxInstancesPerCapability\",\"injectGlobals\",\"filesToWatch\",\"execArgv\",\"runnerEnv\",\"runner\",\"shard\",\"specFileRetries\",\"specFileRetriesDelay\",\"specFileRetriesDeferred\",\"reporterSyncInterval\",\"reporterSyncTimeout\",\"cucumberFeaturesWithLineNumbers\",\"autoCompileOpts\",\"mochaOpts\",\"jasmineOpts\",\"cucumberOpts\",\"onPrepare\",\"onWorkerStart\",\"onWorkerEnd\",\"before\",\"beforeSession\",\"beforeSuite\",\"beforeHook\",\"beforeTest\",\"afterTest\",\"afterHook\",\"afterSuite\",\"afterSession\",\"after\",\"onComplete\",\"beforeAssertion\",\"afterAssertion\",\"beforeFeature\",\"beforeScenario\",\"beforeStep\",\"afterStep\",\"afterScenario\",\"afterFeature\",\"_\",\"suite\",\"$0\",\"ignoredWorkerServices\",\"wdi5\"]"}]}
RESULT: {"script":"<script> [2342 bytes]","args":[{"protocol":"http","hostname":"0.0.0.0","path":"/","capabilities":{"browserName":"chrome","goog:chromeOptions":{"binary":"C:\\Program Files\\Google\\Chrome\\Application\\chrome.exe","args":["--start-maximized"]}},"logLevel":"warn","connectionRetryTimeout":120000,"connectionRetryCount":3,"logLevels":{},"enableDirectConnect":true,"strictSSL":true,"_":"65 more keys: [\"cacheDir\",\"port\",\"requestedCapabilities\",\"automationProtocol\",\"baseUrl\",\"waitforInterval\",\"waitforTimeout\",\"onReload\",\"beforeCommand\",\"afterCommand\",\"rootDir\",\"specs\",\"suites\",\"exclude\",\"groupLogsByTestSpec\",\"excludeDriverLogs\",\"bail\",\"framework\",\"reporters\",\"services\",\"maxInstances\",\"maxInstancesPerCapability\",\"injectGlobals\",\"filesToWatch\",\"execArgv\",\"runnerEnv\",\"runner\",\"shard\",\"specFileRetries\",\"specFileRetriesDelay\",\"specFileRetriesDeferred\",\"reporterSyncInterval\",\"reporterSyncTimeout\",\"cucumberFeaturesWithLineNumbers\",\"autoCompileOpts\",\"mochaOpts\",\"jasmineOpts\",\"cucumberOpts\",\"onPrepare\",\"onWorkerStart\",\"onWorkerEnd\",\"before\",\"beforeSession\",\"beforeSuite\",\"beforeHook\",\"beforeTest\",\"afterTest\",\"afterHook\",\"afterSuite\",\"afterSession\",\"after\",\"onComplete\",\"beforeAssertion\",\"afterAssertion\",\"beforeFeature\",\"beforeScenario\",\"beforeStep\",\"afterStep\",\"afterScenario\",\"afterFeature\",\"_\",\"suite\",\"$0\",\"ignoredWorkerServices\",\"wdi5\"]"}]}
COMMAND: POST /session/ea2377afc02bbf13296b49c868bb39bc/execute/async - {"script":"<script> [21126 bytes]","args":[35000]}
RESULT: {"script":"<script> [21126 bytes]","args":[35000]}
COMMAND: POST /session/ea2377afc02bbf13296b49c868bb39bc/window/maximize - {}
RESULT: {}
COMMAND: POST /session/ea2377afc02bbf13296b49c868bb39bc/execute/async - {"script":"<script> [1562 bytes]","args":[{"selector":{"id":"shell-header","interaction":{"idSuffix":"icon"}},"wdio_ui5_key":"shellheader"}]}
COMMAND: GET /session/ea2377afc02bbf13296b49c868bb39bc/screenshot - {}
RESULT: {"script":"<script> [1562 bytes]","args":[{"selector":{"id":"shell-header","interaction":{"idSuffix":"icon"}},"wdio_ui5_key":"shellheader"}]}
RESULT: undefined
COMMAND: POST /session/ea2377afc02bbf13296b49c868bb39bc/refresh - {}
RESULT: {}
RESULT: {}
COMMAND: GET /session/ea2377afc02bbf13296b49c868bb39bc/screenshot - {}
RESULT: {}
COMMAND: POST /session/ea2377afc02bbf13296b49c868bb39bc/refresh - {}
RESULT: {}
COMMAND: GET /session/ea2377afc02bbf13296b49c868bb39bc/screenshot - {}
RESULT: {}
COMMAND: POST /session/ea2377afc02bbf13296b49c868bb39bc/window/fullscreen - {}
RESULT: {}
COMMAND: POST /session/ea2377afc02bbf13296b49c868bb39bc/execute/async - {"script":"<script> [189 bytes]","args":[]}
RESULT: {"script":"<script> [189 bytes]","args":[]}
COMMAND: POST /session/ea2377afc02bbf13296b49c868bb39bc/execute/async - {"script":"<script> [123 bytes]","args":[]}
RESULT: {"script":"<script> [123 bytes]","args":[]}
COMMAND: POST /session/ea2377afc02bbf13296b49c868bb39bc/timeouts - {"script":"<number>"}
RESULT: {"script":"<number>"}
COMMAND: GET /session/ea2377afc02bbf13296b49c868bb39bc/timeouts - {}
RESULT: {}
RESULT: undefined
COMMAND: POST /session/ea2377afc02bbf13296b49c868bb39bc/execute/async - {"script":"<script> [2676 bytes]","args":[]}
RESULT: {"script":"<script> [2676 bytes]","args":[]}
COMMAND: POST /session/ea2377afc02bbf13296b49c868bb39bc/execute/async - {"script":"<script> [2342 bytes]","args":[{"protocol":"http","hostname":"0.0.0.0","path":"/","capabilities":{"browserName":"chrome","goog:chromeOptions":{"binary":"C:\\Program Files\\Google\\Chrome\\Application\\chrome.exe","args":["--start-maximized"]}},"logLevel":"warn","connectionRetryTimeout":120000,"connectionRetryCount":3,"logLevels":{},"enableDirectConnect":true,"strictSSL":true,"_":"65 more keys: [\"cacheDir\",\"port\",\"requestedCapabilities\",\"automationProtocol\",\"baseUrl\",\"waitforInterval\",\"waitforTimeout\",\"onReload\",\"beforeCommand\",\"afterCommand\",\"rootDir\",\"specs\",\"suites\",\"exclude\",\"groupLogsByTestSpec\",\"excludeDriverLogs\",\"bail\",\"framework\",\"reporters\",\"services\",\"maxInstances\",\"maxInstancesPerCapability\",\"injectGlobals\",\"filesToWatch\",\"execArgv\",\"runnerEnv\",\"runner\",\"shard\",\"specFileRetries\",\"specFileRetriesDelay\",\"specFileRetriesDeferred\",\"reporterSyncInterval\",\"reporterSyncTimeout\",\"cucumberFeaturesWithLineNumbers\",\"autoCompileOpts\",\"mochaOpts\",\"jasmineOpts\",\"cucumberOpts\",\"onPrepare\",\"onWorkerStart\",\"onWorkerEnd\",\"before\",\"beforeSession\",\"beforeSuite\",\"beforeHook\",\"beforeTest\",\"afterTest\",\"afterHook\",\"afterSuite\",\"afterSession\",\"after\",\"onComplete\",\"beforeAssertion\",\"afterAssertion\",\"beforeFeature\",\"beforeScenario\",\"beforeStep\",\"afterStep\",\"afterScenario\",\"afterFeature\",\"_\",\"suite\",\"$0\",\"ignoredWorkerServices\",\"wdi5\"]"}]}
RESULT: {"script":"<script> [2342 bytes]","args":[{"protocol":"http","hostname":"0.0.0.0","path":"/","capabilities":{"browserName":"chrome","goog:chromeOptions":{"binary":"C:\\Program Files\\Google\\Chrome\\Application\\chrome.exe","args":["--start-maximized"]}},"logLevel":"warn","connectionRetryTimeout":120000,"connectionRetryCount":3,"logLevels":{},"enableDirectConnect":true,"strictSSL":true,"_":"65 more keys: [\"cacheDir\",\"port\",\"requestedCapabilities\",\"automationProtocol\",\"baseUrl\",\"waitforInterval\",\"waitforTimeout\",\"onReload\",\"beforeCommand\",\"afterCommand\",\"rootDir\",\"specs\",\"suites\",\"exclude\",\"groupLogsByTestSpec\",\"excludeDriverLogs\",\"bail\",\"framework\",\"reporters\",\"services\",\"maxInstances\",\"maxInstancesPerCapability\",\"injectGlobals\",\"filesToWatch\",\"execArgv\",\"runnerEnv\",\"runner\",\"shard\",\"specFileRetries\",\"specFileRetriesDelay\",\"specFileRetriesDeferred\",\"reporterSyncInterval\",\"reporterSyncTimeout\",\"cucumberFeaturesWithLineNumbers\",\"autoCompileOpts\",\"mochaOpts\",\"jasmineOpts\",\"cucumberOpts\",\"onPrepare\",\"onWorkerStart\",\"onWorkerEnd\",\"before\",\"beforeSession\",\"beforeSuite\",\"beforeHook\",\"beforeTest\",\"afterTest\",\"afterHook\",\"afterSuite\",\"afterSession\",\"after\",\"onComplete\",\"beforeAssertion\",\"afterAssertion\",\"beforeFeature\",\"beforeScenario\",\"beforeStep\",\"afterStep\",\"afterScenario\",\"afterFeature\",\"_\",\"suite\",\"$0\",\"ignoredWorkerServices\",\"wdi5\"]"}]}
COMMAND: POST /session/ea2377afc02bbf13296b49c868bb39bc/execute/async - {"script":"<script> [21126 bytes]","args":[35000]}
RESULT: {"script":"<script> [21126 bytes]","args":[35000]}
]]></system-out>
    </testcase>
  </testsuite>
  <testsuite timestamp="2025-05-20T05:56:54" time="1197.195" tests="12" failures="0" errors="0" skipped="0">
    <properties>
      <property name="specId" value="0" />
      <property name="suiteName" value="Billing Transfer - Intracompany US127249" />
      <property name="capabilities" value="chrome.136_0_7103_93.windows" />
      <property name="file" value="file:///D:/a/1/s/test/specs/BTS/billing-transfer-intracompany.spec.js" />
    </properties>
    <testcase classname="chrome.136_0_7103_93.windows.Billing_Transfer_-_Intracompany_US127249" name="Should create a new yard" time="127.368">
      <system-out><![CDATA[
COMMAND: POST /session/ea2377afc02bbf13296b49c868bb39bc/window/fullscreen - {}
RESULT: {}
COMMAND: POST /session/ea2377afc02bbf13296b49c868bb39bc/execute/async - {"script":"<script> [1562 bytes]","args":[{"selector":{"controlType":"sap.m.GenericTile","properties":{"header":"Manage Yards"}},"wdio_ui5_key":"sapm.GenericTile{\"header\":\"Manage Yards\"}"}]}
RESULT: {"script":"<script> [1562 bytes]","args":[{"selector":{"controlType":"sap.m.GenericTile","properties":{"header":"Manage Yards"}},"wdio_ui5_key":"sapm.GenericTile{\"header\":\"Manage Yards\"}"}]}
RESULT: undefined
COMMAND: POST /session/ea2377afc02bbf13296b49c868bb39bc/element - {"using":"xpath","value":"//*[@id=\"__tile41\"]"}
RESULT: {"using":"xpath","value":"//*[@id=\"__tile41\"]"}
COMMAND: POST /session/ea2377afc02bbf13296b49c868bb39bc/element/f.E22896224DAB0D107D3E889F8C0ECED7.d.E79B38B03A11E839AFF831AE4D5330C3.e.6461/click - {}
RESULT: {}
COMMAND: GET /session/ea2377afc02bbf13296b49c868bb39bc/screenshot - {}
RESULT: {}
COMMAND: POST /session/ea2377afc02bbf13296b49c868bb39bc/elements - {"using":"xpath","value":"//span[text()='Error']"}
RESULT: {"using":"xpath","value":"//span[text()='Error']"}
COMMAND: POST /session/ea2377afc02bbf13296b49c868bb39bc/element - {"using":"xpath","value":"//button[@data-kt=\"addNewYardOverflowToolbarButton\"]"}
RESULT: {"using":"xpath","value":"//button[@data-kt=\"addNewYardOverflowToolbarButton\"]"}
COMMAND: POST /session/ea2377afc02bbf13296b49c868bb39bc/elements - {"using":"xpath","value":"//button[@data-kt=\"addNewYardOverflowToolbarButton\"]"}
RESULT: {"using":"xpath","value":"//button[@data-kt=\"addNewYardOverflowToolbarButton\"]"}
COMMAND: POST /session/ea2377afc02bbf13296b49c868bb39bc/execute/sync - {"script":"<script> [8489 bytes]","args":[{"element-6066-11e4-a52e-4f735466cecf":"f.E22896224DAB0D107D3E889F8C0ECED7.d.E79B38B03A11E839AFF831AE4D5330C3.e.6606","ELEMENT":"f.E22896224DAB0D107D3E889F8C0ECED7.d.E79B38B03A11E839AFF831AE4D5330C3.e.6606"}]}
RESULT: {"script":"<script> [8489 bytes]","args":[{"element-6066-11e4-a52e-4f735466cecf":"f.E22896224DAB0D107D3E889F8C0ECED7.d.E79B38B03A11E839AFF831AE4D5330C3.e.6606","ELEMENT":"f.E22896224DAB0D107D3E889F8C0ECED7.d.E79B38B03A11E839AFF831AE4D5330C3.e.6606"}]}
COMMAND: GET /session/ea2377afc02bbf13296b49c868bb39bc/element/f.E22896224DAB0D107D3E889F8C0ECED7.d.E79B38B03A11E839AFF831AE4D5330C3.e.6606/enabled - {}
COMMAND: GET /session/ea2377afc02bbf13296b49c868bb39bc/screenshot - {}
RESULT: {}
COMMAND: POST /session/ea2377afc02bbf13296b49c868bb39bc/execute/sync - {"script":"<script> [8489 bytes]","args":[{"element-6066-11e4-a52e-4f735466cecf":"f.E22896224DAB0D107D3E889F8C0ECED7.d.E79B38B03A11E839AFF831AE4D5330C3.e.6606","ELEMENT":"f.E22896224DAB0D107D3E889F8C0ECED7.d.E79B38B03A11E839AFF831AE4D5330C3.e.6606"}]}
COMMAND: GET /session/ea2377afc02bbf13296b49c868bb39bc/screenshot - {}
RESULT: {}
RESULT: {"script":"<script> [8489 bytes]","args":[{"element-6066-11e4-a52e-4f735466cecf":"f.E22896224DAB0D107D3E889F8C0ECED7.d.E79B38B03A11E839AFF831AE4D5330C3.e.6606","ELEMENT":"f.E22896224DAB0D107D3E889F8C0ECED7.d.E79B38B03A11E839AFF831AE4D5330C3.e.6606"}]}
COMMAND: POST /session/ea2377afc02bbf13296b49c868bb39bc/execute/sync - {"script":"<script> [5351 bytes]","args":[{"element-6066-11e4-a52e-4f735466cecf":"f.E22896224DAB0D107D3E889F8C0ECED7.d.E79B38B03A11E839AFF831AE4D5330C3.e.6606","ELEMENT":"f.E22896224DAB0D107D3E889F8C0ECED7.d.E79B38B03A11E839AFF831AE4D5330C3.e.6606"}]}
COMMAND: GET /session/ea2377afc02bbf13296b49c868bb39bc/screenshot - {}
RESULT: {}
RESULT: {"script":"<script> [5351 bytes]","args":[{"element-6066-11e4-a52e-4f735466cecf":"f.E22896224DAB0D107D3E889F8C0ECED7.d.E79B38B03A11E839AFF831AE4D5330C3.e.6606","ELEMENT":"f.E22896224DAB0D107D3E889F8C0ECED7.d.E79B38B03A11E839AFF831AE4D5330C3.e.6606"}]}
COMMAND: POST /session/ea2377afc02bbf13296b49c868bb39bc/element/f.E22896224DAB0D107D3E889F8C0ECED7.d.E79B38B03A11E839AFF831AE4D5330C3.e.6606/click - {}
COMMAND: GET /session/ea2377afc02bbf13296b49c868bb39bc/screenshot - {}
RESULT: {}
RESULT: {}
COMMAND: GET /session/ea2377afc02bbf13296b49c868bb39bc/screenshot - {}
COMMAND: POST /session/ea2377afc02bbf13296b49c868bb39bc/element - {"using":"xpath","value":"//input[@id=\"application-manageyards-display-component---NewYard--yardId-inner\"]"}
RESULT: {}
RESULT: {}
RESULT: {"using":"xpath","value":"//input[@id=\"application-manageyards-display-component---NewYard--yardId-inner\"]"}
COMMAND: POST /session/ea2377afc02bbf13296b49c868bb39bc/element - {"using":"xpath","value":"//input[@id=\"application-manageyards-display-component---NewYard--yardId-inner\"]"}
RESULT: {"using":"xpath","value":"//input[@id=\"application-manageyards-display-component---NewYard--yardId-inner\"]"}
COMMAND: POST /session/ea2377afc02bbf13296b49c868bb39bc/execute/async - {"script":"<script> [1562 bytes]","args":[{"selector":{"id":"application-manageyards-display-component---NewYard--addressDetailDetailsName1","interaction":{"idSuffix":"inner"}},"wdio_ui5_key":"applicationmanageyards-display-component---NewYard--addressDetailDetailsName1"}]}
RESULT: {"script":"<script> [1562 bytes]","args":[{"selector":{"id":"application-manageyards-display-component---NewYard--addressDetailDetailsName1","interaction":{"idSuffix":"inner"}},"wdio_ui5_key":"applicationmanageyards-display-component---NewYard--addressDetailDetailsName1"}]}
RESULT: undefined
COMMAND: POST /session/ea2377afc02bbf13296b49c868bb39bc/execute/async - {"script":"<script> [776 bytes]","args":[{"enterText":"Intracompany Yard wdIO","selector":{"id":"application-manageyards-display-component---NewYard--addressDetailDetailsName1","interaction":{"idSuffix":"inner"}},"clearTextFirst":true,"interactionType":"ENTER_TEXT"}]}
RESULT: {"script":"<script> [776 bytes]","args":[{"enterText":"Intracompany Yard wdIO","selector":{"id":"application-manageyards-display-component---NewYard--addressDetailDetailsName1","interaction":{"idSuffix":"inner"}},"clearTextFirst":true,"interactionType":"ENTER_TEXT"}]}
COMMAND: POST /session/ea2377afc02bbf13296b49c868bb39bc/execute/async - {"script":"<script> [1562 bytes]","args":[{"selector":{"id":"application-manageyards-display-component---NewYard--addressDetailDetailsLanguage-arrow"},"wdio_ui5_key":"applicationmanageyards-display-component---NewYard--addressDetailDetailsLanguage-arrow"}]}
RESULT: {"script":"<script> [1562 bytes]","args":[{"selector":{"id":"application-manageyards-display-component---NewYard--addressDetailDetailsLanguage-arrow"},"wdio_ui5_key":"applicationmanageyards-display-component---NewYard--addressDetailDetailsLanguage-arrow"}]}
RESULT: undefined
COMMAND: POST /session/ea2377afc02bbf13296b49c868bb39bc/element - {"using":"xpath","value":"//*[@id=\"application-manageyards-display-component---NewYard--addressDetailDetailsLanguage-arrow\"]"}
RESULT: {"using":"xpath","value":"//*[@id=\"application-manageyards-display-component---NewYard--addressDetailDetailsLanguage-arrow\"]"}
COMMAND: POST /session/ea2377afc02bbf13296b49c868bb39bc/element/f.E22896224DAB0D107D3E889F8C0ECED7.d.E79B38B03A11E839AFF831AE4D5330C3.e.7037/click - {}
RESULT: {}
COMMAND: POST /session/ea2377afc02bbf13296b49c868bb39bc/element - {"using":"xpath","value":"//span[contains(text(), \"English\")]"}
COMMAND: GET /session/ea2377afc02bbf13296b49c868bb39bc/screenshot - {}
RESULT: {"using":"xpath","value":"//span[contains(text(), \"English\")]"}
COMMAND: POST /session/ea2377afc02bbf13296b49c868bb39bc/element/f.E22896224DAB0D107D3E889F8C0ECED7.d.E79B38B03A11E839AFF831AE4D5330C3.e.7038/click - {}
RESULT: {}
RESULT: {}
COMMAND: POST /session/ea2377afc02bbf13296b49c868bb39bc/execute/async - {"script":"<script> [1562 bytes]","args":[{"selector":{"id":"application-manageyards-display-component---NewYard--addressDetailDetailsCity1","interaction":{"idSuffix":"inner"}},"wdio_ui5_key":"applicationmanageyards-display-component---NewYard--addressDetailDetailsCity1"}]}
COMMAND: GET /session/ea2377afc02bbf13296b49c868bb39bc/screenshot - {}
RESULT: {"script":"<script> [1562 bytes]","args":[{"selector":{"id":"application-manageyards-display-component---NewYard--addressDetailDetailsCity1","interaction":{"idSuffix":"inner"}},"wdio_ui5_key":"applicationmanageyards-display-component---NewYard--addressDetailDetailsCity1"}]}
RESULT: undefined
COMMAND: POST /session/ea2377afc02bbf13296b49c868bb39bc/execute/async - {"script":"<script> [776 bytes]","args":[{"enterText":"Rosario","selector":{"id":"application-manageyards-display-component---NewYard--addressDetailDetailsCity1","interaction":{"idSuffix":"inner"}},"clearTextFirst":true,"interactionType":"ENTER_TEXT"}]}
RESULT: {}
RESULT: {"script":"<script> [776 bytes]","args":[{"enterText":"Rosario","selector":{"id":"application-manageyards-display-component---NewYard--addressDetailDetailsCity1","interaction":{"idSuffix":"inner"}},"clearTextFirst":true,"interactionType":"ENTER_TEXT"}]}
COMMAND: POST /session/ea2377afc02bbf13296b49c868bb39bc/execute/async - {"script":"<script> [1562 bytes]","args":[{"selector":{"id":"application-manageyards-display-component---NewYard--addressDetailDetailsCountry-arrow"},"wdio_ui5_key":"applicationmanageyards-display-component---NewYard--addressDetailDetailsCountry-arrow"}]}
RESULT: {"script":"<script> [1562 bytes]","args":[{"selector":{"id":"application-manageyards-display-component---NewYard--addressDetailDetailsCountry-arrow"},"wdio_ui5_key":"applicationmanageyards-display-component---NewYard--addressDetailDetailsCountry-arrow"}]}
RESULT: undefined
COMMAND: POST /session/ea2377afc02bbf13296b49c868bb39bc/element - {"using":"xpath","value":"//*[@id=\"application-manageyards-display-component---NewYard--addressDetailDetailsCountry-arrow\"]"}
RESULT: {"using":"xpath","value":"//*[@id=\"application-manageyards-display-component---NewYard--addressDetailDetailsCountry-arrow\"]"}
COMMAND: POST /session/ea2377afc02bbf13296b49c868bb39bc/element/f.E22896224DAB0D107D3E889F8C0ECED7.d.E79B38B03A11E839AFF831AE4D5330C3.e.7040/click - {}
RESULT: {}
COMMAND: POST /session/ea2377afc02bbf13296b49c868bb39bc/element - {"using":"xpath","value":"//span[contains(text(), \"Argentina\")]"}
COMMAND: GET /session/ea2377afc02bbf13296b49c868bb39bc/screenshot - {}
RESULT: {"using":"xpath","value":"//span[contains(text(), \"Argentina\")]"}
COMMAND: POST /session/ea2377afc02bbf13296b49c868bb39bc/element/f.E22896224DAB0D107D3E889F8C0ECED7.d.E79B38B03A11E839AFF831AE4D5330C3.e.7042/click - {}
RESULT: {}
RESULT: {}
COMMAND: POST /session/ea2377afc02bbf13296b49c868bb39bc/execute/async - {"script":"<script> [1562 bytes]","args":[{"selector":{"id":"application-manageyards-display-component---NewYard--addressEditDetailsCostObjectCstType-arrow"},"wdio_ui5_key":"applicationmanageyards-display-component---NewYard--addressEditDetailsCostObjectCstType-arrow"}]}
COMMAND: GET /session/ea2377afc02bbf13296b49c868bb39bc/screenshot - {}
RESULT: {"script":"<script> [1562 bytes]","args":[{"selector":{"id":"application-manageyards-display-component---NewYard--addressEditDetailsCostObjectCstType-arrow"},"wdio_ui5_key":"applicationmanageyards-display-component---NewYard--addressEditDetailsCostObjectCstType-arrow"}]}
RESULT: undefined
COMMAND: POST /session/ea2377afc02bbf13296b49c868bb39bc/element - {"using":"xpath","value":"//*[@id=\"application-manageyards-display-component---NewYard--addressEditDetailsCostObjectCstType-arrow\"]"}
RESULT: {}
RESULT: {"using":"xpath","value":"//*[@id=\"application-manageyards-display-component---NewYard--addressEditDetailsCostObjectCstType-arrow\"]"}
COMMAND: POST /session/ea2377afc02bbf13296b49c868bb39bc/element/f.E22896224DAB0D107D3E889F8C0ECED7.d.E79B38B03A11E839AFF831AE4D5330C3.e.7043/click - {}
RESULT: {}
COMMAND: POST /session/ea2377afc02bbf13296b49c868bb39bc/element - {"using":"xpath","value":"//span[contains(text(), \"Cost Center\")]"}
COMMAND: GET /session/ea2377afc02bbf13296b49c868bb39bc/screenshot - {}
RESULT: {"using":"xpath","value":"//span[contains(text(), \"Cost Center\")]"}
COMMAND: POST /session/ea2377afc02bbf13296b49c868bb39bc/element/f.E22896224DAB0D107D3E889F8C0ECED7.d.E79B38B03A11E839AFF831AE4D5330C3.e.7044/click - {}
RESULT: {}
RESULT: {}
COMMAND: GET /session/ea2377afc02bbf13296b49c868bb39bc/screenshot - {}
RESULT: {}
COMMAND: POST /session/ea2377afc02bbf13296b49c868bb39bc/element - {"using":"xpath","value":"//span[@id=\"application-manageyards-display-component---NewYard--addressNewCostObjectCstID-vhi\"]"}
RESULT: {"using":"xpath","value":"//span[@id=\"application-manageyards-display-component---NewYard--addressNewCostObjectCstID-vhi\"]"}
COMMAND: POST /session/ea2377afc02bbf13296b49c868bb39bc/execute/sync - {"script":"<script> [8489 bytes]","args":[{"element-6066-11e4-a52e-4f735466cecf":"f.E22896224DAB0D107D3E889F8C0ECED7.d.E79B38B03A11E839AFF831AE4D5330C3.e.7048","ELEMENT":"f.E22896224DAB0D107D3E889F8C0ECED7.d.E79B38B03A11E839AFF831AE4D5330C3.e.7048"}]}
RESULT: {"script":"<script> [8489 bytes]","args":[{"element-6066-11e4-a52e-4f735466cecf":"f.E22896224DAB0D107D3E889F8C0ECED7.d.E79B38B03A11E839AFF831AE4D5330C3.e.7048","ELEMENT":"f.E22896224DAB0D107D3E889F8C0ECED7.d.E79B38B03A11E839AFF831AE4D5330C3.e.7048"}]}
COMMAND: POST /session/ea2377afc02bbf13296b49c868bb39bc/execute/async - {"script":"<script> [1562 bytes]","args":[{"selector":{"id":"application-manageyards-display-component---NewYard--addressNewCostObjectCstID-vhi"},"wdio_ui5_key":"applicationmanageyards-display-component---NewYard--addressNewCostObjectCstID-vhi"}]}
COMMAND: GET /session/ea2377afc02bbf13296b49c868bb39bc/screenshot - {}
RESULT: {"script":"<script> [1562 bytes]","args":[{"selector":{"id":"application-manageyards-display-component---NewYard--addressNewCostObjectCstID-vhi"},"wdio_ui5_key":"applicationmanageyards-display-component---NewYard--addressNewCostObjectCstID-vhi"}]}
RESULT: undefined
COMMAND: POST /session/ea2377afc02bbf13296b49c868bb39bc/element - {"using":"xpath","value":"//*[@id=\"application-manageyards-display-component---NewYard--addressNewCostObjectCstID-vhi\"]"}
RESULT: {}
RESULT: {"using":"xpath","value":"//*[@id=\"application-manageyards-display-component---NewYard--addressNewCostObjectCstID-vhi\"]"}
COMMAND: POST /session/ea2377afc02bbf13296b49c868bb39bc/element/f.E22896224DAB0D107D3E889F8C0ECED7.d.E79B38B03A11E839AFF831AE4D5330C3.e.7048/click - {}
RESULT: {}
COMMAND: GET /session/ea2377afc02bbf13296b49c868bb39bc/screenshot - {}
RESULT: {}
COMMAND: POST /session/ea2377afc02bbf13296b49c868bb39bc/execute/async - {"script":"<script> [1562 bytes]","args":[{"selector":{"controlType":"sap.m.SearchField","properties":{"placeholder":"Search"},"searchOpenDialogs":true,"interaction":{"idSuffix":"I"}},"wdio_ui5_key":"sapm.SearchField{\"placeholder\":\"Search\"}"}]}
RESULT: {"script":"<script> [1562 bytes]","args":[{"selector":{"controlType":"sap.m.SearchField","properties":{"placeholder":"Search"},"searchOpenDialogs":true,"interaction":{"idSuffix":"I"}},"wdio_ui5_key":"sapm.SearchField{\"placeholder\":\"Search\"}"}]}
RESULT: undefined
COMMAND: POST /session/ea2377afc02bbf13296b49c868bb39bc/execute/async - {"script":"<script> [776 bytes]","args":[{"enterText":"bauh_b","selector":{"controlType":"sap.m.SearchField","properties":{"placeholder":"Search"},"searchOpenDialogs":true,"interaction":{"idSuffix":"I"}},"clearTextFirst":true,"interactionType":"ENTER_TEXT"}]}
RESULT: {"script":"<script> [776 bytes]","args":[{"enterText":"bauh_b","selector":{"controlType":"sap.m.SearchField","properties":{"placeholder":"Search"},"searchOpenDialogs":true,"interaction":{"idSuffix":"I"}},"clearTextFirst":true,"interactionType":"ENTER_TEXT"}]}
COMMAND: POST /session/ea2377afc02bbf13296b49c868bb39bc/actions - {"actions":[{"id":"action23","type":"key","parameters":{},"actions":[{"type":"keyDown","value":"î€‡"},{"type":"pause","duration":10},{"type":"keyUp","value":"î€‡"}]}]}
RESULT: {"actions":[{"id":"action23","type":"key","parameters":{},"actions":[{"type":"keyDown","value":"î€‡"},{"type":"pause","duration":10},{"type":"keyUp","value":"î€‡"}]}]}
COMMAND: GET /session/ea2377afc02bbf13296b49c868bb39bc/screenshot - {}
RESULT: {}
COMMAND: POST /session/ea2377afc02bbf13296b49c868bb39bc/element - {"using":"xpath","value":"//span[contains(text(), \"Demo Yard\")]"}
RESULT: {"using":"xpath","value":"//span[contains(text(), \"Demo Yard\")]"}
COMMAND: POST /session/ea2377afc02bbf13296b49c868bb39bc/element/f.E22896224DAB0D107D3E889F8C0ECED7.d.E79B38B03A11E839AFF831AE4D5330C3.e.7089/click - {}
RESULT: {}
COMMAND: GET /session/ea2377afc02bbf13296b49c868bb39bc/screenshot - {}
RESULT: {}
COMMAND: POST /session/ea2377afc02bbf13296b49c868bb39bc/element - {"using":"xpath","value":"//bdi[contains(text(), \"OK\")]"}
RESULT: {"using":"xpath","value":"//bdi[contains(text(), \"OK\")]"}
COMMAND: POST /session/ea2377afc02bbf13296b49c868bb39bc/element/f.E22896224DAB0D107D3E889F8C0ECED7.d.E79B38B03A11E839AFF831AE4D5330C3.e.7090/click - {}
RESULT: {}
COMMAND: GET /session/ea2377afc02bbf13296b49c868bb39bc/screenshot - {}
RESULT: {}
COMMAND: POST /session/ea2377afc02bbf13296b49c868bb39bc/execute/async - {"script":"<script> [1562 bytes]","args":[{"selector":{"id":"application-manageyards-display-component---NewYard--addressEditDetailsCurrency-arrow"},"wdio_ui5_key":"applicationmanageyards-display-component---NewYard--addressEditDetailsCurrency-arrow"}]}
RESULT: {"script":"<script> [1562 bytes]","args":[{"selector":{"id":"application-manageyards-display-component---NewYard--addressEditDetailsCurrency-arrow"},"wdio_ui5_key":"applicationmanageyards-display-component---NewYard--addressEditDetailsCurrency-arrow"}]}
RESULT: undefined
COMMAND: POST /session/ea2377afc02bbf13296b49c868bb39bc/element - {"using":"xpath","value":"//*[@id=\"application-manageyards-display-component---NewYard--addressEditDetailsCurrency-arrow\"]"}
RESULT: {"using":"xpath","value":"//*[@id=\"application-manageyards-display-component---NewYard--addressEditDetailsCurrency-arrow\"]"}
COMMAND: POST /session/ea2377afc02bbf13296b49c868bb39bc/element/f.E22896224DAB0D107D3E889F8C0ECED7.d.E79B38B03A11E839AFF831AE4D5330C3.e.7093/click - {}
RESULT: {}
COMMAND: POST /session/ea2377afc02bbf13296b49c868bb39bc/element - {"using":"xpath","value":"//span[contains(text(), \"Euro\")]"}
COMMAND: GET /session/ea2377afc02bbf13296b49c868bb39bc/screenshot - {}
RESULT: {"using":"xpath","value":"//span[contains(text(), \"Euro\")]"}
COMMAND: POST /session/ea2377afc02bbf13296b49c868bb39bc/element/f.E22896224DAB0D107D3E889F8C0ECED7.d.E79B38B03A11E839AFF831AE4D5330C3.e.7094/click - {}
RESULT: {}
RESULT: {}
COMMAND: POST /session/ea2377afc02bbf13296b49c868bb39bc/execute/async - {"script":"<script> [1562 bytes]","args":[{"selector":{"controlType":"sap.m.Input","viewName":"etm.portal.ui.manageyards.view.New","viewId":"application-manageyards-display-component---NewYard","bindingPath":{"path":"","propertyPath":"/CONTROLLING_AREA","modelName":"NewYardModel"},"interaction":{"idSuffix":"inner"}},"wdio_ui5_key":"etmportal.ui.manageyards.view.Newsap.m.Input{\"path\":\"\",\"propertyPath\":\"/CONTROLLING_AREA\",\"modelName\":\"NewYardModel\"}"}]}
COMMAND: GET /session/ea2377afc02bbf13296b49c868bb39bc/screenshot - {}
RESULT: {"script":"<script> [1562 bytes]","args":[{"selector":{"controlType":"sap.m.Input","viewName":"etm.portal.ui.manageyards.view.New","viewId":"application-manageyards-display-component---NewYard","bindingPath":{"path":"","propertyPath":"/CONTROLLING_AREA","modelName":"NewYardModel"},"interaction":{"idSuffix":"inner"}},"wdio_ui5_key":"etmportal.ui.manageyards.view.Newsap.m.Input{\"path\":\"\",\"propertyPath\":\"/CONTROLLING_AREA\",\"modelName\":\"NewYardModel\"}"}]}
RESULT: undefined
COMMAND: POST /session/ea2377afc02bbf13296b49c868bb39bc/execute/async - {"script":"<script> [776 bytes]","args":[{"enterText":"Z001","selector":{"controlType":"sap.m.Input","viewName":"etm.portal.ui.manageyards.view.New","viewId":"application-manageyards-display-component---NewYard","bindingPath":{"path":"","propertyPath":"/CONTROLLING_AREA","modelName":"NewYardModel"},"interaction":{"idSuffix":"inner"}},"clearTextFirst":true,"interactionType":"ENTER_TEXT"}]}
RESULT: {}
RESULT: {"script":"<script> [776 bytes]","args":[{"enterText":"Z001","selector":{"controlType":"sap.m.Input","viewName":"etm.portal.ui.manageyards.view.New","viewId":"application-manageyards-display-component---NewYard","bindingPath":{"path":"","propertyPath":"/CONTROLLING_AREA","modelName":"NewYardModel"},"interaction":{"idSuffix":"inner"}},"clearTextFirst":true,"interactionType":"ENTER_TEXT"}]}
COMMAND: POST /session/ea2377afc02bbf13296b49c868bb39bc/execute/async - {"script":"<script> [1562 bytes]","args":[{"selector":{"id":"application-manageyards-display-component---NewYard--companyCodeComboBox","interaction":{"idSuffix":"inner"}},"wdio_ui5_key":"applicationmanageyards-display-component---NewYard--companyCodeComboBox"}]}
RESULT: {"script":"<script> [1562 bytes]","args":[{"selector":{"id":"application-manageyards-display-component---NewYard--companyCodeComboBox","interaction":{"idSuffix":"inner"}},"wdio_ui5_key":"applicationmanageyards-display-component---NewYard--companyCodeComboBox"}]}
RESULT: undefined
COMMAND: POST /session/ea2377afc02bbf13296b49c868bb39bc/execute/async - {"script":"<script> [776 bytes]","args":[{"enterText":"1000","selector":{"id":"application-manageyards-display-component---NewYard--companyCodeComboBox","interaction":{"idSuffix":"inner"}},"clearTextFirst":true,"interactionType":"ENTER_TEXT"}]}
RESULT: {"script":"<script> [776 bytes]","args":[{"enterText":"1000","selector":{"id":"application-manageyards-display-component---NewYard--companyCodeComboBox","interaction":{"idSuffix":"inner"}},"clearTextFirst":true,"interactionType":"ENTER_TEXT"}]}
COMMAND: POST /session/ea2377afc02bbf13296b49c868bb39bc/execute/async - {"script":"<script> [1562 bytes]","args":[{"selector":{"controlType":"sap.m.Input","viewName":"etm.portal.ui.manageyards.view.New","viewId":"application-manageyards-display-component---NewYard","bindingPath":{"path":"","propertyPath":"/PLANT","modelName":"NewYardModel"},"interaction":{"idSuffix":"inner"}},"wdio_ui5_key":"etmportal.ui.manageyards.view.Newsap.m.Input{\"path\":\"\",\"propertyPath\":\"/PLANT\",\"modelName\":\"NewYardModel\"}"}]}
RESULT: {"script":"<script> [1562 bytes]","args":[{"selector":{"controlType":"sap.m.Input","viewName":"etm.portal.ui.manageyards.view.New","viewId":"application-manageyards-display-component---NewYard","bindingPath":{"path":"","propertyPath":"/PLANT","modelName":"NewYardModel"},"interaction":{"idSuffix":"inner"}},"wdio_ui5_key":"etmportal.ui.manageyards.view.Newsap.m.Input{\"path\":\"\",\"propertyPath\":\"/PLANT\",\"modelName\":\"NewYardModel\"}"}]}
RESULT: undefined
COMMAND: POST /session/ea2377afc02bbf13296b49c868bb39bc/execute/async - {"script":"<script> [776 bytes]","args":[{"enterText":"1001","selector":{"controlType":"sap.m.Input","viewName":"etm.portal.ui.manageyards.view.New","viewId":"application-manageyards-display-component---NewYard","bindingPath":{"path":"","propertyPath":"/PLANT","modelName":"NewYardModel"},"interaction":{"idSuffix":"inner"}},"clearTextFirst":true,"interactionType":"ENTER_TEXT"}]}
RESULT: {"script":"<script> [776 bytes]","args":[{"enterText":"1001","selector":{"controlType":"sap.m.Input","viewName":"etm.portal.ui.manageyards.view.New","viewId":"application-manageyards-display-component---NewYard","bindingPath":{"path":"","propertyPath":"/PLANT","modelName":"NewYardModel"},"interaction":{"idSuffix":"inner"}},"clearTextFirst":true,"interactionType":"ENTER_TEXT"}]}
COMMAND: POST /session/ea2377afc02bbf13296b49c868bb39bc/execute/async - {"script":"<script> [1562 bytes]","args":[{"selector":{"controlType":"sap.m.Input","viewName":"etm.portal.ui.manageyards.view.New","viewId":"application-manageyards-display-component---NewYard","bindingPath":{"path":"","propertyPath":"/SALES_AREA_VKORG","modelName":"NewYardModel"},"interaction":{"idSuffix":"inner"}},"wdio_ui5_key":"etmportal.ui.manageyards.view.Newsap.m.Input{\"path\":\"\",\"propertyPath\":\"/SALES_AREA_VKORG\",\"modelName\":\"NewYardModel\"}"}]}
RESULT: {"script":"<script> [1562 bytes]","args":[{"selector":{"controlType":"sap.m.Input","viewName":"etm.portal.ui.manageyards.view.New","viewId":"application-manageyards-display-component---NewYard","bindingPath":{"path":"","propertyPath":"/SALES_AREA_VKORG","modelName":"NewYardModel"},"interaction":{"idSuffix":"inner"}},"wdio_ui5_key":"etmportal.ui.manageyards.view.Newsap.m.Input{\"path\":\"\",\"propertyPath\":\"/SALES_AREA_VKORG\",\"modelName\":\"NewYardModel\"}"}]}
RESULT: undefined
COMMAND: POST /session/ea2377afc02bbf13296b49c868bb39bc/execute/async - {"script":"<script> [776 bytes]","args":[{"enterText":"C002","selector":{"controlType":"sap.m.Input","viewName":"etm.portal.ui.manageyards.view.New","viewId":"application-manageyards-display-component---NewYard","bindingPath":{"path":"","propertyPath":"/SALES_AREA_VKORG","modelName":"NewYardModel"},"interaction":{"idSuffix":"inner"}},"clearTextFirst":true,"interactionType":"ENTER_TEXT"}]}
RESULT: {"script":"<script> [776 bytes]","args":[{"enterText":"C002","selector":{"controlType":"sap.m.Input","viewName":"etm.portal.ui.manageyards.view.New","viewId":"application-manageyards-display-component---NewYard","bindingPath":{"path":"","propertyPath":"/SALES_AREA_VKORG","modelName":"NewYardModel"},"interaction":{"idSuffix":"inner"}},"clearTextFirst":true,"interactionType":"ENTER_TEXT"}]}
COMMAND: POST /session/ea2377afc02bbf13296b49c868bb39bc/execute/async - {"script":"<script> [1562 bytes]","args":[{"selector":{"controlType":"sap.m.Input","viewName":"etm.portal.ui.manageyards.view.New","viewId":"application-manageyards-display-component---NewYard","bindingPath":{"path":"","propertyPath":"/SALES_AREA_VTWEG","modelName":"NewYardModel"},"interaction":{"idSuffix":"inner"}},"wdio_ui5_key":"etmportal.ui.manageyards.view.Newsap.m.Input{\"path\":\"\",\"propertyPath\":\"/SALES_AREA_VTWEG\",\"modelName\":\"NewYardModel\"}"}]}
RESULT: {"script":"<script> [1562 bytes]","args":[{"selector":{"controlType":"sap.m.Input","viewName":"etm.portal.ui.manageyards.view.New","viewId":"application-manageyards-display-component---NewYard","bindingPath":{"path":"","propertyPath":"/SALES_AREA_VTWEG","modelName":"NewYardModel"},"interaction":{"idSuffix":"inner"}},"wdio_ui5_key":"etmportal.ui.manageyards.view.Newsap.m.Input{\"path\":\"\",\"propertyPath\":\"/SALES_AREA_VTWEG\",\"modelName\":\"NewYardModel\"}"}]}
RESULT: undefined
COMMAND: POST /session/ea2377afc02bbf13296b49c868bb39bc/execute/async - {"script":"<script> [776 bytes]","args":[{"enterText":"C2","selector":{"controlType":"sap.m.Input","viewName":"etm.portal.ui.manageyards.view.New","viewId":"application-manageyards-display-component---NewYard","bindingPath":{"path":"","propertyPath":"/SALES_AREA_VTWEG","modelName":"NewYardModel"},"interaction":{"idSuffix":"inner"}},"clearTextFirst":true,"interactionType":"ENTER_TEXT"}]}
RESULT: {"script":"<script> [776 bytes]","args":[{"enterText":"C2","selector":{"controlType":"sap.m.Input","viewName":"etm.portal.ui.manageyards.view.New","viewId":"application-manageyards-display-component---NewYard","bindingPath":{"path":"","propertyPath":"/SALES_AREA_VTWEG","modelName":"NewYardModel"},"interaction":{"idSuffix":"inner"}},"clearTextFirst":true,"interactionType":"ENTER_TEXT"}]}
COMMAND: POST /session/ea2377afc02bbf13296b49c868bb39bc/execute/async - {"script":"<script> [1562 bytes]","args":[{"selector":{"controlType":"sap.m.Input","viewName":"etm.portal.ui.manageyards.view.New","viewId":"application-manageyards-display-component---NewYard","bindingPath":{"path":"","propertyPath":"/SALES_AREA_SPART","modelName":"NewYardModel"},"interaction":{"idSuffix":"inner"}},"wdio_ui5_key":"etmportal.ui.manageyards.view.Newsap.m.Input{\"path\":\"\",\"propertyPath\":\"/SALES_AREA_SPART\",\"modelName\":\"NewYardModel\"}"}]}
RESULT: {"script":"<script> [1562 bytes]","args":[{"selector":{"controlType":"sap.m.Input","viewName":"etm.portal.ui.manageyards.view.New","viewId":"application-manageyards-display-component---NewYard","bindingPath":{"path":"","propertyPath":"/SALES_AREA_SPART","modelName":"NewYardModel"},"interaction":{"idSuffix":"inner"}},"wdio_ui5_key":"etmportal.ui.manageyards.view.Newsap.m.Input{\"path\":\"\",\"propertyPath\":\"/SALES_AREA_SPART\",\"modelName\":\"NewYardModel\"}"}]}
RESULT: undefined
COMMAND: POST /session/ea2377afc02bbf13296b49c868bb39bc/execute/async - {"script":"<script> [776 bytes]","args":[{"enterText":"C2","selector":{"controlType":"sap.m.Input","viewName":"etm.portal.ui.manageyards.view.New","viewId":"application-manageyards-display-component---NewYard","bindingPath":{"path":"","propertyPath":"/SALES_AREA_SPART","modelName":"NewYardModel"},"interaction":{"idSuffix":"inner"}},"clearTextFirst":true,"interactionType":"ENTER_TEXT"}]}
RESULT: {"script":"<script> [776 bytes]","args":[{"enterText":"C2","selector":{"controlType":"sap.m.Input","viewName":"etm.portal.ui.manageyards.view.New","viewId":"application-manageyards-display-component---NewYard","bindingPath":{"path":"","propertyPath":"/SALES_AREA_SPART","modelName":"NewYardModel"},"interaction":{"idSuffix":"inner"}},"clearTextFirst":true,"interactionType":"ENTER_TEXT"}]}
COMMAND: POST /session/ea2377afc02bbf13296b49c868bb39bc/execute/async - {"script":"<script> [1562 bytes]","args":[{"selector":{"controlType":"sap.m.Input","viewName":"etm.portal.ui.manageyards.view.New","viewId":"application-manageyards-display-component---NewYard","bindingPath":{"path":"","propertyPath":"/SHIP_POINT","modelName":"NewYardModel"},"interaction":{"idSuffix":"inner"}},"wdio_ui5_key":"etmportal.ui.manageyards.view.Newsap.m.Input{\"path\":\"\",\"propertyPath\":\"/SHIP_POINT\",\"modelName\":\"NewYardModel\"}"}]}
RESULT: {"script":"<script> [1562 bytes]","args":[{"selector":{"controlType":"sap.m.Input","viewName":"etm.portal.ui.manageyards.view.New","viewId":"application-manageyards-display-component---NewYard","bindingPath":{"path":"","propertyPath":"/SHIP_POINT","modelName":"NewYardModel"},"interaction":{"idSuffix":"inner"}},"wdio_ui5_key":"etmportal.ui.manageyards.view.Newsap.m.Input{\"path\":\"\",\"propertyPath\":\"/SHIP_POINT\",\"modelName\":\"NewYardModel\"}"}]}
RESULT: undefined
COMMAND: POST /session/ea2377afc02bbf13296b49c868bb39bc/execute/async - {"script":"<script> [776 bytes]","args":[{"enterText":"1710","selector":{"controlType":"sap.m.Input","viewName":"etm.portal.ui.manageyards.view.New","viewId":"application-manageyards-display-component---NewYard","bindingPath":{"path":"","propertyPath":"/SHIP_POINT","modelName":"NewYardModel"},"interaction":{"idSuffix":"inner"}},"clearTextFirst":true,"interactionType":"ENTER_TEXT"}]}
RESULT: {"script":"<script> [776 bytes]","args":[{"enterText":"1710","selector":{"controlType":"sap.m.Input","viewName":"etm.portal.ui.manageyards.view.New","viewId":"application-manageyards-display-component---NewYard","bindingPath":{"path":"","propertyPath":"/SHIP_POINT","modelName":"NewYardModel"},"interaction":{"idSuffix":"inner"}},"clearTextFirst":true,"interactionType":"ENTER_TEXT"}]}
COMMAND: POST /session/ea2377afc02bbf13296b49c868bb39bc/execute/async - {"script":"<script> [1562 bytes]","args":[{"selector":{"controlType":"sap.m.Input","viewName":"etm.portal.ui.manageyards.view.New","viewId":"application-manageyards-display-component---NewYard","bindingPath":{"path":"","propertyPath":"/DELIVERY_TYPE","modelName":"NewYardModel"},"interaction":{"idSuffix":"inner"}},"wdio_ui5_key":"etmportal.ui.manageyards.view.Newsap.m.Input{\"path\":\"\",\"propertyPath\":\"/DELIVERY_TYPE\",\"modelName\":\"NewYardModel\"}"}]}
RESULT: {"script":"<script> [1562 bytes]","args":[{"selector":{"controlType":"sap.m.Input","viewName":"etm.portal.ui.manageyards.view.New","viewId":"application-manageyards-display-component---NewYard","bindingPath":{"path":"","propertyPath":"/DELIVERY_TYPE","modelName":"NewYardModel"},"interaction":{"idSuffix":"inner"}},"wdio_ui5_key":"etmportal.ui.manageyards.view.Newsap.m.Input{\"path\":\"\",\"propertyPath\":\"/DELIVERY_TYPE\",\"modelName\":\"NewYardModel\"}"}]}
RESULT: undefined
COMMAND: POST /session/ea2377afc02bbf13296b49c868bb39bc/execute/async - {"script":"<script> [776 bytes]","args":[{"enterText":"ZL01","selector":{"controlType":"sap.m.Input","viewName":"etm.portal.ui.manageyards.view.New","viewId":"application-manageyards-display-component---NewYard","bindingPath":{"path":"","propertyPath":"/DELIVERY_TYPE","modelName":"NewYardModel"},"interaction":{"idSuffix":"inner"}},"clearTextFirst":true,"interactionType":"ENTER_TEXT"}]}
RESULT: {"script":"<script> [776 bytes]","args":[{"enterText":"ZL01","selector":{"controlType":"sap.m.Input","viewName":"etm.portal.ui.manageyards.view.New","viewId":"application-manageyards-display-component---NewYard","bindingPath":{"path":"","propertyPath":"/DELIVERY_TYPE","modelName":"NewYardModel"},"interaction":{"idSuffix":"inner"}},"clearTextFirst":true,"interactionType":"ENTER_TEXT"}]}
COMMAND: POST /session/ea2377afc02bbf13296b49c868bb39bc/execute/async - {"script":"<script> [1562 bytes]","args":[{"selector":{"controlType":"sap.m.Input","viewName":"etm.portal.ui.manageyards.view.New","viewId":"application-manageyards-display-component---NewYard","bindingPath":{"path":"","propertyPath":"/AUART","modelName":"NewYardModel"},"interaction":{"idSuffix":"inner"}},"wdio_ui5_key":"etmportal.ui.manageyards.view.Newsap.m.Input{\"path\":\"\",\"propertyPath\":\"/AUART\",\"modelName\":\"NewYardModel\"}"}]}
RESULT: {"script":"<script> [1562 bytes]","args":[{"selector":{"controlType":"sap.m.Input","viewName":"etm.portal.ui.manageyards.view.New","viewId":"application-manageyards-display-component---NewYard","bindingPath":{"path":"","propertyPath":"/AUART","modelName":"NewYardModel"},"interaction":{"idSuffix":"inner"}},"wdio_ui5_key":"etmportal.ui.manageyards.view.Newsap.m.Input{\"path\":\"\",\"propertyPath\":\"/AUART\",\"modelName\":\"NewYardModel\"}"}]}
RESULT: undefined
COMMAND: POST /session/ea2377afc02bbf13296b49c868bb39bc/execute/async - {"script":"<script> [776 bytes]","args":[{"enterText":"TA","selector":{"controlType":"sap.m.Input","viewName":"etm.portal.ui.manageyards.view.New","viewId":"application-manageyards-display-component---NewYard","bindingPath":{"path":"","propertyPath":"/AUART","modelName":"NewYardModel"},"interaction":{"idSuffix":"inner"}},"clearTextFirst":true,"interactionType":"ENTER_TEXT"}]}
RESULT: {"script":"<script> [776 bytes]","args":[{"enterText":"TA","selector":{"controlType":"sap.m.Input","viewName":"etm.portal.ui.manageyards.view.New","viewId":"application-manageyards-display-component---NewYard","bindingPath":{"path":"","propertyPath":"/AUART","modelName":"NewYardModel"},"interaction":{"idSuffix":"inner"}},"clearTextFirst":true,"interactionType":"ENTER_TEXT"}]}
COMMAND: POST /session/ea2377afc02bbf13296b49c868bb39bc/element - {"using":"xpath","value":"//button[@data-kt=\"newYardSaveButton\"]"}
RESULT: {"using":"xpath","value":"//button[@data-kt=\"newYardSaveButton\"]"}
COMMAND: POST /session/ea2377afc02bbf13296b49c868bb39bc/element/f.E22896224DAB0D107D3E889F8C0ECED7.d.E79B38B03A11E839AFF831AE4D5330C3.e.7004/click - {}
RESULT: {}
COMMAND: GET /session/ea2377afc02bbf13296b49c868bb39bc/screenshot - {}
RESULT: {}
COMMAND: POST /session/ea2377afc02bbf13296b49c868bb39bc/element - {"using":"xpath","value":"//header[contains(@id, 'ObjectPageLayout-headerTitle')]/div[1]/div[2]/div[1]/span[1]"}
RESULT: {"using":"xpath","value":"//header[contains(@id, 'ObjectPageLayout-headerTitle')]/div[1]/div[2]/div[1]/span[1]"}
COMMAND: POST /session/ea2377afc02bbf13296b49c868bb39bc/elements - {"using":"xpath","value":"//header[contains(@id, 'ObjectPageLayout-headerTitle')]/div[1]/div[2]/div[1]/span[1]"}
RESULT: {"using":"xpath","value":"//header[contains(@id, 'ObjectPageLayout-headerTitle')]/div[1]/div[2]/div[1]/span[1]"}
COMMAND: POST /session/ea2377afc02bbf13296b49c868bb39bc/execute/sync - {"script":"<script> [56 bytes]","args":[{"element-6066-11e4-a52e-4f735466cecf":"f.E22896224DAB0D107D3E889F8C0ECED7.d.E79B38B03A11E839AFF831AE4D5330C3.e.7323","ELEMENT":"f.E22896224DAB0D107D3E889F8C0ECED7.d.E79B38B03A11E839AFF831AE4D5330C3.e.7323"}]}
RESULT: {"script":"<script> [56 bytes]","args":[{"element-6066-11e4-a52e-4f735466cecf":"f.E22896224DAB0D107D3E889F8C0ECED7.d.E79B38B03A11E839AFF831AE4D5330C3.e.7323","ELEMENT":"f.E22896224DAB0D107D3E889F8C0ECED7.d.E79B38B03A11E839AFF831AE4D5330C3.e.7323"}]}
COMMAND: GET /session/ea2377afc02bbf13296b49c868bb39bc/screenshot - {}
RESULT: {}
COMMAND: POST /session/ea2377afc02bbf13296b49c868bb39bc/element - {"using":"css selector","value":"#shell-header-logo"}
RESULT: {"using":"css selector","value":"#shell-header-logo"}
COMMAND: POST /session/ea2377afc02bbf13296b49c868bb39bc/element/f.E22896224DAB0D107D3E889F8C0ECED7.d.E79B38B03A11E839AFF831AE4D5330C3.e.6564/click - {}
RESULT: {}
COMMAND: GET /session/ea2377afc02bbf13296b49c868bb39bc/screenshot - {}
RESULT: {}
COMMAND: POST /session/ea2377afc02bbf13296b49c868bb39bc/execute/sync - {"script":"<script> [299 bytes]","args":[["getModel","getResource"]]}
RESULT: {"script":"<script> [299 bytes]","args":[["getModel","getResource"]]}
COMMAND: GET /session/ea2377afc02bbf13296b49c868bb39bc/screenshot - {}
]]></system-out>
    </testcase>
    <testcase classname="chrome.136_0_7103_93.windows.Billing_Transfer_-_Intracompany_US127249" name="Should create a new partner" time="142.783">
      <system-out><![CDATA[
COMMAND: POST /session/ea2377afc02bbf13296b49c868bb39bc/window/fullscreen - {}
RESULT: {}
RESULT: {}
COMMAND: POST /session/ea2377afc02bbf13296b49c868bb39bc/execute/async - {"script":"<script> [1562 bytes]","args":[{"selector":{"controlType":"sap.m.GenericTile","properties":{"header":"Manage Partners"}},"wdio_ui5_key":"sapm.GenericTile{\"header\":\"Manage Partners\"}"}]}
RESULT: {"script":"<script> [1562 bytes]","args":[{"selector":{"controlType":"sap.m.GenericTile","properties":{"header":"Manage Partners"}},"wdio_ui5_key":"sapm.GenericTile{\"header\":\"Manage Partners\"}"}]}
RESULT: undefined
COMMAND: POST /session/ea2377afc02bbf13296b49c868bb39bc/element - {"using":"xpath","value":"//*[@id=\"__tile38\"]"}
RESULT: {"using":"xpath","value":"//*[@id=\"__tile38\"]"}
COMMAND: POST /session/ea2377afc02bbf13296b49c868bb39bc/element/f.E22896224DAB0D107D3E889F8C0ECED7.d.E79B38B03A11E839AFF831AE4D5330C3.e.6452/click - {}
RESULT: {}
COMMAND: GET /session/ea2377afc02bbf13296b49c868bb39bc/screenshot - {}
RESULT: {}
COMMAND: POST /session/ea2377afc02bbf13296b49c868bb39bc/elements - {"using":"xpath","value":"//span[text()='Error']"}
RESULT: {"using":"xpath","value":"//span[text()='Error']"}
COMMAND: POST /session/ea2377afc02bbf13296b49c868bb39bc/element - {"using":"xpath","value":"//button[@data-kt=\"addButton\"]"}
RESULT: {"using":"xpath","value":"//button[@data-kt=\"addButton\"]"}
COMMAND: POST /session/ea2377afc02bbf13296b49c868bb39bc/elements - {"using":"xpath","value":"//button[@data-kt=\"addButton\"]"}
RESULT: {"using":"xpath","value":"//button[@data-kt=\"addButton\"]"}
COMMAND: POST /session/ea2377afc02bbf13296b49c868bb39bc/element - {"using":"xpath","value":"//button[@data-kt=\"addButton\"]"}
RESULT: {"using":"xpath","value":"//button[@data-kt=\"addButton\"]"}
COMMAND: POST /session/ea2377afc02bbf13296b49c868bb39bc/execute/sync - {"script":"<script> [8489 bytes]","args":[{"element-6066-11e4-a52e-4f735466cecf":"f.E22896224DAB0D107D3E889F8C0ECED7.d.E79B38B03A11E839AFF831AE4D5330C3.e.7362","ELEMENT":"f.E22896224DAB0D107D3E889F8C0ECED7.d.E79B38B03A11E839AFF831AE4D5330C3.e.7362"}]}
RESULT: {"script":"<script> [8489 bytes]","args":[{"element-6066-11e4-a52e-4f735466cecf":"f.E22896224DAB0D107D3E889F8C0ECED7.d.E79B38B03A11E839AFF831AE4D5330C3.e.7362","ELEMENT":"f.E22896224DAB0D107D3E889F8C0ECED7.d.E79B38B03A11E839AFF831AE4D5330C3.e.7362"}]}
COMMAND: GET /session/ea2377afc02bbf13296b49c868bb39bc/element/f.E22896224DAB0D107D3E889F8C0ECED7.d.E79B38B03A11E839AFF831AE4D5330C3.e.7362/enabled - {}
COMMAND: GET /session/ea2377afc02bbf13296b49c868bb39bc/screenshot - {}
RESULT: {}
COMMAND: POST /session/ea2377afc02bbf13296b49c868bb39bc/execute/sync - {"script":"<script> [8489 bytes]","args":[{"element-6066-11e4-a52e-4f735466cecf":"f.E22896224DAB0D107D3E889F8C0ECED7.d.E79B38B03A11E839AFF831AE4D5330C3.e.7362","ELEMENT":"f.E22896224DAB0D107D3E889F8C0ECED7.d.E79B38B03A11E839AFF831AE4D5330C3.e.7362"}]}
COMMAND: GET /session/ea2377afc02bbf13296b49c868bb39bc/screenshot - {}
RESULT: {}
RESULT: {"script":"<script> [8489 bytes]","args":[{"element-6066-11e4-a52e-4f735466cecf":"f.E22896224DAB0D107D3E889F8C0ECED7.d.E79B38B03A11E839AFF831AE4D5330C3.e.7362","ELEMENT":"f.E22896224DAB0D107D3E889F8C0ECED7.d.E79B38B03A11E839AFF831AE4D5330C3.e.7362"}]}
COMMAND: POST /session/ea2377afc02bbf13296b49c868bb39bc/execute/sync - {"script":"<script> [5351 bytes]","args":[{"element-6066-11e4-a52e-4f735466cecf":"f.E22896224DAB0D107D3E889F8C0ECED7.d.E79B38B03A11E839AFF831AE4D5330C3.e.7362","ELEMENT":"f.E22896224DAB0D107D3E889F8C0ECED7.d.E79B38B03A11E839AFF831AE4D5330C3.e.7362"}]}
COMMAND: GET /session/ea2377afc02bbf13296b49c868bb39bc/screenshot - {}
RESULT: {}
RESULT: {"script":"<script> [5351 bytes]","args":[{"element-6066-11e4-a52e-4f735466cecf":"f.E22896224DAB0D107D3E889F8C0ECED7.d.E79B38B03A11E839AFF831AE4D5330C3.e.7362","ELEMENT":"f.E22896224DAB0D107D3E889F8C0ECED7.d.E79B38B03A11E839AFF831AE4D5330C3.e.7362"}]}
COMMAND: POST /session/ea2377afc02bbf13296b49c868bb39bc/element/f.E22896224DAB0D107D3E889F8C0ECED7.d.E79B38B03A11E839AFF831AE4D5330C3.e.7362/click - {}
COMMAND: GET /session/ea2377afc02bbf13296b49c868bb39bc/screenshot - {}
RESULT: {}
RESULT: {}
COMMAND: GET /session/ea2377afc02bbf13296b49c868bb39bc/screenshot - {}
RESULT: {}
COMMAND: POST /session/ea2377afc02bbf13296b49c868bb39bc/execute/async - {"script":"<script> [1562 bytes]","args":[{"selector":{"id":"application-managepartners-display-component---NewPartner--addressDetailDetailsName1","interaction":{"idSuffix":"inner"}},"wdio_ui5_key":"applicationmanagepartners-display-component---NewPartner--addressDetailDetailsName1"}]}
RESULT: {}
RESULT: {"script":"<script> [1562 bytes]","args":[{"selector":{"id":"application-managepartners-display-component---NewPartner--addressDetailDetailsName1","interaction":{"idSuffix":"inner"}},"wdio_ui5_key":"applicationmanagepartners-display-component---NewPartner--addressDetailDetailsName1"}]}
RESULT: undefined
COMMAND: POST /session/ea2377afc02bbf13296b49c868bb39bc/execute/async - {"script":"<script> [776 bytes]","args":[{"enterText":"Intracompany Partner WDIO","selector":{"id":"application-managepartners-display-component---NewPartner--addressDetailDetailsName1","interaction":{"idSuffix":"inner"}},"clearTextFirst":true,"interactionType":"ENTER_TEXT"}]}
RESULT: {"script":"<script> [776 bytes]","args":[{"enterText":"Intracompany Partner WDIO","selector":{"id":"application-managepartners-display-component---NewPartner--addressDetailDetailsName1","interaction":{"idSuffix":"inner"}},"clearTextFirst":true,"interactionType":"ENTER_TEXT"}]}
COMMAND: POST /session/ea2377afc02bbf13296b49c868bb39bc/execute/async - {"script":"<script> [1562 bytes]","args":[{"selector":{"id":"application-managepartners-display-component---NewPartner--addressDetailDetailsLanguage-arrow"},"wdio_ui5_key":"applicationmanagepartners-display-component---NewPartner--addressDetailDetailsLanguage-arrow"}]}
RESULT: {"script":"<script> [1562 bytes]","args":[{"selector":{"id":"application-managepartners-display-component---NewPartner--addressDetailDetailsLanguage-arrow"},"wdio_ui5_key":"applicationmanagepartners-display-component---NewPartner--addressDetailDetailsLanguage-arrow"}]}
RESULT: undefined
COMMAND: POST /session/ea2377afc02bbf13296b49c868bb39bc/element - {"using":"xpath","value":"//*[@id=\"application-managepartners-display-component---NewPartner--addressDetailDetailsLanguage-arrow\"]"}
RESULT: {"using":"xpath","value":"//*[@id=\"application-managepartners-display-component---NewPartner--addressDetailDetailsLanguage-arrow\"]"}
COMMAND: POST /session/ea2377afc02bbf13296b49c868bb39bc/element/f.E22896224DAB0D107D3E889F8C0ECED7.d.E79B38B03A11E839AFF831AE4D5330C3.e.7814/click - {}
RESULT: {}
COMMAND: POST /session/ea2377afc02bbf13296b49c868bb39bc/element - {"using":"xpath","value":"//span[contains(text(), \"English\")]"}
COMMAND: GET /session/ea2377afc02bbf13296b49c868bb39bc/screenshot - {}
RESULT: {"using":"xpath","value":"//span[contains(text(), \"English\")]"}
COMMAND: POST /session/ea2377afc02bbf13296b49c868bb39bc/element/f.E22896224DAB0D107D3E889F8C0ECED7.d.E79B38B03A11E839AFF831AE4D5330C3.e.7815/click - {}
RESULT: {}
RESULT: {}
COMMAND: GET /session/ea2377afc02bbf13296b49c868bb39bc/screenshot - {}
RESULT: {}
COMMAND: POST /session/ea2377afc02bbf13296b49c868bb39bc/execute/async - {"script":"<script> [1562 bytes]","args":[{"selector":{"id":"application-managepartners-display-component---NewPartner--addressDetailDetailsCity1","interaction":{"idSuffix":"inner"}},"wdio_ui5_key":"applicationmanagepartners-display-component---NewPartner--addressDetailDetailsCity1"}]}
RESULT: {"script":"<script> [1562 bytes]","args":[{"selector":{"id":"application-managepartners-display-component---NewPartner--addressDetailDetailsCity1","interaction":{"idSuffix":"inner"}},"wdio_ui5_key":"applicationmanagepartners-display-component---NewPartner--addressDetailDetailsCity1"}]}
RESULT: undefined
COMMAND: POST /session/ea2377afc02bbf13296b49c868bb39bc/execute/async - {"script":"<script> [776 bytes]","args":[{"enterText":"Rosario","selector":{"id":"application-managepartners-display-component---NewPartner--addressDetailDetailsCity1","interaction":{"idSuffix":"inner"}},"clearTextFirst":true,"interactionType":"ENTER_TEXT"}]}
RESULT: {"script":"<script> [776 bytes]","args":[{"enterText":"Rosario","selector":{"id":"application-managepartners-display-component---NewPartner--addressDetailDetailsCity1","interaction":{"idSuffix":"inner"}},"clearTextFirst":true,"interactionType":"ENTER_TEXT"}]}
COMMAND: POST /session/ea2377afc02bbf13296b49c868bb39bc/execute/async - {"script":"<script> [1562 bytes]","args":[{"selector":{"id":"application-managepartners-display-component---NewPartner--addressDetailDetailsCountry-arrow"},"wdio_ui5_key":"applicationmanagepartners-display-component---NewPartner--addressDetailDetailsCountry-arrow"}]}
RESULT: {"script":"<script> [1562 bytes]","args":[{"selector":{"id":"application-managepartners-display-component---NewPartner--addressDetailDetailsCountry-arrow"},"wdio_ui5_key":"applicationmanagepartners-display-component---NewPartner--addressDetailDetailsCountry-arrow"}]}
RESULT: undefined
COMMAND: POST /session/ea2377afc02bbf13296b49c868bb39bc/element - {"using":"xpath","value":"//*[@id=\"application-managepartners-display-component---NewPartner--addressDetailDetailsCountry-arrow\"]"}
RESULT: {"using":"xpath","value":"//*[@id=\"application-managepartners-display-component---NewPartner--addressDetailDetailsCountry-arrow\"]"}
COMMAND: POST /session/ea2377afc02bbf13296b49c868bb39bc/element/f.E22896224DAB0D107D3E889F8C0ECED7.d.E79B38B03A11E839AFF831AE4D5330C3.e.7782/click - {}
RESULT: {}
COMMAND: POST /session/ea2377afc02bbf13296b49c868bb39bc/element - {"using":"xpath","value":"//span[contains(text(), \"Argentina\")]"}
COMMAND: GET /session/ea2377afc02bbf13296b49c868bb39bc/screenshot - {}
RESULT: {"using":"xpath","value":"//span[contains(text(), \"Argentina\")]"}
COMMAND: POST /session/ea2377afc02bbf13296b49c868bb39bc/element/f.E22896224DAB0D107D3E889F8C0ECED7.d.E79B38B03A11E839AFF831AE4D5330C3.e.7817/click - {}
RESULT: {}
RESULT: {}
COMMAND: GET /session/ea2377afc02bbf13296b49c868bb39bc/screenshot - {}
RESULT: {}
COMMAND: POST /session/ea2377afc02bbf13296b49c868bb39bc/element - {"using":"xpath","value":"//bdi[contains(text(), \"Commercial\")]"}
RESULT: {"using":"xpath","value":"//bdi[contains(text(), \"Commercial\")]"}
COMMAND: POST /session/ea2377afc02bbf13296b49c868bb39bc/element/f.E22896224DAB0D107D3E889F8C0ECED7.d.E79B38B03A11E839AFF831AE4D5330C3.e.7818/click - {}
RESULT: {}
COMMAND: GET /session/ea2377afc02bbf13296b49c868bb39bc/screenshot - {}
RESULT: {}
COMMAND: POST /session/ea2377afc02bbf13296b49c868bb39bc/execute/async - {"script":"<script> [1562 bytes]","args":[{"selector":{"id":"application-managepartners-display-component---NewPartner--partnerDetailInternal-arrow"},"wdio_ui5_key":"applicationmanagepartners-display-component---NewPartner--partnerDetailInternal-arrow"}]}
RESULT: {"script":"<script> [1562 bytes]","args":[{"selector":{"id":"application-managepartners-display-component---NewPartner--partnerDetailInternal-arrow"},"wdio_ui5_key":"applicationmanagepartners-display-component---NewPartner--partnerDetailInternal-arrow"}]}
RESULT: undefined
COMMAND: POST /session/ea2377afc02bbf13296b49c868bb39bc/element - {"using":"xpath","value":"//*[@id=\"application-managepartners-display-component---NewPartner--partnerDetailInternal-arrow\"]"}
RESULT: {"using":"xpath","value":"//*[@id=\"application-managepartners-display-component---NewPartner--partnerDetailInternal-arrow\"]"}
COMMAND: POST /session/ea2377afc02bbf13296b49c868bb39bc/element/f.E22896224DAB0D107D3E889F8C0ECED7.d.E79B38B03A11E839AFF831AE4D5330C3.e.7824/click - {}
RESULT: {}
COMMAND: POST /session/ea2377afc02bbf13296b49c868bb39bc/element - {"using":"xpath","value":"//span[contains(text(), \"Affiliated company\")]"}
COMMAND: GET /session/ea2377afc02bbf13296b49c868bb39bc/screenshot - {}
RESULT: {"using":"xpath","value":"//span[contains(text(), \"Affiliated company\")]"}
COMMAND: POST /session/ea2377afc02bbf13296b49c868bb39bc/element/f.E22896224DAB0D107D3E889F8C0ECED7.d.E79B38B03A11E839AFF831AE4D5330C3.e.7827/click - {}
RESULT: {}
RESULT: {}
COMMAND: POST /session/ea2377afc02bbf13296b49c868bb39bc/execute/async - {"script":"<script> [1562 bytes]","args":[{"selector":{"id":"application-managepartners-display-component---NewPartner--partnerDetailsCurrency-arrow"},"wdio_ui5_key":"applicationmanagepartners-display-component---NewPartner--partnerDetailsCurrency-arrow"}]}
COMMAND: GET /session/ea2377afc02bbf13296b49c868bb39bc/screenshot - {}
RESULT: {"script":"<script> [1562 bytes]","args":[{"selector":{"id":"application-managepartners-display-component---NewPartner--partnerDetailsCurrency-arrow"},"wdio_ui5_key":"applicationmanagepartners-display-component---NewPartner--partnerDetailsCurrency-arrow"}]}
RESULT: undefined
COMMAND: POST /session/ea2377afc02bbf13296b49c868bb39bc/element - {"using":"xpath","value":"//*[@id=\"application-managepartners-display-component---NewPartner--partnerDetailsCurrency-arrow\"]"}
RESULT: {}
RESULT: {"using":"xpath","value":"//*[@id=\"application-managepartners-display-component---NewPartner--partnerDetailsCurrency-arrow\"]"}
COMMAND: POST /session/ea2377afc02bbf13296b49c868bb39bc/element/f.E22896224DAB0D107D3E889F8C0ECED7.d.E79B38B03A11E839AFF831AE4D5330C3.e.7834/click - {}
RESULT: {}
COMMAND: POST /session/ea2377afc02bbf13296b49c868bb39bc/element - {"using":"xpath","value":"//span[contains(text(), \"Euro\")]"}
COMMAND: GET /session/ea2377afc02bbf13296b49c868bb39bc/screenshot - {}
RESULT: {"using":"xpath","value":"//span[contains(text(), \"Euro\")]"}
COMMAND: POST /session/ea2377afc02bbf13296b49c868bb39bc/element/f.E22896224DAB0D107D3E889F8C0ECED7.d.E79B38B03A11E839AFF831AE4D5330C3.e.7835/click - {}
RESULT: {}
RESULT: {}
COMMAND: POST /session/ea2377afc02bbf13296b49c868bb39bc/execute/async - {"script":"<script> [1562 bytes]","args":[{"selector":{"id":"application-managepartners-display-component---NewPartner--addressEditDetailsCostObjectCstType-arrow"},"wdio_ui5_key":"applicationmanagepartners-display-component---NewPartner--addressEditDetailsCostObjectCstType-arrow"}]}
COMMAND: GET /session/ea2377afc02bbf13296b49c868bb39bc/screenshot - {}
RESULT: {"script":"<script> [1562 bytes]","args":[{"selector":{"id":"application-managepartners-display-component---NewPartner--addressEditDetailsCostObjectCstType-arrow"},"wdio_ui5_key":"applicationmanagepartners-display-component---NewPartner--addressEditDetailsCostObjectCstType-arrow"}]}
RESULT: undefined
COMMAND: POST /session/ea2377afc02bbf13296b49c868bb39bc/element - {"using":"xpath","value":"//*[@id=\"application-managepartners-display-component---NewPartner--addressEditDetailsCostObjectCstType-arrow\"]"}
RESULT: {}
RESULT: {"using":"xpath","value":"//*[@id=\"application-managepartners-display-component---NewPartner--addressEditDetailsCostObjectCstType-arrow\"]"}
COMMAND: POST /session/ea2377afc02bbf13296b49c868bb39bc/element/f.E22896224DAB0D107D3E889F8C0ECED7.d.E79B38B03A11E839AFF831AE4D5330C3.e.7836/click - {}
RESULT: {}
COMMAND: POST /session/ea2377afc02bbf13296b49c868bb39bc/element - {"using":"xpath","value":"//span[contains(text(), \"Cost Center\")]"}
COMMAND: GET /session/ea2377afc02bbf13296b49c868bb39bc/screenshot - {}
RESULT: {"using":"xpath","value":"//span[contains(text(), \"Cost Center\")]"}
COMMAND: POST /session/ea2377afc02bbf13296b49c868bb39bc/element/f.E22896224DAB0D107D3E889F8C0ECED7.d.E79B38B03A11E839AFF831AE4D5330C3.e.7837/click - {}
RESULT: {}
RESULT: {}
COMMAND: GET /session/ea2377afc02bbf13296b49c868bb39bc/screenshot - {}
RESULT: {}
COMMAND: POST /session/ea2377afc02bbf13296b49c868bb39bc/element - {"using":"xpath","value":"//span[@id=\"application-managepartners-display-component---NewPartner--addressNewCostObjectCstID-vhi\"]"}
RESULT: {"using":"xpath","value":"//span[@id=\"application-managepartners-display-component---NewPartner--addressNewCostObjectCstID-vhi\"]"}
COMMAND: POST /session/ea2377afc02bbf13296b49c868bb39bc/execute/sync - {"script":"<script> [8489 bytes]","args":[{"element-6066-11e4-a52e-4f735466cecf":"f.E22896224DAB0D107D3E889F8C0ECED7.d.E79B38B03A11E839AFF831AE4D5330C3.e.7841","ELEMENT":"f.E22896224DAB0D107D3E889F8C0ECED7.d.E79B38B03A11E839AFF831AE4D5330C3.e.7841"}]}
RESULT: {"script":"<script> [8489 bytes]","args":[{"element-6066-11e4-a52e-4f735466cecf":"f.E22896224DAB0D107D3E889F8C0ECED7.d.E79B38B03A11E839AFF831AE4D5330C3.e.7841","ELEMENT":"f.E22896224DAB0D107D3E889F8C0ECED7.d.E79B38B03A11E839AFF831AE4D5330C3.e.7841"}]}
COMMAND: POST /session/ea2377afc02bbf13296b49c868bb39bc/execute/async - {"script":"<script> [1562 bytes]","args":[{"selector":{"id":"application-managepartners-display-component---NewPartner--addressNewCostObjectCstID-vhi"},"wdio_ui5_key":"applicationmanagepartners-display-component---NewPartner--addressNewCostObjectCstID-vhi"}]}
COMMAND: GET /session/ea2377afc02bbf13296b49c868bb39bc/screenshot - {}
RESULT: {"script":"<script> [1562 bytes]","args":[{"selector":{"id":"application-managepartners-display-component---NewPartner--addressNewCostObjectCstID-vhi"},"wdio_ui5_key":"applicationmanagepartners-display-component---NewPartner--addressNewCostObjectCstID-vhi"}]}
RESULT: undefined
COMMAND: POST /session/ea2377afc02bbf13296b49c868bb39bc/element - {"using":"xpath","value":"//*[@id=\"application-managepartners-display-component---NewPartner--addressNewCostObjectCstID-vhi\"]"}
RESULT: {}
RESULT: {"using":"xpath","value":"//*[@id=\"application-managepartners-display-component---NewPartner--addressNewCostObjectCstID-vhi\"]"}
COMMAND: POST /session/ea2377afc02bbf13296b49c868bb39bc/element/f.E22896224DAB0D107D3E889F8C0ECED7.d.E79B38B03A11E839AFF831AE4D5330C3.e.7841/click - {}
RESULT: {}
COMMAND: GET /session/ea2377afc02bbf13296b49c868bb39bc/screenshot - {}
RESULT: {}
RESULT: undefined
COMMAND: POST /session/ea2377afc02bbf13296b49c868bb39bc/execute/async - {"script":"<script> [776 bytes]","args":[{"enterText":"10001013","selector":{"controlType":"sap.m.SearchField","properties":{"placeholder":"Search"},"searchOpenDialogs":true,"interaction":{"idSuffix":"I"}},"clearTextFirst":true,"interactionType":"ENTER_TEXT"}]}
RESULT: {"script":"<script> [776 bytes]","args":[{"enterText":"10001013","selector":{"controlType":"sap.m.SearchField","properties":{"placeholder":"Search"},"searchOpenDialogs":true,"interaction":{"idSuffix":"I"}},"clearTextFirst":true,"interactionType":"ENTER_TEXT"}]}
COMMAND: POST /session/ea2377afc02bbf13296b49c868bb39bc/actions - {"actions":[{"id":"action24","type":"key","parameters":{},"actions":[{"type":"keyDown","value":"î€‡"},{"type":"pause","duration":10},{"type":"keyUp","value":"î€‡"}]}]}
RESULT: {"actions":[{"id":"action24","type":"key","parameters":{},"actions":[{"type":"keyDown","value":"î€‡"},{"type":"pause","duration":10},{"type":"keyUp","value":"î€‡"}]}]}
COMMAND: GET /session/ea2377afc02bbf13296b49c868bb39bc/screenshot - {}
RESULT: {}
COMMAND: POST /session/ea2377afc02bbf13296b49c868bb39bc/element - {"using":"xpath","value":"//span[contains(text(), \"General Management\")]"}
RESULT: {"using":"xpath","value":"//span[contains(text(), \"General Management\")]"}
COMMAND: POST /session/ea2377afc02bbf13296b49c868bb39bc/element/f.E22896224DAB0D107D3E889F8C0ECED7.d.E79B38B03A11E839AFF831AE4D5330C3.e.7880/click - {}
RESULT: {}
COMMAND: GET /session/ea2377afc02bbf13296b49c868bb39bc/screenshot - {}
RESULT: {}
COMMAND: POST /session/ea2377afc02bbf13296b49c868bb39bc/element - {"using":"xpath","value":"//bdi[contains(text(), \"OK\")]"}
RESULT: {"using":"xpath","value":"//bdi[contains(text(), \"OK\")]"}
COMMAND: POST /session/ea2377afc02bbf13296b49c868bb39bc/element/f.E22896224DAB0D107D3E889F8C0ECED7.d.E79B38B03A11E839AFF831AE4D5330C3.e.7881/click - {}
RESULT: {}
COMMAND: GET /session/ea2377afc02bbf13296b49c868bb39bc/screenshot - {}
RESULT: {}
COMMAND: POST /session/ea2377afc02bbf13296b49c868bb39bc/element - {"using":"xpath","value":"//input[@id=\"application-managepartners-display-component---NewPartner--companyCodeComboBox-inner\"]"}
RESULT: {"using":"xpath","value":"//input[@id=\"application-managepartners-display-component---NewPartner--companyCodeComboBox-inner\"]"}
COMMAND: POST /session/ea2377afc02bbf13296b49c868bb39bc/element/f.E22896224DAB0D107D3E889F8C0ECED7.d.E79B38B03A11E839AFF831AE4D5330C3.e.7720/clear - {}
RESULT: {}
COMMAND: POST /session/ea2377afc02bbf13296b49c868bb39bc/element/f.E22896224DAB0D107D3E889F8C0ECED7.d.E79B38B03A11E839AFF831AE4D5330C3.e.7720/value - {"text":"1000"}
COMMAND: GET /session/ea2377afc02bbf13296b49c868bb39bc/screenshot - {}
RESULT: {"text":"1000"}
COMMAND: GET /session/ea2377afc02bbf13296b49c868bb39bc/screenshot - {}
RESULT: {}
RESULT: {}
COMMAND: POST /session/ea2377afc02bbf13296b49c868bb39bc/element - {"using":"xpath","value":"//li[.//span[text()= \"1000\"]]"}
RESULT: {"using":"xpath","value":"//li[.//span[text()= \"1000\"]]"}
COMMAND: POST /session/ea2377afc02bbf13296b49c868bb39bc/element/f.E22896224DAB0D107D3E889F8C0ECED7.d.E79B38B03A11E839AFF831AE4D5330C3.e.7887/click - {}
RESULT: {}
COMMAND: GET /session/ea2377afc02bbf13296b49c868bb39bc/screenshot - {}
RESULT: {}
COMMAND: POST /session/ea2377afc02bbf13296b49c868bb39bc/execute/async - {"script":"<script> [1562 bytes]","args":[{"selector":{"id":"application-managepartners-display-component---NewPartner--btnAddTableRow-img"},"wdio_ui5_key":"applicationmanagepartners-display-component---NewPartner--btnAddTableRow-img"}]}
RESULT: {"script":"<script> [1562 bytes]","args":[{"selector":{"id":"application-managepartners-display-component---NewPartner--btnAddTableRow-img"},"wdio_ui5_key":"applicationmanagepartners-display-component---NewPartner--btnAddTableRow-img"}]}
RESULT: undefined
COMMAND: POST /session/ea2377afc02bbf13296b49c868bb39bc/element - {"using":"xpath","value":"//*[@id=\"application-managepartners-display-component---NewPartner--btnAddTableRow-img\"]"}
RESULT: {"using":"xpath","value":"//*[@id=\"application-managepartners-display-component---NewPartner--btnAddTableRow-img\"]"}
COMMAND: POST /session/ea2377afc02bbf13296b49c868bb39bc/element/f.E22896224DAB0D107D3E889F8C0ECED7.d.E79B38B03A11E839AFF831AE4D5330C3.e.7888/click - {}
RESULT: {}
COMMAND: GET /session/ea2377afc02bbf13296b49c868bb39bc/screenshot - {}
RESULT: {}
COMMAND: POST /session/ea2377afc02bbf13296b49c868bb39bc/element - {"using":"xpath","value":"//input[@id=\"application-managepartners-display-component---NewPartner--assignmentYard-application-managepartners-display-component---NewPartner--assignmentsTable-0-inner\"]"}
RESULT: {"using":"xpath","value":"//input[@id=\"application-managepartners-display-component---NewPartner--assignmentYard-application-managepartners-display-component---NewPartner--assignmentsTable-0-inner\"]"}
COMMAND: POST /session/ea2377afc02bbf13296b49c868bb39bc/element/f.E22896224DAB0D107D3E889F8C0ECED7.d.E79B38B03A11E839AFF831AE4D5330C3.e.7891/clear - {}
RESULT: {}
COMMAND: POST /session/ea2377afc02bbf13296b49c868bb39bc/element/f.E22896224DAB0D107D3E889F8C0ECED7.d.E79B38B03A11E839AFF831AE4D5330C3.e.7891/value - {"text":"576"}
COMMAND: GET /session/ea2377afc02bbf13296b49c868bb39bc/screenshot - {}
RESULT: {"text":"576"}
COMMAND: GET /session/ea2377afc02bbf13296b49c868bb39bc/screenshot - {}
RESULT: {}
RESULT: {}
COMMAND: POST /session/ea2377afc02bbf13296b49c868bb39bc/element - {"using":"xpath","value":"//li[.//span[text()='576']]"}
RESULT: {"using":"xpath","value":"//li[.//span[text()='576']]"}
COMMAND: POST /session/ea2377afc02bbf13296b49c868bb39bc/element/f.E22896224DAB0D107D3E889F8C0ECED7.d.E79B38B03A11E839AFF831AE4D5330C3.e.7900/click - {}
RESULT: {}
COMMAND: GET /session/ea2377afc02bbf13296b49c868bb39bc/screenshot - {}
RESULT: {}
COMMAND: POST /session/ea2377afc02bbf13296b49c868bb39bc/actions - {"actions":[{"id":"action25","type":"key","parameters":{},"actions":[{"type":"keyDown","value":"î€‡"},{"type":"pause","duration":10},{"type":"keyUp","value":"î€‡"}]}]}
RESULT: {"actions":[{"id":"action25","type":"key","parameters":{},"actions":[{"type":"keyDown","value":"î€‡"},{"type":"pause","duration":10},{"type":"keyUp","value":"î€‡"}]}]}
COMMAND: POST /session/ea2377afc02bbf13296b49c868bb39bc/execute/async - {"script":"<script> [1562 bytes]","args":[{"selector":{"id":"application-managepartners-display-component---NewPartner--externalCustomerComboBox-application-managepartners-display-component---NewPartner--assignmentsTable-0-vhi"},"wdio_ui5_key":"applicationmanagepartners-display-component---NewPartner--externalCustomerComboBox-application-managepartners-display-component---NewPartner--assignmentsTable-0-vhi"}]}
COMMAND: GET /session/ea2377afc02bbf13296b49c868bb39bc/screenshot - {}
RESULT: {"script":"<script> [1562 bytes]","args":[{"selector":{"id":"application-managepartners-display-component---NewPartner--externalCustomerComboBox-application-managepartners-display-component---NewPartner--assignmentsTable-0-vhi"},"wdio_ui5_key":"applicationmanagepartners-display-component---NewPartner--externalCustomerComboBox-application-managepartners-display-component---NewPartner--assignmentsTable-0-vhi"}]}
RESULT: undefined
COMMAND: POST /session/ea2377afc02bbf13296b49c868bb39bc/element - {"using":"xpath","value":"//*[@id=\"application-managepartners-display-component---NewPartner--externalCustomerComboBox-application-managepartners-display-component---NewPartner--assignmentsTable-0-vhi\"]"}
RESULT: {}
RESULT: {"using":"xpath","value":"//*[@id=\"application-managepartners-display-component---NewPartner--externalCustomerComboBox-application-managepartners-display-component---NewPartner--assignmentsTable-0-vhi\"]"}
COMMAND: POST /session/ea2377afc02bbf13296b49c868bb39bc/element/f.E22896224DAB0D107D3E889F8C0ECED7.d.E79B38B03A11E839AFF831AE4D5330C3.e.7904/click - {}
RESULT: {}
RESULT: undefined
COMMAND: POST /session/ea2377afc02bbf13296b49c868bb39bc/execute/async - {"script":"<script> [776 bytes]","args":[{"enterText":"300003","selector":{"controlType":"sap.m.SearchField","properties":{"placeholder":"Search"},"searchOpenDialogs":true,"interaction":{"idSuffix":"I"}},"clearTextFirst":true,"interactionType":"ENTER_TEXT"}]}
COMMAND: GET /session/ea2377afc02bbf13296b49c868bb39bc/screenshot - {}
RESULT: {"script":"<script> [776 bytes]","args":[{"enterText":"300003","selector":{"controlType":"sap.m.SearchField","properties":{"placeholder":"Search"},"searchOpenDialogs":true,"interaction":{"idSuffix":"I"}},"clearTextFirst":true,"interactionType":"ENTER_TEXT"}]}
COMMAND: POST /session/ea2377afc02bbf13296b49c868bb39bc/actions - {"actions":[{"id":"action26","type":"key","parameters":{},"actions":[{"type":"keyDown","value":"î€‡"},{"type":"pause","duration":10},{"type":"keyUp","value":"î€‡"}]}]}
RESULT: {}
RESULT: {"actions":[{"id":"action26","type":"key","parameters":{},"actions":[{"type":"keyDown","value":"î€‡"},{"type":"pause","duration":10},{"type":"keyUp","value":"î€‡"}]}]}
COMMAND: GET /session/ea2377afc02bbf13296b49c868bb39bc/screenshot - {}
RESULT: {}
COMMAND: POST /session/ea2377afc02bbf13296b49c868bb39bc/element - {"using":"xpath","value":"//span[contains(text(), \"300003\")]"}
RESULT: {"using":"xpath","value":"//span[contains(text(), \"300003\")]"}
COMMAND: POST /session/ea2377afc02bbf13296b49c868bb39bc/element/f.E22896224DAB0D107D3E889F8C0ECED7.d.E79B38B03A11E839AFF831AE4D5330C3.e.7922/click - {}
RESULT: {}
COMMAND: GET /session/ea2377afc02bbf13296b49c868bb39bc/screenshot - {}
RESULT: {}
COMMAND: POST /session/ea2377afc02bbf13296b49c868bb39bc/element - {"using":"xpath","value":"//bdi[contains(text(), \"OK\")]"}
RESULT: {"using":"xpath","value":"//bdi[contains(text(), \"OK\")]"}
COMMAND: POST /session/ea2377afc02bbf13296b49c868bb39bc/element/f.E22896224DAB0D107D3E889F8C0ECED7.d.E79B38B03A11E839AFF831AE4D5330C3.e.7924/click - {}
RESULT: {}
COMMAND: GET /session/ea2377afc02bbf13296b49c868bb39bc/screenshot - {}
RESULT: {}
COMMAND: POST /session/ea2377afc02bbf13296b49c868bb39bc/execute/async - {"script":"<script> [1562 bytes]","args":[{"selector":{"id":"application-managepartners-display-component---NewPartner--intercompVendorComboBox-application-managepartners-display-component---NewPartner--assignmentsTable-0-vhi"},"wdio_ui5_key":"applicationmanagepartners-display-component---NewPartner--intercompVendorComboBox-application-managepartners-display-component---NewPartner--assignmentsTable-0-vhi"}]}
RESULT: {"script":"<script> [1562 bytes]","args":[{"selector":{"id":"application-managepartners-display-component---NewPartner--intercompVendorComboBox-application-managepartners-display-component---NewPartner--assignmentsTable-0-vhi"},"wdio_ui5_key":"applicationmanagepartners-display-component---NewPartner--intercompVendorComboBox-application-managepartners-display-component---NewPartner--assignmentsTable-0-vhi"}]}
RESULT: undefined
COMMAND: POST /session/ea2377afc02bbf13296b49c868bb39bc/element - {"using":"xpath","value":"//*[@id=\"application-managepartners-display-component---NewPartner--intercompVendorComboBox-application-managepartners-display-component---NewPartner--assignmentsTable-0-vhi\"]"}
RESULT: {"using":"xpath","value":"//*[@id=\"application-managepartners-display-component---NewPartner--intercompVendorComboBox-application-managepartners-display-component---NewPartner--assignmentsTable-0-vhi\"]"}
COMMAND: POST /session/ea2377afc02bbf13296b49c868bb39bc/element/f.E22896224DAB0D107D3E889F8C0ECED7.d.E79B38B03A11E839AFF831AE4D5330C3.e.7927/click - {}
RESULT: {}
RESULT: undefined
COMMAND: POST /session/ea2377afc02bbf13296b49c868bb39bc/execute/async - {"script":"<script> [776 bytes]","args":[{"enterText":"100005","selector":{"controlType":"sap.m.SearchField","properties":{"placeholder":"Search"},"searchOpenDialogs":true,"interaction":{"idSuffix":"I"}},"clearTextFirst":true,"interactionType":"ENTER_TEXT"}]}
COMMAND: GET /session/ea2377afc02bbf13296b49c868bb39bc/screenshot - {}
RESULT: {"script":"<script> [776 bytes]","args":[{"enterText":"100005","selector":{"controlType":"sap.m.SearchField","properties":{"placeholder":"Search"},"searchOpenDialogs":true,"interaction":{"idSuffix":"I"}},"clearTextFirst":true,"interactionType":"ENTER_TEXT"}]}
COMMAND: POST /session/ea2377afc02bbf13296b49c868bb39bc/actions - {"actions":[{"id":"action27","type":"key","parameters":{},"actions":[{"type":"keyDown","value":"î€‡"},{"type":"pause","duration":10},{"type":"keyUp","value":"î€‡"}]}]}
RESULT: {}
RESULT: {"actions":[{"id":"action27","type":"key","parameters":{},"actions":[{"type":"keyDown","value":"î€‡"},{"type":"pause","duration":10},{"type":"keyUp","value":"î€‡"}]}]}
COMMAND: GET /session/ea2377afc02bbf13296b49c868bb39bc/screenshot - {}
RESULT: {}
COMMAND: POST /session/ea2377afc02bbf13296b49c868bb39bc/element - {"using":"xpath","value":"//span[contains(text(), \"Penguins - Field/12345 Berlin\")]"}
RESULT: {"using":"xpath","value":"//span[contains(text(), \"Penguins - Field/12345 Berlin\")]"}
COMMAND: POST /session/ea2377afc02bbf13296b49c868bb39bc/element/f.E22896224DAB0D107D3E889F8C0ECED7.d.E79B38B03A11E839AFF831AE4D5330C3.e.7945/click - {}
RESULT: {}
COMMAND: GET /session/ea2377afc02bbf13296b49c868bb39bc/screenshot - {}
RESULT: {}
COMMAND: POST /session/ea2377afc02bbf13296b49c868bb39bc/element - {"using":"xpath","value":"//bdi[contains(text(), \"OK\")]"}
RESULT: {"using":"xpath","value":"//bdi[contains(text(), \"OK\")]"}
COMMAND: POST /session/ea2377afc02bbf13296b49c868bb39bc/element/f.E22896224DAB0D107D3E889F8C0ECED7.d.E79B38B03A11E839AFF831AE4D5330C3.e.7946/click - {}
RESULT: {}
COMMAND: GET /session/ea2377afc02bbf13296b49c868bb39bc/screenshot - {}
RESULT: {}
COMMAND: POST /session/ea2377afc02bbf13296b49c868bb39bc/element - {"using":"xpath","value":"//button[@data-kt=\"saveButton\"]"}
RESULT: {"using":"xpath","value":"//button[@data-kt=\"saveButton\"]"}
COMMAND: POST /session/ea2377afc02bbf13296b49c868bb39bc/element/f.E22896224DAB0D107D3E889F8C0ECED7.d.E79B38B03A11E839AFF831AE4D5330C3.e.7778/click - {}
RESULT: {}
COMMAND: GET /session/ea2377afc02bbf13296b49c868bb39bc/screenshot - {}
RESULT: {}
COMMAND: POST /session/ea2377afc02bbf13296b49c868bb39bc/element - {"using":"xpath","value":"//header[contains(@id, 'ObjectPageLayout-headerTitle')]/div[1]/div[2]/div[2]/span[1]"}
RESULT: {"using":"xpath","value":"//header[contains(@id, 'ObjectPageLayout-headerTitle')]/div[1]/div[2]/div[2]/span[1]"}
COMMAND: POST /session/ea2377afc02bbf13296b49c868bb39bc/elements - {"using":"xpath","value":"//header[contains(@id, 'ObjectPageLayout-headerTitle')]/div[1]/div[2]/div[2]/span[1]"}
RESULT: {"using":"xpath","value":"//header[contains(@id, 'ObjectPageLayout-headerTitle')]/div[1]/div[2]/div[2]/span[1]"}
COMMAND: POST /session/ea2377afc02bbf13296b49c868bb39bc/execute/sync - {"script":"<script> [56 bytes]","args":[{"element-6066-11e4-a52e-4f735466cecf":"f.E22896224DAB0D107D3E889F8C0ECED7.d.E79B38B03A11E839AFF831AE4D5330C3.e.8110","ELEMENT":"f.E22896224DAB0D107D3E889F8C0ECED7.d.E79B38B03A11E839AFF831AE4D5330C3.e.8110"}]}
RESULT: {"script":"<script> [56 bytes]","args":[{"element-6066-11e4-a52e-4f735466cecf":"f.E22896224DAB0D107D3E889F8C0ECED7.d.E79B38B03A11E839AFF831AE4D5330C3.e.8110","ELEMENT":"f.E22896224DAB0D107D3E889F8C0ECED7.d.E79B38B03A11E839AFF831AE4D5330C3.e.8110"}]}
COMMAND: POST /session/ea2377afc02bbf13296b49c868bb39bc/element - {"using":"css selector","value":"#shell-header-logo"}
COMMAND: GET /session/ea2377afc02bbf13296b49c868bb39bc/screenshot - {}
RESULT: {"using":"css selector","value":"#shell-header-logo"}
COMMAND: POST /session/ea2377afc02bbf13296b49c868bb39bc/element/f.E22896224DAB0D107D3E889F8C0ECED7.d.E79B38B03A11E839AFF831AE4D5330C3.e.7327/click - {}
RESULT: {}
RESULT: {}
COMMAND: GET /session/ea2377afc02bbf13296b49c868bb39bc/screenshot - {}
RESULT: {}
COMMAND: POST /session/ea2377afc02bbf13296b49c868bb39bc/execute/sync - {"script":"<script> [299 bytes]","args":[["getModel","getResource"]]}
RESULT: {"script":"<script> [299 bytes]","args":[["getModel","getResource"]]}
]]></system-out>
    </testcase>
    <testcase classname="chrome.136_0_7103_93.windows.Billing_Transfer_-_Intracompany_US127249" name="Should create a new site" time="159.195">
      <system-out><![CDATA[
COMMAND: GET /session/ea2377afc02bbf13296b49c868bb39bc/screenshot - {}
COMMAND: POST /session/ea2377afc02bbf13296b49c868bb39bc/execute/async - {"script":"<script> [1562 bytes]","args":[{"selector":{"controlType":"sap.m.GenericTile","properties":{"header":"Manage Sites"}},"wdio_ui5_key":"sapm.GenericTile{\"header\":\"Manage Sites\"}"}]}
RESULT: {}
RESULT: {"script":"<script> [1562 bytes]","args":[{"selector":{"controlType":"sap.m.GenericTile","properties":{"header":"Manage Sites"}},"wdio_ui5_key":"sapm.GenericTile{\"header\":\"Manage Sites\"}"}]}
RESULT: undefined
COMMAND: POST /session/ea2377afc02bbf13296b49c868bb39bc/element - {"using":"xpath","value":"//*[@id=\"__tile40\"]"}
RESULT: {"using":"xpath","value":"//*[@id=\"__tile40\"]"}
COMMAND: POST /session/ea2377afc02bbf13296b49c868bb39bc/element/f.E22896224DAB0D107D3E889F8C0ECED7.d.E79B38B03A11E839AFF831AE4D5330C3.e.6458/click - {}
RESULT: {}
COMMAND: GET /session/ea2377afc02bbf13296b49c868bb39bc/screenshot - {}
RESULT: {}
COMMAND: POST /session/ea2377afc02bbf13296b49c868bb39bc/elements - {"using":"xpath","value":"//span[text()='Error']"}
RESULT: {"using":"xpath","value":"//span[text()='Error']"}
COMMAND: POST /session/ea2377afc02bbf13296b49c868bb39bc/element - {"using":"xpath","value":"//button[@data-kt=\"addOverflowToolbarButton\"]"}
RESULT: {"using":"xpath","value":"//button[@data-kt=\"addOverflowToolbarButton\"]"}
COMMAND: POST /session/ea2377afc02bbf13296b49c868bb39bc/elements - {"using":"xpath","value":"//button[@data-kt=\"addOverflowToolbarButton\"]"}
RESULT: {"using":"xpath","value":"//button[@data-kt=\"addOverflowToolbarButton\"]"}
COMMAND: POST /session/ea2377afc02bbf13296b49c868bb39bc/execute/sync - {"script":"<script> [8489 bytes]","args":[{"element-6066-11e4-a52e-4f735466cecf":"f.E22896224DAB0D107D3E889F8C0ECED7.d.E79B38B03A11E839AFF831AE4D5330C3.e.8157","ELEMENT":"f.E22896224DAB0D107D3E889F8C0ECED7.d.E79B38B03A11E839AFF831AE4D5330C3.e.8157"}]}
RESULT: {"script":"<script> [8489 bytes]","args":[{"element-6066-11e4-a52e-4f735466cecf":"f.E22896224DAB0D107D3E889F8C0ECED7.d.E79B38B03A11E839AFF831AE4D5330C3.e.8157","ELEMENT":"f.E22896224DAB0D107D3E889F8C0ECED7.d.E79B38B03A11E839AFF831AE4D5330C3.e.8157"}]}
COMMAND: GET /session/ea2377afc02bbf13296b49c868bb39bc/element/f.E22896224DAB0D107D3E889F8C0ECED7.d.E79B38B03A11E839AFF831AE4D5330C3.e.8157/enabled - {}
COMMAND: GET /session/ea2377afc02bbf13296b49c868bb39bc/screenshot - {}
RESULT: {}
COMMAND: POST /session/ea2377afc02bbf13296b49c868bb39bc/execute/sync - {"script":"<script> [8489 bytes]","args":[{"element-6066-11e4-a52e-4f735466cecf":"f.E22896224DAB0D107D3E889F8C0ECED7.d.E79B38B03A11E839AFF831AE4D5330C3.e.8157","ELEMENT":"f.E22896224DAB0D107D3E889F8C0ECED7.d.E79B38B03A11E839AFF831AE4D5330C3.e.8157"}]}
COMMAND: GET /session/ea2377afc02bbf13296b49c868bb39bc/screenshot - {}
RESULT: {}
RESULT: {"script":"<script> [8489 bytes]","args":[{"element-6066-11e4-a52e-4f735466cecf":"f.E22896224DAB0D107D3E889F8C0ECED7.d.E79B38B03A11E839AFF831AE4D5330C3.e.8157","ELEMENT":"f.E22896224DAB0D107D3E889F8C0ECED7.d.E79B38B03A11E839AFF831AE4D5330C3.e.8157"}]}
COMMAND: POST /session/ea2377afc02bbf13296b49c868bb39bc/execute/sync - {"script":"<script> [5351 bytes]","args":[{"element-6066-11e4-a52e-4f735466cecf":"f.E22896224DAB0D107D3E889F8C0ECED7.d.E79B38B03A11E839AFF831AE4D5330C3.e.8157","ELEMENT":"f.E22896224DAB0D107D3E889F8C0ECED7.d.E79B38B03A11E839AFF831AE4D5330C3.e.8157"}]}
COMMAND: GET /session/ea2377afc02bbf13296b49c868bb39bc/screenshot - {}
RESULT: {}
RESULT: {"script":"<script> [5351 bytes]","args":[{"element-6066-11e4-a52e-4f735466cecf":"f.E22896224DAB0D107D3E889F8C0ECED7.d.E79B38B03A11E839AFF831AE4D5330C3.e.8157","ELEMENT":"f.E22896224DAB0D107D3E889F8C0ECED7.d.E79B38B03A11E839AFF831AE4D5330C3.e.8157"}]}
COMMAND: POST /session/ea2377afc02bbf13296b49c868bb39bc/element/f.E22896224DAB0D107D3E889F8C0ECED7.d.E79B38B03A11E839AFF831AE4D5330C3.e.8157/click - {}
COMMAND: GET /session/ea2377afc02bbf13296b49c868bb39bc/screenshot - {}
RESULT: {}
RESULT: {}
COMMAND: GET /session/ea2377afc02bbf13296b49c868bb39bc/screenshot - {}
RESULT: {}
RESULT: {}
COMMAND: POST /session/ea2377afc02bbf13296b49c868bb39bc/element - {"using":"xpath","value":"//input[@id=\"application-managesites-display-component---NewSite--siteId-inner\"]"}
RESULT: {"using":"xpath","value":"//input[@id=\"application-managesites-display-component---NewSite--siteId-inner\"]"}
COMMAND: POST /session/ea2377afc02bbf13296b49c868bb39bc/element - {"using":"xpath","value":"//input[@id=\"application-managesites-display-component---NewSite--siteId-inner\"]"}
RESULT: {"using":"xpath","value":"//input[@id=\"application-managesites-display-component---NewSite--siteId-inner\"]"}
COMMAND: POST /session/ea2377afc02bbf13296b49c868bb39bc/execute/async - {"script":"<script> [1562 bytes]","args":[{"selector":{"id":"application-managesites-display-component---NewSite--addressDetailDetailsName1","interaction":{"idSuffix":"inner"}},"wdio_ui5_key":"applicationmanagesites-display-component---NewSite--addressDetailDetailsName1"}]}
RESULT: {"script":"<script> [1562 bytes]","args":[{"selector":{"id":"application-managesites-display-component---NewSite--addressDetailDetailsName1","interaction":{"idSuffix":"inner"}},"wdio_ui5_key":"applicationmanagesites-display-component---NewSite--addressDetailDetailsName1"}]}
RESULT: undefined
COMMAND: POST /session/ea2377afc02bbf13296b49c868bb39bc/execute/async - {"script":"<script> [776 bytes]","args":[{"enterText":"Intracompany Site wdIO","selector":{"id":"application-managesites-display-component---NewSite--addressDetailDetailsName1","interaction":{"idSuffix":"inner"}},"clearTextFirst":true,"interactionType":"ENTER_TEXT"}]}
RESULT: {"script":"<script> [776 bytes]","args":[{"enterText":"Intracompany Site wdIO","selector":{"id":"application-managesites-display-component---NewSite--addressDetailDetailsName1","interaction":{"idSuffix":"inner"}},"clearTextFirst":true,"interactionType":"ENTER_TEXT"}]}
COMMAND: POST /session/ea2377afc02bbf13296b49c868bb39bc/execute/async - {"script":"<script> [1562 bytes]","args":[{"selector":{"id":"application-managesites-display-component---NewSite--addressDetailDetailsLanguage-arrow"},"wdio_ui5_key":"applicationmanagesites-display-component---NewSite--addressDetailDetailsLanguage-arrow"}]}
RESULT: {"script":"<script> [1562 bytes]","args":[{"selector":{"id":"application-managesites-display-component---NewSite--addressDetailDetailsLanguage-arrow"},"wdio_ui5_key":"applicationmanagesites-display-component---NewSite--addressDetailDetailsLanguage-arrow"}]}
RESULT: undefined
COMMAND: POST /session/ea2377afc02bbf13296b49c868bb39bc/element - {"using":"xpath","value":"//*[@id=\"application-managesites-display-component---NewSite--addressDetailDetailsLanguage-arrow\"]"}
RESULT: {"using":"xpath","value":"//*[@id=\"application-managesites-display-component---NewSite--addressDetailDetailsLanguage-arrow\"]"}
COMMAND: POST /session/ea2377afc02bbf13296b49c868bb39bc/element/f.E22896224DAB0D107D3E889F8C0ECED7.d.E79B38B03A11E839AFF831AE4D5330C3.e.8564/click - {}
RESULT: {}
COMMAND: POST /session/ea2377afc02bbf13296b49c868bb39bc/element - {"using":"xpath","value":"//span[contains(text(), \"English\")]"}
COMMAND: GET /session/ea2377afc02bbf13296b49c868bb39bc/screenshot - {}
RESULT: {"using":"xpath","value":"//span[contains(text(), \"English\")]"}
COMMAND: POST /session/ea2377afc02bbf13296b49c868bb39bc/element/f.E22896224DAB0D107D3E889F8C0ECED7.d.E79B38B03A11E839AFF831AE4D5330C3.e.8565/click - {}
RESULT: {}
RESULT: {}
COMMAND: POST /session/ea2377afc02bbf13296b49c868bb39bc/execute/async - {"script":"<script> [1562 bytes]","args":[{"selector":{"id":"application-managesites-display-component---NewSite--addressDetailDetailsCity1","interaction":{"idSuffix":"inner"}},"wdio_ui5_key":"applicationmanagesites-display-component---NewSite--addressDetailDetailsCity1"}]}
COMMAND: GET /session/ea2377afc02bbf13296b49c868bb39bc/screenshot - {}
RESULT: {"script":"<script> [1562 bytes]","args":[{"selector":{"id":"application-managesites-display-component---NewSite--addressDetailDetailsCity1","interaction":{"idSuffix":"inner"}},"wdio_ui5_key":"applicationmanagesites-display-component---NewSite--addressDetailDetailsCity1"}]}
RESULT: undefined
COMMAND: POST /session/ea2377afc02bbf13296b49c868bb39bc/execute/async - {"script":"<script> [776 bytes]","args":[{"enterText":"Rosario","selector":{"id":"application-managesites-display-component---NewSite--addressDetailDetailsCity1","interaction":{"idSuffix":"inner"}},"clearTextFirst":true,"interactionType":"ENTER_TEXT"}]}
RESULT: {}
RESULT: {"script":"<script> [776 bytes]","args":[{"enterText":"Rosario","selector":{"id":"application-managesites-display-component---NewSite--addressDetailDetailsCity1","interaction":{"idSuffix":"inner"}},"clearTextFirst":true,"interactionType":"ENTER_TEXT"}]}
COMMAND: POST /session/ea2377afc02bbf13296b49c868bb39bc/execute/async - {"script":"<script> [1562 bytes]","args":[{"selector":{"id":"application-managesites-display-component---NewSite--addressDetailDetailsCountry-arrow"},"wdio_ui5_key":"applicationmanagesites-display-component---NewSite--addressDetailDetailsCountry-arrow"}]}
RESULT: {"script":"<script> [1562 bytes]","args":[{"selector":{"id":"application-managesites-display-component---NewSite--addressDetailDetailsCountry-arrow"},"wdio_ui5_key":"applicationmanagesites-display-component---NewSite--addressDetailDetailsCountry-arrow"}]}
RESULT: undefined
COMMAND: POST /session/ea2377afc02bbf13296b49c868bb39bc/element - {"using":"xpath","value":"//*[@id=\"application-managesites-display-component---NewSite--addressDetailDetailsCountry-arrow\"]"}
RESULT: {"using":"xpath","value":"//*[@id=\"application-managesites-display-component---NewSite--addressDetailDetailsCountry-arrow\"]"}
COMMAND: POST /session/ea2377afc02bbf13296b49c868bb39bc/element/f.E22896224DAB0D107D3E889F8C0ECED7.d.E79B38B03A11E839AFF831AE4D5330C3.e.8567/click - {}
RESULT: {}
COMMAND: POST /session/ea2377afc02bbf13296b49c868bb39bc/element - {"using":"xpath","value":"//span[contains(text(), \"Argentina\")]"}
COMMAND: GET /session/ea2377afc02bbf13296b49c868bb39bc/screenshot - {}
RESULT: {"using":"xpath","value":"//span[contains(text(), \"Argentina\")]"}
COMMAND: POST /session/ea2377afc02bbf13296b49c868bb39bc/element/f.E22896224DAB0D107D3E889F8C0ECED7.d.E79B38B03A11E839AFF831AE4D5330C3.e.8568/click - {}
RESULT: {}
RESULT: {}
COMMAND: GET /session/ea2377afc02bbf13296b49c868bb39bc/screenshot - {}
RESULT: {}
COMMAND: POST /session/ea2377afc02bbf13296b49c868bb39bc/execute/async - {"script":"<script> [1562 bytes]","args":[{"selector":{"id":"application-managesites-display-component---NewSite--addressEditDetailsCostObjectCstType-arrow"},"wdio_ui5_key":"applicationmanagesites-display-component---NewSite--addressEditDetailsCostObjectCstType-arrow"}]}
RESULT: {"script":"<script> [1562 bytes]","args":[{"selector":{"id":"application-managesites-display-component---NewSite--addressEditDetailsCostObjectCstType-arrow"},"wdio_ui5_key":"applicationmanagesites-display-component---NewSite--addressEditDetailsCostObjectCstType-arrow"}]}
RESULT: undefined
COMMAND: POST /session/ea2377afc02bbf13296b49c868bb39bc/element - {"using":"xpath","value":"//*[@id=\"application-managesites-display-component---NewSite--addressEditDetailsCostObjectCstType-arrow\"]"}
RESULT: {"using":"xpath","value":"//*[@id=\"application-managesites-display-component---NewSite--addressEditDetailsCostObjectCstType-arrow\"]"}
COMMAND: POST /session/ea2377afc02bbf13296b49c868bb39bc/element/f.E22896224DAB0D107D3E889F8C0ECED7.d.E79B38B03A11E839AFF831AE4D5330C3.e.8570/click - {}
RESULT: {}
COMMAND: POST /session/ea2377afc02bbf13296b49c868bb39bc/element - {"using":"xpath","value":"//span[contains(text(), \"Cost Center\")]"}
COMMAND: GET /session/ea2377afc02bbf13296b49c868bb39bc/screenshot - {}
RESULT: {"using":"xpath","value":"//span[contains(text(), \"Cost Center\")]"}
COMMAND: POST /session/ea2377afc02bbf13296b49c868bb39bc/element/f.E22896224DAB0D107D3E889F8C0ECED7.d.E79B38B03A11E839AFF831AE4D5330C3.e.8571/click - {}
RESULT: {}
RESULT: {}
COMMAND: GET /session/ea2377afc02bbf13296b49c868bb39bc/screenshot - {}
RESULT: {}
COMMAND: POST /session/ea2377afc02bbf13296b49c868bb39bc/element - {"using":"xpath","value":"//span[@id=\"application-managesites-display-component---NewSite--addressNewCostObjectCstID-vhi\"]"}
RESULT: {"using":"xpath","value":"//span[@id=\"application-managesites-display-component---NewSite--addressNewCostObjectCstID-vhi\"]"}
COMMAND: POST /session/ea2377afc02bbf13296b49c868bb39bc/execute/sync - {"script":"<script> [8489 bytes]","args":[{"element-6066-11e4-a52e-4f735466cecf":"f.E22896224DAB0D107D3E889F8C0ECED7.d.E79B38B03A11E839AFF831AE4D5330C3.e.8576","ELEMENT":"f.E22896224DAB0D107D3E889F8C0ECED7.d.E79B38B03A11E839AFF831AE4D5330C3.e.8576"}]}
RESULT: {"script":"<script> [8489 bytes]","args":[{"element-6066-11e4-a52e-4f735466cecf":"f.E22896224DAB0D107D3E889F8C0ECED7.d.E79B38B03A11E839AFF831AE4D5330C3.e.8576","ELEMENT":"f.E22896224DAB0D107D3E889F8C0ECED7.d.E79B38B03A11E839AFF831AE4D5330C3.e.8576"}]}
COMMAND: POST /session/ea2377afc02bbf13296b49c868bb39bc/execute/async - {"script":"<script> [1562 bytes]","args":[{"selector":{"id":"application-managesites-display-component---NewSite--addressNewCostObjectCstID-vhi"},"wdio_ui5_key":"applicationmanagesites-display-component---NewSite--addressNewCostObjectCstID-vhi"}]}
COMMAND: GET /session/ea2377afc02bbf13296b49c868bb39bc/screenshot - {}
RESULT: {"script":"<script> [1562 bytes]","args":[{"selector":{"id":"application-managesites-display-component---NewSite--addressNewCostObjectCstID-vhi"},"wdio_ui5_key":"applicationmanagesites-display-component---NewSite--addressNewCostObjectCstID-vhi"}]}
RESULT: undefined
COMMAND: POST /session/ea2377afc02bbf13296b49c868bb39bc/element - {"using":"xpath","value":"//*[@id=\"application-managesites-display-component---NewSite--addressNewCostObjectCstID-vhi\"]"}
RESULT: {}
RESULT: {"using":"xpath","value":"//*[@id=\"application-managesites-display-component---NewSite--addressNewCostObjectCstID-vhi\"]"}
COMMAND: POST /session/ea2377afc02bbf13296b49c868bb39bc/element/f.E22896224DAB0D107D3E889F8C0ECED7.d.E79B38B03A11E839AFF831AE4D5330C3.e.8576/click - {}
RESULT: {}
COMMAND: GET /session/ea2377afc02bbf13296b49c868bb39bc/screenshot - {}
RESULT: {}
RESULT: undefined
COMMAND: POST /session/ea2377afc02bbf13296b49c868bb39bc/execute/async - {"script":"<script> [776 bytes]","args":[{"enterText":"10001013","selector":{"controlType":"sap.m.SearchField","properties":{"placeholder":"Search"},"searchOpenDialogs":true,"interaction":{"idSuffix":"I"}},"clearTextFirst":true,"interactionType":"ENTER_TEXT"}]}
RESULT: {"script":"<script> [776 bytes]","args":[{"enterText":"10001013","selector":{"controlType":"sap.m.SearchField","properties":{"placeholder":"Search"},"searchOpenDialogs":true,"interaction":{"idSuffix":"I"}},"clearTextFirst":true,"interactionType":"ENTER_TEXT"}]}
COMMAND: POST /session/ea2377afc02bbf13296b49c868bb39bc/actions - {"actions":[{"id":"action28","type":"key","parameters":{},"actions":[{"type":"keyDown","value":"î€‡"},{"type":"pause","duration":10},{"type":"keyUp","value":"î€‡"}]}]}
RESULT: {"actions":[{"id":"action28","type":"key","parameters":{},"actions":[{"type":"keyDown","value":"î€‡"},{"type":"pause","duration":10},{"type":"keyUp","value":"î€‡"}]}]}
COMMAND: GET /session/ea2377afc02bbf13296b49c868bb39bc/screenshot - {}
RESULT: {}
COMMAND: POST /session/ea2377afc02bbf13296b49c868bb39bc/element - {"using":"xpath","value":"//span[contains(text(), \"General Management\")]"}
RESULT: {"using":"xpath","value":"//span[contains(text(), \"General Management\")]"}
COMMAND: POST /session/ea2377afc02bbf13296b49c868bb39bc/element/f.E22896224DAB0D107D3E889F8C0ECED7.d.E79B38B03A11E839AFF831AE4D5330C3.e.8615/click - {}
RESULT: {}
COMMAND: GET /session/ea2377afc02bbf13296b49c868bb39bc/screenshot - {}
RESULT: {}
COMMAND: POST /session/ea2377afc02bbf13296b49c868bb39bc/element - {"using":"xpath","value":"//bdi[contains(text(), \"OK\")]"}
RESULT: {"using":"xpath","value":"//bdi[contains(text(), \"OK\")]"}
COMMAND: POST /session/ea2377afc02bbf13296b49c868bb39bc/element/f.E22896224DAB0D107D3E889F8C0ECED7.d.E79B38B03A11E839AFF831AE4D5330C3.e.8616/click - {}
RESULT: {}
COMMAND: GET /session/ea2377afc02bbf13296b49c868bb39bc/screenshot - {}
RESULT: {}
COMMAND: POST /session/ea2377afc02bbf13296b49c868bb39bc/element - {"using":"xpath","value":"//input[@id=\"application-managesites-display-component---NewSite--addressDetailDetailsCalendar-inner\"]"}
RESULT: {"using":"xpath","value":"//input[@id=\"application-managesites-display-component---NewSite--addressDetailDetailsCalendar-inner\"]"}
COMMAND: POST /session/ea2377afc02bbf13296b49c868bb39bc/element/f.E22896224DAB0D107D3E889F8C0ECED7.d.E79B38B03A11E839AFF831AE4D5330C3.e.8360/clear - {}
RESULT: {}
COMMAND: POST /session/ea2377afc02bbf13296b49c868bb39bc/element/f.E22896224DAB0D107D3E889F8C0ECED7.d.E79B38B03A11E839AFF831AE4D5330C3.e.8360/value - {"text":"Unit"}
COMMAND: GET /session/ea2377afc02bbf13296b49c868bb39bc/screenshot - {}
RESULT: {"text":"Unit"}
COMMAND: GET /session/ea2377afc02bbf13296b49c868bb39bc/screenshot - {}
RESULT: {}
RESULT: {}
COMMAND: POST /session/ea2377afc02bbf13296b49c868bb39bc/actions - {"actions":[{"id":"action29","type":"key","parameters":{},"actions":[{"type":"keyDown","value":"î€‡"},{"type":"pause","duration":10},{"type":"keyUp","value":"î€‡"}]}]}
RESULT: {"actions":[{"id":"action29","type":"key","parameters":{},"actions":[{"type":"keyDown","value":"î€‡"},{"type":"pause","duration":10},{"type":"keyUp","value":"î€‡"}]}]}
COMMAND: POST /session/ea2377afc02bbf13296b49c868bb39bc/element - {"using":"xpath","value":"//input[@id=\"application-managesites-display-component---NewSite--addressDetailDetailsYard-inner\"]"}
COMMAND: GET /session/ea2377afc02bbf13296b49c868bb39bc/screenshot - {}
RESULT: {"using":"xpath","value":"//input[@id=\"application-managesites-display-component---NewSite--addressDetailDetailsYard-inner\"]"}
COMMAND: POST /session/ea2377afc02bbf13296b49c868bb39bc/element/f.E22896224DAB0D107D3E889F8C0ECED7.d.E79B38B03A11E839AFF831AE4D5330C3.e.8361/clear - {}
RESULT: {}
RESULT: {}
COMMAND: POST /session/ea2377afc02bbf13296b49c868bb39bc/element/f.E22896224DAB0D107D3E889F8C0ECED7.d.E79B38B03A11E839AFF831AE4D5330C3.e.8361/value - {"text":"576"}
COMMAND: GET /session/ea2377afc02bbf13296b49c868bb39bc/screenshot - {}
RESULT: {"text":"576"}
COMMAND: GET /session/ea2377afc02bbf13296b49c868bb39bc/screenshot - {}
RESULT: {}
RESULT: {}
COMMAND: POST /session/ea2377afc02bbf13296b49c868bb39bc/element - {"using":"xpath","value":"//li[.//span[text()='576']]"}
RESULT: {"using":"xpath","value":"//li[.//span[text()='576']]"}
COMMAND: POST /session/ea2377afc02bbf13296b49c868bb39bc/element/f.E22896224DAB0D107D3E889F8C0ECED7.d.E79B38B03A11E839AFF831AE4D5330C3.e.8624/click - {}
RESULT: {}
COMMAND: GET /session/ea2377afc02bbf13296b49c868bb39bc/screenshot - {}
RESULT: {}
COMMAND: POST /session/ea2377afc02bbf13296b49c868bb39bc/element - {"using":"xpath","value":"//input[@id=\"application-managesites-display-component---NewSite--addressDetailDetailsPartner-inner\"]"}
RESULT: {"using":"xpath","value":"//input[@id=\"application-managesites-display-component---NewSite--addressDetailDetailsPartner-inner\"]"}
COMMAND: POST /session/ea2377afc02bbf13296b49c868bb39bc/element - {"using":"xpath","value":"//input[@id=\"application-managesites-display-component---NewSite--addressDetailDetailsPartner-inner\"]"}
RESULT: {"using":"xpath","value":"//input[@id=\"application-managesites-display-component---NewSite--addressDetailDetailsPartner-inner\"]"}
COMMAND: POST /session/ea2377afc02bbf13296b49c868bb39bc/element - {"using":"xpath","value":"//button[@data-kt=\"saveButton\"]"}
RESULT: {"using":"xpath","value":"//button[@data-kt=\"saveButton\"]"}
COMMAND: POST /session/ea2377afc02bbf13296b49c868bb39bc/element/f.E22896224DAB0D107D3E889F8C0ECED7.d.E79B38B03A11E839AFF831AE4D5330C3.e.8509/click - {}
RESULT: {}
COMMAND: GET /session/ea2377afc02bbf13296b49c868bb39bc/screenshot - {}
RESULT: {}
COMMAND: POST /session/ea2377afc02bbf13296b49c868bb39bc/element - {"using":"xpath","value":"//header[contains(@id, 'ObjectPageLayout-headerTitle')]/div[1]/div[2]/div[2]/span[1]"}
RESULT: {"using":"xpath","value":"//header[contains(@id, 'ObjectPageLayout-headerTitle')]/div[1]/div[2]/div[2]/span[1]"}
COMMAND: POST /session/ea2377afc02bbf13296b49c868bb39bc/elements - {"using":"xpath","value":"//header[contains(@id, 'ObjectPageLayout-headerTitle')]/div[1]/div[2]/div[2]/span[1]"}
RESULT: {"using":"xpath","value":"//header[contains(@id, 'ObjectPageLayout-headerTitle')]/div[1]/div[2]/div[2]/span[1]"}
COMMAND: POST /session/ea2377afc02bbf13296b49c868bb39bc/execute/sync - {"script":"<script> [56 bytes]","args":[{"element-6066-11e4-a52e-4f735466cecf":"f.E22896224DAB0D107D3E889F8C0ECED7.d.E79B38B03A11E839AFF831AE4D5330C3.e.8827","ELEMENT":"f.E22896224DAB0D107D3E889F8C0ECED7.d.E79B38B03A11E839AFF831AE4D5330C3.e.8827"}]}
RESULT: {"script":"<script> [56 bytes]","args":[{"element-6066-11e4-a52e-4f735466cecf":"f.E22896224DAB0D107D3E889F8C0ECED7.d.E79B38B03A11E839AFF831AE4D5330C3.e.8827","ELEMENT":"f.E22896224DAB0D107D3E889F8C0ECED7.d.E79B38B03A11E839AFF831AE4D5330C3.e.8827"}]}
COMMAND: POST /session/ea2377afc02bbf13296b49c868bb39bc/element - {"using":"css selector","value":"#shell-header-logo"}
COMMAND: GET /session/ea2377afc02bbf13296b49c868bb39bc/screenshot - {}
RESULT: {"using":"css selector","value":"#shell-header-logo"}
COMMAND: POST /session/ea2377afc02bbf13296b49c868bb39bc/element/f.E22896224DAB0D107D3E889F8C0ECED7.d.E79B38B03A11E839AFF831AE4D5330C3.e.8115/click - {}
RESULT: {}
RESULT: {}
COMMAND: GET /session/ea2377afc02bbf13296b49c868bb39bc/screenshot - {}
RESULT: {}
COMMAND: POST /session/ea2377afc02bbf13296b49c868bb39bc/execute/sync - {"script":"<script> [299 bytes]","args":[["getModel","getResource"]]}
RESULT: {"script":"<script> [299 bytes]","args":[["getModel","getResource"]]}
COMMAND: POST /session/ea2377afc02bbf13296b49c868bb39bc/actions - {"actions":[{"id":"action30","type":"key","parameters":{},"actions":[{"type":"keyDown","value":"î€‡"},{"type":"pause","duration":10},{"type":"keyUp","value":"î€‡"}]}]}
COMMAND: GET /session/ea2377afc02bbf13296b49c868bb39bc/screenshot - {}
RESULT: {"actions":[{"id":"action30","type":"key","parameters":{},"actions":[{"type":"keyDown","value":"î€‡"},{"type":"pause","duration":10},{"type":"keyUp","value":"î€‡"}]}]}
COMMAND: GET /session/ea2377afc02bbf13296b49c868bb39bc/screenshot - {}
RESULT: {}
RESULT: {}
COMMAND: POST /session/ea2377afc02bbf13296b49c868bb39bc/refresh - {}
RESULT: {}
COMMAND: GET /session/ea2377afc02bbf13296b49c868bb39bc/screenshot - {}
RESULT: {}
COMMAND: POST /session/ea2377afc02bbf13296b49c868bb39bc/refresh - {}
RESULT: {}
COMMAND: GET /session/ea2377afc02bbf13296b49c868bb39bc/screenshot - {}
RESULT: {}
COMMAND: POST /session/ea2377afc02bbf13296b49c868bb39bc/window/fullscreen - {}
RESULT: {}
COMMAND: POST /session/ea2377afc02bbf13296b49c868bb39bc/execute/async - {"script":"<script> [189 bytes]","args":[]}
RESULT: {"script":"<script> [189 bytes]","args":[]}
COMMAND: POST /session/ea2377afc02bbf13296b49c868bb39bc/execute/async - {"script":"<script> [123 bytes]","args":[]}
RESULT: {"script":"<script> [123 bytes]","args":[]}
COMMAND: POST /session/ea2377afc02bbf13296b49c868bb39bc/timeouts - {"script":"<number>"}
RESULT: {"script":"<number>"}
COMMAND: GET /session/ea2377afc02bbf13296b49c868bb39bc/timeouts - {}
RESULT: {}
RESULT: undefined
COMMAND: POST /session/ea2377afc02bbf13296b49c868bb39bc/execute/async - {"script":"<script> [2676 bytes]","args":[]}
RESULT: {"script":"<script> [2676 bytes]","args":[]}
COMMAND: POST /session/ea2377afc02bbf13296b49c868bb39bc/execute/async - {"script":"<script> [2342 bytes]","args":[{"protocol":"http","hostname":"0.0.0.0","path":"/","capabilities":{"browserName":"chrome","goog:chromeOptions":{"binary":"C:\\Program Files\\Google\\Chrome\\Application\\chrome.exe","args":["--start-maximized"]}},"logLevel":"warn","connectionRetryTimeout":120000,"connectionRetryCount":3,"logLevels":{},"enableDirectConnect":true,"strictSSL":true,"_":"65 more keys: [\"cacheDir\",\"port\",\"requestedCapabilities\",\"automationProtocol\",\"baseUrl\",\"waitforInterval\",\"waitforTimeout\",\"onReload\",\"beforeCommand\",\"afterCommand\",\"rootDir\",\"specs\",\"suites\",\"exclude\",\"groupLogsByTestSpec\",\"excludeDriverLogs\",\"bail\",\"framework\",\"reporters\",\"services\",\"maxInstances\",\"maxInstancesPerCapability\",\"injectGlobals\",\"filesToWatch\",\"execArgv\",\"runnerEnv\",\"runner\",\"shard\",\"specFileRetries\",\"specFileRetriesDelay\",\"specFileRetriesDeferred\",\"reporterSyncInterval\",\"reporterSyncTimeout\",\"cucumberFeaturesWithLineNumbers\",\"autoCompileOpts\",\"mochaOpts\",\"jasmineOpts\",\"cucumberOpts\",\"onPrepare\",\"onWorkerStart\",\"onWorkerEnd\",\"before\",\"beforeSession\",\"beforeSuite\",\"beforeHook\",\"beforeTest\",\"afterTest\",\"afterHook\",\"afterSuite\",\"afterSession\",\"after\",\"onComplete\",\"beforeAssertion\",\"afterAssertion\",\"beforeFeature\",\"beforeScenario\",\"beforeStep\",\"afterStep\",\"afterScenario\",\"afterFeature\",\"_\",\"suite\",\"$0\",\"ignoredWorkerServices\",\"wdi5\"]"}]}
RESULT: {"script":"<script> [2342 bytes]","args":[{"protocol":"http","hostname":"0.0.0.0","path":"/","capabilities":{"browserName":"chrome","goog:chromeOptions":{"binary":"C:\\Program Files\\Google\\Chrome\\Application\\chrome.exe","args":["--start-maximized"]}},"logLevel":"warn","connectionRetryTimeout":120000,"connectionRetryCount":3,"logLevels":{},"enableDirectConnect":true,"strictSSL":true,"_":"65 more keys: [\"cacheDir\",\"port\",\"requestedCapabilities\",\"automationProtocol\",\"baseUrl\",\"waitforInterval\",\"waitforTimeout\",\"onReload\",\"beforeCommand\",\"afterCommand\",\"rootDir\",\"specs\",\"suites\",\"exclude\",\"groupLogsByTestSpec\",\"excludeDriverLogs\",\"bail\",\"framework\",\"reporters\",\"services\",\"maxInstances\",\"maxInstancesPerCapability\",\"injectGlobals\",\"filesToWatch\",\"execArgv\",\"runnerEnv\",\"runner\",\"shard\",\"specFileRetries\",\"specFileRetriesDelay\",\"specFileRetriesDeferred\",\"reporterSyncInterval\",\"reporterSyncTimeout\",\"cucumberFeaturesWithLineNumbers\",\"autoCompileOpts\",\"mochaOpts\",\"jasmineOpts\",\"cucumberOpts\",\"onPrepare\",\"onWorkerStart\",\"onWorkerEnd\",\"before\",\"beforeSession\",\"beforeSuite\",\"beforeHook\",\"beforeTest\",\"afterTest\",\"afterHook\",\"afterSuite\",\"afterSession\",\"after\",\"onComplete\",\"beforeAssertion\",\"afterAssertion\",\"beforeFeature\",\"beforeScenario\",\"beforeStep\",\"afterStep\",\"afterScenario\",\"afterFeature\",\"_\",\"suite\",\"$0\",\"ignoredWorkerServices\",\"wdi5\"]"}]}
COMMAND: POST /session/ea2377afc02bbf13296b49c868bb39bc/execute/async - {"script":"<script> [21126 bytes]","args":[35000]}
RESULT: {"script":"<script> [21126 bytes]","args":[35000]}
COMMAND: POST /session/ea2377afc02bbf13296b49c868bb39bc/window/fullscreen - {}
RESULT: {}
]]></system-out>
    </testcase>
    <testcase classname="chrome.136_0_7103_93.windows.Billing_Transfer_-_Intracompany_US127249" name="Should create a new equipment" time="144.062">
      <system-out><![CDATA[
COMMAND: POST /session/ea2377afc02bbf13296b49c868bb39bc/execute/async - {"script":"<script> [1562 bytes]","args":[{"selector":{"controlType":"sap.m.GenericTile","properties":{"header":"Manage Resources"}},"wdio_ui5_key":"sapm.GenericTile{\"header\":\"Manage Resources\"}"}]}
RESULT: {"script":"<script> [1562 bytes]","args":[{"selector":{"controlType":"sap.m.GenericTile","properties":{"header":"Manage Resources"}},"wdio_ui5_key":"sapm.GenericTile{\"header\":\"Manage Resources\"}"}]}
RESULT: undefined
COMMAND: POST /session/ea2377afc02bbf13296b49c868bb39bc/element - {"using":"xpath","value":"//*[@id=\"__tile31\"]"}
RESULT: {"using":"xpath","value":"//*[@id=\"__tile31\"]"}
COMMAND: POST /session/ea2377afc02bbf13296b49c868bb39bc/element/f.E22896224DAB0D107D3E889F8C0ECED7.d.27B499B5DFEEF6A8CD0119F5242295C4.e.8902/click - {}
RESULT: {}
COMMAND: GET /session/ea2377afc02bbf13296b49c868bb39bc/screenshot - {}
RESULT: {}
COMMAND: POST /session/ea2377afc02bbf13296b49c868bb39bc/elements - {"using":"xpath","value":"//span[text()='Error']"}
RESULT: {"using":"xpath","value":"//span[text()='Error']"}
COMMAND: POST /session/ea2377afc02bbf13296b49c868bb39bc/element - {"using":"xpath","value":"//button[@data-kt=\"addNewRUOverflowToolbarButton\"]"}
RESULT: {"using":"xpath","value":"//button[@data-kt=\"addNewRUOverflowToolbarButton\"]"}
COMMAND: POST /session/ea2377afc02bbf13296b49c868bb39bc/elements - {"using":"xpath","value":"//button[@data-kt=\"addNewRUOverflowToolbarButton\"]"}
RESULT: {"using":"xpath","value":"//button[@data-kt=\"addNewRUOverflowToolbarButton\"]"}
COMMAND: POST /session/ea2377afc02bbf13296b49c868bb39bc/elements - {"using":"xpath","value":"//button[@data-kt=\"addNewRUOverflowToolbarButton\"]"}
RESULT: {"using":"xpath","value":"//button[@data-kt=\"addNewRUOverflowToolbarButton\"]"}
COMMAND: POST /session/ea2377afc02bbf13296b49c868bb39bc/element - {"using":"xpath","value":"//button[@data-kt=\"addNewRUOverflowToolbarButton\"]"}
RESULT: {"using":"xpath","value":"//button[@data-kt=\"addNewRUOverflowToolbarButton\"]"}
COMMAND: POST /session/ea2377afc02bbf13296b49c868bb39bc/execute/sync - {"script":"<script> [8489 bytes]","args":[{"element-6066-11e4-a52e-4f735466cecf":"f.E22896224DAB0D107D3E889F8C0ECED7.d.27B499B5DFEEF6A8CD0119F5242295C4.e.9009","ELEMENT":"f.E22896224DAB0D107D3E889F8C0ECED7.d.27B499B5DFEEF6A8CD0119F5242295C4.e.9009"}]}
RESULT: {"script":"<script> [8489 bytes]","args":[{"element-6066-11e4-a52e-4f735466cecf":"f.E22896224DAB0D107D3E889F8C0ECED7.d.27B499B5DFEEF6A8CD0119F5242295C4.e.9009","ELEMENT":"f.E22896224DAB0D107D3E889F8C0ECED7.d.27B499B5DFEEF6A8CD0119F5242295C4.e.9009"}]}
COMMAND: GET /session/ea2377afc02bbf13296b49c868bb39bc/element/f.E22896224DAB0D107D3E889F8C0ECED7.d.27B499B5DFEEF6A8CD0119F5242295C4.e.9009/enabled - {}
COMMAND: GET /session/ea2377afc02bbf13296b49c868bb39bc/screenshot - {}
RESULT: {}
COMMAND: POST /session/ea2377afc02bbf13296b49c868bb39bc/execute/sync - {"script":"<script> [8489 bytes]","args":[{"element-6066-11e4-a52e-4f735466cecf":"f.E22896224DAB0D107D3E889F8C0ECED7.d.27B499B5DFEEF6A8CD0119F5242295C4.e.9009","ELEMENT":"f.E22896224DAB0D107D3E889F8C0ECED7.d.27B499B5DFEEF6A8CD0119F5242295C4.e.9009"}]}
COMMAND: GET /session/ea2377afc02bbf13296b49c868bb39bc/screenshot - {}
RESULT: {}
RESULT: {"script":"<script> [8489 bytes]","args":[{"element-6066-11e4-a52e-4f735466cecf":"f.E22896224DAB0D107D3E889F8C0ECED7.d.27B499B5DFEEF6A8CD0119F5242295C4.e.9009","ELEMENT":"f.E22896224DAB0D107D3E889F8C0ECED7.d.27B499B5DFEEF6A8CD0119F5242295C4.e.9009"}]}
COMMAND: POST /session/ea2377afc02bbf13296b49c868bb39bc/execute/sync - {"script":"<script> [5351 bytes]","args":[{"element-6066-11e4-a52e-4f735466cecf":"f.E22896224DAB0D107D3E889F8C0ECED7.d.27B499B5DFEEF6A8CD0119F5242295C4.e.9009","ELEMENT":"f.E22896224DAB0D107D3E889F8C0ECED7.d.27B499B5DFEEF6A8CD0119F5242295C4.e.9009"}]}
COMMAND: GET /session/ea2377afc02bbf13296b49c868bb39bc/screenshot - {}
RESULT: {}
RESULT: {"script":"<script> [5351 bytes]","args":[{"element-6066-11e4-a52e-4f735466cecf":"f.E22896224DAB0D107D3E889F8C0ECED7.d.27B499B5DFEEF6A8CD0119F5242295C4.e.9009","ELEMENT":"f.E22896224DAB0D107D3E889F8C0ECED7.d.27B499B5DFEEF6A8CD0119F5242295C4.e.9009"}]}
COMMAND: POST /session/ea2377afc02bbf13296b49c868bb39bc/element/f.E22896224DAB0D107D3E889F8C0ECED7.d.27B499B5DFEEF6A8CD0119F5242295C4.e.9009/click - {}
COMMAND: GET /session/ea2377afc02bbf13296b49c868bb39bc/screenshot - {}
RESULT: {}
RESULT: {}
COMMAND: GET /session/ea2377afc02bbf13296b49c868bb39bc/screenshot - {}
RESULT: {}
COMMAND: POST /session/ea2377afc02bbf13296b49c868bb39bc/execute/async - {"script":"<script> [1562 bytes]","args":[{"selector":{"id":"application-manageresources-display-component---newResourceUnit--TYPE-arrow"},"wdio_ui5_key":"applicationmanageresources-display-component---newResourceUnit--TYPE-arrow"}]}
RESULT: {}
RESULT: {"script":"<script> [1562 bytes]","args":[{"selector":{"id":"application-manageresources-display-component---newResourceUnit--TYPE-arrow"},"wdio_ui5_key":"applicationmanageresources-display-component---newResourceUnit--TYPE-arrow"}]}
RESULT: undefined
COMMAND: POST /session/ea2377afc02bbf13296b49c868bb39bc/element - {"using":"xpath","value":"//*[@id=\"application-manageresources-display-component---newResourceUnit--TYPE-arrow\"]"}
RESULT: {"using":"xpath","value":"//*[@id=\"application-manageresources-display-component---newResourceUnit--TYPE-arrow\"]"}
COMMAND: POST /session/ea2377afc02bbf13296b49c868bb39bc/element/f.E22896224DAB0D107D3E889F8C0ECED7.d.27B499B5DFEEF6A8CD0119F5242295C4.e.9366/click - {}
RESULT: {}
COMMAND: POST /session/ea2377afc02bbf13296b49c868bb39bc/element - {"using":"xpath","value":"//input[@id=\"application-manageresources-display-component---newResourceUnit--TYPE-inner\"]"}
COMMAND: GET /session/ea2377afc02bbf13296b49c868bb39bc/screenshot - {}
RESULT: {"using":"xpath","value":"//input[@id=\"application-manageresources-display-component---newResourceUnit--TYPE-inner\"]"}
COMMAND: POST /session/ea2377afc02bbf13296b49c868bb39bc/element/f.E22896224DAB0D107D3E889F8C0ECED7.d.27B499B5DFEEF6A8CD0119F5242295C4.e.9361/clear - {}
RESULT: {}
RESULT: {}
COMMAND: POST /session/ea2377afc02bbf13296b49c868bb39bc/element/f.E22896224DAB0D107D3E889F8C0ECED7.d.27B499B5DFEEF6A8CD0119F5242295C4.e.9361/value - {"text":"Equipment"}
COMMAND: GET /session/ea2377afc02bbf13296b49c868bb39bc/screenshot - {}
RESULT: {"text":"Equipment"}
COMMAND: GET /session/ea2377afc02bbf13296b49c868bb39bc/screenshot - {}
RESULT: {}
RESULT: {}
COMMAND: POST /session/ea2377afc02bbf13296b49c868bb39bc/actions - {"actions":[{"id":"action31","type":"key","parameters":{},"actions":[{"type":"keyDown","value":"î€‡"},{"type":"pause","duration":10},{"type":"keyUp","value":"î€‡"}]}]}
RESULT: {"actions":[{"id":"action31","type":"key","parameters":{},"actions":[{"type":"keyDown","value":"î€‡"},{"type":"pause","duration":10},{"type":"keyUp","value":"î€‡"}]}]}
COMMAND: POST /session/ea2377afc02bbf13296b49c868bb39bc/execute/async - {"script":"<script> [1562 bytes]","args":[{"selector":{"id":"application-manageresources-display-component---newResourceUnit--resourceId","interaction":{"idSuffix":"inner"}},"wdio_ui5_key":"applicationmanageresources-display-component---newResourceUnit--resourceId"}]}
COMMAND: GET /session/ea2377afc02bbf13296b49c868bb39bc/screenshot - {}
RESULT: {"script":"<script> [1562 bytes]","args":[{"selector":{"id":"application-manageresources-display-component---newResourceUnit--resourceId","interaction":{"idSuffix":"inner"}},"wdio_ui5_key":"applicationmanageresources-display-component---newResourceUnit--resourceId"}]}
RESULT: undefined
COMMAND: POST /session/ea2377afc02bbf13296b49c868bb39bc/execute/async - {"script":"<script> [776 bytes]","args":[{"enterText":"DzqTsYpRQq","selector":{"id":"application-manageresources-display-component---newResourceUnit--resourceId","interaction":{"idSuffix":"inner"}},"clearTextFirst":true,"interactionType":"ENTER_TEXT"}]}
RESULT: {}
RESULT: {"script":"<script> [776 bytes]","args":[{"enterText":"DzqTsYpRQq","selector":{"id":"application-manageresources-display-component---newResourceUnit--resourceId","interaction":{"idSuffix":"inner"}},"clearTextFirst":true,"interactionType":"ENTER_TEXT"}]}
COMMAND: POST /session/ea2377afc02bbf13296b49c868bb39bc/execute/async - {"script":"<script> [1562 bytes]","args":[{"selector":{"id":"application-manageresources-display-component---newResourceUnit--SHORT_TEXT","interaction":{"idSuffix":"inner"}},"wdio_ui5_key":"applicationmanageresources-display-component---newResourceUnit--SHORT_TEXT"}]}
RESULT: {"script":"<script> [1562 bytes]","args":[{"selector":{"id":"application-manageresources-display-component---newResourceUnit--SHORT_TEXT","interaction":{"idSuffix":"inner"}},"wdio_ui5_key":"applicationmanageresources-display-component---newResourceUnit--SHORT_TEXT"}]}
RESULT: undefined
COMMAND: POST /session/ea2377afc02bbf13296b49c868bb39bc/execute/async - {"script":"<script> [776 bytes]","args":[{"enterText":"Intercompany Equipment WDIO","selector":{"id":"application-manageresources-display-component---newResourceUnit--SHORT_TEXT","interaction":{"idSuffix":"inner"}},"clearTextFirst":true,"interactionType":"ENTER_TEXT"}]}
RESULT: {"script":"<script> [776 bytes]","args":[{"enterText":"Intercompany Equipment WDIO","selector":{"id":"application-manageresources-display-component---newResourceUnit--SHORT_TEXT","interaction":{"idSuffix":"inner"}},"clearTextFirst":true,"interactionType":"ENTER_TEXT"}]}
COMMAND: POST /session/ea2377afc02bbf13296b49c868bb39bc/execute/async - {"script":"<script> [1562 bytes]","args":[{"selector":{"id":"application-manageresources-display-component---newResourceUnit--BASE_UNIT_OF_MEASURE","interaction":{"idSuffix":"inner"}},"wdio_ui5_key":"applicationmanageresources-display-component---newResourceUnit--BASE_UNIT_OF_MEASURE"}]}
RESULT: {"script":"<script> [1562 bytes]","args":[{"selector":{"id":"application-manageresources-display-component---newResourceUnit--BASE_UNIT_OF_MEASURE","interaction":{"idSuffix":"inner"}},"wdio_ui5_key":"applicationmanageresources-display-component---newResourceUnit--BASE_UNIT_OF_MEASURE"}]}
RESULT: undefined
COMMAND: POST /session/ea2377afc02bbf13296b49c868bb39bc/execute/async - {"script":"<script> [776 bytes]","args":[{"enterText":"Piece","selector":{"id":"application-manageresources-display-component---newResourceUnit--BASE_UNIT_OF_MEASURE","interaction":{"idSuffix":"inner"}},"clearTextFirst":true,"interactionType":"ENTER_TEXT"}]}
RESULT: {"script":"<script> [776 bytes]","args":[{"enterText":"Piece","selector":{"id":"application-manageresources-display-component---newResourceUnit--BASE_UNIT_OF_MEASURE","interaction":{"idSuffix":"inner"}},"clearTextFirst":true,"interactionType":"ENTER_TEXT"}]}
COMMAND: POST /session/ea2377afc02bbf13296b49c868bb39bc/execute/async - {"script":"<script> [1562 bytes]","args":[{"selector":{"id":"application-manageresources-display-component---newResourceUnit--WEIGHT_UNIT","interaction":{"idSuffix":"inner"}},"wdio_ui5_key":"applicationmanageresources-display-component---newResourceUnit--WEIGHT_UNIT"}]}
RESULT: {"script":"<script> [1562 bytes]","args":[{"selector":{"id":"application-manageresources-display-component---newResourceUnit--WEIGHT_UNIT","interaction":{"idSuffix":"inner"}},"wdio_ui5_key":"applicationmanageresources-display-component---newResourceUnit--WEIGHT_UNIT"}]}
RESULT: undefined
COMMAND: POST /session/ea2377afc02bbf13296b49c868bb39bc/execute/async - {"script":"<script> [776 bytes]","args":[{"enterText":"Gram","selector":{"id":"application-manageresources-display-component---newResourceUnit--WEIGHT_UNIT","interaction":{"idSuffix":"inner"}},"clearTextFirst":true,"interactionType":"ENTER_TEXT"}]}
RESULT: {"script":"<script> [776 bytes]","args":[{"enterText":"Gram","selector":{"id":"application-manageresources-display-component---newResourceUnit--WEIGHT_UNIT","interaction":{"idSuffix":"inner"}},"clearTextFirst":true,"interactionType":"ENTER_TEXT"}]}
COMMAND: POST /session/ea2377afc02bbf13296b49c868bb39bc/execute/async - {"script":"<script> [1562 bytes]","args":[{"selector":{"id":"application-manageresources-display-component---newResourceUnit--DIMENSION_UNIT","interaction":{"idSuffix":"inner"}},"wdio_ui5_key":"applicationmanageresources-display-component---newResourceUnit--DIMENSION_UNIT"}]}
RESULT: {"script":"<script> [1562 bytes]","args":[{"selector":{"id":"application-manageresources-display-component---newResourceUnit--DIMENSION_UNIT","interaction":{"idSuffix":"inner"}},"wdio_ui5_key":"applicationmanageresources-display-component---newResourceUnit--DIMENSION_UNIT"}]}
RESULT: undefined
COMMAND: POST /session/ea2377afc02bbf13296b49c868bb39bc/execute/async - {"script":"<script> [776 bytes]","args":[{"enterText":"Meter","selector":{"id":"application-manageresources-display-component---newResourceUnit--DIMENSION_UNIT","interaction":{"idSuffix":"inner"}},"clearTextFirst":true,"interactionType":"ENTER_TEXT"}]}
RESULT: {"script":"<script> [776 bytes]","args":[{"enterText":"Meter","selector":{"id":"application-manageresources-display-component---newResourceUnit--DIMENSION_UNIT","interaction":{"idSuffix":"inner"}},"clearTextFirst":true,"interactionType":"ENTER_TEXT"}]}
COMMAND: POST /session/ea2377afc02bbf13296b49c868bb39bc/execute/async - {"script":"<script> [1562 bytes]","args":[{"selector":{"id":"application-manageresources-display-component---newResourceUnit--newRRUPage-anchBar-application-manageresources-display-component---newResourceUnit--control-anchor","interaction":{"idSuffix":"BDI-content"}},"wdio_ui5_key":"applicationmanageresources-display-component---newResourceUnit--newRRUPage-anchBar-application-manageresources-display-component---newResourceUnit--control-anchor"}]}
RESULT: {"script":"<script> [1562 bytes]","args":[{"selector":{"id":"application-manageresources-display-component---newResourceUnit--newRRUPage-anchBar-application-manageresources-display-component---newResourceUnit--control-anchor","interaction":{"idSuffix":"BDI-content"}},"wdio_ui5_key":"applicationmanageresources-display-component---newResourceUnit--newRRUPage-anchBar-application-manageresources-display-component---newResourceUnit--control-anchor"}]}
RESULT: undefined
COMMAND: POST /session/ea2377afc02bbf13296b49c868bb39bc/element - {"using":"xpath","value":"//*[@id=\"application-manageresources-display-component---newResourceUnit--newRRUPage-anchBar-application-manageresources-display-component---newResourceUnit--control-anchor\"]"}
RESULT: {"using":"xpath","value":"//*[@id=\"application-manageresources-display-component---newResourceUnit--newRRUPage-anchBar-application-manageresources-display-component---newResourceUnit--control-anchor\"]"}
COMMAND: POST /session/ea2377afc02bbf13296b49c868bb39bc/element/f.E22896224DAB0D107D3E889F8C0ECED7.d.27B499B5DFEEF6A8CD0119F5242295C4.e.9498/click - {}
RESULT: {}
COMMAND: POST /session/ea2377afc02bbf13296b49c868bb39bc/execute/async - {"script":"<script> [1562 bytes]","args":[{"selector":{"id":"application-manageresources-display-component---newResourceUnit--PLANNING_GROUP","interaction":{"idSuffix":"inner"}},"wdio_ui5_key":"applicationmanageresources-display-component---newResourceUnit--PLANNING_GROUP"}]}
COMMAND: GET /session/ea2377afc02bbf13296b49c868bb39bc/screenshot - {}
RESULT: {"script":"<script> [1562 bytes]","args":[{"selector":{"id":"application-manageresources-display-component---newResourceUnit--PLANNING_GROUP","interaction":{"idSuffix":"inner"}},"wdio_ui5_key":"applicationmanageresources-display-component---newResourceUnit--PLANNING_GROUP"}]}
RESULT: undefined
COMMAND: POST /session/ea2377afc02bbf13296b49c868bb39bc/execute/async - {"script":"<script> [776 bytes]","args":[{"enterText":"Heavy Equi","selector":{"id":"application-manageresources-display-component---newResourceUnit--PLANNING_GROUP","interaction":{"idSuffix":"inner"}},"clearTextFirst":true,"interactionType":"ENTER_TEXT"}]}
RESULT: {}
RESULT: {"script":"<script> [776 bytes]","args":[{"enterText":"Heavy Equi","selector":{"id":"application-manageresources-display-component---newResourceUnit--PLANNING_GROUP","interaction":{"idSuffix":"inner"}},"clearTextFirst":true,"interactionType":"ENTER_TEXT"}]}
COMMAND: POST /session/ea2377afc02bbf13296b49c868bb39bc/execute/async - {"script":"<script> [1562 bytes]","args":[{"selector":{"id":"application-manageresources-display-component---newResourceUnit--ITEM_TYPE-arrow"},"wdio_ui5_key":"applicationmanageresources-display-component---newResourceUnit--ITEM_TYPE-arrow"}]}
RESULT: {"script":"<script> [1562 bytes]","args":[{"selector":{"id":"application-manageresources-display-component---newResourceUnit--ITEM_TYPE-arrow"},"wdio_ui5_key":"applicationmanageresources-display-component---newResourceUnit--ITEM_TYPE-arrow"}]}
RESULT: undefined
COMMAND: POST /session/ea2377afc02bbf13296b49c868bb39bc/element - {"using":"xpath","value":"//*[@id=\"application-manageresources-display-component---newResourceUnit--ITEM_TYPE-arrow\"]"}
RESULT: {"using":"xpath","value":"//*[@id=\"application-manageresources-display-component---newResourceUnit--ITEM_TYPE-arrow\"]"}
COMMAND: POST /session/ea2377afc02bbf13296b49c868bb39bc/element/f.E22896224DAB0D107D3E889F8C0ECED7.d.27B499B5DFEEF6A8CD0119F5242295C4.e.9506/click - {}
RESULT: {}
COMMAND: POST /session/ea2377afc02bbf13296b49c868bb39bc/element - {"using":"xpath","value":"(//span[contains(text(), \"Resource Unit\")])[2]"}
COMMAND: GET /session/ea2377afc02bbf13296b49c868bb39bc/screenshot - {}
RESULT: {"using":"xpath","value":"(//span[contains(text(), \"Resource Unit\")])[2]"}
COMMAND: POST /session/ea2377afc02bbf13296b49c868bb39bc/element/f.E22896224DAB0D107D3E889F8C0ECED7.d.27B499B5DFEEF6A8CD0119F5242295C4.e.9507/click - {}
RESULT: {}
RESULT: {}
COMMAND: GET /session/ea2377afc02bbf13296b49c868bb39bc/screenshot - {}
RESULT: {}
COMMAND: POST /session/ea2377afc02bbf13296b49c868bb39bc/element - {"using":"css selector","value":"#application-manageresources-display-component---newResourceUnit--btnAddTimeSegment"}
RESULT: {"using":"css selector","value":"#application-manageresources-display-component---newResourceUnit--btnAddTimeSegment"}
COMMAND: GET /session/ea2377afc02bbf13296b49c868bb39bc/element/f.E22896224DAB0D107D3E889F8C0ECED7.d.27B499B5DFEEF6A8CD0119F5242295C4.e.9508/rect - {}
RESULT: {}
COMMAND: GET /session/ea2377afc02bbf13296b49c868bb39bc/window/rect - {}
RESULT: {}
COMMAND: POST /session/ea2377afc02bbf13296b49c868bb39bc/execute/sync - {"script":"<script> [92 bytes]","args":[]}
RESULT: {"script":"<script> [92 bytes]","args":[]}
COMMAND: POST /session/ea2377afc02bbf13296b49c868bb39bc/actions - {"actions":[{"id":"action32","type":"wheel","parameters":{},"actions":[{"type":"scroll","x":-1888,"y":-32,"deltaX":0,"deltaY":0,"duration":0,"origin":{"element-6066-11e4-a52e-4f735466cecf":"f.E22896224DAB0D107D3E889F8C0ECED7.d.27B499B5DFEEF6A8CD0119F5242295C4.e.9508"}}]}]}
COMMAND: GET /session/ea2377afc02bbf13296b49c868bb39bc/screenshot - {}
RESULT: {}
COMMAND: POST /session/ea2377afc02bbf13296b49c868bb39bc/execute/sync - {"script":"<script> [79 bytes]","args":[{"element-6066-11e4-a52e-4f735466cecf":"f.E22896224DAB0D107D3E889F8C0ECED7.d.27B499B5DFEEF6A8CD0119F5242295C4.e.9508","ELEMENT":"f.E22896224DAB0D107D3E889F8C0ECED7.d.27B499B5DFEEF6A8CD0119F5242295C4.e.9508"},{"block":"start","inline":"nearest"}]}
RESULT: {"script":"<script> [79 bytes]","args":[{"element-6066-11e4-a52e-4f735466cecf":"f.E22896224DAB0D107D3E889F8C0ECED7.d.27B499B5DFEEF6A8CD0119F5242295C4.e.9508","ELEMENT":"f.E22896224DAB0D107D3E889F8C0ECED7.d.27B499B5DFEEF6A8CD0119F5242295C4.e.9508"},{"block":"start","inline":"nearest"}]}
COMMAND: POST /session/ea2377afc02bbf13296b49c868bb39bc/execute/async - {"script":"<script> [1562 bytes]","args":[{"selector":{"id":"application-manageresources-display-component---newResourceUnit--btnAddTimeSegment","interaction":{"idSuffix":"inner"}},"wdio_ui5_key":"applicationmanageresources-display-component---newResourceUnit--btnAddTimeSegment"}]}
COMMAND: GET /session/ea2377afc02bbf13296b49c868bb39bc/screenshot - {}
RESULT: {"script":"<script> [1562 bytes]","args":[{"selector":{"id":"application-manageresources-display-component---newResourceUnit--btnAddTimeSegment","interaction":{"idSuffix":"inner"}},"wdio_ui5_key":"applicationmanageresources-display-component---newResourceUnit--btnAddTimeSegment"}]}
RESULT: undefined
COMMAND: POST /session/ea2377afc02bbf13296b49c868bb39bc/element - {"using":"xpath","value":"//*[@id=\"application-manageresources-display-component---newResourceUnit--btnAddTimeSegment\"]"}
RESULT: {}
RESULT: {"using":"xpath","value":"//*[@id=\"application-manageresources-display-component---newResourceUnit--btnAddTimeSegment\"]"}
COMMAND: POST /session/ea2377afc02bbf13296b49c868bb39bc/element/f.E22896224DAB0D107D3E889F8C0ECED7.d.27B499B5DFEEF6A8CD0119F5242295C4.e.9508/click - {}
RESULT: {}
COMMAND: GET /session/ea2377afc02bbf13296b49c868bb39bc/screenshot - {}
RESULT: {}
COMMAND: POST /session/ea2377afc02bbf13296b49c868bb39bc/element - {"using":"xpath","value":"//input[@id=\"application-manageresources-display-component---newResourceUnit--idRuTSAdmin-application-manageresources-display-component---newResourceUnit--RUTimeSegment-0-inner\"]"}
RESULT: {"using":"xpath","value":"//input[@id=\"application-manageresources-display-component---newResourceUnit--idRuTSAdmin-application-manageresources-display-component---newResourceUnit--RUTimeSegment-0-inner\"]"}
COMMAND: POST /session/ea2377afc02bbf13296b49c868bb39bc/element/f.E22896224DAB0D107D3E889F8C0ECED7.d.27B499B5DFEEF6A8CD0119F5242295C4.e.9514/clear - {}
RESULT: {}
COMMAND: POST /session/ea2377afc02bbf13296b49c868bb39bc/element/f.E22896224DAB0D107D3E889F8C0ECED7.d.27B499B5DFEEF6A8CD0119F5242295C4.e.9514/value - {"text":"576"}
COMMAND: GET /session/ea2377afc02bbf13296b49c868bb39bc/screenshot - {}
RESULT: {"text":"576"}
COMMAND: GET /session/ea2377afc02bbf13296b49c868bb39bc/screenshot - {}
RESULT: {}
RESULT: {}
COMMAND: POST /session/ea2377afc02bbf13296b49c868bb39bc/element - {"using":"xpath","value":"//li[.//span[text()='576']]"}
RESULT: {"using":"xpath","value":"//li[.//span[text()='576']]"}
COMMAND: POST /session/ea2377afc02bbf13296b49c868bb39bc/element/f.E22896224DAB0D107D3E889F8C0ECED7.d.27B499B5DFEEF6A8CD0119F5242295C4.e.9526/click - {}
RESULT: {}
COMMAND: GET /session/ea2377afc02bbf13296b49c868bb39bc/screenshot - {}
RESULT: {}
COMMAND: POST /session/ea2377afc02bbf13296b49c868bb39bc/element - {"using":"xpath","value":"(//span[contains(@id, \"-application-manageresources-display-component---newResourceUnit--RUTimeSegment-0-arrow\")])[6]"}
RESULT: {"using":"xpath","value":"(//span[contains(@id, \"-application-manageresources-display-component---newResourceUnit--RUTimeSegment-0-arrow\")])[6]"}
COMMAND: POST /session/ea2377afc02bbf13296b49c868bb39bc/element/f.E22896224DAB0D107D3E889F8C0ECED7.d.27B499B5DFEEF6A8CD0119F5242295C4.e.9527/click - {}
RESULT: {}
COMMAND: GET /session/ea2377afc02bbf13296b49c868bb39bc/screenshot - {}
RESULT: {}
COMMAND: POST /session/ea2377afc02bbf13296b49c868bb39bc/element - {"using":"xpath","value":"//span[contains(text(), \"PM Order\")]"}
RESULT: {"using":"xpath","value":"//span[contains(text(), \"PM Order\")]"}
COMMAND: POST /session/ea2377afc02bbf13296b49c868bb39bc/element/f.E22896224DAB0D107D3E889F8C0ECED7.d.27B499B5DFEEF6A8CD0119F5242295C4.e.9530/click - {}
RESULT: {}
COMMAND: GET /session/ea2377afc02bbf13296b49c868bb39bc/screenshot - {}
RESULT: {}
COMMAND: POST /session/ea2377afc02bbf13296b49c868bb39bc/element - {"using":"xpath","value":"(//span[contains(@id ,\"manageresources-display-component---newResourceUnit--RUTimeSegment-0-vhi\")])[1]"}
RESULT: {"using":"xpath","value":"(//span[contains(@id ,\"manageresources-display-component---newResourceUnit--RUTimeSegment-0-vhi\")])[1]"}
COMMAND: GET /session/ea2377afc02bbf13296b49c868bb39bc/element/f.E22896224DAB0D107D3E889F8C0ECED7.d.27B499B5DFEEF6A8CD0119F5242295C4.e.9534/rect - {}
RESULT: {}
COMMAND: GET /session/ea2377afc02bbf13296b49c868bb39bc/window/rect - {}
RESULT: {}
COMMAND: POST /session/ea2377afc02bbf13296b49c868bb39bc/execute/sync - {"script":"<script> [92 bytes]","args":[]}
RESULT: {"script":"<script> [92 bytes]","args":[]}
COMMAND: POST /session/ea2377afc02bbf13296b49c868bb39bc/actions - {"actions":[{"id":"action33","type":"wheel","parameters":{},"actions":[{"type":"scroll","x":-869,"y":-24,"deltaX":0,"deltaY":0,"duration":0,"origin":{"element-6066-11e4-a52e-4f735466cecf":"f.E22896224DAB0D107D3E889F8C0ECED7.d.27B499B5DFEEF6A8CD0119F5242295C4.e.9534"}}]}]}
COMMAND: GET /session/ea2377afc02bbf13296b49c868bb39bc/screenshot - {}
RESULT: {"actions":[{"id":"action33","type":"wheel","parameters":{},"actions":[{"type":"scroll","x":-869,"y":-24,"deltaX":0,"deltaY":0,"duration":0,"origin":{"element-6066-11e4-a52e-4f735466cecf":"f.E22896224DAB0D107D3E889F8C0ECED7.d.27B499B5DFEEF6A8CD0119F5242295C4.e.9534"}}]}]}
COMMAND: DELETE /session/ea2377afc02bbf13296b49c868bb39bc/actions - {}
COMMAND: GET /session/ea2377afc02bbf13296b49c868bb39bc/screenshot - {}
RESULT: {}
RESULT: {}
COMMAND: GET /session/ea2377afc02bbf13296b49c868bb39bc/screenshot - {}
RESULT: {}
RESULT: {}
COMMAND: POST /session/ea2377afc02bbf13296b49c868bb39bc/element/f.E22896224DAB0D107D3E889F8C0ECED7.d.27B499B5DFEEF6A8CD0119F5242295C4.e.9534/click - {}
RESULT: {}
COMMAND: GET /session/ea2377afc02bbf13296b49c868bb39bc/screenshot - {}
RESULT: {}
COMMAND: POST /session/ea2377afc02bbf13296b49c868bb39bc/execute/async - {"script":"<script> [1562 bytes]","args":[{"selector":{"controlType":"sap.m.SearchField","properties":{"placeholder":"Search"},"searchOpenDialogs":true,"interaction":{"idSuffix":"I"}},"wdio_ui5_key":"sapm.SearchField{\"placeholder\":\"Search\"}"}]}
RESULT: {"script":"<script> [1562 bytes]","args":[{"selector":{"controlType":"sap.m.SearchField","properties":{"placeholder":"Search"},"searchOpenDialogs":true,"interaction":{"idSuffix":"I"}},"wdio_ui5_key":"sapm.SearchField{\"placeholder\":\"Search\"}"}]}
RESULT: undefined
COMMAND: POST /session/ea2377afc02bbf13296b49c868bb39bc/execute/async - {"script":"<script> [776 bytes]","args":[{"enterText":"4000360","selector":{"controlType":"sap.m.SearchField","properties":{"placeholder":"Search"},"searchOpenDialogs":true,"interaction":{"idSuffix":"I"}},"clearTextFirst":true,"interactionType":"ENTER_TEXT"}]}
RESULT: {"script":"<script> [776 bytes]","args":[{"enterText":"4000360","selector":{"controlType":"sap.m.SearchField","properties":{"placeholder":"Search"},"searchOpenDialogs":true,"interaction":{"idSuffix":"I"}},"clearTextFirst":true,"interactionType":"ENTER_TEXT"}]}
COMMAND: POST /session/ea2377afc02bbf13296b49c868bb39bc/actions - {"actions":[{"id":"action34","type":"key","parameters":{},"actions":[{"type":"keyDown","value":"î€‡"},{"type":"pause","duration":10},{"type":"keyUp","value":"î€‡"}]}]}
RESULT: {"actions":[{"id":"action34","type":"key","parameters":{},"actions":[{"type":"keyDown","value":"î€‡"},{"type":"pause","duration":10},{"type":"keyUp","value":"î€‡"}]}]}
COMMAND: GET /session/ea2377afc02bbf13296b49c868bb39bc/screenshot - {}
RESULT: {}
COMMAND: POST /session/ea2377afc02bbf13296b49c868bb39bc/element - {"using":"xpath","value":"//td/div/span[contains(text(), \"BGL Vehicles\")]"}
RESULT: {"using":"xpath","value":"//td/div/span[contains(text(), \"BGL Vehicles\")]"}
COMMAND: POST /session/ea2377afc02bbf13296b49c868bb39bc/element/f.E22896224DAB0D107D3E889F8C0ECED7.d.27B499B5DFEEF6A8CD0119F5242295C4.e.9556/click - {}
RESULT: {}
COMMAND: GET /session/ea2377afc02bbf13296b49c868bb39bc/screenshot - {}
RESULT: {}
COMMAND: POST /session/ea2377afc02bbf13296b49c868bb39bc/element - {"using":"xpath","value":"//bdi[contains(text(), \"OK\")]"}
RESULT: {"using":"xpath","value":"//bdi[contains(text(), \"OK\")]"}
COMMAND: POST /session/ea2377afc02bbf13296b49c868bb39bc/element/f.E22896224DAB0D107D3E889F8C0ECED7.d.27B499B5DFEEF6A8CD0119F5242295C4.e.9557/click - {}
RESULT: {}
COMMAND: GET /session/ea2377afc02bbf13296b49c868bb39bc/screenshot - {}
RESULT: {}
COMMAND: POST /session/ea2377afc02bbf13296b49c868bb39bc/execute/async - {"script":"<script> [1562 bytes]","args":[{"selector":{"id":"application-manageresources-display-component---newResourceUnit--newRRUPage-anchBar-application-manageresources-display-component---newResourceUnit--resource-anchor","interaction":{"idSuffix":"BDI-content"}},"wdio_ui5_key":"applicationmanageresources-display-component---newResourceUnit--newRRUPage-anchBar-application-manageresources-display-component---newResourceUnit--resource-anchor"}]}
RESULT: {"script":"<script> [1562 bytes]","args":[{"selector":{"id":"application-manageresources-display-component---newResourceUnit--newRRUPage-anchBar-application-manageresources-display-component---newResourceUnit--resource-anchor","interaction":{"idSuffix":"BDI-content"}},"wdio_ui5_key":"applicationmanageresources-display-component---newResourceUnit--newRRUPage-anchBar-application-manageresources-display-component---newResourceUnit--resource-anchor"}]}
RESULT: undefined
COMMAND: POST /session/ea2377afc02bbf13296b49c868bb39bc/element - {"using":"xpath","value":"//*[@id=\"application-manageresources-display-component---newResourceUnit--newRRUPage-anchBar-application-manageresources-display-component---newResourceUnit--resource-anchor\"]"}
RESULT: {"using":"xpath","value":"//*[@id=\"application-manageresources-display-component---newResourceUnit--newRRUPage-anchBar-application-manageresources-display-component---newResourceUnit--resource-anchor\"]"}
COMMAND: POST /session/ea2377afc02bbf13296b49c868bb39bc/element/f.E22896224DAB0D107D3E889F8C0ECED7.d.27B499B5DFEEF6A8CD0119F5242295C4.e.9561/click - {}
RESULT: {}
COMMAND: POST /session/ea2377afc02bbf13296b49c868bb39bc/execute/async - {"script":"<script> [1562 bytes]","args":[{"selector":{"id":"application-manageresources-display-component---newResourceUnit--PLANNED_DELIVERY_DATE","interaction":{"idSuffix":"inner"}},"wdio_ui5_key":"applicationmanageresources-display-component---newResourceUnit--PLANNED_DELIVERY_DATE"}]}
COMMAND: GET /session/ea2377afc02bbf13296b49c868bb39bc/screenshot - {}
RESULT: {"script":"<script> [1562 bytes]","args":[{"selector":{"id":"application-manageresources-display-component---newResourceUnit--PLANNED_DELIVERY_DATE","interaction":{"idSuffix":"inner"}},"wdio_ui5_key":"applicationmanageresources-display-component---newResourceUnit--PLANNED_DELIVERY_DATE"}]}
RESULT: undefined
COMMAND: POST /session/ea2377afc02bbf13296b49c868bb39bc/execute/async - {"script":"<script> [6424 bytes]","args":[{"element-6066-11e4-a52e-4f735466cecf":"f.E22896224DAB0D107D3E889F8C0ECED7.d.27B499B5DFEEF6A8CD0119F5242295C4.e.9423"},"setValue",["5/20/25"]]}
RESULT: {}
RESULT: {"script":"<script> [6424 bytes]","args":[{"element-6066-11e4-a52e-4f735466cecf":"f.E22896224DAB0D107D3E889F8C0ECED7.d.27B499B5DFEEF6A8CD0119F5242295C4.e.9423"},"setValue",["5/20/25"]]}
COMMAND: POST /session/ea2377afc02bbf13296b49c868bb39bc/element - {"using":"xpath","value":"//label[contains(@class, 'sapMLabelRequired') and .//bdi[contains(text(), 'Planned Retirement')]]"}
RESULT: {"using":"xpath","value":"//label[contains(@class, 'sapMLabelRequired') and .//bdi[contains(text(), 'Planned Retirement')]]"}
COMMAND: POST /session/ea2377afc02bbf13296b49c868bb39bc/elements - {"using":"xpath","value":"//label[contains(@class, 'sapMLabelRequired') and .//bdi[contains(text(), 'Planned Retirement')]]"}
RESULT: {"using":"xpath","value":"//label[contains(@class, 'sapMLabelRequired') and .//bdi[contains(text(), 'Planned Retirement')]]"}
COMMAND: POST /session/ea2377afc02bbf13296b49c868bb39bc/element - {"using":"xpath","value":"//button[@data-kt=\"resourceUnitSaveButton\"]"}
RESULT: {"using":"xpath","value":"//button[@data-kt=\"resourceUnitSaveButton\"]"}
COMMAND: POST /session/ea2377afc02bbf13296b49c868bb39bc/element/f.E22896224DAB0D107D3E889F8C0ECED7.d.27B499B5DFEEF6A8CD0119F5242295C4.e.9383/click - {}
RESULT: {}
COMMAND: GET /session/ea2377afc02bbf13296b49c868bb39bc/screenshot - {}
RESULT: {}
COMMAND: POST /session/ea2377afc02bbf13296b49c868bb39bc/element - {"using":"xpath","value":"//bdi[contains(text(), \"Close\")]"}
RESULT: {"using":"xpath","value":"//bdi[contains(text(), \"Close\")]"}
COMMAND: POST /session/ea2377afc02bbf13296b49c868bb39bc/element/f.E22896224DAB0D107D3E889F8C0ECED7.d.27B499B5DFEEF6A8CD0119F5242295C4.e.9569/click - {}
RESULT: {}
COMMAND: GET /session/ea2377afc02bbf13296b49c868bb39bc/screenshot - {}
RESULT: {}
COMMAND: POST /session/ea2377afc02bbf13296b49c868bb39bc/element - {"using":"xpath","value":"(//button[contains(@id ,\"actionsToolbar-overflowButton\")])[1]"}
RESULT: {"using":"xpath","value":"(//button[contains(@id ,\"actionsToolbar-overflowButton\")])[1]"}
COMMAND: POST /session/ea2377afc02bbf13296b49c868bb39bc/element/f.E22896224DAB0D107D3E889F8C0ECED7.d.27B499B5DFEEF6A8CD0119F5242295C4.e.9626/click - {}
RESULT: {}
COMMAND: GET /session/ea2377afc02bbf13296b49c868bb39bc/screenshot - {}
RESULT: {}
COMMAND: POST /session/ea2377afc02bbf13296b49c868bb39bc/element - {"using":"xpath","value":"//button[@data-kt=\"priceInfoButton\"]"}
RESULT: {"using":"xpath","value":"//button[@data-kt=\"priceInfoButton\"]"}
COMMAND: POST /session/ea2377afc02bbf13296b49c868bb39bc/element/f.E22896224DAB0D107D3E889F8C0ECED7.d.27B499B5DFEEF6A8CD0119F5242295C4.e.9628/click - {}
RESULT: {}
COMMAND: GET /session/ea2377afc02bbf13296b49c868bb39bc/screenshot - {}
]]></system-out>
    </testcase>
    <testcase classname="chrome.136_0_7103_93.windows.Billing_Transfer_-_Intracompany_US127249" name="Should create a pricing procedure" time="55.43">
      <system-out><![CDATA[
COMMAND: POST /session/ea2377afc02bbf13296b49c868bb39bc/element - {"using":"xpath","value":"//button[@data-kt=\"addButton\"]"}
RESULT: {}
RESULT: {"using":"xpath","value":"//button[@data-kt=\"addButton\"]"}
COMMAND: POST /session/ea2377afc02bbf13296b49c868bb39bc/elements - {"using":"xpath","value":"//button[@data-kt=\"addButton\"]"}
RESULT: {"using":"xpath","value":"//button[@data-kt=\"addButton\"]"}
COMMAND: POST /session/ea2377afc02bbf13296b49c868bb39bc/elements - {"using":"xpath","value":"//button[@data-kt=\"addButton\"]"}
RESULT: {"using":"xpath","value":"//button[@data-kt=\"addButton\"]"}
COMMAND: POST /session/ea2377afc02bbf13296b49c868bb39bc/element - {"using":"xpath","value":"//button[@data-kt=\"addButton\"]"}
RESULT: {"using":"xpath","value":"//button[@data-kt=\"addButton\"]"}
COMMAND: POST /session/ea2377afc02bbf13296b49c868bb39bc/execute/sync - {"script":"<script> [8489 bytes]","args":[{"element-6066-11e4-a52e-4f735466cecf":"f.E22896224DAB0D107D3E889F8C0ECED7.d.27B499B5DFEEF6A8CD0119F5242295C4.e.9664","ELEMENT":"f.E22896224DAB0D107D3E889F8C0ECED7.d.27B499B5DFEEF6A8CD0119F5242295C4.e.9664"}]}
RESULT: {"script":"<script> [8489 bytes]","args":[{"element-6066-11e4-a52e-4f735466cecf":"f.E22896224DAB0D107D3E889F8C0ECED7.d.27B499B5DFEEF6A8CD0119F5242295C4.e.9664","ELEMENT":"f.E22896224DAB0D107D3E889F8C0ECED7.d.27B499B5DFEEF6A8CD0119F5242295C4.e.9664"}]}
COMMAND: GET /session/ea2377afc02bbf13296b49c868bb39bc/element/f.E22896224DAB0D107D3E889F8C0ECED7.d.27B499B5DFEEF6A8CD0119F5242295C4.e.9664/enabled - {}
COMMAND: GET /session/ea2377afc02bbf13296b49c868bb39bc/screenshot - {}
RESULT: {}
COMMAND: POST /session/ea2377afc02bbf13296b49c868bb39bc/execute/sync - {"script":"<script> [8489 bytes]","args":[{"element-6066-11e4-a52e-4f735466cecf":"f.E22896224DAB0D107D3E889F8C0ECED7.d.27B499B5DFEEF6A8CD0119F5242295C4.e.9664","ELEMENT":"f.E22896224DAB0D107D3E889F8C0ECED7.d.27B499B5DFEEF6A8CD0119F5242295C4.e.9664"}]}
COMMAND: GET /session/ea2377afc02bbf13296b49c868bb39bc/screenshot - {}
RESULT: {}
RESULT: {"script":"<script> [8489 bytes]","args":[{"element-6066-11e4-a52e-4f735466cecf":"f.E22896224DAB0D107D3E889F8C0ECED7.d.27B499B5DFEEF6A8CD0119F5242295C4.e.9664","ELEMENT":"f.E22896224DAB0D107D3E889F8C0ECED7.d.27B499B5DFEEF6A8CD0119F5242295C4.e.9664"}]}
COMMAND: POST /session/ea2377afc02bbf13296b49c868bb39bc/execute/sync - {"script":"<script> [5351 bytes]","args":[{"element-6066-11e4-a52e-4f735466cecf":"f.E22896224DAB0D107D3E889F8C0ECED7.d.27B499B5DFEEF6A8CD0119F5242295C4.e.9664","ELEMENT":"f.E22896224DAB0D107D3E889F8C0ECED7.d.27B499B5DFEEF6A8CD0119F5242295C4.e.9664"}]}
COMMAND: GET /session/ea2377afc02bbf13296b49c868bb39bc/screenshot - {}
RESULT: {}
RESULT: {"script":"<script> [5351 bytes]","args":[{"element-6066-11e4-a52e-4f735466cecf":"f.E22896224DAB0D107D3E889F8C0ECED7.d.27B499B5DFEEF6A8CD0119F5242295C4.e.9664","ELEMENT":"f.E22896224DAB0D107D3E889F8C0ECED7.d.27B499B5DFEEF6A8CD0119F5242295C4.e.9664"}]}
COMMAND: POST /session/ea2377afc02bbf13296b49c868bb39bc/element/f.E22896224DAB0D107D3E889F8C0ECED7.d.27B499B5DFEEF6A8CD0119F5242295C4.e.9664/click - {}
COMMAND: GET /session/ea2377afc02bbf13296b49c868bb39bc/screenshot - {}
RESULT: {}
RESULT: {}
COMMAND: GET /session/ea2377afc02bbf13296b49c868bb39bc/screenshot - {}
RESULT: {}
RESULT: {}
COMMAND: POST /session/ea2377afc02bbf13296b49c868bb39bc/execute/async - {"script":"<script> [1562 bytes]","args":[{"selector":{"controlType":"sap.m.Title","viewName":"etm.portal.ui.managepricingrules.view.NewItem","viewId":"application-managepricingrules-display-component---newInfoPriceItem","properties":{"text":"New Pricing Rules - Item Level"}},"wdio_ui5_key":"etmportal.ui.managepricingrules.view.NewItemsap.m.Title{\"text\":\"New Pricing Rules - Item Level\"}"}]}
RESULT: {"script":"<script> [1562 bytes]","args":[{"selector":{"controlType":"sap.m.Title","viewName":"etm.portal.ui.managepricingrules.view.NewItem","viewId":"application-managepricingrules-display-component---newInfoPriceItem","properties":{"text":"New Pricing Rules - Item Level"}},"wdio_ui5_key":"etmportal.ui.managepricingrules.view.NewItemsap.m.Title{\"text\":\"New Pricing Rules - Item Level\"}"}]}
RESULT: undefined
COMMAND: POST /session/ea2377afc02bbf13296b49c868bb39bc/execute/async - {"script":"<script> [6424 bytes]","args":[{"element-6066-11e4-a52e-4f735466cecf":"f.E22896224DAB0D107D3E889F8C0ECED7.d.27B499B5DFEEF6A8CD0119F5242295C4.e.9745"},"getText",[]]}
RESULT: {"script":"<script> [6424 bytes]","args":[{"element-6066-11e4-a52e-4f735466cecf":"f.E22896224DAB0D107D3E889F8C0ECED7.d.27B499B5DFEEF6A8CD0119F5242295C4.e.9745"},"getText",[]]}
COMMAND: POST /session/ea2377afc02bbf13296b49c868bb39bc/execute/async - {"script":"<script> [1562 bytes]","args":[{"selector":{"id":"application-managepricingrules-display-component---newInfoPriceItem--condValidTo","interaction":{"idSuffix":"inner"}},"wdio_ui5_key":"applicationmanagepricingrules-display-component---newInfoPriceItem--condValidTo"}]}
RESULT: {"script":"<script> [1562 bytes]","args":[{"selector":{"id":"application-managepricingrules-display-component---newInfoPriceItem--condValidTo","interaction":{"idSuffix":"inner"}},"wdio_ui5_key":"applicationmanagepricingrules-display-component---newInfoPriceItem--condValidTo"}]}
RESULT: undefined
COMMAND: POST /session/ea2377afc02bbf13296b49c868bb39bc/execute/async - {"script":"<script> [776 bytes]","args":[{"enterText":"1/20/26","selector":{"id":"application-managepricingrules-display-component---newInfoPriceItem--condValidTo","interaction":{"idSuffix":"inner"}},"clearTextFirst":true,"interactionType":"ENTER_TEXT"}]}
RESULT: {"script":"<script> [776 bytes]","args":[{"enterText":"1/20/26","selector":{"id":"application-managepricingrules-display-component---newInfoPriceItem--condValidTo","interaction":{"idSuffix":"inner"}},"clearTextFirst":true,"interactionType":"ENTER_TEXT"}]}
COMMAND: POST /session/ea2377afc02bbf13296b49c868bb39bc/execute/async - {"script":"<script> [1562 bytes]","args":[{"selector":{"id":"application-managepricingrules-display-component---newInfoPriceItem--billType-arrow"},"wdio_ui5_key":"applicationmanagepricingrules-display-component---newInfoPriceItem--billType-arrow"}]}
RESULT: {"script":"<script> [1562 bytes]","args":[{"selector":{"id":"application-managepricingrules-display-component---newInfoPriceItem--billType-arrow"},"wdio_ui5_key":"applicationmanagepricingrules-display-component---newInfoPriceItem--billType-arrow"}]}
RESULT: undefined
COMMAND: POST /session/ea2377afc02bbf13296b49c868bb39bc/element - {"using":"xpath","value":"//*[@id=\"application-managepricingrules-display-component---newInfoPriceItem--billType-arrow\"]"}
RESULT: {"using":"xpath","value":"//*[@id=\"application-managepricingrules-display-component---newInfoPriceItem--billType-arrow\"]"}
COMMAND: POST /session/ea2377afc02bbf13296b49c868bb39bc/element/f.E22896224DAB0D107D3E889F8C0ECED7.d.27B499B5DFEEF6A8CD0119F5242295C4.e.9747/click - {}
RESULT: {}
COMMAND: POST /session/ea2377afc02bbf13296b49c868bb39bc/element - {"using":"xpath","value":"//span[contains(text(), \"TB - Time based\")]"}
COMMAND: GET /session/ea2377afc02bbf13296b49c868bb39bc/screenshot - {}
RESULT: {"using":"xpath","value":"//span[contains(text(), \"TB - Time based\")]"}
COMMAND: POST /session/ea2377afc02bbf13296b49c868bb39bc/element/f.E22896224DAB0D107D3E889F8C0ECED7.d.27B499B5DFEEF6A8CD0119F5242295C4.e.9748/click - {}
RESULT: {}
RESULT: {}
COMMAND: POST /session/ea2377afc02bbf13296b49c868bb39bc/execute/async - {"script":"<script> [1562 bytes]","args":[{"selector":{"id":"application-managepricingrules-display-component---newInfoPriceItem--priceProc-arrow"},"wdio_ui5_key":"applicationmanagepricingrules-display-component---newInfoPriceItem--priceProc-arrow"}]}
COMMAND: GET /session/ea2377afc02bbf13296b49c868bb39bc/screenshot - {}
RESULT: {"script":"<script> [1562 bytes]","args":[{"selector":{"id":"application-managepricingrules-display-component---newInfoPriceItem--priceProc-arrow"},"wdio_ui5_key":"applicationmanagepricingrules-display-component---newInfoPriceItem--priceProc-arrow"}]}
RESULT: undefined
COMMAND: POST /session/ea2377afc02bbf13296b49c868bb39bc/element - {"using":"xpath","value":"//*[@id=\"application-managepricingrules-display-component---newInfoPriceItem--priceProc-arrow\"]"}
RESULT: {}
RESULT: {"using":"xpath","value":"//*[@id=\"application-managepricingrules-display-component---newInfoPriceItem--priceProc-arrow\"]"}
COMMAND: POST /session/ea2377afc02bbf13296b49c868bb39bc/element/f.E22896224DAB0D107D3E889F8C0ECED7.d.27B499B5DFEEF6A8CD0119F5242295C4.e.9749/click - {}
RESULT: {}
COMMAND: POST /session/ea2377afc02bbf13296b49c868bb39bc/element - {"using":"xpath","value":"//span[contains(text(), \"TBS - Time based standard\")]"}
COMMAND: GET /session/ea2377afc02bbf13296b49c868bb39bc/screenshot - {}
RESULT: {"using":"xpath","value":"//span[contains(text(), \"TBS - Time based standard\")]"}
COMMAND: POST /session/ea2377afc02bbf13296b49c868bb39bc/element/f.E22896224DAB0D107D3E889F8C0ECED7.d.27B499B5DFEEF6A8CD0119F5242295C4.e.9750/click - {}
RESULT: {}
RESULT: {}
COMMAND: POST /session/ea2377afc02bbf13296b49c868bb39bc/execute/async - {"script":"<script> [1562 bytes]","args":[{"selector":{"id":"application-managepricingrules-display-component---newInfoPriceItem--calcBase-arrow"},"wdio_ui5_key":"applicationmanagepricingrules-display-component---newInfoPriceItem--calcBase-arrow"}]}
COMMAND: GET /session/ea2377afc02bbf13296b49c868bb39bc/screenshot - {}
RESULT: {"script":"<script> [1562 bytes]","args":[{"selector":{"id":"application-managepricingrules-display-component---newInfoPriceItem--calcBase-arrow"},"wdio_ui5_key":"applicationmanagepricingrules-display-component---newInfoPriceItem--calcBase-arrow"}]}
RESULT: undefined
COMMAND: POST /session/ea2377afc02bbf13296b49c868bb39bc/element - {"using":"xpath","value":"//*[@id=\"application-managepricingrules-display-component---newInfoPriceItem--calcBase-arrow\"]"}
RESULT: {}
RESULT: {"using":"xpath","value":"//*[@id=\"application-managepricingrules-display-component---newInfoPriceItem--calcBase-arrow\"]"}
COMMAND: POST /session/ea2377afc02bbf13296b49c868bb39bc/element/f.E22896224DAB0D107D3E889F8C0ECED7.d.27B499B5DFEEF6A8CD0119F5242295C4.e.9751/click - {}
RESULT: {}
COMMAND: GET /session/ea2377afc02bbf13296b49c868bb39bc/screenshot - {}
RESULT: {}
COMMAND: POST /session/ea2377afc02bbf13296b49c868bb39bc/element - {"using":"xpath","value":"//span[contains(text(), \"0006 - TB(calendar days)\")]"}
RESULT: {"using":"xpath","value":"//span[contains(text(), \"0006 - TB(calendar days)\")]"}
COMMAND: POST /session/ea2377afc02bbf13296b49c868bb39bc/element/f.E22896224DAB0D107D3E889F8C0ECED7.d.27B499B5DFEEF6A8CD0119F5242295C4.e.9752/click - {}
RESULT: {}
COMMAND: GET /session/ea2377afc02bbf13296b49c868bb39bc/screenshot - {}
RESULT: {}
COMMAND: POST /session/ea2377afc02bbf13296b49c868bb39bc/execute/async - {"script":"<script> [1562 bytes]","args":[{"selector":{"id":"application-managepricingrules-display-component---newInfoPriceItem--daysMonth","interaction":{"idSuffix":"inner"}},"wdio_ui5_key":"applicationmanagepricingrules-display-component---newInfoPriceItem--daysMonth"}]}
RESULT: {"script":"<script> [1562 bytes]","args":[{"selector":{"id":"application-managepricingrules-display-component---newInfoPriceItem--daysMonth","interaction":{"idSuffix":"inner"}},"wdio_ui5_key":"applicationmanagepricingrules-display-component---newInfoPriceItem--daysMonth"}]}
RESULT: undefined
COMMAND: POST /session/ea2377afc02bbf13296b49c868bb39bc/execute/async - {"script":"<script> [776 bytes]","args":[{"enterText":"30","selector":{"id":"application-managepricingrules-display-component---newInfoPriceItem--daysMonth","interaction":{"idSuffix":"inner"}},"clearTextFirst":true,"interactionType":"ENTER_TEXT"}]}
RESULT: {"script":"<script> [776 bytes]","args":[{"enterText":"30","selector":{"id":"application-managepricingrules-display-component---newInfoPriceItem--daysMonth","interaction":{"idSuffix":"inner"}},"clearTextFirst":true,"interactionType":"ENTER_TEXT"}]}
COMMAND: POST /session/ea2377afc02bbf13296b49c868bb39bc/element - {"using":"xpath","value":"//button[@data-kt=\"saveNewRuleButton\"]"}
RESULT: {"using":"xpath","value":"//button[@data-kt=\"saveNewRuleButton\"]"}
COMMAND: POST /session/ea2377afc02bbf13296b49c868bb39bc/element/f.E22896224DAB0D107D3E889F8C0ECED7.d.27B499B5DFEEF6A8CD0119F5242295C4.e.9754/click - {}
RESULT: {}
COMMAND: GET /session/ea2377afc02bbf13296b49c868bb39bc/screenshot - {}
RESULT: {}
COMMAND: POST /session/ea2377afc02bbf13296b49c868bb39bc/execute/async - {"script":"<script> [1562 bytes]","args":[{"selector":{"id":"application-managepricingrules-display-component---priceInfoItem--smartFilterBar-btnBasicSearch","interaction":{"idSuffix":"I"}},"wdio_ui5_key":"applicationmanagepricingrules-display-component---priceInfoItem--smartFilterBar-btnBasicSearch"}]}
RESULT: {"script":"<script> [1562 bytes]","args":[{"selector":{"id":"application-managepricingrules-display-component---priceInfoItem--smartFilterBar-btnBasicSearch","interaction":{"idSuffix":"I"}},"wdio_ui5_key":"applicationmanagepricingrules-display-component---priceInfoItem--smartFilterBar-btnBasicSearch"}]}
RESULT: undefined
COMMAND: POST /session/ea2377afc02bbf13296b49c868bb39bc/execute/async - {"script":"<script> [776 bytes]","args":[{"enterText":"DzqTsYpRQq","selector":{"id":"application-managepricingrules-display-component---priceInfoItem--smartFilterBar-btnBasicSearch","interaction":{"idSuffix":"I"}},"clearTextFirst":true,"interactionType":"ENTER_TEXT"}]}
RESULT: {"script":"<script> [776 bytes]","args":[{"enterText":"DzqTsYpRQq","selector":{"id":"application-managepricingrules-display-component---priceInfoItem--smartFilterBar-btnBasicSearch","interaction":{"idSuffix":"I"}},"clearTextFirst":true,"interactionType":"ENTER_TEXT"}]}
COMMAND: POST /session/ea2377afc02bbf13296b49c868bb39bc/actions - {"actions":[{"id":"action35","type":"key","parameters":{},"actions":[{"type":"keyDown","value":"î€‡"},{"type":"pause","duration":10},{"type":"keyUp","value":"î€‡"}]}]}
RESULT: {"actions":[{"id":"action35","type":"key","parameters":{},"actions":[{"type":"keyDown","value":"î€‡"},{"type":"pause","duration":10},{"type":"keyUp","value":"î€‡"}]}]}
COMMAND: GET /session/ea2377afc02bbf13296b49c868bb39bc/screenshot - {}
RESULT: {}
COMMAND: POST /session/ea2377afc02bbf13296b49c868bb39bc/element - {"using":"xpath","value":"//span[@id=\"application-managepricingrules-display-component---priceInfoItem--smartTable-header-inner\"]"}
RESULT: {"using":"xpath","value":"//span[@id=\"application-managepricingrules-display-component---priceInfoItem--smartTable-header-inner\"]"}
COMMAND: POST /session/ea2377afc02bbf13296b49c868bb39bc/elements - {"using":"xpath","value":"//span[@id=\"application-managepricingrules-display-component---priceInfoItem--smartTable-header-inner\"]"}
RESULT: {"using":"xpath","value":"//span[@id=\"application-managepricingrules-display-component---priceInfoItem--smartTable-header-inner\"]"}
COMMAND: POST /session/ea2377afc02bbf13296b49c868bb39bc/execute/sync - {"script":"<script> [56 bytes]","args":[{"element-6066-11e4-a52e-4f735466cecf":"f.E22896224DAB0D107D3E889F8C0ECED7.d.27B499B5DFEEF6A8CD0119F5242295C4.e.9767","ELEMENT":"f.E22896224DAB0D107D3E889F8C0ECED7.d.27B499B5DFEEF6A8CD0119F5242295C4.e.9767"}]}
RESULT: {"script":"<script> [56 bytes]","args":[{"element-6066-11e4-a52e-4f735466cecf":"f.E22896224DAB0D107D3E889F8C0ECED7.d.27B499B5DFEEF6A8CD0119F5242295C4.e.9767","ELEMENT":"f.E22896224DAB0D107D3E889F8C0ECED7.d.27B499B5DFEEF6A8CD0119F5242295C4.e.9767"}]}
COMMAND: POST /session/ea2377afc02bbf13296b49c868bb39bc/element - {"using":"css selector","value":"#shell-header-logo"}
COMMAND: GET /session/ea2377afc02bbf13296b49c868bb39bc/screenshot - {}
RESULT: {"using":"css selector","value":"#shell-header-logo"}
COMMAND: POST /session/ea2377afc02bbf13296b49c868bb39bc/element/f.E22896224DAB0D107D3E889F8C0ECED7.d.27B499B5DFEEF6A8CD0119F5242295C4.e.8979/click - {}
RESULT: {}
RESULT: {}
COMMAND: GET /session/ea2377afc02bbf13296b49c868bb39bc/screenshot - {}
RESULT: {}
]]></system-out>
    </testcase>
    <testcase classname="chrome.136_0_7103_93.windows.Billing_Transfer_-_Intracompany_US127249" name="Should manage conditions" time="72.445">
      <system-out><![CDATA[
COMMAND: POST /session/ea2377afc02bbf13296b49c868bb39bc/execute/async - {"script":"<script> [1562 bytes]","args":[{"selector":{"controlType":"sap.m.GenericTile","properties":{"header":"Manage Conditions & Prices"}},"wdio_ui5_key":"sapm.GenericTile{\"header\":\"Manage Conditions & Prices\"}"}]}
RESULT: {"script":"<script> [1562 bytes]","args":[{"selector":{"controlType":"sap.m.GenericTile","properties":{"header":"Manage Conditions & Prices"}},"wdio_ui5_key":"sapm.GenericTile{\"header\":\"Manage Conditions & Prices\"}"}]}
RESULT: undefined
COMMAND: POST /session/ea2377afc02bbf13296b49c868bb39bc/element - {"using":"xpath","value":"//*[@id=\"__tile93\"]"}
RESULT: {"using":"xpath","value":"//*[@id=\"__tile93\"]"}
COMMAND: POST /session/ea2377afc02bbf13296b49c868bb39bc/element/f.E22896224DAB0D107D3E889F8C0ECED7.d.27B499B5DFEEF6A8CD0119F5242295C4.e.8965/click - {}
RESULT: {}
COMMAND: GET /session/ea2377afc02bbf13296b49c868bb39bc/screenshot - {}
RESULT: {}
COMMAND: POST /session/ea2377afc02bbf13296b49c868bb39bc/elements - {"using":"xpath","value":"//span[text()='Error']"}
RESULT: {"using":"xpath","value":"//span[text()='Error']"}
COMMAND: POST /session/ea2377afc02bbf13296b49c868bb39bc/element - {"using":"xpath","value":"//button[@aria-label=\"Create\"]"}
RESULT: {"using":"xpath","value":"//button[@aria-label=\"Create\"]"}
COMMAND: POST /session/ea2377afc02bbf13296b49c868bb39bc/elements - {"using":"xpath","value":"//button[@aria-label=\"Create\"]"}
RESULT: {"using":"xpath","value":"//button[@aria-label=\"Create\"]"}
COMMAND: POST /session/ea2377afc02bbf13296b49c868bb39bc/execute/sync - {"script":"<script> [8489 bytes]","args":[{"element-6066-11e4-a52e-4f735466cecf":"f.E22896224DAB0D107D3E889F8C0ECED7.d.27B499B5DFEEF6A8CD0119F5242295C4.e.9802","ELEMENT":"f.E22896224DAB0D107D3E889F8C0ECED7.d.27B499B5DFEEF6A8CD0119F5242295C4.e.9802"}]}
RESULT: {"script":"<script> [8489 bytes]","args":[{"element-6066-11e4-a52e-4f735466cecf":"f.E22896224DAB0D107D3E889F8C0ECED7.d.27B499B5DFEEF6A8CD0119F5242295C4.e.9802","ELEMENT":"f.E22896224DAB0D107D3E889F8C0ECED7.d.27B499B5DFEEF6A8CD0119F5242295C4.e.9802"}]}
COMMAND: GET /session/ea2377afc02bbf13296b49c868bb39bc/element/f.E22896224DAB0D107D3E889F8C0ECED7.d.27B499B5DFEEF6A8CD0119F5242295C4.e.9802/enabled - {}
COMMAND: GET /session/ea2377afc02bbf13296b49c868bb39bc/screenshot - {}
RESULT: {}
COMMAND: POST /session/ea2377afc02bbf13296b49c868bb39bc/execute/sync - {"script":"<script> [8489 bytes]","args":[{"element-6066-11e4-a52e-4f735466cecf":"f.E22896224DAB0D107D3E889F8C0ECED7.d.27B499B5DFEEF6A8CD0119F5242295C4.e.9802","ELEMENT":"f.E22896224DAB0D107D3E889F8C0ECED7.d.27B499B5DFEEF6A8CD0119F5242295C4.e.9802"}]}
COMMAND: GET /session/ea2377afc02bbf13296b49c868bb39bc/screenshot - {}
RESULT: {}
RESULT: {"script":"<script> [8489 bytes]","args":[{"element-6066-11e4-a52e-4f735466cecf":"f.E22896224DAB0D107D3E889F8C0ECED7.d.27B499B5DFEEF6A8CD0119F5242295C4.e.9802","ELEMENT":"f.E22896224DAB0D107D3E889F8C0ECED7.d.27B499B5DFEEF6A8CD0119F5242295C4.e.9802"}]}
COMMAND: POST /session/ea2377afc02bbf13296b49c868bb39bc/execute/sync - {"script":"<script> [5351 bytes]","args":[{"element-6066-11e4-a52e-4f735466cecf":"f.E22896224DAB0D107D3E889F8C0ECED7.d.27B499B5DFEEF6A8CD0119F5242295C4.e.9802","ELEMENT":"f.E22896224DAB0D107D3E889F8C0ECED7.d.27B499B5DFEEF6A8CD0119F5242295C4.e.9802"}]}
COMMAND: GET /session/ea2377afc02bbf13296b49c868bb39bc/screenshot - {}
RESULT: {}
RESULT: {"script":"<script> [5351 bytes]","args":[{"element-6066-11e4-a52e-4f735466cecf":"f.E22896224DAB0D107D3E889F8C0ECED7.d.27B499B5DFEEF6A8CD0119F5242295C4.e.9802","ELEMENT":"f.E22896224DAB0D107D3E889F8C0ECED7.d.27B499B5DFEEF6A8CD0119F5242295C4.e.9802"}]}
COMMAND: POST /session/ea2377afc02bbf13296b49c868bb39bc/element/f.E22896224DAB0D107D3E889F8C0ECED7.d.27B499B5DFEEF6A8CD0119F5242295C4.e.9802/click - {}
COMMAND: GET /session/ea2377afc02bbf13296b49c868bb39bc/screenshot - {}
RESULT: {}
RESULT: {}
COMMAND: GET /session/ea2377afc02bbf13296b49c868bb39bc/screenshot - {}
RESULT: {}
RESULT: {}
COMMAND: POST /session/ea2377afc02bbf13296b49c868bb39bc/actions - {"actions":[{"id":"action36","type":"key","parameters":{},"actions":[{"type":"keyDown","value":"î€‡"},{"type":"pause","duration":10},{"type":"keyUp","value":"î€‡"}]}]}
RESULT: {"actions":[{"id":"action36","type":"key","parameters":{},"actions":[{"type":"keyDown","value":"î€‡"},{"type":"pause","duration":10},{"type":"keyUp","value":"î€‡"}]}]}
COMMAND: GET /session/ea2377afc02bbf13296b49c868bb39bc/screenshot - {}
RESULT: {}
COMMAND: POST /session/ea2377afc02bbf13296b49c868bb39bc/execute/async - {"script":"<script> [1562 bytes]","args":[{"selector":{"id":"application-manageconditionprice-display-component---newCondition--condBillCond-arrow"},"wdio_ui5_key":"applicationmanageconditionprice-display-component---newCondition--condBillCond-arrow"}]}
RESULT: {"script":"<script> [1562 bytes]","args":[{"selector":{"id":"application-manageconditionprice-display-component---newCondition--condBillCond-arrow"},"wdio_ui5_key":"applicationmanageconditionprice-display-component---newCondition--condBillCond-arrow"}]}
RESULT: undefined
COMMAND: POST /session/ea2377afc02bbf13296b49c868bb39bc/element - {"using":"xpath","value":"//*[@id=\"application-manageconditionprice-display-component---newCondition--condBillCond-arrow\"]"}
RESULT: {"using":"xpath","value":"//*[@id=\"application-manageconditionprice-display-component---newCondition--condBillCond-arrow\"]"}
COMMAND: POST /session/ea2377afc02bbf13296b49c868bb39bc/element/f.E22896224DAB0D107D3E889F8C0ECED7.d.27B499B5DFEEF6A8CD0119F5242295C4.e.9982/click - {}
RESULT: {}
COMMAND: GET /session/ea2377afc02bbf13296b49c868bb39bc/screenshot - {}
RESULT: {}
COMMAND: POST /session/ea2377afc02bbf13296b49c868bb39bc/element - {"using":"xpath","value":"//li[.//span[contains(text(), \"DISP - D&I special price\")]]"}
RESULT: {"using":"xpath","value":"//li[.//span[contains(text(), \"DISP - D&I special price\")]]"}
COMMAND: POST /session/ea2377afc02bbf13296b49c868bb39bc/element/f.E22896224DAB0D107D3E889F8C0ECED7.d.27B499B5DFEEF6A8CD0119F5242295C4.e.9985/click - {}
RESULT: {}
COMMAND: GET /session/ea2377afc02bbf13296b49c868bb39bc/screenshot - {}
RESULT: {}
COMMAND: POST /session/ea2377afc02bbf13296b49c868bb39bc/execute/async - {"script":"<script> [1562 bytes]","args":[{"selector":{"id":"application-manageconditionprice-display-component---newCondition--condValidTo","interaction":{"idSuffix":"inner"}},"wdio_ui5_key":"applicationmanageconditionprice-display-component---newCondition--condValidTo"}]}
RESULT: {"script":"<script> [1562 bytes]","args":[{"selector":{"id":"application-manageconditionprice-display-component---newCondition--condValidTo","interaction":{"idSuffix":"inner"}},"wdio_ui5_key":"applicationmanageconditionprice-display-component---newCondition--condValidTo"}]}
RESULT: undefined
COMMAND: POST /session/ea2377afc02bbf13296b49c868bb39bc/execute/async - {"script":"<script> [776 bytes]","args":[{"enterText":"1/20/26","selector":{"id":"application-manageconditionprice-display-component---newCondition--condValidTo","interaction":{"idSuffix":"inner"}},"clearTextFirst":true,"interactionType":"ENTER_TEXT"}]}
RESULT: {"script":"<script> [776 bytes]","args":[{"enterText":"1/20/26","selector":{"id":"application-manageconditionprice-display-component---newCondition--condValidTo","interaction":{"idSuffix":"inner"}},"clearTextFirst":true,"interactionType":"ENTER_TEXT"}]}
COMMAND: POST /session/ea2377afc02bbf13296b49c868bb39bc/element - {"using":"xpath","value":"//input[@id=\"application-manageconditionprice-display-component---newCondition--condRU-inner\"]"}
RESULT: {"using":"xpath","value":"//input[@id=\"application-manageconditionprice-display-component---newCondition--condRU-inner\"]"}
COMMAND: POST /session/ea2377afc02bbf13296b49c868bb39bc/element/f.E22896224DAB0D107D3E889F8C0ECED7.d.27B499B5DFEEF6A8CD0119F5242295C4.e.9846/clear - {}
RESULT: {}
COMMAND: POST /session/ea2377afc02bbf13296b49c868bb39bc/element/f.E22896224DAB0D107D3E889F8C0ECED7.d.27B499B5DFEEF6A8CD0119F5242295C4.e.9846/value - {"text":"DzqTsYpRQq"}
COMMAND: GET /session/ea2377afc02bbf13296b49c868bb39bc/screenshot - {}
RESULT: {"text":"DzqTsYpRQq"}
COMMAND: GET /session/ea2377afc02bbf13296b49c868bb39bc/screenshot - {}
RESULT: {}
RESULT: {}
COMMAND: POST /session/ea2377afc02bbf13296b49c868bb39bc/actions - {"actions":[{"id":"action37","type":"key","parameters":{},"actions":[{"type":"keyDown","value":"î€‡"},{"type":"pause","duration":10},{"type":"keyUp","value":"î€‡"}]}]}
RESULT: {"actions":[{"id":"action37","type":"key","parameters":{},"actions":[{"type":"keyDown","value":"î€‡"},{"type":"pause","duration":10},{"type":"keyUp","value":"î€‡"}]}]}
COMMAND: POST /session/ea2377afc02bbf13296b49c868bb39bc/execute/async - {"script":"<script> [1562 bytes]","args":[{"selector":{"id":"application-manageconditionprice-display-component---newCondition--condBaseQty","interaction":{"idSuffix":"inner"}},"wdio_ui5_key":"applicationmanageconditionprice-display-component---newCondition--condBaseQty"}]}
COMMAND: GET /session/ea2377afc02bbf13296b49c868bb39bc/screenshot - {}
RESULT: {"script":"<script> [1562 bytes]","args":[{"selector":{"id":"application-manageconditionprice-display-component---newCondition--condBaseQty","interaction":{"idSuffix":"inner"}},"wdio_ui5_key":"applicationmanageconditionprice-display-component---newCondition--condBaseQty"}]}
RESULT: undefined
COMMAND: POST /session/ea2377afc02bbf13296b49c868bb39bc/execute/async - {"script":"<script> [776 bytes]","args":[{"enterText":"1","selector":{"id":"application-manageconditionprice-display-component---newCondition--condBaseQty","interaction":{"idSuffix":"inner"}},"clearTextFirst":true,"interactionType":"ENTER_TEXT"}]}
RESULT: {}
RESULT: {"script":"<script> [776 bytes]","args":[{"enterText":"1","selector":{"id":"application-manageconditionprice-display-component---newCondition--condBaseQty","interaction":{"idSuffix":"inner"}},"clearTextFirst":true,"interactionType":"ENTER_TEXT"}]}
COMMAND: POST /session/ea2377afc02bbf13296b49c868bb39bc/execute/async - {"script":"<script> [1562 bytes]","args":[{"selector":{"id":"application-manageconditionprice-display-component---newCondition--condValue","interaction":{"idSuffix":"inner"}},"wdio_ui5_key":"applicationmanageconditionprice-display-component---newCondition--condValue"}]}
RESULT: {"script":"<script> [1562 bytes]","args":[{"selector":{"id":"application-manageconditionprice-display-component---newCondition--condValue","interaction":{"idSuffix":"inner"}},"wdio_ui5_key":"applicationmanageconditionprice-display-component---newCondition--condValue"}]}
RESULT: undefined
COMMAND: POST /session/ea2377afc02bbf13296b49c868bb39bc/execute/async - {"script":"<script> [776 bytes]","args":[{"enterText":"200","selector":{"id":"application-manageconditionprice-display-component---newCondition--condValue","interaction":{"idSuffix":"inner"}},"clearTextFirst":true,"interactionType":"ENTER_TEXT"}]}
RESULT: {"script":"<script> [776 bytes]","args":[{"enterText":"200","selector":{"id":"application-manageconditionprice-display-component---newCondition--condValue","interaction":{"idSuffix":"inner"}},"clearTextFirst":true,"interactionType":"ENTER_TEXT"}]}
COMMAND: POST /session/ea2377afc02bbf13296b49c868bb39bc/execute/async - {"script":"<script> [1562 bytes]","args":[{"selector":{"id":"application-manageconditionprice-display-component---newCondition--condCurr-arrow"},"wdio_ui5_key":"applicationmanageconditionprice-display-component---newCondition--condCurr-arrow"}]}
RESULT: {"script":"<script> [1562 bytes]","args":[{"selector":{"id":"application-manageconditionprice-display-component---newCondition--condCurr-arrow"},"wdio_ui5_key":"applicationmanageconditionprice-display-component---newCondition--condCurr-arrow"}]}
RESULT: undefined
COMMAND: POST /session/ea2377afc02bbf13296b49c868bb39bc/element - {"using":"xpath","value":"//*[@id=\"application-manageconditionprice-display-component---newCondition--condCurr-arrow\"]"}
RESULT: {"using":"xpath","value":"//*[@id=\"application-manageconditionprice-display-component---newCondition--condCurr-arrow\"]"}
COMMAND: POST /session/ea2377afc02bbf13296b49c868bb39bc/element/f.E22896224DAB0D107D3E889F8C0ECED7.d.27B499B5DFEEF6A8CD0119F5242295C4.e.9965/click - {}
RESULT: {}
COMMAND: POST /session/ea2377afc02bbf13296b49c868bb39bc/element - {"using":"xpath","value":"//span[contains(text(), \"Euro\")]"}
COMMAND: GET /session/ea2377afc02bbf13296b49c868bb39bc/screenshot - {}
RESULT: {"using":"xpath","value":"//span[contains(text(), \"Euro\")]"}
COMMAND: POST /session/ea2377afc02bbf13296b49c868bb39bc/element/f.E22896224DAB0D107D3E889F8C0ECED7.d.27B499B5DFEEF6A8CD0119F5242295C4.e.10018/click - {}
RESULT: {}
RESULT: {}
COMMAND: POST /session/ea2377afc02bbf13296b49c868bb39bc/element - {"using":"xpath","value":"//button[@data-kt=\"saveButton\"]"}
COMMAND: GET /session/ea2377afc02bbf13296b49c868bb39bc/screenshot - {}
RESULT: {"using":"xpath","value":"//button[@data-kt=\"saveButton\"]"}
COMMAND: POST /session/ea2377afc02bbf13296b49c868bb39bc/element/f.E22896224DAB0D107D3E889F8C0ECED7.d.27B499B5DFEEF6A8CD0119F5242295C4.e.9966/click - {}
RESULT: {}
RESULT: {}
COMMAND: GET /session/ea2377afc02bbf13296b49c868bb39bc/screenshot - {}
RESULT: {}
COMMAND: POST /session/ea2377afc02bbf13296b49c868bb39bc/execute/async - {"script":"<script> [1562 bytes]","args":[{"selector":{"id":"application-manageconditionprice-display-component---conditions--smartFilterBar-btnBasicSearch","interaction":{"idSuffix":"I"}},"wdio_ui5_key":"applicationmanageconditionprice-display-component---conditions--smartFilterBar-btnBasicSearch"}]}
RESULT: {"script":"<script> [1562 bytes]","args":[{"selector":{"id":"application-manageconditionprice-display-component---conditions--smartFilterBar-btnBasicSearch","interaction":{"idSuffix":"I"}},"wdio_ui5_key":"applicationmanageconditionprice-display-component---conditions--smartFilterBar-btnBasicSearch"}]}
RESULT: undefined
COMMAND: POST /session/ea2377afc02bbf13296b49c868bb39bc/execute/async - {"script":"<script> [776 bytes]","args":[{"enterText":"DzqTsYpRQq","selector":{"id":"application-manageconditionprice-display-component---conditions--smartFilterBar-btnBasicSearch","interaction":{"idSuffix":"I"}},"clearTextFirst":true,"interactionType":"ENTER_TEXT"}]}
RESULT: {"script":"<script> [776 bytes]","args":[{"enterText":"DzqTsYpRQq","selector":{"id":"application-manageconditionprice-display-component---conditions--smartFilterBar-btnBasicSearch","interaction":{"idSuffix":"I"}},"clearTextFirst":true,"interactionType":"ENTER_TEXT"}]}
COMMAND: POST /session/ea2377afc02bbf13296b49c868bb39bc/actions - {"actions":[{"id":"action38","type":"key","parameters":{},"actions":[{"type":"keyDown","value":"î€‡"},{"type":"pause","duration":10},{"type":"keyUp","value":"î€‡"}]}]}
RESULT: {"actions":[{"id":"action38","type":"key","parameters":{},"actions":[{"type":"keyDown","value":"î€‡"},{"type":"pause","duration":10},{"type":"keyUp","value":"î€‡"}]}]}
COMMAND: GET /session/ea2377afc02bbf13296b49c868bb39bc/screenshot - {}
RESULT: {}
COMMAND: POST /session/ea2377afc02bbf13296b49c868bb39bc/execute/async - {"script":"<script> [1562 bytes]","args":[{"selector":{"id":"application-manageconditionprice-display-component---conditions--smartFilterBar-filterItemControl_BASIC-BILL_TYPES-vhi"},"wdio_ui5_key":"applicationmanageconditionprice-display-component---conditions--smartFilterBar-filterItemControl_BASIC-BILL_TYPES-vhi"}]}
RESULT: {"script":"<script> [1562 bytes]","args":[{"selector":{"id":"application-manageconditionprice-display-component---conditions--smartFilterBar-filterItemControl_BASIC-BILL_TYPES-vhi"},"wdio_ui5_key":"applicationmanageconditionprice-display-component---conditions--smartFilterBar-filterItemControl_BASIC-BILL_TYPES-vhi"}]}
RESULT: undefined
COMMAND: POST /session/ea2377afc02bbf13296b49c868bb39bc/element - {"using":"xpath","value":"//*[@id=\"application-manageconditionprice-display-component---conditions--smartFilterBar-filterItemControl_BASIC-BILL_TYPES-vhi\"]"}
RESULT: {"using":"xpath","value":"//*[@id=\"application-manageconditionprice-display-component---conditions--smartFilterBar-filterItemControl_BASIC-BILL_TYPES-vhi\"]"}
COMMAND: POST /session/ea2377afc02bbf13296b49c868bb39bc/element/f.E22896224DAB0D107D3E889F8C0ECED7.d.27B499B5DFEEF6A8CD0119F5242295C4.e.10034/click - {}
RESULT: {}
COMMAND: POST /session/ea2377afc02bbf13296b49c868bb39bc/execute/async - {"script":"<script> [1562 bytes]","args":[{"selector":{"id":"application-manageconditionprice-display-component---conditions--smartFilterBar-filterItemControl_BASIC-BILL_TYPES-valueHelpDialog-smartFilterBar-btnBasicSearch","searchOpenDialogs":true,"interaction":{"idSuffix":"I"}},"wdio_ui5_key":"applicationmanageconditionprice-display-component---conditions--smartFilterBar-filterItemControl_BASIC-BILL_TYPES-valueHelpDialog-smartFilterBar-btnBasicSearch"}]}
COMMAND: GET /session/ea2377afc02bbf13296b49c868bb39bc/screenshot - {}
RESULT: {"script":"<script> [1562 bytes]","args":[{"selector":{"id":"application-manageconditionprice-display-component---conditions--smartFilterBar-filterItemControl_BASIC-BILL_TYPES-valueHelpDialog-smartFilterBar-btnBasicSearch","searchOpenDialogs":true,"interaction":{"idSuffix":"I"}},"wdio_ui5_key":"applicationmanageconditionprice-display-component---conditions--smartFilterBar-filterItemControl_BASIC-BILL_TYPES-valueHelpDialog-smartFilterBar-btnBasicSearch"}]}
RESULT: undefined
COMMAND: POST /session/ea2377afc02bbf13296b49c868bb39bc/execute/async - {"script":"<script> [776 bytes]","args":[{"enterText":"TB","selector":{"id":"application-manageconditionprice-display-component---conditions--smartFilterBar-filterItemControl_BASIC-BILL_TYPES-valueHelpDialog-smartFilterBar-btnBasicSearch","searchOpenDialogs":true,"interaction":{"idSuffix":"I"}},"clearTextFirst":true,"interactionType":"ENTER_TEXT"}]}
RESULT: {}
RESULT: {"script":"<script> [776 bytes]","args":[{"enterText":"TB","selector":{"id":"application-manageconditionprice-display-component---conditions--smartFilterBar-filterItemControl_BASIC-BILL_TYPES-valueHelpDialog-smartFilterBar-btnBasicSearch","searchOpenDialogs":true,"interaction":{"idSuffix":"I"}},"clearTextFirst":true,"interactionType":"ENTER_TEXT"}]}
COMMAND: POST /session/ea2377afc02bbf13296b49c868bb39bc/actions - {"actions":[{"id":"action39","type":"key","parameters":{},"actions":[{"type":"keyDown","value":"î€‡"},{"type":"pause","duration":10},{"type":"keyUp","value":"î€‡"}]}]}
RESULT: {"actions":[{"id":"action39","type":"key","parameters":{},"actions":[{"type":"keyDown","value":"î€‡"},{"type":"pause","duration":10},{"type":"keyUp","value":"î€‡"}]}]}
COMMAND: GET /session/ea2377afc02bbf13296b49c868bb39bc/screenshot - {}
RESULT: {}
COMMAND: POST /session/ea2377afc02bbf13296b49c868bb39bc/element - {"using":"xpath","value":"//div[contains(@id, 'application-manageconditionprice-display-component---conditions--smartFilterBar-filterItemControl_BASIC-BILL_TYPES-valueHelpDialog-table-rowsel0')]"}
RESULT: {"using":"xpath","value":"//div[contains(@id, 'application-manageconditionprice-display-component---conditions--smartFilterBar-filterItemControl_BASIC-BILL_TYPES-valueHelpDialog-table-rowsel0')]"}
COMMAND: POST /session/ea2377afc02bbf13296b49c868bb39bc/element/f.E22896224DAB0D107D3E889F8C0ECED7.d.27B499B5DFEEF6A8CD0119F5242295C4.e.10044/click - {}
RESULT: {}
COMMAND: GET /session/ea2377afc02bbf13296b49c868bb39bc/screenshot - {}
RESULT: {}
COMMAND: POST /session/ea2377afc02bbf13296b49c868bb39bc/element - {"using":"xpath","value":"//bdi[contains(text(), \"OK\")]"}
RESULT: {"using":"xpath","value":"//bdi[contains(text(), \"OK\")]"}
COMMAND: POST /session/ea2377afc02bbf13296b49c868bb39bc/element/f.E22896224DAB0D107D3E889F8C0ECED7.d.27B499B5DFEEF6A8CD0119F5242295C4.e.10046/click - {}
RESULT: {}
COMMAND: GET /session/ea2377afc02bbf13296b49c868bb39bc/screenshot - {}
RESULT: {}
COMMAND: POST /session/ea2377afc02bbf13296b49c868bb39bc/element - {"using":"xpath","value":"//span[@id=\"application-manageconditionprice-display-component---conditions--smartTable-header-inner\"]"}
RESULT: {"using":"xpath","value":"//span[@id=\"application-manageconditionprice-display-component---conditions--smartTable-header-inner\"]"}
COMMAND: POST /session/ea2377afc02bbf13296b49c868bb39bc/elements - {"using":"xpath","value":"//span[@id=\"application-manageconditionprice-display-component---conditions--smartTable-header-inner\"]"}
RESULT: {"using":"xpath","value":"//span[@id=\"application-manageconditionprice-display-component---conditions--smartTable-header-inner\"]"}
COMMAND: POST /session/ea2377afc02bbf13296b49c868bb39bc/execute/sync - {"script":"<script> [56 bytes]","args":[{"element-6066-11e4-a52e-4f735466cecf":"f.E22896224DAB0D107D3E889F8C0ECED7.d.27B499B5DFEEF6A8CD0119F5242295C4.e.10049","ELEMENT":"f.E22896224DAB0D107D3E889F8C0ECED7.d.27B499B5DFEEF6A8CD0119F5242295C4.e.10049"}]}
RESULT: {"script":"<script> [56 bytes]","args":[{"element-6066-11e4-a52e-4f735466cecf":"f.E22896224DAB0D107D3E889F8C0ECED7.d.27B499B5DFEEF6A8CD0119F5242295C4.e.10049","ELEMENT":"f.E22896224DAB0D107D3E889F8C0ECED7.d.27B499B5DFEEF6A8CD0119F5242295C4.e.10049"}]}
COMMAND: POST /session/ea2377afc02bbf13296b49c868bb39bc/element - {"using":"css selector","value":"#shell-header-logo"}
COMMAND: GET /session/ea2377afc02bbf13296b49c868bb39bc/screenshot - {}
RESULT: {"using":"css selector","value":"#shell-header-logo"}
COMMAND: POST /session/ea2377afc02bbf13296b49c868bb39bc/element/f.E22896224DAB0D107D3E889F8C0ECED7.d.27B499B5DFEEF6A8CD0119F5242295C4.e.9770/click - {}
RESULT: {}
RESULT: {}
COMMAND: GET /session/ea2377afc02bbf13296b49c868bb39bc/screenshot - {}
RESULT: {}
]]></system-out>
    </testcase>
    <testcase classname="chrome.136_0_7103_93.windows.Billing_Transfer_-_Intracompany_US127249" name="Should do a stock increase handover" time="95.613">
      <system-out><![CDATA[
COMMAND: POST /session/ea2377afc02bbf13296b49c868bb39bc/execute/async - {"script":"<script> [1562 bytes]","args":[{"selector":{"controlType":"sap.m.GenericTile","properties":{"header":"Manage Handovers"}},"wdio_ui5_key":"sapm.GenericTile{\"header\":\"Manage Handovers\"}"}]}
RESULT: {"script":"<script> [1562 bytes]","args":[{"selector":{"controlType":"sap.m.GenericTile","properties":{"header":"Manage Handovers"}},"wdio_ui5_key":"sapm.GenericTile{\"header\":\"Manage Handovers\"}"}]}
RESULT: undefined
COMMAND: POST /session/ea2377afc02bbf13296b49c868bb39bc/element - {"using":"xpath","value":"//*[@id=\"__tile132\"]"}
RESULT: {"using":"xpath","value":"//*[@id=\"__tile132\"]"}
COMMAND: POST /session/ea2377afc02bbf13296b49c868bb39bc/element/f.E22896224DAB0D107D3E889F8C0ECED7.d.27B499B5DFEEF6A8CD0119F5242295C4.e.8929/click - {}
RESULT: {}
COMMAND: GET /session/ea2377afc02bbf13296b49c868bb39bc/screenshot - {}
RESULT: {}
COMMAND: POST /session/ea2377afc02bbf13296b49c868bb39bc/elements - {"using":"xpath","value":"//span[text()='Error']"}
RESULT: {"using":"xpath","value":"//span[text()='Error']"}
COMMAND: POST /session/ea2377afc02bbf13296b49c868bb39bc/element - {"using":"xpath","value":"//button[@data-kt=\"masterHOAddButton\"]"}
RESULT: {"using":"xpath","value":"//button[@data-kt=\"masterHOAddButton\"]"}
COMMAND: POST /session/ea2377afc02bbf13296b49c868bb39bc/elements - {"using":"xpath","value":"//button[@data-kt=\"masterHOAddButton\"]"}
RESULT: {"using":"xpath","value":"//button[@data-kt=\"masterHOAddButton\"]"}
COMMAND: POST /session/ea2377afc02bbf13296b49c868bb39bc/execute/sync - {"script":"<script> [8489 bytes]","args":[{"element-6066-11e4-a52e-4f735466cecf":"f.E22896224DAB0D107D3E889F8C0ECED7.d.27B499B5DFEEF6A8CD0119F5242295C4.e.10084","ELEMENT":"f.E22896224DAB0D107D3E889F8C0ECED7.d.27B499B5DFEEF6A8CD0119F5242295C4.e.10084"}]}
RESULT: {"script":"<script> [8489 bytes]","args":[{"element-6066-11e4-a52e-4f735466cecf":"f.E22896224DAB0D107D3E889F8C0ECED7.d.27B499B5DFEEF6A8CD0119F5242295C4.e.10084","ELEMENT":"f.E22896224DAB0D107D3E889F8C0ECED7.d.27B499B5DFEEF6A8CD0119F5242295C4.e.10084"}]}
COMMAND: GET /session/ea2377afc02bbf13296b49c868bb39bc/element/f.E22896224DAB0D107D3E889F8C0ECED7.d.27B499B5DFEEF6A8CD0119F5242295C4.e.10084/enabled - {}
COMMAND: GET /session/ea2377afc02bbf13296b49c868bb39bc/screenshot - {}
RESULT: {}
COMMAND: POST /session/ea2377afc02bbf13296b49c868bb39bc/execute/sync - {"script":"<script> [8489 bytes]","args":[{"element-6066-11e4-a52e-4f735466cecf":"f.E22896224DAB0D107D3E889F8C0ECED7.d.27B499B5DFEEF6A8CD0119F5242295C4.e.10084","ELEMENT":"f.E22896224DAB0D107D3E889F8C0ECED7.d.27B499B5DFEEF6A8CD0119F5242295C4.e.10084"}]}
COMMAND: GET /session/ea2377afc02bbf13296b49c868bb39bc/screenshot - {}
RESULT: {}
RESULT: {"script":"<script> [8489 bytes]","args":[{"element-6066-11e4-a52e-4f735466cecf":"f.E22896224DAB0D107D3E889F8C0ECED7.d.27B499B5DFEEF6A8CD0119F5242295C4.e.10084","ELEMENT":"f.E22896224DAB0D107D3E889F8C0ECED7.d.27B499B5DFEEF6A8CD0119F5242295C4.e.10084"}]}
COMMAND: POST /session/ea2377afc02bbf13296b49c868bb39bc/execute/sync - {"script":"<script> [5351 bytes]","args":[{"element-6066-11e4-a52e-4f735466cecf":"f.E22896224DAB0D107D3E889F8C0ECED7.d.27B499B5DFEEF6A8CD0119F5242295C4.e.10084","ELEMENT":"f.E22896224DAB0D107D3E889F8C0ECED7.d.27B499B5DFEEF6A8CD0119F5242295C4.e.10084"}]}
COMMAND: GET /session/ea2377afc02bbf13296b49c868bb39bc/screenshot - {}
RESULT: {}
RESULT: {"script":"<script> [5351 bytes]","args":[{"element-6066-11e4-a52e-4f735466cecf":"f.E22896224DAB0D107D3E889F8C0ECED7.d.27B499B5DFEEF6A8CD0119F5242295C4.e.10084","ELEMENT":"f.E22896224DAB0D107D3E889F8C0ECED7.d.27B499B5DFEEF6A8CD0119F5242295C4.e.10084"}]}
COMMAND: POST /session/ea2377afc02bbf13296b49c868bb39bc/element/f.E22896224DAB0D107D3E889F8C0ECED7.d.27B499B5DFEEF6A8CD0119F5242295C4.e.10084/click - {}
COMMAND: GET /session/ea2377afc02bbf13296b49c868bb39bc/screenshot - {}
RESULT: {}
RESULT: {}
COMMAND: GET /session/ea2377afc02bbf13296b49c868bb39bc/screenshot - {}
COMMAND: POST /session/ea2377afc02bbf13296b49c868bb39bc/element - {"using":"xpath","value":"//span[contains(@id ,\"AddNewHO--typeSelect-arrow\")]"}
RESULT: {}
RESULT: {}
RESULT: {"using":"xpath","value":"//span[contains(@id ,\"AddNewHO--typeSelect-arrow\")]"}
COMMAND: POST /session/ea2377afc02bbf13296b49c868bb39bc/element/f.E22896224DAB0D107D3E889F8C0ECED7.d.27B499B5DFEEF6A8CD0119F5242295C4.e.10431/click - {}
RESULT: {}
COMMAND: GET /session/ea2377afc02bbf13296b49c868bb39bc/screenshot - {}
RESULT: {}
COMMAND: POST /session/ea2377afc02bbf13296b49c868bb39bc/element - {"using":"xpath","value":"(//li[contains(text(), \"stock increase yard\")])[1]"}
RESULT: {"using":"xpath","value":"(//li[contains(text(), \"stock increase yard\")])[1]"}
COMMAND: POST /session/ea2377afc02bbf13296b49c868bb39bc/element/f.E22896224DAB0D107D3E889F8C0ECED7.d.27B499B5DFEEF6A8CD0119F5242295C4.e.10432/click - {}
RESULT: {}
COMMAND: GET /session/ea2377afc02bbf13296b49c868bb39bc/screenshot - {}
RESULT: {}
COMMAND: POST /session/ea2377afc02bbf13296b49c868bb39bc/execute/async - {"script":"<script> [1562 bytes]","args":[{"selector":{"id":"application-managehandovers-display-component---AddNewHO--dueDate","interaction":{"idSuffix":"inner"}},"wdio_ui5_key":"applicationmanagehandovers-display-component---AddNewHO--dueDate"}]}
RESULT: {"script":"<script> [1562 bytes]","args":[{"selector":{"id":"application-managehandovers-display-component---AddNewHO--dueDate","interaction":{"idSuffix":"inner"}},"wdio_ui5_key":"applicationmanagehandovers-display-component---AddNewHO--dueDate"}]}
RESULT: undefined
COMMAND: POST /session/ea2377afc02bbf13296b49c868bb39bc/execute/async - {"script":"<script> [6424 bytes]","args":[{"element-6066-11e4-a52e-4f735466cecf":"f.E22896224DAB0D107D3E889F8C0ECED7.d.27B499B5DFEEF6A8CD0119F5242295C4.e.10436"},"setValue",["5/20/25"]]}
RESULT: {"script":"<script> [6424 bytes]","args":[{"element-6066-11e4-a52e-4f735466cecf":"f.E22896224DAB0D107D3E889F8C0ECED7.d.27B499B5DFEEF6A8CD0119F5242295C4.e.10436"},"setValue",["5/20/25"]]}
COMMAND: POST /session/ea2377afc02bbf13296b49c868bb39bc/element - {"using":"xpath","value":"//input[@id=\"generalSectionFrg--receiveYard-inner\"]"}
RESULT: {"using":"xpath","value":"//input[@id=\"generalSectionFrg--receiveYard-inner\"]"}
COMMAND: POST /session/ea2377afc02bbf13296b49c868bb39bc/element/f.E22896224DAB0D107D3E889F8C0ECED7.d.27B499B5DFEEF6A8CD0119F5242295C4.e.10440/clear - {}
RESULT: {}
COMMAND: POST /session/ea2377afc02bbf13296b49c868bb39bc/element/f.E22896224DAB0D107D3E889F8C0ECED7.d.27B499B5DFEEF6A8CD0119F5242295C4.e.10440/value - {"text":"576"}
COMMAND: GET /session/ea2377afc02bbf13296b49c868bb39bc/screenshot - {}
RESULT: {"text":"576"}
COMMAND: GET /session/ea2377afc02bbf13296b49c868bb39bc/screenshot - {}
RESULT: {}
RESULT: {}
COMMAND: POST /session/ea2377afc02bbf13296b49c868bb39bc/element - {"using":"xpath","value":"//li[.//span[text()='576']]"}
RESULT: {"using":"xpath","value":"//li[.//span[text()='576']]"}
COMMAND: POST /session/ea2377afc02bbf13296b49c868bb39bc/element/f.E22896224DAB0D107D3E889F8C0ECED7.d.27B499B5DFEEF6A8CD0119F5242295C4.e.10456/click - {}
RESULT: {}
COMMAND: GET /session/ea2377afc02bbf13296b49c868bb39bc/screenshot - {}
RESULT: {}
COMMAND: POST /session/ea2377afc02bbf13296b49c868bb39bc/execute/async - {"script":"<script> [1562 bytes]","args":[{"selector":{"id":"application-managehandovers-display-component---AddNewHO--ObjectPageLayout-anchBar-application-managehandovers-display-component---AddNewHO--section4-anchor","interaction":{"idSuffix":"BDI-content"}},"wdio_ui5_key":"applicationmanagehandovers-display-component---AddNewHO--ObjectPageLayout-anchBar-application-managehandovers-display-component---AddNewHO--section4-anchor"}]}
RESULT: {"script":"<script> [1562 bytes]","args":[{"selector":{"id":"application-managehandovers-display-component---AddNewHO--ObjectPageLayout-anchBar-application-managehandovers-display-component---AddNewHO--section4-anchor","interaction":{"idSuffix":"BDI-content"}},"wdio_ui5_key":"applicationmanagehandovers-display-component---AddNewHO--ObjectPageLayout-anchBar-application-managehandovers-display-component---AddNewHO--section4-anchor"}]}
RESULT: undefined
COMMAND: POST /session/ea2377afc02bbf13296b49c868bb39bc/element - {"using":"xpath","value":"//*[@id=\"application-managehandovers-display-component---AddNewHO--ObjectPageLayout-anchBar-application-managehandovers-display-component---AddNewHO--section4-anchor\"]"}
RESULT: {"using":"xpath","value":"//*[@id=\"application-managehandovers-display-component---AddNewHO--ObjectPageLayout-anchBar-application-managehandovers-display-component---AddNewHO--section4-anchor\"]"}
COMMAND: POST /session/ea2377afc02bbf13296b49c868bb39bc/element/f.E22896224DAB0D107D3E889F8C0ECED7.d.27B499B5DFEEF6A8CD0119F5242295C4.e.10458/click - {}
RESULT: {}
COMMAND: POST /session/ea2377afc02bbf13296b49c868bb39bc/element - {"using":"xpath","value":"//button[@aria-label=\"Add\"]"}
COMMAND: GET /session/ea2377afc02bbf13296b49c868bb39bc/screenshot - {}
RESULT: {"using":"xpath","value":"//button[@aria-label=\"Add\"]"}
COMMAND: POST /session/ea2377afc02bbf13296b49c868bb39bc/element/f.E22896224DAB0D107D3E889F8C0ECED7.d.27B499B5DFEEF6A8CD0119F5242295C4.e.10460/click - {}
RESULT: {}
RESULT: {}
COMMAND: GET /session/ea2377afc02bbf13296b49c868bb39bc/screenshot - {}
RESULT: {}
COMMAND: POST /session/ea2377afc02bbf13296b49c868bb39bc/execute/async - {"script":"<script> [1562 bytes]","args":[{"selector":{"id":"application-managehandovers-display-component---AddNewHO--smartFilterBar-btnBasicSearch","searchOpenDialogs":true,"interaction":{"idSuffix":"I"}},"wdio_ui5_key":"applicationmanagehandovers-display-component---AddNewHO--smartFilterBar-btnBasicSearch"}]}
RESULT: {"script":"<script> [1562 bytes]","args":[{"selector":{"id":"application-managehandovers-display-component---AddNewHO--smartFilterBar-btnBasicSearch","searchOpenDialogs":true,"interaction":{"idSuffix":"I"}},"wdio_ui5_key":"applicationmanagehandovers-display-component---AddNewHO--smartFilterBar-btnBasicSearch"}]}
RESULT: undefined
COMMAND: POST /session/ea2377afc02bbf13296b49c868bb39bc/execute/async - {"script":"<script> [776 bytes]","args":[{"enterText":"DzqTsYpRQq","selector":{"id":"application-managehandovers-display-component---AddNewHO--smartFilterBar-btnBasicSearch","searchOpenDialogs":true,"interaction":{"idSuffix":"I"}},"clearTextFirst":true,"interactionType":"ENTER_TEXT"}]}
RESULT: {"script":"<script> [776 bytes]","args":[{"enterText":"DzqTsYpRQq","selector":{"id":"application-managehandovers-display-component---AddNewHO--smartFilterBar-btnBasicSearch","searchOpenDialogs":true,"interaction":{"idSuffix":"I"}},"clearTextFirst":true,"interactionType":"ENTER_TEXT"}]}
COMMAND: POST /session/ea2377afc02bbf13296b49c868bb39bc/actions - {"actions":[{"id":"action40","type":"key","parameters":{},"actions":[{"type":"keyDown","value":"î€‡"},{"type":"pause","duration":10},{"type":"keyUp","value":"î€‡"}]}]}
RESULT: {"actions":[{"id":"action40","type":"key","parameters":{},"actions":[{"type":"keyDown","value":"î€‡"},{"type":"pause","duration":10},{"type":"keyUp","value":"î€‡"}]}]}
COMMAND: GET /session/ea2377afc02bbf13296b49c868bb39bc/screenshot - {}
RESULT: {}
COMMAND: POST /session/ea2377afc02bbf13296b49c868bb39bc/execute/async - {"script":"<script> [1562 bytes]","args":[{"selector":{"id":"application-managehandovers-display-component---AddNewHO--popup-sa","searchOpenDialogs":true,"interaction":{"idSuffix":"CbBg"}},"wdio_ui5_key":"applicationmanagehandovers-display-component---AddNewHO--popup-sa"}]}
RESULT: {"script":"<script> [1562 bytes]","args":[{"selector":{"id":"application-managehandovers-display-component---AddNewHO--popup-sa","searchOpenDialogs":true,"interaction":{"idSuffix":"CbBg"}},"wdio_ui5_key":"applicationmanagehandovers-display-component---AddNewHO--popup-sa"}]}
RESULT: undefined
COMMAND: POST /session/ea2377afc02bbf13296b49c868bb39bc/element - {"using":"xpath","value":"//*[@id=\"application-managehandovers-display-component---AddNewHO--popup-sa\"]"}
RESULT: {"using":"xpath","value":"//*[@id=\"application-managehandovers-display-component---AddNewHO--popup-sa\"]"}
COMMAND: POST /session/ea2377afc02bbf13296b49c868bb39bc/element/f.E22896224DAB0D107D3E889F8C0ECED7.d.27B499B5DFEEF6A8CD0119F5242295C4.e.10615/click - {}
RESULT: {}
COMMAND: GET /session/ea2377afc02bbf13296b49c868bb39bc/screenshot - {}
RESULT: {}
COMMAND: POST /session/ea2377afc02bbf13296b49c868bb39bc/element - {"using":"xpath","value":"//bdi[contains(text(), \"Select\")]"}
RESULT: {"using":"xpath","value":"//bdi[contains(text(), \"Select\")]"}
COMMAND: POST /session/ea2377afc02bbf13296b49c868bb39bc/element/f.E22896224DAB0D107D3E889F8C0ECED7.d.27B499B5DFEEF6A8CD0119F5242295C4.e.10616/click - {}
RESULT: {}
COMMAND: GET /session/ea2377afc02bbf13296b49c868bb39bc/screenshot - {}
RESULT: {}
COMMAND: POST /session/ea2377afc02bbf13296b49c868bb39bc/element - {"using":"xpath","value":"//button[@data-kt=\"AddNewHOSaveButton\"]"}
RESULT: {"using":"xpath","value":"//button[@data-kt=\"AddNewHOSaveButton\"]"}
COMMAND: POST /session/ea2377afc02bbf13296b49c868bb39bc/element/f.E22896224DAB0D107D3E889F8C0ECED7.d.27B499B5DFEEF6A8CD0119F5242295C4.e.10620/click - {}
RESULT: {}
COMMAND: GET /session/ea2377afc02bbf13296b49c868bb39bc/screenshot - {}
RESULT: {}
COMMAND: POST /session/ea2377afc02bbf13296b49c868bb39bc/execute/async - {"script":"<script> [1562 bytes]","args":[{"selector":{"id":"receiptDatePicker","viewName":"etm.portal.ui.managehandovers.view.DetailExecuteHO","interaction":{"idSuffix":"inner"}},"wdio_ui5_key":"receiptDatePickeretmportal.ui.managehandovers.view.DetailExecuteHO"}]}
RESULT: {"script":"<script> [1562 bytes]","args":[{"selector":{"id":"receiptDatePicker","viewName":"etm.portal.ui.managehandovers.view.DetailExecuteHO","interaction":{"idSuffix":"inner"}},"wdio_ui5_key":"receiptDatePickeretmportal.ui.managehandovers.view.DetailExecuteHO"}]}
RESULT: undefined
COMMAND: POST /session/ea2377afc02bbf13296b49c868bb39bc/execute/async - {"script":"<script> [6424 bytes]","args":[{"element-6066-11e4-a52e-4f735466cecf":"f.E22896224DAB0D107D3E889F8C0ECED7.d.27B499B5DFEEF6A8CD0119F5242295C4.e.10639"},"setValue",["5/20/25"]]}
RESULT: {"script":"<script> [6424 bytes]","args":[{"element-6066-11e4-a52e-4f735466cecf":"f.E22896224DAB0D107D3E889F8C0ECED7.d.27B499B5DFEEF6A8CD0119F5242295C4.e.10639"},"setValue",["5/20/25"]]}
COMMAND: POST /session/ea2377afc02bbf13296b49c868bb39bc/element - {"using":"xpath","value":"//button[@data-kt=\"PickingTableConfirmAllButton\"]"}
RESULT: {"using":"xpath","value":"//button[@data-kt=\"PickingTableConfirmAllButton\"]"}
COMMAND: POST /session/ea2377afc02bbf13296b49c868bb39bc/element/f.E22896224DAB0D107D3E889F8C0ECED7.d.27B499B5DFEEF6A8CD0119F5242295C4.e.10654/click - {}
RESULT: {}
COMMAND: GET /session/ea2377afc02bbf13296b49c868bb39bc/screenshot - {}
RESULT: {}
COMMAND: POST /session/ea2377afc02bbf13296b49c868bb39bc/element - {"using":"xpath","value":"//bdi[contains(text(), \"OK\")]"}
RESULT: {"using":"xpath","value":"//bdi[contains(text(), \"OK\")]"}
COMMAND: POST /session/ea2377afc02bbf13296b49c868bb39bc/element/f.E22896224DAB0D107D3E889F8C0ECED7.d.27B499B5DFEEF6A8CD0119F5242295C4.e.10656/click - {}
RESULT: {}
COMMAND: GET /session/ea2377afc02bbf13296b49c868bb39bc/screenshot - {}
RESULT: {}
COMMAND: POST /session/ea2377afc02bbf13296b49c868bb39bc/element - {"using":"xpath","value":"(//bdi[contains(text(), \"Receive\")])[2]"}
RESULT: {"using":"xpath","value":"(//bdi[contains(text(), \"Receive\")])[2]"}
COMMAND: POST /session/ea2377afc02bbf13296b49c868bb39bc/element/f.E22896224DAB0D107D3E889F8C0ECED7.d.27B499B5DFEEF6A8CD0119F5242295C4.e.10658/click - {}
RESULT: {}
COMMAND: GET /session/ea2377afc02bbf13296b49c868bb39bc/screenshot - {}
RESULT: {}
COMMAND: POST /session/ea2377afc02bbf13296b49c868bb39bc/element - {"using":"css selector","value":"#shell-header-logo"}
RESULT: {"using":"css selector","value":"#shell-header-logo"}
COMMAND: POST /session/ea2377afc02bbf13296b49c868bb39bc/element/f.E22896224DAB0D107D3E889F8C0ECED7.d.27B499B5DFEEF6A8CD0119F5242295C4.e.10055/click - {}
RESULT: {}
COMMAND: GET /session/ea2377afc02bbf13296b49c868bb39bc/screenshot - {}
RESULT: {}
]]></system-out>
    </testcase>
    <testcase classname="chrome.136_0_7103_93.windows.Billing_Transfer_-_Intracompany_US127249" name="Should create a new contract" time="67.973">
      <system-out><![CDATA[
COMMAND: POST /session/ea2377afc02bbf13296b49c868bb39bc/execute/async - {"script":"<script> [1562 bytes]","args":[{"selector":{"controlType":"sap.m.GenericTile","properties":{"header":"Manage Contracts"}},"wdio_ui5_key":"sapm.GenericTile{\"header\":\"Manage Contracts\"}"}]}
RESULT: {"script":"<script> [1562 bytes]","args":[{"selector":{"controlType":"sap.m.GenericTile","properties":{"header":"Manage Contracts"}},"wdio_ui5_key":"sapm.GenericTile{\"header\":\"Manage Contracts\"}"}]}
RESULT: undefined
COMMAND: POST /session/ea2377afc02bbf13296b49c868bb39bc/element - {"using":"xpath","value":"//*[@id=\"__tile130\"]"}
RESULT: {"using":"xpath","value":"//*[@id=\"__tile130\"]"}
COMMAND: POST /session/ea2377afc02bbf13296b49c868bb39bc/element/f.E22896224DAB0D107D3E889F8C0ECED7.d.27B499B5DFEEF6A8CD0119F5242295C4.e.8918/click - {}
RESULT: {}
COMMAND: GET /session/ea2377afc02bbf13296b49c868bb39bc/screenshot - {}
RESULT: {}
COMMAND: POST /session/ea2377afc02bbf13296b49c868bb39bc/elements - {"using":"xpath","value":"//span[text()='Error']"}
RESULT: {"using":"xpath","value":"//span[text()='Error']"}
COMMAND: POST /session/ea2377afc02bbf13296b49c868bb39bc/element - {"using":"xpath","value":"//button[@data-kt=\"addButton\"]"}
RESULT: {"using":"xpath","value":"//button[@data-kt=\"addButton\"]"}
COMMAND: POST /session/ea2377afc02bbf13296b49c868bb39bc/elements - {"using":"xpath","value":"//button[@data-kt=\"addButton\"]"}
RESULT: {"using":"xpath","value":"//button[@data-kt=\"addButton\"]"}
COMMAND: POST /session/ea2377afc02bbf13296b49c868bb39bc/execute/sync - {"script":"<script> [8489 bytes]","args":[{"element-6066-11e4-a52e-4f735466cecf":"f.E22896224DAB0D107D3E889F8C0ECED7.d.27B499B5DFEEF6A8CD0119F5242295C4.e.10876","ELEMENT":"f.E22896224DAB0D107D3E889F8C0ECED7.d.27B499B5DFEEF6A8CD0119F5242295C4.e.10876"}]}
RESULT: {"script":"<script> [8489 bytes]","args":[{"element-6066-11e4-a52e-4f735466cecf":"f.E22896224DAB0D107D3E889F8C0ECED7.d.27B499B5DFEEF6A8CD0119F5242295C4.e.10876","ELEMENT":"f.E22896224DAB0D107D3E889F8C0ECED7.d.27B499B5DFEEF6A8CD0119F5242295C4.e.10876"}]}
COMMAND: GET /session/ea2377afc02bbf13296b49c868bb39bc/element/f.E22896224DAB0D107D3E889F8C0ECED7.d.27B499B5DFEEF6A8CD0119F5242295C4.e.10876/enabled - {}
COMMAND: GET /session/ea2377afc02bbf13296b49c868bb39bc/screenshot - {}
RESULT: {}
COMMAND: POST /session/ea2377afc02bbf13296b49c868bb39bc/execute/sync - {"script":"<script> [8489 bytes]","args":[{"element-6066-11e4-a52e-4f735466cecf":"f.E22896224DAB0D107D3E889F8C0ECED7.d.27B499B5DFEEF6A8CD0119F5242295C4.e.10876","ELEMENT":"f.E22896224DAB0D107D3E889F8C0ECED7.d.27B499B5DFEEF6A8CD0119F5242295C4.e.10876"}]}
COMMAND: GET /session/ea2377afc02bbf13296b49c868bb39bc/screenshot - {}
RESULT: {}
RESULT: {"script":"<script> [8489 bytes]","args":[{"element-6066-11e4-a52e-4f735466cecf":"f.E22896224DAB0D107D3E889F8C0ECED7.d.27B499B5DFEEF6A8CD0119F5242295C4.e.10876","ELEMENT":"f.E22896224DAB0D107D3E889F8C0ECED7.d.27B499B5DFEEF6A8CD0119F5242295C4.e.10876"}]}
COMMAND: POST /session/ea2377afc02bbf13296b49c868bb39bc/execute/sync - {"script":"<script> [5351 bytes]","args":[{"element-6066-11e4-a52e-4f735466cecf":"f.E22896224DAB0D107D3E889F8C0ECED7.d.27B499B5DFEEF6A8CD0119F5242295C4.e.10876","ELEMENT":"f.E22896224DAB0D107D3E889F8C0ECED7.d.27B499B5DFEEF6A8CD0119F5242295C4.e.10876"}]}
COMMAND: GET /session/ea2377afc02bbf13296b49c868bb39bc/screenshot - {}
RESULT: {}
RESULT: {"script":"<script> [5351 bytes]","args":[{"element-6066-11e4-a52e-4f735466cecf":"f.E22896224DAB0D107D3E889F8C0ECED7.d.27B499B5DFEEF6A8CD0119F5242295C4.e.10876","ELEMENT":"f.E22896224DAB0D107D3E889F8C0ECED7.d.27B499B5DFEEF6A8CD0119F5242295C4.e.10876"}]}
COMMAND: GET /session/ea2377afc02bbf13296b49c868bb39bc/screenshot - {}
RESULT: {}
RESULT: {}
COMMAND: POST /session/ea2377afc02bbf13296b49c868bb39bc/element/f.E22896224DAB0D107D3E889F8C0ECED7.d.27B499B5DFEEF6A8CD0119F5242295C4.e.10876/click - {}
RESULT: {}
COMMAND: GET /session/ea2377afc02bbf13296b49c868bb39bc/screenshot - {}
COMMAND: POST /session/ea2377afc02bbf13296b49c868bb39bc/execute/async - {"script":"<script> [1562 bytes]","args":[{"selector":{"id":"application-managecontracts-display-component---AddNewContract--projectDescription","interaction":{"idSuffix":"inner"}},"wdio_ui5_key":"applicationmanagecontracts-display-component---AddNewContract--projectDescription"}]}
RESULT: {}
RESULT: {"script":"<script> [1562 bytes]","args":[{"selector":{"id":"application-managecontracts-display-component---AddNewContract--projectDescription","interaction":{"idSuffix":"inner"}},"wdio_ui5_key":"applicationmanagecontracts-display-component---AddNewContract--projectDescription"}]}
RESULT: undefined
COMMAND: POST /session/ea2377afc02bbf13296b49c868bb39bc/execute/async - {"script":"<script> [776 bytes]","args":[{"enterText":"Contract WDIO","selector":{"id":"application-managecontracts-display-component---AddNewContract--projectDescription","interaction":{"idSuffix":"inner"}},"clearTextFirst":true,"interactionType":"ENTER_TEXT"}]}
RESULT: {"script":"<script> [776 bytes]","args":[{"enterText":"Contract WDIO","selector":{"id":"application-managecontracts-display-component---AddNewContract--projectDescription","interaction":{"idSuffix":"inner"}},"clearTextFirst":true,"interactionType":"ENTER_TEXT"}]}
COMMAND: POST /session/ea2377afc02bbf13296b49c868bb39bc/element - {"using":"xpath","value":"//input[@id=\"application-managecontracts-display-component---AddNewContract--site-inner\"]"}
RESULT: {"using":"xpath","value":"//input[@id=\"application-managecontracts-display-component---AddNewContract--site-inner\"]"}
COMMAND: POST /session/ea2377afc02bbf13296b49c868bb39bc/element/f.E22896224DAB0D107D3E889F8C0ECED7.d.27B499B5DFEEF6A8CD0119F5242295C4.e.11235/clear - {}
RESULT: {}
COMMAND: POST /session/ea2377afc02bbf13296b49c868bb39bc/element/f.E22896224DAB0D107D3E889F8C0ECED7.d.27B499B5DFEEF6A8CD0119F5242295C4.e.11235/value - {"text":"2291"}
COMMAND: GET /session/ea2377afc02bbf13296b49c868bb39bc/screenshot - {}
RESULT: {"text":"2291"}
COMMAND: GET /session/ea2377afc02bbf13296b49c868bb39bc/screenshot - {}
RESULT: {}
RESULT: {}
COMMAND: POST /session/ea2377afc02bbf13296b49c868bb39bc/element - {"using":"xpath","value":"//li[.//span[text()='2291']]"}
RESULT: {"using":"xpath","value":"//li[.//span[text()='2291']]"}
COMMAND: POST /session/ea2377afc02bbf13296b49c868bb39bc/element/f.E22896224DAB0D107D3E889F8C0ECED7.d.27B499B5DFEEF6A8CD0119F5242295C4.e.11269/click - {}
RESULT: {}
COMMAND: GET /session/ea2377afc02bbf13296b49c868bb39bc/screenshot - {}
RESULT: {}
COMMAND: POST /session/ea2377afc02bbf13296b49c868bb39bc/element - {"using":"xpath","value":"//input[@id=\"application-managecontracts-display-component---AddNewContract--yardId-inner\"]"}
RESULT: {"using":"xpath","value":"//input[@id=\"application-managecontracts-display-component---AddNewContract--yardId-inner\"]"}
COMMAND: GET /session/ea2377afc02bbf13296b49c868bb39bc/element/f.E22896224DAB0D107D3E889F8C0ECED7.d.27B499B5DFEEF6A8CD0119F5242295C4.e.11236/property/value - {}
RESULT: {}
COMMAND: POST /session/ea2377afc02bbf13296b49c868bb39bc/element - {"using":"xpath","value":"//input[@id=\"application-managecontracts-display-component---AddNewContract--customerSelect-inner\"]"}
COMMAND: GET /session/ea2377afc02bbf13296b49c868bb39bc/screenshot - {}
RESULT: {"using":"xpath","value":"//input[@id=\"application-managecontracts-display-component---AddNewContract--customerSelect-inner\"]"}
COMMAND: POST /session/ea2377afc02bbf13296b49c868bb39bc/element/f.E22896224DAB0D107D3E889F8C0ECED7.d.27B499B5DFEEF6A8CD0119F5242295C4.e.11234/clear - {}
RESULT: {}
RESULT: {}
COMMAND: POST /session/ea2377afc02bbf13296b49c868bb39bc/element/f.E22896224DAB0D107D3E889F8C0ECED7.d.27B499B5DFEEF6A8CD0119F5242295C4.e.11234/value - {"text":"1348"}
COMMAND: GET /session/ea2377afc02bbf13296b49c868bb39bc/screenshot - {}
RESULT: {"text":"1348"}
COMMAND: GET /session/ea2377afc02bbf13296b49c868bb39bc/screenshot - {}
RESULT: {}
RESULT: {}
COMMAND: POST /session/ea2377afc02bbf13296b49c868bb39bc/element - {"using":"xpath","value":"//li[.//span[text()='1348']]"}
RESULT: {"using":"xpath","value":"//li[.//span[text()='1348']]"}
COMMAND: POST /session/ea2377afc02bbf13296b49c868bb39bc/element/f.E22896224DAB0D107D3E889F8C0ECED7.d.27B499B5DFEEF6A8CD0119F5242295C4.e.11272/click - {}
RESULT: {}
COMMAND: GET /session/ea2377afc02bbf13296b49c868bb39bc/screenshot - {}
RESULT: {}
COMMAND: POST /session/ea2377afc02bbf13296b49c868bb39bc/element - {"using":"xpath","value":"//button[@data-kt=\"saveButton\"]"}
RESULT: {"using":"xpath","value":"//button[@data-kt=\"saveButton\"]"}
COMMAND: POST /session/ea2377afc02bbf13296b49c868bb39bc/element/f.E22896224DAB0D107D3E889F8C0ECED7.d.27B499B5DFEEF6A8CD0119F5242295C4.e.11273/click - {}
RESULT: {}
COMMAND: GET /session/ea2377afc02bbf13296b49c868bb39bc/screenshot - {}
RESULT: {}
COMMAND: POST /session/ea2377afc02bbf13296b49c868bb39bc/element - {"using":"xpath","value":"//span[contains(@id ,\"contractDetailTitleNoExpanded\")]"}
RESULT: {"using":"xpath","value":"//span[contains(@id ,\"contractDetailTitleNoExpanded\")]"}
COMMAND: POST /session/ea2377afc02bbf13296b49c868bb39bc/elements - {"using":"xpath","value":"//span[contains(@id ,\"contractDetailTitleNoExpanded\")]"}
RESULT: {"using":"xpath","value":"//span[contains(@id ,\"contractDetailTitleNoExpanded\")]"}
COMMAND: POST /session/ea2377afc02bbf13296b49c868bb39bc/execute/sync - {"script":"<script> [56 bytes]","args":[{"element-6066-11e4-a52e-4f735466cecf":"f.E22896224DAB0D107D3E889F8C0ECED7.d.27B499B5DFEEF6A8CD0119F5242295C4.e.11283","ELEMENT":"f.E22896224DAB0D107D3E889F8C0ECED7.d.27B499B5DFEEF6A8CD0119F5242295C4.e.11283"}]}
RESULT: {"script":"<script> [56 bytes]","args":[{"element-6066-11e4-a52e-4f735466cecf":"f.E22896224DAB0D107D3E889F8C0ECED7.d.27B499B5DFEEF6A8CD0119F5242295C4.e.11283","ELEMENT":"f.E22896224DAB0D107D3E889F8C0ECED7.d.27B499B5DFEEF6A8CD0119F5242295C4.e.11283"}]}
COMMAND: GET /session/ea2377afc02bbf13296b49c868bb39bc/screenshot - {}
RESULT: {}
]]></system-out>
    </testcase>
    <testcase classname="chrome.136_0_7103_93.windows.Billing_Transfer_-_Intracompany_US127249" name="Should add equipment to the contract" time="46.892">
      <system-out><![CDATA[
COMMAND: POST /session/ea2377afc02bbf13296b49c868bb39bc/element - {"using":"xpath","value":"//button[@data-kt=\"contractDetailEditBtnButton\"]"}
RESULT: {"using":"xpath","value":"//button[@data-kt=\"contractDetailEditBtnButton\"]"}
COMMAND: POST /session/ea2377afc02bbf13296b49c868bb39bc/element/f.E22896224DAB0D107D3E889F8C0ECED7.d.27B499B5DFEEF6A8CD0119F5242295C4.e.11286/click - {}
RESULT: {}
COMMAND: GET /session/ea2377afc02bbf13296b49c868bb39bc/screenshot - {}
RESULT: {}
COMMAND: POST /session/ea2377afc02bbf13296b49c868bb39bc/element - {"using":"xpath","value":"(//span[contains(text(), \"Additional Addresses\")])[2]"}
RESULT: {"using":"xpath","value":"(//span[contains(text(), \"Additional Addresses\")])[2]"}
COMMAND: POST /session/ea2377afc02bbf13296b49c868bb39bc/element/f.E22896224DAB0D107D3E889F8C0ECED7.d.27B499B5DFEEF6A8CD0119F5242295C4.e.11343/click - {}
RESULT: {}
COMMAND: GET /session/ea2377afc02bbf13296b49c868bb39bc/screenshot - {}
RESULT: {}
COMMAND: POST /session/ea2377afc02bbf13296b49c868bb39bc/element - {"using":"xpath","value":"//button[@data-kt=\"btnAddTableRowOverflowToolbarButton\"]"}
RESULT: {"using":"xpath","value":"//button[@data-kt=\"btnAddTableRowOverflowToolbarButton\"]"}
COMMAND: POST /session/ea2377afc02bbf13296b49c868bb39bc/element/f.E22896224DAB0D107D3E889F8C0ECED7.d.27B499B5DFEEF6A8CD0119F5242295C4.e.11346/click - {}
RESULT: {}
COMMAND: GET /session/ea2377afc02bbf13296b49c868bb39bc/screenshot - {}
RESULT: {}
COMMAND: POST /session/ea2377afc02bbf13296b49c868bb39bc/element - {"using":"xpath","value":"//div[(text() = 'Standard Entry' or . = 'Standard Entry')]"}
RESULT: {"using":"xpath","value":"//div[(text() = 'Standard Entry' or . = 'Standard Entry')]"}
COMMAND: POST /session/ea2377afc02bbf13296b49c868bb39bc/element/f.E22896224DAB0D107D3E889F8C0ECED7.d.27B499B5DFEEF6A8CD0119F5242295C4.e.11348/click - {}
RESULT: {}
COMMAND: GET /session/ea2377afc02bbf13296b49c868bb39bc/screenshot - {}
RESULT: {}
COMMAND: POST /session/ea2377afc02bbf13296b49c868bb39bc/element - {"using":"xpath","value":"//td[7]/div/div/input"}
RESULT: {"using":"xpath","value":"//td[7]/div/div/input"}
COMMAND: POST /session/ea2377afc02bbf13296b49c868bb39bc/element/f.E22896224DAB0D107D3E889F8C0ECED7.d.27B499B5DFEEF6A8CD0119F5242295C4.e.11357/clear - {}
RESULT: {}
COMMAND: POST /session/ea2377afc02bbf13296b49c868bb39bc/element/f.E22896224DAB0D107D3E889F8C0ECED7.d.27B499B5DFEEF6A8CD0119F5242295C4.e.11357/value - {"text":"DzqTsYpRQq"}
COMMAND: GET /session/ea2377afc02bbf13296b49c868bb39bc/screenshot - {}
RESULT: {"text":"DzqTsYpRQq"}
COMMAND: GET /session/ea2377afc02bbf13296b49c868bb39bc/screenshot - {}
RESULT: {}
RESULT: {}
COMMAND: POST /session/ea2377afc02bbf13296b49c868bb39bc/actions - {"actions":[{"id":"action41","type":"key","parameters":{},"actions":[{"type":"keyDown","value":"î€‡"},{"type":"pause","duration":10},{"type":"keyUp","value":"î€‡"}]}]}
RESULT: {"actions":[{"id":"action41","type":"key","parameters":{},"actions":[{"type":"keyDown","value":"î€‡"},{"type":"pause","duration":10},{"type":"keyUp","value":"î€‡"}]}]}
COMMAND: GET /session/ea2377afc02bbf13296b49c868bb39bc/screenshot - {}
RESULT: {}
COMMAND: POST /session/ea2377afc02bbf13296b49c868bb39bc/execute/sync - {"script":"<script> [276 bytes]","args":["No pricing information was found"]}
RESULT: {"script":"<script> [276 bytes]","args":["No pricing information was found"]}
COMMAND: POST /session/ea2377afc02bbf13296b49c868bb39bc/element - {"using":"xpath","value":"(//button[@data-kt=\"saveButton\"])[2]"}
COMMAND: GET /session/ea2377afc02bbf13296b49c868bb39bc/screenshot - {}
RESULT: {"using":"xpath","value":"(//button[@data-kt=\"saveButton\"])[2]"}
COMMAND: POST /session/ea2377afc02bbf13296b49c868bb39bc/element/f.E22896224DAB0D107D3E889F8C0ECED7.d.27B499B5DFEEF6A8CD0119F5242295C4.e.11372/click - {}
RESULT: {}
RESULT: {}
COMMAND: GET /session/ea2377afc02bbf13296b49c868bb39bc/screenshot - {}
RESULT: {}
COMMAND: POST /session/ea2377afc02bbf13296b49c868bb39bc/execute/sync - {"script":"<script> [276 bytes]","args":["Some contract items are having rental validity exceeding header rental validity"]}
RESULT: {"script":"<script> [276 bytes]","args":["Some contract items are having rental validity exceeding header rental validity"]}
COMMAND: GET /session/ea2377afc02bbf13296b49c868bb39bc/screenshot - {}
RESULT: {}
COMMAND: POST /session/ea2377afc02bbf13296b49c868bb39bc/element - {"using":"xpath","value":"//span[contains(@id ,\"contractItemsSmartTable-header-inner\")]"}
RESULT: {"using":"xpath","value":"//span[contains(@id ,\"contractItemsSmartTable-header-inner\")]"}
COMMAND: POST /session/ea2377afc02bbf13296b49c868bb39bc/elements - {"using":"xpath","value":"//span[contains(@id ,\"contractItemsSmartTable-header-inner\")]"}
RESULT: {"using":"xpath","value":"//span[contains(@id ,\"contractItemsSmartTable-header-inner\")]"}
COMMAND: POST /session/ea2377afc02bbf13296b49c868bb39bc/execute/sync - {"script":"<script> [56 bytes]","args":[{"element-6066-11e4-a52e-4f735466cecf":"f.E22896224DAB0D107D3E889F8C0ECED7.d.27B499B5DFEEF6A8CD0119F5242295C4.e.11380","ELEMENT":"f.E22896224DAB0D107D3E889F8C0ECED7.d.27B499B5DFEEF6A8CD0119F5242295C4.e.11380"}]}
RESULT: {"script":"<script> [56 bytes]","args":[{"element-6066-11e4-a52e-4f735466cecf":"f.E22896224DAB0D107D3E889F8C0ECED7.d.27B499B5DFEEF6A8CD0119F5242295C4.e.11380","ELEMENT":"f.E22896224DAB0D107D3E889F8C0ECED7.d.27B499B5DFEEF6A8CD0119F5242295C4.e.11380"}]}
COMMAND: GET /session/ea2377afc02bbf13296b49c868bb39bc/screenshot - {}
]]></system-out>
    </testcase>
    <testcase classname="chrome.136_0_7103_93.windows.Billing_Transfer_-_Intracompany_US127249" name="Should do a provide to site handover" time="70.389">
      <system-out><![CDATA[
COMMAND: POST /session/ea2377afc02bbf13296b49c868bb39bc/element - {"using":"xpath","value":"//button[@data-kt=\"provideButton\"]"}
RESULT: {}
RESULT: {"using":"xpath","value":"//button[@data-kt=\"provideButton\"]"}
COMMAND: POST /session/ea2377afc02bbf13296b49c868bb39bc/element/f.E22896224DAB0D107D3E889F8C0ECED7.d.27B499B5DFEEF6A8CD0119F5242295C4.e.11381/click - {}
RESULT: {}
COMMAND: GET /session/ea2377afc02bbf13296b49c868bb39bc/screenshot - {}
RESULT: undefined
COMMAND: POST /session/ea2377afc02bbf13296b49c868bb39bc/execute/async - {"script":"<script> [6424 bytes]","args":[{"element-6066-11e4-a52e-4f735466cecf":"f.E22896224DAB0D107D3E889F8C0ECED7.d.27B499B5DFEEF6A8CD0119F5242295C4.e.10436"},"setValue",["5/20/25"]]}
RESULT: {}
COMMAND: POST /session/ea2377afc02bbf13296b49c868bb39bc/execute/async - {"script":"<script> [1562 bytes]","args":[{"selector":{"id":"application-managehandovers-display-component---AddNewHO--dueDate","interaction":{"idSuffix":"inner"}},"wdio_ui5_key":"applicationmanagehandovers-display-component---AddNewHO--dueDate"}]}
RESULT: {"script":"<script> [1562 bytes]","args":[{"selector":{"id":"application-managehandovers-display-component---AddNewHO--dueDate","interaction":{"idSuffix":"inner"}},"wdio_ui5_key":"applicationmanagehandovers-display-component---AddNewHO--dueDate"}]}
COMMAND: POST /session/ea2377afc02bbf13296b49c868bb39bc/execute/async - {"script":"<script> [6424 bytes]","args":[{"element-6066-11e4-a52e-4f735466cecf":"f.E22896224DAB0D107D3E889F8C0ECED7.d.27B499B5DFEEF6A8CD0119F5242295C4.e.11472"},"setValue",["5/20/25"]]}
RESULT: {"script":"<script> [6424 bytes]","args":[{"element-6066-11e4-a52e-4f735466cecf":"f.E22896224DAB0D107D3E889F8C0ECED7.d.27B499B5DFEEF6A8CD0119F5242295C4.e.11472"},"setValue",["5/20/25"]]}
COMMAND: POST /session/ea2377afc02bbf13296b49c868bb39bc/element - {"using":"xpath","value":"//bdi[contains(text(), \"Instructions\")]"}
RESULT: {"using":"xpath","value":"//bdi[contains(text(), \"Instructions\")]"}
COMMAND: POST /session/ea2377afc02bbf13296b49c868bb39bc/element/f.E22896224DAB0D107D3E889F8C0ECED7.d.27B499B5DFEEF6A8CD0119F5242295C4.e.11714/click - {}
RESULT: {}
COMMAND: GET /session/ea2377afc02bbf13296b49c868bb39bc/screenshot - {}
RESULT: {}
COMMAND: POST /session/ea2377afc02bbf13296b49c868bb39bc/element - {"using":"xpath","value":"//button[@data-kt=\"AddNewHOProvideAddItemsButton\"]"}
RESULT: {"using":"xpath","value":"//button[@data-kt=\"AddNewHOProvideAddItemsButton\"]"}
COMMAND: POST /session/ea2377afc02bbf13296b49c868bb39bc/element/f.E22896224DAB0D107D3E889F8C0ECED7.d.27B499B5DFEEF6A8CD0119F5242295C4.e.11718/click - {}
RESULT: {}
COMMAND: GET /session/ea2377afc02bbf13296b49c868bb39bc/screenshot - {}
RESULT: {}
RESULT: undefined
COMMAND: POST /session/ea2377afc02bbf13296b49c868bb39bc/element - {"using":"xpath","value":"//*[@id=\"application-managehandovers-display-component---AddNewHO--popup-sa\"]"}
RESULT: {"using":"xpath","value":"//*[@id=\"application-managehandovers-display-component---AddNewHO--popup-sa\"]"}
COMMAND: POST /session/ea2377afc02bbf13296b49c868bb39bc/element/f.E22896224DAB0D107D3E889F8C0ECED7.d.27B499B5DFEEF6A8CD0119F5242295C4.e.11728/click - {}
RESULT: {}
COMMAND: GET /session/ea2377afc02bbf13296b49c868bb39bc/screenshot - {}
RESULT: {}
COMMAND: POST /session/ea2377afc02bbf13296b49c868bb39bc/element - {"using":"xpath","value":"//*[contains(@id ,\"BDI-content\")][contains(text(), \"Select\")]"}
RESULT: {"using":"xpath","value":"//*[contains(@id ,\"BDI-content\")][contains(text(), \"Select\")]"}
COMMAND: POST /session/ea2377afc02bbf13296b49c868bb39bc/element/f.E22896224DAB0D107D3E889F8C0ECED7.d.27B499B5DFEEF6A8CD0119F5242295C4.e.11729/click - {}
RESULT: {}
COMMAND: GET /session/ea2377afc02bbf13296b49c868bb39bc/screenshot - {}
RESULT: {}
COMMAND: POST /session/ea2377afc02bbf13296b49c868bb39bc/execute/async - {"script":"<script> [1562 bytes]","args":[{"selector":{"id":"application-managehandovers-display-component---AddNewHO--confirmCreationButton","interaction":{"idSuffix":"BDI-content"}},"wdio_ui5_key":"applicationmanagehandovers-display-component---AddNewHO--confirmCreationButton"}]}
RESULT: {"script":"<script> [1562 bytes]","args":[{"selector":{"id":"application-managehandovers-display-component---AddNewHO--confirmCreationButton","interaction":{"idSuffix":"BDI-content"}},"wdio_ui5_key":"applicationmanagehandovers-display-component---AddNewHO--confirmCreationButton"}]}
RESULT: undefined
COMMAND: POST /session/ea2377afc02bbf13296b49c868bb39bc/element - {"using":"xpath","value":"//*[@id=\"application-managehandovers-display-component---AddNewHO--confirmCreationButton\"]"}
RESULT: {"using":"xpath","value":"//*[@id=\"application-managehandovers-display-component---AddNewHO--confirmCreationButton\"]"}
COMMAND: POST /session/ea2377afc02bbf13296b49c868bb39bc/element/f.E22896224DAB0D107D3E889F8C0ECED7.d.27B499B5DFEEF6A8CD0119F5242295C4.e.11518/click - {}
RESULT: {}
COMMAND: GET /session/ea2377afc02bbf13296b49c868bb39bc/screenshot - {}
RESULT: {}
COMMAND: POST /session/ea2377afc02bbf13296b49c868bb39bc/execute/async - {"script":"<script> [1562 bytes]","args":[{"selector":{"id":"issueDatePicker","viewName":"etm.portal.ui.managehandovers.view.DetailExecuteHO","interaction":{"idSuffix":"inner"}},"wdio_ui5_key":"issueDatePickeretmportal.ui.managehandovers.view.DetailExecuteHO"}]}
RESULT: {"script":"<script> [1562 bytes]","args":[{"selector":{"id":"issueDatePicker","viewName":"etm.portal.ui.managehandovers.view.DetailExecuteHO","interaction":{"idSuffix":"inner"}},"wdio_ui5_key":"issueDatePickeretmportal.ui.managehandovers.view.DetailExecuteHO"}]}
RESULT: undefined
COMMAND: POST /session/ea2377afc02bbf13296b49c868bb39bc/execute/async - {"script":"<script> [776 bytes]","args":[{"enterText":"5/20/25","selector":{"id":"issueDatePicker","viewName":"etm.portal.ui.managehandovers.view.DetailExecuteHO","interaction":{"idSuffix":"inner"}},"clearTextFirst":true,"interactionType":"ENTER_TEXT"}]}
RESULT: {"script":"<script> [776 bytes]","args":[{"enterText":"5/20/25","selector":{"id":"issueDatePicker","viewName":"etm.portal.ui.managehandovers.view.DetailExecuteHO","interaction":{"idSuffix":"inner"}},"clearTextFirst":true,"interactionType":"ENTER_TEXT"}]}
COMMAND: POST /session/ea2377afc02bbf13296b49c868bb39bc/element - {"using":"xpath","value":"//bdi[contains(text(), \"OK\")]"}
RESULT: {"using":"xpath","value":"//bdi[contains(text(), \"OK\")]"}
COMMAND: POST /session/ea2377afc02bbf13296b49c868bb39bc/element/f.E22896224DAB0D107D3E889F8C0ECED7.d.27B499B5DFEEF6A8CD0119F5242295C4.e.11778/click - {}
RESULT: {}
COMMAND: GET /session/ea2377afc02bbf13296b49c868bb39bc/screenshot - {}
RESULT: {}
COMMAND: POST /session/ea2377afc02bbf13296b49c868bb39bc/element - {"using":"xpath","value":"//button[@data-kt=\"PickingTableConfirmAllButton\"]"}
RESULT: {"using":"xpath","value":"//button[@data-kt=\"PickingTableConfirmAllButton\"]"}
COMMAND: POST /session/ea2377afc02bbf13296b49c868bb39bc/element/f.E22896224DAB0D107D3E889F8C0ECED7.d.27B499B5DFEEF6A8CD0119F5242295C4.e.11786/click - {}
RESULT: {}
COMMAND: GET /session/ea2377afc02bbf13296b49c868bb39bc/screenshot - {}
RESULT: {}
COMMAND: POST /session/ea2377afc02bbf13296b49c868bb39bc/element - {"using":"xpath","value":"//bdi[contains(text(), \"OK\")]"}
RESULT: {"using":"xpath","value":"//bdi[contains(text(), \"OK\")]"}
COMMAND: POST /session/ea2377afc02bbf13296b49c868bb39bc/element/f.E22896224DAB0D107D3E889F8C0ECED7.d.27B499B5DFEEF6A8CD0119F5242295C4.e.11790/click - {}
RESULT: {}
COMMAND: GET /session/ea2377afc02bbf13296b49c868bb39bc/screenshot - {}
RESULT: {}
COMMAND: POST /session/ea2377afc02bbf13296b49c868bb39bc/element - {"using":"xpath","value":"//bdi[contains(text(), \"Issue\")]"}
RESULT: {"using":"xpath","value":"//bdi[contains(text(), \"Issue\")]"}
COMMAND: POST /session/ea2377afc02bbf13296b49c868bb39bc/element/f.E22896224DAB0D107D3E889F8C0ECED7.d.27B499B5DFEEF6A8CD0119F5242295C4.e.11791/click - {}
RESULT: {}
COMMAND: GET /session/ea2377afc02bbf13296b49c868bb39bc/screenshot - {}
RESULT: {}
COMMAND: POST /session/ea2377afc02bbf13296b49c868bb39bc/element - {"using":"css selector","value":"#shell-header-logo"}
RESULT: {"using":"css selector","value":"#shell-header-logo"}
COMMAND: POST /session/ea2377afc02bbf13296b49c868bb39bc/element/f.E22896224DAB0D107D3E889F8C0ECED7.d.27B499B5DFEEF6A8CD0119F5242295C4.e.10830/click - {}
RESULT: {}
COMMAND: GET /session/ea2377afc02bbf13296b49c868bb39bc/screenshot - {}
RESULT: {}
]]></system-out>
    </testcase>
    <testcase classname="chrome.136_0_7103_93.windows.Billing_Transfer_-_Intracompany_US127249" name="Should go navigate to Manage Billings and trigger contract calculation check result" time="70.356">
      <system-out><![CDATA[
COMMAND: POST /session/ea2377afc02bbf13296b49c868bb39bc/execute/async - {"script":"<script> [1562 bytes]","args":[{"selector":{"controlType":"sap.m.GenericTile","properties":{"header":"Manage Billings"}},"wdio_ui5_key":"sapm.GenericTile{\"header\":\"Manage Billings\"}"}]}
RESULT: {"script":"<script> [1562 bytes]","args":[{"selector":{"controlType":"sap.m.GenericTile","properties":{"header":"Manage Billings"}},"wdio_ui5_key":"sapm.GenericTile{\"header\":\"Manage Billings\"}"}]}
RESULT: undefined
COMMAND: POST /session/ea2377afc02bbf13296b49c868bb39bc/element - {"using":"xpath","value":"//*[@id=\"__tile91\"]"}
RESULT: {"using":"xpath","value":"//*[@id=\"__tile91\"]"}
COMMAND: POST /session/ea2377afc02bbf13296b49c868bb39bc/element/f.E22896224DAB0D107D3E889F8C0ECED7.d.27B499B5DFEEF6A8CD0119F5242295C4.e.8959/click - {}
RESULT: {}
COMMAND: GET /session/ea2377afc02bbf13296b49c868bb39bc/screenshot - {}
COMMAND: POST /session/ea2377afc02bbf13296b49c868bb39bc/elements - {"using":"xpath","value":"//span[text()='Error']"}
RESULT: {}
RESULT: {"using":"xpath","value":"//span[text()='Error']"}
COMMAND: POST /session/ea2377afc02bbf13296b49c868bb39bc/execute/async - {"script":"<script> [1562 bytes]","args":[{"selector":{"id":"application-managebillings-display-component---billRunCalcResult--smartFilterBar-btnBasicSearch","interaction":{"idSuffix":"I"}},"wdio_ui5_key":"applicationmanagebillings-display-component---billRunCalcResult--smartFilterBar-btnBasicSearch"}]}
RESULT: {"script":"<script> [1562 bytes]","args":[{"selector":{"id":"application-managebillings-display-component---billRunCalcResult--smartFilterBar-btnBasicSearch","interaction":{"idSuffix":"I"}},"wdio_ui5_key":"applicationmanagebillings-display-component---billRunCalcResult--smartFilterBar-btnBasicSearch"}]}
RESULT: undefined
COMMAND: POST /session/ea2377afc02bbf13296b49c868bb39bc/execute/async - {"script":"<script> [776 bytes]","args":[{"enterText":"10413","selector":{"id":"application-managebillings-display-component---billRunCalcResult--smartFilterBar-btnBasicSearch","interaction":{"idSuffix":"I"}},"clearTextFirst":true,"interactionType":"ENTER_TEXT"}]}
RESULT: {"script":"<script> [776 bytes]","args":[{"enterText":"10413","selector":{"id":"application-managebillings-display-component---billRunCalcResult--smartFilterBar-btnBasicSearch","interaction":{"idSuffix":"I"}},"clearTextFirst":true,"interactionType":"ENTER_TEXT"}]}
COMMAND: POST /session/ea2377afc02bbf13296b49c868bb39bc/actions - {"actions":[{"id":"action42","type":"key","parameters":{},"actions":[{"type":"keyDown","value":"î€‡"},{"type":"pause","duration":10},{"type":"keyUp","value":"î€‡"}]}]}
RESULT: {"actions":[{"id":"action42","type":"key","parameters":{},"actions":[{"type":"keyDown","value":"î€‡"},{"type":"pause","duration":10},{"type":"keyUp","value":"î€‡"}]}]}
COMMAND: GET /session/ea2377afc02bbf13296b49c868bb39bc/screenshot - {}
RESULT: {}
COMMAND: POST /session/ea2377afc02bbf13296b49c868bb39bc/element - {"using":"xpath","value":"//td[@aria-colindex=\"1\"]/div/div[contains(@class, \"sapMCbBg\")]"}
RESULT: {"using":"xpath","value":"//td[@aria-colindex=\"1\"]/div/div[contains(@class, \"sapMCbBg\")]"}
COMMAND: POST /session/ea2377afc02bbf13296b49c868bb39bc/element/f.E22896224DAB0D107D3E889F8C0ECED7.d.27B499B5DFEEF6A8CD0119F5242295C4.e.12175/click - {}
RESULT: {}
COMMAND: GET /session/ea2377afc02bbf13296b49c868bb39bc/screenshot - {}
RESULT: {}
COMMAND: POST /session/ea2377afc02bbf13296b49c868bb39bc/execute/async - {"script":"<script> [1562 bytes]","args":[{"selector":{"id":"application-managebillings-display-component---billRunCalcResult--contractBillRunDate","interaction":{"idSuffix":"inner"}},"wdio_ui5_key":"applicationmanagebillings-display-component---billRunCalcResult--contractBillRunDate"}]}
RESULT: {"script":"<script> [1562 bytes]","args":[{"selector":{"id":"application-managebillings-display-component---billRunCalcResult--contractBillRunDate","interaction":{"idSuffix":"inner"}},"wdio_ui5_key":"applicationmanagebillings-display-component---billRunCalcResult--contractBillRunDate"}]}
RESULT: undefined
COMMAND: POST /session/ea2377afc02bbf13296b49c868bb39bc/execute/async - {"script":"<script> [776 bytes]","args":[{"enterText":"5/20/25","selector":{"id":"application-managebillings-display-component---billRunCalcResult--contractBillRunDate","interaction":{"idSuffix":"inner"}},"clearTextFirst":true,"interactionType":"ENTER_TEXT"}]}
RESULT: {"script":"<script> [776 bytes]","args":[{"enterText":"5/20/25","selector":{"id":"application-managebillings-display-component---billRunCalcResult--contractBillRunDate","interaction":{"idSuffix":"inner"}},"clearTextFirst":true,"interactionType":"ENTER_TEXT"}]}
COMMAND: POST /session/ea2377afc02bbf13296b49c868bb39bc/element - {"using":"xpath","value":"//bdi[contains(text(), \"Trigger Calculation\")]"}
RESULT: {"using":"xpath","value":"//bdi[contains(text(), \"Trigger Calculation\")]"}
COMMAND: POST /session/ea2377afc02bbf13296b49c868bb39bc/element/f.E22896224DAB0D107D3E889F8C0ECED7.d.27B499B5DFEEF6A8CD0119F5242295C4.e.12225/click - {}
RESULT: {}
COMMAND: GET /session/ea2377afc02bbf13296b49c868bb39bc/screenshot - {}
RESULT: {}
COMMAND: POST /session/ea2377afc02bbf13296b49c868bb39bc/element - {"using":"xpath","value":"(//span[contains(@id, \"imgNav\")])[1]"}
RESULT: {"using":"xpath","value":"(//span[contains(@id, \"imgNav\")])[1]"}
COMMAND: POST /session/ea2377afc02bbf13296b49c868bb39bc/element/f.E22896224DAB0D107D3E889F8C0ECED7.d.27B499B5DFEEF6A8CD0119F5242295C4.e.12176/click - {}
RESULT: {}
COMMAND: GET /session/ea2377afc02bbf13296b49c868bb39bc/screenshot - {}
RESULT: {}
COMMAND: POST /session/ea2377afc02bbf13296b49c868bb39bc/element - {"using":"xpath","value":"//tr/td[6]/div[1]/span[1]/span[1]"}
RESULT: {"using":"xpath","value":"//tr/td[6]/div[1]/span[1]/span[1]"}
COMMAND: GET /session/ea2377afc02bbf13296b49c868bb39bc/element/f.E22896224DAB0D107D3E889F8C0ECED7.d.27B499B5DFEEF6A8CD0119F5242295C4.e.12230/text - {}
RESULT: {}
COMMAND: POST /session/ea2377afc02bbf13296b49c868bb39bc/element - {"using":"xpath","value":"(//span[contains(@id, \"imgNav\")])[2]"}
RESULT: {"using":"xpath","value":"(//span[contains(@id, \"imgNav\")])[2]"}
COMMAND: POST /session/ea2377afc02bbf13296b49c868bb39bc/element/f.E22896224DAB0D107D3E889F8C0ECED7.d.27B499B5DFEEF6A8CD0119F5242295C4.e.12231/click - {}
RESULT: {}
COMMAND: POST /session/ea2377afc02bbf13296b49c868bb39bc/element - {"using":"xpath","value":"//bdi[contains(text(), \"Business Confirm\")]"}
COMMAND: GET /session/ea2377afc02bbf13296b49c868bb39bc/screenshot - {}
RESULT: {"using":"xpath","value":"//bdi[contains(text(), \"Business Confirm\")]"}
COMMAND: POST /session/ea2377afc02bbf13296b49c868bb39bc/elements - {"using":"xpath","value":"//bdi[contains(text(), \"Business Confirm\")]"}
RESULT: {}
RESULT: {"using":"xpath","value":"//bdi[contains(text(), \"Business Confirm\")]"}
COMMAND: POST /session/ea2377afc02bbf13296b49c868bb39bc/element - {"using":"xpath","value":"//bdi[contains(text(), \"Business Confirm\")]"}
RESULT: {"using":"xpath","value":"//bdi[contains(text(), \"Business Confirm\")]"}
COMMAND: POST /session/ea2377afc02bbf13296b49c868bb39bc/element/f.E22896224DAB0D107D3E889F8C0ECED7.d.27B499B5DFEEF6A8CD0119F5242295C4.e.12281/click - {}
RESULT: {}
COMMAND: POST /session/ea2377afc02bbf13296b49c868bb39bc/element - {"using":"css selector","value":"#shell-header-logo"}
COMMAND: GET /session/ea2377afc02bbf13296b49c868bb39bc/screenshot - {}
RESULT: {"using":"css selector","value":"#shell-header-logo"}
COMMAND: POST /session/ea2377afc02bbf13296b49c868bb39bc/element/f.E22896224DAB0D107D3E889F8C0ECED7.d.27B499B5DFEEF6A8CD0119F5242295C4.e.11967/click - {}
RESULT: {}
RESULT: {}
COMMAND: GET /session/ea2377afc02bbf13296b49c868bb39bc/screenshot - {}
RESULT: {}
]]></system-out>
    </testcase>
    <testcase classname="chrome.136_0_7103_93.windows.Billing_Transfer_-_Intracompany_US127249" name="Should navigate to billing transfer and invoice the contract" time="82.464">
      <system-out><![CDATA[
COMMAND: POST /session/ea2377afc02bbf13296b49c868bb39bc/execute/async - {"script":"<script> [1562 bytes]","args":[{"selector":{"controlType":"sap.m.GenericTile","properties":{"header":"Billing Transfer"}},"wdio_ui5_key":"sapm.GenericTile{\"header\":\"Billing Transfer\"}"}]}
RESULT: {"script":"<script> [1562 bytes]","args":[{"selector":{"controlType":"sap.m.GenericTile","properties":{"header":"Billing Transfer"}},"wdio_ui5_key":"sapm.GenericTile{\"header\":\"Billing Transfer\"}"}]}
RESULT: undefined
COMMAND: POST /session/ea2377afc02bbf13296b49c868bb39bc/element - {"using":"xpath","value":"//*[@id=\"__tile90\"]"}
RESULT: {"using":"xpath","value":"//*[@id=\"__tile90\"]"}
COMMAND: POST /session/ea2377afc02bbf13296b49c868bb39bc/element/f.E22896224DAB0D107D3E889F8C0ECED7.d.27B499B5DFEEF6A8CD0119F5242295C4.e.8956/click - {}
RESULT: {}
COMMAND: GET /session/ea2377afc02bbf13296b49c868bb39bc/screenshot - {}
RESULT: {}
COMMAND: POST /session/ea2377afc02bbf13296b49c868bb39bc/elements - {"using":"xpath","value":"//span[text()='Error']"}
RESULT: {"using":"xpath","value":"//span[text()='Error']"}
COMMAND: POST /session/ea2377afc02bbf13296b49c868bb39bc/element - {"using":"xpath","value":"//input[contains(@id ,\"application-billingtransfer-display-component---billingWorkbench--smartFilterBar-btnBasicSearch\")]"}
RESULT: {"using":"xpath","value":"//input[contains(@id ,\"application-billingtransfer-display-component---billingWorkbench--smartFilterBar-btnBasicSearch\")]"}
COMMAND: POST /session/ea2377afc02bbf13296b49c868bb39bc/elements - {"using":"xpath","value":"//input[contains(@id ,\"application-billingtransfer-display-component---billingWorkbench--smartFilterBar-btnBasicSearch\")]"}
RESULT: {"using":"xpath","value":"//input[contains(@id ,\"application-billingtransfer-display-component---billingWorkbench--smartFilterBar-btnBasicSearch\")]"}
COMMAND: POST /session/ea2377afc02bbf13296b49c868bb39bc/execute/sync - {"script":"<script> [8489 bytes]","args":[{"element-6066-11e4-a52e-4f735466cecf":"f.E22896224DAB0D107D3E889F8C0ECED7.d.27B499B5DFEEF6A8CD0119F5242295C4.e.12307","ELEMENT":"f.E22896224DAB0D107D3E889F8C0ECED7.d.27B499B5DFEEF6A8CD0119F5242295C4.e.12307"}]}
RESULT: {"script":"<script> [8489 bytes]","args":[{"element-6066-11e4-a52e-4f735466cecf":"f.E22896224DAB0D107D3E889F8C0ECED7.d.27B499B5DFEEF6A8CD0119F5242295C4.e.12307","ELEMENT":"f.E22896224DAB0D107D3E889F8C0ECED7.d.27B499B5DFEEF6A8CD0119F5242295C4.e.12307"}]}
COMMAND: GET /session/ea2377afc02bbf13296b49c868bb39bc/element/f.E22896224DAB0D107D3E889F8C0ECED7.d.27B499B5DFEEF6A8CD0119F5242295C4.e.12307/enabled - {}
COMMAND: GET /session/ea2377afc02bbf13296b49c868bb39bc/screenshot - {}
RESULT: {}
COMMAND: POST /session/ea2377afc02bbf13296b49c868bb39bc/element/f.E22896224DAB0D107D3E889F8C0ECED7.d.27B499B5DFEEF6A8CD0119F5242295C4.e.12307/click - {}
COMMAND: GET /session/ea2377afc02bbf13296b49c868bb39bc/screenshot - {}
RESULT: {}
RESULT: {}
COMMAND: GET /session/ea2377afc02bbf13296b49c868bb39bc/screenshot - {}
RESULT: {}
RESULT: {}
COMMAND: POST /session/ea2377afc02bbf13296b49c868bb39bc/element/f.E22896224DAB0D107D3E889F8C0ECED7.d.27B499B5DFEEF6A8CD0119F5242295C4.e.12307/clear - {}
RESULT: {}
COMMAND: POST /session/ea2377afc02bbf13296b49c868bb39bc/element/f.E22896224DAB0D107D3E889F8C0ECED7.d.27B499B5DFEEF6A8CD0119F5242295C4.e.12307/value - {"text":"10413"}
COMMAND: GET /session/ea2377afc02bbf13296b49c868bb39bc/screenshot - {}
RESULT: {}
RESULT: {"text":"10413"}
COMMAND: POST /session/ea2377afc02bbf13296b49c868bb39bc/actions - {"actions":[{"id":"action43","type":"key","parameters":{},"actions":[{"type":"keyDown","value":"î€‡"},{"type":"pause","duration":10},{"type":"keyUp","value":"î€‡"}]}]}
COMMAND: GET /session/ea2377afc02bbf13296b49c868bb39bc/screenshot - {}
RESULT: {"actions":[{"id":"action43","type":"key","parameters":{},"actions":[{"type":"keyDown","value":"î€‡"},{"type":"pause","duration":10},{"type":"keyUp","value":"î€‡"}]}]}
COMMAND: GET /session/ea2377afc02bbf13296b49c868bb39bc/screenshot - {}
RESULT: {}
RESULT: {}
COMMAND: POST /session/ea2377afc02bbf13296b49c868bb39bc/element - {"using":"xpath","value":"//span[contains(@id ,\"application-billingtransfer-display-component---billingWorkbench--smartTableBillingRuns-header-inner\")]"}
RESULT: {"using":"xpath","value":"//span[contains(@id ,\"application-billingtransfer-display-component---billingWorkbench--smartTableBillingRuns-header-inner\")]"}
COMMAND: POST /session/ea2377afc02bbf13296b49c868bb39bc/elements - {"using":"xpath","value":"//span[contains(@id ,\"application-billingtransfer-display-component---billingWorkbench--smartTableBillingRuns-header-inner\")]"}
RESULT: {"using":"xpath","value":"//span[contains(@id ,\"application-billingtransfer-display-component---billingWorkbench--smartTableBillingRuns-header-inner\")]"}
COMMAND: POST /session/ea2377afc02bbf13296b49c868bb39bc/execute/sync - {"script":"<script> [56 bytes]","args":[{"element-6066-11e4-a52e-4f735466cecf":"f.E22896224DAB0D107D3E889F8C0ECED7.d.27B499B5DFEEF6A8CD0119F5242295C4.e.12538","ELEMENT":"f.E22896224DAB0D107D3E889F8C0ECED7.d.27B499B5DFEEF6A8CD0119F5242295C4.e.12538"}]}
RESULT: {"script":"<script> [56 bytes]","args":[{"element-6066-11e4-a52e-4f735466cecf":"f.E22896224DAB0D107D3E889F8C0ECED7.d.27B499B5DFEEF6A8CD0119F5242295C4.e.12538","ELEMENT":"f.E22896224DAB0D107D3E889F8C0ECED7.d.27B499B5DFEEF6A8CD0119F5242295C4.e.12538"}]}
COMMAND: POST /session/ea2377afc02bbf13296b49c868bb39bc/element - {"using":"xpath","value":"//td[@aria-colindex=\"1\"]/div/div[contains(@class, \"sapMCbBg\")]"}
COMMAND: GET /session/ea2377afc02bbf13296b49c868bb39bc/screenshot - {}
RESULT: {"using":"xpath","value":"//td[@aria-colindex=\"1\"]/div/div[contains(@class, \"sapMCbBg\")]"}
COMMAND: POST /session/ea2377afc02bbf13296b49c868bb39bc/element/f.E22896224DAB0D107D3E889F8C0ECED7.d.27B499B5DFEEF6A8CD0119F5242295C4.e.12530/click - {}
RESULT: {}
RESULT: {}
COMMAND: GET /session/ea2377afc02bbf13296b49c868bb39bc/screenshot - {}
RESULT: {}
COMMAND: POST /session/ea2377afc02bbf13296b49c868bb39bc/element - {"using":"xpath","value":"//bdi[contains(text(), \"Check\")]"}
RESULT: {"using":"xpath","value":"//bdi[contains(text(), \"Check\")]"}
COMMAND: POST /session/ea2377afc02bbf13296b49c868bb39bc/element/f.E22896224DAB0D107D3E889F8C0ECED7.d.27B499B5DFEEF6A8CD0119F5242295C4.e.12539/click - {}
RESULT: {}
COMMAND: GET /session/ea2377afc02bbf13296b49c868bb39bc/screenshot - {}
RESULT: {}
COMMAND: POST /session/ea2377afc02bbf13296b49c868bb39bc/element - {"using":"xpath","value":"//bdi[contains(text(), \"OK\")]"}
RESULT: {"using":"xpath","value":"//bdi[contains(text(), \"OK\")]"}
COMMAND: POST /session/ea2377afc02bbf13296b49c868bb39bc/element/f.E22896224DAB0D107D3E889F8C0ECED7.d.27B499B5DFEEF6A8CD0119F5242295C4.e.12543/click - {}
RESULT: {}
COMMAND: GET /session/ea2377afc02bbf13296b49c868bb39bc/screenshot - {}
RESULT: {}
COMMAND: POST /session/ea2377afc02bbf13296b49c868bb39bc/element - {"using":"xpath","value":"(//span[contains(text(), \"CO/SD checked\")]/parent::div/preceding-sibling::div/span)[1]"}
RESULT: {"using":"xpath","value":"(//span[contains(text(), \"CO/SD checked\")]/parent::div/preceding-sibling::div/span)[1]"}
COMMAND: POST /session/ea2377afc02bbf13296b49c868bb39bc/element/f.E22896224DAB0D107D3E889F8C0ECED7.d.27B499B5DFEEF6A8CD0119F5242295C4.e.12544/click - {}
RESULT: {}
COMMAND: GET /session/ea2377afc02bbf13296b49c868bb39bc/screenshot - {}
RESULT: {}
COMMAND: POST /session/ea2377afc02bbf13296b49c868bb39bc/element - {"using":"xpath","value":"//input[contains(@id ,\"application-billingtransfer-display-component---billingWorkbench--smartFilterBar-btnBasicSearch\")]"}
RESULT: {"using":"xpath","value":"//input[contains(@id ,\"application-billingtransfer-display-component---billingWorkbench--smartFilterBar-btnBasicSearch\")]"}
COMMAND: POST /session/ea2377afc02bbf13296b49c868bb39bc/elements - {"using":"xpath","value":"//input[contains(@id ,\"application-billingtransfer-display-component---billingWorkbench--smartFilterBar-btnBasicSearch\")]"}
RESULT: {"using":"xpath","value":"//input[contains(@id ,\"application-billingtransfer-display-component---billingWorkbench--smartFilterBar-btnBasicSearch\")]"}
COMMAND: POST /session/ea2377afc02bbf13296b49c868bb39bc/execute/sync - {"script":"<script> [8489 bytes]","args":[{"element-6066-11e4-a52e-4f735466cecf":"f.E22896224DAB0D107D3E889F8C0ECED7.d.27B499B5DFEEF6A8CD0119F5242295C4.e.12307","ELEMENT":"f.E22896224DAB0D107D3E889F8C0ECED7.d.27B499B5DFEEF6A8CD0119F5242295C4.e.12307"}]}
RESULT: {"script":"<script> [8489 bytes]","args":[{"element-6066-11e4-a52e-4f735466cecf":"f.E22896224DAB0D107D3E889F8C0ECED7.d.27B499B5DFEEF6A8CD0119F5242295C4.e.12307","ELEMENT":"f.E22896224DAB0D107D3E889F8C0ECED7.d.27B499B5DFEEF6A8CD0119F5242295C4.e.12307"}]}
COMMAND: GET /session/ea2377afc02bbf13296b49c868bb39bc/element/f.E22896224DAB0D107D3E889F8C0ECED7.d.27B499B5DFEEF6A8CD0119F5242295C4.e.12307/enabled - {}
COMMAND: GET /session/ea2377afc02bbf13296b49c868bb39bc/screenshot - {}
RESULT: {}
COMMAND: POST /session/ea2377afc02bbf13296b49c868bb39bc/element/f.E22896224DAB0D107D3E889F8C0ECED7.d.27B499B5DFEEF6A8CD0119F5242295C4.e.12307/click - {}
COMMAND: GET /session/ea2377afc02bbf13296b49c868bb39bc/screenshot - {}
RESULT: {}
RESULT: {}
COMMAND: GET /session/ea2377afc02bbf13296b49c868bb39bc/screenshot - {}
RESULT: {}
RESULT: {}
COMMAND: POST /session/ea2377afc02bbf13296b49c868bb39bc/element/f.E22896224DAB0D107D3E889F8C0ECED7.d.27B499B5DFEEF6A8CD0119F5242295C4.e.12307/clear - {}
RESULT: {}
COMMAND: POST /session/ea2377afc02bbf13296b49c868bb39bc/element/f.E22896224DAB0D107D3E889F8C0ECED7.d.27B499B5DFEEF6A8CD0119F5242295C4.e.12307/value - {"text":"10413"}
COMMAND: GET /session/ea2377afc02bbf13296b49c868bb39bc/screenshot - {}
RESULT: {"text":"10413"}
COMMAND: POST /session/ea2377afc02bbf13296b49c868bb39bc/actions - {"actions":[{"id":"action44","type":"key","parameters":{},"actions":[{"type":"keyDown","value":"î€‡"},{"type":"pause","duration":10},{"type":"keyUp","value":"î€‡"}]}]}
COMMAND: GET /session/ea2377afc02bbf13296b49c868bb39bc/screenshot - {}
RESULT: {}
RESULT: {"actions":[{"id":"action44","type":"key","parameters":{},"actions":[{"type":"keyDown","value":"î€‡"},{"type":"pause","duration":10},{"type":"keyUp","value":"î€‡"}]}]}
COMMAND: GET /session/ea2377afc02bbf13296b49c868bb39bc/screenshot - {}
RESULT: {}
RESULT: {}
COMMAND: POST /session/ea2377afc02bbf13296b49c868bb39bc/element - {"using":"xpath","value":"//span[contains(@id ,\"application-billingtransfer-display-component---billingWorkbench--smartTableBillingRuns-header-inner\")]"}
RESULT: {"using":"xpath","value":"//span[contains(@id ,\"application-billingtransfer-display-component---billingWorkbench--smartTableBillingRuns-header-inner\")]"}
COMMAND: POST /session/ea2377afc02bbf13296b49c868bb39bc/elements - {"using":"xpath","value":"//span[contains(@id ,\"application-billingtransfer-display-component---billingWorkbench--smartTableBillingRuns-header-inner\")]"}
RESULT: {"using":"xpath","value":"//span[contains(@id ,\"application-billingtransfer-display-component---billingWorkbench--smartTableBillingRuns-header-inner\")]"}
COMMAND: POST /session/ea2377afc02bbf13296b49c868bb39bc/execute/sync - {"script":"<script> [56 bytes]","args":[{"element-6066-11e4-a52e-4f735466cecf":"f.E22896224DAB0D107D3E889F8C0ECED7.d.27B499B5DFEEF6A8CD0119F5242295C4.e.12538","ELEMENT":"f.E22896224DAB0D107D3E889F8C0ECED7.d.27B499B5DFEEF6A8CD0119F5242295C4.e.12538"}]}
RESULT: {"script":"<script> [56 bytes]","args":[{"element-6066-11e4-a52e-4f735466cecf":"f.E22896224DAB0D107D3E889F8C0ECED7.d.27B499B5DFEEF6A8CD0119F5242295C4.e.12538","ELEMENT":"f.E22896224DAB0D107D3E889F8C0ECED7.d.27B499B5DFEEF6A8CD0119F5242295C4.e.12538"}]}
COMMAND: POST /session/ea2377afc02bbf13296b49c868bb39bc/element - {"using":"xpath","value":"//td[@aria-colindex=\"1\"]/div/div[contains(@class, \"sapMCbBg\")]"}
COMMAND: GET /session/ea2377afc02bbf13296b49c868bb39bc/screenshot - {}
RESULT: {"using":"xpath","value":"//td[@aria-colindex=\"1\"]/div/div[contains(@class, \"sapMCbBg\")]"}
COMMAND: POST /session/ea2377afc02bbf13296b49c868bb39bc/element/f.E22896224DAB0D107D3E889F8C0ECED7.d.27B499B5DFEEF6A8CD0119F5242295C4.e.12548/click - {}
RESULT: {}
RESULT: {}
COMMAND: GET /session/ea2377afc02bbf13296b49c868bb39bc/screenshot - {}
RESULT: {}
COMMAND: POST /session/ea2377afc02bbf13296b49c868bb39bc/element - {"using":"xpath","value":"//bdi[text()=\"Transfer\"]"}
RESULT: {"using":"xpath","value":"//bdi[text()=\"Transfer\"]"}
COMMAND: POST /session/ea2377afc02bbf13296b49c868bb39bc/element/f.E22896224DAB0D107D3E889F8C0ECED7.d.27B499B5DFEEF6A8CD0119F5242295C4.e.12549/click - {}
RESULT: {}
COMMAND: GET /session/ea2377afc02bbf13296b49c868bb39bc/screenshot - {}
RESULT: {}
COMMAND: POST /session/ea2377afc02bbf13296b49c868bb39bc/element - {"using":"xpath","value":"//bdi[contains(text(), \"OK\")]"}
RESULT: {"using":"xpath","value":"//bdi[contains(text(), \"OK\")]"}
COMMAND: POST /session/ea2377afc02bbf13296b49c868bb39bc/element/f.E22896224DAB0D107D3E889F8C0ECED7.d.27B499B5DFEEF6A8CD0119F5242295C4.e.12552/click - {}
RESULT: {}
COMMAND: GET /session/ea2377afc02bbf13296b49c868bb39bc/screenshot - {}
RESULT: {}
COMMAND: POST /session/ea2377afc02bbf13296b49c868bb39bc/element - {"using":"xpath","value":"(//span[contains(text(), \"Completed\")]/parent::div/preceding-sibling::div/span)[1]"}
RESULT: {"using":"xpath","value":"(//span[contains(text(), \"Completed\")]/parent::div/preceding-sibling::div/span)[1]"}
COMMAND: POST /session/ea2377afc02bbf13296b49c868bb39bc/element/f.E22896224DAB0D107D3E889F8C0ECED7.d.27B499B5DFEEF6A8CD0119F5242295C4.e.12560/click - {}
RESULT: {}
COMMAND: POST /session/ea2377afc02bbf13296b49c868bb39bc/element - {"using":"xpath","value":"//input[contains(@id ,\"application-billingtransfer-display-component---billingWorkbench--smartFilterBar-btnBasicSearch\")]"}
COMMAND: GET /session/ea2377afc02bbf13296b49c868bb39bc/screenshot - {}
RESULT: {"using":"xpath","value":"//input[contains(@id ,\"application-billingtransfer-display-component---billingWorkbench--smartFilterBar-btnBasicSearch\")]"}
COMMAND: POST /session/ea2377afc02bbf13296b49c868bb39bc/elements - {"using":"xpath","value":"//input[contains(@id ,\"application-billingtransfer-display-component---billingWorkbench--smartFilterBar-btnBasicSearch\")]"}
RESULT: {}
RESULT: {"using":"xpath","value":"//input[contains(@id ,\"application-billingtransfer-display-component---billingWorkbench--smartFilterBar-btnBasicSearch\")]"}
COMMAND: POST /session/ea2377afc02bbf13296b49c868bb39bc/execute/sync - {"script":"<script> [8489 bytes]","args":[{"element-6066-11e4-a52e-4f735466cecf":"f.E22896224DAB0D107D3E889F8C0ECED7.d.27B499B5DFEEF6A8CD0119F5242295C4.e.12307","ELEMENT":"f.E22896224DAB0D107D3E889F8C0ECED7.d.27B499B5DFEEF6A8CD0119F5242295C4.e.12307"}]}
RESULT: {"script":"<script> [8489 bytes]","args":[{"element-6066-11e4-a52e-4f735466cecf":"f.E22896224DAB0D107D3E889F8C0ECED7.d.27B499B5DFEEF6A8CD0119F5242295C4.e.12307","ELEMENT":"f.E22896224DAB0D107D3E889F8C0ECED7.d.27B499B5DFEEF6A8CD0119F5242295C4.e.12307"}]}
COMMAND: GET /session/ea2377afc02bbf13296b49c868bb39bc/element/f.E22896224DAB0D107D3E889F8C0ECED7.d.27B499B5DFEEF6A8CD0119F5242295C4.e.12307/enabled - {}
COMMAND: GET /session/ea2377afc02bbf13296b49c868bb39bc/screenshot - {}
RESULT: {}
COMMAND: POST /session/ea2377afc02bbf13296b49c868bb39bc/element/f.E22896224DAB0D107D3E889F8C0ECED7.d.27B499B5DFEEF6A8CD0119F5242295C4.e.12307/click - {}
COMMAND: GET /session/ea2377afc02bbf13296b49c868bb39bc/screenshot - {}
RESULT: {}
RESULT: {}
COMMAND: GET /session/ea2377afc02bbf13296b49c868bb39bc/screenshot - {}
RESULT: {}
RESULT: {}
COMMAND: POST /session/ea2377afc02bbf13296b49c868bb39bc/element/f.E22896224DAB0D107D3E889F8C0ECED7.d.27B499B5DFEEF6A8CD0119F5242295C4.e.12307/clear - {}
RESULT: {}
COMMAND: POST /session/ea2377afc02bbf13296b49c868bb39bc/element/f.E22896224DAB0D107D3E889F8C0ECED7.d.27B499B5DFEEF6A8CD0119F5242295C4.e.12307/value - {"text":"10413"}
COMMAND: GET /session/ea2377afc02bbf13296b49c868bb39bc/screenshot - {}
RESULT: {"text":"10413"}
COMMAND: POST /session/ea2377afc02bbf13296b49c868bb39bc/actions - {"actions":[{"id":"action45","type":"key","parameters":{},"actions":[{"type":"keyDown","value":"î€‡"},{"type":"pause","duration":10},{"type":"keyUp","value":"î€‡"}]}]}
COMMAND: GET /session/ea2377afc02bbf13296b49c868bb39bc/screenshot - {}
RESULT: {}
RESULT: {"actions":[{"id":"action45","type":"key","parameters":{},"actions":[{"type":"keyDown","value":"î€‡"},{"type":"pause","duration":10},{"type":"keyUp","value":"î€‡"}]}]}
COMMAND: GET /session/ea2377afc02bbf13296b49c868bb39bc/screenshot - {}
RESULT: {}
RESULT: {}
COMMAND: POST /session/ea2377afc02bbf13296b49c868bb39bc/element - {"using":"xpath","value":"//span[contains(@id ,\"application-billingtransfer-display-component---billingWorkbench--smartTableBillingRuns-header-inner\")]"}
RESULT: {"using":"xpath","value":"//span[contains(@id ,\"application-billingtransfer-display-component---billingWorkbench--smartTableBillingRuns-header-inner\")]"}
COMMAND: POST /session/ea2377afc02bbf13296b49c868bb39bc/elements - {"using":"xpath","value":"//span[contains(@id ,\"application-billingtransfer-display-component---billingWorkbench--smartTableBillingRuns-header-inner\")]"}
RESULT: {"using":"xpath","value":"//span[contains(@id ,\"application-billingtransfer-display-component---billingWorkbench--smartTableBillingRuns-header-inner\")]"}
COMMAND: POST /session/ea2377afc02bbf13296b49c868bb39bc/execute/sync - {"script":"<script> [56 bytes]","args":[{"element-6066-11e4-a52e-4f735466cecf":"f.E22896224DAB0D107D3E889F8C0ECED7.d.27B499B5DFEEF6A8CD0119F5242295C4.e.12538","ELEMENT":"f.E22896224DAB0D107D3E889F8C0ECED7.d.27B499B5DFEEF6A8CD0119F5242295C4.e.12538"}]}
RESULT: {"script":"<script> [56 bytes]","args":[{"element-6066-11e4-a52e-4f735466cecf":"f.E22896224DAB0D107D3E889F8C0ECED7.d.27B499B5DFEEF6A8CD0119F5242295C4.e.12538","ELEMENT":"f.E22896224DAB0D107D3E889F8C0ECED7.d.27B499B5DFEEF6A8CD0119F5242295C4.e.12538"}]}
COMMAND: POST /session/ea2377afc02bbf13296b49c868bb39bc/element - {"using":"css selector","value":"#shell-header-logo"}
COMMAND: GET /session/ea2377afc02bbf13296b49c868bb39bc/screenshot - {}
RESULT: {"using":"css selector","value":"#shell-header-logo"}
COMMAND: POST /session/ea2377afc02bbf13296b49c868bb39bc/element/f.E22896224DAB0D107D3E889F8C0ECED7.d.27B499B5DFEEF6A8CD0119F5242295C4.e.12305/click - {}
RESULT: {}
RESULT: {}
COMMAND: GET /session/ea2377afc02bbf13296b49c868bb39bc/screenshot - {}
RESULT: {}
COMMAND: POST /session/ea2377afc02bbf13296b49c868bb39bc/element - {"using":"css selector","value":"#j_username"}
COMMAND: POST /session/ea2377afc02bbf13296b49c868bb39bc/url - {"url":"https://qa-testing-00-live-etm-ui.cfapps.eu10-004.hana.ondemand.com/"}
RESULT: {"using":"css selector","value":"#j_username"}
COMMAND: POST /session/ea2377afc02bbf13296b49c868bb39bc/element - {"using":"css selector","value":"#j_username"}
RESULT: {"url":"https://qa-testing-00-live-etm-ui.cfapps.eu10-004.hana.ondemand.com/"}
RESULT: undefined
COMMAND: GET /session/ea2377afc02bbf13296b49c868bb39bc/screenshot - {}
RESULT: {"using":"css selector","value":"#j_username"}
COMMAND: POST /session/ea2377afc02bbf13296b49c868bb39bc/element - {"using":"css selector","value":"#shell-header-logo"}
RESULT: {}
RESULT: {"using":"css selector","value":"#shell-header-logo"}
COMMAND: POST /session/ea2377afc02bbf13296b49c868bb39bc/execute/sync - {"script":"<script> [8489 bytes]","args":[{"element-6066-11e4-a52e-4f735466cecf":"f.E22896224DAB0D107D3E889F8C0ECED7.d.43278CCC4C5D1CFDCDEAE83B78A20B3D.e.12577","ELEMENT":"f.E22896224DAB0D107D3E889F8C0ECED7.d.43278CCC4C5D1CFDCDEAE83B78A20B3D.e.12577"}]}
RESULT: {"script":"<script> [8489 bytes]","args":[{"element-6066-11e4-a52e-4f735466cecf":"f.E22896224DAB0D107D3E889F8C0ECED7.d.43278CCC4C5D1CFDCDEAE83B78A20B3D.e.12577","ELEMENT":"f.E22896224DAB0D107D3E889F8C0ECED7.d.43278CCC4C5D1CFDCDEAE83B78A20B3D.e.12577"}]}
COMMAND: POST /session/ea2377afc02bbf13296b49c868bb39bc/element - {"using":"css selector","value":"#shell-header-logo"}
COMMAND: GET /session/ea2377afc02bbf13296b49c868bb39bc/screenshot - {}
RESULT: {}
RESULT: {"using":"css selector","value":"#shell-header-logo"}
COMMAND: POST /session/ea2377afc02bbf13296b49c868bb39bc/execute/sync - {"script":"<script> [8489 bytes]","args":[{"element-6066-11e4-a52e-4f735466cecf":"f.E22896224DAB0D107D3E889F8C0ECED7.d.43278CCC4C5D1CFDCDEAE83B78A20B3D.e.12577","ELEMENT":"f.E22896224DAB0D107D3E889F8C0ECED7.d.43278CCC4C5D1CFDCDEAE83B78A20B3D.e.12577"}]}
RESULT: {"script":"<script> [8489 bytes]","args":[{"element-6066-11e4-a52e-4f735466cecf":"f.E22896224DAB0D107D3E889F8C0ECED7.d.43278CCC4C5D1CFDCDEAE83B78A20B3D.e.12577","ELEMENT":"f.E22896224DAB0D107D3E889F8C0ECED7.d.43278CCC4C5D1CFDCDEAE83B78A20B3D.e.12577"}]}
COMMAND: POST /session/ea2377afc02bbf13296b49c868bb39bc/execute/sync - {"script":"<script> [5351 bytes]","args":[{"element-6066-11e4-a52e-4f735466cecf":"f.E22896224DAB0D107D3E889F8C0ECED7.d.43278CCC4C5D1CFDCDEAE83B78A20B3D.e.12577","ELEMENT":"f.E22896224DAB0D107D3E889F8C0ECED7.d.43278CCC4C5D1CFDCDEAE83B78A20B3D.e.12577"}]}
COMMAND: GET /session/ea2377afc02bbf13296b49c868bb39bc/screenshot - {}
RESULT: {"script":"<script> [5351 bytes]","args":[{"element-6066-11e4-a52e-4f735466cecf":"f.E22896224DAB0D107D3E889F8C0ECED7.d.43278CCC4C5D1CFDCDEAE83B78A20B3D.e.12577","ELEMENT":"f.E22896224DAB0D107D3E889F8C0ECED7.d.43278CCC4C5D1CFDCDEAE83B78A20B3D.e.12577"}]}
COMMAND: POST /session/ea2377afc02bbf13296b49c868bb39bc/element - {"using":"css selector","value":"#shell-header-logo"}
COMMAND: GET /session/ea2377afc02bbf13296b49c868bb39bc/screenshot - {}
RESULT: {}
RESULT: {"using":"css selector","value":"#shell-header-logo"}
COMMAND: POST /session/ea2377afc02bbf13296b49c868bb39bc/element/f.E22896224DAB0D107D3E889F8C0ECED7.d.43278CCC4C5D1CFDCDEAE83B78A20B3D.e.12577/click - {}
RESULT: {}
RESULT: {}
COMMAND: GET /session/ea2377afc02bbf13296b49c868bb39bc/screenshot - {}
RESULT: {}
COMMAND: POST /session/ea2377afc02bbf13296b49c868bb39bc/execute/async - {"script":"<script> [189 bytes]","args":[]}
RESULT: {"script":"<script> [189 bytes]","args":[]}
COMMAND: POST /session/ea2377afc02bbf13296b49c868bb39bc/execute/async - {"script":"<script> [123 bytes]","args":[]}
RESULT: {"script":"<script> [123 bytes]","args":[]}
COMMAND: POST /session/ea2377afc02bbf13296b49c868bb39bc/timeouts - {"script":"<number>"}
RESULT: {"script":"<number>"}
COMMAND: GET /session/ea2377afc02bbf13296b49c868bb39bc/timeouts - {}
RESULT: {}
RESULT: undefined
COMMAND: POST /session/ea2377afc02bbf13296b49c868bb39bc/execute/async - {"script":"<script> [2676 bytes]","args":[]}
RESULT: {"script":"<script> [2676 bytes]","args":[]}
COMMAND: POST /session/ea2377afc02bbf13296b49c868bb39bc/execute/async - {"script":"<script> [2342 bytes]","args":[{"protocol":"http","hostname":"0.0.0.0","path":"/","capabilities":{"browserName":"chrome","goog:chromeOptions":{"binary":"C:\\Program Files\\Google\\Chrome\\Application\\chrome.exe","args":["--start-maximized"]}},"logLevel":"warn","connectionRetryTimeout":120000,"connectionRetryCount":3,"logLevels":{},"enableDirectConnect":true,"strictSSL":true,"_":"65 more keys: [\"cacheDir\",\"port\",\"requestedCapabilities\",\"automationProtocol\",\"baseUrl\",\"waitforInterval\",\"waitforTimeout\",\"onReload\",\"beforeCommand\",\"afterCommand\",\"rootDir\",\"specs\",\"suites\",\"exclude\",\"groupLogsByTestSpec\",\"excludeDriverLogs\",\"bail\",\"framework\",\"reporters\",\"services\",\"maxInstances\",\"maxInstancesPerCapability\",\"injectGlobals\",\"filesToWatch\",\"execArgv\",\"runnerEnv\",\"runner\",\"shard\",\"specFileRetries\",\"specFileRetriesDelay\",\"specFileRetriesDeferred\",\"reporterSyncInterval\",\"reporterSyncTimeout\",\"cucumberFeaturesWithLineNumbers\",\"autoCompileOpts\",\"mochaOpts\",\"jasmineOpts\",\"cucumberOpts\",\"onPrepare\",\"onWorkerStart\",\"onWorkerEnd\",\"before\",\"beforeSession\",\"beforeSuite\",\"beforeHook\",\"beforeTest\",\"afterTest\",\"afterHook\",\"afterSuite\",\"afterSession\",\"after\",\"onComplete\",\"beforeAssertion\",\"afterAssertion\",\"beforeFeature\",\"beforeScenario\",\"beforeStep\",\"afterStep\",\"afterScenario\",\"afterFeature\",\"_\",\"suite\",\"$0\",\"ignoredWorkerServices\",\"wdi5\"]"}]}
RESULT: {"script":"<script> [2342 bytes]","args":[{"protocol":"http","hostname":"0.0.0.0","path":"/","capabilities":{"browserName":"chrome","goog:chromeOptions":{"binary":"C:\\Program Files\\Google\\Chrome\\Application\\chrome.exe","args":["--start-maximized"]}},"logLevel":"warn","connectionRetryTimeout":120000,"connectionRetryCount":3,"logLevels":{},"enableDirectConnect":true,"strictSSL":true,"_":"65 more keys: [\"cacheDir\",\"port\",\"requestedCapabilities\",\"automationProtocol\",\"baseUrl\",\"waitforInterval\",\"waitforTimeout\",\"onReload\",\"beforeCommand\",\"afterCommand\",\"rootDir\",\"specs\",\"suites\",\"exclude\",\"groupLogsByTestSpec\",\"excludeDriverLogs\",\"bail\",\"framework\",\"reporters\",\"services\",\"maxInstances\",\"maxInstancesPerCapability\",\"injectGlobals\",\"filesToWatch\",\"execArgv\",\"runnerEnv\",\"runner\",\"shard\",\"specFileRetries\",\"specFileRetriesDelay\",\"specFileRetriesDeferred\",\"reporterSyncInterval\",\"reporterSyncTimeout\",\"cucumberFeaturesWithLineNumbers\",\"autoCompileOpts\",\"mochaOpts\",\"jasmineOpts\",\"cucumberOpts\",\"onPrepare\",\"onWorkerStart\",\"onWorkerEnd\",\"before\",\"beforeSession\",\"beforeSuite\",\"beforeHook\",\"beforeTest\",\"afterTest\",\"afterHook\",\"afterSuite\",\"afterSession\",\"after\",\"onComplete\",\"beforeAssertion\",\"afterAssertion\",\"beforeFeature\",\"beforeScenario\",\"beforeStep\",\"afterStep\",\"afterScenario\",\"afterFeature\",\"_\",\"suite\",\"$0\",\"ignoredWorkerServices\",\"wdi5\"]"}]}
COMMAND: POST /session/ea2377afc02bbf13296b49c868bb39bc/execute/async - {"script":"<script> [21126 bytes]","args":[35000]}
RESULT: {"script":"<script> [21126 bytes]","args":[35000]}
COMMAND: POST /session/ea2377afc02bbf13296b49c868bb39bc/window/maximize - {}
RESULT: {}
COMMAND: POST /session/ea2377afc02bbf13296b49c868bb39bc/execute/async - {"script":"<script> [1562 bytes]","args":[{"selector":{"id":"shell-header","interaction":{"idSuffix":"icon"}},"wdio_ui5_key":"shellheader"}]}
COMMAND: GET /session/ea2377afc02bbf13296b49c868bb39bc/screenshot - {}
RESULT: {"script":"<script> [1562 bytes]","args":[{"selector":{"id":"shell-header","interaction":{"idSuffix":"icon"}},"wdio_ui5_key":"shellheader"}]}
RESULT: undefined
COMMAND: POST /session/ea2377afc02bbf13296b49c868bb39bc/refresh - {}
RESULT: {}
RESULT: {}
COMMAND: GET /session/ea2377afc02bbf13296b49c868bb39bc/screenshot - {}
RESULT: {}
COMMAND: POST /session/ea2377afc02bbf13296b49c868bb39bc/refresh - {}
RESULT: {}
COMMAND: GET /session/ea2377afc02bbf13296b49c868bb39bc/screenshot - {}
RESULT: {}
COMMAND: POST /session/ea2377afc02bbf13296b49c868bb39bc/window/fullscreen - {}
RESULT: {}
COMMAND: POST /session/ea2377afc02bbf13296b49c868bb39bc/execute/async - {"script":"<script> [189 bytes]","args":[]}
RESULT: {"script":"<script> [189 bytes]","args":[]}
COMMAND: POST /session/ea2377afc02bbf13296b49c868bb39bc/execute/async - {"script":"<script> [123 bytes]","args":[]}
RESULT: {"script":"<script> [123 bytes]","args":[]}
COMMAND: POST /session/ea2377afc02bbf13296b49c868bb39bc/timeouts - {"script":"<number>"}
RESULT: {"script":"<number>"}
COMMAND: GET /session/ea2377afc02bbf13296b49c868bb39bc/timeouts - {}
RESULT: {}
RESULT: undefined
COMMAND: POST /session/ea2377afc02bbf13296b49c868bb39bc/execute/async - {"script":"<script> [2676 bytes]","args":[]}
RESULT: {"script":"<script> [2676 bytes]","args":[]}
COMMAND: POST /session/ea2377afc02bbf13296b49c868bb39bc/execute/async - {"script":"<script> [2342 bytes]","args":[{"protocol":"http","hostname":"0.0.0.0","path":"/","capabilities":{"browserName":"chrome","goog:chromeOptions":{"binary":"C:\\Program Files\\Google\\Chrome\\Application\\chrome.exe","args":["--start-maximized"]}},"logLevel":"warn","connectionRetryTimeout":120000,"connectionRetryCount":3,"logLevels":{},"enableDirectConnect":true,"strictSSL":true,"_":"65 more keys: [\"cacheDir\",\"port\",\"requestedCapabilities\",\"automationProtocol\",\"baseUrl\",\"waitforInterval\",\"waitforTimeout\",\"onReload\",\"beforeCommand\",\"afterCommand\",\"rootDir\",\"specs\",\"suites\",\"exclude\",\"groupLogsByTestSpec\",\"excludeDriverLogs\",\"bail\",\"framework\",\"reporters\",\"services\",\"maxInstances\",\"maxInstancesPerCapability\",\"injectGlobals\",\"filesToWatch\",\"execArgv\",\"runnerEnv\",\"runner\",\"shard\",\"specFileRetries\",\"specFileRetriesDelay\",\"specFileRetriesDeferred\",\"reporterSyncInterval\",\"reporterSyncTimeout\",\"cucumberFeaturesWithLineNumbers\",\"autoCompileOpts\",\"mochaOpts\",\"jasmineOpts\",\"cucumberOpts\",\"onPrepare\",\"onWorkerStart\",\"onWorkerEnd\",\"before\",\"beforeSession\",\"beforeSuite\",\"beforeHook\",\"beforeTest\",\"afterTest\",\"afterHook\",\"afterSuite\",\"afterSession\",\"after\",\"onComplete\",\"beforeAssertion\",\"afterAssertion\",\"beforeFeature\",\"beforeScenario\",\"beforeStep\",\"afterStep\",\"afterScenario\",\"afterFeature\",\"_\",\"suite\",\"$0\",\"ignoredWorkerServices\",\"wdi5\"]"}]}
RESULT: {"script":"<script> [2342 bytes]","args":[{"protocol":"http","hostname":"0.0.0.0","path":"/","capabilities":{"browserName":"chrome","goog:chromeOptions":{"binary":"C:\\Program Files\\Google\\Chrome\\Application\\chrome.exe","args":["--start-maximized"]}},"logLevel":"warn","connectionRetryTimeout":120000,"connectionRetryCount":3,"logLevels":{},"enableDirectConnect":true,"strictSSL":true,"_":"65 more keys: [\"cacheDir\",\"port\",\"requestedCapabilities\",\"automationProtocol\",\"baseUrl\",\"waitforInterval\",\"waitforTimeout\",\"onReload\",\"beforeCommand\",\"afterCommand\",\"rootDir\",\"specs\",\"suites\",\"exclude\",\"groupLogsByTestSpec\",\"excludeDriverLogs\",\"bail\",\"framework\",\"reporters\",\"services\",\"maxInstances\",\"maxInstancesPerCapability\",\"injectGlobals\",\"filesToWatch\",\"execArgv\",\"runnerEnv\",\"runner\",\"shard\",\"specFileRetries\",\"specFileRetriesDelay\",\"specFileRetriesDeferred\",\"reporterSyncInterval\",\"reporterSyncTimeout\",\"cucumberFeaturesWithLineNumbers\",\"autoCompileOpts\",\"mochaOpts\",\"jasmineOpts\",\"cucumberOpts\",\"onPrepare\",\"onWorkerStart\",\"onWorkerEnd\",\"before\",\"beforeSession\",\"beforeSuite\",\"beforeHook\",\"beforeTest\",\"afterTest\",\"afterHook\",\"afterSuite\",\"afterSession\",\"after\",\"onComplete\",\"beforeAssertion\",\"afterAssertion\",\"beforeFeature\",\"beforeScenario\",\"beforeStep\",\"afterStep\",\"afterScenario\",\"afterFeature\",\"_\",\"suite\",\"$0\",\"ignoredWorkerServices\",\"wdi5\"]"}]}
COMMAND: POST /session/ea2377afc02bbf13296b49c868bb39bc/execute/async - {"script":"<script> [21126 bytes]","args":[35000]}
RESULT: {"script":"<script> [21126 bytes]","args":[35000]}
]]></system-out>
    </testcase>
  </testsuite>
  <testsuite timestamp="2025-05-20T06:16:52" time="770.327" tests="12" failures="0" errors="0" skipped="0">
    <properties>
      <property name="specId" value="0" />
      <property name="suiteName" value="Billing transfer US117289" />
      <property name="capabilities" value="chrome.136_0_7103_93.windows" />
      <property name="file" value="file:///D:/a/1/s/test/specs/BTS/billing-transfer.spec.js" />
    </properties>
    <testcase classname="chrome.136_0_7103_93.windows.Billing_transfer_US117289" name="Should create a new yard" time="0.016">
      <system-out><![CDATA[
COMMAND: POST /session/ea2377afc02bbf13296b49c868bb39bc/window/fullscreen - {}
RESULT: {}
]]></system-out>
    </testcase>
    <testcase classname="chrome.136_0_7103_93.windows.Billing_transfer_US117289" name="Should create a new partner" time="0.004" />
    <testcase classname="chrome.136_0_7103_93.windows.Billing_transfer_US117289" name="Should create a new site" time="0.004" />
    <testcase classname="chrome.136_0_7103_93.windows.Billing_transfer_US117289" name="Should create a new equipment" time="149.078">
      <system-out><![CDATA[
COMMAND: POST /session/ea2377afc02bbf13296b49c868bb39bc/execute/async - {"script":"<script> [1562 bytes]","args":[{"selector":{"controlType":"sap.m.GenericTile","properties":{"header":"Manage Resources"}},"wdio_ui5_key":"sapm.GenericTile{\"header\":\"Manage Resources\"}"}]}
RESULT: {"script":"<script> [1562 bytes]","args":[{"selector":{"controlType":"sap.m.GenericTile","properties":{"header":"Manage Resources"}},"wdio_ui5_key":"sapm.GenericTile{\"header\":\"Manage Resources\"}"}]}
RESULT: undefined
COMMAND: POST /session/ea2377afc02bbf13296b49c868bb39bc/element - {"using":"xpath","value":"//*[@id=\"__tile39\"]"}
RESULT: {"using":"xpath","value":"//*[@id=\"__tile39\"]"}
COMMAND: POST /session/ea2377afc02bbf13296b49c868bb39bc/element/f.E22896224DAB0D107D3E889F8C0ECED7.d.5E2F226FF5913DAF90576D5BB185C241.e.12722/click - {}
RESULT: {}
COMMAND: GET /session/ea2377afc02bbf13296b49c868bb39bc/screenshot - {}
RESULT: {}
COMMAND: POST /session/ea2377afc02bbf13296b49c868bb39bc/elements - {"using":"xpath","value":"//span[text()='Error']"}
RESULT: {"using":"xpath","value":"//span[text()='Error']"}
COMMAND: POST /session/ea2377afc02bbf13296b49c868bb39bc/element - {"using":"xpath","value":"//button[@data-kt=\"addNewRUOverflowToolbarButton\"]"}
RESULT: {"using":"xpath","value":"//button[@data-kt=\"addNewRUOverflowToolbarButton\"]"}
COMMAND: POST /session/ea2377afc02bbf13296b49c868bb39bc/elements - {"using":"xpath","value":"//button[@data-kt=\"addNewRUOverflowToolbarButton\"]"}
RESULT: {"using":"xpath","value":"//button[@data-kt=\"addNewRUOverflowToolbarButton\"]"}
COMMAND: POST /session/ea2377afc02bbf13296b49c868bb39bc/elements - {"using":"xpath","value":"//button[@data-kt=\"addNewRUOverflowToolbarButton\"]"}
RESULT: {"using":"xpath","value":"//button[@data-kt=\"addNewRUOverflowToolbarButton\"]"}
COMMAND: POST /session/ea2377afc02bbf13296b49c868bb39bc/elements - {"using":"xpath","value":"//button[@data-kt=\"addNewRUOverflowToolbarButton\"]"}
RESULT: {"using":"xpath","value":"//button[@data-kt=\"addNewRUOverflowToolbarButton\"]"}
COMMAND: POST /session/ea2377afc02bbf13296b49c868bb39bc/elements - {"using":"xpath","value":"//button[@data-kt=\"addNewRUOverflowToolbarButton\"]"}
RESULT: {"using":"xpath","value":"//button[@data-kt=\"addNewRUOverflowToolbarButton\"]"}
COMMAND: POST /session/ea2377afc02bbf13296b49c868bb39bc/elements - {"using":"xpath","value":"//button[@data-kt=\"addNewRUOverflowToolbarButton\"]"}
RESULT: {"using":"xpath","value":"//button[@data-kt=\"addNewRUOverflowToolbarButton\"]"}
COMMAND: POST /session/ea2377afc02bbf13296b49c868bb39bc/elements - {"using":"xpath","value":"//button[@data-kt=\"addNewRUOverflowToolbarButton\"]"}
RESULT: {"using":"xpath","value":"//button[@data-kt=\"addNewRUOverflowToolbarButton\"]"}
COMMAND: POST /session/ea2377afc02bbf13296b49c868bb39bc/elements - {"using":"xpath","value":"//button[@data-kt=\"addNewRUOverflowToolbarButton\"]"}
RESULT: {"using":"xpath","value":"//button[@data-kt=\"addNewRUOverflowToolbarButton\"]"}
COMMAND: POST /session/ea2377afc02bbf13296b49c868bb39bc/elements - {"using":"xpath","value":"//button[@data-kt=\"addNewRUOverflowToolbarButton\"]"}
RESULT: {"using":"xpath","value":"//button[@data-kt=\"addNewRUOverflowToolbarButton\"]"}
COMMAND: POST /session/ea2377afc02bbf13296b49c868bb39bc/elements - {"using":"xpath","value":"//button[@data-kt=\"addNewRUOverflowToolbarButton\"]"}
RESULT: {"using":"xpath","value":"//button[@data-kt=\"addNewRUOverflowToolbarButton\"]"}
COMMAND: POST /session/ea2377afc02bbf13296b49c868bb39bc/elements - {"using":"xpath","value":"//button[@data-kt=\"addNewRUOverflowToolbarButton\"]"}
RESULT: {"using":"xpath","value":"//button[@data-kt=\"addNewRUOverflowToolbarButton\"]"}
COMMAND: POST /session/ea2377afc02bbf13296b49c868bb39bc/elements - {"using":"xpath","value":"//button[@data-kt=\"addNewRUOverflowToolbarButton\"]"}
RESULT: {"using":"xpath","value":"//button[@data-kt=\"addNewRUOverflowToolbarButton\"]"}
COMMAND: POST /session/ea2377afc02bbf13296b49c868bb39bc/elements - {"using":"xpath","value":"//button[@data-kt=\"addNewRUOverflowToolbarButton\"]"}
RESULT: {"using":"xpath","value":"//button[@data-kt=\"addNewRUOverflowToolbarButton\"]"}
COMMAND: POST /session/ea2377afc02bbf13296b49c868bb39bc/elements - {"using":"xpath","value":"//button[@data-kt=\"addNewRUOverflowToolbarButton\"]"}
RESULT: {"using":"xpath","value":"//button[@data-kt=\"addNewRUOverflowToolbarButton\"]"}
COMMAND: POST /session/ea2377afc02bbf13296b49c868bb39bc/element - {"using":"xpath","value":"//button[@data-kt=\"addNewRUOverflowToolbarButton\"]"}
RESULT: {"using":"xpath","value":"//button[@data-kt=\"addNewRUOverflowToolbarButton\"]"}
COMMAND: POST /session/ea2377afc02bbf13296b49c868bb39bc/execute/sync - {"script":"<script> [8489 bytes]","args":[{"element-6066-11e4-a52e-4f735466cecf":"f.E22896224DAB0D107D3E889F8C0ECED7.d.5E2F226FF5913DAF90576D5BB185C241.e.12854","ELEMENT":"f.E22896224DAB0D107D3E889F8C0ECED7.d.5E2F226FF5913DAF90576D5BB185C241.e.12854"}]}
RESULT: {"script":"<script> [8489 bytes]","args":[{"element-6066-11e4-a52e-4f735466cecf":"f.E22896224DAB0D107D3E889F8C0ECED7.d.5E2F226FF5913DAF90576D5BB185C241.e.12854","ELEMENT":"f.E22896224DAB0D107D3E889F8C0ECED7.d.5E2F226FF5913DAF90576D5BB185C241.e.12854"}]}
COMMAND: GET /session/ea2377afc02bbf13296b49c868bb39bc/element/f.E22896224DAB0D107D3E889F8C0ECED7.d.5E2F226FF5913DAF90576D5BB185C241.e.12854/enabled - {}
COMMAND: GET /session/ea2377afc02bbf13296b49c868bb39bc/screenshot - {}
RESULT: {}
COMMAND: POST /session/ea2377afc02bbf13296b49c868bb39bc/execute/sync - {"script":"<script> [8489 bytes]","args":[{"element-6066-11e4-a52e-4f735466cecf":"f.E22896224DAB0D107D3E889F8C0ECED7.d.5E2F226FF5913DAF90576D5BB185C241.e.12854","ELEMENT":"f.E22896224DAB0D107D3E889F8C0ECED7.d.5E2F226FF5913DAF90576D5BB185C241.e.12854"}]}
COMMAND: GET /session/ea2377afc02bbf13296b49c868bb39bc/screenshot - {}
RESULT: {}
RESULT: {"script":"<script> [8489 bytes]","args":[{"element-6066-11e4-a52e-4f735466cecf":"f.E22896224DAB0D107D3E889F8C0ECED7.d.5E2F226FF5913DAF90576D5BB185C241.e.12854","ELEMENT":"f.E22896224DAB0D107D3E889F8C0ECED7.d.5E2F226FF5913DAF90576D5BB185C241.e.12854"}]}
COMMAND: POST /session/ea2377afc02bbf13296b49c868bb39bc/execute/sync - {"script":"<script> [5351 bytes]","args":[{"element-6066-11e4-a52e-4f735466cecf":"f.E22896224DAB0D107D3E889F8C0ECED7.d.5E2F226FF5913DAF90576D5BB185C241.e.12854","ELEMENT":"f.E22896224DAB0D107D3E889F8C0ECED7.d.5E2F226FF5913DAF90576D5BB185C241.e.12854"}]}
COMMAND: GET /session/ea2377afc02bbf13296b49c868bb39bc/screenshot - {}
RESULT: {}
RESULT: {"script":"<script> [5351 bytes]","args":[{"element-6066-11e4-a52e-4f735466cecf":"f.E22896224DAB0D107D3E889F8C0ECED7.d.5E2F226FF5913DAF90576D5BB185C241.e.12854","ELEMENT":"f.E22896224DAB0D107D3E889F8C0ECED7.d.5E2F226FF5913DAF90576D5BB185C241.e.12854"}]}
COMMAND: POST /session/ea2377afc02bbf13296b49c868bb39bc/element/f.E22896224DAB0D107D3E889F8C0ECED7.d.5E2F226FF5913DAF90576D5BB185C241.e.12854/click - {}
COMMAND: GET /session/ea2377afc02bbf13296b49c868bb39bc/screenshot - {}
RESULT: {}
RESULT: {}
COMMAND: GET /session/ea2377afc02bbf13296b49c868bb39bc/screenshot - {}
COMMAND: POST /session/ea2377afc02bbf13296b49c868bb39bc/execute/async - {"script":"<script> [1562 bytes]","args":[{"selector":{"id":"application-manageresources-display-component---newResourceUnit--TYPE-arrow"},"wdio_ui5_key":"applicationmanageresources-display-component---newResourceUnit--TYPE-arrow"}]}
RESULT: {}
RESULT: {}
RESULT: {"script":"<script> [1562 bytes]","args":[{"selector":{"id":"application-manageresources-display-component---newResourceUnit--TYPE-arrow"},"wdio_ui5_key":"applicationmanageresources-display-component---newResourceUnit--TYPE-arrow"}]}
RESULT: undefined
COMMAND: POST /session/ea2377afc02bbf13296b49c868bb39bc/element - {"using":"xpath","value":"//*[@id=\"application-manageresources-display-component---newResourceUnit--TYPE-arrow\"]"}
RESULT: {"using":"xpath","value":"//*[@id=\"application-manageresources-display-component---newResourceUnit--TYPE-arrow\"]"}
COMMAND: POST /session/ea2377afc02bbf13296b49c868bb39bc/element/f.E22896224DAB0D107D3E889F8C0ECED7.d.5E2F226FF5913DAF90576D5BB185C241.e.13212/click - {}
RESULT: {}
COMMAND: POST /session/ea2377afc02bbf13296b49c868bb39bc/element - {"using":"xpath","value":"//input[@id=\"application-manageresources-display-component---newResourceUnit--TYPE-inner\"]"}
COMMAND: GET /session/ea2377afc02bbf13296b49c868bb39bc/screenshot - {}
RESULT: {"using":"xpath","value":"//input[@id=\"application-manageresources-display-component---newResourceUnit--TYPE-inner\"]"}
COMMAND: POST /session/ea2377afc02bbf13296b49c868bb39bc/element/f.E22896224DAB0D107D3E889F8C0ECED7.d.5E2F226FF5913DAF90576D5BB185C241.e.13207/clear - {}
RESULT: {}
RESULT: {}
COMMAND: POST /session/ea2377afc02bbf13296b49c868bb39bc/element/f.E22896224DAB0D107D3E889F8C0ECED7.d.5E2F226FF5913DAF90576D5BB185C241.e.13207/value - {"text":"Equipment"}
COMMAND: GET /session/ea2377afc02bbf13296b49c868bb39bc/screenshot - {}
RESULT: {"text":"Equipment"}
COMMAND: GET /session/ea2377afc02bbf13296b49c868bb39bc/screenshot - {}
RESULT: {}
RESULT: {}
COMMAND: POST /session/ea2377afc02bbf13296b49c868bb39bc/actions - {"actions":[{"id":"action46","type":"key","parameters":{},"actions":[{"type":"keyDown","value":"î€‡"},{"type":"pause","duration":10},{"type":"keyUp","value":"î€‡"}]}]}
RESULT: {"actions":[{"id":"action46","type":"key","parameters":{},"actions":[{"type":"keyDown","value":"î€‡"},{"type":"pause","duration":10},{"type":"keyUp","value":"î€‡"}]}]}
COMMAND: POST /session/ea2377afc02bbf13296b49c868bb39bc/execute/async - {"script":"<script> [1562 bytes]","args":[{"selector":{"id":"application-manageresources-display-component---newResourceUnit--resourceId","interaction":{"idSuffix":"inner"}},"wdio_ui5_key":"applicationmanageresources-display-component---newResourceUnit--resourceId"}]}
COMMAND: GET /session/ea2377afc02bbf13296b49c868bb39bc/screenshot - {}
RESULT: {"script":"<script> [1562 bytes]","args":[{"selector":{"id":"application-manageresources-display-component---newResourceUnit--resourceId","interaction":{"idSuffix":"inner"}},"wdio_ui5_key":"applicationmanageresources-display-component---newResourceUnit--resourceId"}]}
RESULT: undefined
COMMAND: POST /session/ea2377afc02bbf13296b49c868bb39bc/execute/async - {"script":"<script> [776 bytes]","args":[{"enterText":"NAsfVw98TP","selector":{"id":"application-manageresources-display-component---newResourceUnit--resourceId","interaction":{"idSuffix":"inner"}},"clearTextFirst":true,"interactionType":"ENTER_TEXT"}]}
RESULT: {}
RESULT: {"script":"<script> [776 bytes]","args":[{"enterText":"NAsfVw98TP","selector":{"id":"application-manageresources-display-component---newResourceUnit--resourceId","interaction":{"idSuffix":"inner"}},"clearTextFirst":true,"interactionType":"ENTER_TEXT"}]}
COMMAND: POST /session/ea2377afc02bbf13296b49c868bb39bc/execute/async - {"script":"<script> [1562 bytes]","args":[{"selector":{"id":"application-manageresources-display-component---newResourceUnit--SHORT_TEXT","interaction":{"idSuffix":"inner"}},"wdio_ui5_key":"applicationmanageresources-display-component---newResourceUnit--SHORT_TEXT"}]}
RESULT: {"script":"<script> [1562 bytes]","args":[{"selector":{"id":"application-manageresources-display-component---newResourceUnit--SHORT_TEXT","interaction":{"idSuffix":"inner"}},"wdio_ui5_key":"applicationmanageresources-display-component---newResourceUnit--SHORT_TEXT"}]}
RESULT: undefined
COMMAND: POST /session/ea2377afc02bbf13296b49c868bb39bc/execute/async - {"script":"<script> [776 bytes]","args":[{"enterText":"Intercompany Equipment WDIO","selector":{"id":"application-manageresources-display-component---newResourceUnit--SHORT_TEXT","interaction":{"idSuffix":"inner"}},"clearTextFirst":true,"interactionType":"ENTER_TEXT"}]}
RESULT: {"script":"<script> [776 bytes]","args":[{"enterText":"Intercompany Equipment WDIO","selector":{"id":"application-manageresources-display-component---newResourceUnit--SHORT_TEXT","interaction":{"idSuffix":"inner"}},"clearTextFirst":true,"interactionType":"ENTER_TEXT"}]}
COMMAND: POST /session/ea2377afc02bbf13296b49c868bb39bc/execute/async - {"script":"<script> [1562 bytes]","args":[{"selector":{"id":"application-manageresources-display-component---newResourceUnit--BASE_UNIT_OF_MEASURE","interaction":{"idSuffix":"inner"}},"wdio_ui5_key":"applicationmanageresources-display-component---newResourceUnit--BASE_UNIT_OF_MEASURE"}]}
RESULT: {"script":"<script> [1562 bytes]","args":[{"selector":{"id":"application-manageresources-display-component---newResourceUnit--BASE_UNIT_OF_MEASURE","interaction":{"idSuffix":"inner"}},"wdio_ui5_key":"applicationmanageresources-display-component---newResourceUnit--BASE_UNIT_OF_MEASURE"}]}
RESULT: undefined
COMMAND: POST /session/ea2377afc02bbf13296b49c868bb39bc/execute/async - {"script":"<script> [776 bytes]","args":[{"enterText":"Piece","selector":{"id":"application-manageresources-display-component---newResourceUnit--BASE_UNIT_OF_MEASURE","interaction":{"idSuffix":"inner"}},"clearTextFirst":true,"interactionType":"ENTER_TEXT"}]}
RESULT: {"script":"<script> [776 bytes]","args":[{"enterText":"Piece","selector":{"id":"application-manageresources-display-component---newResourceUnit--BASE_UNIT_OF_MEASURE","interaction":{"idSuffix":"inner"}},"clearTextFirst":true,"interactionType":"ENTER_TEXT"}]}
COMMAND: POST /session/ea2377afc02bbf13296b49c868bb39bc/execute/async - {"script":"<script> [1562 bytes]","args":[{"selector":{"id":"application-manageresources-display-component---newResourceUnit--WEIGHT_UNIT","interaction":{"idSuffix":"inner"}},"wdio_ui5_key":"applicationmanageresources-display-component---newResourceUnit--WEIGHT_UNIT"}]}
RESULT: {"script":"<script> [1562 bytes]","args":[{"selector":{"id":"application-manageresources-display-component---newResourceUnit--WEIGHT_UNIT","interaction":{"idSuffix":"inner"}},"wdio_ui5_key":"applicationmanageresources-display-component---newResourceUnit--WEIGHT_UNIT"}]}
RESULT: undefined
COMMAND: POST /session/ea2377afc02bbf13296b49c868bb39bc/execute/async - {"script":"<script> [776 bytes]","args":[{"enterText":"Gram","selector":{"id":"application-manageresources-display-component---newResourceUnit--WEIGHT_UNIT","interaction":{"idSuffix":"inner"}},"clearTextFirst":true,"interactionType":"ENTER_TEXT"}]}
RESULT: {"script":"<script> [776 bytes]","args":[{"enterText":"Gram","selector":{"id":"application-manageresources-display-component---newResourceUnit--WEIGHT_UNIT","interaction":{"idSuffix":"inner"}},"clearTextFirst":true,"interactionType":"ENTER_TEXT"}]}
COMMAND: POST /session/ea2377afc02bbf13296b49c868bb39bc/execute/async - {"script":"<script> [1562 bytes]","args":[{"selector":{"id":"application-manageresources-display-component---newResourceUnit--DIMENSION_UNIT","interaction":{"idSuffix":"inner"}},"wdio_ui5_key":"applicationmanageresources-display-component---newResourceUnit--DIMENSION_UNIT"}]}
RESULT: {"script":"<script> [1562 bytes]","args":[{"selector":{"id":"application-manageresources-display-component---newResourceUnit--DIMENSION_UNIT","interaction":{"idSuffix":"inner"}},"wdio_ui5_key":"applicationmanageresources-display-component---newResourceUnit--DIMENSION_UNIT"}]}
RESULT: undefined
COMMAND: POST /session/ea2377afc02bbf13296b49c868bb39bc/execute/async - {"script":"<script> [776 bytes]","args":[{"enterText":"Meter","selector":{"id":"application-manageresources-display-component---newResourceUnit--DIMENSION_UNIT","interaction":{"idSuffix":"inner"}},"clearTextFirst":true,"interactionType":"ENTER_TEXT"}]}
RESULT: {"script":"<script> [776 bytes]","args":[{"enterText":"Meter","selector":{"id":"application-manageresources-display-component---newResourceUnit--DIMENSION_UNIT","interaction":{"idSuffix":"inner"}},"clearTextFirst":true,"interactionType":"ENTER_TEXT"}]}
COMMAND: POST /session/ea2377afc02bbf13296b49c868bb39bc/execute/async - {"script":"<script> [1562 bytes]","args":[{"selector":{"id":"application-manageresources-display-component---newResourceUnit--newRRUPage-anchBar-application-manageresources-display-component---newResourceUnit--control-anchor","interaction":{"idSuffix":"BDI-content"}},"wdio_ui5_key":"applicationmanageresources-display-component---newResourceUnit--newRRUPage-anchBar-application-manageresources-display-component---newResourceUnit--control-anchor"}]}
RESULT: {"script":"<script> [1562 bytes]","args":[{"selector":{"id":"application-manageresources-display-component---newResourceUnit--newRRUPage-anchBar-application-manageresources-display-component---newResourceUnit--control-anchor","interaction":{"idSuffix":"BDI-content"}},"wdio_ui5_key":"applicationmanageresources-display-component---newResourceUnit--newRRUPage-anchBar-application-manageresources-display-component---newResourceUnit--control-anchor"}]}
RESULT: undefined
COMMAND: POST /session/ea2377afc02bbf13296b49c868bb39bc/element - {"using":"xpath","value":"//*[@id=\"application-manageresources-display-component---newResourceUnit--newRRUPage-anchBar-application-manageresources-display-component---newResourceUnit--control-anchor\"]"}
RESULT: {"using":"xpath","value":"//*[@id=\"application-manageresources-display-component---newResourceUnit--newRRUPage-anchBar-application-manageresources-display-component---newResourceUnit--control-anchor\"]"}
COMMAND: POST /session/ea2377afc02bbf13296b49c868bb39bc/element/f.E22896224DAB0D107D3E889F8C0ECED7.d.5E2F226FF5913DAF90576D5BB185C241.e.13343/click - {}
RESULT: {}
COMMAND: POST /session/ea2377afc02bbf13296b49c868bb39bc/execute/async - {"script":"<script> [1562 bytes]","args":[{"selector":{"id":"application-manageresources-display-component---newResourceUnit--PLANNING_GROUP","interaction":{"idSuffix":"inner"}},"wdio_ui5_key":"applicationmanageresources-display-component---newResourceUnit--PLANNING_GROUP"}]}
COMMAND: GET /session/ea2377afc02bbf13296b49c868bb39bc/screenshot - {}
RESULT: {"script":"<script> [1562 bytes]","args":[{"selector":{"id":"application-manageresources-display-component---newResourceUnit--PLANNING_GROUP","interaction":{"idSuffix":"inner"}},"wdio_ui5_key":"applicationmanageresources-display-component---newResourceUnit--PLANNING_GROUP"}]}
RESULT: undefined
COMMAND: POST /session/ea2377afc02bbf13296b49c868bb39bc/execute/async - {"script":"<script> [776 bytes]","args":[{"enterText":"Heavy Equi","selector":{"id":"application-manageresources-display-component---newResourceUnit--PLANNING_GROUP","interaction":{"idSuffix":"inner"}},"clearTextFirst":true,"interactionType":"ENTER_TEXT"}]}
RESULT: {}
RESULT: {"script":"<script> [776 bytes]","args":[{"enterText":"Heavy Equi","selector":{"id":"application-manageresources-display-component---newResourceUnit--PLANNING_GROUP","interaction":{"idSuffix":"inner"}},"clearTextFirst":true,"interactionType":"ENTER_TEXT"}]}
COMMAND: POST /session/ea2377afc02bbf13296b49c868bb39bc/execute/async - {"script":"<script> [1562 bytes]","args":[{"selector":{"id":"application-manageresources-display-component---newResourceUnit--ITEM_TYPE-arrow"},"wdio_ui5_key":"applicationmanageresources-display-component---newResourceUnit--ITEM_TYPE-arrow"}]}
RESULT: {"script":"<script> [1562 bytes]","args":[{"selector":{"id":"application-manageresources-display-component---newResourceUnit--ITEM_TYPE-arrow"},"wdio_ui5_key":"applicationmanageresources-display-component---newResourceUnit--ITEM_TYPE-arrow"}]}
RESULT: undefined
COMMAND: POST /session/ea2377afc02bbf13296b49c868bb39bc/element - {"using":"xpath","value":"//*[@id=\"application-manageresources-display-component---newResourceUnit--ITEM_TYPE-arrow\"]"}
RESULT: {"using":"xpath","value":"//*[@id=\"application-manageresources-display-component---newResourceUnit--ITEM_TYPE-arrow\"]"}
COMMAND: POST /session/ea2377afc02bbf13296b49c868bb39bc/element/f.E22896224DAB0D107D3E889F8C0ECED7.d.5E2F226FF5913DAF90576D5BB185C241.e.13350/click - {}
RESULT: {}
COMMAND: POST /session/ea2377afc02bbf13296b49c868bb39bc/element - {"using":"xpath","value":"(//span[contains(text(), \"Resource Unit\")])[2]"}
COMMAND: GET /session/ea2377afc02bbf13296b49c868bb39bc/screenshot - {}
RESULT: {"using":"xpath","value":"(//span[contains(text(), \"Resource Unit\")])[2]"}
COMMAND: POST /session/ea2377afc02bbf13296b49c868bb39bc/element/f.E22896224DAB0D107D3E889F8C0ECED7.d.5E2F226FF5913DAF90576D5BB185C241.e.13351/click - {}
RESULT: {}
RESULT: {}
COMMAND: GET /session/ea2377afc02bbf13296b49c868bb39bc/screenshot - {}
RESULT: {}
COMMAND: POST /session/ea2377afc02bbf13296b49c868bb39bc/element - {"using":"css selector","value":"#application-manageresources-display-component---newResourceUnit--btnAddTimeSegment"}
RESULT: {"using":"css selector","value":"#application-manageresources-display-component---newResourceUnit--btnAddTimeSegment"}
COMMAND: GET /session/ea2377afc02bbf13296b49c868bb39bc/element/f.E22896224DAB0D107D3E889F8C0ECED7.d.5E2F226FF5913DAF90576D5BB185C241.e.13352/rect - {}
RESULT: {}
COMMAND: GET /session/ea2377afc02bbf13296b49c868bb39bc/window/rect - {}
RESULT: {}
COMMAND: POST /session/ea2377afc02bbf13296b49c868bb39bc/execute/sync - {"script":"<script> [92 bytes]","args":[]}
RESULT: {"script":"<script> [92 bytes]","args":[]}
COMMAND: POST /session/ea2377afc02bbf13296b49c868bb39bc/actions - {"actions":[{"id":"action47","type":"wheel","parameters":{},"actions":[{"type":"scroll","x":-1888,"y":-32,"deltaX":0,"deltaY":0,"duration":0,"origin":{"element-6066-11e4-a52e-4f735466cecf":"f.E22896224DAB0D107D3E889F8C0ECED7.d.5E2F226FF5913DAF90576D5BB185C241.e.13352"}}]}]}
COMMAND: GET /session/ea2377afc02bbf13296b49c868bb39bc/screenshot - {}
RESULT: {}
COMMAND: POST /session/ea2377afc02bbf13296b49c868bb39bc/execute/sync - {"script":"<script> [79 bytes]","args":[{"element-6066-11e4-a52e-4f735466cecf":"f.E22896224DAB0D107D3E889F8C0ECED7.d.5E2F226FF5913DAF90576D5BB185C241.e.13352","ELEMENT":"f.E22896224DAB0D107D3E889F8C0ECED7.d.5E2F226FF5913DAF90576D5BB185C241.e.13352"},{"block":"start","inline":"nearest"}]}
RESULT: {"script":"<script> [79 bytes]","args":[{"element-6066-11e4-a52e-4f735466cecf":"f.E22896224DAB0D107D3E889F8C0ECED7.d.5E2F226FF5913DAF90576D5BB185C241.e.13352","ELEMENT":"f.E22896224DAB0D107D3E889F8C0ECED7.d.5E2F226FF5913DAF90576D5BB185C241.e.13352"},{"block":"start","inline":"nearest"}]}
COMMAND: POST /session/ea2377afc02bbf13296b49c868bb39bc/execute/async - {"script":"<script> [1562 bytes]","args":[{"selector":{"id":"application-manageresources-display-component---newResourceUnit--btnAddTimeSegment","interaction":{"idSuffix":"inner"}},"wdio_ui5_key":"applicationmanageresources-display-component---newResourceUnit--btnAddTimeSegment"}]}
COMMAND: GET /session/ea2377afc02bbf13296b49c868bb39bc/screenshot - {}
RESULT: {"script":"<script> [1562 bytes]","args":[{"selector":{"id":"application-manageresources-display-component---newResourceUnit--btnAddTimeSegment","interaction":{"idSuffix":"inner"}},"wdio_ui5_key":"applicationmanageresources-display-component---newResourceUnit--btnAddTimeSegment"}]}
RESULT: undefined
COMMAND: POST /session/ea2377afc02bbf13296b49c868bb39bc/element - {"using":"xpath","value":"//*[@id=\"application-manageresources-display-component---newResourceUnit--btnAddTimeSegment\"]"}
RESULT: {}
RESULT: {"using":"xpath","value":"//*[@id=\"application-manageresources-display-component---newResourceUnit--btnAddTimeSegment\"]"}
COMMAND: POST /session/ea2377afc02bbf13296b49c868bb39bc/element/f.E22896224DAB0D107D3E889F8C0ECED7.d.5E2F226FF5913DAF90576D5BB185C241.e.13352/click - {}
RESULT: {}
COMMAND: GET /session/ea2377afc02bbf13296b49c868bb39bc/screenshot - {}
RESULT: {}
COMMAND: POST /session/ea2377afc02bbf13296b49c868bb39bc/element - {"using":"xpath","value":"//input[@id=\"application-manageresources-display-component---newResourceUnit--idRuTSAdmin-application-manageresources-display-component---newResourceUnit--RUTimeSegment-0-inner\"]"}
RESULT: {"using":"xpath","value":"//input[@id=\"application-manageresources-display-component---newResourceUnit--idRuTSAdmin-application-manageresources-display-component---newResourceUnit--RUTimeSegment-0-inner\"]"}
COMMAND: POST /session/ea2377afc02bbf13296b49c868bb39bc/element/f.E22896224DAB0D107D3E889F8C0ECED7.d.5E2F226FF5913DAF90576D5BB185C241.e.13358/clear - {}
RESULT: {}
COMMAND: POST /session/ea2377afc02bbf13296b49c868bb39bc/element/f.E22896224DAB0D107D3E889F8C0ECED7.d.5E2F226FF5913DAF90576D5BB185C241.e.13358/value - {"text":"576"}
COMMAND: GET /session/ea2377afc02bbf13296b49c868bb39bc/screenshot - {}
RESULT: {"text":"576"}
COMMAND: GET /session/ea2377afc02bbf13296b49c868bb39bc/screenshot - {}
RESULT: {}
RESULT: {}
COMMAND: POST /session/ea2377afc02bbf13296b49c868bb39bc/element - {"using":"xpath","value":"//li[.//span[text()='576']]"}
RESULT: {"using":"xpath","value":"//li[.//span[text()='576']]"}
COMMAND: POST /session/ea2377afc02bbf13296b49c868bb39bc/element/f.E22896224DAB0D107D3E889F8C0ECED7.d.5E2F226FF5913DAF90576D5BB185C241.e.13372/click - {}
RESULT: {}
COMMAND: GET /session/ea2377afc02bbf13296b49c868bb39bc/screenshot - {}
RESULT: {}
COMMAND: POST /session/ea2377afc02bbf13296b49c868bb39bc/element - {"using":"xpath","value":"(//span[contains(@id, \"-application-manageresources-display-component---newResourceUnit--RUTimeSegment-0-arrow\")])[6]"}
RESULT: {"using":"xpath","value":"(//span[contains(@id, \"-application-manageresources-display-component---newResourceUnit--RUTimeSegment-0-arrow\")])[6]"}
COMMAND: POST /session/ea2377afc02bbf13296b49c868bb39bc/element/f.E22896224DAB0D107D3E889F8C0ECED7.d.5E2F226FF5913DAF90576D5BB185C241.e.13373/click - {}
RESULT: {}
COMMAND: GET /session/ea2377afc02bbf13296b49c868bb39bc/screenshot - {}
RESULT: {}
COMMAND: POST /session/ea2377afc02bbf13296b49c868bb39bc/element - {"using":"xpath","value":"//span[contains(text(), \"PM Order\")]"}
RESULT: {"using":"xpath","value":"//span[contains(text(), \"PM Order\")]"}
COMMAND: POST /session/ea2377afc02bbf13296b49c868bb39bc/element/f.E22896224DAB0D107D3E889F8C0ECED7.d.5E2F226FF5913DAF90576D5BB185C241.e.13376/click - {}
RESULT: {}
COMMAND: GET /session/ea2377afc02bbf13296b49c868bb39bc/screenshot - {}
RESULT: {}
COMMAND: POST /session/ea2377afc02bbf13296b49c868bb39bc/element - {"using":"xpath","value":"(//span[contains(@id ,\"manageresources-display-component---newResourceUnit--RUTimeSegment-0-vhi\")])[1]"}
RESULT: {"using":"xpath","value":"(//span[contains(@id ,\"manageresources-display-component---newResourceUnit--RUTimeSegment-0-vhi\")])[1]"}
COMMAND: GET /session/ea2377afc02bbf13296b49c868bb39bc/element/f.E22896224DAB0D107D3E889F8C0ECED7.d.5E2F226FF5913DAF90576D5BB185C241.e.13380/rect - {}
RESULT: {}
COMMAND: GET /session/ea2377afc02bbf13296b49c868bb39bc/window/rect - {}
RESULT: {}
COMMAND: POST /session/ea2377afc02bbf13296b49c868bb39bc/execute/sync - {"script":"<script> [92 bytes]","args":[]}
RESULT: {"script":"<script> [92 bytes]","args":[]}
COMMAND: POST /session/ea2377afc02bbf13296b49c868bb39bc/actions - {"actions":[{"id":"action48","type":"wheel","parameters":{},"actions":[{"type":"scroll","x":-869,"y":-24,"deltaX":0,"deltaY":0,"duration":0,"origin":{"element-6066-11e4-a52e-4f735466cecf":"f.E22896224DAB0D107D3E889F8C0ECED7.d.5E2F226FF5913DAF90576D5BB185C241.e.13380"}}]}]}
COMMAND: GET /session/ea2377afc02bbf13296b49c868bb39bc/screenshot - {}
RESULT: {"actions":[{"id":"action48","type":"wheel","parameters":{},"actions":[{"type":"scroll","x":-869,"y":-24,"deltaX":0,"deltaY":0,"duration":0,"origin":{"element-6066-11e4-a52e-4f735466cecf":"f.E22896224DAB0D107D3E889F8C0ECED7.d.5E2F226FF5913DAF90576D5BB185C241.e.13380"}}]}]}
COMMAND: DELETE /session/ea2377afc02bbf13296b49c868bb39bc/actions - {}
COMMAND: GET /session/ea2377afc02bbf13296b49c868bb39bc/screenshot - {}
RESULT: {}
RESULT: {}
COMMAND: GET /session/ea2377afc02bbf13296b49c868bb39bc/screenshot - {}
RESULT: {}
RESULT: {}
COMMAND: POST /session/ea2377afc02bbf13296b49c868bb39bc/element/f.E22896224DAB0D107D3E889F8C0ECED7.d.5E2F226FF5913DAF90576D5BB185C241.e.13380/click - {}
RESULT: {}
COMMAND: GET /session/ea2377afc02bbf13296b49c868bb39bc/screenshot - {}
RESULT: {}
COMMAND: POST /session/ea2377afc02bbf13296b49c868bb39bc/execute/async - {"script":"<script> [1562 bytes]","args":[{"selector":{"controlType":"sap.m.SearchField","properties":{"placeholder":"Search"},"searchOpenDialogs":true,"interaction":{"idSuffix":"I"}},"wdio_ui5_key":"sapm.SearchField{\"placeholder\":\"Search\"}"}]}
RESULT: {"script":"<script> [1562 bytes]","args":[{"selector":{"controlType":"sap.m.SearchField","properties":{"placeholder":"Search"},"searchOpenDialogs":true,"interaction":{"idSuffix":"I"}},"wdio_ui5_key":"sapm.SearchField{\"placeholder\":\"Search\"}"}]}
RESULT: undefined
COMMAND: POST /session/ea2377afc02bbf13296b49c868bb39bc/execute/async - {"script":"<script> [776 bytes]","args":[{"enterText":"4000360","selector":{"controlType":"sap.m.SearchField","properties":{"placeholder":"Search"},"searchOpenDialogs":true,"interaction":{"idSuffix":"I"}},"clearTextFirst":true,"interactionType":"ENTER_TEXT"}]}
RESULT: {"script":"<script> [776 bytes]","args":[{"enterText":"4000360","selector":{"controlType":"sap.m.SearchField","properties":{"placeholder":"Search"},"searchOpenDialogs":true,"interaction":{"idSuffix":"I"}},"clearTextFirst":true,"interactionType":"ENTER_TEXT"}]}
COMMAND: POST /session/ea2377afc02bbf13296b49c868bb39bc/actions - {"actions":[{"id":"action49","type":"key","parameters":{},"actions":[{"type":"keyDown","value":"î€‡"},{"type":"pause","duration":10},{"type":"keyUp","value":"î€‡"}]}]}
RESULT: {"actions":[{"id":"action49","type":"key","parameters":{},"actions":[{"type":"keyDown","value":"î€‡"},{"type":"pause","duration":10},{"type":"keyUp","value":"î€‡"}]}]}
COMMAND: GET /session/ea2377afc02bbf13296b49c868bb39bc/screenshot - {}
RESULT: {}
COMMAND: POST /session/ea2377afc02bbf13296b49c868bb39bc/element - {"using":"xpath","value":"//td/div/span[contains(text(), \"BGL Vehicles\")]"}
RESULT: {"using":"xpath","value":"//td/div/span[contains(text(), \"BGL Vehicles\")]"}
COMMAND: POST /session/ea2377afc02bbf13296b49c868bb39bc/element/f.E22896224DAB0D107D3E889F8C0ECED7.d.5E2F226FF5913DAF90576D5BB185C241.e.13402/click - {}
RESULT: {}
COMMAND: GET /session/ea2377afc02bbf13296b49c868bb39bc/screenshot - {}
RESULT: {}
COMMAND: POST /session/ea2377afc02bbf13296b49c868bb39bc/element - {"using":"xpath","value":"//bdi[contains(text(), \"OK\")]"}
RESULT: {"using":"xpath","value":"//bdi[contains(text(), \"OK\")]"}
COMMAND: POST /session/ea2377afc02bbf13296b49c868bb39bc/element/f.E22896224DAB0D107D3E889F8C0ECED7.d.5E2F226FF5913DAF90576D5BB185C241.e.13403/click - {}
RESULT: {}
COMMAND: GET /session/ea2377afc02bbf13296b49c868bb39bc/screenshot - {}
RESULT: {}
COMMAND: POST /session/ea2377afc02bbf13296b49c868bb39bc/execute/async - {"script":"<script> [1562 bytes]","args":[{"selector":{"id":"application-manageresources-display-component---newResourceUnit--newRRUPage-anchBar-application-manageresources-display-component---newResourceUnit--resource-anchor","interaction":{"idSuffix":"BDI-content"}},"wdio_ui5_key":"applicationmanageresources-display-component---newResourceUnit--newRRUPage-anchBar-application-manageresources-display-component---newResourceUnit--resource-anchor"}]}
RESULT: {"script":"<script> [1562 bytes]","args":[{"selector":{"id":"application-manageresources-display-component---newResourceUnit--newRRUPage-anchBar-application-manageresources-display-component---newResourceUnit--resource-anchor","interaction":{"idSuffix":"BDI-content"}},"wdio_ui5_key":"applicationmanageresources-display-component---newResourceUnit--newRRUPage-anchBar-application-manageresources-display-component---newResourceUnit--resource-anchor"}]}
RESULT: undefined
COMMAND: POST /session/ea2377afc02bbf13296b49c868bb39bc/element - {"using":"xpath","value":"//*[@id=\"application-manageresources-display-component---newResourceUnit--newRRUPage-anchBar-application-manageresources-display-component---newResourceUnit--resource-anchor\"]"}
RESULT: {"using":"xpath","value":"//*[@id=\"application-manageresources-display-component---newResourceUnit--newRRUPage-anchBar-application-manageresources-display-component---newResourceUnit--resource-anchor\"]"}
COMMAND: POST /session/ea2377afc02bbf13296b49c868bb39bc/element/f.E22896224DAB0D107D3E889F8C0ECED7.d.5E2F226FF5913DAF90576D5BB185C241.e.13407/click - {}
RESULT: {}
COMMAND: POST /session/ea2377afc02bbf13296b49c868bb39bc/execute/async - {"script":"<script> [1562 bytes]","args":[{"selector":{"id":"application-manageresources-display-component---newResourceUnit--PLANNED_DELIVERY_DATE","interaction":{"idSuffix":"inner"}},"wdio_ui5_key":"applicationmanageresources-display-component---newResourceUnit--PLANNED_DELIVERY_DATE"}]}
COMMAND: GET /session/ea2377afc02bbf13296b49c868bb39bc/screenshot - {}
RESULT: {}
RESULT: {"script":"<script> [1562 bytes]","args":[{"selector":{"id":"application-manageresources-display-component---newResourceUnit--PLANNED_DELIVERY_DATE","interaction":{"idSuffix":"inner"}},"wdio_ui5_key":"applicationmanageresources-display-component---newResourceUnit--PLANNED_DELIVERY_DATE"}]}
RESULT: undefined
COMMAND: POST /session/ea2377afc02bbf13296b49c868bb39bc/execute/async - {"script":"<script> [6424 bytes]","args":[{"element-6066-11e4-a52e-4f735466cecf":"f.E22896224DAB0D107D3E889F8C0ECED7.d.5E2F226FF5913DAF90576D5BB185C241.e.13268"},"setValue",["5/20/25"]]}
RESULT: {"script":"<script> [6424 bytes]","args":[{"element-6066-11e4-a52e-4f735466cecf":"f.E22896224DAB0D107D3E889F8C0ECED7.d.5E2F226FF5913DAF90576D5BB185C241.e.13268"},"setValue",["5/20/25"]]}
COMMAND: POST /session/ea2377afc02bbf13296b49c868bb39bc/element - {"using":"xpath","value":"//label[contains(@class, 'sapMLabelRequired') and .//bdi[contains(text(), 'Planned Retirement')]]"}
RESULT: {"using":"xpath","value":"//label[contains(@class, 'sapMLabelRequired') and .//bdi[contains(text(), 'Planned Retirement')]]"}
COMMAND: POST /session/ea2377afc02bbf13296b49c868bb39bc/elements - {"using":"xpath","value":"//label[contains(@class, 'sapMLabelRequired') and .//bdi[contains(text(), 'Planned Retirement')]]"}
RESULT: {"using":"xpath","value":"//label[contains(@class, 'sapMLabelRequired') and .//bdi[contains(text(), 'Planned Retirement')]]"}
COMMAND: POST /session/ea2377afc02bbf13296b49c868bb39bc/element - {"using":"xpath","value":"//button[@data-kt=\"resourceUnitSaveButton\"]"}
RESULT: {"using":"xpath","value":"//button[@data-kt=\"resourceUnitSaveButton\"]"}
COMMAND: POST /session/ea2377afc02bbf13296b49c868bb39bc/element/f.E22896224DAB0D107D3E889F8C0ECED7.d.5E2F226FF5913DAF90576D5BB185C241.e.13228/click - {}
RESULT: {}
COMMAND: GET /session/ea2377afc02bbf13296b49c868bb39bc/screenshot - {}
RESULT: {}
COMMAND: POST /session/ea2377afc02bbf13296b49c868bb39bc/element - {"using":"xpath","value":"//bdi[contains(text(), \"Close\")]"}
RESULT: {"using":"xpath","value":"//bdi[contains(text(), \"Close\")]"}
COMMAND: POST /session/ea2377afc02bbf13296b49c868bb39bc/element/f.E22896224DAB0D107D3E889F8C0ECED7.d.5E2F226FF5913DAF90576D5BB185C241.e.13415/click - {}
RESULT: {}
COMMAND: GET /session/ea2377afc02bbf13296b49c868bb39bc/screenshot - {}
RESULT: {}
COMMAND: POST /session/ea2377afc02bbf13296b49c868bb39bc/element - {"using":"xpath","value":"(//button[contains(@id ,\"actionsToolbar-overflowButton\")])[1]"}
RESULT: {"using":"xpath","value":"(//button[contains(@id ,\"actionsToolbar-overflowButton\")])[1]"}
COMMAND: POST /session/ea2377afc02bbf13296b49c868bb39bc/element/f.E22896224DAB0D107D3E889F8C0ECED7.d.5E2F226FF5913DAF90576D5BB185C241.e.13443/click - {}
RESULT: {}
COMMAND: GET /session/ea2377afc02bbf13296b49c868bb39bc/screenshot - {}
RESULT: {}
COMMAND: POST /session/ea2377afc02bbf13296b49c868bb39bc/element - {"using":"xpath","value":"//button[@data-kt=\"priceInfoButton\"]"}
RESULT: {"using":"xpath","value":"//button[@data-kt=\"priceInfoButton\"]"}
COMMAND: POST /session/ea2377afc02bbf13296b49c868bb39bc/element/f.E22896224DAB0D107D3E889F8C0ECED7.d.5E2F226FF5913DAF90576D5BB185C241.e.13445/click - {}
RESULT: {}
COMMAND: GET /session/ea2377afc02bbf13296b49c868bb39bc/screenshot - {}
]]></system-out>
    </testcase>
    <testcase classname="chrome.136_0_7103_93.windows.Billing_transfer_US117289" name="Should create new pricing rule" time="56.738">
      <system-out><![CDATA[
COMMAND: POST /session/ea2377afc02bbf13296b49c868bb39bc/element - {"using":"xpath","value":"//button[@data-kt=\"addButton\"]"}
RESULT: {}
RESULT: {"using":"xpath","value":"//button[@data-kt=\"addButton\"]"}
COMMAND: POST /session/ea2377afc02bbf13296b49c868bb39bc/elements - {"using":"xpath","value":"//button[@data-kt=\"addButton\"]"}
RESULT: {"using":"xpath","value":"//button[@data-kt=\"addButton\"]"}
COMMAND: POST /session/ea2377afc02bbf13296b49c868bb39bc/elements - {"using":"xpath","value":"//button[@data-kt=\"addButton\"]"}
RESULT: {"using":"xpath","value":"//button[@data-kt=\"addButton\"]"}
COMMAND: POST /session/ea2377afc02bbf13296b49c868bb39bc/element - {"using":"xpath","value":"//button[@data-kt=\"addButton\"]"}
RESULT: {"using":"xpath","value":"//button[@data-kt=\"addButton\"]"}
COMMAND: POST /session/ea2377afc02bbf13296b49c868bb39bc/execute/sync - {"script":"<script> [8489 bytes]","args":[{"element-6066-11e4-a52e-4f735466cecf":"f.E22896224DAB0D107D3E889F8C0ECED7.d.5E2F226FF5913DAF90576D5BB185C241.e.13482","ELEMENT":"f.E22896224DAB0D107D3E889F8C0ECED7.d.5E2F226FF5913DAF90576D5BB185C241.e.13482"}]}
RESULT: {"script":"<script> [8489 bytes]","args":[{"element-6066-11e4-a52e-4f735466cecf":"f.E22896224DAB0D107D3E889F8C0ECED7.d.5E2F226FF5913DAF90576D5BB185C241.e.13482","ELEMENT":"f.E22896224DAB0D107D3E889F8C0ECED7.d.5E2F226FF5913DAF90576D5BB185C241.e.13482"}]}
COMMAND: GET /session/ea2377afc02bbf13296b49c868bb39bc/element/f.E22896224DAB0D107D3E889F8C0ECED7.d.5E2F226FF5913DAF90576D5BB185C241.e.13482/enabled - {}
COMMAND: GET /session/ea2377afc02bbf13296b49c868bb39bc/screenshot - {}
RESULT: {}
COMMAND: POST /session/ea2377afc02bbf13296b49c868bb39bc/execute/sync - {"script":"<script> [8489 bytes]","args":[{"element-6066-11e4-a52e-4f735466cecf":"f.E22896224DAB0D107D3E889F8C0ECED7.d.5E2F226FF5913DAF90576D5BB185C241.e.13482","ELEMENT":"f.E22896224DAB0D107D3E889F8C0ECED7.d.5E2F226FF5913DAF90576D5BB185C241.e.13482"}]}
COMMAND: GET /session/ea2377afc02bbf13296b49c868bb39bc/screenshot - {}
RESULT: {}
RESULT: {"script":"<script> [8489 bytes]","args":[{"element-6066-11e4-a52e-4f735466cecf":"f.E22896224DAB0D107D3E889F8C0ECED7.d.5E2F226FF5913DAF90576D5BB185C241.e.13482","ELEMENT":"f.E22896224DAB0D107D3E889F8C0ECED7.d.5E2F226FF5913DAF90576D5BB185C241.e.13482"}]}
COMMAND: POST /session/ea2377afc02bbf13296b49c868bb39bc/execute/sync - {"script":"<script> [5351 bytes]","args":[{"element-6066-11e4-a52e-4f735466cecf":"f.E22896224DAB0D107D3E889F8C0ECED7.d.5E2F226FF5913DAF90576D5BB185C241.e.13482","ELEMENT":"f.E22896224DAB0D107D3E889F8C0ECED7.d.5E2F226FF5913DAF90576D5BB185C241.e.13482"}]}
COMMAND: GET /session/ea2377afc02bbf13296b49c868bb39bc/screenshot - {}
RESULT: {}
RESULT: {"script":"<script> [5351 bytes]","args":[{"element-6066-11e4-a52e-4f735466cecf":"f.E22896224DAB0D107D3E889F8C0ECED7.d.5E2F226FF5913DAF90576D5BB185C241.e.13482","ELEMENT":"f.E22896224DAB0D107D3E889F8C0ECED7.d.5E2F226FF5913DAF90576D5BB185C241.e.13482"}]}
COMMAND: POST /session/ea2377afc02bbf13296b49c868bb39bc/element/f.E22896224DAB0D107D3E889F8C0ECED7.d.5E2F226FF5913DAF90576D5BB185C241.e.13482/click - {}
COMMAND: GET /session/ea2377afc02bbf13296b49c868bb39bc/screenshot - {}
RESULT: {}
RESULT: {}
COMMAND: GET /session/ea2377afc02bbf13296b49c868bb39bc/screenshot - {}
RESULT: {}
RESULT: {}
COMMAND: POST /session/ea2377afc02bbf13296b49c868bb39bc/execute/async - {"script":"<script> [1562 bytes]","args":[{"selector":{"controlType":"sap.m.Title","viewName":"etm.portal.ui.managepricingrules.view.NewItem","viewId":"application-managepricingrules-display-component---newInfoPriceItem","properties":{"text":"New Pricing Rules - Item Level"}},"wdio_ui5_key":"etmportal.ui.managepricingrules.view.NewItemsap.m.Title{\"text\":\"New Pricing Rules - Item Level\"}"}]}
RESULT: {"script":"<script> [1562 bytes]","args":[{"selector":{"controlType":"sap.m.Title","viewName":"etm.portal.ui.managepricingrules.view.NewItem","viewId":"application-managepricingrules-display-component---newInfoPriceItem","properties":{"text":"New Pricing Rules - Item Level"}},"wdio_ui5_key":"etmportal.ui.managepricingrules.view.NewItemsap.m.Title{\"text\":\"New Pricing Rules - Item Level\"}"}]}
RESULT: undefined
COMMAND: POST /session/ea2377afc02bbf13296b49c868bb39bc/execute/async - {"script":"<script> [6424 bytes]","args":[{"element-6066-11e4-a52e-4f735466cecf":"f.E22896224DAB0D107D3E889F8C0ECED7.d.5E2F226FF5913DAF90576D5BB185C241.e.13556"},"getText",[]]}
RESULT: {"script":"<script> [6424 bytes]","args":[{"element-6066-11e4-a52e-4f735466cecf":"f.E22896224DAB0D107D3E889F8C0ECED7.d.5E2F226FF5913DAF90576D5BB185C241.e.13556"},"getText",[]]}
COMMAND: POST /session/ea2377afc02bbf13296b49c868bb39bc/execute/async - {"script":"<script> [1562 bytes]","args":[{"selector":{"id":"application-managepricingrules-display-component---newInfoPriceItem--condValidTo","interaction":{"idSuffix":"inner"}},"wdio_ui5_key":"applicationmanagepricingrules-display-component---newInfoPriceItem--condValidTo"}]}
RESULT: {"script":"<script> [1562 bytes]","args":[{"selector":{"id":"application-managepricingrules-display-component---newInfoPriceItem--condValidTo","interaction":{"idSuffix":"inner"}},"wdio_ui5_key":"applicationmanagepricingrules-display-component---newInfoPriceItem--condValidTo"}]}
RESULT: undefined
COMMAND: POST /session/ea2377afc02bbf13296b49c868bb39bc/execute/async - {"script":"<script> [776 bytes]","args":[{"enterText":"1/20/26","selector":{"id":"application-managepricingrules-display-component---newInfoPriceItem--condValidTo","interaction":{"idSuffix":"inner"}},"clearTextFirst":true,"interactionType":"ENTER_TEXT"}]}
RESULT: {"script":"<script> [776 bytes]","args":[{"enterText":"1/20/26","selector":{"id":"application-managepricingrules-display-component---newInfoPriceItem--condValidTo","interaction":{"idSuffix":"inner"}},"clearTextFirst":true,"interactionType":"ENTER_TEXT"}]}
COMMAND: POST /session/ea2377afc02bbf13296b49c868bb39bc/execute/async - {"script":"<script> [1562 bytes]","args":[{"selector":{"id":"application-managepricingrules-display-component---newInfoPriceItem--billType-arrow"},"wdio_ui5_key":"applicationmanagepricingrules-display-component---newInfoPriceItem--billType-arrow"}]}
RESULT: {"script":"<script> [1562 bytes]","args":[{"selector":{"id":"application-managepricingrules-display-component---newInfoPriceItem--billType-arrow"},"wdio_ui5_key":"applicationmanagepricingrules-display-component---newInfoPriceItem--billType-arrow"}]}
RESULT: undefined
COMMAND: POST /session/ea2377afc02bbf13296b49c868bb39bc/element - {"using":"xpath","value":"//*[@id=\"application-managepricingrules-display-component---newInfoPriceItem--billType-arrow\"]"}
RESULT: {"using":"xpath","value":"//*[@id=\"application-managepricingrules-display-component---newInfoPriceItem--billType-arrow\"]"}
COMMAND: POST /session/ea2377afc02bbf13296b49c868bb39bc/element/f.E22896224DAB0D107D3E889F8C0ECED7.d.5E2F226FF5913DAF90576D5BB185C241.e.13613/click - {}
RESULT: {}
COMMAND: POST /session/ea2377afc02bbf13296b49c868bb39bc/element - {"using":"xpath","value":"//span[contains(text(), \"TB - Time based\")]"}
COMMAND: GET /session/ea2377afc02bbf13296b49c868bb39bc/screenshot - {}
RESULT: {"using":"xpath","value":"//span[contains(text(), \"TB - Time based\")]"}
COMMAND: POST /session/ea2377afc02bbf13296b49c868bb39bc/element/f.E22896224DAB0D107D3E889F8C0ECED7.d.5E2F226FF5913DAF90576D5BB185C241.e.13655/click - {}
RESULT: {}
RESULT: {}
COMMAND: POST /session/ea2377afc02bbf13296b49c868bb39bc/execute/async - {"script":"<script> [1562 bytes]","args":[{"selector":{"id":"application-managepricingrules-display-component---newInfoPriceItem--priceProc-arrow"},"wdio_ui5_key":"applicationmanagepricingrules-display-component---newInfoPriceItem--priceProc-arrow"}]}
COMMAND: GET /session/ea2377afc02bbf13296b49c868bb39bc/screenshot - {}
RESULT: {"script":"<script> [1562 bytes]","args":[{"selector":{"id":"application-managepricingrules-display-component---newInfoPriceItem--priceProc-arrow"},"wdio_ui5_key":"applicationmanagepricingrules-display-component---newInfoPriceItem--priceProc-arrow"}]}
RESULT: undefined
COMMAND: POST /session/ea2377afc02bbf13296b49c868bb39bc/element - {"using":"xpath","value":"//*[@id=\"application-managepricingrules-display-component---newInfoPriceItem--priceProc-arrow\"]"}
RESULT: {}
RESULT: {"using":"xpath","value":"//*[@id=\"application-managepricingrules-display-component---newInfoPriceItem--priceProc-arrow\"]"}
COMMAND: POST /session/ea2377afc02bbf13296b49c868bb39bc/element/f.E22896224DAB0D107D3E889F8C0ECED7.d.5E2F226FF5913DAF90576D5BB185C241.e.13620/click - {}
RESULT: {}
COMMAND: POST /session/ea2377afc02bbf13296b49c868bb39bc/element - {"using":"xpath","value":"//span[contains(text(), \"TBS - Time based standard\")]"}
COMMAND: GET /session/ea2377afc02bbf13296b49c868bb39bc/screenshot - {}
RESULT: {"using":"xpath","value":"//span[contains(text(), \"TBS - Time based standard\")]"}
COMMAND: POST /session/ea2377afc02bbf13296b49c868bb39bc/element/f.E22896224DAB0D107D3E889F8C0ECED7.d.5E2F226FF5913DAF90576D5BB185C241.e.13656/click - {}
RESULT: {}
RESULT: {}
COMMAND: POST /session/ea2377afc02bbf13296b49c868bb39bc/execute/async - {"script":"<script> [1562 bytes]","args":[{"selector":{"id":"application-managepricingrules-display-component---newInfoPriceItem--calcBase-arrow"},"wdio_ui5_key":"applicationmanagepricingrules-display-component---newInfoPriceItem--calcBase-arrow"}]}
COMMAND: GET /session/ea2377afc02bbf13296b49c868bb39bc/screenshot - {}
RESULT: {"script":"<script> [1562 bytes]","args":[{"selector":{"id":"application-managepricingrules-display-component---newInfoPriceItem--calcBase-arrow"},"wdio_ui5_key":"applicationmanagepricingrules-display-component---newInfoPriceItem--calcBase-arrow"}]}
RESULT: undefined
COMMAND: POST /session/ea2377afc02bbf13296b49c868bb39bc/element - {"using":"xpath","value":"//*[@id=\"application-managepricingrules-display-component---newInfoPriceItem--calcBase-arrow\"]"}
RESULT: {}
RESULT: {"using":"xpath","value":"//*[@id=\"application-managepricingrules-display-component---newInfoPriceItem--calcBase-arrow\"]"}
COMMAND: POST /session/ea2377afc02bbf13296b49c868bb39bc/element/f.E22896224DAB0D107D3E889F8C0ECED7.d.5E2F226FF5913DAF90576D5BB185C241.e.13627/click - {}
RESULT: {}
COMMAND: GET /session/ea2377afc02bbf13296b49c868bb39bc/screenshot - {}
RESULT: {}
COMMAND: POST /session/ea2377afc02bbf13296b49c868bb39bc/element - {"using":"xpath","value":"//span[contains(text(), \"0006 - TB(calendar days)\")]"}
RESULT: {"using":"xpath","value":"//span[contains(text(), \"0006 - TB(calendar days)\")]"}
COMMAND: POST /session/ea2377afc02bbf13296b49c868bb39bc/element/f.E22896224DAB0D107D3E889F8C0ECED7.d.5E2F226FF5913DAF90576D5BB185C241.e.13657/click - {}
RESULT: {}
COMMAND: GET /session/ea2377afc02bbf13296b49c868bb39bc/screenshot - {}
RESULT: {}
COMMAND: POST /session/ea2377afc02bbf13296b49c868bb39bc/execute/async - {"script":"<script> [1562 bytes]","args":[{"selector":{"id":"application-managepricingrules-display-component---newInfoPriceItem--daysMonth","interaction":{"idSuffix":"inner"}},"wdio_ui5_key":"applicationmanagepricingrules-display-component---newInfoPriceItem--daysMonth"}]}
RESULT: {"script":"<script> [1562 bytes]","args":[{"selector":{"id":"application-managepricingrules-display-component---newInfoPriceItem--daysMonth","interaction":{"idSuffix":"inner"}},"wdio_ui5_key":"applicationmanagepricingrules-display-component---newInfoPriceItem--daysMonth"}]}
RESULT: undefined
COMMAND: POST /session/ea2377afc02bbf13296b49c868bb39bc/execute/async - {"script":"<script> [776 bytes]","args":[{"enterText":"30","selector":{"id":"application-managepricingrules-display-component---newInfoPriceItem--daysMonth","interaction":{"idSuffix":"inner"}},"clearTextFirst":true,"interactionType":"ENTER_TEXT"}]}
RESULT: {"script":"<script> [776 bytes]","args":[{"enterText":"30","selector":{"id":"application-managepricingrules-display-component---newInfoPriceItem--daysMonth","interaction":{"idSuffix":"inner"}},"clearTextFirst":true,"interactionType":"ENTER_TEXT"}]}
COMMAND: POST /session/ea2377afc02bbf13296b49c868bb39bc/element - {"using":"xpath","value":"//button[@data-kt=\"saveNewRuleButton\"]"}
RESULT: {"using":"xpath","value":"//button[@data-kt=\"saveNewRuleButton\"]"}
COMMAND: POST /session/ea2377afc02bbf13296b49c868bb39bc/element/f.E22896224DAB0D107D3E889F8C0ECED7.d.5E2F226FF5913DAF90576D5BB185C241.e.13648/click - {}
RESULT: {}
COMMAND: GET /session/ea2377afc02bbf13296b49c868bb39bc/screenshot - {}
RESULT: {}
COMMAND: POST /session/ea2377afc02bbf13296b49c868bb39bc/execute/async - {"script":"<script> [1562 bytes]","args":[{"selector":{"id":"application-managepricingrules-display-component---priceInfoItem--smartFilterBar-btnBasicSearch","interaction":{"idSuffix":"I"}},"wdio_ui5_key":"applicationmanagepricingrules-display-component---priceInfoItem--smartFilterBar-btnBasicSearch"}]}
RESULT: {"script":"<script> [1562 bytes]","args":[{"selector":{"id":"application-managepricingrules-display-component---priceInfoItem--smartFilterBar-btnBasicSearch","interaction":{"idSuffix":"I"}},"wdio_ui5_key":"applicationmanagepricingrules-display-component---priceInfoItem--smartFilterBar-btnBasicSearch"}]}
RESULT: undefined
COMMAND: POST /session/ea2377afc02bbf13296b49c868bb39bc/execute/async - {"script":"<script> [776 bytes]","args":[{"enterText":"NAsfVw98TP","selector":{"id":"application-managepricingrules-display-component---priceInfoItem--smartFilterBar-btnBasicSearch","interaction":{"idSuffix":"I"}},"clearTextFirst":true,"interactionType":"ENTER_TEXT"}]}
RESULT: {"script":"<script> [776 bytes]","args":[{"enterText":"NAsfVw98TP","selector":{"id":"application-managepricingrules-display-component---priceInfoItem--smartFilterBar-btnBasicSearch","interaction":{"idSuffix":"I"}},"clearTextFirst":true,"interactionType":"ENTER_TEXT"}]}
COMMAND: POST /session/ea2377afc02bbf13296b49c868bb39bc/actions - {"actions":[{"id":"action50","type":"key","parameters":{},"actions":[{"type":"keyDown","value":"î€‡"},{"type":"pause","duration":10},{"type":"keyUp","value":"î€‡"}]}]}
RESULT: {"actions":[{"id":"action50","type":"key","parameters":{},"actions":[{"type":"keyDown","value":"î€‡"},{"type":"pause","duration":10},{"type":"keyUp","value":"î€‡"}]}]}
COMMAND: GET /session/ea2377afc02bbf13296b49c868bb39bc/screenshot - {}
RESULT: {}
COMMAND: POST /session/ea2377afc02bbf13296b49c868bb39bc/element - {"using":"xpath","value":"//span[@id=\"application-managepricingrules-display-component---priceInfoItem--smartTable-header-inner\"]"}
RESULT: {"using":"xpath","value":"//span[@id=\"application-managepricingrules-display-component---priceInfoItem--smartTable-header-inner\"]"}
COMMAND: POST /session/ea2377afc02bbf13296b49c868bb39bc/elements - {"using":"xpath","value":"//span[@id=\"application-managepricingrules-display-component---priceInfoItem--smartTable-header-inner\"]"}
RESULT: {"using":"xpath","value":"//span[@id=\"application-managepricingrules-display-component---priceInfoItem--smartTable-header-inner\"]"}
COMMAND: POST /session/ea2377afc02bbf13296b49c868bb39bc/execute/sync - {"script":"<script> [56 bytes]","args":[{"element-6066-11e4-a52e-4f735466cecf":"f.E22896224DAB0D107D3E889F8C0ECED7.d.5E2F226FF5913DAF90576D5BB185C241.e.13682","ELEMENT":"f.E22896224DAB0D107D3E889F8C0ECED7.d.5E2F226FF5913DAF90576D5BB185C241.e.13682"}]}
RESULT: {"script":"<script> [56 bytes]","args":[{"element-6066-11e4-a52e-4f735466cecf":"f.E22896224DAB0D107D3E889F8C0ECED7.d.5E2F226FF5913DAF90576D5BB185C241.e.13682","ELEMENT":"f.E22896224DAB0D107D3E889F8C0ECED7.d.5E2F226FF5913DAF90576D5BB185C241.e.13682"}]}
COMMAND: POST /session/ea2377afc02bbf13296b49c868bb39bc/element - {"using":"css selector","value":"#shell-header-logo"}
COMMAND: GET /session/ea2377afc02bbf13296b49c868bb39bc/screenshot - {}
RESULT: {"using":"css selector","value":"#shell-header-logo"}
COMMAND: POST /session/ea2377afc02bbf13296b49c868bb39bc/element/f.E22896224DAB0D107D3E889F8C0ECED7.d.5E2F226FF5913DAF90576D5BB185C241.e.12823/click - {}
RESULT: {}
RESULT: {}
COMMAND: GET /session/ea2377afc02bbf13296b49c868bb39bc/screenshot - {}
RESULT: {}
]]></system-out>
    </testcase>
    <testcase classname="chrome.136_0_7103_93.windows.Billing_transfer_US117289" name="Should create new condition for equipment" time="69.151">
      <system-out><![CDATA[
COMMAND: POST /session/ea2377afc02bbf13296b49c868bb39bc/execute/async - {"script":"<script> [1562 bytes]","args":[{"selector":{"controlType":"sap.m.GenericTile","properties":{"header":"Manage Conditions & Prices"}},"wdio_ui5_key":"sapm.GenericTile{\"header\":\"Manage Conditions & Prices\"}"}]}
RESULT: {"script":"<script> [1562 bytes]","args":[{"selector":{"controlType":"sap.m.GenericTile","properties":{"header":"Manage Conditions & Prices"}},"wdio_ui5_key":"sapm.GenericTile{\"header\":\"Manage Conditions & Prices\"}"}]}
RESULT: undefined
COMMAND: POST /session/ea2377afc02bbf13296b49c868bb39bc/element - {"using":"xpath","value":"//*[@id=\"__tile53\"]"}
RESULT: {"using":"xpath","value":"//*[@id=\"__tile53\"]"}
COMMAND: POST /session/ea2377afc02bbf13296b49c868bb39bc/element/f.E22896224DAB0D107D3E889F8C0ECED7.d.5E2F226FF5913DAF90576D5BB185C241.e.12760/click - {}
RESULT: {}
COMMAND: GET /session/ea2377afc02bbf13296b49c868bb39bc/screenshot - {}
RESULT: {}
COMMAND: POST /session/ea2377afc02bbf13296b49c868bb39bc/elements - {"using":"xpath","value":"//span[text()='Error']"}
RESULT: {"using":"xpath","value":"//span[text()='Error']"}
COMMAND: POST /session/ea2377afc02bbf13296b49c868bb39bc/element - {"using":"xpath","value":"//button[@aria-label=\"Create\"]"}
RESULT: {"using":"xpath","value":"//button[@aria-label=\"Create\"]"}
COMMAND: POST /session/ea2377afc02bbf13296b49c868bb39bc/elements - {"using":"xpath","value":"//button[@aria-label=\"Create\"]"}
RESULT: {"using":"xpath","value":"//button[@aria-label=\"Create\"]"}
COMMAND: POST /session/ea2377afc02bbf13296b49c868bb39bc/execute/sync - {"script":"<script> [8489 bytes]","args":[{"element-6066-11e4-a52e-4f735466cecf":"f.E22896224DAB0D107D3E889F8C0ECED7.d.5E2F226FF5913DAF90576D5BB185C241.e.13718","ELEMENT":"f.E22896224DAB0D107D3E889F8C0ECED7.d.5E2F226FF5913DAF90576D5BB185C241.e.13718"}]}
RESULT: {"script":"<script> [8489 bytes]","args":[{"element-6066-11e4-a52e-4f735466cecf":"f.E22896224DAB0D107D3E889F8C0ECED7.d.5E2F226FF5913DAF90576D5BB185C241.e.13718","ELEMENT":"f.E22896224DAB0D107D3E889F8C0ECED7.d.5E2F226FF5913DAF90576D5BB185C241.e.13718"}]}
COMMAND: GET /session/ea2377afc02bbf13296b49c868bb39bc/element/f.E22896224DAB0D107D3E889F8C0ECED7.d.5E2F226FF5913DAF90576D5BB185C241.e.13718/enabled - {}
COMMAND: GET /session/ea2377afc02bbf13296b49c868bb39bc/screenshot - {}
RESULT: {}
COMMAND: POST /session/ea2377afc02bbf13296b49c868bb39bc/execute/sync - {"script":"<script> [8489 bytes]","args":[{"element-6066-11e4-a52e-4f735466cecf":"f.E22896224DAB0D107D3E889F8C0ECED7.d.5E2F226FF5913DAF90576D5BB185C241.e.13718","ELEMENT":"f.E22896224DAB0D107D3E889F8C0ECED7.d.5E2F226FF5913DAF90576D5BB185C241.e.13718"}]}
COMMAND: GET /session/ea2377afc02bbf13296b49c868bb39bc/screenshot - {}
RESULT: {}
RESULT: {"script":"<script> [8489 bytes]","args":[{"element-6066-11e4-a52e-4f735466cecf":"f.E22896224DAB0D107D3E889F8C0ECED7.d.5E2F226FF5913DAF90576D5BB185C241.e.13718","ELEMENT":"f.E22896224DAB0D107D3E889F8C0ECED7.d.5E2F226FF5913DAF90576D5BB185C241.e.13718"}]}
COMMAND: POST /session/ea2377afc02bbf13296b49c868bb39bc/execute/sync - {"script":"<script> [5351 bytes]","args":[{"element-6066-11e4-a52e-4f735466cecf":"f.E22896224DAB0D107D3E889F8C0ECED7.d.5E2F226FF5913DAF90576D5BB185C241.e.13718","ELEMENT":"f.E22896224DAB0D107D3E889F8C0ECED7.d.5E2F226FF5913DAF90576D5BB185C241.e.13718"}]}
COMMAND: GET /session/ea2377afc02bbf13296b49c868bb39bc/screenshot - {}
RESULT: {}
RESULT: {"script":"<script> [5351 bytes]","args":[{"element-6066-11e4-a52e-4f735466cecf":"f.E22896224DAB0D107D3E889F8C0ECED7.d.5E2F226FF5913DAF90576D5BB185C241.e.13718","ELEMENT":"f.E22896224DAB0D107D3E889F8C0ECED7.d.5E2F226FF5913DAF90576D5BB185C241.e.13718"}]}
COMMAND: POST /session/ea2377afc02bbf13296b49c868bb39bc/element/f.E22896224DAB0D107D3E889F8C0ECED7.d.5E2F226FF5913DAF90576D5BB185C241.e.13718/click - {}
COMMAND: GET /session/ea2377afc02bbf13296b49c868bb39bc/screenshot - {}
RESULT: {}
RESULT: {}
COMMAND: GET /session/ea2377afc02bbf13296b49c868bb39bc/screenshot - {}
RESULT: {}
RESULT: {}
COMMAND: POST /session/ea2377afc02bbf13296b49c868bb39bc/actions - {"actions":[{"id":"action51","type":"key","parameters":{},"actions":[{"type":"keyDown","value":"î€‡"},{"type":"pause","duration":10},{"type":"keyUp","value":"î€‡"}]}]}
RESULT: {"actions":[{"id":"action51","type":"key","parameters":{},"actions":[{"type":"keyDown","value":"î€‡"},{"type":"pause","duration":10},{"type":"keyUp","value":"î€‡"}]}]}
COMMAND: GET /session/ea2377afc02bbf13296b49c868bb39bc/screenshot - {}
COMMAND: POST /session/ea2377afc02bbf13296b49c868bb39bc/execute/async - {"script":"<script> [1562 bytes]","args":[{"selector":{"id":"application-manageconditionprice-display-component---newCondition--condBillCond-arrow"},"wdio_ui5_key":"applicationmanageconditionprice-display-component---newCondition--condBillCond-arrow"}]}
RESULT: {}
RESULT: {"script":"<script> [1562 bytes]","args":[{"selector":{"id":"application-manageconditionprice-display-component---newCondition--condBillCond-arrow"},"wdio_ui5_key":"applicationmanageconditionprice-display-component---newCondition--condBillCond-arrow"}]}
RESULT: undefined
COMMAND: POST /session/ea2377afc02bbf13296b49c868bb39bc/element - {"using":"xpath","value":"//*[@id=\"application-manageconditionprice-display-component---newCondition--condBillCond-arrow\"]"}
RESULT: {"using":"xpath","value":"//*[@id=\"application-manageconditionprice-display-component---newCondition--condBillCond-arrow\"]"}
COMMAND: POST /session/ea2377afc02bbf13296b49c868bb39bc/element/f.E22896224DAB0D107D3E889F8C0ECED7.d.5E2F226FF5913DAF90576D5BB185C241.e.13897/click - {}
RESULT: {}
COMMAND: GET /session/ea2377afc02bbf13296b49c868bb39bc/screenshot - {}
RESULT: {}
COMMAND: POST /session/ea2377afc02bbf13296b49c868bb39bc/element - {"using":"xpath","value":"//li[.//span[contains(text(), \"DISP - D&I special price\")]]"}
RESULT: {"using":"xpath","value":"//li[.//span[contains(text(), \"DISP - D&I special price\")]]"}
COMMAND: POST /session/ea2377afc02bbf13296b49c868bb39bc/element/f.E22896224DAB0D107D3E889F8C0ECED7.d.5E2F226FF5913DAF90576D5BB185C241.e.13900/click - {}
RESULT: {}
COMMAND: GET /session/ea2377afc02bbf13296b49c868bb39bc/screenshot - {}
RESULT: {}
COMMAND: POST /session/ea2377afc02bbf13296b49c868bb39bc/execute/async - {"script":"<script> [1562 bytes]","args":[{"selector":{"id":"application-manageconditionprice-display-component---newCondition--condValidTo","interaction":{"idSuffix":"inner"}},"wdio_ui5_key":"applicationmanageconditionprice-display-component---newCondition--condValidTo"}]}
RESULT: {"script":"<script> [1562 bytes]","args":[{"selector":{"id":"application-manageconditionprice-display-component---newCondition--condValidTo","interaction":{"idSuffix":"inner"}},"wdio_ui5_key":"applicationmanageconditionprice-display-component---newCondition--condValidTo"}]}
RESULT: undefined
COMMAND: POST /session/ea2377afc02bbf13296b49c868bb39bc/execute/async - {"script":"<script> [776 bytes]","args":[{"enterText":"1/20/26","selector":{"id":"application-manageconditionprice-display-component---newCondition--condValidTo","interaction":{"idSuffix":"inner"}},"clearTextFirst":true,"interactionType":"ENTER_TEXT"}]}
RESULT: {"script":"<script> [776 bytes]","args":[{"enterText":"1/20/26","selector":{"id":"application-manageconditionprice-display-component---newCondition--condValidTo","interaction":{"idSuffix":"inner"}},"clearTextFirst":true,"interactionType":"ENTER_TEXT"}]}
COMMAND: POST /session/ea2377afc02bbf13296b49c868bb39bc/element - {"using":"xpath","value":"//input[@id=\"application-manageconditionprice-display-component---newCondition--condRU-inner\"]"}
RESULT: {"using":"xpath","value":"//input[@id=\"application-manageconditionprice-display-component---newCondition--condRU-inner\"]"}
COMMAND: POST /session/ea2377afc02bbf13296b49c868bb39bc/element/f.E22896224DAB0D107D3E889F8C0ECED7.d.5E2F226FF5913DAF90576D5BB185C241.e.13763/clear - {}
RESULT: {}
COMMAND: POST /session/ea2377afc02bbf13296b49c868bb39bc/element/f.E22896224DAB0D107D3E889F8C0ECED7.d.5E2F226FF5913DAF90576D5BB185C241.e.13763/value - {"text":"NAsfVw98TP"}
COMMAND: GET /session/ea2377afc02bbf13296b49c868bb39bc/screenshot - {}
RESULT: {"text":"NAsfVw98TP"}
COMMAND: GET /session/ea2377afc02bbf13296b49c868bb39bc/screenshot - {}
RESULT: {}
RESULT: {}
COMMAND: POST /session/ea2377afc02bbf13296b49c868bb39bc/actions - {"actions":[{"id":"action52","type":"key","parameters":{},"actions":[{"type":"keyDown","value":"î€‡"},{"type":"pause","duration":10},{"type":"keyUp","value":"î€‡"}]}]}
RESULT: {"actions":[{"id":"action52","type":"key","parameters":{},"actions":[{"type":"keyDown","value":"î€‡"},{"type":"pause","duration":10},{"type":"keyUp","value":"î€‡"}]}]}
COMMAND: POST /session/ea2377afc02bbf13296b49c868bb39bc/execute/async - {"script":"<script> [1562 bytes]","args":[{"selector":{"id":"application-manageconditionprice-display-component---newCondition--condBaseQty","interaction":{"idSuffix":"inner"}},"wdio_ui5_key":"applicationmanageconditionprice-display-component---newCondition--condBaseQty"}]}
COMMAND: GET /session/ea2377afc02bbf13296b49c868bb39bc/screenshot - {}
RESULT: {"script":"<script> [1562 bytes]","args":[{"selector":{"id":"application-manageconditionprice-display-component---newCondition--condBaseQty","interaction":{"idSuffix":"inner"}},"wdio_ui5_key":"applicationmanageconditionprice-display-component---newCondition--condBaseQty"}]}
RESULT: undefined
COMMAND: POST /session/ea2377afc02bbf13296b49c868bb39bc/execute/async - {"script":"<script> [776 bytes]","args":[{"enterText":"1","selector":{"id":"application-manageconditionprice-display-component---newCondition--condBaseQty","interaction":{"idSuffix":"inner"}},"clearTextFirst":true,"interactionType":"ENTER_TEXT"}]}
RESULT: {}
RESULT: {"script":"<script> [776 bytes]","args":[{"enterText":"1","selector":{"id":"application-manageconditionprice-display-component---newCondition--condBaseQty","interaction":{"idSuffix":"inner"}},"clearTextFirst":true,"interactionType":"ENTER_TEXT"}]}
COMMAND: POST /session/ea2377afc02bbf13296b49c868bb39bc/execute/async - {"script":"<script> [1562 bytes]","args":[{"selector":{"id":"application-manageconditionprice-display-component---newCondition--condValue","interaction":{"idSuffix":"inner"}},"wdio_ui5_key":"applicationmanageconditionprice-display-component---newCondition--condValue"}]}
RESULT: {"script":"<script> [1562 bytes]","args":[{"selector":{"id":"application-manageconditionprice-display-component---newCondition--condValue","interaction":{"idSuffix":"inner"}},"wdio_ui5_key":"applicationmanageconditionprice-display-component---newCondition--condValue"}]}
RESULT: undefined
COMMAND: POST /session/ea2377afc02bbf13296b49c868bb39bc/execute/async - {"script":"<script> [776 bytes]","args":[{"enterText":"100","selector":{"id":"application-manageconditionprice-display-component---newCondition--condValue","interaction":{"idSuffix":"inner"}},"clearTextFirst":true,"interactionType":"ENTER_TEXT"}]}
RESULT: {"script":"<script> [776 bytes]","args":[{"enterText":"100","selector":{"id":"application-manageconditionprice-display-component---newCondition--condValue","interaction":{"idSuffix":"inner"}},"clearTextFirst":true,"interactionType":"ENTER_TEXT"}]}
COMMAND: POST /session/ea2377afc02bbf13296b49c868bb39bc/execute/async - {"script":"<script> [1562 bytes]","args":[{"selector":{"id":"application-manageconditionprice-display-component---newCondition--condCurr-arrow"},"wdio_ui5_key":"applicationmanageconditionprice-display-component---newCondition--condCurr-arrow"}]}
RESULT: {"script":"<script> [1562 bytes]","args":[{"selector":{"id":"application-manageconditionprice-display-component---newCondition--condCurr-arrow"},"wdio_ui5_key":"applicationmanageconditionprice-display-component---newCondition--condCurr-arrow"}]}
RESULT: undefined
COMMAND: POST /session/ea2377afc02bbf13296b49c868bb39bc/element - {"using":"xpath","value":"//*[@id=\"application-manageconditionprice-display-component---newCondition--condCurr-arrow\"]"}
RESULT: {"using":"xpath","value":"//*[@id=\"application-manageconditionprice-display-component---newCondition--condCurr-arrow\"]"}
COMMAND: POST /session/ea2377afc02bbf13296b49c868bb39bc/element/f.E22896224DAB0D107D3E889F8C0ECED7.d.5E2F226FF5913DAF90576D5BB185C241.e.13857/click - {}
RESULT: {}
COMMAND: POST /session/ea2377afc02bbf13296b49c868bb39bc/element - {"using":"xpath","value":"//span[contains(text(), \"Euro\")]"}
COMMAND: GET /session/ea2377afc02bbf13296b49c868bb39bc/screenshot - {}
RESULT: {"using":"xpath","value":"//span[contains(text(), \"Euro\")]"}
COMMAND: POST /session/ea2377afc02bbf13296b49c868bb39bc/element/f.E22896224DAB0D107D3E889F8C0ECED7.d.5E2F226FF5913DAF90576D5BB185C241.e.13937/click - {}
RESULT: {}
RESULT: {}
COMMAND: POST /session/ea2377afc02bbf13296b49c868bb39bc/element - {"using":"xpath","value":"//button[@data-kt=\"saveButton\"]"}
COMMAND: GET /session/ea2377afc02bbf13296b49c868bb39bc/screenshot - {}
RESULT: {"using":"xpath","value":"//button[@data-kt=\"saveButton\"]"}
COMMAND: POST /session/ea2377afc02bbf13296b49c868bb39bc/element/f.E22896224DAB0D107D3E889F8C0ECED7.d.5E2F226FF5913DAF90576D5BB185C241.e.13858/click - {}
RESULT: {}
RESULT: {}
COMMAND: GET /session/ea2377afc02bbf13296b49c868bb39bc/screenshot - {}
RESULT: {}
COMMAND: POST /session/ea2377afc02bbf13296b49c868bb39bc/execute/async - {"script":"<script> [1562 bytes]","args":[{"selector":{"id":"application-manageconditionprice-display-component---conditions--smartFilterBar-btnBasicSearch","interaction":{"idSuffix":"I"}},"wdio_ui5_key":"applicationmanageconditionprice-display-component---conditions--smartFilterBar-btnBasicSearch"}]}
RESULT: {"script":"<script> [1562 bytes]","args":[{"selector":{"id":"application-manageconditionprice-display-component---conditions--smartFilterBar-btnBasicSearch","interaction":{"idSuffix":"I"}},"wdio_ui5_key":"applicationmanageconditionprice-display-component---conditions--smartFilterBar-btnBasicSearch"}]}
RESULT: undefined
COMMAND: POST /session/ea2377afc02bbf13296b49c868bb39bc/execute/async - {"script":"<script> [776 bytes]","args":[{"enterText":"NAsfVw98TP","selector":{"id":"application-manageconditionprice-display-component---conditions--smartFilterBar-btnBasicSearch","interaction":{"idSuffix":"I"}},"clearTextFirst":true,"interactionType":"ENTER_TEXT"}]}
RESULT: {"script":"<script> [776 bytes]","args":[{"enterText":"NAsfVw98TP","selector":{"id":"application-manageconditionprice-display-component---conditions--smartFilterBar-btnBasicSearch","interaction":{"idSuffix":"I"}},"clearTextFirst":true,"interactionType":"ENTER_TEXT"}]}
COMMAND: POST /session/ea2377afc02bbf13296b49c868bb39bc/actions - {"actions":[{"id":"action53","type":"key","parameters":{},"actions":[{"type":"keyDown","value":"î€‡"},{"type":"pause","duration":10},{"type":"keyUp","value":"î€‡"}]}]}
RESULT: {"actions":[{"id":"action53","type":"key","parameters":{},"actions":[{"type":"keyDown","value":"î€‡"},{"type":"pause","duration":10},{"type":"keyUp","value":"î€‡"}]}]}
COMMAND: GET /session/ea2377afc02bbf13296b49c868bb39bc/screenshot - {}
RESULT: {}
COMMAND: POST /session/ea2377afc02bbf13296b49c868bb39bc/execute/async - {"script":"<script> [1562 bytes]","args":[{"selector":{"id":"application-manageconditionprice-display-component---conditions--smartFilterBar-filterItemControl_BASIC-BILL_TYPES-vhi"},"wdio_ui5_key":"applicationmanageconditionprice-display-component---conditions--smartFilterBar-filterItemControl_BASIC-BILL_TYPES-vhi"}]}
RESULT: {"script":"<script> [1562 bytes]","args":[{"selector":{"id":"application-manageconditionprice-display-component---conditions--smartFilterBar-filterItemControl_BASIC-BILL_TYPES-vhi"},"wdio_ui5_key":"applicationmanageconditionprice-display-component---conditions--smartFilterBar-filterItemControl_BASIC-BILL_TYPES-vhi"}]}
RESULT: undefined
COMMAND: POST /session/ea2377afc02bbf13296b49c868bb39bc/element - {"using":"xpath","value":"//*[@id=\"application-manageconditionprice-display-component---conditions--smartFilterBar-filterItemControl_BASIC-BILL_TYPES-vhi\"]"}
RESULT: {"using":"xpath","value":"//*[@id=\"application-manageconditionprice-display-component---conditions--smartFilterBar-filterItemControl_BASIC-BILL_TYPES-vhi\"]"}
COMMAND: POST /session/ea2377afc02bbf13296b49c868bb39bc/element/f.E22896224DAB0D107D3E889F8C0ECED7.d.5E2F226FF5913DAF90576D5BB185C241.e.13954/click - {}
RESULT: {}
COMMAND: POST /session/ea2377afc02bbf13296b49c868bb39bc/execute/async - {"script":"<script> [1562 bytes]","args":[{"selector":{"id":"application-manageconditionprice-display-component---conditions--smartFilterBar-filterItemControl_BASIC-BILL_TYPES-valueHelpDialog-smartFilterBar-btnBasicSearch","searchOpenDialogs":true,"interaction":{"idSuffix":"I"}},"wdio_ui5_key":"applicationmanageconditionprice-display-component---conditions--smartFilterBar-filterItemControl_BASIC-BILL_TYPES-valueHelpDialog-smartFilterBar-btnBasicSearch"}]}
COMMAND: GET /session/ea2377afc02bbf13296b49c868bb39bc/screenshot - {}
RESULT: {"script":"<script> [1562 bytes]","args":[{"selector":{"id":"application-manageconditionprice-display-component---conditions--smartFilterBar-filterItemControl_BASIC-BILL_TYPES-valueHelpDialog-smartFilterBar-btnBasicSearch","searchOpenDialogs":true,"interaction":{"idSuffix":"I"}},"wdio_ui5_key":"applicationmanageconditionprice-display-component---conditions--smartFilterBar-filterItemControl_BASIC-BILL_TYPES-valueHelpDialog-smartFilterBar-btnBasicSearch"}]}
RESULT: undefined
COMMAND: POST /session/ea2377afc02bbf13296b49c868bb39bc/execute/async - {"script":"<script> [776 bytes]","args":[{"enterText":"TB","selector":{"id":"application-manageconditionprice-display-component---conditions--smartFilterBar-filterItemControl_BASIC-BILL_TYPES-valueHelpDialog-smartFilterBar-btnBasicSearch","searchOpenDialogs":true,"interaction":{"idSuffix":"I"}},"clearTextFirst":true,"interactionType":"ENTER_TEXT"}]}
RESULT: {}
RESULT: {"script":"<script> [776 bytes]","args":[{"enterText":"TB","selector":{"id":"application-manageconditionprice-display-component---conditions--smartFilterBar-filterItemControl_BASIC-BILL_TYPES-valueHelpDialog-smartFilterBar-btnBasicSearch","searchOpenDialogs":true,"interaction":{"idSuffix":"I"}},"clearTextFirst":true,"interactionType":"ENTER_TEXT"}]}
COMMAND: POST /session/ea2377afc02bbf13296b49c868bb39bc/actions - {"actions":[{"id":"action54","type":"key","parameters":{},"actions":[{"type":"keyDown","value":"î€‡"},{"type":"pause","duration":10},{"type":"keyUp","value":"î€‡"}]}]}
RESULT: {"actions":[{"id":"action54","type":"key","parameters":{},"actions":[{"type":"keyDown","value":"î€‡"},{"type":"pause","duration":10},{"type":"keyUp","value":"î€‡"}]}]}
COMMAND: GET /session/ea2377afc02bbf13296b49c868bb39bc/screenshot - {}
RESULT: {}
COMMAND: POST /session/ea2377afc02bbf13296b49c868bb39bc/element - {"using":"xpath","value":"//div[contains(@id, 'application-manageconditionprice-display-component---conditions--smartFilterBar-filterItemControl_BASIC-BILL_TYPES-valueHelpDialog-table-rowsel0')]"}
RESULT: {"using":"xpath","value":"//div[contains(@id, 'application-manageconditionprice-display-component---conditions--smartFilterBar-filterItemControl_BASIC-BILL_TYPES-valueHelpDialog-table-rowsel0')]"}
COMMAND: POST /session/ea2377afc02bbf13296b49c868bb39bc/element/f.E22896224DAB0D107D3E889F8C0ECED7.d.5E2F226FF5913DAF90576D5BB185C241.e.13963/click - {}
RESULT: {}
COMMAND: GET /session/ea2377afc02bbf13296b49c868bb39bc/screenshot - {}
RESULT: {}
COMMAND: POST /session/ea2377afc02bbf13296b49c868bb39bc/element - {"using":"xpath","value":"//bdi[contains(text(), \"OK\")]"}
RESULT: {"using":"xpath","value":"//bdi[contains(text(), \"OK\")]"}
COMMAND: POST /session/ea2377afc02bbf13296b49c868bb39bc/element/f.E22896224DAB0D107D3E889F8C0ECED7.d.5E2F226FF5913DAF90576D5BB185C241.e.13965/click - {}
RESULT: {}
COMMAND: GET /session/ea2377afc02bbf13296b49c868bb39bc/screenshot - {}
RESULT: {}
COMMAND: POST /session/ea2377afc02bbf13296b49c868bb39bc/element - {"using":"xpath","value":"//span[@id=\"application-manageconditionprice-display-component---conditions--smartTable-header-inner\"]"}
RESULT: {"using":"xpath","value":"//span[@id=\"application-manageconditionprice-display-component---conditions--smartTable-header-inner\"]"}
COMMAND: POST /session/ea2377afc02bbf13296b49c868bb39bc/elements - {"using":"xpath","value":"//span[@id=\"application-manageconditionprice-display-component---conditions--smartTable-header-inner\"]"}
RESULT: {"using":"xpath","value":"//span[@id=\"application-manageconditionprice-display-component---conditions--smartTable-header-inner\"]"}
COMMAND: POST /session/ea2377afc02bbf13296b49c868bb39bc/execute/sync - {"script":"<script> [56 bytes]","args":[{"element-6066-11e4-a52e-4f735466cecf":"f.E22896224DAB0D107D3E889F8C0ECED7.d.5E2F226FF5913DAF90576D5BB185C241.e.13968","ELEMENT":"f.E22896224DAB0D107D3E889F8C0ECED7.d.5E2F226FF5913DAF90576D5BB185C241.e.13968"}]}
RESULT: {"script":"<script> [56 bytes]","args":[{"element-6066-11e4-a52e-4f735466cecf":"f.E22896224DAB0D107D3E889F8C0ECED7.d.5E2F226FF5913DAF90576D5BB185C241.e.13968","ELEMENT":"f.E22896224DAB0D107D3E889F8C0ECED7.d.5E2F226FF5913DAF90576D5BB185C241.e.13968"}]}
COMMAND: POST /session/ea2377afc02bbf13296b49c868bb39bc/element - {"using":"css selector","value":"#shell-header-logo"}
COMMAND: GET /session/ea2377afc02bbf13296b49c868bb39bc/screenshot - {}
RESULT: {"using":"css selector","value":"#shell-header-logo"}
COMMAND: POST /session/ea2377afc02bbf13296b49c868bb39bc/element/f.E22896224DAB0D107D3E889F8C0ECED7.d.5E2F226FF5913DAF90576D5BB185C241.e.13685/click - {}
RESULT: {}
RESULT: {}
COMMAND: GET /session/ea2377afc02bbf13296b49c868bb39bc/screenshot - {}
RESULT: {}
]]></system-out>
    </testcase>
    <testcase classname="chrome.136_0_7103_93.windows.Billing_transfer_US117289" name="Should do a stock increase" time="92.823">
      <system-out><![CDATA[
COMMAND: POST /session/ea2377afc02bbf13296b49c868bb39bc/execute/async - {"script":"<script> [1562 bytes]","args":[{"selector":{"controlType":"sap.m.GenericTile","properties":{"header":"Manage Handovers"}},"wdio_ui5_key":"sapm.GenericTile{\"header\":\"Manage Handovers\"}"}]}
RESULT: {"script":"<script> [1562 bytes]","args":[{"selector":{"controlType":"sap.m.GenericTile","properties":{"header":"Manage Handovers"}},"wdio_ui5_key":"sapm.GenericTile{\"header\":\"Manage Handovers\"}"}]}
RESULT: undefined
COMMAND: POST /session/ea2377afc02bbf13296b49c868bb39bc/element - {"using":"xpath","value":"//*[@id=\"__tile132\"]"}
RESULT: {"using":"xpath","value":"//*[@id=\"__tile132\"]"}
COMMAND: POST /session/ea2377afc02bbf13296b49c868bb39bc/element/f.E22896224DAB0D107D3E889F8C0ECED7.d.5E2F226FF5913DAF90576D5BB185C241.e.13972/click - {}
RESULT: {}
COMMAND: GET /session/ea2377afc02bbf13296b49c868bb39bc/screenshot - {}
RESULT: {}
COMMAND: POST /session/ea2377afc02bbf13296b49c868bb39bc/elements - {"using":"xpath","value":"//span[text()='Error']"}
RESULT: {"using":"xpath","value":"//span[text()='Error']"}
COMMAND: POST /session/ea2377afc02bbf13296b49c868bb39bc/element - {"using":"xpath","value":"//button[@data-kt=\"masterHOAddButton\"]"}
RESULT: {"using":"xpath","value":"//button[@data-kt=\"masterHOAddButton\"]"}
COMMAND: POST /session/ea2377afc02bbf13296b49c868bb39bc/elements - {"using":"xpath","value":"//button[@data-kt=\"masterHOAddButton\"]"}
RESULT: {"using":"xpath","value":"//button[@data-kt=\"masterHOAddButton\"]"}
COMMAND: POST /session/ea2377afc02bbf13296b49c868bb39bc/execute/sync - {"script":"<script> [8489 bytes]","args":[{"element-6066-11e4-a52e-4f735466cecf":"f.E22896224DAB0D107D3E889F8C0ECED7.d.5E2F226FF5913DAF90576D5BB185C241.e.14012","ELEMENT":"f.E22896224DAB0D107D3E889F8C0ECED7.d.5E2F226FF5913DAF90576D5BB185C241.e.14012"}]}
RESULT: {"script":"<script> [8489 bytes]","args":[{"element-6066-11e4-a52e-4f735466cecf":"f.E22896224DAB0D107D3E889F8C0ECED7.d.5E2F226FF5913DAF90576D5BB185C241.e.14012","ELEMENT":"f.E22896224DAB0D107D3E889F8C0ECED7.d.5E2F226FF5913DAF90576D5BB185C241.e.14012"}]}
COMMAND: GET /session/ea2377afc02bbf13296b49c868bb39bc/element/f.E22896224DAB0D107D3E889F8C0ECED7.d.5E2F226FF5913DAF90576D5BB185C241.e.14012/enabled - {}
COMMAND: GET /session/ea2377afc02bbf13296b49c868bb39bc/screenshot - {}
RESULT: {}
COMMAND: POST /session/ea2377afc02bbf13296b49c868bb39bc/execute/sync - {"script":"<script> [8489 bytes]","args":[{"element-6066-11e4-a52e-4f735466cecf":"f.E22896224DAB0D107D3E889F8C0ECED7.d.5E2F226FF5913DAF90576D5BB185C241.e.14012","ELEMENT":"f.E22896224DAB0D107D3E889F8C0ECED7.d.5E2F226FF5913DAF90576D5BB185C241.e.14012"}]}
COMMAND: GET /session/ea2377afc02bbf13296b49c868bb39bc/screenshot - {}
RESULT: {}
RESULT: {"script":"<script> [8489 bytes]","args":[{"element-6066-11e4-a52e-4f735466cecf":"f.E22896224DAB0D107D3E889F8C0ECED7.d.5E2F226FF5913DAF90576D5BB185C241.e.14012","ELEMENT":"f.E22896224DAB0D107D3E889F8C0ECED7.d.5E2F226FF5913DAF90576D5BB185C241.e.14012"}]}
COMMAND: POST /session/ea2377afc02bbf13296b49c868bb39bc/execute/sync - {"script":"<script> [5351 bytes]","args":[{"element-6066-11e4-a52e-4f735466cecf":"f.E22896224DAB0D107D3E889F8C0ECED7.d.5E2F226FF5913DAF90576D5BB185C241.e.14012","ELEMENT":"f.E22896224DAB0D107D3E889F8C0ECED7.d.5E2F226FF5913DAF90576D5BB185C241.e.14012"}]}
COMMAND: GET /session/ea2377afc02bbf13296b49c868bb39bc/screenshot - {}
RESULT: {}
RESULT: {"script":"<script> [5351 bytes]","args":[{"element-6066-11e4-a52e-4f735466cecf":"f.E22896224DAB0D107D3E889F8C0ECED7.d.5E2F226FF5913DAF90576D5BB185C241.e.14012","ELEMENT":"f.E22896224DAB0D107D3E889F8C0ECED7.d.5E2F226FF5913DAF90576D5BB185C241.e.14012"}]}
COMMAND: POST /session/ea2377afc02bbf13296b49c868bb39bc/element/f.E22896224DAB0D107D3E889F8C0ECED7.d.5E2F226FF5913DAF90576D5BB185C241.e.14012/click - {}
COMMAND: GET /session/ea2377afc02bbf13296b49c868bb39bc/screenshot - {}
RESULT: {}
RESULT: {}
COMMAND: GET /session/ea2377afc02bbf13296b49c868bb39bc/screenshot - {}
COMMAND: POST /session/ea2377afc02bbf13296b49c868bb39bc/element - {"using":"xpath","value":"//span[contains(@id ,\"AddNewHO--typeSelect-arrow\")]"}
RESULT: {}
RESULT: {}
RESULT: {"using":"xpath","value":"//span[contains(@id ,\"AddNewHO--typeSelect-arrow\")]"}
COMMAND: POST /session/ea2377afc02bbf13296b49c868bb39bc/element/f.E22896224DAB0D107D3E889F8C0ECED7.d.5E2F226FF5913DAF90576D5BB185C241.e.14361/click - {}
RESULT: {}
COMMAND: GET /session/ea2377afc02bbf13296b49c868bb39bc/screenshot - {}
RESULT: {}
COMMAND: POST /session/ea2377afc02bbf13296b49c868bb39bc/element - {"using":"xpath","value":"(//li[contains(text(), \"stock increase yard\")])[1]"}
RESULT: {"using":"xpath","value":"(//li[contains(text(), \"stock increase yard\")])[1]"}
COMMAND: POST /session/ea2377afc02bbf13296b49c868bb39bc/element/f.E22896224DAB0D107D3E889F8C0ECED7.d.5E2F226FF5913DAF90576D5BB185C241.e.14362/click - {}
RESULT: {}
COMMAND: GET /session/ea2377afc02bbf13296b49c868bb39bc/screenshot - {}
RESULT: {}
COMMAND: POST /session/ea2377afc02bbf13296b49c868bb39bc/execute/async - {"script":"<script> [1562 bytes]","args":[{"selector":{"id":"application-managehandovers-display-component---AddNewHO--dueDate","interaction":{"idSuffix":"inner"}},"wdio_ui5_key":"applicationmanagehandovers-display-component---AddNewHO--dueDate"}]}
RESULT: {"script":"<script> [1562 bytes]","args":[{"selector":{"id":"application-managehandovers-display-component---AddNewHO--dueDate","interaction":{"idSuffix":"inner"}},"wdio_ui5_key":"applicationmanagehandovers-display-component---AddNewHO--dueDate"}]}
RESULT: undefined
COMMAND: POST /session/ea2377afc02bbf13296b49c868bb39bc/execute/async - {"script":"<script> [6424 bytes]","args":[{"element-6066-11e4-a52e-4f735466cecf":"f.E22896224DAB0D107D3E889F8C0ECED7.d.5E2F226FF5913DAF90576D5BB185C241.e.14366"},"setValue",["5/20/25"]]}
RESULT: {"script":"<script> [6424 bytes]","args":[{"element-6066-11e4-a52e-4f735466cecf":"f.E22896224DAB0D107D3E889F8C0ECED7.d.5E2F226FF5913DAF90576D5BB185C241.e.14366"},"setValue",["5/20/25"]]}
COMMAND: POST /session/ea2377afc02bbf13296b49c868bb39bc/element - {"using":"xpath","value":"//input[@id=\"generalSectionFrg--receiveYard-inner\"]"}
RESULT: {"using":"xpath","value":"//input[@id=\"generalSectionFrg--receiveYard-inner\"]"}
COMMAND: POST /session/ea2377afc02bbf13296b49c868bb39bc/element/f.E22896224DAB0D107D3E889F8C0ECED7.d.5E2F226FF5913DAF90576D5BB185C241.e.14370/clear - {}
RESULT: {}
COMMAND: POST /session/ea2377afc02bbf13296b49c868bb39bc/element/f.E22896224DAB0D107D3E889F8C0ECED7.d.5E2F226FF5913DAF90576D5BB185C241.e.14370/value - {"text":"576"}
COMMAND: GET /session/ea2377afc02bbf13296b49c868bb39bc/screenshot - {}
RESULT: {"text":"576"}
COMMAND: GET /session/ea2377afc02bbf13296b49c868bb39bc/screenshot - {}
RESULT: {}
RESULT: {}
COMMAND: POST /session/ea2377afc02bbf13296b49c868bb39bc/element - {"using":"xpath","value":"//li[.//span[text()='576']]"}
RESULT: {"using":"xpath","value":"//li[.//span[text()='576']]"}
COMMAND: POST /session/ea2377afc02bbf13296b49c868bb39bc/element/f.E22896224DAB0D107D3E889F8C0ECED7.d.5E2F226FF5913DAF90576D5BB185C241.e.14386/click - {}
RESULT: {}
COMMAND: GET /session/ea2377afc02bbf13296b49c868bb39bc/screenshot - {}
RESULT: {}
COMMAND: POST /session/ea2377afc02bbf13296b49c868bb39bc/execute/async - {"script":"<script> [1562 bytes]","args":[{"selector":{"id":"application-managehandovers-display-component---AddNewHO--ObjectPageLayout-anchBar-application-managehandovers-display-component---AddNewHO--section4-anchor","interaction":{"idSuffix":"BDI-content"}},"wdio_ui5_key":"applicationmanagehandovers-display-component---AddNewHO--ObjectPageLayout-anchBar-application-managehandovers-display-component---AddNewHO--section4-anchor"}]}
RESULT: {"script":"<script> [1562 bytes]","args":[{"selector":{"id":"application-managehandovers-display-component---AddNewHO--ObjectPageLayout-anchBar-application-managehandovers-display-component---AddNewHO--section4-anchor","interaction":{"idSuffix":"BDI-content"}},"wdio_ui5_key":"applicationmanagehandovers-display-component---AddNewHO--ObjectPageLayout-anchBar-application-managehandovers-display-component---AddNewHO--section4-anchor"}]}
RESULT: undefined
COMMAND: POST /session/ea2377afc02bbf13296b49c868bb39bc/element - {"using":"xpath","value":"//*[@id=\"application-managehandovers-display-component---AddNewHO--ObjectPageLayout-anchBar-application-managehandovers-display-component---AddNewHO--section4-anchor\"]"}
RESULT: {"using":"xpath","value":"//*[@id=\"application-managehandovers-display-component---AddNewHO--ObjectPageLayout-anchBar-application-managehandovers-display-component---AddNewHO--section4-anchor\"]"}
COMMAND: POST /session/ea2377afc02bbf13296b49c868bb39bc/element/f.E22896224DAB0D107D3E889F8C0ECED7.d.5E2F226FF5913DAF90576D5BB185C241.e.14388/click - {}
RESULT: {}
COMMAND: POST /session/ea2377afc02bbf13296b49c868bb39bc/element - {"using":"xpath","value":"//button[@aria-label=\"Add\"]"}
COMMAND: GET /session/ea2377afc02bbf13296b49c868bb39bc/screenshot - {}
RESULT: {"using":"xpath","value":"//button[@aria-label=\"Add\"]"}
COMMAND: POST /session/ea2377afc02bbf13296b49c868bb39bc/element/f.E22896224DAB0D107D3E889F8C0ECED7.d.5E2F226FF5913DAF90576D5BB185C241.e.14391/click - {}
RESULT: {}
RESULT: {}
COMMAND: GET /session/ea2377afc02bbf13296b49c868bb39bc/screenshot - {}
RESULT: {}
COMMAND: POST /session/ea2377afc02bbf13296b49c868bb39bc/execute/async - {"script":"<script> [1562 bytes]","args":[{"selector":{"id":"application-managehandovers-display-component---AddNewHO--smartFilterBar-btnBasicSearch","searchOpenDialogs":true,"interaction":{"idSuffix":"I"}},"wdio_ui5_key":"applicationmanagehandovers-display-component---AddNewHO--smartFilterBar-btnBasicSearch"}]}
RESULT: {"script":"<script> [1562 bytes]","args":[{"selector":{"id":"application-managehandovers-display-component---AddNewHO--smartFilterBar-btnBasicSearch","searchOpenDialogs":true,"interaction":{"idSuffix":"I"}},"wdio_ui5_key":"applicationmanagehandovers-display-component---AddNewHO--smartFilterBar-btnBasicSearch"}]}
RESULT: undefined
COMMAND: POST /session/ea2377afc02bbf13296b49c868bb39bc/execute/async - {"script":"<script> [776 bytes]","args":[{"enterText":"NAsfVw98TP","selector":{"id":"application-managehandovers-display-component---AddNewHO--smartFilterBar-btnBasicSearch","searchOpenDialogs":true,"interaction":{"idSuffix":"I"}},"clearTextFirst":true,"interactionType":"ENTER_TEXT"}]}
RESULT: {"script":"<script> [776 bytes]","args":[{"enterText":"NAsfVw98TP","selector":{"id":"application-managehandovers-display-component---AddNewHO--smartFilterBar-btnBasicSearch","searchOpenDialogs":true,"interaction":{"idSuffix":"I"}},"clearTextFirst":true,"interactionType":"ENTER_TEXT"}]}
COMMAND: POST /session/ea2377afc02bbf13296b49c868bb39bc/actions - {"actions":[{"id":"action55","type":"key","parameters":{},"actions":[{"type":"keyDown","value":"î€‡"},{"type":"pause","duration":10},{"type":"keyUp","value":"î€‡"}]}]}
RESULT: {"actions":[{"id":"action55","type":"key","parameters":{},"actions":[{"type":"keyDown","value":"î€‡"},{"type":"pause","duration":10},{"type":"keyUp","value":"î€‡"}]}]}
COMMAND: GET /session/ea2377afc02bbf13296b49c868bb39bc/screenshot - {}
RESULT: {}
COMMAND: POST /session/ea2377afc02bbf13296b49c868bb39bc/execute/async - {"script":"<script> [1562 bytes]","args":[{"selector":{"id":"application-managehandovers-display-component---AddNewHO--popup-sa","searchOpenDialogs":true,"interaction":{"idSuffix":"CbBg"}},"wdio_ui5_key":"applicationmanagehandovers-display-component---AddNewHO--popup-sa"}]}
RESULT: {"script":"<script> [1562 bytes]","args":[{"selector":{"id":"application-managehandovers-display-component---AddNewHO--popup-sa","searchOpenDialogs":true,"interaction":{"idSuffix":"CbBg"}},"wdio_ui5_key":"applicationmanagehandovers-display-component---AddNewHO--popup-sa"}]}
RESULT: undefined
COMMAND: POST /session/ea2377afc02bbf13296b49c868bb39bc/element - {"using":"xpath","value":"//*[@id=\"application-managehandovers-display-component---AddNewHO--popup-sa\"]"}
RESULT: {"using":"xpath","value":"//*[@id=\"application-managehandovers-display-component---AddNewHO--popup-sa\"]"}
COMMAND: POST /session/ea2377afc02bbf13296b49c868bb39bc/element/f.E22896224DAB0D107D3E889F8C0ECED7.d.5E2F226FF5913DAF90576D5BB185C241.e.14544/click - {}
RESULT: {}
COMMAND: GET /session/ea2377afc02bbf13296b49c868bb39bc/screenshot - {}
RESULT: {}
COMMAND: POST /session/ea2377afc02bbf13296b49c868bb39bc/element - {"using":"xpath","value":"//bdi[contains(text(), \"Select\")]"}
RESULT: {"using":"xpath","value":"//bdi[contains(text(), \"Select\")]"}
COMMAND: POST /session/ea2377afc02bbf13296b49c868bb39bc/element/f.E22896224DAB0D107D3E889F8C0ECED7.d.5E2F226FF5913DAF90576D5BB185C241.e.14545/click - {}
RESULT: {}
COMMAND: GET /session/ea2377afc02bbf13296b49c868bb39bc/screenshot - {}
RESULT: {}
COMMAND: POST /session/ea2377afc02bbf13296b49c868bb39bc/element - {"using":"xpath","value":"//button[@data-kt=\"AddNewHOSaveButton\"]"}
RESULT: {"using":"xpath","value":"//button[@data-kt=\"AddNewHOSaveButton\"]"}
COMMAND: POST /session/ea2377afc02bbf13296b49c868bb39bc/element/f.E22896224DAB0D107D3E889F8C0ECED7.d.5E2F226FF5913DAF90576D5BB185C241.e.14549/click - {}
RESULT: {}
COMMAND: GET /session/ea2377afc02bbf13296b49c868bb39bc/screenshot - {}
COMMAND: POST /session/ea2377afc02bbf13296b49c868bb39bc/execute/async - {"script":"<script> [1562 bytes]","args":[{"selector":{"id":"receiptDatePicker","viewName":"etm.portal.ui.managehandovers.view.DetailExecuteHO","interaction":{"idSuffix":"inner"}},"wdio_ui5_key":"receiptDatePickeretmportal.ui.managehandovers.view.DetailExecuteHO"}]}
RESULT: {}
RESULT: {"script":"<script> [1562 bytes]","args":[{"selector":{"id":"receiptDatePicker","viewName":"etm.portal.ui.managehandovers.view.DetailExecuteHO","interaction":{"idSuffix":"inner"}},"wdio_ui5_key":"receiptDatePickeretmportal.ui.managehandovers.view.DetailExecuteHO"}]}
RESULT: undefined
COMMAND: POST /session/ea2377afc02bbf13296b49c868bb39bc/execute/async - {"script":"<script> [6424 bytes]","args":[{"element-6066-11e4-a52e-4f735466cecf":"f.E22896224DAB0D107D3E889F8C0ECED7.d.5E2F226FF5913DAF90576D5BB185C241.e.14569"},"setValue",["5/20/25"]]}
RESULT: {"script":"<script> [6424 bytes]","args":[{"element-6066-11e4-a52e-4f735466cecf":"f.E22896224DAB0D107D3E889F8C0ECED7.d.5E2F226FF5913DAF90576D5BB185C241.e.14569"},"setValue",["5/20/25"]]}
COMMAND: POST /session/ea2377afc02bbf13296b49c868bb39bc/element - {"using":"xpath","value":"//button[@data-kt=\"PickingTableConfirmAllButton\"]"}
RESULT: {"using":"xpath","value":"//button[@data-kt=\"PickingTableConfirmAllButton\"]"}
COMMAND: POST /session/ea2377afc02bbf13296b49c868bb39bc/element/f.E22896224DAB0D107D3E889F8C0ECED7.d.5E2F226FF5913DAF90576D5BB185C241.e.14584/click - {}
RESULT: {}
COMMAND: GET /session/ea2377afc02bbf13296b49c868bb39bc/screenshot - {}
RESULT: {}
COMMAND: POST /session/ea2377afc02bbf13296b49c868bb39bc/element - {"using":"xpath","value":"//bdi[contains(text(), \"OK\")]"}
RESULT: {"using":"xpath","value":"//bdi[contains(text(), \"OK\")]"}
COMMAND: POST /session/ea2377afc02bbf13296b49c868bb39bc/element/f.E22896224DAB0D107D3E889F8C0ECED7.d.5E2F226FF5913DAF90576D5BB185C241.e.14586/click - {}
RESULT: {}
COMMAND: GET /session/ea2377afc02bbf13296b49c868bb39bc/screenshot - {}
RESULT: {}
COMMAND: POST /session/ea2377afc02bbf13296b49c868bb39bc/element - {"using":"xpath","value":"(//bdi[contains(text(), \"Receive\")])[2]"}
RESULT: {"using":"xpath","value":"(//bdi[contains(text(), \"Receive\")])[2]"}
COMMAND: POST /session/ea2377afc02bbf13296b49c868bb39bc/element/f.E22896224DAB0D107D3E889F8C0ECED7.d.5E2F226FF5913DAF90576D5BB185C241.e.14588/click - {}
RESULT: {}
COMMAND: GET /session/ea2377afc02bbf13296b49c868bb39bc/screenshot - {}
RESULT: {}
COMMAND: POST /session/ea2377afc02bbf13296b49c868bb39bc/element - {"using":"css selector","value":"#shell-header-logo"}
RESULT: {"using":"css selector","value":"#shell-header-logo"}
COMMAND: POST /session/ea2377afc02bbf13296b49c868bb39bc/element/f.E22896224DAB0D107D3E889F8C0ECED7.d.5E2F226FF5913DAF90576D5BB185C241.e.13975/click - {}
RESULT: {}
COMMAND: GET /session/ea2377afc02bbf13296b49c868bb39bc/screenshot - {}
RESULT: {}
]]></system-out>
    </testcase>
    <testcase classname="chrome.136_0_7103_93.windows.Billing_transfer_US117289" name="Should create a new contract" time="75.169">
      <system-out><![CDATA[
COMMAND: POST /session/ea2377afc02bbf13296b49c868bb39bc/execute/async - {"script":"<script> [1562 bytes]","args":[{"selector":{"controlType":"sap.m.GenericTile","properties":{"header":"Manage Contracts"}},"wdio_ui5_key":"sapm.GenericTile{\"header\":\"Manage Contracts\"}"}]}
RESULT: {"script":"<script> [1562 bytes]","args":[{"selector":{"controlType":"sap.m.GenericTile","properties":{"header":"Manage Contracts"}},"wdio_ui5_key":"sapm.GenericTile{\"header\":\"Manage Contracts\"}"}]}
RESULT: undefined
COMMAND: POST /session/ea2377afc02bbf13296b49c868bb39bc/element - {"using":"xpath","value":"//*[@id=\"__tile133\"]"}
RESULT: {"using":"xpath","value":"//*[@id=\"__tile133\"]"}
COMMAND: POST /session/ea2377afc02bbf13296b49c868bb39bc/element/f.E22896224DAB0D107D3E889F8C0ECED7.d.5E2F226FF5913DAF90576D5BB185C241.e.14941/click - {}
RESULT: {}
COMMAND: GET /session/ea2377afc02bbf13296b49c868bb39bc/screenshot - {}
RESULT: {}
COMMAND: POST /session/ea2377afc02bbf13296b49c868bb39bc/elements - {"using":"xpath","value":"//span[text()='Error']"}
RESULT: {"using":"xpath","value":"//span[text()='Error']"}
COMMAND: POST /session/ea2377afc02bbf13296b49c868bb39bc/element - {"using":"xpath","value":"//button[@data-kt=\"addButton\"]"}
RESULT: {"using":"xpath","value":"//button[@data-kt=\"addButton\"]"}
COMMAND: POST /session/ea2377afc02bbf13296b49c868bb39bc/elements - {"using":"xpath","value":"//button[@data-kt=\"addButton\"]"}
RESULT: {"using":"xpath","value":"//button[@data-kt=\"addButton\"]"}
COMMAND: POST /session/ea2377afc02bbf13296b49c868bb39bc/execute/sync - {"script":"<script> [8489 bytes]","args":[{"element-6066-11e4-a52e-4f735466cecf":"f.E22896224DAB0D107D3E889F8C0ECED7.d.5E2F226FF5913DAF90576D5BB185C241.e.14991","ELEMENT":"f.E22896224DAB0D107D3E889F8C0ECED7.d.5E2F226FF5913DAF90576D5BB185C241.e.14991"}]}
RESULT: {"script":"<script> [8489 bytes]","args":[{"element-6066-11e4-a52e-4f735466cecf":"f.E22896224DAB0D107D3E889F8C0ECED7.d.5E2F226FF5913DAF90576D5BB185C241.e.14991","ELEMENT":"f.E22896224DAB0D107D3E889F8C0ECED7.d.5E2F226FF5913DAF90576D5BB185C241.e.14991"}]}
COMMAND: GET /session/ea2377afc02bbf13296b49c868bb39bc/element/f.E22896224DAB0D107D3E889F8C0ECED7.d.5E2F226FF5913DAF90576D5BB185C241.e.14991/enabled - {}
COMMAND: GET /session/ea2377afc02bbf13296b49c868bb39bc/screenshot - {}
RESULT: {}
COMMAND: POST /session/ea2377afc02bbf13296b49c868bb39bc/execute/sync - {"script":"<script> [8489 bytes]","args":[{"element-6066-11e4-a52e-4f735466cecf":"f.E22896224DAB0D107D3E889F8C0ECED7.d.5E2F226FF5913DAF90576D5BB185C241.e.14991","ELEMENT":"f.E22896224DAB0D107D3E889F8C0ECED7.d.5E2F226FF5913DAF90576D5BB185C241.e.14991"}]}
COMMAND: GET /session/ea2377afc02bbf13296b49c868bb39bc/screenshot - {}
RESULT: {}
RESULT: {"script":"<script> [8489 bytes]","args":[{"element-6066-11e4-a52e-4f735466cecf":"f.E22896224DAB0D107D3E889F8C0ECED7.d.5E2F226FF5913DAF90576D5BB185C241.e.14991","ELEMENT":"f.E22896224DAB0D107D3E889F8C0ECED7.d.5E2F226FF5913DAF90576D5BB185C241.e.14991"}]}
COMMAND: POST /session/ea2377afc02bbf13296b49c868bb39bc/execute/sync - {"script":"<script> [5351 bytes]","args":[{"element-6066-11e4-a52e-4f735466cecf":"f.E22896224DAB0D107D3E889F8C0ECED7.d.5E2F226FF5913DAF90576D5BB185C241.e.14991","ELEMENT":"f.E22896224DAB0D107D3E889F8C0ECED7.d.5E2F226FF5913DAF90576D5BB185C241.e.14991"}]}
COMMAND: GET /session/ea2377afc02bbf13296b49c868bb39bc/screenshot - {}
RESULT: {}
RESULT: {"script":"<script> [5351 bytes]","args":[{"element-6066-11e4-a52e-4f735466cecf":"f.E22896224DAB0D107D3E889F8C0ECED7.d.5E2F226FF5913DAF90576D5BB185C241.e.14991","ELEMENT":"f.E22896224DAB0D107D3E889F8C0ECED7.d.5E2F226FF5913DAF90576D5BB185C241.e.14991"}]}
COMMAND: GET /session/ea2377afc02bbf13296b49c868bb39bc/screenshot - {}
RESULT: {}
RESULT: {}
COMMAND: POST /session/ea2377afc02bbf13296b49c868bb39bc/element/f.E22896224DAB0D107D3E889F8C0ECED7.d.5E2F226FF5913DAF90576D5BB185C241.e.14991/click - {}
RESULT: {}
COMMAND: GET /session/ea2377afc02bbf13296b49c868bb39bc/screenshot - {}
RESULT: {}
COMMAND: POST /session/ea2377afc02bbf13296b49c868bb39bc/execute/async - {"script":"<script> [1562 bytes]","args":[{"selector":{"id":"application-managecontracts-display-component---AddNewContract--projectDescription","interaction":{"idSuffix":"inner"}},"wdio_ui5_key":"applicationmanagecontracts-display-component---AddNewContract--projectDescription"}]}
RESULT: {"script":"<script> [1562 bytes]","args":[{"selector":{"id":"application-managecontracts-display-component---AddNewContract--projectDescription","interaction":{"idSuffix":"inner"}},"wdio_ui5_key":"applicationmanagecontracts-display-component---AddNewContract--projectDescription"}]}
RESULT: undefined
COMMAND: POST /session/ea2377afc02bbf13296b49c868bb39bc/execute/async - {"script":"<script> [776 bytes]","args":[{"enterText":"Contract WDIO","selector":{"id":"application-managecontracts-display-component---AddNewContract--projectDescription","interaction":{"idSuffix":"inner"}},"clearTextFirst":true,"interactionType":"ENTER_TEXT"}]}
RESULT: {"script":"<script> [776 bytes]","args":[{"enterText":"Contract WDIO","selector":{"id":"application-managecontracts-display-component---AddNewContract--projectDescription","interaction":{"idSuffix":"inner"}},"clearTextFirst":true,"interactionType":"ENTER_TEXT"}]}
COMMAND: POST /session/ea2377afc02bbf13296b49c868bb39bc/element - {"using":"xpath","value":"//input[@id=\"application-managecontracts-display-component---AddNewContract--site-inner\"]"}
RESULT: {"using":"xpath","value":"//input[@id=\"application-managecontracts-display-component---AddNewContract--site-inner\"]"}
COMMAND: POST /session/ea2377afc02bbf13296b49c868bb39bc/element/f.E22896224DAB0D107D3E889F8C0ECED7.d.5E2F226FF5913DAF90576D5BB185C241.e.15351/clear - {}
RESULT: {}
COMMAND: POST /session/ea2377afc02bbf13296b49c868bb39bc/element/f.E22896224DAB0D107D3E889F8C0ECED7.d.5E2F226FF5913DAF90576D5BB185C241.e.15351/value - {"text":"2291"}
COMMAND: GET /session/ea2377afc02bbf13296b49c868bb39bc/screenshot - {}
RESULT: {"text":"2291"}
COMMAND: GET /session/ea2377afc02bbf13296b49c868bb39bc/screenshot - {}
RESULT: {}
RESULT: {}
COMMAND: POST /session/ea2377afc02bbf13296b49c868bb39bc/element - {"using":"xpath","value":"//li[.//span[text()='2291']]"}
RESULT: {"using":"xpath","value":"//li[.//span[text()='2291']]"}
COMMAND: POST /session/ea2377afc02bbf13296b49c868bb39bc/element/f.E22896224DAB0D107D3E889F8C0ECED7.d.5E2F226FF5913DAF90576D5BB185C241.e.15379/click - {}
RESULT: {}
COMMAND: GET /session/ea2377afc02bbf13296b49c868bb39bc/screenshot - {}
RESULT: {}
COMMAND: POST /session/ea2377afc02bbf13296b49c868bb39bc/element - {"using":"xpath","value":"//input[@id=\"application-managecontracts-display-component---AddNewContract--yardId-inner\"]"}
RESULT: {"using":"xpath","value":"//input[@id=\"application-managecontracts-display-component---AddNewContract--yardId-inner\"]"}
COMMAND: GET /session/ea2377afc02bbf13296b49c868bb39bc/element/f.E22896224DAB0D107D3E889F8C0ECED7.d.5E2F226FF5913DAF90576D5BB185C241.e.15352/property/value - {}
RESULT: {}
COMMAND: POST /session/ea2377afc02bbf13296b49c868bb39bc/element - {"using":"xpath","value":"//input[@id=\"application-managecontracts-display-component---AddNewContract--customerSelect-inner\"]"}
COMMAND: GET /session/ea2377afc02bbf13296b49c868bb39bc/screenshot - {}
RESULT: {"using":"xpath","value":"//input[@id=\"application-managecontracts-display-component---AddNewContract--customerSelect-inner\"]"}
COMMAND: POST /session/ea2377afc02bbf13296b49c868bb39bc/element/f.E22896224DAB0D107D3E889F8C0ECED7.d.5E2F226FF5913DAF90576D5BB185C241.e.15350/clear - {}
RESULT: {}
RESULT: {}
COMMAND: POST /session/ea2377afc02bbf13296b49c868bb39bc/element/f.E22896224DAB0D107D3E889F8C0ECED7.d.5E2F226FF5913DAF90576D5BB185C241.e.15350/value - {"text":"1348"}
COMMAND: GET /session/ea2377afc02bbf13296b49c868bb39bc/screenshot - {}
RESULT: {"text":"1348"}
COMMAND: GET /session/ea2377afc02bbf13296b49c868bb39bc/screenshot - {}
RESULT: {}
RESULT: {}
COMMAND: POST /session/ea2377afc02bbf13296b49c868bb39bc/element - {"using":"xpath","value":"//li[.//span[text()='1348']]"}
RESULT: {"using":"xpath","value":"//li[.//span[text()='1348']]"}
COMMAND: POST /session/ea2377afc02bbf13296b49c868bb39bc/element/f.E22896224DAB0D107D3E889F8C0ECED7.d.5E2F226FF5913DAF90576D5BB185C241.e.15382/click - {}
RESULT: {}
COMMAND: GET /session/ea2377afc02bbf13296b49c868bb39bc/screenshot - {}
RESULT: {}
COMMAND: POST /session/ea2377afc02bbf13296b49c868bb39bc/element - {"using":"xpath","value":"//button[@data-kt=\"saveButton\"]"}
RESULT: {"using":"xpath","value":"//button[@data-kt=\"saveButton\"]"}
COMMAND: POST /session/ea2377afc02bbf13296b49c868bb39bc/element/f.E22896224DAB0D107D3E889F8C0ECED7.d.5E2F226FF5913DAF90576D5BB185C241.e.15383/click - {}
RESULT: {}
COMMAND: GET /session/ea2377afc02bbf13296b49c868bb39bc/screenshot - {}
RESULT: {}
COMMAND: POST /session/ea2377afc02bbf13296b49c868bb39bc/element - {"using":"xpath","value":"//span[contains(@id ,\"contractDetailTitleNoExpanded\")]"}
RESULT: {"using":"xpath","value":"//span[contains(@id ,\"contractDetailTitleNoExpanded\")]"}
COMMAND: POST /session/ea2377afc02bbf13296b49c868bb39bc/elements - {"using":"xpath","value":"//span[contains(@id ,\"contractDetailTitleNoExpanded\")]"}
RESULT: {"using":"xpath","value":"//span[contains(@id ,\"contractDetailTitleNoExpanded\")]"}
COMMAND: POST /session/ea2377afc02bbf13296b49c868bb39bc/execute/sync - {"script":"<script> [56 bytes]","args":[{"element-6066-11e4-a52e-4f735466cecf":"f.E22896224DAB0D107D3E889F8C0ECED7.d.5E2F226FF5913DAF90576D5BB185C241.e.15402","ELEMENT":"f.E22896224DAB0D107D3E889F8C0ECED7.d.5E2F226FF5913DAF90576D5BB185C241.e.15402"}]}
RESULT: {"script":"<script> [56 bytes]","args":[{"element-6066-11e4-a52e-4f735466cecf":"f.E22896224DAB0D107D3E889F8C0ECED7.d.5E2F226FF5913DAF90576D5BB185C241.e.15402","ELEMENT":"f.E22896224DAB0D107D3E889F8C0ECED7.d.5E2F226FF5913DAF90576D5BB185C241.e.15402"}]}
COMMAND: GET /session/ea2377afc02bbf13296b49c868bb39bc/screenshot - {}
RESULT: {}
]]></system-out>
    </testcase>
    <testcase classname="chrome.136_0_7103_93.windows.Billing_transfer_US117289" name="Should add created equipment to contract" time="48.229">
      <system-out><![CDATA[
COMMAND: POST /session/ea2377afc02bbf13296b49c868bb39bc/element - {"using":"xpath","value":"//button[@data-kt=\"contractDetailEditBtnButton\"]"}
RESULT: {"using":"xpath","value":"//button[@data-kt=\"contractDetailEditBtnButton\"]"}
COMMAND: POST /session/ea2377afc02bbf13296b49c868bb39bc/element/f.E22896224DAB0D107D3E889F8C0ECED7.d.5E2F226FF5913DAF90576D5BB185C241.e.15403/click - {}
RESULT: {}
COMMAND: GET /session/ea2377afc02bbf13296b49c868bb39bc/screenshot - {}
RESULT: {}
COMMAND: POST /session/ea2377afc02bbf13296b49c868bb39bc/element - {"using":"xpath","value":"(//span[contains(text(), \"Additional Addresses\")])[2]"}
RESULT: {"using":"xpath","value":"(//span[contains(text(), \"Additional Addresses\")])[2]"}
COMMAND: POST /session/ea2377afc02bbf13296b49c868bb39bc/element/f.E22896224DAB0D107D3E889F8C0ECED7.d.5E2F226FF5913DAF90576D5BB185C241.e.15460/click - {}
RESULT: {}
COMMAND: GET /session/ea2377afc02bbf13296b49c868bb39bc/screenshot - {}
RESULT: {}
COMMAND: POST /session/ea2377afc02bbf13296b49c868bb39bc/element - {"using":"xpath","value":"//button[@data-kt=\"btnAddTableRowOverflowToolbarButton\"]"}
RESULT: {"using":"xpath","value":"//button[@data-kt=\"btnAddTableRowOverflowToolbarButton\"]"}
COMMAND: POST /session/ea2377afc02bbf13296b49c868bb39bc/element/f.E22896224DAB0D107D3E889F8C0ECED7.d.5E2F226FF5913DAF90576D5BB185C241.e.15462/click - {}
RESULT: {}
COMMAND: GET /session/ea2377afc02bbf13296b49c868bb39bc/screenshot - {}
RESULT: {}
COMMAND: POST /session/ea2377afc02bbf13296b49c868bb39bc/element - {"using":"xpath","value":"//div[(text() = 'Standard Entry' or . = 'Standard Entry')]"}
RESULT: {"using":"xpath","value":"//div[(text() = 'Standard Entry' or . = 'Standard Entry')]"}
COMMAND: POST /session/ea2377afc02bbf13296b49c868bb39bc/element/f.E22896224DAB0D107D3E889F8C0ECED7.d.5E2F226FF5913DAF90576D5BB185C241.e.15464/click - {}
RESULT: {}
COMMAND: GET /session/ea2377afc02bbf13296b49c868bb39bc/screenshot - {}
RESULT: {}
COMMAND: POST /session/ea2377afc02bbf13296b49c868bb39bc/element - {"using":"xpath","value":"//td[7]/div/div/input"}
RESULT: {"using":"xpath","value":"//td[7]/div/div/input"}
COMMAND: POST /session/ea2377afc02bbf13296b49c868bb39bc/element/f.E22896224DAB0D107D3E889F8C0ECED7.d.5E2F226FF5913DAF90576D5BB185C241.e.15473/clear - {}
RESULT: {}
COMMAND: POST /session/ea2377afc02bbf13296b49c868bb39bc/element/f.E22896224DAB0D107D3E889F8C0ECED7.d.5E2F226FF5913DAF90576D5BB185C241.e.15473/value - {"text":"NAsfVw98TP"}
COMMAND: GET /session/ea2377afc02bbf13296b49c868bb39bc/screenshot - {}
RESULT: {"text":"NAsfVw98TP"}
COMMAND: GET /session/ea2377afc02bbf13296b49c868bb39bc/screenshot - {}
RESULT: {}
RESULT: {}
COMMAND: POST /session/ea2377afc02bbf13296b49c868bb39bc/actions - {"actions":[{"id":"action56","type":"key","parameters":{},"actions":[{"type":"keyDown","value":"î€‡"},{"type":"pause","duration":10},{"type":"keyUp","value":"î€‡"}]}]}
RESULT: {"actions":[{"id":"action56","type":"key","parameters":{},"actions":[{"type":"keyDown","value":"î€‡"},{"type":"pause","duration":10},{"type":"keyUp","value":"î€‡"}]}]}
COMMAND: GET /session/ea2377afc02bbf13296b49c868bb39bc/screenshot - {}
RESULT: {}
COMMAND: POST /session/ea2377afc02bbf13296b49c868bb39bc/execute/sync - {"script":"<script> [276 bytes]","args":["No pricing information was found"]}
RESULT: {"script":"<script> [276 bytes]","args":["No pricing information was found"]}
COMMAND: POST /session/ea2377afc02bbf13296b49c868bb39bc/element - {"using":"xpath","value":"(//button[@data-kt=\"saveButton\"])[2]"}
COMMAND: GET /session/ea2377afc02bbf13296b49c868bb39bc/screenshot - {}
RESULT: {"using":"xpath","value":"(//button[@data-kt=\"saveButton\"])[2]"}
COMMAND: POST /session/ea2377afc02bbf13296b49c868bb39bc/element/f.E22896224DAB0D107D3E889F8C0ECED7.d.5E2F226FF5913DAF90576D5BB185C241.e.15488/click - {}
RESULT: {}
RESULT: {}
COMMAND: GET /session/ea2377afc02bbf13296b49c868bb39bc/screenshot - {}
RESULT: {}
COMMAND: POST /session/ea2377afc02bbf13296b49c868bb39bc/execute/sync - {"script":"<script> [276 bytes]","args":["Some contract items are having rental validity exceeding header rental validity"]}
RESULT: {"script":"<script> [276 bytes]","args":["Some contract items are having rental validity exceeding header rental validity"]}
COMMAND: GET /session/ea2377afc02bbf13296b49c868bb39bc/screenshot - {}
RESULT: {}
COMMAND: POST /session/ea2377afc02bbf13296b49c868bb39bc/element - {"using":"xpath","value":"//span[contains(@id ,\"contractItemsSmartTable-header-inner\")]"}
RESULT: {"using":"xpath","value":"//span[contains(@id ,\"contractItemsSmartTable-header-inner\")]"}
COMMAND: POST /session/ea2377afc02bbf13296b49c868bb39bc/elements - {"using":"xpath","value":"//span[contains(@id ,\"contractItemsSmartTable-header-inner\")]"}
RESULT: {"using":"xpath","value":"//span[contains(@id ,\"contractItemsSmartTable-header-inner\")]"}
COMMAND: POST /session/ea2377afc02bbf13296b49c868bb39bc/execute/sync - {"script":"<script> [56 bytes]","args":[{"element-6066-11e4-a52e-4f735466cecf":"f.E22896224DAB0D107D3E889F8C0ECED7.d.5E2F226FF5913DAF90576D5BB185C241.e.15496","ELEMENT":"f.E22896224DAB0D107D3E889F8C0ECED7.d.5E2F226FF5913DAF90576D5BB185C241.e.15496"}]}
RESULT: {"script":"<script> [56 bytes]","args":[{"element-6066-11e4-a52e-4f735466cecf":"f.E22896224DAB0D107D3E889F8C0ECED7.d.5E2F226FF5913DAF90576D5BB185C241.e.15496","ELEMENT":"f.E22896224DAB0D107D3E889F8C0ECED7.d.5E2F226FF5913DAF90576D5BB185C241.e.15496"}]}
]]></system-out>
    </testcase>
    <testcase classname="chrome.136_0_7103_93.windows.Billing_transfer_US117289" name="Should do a provide to site handover" time="70.615">
      <system-out><![CDATA[
COMMAND: POST /session/ea2377afc02bbf13296b49c868bb39bc/element - {"using":"xpath","value":"//button[@data-kt=\"provideButton\"]"}
COMMAND: GET /session/ea2377afc02bbf13296b49c868bb39bc/screenshot - {}
RESULT: {"using":"xpath","value":"//button[@data-kt=\"provideButton\"]"}
COMMAND: POST /session/ea2377afc02bbf13296b49c868bb39bc/element/f.E22896224DAB0D107D3E889F8C0ECED7.d.5E2F226FF5913DAF90576D5BB185C241.e.15497/click - {}
RESULT: {}
RESULT: {}
COMMAND: GET /session/ea2377afc02bbf13296b49c868bb39bc/screenshot - {}
RESULT: undefined
COMMAND: POST /session/ea2377afc02bbf13296b49c868bb39bc/execute/async - {"script":"<script> [6424 bytes]","args":[{"element-6066-11e4-a52e-4f735466cecf":"f.E22896224DAB0D107D3E889F8C0ECED7.d.5E2F226FF5913DAF90576D5BB185C241.e.14366"},"setValue",["5/20/25"]]}
RESULT: {}
COMMAND: POST /session/ea2377afc02bbf13296b49c868bb39bc/execute/async - {"script":"<script> [1562 bytes]","args":[{"selector":{"id":"application-managehandovers-display-component---AddNewHO--dueDate","interaction":{"idSuffix":"inner"}},"wdio_ui5_key":"applicationmanagehandovers-display-component---AddNewHO--dueDate"}]}
RESULT: {"script":"<script> [1562 bytes]","args":[{"selector":{"id":"application-managehandovers-display-component---AddNewHO--dueDate","interaction":{"idSuffix":"inner"}},"wdio_ui5_key":"applicationmanagehandovers-display-component---AddNewHO--dueDate"}]}
COMMAND: POST /session/ea2377afc02bbf13296b49c868bb39bc/execute/async - {"script":"<script> [6424 bytes]","args":[{"element-6066-11e4-a52e-4f735466cecf":"f.E22896224DAB0D107D3E889F8C0ECED7.d.5E2F226FF5913DAF90576D5BB185C241.e.15570"},"setValue",["5/20/25"]]}
RESULT: {"script":"<script> [6424 bytes]","args":[{"element-6066-11e4-a52e-4f735466cecf":"f.E22896224DAB0D107D3E889F8C0ECED7.d.5E2F226FF5913DAF90576D5BB185C241.e.15570"},"setValue",["5/20/25"]]}
COMMAND: POST /session/ea2377afc02bbf13296b49c868bb39bc/element - {"using":"xpath","value":"//bdi[contains(text(), \"Instructions\")]"}
RESULT: {"using":"xpath","value":"//bdi[contains(text(), \"Instructions\")]"}
COMMAND: POST /session/ea2377afc02bbf13296b49c868bb39bc/element/f.E22896224DAB0D107D3E889F8C0ECED7.d.5E2F226FF5913DAF90576D5BB185C241.e.15815/click - {}
RESULT: {}
COMMAND: GET /session/ea2377afc02bbf13296b49c868bb39bc/screenshot - {}
RESULT: {}
COMMAND: POST /session/ea2377afc02bbf13296b49c868bb39bc/element - {"using":"xpath","value":"//button[@data-kt=\"AddNewHOProvideAddItemsButton\"]"}
RESULT: {"using":"xpath","value":"//button[@data-kt=\"AddNewHOProvideAddItemsButton\"]"}
COMMAND: POST /session/ea2377afc02bbf13296b49c868bb39bc/element/f.E22896224DAB0D107D3E889F8C0ECED7.d.5E2F226FF5913DAF90576D5BB185C241.e.15819/click - {}
RESULT: {}
COMMAND: GET /session/ea2377afc02bbf13296b49c868bb39bc/screenshot - {}
RESULT: {}
RESULT: undefined
COMMAND: POST /session/ea2377afc02bbf13296b49c868bb39bc/element - {"using":"xpath","value":"//*[@id=\"application-managehandovers-display-component---AddNewHO--popup-sa\"]"}
RESULT: {"using":"xpath","value":"//*[@id=\"application-managehandovers-display-component---AddNewHO--popup-sa\"]"}
COMMAND: POST /session/ea2377afc02bbf13296b49c868bb39bc/element/f.E22896224DAB0D107D3E889F8C0ECED7.d.5E2F226FF5913DAF90576D5BB185C241.e.15824/click - {}
RESULT: {}
COMMAND: GET /session/ea2377afc02bbf13296b49c868bb39bc/screenshot - {}
RESULT: {}
COMMAND: POST /session/ea2377afc02bbf13296b49c868bb39bc/element - {"using":"xpath","value":"//*[contains(@id ,\"BDI-content\")][contains(text(), \"Select\")]"}
RESULT: {"using":"xpath","value":"//*[contains(@id ,\"BDI-content\")][contains(text(), \"Select\")]"}
COMMAND: POST /session/ea2377afc02bbf13296b49c868bb39bc/element/f.E22896224DAB0D107D3E889F8C0ECED7.d.5E2F226FF5913DAF90576D5BB185C241.e.15825/click - {}
RESULT: {}
COMMAND: GET /session/ea2377afc02bbf13296b49c868bb39bc/screenshot - {}
RESULT: {}
COMMAND: POST /session/ea2377afc02bbf13296b49c868bb39bc/execute/async - {"script":"<script> [1562 bytes]","args":[{"selector":{"id":"application-managehandovers-display-component---AddNewHO--confirmCreationButton","interaction":{"idSuffix":"BDI-content"}},"wdio_ui5_key":"applicationmanagehandovers-display-component---AddNewHO--confirmCreationButton"}]}
RESULT: {"script":"<script> [1562 bytes]","args":[{"selector":{"id":"application-managehandovers-display-component---AddNewHO--confirmCreationButton","interaction":{"idSuffix":"BDI-content"}},"wdio_ui5_key":"applicationmanagehandovers-display-component---AddNewHO--confirmCreationButton"}]}
RESULT: undefined
COMMAND: POST /session/ea2377afc02bbf13296b49c868bb39bc/element - {"using":"xpath","value":"//*[@id=\"application-managehandovers-display-component---AddNewHO--confirmCreationButton\"]"}
RESULT: {"using":"xpath","value":"//*[@id=\"application-managehandovers-display-component---AddNewHO--confirmCreationButton\"]"}
COMMAND: POST /session/ea2377afc02bbf13296b49c868bb39bc/element/f.E22896224DAB0D107D3E889F8C0ECED7.d.5E2F226FF5913DAF90576D5BB185C241.e.15620/click - {}
RESULT: {}
COMMAND: GET /session/ea2377afc02bbf13296b49c868bb39bc/screenshot - {}
RESULT: {}
COMMAND: POST /session/ea2377afc02bbf13296b49c868bb39bc/execute/async - {"script":"<script> [1562 bytes]","args":[{"selector":{"id":"issueDatePicker","viewName":"etm.portal.ui.managehandovers.view.DetailExecuteHO","interaction":{"idSuffix":"inner"}},"wdio_ui5_key":"issueDatePickeretmportal.ui.managehandovers.view.DetailExecuteHO"}]}
RESULT: {"script":"<script> [1562 bytes]","args":[{"selector":{"id":"issueDatePicker","viewName":"etm.portal.ui.managehandovers.view.DetailExecuteHO","interaction":{"idSuffix":"inner"}},"wdio_ui5_key":"issueDatePickeretmportal.ui.managehandovers.view.DetailExecuteHO"}]}
RESULT: undefined
COMMAND: POST /session/ea2377afc02bbf13296b49c868bb39bc/execute/async - {"script":"<script> [776 bytes]","args":[{"enterText":"5/20/25","selector":{"id":"issueDatePicker","viewName":"etm.portal.ui.managehandovers.view.DetailExecuteHO","interaction":{"idSuffix":"inner"}},"clearTextFirst":true,"interactionType":"ENTER_TEXT"}]}
RESULT: {"script":"<script> [776 bytes]","args":[{"enterText":"5/20/25","selector":{"id":"issueDatePicker","viewName":"etm.portal.ui.managehandovers.view.DetailExecuteHO","interaction":{"idSuffix":"inner"}},"clearTextFirst":true,"interactionType":"ENTER_TEXT"}]}
COMMAND: POST /session/ea2377afc02bbf13296b49c868bb39bc/element - {"using":"xpath","value":"//bdi[contains(text(), \"OK\")]"}
RESULT: {"using":"xpath","value":"//bdi[contains(text(), \"OK\")]"}
COMMAND: POST /session/ea2377afc02bbf13296b49c868bb39bc/element/f.E22896224DAB0D107D3E889F8C0ECED7.d.5E2F226FF5913DAF90576D5BB185C241.e.15875/click - {}
RESULT: {}
COMMAND: GET /session/ea2377afc02bbf13296b49c868bb39bc/screenshot - {}
RESULT: {}
COMMAND: POST /session/ea2377afc02bbf13296b49c868bb39bc/element - {"using":"xpath","value":"//button[@data-kt=\"PickingTableConfirmAllButton\"]"}
RESULT: {"using":"xpath","value":"//button[@data-kt=\"PickingTableConfirmAllButton\"]"}
COMMAND: POST /session/ea2377afc02bbf13296b49c868bb39bc/element/f.E22896224DAB0D107D3E889F8C0ECED7.d.5E2F226FF5913DAF90576D5BB185C241.e.15882/click - {}
RESULT: {}
COMMAND: GET /session/ea2377afc02bbf13296b49c868bb39bc/screenshot - {}
RESULT: {}
COMMAND: POST /session/ea2377afc02bbf13296b49c868bb39bc/element - {"using":"xpath","value":"//bdi[contains(text(), \"OK\")]"}
RESULT: {"using":"xpath","value":"//bdi[contains(text(), \"OK\")]"}
COMMAND: POST /session/ea2377afc02bbf13296b49c868bb39bc/element/f.E22896224DAB0D107D3E889F8C0ECED7.d.5E2F226FF5913DAF90576D5BB185C241.e.15885/click - {}
RESULT: {}
COMMAND: GET /session/ea2377afc02bbf13296b49c868bb39bc/screenshot - {}
RESULT: {}
COMMAND: POST /session/ea2377afc02bbf13296b49c868bb39bc/element - {"using":"xpath","value":"//bdi[contains(text(), \"Issue\")]"}
RESULT: {"using":"xpath","value":"//bdi[contains(text(), \"Issue\")]"}
COMMAND: POST /session/ea2377afc02bbf13296b49c868bb39bc/element/f.E22896224DAB0D107D3E889F8C0ECED7.d.5E2F226FF5913DAF90576D5BB185C241.e.15887/click - {}
RESULT: {}
COMMAND: GET /session/ea2377afc02bbf13296b49c868bb39bc/screenshot - {}
RESULT: {}
COMMAND: POST /session/ea2377afc02bbf13296b49c868bb39bc/element - {"using":"css selector","value":"#shell-header-logo"}
RESULT: {"using":"css selector","value":"#shell-header-logo"}
COMMAND: POST /session/ea2377afc02bbf13296b49c868bb39bc/element/f.E22896224DAB0D107D3E889F8C0ECED7.d.5E2F226FF5913DAF90576D5BB185C241.e.14943/click - {}
RESULT: {}
COMMAND: GET /session/ea2377afc02bbf13296b49c868bb39bc/screenshot - {}
RESULT: {}
]]></system-out>
    </testcase>
    <testcase classname="chrome.136_0_7103_93.windows.Billing_transfer_US117289" name="Should navigate to Manage Billings and trigger contract calculation business confirm it" time="73.056">
      <system-out><![CDATA[
COMMAND: POST /session/ea2377afc02bbf13296b49c868bb39bc/execute/async - {"script":"<script> [1562 bytes]","args":[{"selector":{"controlType":"sap.m.GenericTile","properties":{"header":"Manage Billings"}},"wdio_ui5_key":"sapm.GenericTile{\"header\":\"Manage Billings\"}"}]}
RESULT: {"script":"<script> [1562 bytes]","args":[{"selector":{"controlType":"sap.m.GenericTile","properties":{"header":"Manage Billings"}},"wdio_ui5_key":"sapm.GenericTile{\"header\":\"Manage Billings\"}"}]}
RESULT: undefined
COMMAND: POST /session/ea2377afc02bbf13296b49c868bb39bc/element - {"using":"xpath","value":"//*[@id=\"__tile51\"]"}
RESULT: {"using":"xpath","value":"//*[@id=\"__tile51\"]"}
COMMAND: POST /session/ea2377afc02bbf13296b49c868bb39bc/element/f.E22896224DAB0D107D3E889F8C0ECED7.d.5E2F226FF5913DAF90576D5BB185C241.e.12756/click - {}
RESULT: {}
COMMAND: GET /session/ea2377afc02bbf13296b49c868bb39bc/screenshot - {}
COMMAND: POST /session/ea2377afc02bbf13296b49c868bb39bc/elements - {"using":"xpath","value":"//span[text()='Error']"}
RESULT: {}
RESULT: {"using":"xpath","value":"//span[text()='Error']"}
COMMAND: POST /session/ea2377afc02bbf13296b49c868bb39bc/execute/async - {"script":"<script> [1562 bytes]","args":[{"selector":{"id":"application-managebillings-display-component---billRunCalcResult--smartFilterBar-btnBasicSearch","interaction":{"idSuffix":"I"}},"wdio_ui5_key":"applicationmanagebillings-display-component---billRunCalcResult--smartFilterBar-btnBasicSearch"}]}
RESULT: {"script":"<script> [1562 bytes]","args":[{"selector":{"id":"application-managebillings-display-component---billRunCalcResult--smartFilterBar-btnBasicSearch","interaction":{"idSuffix":"I"}},"wdio_ui5_key":"applicationmanagebillings-display-component---billRunCalcResult--smartFilterBar-btnBasicSearch"}]}
RESULT: undefined
COMMAND: POST /session/ea2377afc02bbf13296b49c868bb39bc/execute/async - {"script":"<script> [776 bytes]","args":[{"enterText":"10415","selector":{"id":"application-managebillings-display-component---billRunCalcResult--smartFilterBar-btnBasicSearch","interaction":{"idSuffix":"I"}},"clearTextFirst":true,"interactionType":"ENTER_TEXT"}]}
RESULT: {"script":"<script> [776 bytes]","args":[{"enterText":"10415","selector":{"id":"application-managebillings-display-component---billRunCalcResult--smartFilterBar-btnBasicSearch","interaction":{"idSuffix":"I"}},"clearTextFirst":true,"interactionType":"ENTER_TEXT"}]}
COMMAND: POST /session/ea2377afc02bbf13296b49c868bb39bc/actions - {"actions":[{"id":"action57","type":"key","parameters":{},"actions":[{"type":"keyDown","value":"î€‡"},{"type":"pause","duration":10},{"type":"keyUp","value":"î€‡"}]}]}
RESULT: {"actions":[{"id":"action57","type":"key","parameters":{},"actions":[{"type":"keyDown","value":"î€‡"},{"type":"pause","duration":10},{"type":"keyUp","value":"î€‡"}]}]}
COMMAND: GET /session/ea2377afc02bbf13296b49c868bb39bc/screenshot - {}
RESULT: {}
COMMAND: POST /session/ea2377afc02bbf13296b49c868bb39bc/element - {"using":"xpath","value":"//td[@aria-colindex=\"1\"]/div/div[contains(@class, \"sapMCbBg\")]"}
RESULT: {"using":"xpath","value":"//td[@aria-colindex=\"1\"]/div/div[contains(@class, \"sapMCbBg\")]"}
COMMAND: POST /session/ea2377afc02bbf13296b49c868bb39bc/element/f.E22896224DAB0D107D3E889F8C0ECED7.d.5E2F226FF5913DAF90576D5BB185C241.e.16276/click - {}
RESULT: {}
COMMAND: GET /session/ea2377afc02bbf13296b49c868bb39bc/screenshot - {}
RESULT: {}
COMMAND: POST /session/ea2377afc02bbf13296b49c868bb39bc/execute/async - {"script":"<script> [1562 bytes]","args":[{"selector":{"id":"application-managebillings-display-component---billRunCalcResult--contractBillRunDate","interaction":{"idSuffix":"inner"}},"wdio_ui5_key":"applicationmanagebillings-display-component---billRunCalcResult--contractBillRunDate"}]}
RESULT: {"script":"<script> [1562 bytes]","args":[{"selector":{"id":"application-managebillings-display-component---billRunCalcResult--contractBillRunDate","interaction":{"idSuffix":"inner"}},"wdio_ui5_key":"applicationmanagebillings-display-component---billRunCalcResult--contractBillRunDate"}]}
RESULT: undefined
COMMAND: POST /session/ea2377afc02bbf13296b49c868bb39bc/execute/async - {"script":"<script> [776 bytes]","args":[{"enterText":"6/20/25","selector":{"id":"application-managebillings-display-component---billRunCalcResult--contractBillRunDate","interaction":{"idSuffix":"inner"}},"clearTextFirst":true,"interactionType":"ENTER_TEXT"}]}
RESULT: {"script":"<script> [776 bytes]","args":[{"enterText":"6/20/25","selector":{"id":"application-managebillings-display-component---billRunCalcResult--contractBillRunDate","interaction":{"idSuffix":"inner"}},"clearTextFirst":true,"interactionType":"ENTER_TEXT"}]}
COMMAND: POST /session/ea2377afc02bbf13296b49c868bb39bc/element - {"using":"xpath","value":"//bdi[contains(text(), \"Trigger Calculation\")]"}
RESULT: {"using":"xpath","value":"//bdi[contains(text(), \"Trigger Calculation\")]"}
COMMAND: POST /session/ea2377afc02bbf13296b49c868bb39bc/element/f.E22896224DAB0D107D3E889F8C0ECED7.d.5E2F226FF5913DAF90576D5BB185C241.e.16327/click - {}
RESULT: {}
COMMAND: GET /session/ea2377afc02bbf13296b49c868bb39bc/screenshot - {}
RESULT: {}
COMMAND: POST /session/ea2377afc02bbf13296b49c868bb39bc/element - {"using":"xpath","value":"(//span[contains(@id, \"imgNav\")])[1]"}
RESULT: {"using":"xpath","value":"(//span[contains(@id, \"imgNav\")])[1]"}
COMMAND: POST /session/ea2377afc02bbf13296b49c868bb39bc/element/f.E22896224DAB0D107D3E889F8C0ECED7.d.5E2F226FF5913DAF90576D5BB185C241.e.16277/click - {}
RESULT: {}
COMMAND: GET /session/ea2377afc02bbf13296b49c868bb39bc/screenshot - {}
RESULT: {}
COMMAND: POST /session/ea2377afc02bbf13296b49c868bb39bc/execute/async - {"script":"<script> [1562 bytes]","args":[{"selector":{"controlType":"sap.ui.core.Icon","viewName":"etm.portal.ui.managebillings.view.Master","viewId":"application-managebillings-display-component---billRunCalcResult","properties":{"src":{"regex":{"source":"slim\\-arrow\\-right"}}}},"wdio_ui5_key":"etmportal.ui.managebillings.view.Mastersap.ui.core.Icon{\"src\":{\"regex\":{\"source\":\"slim\\\\-arrow\\\\-right\"}}}"}]}
RESULT: {"script":"<script> [1562 bytes]","args":[{"selector":{"controlType":"sap.ui.core.Icon","viewName":"etm.portal.ui.managebillings.view.Master","viewId":"application-managebillings-display-component---billRunCalcResult","properties":{"src":{"regex":{"source":"slim\\-arrow\\-right"}}}},"wdio_ui5_key":"etmportal.ui.managebillings.view.Mastersap.ui.core.Icon{\"src\":{\"regex\":{\"source\":\"slim\\\\-arrow\\\\-right\"}}}"}]}
RESULT: undefined
COMMAND: POST /session/ea2377afc02bbf13296b49c868bb39bc/element - {"using":"xpath","value":"//*[@id=\"__item2244-application-managebillings-display-component---billRunCalcResult--billingRunsTable-0-imgNav\"]"}
RESULT: {"using":"xpath","value":"//*[@id=\"__item2244-application-managebillings-display-component---billRunCalcResult--billingRunsTable-0-imgNav\"]"}
COMMAND: POST /session/ea2377afc02bbf13296b49c868bb39bc/element/f.E22896224DAB0D107D3E889F8C0ECED7.d.5E2F226FF5913DAF90576D5BB185C241.e.16332/click - {}
RESULT: {}
COMMAND: POST /session/ea2377afc02bbf13296b49c868bb39bc/execute/async - {"script":"<script> [1562 bytes]","args":[{"selector":{"id":"application-managebillings-display-component---billRunCalcResult--btnConf","interaction":{"idSuffix":"BDI-content"}},"wdio_ui5_key":"applicationmanagebillings-display-component---billRunCalcResult--btnConf"}]}
COMMAND: GET /session/ea2377afc02bbf13296b49c868bb39bc/screenshot - {}
RESULT: {"script":"<script> [1562 bytes]","args":[{"selector":{"id":"application-managebillings-display-component---billRunCalcResult--btnConf","interaction":{"idSuffix":"BDI-content"}},"wdio_ui5_key":"applicationmanagebillings-display-component---billRunCalcResult--btnConf"}]}
RESULT: undefined
COMMAND: POST /session/ea2377afc02bbf13296b49c868bb39bc/element - {"using":"xpath","value":"//*[@id=\"application-managebillings-display-component---billRunCalcResult--btnConf\"]"}
RESULT: {}
RESULT: {"using":"xpath","value":"//*[@id=\"application-managebillings-display-component---billRunCalcResult--btnConf\"]"}
COMMAND: POST /session/ea2377afc02bbf13296b49c868bb39bc/element/f.E22896224DAB0D107D3E889F8C0ECED7.d.5E2F226FF5913DAF90576D5BB185C241.e.16396/click - {}
RESULT: {}
COMMAND: POST /session/ea2377afc02bbf13296b49c868bb39bc/element - {"using":"css selector","value":"#shell-header-logo"}
COMMAND: GET /session/ea2377afc02bbf13296b49c868bb39bc/screenshot - {}
RESULT: {"using":"css selector","value":"#shell-header-logo"}
COMMAND: POST /session/ea2377afc02bbf13296b49c868bb39bc/element/f.E22896224DAB0D107D3E889F8C0ECED7.d.5E2F226FF5913DAF90576D5BB185C241.e.16065/click - {}
RESULT: {}
RESULT: {}
COMMAND: GET /session/ea2377afc02bbf13296b49c868bb39bc/screenshot - {}
RESULT: {}
]]></system-out>
    </testcase>
    <testcase classname="chrome.136_0_7103_93.windows.Billing_transfer_US117289" name="Should trigger Billing Transfer process all the way to completion" time="78.975">
      <system-out><![CDATA[
COMMAND: POST /session/ea2377afc02bbf13296b49c868bb39bc/execute/async - {"script":"<script> [1562 bytes]","args":[{"selector":{"controlType":"sap.m.GenericTile","properties":{"header":"Billing Transfer"}},"wdio_ui5_key":"sapm.GenericTile{\"header\":\"Billing Transfer\"}"}]}
RESULT: {"script":"<script> [1562 bytes]","args":[{"selector":{"controlType":"sap.m.GenericTile","properties":{"header":"Billing Transfer"}},"wdio_ui5_key":"sapm.GenericTile{\"header\":\"Billing Transfer\"}"}]}
RESULT: undefined
COMMAND: POST /session/ea2377afc02bbf13296b49c868bb39bc/element - {"using":"xpath","value":"//*[@id=\"__tile50\"]"}
RESULT: {"using":"xpath","value":"//*[@id=\"__tile50\"]"}
COMMAND: POST /session/ea2377afc02bbf13296b49c868bb39bc/element/f.E22896224DAB0D107D3E889F8C0ECED7.d.5E2F226FF5913DAF90576D5BB185C241.e.12754/click - {}
RESULT: {}
COMMAND: GET /session/ea2377afc02bbf13296b49c868bb39bc/screenshot - {}
RESULT: {}
COMMAND: POST /session/ea2377afc02bbf13296b49c868bb39bc/elements - {"using":"xpath","value":"//span[text()='Error']"}
RESULT: {"using":"xpath","value":"//span[text()='Error']"}
COMMAND: POST /session/ea2377afc02bbf13296b49c868bb39bc/element - {"using":"xpath","value":"//input[contains(@id ,\"application-billingtransfer-display-component---billingWorkbench--smartFilterBar-btnBasicSearch\")]"}
RESULT: {"using":"xpath","value":"//input[contains(@id ,\"application-billingtransfer-display-component---billingWorkbench--smartFilterBar-btnBasicSearch\")]"}
COMMAND: POST /session/ea2377afc02bbf13296b49c868bb39bc/elements - {"using":"xpath","value":"//input[contains(@id ,\"application-billingtransfer-display-component---billingWorkbench--smartFilterBar-btnBasicSearch\")]"}
RESULT: {"using":"xpath","value":"//input[contains(@id ,\"application-billingtransfer-display-component---billingWorkbench--smartFilterBar-btnBasicSearch\")]"}
COMMAND: POST /session/ea2377afc02bbf13296b49c868bb39bc/execute/sync - {"script":"<script> [8489 bytes]","args":[{"element-6066-11e4-a52e-4f735466cecf":"f.E22896224DAB0D107D3E889F8C0ECED7.d.5E2F226FF5913DAF90576D5BB185C241.e.16408","ELEMENT":"f.E22896224DAB0D107D3E889F8C0ECED7.d.5E2F226FF5913DAF90576D5BB185C241.e.16408"}]}
RESULT: {"script":"<script> [8489 bytes]","args":[{"element-6066-11e4-a52e-4f735466cecf":"f.E22896224DAB0D107D3E889F8C0ECED7.d.5E2F226FF5913DAF90576D5BB185C241.e.16408","ELEMENT":"f.E22896224DAB0D107D3E889F8C0ECED7.d.5E2F226FF5913DAF90576D5BB185C241.e.16408"}]}
COMMAND: GET /session/ea2377afc02bbf13296b49c868bb39bc/element/f.E22896224DAB0D107D3E889F8C0ECED7.d.5E2F226FF5913DAF90576D5BB185C241.e.16408/enabled - {}
COMMAND: GET /session/ea2377afc02bbf13296b49c868bb39bc/screenshot - {}
RESULT: {}
COMMAND: POST /session/ea2377afc02bbf13296b49c868bb39bc/element/f.E22896224DAB0D107D3E889F8C0ECED7.d.5E2F226FF5913DAF90576D5BB185C241.e.16408/click - {}
COMMAND: GET /session/ea2377afc02bbf13296b49c868bb39bc/screenshot - {}
RESULT: {}
RESULT: {}
COMMAND: GET /session/ea2377afc02bbf13296b49c868bb39bc/screenshot - {}
RESULT: {}
RESULT: {}
COMMAND: POST /session/ea2377afc02bbf13296b49c868bb39bc/element/f.E22896224DAB0D107D3E889F8C0ECED7.d.5E2F226FF5913DAF90576D5BB185C241.e.16408/clear - {}
RESULT: {}
COMMAND: POST /session/ea2377afc02bbf13296b49c868bb39bc/element/f.E22896224DAB0D107D3E889F8C0ECED7.d.5E2F226FF5913DAF90576D5BB185C241.e.16408/value - {"text":"10415"}
COMMAND: GET /session/ea2377afc02bbf13296b49c868bb39bc/screenshot - {}
RESULT: {"text":"10415"}
COMMAND: POST /session/ea2377afc02bbf13296b49c868bb39bc/actions - {"actions":[{"id":"action58","type":"key","parameters":{},"actions":[{"type":"keyDown","value":"î€‡"},{"type":"pause","duration":10},{"type":"keyUp","value":"î€‡"}]}]}
COMMAND: GET /session/ea2377afc02bbf13296b49c868bb39bc/screenshot - {}
RESULT: {}
RESULT: {"actions":[{"id":"action58","type":"key","parameters":{},"actions":[{"type":"keyDown","value":"î€‡"},{"type":"pause","duration":10},{"type":"keyUp","value":"î€‡"}]}]}
COMMAND: GET /session/ea2377afc02bbf13296b49c868bb39bc/screenshot - {}
RESULT: {}
RESULT: {}
COMMAND: POST /session/ea2377afc02bbf13296b49c868bb39bc/element - {"using":"xpath","value":"//span[contains(@id ,\"application-billingtransfer-display-component---billingWorkbench--smartTableBillingRuns-header-inner\")]"}
RESULT: {"using":"xpath","value":"//span[contains(@id ,\"application-billingtransfer-display-component---billingWorkbench--smartTableBillingRuns-header-inner\")]"}
COMMAND: POST /session/ea2377afc02bbf13296b49c868bb39bc/elements - {"using":"xpath","value":"//span[contains(@id ,\"application-billingtransfer-display-component---billingWorkbench--smartTableBillingRuns-header-inner\")]"}
RESULT: {"using":"xpath","value":"//span[contains(@id ,\"application-billingtransfer-display-component---billingWorkbench--smartTableBillingRuns-header-inner\")]"}
COMMAND: POST /session/ea2377afc02bbf13296b49c868bb39bc/execute/sync - {"script":"<script> [56 bytes]","args":[{"element-6066-11e4-a52e-4f735466cecf":"f.E22896224DAB0D107D3E889F8C0ECED7.d.5E2F226FF5913DAF90576D5BB185C241.e.16571","ELEMENT":"f.E22896224DAB0D107D3E889F8C0ECED7.d.5E2F226FF5913DAF90576D5BB185C241.e.16571"}]}
RESULT: {"script":"<script> [56 bytes]","args":[{"element-6066-11e4-a52e-4f735466cecf":"f.E22896224DAB0D107D3E889F8C0ECED7.d.5E2F226FF5913DAF90576D5BB185C241.e.16571","ELEMENT":"f.E22896224DAB0D107D3E889F8C0ECED7.d.5E2F226FF5913DAF90576D5BB185C241.e.16571"}]}
COMMAND: POST /session/ea2377afc02bbf13296b49c868bb39bc/element - {"using":"xpath","value":"//td[@aria-colindex=\"1\"]/div/div[contains(@class, \"sapMCbBg\")]"}
COMMAND: GET /session/ea2377afc02bbf13296b49c868bb39bc/screenshot - {}
RESULT: {"using":"xpath","value":"//td[@aria-colindex=\"1\"]/div/div[contains(@class, \"sapMCbBg\")]"}
COMMAND: POST /session/ea2377afc02bbf13296b49c868bb39bc/element/f.E22896224DAB0D107D3E889F8C0ECED7.d.5E2F226FF5913DAF90576D5BB185C241.e.16516/click - {}
RESULT: {}
RESULT: {}
COMMAND: GET /session/ea2377afc02bbf13296b49c868bb39bc/screenshot - {}
RESULT: {}
COMMAND: POST /session/ea2377afc02bbf13296b49c868bb39bc/element - {"using":"xpath","value":"//bdi[contains(text(), \"Check\")]"}
RESULT: {"using":"xpath","value":"//bdi[contains(text(), \"Check\")]"}
COMMAND: POST /session/ea2377afc02bbf13296b49c868bb39bc/element/f.E22896224DAB0D107D3E889F8C0ECED7.d.5E2F226FF5913DAF90576D5BB185C241.e.16572/click - {}
RESULT: {}
COMMAND: GET /session/ea2377afc02bbf13296b49c868bb39bc/screenshot - {}
RESULT: {}
COMMAND: POST /session/ea2377afc02bbf13296b49c868bb39bc/element - {"using":"xpath","value":"//bdi[contains(text(), \"OK\")]"}
RESULT: {"using":"xpath","value":"//bdi[contains(text(), \"OK\")]"}
COMMAND: POST /session/ea2377afc02bbf13296b49c868bb39bc/element/f.E22896224DAB0D107D3E889F8C0ECED7.d.5E2F226FF5913DAF90576D5BB185C241.e.16575/click - {}
RESULT: {}
COMMAND: GET /session/ea2377afc02bbf13296b49c868bb39bc/screenshot - {}
RESULT: {}
COMMAND: POST /session/ea2377afc02bbf13296b49c868bb39bc/element - {"using":"xpath","value":"(//span[contains(text(), \"CO/SD checked\")]/parent::div/preceding-sibling::div/span)[1]"}
RESULT: {"using":"xpath","value":"(//span[contains(text(), \"CO/SD checked\")]/parent::div/preceding-sibling::div/span)[1]"}
COMMAND: POST /session/ea2377afc02bbf13296b49c868bb39bc/element/f.E22896224DAB0D107D3E889F8C0ECED7.d.5E2F226FF5913DAF90576D5BB185C241.e.16578/click - {}
RESULT: {}
COMMAND: GET /session/ea2377afc02bbf13296b49c868bb39bc/screenshot - {}
RESULT: {}
COMMAND: POST /session/ea2377afc02bbf13296b49c868bb39bc/element - {"using":"xpath","value":"//input[contains(@id ,\"application-billingtransfer-display-component---billingWorkbench--smartFilterBar-btnBasicSearch\")]"}
RESULT: {"using":"xpath","value":"//input[contains(@id ,\"application-billingtransfer-display-component---billingWorkbench--smartFilterBar-btnBasicSearch\")]"}
COMMAND: POST /session/ea2377afc02bbf13296b49c868bb39bc/elements - {"using":"xpath","value":"//input[contains(@id ,\"application-billingtransfer-display-component---billingWorkbench--smartFilterBar-btnBasicSearch\")]"}
RESULT: {"using":"xpath","value":"//input[contains(@id ,\"application-billingtransfer-display-component---billingWorkbench--smartFilterBar-btnBasicSearch\")]"}
COMMAND: POST /session/ea2377afc02bbf13296b49c868bb39bc/execute/sync - {"script":"<script> [8489 bytes]","args":[{"element-6066-11e4-a52e-4f735466cecf":"f.E22896224DAB0D107D3E889F8C0ECED7.d.5E2F226FF5913DAF90576D5BB185C241.e.16408","ELEMENT":"f.E22896224DAB0D107D3E889F8C0ECED7.d.5E2F226FF5913DAF90576D5BB185C241.e.16408"}]}
RESULT: {"script":"<script> [8489 bytes]","args":[{"element-6066-11e4-a52e-4f735466cecf":"f.E22896224DAB0D107D3E889F8C0ECED7.d.5E2F226FF5913DAF90576D5BB185C241.e.16408","ELEMENT":"f.E22896224DAB0D107D3E889F8C0ECED7.d.5E2F226FF5913DAF90576D5BB185C241.e.16408"}]}
COMMAND: GET /session/ea2377afc02bbf13296b49c868bb39bc/element/f.E22896224DAB0D107D3E889F8C0ECED7.d.5E2F226FF5913DAF90576D5BB185C241.e.16408/enabled - {}
COMMAND: GET /session/ea2377afc02bbf13296b49c868bb39bc/screenshot - {}
RESULT: {}
COMMAND: POST /session/ea2377afc02bbf13296b49c868bb39bc/element/f.E22896224DAB0D107D3E889F8C0ECED7.d.5E2F226FF5913DAF90576D5BB185C241.e.16408/click - {}
COMMAND: GET /session/ea2377afc02bbf13296b49c868bb39bc/screenshot - {}
RESULT: {}
RESULT: {}
COMMAND: GET /session/ea2377afc02bbf13296b49c868bb39bc/screenshot - {}
RESULT: {}
RESULT: {}
COMMAND: POST /session/ea2377afc02bbf13296b49c868bb39bc/element/f.E22896224DAB0D107D3E889F8C0ECED7.d.5E2F226FF5913DAF90576D5BB185C241.e.16408/clear - {}
RESULT: {}
COMMAND: POST /session/ea2377afc02bbf13296b49c868bb39bc/element/f.E22896224DAB0D107D3E889F8C0ECED7.d.5E2F226FF5913DAF90576D5BB185C241.e.16408/value - {"text":"10415"}
COMMAND: GET /session/ea2377afc02bbf13296b49c868bb39bc/screenshot - {}
RESULT: {"text":"10415"}
COMMAND: POST /session/ea2377afc02bbf13296b49c868bb39bc/actions - {"actions":[{"id":"action59","type":"key","parameters":{},"actions":[{"type":"keyDown","value":"î€‡"},{"type":"pause","duration":10},{"type":"keyUp","value":"î€‡"}]}]}
COMMAND: GET /session/ea2377afc02bbf13296b49c868bb39bc/screenshot - {}
RESULT: {}
RESULT: {"actions":[{"id":"action59","type":"key","parameters":{},"actions":[{"type":"keyDown","value":"î€‡"},{"type":"pause","duration":10},{"type":"keyUp","value":"î€‡"}]}]}
COMMAND: GET /session/ea2377afc02bbf13296b49c868bb39bc/screenshot - {}
RESULT: {}
RESULT: {}
COMMAND: POST /session/ea2377afc02bbf13296b49c868bb39bc/element - {"using":"xpath","value":"//span[contains(@id ,\"application-billingtransfer-display-component---billingWorkbench--smartTableBillingRuns-header-inner\")]"}
RESULT: {"using":"xpath","value":"//span[contains(@id ,\"application-billingtransfer-display-component---billingWorkbench--smartTableBillingRuns-header-inner\")]"}
COMMAND: POST /session/ea2377afc02bbf13296b49c868bb39bc/elements - {"using":"xpath","value":"//span[contains(@id ,\"application-billingtransfer-display-component---billingWorkbench--smartTableBillingRuns-header-inner\")]"}
RESULT: {"using":"xpath","value":"//span[contains(@id ,\"application-billingtransfer-display-component---billingWorkbench--smartTableBillingRuns-header-inner\")]"}
COMMAND: POST /session/ea2377afc02bbf13296b49c868bb39bc/execute/sync - {"script":"<script> [56 bytes]","args":[{"element-6066-11e4-a52e-4f735466cecf":"f.E22896224DAB0D107D3E889F8C0ECED7.d.5E2F226FF5913DAF90576D5BB185C241.e.16571","ELEMENT":"f.E22896224DAB0D107D3E889F8C0ECED7.d.5E2F226FF5913DAF90576D5BB185C241.e.16571"}]}
RESULT: {"script":"<script> [56 bytes]","args":[{"element-6066-11e4-a52e-4f735466cecf":"f.E22896224DAB0D107D3E889F8C0ECED7.d.5E2F226FF5913DAF90576D5BB185C241.e.16571","ELEMENT":"f.E22896224DAB0D107D3E889F8C0ECED7.d.5E2F226FF5913DAF90576D5BB185C241.e.16571"}]}
COMMAND: POST /session/ea2377afc02bbf13296b49c868bb39bc/element - {"using":"xpath","value":"//td[@aria-colindex=\"1\"]/div/div[contains(@class, \"sapMCbBg\")]"}
COMMAND: GET /session/ea2377afc02bbf13296b49c868bb39bc/screenshot - {}
RESULT: {"using":"xpath","value":"//td[@aria-colindex=\"1\"]/div/div[contains(@class, \"sapMCbBg\")]"}
COMMAND: POST /session/ea2377afc02bbf13296b49c868bb39bc/element/f.E22896224DAB0D107D3E889F8C0ECED7.d.5E2F226FF5913DAF90576D5BB185C241.e.16583/click - {}
RESULT: {}
RESULT: {}
COMMAND: GET /session/ea2377afc02bbf13296b49c868bb39bc/screenshot - {}
RESULT: {}
COMMAND: POST /session/ea2377afc02bbf13296b49c868bb39bc/element - {"using":"xpath","value":"//bdi[text()=\"Transfer\"]"}
RESULT: {"using":"xpath","value":"//bdi[text()=\"Transfer\"]"}
COMMAND: POST /session/ea2377afc02bbf13296b49c868bb39bc/element/f.E22896224DAB0D107D3E889F8C0ECED7.d.5E2F226FF5913DAF90576D5BB185C241.e.16584/click - {}
RESULT: {}
COMMAND: GET /session/ea2377afc02bbf13296b49c868bb39bc/screenshot - {}
RESULT: {}
COMMAND: POST /session/ea2377afc02bbf13296b49c868bb39bc/element - {"using":"xpath","value":"//bdi[contains(text(), \"OK\")]"}
RESULT: {"using":"xpath","value":"//bdi[contains(text(), \"OK\")]"}
COMMAND: POST /session/ea2377afc02bbf13296b49c868bb39bc/element/f.E22896224DAB0D107D3E889F8C0ECED7.d.5E2F226FF5913DAF90576D5BB185C241.e.16587/click - {}
RESULT: {}
COMMAND: GET /session/ea2377afc02bbf13296b49c868bb39bc/screenshot - {}
RESULT: {}
COMMAND: POST /session/ea2377afc02bbf13296b49c868bb39bc/element - {"using":"xpath","value":"(//span[contains(text(), \"Completed\")]/parent::div/preceding-sibling::div/span)[1]"}
RESULT: {"using":"xpath","value":"(//span[contains(text(), \"Completed\")]/parent::div/preceding-sibling::div/span)[1]"}
COMMAND: POST /session/ea2377afc02bbf13296b49c868bb39bc/element/f.E22896224DAB0D107D3E889F8C0ECED7.d.5E2F226FF5913DAF90576D5BB185C241.e.16595/click - {}
RESULT: {}
COMMAND: POST /session/ea2377afc02bbf13296b49c868bb39bc/element - {"using":"xpath","value":"//input[contains(@id ,\"application-billingtransfer-display-component---billingWorkbench--smartFilterBar-btnBasicSearch\")]"}
COMMAND: GET /session/ea2377afc02bbf13296b49c868bb39bc/screenshot - {}
RESULT: {"using":"xpath","value":"//input[contains(@id ,\"application-billingtransfer-display-component---billingWorkbench--smartFilterBar-btnBasicSearch\")]"}
COMMAND: POST /session/ea2377afc02bbf13296b49c868bb39bc/elements - {"using":"xpath","value":"//input[contains(@id ,\"application-billingtransfer-display-component---billingWorkbench--smartFilterBar-btnBasicSearch\")]"}
RESULT: {}
RESULT: {"using":"xpath","value":"//input[contains(@id ,\"application-billingtransfer-display-component---billingWorkbench--smartFilterBar-btnBasicSearch\")]"}
COMMAND: POST /session/ea2377afc02bbf13296b49c868bb39bc/execute/sync - {"script":"<script> [8489 bytes]","args":[{"element-6066-11e4-a52e-4f735466cecf":"f.E22896224DAB0D107D3E889F8C0ECED7.d.5E2F226FF5913DAF90576D5BB185C241.e.16408","ELEMENT":"f.E22896224DAB0D107D3E889F8C0ECED7.d.5E2F226FF5913DAF90576D5BB185C241.e.16408"}]}
RESULT: {"script":"<script> [8489 bytes]","args":[{"element-6066-11e4-a52e-4f735466cecf":"f.E22896224DAB0D107D3E889F8C0ECED7.d.5E2F226FF5913DAF90576D5BB185C241.e.16408","ELEMENT":"f.E22896224DAB0D107D3E889F8C0ECED7.d.5E2F226FF5913DAF90576D5BB185C241.e.16408"}]}
COMMAND: GET /session/ea2377afc02bbf13296b49c868bb39bc/element/f.E22896224DAB0D107D3E889F8C0ECED7.d.5E2F226FF5913DAF90576D5BB185C241.e.16408/enabled - {}
COMMAND: GET /session/ea2377afc02bbf13296b49c868bb39bc/screenshot - {}
RESULT: {}
COMMAND: POST /session/ea2377afc02bbf13296b49c868bb39bc/element/f.E22896224DAB0D107D3E889F8C0ECED7.d.5E2F226FF5913DAF90576D5BB185C241.e.16408/click - {}
COMMAND: GET /session/ea2377afc02bbf13296b49c868bb39bc/screenshot - {}
RESULT: {}
RESULT: {}
COMMAND: GET /session/ea2377afc02bbf13296b49c868bb39bc/screenshot - {}
RESULT: {}
RESULT: {}
COMMAND: POST /session/ea2377afc02bbf13296b49c868bb39bc/element/f.E22896224DAB0D107D3E889F8C0ECED7.d.5E2F226FF5913DAF90576D5BB185C241.e.16408/clear - {}
RESULT: {}
COMMAND: POST /session/ea2377afc02bbf13296b49c868bb39bc/element/f.E22896224DAB0D107D3E889F8C0ECED7.d.5E2F226FF5913DAF90576D5BB185C241.e.16408/value - {"text":"10415"}
COMMAND: GET /session/ea2377afc02bbf13296b49c868bb39bc/screenshot - {}
RESULT: {"text":"10415"}
COMMAND: POST /session/ea2377afc02bbf13296b49c868bb39bc/actions - {"actions":[{"id":"action60","type":"key","parameters":{},"actions":[{"type":"keyDown","value":"î€‡"},{"type":"pause","duration":10},{"type":"keyUp","value":"î€‡"}]}]}
COMMAND: GET /session/ea2377afc02bbf13296b49c868bb39bc/screenshot - {}
RESULT: {}
RESULT: {"actions":[{"id":"action60","type":"key","parameters":{},"actions":[{"type":"keyDown","value":"î€‡"},{"type":"pause","duration":10},{"type":"keyUp","value":"î€‡"}]}]}
COMMAND: GET /session/ea2377afc02bbf13296b49c868bb39bc/screenshot - {}
RESULT: {}
RESULT: {}
COMMAND: POST /session/ea2377afc02bbf13296b49c868bb39bc/element - {"using":"xpath","value":"//span[contains(@id ,\"application-billingtransfer-display-component---billingWorkbench--smartTableBillingRuns-header-inner\")]"}
RESULT: {"using":"xpath","value":"//span[contains(@id ,\"application-billingtransfer-display-component---billingWorkbench--smartTableBillingRuns-header-inner\")]"}
COMMAND: POST /session/ea2377afc02bbf13296b49c868bb39bc/elements - {"using":"xpath","value":"//span[contains(@id ,\"application-billingtransfer-display-component---billingWorkbench--smartTableBillingRuns-header-inner\")]"}
RESULT: {"using":"xpath","value":"//span[contains(@id ,\"application-billingtransfer-display-component---billingWorkbench--smartTableBillingRuns-header-inner\")]"}
COMMAND: POST /session/ea2377afc02bbf13296b49c868bb39bc/execute/sync - {"script":"<script> [56 bytes]","args":[{"element-6066-11e4-a52e-4f735466cecf":"f.E22896224DAB0D107D3E889F8C0ECED7.d.5E2F226FF5913DAF90576D5BB185C241.e.16571","ELEMENT":"f.E22896224DAB0D107D3E889F8C0ECED7.d.5E2F226FF5913DAF90576D5BB185C241.e.16571"}]}
RESULT: {"script":"<script> [56 bytes]","args":[{"element-6066-11e4-a52e-4f735466cecf":"f.E22896224DAB0D107D3E889F8C0ECED7.d.5E2F226FF5913DAF90576D5BB185C241.e.16571","ELEMENT":"f.E22896224DAB0D107D3E889F8C0ECED7.d.5E2F226FF5913DAF90576D5BB185C241.e.16571"}]}
COMMAND: GET /session/ea2377afc02bbf13296b49c868bb39bc/screenshot - {}
RESULT: {}
COMMAND: POST /session/ea2377afc02bbf13296b49c868bb39bc/execute/sync - {"script":"<script> [56 bytes]","args":[{"element-6066-11e4-a52e-4f735466cecf":"f.E22896224DAB0D107D3E889F8C0ECED7.d.5E2F226FF5913DAF90576D5BB185C241.e.16571","ELEMENT":"f.E22896224DAB0D107D3E889F8C0ECED7.d.5E2F226FF5913DAF90576D5BB185C241.e.16571"}]}
RESULT: {"script":"<script> [56 bytes]","args":[{"element-6066-11e4-a52e-4f735466cecf":"f.E22896224DAB0D107D3E889F8C0ECED7.d.5E2F226FF5913DAF90576D5BB185C241.e.16571","ELEMENT":"f.E22896224DAB0D107D3E889F8C0ECED7.d.5E2F226FF5913DAF90576D5BB185C241.e.16571"}]}
COMMAND: GET /session/ea2377afc02bbf13296b49c868bb39bc/screenshot - {}
RESULT: {}
COMMAND: POST /session/ea2377afc02bbf13296b49c868bb39bc/execute/sync - {"script":"<script> [56 bytes]","args":[{"element-6066-11e4-a52e-4f735466cecf":"f.E22896224DAB0D107D3E889F8C0ECED7.d.5E2F226FF5913DAF90576D5BB185C241.e.16571","ELEMENT":"f.E22896224DAB0D107D3E889F8C0ECED7.d.5E2F226FF5913DAF90576D5BB185C241.e.16571"}]}
RESULT: {"script":"<script> [56 bytes]","args":[{"element-6066-11e4-a52e-4f735466cecf":"f.E22896224DAB0D107D3E889F8C0ECED7.d.5E2F226FF5913DAF90576D5BB185C241.e.16571","ELEMENT":"f.E22896224DAB0D107D3E889F8C0ECED7.d.5E2F226FF5913DAF90576D5BB185C241.e.16571"}]}
COMMAND: GET /session/ea2377afc02bbf13296b49c868bb39bc/screenshot - {}
COMMAND: POST /session/ea2377afc02bbf13296b49c868bb39bc/execute/sync - {"script":"<script> [56 bytes]","args":[{"element-6066-11e4-a52e-4f735466cecf":"f.E22896224DAB0D107D3E889F8C0ECED7.d.5E2F226FF5913DAF90576D5BB185C241.e.16571","ELEMENT":"f.E22896224DAB0D107D3E889F8C0ECED7.d.5E2F226FF5913DAF90576D5BB185C241.e.16571"}]}
RESULT: {}
RESULT: {"script":"<script> [56 bytes]","args":[{"element-6066-11e4-a52e-4f735466cecf":"f.E22896224DAB0D107D3E889F8C0ECED7.d.5E2F226FF5913DAF90576D5BB185C241.e.16571","ELEMENT":"f.E22896224DAB0D107D3E889F8C0ECED7.d.5E2F226FF5913DAF90576D5BB185C241.e.16571"}]}
COMMAND: GET /session/ea2377afc02bbf13296b49c868bb39bc/screenshot - {}
COMMAND: POST /session/ea2377afc02bbf13296b49c868bb39bc/execute/sync - {"script":"<script> [56 bytes]","args":[{"element-6066-11e4-a52e-4f735466cecf":"f.E22896224DAB0D107D3E889F8C0ECED7.d.5E2F226FF5913DAF90576D5BB185C241.e.16571","ELEMENT":"f.E22896224DAB0D107D3E889F8C0ECED7.d.5E2F226FF5913DAF90576D5BB185C241.e.16571"}]}
RESULT: {}
RESULT: {"script":"<script> [56 bytes]","args":[{"element-6066-11e4-a52e-4f735466cecf":"f.E22896224DAB0D107D3E889F8C0ECED7.d.5E2F226FF5913DAF90576D5BB185C241.e.16571","ELEMENT":"f.E22896224DAB0D107D3E889F8C0ECED7.d.5E2F226FF5913DAF90576D5BB185C241.e.16571"}]}
COMMAND: POST /session/ea2377afc02bbf13296b49c868bb39bc/element - {"using":"css selector","value":"#shell-header-logo"}
COMMAND: GET /session/ea2377afc02bbf13296b49c868bb39bc/screenshot - {}
RESULT: {"using":"css selector","value":"#shell-header-logo"}
COMMAND: POST /session/ea2377afc02bbf13296b49c868bb39bc/element/f.E22896224DAB0D107D3E889F8C0ECED7.d.5E2F226FF5913DAF90576D5BB185C241.e.16406/click - {}
RESULT: {}
RESULT: {}
COMMAND: GET /session/ea2377afc02bbf13296b49c868bb39bc/screenshot - {}
RESULT: {}
COMMAND: POST /session/ea2377afc02bbf13296b49c868bb39bc/element - {"using":"css selector","value":"#j_username"}
COMMAND: POST /session/ea2377afc02bbf13296b49c868bb39bc/url - {"url":"https://qa-testing-00-live-etm-ui.cfapps.eu10-004.hana.ondemand.com/"}
RESULT: {"using":"css selector","value":"#j_username"}
COMMAND: POST /session/ea2377afc02bbf13296b49c868bb39bc/element - {"using":"css selector","value":"#j_username"}
RESULT: {"url":"https://qa-testing-00-live-etm-ui.cfapps.eu10-004.hana.ondemand.com/"}
RESULT: undefined
COMMAND: GET /session/ea2377afc02bbf13296b49c868bb39bc/screenshot - {}
RESULT: {"using":"css selector","value":"#j_username"}
COMMAND: POST /session/ea2377afc02bbf13296b49c868bb39bc/element - {"using":"css selector","value":"#shell-header-logo"}
RESULT: {}
RESULT: {"using":"css selector","value":"#shell-header-logo"}
COMMAND: POST /session/ea2377afc02bbf13296b49c868bb39bc/execute/sync - {"script":"<script> [8489 bytes]","args":[{"element-6066-11e4-a52e-4f735466cecf":"f.E22896224DAB0D107D3E889F8C0ECED7.d.53E23542CFA14737B7375BB4E8CE1488.e.16604","ELEMENT":"f.E22896224DAB0D107D3E889F8C0ECED7.d.53E23542CFA14737B7375BB4E8CE1488.e.16604"}]}
RESULT: {"script":"<script> [8489 bytes]","args":[{"element-6066-11e4-a52e-4f735466cecf":"f.E22896224DAB0D107D3E889F8C0ECED7.d.53E23542CFA14737B7375BB4E8CE1488.e.16604","ELEMENT":"f.E22896224DAB0D107D3E889F8C0ECED7.d.53E23542CFA14737B7375BB4E8CE1488.e.16604"}]}
COMMAND: POST /session/ea2377afc02bbf13296b49c868bb39bc/element - {"using":"css selector","value":"#shell-header-logo"}
COMMAND: GET /session/ea2377afc02bbf13296b49c868bb39bc/screenshot - {}
RESULT: {"using":"css selector","value":"#shell-header-logo"}
COMMAND: POST /session/ea2377afc02bbf13296b49c868bb39bc/execute/sync - {"script":"<script> [8489 bytes]","args":[{"element-6066-11e4-a52e-4f735466cecf":"f.E22896224DAB0D107D3E889F8C0ECED7.d.53E23542CFA14737B7375BB4E8CE1488.e.16604","ELEMENT":"f.E22896224DAB0D107D3E889F8C0ECED7.d.53E23542CFA14737B7375BB4E8CE1488.e.16604"}]}
RESULT: {}
RESULT: {"script":"<script> [8489 bytes]","args":[{"element-6066-11e4-a52e-4f735466cecf":"f.E22896224DAB0D107D3E889F8C0ECED7.d.53E23542CFA14737B7375BB4E8CE1488.e.16604","ELEMENT":"f.E22896224DAB0D107D3E889F8C0ECED7.d.53E23542CFA14737B7375BB4E8CE1488.e.16604"}]}
COMMAND: POST /session/ea2377afc02bbf13296b49c868bb39bc/execute/sync - {"script":"<script> [5351 bytes]","args":[{"element-6066-11e4-a52e-4f735466cecf":"f.E22896224DAB0D107D3E889F8C0ECED7.d.53E23542CFA14737B7375BB4E8CE1488.e.16604","ELEMENT":"f.E22896224DAB0D107D3E889F8C0ECED7.d.53E23542CFA14737B7375BB4E8CE1488.e.16604"}]}
COMMAND: GET /session/ea2377afc02bbf13296b49c868bb39bc/screenshot - {}
RESULT: {"script":"<script> [5351 bytes]","args":[{"element-6066-11e4-a52e-4f735466cecf":"f.E22896224DAB0D107D3E889F8C0ECED7.d.53E23542CFA14737B7375BB4E8CE1488.e.16604","ELEMENT":"f.E22896224DAB0D107D3E889F8C0ECED7.d.53E23542CFA14737B7375BB4E8CE1488.e.16604"}]}
COMMAND: POST /session/ea2377afc02bbf13296b49c868bb39bc/element - {"using":"css selector","value":"#shell-header-logo"}
COMMAND: GET /session/ea2377afc02bbf13296b49c868bb39bc/screenshot - {}
RESULT: {}
RESULT: {"using":"css selector","value":"#shell-header-logo"}
COMMAND: POST /session/ea2377afc02bbf13296b49c868bb39bc/element/f.E22896224DAB0D107D3E889F8C0ECED7.d.53E23542CFA14737B7375BB4E8CE1488.e.16604/click - {}
RESULT: {}
RESULT: {}
COMMAND: GET /session/ea2377afc02bbf13296b49c868bb39bc/screenshot - {}
RESULT: {}
COMMAND: POST /session/ea2377afc02bbf13296b49c868bb39bc/execute/async - {"script":"<script> [189 bytes]","args":[]}
RESULT: {"script":"<script> [189 bytes]","args":[]}
COMMAND: POST /session/ea2377afc02bbf13296b49c868bb39bc/execute/async - {"script":"<script> [123 bytes]","args":[]}
RESULT: {"script":"<script> [123 bytes]","args":[]}
COMMAND: POST /session/ea2377afc02bbf13296b49c868bb39bc/timeouts - {"script":"<number>"}
RESULT: {"script":"<number>"}
COMMAND: GET /session/ea2377afc02bbf13296b49c868bb39bc/timeouts - {}
RESULT: {}
RESULT: undefined
COMMAND: POST /session/ea2377afc02bbf13296b49c868bb39bc/execute/async - {"script":"<script> [2676 bytes]","args":[]}
RESULT: {"script":"<script> [2676 bytes]","args":[]}
COMMAND: POST /session/ea2377afc02bbf13296b49c868bb39bc/execute/async - {"script":"<script> [2342 bytes]","args":[{"protocol":"http","hostname":"0.0.0.0","path":"/","capabilities":{"browserName":"chrome","goog:chromeOptions":{"binary":"C:\\Program Files\\Google\\Chrome\\Application\\chrome.exe","args":["--start-maximized"]}},"logLevel":"warn","connectionRetryTimeout":120000,"connectionRetryCount":3,"logLevels":{},"enableDirectConnect":true,"strictSSL":true,"_":"65 more keys: [\"cacheDir\",\"port\",\"requestedCapabilities\",\"automationProtocol\",\"baseUrl\",\"waitforInterval\",\"waitforTimeout\",\"onReload\",\"beforeCommand\",\"afterCommand\",\"rootDir\",\"specs\",\"suites\",\"exclude\",\"groupLogsByTestSpec\",\"excludeDriverLogs\",\"bail\",\"framework\",\"reporters\",\"services\",\"maxInstances\",\"maxInstancesPerCapability\",\"injectGlobals\",\"filesToWatch\",\"execArgv\",\"runnerEnv\",\"runner\",\"shard\",\"specFileRetries\",\"specFileRetriesDelay\",\"specFileRetriesDeferred\",\"reporterSyncInterval\",\"reporterSyncTimeout\",\"cucumberFeaturesWithLineNumbers\",\"autoCompileOpts\",\"mochaOpts\",\"jasmineOpts\",\"cucumberOpts\",\"onPrepare\",\"onWorkerStart\",\"onWorkerEnd\",\"before\",\"beforeSession\",\"beforeSuite\",\"beforeHook\",\"beforeTest\",\"afterTest\",\"afterHook\",\"afterSuite\",\"afterSession\",\"after\",\"onComplete\",\"beforeAssertion\",\"afterAssertion\",\"beforeFeature\",\"beforeScenario\",\"beforeStep\",\"afterStep\",\"afterScenario\",\"afterFeature\",\"_\",\"suite\",\"$0\",\"ignoredWorkerServices\",\"wdi5\"]"}]}
RESULT: {"script":"<script> [2342 bytes]","args":[{"protocol":"http","hostname":"0.0.0.0","path":"/","capabilities":{"browserName":"chrome","goog:chromeOptions":{"binary":"C:\\Program Files\\Google\\Chrome\\Application\\chrome.exe","args":["--start-maximized"]}},"logLevel":"warn","connectionRetryTimeout":120000,"connectionRetryCount":3,"logLevels":{},"enableDirectConnect":true,"strictSSL":true,"_":"65 more keys: [\"cacheDir\",\"port\",\"requestedCapabilities\",\"automationProtocol\",\"baseUrl\",\"waitforInterval\",\"waitforTimeout\",\"onReload\",\"beforeCommand\",\"afterCommand\",\"rootDir\",\"specs\",\"suites\",\"exclude\",\"groupLogsByTestSpec\",\"excludeDriverLogs\",\"bail\",\"framework\",\"reporters\",\"services\",\"maxInstances\",\"maxInstancesPerCapability\",\"injectGlobals\",\"filesToWatch\",\"execArgv\",\"runnerEnv\",\"runner\",\"shard\",\"specFileRetries\",\"specFileRetriesDelay\",\"specFileRetriesDeferred\",\"reporterSyncInterval\",\"reporterSyncTimeout\",\"cucumberFeaturesWithLineNumbers\",\"autoCompileOpts\",\"mochaOpts\",\"jasmineOpts\",\"cucumberOpts\",\"onPrepare\",\"onWorkerStart\",\"onWorkerEnd\",\"before\",\"beforeSession\",\"beforeSuite\",\"beforeHook\",\"beforeTest\",\"afterTest\",\"afterHook\",\"afterSuite\",\"afterSession\",\"after\",\"onComplete\",\"beforeAssertion\",\"afterAssertion\",\"beforeFeature\",\"beforeScenario\",\"beforeStep\",\"afterStep\",\"afterScenario\",\"afterFeature\",\"_\",\"suite\",\"$0\",\"ignoredWorkerServices\",\"wdi5\"]"}]}
COMMAND: POST /session/ea2377afc02bbf13296b49c868bb39bc/execute/async - {"script":"<script> [21126 bytes]","args":[35000]}
RESULT: {"script":"<script> [21126 bytes]","args":[35000]}
COMMAND: POST /session/ea2377afc02bbf13296b49c868bb39bc/window/maximize - {}
RESULT: {}
COMMAND: POST /session/ea2377afc02bbf13296b49c868bb39bc/execute/async - {"script":"<script> [1562 bytes]","args":[{"selector":{"id":"shell-header","interaction":{"idSuffix":"icon"}},"wdio_ui5_key":"shellheader"}]}
COMMAND: GET /session/ea2377afc02bbf13296b49c868bb39bc/screenshot - {}
RESULT: {"script":"<script> [1562 bytes]","args":[{"selector":{"id":"shell-header","interaction":{"idSuffix":"icon"}},"wdio_ui5_key":"shellheader"}]}
RESULT: undefined
COMMAND: POST /session/ea2377afc02bbf13296b49c868bb39bc/refresh - {}
RESULT: {}
RESULT: {}
COMMAND: GET /session/ea2377afc02bbf13296b49c868bb39bc/screenshot - {}
RESULT: {}
COMMAND: POST /session/ea2377afc02bbf13296b49c868bb39bc/refresh - {}
RESULT: {}
COMMAND: GET /session/ea2377afc02bbf13296b49c868bb39bc/screenshot - {}
RESULT: {}
COMMAND: POST /session/ea2377afc02bbf13296b49c868bb39bc/window/fullscreen - {}
RESULT: {}
COMMAND: POST /session/ea2377afc02bbf13296b49c868bb39bc/execute/async - {"script":"<script> [189 bytes]","args":[]}
RESULT: {"script":"<script> [189 bytes]","args":[]}
COMMAND: POST /session/ea2377afc02bbf13296b49c868bb39bc/execute/async - {"script":"<script> [123 bytes]","args":[]}
RESULT: {"script":"<script> [123 bytes]","args":[]}
COMMAND: POST /session/ea2377afc02bbf13296b49c868bb39bc/timeouts - {"script":"<number>"}
RESULT: {"script":"<number>"}
COMMAND: GET /session/ea2377afc02bbf13296b49c868bb39bc/timeouts - {}
RESULT: {}
RESULT: undefined
COMMAND: POST /session/ea2377afc02bbf13296b49c868bb39bc/execute/async - {"script":"<script> [2676 bytes]","args":[]}
RESULT: {"script":"<script> [2676 bytes]","args":[]}
COMMAND: POST /session/ea2377afc02bbf13296b49c868bb39bc/execute/async - {"script":"<script> [2342 bytes]","args":[{"protocol":"http","hostname":"0.0.0.0","path":"/","capabilities":{"browserName":"chrome","goog:chromeOptions":{"binary":"C:\\Program Files\\Google\\Chrome\\Application\\chrome.exe","args":["--start-maximized"]}},"logLevel":"warn","connectionRetryTimeout":120000,"connectionRetryCount":3,"logLevels":{},"enableDirectConnect":true,"strictSSL":true,"_":"65 more keys: [\"cacheDir\",\"port\",\"requestedCapabilities\",\"automationProtocol\",\"baseUrl\",\"waitforInterval\",\"waitforTimeout\",\"onReload\",\"beforeCommand\",\"afterCommand\",\"rootDir\",\"specs\",\"suites\",\"exclude\",\"groupLogsByTestSpec\",\"excludeDriverLogs\",\"bail\",\"framework\",\"reporters\",\"services\",\"maxInstances\",\"maxInstancesPerCapability\",\"injectGlobals\",\"filesToWatch\",\"execArgv\",\"runnerEnv\",\"runner\",\"shard\",\"specFileRetries\",\"specFileRetriesDelay\",\"specFileRetriesDeferred\",\"reporterSyncInterval\",\"reporterSyncTimeout\",\"cucumberFeaturesWithLineNumbers\",\"autoCompileOpts\",\"mochaOpts\",\"jasmineOpts\",\"cucumberOpts\",\"onPrepare\",\"onWorkerStart\",\"onWorkerEnd\",\"before\",\"beforeSession\",\"beforeSuite\",\"beforeHook\",\"beforeTest\",\"afterTest\",\"afterHook\",\"afterSuite\",\"afterSession\",\"after\",\"onComplete\",\"beforeAssertion\",\"afterAssertion\",\"beforeFeature\",\"beforeScenario\",\"beforeStep\",\"afterStep\",\"afterScenario\",\"afterFeature\",\"_\",\"suite\",\"$0\",\"ignoredWorkerServices\",\"wdi5\"]"}]}
RESULT: {"script":"<script> [2342 bytes]","args":[{"protocol":"http","hostname":"0.0.0.0","path":"/","capabilities":{"browserName":"chrome","goog:chromeOptions":{"binary":"C:\\Program Files\\Google\\Chrome\\Application\\chrome.exe","args":["--start-maximized"]}},"logLevel":"warn","connectionRetryTimeout":120000,"connectionRetryCount":3,"logLevels":{},"enableDirectConnect":true,"strictSSL":true,"_":"65 more keys: [\"cacheDir\",\"port\",\"requestedCapabilities\",\"automationProtocol\",\"baseUrl\",\"waitforInterval\",\"waitforTimeout\",\"onReload\",\"beforeCommand\",\"afterCommand\",\"rootDir\",\"specs\",\"suites\",\"exclude\",\"groupLogsByTestSpec\",\"excludeDriverLogs\",\"bail\",\"framework\",\"reporters\",\"services\",\"maxInstances\",\"maxInstancesPerCapability\",\"injectGlobals\",\"filesToWatch\",\"execArgv\",\"runnerEnv\",\"runner\",\"shard\",\"specFileRetries\",\"specFileRetriesDelay\",\"specFileRetriesDeferred\",\"reporterSyncInterval\",\"reporterSyncTimeout\",\"cucumberFeaturesWithLineNumbers\",\"autoCompileOpts\",\"mochaOpts\",\"jasmineOpts\",\"cucumberOpts\",\"onPrepare\",\"onWorkerStart\",\"onWorkerEnd\",\"before\",\"beforeSession\",\"beforeSuite\",\"beforeHook\",\"beforeTest\",\"afterTest\",\"afterHook\",\"afterSuite\",\"afterSession\",\"after\",\"onComplete\",\"beforeAssertion\",\"afterAssertion\",\"beforeFeature\",\"beforeScenario\",\"beforeStep\",\"afterStep\",\"afterScenario\",\"afterFeature\",\"_\",\"suite\",\"$0\",\"ignoredWorkerServices\",\"wdi5\"]"}]}
COMMAND: POST /session/ea2377afc02bbf13296b49c868bb39bc/execute/async - {"script":"<script> [21126 bytes]","args":[35000]}
RESULT: {"script":"<script> [21126 bytes]","args":[35000]}
]]></system-out>
    </testcase>
  </testsuite>
  <testsuite timestamp="2025-05-20T06:29:42" time="715.169" tests="12" failures="0" errors="0" skipped="0">
    <properties>
      <property name="specId" value="0" />
      <property name="suiteName" value="Create Reverse Billing US127248" />
      <property name="capabilities" value="chrome.136_0_7103_93.windows" />
      <property name="file" value="file:///D:/a/1/s/test/specs/BTS/reverse-billing.spec.js" />
    </properties>
    <testcase classname="chrome.136_0_7103_93.windows.Create_Reverse_Billing_US127248" name="Should create a new yard" time="0.017">
      <system-out><![CDATA[
COMMAND: POST /session/ea2377afc02bbf13296b49c868bb39bc/window/fullscreen - {}
RESULT: {}
]]></system-out>
    </testcase>
    <testcase classname="chrome.136_0_7103_93.windows.Create_Reverse_Billing_US127248" name="Should create a new partner" time="0.004" />
    <testcase classname="chrome.136_0_7103_93.windows.Create_Reverse_Billing_US127248" name="Should create a new site" time="0.004" />
    <testcase classname="chrome.136_0_7103_93.windows.Create_Reverse_Billing_US127248" name="Should create a resource" time="140.493">
      <system-out><![CDATA[
COMMAND: POST /session/ea2377afc02bbf13296b49c868bb39bc/execute/async - {"script":"<script> [1562 bytes]","args":[{"selector":{"controlType":"sap.m.GenericTile","properties":{"header":"Manage Resources"}},"wdio_ui5_key":"sapm.GenericTile{\"header\":\"Manage Resources\"}"}]}
RESULT: {"script":"<script> [1562 bytes]","args":[{"selector":{"controlType":"sap.m.GenericTile","properties":{"header":"Manage Resources"}},"wdio_ui5_key":"sapm.GenericTile{\"header\":\"Manage Resources\"}"}]}
RESULT: undefined
COMMAND: POST /session/ea2377afc02bbf13296b49c868bb39bc/element - {"using":"xpath","value":"//*[@id=\"__tile39\"]"}
RESULT: {"using":"xpath","value":"//*[@id=\"__tile39\"]"}
COMMAND: POST /session/ea2377afc02bbf13296b49c868bb39bc/element/f.E22896224DAB0D107D3E889F8C0ECED7.d.1673445319CB00A47126C5EEC9BCE84D.e.16765/click - {}
RESULT: {}
COMMAND: GET /session/ea2377afc02bbf13296b49c868bb39bc/screenshot - {}
RESULT: {}
COMMAND: POST /session/ea2377afc02bbf13296b49c868bb39bc/elements - {"using":"xpath","value":"//span[text()='Error']"}
RESULT: {"using":"xpath","value":"//span[text()='Error']"}
COMMAND: POST /session/ea2377afc02bbf13296b49c868bb39bc/element - {"using":"xpath","value":"//button[@data-kt=\"addNewRUOverflowToolbarButton\"]"}
RESULT: {"using":"xpath","value":"//button[@data-kt=\"addNewRUOverflowToolbarButton\"]"}
COMMAND: POST /session/ea2377afc02bbf13296b49c868bb39bc/elements - {"using":"xpath","value":"//button[@data-kt=\"addNewRUOverflowToolbarButton\"]"}
RESULT: {"using":"xpath","value":"//button[@data-kt=\"addNewRUOverflowToolbarButton\"]"}
COMMAND: POST /session/ea2377afc02bbf13296b49c868bb39bc/elements - {"using":"xpath","value":"//button[@data-kt=\"addNewRUOverflowToolbarButton\"]"}
RESULT: {"using":"xpath","value":"//button[@data-kt=\"addNewRUOverflowToolbarButton\"]"}
COMMAND: POST /session/ea2377afc02bbf13296b49c868bb39bc/element - {"using":"xpath","value":"//button[@data-kt=\"addNewRUOverflowToolbarButton\"]"}
RESULT: {"using":"xpath","value":"//button[@data-kt=\"addNewRUOverflowToolbarButton\"]"}
COMMAND: POST /session/ea2377afc02bbf13296b49c868bb39bc/execute/sync - {"script":"<script> [8489 bytes]","args":[{"element-6066-11e4-a52e-4f735466cecf":"f.E22896224DAB0D107D3E889F8C0ECED7.d.1673445319CB00A47126C5EEC9BCE84D.e.16916","ELEMENT":"f.E22896224DAB0D107D3E889F8C0ECED7.d.1673445319CB00A47126C5EEC9BCE84D.e.16916"}]}
RESULT: {"script":"<script> [8489 bytes]","args":[{"element-6066-11e4-a52e-4f735466cecf":"f.E22896224DAB0D107D3E889F8C0ECED7.d.1673445319CB00A47126C5EEC9BCE84D.e.16916","ELEMENT":"f.E22896224DAB0D107D3E889F8C0ECED7.d.1673445319CB00A47126C5EEC9BCE84D.e.16916"}]}
COMMAND: GET /session/ea2377afc02bbf13296b49c868bb39bc/element/f.E22896224DAB0D107D3E889F8C0ECED7.d.1673445319CB00A47126C5EEC9BCE84D.e.16916/enabled - {}
COMMAND: GET /session/ea2377afc02bbf13296b49c868bb39bc/screenshot - {}
RESULT: {}
COMMAND: POST /session/ea2377afc02bbf13296b49c868bb39bc/execute/sync - {"script":"<script> [8489 bytes]","args":[{"element-6066-11e4-a52e-4f735466cecf":"f.E22896224DAB0D107D3E889F8C0ECED7.d.1673445319CB00A47126C5EEC9BCE84D.e.16916","ELEMENT":"f.E22896224DAB0D107D3E889F8C0ECED7.d.1673445319CB00A47126C5EEC9BCE84D.e.16916"}]}
COMMAND: GET /session/ea2377afc02bbf13296b49c868bb39bc/screenshot - {}
RESULT: {}
RESULT: {"script":"<script> [8489 bytes]","args":[{"element-6066-11e4-a52e-4f735466cecf":"f.E22896224DAB0D107D3E889F8C0ECED7.d.1673445319CB00A47126C5EEC9BCE84D.e.16916","ELEMENT":"f.E22896224DAB0D107D3E889F8C0ECED7.d.1673445319CB00A47126C5EEC9BCE84D.e.16916"}]}
COMMAND: POST /session/ea2377afc02bbf13296b49c868bb39bc/execute/sync - {"script":"<script> [5351 bytes]","args":[{"element-6066-11e4-a52e-4f735466cecf":"f.E22896224DAB0D107D3E889F8C0ECED7.d.1673445319CB00A47126C5EEC9BCE84D.e.16916","ELEMENT":"f.E22896224DAB0D107D3E889F8C0ECED7.d.1673445319CB00A47126C5EEC9BCE84D.e.16916"}]}
COMMAND: GET /session/ea2377afc02bbf13296b49c868bb39bc/screenshot - {}
RESULT: {}
RESULT: {"script":"<script> [5351 bytes]","args":[{"element-6066-11e4-a52e-4f735466cecf":"f.E22896224DAB0D107D3E889F8C0ECED7.d.1673445319CB00A47126C5EEC9BCE84D.e.16916","ELEMENT":"f.E22896224DAB0D107D3E889F8C0ECED7.d.1673445319CB00A47126C5EEC9BCE84D.e.16916"}]}
COMMAND: POST /session/ea2377afc02bbf13296b49c868bb39bc/element/f.E22896224DAB0D107D3E889F8C0ECED7.d.1673445319CB00A47126C5EEC9BCE84D.e.16916/click - {}
COMMAND: GET /session/ea2377afc02bbf13296b49c868bb39bc/screenshot - {}
RESULT: {}
RESULT: {}
COMMAND: GET /session/ea2377afc02bbf13296b49c868bb39bc/screenshot - {}
COMMAND: POST /session/ea2377afc02bbf13296b49c868bb39bc/execute/async - {"script":"<script> [1562 bytes]","args":[{"selector":{"id":"application-manageresources-display-component---newResourceUnit--TYPE-arrow"},"wdio_ui5_key":"applicationmanageresources-display-component---newResourceUnit--TYPE-arrow"}]}
RESULT: {}
RESULT: {}
RESULT: {"script":"<script> [1562 bytes]","args":[{"selector":{"id":"application-manageresources-display-component---newResourceUnit--TYPE-arrow"},"wdio_ui5_key":"applicationmanageresources-display-component---newResourceUnit--TYPE-arrow"}]}
RESULT: undefined
COMMAND: POST /session/ea2377afc02bbf13296b49c868bb39bc/element - {"using":"xpath","value":"//*[@id=\"application-manageresources-display-component---newResourceUnit--TYPE-arrow\"]"}
RESULT: {"using":"xpath","value":"//*[@id=\"application-manageresources-display-component---newResourceUnit--TYPE-arrow\"]"}
COMMAND: POST /session/ea2377afc02bbf13296b49c868bb39bc/element/f.E22896224DAB0D107D3E889F8C0ECED7.d.1673445319CB00A47126C5EEC9BCE84D.e.17261/click - {}
RESULT: {}
COMMAND: POST /session/ea2377afc02bbf13296b49c868bb39bc/element - {"using":"xpath","value":"//input[@id=\"application-manageresources-display-component---newResourceUnit--TYPE-inner\"]"}
COMMAND: GET /session/ea2377afc02bbf13296b49c868bb39bc/screenshot - {}
RESULT: {"using":"xpath","value":"//input[@id=\"application-manageresources-display-component---newResourceUnit--TYPE-inner\"]"}
COMMAND: POST /session/ea2377afc02bbf13296b49c868bb39bc/element/f.E22896224DAB0D107D3E889F8C0ECED7.d.1673445319CB00A47126C5EEC9BCE84D.e.17256/clear - {}
RESULT: {}
RESULT: {}
COMMAND: POST /session/ea2377afc02bbf13296b49c868bb39bc/element/f.E22896224DAB0D107D3E889F8C0ECED7.d.1673445319CB00A47126C5EEC9BCE84D.e.17256/value - {"text":"Equipment"}
COMMAND: GET /session/ea2377afc02bbf13296b49c868bb39bc/screenshot - {}
RESULT: {"text":"Equipment"}
COMMAND: GET /session/ea2377afc02bbf13296b49c868bb39bc/screenshot - {}
RESULT: {}
RESULT: {}
COMMAND: POST /session/ea2377afc02bbf13296b49c868bb39bc/actions - {"actions":[{"id":"action61","type":"key","parameters":{},"actions":[{"type":"keyDown","value":"î€‡"},{"type":"pause","duration":10},{"type":"keyUp","value":"î€‡"}]}]}
RESULT: {"actions":[{"id":"action61","type":"key","parameters":{},"actions":[{"type":"keyDown","value":"î€‡"},{"type":"pause","duration":10},{"type":"keyUp","value":"î€‡"}]}]}
COMMAND: POST /session/ea2377afc02bbf13296b49c868bb39bc/execute/async - {"script":"<script> [1562 bytes]","args":[{"selector":{"id":"application-manageresources-display-component---newResourceUnit--resourceId","interaction":{"idSuffix":"inner"}},"wdio_ui5_key":"applicationmanageresources-display-component---newResourceUnit--resourceId"}]}
COMMAND: GET /session/ea2377afc02bbf13296b49c868bb39bc/screenshot - {}
RESULT: {"script":"<script> [1562 bytes]","args":[{"selector":{"id":"application-manageresources-display-component---newResourceUnit--resourceId","interaction":{"idSuffix":"inner"}},"wdio_ui5_key":"applicationmanageresources-display-component---newResourceUnit--resourceId"}]}
RESULT: undefined
COMMAND: POST /session/ea2377afc02bbf13296b49c868bb39bc/execute/async - {"script":"<script> [776 bytes]","args":[{"enterText":"Ha1uJvNlgk","selector":{"id":"application-manageresources-display-component---newResourceUnit--resourceId","interaction":{"idSuffix":"inner"}},"clearTextFirst":true,"interactionType":"ENTER_TEXT"}]}
RESULT: {}
RESULT: {"script":"<script> [776 bytes]","args":[{"enterText":"Ha1uJvNlgk","selector":{"id":"application-manageresources-display-component---newResourceUnit--resourceId","interaction":{"idSuffix":"inner"}},"clearTextFirst":true,"interactionType":"ENTER_TEXT"}]}
COMMAND: POST /session/ea2377afc02bbf13296b49c868bb39bc/execute/async - {"script":"<script> [1562 bytes]","args":[{"selector":{"id":"application-manageresources-display-component---newResourceUnit--SHORT_TEXT","interaction":{"idSuffix":"inner"}},"wdio_ui5_key":"applicationmanageresources-display-component---newResourceUnit--SHORT_TEXT"}]}
RESULT: {"script":"<script> [1562 bytes]","args":[{"selector":{"id":"application-manageresources-display-component---newResourceUnit--SHORT_TEXT","interaction":{"idSuffix":"inner"}},"wdio_ui5_key":"applicationmanageresources-display-component---newResourceUnit--SHORT_TEXT"}]}
RESULT: undefined
COMMAND: POST /session/ea2377afc02bbf13296b49c868bb39bc/execute/async - {"script":"<script> [776 bytes]","args":[{"enterText":"Intercompany Equipment WDIO","selector":{"id":"application-manageresources-display-component---newResourceUnit--SHORT_TEXT","interaction":{"idSuffix":"inner"}},"clearTextFirst":true,"interactionType":"ENTER_TEXT"}]}
RESULT: {"script":"<script> [776 bytes]","args":[{"enterText":"Intercompany Equipment WDIO","selector":{"id":"application-manageresources-display-component---newResourceUnit--SHORT_TEXT","interaction":{"idSuffix":"inner"}},"clearTextFirst":true,"interactionType":"ENTER_TEXT"}]}
COMMAND: POST /session/ea2377afc02bbf13296b49c868bb39bc/execute/async - {"script":"<script> [1562 bytes]","args":[{"selector":{"id":"application-manageresources-display-component---newResourceUnit--BASE_UNIT_OF_MEASURE","interaction":{"idSuffix":"inner"}},"wdio_ui5_key":"applicationmanageresources-display-component---newResourceUnit--BASE_UNIT_OF_MEASURE"}]}
RESULT: {"script":"<script> [1562 bytes]","args":[{"selector":{"id":"application-manageresources-display-component---newResourceUnit--BASE_UNIT_OF_MEASURE","interaction":{"idSuffix":"inner"}},"wdio_ui5_key":"applicationmanageresources-display-component---newResourceUnit--BASE_UNIT_OF_MEASURE"}]}
RESULT: undefined
COMMAND: POST /session/ea2377afc02bbf13296b49c868bb39bc/execute/async - {"script":"<script> [776 bytes]","args":[{"enterText":"Piece","selector":{"id":"application-manageresources-display-component---newResourceUnit--BASE_UNIT_OF_MEASURE","interaction":{"idSuffix":"inner"}},"clearTextFirst":true,"interactionType":"ENTER_TEXT"}]}
RESULT: {"script":"<script> [776 bytes]","args":[{"enterText":"Piece","selector":{"id":"application-manageresources-display-component---newResourceUnit--BASE_UNIT_OF_MEASURE","interaction":{"idSuffix":"inner"}},"clearTextFirst":true,"interactionType":"ENTER_TEXT"}]}
COMMAND: POST /session/ea2377afc02bbf13296b49c868bb39bc/execute/async - {"script":"<script> [1562 bytes]","args":[{"selector":{"id":"application-manageresources-display-component---newResourceUnit--WEIGHT_UNIT","interaction":{"idSuffix":"inner"}},"wdio_ui5_key":"applicationmanageresources-display-component---newResourceUnit--WEIGHT_UNIT"}]}
RESULT: {"script":"<script> [1562 bytes]","args":[{"selector":{"id":"application-manageresources-display-component---newResourceUnit--WEIGHT_UNIT","interaction":{"idSuffix":"inner"}},"wdio_ui5_key":"applicationmanageresources-display-component---newResourceUnit--WEIGHT_UNIT"}]}
RESULT: undefined
COMMAND: POST /session/ea2377afc02bbf13296b49c868bb39bc/execute/async - {"script":"<script> [776 bytes]","args":[{"enterText":"Gram","selector":{"id":"application-manageresources-display-component---newResourceUnit--WEIGHT_UNIT","interaction":{"idSuffix":"inner"}},"clearTextFirst":true,"interactionType":"ENTER_TEXT"}]}
RESULT: {"script":"<script> [776 bytes]","args":[{"enterText":"Gram","selector":{"id":"application-manageresources-display-component---newResourceUnit--WEIGHT_UNIT","interaction":{"idSuffix":"inner"}},"clearTextFirst":true,"interactionType":"ENTER_TEXT"}]}
COMMAND: POST /session/ea2377afc02bbf13296b49c868bb39bc/execute/async - {"script":"<script> [1562 bytes]","args":[{"selector":{"id":"application-manageresources-display-component---newResourceUnit--DIMENSION_UNIT","interaction":{"idSuffix":"inner"}},"wdio_ui5_key":"applicationmanageresources-display-component---newResourceUnit--DIMENSION_UNIT"}]}
RESULT: {"script":"<script> [1562 bytes]","args":[{"selector":{"id":"application-manageresources-display-component---newResourceUnit--DIMENSION_UNIT","interaction":{"idSuffix":"inner"}},"wdio_ui5_key":"applicationmanageresources-display-component---newResourceUnit--DIMENSION_UNIT"}]}
RESULT: undefined
COMMAND: POST /session/ea2377afc02bbf13296b49c868bb39bc/execute/async - {"script":"<script> [776 bytes]","args":[{"enterText":"Meter","selector":{"id":"application-manageresources-display-component---newResourceUnit--DIMENSION_UNIT","interaction":{"idSuffix":"inner"}},"clearTextFirst":true,"interactionType":"ENTER_TEXT"}]}
RESULT: {"script":"<script> [776 bytes]","args":[{"enterText":"Meter","selector":{"id":"application-manageresources-display-component---newResourceUnit--DIMENSION_UNIT","interaction":{"idSuffix":"inner"}},"clearTextFirst":true,"interactionType":"ENTER_TEXT"}]}
COMMAND: POST /session/ea2377afc02bbf13296b49c868bb39bc/execute/async - {"script":"<script> [1562 bytes]","args":[{"selector":{"id":"application-manageresources-display-component---newResourceUnit--newRRUPage-anchBar-application-manageresources-display-component---newResourceUnit--control-anchor","interaction":{"idSuffix":"BDI-content"}},"wdio_ui5_key":"applicationmanageresources-display-component---newResourceUnit--newRRUPage-anchBar-application-manageresources-display-component---newResourceUnit--control-anchor"}]}
RESULT: {"script":"<script> [1562 bytes]","args":[{"selector":{"id":"application-manageresources-display-component---newResourceUnit--newRRUPage-anchBar-application-manageresources-display-component---newResourceUnit--control-anchor","interaction":{"idSuffix":"BDI-content"}},"wdio_ui5_key":"applicationmanageresources-display-component---newResourceUnit--newRRUPage-anchBar-application-manageresources-display-component---newResourceUnit--control-anchor"}]}
RESULT: undefined
COMMAND: POST /session/ea2377afc02bbf13296b49c868bb39bc/element - {"using":"xpath","value":"//*[@id=\"application-manageresources-display-component---newResourceUnit--newRRUPage-anchBar-application-manageresources-display-component---newResourceUnit--control-anchor\"]"}
RESULT: {"using":"xpath","value":"//*[@id=\"application-manageresources-display-component---newResourceUnit--newRRUPage-anchBar-application-manageresources-display-component---newResourceUnit--control-anchor\"]"}
COMMAND: POST /session/ea2377afc02bbf13296b49c868bb39bc/element/f.E22896224DAB0D107D3E889F8C0ECED7.d.1673445319CB00A47126C5EEC9BCE84D.e.17394/click - {}
RESULT: {}
COMMAND: POST /session/ea2377afc02bbf13296b49c868bb39bc/execute/async - {"script":"<script> [1562 bytes]","args":[{"selector":{"id":"application-manageresources-display-component---newResourceUnit--PLANNING_GROUP","interaction":{"idSuffix":"inner"}},"wdio_ui5_key":"applicationmanageresources-display-component---newResourceUnit--PLANNING_GROUP"}]}
COMMAND: GET /session/ea2377afc02bbf13296b49c868bb39bc/screenshot - {}
RESULT: {"script":"<script> [1562 bytes]","args":[{"selector":{"id":"application-manageresources-display-component---newResourceUnit--PLANNING_GROUP","interaction":{"idSuffix":"inner"}},"wdio_ui5_key":"applicationmanageresources-display-component---newResourceUnit--PLANNING_GROUP"}]}
RESULT: undefined
COMMAND: POST /session/ea2377afc02bbf13296b49c868bb39bc/execute/async - {"script":"<script> [776 bytes]","args":[{"enterText":"Heavy Equi","selector":{"id":"application-manageresources-display-component---newResourceUnit--PLANNING_GROUP","interaction":{"idSuffix":"inner"}},"clearTextFirst":true,"interactionType":"ENTER_TEXT"}]}
RESULT: {}
RESULT: {"script":"<script> [776 bytes]","args":[{"enterText":"Heavy Equi","selector":{"id":"application-manageresources-display-component---newResourceUnit--PLANNING_GROUP","interaction":{"idSuffix":"inner"}},"clearTextFirst":true,"interactionType":"ENTER_TEXT"}]}
COMMAND: POST /session/ea2377afc02bbf13296b49c868bb39bc/execute/async - {"script":"<script> [1562 bytes]","args":[{"selector":{"id":"application-manageresources-display-component---newResourceUnit--ITEM_TYPE-arrow"},"wdio_ui5_key":"applicationmanageresources-display-component---newResourceUnit--ITEM_TYPE-arrow"}]}
RESULT: {"script":"<script> [1562 bytes]","args":[{"selector":{"id":"application-manageresources-display-component---newResourceUnit--ITEM_TYPE-arrow"},"wdio_ui5_key":"applicationmanageresources-display-component---newResourceUnit--ITEM_TYPE-arrow"}]}
RESULT: undefined
COMMAND: POST /session/ea2377afc02bbf13296b49c868bb39bc/element - {"using":"xpath","value":"//*[@id=\"application-manageresources-display-component---newResourceUnit--ITEM_TYPE-arrow\"]"}
RESULT: {"using":"xpath","value":"//*[@id=\"application-manageresources-display-component---newResourceUnit--ITEM_TYPE-arrow\"]"}
COMMAND: POST /session/ea2377afc02bbf13296b49c868bb39bc/element/f.E22896224DAB0D107D3E889F8C0ECED7.d.1673445319CB00A47126C5EEC9BCE84D.e.17401/click - {}
RESULT: {}
COMMAND: POST /session/ea2377afc02bbf13296b49c868bb39bc/element - {"using":"xpath","value":"(//span[contains(text(), \"Resource Unit\")])[2]"}
COMMAND: GET /session/ea2377afc02bbf13296b49c868bb39bc/screenshot - {}
RESULT: {"using":"xpath","value":"(//span[contains(text(), \"Resource Unit\")])[2]"}
COMMAND: POST /session/ea2377afc02bbf13296b49c868bb39bc/element/f.E22896224DAB0D107D3E889F8C0ECED7.d.1673445319CB00A47126C5EEC9BCE84D.e.17402/click - {}
RESULT: {}
RESULT: {}
COMMAND: GET /session/ea2377afc02bbf13296b49c868bb39bc/screenshot - {}
RESULT: {}
COMMAND: POST /session/ea2377afc02bbf13296b49c868bb39bc/element - {"using":"css selector","value":"#application-manageresources-display-component---newResourceUnit--btnAddTimeSegment"}
RESULT: {"using":"css selector","value":"#application-manageresources-display-component---newResourceUnit--btnAddTimeSegment"}
COMMAND: GET /session/ea2377afc02bbf13296b49c868bb39bc/element/f.E22896224DAB0D107D3E889F8C0ECED7.d.1673445319CB00A47126C5EEC9BCE84D.e.17403/rect - {}
RESULT: {}
COMMAND: GET /session/ea2377afc02bbf13296b49c868bb39bc/window/rect - {}
RESULT: {}
COMMAND: POST /session/ea2377afc02bbf13296b49c868bb39bc/execute/sync - {"script":"<script> [92 bytes]","args":[]}
RESULT: {"script":"<script> [92 bytes]","args":[]}
COMMAND: POST /session/ea2377afc02bbf13296b49c868bb39bc/actions - {"actions":[{"id":"action62","type":"wheel","parameters":{},"actions":[{"type":"scroll","x":-1888,"y":-32,"deltaX":0,"deltaY":0,"duration":0,"origin":{"element-6066-11e4-a52e-4f735466cecf":"f.E22896224DAB0D107D3E889F8C0ECED7.d.1673445319CB00A47126C5EEC9BCE84D.e.17403"}}]}]}
COMMAND: GET /session/ea2377afc02bbf13296b49c868bb39bc/screenshot - {}
RESULT: {}
COMMAND: POST /session/ea2377afc02bbf13296b49c868bb39bc/execute/sync - {"script":"<script> [79 bytes]","args":[{"element-6066-11e4-a52e-4f735466cecf":"f.E22896224DAB0D107D3E889F8C0ECED7.d.1673445319CB00A47126C5EEC9BCE84D.e.17403","ELEMENT":"f.E22896224DAB0D107D3E889F8C0ECED7.d.1673445319CB00A47126C5EEC9BCE84D.e.17403"},{"block":"start","inline":"nearest"}]}
RESULT: {"script":"<script> [79 bytes]","args":[{"element-6066-11e4-a52e-4f735466cecf":"f.E22896224DAB0D107D3E889F8C0ECED7.d.1673445319CB00A47126C5EEC9BCE84D.e.17403","ELEMENT":"f.E22896224DAB0D107D3E889F8C0ECED7.d.1673445319CB00A47126C5EEC9BCE84D.e.17403"},{"block":"start","inline":"nearest"}]}
COMMAND: POST /session/ea2377afc02bbf13296b49c868bb39bc/execute/async - {"script":"<script> [1562 bytes]","args":[{"selector":{"id":"application-manageresources-display-component---newResourceUnit--btnAddTimeSegment","interaction":{"idSuffix":"inner"}},"wdio_ui5_key":"applicationmanageresources-display-component---newResourceUnit--btnAddTimeSegment"}]}
COMMAND: GET /session/ea2377afc02bbf13296b49c868bb39bc/screenshot - {}
RESULT: {"script":"<script> [1562 bytes]","args":[{"selector":{"id":"application-manageresources-display-component---newResourceUnit--btnAddTimeSegment","interaction":{"idSuffix":"inner"}},"wdio_ui5_key":"applicationmanageresources-display-component---newResourceUnit--btnAddTimeSegment"}]}
RESULT: undefined
COMMAND: POST /session/ea2377afc02bbf13296b49c868bb39bc/element - {"using":"xpath","value":"//*[@id=\"application-manageresources-display-component---newResourceUnit--btnAddTimeSegment\"]"}
RESULT: {}
RESULT: {"using":"xpath","value":"//*[@id=\"application-manageresources-display-component---newResourceUnit--btnAddTimeSegment\"]"}
COMMAND: POST /session/ea2377afc02bbf13296b49c868bb39bc/element/f.E22896224DAB0D107D3E889F8C0ECED7.d.1673445319CB00A47126C5EEC9BCE84D.e.17403/click - {}
RESULT: {}
COMMAND: GET /session/ea2377afc02bbf13296b49c868bb39bc/screenshot - {}
RESULT: {}
COMMAND: POST /session/ea2377afc02bbf13296b49c868bb39bc/element - {"using":"xpath","value":"//input[@id=\"application-manageresources-display-component---newResourceUnit--idRuTSAdmin-application-manageresources-display-component---newResourceUnit--RUTimeSegment-0-inner\"]"}
RESULT: {"using":"xpath","value":"//input[@id=\"application-manageresources-display-component---newResourceUnit--idRuTSAdmin-application-manageresources-display-component---newResourceUnit--RUTimeSegment-0-inner\"]"}
COMMAND: POST /session/ea2377afc02bbf13296b49c868bb39bc/element/f.E22896224DAB0D107D3E889F8C0ECED7.d.1673445319CB00A47126C5EEC9BCE84D.e.17409/clear - {}
RESULT: {}
COMMAND: POST /session/ea2377afc02bbf13296b49c868bb39bc/element/f.E22896224DAB0D107D3E889F8C0ECED7.d.1673445319CB00A47126C5EEC9BCE84D.e.17409/value - {"text":"576"}
COMMAND: GET /session/ea2377afc02bbf13296b49c868bb39bc/screenshot - {}
RESULT: {"text":"576"}
COMMAND: GET /session/ea2377afc02bbf13296b49c868bb39bc/screenshot - {}
RESULT: {}
RESULT: {}
COMMAND: POST /session/ea2377afc02bbf13296b49c868bb39bc/element - {"using":"xpath","value":"//li[.//span[text()='576']]"}
RESULT: {"using":"xpath","value":"//li[.//span[text()='576']]"}
COMMAND: POST /session/ea2377afc02bbf13296b49c868bb39bc/element/f.E22896224DAB0D107D3E889F8C0ECED7.d.1673445319CB00A47126C5EEC9BCE84D.e.17423/click - {}
RESULT: {}
COMMAND: GET /session/ea2377afc02bbf13296b49c868bb39bc/screenshot - {}
RESULT: {}
COMMAND: POST /session/ea2377afc02bbf13296b49c868bb39bc/element - {"using":"xpath","value":"(//span[contains(@id, \"-application-manageresources-display-component---newResourceUnit--RUTimeSegment-0-arrow\")])[6]"}
RESULT: {"using":"xpath","value":"(//span[contains(@id, \"-application-manageresources-display-component---newResourceUnit--RUTimeSegment-0-arrow\")])[6]"}
COMMAND: POST /session/ea2377afc02bbf13296b49c868bb39bc/element/f.E22896224DAB0D107D3E889F8C0ECED7.d.1673445319CB00A47126C5EEC9BCE84D.e.17424/click - {}
RESULT: {}
COMMAND: GET /session/ea2377afc02bbf13296b49c868bb39bc/screenshot - {}
RESULT: {}
COMMAND: POST /session/ea2377afc02bbf13296b49c868bb39bc/element - {"using":"xpath","value":"//span[contains(text(), \"PM Order\")]"}
RESULT: {"using":"xpath","value":"//span[contains(text(), \"PM Order\")]"}
COMMAND: POST /session/ea2377afc02bbf13296b49c868bb39bc/element/f.E22896224DAB0D107D3E889F8C0ECED7.d.1673445319CB00A47126C5EEC9BCE84D.e.17427/click - {}
RESULT: {}
COMMAND: GET /session/ea2377afc02bbf13296b49c868bb39bc/screenshot - {}
RESULT: {}
COMMAND: POST /session/ea2377afc02bbf13296b49c868bb39bc/element - {"using":"xpath","value":"(//span[contains(@id ,\"manageresources-display-component---newResourceUnit--RUTimeSegment-0-vhi\")])[1]"}
RESULT: {"using":"xpath","value":"(//span[contains(@id ,\"manageresources-display-component---newResourceUnit--RUTimeSegment-0-vhi\")])[1]"}
COMMAND: GET /session/ea2377afc02bbf13296b49c868bb39bc/element/f.E22896224DAB0D107D3E889F8C0ECED7.d.1673445319CB00A47126C5EEC9BCE84D.e.17431/rect - {}
RESULT: {}
COMMAND: GET /session/ea2377afc02bbf13296b49c868bb39bc/window/rect - {}
RESULT: {}
COMMAND: POST /session/ea2377afc02bbf13296b49c868bb39bc/execute/sync - {"script":"<script> [92 bytes]","args":[]}
RESULT: {"script":"<script> [92 bytes]","args":[]}
COMMAND: POST /session/ea2377afc02bbf13296b49c868bb39bc/actions - {"actions":[{"id":"action63","type":"wheel","parameters":{},"actions":[{"type":"scroll","x":-869,"y":-24,"deltaX":0,"deltaY":0,"duration":0,"origin":{"element-6066-11e4-a52e-4f735466cecf":"f.E22896224DAB0D107D3E889F8C0ECED7.d.1673445319CB00A47126C5EEC9BCE84D.e.17431"}}]}]}
COMMAND: GET /session/ea2377afc02bbf13296b49c868bb39bc/screenshot - {}
RESULT: {"actions":[{"id":"action63","type":"wheel","parameters":{},"actions":[{"type":"scroll","x":-869,"y":-24,"deltaX":0,"deltaY":0,"duration":0,"origin":{"element-6066-11e4-a52e-4f735466cecf":"f.E22896224DAB0D107D3E889F8C0ECED7.d.1673445319CB00A47126C5EEC9BCE84D.e.17431"}}]}]}
COMMAND: DELETE /session/ea2377afc02bbf13296b49c868bb39bc/actions - {}
COMMAND: GET /session/ea2377afc02bbf13296b49c868bb39bc/screenshot - {}
RESULT: {}
RESULT: {}
COMMAND: GET /session/ea2377afc02bbf13296b49c868bb39bc/screenshot - {}
RESULT: {}
RESULT: {}
COMMAND: POST /session/ea2377afc02bbf13296b49c868bb39bc/element/f.E22896224DAB0D107D3E889F8C0ECED7.d.1673445319CB00A47126C5EEC9BCE84D.e.17431/click - {}
RESULT: {}
COMMAND: GET /session/ea2377afc02bbf13296b49c868bb39bc/screenshot - {}
RESULT: {}
COMMAND: POST /session/ea2377afc02bbf13296b49c868bb39bc/execute/async - {"script":"<script> [1562 bytes]","args":[{"selector":{"controlType":"sap.m.SearchField","properties":{"placeholder":"Search"},"searchOpenDialogs":true,"interaction":{"idSuffix":"I"}},"wdio_ui5_key":"sapm.SearchField{\"placeholder\":\"Search\"}"}]}
RESULT: {"script":"<script> [1562 bytes]","args":[{"selector":{"controlType":"sap.m.SearchField","properties":{"placeholder":"Search"},"searchOpenDialogs":true,"interaction":{"idSuffix":"I"}},"wdio_ui5_key":"sapm.SearchField{\"placeholder\":\"Search\"}"}]}
RESULT: undefined
COMMAND: POST /session/ea2377afc02bbf13296b49c868bb39bc/execute/async - {"script":"<script> [776 bytes]","args":[{"enterText":"4000360","selector":{"controlType":"sap.m.SearchField","properties":{"placeholder":"Search"},"searchOpenDialogs":true,"interaction":{"idSuffix":"I"}},"clearTextFirst":true,"interactionType":"ENTER_TEXT"}]}
RESULT: {"script":"<script> [776 bytes]","args":[{"enterText":"4000360","selector":{"controlType":"sap.m.SearchField","properties":{"placeholder":"Search"},"searchOpenDialogs":true,"interaction":{"idSuffix":"I"}},"clearTextFirst":true,"interactionType":"ENTER_TEXT"}]}
COMMAND: POST /session/ea2377afc02bbf13296b49c868bb39bc/actions - {"actions":[{"id":"action64","type":"key","parameters":{},"actions":[{"type":"keyDown","value":"î€‡"},{"type":"pause","duration":10},{"type":"keyUp","value":"î€‡"}]}]}
RESULT: {"actions":[{"id":"action64","type":"key","parameters":{},"actions":[{"type":"keyDown","value":"î€‡"},{"type":"pause","duration":10},{"type":"keyUp","value":"î€‡"}]}]}
COMMAND: GET /session/ea2377afc02bbf13296b49c868bb39bc/screenshot - {}
RESULT: {}
COMMAND: POST /session/ea2377afc02bbf13296b49c868bb39bc/element - {"using":"xpath","value":"//td/div/span[contains(text(), \"BGL Vehicles\")]"}
RESULT: {"using":"xpath","value":"//td/div/span[contains(text(), \"BGL Vehicles\")]"}
COMMAND: POST /session/ea2377afc02bbf13296b49c868bb39bc/element/f.E22896224DAB0D107D3E889F8C0ECED7.d.1673445319CB00A47126C5EEC9BCE84D.e.17454/click - {}
RESULT: {}
COMMAND: GET /session/ea2377afc02bbf13296b49c868bb39bc/screenshot - {}
RESULT: {}
COMMAND: POST /session/ea2377afc02bbf13296b49c868bb39bc/element - {"using":"xpath","value":"//bdi[contains(text(), \"OK\")]"}
RESULT: {"using":"xpath","value":"//bdi[contains(text(), \"OK\")]"}
COMMAND: POST /session/ea2377afc02bbf13296b49c868bb39bc/element/f.E22896224DAB0D107D3E889F8C0ECED7.d.1673445319CB00A47126C5EEC9BCE84D.e.17455/click - {}
RESULT: {}
COMMAND: GET /session/ea2377afc02bbf13296b49c868bb39bc/screenshot - {}
RESULT: {}
COMMAND: POST /session/ea2377afc02bbf13296b49c868bb39bc/execute/async - {"script":"<script> [1562 bytes]","args":[{"selector":{"id":"application-manageresources-display-component---newResourceUnit--newRRUPage-anchBar-application-manageresources-display-component---newResourceUnit--resource-anchor","interaction":{"idSuffix":"BDI-content"}},"wdio_ui5_key":"applicationmanageresources-display-component---newResourceUnit--newRRUPage-anchBar-application-manageresources-display-component---newResourceUnit--resource-anchor"}]}
RESULT: {"script":"<script> [1562 bytes]","args":[{"selector":{"id":"application-manageresources-display-component---newResourceUnit--newRRUPage-anchBar-application-manageresources-display-component---newResourceUnit--resource-anchor","interaction":{"idSuffix":"BDI-content"}},"wdio_ui5_key":"applicationmanageresources-display-component---newResourceUnit--newRRUPage-anchBar-application-manageresources-display-component---newResourceUnit--resource-anchor"}]}
RESULT: undefined
COMMAND: POST /session/ea2377afc02bbf13296b49c868bb39bc/element - {"using":"xpath","value":"//*[@id=\"application-manageresources-display-component---newResourceUnit--newRRUPage-anchBar-application-manageresources-display-component---newResourceUnit--resource-anchor\"]"}
RESULT: {"using":"xpath","value":"//*[@id=\"application-manageresources-display-component---newResourceUnit--newRRUPage-anchBar-application-manageresources-display-component---newResourceUnit--resource-anchor\"]"}
COMMAND: POST /session/ea2377afc02bbf13296b49c868bb39bc/element/f.E22896224DAB0D107D3E889F8C0ECED7.d.1673445319CB00A47126C5EEC9BCE84D.e.17459/click - {}
RESULT: {}
COMMAND: POST /session/ea2377afc02bbf13296b49c868bb39bc/execute/async - {"script":"<script> [1562 bytes]","args":[{"selector":{"id":"application-manageresources-display-component---newResourceUnit--PLANNED_DELIVERY_DATE","interaction":{"idSuffix":"inner"}},"wdio_ui5_key":"applicationmanageresources-display-component---newResourceUnit--PLANNED_DELIVERY_DATE"}]}
COMMAND: GET /session/ea2377afc02bbf13296b49c868bb39bc/screenshot - {}
RESULT: {"script":"<script> [1562 bytes]","args":[{"selector":{"id":"application-manageresources-display-component---newResourceUnit--PLANNED_DELIVERY_DATE","interaction":{"idSuffix":"inner"}},"wdio_ui5_key":"applicationmanageresources-display-component---newResourceUnit--PLANNED_DELIVERY_DATE"}]}
RESULT: undefined
COMMAND: POST /session/ea2377afc02bbf13296b49c868bb39bc/execute/async - {"script":"<script> [6424 bytes]","args":[{"element-6066-11e4-a52e-4f735466cecf":"f.E22896224DAB0D107D3E889F8C0ECED7.d.1673445319CB00A47126C5EEC9BCE84D.e.17319"},"setValue",["5/20/25"]]}
RESULT: {}
RESULT: {"script":"<script> [6424 bytes]","args":[{"element-6066-11e4-a52e-4f735466cecf":"f.E22896224DAB0D107D3E889F8C0ECED7.d.1673445319CB00A47126C5EEC9BCE84D.e.17319"},"setValue",["5/20/25"]]}
COMMAND: POST /session/ea2377afc02bbf13296b49c868bb39bc/element - {"using":"xpath","value":"//label[contains(@class, 'sapMLabelRequired') and .//bdi[contains(text(), 'Planned Retirement')]]"}
RESULT: {"using":"xpath","value":"//label[contains(@class, 'sapMLabelRequired') and .//bdi[contains(text(), 'Planned Retirement')]]"}
COMMAND: POST /session/ea2377afc02bbf13296b49c868bb39bc/elements - {"using":"xpath","value":"//label[contains(@class, 'sapMLabelRequired') and .//bdi[contains(text(), 'Planned Retirement')]]"}
RESULT: {"using":"xpath","value":"//label[contains(@class, 'sapMLabelRequired') and .//bdi[contains(text(), 'Planned Retirement')]]"}
COMMAND: POST /session/ea2377afc02bbf13296b49c868bb39bc/element - {"using":"xpath","value":"//button[@data-kt=\"resourceUnitSaveButton\"]"}
RESULT: {"using":"xpath","value":"//button[@data-kt=\"resourceUnitSaveButton\"]"}
COMMAND: POST /session/ea2377afc02bbf13296b49c868bb39bc/element/f.E22896224DAB0D107D3E889F8C0ECED7.d.1673445319CB00A47126C5EEC9BCE84D.e.17279/click - {}
RESULT: {}
COMMAND: GET /session/ea2377afc02bbf13296b49c868bb39bc/screenshot - {}
RESULT: {}
COMMAND: POST /session/ea2377afc02bbf13296b49c868bb39bc/element - {"using":"xpath","value":"//bdi[contains(text(), \"Close\")]"}
RESULT: {"using":"xpath","value":"//bdi[contains(text(), \"Close\")]"}
COMMAND: POST /session/ea2377afc02bbf13296b49c868bb39bc/element/f.E22896224DAB0D107D3E889F8C0ECED7.d.1673445319CB00A47126C5EEC9BCE84D.e.17467/click - {}
RESULT: {}
COMMAND: GET /session/ea2377afc02bbf13296b49c868bb39bc/screenshot - {}
RESULT: {}
COMMAND: POST /session/ea2377afc02bbf13296b49c868bb39bc/element - {"using":"xpath","value":"(//button[contains(@id ,\"actionsToolbar-overflowButton\")])[1]"}
RESULT: {"using":"xpath","value":"(//button[contains(@id ,\"actionsToolbar-overflowButton\")])[1]"}
COMMAND: POST /session/ea2377afc02bbf13296b49c868bb39bc/element/f.E22896224DAB0D107D3E889F8C0ECED7.d.1673445319CB00A47126C5EEC9BCE84D.e.17499/click - {}
RESULT: {}
COMMAND: GET /session/ea2377afc02bbf13296b49c868bb39bc/screenshot - {}
RESULT: {}
COMMAND: POST /session/ea2377afc02bbf13296b49c868bb39bc/element - {"using":"xpath","value":"//button[@data-kt=\"priceInfoButton\"]"}
RESULT: {"using":"xpath","value":"//button[@data-kt=\"priceInfoButton\"]"}
COMMAND: POST /session/ea2377afc02bbf13296b49c868bb39bc/element/f.E22896224DAB0D107D3E889F8C0ECED7.d.1673445319CB00A47126C5EEC9BCE84D.e.17501/click - {}
RESULT: {}
COMMAND: GET /session/ea2377afc02bbf13296b49c868bb39bc/screenshot - {}
RESULT: {}
]]></system-out>
    </testcase>
    <testcase classname="chrome.136_0_7103_93.windows.Create_Reverse_Billing_US127248" name="Should create a pricing procedure" time="56.537">
      <system-out><![CDATA[
COMMAND: POST /session/ea2377afc02bbf13296b49c868bb39bc/element - {"using":"xpath","value":"//button[@data-kt=\"addButton\"]"}
RESULT: {"using":"xpath","value":"//button[@data-kt=\"addButton\"]"}
COMMAND: POST /session/ea2377afc02bbf13296b49c868bb39bc/elements - {"using":"xpath","value":"//button[@data-kt=\"addButton\"]"}
RESULT: {"using":"xpath","value":"//button[@data-kt=\"addButton\"]"}
COMMAND: POST /session/ea2377afc02bbf13296b49c868bb39bc/elements - {"using":"xpath","value":"//button[@data-kt=\"addButton\"]"}
RESULT: {"using":"xpath","value":"//button[@data-kt=\"addButton\"]"}
COMMAND: POST /session/ea2377afc02bbf13296b49c868bb39bc/element - {"using":"xpath","value":"//button[@data-kt=\"addButton\"]"}
RESULT: {"using":"xpath","value":"//button[@data-kt=\"addButton\"]"}
COMMAND: POST /session/ea2377afc02bbf13296b49c868bb39bc/execute/sync - {"script":"<script> [8489 bytes]","args":[{"element-6066-11e4-a52e-4f735466cecf":"f.E22896224DAB0D107D3E889F8C0ECED7.d.1673445319CB00A47126C5EEC9BCE84D.e.17537","ELEMENT":"f.E22896224DAB0D107D3E889F8C0ECED7.d.1673445319CB00A47126C5EEC9BCE84D.e.17537"}]}
RESULT: {"script":"<script> [8489 bytes]","args":[{"element-6066-11e4-a52e-4f735466cecf":"f.E22896224DAB0D107D3E889F8C0ECED7.d.1673445319CB00A47126C5EEC9BCE84D.e.17537","ELEMENT":"f.E22896224DAB0D107D3E889F8C0ECED7.d.1673445319CB00A47126C5EEC9BCE84D.e.17537"}]}
COMMAND: GET /session/ea2377afc02bbf13296b49c868bb39bc/element/f.E22896224DAB0D107D3E889F8C0ECED7.d.1673445319CB00A47126C5EEC9BCE84D.e.17537/enabled - {}
COMMAND: GET /session/ea2377afc02bbf13296b49c868bb39bc/screenshot - {}
RESULT: {}
COMMAND: POST /session/ea2377afc02bbf13296b49c868bb39bc/execute/sync - {"script":"<script> [8489 bytes]","args":[{"element-6066-11e4-a52e-4f735466cecf":"f.E22896224DAB0D107D3E889F8C0ECED7.d.1673445319CB00A47126C5EEC9BCE84D.e.17537","ELEMENT":"f.E22896224DAB0D107D3E889F8C0ECED7.d.1673445319CB00A47126C5EEC9BCE84D.e.17537"}]}
COMMAND: GET /session/ea2377afc02bbf13296b49c868bb39bc/screenshot - {}
RESULT: {}
RESULT: {"script":"<script> [8489 bytes]","args":[{"element-6066-11e4-a52e-4f735466cecf":"f.E22896224DAB0D107D3E889F8C0ECED7.d.1673445319CB00A47126C5EEC9BCE84D.e.17537","ELEMENT":"f.E22896224DAB0D107D3E889F8C0ECED7.d.1673445319CB00A47126C5EEC9BCE84D.e.17537"}]}
COMMAND: POST /session/ea2377afc02bbf13296b49c868bb39bc/execute/sync - {"script":"<script> [5351 bytes]","args":[{"element-6066-11e4-a52e-4f735466cecf":"f.E22896224DAB0D107D3E889F8C0ECED7.d.1673445319CB00A47126C5EEC9BCE84D.e.17537","ELEMENT":"f.E22896224DAB0D107D3E889F8C0ECED7.d.1673445319CB00A47126C5EEC9BCE84D.e.17537"}]}
COMMAND: GET /session/ea2377afc02bbf13296b49c868bb39bc/screenshot - {}
RESULT: {}
RESULT: {"script":"<script> [5351 bytes]","args":[{"element-6066-11e4-a52e-4f735466cecf":"f.E22896224DAB0D107D3E889F8C0ECED7.d.1673445319CB00A47126C5EEC9BCE84D.e.17537","ELEMENT":"f.E22896224DAB0D107D3E889F8C0ECED7.d.1673445319CB00A47126C5EEC9BCE84D.e.17537"}]}
COMMAND: POST /session/ea2377afc02bbf13296b49c868bb39bc/element/f.E22896224DAB0D107D3E889F8C0ECED7.d.1673445319CB00A47126C5EEC9BCE84D.e.17537/click - {}
COMMAND: GET /session/ea2377afc02bbf13296b49c868bb39bc/screenshot - {}
RESULT: {}
RESULT: {}
COMMAND: GET /session/ea2377afc02bbf13296b49c868bb39bc/screenshot - {}
RESULT: {}
RESULT: {}
COMMAND: POST /session/ea2377afc02bbf13296b49c868bb39bc/execute/async - {"script":"<script> [1562 bytes]","args":[{"selector":{"controlType":"sap.m.Title","viewName":"etm.portal.ui.managepricingrules.view.NewItem","viewId":"application-managepricingrules-display-component---newInfoPriceItem","properties":{"text":"New Pricing Rules - Item Level"}},"wdio_ui5_key":"etmportal.ui.managepricingrules.view.NewItemsap.m.Title{\"text\":\"New Pricing Rules - Item Level\"}"}]}
RESULT: {"script":"<script> [1562 bytes]","args":[{"selector":{"controlType":"sap.m.Title","viewName":"etm.portal.ui.managepricingrules.view.NewItem","viewId":"application-managepricingrules-display-component---newInfoPriceItem","properties":{"text":"New Pricing Rules - Item Level"}},"wdio_ui5_key":"etmportal.ui.managepricingrules.view.NewItemsap.m.Title{\"text\":\"New Pricing Rules - Item Level\"}"}]}
RESULT: undefined
COMMAND: POST /session/ea2377afc02bbf13296b49c868bb39bc/execute/async - {"script":"<script> [6424 bytes]","args":[{"element-6066-11e4-a52e-4f735466cecf":"f.E22896224DAB0D107D3E889F8C0ECED7.d.1673445319CB00A47126C5EEC9BCE84D.e.17612"},"getText",[]]}
RESULT: {"script":"<script> [6424 bytes]","args":[{"element-6066-11e4-a52e-4f735466cecf":"f.E22896224DAB0D107D3E889F8C0ECED7.d.1673445319CB00A47126C5EEC9BCE84D.e.17612"},"getText",[]]}
COMMAND: POST /session/ea2377afc02bbf13296b49c868bb39bc/execute/async - {"script":"<script> [1562 bytes]","args":[{"selector":{"id":"application-managepricingrules-display-component---newInfoPriceItem--condValidTo","interaction":{"idSuffix":"inner"}},"wdio_ui5_key":"applicationmanagepricingrules-display-component---newInfoPriceItem--condValidTo"}]}
RESULT: {"script":"<script> [1562 bytes]","args":[{"selector":{"id":"application-managepricingrules-display-component---newInfoPriceItem--condValidTo","interaction":{"idSuffix":"inner"}},"wdio_ui5_key":"applicationmanagepricingrules-display-component---newInfoPriceItem--condValidTo"}]}
RESULT: undefined
COMMAND: POST /session/ea2377afc02bbf13296b49c868bb39bc/execute/async - {"script":"<script> [776 bytes]","args":[{"enterText":"1/20/26","selector":{"id":"application-managepricingrules-display-component---newInfoPriceItem--condValidTo","interaction":{"idSuffix":"inner"}},"clearTextFirst":true,"interactionType":"ENTER_TEXT"}]}
RESULT: {"script":"<script> [776 bytes]","args":[{"enterText":"1/20/26","selector":{"id":"application-managepricingrules-display-component---newInfoPriceItem--condValidTo","interaction":{"idSuffix":"inner"}},"clearTextFirst":true,"interactionType":"ENTER_TEXT"}]}
COMMAND: POST /session/ea2377afc02bbf13296b49c868bb39bc/execute/async - {"script":"<script> [1562 bytes]","args":[{"selector":{"id":"application-managepricingrules-display-component---newInfoPriceItem--billType-arrow"},"wdio_ui5_key":"applicationmanagepricingrules-display-component---newInfoPriceItem--billType-arrow"}]}
RESULT: {"script":"<script> [1562 bytes]","args":[{"selector":{"id":"application-managepricingrules-display-component---newInfoPriceItem--billType-arrow"},"wdio_ui5_key":"applicationmanagepricingrules-display-component---newInfoPriceItem--billType-arrow"}]}
RESULT: undefined
COMMAND: POST /session/ea2377afc02bbf13296b49c868bb39bc/element - {"using":"xpath","value":"//*[@id=\"application-managepricingrules-display-component---newInfoPriceItem--billType-arrow\"]"}
RESULT: {"using":"xpath","value":"//*[@id=\"application-managepricingrules-display-component---newInfoPriceItem--billType-arrow\"]"}
COMMAND: POST /session/ea2377afc02bbf13296b49c868bb39bc/element/f.E22896224DAB0D107D3E889F8C0ECED7.d.1673445319CB00A47126C5EEC9BCE84D.e.17669/click - {}
RESULT: {}
COMMAND: POST /session/ea2377afc02bbf13296b49c868bb39bc/element - {"using":"xpath","value":"//span[contains(text(), \"TB - Time based\")]"}
COMMAND: GET /session/ea2377afc02bbf13296b49c868bb39bc/screenshot - {}
RESULT: {"using":"xpath","value":"//span[contains(text(), \"TB - Time based\")]"}
COMMAND: POST /session/ea2377afc02bbf13296b49c868bb39bc/element/f.E22896224DAB0D107D3E889F8C0ECED7.d.1673445319CB00A47126C5EEC9BCE84D.e.17711/click - {}
RESULT: {}
RESULT: {}
COMMAND: POST /session/ea2377afc02bbf13296b49c868bb39bc/execute/async - {"script":"<script> [1562 bytes]","args":[{"selector":{"id":"application-managepricingrules-display-component---newInfoPriceItem--priceProc-arrow"},"wdio_ui5_key":"applicationmanagepricingrules-display-component---newInfoPriceItem--priceProc-arrow"}]}
COMMAND: GET /session/ea2377afc02bbf13296b49c868bb39bc/screenshot - {}
RESULT: {"script":"<script> [1562 bytes]","args":[{"selector":{"id":"application-managepricingrules-display-component---newInfoPriceItem--priceProc-arrow"},"wdio_ui5_key":"applicationmanagepricingrules-display-component---newInfoPriceItem--priceProc-arrow"}]}
RESULT: undefined
COMMAND: POST /session/ea2377afc02bbf13296b49c868bb39bc/element - {"using":"xpath","value":"//*[@id=\"application-managepricingrules-display-component---newInfoPriceItem--priceProc-arrow\"]"}
RESULT: {}
RESULT: {"using":"xpath","value":"//*[@id=\"application-managepricingrules-display-component---newInfoPriceItem--priceProc-arrow\"]"}
COMMAND: POST /session/ea2377afc02bbf13296b49c868bb39bc/element/f.E22896224DAB0D107D3E889F8C0ECED7.d.1673445319CB00A47126C5EEC9BCE84D.e.17676/click - {}
RESULT: {}
COMMAND: POST /session/ea2377afc02bbf13296b49c868bb39bc/element - {"using":"xpath","value":"//span[contains(text(), \"TBS - Time based standard\")]"}
COMMAND: GET /session/ea2377afc02bbf13296b49c868bb39bc/screenshot - {}
RESULT: {"using":"xpath","value":"//span[contains(text(), \"TBS - Time based standard\")]"}
COMMAND: POST /session/ea2377afc02bbf13296b49c868bb39bc/element/f.E22896224DAB0D107D3E889F8C0ECED7.d.1673445319CB00A47126C5EEC9BCE84D.e.17712/click - {}
RESULT: {}
RESULT: {}
COMMAND: POST /session/ea2377afc02bbf13296b49c868bb39bc/execute/async - {"script":"<script> [1562 bytes]","args":[{"selector":{"id":"application-managepricingrules-display-component---newInfoPriceItem--calcBase-arrow"},"wdio_ui5_key":"applicationmanagepricingrules-display-component---newInfoPriceItem--calcBase-arrow"}]}
COMMAND: GET /session/ea2377afc02bbf13296b49c868bb39bc/screenshot - {}
RESULT: {"script":"<script> [1562 bytes]","args":[{"selector":{"id":"application-managepricingrules-display-component---newInfoPriceItem--calcBase-arrow"},"wdio_ui5_key":"applicationmanagepricingrules-display-component---newInfoPriceItem--calcBase-arrow"}]}
RESULT: undefined
COMMAND: POST /session/ea2377afc02bbf13296b49c868bb39bc/element - {"using":"xpath","value":"//*[@id=\"application-managepricingrules-display-component---newInfoPriceItem--calcBase-arrow\"]"}
RESULT: {}
RESULT: {"using":"xpath","value":"//*[@id=\"application-managepricingrules-display-component---newInfoPriceItem--calcBase-arrow\"]"}
COMMAND: POST /session/ea2377afc02bbf13296b49c868bb39bc/element/f.E22896224DAB0D107D3E889F8C0ECED7.d.1673445319CB00A47126C5EEC9BCE84D.e.17683/click - {}
RESULT: {}
COMMAND: GET /session/ea2377afc02bbf13296b49c868bb39bc/screenshot - {}
RESULT: {}
COMMAND: POST /session/ea2377afc02bbf13296b49c868bb39bc/element - {"using":"xpath","value":"//span[contains(text(), \"0006 - TB(calendar days)\")]"}
RESULT: {"using":"xpath","value":"//span[contains(text(), \"0006 - TB(calendar days)\")]"}
COMMAND: POST /session/ea2377afc02bbf13296b49c868bb39bc/element/f.E22896224DAB0D107D3E889F8C0ECED7.d.1673445319CB00A47126C5EEC9BCE84D.e.17713/click - {}
RESULT: {}
COMMAND: GET /session/ea2377afc02bbf13296b49c868bb39bc/screenshot - {}
RESULT: {}
COMMAND: POST /session/ea2377afc02bbf13296b49c868bb39bc/execute/async - {"script":"<script> [1562 bytes]","args":[{"selector":{"id":"application-managepricingrules-display-component---newInfoPriceItem--daysMonth","interaction":{"idSuffix":"inner"}},"wdio_ui5_key":"applicationmanagepricingrules-display-component---newInfoPriceItem--daysMonth"}]}
RESULT: {"script":"<script> [1562 bytes]","args":[{"selector":{"id":"application-managepricingrules-display-component---newInfoPriceItem--daysMonth","interaction":{"idSuffix":"inner"}},"wdio_ui5_key":"applicationmanagepricingrules-display-component---newInfoPriceItem--daysMonth"}]}
RESULT: undefined
COMMAND: POST /session/ea2377afc02bbf13296b49c868bb39bc/execute/async - {"script":"<script> [776 bytes]","args":[{"enterText":"30","selector":{"id":"application-managepricingrules-display-component---newInfoPriceItem--daysMonth","interaction":{"idSuffix":"inner"}},"clearTextFirst":true,"interactionType":"ENTER_TEXT"}]}
RESULT: {"script":"<script> [776 bytes]","args":[{"enterText":"30","selector":{"id":"application-managepricingrules-display-component---newInfoPriceItem--daysMonth","interaction":{"idSuffix":"inner"}},"clearTextFirst":true,"interactionType":"ENTER_TEXT"}]}
COMMAND: POST /session/ea2377afc02bbf13296b49c868bb39bc/element - {"using":"xpath","value":"//button[@data-kt=\"saveNewRuleButton\"]"}
RESULT: {"using":"xpath","value":"//button[@data-kt=\"saveNewRuleButton\"]"}
COMMAND: POST /session/ea2377afc02bbf13296b49c868bb39bc/element/f.E22896224DAB0D107D3E889F8C0ECED7.d.1673445319CB00A47126C5EEC9BCE84D.e.17704/click - {}
RESULT: {}
COMMAND: GET /session/ea2377afc02bbf13296b49c868bb39bc/screenshot - {}
RESULT: {}
COMMAND: POST /session/ea2377afc02bbf13296b49c868bb39bc/execute/async - {"script":"<script> [1562 bytes]","args":[{"selector":{"id":"application-managepricingrules-display-component---priceInfoItem--smartFilterBar-btnBasicSearch","interaction":{"idSuffix":"I"}},"wdio_ui5_key":"applicationmanagepricingrules-display-component---priceInfoItem--smartFilterBar-btnBasicSearch"}]}
RESULT: {"script":"<script> [1562 bytes]","args":[{"selector":{"id":"application-managepricingrules-display-component---priceInfoItem--smartFilterBar-btnBasicSearch","interaction":{"idSuffix":"I"}},"wdio_ui5_key":"applicationmanagepricingrules-display-component---priceInfoItem--smartFilterBar-btnBasicSearch"}]}
RESULT: undefined
COMMAND: POST /session/ea2377afc02bbf13296b49c868bb39bc/execute/async - {"script":"<script> [776 bytes]","args":[{"enterText":"Ha1uJvNlgk","selector":{"id":"application-managepricingrules-display-component---priceInfoItem--smartFilterBar-btnBasicSearch","interaction":{"idSuffix":"I"}},"clearTextFirst":true,"interactionType":"ENTER_TEXT"}]}
RESULT: {"script":"<script> [776 bytes]","args":[{"enterText":"Ha1uJvNlgk","selector":{"id":"application-managepricingrules-display-component---priceInfoItem--smartFilterBar-btnBasicSearch","interaction":{"idSuffix":"I"}},"clearTextFirst":true,"interactionType":"ENTER_TEXT"}]}
COMMAND: POST /session/ea2377afc02bbf13296b49c868bb39bc/actions - {"actions":[{"id":"action65","type":"key","parameters":{},"actions":[{"type":"keyDown","value":"î€‡"},{"type":"pause","duration":10},{"type":"keyUp","value":"î€‡"}]}]}
RESULT: {"actions":[{"id":"action65","type":"key","parameters":{},"actions":[{"type":"keyDown","value":"î€‡"},{"type":"pause","duration":10},{"type":"keyUp","value":"î€‡"}]}]}
COMMAND: GET /session/ea2377afc02bbf13296b49c868bb39bc/screenshot - {}
RESULT: {}
COMMAND: POST /session/ea2377afc02bbf13296b49c868bb39bc/element - {"using":"xpath","value":"//span[@id=\"application-managepricingrules-display-component---priceInfoItem--smartTable-header-inner\"]"}
RESULT: {"using":"xpath","value":"//span[@id=\"application-managepricingrules-display-component---priceInfoItem--smartTable-header-inner\"]"}
COMMAND: POST /session/ea2377afc02bbf13296b49c868bb39bc/elements - {"using":"xpath","value":"//span[@id=\"application-managepricingrules-display-component---priceInfoItem--smartTable-header-inner\"]"}
RESULT: {"using":"xpath","value":"//span[@id=\"application-managepricingrules-display-component---priceInfoItem--smartTable-header-inner\"]"}
COMMAND: POST /session/ea2377afc02bbf13296b49c868bb39bc/execute/sync - {"script":"<script> [56 bytes]","args":[{"element-6066-11e4-a52e-4f735466cecf":"f.E22896224DAB0D107D3E889F8C0ECED7.d.1673445319CB00A47126C5EEC9BCE84D.e.17727","ELEMENT":"f.E22896224DAB0D107D3E889F8C0ECED7.d.1673445319CB00A47126C5EEC9BCE84D.e.17727"}]}
RESULT: {"script":"<script> [56 bytes]","args":[{"element-6066-11e4-a52e-4f735466cecf":"f.E22896224DAB0D107D3E889F8C0ECED7.d.1673445319CB00A47126C5EEC9BCE84D.e.17727","ELEMENT":"f.E22896224DAB0D107D3E889F8C0ECED7.d.1673445319CB00A47126C5EEC9BCE84D.e.17727"}]}
COMMAND: POST /session/ea2377afc02bbf13296b49c868bb39bc/element - {"using":"css selector","value":"#shell-header-logo"}
COMMAND: GET /session/ea2377afc02bbf13296b49c868bb39bc/screenshot - {}
RESULT: {"using":"css selector","value":"#shell-header-logo"}
COMMAND: POST /session/ea2377afc02bbf13296b49c868bb39bc/element/f.E22896224DAB0D107D3E889F8C0ECED7.d.1673445319CB00A47126C5EEC9BCE84D.e.16873/click - {}
RESULT: {}
RESULT: {}
COMMAND: GET /session/ea2377afc02bbf13296b49c868bb39bc/screenshot - {}
RESULT: {}
]]></system-out>
    </testcase>
    <testcase classname="chrome.136_0_7103_93.windows.Create_Reverse_Billing_US127248" name="Should manage conditions" time="74.977">
      <system-out><![CDATA[
COMMAND: POST /session/ea2377afc02bbf13296b49c868bb39bc/execute/async - {"script":"<script> [1562 bytes]","args":[{"selector":{"controlType":"sap.m.GenericTile","properties":{"header":"Manage Conditions & Prices"}},"wdio_ui5_key":"sapm.GenericTile{\"header\":\"Manage Conditions & Prices\"}"}]}
RESULT: {"script":"<script> [1562 bytes]","args":[{"selector":{"controlType":"sap.m.GenericTile","properties":{"header":"Manage Conditions & Prices"}},"wdio_ui5_key":"sapm.GenericTile{\"header\":\"Manage Conditions & Prices\"}"}]}
RESULT: undefined
COMMAND: POST /session/ea2377afc02bbf13296b49c868bb39bc/element - {"using":"xpath","value":"//*[@id=\"__tile53\"]"}
RESULT: {"using":"xpath","value":"//*[@id=\"__tile53\"]"}
COMMAND: POST /session/ea2377afc02bbf13296b49c868bb39bc/element/f.E22896224DAB0D107D3E889F8C0ECED7.d.1673445319CB00A47126C5EEC9BCE84D.e.16812/click - {}
RESULT: {}
COMMAND: GET /session/ea2377afc02bbf13296b49c868bb39bc/screenshot - {}
RESULT: {}
COMMAND: POST /session/ea2377afc02bbf13296b49c868bb39bc/elements - {"using":"xpath","value":"//span[text()='Error']"}
RESULT: {"using":"xpath","value":"//span[text()='Error']"}
COMMAND: POST /session/ea2377afc02bbf13296b49c868bb39bc/element - {"using":"xpath","value":"//button[@aria-label=\"Create\"]"}
RESULT: {"using":"xpath","value":"//button[@aria-label=\"Create\"]"}
COMMAND: POST /session/ea2377afc02bbf13296b49c868bb39bc/elements - {"using":"xpath","value":"//button[@aria-label=\"Create\"]"}
RESULT: {"using":"xpath","value":"//button[@aria-label=\"Create\"]"}
COMMAND: POST /session/ea2377afc02bbf13296b49c868bb39bc/execute/sync - {"script":"<script> [8489 bytes]","args":[{"element-6066-11e4-a52e-4f735466cecf":"f.E22896224DAB0D107D3E889F8C0ECED7.d.1673445319CB00A47126C5EEC9BCE84D.e.17762","ELEMENT":"f.E22896224DAB0D107D3E889F8C0ECED7.d.1673445319CB00A47126C5EEC9BCE84D.e.17762"}]}
RESULT: {"script":"<script> [8489 bytes]","args":[{"element-6066-11e4-a52e-4f735466cecf":"f.E22896224DAB0D107D3E889F8C0ECED7.d.1673445319CB00A47126C5EEC9BCE84D.e.17762","ELEMENT":"f.E22896224DAB0D107D3E889F8C0ECED7.d.1673445319CB00A47126C5EEC9BCE84D.e.17762"}]}
COMMAND: GET /session/ea2377afc02bbf13296b49c868bb39bc/element/f.E22896224DAB0D107D3E889F8C0ECED7.d.1673445319CB00A47126C5EEC9BCE84D.e.17762/enabled - {}
COMMAND: GET /session/ea2377afc02bbf13296b49c868bb39bc/screenshot - {}
RESULT: {}
COMMAND: POST /session/ea2377afc02bbf13296b49c868bb39bc/execute/sync - {"script":"<script> [8489 bytes]","args":[{"element-6066-11e4-a52e-4f735466cecf":"f.E22896224DAB0D107D3E889F8C0ECED7.d.1673445319CB00A47126C5EEC9BCE84D.e.17762","ELEMENT":"f.E22896224DAB0D107D3E889F8C0ECED7.d.1673445319CB00A47126C5EEC9BCE84D.e.17762"}]}
COMMAND: GET /session/ea2377afc02bbf13296b49c868bb39bc/screenshot - {}
RESULT: {}
RESULT: {"script":"<script> [8489 bytes]","args":[{"element-6066-11e4-a52e-4f735466cecf":"f.E22896224DAB0D107D3E889F8C0ECED7.d.1673445319CB00A47126C5EEC9BCE84D.e.17762","ELEMENT":"f.E22896224DAB0D107D3E889F8C0ECED7.d.1673445319CB00A47126C5EEC9BCE84D.e.17762"}]}
COMMAND: POST /session/ea2377afc02bbf13296b49c868bb39bc/execute/sync - {"script":"<script> [5351 bytes]","args":[{"element-6066-11e4-a52e-4f735466cecf":"f.E22896224DAB0D107D3E889F8C0ECED7.d.1673445319CB00A47126C5EEC9BCE84D.e.17762","ELEMENT":"f.E22896224DAB0D107D3E889F8C0ECED7.d.1673445319CB00A47126C5EEC9BCE84D.e.17762"}]}
COMMAND: GET /session/ea2377afc02bbf13296b49c868bb39bc/screenshot - {}
RESULT: {}
RESULT: {"script":"<script> [5351 bytes]","args":[{"element-6066-11e4-a52e-4f735466cecf":"f.E22896224DAB0D107D3E889F8C0ECED7.d.1673445319CB00A47126C5EEC9BCE84D.e.17762","ELEMENT":"f.E22896224DAB0D107D3E889F8C0ECED7.d.1673445319CB00A47126C5EEC9BCE84D.e.17762"}]}
COMMAND: POST /session/ea2377afc02bbf13296b49c868bb39bc/element/f.E22896224DAB0D107D3E889F8C0ECED7.d.1673445319CB00A47126C5EEC9BCE84D.e.17762/click - {}
COMMAND: GET /session/ea2377afc02bbf13296b49c868bb39bc/screenshot - {}
RESULT: {}
RESULT: {}
COMMAND: GET /session/ea2377afc02bbf13296b49c868bb39bc/screenshot - {}
RESULT: {}
RESULT: {}
COMMAND: POST /session/ea2377afc02bbf13296b49c868bb39bc/actions - {"actions":[{"id":"action66","type":"key","parameters":{},"actions":[{"type":"keyDown","value":"î€‡"},{"type":"pause","duration":10},{"type":"keyUp","value":"î€‡"}]}]}
RESULT: {"actions":[{"id":"action66","type":"key","parameters":{},"actions":[{"type":"keyDown","value":"î€‡"},{"type":"pause","duration":10},{"type":"keyUp","value":"î€‡"}]}]}
COMMAND: GET /session/ea2377afc02bbf13296b49c868bb39bc/screenshot - {}
RESULT: {}
COMMAND: POST /session/ea2377afc02bbf13296b49c868bb39bc/execute/async - {"script":"<script> [1562 bytes]","args":[{"selector":{"id":"application-manageconditionprice-display-component---newCondition--condBillCond-arrow"},"wdio_ui5_key":"applicationmanageconditionprice-display-component---newCondition--condBillCond-arrow"}]}
RESULT: {"script":"<script> [1562 bytes]","args":[{"selector":{"id":"application-manageconditionprice-display-component---newCondition--condBillCond-arrow"},"wdio_ui5_key":"applicationmanageconditionprice-display-component---newCondition--condBillCond-arrow"}]}
RESULT: undefined
COMMAND: POST /session/ea2377afc02bbf13296b49c868bb39bc/element - {"using":"xpath","value":"//*[@id=\"application-manageconditionprice-display-component---newCondition--condBillCond-arrow\"]"}
RESULT: {"using":"xpath","value":"//*[@id=\"application-manageconditionprice-display-component---newCondition--condBillCond-arrow\"]"}
COMMAND: POST /session/ea2377afc02bbf13296b49c868bb39bc/element/f.E22896224DAB0D107D3E889F8C0ECED7.d.1673445319CB00A47126C5EEC9BCE84D.e.17942/click - {}
RESULT: {}
COMMAND: GET /session/ea2377afc02bbf13296b49c868bb39bc/screenshot - {}
RESULT: {}
COMMAND: POST /session/ea2377afc02bbf13296b49c868bb39bc/element - {"using":"xpath","value":"//li[.//span[contains(text(), \"DISP - D&I special price\")]]"}
RESULT: {"using":"xpath","value":"//li[.//span[contains(text(), \"DISP - D&I special price\")]]"}
COMMAND: POST /session/ea2377afc02bbf13296b49c868bb39bc/element/f.E22896224DAB0D107D3E889F8C0ECED7.d.1673445319CB00A47126C5EEC9BCE84D.e.17945/click - {}
RESULT: {}
COMMAND: GET /session/ea2377afc02bbf13296b49c868bb39bc/screenshot - {}
RESULT: {}
COMMAND: POST /session/ea2377afc02bbf13296b49c868bb39bc/execute/async - {"script":"<script> [1562 bytes]","args":[{"selector":{"id":"application-manageconditionprice-display-component---newCondition--condValidTo","interaction":{"idSuffix":"inner"}},"wdio_ui5_key":"applicationmanageconditionprice-display-component---newCondition--condValidTo"}]}
RESULT: {"script":"<script> [1562 bytes]","args":[{"selector":{"id":"application-manageconditionprice-display-component---newCondition--condValidTo","interaction":{"idSuffix":"inner"}},"wdio_ui5_key":"applicationmanageconditionprice-display-component---newCondition--condValidTo"}]}
RESULT: undefined
COMMAND: POST /session/ea2377afc02bbf13296b49c868bb39bc/execute/async - {"script":"<script> [776 bytes]","args":[{"enterText":"1/20/26","selector":{"id":"application-manageconditionprice-display-component---newCondition--condValidTo","interaction":{"idSuffix":"inner"}},"clearTextFirst":true,"interactionType":"ENTER_TEXT"}]}
RESULT: {"script":"<script> [776 bytes]","args":[{"enterText":"1/20/26","selector":{"id":"application-manageconditionprice-display-component---newCondition--condValidTo","interaction":{"idSuffix":"inner"}},"clearTextFirst":true,"interactionType":"ENTER_TEXT"}]}
COMMAND: POST /session/ea2377afc02bbf13296b49c868bb39bc/element - {"using":"xpath","value":"//input[@id=\"application-manageconditionprice-display-component---newCondition--condRU-inner\"]"}
RESULT: {"using":"xpath","value":"//input[@id=\"application-manageconditionprice-display-component---newCondition--condRU-inner\"]"}
COMMAND: POST /session/ea2377afc02bbf13296b49c868bb39bc/element/f.E22896224DAB0D107D3E889F8C0ECED7.d.1673445319CB00A47126C5EEC9BCE84D.e.17808/clear - {}
RESULT: {}
COMMAND: POST /session/ea2377afc02bbf13296b49c868bb39bc/element/f.E22896224DAB0D107D3E889F8C0ECED7.d.1673445319CB00A47126C5EEC9BCE84D.e.17808/value - {"text":"Ha1uJvNlgk"}
COMMAND: GET /session/ea2377afc02bbf13296b49c868bb39bc/screenshot - {}
RESULT: {"text":"Ha1uJvNlgk"}
COMMAND: GET /session/ea2377afc02bbf13296b49c868bb39bc/screenshot - {}
RESULT: {}
RESULT: {}
COMMAND: POST /session/ea2377afc02bbf13296b49c868bb39bc/actions - {"actions":[{"id":"action67","type":"key","parameters":{},"actions":[{"type":"keyDown","value":"î€‡"},{"type":"pause","duration":10},{"type":"keyUp","value":"î€‡"}]}]}
RESULT: {"actions":[{"id":"action67","type":"key","parameters":{},"actions":[{"type":"keyDown","value":"î€‡"},{"type":"pause","duration":10},{"type":"keyUp","value":"î€‡"}]}]}
COMMAND: POST /session/ea2377afc02bbf13296b49c868bb39bc/execute/async - {"script":"<script> [1562 bytes]","args":[{"selector":{"id":"application-manageconditionprice-display-component---newCondition--condBaseQty","interaction":{"idSuffix":"inner"}},"wdio_ui5_key":"applicationmanageconditionprice-display-component---newCondition--condBaseQty"}]}
COMMAND: GET /session/ea2377afc02bbf13296b49c868bb39bc/screenshot - {}
RESULT: {"script":"<script> [1562 bytes]","args":[{"selector":{"id":"application-manageconditionprice-display-component---newCondition--condBaseQty","interaction":{"idSuffix":"inner"}},"wdio_ui5_key":"applicationmanageconditionprice-display-component---newCondition--condBaseQty"}]}
RESULT: undefined
COMMAND: POST /session/ea2377afc02bbf13296b49c868bb39bc/execute/async - {"script":"<script> [776 bytes]","args":[{"enterText":"1","selector":{"id":"application-manageconditionprice-display-component---newCondition--condBaseQty","interaction":{"idSuffix":"inner"}},"clearTextFirst":true,"interactionType":"ENTER_TEXT"}]}
RESULT: {}
RESULT: {"script":"<script> [776 bytes]","args":[{"enterText":"1","selector":{"id":"application-manageconditionprice-display-component---newCondition--condBaseQty","interaction":{"idSuffix":"inner"}},"clearTextFirst":true,"interactionType":"ENTER_TEXT"}]}
COMMAND: POST /session/ea2377afc02bbf13296b49c868bb39bc/execute/async - {"script":"<script> [1562 bytes]","args":[{"selector":{"id":"application-manageconditionprice-display-component---newCondition--condValue","interaction":{"idSuffix":"inner"}},"wdio_ui5_key":"applicationmanageconditionprice-display-component---newCondition--condValue"}]}
RESULT: {"script":"<script> [1562 bytes]","args":[{"selector":{"id":"application-manageconditionprice-display-component---newCondition--condValue","interaction":{"idSuffix":"inner"}},"wdio_ui5_key":"applicationmanageconditionprice-display-component---newCondition--condValue"}]}
RESULT: undefined
COMMAND: POST /session/ea2377afc02bbf13296b49c868bb39bc/execute/async - {"script":"<script> [776 bytes]","args":[{"enterText":"200","selector":{"id":"application-manageconditionprice-display-component---newCondition--condValue","interaction":{"idSuffix":"inner"}},"clearTextFirst":true,"interactionType":"ENTER_TEXT"}]}
RESULT: {"script":"<script> [776 bytes]","args":[{"enterText":"200","selector":{"id":"application-manageconditionprice-display-component---newCondition--condValue","interaction":{"idSuffix":"inner"}},"clearTextFirst":true,"interactionType":"ENTER_TEXT"}]}
COMMAND: POST /session/ea2377afc02bbf13296b49c868bb39bc/execute/async - {"script":"<script> [1562 bytes]","args":[{"selector":{"id":"application-manageconditionprice-display-component---newCondition--condCurr-arrow"},"wdio_ui5_key":"applicationmanageconditionprice-display-component---newCondition--condCurr-arrow"}]}
RESULT: {"script":"<script> [1562 bytes]","args":[{"selector":{"id":"application-manageconditionprice-display-component---newCondition--condCurr-arrow"},"wdio_ui5_key":"applicationmanageconditionprice-display-component---newCondition--condCurr-arrow"}]}
RESULT: undefined
COMMAND: POST /session/ea2377afc02bbf13296b49c868bb39bc/element - {"using":"xpath","value":"//*[@id=\"application-manageconditionprice-display-component---newCondition--condCurr-arrow\"]"}
RESULT: {"using":"xpath","value":"//*[@id=\"application-manageconditionprice-display-component---newCondition--condCurr-arrow\"]"}
COMMAND: POST /session/ea2377afc02bbf13296b49c868bb39bc/element/f.E22896224DAB0D107D3E889F8C0ECED7.d.1673445319CB00A47126C5EEC9BCE84D.e.17920/click - {}
RESULT: {}
COMMAND: POST /session/ea2377afc02bbf13296b49c868bb39bc/element - {"using":"xpath","value":"//span[contains(text(), \"Euro\")]"}
COMMAND: GET /session/ea2377afc02bbf13296b49c868bb39bc/screenshot - {}
RESULT: {"using":"xpath","value":"//span[contains(text(), \"Euro\")]"}
COMMAND: POST /session/ea2377afc02bbf13296b49c868bb39bc/element/f.E22896224DAB0D107D3E889F8C0ECED7.d.1673445319CB00A47126C5EEC9BCE84D.e.17982/click - {}
RESULT: {}
RESULT: {}
COMMAND: POST /session/ea2377afc02bbf13296b49c868bb39bc/element - {"using":"xpath","value":"//button[@data-kt=\"saveButton\"]"}
COMMAND: GET /session/ea2377afc02bbf13296b49c868bb39bc/screenshot - {}
RESULT: {"using":"xpath","value":"//button[@data-kt=\"saveButton\"]"}
COMMAND: POST /session/ea2377afc02bbf13296b49c868bb39bc/element/f.E22896224DAB0D107D3E889F8C0ECED7.d.1673445319CB00A47126C5EEC9BCE84D.e.17921/click - {}
RESULT: {}
RESULT: {}
COMMAND: GET /session/ea2377afc02bbf13296b49c868bb39bc/screenshot - {}
RESULT: {}
COMMAND: POST /session/ea2377afc02bbf13296b49c868bb39bc/execute/async - {"script":"<script> [1562 bytes]","args":[{"selector":{"id":"application-manageconditionprice-display-component---conditions--smartFilterBar-btnBasicSearch","interaction":{"idSuffix":"I"}},"wdio_ui5_key":"applicationmanageconditionprice-display-component---conditions--smartFilterBar-btnBasicSearch"}]}
RESULT: {"script":"<script> [1562 bytes]","args":[{"selector":{"id":"application-manageconditionprice-display-component---conditions--smartFilterBar-btnBasicSearch","interaction":{"idSuffix":"I"}},"wdio_ui5_key":"applicationmanageconditionprice-display-component---conditions--smartFilterBar-btnBasicSearch"}]}
RESULT: undefined
COMMAND: POST /session/ea2377afc02bbf13296b49c868bb39bc/execute/async - {"script":"<script> [776 bytes]","args":[{"enterText":"Ha1uJvNlgk","selector":{"id":"application-manageconditionprice-display-component---conditions--smartFilterBar-btnBasicSearch","interaction":{"idSuffix":"I"}},"clearTextFirst":true,"interactionType":"ENTER_TEXT"}]}
RESULT: {"script":"<script> [776 bytes]","args":[{"enterText":"Ha1uJvNlgk","selector":{"id":"application-manageconditionprice-display-component---conditions--smartFilterBar-btnBasicSearch","interaction":{"idSuffix":"I"}},"clearTextFirst":true,"interactionType":"ENTER_TEXT"}]}
COMMAND: POST /session/ea2377afc02bbf13296b49c868bb39bc/actions - {"actions":[{"id":"action68","type":"key","parameters":{},"actions":[{"type":"keyDown","value":"î€‡"},{"type":"pause","duration":10},{"type":"keyUp","value":"î€‡"}]}]}
RESULT: {"actions":[{"id":"action68","type":"key","parameters":{},"actions":[{"type":"keyDown","value":"î€‡"},{"type":"pause","duration":10},{"type":"keyUp","value":"î€‡"}]}]}
COMMAND: GET /session/ea2377afc02bbf13296b49c868bb39bc/screenshot - {}
RESULT: {}
COMMAND: POST /session/ea2377afc02bbf13296b49c868bb39bc/execute/async - {"script":"<script> [1562 bytes]","args":[{"selector":{"id":"application-manageconditionprice-display-component---conditions--smartFilterBar-filterItemControl_BASIC-BILL_TYPES-vhi"},"wdio_ui5_key":"applicationmanageconditionprice-display-component---conditions--smartFilterBar-filterItemControl_BASIC-BILL_TYPES-vhi"}]}
RESULT: {"script":"<script> [1562 bytes]","args":[{"selector":{"id":"application-manageconditionprice-display-component---conditions--smartFilterBar-filterItemControl_BASIC-BILL_TYPES-vhi"},"wdio_ui5_key":"applicationmanageconditionprice-display-component---conditions--smartFilterBar-filterItemControl_BASIC-BILL_TYPES-vhi"}]}
RESULT: undefined
COMMAND: POST /session/ea2377afc02bbf13296b49c868bb39bc/element - {"using":"xpath","value":"//*[@id=\"application-manageconditionprice-display-component---conditions--smartFilterBar-filterItemControl_BASIC-BILL_TYPES-vhi\"]"}
RESULT: {"using":"xpath","value":"//*[@id=\"application-manageconditionprice-display-component---conditions--smartFilterBar-filterItemControl_BASIC-BILL_TYPES-vhi\"]"}
COMMAND: POST /session/ea2377afc02bbf13296b49c868bb39bc/element/f.E22896224DAB0D107D3E889F8C0ECED7.d.1673445319CB00A47126C5EEC9BCE84D.e.17998/click - {}
RESULT: {}
COMMAND: POST /session/ea2377afc02bbf13296b49c868bb39bc/execute/async - {"script":"<script> [1562 bytes]","args":[{"selector":{"id":"application-manageconditionprice-display-component---conditions--smartFilterBar-filterItemControl_BASIC-BILL_TYPES-valueHelpDialog-smartFilterBar-btnBasicSearch","searchOpenDialogs":true,"interaction":{"idSuffix":"I"}},"wdio_ui5_key":"applicationmanageconditionprice-display-component---conditions--smartFilterBar-filterItemControl_BASIC-BILL_TYPES-valueHelpDialog-smartFilterBar-btnBasicSearch"}]}
COMMAND: GET /session/ea2377afc02bbf13296b49c868bb39bc/screenshot - {}
RESULT: {"script":"<script> [1562 bytes]","args":[{"selector":{"id":"application-manageconditionprice-display-component---conditions--smartFilterBar-filterItemControl_BASIC-BILL_TYPES-valueHelpDialog-smartFilterBar-btnBasicSearch","searchOpenDialogs":true,"interaction":{"idSuffix":"I"}},"wdio_ui5_key":"applicationmanageconditionprice-display-component---conditions--smartFilterBar-filterItemControl_BASIC-BILL_TYPES-valueHelpDialog-smartFilterBar-btnBasicSearch"}]}
RESULT: undefined
COMMAND: POST /session/ea2377afc02bbf13296b49c868bb39bc/execute/async - {"script":"<script> [776 bytes]","args":[{"enterText":"TB","selector":{"id":"application-manageconditionprice-display-component---conditions--smartFilterBar-filterItemControl_BASIC-BILL_TYPES-valueHelpDialog-smartFilterBar-btnBasicSearch","searchOpenDialogs":true,"interaction":{"idSuffix":"I"}},"clearTextFirst":true,"interactionType":"ENTER_TEXT"}]}
RESULT: {}
RESULT: {"script":"<script> [776 bytes]","args":[{"enterText":"TB","selector":{"id":"application-manageconditionprice-display-component---conditions--smartFilterBar-filterItemControl_BASIC-BILL_TYPES-valueHelpDialog-smartFilterBar-btnBasicSearch","searchOpenDialogs":true,"interaction":{"idSuffix":"I"}},"clearTextFirst":true,"interactionType":"ENTER_TEXT"}]}
COMMAND: POST /session/ea2377afc02bbf13296b49c868bb39bc/actions - {"actions":[{"id":"action69","type":"key","parameters":{},"actions":[{"type":"keyDown","value":"î€‡"},{"type":"pause","duration":10},{"type":"keyUp","value":"î€‡"}]}]}
RESULT: {"actions":[{"id":"action69","type":"key","parameters":{},"actions":[{"type":"keyDown","value":"î€‡"},{"type":"pause","duration":10},{"type":"keyUp","value":"î€‡"}]}]}
COMMAND: GET /session/ea2377afc02bbf13296b49c868bb39bc/screenshot - {}
RESULT: {}
COMMAND: POST /session/ea2377afc02bbf13296b49c868bb39bc/element - {"using":"xpath","value":"//div[contains(@id, 'application-manageconditionprice-display-component---conditions--smartFilterBar-filterItemControl_BASIC-BILL_TYPES-valueHelpDialog-table-rowsel0')]"}
RESULT: {"using":"xpath","value":"//div[contains(@id, 'application-manageconditionprice-display-component---conditions--smartFilterBar-filterItemControl_BASIC-BILL_TYPES-valueHelpDialog-table-rowsel0')]"}
COMMAND: POST /session/ea2377afc02bbf13296b49c868bb39bc/element/f.E22896224DAB0D107D3E889F8C0ECED7.d.1673445319CB00A47126C5EEC9BCE84D.e.18007/click - {}
RESULT: {}
COMMAND: GET /session/ea2377afc02bbf13296b49c868bb39bc/screenshot - {}
RESULT: {}
COMMAND: POST /session/ea2377afc02bbf13296b49c868bb39bc/element - {"using":"xpath","value":"//bdi[contains(text(), \"OK\")]"}
RESULT: {"using":"xpath","value":"//bdi[contains(text(), \"OK\")]"}
COMMAND: POST /session/ea2377afc02bbf13296b49c868bb39bc/element/f.E22896224DAB0D107D3E889F8C0ECED7.d.1673445319CB00A47126C5EEC9BCE84D.e.18009/click - {}
RESULT: {}
COMMAND: GET /session/ea2377afc02bbf13296b49c868bb39bc/screenshot - {}
RESULT: {}
COMMAND: POST /session/ea2377afc02bbf13296b49c868bb39bc/element - {"using":"xpath","value":"//span[@id=\"application-manageconditionprice-display-component---conditions--smartTable-header-inner\"]"}
RESULT: {"using":"xpath","value":"//span[@id=\"application-manageconditionprice-display-component---conditions--smartTable-header-inner\"]"}
COMMAND: POST /session/ea2377afc02bbf13296b49c868bb39bc/elements - {"using":"xpath","value":"//span[@id=\"application-manageconditionprice-display-component---conditions--smartTable-header-inner\"]"}
RESULT: {"using":"xpath","value":"//span[@id=\"application-manageconditionprice-display-component---conditions--smartTable-header-inner\"]"}
COMMAND: POST /session/ea2377afc02bbf13296b49c868bb39bc/execute/sync - {"script":"<script> [56 bytes]","args":[{"element-6066-11e4-a52e-4f735466cecf":"f.E22896224DAB0D107D3E889F8C0ECED7.d.1673445319CB00A47126C5EEC9BCE84D.e.18012","ELEMENT":"f.E22896224DAB0D107D3E889F8C0ECED7.d.1673445319CB00A47126C5EEC9BCE84D.e.18012"}]}
RESULT: {"script":"<script> [56 bytes]","args":[{"element-6066-11e4-a52e-4f735466cecf":"f.E22896224DAB0D107D3E889F8C0ECED7.d.1673445319CB00A47126C5EEC9BCE84D.e.18012","ELEMENT":"f.E22896224DAB0D107D3E889F8C0ECED7.d.1673445319CB00A47126C5EEC9BCE84D.e.18012"}]}
COMMAND: POST /session/ea2377afc02bbf13296b49c868bb39bc/element - {"using":"css selector","value":"#shell-header-logo"}
COMMAND: GET /session/ea2377afc02bbf13296b49c868bb39bc/screenshot - {}
RESULT: {"using":"css selector","value":"#shell-header-logo"}
COMMAND: POST /session/ea2377afc02bbf13296b49c868bb39bc/element/f.E22896224DAB0D107D3E889F8C0ECED7.d.1673445319CB00A47126C5EEC9BCE84D.e.17730/click - {}
RESULT: {}
RESULT: {}
COMMAND: GET /session/ea2377afc02bbf13296b49c868bb39bc/screenshot - {}
RESULT: {}
]]></system-out>
    </testcase>
    <testcase classname="chrome.136_0_7103_93.windows.Create_Reverse_Billing_US127248" name="Should do a stock increase handover" time="96.639">
      <system-out><![CDATA[
COMMAND: POST /session/ea2377afc02bbf13296b49c868bb39bc/execute/async - {"script":"<script> [1562 bytes]","args":[{"selector":{"controlType":"sap.m.GenericTile","properties":{"header":"Manage Handovers"}},"wdio_ui5_key":"sapm.GenericTile{\"header\":\"Manage Handovers\"}"}]}
RESULT: {"script":"<script> [1562 bytes]","args":[{"selector":{"controlType":"sap.m.GenericTile","properties":{"header":"Manage Handovers"}},"wdio_ui5_key":"sapm.GenericTile{\"header\":\"Manage Handovers\"}"}]}
RESULT: undefined
COMMAND: POST /session/ea2377afc02bbf13296b49c868bb39bc/element - {"using":"xpath","value":"//*[@id=\"__tile131\"]"}
RESULT: {"using":"xpath","value":"//*[@id=\"__tile131\"]"}
COMMAND: POST /session/ea2377afc02bbf13296b49c868bb39bc/element/f.E22896224DAB0D107D3E889F8C0ECED7.d.1673445319CB00A47126C5EEC9BCE84D.e.16849/click - {}
RESULT: {}
COMMAND: GET /session/ea2377afc02bbf13296b49c868bb39bc/screenshot - {}
RESULT: {}
COMMAND: POST /session/ea2377afc02bbf13296b49c868bb39bc/elements - {"using":"xpath","value":"//span[text()='Error']"}
RESULT: {"using":"xpath","value":"//span[text()='Error']"}
COMMAND: POST /session/ea2377afc02bbf13296b49c868bb39bc/element - {"using":"xpath","value":"//button[@data-kt=\"masterHOAddButton\"]"}
RESULT: {"using":"xpath","value":"//button[@data-kt=\"masterHOAddButton\"]"}
COMMAND: POST /session/ea2377afc02bbf13296b49c868bb39bc/elements - {"using":"xpath","value":"//button[@data-kt=\"masterHOAddButton\"]"}
RESULT: {"using":"xpath","value":"//button[@data-kt=\"masterHOAddButton\"]"}
COMMAND: POST /session/ea2377afc02bbf13296b49c868bb39bc/execute/sync - {"script":"<script> [8489 bytes]","args":[{"element-6066-11e4-a52e-4f735466cecf":"f.E22896224DAB0D107D3E889F8C0ECED7.d.1673445319CB00A47126C5EEC9BCE84D.e.18055","ELEMENT":"f.E22896224DAB0D107D3E889F8C0ECED7.d.1673445319CB00A47126C5EEC9BCE84D.e.18055"}]}
RESULT: {"script":"<script> [8489 bytes]","args":[{"element-6066-11e4-a52e-4f735466cecf":"f.E22896224DAB0D107D3E889F8C0ECED7.d.1673445319CB00A47126C5EEC9BCE84D.e.18055","ELEMENT":"f.E22896224DAB0D107D3E889F8C0ECED7.d.1673445319CB00A47126C5EEC9BCE84D.e.18055"}]}
COMMAND: GET /session/ea2377afc02bbf13296b49c868bb39bc/element/f.E22896224DAB0D107D3E889F8C0ECED7.d.1673445319CB00A47126C5EEC9BCE84D.e.18055/enabled - {}
COMMAND: GET /session/ea2377afc02bbf13296b49c868bb39bc/screenshot - {}
RESULT: {}
COMMAND: POST /session/ea2377afc02bbf13296b49c868bb39bc/execute/sync - {"script":"<script> [8489 bytes]","args":[{"element-6066-11e4-a52e-4f735466cecf":"f.E22896224DAB0D107D3E889F8C0ECED7.d.1673445319CB00A47126C5EEC9BCE84D.e.18055","ELEMENT":"f.E22896224DAB0D107D3E889F8C0ECED7.d.1673445319CB00A47126C5EEC9BCE84D.e.18055"}]}
COMMAND: GET /session/ea2377afc02bbf13296b49c868bb39bc/screenshot - {}
RESULT: {}
RESULT: {"script":"<script> [8489 bytes]","args":[{"element-6066-11e4-a52e-4f735466cecf":"f.E22896224DAB0D107D3E889F8C0ECED7.d.1673445319CB00A47126C5EEC9BCE84D.e.18055","ELEMENT":"f.E22896224DAB0D107D3E889F8C0ECED7.d.1673445319CB00A47126C5EEC9BCE84D.e.18055"}]}
COMMAND: POST /session/ea2377afc02bbf13296b49c868bb39bc/execute/sync - {"script":"<script> [5351 bytes]","args":[{"element-6066-11e4-a52e-4f735466cecf":"f.E22896224DAB0D107D3E889F8C0ECED7.d.1673445319CB00A47126C5EEC9BCE84D.e.18055","ELEMENT":"f.E22896224DAB0D107D3E889F8C0ECED7.d.1673445319CB00A47126C5EEC9BCE84D.e.18055"}]}
COMMAND: GET /session/ea2377afc02bbf13296b49c868bb39bc/screenshot - {}
RESULT: {}
RESULT: {"script":"<script> [5351 bytes]","args":[{"element-6066-11e4-a52e-4f735466cecf":"f.E22896224DAB0D107D3E889F8C0ECED7.d.1673445319CB00A47126C5EEC9BCE84D.e.18055","ELEMENT":"f.E22896224DAB0D107D3E889F8C0ECED7.d.1673445319CB00A47126C5EEC9BCE84D.e.18055"}]}
COMMAND: POST /session/ea2377afc02bbf13296b49c868bb39bc/element/f.E22896224DAB0D107D3E889F8C0ECED7.d.1673445319CB00A47126C5EEC9BCE84D.e.18055/click - {}
COMMAND: GET /session/ea2377afc02bbf13296b49c868bb39bc/screenshot - {}
RESULT: {}
RESULT: {}
COMMAND: GET /session/ea2377afc02bbf13296b49c868bb39bc/screenshot - {}
RESULT: {}
RESULT: {}
COMMAND: POST /session/ea2377afc02bbf13296b49c868bb39bc/element - {"using":"xpath","value":"//span[contains(@id ,\"AddNewHO--typeSelect-arrow\")]"}
RESULT: {"using":"xpath","value":"//span[contains(@id ,\"AddNewHO--typeSelect-arrow\")]"}
COMMAND: POST /session/ea2377afc02bbf13296b49c868bb39bc/element/f.E22896224DAB0D107D3E889F8C0ECED7.d.1673445319CB00A47126C5EEC9BCE84D.e.18388/click - {}
RESULT: {}
COMMAND: GET /session/ea2377afc02bbf13296b49c868bb39bc/screenshot - {}
RESULT: {}
COMMAND: POST /session/ea2377afc02bbf13296b49c868bb39bc/element - {"using":"xpath","value":"(//li[contains(text(), \"stock increase yard\")])[1]"}
RESULT: {"using":"xpath","value":"(//li[contains(text(), \"stock increase yard\")])[1]"}
COMMAND: POST /session/ea2377afc02bbf13296b49c868bb39bc/element/f.E22896224DAB0D107D3E889F8C0ECED7.d.1673445319CB00A47126C5EEC9BCE84D.e.18389/click - {}
RESULT: {}
COMMAND: GET /session/ea2377afc02bbf13296b49c868bb39bc/screenshot - {}
RESULT: {}
COMMAND: POST /session/ea2377afc02bbf13296b49c868bb39bc/execute/async - {"script":"<script> [1562 bytes]","args":[{"selector":{"id":"application-managehandovers-display-component---AddNewHO--dueDate","interaction":{"idSuffix":"inner"}},"wdio_ui5_key":"applicationmanagehandovers-display-component---AddNewHO--dueDate"}]}
RESULT: {"script":"<script> [1562 bytes]","args":[{"selector":{"id":"application-managehandovers-display-component---AddNewHO--dueDate","interaction":{"idSuffix":"inner"}},"wdio_ui5_key":"applicationmanagehandovers-display-component---AddNewHO--dueDate"}]}
RESULT: undefined
COMMAND: POST /session/ea2377afc02bbf13296b49c868bb39bc/execute/async - {"script":"<script> [6424 bytes]","args":[{"element-6066-11e4-a52e-4f735466cecf":"f.E22896224DAB0D107D3E889F8C0ECED7.d.1673445319CB00A47126C5EEC9BCE84D.e.18393"},"setValue",["5/20/25"]]}
RESULT: {"script":"<script> [6424 bytes]","args":[{"element-6066-11e4-a52e-4f735466cecf":"f.E22896224DAB0D107D3E889F8C0ECED7.d.1673445319CB00A47126C5EEC9BCE84D.e.18393"},"setValue",["5/20/25"]]}
COMMAND: POST /session/ea2377afc02bbf13296b49c868bb39bc/element - {"using":"xpath","value":"//input[@id=\"generalSectionFrg--receiveYard-inner\"]"}
RESULT: {"using":"xpath","value":"//input[@id=\"generalSectionFrg--receiveYard-inner\"]"}
COMMAND: POST /session/ea2377afc02bbf13296b49c868bb39bc/element/f.E22896224DAB0D107D3E889F8C0ECED7.d.1673445319CB00A47126C5EEC9BCE84D.e.18397/clear - {}
RESULT: {}
COMMAND: POST /session/ea2377afc02bbf13296b49c868bb39bc/element/f.E22896224DAB0D107D3E889F8C0ECED7.d.1673445319CB00A47126C5EEC9BCE84D.e.18397/value - {"text":"576"}
COMMAND: GET /session/ea2377afc02bbf13296b49c868bb39bc/screenshot - {}
RESULT: {"text":"576"}
COMMAND: GET /session/ea2377afc02bbf13296b49c868bb39bc/screenshot - {}
RESULT: {}
RESULT: {}
COMMAND: POST /session/ea2377afc02bbf13296b49c868bb39bc/element - {"using":"xpath","value":"//li[.//span[text()='576']]"}
RESULT: {"using":"xpath","value":"//li[.//span[text()='576']]"}
COMMAND: POST /session/ea2377afc02bbf13296b49c868bb39bc/element/f.E22896224DAB0D107D3E889F8C0ECED7.d.1673445319CB00A47126C5EEC9BCE84D.e.18412/click - {}
RESULT: {}
COMMAND: GET /session/ea2377afc02bbf13296b49c868bb39bc/screenshot - {}
RESULT: {}
COMMAND: POST /session/ea2377afc02bbf13296b49c868bb39bc/execute/async - {"script":"<script> [1562 bytes]","args":[{"selector":{"id":"application-managehandovers-display-component---AddNewHO--ObjectPageLayout-anchBar-application-managehandovers-display-component---AddNewHO--section4-anchor","interaction":{"idSuffix":"BDI-content"}},"wdio_ui5_key":"applicationmanagehandovers-display-component---AddNewHO--ObjectPageLayout-anchBar-application-managehandovers-display-component---AddNewHO--section4-anchor"}]}
RESULT: {"script":"<script> [1562 bytes]","args":[{"selector":{"id":"application-managehandovers-display-component---AddNewHO--ObjectPageLayout-anchBar-application-managehandovers-display-component---AddNewHO--section4-anchor","interaction":{"idSuffix":"BDI-content"}},"wdio_ui5_key":"applicationmanagehandovers-display-component---AddNewHO--ObjectPageLayout-anchBar-application-managehandovers-display-component---AddNewHO--section4-anchor"}]}
RESULT: undefined
COMMAND: POST /session/ea2377afc02bbf13296b49c868bb39bc/element - {"using":"xpath","value":"//*[@id=\"application-managehandovers-display-component---AddNewHO--ObjectPageLayout-anchBar-application-managehandovers-display-component---AddNewHO--section4-anchor\"]"}
RESULT: {"using":"xpath","value":"//*[@id=\"application-managehandovers-display-component---AddNewHO--ObjectPageLayout-anchBar-application-managehandovers-display-component---AddNewHO--section4-anchor\"]"}
COMMAND: POST /session/ea2377afc02bbf13296b49c868bb39bc/element/f.E22896224DAB0D107D3E889F8C0ECED7.d.1673445319CB00A47126C5EEC9BCE84D.e.18414/click - {}
RESULT: {}
COMMAND: POST /session/ea2377afc02bbf13296b49c868bb39bc/element - {"using":"xpath","value":"//button[@aria-label=\"Add\"]"}
COMMAND: GET /session/ea2377afc02bbf13296b49c868bb39bc/screenshot - {}
RESULT: {"using":"xpath","value":"//button[@aria-label=\"Add\"]"}
COMMAND: POST /session/ea2377afc02bbf13296b49c868bb39bc/element/f.E22896224DAB0D107D3E889F8C0ECED7.d.1673445319CB00A47126C5EEC9BCE84D.e.18417/click - {}
RESULT: {}
RESULT: {}
COMMAND: GET /session/ea2377afc02bbf13296b49c868bb39bc/screenshot - {}
RESULT: {}
COMMAND: POST /session/ea2377afc02bbf13296b49c868bb39bc/execute/async - {"script":"<script> [1562 bytes]","args":[{"selector":{"id":"application-managehandovers-display-component---AddNewHO--smartFilterBar-btnBasicSearch","searchOpenDialogs":true,"interaction":{"idSuffix":"I"}},"wdio_ui5_key":"applicationmanagehandovers-display-component---AddNewHO--smartFilterBar-btnBasicSearch"}]}
RESULT: {"script":"<script> [1562 bytes]","args":[{"selector":{"id":"application-managehandovers-display-component---AddNewHO--smartFilterBar-btnBasicSearch","searchOpenDialogs":true,"interaction":{"idSuffix":"I"}},"wdio_ui5_key":"applicationmanagehandovers-display-component---AddNewHO--smartFilterBar-btnBasicSearch"}]}
RESULT: undefined
COMMAND: POST /session/ea2377afc02bbf13296b49c868bb39bc/execute/async - {"script":"<script> [776 bytes]","args":[{"enterText":"Ha1uJvNlgk","selector":{"id":"application-managehandovers-display-component---AddNewHO--smartFilterBar-btnBasicSearch","searchOpenDialogs":true,"interaction":{"idSuffix":"I"}},"clearTextFirst":true,"interactionType":"ENTER_TEXT"}]}
RESULT: {"script":"<script> [776 bytes]","args":[{"enterText":"Ha1uJvNlgk","selector":{"id":"application-managehandovers-display-component---AddNewHO--smartFilterBar-btnBasicSearch","searchOpenDialogs":true,"interaction":{"idSuffix":"I"}},"clearTextFirst":true,"interactionType":"ENTER_TEXT"}]}
COMMAND: POST /session/ea2377afc02bbf13296b49c868bb39bc/actions - {"actions":[{"id":"action70","type":"key","parameters":{},"actions":[{"type":"keyDown","value":"î€‡"},{"type":"pause","duration":10},{"type":"keyUp","value":"î€‡"}]}]}
RESULT: {"actions":[{"id":"action70","type":"key","parameters":{},"actions":[{"type":"keyDown","value":"î€‡"},{"type":"pause","duration":10},{"type":"keyUp","value":"î€‡"}]}]}
COMMAND: GET /session/ea2377afc02bbf13296b49c868bb39bc/screenshot - {}
RESULT: {}
COMMAND: POST /session/ea2377afc02bbf13296b49c868bb39bc/execute/async - {"script":"<script> [1562 bytes]","args":[{"selector":{"id":"application-managehandovers-display-component---AddNewHO--popup-sa","searchOpenDialogs":true,"interaction":{"idSuffix":"CbBg"}},"wdio_ui5_key":"applicationmanagehandovers-display-component---AddNewHO--popup-sa"}]}
RESULT: {"script":"<script> [1562 bytes]","args":[{"selector":{"id":"application-managehandovers-display-component---AddNewHO--popup-sa","searchOpenDialogs":true,"interaction":{"idSuffix":"CbBg"}},"wdio_ui5_key":"applicationmanagehandovers-display-component---AddNewHO--popup-sa"}]}
RESULT: undefined
COMMAND: POST /session/ea2377afc02bbf13296b49c868bb39bc/element - {"using":"xpath","value":"//*[@id=\"application-managehandovers-display-component---AddNewHO--popup-sa\"]"}
RESULT: {"using":"xpath","value":"//*[@id=\"application-managehandovers-display-component---AddNewHO--popup-sa\"]"}
COMMAND: POST /session/ea2377afc02bbf13296b49c868bb39bc/element/f.E22896224DAB0D107D3E889F8C0ECED7.d.1673445319CB00A47126C5EEC9BCE84D.e.18570/click - {}
RESULT: {}
COMMAND: GET /session/ea2377afc02bbf13296b49c868bb39bc/screenshot - {}
RESULT: {}
COMMAND: POST /session/ea2377afc02bbf13296b49c868bb39bc/element - {"using":"xpath","value":"//bdi[contains(text(), \"Select\")]"}
RESULT: {"using":"xpath","value":"//bdi[contains(text(), \"Select\")]"}
COMMAND: POST /session/ea2377afc02bbf13296b49c868bb39bc/element/f.E22896224DAB0D107D3E889F8C0ECED7.d.1673445319CB00A47126C5EEC9BCE84D.e.18571/click - {}
RESULT: {}
COMMAND: GET /session/ea2377afc02bbf13296b49c868bb39bc/screenshot - {}
RESULT: {}
COMMAND: POST /session/ea2377afc02bbf13296b49c868bb39bc/element - {"using":"xpath","value":"//button[@data-kt=\"AddNewHOSaveButton\"]"}
RESULT: {"using":"xpath","value":"//button[@data-kt=\"AddNewHOSaveButton\"]"}
COMMAND: POST /session/ea2377afc02bbf13296b49c868bb39bc/element/f.E22896224DAB0D107D3E889F8C0ECED7.d.1673445319CB00A47126C5EEC9BCE84D.e.18575/click - {}
RESULT: {}
COMMAND: GET /session/ea2377afc02bbf13296b49c868bb39bc/screenshot - {}
COMMAND: POST /session/ea2377afc02bbf13296b49c868bb39bc/execute/async - {"script":"<script> [1562 bytes]","args":[{"selector":{"id":"receiptDatePicker","viewName":"etm.portal.ui.managehandovers.view.DetailExecuteHO","interaction":{"idSuffix":"inner"}},"wdio_ui5_key":"receiptDatePickeretmportal.ui.managehandovers.view.DetailExecuteHO"}]}
RESULT: {}
RESULT: {"script":"<script> [1562 bytes]","args":[{"selector":{"id":"receiptDatePicker","viewName":"etm.portal.ui.managehandovers.view.DetailExecuteHO","interaction":{"idSuffix":"inner"}},"wdio_ui5_key":"receiptDatePickeretmportal.ui.managehandovers.view.DetailExecuteHO"}]}
RESULT: undefined
COMMAND: POST /session/ea2377afc02bbf13296b49c868bb39bc/execute/async - {"script":"<script> [6424 bytes]","args":[{"element-6066-11e4-a52e-4f735466cecf":"f.E22896224DAB0D107D3E889F8C0ECED7.d.1673445319CB00A47126C5EEC9BCE84D.e.18591"},"setValue",["5/20/25"]]}
RESULT: {"script":"<script> [6424 bytes]","args":[{"element-6066-11e4-a52e-4f735466cecf":"f.E22896224DAB0D107D3E889F8C0ECED7.d.1673445319CB00A47126C5EEC9BCE84D.e.18591"},"setValue",["5/20/25"]]}
COMMAND: POST /session/ea2377afc02bbf13296b49c868bb39bc/element - {"using":"xpath","value":"//button[@data-kt=\"PickingTableConfirmAllButton\"]"}
RESULT: {"using":"xpath","value":"//button[@data-kt=\"PickingTableConfirmAllButton\"]"}
COMMAND: POST /session/ea2377afc02bbf13296b49c868bb39bc/element/f.E22896224DAB0D107D3E889F8C0ECED7.d.1673445319CB00A47126C5EEC9BCE84D.e.18607/click - {}
RESULT: {}
COMMAND: GET /session/ea2377afc02bbf13296b49c868bb39bc/screenshot - {}
RESULT: {}
COMMAND: POST /session/ea2377afc02bbf13296b49c868bb39bc/element - {"using":"xpath","value":"//bdi[contains(text(), \"OK\")]"}
RESULT: {"using":"xpath","value":"//bdi[contains(text(), \"OK\")]"}
COMMAND: POST /session/ea2377afc02bbf13296b49c868bb39bc/element/f.E22896224DAB0D107D3E889F8C0ECED7.d.1673445319CB00A47126C5EEC9BCE84D.e.18609/click - {}
RESULT: {}
COMMAND: GET /session/ea2377afc02bbf13296b49c868bb39bc/screenshot - {}
RESULT: {}
COMMAND: POST /session/ea2377afc02bbf13296b49c868bb39bc/element - {"using":"xpath","value":"(//bdi[contains(text(), \"Receive\")])[2]"}
RESULT: {"using":"xpath","value":"(//bdi[contains(text(), \"Receive\")])[2]"}
COMMAND: POST /session/ea2377afc02bbf13296b49c868bb39bc/element/f.E22896224DAB0D107D3E889F8C0ECED7.d.1673445319CB00A47126C5EEC9BCE84D.e.18611/click - {}
RESULT: {}
COMMAND: GET /session/ea2377afc02bbf13296b49c868bb39bc/screenshot - {}
RESULT: {}
COMMAND: POST /session/ea2377afc02bbf13296b49c868bb39bc/element - {"using":"css selector","value":"#shell-header-logo"}
RESULT: {"using":"css selector","value":"#shell-header-logo"}
COMMAND: POST /session/ea2377afc02bbf13296b49c868bb39bc/element/f.E22896224DAB0D107D3E889F8C0ECED7.d.1673445319CB00A47126C5EEC9BCE84D.e.18018/click - {}
RESULT: {}
COMMAND: GET /session/ea2377afc02bbf13296b49c868bb39bc/screenshot - {}
RESULT: {}
]]></system-out>
    </testcase>
    <testcase classname="chrome.136_0_7103_93.windows.Create_Reverse_Billing_US127248" name="Should create a new contract" time="70.551">
      <system-out><![CDATA[
COMMAND: POST /session/ea2377afc02bbf13296b49c868bb39bc/execute/async - {"script":"<script> [1562 bytes]","args":[{"selector":{"controlType":"sap.m.GenericTile","properties":{"header":"Manage Contracts"}},"wdio_ui5_key":"sapm.GenericTile{\"header\":\"Manage Contracts\"}"}]}
RESULT: {"script":"<script> [1562 bytes]","args":[{"selector":{"controlType":"sap.m.GenericTile","properties":{"header":"Manage Contracts"}},"wdio_ui5_key":"sapm.GenericTile{\"header\":\"Manage Contracts\"}"}]}
RESULT: undefined
COMMAND: POST /session/ea2377afc02bbf13296b49c868bb39bc/element - {"using":"xpath","value":"//*[@id=\"__tile130\"]"}
RESULT: {"using":"xpath","value":"//*[@id=\"__tile130\"]"}
COMMAND: POST /session/ea2377afc02bbf13296b49c868bb39bc/element/f.E22896224DAB0D107D3E889F8C0ECED7.d.1673445319CB00A47126C5EEC9BCE84D.e.16781/click - {}
RESULT: {}
COMMAND: GET /session/ea2377afc02bbf13296b49c868bb39bc/screenshot - {}
RESULT: {}
COMMAND: POST /session/ea2377afc02bbf13296b49c868bb39bc/elements - {"using":"xpath","value":"//span[text()='Error']"}
RESULT: {"using":"xpath","value":"//span[text()='Error']"}
COMMAND: POST /session/ea2377afc02bbf13296b49c868bb39bc/element - {"using":"xpath","value":"//button[@data-kt=\"addButton\"]"}
RESULT: {"using":"xpath","value":"//button[@data-kt=\"addButton\"]"}
COMMAND: POST /session/ea2377afc02bbf13296b49c868bb39bc/elements - {"using":"xpath","value":"//button[@data-kt=\"addButton\"]"}
RESULT: {"using":"xpath","value":"//button[@data-kt=\"addButton\"]"}
COMMAND: POST /session/ea2377afc02bbf13296b49c868bb39bc/execute/sync - {"script":"<script> [8489 bytes]","args":[{"element-6066-11e4-a52e-4f735466cecf":"f.E22896224DAB0D107D3E889F8C0ECED7.d.1673445319CB00A47126C5EEC9BCE84D.e.18825","ELEMENT":"f.E22896224DAB0D107D3E889F8C0ECED7.d.1673445319CB00A47126C5EEC9BCE84D.e.18825"}]}
RESULT: {"script":"<script> [8489 bytes]","args":[{"element-6066-11e4-a52e-4f735466cecf":"f.E22896224DAB0D107D3E889F8C0ECED7.d.1673445319CB00A47126C5EEC9BCE84D.e.18825","ELEMENT":"f.E22896224DAB0D107D3E889F8C0ECED7.d.1673445319CB00A47126C5EEC9BCE84D.e.18825"}]}
COMMAND: GET /session/ea2377afc02bbf13296b49c868bb39bc/element/f.E22896224DAB0D107D3E889F8C0ECED7.d.1673445319CB00A47126C5EEC9BCE84D.e.18825/enabled - {}
COMMAND: GET /session/ea2377afc02bbf13296b49c868bb39bc/screenshot - {}
RESULT: {}
COMMAND: POST /session/ea2377afc02bbf13296b49c868bb39bc/execute/sync - {"script":"<script> [8489 bytes]","args":[{"element-6066-11e4-a52e-4f735466cecf":"f.E22896224DAB0D107D3E889F8C0ECED7.d.1673445319CB00A47126C5EEC9BCE84D.e.18825","ELEMENT":"f.E22896224DAB0D107D3E889F8C0ECED7.d.1673445319CB00A47126C5EEC9BCE84D.e.18825"}]}
COMMAND: GET /session/ea2377afc02bbf13296b49c868bb39bc/screenshot - {}
RESULT: {}
RESULT: {"script":"<script> [8489 bytes]","args":[{"element-6066-11e4-a52e-4f735466cecf":"f.E22896224DAB0D107D3E889F8C0ECED7.d.1673445319CB00A47126C5EEC9BCE84D.e.18825","ELEMENT":"f.E22896224DAB0D107D3E889F8C0ECED7.d.1673445319CB00A47126C5EEC9BCE84D.e.18825"}]}
COMMAND: POST /session/ea2377afc02bbf13296b49c868bb39bc/execute/sync - {"script":"<script> [5351 bytes]","args":[{"element-6066-11e4-a52e-4f735466cecf":"f.E22896224DAB0D107D3E889F8C0ECED7.d.1673445319CB00A47126C5EEC9BCE84D.e.18825","ELEMENT":"f.E22896224DAB0D107D3E889F8C0ECED7.d.1673445319CB00A47126C5EEC9BCE84D.e.18825"}]}
COMMAND: GET /session/ea2377afc02bbf13296b49c868bb39bc/screenshot - {}
RESULT: {}
RESULT: {"script":"<script> [5351 bytes]","args":[{"element-6066-11e4-a52e-4f735466cecf":"f.E22896224DAB0D107D3E889F8C0ECED7.d.1673445319CB00A47126C5EEC9BCE84D.e.18825","ELEMENT":"f.E22896224DAB0D107D3E889F8C0ECED7.d.1673445319CB00A47126C5EEC9BCE84D.e.18825"}]}
COMMAND: GET /session/ea2377afc02bbf13296b49c868bb39bc/screenshot - {}
RESULT: {}
RESULT: {}
COMMAND: POST /session/ea2377afc02bbf13296b49c868bb39bc/element/f.E22896224DAB0D107D3E889F8C0ECED7.d.1673445319CB00A47126C5EEC9BCE84D.e.18825/click - {}
RESULT: {}
COMMAND: GET /session/ea2377afc02bbf13296b49c868bb39bc/screenshot - {}
RESULT: {}
COMMAND: POST /session/ea2377afc02bbf13296b49c868bb39bc/execute/async - {"script":"<script> [1562 bytes]","args":[{"selector":{"id":"application-managecontracts-display-component---AddNewContract--projectDescription","interaction":{"idSuffix":"inner"}},"wdio_ui5_key":"applicationmanagecontracts-display-component---AddNewContract--projectDescription"}]}
RESULT: {"script":"<script> [1562 bytes]","args":[{"selector":{"id":"application-managecontracts-display-component---AddNewContract--projectDescription","interaction":{"idSuffix":"inner"}},"wdio_ui5_key":"applicationmanagecontracts-display-component---AddNewContract--projectDescription"}]}
RESULT: undefined
COMMAND: POST /session/ea2377afc02bbf13296b49c868bb39bc/execute/async - {"script":"<script> [776 bytes]","args":[{"enterText":"Contract WDIO","selector":{"id":"application-managecontracts-display-component---AddNewContract--projectDescription","interaction":{"idSuffix":"inner"}},"clearTextFirst":true,"interactionType":"ENTER_TEXT"}]}
RESULT: {"script":"<script> [776 bytes]","args":[{"enterText":"Contract WDIO","selector":{"id":"application-managecontracts-display-component---AddNewContract--projectDescription","interaction":{"idSuffix":"inner"}},"clearTextFirst":true,"interactionType":"ENTER_TEXT"}]}
COMMAND: POST /session/ea2377afc02bbf13296b49c868bb39bc/element - {"using":"xpath","value":"//input[@id=\"application-managecontracts-display-component---AddNewContract--site-inner\"]"}
RESULT: {"using":"xpath","value":"//input[@id=\"application-managecontracts-display-component---AddNewContract--site-inner\"]"}
COMMAND: POST /session/ea2377afc02bbf13296b49c868bb39bc/element/f.E22896224DAB0D107D3E889F8C0ECED7.d.1673445319CB00A47126C5EEC9BCE84D.e.19194/clear - {}
RESULT: {}
COMMAND: POST /session/ea2377afc02bbf13296b49c868bb39bc/element/f.E22896224DAB0D107D3E889F8C0ECED7.d.1673445319CB00A47126C5EEC9BCE84D.e.19194/value - {"text":"2291"}
COMMAND: GET /session/ea2377afc02bbf13296b49c868bb39bc/screenshot - {}
RESULT: {"text":"2291"}
COMMAND: GET /session/ea2377afc02bbf13296b49c868bb39bc/screenshot - {}
RESULT: {}
RESULT: {}
COMMAND: POST /session/ea2377afc02bbf13296b49c868bb39bc/element - {"using":"xpath","value":"//li[.//span[text()='2291']]"}
RESULT: {"using":"xpath","value":"//li[.//span[text()='2291']]"}
COMMAND: POST /session/ea2377afc02bbf13296b49c868bb39bc/element/f.E22896224DAB0D107D3E889F8C0ECED7.d.1673445319CB00A47126C5EEC9BCE84D.e.19221/click - {}
RESULT: {}
COMMAND: GET /session/ea2377afc02bbf13296b49c868bb39bc/screenshot - {}
RESULT: {}
COMMAND: POST /session/ea2377afc02bbf13296b49c868bb39bc/element - {"using":"xpath","value":"//input[@id=\"application-managecontracts-display-component---AddNewContract--yardId-inner\"]"}
RESULT: {"using":"xpath","value":"//input[@id=\"application-managecontracts-display-component---AddNewContract--yardId-inner\"]"}
COMMAND: GET /session/ea2377afc02bbf13296b49c868bb39bc/element/f.E22896224DAB0D107D3E889F8C0ECED7.d.1673445319CB00A47126C5EEC9BCE84D.e.19195/property/value - {}
RESULT: {}
COMMAND: POST /session/ea2377afc02bbf13296b49c868bb39bc/element - {"using":"xpath","value":"//input[@id=\"application-managecontracts-display-component---AddNewContract--customerSelect-inner\"]"}
COMMAND: GET /session/ea2377afc02bbf13296b49c868bb39bc/screenshot - {}
RESULT: {"using":"xpath","value":"//input[@id=\"application-managecontracts-display-component---AddNewContract--customerSelect-inner\"]"}
COMMAND: POST /session/ea2377afc02bbf13296b49c868bb39bc/element/f.E22896224DAB0D107D3E889F8C0ECED7.d.1673445319CB00A47126C5EEC9BCE84D.e.19193/clear - {}
RESULT: {}
RESULT: {}
COMMAND: POST /session/ea2377afc02bbf13296b49c868bb39bc/element/f.E22896224DAB0D107D3E889F8C0ECED7.d.1673445319CB00A47126C5EEC9BCE84D.e.19193/value - {"text":"1348"}
COMMAND: GET /session/ea2377afc02bbf13296b49c868bb39bc/screenshot - {}
RESULT: {"text":"1348"}
COMMAND: GET /session/ea2377afc02bbf13296b49c868bb39bc/screenshot - {}
RESULT: {}
RESULT: {}
COMMAND: POST /session/ea2377afc02bbf13296b49c868bb39bc/element - {"using":"xpath","value":"//li[.//span[text()='1348']]"}
RESULT: {"using":"xpath","value":"//li[.//span[text()='1348']]"}
COMMAND: POST /session/ea2377afc02bbf13296b49c868bb39bc/element/f.E22896224DAB0D107D3E889F8C0ECED7.d.1673445319CB00A47126C5EEC9BCE84D.e.19224/click - {}
RESULT: {}
COMMAND: GET /session/ea2377afc02bbf13296b49c868bb39bc/screenshot - {}
RESULT: {}
COMMAND: POST /session/ea2377afc02bbf13296b49c868bb39bc/element - {"using":"xpath","value":"//button[@data-kt=\"saveButton\"]"}
RESULT: {"using":"xpath","value":"//button[@data-kt=\"saveButton\"]"}
COMMAND: POST /session/ea2377afc02bbf13296b49c868bb39bc/element/f.E22896224DAB0D107D3E889F8C0ECED7.d.1673445319CB00A47126C5EEC9BCE84D.e.19225/click - {}
RESULT: {}
COMMAND: GET /session/ea2377afc02bbf13296b49c868bb39bc/screenshot - {}
RESULT: {}
COMMAND: POST /session/ea2377afc02bbf13296b49c868bb39bc/element - {"using":"xpath","value":"//span[contains(@id ,\"contractDetailTitleNoExpanded\")]"}
RESULT: {"using":"xpath","value":"//span[contains(@id ,\"contractDetailTitleNoExpanded\")]"}
COMMAND: POST /session/ea2377afc02bbf13296b49c868bb39bc/elements - {"using":"xpath","value":"//span[contains(@id ,\"contractDetailTitleNoExpanded\")]"}
RESULT: {"using":"xpath","value":"//span[contains(@id ,\"contractDetailTitleNoExpanded\")]"}
COMMAND: POST /session/ea2377afc02bbf13296b49c868bb39bc/execute/sync - {"script":"<script> [56 bytes]","args":[{"element-6066-11e4-a52e-4f735466cecf":"f.E22896224DAB0D107D3E889F8C0ECED7.d.1673445319CB00A47126C5EEC9BCE84D.e.19298","ELEMENT":"f.E22896224DAB0D107D3E889F8C0ECED7.d.1673445319CB00A47126C5EEC9BCE84D.e.19298"}]}
RESULT: {"script":"<script> [56 bytes]","args":[{"element-6066-11e4-a52e-4f735466cecf":"f.E22896224DAB0D107D3E889F8C0ECED7.d.1673445319CB00A47126C5EEC9BCE84D.e.19298","ELEMENT":"f.E22896224DAB0D107D3E889F8C0ECED7.d.1673445319CB00A47126C5EEC9BCE84D.e.19298"}]}
COMMAND: GET /session/ea2377afc02bbf13296b49c868bb39bc/screenshot - {}
RESULT: {}
]]></system-out>
    </testcase>
    <testcase classname="chrome.136_0_7103_93.windows.Create_Reverse_Billing_US127248" name="Should add equipment to the contract" time="46.895">
      <system-out><![CDATA[
COMMAND: POST /session/ea2377afc02bbf13296b49c868bb39bc/element - {"using":"xpath","value":"//button[@data-kt=\"contractDetailEditBtnButton\"]"}
RESULT: {"using":"xpath","value":"//button[@data-kt=\"contractDetailEditBtnButton\"]"}
COMMAND: POST /session/ea2377afc02bbf13296b49c868bb39bc/element/f.E22896224DAB0D107D3E889F8C0ECED7.d.1673445319CB00A47126C5EEC9BCE84D.e.19299/click - {}
RESULT: {}
COMMAND: GET /session/ea2377afc02bbf13296b49c868bb39bc/screenshot - {}
RESULT: {}
COMMAND: POST /session/ea2377afc02bbf13296b49c868bb39bc/element - {"using":"xpath","value":"(//span[contains(text(), \"Additional Addresses\")])[2]"}
RESULT: {"using":"xpath","value":"(//span[contains(text(), \"Additional Addresses\")])[2]"}
COMMAND: POST /session/ea2377afc02bbf13296b49c868bb39bc/element/f.E22896224DAB0D107D3E889F8C0ECED7.d.1673445319CB00A47126C5EEC9BCE84D.e.19355/click - {}
RESULT: {}
COMMAND: GET /session/ea2377afc02bbf13296b49c868bb39bc/screenshot - {}
RESULT: {}
COMMAND: POST /session/ea2377afc02bbf13296b49c868bb39bc/element - {"using":"xpath","value":"//button[@data-kt=\"btnAddTableRowOverflowToolbarButton\"]"}
RESULT: {"using":"xpath","value":"//button[@data-kt=\"btnAddTableRowOverflowToolbarButton\"]"}
COMMAND: POST /session/ea2377afc02bbf13296b49c868bb39bc/element/f.E22896224DAB0D107D3E889F8C0ECED7.d.1673445319CB00A47126C5EEC9BCE84D.e.19358/click - {}
RESULT: {}
COMMAND: GET /session/ea2377afc02bbf13296b49c868bb39bc/screenshot - {}
RESULT: {}
COMMAND: POST /session/ea2377afc02bbf13296b49c868bb39bc/element - {"using":"xpath","value":"//div[(text() = 'Standard Entry' or . = 'Standard Entry')]"}
RESULT: {"using":"xpath","value":"//div[(text() = 'Standard Entry' or . = 'Standard Entry')]"}
COMMAND: POST /session/ea2377afc02bbf13296b49c868bb39bc/element/f.E22896224DAB0D107D3E889F8C0ECED7.d.1673445319CB00A47126C5EEC9BCE84D.e.19360/click - {}
RESULT: {}
COMMAND: GET /session/ea2377afc02bbf13296b49c868bb39bc/screenshot - {}
RESULT: {}
COMMAND: POST /session/ea2377afc02bbf13296b49c868bb39bc/element - {"using":"xpath","value":"//td[7]/div/div/input"}
RESULT: {"using":"xpath","value":"//td[7]/div/div/input"}
COMMAND: POST /session/ea2377afc02bbf13296b49c868bb39bc/element/f.E22896224DAB0D107D3E889F8C0ECED7.d.1673445319CB00A47126C5EEC9BCE84D.e.19369/clear - {}
RESULT: {}
COMMAND: POST /session/ea2377afc02bbf13296b49c868bb39bc/element/f.E22896224DAB0D107D3E889F8C0ECED7.d.1673445319CB00A47126C5EEC9BCE84D.e.19369/value - {"text":"Ha1uJvNlgk"}
COMMAND: GET /session/ea2377afc02bbf13296b49c868bb39bc/screenshot - {}
RESULT: {"text":"Ha1uJvNlgk"}
COMMAND: GET /session/ea2377afc02bbf13296b49c868bb39bc/screenshot - {}
RESULT: {}
RESULT: {}
COMMAND: POST /session/ea2377afc02bbf13296b49c868bb39bc/actions - {"actions":[{"id":"action71","type":"key","parameters":{},"actions":[{"type":"keyDown","value":"î€‡"},{"type":"pause","duration":10},{"type":"keyUp","value":"î€‡"}]}]}
RESULT: {"actions":[{"id":"action71","type":"key","parameters":{},"actions":[{"type":"keyDown","value":"î€‡"},{"type":"pause","duration":10},{"type":"keyUp","value":"î€‡"}]}]}
COMMAND: GET /session/ea2377afc02bbf13296b49c868bb39bc/screenshot - {}
RESULT: {}
COMMAND: POST /session/ea2377afc02bbf13296b49c868bb39bc/execute/sync - {"script":"<script> [276 bytes]","args":["No pricing information was found"]}
RESULT: {"script":"<script> [276 bytes]","args":["No pricing information was found"]}
COMMAND: POST /session/ea2377afc02bbf13296b49c868bb39bc/element - {"using":"xpath","value":"(//button[@data-kt=\"saveButton\"])[2]"}
COMMAND: GET /session/ea2377afc02bbf13296b49c868bb39bc/screenshot - {}
RESULT: {"using":"xpath","value":"(//button[@data-kt=\"saveButton\"])[2]"}
COMMAND: POST /session/ea2377afc02bbf13296b49c868bb39bc/element/f.E22896224DAB0D107D3E889F8C0ECED7.d.1673445319CB00A47126C5EEC9BCE84D.e.19384/click - {}
RESULT: {}
RESULT: {}
COMMAND: GET /session/ea2377afc02bbf13296b49c868bb39bc/screenshot - {}
RESULT: {}
COMMAND: POST /session/ea2377afc02bbf13296b49c868bb39bc/execute/sync - {"script":"<script> [276 bytes]","args":["Some contract items are having rental validity exceeding header rental validity"]}
RESULT: {"script":"<script> [276 bytes]","args":["Some contract items are having rental validity exceeding header rental validity"]}
COMMAND: GET /session/ea2377afc02bbf13296b49c868bb39bc/screenshot - {}
RESULT: {}
COMMAND: POST /session/ea2377afc02bbf13296b49c868bb39bc/element - {"using":"xpath","value":"//span[contains(@id ,\"contractItemsSmartTable-header-inner\")]"}
RESULT: {"using":"xpath","value":"//span[contains(@id ,\"contractItemsSmartTable-header-inner\")]"}
COMMAND: POST /session/ea2377afc02bbf13296b49c868bb39bc/elements - {"using":"xpath","value":"//span[contains(@id ,\"contractItemsSmartTable-header-inner\")]"}
RESULT: {"using":"xpath","value":"//span[contains(@id ,\"contractItemsSmartTable-header-inner\")]"}
COMMAND: POST /session/ea2377afc02bbf13296b49c868bb39bc/execute/sync - {"script":"<script> [56 bytes]","args":[{"element-6066-11e4-a52e-4f735466cecf":"f.E22896224DAB0D107D3E889F8C0ECED7.d.1673445319CB00A47126C5EEC9BCE84D.e.19390","ELEMENT":"f.E22896224DAB0D107D3E889F8C0ECED7.d.1673445319CB00A47126C5EEC9BCE84D.e.19390"}]}
RESULT: {"script":"<script> [56 bytes]","args":[{"element-6066-11e4-a52e-4f735466cecf":"f.E22896224DAB0D107D3E889F8C0ECED7.d.1673445319CB00A47126C5EEC9BCE84D.e.19390","ELEMENT":"f.E22896224DAB0D107D3E889F8C0ECED7.d.1673445319CB00A47126C5EEC9BCE84D.e.19390"}]}
]]></system-out>
    </testcase>
    <testcase classname="chrome.136_0_7103_93.windows.Create_Reverse_Billing_US127248" name="Should do a provide to site handover" time="66.077">
      <system-out><![CDATA[
COMMAND: GET /session/ea2377afc02bbf13296b49c868bb39bc/screenshot - {}
COMMAND: POST /session/ea2377afc02bbf13296b49c868bb39bc/element - {"using":"xpath","value":"//button[@data-kt=\"provideButton\"]"}
RESULT: {}
RESULT: {"using":"xpath","value":"//button[@data-kt=\"provideButton\"]"}
COMMAND: POST /session/ea2377afc02bbf13296b49c868bb39bc/element/f.E22896224DAB0D107D3E889F8C0ECED7.d.1673445319CB00A47126C5EEC9BCE84D.e.19391/click - {}
RESULT: {}
COMMAND: GET /session/ea2377afc02bbf13296b49c868bb39bc/screenshot - {}
RESULT: undefined
COMMAND: POST /session/ea2377afc02bbf13296b49c868bb39bc/execute/async - {"script":"<script> [6424 bytes]","args":[{"element-6066-11e4-a52e-4f735466cecf":"f.E22896224DAB0D107D3E889F8C0ECED7.d.1673445319CB00A47126C5EEC9BCE84D.e.18393"},"setValue",["5/20/25"]]}
RESULT: {}
COMMAND: POST /session/ea2377afc02bbf13296b49c868bb39bc/execute/async - {"script":"<script> [1562 bytes]","args":[{"selector":{"id":"application-managehandovers-display-component---AddNewHO--dueDate","interaction":{"idSuffix":"inner"}},"wdio_ui5_key":"applicationmanagehandovers-display-component---AddNewHO--dueDate"}]}
RESULT: {"script":"<script> [1562 bytes]","args":[{"selector":{"id":"application-managehandovers-display-component---AddNewHO--dueDate","interaction":{"idSuffix":"inner"}},"wdio_ui5_key":"applicationmanagehandovers-display-component---AddNewHO--dueDate"}]}
COMMAND: POST /session/ea2377afc02bbf13296b49c868bb39bc/execute/async - {"script":"<script> [6424 bytes]","args":[{"element-6066-11e4-a52e-4f735466cecf":"f.E22896224DAB0D107D3E889F8C0ECED7.d.1673445319CB00A47126C5EEC9BCE84D.e.19481"},"setValue",["5/20/25"]]}
RESULT: {"script":"<script> [6424 bytes]","args":[{"element-6066-11e4-a52e-4f735466cecf":"f.E22896224DAB0D107D3E889F8C0ECED7.d.1673445319CB00A47126C5EEC9BCE84D.e.19481"},"setValue",["5/20/25"]]}
COMMAND: POST /session/ea2377afc02bbf13296b49c868bb39bc/element - {"using":"xpath","value":"//bdi[contains(text(), \"Instructions\")]"}
RESULT: {"using":"xpath","value":"//bdi[contains(text(), \"Instructions\")]"}
COMMAND: POST /session/ea2377afc02bbf13296b49c868bb39bc/element/f.E22896224DAB0D107D3E889F8C0ECED7.d.1673445319CB00A47126C5EEC9BCE84D.e.19705/click - {}
RESULT: {}
COMMAND: GET /session/ea2377afc02bbf13296b49c868bb39bc/screenshot - {}
RESULT: {}
COMMAND: POST /session/ea2377afc02bbf13296b49c868bb39bc/element - {"using":"xpath","value":"//button[@data-kt=\"AddNewHOProvideAddItemsButton\"]"}
RESULT: {"using":"xpath","value":"//button[@data-kt=\"AddNewHOProvideAddItemsButton\"]"}
COMMAND: POST /session/ea2377afc02bbf13296b49c868bb39bc/element/f.E22896224DAB0D107D3E889F8C0ECED7.d.1673445319CB00A47126C5EEC9BCE84D.e.19709/click - {}
RESULT: {}
COMMAND: GET /session/ea2377afc02bbf13296b49c868bb39bc/screenshot - {}
RESULT: {}
RESULT: undefined
COMMAND: POST /session/ea2377afc02bbf13296b49c868bb39bc/element - {"using":"xpath","value":"//*[@id=\"application-managehandovers-display-component---AddNewHO--popup-sa\"]"}
RESULT: {"using":"xpath","value":"//*[@id=\"application-managehandovers-display-component---AddNewHO--popup-sa\"]"}
COMMAND: POST /session/ea2377afc02bbf13296b49c868bb39bc/element/f.E22896224DAB0D107D3E889F8C0ECED7.d.1673445319CB00A47126C5EEC9BCE84D.e.19724/click - {}
RESULT: {}
COMMAND: GET /session/ea2377afc02bbf13296b49c868bb39bc/screenshot - {}
RESULT: {}
COMMAND: POST /session/ea2377afc02bbf13296b49c868bb39bc/element - {"using":"xpath","value":"//*[contains(@id ,\"BDI-content\")][contains(text(), \"Select\")]"}
RESULT: {"using":"xpath","value":"//*[contains(@id ,\"BDI-content\")][contains(text(), \"Select\")]"}
COMMAND: POST /session/ea2377afc02bbf13296b49c868bb39bc/element/f.E22896224DAB0D107D3E889F8C0ECED7.d.1673445319CB00A47126C5EEC9BCE84D.e.19726/click - {}
RESULT: {}
COMMAND: GET /session/ea2377afc02bbf13296b49c868bb39bc/screenshot - {}
RESULT: {}
COMMAND: POST /session/ea2377afc02bbf13296b49c868bb39bc/execute/async - {"script":"<script> [1562 bytes]","args":[{"selector":{"id":"application-managehandovers-display-component---AddNewHO--confirmCreationButton","interaction":{"idSuffix":"BDI-content"}},"wdio_ui5_key":"applicationmanagehandovers-display-component---AddNewHO--confirmCreationButton"}]}
RESULT: {"script":"<script> [1562 bytes]","args":[{"selector":{"id":"application-managehandovers-display-component---AddNewHO--confirmCreationButton","interaction":{"idSuffix":"BDI-content"}},"wdio_ui5_key":"applicationmanagehandovers-display-component---AddNewHO--confirmCreationButton"}]}
RESULT: undefined
COMMAND: POST /session/ea2377afc02bbf13296b49c868bb39bc/element - {"using":"xpath","value":"//*[@id=\"application-managehandovers-display-component---AddNewHO--confirmCreationButton\"]"}
RESULT: {"using":"xpath","value":"//*[@id=\"application-managehandovers-display-component---AddNewHO--confirmCreationButton\"]"}
COMMAND: POST /session/ea2377afc02bbf13296b49c868bb39bc/element/f.E22896224DAB0D107D3E889F8C0ECED7.d.1673445319CB00A47126C5EEC9BCE84D.e.19527/click - {}
RESULT: {}
COMMAND: GET /session/ea2377afc02bbf13296b49c868bb39bc/screenshot - {}
RESULT: {}
COMMAND: POST /session/ea2377afc02bbf13296b49c868bb39bc/execute/async - {"script":"<script> [1562 bytes]","args":[{"selector":{"id":"issueDatePicker","viewName":"etm.portal.ui.managehandovers.view.DetailExecuteHO","interaction":{"idSuffix":"inner"}},"wdio_ui5_key":"issueDatePickeretmportal.ui.managehandovers.view.DetailExecuteHO"}]}
RESULT: {"script":"<script> [1562 bytes]","args":[{"selector":{"id":"issueDatePicker","viewName":"etm.portal.ui.managehandovers.view.DetailExecuteHO","interaction":{"idSuffix":"inner"}},"wdio_ui5_key":"issueDatePickeretmportal.ui.managehandovers.view.DetailExecuteHO"}]}
RESULT: undefined
COMMAND: POST /session/ea2377afc02bbf13296b49c868bb39bc/execute/async - {"script":"<script> [776 bytes]","args":[{"enterText":"5/20/25","selector":{"id":"issueDatePicker","viewName":"etm.portal.ui.managehandovers.view.DetailExecuteHO","interaction":{"idSuffix":"inner"}},"clearTextFirst":true,"interactionType":"ENTER_TEXT"}]}
RESULT: {"script":"<script> [776 bytes]","args":[{"enterText":"5/20/25","selector":{"id":"issueDatePicker","viewName":"etm.portal.ui.managehandovers.view.DetailExecuteHO","interaction":{"idSuffix":"inner"}},"clearTextFirst":true,"interactionType":"ENTER_TEXT"}]}
COMMAND: POST /session/ea2377afc02bbf13296b49c868bb39bc/element - {"using":"xpath","value":"//bdi[contains(text(), \"OK\")]"}
RESULT: {"using":"xpath","value":"//bdi[contains(text(), \"OK\")]"}
COMMAND: POST /session/ea2377afc02bbf13296b49c868bb39bc/element/f.E22896224DAB0D107D3E889F8C0ECED7.d.1673445319CB00A47126C5EEC9BCE84D.e.19774/click - {}
RESULT: {}
COMMAND: GET /session/ea2377afc02bbf13296b49c868bb39bc/screenshot - {}
RESULT: {}
COMMAND: POST /session/ea2377afc02bbf13296b49c868bb39bc/element - {"using":"xpath","value":"//button[@data-kt=\"PickingTableConfirmAllButton\"]"}
RESULT: {"using":"xpath","value":"//button[@data-kt=\"PickingTableConfirmAllButton\"]"}
COMMAND: POST /session/ea2377afc02bbf13296b49c868bb39bc/element/f.E22896224DAB0D107D3E889F8C0ECED7.d.1673445319CB00A47126C5EEC9BCE84D.e.19781/click - {}
RESULT: {}
COMMAND: GET /session/ea2377afc02bbf13296b49c868bb39bc/screenshot - {}
RESULT: {}
COMMAND: POST /session/ea2377afc02bbf13296b49c868bb39bc/element - {"using":"xpath","value":"//bdi[contains(text(), \"OK\")]"}
RESULT: {"using":"xpath","value":"//bdi[contains(text(), \"OK\")]"}
COMMAND: POST /session/ea2377afc02bbf13296b49c868bb39bc/element/f.E22896224DAB0D107D3E889F8C0ECED7.d.1673445319CB00A47126C5EEC9BCE84D.e.19785/click - {}
RESULT: {}
COMMAND: GET /session/ea2377afc02bbf13296b49c868bb39bc/screenshot - {}
RESULT: {}
COMMAND: POST /session/ea2377afc02bbf13296b49c868bb39bc/element - {"using":"xpath","value":"//bdi[contains(text(), \"Issue\")]"}
RESULT: {"using":"xpath","value":"//bdi[contains(text(), \"Issue\")]"}
COMMAND: POST /session/ea2377afc02bbf13296b49c868bb39bc/element/f.E22896224DAB0D107D3E889F8C0ECED7.d.1673445319CB00A47126C5EEC9BCE84D.e.19786/click - {}
RESULT: {}
COMMAND: GET /session/ea2377afc02bbf13296b49c868bb39bc/screenshot - {}
RESULT: {}
COMMAND: POST /session/ea2377afc02bbf13296b49c868bb39bc/element - {"using":"css selector","value":"#shell-header-logo"}
RESULT: {"using":"css selector","value":"#shell-header-logo"}
COMMAND: POST /session/ea2377afc02bbf13296b49c868bb39bc/element/f.E22896224DAB0D107D3E889F8C0ECED7.d.1673445319CB00A47126C5EEC9BCE84D.e.18786/click - {}
RESULT: {}
COMMAND: GET /session/ea2377afc02bbf13296b49c868bb39bc/screenshot - {}
RESULT: {}
]]></system-out>
    </testcase>
    <testcase classname="chrome.136_0_7103_93.windows.Create_Reverse_Billing_US127248" name="Should go navigate to Manage Billings and trigger contract calculation check result" time="63.993">
      <system-out><![CDATA[
COMMAND: POST /session/ea2377afc02bbf13296b49c868bb39bc/execute/async - {"script":"<script> [1562 bytes]","args":[{"selector":{"controlType":"sap.m.GenericTile","properties":{"header":"Manage Billings"}},"wdio_ui5_key":"sapm.GenericTile{\"header\":\"Manage Billings\"}"}]}
RESULT: {"script":"<script> [1562 bytes]","args":[{"selector":{"controlType":"sap.m.GenericTile","properties":{"header":"Manage Billings"}},"wdio_ui5_key":"sapm.GenericTile{\"header\":\"Manage Billings\"}"}]}
RESULT: undefined
COMMAND: POST /session/ea2377afc02bbf13296b49c868bb39bc/element - {"using":"xpath","value":"//*[@id=\"__tile51\"]"}
RESULT: {"using":"xpath","value":"//*[@id=\"__tile51\"]"}
COMMAND: POST /session/ea2377afc02bbf13296b49c868bb39bc/element/f.E22896224DAB0D107D3E889F8C0ECED7.d.1673445319CB00A47126C5EEC9BCE84D.e.16808/click - {}
RESULT: {}
COMMAND: GET /session/ea2377afc02bbf13296b49c868bb39bc/screenshot - {}
RESULT: {}
COMMAND: POST /session/ea2377afc02bbf13296b49c868bb39bc/elements - {"using":"xpath","value":"//span[text()='Error']"}
RESULT: {"using":"xpath","value":"//span[text()='Error']"}
COMMAND: POST /session/ea2377afc02bbf13296b49c868bb39bc/execute/async - {"script":"<script> [1562 bytes]","args":[{"selector":{"id":"application-managebillings-display-component---billRunCalcResult--smartFilterBar-btnBasicSearch","interaction":{"idSuffix":"I"}},"wdio_ui5_key":"applicationmanagebillings-display-component---billRunCalcResult--smartFilterBar-btnBasicSearch"}]}
RESULT: {"script":"<script> [1562 bytes]","args":[{"selector":{"id":"application-managebillings-display-component---billRunCalcResult--smartFilterBar-btnBasicSearch","interaction":{"idSuffix":"I"}},"wdio_ui5_key":"applicationmanagebillings-display-component---billRunCalcResult--smartFilterBar-btnBasicSearch"}]}
RESULT: undefined
COMMAND: POST /session/ea2377afc02bbf13296b49c868bb39bc/execute/async - {"script":"<script> [776 bytes]","args":[{"enterText":"10418","selector":{"id":"application-managebillings-display-component---billRunCalcResult--smartFilterBar-btnBasicSearch","interaction":{"idSuffix":"I"}},"clearTextFirst":true,"interactionType":"ENTER_TEXT"}]}
RESULT: {"script":"<script> [776 bytes]","args":[{"enterText":"10418","selector":{"id":"application-managebillings-display-component---billRunCalcResult--smartFilterBar-btnBasicSearch","interaction":{"idSuffix":"I"}},"clearTextFirst":true,"interactionType":"ENTER_TEXT"}]}
COMMAND: POST /session/ea2377afc02bbf13296b49c868bb39bc/actions - {"actions":[{"id":"action72","type":"key","parameters":{},"actions":[{"type":"keyDown","value":"î€‡"},{"type":"pause","duration":10},{"type":"keyUp","value":"î€‡"}]}]}
RESULT: {"actions":[{"id":"action72","type":"key","parameters":{},"actions":[{"type":"keyDown","value":"î€‡"},{"type":"pause","duration":10},{"type":"keyUp","value":"î€‡"}]}]}
COMMAND: GET /session/ea2377afc02bbf13296b49c868bb39bc/screenshot - {}
RESULT: {}
COMMAND: POST /session/ea2377afc02bbf13296b49c868bb39bc/element - {"using":"xpath","value":"//td[@aria-colindex=\"1\"]/div/div[contains(@class, \"sapMCbBg\")]"}
RESULT: {"using":"xpath","value":"//td[@aria-colindex=\"1\"]/div/div[contains(@class, \"sapMCbBg\")]"}
COMMAND: POST /session/ea2377afc02bbf13296b49c868bb39bc/element/f.E22896224DAB0D107D3E889F8C0ECED7.d.1673445319CB00A47126C5EEC9BCE84D.e.20179/click - {}
RESULT: {}
COMMAND: GET /session/ea2377afc02bbf13296b49c868bb39bc/screenshot - {}
RESULT: {}
COMMAND: POST /session/ea2377afc02bbf13296b49c868bb39bc/execute/async - {"script":"<script> [1562 bytes]","args":[{"selector":{"id":"application-managebillings-display-component---billRunCalcResult--contractBillRunDate","interaction":{"idSuffix":"inner"}},"wdio_ui5_key":"applicationmanagebillings-display-component---billRunCalcResult--contractBillRunDate"}]}
RESULT: {"script":"<script> [1562 bytes]","args":[{"selector":{"id":"application-managebillings-display-component---billRunCalcResult--contractBillRunDate","interaction":{"idSuffix":"inner"}},"wdio_ui5_key":"applicationmanagebillings-display-component---billRunCalcResult--contractBillRunDate"}]}
RESULT: undefined
COMMAND: POST /session/ea2377afc02bbf13296b49c868bb39bc/execute/async - {"script":"<script> [776 bytes]","args":[{"enterText":"6/20/25","selector":{"id":"application-managebillings-display-component---billRunCalcResult--contractBillRunDate","interaction":{"idSuffix":"inner"}},"clearTextFirst":true,"interactionType":"ENTER_TEXT"}]}
RESULT: {"script":"<script> [776 bytes]","args":[{"enterText":"6/20/25","selector":{"id":"application-managebillings-display-component---billRunCalcResult--contractBillRunDate","interaction":{"idSuffix":"inner"}},"clearTextFirst":true,"interactionType":"ENTER_TEXT"}]}
COMMAND: POST /session/ea2377afc02bbf13296b49c868bb39bc/element - {"using":"xpath","value":"//bdi[contains(text(), \"Trigger Calculation\")]"}
RESULT: {"using":"xpath","value":"//bdi[contains(text(), \"Trigger Calculation\")]"}
COMMAND: POST /session/ea2377afc02bbf13296b49c868bb39bc/element/f.E22896224DAB0D107D3E889F8C0ECED7.d.1673445319CB00A47126C5EEC9BCE84D.e.20230/click - {}
RESULT: {}
COMMAND: GET /session/ea2377afc02bbf13296b49c868bb39bc/screenshot - {}
RESULT: {}
COMMAND: POST /session/ea2377afc02bbf13296b49c868bb39bc/element - {"using":"xpath","value":"(//span[contains(@id, \"imgNav\")])[1]"}
RESULT: {"using":"xpath","value":"(//span[contains(@id, \"imgNav\")])[1]"}
COMMAND: POST /session/ea2377afc02bbf13296b49c868bb39bc/element/f.E22896224DAB0D107D3E889F8C0ECED7.d.1673445319CB00A47126C5EEC9BCE84D.e.20180/click - {}
RESULT: {}
COMMAND: GET /session/ea2377afc02bbf13296b49c868bb39bc/screenshot - {}
RESULT: {}
COMMAND: POST /session/ea2377afc02bbf13296b49c868bb39bc/element - {"using":"xpath","value":"//tr/td[6]/div[1]/span[1]/span[1]"}
RESULT: {"using":"xpath","value":"//tr/td[6]/div[1]/span[1]/span[1]"}
COMMAND: GET /session/ea2377afc02bbf13296b49c868bb39bc/element/f.E22896224DAB0D107D3E889F8C0ECED7.d.1673445319CB00A47126C5EEC9BCE84D.e.20235/text - {}
RESULT: {}
COMMAND: POST /session/ea2377afc02bbf13296b49c868bb39bc/element - {"using":"xpath","value":"(//span[contains(@id, \"imgNav\")])[2]"}
RESULT: {"using":"xpath","value":"(//span[contains(@id, \"imgNav\")])[2]"}
COMMAND: POST /session/ea2377afc02bbf13296b49c868bb39bc/element/f.E22896224DAB0D107D3E889F8C0ECED7.d.1673445319CB00A47126C5EEC9BCE84D.e.20236/click - {}
RESULT: {}
COMMAND: POST /session/ea2377afc02bbf13296b49c868bb39bc/element - {"using":"xpath","value":"//bdi[contains(text(), \"Business Confirm\")]"}
COMMAND: GET /session/ea2377afc02bbf13296b49c868bb39bc/screenshot - {}
RESULT: {"using":"xpath","value":"//bdi[contains(text(), \"Business Confirm\")]"}
COMMAND: POST /session/ea2377afc02bbf13296b49c868bb39bc/elements - {"using":"xpath","value":"//bdi[contains(text(), \"Business Confirm\")]"}
RESULT: {}
RESULT: {"using":"xpath","value":"//bdi[contains(text(), \"Business Confirm\")]"}
COMMAND: POST /session/ea2377afc02bbf13296b49c868bb39bc/element - {"using":"xpath","value":"//bdi[contains(text(), \"Business Confirm\")]"}
RESULT: {"using":"xpath","value":"//bdi[contains(text(), \"Business Confirm\")]"}
COMMAND: POST /session/ea2377afc02bbf13296b49c868bb39bc/element/f.E22896224DAB0D107D3E889F8C0ECED7.d.1673445319CB00A47126C5EEC9BCE84D.e.20285/click - {}
RESULT: {}
COMMAND: POST /session/ea2377afc02bbf13296b49c868bb39bc/element - {"using":"css selector","value":"#shell-header-logo"}
COMMAND: GET /session/ea2377afc02bbf13296b49c868bb39bc/screenshot - {}
RESULT: {"using":"css selector","value":"#shell-header-logo"}
COMMAND: POST /session/ea2377afc02bbf13296b49c868bb39bc/element/f.E22896224DAB0D107D3E889F8C0ECED7.d.1673445319CB00A47126C5EEC9BCE84D.e.19962/click - {}
RESULT: {}
RESULT: {}
COMMAND: GET /session/ea2377afc02bbf13296b49c868bb39bc/screenshot - {}
RESULT: {}
]]></system-out>
    </testcase>
    <testcase classname="chrome.136_0_7103_93.windows.Create_Reverse_Billing_US127248" name="Should go into Billing Transfer and reverse the billing" time="40.915">
      <system-out><![CDATA[
COMMAND: POST /session/ea2377afc02bbf13296b49c868bb39bc/execute/async - {"script":"<script> [1562 bytes]","args":[{"selector":{"controlType":"sap.m.GenericTile","properties":{"header":"Billing Transfer"}},"wdio_ui5_key":"sapm.GenericTile{\"header\":\"Billing Transfer\"}"}]}
RESULT: {"script":"<script> [1562 bytes]","args":[{"selector":{"controlType":"sap.m.GenericTile","properties":{"header":"Billing Transfer"}},"wdio_ui5_key":"sapm.GenericTile{\"header\":\"Billing Transfer\"}"}]}
RESULT: undefined
COMMAND: POST /session/ea2377afc02bbf13296b49c868bb39bc/element - {"using":"xpath","value":"//*[@id=\"__tile50\"]"}
RESULT: {"using":"xpath","value":"//*[@id=\"__tile50\"]"}
COMMAND: POST /session/ea2377afc02bbf13296b49c868bb39bc/element/f.E22896224DAB0D107D3E889F8C0ECED7.d.1673445319CB00A47126C5EEC9BCE84D.e.16806/click - {}
RESULT: {}
COMMAND: GET /session/ea2377afc02bbf13296b49c868bb39bc/screenshot - {}
RESULT: {}
COMMAND: POST /session/ea2377afc02bbf13296b49c868bb39bc/elements - {"using":"xpath","value":"//span[text()='Error']"}
RESULT: {"using":"xpath","value":"//span[text()='Error']"}
COMMAND: POST /session/ea2377afc02bbf13296b49c868bb39bc/element - {"using":"xpath","value":"//input[contains(@id ,\"application-billingtransfer-display-component---billingWorkbench--smartFilterBar-btnBasicSearch\")]"}
RESULT: {"using":"xpath","value":"//input[contains(@id ,\"application-billingtransfer-display-component---billingWorkbench--smartFilterBar-btnBasicSearch\")]"}
COMMAND: POST /session/ea2377afc02bbf13296b49c868bb39bc/elements - {"using":"xpath","value":"//input[contains(@id ,\"application-billingtransfer-display-component---billingWorkbench--smartFilterBar-btnBasicSearch\")]"}
RESULT: {"using":"xpath","value":"//input[contains(@id ,\"application-billingtransfer-display-component---billingWorkbench--smartFilterBar-btnBasicSearch\")]"}
COMMAND: POST /session/ea2377afc02bbf13296b49c868bb39bc/execute/sync - {"script":"<script> [8489 bytes]","args":[{"element-6066-11e4-a52e-4f735466cecf":"f.E22896224DAB0D107D3E889F8C0ECED7.d.1673445319CB00A47126C5EEC9BCE84D.e.20295","ELEMENT":"f.E22896224DAB0D107D3E889F8C0ECED7.d.1673445319CB00A47126C5EEC9BCE84D.e.20295"}]}
RESULT: {"script":"<script> [8489 bytes]","args":[{"element-6066-11e4-a52e-4f735466cecf":"f.E22896224DAB0D107D3E889F8C0ECED7.d.1673445319CB00A47126C5EEC9BCE84D.e.20295","ELEMENT":"f.E22896224DAB0D107D3E889F8C0ECED7.d.1673445319CB00A47126C5EEC9BCE84D.e.20295"}]}
COMMAND: GET /session/ea2377afc02bbf13296b49c868bb39bc/element/f.E22896224DAB0D107D3E889F8C0ECED7.d.1673445319CB00A47126C5EEC9BCE84D.e.20295/enabled - {}
COMMAND: GET /session/ea2377afc02bbf13296b49c868bb39bc/screenshot - {}
RESULT: {}
COMMAND: POST /session/ea2377afc02bbf13296b49c868bb39bc/element/f.E22896224DAB0D107D3E889F8C0ECED7.d.1673445319CB00A47126C5EEC9BCE84D.e.20295/click - {}
COMMAND: GET /session/ea2377afc02bbf13296b49c868bb39bc/screenshot - {}
RESULT: {}
RESULT: {}
COMMAND: GET /session/ea2377afc02bbf13296b49c868bb39bc/screenshot - {}
RESULT: {}
RESULT: {}
COMMAND: POST /session/ea2377afc02bbf13296b49c868bb39bc/element/f.E22896224DAB0D107D3E889F8C0ECED7.d.1673445319CB00A47126C5EEC9BCE84D.e.20295/clear - {}
RESULT: {}
COMMAND: POST /session/ea2377afc02bbf13296b49c868bb39bc/element/f.E22896224DAB0D107D3E889F8C0ECED7.d.1673445319CB00A47126C5EEC9BCE84D.e.20295/value - {"text":"10418"}
COMMAND: GET /session/ea2377afc02bbf13296b49c868bb39bc/screenshot - {}
RESULT: {"text":"10418"}
COMMAND: POST /session/ea2377afc02bbf13296b49c868bb39bc/actions - {"actions":[{"id":"action73","type":"key","parameters":{},"actions":[{"type":"keyDown","value":"î€‡"},{"type":"pause","duration":10},{"type":"keyUp","value":"î€‡"}]}]}
COMMAND: GET /session/ea2377afc02bbf13296b49c868bb39bc/screenshot - {}
RESULT: {}
RESULT: {"actions":[{"id":"action73","type":"key","parameters":{},"actions":[{"type":"keyDown","value":"î€‡"},{"type":"pause","duration":10},{"type":"keyUp","value":"î€‡"}]}]}
COMMAND: GET /session/ea2377afc02bbf13296b49c868bb39bc/screenshot - {}
RESULT: {}
RESULT: {}
COMMAND: POST /session/ea2377afc02bbf13296b49c868bb39bc/element - {"using":"xpath","value":"//span[contains(@id ,\"application-billingtransfer-display-component---billingWorkbench--smartTableBillingRuns-header-inner\")]"}
RESULT: {"using":"xpath","value":"//span[contains(@id ,\"application-billingtransfer-display-component---billingWorkbench--smartTableBillingRuns-header-inner\")]"}
COMMAND: POST /session/ea2377afc02bbf13296b49c868bb39bc/elements - {"using":"xpath","value":"//span[contains(@id ,\"application-billingtransfer-display-component---billingWorkbench--smartTableBillingRuns-header-inner\")]"}
RESULT: {"using":"xpath","value":"//span[contains(@id ,\"application-billingtransfer-display-component---billingWorkbench--smartTableBillingRuns-header-inner\")]"}
COMMAND: POST /session/ea2377afc02bbf13296b49c868bb39bc/execute/sync - {"script":"<script> [56 bytes]","args":[{"element-6066-11e4-a52e-4f735466cecf":"f.E22896224DAB0D107D3E889F8C0ECED7.d.1673445319CB00A47126C5EEC9BCE84D.e.20461","ELEMENT":"f.E22896224DAB0D107D3E889F8C0ECED7.d.1673445319CB00A47126C5EEC9BCE84D.e.20461"}]}
RESULT: {"script":"<script> [56 bytes]","args":[{"element-6066-11e4-a52e-4f735466cecf":"f.E22896224DAB0D107D3E889F8C0ECED7.d.1673445319CB00A47126C5EEC9BCE84D.e.20461","ELEMENT":"f.E22896224DAB0D107D3E889F8C0ECED7.d.1673445319CB00A47126C5EEC9BCE84D.e.20461"}]}
COMMAND: POST /session/ea2377afc02bbf13296b49c868bb39bc/element - {"using":"xpath","value":"//td[@aria-colindex=\"1\"]/div/div[contains(@class, \"sapMCbBg\")]"}
COMMAND: GET /session/ea2377afc02bbf13296b49c868bb39bc/screenshot - {}
RESULT: {"using":"xpath","value":"//td[@aria-colindex=\"1\"]/div/div[contains(@class, \"sapMCbBg\")]"}
COMMAND: POST /session/ea2377afc02bbf13296b49c868bb39bc/element/f.E22896224DAB0D107D3E889F8C0ECED7.d.1673445319CB00A47126C5EEC9BCE84D.e.20408/click - {}
RESULT: {}
RESULT: {}
COMMAND: GET /session/ea2377afc02bbf13296b49c868bb39bc/screenshot - {}
RESULT: {}
COMMAND: POST /session/ea2377afc02bbf13296b49c868bb39bc/element - {"using":"xpath","value":"//bdi[contains(text(), \"Reverse\")]"}
RESULT: {"using":"xpath","value":"//bdi[contains(text(), \"Reverse\")]"}
COMMAND: POST /session/ea2377afc02bbf13296b49c868bb39bc/element/f.E22896224DAB0D107D3E889F8C0ECED7.d.1673445319CB00A47126C5EEC9BCE84D.e.20462/click - {}
RESULT: {}
COMMAND: GET /session/ea2377afc02bbf13296b49c868bb39bc/screenshot - {}
RESULT: {}
COMMAND: POST /session/ea2377afc02bbf13296b49c868bb39bc/element - {"using":"xpath","value":"//input[contains(@id ,\"application-billingtransfer-display-component---billingWorkbench--smartFilterBar-btnBasicSearch\")]"}
RESULT: {"using":"xpath","value":"//input[contains(@id ,\"application-billingtransfer-display-component---billingWorkbench--smartFilterBar-btnBasicSearch\")]"}
COMMAND: POST /session/ea2377afc02bbf13296b49c868bb39bc/elements - {"using":"xpath","value":"//input[contains(@id ,\"application-billingtransfer-display-component---billingWorkbench--smartFilterBar-btnBasicSearch\")]"}
RESULT: {"using":"xpath","value":"//input[contains(@id ,\"application-billingtransfer-display-component---billingWorkbench--smartFilterBar-btnBasicSearch\")]"}
COMMAND: POST /session/ea2377afc02bbf13296b49c868bb39bc/execute/sync - {"script":"<script> [8489 bytes]","args":[{"element-6066-11e4-a52e-4f735466cecf":"f.E22896224DAB0D107D3E889F8C0ECED7.d.1673445319CB00A47126C5EEC9BCE84D.e.20295","ELEMENT":"f.E22896224DAB0D107D3E889F8C0ECED7.d.1673445319CB00A47126C5EEC9BCE84D.e.20295"}]}
RESULT: {"script":"<script> [8489 bytes]","args":[{"element-6066-11e4-a52e-4f735466cecf":"f.E22896224DAB0D107D3E889F8C0ECED7.d.1673445319CB00A47126C5EEC9BCE84D.e.20295","ELEMENT":"f.E22896224DAB0D107D3E889F8C0ECED7.d.1673445319CB00A47126C5EEC9BCE84D.e.20295"}]}
COMMAND: GET /session/ea2377afc02bbf13296b49c868bb39bc/element/f.E22896224DAB0D107D3E889F8C0ECED7.d.1673445319CB00A47126C5EEC9BCE84D.e.20295/enabled - {}
COMMAND: GET /session/ea2377afc02bbf13296b49c868bb39bc/screenshot - {}
RESULT: {}
COMMAND: POST /session/ea2377afc02bbf13296b49c868bb39bc/element/f.E22896224DAB0D107D3E889F8C0ECED7.d.1673445319CB00A47126C5EEC9BCE84D.e.20295/click - {}
COMMAND: GET /session/ea2377afc02bbf13296b49c868bb39bc/screenshot - {}
RESULT: {}
RESULT: {}
COMMAND: GET /session/ea2377afc02bbf13296b49c868bb39bc/screenshot - {}
RESULT: {}
RESULT: {}
COMMAND: POST /session/ea2377afc02bbf13296b49c868bb39bc/element/f.E22896224DAB0D107D3E889F8C0ECED7.d.1673445319CB00A47126C5EEC9BCE84D.e.20295/clear - {}
RESULT: {}
COMMAND: POST /session/ea2377afc02bbf13296b49c868bb39bc/element/f.E22896224DAB0D107D3E889F8C0ECED7.d.1673445319CB00A47126C5EEC9BCE84D.e.20295/value - {"text":"10418"}
COMMAND: GET /session/ea2377afc02bbf13296b49c868bb39bc/screenshot - {}
RESULT: {"text":"10418"}
COMMAND: POST /session/ea2377afc02bbf13296b49c868bb39bc/actions - {"actions":[{"id":"action74","type":"key","parameters":{},"actions":[{"type":"keyDown","value":"î€‡"},{"type":"pause","duration":10},{"type":"keyUp","value":"î€‡"}]}]}
COMMAND: GET /session/ea2377afc02bbf13296b49c868bb39bc/screenshot - {}
RESULT: {}
RESULT: {"actions":[{"id":"action74","type":"key","parameters":{},"actions":[{"type":"keyDown","value":"î€‡"},{"type":"pause","duration":10},{"type":"keyUp","value":"î€‡"}]}]}
COMMAND: GET /session/ea2377afc02bbf13296b49c868bb39bc/screenshot - {}
RESULT: {}
RESULT: {}
COMMAND: POST /session/ea2377afc02bbf13296b49c868bb39bc/element - {"using":"xpath","value":"//span[contains(@id ,\"application-billingtransfer-display-component---billingWorkbench--smartTableBillingRuns-header-inner\")]"}
RESULT: {"using":"xpath","value":"//span[contains(@id ,\"application-billingtransfer-display-component---billingWorkbench--smartTableBillingRuns-header-inner\")]"}
COMMAND: POST /session/ea2377afc02bbf13296b49c868bb39bc/elements - {"using":"xpath","value":"//span[contains(@id ,\"application-billingtransfer-display-component---billingWorkbench--smartTableBillingRuns-header-inner\")]"}
RESULT: {"using":"xpath","value":"//span[contains(@id ,\"application-billingtransfer-display-component---billingWorkbench--smartTableBillingRuns-header-inner\")]"}
COMMAND: POST /session/ea2377afc02bbf13296b49c868bb39bc/execute/sync - {"script":"<script> [56 bytes]","args":[{"element-6066-11e4-a52e-4f735466cecf":"f.E22896224DAB0D107D3E889F8C0ECED7.d.1673445319CB00A47126C5EEC9BCE84D.e.20461","ELEMENT":"f.E22896224DAB0D107D3E889F8C0ECED7.d.1673445319CB00A47126C5EEC9BCE84D.e.20461"}]}
RESULT: {"script":"<script> [56 bytes]","args":[{"element-6066-11e4-a52e-4f735466cecf":"f.E22896224DAB0D107D3E889F8C0ECED7.d.1673445319CB00A47126C5EEC9BCE84D.e.20461","ELEMENT":"f.E22896224DAB0D107D3E889F8C0ECED7.d.1673445319CB00A47126C5EEC9BCE84D.e.20461"}]}
COMMAND: POST /session/ea2377afc02bbf13296b49c868bb39bc/element - {"using":"css selector","value":"#shell-header-logo"}
COMMAND: GET /session/ea2377afc02bbf13296b49c868bb39bc/screenshot - {}
RESULT: {"using":"css selector","value":"#shell-header-logo"}
COMMAND: POST /session/ea2377afc02bbf13296b49c868bb39bc/element/f.E22896224DAB0D107D3E889F8C0ECED7.d.1673445319CB00A47126C5EEC9BCE84D.e.20293/click - {}
RESULT: {}
RESULT: {}
COMMAND: GET /session/ea2377afc02bbf13296b49c868bb39bc/screenshot - {}
RESULT: {}
COMMAND: DELETE /session/ea2377afc02bbf13296b49c868bb39bc - {}
RESULT: {}
]]></system-out>
    </testcase>
  </testsuite>
</testsuites>