<?xml version="1.0" encoding="UTF-8"?>
<testsuites tests="11" failures="0" errors="0" skipped="0">
  <testsuite timestamp="2025-04-23T17:27:18" time="1349.28" tests="11" failures="0" errors="0" skipped="0">
    <properties>
      <property name="specId" value="0"/>
      <property name="suiteName" value="Partner specific tests US150819 US151080 US151654 US151176 US103444 US151078 US151079 US151109 US151174 US151175 US151189"/>
      <property name="capabilities" value="chrome.135_0_7049_42.windows"/>
      <property name="file" value="file:///D:/a/1/s/test/specs/BTS/manage-partners.spec.js"/>
    </properties>
    <testcase classname="chrome.135_0_7049_42.windows.Partner_specific_tests_US150819_US151080_US151654_US151176_US103444_US151078_US151079_US151109_US151174_US151175_US151189" name="Should create a new yard prerequisite" time="114.961">
      <system-out><![CDATA[
COMMAND: POST /session/1f4369c590cc015c24359cd6d90be4de/window/fullscreen - {}
RESULT: {}
COMMAND: POST /session/1f4369c590cc015c24359cd6d90be4de/element - {"using":"xpath","value":"//li[.//span[text()=\"Manage Partners\"]]"}
RESULT: {"using":"xpath","value":"//li[.//span[text()=\"Manage Partners\"]]"}
COMMAND: POST /session/1f4369c590cc015c24359cd6d90be4de/element - {"using":"xpath","value":"//li[.//span[text()=\"Manage Partners\"]]"}
RESULT: {"using":"xpath","value":"//li[.//span[text()=\"Manage Partners\"]]"}
COMMAND: POST /session/1f4369c590cc015c24359cd6d90be4de/element - {"using":"css selector","value":"#shell-header-logo"}
RESULT: {"using":"css selector","value":"#shell-header-logo"}
COMMAND: POST /session/1f4369c590cc015c24359cd6d90be4de/element/f.8EC51792AE8EAD5CEC6F142478755B93.d.8CA0A7021ABD0618148FA3816A97CCED.e.252/click - {}
COMMAND: POST /session/1f4369c590cc015c24359cd6d90be4de/execute/sync - {"script":"<script> [8489 bytes]","args":[{"element-6066-11e4-a52e-4f735466cecf":"f.8EC51792AE8EAD5CEC6F142478755B93.d.8CA0A7021ABD0618148FA3816A97CCED.e.252","ELEMENT":"f.8EC51792AE8EAD5CEC6F142478755B93.d.8CA0A7021ABD0618148FA3816A97CCED.e.252"}]}
RESULT: {}
COMMAND: GET /session/1f4369c590cc015c24359cd6d90be4de/screenshot - {}
RESULT: {"script":"<script> [8489 bytes]","args":[{"element-6066-11e4-a52e-4f735466cecf":"f.8EC51792AE8EAD5CEC6F142478755B93.d.8CA0A7021ABD0618148FA3816A97CCED.e.252","ELEMENT":"f.8EC51792AE8EAD5CEC6F142478755B93.d.8CA0A7021ABD0618148FA3816A97CCED.e.252"}]}
COMMAND: POST /session/1f4369c590cc015c24359cd6d90be4de/execute/sync - {"script":"<script> [5351 bytes]","args":[{"element-6066-11e4-a52e-4f735466cecf":"f.8EC51792AE8EAD5CEC6F142478755B93.d.8CA0A7021ABD0618148FA3816A97CCED.e.252","ELEMENT":"f.8EC51792AE8EAD5CEC6F142478755B93.d.8CA0A7021ABD0618148FA3816A97CCED.e.252"}]}
COMMAND: GET /session/1f4369c590cc015c24359cd6d90be4de/screenshot - {}
RESULT: {}
RESULT: {"script":"<script> [5351 bytes]","args":[{"element-6066-11e4-a52e-4f735466cecf":"f.8EC51792AE8EAD5CEC6F142478755B93.d.8CA0A7021ABD0618148FA3816A97CCED.e.252","ELEMENT":"f.8EC51792AE8EAD5CEC6F142478755B93.d.8CA0A7021ABD0618148FA3816A97CCED.e.252"}]}
COMMAND: GET /session/1f4369c590cc015c24359cd6d90be4de/screenshot - {}
RESULT: {}
RESULT: {}
COMMAND: POST /session/1f4369c590cc015c24359cd6d90be4de/execute/async - {"script":"<script> [1562 bytes]","args":[{"selector":{"controlType":"sap.m.GenericTile","properties":{"header":"Manage Yards"}},"wdio_ui5_key":"sapm.GenericTile{\"header\":\"Manage Yards\"}"}]}
RESULT: {"script":"<script> [1562 bytes]","args":[{"selector":{"controlType":"sap.m.GenericTile","properties":{"header":"Manage Yards"}},"wdio_ui5_key":"sapm.GenericTile{\"header\":\"Manage Yards\"}"}]}
RESULT: undefined
COMMAND: POST /session/1f4369c590cc015c24359cd6d90be4de/element - {"using":"xpath","value":"//*[@id=\"__tile41\"]"}
RESULT: {"using":"xpath","value":"//*[@id=\"__tile41\"]"}
COMMAND: POST /session/1f4369c590cc015c24359cd6d90be4de/element/f.8EC51792AE8EAD5CEC6F142478755B93.d.8CA0A7021ABD0618148FA3816A97CCED.e.163/click - {}
RESULT: {}
COMMAND: POST /session/1f4369c590cc015c24359cd6d90be4de/element - {"using":"xpath","value":"//button[@data-kt=\"addNewYardOverflowToolbarButton\"]"}
COMMAND: GET /session/1f4369c590cc015c24359cd6d90be4de/screenshot - {}
RESULT: {"using":"xpath","value":"//button[@data-kt=\"addNewYardOverflowToolbarButton\"]"}
COMMAND: POST /session/1f4369c590cc015c24359cd6d90be4de/elements - {"using":"xpath","value":"//button[@data-kt=\"addNewYardOverflowToolbarButton\"]"}
RESULT: {}
RESULT: {"using":"xpath","value":"//button[@data-kt=\"addNewYardOverflowToolbarButton\"]"}
COMMAND: POST /session/1f4369c590cc015c24359cd6d90be4de/elements - {"using":"xpath","value":"//button[@data-kt=\"addNewYardOverflowToolbarButton\"]"}
RESULT: {"using":"xpath","value":"//button[@data-kt=\"addNewYardOverflowToolbarButton\"]"}
COMMAND: POST /session/1f4369c590cc015c24359cd6d90be4de/elements - {"using":"xpath","value":"//button[@data-kt=\"addNewYardOverflowToolbarButton\"]"}
RESULT: {"using":"xpath","value":"//button[@data-kt=\"addNewYardOverflowToolbarButton\"]"}
COMMAND: POST /session/1f4369c590cc015c24359cd6d90be4de/elements - {"using":"xpath","value":"//button[@data-kt=\"addNewYardOverflowToolbarButton\"]"}
RESULT: {"using":"xpath","value":"//button[@data-kt=\"addNewYardOverflowToolbarButton\"]"}
COMMAND: POST /session/1f4369c590cc015c24359cd6d90be4de/elements - {"using":"xpath","value":"//button[@data-kt=\"addNewYardOverflowToolbarButton\"]"}
RESULT: {"using":"xpath","value":"//button[@data-kt=\"addNewYardOverflowToolbarButton\"]"}
COMMAND: POST /session/1f4369c590cc015c24359cd6d90be4de/elements - {"using":"xpath","value":"//button[@data-kt=\"addNewYardOverflowToolbarButton\"]"}
RESULT: {"using":"xpath","value":"//button[@data-kt=\"addNewYardOverflowToolbarButton\"]"}
COMMAND: POST /session/1f4369c590cc015c24359cd6d90be4de/elements - {"using":"xpath","value":"//button[@data-kt=\"addNewYardOverflowToolbarButton\"]"}
RESULT: {"using":"xpath","value":"//button[@data-kt=\"addNewYardOverflowToolbarButton\"]"}
COMMAND: POST /session/1f4369c590cc015c24359cd6d90be4de/elements - {"using":"xpath","value":"//button[@data-kt=\"addNewYardOverflowToolbarButton\"]"}
RESULT: {"using":"xpath","value":"//button[@data-kt=\"addNewYardOverflowToolbarButton\"]"}
COMMAND: POST /session/1f4369c590cc015c24359cd6d90be4de/elements - {"using":"xpath","value":"//button[@data-kt=\"addNewYardOverflowToolbarButton\"]"}
RESULT: {"using":"xpath","value":"//button[@data-kt=\"addNewYardOverflowToolbarButton\"]"}
COMMAND: POST /session/1f4369c590cc015c24359cd6d90be4de/elements - {"using":"xpath","value":"//button[@data-kt=\"addNewYardOverflowToolbarButton\"]"}
RESULT: {"using":"xpath","value":"//button[@data-kt=\"addNewYardOverflowToolbarButton\"]"}
COMMAND: POST /session/1f4369c590cc015c24359cd6d90be4de/elements - {"using":"xpath","value":"//button[@data-kt=\"addNewYardOverflowToolbarButton\"]"}
RESULT: {"using":"xpath","value":"//button[@data-kt=\"addNewYardOverflowToolbarButton\"]"}
COMMAND: POST /session/1f4369c590cc015c24359cd6d90be4de/elements - {"using":"xpath","value":"//button[@data-kt=\"addNewYardOverflowToolbarButton\"]"}
RESULT: {"using":"xpath","value":"//button[@data-kt=\"addNewYardOverflowToolbarButton\"]"}
COMMAND: POST /session/1f4369c590cc015c24359cd6d90be4de/elements - {"using":"xpath","value":"//button[@data-kt=\"addNewYardOverflowToolbarButton\"]"}
RESULT: {"using":"xpath","value":"//button[@data-kt=\"addNewYardOverflowToolbarButton\"]"}
COMMAND: POST /session/1f4369c590cc015c24359cd6d90be4de/elements - {"using":"xpath","value":"//button[@data-kt=\"addNewYardOverflowToolbarButton\"]"}
RESULT: {"using":"xpath","value":"//button[@data-kt=\"addNewYardOverflowToolbarButton\"]"}
COMMAND: POST /session/1f4369c590cc015c24359cd6d90be4de/elements - {"using":"xpath","value":"//button[@data-kt=\"addNewYardOverflowToolbarButton\"]"}
RESULT: {"using":"xpath","value":"//button[@data-kt=\"addNewYardOverflowToolbarButton\"]"}
COMMAND: POST /session/1f4369c590cc015c24359cd6d90be4de/elements - {"using":"xpath","value":"//button[@data-kt=\"addNewYardOverflowToolbarButton\"]"}
RESULT: {"using":"xpath","value":"//button[@data-kt=\"addNewYardOverflowToolbarButton\"]"}
COMMAND: POST /session/1f4369c590cc015c24359cd6d90be4de/elements - {"using":"xpath","value":"//button[@data-kt=\"addNewYardOverflowToolbarButton\"]"}
RESULT: {"using":"xpath","value":"//button[@data-kt=\"addNewYardOverflowToolbarButton\"]"}
COMMAND: POST /session/1f4369c590cc015c24359cd6d90be4de/elements - {"using":"xpath","value":"//button[@data-kt=\"addNewYardOverflowToolbarButton\"]"}
RESULT: {"using":"xpath","value":"//button[@data-kt=\"addNewYardOverflowToolbarButton\"]"}
COMMAND: POST /session/1f4369c590cc015c24359cd6d90be4de/elements - {"using":"xpath","value":"//button[@data-kt=\"addNewYardOverflowToolbarButton\"]"}
RESULT: {"using":"xpath","value":"//button[@data-kt=\"addNewYardOverflowToolbarButton\"]"}
COMMAND: POST /session/1f4369c590cc015c24359cd6d90be4de/elements - {"using":"xpath","value":"//button[@data-kt=\"addNewYardOverflowToolbarButton\"]"}
RESULT: {"using":"xpath","value":"//button[@data-kt=\"addNewYardOverflowToolbarButton\"]"}
COMMAND: POST /session/1f4369c590cc015c24359cd6d90be4de/elements - {"using":"xpath","value":"//button[@data-kt=\"addNewYardOverflowToolbarButton\"]"}
RESULT: {"using":"xpath","value":"//button[@data-kt=\"addNewYardOverflowToolbarButton\"]"}
COMMAND: POST /session/1f4369c590cc015c24359cd6d90be4de/elements - {"using":"xpath","value":"//button[@data-kt=\"addNewYardOverflowToolbarButton\"]"}
RESULT: {"using":"xpath","value":"//button[@data-kt=\"addNewYardOverflowToolbarButton\"]"}
COMMAND: POST /session/1f4369c590cc015c24359cd6d90be4de/elements - {"using":"xpath","value":"//button[@data-kt=\"addNewYardOverflowToolbarButton\"]"}
RESULT: {"using":"xpath","value":"//button[@data-kt=\"addNewYardOverflowToolbarButton\"]"}
COMMAND: POST /session/1f4369c590cc015c24359cd6d90be4de/elements - {"using":"xpath","value":"//button[@data-kt=\"addNewYardOverflowToolbarButton\"]"}
RESULT: {"using":"xpath","value":"//button[@data-kt=\"addNewYardOverflowToolbarButton\"]"}
COMMAND: POST /session/1f4369c590cc015c24359cd6d90be4de/elements - {"using":"xpath","value":"//button[@data-kt=\"addNewYardOverflowToolbarButton\"]"}
RESULT: {"using":"xpath","value":"//button[@data-kt=\"addNewYardOverflowToolbarButton\"]"}
COMMAND: POST /session/1f4369c590cc015c24359cd6d90be4de/elements - {"using":"xpath","value":"//button[@data-kt=\"addNewYardOverflowToolbarButton\"]"}
RESULT: {"using":"xpath","value":"//button[@data-kt=\"addNewYardOverflowToolbarButton\"]"}
COMMAND: POST /session/1f4369c590cc015c24359cd6d90be4de/elements - {"using":"xpath","value":"//button[@data-kt=\"addNewYardOverflowToolbarButton\"]"}
RESULT: {"using":"xpath","value":"//button[@data-kt=\"addNewYardOverflowToolbarButton\"]"}
COMMAND: POST /session/1f4369c590cc015c24359cd6d90be4de/elements - {"using":"xpath","value":"//button[@data-kt=\"addNewYardOverflowToolbarButton\"]"}
RESULT: {"using":"xpath","value":"//button[@data-kt=\"addNewYardOverflowToolbarButton\"]"}
COMMAND: POST /session/1f4369c590cc015c24359cd6d90be4de/elements - {"using":"xpath","value":"//button[@data-kt=\"addNewYardOverflowToolbarButton\"]"}
RESULT: {"using":"xpath","value":"//button[@data-kt=\"addNewYardOverflowToolbarButton\"]"}
COMMAND: POST /session/1f4369c590cc015c24359cd6d90be4de/elements - {"using":"xpath","value":"//button[@data-kt=\"addNewYardOverflowToolbarButton\"]"}
RESULT: {"using":"xpath","value":"//button[@data-kt=\"addNewYardOverflowToolbarButton\"]"}
COMMAND: POST /session/1f4369c590cc015c24359cd6d90be4de/element - {"using":"xpath","value":"//button[@data-kt=\"addNewYardOverflowToolbarButton\"]"}
RESULT: {"using":"xpath","value":"//button[@data-kt=\"addNewYardOverflowToolbarButton\"]"}
COMMAND: POST /session/1f4369c590cc015c24359cd6d90be4de/execute/sync - {"script":"<script> [8489 bytes]","args":[{"element-6066-11e4-a52e-4f735466cecf":"f.8EC51792AE8EAD5CEC6F142478755B93.d.8CA0A7021ABD0618148FA3816A97CCED.e.286","ELEMENT":"f.8EC51792AE8EAD5CEC6F142478755B93.d.8CA0A7021ABD0618148FA3816A97CCED.e.286"}]}
RESULT: {"script":"<script> [8489 bytes]","args":[{"element-6066-11e4-a52e-4f735466cecf":"f.8EC51792AE8EAD5CEC6F142478755B93.d.8CA0A7021ABD0618148FA3816A97CCED.e.286","ELEMENT":"f.8EC51792AE8EAD5CEC6F142478755B93.d.8CA0A7021ABD0618148FA3816A97CCED.e.286"}]}
COMMAND: GET /session/1f4369c590cc015c24359cd6d90be4de/element/f.8EC51792AE8EAD5CEC6F142478755B93.d.8CA0A7021ABD0618148FA3816A97CCED.e.286/enabled - {}
COMMAND: GET /session/1f4369c590cc015c24359cd6d90be4de/screenshot - {}
RESULT: {}
COMMAND: POST /session/1f4369c590cc015c24359cd6d90be4de/execute/sync - {"script":"<script> [8489 bytes]","args":[{"element-6066-11e4-a52e-4f735466cecf":"f.8EC51792AE8EAD5CEC6F142478755B93.d.8CA0A7021ABD0618148FA3816A97CCED.e.286","ELEMENT":"f.8EC51792AE8EAD5CEC6F142478755B93.d.8CA0A7021ABD0618148FA3816A97CCED.e.286"}]}
COMMAND: GET /session/1f4369c590cc015c24359cd6d90be4de/screenshot - {}
RESULT: {}
RESULT: {"script":"<script> [8489 bytes]","args":[{"element-6066-11e4-a52e-4f735466cecf":"f.8EC51792AE8EAD5CEC6F142478755B93.d.8CA0A7021ABD0618148FA3816A97CCED.e.286","ELEMENT":"f.8EC51792AE8EAD5CEC6F142478755B93.d.8CA0A7021ABD0618148FA3816A97CCED.e.286"}]}
COMMAND: POST /session/1f4369c590cc015c24359cd6d90be4de/execute/sync - {"script":"<script> [5351 bytes]","args":[{"element-6066-11e4-a52e-4f735466cecf":"f.8EC51792AE8EAD5CEC6F142478755B93.d.8CA0A7021ABD0618148FA3816A97CCED.e.286","ELEMENT":"f.8EC51792AE8EAD5CEC6F142478755B93.d.8CA0A7021ABD0618148FA3816A97CCED.e.286"}]}
COMMAND: GET /session/1f4369c590cc015c24359cd6d90be4de/screenshot - {}
RESULT: {}
RESULT: {"script":"<script> [5351 bytes]","args":[{"element-6066-11e4-a52e-4f735466cecf":"f.8EC51792AE8EAD5CEC6F142478755B93.d.8CA0A7021ABD0618148FA3816A97CCED.e.286","ELEMENT":"f.8EC51792AE8EAD5CEC6F142478755B93.d.8CA0A7021ABD0618148FA3816A97CCED.e.286"}]}
COMMAND: POST /session/1f4369c590cc015c24359cd6d90be4de/element/f.8EC51792AE8EAD5CEC6F142478755B93.d.8CA0A7021ABD0618148FA3816A97CCED.e.286/click - {}
COMMAND: GET /session/1f4369c590cc015c24359cd6d90be4de/screenshot - {}
RESULT: {}
RESULT: {}
COMMAND: GET /session/1f4369c590cc015c24359cd6d90be4de/screenshot - {}
COMMAND: POST /session/1f4369c590cc015c24359cd6d90be4de/element - {"using":"xpath","value":"//input[@id=\"application-manageyards-display-component---NewYard--yardId-inner\"]"}
RESULT: {}
RESULT: {}
RESULT: {"using":"xpath","value":"//input[@id=\"application-manageyards-display-component---NewYard--yardId-inner\"]"}
COMMAND: POST /session/1f4369c590cc015c24359cd6d90be4de/element - {"using":"xpath","value":"//input[@id=\"application-manageyards-display-component---NewYard--yardId-inner\"]"}
RESULT: {"using":"xpath","value":"//input[@id=\"application-manageyards-display-component---NewYard--yardId-inner\"]"}
COMMAND: POST /session/1f4369c590cc015c24359cd6d90be4de/execute/async - {"script":"<script> [1562 bytes]","args":[{"selector":{"id":"application-manageyards-display-component---NewYard--addressDetailDetailsName1","interaction":{"idSuffix":"inner"}},"wdio_ui5_key":"applicationmanageyards-display-component---NewYard--addressDetailDetailsName1"}]}
RESULT: {"script":"<script> [1562 bytes]","args":[{"selector":{"id":"application-manageyards-display-component---NewYard--addressDetailDetailsName1","interaction":{"idSuffix":"inner"}},"wdio_ui5_key":"applicationmanageyards-display-component---NewYard--addressDetailDetailsName1"}]}
RESULT: undefined
COMMAND: POST /session/1f4369c590cc015c24359cd6d90be4de/execute/async - {"script":"<script> [776 bytes]","args":[{"enterText":"Intracompany Yard wdIO","selector":{"id":"application-manageyards-display-component---NewYard--addressDetailDetailsName1","interaction":{"idSuffix":"inner"}},"clearTextFirst":true,"interactionType":"ENTER_TEXT"}]}
RESULT: {"script":"<script> [776 bytes]","args":[{"enterText":"Intracompany Yard wdIO","selector":{"id":"application-manageyards-display-component---NewYard--addressDetailDetailsName1","interaction":{"idSuffix":"inner"}},"clearTextFirst":true,"interactionType":"ENTER_TEXT"}]}
COMMAND: POST /session/1f4369c590cc015c24359cd6d90be4de/execute/async - {"script":"<script> [1562 bytes]","args":[{"selector":{"id":"application-manageyards-display-component---NewYard--addressDetailDetailsLanguage-arrow"},"wdio_ui5_key":"applicationmanageyards-display-component---NewYard--addressDetailDetailsLanguage-arrow"}]}
RESULT: {"script":"<script> [1562 bytes]","args":[{"selector":{"id":"application-manageyards-display-component---NewYard--addressDetailDetailsLanguage-arrow"},"wdio_ui5_key":"applicationmanageyards-display-component---NewYard--addressDetailDetailsLanguage-arrow"}]}
RESULT: undefined
COMMAND: POST /session/1f4369c590cc015c24359cd6d90be4de/element - {"using":"xpath","value":"//*[@id=\"application-manageyards-display-component---NewYard--addressDetailDetailsLanguage-arrow\"]"}
RESULT: {"using":"xpath","value":"//*[@id=\"application-manageyards-display-component---NewYard--addressDetailDetailsLanguage-arrow\"]"}
COMMAND: POST /session/1f4369c590cc015c24359cd6d90be4de/element/f.8EC51792AE8EAD5CEC6F142478755B93.d.8CA0A7021ABD0618148FA3816A97CCED.e.718/click - {}
RESULT: {}
COMMAND: POST /session/1f4369c590cc015c24359cd6d90be4de/element - {"using":"xpath","value":"//span[contains(text(), \"English\")]"}
COMMAND: GET /session/1f4369c590cc015c24359cd6d90be4de/screenshot - {}
RESULT: {"using":"xpath","value":"//span[contains(text(), \"English\")]"}
COMMAND: POST /session/1f4369c590cc015c24359cd6d90be4de/element/f.8EC51792AE8EAD5CEC6F142478755B93.d.8CA0A7021ABD0618148FA3816A97CCED.e.719/click - {}
RESULT: {}
RESULT: {}
COMMAND: POST /session/1f4369c590cc015c24359cd6d90be4de/execute/async - {"script":"<script> [1562 bytes]","args":[{"selector":{"id":"application-manageyards-display-component---NewYard--addressDetailDetailsCity1","interaction":{"idSuffix":"inner"}},"wdio_ui5_key":"applicationmanageyards-display-component---NewYard--addressDetailDetailsCity1"}]}
COMMAND: GET /session/1f4369c590cc015c24359cd6d90be4de/screenshot - {}
RESULT: {"script":"<script> [1562 bytes]","args":[{"selector":{"id":"application-manageyards-display-component---NewYard--addressDetailDetailsCity1","interaction":{"idSuffix":"inner"}},"wdio_ui5_key":"applicationmanageyards-display-component---NewYard--addressDetailDetailsCity1"}]}
RESULT: undefined
COMMAND: POST /session/1f4369c590cc015c24359cd6d90be4de/execute/async - {"script":"<script> [776 bytes]","args":[{"enterText":"Rosario","selector":{"id":"application-manageyards-display-component---NewYard--addressDetailDetailsCity1","interaction":{"idSuffix":"inner"}},"clearTextFirst":true,"interactionType":"ENTER_TEXT"}]}
RESULT: {}
RESULT: {"script":"<script> [776 bytes]","args":[{"enterText":"Rosario","selector":{"id":"application-manageyards-display-component---NewYard--addressDetailDetailsCity1","interaction":{"idSuffix":"inner"}},"clearTextFirst":true,"interactionType":"ENTER_TEXT"}]}
COMMAND: POST /session/1f4369c590cc015c24359cd6d90be4de/execute/async - {"script":"<script> [1562 bytes]","args":[{"selector":{"id":"application-manageyards-display-component---NewYard--addressDetailDetailsCountry-arrow"},"wdio_ui5_key":"applicationmanageyards-display-component---NewYard--addressDetailDetailsCountry-arrow"}]}
RESULT: {"script":"<script> [1562 bytes]","args":[{"selector":{"id":"application-manageyards-display-component---NewYard--addressDetailDetailsCountry-arrow"},"wdio_ui5_key":"applicationmanageyards-display-component---NewYard--addressDetailDetailsCountry-arrow"}]}
RESULT: undefined
COMMAND: POST /session/1f4369c590cc015c24359cd6d90be4de/element - {"using":"xpath","value":"//*[@id=\"application-manageyards-display-component---NewYard--addressDetailDetailsCountry-arrow\"]"}
RESULT: {"using":"xpath","value":"//*[@id=\"application-manageyards-display-component---NewYard--addressDetailDetailsCountry-arrow\"]"}
COMMAND: POST /session/1f4369c590cc015c24359cd6d90be4de/element/f.8EC51792AE8EAD5CEC6F142478755B93.d.8CA0A7021ABD0618148FA3816A97CCED.e.721/click - {}
RESULT: {}
COMMAND: POST /session/1f4369c590cc015c24359cd6d90be4de/element - {"using":"xpath","value":"//span[contains(text(), \"Argentina\")]"}
COMMAND: GET /session/1f4369c590cc015c24359cd6d90be4de/screenshot - {}
RESULT: {"using":"xpath","value":"//span[contains(text(), \"Argentina\")]"}
COMMAND: POST /session/1f4369c590cc015c24359cd6d90be4de/element/f.8EC51792AE8EAD5CEC6F142478755B93.d.8CA0A7021ABD0618148FA3816A97CCED.e.722/click - {}
RESULT: {}
RESULT: {}
COMMAND: POST /session/1f4369c590cc015c24359cd6d90be4de/execute/async - {"script":"<script> [1562 bytes]","args":[{"selector":{"id":"application-manageyards-display-component---NewYard--addressEditDetailsCostObjectCstType-arrow"},"wdio_ui5_key":"applicationmanageyards-display-component---NewYard--addressEditDetailsCostObjectCstType-arrow"}]}
COMMAND: GET /session/1f4369c590cc015c24359cd6d90be4de/screenshot - {}
RESULT: {"script":"<script> [1562 bytes]","args":[{"selector":{"id":"application-manageyards-display-component---NewYard--addressEditDetailsCostObjectCstType-arrow"},"wdio_ui5_key":"applicationmanageyards-display-component---NewYard--addressEditDetailsCostObjectCstType-arrow"}]}
RESULT: undefined
COMMAND: POST /session/1f4369c590cc015c24359cd6d90be4de/element - {"using":"xpath","value":"//*[@id=\"application-manageyards-display-component---NewYard--addressEditDetailsCostObjectCstType-arrow\"]"}
RESULT: {}
RESULT: {"using":"xpath","value":"//*[@id=\"application-manageyards-display-component---NewYard--addressEditDetailsCostObjectCstType-arrow\"]"}
COMMAND: POST /session/1f4369c590cc015c24359cd6d90be4de/element/f.8EC51792AE8EAD5CEC6F142478755B93.d.8CA0A7021ABD0618148FA3816A97CCED.e.724/click - {}
RESULT: {}
COMMAND: POST /session/1f4369c590cc015c24359cd6d90be4de/element - {"using":"xpath","value":"//span[contains(text(), \"Cost Center\")]"}
COMMAND: GET /session/1f4369c590cc015c24359cd6d90be4de/screenshot - {}
RESULT: {"using":"xpath","value":"//span[contains(text(), \"Cost Center\")]"}
COMMAND: POST /session/1f4369c590cc015c24359cd6d90be4de/element/f.8EC51792AE8EAD5CEC6F142478755B93.d.8CA0A7021ABD0618148FA3816A97CCED.e.725/click - {}
RESULT: {}
RESULT: {}
COMMAND: GET /session/1f4369c590cc015c24359cd6d90be4de/screenshot - {}
RESULT: {}
COMMAND: POST /session/1f4369c590cc015c24359cd6d90be4de/element - {"using":"xpath","value":"//span[@id=\"application-manageyards-display-component---NewYard--addressNewCostObjectCstID-vhi\"]"}
RESULT: {"using":"xpath","value":"//span[@id=\"application-manageyards-display-component---NewYard--addressNewCostObjectCstID-vhi\"]"}
COMMAND: POST /session/1f4369c590cc015c24359cd6d90be4de/execute/sync - {"script":"<script> [8489 bytes]","args":[{"element-6066-11e4-a52e-4f735466cecf":"f.8EC51792AE8EAD5CEC6F142478755B93.d.8CA0A7021ABD0618148FA3816A97CCED.e.728","ELEMENT":"f.8EC51792AE8EAD5CEC6F142478755B93.d.8CA0A7021ABD0618148FA3816A97CCED.e.728"}]}
RESULT: {"script":"<script> [8489 bytes]","args":[{"element-6066-11e4-a52e-4f735466cecf":"f.8EC51792AE8EAD5CEC6F142478755B93.d.8CA0A7021ABD0618148FA3816A97CCED.e.728","ELEMENT":"f.8EC51792AE8EAD5CEC6F142478755B93.d.8CA0A7021ABD0618148FA3816A97CCED.e.728"}]}
COMMAND: POST /session/1f4369c590cc015c24359cd6d90be4de/execute/async - {"script":"<script> [1562 bytes]","args":[{"selector":{"id":"application-manageyards-display-component---NewYard--addressNewCostObjectCstID-vhi"},"wdio_ui5_key":"applicationmanageyards-display-component---NewYard--addressNewCostObjectCstID-vhi"}]}
COMMAND: GET /session/1f4369c590cc015c24359cd6d90be4de/screenshot - {}
RESULT: {"script":"<script> [1562 bytes]","args":[{"selector":{"id":"application-manageyards-display-component---NewYard--addressNewCostObjectCstID-vhi"},"wdio_ui5_key":"applicationmanageyards-display-component---NewYard--addressNewCostObjectCstID-vhi"}]}
RESULT: undefined
COMMAND: POST /session/1f4369c590cc015c24359cd6d90be4de/element - {"using":"xpath","value":"//*[@id=\"application-manageyards-display-component---NewYard--addressNewCostObjectCstID-vhi\"]"}
RESULT: {}
RESULT: {"using":"xpath","value":"//*[@id=\"application-manageyards-display-component---NewYard--addressNewCostObjectCstID-vhi\"]"}
COMMAND: POST /session/1f4369c590cc015c24359cd6d90be4de/element/f.8EC51792AE8EAD5CEC6F142478755B93.d.8CA0A7021ABD0618148FA3816A97CCED.e.728/click - {}
RESULT: {}
COMMAND: GET /session/1f4369c590cc015c24359cd6d90be4de/screenshot - {}
RESULT: {}
COMMAND: POST /session/1f4369c590cc015c24359cd6d90be4de/execute/async - {"script":"<script> [1562 bytes]","args":[{"selector":{"controlType":"sap.m.SearchField","properties":{"placeholder":"Search"},"searchOpenDialogs":true,"interaction":{"idSuffix":"I"}},"wdio_ui5_key":"sapm.SearchField{\"placeholder\":\"Search\"}"}]}
RESULT: {"script":"<script> [1562 bytes]","args":[{"selector":{"controlType":"sap.m.SearchField","properties":{"placeholder":"Search"},"searchOpenDialogs":true,"interaction":{"idSuffix":"I"}},"wdio_ui5_key":"sapm.SearchField{\"placeholder\":\"Search\"}"}]}
RESULT: undefined
COMMAND: POST /session/1f4369c590cc015c24359cd6d90be4de/execute/async - {"script":"<script> [776 bytes]","args":[{"enterText":"10001013","selector":{"controlType":"sap.m.SearchField","properties":{"placeholder":"Search"},"searchOpenDialogs":true,"interaction":{"idSuffix":"I"}},"clearTextFirst":true,"interactionType":"ENTER_TEXT"}]}
RESULT: {"script":"<script> [776 bytes]","args":[{"enterText":"10001013","selector":{"controlType":"sap.m.SearchField","properties":{"placeholder":"Search"},"searchOpenDialogs":true,"interaction":{"idSuffix":"I"}},"clearTextFirst":true,"interactionType":"ENTER_TEXT"}]}
COMMAND: POST /session/1f4369c590cc015c24359cd6d90be4de/actions - {"actions":[{"id":"action1","type":"key","parameters":{},"actions":[{"type":"keyDown","value":""},{"type":"pause","duration":10},{"type":"keyUp","value":""}]}]}
RESULT: {"actions":[{"id":"action1","type":"key","parameters":{},"actions":[{"type":"keyDown","value":""},{"type":"pause","duration":10},{"type":"keyUp","value":""}]}]}
COMMAND: GET /session/1f4369c590cc015c24359cd6d90be4de/screenshot - {}
RESULT: {}
COMMAND: POST /session/1f4369c590cc015c24359cd6d90be4de/element - {"using":"xpath","value":"//span[contains(text(), \"General Management\")]"}
RESULT: {"using":"xpath","value":"//span[contains(text(), \"General Management\")]"}
COMMAND: POST /session/1f4369c590cc015c24359cd6d90be4de/element/f.8EC51792AE8EAD5CEC6F142478755B93.d.8CA0A7021ABD0618148FA3816A97CCED.e.768/click - {}
RESULT: {}
COMMAND: GET /session/1f4369c590cc015c24359cd6d90be4de/screenshot - {}
RESULT: {}
COMMAND: POST /session/1f4369c590cc015c24359cd6d90be4de/element - {"using":"xpath","value":"//bdi[contains(text(), \"OK\")]"}
RESULT: {"using":"xpath","value":"//bdi[contains(text(), \"OK\")]"}
COMMAND: POST /session/1f4369c590cc015c24359cd6d90be4de/element/f.8EC51792AE8EAD5CEC6F142478755B93.d.8CA0A7021ABD0618148FA3816A97CCED.e.769/click - {}
RESULT: {}
COMMAND: GET /session/1f4369c590cc015c24359cd6d90be4de/screenshot - {}
RESULT: {}
COMMAND: POST /session/1f4369c590cc015c24359cd6d90be4de/execute/async - {"script":"<script> [1562 bytes]","args":[{"selector":{"id":"application-manageyards-display-component---NewYard--addressEditDetailsCurrency-arrow"},"wdio_ui5_key":"applicationmanageyards-display-component---NewYard--addressEditDetailsCurrency-arrow"}]}
RESULT: {"script":"<script> [1562 bytes]","args":[{"selector":{"id":"application-manageyards-display-component---NewYard--addressEditDetailsCurrency-arrow"},"wdio_ui5_key":"applicationmanageyards-display-component---NewYard--addressEditDetailsCurrency-arrow"}]}
RESULT: undefined
COMMAND: POST /session/1f4369c590cc015c24359cd6d90be4de/element - {"using":"xpath","value":"//*[@id=\"application-manageyards-display-component---NewYard--addressEditDetailsCurrency-arrow\"]"}
RESULT: {"using":"xpath","value":"//*[@id=\"application-manageyards-display-component---NewYard--addressEditDetailsCurrency-arrow\"]"}
COMMAND: POST /session/1f4369c590cc015c24359cd6d90be4de/element/f.8EC51792AE8EAD5CEC6F142478755B93.d.8CA0A7021ABD0618148FA3816A97CCED.e.772/click - {}
RESULT: {}
COMMAND: POST /session/1f4369c590cc015c24359cd6d90be4de/element - {"using":"xpath","value":"//span[contains(text(), \"Euro\")]"}
COMMAND: GET /session/1f4369c590cc015c24359cd6d90be4de/screenshot - {}
RESULT: {"using":"xpath","value":"//span[contains(text(), \"Euro\")]"}
COMMAND: POST /session/1f4369c590cc015c24359cd6d90be4de/element/f.8EC51792AE8EAD5CEC6F142478755B93.d.8CA0A7021ABD0618148FA3816A97CCED.e.773/click - {}
RESULT: {}
RESULT: {}
COMMAND: POST /session/1f4369c590cc015c24359cd6d90be4de/execute/async - {"script":"<script> [1562 bytes]","args":[{"selector":{"controlType":"sap.m.Input","viewName":"etm.portal.ui.manageyards.view.New","viewId":"application-manageyards-display-component---NewYard","bindingPath":{"path":"","propertyPath":"/CONTROLLING_AREA","modelName":"NewYardModel"},"interaction":{"idSuffix":"inner"}},"wdio_ui5_key":"etmportal.ui.manageyards.view.Newsap.m.Input{\"path\":\"\",\"propertyPath\":\"/CONTROLLING_AREA\",\"modelName\":\"NewYardModel\"}"}]}
COMMAND: GET /session/1f4369c590cc015c24359cd6d90be4de/screenshot - {}
RESULT: {"script":"<script> [1562 bytes]","args":[{"selector":{"controlType":"sap.m.Input","viewName":"etm.portal.ui.manageyards.view.New","viewId":"application-manageyards-display-component---NewYard","bindingPath":{"path":"","propertyPath":"/CONTROLLING_AREA","modelName":"NewYardModel"},"interaction":{"idSuffix":"inner"}},"wdio_ui5_key":"etmportal.ui.manageyards.view.Newsap.m.Input{\"path\":\"\",\"propertyPath\":\"/CONTROLLING_AREA\",\"modelName\":\"NewYardModel\"}"}]}
RESULT: undefined
COMMAND: POST /session/1f4369c590cc015c24359cd6d90be4de/execute/async - {"script":"<script> [776 bytes]","args":[{"enterText":"Z001","selector":{"controlType":"sap.m.Input","viewName":"etm.portal.ui.manageyards.view.New","viewId":"application-manageyards-display-component---NewYard","bindingPath":{"path":"","propertyPath":"/CONTROLLING_AREA","modelName":"NewYardModel"},"interaction":{"idSuffix":"inner"}},"clearTextFirst":true,"interactionType":"ENTER_TEXT"}]}
RESULT: {}
RESULT: {"script":"<script> [776 bytes]","args":[{"enterText":"Z001","selector":{"controlType":"sap.m.Input","viewName":"etm.portal.ui.manageyards.view.New","viewId":"application-manageyards-display-component---NewYard","bindingPath":{"path":"","propertyPath":"/CONTROLLING_AREA","modelName":"NewYardModel"},"interaction":{"idSuffix":"inner"}},"clearTextFirst":true,"interactionType":"ENTER_TEXT"}]}
COMMAND: POST /session/1f4369c590cc015c24359cd6d90be4de/execute/async - {"script":"<script> [1562 bytes]","args":[{"selector":{"id":"application-manageyards-display-component---NewYard--companyCodeComboBox","interaction":{"idSuffix":"inner"}},"wdio_ui5_key":"applicationmanageyards-display-component---NewYard--companyCodeComboBox"}]}
RESULT: {"script":"<script> [1562 bytes]","args":[{"selector":{"id":"application-manageyards-display-component---NewYard--companyCodeComboBox","interaction":{"idSuffix":"inner"}},"wdio_ui5_key":"applicationmanageyards-display-component---NewYard--companyCodeComboBox"}]}
RESULT: undefined
COMMAND: POST /session/1f4369c590cc015c24359cd6d90be4de/execute/async - {"script":"<script> [776 bytes]","args":[{"enterText":"1000","selector":{"id":"application-manageyards-display-component---NewYard--companyCodeComboBox","interaction":{"idSuffix":"inner"}},"clearTextFirst":true,"interactionType":"ENTER_TEXT"}]}
RESULT: {"script":"<script> [776 bytes]","args":[{"enterText":"1000","selector":{"id":"application-manageyards-display-component---NewYard--companyCodeComboBox","interaction":{"idSuffix":"inner"}},"clearTextFirst":true,"interactionType":"ENTER_TEXT"}]}
COMMAND: POST /session/1f4369c590cc015c24359cd6d90be4de/execute/async - {"script":"<script> [1562 bytes]","args":[{"selector":{"controlType":"sap.m.Input","viewName":"etm.portal.ui.manageyards.view.New","viewId":"application-manageyards-display-component---NewYard","bindingPath":{"path":"","propertyPath":"/PLANT","modelName":"NewYardModel"},"interaction":{"idSuffix":"inner"}},"wdio_ui5_key":"etmportal.ui.manageyards.view.Newsap.m.Input{\"path\":\"\",\"propertyPath\":\"/PLANT\",\"modelName\":\"NewYardModel\"}"}]}
RESULT: {"script":"<script> [1562 bytes]","args":[{"selector":{"controlType":"sap.m.Input","viewName":"etm.portal.ui.manageyards.view.New","viewId":"application-manageyards-display-component---NewYard","bindingPath":{"path":"","propertyPath":"/PLANT","modelName":"NewYardModel"},"interaction":{"idSuffix":"inner"}},"wdio_ui5_key":"etmportal.ui.manageyards.view.Newsap.m.Input{\"path\":\"\",\"propertyPath\":\"/PLANT\",\"modelName\":\"NewYardModel\"}"}]}
RESULT: undefined
COMMAND: POST /session/1f4369c590cc015c24359cd6d90be4de/execute/async - {"script":"<script> [776 bytes]","args":[{"enterText":"1001","selector":{"controlType":"sap.m.Input","viewName":"etm.portal.ui.manageyards.view.New","viewId":"application-manageyards-display-component---NewYard","bindingPath":{"path":"","propertyPath":"/PLANT","modelName":"NewYardModel"},"interaction":{"idSuffix":"inner"}},"clearTextFirst":true,"interactionType":"ENTER_TEXT"}]}
RESULT: {"script":"<script> [776 bytes]","args":[{"enterText":"1001","selector":{"controlType":"sap.m.Input","viewName":"etm.portal.ui.manageyards.view.New","viewId":"application-manageyards-display-component---NewYard","bindingPath":{"path":"","propertyPath":"/PLANT","modelName":"NewYardModel"},"interaction":{"idSuffix":"inner"}},"clearTextFirst":true,"interactionType":"ENTER_TEXT"}]}
COMMAND: POST /session/1f4369c590cc015c24359cd6d90be4de/execute/async - {"script":"<script> [1562 bytes]","args":[{"selector":{"controlType":"sap.m.Input","viewName":"etm.portal.ui.manageyards.view.New","viewId":"application-manageyards-display-component---NewYard","bindingPath":{"path":"","propertyPath":"/SALES_AREA_VKORG","modelName":"NewYardModel"},"interaction":{"idSuffix":"inner"}},"wdio_ui5_key":"etmportal.ui.manageyards.view.Newsap.m.Input{\"path\":\"\",\"propertyPath\":\"/SALES_AREA_VKORG\",\"modelName\":\"NewYardModel\"}"}]}
RESULT: {"script":"<script> [1562 bytes]","args":[{"selector":{"controlType":"sap.m.Input","viewName":"etm.portal.ui.manageyards.view.New","viewId":"application-manageyards-display-component---NewYard","bindingPath":{"path":"","propertyPath":"/SALES_AREA_VKORG","modelName":"NewYardModel"},"interaction":{"idSuffix":"inner"}},"wdio_ui5_key":"etmportal.ui.manageyards.view.Newsap.m.Input{\"path\":\"\",\"propertyPath\":\"/SALES_AREA_VKORG\",\"modelName\":\"NewYardModel\"}"}]}
RESULT: undefined
COMMAND: POST /session/1f4369c590cc015c24359cd6d90be4de/execute/async - {"script":"<script> [776 bytes]","args":[{"enterText":"C002","selector":{"controlType":"sap.m.Input","viewName":"etm.portal.ui.manageyards.view.New","viewId":"application-manageyards-display-component---NewYard","bindingPath":{"path":"","propertyPath":"/SALES_AREA_VKORG","modelName":"NewYardModel"},"interaction":{"idSuffix":"inner"}},"clearTextFirst":true,"interactionType":"ENTER_TEXT"}]}
RESULT: {"script":"<script> [776 bytes]","args":[{"enterText":"C002","selector":{"controlType":"sap.m.Input","viewName":"etm.portal.ui.manageyards.view.New","viewId":"application-manageyards-display-component---NewYard","bindingPath":{"path":"","propertyPath":"/SALES_AREA_VKORG","modelName":"NewYardModel"},"interaction":{"idSuffix":"inner"}},"clearTextFirst":true,"interactionType":"ENTER_TEXT"}]}
COMMAND: POST /session/1f4369c590cc015c24359cd6d90be4de/execute/async - {"script":"<script> [1562 bytes]","args":[{"selector":{"controlType":"sap.m.Input","viewName":"etm.portal.ui.manageyards.view.New","viewId":"application-manageyards-display-component---NewYard","bindingPath":{"path":"","propertyPath":"/SALES_AREA_VTWEG","modelName":"NewYardModel"},"interaction":{"idSuffix":"inner"}},"wdio_ui5_key":"etmportal.ui.manageyards.view.Newsap.m.Input{\"path\":\"\",\"propertyPath\":\"/SALES_AREA_VTWEG\",\"modelName\":\"NewYardModel\"}"}]}
RESULT: {"script":"<script> [1562 bytes]","args":[{"selector":{"controlType":"sap.m.Input","viewName":"etm.portal.ui.manageyards.view.New","viewId":"application-manageyards-display-component---NewYard","bindingPath":{"path":"","propertyPath":"/SALES_AREA_VTWEG","modelName":"NewYardModel"},"interaction":{"idSuffix":"inner"}},"wdio_ui5_key":"etmportal.ui.manageyards.view.Newsap.m.Input{\"path\":\"\",\"propertyPath\":\"/SALES_AREA_VTWEG\",\"modelName\":\"NewYardModel\"}"}]}
RESULT: undefined
COMMAND: POST /session/1f4369c590cc015c24359cd6d90be4de/execute/async - {"script":"<script> [776 bytes]","args":[{"enterText":"C2","selector":{"controlType":"sap.m.Input","viewName":"etm.portal.ui.manageyards.view.New","viewId":"application-manageyards-display-component---NewYard","bindingPath":{"path":"","propertyPath":"/SALES_AREA_VTWEG","modelName":"NewYardModel"},"interaction":{"idSuffix":"inner"}},"clearTextFirst":true,"interactionType":"ENTER_TEXT"}]}
RESULT: {"script":"<script> [776 bytes]","args":[{"enterText":"C2","selector":{"controlType":"sap.m.Input","viewName":"etm.portal.ui.manageyards.view.New","viewId":"application-manageyards-display-component---NewYard","bindingPath":{"path":"","propertyPath":"/SALES_AREA_VTWEG","modelName":"NewYardModel"},"interaction":{"idSuffix":"inner"}},"clearTextFirst":true,"interactionType":"ENTER_TEXT"}]}
COMMAND: POST /session/1f4369c590cc015c24359cd6d90be4de/execute/async - {"script":"<script> [1562 bytes]","args":[{"selector":{"controlType":"sap.m.Input","viewName":"etm.portal.ui.manageyards.view.New","viewId":"application-manageyards-display-component---NewYard","bindingPath":{"path":"","propertyPath":"/SALES_AREA_SPART","modelName":"NewYardModel"},"interaction":{"idSuffix":"inner"}},"wdio_ui5_key":"etmportal.ui.manageyards.view.Newsap.m.Input{\"path\":\"\",\"propertyPath\":\"/SALES_AREA_SPART\",\"modelName\":\"NewYardModel\"}"}]}
RESULT: {"script":"<script> [1562 bytes]","args":[{"selector":{"controlType":"sap.m.Input","viewName":"etm.portal.ui.manageyards.view.New","viewId":"application-manageyards-display-component---NewYard","bindingPath":{"path":"","propertyPath":"/SALES_AREA_SPART","modelName":"NewYardModel"},"interaction":{"idSuffix":"inner"}},"wdio_ui5_key":"etmportal.ui.manageyards.view.Newsap.m.Input{\"path\":\"\",\"propertyPath\":\"/SALES_AREA_SPART\",\"modelName\":\"NewYardModel\"}"}]}
RESULT: undefined
COMMAND: POST /session/1f4369c590cc015c24359cd6d90be4de/execute/async - {"script":"<script> [776 bytes]","args":[{"enterText":"C2","selector":{"controlType":"sap.m.Input","viewName":"etm.portal.ui.manageyards.view.New","viewId":"application-manageyards-display-component---NewYard","bindingPath":{"path":"","propertyPath":"/SALES_AREA_SPART","modelName":"NewYardModel"},"interaction":{"idSuffix":"inner"}},"clearTextFirst":true,"interactionType":"ENTER_TEXT"}]}
RESULT: {"script":"<script> [776 bytes]","args":[{"enterText":"C2","selector":{"controlType":"sap.m.Input","viewName":"etm.portal.ui.manageyards.view.New","viewId":"application-manageyards-display-component---NewYard","bindingPath":{"path":"","propertyPath":"/SALES_AREA_SPART","modelName":"NewYardModel"},"interaction":{"idSuffix":"inner"}},"clearTextFirst":true,"interactionType":"ENTER_TEXT"}]}
COMMAND: POST /session/1f4369c590cc015c24359cd6d90be4de/execute/async - {"script":"<script> [1562 bytes]","args":[{"selector":{"controlType":"sap.m.Input","viewName":"etm.portal.ui.manageyards.view.New","viewId":"application-manageyards-display-component---NewYard","bindingPath":{"path":"","propertyPath":"/SHIP_POINT","modelName":"NewYardModel"},"interaction":{"idSuffix":"inner"}},"wdio_ui5_key":"etmportal.ui.manageyards.view.Newsap.m.Input{\"path\":\"\",\"propertyPath\":\"/SHIP_POINT\",\"modelName\":\"NewYardModel\"}"}]}
RESULT: {"script":"<script> [1562 bytes]","args":[{"selector":{"controlType":"sap.m.Input","viewName":"etm.portal.ui.manageyards.view.New","viewId":"application-manageyards-display-component---NewYard","bindingPath":{"path":"","propertyPath":"/SHIP_POINT","modelName":"NewYardModel"},"interaction":{"idSuffix":"inner"}},"wdio_ui5_key":"etmportal.ui.manageyards.view.Newsap.m.Input{\"path\":\"\",\"propertyPath\":\"/SHIP_POINT\",\"modelName\":\"NewYardModel\"}"}]}
RESULT: undefined
COMMAND: POST /session/1f4369c590cc015c24359cd6d90be4de/execute/async - {"script":"<script> [776 bytes]","args":[{"enterText":"1710","selector":{"controlType":"sap.m.Input","viewName":"etm.portal.ui.manageyards.view.New","viewId":"application-manageyards-display-component---NewYard","bindingPath":{"path":"","propertyPath":"/SHIP_POINT","modelName":"NewYardModel"},"interaction":{"idSuffix":"inner"}},"clearTextFirst":true,"interactionType":"ENTER_TEXT"}]}
RESULT: {"script":"<script> [776 bytes]","args":[{"enterText":"1710","selector":{"controlType":"sap.m.Input","viewName":"etm.portal.ui.manageyards.view.New","viewId":"application-manageyards-display-component---NewYard","bindingPath":{"path":"","propertyPath":"/SHIP_POINT","modelName":"NewYardModel"},"interaction":{"idSuffix":"inner"}},"clearTextFirst":true,"interactionType":"ENTER_TEXT"}]}
COMMAND: POST /session/1f4369c590cc015c24359cd6d90be4de/execute/async - {"script":"<script> [1562 bytes]","args":[{"selector":{"controlType":"sap.m.Input","viewName":"etm.portal.ui.manageyards.view.New","viewId":"application-manageyards-display-component---NewYard","bindingPath":{"path":"","propertyPath":"/DELIVERY_TYPE","modelName":"NewYardModel"},"interaction":{"idSuffix":"inner"}},"wdio_ui5_key":"etmportal.ui.manageyards.view.Newsap.m.Input{\"path\":\"\",\"propertyPath\":\"/DELIVERY_TYPE\",\"modelName\":\"NewYardModel\"}"}]}
RESULT: {"script":"<script> [1562 bytes]","args":[{"selector":{"controlType":"sap.m.Input","viewName":"etm.portal.ui.manageyards.view.New","viewId":"application-manageyards-display-component---NewYard","bindingPath":{"path":"","propertyPath":"/DELIVERY_TYPE","modelName":"NewYardModel"},"interaction":{"idSuffix":"inner"}},"wdio_ui5_key":"etmportal.ui.manageyards.view.Newsap.m.Input{\"path\":\"\",\"propertyPath\":\"/DELIVERY_TYPE\",\"modelName\":\"NewYardModel\"}"}]}
RESULT: undefined
COMMAND: POST /session/1f4369c590cc015c24359cd6d90be4de/execute/async - {"script":"<script> [776 bytes]","args":[{"enterText":"ZL01","selector":{"controlType":"sap.m.Input","viewName":"etm.portal.ui.manageyards.view.New","viewId":"application-manageyards-display-component---NewYard","bindingPath":{"path":"","propertyPath":"/DELIVERY_TYPE","modelName":"NewYardModel"},"interaction":{"idSuffix":"inner"}},"clearTextFirst":true,"interactionType":"ENTER_TEXT"}]}
RESULT: {"script":"<script> [776 bytes]","args":[{"enterText":"ZL01","selector":{"controlType":"sap.m.Input","viewName":"etm.portal.ui.manageyards.view.New","viewId":"application-manageyards-display-component---NewYard","bindingPath":{"path":"","propertyPath":"/DELIVERY_TYPE","modelName":"NewYardModel"},"interaction":{"idSuffix":"inner"}},"clearTextFirst":true,"interactionType":"ENTER_TEXT"}]}
COMMAND: POST /session/1f4369c590cc015c24359cd6d90be4de/execute/async - {"script":"<script> [1562 bytes]","args":[{"selector":{"controlType":"sap.m.Input","viewName":"etm.portal.ui.manageyards.view.New","viewId":"application-manageyards-display-component---NewYard","bindingPath":{"path":"","propertyPath":"/AUART","modelName":"NewYardModel"},"interaction":{"idSuffix":"inner"}},"wdio_ui5_key":"etmportal.ui.manageyards.view.Newsap.m.Input{\"path\":\"\",\"propertyPath\":\"/AUART\",\"modelName\":\"NewYardModel\"}"}]}
RESULT: {"script":"<script> [1562 bytes]","args":[{"selector":{"controlType":"sap.m.Input","viewName":"etm.portal.ui.manageyards.view.New","viewId":"application-manageyards-display-component---NewYard","bindingPath":{"path":"","propertyPath":"/AUART","modelName":"NewYardModel"},"interaction":{"idSuffix":"inner"}},"wdio_ui5_key":"etmportal.ui.manageyards.view.Newsap.m.Input{\"path\":\"\",\"propertyPath\":\"/AUART\",\"modelName\":\"NewYardModel\"}"}]}
RESULT: undefined
COMMAND: POST /session/1f4369c590cc015c24359cd6d90be4de/execute/async - {"script":"<script> [776 bytes]","args":[{"enterText":"TA","selector":{"controlType":"sap.m.Input","viewName":"etm.portal.ui.manageyards.view.New","viewId":"application-manageyards-display-component---NewYard","bindingPath":{"path":"","propertyPath":"/AUART","modelName":"NewYardModel"},"interaction":{"idSuffix":"inner"}},"clearTextFirst":true,"interactionType":"ENTER_TEXT"}]}
RESULT: {"script":"<script> [776 bytes]","args":[{"enterText":"TA","selector":{"controlType":"sap.m.Input","viewName":"etm.portal.ui.manageyards.view.New","viewId":"application-manageyards-display-component---NewYard","bindingPath":{"path":"","propertyPath":"/AUART","modelName":"NewYardModel"},"interaction":{"idSuffix":"inner"}},"clearTextFirst":true,"interactionType":"ENTER_TEXT"}]}
COMMAND: POST /session/1f4369c590cc015c24359cd6d90be4de/element - {"using":"xpath","value":"//button[@data-kt=\"newYardSaveButton\"]"}
RESULT: {"using":"xpath","value":"//button[@data-kt=\"newYardSaveButton\"]"}
COMMAND: POST /session/1f4369c590cc015c24359cd6d90be4de/element/f.8EC51792AE8EAD5CEC6F142478755B93.d.8CA0A7021ABD0618148FA3816A97CCED.e.703/click - {}
RESULT: {}
COMMAND: GET /session/1f4369c590cc015c24359cd6d90be4de/screenshot - {}
RESULT: {}
COMMAND: POST /session/1f4369c590cc015c24359cd6d90be4de/element - {"using":"xpath","value":"//header[contains(@id, 'ObjectPageLayout-headerTitle')]/div[1]/div[2]/div[1]/span[1]"}
RESULT: {"using":"xpath","value":"//header[contains(@id, 'ObjectPageLayout-headerTitle')]/div[1]/div[2]/div[1]/span[1]"}
COMMAND: POST /session/1f4369c590cc015c24359cd6d90be4de/elements - {"using":"xpath","value":"//header[contains(@id, 'ObjectPageLayout-headerTitle')]/div[1]/div[2]/div[1]/span[1]"}
RESULT: {"using":"xpath","value":"//header[contains(@id, 'ObjectPageLayout-headerTitle')]/div[1]/div[2]/div[1]/span[1]"}
COMMAND: POST /session/1f4369c590cc015c24359cd6d90be4de/execute/sync - {"script":"<script> [56 bytes]","args":[{"element-6066-11e4-a52e-4f735466cecf":"f.8EC51792AE8EAD5CEC6F142478755B93.d.8CA0A7021ABD0618148FA3816A97CCED.e.1000","ELEMENT":"f.8EC51792AE8EAD5CEC6F142478755B93.d.8CA0A7021ABD0618148FA3816A97CCED.e.1000"}]}
RESULT: {"script":"<script> [56 bytes]","args":[{"element-6066-11e4-a52e-4f735466cecf":"f.8EC51792AE8EAD5CEC6F142478755B93.d.8CA0A7021ABD0618148FA3816A97CCED.e.1000","ELEMENT":"f.8EC51792AE8EAD5CEC6F142478755B93.d.8CA0A7021ABD0618148FA3816A97CCED.e.1000"}]}
COMMAND: GET /session/1f4369c590cc015c24359cd6d90be4de/screenshot - {}
RESULT: {}
COMMAND: POST /session/1f4369c590cc015c24359cd6d90be4de/element - {"using":"css selector","value":"#shell-header-logo"}
RESULT: {"using":"css selector","value":"#shell-header-logo"}
COMMAND: POST /session/1f4369c590cc015c24359cd6d90be4de/element/f.8EC51792AE8EAD5CEC6F142478755B93.d.8CA0A7021ABD0618148FA3816A97CCED.e.252/click - {}
RESULT: {}
COMMAND: GET /session/1f4369c590cc015c24359cd6d90be4de/screenshot - {}
RESULT: {}
COMMAND: POST /session/1f4369c590cc015c24359cd6d90be4de/execute/sync - {"script":"<script> [299 bytes]","args":[["getModel","getResource"]]}
RESULT: {"script":"<script> [299 bytes]","args":[["getModel","getResource"]]}
]]></system-out>
    </testcase>
    <testcase classname="chrome.135_0_7049_42.windows.Partner_specific_tests_US150819_US151080_US151654_US151176_US103444_US151078_US151079_US151109_US151174_US151175_US151189" name="Should create new external partner US150819" time="92.46">
      <system-out><![CDATA[
COMMAND: GET /session/1f4369c590cc015c24359cd6d90be4de/screenshot - {}
COMMAND: POST /session/1f4369c590cc015c24359cd6d90be4de/element - {"using":"xpath","value":"//li[.//span[text()=\"Manage Partners\"]]"}
RESULT: {}
RESULT: {"using":"xpath","value":"//li[.//span[text()=\"Manage Partners\"]]"}
COMMAND: POST /session/1f4369c590cc015c24359cd6d90be4de/element - {"using":"xpath","value":"//li[.//span[text()=\"Manage Partners\"]]"}
RESULT: {"using":"xpath","value":"//li[.//span[text()=\"Manage Partners\"]]"}
COMMAND: POST /session/1f4369c590cc015c24359cd6d90be4de/element - {"using":"css selector","value":"#shell-header-logo"}
RESULT: {"using":"css selector","value":"#shell-header-logo"}
COMMAND: POST /session/1f4369c590cc015c24359cd6d90be4de/element/f.8EC51792AE8EAD5CEC6F142478755B93.d.8CA0A7021ABD0618148FA3816A97CCED.e.1003/click - {}
COMMAND: POST /session/1f4369c590cc015c24359cd6d90be4de/execute/sync - {"script":"<script> [8489 bytes]","args":[{"element-6066-11e4-a52e-4f735466cecf":"f.8EC51792AE8EAD5CEC6F142478755B93.d.8CA0A7021ABD0618148FA3816A97CCED.e.1003","ELEMENT":"f.8EC51792AE8EAD5CEC6F142478755B93.d.8CA0A7021ABD0618148FA3816A97CCED.e.1003"}]}
RESULT: {}
COMMAND: GET /session/1f4369c590cc015c24359cd6d90be4de/screenshot - {}
RESULT: {"script":"<script> [8489 bytes]","args":[{"element-6066-11e4-a52e-4f735466cecf":"f.8EC51792AE8EAD5CEC6F142478755B93.d.8CA0A7021ABD0618148FA3816A97CCED.e.1003","ELEMENT":"f.8EC51792AE8EAD5CEC6F142478755B93.d.8CA0A7021ABD0618148FA3816A97CCED.e.1003"}]}
COMMAND: POST /session/1f4369c590cc015c24359cd6d90be4de/execute/sync - {"script":"<script> [5351 bytes]","args":[{"element-6066-11e4-a52e-4f735466cecf":"f.8EC51792AE8EAD5CEC6F142478755B93.d.8CA0A7021ABD0618148FA3816A97CCED.e.1003","ELEMENT":"f.8EC51792AE8EAD5CEC6F142478755B93.d.8CA0A7021ABD0618148FA3816A97CCED.e.1003"}]}
COMMAND: GET /session/1f4369c590cc015c24359cd6d90be4de/screenshot - {}
RESULT: {}
RESULT: {"script":"<script> [5351 bytes]","args":[{"element-6066-11e4-a52e-4f735466cecf":"f.8EC51792AE8EAD5CEC6F142478755B93.d.8CA0A7021ABD0618148FA3816A97CCED.e.1003","ELEMENT":"f.8EC51792AE8EAD5CEC6F142478755B93.d.8CA0A7021ABD0618148FA3816A97CCED.e.1003"}]}
COMMAND: GET /session/1f4369c590cc015c24359cd6d90be4de/screenshot - {}
RESULT: {}
RESULT: {}
COMMAND: POST /session/1f4369c590cc015c24359cd6d90be4de/window/fullscreen - {}
RESULT: {}
COMMAND: POST /session/1f4369c590cc015c24359cd6d90be4de/execute/async - {"script":"<script> [1562 bytes]","args":[{"selector":{"controlType":"sap.m.GenericTile","properties":{"header":"Manage Partners"}},"wdio_ui5_key":"sapm.GenericTile{\"header\":\"Manage Partners\"}"}]}
RESULT: {"script":"<script> [1562 bytes]","args":[{"selector":{"controlType":"sap.m.GenericTile","properties":{"header":"Manage Partners"}},"wdio_ui5_key":"sapm.GenericTile{\"header\":\"Manage Partners\"}"}]}
RESULT: undefined
COMMAND: POST /session/1f4369c590cc015c24359cd6d90be4de/element - {"using":"xpath","value":"//*[@id=\"__tile38\"]"}
RESULT: {"using":"xpath","value":"//*[@id=\"__tile38\"]"}
COMMAND: POST /session/1f4369c590cc015c24359cd6d90be4de/element/f.8EC51792AE8EAD5CEC6F142478755B93.d.8CA0A7021ABD0618148FA3816A97CCED.e.154/click - {}
RESULT: {}
COMMAND: POST /session/1f4369c590cc015c24359cd6d90be4de/element - {"using":"xpath","value":"//button[@data-kt=\"addButton\"]"}
COMMAND: GET /session/1f4369c590cc015c24359cd6d90be4de/screenshot - {}
RESULT: {"using":"xpath","value":"//button[@data-kt=\"addButton\"]"}
COMMAND: POST /session/1f4369c590cc015c24359cd6d90be4de/elements - {"using":"xpath","value":"//button[@data-kt=\"addButton\"]"}
RESULT: {}
RESULT: {"using":"xpath","value":"//button[@data-kt=\"addButton\"]"}
COMMAND: POST /session/1f4369c590cc015c24359cd6d90be4de/elements - {"using":"xpath","value":"//button[@data-kt=\"addButton\"]"}
RESULT: {"using":"xpath","value":"//button[@data-kt=\"addButton\"]"}
COMMAND: POST /session/1f4369c590cc015c24359cd6d90be4de/elements - {"using":"xpath","value":"//button[@data-kt=\"addButton\"]"}
RESULT: {"using":"xpath","value":"//button[@data-kt=\"addButton\"]"}
COMMAND: POST /session/1f4369c590cc015c24359cd6d90be4de/elements - {"using":"xpath","value":"//button[@data-kt=\"addButton\"]"}
RESULT: {"using":"xpath","value":"//button[@data-kt=\"addButton\"]"}
COMMAND: POST /session/1f4369c590cc015c24359cd6d90be4de/elements - {"using":"xpath","value":"//button[@data-kt=\"addButton\"]"}
RESULT: {"using":"xpath","value":"//button[@data-kt=\"addButton\"]"}
COMMAND: POST /session/1f4369c590cc015c24359cd6d90be4de/elements - {"using":"xpath","value":"//button[@data-kt=\"addButton\"]"}
RESULT: {"using":"xpath","value":"//button[@data-kt=\"addButton\"]"}
COMMAND: POST /session/1f4369c590cc015c24359cd6d90be4de/elements - {"using":"xpath","value":"//button[@data-kt=\"addButton\"]"}
RESULT: {"using":"xpath","value":"//button[@data-kt=\"addButton\"]"}
COMMAND: POST /session/1f4369c590cc015c24359cd6d90be4de/elements - {"using":"xpath","value":"//button[@data-kt=\"addButton\"]"}
RESULT: {"using":"xpath","value":"//button[@data-kt=\"addButton\"]"}
COMMAND: POST /session/1f4369c590cc015c24359cd6d90be4de/elements - {"using":"xpath","value":"//button[@data-kt=\"addButton\"]"}
RESULT: {"using":"xpath","value":"//button[@data-kt=\"addButton\"]"}
COMMAND: POST /session/1f4369c590cc015c24359cd6d90be4de/elements - {"using":"xpath","value":"//button[@data-kt=\"addButton\"]"}
RESULT: {"using":"xpath","value":"//button[@data-kt=\"addButton\"]"}
COMMAND: POST /session/1f4369c590cc015c24359cd6d90be4de/elements - {"using":"xpath","value":"//button[@data-kt=\"addButton\"]"}
RESULT: {"using":"xpath","value":"//button[@data-kt=\"addButton\"]"}
COMMAND: POST /session/1f4369c590cc015c24359cd6d90be4de/elements - {"using":"xpath","value":"//button[@data-kt=\"addButton\"]"}
RESULT: {"using":"xpath","value":"//button[@data-kt=\"addButton\"]"}
COMMAND: POST /session/1f4369c590cc015c24359cd6d90be4de/elements - {"using":"xpath","value":"//button[@data-kt=\"addButton\"]"}
RESULT: {"using":"xpath","value":"//button[@data-kt=\"addButton\"]"}
COMMAND: POST /session/1f4369c590cc015c24359cd6d90be4de/elements - {"using":"xpath","value":"//button[@data-kt=\"addButton\"]"}
RESULT: {"using":"xpath","value":"//button[@data-kt=\"addButton\"]"}
COMMAND: POST /session/1f4369c590cc015c24359cd6d90be4de/elements - {"using":"xpath","value":"//button[@data-kt=\"addButton\"]"}
RESULT: {"using":"xpath","value":"//button[@data-kt=\"addButton\"]"}
COMMAND: POST /session/1f4369c590cc015c24359cd6d90be4de/elements - {"using":"xpath","value":"//button[@data-kt=\"addButton\"]"}
RESULT: {"using":"xpath","value":"//button[@data-kt=\"addButton\"]"}
COMMAND: POST /session/1f4369c590cc015c24359cd6d90be4de/elements - {"using":"xpath","value":"//button[@data-kt=\"addButton\"]"}
RESULT: {"using":"xpath","value":"//button[@data-kt=\"addButton\"]"}
COMMAND: POST /session/1f4369c590cc015c24359cd6d90be4de/elements - {"using":"xpath","value":"//button[@data-kt=\"addButton\"]"}
RESULT: {"using":"xpath","value":"//button[@data-kt=\"addButton\"]"}
COMMAND: POST /session/1f4369c590cc015c24359cd6d90be4de/elements - {"using":"xpath","value":"//button[@data-kt=\"addButton\"]"}
RESULT: {"using":"xpath","value":"//button[@data-kt=\"addButton\"]"}
COMMAND: POST /session/1f4369c590cc015c24359cd6d90be4de/elements - {"using":"xpath","value":"//button[@data-kt=\"addButton\"]"}
RESULT: {"using":"xpath","value":"//button[@data-kt=\"addButton\"]"}
COMMAND: POST /session/1f4369c590cc015c24359cd6d90be4de/elements - {"using":"xpath","value":"//button[@data-kt=\"addButton\"]"}
RESULT: {"using":"xpath","value":"//button[@data-kt=\"addButton\"]"}
COMMAND: POST /session/1f4369c590cc015c24359cd6d90be4de/elements - {"using":"xpath","value":"//button[@data-kt=\"addButton\"]"}
RESULT: {"using":"xpath","value":"//button[@data-kt=\"addButton\"]"}
COMMAND: POST /session/1f4369c590cc015c24359cd6d90be4de/elements - {"using":"xpath","value":"//button[@data-kt=\"addButton\"]"}
RESULT: {"using":"xpath","value":"//button[@data-kt=\"addButton\"]"}
COMMAND: POST /session/1f4369c590cc015c24359cd6d90be4de/elements - {"using":"xpath","value":"//button[@data-kt=\"addButton\"]"}
RESULT: {"using":"xpath","value":"//button[@data-kt=\"addButton\"]"}
COMMAND: POST /session/1f4369c590cc015c24359cd6d90be4de/element - {"using":"xpath","value":"//button[@data-kt=\"addButton\"]"}
RESULT: {"using":"xpath","value":"//button[@data-kt=\"addButton\"]"}
COMMAND: POST /session/1f4369c590cc015c24359cd6d90be4de/execute/sync - {"script":"<script> [8489 bytes]","args":[{"element-6066-11e4-a52e-4f735466cecf":"f.8EC51792AE8EAD5CEC6F142478755B93.d.8CA0A7021ABD0618148FA3816A97CCED.e.1038","ELEMENT":"f.8EC51792AE8EAD5CEC6F142478755B93.d.8CA0A7021ABD0618148FA3816A97CCED.e.1038"}]}
RESULT: {"script":"<script> [8489 bytes]","args":[{"element-6066-11e4-a52e-4f735466cecf":"f.8EC51792AE8EAD5CEC6F142478755B93.d.8CA0A7021ABD0618148FA3816A97CCED.e.1038","ELEMENT":"f.8EC51792AE8EAD5CEC6F142478755B93.d.8CA0A7021ABD0618148FA3816A97CCED.e.1038"}]}
COMMAND: GET /session/1f4369c590cc015c24359cd6d90be4de/element/f.8EC51792AE8EAD5CEC6F142478755B93.d.8CA0A7021ABD0618148FA3816A97CCED.e.1038/enabled - {}
COMMAND: GET /session/1f4369c590cc015c24359cd6d90be4de/screenshot - {}
RESULT: {}
COMMAND: POST /session/1f4369c590cc015c24359cd6d90be4de/execute/sync - {"script":"<script> [8489 bytes]","args":[{"element-6066-11e4-a52e-4f735466cecf":"f.8EC51792AE8EAD5CEC6F142478755B93.d.8CA0A7021ABD0618148FA3816A97CCED.e.1038","ELEMENT":"f.8EC51792AE8EAD5CEC6F142478755B93.d.8CA0A7021ABD0618148FA3816A97CCED.e.1038"}]}
COMMAND: GET /session/1f4369c590cc015c24359cd6d90be4de/screenshot - {}
RESULT: {}
RESULT: {"script":"<script> [8489 bytes]","args":[{"element-6066-11e4-a52e-4f735466cecf":"f.8EC51792AE8EAD5CEC6F142478755B93.d.8CA0A7021ABD0618148FA3816A97CCED.e.1038","ELEMENT":"f.8EC51792AE8EAD5CEC6F142478755B93.d.8CA0A7021ABD0618148FA3816A97CCED.e.1038"}]}
COMMAND: POST /session/1f4369c590cc015c24359cd6d90be4de/execute/sync - {"script":"<script> [5351 bytes]","args":[{"element-6066-11e4-a52e-4f735466cecf":"f.8EC51792AE8EAD5CEC6F142478755B93.d.8CA0A7021ABD0618148FA3816A97CCED.e.1038","ELEMENT":"f.8EC51792AE8EAD5CEC6F142478755B93.d.8CA0A7021ABD0618148FA3816A97CCED.e.1038"}]}
COMMAND: GET /session/1f4369c590cc015c24359cd6d90be4de/screenshot - {}
RESULT: {}
RESULT: {"script":"<script> [5351 bytes]","args":[{"element-6066-11e4-a52e-4f735466cecf":"f.8EC51792AE8EAD5CEC6F142478755B93.d.8CA0A7021ABD0618148FA3816A97CCED.e.1038","ELEMENT":"f.8EC51792AE8EAD5CEC6F142478755B93.d.8CA0A7021ABD0618148FA3816A97CCED.e.1038"}]}
COMMAND: POST /session/1f4369c590cc015c24359cd6d90be4de/element/f.8EC51792AE8EAD5CEC6F142478755B93.d.8CA0A7021ABD0618148FA3816A97CCED.e.1038/click - {}
COMMAND: GET /session/1f4369c590cc015c24359cd6d90be4de/screenshot - {}
RESULT: {}
RESULT: {}
COMMAND: GET /session/1f4369c590cc015c24359cd6d90be4de/screenshot - {}
COMMAND: POST /session/1f4369c590cc015c24359cd6d90be4de/execute/async - {"script":"<script> [1562 bytes]","args":[{"selector":{"id":"application-managepartners-display-component---NewPartner--addressDetailDetailsName1","interaction":{"idSuffix":"inner"}},"wdio_ui5_key":"applicationmanagepartners-display-component---NewPartner--addressDetailDetailsName1"}]}
RESULT: {}
RESULT: {}
RESULT: {"script":"<script> [1562 bytes]","args":[{"selector":{"id":"application-managepartners-display-component---NewPartner--addressDetailDetailsName1","interaction":{"idSuffix":"inner"}},"wdio_ui5_key":"applicationmanagepartners-display-component---NewPartner--addressDetailDetailsName1"}]}
RESULT: undefined
COMMAND: POST /session/1f4369c590cc015c24359cd6d90be4de/execute/async - {"script":"<script> [776 bytes]","args":[{"enterText":"External Partner WDIO","selector":{"id":"application-managepartners-display-component---NewPartner--addressDetailDetailsName1","interaction":{"idSuffix":"inner"}},"clearTextFirst":true,"interactionType":"ENTER_TEXT"}]}
RESULT: {"script":"<script> [776 bytes]","args":[{"enterText":"External Partner WDIO","selector":{"id":"application-managepartners-display-component---NewPartner--addressDetailDetailsName1","interaction":{"idSuffix":"inner"}},"clearTextFirst":true,"interactionType":"ENTER_TEXT"}]}
COMMAND: POST /session/1f4369c590cc015c24359cd6d90be4de/execute/async - {"script":"<script> [1562 bytes]","args":[{"selector":{"id":"application-managepartners-display-component---NewPartner--addressDetailDetailsLanguage-arrow"},"wdio_ui5_key":"applicationmanagepartners-display-component---NewPartner--addressDetailDetailsLanguage-arrow"}]}
RESULT: {"script":"<script> [1562 bytes]","args":[{"selector":{"id":"application-managepartners-display-component---NewPartner--addressDetailDetailsLanguage-arrow"},"wdio_ui5_key":"applicationmanagepartners-display-component---NewPartner--addressDetailDetailsLanguage-arrow"}]}
RESULT: undefined
COMMAND: POST /session/1f4369c590cc015c24359cd6d90be4de/element - {"using":"xpath","value":"//*[@id=\"application-managepartners-display-component---NewPartner--addressDetailDetailsLanguage-arrow\"]"}
RESULT: {"using":"xpath","value":"//*[@id=\"application-managepartners-display-component---NewPartner--addressDetailDetailsLanguage-arrow\"]"}
COMMAND: POST /session/1f4369c590cc015c24359cd6d90be4de/element/f.8EC51792AE8EAD5CEC6F142478755B93.d.8CA0A7021ABD0618148FA3816A97CCED.e.1483/click - {}
RESULT: {}
COMMAND: POST /session/1f4369c590cc015c24359cd6d90be4de/element - {"using":"xpath","value":"//span[contains(text(), \"English\")]"}
COMMAND: GET /session/1f4369c590cc015c24359cd6d90be4de/screenshot - {}
RESULT: {"using":"xpath","value":"//span[contains(text(), \"English\")]"}
COMMAND: POST /session/1f4369c590cc015c24359cd6d90be4de/element/f.8EC51792AE8EAD5CEC6F142478755B93.d.8CA0A7021ABD0618148FA3816A97CCED.e.1484/click - {}
RESULT: {}
RESULT: {}
COMMAND: GET /session/1f4369c590cc015c24359cd6d90be4de/screenshot - {}
RESULT: {}
COMMAND: POST /session/1f4369c590cc015c24359cd6d90be4de/execute/async - {"script":"<script> [1562 bytes]","args":[{"selector":{"id":"application-managepartners-display-component---NewPartner--addressDetailDetailsCity1","interaction":{"idSuffix":"inner"}},"wdio_ui5_key":"applicationmanagepartners-display-component---NewPartner--addressDetailDetailsCity1"}]}
RESULT: {"script":"<script> [1562 bytes]","args":[{"selector":{"id":"application-managepartners-display-component---NewPartner--addressDetailDetailsCity1","interaction":{"idSuffix":"inner"}},"wdio_ui5_key":"applicationmanagepartners-display-component---NewPartner--addressDetailDetailsCity1"}]}
RESULT: undefined
COMMAND: POST /session/1f4369c590cc015c24359cd6d90be4de/execute/async - {"script":"<script> [776 bytes]","args":[{"enterText":"Rosario","selector":{"id":"application-managepartners-display-component---NewPartner--addressDetailDetailsCity1","interaction":{"idSuffix":"inner"}},"clearTextFirst":true,"interactionType":"ENTER_TEXT"}]}
RESULT: {"script":"<script> [776 bytes]","args":[{"enterText":"Rosario","selector":{"id":"application-managepartners-display-component---NewPartner--addressDetailDetailsCity1","interaction":{"idSuffix":"inner"}},"clearTextFirst":true,"interactionType":"ENTER_TEXT"}]}
COMMAND: POST /session/1f4369c590cc015c24359cd6d90be4de/execute/async - {"script":"<script> [1562 bytes]","args":[{"selector":{"id":"application-managepartners-display-component---NewPartner--addressDetailDetailsCountry-arrow"},"wdio_ui5_key":"applicationmanagepartners-display-component---NewPartner--addressDetailDetailsCountry-arrow"}]}
RESULT: {"script":"<script> [1562 bytes]","args":[{"selector":{"id":"application-managepartners-display-component---NewPartner--addressDetailDetailsCountry-arrow"},"wdio_ui5_key":"applicationmanagepartners-display-component---NewPartner--addressDetailDetailsCountry-arrow"}]}
RESULT: undefined
COMMAND: POST /session/1f4369c590cc015c24359cd6d90be4de/element - {"using":"xpath","value":"//*[@id=\"application-managepartners-display-component---NewPartner--addressDetailDetailsCountry-arrow\"]"}
RESULT: {"using":"xpath","value":"//*[@id=\"application-managepartners-display-component---NewPartner--addressDetailDetailsCountry-arrow\"]"}
COMMAND: POST /session/1f4369c590cc015c24359cd6d90be4de/element/f.8EC51792AE8EAD5CEC6F142478755B93.d.8CA0A7021ABD0618148FA3816A97CCED.e.1465/click - {}
RESULT: {}
COMMAND: POST /session/1f4369c590cc015c24359cd6d90be4de/element - {"using":"xpath","value":"//span[contains(text(), \"Argentina\")]"}
COMMAND: GET /session/1f4369c590cc015c24359cd6d90be4de/screenshot - {}
RESULT: {"using":"xpath","value":"//span[contains(text(), \"Argentina\")]"}
COMMAND: POST /session/1f4369c590cc015c24359cd6d90be4de/element/f.8EC51792AE8EAD5CEC6F142478755B93.d.8CA0A7021ABD0618148FA3816A97CCED.e.1486/click - {}
RESULT: {}
RESULT: {}
COMMAND: GET /session/1f4369c590cc015c24359cd6d90be4de/screenshot - {}
RESULT: {}
COMMAND: POST /session/1f4369c590cc015c24359cd6d90be4de/element - {"using":"xpath","value":"//bdi[contains(text(), \"Commercial\")]"}
RESULT: {"using":"xpath","value":"//bdi[contains(text(), \"Commercial\")]"}
COMMAND: POST /session/1f4369c590cc015c24359cd6d90be4de/element/f.8EC51792AE8EAD5CEC6F142478755B93.d.8CA0A7021ABD0618148FA3816A97CCED.e.1487/click - {}
RESULT: {}
COMMAND: GET /session/1f4369c590cc015c24359cd6d90be4de/screenshot - {}
RESULT: {}
COMMAND: POST /session/1f4369c590cc015c24359cd6d90be4de/execute/async - {"script":"<script> [1562 bytes]","args":[{"selector":{"id":"application-managepartners-display-component---NewPartner--partnerDetailInternal-arrow"},"wdio_ui5_key":"applicationmanagepartners-display-component---NewPartner--partnerDetailInternal-arrow"}]}
RESULT: {"script":"<script> [1562 bytes]","args":[{"selector":{"id":"application-managepartners-display-component---NewPartner--partnerDetailInternal-arrow"},"wdio_ui5_key":"applicationmanagepartners-display-component---NewPartner--partnerDetailInternal-arrow"}]}
RESULT: undefined
COMMAND: POST /session/1f4369c590cc015c24359cd6d90be4de/element - {"using":"xpath","value":"//*[@id=\"application-managepartners-display-component---NewPartner--partnerDetailInternal-arrow\"]"}
RESULT: {"using":"xpath","value":"//*[@id=\"application-managepartners-display-component---NewPartner--partnerDetailInternal-arrow\"]"}
COMMAND: POST /session/1f4369c590cc015c24359cd6d90be4de/element/f.8EC51792AE8EAD5CEC6F142478755B93.d.8CA0A7021ABD0618148FA3816A97CCED.e.1495/click - {}
RESULT: {}
COMMAND: POST /session/1f4369c590cc015c24359cd6d90be4de/element - {"using":"xpath","value":"//span[contains(text(), \"External partner\")]"}
COMMAND: GET /session/1f4369c590cc015c24359cd6d90be4de/screenshot - {}
RESULT: {"using":"xpath","value":"//span[contains(text(), \"External partner\")]"}
COMMAND: POST /session/1f4369c590cc015c24359cd6d90be4de/element/f.8EC51792AE8EAD5CEC6F142478755B93.d.8CA0A7021ABD0618148FA3816A97CCED.e.1496/click - {}
RESULT: {}
RESULT: {}
COMMAND: POST /session/1f4369c590cc015c24359cd6d90be4de/execute/async - {"script":"<script> [1562 bytes]","args":[{"selector":{"id":"application-managepartners-display-component---NewPartner--partnerDetailsCurrency-arrow"},"wdio_ui5_key":"applicationmanagepartners-display-component---NewPartner--partnerDetailsCurrency-arrow"}]}
COMMAND: GET /session/1f4369c590cc015c24359cd6d90be4de/screenshot - {}
RESULT: {"script":"<script> [1562 bytes]","args":[{"selector":{"id":"application-managepartners-display-component---NewPartner--partnerDetailsCurrency-arrow"},"wdio_ui5_key":"applicationmanagepartners-display-component---NewPartner--partnerDetailsCurrency-arrow"}]}
RESULT: undefined
COMMAND: POST /session/1f4369c590cc015c24359cd6d90be4de/element - {"using":"xpath","value":"//*[@id=\"application-managepartners-display-component---NewPartner--partnerDetailsCurrency-arrow\"]"}
RESULT: {}
RESULT: {"using":"xpath","value":"//*[@id=\"application-managepartners-display-component---NewPartner--partnerDetailsCurrency-arrow\"]"}
COMMAND: POST /session/1f4369c590cc015c24359cd6d90be4de/element/f.8EC51792AE8EAD5CEC6F142478755B93.d.8CA0A7021ABD0618148FA3816A97CCED.e.1501/click - {}
RESULT: {}
COMMAND: POST /session/1f4369c590cc015c24359cd6d90be4de/element - {"using":"xpath","value":"//span[contains(text(), \"US Dollar\")]"}
COMMAND: GET /session/1f4369c590cc015c24359cd6d90be4de/screenshot - {}
RESULT: {"using":"xpath","value":"//span[contains(text(), \"US Dollar\")]"}
COMMAND: POST /session/1f4369c590cc015c24359cd6d90be4de/element/f.8EC51792AE8EAD5CEC6F142478755B93.d.8CA0A7021ABD0618148FA3816A97CCED.e.1502/click - {}
RESULT: {}
RESULT: {}
COMMAND: GET /session/1f4369c590cc015c24359cd6d90be4de/screenshot - {}
RESULT: {}
COMMAND: POST /session/1f4369c590cc015c24359cd6d90be4de/element - {"using":"xpath","value":"//input[@id=\"application-managepartners-display-component---NewPartner--companyCodeComboBox-inner\"]"}
RESULT: {"using":"xpath","value":"//input[@id=\"application-managepartners-display-component---NewPartner--companyCodeComboBox-inner\"]"}
COMMAND: POST /session/1f4369c590cc015c24359cd6d90be4de/element/f.8EC51792AE8EAD5CEC6F142478755B93.d.8CA0A7021ABD0618148FA3816A97CCED.e.1349/clear - {}
RESULT: {}
COMMAND: POST /session/1f4369c590cc015c24359cd6d90be4de/element/f.8EC51792AE8EAD5CEC6F142478755B93.d.8CA0A7021ABD0618148FA3816A97CCED.e.1349/value - {"text":"C002"}
COMMAND: GET /session/1f4369c590cc015c24359cd6d90be4de/screenshot - {}
RESULT: {"text":"C002"}
COMMAND: GET /session/1f4369c590cc015c24359cd6d90be4de/screenshot - {}
RESULT: {}
RESULT: {}
COMMAND: POST /session/1f4369c590cc015c24359cd6d90be4de/element - {"using":"xpath","value":"//span[contains(text(), \"C002\")]"}
RESULT: {"using":"xpath","value":"//span[contains(text(), \"C002\")]"}
COMMAND: POST /session/1f4369c590cc015c24359cd6d90be4de/element/f.8EC51792AE8EAD5CEC6F142478755B93.d.8CA0A7021ABD0618148FA3816A97CCED.e.1506/click - {}
RESULT: {}
COMMAND: GET /session/1f4369c590cc015c24359cd6d90be4de/screenshot - {}
RESULT: {}
COMMAND: POST /session/1f4369c590cc015c24359cd6d90be4de/execute/async - {"script":"<script> [1562 bytes]","args":[{"selector":{"id":"application-managepartners-display-component---NewPartner--btnAddTableRow-img"},"wdio_ui5_key":"applicationmanagepartners-display-component---NewPartner--btnAddTableRow-img"}]}
RESULT: {"script":"<script> [1562 bytes]","args":[{"selector":{"id":"application-managepartners-display-component---NewPartner--btnAddTableRow-img"},"wdio_ui5_key":"applicationmanagepartners-display-component---NewPartner--btnAddTableRow-img"}]}
RESULT: undefined
COMMAND: POST /session/1f4369c590cc015c24359cd6d90be4de/element - {"using":"xpath","value":"//*[@id=\"application-managepartners-display-component---NewPartner--btnAddTableRow-img\"]"}
RESULT: {"using":"xpath","value":"//*[@id=\"application-managepartners-display-component---NewPartner--btnAddTableRow-img\"]"}
COMMAND: POST /session/1f4369c590cc015c24359cd6d90be4de/element/f.8EC51792AE8EAD5CEC6F142478755B93.d.8CA0A7021ABD0618148FA3816A97CCED.e.1507/click - {}
RESULT: {}
COMMAND: GET /session/1f4369c590cc015c24359cd6d90be4de/screenshot - {}
RESULT: {}
COMMAND: POST /session/1f4369c590cc015c24359cd6d90be4de/element - {"using":"xpath","value":"//input[@id=\"application-managepartners-display-component---NewPartner--assignmentYard-application-managepartners-display-component---NewPartner--assignmentsTable-0-inner\"]"}
RESULT: {"using":"xpath","value":"//input[@id=\"application-managepartners-display-component---NewPartner--assignmentYard-application-managepartners-display-component---NewPartner--assignmentsTable-0-inner\"]"}
COMMAND: POST /session/1f4369c590cc015c24359cd6d90be4de/element/f.8EC51792AE8EAD5CEC6F142478755B93.d.8CA0A7021ABD0618148FA3816A97CCED.e.1510/clear - {}
RESULT: {}
COMMAND: POST /session/1f4369c590cc015c24359cd6d90be4de/element/f.8EC51792AE8EAD5CEC6F142478755B93.d.8CA0A7021ABD0618148FA3816A97CCED.e.1510/value - {"text":"743"}
COMMAND: GET /session/1f4369c590cc015c24359cd6d90be4de/screenshot - {}
RESULT: {"text":"743"}
COMMAND: GET /session/1f4369c590cc015c24359cd6d90be4de/screenshot - {}
RESULT: {}
RESULT: {}
COMMAND: POST /session/1f4369c590cc015c24359cd6d90be4de/element - {"using":"xpath","value":"//li[.//span[text()='743']]"}
RESULT: {"using":"xpath","value":"//li[.//span[text()='743']]"}
COMMAND: POST /session/1f4369c590cc015c24359cd6d90be4de/element/f.8EC51792AE8EAD5CEC6F142478755B93.d.8CA0A7021ABD0618148FA3816A97CCED.e.1518/click - {}
RESULT: {}
COMMAND: GET /session/1f4369c590cc015c24359cd6d90be4de/screenshot - {}
RESULT: {}
COMMAND: POST /session/1f4369c590cc015c24359cd6d90be4de/actions - {"actions":[{"id":"action2","type":"key","parameters":{},"actions":[{"type":"keyDown","value":""},{"type":"pause","duration":10},{"type":"keyUp","value":""}]}]}
RESULT: {"actions":[{"id":"action2","type":"key","parameters":{},"actions":[{"type":"keyDown","value":""},{"type":"pause","duration":10},{"type":"keyUp","value":""}]}]}
COMMAND: POST /session/1f4369c590cc015c24359cd6d90be4de/element - {"using":"xpath","value":"//td[contains(@id, \"assignmentsTable-0-cell2\")]/div/div"}
COMMAND: GET /session/1f4369c590cc015c24359cd6d90be4de/screenshot - {}
RESULT: {"using":"xpath","value":"//td[contains(@id, \"assignmentsTable-0-cell2\")]/div/div"}
COMMAND: POST /session/1f4369c590cc015c24359cd6d90be4de/element/f.8EC51792AE8EAD5CEC6F142478755B93.d.8CA0A7021ABD0618148FA3816A97CCED.e.1521/click - {}
RESULT: {}
RESULT: {}
COMMAND: GET /session/1f4369c590cc015c24359cd6d90be4de/screenshot - {}
RESULT: {}
COMMAND: POST /session/1f4369c590cc015c24359cd6d90be4de/element - {"using":"xpath","value":"//button[@data-kt=\"saveButton\"]"}
RESULT: {"using":"xpath","value":"//button[@data-kt=\"saveButton\"]"}
COMMAND: POST /session/1f4369c590cc015c24359cd6d90be4de/element/f.8EC51792AE8EAD5CEC6F142478755B93.d.8CA0A7021ABD0618148FA3816A97CCED.e.1467/click - {}
RESULT: {}
COMMAND: GET /session/1f4369c590cc015c24359cd6d90be4de/screenshot - {}
RESULT: {}
COMMAND: POST /session/1f4369c590cc015c24359cd6d90be4de/element - {"using":"xpath","value":"//header[contains(@id, 'ObjectPageLayout-headerTitle')]/div[1]/div[2]/div[2]/span[1]"}
RESULT: {"using":"xpath","value":"//header[contains(@id, 'ObjectPageLayout-headerTitle')]/div[1]/div[2]/div[2]/span[1]"}
COMMAND: POST /session/1f4369c590cc015c24359cd6d90be4de/elements - {"using":"xpath","value":"//header[contains(@id, 'ObjectPageLayout-headerTitle')]/div[1]/div[2]/div[2]/span[1]"}
RESULT: {"using":"xpath","value":"//header[contains(@id, 'ObjectPageLayout-headerTitle')]/div[1]/div[2]/div[2]/span[1]"}
COMMAND: POST /session/1f4369c590cc015c24359cd6d90be4de/execute/sync - {"script":"<script> [56 bytes]","args":[{"element-6066-11e4-a52e-4f735466cecf":"f.8EC51792AE8EAD5CEC6F142478755B93.d.8CA0A7021ABD0618148FA3816A97CCED.e.1686","ELEMENT":"f.8EC51792AE8EAD5CEC6F142478755B93.d.8CA0A7021ABD0618148FA3816A97CCED.e.1686"}]}
RESULT: {"script":"<script> [56 bytes]","args":[{"element-6066-11e4-a52e-4f735466cecf":"f.8EC51792AE8EAD5CEC6F142478755B93.d.8CA0A7021ABD0618148FA3816A97CCED.e.1686","ELEMENT":"f.8EC51792AE8EAD5CEC6F142478755B93.d.8CA0A7021ABD0618148FA3816A97CCED.e.1686"}]}
COMMAND: POST /session/1f4369c590cc015c24359cd6d90be4de/element - {"using":"css selector","value":"#shell-header-logo"}
COMMAND: GET /session/1f4369c590cc015c24359cd6d90be4de/screenshot - {}
RESULT: {"using":"css selector","value":"#shell-header-logo"}
COMMAND: POST /session/1f4369c590cc015c24359cd6d90be4de/element/f.8EC51792AE8EAD5CEC6F142478755B93.d.8CA0A7021ABD0618148FA3816A97CCED.e.1003/click - {}
RESULT: {}
RESULT: {}
COMMAND: GET /session/1f4369c590cc015c24359cd6d90be4de/screenshot - {}
RESULT: {}
COMMAND: POST /session/1f4369c590cc015c24359cd6d90be4de/execute/sync - {"script":"<script> [299 bytes]","args":[["getModel","getResource"]]}
RESULT: {"script":"<script> [299 bytes]","args":[["getModel","getResource"]]}
]]></system-out>
    </testcase>
    <testcase classname="chrome.135_0_7049_42.windows.Partner_specific_tests_US150819_US151080_US151654_US151176_US103444_US151078_US151079_US151109_US151174_US151175_US151189" name="Should filter and search partners US151080" time="93.537">
      <system-out><![CDATA[
COMMAND: GET /session/1f4369c590cc015c24359cd6d90be4de/screenshot - {}
COMMAND: POST /session/1f4369c590cc015c24359cd6d90be4de/element - {"using":"xpath","value":"//li[.//span[text()=\"Manage Partners\"]]"}
RESULT: {}
RESULT: {"using":"xpath","value":"//li[.//span[text()=\"Manage Partners\"]]"}
COMMAND: POST /session/1f4369c590cc015c24359cd6d90be4de/element - {"using":"xpath","value":"//li[.//span[text()=\"Manage Partners\"]]"}
RESULT: {"using":"xpath","value":"//li[.//span[text()=\"Manage Partners\"]]"}
COMMAND: POST /session/1f4369c590cc015c24359cd6d90be4de/element - {"using":"css selector","value":"#shell-header-logo"}
RESULT: {"using":"css selector","value":"#shell-header-logo"}
COMMAND: POST /session/1f4369c590cc015c24359cd6d90be4de/element/f.8EC51792AE8EAD5CEC6F142478755B93.d.8CA0A7021ABD0618148FA3816A97CCED.e.1688/click - {}
COMMAND: POST /session/1f4369c590cc015c24359cd6d90be4de/execute/sync - {"script":"<script> [8489 bytes]","args":[{"element-6066-11e4-a52e-4f735466cecf":"f.8EC51792AE8EAD5CEC6F142478755B93.d.8CA0A7021ABD0618148FA3816A97CCED.e.1688","ELEMENT":"f.8EC51792AE8EAD5CEC6F142478755B93.d.8CA0A7021ABD0618148FA3816A97CCED.e.1688"}]}
RESULT: {"script":"<script> [8489 bytes]","args":[{"element-6066-11e4-a52e-4f735466cecf":"f.8EC51792AE8EAD5CEC6F142478755B93.d.8CA0A7021ABD0618148FA3816A97CCED.e.1688","ELEMENT":"f.8EC51792AE8EAD5CEC6F142478755B93.d.8CA0A7021ABD0618148FA3816A97CCED.e.1688"}]}
COMMAND: POST /session/1f4369c590cc015c24359cd6d90be4de/execute/sync - {"script":"<script> [5351 bytes]","args":[{"element-6066-11e4-a52e-4f735466cecf":"f.8EC51792AE8EAD5CEC6F142478755B93.d.8CA0A7021ABD0618148FA3816A97CCED.e.1688","ELEMENT":"f.8EC51792AE8EAD5CEC6F142478755B93.d.8CA0A7021ABD0618148FA3816A97CCED.e.1688"}]}
COMMAND: GET /session/1f4369c590cc015c24359cd6d90be4de/screenshot - {}
RESULT: {}
COMMAND: GET /session/1f4369c590cc015c24359cd6d90be4de/screenshot - {}
RESULT: {"script":"<script> [5351 bytes]","args":[{"element-6066-11e4-a52e-4f735466cecf":"f.8EC51792AE8EAD5CEC6F142478755B93.d.8CA0A7021ABD0618148FA3816A97CCED.e.1688","ELEMENT":"f.8EC51792AE8EAD5CEC6F142478755B93.d.8CA0A7021ABD0618148FA3816A97CCED.e.1688"}]}
COMMAND: GET /session/1f4369c590cc015c24359cd6d90be4de/screenshot - {}
RESULT: {}
RESULT: {}
RESULT: {}
RESULT: undefined
COMMAND: POST /session/1f4369c590cc015c24359cd6d90be4de/element - {"using":"xpath","value":"//*[@id=\"__tile38\"]"}
RESULT: {"using":"xpath","value":"//*[@id=\"__tile38\"]"}
COMMAND: POST /session/1f4369c590cc015c24359cd6d90be4de/element/f.8EC51792AE8EAD5CEC6F142478755B93.d.8CA0A7021ABD0618148FA3816A97CCED.e.154/click - {}
RESULT: {}
COMMAND: POST /session/1f4369c590cc015c24359cd6d90be4de/element - {"using":"xpath","value":"//button[@data-kt=\"addButton\"]"}
COMMAND: GET /session/1f4369c590cc015c24359cd6d90be4de/screenshot - {}
RESULT: {"using":"xpath","value":"//button[@data-kt=\"addButton\"]"}
COMMAND: POST /session/1f4369c590cc015c24359cd6d90be4de/elements - {"using":"xpath","value":"//button[@data-kt=\"addButton\"]"}
RESULT: {}
RESULT: {"using":"xpath","value":"//button[@data-kt=\"addButton\"]"}
COMMAND: POST /session/1f4369c590cc015c24359cd6d90be4de/elements - {"using":"xpath","value":"//button[@data-kt=\"addButton\"]"}
RESULT: {"using":"xpath","value":"//button[@data-kt=\"addButton\"]"}
COMMAND: POST /session/1f4369c590cc015c24359cd6d90be4de/elements - {"using":"xpath","value":"//button[@data-kt=\"addButton\"]"}
RESULT: {"using":"xpath","value":"//button[@data-kt=\"addButton\"]"}
COMMAND: POST /session/1f4369c590cc015c24359cd6d90be4de/elements - {"using":"xpath","value":"//button[@data-kt=\"addButton\"]"}
RESULT: {"using":"xpath","value":"//button[@data-kt=\"addButton\"]"}
COMMAND: POST /session/1f4369c590cc015c24359cd6d90be4de/elements - {"using":"xpath","value":"//button[@data-kt=\"addButton\"]"}
RESULT: {"using":"xpath","value":"//button[@data-kt=\"addButton\"]"}
COMMAND: POST /session/1f4369c590cc015c24359cd6d90be4de/elements - {"using":"xpath","value":"//button[@data-kt=\"addButton\"]"}
RESULT: {"using":"xpath","value":"//button[@data-kt=\"addButton\"]"}
COMMAND: POST /session/1f4369c590cc015c24359cd6d90be4de/elements - {"using":"xpath","value":"//button[@data-kt=\"addButton\"]"}
RESULT: {"using":"xpath","value":"//button[@data-kt=\"addButton\"]"}
COMMAND: POST /session/1f4369c590cc015c24359cd6d90be4de/elements - {"using":"xpath","value":"//button[@data-kt=\"addButton\"]"}
RESULT: {"using":"xpath","value":"//button[@data-kt=\"addButton\"]"}
COMMAND: POST /session/1f4369c590cc015c24359cd6d90be4de/elements - {"using":"xpath","value":"//button[@data-kt=\"addButton\"]"}
RESULT: {"using":"xpath","value":"//button[@data-kt=\"addButton\"]"}
COMMAND: POST /session/1f4369c590cc015c24359cd6d90be4de/elements - {"using":"xpath","value":"//button[@data-kt=\"addButton\"]"}
RESULT: {"using":"xpath","value":"//button[@data-kt=\"addButton\"]"}
COMMAND: POST /session/1f4369c590cc015c24359cd6d90be4de/elements - {"using":"xpath","value":"//button[@data-kt=\"addButton\"]"}
RESULT: {"using":"xpath","value":"//button[@data-kt=\"addButton\"]"}
COMMAND: POST /session/1f4369c590cc015c24359cd6d90be4de/elements - {"using":"xpath","value":"//button[@data-kt=\"addButton\"]"}
RESULT: {"using":"xpath","value":"//button[@data-kt=\"addButton\"]"}
COMMAND: POST /session/1f4369c590cc015c24359cd6d90be4de/elements - {"using":"xpath","value":"//button[@data-kt=\"addButton\"]"}
RESULT: {"using":"xpath","value":"//button[@data-kt=\"addButton\"]"}
COMMAND: POST /session/1f4369c590cc015c24359cd6d90be4de/elements - {"using":"xpath","value":"//button[@data-kt=\"addButton\"]"}
RESULT: {"using":"xpath","value":"//button[@data-kt=\"addButton\"]"}
COMMAND: POST /session/1f4369c590cc015c24359cd6d90be4de/elements - {"using":"xpath","value":"//button[@data-kt=\"addButton\"]"}
RESULT: {"using":"xpath","value":"//button[@data-kt=\"addButton\"]"}
COMMAND: POST /session/1f4369c590cc015c24359cd6d90be4de/elements - {"using":"xpath","value":"//button[@data-kt=\"addButton\"]"}
RESULT: {"using":"xpath","value":"//button[@data-kt=\"addButton\"]"}
COMMAND: POST /session/1f4369c590cc015c24359cd6d90be4de/elements - {"using":"xpath","value":"//button[@data-kt=\"addButton\"]"}
RESULT: {"using":"xpath","value":"//button[@data-kt=\"addButton\"]"}
COMMAND: POST /session/1f4369c590cc015c24359cd6d90be4de/elements - {"using":"xpath","value":"//button[@data-kt=\"addButton\"]"}
RESULT: {"using":"xpath","value":"//button[@data-kt=\"addButton\"]"}
COMMAND: POST /session/1f4369c590cc015c24359cd6d90be4de/elements - {"using":"xpath","value":"//button[@data-kt=\"addButton\"]"}
RESULT: {"using":"xpath","value":"//button[@data-kt=\"addButton\"]"}
COMMAND: POST /session/1f4369c590cc015c24359cd6d90be4de/elements - {"using":"xpath","value":"//button[@data-kt=\"addButton\"]"}
RESULT: {"using":"xpath","value":"//button[@data-kt=\"addButton\"]"}
COMMAND: POST /session/1f4369c590cc015c24359cd6d90be4de/element - {"using":"xpath","value":"//button[@data-kt=\"addButton\"]"}
RESULT: {"using":"xpath","value":"//button[@data-kt=\"addButton\"]"}
COMMAND: POST /session/1f4369c590cc015c24359cd6d90be4de/execute/sync - {"script":"<script> [8489 bytes]","args":[{"element-6066-11e4-a52e-4f735466cecf":"f.8EC51792AE8EAD5CEC6F142478755B93.d.8CA0A7021ABD0618148FA3816A97CCED.e.1723","ELEMENT":"f.8EC51792AE8EAD5CEC6F142478755B93.d.8CA0A7021ABD0618148FA3816A97CCED.e.1723"}]}
RESULT: {"script":"<script> [8489 bytes]","args":[{"element-6066-11e4-a52e-4f735466cecf":"f.8EC51792AE8EAD5CEC6F142478755B93.d.8CA0A7021ABD0618148FA3816A97CCED.e.1723","ELEMENT":"f.8EC51792AE8EAD5CEC6F142478755B93.d.8CA0A7021ABD0618148FA3816A97CCED.e.1723"}]}
COMMAND: GET /session/1f4369c590cc015c24359cd6d90be4de/element/f.8EC51792AE8EAD5CEC6F142478755B93.d.8CA0A7021ABD0618148FA3816A97CCED.e.1723/enabled - {}
COMMAND: GET /session/1f4369c590cc015c24359cd6d90be4de/screenshot - {}
RESULT: {}
COMMAND: POST /session/1f4369c590cc015c24359cd6d90be4de/execute/sync - {"script":"<script> [8489 bytes]","args":[{"element-6066-11e4-a52e-4f735466cecf":"f.8EC51792AE8EAD5CEC6F142478755B93.d.8CA0A7021ABD0618148FA3816A97CCED.e.1723","ELEMENT":"f.8EC51792AE8EAD5CEC6F142478755B93.d.8CA0A7021ABD0618148FA3816A97CCED.e.1723"}]}
COMMAND: GET /session/1f4369c590cc015c24359cd6d90be4de/screenshot - {}
RESULT: {}
RESULT: {"script":"<script> [8489 bytes]","args":[{"element-6066-11e4-a52e-4f735466cecf":"f.8EC51792AE8EAD5CEC6F142478755B93.d.8CA0A7021ABD0618148FA3816A97CCED.e.1723","ELEMENT":"f.8EC51792AE8EAD5CEC6F142478755B93.d.8CA0A7021ABD0618148FA3816A97CCED.e.1723"}]}
COMMAND: POST /session/1f4369c590cc015c24359cd6d90be4de/execute/sync - {"script":"<script> [5351 bytes]","args":[{"element-6066-11e4-a52e-4f735466cecf":"f.8EC51792AE8EAD5CEC6F142478755B93.d.8CA0A7021ABD0618148FA3816A97CCED.e.1723","ELEMENT":"f.8EC51792AE8EAD5CEC6F142478755B93.d.8CA0A7021ABD0618148FA3816A97CCED.e.1723"}]}
COMMAND: GET /session/1f4369c590cc015c24359cd6d90be4de/screenshot - {}
RESULT: {}
RESULT: {"script":"<script> [5351 bytes]","args":[{"element-6066-11e4-a52e-4f735466cecf":"f.8EC51792AE8EAD5CEC6F142478755B93.d.8CA0A7021ABD0618148FA3816A97CCED.e.1723","ELEMENT":"f.8EC51792AE8EAD5CEC6F142478755B93.d.8CA0A7021ABD0618148FA3816A97CCED.e.1723"}]}
COMMAND: GET /session/1f4369c590cc015c24359cd6d90be4de/screenshot - {}
RESULT: {}
RESULT: {}
COMMAND: POST /session/1f4369c590cc015c24359cd6d90be4de/execute/async - {"script":"<script> [1562 bytes]","args":[{"selector":{"id":"application-managepartners-display-component---masterPtm--smartTable-btnPersonalisation-img"},"wdio_ui5_key":"applicationmanagepartners-display-component---masterPtm--smartTable-btnPersonalisation-img"}]}
RESULT: {"script":"<script> [1562 bytes]","args":[{"selector":{"id":"application-managepartners-display-component---masterPtm--smartTable-btnPersonalisation-img"},"wdio_ui5_key":"applicationmanagepartners-display-component---masterPtm--smartTable-btnPersonalisation-img"}]}
RESULT: undefined
COMMAND: POST /session/1f4369c590cc015c24359cd6d90be4de/element - {"using":"xpath","value":"//*[@id=\"application-managepartners-display-component---masterPtm--smartTable-btnPersonalisation-img\"]"}
RESULT: {"using":"xpath","value":"//*[@id=\"application-managepartners-display-component---masterPtm--smartTable-btnPersonalisation-img\"]"}
COMMAND: POST /session/1f4369c590cc015c24359cd6d90be4de/element/f.8EC51792AE8EAD5CEC6F142478755B93.d.8CA0A7021ABD0618148FA3816A97CCED.e.1739/click - {}
RESULT: {}
COMMAND: GET /session/1f4369c590cc015c24359cd6d90be4de/screenshot - {}
RESULT: {}
COMMAND: POST /session/1f4369c590cc015c24359cd6d90be4de/execute/async - {"script":"<script> [1562 bytes]","args":[{"selector":{"controlType":"sap.m.IconTabFilter","viewName":"etm.portal.ui.managepartners.view.Master","viewId":"application-managepartners-display-component---masterPtm","properties":{"text":"Sort"},"searchOpenDialogs":true,"interaction":{"idSuffix":"text"}},"wdio_ui5_key":"etmportal.ui.managepartners.view.Mastersap.m.IconTabFilter{\"text\":\"Sort\"}"}]}
RESULT: {"script":"<script> [1562 bytes]","args":[{"selector":{"controlType":"sap.m.IconTabFilter","viewName":"etm.portal.ui.managepartners.view.Master","viewId":"application-managepartners-display-component---masterPtm","properties":{"text":"Sort"},"searchOpenDialogs":true,"interaction":{"idSuffix":"text"}},"wdio_ui5_key":"etmportal.ui.managepartners.view.Mastersap.m.IconTabFilter{\"text\":\"Sort\"}"}]}
RESULT: undefined
COMMAND: POST /session/1f4369c590cc015c24359cd6d90be4de/element - {"using":"xpath","value":"//*[@id=\"__filter1\"]"}
RESULT: {"using":"xpath","value":"//*[@id=\"__filter1\"]"}
COMMAND: POST /session/1f4369c590cc015c24359cd6d90be4de/element/f.8EC51792AE8EAD5CEC6F142478755B93.d.8CA0A7021ABD0618148FA3816A97CCED.e.1881/click - {}
RESULT: {}
COMMAND: GET /session/1f4369c590cc015c24359cd6d90be4de/screenshot - {}
RESULT: {}
COMMAND: POST /session/1f4369c590cc015c24359cd6d90be4de/element - {"using":"xpath","value":"//input[@placeholder=\"Sort by\"]/following-sibling::div//span"}
RESULT: {"using":"xpath","value":"//input[@placeholder=\"Sort by\"]/following-sibling::div//span"}
COMMAND: POST /session/1f4369c590cc015c24359cd6d90be4de/element/f.8EC51792AE8EAD5CEC6F142478755B93.d.8CA0A7021ABD0618148FA3816A97CCED.e.1883/click - {}
RESULT: {}
COMMAND: GET /session/1f4369c590cc015c24359cd6d90be4de/screenshot - {}
RESULT: {}
COMMAND: POST /session/1f4369c590cc015c24359cd6d90be4de/element - {"using":"xpath","value":"//li[.//span[text()=\"Language\"]]"}
RESULT: {"using":"xpath","value":"//li[.//span[text()=\"Language\"]]"}
COMMAND: POST /session/1f4369c590cc015c24359cd6d90be4de/element/f.8EC51792AE8EAD5CEC6F142478755B93.d.8CA0A7021ABD0618148FA3816A97CCED.e.1884/click - {}
RESULT: {}
COMMAND: GET /session/1f4369c590cc015c24359cd6d90be4de/screenshot - {}
RESULT: {}
COMMAND: POST /session/1f4369c590cc015c24359cd6d90be4de/element - {"using":"xpath","value":"//bdi[contains(text(), \"OK\")]"}
RESULT: {"using":"xpath","value":"//bdi[contains(text(), \"OK\")]"}
COMMAND: POST /session/1f4369c590cc015c24359cd6d90be4de/element/f.8EC51792AE8EAD5CEC6F142478755B93.d.8CA0A7021ABD0618148FA3816A97CCED.e.1888/click - {}
RESULT: {}
COMMAND: GET /session/1f4369c590cc015c24359cd6d90be4de/screenshot - {}
RESULT: {}
COMMAND: POST /session/1f4369c590cc015c24359cd6d90be4de/element - {"using":"xpath","value":"//table[contains(@id, \"customPartnersTable\")]//tbody/tr[1]/td[3]/span"}
RESULT: {"using":"xpath","value":"//table[contains(@id, \"customPartnersTable\")]//tbody/tr[1]/td[3]/span"}
COMMAND: POST /session/1f4369c590cc015c24359cd6d90be4de/execute/sync - {"script":"<script> [56 bytes]","args":[{"element-6066-11e4-a52e-4f735466cecf":"f.8EC51792AE8EAD5CEC6F142478755B93.d.8CA0A7021ABD0618148FA3816A97CCED.e.2020","ELEMENT":"f.8EC51792AE8EAD5CEC6F142478755B93.d.8CA0A7021ABD0618148FA3816A97CCED.e.2020"}]}
RESULT: {"script":"<script> [56 bytes]","args":[{"element-6066-11e4-a52e-4f735466cecf":"f.8EC51792AE8EAD5CEC6F142478755B93.d.8CA0A7021ABD0618148FA3816A97CCED.e.2020","ELEMENT":"f.8EC51792AE8EAD5CEC6F142478755B93.d.8CA0A7021ABD0618148FA3816A97CCED.e.2020"}]}
RESULT: undefined
COMMAND: POST /session/1f4369c590cc015c24359cd6d90be4de/element - {"using":"xpath","value":"//*[@id=\"application-managepartners-display-component---masterPtm--smartTable-btnPersonalisation-img\"]"}
COMMAND: GET /session/1f4369c590cc015c24359cd6d90be4de/screenshot - {}
RESULT: {"using":"xpath","value":"//*[@id=\"application-managepartners-display-component---masterPtm--smartTable-btnPersonalisation-img\"]"}
COMMAND: POST /session/1f4369c590cc015c24359cd6d90be4de/element/f.8EC51792AE8EAD5CEC6F142478755B93.d.8CA0A7021ABD0618148FA3816A97CCED.e.1739/click - {}
RESULT: {}
RESULT: {}
COMMAND: GET /session/1f4369c590cc015c24359cd6d90be4de/screenshot - {}
RESULT: {}
COMMAND: POST /session/1f4369c590cc015c24359cd6d90be4de/element - {"using":"xpath","value":"//bdi[contains(text(), \"Reset\")]"}
RESULT: {"using":"xpath","value":"//bdi[contains(text(), \"Reset\")]"}
COMMAND: POST /session/1f4369c590cc015c24359cd6d90be4de/element/f.8EC51792AE8EAD5CEC6F142478755B93.d.8CA0A7021ABD0618148FA3816A97CCED.e.2027/click - {}
RESULT: {}
COMMAND: GET /session/1f4369c590cc015c24359cd6d90be4de/screenshot - {}
RESULT: {}
COMMAND: POST /session/1f4369c590cc015c24359cd6d90be4de/element - {"using":"xpath","value":"(//bdi[contains(text(), \"OK\")])[2]"}
RESULT: {"using":"xpath","value":"(//bdi[contains(text(), \"OK\")])[2]"}
COMMAND: POST /session/1f4369c590cc015c24359cd6d90be4de/element/f.8EC51792AE8EAD5CEC6F142478755B93.d.8CA0A7021ABD0618148FA3816A97CCED.e.2029/click - {}
RESULT: {}
COMMAND: GET /session/1f4369c590cc015c24359cd6d90be4de/screenshot - {}
RESULT: {}
COMMAND: POST /session/1f4369c590cc015c24359cd6d90be4de/element - {"using":"xpath","value":"//bdi[contains(text(), \"OK\")]"}
RESULT: {"using":"xpath","value":"//bdi[contains(text(), \"OK\")]"}
COMMAND: POST /session/1f4369c590cc015c24359cd6d90be4de/element/f.8EC51792AE8EAD5CEC6F142478755B93.d.8CA0A7021ABD0618148FA3816A97CCED.e.2086/click - {}
RESULT: {}
COMMAND: GET /session/1f4369c590cc015c24359cd6d90be4de/screenshot - {}
RESULT: {}
COMMAND: POST /session/1f4369c590cc015c24359cd6d90be4de/element - {"using":"xpath","value":"//table[contains(@id, \"customPartnersTable\")]//tbody/tr[1]/td[3]/span"}
RESULT: {"using":"xpath","value":"//table[contains(@id, \"customPartnersTable\")]//tbody/tr[1]/td[3]/span"}
COMMAND: POST /session/1f4369c590cc015c24359cd6d90be4de/execute/sync - {"script":"<script> [56 bytes]","args":[{"element-6066-11e4-a52e-4f735466cecf":"f.8EC51792AE8EAD5CEC6F142478755B93.d.8CA0A7021ABD0618148FA3816A97CCED.e.2088","ELEMENT":"f.8EC51792AE8EAD5CEC6F142478755B93.d.8CA0A7021ABD0618148FA3816A97CCED.e.2088"}]}
RESULT: {"script":"<script> [56 bytes]","args":[{"element-6066-11e4-a52e-4f735466cecf":"f.8EC51792AE8EAD5CEC6F142478755B93.d.8CA0A7021ABD0618148FA3816A97CCED.e.2088","ELEMENT":"f.8EC51792AE8EAD5CEC6F142478755B93.d.8CA0A7021ABD0618148FA3816A97CCED.e.2088"}]}
RESULT: undefined
COMMAND: POST /session/1f4369c590cc015c24359cd6d90be4de/element - {"using":"xpath","value":"//*[@id=\"application-managepartners-display-component---masterPtm--smartTable-btnPersonalisation-img\"]"}
COMMAND: GET /session/1f4369c590cc015c24359cd6d90be4de/screenshot - {}
RESULT: {"using":"xpath","value":"//*[@id=\"application-managepartners-display-component---masterPtm--smartTable-btnPersonalisation-img\"]"}
COMMAND: POST /session/1f4369c590cc015c24359cd6d90be4de/element/f.8EC51792AE8EAD5CEC6F142478755B93.d.8CA0A7021ABD0618148FA3816A97CCED.e.1739/click - {}
RESULT: {}
RESULT: {}
COMMAND: GET /session/1f4369c590cc015c24359cd6d90be4de/screenshot - {}
RESULT: {}
COMMAND: POST /session/1f4369c590cc015c24359cd6d90be4de/execute/async - {"script":"<script> [1562 bytes]","args":[{"selector":{"controlType":"sap.m.IconTabFilter","viewName":"etm.portal.ui.managepartners.view.Master","viewId":"application-managepartners-display-component---masterPtm","properties":{"text":"Filter"},"searchOpenDialogs":true,"interaction":{"idSuffix":"text"}},"wdio_ui5_key":"etmportal.ui.managepartners.view.Mastersap.m.IconTabFilter{\"text\":\"Filter\"}"}]}
RESULT: {"script":"<script> [1562 bytes]","args":[{"selector":{"controlType":"sap.m.IconTabFilter","viewName":"etm.portal.ui.managepartners.view.Master","viewId":"application-managepartners-display-component---masterPtm","properties":{"text":"Filter"},"searchOpenDialogs":true,"interaction":{"idSuffix":"text"}},"wdio_ui5_key":"etmportal.ui.managepartners.view.Mastersap.m.IconTabFilter{\"text\":\"Filter\"}"}]}
RESULT: undefined
COMMAND: POST /session/1f4369c590cc015c24359cd6d90be4de/element - {"using":"xpath","value":"//*[@id=\"__filter10\"]"}
RESULT: {"using":"xpath","value":"//*[@id=\"__filter10\"]"}
COMMAND: POST /session/1f4369c590cc015c24359cd6d90be4de/element/f.8EC51792AE8EAD5CEC6F142478755B93.d.8CA0A7021ABD0618148FA3816A97CCED.e.2093/click - {}
RESULT: {}
COMMAND: GET /session/1f4369c590cc015c24359cd6d90be4de/screenshot - {}
RESULT: {}
COMMAND: POST /session/1f4369c590cc015c24359cd6d90be4de/element - {"using":"xpath","value":"//input[@placeholder=\"Filter by\"]/following-sibling::div//span"}
RESULT: {"using":"xpath","value":"//input[@placeholder=\"Filter by\"]/following-sibling::div//span"}
COMMAND: POST /session/1f4369c590cc015c24359cd6d90be4de/element/f.8EC51792AE8EAD5CEC6F142478755B93.d.8CA0A7021ABD0618148FA3816A97CCED.e.2095/click - {}
RESULT: {}
COMMAND: GET /session/1f4369c590cc015c24359cd6d90be4de/screenshot - {}
RESULT: {}
COMMAND: POST /session/1f4369c590cc015c24359cd6d90be4de/element - {"using":"xpath","value":"//li[.//span[text()=\"Preferred Yard\"]]"}
RESULT: {"using":"xpath","value":"//li[.//span[text()=\"Preferred Yard\"]]"}
COMMAND: POST /session/1f4369c590cc015c24359cd6d90be4de/element/f.8EC51792AE8EAD5CEC6F142478755B93.d.8CA0A7021ABD0618148FA3816A97CCED.e.2096/click - {}
RESULT: {}
COMMAND: GET /session/1f4369c590cc015c24359cd6d90be4de/screenshot - {}
RESULT: {}
COMMAND: POST /session/1f4369c590cc015c24359cd6d90be4de/execute/async - {"script":"<script> [1562 bytes]","args":[{"selector":{"id":"FilterPanel-filterItemControl_BASIC-application-managepartners-display-component---masterPtm--smartTable-YARDYARD-vhi","searchOpenDialogs":true},"wdio_ui5_key":"FilterPanelfilterItemControl_BASIC-application-managepartners-display-component---masterPtm--smartTable-YARDYARD-vhi"}]}
RESULT: {"script":"<script> [1562 bytes]","args":[{"selector":{"id":"FilterPanel-filterItemControl_BASIC-application-managepartners-display-component---masterPtm--smartTable-YARDYARD-vhi","searchOpenDialogs":true},"wdio_ui5_key":"FilterPanelfilterItemControl_BASIC-application-managepartners-display-component---masterPtm--smartTable-YARDYARD-vhi"}]}
RESULT: undefined
COMMAND: POST /session/1f4369c590cc015c24359cd6d90be4de/element - {"using":"xpath","value":"//*[@id=\"FilterPanel-filterItemControl_BASIC-application-managepartners-display-component---masterPtm--smartTable-YARDYARD-vhi\"]"}
RESULT: {"using":"xpath","value":"//*[@id=\"FilterPanel-filterItemControl_BASIC-application-managepartners-display-component---masterPtm--smartTable-YARDYARD-vhi\"]"}
COMMAND: POST /session/1f4369c590cc015c24359cd6d90be4de/element/f.8EC51792AE8EAD5CEC6F142478755B93.d.8CA0A7021ABD0618148FA3816A97CCED.e.2099/click - {}
RESULT: {}
COMMAND: GET /session/1f4369c590cc015c24359cd6d90be4de/screenshot - {}
RESULT: {}
COMMAND: POST /session/1f4369c590cc015c24359cd6d90be4de/execute/async - {"script":"<script> [1562 bytes]","args":[{"selector":{"id":"FilterPanel-filterItemControl_BASIC-application-managepartners-display-component---masterPtm--smartTable-YARDYARD-valueHelpDialog-smartFilterBar-btnBasicSearch","searchOpenDialogs":true,"interaction":{"idSuffix":"I"}},"wdio_ui5_key":"FilterPanelfilterItemControl_BASIC-application-managepartners-display-component---masterPtm--smartTable-YARDYARD-valueHelpDialog-smartFilterBar-btnBasicSearch"}]}
RESULT: {"script":"<script> [1562 bytes]","args":[{"selector":{"id":"FilterPanel-filterItemControl_BASIC-application-managepartners-display-component---masterPtm--smartTable-YARDYARD-valueHelpDialog-smartFilterBar-btnBasicSearch","searchOpenDialogs":true,"interaction":{"idSuffix":"I"}},"wdio_ui5_key":"FilterPanelfilterItemControl_BASIC-application-managepartners-display-component---masterPtm--smartTable-YARDYARD-valueHelpDialog-smartFilterBar-btnBasicSearch"}]}
RESULT: undefined
COMMAND: POST /session/1f4369c590cc015c24359cd6d90be4de/execute/async - {"script":"<script> [776 bytes]","args":[{"enterText":"743","selector":{"id":"FilterPanel-filterItemControl_BASIC-application-managepartners-display-component---masterPtm--smartTable-YARDYARD-valueHelpDialog-smartFilterBar-btnBasicSearch","searchOpenDialogs":true,"interaction":{"idSuffix":"I"}},"clearTextFirst":true,"interactionType":"ENTER_TEXT"}]}
RESULT: {"script":"<script> [776 bytes]","args":[{"enterText":"743","selector":{"id":"FilterPanel-filterItemControl_BASIC-application-managepartners-display-component---masterPtm--smartTable-YARDYARD-valueHelpDialog-smartFilterBar-btnBasicSearch","searchOpenDialogs":true,"interaction":{"idSuffix":"I"}},"clearTextFirst":true,"interactionType":"ENTER_TEXT"}]}
COMMAND: POST /session/1f4369c590cc015c24359cd6d90be4de/actions - {"actions":[{"id":"action3","type":"key","parameters":{},"actions":[{"type":"keyDown","value":""},{"type":"pause","duration":10},{"type":"keyUp","value":""}]}]}
RESULT: {"actions":[{"id":"action3","type":"key","parameters":{},"actions":[{"type":"keyDown","value":""},{"type":"pause","duration":10},{"type":"keyUp","value":""}]}]}
COMMAND: GET /session/1f4369c590cc015c24359cd6d90be4de/screenshot - {}
RESULT: {}
COMMAND: POST /session/1f4369c590cc015c24359cd6d90be4de/elements - {"using":"xpath","value":"//table[contains(@id, \"smartTable-YARDYARD-valueHelpDialog-table-table\")]/tbody/tr"}
RESULT: {"using":"xpath","value":"//table[contains(@id, \"smartTable-YARDYARD-valueHelpDialog-table-table\")]/tbody/tr"}
COMMAND: POST /session/1f4369c590cc015c24359cd6d90be4de/element - {"using":"xpath","value":"//table[contains(@id, \"smartTable-YARDYARD-valueHelpDialog-table-table\")]/tbody/tr[1]/td[1]/div/span"}
RESULT: {"using":"xpath","value":"//table[contains(@id, \"smartTable-YARDYARD-valueHelpDialog-table-table\")]/tbody/tr[1]/td[1]/div/span"}
COMMAND: POST /session/1f4369c590cc015c24359cd6d90be4de/elements - {"using":"xpath","value":"//table[contains(@id, \"smartTable-YARDYARD-valueHelpDialog-table-table\")]/tbody/tr[1]/td[1]/div/span"}
RESULT: {"using":"xpath","value":"//table[contains(@id, \"smartTable-YARDYARD-valueHelpDialog-table-table\")]/tbody/tr[1]/td[1]/div/span"}
COMMAND: POST /session/1f4369c590cc015c24359cd6d90be4de/execute/sync - {"script":"<script> [56 bytes]","args":[{"element-6066-11e4-a52e-4f735466cecf":"f.8EC51792AE8EAD5CEC6F142478755B93.d.8CA0A7021ABD0618148FA3816A97CCED.e.2118","ELEMENT":"f.8EC51792AE8EAD5CEC6F142478755B93.d.8CA0A7021ABD0618148FA3816A97CCED.e.2118"}]}
RESULT: {"script":"<script> [56 bytes]","args":[{"element-6066-11e4-a52e-4f735466cecf":"f.8EC51792AE8EAD5CEC6F142478755B93.d.8CA0A7021ABD0618148FA3816A97CCED.e.2118","ELEMENT":"f.8EC51792AE8EAD5CEC6F142478755B93.d.8CA0A7021ABD0618148FA3816A97CCED.e.2118"}]}
COMMAND: POST /session/1f4369c590cc015c24359cd6d90be4de/element - {"using":"xpath","value":"//table[contains(@id, \"smartTable-YARDYARD-valueHelpDialog-table-table\")]/tbody/tr[2]/td[1]/div/span"}
COMMAND: GET /session/1f4369c590cc015c24359cd6d90be4de/screenshot - {}
RESULT: {"using":"xpath","value":"//table[contains(@id, \"smartTable-YARDYARD-valueHelpDialog-table-table\")]/tbody/tr[2]/td[1]/div/span"}
COMMAND: POST /session/1f4369c590cc015c24359cd6d90be4de/elements - {"using":"xpath","value":"//table[contains(@id, \"smartTable-YARDYARD-valueHelpDialog-table-table\")]/tbody/tr[2]/td[1]/div/span"}
RESULT: {}
RESULT: {"using":"xpath","value":"//table[contains(@id, \"smartTable-YARDYARD-valueHelpDialog-table-table\")]/tbody/tr[2]/td[1]/div/span"}
COMMAND: POST /session/1f4369c590cc015c24359cd6d90be4de/execute/sync - {"script":"<script> [56 bytes]","args":[{"element-6066-11e4-a52e-4f735466cecf":"f.8EC51792AE8EAD5CEC6F142478755B93.d.8CA0A7021ABD0618148FA3816A97CCED.e.2119","ELEMENT":"f.8EC51792AE8EAD5CEC6F142478755B93.d.8CA0A7021ABD0618148FA3816A97CCED.e.2119"}]}
RESULT: {"script":"<script> [56 bytes]","args":[{"element-6066-11e4-a52e-4f735466cecf":"f.8EC51792AE8EAD5CEC6F142478755B93.d.8CA0A7021ABD0618148FA3816A97CCED.e.2119","ELEMENT":"f.8EC51792AE8EAD5CEC6F142478755B93.d.8CA0A7021ABD0618148FA3816A97CCED.e.2119"}]}
COMMAND: POST /session/1f4369c590cc015c24359cd6d90be4de/element - {"using":"xpath","value":"//div[contains(@id, \"YARDYARD-valueHelpDialog-table-rowsel1\")]"}
COMMAND: GET /session/1f4369c590cc015c24359cd6d90be4de/screenshot - {}
RESULT: {"using":"xpath","value":"//div[contains(@id, \"YARDYARD-valueHelpDialog-table-rowsel1\")]"}
COMMAND: POST /session/1f4369c590cc015c24359cd6d90be4de/element/f.8EC51792AE8EAD5CEC6F142478755B93.d.8CA0A7021ABD0618148FA3816A97CCED.e.2120/click - {}
RESULT: {}
RESULT: {}
COMMAND: GET /session/1f4369c590cc015c24359cd6d90be4de/screenshot - {}
RESULT: {}
COMMAND: POST /session/1f4369c590cc015c24359cd6d90be4de/element - {"using":"xpath","value":"(//bdi[contains(text(), \"OK\")])[2]"}
RESULT: {"using":"xpath","value":"(//bdi[contains(text(), \"OK\")])[2]"}
COMMAND: POST /session/1f4369c590cc015c24359cd6d90be4de/element/f.8EC51792AE8EAD5CEC6F142478755B93.d.8CA0A7021ABD0618148FA3816A97CCED.e.2122/click - {}
RESULT: {}
COMMAND: GET /session/1f4369c590cc015c24359cd6d90be4de/screenshot - {}
RESULT: {}
COMMAND: POST /session/1f4369c590cc015c24359cd6d90be4de/element - {"using":"xpath","value":"//bdi[contains(text(), \"OK\")]"}
RESULT: {"using":"xpath","value":"//bdi[contains(text(), \"OK\")]"}
COMMAND: POST /session/1f4369c590cc015c24359cd6d90be4de/element/f.8EC51792AE8EAD5CEC6F142478755B93.d.8CA0A7021ABD0618148FA3816A97CCED.e.2125/click - {}
RESULT: {}
COMMAND: GET /session/1f4369c590cc015c24359cd6d90be4de/screenshot - {}
RESULT: {}
COMMAND: POST /session/1f4369c590cc015c24359cd6d90be4de/element - {"using":"xpath","value":"//table[contains(@id, \"customPartnersTable\")]//tbody/tr[1]/td[3]/span"}
RESULT: {"using":"xpath","value":"//table[contains(@id, \"customPartnersTable\")]//tbody/tr[1]/td[3]/span"}
COMMAND: POST /session/1f4369c590cc015c24359cd6d90be4de/execute/sync - {"script":"<script> [56 bytes]","args":[{"element-6066-11e4-a52e-4f735466cecf":"f.8EC51792AE8EAD5CEC6F142478755B93.d.8CA0A7021ABD0618148FA3816A97CCED.e.2088","ELEMENT":"f.8EC51792AE8EAD5CEC6F142478755B93.d.8CA0A7021ABD0618148FA3816A97CCED.e.2088"}]}
RESULT: {"script":"<script> [56 bytes]","args":[{"element-6066-11e4-a52e-4f735466cecf":"f.8EC51792AE8EAD5CEC6F142478755B93.d.8CA0A7021ABD0618148FA3816A97CCED.e.2088","ELEMENT":"f.8EC51792AE8EAD5CEC6F142478755B93.d.8CA0A7021ABD0618148FA3816A97CCED.e.2088"}]}
COMMAND: POST /session/1f4369c590cc015c24359cd6d90be4de/element - {"using":"css selector","value":"#shell-header-logo"}
COMMAND: GET /session/1f4369c590cc015c24359cd6d90be4de/screenshot - {}
RESULT: {"using":"css selector","value":"#shell-header-logo"}
COMMAND: POST /session/1f4369c590cc015c24359cd6d90be4de/element/f.8EC51792AE8EAD5CEC6F142478755B93.d.8CA0A7021ABD0618148FA3816A97CCED.e.1688/click - {}
RESULT: {}
RESULT: {}
COMMAND: GET /session/1f4369c590cc015c24359cd6d90be4de/screenshot - {}
RESULT: {}
]]></system-out>
    </testcase>
    <testcase classname="chrome.135_0_7049_42.windows.Partner_specific_tests_US150819_US151080_US151654_US151176_US103444_US151078_US151079_US151109_US151174_US151175_US151189" name="Should deactivate the created partner in earlier step US151654" time="58.45">
      <system-out><![CDATA[
COMMAND: POST /session/1f4369c590cc015c24359cd6d90be4de/element - {"using":"xpath","value":"//li[.//span[text()=\"Manage Partners\"]]"}
RESULT: {"using":"xpath","value":"//li[.//span[text()=\"Manage Partners\"]]"}
COMMAND: POST /session/1f4369c590cc015c24359cd6d90be4de/element - {"using":"xpath","value":"//li[.//span[text()=\"Manage Partners\"]]"}
RESULT: {"using":"xpath","value":"//li[.//span[text()=\"Manage Partners\"]]"}
COMMAND: POST /session/1f4369c590cc015c24359cd6d90be4de/element - {"using":"css selector","value":"#shell-header-logo"}
RESULT: {"using":"css selector","value":"#shell-header-logo"}
COMMAND: POST /session/1f4369c590cc015c24359cd6d90be4de/element/f.8EC51792AE8EAD5CEC6F142478755B93.d.8CA0A7021ABD0618148FA3816A97CCED.e.2174/click - {}
COMMAND: POST /session/1f4369c590cc015c24359cd6d90be4de/execute/sync - {"script":"<script> [8489 bytes]","args":[{"element-6066-11e4-a52e-4f735466cecf":"f.8EC51792AE8EAD5CEC6F142478755B93.d.8CA0A7021ABD0618148FA3816A97CCED.e.2174","ELEMENT":"f.8EC51792AE8EAD5CEC6F142478755B93.d.8CA0A7021ABD0618148FA3816A97CCED.e.2174"}]}
RESULT: {}
COMMAND: GET /session/1f4369c590cc015c24359cd6d90be4de/screenshot - {}
RESULT: {"script":"<script> [8489 bytes]","args":[{"element-6066-11e4-a52e-4f735466cecf":"f.8EC51792AE8EAD5CEC6F142478755B93.d.8CA0A7021ABD0618148FA3816A97CCED.e.2174","ELEMENT":"f.8EC51792AE8EAD5CEC6F142478755B93.d.8CA0A7021ABD0618148FA3816A97CCED.e.2174"}]}
COMMAND: POST /session/1f4369c590cc015c24359cd6d90be4de/execute/sync - {"script":"<script> [5351 bytes]","args":[{"element-6066-11e4-a52e-4f735466cecf":"f.8EC51792AE8EAD5CEC6F142478755B93.d.8CA0A7021ABD0618148FA3816A97CCED.e.2174","ELEMENT":"f.8EC51792AE8EAD5CEC6F142478755B93.d.8CA0A7021ABD0618148FA3816A97CCED.e.2174"}]}
COMMAND: GET /session/1f4369c590cc015c24359cd6d90be4de/screenshot - {}
RESULT: {}
RESULT: {"script":"<script> [5351 bytes]","args":[{"element-6066-11e4-a52e-4f735466cecf":"f.8EC51792AE8EAD5CEC6F142478755B93.d.8CA0A7021ABD0618148FA3816A97CCED.e.2174","ELEMENT":"f.8EC51792AE8EAD5CEC6F142478755B93.d.8CA0A7021ABD0618148FA3816A97CCED.e.2174"}]}
COMMAND: GET /session/1f4369c590cc015c24359cd6d90be4de/screenshot - {}
RESULT: {}
RESULT: {}
RESULT: undefined
COMMAND: POST /session/1f4369c590cc015c24359cd6d90be4de/element - {"using":"xpath","value":"//*[@id=\"__tile38\"]"}
RESULT: {"using":"xpath","value":"//*[@id=\"__tile38\"]"}
COMMAND: POST /session/1f4369c590cc015c24359cd6d90be4de/element/f.8EC51792AE8EAD5CEC6F142478755B93.d.8CA0A7021ABD0618148FA3816A97CCED.e.154/click - {}
RESULT: {}
COMMAND: POST /session/1f4369c590cc015c24359cd6d90be4de/element - {"using":"xpath","value":"//button[@data-kt=\"addButton\"]"}
COMMAND: GET /session/1f4369c590cc015c24359cd6d90be4de/screenshot - {}
RESULT: {"using":"xpath","value":"//button[@data-kt=\"addButton\"]"}
COMMAND: POST /session/1f4369c590cc015c24359cd6d90be4de/elements - {"using":"xpath","value":"//button[@data-kt=\"addButton\"]"}
RESULT: {}
RESULT: {"using":"xpath","value":"//button[@data-kt=\"addButton\"]"}
COMMAND: POST /session/1f4369c590cc015c24359cd6d90be4de/elements - {"using":"xpath","value":"//button[@data-kt=\"addButton\"]"}
RESULT: {"using":"xpath","value":"//button[@data-kt=\"addButton\"]"}
COMMAND: POST /session/1f4369c590cc015c24359cd6d90be4de/elements - {"using":"xpath","value":"//button[@data-kt=\"addButton\"]"}
RESULT: {"using":"xpath","value":"//button[@data-kt=\"addButton\"]"}
COMMAND: POST /session/1f4369c590cc015c24359cd6d90be4de/elements - {"using":"xpath","value":"//button[@data-kt=\"addButton\"]"}
RESULT: {"using":"xpath","value":"//button[@data-kt=\"addButton\"]"}
COMMAND: POST /session/1f4369c590cc015c24359cd6d90be4de/element - {"using":"xpath","value":"//button[@data-kt=\"addButton\"]"}
RESULT: {"using":"xpath","value":"//button[@data-kt=\"addButton\"]"}
COMMAND: POST /session/1f4369c590cc015c24359cd6d90be4de/execute/sync - {"script":"<script> [8489 bytes]","args":[{"element-6066-11e4-a52e-4f735466cecf":"f.8EC51792AE8EAD5CEC6F142478755B93.d.8CA0A7021ABD0618148FA3816A97CCED.e.2220","ELEMENT":"f.8EC51792AE8EAD5CEC6F142478755B93.d.8CA0A7021ABD0618148FA3816A97CCED.e.2220"}]}
RESULT: {"script":"<script> [8489 bytes]","args":[{"element-6066-11e4-a52e-4f735466cecf":"f.8EC51792AE8EAD5CEC6F142478755B93.d.8CA0A7021ABD0618148FA3816A97CCED.e.2220","ELEMENT":"f.8EC51792AE8EAD5CEC6F142478755B93.d.8CA0A7021ABD0618148FA3816A97CCED.e.2220"}]}
COMMAND: GET /session/1f4369c590cc015c24359cd6d90be4de/element/f.8EC51792AE8EAD5CEC6F142478755B93.d.8CA0A7021ABD0618148FA3816A97CCED.e.2220/enabled - {}
COMMAND: GET /session/1f4369c590cc015c24359cd6d90be4de/screenshot - {}
RESULT: {}
COMMAND: POST /session/1f4369c590cc015c24359cd6d90be4de/execute/sync - {"script":"<script> [8489 bytes]","args":[{"element-6066-11e4-a52e-4f735466cecf":"f.8EC51792AE8EAD5CEC6F142478755B93.d.8CA0A7021ABD0618148FA3816A97CCED.e.2220","ELEMENT":"f.8EC51792AE8EAD5CEC6F142478755B93.d.8CA0A7021ABD0618148FA3816A97CCED.e.2220"}]}
COMMAND: GET /session/1f4369c590cc015c24359cd6d90be4de/screenshot - {}
RESULT: {}
RESULT: {"script":"<script> [8489 bytes]","args":[{"element-6066-11e4-a52e-4f735466cecf":"f.8EC51792AE8EAD5CEC6F142478755B93.d.8CA0A7021ABD0618148FA3816A97CCED.e.2220","ELEMENT":"f.8EC51792AE8EAD5CEC6F142478755B93.d.8CA0A7021ABD0618148FA3816A97CCED.e.2220"}]}
COMMAND: POST /session/1f4369c590cc015c24359cd6d90be4de/execute/sync - {"script":"<script> [5351 bytes]","args":[{"element-6066-11e4-a52e-4f735466cecf":"f.8EC51792AE8EAD5CEC6F142478755B93.d.8CA0A7021ABD0618148FA3816A97CCED.e.2220","ELEMENT":"f.8EC51792AE8EAD5CEC6F142478755B93.d.8CA0A7021ABD0618148FA3816A97CCED.e.2220"}]}
COMMAND: GET /session/1f4369c590cc015c24359cd6d90be4de/screenshot - {}
RESULT: {}
RESULT: {"script":"<script> [5351 bytes]","args":[{"element-6066-11e4-a52e-4f735466cecf":"f.8EC51792AE8EAD5CEC6F142478755B93.d.8CA0A7021ABD0618148FA3816A97CCED.e.2220","ELEMENT":"f.8EC51792AE8EAD5CEC6F142478755B93.d.8CA0A7021ABD0618148FA3816A97CCED.e.2220"}]}
COMMAND: GET /session/1f4369c590cc015c24359cd6d90be4de/screenshot - {}
RESULT: {}
RESULT: {}
COMMAND: POST /session/1f4369c590cc015c24359cd6d90be4de/execute/async - {"script":"<script> [1562 bytes]","args":[{"selector":{"id":"application-managepartners-display-component---masterPtm--smartFilterBar-btnBasicSearch","interaction":{"idSuffix":"I"}},"wdio_ui5_key":"applicationmanagepartners-display-component---masterPtm--smartFilterBar-btnBasicSearch"}]}
RESULT: {"script":"<script> [1562 bytes]","args":[{"selector":{"id":"application-managepartners-display-component---masterPtm--smartFilterBar-btnBasicSearch","interaction":{"idSuffix":"I"}},"wdio_ui5_key":"applicationmanagepartners-display-component---masterPtm--smartFilterBar-btnBasicSearch"}]}
RESULT: undefined
COMMAND: POST /session/1f4369c590cc015c24359cd6d90be4de/execute/async - {"script":"<script> [776 bytes]","args":[{"enterText":"1592","selector":{"id":"application-managepartners-display-component---masterPtm--smartFilterBar-btnBasicSearch","interaction":{"idSuffix":"I"}},"clearTextFirst":true,"interactionType":"ENTER_TEXT"}]}
RESULT: {"script":"<script> [776 bytes]","args":[{"enterText":"1592","selector":{"id":"application-managepartners-display-component---masterPtm--smartFilterBar-btnBasicSearch","interaction":{"idSuffix":"I"}},"clearTextFirst":true,"interactionType":"ENTER_TEXT"}]}
COMMAND: POST /session/1f4369c590cc015c24359cd6d90be4de/actions - {"actions":[{"id":"action4","type":"key","parameters":{},"actions":[{"type":"keyDown","value":""},{"type":"pause","duration":10},{"type":"keyUp","value":""}]}]}
RESULT: {"actions":[{"id":"action4","type":"key","parameters":{},"actions":[{"type":"keyDown","value":""},{"type":"pause","duration":10},{"type":"keyUp","value":""}]}]}
COMMAND: GET /session/1f4369c590cc015c24359cd6d90be4de/screenshot - {}
RESULT: {}
COMMAND: POST /session/1f4369c590cc015c24359cd6d90be4de/elements - {"using":"xpath","value":"//table[contains(@id, \"customPartnersTable-listUl\")]/tbody/tr"}
RESULT: {"using":"xpath","value":"//table[contains(@id, \"customPartnersTable-listUl\")]/tbody/tr"}
COMMAND: POST /session/1f4369c590cc015c24359cd6d90be4de/element - {"using":"xpath","value":"//table[contains(@id, \"customPartnersTable-listUl\")]/tbody/tr[1]/td[3]/span"}
RESULT: {"using":"xpath","value":"//table[contains(@id, \"customPartnersTable-listUl\")]/tbody/tr[1]/td[3]/span"}
COMMAND: POST /session/1f4369c590cc015c24359cd6d90be4de/elements - {"using":"xpath","value":"//table[contains(@id, \"customPartnersTable-listUl\")]/tbody/tr[1]/td[3]/span"}
RESULT: {"using":"xpath","value":"//table[contains(@id, \"customPartnersTable-listUl\")]/tbody/tr[1]/td[3]/span"}
COMMAND: POST /session/1f4369c590cc015c24359cd6d90be4de/execute/sync - {"script":"<script> [56 bytes]","args":[{"element-6066-11e4-a52e-4f735466cecf":"f.8EC51792AE8EAD5CEC6F142478755B93.d.8CA0A7021ABD0618148FA3816A97CCED.e.2361","ELEMENT":"f.8EC51792AE8EAD5CEC6F142478755B93.d.8CA0A7021ABD0618148FA3816A97CCED.e.2361"}]}
RESULT: {"script":"<script> [56 bytes]","args":[{"element-6066-11e4-a52e-4f735466cecf":"f.8EC51792AE8EAD5CEC6F142478755B93.d.8CA0A7021ABD0618148FA3816A97CCED.e.2361","ELEMENT":"f.8EC51792AE8EAD5CEC6F142478755B93.d.8CA0A7021ABD0618148FA3816A97CCED.e.2361"}]}
COMMAND: POST /session/1f4369c590cc015c24359cd6d90be4de/element - {"using":"xpath","value":"//table[contains(@id, \"customPartnersTable-listUl\")]/tbody/tr[1]/td[7]/div/span"}
COMMAND: GET /session/1f4369c590cc015c24359cd6d90be4de/screenshot - {}
RESULT: {"using":"xpath","value":"//table[contains(@id, \"customPartnersTable-listUl\")]/tbody/tr[1]/td[7]/div/span"}
COMMAND: POST /session/1f4369c590cc015c24359cd6d90be4de/execute/sync - {"script":"<script> [56 bytes]","args":[{"element-6066-11e4-a52e-4f735466cecf":"f.8EC51792AE8EAD5CEC6F142478755B93.d.8CA0A7021ABD0618148FA3816A97CCED.e.2362","ELEMENT":"f.8EC51792AE8EAD5CEC6F142478755B93.d.8CA0A7021ABD0618148FA3816A97CCED.e.2362"}]}
RESULT: {}
RESULT: {"script":"<script> [56 bytes]","args":[{"element-6066-11e4-a52e-4f735466cecf":"f.8EC51792AE8EAD5CEC6F142478755B93.d.8CA0A7021ABD0618148FA3816A97CCED.e.2362","ELEMENT":"f.8EC51792AE8EAD5CEC6F142478755B93.d.8CA0A7021ABD0618148FA3816A97CCED.e.2362"}]}
COMMAND: POST /session/1f4369c590cc015c24359cd6d90be4de/element - {"using":"xpath","value":"//table[contains(@id, \"customPartnersTable-listUl\")]/tbody/tr[1]/td[2]/div/div"}
COMMAND: GET /session/1f4369c590cc015c24359cd6d90be4de/screenshot - {}
RESULT: {"using":"xpath","value":"//table[contains(@id, \"customPartnersTable-listUl\")]/tbody/tr[1]/td[2]/div/div"}
COMMAND: POST /session/1f4369c590cc015c24359cd6d90be4de/element/f.8EC51792AE8EAD5CEC6F142478755B93.d.8CA0A7021ABD0618148FA3816A97CCED.e.2363/click - {}
RESULT: {}
RESULT: {}
COMMAND: GET /session/1f4369c590cc015c24359cd6d90be4de/screenshot - {}
RESULT: {}
COMMAND: POST /session/1f4369c590cc015c24359cd6d90be4de/element - {"using":"xpath","value":"//bdi[contains(text(), \"Deactivate\")]"}
RESULT: {"using":"xpath","value":"//bdi[contains(text(), \"Deactivate\")]"}
COMMAND: POST /session/1f4369c590cc015c24359cd6d90be4de/element/f.8EC51792AE8EAD5CEC6F142478755B93.d.8CA0A7021ABD0618148FA3816A97CCED.e.2364/click - {}
RESULT: {}
COMMAND: GET /session/1f4369c590cc015c24359cd6d90be4de/screenshot - {}
RESULT: {}
COMMAND: POST /session/1f4369c590cc015c24359cd6d90be4de/element - {"using":"xpath","value":"//bdi[contains(text(), \"Yes\")]"}
RESULT: {"using":"xpath","value":"//bdi[contains(text(), \"Yes\")]"}
COMMAND: POST /session/1f4369c590cc015c24359cd6d90be4de/element/f.8EC51792AE8EAD5CEC6F142478755B93.d.8CA0A7021ABD0618148FA3816A97CCED.e.2366/click - {}
RESULT: {}
COMMAND: GET /session/1f4369c590cc015c24359cd6d90be4de/screenshot - {}
RESULT: {}
COMMAND: POST /session/1f4369c590cc015c24359cd6d90be4de/element - {"using":"xpath","value":"//table[contains(@id, \"customPartnersTable-listUl\")]/tbody/tr[1]/td[7]/div/span"}
RESULT: {"using":"xpath","value":"//table[contains(@id, \"customPartnersTable-listUl\")]/tbody/tr[1]/td[7]/div/span"}
COMMAND: POST /session/1f4369c590cc015c24359cd6d90be4de/execute/sync - {"script":"<script> [56 bytes]","args":[{"element-6066-11e4-a52e-4f735466cecf":"f.8EC51792AE8EAD5CEC6F142478755B93.d.8CA0A7021ABD0618148FA3816A97CCED.e.2362","ELEMENT":"f.8EC51792AE8EAD5CEC6F142478755B93.d.8CA0A7021ABD0618148FA3816A97CCED.e.2362"}]}
RESULT: {"script":"<script> [56 bytes]","args":[{"element-6066-11e4-a52e-4f735466cecf":"f.8EC51792AE8EAD5CEC6F142478755B93.d.8CA0A7021ABD0618148FA3816A97CCED.e.2362","ELEMENT":"f.8EC51792AE8EAD5CEC6F142478755B93.d.8CA0A7021ABD0618148FA3816A97CCED.e.2362"}]}
COMMAND: GET /session/1f4369c590cc015c24359cd6d90be4de/screenshot - {}
RESULT: {}
COMMAND: POST /session/1f4369c590cc015c24359cd6d90be4de/element - {"using":"css selector","value":"#shell-header-logo"}
RESULT: {"using":"css selector","value":"#shell-header-logo"}
COMMAND: POST /session/1f4369c590cc015c24359cd6d90be4de/element/f.8EC51792AE8EAD5CEC6F142478755B93.d.8CA0A7021ABD0618148FA3816A97CCED.e.2174/click - {}
RESULT: {}
COMMAND: GET /session/1f4369c590cc015c24359cd6d90be4de/screenshot - {}
RESULT: {}
]]></system-out>
    </testcase>
    <testcase classname="chrome.135_0_7049_42.windows.Partner_specific_tests_US150819_US151080_US151654_US151176_US103444_US151078_US151079_US151109_US151174_US151175_US151189" name="Should activate the created partner again US151176" time="52.357">
      <system-out><![CDATA[
COMMAND: POST /session/1f4369c590cc015c24359cd6d90be4de/element - {"using":"xpath","value":"//li[.//span[text()=\"Manage Partners\"]]"}
RESULT: {"using":"xpath","value":"//li[.//span[text()=\"Manage Partners\"]]"}
COMMAND: POST /session/1f4369c590cc015c24359cd6d90be4de/element - {"using":"xpath","value":"//li[.//span[text()=\"Manage Partners\"]]"}
RESULT: {"using":"xpath","value":"//li[.//span[text()=\"Manage Partners\"]]"}
COMMAND: POST /session/1f4369c590cc015c24359cd6d90be4de/element - {"using":"css selector","value":"#shell-header-logo"}
RESULT: {"using":"css selector","value":"#shell-header-logo"}
COMMAND: POST /session/1f4369c590cc015c24359cd6d90be4de/element/f.8EC51792AE8EAD5CEC6F142478755B93.d.8CA0A7021ABD0618148FA3816A97CCED.e.2370/click - {}
COMMAND: POST /session/1f4369c590cc015c24359cd6d90be4de/execute/sync - {"script":"<script> [8489 bytes]","args":[{"element-6066-11e4-a52e-4f735466cecf":"f.8EC51792AE8EAD5CEC6F142478755B93.d.8CA0A7021ABD0618148FA3816A97CCED.e.2370","ELEMENT":"f.8EC51792AE8EAD5CEC6F142478755B93.d.8CA0A7021ABD0618148FA3816A97CCED.e.2370"}]}
RESULT: {"script":"<script> [8489 bytes]","args":[{"element-6066-11e4-a52e-4f735466cecf":"f.8EC51792AE8EAD5CEC6F142478755B93.d.8CA0A7021ABD0618148FA3816A97CCED.e.2370","ELEMENT":"f.8EC51792AE8EAD5CEC6F142478755B93.d.8CA0A7021ABD0618148FA3816A97CCED.e.2370"}]}
COMMAND: POST /session/1f4369c590cc015c24359cd6d90be4de/execute/sync - {"script":"<script> [5351 bytes]","args":[{"element-6066-11e4-a52e-4f735466cecf":"f.8EC51792AE8EAD5CEC6F142478755B93.d.8CA0A7021ABD0618148FA3816A97CCED.e.2370","ELEMENT":"f.8EC51792AE8EAD5CEC6F142478755B93.d.8CA0A7021ABD0618148FA3816A97CCED.e.2370"}]}
COMMAND: GET /session/1f4369c590cc015c24359cd6d90be4de/screenshot - {}
RESULT: {}
COMMAND: GET /session/1f4369c590cc015c24359cd6d90be4de/screenshot - {}
RESULT: {"script":"<script> [5351 bytes]","args":[{"element-6066-11e4-a52e-4f735466cecf":"f.8EC51792AE8EAD5CEC6F142478755B93.d.8CA0A7021ABD0618148FA3816A97CCED.e.2370","ELEMENT":"f.8EC51792AE8EAD5CEC6F142478755B93.d.8CA0A7021ABD0618148FA3816A97CCED.e.2370"}]}
COMMAND: GET /session/1f4369c590cc015c24359cd6d90be4de/screenshot - {}
RESULT: {}
RESULT: {}
RESULT: {}
RESULT: undefined
COMMAND: POST /session/1f4369c590cc015c24359cd6d90be4de/element - {"using":"xpath","value":"//*[@id=\"__tile38\"]"}
RESULT: {"using":"xpath","value":"//*[@id=\"__tile38\"]"}
COMMAND: POST /session/1f4369c590cc015c24359cd6d90be4de/element/f.8EC51792AE8EAD5CEC6F142478755B93.d.8CA0A7021ABD0618148FA3816A97CCED.e.154/click - {}
RESULT: {}
COMMAND: POST /session/1f4369c590cc015c24359cd6d90be4de/element - {"using":"xpath","value":"//button[@data-kt=\"addButton\"]"}
COMMAND: GET /session/1f4369c590cc015c24359cd6d90be4de/screenshot - {}
RESULT: {"using":"xpath","value":"//button[@data-kt=\"addButton\"]"}
COMMAND: POST /session/1f4369c590cc015c24359cd6d90be4de/elements - {"using":"xpath","value":"//button[@data-kt=\"addButton\"]"}
RESULT: {}
RESULT: {"using":"xpath","value":"//button[@data-kt=\"addButton\"]"}
COMMAND: POST /session/1f4369c590cc015c24359cd6d90be4de/elements - {"using":"xpath","value":"//button[@data-kt=\"addButton\"]"}
RESULT: {"using":"xpath","value":"//button[@data-kt=\"addButton\"]"}
COMMAND: POST /session/1f4369c590cc015c24359cd6d90be4de/element - {"using":"xpath","value":"//button[@data-kt=\"addButton\"]"}
RESULT: {"using":"xpath","value":"//button[@data-kt=\"addButton\"]"}
COMMAND: POST /session/1f4369c590cc015c24359cd6d90be4de/execute/sync - {"script":"<script> [8489 bytes]","args":[{"element-6066-11e4-a52e-4f735466cecf":"f.8EC51792AE8EAD5CEC6F142478755B93.d.8CA0A7021ABD0618148FA3816A97CCED.e.2404","ELEMENT":"f.8EC51792AE8EAD5CEC6F142478755B93.d.8CA0A7021ABD0618148FA3816A97CCED.e.2404"}]}
RESULT: {"script":"<script> [8489 bytes]","args":[{"element-6066-11e4-a52e-4f735466cecf":"f.8EC51792AE8EAD5CEC6F142478755B93.d.8CA0A7021ABD0618148FA3816A97CCED.e.2404","ELEMENT":"f.8EC51792AE8EAD5CEC6F142478755B93.d.8CA0A7021ABD0618148FA3816A97CCED.e.2404"}]}
COMMAND: GET /session/1f4369c590cc015c24359cd6d90be4de/element/f.8EC51792AE8EAD5CEC6F142478755B93.d.8CA0A7021ABD0618148FA3816A97CCED.e.2404/enabled - {}
COMMAND: GET /session/1f4369c590cc015c24359cd6d90be4de/screenshot - {}
RESULT: {}
COMMAND: POST /session/1f4369c590cc015c24359cd6d90be4de/execute/sync - {"script":"<script> [8489 bytes]","args":[{"element-6066-11e4-a52e-4f735466cecf":"f.8EC51792AE8EAD5CEC6F142478755B93.d.8CA0A7021ABD0618148FA3816A97CCED.e.2404","ELEMENT":"f.8EC51792AE8EAD5CEC6F142478755B93.d.8CA0A7021ABD0618148FA3816A97CCED.e.2404"}]}
COMMAND: GET /session/1f4369c590cc015c24359cd6d90be4de/screenshot - {}
RESULT: {}
RESULT: {"script":"<script> [8489 bytes]","args":[{"element-6066-11e4-a52e-4f735466cecf":"f.8EC51792AE8EAD5CEC6F142478755B93.d.8CA0A7021ABD0618148FA3816A97CCED.e.2404","ELEMENT":"f.8EC51792AE8EAD5CEC6F142478755B93.d.8CA0A7021ABD0618148FA3816A97CCED.e.2404"}]}
COMMAND: POST /session/1f4369c590cc015c24359cd6d90be4de/execute/sync - {"script":"<script> [5351 bytes]","args":[{"element-6066-11e4-a52e-4f735466cecf":"f.8EC51792AE8EAD5CEC6F142478755B93.d.8CA0A7021ABD0618148FA3816A97CCED.e.2404","ELEMENT":"f.8EC51792AE8EAD5CEC6F142478755B93.d.8CA0A7021ABD0618148FA3816A97CCED.e.2404"}]}
COMMAND: GET /session/1f4369c590cc015c24359cd6d90be4de/screenshot - {}
RESULT: {}
RESULT: {"script":"<script> [5351 bytes]","args":[{"element-6066-11e4-a52e-4f735466cecf":"f.8EC51792AE8EAD5CEC6F142478755B93.d.8CA0A7021ABD0618148FA3816A97CCED.e.2404","ELEMENT":"f.8EC51792AE8EAD5CEC6F142478755B93.d.8CA0A7021ABD0618148FA3816A97CCED.e.2404"}]}
COMMAND: GET /session/1f4369c590cc015c24359cd6d90be4de/screenshot - {}
RESULT: {}
RESULT: {}
RESULT: undefined
COMMAND: POST /session/1f4369c590cc015c24359cd6d90be4de/execute/async - {"script":"<script> [776 bytes]","args":[{"enterText":"1592","selector":{"id":"application-managepartners-display-component---masterPtm--smartFilterBar-btnBasicSearch","interaction":{"idSuffix":"I"}},"clearTextFirst":true,"interactionType":"ENTER_TEXT"}]}
RESULT: {"script":"<script> [776 bytes]","args":[{"enterText":"1592","selector":{"id":"application-managepartners-display-component---masterPtm--smartFilterBar-btnBasicSearch","interaction":{"idSuffix":"I"}},"clearTextFirst":true,"interactionType":"ENTER_TEXT"}]}
COMMAND: POST /session/1f4369c590cc015c24359cd6d90be4de/actions - {"actions":[{"id":"action5","type":"key","parameters":{},"actions":[{"type":"keyDown","value":""},{"type":"pause","duration":10},{"type":"keyUp","value":""}]}]}
RESULT: {"actions":[{"id":"action5","type":"key","parameters":{},"actions":[{"type":"keyDown","value":""},{"type":"pause","duration":10},{"type":"keyUp","value":""}]}]}
COMMAND: GET /session/1f4369c590cc015c24359cd6d90be4de/screenshot - {}
RESULT: {}
COMMAND: POST /session/1f4369c590cc015c24359cd6d90be4de/elements - {"using":"xpath","value":"//table[contains(@id, \"customPartnersTable-listUl\")]/tbody/tr"}
RESULT: {"using":"xpath","value":"//table[contains(@id, \"customPartnersTable-listUl\")]/tbody/tr"}
COMMAND: POST /session/1f4369c590cc015c24359cd6d90be4de/element - {"using":"xpath","value":"//table[contains(@id, \"customPartnersTable-listUl\")]/tbody/tr[1]/td[3]/span"}
RESULT: {"using":"xpath","value":"//table[contains(@id, \"customPartnersTable-listUl\")]/tbody/tr[1]/td[3]/span"}
COMMAND: POST /session/1f4369c590cc015c24359cd6d90be4de/elements - {"using":"xpath","value":"//table[contains(@id, \"customPartnersTable-listUl\")]/tbody/tr[1]/td[3]/span"}
RESULT: {"using":"xpath","value":"//table[contains(@id, \"customPartnersTable-listUl\")]/tbody/tr[1]/td[3]/span"}
COMMAND: POST /session/1f4369c590cc015c24359cd6d90be4de/execute/sync - {"script":"<script> [56 bytes]","args":[{"element-6066-11e4-a52e-4f735466cecf":"f.8EC51792AE8EAD5CEC6F142478755B93.d.8CA0A7021ABD0618148FA3816A97CCED.e.2551","ELEMENT":"f.8EC51792AE8EAD5CEC6F142478755B93.d.8CA0A7021ABD0618148FA3816A97CCED.e.2551"}]}
RESULT: {"script":"<script> [56 bytes]","args":[{"element-6066-11e4-a52e-4f735466cecf":"f.8EC51792AE8EAD5CEC6F142478755B93.d.8CA0A7021ABD0618148FA3816A97CCED.e.2551","ELEMENT":"f.8EC51792AE8EAD5CEC6F142478755B93.d.8CA0A7021ABD0618148FA3816A97CCED.e.2551"}]}
COMMAND: POST /session/1f4369c590cc015c24359cd6d90be4de/element - {"using":"xpath","value":"//table[contains(@id, \"customPartnersTable-listUl\")]/tbody/tr[1]/td[7]/div/span"}
COMMAND: GET /session/1f4369c590cc015c24359cd6d90be4de/screenshot - {}
RESULT: {"using":"xpath","value":"//table[contains(@id, \"customPartnersTable-listUl\")]/tbody/tr[1]/td[7]/div/span"}
COMMAND: POST /session/1f4369c590cc015c24359cd6d90be4de/execute/sync - {"script":"<script> [56 bytes]","args":[{"element-6066-11e4-a52e-4f735466cecf":"f.8EC51792AE8EAD5CEC6F142478755B93.d.8CA0A7021ABD0618148FA3816A97CCED.e.2552","ELEMENT":"f.8EC51792AE8EAD5CEC6F142478755B93.d.8CA0A7021ABD0618148FA3816A97CCED.e.2552"}]}
RESULT: {}
RESULT: {"script":"<script> [56 bytes]","args":[{"element-6066-11e4-a52e-4f735466cecf":"f.8EC51792AE8EAD5CEC6F142478755B93.d.8CA0A7021ABD0618148FA3816A97CCED.e.2552","ELEMENT":"f.8EC51792AE8EAD5CEC6F142478755B93.d.8CA0A7021ABD0618148FA3816A97CCED.e.2552"}]}
COMMAND: POST /session/1f4369c590cc015c24359cd6d90be4de/element - {"using":"xpath","value":"//table[contains(@id, \"customPartnersTable-listUl\")]/tbody/tr[1]/td[2]/div/div"}
COMMAND: GET /session/1f4369c590cc015c24359cd6d90be4de/screenshot - {}
RESULT: {"using":"xpath","value":"//table[contains(@id, \"customPartnersTable-listUl\")]/tbody/tr[1]/td[2]/div/div"}
COMMAND: POST /session/1f4369c590cc015c24359cd6d90be4de/element/f.8EC51792AE8EAD5CEC6F142478755B93.d.8CA0A7021ABD0618148FA3816A97CCED.e.2553/click - {}
RESULT: {}
RESULT: {}
COMMAND: GET /session/1f4369c590cc015c24359cd6d90be4de/screenshot - {}
RESULT: {}
COMMAND: POST /session/1f4369c590cc015c24359cd6d90be4de/element - {"using":"xpath","value":"//bdi[contains(text(), \"Activate\")]"}
RESULT: {"using":"xpath","value":"//bdi[contains(text(), \"Activate\")]"}
COMMAND: POST /session/1f4369c590cc015c24359cd6d90be4de/element/f.8EC51792AE8EAD5CEC6F142478755B93.d.8CA0A7021ABD0618148FA3816A97CCED.e.2554/click - {}
RESULT: {}
COMMAND: GET /session/1f4369c590cc015c24359cd6d90be4de/screenshot - {}
RESULT: {}
COMMAND: POST /session/1f4369c590cc015c24359cd6d90be4de/element - {"using":"xpath","value":"//bdi[contains(text(), \"Yes\")]"}
RESULT: {"using":"xpath","value":"//bdi[contains(text(), \"Yes\")]"}
COMMAND: POST /session/1f4369c590cc015c24359cd6d90be4de/element/f.8EC51792AE8EAD5CEC6F142478755B93.d.8CA0A7021ABD0618148FA3816A97CCED.e.2556/click - {}
RESULT: {}
COMMAND: GET /session/1f4369c590cc015c24359cd6d90be4de/screenshot - {}
RESULT: {}
COMMAND: POST /session/1f4369c590cc015c24359cd6d90be4de/element - {"using":"xpath","value":"//table[contains(@id, \"customPartnersTable-listUl\")]/tbody/tr[1]/td[7]/div/span"}
RESULT: {"using":"xpath","value":"//table[contains(@id, \"customPartnersTable-listUl\")]/tbody/tr[1]/td[7]/div/span"}
COMMAND: POST /session/1f4369c590cc015c24359cd6d90be4de/execute/sync - {"script":"<script> [56 bytes]","args":[{"element-6066-11e4-a52e-4f735466cecf":"f.8EC51792AE8EAD5CEC6F142478755B93.d.8CA0A7021ABD0618148FA3816A97CCED.e.2552","ELEMENT":"f.8EC51792AE8EAD5CEC6F142478755B93.d.8CA0A7021ABD0618148FA3816A97CCED.e.2552"}]}
RESULT: {"script":"<script> [56 bytes]","args":[{"element-6066-11e4-a52e-4f735466cecf":"f.8EC51792AE8EAD5CEC6F142478755B93.d.8CA0A7021ABD0618148FA3816A97CCED.e.2552","ELEMENT":"f.8EC51792AE8EAD5CEC6F142478755B93.d.8CA0A7021ABD0618148FA3816A97CCED.e.2552"}]}
COMMAND: GET /session/1f4369c590cc015c24359cd6d90be4de/screenshot - {}
RESULT: {}
COMMAND: POST /session/1f4369c590cc015c24359cd6d90be4de/element - {"using":"css selector","value":"#shell-header-logo"}
RESULT: {"using":"css selector","value":"#shell-header-logo"}
COMMAND: POST /session/1f4369c590cc015c24359cd6d90be4de/element/f.8EC51792AE8EAD5CEC6F142478755B93.d.8CA0A7021ABD0618148FA3816A97CCED.e.2370/click - {}
RESULT: {}
COMMAND: GET /session/1f4369c590cc015c24359cd6d90be4de/screenshot - {}
RESULT: {}
]]></system-out>
    </testcase>
    <testcase classname="chrome.135_0_7049_42.windows.Partner_specific_tests_US150819_US151080_US151654_US151176_US103444_US151078_US151079_US151109_US151174_US151175_US151189" name="Should edit the created external partner and save it and check its content US103444" time="61.288">
      <system-out><![CDATA[
COMMAND: POST /session/1f4369c590cc015c24359cd6d90be4de/element - {"using":"xpath","value":"//li[.//span[text()=\"Manage Partners\"]]"}
RESULT: {"using":"xpath","value":"//li[.//span[text()=\"Manage Partners\"]]"}
COMMAND: POST /session/1f4369c590cc015c24359cd6d90be4de/element - {"using":"xpath","value":"//li[.//span[text()=\"Manage Partners\"]]"}
RESULT: {"using":"xpath","value":"//li[.//span[text()=\"Manage Partners\"]]"}
COMMAND: POST /session/1f4369c590cc015c24359cd6d90be4de/element - {"using":"css selector","value":"#shell-header-logo"}
RESULT: {"using":"css selector","value":"#shell-header-logo"}
COMMAND: POST /session/1f4369c590cc015c24359cd6d90be4de/element/f.8EC51792AE8EAD5CEC6F142478755B93.d.8CA0A7021ABD0618148FA3816A97CCED.e.2560/click - {}
COMMAND: POST /session/1f4369c590cc015c24359cd6d90be4de/execute/sync - {"script":"<script> [8489 bytes]","args":[{"element-6066-11e4-a52e-4f735466cecf":"f.8EC51792AE8EAD5CEC6F142478755B93.d.8CA0A7021ABD0618148FA3816A97CCED.e.2560","ELEMENT":"f.8EC51792AE8EAD5CEC6F142478755B93.d.8CA0A7021ABD0618148FA3816A97CCED.e.2560"}]}
RESULT: {}
COMMAND: GET /session/1f4369c590cc015c24359cd6d90be4de/screenshot - {}
RESULT: {"script":"<script> [8489 bytes]","args":[{"element-6066-11e4-a52e-4f735466cecf":"f.8EC51792AE8EAD5CEC6F142478755B93.d.8CA0A7021ABD0618148FA3816A97CCED.e.2560","ELEMENT":"f.8EC51792AE8EAD5CEC6F142478755B93.d.8CA0A7021ABD0618148FA3816A97CCED.e.2560"}]}
COMMAND: POST /session/1f4369c590cc015c24359cd6d90be4de/execute/sync - {"script":"<script> [5351 bytes]","args":[{"element-6066-11e4-a52e-4f735466cecf":"f.8EC51792AE8EAD5CEC6F142478755B93.d.8CA0A7021ABD0618148FA3816A97CCED.e.2560","ELEMENT":"f.8EC51792AE8EAD5CEC6F142478755B93.d.8CA0A7021ABD0618148FA3816A97CCED.e.2560"}]}
COMMAND: GET /session/1f4369c590cc015c24359cd6d90be4de/screenshot - {}
RESULT: {}
RESULT: {"script":"<script> [5351 bytes]","args":[{"element-6066-11e4-a52e-4f735466cecf":"f.8EC51792AE8EAD5CEC6F142478755B93.d.8CA0A7021ABD0618148FA3816A97CCED.e.2560","ELEMENT":"f.8EC51792AE8EAD5CEC6F142478755B93.d.8CA0A7021ABD0618148FA3816A97CCED.e.2560"}]}
COMMAND: GET /session/1f4369c590cc015c24359cd6d90be4de/screenshot - {}
RESULT: {}
RESULT: {}
RESULT: undefined
COMMAND: POST /session/1f4369c590cc015c24359cd6d90be4de/element - {"using":"xpath","value":"//*[@id=\"__tile38\"]"}
RESULT: {"using":"xpath","value":"//*[@id=\"__tile38\"]"}
COMMAND: POST /session/1f4369c590cc015c24359cd6d90be4de/element/f.8EC51792AE8EAD5CEC6F142478755B93.d.8CA0A7021ABD0618148FA3816A97CCED.e.154/click - {}
RESULT: {}
COMMAND: POST /session/1f4369c590cc015c24359cd6d90be4de/element - {"using":"xpath","value":"//button[@data-kt=\"addButton\"]"}
COMMAND: GET /session/1f4369c590cc015c24359cd6d90be4de/screenshot - {}
RESULT: {"using":"xpath","value":"//button[@data-kt=\"addButton\"]"}
COMMAND: POST /session/1f4369c590cc015c24359cd6d90be4de/elements - {"using":"xpath","value":"//button[@data-kt=\"addButton\"]"}
RESULT: {}
RESULT: {"using":"xpath","value":"//button[@data-kt=\"addButton\"]"}
COMMAND: POST /session/1f4369c590cc015c24359cd6d90be4de/elements - {"using":"xpath","value":"//button[@data-kt=\"addButton\"]"}
RESULT: {"using":"xpath","value":"//button[@data-kt=\"addButton\"]"}
COMMAND: POST /session/1f4369c590cc015c24359cd6d90be4de/element - {"using":"xpath","value":"//button[@data-kt=\"addButton\"]"}
RESULT: {"using":"xpath","value":"//button[@data-kt=\"addButton\"]"}
COMMAND: POST /session/1f4369c590cc015c24359cd6d90be4de/execute/sync - {"script":"<script> [8489 bytes]","args":[{"element-6066-11e4-a52e-4f735466cecf":"f.8EC51792AE8EAD5CEC6F142478755B93.d.8CA0A7021ABD0618148FA3816A97CCED.e.2605","ELEMENT":"f.8EC51792AE8EAD5CEC6F142478755B93.d.8CA0A7021ABD0618148FA3816A97CCED.e.2605"}]}
RESULT: {"script":"<script> [8489 bytes]","args":[{"element-6066-11e4-a52e-4f735466cecf":"f.8EC51792AE8EAD5CEC6F142478755B93.d.8CA0A7021ABD0618148FA3816A97CCED.e.2605","ELEMENT":"f.8EC51792AE8EAD5CEC6F142478755B93.d.8CA0A7021ABD0618148FA3816A97CCED.e.2605"}]}
COMMAND: GET /session/1f4369c590cc015c24359cd6d90be4de/element/f.8EC51792AE8EAD5CEC6F142478755B93.d.8CA0A7021ABD0618148FA3816A97CCED.e.2605/enabled - {}
COMMAND: GET /session/1f4369c590cc015c24359cd6d90be4de/screenshot - {}
RESULT: {}
COMMAND: POST /session/1f4369c590cc015c24359cd6d90be4de/execute/sync - {"script":"<script> [8489 bytes]","args":[{"element-6066-11e4-a52e-4f735466cecf":"f.8EC51792AE8EAD5CEC6F142478755B93.d.8CA0A7021ABD0618148FA3816A97CCED.e.2605","ELEMENT":"f.8EC51792AE8EAD5CEC6F142478755B93.d.8CA0A7021ABD0618148FA3816A97CCED.e.2605"}]}
COMMAND: GET /session/1f4369c590cc015c24359cd6d90be4de/screenshot - {}
RESULT: {}
RESULT: {"script":"<script> [8489 bytes]","args":[{"element-6066-11e4-a52e-4f735466cecf":"f.8EC51792AE8EAD5CEC6F142478755B93.d.8CA0A7021ABD0618148FA3816A97CCED.e.2605","ELEMENT":"f.8EC51792AE8EAD5CEC6F142478755B93.d.8CA0A7021ABD0618148FA3816A97CCED.e.2605"}]}
COMMAND: POST /session/1f4369c590cc015c24359cd6d90be4de/execute/sync - {"script":"<script> [5351 bytes]","args":[{"element-6066-11e4-a52e-4f735466cecf":"f.8EC51792AE8EAD5CEC6F142478755B93.d.8CA0A7021ABD0618148FA3816A97CCED.e.2605","ELEMENT":"f.8EC51792AE8EAD5CEC6F142478755B93.d.8CA0A7021ABD0618148FA3816A97CCED.e.2605"}]}
COMMAND: GET /session/1f4369c590cc015c24359cd6d90be4de/screenshot - {}
RESULT: {}
RESULT: {"script":"<script> [5351 bytes]","args":[{"element-6066-11e4-a52e-4f735466cecf":"f.8EC51792AE8EAD5CEC6F142478755B93.d.8CA0A7021ABD0618148FA3816A97CCED.e.2605","ELEMENT":"f.8EC51792AE8EAD5CEC6F142478755B93.d.8CA0A7021ABD0618148FA3816A97CCED.e.2605"}]}
COMMAND: GET /session/1f4369c590cc015c24359cd6d90be4de/screenshot - {}
RESULT: {}
RESULT: {}
RESULT: undefined
COMMAND: POST /session/1f4369c590cc015c24359cd6d90be4de/execute/async - {"script":"<script> [776 bytes]","args":[{"enterText":"1592","selector":{"id":"application-managepartners-display-component---masterPtm--smartFilterBar-btnBasicSearch","interaction":{"idSuffix":"I"}},"clearTextFirst":true,"interactionType":"ENTER_TEXT"}]}
RESULT: {"script":"<script> [776 bytes]","args":[{"enterText":"1592","selector":{"id":"application-managepartners-display-component---masterPtm--smartFilterBar-btnBasicSearch","interaction":{"idSuffix":"I"}},"clearTextFirst":true,"interactionType":"ENTER_TEXT"}]}
COMMAND: POST /session/1f4369c590cc015c24359cd6d90be4de/actions - {"actions":[{"id":"action6","type":"key","parameters":{},"actions":[{"type":"keyDown","value":""},{"type":"pause","duration":10},{"type":"keyUp","value":""}]}]}
RESULT: {"actions":[{"id":"action6","type":"key","parameters":{},"actions":[{"type":"keyDown","value":""},{"type":"pause","duration":10},{"type":"keyUp","value":""}]}]}
COMMAND: GET /session/1f4369c590cc015c24359cd6d90be4de/screenshot - {}
RESULT: {}
COMMAND: POST /session/1f4369c590cc015c24359cd6d90be4de/elements - {"using":"xpath","value":"//table[contains(@id, \"customPartnersTable-listUl\")]/tbody/tr"}
RESULT: {"using":"xpath","value":"//table[contains(@id, \"customPartnersTable-listUl\")]/tbody/tr"}
COMMAND: POST /session/1f4369c590cc015c24359cd6d90be4de/element - {"using":"xpath","value":"//table[contains(@id, \"customPartnersTable-listUl\")]/tbody/tr[1]/td[3]/span"}
RESULT: {"using":"xpath","value":"//table[contains(@id, \"customPartnersTable-listUl\")]/tbody/tr[1]/td[3]/span"}
COMMAND: POST /session/1f4369c590cc015c24359cd6d90be4de/elements - {"using":"xpath","value":"//table[contains(@id, \"customPartnersTable-listUl\")]/tbody/tr[1]/td[3]/span"}
RESULT: {"using":"xpath","value":"//table[contains(@id, \"customPartnersTable-listUl\")]/tbody/tr[1]/td[3]/span"}
COMMAND: POST /session/1f4369c590cc015c24359cd6d90be4de/execute/sync - {"script":"<script> [56 bytes]","args":[{"element-6066-11e4-a52e-4f735466cecf":"f.8EC51792AE8EAD5CEC6F142478755B93.d.8CA0A7021ABD0618148FA3816A97CCED.e.2739","ELEMENT":"f.8EC51792AE8EAD5CEC6F142478755B93.d.8CA0A7021ABD0618148FA3816A97CCED.e.2739"}]}
RESULT: {"script":"<script> [56 bytes]","args":[{"element-6066-11e4-a52e-4f735466cecf":"f.8EC51792AE8EAD5CEC6F142478755B93.d.8CA0A7021ABD0618148FA3816A97CCED.e.2739","ELEMENT":"f.8EC51792AE8EAD5CEC6F142478755B93.d.8CA0A7021ABD0618148FA3816A97CCED.e.2739"}]}
COMMAND: POST /session/1f4369c590cc015c24359cd6d90be4de/element - {"using":"xpath","value":"(//span[contains(@id, \"imgNav\")])[1]"}
COMMAND: GET /session/1f4369c590cc015c24359cd6d90be4de/screenshot - {}
RESULT: {"using":"xpath","value":"(//span[contains(@id, \"imgNav\")])[1]"}
COMMAND: POST /session/1f4369c590cc015c24359cd6d90be4de/element/f.8EC51792AE8EAD5CEC6F142478755B93.d.8CA0A7021ABD0618148FA3816A97CCED.e.2737/click - {}
RESULT: {}
RESULT: {}
COMMAND: GET /session/1f4369c590cc015c24359cd6d90be4de/screenshot - {}
RESULT: {}
COMMAND: POST /session/1f4369c590cc015c24359cd6d90be4de/element - {"using":"xpath","value":"//bdi[contains(text(), \"Edit\")]"}
RESULT: {"using":"xpath","value":"//bdi[contains(text(), \"Edit\")]"}
COMMAND: POST /session/1f4369c590cc015c24359cd6d90be4de/element/f.8EC51792AE8EAD5CEC6F142478755B93.d.8CA0A7021ABD0618148FA3816A97CCED.e.2881/click - {}
RESULT: {}
COMMAND: GET /session/1f4369c590cc015c24359cd6d90be4de/screenshot - {}
RESULT: {}
COMMAND: POST /session/1f4369c590cc015c24359cd6d90be4de/execute/async - {"script":"<script> [1562 bytes]","args":[{"selector":{"controlType":"sap.m.Input","viewName":"etm.portal.ui.managepartners.view.EditDetail","labelFor":{"text":"Name"},"interaction":{"idSuffix":"inner"}},"wdio_ui5_key":"etmportal.ui.managepartners.view.EditDetailsap.m.Input{\"text\":\"Name\"}"}]}
RESULT: {"script":"<script> [1562 bytes]","args":[{"selector":{"controlType":"sap.m.Input","viewName":"etm.portal.ui.managepartners.view.EditDetail","labelFor":{"text":"Name"},"interaction":{"idSuffix":"inner"}},"wdio_ui5_key":"etmportal.ui.managepartners.view.EditDetailsap.m.Input{\"text\":\"Name\"}"}]}
RESULT: undefined
COMMAND: POST /session/1f4369c590cc015c24359cd6d90be4de/execute/async - {"script":"<script> [776 bytes]","args":[{"enterText":"External EDIT","selector":{"controlType":"sap.m.Input","viewName":"etm.portal.ui.managepartners.view.EditDetail","labelFor":{"text":"Name"},"interaction":{"idSuffix":"inner"}},"clearTextFirst":true,"interactionType":"ENTER_TEXT"}]}
RESULT: {"script":"<script> [776 bytes]","args":[{"enterText":"External EDIT","selector":{"controlType":"sap.m.Input","viewName":"etm.portal.ui.managepartners.view.EditDetail","labelFor":{"text":"Name"},"interaction":{"idSuffix":"inner"}},"clearTextFirst":true,"interactionType":"ENTER_TEXT"}]}
COMMAND: POST /session/1f4369c590cc015c24359cd6d90be4de/element - {"using":"xpath","value":"(//span[contains(@id,\"addressDetailDetailsLanguage-arrow\")])[1]"}
RESULT: {"using":"xpath","value":"(//span[contains(@id,\"addressDetailDetailsLanguage-arrow\")])[1]"}
COMMAND: POST /session/1f4369c590cc015c24359cd6d90be4de/element/f.8EC51792AE8EAD5CEC6F142478755B93.d.8CA0A7021ABD0618148FA3816A97CCED.e.2960/click - {}
RESULT: {}
COMMAND: POST /session/1f4369c590cc015c24359cd6d90be4de/element - {"using":"xpath","value":"//span[contains(text(), \"Chinese\")]"}
COMMAND: GET /session/1f4369c590cc015c24359cd6d90be4de/screenshot - {}
RESULT: {"using":"xpath","value":"//span[contains(text(), \"Chinese\")]"}
COMMAND: POST /session/1f4369c590cc015c24359cd6d90be4de/element/f.8EC51792AE8EAD5CEC6F142478755B93.d.8CA0A7021ABD0618148FA3816A97CCED.e.2961/click - {}
RESULT: {}
RESULT: {}
COMMAND: GET /session/1f4369c590cc015c24359cd6d90be4de/screenshot - {}
RESULT: {}
COMMAND: POST /session/1f4369c590cc015c24359cd6d90be4de/execute/async - {"script":"<script> [1562 bytes]","args":[{"selector":{"controlType":"sap.m.Input","viewName":"etm.portal.ui.managepartners.view.EditDetail","labelFor":{"text":"City"},"interaction":{"idSuffix":"inner"}},"wdio_ui5_key":"etmportal.ui.managepartners.view.EditDetailsap.m.Input{\"text\":\"City\"}"}]}
RESULT: {"script":"<script> [1562 bytes]","args":[{"selector":{"controlType":"sap.m.Input","viewName":"etm.portal.ui.managepartners.view.EditDetail","labelFor":{"text":"City"},"interaction":{"idSuffix":"inner"}},"wdio_ui5_key":"etmportal.ui.managepartners.view.EditDetailsap.m.Input{\"text\":\"City\"}"}]}
RESULT: undefined
COMMAND: POST /session/1f4369c590cc015c24359cd6d90be4de/execute/async - {"script":"<script> [776 bytes]","args":[{"enterText":"Clooj-Napoca","selector":{"controlType":"sap.m.Input","viewName":"etm.portal.ui.managepartners.view.EditDetail","labelFor":{"text":"City"},"interaction":{"idSuffix":"inner"}},"clearTextFirst":true,"interactionType":"ENTER_TEXT"}]}
RESULT: {"script":"<script> [776 bytes]","args":[{"enterText":"Clooj-Napoca","selector":{"controlType":"sap.m.Input","viewName":"etm.portal.ui.managepartners.view.EditDetail","labelFor":{"text":"City"},"interaction":{"idSuffix":"inner"}},"clearTextFirst":true,"interactionType":"ENTER_TEXT"}]}
COMMAND: POST /session/1f4369c590cc015c24359cd6d90be4de/element - {"using":"xpath","value":"//button[@data-kt=\"saveButton\"]"}
RESULT: {"using":"xpath","value":"//button[@data-kt=\"saveButton\"]"}
COMMAND: POST /session/1f4369c590cc015c24359cd6d90be4de/element/f.8EC51792AE8EAD5CEC6F142478755B93.d.8CA0A7021ABD0618148FA3816A97CCED.e.2943/click - {}
RESULT: {}
COMMAND: GET /session/1f4369c590cc015c24359cd6d90be4de/screenshot - {}
RESULT: {}
COMMAND: POST /session/1f4369c590cc015c24359cd6d90be4de/execute/async - {"script":"<script> [1562 bytes]","args":[{"selector":{"id":"application-managepartners-display-component---detailPtm--addressDetailDetailsName1"},"wdio_ui5_key":"applicationmanagepartners-display-component---detailPtm--addressDetailDetailsName1"}]}
RESULT: {"script":"<script> [1562 bytes]","args":[{"selector":{"id":"application-managepartners-display-component---detailPtm--addressDetailDetailsName1"},"wdio_ui5_key":"applicationmanagepartners-display-component---detailPtm--addressDetailDetailsName1"}]}
RESULT: undefined
COMMAND: POST /session/1f4369c590cc015c24359cd6d90be4de/execute/async - {"script":"<script> [6424 bytes]","args":[{"element-6066-11e4-a52e-4f735466cecf":"f.8EC51792AE8EAD5CEC6F142478755B93.d.8CA0A7021ABD0618148FA3816A97CCED.e.2992"},"getValue",[]]}
RESULT: {"script":"<script> [6424 bytes]","args":[{"element-6066-11e4-a52e-4f735466cecf":"f.8EC51792AE8EAD5CEC6F142478755B93.d.8CA0A7021ABD0618148FA3816A97CCED.e.2992"},"getValue",[]]}
COMMAND: POST /session/1f4369c590cc015c24359cd6d90be4de/element - {"using":"xpath","value":"//input[@id = \"application-managepartners-display-component---detailPtm--addressDetailDetailsLanguage-inner\"]"}
RESULT: {"using":"xpath","value":"//input[@id = \"application-managepartners-display-component---detailPtm--addressDetailDetailsLanguage-inner\"]"}
COMMAND: GET /session/1f4369c590cc015c24359cd6d90be4de/element/f.8EC51792AE8EAD5CEC6F142478755B93.d.8CA0A7021ABD0618148FA3816A97CCED.e.2993/property/value - {}
RESULT: {}
COMMAND: POST /session/1f4369c590cc015c24359cd6d90be4de/execute/async - {"script":"<script> [1562 bytes]","args":[{"selector":{"id":"application-managepartners-display-component---detailPtm--addressDetailDetailsCity1"},"wdio_ui5_key":"applicationmanagepartners-display-component---detailPtm--addressDetailDetailsCity1"}]}
COMMAND: GET /session/1f4369c590cc015c24359cd6d90be4de/screenshot - {}
RESULT: {"script":"<script> [1562 bytes]","args":[{"selector":{"id":"application-managepartners-display-component---detailPtm--addressDetailDetailsCity1"},"wdio_ui5_key":"applicationmanagepartners-display-component---detailPtm--addressDetailDetailsCity1"}]}
RESULT: undefined
COMMAND: POST /session/1f4369c590cc015c24359cd6d90be4de/execute/async - {"script":"<script> [6424 bytes]","args":[{"element-6066-11e4-a52e-4f735466cecf":"f.8EC51792AE8EAD5CEC6F142478755B93.d.8CA0A7021ABD0618148FA3816A97CCED.e.2994"},"getValue",[]]}
RESULT: {}
RESULT: {"script":"<script> [6424 bytes]","args":[{"element-6066-11e4-a52e-4f735466cecf":"f.8EC51792AE8EAD5CEC6F142478755B93.d.8CA0A7021ABD0618148FA3816A97CCED.e.2994"},"getValue",[]]}
COMMAND: POST /session/1f4369c590cc015c24359cd6d90be4de/element - {"using":"css selector","value":"#shell-header-logo"}
RESULT: {"using":"css selector","value":"#shell-header-logo"}
COMMAND: POST /session/1f4369c590cc015c24359cd6d90be4de/element/f.8EC51792AE8EAD5CEC6F142478755B93.d.8CA0A7021ABD0618148FA3816A97CCED.e.2560/click - {}
RESULT: {}
COMMAND: GET /session/1f4369c590cc015c24359cd6d90be4de/screenshot - {}
RESULT: {}
]]></system-out>
    </testcase>
    <testcase classname="chrome.135_0_7049_42.windows.Partner_specific_tests_US150819_US151080_US151654_US151176_US103444_US151078_US151079_US151109_US151174_US151175_US151189" name="Should create a new intercompany partner edit some of its fields US151078" time="231.625">
      <system-out><![CDATA[
COMMAND: POST /session/1f4369c590cc015c24359cd6d90be4de/element - {"using":"xpath","value":"//li[.//span[text()=\"Manage Partners\"]]"}
RESULT: {"using":"xpath","value":"//li[.//span[text()=\"Manage Partners\"]]"}
COMMAND: POST /session/1f4369c590cc015c24359cd6d90be4de/element - {"using":"xpath","value":"//li[.//span[text()=\"Manage Partners\"]]"}
RESULT: {"using":"xpath","value":"//li[.//span[text()=\"Manage Partners\"]]"}
COMMAND: POST /session/1f4369c590cc015c24359cd6d90be4de/element - {"using":"css selector","value":"#shell-header-logo"}
RESULT: {"using":"css selector","value":"#shell-header-logo"}
COMMAND: POST /session/1f4369c590cc015c24359cd6d90be4de/element/f.8EC51792AE8EAD5CEC6F142478755B93.d.8CA0A7021ABD0618148FA3816A97CCED.e.3024/click - {}
COMMAND: POST /session/1f4369c590cc015c24359cd6d90be4de/execute/sync - {"script":"<script> [8489 bytes]","args":[{"element-6066-11e4-a52e-4f735466cecf":"f.8EC51792AE8EAD5CEC6F142478755B93.d.8CA0A7021ABD0618148FA3816A97CCED.e.3024","ELEMENT":"f.8EC51792AE8EAD5CEC6F142478755B93.d.8CA0A7021ABD0618148FA3816A97CCED.e.3024"}]}
RESULT: {}
COMMAND: GET /session/1f4369c590cc015c24359cd6d90be4de/screenshot - {}
RESULT: {"script":"<script> [8489 bytes]","args":[{"element-6066-11e4-a52e-4f735466cecf":"f.8EC51792AE8EAD5CEC6F142478755B93.d.8CA0A7021ABD0618148FA3816A97CCED.e.3024","ELEMENT":"f.8EC51792AE8EAD5CEC6F142478755B93.d.8CA0A7021ABD0618148FA3816A97CCED.e.3024"}]}
COMMAND: POST /session/1f4369c590cc015c24359cd6d90be4de/execute/sync - {"script":"<script> [5351 bytes]","args":[{"element-6066-11e4-a52e-4f735466cecf":"f.8EC51792AE8EAD5CEC6F142478755B93.d.8CA0A7021ABD0618148FA3816A97CCED.e.3024","ELEMENT":"f.8EC51792AE8EAD5CEC6F142478755B93.d.8CA0A7021ABD0618148FA3816A97CCED.e.3024"}]}
COMMAND: GET /session/1f4369c590cc015c24359cd6d90be4de/screenshot - {}
RESULT: {}
RESULT: {"script":"<script> [5351 bytes]","args":[{"element-6066-11e4-a52e-4f735466cecf":"f.8EC51792AE8EAD5CEC6F142478755B93.d.8CA0A7021ABD0618148FA3816A97CCED.e.3024","ELEMENT":"f.8EC51792AE8EAD5CEC6F142478755B93.d.8CA0A7021ABD0618148FA3816A97CCED.e.3024"}]}
COMMAND: GET /session/1f4369c590cc015c24359cd6d90be4de/screenshot - {}
RESULT: {}
RESULT: {}
COMMAND: POST /session/1f4369c590cc015c24359cd6d90be4de/refresh - {}
RESULT: {}
COMMAND: GET /session/1f4369c590cc015c24359cd6d90be4de/screenshot - {}
RESULT: {}
COMMAND: POST /session/1f4369c590cc015c24359cd6d90be4de/refresh - {}
RESULT: {}
COMMAND: GET /session/1f4369c590cc015c24359cd6d90be4de/screenshot - {}
RESULT: {}
COMMAND: POST /session/1f4369c590cc015c24359cd6d90be4de/window/fullscreen - {}
RESULT: {}
COMMAND: POST /session/1f4369c590cc015c24359cd6d90be4de/execute/async - {"script":"<script> [189 bytes]","args":[]}
RESULT: {"script":"<script> [189 bytes]","args":[]}
COMMAND: POST /session/1f4369c590cc015c24359cd6d90be4de/execute/async - {"script":"<script> [123 bytes]","args":[]}
RESULT: {"script":"<script> [123 bytes]","args":[]}
COMMAND: POST /session/1f4369c590cc015c24359cd6d90be4de/timeouts - {"script":"<number>"}
RESULT: {"script":"<number>"}
COMMAND: GET /session/1f4369c590cc015c24359cd6d90be4de/timeouts - {}
RESULT: {}
RESULT: undefined
COMMAND: POST /session/1f4369c590cc015c24359cd6d90be4de/execute/async - {"script":"<script> [2676 bytes]","args":[]}
RESULT: {"script":"<script> [2676 bytes]","args":[]}
COMMAND: POST /session/1f4369c590cc015c24359cd6d90be4de/execute/async - {"script":"<script> [2342 bytes]","args":[{"protocol":"http","hostname":"0.0.0.0","path":"/","capabilities":{"browserName":"chrome","goog:chromeOptions":{"binary":"C:\\Program Files\\Google\\Chrome\\Application\\chrome.exe","args":["--start-maximized"]}},"logLevel":"warn","connectionRetryTimeout":120000,"connectionRetryCount":3,"logLevels":{},"enableDirectConnect":true,"strictSSL":true,"_":"65 more keys: [\"cacheDir\",\"port\",\"requestedCapabilities\",\"automationProtocol\",\"baseUrl\",\"waitforInterval\",\"waitforTimeout\",\"onReload\",\"beforeCommand\",\"afterCommand\",\"rootDir\",\"specs\",\"suites\",\"exclude\",\"groupLogsByTestSpec\",\"excludeDriverLogs\",\"bail\",\"framework\",\"reporters\",\"services\",\"maxInstances\",\"maxInstancesPerCapability\",\"injectGlobals\",\"filesToWatch\",\"execArgv\",\"runnerEnv\",\"runner\",\"shard\",\"specFileRetries\",\"specFileRetriesDelay\",\"specFileRetriesDeferred\",\"reporterSyncInterval\",\"reporterSyncTimeout\",\"cucumberFeaturesWithLineNumbers\",\"autoCompileOpts\",\"mochaOpts\",\"jasmineOpts\",\"cucumberOpts\",\"onPrepare\",\"onWorkerStart\",\"onWorkerEnd\",\"before\",\"beforeSession\",\"beforeSuite\",\"beforeHook\",\"beforeTest\",\"afterTest\",\"afterHook\",\"afterSuite\",\"afterSession\",\"after\",\"onComplete\",\"beforeAssertion\",\"afterAssertion\",\"beforeFeature\",\"beforeScenario\",\"beforeStep\",\"afterStep\",\"afterScenario\",\"afterFeature\",\"_\",\"suite\",\"$0\",\"ignoredWorkerServices\",\"wdi5\"]"}]}
RESULT: {"script":"<script> [2342 bytes]","args":[{"protocol":"http","hostname":"0.0.0.0","path":"/","capabilities":{"browserName":"chrome","goog:chromeOptions":{"binary":"C:\\Program Files\\Google\\Chrome\\Application\\chrome.exe","args":["--start-maximized"]}},"logLevel":"warn","connectionRetryTimeout":120000,"connectionRetryCount":3,"logLevels":{},"enableDirectConnect":true,"strictSSL":true,"_":"65 more keys: [\"cacheDir\",\"port\",\"requestedCapabilities\",\"automationProtocol\",\"baseUrl\",\"waitforInterval\",\"waitforTimeout\",\"onReload\",\"beforeCommand\",\"afterCommand\",\"rootDir\",\"specs\",\"suites\",\"exclude\",\"groupLogsByTestSpec\",\"excludeDriverLogs\",\"bail\",\"framework\",\"reporters\",\"services\",\"maxInstances\",\"maxInstancesPerCapability\",\"injectGlobals\",\"filesToWatch\",\"execArgv\",\"runnerEnv\",\"runner\",\"shard\",\"specFileRetries\",\"specFileRetriesDelay\",\"specFileRetriesDeferred\",\"reporterSyncInterval\",\"reporterSyncTimeout\",\"cucumberFeaturesWithLineNumbers\",\"autoCompileOpts\",\"mochaOpts\",\"jasmineOpts\",\"cucumberOpts\",\"onPrepare\",\"onWorkerStart\",\"onWorkerEnd\",\"before\",\"beforeSession\",\"beforeSuite\",\"beforeHook\",\"beforeTest\",\"afterTest\",\"afterHook\",\"afterSuite\",\"afterSession\",\"after\",\"onComplete\",\"beforeAssertion\",\"afterAssertion\",\"beforeFeature\",\"beforeScenario\",\"beforeStep\",\"afterStep\",\"afterScenario\",\"afterFeature\",\"_\",\"suite\",\"$0\",\"ignoredWorkerServices\",\"wdi5\"]"}]}
COMMAND: POST /session/1f4369c590cc015c24359cd6d90be4de/execute/async - {"script":"<script> [21126 bytes]","args":[35000]}
RESULT: {"script":"<script> [21126 bytes]","args":[35000]}
COMMAND: POST /session/1f4369c590cc015c24359cd6d90be4de/window/fullscreen - {}
RESULT: {}
COMMAND: POST /session/1f4369c590cc015c24359cd6d90be4de/window/fullscreen - {}
RESULT: {}
COMMAND: POST /session/1f4369c590cc015c24359cd6d90be4de/execute/async - {"script":"<script> [1562 bytes]","args":[{"selector":{"controlType":"sap.m.GenericTile","properties":{"header":"Manage Partners"}},"wdio_ui5_key":"sapm.GenericTile{\"header\":\"Manage Partners\"}"}]}
RESULT: {"script":"<script> [1562 bytes]","args":[{"selector":{"controlType":"sap.m.GenericTile","properties":{"header":"Manage Partners"}},"wdio_ui5_key":"sapm.GenericTile{\"header\":\"Manage Partners\"}"}]}
RESULT: undefined
COMMAND: POST /session/1f4369c590cc015c24359cd6d90be4de/element - {"using":"xpath","value":"//*[@id=\"__tile30\"]"}
RESULT: {"using":"xpath","value":"//*[@id=\"__tile30\"]"}
COMMAND: POST /session/1f4369c590cc015c24359cd6d90be4de/element/f.8EC51792AE8EAD5CEC6F142478755B93.d.1610B2C2051F07A5F948BB8C422FE283.e.3090/click - {}
RESULT: {}
COMMAND: POST /session/1f4369c590cc015c24359cd6d90be4de/element - {"using":"xpath","value":"//button[@data-kt=\"addButton\"]"}
COMMAND: GET /session/1f4369c590cc015c24359cd6d90be4de/screenshot - {}
RESULT: {"using":"xpath","value":"//button[@data-kt=\"addButton\"]"}
COMMAND: POST /session/1f4369c590cc015c24359cd6d90be4de/elements - {"using":"xpath","value":"//button[@data-kt=\"addButton\"]"}
RESULT: {}
RESULT: {"using":"xpath","value":"//button[@data-kt=\"addButton\"]"}
COMMAND: POST /session/1f4369c590cc015c24359cd6d90be4de/elements - {"using":"xpath","value":"//button[@data-kt=\"addButton\"]"}
RESULT: {"using":"xpath","value":"//button[@data-kt=\"addButton\"]"}
COMMAND: POST /session/1f4369c590cc015c24359cd6d90be4de/elements - {"using":"xpath","value":"//button[@data-kt=\"addButton\"]"}
RESULT: {"using":"xpath","value":"//button[@data-kt=\"addButton\"]"}
COMMAND: POST /session/1f4369c590cc015c24359cd6d90be4de/elements - {"using":"xpath","value":"//button[@data-kt=\"addButton\"]"}
RESULT: {"using":"xpath","value":"//button[@data-kt=\"addButton\"]"}
COMMAND: POST /session/1f4369c590cc015c24359cd6d90be4de/elements - {"using":"xpath","value":"//button[@data-kt=\"addButton\"]"}
RESULT: {"using":"xpath","value":"//button[@data-kt=\"addButton\"]"}
COMMAND: POST /session/1f4369c590cc015c24359cd6d90be4de/elements - {"using":"xpath","value":"//button[@data-kt=\"addButton\"]"}
RESULT: {"using":"xpath","value":"//button[@data-kt=\"addButton\"]"}
COMMAND: POST /session/1f4369c590cc015c24359cd6d90be4de/elements - {"using":"xpath","value":"//button[@data-kt=\"addButton\"]"}
RESULT: {"using":"xpath","value":"//button[@data-kt=\"addButton\"]"}
COMMAND: POST /session/1f4369c590cc015c24359cd6d90be4de/elements - {"using":"xpath","value":"//button[@data-kt=\"addButton\"]"}
RESULT: {"using":"xpath","value":"//button[@data-kt=\"addButton\"]"}
COMMAND: POST /session/1f4369c590cc015c24359cd6d90be4de/elements - {"using":"xpath","value":"//button[@data-kt=\"addButton\"]"}
RESULT: {"using":"xpath","value":"//button[@data-kt=\"addButton\"]"}
COMMAND: POST /session/1f4369c590cc015c24359cd6d90be4de/elements - {"using":"xpath","value":"//button[@data-kt=\"addButton\"]"}
RESULT: {"using":"xpath","value":"//button[@data-kt=\"addButton\"]"}
COMMAND: POST /session/1f4369c590cc015c24359cd6d90be4de/elements - {"using":"xpath","value":"//button[@data-kt=\"addButton\"]"}
RESULT: {"using":"xpath","value":"//button[@data-kt=\"addButton\"]"}
COMMAND: POST /session/1f4369c590cc015c24359cd6d90be4de/elements - {"using":"xpath","value":"//button[@data-kt=\"addButton\"]"}
RESULT: {"using":"xpath","value":"//button[@data-kt=\"addButton\"]"}
COMMAND: POST /session/1f4369c590cc015c24359cd6d90be4de/elements - {"using":"xpath","value":"//button[@data-kt=\"addButton\"]"}
RESULT: {"using":"xpath","value":"//button[@data-kt=\"addButton\"]"}
COMMAND: POST /session/1f4369c590cc015c24359cd6d90be4de/elements - {"using":"xpath","value":"//button[@data-kt=\"addButton\"]"}
RESULT: {"using":"xpath","value":"//button[@data-kt=\"addButton\"]"}
COMMAND: POST /session/1f4369c590cc015c24359cd6d90be4de/elements - {"using":"xpath","value":"//button[@data-kt=\"addButton\"]"}
RESULT: {"using":"xpath","value":"//button[@data-kt=\"addButton\"]"}
COMMAND: POST /session/1f4369c590cc015c24359cd6d90be4de/elements - {"using":"xpath","value":"//button[@data-kt=\"addButton\"]"}
RESULT: {"using":"xpath","value":"//button[@data-kt=\"addButton\"]"}
COMMAND: POST /session/1f4369c590cc015c24359cd6d90be4de/elements - {"using":"xpath","value":"//button[@data-kt=\"addButton\"]"}
RESULT: {"using":"xpath","value":"//button[@data-kt=\"addButton\"]"}
COMMAND: POST /session/1f4369c590cc015c24359cd6d90be4de/elements - {"using":"xpath","value":"//button[@data-kt=\"addButton\"]"}
RESULT: {"using":"xpath","value":"//button[@data-kt=\"addButton\"]"}
COMMAND: POST /session/1f4369c590cc015c24359cd6d90be4de/elements - {"using":"xpath","value":"//button[@data-kt=\"addButton\"]"}
RESULT: {"using":"xpath","value":"//button[@data-kt=\"addButton\"]"}
COMMAND: POST /session/1f4369c590cc015c24359cd6d90be4de/elements - {"using":"xpath","value":"//button[@data-kt=\"addButton\"]"}
RESULT: {"using":"xpath","value":"//button[@data-kt=\"addButton\"]"}
COMMAND: POST /session/1f4369c590cc015c24359cd6d90be4de/elements - {"using":"xpath","value":"//button[@data-kt=\"addButton\"]"}
RESULT: {"using":"xpath","value":"//button[@data-kt=\"addButton\"]"}
COMMAND: POST /session/1f4369c590cc015c24359cd6d90be4de/elements - {"using":"xpath","value":"//button[@data-kt=\"addButton\"]"}
RESULT: {"using":"xpath","value":"//button[@data-kt=\"addButton\"]"}
COMMAND: POST /session/1f4369c590cc015c24359cd6d90be4de/elements - {"using":"xpath","value":"//button[@data-kt=\"addButton\"]"}
RESULT: {"using":"xpath","value":"//button[@data-kt=\"addButton\"]"}
COMMAND: POST /session/1f4369c590cc015c24359cd6d90be4de/elements - {"using":"xpath","value":"//button[@data-kt=\"addButton\"]"}
RESULT: {"using":"xpath","value":"//button[@data-kt=\"addButton\"]"}
COMMAND: POST /session/1f4369c590cc015c24359cd6d90be4de/elements - {"using":"xpath","value":"//button[@data-kt=\"addButton\"]"}
RESULT: {"using":"xpath","value":"//button[@data-kt=\"addButton\"]"}
COMMAND: POST /session/1f4369c590cc015c24359cd6d90be4de/elements - {"using":"xpath","value":"//button[@data-kt=\"addButton\"]"}
RESULT: {"using":"xpath","value":"//button[@data-kt=\"addButton\"]"}
COMMAND: POST /session/1f4369c590cc015c24359cd6d90be4de/elements - {"using":"xpath","value":"//button[@data-kt=\"addButton\"]"}
RESULT: {"using":"xpath","value":"//button[@data-kt=\"addButton\"]"}
COMMAND: POST /session/1f4369c590cc015c24359cd6d90be4de/elements - {"using":"xpath","value":"//button[@data-kt=\"addButton\"]"}
RESULT: {"using":"xpath","value":"//button[@data-kt=\"addButton\"]"}
COMMAND: POST /session/1f4369c590cc015c24359cd6d90be4de/elements - {"using":"xpath","value":"//button[@data-kt=\"addButton\"]"}
RESULT: {"using":"xpath","value":"//button[@data-kt=\"addButton\"]"}
COMMAND: POST /session/1f4369c590cc015c24359cd6d90be4de/elements - {"using":"xpath","value":"//button[@data-kt=\"addButton\"]"}
RESULT: {"using":"xpath","value":"//button[@data-kt=\"addButton\"]"}
COMMAND: POST /session/1f4369c590cc015c24359cd6d90be4de/elements - {"using":"xpath","value":"//button[@data-kt=\"addButton\"]"}
RESULT: {"using":"xpath","value":"//button[@data-kt=\"addButton\"]"}
COMMAND: POST /session/1f4369c590cc015c24359cd6d90be4de/elements - {"using":"xpath","value":"//button[@data-kt=\"addButton\"]"}
RESULT: {"using":"xpath","value":"//button[@data-kt=\"addButton\"]"}
COMMAND: POST /session/1f4369c590cc015c24359cd6d90be4de/elements - {"using":"xpath","value":"//button[@data-kt=\"addButton\"]"}
RESULT: {"using":"xpath","value":"//button[@data-kt=\"addButton\"]"}
COMMAND: POST /session/1f4369c590cc015c24359cd6d90be4de/elements - {"using":"xpath","value":"//button[@data-kt=\"addButton\"]"}
RESULT: {"using":"xpath","value":"//button[@data-kt=\"addButton\"]"}
COMMAND: POST /session/1f4369c590cc015c24359cd6d90be4de/elements - {"using":"xpath","value":"//button[@data-kt=\"addButton\"]"}
RESULT: {"using":"xpath","value":"//button[@data-kt=\"addButton\"]"}
COMMAND: POST /session/1f4369c590cc015c24359cd6d90be4de/elements - {"using":"xpath","value":"//button[@data-kt=\"addButton\"]"}
RESULT: {"using":"xpath","value":"//button[@data-kt=\"addButton\"]"}
COMMAND: POST /session/1f4369c590cc015c24359cd6d90be4de/elements - {"using":"xpath","value":"//button[@data-kt=\"addButton\"]"}
RESULT: {"using":"xpath","value":"//button[@data-kt=\"addButton\"]"}
COMMAND: POST /session/1f4369c590cc015c24359cd6d90be4de/elements - {"using":"xpath","value":"//button[@data-kt=\"addButton\"]"}
RESULT: {"using":"xpath","value":"//button[@data-kt=\"addButton\"]"}
COMMAND: POST /session/1f4369c590cc015c24359cd6d90be4de/elements - {"using":"xpath","value":"//button[@data-kt=\"addButton\"]"}
RESULT: {"using":"xpath","value":"//button[@data-kt=\"addButton\"]"}
COMMAND: POST /session/1f4369c590cc015c24359cd6d90be4de/elements - {"using":"xpath","value":"//button[@data-kt=\"addButton\"]"}
RESULT: {"using":"xpath","value":"//button[@data-kt=\"addButton\"]"}
COMMAND: POST /session/1f4369c590cc015c24359cd6d90be4de/elements - {"using":"xpath","value":"//button[@data-kt=\"addButton\"]"}
RESULT: {"using":"xpath","value":"//button[@data-kt=\"addButton\"]"}
COMMAND: POST /session/1f4369c590cc015c24359cd6d90be4de/elements - {"using":"xpath","value":"//button[@data-kt=\"addButton\"]"}
RESULT: {"using":"xpath","value":"//button[@data-kt=\"addButton\"]"}
COMMAND: POST /session/1f4369c590cc015c24359cd6d90be4de/elements - {"using":"xpath","value":"//button[@data-kt=\"addButton\"]"}
RESULT: {"using":"xpath","value":"//button[@data-kt=\"addButton\"]"}
COMMAND: POST /session/1f4369c590cc015c24359cd6d90be4de/elements - {"using":"xpath","value":"//button[@data-kt=\"addButton\"]"}
RESULT: {"using":"xpath","value":"//button[@data-kt=\"addButton\"]"}
COMMAND: POST /session/1f4369c590cc015c24359cd6d90be4de/element - {"using":"xpath","value":"//button[@data-kt=\"addButton\"]"}
RESULT: {"using":"xpath","value":"//button[@data-kt=\"addButton\"]"}
COMMAND: POST /session/1f4369c590cc015c24359cd6d90be4de/execute/sync - {"script":"<script> [8489 bytes]","args":[{"element-6066-11e4-a52e-4f735466cecf":"f.8EC51792AE8EAD5CEC6F142478755B93.d.1610B2C2051F07A5F948BB8C422FE283.e.3206","ELEMENT":"f.8EC51792AE8EAD5CEC6F142478755B93.d.1610B2C2051F07A5F948BB8C422FE283.e.3206"}]}
RESULT: {"script":"<script> [8489 bytes]","args":[{"element-6066-11e4-a52e-4f735466cecf":"f.8EC51792AE8EAD5CEC6F142478755B93.d.1610B2C2051F07A5F948BB8C422FE283.e.3206","ELEMENT":"f.8EC51792AE8EAD5CEC6F142478755B93.d.1610B2C2051F07A5F948BB8C422FE283.e.3206"}]}
COMMAND: GET /session/1f4369c590cc015c24359cd6d90be4de/element/f.8EC51792AE8EAD5CEC6F142478755B93.d.1610B2C2051F07A5F948BB8C422FE283.e.3206/enabled - {}
COMMAND: GET /session/1f4369c590cc015c24359cd6d90be4de/screenshot - {}
RESULT: {}
COMMAND: POST /session/1f4369c590cc015c24359cd6d90be4de/execute/sync - {"script":"<script> [8489 bytes]","args":[{"element-6066-11e4-a52e-4f735466cecf":"f.8EC51792AE8EAD5CEC6F142478755B93.d.1610B2C2051F07A5F948BB8C422FE283.e.3206","ELEMENT":"f.8EC51792AE8EAD5CEC6F142478755B93.d.1610B2C2051F07A5F948BB8C422FE283.e.3206"}]}
COMMAND: GET /session/1f4369c590cc015c24359cd6d90be4de/screenshot - {}
RESULT: {}
RESULT: {"script":"<script> [8489 bytes]","args":[{"element-6066-11e4-a52e-4f735466cecf":"f.8EC51792AE8EAD5CEC6F142478755B93.d.1610B2C2051F07A5F948BB8C422FE283.e.3206","ELEMENT":"f.8EC51792AE8EAD5CEC6F142478755B93.d.1610B2C2051F07A5F948BB8C422FE283.e.3206"}]}
COMMAND: POST /session/1f4369c590cc015c24359cd6d90be4de/execute/sync - {"script":"<script> [5351 bytes]","args":[{"element-6066-11e4-a52e-4f735466cecf":"f.8EC51792AE8EAD5CEC6F142478755B93.d.1610B2C2051F07A5F948BB8C422FE283.e.3206","ELEMENT":"f.8EC51792AE8EAD5CEC6F142478755B93.d.1610B2C2051F07A5F948BB8C422FE283.e.3206"}]}
COMMAND: GET /session/1f4369c590cc015c24359cd6d90be4de/screenshot - {}
RESULT: {}
RESULT: {"script":"<script> [5351 bytes]","args":[{"element-6066-11e4-a52e-4f735466cecf":"f.8EC51792AE8EAD5CEC6F142478755B93.d.1610B2C2051F07A5F948BB8C422FE283.e.3206","ELEMENT":"f.8EC51792AE8EAD5CEC6F142478755B93.d.1610B2C2051F07A5F948BB8C422FE283.e.3206"}]}
COMMAND: POST /session/1f4369c590cc015c24359cd6d90be4de/element/f.8EC51792AE8EAD5CEC6F142478755B93.d.1610B2C2051F07A5F948BB8C422FE283.e.3206/click - {}
COMMAND: GET /session/1f4369c590cc015c24359cd6d90be4de/screenshot - {}
RESULT: {}
RESULT: {}
COMMAND: GET /session/1f4369c590cc015c24359cd6d90be4de/screenshot - {}
COMMAND: POST /session/1f4369c590cc015c24359cd6d90be4de/execute/async - {"script":"<script> [1562 bytes]","args":[{"selector":{"id":"application-managepartners-display-component---NewPartner--addressDetailDetailsName1","interaction":{"idSuffix":"inner"}},"wdio_ui5_key":"applicationmanagepartners-display-component---NewPartner--addressDetailDetailsName1"}]}
RESULT: {}
RESULT: {}
RESULT: {"script":"<script> [1562 bytes]","args":[{"selector":{"id":"application-managepartners-display-component---NewPartner--addressDetailDetailsName1","interaction":{"idSuffix":"inner"}},"wdio_ui5_key":"applicationmanagepartners-display-component---NewPartner--addressDetailDetailsName1"}]}
RESULT: undefined
COMMAND: POST /session/1f4369c590cc015c24359cd6d90be4de/execute/async - {"script":"<script> [776 bytes]","args":[{"enterText":"Intercompany Partner WDIO","selector":{"id":"application-managepartners-display-component---NewPartner--addressDetailDetailsName1","interaction":{"idSuffix":"inner"}},"clearTextFirst":true,"interactionType":"ENTER_TEXT"}]}
RESULT: {"script":"<script> [776 bytes]","args":[{"enterText":"Intercompany Partner WDIO","selector":{"id":"application-managepartners-display-component---NewPartner--addressDetailDetailsName1","interaction":{"idSuffix":"inner"}},"clearTextFirst":true,"interactionType":"ENTER_TEXT"}]}
COMMAND: POST /session/1f4369c590cc015c24359cd6d90be4de/execute/async - {"script":"<script> [1562 bytes]","args":[{"selector":{"id":"application-managepartners-display-component---NewPartner--addressDetailDetailsLanguage-arrow"},"wdio_ui5_key":"applicationmanagepartners-display-component---NewPartner--addressDetailDetailsLanguage-arrow"}]}
RESULT: {"script":"<script> [1562 bytes]","args":[{"selector":{"id":"application-managepartners-display-component---NewPartner--addressDetailDetailsLanguage-arrow"},"wdio_ui5_key":"applicationmanagepartners-display-component---NewPartner--addressDetailDetailsLanguage-arrow"}]}
RESULT: undefined
COMMAND: POST /session/1f4369c590cc015c24359cd6d90be4de/element - {"using":"xpath","value":"//*[@id=\"application-managepartners-display-component---NewPartner--addressDetailDetailsLanguage-arrow\"]"}
RESULT: {"using":"xpath","value":"//*[@id=\"application-managepartners-display-component---NewPartner--addressDetailDetailsLanguage-arrow\"]"}
COMMAND: POST /session/1f4369c590cc015c24359cd6d90be4de/element/f.8EC51792AE8EAD5CEC6F142478755B93.d.1610B2C2051F07A5F948BB8C422FE283.e.3652/click - {}
RESULT: {}
COMMAND: POST /session/1f4369c590cc015c24359cd6d90be4de/element - {"using":"xpath","value":"//span[contains(text(), \"English\")]"}
COMMAND: GET /session/1f4369c590cc015c24359cd6d90be4de/screenshot - {}
RESULT: {"using":"xpath","value":"//span[contains(text(), \"English\")]"}
COMMAND: POST /session/1f4369c590cc015c24359cd6d90be4de/element/f.8EC51792AE8EAD5CEC6F142478755B93.d.1610B2C2051F07A5F948BB8C422FE283.e.3653/click - {}
RESULT: {}
RESULT: {}
COMMAND: GET /session/1f4369c590cc015c24359cd6d90be4de/screenshot - {}
RESULT: {}
COMMAND: POST /session/1f4369c590cc015c24359cd6d90be4de/execute/async - {"script":"<script> [1562 bytes]","args":[{"selector":{"id":"application-managepartners-display-component---NewPartner--addressDetailDetailsCity1","interaction":{"idSuffix":"inner"}},"wdio_ui5_key":"applicationmanagepartners-display-component---NewPartner--addressDetailDetailsCity1"}]}
RESULT: {"script":"<script> [1562 bytes]","args":[{"selector":{"id":"application-managepartners-display-component---NewPartner--addressDetailDetailsCity1","interaction":{"idSuffix":"inner"}},"wdio_ui5_key":"applicationmanagepartners-display-component---NewPartner--addressDetailDetailsCity1"}]}
RESULT: undefined
COMMAND: POST /session/1f4369c590cc015c24359cd6d90be4de/execute/async - {"script":"<script> [776 bytes]","args":[{"enterText":"Rosario","selector":{"id":"application-managepartners-display-component---NewPartner--addressDetailDetailsCity1","interaction":{"idSuffix":"inner"}},"clearTextFirst":true,"interactionType":"ENTER_TEXT"}]}
RESULT: {"script":"<script> [776 bytes]","args":[{"enterText":"Rosario","selector":{"id":"application-managepartners-display-component---NewPartner--addressDetailDetailsCity1","interaction":{"idSuffix":"inner"}},"clearTextFirst":true,"interactionType":"ENTER_TEXT"}]}
COMMAND: POST /session/1f4369c590cc015c24359cd6d90be4de/execute/async - {"script":"<script> [1562 bytes]","args":[{"selector":{"id":"application-managepartners-display-component---NewPartner--addressDetailDetailsCountry-arrow"},"wdio_ui5_key":"applicationmanagepartners-display-component---NewPartner--addressDetailDetailsCountry-arrow"}]}
RESULT: {"script":"<script> [1562 bytes]","args":[{"selector":{"id":"application-managepartners-display-component---NewPartner--addressDetailDetailsCountry-arrow"},"wdio_ui5_key":"applicationmanagepartners-display-component---NewPartner--addressDetailDetailsCountry-arrow"}]}
RESULT: undefined
COMMAND: POST /session/1f4369c590cc015c24359cd6d90be4de/element - {"using":"xpath","value":"//*[@id=\"application-managepartners-display-component---NewPartner--addressDetailDetailsCountry-arrow\"]"}
RESULT: {"using":"xpath","value":"//*[@id=\"application-managepartners-display-component---NewPartner--addressDetailDetailsCountry-arrow\"]"}
COMMAND: POST /session/1f4369c590cc015c24359cd6d90be4de/element/f.8EC51792AE8EAD5CEC6F142478755B93.d.1610B2C2051F07A5F948BB8C422FE283.e.3638/click - {}
RESULT: {}
COMMAND: POST /session/1f4369c590cc015c24359cd6d90be4de/element - {"using":"xpath","value":"//span[contains(text(), \"Argentina\")]"}
COMMAND: GET /session/1f4369c590cc015c24359cd6d90be4de/screenshot - {}
RESULT: {"using":"xpath","value":"//span[contains(text(), \"Argentina\")]"}
COMMAND: POST /session/1f4369c590cc015c24359cd6d90be4de/element/f.8EC51792AE8EAD5CEC6F142478755B93.d.1610B2C2051F07A5F948BB8C422FE283.e.3655/click - {}
RESULT: {}
RESULT: {}
COMMAND: GET /session/1f4369c590cc015c24359cd6d90be4de/screenshot - {}
RESULT: {}
COMMAND: POST /session/1f4369c590cc015c24359cd6d90be4de/element - {"using":"xpath","value":"//bdi[contains(text(), \"Commercial\")]"}
RESULT: {"using":"xpath","value":"//bdi[contains(text(), \"Commercial\")]"}
COMMAND: POST /session/1f4369c590cc015c24359cd6d90be4de/element/f.8EC51792AE8EAD5CEC6F142478755B93.d.1610B2C2051F07A5F948BB8C422FE283.e.3656/click - {}
RESULT: {}
COMMAND: GET /session/1f4369c590cc015c24359cd6d90be4de/screenshot - {}
RESULT: {}
COMMAND: POST /session/1f4369c590cc015c24359cd6d90be4de/execute/async - {"script":"<script> [1562 bytes]","args":[{"selector":{"id":"application-managepartners-display-component---NewPartner--partnerDetailInternal-arrow"},"wdio_ui5_key":"applicationmanagepartners-display-component---NewPartner--partnerDetailInternal-arrow"}]}
RESULT: {"script":"<script> [1562 bytes]","args":[{"selector":{"id":"application-managepartners-display-component---NewPartner--partnerDetailInternal-arrow"},"wdio_ui5_key":"applicationmanagepartners-display-component---NewPartner--partnerDetailInternal-arrow"}]}
RESULT: undefined
COMMAND: POST /session/1f4369c590cc015c24359cd6d90be4de/element - {"using":"xpath","value":"//*[@id=\"application-managepartners-display-component---NewPartner--partnerDetailInternal-arrow\"]"}
RESULT: {"using":"xpath","value":"//*[@id=\"application-managepartners-display-component---NewPartner--partnerDetailInternal-arrow\"]"}
COMMAND: POST /session/1f4369c590cc015c24359cd6d90be4de/element/f.8EC51792AE8EAD5CEC6F142478755B93.d.1610B2C2051F07A5F948BB8C422FE283.e.3662/click - {}
RESULT: {}
COMMAND: POST /session/1f4369c590cc015c24359cd6d90be4de/element - {"using":"xpath","value":"//span[contains(text(), \"Affiliated company\")]"}
COMMAND: GET /session/1f4369c590cc015c24359cd6d90be4de/screenshot - {}
RESULT: {"using":"xpath","value":"//span[contains(text(), \"Affiliated company\")]"}
COMMAND: POST /session/1f4369c590cc015c24359cd6d90be4de/element/f.8EC51792AE8EAD5CEC6F142478755B93.d.1610B2C2051F07A5F948BB8C422FE283.e.3663/click - {}
RESULT: {}
RESULT: {}
COMMAND: POST /session/1f4369c590cc015c24359cd6d90be4de/execute/async - {"script":"<script> [1562 bytes]","args":[{"selector":{"id":"application-managepartners-display-component---NewPartner--partnerDetailsCurrency-arrow"},"wdio_ui5_key":"applicationmanagepartners-display-component---NewPartner--partnerDetailsCurrency-arrow"}]}
COMMAND: GET /session/1f4369c590cc015c24359cd6d90be4de/screenshot - {}
RESULT: {"script":"<script> [1562 bytes]","args":[{"selector":{"id":"application-managepartners-display-component---NewPartner--partnerDetailsCurrency-arrow"},"wdio_ui5_key":"applicationmanagepartners-display-component---NewPartner--partnerDetailsCurrency-arrow"}]}
RESULT: undefined
COMMAND: POST /session/1f4369c590cc015c24359cd6d90be4de/element - {"using":"xpath","value":"//*[@id=\"application-managepartners-display-component---NewPartner--partnerDetailsCurrency-arrow\"]"}
RESULT: {}
RESULT: {"using":"xpath","value":"//*[@id=\"application-managepartners-display-component---NewPartner--partnerDetailsCurrency-arrow\"]"}
COMMAND: POST /session/1f4369c590cc015c24359cd6d90be4de/element/f.8EC51792AE8EAD5CEC6F142478755B93.d.1610B2C2051F07A5F948BB8C422FE283.e.3670/click - {}
RESULT: {}
COMMAND: POST /session/1f4369c590cc015c24359cd6d90be4de/element - {"using":"xpath","value":"//span[contains(text(), \"Euro\")]"}
COMMAND: GET /session/1f4369c590cc015c24359cd6d90be4de/screenshot - {}
RESULT: {"using":"xpath","value":"//span[contains(text(), \"Euro\")]"}
COMMAND: POST /session/1f4369c590cc015c24359cd6d90be4de/element/f.8EC51792AE8EAD5CEC6F142478755B93.d.1610B2C2051F07A5F948BB8C422FE283.e.3671/click - {}
RESULT: {}
RESULT: {}
COMMAND: POST /session/1f4369c590cc015c24359cd6d90be4de/execute/async - {"script":"<script> [1562 bytes]","args":[{"selector":{"id":"application-managepartners-display-component---NewPartner--addressEditDetailsCostObjectCstType-arrow"},"wdio_ui5_key":"applicationmanagepartners-display-component---NewPartner--addressEditDetailsCostObjectCstType-arrow"}]}
COMMAND: GET /session/1f4369c590cc015c24359cd6d90be4de/screenshot - {}
RESULT: {"script":"<script> [1562 bytes]","args":[{"selector":{"id":"application-managepartners-display-component---NewPartner--addressEditDetailsCostObjectCstType-arrow"},"wdio_ui5_key":"applicationmanagepartners-display-component---NewPartner--addressEditDetailsCostObjectCstType-arrow"}]}
RESULT: undefined
COMMAND: POST /session/1f4369c590cc015c24359cd6d90be4de/element - {"using":"xpath","value":"//*[@id=\"application-managepartners-display-component---NewPartner--addressEditDetailsCostObjectCstType-arrow\"]"}
RESULT: {}
RESULT: {"using":"xpath","value":"//*[@id=\"application-managepartners-display-component---NewPartner--addressEditDetailsCostObjectCstType-arrow\"]"}
COMMAND: POST /session/1f4369c590cc015c24359cd6d90be4de/element/f.8EC51792AE8EAD5CEC6F142478755B93.d.1610B2C2051F07A5F948BB8C422FE283.e.3672/click - {}
RESULT: {}
COMMAND: POST /session/1f4369c590cc015c24359cd6d90be4de/element - {"using":"xpath","value":"//span[contains(text(), \"Cost Center\")]"}
COMMAND: GET /session/1f4369c590cc015c24359cd6d90be4de/screenshot - {}
RESULT: {"using":"xpath","value":"//span[contains(text(), \"Cost Center\")]"}
COMMAND: POST /session/1f4369c590cc015c24359cd6d90be4de/element/f.8EC51792AE8EAD5CEC6F142478755B93.d.1610B2C2051F07A5F948BB8C422FE283.e.3673/click - {}
RESULT: {}
RESULT: {}
COMMAND: GET /session/1f4369c590cc015c24359cd6d90be4de/screenshot - {}
RESULT: {}
COMMAND: POST /session/1f4369c590cc015c24359cd6d90be4de/element - {"using":"xpath","value":"//span[@id=\"application-managepartners-display-component---NewPartner--addressNewCostObjectCstID-vhi\"]"}
RESULT: {"using":"xpath","value":"//span[@id=\"application-managepartners-display-component---NewPartner--addressNewCostObjectCstID-vhi\"]"}
COMMAND: POST /session/1f4369c590cc015c24359cd6d90be4de/execute/sync - {"script":"<script> [8489 bytes]","args":[{"element-6066-11e4-a52e-4f735466cecf":"f.8EC51792AE8EAD5CEC6F142478755B93.d.1610B2C2051F07A5F948BB8C422FE283.e.3676","ELEMENT":"f.8EC51792AE8EAD5CEC6F142478755B93.d.1610B2C2051F07A5F948BB8C422FE283.e.3676"}]}
RESULT: {"script":"<script> [8489 bytes]","args":[{"element-6066-11e4-a52e-4f735466cecf":"f.8EC51792AE8EAD5CEC6F142478755B93.d.1610B2C2051F07A5F948BB8C422FE283.e.3676","ELEMENT":"f.8EC51792AE8EAD5CEC6F142478755B93.d.1610B2C2051F07A5F948BB8C422FE283.e.3676"}]}
COMMAND: POST /session/1f4369c590cc015c24359cd6d90be4de/execute/async - {"script":"<script> [1562 bytes]","args":[{"selector":{"id":"application-managepartners-display-component---NewPartner--addressNewCostObjectCstID-vhi"},"wdio_ui5_key":"applicationmanagepartners-display-component---NewPartner--addressNewCostObjectCstID-vhi"}]}
COMMAND: GET /session/1f4369c590cc015c24359cd6d90be4de/screenshot - {}
RESULT: {"script":"<script> [1562 bytes]","args":[{"selector":{"id":"application-managepartners-display-component---NewPartner--addressNewCostObjectCstID-vhi"},"wdio_ui5_key":"applicationmanagepartners-display-component---NewPartner--addressNewCostObjectCstID-vhi"}]}
RESULT: undefined
COMMAND: POST /session/1f4369c590cc015c24359cd6d90be4de/element - {"using":"xpath","value":"//*[@id=\"application-managepartners-display-component---NewPartner--addressNewCostObjectCstID-vhi\"]"}
RESULT: {}
RESULT: {"using":"xpath","value":"//*[@id=\"application-managepartners-display-component---NewPartner--addressNewCostObjectCstID-vhi\"]"}
COMMAND: POST /session/1f4369c590cc015c24359cd6d90be4de/element/f.8EC51792AE8EAD5CEC6F142478755B93.d.1610B2C2051F07A5F948BB8C422FE283.e.3676/click - {}
RESULT: {}
COMMAND: GET /session/1f4369c590cc015c24359cd6d90be4de/screenshot - {}
RESULT: {}
COMMAND: POST /session/1f4369c590cc015c24359cd6d90be4de/execute/async - {"script":"<script> [1562 bytes]","args":[{"selector":{"controlType":"sap.m.SearchField","properties":{"placeholder":"Search"},"searchOpenDialogs":true,"interaction":{"idSuffix":"I"}},"wdio_ui5_key":"sapm.SearchField{\"placeholder\":\"Search\"}"}]}
RESULT: {"script":"<script> [1562 bytes]","args":[{"selector":{"controlType":"sap.m.SearchField","properties":{"placeholder":"Search"},"searchOpenDialogs":true,"interaction":{"idSuffix":"I"}},"wdio_ui5_key":"sapm.SearchField{\"placeholder\":\"Search\"}"}]}
RESULT: undefined
COMMAND: POST /session/1f4369c590cc015c24359cd6d90be4de/execute/async - {"script":"<script> [776 bytes]","args":[{"enterText":"10001013","selector":{"controlType":"sap.m.SearchField","properties":{"placeholder":"Search"},"searchOpenDialogs":true,"interaction":{"idSuffix":"I"}},"clearTextFirst":true,"interactionType":"ENTER_TEXT"}]}
RESULT: {"script":"<script> [776 bytes]","args":[{"enterText":"10001013","selector":{"controlType":"sap.m.SearchField","properties":{"placeholder":"Search"},"searchOpenDialogs":true,"interaction":{"idSuffix":"I"}},"clearTextFirst":true,"interactionType":"ENTER_TEXT"}]}
COMMAND: POST /session/1f4369c590cc015c24359cd6d90be4de/actions - {"actions":[{"id":"action7","type":"key","parameters":{},"actions":[{"type":"keyDown","value":""},{"type":"pause","duration":10},{"type":"keyUp","value":""}]}]}
RESULT: {"actions":[{"id":"action7","type":"key","parameters":{},"actions":[{"type":"keyDown","value":""},{"type":"pause","duration":10},{"type":"keyUp","value":""}]}]}
COMMAND: GET /session/1f4369c590cc015c24359cd6d90be4de/screenshot - {}
RESULT: {}
COMMAND: POST /session/1f4369c590cc015c24359cd6d90be4de/element - {"using":"xpath","value":"//span[contains(text(), \"General Management\")]"}
RESULT: {"using":"xpath","value":"//span[contains(text(), \"General Management\")]"}
COMMAND: POST /session/1f4369c590cc015c24359cd6d90be4de/element/f.8EC51792AE8EAD5CEC6F142478755B93.d.1610B2C2051F07A5F948BB8C422FE283.e.3718/click - {}
RESULT: {}
COMMAND: GET /session/1f4369c590cc015c24359cd6d90be4de/screenshot - {}
RESULT: {}
COMMAND: POST /session/1f4369c590cc015c24359cd6d90be4de/element - {"using":"xpath","value":"//bdi[contains(text(), \"OK\")]"}
RESULT: {"using":"xpath","value":"//bdi[contains(text(), \"OK\")]"}
COMMAND: POST /session/1f4369c590cc015c24359cd6d90be4de/element/f.8EC51792AE8EAD5CEC6F142478755B93.d.1610B2C2051F07A5F948BB8C422FE283.e.3719/click - {}
RESULT: {}
COMMAND: GET /session/1f4369c590cc015c24359cd6d90be4de/screenshot - {}
RESULT: {}
COMMAND: POST /session/1f4369c590cc015c24359cd6d90be4de/element - {"using":"xpath","value":"//input[@id=\"application-managepartners-display-component---NewPartner--companyCodeComboBox-inner\"]"}
RESULT: {"using":"xpath","value":"//input[@id=\"application-managepartners-display-component---NewPartner--companyCodeComboBox-inner\"]"}
COMMAND: POST /session/1f4369c590cc015c24359cd6d90be4de/element/f.8EC51792AE8EAD5CEC6F142478755B93.d.1610B2C2051F07A5F948BB8C422FE283.e.3518/clear - {}
RESULT: {}
COMMAND: POST /session/1f4369c590cc015c24359cd6d90be4de/element/f.8EC51792AE8EAD5CEC6F142478755B93.d.1610B2C2051F07A5F948BB8C422FE283.e.3518/value - {"text":"C002"}
COMMAND: GET /session/1f4369c590cc015c24359cd6d90be4de/screenshot - {}
RESULT: {}
RESULT: {"text":"C002"}
COMMAND: GET /session/1f4369c590cc015c24359cd6d90be4de/screenshot - {}
RESULT: {}
COMMAND: POST /session/1f4369c590cc015c24359cd6d90be4de/element - {"using":"xpath","value":"//span[contains(text(), \"C002\")]"}
RESULT: {"using":"xpath","value":"//span[contains(text(), \"C002\")]"}
COMMAND: POST /session/1f4369c590cc015c24359cd6d90be4de/element/f.8EC51792AE8EAD5CEC6F142478755B93.d.1610B2C2051F07A5F948BB8C422FE283.e.3725/click - {}
RESULT: {}
COMMAND: GET /session/1f4369c590cc015c24359cd6d90be4de/screenshot - {}
RESULT: {}
COMMAND: POST /session/1f4369c590cc015c24359cd6d90be4de/execute/async - {"script":"<script> [1562 bytes]","args":[{"selector":{"id":"application-managepartners-display-component---NewPartner--btnAddTableRow-img"},"wdio_ui5_key":"applicationmanagepartners-display-component---NewPartner--btnAddTableRow-img"}]}
RESULT: {"script":"<script> [1562 bytes]","args":[{"selector":{"id":"application-managepartners-display-component---NewPartner--btnAddTableRow-img"},"wdio_ui5_key":"applicationmanagepartners-display-component---NewPartner--btnAddTableRow-img"}]}
RESULT: undefined
COMMAND: POST /session/1f4369c590cc015c24359cd6d90be4de/element - {"using":"xpath","value":"//*[@id=\"application-managepartners-display-component---NewPartner--btnAddTableRow-img\"]"}
RESULT: {"using":"xpath","value":"//*[@id=\"application-managepartners-display-component---NewPartner--btnAddTableRow-img\"]"}
COMMAND: POST /session/1f4369c590cc015c24359cd6d90be4de/element/f.8EC51792AE8EAD5CEC6F142478755B93.d.1610B2C2051F07A5F948BB8C422FE283.e.3726/click - {}
RESULT: {}
COMMAND: GET /session/1f4369c590cc015c24359cd6d90be4de/screenshot - {}
RESULT: {}
COMMAND: POST /session/1f4369c590cc015c24359cd6d90be4de/element - {"using":"xpath","value":"//input[@id=\"application-managepartners-display-component---NewPartner--assignmentYard-application-managepartners-display-component---NewPartner--assignmentsTable-0-inner\"]"}
RESULT: {"using":"xpath","value":"//input[@id=\"application-managepartners-display-component---NewPartner--assignmentYard-application-managepartners-display-component---NewPartner--assignmentsTable-0-inner\"]"}
COMMAND: POST /session/1f4369c590cc015c24359cd6d90be4de/element/f.8EC51792AE8EAD5CEC6F142478755B93.d.1610B2C2051F07A5F948BB8C422FE283.e.3729/clear - {}
RESULT: {}
COMMAND: POST /session/1f4369c590cc015c24359cd6d90be4de/element/f.8EC51792AE8EAD5CEC6F142478755B93.d.1610B2C2051F07A5F948BB8C422FE283.e.3729/value - {"text":"743"}
COMMAND: GET /session/1f4369c590cc015c24359cd6d90be4de/screenshot - {}
RESULT: {"text":"743"}
COMMAND: GET /session/1f4369c590cc015c24359cd6d90be4de/screenshot - {}
RESULT: {}
RESULT: {}
COMMAND: POST /session/1f4369c590cc015c24359cd6d90be4de/element - {"using":"xpath","value":"//li[.//span[text()='743']]"}
RESULT: {"using":"xpath","value":"//li[.//span[text()='743']]"}
COMMAND: POST /session/1f4369c590cc015c24359cd6d90be4de/element/f.8EC51792AE8EAD5CEC6F142478755B93.d.1610B2C2051F07A5F948BB8C422FE283.e.3738/click - {}
RESULT: {}
COMMAND: GET /session/1f4369c590cc015c24359cd6d90be4de/screenshot - {}
RESULT: {}
COMMAND: POST /session/1f4369c590cc015c24359cd6d90be4de/actions - {"actions":[{"id":"action8","type":"key","parameters":{},"actions":[{"type":"keyDown","value":""},{"type":"pause","duration":10},{"type":"keyUp","value":""}]}]}
RESULT: {"actions":[{"id":"action8","type":"key","parameters":{},"actions":[{"type":"keyDown","value":""},{"type":"pause","duration":10},{"type":"keyUp","value":""}]}]}
COMMAND: POST /session/1f4369c590cc015c24359cd6d90be4de/execute/async - {"script":"<script> [1562 bytes]","args":[{"selector":{"id":"application-managepartners-display-component---NewPartner--externalCustomerComboBox-application-managepartners-display-component---NewPartner--assignmentsTable-0-vhi"},"wdio_ui5_key":"applicationmanagepartners-display-component---NewPartner--externalCustomerComboBox-application-managepartners-display-component---NewPartner--assignmentsTable-0-vhi"}]}
COMMAND: GET /session/1f4369c590cc015c24359cd6d90be4de/screenshot - {}
RESULT: {"script":"<script> [1562 bytes]","args":[{"selector":{"id":"application-managepartners-display-component---NewPartner--externalCustomerComboBox-application-managepartners-display-component---NewPartner--assignmentsTable-0-vhi"},"wdio_ui5_key":"applicationmanagepartners-display-component---NewPartner--externalCustomerComboBox-application-managepartners-display-component---NewPartner--assignmentsTable-0-vhi"}]}
RESULT: undefined
COMMAND: POST /session/1f4369c590cc015c24359cd6d90be4de/element - {"using":"xpath","value":"//*[@id=\"application-managepartners-display-component---NewPartner--externalCustomerComboBox-application-managepartners-display-component---NewPartner--assignmentsTable-0-vhi\"]"}
RESULT: {}
RESULT: {"using":"xpath","value":"//*[@id=\"application-managepartners-display-component---NewPartner--externalCustomerComboBox-application-managepartners-display-component---NewPartner--assignmentsTable-0-vhi\"]"}
COMMAND: POST /session/1f4369c590cc015c24359cd6d90be4de/element/f.8EC51792AE8EAD5CEC6F142478755B93.d.1610B2C2051F07A5F948BB8C422FE283.e.3742/click - {}
RESULT: {}
RESULT: undefined
COMMAND: POST /session/1f4369c590cc015c24359cd6d90be4de/execute/async - {"script":"<script> [776 bytes]","args":[{"enterText":"300003","selector":{"controlType":"sap.m.SearchField","properties":{"placeholder":"Search"},"searchOpenDialogs":true,"interaction":{"idSuffix":"I"}},"clearTextFirst":true,"interactionType":"ENTER_TEXT"}]}
COMMAND: GET /session/1f4369c590cc015c24359cd6d90be4de/screenshot - {}
RESULT: {"script":"<script> [776 bytes]","args":[{"enterText":"300003","selector":{"controlType":"sap.m.SearchField","properties":{"placeholder":"Search"},"searchOpenDialogs":true,"interaction":{"idSuffix":"I"}},"clearTextFirst":true,"interactionType":"ENTER_TEXT"}]}
COMMAND: POST /session/1f4369c590cc015c24359cd6d90be4de/actions - {"actions":[{"id":"action9","type":"key","parameters":{},"actions":[{"type":"keyDown","value":""},{"type":"pause","duration":10},{"type":"keyUp","value":""}]}]}
RESULT: {}
RESULT: {"actions":[{"id":"action9","type":"key","parameters":{},"actions":[{"type":"keyDown","value":""},{"type":"pause","duration":10},{"type":"keyUp","value":""}]}]}
COMMAND: GET /session/1f4369c590cc015c24359cd6d90be4de/screenshot - {}
RESULT: {}
COMMAND: POST /session/1f4369c590cc015c24359cd6d90be4de/element - {"using":"xpath","value":"//span[contains(text(), \"300003\")]"}
RESULT: {"using":"xpath","value":"//span[contains(text(), \"300003\")]"}
COMMAND: POST /session/1f4369c590cc015c24359cd6d90be4de/element/f.8EC51792AE8EAD5CEC6F142478755B93.d.1610B2C2051F07A5F948BB8C422FE283.e.3760/click - {}
RESULT: {}
COMMAND: GET /session/1f4369c590cc015c24359cd6d90be4de/screenshot - {}
RESULT: {}
COMMAND: POST /session/1f4369c590cc015c24359cd6d90be4de/element - {"using":"xpath","value":"//bdi[contains(text(), \"OK\")]"}
RESULT: {"using":"xpath","value":"//bdi[contains(text(), \"OK\")]"}
COMMAND: POST /session/1f4369c590cc015c24359cd6d90be4de/element/f.8EC51792AE8EAD5CEC6F142478755B93.d.1610B2C2051F07A5F948BB8C422FE283.e.3762/click - {}
RESULT: {}
COMMAND: GET /session/1f4369c590cc015c24359cd6d90be4de/screenshot - {}
RESULT: {}
COMMAND: POST /session/1f4369c590cc015c24359cd6d90be4de/execute/async - {"script":"<script> [1562 bytes]","args":[{"selector":{"id":"application-managepartners-display-component---NewPartner--intercompVendorComboBox-application-managepartners-display-component---NewPartner--assignmentsTable-0-vhi"},"wdio_ui5_key":"applicationmanagepartners-display-component---NewPartner--intercompVendorComboBox-application-managepartners-display-component---NewPartner--assignmentsTable-0-vhi"}]}
RESULT: {"script":"<script> [1562 bytes]","args":[{"selector":{"id":"application-managepartners-display-component---NewPartner--intercompVendorComboBox-application-managepartners-display-component---NewPartner--assignmentsTable-0-vhi"},"wdio_ui5_key":"applicationmanagepartners-display-component---NewPartner--intercompVendorComboBox-application-managepartners-display-component---NewPartner--assignmentsTable-0-vhi"}]}
RESULT: undefined
COMMAND: POST /session/1f4369c590cc015c24359cd6d90be4de/element - {"using":"xpath","value":"//*[@id=\"application-managepartners-display-component---NewPartner--intercompVendorComboBox-application-managepartners-display-component---NewPartner--assignmentsTable-0-vhi\"]"}
RESULT: {"using":"xpath","value":"//*[@id=\"application-managepartners-display-component---NewPartner--intercompVendorComboBox-application-managepartners-display-component---NewPartner--assignmentsTable-0-vhi\"]"}
COMMAND: POST /session/1f4369c590cc015c24359cd6d90be4de/element/f.8EC51792AE8EAD5CEC6F142478755B93.d.1610B2C2051F07A5F948BB8C422FE283.e.3765/click - {}
RESULT: {}
RESULT: undefined
COMMAND: POST /session/1f4369c590cc015c24359cd6d90be4de/execute/async - {"script":"<script> [776 bytes]","args":[{"enterText":"100005","selector":{"controlType":"sap.m.SearchField","properties":{"placeholder":"Search"},"searchOpenDialogs":true,"interaction":{"idSuffix":"I"}},"clearTextFirst":true,"interactionType":"ENTER_TEXT"}]}
COMMAND: GET /session/1f4369c590cc015c24359cd6d90be4de/screenshot - {}
RESULT: {"script":"<script> [776 bytes]","args":[{"enterText":"100005","selector":{"controlType":"sap.m.SearchField","properties":{"placeholder":"Search"},"searchOpenDialogs":true,"interaction":{"idSuffix":"I"}},"clearTextFirst":true,"interactionType":"ENTER_TEXT"}]}
COMMAND: POST /session/1f4369c590cc015c24359cd6d90be4de/actions - {"actions":[{"id":"action10","type":"key","parameters":{},"actions":[{"type":"keyDown","value":""},{"type":"pause","duration":10},{"type":"keyUp","value":""}]}]}
RESULT: {}
RESULT: {"actions":[{"id":"action10","type":"key","parameters":{},"actions":[{"type":"keyDown","value":""},{"type":"pause","duration":10},{"type":"keyUp","value":""}]}]}
COMMAND: GET /session/1f4369c590cc015c24359cd6d90be4de/screenshot - {}
RESULT: {}
COMMAND: POST /session/1f4369c590cc015c24359cd6d90be4de/element - {"using":"xpath","value":"//span[contains(text(), \"Penguins - Field/12345 Berlin\")]"}
RESULT: {"using":"xpath","value":"//span[contains(text(), \"Penguins - Field/12345 Berlin\")]"}
COMMAND: POST /session/1f4369c590cc015c24359cd6d90be4de/element/f.8EC51792AE8EAD5CEC6F142478755B93.d.1610B2C2051F07A5F948BB8C422FE283.e.3784/click - {}
RESULT: {}
COMMAND: GET /session/1f4369c590cc015c24359cd6d90be4de/screenshot - {}
RESULT: {}
COMMAND: POST /session/1f4369c590cc015c24359cd6d90be4de/element - {"using":"xpath","value":"//bdi[contains(text(), \"OK\")]"}
RESULT: {"using":"xpath","value":"//bdi[contains(text(), \"OK\")]"}
COMMAND: POST /session/1f4369c590cc015c24359cd6d90be4de/element/f.8EC51792AE8EAD5CEC6F142478755B93.d.1610B2C2051F07A5F948BB8C422FE283.e.3785/click - {}
RESULT: {}
COMMAND: GET /session/1f4369c590cc015c24359cd6d90be4de/screenshot - {}
RESULT: {}
COMMAND: POST /session/1f4369c590cc015c24359cd6d90be4de/element - {"using":"xpath","value":"//button[@data-kt=\"saveButton\"]"}
RESULT: {"using":"xpath","value":"//button[@data-kt=\"saveButton\"]"}
COMMAND: POST /session/1f4369c590cc015c24359cd6d90be4de/element/f.8EC51792AE8EAD5CEC6F142478755B93.d.1610B2C2051F07A5F948BB8C422FE283.e.3634/click - {}
RESULT: {}
COMMAND: GET /session/1f4369c590cc015c24359cd6d90be4de/screenshot - {}
RESULT: {}
COMMAND: POST /session/1f4369c590cc015c24359cd6d90be4de/element - {"using":"xpath","value":"//header[contains(@id, 'ObjectPageLayout-headerTitle')]/div[1]/div[2]/div[2]/span[1]"}
RESULT: {"using":"xpath","value":"//header[contains(@id, 'ObjectPageLayout-headerTitle')]/div[1]/div[2]/div[2]/span[1]"}
COMMAND: POST /session/1f4369c590cc015c24359cd6d90be4de/elements - {"using":"xpath","value":"//header[contains(@id, 'ObjectPageLayout-headerTitle')]/div[1]/div[2]/div[2]/span[1]"}
RESULT: {"using":"xpath","value":"//header[contains(@id, 'ObjectPageLayout-headerTitle')]/div[1]/div[2]/div[2]/span[1]"}
COMMAND: POST /session/1f4369c590cc015c24359cd6d90be4de/execute/sync - {"script":"<script> [56 bytes]","args":[{"element-6066-11e4-a52e-4f735466cecf":"f.8EC51792AE8EAD5CEC6F142478755B93.d.1610B2C2051F07A5F948BB8C422FE283.e.3950","ELEMENT":"f.8EC51792AE8EAD5CEC6F142478755B93.d.1610B2C2051F07A5F948BB8C422FE283.e.3950"}]}
RESULT: {"script":"<script> [56 bytes]","args":[{"element-6066-11e4-a52e-4f735466cecf":"f.8EC51792AE8EAD5CEC6F142478755B93.d.1610B2C2051F07A5F948BB8C422FE283.e.3950","ELEMENT":"f.8EC51792AE8EAD5CEC6F142478755B93.d.1610B2C2051F07A5F948BB8C422FE283.e.3950"}]}
COMMAND: POST /session/1f4369c590cc015c24359cd6d90be4de/element - {"using":"css selector","value":"#shell-header-logo"}
COMMAND: GET /session/1f4369c590cc015c24359cd6d90be4de/screenshot - {}
RESULT: {"using":"css selector","value":"#shell-header-logo"}
COMMAND: POST /session/1f4369c590cc015c24359cd6d90be4de/element/f.8EC51792AE8EAD5CEC6F142478755B93.d.1610B2C2051F07A5F948BB8C422FE283.e.3170/click - {}
RESULT: {}
RESULT: {}
COMMAND: GET /session/1f4369c590cc015c24359cd6d90be4de/screenshot - {}
RESULT: {}
COMMAND: POST /session/1f4369c590cc015c24359cd6d90be4de/execute/sync - {"script":"<script> [299 bytes]","args":[["getModel","getResource"]]}
RESULT: {"script":"<script> [299 bytes]","args":[["getModel","getResource"]]}
RESULT: undefined
COMMAND: POST /session/1f4369c590cc015c24359cd6d90be4de/element - {"using":"xpath","value":"//*[@id=\"__tile30\"]"}
COMMAND: GET /session/1f4369c590cc015c24359cd6d90be4de/screenshot - {}
RESULT: {"using":"xpath","value":"//*[@id=\"__tile30\"]"}
COMMAND: POST /session/1f4369c590cc015c24359cd6d90be4de/element/f.8EC51792AE8EAD5CEC6F142478755B93.d.1610B2C2051F07A5F948BB8C422FE283.e.3090/click - {}
RESULT: {}
RESULT: {}
COMMAND: POST /session/1f4369c590cc015c24359cd6d90be4de/element - {"using":"xpath","value":"//button[@data-kt=\"addButton\"]"}
COMMAND: GET /session/1f4369c590cc015c24359cd6d90be4de/screenshot - {}
RESULT: {"using":"xpath","value":"//button[@data-kt=\"addButton\"]"}
COMMAND: POST /session/1f4369c590cc015c24359cd6d90be4de/elements - {"using":"xpath","value":"//button[@data-kt=\"addButton\"]"}
RESULT: {}
RESULT: {"using":"xpath","value":"//button[@data-kt=\"addButton\"]"}
COMMAND: POST /session/1f4369c590cc015c24359cd6d90be4de/elements - {"using":"xpath","value":"//button[@data-kt=\"addButton\"]"}
RESULT: {"using":"xpath","value":"//button[@data-kt=\"addButton\"]"}
COMMAND: POST /session/1f4369c590cc015c24359cd6d90be4de/element - {"using":"xpath","value":"//button[@data-kt=\"addButton\"]"}
RESULT: {"using":"xpath","value":"//button[@data-kt=\"addButton\"]"}
COMMAND: POST /session/1f4369c590cc015c24359cd6d90be4de/execute/sync - {"script":"<script> [8489 bytes]","args":[{"element-6066-11e4-a52e-4f735466cecf":"f.8EC51792AE8EAD5CEC6F142478755B93.d.1610B2C2051F07A5F948BB8C422FE283.e.3987","ELEMENT":"f.8EC51792AE8EAD5CEC6F142478755B93.d.1610B2C2051F07A5F948BB8C422FE283.e.3987"}]}
RESULT: {"script":"<script> [8489 bytes]","args":[{"element-6066-11e4-a52e-4f735466cecf":"f.8EC51792AE8EAD5CEC6F142478755B93.d.1610B2C2051F07A5F948BB8C422FE283.e.3987","ELEMENT":"f.8EC51792AE8EAD5CEC6F142478755B93.d.1610B2C2051F07A5F948BB8C422FE283.e.3987"}]}
COMMAND: GET /session/1f4369c590cc015c24359cd6d90be4de/element/f.8EC51792AE8EAD5CEC6F142478755B93.d.1610B2C2051F07A5F948BB8C422FE283.e.3987/enabled - {}
COMMAND: GET /session/1f4369c590cc015c24359cd6d90be4de/screenshot - {}
RESULT: {}
COMMAND: POST /session/1f4369c590cc015c24359cd6d90be4de/execute/sync - {"script":"<script> [8489 bytes]","args":[{"element-6066-11e4-a52e-4f735466cecf":"f.8EC51792AE8EAD5CEC6F142478755B93.d.1610B2C2051F07A5F948BB8C422FE283.e.3987","ELEMENT":"f.8EC51792AE8EAD5CEC6F142478755B93.d.1610B2C2051F07A5F948BB8C422FE283.e.3987"}]}
COMMAND: GET /session/1f4369c590cc015c24359cd6d90be4de/screenshot - {}
RESULT: {}
RESULT: {"script":"<script> [8489 bytes]","args":[{"element-6066-11e4-a52e-4f735466cecf":"f.8EC51792AE8EAD5CEC6F142478755B93.d.1610B2C2051F07A5F948BB8C422FE283.e.3987","ELEMENT":"f.8EC51792AE8EAD5CEC6F142478755B93.d.1610B2C2051F07A5F948BB8C422FE283.e.3987"}]}
COMMAND: POST /session/1f4369c590cc015c24359cd6d90be4de/execute/sync - {"script":"<script> [5351 bytes]","args":[{"element-6066-11e4-a52e-4f735466cecf":"f.8EC51792AE8EAD5CEC6F142478755B93.d.1610B2C2051F07A5F948BB8C422FE283.e.3987","ELEMENT":"f.8EC51792AE8EAD5CEC6F142478755B93.d.1610B2C2051F07A5F948BB8C422FE283.e.3987"}]}
COMMAND: GET /session/1f4369c590cc015c24359cd6d90be4de/screenshot - {}
RESULT: {}
RESULT: {"script":"<script> [5351 bytes]","args":[{"element-6066-11e4-a52e-4f735466cecf":"f.8EC51792AE8EAD5CEC6F142478755B93.d.1610B2C2051F07A5F948BB8C422FE283.e.3987","ELEMENT":"f.8EC51792AE8EAD5CEC6F142478755B93.d.1610B2C2051F07A5F948BB8C422FE283.e.3987"}]}
COMMAND: GET /session/1f4369c590cc015c24359cd6d90be4de/screenshot - {}
RESULT: {}
RESULT: {}
COMMAND: POST /session/1f4369c590cc015c24359cd6d90be4de/execute/async - {"script":"<script> [1562 bytes]","args":[{"selector":{"id":"application-managepartners-display-component---masterPtm--smartFilterBar-btnBasicSearch","interaction":{"idSuffix":"I"}},"wdio_ui5_key":"applicationmanagepartners-display-component---masterPtm--smartFilterBar-btnBasicSearch"}]}
RESULT: {"script":"<script> [1562 bytes]","args":[{"selector":{"id":"application-managepartners-display-component---masterPtm--smartFilterBar-btnBasicSearch","interaction":{"idSuffix":"I"}},"wdio_ui5_key":"applicationmanagepartners-display-component---masterPtm--smartFilterBar-btnBasicSearch"}]}
RESULT: undefined
COMMAND: POST /session/1f4369c590cc015c24359cd6d90be4de/execute/async - {"script":"<script> [776 bytes]","args":[{"enterText":"1595","selector":{"id":"application-managepartners-display-component---masterPtm--smartFilterBar-btnBasicSearch","interaction":{"idSuffix":"I"}},"clearTextFirst":true,"interactionType":"ENTER_TEXT"}]}
RESULT: {"script":"<script> [776 bytes]","args":[{"enterText":"1595","selector":{"id":"application-managepartners-display-component---masterPtm--smartFilterBar-btnBasicSearch","interaction":{"idSuffix":"I"}},"clearTextFirst":true,"interactionType":"ENTER_TEXT"}]}
COMMAND: POST /session/1f4369c590cc015c24359cd6d90be4de/actions - {"actions":[{"id":"action11","type":"key","parameters":{},"actions":[{"type":"keyDown","value":""},{"type":"pause","duration":10},{"type":"keyUp","value":""}]}]}
RESULT: {"actions":[{"id":"action11","type":"key","parameters":{},"actions":[{"type":"keyDown","value":""},{"type":"pause","duration":10},{"type":"keyUp","value":""}]}]}
COMMAND: GET /session/1f4369c590cc015c24359cd6d90be4de/screenshot - {}
RESULT: {}
COMMAND: POST /session/1f4369c590cc015c24359cd6d90be4de/elements - {"using":"xpath","value":"//table[contains(@id, \"customPartnersTable-listUl\")]/tbody/tr"}
RESULT: {"using":"xpath","value":"//table[contains(@id, \"customPartnersTable-listUl\")]/tbody/tr"}
COMMAND: POST /session/1f4369c590cc015c24359cd6d90be4de/element - {"using":"xpath","value":"//table[contains(@id, \"customPartnersTable-listUl\")]/tbody/tr[1]/td[3]/span"}
RESULT: {"using":"xpath","value":"//table[contains(@id, \"customPartnersTable-listUl\")]/tbody/tr[1]/td[3]/span"}
COMMAND: POST /session/1f4369c590cc015c24359cd6d90be4de/elements - {"using":"xpath","value":"//table[contains(@id, \"customPartnersTable-listUl\")]/tbody/tr[1]/td[3]/span"}
RESULT: {"using":"xpath","value":"//table[contains(@id, \"customPartnersTable-listUl\")]/tbody/tr[1]/td[3]/span"}
COMMAND: POST /session/1f4369c590cc015c24359cd6d90be4de/execute/sync - {"script":"<script> [56 bytes]","args":[{"element-6066-11e4-a52e-4f735466cecf":"f.8EC51792AE8EAD5CEC6F142478755B93.d.1610B2C2051F07A5F948BB8C422FE283.e.4132","ELEMENT":"f.8EC51792AE8EAD5CEC6F142478755B93.d.1610B2C2051F07A5F948BB8C422FE283.e.4132"}]}
RESULT: {"script":"<script> [56 bytes]","args":[{"element-6066-11e4-a52e-4f735466cecf":"f.8EC51792AE8EAD5CEC6F142478755B93.d.1610B2C2051F07A5F948BB8C422FE283.e.4132","ELEMENT":"f.8EC51792AE8EAD5CEC6F142478755B93.d.1610B2C2051F07A5F948BB8C422FE283.e.4132"}]}
COMMAND: POST /session/1f4369c590cc015c24359cd6d90be4de/element - {"using":"xpath","value":"(//span[contains(@id, \"imgNav\")])[1]"}
COMMAND: GET /session/1f4369c590cc015c24359cd6d90be4de/screenshot - {}
RESULT: {"using":"xpath","value":"(//span[contains(@id, \"imgNav\")])[1]"}
COMMAND: POST /session/1f4369c590cc015c24359cd6d90be4de/element/f.8EC51792AE8EAD5CEC6F142478755B93.d.1610B2C2051F07A5F948BB8C422FE283.e.4130/click - {}
RESULT: {}
RESULT: {}
COMMAND: GET /session/1f4369c590cc015c24359cd6d90be4de/screenshot - {}
RESULT: {}
COMMAND: POST /session/1f4369c590cc015c24359cd6d90be4de/element - {"using":"xpath","value":"//bdi[contains(text(), \"Edit\")]"}
RESULT: {"using":"xpath","value":"//bdi[contains(text(), \"Edit\")]"}
COMMAND: POST /session/1f4369c590cc015c24359cd6d90be4de/element/f.8EC51792AE8EAD5CEC6F142478755B93.d.1610B2C2051F07A5F948BB8C422FE283.e.4273/click - {}
RESULT: {}
COMMAND: GET /session/1f4369c590cc015c24359cd6d90be4de/screenshot - {}
RESULT: {}
COMMAND: POST /session/1f4369c590cc015c24359cd6d90be4de/execute/async - {"script":"<script> [1562 bytes]","args":[{"selector":{"controlType":"sap.m.Input","viewName":"etm.portal.ui.managepartners.view.EditDetail","labelFor":{"text":"Name"},"interaction":{"idSuffix":"inner"}},"wdio_ui5_key":"etmportal.ui.managepartners.view.EditDetailsap.m.Input{\"text\":\"Name\"}"}]}
RESULT: {"script":"<script> [1562 bytes]","args":[{"selector":{"controlType":"sap.m.Input","viewName":"etm.portal.ui.managepartners.view.EditDetail","labelFor":{"text":"Name"},"interaction":{"idSuffix":"inner"}},"wdio_ui5_key":"etmportal.ui.managepartners.view.EditDetailsap.m.Input{\"text\":\"Name\"}"}]}
RESULT: undefined
COMMAND: POST /session/1f4369c590cc015c24359cd6d90be4de/execute/async - {"script":"<script> [776 bytes]","args":[{"enterText":"Intercompany EDIT","selector":{"controlType":"sap.m.Input","viewName":"etm.portal.ui.managepartners.view.EditDetail","labelFor":{"text":"Name"},"interaction":{"idSuffix":"inner"}},"clearTextFirst":true,"interactionType":"ENTER_TEXT"}]}
RESULT: {"script":"<script> [776 bytes]","args":[{"enterText":"Intercompany EDIT","selector":{"controlType":"sap.m.Input","viewName":"etm.portal.ui.managepartners.view.EditDetail","labelFor":{"text":"Name"},"interaction":{"idSuffix":"inner"}},"clearTextFirst":true,"interactionType":"ENTER_TEXT"}]}
COMMAND: POST /session/1f4369c590cc015c24359cd6d90be4de/element - {"using":"xpath","value":"(//span[contains(@id,\"addressDetailDetailsLanguage-arrow\")])[1]"}
RESULT: {"using":"xpath","value":"(//span[contains(@id,\"addressDetailDetailsLanguage-arrow\")])[1]"}
COMMAND: POST /session/1f4369c590cc015c24359cd6d90be4de/element/f.8EC51792AE8EAD5CEC6F142478755B93.d.1610B2C2051F07A5F948BB8C422FE283.e.4357/click - {}
RESULT: {}
COMMAND: POST /session/1f4369c590cc015c24359cd6d90be4de/element - {"using":"xpath","value":"//span[contains(text(), \"Chinese\")]"}
COMMAND: GET /session/1f4369c590cc015c24359cd6d90be4de/screenshot - {}
RESULT: {"using":"xpath","value":"//span[contains(text(), \"Chinese\")]"}
COMMAND: POST /session/1f4369c590cc015c24359cd6d90be4de/element/f.8EC51792AE8EAD5CEC6F142478755B93.d.1610B2C2051F07A5F948BB8C422FE283.e.4358/click - {}
RESULT: {}
RESULT: {}
COMMAND: GET /session/1f4369c590cc015c24359cd6d90be4de/screenshot - {}
RESULT: {}
COMMAND: POST /session/1f4369c590cc015c24359cd6d90be4de/execute/async - {"script":"<script> [1562 bytes]","args":[{"selector":{"controlType":"sap.m.Input","viewName":"etm.portal.ui.managepartners.view.EditDetail","labelFor":{"text":"City"},"interaction":{"idSuffix":"inner"}},"wdio_ui5_key":"etmportal.ui.managepartners.view.EditDetailsap.m.Input{\"text\":\"City\"}"}]}
RESULT: {"script":"<script> [1562 bytes]","args":[{"selector":{"controlType":"sap.m.Input","viewName":"etm.portal.ui.managepartners.view.EditDetail","labelFor":{"text":"City"},"interaction":{"idSuffix":"inner"}},"wdio_ui5_key":"etmportal.ui.managepartners.view.EditDetailsap.m.Input{\"text\":\"City\"}"}]}
RESULT: undefined
COMMAND: POST /session/1f4369c590cc015c24359cd6d90be4de/execute/async - {"script":"<script> [776 bytes]","args":[{"enterText":"Clooj-Napoca","selector":{"controlType":"sap.m.Input","viewName":"etm.portal.ui.managepartners.view.EditDetail","labelFor":{"text":"City"},"interaction":{"idSuffix":"inner"}},"clearTextFirst":true,"interactionType":"ENTER_TEXT"}]}
RESULT: {"script":"<script> [776 bytes]","args":[{"enterText":"Clooj-Napoca","selector":{"controlType":"sap.m.Input","viewName":"etm.portal.ui.managepartners.view.EditDetail","labelFor":{"text":"City"},"interaction":{"idSuffix":"inner"}},"clearTextFirst":true,"interactionType":"ENTER_TEXT"}]}
COMMAND: POST /session/1f4369c590cc015c24359cd6d90be4de/element - {"using":"xpath","value":"//button[@data-kt=\"saveButton\"]"}
RESULT: {"using":"xpath","value":"//button[@data-kt=\"saveButton\"]"}
COMMAND: POST /session/1f4369c590cc015c24359cd6d90be4de/element/f.8EC51792AE8EAD5CEC6F142478755B93.d.1610B2C2051F07A5F948BB8C422FE283.e.4335/click - {}
RESULT: {}
COMMAND: GET /session/1f4369c590cc015c24359cd6d90be4de/screenshot - {}
RESULT: {}
COMMAND: POST /session/1f4369c590cc015c24359cd6d90be4de/execute/async - {"script":"<script> [1562 bytes]","args":[{"selector":{"id":"application-managepartners-display-component---detailPtm--addressDetailDetailsName1"},"wdio_ui5_key":"applicationmanagepartners-display-component---detailPtm--addressDetailDetailsName1"}]}
RESULT: {"script":"<script> [1562 bytes]","args":[{"selector":{"id":"application-managepartners-display-component---detailPtm--addressDetailDetailsName1"},"wdio_ui5_key":"applicationmanagepartners-display-component---detailPtm--addressDetailDetailsName1"}]}
RESULT: undefined
COMMAND: POST /session/1f4369c590cc015c24359cd6d90be4de/execute/async - {"script":"<script> [6424 bytes]","args":[{"element-6066-11e4-a52e-4f735466cecf":"f.8EC51792AE8EAD5CEC6F142478755B93.d.1610B2C2051F07A5F948BB8C422FE283.e.4389"},"getValue",[]]}
RESULT: {"script":"<script> [6424 bytes]","args":[{"element-6066-11e4-a52e-4f735466cecf":"f.8EC51792AE8EAD5CEC6F142478755B93.d.1610B2C2051F07A5F948BB8C422FE283.e.4389"},"getValue",[]]}
COMMAND: POST /session/1f4369c590cc015c24359cd6d90be4de/element - {"using":"xpath","value":"//input[@id = \"application-managepartners-display-component---detailPtm--addressDetailDetailsLanguage-inner\"]"}
RESULT: {"using":"xpath","value":"//input[@id = \"application-managepartners-display-component---detailPtm--addressDetailDetailsLanguage-inner\"]"}
COMMAND: GET /session/1f4369c590cc015c24359cd6d90be4de/element/f.8EC51792AE8EAD5CEC6F142478755B93.d.1610B2C2051F07A5F948BB8C422FE283.e.4390/property/value - {}
RESULT: {}
COMMAND: POST /session/1f4369c590cc015c24359cd6d90be4de/execute/async - {"script":"<script> [1562 bytes]","args":[{"selector":{"id":"application-managepartners-display-component---detailPtm--addressDetailDetailsCity1"},"wdio_ui5_key":"applicationmanagepartners-display-component---detailPtm--addressDetailDetailsCity1"}]}
COMMAND: GET /session/1f4369c590cc015c24359cd6d90be4de/screenshot - {}
RESULT: {"script":"<script> [1562 bytes]","args":[{"selector":{"id":"application-managepartners-display-component---detailPtm--addressDetailDetailsCity1"},"wdio_ui5_key":"applicationmanagepartners-display-component---detailPtm--addressDetailDetailsCity1"}]}
RESULT: undefined
COMMAND: POST /session/1f4369c590cc015c24359cd6d90be4de/execute/async - {"script":"<script> [6424 bytes]","args":[{"element-6066-11e4-a52e-4f735466cecf":"f.8EC51792AE8EAD5CEC6F142478755B93.d.1610B2C2051F07A5F948BB8C422FE283.e.4391"},"getValue",[]]}
RESULT: {}
RESULT: {"script":"<script> [6424 bytes]","args":[{"element-6066-11e4-a52e-4f735466cecf":"f.8EC51792AE8EAD5CEC6F142478755B93.d.1610B2C2051F07A5F948BB8C422FE283.e.4391"},"getValue",[]]}
COMMAND: POST /session/1f4369c590cc015c24359cd6d90be4de/element - {"using":"css selector","value":"#shell-header-logo"}
RESULT: {"using":"css selector","value":"#shell-header-logo"}
COMMAND: POST /session/1f4369c590cc015c24359cd6d90be4de/element/f.8EC51792AE8EAD5CEC6F142478755B93.d.1610B2C2051F07A5F948BB8C422FE283.e.3953/click - {}
RESULT: {}
COMMAND: GET /session/1f4369c590cc015c24359cd6d90be4de/screenshot - {}
RESULT: {}
]]></system-out>
    </testcase>
    <testcase classname="chrome.135_0_7049_42.windows.Partner_specific_tests_US150819_US151080_US151654_US151176_US103444_US151078_US151079_US151109_US151174_US151175_US151189" name="Should create a new intracompany partner edit some of its fields US151079" time="238.676">
      <system-out><![CDATA[
COMMAND: POST /session/1f4369c590cc015c24359cd6d90be4de/element - {"using":"xpath","value":"//li[.//span[text()=\"Manage Partners\"]]"}
RESULT: {"using":"xpath","value":"//li[.//span[text()=\"Manage Partners\"]]"}
COMMAND: POST /session/1f4369c590cc015c24359cd6d90be4de/element - {"using":"xpath","value":"//li[.//span[text()=\"Manage Partners\"]]"}
RESULT: {"using":"xpath","value":"//li[.//span[text()=\"Manage Partners\"]]"}
COMMAND: POST /session/1f4369c590cc015c24359cd6d90be4de/element - {"using":"css selector","value":"#shell-header-logo"}
RESULT: {"using":"css selector","value":"#shell-header-logo"}
COMMAND: POST /session/1f4369c590cc015c24359cd6d90be4de/element/f.8EC51792AE8EAD5CEC6F142478755B93.d.1610B2C2051F07A5F948BB8C422FE283.e.4421/click - {}
COMMAND: POST /session/1f4369c590cc015c24359cd6d90be4de/execute/sync - {"script":"<script> [8489 bytes]","args":[{"element-6066-11e4-a52e-4f735466cecf":"f.8EC51792AE8EAD5CEC6F142478755B93.d.1610B2C2051F07A5F948BB8C422FE283.e.4421","ELEMENT":"f.8EC51792AE8EAD5CEC6F142478755B93.d.1610B2C2051F07A5F948BB8C422FE283.e.4421"}]}
RESULT: {}
COMMAND: GET /session/1f4369c590cc015c24359cd6d90be4de/screenshot - {}
RESULT: {"script":"<script> [8489 bytes]","args":[{"element-6066-11e4-a52e-4f735466cecf":"f.8EC51792AE8EAD5CEC6F142478755B93.d.1610B2C2051F07A5F948BB8C422FE283.e.4421","ELEMENT":"f.8EC51792AE8EAD5CEC6F142478755B93.d.1610B2C2051F07A5F948BB8C422FE283.e.4421"}]}
COMMAND: POST /session/1f4369c590cc015c24359cd6d90be4de/execute/sync - {"script":"<script> [5351 bytes]","args":[{"element-6066-11e4-a52e-4f735466cecf":"f.8EC51792AE8EAD5CEC6F142478755B93.d.1610B2C2051F07A5F948BB8C422FE283.e.4421","ELEMENT":"f.8EC51792AE8EAD5CEC6F142478755B93.d.1610B2C2051F07A5F948BB8C422FE283.e.4421"}]}
COMMAND: GET /session/1f4369c590cc015c24359cd6d90be4de/screenshot - {}
RESULT: {}
RESULT: {"script":"<script> [5351 bytes]","args":[{"element-6066-11e4-a52e-4f735466cecf":"f.8EC51792AE8EAD5CEC6F142478755B93.d.1610B2C2051F07A5F948BB8C422FE283.e.4421","ELEMENT":"f.8EC51792AE8EAD5CEC6F142478755B93.d.1610B2C2051F07A5F948BB8C422FE283.e.4421"}]}
COMMAND: GET /session/1f4369c590cc015c24359cd6d90be4de/screenshot - {}
RESULT: {}
RESULT: {}
COMMAND: POST /session/1f4369c590cc015c24359cd6d90be4de/refresh - {}
RESULT: {}
COMMAND: GET /session/1f4369c590cc015c24359cd6d90be4de/screenshot - {}
RESULT: {}
COMMAND: POST /session/1f4369c590cc015c24359cd6d90be4de/refresh - {}
RESULT: {}
COMMAND: GET /session/1f4369c590cc015c24359cd6d90be4de/screenshot - {}
RESULT: {}
COMMAND: POST /session/1f4369c590cc015c24359cd6d90be4de/window/fullscreen - {}
RESULT: {}
COMMAND: POST /session/1f4369c590cc015c24359cd6d90be4de/execute/async - {"script":"<script> [189 bytes]","args":[]}
RESULT: {"script":"<script> [189 bytes]","args":[]}
COMMAND: POST /session/1f4369c590cc015c24359cd6d90be4de/execute/async - {"script":"<script> [123 bytes]","args":[]}
RESULT: {"script":"<script> [123 bytes]","args":[]}
COMMAND: POST /session/1f4369c590cc015c24359cd6d90be4de/timeouts - {"script":"<number>"}
RESULT: {"script":"<number>"}
COMMAND: GET /session/1f4369c590cc015c24359cd6d90be4de/timeouts - {}
RESULT: {}
RESULT: undefined
COMMAND: POST /session/1f4369c590cc015c24359cd6d90be4de/execute/async - {"script":"<script> [2676 bytes]","args":[]}
RESULT: {"script":"<script> [2676 bytes]","args":[]}
COMMAND: POST /session/1f4369c590cc015c24359cd6d90be4de/execute/async - {"script":"<script> [2342 bytes]","args":[{"protocol":"http","hostname":"0.0.0.0","path":"/","capabilities":{"browserName":"chrome","goog:chromeOptions":{"binary":"C:\\Program Files\\Google\\Chrome\\Application\\chrome.exe","args":["--start-maximized"]}},"logLevel":"warn","connectionRetryTimeout":120000,"connectionRetryCount":3,"logLevels":{},"enableDirectConnect":true,"strictSSL":true,"_":"65 more keys: [\"cacheDir\",\"port\",\"requestedCapabilities\",\"automationProtocol\",\"baseUrl\",\"waitforInterval\",\"waitforTimeout\",\"onReload\",\"beforeCommand\",\"afterCommand\",\"rootDir\",\"specs\",\"suites\",\"exclude\",\"groupLogsByTestSpec\",\"excludeDriverLogs\",\"bail\",\"framework\",\"reporters\",\"services\",\"maxInstances\",\"maxInstancesPerCapability\",\"injectGlobals\",\"filesToWatch\",\"execArgv\",\"runnerEnv\",\"runner\",\"shard\",\"specFileRetries\",\"specFileRetriesDelay\",\"specFileRetriesDeferred\",\"reporterSyncInterval\",\"reporterSyncTimeout\",\"cucumberFeaturesWithLineNumbers\",\"autoCompileOpts\",\"mochaOpts\",\"jasmineOpts\",\"cucumberOpts\",\"onPrepare\",\"onWorkerStart\",\"onWorkerEnd\",\"before\",\"beforeSession\",\"beforeSuite\",\"beforeHook\",\"beforeTest\",\"afterTest\",\"afterHook\",\"afterSuite\",\"afterSession\",\"after\",\"onComplete\",\"beforeAssertion\",\"afterAssertion\",\"beforeFeature\",\"beforeScenario\",\"beforeStep\",\"afterStep\",\"afterScenario\",\"afterFeature\",\"_\",\"suite\",\"$0\",\"ignoredWorkerServices\",\"wdi5\"]"}]}
RESULT: {"script":"<script> [2342 bytes]","args":[{"protocol":"http","hostname":"0.0.0.0","path":"/","capabilities":{"browserName":"chrome","goog:chromeOptions":{"binary":"C:\\Program Files\\Google\\Chrome\\Application\\chrome.exe","args":["--start-maximized"]}},"logLevel":"warn","connectionRetryTimeout":120000,"connectionRetryCount":3,"logLevels":{},"enableDirectConnect":true,"strictSSL":true,"_":"65 more keys: [\"cacheDir\",\"port\",\"requestedCapabilities\",\"automationProtocol\",\"baseUrl\",\"waitforInterval\",\"waitforTimeout\",\"onReload\",\"beforeCommand\",\"afterCommand\",\"rootDir\",\"specs\",\"suites\",\"exclude\",\"groupLogsByTestSpec\",\"excludeDriverLogs\",\"bail\",\"framework\",\"reporters\",\"services\",\"maxInstances\",\"maxInstancesPerCapability\",\"injectGlobals\",\"filesToWatch\",\"execArgv\",\"runnerEnv\",\"runner\",\"shard\",\"specFileRetries\",\"specFileRetriesDelay\",\"specFileRetriesDeferred\",\"reporterSyncInterval\",\"reporterSyncTimeout\",\"cucumberFeaturesWithLineNumbers\",\"autoCompileOpts\",\"mochaOpts\",\"jasmineOpts\",\"cucumberOpts\",\"onPrepare\",\"onWorkerStart\",\"onWorkerEnd\",\"before\",\"beforeSession\",\"beforeSuite\",\"beforeHook\",\"beforeTest\",\"afterTest\",\"afterHook\",\"afterSuite\",\"afterSession\",\"after\",\"onComplete\",\"beforeAssertion\",\"afterAssertion\",\"beforeFeature\",\"beforeScenario\",\"beforeStep\",\"afterStep\",\"afterScenario\",\"afterFeature\",\"_\",\"suite\",\"$0\",\"ignoredWorkerServices\",\"wdi5\"]"}]}
COMMAND: POST /session/1f4369c590cc015c24359cd6d90be4de/execute/async - {"script":"<script> [21126 bytes]","args":[35000]}
RESULT: {"script":"<script> [21126 bytes]","args":[35000]}
COMMAND: POST /session/1f4369c590cc015c24359cd6d90be4de/window/fullscreen - {}
RESULT: {}
COMMAND: POST /session/1f4369c590cc015c24359cd6d90be4de/window/fullscreen - {}
RESULT: {}
COMMAND: POST /session/1f4369c590cc015c24359cd6d90be4de/execute/async - {"script":"<script> [1562 bytes]","args":[{"selector":{"controlType":"sap.m.GenericTile","properties":{"header":"Manage Partners"}},"wdio_ui5_key":"sapm.GenericTile{\"header\":\"Manage Partners\"}"}]}
RESULT: {"script":"<script> [1562 bytes]","args":[{"selector":{"controlType":"sap.m.GenericTile","properties":{"header":"Manage Partners"}},"wdio_ui5_key":"sapm.GenericTile{\"header\":\"Manage Partners\"}"}]}
RESULT: undefined
COMMAND: POST /session/1f4369c590cc015c24359cd6d90be4de/element - {"using":"xpath","value":"//*[@id=\"__tile30\"]"}
RESULT: {"using":"xpath","value":"//*[@id=\"__tile30\"]"}
COMMAND: POST /session/1f4369c590cc015c24359cd6d90be4de/element/f.8EC51792AE8EAD5CEC6F142478755B93.d.1B4D1EE2951047EE2B8FE18411BCDD0F.e.4489/click - {}
RESULT: {}
COMMAND: POST /session/1f4369c590cc015c24359cd6d90be4de/element - {"using":"xpath","value":"//button[@data-kt=\"addButton\"]"}
COMMAND: GET /session/1f4369c590cc015c24359cd6d90be4de/screenshot - {}
RESULT: {"using":"xpath","value":"//button[@data-kt=\"addButton\"]"}
COMMAND: POST /session/1f4369c590cc015c24359cd6d90be4de/elements - {"using":"xpath","value":"//button[@data-kt=\"addButton\"]"}
RESULT: {}
RESULT: {"using":"xpath","value":"//button[@data-kt=\"addButton\"]"}
COMMAND: POST /session/1f4369c590cc015c24359cd6d90be4de/elements - {"using":"xpath","value":"//button[@data-kt=\"addButton\"]"}
RESULT: {"using":"xpath","value":"//button[@data-kt=\"addButton\"]"}
COMMAND: POST /session/1f4369c590cc015c24359cd6d90be4de/elements - {"using":"xpath","value":"//button[@data-kt=\"addButton\"]"}
RESULT: {"using":"xpath","value":"//button[@data-kt=\"addButton\"]"}
COMMAND: POST /session/1f4369c590cc015c24359cd6d90be4de/elements - {"using":"xpath","value":"//button[@data-kt=\"addButton\"]"}
RESULT: {"using":"xpath","value":"//button[@data-kt=\"addButton\"]"}
COMMAND: POST /session/1f4369c590cc015c24359cd6d90be4de/elements - {"using":"xpath","value":"//button[@data-kt=\"addButton\"]"}
RESULT: {"using":"xpath","value":"//button[@data-kt=\"addButton\"]"}
COMMAND: POST /session/1f4369c590cc015c24359cd6d90be4de/elements - {"using":"xpath","value":"//button[@data-kt=\"addButton\"]"}
RESULT: {"using":"xpath","value":"//button[@data-kt=\"addButton\"]"}
COMMAND: POST /session/1f4369c590cc015c24359cd6d90be4de/elements - {"using":"xpath","value":"//button[@data-kt=\"addButton\"]"}
RESULT: {"using":"xpath","value":"//button[@data-kt=\"addButton\"]"}
COMMAND: POST /session/1f4369c590cc015c24359cd6d90be4de/elements - {"using":"xpath","value":"//button[@data-kt=\"addButton\"]"}
RESULT: {"using":"xpath","value":"//button[@data-kt=\"addButton\"]"}
COMMAND: POST /session/1f4369c590cc015c24359cd6d90be4de/elements - {"using":"xpath","value":"//button[@data-kt=\"addButton\"]"}
RESULT: {"using":"xpath","value":"//button[@data-kt=\"addButton\"]"}
COMMAND: POST /session/1f4369c590cc015c24359cd6d90be4de/elements - {"using":"xpath","value":"//button[@data-kt=\"addButton\"]"}
RESULT: {"using":"xpath","value":"//button[@data-kt=\"addButton\"]"}
COMMAND: POST /session/1f4369c590cc015c24359cd6d90be4de/elements - {"using":"xpath","value":"//button[@data-kt=\"addButton\"]"}
RESULT: {"using":"xpath","value":"//button[@data-kt=\"addButton\"]"}
COMMAND: POST /session/1f4369c590cc015c24359cd6d90be4de/elements - {"using":"xpath","value":"//button[@data-kt=\"addButton\"]"}
RESULT: {"using":"xpath","value":"//button[@data-kt=\"addButton\"]"}
COMMAND: POST /session/1f4369c590cc015c24359cd6d90be4de/elements - {"using":"xpath","value":"//button[@data-kt=\"addButton\"]"}
RESULT: {"using":"xpath","value":"//button[@data-kt=\"addButton\"]"}
COMMAND: POST /session/1f4369c590cc015c24359cd6d90be4de/elements - {"using":"xpath","value":"//button[@data-kt=\"addButton\"]"}
RESULT: {"using":"xpath","value":"//button[@data-kt=\"addButton\"]"}
COMMAND: POST /session/1f4369c590cc015c24359cd6d90be4de/elements - {"using":"xpath","value":"//button[@data-kt=\"addButton\"]"}
RESULT: {"using":"xpath","value":"//button[@data-kt=\"addButton\"]"}
COMMAND: POST /session/1f4369c590cc015c24359cd6d90be4de/elements - {"using":"xpath","value":"//button[@data-kt=\"addButton\"]"}
RESULT: {"using":"xpath","value":"//button[@data-kt=\"addButton\"]"}
COMMAND: POST /session/1f4369c590cc015c24359cd6d90be4de/elements - {"using":"xpath","value":"//button[@data-kt=\"addButton\"]"}
RESULT: {"using":"xpath","value":"//button[@data-kt=\"addButton\"]"}
COMMAND: POST /session/1f4369c590cc015c24359cd6d90be4de/elements - {"using":"xpath","value":"//button[@data-kt=\"addButton\"]"}
RESULT: {"using":"xpath","value":"//button[@data-kt=\"addButton\"]"}
COMMAND: POST /session/1f4369c590cc015c24359cd6d90be4de/elements - {"using":"xpath","value":"//button[@data-kt=\"addButton\"]"}
RESULT: {"using":"xpath","value":"//button[@data-kt=\"addButton\"]"}
COMMAND: POST /session/1f4369c590cc015c24359cd6d90be4de/elements - {"using":"xpath","value":"//button[@data-kt=\"addButton\"]"}
RESULT: {"using":"xpath","value":"//button[@data-kt=\"addButton\"]"}
COMMAND: POST /session/1f4369c590cc015c24359cd6d90be4de/elements - {"using":"xpath","value":"//button[@data-kt=\"addButton\"]"}
RESULT: {"using":"xpath","value":"//button[@data-kt=\"addButton\"]"}
COMMAND: POST /session/1f4369c590cc015c24359cd6d90be4de/elements - {"using":"xpath","value":"//button[@data-kt=\"addButton\"]"}
RESULT: {"using":"xpath","value":"//button[@data-kt=\"addButton\"]"}
COMMAND: POST /session/1f4369c590cc015c24359cd6d90be4de/elements - {"using":"xpath","value":"//button[@data-kt=\"addButton\"]"}
RESULT: {"using":"xpath","value":"//button[@data-kt=\"addButton\"]"}
COMMAND: POST /session/1f4369c590cc015c24359cd6d90be4de/elements - {"using":"xpath","value":"//button[@data-kt=\"addButton\"]"}
RESULT: {"using":"xpath","value":"//button[@data-kt=\"addButton\"]"}
COMMAND: POST /session/1f4369c590cc015c24359cd6d90be4de/elements - {"using":"xpath","value":"//button[@data-kt=\"addButton\"]"}
RESULT: {"using":"xpath","value":"//button[@data-kt=\"addButton\"]"}
COMMAND: POST /session/1f4369c590cc015c24359cd6d90be4de/elements - {"using":"xpath","value":"//button[@data-kt=\"addButton\"]"}
RESULT: {"using":"xpath","value":"//button[@data-kt=\"addButton\"]"}
COMMAND: POST /session/1f4369c590cc015c24359cd6d90be4de/elements - {"using":"xpath","value":"//button[@data-kt=\"addButton\"]"}
RESULT: {"using":"xpath","value":"//button[@data-kt=\"addButton\"]"}
COMMAND: POST /session/1f4369c590cc015c24359cd6d90be4de/elements - {"using":"xpath","value":"//button[@data-kt=\"addButton\"]"}
RESULT: {"using":"xpath","value":"//button[@data-kt=\"addButton\"]"}
COMMAND: POST /session/1f4369c590cc015c24359cd6d90be4de/elements - {"using":"xpath","value":"//button[@data-kt=\"addButton\"]"}
RESULT: {"using":"xpath","value":"//button[@data-kt=\"addButton\"]"}
COMMAND: POST /session/1f4369c590cc015c24359cd6d90be4de/elements - {"using":"xpath","value":"//button[@data-kt=\"addButton\"]"}
RESULT: {"using":"xpath","value":"//button[@data-kt=\"addButton\"]"}
COMMAND: POST /session/1f4369c590cc015c24359cd6d90be4de/elements - {"using":"xpath","value":"//button[@data-kt=\"addButton\"]"}
RESULT: {"using":"xpath","value":"//button[@data-kt=\"addButton\"]"}
COMMAND: POST /session/1f4369c590cc015c24359cd6d90be4de/elements - {"using":"xpath","value":"//button[@data-kt=\"addButton\"]"}
RESULT: {"using":"xpath","value":"//button[@data-kt=\"addButton\"]"}
COMMAND: POST /session/1f4369c590cc015c24359cd6d90be4de/elements - {"using":"xpath","value":"//button[@data-kt=\"addButton\"]"}
RESULT: {"using":"xpath","value":"//button[@data-kt=\"addButton\"]"}
COMMAND: POST /session/1f4369c590cc015c24359cd6d90be4de/elements - {"using":"xpath","value":"//button[@data-kt=\"addButton\"]"}
RESULT: {"using":"xpath","value":"//button[@data-kt=\"addButton\"]"}
COMMAND: POST /session/1f4369c590cc015c24359cd6d90be4de/elements - {"using":"xpath","value":"//button[@data-kt=\"addButton\"]"}
RESULT: {"using":"xpath","value":"//button[@data-kt=\"addButton\"]"}
COMMAND: POST /session/1f4369c590cc015c24359cd6d90be4de/elements - {"using":"xpath","value":"//button[@data-kt=\"addButton\"]"}
RESULT: {"using":"xpath","value":"//button[@data-kt=\"addButton\"]"}
COMMAND: POST /session/1f4369c590cc015c24359cd6d90be4de/elements - {"using":"xpath","value":"//button[@data-kt=\"addButton\"]"}
RESULT: {"using":"xpath","value":"//button[@data-kt=\"addButton\"]"}
COMMAND: POST /session/1f4369c590cc015c24359cd6d90be4de/elements - {"using":"xpath","value":"//button[@data-kt=\"addButton\"]"}
RESULT: {"using":"xpath","value":"//button[@data-kt=\"addButton\"]"}
COMMAND: POST /session/1f4369c590cc015c24359cd6d90be4de/elements - {"using":"xpath","value":"//button[@data-kt=\"addButton\"]"}
RESULT: {"using":"xpath","value":"//button[@data-kt=\"addButton\"]"}
COMMAND: POST /session/1f4369c590cc015c24359cd6d90be4de/elements - {"using":"xpath","value":"//button[@data-kt=\"addButton\"]"}
RESULT: {"using":"xpath","value":"//button[@data-kt=\"addButton\"]"}
COMMAND: POST /session/1f4369c590cc015c24359cd6d90be4de/elements - {"using":"xpath","value":"//button[@data-kt=\"addButton\"]"}
RESULT: {"using":"xpath","value":"//button[@data-kt=\"addButton\"]"}
COMMAND: POST /session/1f4369c590cc015c24359cd6d90be4de/elements - {"using":"xpath","value":"//button[@data-kt=\"addButton\"]"}
RESULT: {"using":"xpath","value":"//button[@data-kt=\"addButton\"]"}
COMMAND: POST /session/1f4369c590cc015c24359cd6d90be4de/elements - {"using":"xpath","value":"//button[@data-kt=\"addButton\"]"}
RESULT: {"using":"xpath","value":"//button[@data-kt=\"addButton\"]"}
COMMAND: POST /session/1f4369c590cc015c24359cd6d90be4de/elements - {"using":"xpath","value":"//button[@data-kt=\"addButton\"]"}
RESULT: {"using":"xpath","value":"//button[@data-kt=\"addButton\"]"}
COMMAND: POST /session/1f4369c590cc015c24359cd6d90be4de/elements - {"using":"xpath","value":"//button[@data-kt=\"addButton\"]"}
RESULT: {"using":"xpath","value":"//button[@data-kt=\"addButton\"]"}
COMMAND: POST /session/1f4369c590cc015c24359cd6d90be4de/elements - {"using":"xpath","value":"//button[@data-kt=\"addButton\"]"}
RESULT: {"using":"xpath","value":"//button[@data-kt=\"addButton\"]"}
COMMAND: POST /session/1f4369c590cc015c24359cd6d90be4de/elements - {"using":"xpath","value":"//button[@data-kt=\"addButton\"]"}
RESULT: {"using":"xpath","value":"//button[@data-kt=\"addButton\"]"}
COMMAND: POST /session/1f4369c590cc015c24359cd6d90be4de/elements - {"using":"xpath","value":"//button[@data-kt=\"addButton\"]"}
RESULT: {"using":"xpath","value":"//button[@data-kt=\"addButton\"]"}
COMMAND: POST /session/1f4369c590cc015c24359cd6d90be4de/element - {"using":"xpath","value":"//button[@data-kt=\"addButton\"]"}
RESULT: {"using":"xpath","value":"//button[@data-kt=\"addButton\"]"}
COMMAND: POST /session/1f4369c590cc015c24359cd6d90be4de/execute/sync - {"script":"<script> [8489 bytes]","args":[{"element-6066-11e4-a52e-4f735466cecf":"f.8EC51792AE8EAD5CEC6F142478755B93.d.1B4D1EE2951047EE2B8FE18411BCDD0F.e.4605","ELEMENT":"f.8EC51792AE8EAD5CEC6F142478755B93.d.1B4D1EE2951047EE2B8FE18411BCDD0F.e.4605"}]}
RESULT: {"script":"<script> [8489 bytes]","args":[{"element-6066-11e4-a52e-4f735466cecf":"f.8EC51792AE8EAD5CEC6F142478755B93.d.1B4D1EE2951047EE2B8FE18411BCDD0F.e.4605","ELEMENT":"f.8EC51792AE8EAD5CEC6F142478755B93.d.1B4D1EE2951047EE2B8FE18411BCDD0F.e.4605"}]}
COMMAND: GET /session/1f4369c590cc015c24359cd6d90be4de/element/f.8EC51792AE8EAD5CEC6F142478755B93.d.1B4D1EE2951047EE2B8FE18411BCDD0F.e.4605/enabled - {}
COMMAND: GET /session/1f4369c590cc015c24359cd6d90be4de/screenshot - {}
RESULT: {}
COMMAND: POST /session/1f4369c590cc015c24359cd6d90be4de/execute/sync - {"script":"<script> [8489 bytes]","args":[{"element-6066-11e4-a52e-4f735466cecf":"f.8EC51792AE8EAD5CEC6F142478755B93.d.1B4D1EE2951047EE2B8FE18411BCDD0F.e.4605","ELEMENT":"f.8EC51792AE8EAD5CEC6F142478755B93.d.1B4D1EE2951047EE2B8FE18411BCDD0F.e.4605"}]}
COMMAND: GET /session/1f4369c590cc015c24359cd6d90be4de/screenshot - {}
RESULT: {}
RESULT: {"script":"<script> [8489 bytes]","args":[{"element-6066-11e4-a52e-4f735466cecf":"f.8EC51792AE8EAD5CEC6F142478755B93.d.1B4D1EE2951047EE2B8FE18411BCDD0F.e.4605","ELEMENT":"f.8EC51792AE8EAD5CEC6F142478755B93.d.1B4D1EE2951047EE2B8FE18411BCDD0F.e.4605"}]}
COMMAND: POST /session/1f4369c590cc015c24359cd6d90be4de/execute/sync - {"script":"<script> [5351 bytes]","args":[{"element-6066-11e4-a52e-4f735466cecf":"f.8EC51792AE8EAD5CEC6F142478755B93.d.1B4D1EE2951047EE2B8FE18411BCDD0F.e.4605","ELEMENT":"f.8EC51792AE8EAD5CEC6F142478755B93.d.1B4D1EE2951047EE2B8FE18411BCDD0F.e.4605"}]}
COMMAND: GET /session/1f4369c590cc015c24359cd6d90be4de/screenshot - {}
RESULT: {}
RESULT: {"script":"<script> [5351 bytes]","args":[{"element-6066-11e4-a52e-4f735466cecf":"f.8EC51792AE8EAD5CEC6F142478755B93.d.1B4D1EE2951047EE2B8FE18411BCDD0F.e.4605","ELEMENT":"f.8EC51792AE8EAD5CEC6F142478755B93.d.1B4D1EE2951047EE2B8FE18411BCDD0F.e.4605"}]}
COMMAND: POST /session/1f4369c590cc015c24359cd6d90be4de/element/f.8EC51792AE8EAD5CEC6F142478755B93.d.1B4D1EE2951047EE2B8FE18411BCDD0F.e.4605/click - {}
COMMAND: GET /session/1f4369c590cc015c24359cd6d90be4de/screenshot - {}
RESULT: {}
RESULT: {}
COMMAND: GET /session/1f4369c590cc015c24359cd6d90be4de/screenshot - {}
RESULT: {}
RESULT: {}
COMMAND: POST /session/1f4369c590cc015c24359cd6d90be4de/execute/async - {"script":"<script> [1562 bytes]","args":[{"selector":{"id":"application-managepartners-display-component---NewPartner--addressDetailDetailsName1","interaction":{"idSuffix":"inner"}},"wdio_ui5_key":"applicationmanagepartners-display-component---NewPartner--addressDetailDetailsName1"}]}
RESULT: {"script":"<script> [1562 bytes]","args":[{"selector":{"id":"application-managepartners-display-component---NewPartner--addressDetailDetailsName1","interaction":{"idSuffix":"inner"}},"wdio_ui5_key":"applicationmanagepartners-display-component---NewPartner--addressDetailDetailsName1"}]}
RESULT: undefined
COMMAND: POST /session/1f4369c590cc015c24359cd6d90be4de/execute/async - {"script":"<script> [776 bytes]","args":[{"enterText":"Intracompany Partner WDIO","selector":{"id":"application-managepartners-display-component---NewPartner--addressDetailDetailsName1","interaction":{"idSuffix":"inner"}},"clearTextFirst":true,"interactionType":"ENTER_TEXT"}]}
RESULT: {"script":"<script> [776 bytes]","args":[{"enterText":"Intracompany Partner WDIO","selector":{"id":"application-managepartners-display-component---NewPartner--addressDetailDetailsName1","interaction":{"idSuffix":"inner"}},"clearTextFirst":true,"interactionType":"ENTER_TEXT"}]}
COMMAND: POST /session/1f4369c590cc015c24359cd6d90be4de/execute/async - {"script":"<script> [1562 bytes]","args":[{"selector":{"id":"application-managepartners-display-component---NewPartner--addressDetailDetailsLanguage-arrow"},"wdio_ui5_key":"applicationmanagepartners-display-component---NewPartner--addressDetailDetailsLanguage-arrow"}]}
RESULT: {"script":"<script> [1562 bytes]","args":[{"selector":{"id":"application-managepartners-display-component---NewPartner--addressDetailDetailsLanguage-arrow"},"wdio_ui5_key":"applicationmanagepartners-display-component---NewPartner--addressDetailDetailsLanguage-arrow"}]}
RESULT: undefined
COMMAND: POST /session/1f4369c590cc015c24359cd6d90be4de/element - {"using":"xpath","value":"//*[@id=\"application-managepartners-display-component---NewPartner--addressDetailDetailsLanguage-arrow\"]"}
RESULT: {"using":"xpath","value":"//*[@id=\"application-managepartners-display-component---NewPartner--addressDetailDetailsLanguage-arrow\"]"}
COMMAND: POST /session/1f4369c590cc015c24359cd6d90be4de/element/f.8EC51792AE8EAD5CEC6F142478755B93.d.1B4D1EE2951047EE2B8FE18411BCDD0F.e.5052/click - {}
RESULT: {}
COMMAND: POST /session/1f4369c590cc015c24359cd6d90be4de/element - {"using":"xpath","value":"//span[contains(text(), \"English\")]"}
COMMAND: GET /session/1f4369c590cc015c24359cd6d90be4de/screenshot - {}
RESULT: {"using":"xpath","value":"//span[contains(text(), \"English\")]"}
COMMAND: POST /session/1f4369c590cc015c24359cd6d90be4de/element/f.8EC51792AE8EAD5CEC6F142478755B93.d.1B4D1EE2951047EE2B8FE18411BCDD0F.e.5053/click - {}
RESULT: {}
RESULT: {}
COMMAND: GET /session/1f4369c590cc015c24359cd6d90be4de/screenshot - {}
RESULT: {}
COMMAND: POST /session/1f4369c590cc015c24359cd6d90be4de/execute/async - {"script":"<script> [1562 bytes]","args":[{"selector":{"id":"application-managepartners-display-component---NewPartner--addressDetailDetailsCity1","interaction":{"idSuffix":"inner"}},"wdio_ui5_key":"applicationmanagepartners-display-component---NewPartner--addressDetailDetailsCity1"}]}
RESULT: {"script":"<script> [1562 bytes]","args":[{"selector":{"id":"application-managepartners-display-component---NewPartner--addressDetailDetailsCity1","interaction":{"idSuffix":"inner"}},"wdio_ui5_key":"applicationmanagepartners-display-component---NewPartner--addressDetailDetailsCity1"}]}
RESULT: undefined
COMMAND: POST /session/1f4369c590cc015c24359cd6d90be4de/execute/async - {"script":"<script> [776 bytes]","args":[{"enterText":"Rosario","selector":{"id":"application-managepartners-display-component---NewPartner--addressDetailDetailsCity1","interaction":{"idSuffix":"inner"}},"clearTextFirst":true,"interactionType":"ENTER_TEXT"}]}
RESULT: {"script":"<script> [776 bytes]","args":[{"enterText":"Rosario","selector":{"id":"application-managepartners-display-component---NewPartner--addressDetailDetailsCity1","interaction":{"idSuffix":"inner"}},"clearTextFirst":true,"interactionType":"ENTER_TEXT"}]}
COMMAND: POST /session/1f4369c590cc015c24359cd6d90be4de/execute/async - {"script":"<script> [1562 bytes]","args":[{"selector":{"id":"application-managepartners-display-component---NewPartner--addressDetailDetailsCountry-arrow"},"wdio_ui5_key":"applicationmanagepartners-display-component---NewPartner--addressDetailDetailsCountry-arrow"}]}
RESULT: {"script":"<script> [1562 bytes]","args":[{"selector":{"id":"application-managepartners-display-component---NewPartner--addressDetailDetailsCountry-arrow"},"wdio_ui5_key":"applicationmanagepartners-display-component---NewPartner--addressDetailDetailsCountry-arrow"}]}
RESULT: undefined
COMMAND: POST /session/1f4369c590cc015c24359cd6d90be4de/element - {"using":"xpath","value":"//*[@id=\"application-managepartners-display-component---NewPartner--addressDetailDetailsCountry-arrow\"]"}
RESULT: {"using":"xpath","value":"//*[@id=\"application-managepartners-display-component---NewPartner--addressDetailDetailsCountry-arrow\"]"}
COMMAND: POST /session/1f4369c590cc015c24359cd6d90be4de/element/f.8EC51792AE8EAD5CEC6F142478755B93.d.1B4D1EE2951047EE2B8FE18411BCDD0F.e.5034/click - {}
RESULT: {}
COMMAND: POST /session/1f4369c590cc015c24359cd6d90be4de/element - {"using":"xpath","value":"//span[contains(text(), \"Argentina\")]"}
COMMAND: GET /session/1f4369c590cc015c24359cd6d90be4de/screenshot - {}
RESULT: {"using":"xpath","value":"//span[contains(text(), \"Argentina\")]"}
COMMAND: POST /session/1f4369c590cc015c24359cd6d90be4de/element/f.8EC51792AE8EAD5CEC6F142478755B93.d.1B4D1EE2951047EE2B8FE18411BCDD0F.e.5055/click - {}
RESULT: {}
RESULT: {}
COMMAND: GET /session/1f4369c590cc015c24359cd6d90be4de/screenshot - {}
RESULT: {}
COMMAND: POST /session/1f4369c590cc015c24359cd6d90be4de/element - {"using":"xpath","value":"//bdi[contains(text(), \"Commercial\")]"}
RESULT: {"using":"xpath","value":"//bdi[contains(text(), \"Commercial\")]"}
COMMAND: POST /session/1f4369c590cc015c24359cd6d90be4de/element/f.8EC51792AE8EAD5CEC6F142478755B93.d.1B4D1EE2951047EE2B8FE18411BCDD0F.e.5056/click - {}
RESULT: {}
COMMAND: GET /session/1f4369c590cc015c24359cd6d90be4de/screenshot - {}
RESULT: {}
COMMAND: POST /session/1f4369c590cc015c24359cd6d90be4de/execute/async - {"script":"<script> [1562 bytes]","args":[{"selector":{"id":"application-managepartners-display-component---NewPartner--partnerDetailInternal-arrow"},"wdio_ui5_key":"applicationmanagepartners-display-component---NewPartner--partnerDetailInternal-arrow"}]}
RESULT: {"script":"<script> [1562 bytes]","args":[{"selector":{"id":"application-managepartners-display-component---NewPartner--partnerDetailInternal-arrow"},"wdio_ui5_key":"applicationmanagepartners-display-component---NewPartner--partnerDetailInternal-arrow"}]}
RESULT: undefined
COMMAND: POST /session/1f4369c590cc015c24359cd6d90be4de/element - {"using":"xpath","value":"//*[@id=\"application-managepartners-display-component---NewPartner--partnerDetailInternal-arrow\"]"}
RESULT: {"using":"xpath","value":"//*[@id=\"application-managepartners-display-component---NewPartner--partnerDetailInternal-arrow\"]"}
COMMAND: POST /session/1f4369c590cc015c24359cd6d90be4de/element/f.8EC51792AE8EAD5CEC6F142478755B93.d.1B4D1EE2951047EE2B8FE18411BCDD0F.e.5064/click - {}
RESULT: {}
COMMAND: POST /session/1f4369c590cc015c24359cd6d90be4de/element - {"using":"xpath","value":"//span[contains(text(), \"Affiliated company\")]"}
COMMAND: GET /session/1f4369c590cc015c24359cd6d90be4de/screenshot - {}
RESULT: {"using":"xpath","value":"//span[contains(text(), \"Affiliated company\")]"}
COMMAND: POST /session/1f4369c590cc015c24359cd6d90be4de/element/f.8EC51792AE8EAD5CEC6F142478755B93.d.1B4D1EE2951047EE2B8FE18411BCDD0F.e.5065/click - {}
RESULT: {}
RESULT: {}
COMMAND: POST /session/1f4369c590cc015c24359cd6d90be4de/execute/async - {"script":"<script> [1562 bytes]","args":[{"selector":{"id":"application-managepartners-display-component---NewPartner--partnerDetailsCurrency-arrow"},"wdio_ui5_key":"applicationmanagepartners-display-component---NewPartner--partnerDetailsCurrency-arrow"}]}
COMMAND: GET /session/1f4369c590cc015c24359cd6d90be4de/screenshot - {}
RESULT: {"script":"<script> [1562 bytes]","args":[{"selector":{"id":"application-managepartners-display-component---NewPartner--partnerDetailsCurrency-arrow"},"wdio_ui5_key":"applicationmanagepartners-display-component---NewPartner--partnerDetailsCurrency-arrow"}]}
RESULT: undefined
COMMAND: POST /session/1f4369c590cc015c24359cd6d90be4de/element - {"using":"xpath","value":"//*[@id=\"application-managepartners-display-component---NewPartner--partnerDetailsCurrency-arrow\"]"}
RESULT: {}
RESULT: {"using":"xpath","value":"//*[@id=\"application-managepartners-display-component---NewPartner--partnerDetailsCurrency-arrow\"]"}
COMMAND: POST /session/1f4369c590cc015c24359cd6d90be4de/element/f.8EC51792AE8EAD5CEC6F142478755B93.d.1B4D1EE2951047EE2B8FE18411BCDD0F.e.5072/click - {}
RESULT: {}
COMMAND: POST /session/1f4369c590cc015c24359cd6d90be4de/element - {"using":"xpath","value":"//span[contains(text(), \"Euro\")]"}
COMMAND: GET /session/1f4369c590cc015c24359cd6d90be4de/screenshot - {}
RESULT: {"using":"xpath","value":"//span[contains(text(), \"Euro\")]"}
COMMAND: POST /session/1f4369c590cc015c24359cd6d90be4de/element/f.8EC51792AE8EAD5CEC6F142478755B93.d.1B4D1EE2951047EE2B8FE18411BCDD0F.e.5073/click - {}
RESULT: {}
RESULT: {}
COMMAND: POST /session/1f4369c590cc015c24359cd6d90be4de/execute/async - {"script":"<script> [1562 bytes]","args":[{"selector":{"id":"application-managepartners-display-component---NewPartner--addressEditDetailsCostObjectCstType-arrow"},"wdio_ui5_key":"applicationmanagepartners-display-component---NewPartner--addressEditDetailsCostObjectCstType-arrow"}]}
COMMAND: GET /session/1f4369c590cc015c24359cd6d90be4de/screenshot - {}
RESULT: {"script":"<script> [1562 bytes]","args":[{"selector":{"id":"application-managepartners-display-component---NewPartner--addressEditDetailsCostObjectCstType-arrow"},"wdio_ui5_key":"applicationmanagepartners-display-component---NewPartner--addressEditDetailsCostObjectCstType-arrow"}]}
RESULT: undefined
COMMAND: POST /session/1f4369c590cc015c24359cd6d90be4de/element - {"using":"xpath","value":"//*[@id=\"application-managepartners-display-component---NewPartner--addressEditDetailsCostObjectCstType-arrow\"]"}
RESULT: {}
RESULT: {"using":"xpath","value":"//*[@id=\"application-managepartners-display-component---NewPartner--addressEditDetailsCostObjectCstType-arrow\"]"}
COMMAND: POST /session/1f4369c590cc015c24359cd6d90be4de/element/f.8EC51792AE8EAD5CEC6F142478755B93.d.1B4D1EE2951047EE2B8FE18411BCDD0F.e.5074/click - {}
RESULT: {}
COMMAND: POST /session/1f4369c590cc015c24359cd6d90be4de/element - {"using":"xpath","value":"//span[contains(text(), \"Cost Center\")]"}
COMMAND: GET /session/1f4369c590cc015c24359cd6d90be4de/screenshot - {}
RESULT: {"using":"xpath","value":"//span[contains(text(), \"Cost Center\")]"}
COMMAND: POST /session/1f4369c590cc015c24359cd6d90be4de/element/f.8EC51792AE8EAD5CEC6F142478755B93.d.1B4D1EE2951047EE2B8FE18411BCDD0F.e.5075/click - {}
RESULT: {}
RESULT: {}
COMMAND: GET /session/1f4369c590cc015c24359cd6d90be4de/screenshot - {}
RESULT: {}
COMMAND: POST /session/1f4369c590cc015c24359cd6d90be4de/element - {"using":"xpath","value":"//span[@id=\"application-managepartners-display-component---NewPartner--addressNewCostObjectCstID-vhi\"]"}
RESULT: {"using":"xpath","value":"//span[@id=\"application-managepartners-display-component---NewPartner--addressNewCostObjectCstID-vhi\"]"}
COMMAND: POST /session/1f4369c590cc015c24359cd6d90be4de/execute/sync - {"script":"<script> [8489 bytes]","args":[{"element-6066-11e4-a52e-4f735466cecf":"f.8EC51792AE8EAD5CEC6F142478755B93.d.1B4D1EE2951047EE2B8FE18411BCDD0F.e.5078","ELEMENT":"f.8EC51792AE8EAD5CEC6F142478755B93.d.1B4D1EE2951047EE2B8FE18411BCDD0F.e.5078"}]}
RESULT: {"script":"<script> [8489 bytes]","args":[{"element-6066-11e4-a52e-4f735466cecf":"f.8EC51792AE8EAD5CEC6F142478755B93.d.1B4D1EE2951047EE2B8FE18411BCDD0F.e.5078","ELEMENT":"f.8EC51792AE8EAD5CEC6F142478755B93.d.1B4D1EE2951047EE2B8FE18411BCDD0F.e.5078"}]}
COMMAND: POST /session/1f4369c590cc015c24359cd6d90be4de/execute/async - {"script":"<script> [1562 bytes]","args":[{"selector":{"id":"application-managepartners-display-component---NewPartner--addressNewCostObjectCstID-vhi"},"wdio_ui5_key":"applicationmanagepartners-display-component---NewPartner--addressNewCostObjectCstID-vhi"}]}
COMMAND: GET /session/1f4369c590cc015c24359cd6d90be4de/screenshot - {}
RESULT: {"script":"<script> [1562 bytes]","args":[{"selector":{"id":"application-managepartners-display-component---NewPartner--addressNewCostObjectCstID-vhi"},"wdio_ui5_key":"applicationmanagepartners-display-component---NewPartner--addressNewCostObjectCstID-vhi"}]}
RESULT: undefined
COMMAND: POST /session/1f4369c590cc015c24359cd6d90be4de/element - {"using":"xpath","value":"//*[@id=\"application-managepartners-display-component---NewPartner--addressNewCostObjectCstID-vhi\"]"}
RESULT: {}
RESULT: {"using":"xpath","value":"//*[@id=\"application-managepartners-display-component---NewPartner--addressNewCostObjectCstID-vhi\"]"}
COMMAND: POST /session/1f4369c590cc015c24359cd6d90be4de/element/f.8EC51792AE8EAD5CEC6F142478755B93.d.1B4D1EE2951047EE2B8FE18411BCDD0F.e.5078/click - {}
RESULT: {}
COMMAND: GET /session/1f4369c590cc015c24359cd6d90be4de/screenshot - {}
RESULT: {}
COMMAND: POST /session/1f4369c590cc015c24359cd6d90be4de/execute/async - {"script":"<script> [1562 bytes]","args":[{"selector":{"controlType":"sap.m.SearchField","properties":{"placeholder":"Search"},"searchOpenDialogs":true,"interaction":{"idSuffix":"I"}},"wdio_ui5_key":"sapm.SearchField{\"placeholder\":\"Search\"}"}]}
RESULT: {"script":"<script> [1562 bytes]","args":[{"selector":{"controlType":"sap.m.SearchField","properties":{"placeholder":"Search"},"searchOpenDialogs":true,"interaction":{"idSuffix":"I"}},"wdio_ui5_key":"sapm.SearchField{\"placeholder\":\"Search\"}"}]}
RESULT: undefined
COMMAND: POST /session/1f4369c590cc015c24359cd6d90be4de/execute/async - {"script":"<script> [776 bytes]","args":[{"enterText":"10001013","selector":{"controlType":"sap.m.SearchField","properties":{"placeholder":"Search"},"searchOpenDialogs":true,"interaction":{"idSuffix":"I"}},"clearTextFirst":true,"interactionType":"ENTER_TEXT"}]}
RESULT: {"script":"<script> [776 bytes]","args":[{"enterText":"10001013","selector":{"controlType":"sap.m.SearchField","properties":{"placeholder":"Search"},"searchOpenDialogs":true,"interaction":{"idSuffix":"I"}},"clearTextFirst":true,"interactionType":"ENTER_TEXT"}]}
COMMAND: POST /session/1f4369c590cc015c24359cd6d90be4de/actions - {"actions":[{"id":"action12","type":"key","parameters":{},"actions":[{"type":"keyDown","value":""},{"type":"pause","duration":10},{"type":"keyUp","value":""}]}]}
RESULT: {"actions":[{"id":"action12","type":"key","parameters":{},"actions":[{"type":"keyDown","value":""},{"type":"pause","duration":10},{"type":"keyUp","value":""}]}]}
COMMAND: GET /session/1f4369c590cc015c24359cd6d90be4de/screenshot - {}
RESULT: {}
COMMAND: POST /session/1f4369c590cc015c24359cd6d90be4de/element - {"using":"xpath","value":"//span[contains(text(), \"General Management\")]"}
RESULT: {"using":"xpath","value":"//span[contains(text(), \"General Management\")]"}
COMMAND: POST /session/1f4369c590cc015c24359cd6d90be4de/element/f.8EC51792AE8EAD5CEC6F142478755B93.d.1B4D1EE2951047EE2B8FE18411BCDD0F.e.5120/click - {}
RESULT: {}
COMMAND: GET /session/1f4369c590cc015c24359cd6d90be4de/screenshot - {}
RESULT: {}
COMMAND: POST /session/1f4369c590cc015c24359cd6d90be4de/element - {"using":"xpath","value":"//bdi[contains(text(), \"OK\")]"}
RESULT: {"using":"xpath","value":"//bdi[contains(text(), \"OK\")]"}
COMMAND: POST /session/1f4369c590cc015c24359cd6d90be4de/element/f.8EC51792AE8EAD5CEC6F142478755B93.d.1B4D1EE2951047EE2B8FE18411BCDD0F.e.5121/click - {}
RESULT: {}
COMMAND: GET /session/1f4369c590cc015c24359cd6d90be4de/screenshot - {}
RESULT: {}
COMMAND: POST /session/1f4369c590cc015c24359cd6d90be4de/element - {"using":"xpath","value":"//input[@id=\"application-managepartners-display-component---NewPartner--companyCodeComboBox-inner\"]"}
RESULT: {"using":"xpath","value":"//input[@id=\"application-managepartners-display-component---NewPartner--companyCodeComboBox-inner\"]"}
COMMAND: POST /session/1f4369c590cc015c24359cd6d90be4de/element/f.8EC51792AE8EAD5CEC6F142478755B93.d.1B4D1EE2951047EE2B8FE18411BCDD0F.e.4919/clear - {}
RESULT: {}
COMMAND: POST /session/1f4369c590cc015c24359cd6d90be4de/element/f.8EC51792AE8EAD5CEC6F142478755B93.d.1B4D1EE2951047EE2B8FE18411BCDD0F.e.4919/value - {"text":"1000"}
COMMAND: GET /session/1f4369c590cc015c24359cd6d90be4de/screenshot - {}
RESULT: {"text":"1000"}
COMMAND: GET /session/1f4369c590cc015c24359cd6d90be4de/screenshot - {}
RESULT: {}
RESULT: {}
COMMAND: POST /session/1f4369c590cc015c24359cd6d90be4de/element - {"using":"xpath","value":"//span[contains(text(), \"1000\")]"}
RESULT: {"using":"xpath","value":"//span[contains(text(), \"1000\")]"}
COMMAND: POST /session/1f4369c590cc015c24359cd6d90be4de/element/f.8EC51792AE8EAD5CEC6F142478755B93.d.1B4D1EE2951047EE2B8FE18411BCDD0F.e.5127/click - {}
RESULT: {}
COMMAND: GET /session/1f4369c590cc015c24359cd6d90be4de/screenshot - {}
RESULT: {}
COMMAND: POST /session/1f4369c590cc015c24359cd6d90be4de/execute/async - {"script":"<script> [1562 bytes]","args":[{"selector":{"id":"application-managepartners-display-component---NewPartner--btnAddTableRow-img"},"wdio_ui5_key":"applicationmanagepartners-display-component---NewPartner--btnAddTableRow-img"}]}
RESULT: {"script":"<script> [1562 bytes]","args":[{"selector":{"id":"application-managepartners-display-component---NewPartner--btnAddTableRow-img"},"wdio_ui5_key":"applicationmanagepartners-display-component---NewPartner--btnAddTableRow-img"}]}
RESULT: undefined
COMMAND: POST /session/1f4369c590cc015c24359cd6d90be4de/element - {"using":"xpath","value":"//*[@id=\"application-managepartners-display-component---NewPartner--btnAddTableRow-img\"]"}
RESULT: {"using":"xpath","value":"//*[@id=\"application-managepartners-display-component---NewPartner--btnAddTableRow-img\"]"}
COMMAND: POST /session/1f4369c590cc015c24359cd6d90be4de/element/f.8EC51792AE8EAD5CEC6F142478755B93.d.1B4D1EE2951047EE2B8FE18411BCDD0F.e.5128/click - {}
RESULT: {}
COMMAND: GET /session/1f4369c590cc015c24359cd6d90be4de/screenshot - {}
RESULT: {}
COMMAND: POST /session/1f4369c590cc015c24359cd6d90be4de/element - {"using":"xpath","value":"//input[@id=\"application-managepartners-display-component---NewPartner--assignmentYard-application-managepartners-display-component---NewPartner--assignmentsTable-0-inner\"]"}
RESULT: {"using":"xpath","value":"//input[@id=\"application-managepartners-display-component---NewPartner--assignmentYard-application-managepartners-display-component---NewPartner--assignmentsTable-0-inner\"]"}
COMMAND: POST /session/1f4369c590cc015c24359cd6d90be4de/element/f.8EC51792AE8EAD5CEC6F142478755B93.d.1B4D1EE2951047EE2B8FE18411BCDD0F.e.5131/clear - {}
RESULT: {}
COMMAND: POST /session/1f4369c590cc015c24359cd6d90be4de/element/f.8EC51792AE8EAD5CEC6F142478755B93.d.1B4D1EE2951047EE2B8FE18411BCDD0F.e.5131/value - {"text":"743"}
COMMAND: GET /session/1f4369c590cc015c24359cd6d90be4de/screenshot - {}
RESULT: {"text":"743"}
COMMAND: GET /session/1f4369c590cc015c24359cd6d90be4de/screenshot - {}
RESULT: {}
RESULT: {}
COMMAND: POST /session/1f4369c590cc015c24359cd6d90be4de/element - {"using":"xpath","value":"//li[.//span[text()='743']]"}
RESULT: {"using":"xpath","value":"//li[.//span[text()='743']]"}
COMMAND: POST /session/1f4369c590cc015c24359cd6d90be4de/element/f.8EC51792AE8EAD5CEC6F142478755B93.d.1B4D1EE2951047EE2B8FE18411BCDD0F.e.5140/click - {}
RESULT: {}
COMMAND: GET /session/1f4369c590cc015c24359cd6d90be4de/screenshot - {}
RESULT: {}
COMMAND: POST /session/1f4369c590cc015c24359cd6d90be4de/actions - {"actions":[{"id":"action13","type":"key","parameters":{},"actions":[{"type":"keyDown","value":""},{"type":"pause","duration":10},{"type":"keyUp","value":""}]}]}
RESULT: {"actions":[{"id":"action13","type":"key","parameters":{},"actions":[{"type":"keyDown","value":""},{"type":"pause","duration":10},{"type":"keyUp","value":""}]}]}
COMMAND: POST /session/1f4369c590cc015c24359cd6d90be4de/execute/async - {"script":"<script> [1562 bytes]","args":[{"selector":{"id":"application-managepartners-display-component---NewPartner--externalCustomerComboBox-application-managepartners-display-component---NewPartner--assignmentsTable-0-vhi"},"wdio_ui5_key":"applicationmanagepartners-display-component---NewPartner--externalCustomerComboBox-application-managepartners-display-component---NewPartner--assignmentsTable-0-vhi"}]}
COMMAND: GET /session/1f4369c590cc015c24359cd6d90be4de/screenshot - {}
RESULT: {"script":"<script> [1562 bytes]","args":[{"selector":{"id":"application-managepartners-display-component---NewPartner--externalCustomerComboBox-application-managepartners-display-component---NewPartner--assignmentsTable-0-vhi"},"wdio_ui5_key":"applicationmanagepartners-display-component---NewPartner--externalCustomerComboBox-application-managepartners-display-component---NewPartner--assignmentsTable-0-vhi"}]}
RESULT: undefined
COMMAND: POST /session/1f4369c590cc015c24359cd6d90be4de/element - {"using":"xpath","value":"//*[@id=\"application-managepartners-display-component---NewPartner--externalCustomerComboBox-application-managepartners-display-component---NewPartner--assignmentsTable-0-vhi\"]"}
RESULT: {}
RESULT: {"using":"xpath","value":"//*[@id=\"application-managepartners-display-component---NewPartner--externalCustomerComboBox-application-managepartners-display-component---NewPartner--assignmentsTable-0-vhi\"]"}
COMMAND: POST /session/1f4369c590cc015c24359cd6d90be4de/element/f.8EC51792AE8EAD5CEC6F142478755B93.d.1B4D1EE2951047EE2B8FE18411BCDD0F.e.5144/click - {}
RESULT: {}
RESULT: undefined
COMMAND: POST /session/1f4369c590cc015c24359cd6d90be4de/execute/async - {"script":"<script> [776 bytes]","args":[{"enterText":"300003","selector":{"controlType":"sap.m.SearchField","properties":{"placeholder":"Search"},"searchOpenDialogs":true,"interaction":{"idSuffix":"I"}},"clearTextFirst":true,"interactionType":"ENTER_TEXT"}]}
COMMAND: GET /session/1f4369c590cc015c24359cd6d90be4de/screenshot - {}
RESULT: {"script":"<script> [776 bytes]","args":[{"enterText":"300003","selector":{"controlType":"sap.m.SearchField","properties":{"placeholder":"Search"},"searchOpenDialogs":true,"interaction":{"idSuffix":"I"}},"clearTextFirst":true,"interactionType":"ENTER_TEXT"}]}
COMMAND: POST /session/1f4369c590cc015c24359cd6d90be4de/actions - {"actions":[{"id":"action14","type":"key","parameters":{},"actions":[{"type":"keyDown","value":""},{"type":"pause","duration":10},{"type":"keyUp","value":""}]}]}
RESULT: {}
RESULT: {"actions":[{"id":"action14","type":"key","parameters":{},"actions":[{"type":"keyDown","value":""},{"type":"pause","duration":10},{"type":"keyUp","value":""}]}]}
COMMAND: GET /session/1f4369c590cc015c24359cd6d90be4de/screenshot - {}
RESULT: {}
COMMAND: POST /session/1f4369c590cc015c24359cd6d90be4de/element - {"using":"xpath","value":"//span[contains(text(), \"300003\")]"}
RESULT: {"using":"xpath","value":"//span[contains(text(), \"300003\")]"}
COMMAND: POST /session/1f4369c590cc015c24359cd6d90be4de/element/f.8EC51792AE8EAD5CEC6F142478755B93.d.1B4D1EE2951047EE2B8FE18411BCDD0F.e.5164/click - {}
RESULT: {}
COMMAND: GET /session/1f4369c590cc015c24359cd6d90be4de/screenshot - {}
RESULT: {}
COMMAND: POST /session/1f4369c590cc015c24359cd6d90be4de/element - {"using":"xpath","value":"//bdi[contains(text(), \"OK\")]"}
RESULT: {"using":"xpath","value":"//bdi[contains(text(), \"OK\")]"}
COMMAND: POST /session/1f4369c590cc015c24359cd6d90be4de/element/f.8EC51792AE8EAD5CEC6F142478755B93.d.1B4D1EE2951047EE2B8FE18411BCDD0F.e.5166/click - {}
RESULT: {}
COMMAND: GET /session/1f4369c590cc015c24359cd6d90be4de/screenshot - {}
RESULT: {}
COMMAND: POST /session/1f4369c590cc015c24359cd6d90be4de/execute/async - {"script":"<script> [1562 bytes]","args":[{"selector":{"id":"application-managepartners-display-component---NewPartner--intercompVendorComboBox-application-managepartners-display-component---NewPartner--assignmentsTable-0-vhi"},"wdio_ui5_key":"applicationmanagepartners-display-component---NewPartner--intercompVendorComboBox-application-managepartners-display-component---NewPartner--assignmentsTable-0-vhi"}]}
RESULT: {"script":"<script> [1562 bytes]","args":[{"selector":{"id":"application-managepartners-display-component---NewPartner--intercompVendorComboBox-application-managepartners-display-component---NewPartner--assignmentsTable-0-vhi"},"wdio_ui5_key":"applicationmanagepartners-display-component---NewPartner--intercompVendorComboBox-application-managepartners-display-component---NewPartner--assignmentsTable-0-vhi"}]}
RESULT: undefined
COMMAND: POST /session/1f4369c590cc015c24359cd6d90be4de/element - {"using":"xpath","value":"//*[@id=\"application-managepartners-display-component---NewPartner--intercompVendorComboBox-application-managepartners-display-component---NewPartner--assignmentsTable-0-vhi\"]"}
RESULT: {"using":"xpath","value":"//*[@id=\"application-managepartners-display-component---NewPartner--intercompVendorComboBox-application-managepartners-display-component---NewPartner--assignmentsTable-0-vhi\"]"}
COMMAND: POST /session/1f4369c590cc015c24359cd6d90be4de/element/f.8EC51792AE8EAD5CEC6F142478755B93.d.1B4D1EE2951047EE2B8FE18411BCDD0F.e.5169/click - {}
RESULT: {}
RESULT: undefined
COMMAND: POST /session/1f4369c590cc015c24359cd6d90be4de/execute/async - {"script":"<script> [776 bytes]","args":[{"enterText":"100005","selector":{"controlType":"sap.m.SearchField","properties":{"placeholder":"Search"},"searchOpenDialogs":true,"interaction":{"idSuffix":"I"}},"clearTextFirst":true,"interactionType":"ENTER_TEXT"}]}
COMMAND: GET /session/1f4369c590cc015c24359cd6d90be4de/screenshot - {}
RESULT: {"script":"<script> [776 bytes]","args":[{"enterText":"100005","selector":{"controlType":"sap.m.SearchField","properties":{"placeholder":"Search"},"searchOpenDialogs":true,"interaction":{"idSuffix":"I"}},"clearTextFirst":true,"interactionType":"ENTER_TEXT"}]}
COMMAND: POST /session/1f4369c590cc015c24359cd6d90be4de/actions - {"actions":[{"id":"action15","type":"key","parameters":{},"actions":[{"type":"keyDown","value":""},{"type":"pause","duration":10},{"type":"keyUp","value":""}]}]}
RESULT: {}
RESULT: {"actions":[{"id":"action15","type":"key","parameters":{},"actions":[{"type":"keyDown","value":""},{"type":"pause","duration":10},{"type":"keyUp","value":""}]}]}
COMMAND: GET /session/1f4369c590cc015c24359cd6d90be4de/screenshot - {}
RESULT: {}
COMMAND: POST /session/1f4369c590cc015c24359cd6d90be4de/element - {"using":"xpath","value":"//span[contains(text(), \"Penguins - Field/12345 Berlin\")]"}
RESULT: {"using":"xpath","value":"//span[contains(text(), \"Penguins - Field/12345 Berlin\")]"}
COMMAND: POST /session/1f4369c590cc015c24359cd6d90be4de/element/f.8EC51792AE8EAD5CEC6F142478755B93.d.1B4D1EE2951047EE2B8FE18411BCDD0F.e.5189/click - {}
RESULT: {}
COMMAND: GET /session/1f4369c590cc015c24359cd6d90be4de/screenshot - {}
RESULT: {}
COMMAND: POST /session/1f4369c590cc015c24359cd6d90be4de/element - {"using":"xpath","value":"//bdi[contains(text(), \"OK\")]"}
RESULT: {"using":"xpath","value":"//bdi[contains(text(), \"OK\")]"}
COMMAND: POST /session/1f4369c590cc015c24359cd6d90be4de/element/f.8EC51792AE8EAD5CEC6F142478755B93.d.1B4D1EE2951047EE2B8FE18411BCDD0F.e.5190/click - {}
RESULT: {}
COMMAND: GET /session/1f4369c590cc015c24359cd6d90be4de/screenshot - {}
RESULT: {}
COMMAND: POST /session/1f4369c590cc015c24359cd6d90be4de/element - {"using":"xpath","value":"//button[@data-kt=\"saveButton\"]"}
RESULT: {"using":"xpath","value":"//button[@data-kt=\"saveButton\"]"}
COMMAND: POST /session/1f4369c590cc015c24359cd6d90be4de/element/f.8EC51792AE8EAD5CEC6F142478755B93.d.1B4D1EE2951047EE2B8FE18411BCDD0F.e.5036/click - {}
RESULT: {}
COMMAND: GET /session/1f4369c590cc015c24359cd6d90be4de/screenshot - {}
RESULT: {}
COMMAND: POST /session/1f4369c590cc015c24359cd6d90be4de/element - {"using":"xpath","value":"//header[contains(@id, 'ObjectPageLayout-headerTitle')]/div[1]/div[2]/div[2]/span[1]"}
RESULT: {"using":"xpath","value":"//header[contains(@id, 'ObjectPageLayout-headerTitle')]/div[1]/div[2]/div[2]/span[1]"}
COMMAND: POST /session/1f4369c590cc015c24359cd6d90be4de/elements - {"using":"xpath","value":"//header[contains(@id, 'ObjectPageLayout-headerTitle')]/div[1]/div[2]/div[2]/span[1]"}
RESULT: {"using":"xpath","value":"//header[contains(@id, 'ObjectPageLayout-headerTitle')]/div[1]/div[2]/div[2]/span[1]"}
COMMAND: POST /session/1f4369c590cc015c24359cd6d90be4de/execute/sync - {"script":"<script> [56 bytes]","args":[{"element-6066-11e4-a52e-4f735466cecf":"f.8EC51792AE8EAD5CEC6F142478755B93.d.1B4D1EE2951047EE2B8FE18411BCDD0F.e.5356","ELEMENT":"f.8EC51792AE8EAD5CEC6F142478755B93.d.1B4D1EE2951047EE2B8FE18411BCDD0F.e.5356"}]}
RESULT: {"script":"<script> [56 bytes]","args":[{"element-6066-11e4-a52e-4f735466cecf":"f.8EC51792AE8EAD5CEC6F142478755B93.d.1B4D1EE2951047EE2B8FE18411BCDD0F.e.5356","ELEMENT":"f.8EC51792AE8EAD5CEC6F142478755B93.d.1B4D1EE2951047EE2B8FE18411BCDD0F.e.5356"}]}
COMMAND: POST /session/1f4369c590cc015c24359cd6d90be4de/element - {"using":"css selector","value":"#shell-header-logo"}
COMMAND: GET /session/1f4369c590cc015c24359cd6d90be4de/screenshot - {}
RESULT: {"using":"css selector","value":"#shell-header-logo"}
COMMAND: POST /session/1f4369c590cc015c24359cd6d90be4de/element/f.8EC51792AE8EAD5CEC6F142478755B93.d.1B4D1EE2951047EE2B8FE18411BCDD0F.e.4569/click - {}
RESULT: {}
RESULT: {}
COMMAND: GET /session/1f4369c590cc015c24359cd6d90be4de/screenshot - {}
RESULT: {}
COMMAND: POST /session/1f4369c590cc015c24359cd6d90be4de/execute/sync - {"script":"<script> [299 bytes]","args":[["getModel","getResource"]]}
RESULT: {"script":"<script> [299 bytes]","args":[["getModel","getResource"]]}
RESULT: undefined
COMMAND: POST /session/1f4369c590cc015c24359cd6d90be4de/element - {"using":"xpath","value":"//*[@id=\"__tile30\"]"}
COMMAND: GET /session/1f4369c590cc015c24359cd6d90be4de/screenshot - {}
RESULT: {"using":"xpath","value":"//*[@id=\"__tile30\"]"}
COMMAND: POST /session/1f4369c590cc015c24359cd6d90be4de/element/f.8EC51792AE8EAD5CEC6F142478755B93.d.1B4D1EE2951047EE2B8FE18411BCDD0F.e.4489/click - {}
RESULT: {}
RESULT: {}
COMMAND: POST /session/1f4369c590cc015c24359cd6d90be4de/element - {"using":"xpath","value":"//button[@data-kt=\"addButton\"]"}
COMMAND: GET /session/1f4369c590cc015c24359cd6d90be4de/screenshot - {}
RESULT: {"using":"xpath","value":"//button[@data-kt=\"addButton\"]"}
COMMAND: POST /session/1f4369c590cc015c24359cd6d90be4de/elements - {"using":"xpath","value":"//button[@data-kt=\"addButton\"]"}
RESULT: {}
RESULT: {"using":"xpath","value":"//button[@data-kt=\"addButton\"]"}
COMMAND: POST /session/1f4369c590cc015c24359cd6d90be4de/elements - {"using":"xpath","value":"//button[@data-kt=\"addButton\"]"}
RESULT: {"using":"xpath","value":"//button[@data-kt=\"addButton\"]"}
COMMAND: POST /session/1f4369c590cc015c24359cd6d90be4de/elements - {"using":"xpath","value":"//button[@data-kt=\"addButton\"]"}
RESULT: {"using":"xpath","value":"//button[@data-kt=\"addButton\"]"}
COMMAND: POST /session/1f4369c590cc015c24359cd6d90be4de/elements - {"using":"xpath","value":"//button[@data-kt=\"addButton\"]"}
RESULT: {"using":"xpath","value":"//button[@data-kt=\"addButton\"]"}
COMMAND: POST /session/1f4369c590cc015c24359cd6d90be4de/elements - {"using":"xpath","value":"//button[@data-kt=\"addButton\"]"}
RESULT: {"using":"xpath","value":"//button[@data-kt=\"addButton\"]"}
COMMAND: POST /session/1f4369c590cc015c24359cd6d90be4de/elements - {"using":"xpath","value":"//button[@data-kt=\"addButton\"]"}
RESULT: {"using":"xpath","value":"//button[@data-kt=\"addButton\"]"}
COMMAND: POST /session/1f4369c590cc015c24359cd6d90be4de/elements - {"using":"xpath","value":"//button[@data-kt=\"addButton\"]"}
RESULT: {"using":"xpath","value":"//button[@data-kt=\"addButton\"]"}
COMMAND: POST /session/1f4369c590cc015c24359cd6d90be4de/elements - {"using":"xpath","value":"//button[@data-kt=\"addButton\"]"}
RESULT: {"using":"xpath","value":"//button[@data-kt=\"addButton\"]"}
COMMAND: POST /session/1f4369c590cc015c24359cd6d90be4de/elements - {"using":"xpath","value":"//button[@data-kt=\"addButton\"]"}
RESULT: {"using":"xpath","value":"//button[@data-kt=\"addButton\"]"}
COMMAND: POST /session/1f4369c590cc015c24359cd6d90be4de/elements - {"using":"xpath","value":"//button[@data-kt=\"addButton\"]"}
RESULT: {"using":"xpath","value":"//button[@data-kt=\"addButton\"]"}
COMMAND: POST /session/1f4369c590cc015c24359cd6d90be4de/elements - {"using":"xpath","value":"//button[@data-kt=\"addButton\"]"}
RESULT: {"using":"xpath","value":"//button[@data-kt=\"addButton\"]"}
COMMAND: POST /session/1f4369c590cc015c24359cd6d90be4de/elements - {"using":"xpath","value":"//button[@data-kt=\"addButton\"]"}
RESULT: {"using":"xpath","value":"//button[@data-kt=\"addButton\"]"}
COMMAND: POST /session/1f4369c590cc015c24359cd6d90be4de/element - {"using":"xpath","value":"//button[@data-kt=\"addButton\"]"}
RESULT: {"using":"xpath","value":"//button[@data-kt=\"addButton\"]"}
COMMAND: POST /session/1f4369c590cc015c24359cd6d90be4de/execute/sync - {"script":"<script> [8489 bytes]","args":[{"element-6066-11e4-a52e-4f735466cecf":"f.8EC51792AE8EAD5CEC6F142478755B93.d.1B4D1EE2951047EE2B8FE18411BCDD0F.e.5403","ELEMENT":"f.8EC51792AE8EAD5CEC6F142478755B93.d.1B4D1EE2951047EE2B8FE18411BCDD0F.e.5403"}]}
RESULT: {"script":"<script> [8489 bytes]","args":[{"element-6066-11e4-a52e-4f735466cecf":"f.8EC51792AE8EAD5CEC6F142478755B93.d.1B4D1EE2951047EE2B8FE18411BCDD0F.e.5403","ELEMENT":"f.8EC51792AE8EAD5CEC6F142478755B93.d.1B4D1EE2951047EE2B8FE18411BCDD0F.e.5403"}]}
COMMAND: GET /session/1f4369c590cc015c24359cd6d90be4de/element/f.8EC51792AE8EAD5CEC6F142478755B93.d.1B4D1EE2951047EE2B8FE18411BCDD0F.e.5403/enabled - {}
COMMAND: GET /session/1f4369c590cc015c24359cd6d90be4de/screenshot - {}
RESULT: {}
COMMAND: POST /session/1f4369c590cc015c24359cd6d90be4de/execute/sync - {"script":"<script> [8489 bytes]","args":[{"element-6066-11e4-a52e-4f735466cecf":"f.8EC51792AE8EAD5CEC6F142478755B93.d.1B4D1EE2951047EE2B8FE18411BCDD0F.e.5403","ELEMENT":"f.8EC51792AE8EAD5CEC6F142478755B93.d.1B4D1EE2951047EE2B8FE18411BCDD0F.e.5403"}]}
COMMAND: GET /session/1f4369c590cc015c24359cd6d90be4de/screenshot - {}
RESULT: {}
RESULT: {"script":"<script> [8489 bytes]","args":[{"element-6066-11e4-a52e-4f735466cecf":"f.8EC51792AE8EAD5CEC6F142478755B93.d.1B4D1EE2951047EE2B8FE18411BCDD0F.e.5403","ELEMENT":"f.8EC51792AE8EAD5CEC6F142478755B93.d.1B4D1EE2951047EE2B8FE18411BCDD0F.e.5403"}]}
COMMAND: POST /session/1f4369c590cc015c24359cd6d90be4de/execute/sync - {"script":"<script> [5351 bytes]","args":[{"element-6066-11e4-a52e-4f735466cecf":"f.8EC51792AE8EAD5CEC6F142478755B93.d.1B4D1EE2951047EE2B8FE18411BCDD0F.e.5403","ELEMENT":"f.8EC51792AE8EAD5CEC6F142478755B93.d.1B4D1EE2951047EE2B8FE18411BCDD0F.e.5403"}]}
COMMAND: GET /session/1f4369c590cc015c24359cd6d90be4de/screenshot - {}
RESULT: {}
RESULT: {"script":"<script> [5351 bytes]","args":[{"element-6066-11e4-a52e-4f735466cecf":"f.8EC51792AE8EAD5CEC6F142478755B93.d.1B4D1EE2951047EE2B8FE18411BCDD0F.e.5403","ELEMENT":"f.8EC51792AE8EAD5CEC6F142478755B93.d.1B4D1EE2951047EE2B8FE18411BCDD0F.e.5403"}]}
COMMAND: GET /session/1f4369c590cc015c24359cd6d90be4de/screenshot - {}
RESULT: {}
RESULT: {}
COMMAND: POST /session/1f4369c590cc015c24359cd6d90be4de/execute/async - {"script":"<script> [1562 bytes]","args":[{"selector":{"id":"application-managepartners-display-component---masterPtm--smartFilterBar-btnBasicSearch","interaction":{"idSuffix":"I"}},"wdio_ui5_key":"applicationmanagepartners-display-component---masterPtm--smartFilterBar-btnBasicSearch"}]}
RESULT: {"script":"<script> [1562 bytes]","args":[{"selector":{"id":"application-managepartners-display-component---masterPtm--smartFilterBar-btnBasicSearch","interaction":{"idSuffix":"I"}},"wdio_ui5_key":"applicationmanagepartners-display-component---masterPtm--smartFilterBar-btnBasicSearch"}]}
RESULT: undefined
COMMAND: POST /session/1f4369c590cc015c24359cd6d90be4de/execute/async - {"script":"<script> [776 bytes]","args":[{"enterText":"1596","selector":{"id":"application-managepartners-display-component---masterPtm--smartFilterBar-btnBasicSearch","interaction":{"idSuffix":"I"}},"clearTextFirst":true,"interactionType":"ENTER_TEXT"}]}
RESULT: {"script":"<script> [776 bytes]","args":[{"enterText":"1596","selector":{"id":"application-managepartners-display-component---masterPtm--smartFilterBar-btnBasicSearch","interaction":{"idSuffix":"I"}},"clearTextFirst":true,"interactionType":"ENTER_TEXT"}]}
COMMAND: POST /session/1f4369c590cc015c24359cd6d90be4de/actions - {"actions":[{"id":"action16","type":"key","parameters":{},"actions":[{"type":"keyDown","value":""},{"type":"pause","duration":10},{"type":"keyUp","value":""}]}]}
RESULT: {"actions":[{"id":"action16","type":"key","parameters":{},"actions":[{"type":"keyDown","value":""},{"type":"pause","duration":10},{"type":"keyUp","value":""}]}]}
COMMAND: GET /session/1f4369c590cc015c24359cd6d90be4de/screenshot - {}
RESULT: {}
COMMAND: POST /session/1f4369c590cc015c24359cd6d90be4de/elements - {"using":"xpath","value":"//table[contains(@id, \"customPartnersTable-listUl\")]/tbody/tr"}
RESULT: {"using":"xpath","value":"//table[contains(@id, \"customPartnersTable-listUl\")]/tbody/tr"}
COMMAND: POST /session/1f4369c590cc015c24359cd6d90be4de/element - {"using":"xpath","value":"//table[contains(@id, \"customPartnersTable-listUl\")]/tbody/tr[1]/td[3]/span"}
RESULT: {"using":"xpath","value":"//table[contains(@id, \"customPartnersTable-listUl\")]/tbody/tr[1]/td[3]/span"}
COMMAND: POST /session/1f4369c590cc015c24359cd6d90be4de/elements - {"using":"xpath","value":"//table[contains(@id, \"customPartnersTable-listUl\")]/tbody/tr[1]/td[3]/span"}
RESULT: {"using":"xpath","value":"//table[contains(@id, \"customPartnersTable-listUl\")]/tbody/tr[1]/td[3]/span"}
COMMAND: POST /session/1f4369c590cc015c24359cd6d90be4de/execute/sync - {"script":"<script> [56 bytes]","args":[{"element-6066-11e4-a52e-4f735466cecf":"f.8EC51792AE8EAD5CEC6F142478755B93.d.1B4D1EE2951047EE2B8FE18411BCDD0F.e.5538","ELEMENT":"f.8EC51792AE8EAD5CEC6F142478755B93.d.1B4D1EE2951047EE2B8FE18411BCDD0F.e.5538"}]}
RESULT: {"script":"<script> [56 bytes]","args":[{"element-6066-11e4-a52e-4f735466cecf":"f.8EC51792AE8EAD5CEC6F142478755B93.d.1B4D1EE2951047EE2B8FE18411BCDD0F.e.5538","ELEMENT":"f.8EC51792AE8EAD5CEC6F142478755B93.d.1B4D1EE2951047EE2B8FE18411BCDD0F.e.5538"}]}
COMMAND: POST /session/1f4369c590cc015c24359cd6d90be4de/element - {"using":"xpath","value":"(//span[contains(@id, \"imgNav\")])[1]"}
COMMAND: GET /session/1f4369c590cc015c24359cd6d90be4de/screenshot - {}
RESULT: {"using":"xpath","value":"(//span[contains(@id, \"imgNav\")])[1]"}
COMMAND: POST /session/1f4369c590cc015c24359cd6d90be4de/element/f.8EC51792AE8EAD5CEC6F142478755B93.d.1B4D1EE2951047EE2B8FE18411BCDD0F.e.5536/click - {}
RESULT: {}
RESULT: {}
COMMAND: GET /session/1f4369c590cc015c24359cd6d90be4de/screenshot - {}
RESULT: {}
COMMAND: POST /session/1f4369c590cc015c24359cd6d90be4de/element - {"using":"xpath","value":"//bdi[contains(text(), \"Edit\")]"}
RESULT: {"using":"xpath","value":"//bdi[contains(text(), \"Edit\")]"}
COMMAND: POST /session/1f4369c590cc015c24359cd6d90be4de/element/f.8EC51792AE8EAD5CEC6F142478755B93.d.1B4D1EE2951047EE2B8FE18411BCDD0F.e.5683/click - {}
RESULT: {}
COMMAND: GET /session/1f4369c590cc015c24359cd6d90be4de/screenshot - {}
RESULT: {}
COMMAND: POST /session/1f4369c590cc015c24359cd6d90be4de/execute/async - {"script":"<script> [1562 bytes]","args":[{"selector":{"controlType":"sap.m.Input","viewName":"etm.portal.ui.managepartners.view.EditDetail","labelFor":{"text":"Name"},"interaction":{"idSuffix":"inner"}},"wdio_ui5_key":"etmportal.ui.managepartners.view.EditDetailsap.m.Input{\"text\":\"Name\"}"}]}
RESULT: {"script":"<script> [1562 bytes]","args":[{"selector":{"controlType":"sap.m.Input","viewName":"etm.portal.ui.managepartners.view.EditDetail","labelFor":{"text":"Name"},"interaction":{"idSuffix":"inner"}},"wdio_ui5_key":"etmportal.ui.managepartners.view.EditDetailsap.m.Input{\"text\":\"Name\"}"}]}
RESULT: undefined
COMMAND: POST /session/1f4369c590cc015c24359cd6d90be4de/execute/async - {"script":"<script> [776 bytes]","args":[{"enterText":"Intracompany EDIT","selector":{"controlType":"sap.m.Input","viewName":"etm.portal.ui.managepartners.view.EditDetail","labelFor":{"text":"Name"},"interaction":{"idSuffix":"inner"}},"clearTextFirst":true,"interactionType":"ENTER_TEXT"}]}
RESULT: {"script":"<script> [776 bytes]","args":[{"enterText":"Intracompany EDIT","selector":{"controlType":"sap.m.Input","viewName":"etm.portal.ui.managepartners.view.EditDetail","labelFor":{"text":"Name"},"interaction":{"idSuffix":"inner"}},"clearTextFirst":true,"interactionType":"ENTER_TEXT"}]}
COMMAND: POST /session/1f4369c590cc015c24359cd6d90be4de/element - {"using":"xpath","value":"(//span[contains(@id,\"addressDetailDetailsLanguage-arrow\")])[1]"}
RESULT: {"using":"xpath","value":"(//span[contains(@id,\"addressDetailDetailsLanguage-arrow\")])[1]"}
COMMAND: POST /session/1f4369c590cc015c24359cd6d90be4de/element/f.8EC51792AE8EAD5CEC6F142478755B93.d.1B4D1EE2951047EE2B8FE18411BCDD0F.e.5766/click - {}
RESULT: {}
COMMAND: POST /session/1f4369c590cc015c24359cd6d90be4de/element - {"using":"xpath","value":"//span[contains(text(), \"Chinese\")]"}
COMMAND: GET /session/1f4369c590cc015c24359cd6d90be4de/screenshot - {}
RESULT: {"using":"xpath","value":"//span[contains(text(), \"Chinese\")]"}
COMMAND: POST /session/1f4369c590cc015c24359cd6d90be4de/element/f.8EC51792AE8EAD5CEC6F142478755B93.d.1B4D1EE2951047EE2B8FE18411BCDD0F.e.5767/click - {}
RESULT: {}
RESULT: {}
COMMAND: GET /session/1f4369c590cc015c24359cd6d90be4de/screenshot - {}
RESULT: {}
COMMAND: POST /session/1f4369c590cc015c24359cd6d90be4de/execute/async - {"script":"<script> [1562 bytes]","args":[{"selector":{"controlType":"sap.m.Input","viewName":"etm.portal.ui.managepartners.view.EditDetail","labelFor":{"text":"City"},"interaction":{"idSuffix":"inner"}},"wdio_ui5_key":"etmportal.ui.managepartners.view.EditDetailsap.m.Input{\"text\":\"City\"}"}]}
RESULT: {"script":"<script> [1562 bytes]","args":[{"selector":{"controlType":"sap.m.Input","viewName":"etm.portal.ui.managepartners.view.EditDetail","labelFor":{"text":"City"},"interaction":{"idSuffix":"inner"}},"wdio_ui5_key":"etmportal.ui.managepartners.view.EditDetailsap.m.Input{\"text\":\"City\"}"}]}
RESULT: undefined
COMMAND: POST /session/1f4369c590cc015c24359cd6d90be4de/execute/async - {"script":"<script> [776 bytes]","args":[{"enterText":"Clooj-Napoca","selector":{"controlType":"sap.m.Input","viewName":"etm.portal.ui.managepartners.view.EditDetail","labelFor":{"text":"City"},"interaction":{"idSuffix":"inner"}},"clearTextFirst":true,"interactionType":"ENTER_TEXT"}]}
RESULT: {"script":"<script> [776 bytes]","args":[{"enterText":"Clooj-Napoca","selector":{"controlType":"sap.m.Input","viewName":"etm.portal.ui.managepartners.view.EditDetail","labelFor":{"text":"City"},"interaction":{"idSuffix":"inner"}},"clearTextFirst":true,"interactionType":"ENTER_TEXT"}]}
COMMAND: POST /session/1f4369c590cc015c24359cd6d90be4de/element - {"using":"xpath","value":"//button[@data-kt=\"saveButton\"]"}
RESULT: {"using":"xpath","value":"//button[@data-kt=\"saveButton\"]"}
COMMAND: POST /session/1f4369c590cc015c24359cd6d90be4de/element/f.8EC51792AE8EAD5CEC6F142478755B93.d.1B4D1EE2951047EE2B8FE18411BCDD0F.e.5746/click - {}
RESULT: {}
COMMAND: GET /session/1f4369c590cc015c24359cd6d90be4de/screenshot - {}
RESULT: {}
COMMAND: POST /session/1f4369c590cc015c24359cd6d90be4de/execute/async - {"script":"<script> [1562 bytes]","args":[{"selector":{"id":"application-managepartners-display-component---detailPtm--addressDetailDetailsName1"},"wdio_ui5_key":"applicationmanagepartners-display-component---detailPtm--addressDetailDetailsName1"}]}
RESULT: {"script":"<script> [1562 bytes]","args":[{"selector":{"id":"application-managepartners-display-component---detailPtm--addressDetailDetailsName1"},"wdio_ui5_key":"applicationmanagepartners-display-component---detailPtm--addressDetailDetailsName1"}]}
RESULT: undefined
COMMAND: POST /session/1f4369c590cc015c24359cd6d90be4de/execute/async - {"script":"<script> [6424 bytes]","args":[{"element-6066-11e4-a52e-4f735466cecf":"f.8EC51792AE8EAD5CEC6F142478755B93.d.1B4D1EE2951047EE2B8FE18411BCDD0F.e.5798"},"getValue",[]]}
RESULT: {"script":"<script> [6424 bytes]","args":[{"element-6066-11e4-a52e-4f735466cecf":"f.8EC51792AE8EAD5CEC6F142478755B93.d.1B4D1EE2951047EE2B8FE18411BCDD0F.e.5798"},"getValue",[]]}
COMMAND: POST /session/1f4369c590cc015c24359cd6d90be4de/element - {"using":"xpath","value":"//input[@id = \"application-managepartners-display-component---detailPtm--addressDetailDetailsLanguage-inner\"]"}
RESULT: {"using":"xpath","value":"//input[@id = \"application-managepartners-display-component---detailPtm--addressDetailDetailsLanguage-inner\"]"}
COMMAND: GET /session/1f4369c590cc015c24359cd6d90be4de/element/f.8EC51792AE8EAD5CEC6F142478755B93.d.1B4D1EE2951047EE2B8FE18411BCDD0F.e.5799/property/value - {}
RESULT: {}
COMMAND: POST /session/1f4369c590cc015c24359cd6d90be4de/execute/async - {"script":"<script> [1562 bytes]","args":[{"selector":{"id":"application-managepartners-display-component---detailPtm--addressDetailDetailsCity1"},"wdio_ui5_key":"applicationmanagepartners-display-component---detailPtm--addressDetailDetailsCity1"}]}
COMMAND: GET /session/1f4369c590cc015c24359cd6d90be4de/screenshot - {}
RESULT: {"script":"<script> [1562 bytes]","args":[{"selector":{"id":"application-managepartners-display-component---detailPtm--addressDetailDetailsCity1"},"wdio_ui5_key":"applicationmanagepartners-display-component---detailPtm--addressDetailDetailsCity1"}]}
RESULT: undefined
COMMAND: POST /session/1f4369c590cc015c24359cd6d90be4de/execute/async - {"script":"<script> [6424 bytes]","args":[{"element-6066-11e4-a52e-4f735466cecf":"f.8EC51792AE8EAD5CEC6F142478755B93.d.1B4D1EE2951047EE2B8FE18411BCDD0F.e.5800"},"getValue",[]]}
RESULT: {}
RESULT: {"script":"<script> [6424 bytes]","args":[{"element-6066-11e4-a52e-4f735466cecf":"f.8EC51792AE8EAD5CEC6F142478755B93.d.1B4D1EE2951047EE2B8FE18411BCDD0F.e.5800"},"getValue",[]]}
COMMAND: POST /session/1f4369c590cc015c24359cd6d90be4de/element - {"using":"css selector","value":"#shell-header-logo"}
RESULT: {"using":"css selector","value":"#shell-header-logo"}
COMMAND: POST /session/1f4369c590cc015c24359cd6d90be4de/element/f.8EC51792AE8EAD5CEC6F142478755B93.d.1B4D1EE2951047EE2B8FE18411BCDD0F.e.5359/click - {}
RESULT: {}
COMMAND: GET /session/1f4369c590cc015c24359cd6d90be4de/screenshot - {}
RESULT: {}
]]></system-out>
    </testcase>
    <testcase classname="chrome.135_0_7049_42.windows.Partner_specific_tests_US150819_US151080_US151654_US151176_US103444_US151078_US151079_US151109_US151174_US151175_US151189" name="Should do filtering and navigation tests US151109" time="156.982">
      <system-out><![CDATA[
COMMAND: POST /session/1f4369c590cc015c24359cd6d90be4de/element - {"using":"xpath","value":"//li[.//span[text()=\"Manage Partners\"]]"}
RESULT: {"using":"xpath","value":"//li[.//span[text()=\"Manage Partners\"]]"}
COMMAND: POST /session/1f4369c590cc015c24359cd6d90be4de/element - {"using":"xpath","value":"//li[.//span[text()=\"Manage Partners\"]]"}
RESULT: {"using":"xpath","value":"//li[.//span[text()=\"Manage Partners\"]]"}
COMMAND: POST /session/1f4369c590cc015c24359cd6d90be4de/element - {"using":"css selector","value":"#shell-header-logo"}
RESULT: {"using":"css selector","value":"#shell-header-logo"}
COMMAND: POST /session/1f4369c590cc015c24359cd6d90be4de/element/f.8EC51792AE8EAD5CEC6F142478755B93.d.1B4D1EE2951047EE2B8FE18411BCDD0F.e.5830/click - {}
COMMAND: POST /session/1f4369c590cc015c24359cd6d90be4de/execute/sync - {"script":"<script> [8489 bytes]","args":[{"element-6066-11e4-a52e-4f735466cecf":"f.8EC51792AE8EAD5CEC6F142478755B93.d.1B4D1EE2951047EE2B8FE18411BCDD0F.e.5830","ELEMENT":"f.8EC51792AE8EAD5CEC6F142478755B93.d.1B4D1EE2951047EE2B8FE18411BCDD0F.e.5830"}]}
RESULT: {}
COMMAND: GET /session/1f4369c590cc015c24359cd6d90be4de/screenshot - {}
RESULT: {"script":"<script> [8489 bytes]","args":[{"element-6066-11e4-a52e-4f735466cecf":"f.8EC51792AE8EAD5CEC6F142478755B93.d.1B4D1EE2951047EE2B8FE18411BCDD0F.e.5830","ELEMENT":"f.8EC51792AE8EAD5CEC6F142478755B93.d.1B4D1EE2951047EE2B8FE18411BCDD0F.e.5830"}]}
COMMAND: POST /session/1f4369c590cc015c24359cd6d90be4de/execute/sync - {"script":"<script> [5351 bytes]","args":[{"element-6066-11e4-a52e-4f735466cecf":"f.8EC51792AE8EAD5CEC6F142478755B93.d.1B4D1EE2951047EE2B8FE18411BCDD0F.e.5830","ELEMENT":"f.8EC51792AE8EAD5CEC6F142478755B93.d.1B4D1EE2951047EE2B8FE18411BCDD0F.e.5830"}]}
COMMAND: GET /session/1f4369c590cc015c24359cd6d90be4de/screenshot - {}
RESULT: {}
RESULT: {"script":"<script> [5351 bytes]","args":[{"element-6066-11e4-a52e-4f735466cecf":"f.8EC51792AE8EAD5CEC6F142478755B93.d.1B4D1EE2951047EE2B8FE18411BCDD0F.e.5830","ELEMENT":"f.8EC51792AE8EAD5CEC6F142478755B93.d.1B4D1EE2951047EE2B8FE18411BCDD0F.e.5830"}]}
COMMAND: GET /session/1f4369c590cc015c24359cd6d90be4de/screenshot - {}
RESULT: {}
RESULT: {}
RESULT: undefined
COMMAND: POST /session/1f4369c590cc015c24359cd6d90be4de/element - {"using":"xpath","value":"//*[@id=\"__tile30\"]"}
RESULT: {"using":"xpath","value":"//*[@id=\"__tile30\"]"}
COMMAND: POST /session/1f4369c590cc015c24359cd6d90be4de/element/f.8EC51792AE8EAD5CEC6F142478755B93.d.1B4D1EE2951047EE2B8FE18411BCDD0F.e.4489/click - {}
RESULT: {}
COMMAND: POST /session/1f4369c590cc015c24359cd6d90be4de/element - {"using":"xpath","value":"//button[@data-kt=\"addButton\"]"}
COMMAND: GET /session/1f4369c590cc015c24359cd6d90be4de/screenshot - {}
RESULT: {"using":"xpath","value":"//button[@data-kt=\"addButton\"]"}
COMMAND: POST /session/1f4369c590cc015c24359cd6d90be4de/elements - {"using":"xpath","value":"//button[@data-kt=\"addButton\"]"}
RESULT: {}
RESULT: {"using":"xpath","value":"//button[@data-kt=\"addButton\"]"}
COMMAND: POST /session/1f4369c590cc015c24359cd6d90be4de/elements - {"using":"xpath","value":"//button[@data-kt=\"addButton\"]"}
RESULT: {"using":"xpath","value":"//button[@data-kt=\"addButton\"]"}
COMMAND: POST /session/1f4369c590cc015c24359cd6d90be4de/elements - {"using":"xpath","value":"//button[@data-kt=\"addButton\"]"}
RESULT: {"using":"xpath","value":"//button[@data-kt=\"addButton\"]"}
COMMAND: POST /session/1f4369c590cc015c24359cd6d90be4de/elements - {"using":"xpath","value":"//button[@data-kt=\"addButton\"]"}
RESULT: {"using":"xpath","value":"//button[@data-kt=\"addButton\"]"}
COMMAND: POST /session/1f4369c590cc015c24359cd6d90be4de/elements - {"using":"xpath","value":"//button[@data-kt=\"addButton\"]"}
RESULT: {"using":"xpath","value":"//button[@data-kt=\"addButton\"]"}
COMMAND: POST /session/1f4369c590cc015c24359cd6d90be4de/elements - {"using":"xpath","value":"//button[@data-kt=\"addButton\"]"}
RESULT: {"using":"xpath","value":"//button[@data-kt=\"addButton\"]"}
COMMAND: POST /session/1f4369c590cc015c24359cd6d90be4de/elements - {"using":"xpath","value":"//button[@data-kt=\"addButton\"]"}
RESULT: {"using":"xpath","value":"//button[@data-kt=\"addButton\"]"}
COMMAND: POST /session/1f4369c590cc015c24359cd6d90be4de/elements - {"using":"xpath","value":"//button[@data-kt=\"addButton\"]"}
RESULT: {"using":"xpath","value":"//button[@data-kt=\"addButton\"]"}
COMMAND: POST /session/1f4369c590cc015c24359cd6d90be4de/elements - {"using":"xpath","value":"//button[@data-kt=\"addButton\"]"}
RESULT: {"using":"xpath","value":"//button[@data-kt=\"addButton\"]"}
COMMAND: POST /session/1f4369c590cc015c24359cd6d90be4de/elements - {"using":"xpath","value":"//button[@data-kt=\"addButton\"]"}
RESULT: {"using":"xpath","value":"//button[@data-kt=\"addButton\"]"}
COMMAND: POST /session/1f4369c590cc015c24359cd6d90be4de/elements - {"using":"xpath","value":"//button[@data-kt=\"addButton\"]"}
RESULT: {"using":"xpath","value":"//button[@data-kt=\"addButton\"]"}
COMMAND: POST /session/1f4369c590cc015c24359cd6d90be4de/elements - {"using":"xpath","value":"//button[@data-kt=\"addButton\"]"}
RESULT: {"using":"xpath","value":"//button[@data-kt=\"addButton\"]"}
COMMAND: POST /session/1f4369c590cc015c24359cd6d90be4de/elements - {"using":"xpath","value":"//button[@data-kt=\"addButton\"]"}
RESULT: {"using":"xpath","value":"//button[@data-kt=\"addButton\"]"}
COMMAND: POST /session/1f4369c590cc015c24359cd6d90be4de/elements - {"using":"xpath","value":"//button[@data-kt=\"addButton\"]"}
RESULT: {"using":"xpath","value":"//button[@data-kt=\"addButton\"]"}
COMMAND: POST /session/1f4369c590cc015c24359cd6d90be4de/elements - {"using":"xpath","value":"//button[@data-kt=\"addButton\"]"}
RESULT: {"using":"xpath","value":"//button[@data-kt=\"addButton\"]"}
COMMAND: POST /session/1f4369c590cc015c24359cd6d90be4de/elements - {"using":"xpath","value":"//button[@data-kt=\"addButton\"]"}
RESULT: {"using":"xpath","value":"//button[@data-kt=\"addButton\"]"}
COMMAND: POST /session/1f4369c590cc015c24359cd6d90be4de/element - {"using":"xpath","value":"//button[@data-kt=\"addButton\"]"}
RESULT: {"using":"xpath","value":"//button[@data-kt=\"addButton\"]"}
COMMAND: POST /session/1f4369c590cc015c24359cd6d90be4de/execute/sync - {"script":"<script> [8489 bytes]","args":[{"element-6066-11e4-a52e-4f735466cecf":"f.8EC51792AE8EAD5CEC6F142478755B93.d.1B4D1EE2951047EE2B8FE18411BCDD0F.e.5875","ELEMENT":"f.8EC51792AE8EAD5CEC6F142478755B93.d.1B4D1EE2951047EE2B8FE18411BCDD0F.e.5875"}]}
RESULT: {"script":"<script> [8489 bytes]","args":[{"element-6066-11e4-a52e-4f735466cecf":"f.8EC51792AE8EAD5CEC6F142478755B93.d.1B4D1EE2951047EE2B8FE18411BCDD0F.e.5875","ELEMENT":"f.8EC51792AE8EAD5CEC6F142478755B93.d.1B4D1EE2951047EE2B8FE18411BCDD0F.e.5875"}]}
COMMAND: GET /session/1f4369c590cc015c24359cd6d90be4de/element/f.8EC51792AE8EAD5CEC6F142478755B93.d.1B4D1EE2951047EE2B8FE18411BCDD0F.e.5875/enabled - {}
COMMAND: GET /session/1f4369c590cc015c24359cd6d90be4de/screenshot - {}
RESULT: {}
COMMAND: POST /session/1f4369c590cc015c24359cd6d90be4de/execute/sync - {"script":"<script> [8489 bytes]","args":[{"element-6066-11e4-a52e-4f735466cecf":"f.8EC51792AE8EAD5CEC6F142478755B93.d.1B4D1EE2951047EE2B8FE18411BCDD0F.e.5875","ELEMENT":"f.8EC51792AE8EAD5CEC6F142478755B93.d.1B4D1EE2951047EE2B8FE18411BCDD0F.e.5875"}]}
COMMAND: GET /session/1f4369c590cc015c24359cd6d90be4de/screenshot - {}
RESULT: {}
RESULT: {"script":"<script> [8489 bytes]","args":[{"element-6066-11e4-a52e-4f735466cecf":"f.8EC51792AE8EAD5CEC6F142478755B93.d.1B4D1EE2951047EE2B8FE18411BCDD0F.e.5875","ELEMENT":"f.8EC51792AE8EAD5CEC6F142478755B93.d.1B4D1EE2951047EE2B8FE18411BCDD0F.e.5875"}]}
COMMAND: POST /session/1f4369c590cc015c24359cd6d90be4de/execute/sync - {"script":"<script> [5351 bytes]","args":[{"element-6066-11e4-a52e-4f735466cecf":"f.8EC51792AE8EAD5CEC6F142478755B93.d.1B4D1EE2951047EE2B8FE18411BCDD0F.e.5875","ELEMENT":"f.8EC51792AE8EAD5CEC6F142478755B93.d.1B4D1EE2951047EE2B8FE18411BCDD0F.e.5875"}]}
COMMAND: GET /session/1f4369c590cc015c24359cd6d90be4de/screenshot - {}
RESULT: {}
RESULT: {"script":"<script> [5351 bytes]","args":[{"element-6066-11e4-a52e-4f735466cecf":"f.8EC51792AE8EAD5CEC6F142478755B93.d.1B4D1EE2951047EE2B8FE18411BCDD0F.e.5875","ELEMENT":"f.8EC51792AE8EAD5CEC6F142478755B93.d.1B4D1EE2951047EE2B8FE18411BCDD0F.e.5875"}]}
COMMAND: GET /session/1f4369c590cc015c24359cd6d90be4de/screenshot - {}
RESULT: {}
RESULT: {}
COMMAND: POST /session/1f4369c590cc015c24359cd6d90be4de/element - {"using":"xpath","value":"//span[@id=\"application-managepartners-display-component---masterPtm--smartTable-header-inner\"]"}
RESULT: {"using":"xpath","value":"//span[@id=\"application-managepartners-display-component---masterPtm--smartTable-header-inner\"]"}
COMMAND: POST /session/1f4369c590cc015c24359cd6d90be4de/elements - {"using":"xpath","value":"//span[@id=\"application-managepartners-display-component---masterPtm--smartTable-header-inner\"]"}
RESULT: {"using":"xpath","value":"//span[@id=\"application-managepartners-display-component---masterPtm--smartTable-header-inner\"]"}
COMMAND: POST /session/1f4369c590cc015c24359cd6d90be4de/execute/sync - {"script":"<script> [56 bytes]","args":[{"element-6066-11e4-a52e-4f735466cecf":"f.8EC51792AE8EAD5CEC6F142478755B93.d.1B4D1EE2951047EE2B8FE18411BCDD0F.e.5999","ELEMENT":"f.8EC51792AE8EAD5CEC6F142478755B93.d.1B4D1EE2951047EE2B8FE18411BCDD0F.e.5999"}]}
RESULT: {"script":"<script> [56 bytes]","args":[{"element-6066-11e4-a52e-4f735466cecf":"f.8EC51792AE8EAD5CEC6F142478755B93.d.1B4D1EE2951047EE2B8FE18411BCDD0F.e.5999","ELEMENT":"f.8EC51792AE8EAD5CEC6F142478755B93.d.1B4D1EE2951047EE2B8FE18411BCDD0F.e.5999"}]}
RESULT: undefined
COMMAND: POST /session/1f4369c590cc015c24359cd6d90be4de/execute/async - {"script":"<script> [776 bytes]","args":[{"enterText":"External Partner WDIO","selector":{"id":"application-managepartners-display-component---masterPtm--smartFilterBar-btnBasicSearch","interaction":{"idSuffix":"I"}},"clearTextFirst":true,"interactionType":"ENTER_TEXT"}]}
COMMAND: GET /session/1f4369c590cc015c24359cd6d90be4de/screenshot - {}
RESULT: {"script":"<script> [776 bytes]","args":[{"enterText":"External Partner WDIO","selector":{"id":"application-managepartners-display-component---masterPtm--smartFilterBar-btnBasicSearch","interaction":{"idSuffix":"I"}},"clearTextFirst":true,"interactionType":"ENTER_TEXT"}]}
RESULT: {}
COMMAND: POST /session/1f4369c590cc015c24359cd6d90be4de/actions - {"actions":[{"id":"action17","type":"key","parameters":{},"actions":[{"type":"keyDown","value":""},{"type":"pause","duration":10},{"type":"keyUp","value":""}]}]}
RESULT: {"actions":[{"id":"action17","type":"key","parameters":{},"actions":[{"type":"keyDown","value":""},{"type":"pause","duration":10},{"type":"keyUp","value":""}]}]}
COMMAND: GET /session/1f4369c590cc015c24359cd6d90be4de/screenshot - {}
RESULT: {}
COMMAND: POST /session/1f4369c590cc015c24359cd6d90be4de/element - {"using":"xpath","value":"//span[@id=\"application-managepartners-display-component---masterPtm--smartTable-header-inner\"]"}
RESULT: {"using":"xpath","value":"//span[@id=\"application-managepartners-display-component---masterPtm--smartTable-header-inner\"]"}
COMMAND: POST /session/1f4369c590cc015c24359cd6d90be4de/elements - {"using":"xpath","value":"//span[@id=\"application-managepartners-display-component---masterPtm--smartTable-header-inner\"]"}
RESULT: {"using":"xpath","value":"//span[@id=\"application-managepartners-display-component---masterPtm--smartTable-header-inner\"]"}
COMMAND: POST /session/1f4369c590cc015c24359cd6d90be4de/execute/sync - {"script":"<script> [56 bytes]","args":[{"element-6066-11e4-a52e-4f735466cecf":"f.8EC51792AE8EAD5CEC6F142478755B93.d.1B4D1EE2951047EE2B8FE18411BCDD0F.e.5999","ELEMENT":"f.8EC51792AE8EAD5CEC6F142478755B93.d.1B4D1EE2951047EE2B8FE18411BCDD0F.e.5999"}]}
RESULT: {"script":"<script> [56 bytes]","args":[{"element-6066-11e4-a52e-4f735466cecf":"f.8EC51792AE8EAD5CEC6F142478755B93.d.1B4D1EE2951047EE2B8FE18411BCDD0F.e.5999","ELEMENT":"f.8EC51792AE8EAD5CEC6F142478755B93.d.1B4D1EE2951047EE2B8FE18411BCDD0F.e.5999"}]}
COMMAND: POST /session/1f4369c590cc015c24359cd6d90be4de/element - {"using":"xpath","value":"//div[contains(@id, \"managepartners-display-component---masterPtm--smartFilterBar-btnBasicSearch-reset\")]"}
COMMAND: GET /session/1f4369c590cc015c24359cd6d90be4de/screenshot - {}
RESULT: {"using":"xpath","value":"//div[contains(@id, \"managepartners-display-component---masterPtm--smartFilterBar-btnBasicSearch-reset\")]"}
COMMAND: POST /session/1f4369c590cc015c24359cd6d90be4de/element/f.8EC51792AE8EAD5CEC6F142478755B93.d.1B4D1EE2951047EE2B8FE18411BCDD0F.e.6082/click - {}
RESULT: {}
RESULT: {}
COMMAND: GET /session/1f4369c590cc015c24359cd6d90be4de/screenshot - {}
RESULT: {}
COMMAND: POST /session/1f4369c590cc015c24359cd6d90be4de/execute/async - {"script":"<script> [1562 bytes]","args":[{"selector":{"id":"application-managepartners-display-component---masterPtm--smartFilterBar-filterItemControl_BASIC-MAIN_ADDRESS-vhi"},"wdio_ui5_key":"applicationmanagepartners-display-component---masterPtm--smartFilterBar-filterItemControl_BASIC-MAIN_ADDRESS-vhi"}]}
RESULT: {"script":"<script> [1562 bytes]","args":[{"selector":{"id":"application-managepartners-display-component---masterPtm--smartFilterBar-filterItemControl_BASIC-MAIN_ADDRESS-vhi"},"wdio_ui5_key":"applicationmanagepartners-display-component---masterPtm--smartFilterBar-filterItemControl_BASIC-MAIN_ADDRESS-vhi"}]}
RESULT: undefined
COMMAND: POST /session/1f4369c590cc015c24359cd6d90be4de/element - {"using":"xpath","value":"//*[@id=\"application-managepartners-display-component---masterPtm--smartFilterBar-filterItemControl_BASIC-MAIN_ADDRESS-vhi\"]"}
RESULT: {"using":"xpath","value":"//*[@id=\"application-managepartners-display-component---masterPtm--smartFilterBar-filterItemControl_BASIC-MAIN_ADDRESS-vhi\"]"}
COMMAND: POST /session/1f4369c590cc015c24359cd6d90be4de/element/f.8EC51792AE8EAD5CEC6F142478755B93.d.1B4D1EE2951047EE2B8FE18411BCDD0F.e.6162/click - {}
RESULT: {}
COMMAND: GET /session/1f4369c590cc015c24359cd6d90be4de/screenshot - {}
RESULT: {}
COMMAND: POST /session/1f4369c590cc015c24359cd6d90be4de/execute/async - {"script":"<script> [1562 bytes]","args":[{"selector":{"id":"application-managepartners-display-component---masterPtm--smartFilterBar-filterItemControl_BASIC-MAIN_ADDRESS-valueHelpDialog-smartFilterBar-btnBasicSearch","searchOpenDialogs":true,"interaction":{"idSuffix":"I"}},"wdio_ui5_key":"applicationmanagepartners-display-component---masterPtm--smartFilterBar-filterItemControl_BASIC-MAIN_ADDRESS-valueHelpDialog-smartFilterBar-btnBasicSearch"}]}
RESULT: {"script":"<script> [1562 bytes]","args":[{"selector":{"id":"application-managepartners-display-component---masterPtm--smartFilterBar-filterItemControl_BASIC-MAIN_ADDRESS-valueHelpDialog-smartFilterBar-btnBasicSearch","searchOpenDialogs":true,"interaction":{"idSuffix":"I"}},"wdio_ui5_key":"applicationmanagepartners-display-component---masterPtm--smartFilterBar-filterItemControl_BASIC-MAIN_ADDRESS-valueHelpDialog-smartFilterBar-btnBasicSearch"}]}
RESULT: undefined
COMMAND: POST /session/1f4369c590cc015c24359cd6d90be4de/execute/async - {"script":"<script> [776 bytes]","args":[{"enterText":"Romania","selector":{"id":"application-managepartners-display-component---masterPtm--smartFilterBar-filterItemControl_BASIC-MAIN_ADDRESS-valueHelpDialog-smartFilterBar-btnBasicSearch","searchOpenDialogs":true,"interaction":{"idSuffix":"I"}},"clearTextFirst":true,"interactionType":"ENTER_TEXT"}]}
RESULT: {"script":"<script> [776 bytes]","args":[{"enterText":"Romania","selector":{"id":"application-managepartners-display-component---masterPtm--smartFilterBar-filterItemControl_BASIC-MAIN_ADDRESS-valueHelpDialog-smartFilterBar-btnBasicSearch","searchOpenDialogs":true,"interaction":{"idSuffix":"I"}},"clearTextFirst":true,"interactionType":"ENTER_TEXT"}]}
COMMAND: POST /session/1f4369c590cc015c24359cd6d90be4de/actions - {"actions":[{"id":"action18","type":"key","parameters":{},"actions":[{"type":"keyDown","value":""},{"type":"pause","duration":10},{"type":"keyUp","value":""}]}]}
RESULT: {"actions":[{"id":"action18","type":"key","parameters":{},"actions":[{"type":"keyDown","value":""},{"type":"pause","duration":10},{"type":"keyUp","value":""}]}]}
COMMAND: POST /session/1f4369c590cc015c24359cd6d90be4de/elements - {"using":"xpath","value":"//table[contains(@id, \"smartFilterBar-filterItemControl_BASIC-MAIN_ADDRESS-valueHelpDialog-table-table\")]/tbody/tr"}
COMMAND: GET /session/1f4369c590cc015c24359cd6d90be4de/screenshot - {}
RESULT: {"using":"xpath","value":"//table[contains(@id, \"smartFilterBar-filterItemControl_BASIC-MAIN_ADDRESS-valueHelpDialog-table-table\")]/tbody/tr"}
COMMAND: POST /session/1f4369c590cc015c24359cd6d90be4de/element - {"using":"xpath","value":"//table[contains(@id, \"smartFilterBar-filterItemControl_BASIC-MAIN_ADDRESS-valueHelpDialog-table-table\")]/tbody/tr[1]/td[1]/div/span"}
RESULT: {}
RESULT: {"using":"xpath","value":"//table[contains(@id, \"smartFilterBar-filterItemControl_BASIC-MAIN_ADDRESS-valueHelpDialog-table-table\")]/tbody/tr[1]/td[1]/div/span"}
COMMAND: POST /session/1f4369c590cc015c24359cd6d90be4de/elements - {"using":"xpath","value":"//table[contains(@id, \"smartFilterBar-filterItemControl_BASIC-MAIN_ADDRESS-valueHelpDialog-table-table\")]/tbody/tr[1]/td[1]/div/span"}
RESULT: {"using":"xpath","value":"//table[contains(@id, \"smartFilterBar-filterItemControl_BASIC-MAIN_ADDRESS-valueHelpDialog-table-table\")]/tbody/tr[1]/td[1]/div/span"}
COMMAND: POST /session/1f4369c590cc015c24359cd6d90be4de/execute/sync - {"script":"<script> [56 bytes]","args":[{"element-6066-11e4-a52e-4f735466cecf":"f.8EC51792AE8EAD5CEC6F142478755B93.d.1B4D1EE2951047EE2B8FE18411BCDD0F.e.6182","ELEMENT":"f.8EC51792AE8EAD5CEC6F142478755B93.d.1B4D1EE2951047EE2B8FE18411BCDD0F.e.6182"}]}
RESULT: {"script":"<script> [56 bytes]","args":[{"element-6066-11e4-a52e-4f735466cecf":"f.8EC51792AE8EAD5CEC6F142478755B93.d.1B4D1EE2951047EE2B8FE18411BCDD0F.e.6182","ELEMENT":"f.8EC51792AE8EAD5CEC6F142478755B93.d.1B4D1EE2951047EE2B8FE18411BCDD0F.e.6182"}]}
COMMAND: POST /session/1f4369c590cc015c24359cd6d90be4de/element - {"using":"xpath","value":"//div[contains(@id, \"filterItemControl_BASIC-MAIN_ADDRESS-valueHelpDialog-table-rowsel0\")]"}
COMMAND: GET /session/1f4369c590cc015c24359cd6d90be4de/screenshot - {}
RESULT: {"using":"xpath","value":"//div[contains(@id, \"filterItemControl_BASIC-MAIN_ADDRESS-valueHelpDialog-table-rowsel0\")]"}
COMMAND: POST /session/1f4369c590cc015c24359cd6d90be4de/element/f.8EC51792AE8EAD5CEC6F142478755B93.d.1B4D1EE2951047EE2B8FE18411BCDD0F.e.6183/click - {}
RESULT: {}
RESULT: {}
COMMAND: GET /session/1f4369c590cc015c24359cd6d90be4de/screenshot - {}
RESULT: {}
COMMAND: POST /session/1f4369c590cc015c24359cd6d90be4de/element - {"using":"xpath","value":"(//bdi[contains(text(), \"OK\")])[1]"}
RESULT: {"using":"xpath","value":"(//bdi[contains(text(), \"OK\")])[1]"}
COMMAND: POST /session/1f4369c590cc015c24359cd6d90be4de/element/f.8EC51792AE8EAD5CEC6F142478755B93.d.1B4D1EE2951047EE2B8FE18411BCDD0F.e.6185/click - {}
RESULT: {}
COMMAND: GET /session/1f4369c590cc015c24359cd6d90be4de/screenshot - {}
RESULT: {}
COMMAND: POST /session/1f4369c590cc015c24359cd6d90be4de/element - {"using":"xpath","value":"//span[@id=\"application-managepartners-display-component---masterPtm--smartTable-header-inner\"]"}
RESULT: {"using":"xpath","value":"//span[@id=\"application-managepartners-display-component---masterPtm--smartTable-header-inner\"]"}
COMMAND: POST /session/1f4369c590cc015c24359cd6d90be4de/elements - {"using":"xpath","value":"//span[@id=\"application-managepartners-display-component---masterPtm--smartTable-header-inner\"]"}
RESULT: {"using":"xpath","value":"//span[@id=\"application-managepartners-display-component---masterPtm--smartTable-header-inner\"]"}
COMMAND: POST /session/1f4369c590cc015c24359cd6d90be4de/execute/sync - {"script":"<script> [56 bytes]","args":[{"element-6066-11e4-a52e-4f735466cecf":"f.8EC51792AE8EAD5CEC6F142478755B93.d.1B4D1EE2951047EE2B8FE18411BCDD0F.e.5999","ELEMENT":"f.8EC51792AE8EAD5CEC6F142478755B93.d.1B4D1EE2951047EE2B8FE18411BCDD0F.e.5999"}]}
RESULT: {"script":"<script> [56 bytes]","args":[{"element-6066-11e4-a52e-4f735466cecf":"f.8EC51792AE8EAD5CEC6F142478755B93.d.1B4D1EE2951047EE2B8FE18411BCDD0F.e.5999","ELEMENT":"f.8EC51792AE8EAD5CEC6F142478755B93.d.1B4D1EE2951047EE2B8FE18411BCDD0F.e.5999"}]}
COMMAND: POST /session/1f4369c590cc015c24359cd6d90be4de/element - {"using":"xpath","value":"//span[contains(@title, \"Remove\")]"}
COMMAND: GET /session/1f4369c590cc015c24359cd6d90be4de/screenshot - {}
RESULT: {"using":"xpath","value":"//span[contains(@title, \"Remove\")]"}
COMMAND: POST /session/1f4369c590cc015c24359cd6d90be4de/element/f.8EC51792AE8EAD5CEC6F142478755B93.d.1B4D1EE2951047EE2B8FE18411BCDD0F.e.6199/click - {}
RESULT: {}
RESULT: {}
COMMAND: GET /session/1f4369c590cc015c24359cd6d90be4de/screenshot - {}
RESULT: {}
COMMAND: POST /session/1f4369c590cc015c24359cd6d90be4de/element - {"using":"xpath","value":"//span[@id=\"application-managepartners-display-component---masterPtm--smartTable-header-inner\"]"}
RESULT: {"using":"xpath","value":"//span[@id=\"application-managepartners-display-component---masterPtm--smartTable-header-inner\"]"}
COMMAND: POST /session/1f4369c590cc015c24359cd6d90be4de/elements - {"using":"xpath","value":"//span[@id=\"application-managepartners-display-component---masterPtm--smartTable-header-inner\"]"}
RESULT: {"using":"xpath","value":"//span[@id=\"application-managepartners-display-component---masterPtm--smartTable-header-inner\"]"}
COMMAND: POST /session/1f4369c590cc015c24359cd6d90be4de/execute/sync - {"script":"<script> [56 bytes]","args":[{"element-6066-11e4-a52e-4f735466cecf":"f.8EC51792AE8EAD5CEC6F142478755B93.d.1B4D1EE2951047EE2B8FE18411BCDD0F.e.5999","ELEMENT":"f.8EC51792AE8EAD5CEC6F142478755B93.d.1B4D1EE2951047EE2B8FE18411BCDD0F.e.5999"}]}
RESULT: {"script":"<script> [56 bytes]","args":[{"element-6066-11e4-a52e-4f735466cecf":"f.8EC51792AE8EAD5CEC6F142478755B93.d.1B4D1EE2951047EE2B8FE18411BCDD0F.e.5999","ELEMENT":"f.8EC51792AE8EAD5CEC6F142478755B93.d.1B4D1EE2951047EE2B8FE18411BCDD0F.e.5999"}]}
COMMAND: POST /session/1f4369c590cc015c24359cd6d90be4de/execute/async - {"script":"<script> [1562 bytes]","args":[{"selector":{"id":"application-managepartners-display-component---masterPtm--smartFilterBar-filterItemControl_BASIC-YARD-vhi"},"wdio_ui5_key":"applicationmanagepartners-display-component---masterPtm--smartFilterBar-filterItemControl_BASIC-YARD-vhi"}]}
COMMAND: GET /session/1f4369c590cc015c24359cd6d90be4de/screenshot - {}
RESULT: {"script":"<script> [1562 bytes]","args":[{"selector":{"id":"application-managepartners-display-component---masterPtm--smartFilterBar-filterItemControl_BASIC-YARD-vhi"},"wdio_ui5_key":"applicationmanagepartners-display-component---masterPtm--smartFilterBar-filterItemControl_BASIC-YARD-vhi"}]}
RESULT: undefined
COMMAND: POST /session/1f4369c590cc015c24359cd6d90be4de/element - {"using":"xpath","value":"//*[@id=\"application-managepartners-display-component---masterPtm--smartFilterBar-filterItemControl_BASIC-YARD-vhi\"]"}
RESULT: {}
RESULT: {"using":"xpath","value":"//*[@id=\"application-managepartners-display-component---masterPtm--smartFilterBar-filterItemControl_BASIC-YARD-vhi\"]"}
COMMAND: POST /session/1f4369c590cc015c24359cd6d90be4de/element/f.8EC51792AE8EAD5CEC6F142478755B93.d.1B4D1EE2951047EE2B8FE18411BCDD0F.e.6303/click - {}
RESULT: {}
COMMAND: GET /session/1f4369c590cc015c24359cd6d90be4de/screenshot - {}
RESULT: {}
COMMAND: POST /session/1f4369c590cc015c24359cd6d90be4de/execute/async - {"script":"<script> [1562 bytes]","args":[{"selector":{"id":"application-managepartners-display-component---masterPtm--smartFilterBar-filterItemControl_BASIC-YARD-valueHelpDialog-smartFilterBar-btnBasicSearch","searchOpenDialogs":true,"interaction":{"idSuffix":"I"}},"wdio_ui5_key":"applicationmanagepartners-display-component---masterPtm--smartFilterBar-filterItemControl_BASIC-YARD-valueHelpDialog-smartFilterBar-btnBasicSearch"}]}
RESULT: {"script":"<script> [1562 bytes]","args":[{"selector":{"id":"application-managepartners-display-component---masterPtm--smartFilterBar-filterItemControl_BASIC-YARD-valueHelpDialog-smartFilterBar-btnBasicSearch","searchOpenDialogs":true,"interaction":{"idSuffix":"I"}},"wdio_ui5_key":"applicationmanagepartners-display-component---masterPtm--smartFilterBar-filterItemControl_BASIC-YARD-valueHelpDialog-smartFilterBar-btnBasicSearch"}]}
RESULT: undefined
COMMAND: POST /session/1f4369c590cc015c24359cd6d90be4de/execute/async - {"script":"<script> [776 bytes]","args":[{"enterText":"Test","selector":{"id":"application-managepartners-display-component---masterPtm--smartFilterBar-filterItemControl_BASIC-YARD-valueHelpDialog-smartFilterBar-btnBasicSearch","searchOpenDialogs":true,"interaction":{"idSuffix":"I"}},"clearTextFirst":true,"interactionType":"ENTER_TEXT"}]}
RESULT: {"script":"<script> [776 bytes]","args":[{"enterText":"Test","selector":{"id":"application-managepartners-display-component---masterPtm--smartFilterBar-filterItemControl_BASIC-YARD-valueHelpDialog-smartFilterBar-btnBasicSearch","searchOpenDialogs":true,"interaction":{"idSuffix":"I"}},"clearTextFirst":true,"interactionType":"ENTER_TEXT"}]}
COMMAND: POST /session/1f4369c590cc015c24359cd6d90be4de/actions - {"actions":[{"id":"action19","type":"key","parameters":{},"actions":[{"type":"keyDown","value":""},{"type":"pause","duration":10},{"type":"keyUp","value":""}]}]}
RESULT: {"actions":[{"id":"action19","type":"key","parameters":{},"actions":[{"type":"keyDown","value":""},{"type":"pause","duration":10},{"type":"keyUp","value":""}]}]}
COMMAND: POST /session/1f4369c590cc015c24359cd6d90be4de/elements - {"using":"xpath","value":"//table[contains(@id, \"smartFilterBar-filterItemControl_BASIC-YARD-valueHelpDialog-table-table\")]/tbody/tr"}
COMMAND: GET /session/1f4369c590cc015c24359cd6d90be4de/screenshot - {}
RESULT: {"using":"xpath","value":"//table[contains(@id, \"smartFilterBar-filterItemControl_BASIC-YARD-valueHelpDialog-table-table\")]/tbody/tr"}
COMMAND: POST /session/1f4369c590cc015c24359cd6d90be4de/element - {"using":"xpath","value":"//table[contains(@id, \"smartFilterBar-filterItemControl_BASIC-YARD-valueHelpDialog-table-table\")]/tbody/tr[1]/td[1]/div/span"}
RESULT: {}
RESULT: {"using":"xpath","value":"//table[contains(@id, \"smartFilterBar-filterItemControl_BASIC-YARD-valueHelpDialog-table-table\")]/tbody/tr[1]/td[1]/div/span"}
COMMAND: POST /session/1f4369c590cc015c24359cd6d90be4de/elements - {"using":"xpath","value":"//table[contains(@id, \"smartFilterBar-filterItemControl_BASIC-YARD-valueHelpDialog-table-table\")]/tbody/tr[1]/td[1]/div/span"}
RESULT: {"using":"xpath","value":"//table[contains(@id, \"smartFilterBar-filterItemControl_BASIC-YARD-valueHelpDialog-table-table\")]/tbody/tr[1]/td[1]/div/span"}
COMMAND: POST /session/1f4369c590cc015c24359cd6d90be4de/execute/sync - {"script":"<script> [56 bytes]","args":[{"element-6066-11e4-a52e-4f735466cecf":"f.8EC51792AE8EAD5CEC6F142478755B93.d.1B4D1EE2951047EE2B8FE18411BCDD0F.e.6324","ELEMENT":"f.8EC51792AE8EAD5CEC6F142478755B93.d.1B4D1EE2951047EE2B8FE18411BCDD0F.e.6324"}]}
RESULT: {"script":"<script> [56 bytes]","args":[{"element-6066-11e4-a52e-4f735466cecf":"f.8EC51792AE8EAD5CEC6F142478755B93.d.1B4D1EE2951047EE2B8FE18411BCDD0F.e.6324","ELEMENT":"f.8EC51792AE8EAD5CEC6F142478755B93.d.1B4D1EE2951047EE2B8FE18411BCDD0F.e.6324"}]}
COMMAND: POST /session/1f4369c590cc015c24359cd6d90be4de/element - {"using":"xpath","value":"//table[contains(@id, \"smartFilterBar-filterItemControl_BASIC-YARD-valueHelpDialog-table-table\")]/tbody/tr[2]/td[1]/div/span"}
COMMAND: GET /session/1f4369c590cc015c24359cd6d90be4de/screenshot - {}
RESULT: {"using":"xpath","value":"//table[contains(@id, \"smartFilterBar-filterItemControl_BASIC-YARD-valueHelpDialog-table-table\")]/tbody/tr[2]/td[1]/div/span"}
COMMAND: POST /session/1f4369c590cc015c24359cd6d90be4de/elements - {"using":"xpath","value":"//table[contains(@id, \"smartFilterBar-filterItemControl_BASIC-YARD-valueHelpDialog-table-table\")]/tbody/tr[2]/td[1]/div/span"}
RESULT: {}
RESULT: {"using":"xpath","value":"//table[contains(@id, \"smartFilterBar-filterItemControl_BASIC-YARD-valueHelpDialog-table-table\")]/tbody/tr[2]/td[1]/div/span"}
COMMAND: POST /session/1f4369c590cc015c24359cd6d90be4de/execute/sync - {"script":"<script> [56 bytes]","args":[{"element-6066-11e4-a52e-4f735466cecf":"f.8EC51792AE8EAD5CEC6F142478755B93.d.1B4D1EE2951047EE2B8FE18411BCDD0F.e.6325","ELEMENT":"f.8EC51792AE8EAD5CEC6F142478755B93.d.1B4D1EE2951047EE2B8FE18411BCDD0F.e.6325"}]}
RESULT: {"script":"<script> [56 bytes]","args":[{"element-6066-11e4-a52e-4f735466cecf":"f.8EC51792AE8EAD5CEC6F142478755B93.d.1B4D1EE2951047EE2B8FE18411BCDD0F.e.6325","ELEMENT":"f.8EC51792AE8EAD5CEC6F142478755B93.d.1B4D1EE2951047EE2B8FE18411BCDD0F.e.6325"}]}
COMMAND: POST /session/1f4369c590cc015c24359cd6d90be4de/element - {"using":"xpath","value":"//table[contains(@id, \"smartFilterBar-filterItemControl_BASIC-YARD-valueHelpDialog-table-table\")]/tbody/tr[3]/td[1]/div/span"}
COMMAND: GET /session/1f4369c590cc015c24359cd6d90be4de/screenshot - {}
RESULT: {"using":"xpath","value":"//table[contains(@id, \"smartFilterBar-filterItemControl_BASIC-YARD-valueHelpDialog-table-table\")]/tbody/tr[3]/td[1]/div/span"}
COMMAND: POST /session/1f4369c590cc015c24359cd6d90be4de/elements - {"using":"xpath","value":"//table[contains(@id, \"smartFilterBar-filterItemControl_BASIC-YARD-valueHelpDialog-table-table\")]/tbody/tr[3]/td[1]/div/span"}
RESULT: {}
RESULT: {"using":"xpath","value":"//table[contains(@id, \"smartFilterBar-filterItemControl_BASIC-YARD-valueHelpDialog-table-table\")]/tbody/tr[3]/td[1]/div/span"}
COMMAND: POST /session/1f4369c590cc015c24359cd6d90be4de/execute/sync - {"script":"<script> [56 bytes]","args":[{"element-6066-11e4-a52e-4f735466cecf":"f.8EC51792AE8EAD5CEC6F142478755B93.d.1B4D1EE2951047EE2B8FE18411BCDD0F.e.6326","ELEMENT":"f.8EC51792AE8EAD5CEC6F142478755B93.d.1B4D1EE2951047EE2B8FE18411BCDD0F.e.6326"}]}
RESULT: {"script":"<script> [56 bytes]","args":[{"element-6066-11e4-a52e-4f735466cecf":"f.8EC51792AE8EAD5CEC6F142478755B93.d.1B4D1EE2951047EE2B8FE18411BCDD0F.e.6326","ELEMENT":"f.8EC51792AE8EAD5CEC6F142478755B93.d.1B4D1EE2951047EE2B8FE18411BCDD0F.e.6326"}]}
COMMAND: POST /session/1f4369c590cc015c24359cd6d90be4de/element - {"using":"xpath","value":"//div[contains(@id, \"filterItemControl_BASIC-YARD-valueHelpDialog-table-rowsel2\")]"}
COMMAND: GET /session/1f4369c590cc015c24359cd6d90be4de/screenshot - {}
RESULT: {"using":"xpath","value":"//div[contains(@id, \"filterItemControl_BASIC-YARD-valueHelpDialog-table-rowsel2\")]"}
COMMAND: POST /session/1f4369c590cc015c24359cd6d90be4de/element/f.8EC51792AE8EAD5CEC6F142478755B93.d.1B4D1EE2951047EE2B8FE18411BCDD0F.e.6327/click - {}
RESULT: {}
RESULT: {}
COMMAND: GET /session/1f4369c590cc015c24359cd6d90be4de/screenshot - {}
RESULT: {}
COMMAND: POST /session/1f4369c590cc015c24359cd6d90be4de/element - {"using":"xpath","value":"(//bdi[contains(text(), \"OK\")])[1]"}
RESULT: {"using":"xpath","value":"(//bdi[contains(text(), \"OK\")])[1]"}
COMMAND: POST /session/1f4369c590cc015c24359cd6d90be4de/element/f.8EC51792AE8EAD5CEC6F142478755B93.d.1B4D1EE2951047EE2B8FE18411BCDD0F.e.6329/click - {}
RESULT: {}
COMMAND: GET /session/1f4369c590cc015c24359cd6d90be4de/screenshot - {}
RESULT: {}
COMMAND: POST /session/1f4369c590cc015c24359cd6d90be4de/element - {"using":"xpath","value":"//span[@id=\"application-managepartners-display-component---masterPtm--smartTable-header-inner\"]"}
RESULT: {"using":"xpath","value":"//span[@id=\"application-managepartners-display-component---masterPtm--smartTable-header-inner\"]"}
COMMAND: POST /session/1f4369c590cc015c24359cd6d90be4de/elements - {"using":"xpath","value":"//span[@id=\"application-managepartners-display-component---masterPtm--smartTable-header-inner\"]"}
RESULT: {"using":"xpath","value":"//span[@id=\"application-managepartners-display-component---masterPtm--smartTable-header-inner\"]"}
COMMAND: POST /session/1f4369c590cc015c24359cd6d90be4de/execute/sync - {"script":"<script> [56 bytes]","args":[{"element-6066-11e4-a52e-4f735466cecf":"f.8EC51792AE8EAD5CEC6F142478755B93.d.1B4D1EE2951047EE2B8FE18411BCDD0F.e.5999","ELEMENT":"f.8EC51792AE8EAD5CEC6F142478755B93.d.1B4D1EE2951047EE2B8FE18411BCDD0F.e.5999"}]}
RESULT: {"script":"<script> [56 bytes]","args":[{"element-6066-11e4-a52e-4f735466cecf":"f.8EC51792AE8EAD5CEC6F142478755B93.d.1B4D1EE2951047EE2B8FE18411BCDD0F.e.5999","ELEMENT":"f.8EC51792AE8EAD5CEC6F142478755B93.d.1B4D1EE2951047EE2B8FE18411BCDD0F.e.5999"}]}
COMMAND: POST /session/1f4369c590cc015c24359cd6d90be4de/element - {"using":"xpath","value":"//span[contains(@title, \"Remove\")]"}
COMMAND: GET /session/1f4369c590cc015c24359cd6d90be4de/screenshot - {}
RESULT: {"using":"xpath","value":"//span[contains(@title, \"Remove\")]"}
COMMAND: POST /session/1f4369c590cc015c24359cd6d90be4de/element/f.8EC51792AE8EAD5CEC6F142478755B93.d.1B4D1EE2951047EE2B8FE18411BCDD0F.e.6343/click - {}
RESULT: {}
RESULT: {}
COMMAND: GET /session/1f4369c590cc015c24359cd6d90be4de/screenshot - {}
RESULT: {}
COMMAND: POST /session/1f4369c590cc015c24359cd6d90be4de/element - {"using":"xpath","value":"//span[@id=\"application-managepartners-display-component---masterPtm--smartTable-header-inner\"]"}
RESULT: {"using":"xpath","value":"//span[@id=\"application-managepartners-display-component---masterPtm--smartTable-header-inner\"]"}
COMMAND: POST /session/1f4369c590cc015c24359cd6d90be4de/elements - {"using":"xpath","value":"//span[@id=\"application-managepartners-display-component---masterPtm--smartTable-header-inner\"]"}
RESULT: {"using":"xpath","value":"//span[@id=\"application-managepartners-display-component---masterPtm--smartTable-header-inner\"]"}
COMMAND: POST /session/1f4369c590cc015c24359cd6d90be4de/execute/sync - {"script":"<script> [56 bytes]","args":[{"element-6066-11e4-a52e-4f735466cecf":"f.8EC51792AE8EAD5CEC6F142478755B93.d.1B4D1EE2951047EE2B8FE18411BCDD0F.e.5999","ELEMENT":"f.8EC51792AE8EAD5CEC6F142478755B93.d.1B4D1EE2951047EE2B8FE18411BCDD0F.e.5999"}]}
RESULT: {"script":"<script> [56 bytes]","args":[{"element-6066-11e4-a52e-4f735466cecf":"f.8EC51792AE8EAD5CEC6F142478755B93.d.1B4D1EE2951047EE2B8FE18411BCDD0F.e.5999","ELEMENT":"f.8EC51792AE8EAD5CEC6F142478755B93.d.1B4D1EE2951047EE2B8FE18411BCDD0F.e.5999"}]}
COMMAND: POST /session/1f4369c590cc015c24359cd6d90be4de/execute/async - {"script":"<script> [1562 bytes]","args":[{"selector":{"id":"application-managepartners-display-component---masterPtm--smartFilterBar-filterItemControl_BASIC-ALL_TAGS-vhi"},"wdio_ui5_key":"applicationmanagepartners-display-component---masterPtm--smartFilterBar-filterItemControl_BASIC-ALL_TAGS-vhi"}]}
COMMAND: GET /session/1f4369c590cc015c24359cd6d90be4de/screenshot - {}
RESULT: {"script":"<script> [1562 bytes]","args":[{"selector":{"id":"application-managepartners-display-component---masterPtm--smartFilterBar-filterItemControl_BASIC-ALL_TAGS-vhi"},"wdio_ui5_key":"applicationmanagepartners-display-component---masterPtm--smartFilterBar-filterItemControl_BASIC-ALL_TAGS-vhi"}]}
RESULT: undefined
COMMAND: POST /session/1f4369c590cc015c24359cd6d90be4de/element - {"using":"xpath","value":"//*[@id=\"application-managepartners-display-component---masterPtm--smartFilterBar-filterItemControl_BASIC-ALL_TAGS-vhi\"]"}
RESULT: {}
RESULT: {"using":"xpath","value":"//*[@id=\"application-managepartners-display-component---masterPtm--smartFilterBar-filterItemControl_BASIC-ALL_TAGS-vhi\"]"}
COMMAND: POST /session/1f4369c590cc015c24359cd6d90be4de/element/f.8EC51792AE8EAD5CEC6F142478755B93.d.1B4D1EE2951047EE2B8FE18411BCDD0F.e.6446/click - {}
RESULT: {}
COMMAND: GET /session/1f4369c590cc015c24359cd6d90be4de/screenshot - {}
RESULT: {}
COMMAND: POST /session/1f4369c590cc015c24359cd6d90be4de/execute/async - {"script":"<script> [1562 bytes]","args":[{"selector":{"id":"application-managepartners-display-component---masterPtm--smartFilterBar-filterItemControl_BASIC-ALL_TAGS-valueHelpDialog-smartFilterBar-btnBasicSearch","searchOpenDialogs":true,"interaction":{"idSuffix":"I"}},"wdio_ui5_key":"applicationmanagepartners-display-component---masterPtm--smartFilterBar-filterItemControl_BASIC-ALL_TAGS-valueHelpDialog-smartFilterBar-btnBasicSearch"}]}
RESULT: {"script":"<script> [1562 bytes]","args":[{"selector":{"id":"application-managepartners-display-component---masterPtm--smartFilterBar-filterItemControl_BASIC-ALL_TAGS-valueHelpDialog-smartFilterBar-btnBasicSearch","searchOpenDialogs":true,"interaction":{"idSuffix":"I"}},"wdio_ui5_key":"applicationmanagepartners-display-component---masterPtm--smartFilterBar-filterItemControl_BASIC-ALL_TAGS-valueHelpDialog-smartFilterBar-btnBasicSearch"}]}
RESULT: undefined
COMMAND: POST /session/1f4369c590cc015c24359cd6d90be4de/execute/async - {"script":"<script> [776 bytes]","args":[{"enterText":"test-tag-1","selector":{"id":"application-managepartners-display-component---masterPtm--smartFilterBar-filterItemControl_BASIC-ALL_TAGS-valueHelpDialog-smartFilterBar-btnBasicSearch","searchOpenDialogs":true,"interaction":{"idSuffix":"I"}},"clearTextFirst":true,"interactionType":"ENTER_TEXT"}]}
RESULT: {"script":"<script> [776 bytes]","args":[{"enterText":"test-tag-1","selector":{"id":"application-managepartners-display-component---masterPtm--smartFilterBar-filterItemControl_BASIC-ALL_TAGS-valueHelpDialog-smartFilterBar-btnBasicSearch","searchOpenDialogs":true,"interaction":{"idSuffix":"I"}},"clearTextFirst":true,"interactionType":"ENTER_TEXT"}]}
COMMAND: POST /session/1f4369c590cc015c24359cd6d90be4de/actions - {"actions":[{"id":"action20","type":"key","parameters":{},"actions":[{"type":"keyDown","value":""},{"type":"pause","duration":10},{"type":"keyUp","value":""}]}]}
RESULT: {"actions":[{"id":"action20","type":"key","parameters":{},"actions":[{"type":"keyDown","value":""},{"type":"pause","duration":10},{"type":"keyUp","value":""}]}]}
COMMAND: POST /session/1f4369c590cc015c24359cd6d90be4de/elements - {"using":"xpath","value":"//table[contains(@id, \"smartFilterBar-filterItemControl_BASIC-ALL_TAGS-valueHelpDialog-table-table\")]/tbody/tr"}
COMMAND: GET /session/1f4369c590cc015c24359cd6d90be4de/screenshot - {}
RESULT: {"using":"xpath","value":"//table[contains(@id, \"smartFilterBar-filterItemControl_BASIC-ALL_TAGS-valueHelpDialog-table-table\")]/tbody/tr"}
COMMAND: POST /session/1f4369c590cc015c24359cd6d90be4de/element - {"using":"xpath","value":"//table[contains(@id, \"smartFilterBar-filterItemControl_BASIC-ALL_TAGS-valueHelpDialog-table-table\")]/tbody/tr[1]/td[1]/div/span"}
RESULT: {}
RESULT: {"using":"xpath","value":"//table[contains(@id, \"smartFilterBar-filterItemControl_BASIC-ALL_TAGS-valueHelpDialog-table-table\")]/tbody/tr[1]/td[1]/div/span"}
COMMAND: POST /session/1f4369c590cc015c24359cd6d90be4de/elements - {"using":"xpath","value":"//table[contains(@id, \"smartFilterBar-filterItemControl_BASIC-ALL_TAGS-valueHelpDialog-table-table\")]/tbody/tr[1]/td[1]/div/span"}
RESULT: {"using":"xpath","value":"//table[contains(@id, \"smartFilterBar-filterItemControl_BASIC-ALL_TAGS-valueHelpDialog-table-table\")]/tbody/tr[1]/td[1]/div/span"}
COMMAND: POST /session/1f4369c590cc015c24359cd6d90be4de/execute/sync - {"script":"<script> [56 bytes]","args":[{"element-6066-11e4-a52e-4f735466cecf":"f.8EC51792AE8EAD5CEC6F142478755B93.d.1B4D1EE2951047EE2B8FE18411BCDD0F.e.6468","ELEMENT":"f.8EC51792AE8EAD5CEC6F142478755B93.d.1B4D1EE2951047EE2B8FE18411BCDD0F.e.6468"}]}
RESULT: {"script":"<script> [56 bytes]","args":[{"element-6066-11e4-a52e-4f735466cecf":"f.8EC51792AE8EAD5CEC6F142478755B93.d.1B4D1EE2951047EE2B8FE18411BCDD0F.e.6468","ELEMENT":"f.8EC51792AE8EAD5CEC6F142478755B93.d.1B4D1EE2951047EE2B8FE18411BCDD0F.e.6468"}]}
COMMAND: POST /session/1f4369c590cc015c24359cd6d90be4de/element - {"using":"xpath","value":"//div[contains(@id, \"filterItemControl_BASIC-ALL_TAGS-valueHelpDialog-table-rowsel0\")]"}
COMMAND: GET /session/1f4369c590cc015c24359cd6d90be4de/screenshot - {}
RESULT: {"using":"xpath","value":"//div[contains(@id, \"filterItemControl_BASIC-ALL_TAGS-valueHelpDialog-table-rowsel0\")]"}
COMMAND: POST /session/1f4369c590cc015c24359cd6d90be4de/element/f.8EC51792AE8EAD5CEC6F142478755B93.d.1B4D1EE2951047EE2B8FE18411BCDD0F.e.6469/click - {}
RESULT: {}
RESULT: {}
COMMAND: GET /session/1f4369c590cc015c24359cd6d90be4de/screenshot - {}
RESULT: {}
COMMAND: POST /session/1f4369c590cc015c24359cd6d90be4de/element - {"using":"xpath","value":"(//bdi[contains(text(), \"OK\")])[1]"}
RESULT: {"using":"xpath","value":"(//bdi[contains(text(), \"OK\")])[1]"}
COMMAND: POST /session/1f4369c590cc015c24359cd6d90be4de/element/f.8EC51792AE8EAD5CEC6F142478755B93.d.1B4D1EE2951047EE2B8FE18411BCDD0F.e.6471/click - {}
RESULT: {}
COMMAND: GET /session/1f4369c590cc015c24359cd6d90be4de/screenshot - {}
RESULT: {}
COMMAND: POST /session/1f4369c590cc015c24359cd6d90be4de/element - {"using":"xpath","value":"//span[@id=\"application-managepartners-display-component---masterPtm--smartTable-header-inner\"]"}
RESULT: {"using":"xpath","value":"//span[@id=\"application-managepartners-display-component---masterPtm--smartTable-header-inner\"]"}
COMMAND: POST /session/1f4369c590cc015c24359cd6d90be4de/elements - {"using":"xpath","value":"//span[@id=\"application-managepartners-display-component---masterPtm--smartTable-header-inner\"]"}
RESULT: {"using":"xpath","value":"//span[@id=\"application-managepartners-display-component---masterPtm--smartTable-header-inner\"]"}
COMMAND: POST /session/1f4369c590cc015c24359cd6d90be4de/execute/sync - {"script":"<script> [56 bytes]","args":[{"element-6066-11e4-a52e-4f735466cecf":"f.8EC51792AE8EAD5CEC6F142478755B93.d.1B4D1EE2951047EE2B8FE18411BCDD0F.e.5999","ELEMENT":"f.8EC51792AE8EAD5CEC6F142478755B93.d.1B4D1EE2951047EE2B8FE18411BCDD0F.e.5999"}]}
RESULT: {"script":"<script> [56 bytes]","args":[{"element-6066-11e4-a52e-4f735466cecf":"f.8EC51792AE8EAD5CEC6F142478755B93.d.1B4D1EE2951047EE2B8FE18411BCDD0F.e.5999","ELEMENT":"f.8EC51792AE8EAD5CEC6F142478755B93.d.1B4D1EE2951047EE2B8FE18411BCDD0F.e.5999"}]}
COMMAND: POST /session/1f4369c590cc015c24359cd6d90be4de/element - {"using":"xpath","value":"//span[contains(@title, \"Remove\")]"}
COMMAND: GET /session/1f4369c590cc015c24359cd6d90be4de/screenshot - {}
RESULT: {"using":"xpath","value":"//span[contains(@title, \"Remove\")]"}
COMMAND: POST /session/1f4369c590cc015c24359cd6d90be4de/element/f.8EC51792AE8EAD5CEC6F142478755B93.d.1B4D1EE2951047EE2B8FE18411BCDD0F.e.6493/click - {}
RESULT: {}
RESULT: {}
COMMAND: GET /session/1f4369c590cc015c24359cd6d90be4de/screenshot - {}
COMMAND: POST /session/1f4369c590cc015c24359cd6d90be4de/execute/async - {"script":"<script> [1562 bytes]","args":[{"selector":{"id":"application-managepartners-display-component---masterPtm--partnerTypes-arrow"},"wdio_ui5_key":"applicationmanagepartners-display-component---masterPtm--partnerTypes-arrow"}]}
RESULT: {}
RESULT: {"script":"<script> [1562 bytes]","args":[{"selector":{"id":"application-managepartners-display-component---masterPtm--partnerTypes-arrow"},"wdio_ui5_key":"applicationmanagepartners-display-component---masterPtm--partnerTypes-arrow"}]}
RESULT: undefined
COMMAND: POST /session/1f4369c590cc015c24359cd6d90be4de/element - {"using":"xpath","value":"//*[@id=\"application-managepartners-display-component---masterPtm--partnerTypes-arrow\"]"}
RESULT: {"using":"xpath","value":"//*[@id=\"application-managepartners-display-component---masterPtm--partnerTypes-arrow\"]"}
COMMAND: POST /session/1f4369c590cc015c24359cd6d90be4de/element/f.8EC51792AE8EAD5CEC6F142478755B93.d.1B4D1EE2951047EE2B8FE18411BCDD0F.e.6598/click - {}
RESULT: {}
COMMAND: GET /session/1f4369c590cc015c24359cd6d90be4de/screenshot - {}
RESULT: {}
COMMAND: POST /session/1f4369c590cc015c24359cd6d90be4de/element - {"using":"xpath","value":"//li[.//span[text()=\"External partner\"]]//div[contains(@class,\"sapMCbBg\")]"}
RESULT: {"using":"xpath","value":"//li[.//span[text()=\"External partner\"]]//div[contains(@class,\"sapMCbBg\")]"}
COMMAND: POST /session/1f4369c590cc015c24359cd6d90be4de/element/f.8EC51792AE8EAD5CEC6F142478755B93.d.1B4D1EE2951047EE2B8FE18411BCDD0F.e.6603/click - {}
RESULT: {}
COMMAND: GET /session/1f4369c590cc015c24359cd6d90be4de/screenshot - {}
RESULT: {}
COMMAND: POST /session/1f4369c590cc015c24359cd6d90be4de/element - {"using":"xpath","value":"//span[@id=\"application-managepartners-display-component---masterPtm--smartTable-header-inner\"]"}
RESULT: {"using":"xpath","value":"//span[@id=\"application-managepartners-display-component---masterPtm--smartTable-header-inner\"]"}
COMMAND: POST /session/1f4369c590cc015c24359cd6d90be4de/elements - {"using":"xpath","value":"//span[@id=\"application-managepartners-display-component---masterPtm--smartTable-header-inner\"]"}
RESULT: {"using":"xpath","value":"//span[@id=\"application-managepartners-display-component---masterPtm--smartTable-header-inner\"]"}
COMMAND: POST /session/1f4369c590cc015c24359cd6d90be4de/execute/sync - {"script":"<script> [56 bytes]","args":[{"element-6066-11e4-a52e-4f735466cecf":"f.8EC51792AE8EAD5CEC6F142478755B93.d.1B4D1EE2951047EE2B8FE18411BCDD0F.e.5999","ELEMENT":"f.8EC51792AE8EAD5CEC6F142478755B93.d.1B4D1EE2951047EE2B8FE18411BCDD0F.e.5999"}]}
RESULT: {"script":"<script> [56 bytes]","args":[{"element-6066-11e4-a52e-4f735466cecf":"f.8EC51792AE8EAD5CEC6F142478755B93.d.1B4D1EE2951047EE2B8FE18411BCDD0F.e.5999","ELEMENT":"f.8EC51792AE8EAD5CEC6F142478755B93.d.1B4D1EE2951047EE2B8FE18411BCDD0F.e.5999"}]}
COMMAND: POST /session/1f4369c590cc015c24359cd6d90be4de/element - {"using":"xpath","value":"//span[contains(@title, \"Remove\")]"}
COMMAND: GET /session/1f4369c590cc015c24359cd6d90be4de/screenshot - {}
RESULT: {"using":"xpath","value":"//span[contains(@title, \"Remove\")]"}
COMMAND: POST /session/1f4369c590cc015c24359cd6d90be4de/element/f.8EC51792AE8EAD5CEC6F142478755B93.d.1B4D1EE2951047EE2B8FE18411BCDD0F.e.6682/click - {}
RESULT: {}
RESULT: {}
COMMAND: GET /session/1f4369c590cc015c24359cd6d90be4de/screenshot - {}
RESULT: {}
COMMAND: POST /session/1f4369c590cc015c24359cd6d90be4de/execute/async - {"script":"<script> [1562 bytes]","args":[{"selector":{"id":"application-managepartners-display-component---masterPtm--smartFilterBar-btnFilters","interaction":{"idSuffix":"BDI-content"}},"wdio_ui5_key":"applicationmanagepartners-display-component---masterPtm--smartFilterBar-btnFilters"}]}
RESULT: {"script":"<script> [1562 bytes]","args":[{"selector":{"id":"application-managepartners-display-component---masterPtm--smartFilterBar-btnFilters","interaction":{"idSuffix":"BDI-content"}},"wdio_ui5_key":"applicationmanagepartners-display-component---masterPtm--smartFilterBar-btnFilters"}]}
RESULT: undefined
COMMAND: POST /session/1f4369c590cc015c24359cd6d90be4de/element - {"using":"xpath","value":"//*[@id=\"application-managepartners-display-component---masterPtm--smartFilterBar-btnFilters\"]"}
RESULT: {"using":"xpath","value":"//*[@id=\"application-managepartners-display-component---masterPtm--smartFilterBar-btnFilters\"]"}
COMMAND: POST /session/1f4369c590cc015c24359cd6d90be4de/element/f.8EC51792AE8EAD5CEC6F142478755B93.d.1B4D1EE2951047EE2B8FE18411BCDD0F.e.5840/click - {}
RESULT: {}
COMMAND: GET /session/1f4369c590cc015c24359cd6d90be4de/screenshot - {}
RESULT: {}
COMMAND: POST /session/1f4369c590cc015c24359cd6d90be4de/elements - {"using":"xpath","value":"//table[contains(@id, \"listView-innerSelectionPanelTable-listUl\")]/tbody/tr"}
RESULT: {"using":"xpath","value":"//table[contains(@id, \"listView-innerSelectionPanelTable-listUl\")]/tbody/tr"}
COMMAND: POST /session/1f4369c590cc015c24359cd6d90be4de/element - {"using":"xpath","value":"//table[contains(@id, \"listView-innerSelectionPanelTable-listUl\")]/tbody/tr[2]/td[2]/div/div"}
RESULT: {"using":"xpath","value":"//table[contains(@id, \"listView-innerSelectionPanelTable-listUl\")]/tbody/tr[2]/td[2]/div/div"}
COMMAND: POST /session/1f4369c590cc015c24359cd6d90be4de/element - {"using":"xpath","value":"//table[contains(@id, \"listView-innerSelectionPanelTable-listUl\")]/tbody/tr[2]/td[2]/div"}
RESULT: {"using":"xpath","value":"//table[contains(@id, \"listView-innerSelectionPanelTable-listUl\")]/tbody/tr[2]/td[2]/div"}
COMMAND: POST /session/1f4369c590cc015c24359cd6d90be4de/element - {"using":"xpath","value":"//table[contains(@id, \"listView-innerSelectionPanelTable-listUl\")]/tbody/tr[2]/td[3]/div/div/span/span[1]/bdi"}
RESULT: {"using":"xpath","value":"//table[contains(@id, \"listView-innerSelectionPanelTable-listUl\")]/tbody/tr[2]/td[3]/div/div/span/span[1]/bdi"}
COMMAND: POST /session/1f4369c590cc015c24359cd6d90be4de/execute/sync - {"script":"<script> [56 bytes]","args":[{"element-6066-11e4-a52e-4f735466cecf":"f.8EC51792AE8EAD5CEC6F142478755B93.d.1B4D1EE2951047EE2B8FE18411BCDD0F.e.6787","ELEMENT":"f.8EC51792AE8EAD5CEC6F142478755B93.d.1B4D1EE2951047EE2B8FE18411BCDD0F.e.6787"}]}
RESULT: {"script":"<script> [56 bytes]","args":[{"element-6066-11e4-a52e-4f735466cecf":"f.8EC51792AE8EAD5CEC6F142478755B93.d.1B4D1EE2951047EE2B8FE18411BCDD0F.e.6787","ELEMENT":"f.8EC51792AE8EAD5CEC6F142478755B93.d.1B4D1EE2951047EE2B8FE18411BCDD0F.e.6787"}]}
COMMAND: GET /session/1f4369c590cc015c24359cd6d90be4de/element/f.8EC51792AE8EAD5CEC6F142478755B93.d.1B4D1EE2951047EE2B8FE18411BCDD0F.e.6786/attribute/aria-checked - {}
COMMAND: GET /session/1f4369c590cc015c24359cd6d90be4de/screenshot - {}
RESULT: {}
COMMAND: POST /session/1f4369c590cc015c24359cd6d90be4de/element - {"using":"xpath","value":"//table[contains(@id, \"listView-innerSelectionPanelTable-listUl\")]/tbody/tr[3]/td[2]/div/div"}
RESULT: {}
RESULT: {"using":"xpath","value":"//table[contains(@id, \"listView-innerSelectionPanelTable-listUl\")]/tbody/tr[3]/td[2]/div/div"}
COMMAND: POST /session/1f4369c590cc015c24359cd6d90be4de/element - {"using":"xpath","value":"//table[contains(@id, \"listView-innerSelectionPanelTable-listUl\")]/tbody/tr[3]/td[2]/div"}
RESULT: {"using":"xpath","value":"//table[contains(@id, \"listView-innerSelectionPanelTable-listUl\")]/tbody/tr[3]/td[2]/div"}
COMMAND: POST /session/1f4369c590cc015c24359cd6d90be4de/element - {"using":"xpath","value":"//table[contains(@id, \"listView-innerSelectionPanelTable-listUl\")]/tbody/tr[3]/td[3]/div/div/span/span[1]/bdi"}
RESULT: {"using":"xpath","value":"//table[contains(@id, \"listView-innerSelectionPanelTable-listUl\")]/tbody/tr[3]/td[3]/div/div/span/span[1]/bdi"}
COMMAND: POST /session/1f4369c590cc015c24359cd6d90be4de/execute/sync - {"script":"<script> [56 bytes]","args":[{"element-6066-11e4-a52e-4f735466cecf":"f.8EC51792AE8EAD5CEC6F142478755B93.d.1B4D1EE2951047EE2B8FE18411BCDD0F.e.6790","ELEMENT":"f.8EC51792AE8EAD5CEC6F142478755B93.d.1B4D1EE2951047EE2B8FE18411BCDD0F.e.6790"}]}
RESULT: {"script":"<script> [56 bytes]","args":[{"element-6066-11e4-a52e-4f735466cecf":"f.8EC51792AE8EAD5CEC6F142478755B93.d.1B4D1EE2951047EE2B8FE18411BCDD0F.e.6790","ELEMENT":"f.8EC51792AE8EAD5CEC6F142478755B93.d.1B4D1EE2951047EE2B8FE18411BCDD0F.e.6790"}]}
COMMAND: GET /session/1f4369c590cc015c24359cd6d90be4de/element/f.8EC51792AE8EAD5CEC6F142478755B93.d.1B4D1EE2951047EE2B8FE18411BCDD0F.e.6789/attribute/aria-checked - {}
COMMAND: GET /session/1f4369c590cc015c24359cd6d90be4de/screenshot - {}
RESULT: {}
COMMAND: POST /session/1f4369c590cc015c24359cd6d90be4de/element - {"using":"xpath","value":"//table[contains(@id, \"listView-innerSelectionPanelTable-listUl\")]/tbody/tr[4]/td[2]/div/div"}
RESULT: {}
RESULT: {"using":"xpath","value":"//table[contains(@id, \"listView-innerSelectionPanelTable-listUl\")]/tbody/tr[4]/td[2]/div/div"}
COMMAND: POST /session/1f4369c590cc015c24359cd6d90be4de/element - {"using":"xpath","value":"//table[contains(@id, \"listView-innerSelectionPanelTable-listUl\")]/tbody/tr[4]/td[2]/div"}
RESULT: {"using":"xpath","value":"//table[contains(@id, \"listView-innerSelectionPanelTable-listUl\")]/tbody/tr[4]/td[2]/div"}
COMMAND: POST /session/1f4369c590cc015c24359cd6d90be4de/element - {"using":"xpath","value":"//table[contains(@id, \"listView-innerSelectionPanelTable-listUl\")]/tbody/tr[4]/td[3]/div/div/span/span[1]/bdi"}
RESULT: {"using":"xpath","value":"//table[contains(@id, \"listView-innerSelectionPanelTable-listUl\")]/tbody/tr[4]/td[3]/div/div/span/span[1]/bdi"}
COMMAND: POST /session/1f4369c590cc015c24359cd6d90be4de/execute/sync - {"script":"<script> [56 bytes]","args":[{"element-6066-11e4-a52e-4f735466cecf":"f.8EC51792AE8EAD5CEC6F142478755B93.d.1B4D1EE2951047EE2B8FE18411BCDD0F.e.6793","ELEMENT":"f.8EC51792AE8EAD5CEC6F142478755B93.d.1B4D1EE2951047EE2B8FE18411BCDD0F.e.6793"}]}
RESULT: {"script":"<script> [56 bytes]","args":[{"element-6066-11e4-a52e-4f735466cecf":"f.8EC51792AE8EAD5CEC6F142478755B93.d.1B4D1EE2951047EE2B8FE18411BCDD0F.e.6793","ELEMENT":"f.8EC51792AE8EAD5CEC6F142478755B93.d.1B4D1EE2951047EE2B8FE18411BCDD0F.e.6793"}]}
COMMAND: GET /session/1f4369c590cc015c24359cd6d90be4de/element/f.8EC51792AE8EAD5CEC6F142478755B93.d.1B4D1EE2951047EE2B8FE18411BCDD0F.e.6792/attribute/aria-checked - {}
COMMAND: GET /session/1f4369c590cc015c24359cd6d90be4de/screenshot - {}
RESULT: {}
COMMAND: POST /session/1f4369c590cc015c24359cd6d90be4de/element - {"using":"xpath","value":"//table[contains(@id, \"listView-innerSelectionPanelTable-listUl\")]/tbody/tr[5]/td[2]/div/div"}
RESULT: {}
RESULT: {"using":"xpath","value":"//table[contains(@id, \"listView-innerSelectionPanelTable-listUl\")]/tbody/tr[5]/td[2]/div/div"}
COMMAND: POST /session/1f4369c590cc015c24359cd6d90be4de/element - {"using":"xpath","value":"//table[contains(@id, \"listView-innerSelectionPanelTable-listUl\")]/tbody/tr[5]/td[2]/div"}
RESULT: {"using":"xpath","value":"//table[contains(@id, \"listView-innerSelectionPanelTable-listUl\")]/tbody/tr[5]/td[2]/div"}
COMMAND: POST /session/1f4369c590cc015c24359cd6d90be4de/element - {"using":"xpath","value":"//table[contains(@id, \"listView-innerSelectionPanelTable-listUl\")]/tbody/tr[5]/td[3]/div/div/span/span[1]/bdi"}
RESULT: {"using":"xpath","value":"//table[contains(@id, \"listView-innerSelectionPanelTable-listUl\")]/tbody/tr[5]/td[3]/div/div/span/span[1]/bdi"}
COMMAND: POST /session/1f4369c590cc015c24359cd6d90be4de/execute/sync - {"script":"<script> [56 bytes]","args":[{"element-6066-11e4-a52e-4f735466cecf":"f.8EC51792AE8EAD5CEC6F142478755B93.d.1B4D1EE2951047EE2B8FE18411BCDD0F.e.6796","ELEMENT":"f.8EC51792AE8EAD5CEC6F142478755B93.d.1B4D1EE2951047EE2B8FE18411BCDD0F.e.6796"}]}
RESULT: {"script":"<script> [56 bytes]","args":[{"element-6066-11e4-a52e-4f735466cecf":"f.8EC51792AE8EAD5CEC6F142478755B93.d.1B4D1EE2951047EE2B8FE18411BCDD0F.e.6796","ELEMENT":"f.8EC51792AE8EAD5CEC6F142478755B93.d.1B4D1EE2951047EE2B8FE18411BCDD0F.e.6796"}]}
COMMAND: GET /session/1f4369c590cc015c24359cd6d90be4de/element/f.8EC51792AE8EAD5CEC6F142478755B93.d.1B4D1EE2951047EE2B8FE18411BCDD0F.e.6795/attribute/aria-checked - {}
COMMAND: GET /session/1f4369c590cc015c24359cd6d90be4de/screenshot - {}
RESULT: {}
COMMAND: POST /session/1f4369c590cc015c24359cd6d90be4de/element - {"using":"xpath","value":"//table[contains(@id, \"listView-innerSelectionPanelTable-listUl\")]/tbody/tr[6]/td[2]/div/div"}
RESULT: {}
RESULT: {"using":"xpath","value":"//table[contains(@id, \"listView-innerSelectionPanelTable-listUl\")]/tbody/tr[6]/td[2]/div/div"}
COMMAND: POST /session/1f4369c590cc015c24359cd6d90be4de/element - {"using":"xpath","value":"//table[contains(@id, \"listView-innerSelectionPanelTable-listUl\")]/tbody/tr[6]/td[2]/div"}
RESULT: {"using":"xpath","value":"//table[contains(@id, \"listView-innerSelectionPanelTable-listUl\")]/tbody/tr[6]/td[2]/div"}
COMMAND: POST /session/1f4369c590cc015c24359cd6d90be4de/element - {"using":"xpath","value":"//table[contains(@id, \"listView-innerSelectionPanelTable-listUl\")]/tbody/tr[6]/td[3]/div/div/span/span[1]/bdi"}
RESULT: {"using":"xpath","value":"//table[contains(@id, \"listView-innerSelectionPanelTable-listUl\")]/tbody/tr[6]/td[3]/div/div/span/span[1]/bdi"}
COMMAND: POST /session/1f4369c590cc015c24359cd6d90be4de/execute/sync - {"script":"<script> [56 bytes]","args":[{"element-6066-11e4-a52e-4f735466cecf":"f.8EC51792AE8EAD5CEC6F142478755B93.d.1B4D1EE2951047EE2B8FE18411BCDD0F.e.6799","ELEMENT":"f.8EC51792AE8EAD5CEC6F142478755B93.d.1B4D1EE2951047EE2B8FE18411BCDD0F.e.6799"}]}
RESULT: {"script":"<script> [56 bytes]","args":[{"element-6066-11e4-a52e-4f735466cecf":"f.8EC51792AE8EAD5CEC6F142478755B93.d.1B4D1EE2951047EE2B8FE18411BCDD0F.e.6799","ELEMENT":"f.8EC51792AE8EAD5CEC6F142478755B93.d.1B4D1EE2951047EE2B8FE18411BCDD0F.e.6799"}]}
COMMAND: GET /session/1f4369c590cc015c24359cd6d90be4de/element/f.8EC51792AE8EAD5CEC6F142478755B93.d.1B4D1EE2951047EE2B8FE18411BCDD0F.e.6798/attribute/aria-checked - {}
COMMAND: GET /session/1f4369c590cc015c24359cd6d90be4de/screenshot - {}
RESULT: {}
COMMAND: POST /session/1f4369c590cc015c24359cd6d90be4de/element - {"using":"xpath","value":"//table[contains(@id, \"listView-innerSelectionPanelTable-listUl\")]/tbody/tr[7]/td[2]/div/div"}
RESULT: {}
RESULT: {"using":"xpath","value":"//table[contains(@id, \"listView-innerSelectionPanelTable-listUl\")]/tbody/tr[7]/td[2]/div/div"}
COMMAND: POST /session/1f4369c590cc015c24359cd6d90be4de/element - {"using":"xpath","value":"//table[contains(@id, \"listView-innerSelectionPanelTable-listUl\")]/tbody/tr[7]/td[2]/div"}
RESULT: {"using":"xpath","value":"//table[contains(@id, \"listView-innerSelectionPanelTable-listUl\")]/tbody/tr[7]/td[2]/div"}
COMMAND: POST /session/1f4369c590cc015c24359cd6d90be4de/element - {"using":"xpath","value":"//table[contains(@id, \"listView-innerSelectionPanelTable-listUl\")]/tbody/tr[7]/td[3]/div/div/span/span[1]/bdi"}
RESULT: {"using":"xpath","value":"//table[contains(@id, \"listView-innerSelectionPanelTable-listUl\")]/tbody/tr[7]/td[3]/div/div/span/span[1]/bdi"}
COMMAND: POST /session/1f4369c590cc015c24359cd6d90be4de/execute/sync - {"script":"<script> [56 bytes]","args":[{"element-6066-11e4-a52e-4f735466cecf":"f.8EC51792AE8EAD5CEC6F142478755B93.d.1B4D1EE2951047EE2B8FE18411BCDD0F.e.6802","ELEMENT":"f.8EC51792AE8EAD5CEC6F142478755B93.d.1B4D1EE2951047EE2B8FE18411BCDD0F.e.6802"}]}
RESULT: {"script":"<script> [56 bytes]","args":[{"element-6066-11e4-a52e-4f735466cecf":"f.8EC51792AE8EAD5CEC6F142478755B93.d.1B4D1EE2951047EE2B8FE18411BCDD0F.e.6802","ELEMENT":"f.8EC51792AE8EAD5CEC6F142478755B93.d.1B4D1EE2951047EE2B8FE18411BCDD0F.e.6802"}]}
COMMAND: GET /session/1f4369c590cc015c24359cd6d90be4de/element/f.8EC51792AE8EAD5CEC6F142478755B93.d.1B4D1EE2951047EE2B8FE18411BCDD0F.e.6801/attribute/aria-checked - {}
COMMAND: GET /session/1f4369c590cc015c24359cd6d90be4de/screenshot - {}
RESULT: {}
COMMAND: POST /session/1f4369c590cc015c24359cd6d90be4de/element - {"using":"xpath","value":"//table[contains(@id, \"listView-innerSelectionPanelTable-listUl\")]/tbody/tr[8]/td[2]/div/div"}
RESULT: {}
RESULT: {"using":"xpath","value":"//table[contains(@id, \"listView-innerSelectionPanelTable-listUl\")]/tbody/tr[8]/td[2]/div/div"}
COMMAND: POST /session/1f4369c590cc015c24359cd6d90be4de/element - {"using":"xpath","value":"//table[contains(@id, \"listView-innerSelectionPanelTable-listUl\")]/tbody/tr[8]/td[2]/div"}
RESULT: {"using":"xpath","value":"//table[contains(@id, \"listView-innerSelectionPanelTable-listUl\")]/tbody/tr[8]/td[2]/div"}
COMMAND: POST /session/1f4369c590cc015c24359cd6d90be4de/element - {"using":"xpath","value":"//table[contains(@id, \"listView-innerSelectionPanelTable-listUl\")]/tbody/tr[8]/td[3]/div/div/span/span[1]/bdi"}
RESULT: {"using":"xpath","value":"//table[contains(@id, \"listView-innerSelectionPanelTable-listUl\")]/tbody/tr[8]/td[3]/div/div/span/span[1]/bdi"}
COMMAND: POST /session/1f4369c590cc015c24359cd6d90be4de/execute/sync - {"script":"<script> [56 bytes]","args":[{"element-6066-11e4-a52e-4f735466cecf":"f.8EC51792AE8EAD5CEC6F142478755B93.d.1B4D1EE2951047EE2B8FE18411BCDD0F.e.6805","ELEMENT":"f.8EC51792AE8EAD5CEC6F142478755B93.d.1B4D1EE2951047EE2B8FE18411BCDD0F.e.6805"}]}
RESULT: {"script":"<script> [56 bytes]","args":[{"element-6066-11e4-a52e-4f735466cecf":"f.8EC51792AE8EAD5CEC6F142478755B93.d.1B4D1EE2951047EE2B8FE18411BCDD0F.e.6805","ELEMENT":"f.8EC51792AE8EAD5CEC6F142478755B93.d.1B4D1EE2951047EE2B8FE18411BCDD0F.e.6805"}]}
COMMAND: GET /session/1f4369c590cc015c24359cd6d90be4de/element/f.8EC51792AE8EAD5CEC6F142478755B93.d.1B4D1EE2951047EE2B8FE18411BCDD0F.e.6804/attribute/aria-checked - {}
COMMAND: GET /session/1f4369c590cc015c24359cd6d90be4de/screenshot - {}
RESULT: {}
COMMAND: POST /session/1f4369c590cc015c24359cd6d90be4de/element - {"using":"xpath","value":"//table[contains(@id, \"listView-innerSelectionPanelTable-listUl\")]/tbody/tr[9]/td[2]/div/div"}
RESULT: {}
RESULT: {"using":"xpath","value":"//table[contains(@id, \"listView-innerSelectionPanelTable-listUl\")]/tbody/tr[9]/td[2]/div/div"}
COMMAND: POST /session/1f4369c590cc015c24359cd6d90be4de/element - {"using":"xpath","value":"//table[contains(@id, \"listView-innerSelectionPanelTable-listUl\")]/tbody/tr[9]/td[2]/div"}
RESULT: {"using":"xpath","value":"//table[contains(@id, \"listView-innerSelectionPanelTable-listUl\")]/tbody/tr[9]/td[2]/div"}
COMMAND: POST /session/1f4369c590cc015c24359cd6d90be4de/element - {"using":"xpath","value":"//table[contains(@id, \"listView-innerSelectionPanelTable-listUl\")]/tbody/tr[9]/td[3]/div/div/span/span[1]/bdi"}
RESULT: {"using":"xpath","value":"//table[contains(@id, \"listView-innerSelectionPanelTable-listUl\")]/tbody/tr[9]/td[3]/div/div/span/span[1]/bdi"}
COMMAND: POST /session/1f4369c590cc015c24359cd6d90be4de/execute/sync - {"script":"<script> [56 bytes]","args":[{"element-6066-11e4-a52e-4f735466cecf":"f.8EC51792AE8EAD5CEC6F142478755B93.d.1B4D1EE2951047EE2B8FE18411BCDD0F.e.6808","ELEMENT":"f.8EC51792AE8EAD5CEC6F142478755B93.d.1B4D1EE2951047EE2B8FE18411BCDD0F.e.6808"}]}
RESULT: {"script":"<script> [56 bytes]","args":[{"element-6066-11e4-a52e-4f735466cecf":"f.8EC51792AE8EAD5CEC6F142478755B93.d.1B4D1EE2951047EE2B8FE18411BCDD0F.e.6808","ELEMENT":"f.8EC51792AE8EAD5CEC6F142478755B93.d.1B4D1EE2951047EE2B8FE18411BCDD0F.e.6808"}]}
COMMAND: GET /session/1f4369c590cc015c24359cd6d90be4de/element/f.8EC51792AE8EAD5CEC6F142478755B93.d.1B4D1EE2951047EE2B8FE18411BCDD0F.e.6807/attribute/aria-checked - {}
COMMAND: GET /session/1f4369c590cc015c24359cd6d90be4de/screenshot - {}
RESULT: {}
COMMAND: POST /session/1f4369c590cc015c24359cd6d90be4de/element - {"using":"xpath","value":"//table[contains(@id, \"listView-innerSelectionPanelTable-listUl\")]/tbody/tr[10]/td[2]/div/div"}
RESULT: {}
RESULT: {"using":"xpath","value":"//table[contains(@id, \"listView-innerSelectionPanelTable-listUl\")]/tbody/tr[10]/td[2]/div/div"}
COMMAND: POST /session/1f4369c590cc015c24359cd6d90be4de/element - {"using":"xpath","value":"//table[contains(@id, \"listView-innerSelectionPanelTable-listUl\")]/tbody/tr[10]/td[2]/div"}
RESULT: {"using":"xpath","value":"//table[contains(@id, \"listView-innerSelectionPanelTable-listUl\")]/tbody/tr[10]/td[2]/div"}
COMMAND: POST /session/1f4369c590cc015c24359cd6d90be4de/element - {"using":"xpath","value":"//table[contains(@id, \"listView-innerSelectionPanelTable-listUl\")]/tbody/tr[10]/td[3]/div/div/span/span[1]/bdi"}
RESULT: {"using":"xpath","value":"//table[contains(@id, \"listView-innerSelectionPanelTable-listUl\")]/tbody/tr[10]/td[3]/div/div/span/span[1]/bdi"}
COMMAND: POST /session/1f4369c590cc015c24359cd6d90be4de/execute/sync - {"script":"<script> [56 bytes]","args":[{"element-6066-11e4-a52e-4f735466cecf":"f.8EC51792AE8EAD5CEC6F142478755B93.d.1B4D1EE2951047EE2B8FE18411BCDD0F.e.6811","ELEMENT":"f.8EC51792AE8EAD5CEC6F142478755B93.d.1B4D1EE2951047EE2B8FE18411BCDD0F.e.6811"}]}
RESULT: {"script":"<script> [56 bytes]","args":[{"element-6066-11e4-a52e-4f735466cecf":"f.8EC51792AE8EAD5CEC6F142478755B93.d.1B4D1EE2951047EE2B8FE18411BCDD0F.e.6811","ELEMENT":"f.8EC51792AE8EAD5CEC6F142478755B93.d.1B4D1EE2951047EE2B8FE18411BCDD0F.e.6811"}]}
COMMAND: GET /session/1f4369c590cc015c24359cd6d90be4de/element/f.8EC51792AE8EAD5CEC6F142478755B93.d.1B4D1EE2951047EE2B8FE18411BCDD0F.e.6810/attribute/aria-checked - {}
COMMAND: GET /session/1f4369c590cc015c24359cd6d90be4de/screenshot - {}
RESULT: {}
COMMAND: POST /session/1f4369c590cc015c24359cd6d90be4de/element - {"using":"xpath","value":"//table[contains(@id, \"listView-innerSelectionPanelTable-listUl\")]/tbody/tr[11]/td[2]/div/div"}
RESULT: {}
RESULT: {"using":"xpath","value":"//table[contains(@id, \"listView-innerSelectionPanelTable-listUl\")]/tbody/tr[11]/td[2]/div/div"}
COMMAND: POST /session/1f4369c590cc015c24359cd6d90be4de/element - {"using":"xpath","value":"//table[contains(@id, \"listView-innerSelectionPanelTable-listUl\")]/tbody/tr[11]/td[2]/div"}
RESULT: {"using":"xpath","value":"//table[contains(@id, \"listView-innerSelectionPanelTable-listUl\")]/tbody/tr[11]/td[2]/div"}
COMMAND: POST /session/1f4369c590cc015c24359cd6d90be4de/element - {"using":"xpath","value":"//table[contains(@id, \"listView-innerSelectionPanelTable-listUl\")]/tbody/tr[11]/td[3]/div/div/span/span[1]/bdi"}
RESULT: {"using":"xpath","value":"//table[contains(@id, \"listView-innerSelectionPanelTable-listUl\")]/tbody/tr[11]/td[3]/div/div/span/span[1]/bdi"}
COMMAND: POST /session/1f4369c590cc015c24359cd6d90be4de/execute/sync - {"script":"<script> [56 bytes]","args":[{"element-6066-11e4-a52e-4f735466cecf":"f.8EC51792AE8EAD5CEC6F142478755B93.d.1B4D1EE2951047EE2B8FE18411BCDD0F.e.6814","ELEMENT":"f.8EC51792AE8EAD5CEC6F142478755B93.d.1B4D1EE2951047EE2B8FE18411BCDD0F.e.6814"}]}
RESULT: {"script":"<script> [56 bytes]","args":[{"element-6066-11e4-a52e-4f735466cecf":"f.8EC51792AE8EAD5CEC6F142478755B93.d.1B4D1EE2951047EE2B8FE18411BCDD0F.e.6814","ELEMENT":"f.8EC51792AE8EAD5CEC6F142478755B93.d.1B4D1EE2951047EE2B8FE18411BCDD0F.e.6814"}]}
COMMAND: GET /session/1f4369c590cc015c24359cd6d90be4de/element/f.8EC51792AE8EAD5CEC6F142478755B93.d.1B4D1EE2951047EE2B8FE18411BCDD0F.e.6813/attribute/aria-checked - {}
COMMAND: GET /session/1f4369c590cc015c24359cd6d90be4de/screenshot - {}
RESULT: {}
COMMAND: POST /session/1f4369c590cc015c24359cd6d90be4de/element - {"using":"xpath","value":"//table[contains(@id, \"listView-innerSelectionPanelTable-listUl\")]/tbody/tr[12]/td[2]/div/div"}
RESULT: {}
RESULT: {"using":"xpath","value":"//table[contains(@id, \"listView-innerSelectionPanelTable-listUl\")]/tbody/tr[12]/td[2]/div/div"}
COMMAND: POST /session/1f4369c590cc015c24359cd6d90be4de/element - {"using":"xpath","value":"//table[contains(@id, \"listView-innerSelectionPanelTable-listUl\")]/tbody/tr[12]/td[2]/div"}
RESULT: {"using":"xpath","value":"//table[contains(@id, \"listView-innerSelectionPanelTable-listUl\")]/tbody/tr[12]/td[2]/div"}
COMMAND: POST /session/1f4369c590cc015c24359cd6d90be4de/element - {"using":"xpath","value":"//table[contains(@id, \"listView-innerSelectionPanelTable-listUl\")]/tbody/tr[12]/td[3]/div/div/span/span[1]/bdi"}
RESULT: {"using":"xpath","value":"//table[contains(@id, \"listView-innerSelectionPanelTable-listUl\")]/tbody/tr[12]/td[3]/div/div/span/span[1]/bdi"}
COMMAND: POST /session/1f4369c590cc015c24359cd6d90be4de/execute/sync - {"script":"<script> [56 bytes]","args":[{"element-6066-11e4-a52e-4f735466cecf":"f.8EC51792AE8EAD5CEC6F142478755B93.d.1B4D1EE2951047EE2B8FE18411BCDD0F.e.6817","ELEMENT":"f.8EC51792AE8EAD5CEC6F142478755B93.d.1B4D1EE2951047EE2B8FE18411BCDD0F.e.6817"}]}
RESULT: {"script":"<script> [56 bytes]","args":[{"element-6066-11e4-a52e-4f735466cecf":"f.8EC51792AE8EAD5CEC6F142478755B93.d.1B4D1EE2951047EE2B8FE18411BCDD0F.e.6817","ELEMENT":"f.8EC51792AE8EAD5CEC6F142478755B93.d.1B4D1EE2951047EE2B8FE18411BCDD0F.e.6817"}]}
COMMAND: GET /session/1f4369c590cc015c24359cd6d90be4de/element/f.8EC51792AE8EAD5CEC6F142478755B93.d.1B4D1EE2951047EE2B8FE18411BCDD0F.e.6816/attribute/aria-checked - {}
COMMAND: GET /session/1f4369c590cc015c24359cd6d90be4de/screenshot - {}
RESULT: {}
COMMAND: POST /session/1f4369c590cc015c24359cd6d90be4de/element - {"using":"xpath","value":"//table[contains(@id, \"listView-innerSelectionPanelTable-listUl\")]/tbody/tr[13]/td[2]/div/div"}
RESULT: {}
RESULT: {"using":"xpath","value":"//table[contains(@id, \"listView-innerSelectionPanelTable-listUl\")]/tbody/tr[13]/td[2]/div/div"}
COMMAND: POST /session/1f4369c590cc015c24359cd6d90be4de/element - {"using":"xpath","value":"//table[contains(@id, \"listView-innerSelectionPanelTable-listUl\")]/tbody/tr[13]/td[2]/div"}
RESULT: {"using":"xpath","value":"//table[contains(@id, \"listView-innerSelectionPanelTable-listUl\")]/tbody/tr[13]/td[2]/div"}
COMMAND: POST /session/1f4369c590cc015c24359cd6d90be4de/element - {"using":"xpath","value":"//table[contains(@id, \"listView-innerSelectionPanelTable-listUl\")]/tbody/tr[13]/td[3]/div/div/span/span[1]/bdi"}
RESULT: {"using":"xpath","value":"//table[contains(@id, \"listView-innerSelectionPanelTable-listUl\")]/tbody/tr[13]/td[3]/div/div/span/span[1]/bdi"}
COMMAND: POST /session/1f4369c590cc015c24359cd6d90be4de/execute/sync - {"script":"<script> [56 bytes]","args":[{"element-6066-11e4-a52e-4f735466cecf":"f.8EC51792AE8EAD5CEC6F142478755B93.d.1B4D1EE2951047EE2B8FE18411BCDD0F.e.6820","ELEMENT":"f.8EC51792AE8EAD5CEC6F142478755B93.d.1B4D1EE2951047EE2B8FE18411BCDD0F.e.6820"}]}
RESULT: {"script":"<script> [56 bytes]","args":[{"element-6066-11e4-a52e-4f735466cecf":"f.8EC51792AE8EAD5CEC6F142478755B93.d.1B4D1EE2951047EE2B8FE18411BCDD0F.e.6820","ELEMENT":"f.8EC51792AE8EAD5CEC6F142478755B93.d.1B4D1EE2951047EE2B8FE18411BCDD0F.e.6820"}]}
COMMAND: GET /session/1f4369c590cc015c24359cd6d90be4de/element/f.8EC51792AE8EAD5CEC6F142478755B93.d.1B4D1EE2951047EE2B8FE18411BCDD0F.e.6819/attribute/aria-checked - {}
COMMAND: GET /session/1f4369c590cc015c24359cd6d90be4de/screenshot - {}
RESULT: {}
COMMAND: POST /session/1f4369c590cc015c24359cd6d90be4de/element - {"using":"xpath","value":"//table[contains(@id, \"listView-innerSelectionPanelTable-listUl\")]/tbody/tr[14]/td[2]/div/div"}
COMMAND: POST /session/1f4369c590cc015c24359cd6d90be4de/element/f.8EC51792AE8EAD5CEC6F142478755B93.d.1B4D1EE2951047EE2B8FE18411BCDD0F.e.6818/click - {}
RESULT: {}
RESULT: {"using":"xpath","value":"//table[contains(@id, \"listView-innerSelectionPanelTable-listUl\")]/tbody/tr[14]/td[2]/div/div"}
COMMAND: POST /session/1f4369c590cc015c24359cd6d90be4de/element - {"using":"xpath","value":"//table[contains(@id, \"listView-innerSelectionPanelTable-listUl\")]/tbody/tr[14]/td[2]/div"}
RESULT: {}
COMMAND: GET /session/1f4369c590cc015c24359cd6d90be4de/screenshot - {}
RESULT: {"using":"xpath","value":"//table[contains(@id, \"listView-innerSelectionPanelTable-listUl\")]/tbody/tr[14]/td[2]/div"}
COMMAND: POST /session/1f4369c590cc015c24359cd6d90be4de/element - {"using":"xpath","value":"//table[contains(@id, \"listView-innerSelectionPanelTable-listUl\")]/tbody/tr[14]/td[3]/div/div/span/span[1]/bdi"}
RESULT: {}
RESULT: {"using":"xpath","value":"//table[contains(@id, \"listView-innerSelectionPanelTable-listUl\")]/tbody/tr[14]/td[3]/div/div/span/span[1]/bdi"}
COMMAND: POST /session/1f4369c590cc015c24359cd6d90be4de/execute/sync - {"script":"<script> [56 bytes]","args":[{"element-6066-11e4-a52e-4f735466cecf":"f.8EC51792AE8EAD5CEC6F142478755B93.d.1B4D1EE2951047EE2B8FE18411BCDD0F.e.6824","ELEMENT":"f.8EC51792AE8EAD5CEC6F142478755B93.d.1B4D1EE2951047EE2B8FE18411BCDD0F.e.6824"}]}
RESULT: {"script":"<script> [56 bytes]","args":[{"element-6066-11e4-a52e-4f735466cecf":"f.8EC51792AE8EAD5CEC6F142478755B93.d.1B4D1EE2951047EE2B8FE18411BCDD0F.e.6824","ELEMENT":"f.8EC51792AE8EAD5CEC6F142478755B93.d.1B4D1EE2951047EE2B8FE18411BCDD0F.e.6824"}]}
COMMAND: GET /session/1f4369c590cc015c24359cd6d90be4de/element/f.8EC51792AE8EAD5CEC6F142478755B93.d.1B4D1EE2951047EE2B8FE18411BCDD0F.e.6823/attribute/aria-checked - {}
COMMAND: GET /session/1f4369c590cc015c24359cd6d90be4de/screenshot - {}
RESULT: {}
COMMAND: POST /session/1f4369c590cc015c24359cd6d90be4de/element - {"using":"xpath","value":"//table[contains(@id, \"listView-innerSelectionPanelTable-listUl\")]/tbody/tr[15]/td[2]/div/div"}
RESULT: {}
RESULT: {"using":"xpath","value":"//table[contains(@id, \"listView-innerSelectionPanelTable-listUl\")]/tbody/tr[15]/td[2]/div/div"}
COMMAND: POST /session/1f4369c590cc015c24359cd6d90be4de/element - {"using":"xpath","value":"//table[contains(@id, \"listView-innerSelectionPanelTable-listUl\")]/tbody/tr[15]/td[2]/div"}
RESULT: {"using":"xpath","value":"//table[contains(@id, \"listView-innerSelectionPanelTable-listUl\")]/tbody/tr[15]/td[2]/div"}
COMMAND: POST /session/1f4369c590cc015c24359cd6d90be4de/element - {"using":"xpath","value":"//table[contains(@id, \"listView-innerSelectionPanelTable-listUl\")]/tbody/tr[15]/td[3]/div/div/span/span[1]/bdi"}
RESULT: {"using":"xpath","value":"//table[contains(@id, \"listView-innerSelectionPanelTable-listUl\")]/tbody/tr[15]/td[3]/div/div/span/span[1]/bdi"}
COMMAND: POST /session/1f4369c590cc015c24359cd6d90be4de/execute/sync - {"script":"<script> [56 bytes]","args":[{"element-6066-11e4-a52e-4f735466cecf":"f.8EC51792AE8EAD5CEC6F142478755B93.d.1B4D1EE2951047EE2B8FE18411BCDD0F.e.6827","ELEMENT":"f.8EC51792AE8EAD5CEC6F142478755B93.d.1B4D1EE2951047EE2B8FE18411BCDD0F.e.6827"}]}
RESULT: {"script":"<script> [56 bytes]","args":[{"element-6066-11e4-a52e-4f735466cecf":"f.8EC51792AE8EAD5CEC6F142478755B93.d.1B4D1EE2951047EE2B8FE18411BCDD0F.e.6827","ELEMENT":"f.8EC51792AE8EAD5CEC6F142478755B93.d.1B4D1EE2951047EE2B8FE18411BCDD0F.e.6827"}]}
COMMAND: GET /session/1f4369c590cc015c24359cd6d90be4de/element/f.8EC51792AE8EAD5CEC6F142478755B93.d.1B4D1EE2951047EE2B8FE18411BCDD0F.e.6826/attribute/aria-checked - {}
COMMAND: GET /session/1f4369c590cc015c24359cd6d90be4de/screenshot - {}
RESULT: {}
COMMAND: POST /session/1f4369c590cc015c24359cd6d90be4de/element - {"using":"xpath","value":"//table[contains(@id, \"listView-innerSelectionPanelTable-listUl\")]/tbody/tr[16]/td[2]/div/div"}
RESULT: {}
RESULT: {"using":"xpath","value":"//table[contains(@id, \"listView-innerSelectionPanelTable-listUl\")]/tbody/tr[16]/td[2]/div/div"}
COMMAND: POST /session/1f4369c590cc015c24359cd6d90be4de/element - {"using":"xpath","value":"//table[contains(@id, \"listView-innerSelectionPanelTable-listUl\")]/tbody/tr[16]/td[2]/div"}
RESULT: {"using":"xpath","value":"//table[contains(@id, \"listView-innerSelectionPanelTable-listUl\")]/tbody/tr[16]/td[2]/div"}
COMMAND: POST /session/1f4369c590cc015c24359cd6d90be4de/element - {"using":"xpath","value":"//table[contains(@id, \"listView-innerSelectionPanelTable-listUl\")]/tbody/tr[16]/td[3]/div/div/span/span[1]/bdi"}
RESULT: {"using":"xpath","value":"//table[contains(@id, \"listView-innerSelectionPanelTable-listUl\")]/tbody/tr[16]/td[3]/div/div/span/span[1]/bdi"}
COMMAND: POST /session/1f4369c590cc015c24359cd6d90be4de/execute/sync - {"script":"<script> [56 bytes]","args":[{"element-6066-11e4-a52e-4f735466cecf":"f.8EC51792AE8EAD5CEC6F142478755B93.d.1B4D1EE2951047EE2B8FE18411BCDD0F.e.6830","ELEMENT":"f.8EC51792AE8EAD5CEC6F142478755B93.d.1B4D1EE2951047EE2B8FE18411BCDD0F.e.6830"}]}
RESULT: {"script":"<script> [56 bytes]","args":[{"element-6066-11e4-a52e-4f735466cecf":"f.8EC51792AE8EAD5CEC6F142478755B93.d.1B4D1EE2951047EE2B8FE18411BCDD0F.e.6830","ELEMENT":"f.8EC51792AE8EAD5CEC6F142478755B93.d.1B4D1EE2951047EE2B8FE18411BCDD0F.e.6830"}]}
COMMAND: GET /session/1f4369c590cc015c24359cd6d90be4de/element/f.8EC51792AE8EAD5CEC6F142478755B93.d.1B4D1EE2951047EE2B8FE18411BCDD0F.e.6829/attribute/aria-checked - {}
COMMAND: GET /session/1f4369c590cc015c24359cd6d90be4de/screenshot - {}
RESULT: {}
COMMAND: POST /session/1f4369c590cc015c24359cd6d90be4de/element - {"using":"xpath","value":"//table[contains(@id, \"listView-innerSelectionPanelTable-listUl\")]/tbody/tr[17]/td[2]/div/div"}
RESULT: {}
RESULT: {"using":"xpath","value":"//table[contains(@id, \"listView-innerSelectionPanelTable-listUl\")]/tbody/tr[17]/td[2]/div/div"}
COMMAND: POST /session/1f4369c590cc015c24359cd6d90be4de/element - {"using":"xpath","value":"//table[contains(@id, \"listView-innerSelectionPanelTable-listUl\")]/tbody/tr[17]/td[2]/div"}
RESULT: {"using":"xpath","value":"//table[contains(@id, \"listView-innerSelectionPanelTable-listUl\")]/tbody/tr[17]/td[2]/div"}
COMMAND: POST /session/1f4369c590cc015c24359cd6d90be4de/element - {"using":"xpath","value":"//table[contains(@id, \"listView-innerSelectionPanelTable-listUl\")]/tbody/tr[17]/td[3]/div/div/span/span[1]/bdi"}
RESULT: {"using":"xpath","value":"//table[contains(@id, \"listView-innerSelectionPanelTable-listUl\")]/tbody/tr[17]/td[3]/div/div/span/span[1]/bdi"}
COMMAND: POST /session/1f4369c590cc015c24359cd6d90be4de/execute/sync - {"script":"<script> [56 bytes]","args":[{"element-6066-11e4-a52e-4f735466cecf":"f.8EC51792AE8EAD5CEC6F142478755B93.d.1B4D1EE2951047EE2B8FE18411BCDD0F.e.6833","ELEMENT":"f.8EC51792AE8EAD5CEC6F142478755B93.d.1B4D1EE2951047EE2B8FE18411BCDD0F.e.6833"}]}
RESULT: {"script":"<script> [56 bytes]","args":[{"element-6066-11e4-a52e-4f735466cecf":"f.8EC51792AE8EAD5CEC6F142478755B93.d.1B4D1EE2951047EE2B8FE18411BCDD0F.e.6833","ELEMENT":"f.8EC51792AE8EAD5CEC6F142478755B93.d.1B4D1EE2951047EE2B8FE18411BCDD0F.e.6833"}]}
COMMAND: GET /session/1f4369c590cc015c24359cd6d90be4de/element/f.8EC51792AE8EAD5CEC6F142478755B93.d.1B4D1EE2951047EE2B8FE18411BCDD0F.e.6832/attribute/aria-checked - {}
COMMAND: GET /session/1f4369c590cc015c24359cd6d90be4de/screenshot - {}
RESULT: {}
COMMAND: POST /session/1f4369c590cc015c24359cd6d90be4de/element - {"using":"xpath","value":"//table[contains(@id, \"listView-innerSelectionPanelTable-listUl\")]/tbody/tr[18]/td[2]/div/div"}
RESULT: {}
RESULT: {"using":"xpath","value":"//table[contains(@id, \"listView-innerSelectionPanelTable-listUl\")]/tbody/tr[18]/td[2]/div/div"}
COMMAND: POST /session/1f4369c590cc015c24359cd6d90be4de/element - {"using":"xpath","value":"//table[contains(@id, \"listView-innerSelectionPanelTable-listUl\")]/tbody/tr[18]/td[2]/div"}
RESULT: {"using":"xpath","value":"//table[contains(@id, \"listView-innerSelectionPanelTable-listUl\")]/tbody/tr[18]/td[2]/div"}
COMMAND: POST /session/1f4369c590cc015c24359cd6d90be4de/element - {"using":"xpath","value":"//table[contains(@id, \"listView-innerSelectionPanelTable-listUl\")]/tbody/tr[18]/td[3]/div/div/span/span[1]/bdi"}
RESULT: {"using":"xpath","value":"//table[contains(@id, \"listView-innerSelectionPanelTable-listUl\")]/tbody/tr[18]/td[3]/div/div/span/span[1]/bdi"}
COMMAND: POST /session/1f4369c590cc015c24359cd6d90be4de/execute/sync - {"script":"<script> [56 bytes]","args":[{"element-6066-11e4-a52e-4f735466cecf":"f.8EC51792AE8EAD5CEC6F142478755B93.d.1B4D1EE2951047EE2B8FE18411BCDD0F.e.6836","ELEMENT":"f.8EC51792AE8EAD5CEC6F142478755B93.d.1B4D1EE2951047EE2B8FE18411BCDD0F.e.6836"}]}
RESULT: {"script":"<script> [56 bytes]","args":[{"element-6066-11e4-a52e-4f735466cecf":"f.8EC51792AE8EAD5CEC6F142478755B93.d.1B4D1EE2951047EE2B8FE18411BCDD0F.e.6836","ELEMENT":"f.8EC51792AE8EAD5CEC6F142478755B93.d.1B4D1EE2951047EE2B8FE18411BCDD0F.e.6836"}]}
COMMAND: GET /session/1f4369c590cc015c24359cd6d90be4de/element/f.8EC51792AE8EAD5CEC6F142478755B93.d.1B4D1EE2951047EE2B8FE18411BCDD0F.e.6835/attribute/aria-checked - {}
COMMAND: GET /session/1f4369c590cc015c24359cd6d90be4de/screenshot - {}
RESULT: {}
COMMAND: POST /session/1f4369c590cc015c24359cd6d90be4de/element - {"using":"xpath","value":"//table[contains(@id, \"listView-innerSelectionPanelTable-listUl\")]/tbody/tr[19]/td[2]/div/div"}
RESULT: {}
RESULT: {"using":"xpath","value":"//table[contains(@id, \"listView-innerSelectionPanelTable-listUl\")]/tbody/tr[19]/td[2]/div/div"}
COMMAND: POST /session/1f4369c590cc015c24359cd6d90be4de/element - {"using":"xpath","value":"//table[contains(@id, \"listView-innerSelectionPanelTable-listUl\")]/tbody/tr[19]/td[2]/div"}
RESULT: {"using":"xpath","value":"//table[contains(@id, \"listView-innerSelectionPanelTable-listUl\")]/tbody/tr[19]/td[2]/div"}
COMMAND: POST /session/1f4369c590cc015c24359cd6d90be4de/element - {"using":"xpath","value":"//table[contains(@id, \"listView-innerSelectionPanelTable-listUl\")]/tbody/tr[19]/td[3]/div/div/span/span[1]/bdi"}
RESULT: {"using":"xpath","value":"//table[contains(@id, \"listView-innerSelectionPanelTable-listUl\")]/tbody/tr[19]/td[3]/div/div/span/span[1]/bdi"}
COMMAND: POST /session/1f4369c590cc015c24359cd6d90be4de/execute/sync - {"script":"<script> [56 bytes]","args":[{"element-6066-11e4-a52e-4f735466cecf":"f.8EC51792AE8EAD5CEC6F142478755B93.d.1B4D1EE2951047EE2B8FE18411BCDD0F.e.6839","ELEMENT":"f.8EC51792AE8EAD5CEC6F142478755B93.d.1B4D1EE2951047EE2B8FE18411BCDD0F.e.6839"}]}
RESULT: {"script":"<script> [56 bytes]","args":[{"element-6066-11e4-a52e-4f735466cecf":"f.8EC51792AE8EAD5CEC6F142478755B93.d.1B4D1EE2951047EE2B8FE18411BCDD0F.e.6839","ELEMENT":"f.8EC51792AE8EAD5CEC6F142478755B93.d.1B4D1EE2951047EE2B8FE18411BCDD0F.e.6839"}]}
COMMAND: GET /session/1f4369c590cc015c24359cd6d90be4de/element/f.8EC51792AE8EAD5CEC6F142478755B93.d.1B4D1EE2951047EE2B8FE18411BCDD0F.e.6838/attribute/aria-checked - {}
COMMAND: GET /session/1f4369c590cc015c24359cd6d90be4de/screenshot - {}
RESULT: {}
COMMAND: POST /session/1f4369c590cc015c24359cd6d90be4de/element - {"using":"xpath","value":"//table[contains(@id, \"listView-innerSelectionPanelTable-listUl\")]/tbody/tr[20]/td[2]/div/div"}
RESULT: {}
RESULT: {"using":"xpath","value":"//table[contains(@id, \"listView-innerSelectionPanelTable-listUl\")]/tbody/tr[20]/td[2]/div/div"}
COMMAND: POST /session/1f4369c590cc015c24359cd6d90be4de/element - {"using":"xpath","value":"//table[contains(@id, \"listView-innerSelectionPanelTable-listUl\")]/tbody/tr[20]/td[2]/div"}
RESULT: {"using":"xpath","value":"//table[contains(@id, \"listView-innerSelectionPanelTable-listUl\")]/tbody/tr[20]/td[2]/div"}
COMMAND: POST /session/1f4369c590cc015c24359cd6d90be4de/element - {"using":"xpath","value":"//table[contains(@id, \"listView-innerSelectionPanelTable-listUl\")]/tbody/tr[20]/td[3]/div/div/span/span[1]/bdi"}
RESULT: {"using":"xpath","value":"//table[contains(@id, \"listView-innerSelectionPanelTable-listUl\")]/tbody/tr[20]/td[3]/div/div/span/span[1]/bdi"}
COMMAND: POST /session/1f4369c590cc015c24359cd6d90be4de/execute/sync - {"script":"<script> [56 bytes]","args":[{"element-6066-11e4-a52e-4f735466cecf":"f.8EC51792AE8EAD5CEC6F142478755B93.d.1B4D1EE2951047EE2B8FE18411BCDD0F.e.6842","ELEMENT":"f.8EC51792AE8EAD5CEC6F142478755B93.d.1B4D1EE2951047EE2B8FE18411BCDD0F.e.6842"}]}
RESULT: {"script":"<script> [56 bytes]","args":[{"element-6066-11e4-a52e-4f735466cecf":"f.8EC51792AE8EAD5CEC6F142478755B93.d.1B4D1EE2951047EE2B8FE18411BCDD0F.e.6842","ELEMENT":"f.8EC51792AE8EAD5CEC6F142478755B93.d.1B4D1EE2951047EE2B8FE18411BCDD0F.e.6842"}]}
COMMAND: GET /session/1f4369c590cc015c24359cd6d90be4de/element/f.8EC51792AE8EAD5CEC6F142478755B93.d.1B4D1EE2951047EE2B8FE18411BCDD0F.e.6841/attribute/aria-checked - {}
COMMAND: GET /session/1f4369c590cc015c24359cd6d90be4de/screenshot - {}
RESULT: {}
COMMAND: POST /session/1f4369c590cc015c24359cd6d90be4de/element - {"using":"xpath","value":"//table[contains(@id, \"listView-innerSelectionPanelTable-listUl\")]/tbody/tr[21]/td[2]/div/div"}
RESULT: {}
RESULT: {"using":"xpath","value":"//table[contains(@id, \"listView-innerSelectionPanelTable-listUl\")]/tbody/tr[21]/td[2]/div/div"}
COMMAND: POST /session/1f4369c590cc015c24359cd6d90be4de/element - {"using":"xpath","value":"//table[contains(@id, \"listView-innerSelectionPanelTable-listUl\")]/tbody/tr[21]/td[2]/div"}
RESULT: {"using":"xpath","value":"//table[contains(@id, \"listView-innerSelectionPanelTable-listUl\")]/tbody/tr[21]/td[2]/div"}
COMMAND: POST /session/1f4369c590cc015c24359cd6d90be4de/element - {"using":"xpath","value":"//table[contains(@id, \"listView-innerSelectionPanelTable-listUl\")]/tbody/tr[21]/td[3]/div/div/span/span[1]/bdi"}
RESULT: {"using":"xpath","value":"//table[contains(@id, \"listView-innerSelectionPanelTable-listUl\")]/tbody/tr[21]/td[3]/div/div/span/span[1]/bdi"}
COMMAND: POST /session/1f4369c590cc015c24359cd6d90be4de/execute/sync - {"script":"<script> [56 bytes]","args":[{"element-6066-11e4-a52e-4f735466cecf":"f.8EC51792AE8EAD5CEC6F142478755B93.d.1B4D1EE2951047EE2B8FE18411BCDD0F.e.6845","ELEMENT":"f.8EC51792AE8EAD5CEC6F142478755B93.d.1B4D1EE2951047EE2B8FE18411BCDD0F.e.6845"}]}
RESULT: {"script":"<script> [56 bytes]","args":[{"element-6066-11e4-a52e-4f735466cecf":"f.8EC51792AE8EAD5CEC6F142478755B93.d.1B4D1EE2951047EE2B8FE18411BCDD0F.e.6845","ELEMENT":"f.8EC51792AE8EAD5CEC6F142478755B93.d.1B4D1EE2951047EE2B8FE18411BCDD0F.e.6845"}]}
COMMAND: GET /session/1f4369c590cc015c24359cd6d90be4de/element/f.8EC51792AE8EAD5CEC6F142478755B93.d.1B4D1EE2951047EE2B8FE18411BCDD0F.e.6844/attribute/aria-checked - {}
COMMAND: GET /session/1f4369c590cc015c24359cd6d90be4de/screenshot - {}
RESULT: {}
COMMAND: POST /session/1f4369c590cc015c24359cd6d90be4de/element - {"using":"xpath","value":"//table[contains(@id, \"listView-innerSelectionPanelTable-listUl\")]/tbody/tr[22]/td[2]/div/div"}
RESULT: {}
RESULT: {"using":"xpath","value":"//table[contains(@id, \"listView-innerSelectionPanelTable-listUl\")]/tbody/tr[22]/td[2]/div/div"}
COMMAND: POST /session/1f4369c590cc015c24359cd6d90be4de/element - {"using":"xpath","value":"//table[contains(@id, \"listView-innerSelectionPanelTable-listUl\")]/tbody/tr[22]/td[2]/div"}
RESULT: {"using":"xpath","value":"//table[contains(@id, \"listView-innerSelectionPanelTable-listUl\")]/tbody/tr[22]/td[2]/div"}
COMMAND: POST /session/1f4369c590cc015c24359cd6d90be4de/element - {"using":"xpath","value":"//table[contains(@id, \"listView-innerSelectionPanelTable-listUl\")]/tbody/tr[22]/td[3]/div/div/span/span[1]/bdi"}
RESULT: {"using":"xpath","value":"//table[contains(@id, \"listView-innerSelectionPanelTable-listUl\")]/tbody/tr[22]/td[3]/div/div/span/span[1]/bdi"}
COMMAND: POST /session/1f4369c590cc015c24359cd6d90be4de/execute/sync - {"script":"<script> [56 bytes]","args":[{"element-6066-11e4-a52e-4f735466cecf":"f.8EC51792AE8EAD5CEC6F142478755B93.d.1B4D1EE2951047EE2B8FE18411BCDD0F.e.6848","ELEMENT":"f.8EC51792AE8EAD5CEC6F142478755B93.d.1B4D1EE2951047EE2B8FE18411BCDD0F.e.6848"}]}
RESULT: {"script":"<script> [56 bytes]","args":[{"element-6066-11e4-a52e-4f735466cecf":"f.8EC51792AE8EAD5CEC6F142478755B93.d.1B4D1EE2951047EE2B8FE18411BCDD0F.e.6848","ELEMENT":"f.8EC51792AE8EAD5CEC6F142478755B93.d.1B4D1EE2951047EE2B8FE18411BCDD0F.e.6848"}]}
COMMAND: GET /session/1f4369c590cc015c24359cd6d90be4de/element/f.8EC51792AE8EAD5CEC6F142478755B93.d.1B4D1EE2951047EE2B8FE18411BCDD0F.e.6847/attribute/aria-checked - {}
COMMAND: GET /session/1f4369c590cc015c24359cd6d90be4de/screenshot - {}
RESULT: {}
COMMAND: POST /session/1f4369c590cc015c24359cd6d90be4de/element - {"using":"xpath","value":"//table[contains(@id, \"listView-innerSelectionPanelTable-listUl\")]/tbody/tr[23]/td[2]/div/div"}
RESULT: {}
RESULT: {"using":"xpath","value":"//table[contains(@id, \"listView-innerSelectionPanelTable-listUl\")]/tbody/tr[23]/td[2]/div/div"}
COMMAND: POST /session/1f4369c590cc015c24359cd6d90be4de/element - {"using":"xpath","value":"//table[contains(@id, \"listView-innerSelectionPanelTable-listUl\")]/tbody/tr[23]/td[2]/div"}
RESULT: {"using":"xpath","value":"//table[contains(@id, \"listView-innerSelectionPanelTable-listUl\")]/tbody/tr[23]/td[2]/div"}
COMMAND: POST /session/1f4369c590cc015c24359cd6d90be4de/element - {"using":"xpath","value":"//table[contains(@id, \"listView-innerSelectionPanelTable-listUl\")]/tbody/tr[23]/td[3]/div/div/span/span[1]/bdi"}
RESULT: {"using":"xpath","value":"//table[contains(@id, \"listView-innerSelectionPanelTable-listUl\")]/tbody/tr[23]/td[3]/div/div/span/span[1]/bdi"}
COMMAND: POST /session/1f4369c590cc015c24359cd6d90be4de/execute/sync - {"script":"<script> [56 bytes]","args":[{"element-6066-11e4-a52e-4f735466cecf":"f.8EC51792AE8EAD5CEC6F142478755B93.d.1B4D1EE2951047EE2B8FE18411BCDD0F.e.6851","ELEMENT":"f.8EC51792AE8EAD5CEC6F142478755B93.d.1B4D1EE2951047EE2B8FE18411BCDD0F.e.6851"}]}
RESULT: {"script":"<script> [56 bytes]","args":[{"element-6066-11e4-a52e-4f735466cecf":"f.8EC51792AE8EAD5CEC6F142478755B93.d.1B4D1EE2951047EE2B8FE18411BCDD0F.e.6851","ELEMENT":"f.8EC51792AE8EAD5CEC6F142478755B93.d.1B4D1EE2951047EE2B8FE18411BCDD0F.e.6851"}]}
COMMAND: GET /session/1f4369c590cc015c24359cd6d90be4de/element/f.8EC51792AE8EAD5CEC6F142478755B93.d.1B4D1EE2951047EE2B8FE18411BCDD0F.e.6850/attribute/aria-checked - {}
COMMAND: GET /session/1f4369c590cc015c24359cd6d90be4de/screenshot - {}
RESULT: {}
COMMAND: POST /session/1f4369c590cc015c24359cd6d90be4de/element - {"using":"xpath","value":"//table[contains(@id, \"listView-innerSelectionPanelTable-listUl\")]/tbody/tr[24]/td[2]/div/div"}
RESULT: {}
RESULT: {"using":"xpath","value":"//table[contains(@id, \"listView-innerSelectionPanelTable-listUl\")]/tbody/tr[24]/td[2]/div/div"}
COMMAND: POST /session/1f4369c590cc015c24359cd6d90be4de/element - {"using":"xpath","value":"//table[contains(@id, \"listView-innerSelectionPanelTable-listUl\")]/tbody/tr[24]/td[2]/div"}
RESULT: {"using":"xpath","value":"//table[contains(@id, \"listView-innerSelectionPanelTable-listUl\")]/tbody/tr[24]/td[2]/div"}
COMMAND: POST /session/1f4369c590cc015c24359cd6d90be4de/element - {"using":"xpath","value":"//table[contains(@id, \"listView-innerSelectionPanelTable-listUl\")]/tbody/tr[24]/td[3]/div/div/span/span[1]/bdi"}
RESULT: {"using":"xpath","value":"//table[contains(@id, \"listView-innerSelectionPanelTable-listUl\")]/tbody/tr[24]/td[3]/div/div/span/span[1]/bdi"}
COMMAND: POST /session/1f4369c590cc015c24359cd6d90be4de/execute/sync - {"script":"<script> [56 bytes]","args":[{"element-6066-11e4-a52e-4f735466cecf":"f.8EC51792AE8EAD5CEC6F142478755B93.d.1B4D1EE2951047EE2B8FE18411BCDD0F.e.6854","ELEMENT":"f.8EC51792AE8EAD5CEC6F142478755B93.d.1B4D1EE2951047EE2B8FE18411BCDD0F.e.6854"}]}
RESULT: {"script":"<script> [56 bytes]","args":[{"element-6066-11e4-a52e-4f735466cecf":"f.8EC51792AE8EAD5CEC6F142478755B93.d.1B4D1EE2951047EE2B8FE18411BCDD0F.e.6854","ELEMENT":"f.8EC51792AE8EAD5CEC6F142478755B93.d.1B4D1EE2951047EE2B8FE18411BCDD0F.e.6854"}]}
COMMAND: GET /session/1f4369c590cc015c24359cd6d90be4de/element/f.8EC51792AE8EAD5CEC6F142478755B93.d.1B4D1EE2951047EE2B8FE18411BCDD0F.e.6853/attribute/aria-checked - {}
COMMAND: GET /session/1f4369c590cc015c24359cd6d90be4de/screenshot - {}
RESULT: {}
COMMAND: POST /session/1f4369c590cc015c24359cd6d90be4de/element - {"using":"xpath","value":"//table[contains(@id, \"listView-innerSelectionPanelTable-listUl\")]/tbody/tr[25]/td[2]/div/div"}
RESULT: {}
RESULT: {"using":"xpath","value":"//table[contains(@id, \"listView-innerSelectionPanelTable-listUl\")]/tbody/tr[25]/td[2]/div/div"}
COMMAND: POST /session/1f4369c590cc015c24359cd6d90be4de/element - {"using":"xpath","value":"//table[contains(@id, \"listView-innerSelectionPanelTable-listUl\")]/tbody/tr[25]/td[2]/div"}
RESULT: {"using":"xpath","value":"//table[contains(@id, \"listView-innerSelectionPanelTable-listUl\")]/tbody/tr[25]/td[2]/div"}
COMMAND: POST /session/1f4369c590cc015c24359cd6d90be4de/element - {"using":"xpath","value":"//table[contains(@id, \"listView-innerSelectionPanelTable-listUl\")]/tbody/tr[25]/td[3]/div/div/span/span[1]/bdi"}
RESULT: {"using":"xpath","value":"//table[contains(@id, \"listView-innerSelectionPanelTable-listUl\")]/tbody/tr[25]/td[3]/div/div/span/span[1]/bdi"}
COMMAND: POST /session/1f4369c590cc015c24359cd6d90be4de/execute/sync - {"script":"<script> [56 bytes]","args":[{"element-6066-11e4-a52e-4f735466cecf":"f.8EC51792AE8EAD5CEC6F142478755B93.d.1B4D1EE2951047EE2B8FE18411BCDD0F.e.6857","ELEMENT":"f.8EC51792AE8EAD5CEC6F142478755B93.d.1B4D1EE2951047EE2B8FE18411BCDD0F.e.6857"}]}
RESULT: {"script":"<script> [56 bytes]","args":[{"element-6066-11e4-a52e-4f735466cecf":"f.8EC51792AE8EAD5CEC6F142478755B93.d.1B4D1EE2951047EE2B8FE18411BCDD0F.e.6857","ELEMENT":"f.8EC51792AE8EAD5CEC6F142478755B93.d.1B4D1EE2951047EE2B8FE18411BCDD0F.e.6857"}]}
COMMAND: GET /session/1f4369c590cc015c24359cd6d90be4de/element/f.8EC51792AE8EAD5CEC6F142478755B93.d.1B4D1EE2951047EE2B8FE18411BCDD0F.e.6856/attribute/aria-checked - {}
COMMAND: GET /session/1f4369c590cc015c24359cd6d90be4de/screenshot - {}
RESULT: {}
COMMAND: POST /session/1f4369c590cc015c24359cd6d90be4de/element - {"using":"xpath","value":"//bdi[contains(text(), \"OK\")]"}
RESULT: {}
RESULT: {"using":"xpath","value":"//bdi[contains(text(), \"OK\")]"}
COMMAND: POST /session/1f4369c590cc015c24359cd6d90be4de/element/f.8EC51792AE8EAD5CEC6F142478755B93.d.1B4D1EE2951047EE2B8FE18411BCDD0F.e.6858/click - {}
RESULT: {}
COMMAND: GET /session/1f4369c590cc015c24359cd6d90be4de/screenshot - {}
RESULT: {}
COMMAND: POST /session/1f4369c590cc015c24359cd6d90be4de/execute/async - {"script":"<script> [1562 bytes]","args":[{"selector":{"id":"application-managepartners-display-component---masterPtm--smartFilterBar-filterItemControlA_-LINK_TO_ADDRESSES_MAIN.CITY1-vhi"},"wdio_ui5_key":"applicationmanagepartners-display-component---masterPtm--smartFilterBar-filterItemControlA_-LINK_TO_ADDRESSES_MAIN.CITY1-vhi"}]}
RESULT: {"script":"<script> [1562 bytes]","args":[{"selector":{"id":"application-managepartners-display-component---masterPtm--smartFilterBar-filterItemControlA_-LINK_TO_ADDRESSES_MAIN.CITY1-vhi"},"wdio_ui5_key":"applicationmanagepartners-display-component---masterPtm--smartFilterBar-filterItemControlA_-LINK_TO_ADDRESSES_MAIN.CITY1-vhi"}]}
RESULT: undefined
COMMAND: POST /session/1f4369c590cc015c24359cd6d90be4de/element - {"using":"xpath","value":"//*[@id=\"application-managepartners-display-component---masterPtm--smartFilterBar-filterItemControlA_-LINK_TO_ADDRESSES_MAIN.CITY1-vhi\"]"}
RESULT: {"using":"xpath","value":"//*[@id=\"application-managepartners-display-component---masterPtm--smartFilterBar-filterItemControlA_-LINK_TO_ADDRESSES_MAIN.CITY1-vhi\"]"}
COMMAND: POST /session/1f4369c590cc015c24359cd6d90be4de/element/f.8EC51792AE8EAD5CEC6F142478755B93.d.1B4D1EE2951047EE2B8FE18411BCDD0F.e.6872/click - {}
RESULT: {}
COMMAND: GET /session/1f4369c590cc015c24359cd6d90be4de/screenshot - {}
RESULT: {}
COMMAND: POST /session/1f4369c590cc015c24359cd6d90be4de/execute/async - {"script":"<script> [1562 bytes]","args":[{"selector":{"controlType":"sap.m.Input","viewName":"etm.portal.ui.managepartners.view.Master","viewId":"application-managepartners-display-component---masterPtm","properties":{"valueState":"None"},"searchOpenDialogs":true,"interaction":{"idSuffix":"inner"}},"wdio_ui5_key":"etmportal.ui.managepartners.view.Mastersap.m.Input{\"valueState\":\"None\"}"}]}
RESULT: {"script":"<script> [1562 bytes]","args":[{"selector":{"controlType":"sap.m.Input","viewName":"etm.portal.ui.managepartners.view.Master","viewId":"application-managepartners-display-component---masterPtm","properties":{"valueState":"None"},"searchOpenDialogs":true,"interaction":{"idSuffix":"inner"}},"wdio_ui5_key":"etmportal.ui.managepartners.view.Mastersap.m.Input{\"valueState\":\"None\"}"}]}
RESULT: undefined
COMMAND: POST /session/1f4369c590cc015c24359cd6d90be4de/execute/async - {"script":"<script> [776 bytes]","args":[{"enterText":"Bangalore","selector":{"controlType":"sap.m.Input","viewName":"etm.portal.ui.managepartners.view.Master","viewId":"application-managepartners-display-component---masterPtm","properties":{"valueState":"None"},"searchOpenDialogs":true,"interaction":{"idSuffix":"inner"}},"clearTextFirst":true,"interactionType":"ENTER_TEXT"}]}
RESULT: {"script":"<script> [776 bytes]","args":[{"enterText":"Bangalore","selector":{"controlType":"sap.m.Input","viewName":"etm.portal.ui.managepartners.view.Master","viewId":"application-managepartners-display-component---masterPtm","properties":{"valueState":"None"},"searchOpenDialogs":true,"interaction":{"idSuffix":"inner"}},"clearTextFirst":true,"interactionType":"ENTER_TEXT"}]}
COMMAND: POST /session/1f4369c590cc015c24359cd6d90be4de/actions - {"actions":[{"id":"action21","type":"key","parameters":{},"actions":[{"type":"keyDown","value":""},{"type":"pause","duration":10},{"type":"keyUp","value":""}]}]}
RESULT: {"actions":[{"id":"action21","type":"key","parameters":{},"actions":[{"type":"keyDown","value":""},{"type":"pause","duration":10},{"type":"keyUp","value":""}]}]}
COMMAND: GET /session/1f4369c590cc015c24359cd6d90be4de/screenshot - {}
RESULT: {}
COMMAND: POST /session/1f4369c590cc015c24359cd6d90be4de/element - {"using":"xpath","value":"(//bdi[contains(text(), \"OK\")])[1]"}
RESULT: {"using":"xpath","value":"(//bdi[contains(text(), \"OK\")])[1]"}
COMMAND: POST /session/1f4369c590cc015c24359cd6d90be4de/element/f.8EC51792AE8EAD5CEC6F142478755B93.d.1B4D1EE2951047EE2B8FE18411BCDD0F.e.6878/click - {}
RESULT: {}
COMMAND: GET /session/1f4369c590cc015c24359cd6d90be4de/screenshot - {}
RESULT: {}
COMMAND: POST /session/1f4369c590cc015c24359cd6d90be4de/element - {"using":"xpath","value":"//span[@id=\"application-managepartners-display-component---masterPtm--smartTable-header-inner\"]"}
RESULT: {"using":"xpath","value":"//span[@id=\"application-managepartners-display-component---masterPtm--smartTable-header-inner\"]"}
COMMAND: POST /session/1f4369c590cc015c24359cd6d90be4de/elements - {"using":"xpath","value":"//span[@id=\"application-managepartners-display-component---masterPtm--smartTable-header-inner\"]"}
RESULT: {"using":"xpath","value":"//span[@id=\"application-managepartners-display-component---masterPtm--smartTable-header-inner\"]"}
COMMAND: POST /session/1f4369c590cc015c24359cd6d90be4de/execute/sync - {"script":"<script> [56 bytes]","args":[{"element-6066-11e4-a52e-4f735466cecf":"f.8EC51792AE8EAD5CEC6F142478755B93.d.1B4D1EE2951047EE2B8FE18411BCDD0F.e.5999","ELEMENT":"f.8EC51792AE8EAD5CEC6F142478755B93.d.1B4D1EE2951047EE2B8FE18411BCDD0F.e.5999"}]}
RESULT: {"script":"<script> [56 bytes]","args":[{"element-6066-11e4-a52e-4f735466cecf":"f.8EC51792AE8EAD5CEC6F142478755B93.d.1B4D1EE2951047EE2B8FE18411BCDD0F.e.5999","ELEMENT":"f.8EC51792AE8EAD5CEC6F142478755B93.d.1B4D1EE2951047EE2B8FE18411BCDD0F.e.5999"}]}
COMMAND: POST /session/1f4369c590cc015c24359cd6d90be4de/element - {"using":"xpath","value":"//span[contains(@title, \"Remove\")]"}
COMMAND: GET /session/1f4369c590cc015c24359cd6d90be4de/screenshot - {}
RESULT: {"using":"xpath","value":"//span[contains(@title, \"Remove\")]"}
COMMAND: POST /session/1f4369c590cc015c24359cd6d90be4de/element/f.8EC51792AE8EAD5CEC6F142478755B93.d.1B4D1EE2951047EE2B8FE18411BCDD0F.e.7042/click - {}
RESULT: {}
RESULT: {}
COMMAND: GET /session/1f4369c590cc015c24359cd6d90be4de/screenshot - {}
RESULT: {}
COMMAND: POST /session/1f4369c590cc015c24359cd6d90be4de/element - {"using":"xpath","value":"//span[@id=\"application-managepartners-display-component---masterPtm--smartTable-header-inner\"]"}
RESULT: {"using":"xpath","value":"//span[@id=\"application-managepartners-display-component---masterPtm--smartTable-header-inner\"]"}
COMMAND: POST /session/1f4369c590cc015c24359cd6d90be4de/elements - {"using":"xpath","value":"//span[@id=\"application-managepartners-display-component---masterPtm--smartTable-header-inner\"]"}
RESULT: {"using":"xpath","value":"//span[@id=\"application-managepartners-display-component---masterPtm--smartTable-header-inner\"]"}
COMMAND: POST /session/1f4369c590cc015c24359cd6d90be4de/execute/sync - {"script":"<script> [56 bytes]","args":[{"element-6066-11e4-a52e-4f735466cecf":"f.8EC51792AE8EAD5CEC6F142478755B93.d.1B4D1EE2951047EE2B8FE18411BCDD0F.e.5999","ELEMENT":"f.8EC51792AE8EAD5CEC6F142478755B93.d.1B4D1EE2951047EE2B8FE18411BCDD0F.e.5999"}]}
RESULT: {"script":"<script> [56 bytes]","args":[{"element-6066-11e4-a52e-4f735466cecf":"f.8EC51792AE8EAD5CEC6F142478755B93.d.1B4D1EE2951047EE2B8FE18411BCDD0F.e.5999","ELEMENT":"f.8EC51792AE8EAD5CEC6F142478755B93.d.1B4D1EE2951047EE2B8FE18411BCDD0F.e.5999"}]}
COMMAND: POST /session/1f4369c590cc015c24359cd6d90be4de/element - {"using":"css selector","value":"#shell-header-logo"}
COMMAND: GET /session/1f4369c590cc015c24359cd6d90be4de/screenshot - {}
RESULT: {"using":"css selector","value":"#shell-header-logo"}
COMMAND: POST /session/1f4369c590cc015c24359cd6d90be4de/element/f.8EC51792AE8EAD5CEC6F142478755B93.d.1B4D1EE2951047EE2B8FE18411BCDD0F.e.5830/click - {}
RESULT: {}
RESULT: {}
COMMAND: GET /session/1f4369c590cc015c24359cd6d90be4de/screenshot - {}
RESULT: {}
]]></system-out>
    </testcase>
    <testcase classname="chrome.135_0_7049_42.windows.Partner_specific_tests_US150819_US151080_US151654_US151176_US103444_US151078_US151079_US151109_US151174_US151175_US151189" name="Should try to save empty partner US151174" time="45.556">
      <system-out><![CDATA[
COMMAND: POST /session/1f4369c590cc015c24359cd6d90be4de/element - {"using":"xpath","value":"//li[.//span[text()=\"Manage Partners\"]]"}
RESULT: {"using":"xpath","value":"//li[.//span[text()=\"Manage Partners\"]]"}
COMMAND: POST /session/1f4369c590cc015c24359cd6d90be4de/element - {"using":"xpath","value":"//li[.//span[text()=\"Manage Partners\"]]"}
RESULT: {"using":"xpath","value":"//li[.//span[text()=\"Manage Partners\"]]"}
COMMAND: POST /session/1f4369c590cc015c24359cd6d90be4de/element - {"using":"css selector","value":"#shell-header-logo"}
RESULT: {"using":"css selector","value":"#shell-header-logo"}
COMMAND: POST /session/1f4369c590cc015c24359cd6d90be4de/element/f.8EC51792AE8EAD5CEC6F142478755B93.d.1B4D1EE2951047EE2B8FE18411BCDD0F.e.7130/click - {}
COMMAND: POST /session/1f4369c590cc015c24359cd6d90be4de/execute/sync - {"script":"<script> [8489 bytes]","args":[{"element-6066-11e4-a52e-4f735466cecf":"f.8EC51792AE8EAD5CEC6F142478755B93.d.1B4D1EE2951047EE2B8FE18411BCDD0F.e.7130","ELEMENT":"f.8EC51792AE8EAD5CEC6F142478755B93.d.1B4D1EE2951047EE2B8FE18411BCDD0F.e.7130"}]}
RESULT: {"script":"<script> [8489 bytes]","args":[{"element-6066-11e4-a52e-4f735466cecf":"f.8EC51792AE8EAD5CEC6F142478755B93.d.1B4D1EE2951047EE2B8FE18411BCDD0F.e.7130","ELEMENT":"f.8EC51792AE8EAD5CEC6F142478755B93.d.1B4D1EE2951047EE2B8FE18411BCDD0F.e.7130"}]}
COMMAND: POST /session/1f4369c590cc015c24359cd6d90be4de/execute/sync - {"script":"<script> [5351 bytes]","args":[{"element-6066-11e4-a52e-4f735466cecf":"f.8EC51792AE8EAD5CEC6F142478755B93.d.1B4D1EE2951047EE2B8FE18411BCDD0F.e.7130","ELEMENT":"f.8EC51792AE8EAD5CEC6F142478755B93.d.1B4D1EE2951047EE2B8FE18411BCDD0F.e.7130"}]}
COMMAND: GET /session/1f4369c590cc015c24359cd6d90be4de/screenshot - {}
RESULT: {}
COMMAND: GET /session/1f4369c590cc015c24359cd6d90be4de/screenshot - {}
RESULT: {"script":"<script> [5351 bytes]","args":[{"element-6066-11e4-a52e-4f735466cecf":"f.8EC51792AE8EAD5CEC6F142478755B93.d.1B4D1EE2951047EE2B8FE18411BCDD0F.e.7130","ELEMENT":"f.8EC51792AE8EAD5CEC6F142478755B93.d.1B4D1EE2951047EE2B8FE18411BCDD0F.e.7130"}]}
COMMAND: GET /session/1f4369c590cc015c24359cd6d90be4de/screenshot - {}
RESULT: {}
RESULT: {}
RESULT: {}
RESULT: undefined
COMMAND: POST /session/1f4369c590cc015c24359cd6d90be4de/element - {"using":"xpath","value":"//*[@id=\"__tile30\"]"}
RESULT: {"using":"xpath","value":"//*[@id=\"__tile30\"]"}
COMMAND: POST /session/1f4369c590cc015c24359cd6d90be4de/element/f.8EC51792AE8EAD5CEC6F142478755B93.d.1B4D1EE2951047EE2B8FE18411BCDD0F.e.4489/click - {}
RESULT: {}
COMMAND: POST /session/1f4369c590cc015c24359cd6d90be4de/element - {"using":"xpath","value":"//button[@data-kt=\"addButton\"]"}
COMMAND: GET /session/1f4369c590cc015c24359cd6d90be4de/screenshot - {}
RESULT: {"using":"xpath","value":"//button[@data-kt=\"addButton\"]"}
COMMAND: POST /session/1f4369c590cc015c24359cd6d90be4de/elements - {"using":"xpath","value":"//button[@data-kt=\"addButton\"]"}
RESULT: {}
RESULT: {"using":"xpath","value":"//button[@data-kt=\"addButton\"]"}
COMMAND: POST /session/1f4369c590cc015c24359cd6d90be4de/elements - {"using":"xpath","value":"//button[@data-kt=\"addButton\"]"}
RESULT: {"using":"xpath","value":"//button[@data-kt=\"addButton\"]"}
COMMAND: POST /session/1f4369c590cc015c24359cd6d90be4de/elements - {"using":"xpath","value":"//button[@data-kt=\"addButton\"]"}
RESULT: {"using":"xpath","value":"//button[@data-kt=\"addButton\"]"}
COMMAND: POST /session/1f4369c590cc015c24359cd6d90be4de/elements - {"using":"xpath","value":"//button[@data-kt=\"addButton\"]"}
RESULT: {"using":"xpath","value":"//button[@data-kt=\"addButton\"]"}
COMMAND: POST /session/1f4369c590cc015c24359cd6d90be4de/elements - {"using":"xpath","value":"//button[@data-kt=\"addButton\"]"}
RESULT: {"using":"xpath","value":"//button[@data-kt=\"addButton\"]"}
COMMAND: POST /session/1f4369c590cc015c24359cd6d90be4de/elements - {"using":"xpath","value":"//button[@data-kt=\"addButton\"]"}
RESULT: {"using":"xpath","value":"//button[@data-kt=\"addButton\"]"}
COMMAND: POST /session/1f4369c590cc015c24359cd6d90be4de/elements - {"using":"xpath","value":"//button[@data-kt=\"addButton\"]"}
RESULT: {"using":"xpath","value":"//button[@data-kt=\"addButton\"]"}
COMMAND: POST /session/1f4369c590cc015c24359cd6d90be4de/elements - {"using":"xpath","value":"//button[@data-kt=\"addButton\"]"}
RESULT: {"using":"xpath","value":"//button[@data-kt=\"addButton\"]"}
COMMAND: POST /session/1f4369c590cc015c24359cd6d90be4de/elements - {"using":"xpath","value":"//button[@data-kt=\"addButton\"]"}
RESULT: {"using":"xpath","value":"//button[@data-kt=\"addButton\"]"}
COMMAND: POST /session/1f4369c590cc015c24359cd6d90be4de/elements - {"using":"xpath","value":"//button[@data-kt=\"addButton\"]"}
RESULT: {"using":"xpath","value":"//button[@data-kt=\"addButton\"]"}
COMMAND: POST /session/1f4369c590cc015c24359cd6d90be4de/elements - {"using":"xpath","value":"//button[@data-kt=\"addButton\"]"}
RESULT: {"using":"xpath","value":"//button[@data-kt=\"addButton\"]"}
COMMAND: POST /session/1f4369c590cc015c24359cd6d90be4de/elements - {"using":"xpath","value":"//button[@data-kt=\"addButton\"]"}
RESULT: {"using":"xpath","value":"//button[@data-kt=\"addButton\"]"}
COMMAND: POST /session/1f4369c590cc015c24359cd6d90be4de/elements - {"using":"xpath","value":"//button[@data-kt=\"addButton\"]"}
RESULT: {"using":"xpath","value":"//button[@data-kt=\"addButton\"]"}
COMMAND: POST /session/1f4369c590cc015c24359cd6d90be4de/elements - {"using":"xpath","value":"//button[@data-kt=\"addButton\"]"}
RESULT: {"using":"xpath","value":"//button[@data-kt=\"addButton\"]"}
COMMAND: POST /session/1f4369c590cc015c24359cd6d90be4de/elements - {"using":"xpath","value":"//button[@data-kt=\"addButton\"]"}
RESULT: {"using":"xpath","value":"//button[@data-kt=\"addButton\"]"}
COMMAND: POST /session/1f4369c590cc015c24359cd6d90be4de/elements - {"using":"xpath","value":"//button[@data-kt=\"addButton\"]"}
RESULT: {"using":"xpath","value":"//button[@data-kt=\"addButton\"]"}
COMMAND: POST /session/1f4369c590cc015c24359cd6d90be4de/elements - {"using":"xpath","value":"//button[@data-kt=\"addButton\"]"}
RESULT: {"using":"xpath","value":"//button[@data-kt=\"addButton\"]"}
COMMAND: POST /session/1f4369c590cc015c24359cd6d90be4de/elements - {"using":"xpath","value":"//button[@data-kt=\"addButton\"]"}
RESULT: {"using":"xpath","value":"//button[@data-kt=\"addButton\"]"}
COMMAND: POST /session/1f4369c590cc015c24359cd6d90be4de/elements - {"using":"xpath","value":"//button[@data-kt=\"addButton\"]"}
RESULT: {"using":"xpath","value":"//button[@data-kt=\"addButton\"]"}
COMMAND: POST /session/1f4369c590cc015c24359cd6d90be4de/elements - {"using":"xpath","value":"//button[@data-kt=\"addButton\"]"}
RESULT: {"using":"xpath","value":"//button[@data-kt=\"addButton\"]"}
COMMAND: POST /session/1f4369c590cc015c24359cd6d90be4de/elements - {"using":"xpath","value":"//button[@data-kt=\"addButton\"]"}
RESULT: {"using":"xpath","value":"//button[@data-kt=\"addButton\"]"}
COMMAND: POST /session/1f4369c590cc015c24359cd6d90be4de/element - {"using":"xpath","value":"//button[@data-kt=\"addButton\"]"}
RESULT: {"using":"xpath","value":"//button[@data-kt=\"addButton\"]"}
COMMAND: POST /session/1f4369c590cc015c24359cd6d90be4de/execute/sync - {"script":"<script> [8489 bytes]","args":[{"element-6066-11e4-a52e-4f735466cecf":"f.8EC51792AE8EAD5CEC6F142478755B93.d.1B4D1EE2951047EE2B8FE18411BCDD0F.e.7164","ELEMENT":"f.8EC51792AE8EAD5CEC6F142478755B93.d.1B4D1EE2951047EE2B8FE18411BCDD0F.e.7164"}]}
RESULT: {"script":"<script> [8489 bytes]","args":[{"element-6066-11e4-a52e-4f735466cecf":"f.8EC51792AE8EAD5CEC6F142478755B93.d.1B4D1EE2951047EE2B8FE18411BCDD0F.e.7164","ELEMENT":"f.8EC51792AE8EAD5CEC6F142478755B93.d.1B4D1EE2951047EE2B8FE18411BCDD0F.e.7164"}]}
COMMAND: GET /session/1f4369c590cc015c24359cd6d90be4de/element/f.8EC51792AE8EAD5CEC6F142478755B93.d.1B4D1EE2951047EE2B8FE18411BCDD0F.e.7164/enabled - {}
COMMAND: GET /session/1f4369c590cc015c24359cd6d90be4de/screenshot - {}
RESULT: {}
COMMAND: POST /session/1f4369c590cc015c24359cd6d90be4de/execute/sync - {"script":"<script> [8489 bytes]","args":[{"element-6066-11e4-a52e-4f735466cecf":"f.8EC51792AE8EAD5CEC6F142478755B93.d.1B4D1EE2951047EE2B8FE18411BCDD0F.e.7164","ELEMENT":"f.8EC51792AE8EAD5CEC6F142478755B93.d.1B4D1EE2951047EE2B8FE18411BCDD0F.e.7164"}]}
COMMAND: GET /session/1f4369c590cc015c24359cd6d90be4de/screenshot - {}
RESULT: {}
RESULT: {"script":"<script> [8489 bytes]","args":[{"element-6066-11e4-a52e-4f735466cecf":"f.8EC51792AE8EAD5CEC6F142478755B93.d.1B4D1EE2951047EE2B8FE18411BCDD0F.e.7164","ELEMENT":"f.8EC51792AE8EAD5CEC6F142478755B93.d.1B4D1EE2951047EE2B8FE18411BCDD0F.e.7164"}]}
COMMAND: POST /session/1f4369c590cc015c24359cd6d90be4de/execute/sync - {"script":"<script> [5351 bytes]","args":[{"element-6066-11e4-a52e-4f735466cecf":"f.8EC51792AE8EAD5CEC6F142478755B93.d.1B4D1EE2951047EE2B8FE18411BCDD0F.e.7164","ELEMENT":"f.8EC51792AE8EAD5CEC6F142478755B93.d.1B4D1EE2951047EE2B8FE18411BCDD0F.e.7164"}]}
COMMAND: GET /session/1f4369c590cc015c24359cd6d90be4de/screenshot - {}
RESULT: {}
RESULT: {"script":"<script> [5351 bytes]","args":[{"element-6066-11e4-a52e-4f735466cecf":"f.8EC51792AE8EAD5CEC6F142478755B93.d.1B4D1EE2951047EE2B8FE18411BCDD0F.e.7164","ELEMENT":"f.8EC51792AE8EAD5CEC6F142478755B93.d.1B4D1EE2951047EE2B8FE18411BCDD0F.e.7164"}]}
COMMAND: POST /session/1f4369c590cc015c24359cd6d90be4de/element/f.8EC51792AE8EAD5CEC6F142478755B93.d.1B4D1EE2951047EE2B8FE18411BCDD0F.e.7164/click - {}
COMMAND: GET /session/1f4369c590cc015c24359cd6d90be4de/screenshot - {}
RESULT: {}
RESULT: {}
COMMAND: GET /session/1f4369c590cc015c24359cd6d90be4de/screenshot - {}
COMMAND: POST /session/1f4369c590cc015c24359cd6d90be4de/element - {"using":"xpath","value":"//button[@data-kt=\"saveButton\"]"}
RESULT: {}
RESULT: {}
RESULT: {"using":"xpath","value":"//button[@data-kt=\"saveButton\"]"}
COMMAND: POST /session/1f4369c590cc015c24359cd6d90be4de/element/f.8EC51792AE8EAD5CEC6F142478755B93.d.1B4D1EE2951047EE2B8FE18411BCDD0F.e.7590/click - {}
RESULT: {}
COMMAND: GET /session/1f4369c590cc015c24359cd6d90be4de/screenshot - {}
RESULT: {}
COMMAND: POST /session/1f4369c590cc015c24359cd6d90be4de/element - {"using":"xpath","value":"//span[contains(@class, \"sapMMsgBoxText\")]"}
RESULT: {"using":"xpath","value":"//span[contains(@class, \"sapMMsgBoxText\")]"}
COMMAND: POST /session/1f4369c590cc015c24359cd6d90be4de/execute/sync - {"script":"<script> [56 bytes]","args":[{"element-6066-11e4-a52e-4f735466cecf":"f.8EC51792AE8EAD5CEC6F142478755B93.d.1B4D1EE2951047EE2B8FE18411BCDD0F.e.7608","ELEMENT":"f.8EC51792AE8EAD5CEC6F142478755B93.d.1B4D1EE2951047EE2B8FE18411BCDD0F.e.7608"}]}
RESULT: {"script":"<script> [56 bytes]","args":[{"element-6066-11e4-a52e-4f735466cecf":"f.8EC51792AE8EAD5CEC6F142478755B93.d.1B4D1EE2951047EE2B8FE18411BCDD0F.e.7608","ELEMENT":"f.8EC51792AE8EAD5CEC6F142478755B93.d.1B4D1EE2951047EE2B8FE18411BCDD0F.e.7608"}]}
COMMAND: POST /session/1f4369c590cc015c24359cd6d90be4de/element - {"using":"xpath","value":"(//bdi[contains(text(), \"Close\")])[1]"}
COMMAND: POST /session/1f4369c590cc015c24359cd6d90be4de/elements - {"using":"xpath","value":"//span[contains(@class, \"sapMMsgBoxText\")]"}
COMMAND: GET /session/1f4369c590cc015c24359cd6d90be4de/screenshot - {}
RESULT: {"using":"xpath","value":"(//bdi[contains(text(), \"Close\")])[1]"}
COMMAND: POST /session/1f4369c590cc015c24359cd6d90be4de/element/f.8EC51792AE8EAD5CEC6F142478755B93.d.1B4D1EE2951047EE2B8FE18411BCDD0F.e.7609/click - {}
RESULT: {"using":"xpath","value":"//span[contains(@class, \"sapMMsgBoxText\")]"}
RESULT: {}
RESULT: {}
COMMAND: GET /session/1f4369c590cc015c24359cd6d90be4de/screenshot - {}
RESULT: {}
COMMAND: POST /session/1f4369c590cc015c24359cd6d90be4de/element - {"using":"css selector","value":"#shell-header-logo"}
RESULT: {"using":"css selector","value":"#shell-header-logo"}
COMMAND: POST /session/1f4369c590cc015c24359cd6d90be4de/element/f.8EC51792AE8EAD5CEC6F142478755B93.d.1B4D1EE2951047EE2B8FE18411BCDD0F.e.7130/click - {}
RESULT: {}
COMMAND: GET /session/1f4369c590cc015c24359cd6d90be4de/screenshot - {}
RESULT: {}
]]></system-out>
    </testcase>
    <testcase classname="chrome.135_0_7049_42.windows.Partner_specific_tests_US150819_US151080_US151654_US151176_US103444_US151078_US151079_US151109_US151174_US151175_US151189" name="Should do various searches US151175" time="147.254">
      <system-out><![CDATA[
COMMAND: POST /session/1f4369c590cc015c24359cd6d90be4de/element - {"using":"xpath","value":"//li[.//span[text()=\"Manage Partners\"]]"}
RESULT: {"using":"xpath","value":"//li[.//span[text()=\"Manage Partners\"]]"}
COMMAND: POST /session/1f4369c590cc015c24359cd6d90be4de/element - {"using":"xpath","value":"//li[.//span[text()=\"Manage Partners\"]]"}
RESULT: {"using":"xpath","value":"//li[.//span[text()=\"Manage Partners\"]]"}
COMMAND: POST /session/1f4369c590cc015c24359cd6d90be4de/element - {"using":"css selector","value":"#shell-header-logo"}
RESULT: {"using":"css selector","value":"#shell-header-logo"}
COMMAND: POST /session/1f4369c590cc015c24359cd6d90be4de/element/f.8EC51792AE8EAD5CEC6F142478755B93.d.1B4D1EE2951047EE2B8FE18411BCDD0F.e.7611/click - {}
COMMAND: POST /session/1f4369c590cc015c24359cd6d90be4de/execute/sync - {"script":"<script> [8489 bytes]","args":[{"element-6066-11e4-a52e-4f735466cecf":"f.8EC51792AE8EAD5CEC6F142478755B93.d.1B4D1EE2951047EE2B8FE18411BCDD0F.e.7611","ELEMENT":"f.8EC51792AE8EAD5CEC6F142478755B93.d.1B4D1EE2951047EE2B8FE18411BCDD0F.e.7611"}]}
RESULT: {}
COMMAND: GET /session/1f4369c590cc015c24359cd6d90be4de/screenshot - {}
RESULT: {"script":"<script> [8489 bytes]","args":[{"element-6066-11e4-a52e-4f735466cecf":"f.8EC51792AE8EAD5CEC6F142478755B93.d.1B4D1EE2951047EE2B8FE18411BCDD0F.e.7611","ELEMENT":"f.8EC51792AE8EAD5CEC6F142478755B93.d.1B4D1EE2951047EE2B8FE18411BCDD0F.e.7611"}]}
COMMAND: POST /session/1f4369c590cc015c24359cd6d90be4de/execute/sync - {"script":"<script> [5351 bytes]","args":[{"element-6066-11e4-a52e-4f735466cecf":"f.8EC51792AE8EAD5CEC6F142478755B93.d.1B4D1EE2951047EE2B8FE18411BCDD0F.e.7611","ELEMENT":"f.8EC51792AE8EAD5CEC6F142478755B93.d.1B4D1EE2951047EE2B8FE18411BCDD0F.e.7611"}]}
COMMAND: GET /session/1f4369c590cc015c24359cd6d90be4de/screenshot - {}
RESULT: {}
RESULT: {"script":"<script> [5351 bytes]","args":[{"element-6066-11e4-a52e-4f735466cecf":"f.8EC51792AE8EAD5CEC6F142478755B93.d.1B4D1EE2951047EE2B8FE18411BCDD0F.e.7611","ELEMENT":"f.8EC51792AE8EAD5CEC6F142478755B93.d.1B4D1EE2951047EE2B8FE18411BCDD0F.e.7611"}]}
COMMAND: GET /session/1f4369c590cc015c24359cd6d90be4de/screenshot - {}
RESULT: {}
RESULT: {}
RESULT: undefined
COMMAND: POST /session/1f4369c590cc015c24359cd6d90be4de/element - {"using":"xpath","value":"//*[@id=\"__tile30\"]"}
RESULT: {"using":"xpath","value":"//*[@id=\"__tile30\"]"}
COMMAND: POST /session/1f4369c590cc015c24359cd6d90be4de/element/f.8EC51792AE8EAD5CEC6F142478755B93.d.1B4D1EE2951047EE2B8FE18411BCDD0F.e.4489/click - {}
RESULT: {}
COMMAND: POST /session/1f4369c590cc015c24359cd6d90be4de/element - {"using":"xpath","value":"//button[@data-kt=\"addButton\"]"}
COMMAND: GET /session/1f4369c590cc015c24359cd6d90be4de/screenshot - {}
RESULT: {"using":"xpath","value":"//button[@data-kt=\"addButton\"]"}
COMMAND: POST /session/1f4369c590cc015c24359cd6d90be4de/elements - {"using":"xpath","value":"//button[@data-kt=\"addButton\"]"}
RESULT: {}
RESULT: {"using":"xpath","value":"//button[@data-kt=\"addButton\"]"}
COMMAND: POST /session/1f4369c590cc015c24359cd6d90be4de/elements - {"using":"xpath","value":"//button[@data-kt=\"addButton\"]"}
RESULT: {"using":"xpath","value":"//button[@data-kt=\"addButton\"]"}
COMMAND: POST /session/1f4369c590cc015c24359cd6d90be4de/elements - {"using":"xpath","value":"//button[@data-kt=\"addButton\"]"}
RESULT: {"using":"xpath","value":"//button[@data-kt=\"addButton\"]"}
COMMAND: POST /session/1f4369c590cc015c24359cd6d90be4de/element - {"using":"xpath","value":"//button[@data-kt=\"addButton\"]"}
RESULT: {"using":"xpath","value":"//button[@data-kt=\"addButton\"]"}
COMMAND: POST /session/1f4369c590cc015c24359cd6d90be4de/execute/sync - {"script":"<script> [8489 bytes]","args":[{"element-6066-11e4-a52e-4f735466cecf":"f.8EC51792AE8EAD5CEC6F142478755B93.d.1B4D1EE2951047EE2B8FE18411BCDD0F.e.7656","ELEMENT":"f.8EC51792AE8EAD5CEC6F142478755B93.d.1B4D1EE2951047EE2B8FE18411BCDD0F.e.7656"}]}
RESULT: {"script":"<script> [8489 bytes]","args":[{"element-6066-11e4-a52e-4f735466cecf":"f.8EC51792AE8EAD5CEC6F142478755B93.d.1B4D1EE2951047EE2B8FE18411BCDD0F.e.7656","ELEMENT":"f.8EC51792AE8EAD5CEC6F142478755B93.d.1B4D1EE2951047EE2B8FE18411BCDD0F.e.7656"}]}
COMMAND: GET /session/1f4369c590cc015c24359cd6d90be4de/element/f.8EC51792AE8EAD5CEC6F142478755B93.d.1B4D1EE2951047EE2B8FE18411BCDD0F.e.7656/enabled - {}
COMMAND: GET /session/1f4369c590cc015c24359cd6d90be4de/screenshot - {}
RESULT: {}
COMMAND: POST /session/1f4369c590cc015c24359cd6d90be4de/execute/sync - {"script":"<script> [8489 bytes]","args":[{"element-6066-11e4-a52e-4f735466cecf":"f.8EC51792AE8EAD5CEC6F142478755B93.d.1B4D1EE2951047EE2B8FE18411BCDD0F.e.7656","ELEMENT":"f.8EC51792AE8EAD5CEC6F142478755B93.d.1B4D1EE2951047EE2B8FE18411BCDD0F.e.7656"}]}
COMMAND: GET /session/1f4369c590cc015c24359cd6d90be4de/screenshot - {}
RESULT: {}
RESULT: {"script":"<script> [8489 bytes]","args":[{"element-6066-11e4-a52e-4f735466cecf":"f.8EC51792AE8EAD5CEC6F142478755B93.d.1B4D1EE2951047EE2B8FE18411BCDD0F.e.7656","ELEMENT":"f.8EC51792AE8EAD5CEC6F142478755B93.d.1B4D1EE2951047EE2B8FE18411BCDD0F.e.7656"}]}
COMMAND: POST /session/1f4369c590cc015c24359cd6d90be4de/execute/sync - {"script":"<script> [5351 bytes]","args":[{"element-6066-11e4-a52e-4f735466cecf":"f.8EC51792AE8EAD5CEC6F142478755B93.d.1B4D1EE2951047EE2B8FE18411BCDD0F.e.7656","ELEMENT":"f.8EC51792AE8EAD5CEC6F142478755B93.d.1B4D1EE2951047EE2B8FE18411BCDD0F.e.7656"}]}
COMMAND: GET /session/1f4369c590cc015c24359cd6d90be4de/screenshot - {}
RESULT: {}
RESULT: {"script":"<script> [5351 bytes]","args":[{"element-6066-11e4-a52e-4f735466cecf":"f.8EC51792AE8EAD5CEC6F142478755B93.d.1B4D1EE2951047EE2B8FE18411BCDD0F.e.7656","ELEMENT":"f.8EC51792AE8EAD5CEC6F142478755B93.d.1B4D1EE2951047EE2B8FE18411BCDD0F.e.7656"}]}
COMMAND: GET /session/1f4369c590cc015c24359cd6d90be4de/screenshot - {}
RESULT: {}
RESULT: {}
COMMAND: POST /session/1f4369c590cc015c24359cd6d90be4de/element - {"using":"xpath","value":"//span[@id=\"application-managepartners-display-component---masterPtm--smartTable-header-inner\"]"}
RESULT: {"using":"xpath","value":"//span[@id=\"application-managepartners-display-component---masterPtm--smartTable-header-inner\"]"}
COMMAND: POST /session/1f4369c590cc015c24359cd6d90be4de/elements - {"using":"xpath","value":"//span[@id=\"application-managepartners-display-component---masterPtm--smartTable-header-inner\"]"}
RESULT: {"using":"xpath","value":"//span[@id=\"application-managepartners-display-component---masterPtm--smartTable-header-inner\"]"}
COMMAND: POST /session/1f4369c590cc015c24359cd6d90be4de/execute/sync - {"script":"<script> [56 bytes]","args":[{"element-6066-11e4-a52e-4f735466cecf":"f.8EC51792AE8EAD5CEC6F142478755B93.d.1B4D1EE2951047EE2B8FE18411BCDD0F.e.7779","ELEMENT":"f.8EC51792AE8EAD5CEC6F142478755B93.d.1B4D1EE2951047EE2B8FE18411BCDD0F.e.7779"}]}
RESULT: {"script":"<script> [56 bytes]","args":[{"element-6066-11e4-a52e-4f735466cecf":"f.8EC51792AE8EAD5CEC6F142478755B93.d.1B4D1EE2951047EE2B8FE18411BCDD0F.e.7779","ELEMENT":"f.8EC51792AE8EAD5CEC6F142478755B93.d.1B4D1EE2951047EE2B8FE18411BCDD0F.e.7779"}]}
RESULT: undefined
COMMAND: POST /session/1f4369c590cc015c24359cd6d90be4de/element - {"using":"xpath","value":"//*[@id=\"application-managepartners-display-component---masterPtm--smartFilterBar-btnFilters\"]"}
COMMAND: GET /session/1f4369c590cc015c24359cd6d90be4de/screenshot - {}
RESULT: {"using":"xpath","value":"//*[@id=\"application-managepartners-display-component---masterPtm--smartFilterBar-btnFilters\"]"}
COMMAND: POST /session/1f4369c590cc015c24359cd6d90be4de/element/f.8EC51792AE8EAD5CEC6F142478755B93.d.1B4D1EE2951047EE2B8FE18411BCDD0F.e.7633/click - {}
RESULT: {}
RESULT: {}
COMMAND: GET /session/1f4369c590cc015c24359cd6d90be4de/screenshot - {}
RESULT: {}
COMMAND: POST /session/1f4369c590cc015c24359cd6d90be4de/elements - {"using":"xpath","value":"//table[contains(@id, \"listView-innerSelectionPanelTable-listUl\")]/tbody/tr"}
RESULT: {"using":"xpath","value":"//table[contains(@id, \"listView-innerSelectionPanelTable-listUl\")]/tbody/tr"}
COMMAND: POST /session/1f4369c590cc015c24359cd6d90be4de/element - {"using":"xpath","value":"//table[contains(@id, \"listView-innerSelectionPanelTable-listUl\")]/tbody/tr[2]/td[2]/div/div"}
RESULT: {"using":"xpath","value":"//table[contains(@id, \"listView-innerSelectionPanelTable-listUl\")]/tbody/tr[2]/td[2]/div/div"}
COMMAND: POST /session/1f4369c590cc015c24359cd6d90be4de/element - {"using":"xpath","value":"//table[contains(@id, \"listView-innerSelectionPanelTable-listUl\")]/tbody/tr[2]/td[2]/div"}
RESULT: {"using":"xpath","value":"//table[contains(@id, \"listView-innerSelectionPanelTable-listUl\")]/tbody/tr[2]/td[2]/div"}
COMMAND: POST /session/1f4369c590cc015c24359cd6d90be4de/element - {"using":"xpath","value":"//table[contains(@id, \"listView-innerSelectionPanelTable-listUl\")]/tbody/tr[2]/td[3]/div/div/span/span[1]/bdi"}
RESULT: {"using":"xpath","value":"//table[contains(@id, \"listView-innerSelectionPanelTable-listUl\")]/tbody/tr[2]/td[3]/div/div/span/span[1]/bdi"}
COMMAND: POST /session/1f4369c590cc015c24359cd6d90be4de/execute/sync - {"script":"<script> [56 bytes]","args":[{"element-6066-11e4-a52e-4f735466cecf":"f.8EC51792AE8EAD5CEC6F142478755B93.d.1B4D1EE2951047EE2B8FE18411BCDD0F.e.7847","ELEMENT":"f.8EC51792AE8EAD5CEC6F142478755B93.d.1B4D1EE2951047EE2B8FE18411BCDD0F.e.7847"}]}
RESULT: {"script":"<script> [56 bytes]","args":[{"element-6066-11e4-a52e-4f735466cecf":"f.8EC51792AE8EAD5CEC6F142478755B93.d.1B4D1EE2951047EE2B8FE18411BCDD0F.e.7847","ELEMENT":"f.8EC51792AE8EAD5CEC6F142478755B93.d.1B4D1EE2951047EE2B8FE18411BCDD0F.e.7847"}]}
COMMAND: GET /session/1f4369c590cc015c24359cd6d90be4de/element/f.8EC51792AE8EAD5CEC6F142478755B93.d.1B4D1EE2951047EE2B8FE18411BCDD0F.e.7846/attribute/aria-checked - {}
COMMAND: GET /session/1f4369c590cc015c24359cd6d90be4de/screenshot - {}
RESULT: {}
COMMAND: POST /session/1f4369c590cc015c24359cd6d90be4de/element - {"using":"xpath","value":"//table[contains(@id, \"listView-innerSelectionPanelTable-listUl\")]/tbody/tr[3]/td[2]/div/div"}
RESULT: {}
RESULT: {"using":"xpath","value":"//table[contains(@id, \"listView-innerSelectionPanelTable-listUl\")]/tbody/tr[3]/td[2]/div/div"}
COMMAND: POST /session/1f4369c590cc015c24359cd6d90be4de/element - {"using":"xpath","value":"//table[contains(@id, \"listView-innerSelectionPanelTable-listUl\")]/tbody/tr[3]/td[2]/div"}
RESULT: {"using":"xpath","value":"//table[contains(@id, \"listView-innerSelectionPanelTable-listUl\")]/tbody/tr[3]/td[2]/div"}
COMMAND: POST /session/1f4369c590cc015c24359cd6d90be4de/element - {"using":"xpath","value":"//table[contains(@id, \"listView-innerSelectionPanelTable-listUl\")]/tbody/tr[3]/td[3]/div/div/span/span[1]/bdi"}
RESULT: {"using":"xpath","value":"//table[contains(@id, \"listView-innerSelectionPanelTable-listUl\")]/tbody/tr[3]/td[3]/div/div/span/span[1]/bdi"}
COMMAND: POST /session/1f4369c590cc015c24359cd6d90be4de/execute/sync - {"script":"<script> [56 bytes]","args":[{"element-6066-11e4-a52e-4f735466cecf":"f.8EC51792AE8EAD5CEC6F142478755B93.d.1B4D1EE2951047EE2B8FE18411BCDD0F.e.7850","ELEMENT":"f.8EC51792AE8EAD5CEC6F142478755B93.d.1B4D1EE2951047EE2B8FE18411BCDD0F.e.7850"}]}
RESULT: {"script":"<script> [56 bytes]","args":[{"element-6066-11e4-a52e-4f735466cecf":"f.8EC51792AE8EAD5CEC6F142478755B93.d.1B4D1EE2951047EE2B8FE18411BCDD0F.e.7850","ELEMENT":"f.8EC51792AE8EAD5CEC6F142478755B93.d.1B4D1EE2951047EE2B8FE18411BCDD0F.e.7850"}]}
COMMAND: GET /session/1f4369c590cc015c24359cd6d90be4de/element/f.8EC51792AE8EAD5CEC6F142478755B93.d.1B4D1EE2951047EE2B8FE18411BCDD0F.e.7849/attribute/aria-checked - {}
COMMAND: GET /session/1f4369c590cc015c24359cd6d90be4de/screenshot - {}
RESULT: {}
COMMAND: POST /session/1f4369c590cc015c24359cd6d90be4de/element - {"using":"xpath","value":"//table[contains(@id, \"listView-innerSelectionPanelTable-listUl\")]/tbody/tr[4]/td[2]/div/div"}
RESULT: {}
RESULT: {"using":"xpath","value":"//table[contains(@id, \"listView-innerSelectionPanelTable-listUl\")]/tbody/tr[4]/td[2]/div/div"}
COMMAND: POST /session/1f4369c590cc015c24359cd6d90be4de/element - {"using":"xpath","value":"//table[contains(@id, \"listView-innerSelectionPanelTable-listUl\")]/tbody/tr[4]/td[2]/div"}
RESULT: {"using":"xpath","value":"//table[contains(@id, \"listView-innerSelectionPanelTable-listUl\")]/tbody/tr[4]/td[2]/div"}
COMMAND: POST /session/1f4369c590cc015c24359cd6d90be4de/element - {"using":"xpath","value":"//table[contains(@id, \"listView-innerSelectionPanelTable-listUl\")]/tbody/tr[4]/td[3]/div/div/span/span[1]/bdi"}
RESULT: {"using":"xpath","value":"//table[contains(@id, \"listView-innerSelectionPanelTable-listUl\")]/tbody/tr[4]/td[3]/div/div/span/span[1]/bdi"}
COMMAND: POST /session/1f4369c590cc015c24359cd6d90be4de/execute/sync - {"script":"<script> [56 bytes]","args":[{"element-6066-11e4-a52e-4f735466cecf":"f.8EC51792AE8EAD5CEC6F142478755B93.d.1B4D1EE2951047EE2B8FE18411BCDD0F.e.7853","ELEMENT":"f.8EC51792AE8EAD5CEC6F142478755B93.d.1B4D1EE2951047EE2B8FE18411BCDD0F.e.7853"}]}
RESULT: {"script":"<script> [56 bytes]","args":[{"element-6066-11e4-a52e-4f735466cecf":"f.8EC51792AE8EAD5CEC6F142478755B93.d.1B4D1EE2951047EE2B8FE18411BCDD0F.e.7853","ELEMENT":"f.8EC51792AE8EAD5CEC6F142478755B93.d.1B4D1EE2951047EE2B8FE18411BCDD0F.e.7853"}]}
COMMAND: GET /session/1f4369c590cc015c24359cd6d90be4de/element/f.8EC51792AE8EAD5CEC6F142478755B93.d.1B4D1EE2951047EE2B8FE18411BCDD0F.e.7852/attribute/aria-checked - {}
COMMAND: GET /session/1f4369c590cc015c24359cd6d90be4de/screenshot - {}
RESULT: {}
COMMAND: POST /session/1f4369c590cc015c24359cd6d90be4de/element - {"using":"xpath","value":"//table[contains(@id, \"listView-innerSelectionPanelTable-listUl\")]/tbody/tr[5]/td[2]/div/div"}
RESULT: {}
RESULT: {"using":"xpath","value":"//table[contains(@id, \"listView-innerSelectionPanelTable-listUl\")]/tbody/tr[5]/td[2]/div/div"}
COMMAND: POST /session/1f4369c590cc015c24359cd6d90be4de/element - {"using":"xpath","value":"//table[contains(@id, \"listView-innerSelectionPanelTable-listUl\")]/tbody/tr[5]/td[2]/div"}
RESULT: {"using":"xpath","value":"//table[contains(@id, \"listView-innerSelectionPanelTable-listUl\")]/tbody/tr[5]/td[2]/div"}
COMMAND: POST /session/1f4369c590cc015c24359cd6d90be4de/element - {"using":"xpath","value":"//table[contains(@id, \"listView-innerSelectionPanelTable-listUl\")]/tbody/tr[5]/td[3]/div/div/span/span[1]/bdi"}
RESULT: {"using":"xpath","value":"//table[contains(@id, \"listView-innerSelectionPanelTable-listUl\")]/tbody/tr[5]/td[3]/div/div/span/span[1]/bdi"}
COMMAND: POST /session/1f4369c590cc015c24359cd6d90be4de/execute/sync - {"script":"<script> [56 bytes]","args":[{"element-6066-11e4-a52e-4f735466cecf":"f.8EC51792AE8EAD5CEC6F142478755B93.d.1B4D1EE2951047EE2B8FE18411BCDD0F.e.7856","ELEMENT":"f.8EC51792AE8EAD5CEC6F142478755B93.d.1B4D1EE2951047EE2B8FE18411BCDD0F.e.7856"}]}
RESULT: {"script":"<script> [56 bytes]","args":[{"element-6066-11e4-a52e-4f735466cecf":"f.8EC51792AE8EAD5CEC6F142478755B93.d.1B4D1EE2951047EE2B8FE18411BCDD0F.e.7856","ELEMENT":"f.8EC51792AE8EAD5CEC6F142478755B93.d.1B4D1EE2951047EE2B8FE18411BCDD0F.e.7856"}]}
COMMAND: GET /session/1f4369c590cc015c24359cd6d90be4de/element/f.8EC51792AE8EAD5CEC6F142478755B93.d.1B4D1EE2951047EE2B8FE18411BCDD0F.e.7855/attribute/aria-checked - {}
COMMAND: GET /session/1f4369c590cc015c24359cd6d90be4de/screenshot - {}
RESULT: {}
COMMAND: POST /session/1f4369c590cc015c24359cd6d90be4de/element - {"using":"xpath","value":"//table[contains(@id, \"listView-innerSelectionPanelTable-listUl\")]/tbody/tr[6]/td[2]/div/div"}
RESULT: {}
RESULT: {"using":"xpath","value":"//table[contains(@id, \"listView-innerSelectionPanelTable-listUl\")]/tbody/tr[6]/td[2]/div/div"}
COMMAND: POST /session/1f4369c590cc015c24359cd6d90be4de/element - {"using":"xpath","value":"//table[contains(@id, \"listView-innerSelectionPanelTable-listUl\")]/tbody/tr[6]/td[2]/div"}
RESULT: {"using":"xpath","value":"//table[contains(@id, \"listView-innerSelectionPanelTable-listUl\")]/tbody/tr[6]/td[2]/div"}
COMMAND: POST /session/1f4369c590cc015c24359cd6d90be4de/element - {"using":"xpath","value":"//table[contains(@id, \"listView-innerSelectionPanelTable-listUl\")]/tbody/tr[6]/td[3]/div/div/span/span[1]/bdi"}
RESULT: {"using":"xpath","value":"//table[contains(@id, \"listView-innerSelectionPanelTable-listUl\")]/tbody/tr[6]/td[3]/div/div/span/span[1]/bdi"}
COMMAND: POST /session/1f4369c590cc015c24359cd6d90be4de/execute/sync - {"script":"<script> [56 bytes]","args":[{"element-6066-11e4-a52e-4f735466cecf":"f.8EC51792AE8EAD5CEC6F142478755B93.d.1B4D1EE2951047EE2B8FE18411BCDD0F.e.7859","ELEMENT":"f.8EC51792AE8EAD5CEC6F142478755B93.d.1B4D1EE2951047EE2B8FE18411BCDD0F.e.7859"}]}
RESULT: {"script":"<script> [56 bytes]","args":[{"element-6066-11e4-a52e-4f735466cecf":"f.8EC51792AE8EAD5CEC6F142478755B93.d.1B4D1EE2951047EE2B8FE18411BCDD0F.e.7859","ELEMENT":"f.8EC51792AE8EAD5CEC6F142478755B93.d.1B4D1EE2951047EE2B8FE18411BCDD0F.e.7859"}]}
COMMAND: GET /session/1f4369c590cc015c24359cd6d90be4de/element/f.8EC51792AE8EAD5CEC6F142478755B93.d.1B4D1EE2951047EE2B8FE18411BCDD0F.e.7858/attribute/aria-checked - {}
COMMAND: GET /session/1f4369c590cc015c24359cd6d90be4de/screenshot - {}
RESULT: {}
COMMAND: POST /session/1f4369c590cc015c24359cd6d90be4de/element - {"using":"xpath","value":"//table[contains(@id, \"listView-innerSelectionPanelTable-listUl\")]/tbody/tr[7]/td[2]/div/div"}
RESULT: {}
RESULT: {"using":"xpath","value":"//table[contains(@id, \"listView-innerSelectionPanelTable-listUl\")]/tbody/tr[7]/td[2]/div/div"}
COMMAND: POST /session/1f4369c590cc015c24359cd6d90be4de/element - {"using":"xpath","value":"//table[contains(@id, \"listView-innerSelectionPanelTable-listUl\")]/tbody/tr[7]/td[2]/div"}
RESULT: {"using":"xpath","value":"//table[contains(@id, \"listView-innerSelectionPanelTable-listUl\")]/tbody/tr[7]/td[2]/div"}
COMMAND: POST /session/1f4369c590cc015c24359cd6d90be4de/element - {"using":"xpath","value":"//table[contains(@id, \"listView-innerSelectionPanelTable-listUl\")]/tbody/tr[7]/td[3]/div/div/span/span[1]/bdi"}
RESULT: {"using":"xpath","value":"//table[contains(@id, \"listView-innerSelectionPanelTable-listUl\")]/tbody/tr[7]/td[3]/div/div/span/span[1]/bdi"}
COMMAND: POST /session/1f4369c590cc015c24359cd6d90be4de/execute/sync - {"script":"<script> [56 bytes]","args":[{"element-6066-11e4-a52e-4f735466cecf":"f.8EC51792AE8EAD5CEC6F142478755B93.d.1B4D1EE2951047EE2B8FE18411BCDD0F.e.7862","ELEMENT":"f.8EC51792AE8EAD5CEC6F142478755B93.d.1B4D1EE2951047EE2B8FE18411BCDD0F.e.7862"}]}
RESULT: {"script":"<script> [56 bytes]","args":[{"element-6066-11e4-a52e-4f735466cecf":"f.8EC51792AE8EAD5CEC6F142478755B93.d.1B4D1EE2951047EE2B8FE18411BCDD0F.e.7862","ELEMENT":"f.8EC51792AE8EAD5CEC6F142478755B93.d.1B4D1EE2951047EE2B8FE18411BCDD0F.e.7862"}]}
COMMAND: GET /session/1f4369c590cc015c24359cd6d90be4de/element/f.8EC51792AE8EAD5CEC6F142478755B93.d.1B4D1EE2951047EE2B8FE18411BCDD0F.e.7861/attribute/aria-checked - {}
COMMAND: GET /session/1f4369c590cc015c24359cd6d90be4de/screenshot - {}
RESULT: {}
COMMAND: POST /session/1f4369c590cc015c24359cd6d90be4de/element - {"using":"xpath","value":"//table[contains(@id, \"listView-innerSelectionPanelTable-listUl\")]/tbody/tr[8]/td[2]/div/div"}
RESULT: {}
RESULT: {"using":"xpath","value":"//table[contains(@id, \"listView-innerSelectionPanelTable-listUl\")]/tbody/tr[8]/td[2]/div/div"}
COMMAND: POST /session/1f4369c590cc015c24359cd6d90be4de/element - {"using":"xpath","value":"//table[contains(@id, \"listView-innerSelectionPanelTable-listUl\")]/tbody/tr[8]/td[2]/div"}
RESULT: {"using":"xpath","value":"//table[contains(@id, \"listView-innerSelectionPanelTable-listUl\")]/tbody/tr[8]/td[2]/div"}
COMMAND: POST /session/1f4369c590cc015c24359cd6d90be4de/element - {"using":"xpath","value":"//table[contains(@id, \"listView-innerSelectionPanelTable-listUl\")]/tbody/tr[8]/td[3]/div/div/span/span[1]/bdi"}
RESULT: {"using":"xpath","value":"//table[contains(@id, \"listView-innerSelectionPanelTable-listUl\")]/tbody/tr[8]/td[3]/div/div/span/span[1]/bdi"}
COMMAND: POST /session/1f4369c590cc015c24359cd6d90be4de/execute/sync - {"script":"<script> [56 bytes]","args":[{"element-6066-11e4-a52e-4f735466cecf":"f.8EC51792AE8EAD5CEC6F142478755B93.d.1B4D1EE2951047EE2B8FE18411BCDD0F.e.7865","ELEMENT":"f.8EC51792AE8EAD5CEC6F142478755B93.d.1B4D1EE2951047EE2B8FE18411BCDD0F.e.7865"}]}
RESULT: {"script":"<script> [56 bytes]","args":[{"element-6066-11e4-a52e-4f735466cecf":"f.8EC51792AE8EAD5CEC6F142478755B93.d.1B4D1EE2951047EE2B8FE18411BCDD0F.e.7865","ELEMENT":"f.8EC51792AE8EAD5CEC6F142478755B93.d.1B4D1EE2951047EE2B8FE18411BCDD0F.e.7865"}]}
COMMAND: GET /session/1f4369c590cc015c24359cd6d90be4de/element/f.8EC51792AE8EAD5CEC6F142478755B93.d.1B4D1EE2951047EE2B8FE18411BCDD0F.e.7864/attribute/aria-checked - {}
COMMAND: GET /session/1f4369c590cc015c24359cd6d90be4de/screenshot - {}
RESULT: {}
COMMAND: POST /session/1f4369c590cc015c24359cd6d90be4de/element - {"using":"xpath","value":"//table[contains(@id, \"listView-innerSelectionPanelTable-listUl\")]/tbody/tr[9]/td[2]/div/div"}
RESULT: {}
RESULT: {"using":"xpath","value":"//table[contains(@id, \"listView-innerSelectionPanelTable-listUl\")]/tbody/tr[9]/td[2]/div/div"}
COMMAND: POST /session/1f4369c590cc015c24359cd6d90be4de/element - {"using":"xpath","value":"//table[contains(@id, \"listView-innerSelectionPanelTable-listUl\")]/tbody/tr[9]/td[2]/div"}
RESULT: {"using":"xpath","value":"//table[contains(@id, \"listView-innerSelectionPanelTable-listUl\")]/tbody/tr[9]/td[2]/div"}
COMMAND: POST /session/1f4369c590cc015c24359cd6d90be4de/element - {"using":"xpath","value":"//table[contains(@id, \"listView-innerSelectionPanelTable-listUl\")]/tbody/tr[9]/td[3]/div/div/span/span[1]/bdi"}
RESULT: {"using":"xpath","value":"//table[contains(@id, \"listView-innerSelectionPanelTable-listUl\")]/tbody/tr[9]/td[3]/div/div/span/span[1]/bdi"}
COMMAND: POST /session/1f4369c590cc015c24359cd6d90be4de/execute/sync - {"script":"<script> [56 bytes]","args":[{"element-6066-11e4-a52e-4f735466cecf":"f.8EC51792AE8EAD5CEC6F142478755B93.d.1B4D1EE2951047EE2B8FE18411BCDD0F.e.7868","ELEMENT":"f.8EC51792AE8EAD5CEC6F142478755B93.d.1B4D1EE2951047EE2B8FE18411BCDD0F.e.7868"}]}
RESULT: {"script":"<script> [56 bytes]","args":[{"element-6066-11e4-a52e-4f735466cecf":"f.8EC51792AE8EAD5CEC6F142478755B93.d.1B4D1EE2951047EE2B8FE18411BCDD0F.e.7868","ELEMENT":"f.8EC51792AE8EAD5CEC6F142478755B93.d.1B4D1EE2951047EE2B8FE18411BCDD0F.e.7868"}]}
COMMAND: GET /session/1f4369c590cc015c24359cd6d90be4de/element/f.8EC51792AE8EAD5CEC6F142478755B93.d.1B4D1EE2951047EE2B8FE18411BCDD0F.e.7867/attribute/aria-checked - {}
COMMAND: GET /session/1f4369c590cc015c24359cd6d90be4de/screenshot - {}
RESULT: {}
COMMAND: POST /session/1f4369c590cc015c24359cd6d90be4de/element - {"using":"xpath","value":"//table[contains(@id, \"listView-innerSelectionPanelTable-listUl\")]/tbody/tr[10]/td[2]/div/div"}
RESULT: {}
RESULT: {"using":"xpath","value":"//table[contains(@id, \"listView-innerSelectionPanelTable-listUl\")]/tbody/tr[10]/td[2]/div/div"}
COMMAND: POST /session/1f4369c590cc015c24359cd6d90be4de/element - {"using":"xpath","value":"//table[contains(@id, \"listView-innerSelectionPanelTable-listUl\")]/tbody/tr[10]/td[2]/div"}
RESULT: {"using":"xpath","value":"//table[contains(@id, \"listView-innerSelectionPanelTable-listUl\")]/tbody/tr[10]/td[2]/div"}
COMMAND: POST /session/1f4369c590cc015c24359cd6d90be4de/element - {"using":"xpath","value":"//table[contains(@id, \"listView-innerSelectionPanelTable-listUl\")]/tbody/tr[10]/td[3]/div/div/span/span[1]/bdi"}
RESULT: {"using":"xpath","value":"//table[contains(@id, \"listView-innerSelectionPanelTable-listUl\")]/tbody/tr[10]/td[3]/div/div/span/span[1]/bdi"}
COMMAND: POST /session/1f4369c590cc015c24359cd6d90be4de/execute/sync - {"script":"<script> [56 bytes]","args":[{"element-6066-11e4-a52e-4f735466cecf":"f.8EC51792AE8EAD5CEC6F142478755B93.d.1B4D1EE2951047EE2B8FE18411BCDD0F.e.7871","ELEMENT":"f.8EC51792AE8EAD5CEC6F142478755B93.d.1B4D1EE2951047EE2B8FE18411BCDD0F.e.7871"}]}
RESULT: {"script":"<script> [56 bytes]","args":[{"element-6066-11e4-a52e-4f735466cecf":"f.8EC51792AE8EAD5CEC6F142478755B93.d.1B4D1EE2951047EE2B8FE18411BCDD0F.e.7871","ELEMENT":"f.8EC51792AE8EAD5CEC6F142478755B93.d.1B4D1EE2951047EE2B8FE18411BCDD0F.e.7871"}]}
COMMAND: GET /session/1f4369c590cc015c24359cd6d90be4de/element/f.8EC51792AE8EAD5CEC6F142478755B93.d.1B4D1EE2951047EE2B8FE18411BCDD0F.e.7870/attribute/aria-checked - {}
COMMAND: GET /session/1f4369c590cc015c24359cd6d90be4de/screenshot - {}
RESULT: {}
COMMAND: POST /session/1f4369c590cc015c24359cd6d90be4de/element - {"using":"xpath","value":"//table[contains(@id, \"listView-innerSelectionPanelTable-listUl\")]/tbody/tr[11]/td[2]/div/div"}
RESULT: {}
RESULT: {"using":"xpath","value":"//table[contains(@id, \"listView-innerSelectionPanelTable-listUl\")]/tbody/tr[11]/td[2]/div/div"}
COMMAND: POST /session/1f4369c590cc015c24359cd6d90be4de/element - {"using":"xpath","value":"//table[contains(@id, \"listView-innerSelectionPanelTable-listUl\")]/tbody/tr[11]/td[2]/div"}
RESULT: {"using":"xpath","value":"//table[contains(@id, \"listView-innerSelectionPanelTable-listUl\")]/tbody/tr[11]/td[2]/div"}
COMMAND: POST /session/1f4369c590cc015c24359cd6d90be4de/element - {"using":"xpath","value":"//table[contains(@id, \"listView-innerSelectionPanelTable-listUl\")]/tbody/tr[11]/td[3]/div/div/span/span[1]/bdi"}
RESULT: {"using":"xpath","value":"//table[contains(@id, \"listView-innerSelectionPanelTable-listUl\")]/tbody/tr[11]/td[3]/div/div/span/span[1]/bdi"}
COMMAND: POST /session/1f4369c590cc015c24359cd6d90be4de/execute/sync - {"script":"<script> [56 bytes]","args":[{"element-6066-11e4-a52e-4f735466cecf":"f.8EC51792AE8EAD5CEC6F142478755B93.d.1B4D1EE2951047EE2B8FE18411BCDD0F.e.7874","ELEMENT":"f.8EC51792AE8EAD5CEC6F142478755B93.d.1B4D1EE2951047EE2B8FE18411BCDD0F.e.7874"}]}
RESULT: {"script":"<script> [56 bytes]","args":[{"element-6066-11e4-a52e-4f735466cecf":"f.8EC51792AE8EAD5CEC6F142478755B93.d.1B4D1EE2951047EE2B8FE18411BCDD0F.e.7874","ELEMENT":"f.8EC51792AE8EAD5CEC6F142478755B93.d.1B4D1EE2951047EE2B8FE18411BCDD0F.e.7874"}]}
COMMAND: GET /session/1f4369c590cc015c24359cd6d90be4de/element/f.8EC51792AE8EAD5CEC6F142478755B93.d.1B4D1EE2951047EE2B8FE18411BCDD0F.e.7873/attribute/aria-checked - {}
COMMAND: GET /session/1f4369c590cc015c24359cd6d90be4de/screenshot - {}
RESULT: {}
COMMAND: POST /session/1f4369c590cc015c24359cd6d90be4de/element - {"using":"xpath","value":"//table[contains(@id, \"listView-innerSelectionPanelTable-listUl\")]/tbody/tr[12]/td[2]/div/div"}
RESULT: {}
RESULT: {"using":"xpath","value":"//table[contains(@id, \"listView-innerSelectionPanelTable-listUl\")]/tbody/tr[12]/td[2]/div/div"}
COMMAND: POST /session/1f4369c590cc015c24359cd6d90be4de/element - {"using":"xpath","value":"//table[contains(@id, \"listView-innerSelectionPanelTable-listUl\")]/tbody/tr[12]/td[2]/div"}
RESULT: {"using":"xpath","value":"//table[contains(@id, \"listView-innerSelectionPanelTable-listUl\")]/tbody/tr[12]/td[2]/div"}
COMMAND: POST /session/1f4369c590cc015c24359cd6d90be4de/element - {"using":"xpath","value":"//table[contains(@id, \"listView-innerSelectionPanelTable-listUl\")]/tbody/tr[12]/td[3]/div/div/span/span[1]/bdi"}
RESULT: {"using":"xpath","value":"//table[contains(@id, \"listView-innerSelectionPanelTable-listUl\")]/tbody/tr[12]/td[3]/div/div/span/span[1]/bdi"}
COMMAND: POST /session/1f4369c590cc015c24359cd6d90be4de/execute/sync - {"script":"<script> [56 bytes]","args":[{"element-6066-11e4-a52e-4f735466cecf":"f.8EC51792AE8EAD5CEC6F142478755B93.d.1B4D1EE2951047EE2B8FE18411BCDD0F.e.7877","ELEMENT":"f.8EC51792AE8EAD5CEC6F142478755B93.d.1B4D1EE2951047EE2B8FE18411BCDD0F.e.7877"}]}
RESULT: {"script":"<script> [56 bytes]","args":[{"element-6066-11e4-a52e-4f735466cecf":"f.8EC51792AE8EAD5CEC6F142478755B93.d.1B4D1EE2951047EE2B8FE18411BCDD0F.e.7877","ELEMENT":"f.8EC51792AE8EAD5CEC6F142478755B93.d.1B4D1EE2951047EE2B8FE18411BCDD0F.e.7877"}]}
COMMAND: GET /session/1f4369c590cc015c24359cd6d90be4de/element/f.8EC51792AE8EAD5CEC6F142478755B93.d.1B4D1EE2951047EE2B8FE18411BCDD0F.e.7876/attribute/aria-checked - {}
COMMAND: GET /session/1f4369c590cc015c24359cd6d90be4de/screenshot - {}
RESULT: {}
COMMAND: POST /session/1f4369c590cc015c24359cd6d90be4de/element - {"using":"xpath","value":"//table[contains(@id, \"listView-innerSelectionPanelTable-listUl\")]/tbody/tr[13]/td[2]/div/div"}
RESULT: {}
RESULT: {"using":"xpath","value":"//table[contains(@id, \"listView-innerSelectionPanelTable-listUl\")]/tbody/tr[13]/td[2]/div/div"}
COMMAND: POST /session/1f4369c590cc015c24359cd6d90be4de/element - {"using":"xpath","value":"//table[contains(@id, \"listView-innerSelectionPanelTable-listUl\")]/tbody/tr[13]/td[2]/div"}
RESULT: {"using":"xpath","value":"//table[contains(@id, \"listView-innerSelectionPanelTable-listUl\")]/tbody/tr[13]/td[2]/div"}
COMMAND: POST /session/1f4369c590cc015c24359cd6d90be4de/element - {"using":"xpath","value":"//table[contains(@id, \"listView-innerSelectionPanelTable-listUl\")]/tbody/tr[13]/td[3]/div/div/span/span[1]/bdi"}
RESULT: {"using":"xpath","value":"//table[contains(@id, \"listView-innerSelectionPanelTable-listUl\")]/tbody/tr[13]/td[3]/div/div/span/span[1]/bdi"}
COMMAND: POST /session/1f4369c590cc015c24359cd6d90be4de/execute/sync - {"script":"<script> [56 bytes]","args":[{"element-6066-11e4-a52e-4f735466cecf":"f.8EC51792AE8EAD5CEC6F142478755B93.d.1B4D1EE2951047EE2B8FE18411BCDD0F.e.7880","ELEMENT":"f.8EC51792AE8EAD5CEC6F142478755B93.d.1B4D1EE2951047EE2B8FE18411BCDD0F.e.7880"}]}
RESULT: {"script":"<script> [56 bytes]","args":[{"element-6066-11e4-a52e-4f735466cecf":"f.8EC51792AE8EAD5CEC6F142478755B93.d.1B4D1EE2951047EE2B8FE18411BCDD0F.e.7880","ELEMENT":"f.8EC51792AE8EAD5CEC6F142478755B93.d.1B4D1EE2951047EE2B8FE18411BCDD0F.e.7880"}]}
COMMAND: GET /session/1f4369c590cc015c24359cd6d90be4de/element/f.8EC51792AE8EAD5CEC6F142478755B93.d.1B4D1EE2951047EE2B8FE18411BCDD0F.e.7879/attribute/aria-checked - {}
COMMAND: GET /session/1f4369c590cc015c24359cd6d90be4de/screenshot - {}
RESULT: {}
COMMAND: POST /session/1f4369c590cc015c24359cd6d90be4de/element - {"using":"xpath","value":"//table[contains(@id, \"listView-innerSelectionPanelTable-listUl\")]/tbody/tr[14]/td[2]/div/div"}
RESULT: {}
RESULT: {"using":"xpath","value":"//table[contains(@id, \"listView-innerSelectionPanelTable-listUl\")]/tbody/tr[14]/td[2]/div/div"}
COMMAND: POST /session/1f4369c590cc015c24359cd6d90be4de/element - {"using":"xpath","value":"//table[contains(@id, \"listView-innerSelectionPanelTable-listUl\")]/tbody/tr[14]/td[2]/div"}
RESULT: {"using":"xpath","value":"//table[contains(@id, \"listView-innerSelectionPanelTable-listUl\")]/tbody/tr[14]/td[2]/div"}
COMMAND: POST /session/1f4369c590cc015c24359cd6d90be4de/element - {"using":"xpath","value":"//table[contains(@id, \"listView-innerSelectionPanelTable-listUl\")]/tbody/tr[14]/td[3]/div/div/span/span[1]/bdi"}
RESULT: {"using":"xpath","value":"//table[contains(@id, \"listView-innerSelectionPanelTable-listUl\")]/tbody/tr[14]/td[3]/div/div/span/span[1]/bdi"}
COMMAND: POST /session/1f4369c590cc015c24359cd6d90be4de/execute/sync - {"script":"<script> [56 bytes]","args":[{"element-6066-11e4-a52e-4f735466cecf":"f.8EC51792AE8EAD5CEC6F142478755B93.d.1B4D1EE2951047EE2B8FE18411BCDD0F.e.7883","ELEMENT":"f.8EC51792AE8EAD5CEC6F142478755B93.d.1B4D1EE2951047EE2B8FE18411BCDD0F.e.7883"}]}
RESULT: {"script":"<script> [56 bytes]","args":[{"element-6066-11e4-a52e-4f735466cecf":"f.8EC51792AE8EAD5CEC6F142478755B93.d.1B4D1EE2951047EE2B8FE18411BCDD0F.e.7883","ELEMENT":"f.8EC51792AE8EAD5CEC6F142478755B93.d.1B4D1EE2951047EE2B8FE18411BCDD0F.e.7883"}]}
COMMAND: GET /session/1f4369c590cc015c24359cd6d90be4de/element/f.8EC51792AE8EAD5CEC6F142478755B93.d.1B4D1EE2951047EE2B8FE18411BCDD0F.e.7882/attribute/aria-checked - {}
COMMAND: GET /session/1f4369c590cc015c24359cd6d90be4de/screenshot - {}
RESULT: {}
COMMAND: POST /session/1f4369c590cc015c24359cd6d90be4de/element - {"using":"xpath","value":"//table[contains(@id, \"listView-innerSelectionPanelTable-listUl\")]/tbody/tr[15]/td[2]/div/div"}
RESULT: {}
RESULT: {"using":"xpath","value":"//table[contains(@id, \"listView-innerSelectionPanelTable-listUl\")]/tbody/tr[15]/td[2]/div/div"}
COMMAND: POST /session/1f4369c590cc015c24359cd6d90be4de/element - {"using":"xpath","value":"//table[contains(@id, \"listView-innerSelectionPanelTable-listUl\")]/tbody/tr[15]/td[2]/div"}
RESULT: {"using":"xpath","value":"//table[contains(@id, \"listView-innerSelectionPanelTable-listUl\")]/tbody/tr[15]/td[2]/div"}
COMMAND: POST /session/1f4369c590cc015c24359cd6d90be4de/element - {"using":"xpath","value":"//table[contains(@id, \"listView-innerSelectionPanelTable-listUl\")]/tbody/tr[15]/td[3]/div/div/span/span[1]/bdi"}
RESULT: {"using":"xpath","value":"//table[contains(@id, \"listView-innerSelectionPanelTable-listUl\")]/tbody/tr[15]/td[3]/div/div/span/span[1]/bdi"}
COMMAND: POST /session/1f4369c590cc015c24359cd6d90be4de/execute/sync - {"script":"<script> [56 bytes]","args":[{"element-6066-11e4-a52e-4f735466cecf":"f.8EC51792AE8EAD5CEC6F142478755B93.d.1B4D1EE2951047EE2B8FE18411BCDD0F.e.7886","ELEMENT":"f.8EC51792AE8EAD5CEC6F142478755B93.d.1B4D1EE2951047EE2B8FE18411BCDD0F.e.7886"}]}
RESULT: {"script":"<script> [56 bytes]","args":[{"element-6066-11e4-a52e-4f735466cecf":"f.8EC51792AE8EAD5CEC6F142478755B93.d.1B4D1EE2951047EE2B8FE18411BCDD0F.e.7886","ELEMENT":"f.8EC51792AE8EAD5CEC6F142478755B93.d.1B4D1EE2951047EE2B8FE18411BCDD0F.e.7886"}]}
COMMAND: GET /session/1f4369c590cc015c24359cd6d90be4de/element/f.8EC51792AE8EAD5CEC6F142478755B93.d.1B4D1EE2951047EE2B8FE18411BCDD0F.e.7885/attribute/aria-checked - {}
COMMAND: GET /session/1f4369c590cc015c24359cd6d90be4de/screenshot - {}
RESULT: {}
COMMAND: POST /session/1f4369c590cc015c24359cd6d90be4de/element - {"using":"xpath","value":"//table[contains(@id, \"listView-innerSelectionPanelTable-listUl\")]/tbody/tr[16]/td[2]/div/div"}
RESULT: {}
RESULT: {"using":"xpath","value":"//table[contains(@id, \"listView-innerSelectionPanelTable-listUl\")]/tbody/tr[16]/td[2]/div/div"}
COMMAND: POST /session/1f4369c590cc015c24359cd6d90be4de/element - {"using":"xpath","value":"//table[contains(@id, \"listView-innerSelectionPanelTable-listUl\")]/tbody/tr[16]/td[2]/div"}
RESULT: {"using":"xpath","value":"//table[contains(@id, \"listView-innerSelectionPanelTable-listUl\")]/tbody/tr[16]/td[2]/div"}
COMMAND: POST /session/1f4369c590cc015c24359cd6d90be4de/element - {"using":"xpath","value":"//table[contains(@id, \"listView-innerSelectionPanelTable-listUl\")]/tbody/tr[16]/td[3]/div/div/span/span[1]/bdi"}
RESULT: {"using":"xpath","value":"//table[contains(@id, \"listView-innerSelectionPanelTable-listUl\")]/tbody/tr[16]/td[3]/div/div/span/span[1]/bdi"}
COMMAND: POST /session/1f4369c590cc015c24359cd6d90be4de/execute/sync - {"script":"<script> [56 bytes]","args":[{"element-6066-11e4-a52e-4f735466cecf":"f.8EC51792AE8EAD5CEC6F142478755B93.d.1B4D1EE2951047EE2B8FE18411BCDD0F.e.7889","ELEMENT":"f.8EC51792AE8EAD5CEC6F142478755B93.d.1B4D1EE2951047EE2B8FE18411BCDD0F.e.7889"}]}
RESULT: {"script":"<script> [56 bytes]","args":[{"element-6066-11e4-a52e-4f735466cecf":"f.8EC51792AE8EAD5CEC6F142478755B93.d.1B4D1EE2951047EE2B8FE18411BCDD0F.e.7889","ELEMENT":"f.8EC51792AE8EAD5CEC6F142478755B93.d.1B4D1EE2951047EE2B8FE18411BCDD0F.e.7889"}]}
COMMAND: GET /session/1f4369c590cc015c24359cd6d90be4de/element/f.8EC51792AE8EAD5CEC6F142478755B93.d.1B4D1EE2951047EE2B8FE18411BCDD0F.e.7888/attribute/aria-checked - {}
COMMAND: GET /session/1f4369c590cc015c24359cd6d90be4de/screenshot - {}
RESULT: {}
COMMAND: POST /session/1f4369c590cc015c24359cd6d90be4de/element - {"using":"xpath","value":"//table[contains(@id, \"listView-innerSelectionPanelTable-listUl\")]/tbody/tr[17]/td[2]/div/div"}
RESULT: {}
RESULT: {"using":"xpath","value":"//table[contains(@id, \"listView-innerSelectionPanelTable-listUl\")]/tbody/tr[17]/td[2]/div/div"}
COMMAND: POST /session/1f4369c590cc015c24359cd6d90be4de/element - {"using":"xpath","value":"//table[contains(@id, \"listView-innerSelectionPanelTable-listUl\")]/tbody/tr[17]/td[2]/div"}
RESULT: {"using":"xpath","value":"//table[contains(@id, \"listView-innerSelectionPanelTable-listUl\")]/tbody/tr[17]/td[2]/div"}
COMMAND: POST /session/1f4369c590cc015c24359cd6d90be4de/element - {"using":"xpath","value":"//table[contains(@id, \"listView-innerSelectionPanelTable-listUl\")]/tbody/tr[17]/td[3]/div/div/span/span[1]/bdi"}
RESULT: {"using":"xpath","value":"//table[contains(@id, \"listView-innerSelectionPanelTable-listUl\")]/tbody/tr[17]/td[3]/div/div/span/span[1]/bdi"}
COMMAND: POST /session/1f4369c590cc015c24359cd6d90be4de/execute/sync - {"script":"<script> [56 bytes]","args":[{"element-6066-11e4-a52e-4f735466cecf":"f.8EC51792AE8EAD5CEC6F142478755B93.d.1B4D1EE2951047EE2B8FE18411BCDD0F.e.7892","ELEMENT":"f.8EC51792AE8EAD5CEC6F142478755B93.d.1B4D1EE2951047EE2B8FE18411BCDD0F.e.7892"}]}
RESULT: {"script":"<script> [56 bytes]","args":[{"element-6066-11e4-a52e-4f735466cecf":"f.8EC51792AE8EAD5CEC6F142478755B93.d.1B4D1EE2951047EE2B8FE18411BCDD0F.e.7892","ELEMENT":"f.8EC51792AE8EAD5CEC6F142478755B93.d.1B4D1EE2951047EE2B8FE18411BCDD0F.e.7892"}]}
COMMAND: GET /session/1f4369c590cc015c24359cd6d90be4de/element/f.8EC51792AE8EAD5CEC6F142478755B93.d.1B4D1EE2951047EE2B8FE18411BCDD0F.e.7891/attribute/aria-checked - {}
COMMAND: GET /session/1f4369c590cc015c24359cd6d90be4de/screenshot - {}
RESULT: {}
COMMAND: POST /session/1f4369c590cc015c24359cd6d90be4de/element - {"using":"xpath","value":"//table[contains(@id, \"listView-innerSelectionPanelTable-listUl\")]/tbody/tr[18]/td[2]/div/div"}
RESULT: {}
RESULT: {"using":"xpath","value":"//table[contains(@id, \"listView-innerSelectionPanelTable-listUl\")]/tbody/tr[18]/td[2]/div/div"}
COMMAND: POST /session/1f4369c590cc015c24359cd6d90be4de/element - {"using":"xpath","value":"//table[contains(@id, \"listView-innerSelectionPanelTable-listUl\")]/tbody/tr[18]/td[2]/div"}
RESULT: {"using":"xpath","value":"//table[contains(@id, \"listView-innerSelectionPanelTable-listUl\")]/tbody/tr[18]/td[2]/div"}
COMMAND: POST /session/1f4369c590cc015c24359cd6d90be4de/element - {"using":"xpath","value":"//table[contains(@id, \"listView-innerSelectionPanelTable-listUl\")]/tbody/tr[18]/td[3]/div/div/span/span[1]/bdi"}
RESULT: {"using":"xpath","value":"//table[contains(@id, \"listView-innerSelectionPanelTable-listUl\")]/tbody/tr[18]/td[3]/div/div/span/span[1]/bdi"}
COMMAND: POST /session/1f4369c590cc015c24359cd6d90be4de/execute/sync - {"script":"<script> [56 bytes]","args":[{"element-6066-11e4-a52e-4f735466cecf":"f.8EC51792AE8EAD5CEC6F142478755B93.d.1B4D1EE2951047EE2B8FE18411BCDD0F.e.7895","ELEMENT":"f.8EC51792AE8EAD5CEC6F142478755B93.d.1B4D1EE2951047EE2B8FE18411BCDD0F.e.7895"}]}
RESULT: {"script":"<script> [56 bytes]","args":[{"element-6066-11e4-a52e-4f735466cecf":"f.8EC51792AE8EAD5CEC6F142478755B93.d.1B4D1EE2951047EE2B8FE18411BCDD0F.e.7895","ELEMENT":"f.8EC51792AE8EAD5CEC6F142478755B93.d.1B4D1EE2951047EE2B8FE18411BCDD0F.e.7895"}]}
COMMAND: GET /session/1f4369c590cc015c24359cd6d90be4de/element/f.8EC51792AE8EAD5CEC6F142478755B93.d.1B4D1EE2951047EE2B8FE18411BCDD0F.e.7894/attribute/aria-checked - {}
COMMAND: GET /session/1f4369c590cc015c24359cd6d90be4de/screenshot - {}
RESULT: {}
COMMAND: POST /session/1f4369c590cc015c24359cd6d90be4de/element - {"using":"xpath","value":"//table[contains(@id, \"listView-innerSelectionPanelTable-listUl\")]/tbody/tr[19]/td[2]/div/div"}
RESULT: {}
RESULT: {"using":"xpath","value":"//table[contains(@id, \"listView-innerSelectionPanelTable-listUl\")]/tbody/tr[19]/td[2]/div/div"}
COMMAND: POST /session/1f4369c590cc015c24359cd6d90be4de/element - {"using":"xpath","value":"//table[contains(@id, \"listView-innerSelectionPanelTable-listUl\")]/tbody/tr[19]/td[2]/div"}
RESULT: {"using":"xpath","value":"//table[contains(@id, \"listView-innerSelectionPanelTable-listUl\")]/tbody/tr[19]/td[2]/div"}
COMMAND: POST /session/1f4369c590cc015c24359cd6d90be4de/element - {"using":"xpath","value":"//table[contains(@id, \"listView-innerSelectionPanelTable-listUl\")]/tbody/tr[19]/td[3]/div/div/span/span[1]/bdi"}
RESULT: {"using":"xpath","value":"//table[contains(@id, \"listView-innerSelectionPanelTable-listUl\")]/tbody/tr[19]/td[3]/div/div/span/span[1]/bdi"}
COMMAND: POST /session/1f4369c590cc015c24359cd6d90be4de/execute/sync - {"script":"<script> [56 bytes]","args":[{"element-6066-11e4-a52e-4f735466cecf":"f.8EC51792AE8EAD5CEC6F142478755B93.d.1B4D1EE2951047EE2B8FE18411BCDD0F.e.7898","ELEMENT":"f.8EC51792AE8EAD5CEC6F142478755B93.d.1B4D1EE2951047EE2B8FE18411BCDD0F.e.7898"}]}
RESULT: {"script":"<script> [56 bytes]","args":[{"element-6066-11e4-a52e-4f735466cecf":"f.8EC51792AE8EAD5CEC6F142478755B93.d.1B4D1EE2951047EE2B8FE18411BCDD0F.e.7898","ELEMENT":"f.8EC51792AE8EAD5CEC6F142478755B93.d.1B4D1EE2951047EE2B8FE18411BCDD0F.e.7898"}]}
COMMAND: GET /session/1f4369c590cc015c24359cd6d90be4de/element/f.8EC51792AE8EAD5CEC6F142478755B93.d.1B4D1EE2951047EE2B8FE18411BCDD0F.e.7897/attribute/aria-checked - {}
COMMAND: GET /session/1f4369c590cc015c24359cd6d90be4de/screenshot - {}
RESULT: {}
COMMAND: POST /session/1f4369c590cc015c24359cd6d90be4de/element - {"using":"xpath","value":"//table[contains(@id, \"listView-innerSelectionPanelTable-listUl\")]/tbody/tr[20]/td[2]/div/div"}
RESULT: {}
RESULT: {"using":"xpath","value":"//table[contains(@id, \"listView-innerSelectionPanelTable-listUl\")]/tbody/tr[20]/td[2]/div/div"}
COMMAND: POST /session/1f4369c590cc015c24359cd6d90be4de/element - {"using":"xpath","value":"//table[contains(@id, \"listView-innerSelectionPanelTable-listUl\")]/tbody/tr[20]/td[2]/div"}
RESULT: {"using":"xpath","value":"//table[contains(@id, \"listView-innerSelectionPanelTable-listUl\")]/tbody/tr[20]/td[2]/div"}
COMMAND: POST /session/1f4369c590cc015c24359cd6d90be4de/element - {"using":"xpath","value":"//table[contains(@id, \"listView-innerSelectionPanelTable-listUl\")]/tbody/tr[20]/td[3]/div/div/span/span[1]/bdi"}
RESULT: {"using":"xpath","value":"//table[contains(@id, \"listView-innerSelectionPanelTable-listUl\")]/tbody/tr[20]/td[3]/div/div/span/span[1]/bdi"}
COMMAND: POST /session/1f4369c590cc015c24359cd6d90be4de/execute/sync - {"script":"<script> [56 bytes]","args":[{"element-6066-11e4-a52e-4f735466cecf":"f.8EC51792AE8EAD5CEC6F142478755B93.d.1B4D1EE2951047EE2B8FE18411BCDD0F.e.7901","ELEMENT":"f.8EC51792AE8EAD5CEC6F142478755B93.d.1B4D1EE2951047EE2B8FE18411BCDD0F.e.7901"}]}
RESULT: {"script":"<script> [56 bytes]","args":[{"element-6066-11e4-a52e-4f735466cecf":"f.8EC51792AE8EAD5CEC6F142478755B93.d.1B4D1EE2951047EE2B8FE18411BCDD0F.e.7901","ELEMENT":"f.8EC51792AE8EAD5CEC6F142478755B93.d.1B4D1EE2951047EE2B8FE18411BCDD0F.e.7901"}]}
COMMAND: GET /session/1f4369c590cc015c24359cd6d90be4de/element/f.8EC51792AE8EAD5CEC6F142478755B93.d.1B4D1EE2951047EE2B8FE18411BCDD0F.e.7900/attribute/aria-checked - {}
COMMAND: GET /session/1f4369c590cc015c24359cd6d90be4de/screenshot - {}
RESULT: {}
COMMAND: POST /session/1f4369c590cc015c24359cd6d90be4de/element - {"using":"xpath","value":"//table[contains(@id, \"listView-innerSelectionPanelTable-listUl\")]/tbody/tr[21]/td[2]/div/div"}
COMMAND: POST /session/1f4369c590cc015c24359cd6d90be4de/element/f.8EC51792AE8EAD5CEC6F142478755B93.d.1B4D1EE2951047EE2B8FE18411BCDD0F.e.7899/click - {}
RESULT: {}
RESULT: {}
COMMAND: GET /session/1f4369c590cc015c24359cd6d90be4de/screenshot - {}
RESULT: {"using":"xpath","value":"//table[contains(@id, \"listView-innerSelectionPanelTable-listUl\")]/tbody/tr[21]/td[2]/div/div"}
COMMAND: POST /session/1f4369c590cc015c24359cd6d90be4de/element - {"using":"xpath","value":"//table[contains(@id, \"listView-innerSelectionPanelTable-listUl\")]/tbody/tr[21]/td[2]/div"}
RESULT: {}
RESULT: {"using":"xpath","value":"//table[contains(@id, \"listView-innerSelectionPanelTable-listUl\")]/tbody/tr[21]/td[2]/div"}
COMMAND: POST /session/1f4369c590cc015c24359cd6d90be4de/element - {"using":"xpath","value":"//table[contains(@id, \"listView-innerSelectionPanelTable-listUl\")]/tbody/tr[21]/td[3]/div/div/span/span[1]/bdi"}
RESULT: {"using":"xpath","value":"//table[contains(@id, \"listView-innerSelectionPanelTable-listUl\")]/tbody/tr[21]/td[3]/div/div/span/span[1]/bdi"}
COMMAND: POST /session/1f4369c590cc015c24359cd6d90be4de/execute/sync - {"script":"<script> [56 bytes]","args":[{"element-6066-11e4-a52e-4f735466cecf":"f.8EC51792AE8EAD5CEC6F142478755B93.d.1B4D1EE2951047EE2B8FE18411BCDD0F.e.7907","ELEMENT":"f.8EC51792AE8EAD5CEC6F142478755B93.d.1B4D1EE2951047EE2B8FE18411BCDD0F.e.7907"}]}
RESULT: {"script":"<script> [56 bytes]","args":[{"element-6066-11e4-a52e-4f735466cecf":"f.8EC51792AE8EAD5CEC6F142478755B93.d.1B4D1EE2951047EE2B8FE18411BCDD0F.e.7907","ELEMENT":"f.8EC51792AE8EAD5CEC6F142478755B93.d.1B4D1EE2951047EE2B8FE18411BCDD0F.e.7907"}]}
COMMAND: GET /session/1f4369c590cc015c24359cd6d90be4de/element/f.8EC51792AE8EAD5CEC6F142478755B93.d.1B4D1EE2951047EE2B8FE18411BCDD0F.e.7906/attribute/aria-checked - {}
COMMAND: GET /session/1f4369c590cc015c24359cd6d90be4de/screenshot - {}
RESULT: {}
COMMAND: POST /session/1f4369c590cc015c24359cd6d90be4de/element - {"using":"xpath","value":"//table[contains(@id, \"listView-innerSelectionPanelTable-listUl\")]/tbody/tr[22]/td[2]/div/div"}
COMMAND: POST /session/1f4369c590cc015c24359cd6d90be4de/element/f.8EC51792AE8EAD5CEC6F142478755B93.d.1B4D1EE2951047EE2B8FE18411BCDD0F.e.7905/click - {}
RESULT: {}
RESULT: {"using":"xpath","value":"//table[contains(@id, \"listView-innerSelectionPanelTable-listUl\")]/tbody/tr[22]/td[2]/div/div"}
COMMAND: POST /session/1f4369c590cc015c24359cd6d90be4de/element - {"using":"xpath","value":"//table[contains(@id, \"listView-innerSelectionPanelTable-listUl\")]/tbody/tr[22]/td[2]/div"}
RESULT: {}
COMMAND: GET /session/1f4369c590cc015c24359cd6d90be4de/screenshot - {}
RESULT: {"using":"xpath","value":"//table[contains(@id, \"listView-innerSelectionPanelTable-listUl\")]/tbody/tr[22]/td[2]/div"}
COMMAND: POST /session/1f4369c590cc015c24359cd6d90be4de/element - {"using":"xpath","value":"//table[contains(@id, \"listView-innerSelectionPanelTable-listUl\")]/tbody/tr[22]/td[3]/div/div/span/span[1]/bdi"}
RESULT: {}
RESULT: {"using":"xpath","value":"//table[contains(@id, \"listView-innerSelectionPanelTable-listUl\")]/tbody/tr[22]/td[3]/div/div/span/span[1]/bdi"}
COMMAND: POST /session/1f4369c590cc015c24359cd6d90be4de/execute/sync - {"script":"<script> [56 bytes]","args":[{"element-6066-11e4-a52e-4f735466cecf":"f.8EC51792AE8EAD5CEC6F142478755B93.d.1B4D1EE2951047EE2B8FE18411BCDD0F.e.7911","ELEMENT":"f.8EC51792AE8EAD5CEC6F142478755B93.d.1B4D1EE2951047EE2B8FE18411BCDD0F.e.7911"}]}
RESULT: {"script":"<script> [56 bytes]","args":[{"element-6066-11e4-a52e-4f735466cecf":"f.8EC51792AE8EAD5CEC6F142478755B93.d.1B4D1EE2951047EE2B8FE18411BCDD0F.e.7911","ELEMENT":"f.8EC51792AE8EAD5CEC6F142478755B93.d.1B4D1EE2951047EE2B8FE18411BCDD0F.e.7911"}]}
COMMAND: GET /session/1f4369c590cc015c24359cd6d90be4de/element/f.8EC51792AE8EAD5CEC6F142478755B93.d.1B4D1EE2951047EE2B8FE18411BCDD0F.e.7910/attribute/aria-checked - {}
COMMAND: GET /session/1f4369c590cc015c24359cd6d90be4de/screenshot - {}
RESULT: {}
COMMAND: POST /session/1f4369c590cc015c24359cd6d90be4de/element - {"using":"xpath","value":"//table[contains(@id, \"listView-innerSelectionPanelTable-listUl\")]/tbody/tr[23]/td[2]/div/div"}
RESULT: {}
RESULT: {"using":"xpath","value":"//table[contains(@id, \"listView-innerSelectionPanelTable-listUl\")]/tbody/tr[23]/td[2]/div/div"}
COMMAND: POST /session/1f4369c590cc015c24359cd6d90be4de/element - {"using":"xpath","value":"//table[contains(@id, \"listView-innerSelectionPanelTable-listUl\")]/tbody/tr[23]/td[2]/div"}
RESULT: {"using":"xpath","value":"//table[contains(@id, \"listView-innerSelectionPanelTable-listUl\")]/tbody/tr[23]/td[2]/div"}
COMMAND: POST /session/1f4369c590cc015c24359cd6d90be4de/element - {"using":"xpath","value":"//table[contains(@id, \"listView-innerSelectionPanelTable-listUl\")]/tbody/tr[23]/td[3]/div/div/span/span[1]/bdi"}
RESULT: {"using":"xpath","value":"//table[contains(@id, \"listView-innerSelectionPanelTable-listUl\")]/tbody/tr[23]/td[3]/div/div/span/span[1]/bdi"}
COMMAND: POST /session/1f4369c590cc015c24359cd6d90be4de/execute/sync - {"script":"<script> [56 bytes]","args":[{"element-6066-11e4-a52e-4f735466cecf":"f.8EC51792AE8EAD5CEC6F142478755B93.d.1B4D1EE2951047EE2B8FE18411BCDD0F.e.7914","ELEMENT":"f.8EC51792AE8EAD5CEC6F142478755B93.d.1B4D1EE2951047EE2B8FE18411BCDD0F.e.7914"}]}
RESULT: {"script":"<script> [56 bytes]","args":[{"element-6066-11e4-a52e-4f735466cecf":"f.8EC51792AE8EAD5CEC6F142478755B93.d.1B4D1EE2951047EE2B8FE18411BCDD0F.e.7914","ELEMENT":"f.8EC51792AE8EAD5CEC6F142478755B93.d.1B4D1EE2951047EE2B8FE18411BCDD0F.e.7914"}]}
COMMAND: GET /session/1f4369c590cc015c24359cd6d90be4de/element/f.8EC51792AE8EAD5CEC6F142478755B93.d.1B4D1EE2951047EE2B8FE18411BCDD0F.e.7913/attribute/aria-checked - {}
COMMAND: GET /session/1f4369c590cc015c24359cd6d90be4de/screenshot - {}
RESULT: {}
COMMAND: POST /session/1f4369c590cc015c24359cd6d90be4de/element - {"using":"xpath","value":"//table[contains(@id, \"listView-innerSelectionPanelTable-listUl\")]/tbody/tr[24]/td[2]/div/div"}
RESULT: {}
RESULT: {"using":"xpath","value":"//table[contains(@id, \"listView-innerSelectionPanelTable-listUl\")]/tbody/tr[24]/td[2]/div/div"}
COMMAND: POST /session/1f4369c590cc015c24359cd6d90be4de/element - {"using":"xpath","value":"//table[contains(@id, \"listView-innerSelectionPanelTable-listUl\")]/tbody/tr[24]/td[2]/div"}
RESULT: {"using":"xpath","value":"//table[contains(@id, \"listView-innerSelectionPanelTable-listUl\")]/tbody/tr[24]/td[2]/div"}
COMMAND: POST /session/1f4369c590cc015c24359cd6d90be4de/element - {"using":"xpath","value":"//table[contains(@id, \"listView-innerSelectionPanelTable-listUl\")]/tbody/tr[24]/td[3]/div/div/span/span[1]/bdi"}
RESULT: {"using":"xpath","value":"//table[contains(@id, \"listView-innerSelectionPanelTable-listUl\")]/tbody/tr[24]/td[3]/div/div/span/span[1]/bdi"}
COMMAND: POST /session/1f4369c590cc015c24359cd6d90be4de/execute/sync - {"script":"<script> [56 bytes]","args":[{"element-6066-11e4-a52e-4f735466cecf":"f.8EC51792AE8EAD5CEC6F142478755B93.d.1B4D1EE2951047EE2B8FE18411BCDD0F.e.7917","ELEMENT":"f.8EC51792AE8EAD5CEC6F142478755B93.d.1B4D1EE2951047EE2B8FE18411BCDD0F.e.7917"}]}
RESULT: {"script":"<script> [56 bytes]","args":[{"element-6066-11e4-a52e-4f735466cecf":"f.8EC51792AE8EAD5CEC6F142478755B93.d.1B4D1EE2951047EE2B8FE18411BCDD0F.e.7917","ELEMENT":"f.8EC51792AE8EAD5CEC6F142478755B93.d.1B4D1EE2951047EE2B8FE18411BCDD0F.e.7917"}]}
COMMAND: GET /session/1f4369c590cc015c24359cd6d90be4de/element/f.8EC51792AE8EAD5CEC6F142478755B93.d.1B4D1EE2951047EE2B8FE18411BCDD0F.e.7916/attribute/aria-checked - {}
COMMAND: GET /session/1f4369c590cc015c24359cd6d90be4de/screenshot - {}
RESULT: {}
COMMAND: POST /session/1f4369c590cc015c24359cd6d90be4de/element - {"using":"xpath","value":"//table[contains(@id, \"listView-innerSelectionPanelTable-listUl\")]/tbody/tr[25]/td[2]/div/div"}
RESULT: {}
RESULT: {"using":"xpath","value":"//table[contains(@id, \"listView-innerSelectionPanelTable-listUl\")]/tbody/tr[25]/td[2]/div/div"}
COMMAND: POST /session/1f4369c590cc015c24359cd6d90be4de/element - {"using":"xpath","value":"//table[contains(@id, \"listView-innerSelectionPanelTable-listUl\")]/tbody/tr[25]/td[2]/div"}
RESULT: {"using":"xpath","value":"//table[contains(@id, \"listView-innerSelectionPanelTable-listUl\")]/tbody/tr[25]/td[2]/div"}
COMMAND: POST /session/1f4369c590cc015c24359cd6d90be4de/element - {"using":"xpath","value":"//table[contains(@id, \"listView-innerSelectionPanelTable-listUl\")]/tbody/tr[25]/td[3]/div/div/span/span[1]/bdi"}
RESULT: {"using":"xpath","value":"//table[contains(@id, \"listView-innerSelectionPanelTable-listUl\")]/tbody/tr[25]/td[3]/div/div/span/span[1]/bdi"}
COMMAND: POST /session/1f4369c590cc015c24359cd6d90be4de/execute/sync - {"script":"<script> [56 bytes]","args":[{"element-6066-11e4-a52e-4f735466cecf":"f.8EC51792AE8EAD5CEC6F142478755B93.d.1B4D1EE2951047EE2B8FE18411BCDD0F.e.7920","ELEMENT":"f.8EC51792AE8EAD5CEC6F142478755B93.d.1B4D1EE2951047EE2B8FE18411BCDD0F.e.7920"}]}
RESULT: {"script":"<script> [56 bytes]","args":[{"element-6066-11e4-a52e-4f735466cecf":"f.8EC51792AE8EAD5CEC6F142478755B93.d.1B4D1EE2951047EE2B8FE18411BCDD0F.e.7920","ELEMENT":"f.8EC51792AE8EAD5CEC6F142478755B93.d.1B4D1EE2951047EE2B8FE18411BCDD0F.e.7920"}]}
COMMAND: GET /session/1f4369c590cc015c24359cd6d90be4de/element/f.8EC51792AE8EAD5CEC6F142478755B93.d.1B4D1EE2951047EE2B8FE18411BCDD0F.e.7919/attribute/aria-checked - {}
COMMAND: GET /session/1f4369c590cc015c24359cd6d90be4de/screenshot - {}
RESULT: {}
COMMAND: POST /session/1f4369c590cc015c24359cd6d90be4de/element - {"using":"xpath","value":"//bdi[contains(text(), \"OK\")]"}
RESULT: {}
RESULT: {"using":"xpath","value":"//bdi[contains(text(), \"OK\")]"}
COMMAND: POST /session/1f4369c590cc015c24359cd6d90be4de/element/f.8EC51792AE8EAD5CEC6F142478755B93.d.1B4D1EE2951047EE2B8FE18411BCDD0F.e.7921/click - {}
RESULT: {}
COMMAND: GET /session/1f4369c590cc015c24359cd6d90be4de/screenshot - {}
RESULT: {}
COMMAND: POST /session/1f4369c590cc015c24359cd6d90be4de/execute/async - {"script":"<script> [1562 bytes]","args":[{"selector":{"id":"application-managepartners-display-component---masterPtm--smartFilterBar-filterItemControlA_-LINK_TO_ADDRESSES_MAIN.ID-vhi"},"wdio_ui5_key":"applicationmanagepartners-display-component---masterPtm--smartFilterBar-filterItemControlA_-LINK_TO_ADDRESSES_MAIN.ID-vhi"}]}
RESULT: {"script":"<script> [1562 bytes]","args":[{"selector":{"id":"application-managepartners-display-component---masterPtm--smartFilterBar-filterItemControlA_-LINK_TO_ADDRESSES_MAIN.ID-vhi"},"wdio_ui5_key":"applicationmanagepartners-display-component---masterPtm--smartFilterBar-filterItemControlA_-LINK_TO_ADDRESSES_MAIN.ID-vhi"}]}
RESULT: undefined
COMMAND: POST /session/1f4369c590cc015c24359cd6d90be4de/element - {"using":"xpath","value":"//*[@id=\"application-managepartners-display-component---masterPtm--smartFilterBar-filterItemControlA_-LINK_TO_ADDRESSES_MAIN.ID-vhi\"]"}
RESULT: {"using":"xpath","value":"//*[@id=\"application-managepartners-display-component---masterPtm--smartFilterBar-filterItemControlA_-LINK_TO_ADDRESSES_MAIN.ID-vhi\"]"}
COMMAND: POST /session/1f4369c590cc015c24359cd6d90be4de/element/f.8EC51792AE8EAD5CEC6F142478755B93.d.1B4D1EE2951047EE2B8FE18411BCDD0F.e.7934/click - {}
RESULT: {}
COMMAND: GET /session/1f4369c590cc015c24359cd6d90be4de/screenshot - {}
RESULT: {}
COMMAND: POST /session/1f4369c590cc015c24359cd6d90be4de/execute/async - {"script":"<script> [1562 bytes]","args":[{"selector":{"controlType":"sap.ui.core.Icon","viewName":"etm.portal.ui.managepartners.view.Master","viewId":"application-managepartners-display-component---masterPtm","properties":{"src":{"regex":{"source":"slim\\-arrow\\-down"}}},"searchOpenDialogs":true},"wdio_ui5_key":"etmportal.ui.managepartners.view.Mastersap.ui.core.Icon{\"src\":{\"regex\":{\"source\":\"slim\\\\-arrow\\\\-down\"}}}"}]}
RESULT: {"script":"<script> [1562 bytes]","args":[{"selector":{"controlType":"sap.ui.core.Icon","viewName":"etm.portal.ui.managepartners.view.Master","viewId":"application-managepartners-display-component---masterPtm","properties":{"src":{"regex":{"source":"slim\\-arrow\\-down"}}},"searchOpenDialogs":true},"wdio_ui5_key":"etmportal.ui.managepartners.view.Mastersap.ui.core.Icon{\"src\":{\"regex\":{\"source\":\"slim\\\\-arrow\\\\-down\"}}}"}]}
RESULT: undefined
COMMAND: POST /session/1f4369c590cc015c24359cd6d90be4de/element - {"using":"xpath","value":"//*[@id=\"__box77-arrow\"]"}
RESULT: {"using":"xpath","value":"//*[@id=\"__box77-arrow\"]"}
COMMAND: POST /session/1f4369c590cc015c24359cd6d90be4de/element/f.8EC51792AE8EAD5CEC6F142478755B93.d.1B4D1EE2951047EE2B8FE18411BCDD0F.e.7939/click - {}
RESULT: {}
COMMAND: GET /session/1f4369c590cc015c24359cd6d90be4de/screenshot - {}
RESULT: {}
COMMAND: POST /session/1f4369c590cc015c24359cd6d90be4de/element - {"using":"xpath","value":"//li[.//span[text()='equal to']]"}
RESULT: {"using":"xpath","value":"//li[.//span[text()='equal to']]"}
COMMAND: POST /session/1f4369c590cc015c24359cd6d90be4de/element/f.8EC51792AE8EAD5CEC6F142478755B93.d.1B4D1EE2951047EE2B8FE18411BCDD0F.e.7940/click - {}
RESULT: {}
COMMAND: GET /session/1f4369c590cc015c24359cd6d90be4de/screenshot - {}
RESULT: {}
RESULT: undefined
COMMAND: POST /session/1f4369c590cc015c24359cd6d90be4de/execute/async - {"script":"<script> [776 bytes]","args":[{"enterText":"1006","selector":{"controlType":"sap.m.Input","viewName":"etm.portal.ui.managepartners.view.Master","viewId":"application-managepartners-display-component---masterPtm","properties":{"valueState":"None"},"searchOpenDialogs":true,"interaction":{"idSuffix":"inner"}},"clearTextFirst":true,"interactionType":"ENTER_TEXT"}]}
RESULT: {"script":"<script> [776 bytes]","args":[{"enterText":"1006","selector":{"controlType":"sap.m.Input","viewName":"etm.portal.ui.managepartners.view.Master","viewId":"application-managepartners-display-component---masterPtm","properties":{"valueState":"None"},"searchOpenDialogs":true,"interaction":{"idSuffix":"inner"}},"clearTextFirst":true,"interactionType":"ENTER_TEXT"}]}
COMMAND: POST /session/1f4369c590cc015c24359cd6d90be4de/actions - {"actions":[{"id":"action22","type":"key","parameters":{},"actions":[{"type":"keyDown","value":""},{"type":"pause","duration":10},{"type":"keyUp","value":""}]}]}
RESULT: {"actions":[{"id":"action22","type":"key","parameters":{},"actions":[{"type":"keyDown","value":""},{"type":"pause","duration":10},{"type":"keyUp","value":""}]}]}
COMMAND: GET /session/1f4369c590cc015c24359cd6d90be4de/screenshot - {}
RESULT: {}
COMMAND: POST /session/1f4369c590cc015c24359cd6d90be4de/element - {"using":"xpath","value":"(//bdi[contains(text(), \"OK\")])[1]"}
RESULT: {"using":"xpath","value":"(//bdi[contains(text(), \"OK\")])[1]"}
COMMAND: POST /session/1f4369c590cc015c24359cd6d90be4de/element/f.8EC51792AE8EAD5CEC6F142478755B93.d.1B4D1EE2951047EE2B8FE18411BCDD0F.e.7941/click - {}
RESULT: {}
COMMAND: GET /session/1f4369c590cc015c24359cd6d90be4de/screenshot - {}
RESULT: {}
COMMAND: POST /session/1f4369c590cc015c24359cd6d90be4de/element - {"using":"xpath","value":"//span[@id=\"application-managepartners-display-component---masterPtm--smartTable-header-inner\"]"}
RESULT: {"using":"xpath","value":"//span[@id=\"application-managepartners-display-component---masterPtm--smartTable-header-inner\"]"}
COMMAND: POST /session/1f4369c590cc015c24359cd6d90be4de/elements - {"using":"xpath","value":"//span[@id=\"application-managepartners-display-component---masterPtm--smartTable-header-inner\"]"}
RESULT: {"using":"xpath","value":"//span[@id=\"application-managepartners-display-component---masterPtm--smartTable-header-inner\"]"}
COMMAND: POST /session/1f4369c590cc015c24359cd6d90be4de/execute/sync - {"script":"<script> [56 bytes]","args":[{"element-6066-11e4-a52e-4f735466cecf":"f.8EC51792AE8EAD5CEC6F142478755B93.d.1B4D1EE2951047EE2B8FE18411BCDD0F.e.7779","ELEMENT":"f.8EC51792AE8EAD5CEC6F142478755B93.d.1B4D1EE2951047EE2B8FE18411BCDD0F.e.7779"}]}
RESULT: {"script":"<script> [56 bytes]","args":[{"element-6066-11e4-a52e-4f735466cecf":"f.8EC51792AE8EAD5CEC6F142478755B93.d.1B4D1EE2951047EE2B8FE18411BCDD0F.e.7779","ELEMENT":"f.8EC51792AE8EAD5CEC6F142478755B93.d.1B4D1EE2951047EE2B8FE18411BCDD0F.e.7779"}]}
COMMAND: POST /session/1f4369c590cc015c24359cd6d90be4de/element - {"using":"xpath","value":"//span[contains(@title, \"Remove\")]"}
COMMAND: GET /session/1f4369c590cc015c24359cd6d90be4de/screenshot - {}
RESULT: {"using":"xpath","value":"//span[contains(@title, \"Remove\")]"}
COMMAND: POST /session/1f4369c590cc015c24359cd6d90be4de/element/f.8EC51792AE8EAD5CEC6F142478755B93.d.1B4D1EE2951047EE2B8FE18411BCDD0F.e.7951/click - {}
RESULT: {}
RESULT: {}
COMMAND: GET /session/1f4369c590cc015c24359cd6d90be4de/screenshot - {}
RESULT: {}
RESULT: undefined
COMMAND: POST /session/1f4369c590cc015c24359cd6d90be4de/element - {"using":"xpath","value":"//*[@id=\"application-managepartners-display-component---masterPtm--smartFilterBar-filterItemControl_BASIC-YARD-vhi\"]"}
RESULT: {"using":"xpath","value":"//*[@id=\"application-managepartners-display-component---masterPtm--smartFilterBar-filterItemControl_BASIC-YARD-vhi\"]"}
COMMAND: POST /session/1f4369c590cc015c24359cd6d90be4de/element/f.8EC51792AE8EAD5CEC6F142478755B93.d.1B4D1EE2951047EE2B8FE18411BCDD0F.e.8054/click - {}
RESULT: {}
COMMAND: GET /session/1f4369c590cc015c24359cd6d90be4de/screenshot - {}
RESULT: {}
RESULT: undefined
COMMAND: POST /session/1f4369c590cc015c24359cd6d90be4de/execute/async - {"script":"<script> [776 bytes]","args":[{"enterText":"Test","selector":{"id":"application-managepartners-display-component---masterPtm--smartFilterBar-filterItemControl_BASIC-YARD-valueHelpDialog-smartFilterBar-btnBasicSearch","searchOpenDialogs":true,"interaction":{"idSuffix":"I"}},"clearTextFirst":true,"interactionType":"ENTER_TEXT"}]}
RESULT: {"script":"<script> [776 bytes]","args":[{"enterText":"Test","selector":{"id":"application-managepartners-display-component---masterPtm--smartFilterBar-filterItemControl_BASIC-YARD-valueHelpDialog-smartFilterBar-btnBasicSearch","searchOpenDialogs":true,"interaction":{"idSuffix":"I"}},"clearTextFirst":true,"interactionType":"ENTER_TEXT"}]}
COMMAND: POST /session/1f4369c590cc015c24359cd6d90be4de/actions - {"actions":[{"id":"action23","type":"key","parameters":{},"actions":[{"type":"keyDown","value":""},{"type":"pause","duration":10},{"type":"keyUp","value":""}]}]}
RESULT: {"actions":[{"id":"action23","type":"key","parameters":{},"actions":[{"type":"keyDown","value":""},{"type":"pause","duration":10},{"type":"keyUp","value":""}]}]}
COMMAND: POST /session/1f4369c590cc015c24359cd6d90be4de/elements - {"using":"xpath","value":"//table[contains(@id, \"smartFilterBar-filterItemControl_BASIC-YARD-valueHelpDialog-table-table\")]/tbody/tr"}
COMMAND: GET /session/1f4369c590cc015c24359cd6d90be4de/screenshot - {}
RESULT: {"using":"xpath","value":"//table[contains(@id, \"smartFilterBar-filterItemControl_BASIC-YARD-valueHelpDialog-table-table\")]/tbody/tr"}
COMMAND: POST /session/1f4369c590cc015c24359cd6d90be4de/element - {"using":"xpath","value":"//table[contains(@id, \"smartFilterBar-filterItemControl_BASIC-YARD-valueHelpDialog-table-table\")]/tbody/tr[1]/td[1]/div/span"}
RESULT: {}
RESULT: {"using":"xpath","value":"//table[contains(@id, \"smartFilterBar-filterItemControl_BASIC-YARD-valueHelpDialog-table-table\")]/tbody/tr[1]/td[1]/div/span"}
COMMAND: POST /session/1f4369c590cc015c24359cd6d90be4de/elements - {"using":"xpath","value":"//table[contains(@id, \"smartFilterBar-filterItemControl_BASIC-YARD-valueHelpDialog-table-table\")]/tbody/tr[1]/td[1]/div/span"}
RESULT: {"using":"xpath","value":"//table[contains(@id, \"smartFilterBar-filterItemControl_BASIC-YARD-valueHelpDialog-table-table\")]/tbody/tr[1]/td[1]/div/span"}
COMMAND: POST /session/1f4369c590cc015c24359cd6d90be4de/execute/sync - {"script":"<script> [56 bytes]","args":[{"element-6066-11e4-a52e-4f735466cecf":"f.8EC51792AE8EAD5CEC6F142478755B93.d.1B4D1EE2951047EE2B8FE18411BCDD0F.e.8074","ELEMENT":"f.8EC51792AE8EAD5CEC6F142478755B93.d.1B4D1EE2951047EE2B8FE18411BCDD0F.e.8074"}]}
RESULT: {"script":"<script> [56 bytes]","args":[{"element-6066-11e4-a52e-4f735466cecf":"f.8EC51792AE8EAD5CEC6F142478755B93.d.1B4D1EE2951047EE2B8FE18411BCDD0F.e.8074","ELEMENT":"f.8EC51792AE8EAD5CEC6F142478755B93.d.1B4D1EE2951047EE2B8FE18411BCDD0F.e.8074"}]}
COMMAND: POST /session/1f4369c590cc015c24359cd6d90be4de/element - {"using":"xpath","value":"//table[contains(@id, \"smartFilterBar-filterItemControl_BASIC-YARD-valueHelpDialog-table-table\")]/tbody/tr[2]/td[1]/div/span"}
COMMAND: GET /session/1f4369c590cc015c24359cd6d90be4de/screenshot - {}
RESULT: {"using":"xpath","value":"//table[contains(@id, \"smartFilterBar-filterItemControl_BASIC-YARD-valueHelpDialog-table-table\")]/tbody/tr[2]/td[1]/div/span"}
COMMAND: POST /session/1f4369c590cc015c24359cd6d90be4de/elements - {"using":"xpath","value":"//table[contains(@id, \"smartFilterBar-filterItemControl_BASIC-YARD-valueHelpDialog-table-table\")]/tbody/tr[2]/td[1]/div/span"}
RESULT: {}
RESULT: {"using":"xpath","value":"//table[contains(@id, \"smartFilterBar-filterItemControl_BASIC-YARD-valueHelpDialog-table-table\")]/tbody/tr[2]/td[1]/div/span"}
COMMAND: POST /session/1f4369c590cc015c24359cd6d90be4de/execute/sync - {"script":"<script> [56 bytes]","args":[{"element-6066-11e4-a52e-4f735466cecf":"f.8EC51792AE8EAD5CEC6F142478755B93.d.1B4D1EE2951047EE2B8FE18411BCDD0F.e.8075","ELEMENT":"f.8EC51792AE8EAD5CEC6F142478755B93.d.1B4D1EE2951047EE2B8FE18411BCDD0F.e.8075"}]}
RESULT: {"script":"<script> [56 bytes]","args":[{"element-6066-11e4-a52e-4f735466cecf":"f.8EC51792AE8EAD5CEC6F142478755B93.d.1B4D1EE2951047EE2B8FE18411BCDD0F.e.8075","ELEMENT":"f.8EC51792AE8EAD5CEC6F142478755B93.d.1B4D1EE2951047EE2B8FE18411BCDD0F.e.8075"}]}
COMMAND: POST /session/1f4369c590cc015c24359cd6d90be4de/element - {"using":"xpath","value":"//table[contains(@id, \"smartFilterBar-filterItemControl_BASIC-YARD-valueHelpDialog-table-table\")]/tbody/tr[3]/td[1]/div/span"}
COMMAND: GET /session/1f4369c590cc015c24359cd6d90be4de/screenshot - {}
RESULT: {"using":"xpath","value":"//table[contains(@id, \"smartFilterBar-filterItemControl_BASIC-YARD-valueHelpDialog-table-table\")]/tbody/tr[3]/td[1]/div/span"}
COMMAND: POST /session/1f4369c590cc015c24359cd6d90be4de/elements - {"using":"xpath","value":"//table[contains(@id, \"smartFilterBar-filterItemControl_BASIC-YARD-valueHelpDialog-table-table\")]/tbody/tr[3]/td[1]/div/span"}
RESULT: {}
RESULT: {"using":"xpath","value":"//table[contains(@id, \"smartFilterBar-filterItemControl_BASIC-YARD-valueHelpDialog-table-table\")]/tbody/tr[3]/td[1]/div/span"}
COMMAND: POST /session/1f4369c590cc015c24359cd6d90be4de/execute/sync - {"script":"<script> [56 bytes]","args":[{"element-6066-11e4-a52e-4f735466cecf":"f.8EC51792AE8EAD5CEC6F142478755B93.d.1B4D1EE2951047EE2B8FE18411BCDD0F.e.8076","ELEMENT":"f.8EC51792AE8EAD5CEC6F142478755B93.d.1B4D1EE2951047EE2B8FE18411BCDD0F.e.8076"}]}
RESULT: {"script":"<script> [56 bytes]","args":[{"element-6066-11e4-a52e-4f735466cecf":"f.8EC51792AE8EAD5CEC6F142478755B93.d.1B4D1EE2951047EE2B8FE18411BCDD0F.e.8076","ELEMENT":"f.8EC51792AE8EAD5CEC6F142478755B93.d.1B4D1EE2951047EE2B8FE18411BCDD0F.e.8076"}]}
COMMAND: POST /session/1f4369c590cc015c24359cd6d90be4de/element - {"using":"xpath","value":"//div[contains(@id, \"filterItemControl_BASIC-YARD-valueHelpDialog-table-rowsel2\")]"}
COMMAND: GET /session/1f4369c590cc015c24359cd6d90be4de/screenshot - {}
RESULT: {"using":"xpath","value":"//div[contains(@id, \"filterItemControl_BASIC-YARD-valueHelpDialog-table-rowsel2\")]"}
COMMAND: POST /session/1f4369c590cc015c24359cd6d90be4de/element/f.8EC51792AE8EAD5CEC6F142478755B93.d.1B4D1EE2951047EE2B8FE18411BCDD0F.e.8077/click - {}
RESULT: {}
RESULT: {}
COMMAND: GET /session/1f4369c590cc015c24359cd6d90be4de/screenshot - {}
RESULT: {}
COMMAND: POST /session/1f4369c590cc015c24359cd6d90be4de/element - {"using":"xpath","value":"(//bdi[contains(text(), \"OK\")])[1]"}
RESULT: {"using":"xpath","value":"(//bdi[contains(text(), \"OK\")])[1]"}
COMMAND: POST /session/1f4369c590cc015c24359cd6d90be4de/element/f.8EC51792AE8EAD5CEC6F142478755B93.d.1B4D1EE2951047EE2B8FE18411BCDD0F.e.8079/click - {}
RESULT: {}
COMMAND: GET /session/1f4369c590cc015c24359cd6d90be4de/screenshot - {}
RESULT: {}
COMMAND: POST /session/1f4369c590cc015c24359cd6d90be4de/element - {"using":"xpath","value":"//span[@id=\"application-managepartners-display-component---masterPtm--smartTable-header-inner\"]"}
RESULT: {"using":"xpath","value":"//span[@id=\"application-managepartners-display-component---masterPtm--smartTable-header-inner\"]"}
COMMAND: POST /session/1f4369c590cc015c24359cd6d90be4de/elements - {"using":"xpath","value":"//span[@id=\"application-managepartners-display-component---masterPtm--smartTable-header-inner\"]"}
RESULT: {"using":"xpath","value":"//span[@id=\"application-managepartners-display-component---masterPtm--smartTable-header-inner\"]"}
COMMAND: POST /session/1f4369c590cc015c24359cd6d90be4de/execute/sync - {"script":"<script> [56 bytes]","args":[{"element-6066-11e4-a52e-4f735466cecf":"f.8EC51792AE8EAD5CEC6F142478755B93.d.1B4D1EE2951047EE2B8FE18411BCDD0F.e.7779","ELEMENT":"f.8EC51792AE8EAD5CEC6F142478755B93.d.1B4D1EE2951047EE2B8FE18411BCDD0F.e.7779"}]}
RESULT: {"script":"<script> [56 bytes]","args":[{"element-6066-11e4-a52e-4f735466cecf":"f.8EC51792AE8EAD5CEC6F142478755B93.d.1B4D1EE2951047EE2B8FE18411BCDD0F.e.7779","ELEMENT":"f.8EC51792AE8EAD5CEC6F142478755B93.d.1B4D1EE2951047EE2B8FE18411BCDD0F.e.7779"}]}
COMMAND: POST /session/1f4369c590cc015c24359cd6d90be4de/element - {"using":"xpath","value":"//span[contains(@title, \"Remove\")]"}
COMMAND: GET /session/1f4369c590cc015c24359cd6d90be4de/screenshot - {}
RESULT: {"using":"xpath","value":"//span[contains(@title, \"Remove\")]"}
COMMAND: POST /session/1f4369c590cc015c24359cd6d90be4de/element/f.8EC51792AE8EAD5CEC6F142478755B93.d.1B4D1EE2951047EE2B8FE18411BCDD0F.e.8092/click - {}
RESULT: {}
RESULT: {}
COMMAND: GET /session/1f4369c590cc015c24359cd6d90be4de/screenshot - {}
RESULT: {}
RESULT: undefined
COMMAND: POST /session/1f4369c590cc015c24359cd6d90be4de/element - {"using":"xpath","value":"//*[@id=\"application-managepartners-display-component---masterPtm--smartFilterBar-filterItemControl_BASIC-MAIN_ADDRESS-vhi\"]"}
RESULT: {"using":"xpath","value":"//*[@id=\"application-managepartners-display-component---masterPtm--smartFilterBar-filterItemControl_BASIC-MAIN_ADDRESS-vhi\"]"}
COMMAND: POST /session/1f4369c590cc015c24359cd6d90be4de/element/f.8EC51792AE8EAD5CEC6F142478755B93.d.1B4D1EE2951047EE2B8FE18411BCDD0F.e.8198/click - {}
RESULT: {}
COMMAND: GET /session/1f4369c590cc015c24359cd6d90be4de/screenshot - {}
RESULT: {}
RESULT: undefined
COMMAND: POST /session/1f4369c590cc015c24359cd6d90be4de/execute/async - {"script":"<script> [776 bytes]","args":[{"enterText":"Romania","selector":{"id":"application-managepartners-display-component---masterPtm--smartFilterBar-filterItemControl_BASIC-MAIN_ADDRESS-valueHelpDialog-smartFilterBar-btnBasicSearch","searchOpenDialogs":true,"interaction":{"idSuffix":"I"}},"clearTextFirst":true,"interactionType":"ENTER_TEXT"}]}
RESULT: {"script":"<script> [776 bytes]","args":[{"enterText":"Romania","selector":{"id":"application-managepartners-display-component---masterPtm--smartFilterBar-filterItemControl_BASIC-MAIN_ADDRESS-valueHelpDialog-smartFilterBar-btnBasicSearch","searchOpenDialogs":true,"interaction":{"idSuffix":"I"}},"clearTextFirst":true,"interactionType":"ENTER_TEXT"}]}
COMMAND: POST /session/1f4369c590cc015c24359cd6d90be4de/actions - {"actions":[{"id":"action24","type":"key","parameters":{},"actions":[{"type":"keyDown","value":""},{"type":"pause","duration":10},{"type":"keyUp","value":""}]}]}
RESULT: {"actions":[{"id":"action24","type":"key","parameters":{},"actions":[{"type":"keyDown","value":""},{"type":"pause","duration":10},{"type":"keyUp","value":""}]}]}
COMMAND: POST /session/1f4369c590cc015c24359cd6d90be4de/elements - {"using":"xpath","value":"//table[contains(@id, \"smartFilterBar-filterItemControl_BASIC-MAIN_ADDRESS-valueHelpDialog-table-table\")]/tbody/tr"}
COMMAND: GET /session/1f4369c590cc015c24359cd6d90be4de/screenshot - {}
RESULT: {"using":"xpath","value":"//table[contains(@id, \"smartFilterBar-filterItemControl_BASIC-MAIN_ADDRESS-valueHelpDialog-table-table\")]/tbody/tr"}
COMMAND: POST /session/1f4369c590cc015c24359cd6d90be4de/element - {"using":"xpath","value":"//table[contains(@id, \"smartFilterBar-filterItemControl_BASIC-MAIN_ADDRESS-valueHelpDialog-table-table\")]/tbody/tr[1]/td[1]/div/span"}
RESULT: {}
RESULT: {"using":"xpath","value":"//table[contains(@id, \"smartFilterBar-filterItemControl_BASIC-MAIN_ADDRESS-valueHelpDialog-table-table\")]/tbody/tr[1]/td[1]/div/span"}
COMMAND: POST /session/1f4369c590cc015c24359cd6d90be4de/elements - {"using":"xpath","value":"//table[contains(@id, \"smartFilterBar-filterItemControl_BASIC-MAIN_ADDRESS-valueHelpDialog-table-table\")]/tbody/tr[1]/td[1]/div/span"}
RESULT: {"using":"xpath","value":"//table[contains(@id, \"smartFilterBar-filterItemControl_BASIC-MAIN_ADDRESS-valueHelpDialog-table-table\")]/tbody/tr[1]/td[1]/div/span"}
COMMAND: POST /session/1f4369c590cc015c24359cd6d90be4de/execute/sync - {"script":"<script> [56 bytes]","args":[{"element-6066-11e4-a52e-4f735466cecf":"f.8EC51792AE8EAD5CEC6F142478755B93.d.1B4D1EE2951047EE2B8FE18411BCDD0F.e.8219","ELEMENT":"f.8EC51792AE8EAD5CEC6F142478755B93.d.1B4D1EE2951047EE2B8FE18411BCDD0F.e.8219"}]}
RESULT: {"script":"<script> [56 bytes]","args":[{"element-6066-11e4-a52e-4f735466cecf":"f.8EC51792AE8EAD5CEC6F142478755B93.d.1B4D1EE2951047EE2B8FE18411BCDD0F.e.8219","ELEMENT":"f.8EC51792AE8EAD5CEC6F142478755B93.d.1B4D1EE2951047EE2B8FE18411BCDD0F.e.8219"}]}
COMMAND: POST /session/1f4369c590cc015c24359cd6d90be4de/element - {"using":"xpath","value":"//div[contains(@id, \"filterItemControl_BASIC-MAIN_ADDRESS-valueHelpDialog-table-rowsel0\")]"}
COMMAND: GET /session/1f4369c590cc015c24359cd6d90be4de/screenshot - {}
RESULT: {"using":"xpath","value":"//div[contains(@id, \"filterItemControl_BASIC-MAIN_ADDRESS-valueHelpDialog-table-rowsel0\")]"}
COMMAND: POST /session/1f4369c590cc015c24359cd6d90be4de/element/f.8EC51792AE8EAD5CEC6F142478755B93.d.1B4D1EE2951047EE2B8FE18411BCDD0F.e.8220/click - {}
RESULT: {}
RESULT: {}
COMMAND: GET /session/1f4369c590cc015c24359cd6d90be4de/screenshot - {}
RESULT: {}
COMMAND: POST /session/1f4369c590cc015c24359cd6d90be4de/element - {"using":"xpath","value":"(//bdi[contains(text(), \"OK\")])[1]"}
RESULT: {"using":"xpath","value":"(//bdi[contains(text(), \"OK\")])[1]"}
COMMAND: POST /session/1f4369c590cc015c24359cd6d90be4de/element/f.8EC51792AE8EAD5CEC6F142478755B93.d.1B4D1EE2951047EE2B8FE18411BCDD0F.e.8222/click - {}
RESULT: {}
COMMAND: GET /session/1f4369c590cc015c24359cd6d90be4de/screenshot - {}
RESULT: {}
COMMAND: POST /session/1f4369c590cc015c24359cd6d90be4de/element - {"using":"xpath","value":"//span[@id=\"application-managepartners-display-component---masterPtm--smartTable-header-inner\"]"}
RESULT: {"using":"xpath","value":"//span[@id=\"application-managepartners-display-component---masterPtm--smartTable-header-inner\"]"}
COMMAND: POST /session/1f4369c590cc015c24359cd6d90be4de/elements - {"using":"xpath","value":"//span[@id=\"application-managepartners-display-component---masterPtm--smartTable-header-inner\"]"}
RESULT: {"using":"xpath","value":"//span[@id=\"application-managepartners-display-component---masterPtm--smartTable-header-inner\"]"}
COMMAND: POST /session/1f4369c590cc015c24359cd6d90be4de/execute/sync - {"script":"<script> [56 bytes]","args":[{"element-6066-11e4-a52e-4f735466cecf":"f.8EC51792AE8EAD5CEC6F142478755B93.d.1B4D1EE2951047EE2B8FE18411BCDD0F.e.7779","ELEMENT":"f.8EC51792AE8EAD5CEC6F142478755B93.d.1B4D1EE2951047EE2B8FE18411BCDD0F.e.7779"}]}
RESULT: {"script":"<script> [56 bytes]","args":[{"element-6066-11e4-a52e-4f735466cecf":"f.8EC51792AE8EAD5CEC6F142478755B93.d.1B4D1EE2951047EE2B8FE18411BCDD0F.e.7779","ELEMENT":"f.8EC51792AE8EAD5CEC6F142478755B93.d.1B4D1EE2951047EE2B8FE18411BCDD0F.e.7779"}]}
COMMAND: POST /session/1f4369c590cc015c24359cd6d90be4de/element - {"using":"xpath","value":"//span[contains(@title, \"Remove\")]"}
COMMAND: GET /session/1f4369c590cc015c24359cd6d90be4de/screenshot - {}
RESULT: {"using":"xpath","value":"//span[contains(@title, \"Remove\")]"}
COMMAND: POST /session/1f4369c590cc015c24359cd6d90be4de/element/f.8EC51792AE8EAD5CEC6F142478755B93.d.1B4D1EE2951047EE2B8FE18411BCDD0F.e.8235/click - {}
RESULT: {}
RESULT: {}
COMMAND: GET /session/1f4369c590cc015c24359cd6d90be4de/screenshot - {}
RESULT: {}
COMMAND: POST /session/1f4369c590cc015c24359cd6d90be4de/execute/async - {"script":"<script> [1562 bytes]","args":[{"selector":{"id":"application-managepartners-display-component---masterPtm--catalogs-arrow"},"wdio_ui5_key":"applicationmanagepartners-display-component---masterPtm--catalogs-arrow"}]}
RESULT: {"script":"<script> [1562 bytes]","args":[{"selector":{"id":"application-managepartners-display-component---masterPtm--catalogs-arrow"},"wdio_ui5_key":"applicationmanagepartners-display-component---masterPtm--catalogs-arrow"}]}
RESULT: undefined
COMMAND: POST /session/1f4369c590cc015c24359cd6d90be4de/element - {"using":"xpath","value":"//*[@id=\"application-managepartners-display-component---masterPtm--catalogs-arrow\"]"}
RESULT: {"using":"xpath","value":"//*[@id=\"application-managepartners-display-component---masterPtm--catalogs-arrow\"]"}
COMMAND: POST /session/1f4369c590cc015c24359cd6d90be4de/element/f.8EC51792AE8EAD5CEC6F142478755B93.d.1B4D1EE2951047EE2B8FE18411BCDD0F.e.8341/click - {}
RESULT: {}
COMMAND: GET /session/1f4369c590cc015c24359cd6d90be4de/screenshot - {}
RESULT: {}
COMMAND: POST /session/1f4369c590cc015c24359cd6d90be4de/element - {"using":"xpath","value":"//li[.//span[text()=\"Webshop Catalog\"]]//div[contains(@class,\"sapMCbBg\")]"}
RESULT: {"using":"xpath","value":"//li[.//span[text()=\"Webshop Catalog\"]]//div[contains(@class,\"sapMCbBg\")]"}
COMMAND: POST /session/1f4369c590cc015c24359cd6d90be4de/element/f.8EC51792AE8EAD5CEC6F142478755B93.d.1B4D1EE2951047EE2B8FE18411BCDD0F.e.8353/click - {}
RESULT: {}
COMMAND: GET /session/1f4369c590cc015c24359cd6d90be4de/screenshot - {}
RESULT: {}
RESULT: undefined
COMMAND: POST /session/1f4369c590cc015c24359cd6d90be4de/element - {"using":"xpath","value":"//*[@id=\"application-managepartners-display-component---masterPtm--catalogs-arrow\"]"}
RESULT: {"using":"xpath","value":"//*[@id=\"application-managepartners-display-component---masterPtm--catalogs-arrow\"]"}
COMMAND: POST /session/1f4369c590cc015c24359cd6d90be4de/element/f.8EC51792AE8EAD5CEC6F142478755B93.d.1B4D1EE2951047EE2B8FE18411BCDD0F.e.8341/click - {}
RESULT: {}
COMMAND: POST /session/1f4369c590cc015c24359cd6d90be4de/element - {"using":"xpath","value":"//span[@id=\"application-managepartners-display-component---masterPtm--smartTable-header-inner\"]"}
COMMAND: GET /session/1f4369c590cc015c24359cd6d90be4de/screenshot - {}
RESULT: {"using":"xpath","value":"//span[@id=\"application-managepartners-display-component---masterPtm--smartTable-header-inner\"]"}
COMMAND: POST /session/1f4369c590cc015c24359cd6d90be4de/elements - {"using":"xpath","value":"//span[@id=\"application-managepartners-display-component---masterPtm--smartTable-header-inner\"]"}
RESULT: {}
RESULT: {"using":"xpath","value":"//span[@id=\"application-managepartners-display-component---masterPtm--smartTable-header-inner\"]"}
COMMAND: POST /session/1f4369c590cc015c24359cd6d90be4de/execute/sync - {"script":"<script> [56 bytes]","args":[{"element-6066-11e4-a52e-4f735466cecf":"f.8EC51792AE8EAD5CEC6F142478755B93.d.1B4D1EE2951047EE2B8FE18411BCDD0F.e.7779","ELEMENT":"f.8EC51792AE8EAD5CEC6F142478755B93.d.1B4D1EE2951047EE2B8FE18411BCDD0F.e.7779"}]}
RESULT: {"script":"<script> [56 bytes]","args":[{"element-6066-11e4-a52e-4f735466cecf":"f.8EC51792AE8EAD5CEC6F142478755B93.d.1B4D1EE2951047EE2B8FE18411BCDD0F.e.7779","ELEMENT":"f.8EC51792AE8EAD5CEC6F142478755B93.d.1B4D1EE2951047EE2B8FE18411BCDD0F.e.7779"}]}
COMMAND: POST /session/1f4369c590cc015c24359cd6d90be4de/element - {"using":"xpath","value":"//span[contains(@title, \"Remove\")]"}
COMMAND: GET /session/1f4369c590cc015c24359cd6d90be4de/screenshot - {}
RESULT: {"using":"xpath","value":"//span[contains(@title, \"Remove\")]"}
COMMAND: POST /session/1f4369c590cc015c24359cd6d90be4de/element/f.8EC51792AE8EAD5CEC6F142478755B93.d.1B4D1EE2951047EE2B8FE18411BCDD0F.e.8377/click - {}
RESULT: {}
RESULT: {}
COMMAND: GET /session/1f4369c590cc015c24359cd6d90be4de/screenshot - {}
RESULT: {}
COMMAND: POST /session/1f4369c590cc015c24359cd6d90be4de/execute/async - {"script":"<script> [1562 bytes]","args":[{"selector":{"id":"application-managepartners-display-component---masterPtm--currencies-arrow"},"wdio_ui5_key":"applicationmanagepartners-display-component---masterPtm--currencies-arrow"}]}
RESULT: {"script":"<script> [1562 bytes]","args":[{"selector":{"id":"application-managepartners-display-component---masterPtm--currencies-arrow"},"wdio_ui5_key":"applicationmanagepartners-display-component---masterPtm--currencies-arrow"}]}
RESULT: undefined
COMMAND: POST /session/1f4369c590cc015c24359cd6d90be4de/element - {"using":"xpath","value":"//*[@id=\"application-managepartners-display-component---masterPtm--currencies-arrow\"]"}
RESULT: {"using":"xpath","value":"//*[@id=\"application-managepartners-display-component---masterPtm--currencies-arrow\"]"}
COMMAND: POST /session/1f4369c590cc015c24359cd6d90be4de/element/f.8EC51792AE8EAD5CEC6F142478755B93.d.1B4D1EE2951047EE2B8FE18411BCDD0F.e.8495/click - {}
RESULT: {}
COMMAND: GET /session/1f4369c590cc015c24359cd6d90be4de/screenshot - {}
RESULT: {}
COMMAND: POST /session/1f4369c590cc015c24359cd6d90be4de/element - {"using":"xpath","value":"//li[.//span[text()=\"US Dollar\"]]//div[contains(@class,\"sapMCbBg\")]"}
RESULT: {"using":"xpath","value":"//li[.//span[text()=\"US Dollar\"]]//div[contains(@class,\"sapMCbBg\")]"}
COMMAND: POST /session/1f4369c590cc015c24359cd6d90be4de/element/f.8EC51792AE8EAD5CEC6F142478755B93.d.1B4D1EE2951047EE2B8FE18411BCDD0F.e.8498/click - {}
RESULT: {}
COMMAND: GET /session/1f4369c590cc015c24359cd6d90be4de/screenshot - {}
RESULT: {}
RESULT: undefined
COMMAND: POST /session/1f4369c590cc015c24359cd6d90be4de/element - {"using":"xpath","value":"//*[@id=\"application-managepartners-display-component---masterPtm--currencies-arrow\"]"}
RESULT: {"using":"xpath","value":"//*[@id=\"application-managepartners-display-component---masterPtm--currencies-arrow\"]"}
COMMAND: POST /session/1f4369c590cc015c24359cd6d90be4de/element/f.8EC51792AE8EAD5CEC6F142478755B93.d.1B4D1EE2951047EE2B8FE18411BCDD0F.e.8495/click - {}
RESULT: {}
COMMAND: POST /session/1f4369c590cc015c24359cd6d90be4de/element - {"using":"xpath","value":"//span[@id=\"application-managepartners-display-component---masterPtm--smartTable-header-inner\"]"}
COMMAND: GET /session/1f4369c590cc015c24359cd6d90be4de/screenshot - {}
RESULT: {"using":"xpath","value":"//span[@id=\"application-managepartners-display-component---masterPtm--smartTable-header-inner\"]"}
COMMAND: POST /session/1f4369c590cc015c24359cd6d90be4de/elements - {"using":"xpath","value":"//span[@id=\"application-managepartners-display-component---masterPtm--smartTable-header-inner\"]"}
RESULT: {}
RESULT: {"using":"xpath","value":"//span[@id=\"application-managepartners-display-component---masterPtm--smartTable-header-inner\"]"}
COMMAND: POST /session/1f4369c590cc015c24359cd6d90be4de/execute/sync - {"script":"<script> [56 bytes]","args":[{"element-6066-11e4-a52e-4f735466cecf":"f.8EC51792AE8EAD5CEC6F142478755B93.d.1B4D1EE2951047EE2B8FE18411BCDD0F.e.7779","ELEMENT":"f.8EC51792AE8EAD5CEC6F142478755B93.d.1B4D1EE2951047EE2B8FE18411BCDD0F.e.7779"}]}
RESULT: {"script":"<script> [56 bytes]","args":[{"element-6066-11e4-a52e-4f735466cecf":"f.8EC51792AE8EAD5CEC6F142478755B93.d.1B4D1EE2951047EE2B8FE18411BCDD0F.e.7779","ELEMENT":"f.8EC51792AE8EAD5CEC6F142478755B93.d.1B4D1EE2951047EE2B8FE18411BCDD0F.e.7779"}]}
COMMAND: POST /session/1f4369c590cc015c24359cd6d90be4de/element - {"using":"xpath","value":"//span[contains(@title, \"Remove\")]"}
COMMAND: GET /session/1f4369c590cc015c24359cd6d90be4de/screenshot - {}
RESULT: {"using":"xpath","value":"//span[contains(@title, \"Remove\")]"}
COMMAND: POST /session/1f4369c590cc015c24359cd6d90be4de/element/f.8EC51792AE8EAD5CEC6F142478755B93.d.1B4D1EE2951047EE2B8FE18411BCDD0F.e.8506/click - {}
RESULT: {}
RESULT: {}
COMMAND: GET /session/1f4369c590cc015c24359cd6d90be4de/screenshot - {}
RESULT: {}
COMMAND: POST /session/1f4369c590cc015c24359cd6d90be4de/execute/async - {"script":"<script> [1562 bytes]","args":[{"selector":{"id":"application-managepartners-display-component---masterPtm--languages-arrow"},"wdio_ui5_key":"applicationmanagepartners-display-component---masterPtm--languages-arrow"}]}
RESULT: {"script":"<script> [1562 bytes]","args":[{"selector":{"id":"application-managepartners-display-component---masterPtm--languages-arrow"},"wdio_ui5_key":"applicationmanagepartners-display-component---masterPtm--languages-arrow"}]}
RESULT: undefined
COMMAND: POST /session/1f4369c590cc015c24359cd6d90be4de/element - {"using":"xpath","value":"//*[@id=\"application-managepartners-display-component---masterPtm--languages-arrow\"]"}
RESULT: {"using":"xpath","value":"//*[@id=\"application-managepartners-display-component---masterPtm--languages-arrow\"]"}
COMMAND: POST /session/1f4369c590cc015c24359cd6d90be4de/element/f.8EC51792AE8EAD5CEC6F142478755B93.d.1B4D1EE2951047EE2B8FE18411BCDD0F.e.8563/click - {}
RESULT: {}
COMMAND: GET /session/1f4369c590cc015c24359cd6d90be4de/screenshot - {}
RESULT: {}
COMMAND: POST /session/1f4369c590cc015c24359cd6d90be4de/element - {"using":"xpath","value":"//li[.//span[text()=\"German\"]]//div[contains(@class,\"sapMCbBg\")]"}
RESULT: {"using":"xpath","value":"//li[.//span[text()=\"German\"]]//div[contains(@class,\"sapMCbBg\")]"}
COMMAND: POST /session/1f4369c590cc015c24359cd6d90be4de/element/f.8EC51792AE8EAD5CEC6F142478755B93.d.1B4D1EE2951047EE2B8FE18411BCDD0F.e.8607/click - {}
RESULT: {}
COMMAND: GET /session/1f4369c590cc015c24359cd6d90be4de/screenshot - {}
RESULT: {}
RESULT: undefined
COMMAND: POST /session/1f4369c590cc015c24359cd6d90be4de/element - {"using":"xpath","value":"//*[@id=\"application-managepartners-display-component---masterPtm--languages-arrow\"]"}
RESULT: {"using":"xpath","value":"//*[@id=\"application-managepartners-display-component---masterPtm--languages-arrow\"]"}
COMMAND: POST /session/1f4369c590cc015c24359cd6d90be4de/element/f.8EC51792AE8EAD5CEC6F142478755B93.d.1B4D1EE2951047EE2B8FE18411BCDD0F.e.8563/click - {}
RESULT: {}
COMMAND: POST /session/1f4369c590cc015c24359cd6d90be4de/element - {"using":"xpath","value":"//span[@id=\"application-managepartners-display-component---masterPtm--smartTable-header-inner\"]"}
COMMAND: GET /session/1f4369c590cc015c24359cd6d90be4de/screenshot - {}
RESULT: {"using":"xpath","value":"//span[@id=\"application-managepartners-display-component---masterPtm--smartTable-header-inner\"]"}
COMMAND: POST /session/1f4369c590cc015c24359cd6d90be4de/elements - {"using":"xpath","value":"//span[@id=\"application-managepartners-display-component---masterPtm--smartTable-header-inner\"]"}
RESULT: {}
RESULT: {"using":"xpath","value":"//span[@id=\"application-managepartners-display-component---masterPtm--smartTable-header-inner\"]"}
COMMAND: POST /session/1f4369c590cc015c24359cd6d90be4de/execute/sync - {"script":"<script> [56 bytes]","args":[{"element-6066-11e4-a52e-4f735466cecf":"f.8EC51792AE8EAD5CEC6F142478755B93.d.1B4D1EE2951047EE2B8FE18411BCDD0F.e.7779","ELEMENT":"f.8EC51792AE8EAD5CEC6F142478755B93.d.1B4D1EE2951047EE2B8FE18411BCDD0F.e.7779"}]}
RESULT: {"script":"<script> [56 bytes]","args":[{"element-6066-11e4-a52e-4f735466cecf":"f.8EC51792AE8EAD5CEC6F142478755B93.d.1B4D1EE2951047EE2B8FE18411BCDD0F.e.7779","ELEMENT":"f.8EC51792AE8EAD5CEC6F142478755B93.d.1B4D1EE2951047EE2B8FE18411BCDD0F.e.7779"}]}
COMMAND: POST /session/1f4369c590cc015c24359cd6d90be4de/element - {"using":"css selector","value":"#shell-header-logo"}
COMMAND: GET /session/1f4369c590cc015c24359cd6d90be4de/screenshot - {}
RESULT: {"using":"css selector","value":"#shell-header-logo"}
COMMAND: POST /session/1f4369c590cc015c24359cd6d90be4de/element/f.8EC51792AE8EAD5CEC6F142478755B93.d.1B4D1EE2951047EE2B8FE18411BCDD0F.e.7611/click - {}
RESULT: {}
RESULT: {}
COMMAND: GET /session/1f4369c590cc015c24359cd6d90be4de/screenshot - {}
RESULT: {}
COMMAND: DELETE /session/1f4369c590cc015c24359cd6d90be4de - {}
RESULT: {}
]]></system-out>
    </testcase>
  </testsuite>
</testsuites>