<?xml version="1.0" encoding="UTF-8"?>
<testsuites tests="13" failures="1" errors="1" skipped="2">
  <testsuite timestamp="2025-04-29T17:27:11" time="1451.67" tests="13" failures="1" errors="1" skipped="2">
    <properties>
      <property name="specId" value="0" />
      <property name="suiteName" value="Partner specific tests US150819 US151080 US151654 US151176 US103444 US151078 US151079 US151109 US151174 US151175 US151189" />
      <property name="capabilities" value="chrome.135_0_7049_96.windows" />
      <property name="file" value="file:///D:/a/1/s/test/specs/BTS/manage-partners.spec.js" />
    </properties>
    <testcase classname="chrome.135_0_7049_96.windows.Partner_specific_tests_US150819_US151080_US151654_US151176_US103444_US151078_US151079_US151109_US151174_US151175_US151189" name="Should create a new yard prerequisite" time="106.642">
      <system-out><![CDATA[
COMMAND: POST /session/10905aa29ded037ab27490674a12b44a/window/fullscreen - {}
RESULT: {}
COMMAND: POST /session/10905aa29ded037ab27490674a12b44a/element - {"using":"xpath","value":"//li[.//span[text()=\"Manage Partners\"]]"}
RESULT: {"using":"xpath","value":"//li[.//span[text()=\"Manage Partners\"]]"}
COMMAND: POST /session/10905aa29ded037ab27490674a12b44a/element - {"using":"xpath","value":"//li[.//span[text()=\"Manage Partners\"]]"}
RESULT: {"using":"xpath","value":"//li[.//span[text()=\"Manage Partners\"]]"}
COMMAND: POST /session/10905aa29ded037ab27490674a12b44a/element - {"using":"css selector","value":"#shell-header-logo"}
RESULT: {"using":"css selector","value":"#shell-header-logo"}
COMMAND: POST /session/10905aa29ded037ab27490674a12b44a/element/f.0F422B68595C6480DC5AFCDC2C3D17C2.d.419C208B75AA5E06D91E3CEE66E3ADC9.e.267/click - {}
COMMAND: POST /session/10905aa29ded037ab27490674a12b44a/execute/sync - {"script":"<script> [8489 bytes]","args":[{"element-6066-11e4-a52e-4f735466cecf":"f.0F422B68595C6480DC5AFCDC2C3D17C2.d.419C208B75AA5E06D91E3CEE66E3ADC9.e.267","ELEMENT":"f.0F422B68595C6480DC5AFCDC2C3D17C2.d.419C208B75AA5E06D91E3CEE66E3ADC9.e.267"}]}
RESULT: {"script":"<script> [8489 bytes]","args":[{"element-6066-11e4-a52e-4f735466cecf":"f.0F422B68595C6480DC5AFCDC2C3D17C2.d.419C208B75AA5E06D91E3CEE66E3ADC9.e.267","ELEMENT":"f.0F422B68595C6480DC5AFCDC2C3D17C2.d.419C208B75AA5E06D91E3CEE66E3ADC9.e.267"}]}
COMMAND: POST /session/10905aa29ded037ab27490674a12b44a/execute/sync - {"script":"<script> [5351 bytes]","args":[{"element-6066-11e4-a52e-4f735466cecf":"f.0F422B68595C6480DC5AFCDC2C3D17C2.d.419C208B75AA5E06D91E3CEE66E3ADC9.e.267","ELEMENT":"f.0F422B68595C6480DC5AFCDC2C3D17C2.d.419C208B75AA5E06D91E3CEE66E3ADC9.e.267"}]}
COMMAND: GET /session/10905aa29ded037ab27490674a12b44a/screenshot - {}
RESULT: {}
COMMAND: GET /session/10905aa29ded037ab27490674a12b44a/screenshot - {}
RESULT: {"script":"<script> [5351 bytes]","args":[{"element-6066-11e4-a52e-4f735466cecf":"f.0F422B68595C6480DC5AFCDC2C3D17C2.d.419C208B75AA5E06D91E3CEE66E3ADC9.e.267","ELEMENT":"f.0F422B68595C6480DC5AFCDC2C3D17C2.d.419C208B75AA5E06D91E3CEE66E3ADC9.e.267"}]}
COMMAND: GET /session/10905aa29ded037ab27490674a12b44a/screenshot - {}
RESULT: {}
RESULT: {}
RESULT: {}
COMMAND: POST /session/10905aa29ded037ab27490674a12b44a/execute/async - {"script":"<script> [1562 bytes]","args":[{"selector":{"controlType":"sap.m.GenericTile","properties":{"header":"Manage Yards"}},"wdio_ui5_key":"sapm.GenericTile{\"header\":\"Manage Yards\"}"}]}
RESULT: {"script":"<script> [1562 bytes]","args":[{"selector":{"controlType":"sap.m.GenericTile","properties":{"header":"Manage Yards"}},"wdio_ui5_key":"sapm.GenericTile{\"header\":\"Manage Yards\"}"}]}
RESULT: undefined
COMMAND: POST /session/10905aa29ded037ab27490674a12b44a/element - {"using":"xpath","value":"//*[@id=\"__tile41\"]"}
RESULT: {"using":"xpath","value":"//*[@id=\"__tile41\"]"}
COMMAND: POST /session/10905aa29ded037ab27490674a12b44a/element/f.0F422B68595C6480DC5AFCDC2C3D17C2.d.419C208B75AA5E06D91E3CEE66E3ADC9.e.162/click - {}
RESULT: {}
COMMAND: POST /session/10905aa29ded037ab27490674a12b44a/element - {"using":"xpath","value":"//button[@data-kt=\"addNewYardOverflowToolbarButton\"]"}
COMMAND: GET /session/10905aa29ded037ab27490674a12b44a/screenshot - {}
RESULT: {"using":"xpath","value":"//button[@data-kt=\"addNewYardOverflowToolbarButton\"]"}
COMMAND: POST /session/10905aa29ded037ab27490674a12b44a/elements - {"using":"xpath","value":"//button[@data-kt=\"addNewYardOverflowToolbarButton\"]"}
RESULT: {}
RESULT: {"using":"xpath","value":"//button[@data-kt=\"addNewYardOverflowToolbarButton\"]"}
COMMAND: POST /session/10905aa29ded037ab27490674a12b44a/elements - {"using":"xpath","value":"//button[@data-kt=\"addNewYardOverflowToolbarButton\"]"}
RESULT: {"using":"xpath","value":"//button[@data-kt=\"addNewYardOverflowToolbarButton\"]"}
COMMAND: POST /session/10905aa29ded037ab27490674a12b44a/elements - {"using":"xpath","value":"//button[@data-kt=\"addNewYardOverflowToolbarButton\"]"}
RESULT: {"using":"xpath","value":"//button[@data-kt=\"addNewYardOverflowToolbarButton\"]"}
COMMAND: POST /session/10905aa29ded037ab27490674a12b44a/elements - {"using":"xpath","value":"//button[@data-kt=\"addNewYardOverflowToolbarButton\"]"}
RESULT: {"using":"xpath","value":"//button[@data-kt=\"addNewYardOverflowToolbarButton\"]"}
COMMAND: POST /session/10905aa29ded037ab27490674a12b44a/elements - {"using":"xpath","value":"//button[@data-kt=\"addNewYardOverflowToolbarButton\"]"}
RESULT: {"using":"xpath","value":"//button[@data-kt=\"addNewYardOverflowToolbarButton\"]"}
COMMAND: POST /session/10905aa29ded037ab27490674a12b44a/elements - {"using":"xpath","value":"//button[@data-kt=\"addNewYardOverflowToolbarButton\"]"}
RESULT: {"using":"xpath","value":"//button[@data-kt=\"addNewYardOverflowToolbarButton\"]"}
COMMAND: POST /session/10905aa29ded037ab27490674a12b44a/elements - {"using":"xpath","value":"//button[@data-kt=\"addNewYardOverflowToolbarButton\"]"}
RESULT: {"using":"xpath","value":"//button[@data-kt=\"addNewYardOverflowToolbarButton\"]"}
COMMAND: POST /session/10905aa29ded037ab27490674a12b44a/elements - {"using":"xpath","value":"//button[@data-kt=\"addNewYardOverflowToolbarButton\"]"}
RESULT: {"using":"xpath","value":"//button[@data-kt=\"addNewYardOverflowToolbarButton\"]"}
COMMAND: POST /session/10905aa29ded037ab27490674a12b44a/elements - {"using":"xpath","value":"//button[@data-kt=\"addNewYardOverflowToolbarButton\"]"}
RESULT: {"using":"xpath","value":"//button[@data-kt=\"addNewYardOverflowToolbarButton\"]"}
COMMAND: POST /session/10905aa29ded037ab27490674a12b44a/elements - {"using":"xpath","value":"//button[@data-kt=\"addNewYardOverflowToolbarButton\"]"}
RESULT: {"using":"xpath","value":"//button[@data-kt=\"addNewYardOverflowToolbarButton\"]"}
COMMAND: POST /session/10905aa29ded037ab27490674a12b44a/elements - {"using":"xpath","value":"//button[@data-kt=\"addNewYardOverflowToolbarButton\"]"}
RESULT: {"using":"xpath","value":"//button[@data-kt=\"addNewYardOverflowToolbarButton\"]"}
COMMAND: POST /session/10905aa29ded037ab27490674a12b44a/elements - {"using":"xpath","value":"//button[@data-kt=\"addNewYardOverflowToolbarButton\"]"}
RESULT: {"using":"xpath","value":"//button[@data-kt=\"addNewYardOverflowToolbarButton\"]"}
COMMAND: POST /session/10905aa29ded037ab27490674a12b44a/elements - {"using":"xpath","value":"//button[@data-kt=\"addNewYardOverflowToolbarButton\"]"}
RESULT: {"using":"xpath","value":"//button[@data-kt=\"addNewYardOverflowToolbarButton\"]"}
COMMAND: POST /session/10905aa29ded037ab27490674a12b44a/elements - {"using":"xpath","value":"//button[@data-kt=\"addNewYardOverflowToolbarButton\"]"}
RESULT: {"using":"xpath","value":"//button[@data-kt=\"addNewYardOverflowToolbarButton\"]"}
COMMAND: POST /session/10905aa29ded037ab27490674a12b44a/elements - {"using":"xpath","value":"//button[@data-kt=\"addNewYardOverflowToolbarButton\"]"}
RESULT: {"using":"xpath","value":"//button[@data-kt=\"addNewYardOverflowToolbarButton\"]"}
COMMAND: POST /session/10905aa29ded037ab27490674a12b44a/elements - {"using":"xpath","value":"//button[@data-kt=\"addNewYardOverflowToolbarButton\"]"}
RESULT: {"using":"xpath","value":"//button[@data-kt=\"addNewYardOverflowToolbarButton\"]"}
COMMAND: POST /session/10905aa29ded037ab27490674a12b44a/elements - {"using":"xpath","value":"//button[@data-kt=\"addNewYardOverflowToolbarButton\"]"}
RESULT: {"using":"xpath","value":"//button[@data-kt=\"addNewYardOverflowToolbarButton\"]"}
COMMAND: POST /session/10905aa29ded037ab27490674a12b44a/elements - {"using":"xpath","value":"//button[@data-kt=\"addNewYardOverflowToolbarButton\"]"}
RESULT: {"using":"xpath","value":"//button[@data-kt=\"addNewYardOverflowToolbarButton\"]"}
COMMAND: POST /session/10905aa29ded037ab27490674a12b44a/elements - {"using":"xpath","value":"//button[@data-kt=\"addNewYardOverflowToolbarButton\"]"}
RESULT: {"using":"xpath","value":"//button[@data-kt=\"addNewYardOverflowToolbarButton\"]"}
COMMAND: POST /session/10905aa29ded037ab27490674a12b44a/elements - {"using":"xpath","value":"//button[@data-kt=\"addNewYardOverflowToolbarButton\"]"}
RESULT: {"using":"xpath","value":"//button[@data-kt=\"addNewYardOverflowToolbarButton\"]"}
COMMAND: POST /session/10905aa29ded037ab27490674a12b44a/elements - {"using":"xpath","value":"//button[@data-kt=\"addNewYardOverflowToolbarButton\"]"}
RESULT: {"using":"xpath","value":"//button[@data-kt=\"addNewYardOverflowToolbarButton\"]"}
COMMAND: POST /session/10905aa29ded037ab27490674a12b44a/elements - {"using":"xpath","value":"//button[@data-kt=\"addNewYardOverflowToolbarButton\"]"}
RESULT: {"using":"xpath","value":"//button[@data-kt=\"addNewYardOverflowToolbarButton\"]"}
COMMAND: POST /session/10905aa29ded037ab27490674a12b44a/element - {"using":"xpath","value":"//button[@data-kt=\"addNewYardOverflowToolbarButton\"]"}
RESULT: {"using":"xpath","value":"//button[@data-kt=\"addNewYardOverflowToolbarButton\"]"}
COMMAND: POST /session/10905aa29ded037ab27490674a12b44a/execute/sync - {"script":"<script> [8489 bytes]","args":[{"element-6066-11e4-a52e-4f735466cecf":"f.0F422B68595C6480DC5AFCDC2C3D17C2.d.419C208B75AA5E06D91E3CEE66E3ADC9.e.309","ELEMENT":"f.0F422B68595C6480DC5AFCDC2C3D17C2.d.419C208B75AA5E06D91E3CEE66E3ADC9.e.309"}]}
RESULT: {"script":"<script> [8489 bytes]","args":[{"element-6066-11e4-a52e-4f735466cecf":"f.0F422B68595C6480DC5AFCDC2C3D17C2.d.419C208B75AA5E06D91E3CEE66E3ADC9.e.309","ELEMENT":"f.0F422B68595C6480DC5AFCDC2C3D17C2.d.419C208B75AA5E06D91E3CEE66E3ADC9.e.309"}]}
COMMAND: GET /session/10905aa29ded037ab27490674a12b44a/element/f.0F422B68595C6480DC5AFCDC2C3D17C2.d.419C208B75AA5E06D91E3CEE66E3ADC9.e.309/enabled - {}
COMMAND: GET /session/10905aa29ded037ab27490674a12b44a/screenshot - {}
RESULT: {}
COMMAND: POST /session/10905aa29ded037ab27490674a12b44a/execute/sync - {"script":"<script> [8489 bytes]","args":[{"element-6066-11e4-a52e-4f735466cecf":"f.0F422B68595C6480DC5AFCDC2C3D17C2.d.419C208B75AA5E06D91E3CEE66E3ADC9.e.309","ELEMENT":"f.0F422B68595C6480DC5AFCDC2C3D17C2.d.419C208B75AA5E06D91E3CEE66E3ADC9.e.309"}]}
COMMAND: GET /session/10905aa29ded037ab27490674a12b44a/screenshot - {}
RESULT: {}
RESULT: {"script":"<script> [8489 bytes]","args":[{"element-6066-11e4-a52e-4f735466cecf":"f.0F422B68595C6480DC5AFCDC2C3D17C2.d.419C208B75AA5E06D91E3CEE66E3ADC9.e.309","ELEMENT":"f.0F422B68595C6480DC5AFCDC2C3D17C2.d.419C208B75AA5E06D91E3CEE66E3ADC9.e.309"}]}
COMMAND: POST /session/10905aa29ded037ab27490674a12b44a/execute/sync - {"script":"<script> [5351 bytes]","args":[{"element-6066-11e4-a52e-4f735466cecf":"f.0F422B68595C6480DC5AFCDC2C3D17C2.d.419C208B75AA5E06D91E3CEE66E3ADC9.e.309","ELEMENT":"f.0F422B68595C6480DC5AFCDC2C3D17C2.d.419C208B75AA5E06D91E3CEE66E3ADC9.e.309"}]}
COMMAND: GET /session/10905aa29ded037ab27490674a12b44a/screenshot - {}
RESULT: {}
RESULT: {"script":"<script> [5351 bytes]","args":[{"element-6066-11e4-a52e-4f735466cecf":"f.0F422B68595C6480DC5AFCDC2C3D17C2.d.419C208B75AA5E06D91E3CEE66E3ADC9.e.309","ELEMENT":"f.0F422B68595C6480DC5AFCDC2C3D17C2.d.419C208B75AA5E06D91E3CEE66E3ADC9.e.309"}]}
COMMAND: POST /session/10905aa29ded037ab27490674a12b44a/element/f.0F422B68595C6480DC5AFCDC2C3D17C2.d.419C208B75AA5E06D91E3CEE66E3ADC9.e.309/click - {}
COMMAND: GET /session/10905aa29ded037ab27490674a12b44a/screenshot - {}
RESULT: {}
RESULT: {}
COMMAND: GET /session/10905aa29ded037ab27490674a12b44a/screenshot - {}
COMMAND: POST /session/10905aa29ded037ab27490674a12b44a/element - {"using":"xpath","value":"//input[@id=\"application-manageyards-display-component---NewYard--yardId-inner\"]"}
RESULT: {}
RESULT: {}
RESULT: {"using":"xpath","value":"//input[@id=\"application-manageyards-display-component---NewYard--yardId-inner\"]"}
COMMAND: POST /session/10905aa29ded037ab27490674a12b44a/element - {"using":"xpath","value":"//input[@id=\"application-manageyards-display-component---NewYard--yardId-inner\"]"}
RESULT: {"using":"xpath","value":"//input[@id=\"application-manageyards-display-component---NewYard--yardId-inner\"]"}
COMMAND: POST /session/10905aa29ded037ab27490674a12b44a/execute/async - {"script":"<script> [1562 bytes]","args":[{"selector":{"id":"application-manageyards-display-component---NewYard--addressDetailDetailsName1","interaction":{"idSuffix":"inner"}},"wdio_ui5_key":"applicationmanageyards-display-component---NewYard--addressDetailDetailsName1"}]}
RESULT: {"script":"<script> [1562 bytes]","args":[{"selector":{"id":"application-manageyards-display-component---NewYard--addressDetailDetailsName1","interaction":{"idSuffix":"inner"}},"wdio_ui5_key":"applicationmanageyards-display-component---NewYard--addressDetailDetailsName1"}]}
RESULT: undefined
COMMAND: POST /session/10905aa29ded037ab27490674a12b44a/execute/async - {"script":"<script> [776 bytes]","args":[{"enterText":"Intracompany Yard wdIO","selector":{"id":"application-manageyards-display-component---NewYard--addressDetailDetailsName1","interaction":{"idSuffix":"inner"}},"clearTextFirst":true,"interactionType":"ENTER_TEXT"}]}
RESULT: {"script":"<script> [776 bytes]","args":[{"enterText":"Intracompany Yard wdIO","selector":{"id":"application-manageyards-display-component---NewYard--addressDetailDetailsName1","interaction":{"idSuffix":"inner"}},"clearTextFirst":true,"interactionType":"ENTER_TEXT"}]}
COMMAND: POST /session/10905aa29ded037ab27490674a12b44a/execute/async - {"script":"<script> [1562 bytes]","args":[{"selector":{"id":"application-manageyards-display-component---NewYard--addressDetailDetailsLanguage-arrow"},"wdio_ui5_key":"applicationmanageyards-display-component---NewYard--addressDetailDetailsLanguage-arrow"}]}
RESULT: {"script":"<script> [1562 bytes]","args":[{"selector":{"id":"application-manageyards-display-component---NewYard--addressDetailDetailsLanguage-arrow"},"wdio_ui5_key":"applicationmanageyards-display-component---NewYard--addressDetailDetailsLanguage-arrow"}]}
RESULT: undefined
COMMAND: POST /session/10905aa29ded037ab27490674a12b44a/element - {"using":"xpath","value":"//*[@id=\"application-manageyards-display-component---NewYard--addressDetailDetailsLanguage-arrow\"]"}
RESULT: {"using":"xpath","value":"//*[@id=\"application-manageyards-display-component---NewYard--addressDetailDetailsLanguage-arrow\"]"}
COMMAND: POST /session/10905aa29ded037ab27490674a12b44a/element/f.0F422B68595C6480DC5AFCDC2C3D17C2.d.419C208B75AA5E06D91E3CEE66E3ADC9.e.730/click - {}
RESULT: {}
COMMAND: POST /session/10905aa29ded037ab27490674a12b44a/element - {"using":"xpath","value":"//span[contains(text(), \"English\")]"}
COMMAND: GET /session/10905aa29ded037ab27490674a12b44a/screenshot - {}
RESULT: {"using":"xpath","value":"//span[contains(text(), \"English\")]"}
COMMAND: POST /session/10905aa29ded037ab27490674a12b44a/element/f.0F422B68595C6480DC5AFCDC2C3D17C2.d.419C208B75AA5E06D91E3CEE66E3ADC9.e.731/click - {}
RESULT: {}
RESULT: {}
COMMAND: POST /session/10905aa29ded037ab27490674a12b44a/execute/async - {"script":"<script> [1562 bytes]","args":[{"selector":{"id":"application-manageyards-display-component---NewYard--addressDetailDetailsCity1","interaction":{"idSuffix":"inner"}},"wdio_ui5_key":"applicationmanageyards-display-component---NewYard--addressDetailDetailsCity1"}]}
COMMAND: GET /session/10905aa29ded037ab27490674a12b44a/screenshot - {}
RESULT: {"script":"<script> [1562 bytes]","args":[{"selector":{"id":"application-manageyards-display-component---NewYard--addressDetailDetailsCity1","interaction":{"idSuffix":"inner"}},"wdio_ui5_key":"applicationmanageyards-display-component---NewYard--addressDetailDetailsCity1"}]}
RESULT: undefined
COMMAND: POST /session/10905aa29ded037ab27490674a12b44a/execute/async - {"script":"<script> [776 bytes]","args":[{"enterText":"Rosario","selector":{"id":"application-manageyards-display-component---NewYard--addressDetailDetailsCity1","interaction":{"idSuffix":"inner"}},"clearTextFirst":true,"interactionType":"ENTER_TEXT"}]}
RESULT: {}
RESULT: {"script":"<script> [776 bytes]","args":[{"enterText":"Rosario","selector":{"id":"application-manageyards-display-component---NewYard--addressDetailDetailsCity1","interaction":{"idSuffix":"inner"}},"clearTextFirst":true,"interactionType":"ENTER_TEXT"}]}
COMMAND: POST /session/10905aa29ded037ab27490674a12b44a/execute/async - {"script":"<script> [1562 bytes]","args":[{"selector":{"id":"application-manageyards-display-component---NewYard--addressDetailDetailsCountry-arrow"},"wdio_ui5_key":"applicationmanageyards-display-component---NewYard--addressDetailDetailsCountry-arrow"}]}
RESULT: {"script":"<script> [1562 bytes]","args":[{"selector":{"id":"application-manageyards-display-component---NewYard--addressDetailDetailsCountry-arrow"},"wdio_ui5_key":"applicationmanageyards-display-component---NewYard--addressDetailDetailsCountry-arrow"}]}
RESULT: undefined
COMMAND: POST /session/10905aa29ded037ab27490674a12b44a/element - {"using":"xpath","value":"//*[@id=\"application-manageyards-display-component---NewYard--addressDetailDetailsCountry-arrow\"]"}
RESULT: {"using":"xpath","value":"//*[@id=\"application-manageyards-display-component---NewYard--addressDetailDetailsCountry-arrow\"]"}
COMMAND: POST /session/10905aa29ded037ab27490674a12b44a/element/f.0F422B68595C6480DC5AFCDC2C3D17C2.d.419C208B75AA5E06D91E3CEE66E3ADC9.e.733/click - {}
RESULT: {}
COMMAND: POST /session/10905aa29ded037ab27490674a12b44a/element - {"using":"xpath","value":"//span[contains(text(), \"Argentina\")]"}
COMMAND: GET /session/10905aa29ded037ab27490674a12b44a/screenshot - {}
RESULT: {"using":"xpath","value":"//span[contains(text(), \"Argentina\")]"}
COMMAND: POST /session/10905aa29ded037ab27490674a12b44a/element/f.0F422B68595C6480DC5AFCDC2C3D17C2.d.419C208B75AA5E06D91E3CEE66E3ADC9.e.734/click - {}
RESULT: {}
RESULT: {}
COMMAND: POST /session/10905aa29ded037ab27490674a12b44a/execute/async - {"script":"<script> [1562 bytes]","args":[{"selector":{"id":"application-manageyards-display-component---NewYard--addressEditDetailsCostObjectCstType-arrow"},"wdio_ui5_key":"applicationmanageyards-display-component---NewYard--addressEditDetailsCostObjectCstType-arrow"}]}
COMMAND: GET /session/10905aa29ded037ab27490674a12b44a/screenshot - {}
RESULT: {"script":"<script> [1562 bytes]","args":[{"selector":{"id":"application-manageyards-display-component---NewYard--addressEditDetailsCostObjectCstType-arrow"},"wdio_ui5_key":"applicationmanageyards-display-component---NewYard--addressEditDetailsCostObjectCstType-arrow"}]}
RESULT: undefined
COMMAND: POST /session/10905aa29ded037ab27490674a12b44a/element - {"using":"xpath","value":"//*[@id=\"application-manageyards-display-component---NewYard--addressEditDetailsCostObjectCstType-arrow\"]"}
RESULT: {}
RESULT: {"using":"xpath","value":"//*[@id=\"application-manageyards-display-component---NewYard--addressEditDetailsCostObjectCstType-arrow\"]"}
COMMAND: POST /session/10905aa29ded037ab27490674a12b44a/element/f.0F422B68595C6480DC5AFCDC2C3D17C2.d.419C208B75AA5E06D91E3CEE66E3ADC9.e.735/click - {}
RESULT: {}
COMMAND: POST /session/10905aa29ded037ab27490674a12b44a/element - {"using":"xpath","value":"//span[contains(text(), \"Cost Center\")]"}
COMMAND: GET /session/10905aa29ded037ab27490674a12b44a/screenshot - {}
RESULT: {"using":"xpath","value":"//span[contains(text(), \"Cost Center\")]"}
COMMAND: POST /session/10905aa29ded037ab27490674a12b44a/element/f.0F422B68595C6480DC5AFCDC2C3D17C2.d.419C208B75AA5E06D91E3CEE66E3ADC9.e.736/click - {}
RESULT: {}
RESULT: {}
COMMAND: GET /session/10905aa29ded037ab27490674a12b44a/screenshot - {}
RESULT: {}
COMMAND: POST /session/10905aa29ded037ab27490674a12b44a/element - {"using":"xpath","value":"//span[@id=\"application-manageyards-display-component---NewYard--addressNewCostObjectCstID-vhi\"]"}
RESULT: {"using":"xpath","value":"//span[@id=\"application-manageyards-display-component---NewYard--addressNewCostObjectCstID-vhi\"]"}
COMMAND: POST /session/10905aa29ded037ab27490674a12b44a/execute/sync - {"script":"<script> [8489 bytes]","args":[{"element-6066-11e4-a52e-4f735466cecf":"f.0F422B68595C6480DC5AFCDC2C3D17C2.d.419C208B75AA5E06D91E3CEE66E3ADC9.e.740","ELEMENT":"f.0F422B68595C6480DC5AFCDC2C3D17C2.d.419C208B75AA5E06D91E3CEE66E3ADC9.e.740"}]}
RESULT: {"script":"<script> [8489 bytes]","args":[{"element-6066-11e4-a52e-4f735466cecf":"f.0F422B68595C6480DC5AFCDC2C3D17C2.d.419C208B75AA5E06D91E3CEE66E3ADC9.e.740","ELEMENT":"f.0F422B68595C6480DC5AFCDC2C3D17C2.d.419C208B75AA5E06D91E3CEE66E3ADC9.e.740"}]}
COMMAND: POST /session/10905aa29ded037ab27490674a12b44a/execute/async - {"script":"<script> [1562 bytes]","args":[{"selector":{"id":"application-manageyards-display-component---NewYard--addressNewCostObjectCstID-vhi"},"wdio_ui5_key":"applicationmanageyards-display-component---NewYard--addressNewCostObjectCstID-vhi"}]}
COMMAND: GET /session/10905aa29ded037ab27490674a12b44a/screenshot - {}
RESULT: {"script":"<script> [1562 bytes]","args":[{"selector":{"id":"application-manageyards-display-component---NewYard--addressNewCostObjectCstID-vhi"},"wdio_ui5_key":"applicationmanageyards-display-component---NewYard--addressNewCostObjectCstID-vhi"}]}
RESULT: undefined
COMMAND: POST /session/10905aa29ded037ab27490674a12b44a/element - {"using":"xpath","value":"//*[@id=\"application-manageyards-display-component---NewYard--addressNewCostObjectCstID-vhi\"]"}
RESULT: {}
RESULT: {"using":"xpath","value":"//*[@id=\"application-manageyards-display-component---NewYard--addressNewCostObjectCstID-vhi\"]"}
COMMAND: POST /session/10905aa29ded037ab27490674a12b44a/element/f.0F422B68595C6480DC5AFCDC2C3D17C2.d.419C208B75AA5E06D91E3CEE66E3ADC9.e.740/click - {}
RESULT: {}
COMMAND: GET /session/10905aa29ded037ab27490674a12b44a/screenshot - {}
RESULT: {}
COMMAND: POST /session/10905aa29ded037ab27490674a12b44a/execute/async - {"script":"<script> [1562 bytes]","args":[{"selector":{"controlType":"sap.m.SearchField","properties":{"placeholder":"Search"},"searchOpenDialogs":true,"interaction":{"idSuffix":"I"}},"wdio_ui5_key":"sapm.SearchField{\"placeholder\":\"Search\"}"}]}
RESULT: {"script":"<script> [1562 bytes]","args":[{"selector":{"controlType":"sap.m.SearchField","properties":{"placeholder":"Search"},"searchOpenDialogs":true,"interaction":{"idSuffix":"I"}},"wdio_ui5_key":"sapm.SearchField{\"placeholder\":\"Search\"}"}]}
RESULT: undefined
COMMAND: POST /session/10905aa29ded037ab27490674a12b44a/execute/async - {"script":"<script> [776 bytes]","args":[{"enterText":"10001013","selector":{"controlType":"sap.m.SearchField","properties":{"placeholder":"Search"},"searchOpenDialogs":true,"interaction":{"idSuffix":"I"}},"clearTextFirst":true,"interactionType":"ENTER_TEXT"}]}
RESULT: {"script":"<script> [776 bytes]","args":[{"enterText":"10001013","selector":{"controlType":"sap.m.SearchField","properties":{"placeholder":"Search"},"searchOpenDialogs":true,"interaction":{"idSuffix":"I"}},"clearTextFirst":true,"interactionType":"ENTER_TEXT"}]}
COMMAND: POST /session/10905aa29ded037ab27490674a12b44a/actions - {"actions":[{"id":"action1","type":"key","parameters":{},"actions":[{"type":"keyDown","value":"î€‡"},{"type":"pause","duration":10},{"type":"keyUp","value":"î€‡"}]}]}
RESULT: {"actions":[{"id":"action1","type":"key","parameters":{},"actions":[{"type":"keyDown","value":"î€‡"},{"type":"pause","duration":10},{"type":"keyUp","value":"î€‡"}]}]}
COMMAND: GET /session/10905aa29ded037ab27490674a12b44a/screenshot - {}
RESULT: {}
COMMAND: POST /session/10905aa29ded037ab27490674a12b44a/element - {"using":"xpath","value":"//span[contains(text(), \"General Management\")]"}
RESULT: {"using":"xpath","value":"//span[contains(text(), \"General Management\")]"}
COMMAND: POST /session/10905aa29ded037ab27490674a12b44a/element/f.0F422B68595C6480DC5AFCDC2C3D17C2.d.419C208B75AA5E06D91E3CEE66E3ADC9.e.781/click - {}
RESULT: {}
COMMAND: GET /session/10905aa29ded037ab27490674a12b44a/screenshot - {}
RESULT: {}
COMMAND: POST /session/10905aa29ded037ab27490674a12b44a/element - {"using":"xpath","value":"//bdi[contains(text(), \"OK\")]"}
RESULT: {"using":"xpath","value":"//bdi[contains(text(), \"OK\")]"}
COMMAND: POST /session/10905aa29ded037ab27490674a12b44a/element/f.0F422B68595C6480DC5AFCDC2C3D17C2.d.419C208B75AA5E06D91E3CEE66E3ADC9.e.782/click - {}
RESULT: {}
COMMAND: GET /session/10905aa29ded037ab27490674a12b44a/screenshot - {}
RESULT: {}
COMMAND: POST /session/10905aa29ded037ab27490674a12b44a/execute/async - {"script":"<script> [1562 bytes]","args":[{"selector":{"id":"application-manageyards-display-component---NewYard--addressEditDetailsCurrency-arrow"},"wdio_ui5_key":"applicationmanageyards-display-component---NewYard--addressEditDetailsCurrency-arrow"}]}
RESULT: {"script":"<script> [1562 bytes]","args":[{"selector":{"id":"application-manageyards-display-component---NewYard--addressEditDetailsCurrency-arrow"},"wdio_ui5_key":"applicationmanageyards-display-component---NewYard--addressEditDetailsCurrency-arrow"}]}
RESULT: undefined
COMMAND: POST /session/10905aa29ded037ab27490674a12b44a/element - {"using":"xpath","value":"//*[@id=\"application-manageyards-display-component---NewYard--addressEditDetailsCurrency-arrow\"]"}
RESULT: {"using":"xpath","value":"//*[@id=\"application-manageyards-display-component---NewYard--addressEditDetailsCurrency-arrow\"]"}
COMMAND: POST /session/10905aa29ded037ab27490674a12b44a/element/f.0F422B68595C6480DC5AFCDC2C3D17C2.d.419C208B75AA5E06D91E3CEE66E3ADC9.e.785/click - {}
RESULT: {}
COMMAND: POST /session/10905aa29ded037ab27490674a12b44a/element - {"using":"xpath","value":"//span[contains(text(), \"Euro\")]"}
COMMAND: GET /session/10905aa29ded037ab27490674a12b44a/screenshot - {}
RESULT: {"using":"xpath","value":"//span[contains(text(), \"Euro\")]"}
COMMAND: POST /session/10905aa29ded037ab27490674a12b44a/element/f.0F422B68595C6480DC5AFCDC2C3D17C2.d.419C208B75AA5E06D91E3CEE66E3ADC9.e.786/click - {}
RESULT: {}
RESULT: {}
COMMAND: POST /session/10905aa29ded037ab27490674a12b44a/execute/async - {"script":"<script> [1562 bytes]","args":[{"selector":{"controlType":"sap.m.Input","viewName":"etm.portal.ui.manageyards.view.New","viewId":"application-manageyards-display-component---NewYard","bindingPath":{"path":"","propertyPath":"/CONTROLLING_AREA","modelName":"NewYardModel"},"interaction":{"idSuffix":"inner"}},"wdio_ui5_key":"etmportal.ui.manageyards.view.Newsap.m.Input{\"path\":\"\",\"propertyPath\":\"/CONTROLLING_AREA\",\"modelName\":\"NewYardModel\"}"}]}
COMMAND: GET /session/10905aa29ded037ab27490674a12b44a/screenshot - {}
RESULT: {"script":"<script> [1562 bytes]","args":[{"selector":{"controlType":"sap.m.Input","viewName":"etm.portal.ui.manageyards.view.New","viewId":"application-manageyards-display-component---NewYard","bindingPath":{"path":"","propertyPath":"/CONTROLLING_AREA","modelName":"NewYardModel"},"interaction":{"idSuffix":"inner"}},"wdio_ui5_key":"etmportal.ui.manageyards.view.Newsap.m.Input{\"path\":\"\",\"propertyPath\":\"/CONTROLLING_AREA\",\"modelName\":\"NewYardModel\"}"}]}
RESULT: undefined
COMMAND: POST /session/10905aa29ded037ab27490674a12b44a/execute/async - {"script":"<script> [776 bytes]","args":[{"enterText":"Z001","selector":{"controlType":"sap.m.Input","viewName":"etm.portal.ui.manageyards.view.New","viewId":"application-manageyards-display-component---NewYard","bindingPath":{"path":"","propertyPath":"/CONTROLLING_AREA","modelName":"NewYardModel"},"interaction":{"idSuffix":"inner"}},"clearTextFirst":true,"interactionType":"ENTER_TEXT"}]}
RESULT: {}
RESULT: {"script":"<script> [776 bytes]","args":[{"enterText":"Z001","selector":{"controlType":"sap.m.Input","viewName":"etm.portal.ui.manageyards.view.New","viewId":"application-manageyards-display-component---NewYard","bindingPath":{"path":"","propertyPath":"/CONTROLLING_AREA","modelName":"NewYardModel"},"interaction":{"idSuffix":"inner"}},"clearTextFirst":true,"interactionType":"ENTER_TEXT"}]}
COMMAND: POST /session/10905aa29ded037ab27490674a12b44a/execute/async - {"script":"<script> [1562 bytes]","args":[{"selector":{"id":"application-manageyards-display-component---NewYard--companyCodeComboBox","interaction":{"idSuffix":"inner"}},"wdio_ui5_key":"applicationmanageyards-display-component---NewYard--companyCodeComboBox"}]}
RESULT: {"script":"<script> [1562 bytes]","args":[{"selector":{"id":"application-manageyards-display-component---NewYard--companyCodeComboBox","interaction":{"idSuffix":"inner"}},"wdio_ui5_key":"applicationmanageyards-display-component---NewYard--companyCodeComboBox"}]}
RESULT: undefined
COMMAND: POST /session/10905aa29ded037ab27490674a12b44a/execute/async - {"script":"<script> [776 bytes]","args":[{"enterText":"1000","selector":{"id":"application-manageyards-display-component---NewYard--companyCodeComboBox","interaction":{"idSuffix":"inner"}},"clearTextFirst":true,"interactionType":"ENTER_TEXT"}]}
RESULT: {"script":"<script> [776 bytes]","args":[{"enterText":"1000","selector":{"id":"application-manageyards-display-component---NewYard--companyCodeComboBox","interaction":{"idSuffix":"inner"}},"clearTextFirst":true,"interactionType":"ENTER_TEXT"}]}
COMMAND: POST /session/10905aa29ded037ab27490674a12b44a/execute/async - {"script":"<script> [1562 bytes]","args":[{"selector":{"controlType":"sap.m.Input","viewName":"etm.portal.ui.manageyards.view.New","viewId":"application-manageyards-display-component---NewYard","bindingPath":{"path":"","propertyPath":"/PLANT","modelName":"NewYardModel"},"interaction":{"idSuffix":"inner"}},"wdio_ui5_key":"etmportal.ui.manageyards.view.Newsap.m.Input{\"path\":\"\",\"propertyPath\":\"/PLANT\",\"modelName\":\"NewYardModel\"}"}]}
RESULT: {"script":"<script> [1562 bytes]","args":[{"selector":{"controlType":"sap.m.Input","viewName":"etm.portal.ui.manageyards.view.New","viewId":"application-manageyards-display-component---NewYard","bindingPath":{"path":"","propertyPath":"/PLANT","modelName":"NewYardModel"},"interaction":{"idSuffix":"inner"}},"wdio_ui5_key":"etmportal.ui.manageyards.view.Newsap.m.Input{\"path\":\"\",\"propertyPath\":\"/PLANT\",\"modelName\":\"NewYardModel\"}"}]}
RESULT: undefined
COMMAND: POST /session/10905aa29ded037ab27490674a12b44a/execute/async - {"script":"<script> [776 bytes]","args":[{"enterText":"1001","selector":{"controlType":"sap.m.Input","viewName":"etm.portal.ui.manageyards.view.New","viewId":"application-manageyards-display-component---NewYard","bindingPath":{"path":"","propertyPath":"/PLANT","modelName":"NewYardModel"},"interaction":{"idSuffix":"inner"}},"clearTextFirst":true,"interactionType":"ENTER_TEXT"}]}
RESULT: {"script":"<script> [776 bytes]","args":[{"enterText":"1001","selector":{"controlType":"sap.m.Input","viewName":"etm.portal.ui.manageyards.view.New","viewId":"application-manageyards-display-component---NewYard","bindingPath":{"path":"","propertyPath":"/PLANT","modelName":"NewYardModel"},"interaction":{"idSuffix":"inner"}},"clearTextFirst":true,"interactionType":"ENTER_TEXT"}]}
COMMAND: POST /session/10905aa29ded037ab27490674a12b44a/execute/async - {"script":"<script> [1562 bytes]","args":[{"selector":{"controlType":"sap.m.Input","viewName":"etm.portal.ui.manageyards.view.New","viewId":"application-manageyards-display-component---NewYard","bindingPath":{"path":"","propertyPath":"/SALES_AREA_VKORG","modelName":"NewYardModel"},"interaction":{"idSuffix":"inner"}},"wdio_ui5_key":"etmportal.ui.manageyards.view.Newsap.m.Input{\"path\":\"\",\"propertyPath\":\"/SALES_AREA_VKORG\",\"modelName\":\"NewYardModel\"}"}]}
RESULT: {"script":"<script> [1562 bytes]","args":[{"selector":{"controlType":"sap.m.Input","viewName":"etm.portal.ui.manageyards.view.New","viewId":"application-manageyards-display-component---NewYard","bindingPath":{"path":"","propertyPath":"/SALES_AREA_VKORG","modelName":"NewYardModel"},"interaction":{"idSuffix":"inner"}},"wdio_ui5_key":"etmportal.ui.manageyards.view.Newsap.m.Input{\"path\":\"\",\"propertyPath\":\"/SALES_AREA_VKORG\",\"modelName\":\"NewYardModel\"}"}]}
RESULT: undefined
COMMAND: POST /session/10905aa29ded037ab27490674a12b44a/execute/async - {"script":"<script> [776 bytes]","args":[{"enterText":"C002","selector":{"controlType":"sap.m.Input","viewName":"etm.portal.ui.manageyards.view.New","viewId":"application-manageyards-display-component---NewYard","bindingPath":{"path":"","propertyPath":"/SALES_AREA_VKORG","modelName":"NewYardModel"},"interaction":{"idSuffix":"inner"}},"clearTextFirst":true,"interactionType":"ENTER_TEXT"}]}
RESULT: {"script":"<script> [776 bytes]","args":[{"enterText":"C002","selector":{"controlType":"sap.m.Input","viewName":"etm.portal.ui.manageyards.view.New","viewId":"application-manageyards-display-component---NewYard","bindingPath":{"path":"","propertyPath":"/SALES_AREA_VKORG","modelName":"NewYardModel"},"interaction":{"idSuffix":"inner"}},"clearTextFirst":true,"interactionType":"ENTER_TEXT"}]}
COMMAND: POST /session/10905aa29ded037ab27490674a12b44a/execute/async - {"script":"<script> [1562 bytes]","args":[{"selector":{"controlType":"sap.m.Input","viewName":"etm.portal.ui.manageyards.view.New","viewId":"application-manageyards-display-component---NewYard","bindingPath":{"path":"","propertyPath":"/SALES_AREA_VTWEG","modelName":"NewYardModel"},"interaction":{"idSuffix":"inner"}},"wdio_ui5_key":"etmportal.ui.manageyards.view.Newsap.m.Input{\"path\":\"\",\"propertyPath\":\"/SALES_AREA_VTWEG\",\"modelName\":\"NewYardModel\"}"}]}
RESULT: {"script":"<script> [1562 bytes]","args":[{"selector":{"controlType":"sap.m.Input","viewName":"etm.portal.ui.manageyards.view.New","viewId":"application-manageyards-display-component---NewYard","bindingPath":{"path":"","propertyPath":"/SALES_AREA_VTWEG","modelName":"NewYardModel"},"interaction":{"idSuffix":"inner"}},"wdio_ui5_key":"etmportal.ui.manageyards.view.Newsap.m.Input{\"path\":\"\",\"propertyPath\":\"/SALES_AREA_VTWEG\",\"modelName\":\"NewYardModel\"}"}]}
RESULT: undefined
COMMAND: POST /session/10905aa29ded037ab27490674a12b44a/execute/async - {"script":"<script> [776 bytes]","args":[{"enterText":"C2","selector":{"controlType":"sap.m.Input","viewName":"etm.portal.ui.manageyards.view.New","viewId":"application-manageyards-display-component---NewYard","bindingPath":{"path":"","propertyPath":"/SALES_AREA_VTWEG","modelName":"NewYardModel"},"interaction":{"idSuffix":"inner"}},"clearTextFirst":true,"interactionType":"ENTER_TEXT"}]}
RESULT: {"script":"<script> [776 bytes]","args":[{"enterText":"C2","selector":{"controlType":"sap.m.Input","viewName":"etm.portal.ui.manageyards.view.New","viewId":"application-manageyards-display-component---NewYard","bindingPath":{"path":"","propertyPath":"/SALES_AREA_VTWEG","modelName":"NewYardModel"},"interaction":{"idSuffix":"inner"}},"clearTextFirst":true,"interactionType":"ENTER_TEXT"}]}
COMMAND: POST /session/10905aa29ded037ab27490674a12b44a/execute/async - {"script":"<script> [1562 bytes]","args":[{"selector":{"controlType":"sap.m.Input","viewName":"etm.portal.ui.manageyards.view.New","viewId":"application-manageyards-display-component---NewYard","bindingPath":{"path":"","propertyPath":"/SALES_AREA_SPART","modelName":"NewYardModel"},"interaction":{"idSuffix":"inner"}},"wdio_ui5_key":"etmportal.ui.manageyards.view.Newsap.m.Input{\"path\":\"\",\"propertyPath\":\"/SALES_AREA_SPART\",\"modelName\":\"NewYardModel\"}"}]}
RESULT: {"script":"<script> [1562 bytes]","args":[{"selector":{"controlType":"sap.m.Input","viewName":"etm.portal.ui.manageyards.view.New","viewId":"application-manageyards-display-component---NewYard","bindingPath":{"path":"","propertyPath":"/SALES_AREA_SPART","modelName":"NewYardModel"},"interaction":{"idSuffix":"inner"}},"wdio_ui5_key":"etmportal.ui.manageyards.view.Newsap.m.Input{\"path\":\"\",\"propertyPath\":\"/SALES_AREA_SPART\",\"modelName\":\"NewYardModel\"}"}]}
RESULT: undefined
COMMAND: POST /session/10905aa29ded037ab27490674a12b44a/execute/async - {"script":"<script> [776 bytes]","args":[{"enterText":"C2","selector":{"controlType":"sap.m.Input","viewName":"etm.portal.ui.manageyards.view.New","viewId":"application-manageyards-display-component---NewYard","bindingPath":{"path":"","propertyPath":"/SALES_AREA_SPART","modelName":"NewYardModel"},"interaction":{"idSuffix":"inner"}},"clearTextFirst":true,"interactionType":"ENTER_TEXT"}]}
RESULT: {"script":"<script> [776 bytes]","args":[{"enterText":"C2","selector":{"controlType":"sap.m.Input","viewName":"etm.portal.ui.manageyards.view.New","viewId":"application-manageyards-display-component---NewYard","bindingPath":{"path":"","propertyPath":"/SALES_AREA_SPART","modelName":"NewYardModel"},"interaction":{"idSuffix":"inner"}},"clearTextFirst":true,"interactionType":"ENTER_TEXT"}]}
COMMAND: POST /session/10905aa29ded037ab27490674a12b44a/execute/async - {"script":"<script> [1562 bytes]","args":[{"selector":{"controlType":"sap.m.Input","viewName":"etm.portal.ui.manageyards.view.New","viewId":"application-manageyards-display-component---NewYard","bindingPath":{"path":"","propertyPath":"/SHIP_POINT","modelName":"NewYardModel"},"interaction":{"idSuffix":"inner"}},"wdio_ui5_key":"etmportal.ui.manageyards.view.Newsap.m.Input{\"path\":\"\",\"propertyPath\":\"/SHIP_POINT\",\"modelName\":\"NewYardModel\"}"}]}
RESULT: {"script":"<script> [1562 bytes]","args":[{"selector":{"controlType":"sap.m.Input","viewName":"etm.portal.ui.manageyards.view.New","viewId":"application-manageyards-display-component---NewYard","bindingPath":{"path":"","propertyPath":"/SHIP_POINT","modelName":"NewYardModel"},"interaction":{"idSuffix":"inner"}},"wdio_ui5_key":"etmportal.ui.manageyards.view.Newsap.m.Input{\"path\":\"\",\"propertyPath\":\"/SHIP_POINT\",\"modelName\":\"NewYardModel\"}"}]}
RESULT: undefined
COMMAND: POST /session/10905aa29ded037ab27490674a12b44a/execute/async - {"script":"<script> [776 bytes]","args":[{"enterText":"1710","selector":{"controlType":"sap.m.Input","viewName":"etm.portal.ui.manageyards.view.New","viewId":"application-manageyards-display-component---NewYard","bindingPath":{"path":"","propertyPath":"/SHIP_POINT","modelName":"NewYardModel"},"interaction":{"idSuffix":"inner"}},"clearTextFirst":true,"interactionType":"ENTER_TEXT"}]}
RESULT: {"script":"<script> [776 bytes]","args":[{"enterText":"1710","selector":{"controlType":"sap.m.Input","viewName":"etm.portal.ui.manageyards.view.New","viewId":"application-manageyards-display-component---NewYard","bindingPath":{"path":"","propertyPath":"/SHIP_POINT","modelName":"NewYardModel"},"interaction":{"idSuffix":"inner"}},"clearTextFirst":true,"interactionType":"ENTER_TEXT"}]}
COMMAND: POST /session/10905aa29ded037ab27490674a12b44a/execute/async - {"script":"<script> [1562 bytes]","args":[{"selector":{"controlType":"sap.m.Input","viewName":"etm.portal.ui.manageyards.view.New","viewId":"application-manageyards-display-component---NewYard","bindingPath":{"path":"","propertyPath":"/DELIVERY_TYPE","modelName":"NewYardModel"},"interaction":{"idSuffix":"inner"}},"wdio_ui5_key":"etmportal.ui.manageyards.view.Newsap.m.Input{\"path\":\"\",\"propertyPath\":\"/DELIVERY_TYPE\",\"modelName\":\"NewYardModel\"}"}]}
RESULT: {"script":"<script> [1562 bytes]","args":[{"selector":{"controlType":"sap.m.Input","viewName":"etm.portal.ui.manageyards.view.New","viewId":"application-manageyards-display-component---NewYard","bindingPath":{"path":"","propertyPath":"/DELIVERY_TYPE","modelName":"NewYardModel"},"interaction":{"idSuffix":"inner"}},"wdio_ui5_key":"etmportal.ui.manageyards.view.Newsap.m.Input{\"path\":\"\",\"propertyPath\":\"/DELIVERY_TYPE\",\"modelName\":\"NewYardModel\"}"}]}
RESULT: undefined
COMMAND: POST /session/10905aa29ded037ab27490674a12b44a/execute/async - {"script":"<script> [776 bytes]","args":[{"enterText":"ZL01","selector":{"controlType":"sap.m.Input","viewName":"etm.portal.ui.manageyards.view.New","viewId":"application-manageyards-display-component---NewYard","bindingPath":{"path":"","propertyPath":"/DELIVERY_TYPE","modelName":"NewYardModel"},"interaction":{"idSuffix":"inner"}},"clearTextFirst":true,"interactionType":"ENTER_TEXT"}]}
RESULT: {"script":"<script> [776 bytes]","args":[{"enterText":"ZL01","selector":{"controlType":"sap.m.Input","viewName":"etm.portal.ui.manageyards.view.New","viewId":"application-manageyards-display-component---NewYard","bindingPath":{"path":"","propertyPath":"/DELIVERY_TYPE","modelName":"NewYardModel"},"interaction":{"idSuffix":"inner"}},"clearTextFirst":true,"interactionType":"ENTER_TEXT"}]}
COMMAND: POST /session/10905aa29ded037ab27490674a12b44a/execute/async - {"script":"<script> [1562 bytes]","args":[{"selector":{"controlType":"sap.m.Input","viewName":"etm.portal.ui.manageyards.view.New","viewId":"application-manageyards-display-component---NewYard","bindingPath":{"path":"","propertyPath":"/AUART","modelName":"NewYardModel"},"interaction":{"idSuffix":"inner"}},"wdio_ui5_key":"etmportal.ui.manageyards.view.Newsap.m.Input{\"path\":\"\",\"propertyPath\":\"/AUART\",\"modelName\":\"NewYardModel\"}"}]}
RESULT: {"script":"<script> [1562 bytes]","args":[{"selector":{"controlType":"sap.m.Input","viewName":"etm.portal.ui.manageyards.view.New","viewId":"application-manageyards-display-component---NewYard","bindingPath":{"path":"","propertyPath":"/AUART","modelName":"NewYardModel"},"interaction":{"idSuffix":"inner"}},"wdio_ui5_key":"etmportal.ui.manageyards.view.Newsap.m.Input{\"path\":\"\",\"propertyPath\":\"/AUART\",\"modelName\":\"NewYardModel\"}"}]}
RESULT: undefined
COMMAND: POST /session/10905aa29ded037ab27490674a12b44a/execute/async - {"script":"<script> [776 bytes]","args":[{"enterText":"TA","selector":{"controlType":"sap.m.Input","viewName":"etm.portal.ui.manageyards.view.New","viewId":"application-manageyards-display-component---NewYard","bindingPath":{"path":"","propertyPath":"/AUART","modelName":"NewYardModel"},"interaction":{"idSuffix":"inner"}},"clearTextFirst":true,"interactionType":"ENTER_TEXT"}]}
RESULT: {"script":"<script> [776 bytes]","args":[{"enterText":"TA","selector":{"controlType":"sap.m.Input","viewName":"etm.portal.ui.manageyards.view.New","viewId":"application-manageyards-display-component---NewYard","bindingPath":{"path":"","propertyPath":"/AUART","modelName":"NewYardModel"},"interaction":{"idSuffix":"inner"}},"clearTextFirst":true,"interactionType":"ENTER_TEXT"}]}
COMMAND: POST /session/10905aa29ded037ab27490674a12b44a/element - {"using":"xpath","value":"//button[@data-kt=\"newYardSaveButton\"]"}
RESULT: {"using":"xpath","value":"//button[@data-kt=\"newYardSaveButton\"]"}
COMMAND: POST /session/10905aa29ded037ab27490674a12b44a/element/f.0F422B68595C6480DC5AFCDC2C3D17C2.d.419C208B75AA5E06D91E3CEE66E3ADC9.e.715/click - {}
RESULT: {}
COMMAND: GET /session/10905aa29ded037ab27490674a12b44a/screenshot - {}
RESULT: {}
COMMAND: POST /session/10905aa29ded037ab27490674a12b44a/element - {"using":"xpath","value":"//header[contains(@id, 'ObjectPageLayout-headerTitle')]/div[1]/div[2]/div[1]/span[1]"}
RESULT: {"using":"xpath","value":"//header[contains(@id, 'ObjectPageLayout-headerTitle')]/div[1]/div[2]/div[1]/span[1]"}
COMMAND: POST /session/10905aa29ded037ab27490674a12b44a/elements - {"using":"xpath","value":"//header[contains(@id, 'ObjectPageLayout-headerTitle')]/div[1]/div[2]/div[1]/span[1]"}
RESULT: {"using":"xpath","value":"//header[contains(@id, 'ObjectPageLayout-headerTitle')]/div[1]/div[2]/div[1]/span[1]"}
COMMAND: POST /session/10905aa29ded037ab27490674a12b44a/execute/sync - {"script":"<script> [56 bytes]","args":[{"element-6066-11e4-a52e-4f735466cecf":"f.0F422B68595C6480DC5AFCDC2C3D17C2.d.419C208B75AA5E06D91E3CEE66E3ADC9.e.1024","ELEMENT":"f.0F422B68595C6480DC5AFCDC2C3D17C2.d.419C208B75AA5E06D91E3CEE66E3ADC9.e.1024"}]}
RESULT: {"script":"<script> [56 bytes]","args":[{"element-6066-11e4-a52e-4f735466cecf":"f.0F422B68595C6480DC5AFCDC2C3D17C2.d.419C208B75AA5E06D91E3CEE66E3ADC9.e.1024","ELEMENT":"f.0F422B68595C6480DC5AFCDC2C3D17C2.d.419C208B75AA5E06D91E3CEE66E3ADC9.e.1024"}]}
COMMAND: GET /session/10905aa29ded037ab27490674a12b44a/screenshot - {}
RESULT: {}
COMMAND: POST /session/10905aa29ded037ab27490674a12b44a/element - {"using":"css selector","value":"#shell-header-logo"}
RESULT: {"using":"css selector","value":"#shell-header-logo"}
COMMAND: POST /session/10905aa29ded037ab27490674a12b44a/element/f.0F422B68595C6480DC5AFCDC2C3D17C2.d.419C208B75AA5E06D91E3CEE66E3ADC9.e.267/click - {}
RESULT: {}
COMMAND: GET /session/10905aa29ded037ab27490674a12b44a/screenshot - {}
RESULT: {}
COMMAND: POST /session/10905aa29ded037ab27490674a12b44a/execute/sync - {"script":"<script> [299 bytes]","args":[["getModel","getResource"]]}
RESULT: {"script":"<script> [299 bytes]","args":[["getModel","getResource"]]}
COMMAND: GET /session/10905aa29ded037ab27490674a12b44a/screenshot - {}
]]></system-out>
    </testcase>
    <testcase classname="chrome.135_0_7049_96.windows.Partner_specific_tests_US150819_US151080_US151654_US151176_US103444_US151078_US151079_US151109_US151174_US151175_US151189" name="Should create new external partner US150819" time="86.168">
      <system-out><![CDATA[
COMMAND: POST /session/10905aa29ded037ab27490674a12b44a/element - {"using":"xpath","value":"//li[.//span[text()=\"Manage Partners\"]]"}
RESULT: {"using":"xpath","value":"//li[.//span[text()=\"Manage Partners\"]]"}
COMMAND: POST /session/10905aa29ded037ab27490674a12b44a/element - {"using":"xpath","value":"//li[.//span[text()=\"Manage Partners\"]]"}
RESULT: {}
RESULT: {"using":"xpath","value":"//li[.//span[text()=\"Manage Partners\"]]"}
COMMAND: POST /session/10905aa29ded037ab27490674a12b44a/element - {"using":"css selector","value":"#shell-header-logo"}
RESULT: {"using":"css selector","value":"#shell-header-logo"}
COMMAND: POST /session/10905aa29ded037ab27490674a12b44a/element/f.0F422B68595C6480DC5AFCDC2C3D17C2.d.419C208B75AA5E06D91E3CEE66E3ADC9.e.1027/click - {}
COMMAND: POST /session/10905aa29ded037ab27490674a12b44a/execute/sync - {"script":"<script> [8489 bytes]","args":[{"element-6066-11e4-a52e-4f735466cecf":"f.0F422B68595C6480DC5AFCDC2C3D17C2.d.419C208B75AA5E06D91E3CEE66E3ADC9.e.1027","ELEMENT":"f.0F422B68595C6480DC5AFCDC2C3D17C2.d.419C208B75AA5E06D91E3CEE66E3ADC9.e.1027"}]}
RESULT: {}
COMMAND: GET /session/10905aa29ded037ab27490674a12b44a/screenshot - {}
RESULT: {"script":"<script> [8489 bytes]","args":[{"element-6066-11e4-a52e-4f735466cecf":"f.0F422B68595C6480DC5AFCDC2C3D17C2.d.419C208B75AA5E06D91E3CEE66E3ADC9.e.1027","ELEMENT":"f.0F422B68595C6480DC5AFCDC2C3D17C2.d.419C208B75AA5E06D91E3CEE66E3ADC9.e.1027"}]}
COMMAND: POST /session/10905aa29ded037ab27490674a12b44a/execute/sync - {"script":"<script> [5351 bytes]","args":[{"element-6066-11e4-a52e-4f735466cecf":"f.0F422B68595C6480DC5AFCDC2C3D17C2.d.419C208B75AA5E06D91E3CEE66E3ADC9.e.1027","ELEMENT":"f.0F422B68595C6480DC5AFCDC2C3D17C2.d.419C208B75AA5E06D91E3CEE66E3ADC9.e.1027"}]}
COMMAND: GET /session/10905aa29ded037ab27490674a12b44a/screenshot - {}
RESULT: {}
RESULT: {"script":"<script> [5351 bytes]","args":[{"element-6066-11e4-a52e-4f735466cecf":"f.0F422B68595C6480DC5AFCDC2C3D17C2.d.419C208B75AA5E06D91E3CEE66E3ADC9.e.1027","ELEMENT":"f.0F422B68595C6480DC5AFCDC2C3D17C2.d.419C208B75AA5E06D91E3CEE66E3ADC9.e.1027"}]}
COMMAND: GET /session/10905aa29ded037ab27490674a12b44a/screenshot - {}
RESULT: {}
RESULT: {}
COMMAND: POST /session/10905aa29ded037ab27490674a12b44a/window/fullscreen - {}
RESULT: {}
COMMAND: POST /session/10905aa29ded037ab27490674a12b44a/execute/async - {"script":"<script> [1562 bytes]","args":[{"selector":{"controlType":"sap.m.GenericTile","properties":{"header":"Manage Partners"}},"wdio_ui5_key":"sapm.GenericTile{\"header\":\"Manage Partners\"}"}]}
RESULT: {"script":"<script> [1562 bytes]","args":[{"selector":{"controlType":"sap.m.GenericTile","properties":{"header":"Manage Partners"}},"wdio_ui5_key":"sapm.GenericTile{\"header\":\"Manage Partners\"}"}]}
RESULT: undefined
COMMAND: POST /session/10905aa29ded037ab27490674a12b44a/element - {"using":"xpath","value":"//*[@id=\"__tile38\"]"}
RESULT: {"using":"xpath","value":"//*[@id=\"__tile38\"]"}
COMMAND: POST /session/10905aa29ded037ab27490674a12b44a/element/f.0F422B68595C6480DC5AFCDC2C3D17C2.d.419C208B75AA5E06D91E3CEE66E3ADC9.e.153/click - {}
RESULT: {}
COMMAND: POST /session/10905aa29ded037ab27490674a12b44a/element - {"using":"xpath","value":"//button[@data-kt=\"addButton\"]"}
COMMAND: GET /session/10905aa29ded037ab27490674a12b44a/screenshot - {}
RESULT: {"using":"xpath","value":"//button[@data-kt=\"addButton\"]"}
COMMAND: POST /session/10905aa29ded037ab27490674a12b44a/elements - {"using":"xpath","value":"//button[@data-kt=\"addButton\"]"}
RESULT: {}
RESULT: {"using":"xpath","value":"//button[@data-kt=\"addButton\"]"}
COMMAND: POST /session/10905aa29ded037ab27490674a12b44a/elements - {"using":"xpath","value":"//button[@data-kt=\"addButton\"]"}
RESULT: {"using":"xpath","value":"//button[@data-kt=\"addButton\"]"}
COMMAND: POST /session/10905aa29ded037ab27490674a12b44a/elements - {"using":"xpath","value":"//button[@data-kt=\"addButton\"]"}
RESULT: {"using":"xpath","value":"//button[@data-kt=\"addButton\"]"}
COMMAND: POST /session/10905aa29ded037ab27490674a12b44a/elements - {"using":"xpath","value":"//button[@data-kt=\"addButton\"]"}
RESULT: {"using":"xpath","value":"//button[@data-kt=\"addButton\"]"}
COMMAND: POST /session/10905aa29ded037ab27490674a12b44a/elements - {"using":"xpath","value":"//button[@data-kt=\"addButton\"]"}
RESULT: {"using":"xpath","value":"//button[@data-kt=\"addButton\"]"}
COMMAND: POST /session/10905aa29ded037ab27490674a12b44a/elements - {"using":"xpath","value":"//button[@data-kt=\"addButton\"]"}
RESULT: {"using":"xpath","value":"//button[@data-kt=\"addButton\"]"}
COMMAND: POST /session/10905aa29ded037ab27490674a12b44a/elements - {"using":"xpath","value":"//button[@data-kt=\"addButton\"]"}
RESULT: {"using":"xpath","value":"//button[@data-kt=\"addButton\"]"}
COMMAND: POST /session/10905aa29ded037ab27490674a12b44a/elements - {"using":"xpath","value":"//button[@data-kt=\"addButton\"]"}
RESULT: {"using":"xpath","value":"//button[@data-kt=\"addButton\"]"}
COMMAND: POST /session/10905aa29ded037ab27490674a12b44a/elements - {"using":"xpath","value":"//button[@data-kt=\"addButton\"]"}
RESULT: {"using":"xpath","value":"//button[@data-kt=\"addButton\"]"}
COMMAND: POST /session/10905aa29ded037ab27490674a12b44a/elements - {"using":"xpath","value":"//button[@data-kt=\"addButton\"]"}
RESULT: {"using":"xpath","value":"//button[@data-kt=\"addButton\"]"}
COMMAND: POST /session/10905aa29ded037ab27490674a12b44a/elements - {"using":"xpath","value":"//button[@data-kt=\"addButton\"]"}
RESULT: {"using":"xpath","value":"//button[@data-kt=\"addButton\"]"}
COMMAND: POST /session/10905aa29ded037ab27490674a12b44a/elements - {"using":"xpath","value":"//button[@data-kt=\"addButton\"]"}
RESULT: {"using":"xpath","value":"//button[@data-kt=\"addButton\"]"}
COMMAND: POST /session/10905aa29ded037ab27490674a12b44a/elements - {"using":"xpath","value":"//button[@data-kt=\"addButton\"]"}
RESULT: {"using":"xpath","value":"//button[@data-kt=\"addButton\"]"}
COMMAND: POST /session/10905aa29ded037ab27490674a12b44a/elements - {"using":"xpath","value":"//button[@data-kt=\"addButton\"]"}
RESULT: {"using":"xpath","value":"//button[@data-kt=\"addButton\"]"}
COMMAND: POST /session/10905aa29ded037ab27490674a12b44a/elements - {"using":"xpath","value":"//button[@data-kt=\"addButton\"]"}
RESULT: {"using":"xpath","value":"//button[@data-kt=\"addButton\"]"}
COMMAND: POST /session/10905aa29ded037ab27490674a12b44a/elements - {"using":"xpath","value":"//button[@data-kt=\"addButton\"]"}
RESULT: {"using":"xpath","value":"//button[@data-kt=\"addButton\"]"}
COMMAND: POST /session/10905aa29ded037ab27490674a12b44a/elements - {"using":"xpath","value":"//button[@data-kt=\"addButton\"]"}
RESULT: {"using":"xpath","value":"//button[@data-kt=\"addButton\"]"}
COMMAND: POST /session/10905aa29ded037ab27490674a12b44a/elements - {"using":"xpath","value":"//button[@data-kt=\"addButton\"]"}
RESULT: {"using":"xpath","value":"//button[@data-kt=\"addButton\"]"}
COMMAND: POST /session/10905aa29ded037ab27490674a12b44a/elements - {"using":"xpath","value":"//button[@data-kt=\"addButton\"]"}
RESULT: {"using":"xpath","value":"//button[@data-kt=\"addButton\"]"}
COMMAND: POST /session/10905aa29ded037ab27490674a12b44a/elements - {"using":"xpath","value":"//button[@data-kt=\"addButton\"]"}
RESULT: {"using":"xpath","value":"//button[@data-kt=\"addButton\"]"}
COMMAND: POST /session/10905aa29ded037ab27490674a12b44a/element - {"using":"xpath","value":"//button[@data-kt=\"addButton\"]"}
RESULT: {"using":"xpath","value":"//button[@data-kt=\"addButton\"]"}
COMMAND: POST /session/10905aa29ded037ab27490674a12b44a/execute/sync - {"script":"<script> [8489 bytes]","args":[{"element-6066-11e4-a52e-4f735466cecf":"f.0F422B68595C6480DC5AFCDC2C3D17C2.d.419C208B75AA5E06D91E3CEE66E3ADC9.e.1063","ELEMENT":"f.0F422B68595C6480DC5AFCDC2C3D17C2.d.419C208B75AA5E06D91E3CEE66E3ADC9.e.1063"}]}
RESULT: {"script":"<script> [8489 bytes]","args":[{"element-6066-11e4-a52e-4f735466cecf":"f.0F422B68595C6480DC5AFCDC2C3D17C2.d.419C208B75AA5E06D91E3CEE66E3ADC9.e.1063","ELEMENT":"f.0F422B68595C6480DC5AFCDC2C3D17C2.d.419C208B75AA5E06D91E3CEE66E3ADC9.e.1063"}]}
COMMAND: GET /session/10905aa29ded037ab27490674a12b44a/element/f.0F422B68595C6480DC5AFCDC2C3D17C2.d.419C208B75AA5E06D91E3CEE66E3ADC9.e.1063/enabled - {}
COMMAND: GET /session/10905aa29ded037ab27490674a12b44a/screenshot - {}
RESULT: {}
COMMAND: POST /session/10905aa29ded037ab27490674a12b44a/execute/sync - {"script":"<script> [8489 bytes]","args":[{"element-6066-11e4-a52e-4f735466cecf":"f.0F422B68595C6480DC5AFCDC2C3D17C2.d.419C208B75AA5E06D91E3CEE66E3ADC9.e.1063","ELEMENT":"f.0F422B68595C6480DC5AFCDC2C3D17C2.d.419C208B75AA5E06D91E3CEE66E3ADC9.e.1063"}]}
COMMAND: GET /session/10905aa29ded037ab27490674a12b44a/screenshot - {}
RESULT: {}
RESULT: {"script":"<script> [8489 bytes]","args":[{"element-6066-11e4-a52e-4f735466cecf":"f.0F422B68595C6480DC5AFCDC2C3D17C2.d.419C208B75AA5E06D91E3CEE66E3ADC9.e.1063","ELEMENT":"f.0F422B68595C6480DC5AFCDC2C3D17C2.d.419C208B75AA5E06D91E3CEE66E3ADC9.e.1063"}]}
COMMAND: POST /session/10905aa29ded037ab27490674a12b44a/execute/sync - {"script":"<script> [5351 bytes]","args":[{"element-6066-11e4-a52e-4f735466cecf":"f.0F422B68595C6480DC5AFCDC2C3D17C2.d.419C208B75AA5E06D91E3CEE66E3ADC9.e.1063","ELEMENT":"f.0F422B68595C6480DC5AFCDC2C3D17C2.d.419C208B75AA5E06D91E3CEE66E3ADC9.e.1063"}]}
COMMAND: GET /session/10905aa29ded037ab27490674a12b44a/screenshot - {}
RESULT: {}
RESULT: {"script":"<script> [5351 bytes]","args":[{"element-6066-11e4-a52e-4f735466cecf":"f.0F422B68595C6480DC5AFCDC2C3D17C2.d.419C208B75AA5E06D91E3CEE66E3ADC9.e.1063","ELEMENT":"f.0F422B68595C6480DC5AFCDC2C3D17C2.d.419C208B75AA5E06D91E3CEE66E3ADC9.e.1063"}]}
COMMAND: POST /session/10905aa29ded037ab27490674a12b44a/element/f.0F422B68595C6480DC5AFCDC2C3D17C2.d.419C208B75AA5E06D91E3CEE66E3ADC9.e.1063/click - {}
COMMAND: GET /session/10905aa29ded037ab27490674a12b44a/screenshot - {}
RESULT: {}
RESULT: {}
COMMAND: GET /session/10905aa29ded037ab27490674a12b44a/screenshot - {}
COMMAND: POST /session/10905aa29ded037ab27490674a12b44a/execute/async - {"script":"<script> [1562 bytes]","args":[{"selector":{"id":"application-managepartners-display-component---NewPartner--addressDetailDetailsName1","interaction":{"idSuffix":"inner"}},"wdio_ui5_key":"applicationmanagepartners-display-component---NewPartner--addressDetailDetailsName1"}]}
RESULT: {}
RESULT: {}
RESULT: {"script":"<script> [1562 bytes]","args":[{"selector":{"id":"application-managepartners-display-component---NewPartner--addressDetailDetailsName1","interaction":{"idSuffix":"inner"}},"wdio_ui5_key":"applicationmanagepartners-display-component---NewPartner--addressDetailDetailsName1"}]}
RESULT: undefined
COMMAND: POST /session/10905aa29ded037ab27490674a12b44a/execute/async - {"script":"<script> [776 bytes]","args":[{"enterText":"External Partner WDIO","selector":{"id":"application-managepartners-display-component---NewPartner--addressDetailDetailsName1","interaction":{"idSuffix":"inner"}},"clearTextFirst":true,"interactionType":"ENTER_TEXT"}]}
RESULT: {"script":"<script> [776 bytes]","args":[{"enterText":"External Partner WDIO","selector":{"id":"application-managepartners-display-component---NewPartner--addressDetailDetailsName1","interaction":{"idSuffix":"inner"}},"clearTextFirst":true,"interactionType":"ENTER_TEXT"}]}
COMMAND: POST /session/10905aa29ded037ab27490674a12b44a/execute/async - {"script":"<script> [1562 bytes]","args":[{"selector":{"id":"application-managepartners-display-component---NewPartner--addressDetailDetailsLanguage-arrow"},"wdio_ui5_key":"applicationmanagepartners-display-component---NewPartner--addressDetailDetailsLanguage-arrow"}]}
RESULT: {"script":"<script> [1562 bytes]","args":[{"selector":{"id":"application-managepartners-display-component---NewPartner--addressDetailDetailsLanguage-arrow"},"wdio_ui5_key":"applicationmanagepartners-display-component---NewPartner--addressDetailDetailsLanguage-arrow"}]}
RESULT: undefined
COMMAND: POST /session/10905aa29ded037ab27490674a12b44a/element - {"using":"xpath","value":"//*[@id=\"application-managepartners-display-component---NewPartner--addressDetailDetailsLanguage-arrow\"]"}
RESULT: {"using":"xpath","value":"//*[@id=\"application-managepartners-display-component---NewPartner--addressDetailDetailsLanguage-arrow\"]"}
COMMAND: POST /session/10905aa29ded037ab27490674a12b44a/element/f.0F422B68595C6480DC5AFCDC2C3D17C2.d.419C208B75AA5E06D91E3CEE66E3ADC9.e.1518/click - {}
RESULT: {}
COMMAND: POST /session/10905aa29ded037ab27490674a12b44a/element - {"using":"xpath","value":"//span[contains(text(), \"English\")]"}
COMMAND: GET /session/10905aa29ded037ab27490674a12b44a/screenshot - {}
RESULT: {"using":"xpath","value":"//span[contains(text(), \"English\")]"}
COMMAND: POST /session/10905aa29ded037ab27490674a12b44a/element/f.0F422B68595C6480DC5AFCDC2C3D17C2.d.419C208B75AA5E06D91E3CEE66E3ADC9.e.1519/click - {}
RESULT: {}
RESULT: {}
COMMAND: GET /session/10905aa29ded037ab27490674a12b44a/screenshot - {}
RESULT: {}
COMMAND: POST /session/10905aa29ded037ab27490674a12b44a/execute/async - {"script":"<script> [1562 bytes]","args":[{"selector":{"id":"application-managepartners-display-component---NewPartner--addressDetailDetailsCity1","interaction":{"idSuffix":"inner"}},"wdio_ui5_key":"applicationmanagepartners-display-component---NewPartner--addressDetailDetailsCity1"}]}
RESULT: {"script":"<script> [1562 bytes]","args":[{"selector":{"id":"application-managepartners-display-component---NewPartner--addressDetailDetailsCity1","interaction":{"idSuffix":"inner"}},"wdio_ui5_key":"applicationmanagepartners-display-component---NewPartner--addressDetailDetailsCity1"}]}
RESULT: undefined
COMMAND: POST /session/10905aa29ded037ab27490674a12b44a/execute/async - {"script":"<script> [776 bytes]","args":[{"enterText":"Rosario","selector":{"id":"application-managepartners-display-component---NewPartner--addressDetailDetailsCity1","interaction":{"idSuffix":"inner"}},"clearTextFirst":true,"interactionType":"ENTER_TEXT"}]}
RESULT: {"script":"<script> [776 bytes]","args":[{"enterText":"Rosario","selector":{"id":"application-managepartners-display-component---NewPartner--addressDetailDetailsCity1","interaction":{"idSuffix":"inner"}},"clearTextFirst":true,"interactionType":"ENTER_TEXT"}]}
COMMAND: POST /session/10905aa29ded037ab27490674a12b44a/execute/async - {"script":"<script> [1562 bytes]","args":[{"selector":{"id":"application-managepartners-display-component---NewPartner--addressDetailDetailsCountry-arrow"},"wdio_ui5_key":"applicationmanagepartners-display-component---NewPartner--addressDetailDetailsCountry-arrow"}]}
RESULT: {"script":"<script> [1562 bytes]","args":[{"selector":{"id":"application-managepartners-display-component---NewPartner--addressDetailDetailsCountry-arrow"},"wdio_ui5_key":"applicationmanagepartners-display-component---NewPartner--addressDetailDetailsCountry-arrow"}]}
RESULT: undefined
COMMAND: POST /session/10905aa29ded037ab27490674a12b44a/element - {"using":"xpath","value":"//*[@id=\"application-managepartners-display-component---NewPartner--addressDetailDetailsCountry-arrow\"]"}
RESULT: {"using":"xpath","value":"//*[@id=\"application-managepartners-display-component---NewPartner--addressDetailDetailsCountry-arrow\"]"}
COMMAND: POST /session/10905aa29ded037ab27490674a12b44a/element/f.0F422B68595C6480DC5AFCDC2C3D17C2.d.419C208B75AA5E06D91E3CEE66E3ADC9.e.1486/click - {}
RESULT: {}
COMMAND: POST /session/10905aa29ded037ab27490674a12b44a/element - {"using":"xpath","value":"//span[contains(text(), \"Argentina\")]"}
COMMAND: GET /session/10905aa29ded037ab27490674a12b44a/screenshot - {}
RESULT: {"using":"xpath","value":"//span[contains(text(), \"Argentina\")]"}
COMMAND: POST /session/10905aa29ded037ab27490674a12b44a/element/f.0F422B68595C6480DC5AFCDC2C3D17C2.d.419C208B75AA5E06D91E3CEE66E3ADC9.e.1521/click - {}
RESULT: {}
RESULT: {}
COMMAND: GET /session/10905aa29ded037ab27490674a12b44a/screenshot - {}
RESULT: {}
COMMAND: POST /session/10905aa29ded037ab27490674a12b44a/element - {"using":"xpath","value":"//bdi[contains(text(), \"Commercial\")]"}
RESULT: {"using":"xpath","value":"//bdi[contains(text(), \"Commercial\")]"}
COMMAND: POST /session/10905aa29ded037ab27490674a12b44a/element/f.0F422B68595C6480DC5AFCDC2C3D17C2.d.419C208B75AA5E06D91E3CEE66E3ADC9.e.1522/click - {}
RESULT: {}
COMMAND: GET /session/10905aa29ded037ab27490674a12b44a/screenshot - {}
RESULT: {}
COMMAND: POST /session/10905aa29ded037ab27490674a12b44a/execute/async - {"script":"<script> [1562 bytes]","args":[{"selector":{"id":"application-managepartners-display-component---NewPartner--partnerDetailInternal-arrow"},"wdio_ui5_key":"applicationmanagepartners-display-component---NewPartner--partnerDetailInternal-arrow"}]}
RESULT: {"script":"<script> [1562 bytes]","args":[{"selector":{"id":"application-managepartners-display-component---NewPartner--partnerDetailInternal-arrow"},"wdio_ui5_key":"applicationmanagepartners-display-component---NewPartner--partnerDetailInternal-arrow"}]}
RESULT: undefined
COMMAND: POST /session/10905aa29ded037ab27490674a12b44a/element - {"using":"xpath","value":"//*[@id=\"application-managepartners-display-component---NewPartner--partnerDetailInternal-arrow\"]"}
RESULT: {"using":"xpath","value":"//*[@id=\"application-managepartners-display-component---NewPartner--partnerDetailInternal-arrow\"]"}
COMMAND: POST /session/10905aa29ded037ab27490674a12b44a/element/f.0F422B68595C6480DC5AFCDC2C3D17C2.d.419C208B75AA5E06D91E3CEE66E3ADC9.e.1530/click - {}
RESULT: {}
COMMAND: POST /session/10905aa29ded037ab27490674a12b44a/element - {"using":"xpath","value":"//span[contains(text(), \"External partner\")]"}
COMMAND: GET /session/10905aa29ded037ab27490674a12b44a/screenshot - {}
RESULT: {"using":"xpath","value":"//span[contains(text(), \"External partner\")]"}
COMMAND: POST /session/10905aa29ded037ab27490674a12b44a/element/f.0F422B68595C6480DC5AFCDC2C3D17C2.d.419C208B75AA5E06D91E3CEE66E3ADC9.e.1531/click - {}
RESULT: {}
RESULT: {}
COMMAND: POST /session/10905aa29ded037ab27490674a12b44a/execute/async - {"script":"<script> [1562 bytes]","args":[{"selector":{"id":"application-managepartners-display-component---NewPartner--partnerDetailsCurrency-arrow"},"wdio_ui5_key":"applicationmanagepartners-display-component---NewPartner--partnerDetailsCurrency-arrow"}]}
COMMAND: GET /session/10905aa29ded037ab27490674a12b44a/screenshot - {}
RESULT: {"script":"<script> [1562 bytes]","args":[{"selector":{"id":"application-managepartners-display-component---NewPartner--partnerDetailsCurrency-arrow"},"wdio_ui5_key":"applicationmanagepartners-display-component---NewPartner--partnerDetailsCurrency-arrow"}]}
RESULT: undefined
COMMAND: POST /session/10905aa29ded037ab27490674a12b44a/element - {"using":"xpath","value":"//*[@id=\"application-managepartners-display-component---NewPartner--partnerDetailsCurrency-arrow\"]"}
RESULT: {}
RESULT: {"using":"xpath","value":"//*[@id=\"application-managepartners-display-component---NewPartner--partnerDetailsCurrency-arrow\"]"}
COMMAND: POST /session/10905aa29ded037ab27490674a12b44a/element/f.0F422B68595C6480DC5AFCDC2C3D17C2.d.419C208B75AA5E06D91E3CEE66E3ADC9.e.1536/click - {}
RESULT: {}
COMMAND: POST /session/10905aa29ded037ab27490674a12b44a/element - {"using":"xpath","value":"//span[contains(text(), \"US Dollar\")]"}
COMMAND: GET /session/10905aa29ded037ab27490674a12b44a/screenshot - {}
RESULT: {"using":"xpath","value":"//span[contains(text(), \"US Dollar\")]"}
COMMAND: POST /session/10905aa29ded037ab27490674a12b44a/element/f.0F422B68595C6480DC5AFCDC2C3D17C2.d.419C208B75AA5E06D91E3CEE66E3ADC9.e.1537/click - {}
RESULT: {}
RESULT: {}
COMMAND: GET /session/10905aa29ded037ab27490674a12b44a/screenshot - {}
RESULT: {}
COMMAND: POST /session/10905aa29ded037ab27490674a12b44a/element - {"using":"xpath","value":"//input[@id=\"application-managepartners-display-component---NewPartner--companyCodeComboBox-inner\"]"}
RESULT: {"using":"xpath","value":"//input[@id=\"application-managepartners-display-component---NewPartner--companyCodeComboBox-inner\"]"}
COMMAND: POST /session/10905aa29ded037ab27490674a12b44a/element/f.0F422B68595C6480DC5AFCDC2C3D17C2.d.419C208B75AA5E06D91E3CEE66E3ADC9.e.1377/clear - {}
RESULT: {}
COMMAND: POST /session/10905aa29ded037ab27490674a12b44a/element/f.0F422B68595C6480DC5AFCDC2C3D17C2.d.419C208B75AA5E06D91E3CEE66E3ADC9.e.1377/value - {"text":"C002"}
COMMAND: GET /session/10905aa29ded037ab27490674a12b44a/screenshot - {}
RESULT: {"text":"C002"}
COMMAND: GET /session/10905aa29ded037ab27490674a12b44a/screenshot - {}
RESULT: {}
RESULT: {}
COMMAND: POST /session/10905aa29ded037ab27490674a12b44a/element - {"using":"xpath","value":"//span[contains(text(), \"C002\")]"}
RESULT: {"using":"xpath","value":"//span[contains(text(), \"C002\")]"}
COMMAND: POST /session/10905aa29ded037ab27490674a12b44a/element/f.0F422B68595C6480DC5AFCDC2C3D17C2.d.419C208B75AA5E06D91E3CEE66E3ADC9.e.1541/click - {}
RESULT: {}
COMMAND: GET /session/10905aa29ded037ab27490674a12b44a/screenshot - {}
RESULT: {}
COMMAND: POST /session/10905aa29ded037ab27490674a12b44a/execute/async - {"script":"<script> [1562 bytes]","args":[{"selector":{"id":"application-managepartners-display-component---NewPartner--btnAddTableRow-img"},"wdio_ui5_key":"applicationmanagepartners-display-component---NewPartner--btnAddTableRow-img"}]}
RESULT: {"script":"<script> [1562 bytes]","args":[{"selector":{"id":"application-managepartners-display-component---NewPartner--btnAddTableRow-img"},"wdio_ui5_key":"applicationmanagepartners-display-component---NewPartner--btnAddTableRow-img"}]}
RESULT: undefined
COMMAND: POST /session/10905aa29ded037ab27490674a12b44a/element - {"using":"xpath","value":"//*[@id=\"application-managepartners-display-component---NewPartner--btnAddTableRow-img\"]"}
RESULT: {"using":"xpath","value":"//*[@id=\"application-managepartners-display-component---NewPartner--btnAddTableRow-img\"]"}
COMMAND: POST /session/10905aa29ded037ab27490674a12b44a/element/f.0F422B68595C6480DC5AFCDC2C3D17C2.d.419C208B75AA5E06D91E3CEE66E3ADC9.e.1542/click - {}
RESULT: {}
COMMAND: GET /session/10905aa29ded037ab27490674a12b44a/screenshot - {}
RESULT: {}
COMMAND: POST /session/10905aa29ded037ab27490674a12b44a/element - {"using":"xpath","value":"//input[@id=\"application-managepartners-display-component---NewPartner--assignmentYard-application-managepartners-display-component---NewPartner--assignmentsTable-0-inner\"]"}
RESULT: {"using":"xpath","value":"//input[@id=\"application-managepartners-display-component---NewPartner--assignmentYard-application-managepartners-display-component---NewPartner--assignmentsTable-0-inner\"]"}
COMMAND: POST /session/10905aa29ded037ab27490674a12b44a/element/f.0F422B68595C6480DC5AFCDC2C3D17C2.d.419C208B75AA5E06D91E3CEE66E3ADC9.e.1545/clear - {}
RESULT: {}
COMMAND: POST /session/10905aa29ded037ab27490674a12b44a/element/f.0F422B68595C6480DC5AFCDC2C3D17C2.d.419C208B75AA5E06D91E3CEE66E3ADC9.e.1545/value - {"text":"416"}
COMMAND: GET /session/10905aa29ded037ab27490674a12b44a/screenshot - {}
RESULT: {"text":"416"}
COMMAND: GET /session/10905aa29ded037ab27490674a12b44a/screenshot - {}
RESULT: {}
RESULT: {}
COMMAND: POST /session/10905aa29ded037ab27490674a12b44a/element - {"using":"xpath","value":"//li[.//span[text()='416']]"}
RESULT: {"using":"xpath","value":"//li[.//span[text()='416']]"}
COMMAND: POST /session/10905aa29ded037ab27490674a12b44a/element/f.0F422B68595C6480DC5AFCDC2C3D17C2.d.419C208B75AA5E06D91E3CEE66E3ADC9.e.1553/click - {}
RESULT: {}
COMMAND: GET /session/10905aa29ded037ab27490674a12b44a/screenshot - {}
RESULT: {}
COMMAND: POST /session/10905aa29ded037ab27490674a12b44a/actions - {"actions":[{"id":"action2","type":"key","parameters":{},"actions":[{"type":"keyDown","value":"î€‡"},{"type":"pause","duration":10},{"type":"keyUp","value":"î€‡"}]}]}
RESULT: {"actions":[{"id":"action2","type":"key","parameters":{},"actions":[{"type":"keyDown","value":"î€‡"},{"type":"pause","duration":10},{"type":"keyUp","value":"î€‡"}]}]}
COMMAND: POST /session/10905aa29ded037ab27490674a12b44a/element - {"using":"xpath","value":"//td[contains(@id, \"assignmentsTable-0-cell2\")]/div/div"}
COMMAND: GET /session/10905aa29ded037ab27490674a12b44a/screenshot - {}
RESULT: {"using":"xpath","value":"//td[contains(@id, \"assignmentsTable-0-cell2\")]/div/div"}
COMMAND: POST /session/10905aa29ded037ab27490674a12b44a/element/f.0F422B68595C6480DC5AFCDC2C3D17C2.d.419C208B75AA5E06D91E3CEE66E3ADC9.e.1556/click - {}
RESULT: {}
RESULT: {}
COMMAND: GET /session/10905aa29ded037ab27490674a12b44a/screenshot - {}
RESULT: {}
COMMAND: POST /session/10905aa29ded037ab27490674a12b44a/element - {"using":"xpath","value":"//button[@data-kt=\"saveButton\"]"}
RESULT: {"using":"xpath","value":"//button[@data-kt=\"saveButton\"]"}
COMMAND: POST /session/10905aa29ded037ab27490674a12b44a/element/f.0F422B68595C6480DC5AFCDC2C3D17C2.d.419C208B75AA5E06D91E3CEE66E3ADC9.e.1422/click - {}
RESULT: {}
COMMAND: GET /session/10905aa29ded037ab27490674a12b44a/screenshot - {}
RESULT: {}
COMMAND: POST /session/10905aa29ded037ab27490674a12b44a/element - {"using":"xpath","value":"//header[contains(@id, 'ObjectPageLayout-headerTitle')]/div[1]/div[2]/div[2]/span[1]"}
RESULT: {"using":"xpath","value":"//header[contains(@id, 'ObjectPageLayout-headerTitle')]/div[1]/div[2]/div[2]/span[1]"}
COMMAND: POST /session/10905aa29ded037ab27490674a12b44a/elements - {"using":"xpath","value":"//header[contains(@id, 'ObjectPageLayout-headerTitle')]/div[1]/div[2]/div[2]/span[1]"}
RESULT: {"using":"xpath","value":"//header[contains(@id, 'ObjectPageLayout-headerTitle')]/div[1]/div[2]/div[2]/span[1]"}
COMMAND: POST /session/10905aa29ded037ab27490674a12b44a/execute/sync - {"script":"<script> [56 bytes]","args":[{"element-6066-11e4-a52e-4f735466cecf":"f.0F422B68595C6480DC5AFCDC2C3D17C2.d.419C208B75AA5E06D91E3CEE66E3ADC9.e.1718","ELEMENT":"f.0F422B68595C6480DC5AFCDC2C3D17C2.d.419C208B75AA5E06D91E3CEE66E3ADC9.e.1718"}]}
RESULT: {"script":"<script> [56 bytes]","args":[{"element-6066-11e4-a52e-4f735466cecf":"f.0F422B68595C6480DC5AFCDC2C3D17C2.d.419C208B75AA5E06D91E3CEE66E3ADC9.e.1718","ELEMENT":"f.0F422B68595C6480DC5AFCDC2C3D17C2.d.419C208B75AA5E06D91E3CEE66E3ADC9.e.1718"}]}
COMMAND: POST /session/10905aa29ded037ab27490674a12b44a/element - {"using":"css selector","value":"#shell-header-logo"}
COMMAND: GET /session/10905aa29ded037ab27490674a12b44a/screenshot - {}
RESULT: {"using":"css selector","value":"#shell-header-logo"}
COMMAND: POST /session/10905aa29ded037ab27490674a12b44a/element/f.0F422B68595C6480DC5AFCDC2C3D17C2.d.419C208B75AA5E06D91E3CEE66E3ADC9.e.1027/click - {}
RESULT: {}
RESULT: {}
COMMAND: GET /session/10905aa29ded037ab27490674a12b44a/screenshot - {}
RESULT: {}
COMMAND: POST /session/10905aa29ded037ab27490674a12b44a/execute/sync - {"script":"<script> [299 bytes]","args":[["getModel","getResource"]]}
RESULT: {"script":"<script> [299 bytes]","args":[["getModel","getResource"]]}
COMMAND: GET /session/10905aa29ded037ab27490674a12b44a/screenshot - {}
]]></system-out>
    </testcase>
    <testcase classname="chrome.135_0_7049_96.windows.Partner_specific_tests_US150819_US151080_US151654_US151176_US103444_US151078_US151079_US151109_US151174_US151175_US151189" name="Should filter and search partners US151080" time="89.133">
      <system-out><![CDATA[
COMMAND: POST /session/10905aa29ded037ab27490674a12b44a/element - {"using":"xpath","value":"//li[.//span[text()=\"Manage Partners\"]]"}
RESULT: {}
RESULT: {"using":"xpath","value":"//li[.//span[text()=\"Manage Partners\"]]"}
COMMAND: POST /session/10905aa29ded037ab27490674a12b44a/element - {"using":"xpath","value":"//li[.//span[text()=\"Manage Partners\"]]"}
RESULT: {"using":"xpath","value":"//li[.//span[text()=\"Manage Partners\"]]"}
COMMAND: POST /session/10905aa29ded037ab27490674a12b44a/element - {"using":"css selector","value":"#shell-header-logo"}
RESULT: {"using":"css selector","value":"#shell-header-logo"}
COMMAND: POST /session/10905aa29ded037ab27490674a12b44a/element/f.0F422B68595C6480DC5AFCDC2C3D17C2.d.419C208B75AA5E06D91E3CEE66E3ADC9.e.1720/click - {}
COMMAND: POST /session/10905aa29ded037ab27490674a12b44a/execute/sync - {"script":"<script> [8489 bytes]","args":[{"element-6066-11e4-a52e-4f735466cecf":"f.0F422B68595C6480DC5AFCDC2C3D17C2.d.419C208B75AA5E06D91E3CEE66E3ADC9.e.1720","ELEMENT":"f.0F422B68595C6480DC5AFCDC2C3D17C2.d.419C208B75AA5E06D91E3CEE66E3ADC9.e.1720"}]}
RESULT: {}
COMMAND: GET /session/10905aa29ded037ab27490674a12b44a/screenshot - {}
RESULT: {"script":"<script> [8489 bytes]","args":[{"element-6066-11e4-a52e-4f735466cecf":"f.0F422B68595C6480DC5AFCDC2C3D17C2.d.419C208B75AA5E06D91E3CEE66E3ADC9.e.1720","ELEMENT":"f.0F422B68595C6480DC5AFCDC2C3D17C2.d.419C208B75AA5E06D91E3CEE66E3ADC9.e.1720"}]}
COMMAND: POST /session/10905aa29ded037ab27490674a12b44a/execute/sync - {"script":"<script> [5351 bytes]","args":[{"element-6066-11e4-a52e-4f735466cecf":"f.0F422B68595C6480DC5AFCDC2C3D17C2.d.419C208B75AA5E06D91E3CEE66E3ADC9.e.1720","ELEMENT":"f.0F422B68595C6480DC5AFCDC2C3D17C2.d.419C208B75AA5E06D91E3CEE66E3ADC9.e.1720"}]}
COMMAND: GET /session/10905aa29ded037ab27490674a12b44a/screenshot - {}
RESULT: {}
RESULT: {"script":"<script> [5351 bytes]","args":[{"element-6066-11e4-a52e-4f735466cecf":"f.0F422B68595C6480DC5AFCDC2C3D17C2.d.419C208B75AA5E06D91E3CEE66E3ADC9.e.1720","ELEMENT":"f.0F422B68595C6480DC5AFCDC2C3D17C2.d.419C208B75AA5E06D91E3CEE66E3ADC9.e.1720"}]}
COMMAND: GET /session/10905aa29ded037ab27490674a12b44a/screenshot - {}
RESULT: {}
RESULT: {}
RESULT: undefined
COMMAND: POST /session/10905aa29ded037ab27490674a12b44a/element - {"using":"xpath","value":"//*[@id=\"__tile38\"]"}
RESULT: {"using":"xpath","value":"//*[@id=\"__tile38\"]"}
COMMAND: POST /session/10905aa29ded037ab27490674a12b44a/element/f.0F422B68595C6480DC5AFCDC2C3D17C2.d.419C208B75AA5E06D91E3CEE66E3ADC9.e.153/click - {}
RESULT: {}
COMMAND: POST /session/10905aa29ded037ab27490674a12b44a/element - {"using":"xpath","value":"//button[@data-kt=\"addButton\"]"}
COMMAND: GET /session/10905aa29ded037ab27490674a12b44a/screenshot - {}
RESULT: {"using":"xpath","value":"//button[@data-kt=\"addButton\"]"}
COMMAND: POST /session/10905aa29ded037ab27490674a12b44a/elements - {"using":"xpath","value":"//button[@data-kt=\"addButton\"]"}
RESULT: {}
RESULT: {"using":"xpath","value":"//button[@data-kt=\"addButton\"]"}
COMMAND: POST /session/10905aa29ded037ab27490674a12b44a/elements - {"using":"xpath","value":"//button[@data-kt=\"addButton\"]"}
RESULT: {"using":"xpath","value":"//button[@data-kt=\"addButton\"]"}
COMMAND: POST /session/10905aa29ded037ab27490674a12b44a/elements - {"using":"xpath","value":"//button[@data-kt=\"addButton\"]"}
RESULT: {"using":"xpath","value":"//button[@data-kt=\"addButton\"]"}
COMMAND: POST /session/10905aa29ded037ab27490674a12b44a/element - {"using":"xpath","value":"//button[@data-kt=\"addButton\"]"}
RESULT: {"using":"xpath","value":"//button[@data-kt=\"addButton\"]"}
COMMAND: POST /session/10905aa29ded037ab27490674a12b44a/execute/sync - {"script":"<script> [8489 bytes]","args":[{"element-6066-11e4-a52e-4f735466cecf":"f.0F422B68595C6480DC5AFCDC2C3D17C2.d.419C208B75AA5E06D91E3CEE66E3ADC9.e.1765","ELEMENT":"f.0F422B68595C6480DC5AFCDC2C3D17C2.d.419C208B75AA5E06D91E3CEE66E3ADC9.e.1765"}]}
RESULT: {"script":"<script> [8489 bytes]","args":[{"element-6066-11e4-a52e-4f735466cecf":"f.0F422B68595C6480DC5AFCDC2C3D17C2.d.419C208B75AA5E06D91E3CEE66E3ADC9.e.1765","ELEMENT":"f.0F422B68595C6480DC5AFCDC2C3D17C2.d.419C208B75AA5E06D91E3CEE66E3ADC9.e.1765"}]}
COMMAND: GET /session/10905aa29ded037ab27490674a12b44a/element/f.0F422B68595C6480DC5AFCDC2C3D17C2.d.419C208B75AA5E06D91E3CEE66E3ADC9.e.1765/enabled - {}
COMMAND: GET /session/10905aa29ded037ab27490674a12b44a/screenshot - {}
RESULT: {}
COMMAND: POST /session/10905aa29ded037ab27490674a12b44a/execute/sync - {"script":"<script> [8489 bytes]","args":[{"element-6066-11e4-a52e-4f735466cecf":"f.0F422B68595C6480DC5AFCDC2C3D17C2.d.419C208B75AA5E06D91E3CEE66E3ADC9.e.1765","ELEMENT":"f.0F422B68595C6480DC5AFCDC2C3D17C2.d.419C208B75AA5E06D91E3CEE66E3ADC9.e.1765"}]}
COMMAND: GET /session/10905aa29ded037ab27490674a12b44a/screenshot - {}
RESULT: {}
RESULT: {"script":"<script> [8489 bytes]","args":[{"element-6066-11e4-a52e-4f735466cecf":"f.0F422B68595C6480DC5AFCDC2C3D17C2.d.419C208B75AA5E06D91E3CEE66E3ADC9.e.1765","ELEMENT":"f.0F422B68595C6480DC5AFCDC2C3D17C2.d.419C208B75AA5E06D91E3CEE66E3ADC9.e.1765"}]}
COMMAND: POST /session/10905aa29ded037ab27490674a12b44a/execute/sync - {"script":"<script> [5351 bytes]","args":[{"element-6066-11e4-a52e-4f735466cecf":"f.0F422B68595C6480DC5AFCDC2C3D17C2.d.419C208B75AA5E06D91E3CEE66E3ADC9.e.1765","ELEMENT":"f.0F422B68595C6480DC5AFCDC2C3D17C2.d.419C208B75AA5E06D91E3CEE66E3ADC9.e.1765"}]}
COMMAND: GET /session/10905aa29ded037ab27490674a12b44a/screenshot - {}
RESULT: {}
RESULT: {"script":"<script> [5351 bytes]","args":[{"element-6066-11e4-a52e-4f735466cecf":"f.0F422B68595C6480DC5AFCDC2C3D17C2.d.419C208B75AA5E06D91E3CEE66E3ADC9.e.1765","ELEMENT":"f.0F422B68595C6480DC5AFCDC2C3D17C2.d.419C208B75AA5E06D91E3CEE66E3ADC9.e.1765"}]}
COMMAND: GET /session/10905aa29ded037ab27490674a12b44a/screenshot - {}
RESULT: {}
RESULT: {}
COMMAND: POST /session/10905aa29ded037ab27490674a12b44a/execute/async - {"script":"<script> [1562 bytes]","args":[{"selector":{"id":"application-managepartners-display-component---masterPtm--smartTable-btnPersonalisation-img"},"wdio_ui5_key":"applicationmanagepartners-display-component---masterPtm--smartTable-btnPersonalisation-img"}]}
RESULT: {"script":"<script> [1562 bytes]","args":[{"selector":{"id":"application-managepartners-display-component---masterPtm--smartTable-btnPersonalisation-img"},"wdio_ui5_key":"applicationmanagepartners-display-component---masterPtm--smartTable-btnPersonalisation-img"}]}
RESULT: undefined
COMMAND: POST /session/10905aa29ded037ab27490674a12b44a/element - {"using":"xpath","value":"//*[@id=\"application-managepartners-display-component---masterPtm--smartTable-btnPersonalisation-img\"]"}
RESULT: {"using":"xpath","value":"//*[@id=\"application-managepartners-display-component---masterPtm--smartTable-btnPersonalisation-img\"]"}
COMMAND: POST /session/10905aa29ded037ab27490674a12b44a/element/f.0F422B68595C6480DC5AFCDC2C3D17C2.d.419C208B75AA5E06D91E3CEE66E3ADC9.e.1770/click - {}
RESULT: {}
COMMAND: GET /session/10905aa29ded037ab27490674a12b44a/screenshot - {}
RESULT: {}
COMMAND: POST /session/10905aa29ded037ab27490674a12b44a/execute/async - {"script":"<script> [1562 bytes]","args":[{"selector":{"controlType":"sap.m.IconTabFilter","viewName":"etm.portal.ui.managepartners.view.Master","viewId":"application-managepartners-display-component---masterPtm","properties":{"text":"Sort"},"searchOpenDialogs":true,"interaction":{"idSuffix":"text"}},"wdio_ui5_key":"etmportal.ui.managepartners.view.Mastersap.m.IconTabFilter{\"text\":\"Sort\"}"}]}
RESULT: {"script":"<script> [1562 bytes]","args":[{"selector":{"controlType":"sap.m.IconTabFilter","viewName":"etm.portal.ui.managepartners.view.Master","viewId":"application-managepartners-display-component---masterPtm","properties":{"text":"Sort"},"searchOpenDialogs":true,"interaction":{"idSuffix":"text"}},"wdio_ui5_key":"etmportal.ui.managepartners.view.Mastersap.m.IconTabFilter{\"text\":\"Sort\"}"}]}
RESULT: undefined
COMMAND: POST /session/10905aa29ded037ab27490674a12b44a/element - {"using":"xpath","value":"//*[@id=\"__filter1\"]"}
RESULT: {"using":"xpath","value":"//*[@id=\"__filter1\"]"}
COMMAND: POST /session/10905aa29ded037ab27490674a12b44a/element/f.0F422B68595C6480DC5AFCDC2C3D17C2.d.419C208B75AA5E06D91E3CEE66E3ADC9.e.1912/click - {}
RESULT: {}
COMMAND: GET /session/10905aa29ded037ab27490674a12b44a/screenshot - {}
RESULT: {}
COMMAND: POST /session/10905aa29ded037ab27490674a12b44a/element - {"using":"xpath","value":"//input[@placeholder=\"Sort by\"]/following-sibling::div//span"}
RESULT: {"using":"xpath","value":"//input[@placeholder=\"Sort by\"]/following-sibling::div//span"}
COMMAND: POST /session/10905aa29ded037ab27490674a12b44a/element/f.0F422B68595C6480DC5AFCDC2C3D17C2.d.419C208B75AA5E06D91E3CEE66E3ADC9.e.1914/click - {}
RESULT: {}
COMMAND: GET /session/10905aa29ded037ab27490674a12b44a/screenshot - {}
RESULT: {}
COMMAND: POST /session/10905aa29ded037ab27490674a12b44a/element - {"using":"xpath","value":"//li[.//span[text()=\"Language\"]]"}
RESULT: {"using":"xpath","value":"//li[.//span[text()=\"Language\"]]"}
COMMAND: POST /session/10905aa29ded037ab27490674a12b44a/element/f.0F422B68595C6480DC5AFCDC2C3D17C2.d.419C208B75AA5E06D91E3CEE66E3ADC9.e.1915/click - {}
RESULT: {}
COMMAND: GET /session/10905aa29ded037ab27490674a12b44a/screenshot - {}
RESULT: {}
COMMAND: POST /session/10905aa29ded037ab27490674a12b44a/element - {"using":"xpath","value":"//bdi[contains(text(), \"OK\")]"}
RESULT: {"using":"xpath","value":"//bdi[contains(text(), \"OK\")]"}
COMMAND: POST /session/10905aa29ded037ab27490674a12b44a/element/f.0F422B68595C6480DC5AFCDC2C3D17C2.d.419C208B75AA5E06D91E3CEE66E3ADC9.e.1919/click - {}
RESULT: {}
COMMAND: GET /session/10905aa29ded037ab27490674a12b44a/screenshot - {}
RESULT: {}
COMMAND: POST /session/10905aa29ded037ab27490674a12b44a/element - {"using":"xpath","value":"//table[contains(@id, \"customPartnersTable\")]//tbody/tr[1]/td[3]/span"}
RESULT: {"using":"xpath","value":"//table[contains(@id, \"customPartnersTable\")]//tbody/tr[1]/td[3]/span"}
COMMAND: POST /session/10905aa29ded037ab27490674a12b44a/execute/sync - {"script":"<script> [56 bytes]","args":[{"element-6066-11e4-a52e-4f735466cecf":"f.0F422B68595C6480DC5AFCDC2C3D17C2.d.419C208B75AA5E06D91E3CEE66E3ADC9.e.2043","ELEMENT":"f.0F422B68595C6480DC5AFCDC2C3D17C2.d.419C208B75AA5E06D91E3CEE66E3ADC9.e.2043"}]}
RESULT: {"script":"<script> [56 bytes]","args":[{"element-6066-11e4-a52e-4f735466cecf":"f.0F422B68595C6480DC5AFCDC2C3D17C2.d.419C208B75AA5E06D91E3CEE66E3ADC9.e.2043","ELEMENT":"f.0F422B68595C6480DC5AFCDC2C3D17C2.d.419C208B75AA5E06D91E3CEE66E3ADC9.e.2043"}]}
RESULT: undefined
COMMAND: POST /session/10905aa29ded037ab27490674a12b44a/element - {"using":"xpath","value":"//*[@id=\"application-managepartners-display-component---masterPtm--smartTable-btnPersonalisation-img\"]"}
COMMAND: GET /session/10905aa29ded037ab27490674a12b44a/screenshot - {}
RESULT: {"using":"xpath","value":"//*[@id=\"application-managepartners-display-component---masterPtm--smartTable-btnPersonalisation-img\"]"}
COMMAND: POST /session/10905aa29ded037ab27490674a12b44a/element/f.0F422B68595C6480DC5AFCDC2C3D17C2.d.419C208B75AA5E06D91E3CEE66E3ADC9.e.1770/click - {}
RESULT: {}
RESULT: {}
COMMAND: GET /session/10905aa29ded037ab27490674a12b44a/screenshot - {}
RESULT: {}
COMMAND: POST /session/10905aa29ded037ab27490674a12b44a/element - {"using":"xpath","value":"//bdi[contains(text(), \"Reset\")]"}
RESULT: {"using":"xpath","value":"//bdi[contains(text(), \"Reset\")]"}
COMMAND: POST /session/10905aa29ded037ab27490674a12b44a/element/f.0F422B68595C6480DC5AFCDC2C3D17C2.d.419C208B75AA5E06D91E3CEE66E3ADC9.e.2047/click - {}
RESULT: {}
COMMAND: GET /session/10905aa29ded037ab27490674a12b44a/screenshot - {}
RESULT: {}
COMMAND: POST /session/10905aa29ded037ab27490674a12b44a/element - {"using":"xpath","value":"(//bdi[contains(text(), \"OK\")])[2]"}
RESULT: {"using":"xpath","value":"(//bdi[contains(text(), \"OK\")])[2]"}
COMMAND: POST /session/10905aa29ded037ab27490674a12b44a/element/f.0F422B68595C6480DC5AFCDC2C3D17C2.d.419C208B75AA5E06D91E3CEE66E3ADC9.e.2050/click - {}
RESULT: {}
COMMAND: GET /session/10905aa29ded037ab27490674a12b44a/screenshot - {}
RESULT: {}
COMMAND: POST /session/10905aa29ded037ab27490674a12b44a/element - {"using":"xpath","value":"//bdi[contains(text(), \"OK\")]"}
RESULT: {"using":"xpath","value":"//bdi[contains(text(), \"OK\")]"}
COMMAND: POST /session/10905aa29ded037ab27490674a12b44a/element/f.0F422B68595C6480DC5AFCDC2C3D17C2.d.419C208B75AA5E06D91E3CEE66E3ADC9.e.2101/click - {}
RESULT: {}
COMMAND: GET /session/10905aa29ded037ab27490674a12b44a/screenshot - {}
RESULT: {}
COMMAND: POST /session/10905aa29ded037ab27490674a12b44a/element - {"using":"xpath","value":"//table[contains(@id, \"customPartnersTable\")]//tbody/tr[1]/td[3]/span"}
RESULT: {"using":"xpath","value":"//table[contains(@id, \"customPartnersTable\")]//tbody/tr[1]/td[3]/span"}
COMMAND: POST /session/10905aa29ded037ab27490674a12b44a/execute/sync - {"script":"<script> [56 bytes]","args":[{"element-6066-11e4-a52e-4f735466cecf":"f.0F422B68595C6480DC5AFCDC2C3D17C2.d.419C208B75AA5E06D91E3CEE66E3ADC9.e.2103","ELEMENT":"f.0F422B68595C6480DC5AFCDC2C3D17C2.d.419C208B75AA5E06D91E3CEE66E3ADC9.e.2103"}]}
RESULT: {"script":"<script> [56 bytes]","args":[{"element-6066-11e4-a52e-4f735466cecf":"f.0F422B68595C6480DC5AFCDC2C3D17C2.d.419C208B75AA5E06D91E3CEE66E3ADC9.e.2103","ELEMENT":"f.0F422B68595C6480DC5AFCDC2C3D17C2.d.419C208B75AA5E06D91E3CEE66E3ADC9.e.2103"}]}
RESULT: undefined
COMMAND: POST /session/10905aa29ded037ab27490674a12b44a/element - {"using":"xpath","value":"//*[@id=\"application-managepartners-display-component---masterPtm--smartTable-btnPersonalisation-img\"]"}
COMMAND: GET /session/10905aa29ded037ab27490674a12b44a/screenshot - {}
RESULT: {"using":"xpath","value":"//*[@id=\"application-managepartners-display-component---masterPtm--smartTable-btnPersonalisation-img\"]"}
COMMAND: POST /session/10905aa29ded037ab27490674a12b44a/element/f.0F422B68595C6480DC5AFCDC2C3D17C2.d.419C208B75AA5E06D91E3CEE66E3ADC9.e.1770/click - {}
RESULT: {}
RESULT: {}
COMMAND: GET /session/10905aa29ded037ab27490674a12b44a/screenshot - {}
RESULT: {}
COMMAND: POST /session/10905aa29ded037ab27490674a12b44a/execute/async - {"script":"<script> [1562 bytes]","args":[{"selector":{"controlType":"sap.m.IconTabFilter","viewName":"etm.portal.ui.managepartners.view.Master","viewId":"application-managepartners-display-component---masterPtm","properties":{"text":"Filter"},"searchOpenDialogs":true,"interaction":{"idSuffix":"text"}},"wdio_ui5_key":"etmportal.ui.managepartners.view.Mastersap.m.IconTabFilter{\"text\":\"Filter\"}"}]}
RESULT: {"script":"<script> [1562 bytes]","args":[{"selector":{"controlType":"sap.m.IconTabFilter","viewName":"etm.portal.ui.managepartners.view.Master","viewId":"application-managepartners-display-component---masterPtm","properties":{"text":"Filter"},"searchOpenDialogs":true,"interaction":{"idSuffix":"text"}},"wdio_ui5_key":"etmportal.ui.managepartners.view.Mastersap.m.IconTabFilter{\"text\":\"Filter\"}"}]}
RESULT: undefined
COMMAND: POST /session/10905aa29ded037ab27490674a12b44a/element - {"using":"xpath","value":"//*[@id=\"__filter10\"]"}
RESULT: {"using":"xpath","value":"//*[@id=\"__filter10\"]"}
COMMAND: POST /session/10905aa29ded037ab27490674a12b44a/element/f.0F422B68595C6480DC5AFCDC2C3D17C2.d.419C208B75AA5E06D91E3CEE66E3ADC9.e.2108/click - {}
RESULT: {}
COMMAND: GET /session/10905aa29ded037ab27490674a12b44a/screenshot - {}
RESULT: {}
COMMAND: POST /session/10905aa29ded037ab27490674a12b44a/element - {"using":"xpath","value":"//input[@placeholder=\"Filter by\"]/following-sibling::div//span"}
RESULT: {"using":"xpath","value":"//input[@placeholder=\"Filter by\"]/following-sibling::div//span"}
COMMAND: POST /session/10905aa29ded037ab27490674a12b44a/element/f.0F422B68595C6480DC5AFCDC2C3D17C2.d.419C208B75AA5E06D91E3CEE66E3ADC9.e.2110/click - {}
RESULT: {}
COMMAND: GET /session/10905aa29ded037ab27490674a12b44a/screenshot - {}
RESULT: {}
COMMAND: POST /session/10905aa29ded037ab27490674a12b44a/element - {"using":"xpath","value":"//li[.//span[text()=\"Preferred Yard\"]]"}
RESULT: {"using":"xpath","value":"//li[.//span[text()=\"Preferred Yard\"]]"}
COMMAND: POST /session/10905aa29ded037ab27490674a12b44a/element/f.0F422B68595C6480DC5AFCDC2C3D17C2.d.419C208B75AA5E06D91E3CEE66E3ADC9.e.2111/click - {}
RESULT: {}
COMMAND: GET /session/10905aa29ded037ab27490674a12b44a/screenshot - {}
RESULT: {}
COMMAND: POST /session/10905aa29ded037ab27490674a12b44a/execute/async - {"script":"<script> [1562 bytes]","args":[{"selector":{"id":"FilterPanel-filterItemControl_BASIC-application-managepartners-display-component---masterPtm--smartTable-YARDYARD-vhi","searchOpenDialogs":true},"wdio_ui5_key":"FilterPanelfilterItemControl_BASIC-application-managepartners-display-component---masterPtm--smartTable-YARDYARD-vhi"}]}
RESULT: {"script":"<script> [1562 bytes]","args":[{"selector":{"id":"FilterPanel-filterItemControl_BASIC-application-managepartners-display-component---masterPtm--smartTable-YARDYARD-vhi","searchOpenDialogs":true},"wdio_ui5_key":"FilterPanelfilterItemControl_BASIC-application-managepartners-display-component---masterPtm--smartTable-YARDYARD-vhi"}]}
RESULT: undefined
COMMAND: POST /session/10905aa29ded037ab27490674a12b44a/element - {"using":"xpath","value":"//*[@id=\"FilterPanel-filterItemControl_BASIC-application-managepartners-display-component---masterPtm--smartTable-YARDYARD-vhi\"]"}
RESULT: {"using":"xpath","value":"//*[@id=\"FilterPanel-filterItemControl_BASIC-application-managepartners-display-component---masterPtm--smartTable-YARDYARD-vhi\"]"}
COMMAND: POST /session/10905aa29ded037ab27490674a12b44a/element/f.0F422B68595C6480DC5AFCDC2C3D17C2.d.419C208B75AA5E06D91E3CEE66E3ADC9.e.2114/click - {}
RESULT: {}
COMMAND: GET /session/10905aa29ded037ab27490674a12b44a/screenshot - {}
RESULT: {}
COMMAND: POST /session/10905aa29ded037ab27490674a12b44a/execute/async - {"script":"<script> [1562 bytes]","args":[{"selector":{"id":"FilterPanel-filterItemControl_BASIC-application-managepartners-display-component---masterPtm--smartTable-YARDYARD-valueHelpDialog-smartFilterBar-btnBasicSearch","searchOpenDialogs":true,"interaction":{"idSuffix":"I"}},"wdio_ui5_key":"FilterPanelfilterItemControl_BASIC-application-managepartners-display-component---masterPtm--smartTable-YARDYARD-valueHelpDialog-smartFilterBar-btnBasicSearch"}]}
RESULT: {"script":"<script> [1562 bytes]","args":[{"selector":{"id":"FilterPanel-filterItemControl_BASIC-application-managepartners-display-component---masterPtm--smartTable-YARDYARD-valueHelpDialog-smartFilterBar-btnBasicSearch","searchOpenDialogs":true,"interaction":{"idSuffix":"I"}},"wdio_ui5_key":"FilterPanelfilterItemControl_BASIC-application-managepartners-display-component---masterPtm--smartTable-YARDYARD-valueHelpDialog-smartFilterBar-btnBasicSearch"}]}
RESULT: undefined
COMMAND: POST /session/10905aa29ded037ab27490674a12b44a/execute/async - {"script":"<script> [776 bytes]","args":[{"enterText":"416","selector":{"id":"FilterPanel-filterItemControl_BASIC-application-managepartners-display-component---masterPtm--smartTable-YARDYARD-valueHelpDialog-smartFilterBar-btnBasicSearch","searchOpenDialogs":true,"interaction":{"idSuffix":"I"}},"clearTextFirst":true,"interactionType":"ENTER_TEXT"}]}
RESULT: {"script":"<script> [776 bytes]","args":[{"enterText":"416","selector":{"id":"FilterPanel-filterItemControl_BASIC-application-managepartners-display-component---masterPtm--smartTable-YARDYARD-valueHelpDialog-smartFilterBar-btnBasicSearch","searchOpenDialogs":true,"interaction":{"idSuffix":"I"}},"clearTextFirst":true,"interactionType":"ENTER_TEXT"}]}
COMMAND: POST /session/10905aa29ded037ab27490674a12b44a/actions - {"actions":[{"id":"action3","type":"key","parameters":{},"actions":[{"type":"keyDown","value":"î€‡"},{"type":"pause","duration":10},{"type":"keyUp","value":"î€‡"}]}]}
RESULT: {"actions":[{"id":"action3","type":"key","parameters":{},"actions":[{"type":"keyDown","value":"î€‡"},{"type":"pause","duration":10},{"type":"keyUp","value":"î€‡"}]}]}
COMMAND: GET /session/10905aa29ded037ab27490674a12b44a/screenshot - {}
RESULT: {}
COMMAND: POST /session/10905aa29ded037ab27490674a12b44a/elements - {"using":"xpath","value":"//table[contains(@id, \"smartTable-YARDYARD-valueHelpDialog-table-table\")]/tbody/tr"}
RESULT: {"using":"xpath","value":"//table[contains(@id, \"smartTable-YARDYARD-valueHelpDialog-table-table\")]/tbody/tr"}
COMMAND: POST /session/10905aa29ded037ab27490674a12b44a/element - {"using":"xpath","value":"//table[contains(@id, \"smartTable-YARDYARD-valueHelpDialog-table-table\")]/tbody/tr[1]/td[1]/div/span"}
RESULT: {"using":"xpath","value":"//table[contains(@id, \"smartTable-YARDYARD-valueHelpDialog-table-table\")]/tbody/tr[1]/td[1]/div/span"}
COMMAND: POST /session/10905aa29ded037ab27490674a12b44a/elements - {"using":"xpath","value":"//table[contains(@id, \"smartTable-YARDYARD-valueHelpDialog-table-table\")]/tbody/tr[1]/td[1]/div/span"}
RESULT: {"using":"xpath","value":"//table[contains(@id, \"smartTable-YARDYARD-valueHelpDialog-table-table\")]/tbody/tr[1]/td[1]/div/span"}
COMMAND: POST /session/10905aa29ded037ab27490674a12b44a/execute/sync - {"script":"<script> [56 bytes]","args":[{"element-6066-11e4-a52e-4f735466cecf":"f.0F422B68595C6480DC5AFCDC2C3D17C2.d.419C208B75AA5E06D91E3CEE66E3ADC9.e.2133","ELEMENT":"f.0F422B68595C6480DC5AFCDC2C3D17C2.d.419C208B75AA5E06D91E3CEE66E3ADC9.e.2133"}]}
RESULT: {"script":"<script> [56 bytes]","args":[{"element-6066-11e4-a52e-4f735466cecf":"f.0F422B68595C6480DC5AFCDC2C3D17C2.d.419C208B75AA5E06D91E3CEE66E3ADC9.e.2133","ELEMENT":"f.0F422B68595C6480DC5AFCDC2C3D17C2.d.419C208B75AA5E06D91E3CEE66E3ADC9.e.2133"}]}
COMMAND: POST /session/10905aa29ded037ab27490674a12b44a/element - {"using":"xpath","value":"//div[contains(@id, \"YARDYARD-valueHelpDialog-table-rowsel0\")]"}
COMMAND: GET /session/10905aa29ded037ab27490674a12b44a/screenshot - {}
RESULT: {"using":"xpath","value":"//div[contains(@id, \"YARDYARD-valueHelpDialog-table-rowsel0\")]"}
COMMAND: POST /session/10905aa29ded037ab27490674a12b44a/element/f.0F422B68595C6480DC5AFCDC2C3D17C2.d.419C208B75AA5E06D91E3CEE66E3ADC9.e.2134/click - {}
RESULT: {}
RESULT: {}
COMMAND: GET /session/10905aa29ded037ab27490674a12b44a/screenshot - {}
RESULT: {}
COMMAND: POST /session/10905aa29ded037ab27490674a12b44a/element - {"using":"xpath","value":"(//bdi[contains(text(), \"OK\")])[2]"}
RESULT: {"using":"xpath","value":"(//bdi[contains(text(), \"OK\")])[2]"}
COMMAND: POST /session/10905aa29ded037ab27490674a12b44a/element/f.0F422B68595C6480DC5AFCDC2C3D17C2.d.419C208B75AA5E06D91E3CEE66E3ADC9.e.2136/click - {}
RESULT: {}
COMMAND: GET /session/10905aa29ded037ab27490674a12b44a/screenshot - {}
RESULT: {}
COMMAND: POST /session/10905aa29ded037ab27490674a12b44a/element - {"using":"xpath","value":"//bdi[contains(text(), \"OK\")]"}
RESULT: {"using":"xpath","value":"//bdi[contains(text(), \"OK\")]"}
COMMAND: POST /session/10905aa29ded037ab27490674a12b44a/element/f.0F422B68595C6480DC5AFCDC2C3D17C2.d.419C208B75AA5E06D91E3CEE66E3ADC9.e.2139/click - {}
RESULT: {}
COMMAND: GET /session/10905aa29ded037ab27490674a12b44a/screenshot - {}
RESULT: {}
COMMAND: POST /session/10905aa29ded037ab27490674a12b44a/element - {"using":"xpath","value":"//table[contains(@id, \"customPartnersTable\")]//tbody/tr[1]/td[3]/span"}
RESULT: {"using":"xpath","value":"//table[contains(@id, \"customPartnersTable\")]//tbody/tr[1]/td[3]/span"}
COMMAND: POST /session/10905aa29ded037ab27490674a12b44a/execute/sync - {"script":"<script> [56 bytes]","args":[{"element-6066-11e4-a52e-4f735466cecf":"f.0F422B68595C6480DC5AFCDC2C3D17C2.d.419C208B75AA5E06D91E3CEE66E3ADC9.e.2103","ELEMENT":"f.0F422B68595C6480DC5AFCDC2C3D17C2.d.419C208B75AA5E06D91E3CEE66E3ADC9.e.2103"}]}
RESULT: {"script":"<script> [56 bytes]","args":[{"element-6066-11e4-a52e-4f735466cecf":"f.0F422B68595C6480DC5AFCDC2C3D17C2.d.419C208B75AA5E06D91E3CEE66E3ADC9.e.2103","ELEMENT":"f.0F422B68595C6480DC5AFCDC2C3D17C2.d.419C208B75AA5E06D91E3CEE66E3ADC9.e.2103"}]}
COMMAND: POST /session/10905aa29ded037ab27490674a12b44a/element - {"using":"css selector","value":"#shell-header-logo"}
COMMAND: GET /session/10905aa29ded037ab27490674a12b44a/screenshot - {}
RESULT: {"using":"css selector","value":"#shell-header-logo"}
COMMAND: POST /session/10905aa29ded037ab27490674a12b44a/element/f.0F422B68595C6480DC5AFCDC2C3D17C2.d.419C208B75AA5E06D91E3CEE66E3ADC9.e.1720/click - {}
RESULT: {}
RESULT: {}
COMMAND: GET /session/10905aa29ded037ab27490674a12b44a/screenshot - {}
RESULT: {}
]]></system-out>
    </testcase>
    <testcase classname="chrome.135_0_7049_96.windows.Partner_specific_tests_US150819_US151080_US151654_US151176_US103444_US151078_US151079_US151109_US151174_US151175_US151189" name="Should deactivate the created partner in earlier step US151654" time="51.509">
      <system-out><![CDATA[
COMMAND: POST /session/10905aa29ded037ab27490674a12b44a/element - {"using":"xpath","value":"//li[.//span[text()=\"Manage Partners\"]]"}
RESULT: {"using":"xpath","value":"//li[.//span[text()=\"Manage Partners\"]]"}
COMMAND: POST /session/10905aa29ded037ab27490674a12b44a/element - {"using":"xpath","value":"//li[.//span[text()=\"Manage Partners\"]]"}
RESULT: {"using":"xpath","value":"//li[.//span[text()=\"Manage Partners\"]]"}
COMMAND: POST /session/10905aa29ded037ab27490674a12b44a/element - {"using":"css selector","value":"#shell-header-logo"}
RESULT: {"using":"css selector","value":"#shell-header-logo"}
COMMAND: POST /session/10905aa29ded037ab27490674a12b44a/element/f.0F422B68595C6480DC5AFCDC2C3D17C2.d.419C208B75AA5E06D91E3CEE66E3ADC9.e.2188/click - {}
COMMAND: POST /session/10905aa29ded037ab27490674a12b44a/execute/sync - {"script":"<script> [8489 bytes]","args":[{"element-6066-11e4-a52e-4f735466cecf":"f.0F422B68595C6480DC5AFCDC2C3D17C2.d.419C208B75AA5E06D91E3CEE66E3ADC9.e.2188","ELEMENT":"f.0F422B68595C6480DC5AFCDC2C3D17C2.d.419C208B75AA5E06D91E3CEE66E3ADC9.e.2188"}]}
RESULT: {}
COMMAND: GET /session/10905aa29ded037ab27490674a12b44a/screenshot - {}
RESULT: {"script":"<script> [8489 bytes]","args":[{"element-6066-11e4-a52e-4f735466cecf":"f.0F422B68595C6480DC5AFCDC2C3D17C2.d.419C208B75AA5E06D91E3CEE66E3ADC9.e.2188","ELEMENT":"f.0F422B68595C6480DC5AFCDC2C3D17C2.d.419C208B75AA5E06D91E3CEE66E3ADC9.e.2188"}]}
COMMAND: POST /session/10905aa29ded037ab27490674a12b44a/execute/sync - {"script":"<script> [5351 bytes]","args":[{"element-6066-11e4-a52e-4f735466cecf":"f.0F422B68595C6480DC5AFCDC2C3D17C2.d.419C208B75AA5E06D91E3CEE66E3ADC9.e.2188","ELEMENT":"f.0F422B68595C6480DC5AFCDC2C3D17C2.d.419C208B75AA5E06D91E3CEE66E3ADC9.e.2188"}]}
COMMAND: GET /session/10905aa29ded037ab27490674a12b44a/screenshot - {}
RESULT: {}
RESULT: {"script":"<script> [5351 bytes]","args":[{"element-6066-11e4-a52e-4f735466cecf":"f.0F422B68595C6480DC5AFCDC2C3D17C2.d.419C208B75AA5E06D91E3CEE66E3ADC9.e.2188","ELEMENT":"f.0F422B68595C6480DC5AFCDC2C3D17C2.d.419C208B75AA5E06D91E3CEE66E3ADC9.e.2188"}]}
COMMAND: GET /session/10905aa29ded037ab27490674a12b44a/screenshot - {}
RESULT: {}
RESULT: {}
RESULT: undefined
COMMAND: POST /session/10905aa29ded037ab27490674a12b44a/element - {"using":"xpath","value":"//*[@id=\"__tile38\"]"}
RESULT: {"using":"xpath","value":"//*[@id=\"__tile38\"]"}
COMMAND: POST /session/10905aa29ded037ab27490674a12b44a/element/f.0F422B68595C6480DC5AFCDC2C3D17C2.d.419C208B75AA5E06D91E3CEE66E3ADC9.e.153/click - {}
RESULT: {}
COMMAND: POST /session/10905aa29ded037ab27490674a12b44a/element - {"using":"xpath","value":"//button[@data-kt=\"addButton\"]"}
COMMAND: GET /session/10905aa29ded037ab27490674a12b44a/screenshot - {}
RESULT: {"using":"xpath","value":"//button[@data-kt=\"addButton\"]"}
COMMAND: POST /session/10905aa29ded037ab27490674a12b44a/elements - {"using":"xpath","value":"//button[@data-kt=\"addButton\"]"}
RESULT: {}
RESULT: {"using":"xpath","value":"//button[@data-kt=\"addButton\"]"}
COMMAND: POST /session/10905aa29ded037ab27490674a12b44a/elements - {"using":"xpath","value":"//button[@data-kt=\"addButton\"]"}
RESULT: {"using":"xpath","value":"//button[@data-kt=\"addButton\"]"}
COMMAND: POST /session/10905aa29ded037ab27490674a12b44a/element - {"using":"xpath","value":"//button[@data-kt=\"addButton\"]"}
RESULT: {"using":"xpath","value":"//button[@data-kt=\"addButton\"]"}
COMMAND: POST /session/10905aa29ded037ab27490674a12b44a/execute/sync - {"script":"<script> [8489 bytes]","args":[{"element-6066-11e4-a52e-4f735466cecf":"f.0F422B68595C6480DC5AFCDC2C3D17C2.d.419C208B75AA5E06D91E3CEE66E3ADC9.e.2233","ELEMENT":"f.0F422B68595C6480DC5AFCDC2C3D17C2.d.419C208B75AA5E06D91E3CEE66E3ADC9.e.2233"}]}
RESULT: {"script":"<script> [8489 bytes]","args":[{"element-6066-11e4-a52e-4f735466cecf":"f.0F422B68595C6480DC5AFCDC2C3D17C2.d.419C208B75AA5E06D91E3CEE66E3ADC9.e.2233","ELEMENT":"f.0F422B68595C6480DC5AFCDC2C3D17C2.d.419C208B75AA5E06D91E3CEE66E3ADC9.e.2233"}]}
COMMAND: GET /session/10905aa29ded037ab27490674a12b44a/element/f.0F422B68595C6480DC5AFCDC2C3D17C2.d.419C208B75AA5E06D91E3CEE66E3ADC9.e.2233/enabled - {}
COMMAND: GET /session/10905aa29ded037ab27490674a12b44a/screenshot - {}
RESULT: {}
COMMAND: POST /session/10905aa29ded037ab27490674a12b44a/execute/sync - {"script":"<script> [8489 bytes]","args":[{"element-6066-11e4-a52e-4f735466cecf":"f.0F422B68595C6480DC5AFCDC2C3D17C2.d.419C208B75AA5E06D91E3CEE66E3ADC9.e.2233","ELEMENT":"f.0F422B68595C6480DC5AFCDC2C3D17C2.d.419C208B75AA5E06D91E3CEE66E3ADC9.e.2233"}]}
COMMAND: GET /session/10905aa29ded037ab27490674a12b44a/screenshot - {}
RESULT: {}
RESULT: {"script":"<script> [8489 bytes]","args":[{"element-6066-11e4-a52e-4f735466cecf":"f.0F422B68595C6480DC5AFCDC2C3D17C2.d.419C208B75AA5E06D91E3CEE66E3ADC9.e.2233","ELEMENT":"f.0F422B68595C6480DC5AFCDC2C3D17C2.d.419C208B75AA5E06D91E3CEE66E3ADC9.e.2233"}]}
COMMAND: POST /session/10905aa29ded037ab27490674a12b44a/execute/sync - {"script":"<script> [5351 bytes]","args":[{"element-6066-11e4-a52e-4f735466cecf":"f.0F422B68595C6480DC5AFCDC2C3D17C2.d.419C208B75AA5E06D91E3CEE66E3ADC9.e.2233","ELEMENT":"f.0F422B68595C6480DC5AFCDC2C3D17C2.d.419C208B75AA5E06D91E3CEE66E3ADC9.e.2233"}]}
COMMAND: GET /session/10905aa29ded037ab27490674a12b44a/screenshot - {}
RESULT: {}
RESULT: {"script":"<script> [5351 bytes]","args":[{"element-6066-11e4-a52e-4f735466cecf":"f.0F422B68595C6480DC5AFCDC2C3D17C2.d.419C208B75AA5E06D91E3CEE66E3ADC9.e.2233","ELEMENT":"f.0F422B68595C6480DC5AFCDC2C3D17C2.d.419C208B75AA5E06D91E3CEE66E3ADC9.e.2233"}]}
COMMAND: GET /session/10905aa29ded037ab27490674a12b44a/screenshot - {}
RESULT: {}
RESULT: {}
COMMAND: POST /session/10905aa29ded037ab27490674a12b44a/execute/async - {"script":"<script> [1562 bytes]","args":[{"selector":{"id":"application-managepartners-display-component---masterPtm--smartFilterBar-btnBasicSearch","interaction":{"idSuffix":"I"}},"wdio_ui5_key":"applicationmanagepartners-display-component---masterPtm--smartFilterBar-btnBasicSearch"}]}
RESULT: {"script":"<script> [1562 bytes]","args":[{"selector":{"id":"application-managepartners-display-component---masterPtm--smartFilterBar-btnBasicSearch","interaction":{"idSuffix":"I"}},"wdio_ui5_key":"applicationmanagepartners-display-component---masterPtm--smartFilterBar-btnBasicSearch"}]}
RESULT: undefined
COMMAND: POST /session/10905aa29ded037ab27490674a12b44a/execute/async - {"script":"<script> [776 bytes]","args":[{"enterText":"1283","selector":{"id":"application-managepartners-display-component---masterPtm--smartFilterBar-btnBasicSearch","interaction":{"idSuffix":"I"}},"clearTextFirst":true,"interactionType":"ENTER_TEXT"}]}
RESULT: {"script":"<script> [776 bytes]","args":[{"enterText":"1283","selector":{"id":"application-managepartners-display-component---masterPtm--smartFilterBar-btnBasicSearch","interaction":{"idSuffix":"I"}},"clearTextFirst":true,"interactionType":"ENTER_TEXT"}]}
COMMAND: POST /session/10905aa29ded037ab27490674a12b44a/actions - {"actions":[{"id":"action4","type":"key","parameters":{},"actions":[{"type":"keyDown","value":"î€‡"},{"type":"pause","duration":10},{"type":"keyUp","value":"î€‡"}]}]}
RESULT: {"actions":[{"id":"action4","type":"key","parameters":{},"actions":[{"type":"keyDown","value":"î€‡"},{"type":"pause","duration":10},{"type":"keyUp","value":"î€‡"}]}]}
COMMAND: GET /session/10905aa29ded037ab27490674a12b44a/screenshot - {}
RESULT: {}
COMMAND: POST /session/10905aa29ded037ab27490674a12b44a/elements - {"using":"xpath","value":"//table[contains(@id, \"customPartnersTable-listUl\")]/tbody/tr"}
RESULT: {"using":"xpath","value":"//table[contains(@id, \"customPartnersTable-listUl\")]/tbody/tr"}
COMMAND: POST /session/10905aa29ded037ab27490674a12b44a/element - {"using":"xpath","value":"//table[contains(@id, \"customPartnersTable-listUl\")]/tbody/tr[1]/td[3]/span"}
RESULT: {"using":"xpath","value":"//table[contains(@id, \"customPartnersTable-listUl\")]/tbody/tr[1]/td[3]/span"}
COMMAND: POST /session/10905aa29ded037ab27490674a12b44a/elements - {"using":"xpath","value":"//table[contains(@id, \"customPartnersTable-listUl\")]/tbody/tr[1]/td[3]/span"}
RESULT: {"using":"xpath","value":"//table[contains(@id, \"customPartnersTable-listUl\")]/tbody/tr[1]/td[3]/span"}
COMMAND: POST /session/10905aa29ded037ab27490674a12b44a/execute/sync - {"script":"<script> [56 bytes]","args":[{"element-6066-11e4-a52e-4f735466cecf":"f.0F422B68595C6480DC5AFCDC2C3D17C2.d.419C208B75AA5E06D91E3CEE66E3ADC9.e.2370","ELEMENT":"f.0F422B68595C6480DC5AFCDC2C3D17C2.d.419C208B75AA5E06D91E3CEE66E3ADC9.e.2370"}]}
RESULT: {"script":"<script> [56 bytes]","args":[{"element-6066-11e4-a52e-4f735466cecf":"f.0F422B68595C6480DC5AFCDC2C3D17C2.d.419C208B75AA5E06D91E3CEE66E3ADC9.e.2370","ELEMENT":"f.0F422B68595C6480DC5AFCDC2C3D17C2.d.419C208B75AA5E06D91E3CEE66E3ADC9.e.2370"}]}
COMMAND: POST /session/10905aa29ded037ab27490674a12b44a/element - {"using":"xpath","value":"//table[contains(@id, \"customPartnersTable-listUl\")]/tbody/tr[1]/td[7]/div/span"}
COMMAND: GET /session/10905aa29ded037ab27490674a12b44a/screenshot - {}
RESULT: {"using":"xpath","value":"//table[contains(@id, \"customPartnersTable-listUl\")]/tbody/tr[1]/td[7]/div/span"}
COMMAND: POST /session/10905aa29ded037ab27490674a12b44a/execute/sync - {"script":"<script> [56 bytes]","args":[{"element-6066-11e4-a52e-4f735466cecf":"f.0F422B68595C6480DC5AFCDC2C3D17C2.d.419C208B75AA5E06D91E3CEE66E3ADC9.e.2371","ELEMENT":"f.0F422B68595C6480DC5AFCDC2C3D17C2.d.419C208B75AA5E06D91E3CEE66E3ADC9.e.2371"}]}
RESULT: {}
RESULT: {"script":"<script> [56 bytes]","args":[{"element-6066-11e4-a52e-4f735466cecf":"f.0F422B68595C6480DC5AFCDC2C3D17C2.d.419C208B75AA5E06D91E3CEE66E3ADC9.e.2371","ELEMENT":"f.0F422B68595C6480DC5AFCDC2C3D17C2.d.419C208B75AA5E06D91E3CEE66E3ADC9.e.2371"}]}
COMMAND: POST /session/10905aa29ded037ab27490674a12b44a/element - {"using":"xpath","value":"//table[contains(@id, \"customPartnersTable-listUl\")]/tbody/tr[1]/td[2]/div/div"}
COMMAND: GET /session/10905aa29ded037ab27490674a12b44a/screenshot - {}
RESULT: {"using":"xpath","value":"//table[contains(@id, \"customPartnersTable-listUl\")]/tbody/tr[1]/td[2]/div/div"}
COMMAND: POST /session/10905aa29ded037ab27490674a12b44a/element/f.0F422B68595C6480DC5AFCDC2C3D17C2.d.419C208B75AA5E06D91E3CEE66E3ADC9.e.2372/click - {}
RESULT: {}
RESULT: {}
COMMAND: GET /session/10905aa29ded037ab27490674a12b44a/screenshot - {}
RESULT: {}
COMMAND: POST /session/10905aa29ded037ab27490674a12b44a/element - {"using":"xpath","value":"//bdi[contains(text(), \"Deactivate\")]"}
RESULT: {"using":"xpath","value":"//bdi[contains(text(), \"Deactivate\")]"}
COMMAND: POST /session/10905aa29ded037ab27490674a12b44a/element/f.0F422B68595C6480DC5AFCDC2C3D17C2.d.419C208B75AA5E06D91E3CEE66E3ADC9.e.2373/click - {}
RESULT: {}
COMMAND: GET /session/10905aa29ded037ab27490674a12b44a/screenshot - {}
RESULT: {}
COMMAND: POST /session/10905aa29ded037ab27490674a12b44a/element - {"using":"xpath","value":"//bdi[contains(text(), \"Yes\")]"}
RESULT: {"using":"xpath","value":"//bdi[contains(text(), \"Yes\")]"}
COMMAND: POST /session/10905aa29ded037ab27490674a12b44a/element/f.0F422B68595C6480DC5AFCDC2C3D17C2.d.419C208B75AA5E06D91E3CEE66E3ADC9.e.2375/click - {}
RESULT: {}
COMMAND: GET /session/10905aa29ded037ab27490674a12b44a/screenshot - {}
RESULT: {}
COMMAND: POST /session/10905aa29ded037ab27490674a12b44a/element - {"using":"xpath","value":"//table[contains(@id, \"customPartnersTable-listUl\")]/tbody/tr[1]/td[7]/div/span"}
RESULT: {"using":"xpath","value":"//table[contains(@id, \"customPartnersTable-listUl\")]/tbody/tr[1]/td[7]/div/span"}
COMMAND: POST /session/10905aa29ded037ab27490674a12b44a/execute/sync - {"script":"<script> [56 bytes]","args":[{"element-6066-11e4-a52e-4f735466cecf":"f.0F422B68595C6480DC5AFCDC2C3D17C2.d.419C208B75AA5E06D91E3CEE66E3ADC9.e.2371","ELEMENT":"f.0F422B68595C6480DC5AFCDC2C3D17C2.d.419C208B75AA5E06D91E3CEE66E3ADC9.e.2371"}]}
RESULT: {"script":"<script> [56 bytes]","args":[{"element-6066-11e4-a52e-4f735466cecf":"f.0F422B68595C6480DC5AFCDC2C3D17C2.d.419C208B75AA5E06D91E3CEE66E3ADC9.e.2371","ELEMENT":"f.0F422B68595C6480DC5AFCDC2C3D17C2.d.419C208B75AA5E06D91E3CEE66E3ADC9.e.2371"}]}
COMMAND: GET /session/10905aa29ded037ab27490674a12b44a/screenshot - {}
RESULT: {}
COMMAND: POST /session/10905aa29ded037ab27490674a12b44a/element - {"using":"css selector","value":"#shell-header-logo"}
RESULT: {"using":"css selector","value":"#shell-header-logo"}
COMMAND: POST /session/10905aa29ded037ab27490674a12b44a/element/f.0F422B68595C6480DC5AFCDC2C3D17C2.d.419C208B75AA5E06D91E3CEE66E3ADC9.e.2188/click - {}
RESULT: {}
COMMAND: GET /session/10905aa29ded037ab27490674a12b44a/screenshot - {}
RESULT: {}
]]></system-out>
    </testcase>
    <testcase classname="chrome.135_0_7049_96.windows.Partner_specific_tests_US150819_US151080_US151654_US151176_US103444_US151078_US151079_US151109_US151174_US151175_US151189" name="Should activate the created partner again US151176" time="55.56">
      <system-out><![CDATA[
COMMAND: POST /session/10905aa29ded037ab27490674a12b44a/element - {"using":"xpath","value":"//li[.//span[text()=\"Manage Partners\"]]"}
RESULT: {"using":"xpath","value":"//li[.//span[text()=\"Manage Partners\"]]"}
COMMAND: POST /session/10905aa29ded037ab27490674a12b44a/element - {"using":"xpath","value":"//li[.//span[text()=\"Manage Partners\"]]"}
RESULT: {"using":"xpath","value":"//li[.//span[text()=\"Manage Partners\"]]"}
COMMAND: POST /session/10905aa29ded037ab27490674a12b44a/element - {"using":"css selector","value":"#shell-header-logo"}
RESULT: {"using":"css selector","value":"#shell-header-logo"}
COMMAND: POST /session/10905aa29ded037ab27490674a12b44a/element/f.0F422B68595C6480DC5AFCDC2C3D17C2.d.419C208B75AA5E06D91E3CEE66E3ADC9.e.2379/click - {}
COMMAND: POST /session/10905aa29ded037ab27490674a12b44a/execute/sync - {"script":"<script> [8489 bytes]","args":[{"element-6066-11e4-a52e-4f735466cecf":"f.0F422B68595C6480DC5AFCDC2C3D17C2.d.419C208B75AA5E06D91E3CEE66E3ADC9.e.2379","ELEMENT":"f.0F422B68595C6480DC5AFCDC2C3D17C2.d.419C208B75AA5E06D91E3CEE66E3ADC9.e.2379"}]}
RESULT: {}
COMMAND: GET /session/10905aa29ded037ab27490674a12b44a/screenshot - {}
RESULT: {"script":"<script> [8489 bytes]","args":[{"element-6066-11e4-a52e-4f735466cecf":"f.0F422B68595C6480DC5AFCDC2C3D17C2.d.419C208B75AA5E06D91E3CEE66E3ADC9.e.2379","ELEMENT":"f.0F422B68595C6480DC5AFCDC2C3D17C2.d.419C208B75AA5E06D91E3CEE66E3ADC9.e.2379"}]}
COMMAND: POST /session/10905aa29ded037ab27490674a12b44a/execute/sync - {"script":"<script> [5351 bytes]","args":[{"element-6066-11e4-a52e-4f735466cecf":"f.0F422B68595C6480DC5AFCDC2C3D17C2.d.419C208B75AA5E06D91E3CEE66E3ADC9.e.2379","ELEMENT":"f.0F422B68595C6480DC5AFCDC2C3D17C2.d.419C208B75AA5E06D91E3CEE66E3ADC9.e.2379"}]}
COMMAND: GET /session/10905aa29ded037ab27490674a12b44a/screenshot - {}
RESULT: {}
RESULT: {"script":"<script> [5351 bytes]","args":[{"element-6066-11e4-a52e-4f735466cecf":"f.0F422B68595C6480DC5AFCDC2C3D17C2.d.419C208B75AA5E06D91E3CEE66E3ADC9.e.2379","ELEMENT":"f.0F422B68595C6480DC5AFCDC2C3D17C2.d.419C208B75AA5E06D91E3CEE66E3ADC9.e.2379"}]}
COMMAND: GET /session/10905aa29ded037ab27490674a12b44a/screenshot - {}
RESULT: {}
RESULT: {}
RESULT: undefined
COMMAND: POST /session/10905aa29ded037ab27490674a12b44a/element - {"using":"xpath","value":"//*[@id=\"__tile38\"]"}
RESULT: {"using":"xpath","value":"//*[@id=\"__tile38\"]"}
COMMAND: POST /session/10905aa29ded037ab27490674a12b44a/element/f.0F422B68595C6480DC5AFCDC2C3D17C2.d.419C208B75AA5E06D91E3CEE66E3ADC9.e.153/click - {}
RESULT: {}
COMMAND: POST /session/10905aa29ded037ab27490674a12b44a/element - {"using":"xpath","value":"//button[@data-kt=\"addButton\"]"}
COMMAND: GET /session/10905aa29ded037ab27490674a12b44a/screenshot - {}
RESULT: {"using":"xpath","value":"//button[@data-kt=\"addButton\"]"}
COMMAND: POST /session/10905aa29ded037ab27490674a12b44a/elements - {"using":"xpath","value":"//button[@data-kt=\"addButton\"]"}
RESULT: {}
RESULT: {"using":"xpath","value":"//button[@data-kt=\"addButton\"]"}
COMMAND: POST /session/10905aa29ded037ab27490674a12b44a/elements - {"using":"xpath","value":"//button[@data-kt=\"addButton\"]"}
RESULT: {"using":"xpath","value":"//button[@data-kt=\"addButton\"]"}
COMMAND: POST /session/10905aa29ded037ab27490674a12b44a/elements - {"using":"xpath","value":"//button[@data-kt=\"addButton\"]"}
RESULT: {"using":"xpath","value":"//button[@data-kt=\"addButton\"]"}
COMMAND: POST /session/10905aa29ded037ab27490674a12b44a/elements - {"using":"xpath","value":"//button[@data-kt=\"addButton\"]"}
RESULT: {"using":"xpath","value":"//button[@data-kt=\"addButton\"]"}
COMMAND: POST /session/10905aa29ded037ab27490674a12b44a/elements - {"using":"xpath","value":"//button[@data-kt=\"addButton\"]"}
RESULT: {"using":"xpath","value":"//button[@data-kt=\"addButton\"]"}
COMMAND: POST /session/10905aa29ded037ab27490674a12b44a/elements - {"using":"xpath","value":"//button[@data-kt=\"addButton\"]"}
RESULT: {"using":"xpath","value":"//button[@data-kt=\"addButton\"]"}
COMMAND: POST /session/10905aa29ded037ab27490674a12b44a/elements - {"using":"xpath","value":"//button[@data-kt=\"addButton\"]"}
RESULT: {"using":"xpath","value":"//button[@data-kt=\"addButton\"]"}
COMMAND: POST /session/10905aa29ded037ab27490674a12b44a/elements - {"using":"xpath","value":"//button[@data-kt=\"addButton\"]"}
RESULT: {"using":"xpath","value":"//button[@data-kt=\"addButton\"]"}
COMMAND: POST /session/10905aa29ded037ab27490674a12b44a/elements - {"using":"xpath","value":"//button[@data-kt=\"addButton\"]"}
RESULT: {"using":"xpath","value":"//button[@data-kt=\"addButton\"]"}
COMMAND: POST /session/10905aa29ded037ab27490674a12b44a/elements - {"using":"xpath","value":"//button[@data-kt=\"addButton\"]"}
RESULT: {"using":"xpath","value":"//button[@data-kt=\"addButton\"]"}
COMMAND: POST /session/10905aa29ded037ab27490674a12b44a/elements - {"using":"xpath","value":"//button[@data-kt=\"addButton\"]"}
RESULT: {"using":"xpath","value":"//button[@data-kt=\"addButton\"]"}
COMMAND: POST /session/10905aa29ded037ab27490674a12b44a/elements - {"using":"xpath","value":"//button[@data-kt=\"addButton\"]"}
RESULT: {"using":"xpath","value":"//button[@data-kt=\"addButton\"]"}
COMMAND: POST /session/10905aa29ded037ab27490674a12b44a/elements - {"using":"xpath","value":"//button[@data-kt=\"addButton\"]"}
RESULT: {"using":"xpath","value":"//button[@data-kt=\"addButton\"]"}
COMMAND: POST /session/10905aa29ded037ab27490674a12b44a/elements - {"using":"xpath","value":"//button[@data-kt=\"addButton\"]"}
RESULT: {"using":"xpath","value":"//button[@data-kt=\"addButton\"]"}
COMMAND: POST /session/10905aa29ded037ab27490674a12b44a/elements - {"using":"xpath","value":"//button[@data-kt=\"addButton\"]"}
RESULT: {"using":"xpath","value":"//button[@data-kt=\"addButton\"]"}
COMMAND: POST /session/10905aa29ded037ab27490674a12b44a/elements - {"using":"xpath","value":"//button[@data-kt=\"addButton\"]"}
RESULT: {"using":"xpath","value":"//button[@data-kt=\"addButton\"]"}
COMMAND: POST /session/10905aa29ded037ab27490674a12b44a/elements - {"using":"xpath","value":"//button[@data-kt=\"addButton\"]"}
RESULT: {"using":"xpath","value":"//button[@data-kt=\"addButton\"]"}
COMMAND: POST /session/10905aa29ded037ab27490674a12b44a/elements - {"using":"xpath","value":"//button[@data-kt=\"addButton\"]"}
RESULT: {"using":"xpath","value":"//button[@data-kt=\"addButton\"]"}
COMMAND: POST /session/10905aa29ded037ab27490674a12b44a/elements - {"using":"xpath","value":"//button[@data-kt=\"addButton\"]"}
RESULT: {"using":"xpath","value":"//button[@data-kt=\"addButton\"]"}
COMMAND: POST /session/10905aa29ded037ab27490674a12b44a/elements - {"using":"xpath","value":"//button[@data-kt=\"addButton\"]"}
RESULT: {"using":"xpath","value":"//button[@data-kt=\"addButton\"]"}
COMMAND: POST /session/10905aa29ded037ab27490674a12b44a/elements - {"using":"xpath","value":"//button[@data-kt=\"addButton\"]"}
RESULT: {"using":"xpath","value":"//button[@data-kt=\"addButton\"]"}
COMMAND: POST /session/10905aa29ded037ab27490674a12b44a/elements - {"using":"xpath","value":"//button[@data-kt=\"addButton\"]"}
RESULT: {"using":"xpath","value":"//button[@data-kt=\"addButton\"]"}
COMMAND: POST /session/10905aa29ded037ab27490674a12b44a/element - {"using":"xpath","value":"//button[@data-kt=\"addButton\"]"}
RESULT: {"using":"xpath","value":"//button[@data-kt=\"addButton\"]"}
COMMAND: POST /session/10905aa29ded037ab27490674a12b44a/execute/sync - {"script":"<script> [8489 bytes]","args":[{"element-6066-11e4-a52e-4f735466cecf":"f.0F422B68595C6480DC5AFCDC2C3D17C2.d.419C208B75AA5E06D91E3CEE66E3ADC9.e.2424","ELEMENT":"f.0F422B68595C6480DC5AFCDC2C3D17C2.d.419C208B75AA5E06D91E3CEE66E3ADC9.e.2424"}]}
RESULT: {"script":"<script> [8489 bytes]","args":[{"element-6066-11e4-a52e-4f735466cecf":"f.0F422B68595C6480DC5AFCDC2C3D17C2.d.419C208B75AA5E06D91E3CEE66E3ADC9.e.2424","ELEMENT":"f.0F422B68595C6480DC5AFCDC2C3D17C2.d.419C208B75AA5E06D91E3CEE66E3ADC9.e.2424"}]}
COMMAND: GET /session/10905aa29ded037ab27490674a12b44a/element/f.0F422B68595C6480DC5AFCDC2C3D17C2.d.419C208B75AA5E06D91E3CEE66E3ADC9.e.2424/enabled - {}
COMMAND: GET /session/10905aa29ded037ab27490674a12b44a/screenshot - {}
RESULT: {}
COMMAND: POST /session/10905aa29ded037ab27490674a12b44a/execute/sync - {"script":"<script> [8489 bytes]","args":[{"element-6066-11e4-a52e-4f735466cecf":"f.0F422B68595C6480DC5AFCDC2C3D17C2.d.419C208B75AA5E06D91E3CEE66E3ADC9.e.2424","ELEMENT":"f.0F422B68595C6480DC5AFCDC2C3D17C2.d.419C208B75AA5E06D91E3CEE66E3ADC9.e.2424"}]}
COMMAND: GET /session/10905aa29ded037ab27490674a12b44a/screenshot - {}
RESULT: {}
RESULT: {"script":"<script> [8489 bytes]","args":[{"element-6066-11e4-a52e-4f735466cecf":"f.0F422B68595C6480DC5AFCDC2C3D17C2.d.419C208B75AA5E06D91E3CEE66E3ADC9.e.2424","ELEMENT":"f.0F422B68595C6480DC5AFCDC2C3D17C2.d.419C208B75AA5E06D91E3CEE66E3ADC9.e.2424"}]}
COMMAND: POST /session/10905aa29ded037ab27490674a12b44a/execute/sync - {"script":"<script> [5351 bytes]","args":[{"element-6066-11e4-a52e-4f735466cecf":"f.0F422B68595C6480DC5AFCDC2C3D17C2.d.419C208B75AA5E06D91E3CEE66E3ADC9.e.2424","ELEMENT":"f.0F422B68595C6480DC5AFCDC2C3D17C2.d.419C208B75AA5E06D91E3CEE66E3ADC9.e.2424"}]}
COMMAND: GET /session/10905aa29ded037ab27490674a12b44a/screenshot - {}
RESULT: {}
RESULT: {"script":"<script> [5351 bytes]","args":[{"element-6066-11e4-a52e-4f735466cecf":"f.0F422B68595C6480DC5AFCDC2C3D17C2.d.419C208B75AA5E06D91E3CEE66E3ADC9.e.2424","ELEMENT":"f.0F422B68595C6480DC5AFCDC2C3D17C2.d.419C208B75AA5E06D91E3CEE66E3ADC9.e.2424"}]}
COMMAND: GET /session/10905aa29ded037ab27490674a12b44a/screenshot - {}
RESULT: {}
RESULT: {}
RESULT: undefined
COMMAND: POST /session/10905aa29ded037ab27490674a12b44a/execute/async - {"script":"<script> [776 bytes]","args":[{"enterText":"1283","selector":{"id":"application-managepartners-display-component---masterPtm--smartFilterBar-btnBasicSearch","interaction":{"idSuffix":"I"}},"clearTextFirst":true,"interactionType":"ENTER_TEXT"}]}
RESULT: {"script":"<script> [776 bytes]","args":[{"enterText":"1283","selector":{"id":"application-managepartners-display-component---masterPtm--smartFilterBar-btnBasicSearch","interaction":{"idSuffix":"I"}},"clearTextFirst":true,"interactionType":"ENTER_TEXT"}]}
COMMAND: POST /session/10905aa29ded037ab27490674a12b44a/actions - {"actions":[{"id":"action5","type":"key","parameters":{},"actions":[{"type":"keyDown","value":"î€‡"},{"type":"pause","duration":10},{"type":"keyUp","value":"î€‡"}]}]}
RESULT: {"actions":[{"id":"action5","type":"key","parameters":{},"actions":[{"type":"keyDown","value":"î€‡"},{"type":"pause","duration":10},{"type":"keyUp","value":"î€‡"}]}]}
COMMAND: GET /session/10905aa29ded037ab27490674a12b44a/screenshot - {}
RESULT: {}
COMMAND: POST /session/10905aa29ded037ab27490674a12b44a/elements - {"using":"xpath","value":"//table[contains(@id, \"customPartnersTable-listUl\")]/tbody/tr"}
RESULT: {"using":"xpath","value":"//table[contains(@id, \"customPartnersTable-listUl\")]/tbody/tr"}
COMMAND: POST /session/10905aa29ded037ab27490674a12b44a/element - {"using":"xpath","value":"//table[contains(@id, \"customPartnersTable-listUl\")]/tbody/tr[1]/td[3]/span"}
RESULT: {"using":"xpath","value":"//table[contains(@id, \"customPartnersTable-listUl\")]/tbody/tr[1]/td[3]/span"}
COMMAND: POST /session/10905aa29ded037ab27490674a12b44a/elements - {"using":"xpath","value":"//table[contains(@id, \"customPartnersTable-listUl\")]/tbody/tr[1]/td[3]/span"}
RESULT: {"using":"xpath","value":"//table[contains(@id, \"customPartnersTable-listUl\")]/tbody/tr[1]/td[3]/span"}
COMMAND: POST /session/10905aa29ded037ab27490674a12b44a/execute/sync - {"script":"<script> [56 bytes]","args":[{"element-6066-11e4-a52e-4f735466cecf":"f.0F422B68595C6480DC5AFCDC2C3D17C2.d.419C208B75AA5E06D91E3CEE66E3ADC9.e.2560","ELEMENT":"f.0F422B68595C6480DC5AFCDC2C3D17C2.d.419C208B75AA5E06D91E3CEE66E3ADC9.e.2560"}]}
RESULT: {"script":"<script> [56 bytes]","args":[{"element-6066-11e4-a52e-4f735466cecf":"f.0F422B68595C6480DC5AFCDC2C3D17C2.d.419C208B75AA5E06D91E3CEE66E3ADC9.e.2560","ELEMENT":"f.0F422B68595C6480DC5AFCDC2C3D17C2.d.419C208B75AA5E06D91E3CEE66E3ADC9.e.2560"}]}
COMMAND: POST /session/10905aa29ded037ab27490674a12b44a/element - {"using":"xpath","value":"//table[contains(@id, \"customPartnersTable-listUl\")]/tbody/tr[1]/td[7]/div/span"}
COMMAND: GET /session/10905aa29ded037ab27490674a12b44a/screenshot - {}
RESULT: {"using":"xpath","value":"//table[contains(@id, \"customPartnersTable-listUl\")]/tbody/tr[1]/td[7]/div/span"}
COMMAND: POST /session/10905aa29ded037ab27490674a12b44a/execute/sync - {"script":"<script> [56 bytes]","args":[{"element-6066-11e4-a52e-4f735466cecf":"f.0F422B68595C6480DC5AFCDC2C3D17C2.d.419C208B75AA5E06D91E3CEE66E3ADC9.e.2561","ELEMENT":"f.0F422B68595C6480DC5AFCDC2C3D17C2.d.419C208B75AA5E06D91E3CEE66E3ADC9.e.2561"}]}
RESULT: {}
RESULT: {"script":"<script> [56 bytes]","args":[{"element-6066-11e4-a52e-4f735466cecf":"f.0F422B68595C6480DC5AFCDC2C3D17C2.d.419C208B75AA5E06D91E3CEE66E3ADC9.e.2561","ELEMENT":"f.0F422B68595C6480DC5AFCDC2C3D17C2.d.419C208B75AA5E06D91E3CEE66E3ADC9.e.2561"}]}
COMMAND: POST /session/10905aa29ded037ab27490674a12b44a/element - {"using":"xpath","value":"//table[contains(@id, \"customPartnersTable-listUl\")]/tbody/tr[1]/td[2]/div/div"}
COMMAND: GET /session/10905aa29ded037ab27490674a12b44a/screenshot - {}
RESULT: {"using":"xpath","value":"//table[contains(@id, \"customPartnersTable-listUl\")]/tbody/tr[1]/td[2]/div/div"}
COMMAND: POST /session/10905aa29ded037ab27490674a12b44a/element/f.0F422B68595C6480DC5AFCDC2C3D17C2.d.419C208B75AA5E06D91E3CEE66E3ADC9.e.2562/click - {}
RESULT: {}
RESULT: {}
COMMAND: GET /session/10905aa29ded037ab27490674a12b44a/screenshot - {}
RESULT: {}
COMMAND: POST /session/10905aa29ded037ab27490674a12b44a/element - {"using":"xpath","value":"//bdi[contains(text(), \"Activate\")]"}
RESULT: {"using":"xpath","value":"//bdi[contains(text(), \"Activate\")]"}
COMMAND: POST /session/10905aa29ded037ab27490674a12b44a/element/f.0F422B68595C6480DC5AFCDC2C3D17C2.d.419C208B75AA5E06D91E3CEE66E3ADC9.e.2563/click - {}
RESULT: {}
COMMAND: GET /session/10905aa29ded037ab27490674a12b44a/screenshot - {}
RESULT: {}
COMMAND: POST /session/10905aa29ded037ab27490674a12b44a/element - {"using":"xpath","value":"//bdi[contains(text(), \"Yes\")]"}
RESULT: {"using":"xpath","value":"//bdi[contains(text(), \"Yes\")]"}
COMMAND: POST /session/10905aa29ded037ab27490674a12b44a/element/f.0F422B68595C6480DC5AFCDC2C3D17C2.d.419C208B75AA5E06D91E3CEE66E3ADC9.e.2565/click - {}
RESULT: {}
COMMAND: GET /session/10905aa29ded037ab27490674a12b44a/screenshot - {}
RESULT: {}
COMMAND: POST /session/10905aa29ded037ab27490674a12b44a/element - {"using":"xpath","value":"//table[contains(@id, \"customPartnersTable-listUl\")]/tbody/tr[1]/td[7]/div/span"}
RESULT: {"using":"xpath","value":"//table[contains(@id, \"customPartnersTable-listUl\")]/tbody/tr[1]/td[7]/div/span"}
COMMAND: POST /session/10905aa29ded037ab27490674a12b44a/execute/sync - {"script":"<script> [56 bytes]","args":[{"element-6066-11e4-a52e-4f735466cecf":"f.0F422B68595C6480DC5AFCDC2C3D17C2.d.419C208B75AA5E06D91E3CEE66E3ADC9.e.2561","ELEMENT":"f.0F422B68595C6480DC5AFCDC2C3D17C2.d.419C208B75AA5E06D91E3CEE66E3ADC9.e.2561"}]}
RESULT: {"script":"<script> [56 bytes]","args":[{"element-6066-11e4-a52e-4f735466cecf":"f.0F422B68595C6480DC5AFCDC2C3D17C2.d.419C208B75AA5E06D91E3CEE66E3ADC9.e.2561","ELEMENT":"f.0F422B68595C6480DC5AFCDC2C3D17C2.d.419C208B75AA5E06D91E3CEE66E3ADC9.e.2561"}]}
COMMAND: GET /session/10905aa29ded037ab27490674a12b44a/screenshot - {}
RESULT: {}
COMMAND: POST /session/10905aa29ded037ab27490674a12b44a/element - {"using":"css selector","value":"#shell-header-logo"}
RESULT: {"using":"css selector","value":"#shell-header-logo"}
COMMAND: POST /session/10905aa29ded037ab27490674a12b44a/element/f.0F422B68595C6480DC5AFCDC2C3D17C2.d.419C208B75AA5E06D91E3CEE66E3ADC9.e.2379/click - {}
RESULT: {}
COMMAND: GET /session/10905aa29ded037ab27490674a12b44a/screenshot - {}
RESULT: {}
]]></system-out>
    </testcase>
    <testcase classname="chrome.135_0_7049_96.windows.Partner_specific_tests_US150819_US151080_US151654_US151176_US103444_US151078_US151079_US151109_US151174_US151175_US151189" name="Should edit the created external partner and save it and check its content US103444" time="57.946">
      <system-out><![CDATA[
COMMAND: POST /session/10905aa29ded037ab27490674a12b44a/element - {"using":"xpath","value":"//li[.//span[text()=\"Manage Partners\"]]"}
RESULT: {"using":"xpath","value":"//li[.//span[text()=\"Manage Partners\"]]"}
COMMAND: POST /session/10905aa29ded037ab27490674a12b44a/element - {"using":"xpath","value":"//li[.//span[text()=\"Manage Partners\"]]"}
RESULT: {"using":"xpath","value":"//li[.//span[text()=\"Manage Partners\"]]"}
COMMAND: POST /session/10905aa29ded037ab27490674a12b44a/element - {"using":"css selector","value":"#shell-header-logo"}
RESULT: {"using":"css selector","value":"#shell-header-logo"}
COMMAND: POST /session/10905aa29ded037ab27490674a12b44a/element/f.0F422B68595C6480DC5AFCDC2C3D17C2.d.419C208B75AA5E06D91E3CEE66E3ADC9.e.2569/click - {}
COMMAND: POST /session/10905aa29ded037ab27490674a12b44a/execute/sync - {"script":"<script> [8489 bytes]","args":[{"element-6066-11e4-a52e-4f735466cecf":"f.0F422B68595C6480DC5AFCDC2C3D17C2.d.419C208B75AA5E06D91E3CEE66E3ADC9.e.2569","ELEMENT":"f.0F422B68595C6480DC5AFCDC2C3D17C2.d.419C208B75AA5E06D91E3CEE66E3ADC9.e.2569"}]}
RESULT: {}
COMMAND: GET /session/10905aa29ded037ab27490674a12b44a/screenshot - {}
RESULT: {"script":"<script> [8489 bytes]","args":[{"element-6066-11e4-a52e-4f735466cecf":"f.0F422B68595C6480DC5AFCDC2C3D17C2.d.419C208B75AA5E06D91E3CEE66E3ADC9.e.2569","ELEMENT":"f.0F422B68595C6480DC5AFCDC2C3D17C2.d.419C208B75AA5E06D91E3CEE66E3ADC9.e.2569"}]}
COMMAND: POST /session/10905aa29ded037ab27490674a12b44a/execute/sync - {"script":"<script> [5351 bytes]","args":[{"element-6066-11e4-a52e-4f735466cecf":"f.0F422B68595C6480DC5AFCDC2C3D17C2.d.419C208B75AA5E06D91E3CEE66E3ADC9.e.2569","ELEMENT":"f.0F422B68595C6480DC5AFCDC2C3D17C2.d.419C208B75AA5E06D91E3CEE66E3ADC9.e.2569"}]}
COMMAND: GET /session/10905aa29ded037ab27490674a12b44a/screenshot - {}
RESULT: {}
RESULT: {"script":"<script> [5351 bytes]","args":[{"element-6066-11e4-a52e-4f735466cecf":"f.0F422B68595C6480DC5AFCDC2C3D17C2.d.419C208B75AA5E06D91E3CEE66E3ADC9.e.2569","ELEMENT":"f.0F422B68595C6480DC5AFCDC2C3D17C2.d.419C208B75AA5E06D91E3CEE66E3ADC9.e.2569"}]}
COMMAND: GET /session/10905aa29ded037ab27490674a12b44a/screenshot - {}
RESULT: {}
RESULT: {}
RESULT: undefined
COMMAND: POST /session/10905aa29ded037ab27490674a12b44a/element - {"using":"xpath","value":"//*[@id=\"__tile38\"]"}
RESULT: {"using":"xpath","value":"//*[@id=\"__tile38\"]"}
COMMAND: POST /session/10905aa29ded037ab27490674a12b44a/element/f.0F422B68595C6480DC5AFCDC2C3D17C2.d.419C208B75AA5E06D91E3CEE66E3ADC9.e.153/click - {}
RESULT: {}
COMMAND: POST /session/10905aa29ded037ab27490674a12b44a/element - {"using":"xpath","value":"//button[@data-kt=\"addButton\"]"}
COMMAND: GET /session/10905aa29ded037ab27490674a12b44a/screenshot - {}
RESULT: {"using":"xpath","value":"//button[@data-kt=\"addButton\"]"}
COMMAND: POST /session/10905aa29ded037ab27490674a12b44a/elements - {"using":"xpath","value":"//button[@data-kt=\"addButton\"]"}
RESULT: {}
RESULT: {"using":"xpath","value":"//button[@data-kt=\"addButton\"]"}
COMMAND: POST /session/10905aa29ded037ab27490674a12b44a/elements - {"using":"xpath","value":"//button[@data-kt=\"addButton\"]"}
RESULT: {"using":"xpath","value":"//button[@data-kt=\"addButton\"]"}
COMMAND: POST /session/10905aa29ded037ab27490674a12b44a/element - {"using":"xpath","value":"//button[@data-kt=\"addButton\"]"}
RESULT: {"using":"xpath","value":"//button[@data-kt=\"addButton\"]"}
COMMAND: POST /session/10905aa29ded037ab27490674a12b44a/execute/sync - {"script":"<script> [8489 bytes]","args":[{"element-6066-11e4-a52e-4f735466cecf":"f.0F422B68595C6480DC5AFCDC2C3D17C2.d.419C208B75AA5E06D91E3CEE66E3ADC9.e.2614","ELEMENT":"f.0F422B68595C6480DC5AFCDC2C3D17C2.d.419C208B75AA5E06D91E3CEE66E3ADC9.e.2614"}]}
RESULT: {"script":"<script> [8489 bytes]","args":[{"element-6066-11e4-a52e-4f735466cecf":"f.0F422B68595C6480DC5AFCDC2C3D17C2.d.419C208B75AA5E06D91E3CEE66E3ADC9.e.2614","ELEMENT":"f.0F422B68595C6480DC5AFCDC2C3D17C2.d.419C208B75AA5E06D91E3CEE66E3ADC9.e.2614"}]}
COMMAND: GET /session/10905aa29ded037ab27490674a12b44a/element/f.0F422B68595C6480DC5AFCDC2C3D17C2.d.419C208B75AA5E06D91E3CEE66E3ADC9.e.2614/enabled - {}
COMMAND: GET /session/10905aa29ded037ab27490674a12b44a/screenshot - {}
RESULT: {}
COMMAND: POST /session/10905aa29ded037ab27490674a12b44a/execute/sync - {"script":"<script> [8489 bytes]","args":[{"element-6066-11e4-a52e-4f735466cecf":"f.0F422B68595C6480DC5AFCDC2C3D17C2.d.419C208B75AA5E06D91E3CEE66E3ADC9.e.2614","ELEMENT":"f.0F422B68595C6480DC5AFCDC2C3D17C2.d.419C208B75AA5E06D91E3CEE66E3ADC9.e.2614"}]}
COMMAND: GET /session/10905aa29ded037ab27490674a12b44a/screenshot - {}
RESULT: {}
RESULT: {"script":"<script> [8489 bytes]","args":[{"element-6066-11e4-a52e-4f735466cecf":"f.0F422B68595C6480DC5AFCDC2C3D17C2.d.419C208B75AA5E06D91E3CEE66E3ADC9.e.2614","ELEMENT":"f.0F422B68595C6480DC5AFCDC2C3D17C2.d.419C208B75AA5E06D91E3CEE66E3ADC9.e.2614"}]}
COMMAND: POST /session/10905aa29ded037ab27490674a12b44a/execute/sync - {"script":"<script> [5351 bytes]","args":[{"element-6066-11e4-a52e-4f735466cecf":"f.0F422B68595C6480DC5AFCDC2C3D17C2.d.419C208B75AA5E06D91E3CEE66E3ADC9.e.2614","ELEMENT":"f.0F422B68595C6480DC5AFCDC2C3D17C2.d.419C208B75AA5E06D91E3CEE66E3ADC9.e.2614"}]}
COMMAND: GET /session/10905aa29ded037ab27490674a12b44a/screenshot - {}
RESULT: {}
RESULT: {"script":"<script> [5351 bytes]","args":[{"element-6066-11e4-a52e-4f735466cecf":"f.0F422B68595C6480DC5AFCDC2C3D17C2.d.419C208B75AA5E06D91E3CEE66E3ADC9.e.2614","ELEMENT":"f.0F422B68595C6480DC5AFCDC2C3D17C2.d.419C208B75AA5E06D91E3CEE66E3ADC9.e.2614"}]}
COMMAND: GET /session/10905aa29ded037ab27490674a12b44a/screenshot - {}
RESULT: {}
RESULT: {}
RESULT: undefined
COMMAND: POST /session/10905aa29ded037ab27490674a12b44a/execute/async - {"script":"<script> [776 bytes]","args":[{"enterText":"1283","selector":{"id":"application-managepartners-display-component---masterPtm--smartFilterBar-btnBasicSearch","interaction":{"idSuffix":"I"}},"clearTextFirst":true,"interactionType":"ENTER_TEXT"}]}
RESULT: {"script":"<script> [776 bytes]","args":[{"enterText":"1283","selector":{"id":"application-managepartners-display-component---masterPtm--smartFilterBar-btnBasicSearch","interaction":{"idSuffix":"I"}},"clearTextFirst":true,"interactionType":"ENTER_TEXT"}]}
COMMAND: POST /session/10905aa29ded037ab27490674a12b44a/actions - {"actions":[{"id":"action6","type":"key","parameters":{},"actions":[{"type":"keyDown","value":"î€‡"},{"type":"pause","duration":10},{"type":"keyUp","value":"î€‡"}]}]}
RESULT: {"actions":[{"id":"action6","type":"key","parameters":{},"actions":[{"type":"keyDown","value":"î€‡"},{"type":"pause","duration":10},{"type":"keyUp","value":"î€‡"}]}]}
COMMAND: GET /session/10905aa29ded037ab27490674a12b44a/screenshot - {}
RESULT: {}
COMMAND: POST /session/10905aa29ded037ab27490674a12b44a/elements - {"using":"xpath","value":"//table[contains(@id, \"customPartnersTable-listUl\")]/tbody/tr"}
RESULT: {"using":"xpath","value":"//table[contains(@id, \"customPartnersTable-listUl\")]/tbody/tr"}
COMMAND: POST /session/10905aa29ded037ab27490674a12b44a/element - {"using":"xpath","value":"//table[contains(@id, \"customPartnersTable-listUl\")]/tbody/tr[1]/td[3]/span"}
RESULT: {"using":"xpath","value":"//table[contains(@id, \"customPartnersTable-listUl\")]/tbody/tr[1]/td[3]/span"}
COMMAND: POST /session/10905aa29ded037ab27490674a12b44a/elements - {"using":"xpath","value":"//table[contains(@id, \"customPartnersTable-listUl\")]/tbody/tr[1]/td[3]/span"}
RESULT: {"using":"xpath","value":"//table[contains(@id, \"customPartnersTable-listUl\")]/tbody/tr[1]/td[3]/span"}
COMMAND: POST /session/10905aa29ded037ab27490674a12b44a/execute/sync - {"script":"<script> [56 bytes]","args":[{"element-6066-11e4-a52e-4f735466cecf":"f.0F422B68595C6480DC5AFCDC2C3D17C2.d.419C208B75AA5E06D91E3CEE66E3ADC9.e.2747","ELEMENT":"f.0F422B68595C6480DC5AFCDC2C3D17C2.d.419C208B75AA5E06D91E3CEE66E3ADC9.e.2747"}]}
RESULT: {"script":"<script> [56 bytes]","args":[{"element-6066-11e4-a52e-4f735466cecf":"f.0F422B68595C6480DC5AFCDC2C3D17C2.d.419C208B75AA5E06D91E3CEE66E3ADC9.e.2747","ELEMENT":"f.0F422B68595C6480DC5AFCDC2C3D17C2.d.419C208B75AA5E06D91E3CEE66E3ADC9.e.2747"}]}
COMMAND: POST /session/10905aa29ded037ab27490674a12b44a/element - {"using":"xpath","value":"(//span[contains(@id, \"imgNav\")])[1]"}
COMMAND: GET /session/10905aa29ded037ab27490674a12b44a/screenshot - {}
RESULT: {"using":"xpath","value":"(//span[contains(@id, \"imgNav\")])[1]"}
COMMAND: POST /session/10905aa29ded037ab27490674a12b44a/element/f.0F422B68595C6480DC5AFCDC2C3D17C2.d.419C208B75AA5E06D91E3CEE66E3ADC9.e.2745/click - {}
RESULT: {}
RESULT: {}
COMMAND: GET /session/10905aa29ded037ab27490674a12b44a/screenshot - {}
RESULT: {}
COMMAND: POST /session/10905aa29ded037ab27490674a12b44a/element - {"using":"xpath","value":"//bdi[contains(text(), \"Edit\")]"}
RESULT: {"using":"xpath","value":"//bdi[contains(text(), \"Edit\")]"}
COMMAND: POST /session/10905aa29ded037ab27490674a12b44a/element/f.0F422B68595C6480DC5AFCDC2C3D17C2.d.419C208B75AA5E06D91E3CEE66E3ADC9.e.2888/click - {}
RESULT: {}
COMMAND: GET /session/10905aa29ded037ab27490674a12b44a/screenshot - {}
RESULT: {}
COMMAND: POST /session/10905aa29ded037ab27490674a12b44a/execute/async - {"script":"<script> [1562 bytes]","args":[{"selector":{"controlType":"sap.m.Input","viewName":"etm.portal.ui.managepartners.view.EditDetail","labelFor":{"text":"Name"},"interaction":{"idSuffix":"inner"}},"wdio_ui5_key":"etmportal.ui.managepartners.view.EditDetailsap.m.Input{\"text\":\"Name\"}"}]}
RESULT: {"script":"<script> [1562 bytes]","args":[{"selector":{"controlType":"sap.m.Input","viewName":"etm.portal.ui.managepartners.view.EditDetail","labelFor":{"text":"Name"},"interaction":{"idSuffix":"inner"}},"wdio_ui5_key":"etmportal.ui.managepartners.view.EditDetailsap.m.Input{\"text\":\"Name\"}"}]}
RESULT: undefined
COMMAND: POST /session/10905aa29ded037ab27490674a12b44a/execute/async - {"script":"<script> [776 bytes]","args":[{"enterText":"External EDIT","selector":{"controlType":"sap.m.Input","viewName":"etm.portal.ui.managepartners.view.EditDetail","labelFor":{"text":"Name"},"interaction":{"idSuffix":"inner"}},"clearTextFirst":true,"interactionType":"ENTER_TEXT"}]}
RESULT: {"script":"<script> [776 bytes]","args":[{"enterText":"External EDIT","selector":{"controlType":"sap.m.Input","viewName":"etm.portal.ui.managepartners.view.EditDetail","labelFor":{"text":"Name"},"interaction":{"idSuffix":"inner"}},"clearTextFirst":true,"interactionType":"ENTER_TEXT"}]}
COMMAND: POST /session/10905aa29ded037ab27490674a12b44a/element - {"using":"xpath","value":"(//span[contains(@id,\"addressDetailDetailsLanguage-arrow\")])[1]"}
RESULT: {"using":"xpath","value":"(//span[contains(@id,\"addressDetailDetailsLanguage-arrow\")])[1]"}
COMMAND: POST /session/10905aa29ded037ab27490674a12b44a/element/f.0F422B68595C6480DC5AFCDC2C3D17C2.d.419C208B75AA5E06D91E3CEE66E3ADC9.e.2965/click - {}
RESULT: {}
COMMAND: POST /session/10905aa29ded037ab27490674a12b44a/element - {"using":"xpath","value":"//span[contains(text(), \"Chinese\")]"}
COMMAND: GET /session/10905aa29ded037ab27490674a12b44a/screenshot - {}
RESULT: {"using":"xpath","value":"//span[contains(text(), \"Chinese\")]"}
COMMAND: POST /session/10905aa29ded037ab27490674a12b44a/element/f.0F422B68595C6480DC5AFCDC2C3D17C2.d.419C208B75AA5E06D91E3CEE66E3ADC9.e.2966/click - {}
RESULT: {}
RESULT: {}
COMMAND: GET /session/10905aa29ded037ab27490674a12b44a/screenshot - {}
RESULT: {}
COMMAND: POST /session/10905aa29ded037ab27490674a12b44a/execute/async - {"script":"<script> [1562 bytes]","args":[{"selector":{"controlType":"sap.m.Input","viewName":"etm.portal.ui.managepartners.view.EditDetail","labelFor":{"text":"City"},"interaction":{"idSuffix":"inner"}},"wdio_ui5_key":"etmportal.ui.managepartners.view.EditDetailsap.m.Input{\"text\":\"City\"}"}]}
RESULT: {"script":"<script> [1562 bytes]","args":[{"selector":{"controlType":"sap.m.Input","viewName":"etm.portal.ui.managepartners.view.EditDetail","labelFor":{"text":"City"},"interaction":{"idSuffix":"inner"}},"wdio_ui5_key":"etmportal.ui.managepartners.view.EditDetailsap.m.Input{\"text\":\"City\"}"}]}
RESULT: undefined
COMMAND: POST /session/10905aa29ded037ab27490674a12b44a/execute/async - {"script":"<script> [776 bytes]","args":[{"enterText":"Clooj-Napoca","selector":{"controlType":"sap.m.Input","viewName":"etm.portal.ui.managepartners.view.EditDetail","labelFor":{"text":"City"},"interaction":{"idSuffix":"inner"}},"clearTextFirst":true,"interactionType":"ENTER_TEXT"}]}
RESULT: {"script":"<script> [776 bytes]","args":[{"enterText":"Clooj-Napoca","selector":{"controlType":"sap.m.Input","viewName":"etm.portal.ui.managepartners.view.EditDetail","labelFor":{"text":"City"},"interaction":{"idSuffix":"inner"}},"clearTextFirst":true,"interactionType":"ENTER_TEXT"}]}
COMMAND: POST /session/10905aa29ded037ab27490674a12b44a/element - {"using":"xpath","value":"//button[@data-kt=\"saveButton\"]"}
RESULT: {"using":"xpath","value":"//button[@data-kt=\"saveButton\"]"}
COMMAND: POST /session/10905aa29ded037ab27490674a12b44a/element/f.0F422B68595C6480DC5AFCDC2C3D17C2.d.419C208B75AA5E06D91E3CEE66E3ADC9.e.2951/click - {}
RESULT: {}
COMMAND: GET /session/10905aa29ded037ab27490674a12b44a/screenshot - {}
RESULT: {}
COMMAND: POST /session/10905aa29ded037ab27490674a12b44a/execute/async - {"script":"<script> [1562 bytes]","args":[{"selector":{"id":"application-managepartners-display-component---detailPtm--addressDetailDetailsName1"},"wdio_ui5_key":"applicationmanagepartners-display-component---detailPtm--addressDetailDetailsName1"}]}
RESULT: {"script":"<script> [1562 bytes]","args":[{"selector":{"id":"application-managepartners-display-component---detailPtm--addressDetailDetailsName1"},"wdio_ui5_key":"applicationmanagepartners-display-component---detailPtm--addressDetailDetailsName1"}]}
RESULT: undefined
COMMAND: POST /session/10905aa29ded037ab27490674a12b44a/execute/async - {"script":"<script> [6424 bytes]","args":[{"element-6066-11e4-a52e-4f735466cecf":"f.0F422B68595C6480DC5AFCDC2C3D17C2.d.419C208B75AA5E06D91E3CEE66E3ADC9.e.2997"},"getValue",[]]}
RESULT: {"script":"<script> [6424 bytes]","args":[{"element-6066-11e4-a52e-4f735466cecf":"f.0F422B68595C6480DC5AFCDC2C3D17C2.d.419C208B75AA5E06D91E3CEE66E3ADC9.e.2997"},"getValue",[]]}
COMMAND: POST /session/10905aa29ded037ab27490674a12b44a/element - {"using":"xpath","value":"//input[@id = \"application-managepartners-display-component---detailPtm--addressDetailDetailsLanguage-inner\"]"}
RESULT: {"using":"xpath","value":"//input[@id = \"application-managepartners-display-component---detailPtm--addressDetailDetailsLanguage-inner\"]"}
COMMAND: GET /session/10905aa29ded037ab27490674a12b44a/element/f.0F422B68595C6480DC5AFCDC2C3D17C2.d.419C208B75AA5E06D91E3CEE66E3ADC9.e.2998/property/value - {}
RESULT: {}
COMMAND: POST /session/10905aa29ded037ab27490674a12b44a/execute/async - {"script":"<script> [1562 bytes]","args":[{"selector":{"id":"application-managepartners-display-component---detailPtm--addressDetailDetailsCity1"},"wdio_ui5_key":"applicationmanagepartners-display-component---detailPtm--addressDetailDetailsCity1"}]}
COMMAND: GET /session/10905aa29ded037ab27490674a12b44a/screenshot - {}
RESULT: {"script":"<script> [1562 bytes]","args":[{"selector":{"id":"application-managepartners-display-component---detailPtm--addressDetailDetailsCity1"},"wdio_ui5_key":"applicationmanagepartners-display-component---detailPtm--addressDetailDetailsCity1"}]}
RESULT: undefined
COMMAND: POST /session/10905aa29ded037ab27490674a12b44a/execute/async - {"script":"<script> [6424 bytes]","args":[{"element-6066-11e4-a52e-4f735466cecf":"f.0F422B68595C6480DC5AFCDC2C3D17C2.d.419C208B75AA5E06D91E3CEE66E3ADC9.e.2999"},"getValue",[]]}
RESULT: {}
RESULT: {"script":"<script> [6424 bytes]","args":[{"element-6066-11e4-a52e-4f735466cecf":"f.0F422B68595C6480DC5AFCDC2C3D17C2.d.419C208B75AA5E06D91E3CEE66E3ADC9.e.2999"},"getValue",[]]}
COMMAND: POST /session/10905aa29ded037ab27490674a12b44a/element - {"using":"css selector","value":"#shell-header-logo"}
RESULT: {"using":"css selector","value":"#shell-header-logo"}
COMMAND: POST /session/10905aa29ded037ab27490674a12b44a/element/f.0F422B68595C6480DC5AFCDC2C3D17C2.d.419C208B75AA5E06D91E3CEE66E3ADC9.e.2569/click - {}
RESULT: {}
COMMAND: GET /session/10905aa29ded037ab27490674a12b44a/screenshot - {}
RESULT: {}
]]></system-out>
    </testcase>
    <testcase classname="chrome.135_0_7049_96.windows.Partner_specific_tests_US150819_US151080_US151654_US151176_US103444_US151078_US151079_US151109_US151174_US151175_US151189" name="Should create a new intercompany partner edit some of its fields US151078" time="209.228">
      <system-out><![CDATA[
COMMAND: POST /session/10905aa29ded037ab27490674a12b44a/element - {"using":"xpath","value":"//li[.//span[text()=\"Manage Partners\"]]"}
RESULT: {"using":"xpath","value":"//li[.//span[text()=\"Manage Partners\"]]"}
COMMAND: POST /session/10905aa29ded037ab27490674a12b44a/element - {"using":"xpath","value":"//li[.//span[text()=\"Manage Partners\"]]"}
RESULT: {"using":"xpath","value":"//li[.//span[text()=\"Manage Partners\"]]"}
COMMAND: POST /session/10905aa29ded037ab27490674a12b44a/element - {"using":"css selector","value":"#shell-header-logo"}
RESULT: {"using":"css selector","value":"#shell-header-logo"}
COMMAND: POST /session/10905aa29ded037ab27490674a12b44a/element/f.0F422B68595C6480DC5AFCDC2C3D17C2.d.419C208B75AA5E06D91E3CEE66E3ADC9.e.3029/click - {}
COMMAND: POST /session/10905aa29ded037ab27490674a12b44a/execute/sync - {"script":"<script> [8489 bytes]","args":[{"element-6066-11e4-a52e-4f735466cecf":"f.0F422B68595C6480DC5AFCDC2C3D17C2.d.419C208B75AA5E06D91E3CEE66E3ADC9.e.3029","ELEMENT":"f.0F422B68595C6480DC5AFCDC2C3D17C2.d.419C208B75AA5E06D91E3CEE66E3ADC9.e.3029"}]}
RESULT: {"script":"<script> [8489 bytes]","args":[{"element-6066-11e4-a52e-4f735466cecf":"f.0F422B68595C6480DC5AFCDC2C3D17C2.d.419C208B75AA5E06D91E3CEE66E3ADC9.e.3029","ELEMENT":"f.0F422B68595C6480DC5AFCDC2C3D17C2.d.419C208B75AA5E06D91E3CEE66E3ADC9.e.3029"}]}
COMMAND: POST /session/10905aa29ded037ab27490674a12b44a/execute/sync - {"script":"<script> [5351 bytes]","args":[{"element-6066-11e4-a52e-4f735466cecf":"f.0F422B68595C6480DC5AFCDC2C3D17C2.d.419C208B75AA5E06D91E3CEE66E3ADC9.e.3029","ELEMENT":"f.0F422B68595C6480DC5AFCDC2C3D17C2.d.419C208B75AA5E06D91E3CEE66E3ADC9.e.3029"}]}
COMMAND: GET /session/10905aa29ded037ab27490674a12b44a/screenshot - {}
RESULT: {}
COMMAND: GET /session/10905aa29ded037ab27490674a12b44a/screenshot - {}
RESULT: {"script":"<script> [5351 bytes]","args":[{"element-6066-11e4-a52e-4f735466cecf":"f.0F422B68595C6480DC5AFCDC2C3D17C2.d.419C208B75AA5E06D91E3CEE66E3ADC9.e.3029","ELEMENT":"f.0F422B68595C6480DC5AFCDC2C3D17C2.d.419C208B75AA5E06D91E3CEE66E3ADC9.e.3029"}]}
COMMAND: GET /session/10905aa29ded037ab27490674a12b44a/screenshot - {}
RESULT: {}
RESULT: {}
RESULT: {}
COMMAND: POST /session/10905aa29ded037ab27490674a12b44a/refresh - {}
RESULT: {}
COMMAND: GET /session/10905aa29ded037ab27490674a12b44a/screenshot - {}
RESULT: {}
COMMAND: POST /session/10905aa29ded037ab27490674a12b44a/refresh - {}
RESULT: {}
COMMAND: GET /session/10905aa29ded037ab27490674a12b44a/screenshot - {}
RESULT: {}
COMMAND: POST /session/10905aa29ded037ab27490674a12b44a/window/fullscreen - {}
RESULT: {}
COMMAND: POST /session/10905aa29ded037ab27490674a12b44a/execute/async - {"script":"<script> [189 bytes]","args":[]}
RESULT: {"script":"<script> [189 bytes]","args":[]}
COMMAND: POST /session/10905aa29ded037ab27490674a12b44a/execute/async - {"script":"<script> [123 bytes]","args":[]}
RESULT: {"script":"<script> [123 bytes]","args":[]}
COMMAND: POST /session/10905aa29ded037ab27490674a12b44a/timeouts - {"script":"<number>"}
RESULT: {"script":"<number>"}
COMMAND: GET /session/10905aa29ded037ab27490674a12b44a/timeouts - {}
RESULT: {}
RESULT: undefined
COMMAND: POST /session/10905aa29ded037ab27490674a12b44a/execute/async - {"script":"<script> [2676 bytes]","args":[]}
RESULT: {"script":"<script> [2676 bytes]","args":[]}
COMMAND: POST /session/10905aa29ded037ab27490674a12b44a/execute/async - {"script":"<script> [2342 bytes]","args":[{"protocol":"http","hostname":"0.0.0.0","path":"/","capabilities":{"browserName":"chrome","goog:chromeOptions":{"binary":"C:\\Program Files\\Google\\Chrome\\Application\\chrome.exe","args":["--start-maximized"]}},"logLevel":"warn","connectionRetryTimeout":120000,"connectionRetryCount":3,"logLevels":{},"enableDirectConnect":true,"strictSSL":true,"_":"65 more keys: [\"cacheDir\",\"port\",\"requestedCapabilities\",\"automationProtocol\",\"baseUrl\",\"waitforInterval\",\"waitforTimeout\",\"onReload\",\"beforeCommand\",\"afterCommand\",\"rootDir\",\"specs\",\"suites\",\"exclude\",\"groupLogsByTestSpec\",\"excludeDriverLogs\",\"bail\",\"framework\",\"reporters\",\"services\",\"maxInstances\",\"maxInstancesPerCapability\",\"injectGlobals\",\"filesToWatch\",\"execArgv\",\"runnerEnv\",\"runner\",\"shard\",\"specFileRetries\",\"specFileRetriesDelay\",\"specFileRetriesDeferred\",\"reporterSyncInterval\",\"reporterSyncTimeout\",\"cucumberFeaturesWithLineNumbers\",\"autoCompileOpts\",\"mochaOpts\",\"jasmineOpts\",\"cucumberOpts\",\"onPrepare\",\"onWorkerStart\",\"onWorkerEnd\",\"before\",\"beforeSession\",\"beforeSuite\",\"beforeHook\",\"beforeTest\",\"afterTest\",\"afterHook\",\"afterSuite\",\"afterSession\",\"after\",\"onComplete\",\"beforeAssertion\",\"afterAssertion\",\"beforeFeature\",\"beforeScenario\",\"beforeStep\",\"afterStep\",\"afterScenario\",\"afterFeature\",\"_\",\"suite\",\"$0\",\"ignoredWorkerServices\",\"wdi5\"]"}]}
RESULT: {"script":"<script> [2342 bytes]","args":[{"protocol":"http","hostname":"0.0.0.0","path":"/","capabilities":{"browserName":"chrome","goog:chromeOptions":{"binary":"C:\\Program Files\\Google\\Chrome\\Application\\chrome.exe","args":["--start-maximized"]}},"logLevel":"warn","connectionRetryTimeout":120000,"connectionRetryCount":3,"logLevels":{},"enableDirectConnect":true,"strictSSL":true,"_":"65 more keys: [\"cacheDir\",\"port\",\"requestedCapabilities\",\"automationProtocol\",\"baseUrl\",\"waitforInterval\",\"waitforTimeout\",\"onReload\",\"beforeCommand\",\"afterCommand\",\"rootDir\",\"specs\",\"suites\",\"exclude\",\"groupLogsByTestSpec\",\"excludeDriverLogs\",\"bail\",\"framework\",\"reporters\",\"services\",\"maxInstances\",\"maxInstancesPerCapability\",\"injectGlobals\",\"filesToWatch\",\"execArgv\",\"runnerEnv\",\"runner\",\"shard\",\"specFileRetries\",\"specFileRetriesDelay\",\"specFileRetriesDeferred\",\"reporterSyncInterval\",\"reporterSyncTimeout\",\"cucumberFeaturesWithLineNumbers\",\"autoCompileOpts\",\"mochaOpts\",\"jasmineOpts\",\"cucumberOpts\",\"onPrepare\",\"onWorkerStart\",\"onWorkerEnd\",\"before\",\"beforeSession\",\"beforeSuite\",\"beforeHook\",\"beforeTest\",\"afterTest\",\"afterHook\",\"afterSuite\",\"afterSession\",\"after\",\"onComplete\",\"beforeAssertion\",\"afterAssertion\",\"beforeFeature\",\"beforeScenario\",\"beforeStep\",\"afterStep\",\"afterScenario\",\"afterFeature\",\"_\",\"suite\",\"$0\",\"ignoredWorkerServices\",\"wdi5\"]"}]}
COMMAND: POST /session/10905aa29ded037ab27490674a12b44a/execute/async - {"script":"<script> [21126 bytes]","args":[35000]}
RESULT: {"script":"<script> [21126 bytes]","args":[35000]}
COMMAND: POST /session/10905aa29ded037ab27490674a12b44a/window/fullscreen - {}
RESULT: {}
COMMAND: POST /session/10905aa29ded037ab27490674a12b44a/window/fullscreen - {}
RESULT: {}
COMMAND: POST /session/10905aa29ded037ab27490674a12b44a/execute/async - {"script":"<script> [1562 bytes]","args":[{"selector":{"controlType":"sap.m.GenericTile","properties":{"header":"Manage Partners"}},"wdio_ui5_key":"sapm.GenericTile{\"header\":\"Manage Partners\"}"}]}
RESULT: {"script":"<script> [1562 bytes]","args":[{"selector":{"controlType":"sap.m.GenericTile","properties":{"header":"Manage Partners"}},"wdio_ui5_key":"sapm.GenericTile{\"header\":\"Manage Partners\"}"}]}
RESULT: undefined
COMMAND: POST /session/10905aa29ded037ab27490674a12b44a/element - {"using":"xpath","value":"//*[@id=\"__tile30\"]"}
RESULT: {"using":"xpath","value":"//*[@id=\"__tile30\"]"}
COMMAND: POST /session/10905aa29ded037ab27490674a12b44a/element/f.0F422B68595C6480DC5AFCDC2C3D17C2.d.B5F3EE46ECC69E42C5EB555B086FA0E5.e.3093/click - {}
RESULT: {}
COMMAND: POST /session/10905aa29ded037ab27490674a12b44a/element - {"using":"xpath","value":"//button[@data-kt=\"addButton\"]"}
COMMAND: GET /session/10905aa29ded037ab27490674a12b44a/screenshot - {}
RESULT: {"using":"xpath","value":"//button[@data-kt=\"addButton\"]"}
COMMAND: POST /session/10905aa29ded037ab27490674a12b44a/elements - {"using":"xpath","value":"//button[@data-kt=\"addButton\"]"}
RESULT: {}
RESULT: {"using":"xpath","value":"//button[@data-kt=\"addButton\"]"}
COMMAND: POST /session/10905aa29ded037ab27490674a12b44a/element - {"using":"xpath","value":"//button[@data-kt=\"addButton\"]"}
RESULT: {"using":"xpath","value":"//button[@data-kt=\"addButton\"]"}
COMMAND: POST /session/10905aa29ded037ab27490674a12b44a/execute/sync - {"script":"<script> [8489 bytes]","args":[{"element-6066-11e4-a52e-4f735466cecf":"f.0F422B68595C6480DC5AFCDC2C3D17C2.d.B5F3EE46ECC69E42C5EB555B086FA0E5.e.3219","ELEMENT":"f.0F422B68595C6480DC5AFCDC2C3D17C2.d.B5F3EE46ECC69E42C5EB555B086FA0E5.e.3219"}]}
RESULT: {"script":"<script> [8489 bytes]","args":[{"element-6066-11e4-a52e-4f735466cecf":"f.0F422B68595C6480DC5AFCDC2C3D17C2.d.B5F3EE46ECC69E42C5EB555B086FA0E5.e.3219","ELEMENT":"f.0F422B68595C6480DC5AFCDC2C3D17C2.d.B5F3EE46ECC69E42C5EB555B086FA0E5.e.3219"}]}
COMMAND: GET /session/10905aa29ded037ab27490674a12b44a/element/f.0F422B68595C6480DC5AFCDC2C3D17C2.d.B5F3EE46ECC69E42C5EB555B086FA0E5.e.3219/enabled - {}
COMMAND: GET /session/10905aa29ded037ab27490674a12b44a/screenshot - {}
RESULT: {}
COMMAND: POST /session/10905aa29ded037ab27490674a12b44a/execute/sync - {"script":"<script> [8489 bytes]","args":[{"element-6066-11e4-a52e-4f735466cecf":"f.0F422B68595C6480DC5AFCDC2C3D17C2.d.B5F3EE46ECC69E42C5EB555B086FA0E5.e.3219","ELEMENT":"f.0F422B68595C6480DC5AFCDC2C3D17C2.d.B5F3EE46ECC69E42C5EB555B086FA0E5.e.3219"}]}
COMMAND: GET /session/10905aa29ded037ab27490674a12b44a/screenshot - {}
RESULT: {}
RESULT: {"script":"<script> [8489 bytes]","args":[{"element-6066-11e4-a52e-4f735466cecf":"f.0F422B68595C6480DC5AFCDC2C3D17C2.d.B5F3EE46ECC69E42C5EB555B086FA0E5.e.3219","ELEMENT":"f.0F422B68595C6480DC5AFCDC2C3D17C2.d.B5F3EE46ECC69E42C5EB555B086FA0E5.e.3219"}]}
COMMAND: POST /session/10905aa29ded037ab27490674a12b44a/execute/sync - {"script":"<script> [5351 bytes]","args":[{"element-6066-11e4-a52e-4f735466cecf":"f.0F422B68595C6480DC5AFCDC2C3D17C2.d.B5F3EE46ECC69E42C5EB555B086FA0E5.e.3219","ELEMENT":"f.0F422B68595C6480DC5AFCDC2C3D17C2.d.B5F3EE46ECC69E42C5EB555B086FA0E5.e.3219"}]}
COMMAND: GET /session/10905aa29ded037ab27490674a12b44a/screenshot - {}
RESULT: {}
RESULT: {"script":"<script> [5351 bytes]","args":[{"element-6066-11e4-a52e-4f735466cecf":"f.0F422B68595C6480DC5AFCDC2C3D17C2.d.B5F3EE46ECC69E42C5EB555B086FA0E5.e.3219","ELEMENT":"f.0F422B68595C6480DC5AFCDC2C3D17C2.d.B5F3EE46ECC69E42C5EB555B086FA0E5.e.3219"}]}
COMMAND: POST /session/10905aa29ded037ab27490674a12b44a/element/f.0F422B68595C6480DC5AFCDC2C3D17C2.d.B5F3EE46ECC69E42C5EB555B086FA0E5.e.3219/click - {}
COMMAND: GET /session/10905aa29ded037ab27490674a12b44a/screenshot - {}
RESULT: {}
RESULT: {}
COMMAND: GET /session/10905aa29ded037ab27490674a12b44a/screenshot - {}
RESULT: {}
COMMAND: POST /session/10905aa29ded037ab27490674a12b44a/execute/async - {"script":"<script> [1562 bytes]","args":[{"selector":{"id":"application-managepartners-display-component---NewPartner--addressDetailDetailsName1","interaction":{"idSuffix":"inner"}},"wdio_ui5_key":"applicationmanagepartners-display-component---NewPartner--addressDetailDetailsName1"}]}
RESULT: {}
RESULT: {"script":"<script> [1562 bytes]","args":[{"selector":{"id":"application-managepartners-display-component---NewPartner--addressDetailDetailsName1","interaction":{"idSuffix":"inner"}},"wdio_ui5_key":"applicationmanagepartners-display-component---NewPartner--addressDetailDetailsName1"}]}
RESULT: undefined
COMMAND: POST /session/10905aa29ded037ab27490674a12b44a/execute/async - {"script":"<script> [776 bytes]","args":[{"enterText":"Intercompany Partner WDIO","selector":{"id":"application-managepartners-display-component---NewPartner--addressDetailDetailsName1","interaction":{"idSuffix":"inner"}},"clearTextFirst":true,"interactionType":"ENTER_TEXT"}]}
RESULT: {"script":"<script> [776 bytes]","args":[{"enterText":"Intercompany Partner WDIO","selector":{"id":"application-managepartners-display-component---NewPartner--addressDetailDetailsName1","interaction":{"idSuffix":"inner"}},"clearTextFirst":true,"interactionType":"ENTER_TEXT"}]}
COMMAND: POST /session/10905aa29ded037ab27490674a12b44a/execute/async - {"script":"<script> [1562 bytes]","args":[{"selector":{"id":"application-managepartners-display-component---NewPartner--addressDetailDetailsLanguage-arrow"},"wdio_ui5_key":"applicationmanagepartners-display-component---NewPartner--addressDetailDetailsLanguage-arrow"}]}
RESULT: {"script":"<script> [1562 bytes]","args":[{"selector":{"id":"application-managepartners-display-component---NewPartner--addressDetailDetailsLanguage-arrow"},"wdio_ui5_key":"applicationmanagepartners-display-component---NewPartner--addressDetailDetailsLanguage-arrow"}]}
RESULT: undefined
COMMAND: POST /session/10905aa29ded037ab27490674a12b44a/element - {"using":"xpath","value":"//*[@id=\"application-managepartners-display-component---NewPartner--addressDetailDetailsLanguage-arrow\"]"}
RESULT: {"using":"xpath","value":"//*[@id=\"application-managepartners-display-component---NewPartner--addressDetailDetailsLanguage-arrow\"]"}
COMMAND: POST /session/10905aa29ded037ab27490674a12b44a/element/f.0F422B68595C6480DC5AFCDC2C3D17C2.d.B5F3EE46ECC69E42C5EB555B086FA0E5.e.3662/click - {}
RESULT: {}
COMMAND: POST /session/10905aa29ded037ab27490674a12b44a/element - {"using":"xpath","value":"//span[contains(text(), \"English\")]"}
COMMAND: GET /session/10905aa29ded037ab27490674a12b44a/screenshot - {}
RESULT: {"using":"xpath","value":"//span[contains(text(), \"English\")]"}
COMMAND: POST /session/10905aa29ded037ab27490674a12b44a/element/f.0F422B68595C6480DC5AFCDC2C3D17C2.d.B5F3EE46ECC69E42C5EB555B086FA0E5.e.3663/click - {}
RESULT: {}
RESULT: {}
COMMAND: GET /session/10905aa29ded037ab27490674a12b44a/screenshot - {}
RESULT: {}
COMMAND: POST /session/10905aa29ded037ab27490674a12b44a/execute/async - {"script":"<script> [1562 bytes]","args":[{"selector":{"id":"application-managepartners-display-component---NewPartner--addressDetailDetailsCity1","interaction":{"idSuffix":"inner"}},"wdio_ui5_key":"applicationmanagepartners-display-component---NewPartner--addressDetailDetailsCity1"}]}
RESULT: {"script":"<script> [1562 bytes]","args":[{"selector":{"id":"application-managepartners-display-component---NewPartner--addressDetailDetailsCity1","interaction":{"idSuffix":"inner"}},"wdio_ui5_key":"applicationmanagepartners-display-component---NewPartner--addressDetailDetailsCity1"}]}
RESULT: undefined
COMMAND: POST /session/10905aa29ded037ab27490674a12b44a/execute/async - {"script":"<script> [776 bytes]","args":[{"enterText":"Rosario","selector":{"id":"application-managepartners-display-component---NewPartner--addressDetailDetailsCity1","interaction":{"idSuffix":"inner"}},"clearTextFirst":true,"interactionType":"ENTER_TEXT"}]}
RESULT: {"script":"<script> [776 bytes]","args":[{"enterText":"Rosario","selector":{"id":"application-managepartners-display-component---NewPartner--addressDetailDetailsCity1","interaction":{"idSuffix":"inner"}},"clearTextFirst":true,"interactionType":"ENTER_TEXT"}]}
COMMAND: POST /session/10905aa29ded037ab27490674a12b44a/execute/async - {"script":"<script> [1562 bytes]","args":[{"selector":{"id":"application-managepartners-display-component---NewPartner--addressDetailDetailsCountry-arrow"},"wdio_ui5_key":"applicationmanagepartners-display-component---NewPartner--addressDetailDetailsCountry-arrow"}]}
RESULT: {"script":"<script> [1562 bytes]","args":[{"selector":{"id":"application-managepartners-display-component---NewPartner--addressDetailDetailsCountry-arrow"},"wdio_ui5_key":"applicationmanagepartners-display-component---NewPartner--addressDetailDetailsCountry-arrow"}]}
RESULT: undefined
COMMAND: POST /session/10905aa29ded037ab27490674a12b44a/element - {"using":"xpath","value":"//*[@id=\"application-managepartners-display-component---NewPartner--addressDetailDetailsCountry-arrow\"]"}
RESULT: {"using":"xpath","value":"//*[@id=\"application-managepartners-display-component---NewPartner--addressDetailDetailsCountry-arrow\"]"}
COMMAND: POST /session/10905aa29ded037ab27490674a12b44a/element/f.0F422B68595C6480DC5AFCDC2C3D17C2.d.B5F3EE46ECC69E42C5EB555B086FA0E5.e.3644/click - {}
RESULT: {}
COMMAND: POST /session/10905aa29ded037ab27490674a12b44a/element - {"using":"xpath","value":"//span[contains(text(), \"Argentina\")]"}
COMMAND: GET /session/10905aa29ded037ab27490674a12b44a/screenshot - {}
RESULT: {"using":"xpath","value":"//span[contains(text(), \"Argentina\")]"}
COMMAND: POST /session/10905aa29ded037ab27490674a12b44a/element/f.0F422B68595C6480DC5AFCDC2C3D17C2.d.B5F3EE46ECC69E42C5EB555B086FA0E5.e.3665/click - {}
RESULT: {}
RESULT: {}
COMMAND: GET /session/10905aa29ded037ab27490674a12b44a/screenshot - {}
RESULT: {}
COMMAND: POST /session/10905aa29ded037ab27490674a12b44a/element - {"using":"xpath","value":"//bdi[contains(text(), \"Commercial\")]"}
RESULT: {"using":"xpath","value":"//bdi[contains(text(), \"Commercial\")]"}
COMMAND: POST /session/10905aa29ded037ab27490674a12b44a/element/f.0F422B68595C6480DC5AFCDC2C3D17C2.d.B5F3EE46ECC69E42C5EB555B086FA0E5.e.3666/click - {}
RESULT: {}
COMMAND: GET /session/10905aa29ded037ab27490674a12b44a/screenshot - {}
RESULT: {}
COMMAND: POST /session/10905aa29ded037ab27490674a12b44a/execute/async - {"script":"<script> [1562 bytes]","args":[{"selector":{"id":"application-managepartners-display-component---NewPartner--partnerDetailInternal-arrow"},"wdio_ui5_key":"applicationmanagepartners-display-component---NewPartner--partnerDetailInternal-arrow"}]}
RESULT: {"script":"<script> [1562 bytes]","args":[{"selector":{"id":"application-managepartners-display-component---NewPartner--partnerDetailInternal-arrow"},"wdio_ui5_key":"applicationmanagepartners-display-component---NewPartner--partnerDetailInternal-arrow"}]}
RESULT: undefined
COMMAND: POST /session/10905aa29ded037ab27490674a12b44a/element - {"using":"xpath","value":"//*[@id=\"application-managepartners-display-component---NewPartner--partnerDetailInternal-arrow\"]"}
RESULT: {"using":"xpath","value":"//*[@id=\"application-managepartners-display-component---NewPartner--partnerDetailInternal-arrow\"]"}
COMMAND: POST /session/10905aa29ded037ab27490674a12b44a/element/f.0F422B68595C6480DC5AFCDC2C3D17C2.d.B5F3EE46ECC69E42C5EB555B086FA0E5.e.3672/click - {}
RESULT: {}
COMMAND: POST /session/10905aa29ded037ab27490674a12b44a/element - {"using":"xpath","value":"//span[contains(text(), \"Affiliated company\")]"}
COMMAND: GET /session/10905aa29ded037ab27490674a12b44a/screenshot - {}
RESULT: {"using":"xpath","value":"//span[contains(text(), \"Affiliated company\")]"}
COMMAND: POST /session/10905aa29ded037ab27490674a12b44a/element/f.0F422B68595C6480DC5AFCDC2C3D17C2.d.B5F3EE46ECC69E42C5EB555B086FA0E5.e.3674/click - {}
RESULT: {}
RESULT: {}
COMMAND: POST /session/10905aa29ded037ab27490674a12b44a/execute/async - {"script":"<script> [1562 bytes]","args":[{"selector":{"id":"application-managepartners-display-component---NewPartner--partnerDetailsCurrency-arrow"},"wdio_ui5_key":"applicationmanagepartners-display-component---NewPartner--partnerDetailsCurrency-arrow"}]}
COMMAND: GET /session/10905aa29ded037ab27490674a12b44a/screenshot - {}
RESULT: {"script":"<script> [1562 bytes]","args":[{"selector":{"id":"application-managepartners-display-component---NewPartner--partnerDetailsCurrency-arrow"},"wdio_ui5_key":"applicationmanagepartners-display-component---NewPartner--partnerDetailsCurrency-arrow"}]}
RESULT: undefined
COMMAND: POST /session/10905aa29ded037ab27490674a12b44a/element - {"using":"xpath","value":"//*[@id=\"application-managepartners-display-component---NewPartner--partnerDetailsCurrency-arrow\"]"}
RESULT: {}
RESULT: {"using":"xpath","value":"//*[@id=\"application-managepartners-display-component---NewPartner--partnerDetailsCurrency-arrow\"]"}
COMMAND: POST /session/10905aa29ded037ab27490674a12b44a/element/f.0F422B68595C6480DC5AFCDC2C3D17C2.d.B5F3EE46ECC69E42C5EB555B086FA0E5.e.3681/click - {}
RESULT: {}
COMMAND: POST /session/10905aa29ded037ab27490674a12b44a/element - {"using":"xpath","value":"//span[contains(text(), \"Euro\")]"}
COMMAND: GET /session/10905aa29ded037ab27490674a12b44a/screenshot - {}
RESULT: {"using":"xpath","value":"//span[contains(text(), \"Euro\")]"}
COMMAND: POST /session/10905aa29ded037ab27490674a12b44a/element/f.0F422B68595C6480DC5AFCDC2C3D17C2.d.B5F3EE46ECC69E42C5EB555B086FA0E5.e.3682/click - {}
RESULT: {}
RESULT: {}
COMMAND: POST /session/10905aa29ded037ab27490674a12b44a/execute/async - {"script":"<script> [1562 bytes]","args":[{"selector":{"id":"application-managepartners-display-component---NewPartner--addressEditDetailsCostObjectCstType-arrow"},"wdio_ui5_key":"applicationmanagepartners-display-component---NewPartner--addressEditDetailsCostObjectCstType-arrow"}]}
COMMAND: GET /session/10905aa29ded037ab27490674a12b44a/screenshot - {}
RESULT: {"script":"<script> [1562 bytes]","args":[{"selector":{"id":"application-managepartners-display-component---NewPartner--addressEditDetailsCostObjectCstType-arrow"},"wdio_ui5_key":"applicationmanagepartners-display-component---NewPartner--addressEditDetailsCostObjectCstType-arrow"}]}
RESULT: undefined
COMMAND: POST /session/10905aa29ded037ab27490674a12b44a/element - {"using":"xpath","value":"//*[@id=\"application-managepartners-display-component---NewPartner--addressEditDetailsCostObjectCstType-arrow\"]"}
RESULT: {}
RESULT: {"using":"xpath","value":"//*[@id=\"application-managepartners-display-component---NewPartner--addressEditDetailsCostObjectCstType-arrow\"]"}
COMMAND: POST /session/10905aa29ded037ab27490674a12b44a/element/f.0F422B68595C6480DC5AFCDC2C3D17C2.d.B5F3EE46ECC69E42C5EB555B086FA0E5.e.3683/click - {}
RESULT: {}
COMMAND: POST /session/10905aa29ded037ab27490674a12b44a/element - {"using":"xpath","value":"//span[contains(text(), \"Cost Center\")]"}
COMMAND: GET /session/10905aa29ded037ab27490674a12b44a/screenshot - {}
RESULT: {"using":"xpath","value":"//span[contains(text(), \"Cost Center\")]"}
COMMAND: POST /session/10905aa29ded037ab27490674a12b44a/element/f.0F422B68595C6480DC5AFCDC2C3D17C2.d.B5F3EE46ECC69E42C5EB555B086FA0E5.e.3684/click - {}
RESULT: {}
RESULT: {}
COMMAND: GET /session/10905aa29ded037ab27490674a12b44a/screenshot - {}
RESULT: {}
COMMAND: POST /session/10905aa29ded037ab27490674a12b44a/element - {"using":"xpath","value":"//span[@id=\"application-managepartners-display-component---NewPartner--addressNewCostObjectCstID-vhi\"]"}
RESULT: {"using":"xpath","value":"//span[@id=\"application-managepartners-display-component---NewPartner--addressNewCostObjectCstID-vhi\"]"}
COMMAND: POST /session/10905aa29ded037ab27490674a12b44a/execute/sync - {"script":"<script> [8489 bytes]","args":[{"element-6066-11e4-a52e-4f735466cecf":"f.0F422B68595C6480DC5AFCDC2C3D17C2.d.B5F3EE46ECC69E42C5EB555B086FA0E5.e.3688","ELEMENT":"f.0F422B68595C6480DC5AFCDC2C3D17C2.d.B5F3EE46ECC69E42C5EB555B086FA0E5.e.3688"}]}
RESULT: {"script":"<script> [8489 bytes]","args":[{"element-6066-11e4-a52e-4f735466cecf":"f.0F422B68595C6480DC5AFCDC2C3D17C2.d.B5F3EE46ECC69E42C5EB555B086FA0E5.e.3688","ELEMENT":"f.0F422B68595C6480DC5AFCDC2C3D17C2.d.B5F3EE46ECC69E42C5EB555B086FA0E5.e.3688"}]}
COMMAND: POST /session/10905aa29ded037ab27490674a12b44a/execute/async - {"script":"<script> [1562 bytes]","args":[{"selector":{"id":"application-managepartners-display-component---NewPartner--addressNewCostObjectCstID-vhi"},"wdio_ui5_key":"applicationmanagepartners-display-component---NewPartner--addressNewCostObjectCstID-vhi"}]}
COMMAND: GET /session/10905aa29ded037ab27490674a12b44a/screenshot - {}
RESULT: {"script":"<script> [1562 bytes]","args":[{"selector":{"id":"application-managepartners-display-component---NewPartner--addressNewCostObjectCstID-vhi"},"wdio_ui5_key":"applicationmanagepartners-display-component---NewPartner--addressNewCostObjectCstID-vhi"}]}
RESULT: undefined
COMMAND: POST /session/10905aa29ded037ab27490674a12b44a/element - {"using":"xpath","value":"//*[@id=\"application-managepartners-display-component---NewPartner--addressNewCostObjectCstID-vhi\"]"}
RESULT: {}
RESULT: {"using":"xpath","value":"//*[@id=\"application-managepartners-display-component---NewPartner--addressNewCostObjectCstID-vhi\"]"}
COMMAND: POST /session/10905aa29ded037ab27490674a12b44a/element/f.0F422B68595C6480DC5AFCDC2C3D17C2.d.B5F3EE46ECC69E42C5EB555B086FA0E5.e.3688/click - {}
RESULT: {}
COMMAND: GET /session/10905aa29ded037ab27490674a12b44a/screenshot - {}
RESULT: {}
COMMAND: POST /session/10905aa29ded037ab27490674a12b44a/execute/async - {"script":"<script> [1562 bytes]","args":[{"selector":{"controlType":"sap.m.SearchField","properties":{"placeholder":"Search"},"searchOpenDialogs":true,"interaction":{"idSuffix":"I"}},"wdio_ui5_key":"sapm.SearchField{\"placeholder\":\"Search\"}"}]}
RESULT: {"script":"<script> [1562 bytes]","args":[{"selector":{"controlType":"sap.m.SearchField","properties":{"placeholder":"Search"},"searchOpenDialogs":true,"interaction":{"idSuffix":"I"}},"wdio_ui5_key":"sapm.SearchField{\"placeholder\":\"Search\"}"}]}
RESULT: undefined
COMMAND: POST /session/10905aa29ded037ab27490674a12b44a/execute/async - {"script":"<script> [776 bytes]","args":[{"enterText":"10001013","selector":{"controlType":"sap.m.SearchField","properties":{"placeholder":"Search"},"searchOpenDialogs":true,"interaction":{"idSuffix":"I"}},"clearTextFirst":true,"interactionType":"ENTER_TEXT"}]}
RESULT: {"script":"<script> [776 bytes]","args":[{"enterText":"10001013","selector":{"controlType":"sap.m.SearchField","properties":{"placeholder":"Search"},"searchOpenDialogs":true,"interaction":{"idSuffix":"I"}},"clearTextFirst":true,"interactionType":"ENTER_TEXT"}]}
COMMAND: POST /session/10905aa29ded037ab27490674a12b44a/actions - {"actions":[{"id":"action7","type":"key","parameters":{},"actions":[{"type":"keyDown","value":"î€‡"},{"type":"pause","duration":10},{"type":"keyUp","value":"î€‡"}]}]}
RESULT: {"actions":[{"id":"action7","type":"key","parameters":{},"actions":[{"type":"keyDown","value":"î€‡"},{"type":"pause","duration":10},{"type":"keyUp","value":"î€‡"}]}]}
COMMAND: GET /session/10905aa29ded037ab27490674a12b44a/screenshot - {}
RESULT: {}
COMMAND: POST /session/10905aa29ded037ab27490674a12b44a/element - {"using":"xpath","value":"//span[contains(text(), \"General Management\")]"}
RESULT: {"using":"xpath","value":"//span[contains(text(), \"General Management\")]"}
COMMAND: POST /session/10905aa29ded037ab27490674a12b44a/element/f.0F422B68595C6480DC5AFCDC2C3D17C2.d.B5F3EE46ECC69E42C5EB555B086FA0E5.e.3729/click - {}
RESULT: {}
COMMAND: GET /session/10905aa29ded037ab27490674a12b44a/screenshot - {}
RESULT: {}
COMMAND: POST /session/10905aa29ded037ab27490674a12b44a/element - {"using":"xpath","value":"//bdi[contains(text(), \"OK\")]"}
RESULT: {"using":"xpath","value":"//bdi[contains(text(), \"OK\")]"}
COMMAND: POST /session/10905aa29ded037ab27490674a12b44a/element/f.0F422B68595C6480DC5AFCDC2C3D17C2.d.B5F3EE46ECC69E42C5EB555B086FA0E5.e.3730/click - {}
RESULT: {}
COMMAND: GET /session/10905aa29ded037ab27490674a12b44a/screenshot - {}
RESULT: {}
COMMAND: POST /session/10905aa29ded037ab27490674a12b44a/element - {"using":"xpath","value":"//input[@id=\"application-managepartners-display-component---NewPartner--companyCodeComboBox-inner\"]"}
RESULT: {"using":"xpath","value":"//input[@id=\"application-managepartners-display-component---NewPartner--companyCodeComboBox-inner\"]"}
COMMAND: POST /session/10905aa29ded037ab27490674a12b44a/element/f.0F422B68595C6480DC5AFCDC2C3D17C2.d.B5F3EE46ECC69E42C5EB555B086FA0E5.e.3521/clear - {}
RESULT: {}
COMMAND: POST /session/10905aa29ded037ab27490674a12b44a/element/f.0F422B68595C6480DC5AFCDC2C3D17C2.d.B5F3EE46ECC69E42C5EB555B086FA0E5.e.3521/value - {"text":"C002"}
COMMAND: GET /session/10905aa29ded037ab27490674a12b44a/screenshot - {}
RESULT: {"text":"C002"}
COMMAND: GET /session/10905aa29ded037ab27490674a12b44a/screenshot - {}
RESULT: {}
RESULT: {}
COMMAND: POST /session/10905aa29ded037ab27490674a12b44a/element - {"using":"xpath","value":"//span[contains(text(), \"C002\")]"}
RESULT: {"using":"xpath","value":"//span[contains(text(), \"C002\")]"}
COMMAND: POST /session/10905aa29ded037ab27490674a12b44a/element/f.0F422B68595C6480DC5AFCDC2C3D17C2.d.B5F3EE46ECC69E42C5EB555B086FA0E5.e.3736/click - {}
RESULT: {}
COMMAND: GET /session/10905aa29ded037ab27490674a12b44a/screenshot - {}
RESULT: {}
COMMAND: POST /session/10905aa29ded037ab27490674a12b44a/execute/async - {"script":"<script> [1562 bytes]","args":[{"selector":{"id":"application-managepartners-display-component---NewPartner--btnAddTableRow-img"},"wdio_ui5_key":"applicationmanagepartners-display-component---NewPartner--btnAddTableRow-img"}]}
RESULT: {"script":"<script> [1562 bytes]","args":[{"selector":{"id":"application-managepartners-display-component---NewPartner--btnAddTableRow-img"},"wdio_ui5_key":"applicationmanagepartners-display-component---NewPartner--btnAddTableRow-img"}]}
RESULT: undefined
COMMAND: POST /session/10905aa29ded037ab27490674a12b44a/element - {"using":"xpath","value":"//*[@id=\"application-managepartners-display-component---NewPartner--btnAddTableRow-img\"]"}
RESULT: {"using":"xpath","value":"//*[@id=\"application-managepartners-display-component---NewPartner--btnAddTableRow-img\"]"}
COMMAND: POST /session/10905aa29ded037ab27490674a12b44a/element/f.0F422B68595C6480DC5AFCDC2C3D17C2.d.B5F3EE46ECC69E42C5EB555B086FA0E5.e.3737/click - {}
RESULT: {}
COMMAND: GET /session/10905aa29ded037ab27490674a12b44a/screenshot - {}
RESULT: {}
COMMAND: POST /session/10905aa29ded037ab27490674a12b44a/element - {"using":"xpath","value":"//input[@id=\"application-managepartners-display-component---NewPartner--assignmentYard-application-managepartners-display-component---NewPartner--assignmentsTable-0-inner\"]"}
RESULT: {"using":"xpath","value":"//input[@id=\"application-managepartners-display-component---NewPartner--assignmentYard-application-managepartners-display-component---NewPartner--assignmentsTable-0-inner\"]"}
COMMAND: POST /session/10905aa29ded037ab27490674a12b44a/element/f.0F422B68595C6480DC5AFCDC2C3D17C2.d.B5F3EE46ECC69E42C5EB555B086FA0E5.e.3740/clear - {}
RESULT: {}
COMMAND: POST /session/10905aa29ded037ab27490674a12b44a/element/f.0F422B68595C6480DC5AFCDC2C3D17C2.d.B5F3EE46ECC69E42C5EB555B086FA0E5.e.3740/value - {"text":"416"}
COMMAND: GET /session/10905aa29ded037ab27490674a12b44a/screenshot - {}
RESULT: {"text":"416"}
COMMAND: GET /session/10905aa29ded037ab27490674a12b44a/screenshot - {}
RESULT: {}
RESULT: {}
COMMAND: POST /session/10905aa29ded037ab27490674a12b44a/element - {"using":"xpath","value":"//li[.//span[text()='416']]"}
RESULT: {"using":"xpath","value":"//li[.//span[text()='416']]"}
COMMAND: POST /session/10905aa29ded037ab27490674a12b44a/element/f.0F422B68595C6480DC5AFCDC2C3D17C2.d.B5F3EE46ECC69E42C5EB555B086FA0E5.e.3749/click - {}
RESULT: {}
COMMAND: GET /session/10905aa29ded037ab27490674a12b44a/screenshot - {}
RESULT: {}
COMMAND: POST /session/10905aa29ded037ab27490674a12b44a/actions - {"actions":[{"id":"action8","type":"key","parameters":{},"actions":[{"type":"keyDown","value":"î€‡"},{"type":"pause","duration":10},{"type":"keyUp","value":"î€‡"}]}]}
RESULT: {"actions":[{"id":"action8","type":"key","parameters":{},"actions":[{"type":"keyDown","value":"î€‡"},{"type":"pause","duration":10},{"type":"keyUp","value":"î€‡"}]}]}
COMMAND: POST /session/10905aa29ded037ab27490674a12b44a/execute/async - {"script":"<script> [1562 bytes]","args":[{"selector":{"id":"application-managepartners-display-component---NewPartner--externalCustomerComboBox-application-managepartners-display-component---NewPartner--assignmentsTable-0-vhi"},"wdio_ui5_key":"applicationmanagepartners-display-component---NewPartner--externalCustomerComboBox-application-managepartners-display-component---NewPartner--assignmentsTable-0-vhi"}]}
COMMAND: GET /session/10905aa29ded037ab27490674a12b44a/screenshot - {}
RESULT: {"script":"<script> [1562 bytes]","args":[{"selector":{"id":"application-managepartners-display-component---NewPartner--externalCustomerComboBox-application-managepartners-display-component---NewPartner--assignmentsTable-0-vhi"},"wdio_ui5_key":"applicationmanagepartners-display-component---NewPartner--externalCustomerComboBox-application-managepartners-display-component---NewPartner--assignmentsTable-0-vhi"}]}
RESULT: undefined
COMMAND: POST /session/10905aa29ded037ab27490674a12b44a/element - {"using":"xpath","value":"//*[@id=\"application-managepartners-display-component---NewPartner--externalCustomerComboBox-application-managepartners-display-component---NewPartner--assignmentsTable-0-vhi\"]"}
RESULT: {}
RESULT: {"using":"xpath","value":"//*[@id=\"application-managepartners-display-component---NewPartner--externalCustomerComboBox-application-managepartners-display-component---NewPartner--assignmentsTable-0-vhi\"]"}
COMMAND: POST /session/10905aa29ded037ab27490674a12b44a/element/f.0F422B68595C6480DC5AFCDC2C3D17C2.d.B5F3EE46ECC69E42C5EB555B086FA0E5.e.3753/click - {}
RESULT: {}
RESULT: undefined
COMMAND: POST /session/10905aa29ded037ab27490674a12b44a/execute/async - {"script":"<script> [776 bytes]","args":[{"enterText":"300003","selector":{"controlType":"sap.m.SearchField","properties":{"placeholder":"Search"},"searchOpenDialogs":true,"interaction":{"idSuffix":"I"}},"clearTextFirst":true,"interactionType":"ENTER_TEXT"}]}
COMMAND: GET /session/10905aa29ded037ab27490674a12b44a/screenshot - {}
RESULT: {"script":"<script> [776 bytes]","args":[{"enterText":"300003","selector":{"controlType":"sap.m.SearchField","properties":{"placeholder":"Search"},"searchOpenDialogs":true,"interaction":{"idSuffix":"I"}},"clearTextFirst":true,"interactionType":"ENTER_TEXT"}]}
COMMAND: POST /session/10905aa29ded037ab27490674a12b44a/actions - {"actions":[{"id":"action9","type":"key","parameters":{},"actions":[{"type":"keyDown","value":"î€‡"},{"type":"pause","duration":10},{"type":"keyUp","value":"î€‡"}]}]}
RESULT: {}
RESULT: {"actions":[{"id":"action9","type":"key","parameters":{},"actions":[{"type":"keyDown","value":"î€‡"},{"type":"pause","duration":10},{"type":"keyUp","value":"î€‡"}]}]}
COMMAND: GET /session/10905aa29ded037ab27490674a12b44a/screenshot - {}
RESULT: {}
COMMAND: POST /session/10905aa29ded037ab27490674a12b44a/element - {"using":"xpath","value":"//span[contains(text(), \"300003\")]"}
RESULT: {"using":"xpath","value":"//span[contains(text(), \"300003\")]"}
COMMAND: POST /session/10905aa29ded037ab27490674a12b44a/element/f.0F422B68595C6480DC5AFCDC2C3D17C2.d.B5F3EE46ECC69E42C5EB555B086FA0E5.e.3770/click - {}
RESULT: {}
COMMAND: GET /session/10905aa29ded037ab27490674a12b44a/screenshot - {}
RESULT: {}
COMMAND: POST /session/10905aa29ded037ab27490674a12b44a/element - {"using":"xpath","value":"//bdi[contains(text(), \"OK\")]"}
RESULT: {"using":"xpath","value":"//bdi[contains(text(), \"OK\")]"}
COMMAND: POST /session/10905aa29ded037ab27490674a12b44a/element/f.0F422B68595C6480DC5AFCDC2C3D17C2.d.B5F3EE46ECC69E42C5EB555B086FA0E5.e.3772/click - {}
RESULT: {}
COMMAND: GET /session/10905aa29ded037ab27490674a12b44a/screenshot - {}
RESULT: {}
COMMAND: POST /session/10905aa29ded037ab27490674a12b44a/execute/async - {"script":"<script> [1562 bytes]","args":[{"selector":{"id":"application-managepartners-display-component---NewPartner--intercompVendorComboBox-application-managepartners-display-component---NewPartner--assignmentsTable-0-vhi"},"wdio_ui5_key":"applicationmanagepartners-display-component---NewPartner--intercompVendorComboBox-application-managepartners-display-component---NewPartner--assignmentsTable-0-vhi"}]}
RESULT: {"script":"<script> [1562 bytes]","args":[{"selector":{"id":"application-managepartners-display-component---NewPartner--intercompVendorComboBox-application-managepartners-display-component---NewPartner--assignmentsTable-0-vhi"},"wdio_ui5_key":"applicationmanagepartners-display-component---NewPartner--intercompVendorComboBox-application-managepartners-display-component---NewPartner--assignmentsTable-0-vhi"}]}
RESULT: undefined
COMMAND: POST /session/10905aa29ded037ab27490674a12b44a/element - {"using":"xpath","value":"//*[@id=\"application-managepartners-display-component---NewPartner--intercompVendorComboBox-application-managepartners-display-component---NewPartner--assignmentsTable-0-vhi\"]"}
RESULT: {"using":"xpath","value":"//*[@id=\"application-managepartners-display-component---NewPartner--intercompVendorComboBox-application-managepartners-display-component---NewPartner--assignmentsTable-0-vhi\"]"}
COMMAND: POST /session/10905aa29ded037ab27490674a12b44a/element/f.0F422B68595C6480DC5AFCDC2C3D17C2.d.B5F3EE46ECC69E42C5EB555B086FA0E5.e.3775/click - {}
RESULT: {}
RESULT: undefined
COMMAND: POST /session/10905aa29ded037ab27490674a12b44a/execute/async - {"script":"<script> [776 bytes]","args":[{"enterText":"100005","selector":{"controlType":"sap.m.SearchField","properties":{"placeholder":"Search"},"searchOpenDialogs":true,"interaction":{"idSuffix":"I"}},"clearTextFirst":true,"interactionType":"ENTER_TEXT"}]}
COMMAND: GET /session/10905aa29ded037ab27490674a12b44a/screenshot - {}
RESULT: {"script":"<script> [776 bytes]","args":[{"enterText":"100005","selector":{"controlType":"sap.m.SearchField","properties":{"placeholder":"Search"},"searchOpenDialogs":true,"interaction":{"idSuffix":"I"}},"clearTextFirst":true,"interactionType":"ENTER_TEXT"}]}
COMMAND: POST /session/10905aa29ded037ab27490674a12b44a/actions - {"actions":[{"id":"action10","type":"key","parameters":{},"actions":[{"type":"keyDown","value":"î€‡"},{"type":"pause","duration":10},{"type":"keyUp","value":"î€‡"}]}]}
RESULT: {}
RESULT: {"actions":[{"id":"action10","type":"key","parameters":{},"actions":[{"type":"keyDown","value":"î€‡"},{"type":"pause","duration":10},{"type":"keyUp","value":"î€‡"}]}]}
COMMAND: GET /session/10905aa29ded037ab27490674a12b44a/screenshot - {}
RESULT: {}
COMMAND: POST /session/10905aa29ded037ab27490674a12b44a/element - {"using":"xpath","value":"//span[contains(text(), \"Penguins - Field/12345 Berlin\")]"}
RESULT: {"using":"xpath","value":"//span[contains(text(), \"Penguins - Field/12345 Berlin\")]"}
COMMAND: POST /session/10905aa29ded037ab27490674a12b44a/element/f.0F422B68595C6480DC5AFCDC2C3D17C2.d.B5F3EE46ECC69E42C5EB555B086FA0E5.e.3791/click - {}
RESULT: {}
COMMAND: GET /session/10905aa29ded037ab27490674a12b44a/screenshot - {}
RESULT: {}
COMMAND: POST /session/10905aa29ded037ab27490674a12b44a/element - {"using":"xpath","value":"//bdi[contains(text(), \"OK\")]"}
RESULT: {"using":"xpath","value":"//bdi[contains(text(), \"OK\")]"}
COMMAND: POST /session/10905aa29ded037ab27490674a12b44a/element/f.0F422B68595C6480DC5AFCDC2C3D17C2.d.B5F3EE46ECC69E42C5EB555B086FA0E5.e.3792/click - {}
RESULT: {}
COMMAND: GET /session/10905aa29ded037ab27490674a12b44a/screenshot - {}
RESULT: {}
COMMAND: POST /session/10905aa29ded037ab27490674a12b44a/element - {"using":"xpath","value":"//button[@data-kt=\"saveButton\"]"}
RESULT: {"using":"xpath","value":"//button[@data-kt=\"saveButton\"]"}
COMMAND: POST /session/10905aa29ded037ab27490674a12b44a/element/f.0F422B68595C6480DC5AFCDC2C3D17C2.d.B5F3EE46ECC69E42C5EB555B086FA0E5.e.3646/click - {}
RESULT: {}
COMMAND: GET /session/10905aa29ded037ab27490674a12b44a/screenshot - {}
RESULT: {}
COMMAND: POST /session/10905aa29ded037ab27490674a12b44a/element - {"using":"xpath","value":"//header[contains(@id, 'ObjectPageLayout-headerTitle')]/div[1]/div[2]/div[2]/span[1]"}
RESULT: {"using":"xpath","value":"//header[contains(@id, 'ObjectPageLayout-headerTitle')]/div[1]/div[2]/div[2]/span[1]"}
COMMAND: POST /session/10905aa29ded037ab27490674a12b44a/elements - {"using":"xpath","value":"//header[contains(@id, 'ObjectPageLayout-headerTitle')]/div[1]/div[2]/div[2]/span[1]"}
RESULT: {"using":"xpath","value":"//header[contains(@id, 'ObjectPageLayout-headerTitle')]/div[1]/div[2]/div[2]/span[1]"}
COMMAND: POST /session/10905aa29ded037ab27490674a12b44a/execute/sync - {"script":"<script> [56 bytes]","args":[{"element-6066-11e4-a52e-4f735466cecf":"f.0F422B68595C6480DC5AFCDC2C3D17C2.d.B5F3EE46ECC69E42C5EB555B086FA0E5.e.3955","ELEMENT":"f.0F422B68595C6480DC5AFCDC2C3D17C2.d.B5F3EE46ECC69E42C5EB555B086FA0E5.e.3955"}]}
RESULT: {"script":"<script> [56 bytes]","args":[{"element-6066-11e4-a52e-4f735466cecf":"f.0F422B68595C6480DC5AFCDC2C3D17C2.d.B5F3EE46ECC69E42C5EB555B086FA0E5.e.3955","ELEMENT":"f.0F422B68595C6480DC5AFCDC2C3D17C2.d.B5F3EE46ECC69E42C5EB555B086FA0E5.e.3955"}]}
COMMAND: POST /session/10905aa29ded037ab27490674a12b44a/element - {"using":"css selector","value":"#shell-header-logo"}
COMMAND: GET /session/10905aa29ded037ab27490674a12b44a/screenshot - {}
RESULT: {"using":"css selector","value":"#shell-header-logo"}
COMMAND: POST /session/10905aa29ded037ab27490674a12b44a/element/f.0F422B68595C6480DC5AFCDC2C3D17C2.d.B5F3EE46ECC69E42C5EB555B086FA0E5.e.3173/click - {}
RESULT: {}
RESULT: {}
COMMAND: GET /session/10905aa29ded037ab27490674a12b44a/screenshot - {}
RESULT: {}
COMMAND: POST /session/10905aa29ded037ab27490674a12b44a/execute/sync - {"script":"<script> [299 bytes]","args":[["getModel","getResource"]]}
RESULT: {"script":"<script> [299 bytes]","args":[["getModel","getResource"]]}
RESULT: undefined
COMMAND: POST /session/10905aa29ded037ab27490674a12b44a/element - {"using":"xpath","value":"//*[@id=\"__tile30\"]"}
COMMAND: GET /session/10905aa29ded037ab27490674a12b44a/screenshot - {}
RESULT: {"using":"xpath","value":"//*[@id=\"__tile30\"]"}
COMMAND: POST /session/10905aa29ded037ab27490674a12b44a/element/f.0F422B68595C6480DC5AFCDC2C3D17C2.d.B5F3EE46ECC69E42C5EB555B086FA0E5.e.3093/click - {}
RESULT: {}
RESULT: {}
COMMAND: POST /session/10905aa29ded037ab27490674a12b44a/element - {"using":"xpath","value":"//button[@data-kt=\"addButton\"]"}
COMMAND: GET /session/10905aa29ded037ab27490674a12b44a/screenshot - {}
RESULT: {"using":"xpath","value":"//button[@data-kt=\"addButton\"]"}
COMMAND: POST /session/10905aa29ded037ab27490674a12b44a/elements - {"using":"xpath","value":"//button[@data-kt=\"addButton\"]"}
RESULT: {}
RESULT: {"using":"xpath","value":"//button[@data-kt=\"addButton\"]"}
COMMAND: POST /session/10905aa29ded037ab27490674a12b44a/execute/sync - {"script":"<script> [8489 bytes]","args":[{"element-6066-11e4-a52e-4f735466cecf":"f.0F422B68595C6480DC5AFCDC2C3D17C2.d.B5F3EE46ECC69E42C5EB555B086FA0E5.e.4002","ELEMENT":"f.0F422B68595C6480DC5AFCDC2C3D17C2.d.B5F3EE46ECC69E42C5EB555B086FA0E5.e.4002"}]}
RESULT: {"script":"<script> [8489 bytes]","args":[{"element-6066-11e4-a52e-4f735466cecf":"f.0F422B68595C6480DC5AFCDC2C3D17C2.d.B5F3EE46ECC69E42C5EB555B086FA0E5.e.4002","ELEMENT":"f.0F422B68595C6480DC5AFCDC2C3D17C2.d.B5F3EE46ECC69E42C5EB555B086FA0E5.e.4002"}]}
COMMAND: GET /session/10905aa29ded037ab27490674a12b44a/element/f.0F422B68595C6480DC5AFCDC2C3D17C2.d.B5F3EE46ECC69E42C5EB555B086FA0E5.e.4002/enabled - {}
COMMAND: GET /session/10905aa29ded037ab27490674a12b44a/screenshot - {}
RESULT: {}
COMMAND: POST /session/10905aa29ded037ab27490674a12b44a/execute/sync - {"script":"<script> [8489 bytes]","args":[{"element-6066-11e4-a52e-4f735466cecf":"f.0F422B68595C6480DC5AFCDC2C3D17C2.d.B5F3EE46ECC69E42C5EB555B086FA0E5.e.4002","ELEMENT":"f.0F422B68595C6480DC5AFCDC2C3D17C2.d.B5F3EE46ECC69E42C5EB555B086FA0E5.e.4002"}]}
COMMAND: GET /session/10905aa29ded037ab27490674a12b44a/screenshot - {}
RESULT: {}
RESULT: {"script":"<script> [8489 bytes]","args":[{"element-6066-11e4-a52e-4f735466cecf":"f.0F422B68595C6480DC5AFCDC2C3D17C2.d.B5F3EE46ECC69E42C5EB555B086FA0E5.e.4002","ELEMENT":"f.0F422B68595C6480DC5AFCDC2C3D17C2.d.B5F3EE46ECC69E42C5EB555B086FA0E5.e.4002"}]}
COMMAND: POST /session/10905aa29ded037ab27490674a12b44a/execute/sync - {"script":"<script> [5351 bytes]","args":[{"element-6066-11e4-a52e-4f735466cecf":"f.0F422B68595C6480DC5AFCDC2C3D17C2.d.B5F3EE46ECC69E42C5EB555B086FA0E5.e.4002","ELEMENT":"f.0F422B68595C6480DC5AFCDC2C3D17C2.d.B5F3EE46ECC69E42C5EB555B086FA0E5.e.4002"}]}
COMMAND: GET /session/10905aa29ded037ab27490674a12b44a/screenshot - {}
RESULT: {}
RESULT: {"script":"<script> [5351 bytes]","args":[{"element-6066-11e4-a52e-4f735466cecf":"f.0F422B68595C6480DC5AFCDC2C3D17C2.d.B5F3EE46ECC69E42C5EB555B086FA0E5.e.4002","ELEMENT":"f.0F422B68595C6480DC5AFCDC2C3D17C2.d.B5F3EE46ECC69E42C5EB555B086FA0E5.e.4002"}]}
COMMAND: GET /session/10905aa29ded037ab27490674a12b44a/screenshot - {}
RESULT: {}
RESULT: {}
COMMAND: POST /session/10905aa29ded037ab27490674a12b44a/execute/async - {"script":"<script> [1562 bytes]","args":[{"selector":{"id":"application-managepartners-display-component---masterPtm--smartFilterBar-btnBasicSearch","interaction":{"idSuffix":"I"}},"wdio_ui5_key":"applicationmanagepartners-display-component---masterPtm--smartFilterBar-btnBasicSearch"}]}
RESULT: {"script":"<script> [1562 bytes]","args":[{"selector":{"id":"application-managepartners-display-component---masterPtm--smartFilterBar-btnBasicSearch","interaction":{"idSuffix":"I"}},"wdio_ui5_key":"applicationmanagepartners-display-component---masterPtm--smartFilterBar-btnBasicSearch"}]}
RESULT: undefined
COMMAND: POST /session/10905aa29ded037ab27490674a12b44a/execute/async - {"script":"<script> [776 bytes]","args":[{"enterText":"1284","selector":{"id":"application-managepartners-display-component---masterPtm--smartFilterBar-btnBasicSearch","interaction":{"idSuffix":"I"}},"clearTextFirst":true,"interactionType":"ENTER_TEXT"}]}
RESULT: {"script":"<script> [776 bytes]","args":[{"enterText":"1284","selector":{"id":"application-managepartners-display-component---masterPtm--smartFilterBar-btnBasicSearch","interaction":{"idSuffix":"I"}},"clearTextFirst":true,"interactionType":"ENTER_TEXT"}]}
COMMAND: POST /session/10905aa29ded037ab27490674a12b44a/actions - {"actions":[{"id":"action11","type":"key","parameters":{},"actions":[{"type":"keyDown","value":"î€‡"},{"type":"pause","duration":10},{"type":"keyUp","value":"î€‡"}]}]}
RESULT: {"actions":[{"id":"action11","type":"key","parameters":{},"actions":[{"type":"keyDown","value":"î€‡"},{"type":"pause","duration":10},{"type":"keyUp","value":"î€‡"}]}]}
COMMAND: GET /session/10905aa29ded037ab27490674a12b44a/screenshot - {}
RESULT: {}
COMMAND: POST /session/10905aa29ded037ab27490674a12b44a/elements - {"using":"xpath","value":"//table[contains(@id, \"customPartnersTable-listUl\")]/tbody/tr"}
RESULT: {"using":"xpath","value":"//table[contains(@id, \"customPartnersTable-listUl\")]/tbody/tr"}
COMMAND: POST /session/10905aa29ded037ab27490674a12b44a/element - {"using":"xpath","value":"//table[contains(@id, \"customPartnersTable-listUl\")]/tbody/tr[1]/td[3]/span"}
RESULT: {"using":"xpath","value":"//table[contains(@id, \"customPartnersTable-listUl\")]/tbody/tr[1]/td[3]/span"}
COMMAND: POST /session/10905aa29ded037ab27490674a12b44a/elements - {"using":"xpath","value":"//table[contains(@id, \"customPartnersTable-listUl\")]/tbody/tr[1]/td[3]/span"}
RESULT: {"using":"xpath","value":"//table[contains(@id, \"customPartnersTable-listUl\")]/tbody/tr[1]/td[3]/span"}
COMMAND: POST /session/10905aa29ded037ab27490674a12b44a/execute/sync - {"script":"<script> [56 bytes]","args":[{"element-6066-11e4-a52e-4f735466cecf":"f.0F422B68595C6480DC5AFCDC2C3D17C2.d.B5F3EE46ECC69E42C5EB555B086FA0E5.e.4138","ELEMENT":"f.0F422B68595C6480DC5AFCDC2C3D17C2.d.B5F3EE46ECC69E42C5EB555B086FA0E5.e.4138"}]}
RESULT: {"script":"<script> [56 bytes]","args":[{"element-6066-11e4-a52e-4f735466cecf":"f.0F422B68595C6480DC5AFCDC2C3D17C2.d.B5F3EE46ECC69E42C5EB555B086FA0E5.e.4138","ELEMENT":"f.0F422B68595C6480DC5AFCDC2C3D17C2.d.B5F3EE46ECC69E42C5EB555B086FA0E5.e.4138"}]}
COMMAND: POST /session/10905aa29ded037ab27490674a12b44a/element - {"using":"xpath","value":"(//span[contains(@id, \"imgNav\")])[1]"}
COMMAND: GET /session/10905aa29ded037ab27490674a12b44a/screenshot - {}
RESULT: {"using":"xpath","value":"(//span[contains(@id, \"imgNav\")])[1]"}
COMMAND: POST /session/10905aa29ded037ab27490674a12b44a/element/f.0F422B68595C6480DC5AFCDC2C3D17C2.d.B5F3EE46ECC69E42C5EB555B086FA0E5.e.4136/click - {}
RESULT: {}
RESULT: {}
COMMAND: GET /session/10905aa29ded037ab27490674a12b44a/screenshot - {}
RESULT: {}
COMMAND: POST /session/10905aa29ded037ab27490674a12b44a/element - {"using":"xpath","value":"//bdi[contains(text(), \"Edit\")]"}
RESULT: {"using":"xpath","value":"//bdi[contains(text(), \"Edit\")]"}
COMMAND: POST /session/10905aa29ded037ab27490674a12b44a/element/f.0F422B68595C6480DC5AFCDC2C3D17C2.d.B5F3EE46ECC69E42C5EB555B086FA0E5.e.4281/click - {}
RESULT: {}
COMMAND: GET /session/10905aa29ded037ab27490674a12b44a/screenshot - {}
RESULT: {}
COMMAND: POST /session/10905aa29ded037ab27490674a12b44a/execute/async - {"script":"<script> [1562 bytes]","args":[{"selector":{"controlType":"sap.m.Input","viewName":"etm.portal.ui.managepartners.view.EditDetail","labelFor":{"text":"Name"},"interaction":{"idSuffix":"inner"}},"wdio_ui5_key":"etmportal.ui.managepartners.view.EditDetailsap.m.Input{\"text\":\"Name\"}"}]}
RESULT: {"script":"<script> [1562 bytes]","args":[{"selector":{"controlType":"sap.m.Input","viewName":"etm.portal.ui.managepartners.view.EditDetail","labelFor":{"text":"Name"},"interaction":{"idSuffix":"inner"}},"wdio_ui5_key":"etmportal.ui.managepartners.view.EditDetailsap.m.Input{\"text\":\"Name\"}"}]}
RESULT: undefined
COMMAND: POST /session/10905aa29ded037ab27490674a12b44a/execute/async - {"script":"<script> [776 bytes]","args":[{"enterText":"Intercompany EDIT","selector":{"controlType":"sap.m.Input","viewName":"etm.portal.ui.managepartners.view.EditDetail","labelFor":{"text":"Name"},"interaction":{"idSuffix":"inner"}},"clearTextFirst":true,"interactionType":"ENTER_TEXT"}]}
RESULT: {"script":"<script> [776 bytes]","args":[{"enterText":"Intercompany EDIT","selector":{"controlType":"sap.m.Input","viewName":"etm.portal.ui.managepartners.view.EditDetail","labelFor":{"text":"Name"},"interaction":{"idSuffix":"inner"}},"clearTextFirst":true,"interactionType":"ENTER_TEXT"}]}
COMMAND: POST /session/10905aa29ded037ab27490674a12b44a/element - {"using":"xpath","value":"(//span[contains(@id,\"addressDetailDetailsLanguage-arrow\")])[1]"}
RESULT: {"using":"xpath","value":"(//span[contains(@id,\"addressDetailDetailsLanguage-arrow\")])[1]"}
COMMAND: POST /session/10905aa29ded037ab27490674a12b44a/element/f.0F422B68595C6480DC5AFCDC2C3D17C2.d.B5F3EE46ECC69E42C5EB555B086FA0E5.e.4365/click - {}
RESULT: {}
COMMAND: POST /session/10905aa29ded037ab27490674a12b44a/element - {"using":"xpath","value":"//span[contains(text(), \"Chinese\")]"}
COMMAND: GET /session/10905aa29ded037ab27490674a12b44a/screenshot - {}
RESULT: {"using":"xpath","value":"//span[contains(text(), \"Chinese\")]"}
COMMAND: POST /session/10905aa29ded037ab27490674a12b44a/element/f.0F422B68595C6480DC5AFCDC2C3D17C2.d.B5F3EE46ECC69E42C5EB555B086FA0E5.e.4366/click - {}
RESULT: {}
RESULT: {}
COMMAND: GET /session/10905aa29ded037ab27490674a12b44a/screenshot - {}
RESULT: {}
COMMAND: POST /session/10905aa29ded037ab27490674a12b44a/execute/async - {"script":"<script> [1562 bytes]","args":[{"selector":{"controlType":"sap.m.Input","viewName":"etm.portal.ui.managepartners.view.EditDetail","labelFor":{"text":"City"},"interaction":{"idSuffix":"inner"}},"wdio_ui5_key":"etmportal.ui.managepartners.view.EditDetailsap.m.Input{\"text\":\"City\"}"}]}
RESULT: {"script":"<script> [1562 bytes]","args":[{"selector":{"controlType":"sap.m.Input","viewName":"etm.portal.ui.managepartners.view.EditDetail","labelFor":{"text":"City"},"interaction":{"idSuffix":"inner"}},"wdio_ui5_key":"etmportal.ui.managepartners.view.EditDetailsap.m.Input{\"text\":\"City\"}"}]}
RESULT: undefined
COMMAND: POST /session/10905aa29ded037ab27490674a12b44a/execute/async - {"script":"<script> [776 bytes]","args":[{"enterText":"Clooj-Napoca","selector":{"controlType":"sap.m.Input","viewName":"etm.portal.ui.managepartners.view.EditDetail","labelFor":{"text":"City"},"interaction":{"idSuffix":"inner"}},"clearTextFirst":true,"interactionType":"ENTER_TEXT"}]}
RESULT: {"script":"<script> [776 bytes]","args":[{"enterText":"Clooj-Napoca","selector":{"controlType":"sap.m.Input","viewName":"etm.portal.ui.managepartners.view.EditDetail","labelFor":{"text":"City"},"interaction":{"idSuffix":"inner"}},"clearTextFirst":true,"interactionType":"ENTER_TEXT"}]}
COMMAND: POST /session/10905aa29ded037ab27490674a12b44a/element - {"using":"xpath","value":"//button[@data-kt=\"saveButton\"]"}
RESULT: {"using":"xpath","value":"//button[@data-kt=\"saveButton\"]"}
COMMAND: POST /session/10905aa29ded037ab27490674a12b44a/element/f.0F422B68595C6480DC5AFCDC2C3D17C2.d.B5F3EE46ECC69E42C5EB555B086FA0E5.e.4344/click - {}
RESULT: {}
COMMAND: GET /session/10905aa29ded037ab27490674a12b44a/screenshot - {}
RESULT: {}
COMMAND: POST /session/10905aa29ded037ab27490674a12b44a/execute/async - {"script":"<script> [1562 bytes]","args":[{"selector":{"id":"application-managepartners-display-component---detailPtm--addressDetailDetailsName1"},"wdio_ui5_key":"applicationmanagepartners-display-component---detailPtm--addressDetailDetailsName1"}]}
RESULT: {"script":"<script> [1562 bytes]","args":[{"selector":{"id":"application-managepartners-display-component---detailPtm--addressDetailDetailsName1"},"wdio_ui5_key":"applicationmanagepartners-display-component---detailPtm--addressDetailDetailsName1"}]}
RESULT: undefined
COMMAND: POST /session/10905aa29ded037ab27490674a12b44a/execute/async - {"script":"<script> [6424 bytes]","args":[{"element-6066-11e4-a52e-4f735466cecf":"f.0F422B68595C6480DC5AFCDC2C3D17C2.d.B5F3EE46ECC69E42C5EB555B086FA0E5.e.4397"},"getValue",[]]}
RESULT: {"script":"<script> [6424 bytes]","args":[{"element-6066-11e4-a52e-4f735466cecf":"f.0F422B68595C6480DC5AFCDC2C3D17C2.d.B5F3EE46ECC69E42C5EB555B086FA0E5.e.4397"},"getValue",[]]}
COMMAND: POST /session/10905aa29ded037ab27490674a12b44a/element - {"using":"xpath","value":"//input[@id = \"application-managepartners-display-component---detailPtm--addressDetailDetailsLanguage-inner\"]"}
RESULT: {"using":"xpath","value":"//input[@id = \"application-managepartners-display-component---detailPtm--addressDetailDetailsLanguage-inner\"]"}
COMMAND: GET /session/10905aa29ded037ab27490674a12b44a/element/f.0F422B68595C6480DC5AFCDC2C3D17C2.d.B5F3EE46ECC69E42C5EB555B086FA0E5.e.4398/property/value - {}
RESULT: {}
COMMAND: POST /session/10905aa29ded037ab27490674a12b44a/execute/async - {"script":"<script> [1562 bytes]","args":[{"selector":{"id":"application-managepartners-display-component---detailPtm--addressDetailDetailsCity1"},"wdio_ui5_key":"applicationmanagepartners-display-component---detailPtm--addressDetailDetailsCity1"}]}
COMMAND: GET /session/10905aa29ded037ab27490674a12b44a/screenshot - {}
RESULT: {"script":"<script> [1562 bytes]","args":[{"selector":{"id":"application-managepartners-display-component---detailPtm--addressDetailDetailsCity1"},"wdio_ui5_key":"applicationmanagepartners-display-component---detailPtm--addressDetailDetailsCity1"}]}
RESULT: undefined
COMMAND: POST /session/10905aa29ded037ab27490674a12b44a/execute/async - {"script":"<script> [6424 bytes]","args":[{"element-6066-11e4-a52e-4f735466cecf":"f.0F422B68595C6480DC5AFCDC2C3D17C2.d.B5F3EE46ECC69E42C5EB555B086FA0E5.e.4399"},"getValue",[]]}
RESULT: {}
RESULT: {"script":"<script> [6424 bytes]","args":[{"element-6066-11e4-a52e-4f735466cecf":"f.0F422B68595C6480DC5AFCDC2C3D17C2.d.B5F3EE46ECC69E42C5EB555B086FA0E5.e.4399"},"getValue",[]]}
COMMAND: POST /session/10905aa29ded037ab27490674a12b44a/element - {"using":"css selector","value":"#shell-header-logo"}
RESULT: {"using":"css selector","value":"#shell-header-logo"}
COMMAND: POST /session/10905aa29ded037ab27490674a12b44a/element/f.0F422B68595C6480DC5AFCDC2C3D17C2.d.B5F3EE46ECC69E42C5EB555B086FA0E5.e.3958/click - {}
RESULT: {}
COMMAND: GET /session/10905aa29ded037ab27490674a12b44a/screenshot - {}
RESULT: {}
]]></system-out>
    </testcase>
    <testcase classname="chrome.135_0_7049_96.windows.Partner_specific_tests_US150819_US151080_US151654_US151176_US103444_US151078_US151079_US151109_US151174_US151175_US151189" name="Should create a new intracompany partner edit some of its fields US151079" time="223.799">
      <system-out><![CDATA[
COMMAND: POST /session/10905aa29ded037ab27490674a12b44a/element - {"using":"xpath","value":"//li[.//span[text()=\"Manage Partners\"]]"}
RESULT: {"using":"xpath","value":"//li[.//span[text()=\"Manage Partners\"]]"}
COMMAND: POST /session/10905aa29ded037ab27490674a12b44a/element - {"using":"xpath","value":"//li[.//span[text()=\"Manage Partners\"]]"}
RESULT: {"using":"xpath","value":"//li[.//span[text()=\"Manage Partners\"]]"}
COMMAND: POST /session/10905aa29ded037ab27490674a12b44a/element - {"using":"css selector","value":"#shell-header-logo"}
RESULT: {"using":"css selector","value":"#shell-header-logo"}
COMMAND: POST /session/10905aa29ded037ab27490674a12b44a/element/f.0F422B68595C6480DC5AFCDC2C3D17C2.d.B5F3EE46ECC69E42C5EB555B086FA0E5.e.4429/click - {}
COMMAND: POST /session/10905aa29ded037ab27490674a12b44a/execute/sync - {"script":"<script> [8489 bytes]","args":[{"element-6066-11e4-a52e-4f735466cecf":"f.0F422B68595C6480DC5AFCDC2C3D17C2.d.B5F3EE46ECC69E42C5EB555B086FA0E5.e.4429","ELEMENT":"f.0F422B68595C6480DC5AFCDC2C3D17C2.d.B5F3EE46ECC69E42C5EB555B086FA0E5.e.4429"}]}
RESULT: {"script":"<script> [8489 bytes]","args":[{"element-6066-11e4-a52e-4f735466cecf":"f.0F422B68595C6480DC5AFCDC2C3D17C2.d.B5F3EE46ECC69E42C5EB555B086FA0E5.e.4429","ELEMENT":"f.0F422B68595C6480DC5AFCDC2C3D17C2.d.B5F3EE46ECC69E42C5EB555B086FA0E5.e.4429"}]}
COMMAND: POST /session/10905aa29ded037ab27490674a12b44a/execute/sync - {"script":"<script> [5351 bytes]","args":[{"element-6066-11e4-a52e-4f735466cecf":"f.0F422B68595C6480DC5AFCDC2C3D17C2.d.B5F3EE46ECC69E42C5EB555B086FA0E5.e.4429","ELEMENT":"f.0F422B68595C6480DC5AFCDC2C3D17C2.d.B5F3EE46ECC69E42C5EB555B086FA0E5.e.4429"}]}
COMMAND: GET /session/10905aa29ded037ab27490674a12b44a/screenshot - {}
RESULT: {}
COMMAND: GET /session/10905aa29ded037ab27490674a12b44a/screenshot - {}
RESULT: {"script":"<script> [5351 bytes]","args":[{"element-6066-11e4-a52e-4f735466cecf":"f.0F422B68595C6480DC5AFCDC2C3D17C2.d.B5F3EE46ECC69E42C5EB555B086FA0E5.e.4429","ELEMENT":"f.0F422B68595C6480DC5AFCDC2C3D17C2.d.B5F3EE46ECC69E42C5EB555B086FA0E5.e.4429"}]}
COMMAND: GET /session/10905aa29ded037ab27490674a12b44a/screenshot - {}
RESULT: {}
RESULT: {}
RESULT: {}
COMMAND: POST /session/10905aa29ded037ab27490674a12b44a/refresh - {}
RESULT: {}
COMMAND: GET /session/10905aa29ded037ab27490674a12b44a/screenshot - {}
RESULT: {}
COMMAND: POST /session/10905aa29ded037ab27490674a12b44a/refresh - {}
RESULT: {}
COMMAND: GET /session/10905aa29ded037ab27490674a12b44a/screenshot - {}
RESULT: {}
COMMAND: POST /session/10905aa29ded037ab27490674a12b44a/window/fullscreen - {}
RESULT: {}
COMMAND: POST /session/10905aa29ded037ab27490674a12b44a/execute/async - {"script":"<script> [189 bytes]","args":[]}
RESULT: {"script":"<script> [189 bytes]","args":[]}
COMMAND: POST /session/10905aa29ded037ab27490674a12b44a/execute/async - {"script":"<script> [123 bytes]","args":[]}
RESULT: {"script":"<script> [123 bytes]","args":[]}
COMMAND: POST /session/10905aa29ded037ab27490674a12b44a/timeouts - {"script":"<number>"}
RESULT: {"script":"<number>"}
COMMAND: GET /session/10905aa29ded037ab27490674a12b44a/timeouts - {}
RESULT: {}
RESULT: undefined
COMMAND: POST /session/10905aa29ded037ab27490674a12b44a/execute/async - {"script":"<script> [2676 bytes]","args":[]}
RESULT: {"script":"<script> [2676 bytes]","args":[]}
COMMAND: POST /session/10905aa29ded037ab27490674a12b44a/execute/async - {"script":"<script> [2342 bytes]","args":[{"protocol":"http","hostname":"0.0.0.0","path":"/","capabilities":{"browserName":"chrome","goog:chromeOptions":{"binary":"C:\\Program Files\\Google\\Chrome\\Application\\chrome.exe","args":["--start-maximized"]}},"logLevel":"warn","connectionRetryTimeout":120000,"connectionRetryCount":3,"logLevels":{},"enableDirectConnect":true,"strictSSL":true,"_":"65 more keys: [\"cacheDir\",\"port\",\"requestedCapabilities\",\"automationProtocol\",\"baseUrl\",\"waitforInterval\",\"waitforTimeout\",\"onReload\",\"beforeCommand\",\"afterCommand\",\"rootDir\",\"specs\",\"suites\",\"exclude\",\"groupLogsByTestSpec\",\"excludeDriverLogs\",\"bail\",\"framework\",\"reporters\",\"services\",\"maxInstances\",\"maxInstancesPerCapability\",\"injectGlobals\",\"filesToWatch\",\"execArgv\",\"runnerEnv\",\"runner\",\"shard\",\"specFileRetries\",\"specFileRetriesDelay\",\"specFileRetriesDeferred\",\"reporterSyncInterval\",\"reporterSyncTimeout\",\"cucumberFeaturesWithLineNumbers\",\"autoCompileOpts\",\"mochaOpts\",\"jasmineOpts\",\"cucumberOpts\",\"onPrepare\",\"onWorkerStart\",\"onWorkerEnd\",\"before\",\"beforeSession\",\"beforeSuite\",\"beforeHook\",\"beforeTest\",\"afterTest\",\"afterHook\",\"afterSuite\",\"afterSession\",\"after\",\"onComplete\",\"beforeAssertion\",\"afterAssertion\",\"beforeFeature\",\"beforeScenario\",\"beforeStep\",\"afterStep\",\"afterScenario\",\"afterFeature\",\"_\",\"suite\",\"$0\",\"ignoredWorkerServices\",\"wdi5\"]"}]}
RESULT: {"script":"<script> [2342 bytes]","args":[{"protocol":"http","hostname":"0.0.0.0","path":"/","capabilities":{"browserName":"chrome","goog:chromeOptions":{"binary":"C:\\Program Files\\Google\\Chrome\\Application\\chrome.exe","args":["--start-maximized"]}},"logLevel":"warn","connectionRetryTimeout":120000,"connectionRetryCount":3,"logLevels":{},"enableDirectConnect":true,"strictSSL":true,"_":"65 more keys: [\"cacheDir\",\"port\",\"requestedCapabilities\",\"automationProtocol\",\"baseUrl\",\"waitforInterval\",\"waitforTimeout\",\"onReload\",\"beforeCommand\",\"afterCommand\",\"rootDir\",\"specs\",\"suites\",\"exclude\",\"groupLogsByTestSpec\",\"excludeDriverLogs\",\"bail\",\"framework\",\"reporters\",\"services\",\"maxInstances\",\"maxInstancesPerCapability\",\"injectGlobals\",\"filesToWatch\",\"execArgv\",\"runnerEnv\",\"runner\",\"shard\",\"specFileRetries\",\"specFileRetriesDelay\",\"specFileRetriesDeferred\",\"reporterSyncInterval\",\"reporterSyncTimeout\",\"cucumberFeaturesWithLineNumbers\",\"autoCompileOpts\",\"mochaOpts\",\"jasmineOpts\",\"cucumberOpts\",\"onPrepare\",\"onWorkerStart\",\"onWorkerEnd\",\"before\",\"beforeSession\",\"beforeSuite\",\"beforeHook\",\"beforeTest\",\"afterTest\",\"afterHook\",\"afterSuite\",\"afterSession\",\"after\",\"onComplete\",\"beforeAssertion\",\"afterAssertion\",\"beforeFeature\",\"beforeScenario\",\"beforeStep\",\"afterStep\",\"afterScenario\",\"afterFeature\",\"_\",\"suite\",\"$0\",\"ignoredWorkerServices\",\"wdi5\"]"}]}
COMMAND: POST /session/10905aa29ded037ab27490674a12b44a/execute/async - {"script":"<script> [21126 bytes]","args":[35000]}
RESULT: {"script":"<script> [21126 bytes]","args":[35000]}
COMMAND: POST /session/10905aa29ded037ab27490674a12b44a/window/fullscreen - {}
RESULT: {}
COMMAND: POST /session/10905aa29ded037ab27490674a12b44a/window/fullscreen - {}
RESULT: {}
COMMAND: POST /session/10905aa29ded037ab27490674a12b44a/execute/async - {"script":"<script> [1562 bytes]","args":[{"selector":{"controlType":"sap.m.GenericTile","properties":{"header":"Manage Partners"}},"wdio_ui5_key":"sapm.GenericTile{\"header\":\"Manage Partners\"}"}]}
RESULT: {"script":"<script> [1562 bytes]","args":[{"selector":{"controlType":"sap.m.GenericTile","properties":{"header":"Manage Partners"}},"wdio_ui5_key":"sapm.GenericTile{\"header\":\"Manage Partners\"}"}]}
RESULT: undefined
COMMAND: POST /session/10905aa29ded037ab27490674a12b44a/element - {"using":"xpath","value":"//*[@id=\"__tile30\"]"}
RESULT: {"using":"xpath","value":"//*[@id=\"__tile30\"]"}
COMMAND: POST /session/10905aa29ded037ab27490674a12b44a/element/f.0F422B68595C6480DC5AFCDC2C3D17C2.d.DF7EC528C188C9DB8EC46FAC3E414FD3.e.4495/click - {}
RESULT: {}
COMMAND: POST /session/10905aa29ded037ab27490674a12b44a/element - {"using":"xpath","value":"//button[@data-kt=\"addButton\"]"}
COMMAND: GET /session/10905aa29ded037ab27490674a12b44a/screenshot - {}
RESULT: {"using":"xpath","value":"//button[@data-kt=\"addButton\"]"}
COMMAND: POST /session/10905aa29ded037ab27490674a12b44a/elements - {"using":"xpath","value":"//button[@data-kt=\"addButton\"]"}
RESULT: {}
RESULT: {"using":"xpath","value":"//button[@data-kt=\"addButton\"]"}
COMMAND: POST /session/10905aa29ded037ab27490674a12b44a/elements - {"using":"xpath","value":"//button[@data-kt=\"addButton\"]"}
RESULT: {"using":"xpath","value":"//button[@data-kt=\"addButton\"]"}
COMMAND: POST /session/10905aa29ded037ab27490674a12b44a/elements - {"using":"xpath","value":"//button[@data-kt=\"addButton\"]"}
RESULT: {"using":"xpath","value":"//button[@data-kt=\"addButton\"]"}
COMMAND: POST /session/10905aa29ded037ab27490674a12b44a/elements - {"using":"xpath","value":"//button[@data-kt=\"addButton\"]"}
RESULT: {"using":"xpath","value":"//button[@data-kt=\"addButton\"]"}
COMMAND: POST /session/10905aa29ded037ab27490674a12b44a/elements - {"using":"xpath","value":"//button[@data-kt=\"addButton\"]"}
RESULT: {"using":"xpath","value":"//button[@data-kt=\"addButton\"]"}
COMMAND: POST /session/10905aa29ded037ab27490674a12b44a/elements - {"using":"xpath","value":"//button[@data-kt=\"addButton\"]"}
RESULT: {"using":"xpath","value":"//button[@data-kt=\"addButton\"]"}
COMMAND: POST /session/10905aa29ded037ab27490674a12b44a/elements - {"using":"xpath","value":"//button[@data-kt=\"addButton\"]"}
RESULT: {"using":"xpath","value":"//button[@data-kt=\"addButton\"]"}
COMMAND: POST /session/10905aa29ded037ab27490674a12b44a/elements - {"using":"xpath","value":"//button[@data-kt=\"addButton\"]"}
RESULT: {"using":"xpath","value":"//button[@data-kt=\"addButton\"]"}
COMMAND: POST /session/10905aa29ded037ab27490674a12b44a/elements - {"using":"xpath","value":"//button[@data-kt=\"addButton\"]"}
RESULT: {"using":"xpath","value":"//button[@data-kt=\"addButton\"]"}
COMMAND: POST /session/10905aa29ded037ab27490674a12b44a/elements - {"using":"xpath","value":"//button[@data-kt=\"addButton\"]"}
RESULT: {"using":"xpath","value":"//button[@data-kt=\"addButton\"]"}
COMMAND: POST /session/10905aa29ded037ab27490674a12b44a/elements - {"using":"xpath","value":"//button[@data-kt=\"addButton\"]"}
RESULT: {"using":"xpath","value":"//button[@data-kt=\"addButton\"]"}
COMMAND: POST /session/10905aa29ded037ab27490674a12b44a/elements - {"using":"xpath","value":"//button[@data-kt=\"addButton\"]"}
RESULT: {"using":"xpath","value":"//button[@data-kt=\"addButton\"]"}
COMMAND: POST /session/10905aa29ded037ab27490674a12b44a/elements - {"using":"xpath","value":"//button[@data-kt=\"addButton\"]"}
RESULT: {"using":"xpath","value":"//button[@data-kt=\"addButton\"]"}
COMMAND: POST /session/10905aa29ded037ab27490674a12b44a/elements - {"using":"xpath","value":"//button[@data-kt=\"addButton\"]"}
RESULT: {"using":"xpath","value":"//button[@data-kt=\"addButton\"]"}
COMMAND: POST /session/10905aa29ded037ab27490674a12b44a/elements - {"using":"xpath","value":"//button[@data-kt=\"addButton\"]"}
RESULT: {"using":"xpath","value":"//button[@data-kt=\"addButton\"]"}
COMMAND: POST /session/10905aa29ded037ab27490674a12b44a/elements - {"using":"xpath","value":"//button[@data-kt=\"addButton\"]"}
RESULT: {"using":"xpath","value":"//button[@data-kt=\"addButton\"]"}
COMMAND: POST /session/10905aa29ded037ab27490674a12b44a/elements - {"using":"xpath","value":"//button[@data-kt=\"addButton\"]"}
RESULT: {"using":"xpath","value":"//button[@data-kt=\"addButton\"]"}
COMMAND: POST /session/10905aa29ded037ab27490674a12b44a/elements - {"using":"xpath","value":"//button[@data-kt=\"addButton\"]"}
RESULT: {"using":"xpath","value":"//button[@data-kt=\"addButton\"]"}
COMMAND: POST /session/10905aa29ded037ab27490674a12b44a/elements - {"using":"xpath","value":"//button[@data-kt=\"addButton\"]"}
RESULT: {"using":"xpath","value":"//button[@data-kt=\"addButton\"]"}
COMMAND: POST /session/10905aa29ded037ab27490674a12b44a/elements - {"using":"xpath","value":"//button[@data-kt=\"addButton\"]"}
RESULT: {"using":"xpath","value":"//button[@data-kt=\"addButton\"]"}
COMMAND: POST /session/10905aa29ded037ab27490674a12b44a/elements - {"using":"xpath","value":"//button[@data-kt=\"addButton\"]"}
RESULT: {"using":"xpath","value":"//button[@data-kt=\"addButton\"]"}
COMMAND: POST /session/10905aa29ded037ab27490674a12b44a/elements - {"using":"xpath","value":"//button[@data-kt=\"addButton\"]"}
RESULT: {"using":"xpath","value":"//button[@data-kt=\"addButton\"]"}
COMMAND: POST /session/10905aa29ded037ab27490674a12b44a/elements - {"using":"xpath","value":"//button[@data-kt=\"addButton\"]"}
RESULT: {"using":"xpath","value":"//button[@data-kt=\"addButton\"]"}
COMMAND: POST /session/10905aa29ded037ab27490674a12b44a/element - {"using":"xpath","value":"//button[@data-kt=\"addButton\"]"}
RESULT: {"using":"xpath","value":"//button[@data-kt=\"addButton\"]"}
COMMAND: POST /session/10905aa29ded037ab27490674a12b44a/execute/sync - {"script":"<script> [8489 bytes]","args":[{"element-6066-11e4-a52e-4f735466cecf":"f.0F422B68595C6480DC5AFCDC2C3D17C2.d.DF7EC528C188C9DB8EC46FAC3E414FD3.e.4620","ELEMENT":"f.0F422B68595C6480DC5AFCDC2C3D17C2.d.DF7EC528C188C9DB8EC46FAC3E414FD3.e.4620"}]}
RESULT: {"script":"<script> [8489 bytes]","args":[{"element-6066-11e4-a52e-4f735466cecf":"f.0F422B68595C6480DC5AFCDC2C3D17C2.d.DF7EC528C188C9DB8EC46FAC3E414FD3.e.4620","ELEMENT":"f.0F422B68595C6480DC5AFCDC2C3D17C2.d.DF7EC528C188C9DB8EC46FAC3E414FD3.e.4620"}]}
COMMAND: GET /session/10905aa29ded037ab27490674a12b44a/element/f.0F422B68595C6480DC5AFCDC2C3D17C2.d.DF7EC528C188C9DB8EC46FAC3E414FD3.e.4620/enabled - {}
COMMAND: GET /session/10905aa29ded037ab27490674a12b44a/screenshot - {}
RESULT: {}
COMMAND: POST /session/10905aa29ded037ab27490674a12b44a/execute/sync - {"script":"<script> [8489 bytes]","args":[{"element-6066-11e4-a52e-4f735466cecf":"f.0F422B68595C6480DC5AFCDC2C3D17C2.d.DF7EC528C188C9DB8EC46FAC3E414FD3.e.4620","ELEMENT":"f.0F422B68595C6480DC5AFCDC2C3D17C2.d.DF7EC528C188C9DB8EC46FAC3E414FD3.e.4620"}]}
COMMAND: GET /session/10905aa29ded037ab27490674a12b44a/screenshot - {}
RESULT: {}
RESULT: {"script":"<script> [8489 bytes]","args":[{"element-6066-11e4-a52e-4f735466cecf":"f.0F422B68595C6480DC5AFCDC2C3D17C2.d.DF7EC528C188C9DB8EC46FAC3E414FD3.e.4620","ELEMENT":"f.0F422B68595C6480DC5AFCDC2C3D17C2.d.DF7EC528C188C9DB8EC46FAC3E414FD3.e.4620"}]}
COMMAND: POST /session/10905aa29ded037ab27490674a12b44a/execute/sync - {"script":"<script> [5351 bytes]","args":[{"element-6066-11e4-a52e-4f735466cecf":"f.0F422B68595C6480DC5AFCDC2C3D17C2.d.DF7EC528C188C9DB8EC46FAC3E414FD3.e.4620","ELEMENT":"f.0F422B68595C6480DC5AFCDC2C3D17C2.d.DF7EC528C188C9DB8EC46FAC3E414FD3.e.4620"}]}
COMMAND: GET /session/10905aa29ded037ab27490674a12b44a/screenshot - {}
RESULT: {}
RESULT: {"script":"<script> [5351 bytes]","args":[{"element-6066-11e4-a52e-4f735466cecf":"f.0F422B68595C6480DC5AFCDC2C3D17C2.d.DF7EC528C188C9DB8EC46FAC3E414FD3.e.4620","ELEMENT":"f.0F422B68595C6480DC5AFCDC2C3D17C2.d.DF7EC528C188C9DB8EC46FAC3E414FD3.e.4620"}]}
COMMAND: POST /session/10905aa29ded037ab27490674a12b44a/element/f.0F422B68595C6480DC5AFCDC2C3D17C2.d.DF7EC528C188C9DB8EC46FAC3E414FD3.e.4620/click - {}
COMMAND: GET /session/10905aa29ded037ab27490674a12b44a/screenshot - {}
RESULT: {}
RESULT: {}
COMMAND: GET /session/10905aa29ded037ab27490674a12b44a/screenshot - {}
RESULT: {}
RESULT: {}
COMMAND: POST /session/10905aa29ded037ab27490674a12b44a/execute/async - {"script":"<script> [1562 bytes]","args":[{"selector":{"id":"application-managepartners-display-component---NewPartner--addressDetailDetailsName1","interaction":{"idSuffix":"inner"}},"wdio_ui5_key":"applicationmanagepartners-display-component---NewPartner--addressDetailDetailsName1"}]}
RESULT: {"script":"<script> [1562 bytes]","args":[{"selector":{"id":"application-managepartners-display-component---NewPartner--addressDetailDetailsName1","interaction":{"idSuffix":"inner"}},"wdio_ui5_key":"applicationmanagepartners-display-component---NewPartner--addressDetailDetailsName1"}]}
RESULT: undefined
COMMAND: POST /session/10905aa29ded037ab27490674a12b44a/execute/async - {"script":"<script> [776 bytes]","args":[{"enterText":"Intracompany Partner WDIO","selector":{"id":"application-managepartners-display-component---NewPartner--addressDetailDetailsName1","interaction":{"idSuffix":"inner"}},"clearTextFirst":true,"interactionType":"ENTER_TEXT"}]}
RESULT: {"script":"<script> [776 bytes]","args":[{"enterText":"Intracompany Partner WDIO","selector":{"id":"application-managepartners-display-component---NewPartner--addressDetailDetailsName1","interaction":{"idSuffix":"inner"}},"clearTextFirst":true,"interactionType":"ENTER_TEXT"}]}
COMMAND: POST /session/10905aa29ded037ab27490674a12b44a/execute/async - {"script":"<script> [1562 bytes]","args":[{"selector":{"id":"application-managepartners-display-component---NewPartner--addressDetailDetailsLanguage-arrow"},"wdio_ui5_key":"applicationmanagepartners-display-component---NewPartner--addressDetailDetailsLanguage-arrow"}]}
RESULT: {"script":"<script> [1562 bytes]","args":[{"selector":{"id":"application-managepartners-display-component---NewPartner--addressDetailDetailsLanguage-arrow"},"wdio_ui5_key":"applicationmanagepartners-display-component---NewPartner--addressDetailDetailsLanguage-arrow"}]}
RESULT: undefined
COMMAND: POST /session/10905aa29ded037ab27490674a12b44a/element - {"using":"xpath","value":"//*[@id=\"application-managepartners-display-component---NewPartner--addressDetailDetailsLanguage-arrow\"]"}
RESULT: {"using":"xpath","value":"//*[@id=\"application-managepartners-display-component---NewPartner--addressDetailDetailsLanguage-arrow\"]"}
COMMAND: POST /session/10905aa29ded037ab27490674a12b44a/element/f.0F422B68595C6480DC5AFCDC2C3D17C2.d.DF7EC528C188C9DB8EC46FAC3E414FD3.e.5065/click - {}
RESULT: {}
COMMAND: POST /session/10905aa29ded037ab27490674a12b44a/element - {"using":"xpath","value":"//span[contains(text(), \"English\")]"}
COMMAND: GET /session/10905aa29ded037ab27490674a12b44a/screenshot - {}
RESULT: {"using":"xpath","value":"//span[contains(text(), \"English\")]"}
COMMAND: POST /session/10905aa29ded037ab27490674a12b44a/element/f.0F422B68595C6480DC5AFCDC2C3D17C2.d.DF7EC528C188C9DB8EC46FAC3E414FD3.e.5066/click - {}
RESULT: {}
RESULT: {}
COMMAND: GET /session/10905aa29ded037ab27490674a12b44a/screenshot - {}
RESULT: {}
COMMAND: POST /session/10905aa29ded037ab27490674a12b44a/execute/async - {"script":"<script> [1562 bytes]","args":[{"selector":{"id":"application-managepartners-display-component---NewPartner--addressDetailDetailsCity1","interaction":{"idSuffix":"inner"}},"wdio_ui5_key":"applicationmanagepartners-display-component---NewPartner--addressDetailDetailsCity1"}]}
RESULT: {"script":"<script> [1562 bytes]","args":[{"selector":{"id":"application-managepartners-display-component---NewPartner--addressDetailDetailsCity1","interaction":{"idSuffix":"inner"}},"wdio_ui5_key":"applicationmanagepartners-display-component---NewPartner--addressDetailDetailsCity1"}]}
RESULT: undefined
COMMAND: POST /session/10905aa29ded037ab27490674a12b44a/execute/async - {"script":"<script> [776 bytes]","args":[{"enterText":"Rosario","selector":{"id":"application-managepartners-display-component---NewPartner--addressDetailDetailsCity1","interaction":{"idSuffix":"inner"}},"clearTextFirst":true,"interactionType":"ENTER_TEXT"}]}
RESULT: {"script":"<script> [776 bytes]","args":[{"enterText":"Rosario","selector":{"id":"application-managepartners-display-component---NewPartner--addressDetailDetailsCity1","interaction":{"idSuffix":"inner"}},"clearTextFirst":true,"interactionType":"ENTER_TEXT"}]}
COMMAND: POST /session/10905aa29ded037ab27490674a12b44a/execute/async - {"script":"<script> [1562 bytes]","args":[{"selector":{"id":"application-managepartners-display-component---NewPartner--addressDetailDetailsCountry-arrow"},"wdio_ui5_key":"applicationmanagepartners-display-component---NewPartner--addressDetailDetailsCountry-arrow"}]}
RESULT: {"script":"<script> [1562 bytes]","args":[{"selector":{"id":"application-managepartners-display-component---NewPartner--addressDetailDetailsCountry-arrow"},"wdio_ui5_key":"applicationmanagepartners-display-component---NewPartner--addressDetailDetailsCountry-arrow"}]}
RESULT: undefined
COMMAND: POST /session/10905aa29ded037ab27490674a12b44a/element - {"using":"xpath","value":"//*[@id=\"application-managepartners-display-component---NewPartner--addressDetailDetailsCountry-arrow\"]"}
RESULT: {"using":"xpath","value":"//*[@id=\"application-managepartners-display-component---NewPartner--addressDetailDetailsCountry-arrow\"]"}
COMMAND: POST /session/10905aa29ded037ab27490674a12b44a/element/f.0F422B68595C6480DC5AFCDC2C3D17C2.d.DF7EC528C188C9DB8EC46FAC3E414FD3.e.5052/click - {}
RESULT: {}
COMMAND: POST /session/10905aa29ded037ab27490674a12b44a/element - {"using":"xpath","value":"//span[contains(text(), \"Argentina\")]"}
COMMAND: GET /session/10905aa29ded037ab27490674a12b44a/screenshot - {}
RESULT: {"using":"xpath","value":"//span[contains(text(), \"Argentina\")]"}
COMMAND: POST /session/10905aa29ded037ab27490674a12b44a/element/f.0F422B68595C6480DC5AFCDC2C3D17C2.d.DF7EC528C188C9DB8EC46FAC3E414FD3.e.5068/click - {}
RESULT: {}
RESULT: {}
COMMAND: GET /session/10905aa29ded037ab27490674a12b44a/screenshot - {}
RESULT: {}
COMMAND: POST /session/10905aa29ded037ab27490674a12b44a/element - {"using":"xpath","value":"//bdi[contains(text(), \"Commercial\")]"}
RESULT: {"using":"xpath","value":"//bdi[contains(text(), \"Commercial\")]"}
COMMAND: POST /session/10905aa29ded037ab27490674a12b44a/element/f.0F422B68595C6480DC5AFCDC2C3D17C2.d.DF7EC528C188C9DB8EC46FAC3E414FD3.e.5069/click - {}
RESULT: {}
COMMAND: GET /session/10905aa29ded037ab27490674a12b44a/screenshot - {}
RESULT: {}
COMMAND: POST /session/10905aa29ded037ab27490674a12b44a/execute/async - {"script":"<script> [1562 bytes]","args":[{"selector":{"id":"application-managepartners-display-component---NewPartner--partnerDetailInternal-arrow"},"wdio_ui5_key":"applicationmanagepartners-display-component---NewPartner--partnerDetailInternal-arrow"}]}
RESULT: {"script":"<script> [1562 bytes]","args":[{"selector":{"id":"application-managepartners-display-component---NewPartner--partnerDetailInternal-arrow"},"wdio_ui5_key":"applicationmanagepartners-display-component---NewPartner--partnerDetailInternal-arrow"}]}
RESULT: undefined
COMMAND: POST /session/10905aa29ded037ab27490674a12b44a/element - {"using":"xpath","value":"//*[@id=\"application-managepartners-display-component---NewPartner--partnerDetailInternal-arrow\"]"}
RESULT: {"using":"xpath","value":"//*[@id=\"application-managepartners-display-component---NewPartner--partnerDetailInternal-arrow\"]"}
COMMAND: POST /session/10905aa29ded037ab27490674a12b44a/element/f.0F422B68595C6480DC5AFCDC2C3D17C2.d.DF7EC528C188C9DB8EC46FAC3E414FD3.e.5075/click - {}
RESULT: {}
COMMAND: POST /session/10905aa29ded037ab27490674a12b44a/element - {"using":"xpath","value":"//span[contains(text(), \"Affiliated company\")]"}
COMMAND: GET /session/10905aa29ded037ab27490674a12b44a/screenshot - {}
RESULT: {"using":"xpath","value":"//span[contains(text(), \"Affiliated company\")]"}
COMMAND: POST /session/10905aa29ded037ab27490674a12b44a/element/f.0F422B68595C6480DC5AFCDC2C3D17C2.d.DF7EC528C188C9DB8EC46FAC3E414FD3.e.5076/click - {}
RESULT: {}
RESULT: {}
COMMAND: POST /session/10905aa29ded037ab27490674a12b44a/execute/async - {"script":"<script> [1562 bytes]","args":[{"selector":{"id":"application-managepartners-display-component---NewPartner--partnerDetailsCurrency-arrow"},"wdio_ui5_key":"applicationmanagepartners-display-component---NewPartner--partnerDetailsCurrency-arrow"}]}
COMMAND: GET /session/10905aa29ded037ab27490674a12b44a/screenshot - {}
RESULT: {"script":"<script> [1562 bytes]","args":[{"selector":{"id":"application-managepartners-display-component---NewPartner--partnerDetailsCurrency-arrow"},"wdio_ui5_key":"applicationmanagepartners-display-component---NewPartner--partnerDetailsCurrency-arrow"}]}
RESULT: undefined
COMMAND: POST /session/10905aa29ded037ab27490674a12b44a/element - {"using":"xpath","value":"//*[@id=\"application-managepartners-display-component---NewPartner--partnerDetailsCurrency-arrow\"]"}
RESULT: {}
RESULT: {"using":"xpath","value":"//*[@id=\"application-managepartners-display-component---NewPartner--partnerDetailsCurrency-arrow\"]"}
COMMAND: POST /session/10905aa29ded037ab27490674a12b44a/element/f.0F422B68595C6480DC5AFCDC2C3D17C2.d.DF7EC528C188C9DB8EC46FAC3E414FD3.e.5083/click - {}
RESULT: {}
COMMAND: POST /session/10905aa29ded037ab27490674a12b44a/element - {"using":"xpath","value":"//span[contains(text(), \"Euro\")]"}
COMMAND: GET /session/10905aa29ded037ab27490674a12b44a/screenshot - {}
RESULT: {"using":"xpath","value":"//span[contains(text(), \"Euro\")]"}
COMMAND: POST /session/10905aa29ded037ab27490674a12b44a/element/f.0F422B68595C6480DC5AFCDC2C3D17C2.d.DF7EC528C188C9DB8EC46FAC3E414FD3.e.5084/click - {}
RESULT: {}
RESULT: {}
COMMAND: POST /session/10905aa29ded037ab27490674a12b44a/execute/async - {"script":"<script> [1562 bytes]","args":[{"selector":{"id":"application-managepartners-display-component---NewPartner--addressEditDetailsCostObjectCstType-arrow"},"wdio_ui5_key":"applicationmanagepartners-display-component---NewPartner--addressEditDetailsCostObjectCstType-arrow"}]}
COMMAND: GET /session/10905aa29ded037ab27490674a12b44a/screenshot - {}
RESULT: {"script":"<script> [1562 bytes]","args":[{"selector":{"id":"application-managepartners-display-component---NewPartner--addressEditDetailsCostObjectCstType-arrow"},"wdio_ui5_key":"applicationmanagepartners-display-component---NewPartner--addressEditDetailsCostObjectCstType-arrow"}]}
RESULT: undefined
COMMAND: POST /session/10905aa29ded037ab27490674a12b44a/element - {"using":"xpath","value":"//*[@id=\"application-managepartners-display-component---NewPartner--addressEditDetailsCostObjectCstType-arrow\"]"}
RESULT: {}
RESULT: {"using":"xpath","value":"//*[@id=\"application-managepartners-display-component---NewPartner--addressEditDetailsCostObjectCstType-arrow\"]"}
COMMAND: POST /session/10905aa29ded037ab27490674a12b44a/element/f.0F422B68595C6480DC5AFCDC2C3D17C2.d.DF7EC528C188C9DB8EC46FAC3E414FD3.e.5085/click - {}
RESULT: {}
COMMAND: POST /session/10905aa29ded037ab27490674a12b44a/element - {"using":"xpath","value":"//span[contains(text(), \"Cost Center\")]"}
COMMAND: GET /session/10905aa29ded037ab27490674a12b44a/screenshot - {}
RESULT: {"using":"xpath","value":"//span[contains(text(), \"Cost Center\")]"}
COMMAND: POST /session/10905aa29ded037ab27490674a12b44a/element/f.0F422B68595C6480DC5AFCDC2C3D17C2.d.DF7EC528C188C9DB8EC46FAC3E414FD3.e.5086/click - {}
RESULT: {}
RESULT: {}
COMMAND: GET /session/10905aa29ded037ab27490674a12b44a/screenshot - {}
RESULT: {}
COMMAND: POST /session/10905aa29ded037ab27490674a12b44a/element - {"using":"xpath","value":"//span[@id=\"application-managepartners-display-component---NewPartner--addressNewCostObjectCstID-vhi\"]"}
RESULT: {"using":"xpath","value":"//span[@id=\"application-managepartners-display-component---NewPartner--addressNewCostObjectCstID-vhi\"]"}
COMMAND: POST /session/10905aa29ded037ab27490674a12b44a/execute/sync - {"script":"<script> [8489 bytes]","args":[{"element-6066-11e4-a52e-4f735466cecf":"f.0F422B68595C6480DC5AFCDC2C3D17C2.d.DF7EC528C188C9DB8EC46FAC3E414FD3.e.5090","ELEMENT":"f.0F422B68595C6480DC5AFCDC2C3D17C2.d.DF7EC528C188C9DB8EC46FAC3E414FD3.e.5090"}]}
RESULT: {"script":"<script> [8489 bytes]","args":[{"element-6066-11e4-a52e-4f735466cecf":"f.0F422B68595C6480DC5AFCDC2C3D17C2.d.DF7EC528C188C9DB8EC46FAC3E414FD3.e.5090","ELEMENT":"f.0F422B68595C6480DC5AFCDC2C3D17C2.d.DF7EC528C188C9DB8EC46FAC3E414FD3.e.5090"}]}
COMMAND: POST /session/10905aa29ded037ab27490674a12b44a/execute/async - {"script":"<script> [1562 bytes]","args":[{"selector":{"id":"application-managepartners-display-component---NewPartner--addressNewCostObjectCstID-vhi"},"wdio_ui5_key":"applicationmanagepartners-display-component---NewPartner--addressNewCostObjectCstID-vhi"}]}
COMMAND: GET /session/10905aa29ded037ab27490674a12b44a/screenshot - {}
RESULT: {"script":"<script> [1562 bytes]","args":[{"selector":{"id":"application-managepartners-display-component---NewPartner--addressNewCostObjectCstID-vhi"},"wdio_ui5_key":"applicationmanagepartners-display-component---NewPartner--addressNewCostObjectCstID-vhi"}]}
RESULT: undefined
COMMAND: POST /session/10905aa29ded037ab27490674a12b44a/element - {"using":"xpath","value":"//*[@id=\"application-managepartners-display-component---NewPartner--addressNewCostObjectCstID-vhi\"]"}
RESULT: {}
RESULT: {"using":"xpath","value":"//*[@id=\"application-managepartners-display-component---NewPartner--addressNewCostObjectCstID-vhi\"]"}
COMMAND: POST /session/10905aa29ded037ab27490674a12b44a/element/f.0F422B68595C6480DC5AFCDC2C3D17C2.d.DF7EC528C188C9DB8EC46FAC3E414FD3.e.5090/click - {}
RESULT: {}
COMMAND: GET /session/10905aa29ded037ab27490674a12b44a/screenshot - {}
RESULT: {}
COMMAND: POST /session/10905aa29ded037ab27490674a12b44a/execute/async - {"script":"<script> [1562 bytes]","args":[{"selector":{"controlType":"sap.m.SearchField","properties":{"placeholder":"Search"},"searchOpenDialogs":true,"interaction":{"idSuffix":"I"}},"wdio_ui5_key":"sapm.SearchField{\"placeholder\":\"Search\"}"}]}
RESULT: {"script":"<script> [1562 bytes]","args":[{"selector":{"controlType":"sap.m.SearchField","properties":{"placeholder":"Search"},"searchOpenDialogs":true,"interaction":{"idSuffix":"I"}},"wdio_ui5_key":"sapm.SearchField{\"placeholder\":\"Search\"}"}]}
RESULT: undefined
COMMAND: POST /session/10905aa29ded037ab27490674a12b44a/execute/async - {"script":"<script> [776 bytes]","args":[{"enterText":"10001013","selector":{"controlType":"sap.m.SearchField","properties":{"placeholder":"Search"},"searchOpenDialogs":true,"interaction":{"idSuffix":"I"}},"clearTextFirst":true,"interactionType":"ENTER_TEXT"}]}
RESULT: {"script":"<script> [776 bytes]","args":[{"enterText":"10001013","selector":{"controlType":"sap.m.SearchField","properties":{"placeholder":"Search"},"searchOpenDialogs":true,"interaction":{"idSuffix":"I"}},"clearTextFirst":true,"interactionType":"ENTER_TEXT"}]}
COMMAND: POST /session/10905aa29ded037ab27490674a12b44a/actions - {"actions":[{"id":"action12","type":"key","parameters":{},"actions":[{"type":"keyDown","value":"î€‡"},{"type":"pause","duration":10},{"type":"keyUp","value":"î€‡"}]}]}
RESULT: {"actions":[{"id":"action12","type":"key","parameters":{},"actions":[{"type":"keyDown","value":"î€‡"},{"type":"pause","duration":10},{"type":"keyUp","value":"î€‡"}]}]}
COMMAND: GET /session/10905aa29ded037ab27490674a12b44a/screenshot - {}
RESULT: {}
COMMAND: POST /session/10905aa29ded037ab27490674a12b44a/element - {"using":"xpath","value":"//span[contains(text(), \"General Management\")]"}
RESULT: {"using":"xpath","value":"//span[contains(text(), \"General Management\")]"}
COMMAND: POST /session/10905aa29ded037ab27490674a12b44a/element/f.0F422B68595C6480DC5AFCDC2C3D17C2.d.DF7EC528C188C9DB8EC46FAC3E414FD3.e.5131/click - {}
RESULT: {}
COMMAND: GET /session/10905aa29ded037ab27490674a12b44a/screenshot - {}
RESULT: {}
COMMAND: POST /session/10905aa29ded037ab27490674a12b44a/element - {"using":"xpath","value":"//bdi[contains(text(), \"OK\")]"}
RESULT: {"using":"xpath","value":"//bdi[contains(text(), \"OK\")]"}
COMMAND: POST /session/10905aa29ded037ab27490674a12b44a/element/f.0F422B68595C6480DC5AFCDC2C3D17C2.d.DF7EC528C188C9DB8EC46FAC3E414FD3.e.5132/click - {}
RESULT: {}
COMMAND: GET /session/10905aa29ded037ab27490674a12b44a/screenshot - {}
RESULT: {}
COMMAND: POST /session/10905aa29ded037ab27490674a12b44a/element - {"using":"xpath","value":"//input[@id=\"application-managepartners-display-component---NewPartner--companyCodeComboBox-inner\"]"}
RESULT: {"using":"xpath","value":"//input[@id=\"application-managepartners-display-component---NewPartner--companyCodeComboBox-inner\"]"}
COMMAND: POST /session/10905aa29ded037ab27490674a12b44a/element/f.0F422B68595C6480DC5AFCDC2C3D17C2.d.DF7EC528C188C9DB8EC46FAC3E414FD3.e.4920/clear - {}
RESULT: {}
COMMAND: POST /session/10905aa29ded037ab27490674a12b44a/element/f.0F422B68595C6480DC5AFCDC2C3D17C2.d.DF7EC528C188C9DB8EC46FAC3E414FD3.e.4920/value - {"text":"1000"}
COMMAND: GET /session/10905aa29ded037ab27490674a12b44a/screenshot - {}
RESULT: {"text":"1000"}
COMMAND: GET /session/10905aa29ded037ab27490674a12b44a/screenshot - {}
RESULT: {}
RESULT: {}
COMMAND: POST /session/10905aa29ded037ab27490674a12b44a/element - {"using":"xpath","value":"//span[contains(text(), \"1000\")]"}
RESULT: {"using":"xpath","value":"//span[contains(text(), \"1000\")]"}
COMMAND: POST /session/10905aa29ded037ab27490674a12b44a/element/f.0F422B68595C6480DC5AFCDC2C3D17C2.d.DF7EC528C188C9DB8EC46FAC3E414FD3.e.5138/click - {}
RESULT: {}
COMMAND: GET /session/10905aa29ded037ab27490674a12b44a/screenshot - {}
RESULT: {}
COMMAND: POST /session/10905aa29ded037ab27490674a12b44a/execute/async - {"script":"<script> [1562 bytes]","args":[{"selector":{"id":"application-managepartners-display-component---NewPartner--btnAddTableRow-img"},"wdio_ui5_key":"applicationmanagepartners-display-component---NewPartner--btnAddTableRow-img"}]}
RESULT: {"script":"<script> [1562 bytes]","args":[{"selector":{"id":"application-managepartners-display-component---NewPartner--btnAddTableRow-img"},"wdio_ui5_key":"applicationmanagepartners-display-component---NewPartner--btnAddTableRow-img"}]}
RESULT: undefined
COMMAND: POST /session/10905aa29ded037ab27490674a12b44a/element - {"using":"xpath","value":"//*[@id=\"application-managepartners-display-component---NewPartner--btnAddTableRow-img\"]"}
RESULT: {"using":"xpath","value":"//*[@id=\"application-managepartners-display-component---NewPartner--btnAddTableRow-img\"]"}
COMMAND: POST /session/10905aa29ded037ab27490674a12b44a/element/f.0F422B68595C6480DC5AFCDC2C3D17C2.d.DF7EC528C188C9DB8EC46FAC3E414FD3.e.5139/click - {}
RESULT: {}
COMMAND: GET /session/10905aa29ded037ab27490674a12b44a/screenshot - {}
RESULT: {}
COMMAND: POST /session/10905aa29ded037ab27490674a12b44a/element - {"using":"xpath","value":"//input[@id=\"application-managepartners-display-component---NewPartner--assignmentYard-application-managepartners-display-component---NewPartner--assignmentsTable-0-inner\"]"}
RESULT: {"using":"xpath","value":"//input[@id=\"application-managepartners-display-component---NewPartner--assignmentYard-application-managepartners-display-component---NewPartner--assignmentsTable-0-inner\"]"}
COMMAND: POST /session/10905aa29ded037ab27490674a12b44a/element/f.0F422B68595C6480DC5AFCDC2C3D17C2.d.DF7EC528C188C9DB8EC46FAC3E414FD3.e.5142/clear - {}
RESULT: {}
COMMAND: POST /session/10905aa29ded037ab27490674a12b44a/element/f.0F422B68595C6480DC5AFCDC2C3D17C2.d.DF7EC528C188C9DB8EC46FAC3E414FD3.e.5142/value - {"text":"416"}
COMMAND: GET /session/10905aa29ded037ab27490674a12b44a/screenshot - {}
RESULT: {"text":"416"}
COMMAND: GET /session/10905aa29ded037ab27490674a12b44a/screenshot - {}
RESULT: {}
RESULT: {}
COMMAND: POST /session/10905aa29ded037ab27490674a12b44a/element - {"using":"xpath","value":"//li[.//span[text()='416']]"}
RESULT: {"using":"xpath","value":"//li[.//span[text()='416']]"}
COMMAND: POST /session/10905aa29ded037ab27490674a12b44a/element/f.0F422B68595C6480DC5AFCDC2C3D17C2.d.DF7EC528C188C9DB8EC46FAC3E414FD3.e.5150/click - {}
RESULT: {}
COMMAND: GET /session/10905aa29ded037ab27490674a12b44a/screenshot - {}
RESULT: {}
COMMAND: POST /session/10905aa29ded037ab27490674a12b44a/actions - {"actions":[{"id":"action13","type":"key","parameters":{},"actions":[{"type":"keyDown","value":"î€‡"},{"type":"pause","duration":10},{"type":"keyUp","value":"î€‡"}]}]}
RESULT: {"actions":[{"id":"action13","type":"key","parameters":{},"actions":[{"type":"keyDown","value":"î€‡"},{"type":"pause","duration":10},{"type":"keyUp","value":"î€‡"}]}]}
COMMAND: POST /session/10905aa29ded037ab27490674a12b44a/execute/async - {"script":"<script> [1562 bytes]","args":[{"selector":{"id":"application-managepartners-display-component---NewPartner--externalCustomerComboBox-application-managepartners-display-component---NewPartner--assignmentsTable-0-vhi"},"wdio_ui5_key":"applicationmanagepartners-display-component---NewPartner--externalCustomerComboBox-application-managepartners-display-component---NewPartner--assignmentsTable-0-vhi"}]}
COMMAND: GET /session/10905aa29ded037ab27490674a12b44a/screenshot - {}
RESULT: {"script":"<script> [1562 bytes]","args":[{"selector":{"id":"application-managepartners-display-component---NewPartner--externalCustomerComboBox-application-managepartners-display-component---NewPartner--assignmentsTable-0-vhi"},"wdio_ui5_key":"applicationmanagepartners-display-component---NewPartner--externalCustomerComboBox-application-managepartners-display-component---NewPartner--assignmentsTable-0-vhi"}]}
RESULT: undefined
COMMAND: POST /session/10905aa29ded037ab27490674a12b44a/element - {"using":"xpath","value":"//*[@id=\"application-managepartners-display-component---NewPartner--externalCustomerComboBox-application-managepartners-display-component---NewPartner--assignmentsTable-0-vhi\"]"}
RESULT: {}
RESULT: {"using":"xpath","value":"//*[@id=\"application-managepartners-display-component---NewPartner--externalCustomerComboBox-application-managepartners-display-component---NewPartner--assignmentsTable-0-vhi\"]"}
COMMAND: POST /session/10905aa29ded037ab27490674a12b44a/element/f.0F422B68595C6480DC5AFCDC2C3D17C2.d.DF7EC528C188C9DB8EC46FAC3E414FD3.e.5154/click - {}
RESULT: {}
RESULT: undefined
COMMAND: POST /session/10905aa29ded037ab27490674a12b44a/execute/async - {"script":"<script> [776 bytes]","args":[{"enterText":"300003","selector":{"controlType":"sap.m.SearchField","properties":{"placeholder":"Search"},"searchOpenDialogs":true,"interaction":{"idSuffix":"I"}},"clearTextFirst":true,"interactionType":"ENTER_TEXT"}]}
COMMAND: GET /session/10905aa29ded037ab27490674a12b44a/screenshot - {}
RESULT: {"script":"<script> [776 bytes]","args":[{"enterText":"300003","selector":{"controlType":"sap.m.SearchField","properties":{"placeholder":"Search"},"searchOpenDialogs":true,"interaction":{"idSuffix":"I"}},"clearTextFirst":true,"interactionType":"ENTER_TEXT"}]}
COMMAND: POST /session/10905aa29ded037ab27490674a12b44a/actions - {"actions":[{"id":"action14","type":"key","parameters":{},"actions":[{"type":"keyDown","value":"î€‡"},{"type":"pause","duration":10},{"type":"keyUp","value":"î€‡"}]}]}
RESULT: {}
RESULT: {"actions":[{"id":"action14","type":"key","parameters":{},"actions":[{"type":"keyDown","value":"î€‡"},{"type":"pause","duration":10},{"type":"keyUp","value":"î€‡"}]}]}
COMMAND: GET /session/10905aa29ded037ab27490674a12b44a/screenshot - {}
RESULT: {}
COMMAND: POST /session/10905aa29ded037ab27490674a12b44a/element - {"using":"xpath","value":"//span[contains(text(), \"300003\")]"}
RESULT: {"using":"xpath","value":"//span[contains(text(), \"300003\")]"}
COMMAND: POST /session/10905aa29ded037ab27490674a12b44a/element/f.0F422B68595C6480DC5AFCDC2C3D17C2.d.DF7EC528C188C9DB8EC46FAC3E414FD3.e.5171/click - {}
RESULT: {}
COMMAND: GET /session/10905aa29ded037ab27490674a12b44a/screenshot - {}
RESULT: {}
COMMAND: POST /session/10905aa29ded037ab27490674a12b44a/element - {"using":"xpath","value":"//bdi[contains(text(), \"OK\")]"}
RESULT: {"using":"xpath","value":"//bdi[contains(text(), \"OK\")]"}
COMMAND: POST /session/10905aa29ded037ab27490674a12b44a/element/f.0F422B68595C6480DC5AFCDC2C3D17C2.d.DF7EC528C188C9DB8EC46FAC3E414FD3.e.5173/click - {}
RESULT: {}
COMMAND: GET /session/10905aa29ded037ab27490674a12b44a/screenshot - {}
RESULT: {}
COMMAND: POST /session/10905aa29ded037ab27490674a12b44a/execute/async - {"script":"<script> [1562 bytes]","args":[{"selector":{"id":"application-managepartners-display-component---NewPartner--intercompVendorComboBox-application-managepartners-display-component---NewPartner--assignmentsTable-0-vhi"},"wdio_ui5_key":"applicationmanagepartners-display-component---NewPartner--intercompVendorComboBox-application-managepartners-display-component---NewPartner--assignmentsTable-0-vhi"}]}
RESULT: {"script":"<script> [1562 bytes]","args":[{"selector":{"id":"application-managepartners-display-component---NewPartner--intercompVendorComboBox-application-managepartners-display-component---NewPartner--assignmentsTable-0-vhi"},"wdio_ui5_key":"applicationmanagepartners-display-component---NewPartner--intercompVendorComboBox-application-managepartners-display-component---NewPartner--assignmentsTable-0-vhi"}]}
RESULT: undefined
COMMAND: POST /session/10905aa29ded037ab27490674a12b44a/element - {"using":"xpath","value":"//*[@id=\"application-managepartners-display-component---NewPartner--intercompVendorComboBox-application-managepartners-display-component---NewPartner--assignmentsTable-0-vhi\"]"}
RESULT: {"using":"xpath","value":"//*[@id=\"application-managepartners-display-component---NewPartner--intercompVendorComboBox-application-managepartners-display-component---NewPartner--assignmentsTable-0-vhi\"]"}
COMMAND: POST /session/10905aa29ded037ab27490674a12b44a/element/f.0F422B68595C6480DC5AFCDC2C3D17C2.d.DF7EC528C188C9DB8EC46FAC3E414FD3.e.5177/click - {}
RESULT: {}
RESULT: undefined
COMMAND: POST /session/10905aa29ded037ab27490674a12b44a/execute/async - {"script":"<script> [776 bytes]","args":[{"enterText":"100005","selector":{"controlType":"sap.m.SearchField","properties":{"placeholder":"Search"},"searchOpenDialogs":true,"interaction":{"idSuffix":"I"}},"clearTextFirst":true,"interactionType":"ENTER_TEXT"}]}
COMMAND: GET /session/10905aa29ded037ab27490674a12b44a/screenshot - {}
RESULT: {"script":"<script> [776 bytes]","args":[{"enterText":"100005","selector":{"controlType":"sap.m.SearchField","properties":{"placeholder":"Search"},"searchOpenDialogs":true,"interaction":{"idSuffix":"I"}},"clearTextFirst":true,"interactionType":"ENTER_TEXT"}]}
COMMAND: POST /session/10905aa29ded037ab27490674a12b44a/actions - {"actions":[{"id":"action15","type":"key","parameters":{},"actions":[{"type":"keyDown","value":"î€‡"},{"type":"pause","duration":10},{"type":"keyUp","value":"î€‡"}]}]}
RESULT: {}
RESULT: {"actions":[{"id":"action15","type":"key","parameters":{},"actions":[{"type":"keyDown","value":"î€‡"},{"type":"pause","duration":10},{"type":"keyUp","value":"î€‡"}]}]}
COMMAND: GET /session/10905aa29ded037ab27490674a12b44a/screenshot - {}
RESULT: {}
COMMAND: POST /session/10905aa29ded037ab27490674a12b44a/element - {"using":"xpath","value":"//span[contains(text(), \"Penguins - Field/12345 Berlin\")]"}
RESULT: {"using":"xpath","value":"//span[contains(text(), \"Penguins - Field/12345 Berlin\")]"}
COMMAND: POST /session/10905aa29ded037ab27490674a12b44a/element/f.0F422B68595C6480DC5AFCDC2C3D17C2.d.DF7EC528C188C9DB8EC46FAC3E414FD3.e.5195/click - {}
RESULT: {}
COMMAND: GET /session/10905aa29ded037ab27490674a12b44a/screenshot - {}
RESULT: {}
COMMAND: POST /session/10905aa29ded037ab27490674a12b44a/element - {"using":"xpath","value":"//bdi[contains(text(), \"OK\")]"}
RESULT: {"using":"xpath","value":"//bdi[contains(text(), \"OK\")]"}
COMMAND: POST /session/10905aa29ded037ab27490674a12b44a/element/f.0F422B68595C6480DC5AFCDC2C3D17C2.d.DF7EC528C188C9DB8EC46FAC3E414FD3.e.5196/click - {}
RESULT: {}
COMMAND: GET /session/10905aa29ded037ab27490674a12b44a/screenshot - {}
RESULT: {}
COMMAND: POST /session/10905aa29ded037ab27490674a12b44a/element - {"using":"xpath","value":"//button[@data-kt=\"saveButton\"]"}
RESULT: {"using":"xpath","value":"//button[@data-kt=\"saveButton\"]"}
COMMAND: POST /session/10905aa29ded037ab27490674a12b44a/element/f.0F422B68595C6480DC5AFCDC2C3D17C2.d.DF7EC528C188C9DB8EC46FAC3E414FD3.e.5002/click - {}
RESULT: {}
COMMAND: GET /session/10905aa29ded037ab27490674a12b44a/screenshot - {}
RESULT: {}
COMMAND: POST /session/10905aa29ded037ab27490674a12b44a/element - {"using":"xpath","value":"//header[contains(@id, 'ObjectPageLayout-headerTitle')]/div[1]/div[2]/div[2]/span[1]"}
RESULT: {"using":"xpath","value":"//header[contains(@id, 'ObjectPageLayout-headerTitle')]/div[1]/div[2]/div[2]/span[1]"}
COMMAND: POST /session/10905aa29ded037ab27490674a12b44a/elements - {"using":"xpath","value":"//header[contains(@id, 'ObjectPageLayout-headerTitle')]/div[1]/div[2]/div[2]/span[1]"}
RESULT: {"using":"xpath","value":"//header[contains(@id, 'ObjectPageLayout-headerTitle')]/div[1]/div[2]/div[2]/span[1]"}
COMMAND: POST /session/10905aa29ded037ab27490674a12b44a/execute/sync - {"script":"<script> [56 bytes]","args":[{"element-6066-11e4-a52e-4f735466cecf":"f.0F422B68595C6480DC5AFCDC2C3D17C2.d.DF7EC528C188C9DB8EC46FAC3E414FD3.e.5363","ELEMENT":"f.0F422B68595C6480DC5AFCDC2C3D17C2.d.DF7EC528C188C9DB8EC46FAC3E414FD3.e.5363"}]}
RESULT: {"script":"<script> [56 bytes]","args":[{"element-6066-11e4-a52e-4f735466cecf":"f.0F422B68595C6480DC5AFCDC2C3D17C2.d.DF7EC528C188C9DB8EC46FAC3E414FD3.e.5363","ELEMENT":"f.0F422B68595C6480DC5AFCDC2C3D17C2.d.DF7EC528C188C9DB8EC46FAC3E414FD3.e.5363"}]}
COMMAND: POST /session/10905aa29ded037ab27490674a12b44a/element - {"using":"css selector","value":"#shell-header-logo"}
COMMAND: GET /session/10905aa29ded037ab27490674a12b44a/screenshot - {}
RESULT: {"using":"css selector","value":"#shell-header-logo"}
COMMAND: POST /session/10905aa29ded037ab27490674a12b44a/element/f.0F422B68595C6480DC5AFCDC2C3D17C2.d.DF7EC528C188C9DB8EC46FAC3E414FD3.e.4574/click - {}
RESULT: {}
RESULT: {}
COMMAND: GET /session/10905aa29ded037ab27490674a12b44a/screenshot - {}
RESULT: {}
COMMAND: POST /session/10905aa29ded037ab27490674a12b44a/execute/sync - {"script":"<script> [299 bytes]","args":[["getModel","getResource"]]}
RESULT: {"script":"<script> [299 bytes]","args":[["getModel","getResource"]]}
RESULT: undefined
COMMAND: POST /session/10905aa29ded037ab27490674a12b44a/element - {"using":"xpath","value":"//*[@id=\"__tile30\"]"}
COMMAND: GET /session/10905aa29ded037ab27490674a12b44a/screenshot - {}
RESULT: {"using":"xpath","value":"//*[@id=\"__tile30\"]"}
COMMAND: POST /session/10905aa29ded037ab27490674a12b44a/element/f.0F422B68595C6480DC5AFCDC2C3D17C2.d.DF7EC528C188C9DB8EC46FAC3E414FD3.e.4495/click - {}
RESULT: {}
RESULT: {}
COMMAND: POST /session/10905aa29ded037ab27490674a12b44a/element - {"using":"xpath","value":"//button[@data-kt=\"addButton\"]"}
COMMAND: GET /session/10905aa29ded037ab27490674a12b44a/screenshot - {}
RESULT: {"using":"xpath","value":"//button[@data-kt=\"addButton\"]"}
COMMAND: POST /session/10905aa29ded037ab27490674a12b44a/elements - {"using":"xpath","value":"//button[@data-kt=\"addButton\"]"}
RESULT: {}
RESULT: {"using":"xpath","value":"//button[@data-kt=\"addButton\"]"}
COMMAND: POST /session/10905aa29ded037ab27490674a12b44a/element - {"using":"xpath","value":"//button[@data-kt=\"addButton\"]"}
RESULT: {"using":"xpath","value":"//button[@data-kt=\"addButton\"]"}
COMMAND: POST /session/10905aa29ded037ab27490674a12b44a/execute/sync - {"script":"<script> [8489 bytes]","args":[{"element-6066-11e4-a52e-4f735466cecf":"f.0F422B68595C6480DC5AFCDC2C3D17C2.d.DF7EC528C188C9DB8EC46FAC3E414FD3.e.5401","ELEMENT":"f.0F422B68595C6480DC5AFCDC2C3D17C2.d.DF7EC528C188C9DB8EC46FAC3E414FD3.e.5401"}]}
RESULT: {"script":"<script> [8489 bytes]","args":[{"element-6066-11e4-a52e-4f735466cecf":"f.0F422B68595C6480DC5AFCDC2C3D17C2.d.DF7EC528C188C9DB8EC46FAC3E414FD3.e.5401","ELEMENT":"f.0F422B68595C6480DC5AFCDC2C3D17C2.d.DF7EC528C188C9DB8EC46FAC3E414FD3.e.5401"}]}
COMMAND: GET /session/10905aa29ded037ab27490674a12b44a/element/f.0F422B68595C6480DC5AFCDC2C3D17C2.d.DF7EC528C188C9DB8EC46FAC3E414FD3.e.5401/enabled - {}
COMMAND: GET /session/10905aa29ded037ab27490674a12b44a/screenshot - {}
RESULT: {}
COMMAND: POST /session/10905aa29ded037ab27490674a12b44a/execute/sync - {"script":"<script> [8489 bytes]","args":[{"element-6066-11e4-a52e-4f735466cecf":"f.0F422B68595C6480DC5AFCDC2C3D17C2.d.DF7EC528C188C9DB8EC46FAC3E414FD3.e.5401","ELEMENT":"f.0F422B68595C6480DC5AFCDC2C3D17C2.d.DF7EC528C188C9DB8EC46FAC3E414FD3.e.5401"}]}
COMMAND: GET /session/10905aa29ded037ab27490674a12b44a/screenshot - {}
RESULT: {}
RESULT: {"script":"<script> [8489 bytes]","args":[{"element-6066-11e4-a52e-4f735466cecf":"f.0F422B68595C6480DC5AFCDC2C3D17C2.d.DF7EC528C188C9DB8EC46FAC3E414FD3.e.5401","ELEMENT":"f.0F422B68595C6480DC5AFCDC2C3D17C2.d.DF7EC528C188C9DB8EC46FAC3E414FD3.e.5401"}]}
COMMAND: POST /session/10905aa29ded037ab27490674a12b44a/execute/sync - {"script":"<script> [5351 bytes]","args":[{"element-6066-11e4-a52e-4f735466cecf":"f.0F422B68595C6480DC5AFCDC2C3D17C2.d.DF7EC528C188C9DB8EC46FAC3E414FD3.e.5401","ELEMENT":"f.0F422B68595C6480DC5AFCDC2C3D17C2.d.DF7EC528C188C9DB8EC46FAC3E414FD3.e.5401"}]}
COMMAND: GET /session/10905aa29ded037ab27490674a12b44a/screenshot - {}
RESULT: {}
RESULT: {"script":"<script> [5351 bytes]","args":[{"element-6066-11e4-a52e-4f735466cecf":"f.0F422B68595C6480DC5AFCDC2C3D17C2.d.DF7EC528C188C9DB8EC46FAC3E414FD3.e.5401","ELEMENT":"f.0F422B68595C6480DC5AFCDC2C3D17C2.d.DF7EC528C188C9DB8EC46FAC3E414FD3.e.5401"}]}
COMMAND: GET /session/10905aa29ded037ab27490674a12b44a/screenshot - {}
RESULT: {}
RESULT: {}
COMMAND: POST /session/10905aa29ded037ab27490674a12b44a/execute/async - {"script":"<script> [1562 bytes]","args":[{"selector":{"id":"application-managepartners-display-component---masterPtm--smartFilterBar-btnBasicSearch","interaction":{"idSuffix":"I"}},"wdio_ui5_key":"applicationmanagepartners-display-component---masterPtm--smartFilterBar-btnBasicSearch"}]}
RESULT: {"script":"<script> [1562 bytes]","args":[{"selector":{"id":"application-managepartners-display-component---masterPtm--smartFilterBar-btnBasicSearch","interaction":{"idSuffix":"I"}},"wdio_ui5_key":"applicationmanagepartners-display-component---masterPtm--smartFilterBar-btnBasicSearch"}]}
RESULT: undefined
COMMAND: POST /session/10905aa29ded037ab27490674a12b44a/execute/async - {"script":"<script> [776 bytes]","args":[{"enterText":"1285","selector":{"id":"application-managepartners-display-component---masterPtm--smartFilterBar-btnBasicSearch","interaction":{"idSuffix":"I"}},"clearTextFirst":true,"interactionType":"ENTER_TEXT"}]}
RESULT: {"script":"<script> [776 bytes]","args":[{"enterText":"1285","selector":{"id":"application-managepartners-display-component---masterPtm--smartFilterBar-btnBasicSearch","interaction":{"idSuffix":"I"}},"clearTextFirst":true,"interactionType":"ENTER_TEXT"}]}
COMMAND: POST /session/10905aa29ded037ab27490674a12b44a/actions - {"actions":[{"id":"action16","type":"key","parameters":{},"actions":[{"type":"keyDown","value":"î€‡"},{"type":"pause","duration":10},{"type":"keyUp","value":"î€‡"}]}]}
RESULT: {"actions":[{"id":"action16","type":"key","parameters":{},"actions":[{"type":"keyDown","value":"î€‡"},{"type":"pause","duration":10},{"type":"keyUp","value":"î€‡"}]}]}
COMMAND: GET /session/10905aa29ded037ab27490674a12b44a/screenshot - {}
RESULT: {}
COMMAND: POST /session/10905aa29ded037ab27490674a12b44a/elements - {"using":"xpath","value":"//table[contains(@id, \"customPartnersTable-listUl\")]/tbody/tr"}
RESULT: {"using":"xpath","value":"//table[contains(@id, \"customPartnersTable-listUl\")]/tbody/tr"}
COMMAND: POST /session/10905aa29ded037ab27490674a12b44a/element - {"using":"xpath","value":"//table[contains(@id, \"customPartnersTable-listUl\")]/tbody/tr[1]/td[3]/span"}
RESULT: {"using":"xpath","value":"//table[contains(@id, \"customPartnersTable-listUl\")]/tbody/tr[1]/td[3]/span"}
COMMAND: POST /session/10905aa29ded037ab27490674a12b44a/elements - {"using":"xpath","value":"//table[contains(@id, \"customPartnersTable-listUl\")]/tbody/tr[1]/td[3]/span"}
RESULT: {"using":"xpath","value":"//table[contains(@id, \"customPartnersTable-listUl\")]/tbody/tr[1]/td[3]/span"}
COMMAND: POST /session/10905aa29ded037ab27490674a12b44a/execute/sync - {"script":"<script> [56 bytes]","args":[{"element-6066-11e4-a52e-4f735466cecf":"f.0F422B68595C6480DC5AFCDC2C3D17C2.d.DF7EC528C188C9DB8EC46FAC3E414FD3.e.5549","ELEMENT":"f.0F422B68595C6480DC5AFCDC2C3D17C2.d.DF7EC528C188C9DB8EC46FAC3E414FD3.e.5549"}]}
RESULT: {"script":"<script> [56 bytes]","args":[{"element-6066-11e4-a52e-4f735466cecf":"f.0F422B68595C6480DC5AFCDC2C3D17C2.d.DF7EC528C188C9DB8EC46FAC3E414FD3.e.5549","ELEMENT":"f.0F422B68595C6480DC5AFCDC2C3D17C2.d.DF7EC528C188C9DB8EC46FAC3E414FD3.e.5549"}]}
COMMAND: POST /session/10905aa29ded037ab27490674a12b44a/element - {"using":"xpath","value":"(//span[contains(@id, \"imgNav\")])[1]"}
COMMAND: GET /session/10905aa29ded037ab27490674a12b44a/screenshot - {}
RESULT: {"using":"xpath","value":"(//span[contains(@id, \"imgNav\")])[1]"}
COMMAND: POST /session/10905aa29ded037ab27490674a12b44a/element/f.0F422B68595C6480DC5AFCDC2C3D17C2.d.DF7EC528C188C9DB8EC46FAC3E414FD3.e.5547/click - {}
RESULT: {}
RESULT: {}
COMMAND: GET /session/10905aa29ded037ab27490674a12b44a/screenshot - {}
RESULT: {}
COMMAND: POST /session/10905aa29ded037ab27490674a12b44a/element - {"using":"xpath","value":"//bdi[contains(text(), \"Edit\")]"}
RESULT: {"using":"xpath","value":"//bdi[contains(text(), \"Edit\")]"}
COMMAND: POST /session/10905aa29ded037ab27490674a12b44a/element/f.0F422B68595C6480DC5AFCDC2C3D17C2.d.DF7EC528C188C9DB8EC46FAC3E414FD3.e.5694/click - {}
RESULT: {}
COMMAND: GET /session/10905aa29ded037ab27490674a12b44a/screenshot - {}
RESULT: {}
COMMAND: POST /session/10905aa29ded037ab27490674a12b44a/execute/async - {"script":"<script> [1562 bytes]","args":[{"selector":{"controlType":"sap.m.Input","viewName":"etm.portal.ui.managepartners.view.EditDetail","labelFor":{"text":"Name"},"interaction":{"idSuffix":"inner"}},"wdio_ui5_key":"etmportal.ui.managepartners.view.EditDetailsap.m.Input{\"text\":\"Name\"}"}]}
RESULT: {"script":"<script> [1562 bytes]","args":[{"selector":{"controlType":"sap.m.Input","viewName":"etm.portal.ui.managepartners.view.EditDetail","labelFor":{"text":"Name"},"interaction":{"idSuffix":"inner"}},"wdio_ui5_key":"etmportal.ui.managepartners.view.EditDetailsap.m.Input{\"text\":\"Name\"}"}]}
RESULT: undefined
COMMAND: POST /session/10905aa29ded037ab27490674a12b44a/execute/async - {"script":"<script> [776 bytes]","args":[{"enterText":"Intracompany EDIT","selector":{"controlType":"sap.m.Input","viewName":"etm.portal.ui.managepartners.view.EditDetail","labelFor":{"text":"Name"},"interaction":{"idSuffix":"inner"}},"clearTextFirst":true,"interactionType":"ENTER_TEXT"}]}
RESULT: {"script":"<script> [776 bytes]","args":[{"enterText":"Intracompany EDIT","selector":{"controlType":"sap.m.Input","viewName":"etm.portal.ui.managepartners.view.EditDetail","labelFor":{"text":"Name"},"interaction":{"idSuffix":"inner"}},"clearTextFirst":true,"interactionType":"ENTER_TEXT"}]}
COMMAND: POST /session/10905aa29ded037ab27490674a12b44a/element - {"using":"xpath","value":"(//span[contains(@id,\"addressDetailDetailsLanguage-arrow\")])[1]"}
RESULT: {"using":"xpath","value":"(//span[contains(@id,\"addressDetailDetailsLanguage-arrow\")])[1]"}
COMMAND: POST /session/10905aa29ded037ab27490674a12b44a/element/f.0F422B68595C6480DC5AFCDC2C3D17C2.d.DF7EC528C188C9DB8EC46FAC3E414FD3.e.5779/click - {}
RESULT: {}
COMMAND: POST /session/10905aa29ded037ab27490674a12b44a/element - {"using":"xpath","value":"//span[contains(text(), \"Chinese\")]"}
COMMAND: GET /session/10905aa29ded037ab27490674a12b44a/screenshot - {}
RESULT: {"using":"xpath","value":"//span[contains(text(), \"Chinese\")]"}
COMMAND: POST /session/10905aa29ded037ab27490674a12b44a/element/f.0F422B68595C6480DC5AFCDC2C3D17C2.d.DF7EC528C188C9DB8EC46FAC3E414FD3.e.5780/click - {}
RESULT: {}
RESULT: {}
COMMAND: GET /session/10905aa29ded037ab27490674a12b44a/screenshot - {}
RESULT: {}
COMMAND: POST /session/10905aa29ded037ab27490674a12b44a/execute/async - {"script":"<script> [1562 bytes]","args":[{"selector":{"controlType":"sap.m.Input","viewName":"etm.portal.ui.managepartners.view.EditDetail","labelFor":{"text":"City"},"interaction":{"idSuffix":"inner"}},"wdio_ui5_key":"etmportal.ui.managepartners.view.EditDetailsap.m.Input{\"text\":\"City\"}"}]}
RESULT: {"script":"<script> [1562 bytes]","args":[{"selector":{"controlType":"sap.m.Input","viewName":"etm.portal.ui.managepartners.view.EditDetail","labelFor":{"text":"City"},"interaction":{"idSuffix":"inner"}},"wdio_ui5_key":"etmportal.ui.managepartners.view.EditDetailsap.m.Input{\"text\":\"City\"}"}]}
RESULT: undefined
COMMAND: POST /session/10905aa29ded037ab27490674a12b44a/execute/async - {"script":"<script> [776 bytes]","args":[{"enterText":"Clooj-Napoca","selector":{"controlType":"sap.m.Input","viewName":"etm.portal.ui.managepartners.view.EditDetail","labelFor":{"text":"City"},"interaction":{"idSuffix":"inner"}},"clearTextFirst":true,"interactionType":"ENTER_TEXT"}]}
RESULT: {"script":"<script> [776 bytes]","args":[{"enterText":"Clooj-Napoca","selector":{"controlType":"sap.m.Input","viewName":"etm.portal.ui.managepartners.view.EditDetail","labelFor":{"text":"City"},"interaction":{"idSuffix":"inner"}},"clearTextFirst":true,"interactionType":"ENTER_TEXT"}]}
COMMAND: POST /session/10905aa29ded037ab27490674a12b44a/element - {"using":"xpath","value":"//button[@data-kt=\"saveButton\"]"}
RESULT: {"using":"xpath","value":"//button[@data-kt=\"saveButton\"]"}
COMMAND: POST /session/10905aa29ded037ab27490674a12b44a/element/f.0F422B68595C6480DC5AFCDC2C3D17C2.d.DF7EC528C188C9DB8EC46FAC3E414FD3.e.5757/click - {}
RESULT: {}
COMMAND: GET /session/10905aa29ded037ab27490674a12b44a/screenshot - {}
RESULT: {}
COMMAND: POST /session/10905aa29ded037ab27490674a12b44a/execute/async - {"script":"<script> [1562 bytes]","args":[{"selector":{"id":"application-managepartners-display-component---detailPtm--addressDetailDetailsName1"},"wdio_ui5_key":"applicationmanagepartners-display-component---detailPtm--addressDetailDetailsName1"}]}
RESULT: {"script":"<script> [1562 bytes]","args":[{"selector":{"id":"application-managepartners-display-component---detailPtm--addressDetailDetailsName1"},"wdio_ui5_key":"applicationmanagepartners-display-component---detailPtm--addressDetailDetailsName1"}]}
RESULT: undefined
COMMAND: POST /session/10905aa29ded037ab27490674a12b44a/execute/async - {"script":"<script> [6424 bytes]","args":[{"element-6066-11e4-a52e-4f735466cecf":"f.0F422B68595C6480DC5AFCDC2C3D17C2.d.DF7EC528C188C9DB8EC46FAC3E414FD3.e.5811"},"getValue",[]]}
RESULT: {"script":"<script> [6424 bytes]","args":[{"element-6066-11e4-a52e-4f735466cecf":"f.0F422B68595C6480DC5AFCDC2C3D17C2.d.DF7EC528C188C9DB8EC46FAC3E414FD3.e.5811"},"getValue",[]]}
COMMAND: POST /session/10905aa29ded037ab27490674a12b44a/element - {"using":"xpath","value":"//input[@id = \"application-managepartners-display-component---detailPtm--addressDetailDetailsLanguage-inner\"]"}
RESULT: {"using":"xpath","value":"//input[@id = \"application-managepartners-display-component---detailPtm--addressDetailDetailsLanguage-inner\"]"}
COMMAND: GET /session/10905aa29ded037ab27490674a12b44a/element/f.0F422B68595C6480DC5AFCDC2C3D17C2.d.DF7EC528C188C9DB8EC46FAC3E414FD3.e.5812/property/value - {}
RESULT: {}
COMMAND: POST /session/10905aa29ded037ab27490674a12b44a/execute/async - {"script":"<script> [1562 bytes]","args":[{"selector":{"id":"application-managepartners-display-component---detailPtm--addressDetailDetailsCity1"},"wdio_ui5_key":"applicationmanagepartners-display-component---detailPtm--addressDetailDetailsCity1"}]}
COMMAND: GET /session/10905aa29ded037ab27490674a12b44a/screenshot - {}
RESULT: {"script":"<script> [1562 bytes]","args":[{"selector":{"id":"application-managepartners-display-component---detailPtm--addressDetailDetailsCity1"},"wdio_ui5_key":"applicationmanagepartners-display-component---detailPtm--addressDetailDetailsCity1"}]}
RESULT: undefined
COMMAND: POST /session/10905aa29ded037ab27490674a12b44a/execute/async - {"script":"<script> [6424 bytes]","args":[{"element-6066-11e4-a52e-4f735466cecf":"f.0F422B68595C6480DC5AFCDC2C3D17C2.d.DF7EC528C188C9DB8EC46FAC3E414FD3.e.5813"},"getValue",[]]}
RESULT: {}
RESULT: {"script":"<script> [6424 bytes]","args":[{"element-6066-11e4-a52e-4f735466cecf":"f.0F422B68595C6480DC5AFCDC2C3D17C2.d.DF7EC528C188C9DB8EC46FAC3E414FD3.e.5813"},"getValue",[]]}
COMMAND: POST /session/10905aa29ded037ab27490674a12b44a/element - {"using":"css selector","value":"#shell-header-logo"}
RESULT: {"using":"css selector","value":"#shell-header-logo"}
COMMAND: POST /session/10905aa29ded037ab27490674a12b44a/element/f.0F422B68595C6480DC5AFCDC2C3D17C2.d.DF7EC528C188C9DB8EC46FAC3E414FD3.e.5368/click - {}
RESULT: {}
COMMAND: GET /session/10905aa29ded037ab27490674a12b44a/screenshot - {}
RESULT: {}
]]></system-out>
    </testcase>
    <testcase classname="chrome.135_0_7049_96.windows.Partner_specific_tests_US150819_US151080_US151654_US151176_US103444_US151078_US151079_US151109_US151174_US151175_US151189" name="Should do filtering and navigation tests US151109" time="143.957">
      <system-out><![CDATA[
COMMAND: POST /session/10905aa29ded037ab27490674a12b44a/element - {"using":"xpath","value":"//li[.//span[text()=\"Manage Partners\"]]"}
RESULT: {"using":"xpath","value":"//li[.//span[text()=\"Manage Partners\"]]"}
COMMAND: POST /session/10905aa29ded037ab27490674a12b44a/element - {"using":"xpath","value":"//li[.//span[text()=\"Manage Partners\"]]"}
RESULT: {"using":"xpath","value":"//li[.//span[text()=\"Manage Partners\"]]"}
COMMAND: POST /session/10905aa29ded037ab27490674a12b44a/element - {"using":"css selector","value":"#shell-header-logo"}
RESULT: {"using":"css selector","value":"#shell-header-logo"}
COMMAND: POST /session/10905aa29ded037ab27490674a12b44a/element/f.0F422B68595C6480DC5AFCDC2C3D17C2.d.DF7EC528C188C9DB8EC46FAC3E414FD3.e.5843/click - {}
COMMAND: POST /session/10905aa29ded037ab27490674a12b44a/execute/sync - {"script":"<script> [8489 bytes]","args":[{"element-6066-11e4-a52e-4f735466cecf":"f.0F422B68595C6480DC5AFCDC2C3D17C2.d.DF7EC528C188C9DB8EC46FAC3E414FD3.e.5843","ELEMENT":"f.0F422B68595C6480DC5AFCDC2C3D17C2.d.DF7EC528C188C9DB8EC46FAC3E414FD3.e.5843"}]}
RESULT: {}
COMMAND: GET /session/10905aa29ded037ab27490674a12b44a/screenshot - {}
RESULT: {"script":"<script> [8489 bytes]","args":[{"element-6066-11e4-a52e-4f735466cecf":"f.0F422B68595C6480DC5AFCDC2C3D17C2.d.DF7EC528C188C9DB8EC46FAC3E414FD3.e.5843","ELEMENT":"f.0F422B68595C6480DC5AFCDC2C3D17C2.d.DF7EC528C188C9DB8EC46FAC3E414FD3.e.5843"}]}
COMMAND: POST /session/10905aa29ded037ab27490674a12b44a/execute/sync - {"script":"<script> [5351 bytes]","args":[{"element-6066-11e4-a52e-4f735466cecf":"f.0F422B68595C6480DC5AFCDC2C3D17C2.d.DF7EC528C188C9DB8EC46FAC3E414FD3.e.5843","ELEMENT":"f.0F422B68595C6480DC5AFCDC2C3D17C2.d.DF7EC528C188C9DB8EC46FAC3E414FD3.e.5843"}]}
COMMAND: GET /session/10905aa29ded037ab27490674a12b44a/screenshot - {}
RESULT: {}
RESULT: {"script":"<script> [5351 bytes]","args":[{"element-6066-11e4-a52e-4f735466cecf":"f.0F422B68595C6480DC5AFCDC2C3D17C2.d.DF7EC528C188C9DB8EC46FAC3E414FD3.e.5843","ELEMENT":"f.0F422B68595C6480DC5AFCDC2C3D17C2.d.DF7EC528C188C9DB8EC46FAC3E414FD3.e.5843"}]}
COMMAND: GET /session/10905aa29ded037ab27490674a12b44a/screenshot - {}
RESULT: {}
RESULT: {}
RESULT: undefined
COMMAND: POST /session/10905aa29ded037ab27490674a12b44a/element - {"using":"xpath","value":"//*[@id=\"__tile30\"]"}
RESULT: {"using":"xpath","value":"//*[@id=\"__tile30\"]"}
COMMAND: POST /session/10905aa29ded037ab27490674a12b44a/element/f.0F422B68595C6480DC5AFCDC2C3D17C2.d.DF7EC528C188C9DB8EC46FAC3E414FD3.e.4495/click - {}
RESULT: {}
COMMAND: POST /session/10905aa29ded037ab27490674a12b44a/element - {"using":"xpath","value":"//button[@data-kt=\"addButton\"]"}
COMMAND: GET /session/10905aa29ded037ab27490674a12b44a/screenshot - {}
RESULT: {"using":"xpath","value":"//button[@data-kt=\"addButton\"]"}
COMMAND: POST /session/10905aa29ded037ab27490674a12b44a/elements - {"using":"xpath","value":"//button[@data-kt=\"addButton\"]"}
RESULT: {}
RESULT: {"using":"xpath","value":"//button[@data-kt=\"addButton\"]"}
COMMAND: POST /session/10905aa29ded037ab27490674a12b44a/elements - {"using":"xpath","value":"//button[@data-kt=\"addButton\"]"}
RESULT: {"using":"xpath","value":"//button[@data-kt=\"addButton\"]"}
COMMAND: POST /session/10905aa29ded037ab27490674a12b44a/element - {"using":"xpath","value":"//button[@data-kt=\"addButton\"]"}
RESULT: {"using":"xpath","value":"//button[@data-kt=\"addButton\"]"}
COMMAND: POST /session/10905aa29ded037ab27490674a12b44a/execute/sync - {"script":"<script> [8489 bytes]","args":[{"element-6066-11e4-a52e-4f735466cecf":"f.0F422B68595C6480DC5AFCDC2C3D17C2.d.DF7EC528C188C9DB8EC46FAC3E414FD3.e.5888","ELEMENT":"f.0F422B68595C6480DC5AFCDC2C3D17C2.d.DF7EC528C188C9DB8EC46FAC3E414FD3.e.5888"}]}
RESULT: {"script":"<script> [8489 bytes]","args":[{"element-6066-11e4-a52e-4f735466cecf":"f.0F422B68595C6480DC5AFCDC2C3D17C2.d.DF7EC528C188C9DB8EC46FAC3E414FD3.e.5888","ELEMENT":"f.0F422B68595C6480DC5AFCDC2C3D17C2.d.DF7EC528C188C9DB8EC46FAC3E414FD3.e.5888"}]}
COMMAND: GET /session/10905aa29ded037ab27490674a12b44a/element/f.0F422B68595C6480DC5AFCDC2C3D17C2.d.DF7EC528C188C9DB8EC46FAC3E414FD3.e.5888/enabled - {}
COMMAND: GET /session/10905aa29ded037ab27490674a12b44a/screenshot - {}
RESULT: {}
COMMAND: POST /session/10905aa29ded037ab27490674a12b44a/execute/sync - {"script":"<script> [8489 bytes]","args":[{"element-6066-11e4-a52e-4f735466cecf":"f.0F422B68595C6480DC5AFCDC2C3D17C2.d.DF7EC528C188C9DB8EC46FAC3E414FD3.e.5888","ELEMENT":"f.0F422B68595C6480DC5AFCDC2C3D17C2.d.DF7EC528C188C9DB8EC46FAC3E414FD3.e.5888"}]}
COMMAND: GET /session/10905aa29ded037ab27490674a12b44a/screenshot - {}
RESULT: {}
RESULT: {"script":"<script> [8489 bytes]","args":[{"element-6066-11e4-a52e-4f735466cecf":"f.0F422B68595C6480DC5AFCDC2C3D17C2.d.DF7EC528C188C9DB8EC46FAC3E414FD3.e.5888","ELEMENT":"f.0F422B68595C6480DC5AFCDC2C3D17C2.d.DF7EC528C188C9DB8EC46FAC3E414FD3.e.5888"}]}
COMMAND: POST /session/10905aa29ded037ab27490674a12b44a/execute/sync - {"script":"<script> [5351 bytes]","args":[{"element-6066-11e4-a52e-4f735466cecf":"f.0F422B68595C6480DC5AFCDC2C3D17C2.d.DF7EC528C188C9DB8EC46FAC3E414FD3.e.5888","ELEMENT":"f.0F422B68595C6480DC5AFCDC2C3D17C2.d.DF7EC528C188C9DB8EC46FAC3E414FD3.e.5888"}]}
COMMAND: GET /session/10905aa29ded037ab27490674a12b44a/screenshot - {}
RESULT: {}
RESULT: {"script":"<script> [5351 bytes]","args":[{"element-6066-11e4-a52e-4f735466cecf":"f.0F422B68595C6480DC5AFCDC2C3D17C2.d.DF7EC528C188C9DB8EC46FAC3E414FD3.e.5888","ELEMENT":"f.0F422B68595C6480DC5AFCDC2C3D17C2.d.DF7EC528C188C9DB8EC46FAC3E414FD3.e.5888"}]}
COMMAND: GET /session/10905aa29ded037ab27490674a12b44a/screenshot - {}
RESULT: {}
RESULT: {}
COMMAND: POST /session/10905aa29ded037ab27490674a12b44a/element - {"using":"xpath","value":"//span[@id=\"application-managepartners-display-component---masterPtm--smartTable-header-inner\"]"}
RESULT: {"using":"xpath","value":"//span[@id=\"application-managepartners-display-component---masterPtm--smartTable-header-inner\"]"}
COMMAND: POST /session/10905aa29ded037ab27490674a12b44a/elements - {"using":"xpath","value":"//span[@id=\"application-managepartners-display-component---masterPtm--smartTable-header-inner\"]"}
RESULT: {"using":"xpath","value":"//span[@id=\"application-managepartners-display-component---masterPtm--smartTable-header-inner\"]"}
COMMAND: POST /session/10905aa29ded037ab27490674a12b44a/execute/sync - {"script":"<script> [56 bytes]","args":[{"element-6066-11e4-a52e-4f735466cecf":"f.0F422B68595C6480DC5AFCDC2C3D17C2.d.DF7EC528C188C9DB8EC46FAC3E414FD3.e.6014","ELEMENT":"f.0F422B68595C6480DC5AFCDC2C3D17C2.d.DF7EC528C188C9DB8EC46FAC3E414FD3.e.6014"}]}
RESULT: {"script":"<script> [56 bytes]","args":[{"element-6066-11e4-a52e-4f735466cecf":"f.0F422B68595C6480DC5AFCDC2C3D17C2.d.DF7EC528C188C9DB8EC46FAC3E414FD3.e.6014","ELEMENT":"f.0F422B68595C6480DC5AFCDC2C3D17C2.d.DF7EC528C188C9DB8EC46FAC3E414FD3.e.6014"}]}
RESULT: undefined
COMMAND: POST /session/10905aa29ded037ab27490674a12b44a/execute/async - {"script":"<script> [776 bytes]","args":[{"enterText":"External Partner WDIO","selector":{"id":"application-managepartners-display-component---masterPtm--smartFilterBar-btnBasicSearch","interaction":{"idSuffix":"I"}},"clearTextFirst":true,"interactionType":"ENTER_TEXT"}]}
COMMAND: GET /session/10905aa29ded037ab27490674a12b44a/screenshot - {}
RESULT: {"script":"<script> [776 bytes]","args":[{"enterText":"External Partner WDIO","selector":{"id":"application-managepartners-display-component---masterPtm--smartFilterBar-btnBasicSearch","interaction":{"idSuffix":"I"}},"clearTextFirst":true,"interactionType":"ENTER_TEXT"}]}
RESULT: {}
COMMAND: POST /session/10905aa29ded037ab27490674a12b44a/actions - {"actions":[{"id":"action17","type":"key","parameters":{},"actions":[{"type":"keyDown","value":"î€‡"},{"type":"pause","duration":10},{"type":"keyUp","value":"î€‡"}]}]}
RESULT: {"actions":[{"id":"action17","type":"key","parameters":{},"actions":[{"type":"keyDown","value":"î€‡"},{"type":"pause","duration":10},{"type":"keyUp","value":"î€‡"}]}]}
COMMAND: GET /session/10905aa29ded037ab27490674a12b44a/screenshot - {}
RESULT: {}
COMMAND: POST /session/10905aa29ded037ab27490674a12b44a/element - {"using":"xpath","value":"//span[@id=\"application-managepartners-display-component---masterPtm--smartTable-header-inner\"]"}
RESULT: {"using":"xpath","value":"//span[@id=\"application-managepartners-display-component---masterPtm--smartTable-header-inner\"]"}
COMMAND: POST /session/10905aa29ded037ab27490674a12b44a/elements - {"using":"xpath","value":"//span[@id=\"application-managepartners-display-component---masterPtm--smartTable-header-inner\"]"}
RESULT: {"using":"xpath","value":"//span[@id=\"application-managepartners-display-component---masterPtm--smartTable-header-inner\"]"}
COMMAND: POST /session/10905aa29ded037ab27490674a12b44a/execute/sync - {"script":"<script> [56 bytes]","args":[{"element-6066-11e4-a52e-4f735466cecf":"f.0F422B68595C6480DC5AFCDC2C3D17C2.d.DF7EC528C188C9DB8EC46FAC3E414FD3.e.6014","ELEMENT":"f.0F422B68595C6480DC5AFCDC2C3D17C2.d.DF7EC528C188C9DB8EC46FAC3E414FD3.e.6014"}]}
RESULT: {"script":"<script> [56 bytes]","args":[{"element-6066-11e4-a52e-4f735466cecf":"f.0F422B68595C6480DC5AFCDC2C3D17C2.d.DF7EC528C188C9DB8EC46FAC3E414FD3.e.6014","ELEMENT":"f.0F422B68595C6480DC5AFCDC2C3D17C2.d.DF7EC528C188C9DB8EC46FAC3E414FD3.e.6014"}]}
COMMAND: POST /session/10905aa29ded037ab27490674a12b44a/element - {"using":"xpath","value":"//div[contains(@id, \"managepartners-display-component---masterPtm--smartFilterBar-btnBasicSearch-reset\")]"}
COMMAND: GET /session/10905aa29ded037ab27490674a12b44a/screenshot - {}
RESULT: {"using":"xpath","value":"//div[contains(@id, \"managepartners-display-component---masterPtm--smartFilterBar-btnBasicSearch-reset\")]"}
COMMAND: POST /session/10905aa29ded037ab27490674a12b44a/element/f.0F422B68595C6480DC5AFCDC2C3D17C2.d.DF7EC528C188C9DB8EC46FAC3E414FD3.e.6072/click - {}
RESULT: {}
RESULT: {}
COMMAND: GET /session/10905aa29ded037ab27490674a12b44a/screenshot - {}
RESULT: {}
COMMAND: POST /session/10905aa29ded037ab27490674a12b44a/execute/async - {"script":"<script> [1562 bytes]","args":[{"selector":{"id":"application-managepartners-display-component---masterPtm--smartFilterBar-filterItemControl_BASIC-MAIN_ADDRESS-vhi"},"wdio_ui5_key":"applicationmanagepartners-display-component---masterPtm--smartFilterBar-filterItemControl_BASIC-MAIN_ADDRESS-vhi"}]}
RESULT: {"script":"<script> [1562 bytes]","args":[{"selector":{"id":"application-managepartners-display-component---masterPtm--smartFilterBar-filterItemControl_BASIC-MAIN_ADDRESS-vhi"},"wdio_ui5_key":"applicationmanagepartners-display-component---masterPtm--smartFilterBar-filterItemControl_BASIC-MAIN_ADDRESS-vhi"}]}
RESULT: undefined
COMMAND: POST /session/10905aa29ded037ab27490674a12b44a/element - {"using":"xpath","value":"//*[@id=\"application-managepartners-display-component---masterPtm--smartFilterBar-filterItemControl_BASIC-MAIN_ADDRESS-vhi\"]"}
RESULT: {"using":"xpath","value":"//*[@id=\"application-managepartners-display-component---masterPtm--smartFilterBar-filterItemControl_BASIC-MAIN_ADDRESS-vhi\"]"}
COMMAND: POST /session/10905aa29ded037ab27490674a12b44a/element/f.0F422B68595C6480DC5AFCDC2C3D17C2.d.DF7EC528C188C9DB8EC46FAC3E414FD3.e.6171/click - {}
RESULT: {}
COMMAND: GET /session/10905aa29ded037ab27490674a12b44a/screenshot - {}
RESULT: {}
COMMAND: POST /session/10905aa29ded037ab27490674a12b44a/execute/async - {"script":"<script> [1562 bytes]","args":[{"selector":{"id":"application-managepartners-display-component---masterPtm--smartFilterBar-filterItemControl_BASIC-MAIN_ADDRESS-valueHelpDialog-smartFilterBar-btnBasicSearch","searchOpenDialogs":true,"interaction":{"idSuffix":"I"}},"wdio_ui5_key":"applicationmanagepartners-display-component---masterPtm--smartFilterBar-filterItemControl_BASIC-MAIN_ADDRESS-valueHelpDialog-smartFilterBar-btnBasicSearch"}]}
RESULT: {"script":"<script> [1562 bytes]","args":[{"selector":{"id":"application-managepartners-display-component---masterPtm--smartFilterBar-filterItemControl_BASIC-MAIN_ADDRESS-valueHelpDialog-smartFilterBar-btnBasicSearch","searchOpenDialogs":true,"interaction":{"idSuffix":"I"}},"wdio_ui5_key":"applicationmanagepartners-display-component---masterPtm--smartFilterBar-filterItemControl_BASIC-MAIN_ADDRESS-valueHelpDialog-smartFilterBar-btnBasicSearch"}]}
RESULT: undefined
COMMAND: POST /session/10905aa29ded037ab27490674a12b44a/execute/async - {"script":"<script> [776 bytes]","args":[{"enterText":"Romania","selector":{"id":"application-managepartners-display-component---masterPtm--smartFilterBar-filterItemControl_BASIC-MAIN_ADDRESS-valueHelpDialog-smartFilterBar-btnBasicSearch","searchOpenDialogs":true,"interaction":{"idSuffix":"I"}},"clearTextFirst":true,"interactionType":"ENTER_TEXT"}]}
RESULT: {"script":"<script> [776 bytes]","args":[{"enterText":"Romania","selector":{"id":"application-managepartners-display-component---masterPtm--smartFilterBar-filterItemControl_BASIC-MAIN_ADDRESS-valueHelpDialog-smartFilterBar-btnBasicSearch","searchOpenDialogs":true,"interaction":{"idSuffix":"I"}},"clearTextFirst":true,"interactionType":"ENTER_TEXT"}]}
COMMAND: POST /session/10905aa29ded037ab27490674a12b44a/actions - {"actions":[{"id":"action18","type":"key","parameters":{},"actions":[{"type":"keyDown","value":"î€‡"},{"type":"pause","duration":10},{"type":"keyUp","value":"î€‡"}]}]}
RESULT: {"actions":[{"id":"action18","type":"key","parameters":{},"actions":[{"type":"keyDown","value":"î€‡"},{"type":"pause","duration":10},{"type":"keyUp","value":"î€‡"}]}]}
COMMAND: POST /session/10905aa29ded037ab27490674a12b44a/elements - {"using":"xpath","value":"//table[contains(@id, \"smartFilterBar-filterItemControl_BASIC-MAIN_ADDRESS-valueHelpDialog-table-table\")]/tbody/tr"}
COMMAND: GET /session/10905aa29ded037ab27490674a12b44a/screenshot - {}
RESULT: {"using":"xpath","value":"//table[contains(@id, \"smartFilterBar-filterItemControl_BASIC-MAIN_ADDRESS-valueHelpDialog-table-table\")]/tbody/tr"}
COMMAND: POST /session/10905aa29ded037ab27490674a12b44a/element - {"using":"xpath","value":"//table[contains(@id, \"smartFilterBar-filterItemControl_BASIC-MAIN_ADDRESS-valueHelpDialog-table-table\")]/tbody/tr[1]/td[1]/div/span"}
RESULT: {}
RESULT: {"using":"xpath","value":"//table[contains(@id, \"smartFilterBar-filterItemControl_BASIC-MAIN_ADDRESS-valueHelpDialog-table-table\")]/tbody/tr[1]/td[1]/div/span"}
COMMAND: POST /session/10905aa29ded037ab27490674a12b44a/elements - {"using":"xpath","value":"//table[contains(@id, \"smartFilterBar-filterItemControl_BASIC-MAIN_ADDRESS-valueHelpDialog-table-table\")]/tbody/tr[1]/td[1]/div/span"}
RESULT: {"using":"xpath","value":"//table[contains(@id, \"smartFilterBar-filterItemControl_BASIC-MAIN_ADDRESS-valueHelpDialog-table-table\")]/tbody/tr[1]/td[1]/div/span"}
COMMAND: POST /session/10905aa29ded037ab27490674a12b44a/execute/sync - {"script":"<script> [56 bytes]","args":[{"element-6066-11e4-a52e-4f735466cecf":"f.0F422B68595C6480DC5AFCDC2C3D17C2.d.DF7EC528C188C9DB8EC46FAC3E414FD3.e.6191","ELEMENT":"f.0F422B68595C6480DC5AFCDC2C3D17C2.d.DF7EC528C188C9DB8EC46FAC3E414FD3.e.6191"}]}
RESULT: {"script":"<script> [56 bytes]","args":[{"element-6066-11e4-a52e-4f735466cecf":"f.0F422B68595C6480DC5AFCDC2C3D17C2.d.DF7EC528C188C9DB8EC46FAC3E414FD3.e.6191","ELEMENT":"f.0F422B68595C6480DC5AFCDC2C3D17C2.d.DF7EC528C188C9DB8EC46FAC3E414FD3.e.6191"}]}
COMMAND: POST /session/10905aa29ded037ab27490674a12b44a/element - {"using":"xpath","value":"//div[contains(@id, \"filterItemControl_BASIC-MAIN_ADDRESS-valueHelpDialog-table-rowsel0\")]"}
COMMAND: GET /session/10905aa29ded037ab27490674a12b44a/screenshot - {}
RESULT: {"using":"xpath","value":"//div[contains(@id, \"filterItemControl_BASIC-MAIN_ADDRESS-valueHelpDialog-table-rowsel0\")]"}
COMMAND: POST /session/10905aa29ded037ab27490674a12b44a/element/f.0F422B68595C6480DC5AFCDC2C3D17C2.d.DF7EC528C188C9DB8EC46FAC3E414FD3.e.6192/click - {}
RESULT: {}
RESULT: {}
COMMAND: GET /session/10905aa29ded037ab27490674a12b44a/screenshot - {}
RESULT: {}
COMMAND: POST /session/10905aa29ded037ab27490674a12b44a/element - {"using":"xpath","value":"(//bdi[contains(text(), \"OK\")])[1]"}
RESULT: {"using":"xpath","value":"(//bdi[contains(text(), \"OK\")])[1]"}
COMMAND: POST /session/10905aa29ded037ab27490674a12b44a/element/f.0F422B68595C6480DC5AFCDC2C3D17C2.d.DF7EC528C188C9DB8EC46FAC3E414FD3.e.6194/click - {}
RESULT: {}
COMMAND: GET /session/10905aa29ded037ab27490674a12b44a/screenshot - {}
RESULT: {}
COMMAND: POST /session/10905aa29ded037ab27490674a12b44a/element - {"using":"xpath","value":"//span[@id=\"application-managepartners-display-component---masterPtm--smartTable-header-inner\"]"}
RESULT: {"using":"xpath","value":"//span[@id=\"application-managepartners-display-component---masterPtm--smartTable-header-inner\"]"}
COMMAND: POST /session/10905aa29ded037ab27490674a12b44a/elements - {"using":"xpath","value":"//span[@id=\"application-managepartners-display-component---masterPtm--smartTable-header-inner\"]"}
RESULT: {"using":"xpath","value":"//span[@id=\"application-managepartners-display-component---masterPtm--smartTable-header-inner\"]"}
COMMAND: POST /session/10905aa29ded037ab27490674a12b44a/execute/sync - {"script":"<script> [56 bytes]","args":[{"element-6066-11e4-a52e-4f735466cecf":"f.0F422B68595C6480DC5AFCDC2C3D17C2.d.DF7EC528C188C9DB8EC46FAC3E414FD3.e.6014","ELEMENT":"f.0F422B68595C6480DC5AFCDC2C3D17C2.d.DF7EC528C188C9DB8EC46FAC3E414FD3.e.6014"}]}
RESULT: {"script":"<script> [56 bytes]","args":[{"element-6066-11e4-a52e-4f735466cecf":"f.0F422B68595C6480DC5AFCDC2C3D17C2.d.DF7EC528C188C9DB8EC46FAC3E414FD3.e.6014","ELEMENT":"f.0F422B68595C6480DC5AFCDC2C3D17C2.d.DF7EC528C188C9DB8EC46FAC3E414FD3.e.6014"}]}
COMMAND: POST /session/10905aa29ded037ab27490674a12b44a/element - {"using":"xpath","value":"//span[contains(@title, \"Remove\")]"}
COMMAND: GET /session/10905aa29ded037ab27490674a12b44a/screenshot - {}
RESULT: {"using":"xpath","value":"//span[contains(@title, \"Remove\")]"}
COMMAND: POST /session/10905aa29ded037ab27490674a12b44a/element/f.0F422B68595C6480DC5AFCDC2C3D17C2.d.DF7EC528C188C9DB8EC46FAC3E414FD3.e.6207/click - {}
RESULT: {}
RESULT: {}
COMMAND: GET /session/10905aa29ded037ab27490674a12b44a/screenshot - {}
RESULT: {}
COMMAND: POST /session/10905aa29ded037ab27490674a12b44a/element - {"using":"xpath","value":"//span[@id=\"application-managepartners-display-component---masterPtm--smartTable-header-inner\"]"}
RESULT: {"using":"xpath","value":"//span[@id=\"application-managepartners-display-component---masterPtm--smartTable-header-inner\"]"}
COMMAND: POST /session/10905aa29ded037ab27490674a12b44a/elements - {"using":"xpath","value":"//span[@id=\"application-managepartners-display-component---masterPtm--smartTable-header-inner\"]"}
RESULT: {"using":"xpath","value":"//span[@id=\"application-managepartners-display-component---masterPtm--smartTable-header-inner\"]"}
COMMAND: POST /session/10905aa29ded037ab27490674a12b44a/execute/sync - {"script":"<script> [56 bytes]","args":[{"element-6066-11e4-a52e-4f735466cecf":"f.0F422B68595C6480DC5AFCDC2C3D17C2.d.DF7EC528C188C9DB8EC46FAC3E414FD3.e.6014","ELEMENT":"f.0F422B68595C6480DC5AFCDC2C3D17C2.d.DF7EC528C188C9DB8EC46FAC3E414FD3.e.6014"}]}
RESULT: {"script":"<script> [56 bytes]","args":[{"element-6066-11e4-a52e-4f735466cecf":"f.0F422B68595C6480DC5AFCDC2C3D17C2.d.DF7EC528C188C9DB8EC46FAC3E414FD3.e.6014","ELEMENT":"f.0F422B68595C6480DC5AFCDC2C3D17C2.d.DF7EC528C188C9DB8EC46FAC3E414FD3.e.6014"}]}
COMMAND: POST /session/10905aa29ded037ab27490674a12b44a/execute/async - {"script":"<script> [1562 bytes]","args":[{"selector":{"id":"application-managepartners-display-component---masterPtm--smartFilterBar-filterItemControl_BASIC-YARD-vhi"},"wdio_ui5_key":"applicationmanagepartners-display-component---masterPtm--smartFilterBar-filterItemControl_BASIC-YARD-vhi"}]}
COMMAND: GET /session/10905aa29ded037ab27490674a12b44a/screenshot - {}
RESULT: {"script":"<script> [1562 bytes]","args":[{"selector":{"id":"application-managepartners-display-component---masterPtm--smartFilterBar-filterItemControl_BASIC-YARD-vhi"},"wdio_ui5_key":"applicationmanagepartners-display-component---masterPtm--smartFilterBar-filterItemControl_BASIC-YARD-vhi"}]}
RESULT: undefined
COMMAND: POST /session/10905aa29ded037ab27490674a12b44a/element - {"using":"xpath","value":"//*[@id=\"application-managepartners-display-component---masterPtm--smartFilterBar-filterItemControl_BASIC-YARD-vhi\"]"}
RESULT: {}
RESULT: {"using":"xpath","value":"//*[@id=\"application-managepartners-display-component---masterPtm--smartFilterBar-filterItemControl_BASIC-YARD-vhi\"]"}
COMMAND: POST /session/10905aa29ded037ab27490674a12b44a/element/f.0F422B68595C6480DC5AFCDC2C3D17C2.d.DF7EC528C188C9DB8EC46FAC3E414FD3.e.6315/click - {}
RESULT: {}
COMMAND: GET /session/10905aa29ded037ab27490674a12b44a/screenshot - {}
RESULT: {}
COMMAND: POST /session/10905aa29ded037ab27490674a12b44a/execute/async - {"script":"<script> [1562 bytes]","args":[{"selector":{"id":"application-managepartners-display-component---masterPtm--smartFilterBar-filterItemControl_BASIC-YARD-valueHelpDialog-smartFilterBar-btnBasicSearch","searchOpenDialogs":true,"interaction":{"idSuffix":"I"}},"wdio_ui5_key":"applicationmanagepartners-display-component---masterPtm--smartFilterBar-filterItemControl_BASIC-YARD-valueHelpDialog-smartFilterBar-btnBasicSearch"}]}
RESULT: {"script":"<script> [1562 bytes]","args":[{"selector":{"id":"application-managepartners-display-component---masterPtm--smartFilterBar-filterItemControl_BASIC-YARD-valueHelpDialog-smartFilterBar-btnBasicSearch","searchOpenDialogs":true,"interaction":{"idSuffix":"I"}},"wdio_ui5_key":"applicationmanagepartners-display-component---masterPtm--smartFilterBar-filterItemControl_BASIC-YARD-valueHelpDialog-smartFilterBar-btnBasicSearch"}]}
RESULT: undefined
COMMAND: POST /session/10905aa29ded037ab27490674a12b44a/execute/async - {"script":"<script> [776 bytes]","args":[{"enterText":"Test","selector":{"id":"application-managepartners-display-component---masterPtm--smartFilterBar-filterItemControl_BASIC-YARD-valueHelpDialog-smartFilterBar-btnBasicSearch","searchOpenDialogs":true,"interaction":{"idSuffix":"I"}},"clearTextFirst":true,"interactionType":"ENTER_TEXT"}]}
RESULT: {"script":"<script> [776 bytes]","args":[{"enterText":"Test","selector":{"id":"application-managepartners-display-component---masterPtm--smartFilterBar-filterItemControl_BASIC-YARD-valueHelpDialog-smartFilterBar-btnBasicSearch","searchOpenDialogs":true,"interaction":{"idSuffix":"I"}},"clearTextFirst":true,"interactionType":"ENTER_TEXT"}]}
COMMAND: POST /session/10905aa29ded037ab27490674a12b44a/actions - {"actions":[{"id":"action19","type":"key","parameters":{},"actions":[{"type":"keyDown","value":"î€‡"},{"type":"pause","duration":10},{"type":"keyUp","value":"î€‡"}]}]}
RESULT: {"actions":[{"id":"action19","type":"key","parameters":{},"actions":[{"type":"keyDown","value":"î€‡"},{"type":"pause","duration":10},{"type":"keyUp","value":"î€‡"}]}]}
COMMAND: POST /session/10905aa29ded037ab27490674a12b44a/elements - {"using":"xpath","value":"//table[contains(@id, \"smartFilterBar-filterItemControl_BASIC-YARD-valueHelpDialog-table-table\")]/tbody/tr"}
COMMAND: GET /session/10905aa29ded037ab27490674a12b44a/screenshot - {}
RESULT: {"using":"xpath","value":"//table[contains(@id, \"smartFilterBar-filterItemControl_BASIC-YARD-valueHelpDialog-table-table\")]/tbody/tr"}
COMMAND: POST /session/10905aa29ded037ab27490674a12b44a/element - {"using":"xpath","value":"//table[contains(@id, \"smartFilterBar-filterItemControl_BASIC-YARD-valueHelpDialog-table-table\")]/tbody/tr[1]/td[1]/div/span"}
RESULT: {}
RESULT: {"using":"xpath","value":"//table[contains(@id, \"smartFilterBar-filterItemControl_BASIC-YARD-valueHelpDialog-table-table\")]/tbody/tr[1]/td[1]/div/span"}
COMMAND: POST /session/10905aa29ded037ab27490674a12b44a/elements - {"using":"xpath","value":"//table[contains(@id, \"smartFilterBar-filterItemControl_BASIC-YARD-valueHelpDialog-table-table\")]/tbody/tr[1]/td[1]/div/span"}
RESULT: {"using":"xpath","value":"//table[contains(@id, \"smartFilterBar-filterItemControl_BASIC-YARD-valueHelpDialog-table-table\")]/tbody/tr[1]/td[1]/div/span"}
COMMAND: POST /session/10905aa29ded037ab27490674a12b44a/execute/sync - {"script":"<script> [56 bytes]","args":[{"element-6066-11e4-a52e-4f735466cecf":"f.0F422B68595C6480DC5AFCDC2C3D17C2.d.DF7EC528C188C9DB8EC46FAC3E414FD3.e.6336","ELEMENT":"f.0F422B68595C6480DC5AFCDC2C3D17C2.d.DF7EC528C188C9DB8EC46FAC3E414FD3.e.6336"}]}
RESULT: {"script":"<script> [56 bytes]","args":[{"element-6066-11e4-a52e-4f735466cecf":"f.0F422B68595C6480DC5AFCDC2C3D17C2.d.DF7EC528C188C9DB8EC46FAC3E414FD3.e.6336","ELEMENT":"f.0F422B68595C6480DC5AFCDC2C3D17C2.d.DF7EC528C188C9DB8EC46FAC3E414FD3.e.6336"}]}
COMMAND: POST /session/10905aa29ded037ab27490674a12b44a/element - {"using":"xpath","value":"//table[contains(@id, \"smartFilterBar-filterItemControl_BASIC-YARD-valueHelpDialog-table-table\")]/tbody/tr[2]/td[1]/div/span"}
COMMAND: GET /session/10905aa29ded037ab27490674a12b44a/screenshot - {}
RESULT: {"using":"xpath","value":"//table[contains(@id, \"smartFilterBar-filterItemControl_BASIC-YARD-valueHelpDialog-table-table\")]/tbody/tr[2]/td[1]/div/span"}
COMMAND: POST /session/10905aa29ded037ab27490674a12b44a/elements - {"using":"xpath","value":"//table[contains(@id, \"smartFilterBar-filterItemControl_BASIC-YARD-valueHelpDialog-table-table\")]/tbody/tr[2]/td[1]/div/span"}
RESULT: {}
RESULT: {"using":"xpath","value":"//table[contains(@id, \"smartFilterBar-filterItemControl_BASIC-YARD-valueHelpDialog-table-table\")]/tbody/tr[2]/td[1]/div/span"}
COMMAND: POST /session/10905aa29ded037ab27490674a12b44a/execute/sync - {"script":"<script> [56 bytes]","args":[{"element-6066-11e4-a52e-4f735466cecf":"f.0F422B68595C6480DC5AFCDC2C3D17C2.d.DF7EC528C188C9DB8EC46FAC3E414FD3.e.6337","ELEMENT":"f.0F422B68595C6480DC5AFCDC2C3D17C2.d.DF7EC528C188C9DB8EC46FAC3E414FD3.e.6337"}]}
RESULT: {"script":"<script> [56 bytes]","args":[{"element-6066-11e4-a52e-4f735466cecf":"f.0F422B68595C6480DC5AFCDC2C3D17C2.d.DF7EC528C188C9DB8EC46FAC3E414FD3.e.6337","ELEMENT":"f.0F422B68595C6480DC5AFCDC2C3D17C2.d.DF7EC528C188C9DB8EC46FAC3E414FD3.e.6337"}]}
COMMAND: POST /session/10905aa29ded037ab27490674a12b44a/element - {"using":"xpath","value":"//table[contains(@id, \"smartFilterBar-filterItemControl_BASIC-YARD-valueHelpDialog-table-table\")]/tbody/tr[3]/td[1]/div/span"}
COMMAND: GET /session/10905aa29ded037ab27490674a12b44a/screenshot - {}
RESULT: {"using":"xpath","value":"//table[contains(@id, \"smartFilterBar-filterItemControl_BASIC-YARD-valueHelpDialog-table-table\")]/tbody/tr[3]/td[1]/div/span"}
COMMAND: POST /session/10905aa29ded037ab27490674a12b44a/elements - {"using":"xpath","value":"//table[contains(@id, \"smartFilterBar-filterItemControl_BASIC-YARD-valueHelpDialog-table-table\")]/tbody/tr[3]/td[1]/div/span"}
RESULT: {}
RESULT: {"using":"xpath","value":"//table[contains(@id, \"smartFilterBar-filterItemControl_BASIC-YARD-valueHelpDialog-table-table\")]/tbody/tr[3]/td[1]/div/span"}
COMMAND: POST /session/10905aa29ded037ab27490674a12b44a/execute/sync - {"script":"<script> [56 bytes]","args":[{"element-6066-11e4-a52e-4f735466cecf":"f.0F422B68595C6480DC5AFCDC2C3D17C2.d.DF7EC528C188C9DB8EC46FAC3E414FD3.e.6338","ELEMENT":"f.0F422B68595C6480DC5AFCDC2C3D17C2.d.DF7EC528C188C9DB8EC46FAC3E414FD3.e.6338"}]}
RESULT: {"script":"<script> [56 bytes]","args":[{"element-6066-11e4-a52e-4f735466cecf":"f.0F422B68595C6480DC5AFCDC2C3D17C2.d.DF7EC528C188C9DB8EC46FAC3E414FD3.e.6338","ELEMENT":"f.0F422B68595C6480DC5AFCDC2C3D17C2.d.DF7EC528C188C9DB8EC46FAC3E414FD3.e.6338"}]}
COMMAND: POST /session/10905aa29ded037ab27490674a12b44a/element - {"using":"xpath","value":"//div[contains(@id, \"filterItemControl_BASIC-YARD-valueHelpDialog-table-rowsel2\")]"}
COMMAND: GET /session/10905aa29ded037ab27490674a12b44a/screenshot - {}
RESULT: {"using":"xpath","value":"//div[contains(@id, \"filterItemControl_BASIC-YARD-valueHelpDialog-table-rowsel2\")]"}
COMMAND: POST /session/10905aa29ded037ab27490674a12b44a/element/f.0F422B68595C6480DC5AFCDC2C3D17C2.d.DF7EC528C188C9DB8EC46FAC3E414FD3.e.6339/click - {}
RESULT: {}
RESULT: {}
COMMAND: GET /session/10905aa29ded037ab27490674a12b44a/screenshot - {}
RESULT: {}
COMMAND: POST /session/10905aa29ded037ab27490674a12b44a/element - {"using":"xpath","value":"(//bdi[contains(text(), \"OK\")])[1]"}
RESULT: {"using":"xpath","value":"(//bdi[contains(text(), \"OK\")])[1]"}
COMMAND: POST /session/10905aa29ded037ab27490674a12b44a/element/f.0F422B68595C6480DC5AFCDC2C3D17C2.d.DF7EC528C188C9DB8EC46FAC3E414FD3.e.6341/click - {}
RESULT: {}
COMMAND: GET /session/10905aa29ded037ab27490674a12b44a/screenshot - {}
RESULT: {}
COMMAND: POST /session/10905aa29ded037ab27490674a12b44a/element - {"using":"xpath","value":"//span[@id=\"application-managepartners-display-component---masterPtm--smartTable-header-inner\"]"}
RESULT: {"using":"xpath","value":"//span[@id=\"application-managepartners-display-component---masterPtm--smartTable-header-inner\"]"}
COMMAND: POST /session/10905aa29ded037ab27490674a12b44a/elements - {"using":"xpath","value":"//span[@id=\"application-managepartners-display-component---masterPtm--smartTable-header-inner\"]"}
RESULT: {"using":"xpath","value":"//span[@id=\"application-managepartners-display-component---masterPtm--smartTable-header-inner\"]"}
COMMAND: POST /session/10905aa29ded037ab27490674a12b44a/execute/sync - {"script":"<script> [56 bytes]","args":[{"element-6066-11e4-a52e-4f735466cecf":"f.0F422B68595C6480DC5AFCDC2C3D17C2.d.DF7EC528C188C9DB8EC46FAC3E414FD3.e.6014","ELEMENT":"f.0F422B68595C6480DC5AFCDC2C3D17C2.d.DF7EC528C188C9DB8EC46FAC3E414FD3.e.6014"}]}
RESULT: {"script":"<script> [56 bytes]","args":[{"element-6066-11e4-a52e-4f735466cecf":"f.0F422B68595C6480DC5AFCDC2C3D17C2.d.DF7EC528C188C9DB8EC46FAC3E414FD3.e.6014","ELEMENT":"f.0F422B68595C6480DC5AFCDC2C3D17C2.d.DF7EC528C188C9DB8EC46FAC3E414FD3.e.6014"}]}
COMMAND: POST /session/10905aa29ded037ab27490674a12b44a/element - {"using":"xpath","value":"//span[contains(@title, \"Remove\")]"}
COMMAND: GET /session/10905aa29ded037ab27490674a12b44a/screenshot - {}
RESULT: {"using":"xpath","value":"//span[contains(@title, \"Remove\")]"}
COMMAND: POST /session/10905aa29ded037ab27490674a12b44a/element/f.0F422B68595C6480DC5AFCDC2C3D17C2.d.DF7EC528C188C9DB8EC46FAC3E414FD3.e.6354/click - {}
RESULT: {}
RESULT: {}
COMMAND: GET /session/10905aa29ded037ab27490674a12b44a/screenshot - {}
RESULT: {}
COMMAND: POST /session/10905aa29ded037ab27490674a12b44a/element - {"using":"xpath","value":"//span[@id=\"application-managepartners-display-component---masterPtm--smartTable-header-inner\"]"}
RESULT: {"using":"xpath","value":"//span[@id=\"application-managepartners-display-component---masterPtm--smartTable-header-inner\"]"}
COMMAND: POST /session/10905aa29ded037ab27490674a12b44a/elements - {"using":"xpath","value":"//span[@id=\"application-managepartners-display-component---masterPtm--smartTable-header-inner\"]"}
RESULT: {"using":"xpath","value":"//span[@id=\"application-managepartners-display-component---masterPtm--smartTable-header-inner\"]"}
COMMAND: POST /session/10905aa29ded037ab27490674a12b44a/execute/sync - {"script":"<script> [56 bytes]","args":[{"element-6066-11e4-a52e-4f735466cecf":"f.0F422B68595C6480DC5AFCDC2C3D17C2.d.DF7EC528C188C9DB8EC46FAC3E414FD3.e.6014","ELEMENT":"f.0F422B68595C6480DC5AFCDC2C3D17C2.d.DF7EC528C188C9DB8EC46FAC3E414FD3.e.6014"}]}
RESULT: {"script":"<script> [56 bytes]","args":[{"element-6066-11e4-a52e-4f735466cecf":"f.0F422B68595C6480DC5AFCDC2C3D17C2.d.DF7EC528C188C9DB8EC46FAC3E414FD3.e.6014","ELEMENT":"f.0F422B68595C6480DC5AFCDC2C3D17C2.d.DF7EC528C188C9DB8EC46FAC3E414FD3.e.6014"}]}
COMMAND: POST /session/10905aa29ded037ab27490674a12b44a/execute/async - {"script":"<script> [1562 bytes]","args":[{"selector":{"id":"application-managepartners-display-component---masterPtm--smartFilterBar-filterItemControl_BASIC-ALL_TAGS-vhi"},"wdio_ui5_key":"applicationmanagepartners-display-component---masterPtm--smartFilterBar-filterItemControl_BASIC-ALL_TAGS-vhi"}]}
COMMAND: GET /session/10905aa29ded037ab27490674a12b44a/screenshot - {}
RESULT: {"script":"<script> [1562 bytes]","args":[{"selector":{"id":"application-managepartners-display-component---masterPtm--smartFilterBar-filterItemControl_BASIC-ALL_TAGS-vhi"},"wdio_ui5_key":"applicationmanagepartners-display-component---masterPtm--smartFilterBar-filterItemControl_BASIC-ALL_TAGS-vhi"}]}
RESULT: undefined
COMMAND: POST /session/10905aa29ded037ab27490674a12b44a/element - {"using":"xpath","value":"//*[@id=\"application-managepartners-display-component---masterPtm--smartFilterBar-filterItemControl_BASIC-ALL_TAGS-vhi\"]"}
RESULT: {}
RESULT: {"using":"xpath","value":"//*[@id=\"application-managepartners-display-component---masterPtm--smartFilterBar-filterItemControl_BASIC-ALL_TAGS-vhi\"]"}
COMMAND: POST /session/10905aa29ded037ab27490674a12b44a/element/f.0F422B68595C6480DC5AFCDC2C3D17C2.d.DF7EC528C188C9DB8EC46FAC3E414FD3.e.6458/click - {}
RESULT: {}
COMMAND: GET /session/10905aa29ded037ab27490674a12b44a/screenshot - {}
RESULT: {}
COMMAND: POST /session/10905aa29ded037ab27490674a12b44a/execute/async - {"script":"<script> [1562 bytes]","args":[{"selector":{"id":"application-managepartners-display-component---masterPtm--smartFilterBar-filterItemControl_BASIC-ALL_TAGS-valueHelpDialog-smartFilterBar-btnBasicSearch","searchOpenDialogs":true,"interaction":{"idSuffix":"I"}},"wdio_ui5_key":"applicationmanagepartners-display-component---masterPtm--smartFilterBar-filterItemControl_BASIC-ALL_TAGS-valueHelpDialog-smartFilterBar-btnBasicSearch"}]}
RESULT: {"script":"<script> [1562 bytes]","args":[{"selector":{"id":"application-managepartners-display-component---masterPtm--smartFilterBar-filterItemControl_BASIC-ALL_TAGS-valueHelpDialog-smartFilterBar-btnBasicSearch","searchOpenDialogs":true,"interaction":{"idSuffix":"I"}},"wdio_ui5_key":"applicationmanagepartners-display-component---masterPtm--smartFilterBar-filterItemControl_BASIC-ALL_TAGS-valueHelpDialog-smartFilterBar-btnBasicSearch"}]}
RESULT: undefined
COMMAND: POST /session/10905aa29ded037ab27490674a12b44a/execute/async - {"script":"<script> [776 bytes]","args":[{"enterText":"test-tag-1","selector":{"id":"application-managepartners-display-component---masterPtm--smartFilterBar-filterItemControl_BASIC-ALL_TAGS-valueHelpDialog-smartFilterBar-btnBasicSearch","searchOpenDialogs":true,"interaction":{"idSuffix":"I"}},"clearTextFirst":true,"interactionType":"ENTER_TEXT"}]}
RESULT: {"script":"<script> [776 bytes]","args":[{"enterText":"test-tag-1","selector":{"id":"application-managepartners-display-component---masterPtm--smartFilterBar-filterItemControl_BASIC-ALL_TAGS-valueHelpDialog-smartFilterBar-btnBasicSearch","searchOpenDialogs":true,"interaction":{"idSuffix":"I"}},"clearTextFirst":true,"interactionType":"ENTER_TEXT"}]}
COMMAND: POST /session/10905aa29ded037ab27490674a12b44a/actions - {"actions":[{"id":"action20","type":"key","parameters":{},"actions":[{"type":"keyDown","value":"î€‡"},{"type":"pause","duration":10},{"type":"keyUp","value":"î€‡"}]}]}
RESULT: {"actions":[{"id":"action20","type":"key","parameters":{},"actions":[{"type":"keyDown","value":"î€‡"},{"type":"pause","duration":10},{"type":"keyUp","value":"î€‡"}]}]}
COMMAND: POST /session/10905aa29ded037ab27490674a12b44a/elements - {"using":"xpath","value":"//table[contains(@id, \"smartFilterBar-filterItemControl_BASIC-ALL_TAGS-valueHelpDialog-table-table\")]/tbody/tr"}
COMMAND: GET /session/10905aa29ded037ab27490674a12b44a/screenshot - {}
RESULT: {"using":"xpath","value":"//table[contains(@id, \"smartFilterBar-filterItemControl_BASIC-ALL_TAGS-valueHelpDialog-table-table\")]/tbody/tr"}
COMMAND: POST /session/10905aa29ded037ab27490674a12b44a/element - {"using":"xpath","value":"//table[contains(@id, \"smartFilterBar-filterItemControl_BASIC-ALL_TAGS-valueHelpDialog-table-table\")]/tbody/tr[1]/td[1]/div/span"}
RESULT: {}
RESULT: {"using":"xpath","value":"//table[contains(@id, \"smartFilterBar-filterItemControl_BASIC-ALL_TAGS-valueHelpDialog-table-table\")]/tbody/tr[1]/td[1]/div/span"}
COMMAND: POST /session/10905aa29ded037ab27490674a12b44a/elements - {"using":"xpath","value":"//table[contains(@id, \"smartFilterBar-filterItemControl_BASIC-ALL_TAGS-valueHelpDialog-table-table\")]/tbody/tr[1]/td[1]/div/span"}
RESULT: {"using":"xpath","value":"//table[contains(@id, \"smartFilterBar-filterItemControl_BASIC-ALL_TAGS-valueHelpDialog-table-table\")]/tbody/tr[1]/td[1]/div/span"}
COMMAND: POST /session/10905aa29ded037ab27490674a12b44a/execute/sync - {"script":"<script> [56 bytes]","args":[{"element-6066-11e4-a52e-4f735466cecf":"f.0F422B68595C6480DC5AFCDC2C3D17C2.d.DF7EC528C188C9DB8EC46FAC3E414FD3.e.6478","ELEMENT":"f.0F422B68595C6480DC5AFCDC2C3D17C2.d.DF7EC528C188C9DB8EC46FAC3E414FD3.e.6478"}]}
RESULT: {"script":"<script> [56 bytes]","args":[{"element-6066-11e4-a52e-4f735466cecf":"f.0F422B68595C6480DC5AFCDC2C3D17C2.d.DF7EC528C188C9DB8EC46FAC3E414FD3.e.6478","ELEMENT":"f.0F422B68595C6480DC5AFCDC2C3D17C2.d.DF7EC528C188C9DB8EC46FAC3E414FD3.e.6478"}]}
COMMAND: POST /session/10905aa29ded037ab27490674a12b44a/element - {"using":"xpath","value":"//div[contains(@id, \"filterItemControl_BASIC-ALL_TAGS-valueHelpDialog-table-rowsel0\")]"}
COMMAND: GET /session/10905aa29ded037ab27490674a12b44a/screenshot - {}
RESULT: {"using":"xpath","value":"//div[contains(@id, \"filterItemControl_BASIC-ALL_TAGS-valueHelpDialog-table-rowsel0\")]"}
COMMAND: POST /session/10905aa29ded037ab27490674a12b44a/element/f.0F422B68595C6480DC5AFCDC2C3D17C2.d.DF7EC528C188C9DB8EC46FAC3E414FD3.e.6479/click - {}
RESULT: {}
RESULT: {}
COMMAND: GET /session/10905aa29ded037ab27490674a12b44a/screenshot - {}
RESULT: {}
COMMAND: POST /session/10905aa29ded037ab27490674a12b44a/element - {"using":"xpath","value":"(//bdi[contains(text(), \"OK\")])[1]"}
RESULT: {"using":"xpath","value":"(//bdi[contains(text(), \"OK\")])[1]"}
COMMAND: POST /session/10905aa29ded037ab27490674a12b44a/element/f.0F422B68595C6480DC5AFCDC2C3D17C2.d.DF7EC528C188C9DB8EC46FAC3E414FD3.e.6481/click - {}
RESULT: {}
COMMAND: GET /session/10905aa29ded037ab27490674a12b44a/screenshot - {}
RESULT: {}
COMMAND: POST /session/10905aa29ded037ab27490674a12b44a/element - {"using":"xpath","value":"//span[@id=\"application-managepartners-display-component---masterPtm--smartTable-header-inner\"]"}
RESULT: {"using":"xpath","value":"//span[@id=\"application-managepartners-display-component---masterPtm--smartTable-header-inner\"]"}
COMMAND: POST /session/10905aa29ded037ab27490674a12b44a/elements - {"using":"xpath","value":"//span[@id=\"application-managepartners-display-component---masterPtm--smartTable-header-inner\"]"}
RESULT: {"using":"xpath","value":"//span[@id=\"application-managepartners-display-component---masterPtm--smartTable-header-inner\"]"}
COMMAND: POST /session/10905aa29ded037ab27490674a12b44a/execute/sync - {"script":"<script> [56 bytes]","args":[{"element-6066-11e4-a52e-4f735466cecf":"f.0F422B68595C6480DC5AFCDC2C3D17C2.d.DF7EC528C188C9DB8EC46FAC3E414FD3.e.6014","ELEMENT":"f.0F422B68595C6480DC5AFCDC2C3D17C2.d.DF7EC528C188C9DB8EC46FAC3E414FD3.e.6014"}]}
RESULT: {"script":"<script> [56 bytes]","args":[{"element-6066-11e4-a52e-4f735466cecf":"f.0F422B68595C6480DC5AFCDC2C3D17C2.d.DF7EC528C188C9DB8EC46FAC3E414FD3.e.6014","ELEMENT":"f.0F422B68595C6480DC5AFCDC2C3D17C2.d.DF7EC528C188C9DB8EC46FAC3E414FD3.e.6014"}]}
COMMAND: POST /session/10905aa29ded037ab27490674a12b44a/element - {"using":"xpath","value":"//span[contains(@title, \"Remove\")]"}
COMMAND: GET /session/10905aa29ded037ab27490674a12b44a/screenshot - {}
RESULT: {"using":"xpath","value":"//span[contains(@title, \"Remove\")]"}
COMMAND: POST /session/10905aa29ded037ab27490674a12b44a/element/f.0F422B68595C6480DC5AFCDC2C3D17C2.d.DF7EC528C188C9DB8EC46FAC3E414FD3.e.6503/click - {}
RESULT: {}
RESULT: {}
COMMAND: GET /session/10905aa29ded037ab27490674a12b44a/screenshot - {}
RESULT: {}
COMMAND: POST /session/10905aa29ded037ab27490674a12b44a/execute/async - {"script":"<script> [1562 bytes]","args":[{"selector":{"id":"application-managepartners-display-component---masterPtm--partnerTypes-arrow"},"wdio_ui5_key":"applicationmanagepartners-display-component---masterPtm--partnerTypes-arrow"}]}
RESULT: {"script":"<script> [1562 bytes]","args":[{"selector":{"id":"application-managepartners-display-component---masterPtm--partnerTypes-arrow"},"wdio_ui5_key":"applicationmanagepartners-display-component---masterPtm--partnerTypes-arrow"}]}
RESULT: undefined
COMMAND: POST /session/10905aa29ded037ab27490674a12b44a/element - {"using":"xpath","value":"//*[@id=\"application-managepartners-display-component---masterPtm--partnerTypes-arrow\"]"}
RESULT: {"using":"xpath","value":"//*[@id=\"application-managepartners-display-component---masterPtm--partnerTypes-arrow\"]"}
COMMAND: POST /session/10905aa29ded037ab27490674a12b44a/element/f.0F422B68595C6480DC5AFCDC2C3D17C2.d.DF7EC528C188C9DB8EC46FAC3E414FD3.e.6608/click - {}
RESULT: {}
COMMAND: GET /session/10905aa29ded037ab27490674a12b44a/screenshot - {}
RESULT: {}
COMMAND: POST /session/10905aa29ded037ab27490674a12b44a/element - {"using":"xpath","value":"//li[.//span[text()=\"External partner\"]]//div[contains(@class,\"sapMCbBg\")]"}
RESULT: {"using":"xpath","value":"//li[.//span[text()=\"External partner\"]]//div[contains(@class,\"sapMCbBg\")]"}
COMMAND: POST /session/10905aa29ded037ab27490674a12b44a/element/f.0F422B68595C6480DC5AFCDC2C3D17C2.d.DF7EC528C188C9DB8EC46FAC3E414FD3.e.6611/click - {}
RESULT: {}
COMMAND: GET /session/10905aa29ded037ab27490674a12b44a/screenshot - {}
RESULT: {}
COMMAND: POST /session/10905aa29ded037ab27490674a12b44a/element - {"using":"xpath","value":"//span[@id=\"application-managepartners-display-component---masterPtm--smartTable-header-inner\"]"}
RESULT: {"using":"xpath","value":"//span[@id=\"application-managepartners-display-component---masterPtm--smartTable-header-inner\"]"}
COMMAND: POST /session/10905aa29ded037ab27490674a12b44a/elements - {"using":"xpath","value":"//span[@id=\"application-managepartners-display-component---masterPtm--smartTable-header-inner\"]"}
RESULT: {"using":"xpath","value":"//span[@id=\"application-managepartners-display-component---masterPtm--smartTable-header-inner\"]"}
COMMAND: POST /session/10905aa29ded037ab27490674a12b44a/execute/sync - {"script":"<script> [56 bytes]","args":[{"element-6066-11e4-a52e-4f735466cecf":"f.0F422B68595C6480DC5AFCDC2C3D17C2.d.DF7EC528C188C9DB8EC46FAC3E414FD3.e.6014","ELEMENT":"f.0F422B68595C6480DC5AFCDC2C3D17C2.d.DF7EC528C188C9DB8EC46FAC3E414FD3.e.6014"}]}
RESULT: {"script":"<script> [56 bytes]","args":[{"element-6066-11e4-a52e-4f735466cecf":"f.0F422B68595C6480DC5AFCDC2C3D17C2.d.DF7EC528C188C9DB8EC46FAC3E414FD3.e.6014","ELEMENT":"f.0F422B68595C6480DC5AFCDC2C3D17C2.d.DF7EC528C188C9DB8EC46FAC3E414FD3.e.6014"}]}
COMMAND: POST /session/10905aa29ded037ab27490674a12b44a/element - {"using":"xpath","value":"//span[contains(@title, \"Remove\")]"}
COMMAND: GET /session/10905aa29ded037ab27490674a12b44a/screenshot - {}
RESULT: {"using":"xpath","value":"//span[contains(@title, \"Remove\")]"}
COMMAND: POST /session/10905aa29ded037ab27490674a12b44a/element/f.0F422B68595C6480DC5AFCDC2C3D17C2.d.DF7EC528C188C9DB8EC46FAC3E414FD3.e.6697/click - {}
RESULT: {}
RESULT: {}
COMMAND: GET /session/10905aa29ded037ab27490674a12b44a/screenshot - {}
RESULT: {}
COMMAND: POST /session/10905aa29ded037ab27490674a12b44a/execute/async - {"script":"<script> [1562 bytes]","args":[{"selector":{"id":"application-managepartners-display-component---masterPtm--smartFilterBar-btnFilters","interaction":{"idSuffix":"BDI-content"}},"wdio_ui5_key":"applicationmanagepartners-display-component---masterPtm--smartFilterBar-btnFilters"}]}
RESULT: {"script":"<script> [1562 bytes]","args":[{"selector":{"id":"application-managepartners-display-component---masterPtm--smartFilterBar-btnFilters","interaction":{"idSuffix":"BDI-content"}},"wdio_ui5_key":"applicationmanagepartners-display-component---masterPtm--smartFilterBar-btnFilters"}]}
RESULT: undefined
COMMAND: POST /session/10905aa29ded037ab27490674a12b44a/element - {"using":"xpath","value":"//*[@id=\"application-managepartners-display-component---masterPtm--smartFilterBar-btnFilters\"]"}
RESULT: {"using":"xpath","value":"//*[@id=\"application-managepartners-display-component---masterPtm--smartFilterBar-btnFilters\"]"}
COMMAND: POST /session/10905aa29ded037ab27490674a12b44a/element/f.0F422B68595C6480DC5AFCDC2C3D17C2.d.DF7EC528C188C9DB8EC46FAC3E414FD3.e.5865/click - {}
RESULT: {}
COMMAND: GET /session/10905aa29ded037ab27490674a12b44a/screenshot - {}
RESULT: {}
COMMAND: POST /session/10905aa29ded037ab27490674a12b44a/elements - {"using":"xpath","value":"//table[contains(@id, \"listView-innerSelectionPanelTable-listUl\")]/tbody/tr"}
RESULT: {"using":"xpath","value":"//table[contains(@id, \"listView-innerSelectionPanelTable-listUl\")]/tbody/tr"}
COMMAND: POST /session/10905aa29ded037ab27490674a12b44a/element - {"using":"xpath","value":"//table[contains(@id, \"listView-innerSelectionPanelTable-listUl\")]/tbody/tr[2]/td[2]/div/div"}
RESULT: {"using":"xpath","value":"//table[contains(@id, \"listView-innerSelectionPanelTable-listUl\")]/tbody/tr[2]/td[2]/div/div"}
COMMAND: POST /session/10905aa29ded037ab27490674a12b44a/element - {"using":"xpath","value":"//table[contains(@id, \"listView-innerSelectionPanelTable-listUl\")]/tbody/tr[2]/td[2]/div"}
RESULT: {"using":"xpath","value":"//table[contains(@id, \"listView-innerSelectionPanelTable-listUl\")]/tbody/tr[2]/td[2]/div"}
COMMAND: POST /session/10905aa29ded037ab27490674a12b44a/element - {"using":"xpath","value":"//table[contains(@id, \"listView-innerSelectionPanelTable-listUl\")]/tbody/tr[2]/td[3]/div/div/span/span[1]/bdi"}
RESULT: {"using":"xpath","value":"//table[contains(@id, \"listView-innerSelectionPanelTable-listUl\")]/tbody/tr[2]/td[3]/div/div/span/span[1]/bdi"}
COMMAND: POST /session/10905aa29ded037ab27490674a12b44a/execute/sync - {"script":"<script> [56 bytes]","args":[{"element-6066-11e4-a52e-4f735466cecf":"f.0F422B68595C6480DC5AFCDC2C3D17C2.d.DF7EC528C188C9DB8EC46FAC3E414FD3.e.6812","ELEMENT":"f.0F422B68595C6480DC5AFCDC2C3D17C2.d.DF7EC528C188C9DB8EC46FAC3E414FD3.e.6812"}]}
RESULT: {"script":"<script> [56 bytes]","args":[{"element-6066-11e4-a52e-4f735466cecf":"f.0F422B68595C6480DC5AFCDC2C3D17C2.d.DF7EC528C188C9DB8EC46FAC3E414FD3.e.6812","ELEMENT":"f.0F422B68595C6480DC5AFCDC2C3D17C2.d.DF7EC528C188C9DB8EC46FAC3E414FD3.e.6812"}]}
COMMAND: GET /session/10905aa29ded037ab27490674a12b44a/element/f.0F422B68595C6480DC5AFCDC2C3D17C2.d.DF7EC528C188C9DB8EC46FAC3E414FD3.e.6811/attribute/aria-checked - {}
COMMAND: GET /session/10905aa29ded037ab27490674a12b44a/screenshot - {}
RESULT: {}
COMMAND: POST /session/10905aa29ded037ab27490674a12b44a/element - {"using":"xpath","value":"//table[contains(@id, \"listView-innerSelectionPanelTable-listUl\")]/tbody/tr[3]/td[2]/div/div"}
RESULT: {}
RESULT: {"using":"xpath","value":"//table[contains(@id, \"listView-innerSelectionPanelTable-listUl\")]/tbody/tr[3]/td[2]/div/div"}
COMMAND: POST /session/10905aa29ded037ab27490674a12b44a/element - {"using":"xpath","value":"//table[contains(@id, \"listView-innerSelectionPanelTable-listUl\")]/tbody/tr[3]/td[2]/div"}
RESULT: {"using":"xpath","value":"//table[contains(@id, \"listView-innerSelectionPanelTable-listUl\")]/tbody/tr[3]/td[2]/div"}
COMMAND: POST /session/10905aa29ded037ab27490674a12b44a/element - {"using":"xpath","value":"//table[contains(@id, \"listView-innerSelectionPanelTable-listUl\")]/tbody/tr[3]/td[3]/div/div/span/span[1]/bdi"}
RESULT: {"using":"xpath","value":"//table[contains(@id, \"listView-innerSelectionPanelTable-listUl\")]/tbody/tr[3]/td[3]/div/div/span/span[1]/bdi"}
COMMAND: POST /session/10905aa29ded037ab27490674a12b44a/execute/sync - {"script":"<script> [56 bytes]","args":[{"element-6066-11e4-a52e-4f735466cecf":"f.0F422B68595C6480DC5AFCDC2C3D17C2.d.DF7EC528C188C9DB8EC46FAC3E414FD3.e.6815","ELEMENT":"f.0F422B68595C6480DC5AFCDC2C3D17C2.d.DF7EC528C188C9DB8EC46FAC3E414FD3.e.6815"}]}
RESULT: {"script":"<script> [56 bytes]","args":[{"element-6066-11e4-a52e-4f735466cecf":"f.0F422B68595C6480DC5AFCDC2C3D17C2.d.DF7EC528C188C9DB8EC46FAC3E414FD3.e.6815","ELEMENT":"f.0F422B68595C6480DC5AFCDC2C3D17C2.d.DF7EC528C188C9DB8EC46FAC3E414FD3.e.6815"}]}
COMMAND: GET /session/10905aa29ded037ab27490674a12b44a/element/f.0F422B68595C6480DC5AFCDC2C3D17C2.d.DF7EC528C188C9DB8EC46FAC3E414FD3.e.6814/attribute/aria-checked - {}
COMMAND: GET /session/10905aa29ded037ab27490674a12b44a/screenshot - {}
RESULT: {}
COMMAND: POST /session/10905aa29ded037ab27490674a12b44a/element - {"using":"xpath","value":"//table[contains(@id, \"listView-innerSelectionPanelTable-listUl\")]/tbody/tr[4]/td[2]/div/div"}
RESULT: {}
RESULT: {"using":"xpath","value":"//table[contains(@id, \"listView-innerSelectionPanelTable-listUl\")]/tbody/tr[4]/td[2]/div/div"}
COMMAND: POST /session/10905aa29ded037ab27490674a12b44a/element - {"using":"xpath","value":"//table[contains(@id, \"listView-innerSelectionPanelTable-listUl\")]/tbody/tr[4]/td[2]/div"}
RESULT: {"using":"xpath","value":"//table[contains(@id, \"listView-innerSelectionPanelTable-listUl\")]/tbody/tr[4]/td[2]/div"}
COMMAND: POST /session/10905aa29ded037ab27490674a12b44a/element - {"using":"xpath","value":"//table[contains(@id, \"listView-innerSelectionPanelTable-listUl\")]/tbody/tr[4]/td[3]/div/div/span/span[1]/bdi"}
RESULT: {"using":"xpath","value":"//table[contains(@id, \"listView-innerSelectionPanelTable-listUl\")]/tbody/tr[4]/td[3]/div/div/span/span[1]/bdi"}
COMMAND: POST /session/10905aa29ded037ab27490674a12b44a/execute/sync - {"script":"<script> [56 bytes]","args":[{"element-6066-11e4-a52e-4f735466cecf":"f.0F422B68595C6480DC5AFCDC2C3D17C2.d.DF7EC528C188C9DB8EC46FAC3E414FD3.e.6818","ELEMENT":"f.0F422B68595C6480DC5AFCDC2C3D17C2.d.DF7EC528C188C9DB8EC46FAC3E414FD3.e.6818"}]}
RESULT: {"script":"<script> [56 bytes]","args":[{"element-6066-11e4-a52e-4f735466cecf":"f.0F422B68595C6480DC5AFCDC2C3D17C2.d.DF7EC528C188C9DB8EC46FAC3E414FD3.e.6818","ELEMENT":"f.0F422B68595C6480DC5AFCDC2C3D17C2.d.DF7EC528C188C9DB8EC46FAC3E414FD3.e.6818"}]}
COMMAND: GET /session/10905aa29ded037ab27490674a12b44a/element/f.0F422B68595C6480DC5AFCDC2C3D17C2.d.DF7EC528C188C9DB8EC46FAC3E414FD3.e.6817/attribute/aria-checked - {}
COMMAND: GET /session/10905aa29ded037ab27490674a12b44a/screenshot - {}
RESULT: {}
COMMAND: POST /session/10905aa29ded037ab27490674a12b44a/element - {"using":"xpath","value":"//table[contains(@id, \"listView-innerSelectionPanelTable-listUl\")]/tbody/tr[5]/td[2]/div/div"}
RESULT: {}
RESULT: {"using":"xpath","value":"//table[contains(@id, \"listView-innerSelectionPanelTable-listUl\")]/tbody/tr[5]/td[2]/div/div"}
COMMAND: POST /session/10905aa29ded037ab27490674a12b44a/element - {"using":"xpath","value":"//table[contains(@id, \"listView-innerSelectionPanelTable-listUl\")]/tbody/tr[5]/td[2]/div"}
RESULT: {"using":"xpath","value":"//table[contains(@id, \"listView-innerSelectionPanelTable-listUl\")]/tbody/tr[5]/td[2]/div"}
COMMAND: POST /session/10905aa29ded037ab27490674a12b44a/element - {"using":"xpath","value":"//table[contains(@id, \"listView-innerSelectionPanelTable-listUl\")]/tbody/tr[5]/td[3]/div/div/span/span[1]/bdi"}
RESULT: {"using":"xpath","value":"//table[contains(@id, \"listView-innerSelectionPanelTable-listUl\")]/tbody/tr[5]/td[3]/div/div/span/span[1]/bdi"}
COMMAND: POST /session/10905aa29ded037ab27490674a12b44a/execute/sync - {"script":"<script> [56 bytes]","args":[{"element-6066-11e4-a52e-4f735466cecf":"f.0F422B68595C6480DC5AFCDC2C3D17C2.d.DF7EC528C188C9DB8EC46FAC3E414FD3.e.6821","ELEMENT":"f.0F422B68595C6480DC5AFCDC2C3D17C2.d.DF7EC528C188C9DB8EC46FAC3E414FD3.e.6821"}]}
RESULT: {"script":"<script> [56 bytes]","args":[{"element-6066-11e4-a52e-4f735466cecf":"f.0F422B68595C6480DC5AFCDC2C3D17C2.d.DF7EC528C188C9DB8EC46FAC3E414FD3.e.6821","ELEMENT":"f.0F422B68595C6480DC5AFCDC2C3D17C2.d.DF7EC528C188C9DB8EC46FAC3E414FD3.e.6821"}]}
COMMAND: GET /session/10905aa29ded037ab27490674a12b44a/element/f.0F422B68595C6480DC5AFCDC2C3D17C2.d.DF7EC528C188C9DB8EC46FAC3E414FD3.e.6820/attribute/aria-checked - {}
COMMAND: GET /session/10905aa29ded037ab27490674a12b44a/screenshot - {}
RESULT: {}
COMMAND: POST /session/10905aa29ded037ab27490674a12b44a/element - {"using":"xpath","value":"//table[contains(@id, \"listView-innerSelectionPanelTable-listUl\")]/tbody/tr[6]/td[2]/div/div"}
RESULT: {}
RESULT: {"using":"xpath","value":"//table[contains(@id, \"listView-innerSelectionPanelTable-listUl\")]/tbody/tr[6]/td[2]/div/div"}
COMMAND: POST /session/10905aa29ded037ab27490674a12b44a/element - {"using":"xpath","value":"//table[contains(@id, \"listView-innerSelectionPanelTable-listUl\")]/tbody/tr[6]/td[2]/div"}
RESULT: {"using":"xpath","value":"//table[contains(@id, \"listView-innerSelectionPanelTable-listUl\")]/tbody/tr[6]/td[2]/div"}
COMMAND: POST /session/10905aa29ded037ab27490674a12b44a/element - {"using":"xpath","value":"//table[contains(@id, \"listView-innerSelectionPanelTable-listUl\")]/tbody/tr[6]/td[3]/div/div/span/span[1]/bdi"}
RESULT: {"using":"xpath","value":"//table[contains(@id, \"listView-innerSelectionPanelTable-listUl\")]/tbody/tr[6]/td[3]/div/div/span/span[1]/bdi"}
COMMAND: POST /session/10905aa29ded037ab27490674a12b44a/execute/sync - {"script":"<script> [56 bytes]","args":[{"element-6066-11e4-a52e-4f735466cecf":"f.0F422B68595C6480DC5AFCDC2C3D17C2.d.DF7EC528C188C9DB8EC46FAC3E414FD3.e.6824","ELEMENT":"f.0F422B68595C6480DC5AFCDC2C3D17C2.d.DF7EC528C188C9DB8EC46FAC3E414FD3.e.6824"}]}
RESULT: {"script":"<script> [56 bytes]","args":[{"element-6066-11e4-a52e-4f735466cecf":"f.0F422B68595C6480DC5AFCDC2C3D17C2.d.DF7EC528C188C9DB8EC46FAC3E414FD3.e.6824","ELEMENT":"f.0F422B68595C6480DC5AFCDC2C3D17C2.d.DF7EC528C188C9DB8EC46FAC3E414FD3.e.6824"}]}
COMMAND: GET /session/10905aa29ded037ab27490674a12b44a/element/f.0F422B68595C6480DC5AFCDC2C3D17C2.d.DF7EC528C188C9DB8EC46FAC3E414FD3.e.6823/attribute/aria-checked - {}
COMMAND: GET /session/10905aa29ded037ab27490674a12b44a/screenshot - {}
RESULT: {}
COMMAND: POST /session/10905aa29ded037ab27490674a12b44a/element - {"using":"xpath","value":"//table[contains(@id, \"listView-innerSelectionPanelTable-listUl\")]/tbody/tr[7]/td[2]/div/div"}
RESULT: {}
RESULT: {"using":"xpath","value":"//table[contains(@id, \"listView-innerSelectionPanelTable-listUl\")]/tbody/tr[7]/td[2]/div/div"}
COMMAND: POST /session/10905aa29ded037ab27490674a12b44a/element - {"using":"xpath","value":"//table[contains(@id, \"listView-innerSelectionPanelTable-listUl\")]/tbody/tr[7]/td[2]/div"}
RESULT: {"using":"xpath","value":"//table[contains(@id, \"listView-innerSelectionPanelTable-listUl\")]/tbody/tr[7]/td[2]/div"}
COMMAND: POST /session/10905aa29ded037ab27490674a12b44a/element - {"using":"xpath","value":"//table[contains(@id, \"listView-innerSelectionPanelTable-listUl\")]/tbody/tr[7]/td[3]/div/div/span/span[1]/bdi"}
RESULT: {"using":"xpath","value":"//table[contains(@id, \"listView-innerSelectionPanelTable-listUl\")]/tbody/tr[7]/td[3]/div/div/span/span[1]/bdi"}
COMMAND: POST /session/10905aa29ded037ab27490674a12b44a/execute/sync - {"script":"<script> [56 bytes]","args":[{"element-6066-11e4-a52e-4f735466cecf":"f.0F422B68595C6480DC5AFCDC2C3D17C2.d.DF7EC528C188C9DB8EC46FAC3E414FD3.e.6827","ELEMENT":"f.0F422B68595C6480DC5AFCDC2C3D17C2.d.DF7EC528C188C9DB8EC46FAC3E414FD3.e.6827"}]}
RESULT: {"script":"<script> [56 bytes]","args":[{"element-6066-11e4-a52e-4f735466cecf":"f.0F422B68595C6480DC5AFCDC2C3D17C2.d.DF7EC528C188C9DB8EC46FAC3E414FD3.e.6827","ELEMENT":"f.0F422B68595C6480DC5AFCDC2C3D17C2.d.DF7EC528C188C9DB8EC46FAC3E414FD3.e.6827"}]}
COMMAND: GET /session/10905aa29ded037ab27490674a12b44a/element/f.0F422B68595C6480DC5AFCDC2C3D17C2.d.DF7EC528C188C9DB8EC46FAC3E414FD3.e.6826/attribute/aria-checked - {}
COMMAND: GET /session/10905aa29ded037ab27490674a12b44a/screenshot - {}
RESULT: {}
COMMAND: POST /session/10905aa29ded037ab27490674a12b44a/element - {"using":"xpath","value":"//table[contains(@id, \"listView-innerSelectionPanelTable-listUl\")]/tbody/tr[8]/td[2]/div/div"}
RESULT: {}
RESULT: {"using":"xpath","value":"//table[contains(@id, \"listView-innerSelectionPanelTable-listUl\")]/tbody/tr[8]/td[2]/div/div"}
COMMAND: POST /session/10905aa29ded037ab27490674a12b44a/element - {"using":"xpath","value":"//table[contains(@id, \"listView-innerSelectionPanelTable-listUl\")]/tbody/tr[8]/td[2]/div"}
RESULT: {"using":"xpath","value":"//table[contains(@id, \"listView-innerSelectionPanelTable-listUl\")]/tbody/tr[8]/td[2]/div"}
COMMAND: POST /session/10905aa29ded037ab27490674a12b44a/element - {"using":"xpath","value":"//table[contains(@id, \"listView-innerSelectionPanelTable-listUl\")]/tbody/tr[8]/td[3]/div/div/span/span[1]/bdi"}
RESULT: {"using":"xpath","value":"//table[contains(@id, \"listView-innerSelectionPanelTable-listUl\")]/tbody/tr[8]/td[3]/div/div/span/span[1]/bdi"}
COMMAND: POST /session/10905aa29ded037ab27490674a12b44a/execute/sync - {"script":"<script> [56 bytes]","args":[{"element-6066-11e4-a52e-4f735466cecf":"f.0F422B68595C6480DC5AFCDC2C3D17C2.d.DF7EC528C188C9DB8EC46FAC3E414FD3.e.6830","ELEMENT":"f.0F422B68595C6480DC5AFCDC2C3D17C2.d.DF7EC528C188C9DB8EC46FAC3E414FD3.e.6830"}]}
RESULT: {"script":"<script> [56 bytes]","args":[{"element-6066-11e4-a52e-4f735466cecf":"f.0F422B68595C6480DC5AFCDC2C3D17C2.d.DF7EC528C188C9DB8EC46FAC3E414FD3.e.6830","ELEMENT":"f.0F422B68595C6480DC5AFCDC2C3D17C2.d.DF7EC528C188C9DB8EC46FAC3E414FD3.e.6830"}]}
COMMAND: GET /session/10905aa29ded037ab27490674a12b44a/element/f.0F422B68595C6480DC5AFCDC2C3D17C2.d.DF7EC528C188C9DB8EC46FAC3E414FD3.e.6829/attribute/aria-checked - {}
COMMAND: GET /session/10905aa29ded037ab27490674a12b44a/screenshot - {}
RESULT: {}
COMMAND: POST /session/10905aa29ded037ab27490674a12b44a/element - {"using":"xpath","value":"//table[contains(@id, \"listView-innerSelectionPanelTable-listUl\")]/tbody/tr[9]/td[2]/div/div"}
RESULT: {}
RESULT: {"using":"xpath","value":"//table[contains(@id, \"listView-innerSelectionPanelTable-listUl\")]/tbody/tr[9]/td[2]/div/div"}
COMMAND: POST /session/10905aa29ded037ab27490674a12b44a/element - {"using":"xpath","value":"//table[contains(@id, \"listView-innerSelectionPanelTable-listUl\")]/tbody/tr[9]/td[2]/div"}
RESULT: {"using":"xpath","value":"//table[contains(@id, \"listView-innerSelectionPanelTable-listUl\")]/tbody/tr[9]/td[2]/div"}
COMMAND: POST /session/10905aa29ded037ab27490674a12b44a/element - {"using":"xpath","value":"//table[contains(@id, \"listView-innerSelectionPanelTable-listUl\")]/tbody/tr[9]/td[3]/div/div/span/span[1]/bdi"}
RESULT: {"using":"xpath","value":"//table[contains(@id, \"listView-innerSelectionPanelTable-listUl\")]/tbody/tr[9]/td[3]/div/div/span/span[1]/bdi"}
COMMAND: POST /session/10905aa29ded037ab27490674a12b44a/execute/sync - {"script":"<script> [56 bytes]","args":[{"element-6066-11e4-a52e-4f735466cecf":"f.0F422B68595C6480DC5AFCDC2C3D17C2.d.DF7EC528C188C9DB8EC46FAC3E414FD3.e.6833","ELEMENT":"f.0F422B68595C6480DC5AFCDC2C3D17C2.d.DF7EC528C188C9DB8EC46FAC3E414FD3.e.6833"}]}
RESULT: {"script":"<script> [56 bytes]","args":[{"element-6066-11e4-a52e-4f735466cecf":"f.0F422B68595C6480DC5AFCDC2C3D17C2.d.DF7EC528C188C9DB8EC46FAC3E414FD3.e.6833","ELEMENT":"f.0F422B68595C6480DC5AFCDC2C3D17C2.d.DF7EC528C188C9DB8EC46FAC3E414FD3.e.6833"}]}
COMMAND: GET /session/10905aa29ded037ab27490674a12b44a/element/f.0F422B68595C6480DC5AFCDC2C3D17C2.d.DF7EC528C188C9DB8EC46FAC3E414FD3.e.6832/attribute/aria-checked - {}
COMMAND: GET /session/10905aa29ded037ab27490674a12b44a/screenshot - {}
RESULT: {}
COMMAND: POST /session/10905aa29ded037ab27490674a12b44a/element - {"using":"xpath","value":"//table[contains(@id, \"listView-innerSelectionPanelTable-listUl\")]/tbody/tr[10]/td[2]/div/div"}
RESULT: {}
RESULT: {"using":"xpath","value":"//table[contains(@id, \"listView-innerSelectionPanelTable-listUl\")]/tbody/tr[10]/td[2]/div/div"}
COMMAND: POST /session/10905aa29ded037ab27490674a12b44a/element - {"using":"xpath","value":"//table[contains(@id, \"listView-innerSelectionPanelTable-listUl\")]/tbody/tr[10]/td[2]/div"}
RESULT: {"using":"xpath","value":"//table[contains(@id, \"listView-innerSelectionPanelTable-listUl\")]/tbody/tr[10]/td[2]/div"}
COMMAND: POST /session/10905aa29ded037ab27490674a12b44a/element - {"using":"xpath","value":"//table[contains(@id, \"listView-innerSelectionPanelTable-listUl\")]/tbody/tr[10]/td[3]/div/div/span/span[1]/bdi"}
RESULT: {"using":"xpath","value":"//table[contains(@id, \"listView-innerSelectionPanelTable-listUl\")]/tbody/tr[10]/td[3]/div/div/span/span[1]/bdi"}
COMMAND: POST /session/10905aa29ded037ab27490674a12b44a/execute/sync - {"script":"<script> [56 bytes]","args":[{"element-6066-11e4-a52e-4f735466cecf":"f.0F422B68595C6480DC5AFCDC2C3D17C2.d.DF7EC528C188C9DB8EC46FAC3E414FD3.e.6836","ELEMENT":"f.0F422B68595C6480DC5AFCDC2C3D17C2.d.DF7EC528C188C9DB8EC46FAC3E414FD3.e.6836"}]}
RESULT: {"script":"<script> [56 bytes]","args":[{"element-6066-11e4-a52e-4f735466cecf":"f.0F422B68595C6480DC5AFCDC2C3D17C2.d.DF7EC528C188C9DB8EC46FAC3E414FD3.e.6836","ELEMENT":"f.0F422B68595C6480DC5AFCDC2C3D17C2.d.DF7EC528C188C9DB8EC46FAC3E414FD3.e.6836"}]}
COMMAND: GET /session/10905aa29ded037ab27490674a12b44a/element/f.0F422B68595C6480DC5AFCDC2C3D17C2.d.DF7EC528C188C9DB8EC46FAC3E414FD3.e.6835/attribute/aria-checked - {}
COMMAND: GET /session/10905aa29ded037ab27490674a12b44a/screenshot - {}
RESULT: {}
COMMAND: POST /session/10905aa29ded037ab27490674a12b44a/element - {"using":"xpath","value":"//table[contains(@id, \"listView-innerSelectionPanelTable-listUl\")]/tbody/tr[11]/td[2]/div/div"}
RESULT: {}
RESULT: {"using":"xpath","value":"//table[contains(@id, \"listView-innerSelectionPanelTable-listUl\")]/tbody/tr[11]/td[2]/div/div"}
COMMAND: POST /session/10905aa29ded037ab27490674a12b44a/element - {"using":"xpath","value":"//table[contains(@id, \"listView-innerSelectionPanelTable-listUl\")]/tbody/tr[11]/td[2]/div"}
RESULT: {"using":"xpath","value":"//table[contains(@id, \"listView-innerSelectionPanelTable-listUl\")]/tbody/tr[11]/td[2]/div"}
COMMAND: POST /session/10905aa29ded037ab27490674a12b44a/element - {"using":"xpath","value":"//table[contains(@id, \"listView-innerSelectionPanelTable-listUl\")]/tbody/tr[11]/td[3]/div/div/span/span[1]/bdi"}
RESULT: {"using":"xpath","value":"//table[contains(@id, \"listView-innerSelectionPanelTable-listUl\")]/tbody/tr[11]/td[3]/div/div/span/span[1]/bdi"}
COMMAND: POST /session/10905aa29ded037ab27490674a12b44a/execute/sync - {"script":"<script> [56 bytes]","args":[{"element-6066-11e4-a52e-4f735466cecf":"f.0F422B68595C6480DC5AFCDC2C3D17C2.d.DF7EC528C188C9DB8EC46FAC3E414FD3.e.6839","ELEMENT":"f.0F422B68595C6480DC5AFCDC2C3D17C2.d.DF7EC528C188C9DB8EC46FAC3E414FD3.e.6839"}]}
RESULT: {"script":"<script> [56 bytes]","args":[{"element-6066-11e4-a52e-4f735466cecf":"f.0F422B68595C6480DC5AFCDC2C3D17C2.d.DF7EC528C188C9DB8EC46FAC3E414FD3.e.6839","ELEMENT":"f.0F422B68595C6480DC5AFCDC2C3D17C2.d.DF7EC528C188C9DB8EC46FAC3E414FD3.e.6839"}]}
COMMAND: GET /session/10905aa29ded037ab27490674a12b44a/element/f.0F422B68595C6480DC5AFCDC2C3D17C2.d.DF7EC528C188C9DB8EC46FAC3E414FD3.e.6838/attribute/aria-checked - {}
COMMAND: GET /session/10905aa29ded037ab27490674a12b44a/screenshot - {}
RESULT: {}
COMMAND: POST /session/10905aa29ded037ab27490674a12b44a/element - {"using":"xpath","value":"//table[contains(@id, \"listView-innerSelectionPanelTable-listUl\")]/tbody/tr[12]/td[2]/div/div"}
RESULT: {}
RESULT: {"using":"xpath","value":"//table[contains(@id, \"listView-innerSelectionPanelTable-listUl\")]/tbody/tr[12]/td[2]/div/div"}
COMMAND: POST /session/10905aa29ded037ab27490674a12b44a/element - {"using":"xpath","value":"//table[contains(@id, \"listView-innerSelectionPanelTable-listUl\")]/tbody/tr[12]/td[2]/div"}
RESULT: {"using":"xpath","value":"//table[contains(@id, \"listView-innerSelectionPanelTable-listUl\")]/tbody/tr[12]/td[2]/div"}
COMMAND: POST /session/10905aa29ded037ab27490674a12b44a/element - {"using":"xpath","value":"//table[contains(@id, \"listView-innerSelectionPanelTable-listUl\")]/tbody/tr[12]/td[3]/div/div/span/span[1]/bdi"}
RESULT: {"using":"xpath","value":"//table[contains(@id, \"listView-innerSelectionPanelTable-listUl\")]/tbody/tr[12]/td[3]/div/div/span/span[1]/bdi"}
COMMAND: POST /session/10905aa29ded037ab27490674a12b44a/execute/sync - {"script":"<script> [56 bytes]","args":[{"element-6066-11e4-a52e-4f735466cecf":"f.0F422B68595C6480DC5AFCDC2C3D17C2.d.DF7EC528C188C9DB8EC46FAC3E414FD3.e.6842","ELEMENT":"f.0F422B68595C6480DC5AFCDC2C3D17C2.d.DF7EC528C188C9DB8EC46FAC3E414FD3.e.6842"}]}
RESULT: {"script":"<script> [56 bytes]","args":[{"element-6066-11e4-a52e-4f735466cecf":"f.0F422B68595C6480DC5AFCDC2C3D17C2.d.DF7EC528C188C9DB8EC46FAC3E414FD3.e.6842","ELEMENT":"f.0F422B68595C6480DC5AFCDC2C3D17C2.d.DF7EC528C188C9DB8EC46FAC3E414FD3.e.6842"}]}
COMMAND: GET /session/10905aa29ded037ab27490674a12b44a/element/f.0F422B68595C6480DC5AFCDC2C3D17C2.d.DF7EC528C188C9DB8EC46FAC3E414FD3.e.6841/attribute/aria-checked - {}
COMMAND: GET /session/10905aa29ded037ab27490674a12b44a/screenshot - {}
RESULT: {}
COMMAND: POST /session/10905aa29ded037ab27490674a12b44a/element - {"using":"xpath","value":"//table[contains(@id, \"listView-innerSelectionPanelTable-listUl\")]/tbody/tr[13]/td[2]/div/div"}
RESULT: {}
RESULT: {"using":"xpath","value":"//table[contains(@id, \"listView-innerSelectionPanelTable-listUl\")]/tbody/tr[13]/td[2]/div/div"}
COMMAND: POST /session/10905aa29ded037ab27490674a12b44a/element - {"using":"xpath","value":"//table[contains(@id, \"listView-innerSelectionPanelTable-listUl\")]/tbody/tr[13]/td[2]/div"}
RESULT: {"using":"xpath","value":"//table[contains(@id, \"listView-innerSelectionPanelTable-listUl\")]/tbody/tr[13]/td[2]/div"}
COMMAND: POST /session/10905aa29ded037ab27490674a12b44a/element - {"using":"xpath","value":"//table[contains(@id, \"listView-innerSelectionPanelTable-listUl\")]/tbody/tr[13]/td[3]/div/div/span/span[1]/bdi"}
RESULT: {"using":"xpath","value":"//table[contains(@id, \"listView-innerSelectionPanelTable-listUl\")]/tbody/tr[13]/td[3]/div/div/span/span[1]/bdi"}
COMMAND: POST /session/10905aa29ded037ab27490674a12b44a/execute/sync - {"script":"<script> [56 bytes]","args":[{"element-6066-11e4-a52e-4f735466cecf":"f.0F422B68595C6480DC5AFCDC2C3D17C2.d.DF7EC528C188C9DB8EC46FAC3E414FD3.e.6845","ELEMENT":"f.0F422B68595C6480DC5AFCDC2C3D17C2.d.DF7EC528C188C9DB8EC46FAC3E414FD3.e.6845"}]}
RESULT: {"script":"<script> [56 bytes]","args":[{"element-6066-11e4-a52e-4f735466cecf":"f.0F422B68595C6480DC5AFCDC2C3D17C2.d.DF7EC528C188C9DB8EC46FAC3E414FD3.e.6845","ELEMENT":"f.0F422B68595C6480DC5AFCDC2C3D17C2.d.DF7EC528C188C9DB8EC46FAC3E414FD3.e.6845"}]}
COMMAND: GET /session/10905aa29ded037ab27490674a12b44a/element/f.0F422B68595C6480DC5AFCDC2C3D17C2.d.DF7EC528C188C9DB8EC46FAC3E414FD3.e.6844/attribute/aria-checked - {}
COMMAND: GET /session/10905aa29ded037ab27490674a12b44a/screenshot - {}
RESULT: {}
COMMAND: POST /session/10905aa29ded037ab27490674a12b44a/element - {"using":"xpath","value":"//table[contains(@id, \"listView-innerSelectionPanelTable-listUl\")]/tbody/tr[14]/td[2]/div/div"}
COMMAND: POST /session/10905aa29ded037ab27490674a12b44a/element/f.0F422B68595C6480DC5AFCDC2C3D17C2.d.DF7EC528C188C9DB8EC46FAC3E414FD3.e.6843/click - {}
RESULT: {}
RESULT: {"using":"xpath","value":"//table[contains(@id, \"listView-innerSelectionPanelTable-listUl\")]/tbody/tr[14]/td[2]/div/div"}
COMMAND: POST /session/10905aa29ded037ab27490674a12b44a/element - {"using":"xpath","value":"//table[contains(@id, \"listView-innerSelectionPanelTable-listUl\")]/tbody/tr[14]/td[2]/div"}
RESULT: {}
COMMAND: GET /session/10905aa29ded037ab27490674a12b44a/screenshot - {}
RESULT: {"using":"xpath","value":"//table[contains(@id, \"listView-innerSelectionPanelTable-listUl\")]/tbody/tr[14]/td[2]/div"}
COMMAND: POST /session/10905aa29ded037ab27490674a12b44a/element - {"using":"xpath","value":"//table[contains(@id, \"listView-innerSelectionPanelTable-listUl\")]/tbody/tr[14]/td[3]/div/div/span/span[1]/bdi"}
RESULT: {}
RESULT: {"using":"xpath","value":"//table[contains(@id, \"listView-innerSelectionPanelTable-listUl\")]/tbody/tr[14]/td[3]/div/div/span/span[1]/bdi"}
COMMAND: POST /session/10905aa29ded037ab27490674a12b44a/execute/sync - {"script":"<script> [56 bytes]","args":[{"element-6066-11e4-a52e-4f735466cecf":"f.0F422B68595C6480DC5AFCDC2C3D17C2.d.DF7EC528C188C9DB8EC46FAC3E414FD3.e.6849","ELEMENT":"f.0F422B68595C6480DC5AFCDC2C3D17C2.d.DF7EC528C188C9DB8EC46FAC3E414FD3.e.6849"}]}
RESULT: {"script":"<script> [56 bytes]","args":[{"element-6066-11e4-a52e-4f735466cecf":"f.0F422B68595C6480DC5AFCDC2C3D17C2.d.DF7EC528C188C9DB8EC46FAC3E414FD3.e.6849","ELEMENT":"f.0F422B68595C6480DC5AFCDC2C3D17C2.d.DF7EC528C188C9DB8EC46FAC3E414FD3.e.6849"}]}
COMMAND: GET /session/10905aa29ded037ab27490674a12b44a/element/f.0F422B68595C6480DC5AFCDC2C3D17C2.d.DF7EC528C188C9DB8EC46FAC3E414FD3.e.6848/attribute/aria-checked - {}
COMMAND: GET /session/10905aa29ded037ab27490674a12b44a/screenshot - {}
RESULT: {}
COMMAND: POST /session/10905aa29ded037ab27490674a12b44a/element - {"using":"xpath","value":"//table[contains(@id, \"listView-innerSelectionPanelTable-listUl\")]/tbody/tr[15]/td[2]/div/div"}
RESULT: {}
RESULT: {"using":"xpath","value":"//table[contains(@id, \"listView-innerSelectionPanelTable-listUl\")]/tbody/tr[15]/td[2]/div/div"}
COMMAND: POST /session/10905aa29ded037ab27490674a12b44a/element - {"using":"xpath","value":"//table[contains(@id, \"listView-innerSelectionPanelTable-listUl\")]/tbody/tr[15]/td[2]/div"}
RESULT: {"using":"xpath","value":"//table[contains(@id, \"listView-innerSelectionPanelTable-listUl\")]/tbody/tr[15]/td[2]/div"}
COMMAND: POST /session/10905aa29ded037ab27490674a12b44a/element - {"using":"xpath","value":"//table[contains(@id, \"listView-innerSelectionPanelTable-listUl\")]/tbody/tr[15]/td[3]/div/div/span/span[1]/bdi"}
RESULT: {"using":"xpath","value":"//table[contains(@id, \"listView-innerSelectionPanelTable-listUl\")]/tbody/tr[15]/td[3]/div/div/span/span[1]/bdi"}
COMMAND: POST /session/10905aa29ded037ab27490674a12b44a/execute/sync - {"script":"<script> [56 bytes]","args":[{"element-6066-11e4-a52e-4f735466cecf":"f.0F422B68595C6480DC5AFCDC2C3D17C2.d.DF7EC528C188C9DB8EC46FAC3E414FD3.e.6852","ELEMENT":"f.0F422B68595C6480DC5AFCDC2C3D17C2.d.DF7EC528C188C9DB8EC46FAC3E414FD3.e.6852"}]}
RESULT: {"script":"<script> [56 bytes]","args":[{"element-6066-11e4-a52e-4f735466cecf":"f.0F422B68595C6480DC5AFCDC2C3D17C2.d.DF7EC528C188C9DB8EC46FAC3E414FD3.e.6852","ELEMENT":"f.0F422B68595C6480DC5AFCDC2C3D17C2.d.DF7EC528C188C9DB8EC46FAC3E414FD3.e.6852"}]}
COMMAND: GET /session/10905aa29ded037ab27490674a12b44a/element/f.0F422B68595C6480DC5AFCDC2C3D17C2.d.DF7EC528C188C9DB8EC46FAC3E414FD3.e.6851/attribute/aria-checked - {}
COMMAND: GET /session/10905aa29ded037ab27490674a12b44a/screenshot - {}
RESULT: {}
COMMAND: POST /session/10905aa29ded037ab27490674a12b44a/element - {"using":"xpath","value":"//table[contains(@id, \"listView-innerSelectionPanelTable-listUl\")]/tbody/tr[16]/td[2]/div/div"}
RESULT: {}
RESULT: {"using":"xpath","value":"//table[contains(@id, \"listView-innerSelectionPanelTable-listUl\")]/tbody/tr[16]/td[2]/div/div"}
COMMAND: POST /session/10905aa29ded037ab27490674a12b44a/element - {"using":"xpath","value":"//table[contains(@id, \"listView-innerSelectionPanelTable-listUl\")]/tbody/tr[16]/td[2]/div"}
RESULT: {"using":"xpath","value":"//table[contains(@id, \"listView-innerSelectionPanelTable-listUl\")]/tbody/tr[16]/td[2]/div"}
COMMAND: POST /session/10905aa29ded037ab27490674a12b44a/element - {"using":"xpath","value":"//table[contains(@id, \"listView-innerSelectionPanelTable-listUl\")]/tbody/tr[16]/td[3]/div/div/span/span[1]/bdi"}
RESULT: {"using":"xpath","value":"//table[contains(@id, \"listView-innerSelectionPanelTable-listUl\")]/tbody/tr[16]/td[3]/div/div/span/span[1]/bdi"}
COMMAND: POST /session/10905aa29ded037ab27490674a12b44a/execute/sync - {"script":"<script> [56 bytes]","args":[{"element-6066-11e4-a52e-4f735466cecf":"f.0F422B68595C6480DC5AFCDC2C3D17C2.d.DF7EC528C188C9DB8EC46FAC3E414FD3.e.6855","ELEMENT":"f.0F422B68595C6480DC5AFCDC2C3D17C2.d.DF7EC528C188C9DB8EC46FAC3E414FD3.e.6855"}]}
RESULT: {"script":"<script> [56 bytes]","args":[{"element-6066-11e4-a52e-4f735466cecf":"f.0F422B68595C6480DC5AFCDC2C3D17C2.d.DF7EC528C188C9DB8EC46FAC3E414FD3.e.6855","ELEMENT":"f.0F422B68595C6480DC5AFCDC2C3D17C2.d.DF7EC528C188C9DB8EC46FAC3E414FD3.e.6855"}]}
COMMAND: GET /session/10905aa29ded037ab27490674a12b44a/element/f.0F422B68595C6480DC5AFCDC2C3D17C2.d.DF7EC528C188C9DB8EC46FAC3E414FD3.e.6854/attribute/aria-checked - {}
COMMAND: GET /session/10905aa29ded037ab27490674a12b44a/screenshot - {}
RESULT: {}
COMMAND: POST /session/10905aa29ded037ab27490674a12b44a/element - {"using":"xpath","value":"//table[contains(@id, \"listView-innerSelectionPanelTable-listUl\")]/tbody/tr[17]/td[2]/div/div"}
RESULT: {}
RESULT: {"using":"xpath","value":"//table[contains(@id, \"listView-innerSelectionPanelTable-listUl\")]/tbody/tr[17]/td[2]/div/div"}
COMMAND: POST /session/10905aa29ded037ab27490674a12b44a/element - {"using":"xpath","value":"//table[contains(@id, \"listView-innerSelectionPanelTable-listUl\")]/tbody/tr[17]/td[2]/div"}
RESULT: {"using":"xpath","value":"//table[contains(@id, \"listView-innerSelectionPanelTable-listUl\")]/tbody/tr[17]/td[2]/div"}
COMMAND: POST /session/10905aa29ded037ab27490674a12b44a/element - {"using":"xpath","value":"//table[contains(@id, \"listView-innerSelectionPanelTable-listUl\")]/tbody/tr[17]/td[3]/div/div/span/span[1]/bdi"}
RESULT: {"using":"xpath","value":"//table[contains(@id, \"listView-innerSelectionPanelTable-listUl\")]/tbody/tr[17]/td[3]/div/div/span/span[1]/bdi"}
COMMAND: POST /session/10905aa29ded037ab27490674a12b44a/execute/sync - {"script":"<script> [56 bytes]","args":[{"element-6066-11e4-a52e-4f735466cecf":"f.0F422B68595C6480DC5AFCDC2C3D17C2.d.DF7EC528C188C9DB8EC46FAC3E414FD3.e.6858","ELEMENT":"f.0F422B68595C6480DC5AFCDC2C3D17C2.d.DF7EC528C188C9DB8EC46FAC3E414FD3.e.6858"}]}
RESULT: {"script":"<script> [56 bytes]","args":[{"element-6066-11e4-a52e-4f735466cecf":"f.0F422B68595C6480DC5AFCDC2C3D17C2.d.DF7EC528C188C9DB8EC46FAC3E414FD3.e.6858","ELEMENT":"f.0F422B68595C6480DC5AFCDC2C3D17C2.d.DF7EC528C188C9DB8EC46FAC3E414FD3.e.6858"}]}
COMMAND: GET /session/10905aa29ded037ab27490674a12b44a/element/f.0F422B68595C6480DC5AFCDC2C3D17C2.d.DF7EC528C188C9DB8EC46FAC3E414FD3.e.6857/attribute/aria-checked - {}
COMMAND: GET /session/10905aa29ded037ab27490674a12b44a/screenshot - {}
RESULT: {}
COMMAND: POST /session/10905aa29ded037ab27490674a12b44a/element - {"using":"xpath","value":"//table[contains(@id, \"listView-innerSelectionPanelTable-listUl\")]/tbody/tr[18]/td[2]/div/div"}
RESULT: {}
RESULT: {"using":"xpath","value":"//table[contains(@id, \"listView-innerSelectionPanelTable-listUl\")]/tbody/tr[18]/td[2]/div/div"}
COMMAND: POST /session/10905aa29ded037ab27490674a12b44a/element - {"using":"xpath","value":"//table[contains(@id, \"listView-innerSelectionPanelTable-listUl\")]/tbody/tr[18]/td[2]/div"}
RESULT: {"using":"xpath","value":"//table[contains(@id, \"listView-innerSelectionPanelTable-listUl\")]/tbody/tr[18]/td[2]/div"}
COMMAND: POST /session/10905aa29ded037ab27490674a12b44a/element - {"using":"xpath","value":"//table[contains(@id, \"listView-innerSelectionPanelTable-listUl\")]/tbody/tr[18]/td[3]/div/div/span/span[1]/bdi"}
RESULT: {"using":"xpath","value":"//table[contains(@id, \"listView-innerSelectionPanelTable-listUl\")]/tbody/tr[18]/td[3]/div/div/span/span[1]/bdi"}
COMMAND: POST /session/10905aa29ded037ab27490674a12b44a/execute/sync - {"script":"<script> [56 bytes]","args":[{"element-6066-11e4-a52e-4f735466cecf":"f.0F422B68595C6480DC5AFCDC2C3D17C2.d.DF7EC528C188C9DB8EC46FAC3E414FD3.e.6861","ELEMENT":"f.0F422B68595C6480DC5AFCDC2C3D17C2.d.DF7EC528C188C9DB8EC46FAC3E414FD3.e.6861"}]}
RESULT: {"script":"<script> [56 bytes]","args":[{"element-6066-11e4-a52e-4f735466cecf":"f.0F422B68595C6480DC5AFCDC2C3D17C2.d.DF7EC528C188C9DB8EC46FAC3E414FD3.e.6861","ELEMENT":"f.0F422B68595C6480DC5AFCDC2C3D17C2.d.DF7EC528C188C9DB8EC46FAC3E414FD3.e.6861"}]}
COMMAND: GET /session/10905aa29ded037ab27490674a12b44a/element/f.0F422B68595C6480DC5AFCDC2C3D17C2.d.DF7EC528C188C9DB8EC46FAC3E414FD3.e.6860/attribute/aria-checked - {}
COMMAND: GET /session/10905aa29ded037ab27490674a12b44a/screenshot - {}
RESULT: {}
COMMAND: POST /session/10905aa29ded037ab27490674a12b44a/element - {"using":"xpath","value":"//table[contains(@id, \"listView-innerSelectionPanelTable-listUl\")]/tbody/tr[19]/td[2]/div/div"}
RESULT: {}
RESULT: {"using":"xpath","value":"//table[contains(@id, \"listView-innerSelectionPanelTable-listUl\")]/tbody/tr[19]/td[2]/div/div"}
COMMAND: POST /session/10905aa29ded037ab27490674a12b44a/element - {"using":"xpath","value":"//table[contains(@id, \"listView-innerSelectionPanelTable-listUl\")]/tbody/tr[19]/td[2]/div"}
RESULT: {"using":"xpath","value":"//table[contains(@id, \"listView-innerSelectionPanelTable-listUl\")]/tbody/tr[19]/td[2]/div"}
COMMAND: POST /session/10905aa29ded037ab27490674a12b44a/element - {"using":"xpath","value":"//table[contains(@id, \"listView-innerSelectionPanelTable-listUl\")]/tbody/tr[19]/td[3]/div/div/span/span[1]/bdi"}
RESULT: {"using":"xpath","value":"//table[contains(@id, \"listView-innerSelectionPanelTable-listUl\")]/tbody/tr[19]/td[3]/div/div/span/span[1]/bdi"}
COMMAND: POST /session/10905aa29ded037ab27490674a12b44a/execute/sync - {"script":"<script> [56 bytes]","args":[{"element-6066-11e4-a52e-4f735466cecf":"f.0F422B68595C6480DC5AFCDC2C3D17C2.d.DF7EC528C188C9DB8EC46FAC3E414FD3.e.6864","ELEMENT":"f.0F422B68595C6480DC5AFCDC2C3D17C2.d.DF7EC528C188C9DB8EC46FAC3E414FD3.e.6864"}]}
RESULT: {"script":"<script> [56 bytes]","args":[{"element-6066-11e4-a52e-4f735466cecf":"f.0F422B68595C6480DC5AFCDC2C3D17C2.d.DF7EC528C188C9DB8EC46FAC3E414FD3.e.6864","ELEMENT":"f.0F422B68595C6480DC5AFCDC2C3D17C2.d.DF7EC528C188C9DB8EC46FAC3E414FD3.e.6864"}]}
COMMAND: GET /session/10905aa29ded037ab27490674a12b44a/element/f.0F422B68595C6480DC5AFCDC2C3D17C2.d.DF7EC528C188C9DB8EC46FAC3E414FD3.e.6863/attribute/aria-checked - {}
COMMAND: GET /session/10905aa29ded037ab27490674a12b44a/screenshot - {}
RESULT: {}
COMMAND: POST /session/10905aa29ded037ab27490674a12b44a/element - {"using":"xpath","value":"//table[contains(@id, \"listView-innerSelectionPanelTable-listUl\")]/tbody/tr[20]/td[2]/div/div"}
RESULT: {}
RESULT: {"using":"xpath","value":"//table[contains(@id, \"listView-innerSelectionPanelTable-listUl\")]/tbody/tr[20]/td[2]/div/div"}
COMMAND: POST /session/10905aa29ded037ab27490674a12b44a/element - {"using":"xpath","value":"//table[contains(@id, \"listView-innerSelectionPanelTable-listUl\")]/tbody/tr[20]/td[2]/div"}
RESULT: {"using":"xpath","value":"//table[contains(@id, \"listView-innerSelectionPanelTable-listUl\")]/tbody/tr[20]/td[2]/div"}
COMMAND: POST /session/10905aa29ded037ab27490674a12b44a/element - {"using":"xpath","value":"//table[contains(@id, \"listView-innerSelectionPanelTable-listUl\")]/tbody/tr[20]/td[3]/div/div/span/span[1]/bdi"}
RESULT: {"using":"xpath","value":"//table[contains(@id, \"listView-innerSelectionPanelTable-listUl\")]/tbody/tr[20]/td[3]/div/div/span/span[1]/bdi"}
COMMAND: POST /session/10905aa29ded037ab27490674a12b44a/execute/sync - {"script":"<script> [56 bytes]","args":[{"element-6066-11e4-a52e-4f735466cecf":"f.0F422B68595C6480DC5AFCDC2C3D17C2.d.DF7EC528C188C9DB8EC46FAC3E414FD3.e.6867","ELEMENT":"f.0F422B68595C6480DC5AFCDC2C3D17C2.d.DF7EC528C188C9DB8EC46FAC3E414FD3.e.6867"}]}
RESULT: {"script":"<script> [56 bytes]","args":[{"element-6066-11e4-a52e-4f735466cecf":"f.0F422B68595C6480DC5AFCDC2C3D17C2.d.DF7EC528C188C9DB8EC46FAC3E414FD3.e.6867","ELEMENT":"f.0F422B68595C6480DC5AFCDC2C3D17C2.d.DF7EC528C188C9DB8EC46FAC3E414FD3.e.6867"}]}
COMMAND: GET /session/10905aa29ded037ab27490674a12b44a/element/f.0F422B68595C6480DC5AFCDC2C3D17C2.d.DF7EC528C188C9DB8EC46FAC3E414FD3.e.6866/attribute/aria-checked - {}
COMMAND: GET /session/10905aa29ded037ab27490674a12b44a/screenshot - {}
RESULT: {}
COMMAND: POST /session/10905aa29ded037ab27490674a12b44a/element - {"using":"xpath","value":"//table[contains(@id, \"listView-innerSelectionPanelTable-listUl\")]/tbody/tr[21]/td[2]/div/div"}
RESULT: {}
RESULT: {"using":"xpath","value":"//table[contains(@id, \"listView-innerSelectionPanelTable-listUl\")]/tbody/tr[21]/td[2]/div/div"}
COMMAND: POST /session/10905aa29ded037ab27490674a12b44a/element - {"using":"xpath","value":"//table[contains(@id, \"listView-innerSelectionPanelTable-listUl\")]/tbody/tr[21]/td[2]/div"}
RESULT: {"using":"xpath","value":"//table[contains(@id, \"listView-innerSelectionPanelTable-listUl\")]/tbody/tr[21]/td[2]/div"}
COMMAND: POST /session/10905aa29ded037ab27490674a12b44a/element - {"using":"xpath","value":"//table[contains(@id, \"listView-innerSelectionPanelTable-listUl\")]/tbody/tr[21]/td[3]/div/div/span/span[1]/bdi"}
RESULT: {"using":"xpath","value":"//table[contains(@id, \"listView-innerSelectionPanelTable-listUl\")]/tbody/tr[21]/td[3]/div/div/span/span[1]/bdi"}
COMMAND: POST /session/10905aa29ded037ab27490674a12b44a/execute/sync - {"script":"<script> [56 bytes]","args":[{"element-6066-11e4-a52e-4f735466cecf":"f.0F422B68595C6480DC5AFCDC2C3D17C2.d.DF7EC528C188C9DB8EC46FAC3E414FD3.e.6870","ELEMENT":"f.0F422B68595C6480DC5AFCDC2C3D17C2.d.DF7EC528C188C9DB8EC46FAC3E414FD3.e.6870"}]}
RESULT: {"script":"<script> [56 bytes]","args":[{"element-6066-11e4-a52e-4f735466cecf":"f.0F422B68595C6480DC5AFCDC2C3D17C2.d.DF7EC528C188C9DB8EC46FAC3E414FD3.e.6870","ELEMENT":"f.0F422B68595C6480DC5AFCDC2C3D17C2.d.DF7EC528C188C9DB8EC46FAC3E414FD3.e.6870"}]}
COMMAND: GET /session/10905aa29ded037ab27490674a12b44a/element/f.0F422B68595C6480DC5AFCDC2C3D17C2.d.DF7EC528C188C9DB8EC46FAC3E414FD3.e.6869/attribute/aria-checked - {}
COMMAND: GET /session/10905aa29ded037ab27490674a12b44a/screenshot - {}
RESULT: {}
COMMAND: POST /session/10905aa29ded037ab27490674a12b44a/element - {"using":"xpath","value":"//table[contains(@id, \"listView-innerSelectionPanelTable-listUl\")]/tbody/tr[22]/td[2]/div/div"}
RESULT: {}
RESULT: {"using":"xpath","value":"//table[contains(@id, \"listView-innerSelectionPanelTable-listUl\")]/tbody/tr[22]/td[2]/div/div"}
COMMAND: POST /session/10905aa29ded037ab27490674a12b44a/element - {"using":"xpath","value":"//table[contains(@id, \"listView-innerSelectionPanelTable-listUl\")]/tbody/tr[22]/td[2]/div"}
RESULT: {"using":"xpath","value":"//table[contains(@id, \"listView-innerSelectionPanelTable-listUl\")]/tbody/tr[22]/td[2]/div"}
COMMAND: POST /session/10905aa29ded037ab27490674a12b44a/element - {"using":"xpath","value":"//table[contains(@id, \"listView-innerSelectionPanelTable-listUl\")]/tbody/tr[22]/td[3]/div/div/span/span[1]/bdi"}
RESULT: {"using":"xpath","value":"//table[contains(@id, \"listView-innerSelectionPanelTable-listUl\")]/tbody/tr[22]/td[3]/div/div/span/span[1]/bdi"}
COMMAND: POST /session/10905aa29ded037ab27490674a12b44a/execute/sync - {"script":"<script> [56 bytes]","args":[{"element-6066-11e4-a52e-4f735466cecf":"f.0F422B68595C6480DC5AFCDC2C3D17C2.d.DF7EC528C188C9DB8EC46FAC3E414FD3.e.6873","ELEMENT":"f.0F422B68595C6480DC5AFCDC2C3D17C2.d.DF7EC528C188C9DB8EC46FAC3E414FD3.e.6873"}]}
RESULT: {"script":"<script> [56 bytes]","args":[{"element-6066-11e4-a52e-4f735466cecf":"f.0F422B68595C6480DC5AFCDC2C3D17C2.d.DF7EC528C188C9DB8EC46FAC3E414FD3.e.6873","ELEMENT":"f.0F422B68595C6480DC5AFCDC2C3D17C2.d.DF7EC528C188C9DB8EC46FAC3E414FD3.e.6873"}]}
COMMAND: GET /session/10905aa29ded037ab27490674a12b44a/element/f.0F422B68595C6480DC5AFCDC2C3D17C2.d.DF7EC528C188C9DB8EC46FAC3E414FD3.e.6872/attribute/aria-checked - {}
COMMAND: GET /session/10905aa29ded037ab27490674a12b44a/screenshot - {}
RESULT: {}
COMMAND: POST /session/10905aa29ded037ab27490674a12b44a/element - {"using":"xpath","value":"//table[contains(@id, \"listView-innerSelectionPanelTable-listUl\")]/tbody/tr[23]/td[2]/div/div"}
RESULT: {}
RESULT: {"using":"xpath","value":"//table[contains(@id, \"listView-innerSelectionPanelTable-listUl\")]/tbody/tr[23]/td[2]/div/div"}
COMMAND: POST /session/10905aa29ded037ab27490674a12b44a/element - {"using":"xpath","value":"//table[contains(@id, \"listView-innerSelectionPanelTable-listUl\")]/tbody/tr[23]/td[2]/div"}
RESULT: {"using":"xpath","value":"//table[contains(@id, \"listView-innerSelectionPanelTable-listUl\")]/tbody/tr[23]/td[2]/div"}
COMMAND: POST /session/10905aa29ded037ab27490674a12b44a/element - {"using":"xpath","value":"//table[contains(@id, \"listView-innerSelectionPanelTable-listUl\")]/tbody/tr[23]/td[3]/div/div/span/span[1]/bdi"}
RESULT: {"using":"xpath","value":"//table[contains(@id, \"listView-innerSelectionPanelTable-listUl\")]/tbody/tr[23]/td[3]/div/div/span/span[1]/bdi"}
COMMAND: POST /session/10905aa29ded037ab27490674a12b44a/execute/sync - {"script":"<script> [56 bytes]","args":[{"element-6066-11e4-a52e-4f735466cecf":"f.0F422B68595C6480DC5AFCDC2C3D17C2.d.DF7EC528C188C9DB8EC46FAC3E414FD3.e.6876","ELEMENT":"f.0F422B68595C6480DC5AFCDC2C3D17C2.d.DF7EC528C188C9DB8EC46FAC3E414FD3.e.6876"}]}
RESULT: {"script":"<script> [56 bytes]","args":[{"element-6066-11e4-a52e-4f735466cecf":"f.0F422B68595C6480DC5AFCDC2C3D17C2.d.DF7EC528C188C9DB8EC46FAC3E414FD3.e.6876","ELEMENT":"f.0F422B68595C6480DC5AFCDC2C3D17C2.d.DF7EC528C188C9DB8EC46FAC3E414FD3.e.6876"}]}
COMMAND: GET /session/10905aa29ded037ab27490674a12b44a/element/f.0F422B68595C6480DC5AFCDC2C3D17C2.d.DF7EC528C188C9DB8EC46FAC3E414FD3.e.6875/attribute/aria-checked - {}
COMMAND: GET /session/10905aa29ded037ab27490674a12b44a/screenshot - {}
RESULT: {}
COMMAND: POST /session/10905aa29ded037ab27490674a12b44a/element - {"using":"xpath","value":"//table[contains(@id, \"listView-innerSelectionPanelTable-listUl\")]/tbody/tr[24]/td[2]/div/div"}
RESULT: {}
RESULT: {"using":"xpath","value":"//table[contains(@id, \"listView-innerSelectionPanelTable-listUl\")]/tbody/tr[24]/td[2]/div/div"}
COMMAND: POST /session/10905aa29ded037ab27490674a12b44a/element - {"using":"xpath","value":"//table[contains(@id, \"listView-innerSelectionPanelTable-listUl\")]/tbody/tr[24]/td[2]/div"}
RESULT: {"using":"xpath","value":"//table[contains(@id, \"listView-innerSelectionPanelTable-listUl\")]/tbody/tr[24]/td[2]/div"}
COMMAND: POST /session/10905aa29ded037ab27490674a12b44a/element - {"using":"xpath","value":"//table[contains(@id, \"listView-innerSelectionPanelTable-listUl\")]/tbody/tr[24]/td[3]/div/div/span/span[1]/bdi"}
RESULT: {"using":"xpath","value":"//table[contains(@id, \"listView-innerSelectionPanelTable-listUl\")]/tbody/tr[24]/td[3]/div/div/span/span[1]/bdi"}
COMMAND: POST /session/10905aa29ded037ab27490674a12b44a/execute/sync - {"script":"<script> [56 bytes]","args":[{"element-6066-11e4-a52e-4f735466cecf":"f.0F422B68595C6480DC5AFCDC2C3D17C2.d.DF7EC528C188C9DB8EC46FAC3E414FD3.e.6879","ELEMENT":"f.0F422B68595C6480DC5AFCDC2C3D17C2.d.DF7EC528C188C9DB8EC46FAC3E414FD3.e.6879"}]}
RESULT: {"script":"<script> [56 bytes]","args":[{"element-6066-11e4-a52e-4f735466cecf":"f.0F422B68595C6480DC5AFCDC2C3D17C2.d.DF7EC528C188C9DB8EC46FAC3E414FD3.e.6879","ELEMENT":"f.0F422B68595C6480DC5AFCDC2C3D17C2.d.DF7EC528C188C9DB8EC46FAC3E414FD3.e.6879"}]}
COMMAND: GET /session/10905aa29ded037ab27490674a12b44a/element/f.0F422B68595C6480DC5AFCDC2C3D17C2.d.DF7EC528C188C9DB8EC46FAC3E414FD3.e.6878/attribute/aria-checked - {}
COMMAND: GET /session/10905aa29ded037ab27490674a12b44a/screenshot - {}
RESULT: {}
COMMAND: POST /session/10905aa29ded037ab27490674a12b44a/element - {"using":"xpath","value":"//table[contains(@id, \"listView-innerSelectionPanelTable-listUl\")]/tbody/tr[25]/td[2]/div/div"}
RESULT: {}
RESULT: {"using":"xpath","value":"//table[contains(@id, \"listView-innerSelectionPanelTable-listUl\")]/tbody/tr[25]/td[2]/div/div"}
COMMAND: POST /session/10905aa29ded037ab27490674a12b44a/element - {"using":"xpath","value":"//table[contains(@id, \"listView-innerSelectionPanelTable-listUl\")]/tbody/tr[25]/td[2]/div"}
RESULT: {"using":"xpath","value":"//table[contains(@id, \"listView-innerSelectionPanelTable-listUl\")]/tbody/tr[25]/td[2]/div"}
COMMAND: POST /session/10905aa29ded037ab27490674a12b44a/element - {"using":"xpath","value":"//table[contains(@id, \"listView-innerSelectionPanelTable-listUl\")]/tbody/tr[25]/td[3]/div/div/span/span[1]/bdi"}
RESULT: {"using":"xpath","value":"//table[contains(@id, \"listView-innerSelectionPanelTable-listUl\")]/tbody/tr[25]/td[3]/div/div/span/span[1]/bdi"}
COMMAND: POST /session/10905aa29ded037ab27490674a12b44a/execute/sync - {"script":"<script> [56 bytes]","args":[{"element-6066-11e4-a52e-4f735466cecf":"f.0F422B68595C6480DC5AFCDC2C3D17C2.d.DF7EC528C188C9DB8EC46FAC3E414FD3.e.6882","ELEMENT":"f.0F422B68595C6480DC5AFCDC2C3D17C2.d.DF7EC528C188C9DB8EC46FAC3E414FD3.e.6882"}]}
RESULT: {"script":"<script> [56 bytes]","args":[{"element-6066-11e4-a52e-4f735466cecf":"f.0F422B68595C6480DC5AFCDC2C3D17C2.d.DF7EC528C188C9DB8EC46FAC3E414FD3.e.6882","ELEMENT":"f.0F422B68595C6480DC5AFCDC2C3D17C2.d.DF7EC528C188C9DB8EC46FAC3E414FD3.e.6882"}]}
COMMAND: GET /session/10905aa29ded037ab27490674a12b44a/element/f.0F422B68595C6480DC5AFCDC2C3D17C2.d.DF7EC528C188C9DB8EC46FAC3E414FD3.e.6881/attribute/aria-checked - {}
COMMAND: GET /session/10905aa29ded037ab27490674a12b44a/screenshot - {}
RESULT: {}
COMMAND: POST /session/10905aa29ded037ab27490674a12b44a/element - {"using":"xpath","value":"//bdi[contains(text(), \"OK\")]"}
RESULT: {}
RESULT: {"using":"xpath","value":"//bdi[contains(text(), \"OK\")]"}
COMMAND: POST /session/10905aa29ded037ab27490674a12b44a/element/f.0F422B68595C6480DC5AFCDC2C3D17C2.d.DF7EC528C188C9DB8EC46FAC3E414FD3.e.6883/click - {}
RESULT: {}
COMMAND: GET /session/10905aa29ded037ab27490674a12b44a/screenshot - {}
RESULT: {}
COMMAND: POST /session/10905aa29ded037ab27490674a12b44a/execute/async - {"script":"<script> [1562 bytes]","args":[{"selector":{"id":"application-managepartners-display-component---masterPtm--smartFilterBar-filterItemControlA_-LINK_TO_ADDRESSES_MAIN.CITY1-vhi"},"wdio_ui5_key":"applicationmanagepartners-display-component---masterPtm--smartFilterBar-filterItemControlA_-LINK_TO_ADDRESSES_MAIN.CITY1-vhi"}]}
RESULT: {"script":"<script> [1562 bytes]","args":[{"selector":{"id":"application-managepartners-display-component---masterPtm--smartFilterBar-filterItemControlA_-LINK_TO_ADDRESSES_MAIN.CITY1-vhi"},"wdio_ui5_key":"applicationmanagepartners-display-component---masterPtm--smartFilterBar-filterItemControlA_-LINK_TO_ADDRESSES_MAIN.CITY1-vhi"}]}
RESULT: undefined
COMMAND: POST /session/10905aa29ded037ab27490674a12b44a/element - {"using":"xpath","value":"//*[@id=\"application-managepartners-display-component---masterPtm--smartFilterBar-filterItemControlA_-LINK_TO_ADDRESSES_MAIN.CITY1-vhi\"]"}
RESULT: {"using":"xpath","value":"//*[@id=\"application-managepartners-display-component---masterPtm--smartFilterBar-filterItemControlA_-LINK_TO_ADDRESSES_MAIN.CITY1-vhi\"]"}
COMMAND: POST /session/10905aa29ded037ab27490674a12b44a/element/f.0F422B68595C6480DC5AFCDC2C3D17C2.d.DF7EC528C188C9DB8EC46FAC3E414FD3.e.6897/click - {}
RESULT: {}
COMMAND: GET /session/10905aa29ded037ab27490674a12b44a/screenshot - {}
RESULT: {}
COMMAND: POST /session/10905aa29ded037ab27490674a12b44a/execute/async - {"script":"<script> [1562 bytes]","args":[{"selector":{"controlType":"sap.m.Input","viewName":"etm.portal.ui.managepartners.view.Master","viewId":"application-managepartners-display-component---masterPtm","properties":{"valueState":"None"},"searchOpenDialogs":true,"interaction":{"idSuffix":"inner"}},"wdio_ui5_key":"etmportal.ui.managepartners.view.Mastersap.m.Input{\"valueState\":\"None\"}"}]}
RESULT: {"script":"<script> [1562 bytes]","args":[{"selector":{"controlType":"sap.m.Input","viewName":"etm.portal.ui.managepartners.view.Master","viewId":"application-managepartners-display-component---masterPtm","properties":{"valueState":"None"},"searchOpenDialogs":true,"interaction":{"idSuffix":"inner"}},"wdio_ui5_key":"etmportal.ui.managepartners.view.Mastersap.m.Input{\"valueState\":\"None\"}"}]}
RESULT: undefined
COMMAND: POST /session/10905aa29ded037ab27490674a12b44a/execute/async - {"script":"<script> [776 bytes]","args":[{"enterText":"Bangalore","selector":{"controlType":"sap.m.Input","viewName":"etm.portal.ui.managepartners.view.Master","viewId":"application-managepartners-display-component---masterPtm","properties":{"valueState":"None"},"searchOpenDialogs":true,"interaction":{"idSuffix":"inner"}},"clearTextFirst":true,"interactionType":"ENTER_TEXT"}]}
RESULT: {"script":"<script> [776 bytes]","args":[{"enterText":"Bangalore","selector":{"controlType":"sap.m.Input","viewName":"etm.portal.ui.managepartners.view.Master","viewId":"application-managepartners-display-component---masterPtm","properties":{"valueState":"None"},"searchOpenDialogs":true,"interaction":{"idSuffix":"inner"}},"clearTextFirst":true,"interactionType":"ENTER_TEXT"}]}
COMMAND: POST /session/10905aa29ded037ab27490674a12b44a/actions - {"actions":[{"id":"action21","type":"key","parameters":{},"actions":[{"type":"keyDown","value":"î€‡"},{"type":"pause","duration":10},{"type":"keyUp","value":"î€‡"}]}]}
RESULT: {"actions":[{"id":"action21","type":"key","parameters":{},"actions":[{"type":"keyDown","value":"î€‡"},{"type":"pause","duration":10},{"type":"keyUp","value":"î€‡"}]}]}
COMMAND: GET /session/10905aa29ded037ab27490674a12b44a/screenshot - {}
RESULT: {}
COMMAND: POST /session/10905aa29ded037ab27490674a12b44a/element - {"using":"xpath","value":"(//bdi[contains(text(), \"OK\")])[1]"}
RESULT: {"using":"xpath","value":"(//bdi[contains(text(), \"OK\")])[1]"}
COMMAND: POST /session/10905aa29ded037ab27490674a12b44a/element/f.0F422B68595C6480DC5AFCDC2C3D17C2.d.DF7EC528C188C9DB8EC46FAC3E414FD3.e.6903/click - {}
RESULT: {}
COMMAND: GET /session/10905aa29ded037ab27490674a12b44a/screenshot - {}
RESULT: {}
COMMAND: POST /session/10905aa29ded037ab27490674a12b44a/element - {"using":"xpath","value":"//span[@id=\"application-managepartners-display-component---masterPtm--smartTable-header-inner\"]"}
RESULT: {"using":"xpath","value":"//span[@id=\"application-managepartners-display-component---masterPtm--smartTable-header-inner\"]"}
COMMAND: POST /session/10905aa29ded037ab27490674a12b44a/elements - {"using":"xpath","value":"//span[@id=\"application-managepartners-display-component---masterPtm--smartTable-header-inner\"]"}
RESULT: {"using":"xpath","value":"//span[@id=\"application-managepartners-display-component---masterPtm--smartTable-header-inner\"]"}
COMMAND: POST /session/10905aa29ded037ab27490674a12b44a/execute/sync - {"script":"<script> [56 bytes]","args":[{"element-6066-11e4-a52e-4f735466cecf":"f.0F422B68595C6480DC5AFCDC2C3D17C2.d.DF7EC528C188C9DB8EC46FAC3E414FD3.e.6014","ELEMENT":"f.0F422B68595C6480DC5AFCDC2C3D17C2.d.DF7EC528C188C9DB8EC46FAC3E414FD3.e.6014"}]}
RESULT: {"script":"<script> [56 bytes]","args":[{"element-6066-11e4-a52e-4f735466cecf":"f.0F422B68595C6480DC5AFCDC2C3D17C2.d.DF7EC528C188C9DB8EC46FAC3E414FD3.e.6014","ELEMENT":"f.0F422B68595C6480DC5AFCDC2C3D17C2.d.DF7EC528C188C9DB8EC46FAC3E414FD3.e.6014"}]}
COMMAND: POST /session/10905aa29ded037ab27490674a12b44a/element - {"using":"xpath","value":"//span[contains(@title, \"Remove\")]"}
COMMAND: GET /session/10905aa29ded037ab27490674a12b44a/screenshot - {}
RESULT: {"using":"xpath","value":"//span[contains(@title, \"Remove\")]"}
COMMAND: POST /session/10905aa29ded037ab27490674a12b44a/element/f.0F422B68595C6480DC5AFCDC2C3D17C2.d.DF7EC528C188C9DB8EC46FAC3E414FD3.e.6967/click - {}
RESULT: {}
RESULT: {}
COMMAND: GET /session/10905aa29ded037ab27490674a12b44a/screenshot - {}
RESULT: {}
COMMAND: POST /session/10905aa29ded037ab27490674a12b44a/element - {"using":"xpath","value":"//span[@id=\"application-managepartners-display-component---masterPtm--smartTable-header-inner\"]"}
RESULT: {"using":"xpath","value":"//span[@id=\"application-managepartners-display-component---masterPtm--smartTable-header-inner\"]"}
COMMAND: POST /session/10905aa29ded037ab27490674a12b44a/elements - {"using":"xpath","value":"//span[@id=\"application-managepartners-display-component---masterPtm--smartTable-header-inner\"]"}
RESULT: {"using":"xpath","value":"//span[@id=\"application-managepartners-display-component---masterPtm--smartTable-header-inner\"]"}
COMMAND: POST /session/10905aa29ded037ab27490674a12b44a/execute/sync - {"script":"<script> [56 bytes]","args":[{"element-6066-11e4-a52e-4f735466cecf":"f.0F422B68595C6480DC5AFCDC2C3D17C2.d.DF7EC528C188C9DB8EC46FAC3E414FD3.e.6014","ELEMENT":"f.0F422B68595C6480DC5AFCDC2C3D17C2.d.DF7EC528C188C9DB8EC46FAC3E414FD3.e.6014"}]}
RESULT: {"script":"<script> [56 bytes]","args":[{"element-6066-11e4-a52e-4f735466cecf":"f.0F422B68595C6480DC5AFCDC2C3D17C2.d.DF7EC528C188C9DB8EC46FAC3E414FD3.e.6014","ELEMENT":"f.0F422B68595C6480DC5AFCDC2C3D17C2.d.DF7EC528C188C9DB8EC46FAC3E414FD3.e.6014"}]}
COMMAND: POST /session/10905aa29ded037ab27490674a12b44a/element - {"using":"css selector","value":"#shell-header-logo"}
COMMAND: GET /session/10905aa29ded037ab27490674a12b44a/screenshot - {}
RESULT: {"using":"css selector","value":"#shell-header-logo"}
COMMAND: POST /session/10905aa29ded037ab27490674a12b44a/element/f.0F422B68595C6480DC5AFCDC2C3D17C2.d.DF7EC528C188C9DB8EC46FAC3E414FD3.e.5843/click - {}
RESULT: {}
RESULT: {}
COMMAND: GET /session/10905aa29ded037ab27490674a12b44a/screenshot - {}
RESULT: {}
]]></system-out>
    </testcase>
    <testcase classname="chrome.135_0_7049_96.windows.Partner_specific_tests_US150819_US151080_US151654_US151176_US103444_US151078_US151079_US151109_US151174_US151175_US151189" name="Should try to save empty partner US151174" time="39.292">
      <system-out><![CDATA[
COMMAND: POST /session/10905aa29ded037ab27490674a12b44a/element - {"using":"xpath","value":"//li[.//span[text()=\"Manage Partners\"]]"}
RESULT: {"using":"xpath","value":"//li[.//span[text()=\"Manage Partners\"]]"}
COMMAND: POST /session/10905aa29ded037ab27490674a12b44a/element - {"using":"xpath","value":"//li[.//span[text()=\"Manage Partners\"]]"}
RESULT: {"using":"xpath","value":"//li[.//span[text()=\"Manage Partners\"]]"}
COMMAND: POST /session/10905aa29ded037ab27490674a12b44a/element - {"using":"css selector","value":"#shell-header-logo"}
RESULT: {"using":"css selector","value":"#shell-header-logo"}
COMMAND: POST /session/10905aa29ded037ab27490674a12b44a/element/f.0F422B68595C6480DC5AFCDC2C3D17C2.d.DF7EC528C188C9DB8EC46FAC3E414FD3.e.7060/click - {}
COMMAND: POST /session/10905aa29ded037ab27490674a12b44a/execute/sync - {"script":"<script> [8489 bytes]","args":[{"element-6066-11e4-a52e-4f735466cecf":"f.0F422B68595C6480DC5AFCDC2C3D17C2.d.DF7EC528C188C9DB8EC46FAC3E414FD3.e.7060","ELEMENT":"f.0F422B68595C6480DC5AFCDC2C3D17C2.d.DF7EC528C188C9DB8EC46FAC3E414FD3.e.7060"}]}
RESULT: {}
COMMAND: GET /session/10905aa29ded037ab27490674a12b44a/screenshot - {}
RESULT: {"script":"<script> [8489 bytes]","args":[{"element-6066-11e4-a52e-4f735466cecf":"f.0F422B68595C6480DC5AFCDC2C3D17C2.d.DF7EC528C188C9DB8EC46FAC3E414FD3.e.7060","ELEMENT":"f.0F422B68595C6480DC5AFCDC2C3D17C2.d.DF7EC528C188C9DB8EC46FAC3E414FD3.e.7060"}]}
COMMAND: POST /session/10905aa29ded037ab27490674a12b44a/execute/sync - {"script":"<script> [5351 bytes]","args":[{"element-6066-11e4-a52e-4f735466cecf":"f.0F422B68595C6480DC5AFCDC2C3D17C2.d.DF7EC528C188C9DB8EC46FAC3E414FD3.e.7060","ELEMENT":"f.0F422B68595C6480DC5AFCDC2C3D17C2.d.DF7EC528C188C9DB8EC46FAC3E414FD3.e.7060"}]}
COMMAND: GET /session/10905aa29ded037ab27490674a12b44a/screenshot - {}
RESULT: {}
RESULT: {"script":"<script> [5351 bytes]","args":[{"element-6066-11e4-a52e-4f735466cecf":"f.0F422B68595C6480DC5AFCDC2C3D17C2.d.DF7EC528C188C9DB8EC46FAC3E414FD3.e.7060","ELEMENT":"f.0F422B68595C6480DC5AFCDC2C3D17C2.d.DF7EC528C188C9DB8EC46FAC3E414FD3.e.7060"}]}
COMMAND: GET /session/10905aa29ded037ab27490674a12b44a/screenshot - {}
RESULT: {}
RESULT: {}
RESULT: undefined
COMMAND: POST /session/10905aa29ded037ab27490674a12b44a/element - {"using":"xpath","value":"//*[@id=\"__tile30\"]"}
RESULT: {"using":"xpath","value":"//*[@id=\"__tile30\"]"}
COMMAND: POST /session/10905aa29ded037ab27490674a12b44a/element/f.0F422B68595C6480DC5AFCDC2C3D17C2.d.DF7EC528C188C9DB8EC46FAC3E414FD3.e.4495/click - {}
RESULT: {}
COMMAND: POST /session/10905aa29ded037ab27490674a12b44a/element - {"using":"xpath","value":"//button[@data-kt=\"addButton\"]"}
COMMAND: GET /session/10905aa29ded037ab27490674a12b44a/screenshot - {}
RESULT: {"using":"xpath","value":"//button[@data-kt=\"addButton\"]"}
COMMAND: POST /session/10905aa29ded037ab27490674a12b44a/elements - {"using":"xpath","value":"//button[@data-kt=\"addButton\"]"}
RESULT: {}
RESULT: {"using":"xpath","value":"//button[@data-kt=\"addButton\"]"}
COMMAND: POST /session/10905aa29ded037ab27490674a12b44a/execute/sync - {"script":"<script> [8489 bytes]","args":[{"element-6066-11e4-a52e-4f735466cecf":"f.0F422B68595C6480DC5AFCDC2C3D17C2.d.DF7EC528C188C9DB8EC46FAC3E414FD3.e.7105","ELEMENT":"f.0F422B68595C6480DC5AFCDC2C3D17C2.d.DF7EC528C188C9DB8EC46FAC3E414FD3.e.7105"}]}
RESULT: {"script":"<script> [8489 bytes]","args":[{"element-6066-11e4-a52e-4f735466cecf":"f.0F422B68595C6480DC5AFCDC2C3D17C2.d.DF7EC528C188C9DB8EC46FAC3E414FD3.e.7105","ELEMENT":"f.0F422B68595C6480DC5AFCDC2C3D17C2.d.DF7EC528C188C9DB8EC46FAC3E414FD3.e.7105"}]}
COMMAND: GET /session/10905aa29ded037ab27490674a12b44a/element/f.0F422B68595C6480DC5AFCDC2C3D17C2.d.DF7EC528C188C9DB8EC46FAC3E414FD3.e.7105/enabled - {}
COMMAND: GET /session/10905aa29ded037ab27490674a12b44a/screenshot - {}
RESULT: {}
COMMAND: POST /session/10905aa29ded037ab27490674a12b44a/execute/sync - {"script":"<script> [8489 bytes]","args":[{"element-6066-11e4-a52e-4f735466cecf":"f.0F422B68595C6480DC5AFCDC2C3D17C2.d.DF7EC528C188C9DB8EC46FAC3E414FD3.e.7105","ELEMENT":"f.0F422B68595C6480DC5AFCDC2C3D17C2.d.DF7EC528C188C9DB8EC46FAC3E414FD3.e.7105"}]}
COMMAND: GET /session/10905aa29ded037ab27490674a12b44a/screenshot - {}
RESULT: {}
RESULT: {"script":"<script> [8489 bytes]","args":[{"element-6066-11e4-a52e-4f735466cecf":"f.0F422B68595C6480DC5AFCDC2C3D17C2.d.DF7EC528C188C9DB8EC46FAC3E414FD3.e.7105","ELEMENT":"f.0F422B68595C6480DC5AFCDC2C3D17C2.d.DF7EC528C188C9DB8EC46FAC3E414FD3.e.7105"}]}
COMMAND: POST /session/10905aa29ded037ab27490674a12b44a/execute/sync - {"script":"<script> [5351 bytes]","args":[{"element-6066-11e4-a52e-4f735466cecf":"f.0F422B68595C6480DC5AFCDC2C3D17C2.d.DF7EC528C188C9DB8EC46FAC3E414FD3.e.7105","ELEMENT":"f.0F422B68595C6480DC5AFCDC2C3D17C2.d.DF7EC528C188C9DB8EC46FAC3E414FD3.e.7105"}]}
COMMAND: GET /session/10905aa29ded037ab27490674a12b44a/screenshot - {}
RESULT: {}
RESULT: {"script":"<script> [5351 bytes]","args":[{"element-6066-11e4-a52e-4f735466cecf":"f.0F422B68595C6480DC5AFCDC2C3D17C2.d.DF7EC528C188C9DB8EC46FAC3E414FD3.e.7105","ELEMENT":"f.0F422B68595C6480DC5AFCDC2C3D17C2.d.DF7EC528C188C9DB8EC46FAC3E414FD3.e.7105"}]}
COMMAND: POST /session/10905aa29ded037ab27490674a12b44a/element/f.0F422B68595C6480DC5AFCDC2C3D17C2.d.DF7EC528C188C9DB8EC46FAC3E414FD3.e.7105/click - {}
COMMAND: GET /session/10905aa29ded037ab27490674a12b44a/screenshot - {}
RESULT: {}
RESULT: {}
COMMAND: GET /session/10905aa29ded037ab27490674a12b44a/screenshot - {}
RESULT: {}
RESULT: {}
COMMAND: POST /session/10905aa29ded037ab27490674a12b44a/element - {"using":"xpath","value":"//button[@data-kt=\"saveButton\"]"}
RESULT: {"using":"xpath","value":"//button[@data-kt=\"saveButton\"]"}
COMMAND: POST /session/10905aa29ded037ab27490674a12b44a/element/f.0F422B68595C6480DC5AFCDC2C3D17C2.d.DF7EC528C188C9DB8EC46FAC3E414FD3.e.7527/click - {}
RESULT: {}
COMMAND: GET /session/10905aa29ded037ab27490674a12b44a/screenshot - {}
RESULT: {}
COMMAND: POST /session/10905aa29ded037ab27490674a12b44a/element - {"using":"xpath","value":"//span[contains(@class, \"sapMMsgBoxText\")]"}
RESULT: {"using":"xpath","value":"//span[contains(@class, \"sapMMsgBoxText\")]"}
COMMAND: POST /session/10905aa29ded037ab27490674a12b44a/execute/sync - {"script":"<script> [56 bytes]","args":[{"element-6066-11e4-a52e-4f735466cecf":"f.0F422B68595C6480DC5AFCDC2C3D17C2.d.DF7EC528C188C9DB8EC46FAC3E414FD3.e.7543","ELEMENT":"f.0F422B68595C6480DC5AFCDC2C3D17C2.d.DF7EC528C188C9DB8EC46FAC3E414FD3.e.7543"}]}
RESULT: {"script":"<script> [56 bytes]","args":[{"element-6066-11e4-a52e-4f735466cecf":"f.0F422B68595C6480DC5AFCDC2C3D17C2.d.DF7EC528C188C9DB8EC46FAC3E414FD3.e.7543","ELEMENT":"f.0F422B68595C6480DC5AFCDC2C3D17C2.d.DF7EC528C188C9DB8EC46FAC3E414FD3.e.7543"}]}
COMMAND: POST /session/10905aa29ded037ab27490674a12b44a/element - {"using":"xpath","value":"(//bdi[contains(text(), \"Close\")])[1]"}
COMMAND: POST /session/10905aa29ded037ab27490674a12b44a/elements - {"using":"xpath","value":"//span[contains(@class, \"sapMMsgBoxText\")]"}
COMMAND: GET /session/10905aa29ded037ab27490674a12b44a/screenshot - {}
RESULT: {"using":"xpath","value":"(//bdi[contains(text(), \"Close\")])[1]"}
COMMAND: POST /session/10905aa29ded037ab27490674a12b44a/element/f.0F422B68595C6480DC5AFCDC2C3D17C2.d.DF7EC528C188C9DB8EC46FAC3E414FD3.e.7544/click - {}
RESULT: {"using":"xpath","value":"//span[contains(@class, \"sapMMsgBoxText\")]"}
RESULT: {}
RESULT: {}
COMMAND: GET /session/10905aa29ded037ab27490674a12b44a/screenshot - {}
RESULT: {}
COMMAND: POST /session/10905aa29ded037ab27490674a12b44a/element - {"using":"css selector","value":"#shell-header-logo"}
RESULT: {"using":"css selector","value":"#shell-header-logo"}
COMMAND: POST /session/10905aa29ded037ab27490674a12b44a/element/f.0F422B68595C6480DC5AFCDC2C3D17C2.d.DF7EC528C188C9DB8EC46FAC3E414FD3.e.7060/click - {}
RESULT: {}
COMMAND: GET /session/10905aa29ded037ab27490674a12b44a/screenshot - {}
RESULT: {}
]]></system-out>
    </testcase>
    <testcase classname="chrome.135_0_7049_96.windows.Partner_specific_tests_US150819_US151080_US151654_US151176_US103444_US151078_US151079_US151109_US151174_US151175_US151189" name="Should do various searches US151175" time="108.196">
      <skipped />
      <system-out><![CDATA[
COMMAND: POST /session/10905aa29ded037ab27490674a12b44a/element - {"using":"xpath","value":"//li[.//span[text()=\"Manage Partners\"]]"}
RESULT: {"using":"xpath","value":"//li[.//span[text()=\"Manage Partners\"]]"}
COMMAND: POST /session/10905aa29ded037ab27490674a12b44a/element - {"using":"xpath","value":"//li[.//span[text()=\"Manage Partners\"]]"}
RESULT: {"using":"xpath","value":"//li[.//span[text()=\"Manage Partners\"]]"}
COMMAND: POST /session/10905aa29ded037ab27490674a12b44a/element - {"using":"css selector","value":"#shell-header-logo"}
RESULT: {"using":"css selector","value":"#shell-header-logo"}
COMMAND: POST /session/10905aa29ded037ab27490674a12b44a/element/f.0F422B68595C6480DC5AFCDC2C3D17C2.d.DF7EC528C188C9DB8EC46FAC3E414FD3.e.7546/click - {}
COMMAND: POST /session/10905aa29ded037ab27490674a12b44a/execute/sync - {"script":"<script> [8489 bytes]","args":[{"element-6066-11e4-a52e-4f735466cecf":"f.0F422B68595C6480DC5AFCDC2C3D17C2.d.DF7EC528C188C9DB8EC46FAC3E414FD3.e.7546","ELEMENT":"f.0F422B68595C6480DC5AFCDC2C3D17C2.d.DF7EC528C188C9DB8EC46FAC3E414FD3.e.7546"}]}
RESULT: {}
COMMAND: GET /session/10905aa29ded037ab27490674a12b44a/screenshot - {}
RESULT: {"script":"<script> [8489 bytes]","args":[{"element-6066-11e4-a52e-4f735466cecf":"f.0F422B68595C6480DC5AFCDC2C3D17C2.d.DF7EC528C188C9DB8EC46FAC3E414FD3.e.7546","ELEMENT":"f.0F422B68595C6480DC5AFCDC2C3D17C2.d.DF7EC528C188C9DB8EC46FAC3E414FD3.e.7546"}]}
COMMAND: POST /session/10905aa29ded037ab27490674a12b44a/execute/sync - {"script":"<script> [5351 bytes]","args":[{"element-6066-11e4-a52e-4f735466cecf":"f.0F422B68595C6480DC5AFCDC2C3D17C2.d.DF7EC528C188C9DB8EC46FAC3E414FD3.e.7546","ELEMENT":"f.0F422B68595C6480DC5AFCDC2C3D17C2.d.DF7EC528C188C9DB8EC46FAC3E414FD3.e.7546"}]}
COMMAND: GET /session/10905aa29ded037ab27490674a12b44a/screenshot - {}
RESULT: {}
RESULT: {"script":"<script> [5351 bytes]","args":[{"element-6066-11e4-a52e-4f735466cecf":"f.0F422B68595C6480DC5AFCDC2C3D17C2.d.DF7EC528C188C9DB8EC46FAC3E414FD3.e.7546","ELEMENT":"f.0F422B68595C6480DC5AFCDC2C3D17C2.d.DF7EC528C188C9DB8EC46FAC3E414FD3.e.7546"}]}
COMMAND: GET /session/10905aa29ded037ab27490674a12b44a/screenshot - {}
RESULT: {}
RESULT: {}
RESULT: undefined
COMMAND: POST /session/10905aa29ded037ab27490674a12b44a/element - {"using":"xpath","value":"//*[@id=\"__tile30\"]"}
RESULT: {"using":"xpath","value":"//*[@id=\"__tile30\"]"}
COMMAND: POST /session/10905aa29ded037ab27490674a12b44a/element/f.0F422B68595C6480DC5AFCDC2C3D17C2.d.DF7EC528C188C9DB8EC46FAC3E414FD3.e.4495/click - {}
RESULT: {}
COMMAND: POST /session/10905aa29ded037ab27490674a12b44a/element - {"using":"xpath","value":"//button[@data-kt=\"addButton\"]"}
COMMAND: GET /session/10905aa29ded037ab27490674a12b44a/screenshot - {}
RESULT: {"using":"xpath","value":"//button[@data-kt=\"addButton\"]"}
COMMAND: POST /session/10905aa29ded037ab27490674a12b44a/elements - {"using":"xpath","value":"//button[@data-kt=\"addButton\"]"}
RESULT: {}
RESULT: {"using":"xpath","value":"//button[@data-kt=\"addButton\"]"}
COMMAND: POST /session/10905aa29ded037ab27490674a12b44a/execute/sync - {"script":"<script> [8489 bytes]","args":[{"element-6066-11e4-a52e-4f735466cecf":"f.0F422B68595C6480DC5AFCDC2C3D17C2.d.DF7EC528C188C9DB8EC46FAC3E414FD3.e.7591","ELEMENT":"f.0F422B68595C6480DC5AFCDC2C3D17C2.d.DF7EC528C188C9DB8EC46FAC3E414FD3.e.7591"}]}
RESULT: {"script":"<script> [8489 bytes]","args":[{"element-6066-11e4-a52e-4f735466cecf":"f.0F422B68595C6480DC5AFCDC2C3D17C2.d.DF7EC528C188C9DB8EC46FAC3E414FD3.e.7591","ELEMENT":"f.0F422B68595C6480DC5AFCDC2C3D17C2.d.DF7EC528C188C9DB8EC46FAC3E414FD3.e.7591"}]}
COMMAND: GET /session/10905aa29ded037ab27490674a12b44a/element/f.0F422B68595C6480DC5AFCDC2C3D17C2.d.DF7EC528C188C9DB8EC46FAC3E414FD3.e.7591/enabled - {}
COMMAND: GET /session/10905aa29ded037ab27490674a12b44a/screenshot - {}
RESULT: {}
COMMAND: POST /session/10905aa29ded037ab27490674a12b44a/execute/sync - {"script":"<script> [8489 bytes]","args":[{"element-6066-11e4-a52e-4f735466cecf":"f.0F422B68595C6480DC5AFCDC2C3D17C2.d.DF7EC528C188C9DB8EC46FAC3E414FD3.e.7591","ELEMENT":"f.0F422B68595C6480DC5AFCDC2C3D17C2.d.DF7EC528C188C9DB8EC46FAC3E414FD3.e.7591"}]}
COMMAND: GET /session/10905aa29ded037ab27490674a12b44a/screenshot - {}
RESULT: {}
RESULT: {"script":"<script> [8489 bytes]","args":[{"element-6066-11e4-a52e-4f735466cecf":"f.0F422B68595C6480DC5AFCDC2C3D17C2.d.DF7EC528C188C9DB8EC46FAC3E414FD3.e.7591","ELEMENT":"f.0F422B68595C6480DC5AFCDC2C3D17C2.d.DF7EC528C188C9DB8EC46FAC3E414FD3.e.7591"}]}
COMMAND: POST /session/10905aa29ded037ab27490674a12b44a/execute/sync - {"script":"<script> [5351 bytes]","args":[{"element-6066-11e4-a52e-4f735466cecf":"f.0F422B68595C6480DC5AFCDC2C3D17C2.d.DF7EC528C188C9DB8EC46FAC3E414FD3.e.7591","ELEMENT":"f.0F422B68595C6480DC5AFCDC2C3D17C2.d.DF7EC528C188C9DB8EC46FAC3E414FD3.e.7591"}]}
COMMAND: GET /session/10905aa29ded037ab27490674a12b44a/screenshot - {}
RESULT: {}
RESULT: {"script":"<script> [5351 bytes]","args":[{"element-6066-11e4-a52e-4f735466cecf":"f.0F422B68595C6480DC5AFCDC2C3D17C2.d.DF7EC528C188C9DB8EC46FAC3E414FD3.e.7591","ELEMENT":"f.0F422B68595C6480DC5AFCDC2C3D17C2.d.DF7EC528C188C9DB8EC46FAC3E414FD3.e.7591"}]}
COMMAND: GET /session/10905aa29ded037ab27490674a12b44a/screenshot - {}
RESULT: {}
RESULT: {}
COMMAND: POST /session/10905aa29ded037ab27490674a12b44a/element - {"using":"xpath","value":"//span[@id=\"application-managepartners-display-component---masterPtm--smartTable-header-inner\"]"}
RESULT: {"using":"xpath","value":"//span[@id=\"application-managepartners-display-component---masterPtm--smartTable-header-inner\"]"}
COMMAND: POST /session/10905aa29ded037ab27490674a12b44a/elements - {"using":"xpath","value":"//span[@id=\"application-managepartners-display-component---masterPtm--smartTable-header-inner\"]"}
RESULT: {"using":"xpath","value":"//span[@id=\"application-managepartners-display-component---masterPtm--smartTable-header-inner\"]"}
COMMAND: POST /session/10905aa29ded037ab27490674a12b44a/execute/sync - {"script":"<script> [56 bytes]","args":[{"element-6066-11e4-a52e-4f735466cecf":"f.0F422B68595C6480DC5AFCDC2C3D17C2.d.DF7EC528C188C9DB8EC46FAC3E414FD3.e.7715","ELEMENT":"f.0F422B68595C6480DC5AFCDC2C3D17C2.d.DF7EC528C188C9DB8EC46FAC3E414FD3.e.7715"}]}
RESULT: {"script":"<script> [56 bytes]","args":[{"element-6066-11e4-a52e-4f735466cecf":"f.0F422B68595C6480DC5AFCDC2C3D17C2.d.DF7EC528C188C9DB8EC46FAC3E414FD3.e.7715","ELEMENT":"f.0F422B68595C6480DC5AFCDC2C3D17C2.d.DF7EC528C188C9DB8EC46FAC3E414FD3.e.7715"}]}
RESULT: undefined
COMMAND: POST /session/10905aa29ded037ab27490674a12b44a/element - {"using":"xpath","value":"//*[@id=\"application-managepartners-display-component---masterPtm--smartFilterBar-btnFilters\"]"}
COMMAND: GET /session/10905aa29ded037ab27490674a12b44a/screenshot - {}
RESULT: {"using":"xpath","value":"//*[@id=\"application-managepartners-display-component---masterPtm--smartFilterBar-btnFilters\"]"}
COMMAND: POST /session/10905aa29ded037ab27490674a12b44a/element/f.0F422B68595C6480DC5AFCDC2C3D17C2.d.DF7EC528C188C9DB8EC46FAC3E414FD3.e.7556/click - {}
RESULT: {}
RESULT: {}
COMMAND: GET /session/10905aa29ded037ab27490674a12b44a/screenshot - {}
RESULT: {}
COMMAND: POST /session/10905aa29ded037ab27490674a12b44a/elements - {"using":"xpath","value":"//table[contains(@id, \"listView-innerSelectionPanelTable-listUl\")]/tbody/tr"}
RESULT: {"using":"xpath","value":"//table[contains(@id, \"listView-innerSelectionPanelTable-listUl\")]/tbody/tr"}
COMMAND: POST /session/10905aa29ded037ab27490674a12b44a/element - {"using":"xpath","value":"//table[contains(@id, \"listView-innerSelectionPanelTable-listUl\")]/tbody/tr[2]/td[2]/div/div"}
RESULT: {"using":"xpath","value":"//table[contains(@id, \"listView-innerSelectionPanelTable-listUl\")]/tbody/tr[2]/td[2]/div/div"}
COMMAND: POST /session/10905aa29ded037ab27490674a12b44a/element - {"using":"xpath","value":"//table[contains(@id, \"listView-innerSelectionPanelTable-listUl\")]/tbody/tr[2]/td[2]/div"}
RESULT: {"using":"xpath","value":"//table[contains(@id, \"listView-innerSelectionPanelTable-listUl\")]/tbody/tr[2]/td[2]/div"}
COMMAND: POST /session/10905aa29ded037ab27490674a12b44a/element - {"using":"xpath","value":"//table[contains(@id, \"listView-innerSelectionPanelTable-listUl\")]/tbody/tr[2]/td[3]/div/div/span/span[1]/bdi"}
RESULT: {"using":"xpath","value":"//table[contains(@id, \"listView-innerSelectionPanelTable-listUl\")]/tbody/tr[2]/td[3]/div/div/span/span[1]/bdi"}
COMMAND: POST /session/10905aa29ded037ab27490674a12b44a/execute/sync - {"script":"<script> [56 bytes]","args":[{"element-6066-11e4-a52e-4f735466cecf":"f.0F422B68595C6480DC5AFCDC2C3D17C2.d.DF7EC528C188C9DB8EC46FAC3E414FD3.e.7783","ELEMENT":"f.0F422B68595C6480DC5AFCDC2C3D17C2.d.DF7EC528C188C9DB8EC46FAC3E414FD3.e.7783"}]}
RESULT: {"script":"<script> [56 bytes]","args":[{"element-6066-11e4-a52e-4f735466cecf":"f.0F422B68595C6480DC5AFCDC2C3D17C2.d.DF7EC528C188C9DB8EC46FAC3E414FD3.e.7783","ELEMENT":"f.0F422B68595C6480DC5AFCDC2C3D17C2.d.DF7EC528C188C9DB8EC46FAC3E414FD3.e.7783"}]}
COMMAND: GET /session/10905aa29ded037ab27490674a12b44a/element/f.0F422B68595C6480DC5AFCDC2C3D17C2.d.DF7EC528C188C9DB8EC46FAC3E414FD3.e.7782/attribute/aria-checked - {}
COMMAND: GET /session/10905aa29ded037ab27490674a12b44a/screenshot - {}
RESULT: {}
COMMAND: POST /session/10905aa29ded037ab27490674a12b44a/element - {"using":"xpath","value":"//table[contains(@id, \"listView-innerSelectionPanelTable-listUl\")]/tbody/tr[3]/td[2]/div/div"}
RESULT: {}
RESULT: {"using":"xpath","value":"//table[contains(@id, \"listView-innerSelectionPanelTable-listUl\")]/tbody/tr[3]/td[2]/div/div"}
COMMAND: POST /session/10905aa29ded037ab27490674a12b44a/element - {"using":"xpath","value":"//table[contains(@id, \"listView-innerSelectionPanelTable-listUl\")]/tbody/tr[3]/td[2]/div"}
RESULT: {"using":"xpath","value":"//table[contains(@id, \"listView-innerSelectionPanelTable-listUl\")]/tbody/tr[3]/td[2]/div"}
COMMAND: POST /session/10905aa29ded037ab27490674a12b44a/element - {"using":"xpath","value":"//table[contains(@id, \"listView-innerSelectionPanelTable-listUl\")]/tbody/tr[3]/td[3]/div/div/span/span[1]/bdi"}
RESULT: {"using":"xpath","value":"//table[contains(@id, \"listView-innerSelectionPanelTable-listUl\")]/tbody/tr[3]/td[3]/div/div/span/span[1]/bdi"}
COMMAND: POST /session/10905aa29ded037ab27490674a12b44a/execute/sync - {"script":"<script> [56 bytes]","args":[{"element-6066-11e4-a52e-4f735466cecf":"f.0F422B68595C6480DC5AFCDC2C3D17C2.d.DF7EC528C188C9DB8EC46FAC3E414FD3.e.7786","ELEMENT":"f.0F422B68595C6480DC5AFCDC2C3D17C2.d.DF7EC528C188C9DB8EC46FAC3E414FD3.e.7786"}]}
RESULT: {"script":"<script> [56 bytes]","args":[{"element-6066-11e4-a52e-4f735466cecf":"f.0F422B68595C6480DC5AFCDC2C3D17C2.d.DF7EC528C188C9DB8EC46FAC3E414FD3.e.7786","ELEMENT":"f.0F422B68595C6480DC5AFCDC2C3D17C2.d.DF7EC528C188C9DB8EC46FAC3E414FD3.e.7786"}]}
COMMAND: GET /session/10905aa29ded037ab27490674a12b44a/element/f.0F422B68595C6480DC5AFCDC2C3D17C2.d.DF7EC528C188C9DB8EC46FAC3E414FD3.e.7785/attribute/aria-checked - {}
COMMAND: GET /session/10905aa29ded037ab27490674a12b44a/screenshot - {}
RESULT: {}
COMMAND: POST /session/10905aa29ded037ab27490674a12b44a/element - {"using":"xpath","value":"//table[contains(@id, \"listView-innerSelectionPanelTable-listUl\")]/tbody/tr[4]/td[2]/div/div"}
RESULT: {}
RESULT: {"using":"xpath","value":"//table[contains(@id, \"listView-innerSelectionPanelTable-listUl\")]/tbody/tr[4]/td[2]/div/div"}
COMMAND: POST /session/10905aa29ded037ab27490674a12b44a/element - {"using":"xpath","value":"//table[contains(@id, \"listView-innerSelectionPanelTable-listUl\")]/tbody/tr[4]/td[2]/div"}
RESULT: {"using":"xpath","value":"//table[contains(@id, \"listView-innerSelectionPanelTable-listUl\")]/tbody/tr[4]/td[2]/div"}
COMMAND: POST /session/10905aa29ded037ab27490674a12b44a/element - {"using":"xpath","value":"//table[contains(@id, \"listView-innerSelectionPanelTable-listUl\")]/tbody/tr[4]/td[3]/div/div/span/span[1]/bdi"}
RESULT: {"using":"xpath","value":"//table[contains(@id, \"listView-innerSelectionPanelTable-listUl\")]/tbody/tr[4]/td[3]/div/div/span/span[1]/bdi"}
COMMAND: POST /session/10905aa29ded037ab27490674a12b44a/execute/sync - {"script":"<script> [56 bytes]","args":[{"element-6066-11e4-a52e-4f735466cecf":"f.0F422B68595C6480DC5AFCDC2C3D17C2.d.DF7EC528C188C9DB8EC46FAC3E414FD3.e.7789","ELEMENT":"f.0F422B68595C6480DC5AFCDC2C3D17C2.d.DF7EC528C188C9DB8EC46FAC3E414FD3.e.7789"}]}
RESULT: {"script":"<script> [56 bytes]","args":[{"element-6066-11e4-a52e-4f735466cecf":"f.0F422B68595C6480DC5AFCDC2C3D17C2.d.DF7EC528C188C9DB8EC46FAC3E414FD3.e.7789","ELEMENT":"f.0F422B68595C6480DC5AFCDC2C3D17C2.d.DF7EC528C188C9DB8EC46FAC3E414FD3.e.7789"}]}
COMMAND: GET /session/10905aa29ded037ab27490674a12b44a/element/f.0F422B68595C6480DC5AFCDC2C3D17C2.d.DF7EC528C188C9DB8EC46FAC3E414FD3.e.7788/attribute/aria-checked - {}
COMMAND: GET /session/10905aa29ded037ab27490674a12b44a/screenshot - {}
RESULT: {}
COMMAND: POST /session/10905aa29ded037ab27490674a12b44a/element - {"using":"xpath","value":"//table[contains(@id, \"listView-innerSelectionPanelTable-listUl\")]/tbody/tr[5]/td[2]/div/div"}
RESULT: {}
RESULT: {"using":"xpath","value":"//table[contains(@id, \"listView-innerSelectionPanelTable-listUl\")]/tbody/tr[5]/td[2]/div/div"}
COMMAND: POST /session/10905aa29ded037ab27490674a12b44a/element - {"using":"xpath","value":"//table[contains(@id, \"listView-innerSelectionPanelTable-listUl\")]/tbody/tr[5]/td[2]/div"}
RESULT: {"using":"xpath","value":"//table[contains(@id, \"listView-innerSelectionPanelTable-listUl\")]/tbody/tr[5]/td[2]/div"}
COMMAND: POST /session/10905aa29ded037ab27490674a12b44a/element - {"using":"xpath","value":"//table[contains(@id, \"listView-innerSelectionPanelTable-listUl\")]/tbody/tr[5]/td[3]/div/div/span/span[1]/bdi"}
RESULT: {"using":"xpath","value":"//table[contains(@id, \"listView-innerSelectionPanelTable-listUl\")]/tbody/tr[5]/td[3]/div/div/span/span[1]/bdi"}
COMMAND: POST /session/10905aa29ded037ab27490674a12b44a/execute/sync - {"script":"<script> [56 bytes]","args":[{"element-6066-11e4-a52e-4f735466cecf":"f.0F422B68595C6480DC5AFCDC2C3D17C2.d.DF7EC528C188C9DB8EC46FAC3E414FD3.e.7792","ELEMENT":"f.0F422B68595C6480DC5AFCDC2C3D17C2.d.DF7EC528C188C9DB8EC46FAC3E414FD3.e.7792"}]}
RESULT: {"script":"<script> [56 bytes]","args":[{"element-6066-11e4-a52e-4f735466cecf":"f.0F422B68595C6480DC5AFCDC2C3D17C2.d.DF7EC528C188C9DB8EC46FAC3E414FD3.e.7792","ELEMENT":"f.0F422B68595C6480DC5AFCDC2C3D17C2.d.DF7EC528C188C9DB8EC46FAC3E414FD3.e.7792"}]}
COMMAND: GET /session/10905aa29ded037ab27490674a12b44a/element/f.0F422B68595C6480DC5AFCDC2C3D17C2.d.DF7EC528C188C9DB8EC46FAC3E414FD3.e.7791/attribute/aria-checked - {}
COMMAND: GET /session/10905aa29ded037ab27490674a12b44a/screenshot - {}
RESULT: {}
COMMAND: POST /session/10905aa29ded037ab27490674a12b44a/element - {"using":"xpath","value":"//table[contains(@id, \"listView-innerSelectionPanelTable-listUl\")]/tbody/tr[6]/td[2]/div/div"}
RESULT: {}
RESULT: {"using":"xpath","value":"//table[contains(@id, \"listView-innerSelectionPanelTable-listUl\")]/tbody/tr[6]/td[2]/div/div"}
COMMAND: POST /session/10905aa29ded037ab27490674a12b44a/element - {"using":"xpath","value":"//table[contains(@id, \"listView-innerSelectionPanelTable-listUl\")]/tbody/tr[6]/td[2]/div"}
RESULT: {"using":"xpath","value":"//table[contains(@id, \"listView-innerSelectionPanelTable-listUl\")]/tbody/tr[6]/td[2]/div"}
COMMAND: POST /session/10905aa29ded037ab27490674a12b44a/element - {"using":"xpath","value":"//table[contains(@id, \"listView-innerSelectionPanelTable-listUl\")]/tbody/tr[6]/td[3]/div/div/span/span[1]/bdi"}
RESULT: {"using":"xpath","value":"//table[contains(@id, \"listView-innerSelectionPanelTable-listUl\")]/tbody/tr[6]/td[3]/div/div/span/span[1]/bdi"}
COMMAND: POST /session/10905aa29ded037ab27490674a12b44a/execute/sync - {"script":"<script> [56 bytes]","args":[{"element-6066-11e4-a52e-4f735466cecf":"f.0F422B68595C6480DC5AFCDC2C3D17C2.d.DF7EC528C188C9DB8EC46FAC3E414FD3.e.7795","ELEMENT":"f.0F422B68595C6480DC5AFCDC2C3D17C2.d.DF7EC528C188C9DB8EC46FAC3E414FD3.e.7795"}]}
RESULT: {"script":"<script> [56 bytes]","args":[{"element-6066-11e4-a52e-4f735466cecf":"f.0F422B68595C6480DC5AFCDC2C3D17C2.d.DF7EC528C188C9DB8EC46FAC3E414FD3.e.7795","ELEMENT":"f.0F422B68595C6480DC5AFCDC2C3D17C2.d.DF7EC528C188C9DB8EC46FAC3E414FD3.e.7795"}]}
COMMAND: GET /session/10905aa29ded037ab27490674a12b44a/element/f.0F422B68595C6480DC5AFCDC2C3D17C2.d.DF7EC528C188C9DB8EC46FAC3E414FD3.e.7794/attribute/aria-checked - {}
COMMAND: GET /session/10905aa29ded037ab27490674a12b44a/screenshot - {}
RESULT: {}
COMMAND: POST /session/10905aa29ded037ab27490674a12b44a/element - {"using":"xpath","value":"//table[contains(@id, \"listView-innerSelectionPanelTable-listUl\")]/tbody/tr[7]/td[2]/div/div"}
RESULT: {}
RESULT: {"using":"xpath","value":"//table[contains(@id, \"listView-innerSelectionPanelTable-listUl\")]/tbody/tr[7]/td[2]/div/div"}
COMMAND: POST /session/10905aa29ded037ab27490674a12b44a/element - {"using":"xpath","value":"//table[contains(@id, \"listView-innerSelectionPanelTable-listUl\")]/tbody/tr[7]/td[2]/div"}
RESULT: {"using":"xpath","value":"//table[contains(@id, \"listView-innerSelectionPanelTable-listUl\")]/tbody/tr[7]/td[2]/div"}
COMMAND: POST /session/10905aa29ded037ab27490674a12b44a/element - {"using":"xpath","value":"//table[contains(@id, \"listView-innerSelectionPanelTable-listUl\")]/tbody/tr[7]/td[3]/div/div/span/span[1]/bdi"}
RESULT: {"using":"xpath","value":"//table[contains(@id, \"listView-innerSelectionPanelTable-listUl\")]/tbody/tr[7]/td[3]/div/div/span/span[1]/bdi"}
COMMAND: POST /session/10905aa29ded037ab27490674a12b44a/execute/sync - {"script":"<script> [56 bytes]","args":[{"element-6066-11e4-a52e-4f735466cecf":"f.0F422B68595C6480DC5AFCDC2C3D17C2.d.DF7EC528C188C9DB8EC46FAC3E414FD3.e.7798","ELEMENT":"f.0F422B68595C6480DC5AFCDC2C3D17C2.d.DF7EC528C188C9DB8EC46FAC3E414FD3.e.7798"}]}
RESULT: {"script":"<script> [56 bytes]","args":[{"element-6066-11e4-a52e-4f735466cecf":"f.0F422B68595C6480DC5AFCDC2C3D17C2.d.DF7EC528C188C9DB8EC46FAC3E414FD3.e.7798","ELEMENT":"f.0F422B68595C6480DC5AFCDC2C3D17C2.d.DF7EC528C188C9DB8EC46FAC3E414FD3.e.7798"}]}
COMMAND: GET /session/10905aa29ded037ab27490674a12b44a/element/f.0F422B68595C6480DC5AFCDC2C3D17C2.d.DF7EC528C188C9DB8EC46FAC3E414FD3.e.7797/attribute/aria-checked - {}
COMMAND: GET /session/10905aa29ded037ab27490674a12b44a/screenshot - {}
RESULT: {}
COMMAND: POST /session/10905aa29ded037ab27490674a12b44a/element - {"using":"xpath","value":"//table[contains(@id, \"listView-innerSelectionPanelTable-listUl\")]/tbody/tr[8]/td[2]/div/div"}
RESULT: {}
RESULT: {"using":"xpath","value":"//table[contains(@id, \"listView-innerSelectionPanelTable-listUl\")]/tbody/tr[8]/td[2]/div/div"}
COMMAND: POST /session/10905aa29ded037ab27490674a12b44a/element - {"using":"xpath","value":"//table[contains(@id, \"listView-innerSelectionPanelTable-listUl\")]/tbody/tr[8]/td[2]/div"}
RESULT: {"using":"xpath","value":"//table[contains(@id, \"listView-innerSelectionPanelTable-listUl\")]/tbody/tr[8]/td[2]/div"}
COMMAND: POST /session/10905aa29ded037ab27490674a12b44a/element - {"using":"xpath","value":"//table[contains(@id, \"listView-innerSelectionPanelTable-listUl\")]/tbody/tr[8]/td[3]/div/div/span/span[1]/bdi"}
RESULT: {"using":"xpath","value":"//table[contains(@id, \"listView-innerSelectionPanelTable-listUl\")]/tbody/tr[8]/td[3]/div/div/span/span[1]/bdi"}
COMMAND: POST /session/10905aa29ded037ab27490674a12b44a/execute/sync - {"script":"<script> [56 bytes]","args":[{"element-6066-11e4-a52e-4f735466cecf":"f.0F422B68595C6480DC5AFCDC2C3D17C2.d.DF7EC528C188C9DB8EC46FAC3E414FD3.e.7801","ELEMENT":"f.0F422B68595C6480DC5AFCDC2C3D17C2.d.DF7EC528C188C9DB8EC46FAC3E414FD3.e.7801"}]}
RESULT: {"script":"<script> [56 bytes]","args":[{"element-6066-11e4-a52e-4f735466cecf":"f.0F422B68595C6480DC5AFCDC2C3D17C2.d.DF7EC528C188C9DB8EC46FAC3E414FD3.e.7801","ELEMENT":"f.0F422B68595C6480DC5AFCDC2C3D17C2.d.DF7EC528C188C9DB8EC46FAC3E414FD3.e.7801"}]}
COMMAND: GET /session/10905aa29ded037ab27490674a12b44a/element/f.0F422B68595C6480DC5AFCDC2C3D17C2.d.DF7EC528C188C9DB8EC46FAC3E414FD3.e.7800/attribute/aria-checked - {}
COMMAND: GET /session/10905aa29ded037ab27490674a12b44a/screenshot - {}
RESULT: {}
COMMAND: POST /session/10905aa29ded037ab27490674a12b44a/element - {"using":"xpath","value":"//table[contains(@id, \"listView-innerSelectionPanelTable-listUl\")]/tbody/tr[9]/td[2]/div/div"}
RESULT: {}
RESULT: {"using":"xpath","value":"//table[contains(@id, \"listView-innerSelectionPanelTable-listUl\")]/tbody/tr[9]/td[2]/div/div"}
COMMAND: POST /session/10905aa29ded037ab27490674a12b44a/element - {"using":"xpath","value":"//table[contains(@id, \"listView-innerSelectionPanelTable-listUl\")]/tbody/tr[9]/td[2]/div"}
RESULT: {"using":"xpath","value":"//table[contains(@id, \"listView-innerSelectionPanelTable-listUl\")]/tbody/tr[9]/td[2]/div"}
COMMAND: POST /session/10905aa29ded037ab27490674a12b44a/element - {"using":"xpath","value":"//table[contains(@id, \"listView-innerSelectionPanelTable-listUl\")]/tbody/tr[9]/td[3]/div/div/span/span[1]/bdi"}
RESULT: {"using":"xpath","value":"//table[contains(@id, \"listView-innerSelectionPanelTable-listUl\")]/tbody/tr[9]/td[3]/div/div/span/span[1]/bdi"}
COMMAND: POST /session/10905aa29ded037ab27490674a12b44a/execute/sync - {"script":"<script> [56 bytes]","args":[{"element-6066-11e4-a52e-4f735466cecf":"f.0F422B68595C6480DC5AFCDC2C3D17C2.d.DF7EC528C188C9DB8EC46FAC3E414FD3.e.7804","ELEMENT":"f.0F422B68595C6480DC5AFCDC2C3D17C2.d.DF7EC528C188C9DB8EC46FAC3E414FD3.e.7804"}]}
RESULT: {"script":"<script> [56 bytes]","args":[{"element-6066-11e4-a52e-4f735466cecf":"f.0F422B68595C6480DC5AFCDC2C3D17C2.d.DF7EC528C188C9DB8EC46FAC3E414FD3.e.7804","ELEMENT":"f.0F422B68595C6480DC5AFCDC2C3D17C2.d.DF7EC528C188C9DB8EC46FAC3E414FD3.e.7804"}]}
COMMAND: GET /session/10905aa29ded037ab27490674a12b44a/element/f.0F422B68595C6480DC5AFCDC2C3D17C2.d.DF7EC528C188C9DB8EC46FAC3E414FD3.e.7803/attribute/aria-checked - {}
COMMAND: GET /session/10905aa29ded037ab27490674a12b44a/screenshot - {}
RESULT: {}
COMMAND: POST /session/10905aa29ded037ab27490674a12b44a/element - {"using":"xpath","value":"//table[contains(@id, \"listView-innerSelectionPanelTable-listUl\")]/tbody/tr[10]/td[2]/div/div"}
RESULT: {}
RESULT: {"using":"xpath","value":"//table[contains(@id, \"listView-innerSelectionPanelTable-listUl\")]/tbody/tr[10]/td[2]/div/div"}
COMMAND: POST /session/10905aa29ded037ab27490674a12b44a/element - {"using":"xpath","value":"//table[contains(@id, \"listView-innerSelectionPanelTable-listUl\")]/tbody/tr[10]/td[2]/div"}
RESULT: {"using":"xpath","value":"//table[contains(@id, \"listView-innerSelectionPanelTable-listUl\")]/tbody/tr[10]/td[2]/div"}
COMMAND: POST /session/10905aa29ded037ab27490674a12b44a/element - {"using":"xpath","value":"//table[contains(@id, \"listView-innerSelectionPanelTable-listUl\")]/tbody/tr[10]/td[3]/div/div/span/span[1]/bdi"}
RESULT: {"using":"xpath","value":"//table[contains(@id, \"listView-innerSelectionPanelTable-listUl\")]/tbody/tr[10]/td[3]/div/div/span/span[1]/bdi"}
COMMAND: POST /session/10905aa29ded037ab27490674a12b44a/execute/sync - {"script":"<script> [56 bytes]","args":[{"element-6066-11e4-a52e-4f735466cecf":"f.0F422B68595C6480DC5AFCDC2C3D17C2.d.DF7EC528C188C9DB8EC46FAC3E414FD3.e.7807","ELEMENT":"f.0F422B68595C6480DC5AFCDC2C3D17C2.d.DF7EC528C188C9DB8EC46FAC3E414FD3.e.7807"}]}
RESULT: {"script":"<script> [56 bytes]","args":[{"element-6066-11e4-a52e-4f735466cecf":"f.0F422B68595C6480DC5AFCDC2C3D17C2.d.DF7EC528C188C9DB8EC46FAC3E414FD3.e.7807","ELEMENT":"f.0F422B68595C6480DC5AFCDC2C3D17C2.d.DF7EC528C188C9DB8EC46FAC3E414FD3.e.7807"}]}
COMMAND: GET /session/10905aa29ded037ab27490674a12b44a/element/f.0F422B68595C6480DC5AFCDC2C3D17C2.d.DF7EC528C188C9DB8EC46FAC3E414FD3.e.7806/attribute/aria-checked - {}
COMMAND: GET /session/10905aa29ded037ab27490674a12b44a/screenshot - {}
RESULT: {}
COMMAND: POST /session/10905aa29ded037ab27490674a12b44a/element - {"using":"xpath","value":"//table[contains(@id, \"listView-innerSelectionPanelTable-listUl\")]/tbody/tr[11]/td[2]/div/div"}
RESULT: {}
RESULT: {"using":"xpath","value":"//table[contains(@id, \"listView-innerSelectionPanelTable-listUl\")]/tbody/tr[11]/td[2]/div/div"}
COMMAND: POST /session/10905aa29ded037ab27490674a12b44a/element - {"using":"xpath","value":"//table[contains(@id, \"listView-innerSelectionPanelTable-listUl\")]/tbody/tr[11]/td[2]/div"}
RESULT: {"using":"xpath","value":"//table[contains(@id, \"listView-innerSelectionPanelTable-listUl\")]/tbody/tr[11]/td[2]/div"}
COMMAND: POST /session/10905aa29ded037ab27490674a12b44a/element - {"using":"xpath","value":"//table[contains(@id, \"listView-innerSelectionPanelTable-listUl\")]/tbody/tr[11]/td[3]/div/div/span/span[1]/bdi"}
RESULT: {"using":"xpath","value":"//table[contains(@id, \"listView-innerSelectionPanelTable-listUl\")]/tbody/tr[11]/td[3]/div/div/span/span[1]/bdi"}
COMMAND: POST /session/10905aa29ded037ab27490674a12b44a/execute/sync - {"script":"<script> [56 bytes]","args":[{"element-6066-11e4-a52e-4f735466cecf":"f.0F422B68595C6480DC5AFCDC2C3D17C2.d.DF7EC528C188C9DB8EC46FAC3E414FD3.e.7810","ELEMENT":"f.0F422B68595C6480DC5AFCDC2C3D17C2.d.DF7EC528C188C9DB8EC46FAC3E414FD3.e.7810"}]}
RESULT: {"script":"<script> [56 bytes]","args":[{"element-6066-11e4-a52e-4f735466cecf":"f.0F422B68595C6480DC5AFCDC2C3D17C2.d.DF7EC528C188C9DB8EC46FAC3E414FD3.e.7810","ELEMENT":"f.0F422B68595C6480DC5AFCDC2C3D17C2.d.DF7EC528C188C9DB8EC46FAC3E414FD3.e.7810"}]}
COMMAND: GET /session/10905aa29ded037ab27490674a12b44a/element/f.0F422B68595C6480DC5AFCDC2C3D17C2.d.DF7EC528C188C9DB8EC46FAC3E414FD3.e.7809/attribute/aria-checked - {}
COMMAND: GET /session/10905aa29ded037ab27490674a12b44a/screenshot - {}
RESULT: {}
COMMAND: POST /session/10905aa29ded037ab27490674a12b44a/element - {"using":"xpath","value":"//table[contains(@id, \"listView-innerSelectionPanelTable-listUl\")]/tbody/tr[12]/td[2]/div/div"}
RESULT: {}
RESULT: {"using":"xpath","value":"//table[contains(@id, \"listView-innerSelectionPanelTable-listUl\")]/tbody/tr[12]/td[2]/div/div"}
COMMAND: POST /session/10905aa29ded037ab27490674a12b44a/element - {"using":"xpath","value":"//table[contains(@id, \"listView-innerSelectionPanelTable-listUl\")]/tbody/tr[12]/td[2]/div"}
RESULT: {"using":"xpath","value":"//table[contains(@id, \"listView-innerSelectionPanelTable-listUl\")]/tbody/tr[12]/td[2]/div"}
COMMAND: POST /session/10905aa29ded037ab27490674a12b44a/element - {"using":"xpath","value":"//table[contains(@id, \"listView-innerSelectionPanelTable-listUl\")]/tbody/tr[12]/td[3]/div/div/span/span[1]/bdi"}
RESULT: {"using":"xpath","value":"//table[contains(@id, \"listView-innerSelectionPanelTable-listUl\")]/tbody/tr[12]/td[3]/div/div/span/span[1]/bdi"}
COMMAND: POST /session/10905aa29ded037ab27490674a12b44a/execute/sync - {"script":"<script> [56 bytes]","args":[{"element-6066-11e4-a52e-4f735466cecf":"f.0F422B68595C6480DC5AFCDC2C3D17C2.d.DF7EC528C188C9DB8EC46FAC3E414FD3.e.7813","ELEMENT":"f.0F422B68595C6480DC5AFCDC2C3D17C2.d.DF7EC528C188C9DB8EC46FAC3E414FD3.e.7813"}]}
RESULT: {"script":"<script> [56 bytes]","args":[{"element-6066-11e4-a52e-4f735466cecf":"f.0F422B68595C6480DC5AFCDC2C3D17C2.d.DF7EC528C188C9DB8EC46FAC3E414FD3.e.7813","ELEMENT":"f.0F422B68595C6480DC5AFCDC2C3D17C2.d.DF7EC528C188C9DB8EC46FAC3E414FD3.e.7813"}]}
COMMAND: GET /session/10905aa29ded037ab27490674a12b44a/element/f.0F422B68595C6480DC5AFCDC2C3D17C2.d.DF7EC528C188C9DB8EC46FAC3E414FD3.e.7812/attribute/aria-checked - {}
COMMAND: GET /session/10905aa29ded037ab27490674a12b44a/screenshot - {}
RESULT: {}
COMMAND: POST /session/10905aa29ded037ab27490674a12b44a/element - {"using":"xpath","value":"//table[contains(@id, \"listView-innerSelectionPanelTable-listUl\")]/tbody/tr[13]/td[2]/div/div"}
RESULT: {}
RESULT: {"using":"xpath","value":"//table[contains(@id, \"listView-innerSelectionPanelTable-listUl\")]/tbody/tr[13]/td[2]/div/div"}
COMMAND: POST /session/10905aa29ded037ab27490674a12b44a/element - {"using":"xpath","value":"//table[contains(@id, \"listView-innerSelectionPanelTable-listUl\")]/tbody/tr[13]/td[2]/div"}
RESULT: {"using":"xpath","value":"//table[contains(@id, \"listView-innerSelectionPanelTable-listUl\")]/tbody/tr[13]/td[2]/div"}
COMMAND: POST /session/10905aa29ded037ab27490674a12b44a/element - {"using":"xpath","value":"//table[contains(@id, \"listView-innerSelectionPanelTable-listUl\")]/tbody/tr[13]/td[3]/div/div/span/span[1]/bdi"}
RESULT: {"using":"xpath","value":"//table[contains(@id, \"listView-innerSelectionPanelTable-listUl\")]/tbody/tr[13]/td[3]/div/div/span/span[1]/bdi"}
COMMAND: POST /session/10905aa29ded037ab27490674a12b44a/execute/sync - {"script":"<script> [56 bytes]","args":[{"element-6066-11e4-a52e-4f735466cecf":"f.0F422B68595C6480DC5AFCDC2C3D17C2.d.DF7EC528C188C9DB8EC46FAC3E414FD3.e.7816","ELEMENT":"f.0F422B68595C6480DC5AFCDC2C3D17C2.d.DF7EC528C188C9DB8EC46FAC3E414FD3.e.7816"}]}
RESULT: {"script":"<script> [56 bytes]","args":[{"element-6066-11e4-a52e-4f735466cecf":"f.0F422B68595C6480DC5AFCDC2C3D17C2.d.DF7EC528C188C9DB8EC46FAC3E414FD3.e.7816","ELEMENT":"f.0F422B68595C6480DC5AFCDC2C3D17C2.d.DF7EC528C188C9DB8EC46FAC3E414FD3.e.7816"}]}
COMMAND: GET /session/10905aa29ded037ab27490674a12b44a/element/f.0F422B68595C6480DC5AFCDC2C3D17C2.d.DF7EC528C188C9DB8EC46FAC3E414FD3.e.7815/attribute/aria-checked - {}
COMMAND: GET /session/10905aa29ded037ab27490674a12b44a/screenshot - {}
RESULT: {}
COMMAND: POST /session/10905aa29ded037ab27490674a12b44a/element - {"using":"xpath","value":"//table[contains(@id, \"listView-innerSelectionPanelTable-listUl\")]/tbody/tr[14]/td[2]/div/div"}
RESULT: {}
RESULT: {"using":"xpath","value":"//table[contains(@id, \"listView-innerSelectionPanelTable-listUl\")]/tbody/tr[14]/td[2]/div/div"}
COMMAND: POST /session/10905aa29ded037ab27490674a12b44a/element - {"using":"xpath","value":"//table[contains(@id, \"listView-innerSelectionPanelTable-listUl\")]/tbody/tr[14]/td[2]/div"}
RESULT: {"using":"xpath","value":"//table[contains(@id, \"listView-innerSelectionPanelTable-listUl\")]/tbody/tr[14]/td[2]/div"}
COMMAND: POST /session/10905aa29ded037ab27490674a12b44a/element - {"using":"xpath","value":"//table[contains(@id, \"listView-innerSelectionPanelTable-listUl\")]/tbody/tr[14]/td[3]/div/div/span/span[1]/bdi"}
RESULT: {"using":"xpath","value":"//table[contains(@id, \"listView-innerSelectionPanelTable-listUl\")]/tbody/tr[14]/td[3]/div/div/span/span[1]/bdi"}
COMMAND: POST /session/10905aa29ded037ab27490674a12b44a/execute/sync - {"script":"<script> [56 bytes]","args":[{"element-6066-11e4-a52e-4f735466cecf":"f.0F422B68595C6480DC5AFCDC2C3D17C2.d.DF7EC528C188C9DB8EC46FAC3E414FD3.e.7819","ELEMENT":"f.0F422B68595C6480DC5AFCDC2C3D17C2.d.DF7EC528C188C9DB8EC46FAC3E414FD3.e.7819"}]}
RESULT: {"script":"<script> [56 bytes]","args":[{"element-6066-11e4-a52e-4f735466cecf":"f.0F422B68595C6480DC5AFCDC2C3D17C2.d.DF7EC528C188C9DB8EC46FAC3E414FD3.e.7819","ELEMENT":"f.0F422B68595C6480DC5AFCDC2C3D17C2.d.DF7EC528C188C9DB8EC46FAC3E414FD3.e.7819"}]}
COMMAND: GET /session/10905aa29ded037ab27490674a12b44a/element/f.0F422B68595C6480DC5AFCDC2C3D17C2.d.DF7EC528C188C9DB8EC46FAC3E414FD3.e.7818/attribute/aria-checked - {}
COMMAND: GET /session/10905aa29ded037ab27490674a12b44a/screenshot - {}
RESULT: {}
COMMAND: POST /session/10905aa29ded037ab27490674a12b44a/element - {"using":"xpath","value":"//table[contains(@id, \"listView-innerSelectionPanelTable-listUl\")]/tbody/tr[15]/td[2]/div/div"}
RESULT: {}
RESULT: {"using":"xpath","value":"//table[contains(@id, \"listView-innerSelectionPanelTable-listUl\")]/tbody/tr[15]/td[2]/div/div"}
COMMAND: POST /session/10905aa29ded037ab27490674a12b44a/element - {"using":"xpath","value":"//table[contains(@id, \"listView-innerSelectionPanelTable-listUl\")]/tbody/tr[15]/td[2]/div"}
RESULT: {"using":"xpath","value":"//table[contains(@id, \"listView-innerSelectionPanelTable-listUl\")]/tbody/tr[15]/td[2]/div"}
COMMAND: POST /session/10905aa29ded037ab27490674a12b44a/element - {"using":"xpath","value":"//table[contains(@id, \"listView-innerSelectionPanelTable-listUl\")]/tbody/tr[15]/td[3]/div/div/span/span[1]/bdi"}
RESULT: {"using":"xpath","value":"//table[contains(@id, \"listView-innerSelectionPanelTable-listUl\")]/tbody/tr[15]/td[3]/div/div/span/span[1]/bdi"}
COMMAND: POST /session/10905aa29ded037ab27490674a12b44a/execute/sync - {"script":"<script> [56 bytes]","args":[{"element-6066-11e4-a52e-4f735466cecf":"f.0F422B68595C6480DC5AFCDC2C3D17C2.d.DF7EC528C188C9DB8EC46FAC3E414FD3.e.7822","ELEMENT":"f.0F422B68595C6480DC5AFCDC2C3D17C2.d.DF7EC528C188C9DB8EC46FAC3E414FD3.e.7822"}]}
RESULT: {"script":"<script> [56 bytes]","args":[{"element-6066-11e4-a52e-4f735466cecf":"f.0F422B68595C6480DC5AFCDC2C3D17C2.d.DF7EC528C188C9DB8EC46FAC3E414FD3.e.7822","ELEMENT":"f.0F422B68595C6480DC5AFCDC2C3D17C2.d.DF7EC528C188C9DB8EC46FAC3E414FD3.e.7822"}]}
COMMAND: GET /session/10905aa29ded037ab27490674a12b44a/element/f.0F422B68595C6480DC5AFCDC2C3D17C2.d.DF7EC528C188C9DB8EC46FAC3E414FD3.e.7821/attribute/aria-checked - {}
COMMAND: GET /session/10905aa29ded037ab27490674a12b44a/screenshot - {}
RESULT: {}
COMMAND: POST /session/10905aa29ded037ab27490674a12b44a/element - {"using":"xpath","value":"//table[contains(@id, \"listView-innerSelectionPanelTable-listUl\")]/tbody/tr[16]/td[2]/div/div"}
RESULT: {}
RESULT: {"using":"xpath","value":"//table[contains(@id, \"listView-innerSelectionPanelTable-listUl\")]/tbody/tr[16]/td[2]/div/div"}
COMMAND: POST /session/10905aa29ded037ab27490674a12b44a/element - {"using":"xpath","value":"//table[contains(@id, \"listView-innerSelectionPanelTable-listUl\")]/tbody/tr[16]/td[2]/div"}
RESULT: {"using":"xpath","value":"//table[contains(@id, \"listView-innerSelectionPanelTable-listUl\")]/tbody/tr[16]/td[2]/div"}
COMMAND: POST /session/10905aa29ded037ab27490674a12b44a/element - {"using":"xpath","value":"//table[contains(@id, \"listView-innerSelectionPanelTable-listUl\")]/tbody/tr[16]/td[3]/div/div/span/span[1]/bdi"}
RESULT: {"using":"xpath","value":"//table[contains(@id, \"listView-innerSelectionPanelTable-listUl\")]/tbody/tr[16]/td[3]/div/div/span/span[1]/bdi"}
COMMAND: POST /session/10905aa29ded037ab27490674a12b44a/execute/sync - {"script":"<script> [56 bytes]","args":[{"element-6066-11e4-a52e-4f735466cecf":"f.0F422B68595C6480DC5AFCDC2C3D17C2.d.DF7EC528C188C9DB8EC46FAC3E414FD3.e.7825","ELEMENT":"f.0F422B68595C6480DC5AFCDC2C3D17C2.d.DF7EC528C188C9DB8EC46FAC3E414FD3.e.7825"}]}
RESULT: {"script":"<script> [56 bytes]","args":[{"element-6066-11e4-a52e-4f735466cecf":"f.0F422B68595C6480DC5AFCDC2C3D17C2.d.DF7EC528C188C9DB8EC46FAC3E414FD3.e.7825","ELEMENT":"f.0F422B68595C6480DC5AFCDC2C3D17C2.d.DF7EC528C188C9DB8EC46FAC3E414FD3.e.7825"}]}
COMMAND: GET /session/10905aa29ded037ab27490674a12b44a/element/f.0F422B68595C6480DC5AFCDC2C3D17C2.d.DF7EC528C188C9DB8EC46FAC3E414FD3.e.7824/attribute/aria-checked - {}
COMMAND: GET /session/10905aa29ded037ab27490674a12b44a/screenshot - {}
RESULT: {}
COMMAND: POST /session/10905aa29ded037ab27490674a12b44a/element - {"using":"xpath","value":"//table[contains(@id, \"listView-innerSelectionPanelTable-listUl\")]/tbody/tr[17]/td[2]/div/div"}
RESULT: {}
RESULT: {"using":"xpath","value":"//table[contains(@id, \"listView-innerSelectionPanelTable-listUl\")]/tbody/tr[17]/td[2]/div/div"}
COMMAND: POST /session/10905aa29ded037ab27490674a12b44a/element - {"using":"xpath","value":"//table[contains(@id, \"listView-innerSelectionPanelTable-listUl\")]/tbody/tr[17]/td[2]/div"}
RESULT: {"using":"xpath","value":"//table[contains(@id, \"listView-innerSelectionPanelTable-listUl\")]/tbody/tr[17]/td[2]/div"}
COMMAND: POST /session/10905aa29ded037ab27490674a12b44a/element - {"using":"xpath","value":"//table[contains(@id, \"listView-innerSelectionPanelTable-listUl\")]/tbody/tr[17]/td[3]/div/div/span/span[1]/bdi"}
RESULT: {"using":"xpath","value":"//table[contains(@id, \"listView-innerSelectionPanelTable-listUl\")]/tbody/tr[17]/td[3]/div/div/span/span[1]/bdi"}
COMMAND: POST /session/10905aa29ded037ab27490674a12b44a/execute/sync - {"script":"<script> [56 bytes]","args":[{"element-6066-11e4-a52e-4f735466cecf":"f.0F422B68595C6480DC5AFCDC2C3D17C2.d.DF7EC528C188C9DB8EC46FAC3E414FD3.e.7828","ELEMENT":"f.0F422B68595C6480DC5AFCDC2C3D17C2.d.DF7EC528C188C9DB8EC46FAC3E414FD3.e.7828"}]}
RESULT: {"script":"<script> [56 bytes]","args":[{"element-6066-11e4-a52e-4f735466cecf":"f.0F422B68595C6480DC5AFCDC2C3D17C2.d.DF7EC528C188C9DB8EC46FAC3E414FD3.e.7828","ELEMENT":"f.0F422B68595C6480DC5AFCDC2C3D17C2.d.DF7EC528C188C9DB8EC46FAC3E414FD3.e.7828"}]}
COMMAND: GET /session/10905aa29ded037ab27490674a12b44a/element/f.0F422B68595C6480DC5AFCDC2C3D17C2.d.DF7EC528C188C9DB8EC46FAC3E414FD3.e.7827/attribute/aria-checked - {}
COMMAND: GET /session/10905aa29ded037ab27490674a12b44a/screenshot - {}
RESULT: {}
COMMAND: POST /session/10905aa29ded037ab27490674a12b44a/element - {"using":"xpath","value":"//table[contains(@id, \"listView-innerSelectionPanelTable-listUl\")]/tbody/tr[18]/td[2]/div/div"}
RESULT: {}
RESULT: {"using":"xpath","value":"//table[contains(@id, \"listView-innerSelectionPanelTable-listUl\")]/tbody/tr[18]/td[2]/div/div"}
COMMAND: POST /session/10905aa29ded037ab27490674a12b44a/element - {"using":"xpath","value":"//table[contains(@id, \"listView-innerSelectionPanelTable-listUl\")]/tbody/tr[18]/td[2]/div"}
RESULT: {"using":"xpath","value":"//table[contains(@id, \"listView-innerSelectionPanelTable-listUl\")]/tbody/tr[18]/td[2]/div"}
COMMAND: POST /session/10905aa29ded037ab27490674a12b44a/element - {"using":"xpath","value":"//table[contains(@id, \"listView-innerSelectionPanelTable-listUl\")]/tbody/tr[18]/td[3]/div/div/span/span[1]/bdi"}
RESULT: {"using":"xpath","value":"//table[contains(@id, \"listView-innerSelectionPanelTable-listUl\")]/tbody/tr[18]/td[3]/div/div/span/span[1]/bdi"}
COMMAND: POST /session/10905aa29ded037ab27490674a12b44a/execute/sync - {"script":"<script> [56 bytes]","args":[{"element-6066-11e4-a52e-4f735466cecf":"f.0F422B68595C6480DC5AFCDC2C3D17C2.d.DF7EC528C188C9DB8EC46FAC3E414FD3.e.7831","ELEMENT":"f.0F422B68595C6480DC5AFCDC2C3D17C2.d.DF7EC528C188C9DB8EC46FAC3E414FD3.e.7831"}]}
RESULT: {"script":"<script> [56 bytes]","args":[{"element-6066-11e4-a52e-4f735466cecf":"f.0F422B68595C6480DC5AFCDC2C3D17C2.d.DF7EC528C188C9DB8EC46FAC3E414FD3.e.7831","ELEMENT":"f.0F422B68595C6480DC5AFCDC2C3D17C2.d.DF7EC528C188C9DB8EC46FAC3E414FD3.e.7831"}]}
COMMAND: GET /session/10905aa29ded037ab27490674a12b44a/element/f.0F422B68595C6480DC5AFCDC2C3D17C2.d.DF7EC528C188C9DB8EC46FAC3E414FD3.e.7830/attribute/aria-checked - {}
COMMAND: GET /session/10905aa29ded037ab27490674a12b44a/screenshot - {}
RESULT: {}
COMMAND: POST /session/10905aa29ded037ab27490674a12b44a/element - {"using":"xpath","value":"//table[contains(@id, \"listView-innerSelectionPanelTable-listUl\")]/tbody/tr[19]/td[2]/div/div"}
RESULT: {}
RESULT: {"using":"xpath","value":"//table[contains(@id, \"listView-innerSelectionPanelTable-listUl\")]/tbody/tr[19]/td[2]/div/div"}
COMMAND: POST /session/10905aa29ded037ab27490674a12b44a/element - {"using":"xpath","value":"//table[contains(@id, \"listView-innerSelectionPanelTable-listUl\")]/tbody/tr[19]/td[2]/div"}
RESULT: {"using":"xpath","value":"//table[contains(@id, \"listView-innerSelectionPanelTable-listUl\")]/tbody/tr[19]/td[2]/div"}
COMMAND: POST /session/10905aa29ded037ab27490674a12b44a/element - {"using":"xpath","value":"//table[contains(@id, \"listView-innerSelectionPanelTable-listUl\")]/tbody/tr[19]/td[3]/div/div/span/span[1]/bdi"}
RESULT: {"using":"xpath","value":"//table[contains(@id, \"listView-innerSelectionPanelTable-listUl\")]/tbody/tr[19]/td[3]/div/div/span/span[1]/bdi"}
COMMAND: POST /session/10905aa29ded037ab27490674a12b44a/execute/sync - {"script":"<script> [56 bytes]","args":[{"element-6066-11e4-a52e-4f735466cecf":"f.0F422B68595C6480DC5AFCDC2C3D17C2.d.DF7EC528C188C9DB8EC46FAC3E414FD3.e.7834","ELEMENT":"f.0F422B68595C6480DC5AFCDC2C3D17C2.d.DF7EC528C188C9DB8EC46FAC3E414FD3.e.7834"}]}
RESULT: {"script":"<script> [56 bytes]","args":[{"element-6066-11e4-a52e-4f735466cecf":"f.0F422B68595C6480DC5AFCDC2C3D17C2.d.DF7EC528C188C9DB8EC46FAC3E414FD3.e.7834","ELEMENT":"f.0F422B68595C6480DC5AFCDC2C3D17C2.d.DF7EC528C188C9DB8EC46FAC3E414FD3.e.7834"}]}
COMMAND: GET /session/10905aa29ded037ab27490674a12b44a/element/f.0F422B68595C6480DC5AFCDC2C3D17C2.d.DF7EC528C188C9DB8EC46FAC3E414FD3.e.7833/attribute/aria-checked - {}
COMMAND: GET /session/10905aa29ded037ab27490674a12b44a/screenshot - {}
RESULT: {}
COMMAND: POST /session/10905aa29ded037ab27490674a12b44a/element - {"using":"xpath","value":"//table[contains(@id, \"listView-innerSelectionPanelTable-listUl\")]/tbody/tr[20]/td[2]/div/div"}
RESULT: {}
RESULT: {"using":"xpath","value":"//table[contains(@id, \"listView-innerSelectionPanelTable-listUl\")]/tbody/tr[20]/td[2]/div/div"}
COMMAND: POST /session/10905aa29ded037ab27490674a12b44a/element - {"using":"xpath","value":"//table[contains(@id, \"listView-innerSelectionPanelTable-listUl\")]/tbody/tr[20]/td[2]/div"}
RESULT: {"using":"xpath","value":"//table[contains(@id, \"listView-innerSelectionPanelTable-listUl\")]/tbody/tr[20]/td[2]/div"}
COMMAND: POST /session/10905aa29ded037ab27490674a12b44a/element - {"using":"xpath","value":"//table[contains(@id, \"listView-innerSelectionPanelTable-listUl\")]/tbody/tr[20]/td[3]/div/div/span/span[1]/bdi"}
RESULT: {"using":"xpath","value":"//table[contains(@id, \"listView-innerSelectionPanelTable-listUl\")]/tbody/tr[20]/td[3]/div/div/span/span[1]/bdi"}
COMMAND: POST /session/10905aa29ded037ab27490674a12b44a/execute/sync - {"script":"<script> [56 bytes]","args":[{"element-6066-11e4-a52e-4f735466cecf":"f.0F422B68595C6480DC5AFCDC2C3D17C2.d.DF7EC528C188C9DB8EC46FAC3E414FD3.e.7837","ELEMENT":"f.0F422B68595C6480DC5AFCDC2C3D17C2.d.DF7EC528C188C9DB8EC46FAC3E414FD3.e.7837"}]}
RESULT: {"script":"<script> [56 bytes]","args":[{"element-6066-11e4-a52e-4f735466cecf":"f.0F422B68595C6480DC5AFCDC2C3D17C2.d.DF7EC528C188C9DB8EC46FAC3E414FD3.e.7837","ELEMENT":"f.0F422B68595C6480DC5AFCDC2C3D17C2.d.DF7EC528C188C9DB8EC46FAC3E414FD3.e.7837"}]}
COMMAND: GET /session/10905aa29ded037ab27490674a12b44a/element/f.0F422B68595C6480DC5AFCDC2C3D17C2.d.DF7EC528C188C9DB8EC46FAC3E414FD3.e.7836/attribute/aria-checked - {}
COMMAND: GET /session/10905aa29ded037ab27490674a12b44a/screenshot - {}
RESULT: {}
COMMAND: POST /session/10905aa29ded037ab27490674a12b44a/element - {"using":"xpath","value":"//table[contains(@id, \"listView-innerSelectionPanelTable-listUl\")]/tbody/tr[21]/td[2]/div/div"}
COMMAND: POST /session/10905aa29ded037ab27490674a12b44a/element/f.0F422B68595C6480DC5AFCDC2C3D17C2.d.DF7EC528C188C9DB8EC46FAC3E414FD3.e.7835/click - {}
RESULT: {}
RESULT: {"using":"xpath","value":"//table[contains(@id, \"listView-innerSelectionPanelTable-listUl\")]/tbody/tr[21]/td[2]/div/div"}
COMMAND: POST /session/10905aa29ded037ab27490674a12b44a/element - {"using":"xpath","value":"//table[contains(@id, \"listView-innerSelectionPanelTable-listUl\")]/tbody/tr[21]/td[2]/div"}
RESULT: {}
COMMAND: GET /session/10905aa29ded037ab27490674a12b44a/screenshot - {}
RESULT: {"using":"xpath","value":"//table[contains(@id, \"listView-innerSelectionPanelTable-listUl\")]/tbody/tr[21]/td[2]/div"}
COMMAND: POST /session/10905aa29ded037ab27490674a12b44a/element - {"using":"xpath","value":"//table[contains(@id, \"listView-innerSelectionPanelTable-listUl\")]/tbody/tr[21]/td[3]/div/div/span/span[1]/bdi"}
RESULT: {}
RESULT: {"using":"xpath","value":"//table[contains(@id, \"listView-innerSelectionPanelTable-listUl\")]/tbody/tr[21]/td[3]/div/div/span/span[1]/bdi"}
COMMAND: POST /session/10905aa29ded037ab27490674a12b44a/execute/sync - {"script":"<script> [56 bytes]","args":[{"element-6066-11e4-a52e-4f735466cecf":"f.0F422B68595C6480DC5AFCDC2C3D17C2.d.DF7EC528C188C9DB8EC46FAC3E414FD3.e.7843","ELEMENT":"f.0F422B68595C6480DC5AFCDC2C3D17C2.d.DF7EC528C188C9DB8EC46FAC3E414FD3.e.7843"}]}
RESULT: {"script":"<script> [56 bytes]","args":[{"element-6066-11e4-a52e-4f735466cecf":"f.0F422B68595C6480DC5AFCDC2C3D17C2.d.DF7EC528C188C9DB8EC46FAC3E414FD3.e.7843","ELEMENT":"f.0F422B68595C6480DC5AFCDC2C3D17C2.d.DF7EC528C188C9DB8EC46FAC3E414FD3.e.7843"}]}
COMMAND: GET /session/10905aa29ded037ab27490674a12b44a/element/f.0F422B68595C6480DC5AFCDC2C3D17C2.d.DF7EC528C188C9DB8EC46FAC3E414FD3.e.7842/attribute/aria-checked - {}
COMMAND: GET /session/10905aa29ded037ab27490674a12b44a/screenshot - {}
RESULT: {}
COMMAND: POST /session/10905aa29ded037ab27490674a12b44a/element - {"using":"xpath","value":"//table[contains(@id, \"listView-innerSelectionPanelTable-listUl\")]/tbody/tr[22]/td[2]/div/div"}
COMMAND: POST /session/10905aa29ded037ab27490674a12b44a/element/f.0F422B68595C6480DC5AFCDC2C3D17C2.d.DF7EC528C188C9DB8EC46FAC3E414FD3.e.7838/click - {}
RESULT: {}
RESULT: {"using":"xpath","value":"//table[contains(@id, \"listView-innerSelectionPanelTable-listUl\")]/tbody/tr[22]/td[2]/div/div"}
COMMAND: POST /session/10905aa29ded037ab27490674a12b44a/element - {"using":"xpath","value":"//table[contains(@id, \"listView-innerSelectionPanelTable-listUl\")]/tbody/tr[22]/td[2]/div"}
RESULT: {}
COMMAND: GET /session/10905aa29ded037ab27490674a12b44a/screenshot - {}
RESULT: {"using":"xpath","value":"//table[contains(@id, \"listView-innerSelectionPanelTable-listUl\")]/tbody/tr[22]/td[2]/div"}
COMMAND: POST /session/10905aa29ded037ab27490674a12b44a/element - {"using":"xpath","value":"//table[contains(@id, \"listView-innerSelectionPanelTable-listUl\")]/tbody/tr[22]/td[3]/div/div/span/span[1]/bdi"}
RESULT: {}
RESULT: {"using":"xpath","value":"//table[contains(@id, \"listView-innerSelectionPanelTable-listUl\")]/tbody/tr[22]/td[3]/div/div/span/span[1]/bdi"}
COMMAND: POST /session/10905aa29ded037ab27490674a12b44a/execute/sync - {"script":"<script> [56 bytes]","args":[{"element-6066-11e4-a52e-4f735466cecf":"f.0F422B68595C6480DC5AFCDC2C3D17C2.d.DF7EC528C188C9DB8EC46FAC3E414FD3.e.7847","ELEMENT":"f.0F422B68595C6480DC5AFCDC2C3D17C2.d.DF7EC528C188C9DB8EC46FAC3E414FD3.e.7847"}]}
RESULT: {"script":"<script> [56 bytes]","args":[{"element-6066-11e4-a52e-4f735466cecf":"f.0F422B68595C6480DC5AFCDC2C3D17C2.d.DF7EC528C188C9DB8EC46FAC3E414FD3.e.7847","ELEMENT":"f.0F422B68595C6480DC5AFCDC2C3D17C2.d.DF7EC528C188C9DB8EC46FAC3E414FD3.e.7847"}]}
COMMAND: GET /session/10905aa29ded037ab27490674a12b44a/element/f.0F422B68595C6480DC5AFCDC2C3D17C2.d.DF7EC528C188C9DB8EC46FAC3E414FD3.e.7846/attribute/aria-checked - {}
COMMAND: GET /session/10905aa29ded037ab27490674a12b44a/screenshot - {}
RESULT: {}
COMMAND: POST /session/10905aa29ded037ab27490674a12b44a/element - {"using":"xpath","value":"//table[contains(@id, \"listView-innerSelectionPanelTable-listUl\")]/tbody/tr[23]/td[2]/div/div"}
RESULT: {}
RESULT: {"using":"xpath","value":"//table[contains(@id, \"listView-innerSelectionPanelTable-listUl\")]/tbody/tr[23]/td[2]/div/div"}
COMMAND: POST /session/10905aa29ded037ab27490674a12b44a/element - {"using":"xpath","value":"//table[contains(@id, \"listView-innerSelectionPanelTable-listUl\")]/tbody/tr[23]/td[2]/div"}
RESULT: {"using":"xpath","value":"//table[contains(@id, \"listView-innerSelectionPanelTable-listUl\")]/tbody/tr[23]/td[2]/div"}
COMMAND: POST /session/10905aa29ded037ab27490674a12b44a/element - {"using":"xpath","value":"//table[contains(@id, \"listView-innerSelectionPanelTable-listUl\")]/tbody/tr[23]/td[3]/div/div/span/span[1]/bdi"}
RESULT: {"using":"xpath","value":"//table[contains(@id, \"listView-innerSelectionPanelTable-listUl\")]/tbody/tr[23]/td[3]/div/div/span/span[1]/bdi"}
COMMAND: POST /session/10905aa29ded037ab27490674a12b44a/execute/sync - {"script":"<script> [56 bytes]","args":[{"element-6066-11e4-a52e-4f735466cecf":"f.0F422B68595C6480DC5AFCDC2C3D17C2.d.DF7EC528C188C9DB8EC46FAC3E414FD3.e.7850","ELEMENT":"f.0F422B68595C6480DC5AFCDC2C3D17C2.d.DF7EC528C188C9DB8EC46FAC3E414FD3.e.7850"}]}
RESULT: {"script":"<script> [56 bytes]","args":[{"element-6066-11e4-a52e-4f735466cecf":"f.0F422B68595C6480DC5AFCDC2C3D17C2.d.DF7EC528C188C9DB8EC46FAC3E414FD3.e.7850","ELEMENT":"f.0F422B68595C6480DC5AFCDC2C3D17C2.d.DF7EC528C188C9DB8EC46FAC3E414FD3.e.7850"}]}
COMMAND: GET /session/10905aa29ded037ab27490674a12b44a/element/f.0F422B68595C6480DC5AFCDC2C3D17C2.d.DF7EC528C188C9DB8EC46FAC3E414FD3.e.7849/attribute/aria-checked - {}
COMMAND: GET /session/10905aa29ded037ab27490674a12b44a/screenshot - {}
RESULT: {}
COMMAND: POST /session/10905aa29ded037ab27490674a12b44a/element - {"using":"xpath","value":"//table[contains(@id, \"listView-innerSelectionPanelTable-listUl\")]/tbody/tr[24]/td[2]/div/div"}
RESULT: {}
RESULT: {"using":"xpath","value":"//table[contains(@id, \"listView-innerSelectionPanelTable-listUl\")]/tbody/tr[24]/td[2]/div/div"}
COMMAND: POST /session/10905aa29ded037ab27490674a12b44a/element - {"using":"xpath","value":"//table[contains(@id, \"listView-innerSelectionPanelTable-listUl\")]/tbody/tr[24]/td[2]/div"}
RESULT: {"using":"xpath","value":"//table[contains(@id, \"listView-innerSelectionPanelTable-listUl\")]/tbody/tr[24]/td[2]/div"}
COMMAND: POST /session/10905aa29ded037ab27490674a12b44a/element - {"using":"xpath","value":"//table[contains(@id, \"listView-innerSelectionPanelTable-listUl\")]/tbody/tr[24]/td[3]/div/div/span/span[1]/bdi"}
RESULT: {"using":"xpath","value":"//table[contains(@id, \"listView-innerSelectionPanelTable-listUl\")]/tbody/tr[24]/td[3]/div/div/span/span[1]/bdi"}
COMMAND: POST /session/10905aa29ded037ab27490674a12b44a/execute/sync - {"script":"<script> [56 bytes]","args":[{"element-6066-11e4-a52e-4f735466cecf":"f.0F422B68595C6480DC5AFCDC2C3D17C2.d.DF7EC528C188C9DB8EC46FAC3E414FD3.e.7853","ELEMENT":"f.0F422B68595C6480DC5AFCDC2C3D17C2.d.DF7EC528C188C9DB8EC46FAC3E414FD3.e.7853"}]}
RESULT: {"script":"<script> [56 bytes]","args":[{"element-6066-11e4-a52e-4f735466cecf":"f.0F422B68595C6480DC5AFCDC2C3D17C2.d.DF7EC528C188C9DB8EC46FAC3E414FD3.e.7853","ELEMENT":"f.0F422B68595C6480DC5AFCDC2C3D17C2.d.DF7EC528C188C9DB8EC46FAC3E414FD3.e.7853"}]}
COMMAND: GET /session/10905aa29ded037ab27490674a12b44a/element/f.0F422B68595C6480DC5AFCDC2C3D17C2.d.DF7EC528C188C9DB8EC46FAC3E414FD3.e.7852/attribute/aria-checked - {}
COMMAND: GET /session/10905aa29ded037ab27490674a12b44a/screenshot - {}
RESULT: {}
COMMAND: POST /session/10905aa29ded037ab27490674a12b44a/element - {"using":"xpath","value":"//table[contains(@id, \"listView-innerSelectionPanelTable-listUl\")]/tbody/tr[25]/td[2]/div/div"}
RESULT: {}
RESULT: {"using":"xpath","value":"//table[contains(@id, \"listView-innerSelectionPanelTable-listUl\")]/tbody/tr[25]/td[2]/div/div"}
COMMAND: POST /session/10905aa29ded037ab27490674a12b44a/element - {"using":"xpath","value":"//table[contains(@id, \"listView-innerSelectionPanelTable-listUl\")]/tbody/tr[25]/td[2]/div"}
RESULT: {"using":"xpath","value":"//table[contains(@id, \"listView-innerSelectionPanelTable-listUl\")]/tbody/tr[25]/td[2]/div"}
COMMAND: POST /session/10905aa29ded037ab27490674a12b44a/element - {"using":"xpath","value":"//table[contains(@id, \"listView-innerSelectionPanelTable-listUl\")]/tbody/tr[25]/td[3]/div/div/span/span[1]/bdi"}
RESULT: {"using":"xpath","value":"//table[contains(@id, \"listView-innerSelectionPanelTable-listUl\")]/tbody/tr[25]/td[3]/div/div/span/span[1]/bdi"}
COMMAND: POST /session/10905aa29ded037ab27490674a12b44a/execute/sync - {"script":"<script> [56 bytes]","args":[{"element-6066-11e4-a52e-4f735466cecf":"f.0F422B68595C6480DC5AFCDC2C3D17C2.d.DF7EC528C188C9DB8EC46FAC3E414FD3.e.7856","ELEMENT":"f.0F422B68595C6480DC5AFCDC2C3D17C2.d.DF7EC528C188C9DB8EC46FAC3E414FD3.e.7856"}]}
RESULT: {"script":"<script> [56 bytes]","args":[{"element-6066-11e4-a52e-4f735466cecf":"f.0F422B68595C6480DC5AFCDC2C3D17C2.d.DF7EC528C188C9DB8EC46FAC3E414FD3.e.7856","ELEMENT":"f.0F422B68595C6480DC5AFCDC2C3D17C2.d.DF7EC528C188C9DB8EC46FAC3E414FD3.e.7856"}]}
COMMAND: GET /session/10905aa29ded037ab27490674a12b44a/element/f.0F422B68595C6480DC5AFCDC2C3D17C2.d.DF7EC528C188C9DB8EC46FAC3E414FD3.e.7855/attribute/aria-checked - {}
COMMAND: GET /session/10905aa29ded037ab27490674a12b44a/screenshot - {}
RESULT: {}
COMMAND: POST /session/10905aa29ded037ab27490674a12b44a/element - {"using":"xpath","value":"//bdi[contains(text(), \"OK\")]"}
RESULT: {}
RESULT: {"using":"xpath","value":"//bdi[contains(text(), \"OK\")]"}
COMMAND: POST /session/10905aa29ded037ab27490674a12b44a/element/f.0F422B68595C6480DC5AFCDC2C3D17C2.d.DF7EC528C188C9DB8EC46FAC3E414FD3.e.7857/click - {}
RESULT: {}
COMMAND: GET /session/10905aa29ded037ab27490674a12b44a/screenshot - {}
RESULT: {}
COMMAND: POST /session/10905aa29ded037ab27490674a12b44a/execute/async - {"script":"<script> [1562 bytes]","args":[{"selector":{"id":"application-managepartners-display-component---masterPtm--smartFilterBar-filterItemControlA_-LINK_TO_ADDRESSES_MAIN.ID-vhi"},"wdio_ui5_key":"applicationmanagepartners-display-component---masterPtm--smartFilterBar-filterItemControlA_-LINK_TO_ADDRESSES_MAIN.ID-vhi"}]}
RESULT: {"script":"<script> [1562 bytes]","args":[{"selector":{"id":"application-managepartners-display-component---masterPtm--smartFilterBar-filterItemControlA_-LINK_TO_ADDRESSES_MAIN.ID-vhi"},"wdio_ui5_key":"applicationmanagepartners-display-component---masterPtm--smartFilterBar-filterItemControlA_-LINK_TO_ADDRESSES_MAIN.ID-vhi"}]}
RESULT: undefined
COMMAND: POST /session/10905aa29ded037ab27490674a12b44a/element - {"using":"xpath","value":"//*[@id=\"application-managepartners-display-component---masterPtm--smartFilterBar-filterItemControlA_-LINK_TO_ADDRESSES_MAIN.ID-vhi\"]"}
RESULT: {"using":"xpath","value":"//*[@id=\"application-managepartners-display-component---masterPtm--smartFilterBar-filterItemControlA_-LINK_TO_ADDRESSES_MAIN.ID-vhi\"]"}
COMMAND: POST /session/10905aa29ded037ab27490674a12b44a/element/f.0F422B68595C6480DC5AFCDC2C3D17C2.d.DF7EC528C188C9DB8EC46FAC3E414FD3.e.7870/click - {}
RESULT: {}
COMMAND: GET /session/10905aa29ded037ab27490674a12b44a/screenshot - {}
RESULT: {}
COMMAND: POST /session/10905aa29ded037ab27490674a12b44a/execute/async - {"script":"<script> [1562 bytes]","args":[{"selector":{"controlType":"sap.ui.core.Icon","viewName":"etm.portal.ui.managepartners.view.Master","viewId":"application-managepartners-display-component---masterPtm","properties":{"src":{"regex":{"source":"slim\\-arrow\\-down"}}},"searchOpenDialogs":true},"wdio_ui5_key":"etmportal.ui.managepartners.view.Mastersap.ui.core.Icon{\"src\":{\"regex\":{\"source\":\"slim\\\\-arrow\\\\-down\"}}}"}]}
RESULT: {"script":"<script> [1562 bytes]","args":[{"selector":{"controlType":"sap.ui.core.Icon","viewName":"etm.portal.ui.managepartners.view.Master","viewId":"application-managepartners-display-component---masterPtm","properties":{"src":{"regex":{"source":"slim\\-arrow\\-down"}}},"searchOpenDialogs":true},"wdio_ui5_key":"etmportal.ui.managepartners.view.Mastersap.ui.core.Icon{\"src\":{\"regex\":{\"source\":\"slim\\\\-arrow\\\\-down\"}}}"}]}
RESULT: undefined
COMMAND: POST /session/10905aa29ded037ab27490674a12b44a/element - {"using":"xpath","value":"//*[@id=\"__box77-arrow\"]"}
RESULT: {"using":"xpath","value":"//*[@id=\"__box77-arrow\"]"}
COMMAND: POST /session/10905aa29ded037ab27490674a12b44a/element/f.0F422B68595C6480DC5AFCDC2C3D17C2.d.DF7EC528C188C9DB8EC46FAC3E414FD3.e.7875/click - {}
RESULT: {}
COMMAND: GET /session/10905aa29ded037ab27490674a12b44a/screenshot - {}
RESULT: {}
COMMAND: POST /session/10905aa29ded037ab27490674a12b44a/element - {"using":"xpath","value":"//li[.//span[text()='equal to']]"}
RESULT: {"using":"xpath","value":"//li[.//span[text()='equal to']]"}
COMMAND: POST /session/10905aa29ded037ab27490674a12b44a/element/f.0F422B68595C6480DC5AFCDC2C3D17C2.d.DF7EC528C188C9DB8EC46FAC3E414FD3.e.7876/click - {}
RESULT: {}
COMMAND: GET /session/10905aa29ded037ab27490674a12b44a/screenshot - {}
RESULT: {}
RESULT: undefined
COMMAND: POST /session/10905aa29ded037ab27490674a12b44a/execute/async - {"script":"<script> [776 bytes]","args":[{"enterText":"1006","selector":{"controlType":"sap.m.Input","viewName":"etm.portal.ui.managepartners.view.Master","viewId":"application-managepartners-display-component---masterPtm","properties":{"valueState":"None"},"searchOpenDialogs":true,"interaction":{"idSuffix":"inner"}},"clearTextFirst":true,"interactionType":"ENTER_TEXT"}]}
RESULT: {"script":"<script> [776 bytes]","args":[{"enterText":"1006","selector":{"controlType":"sap.m.Input","viewName":"etm.portal.ui.managepartners.view.Master","viewId":"application-managepartners-display-component---masterPtm","properties":{"valueState":"None"},"searchOpenDialogs":true,"interaction":{"idSuffix":"inner"}},"clearTextFirst":true,"interactionType":"ENTER_TEXT"}]}
COMMAND: POST /session/10905aa29ded037ab27490674a12b44a/actions - {"actions":[{"id":"action22","type":"key","parameters":{},"actions":[{"type":"keyDown","value":"î€‡"},{"type":"pause","duration":10},{"type":"keyUp","value":"î€‡"}]}]}
RESULT: {"actions":[{"id":"action22","type":"key","parameters":{},"actions":[{"type":"keyDown","value":"î€‡"},{"type":"pause","duration":10},{"type":"keyUp","value":"î€‡"}]}]}
COMMAND: GET /session/10905aa29ded037ab27490674a12b44a/screenshot - {}
RESULT: {}
COMMAND: POST /session/10905aa29ded037ab27490674a12b44a/element - {"using":"xpath","value":"(//bdi[contains(text(), \"OK\")])[1]"}
RESULT: {"using":"xpath","value":"(//bdi[contains(text(), \"OK\")])[1]"}
COMMAND: POST /session/10905aa29ded037ab27490674a12b44a/element/f.0F422B68595C6480DC5AFCDC2C3D17C2.d.DF7EC528C188C9DB8EC46FAC3E414FD3.e.7877/click - {}
RESULT: {}
COMMAND: GET /session/10905aa29ded037ab27490674a12b44a/screenshot - {}
RESULT: {}
COMMAND: POST /session/10905aa29ded037ab27490674a12b44a/element - {"using":"xpath","value":"//span[@id=\"application-managepartners-display-component---masterPtm--smartTable-header-inner\"]"}
RESULT: {"using":"xpath","value":"//span[@id=\"application-managepartners-display-component---masterPtm--smartTable-header-inner\"]"}
COMMAND: POST /session/10905aa29ded037ab27490674a12b44a/elements - {"using":"xpath","value":"//span[@id=\"application-managepartners-display-component---masterPtm--smartTable-header-inner\"]"}
RESULT: {"using":"xpath","value":"//span[@id=\"application-managepartners-display-component---masterPtm--smartTable-header-inner\"]"}
COMMAND: POST /session/10905aa29ded037ab27490674a12b44a/execute/sync - {"script":"<script> [56 bytes]","args":[{"element-6066-11e4-a52e-4f735466cecf":"f.0F422B68595C6480DC5AFCDC2C3D17C2.d.DF7EC528C188C9DB8EC46FAC3E414FD3.e.7715","ELEMENT":"f.0F422B68595C6480DC5AFCDC2C3D17C2.d.DF7EC528C188C9DB8EC46FAC3E414FD3.e.7715"}]}
RESULT: {"script":"<script> [56 bytes]","args":[{"element-6066-11e4-a52e-4f735466cecf":"f.0F422B68595C6480DC5AFCDC2C3D17C2.d.DF7EC528C188C9DB8EC46FAC3E414FD3.e.7715","ELEMENT":"f.0F422B68595C6480DC5AFCDC2C3D17C2.d.DF7EC528C188C9DB8EC46FAC3E414FD3.e.7715"}]}
COMMAND: POST /session/10905aa29ded037ab27490674a12b44a/element - {"using":"xpath","value":"//span[contains(@title, \"Remove\")]"}
COMMAND: GET /session/10905aa29ded037ab27490674a12b44a/screenshot - {}
RESULT: {"using":"xpath","value":"//span[contains(@title, \"Remove\")]"}
COMMAND: POST /session/10905aa29ded037ab27490674a12b44a/element/f.0F422B68595C6480DC5AFCDC2C3D17C2.d.DF7EC528C188C9DB8EC46FAC3E414FD3.e.7882/click - {}
RESULT: {}
RESULT: {}
COMMAND: GET /session/10905aa29ded037ab27490674a12b44a/screenshot - {}
RESULT: {}
RESULT: undefined
COMMAND: POST /session/10905aa29ded037ab27490674a12b44a/element - {"using":"xpath","value":"//*[@id=\"application-managepartners-display-component---masterPtm--smartFilterBar-filterItemControl_BASIC-YARD-vhi\"]"}
RESULT: {"using":"xpath","value":"//*[@id=\"application-managepartners-display-component---masterPtm--smartFilterBar-filterItemControl_BASIC-YARD-vhi\"]"}
COMMAND: POST /session/10905aa29ded037ab27490674a12b44a/element/f.0F422B68595C6480DC5AFCDC2C3D17C2.d.DF7EC528C188C9DB8EC46FAC3E414FD3.e.7987/click - {}
RESULT: {}
COMMAND: GET /session/10905aa29ded037ab27490674a12b44a/screenshot - {}
RESULT: {}
RESULT: undefined
COMMAND: POST /session/10905aa29ded037ab27490674a12b44a/execute/async - {"script":"<script> [776 bytes]","args":[{"enterText":"Test","selector":{"id":"application-managepartners-display-component---masterPtm--smartFilterBar-filterItemControl_BASIC-YARD-valueHelpDialog-smartFilterBar-btnBasicSearch","searchOpenDialogs":true,"interaction":{"idSuffix":"I"}},"clearTextFirst":true,"interactionType":"ENTER_TEXT"}]}
RESULT: {"script":"<script> [776 bytes]","args":[{"enterText":"Test","selector":{"id":"application-managepartners-display-component---masterPtm--smartFilterBar-filterItemControl_BASIC-YARD-valueHelpDialog-smartFilterBar-btnBasicSearch","searchOpenDialogs":true,"interaction":{"idSuffix":"I"}},"clearTextFirst":true,"interactionType":"ENTER_TEXT"}]}
COMMAND: POST /session/10905aa29ded037ab27490674a12b44a/actions - {"actions":[{"id":"action23","type":"key","parameters":{},"actions":[{"type":"keyDown","value":"î€‡"},{"type":"pause","duration":10},{"type":"keyUp","value":"î€‡"}]}]}
RESULT: {"actions":[{"id":"action23","type":"key","parameters":{},"actions":[{"type":"keyDown","value":"î€‡"},{"type":"pause","duration":10},{"type":"keyUp","value":"î€‡"}]}]}
COMMAND: POST /session/10905aa29ded037ab27490674a12b44a/elements - {"using":"xpath","value":"//table[contains(@id, \"smartFilterBar-filterItemControl_BASIC-YARD-valueHelpDialog-table-table\")]/tbody/tr"}
COMMAND: GET /session/10905aa29ded037ab27490674a12b44a/screenshot - {}
RESULT: {"using":"xpath","value":"//table[contains(@id, \"smartFilterBar-filterItemControl_BASIC-YARD-valueHelpDialog-table-table\")]/tbody/tr"}
COMMAND: POST /session/10905aa29ded037ab27490674a12b44a/element - {"using":"xpath","value":"//table[contains(@id, \"smartFilterBar-filterItemControl_BASIC-YARD-valueHelpDialog-table-table\")]/tbody/tr[1]/td[1]/div/span"}
RESULT: {}
RESULT: {"using":"xpath","value":"//table[contains(@id, \"smartFilterBar-filterItemControl_BASIC-YARD-valueHelpDialog-table-table\")]/tbody/tr[1]/td[1]/div/span"}
COMMAND: POST /session/10905aa29ded037ab27490674a12b44a/elements - {"using":"xpath","value":"//table[contains(@id, \"smartFilterBar-filterItemControl_BASIC-YARD-valueHelpDialog-table-table\")]/tbody/tr[1]/td[1]/div/span"}
RESULT: {"using":"xpath","value":"//table[contains(@id, \"smartFilterBar-filterItemControl_BASIC-YARD-valueHelpDialog-table-table\")]/tbody/tr[1]/td[1]/div/span"}
COMMAND: POST /session/10905aa29ded037ab27490674a12b44a/execute/sync - {"script":"<script> [56 bytes]","args":[{"element-6066-11e4-a52e-4f735466cecf":"f.0F422B68595C6480DC5AFCDC2C3D17C2.d.DF7EC528C188C9DB8EC46FAC3E414FD3.e.8006","ELEMENT":"f.0F422B68595C6480DC5AFCDC2C3D17C2.d.DF7EC528C188C9DB8EC46FAC3E414FD3.e.8006"}]}
RESULT: {"script":"<script> [56 bytes]","args":[{"element-6066-11e4-a52e-4f735466cecf":"f.0F422B68595C6480DC5AFCDC2C3D17C2.d.DF7EC528C188C9DB8EC46FAC3E414FD3.e.8006","ELEMENT":"f.0F422B68595C6480DC5AFCDC2C3D17C2.d.DF7EC528C188C9DB8EC46FAC3E414FD3.e.8006"}]}
COMMAND: POST /session/10905aa29ded037ab27490674a12b44a/element - {"using":"xpath","value":"//table[contains(@id, \"smartFilterBar-filterItemControl_BASIC-YARD-valueHelpDialog-table-table\")]/tbody/tr[2]/td[1]/div/span"}
COMMAND: GET /session/10905aa29ded037ab27490674a12b44a/screenshot - {}
RESULT: {"using":"xpath","value":"//table[contains(@id, \"smartFilterBar-filterItemControl_BASIC-YARD-valueHelpDialog-table-table\")]/tbody/tr[2]/td[1]/div/span"}
COMMAND: POST /session/10905aa29ded037ab27490674a12b44a/elements - {"using":"xpath","value":"//table[contains(@id, \"smartFilterBar-filterItemControl_BASIC-YARD-valueHelpDialog-table-table\")]/tbody/tr[2]/td[1]/div/span"}
RESULT: {}
RESULT: {"using":"xpath","value":"//table[contains(@id, \"smartFilterBar-filterItemControl_BASIC-YARD-valueHelpDialog-table-table\")]/tbody/tr[2]/td[1]/div/span"}
COMMAND: POST /session/10905aa29ded037ab27490674a12b44a/execute/sync - {"script":"<script> [56 bytes]","args":[{"element-6066-11e4-a52e-4f735466cecf":"f.0F422B68595C6480DC5AFCDC2C3D17C2.d.DF7EC528C188C9DB8EC46FAC3E414FD3.e.8007","ELEMENT":"f.0F422B68595C6480DC5AFCDC2C3D17C2.d.DF7EC528C188C9DB8EC46FAC3E414FD3.e.8007"}]}
RESULT: {"script":"<script> [56 bytes]","args":[{"element-6066-11e4-a52e-4f735466cecf":"f.0F422B68595C6480DC5AFCDC2C3D17C2.d.DF7EC528C188C9DB8EC46FAC3E414FD3.e.8007","ELEMENT":"f.0F422B68595C6480DC5AFCDC2C3D17C2.d.DF7EC528C188C9DB8EC46FAC3E414FD3.e.8007"}]}
COMMAND: POST /session/10905aa29ded037ab27490674a12b44a/element - {"using":"xpath","value":"//table[contains(@id, \"smartFilterBar-filterItemControl_BASIC-YARD-valueHelpDialog-table-table\")]/tbody/tr[3]/td[1]/div/span"}
COMMAND: GET /session/10905aa29ded037ab27490674a12b44a/screenshot - {}
RESULT: {"using":"xpath","value":"//table[contains(@id, \"smartFilterBar-filterItemControl_BASIC-YARD-valueHelpDialog-table-table\")]/tbody/tr[3]/td[1]/div/span"}
COMMAND: POST /session/10905aa29ded037ab27490674a12b44a/elements - {"using":"xpath","value":"//table[contains(@id, \"smartFilterBar-filterItemControl_BASIC-YARD-valueHelpDialog-table-table\")]/tbody/tr[3]/td[1]/div/span"}
RESULT: {}
RESULT: {"using":"xpath","value":"//table[contains(@id, \"smartFilterBar-filterItemControl_BASIC-YARD-valueHelpDialog-table-table\")]/tbody/tr[3]/td[1]/div/span"}
COMMAND: POST /session/10905aa29ded037ab27490674a12b44a/execute/sync - {"script":"<script> [56 bytes]","args":[{"element-6066-11e4-a52e-4f735466cecf":"f.0F422B68595C6480DC5AFCDC2C3D17C2.d.DF7EC528C188C9DB8EC46FAC3E414FD3.e.8008","ELEMENT":"f.0F422B68595C6480DC5AFCDC2C3D17C2.d.DF7EC528C188C9DB8EC46FAC3E414FD3.e.8008"}]}
RESULT: {"script":"<script> [56 bytes]","args":[{"element-6066-11e4-a52e-4f735466cecf":"f.0F422B68595C6480DC5AFCDC2C3D17C2.d.DF7EC528C188C9DB8EC46FAC3E414FD3.e.8008","ELEMENT":"f.0F422B68595C6480DC5AFCDC2C3D17C2.d.DF7EC528C188C9DB8EC46FAC3E414FD3.e.8008"}]}
COMMAND: POST /session/10905aa29ded037ab27490674a12b44a/element - {"using":"xpath","value":"//div[contains(@id, \"filterItemControl_BASIC-YARD-valueHelpDialog-table-rowsel2\")]"}
COMMAND: GET /session/10905aa29ded037ab27490674a12b44a/screenshot - {}
RESULT: {"using":"xpath","value":"//div[contains(@id, \"filterItemControl_BASIC-YARD-valueHelpDialog-table-rowsel2\")]"}
COMMAND: POST /session/10905aa29ded037ab27490674a12b44a/element/f.0F422B68595C6480DC5AFCDC2C3D17C2.d.DF7EC528C188C9DB8EC46FAC3E414FD3.e.8009/click - {}
RESULT: {}
RESULT: {}
COMMAND: GET /session/10905aa29ded037ab27490674a12b44a/screenshot - {}
RESULT: {}
COMMAND: POST /session/10905aa29ded037ab27490674a12b44a/element - {"using":"xpath","value":"(//bdi[contains(text(), \"OK\")])[1]"}
RESULT: {"using":"xpath","value":"(//bdi[contains(text(), \"OK\")])[1]"}
COMMAND: POST /session/10905aa29ded037ab27490674a12b44a/element/f.0F422B68595C6480DC5AFCDC2C3D17C2.d.DF7EC528C188C9DB8EC46FAC3E414FD3.e.8011/click - {}
RESULT: {}
COMMAND: GET /session/10905aa29ded037ab27490674a12b44a/screenshot - {}
RESULT: {}
COMMAND: POST /session/10905aa29ded037ab27490674a12b44a/element - {"using":"xpath","value":"//span[@id=\"application-managepartners-display-component---masterPtm--smartTable-header-inner\"]"}
RESULT: {"using":"xpath","value":"//span[@id=\"application-managepartners-display-component---masterPtm--smartTable-header-inner\"]"}
COMMAND: POST /session/10905aa29ded037ab27490674a12b44a/elements - {"using":"xpath","value":"//span[@id=\"application-managepartners-display-component---masterPtm--smartTable-header-inner\"]"}
RESULT: {"using":"xpath","value":"//span[@id=\"application-managepartners-display-component---masterPtm--smartTable-header-inner\"]"}
COMMAND: POST /session/10905aa29ded037ab27490674a12b44a/execute/sync - {"script":"<script> [56 bytes]","args":[{"element-6066-11e4-a52e-4f735466cecf":"f.0F422B68595C6480DC5AFCDC2C3D17C2.d.DF7EC528C188C9DB8EC46FAC3E414FD3.e.7715","ELEMENT":"f.0F422B68595C6480DC5AFCDC2C3D17C2.d.DF7EC528C188C9DB8EC46FAC3E414FD3.e.7715"}]}
RESULT: {"script":"<script> [56 bytes]","args":[{"element-6066-11e4-a52e-4f735466cecf":"f.0F422B68595C6480DC5AFCDC2C3D17C2.d.DF7EC528C188C9DB8EC46FAC3E414FD3.e.7715","ELEMENT":"f.0F422B68595C6480DC5AFCDC2C3D17C2.d.DF7EC528C188C9DB8EC46FAC3E414FD3.e.7715"}]}
COMMAND: POST /session/10905aa29ded037ab27490674a12b44a/element - {"using":"xpath","value":"//span[contains(@title, \"Remove\")]"}
COMMAND: GET /session/10905aa29ded037ab27490674a12b44a/screenshot - {}
RESULT: {"using":"xpath","value":"//span[contains(@title, \"Remove\")]"}
COMMAND: POST /session/10905aa29ded037ab27490674a12b44a/element/f.0F422B68595C6480DC5AFCDC2C3D17C2.d.DF7EC528C188C9DB8EC46FAC3E414FD3.e.8023/click - {}
RESULT: {}
RESULT: {}
COMMAND: GET /session/10905aa29ded037ab27490674a12b44a/screenshot - {}
RESULT: {}
RESULT: undefined
COMMAND: POST /session/10905aa29ded037ab27490674a12b44a/element - {"using":"xpath","value":"//*[@id=\"application-managepartners-display-component---masterPtm--smartFilterBar-filterItemControl_BASIC-MAIN_ADDRESS-vhi\"]"}
RESULT: {"using":"xpath","value":"//*[@id=\"application-managepartners-display-component---masterPtm--smartFilterBar-filterItemControl_BASIC-MAIN_ADDRESS-vhi\"]"}
COMMAND: POST /session/10905aa29ded037ab27490674a12b44a/element/f.0F422B68595C6480DC5AFCDC2C3D17C2.d.DF7EC528C188C9DB8EC46FAC3E414FD3.e.8125/click - {}
RESULT: {}
COMMAND: GET /session/10905aa29ded037ab27490674a12b44a/screenshot - {}
RESULT: {}
RESULT: undefined
COMMAND: POST /session/10905aa29ded037ab27490674a12b44a/execute/async - {"script":"<script> [776 bytes]","args":[{"enterText":"Romania","selector":{"id":"application-managepartners-display-component---masterPtm--smartFilterBar-filterItemControl_BASIC-MAIN_ADDRESS-valueHelpDialog-smartFilterBar-btnBasicSearch","searchOpenDialogs":true,"interaction":{"idSuffix":"I"}},"clearTextFirst":true,"interactionType":"ENTER_TEXT"}]}
RESULT: {"script":"<script> [776 bytes]","args":[{"enterText":"Romania","selector":{"id":"application-managepartners-display-component---masterPtm--smartFilterBar-filterItemControl_BASIC-MAIN_ADDRESS-valueHelpDialog-smartFilterBar-btnBasicSearch","searchOpenDialogs":true,"interaction":{"idSuffix":"I"}},"clearTextFirst":true,"interactionType":"ENTER_TEXT"}]}
COMMAND: POST /session/10905aa29ded037ab27490674a12b44a/actions - {"actions":[{"id":"action24","type":"key","parameters":{},"actions":[{"type":"keyDown","value":"î€‡"},{"type":"pause","duration":10},{"type":"keyUp","value":"î€‡"}]}]}
RESULT: {"actions":[{"id":"action24","type":"key","parameters":{},"actions":[{"type":"keyDown","value":"î€‡"},{"type":"pause","duration":10},{"type":"keyUp","value":"î€‡"}]}]}
COMMAND: POST /session/10905aa29ded037ab27490674a12b44a/elements - {"using":"xpath","value":"//table[contains(@id, \"smartFilterBar-filterItemControl_BASIC-MAIN_ADDRESS-valueHelpDialog-table-table\")]/tbody/tr"}
COMMAND: GET /session/10905aa29ded037ab27490674a12b44a/screenshot - {}
RESULT: {"using":"xpath","value":"//table[contains(@id, \"smartFilterBar-filterItemControl_BASIC-MAIN_ADDRESS-valueHelpDialog-table-table\")]/tbody/tr"}
COMMAND: POST /session/10905aa29ded037ab27490674a12b44a/element - {"using":"xpath","value":"//table[contains(@id, \"smartFilterBar-filterItemControl_BASIC-MAIN_ADDRESS-valueHelpDialog-table-table\")]/tbody/tr[1]/td[1]/div/span"}
RESULT: {}
RESULT: {"using":"xpath","value":"//table[contains(@id, \"smartFilterBar-filterItemControl_BASIC-MAIN_ADDRESS-valueHelpDialog-table-table\")]/tbody/tr[1]/td[1]/div/span"}
COMMAND: POST /session/10905aa29ded037ab27490674a12b44a/elements - {"using":"xpath","value":"//table[contains(@id, \"smartFilterBar-filterItemControl_BASIC-MAIN_ADDRESS-valueHelpDialog-table-table\")]/tbody/tr[1]/td[1]/div/span"}
RESULT: {"using":"xpath","value":"//table[contains(@id, \"smartFilterBar-filterItemControl_BASIC-MAIN_ADDRESS-valueHelpDialog-table-table\")]/tbody/tr[1]/td[1]/div/span"}
COMMAND: POST /session/10905aa29ded037ab27490674a12b44a/execute/sync - {"script":"<script> [56 bytes]","args":[{"element-6066-11e4-a52e-4f735466cecf":"f.0F422B68595C6480DC5AFCDC2C3D17C2.d.DF7EC528C188C9DB8EC46FAC3E414FD3.e.8146","ELEMENT":"f.0F422B68595C6480DC5AFCDC2C3D17C2.d.DF7EC528C188C9DB8EC46FAC3E414FD3.e.8146"}]}
RESULT: {"script":"<script> [56 bytes]","args":[{"element-6066-11e4-a52e-4f735466cecf":"f.0F422B68595C6480DC5AFCDC2C3D17C2.d.DF7EC528C188C9DB8EC46FAC3E414FD3.e.8146","ELEMENT":"f.0F422B68595C6480DC5AFCDC2C3D17C2.d.DF7EC528C188C9DB8EC46FAC3E414FD3.e.8146"}]}
COMMAND: POST /session/10905aa29ded037ab27490674a12b44a/element - {"using":"xpath","value":"//div[contains(@id, \"filterItemControl_BASIC-MAIN_ADDRESS-valueHelpDialog-table-rowsel0\")]"}
COMMAND: GET /session/10905aa29ded037ab27490674a12b44a/screenshot - {}
RESULT: {"using":"xpath","value":"//div[contains(@id, \"filterItemControl_BASIC-MAIN_ADDRESS-valueHelpDialog-table-rowsel0\")]"}
COMMAND: POST /session/10905aa29ded037ab27490674a12b44a/element/f.0F422B68595C6480DC5AFCDC2C3D17C2.d.DF7EC528C188C9DB8EC46FAC3E414FD3.e.8147/click - {}
RESULT: {}
RESULT: {}
COMMAND: GET /session/10905aa29ded037ab27490674a12b44a/screenshot - {}
RESULT: {}
COMMAND: POST /session/10905aa29ded037ab27490674a12b44a/element - {"using":"xpath","value":"(//bdi[contains(text(), \"OK\")])[1]"}
RESULT: {"using":"xpath","value":"(//bdi[contains(text(), \"OK\")])[1]"}
COMMAND: POST /session/10905aa29ded037ab27490674a12b44a/element/f.0F422B68595C6480DC5AFCDC2C3D17C2.d.DF7EC528C188C9DB8EC46FAC3E414FD3.e.8149/click - {}
RESULT: {}
COMMAND: GET /session/10905aa29ded037ab27490674a12b44a/screenshot - {}
RESULT: {}
COMMAND: POST /session/10905aa29ded037ab27490674a12b44a/element - {"using":"xpath","value":"//span[@id=\"application-managepartners-display-component---masterPtm--smartTable-header-inner\"]"}
RESULT: {"using":"xpath","value":"//span[@id=\"application-managepartners-display-component---masterPtm--smartTable-header-inner\"]"}
COMMAND: POST /session/10905aa29ded037ab27490674a12b44a/elements - {"using":"xpath","value":"//span[@id=\"application-managepartners-display-component---masterPtm--smartTable-header-inner\"]"}
RESULT: {"using":"xpath","value":"//span[@id=\"application-managepartners-display-component---masterPtm--smartTable-header-inner\"]"}
COMMAND: POST /session/10905aa29ded037ab27490674a12b44a/execute/sync - {"script":"<script> [56 bytes]","args":[{"element-6066-11e4-a52e-4f735466cecf":"f.0F422B68595C6480DC5AFCDC2C3D17C2.d.DF7EC528C188C9DB8EC46FAC3E414FD3.e.7715","ELEMENT":"f.0F422B68595C6480DC5AFCDC2C3D17C2.d.DF7EC528C188C9DB8EC46FAC3E414FD3.e.7715"}]}
RESULT: {"script":"<script> [56 bytes]","args":[{"element-6066-11e4-a52e-4f735466cecf":"f.0F422B68595C6480DC5AFCDC2C3D17C2.d.DF7EC528C188C9DB8EC46FAC3E414FD3.e.7715","ELEMENT":"f.0F422B68595C6480DC5AFCDC2C3D17C2.d.DF7EC528C188C9DB8EC46FAC3E414FD3.e.7715"}]}
COMMAND: POST /session/10905aa29ded037ab27490674a12b44a/element - {"using":"xpath","value":"//span[contains(@title, \"Remove\")]"}
COMMAND: GET /session/10905aa29ded037ab27490674a12b44a/screenshot - {}
RESULT: {"using":"xpath","value":"//span[contains(@title, \"Remove\")]"}
COMMAND: POST /session/10905aa29ded037ab27490674a12b44a/element/f.0F422B68595C6480DC5AFCDC2C3D17C2.d.DF7EC528C188C9DB8EC46FAC3E414FD3.e.8162/click - {}
RESULT: {}
RESULT: {}
COMMAND: GET /session/10905aa29ded037ab27490674a12b44a/screenshot - {}
RESULT: {}
COMMAND: POST /session/10905aa29ded037ab27490674a12b44a/execute/async - {"script":"<script> [1562 bytes]","args":[{"selector":{"id":"application-managepartners-display-component---masterPtm--catalogs-arrow"},"wdio_ui5_key":"applicationmanagepartners-display-component---masterPtm--catalogs-arrow"}]}
RESULT: {"script":"<script> [1562 bytes]","args":[{"selector":{"id":"application-managepartners-display-component---masterPtm--catalogs-arrow"},"wdio_ui5_key":"applicationmanagepartners-display-component---masterPtm--catalogs-arrow"}]}
RESULT: undefined
COMMAND: POST /session/10905aa29ded037ab27490674a12b44a/element - {"using":"xpath","value":"//*[@id=\"application-managepartners-display-component---masterPtm--catalogs-arrow\"]"}
RESULT: {"using":"xpath","value":"//*[@id=\"application-managepartners-display-component---masterPtm--catalogs-arrow\"]"}
COMMAND: POST /session/10905aa29ded037ab27490674a12b44a/element/f.0F422B68595C6480DC5AFCDC2C3D17C2.d.DF7EC528C188C9DB8EC46FAC3E414FD3.e.8270/click - {}
RESULT: {}
COMMAND: GET /session/10905aa29ded037ab27490674a12b44a/screenshot - {}
RESULT: {}
COMMAND: POST /session/10905aa29ded037ab27490674a12b44a/element - {"using":"xpath","value":"//li[.//span[text()=\"Webshop Catalog\"]]//div[contains(@class,\"sapMCbBg\")]"}
RESULT: {"using":"xpath","value":"//li[.//span[text()=\"Webshop Catalog\"]]//div[contains(@class,\"sapMCbBg\")]"}
COMMAND: POST /session/10905aa29ded037ab27490674a12b44a/element/f.0F422B68595C6480DC5AFCDC2C3D17C2.d.DF7EC528C188C9DB8EC46FAC3E414FD3.e.8282/click - {}
RESULT: {}
COMMAND: GET /session/10905aa29ded037ab27490674a12b44a/screenshot - {}
RESULT: {}
RESULT: undefined
COMMAND: POST /session/10905aa29ded037ab27490674a12b44a/element - {"using":"xpath","value":"//*[@id=\"application-managepartners-display-component---masterPtm--catalogs-arrow\"]"}
RESULT: {"using":"xpath","value":"//*[@id=\"application-managepartners-display-component---masterPtm--catalogs-arrow\"]"}
COMMAND: POST /session/10905aa29ded037ab27490674a12b44a/element/f.0F422B68595C6480DC5AFCDC2C3D17C2.d.DF7EC528C188C9DB8EC46FAC3E414FD3.e.8270/click - {}
RESULT: {}
COMMAND: POST /session/10905aa29ded037ab27490674a12b44a/element - {"using":"xpath","value":"//span[@id=\"application-managepartners-display-component---masterPtm--smartTable-header-inner\"]"}
COMMAND: GET /session/10905aa29ded037ab27490674a12b44a/screenshot - {}
RESULT: {"using":"xpath","value":"//span[@id=\"application-managepartners-display-component---masterPtm--smartTable-header-inner\"]"}
COMMAND: POST /session/10905aa29ded037ab27490674a12b44a/elements - {"using":"xpath","value":"//span[@id=\"application-managepartners-display-component---masterPtm--smartTable-header-inner\"]"}
RESULT: {}
RESULT: {"using":"xpath","value":"//span[@id=\"application-managepartners-display-component---masterPtm--smartTable-header-inner\"]"}
COMMAND: POST /session/10905aa29ded037ab27490674a12b44a/execute/sync - {"script":"<script> [56 bytes]","args":[{"element-6066-11e4-a52e-4f735466cecf":"f.0F422B68595C6480DC5AFCDC2C3D17C2.d.DF7EC528C188C9DB8EC46FAC3E414FD3.e.7715","ELEMENT":"f.0F422B68595C6480DC5AFCDC2C3D17C2.d.DF7EC528C188C9DB8EC46FAC3E414FD3.e.7715"}]}
RESULT: {"script":"<script> [56 bytes]","args":[{"element-6066-11e4-a52e-4f735466cecf":"f.0F422B68595C6480DC5AFCDC2C3D17C2.d.DF7EC528C188C9DB8EC46FAC3E414FD3.e.7715","ELEMENT":"f.0F422B68595C6480DC5AFCDC2C3D17C2.d.DF7EC528C188C9DB8EC46FAC3E414FD3.e.7715"}]}
COMMAND: GET /session/10905aa29ded037ab27490674a12b44a/screenshot - {}
COMMAND: GET /session/10905aa29ded037ab27490674a12b44a/screenshot - {}
RESULT: {}
]]></system-out>
      <system-err><![CDATA[
TypeError: Cannot read properties of null (reading '0')
    at Context.<anonymous> (D:\a\1\s\test\specs\BTS\manage-partners.spec.js:976:97)
]]></system-err>
    </testcase>
    <testcase classname="chrome.135_0_7049_96.windows.Partner_specific_tests_US150819_US151080_US151654_US151176_US103444_US151078_US151079_US151109_US151174_US151175_US151189" name="Should do various searches US151175" time="169.403">
      <skipped />
      <system-out><![CDATA[
COMMAND: POST /session/10905aa29ded037ab27490674a12b44a/element - {"using":"xpath","value":"//li[.//span[text()=\"Manage Partners\"]]"}
RESULT: {}
RESULT: {"using":"xpath","value":"//li[.//span[text()=\"Manage Partners\"]]"}
COMMAND: POST /session/10905aa29ded037ab27490674a12b44a/element - {"using":"xpath","value":"//li[.//span[text()=\"Manage Partners\"]]"}
RESULT: {"using":"xpath","value":"//li[.//span[text()=\"Manage Partners\"]]"}
COMMAND: POST /session/10905aa29ded037ab27490674a12b44a/element - {"using":"css selector","value":"#shell-header-logo"}
RESULT: {"using":"css selector","value":"#shell-header-logo"}
COMMAND: POST /session/10905aa29ded037ab27490674a12b44a/element/f.0F422B68595C6480DC5AFCDC2C3D17C2.d.DF7EC528C188C9DB8EC46FAC3E414FD3.e.7546/click - {}
COMMAND: POST /session/10905aa29ded037ab27490674a12b44a/execute/sync - {"script":"<script> [8489 bytes]","args":[{"element-6066-11e4-a52e-4f735466cecf":"f.0F422B68595C6480DC5AFCDC2C3D17C2.d.DF7EC528C188C9DB8EC46FAC3E414FD3.e.7546","ELEMENT":"f.0F422B68595C6480DC5AFCDC2C3D17C2.d.DF7EC528C188C9DB8EC46FAC3E414FD3.e.7546"}]}
RESULT: {"script":"<script> [8489 bytes]","args":[{"element-6066-11e4-a52e-4f735466cecf":"f.0F422B68595C6480DC5AFCDC2C3D17C2.d.DF7EC528C188C9DB8EC46FAC3E414FD3.e.7546","ELEMENT":"f.0F422B68595C6480DC5AFCDC2C3D17C2.d.DF7EC528C188C9DB8EC46FAC3E414FD3.e.7546"}]}
COMMAND: POST /session/10905aa29ded037ab27490674a12b44a/execute/sync - {"script":"<script> [5351 bytes]","args":[{"element-6066-11e4-a52e-4f735466cecf":"f.0F422B68595C6480DC5AFCDC2C3D17C2.d.DF7EC528C188C9DB8EC46FAC3E414FD3.e.7546","ELEMENT":"f.0F422B68595C6480DC5AFCDC2C3D17C2.d.DF7EC528C188C9DB8EC46FAC3E414FD3.e.7546"}]}
COMMAND: GET /session/10905aa29ded037ab27490674a12b44a/screenshot - {}
RESULT: {}
COMMAND: GET /session/10905aa29ded037ab27490674a12b44a/screenshot - {}
COMMAND: POST /session/10905aa29ded037ab27490674a12b44a/element - {"using":"css selector","value":"#shell-header-logo"}
RESULT: {}
RESULT: {}
RESULT: {"using":"css selector","value":"#shell-header-logo"}
COMMAND: POST /session/10905aa29ded037ab27490674a12b44a/execute/sync - {"script":"<script> [8489 bytes]","args":[{"element-6066-11e4-a52e-4f735466cecf":"f.0F422B68595C6480DC5AFCDC2C3D17C2.d.DF7EC528C188C9DB8EC46FAC3E414FD3.e.8298","ELEMENT":"f.0F422B68595C6480DC5AFCDC2C3D17C2.d.DF7EC528C188C9DB8EC46FAC3E414FD3.e.8298"}]}
RESULT: {"script":"<script> [8489 bytes]","args":[{"element-6066-11e4-a52e-4f735466cecf":"f.0F422B68595C6480DC5AFCDC2C3D17C2.d.DF7EC528C188C9DB8EC46FAC3E414FD3.e.8298","ELEMENT":"f.0F422B68595C6480DC5AFCDC2C3D17C2.d.DF7EC528C188C9DB8EC46FAC3E414FD3.e.8298"}]}
COMMAND: POST /session/10905aa29ded037ab27490674a12b44a/execute/sync - {"script":"<script> [5351 bytes]","args":[{"element-6066-11e4-a52e-4f735466cecf":"f.0F422B68595C6480DC5AFCDC2C3D17C2.d.DF7EC528C188C9DB8EC46FAC3E414FD3.e.8298","ELEMENT":"f.0F422B68595C6480DC5AFCDC2C3D17C2.d.DF7EC528C188C9DB8EC46FAC3E414FD3.e.8298"}]}
COMMAND: GET /session/10905aa29ded037ab27490674a12b44a/screenshot - {}
RESULT: {"script":"<script> [5351 bytes]","args":[{"element-6066-11e4-a52e-4f735466cecf":"f.0F422B68595C6480DC5AFCDC2C3D17C2.d.DF7EC528C188C9DB8EC46FAC3E414FD3.e.8298","ELEMENT":"f.0F422B68595C6480DC5AFCDC2C3D17C2.d.DF7EC528C188C9DB8EC46FAC3E414FD3.e.8298"}]}
COMMAND: GET /session/10905aa29ded037ab27490674a12b44a/screenshot - {}
RESULT: {}
RESULT: {}
RESULT: undefined
COMMAND: POST /session/10905aa29ded037ab27490674a12b44a/element - {"using":"xpath","value":"//*[@id=\"__tile30\"]"}
RESULT: {"using":"xpath","value":"//*[@id=\"__tile30\"]"}
COMMAND: POST /session/10905aa29ded037ab27490674a12b44a/element/f.0F422B68595C6480DC5AFCDC2C3D17C2.d.DF7EC528C188C9DB8EC46FAC3E414FD3.e.4495/click - {}
RESULT: {}
COMMAND: POST /session/10905aa29ded037ab27490674a12b44a/element - {"using":"xpath","value":"//button[@data-kt=\"addButton\"]"}
COMMAND: GET /session/10905aa29ded037ab27490674a12b44a/screenshot - {}
RESULT: {"using":"xpath","value":"//button[@data-kt=\"addButton\"]"}
COMMAND: POST /session/10905aa29ded037ab27490674a12b44a/elements - {"using":"xpath","value":"//button[@data-kt=\"addButton\"]"}
RESULT: {}
RESULT: {"using":"xpath","value":"//button[@data-kt=\"addButton\"]"}
COMMAND: POST /session/10905aa29ded037ab27490674a12b44a/execute/sync - {"script":"<script> [8489 bytes]","args":[{"element-6066-11e4-a52e-4f735466cecf":"f.0F422B68595C6480DC5AFCDC2C3D17C2.d.DF7EC528C188C9DB8EC46FAC3E414FD3.e.8343","ELEMENT":"f.0F422B68595C6480DC5AFCDC2C3D17C2.d.DF7EC528C188C9DB8EC46FAC3E414FD3.e.8343"}]}
RESULT: {"script":"<script> [8489 bytes]","args":[{"element-6066-11e4-a52e-4f735466cecf":"f.0F422B68595C6480DC5AFCDC2C3D17C2.d.DF7EC528C188C9DB8EC46FAC3E414FD3.e.8343","ELEMENT":"f.0F422B68595C6480DC5AFCDC2C3D17C2.d.DF7EC528C188C9DB8EC46FAC3E414FD3.e.8343"}]}
COMMAND: GET /session/10905aa29ded037ab27490674a12b44a/element/f.0F422B68595C6480DC5AFCDC2C3D17C2.d.DF7EC528C188C9DB8EC46FAC3E414FD3.e.8343/enabled - {}
COMMAND: GET /session/10905aa29ded037ab27490674a12b44a/screenshot - {}
RESULT: {}
COMMAND: POST /session/10905aa29ded037ab27490674a12b44a/execute/sync - {"script":"<script> [8489 bytes]","args":[{"element-6066-11e4-a52e-4f735466cecf":"f.0F422B68595C6480DC5AFCDC2C3D17C2.d.DF7EC528C188C9DB8EC46FAC3E414FD3.e.8343","ELEMENT":"f.0F422B68595C6480DC5AFCDC2C3D17C2.d.DF7EC528C188C9DB8EC46FAC3E414FD3.e.8343"}]}
COMMAND: GET /session/10905aa29ded037ab27490674a12b44a/screenshot - {}
RESULT: {}
RESULT: {"script":"<script> [8489 bytes]","args":[{"element-6066-11e4-a52e-4f735466cecf":"f.0F422B68595C6480DC5AFCDC2C3D17C2.d.DF7EC528C188C9DB8EC46FAC3E414FD3.e.8343","ELEMENT":"f.0F422B68595C6480DC5AFCDC2C3D17C2.d.DF7EC528C188C9DB8EC46FAC3E414FD3.e.8343"}]}
COMMAND: POST /session/10905aa29ded037ab27490674a12b44a/execute/sync - {"script":"<script> [5351 bytes]","args":[{"element-6066-11e4-a52e-4f735466cecf":"f.0F422B68595C6480DC5AFCDC2C3D17C2.d.DF7EC528C188C9DB8EC46FAC3E414FD3.e.8343","ELEMENT":"f.0F422B68595C6480DC5AFCDC2C3D17C2.d.DF7EC528C188C9DB8EC46FAC3E414FD3.e.8343"}]}
COMMAND: GET /session/10905aa29ded037ab27490674a12b44a/screenshot - {}
RESULT: {}
RESULT: {"script":"<script> [5351 bytes]","args":[{"element-6066-11e4-a52e-4f735466cecf":"f.0F422B68595C6480DC5AFCDC2C3D17C2.d.DF7EC528C188C9DB8EC46FAC3E414FD3.e.8343","ELEMENT":"f.0F422B68595C6480DC5AFCDC2C3D17C2.d.DF7EC528C188C9DB8EC46FAC3E414FD3.e.8343"}]}
COMMAND: GET /session/10905aa29ded037ab27490674a12b44a/screenshot - {}
RESULT: {}
RESULT: {}
COMMAND: POST /session/10905aa29ded037ab27490674a12b44a/element - {"using":"xpath","value":"//span[@id=\"application-managepartners-display-component---masterPtm--smartTable-header-inner\"]"}
RESULT: {"using":"xpath","value":"//span[@id=\"application-managepartners-display-component---masterPtm--smartTable-header-inner\"]"}
COMMAND: POST /session/10905aa29ded037ab27490674a12b44a/elements - {"using":"xpath","value":"//span[@id=\"application-managepartners-display-component---masterPtm--smartTable-header-inner\"]"}
RESULT: {"using":"xpath","value":"//span[@id=\"application-managepartners-display-component---masterPtm--smartTable-header-inner\"]"}
COMMAND: POST /session/10905aa29ded037ab27490674a12b44a/execute/sync - {"script":"<script> [56 bytes]","args":[{"element-6066-11e4-a52e-4f735466cecf":"f.0F422B68595C6480DC5AFCDC2C3D17C2.d.DF7EC528C188C9DB8EC46FAC3E414FD3.e.8467","ELEMENT":"f.0F422B68595C6480DC5AFCDC2C3D17C2.d.DF7EC528C188C9DB8EC46FAC3E414FD3.e.8467"}]}
RESULT: {"script":"<script> [56 bytes]","args":[{"element-6066-11e4-a52e-4f735466cecf":"f.0F422B68595C6480DC5AFCDC2C3D17C2.d.DF7EC528C188C9DB8EC46FAC3E414FD3.e.8467","ELEMENT":"f.0F422B68595C6480DC5AFCDC2C3D17C2.d.DF7EC528C188C9DB8EC46FAC3E414FD3.e.8467"}]}
RESULT: undefined
COMMAND: POST /session/10905aa29ded037ab27490674a12b44a/element - {"using":"xpath","value":"//*[@id=\"application-managepartners-display-component---masterPtm--smartFilterBar-btnFilters\"]"}
COMMAND: GET /session/10905aa29ded037ab27490674a12b44a/screenshot - {}
RESULT: {"using":"xpath","value":"//*[@id=\"application-managepartners-display-component---masterPtm--smartFilterBar-btnFilters\"]"}
COMMAND: POST /session/10905aa29ded037ab27490674a12b44a/element/f.0F422B68595C6480DC5AFCDC2C3D17C2.d.DF7EC528C188C9DB8EC46FAC3E414FD3.e.8308/click - {}
RESULT: {}
RESULT: {}
COMMAND: GET /session/10905aa29ded037ab27490674a12b44a/screenshot - {}
RESULT: {}
COMMAND: POST /session/10905aa29ded037ab27490674a12b44a/elements - {"using":"xpath","value":"//table[contains(@id, \"listView-innerSelectionPanelTable-listUl\")]/tbody/tr"}
RESULT: {"using":"xpath","value":"//table[contains(@id, \"listView-innerSelectionPanelTable-listUl\")]/tbody/tr"}
COMMAND: POST /session/10905aa29ded037ab27490674a12b44a/element - {"using":"xpath","value":"//table[contains(@id, \"listView-innerSelectionPanelTable-listUl\")]/tbody/tr[2]/td[2]/div/div"}
RESULT: {"using":"xpath","value":"//table[contains(@id, \"listView-innerSelectionPanelTable-listUl\")]/tbody/tr[2]/td[2]/div/div"}
COMMAND: POST /session/10905aa29ded037ab27490674a12b44a/element - {"using":"xpath","value":"//table[contains(@id, \"listView-innerSelectionPanelTable-listUl\")]/tbody/tr[2]/td[2]/div"}
RESULT: {"using":"xpath","value":"//table[contains(@id, \"listView-innerSelectionPanelTable-listUl\")]/tbody/tr[2]/td[2]/div"}
COMMAND: POST /session/10905aa29ded037ab27490674a12b44a/element - {"using":"xpath","value":"//table[contains(@id, \"listView-innerSelectionPanelTable-listUl\")]/tbody/tr[2]/td[3]/div/div/span/span[1]/bdi"}
RESULT: {"using":"xpath","value":"//table[contains(@id, \"listView-innerSelectionPanelTable-listUl\")]/tbody/tr[2]/td[3]/div/div/span/span[1]/bdi"}
COMMAND: POST /session/10905aa29ded037ab27490674a12b44a/execute/sync - {"script":"<script> [56 bytes]","args":[{"element-6066-11e4-a52e-4f735466cecf":"f.0F422B68595C6480DC5AFCDC2C3D17C2.d.DF7EC528C188C9DB8EC46FAC3E414FD3.e.8535","ELEMENT":"f.0F422B68595C6480DC5AFCDC2C3D17C2.d.DF7EC528C188C9DB8EC46FAC3E414FD3.e.8535"}]}
RESULT: {"script":"<script> [56 bytes]","args":[{"element-6066-11e4-a52e-4f735466cecf":"f.0F422B68595C6480DC5AFCDC2C3D17C2.d.DF7EC528C188C9DB8EC46FAC3E414FD3.e.8535","ELEMENT":"f.0F422B68595C6480DC5AFCDC2C3D17C2.d.DF7EC528C188C9DB8EC46FAC3E414FD3.e.8535"}]}
COMMAND: GET /session/10905aa29ded037ab27490674a12b44a/element/f.0F422B68595C6480DC5AFCDC2C3D17C2.d.DF7EC528C188C9DB8EC46FAC3E414FD3.e.8534/attribute/aria-checked - {}
COMMAND: GET /session/10905aa29ded037ab27490674a12b44a/screenshot - {}
RESULT: {}
COMMAND: POST /session/10905aa29ded037ab27490674a12b44a/element - {"using":"xpath","value":"//table[contains(@id, \"listView-innerSelectionPanelTable-listUl\")]/tbody/tr[3]/td[2]/div/div"}
RESULT: {}
RESULT: {"using":"xpath","value":"//table[contains(@id, \"listView-innerSelectionPanelTable-listUl\")]/tbody/tr[3]/td[2]/div/div"}
COMMAND: POST /session/10905aa29ded037ab27490674a12b44a/element - {"using":"xpath","value":"//table[contains(@id, \"listView-innerSelectionPanelTable-listUl\")]/tbody/tr[3]/td[2]/div"}
RESULT: {"using":"xpath","value":"//table[contains(@id, \"listView-innerSelectionPanelTable-listUl\")]/tbody/tr[3]/td[2]/div"}
COMMAND: POST /session/10905aa29ded037ab27490674a12b44a/element - {"using":"xpath","value":"//table[contains(@id, \"listView-innerSelectionPanelTable-listUl\")]/tbody/tr[3]/td[3]/div/div/span/span[1]/bdi"}
RESULT: {"using":"xpath","value":"//table[contains(@id, \"listView-innerSelectionPanelTable-listUl\")]/tbody/tr[3]/td[3]/div/div/span/span[1]/bdi"}
COMMAND: POST /session/10905aa29ded037ab27490674a12b44a/execute/sync - {"script":"<script> [56 bytes]","args":[{"element-6066-11e4-a52e-4f735466cecf":"f.0F422B68595C6480DC5AFCDC2C3D17C2.d.DF7EC528C188C9DB8EC46FAC3E414FD3.e.8538","ELEMENT":"f.0F422B68595C6480DC5AFCDC2C3D17C2.d.DF7EC528C188C9DB8EC46FAC3E414FD3.e.8538"}]}
RESULT: {"script":"<script> [56 bytes]","args":[{"element-6066-11e4-a52e-4f735466cecf":"f.0F422B68595C6480DC5AFCDC2C3D17C2.d.DF7EC528C188C9DB8EC46FAC3E414FD3.e.8538","ELEMENT":"f.0F422B68595C6480DC5AFCDC2C3D17C2.d.DF7EC528C188C9DB8EC46FAC3E414FD3.e.8538"}]}
COMMAND: GET /session/10905aa29ded037ab27490674a12b44a/element/f.0F422B68595C6480DC5AFCDC2C3D17C2.d.DF7EC528C188C9DB8EC46FAC3E414FD3.e.8537/attribute/aria-checked - {}
COMMAND: GET /session/10905aa29ded037ab27490674a12b44a/screenshot - {}
RESULT: {}
COMMAND: POST /session/10905aa29ded037ab27490674a12b44a/element - {"using":"xpath","value":"//table[contains(@id, \"listView-innerSelectionPanelTable-listUl\")]/tbody/tr[4]/td[2]/div/div"}
RESULT: {}
RESULT: {"using":"xpath","value":"//table[contains(@id, \"listView-innerSelectionPanelTable-listUl\")]/tbody/tr[4]/td[2]/div/div"}
COMMAND: POST /session/10905aa29ded037ab27490674a12b44a/element - {"using":"xpath","value":"//table[contains(@id, \"listView-innerSelectionPanelTable-listUl\")]/tbody/tr[4]/td[2]/div"}
RESULT: {"using":"xpath","value":"//table[contains(@id, \"listView-innerSelectionPanelTable-listUl\")]/tbody/tr[4]/td[2]/div"}
COMMAND: POST /session/10905aa29ded037ab27490674a12b44a/element - {"using":"xpath","value":"//table[contains(@id, \"listView-innerSelectionPanelTable-listUl\")]/tbody/tr[4]/td[3]/div/div/span/span[1]/bdi"}
RESULT: {"using":"xpath","value":"//table[contains(@id, \"listView-innerSelectionPanelTable-listUl\")]/tbody/tr[4]/td[3]/div/div/span/span[1]/bdi"}
COMMAND: POST /session/10905aa29ded037ab27490674a12b44a/execute/sync - {"script":"<script> [56 bytes]","args":[{"element-6066-11e4-a52e-4f735466cecf":"f.0F422B68595C6480DC5AFCDC2C3D17C2.d.DF7EC528C188C9DB8EC46FAC3E414FD3.e.8541","ELEMENT":"f.0F422B68595C6480DC5AFCDC2C3D17C2.d.DF7EC528C188C9DB8EC46FAC3E414FD3.e.8541"}]}
RESULT: {"script":"<script> [56 bytes]","args":[{"element-6066-11e4-a52e-4f735466cecf":"f.0F422B68595C6480DC5AFCDC2C3D17C2.d.DF7EC528C188C9DB8EC46FAC3E414FD3.e.8541","ELEMENT":"f.0F422B68595C6480DC5AFCDC2C3D17C2.d.DF7EC528C188C9DB8EC46FAC3E414FD3.e.8541"}]}
COMMAND: GET /session/10905aa29ded037ab27490674a12b44a/element/f.0F422B68595C6480DC5AFCDC2C3D17C2.d.DF7EC528C188C9DB8EC46FAC3E414FD3.e.8540/attribute/aria-checked - {}
COMMAND: GET /session/10905aa29ded037ab27490674a12b44a/screenshot - {}
RESULT: {}
COMMAND: POST /session/10905aa29ded037ab27490674a12b44a/element - {"using":"xpath","value":"//table[contains(@id, \"listView-innerSelectionPanelTable-listUl\")]/tbody/tr[5]/td[2]/div/div"}
RESULT: {}
RESULT: {"using":"xpath","value":"//table[contains(@id, \"listView-innerSelectionPanelTable-listUl\")]/tbody/tr[5]/td[2]/div/div"}
COMMAND: POST /session/10905aa29ded037ab27490674a12b44a/element - {"using":"xpath","value":"//table[contains(@id, \"listView-innerSelectionPanelTable-listUl\")]/tbody/tr[5]/td[2]/div"}
RESULT: {"using":"xpath","value":"//table[contains(@id, \"listView-innerSelectionPanelTable-listUl\")]/tbody/tr[5]/td[2]/div"}
COMMAND: POST /session/10905aa29ded037ab27490674a12b44a/element - {"using":"xpath","value":"//table[contains(@id, \"listView-innerSelectionPanelTable-listUl\")]/tbody/tr[5]/td[3]/div/div/span/span[1]/bdi"}
RESULT: {"using":"xpath","value":"//table[contains(@id, \"listView-innerSelectionPanelTable-listUl\")]/tbody/tr[5]/td[3]/div/div/span/span[1]/bdi"}
COMMAND: POST /session/10905aa29ded037ab27490674a12b44a/execute/sync - {"script":"<script> [56 bytes]","args":[{"element-6066-11e4-a52e-4f735466cecf":"f.0F422B68595C6480DC5AFCDC2C3D17C2.d.DF7EC528C188C9DB8EC46FAC3E414FD3.e.8544","ELEMENT":"f.0F422B68595C6480DC5AFCDC2C3D17C2.d.DF7EC528C188C9DB8EC46FAC3E414FD3.e.8544"}]}
RESULT: {"script":"<script> [56 bytes]","args":[{"element-6066-11e4-a52e-4f735466cecf":"f.0F422B68595C6480DC5AFCDC2C3D17C2.d.DF7EC528C188C9DB8EC46FAC3E414FD3.e.8544","ELEMENT":"f.0F422B68595C6480DC5AFCDC2C3D17C2.d.DF7EC528C188C9DB8EC46FAC3E414FD3.e.8544"}]}
COMMAND: GET /session/10905aa29ded037ab27490674a12b44a/element/f.0F422B68595C6480DC5AFCDC2C3D17C2.d.DF7EC528C188C9DB8EC46FAC3E414FD3.e.8543/attribute/aria-checked - {}
COMMAND: GET /session/10905aa29ded037ab27490674a12b44a/screenshot - {}
RESULT: {}
COMMAND: POST /session/10905aa29ded037ab27490674a12b44a/element - {"using":"xpath","value":"//table[contains(@id, \"listView-innerSelectionPanelTable-listUl\")]/tbody/tr[6]/td[2]/div/div"}
RESULT: {}
RESULT: {"using":"xpath","value":"//table[contains(@id, \"listView-innerSelectionPanelTable-listUl\")]/tbody/tr[6]/td[2]/div/div"}
COMMAND: POST /session/10905aa29ded037ab27490674a12b44a/element - {"using":"xpath","value":"//table[contains(@id, \"listView-innerSelectionPanelTable-listUl\")]/tbody/tr[6]/td[2]/div"}
RESULT: {"using":"xpath","value":"//table[contains(@id, \"listView-innerSelectionPanelTable-listUl\")]/tbody/tr[6]/td[2]/div"}
COMMAND: POST /session/10905aa29ded037ab27490674a12b44a/element - {"using":"xpath","value":"//table[contains(@id, \"listView-innerSelectionPanelTable-listUl\")]/tbody/tr[6]/td[3]/div/div/span/span[1]/bdi"}
RESULT: {"using":"xpath","value":"//table[contains(@id, \"listView-innerSelectionPanelTable-listUl\")]/tbody/tr[6]/td[3]/div/div/span/span[1]/bdi"}
COMMAND: POST /session/10905aa29ded037ab27490674a12b44a/execute/sync - {"script":"<script> [56 bytes]","args":[{"element-6066-11e4-a52e-4f735466cecf":"f.0F422B68595C6480DC5AFCDC2C3D17C2.d.DF7EC528C188C9DB8EC46FAC3E414FD3.e.8547","ELEMENT":"f.0F422B68595C6480DC5AFCDC2C3D17C2.d.DF7EC528C188C9DB8EC46FAC3E414FD3.e.8547"}]}
RESULT: {"script":"<script> [56 bytes]","args":[{"element-6066-11e4-a52e-4f735466cecf":"f.0F422B68595C6480DC5AFCDC2C3D17C2.d.DF7EC528C188C9DB8EC46FAC3E414FD3.e.8547","ELEMENT":"f.0F422B68595C6480DC5AFCDC2C3D17C2.d.DF7EC528C188C9DB8EC46FAC3E414FD3.e.8547"}]}
COMMAND: GET /session/10905aa29ded037ab27490674a12b44a/element/f.0F422B68595C6480DC5AFCDC2C3D17C2.d.DF7EC528C188C9DB8EC46FAC3E414FD3.e.8546/attribute/aria-checked - {}
COMMAND: GET /session/10905aa29ded037ab27490674a12b44a/screenshot - {}
RESULT: {}
COMMAND: POST /session/10905aa29ded037ab27490674a12b44a/element - {"using":"xpath","value":"//table[contains(@id, \"listView-innerSelectionPanelTable-listUl\")]/tbody/tr[7]/td[2]/div/div"}
RESULT: {}
RESULT: {"using":"xpath","value":"//table[contains(@id, \"listView-innerSelectionPanelTable-listUl\")]/tbody/tr[7]/td[2]/div/div"}
COMMAND: POST /session/10905aa29ded037ab27490674a12b44a/element - {"using":"xpath","value":"//table[contains(@id, \"listView-innerSelectionPanelTable-listUl\")]/tbody/tr[7]/td[2]/div"}
RESULT: {"using":"xpath","value":"//table[contains(@id, \"listView-innerSelectionPanelTable-listUl\")]/tbody/tr[7]/td[2]/div"}
COMMAND: POST /session/10905aa29ded037ab27490674a12b44a/element - {"using":"xpath","value":"//table[contains(@id, \"listView-innerSelectionPanelTable-listUl\")]/tbody/tr[7]/td[3]/div/div/span/span[1]/bdi"}
RESULT: {"using":"xpath","value":"//table[contains(@id, \"listView-innerSelectionPanelTable-listUl\")]/tbody/tr[7]/td[3]/div/div/span/span[1]/bdi"}
COMMAND: POST /session/10905aa29ded037ab27490674a12b44a/execute/sync - {"script":"<script> [56 bytes]","args":[{"element-6066-11e4-a52e-4f735466cecf":"f.0F422B68595C6480DC5AFCDC2C3D17C2.d.DF7EC528C188C9DB8EC46FAC3E414FD3.e.8550","ELEMENT":"f.0F422B68595C6480DC5AFCDC2C3D17C2.d.DF7EC528C188C9DB8EC46FAC3E414FD3.e.8550"}]}
RESULT: {"script":"<script> [56 bytes]","args":[{"element-6066-11e4-a52e-4f735466cecf":"f.0F422B68595C6480DC5AFCDC2C3D17C2.d.DF7EC528C188C9DB8EC46FAC3E414FD3.e.8550","ELEMENT":"f.0F422B68595C6480DC5AFCDC2C3D17C2.d.DF7EC528C188C9DB8EC46FAC3E414FD3.e.8550"}]}
COMMAND: GET /session/10905aa29ded037ab27490674a12b44a/element/f.0F422B68595C6480DC5AFCDC2C3D17C2.d.DF7EC528C188C9DB8EC46FAC3E414FD3.e.8549/attribute/aria-checked - {}
COMMAND: GET /session/10905aa29ded037ab27490674a12b44a/screenshot - {}
RESULT: {}
COMMAND: POST /session/10905aa29ded037ab27490674a12b44a/element - {"using":"xpath","value":"//table[contains(@id, \"listView-innerSelectionPanelTable-listUl\")]/tbody/tr[8]/td[2]/div/div"}
RESULT: {}
RESULT: {"using":"xpath","value":"//table[contains(@id, \"listView-innerSelectionPanelTable-listUl\")]/tbody/tr[8]/td[2]/div/div"}
COMMAND: POST /session/10905aa29ded037ab27490674a12b44a/element - {"using":"xpath","value":"//table[contains(@id, \"listView-innerSelectionPanelTable-listUl\")]/tbody/tr[8]/td[2]/div"}
RESULT: {"using":"xpath","value":"//table[contains(@id, \"listView-innerSelectionPanelTable-listUl\")]/tbody/tr[8]/td[2]/div"}
COMMAND: POST /session/10905aa29ded037ab27490674a12b44a/element - {"using":"xpath","value":"//table[contains(@id, \"listView-innerSelectionPanelTable-listUl\")]/tbody/tr[8]/td[3]/div/div/span/span[1]/bdi"}
RESULT: {"using":"xpath","value":"//table[contains(@id, \"listView-innerSelectionPanelTable-listUl\")]/tbody/tr[8]/td[3]/div/div/span/span[1]/bdi"}
COMMAND: POST /session/10905aa29ded037ab27490674a12b44a/execute/sync - {"script":"<script> [56 bytes]","args":[{"element-6066-11e4-a52e-4f735466cecf":"f.0F422B68595C6480DC5AFCDC2C3D17C2.d.DF7EC528C188C9DB8EC46FAC3E414FD3.e.8553","ELEMENT":"f.0F422B68595C6480DC5AFCDC2C3D17C2.d.DF7EC528C188C9DB8EC46FAC3E414FD3.e.8553"}]}
RESULT: {"script":"<script> [56 bytes]","args":[{"element-6066-11e4-a52e-4f735466cecf":"f.0F422B68595C6480DC5AFCDC2C3D17C2.d.DF7EC528C188C9DB8EC46FAC3E414FD3.e.8553","ELEMENT":"f.0F422B68595C6480DC5AFCDC2C3D17C2.d.DF7EC528C188C9DB8EC46FAC3E414FD3.e.8553"}]}
COMMAND: GET /session/10905aa29ded037ab27490674a12b44a/element/f.0F422B68595C6480DC5AFCDC2C3D17C2.d.DF7EC528C188C9DB8EC46FAC3E414FD3.e.8552/attribute/aria-checked - {}
COMMAND: GET /session/10905aa29ded037ab27490674a12b44a/screenshot - {}
RESULT: {}
COMMAND: POST /session/10905aa29ded037ab27490674a12b44a/element - {"using":"xpath","value":"//table[contains(@id, \"listView-innerSelectionPanelTable-listUl\")]/tbody/tr[9]/td[2]/div/div"}
RESULT: {}
RESULT: {"using":"xpath","value":"//table[contains(@id, \"listView-innerSelectionPanelTable-listUl\")]/tbody/tr[9]/td[2]/div/div"}
COMMAND: POST /session/10905aa29ded037ab27490674a12b44a/element - {"using":"xpath","value":"//table[contains(@id, \"listView-innerSelectionPanelTable-listUl\")]/tbody/tr[9]/td[2]/div"}
RESULT: {"using":"xpath","value":"//table[contains(@id, \"listView-innerSelectionPanelTable-listUl\")]/tbody/tr[9]/td[2]/div"}
COMMAND: POST /session/10905aa29ded037ab27490674a12b44a/element - {"using":"xpath","value":"//table[contains(@id, \"listView-innerSelectionPanelTable-listUl\")]/tbody/tr[9]/td[3]/div/div/span/span[1]/bdi"}
RESULT: {"using":"xpath","value":"//table[contains(@id, \"listView-innerSelectionPanelTable-listUl\")]/tbody/tr[9]/td[3]/div/div/span/span[1]/bdi"}
COMMAND: POST /session/10905aa29ded037ab27490674a12b44a/execute/sync - {"script":"<script> [56 bytes]","args":[{"element-6066-11e4-a52e-4f735466cecf":"f.0F422B68595C6480DC5AFCDC2C3D17C2.d.DF7EC528C188C9DB8EC46FAC3E414FD3.e.8556","ELEMENT":"f.0F422B68595C6480DC5AFCDC2C3D17C2.d.DF7EC528C188C9DB8EC46FAC3E414FD3.e.8556"}]}
RESULT: {"script":"<script> [56 bytes]","args":[{"element-6066-11e4-a52e-4f735466cecf":"f.0F422B68595C6480DC5AFCDC2C3D17C2.d.DF7EC528C188C9DB8EC46FAC3E414FD3.e.8556","ELEMENT":"f.0F422B68595C6480DC5AFCDC2C3D17C2.d.DF7EC528C188C9DB8EC46FAC3E414FD3.e.8556"}]}
COMMAND: GET /session/10905aa29ded037ab27490674a12b44a/element/f.0F422B68595C6480DC5AFCDC2C3D17C2.d.DF7EC528C188C9DB8EC46FAC3E414FD3.e.8555/attribute/aria-checked - {}
COMMAND: GET /session/10905aa29ded037ab27490674a12b44a/screenshot - {}
RESULT: {}
COMMAND: POST /session/10905aa29ded037ab27490674a12b44a/element - {"using":"xpath","value":"//table[contains(@id, \"listView-innerSelectionPanelTable-listUl\")]/tbody/tr[10]/td[2]/div/div"}
RESULT: {}
RESULT: {"using":"xpath","value":"//table[contains(@id, \"listView-innerSelectionPanelTable-listUl\")]/tbody/tr[10]/td[2]/div/div"}
COMMAND: POST /session/10905aa29ded037ab27490674a12b44a/element - {"using":"xpath","value":"//table[contains(@id, \"listView-innerSelectionPanelTable-listUl\")]/tbody/tr[10]/td[2]/div"}
RESULT: {"using":"xpath","value":"//table[contains(@id, \"listView-innerSelectionPanelTable-listUl\")]/tbody/tr[10]/td[2]/div"}
COMMAND: POST /session/10905aa29ded037ab27490674a12b44a/element - {"using":"xpath","value":"//table[contains(@id, \"listView-innerSelectionPanelTable-listUl\")]/tbody/tr[10]/td[3]/div/div/span/span[1]/bdi"}
RESULT: {"using":"xpath","value":"//table[contains(@id, \"listView-innerSelectionPanelTable-listUl\")]/tbody/tr[10]/td[3]/div/div/span/span[1]/bdi"}
COMMAND: POST /session/10905aa29ded037ab27490674a12b44a/execute/sync - {"script":"<script> [56 bytes]","args":[{"element-6066-11e4-a52e-4f735466cecf":"f.0F422B68595C6480DC5AFCDC2C3D17C2.d.DF7EC528C188C9DB8EC46FAC3E414FD3.e.8559","ELEMENT":"f.0F422B68595C6480DC5AFCDC2C3D17C2.d.DF7EC528C188C9DB8EC46FAC3E414FD3.e.8559"}]}
RESULT: {"script":"<script> [56 bytes]","args":[{"element-6066-11e4-a52e-4f735466cecf":"f.0F422B68595C6480DC5AFCDC2C3D17C2.d.DF7EC528C188C9DB8EC46FAC3E414FD3.e.8559","ELEMENT":"f.0F422B68595C6480DC5AFCDC2C3D17C2.d.DF7EC528C188C9DB8EC46FAC3E414FD3.e.8559"}]}
COMMAND: GET /session/10905aa29ded037ab27490674a12b44a/element/f.0F422B68595C6480DC5AFCDC2C3D17C2.d.DF7EC528C188C9DB8EC46FAC3E414FD3.e.8558/attribute/aria-checked - {}
COMMAND: GET /session/10905aa29ded037ab27490674a12b44a/screenshot - {}
RESULT: {}
COMMAND: POST /session/10905aa29ded037ab27490674a12b44a/element - {"using":"xpath","value":"//table[contains(@id, \"listView-innerSelectionPanelTable-listUl\")]/tbody/tr[11]/td[2]/div/div"}
RESULT: {}
RESULT: {"using":"xpath","value":"//table[contains(@id, \"listView-innerSelectionPanelTable-listUl\")]/tbody/tr[11]/td[2]/div/div"}
COMMAND: POST /session/10905aa29ded037ab27490674a12b44a/element - {"using":"xpath","value":"//table[contains(@id, \"listView-innerSelectionPanelTable-listUl\")]/tbody/tr[11]/td[2]/div"}
RESULT: {"using":"xpath","value":"//table[contains(@id, \"listView-innerSelectionPanelTable-listUl\")]/tbody/tr[11]/td[2]/div"}
COMMAND: POST /session/10905aa29ded037ab27490674a12b44a/element - {"using":"xpath","value":"//table[contains(@id, \"listView-innerSelectionPanelTable-listUl\")]/tbody/tr[11]/td[3]/div/div/span/span[1]/bdi"}
RESULT: {"using":"xpath","value":"//table[contains(@id, \"listView-innerSelectionPanelTable-listUl\")]/tbody/tr[11]/td[3]/div/div/span/span[1]/bdi"}
COMMAND: POST /session/10905aa29ded037ab27490674a12b44a/execute/sync - {"script":"<script> [56 bytes]","args":[{"element-6066-11e4-a52e-4f735466cecf":"f.0F422B68595C6480DC5AFCDC2C3D17C2.d.DF7EC528C188C9DB8EC46FAC3E414FD3.e.8562","ELEMENT":"f.0F422B68595C6480DC5AFCDC2C3D17C2.d.DF7EC528C188C9DB8EC46FAC3E414FD3.e.8562"}]}
RESULT: {"script":"<script> [56 bytes]","args":[{"element-6066-11e4-a52e-4f735466cecf":"f.0F422B68595C6480DC5AFCDC2C3D17C2.d.DF7EC528C188C9DB8EC46FAC3E414FD3.e.8562","ELEMENT":"f.0F422B68595C6480DC5AFCDC2C3D17C2.d.DF7EC528C188C9DB8EC46FAC3E414FD3.e.8562"}]}
COMMAND: GET /session/10905aa29ded037ab27490674a12b44a/element/f.0F422B68595C6480DC5AFCDC2C3D17C2.d.DF7EC528C188C9DB8EC46FAC3E414FD3.e.8561/attribute/aria-checked - {}
COMMAND: GET /session/10905aa29ded037ab27490674a12b44a/screenshot - {}
RESULT: {}
COMMAND: POST /session/10905aa29ded037ab27490674a12b44a/element - {"using":"xpath","value":"//table[contains(@id, \"listView-innerSelectionPanelTable-listUl\")]/tbody/tr[12]/td[2]/div/div"}
RESULT: {}
RESULT: {"using":"xpath","value":"//table[contains(@id, \"listView-innerSelectionPanelTable-listUl\")]/tbody/tr[12]/td[2]/div/div"}
COMMAND: POST /session/10905aa29ded037ab27490674a12b44a/element - {"using":"xpath","value":"//table[contains(@id, \"listView-innerSelectionPanelTable-listUl\")]/tbody/tr[12]/td[2]/div"}
RESULT: {"using":"xpath","value":"//table[contains(@id, \"listView-innerSelectionPanelTable-listUl\")]/tbody/tr[12]/td[2]/div"}
COMMAND: POST /session/10905aa29ded037ab27490674a12b44a/element - {"using":"xpath","value":"//table[contains(@id, \"listView-innerSelectionPanelTable-listUl\")]/tbody/tr[12]/td[3]/div/div/span/span[1]/bdi"}
RESULT: {"using":"xpath","value":"//table[contains(@id, \"listView-innerSelectionPanelTable-listUl\")]/tbody/tr[12]/td[3]/div/div/span/span[1]/bdi"}
COMMAND: POST /session/10905aa29ded037ab27490674a12b44a/execute/sync - {"script":"<script> [56 bytes]","args":[{"element-6066-11e4-a52e-4f735466cecf":"f.0F422B68595C6480DC5AFCDC2C3D17C2.d.DF7EC528C188C9DB8EC46FAC3E414FD3.e.8565","ELEMENT":"f.0F422B68595C6480DC5AFCDC2C3D17C2.d.DF7EC528C188C9DB8EC46FAC3E414FD3.e.8565"}]}
RESULT: {"script":"<script> [56 bytes]","args":[{"element-6066-11e4-a52e-4f735466cecf":"f.0F422B68595C6480DC5AFCDC2C3D17C2.d.DF7EC528C188C9DB8EC46FAC3E414FD3.e.8565","ELEMENT":"f.0F422B68595C6480DC5AFCDC2C3D17C2.d.DF7EC528C188C9DB8EC46FAC3E414FD3.e.8565"}]}
COMMAND: GET /session/10905aa29ded037ab27490674a12b44a/element/f.0F422B68595C6480DC5AFCDC2C3D17C2.d.DF7EC528C188C9DB8EC46FAC3E414FD3.e.8564/attribute/aria-checked - {}
COMMAND: GET /session/10905aa29ded037ab27490674a12b44a/screenshot - {}
RESULT: {}
COMMAND: POST /session/10905aa29ded037ab27490674a12b44a/element - {"using":"xpath","value":"//table[contains(@id, \"listView-innerSelectionPanelTable-listUl\")]/tbody/tr[13]/td[2]/div/div"}
RESULT: {}
RESULT: {"using":"xpath","value":"//table[contains(@id, \"listView-innerSelectionPanelTable-listUl\")]/tbody/tr[13]/td[2]/div/div"}
COMMAND: POST /session/10905aa29ded037ab27490674a12b44a/element - {"using":"xpath","value":"//table[contains(@id, \"listView-innerSelectionPanelTable-listUl\")]/tbody/tr[13]/td[2]/div"}
RESULT: {"using":"xpath","value":"//table[contains(@id, \"listView-innerSelectionPanelTable-listUl\")]/tbody/tr[13]/td[2]/div"}
COMMAND: POST /session/10905aa29ded037ab27490674a12b44a/element - {"using":"xpath","value":"//table[contains(@id, \"listView-innerSelectionPanelTable-listUl\")]/tbody/tr[13]/td[3]/div/div/span/span[1]/bdi"}
RESULT: {"using":"xpath","value":"//table[contains(@id, \"listView-innerSelectionPanelTable-listUl\")]/tbody/tr[13]/td[3]/div/div/span/span[1]/bdi"}
COMMAND: POST /session/10905aa29ded037ab27490674a12b44a/execute/sync - {"script":"<script> [56 bytes]","args":[{"element-6066-11e4-a52e-4f735466cecf":"f.0F422B68595C6480DC5AFCDC2C3D17C2.d.DF7EC528C188C9DB8EC46FAC3E414FD3.e.8568","ELEMENT":"f.0F422B68595C6480DC5AFCDC2C3D17C2.d.DF7EC528C188C9DB8EC46FAC3E414FD3.e.8568"}]}
RESULT: {"script":"<script> [56 bytes]","args":[{"element-6066-11e4-a52e-4f735466cecf":"f.0F422B68595C6480DC5AFCDC2C3D17C2.d.DF7EC528C188C9DB8EC46FAC3E414FD3.e.8568","ELEMENT":"f.0F422B68595C6480DC5AFCDC2C3D17C2.d.DF7EC528C188C9DB8EC46FAC3E414FD3.e.8568"}]}
COMMAND: GET /session/10905aa29ded037ab27490674a12b44a/element/f.0F422B68595C6480DC5AFCDC2C3D17C2.d.DF7EC528C188C9DB8EC46FAC3E414FD3.e.8567/attribute/aria-checked - {}
COMMAND: GET /session/10905aa29ded037ab27490674a12b44a/screenshot - {}
RESULT: {}
COMMAND: POST /session/10905aa29ded037ab27490674a12b44a/element - {"using":"xpath","value":"//table[contains(@id, \"listView-innerSelectionPanelTable-listUl\")]/tbody/tr[14]/td[2]/div/div"}
RESULT: {}
RESULT: {"using":"xpath","value":"//table[contains(@id, \"listView-innerSelectionPanelTable-listUl\")]/tbody/tr[14]/td[2]/div/div"}
COMMAND: POST /session/10905aa29ded037ab27490674a12b44a/element - {"using":"xpath","value":"//table[contains(@id, \"listView-innerSelectionPanelTable-listUl\")]/tbody/tr[14]/td[2]/div"}
RESULT: {"using":"xpath","value":"//table[contains(@id, \"listView-innerSelectionPanelTable-listUl\")]/tbody/tr[14]/td[2]/div"}
COMMAND: POST /session/10905aa29ded037ab27490674a12b44a/element - {"using":"xpath","value":"//table[contains(@id, \"listView-innerSelectionPanelTable-listUl\")]/tbody/tr[14]/td[3]/div/div/span/span[1]/bdi"}
RESULT: {"using":"xpath","value":"//table[contains(@id, \"listView-innerSelectionPanelTable-listUl\")]/tbody/tr[14]/td[3]/div/div/span/span[1]/bdi"}
COMMAND: POST /session/10905aa29ded037ab27490674a12b44a/execute/sync - {"script":"<script> [56 bytes]","args":[{"element-6066-11e4-a52e-4f735466cecf":"f.0F422B68595C6480DC5AFCDC2C3D17C2.d.DF7EC528C188C9DB8EC46FAC3E414FD3.e.8571","ELEMENT":"f.0F422B68595C6480DC5AFCDC2C3D17C2.d.DF7EC528C188C9DB8EC46FAC3E414FD3.e.8571"}]}
RESULT: {"script":"<script> [56 bytes]","args":[{"element-6066-11e4-a52e-4f735466cecf":"f.0F422B68595C6480DC5AFCDC2C3D17C2.d.DF7EC528C188C9DB8EC46FAC3E414FD3.e.8571","ELEMENT":"f.0F422B68595C6480DC5AFCDC2C3D17C2.d.DF7EC528C188C9DB8EC46FAC3E414FD3.e.8571"}]}
COMMAND: GET /session/10905aa29ded037ab27490674a12b44a/element/f.0F422B68595C6480DC5AFCDC2C3D17C2.d.DF7EC528C188C9DB8EC46FAC3E414FD3.e.8570/attribute/aria-checked - {}
COMMAND: GET /session/10905aa29ded037ab27490674a12b44a/screenshot - {}
RESULT: {}
COMMAND: POST /session/10905aa29ded037ab27490674a12b44a/element - {"using":"xpath","value":"//table[contains(@id, \"listView-innerSelectionPanelTable-listUl\")]/tbody/tr[15]/td[2]/div/div"}
RESULT: {}
RESULT: {"using":"xpath","value":"//table[contains(@id, \"listView-innerSelectionPanelTable-listUl\")]/tbody/tr[15]/td[2]/div/div"}
COMMAND: POST /session/10905aa29ded037ab27490674a12b44a/element - {"using":"xpath","value":"//table[contains(@id, \"listView-innerSelectionPanelTable-listUl\")]/tbody/tr[15]/td[2]/div"}
RESULT: {"using":"xpath","value":"//table[contains(@id, \"listView-innerSelectionPanelTable-listUl\")]/tbody/tr[15]/td[2]/div"}
COMMAND: POST /session/10905aa29ded037ab27490674a12b44a/element - {"using":"xpath","value":"//table[contains(@id, \"listView-innerSelectionPanelTable-listUl\")]/tbody/tr[15]/td[3]/div/div/span/span[1]/bdi"}
RESULT: {"using":"xpath","value":"//table[contains(@id, \"listView-innerSelectionPanelTable-listUl\")]/tbody/tr[15]/td[3]/div/div/span/span[1]/bdi"}
COMMAND: POST /session/10905aa29ded037ab27490674a12b44a/execute/sync - {"script":"<script> [56 bytes]","args":[{"element-6066-11e4-a52e-4f735466cecf":"f.0F422B68595C6480DC5AFCDC2C3D17C2.d.DF7EC528C188C9DB8EC46FAC3E414FD3.e.8574","ELEMENT":"f.0F422B68595C6480DC5AFCDC2C3D17C2.d.DF7EC528C188C9DB8EC46FAC3E414FD3.e.8574"}]}
RESULT: {"script":"<script> [56 bytes]","args":[{"element-6066-11e4-a52e-4f735466cecf":"f.0F422B68595C6480DC5AFCDC2C3D17C2.d.DF7EC528C188C9DB8EC46FAC3E414FD3.e.8574","ELEMENT":"f.0F422B68595C6480DC5AFCDC2C3D17C2.d.DF7EC528C188C9DB8EC46FAC3E414FD3.e.8574"}]}
COMMAND: GET /session/10905aa29ded037ab27490674a12b44a/element/f.0F422B68595C6480DC5AFCDC2C3D17C2.d.DF7EC528C188C9DB8EC46FAC3E414FD3.e.8573/attribute/aria-checked - {}
COMMAND: GET /session/10905aa29ded037ab27490674a12b44a/screenshot - {}
RESULT: {}
COMMAND: POST /session/10905aa29ded037ab27490674a12b44a/element - {"using":"xpath","value":"//table[contains(@id, \"listView-innerSelectionPanelTable-listUl\")]/tbody/tr[16]/td[2]/div/div"}
RESULT: {}
RESULT: {"using":"xpath","value":"//table[contains(@id, \"listView-innerSelectionPanelTable-listUl\")]/tbody/tr[16]/td[2]/div/div"}
COMMAND: POST /session/10905aa29ded037ab27490674a12b44a/element - {"using":"xpath","value":"//table[contains(@id, \"listView-innerSelectionPanelTable-listUl\")]/tbody/tr[16]/td[2]/div"}
RESULT: {"using":"xpath","value":"//table[contains(@id, \"listView-innerSelectionPanelTable-listUl\")]/tbody/tr[16]/td[2]/div"}
COMMAND: POST /session/10905aa29ded037ab27490674a12b44a/element - {"using":"xpath","value":"//table[contains(@id, \"listView-innerSelectionPanelTable-listUl\")]/tbody/tr[16]/td[3]/div/div/span/span[1]/bdi"}
RESULT: {"using":"xpath","value":"//table[contains(@id, \"listView-innerSelectionPanelTable-listUl\")]/tbody/tr[16]/td[3]/div/div/span/span[1]/bdi"}
COMMAND: POST /session/10905aa29ded037ab27490674a12b44a/execute/sync - {"script":"<script> [56 bytes]","args":[{"element-6066-11e4-a52e-4f735466cecf":"f.0F422B68595C6480DC5AFCDC2C3D17C2.d.DF7EC528C188C9DB8EC46FAC3E414FD3.e.8577","ELEMENT":"f.0F422B68595C6480DC5AFCDC2C3D17C2.d.DF7EC528C188C9DB8EC46FAC3E414FD3.e.8577"}]}
RESULT: {"script":"<script> [56 bytes]","args":[{"element-6066-11e4-a52e-4f735466cecf":"f.0F422B68595C6480DC5AFCDC2C3D17C2.d.DF7EC528C188C9DB8EC46FAC3E414FD3.e.8577","ELEMENT":"f.0F422B68595C6480DC5AFCDC2C3D17C2.d.DF7EC528C188C9DB8EC46FAC3E414FD3.e.8577"}]}
COMMAND: GET /session/10905aa29ded037ab27490674a12b44a/element/f.0F422B68595C6480DC5AFCDC2C3D17C2.d.DF7EC528C188C9DB8EC46FAC3E414FD3.e.8576/attribute/aria-checked - {}
COMMAND: GET /session/10905aa29ded037ab27490674a12b44a/screenshot - {}
RESULT: {}
COMMAND: POST /session/10905aa29ded037ab27490674a12b44a/element - {"using":"xpath","value":"//table[contains(@id, \"listView-innerSelectionPanelTable-listUl\")]/tbody/tr[17]/td[2]/div/div"}
RESULT: {}
RESULT: {"using":"xpath","value":"//table[contains(@id, \"listView-innerSelectionPanelTable-listUl\")]/tbody/tr[17]/td[2]/div/div"}
COMMAND: POST /session/10905aa29ded037ab27490674a12b44a/element - {"using":"xpath","value":"//table[contains(@id, \"listView-innerSelectionPanelTable-listUl\")]/tbody/tr[17]/td[2]/div"}
RESULT: {"using":"xpath","value":"//table[contains(@id, \"listView-innerSelectionPanelTable-listUl\")]/tbody/tr[17]/td[2]/div"}
COMMAND: POST /session/10905aa29ded037ab27490674a12b44a/element - {"using":"xpath","value":"//table[contains(@id, \"listView-innerSelectionPanelTable-listUl\")]/tbody/tr[17]/td[3]/div/div/span/span[1]/bdi"}
RESULT: {"using":"xpath","value":"//table[contains(@id, \"listView-innerSelectionPanelTable-listUl\")]/tbody/tr[17]/td[3]/div/div/span/span[1]/bdi"}
COMMAND: POST /session/10905aa29ded037ab27490674a12b44a/execute/sync - {"script":"<script> [56 bytes]","args":[{"element-6066-11e4-a52e-4f735466cecf":"f.0F422B68595C6480DC5AFCDC2C3D17C2.d.DF7EC528C188C9DB8EC46FAC3E414FD3.e.8580","ELEMENT":"f.0F422B68595C6480DC5AFCDC2C3D17C2.d.DF7EC528C188C9DB8EC46FAC3E414FD3.e.8580"}]}
RESULT: {"script":"<script> [56 bytes]","args":[{"element-6066-11e4-a52e-4f735466cecf":"f.0F422B68595C6480DC5AFCDC2C3D17C2.d.DF7EC528C188C9DB8EC46FAC3E414FD3.e.8580","ELEMENT":"f.0F422B68595C6480DC5AFCDC2C3D17C2.d.DF7EC528C188C9DB8EC46FAC3E414FD3.e.8580"}]}
COMMAND: GET /session/10905aa29ded037ab27490674a12b44a/element/f.0F422B68595C6480DC5AFCDC2C3D17C2.d.DF7EC528C188C9DB8EC46FAC3E414FD3.e.8579/attribute/aria-checked - {}
COMMAND: GET /session/10905aa29ded037ab27490674a12b44a/screenshot - {}
RESULT: {}
COMMAND: POST /session/10905aa29ded037ab27490674a12b44a/element - {"using":"xpath","value":"//table[contains(@id, \"listView-innerSelectionPanelTable-listUl\")]/tbody/tr[18]/td[2]/div/div"}
RESULT: {}
RESULT: {"using":"xpath","value":"//table[contains(@id, \"listView-innerSelectionPanelTable-listUl\")]/tbody/tr[18]/td[2]/div/div"}
COMMAND: POST /session/10905aa29ded037ab27490674a12b44a/element - {"using":"xpath","value":"//table[contains(@id, \"listView-innerSelectionPanelTable-listUl\")]/tbody/tr[18]/td[2]/div"}
RESULT: {"using":"xpath","value":"//table[contains(@id, \"listView-innerSelectionPanelTable-listUl\")]/tbody/tr[18]/td[2]/div"}
COMMAND: POST /session/10905aa29ded037ab27490674a12b44a/element - {"using":"xpath","value":"//table[contains(@id, \"listView-innerSelectionPanelTable-listUl\")]/tbody/tr[18]/td[3]/div/div/span/span[1]/bdi"}
RESULT: {"using":"xpath","value":"//table[contains(@id, \"listView-innerSelectionPanelTable-listUl\")]/tbody/tr[18]/td[3]/div/div/span/span[1]/bdi"}
COMMAND: POST /session/10905aa29ded037ab27490674a12b44a/execute/sync - {"script":"<script> [56 bytes]","args":[{"element-6066-11e4-a52e-4f735466cecf":"f.0F422B68595C6480DC5AFCDC2C3D17C2.d.DF7EC528C188C9DB8EC46FAC3E414FD3.e.8583","ELEMENT":"f.0F422B68595C6480DC5AFCDC2C3D17C2.d.DF7EC528C188C9DB8EC46FAC3E414FD3.e.8583"}]}
RESULT: {"script":"<script> [56 bytes]","args":[{"element-6066-11e4-a52e-4f735466cecf":"f.0F422B68595C6480DC5AFCDC2C3D17C2.d.DF7EC528C188C9DB8EC46FAC3E414FD3.e.8583","ELEMENT":"f.0F422B68595C6480DC5AFCDC2C3D17C2.d.DF7EC528C188C9DB8EC46FAC3E414FD3.e.8583"}]}
COMMAND: GET /session/10905aa29ded037ab27490674a12b44a/element/f.0F422B68595C6480DC5AFCDC2C3D17C2.d.DF7EC528C188C9DB8EC46FAC3E414FD3.e.8582/attribute/aria-checked - {}
COMMAND: GET /session/10905aa29ded037ab27490674a12b44a/screenshot - {}
RESULT: {}
COMMAND: POST /session/10905aa29ded037ab27490674a12b44a/element - {"using":"xpath","value":"//table[contains(@id, \"listView-innerSelectionPanelTable-listUl\")]/tbody/tr[19]/td[2]/div/div"}
RESULT: {}
RESULT: {"using":"xpath","value":"//table[contains(@id, \"listView-innerSelectionPanelTable-listUl\")]/tbody/tr[19]/td[2]/div/div"}
COMMAND: POST /session/10905aa29ded037ab27490674a12b44a/element - {"using":"xpath","value":"//table[contains(@id, \"listView-innerSelectionPanelTable-listUl\")]/tbody/tr[19]/td[2]/div"}
RESULT: {"using":"xpath","value":"//table[contains(@id, \"listView-innerSelectionPanelTable-listUl\")]/tbody/tr[19]/td[2]/div"}
COMMAND: POST /session/10905aa29ded037ab27490674a12b44a/element - {"using":"xpath","value":"//table[contains(@id, \"listView-innerSelectionPanelTable-listUl\")]/tbody/tr[19]/td[3]/div/div/span/span[1]/bdi"}
RESULT: {"using":"xpath","value":"//table[contains(@id, \"listView-innerSelectionPanelTable-listUl\")]/tbody/tr[19]/td[3]/div/div/span/span[1]/bdi"}
COMMAND: POST /session/10905aa29ded037ab27490674a12b44a/execute/sync - {"script":"<script> [56 bytes]","args":[{"element-6066-11e4-a52e-4f735466cecf":"f.0F422B68595C6480DC5AFCDC2C3D17C2.d.DF7EC528C188C9DB8EC46FAC3E414FD3.e.8586","ELEMENT":"f.0F422B68595C6480DC5AFCDC2C3D17C2.d.DF7EC528C188C9DB8EC46FAC3E414FD3.e.8586"}]}
RESULT: {"script":"<script> [56 bytes]","args":[{"element-6066-11e4-a52e-4f735466cecf":"f.0F422B68595C6480DC5AFCDC2C3D17C2.d.DF7EC528C188C9DB8EC46FAC3E414FD3.e.8586","ELEMENT":"f.0F422B68595C6480DC5AFCDC2C3D17C2.d.DF7EC528C188C9DB8EC46FAC3E414FD3.e.8586"}]}
COMMAND: GET /session/10905aa29ded037ab27490674a12b44a/element/f.0F422B68595C6480DC5AFCDC2C3D17C2.d.DF7EC528C188C9DB8EC46FAC3E414FD3.e.8585/attribute/aria-checked - {}
COMMAND: GET /session/10905aa29ded037ab27490674a12b44a/screenshot - {}
RESULT: {}
COMMAND: POST /session/10905aa29ded037ab27490674a12b44a/element - {"using":"xpath","value":"//table[contains(@id, \"listView-innerSelectionPanelTable-listUl\")]/tbody/tr[20]/td[2]/div/div"}
RESULT: {}
RESULT: {"using":"xpath","value":"//table[contains(@id, \"listView-innerSelectionPanelTable-listUl\")]/tbody/tr[20]/td[2]/div/div"}
COMMAND: POST /session/10905aa29ded037ab27490674a12b44a/element - {"using":"xpath","value":"//table[contains(@id, \"listView-innerSelectionPanelTable-listUl\")]/tbody/tr[20]/td[2]/div"}
RESULT: {"using":"xpath","value":"//table[contains(@id, \"listView-innerSelectionPanelTable-listUl\")]/tbody/tr[20]/td[2]/div"}
COMMAND: POST /session/10905aa29ded037ab27490674a12b44a/element - {"using":"xpath","value":"//table[contains(@id, \"listView-innerSelectionPanelTable-listUl\")]/tbody/tr[20]/td[3]/div/div/span/span[1]/bdi"}
RESULT: {"using":"xpath","value":"//table[contains(@id, \"listView-innerSelectionPanelTable-listUl\")]/tbody/tr[20]/td[3]/div/div/span/span[1]/bdi"}
COMMAND: POST /session/10905aa29ded037ab27490674a12b44a/execute/sync - {"script":"<script> [56 bytes]","args":[{"element-6066-11e4-a52e-4f735466cecf":"f.0F422B68595C6480DC5AFCDC2C3D17C2.d.DF7EC528C188C9DB8EC46FAC3E414FD3.e.8589","ELEMENT":"f.0F422B68595C6480DC5AFCDC2C3D17C2.d.DF7EC528C188C9DB8EC46FAC3E414FD3.e.8589"}]}
RESULT: {"script":"<script> [56 bytes]","args":[{"element-6066-11e4-a52e-4f735466cecf":"f.0F422B68595C6480DC5AFCDC2C3D17C2.d.DF7EC528C188C9DB8EC46FAC3E414FD3.e.8589","ELEMENT":"f.0F422B68595C6480DC5AFCDC2C3D17C2.d.DF7EC528C188C9DB8EC46FAC3E414FD3.e.8589"}]}
COMMAND: GET /session/10905aa29ded037ab27490674a12b44a/element/f.0F422B68595C6480DC5AFCDC2C3D17C2.d.DF7EC528C188C9DB8EC46FAC3E414FD3.e.8588/attribute/aria-checked - {}
COMMAND: GET /session/10905aa29ded037ab27490674a12b44a/screenshot - {}
RESULT: {}
COMMAND: POST /session/10905aa29ded037ab27490674a12b44a/element - {"using":"xpath","value":"//table[contains(@id, \"listView-innerSelectionPanelTable-listUl\")]/tbody/tr[21]/td[2]/div/div"}
COMMAND: POST /session/10905aa29ded037ab27490674a12b44a/element/f.0F422B68595C6480DC5AFCDC2C3D17C2.d.DF7EC528C188C9DB8EC46FAC3E414FD3.e.8587/click - {}
RESULT: {}
RESULT: {}
COMMAND: GET /session/10905aa29ded037ab27490674a12b44a/screenshot - {}
RESULT: {"using":"xpath","value":"//table[contains(@id, \"listView-innerSelectionPanelTable-listUl\")]/tbody/tr[21]/td[2]/div/div"}
COMMAND: POST /session/10905aa29ded037ab27490674a12b44a/element - {"using":"xpath","value":"//table[contains(@id, \"listView-innerSelectionPanelTable-listUl\")]/tbody/tr[21]/td[2]/div"}
RESULT: {}
RESULT: {"using":"xpath","value":"//table[contains(@id, \"listView-innerSelectionPanelTable-listUl\")]/tbody/tr[21]/td[2]/div"}
COMMAND: POST /session/10905aa29ded037ab27490674a12b44a/element - {"using":"xpath","value":"//table[contains(@id, \"listView-innerSelectionPanelTable-listUl\")]/tbody/tr[21]/td[3]/div/div/span/span[1]/bdi"}
RESULT: {"using":"xpath","value":"//table[contains(@id, \"listView-innerSelectionPanelTable-listUl\")]/tbody/tr[21]/td[3]/div/div/span/span[1]/bdi"}
COMMAND: POST /session/10905aa29ded037ab27490674a12b44a/execute/sync - {"script":"<script> [56 bytes]","args":[{"element-6066-11e4-a52e-4f735466cecf":"f.0F422B68595C6480DC5AFCDC2C3D17C2.d.DF7EC528C188C9DB8EC46FAC3E414FD3.e.8595","ELEMENT":"f.0F422B68595C6480DC5AFCDC2C3D17C2.d.DF7EC528C188C9DB8EC46FAC3E414FD3.e.8595"}]}
RESULT: {"script":"<script> [56 bytes]","args":[{"element-6066-11e4-a52e-4f735466cecf":"f.0F422B68595C6480DC5AFCDC2C3D17C2.d.DF7EC528C188C9DB8EC46FAC3E414FD3.e.8595","ELEMENT":"f.0F422B68595C6480DC5AFCDC2C3D17C2.d.DF7EC528C188C9DB8EC46FAC3E414FD3.e.8595"}]}
COMMAND: GET /session/10905aa29ded037ab27490674a12b44a/element/f.0F422B68595C6480DC5AFCDC2C3D17C2.d.DF7EC528C188C9DB8EC46FAC3E414FD3.e.8594/attribute/aria-checked - {}
COMMAND: GET /session/10905aa29ded037ab27490674a12b44a/screenshot - {}
RESULT: {}
COMMAND: POST /session/10905aa29ded037ab27490674a12b44a/element - {"using":"xpath","value":"//table[contains(@id, \"listView-innerSelectionPanelTable-listUl\")]/tbody/tr[22]/td[2]/div/div"}
COMMAND: POST /session/10905aa29ded037ab27490674a12b44a/element/f.0F422B68595C6480DC5AFCDC2C3D17C2.d.DF7EC528C188C9DB8EC46FAC3E414FD3.e.8593/click - {}
RESULT: {}
RESULT: {}
COMMAND: GET /session/10905aa29ded037ab27490674a12b44a/screenshot - {}
RESULT: {"using":"xpath","value":"//table[contains(@id, \"listView-innerSelectionPanelTable-listUl\")]/tbody/tr[22]/td[2]/div/div"}
COMMAND: POST /session/10905aa29ded037ab27490674a12b44a/element - {"using":"xpath","value":"//table[contains(@id, \"listView-innerSelectionPanelTable-listUl\")]/tbody/tr[22]/td[2]/div"}
RESULT: {}
RESULT: {"using":"xpath","value":"//table[contains(@id, \"listView-innerSelectionPanelTable-listUl\")]/tbody/tr[22]/td[2]/div"}
COMMAND: POST /session/10905aa29ded037ab27490674a12b44a/element - {"using":"xpath","value":"//table[contains(@id, \"listView-innerSelectionPanelTable-listUl\")]/tbody/tr[22]/td[3]/div/div/span/span[1]/bdi"}
RESULT: {"using":"xpath","value":"//table[contains(@id, \"listView-innerSelectionPanelTable-listUl\")]/tbody/tr[22]/td[3]/div/div/span/span[1]/bdi"}
COMMAND: POST /session/10905aa29ded037ab27490674a12b44a/execute/sync - {"script":"<script> [56 bytes]","args":[{"element-6066-11e4-a52e-4f735466cecf":"f.0F422B68595C6480DC5AFCDC2C3D17C2.d.DF7EC528C188C9DB8EC46FAC3E414FD3.e.8599","ELEMENT":"f.0F422B68595C6480DC5AFCDC2C3D17C2.d.DF7EC528C188C9DB8EC46FAC3E414FD3.e.8599"}]}
RESULT: {"script":"<script> [56 bytes]","args":[{"element-6066-11e4-a52e-4f735466cecf":"f.0F422B68595C6480DC5AFCDC2C3D17C2.d.DF7EC528C188C9DB8EC46FAC3E414FD3.e.8599","ELEMENT":"f.0F422B68595C6480DC5AFCDC2C3D17C2.d.DF7EC528C188C9DB8EC46FAC3E414FD3.e.8599"}]}
COMMAND: GET /session/10905aa29ded037ab27490674a12b44a/element/f.0F422B68595C6480DC5AFCDC2C3D17C2.d.DF7EC528C188C9DB8EC46FAC3E414FD3.e.8598/attribute/aria-checked - {}
COMMAND: GET /session/10905aa29ded037ab27490674a12b44a/screenshot - {}
RESULT: {}
COMMAND: POST /session/10905aa29ded037ab27490674a12b44a/element - {"using":"xpath","value":"//table[contains(@id, \"listView-innerSelectionPanelTable-listUl\")]/tbody/tr[23]/td[2]/div/div"}
RESULT: {}
RESULT: {"using":"xpath","value":"//table[contains(@id, \"listView-innerSelectionPanelTable-listUl\")]/tbody/tr[23]/td[2]/div/div"}
COMMAND: POST /session/10905aa29ded037ab27490674a12b44a/element - {"using":"xpath","value":"//table[contains(@id, \"listView-innerSelectionPanelTable-listUl\")]/tbody/tr[23]/td[2]/div"}
RESULT: {"using":"xpath","value":"//table[contains(@id, \"listView-innerSelectionPanelTable-listUl\")]/tbody/tr[23]/td[2]/div"}
COMMAND: POST /session/10905aa29ded037ab27490674a12b44a/element - {"using":"xpath","value":"//table[contains(@id, \"listView-innerSelectionPanelTable-listUl\")]/tbody/tr[23]/td[3]/div/div/span/span[1]/bdi"}
RESULT: {"using":"xpath","value":"//table[contains(@id, \"listView-innerSelectionPanelTable-listUl\")]/tbody/tr[23]/td[3]/div/div/span/span[1]/bdi"}
COMMAND: POST /session/10905aa29ded037ab27490674a12b44a/execute/sync - {"script":"<script> [56 bytes]","args":[{"element-6066-11e4-a52e-4f735466cecf":"f.0F422B68595C6480DC5AFCDC2C3D17C2.d.DF7EC528C188C9DB8EC46FAC3E414FD3.e.8602","ELEMENT":"f.0F422B68595C6480DC5AFCDC2C3D17C2.d.DF7EC528C188C9DB8EC46FAC3E414FD3.e.8602"}]}
RESULT: {"script":"<script> [56 bytes]","args":[{"element-6066-11e4-a52e-4f735466cecf":"f.0F422B68595C6480DC5AFCDC2C3D17C2.d.DF7EC528C188C9DB8EC46FAC3E414FD3.e.8602","ELEMENT":"f.0F422B68595C6480DC5AFCDC2C3D17C2.d.DF7EC528C188C9DB8EC46FAC3E414FD3.e.8602"}]}
COMMAND: GET /session/10905aa29ded037ab27490674a12b44a/element/f.0F422B68595C6480DC5AFCDC2C3D17C2.d.DF7EC528C188C9DB8EC46FAC3E414FD3.e.8601/attribute/aria-checked - {}
COMMAND: GET /session/10905aa29ded037ab27490674a12b44a/screenshot - {}
RESULT: {}
COMMAND: POST /session/10905aa29ded037ab27490674a12b44a/element - {"using":"xpath","value":"//table[contains(@id, \"listView-innerSelectionPanelTable-listUl\")]/tbody/tr[24]/td[2]/div/div"}
RESULT: {}
RESULT: {"using":"xpath","value":"//table[contains(@id, \"listView-innerSelectionPanelTable-listUl\")]/tbody/tr[24]/td[2]/div/div"}
COMMAND: POST /session/10905aa29ded037ab27490674a12b44a/element - {"using":"xpath","value":"//table[contains(@id, \"listView-innerSelectionPanelTable-listUl\")]/tbody/tr[24]/td[2]/div"}
RESULT: {"using":"xpath","value":"//table[contains(@id, \"listView-innerSelectionPanelTable-listUl\")]/tbody/tr[24]/td[2]/div"}
COMMAND: POST /session/10905aa29ded037ab27490674a12b44a/element - {"using":"xpath","value":"//table[contains(@id, \"listView-innerSelectionPanelTable-listUl\")]/tbody/tr[24]/td[3]/div/div/span/span[1]/bdi"}
RESULT: {"using":"xpath","value":"//table[contains(@id, \"listView-innerSelectionPanelTable-listUl\")]/tbody/tr[24]/td[3]/div/div/span/span[1]/bdi"}
COMMAND: POST /session/10905aa29ded037ab27490674a12b44a/execute/sync - {"script":"<script> [56 bytes]","args":[{"element-6066-11e4-a52e-4f735466cecf":"f.0F422B68595C6480DC5AFCDC2C3D17C2.d.DF7EC528C188C9DB8EC46FAC3E414FD3.e.8605","ELEMENT":"f.0F422B68595C6480DC5AFCDC2C3D17C2.d.DF7EC528C188C9DB8EC46FAC3E414FD3.e.8605"}]}
RESULT: {"script":"<script> [56 bytes]","args":[{"element-6066-11e4-a52e-4f735466cecf":"f.0F422B68595C6480DC5AFCDC2C3D17C2.d.DF7EC528C188C9DB8EC46FAC3E414FD3.e.8605","ELEMENT":"f.0F422B68595C6480DC5AFCDC2C3D17C2.d.DF7EC528C188C9DB8EC46FAC3E414FD3.e.8605"}]}
COMMAND: GET /session/10905aa29ded037ab27490674a12b44a/element/f.0F422B68595C6480DC5AFCDC2C3D17C2.d.DF7EC528C188C9DB8EC46FAC3E414FD3.e.8604/attribute/aria-checked - {}
COMMAND: GET /session/10905aa29ded037ab27490674a12b44a/screenshot - {}
RESULT: {}
COMMAND: POST /session/10905aa29ded037ab27490674a12b44a/element - {"using":"xpath","value":"//table[contains(@id, \"listView-innerSelectionPanelTable-listUl\")]/tbody/tr[25]/td[2]/div/div"}
RESULT: {}
RESULT: {"using":"xpath","value":"//table[contains(@id, \"listView-innerSelectionPanelTable-listUl\")]/tbody/tr[25]/td[2]/div/div"}
COMMAND: POST /session/10905aa29ded037ab27490674a12b44a/element - {"using":"xpath","value":"//table[contains(@id, \"listView-innerSelectionPanelTable-listUl\")]/tbody/tr[25]/td[2]/div"}
RESULT: {"using":"xpath","value":"//table[contains(@id, \"listView-innerSelectionPanelTable-listUl\")]/tbody/tr[25]/td[2]/div"}
COMMAND: POST /session/10905aa29ded037ab27490674a12b44a/element - {"using":"xpath","value":"//table[contains(@id, \"listView-innerSelectionPanelTable-listUl\")]/tbody/tr[25]/td[3]/div/div/span/span[1]/bdi"}
RESULT: {"using":"xpath","value":"//table[contains(@id, \"listView-innerSelectionPanelTable-listUl\")]/tbody/tr[25]/td[3]/div/div/span/span[1]/bdi"}
COMMAND: POST /session/10905aa29ded037ab27490674a12b44a/execute/sync - {"script":"<script> [56 bytes]","args":[{"element-6066-11e4-a52e-4f735466cecf":"f.0F422B68595C6480DC5AFCDC2C3D17C2.d.DF7EC528C188C9DB8EC46FAC3E414FD3.e.8608","ELEMENT":"f.0F422B68595C6480DC5AFCDC2C3D17C2.d.DF7EC528C188C9DB8EC46FAC3E414FD3.e.8608"}]}
RESULT: {"script":"<script> [56 bytes]","args":[{"element-6066-11e4-a52e-4f735466cecf":"f.0F422B68595C6480DC5AFCDC2C3D17C2.d.DF7EC528C188C9DB8EC46FAC3E414FD3.e.8608","ELEMENT":"f.0F422B68595C6480DC5AFCDC2C3D17C2.d.DF7EC528C188C9DB8EC46FAC3E414FD3.e.8608"}]}
COMMAND: GET /session/10905aa29ded037ab27490674a12b44a/element/f.0F422B68595C6480DC5AFCDC2C3D17C2.d.DF7EC528C188C9DB8EC46FAC3E414FD3.e.8607/attribute/aria-checked - {}
COMMAND: GET /session/10905aa29ded037ab27490674a12b44a/screenshot - {}
RESULT: {}
COMMAND: POST /session/10905aa29ded037ab27490674a12b44a/element - {"using":"xpath","value":"//bdi[contains(text(), \"OK\")]"}
RESULT: {}
RESULT: {"using":"xpath","value":"//bdi[contains(text(), \"OK\")]"}
COMMAND: POST /session/10905aa29ded037ab27490674a12b44a/element/f.0F422B68595C6480DC5AFCDC2C3D17C2.d.DF7EC528C188C9DB8EC46FAC3E414FD3.e.8609/click - {}
RESULT: {}
COMMAND: GET /session/10905aa29ded037ab27490674a12b44a/screenshot - {}
RESULT: {}
RESULT: undefined
COMMAND: POST /session/10905aa29ded037ab27490674a12b44a/element - {"using":"xpath","value":"//*[@id=\"application-managepartners-display-component---masterPtm--smartFilterBar-filterItemControlA_-LINK_TO_ADDRESSES_MAIN.ID-vhi\"]"}
RESULT: {"using":"xpath","value":"//*[@id=\"application-managepartners-display-component---masterPtm--smartFilterBar-filterItemControlA_-LINK_TO_ADDRESSES_MAIN.ID-vhi\"]"}
COMMAND: POST /session/10905aa29ded037ab27490674a12b44a/element/f.0F422B68595C6480DC5AFCDC2C3D17C2.d.DF7EC528C188C9DB8EC46FAC3E414FD3.e.8622/click - {}
RESULT: {}
COMMAND: GET /session/10905aa29ded037ab27490674a12b44a/screenshot - {}
RESULT: {}
RESULT: undefined
COMMAND: POST /session/10905aa29ded037ab27490674a12b44a/element - {"using":"xpath","value":"//*[@id=\"__box77-arrow\"]"}
RESULT: {"using":"xpath","value":"//*[@id=\"__box77-arrow\"]"}
COMMAND: POST /session/10905aa29ded037ab27490674a12b44a/elements - {"using":"xpath","value":"//*[@id=\"__box77-arrow\"]"}
RESULT: {"using":"xpath","value":"//*[@id=\"__box77-arrow\"]"}
COMMAND: POST /session/10905aa29ded037ab27490674a12b44a/elements - {"using":"xpath","value":"//*[@id=\"__box77-arrow\"]"}
RESULT: {"using":"xpath","value":"//*[@id=\"__box77-arrow\"]"}
COMMAND: POST /session/10905aa29ded037ab27490674a12b44a/elements - {"using":"xpath","value":"//*[@id=\"__box77-arrow\"]"}
RESULT: {"using":"xpath","value":"//*[@id=\"__box77-arrow\"]"}
COMMAND: POST /session/10905aa29ded037ab27490674a12b44a/elements - {"using":"xpath","value":"//*[@id=\"__box77-arrow\"]"}
RESULT: {"using":"xpath","value":"//*[@id=\"__box77-arrow\"]"}
COMMAND: POST /session/10905aa29ded037ab27490674a12b44a/elements - {"using":"xpath","value":"//*[@id=\"__box77-arrow\"]"}
RESULT: {"using":"xpath","value":"//*[@id=\"__box77-arrow\"]"}
COMMAND: POST /session/10905aa29ded037ab27490674a12b44a/elements - {"using":"xpath","value":"//*[@id=\"__box77-arrow\"]"}
RESULT: {"using":"xpath","value":"//*[@id=\"__box77-arrow\"]"}
COMMAND: POST /session/10905aa29ded037ab27490674a12b44a/elements - {"using":"xpath","value":"//*[@id=\"__box77-arrow\"]"}
RESULT: {"using":"xpath","value":"//*[@id=\"__box77-arrow\"]"}
COMMAND: POST /session/10905aa29ded037ab27490674a12b44a/elements - {"using":"xpath","value":"//*[@id=\"__box77-arrow\"]"}
RESULT: {"using":"xpath","value":"//*[@id=\"__box77-arrow\"]"}
COMMAND: POST /session/10905aa29ded037ab27490674a12b44a/elements - {"using":"xpath","value":"//*[@id=\"__box77-arrow\"]"}
RESULT: {"using":"xpath","value":"//*[@id=\"__box77-arrow\"]"}
COMMAND: POST /session/10905aa29ded037ab27490674a12b44a/elements - {"using":"xpath","value":"//*[@id=\"__box77-arrow\"]"}
RESULT: {"using":"xpath","value":"//*[@id=\"__box77-arrow\"]"}
COMMAND: POST /session/10905aa29ded037ab27490674a12b44a/elements - {"using":"xpath","value":"//*[@id=\"__box77-arrow\"]"}
RESULT: {"using":"xpath","value":"//*[@id=\"__box77-arrow\"]"}
COMMAND: POST /session/10905aa29ded037ab27490674a12b44a/elements - {"using":"xpath","value":"//*[@id=\"__box77-arrow\"]"}
RESULT: {"using":"xpath","value":"//*[@id=\"__box77-arrow\"]"}
COMMAND: POST /session/10905aa29ded037ab27490674a12b44a/elements - {"using":"xpath","value":"//*[@id=\"__box77-arrow\"]"}
RESULT: {"using":"xpath","value":"//*[@id=\"__box77-arrow\"]"}
COMMAND: POST /session/10905aa29ded037ab27490674a12b44a/elements - {"using":"xpath","value":"//*[@id=\"__box77-arrow\"]"}
RESULT: {"using":"xpath","value":"//*[@id=\"__box77-arrow\"]"}
COMMAND: POST /session/10905aa29ded037ab27490674a12b44a/elements - {"using":"xpath","value":"//*[@id=\"__box77-arrow\"]"}
RESULT: {"using":"xpath","value":"//*[@id=\"__box77-arrow\"]"}
COMMAND: POST /session/10905aa29ded037ab27490674a12b44a/elements - {"using":"xpath","value":"//*[@id=\"__box77-arrow\"]"}
RESULT: {"using":"xpath","value":"//*[@id=\"__box77-arrow\"]"}
COMMAND: POST /session/10905aa29ded037ab27490674a12b44a/elements - {"using":"xpath","value":"//*[@id=\"__box77-arrow\"]"}
RESULT: {"using":"xpath","value":"//*[@id=\"__box77-arrow\"]"}
COMMAND: POST /session/10905aa29ded037ab27490674a12b44a/elements - {"using":"xpath","value":"//*[@id=\"__box77-arrow\"]"}
RESULT: {"using":"xpath","value":"//*[@id=\"__box77-arrow\"]"}
COMMAND: POST /session/10905aa29ded037ab27490674a12b44a/elements - {"using":"xpath","value":"//*[@id=\"__box77-arrow\"]"}
RESULT: {"using":"xpath","value":"//*[@id=\"__box77-arrow\"]"}
COMMAND: POST /session/10905aa29ded037ab27490674a12b44a/elements - {"using":"xpath","value":"//*[@id=\"__box77-arrow\"]"}
RESULT: {"using":"xpath","value":"//*[@id=\"__box77-arrow\"]"}
COMMAND: POST /session/10905aa29ded037ab27490674a12b44a/elements - {"using":"xpath","value":"//*[@id=\"__box77-arrow\"]"}
RESULT: {"using":"xpath","value":"//*[@id=\"__box77-arrow\"]"}
COMMAND: POST /session/10905aa29ded037ab27490674a12b44a/elements - {"using":"xpath","value":"//*[@id=\"__box77-arrow\"]"}
RESULT: {"using":"xpath","value":"//*[@id=\"__box77-arrow\"]"}
COMMAND: POST /session/10905aa29ded037ab27490674a12b44a/elements - {"using":"xpath","value":"//*[@id=\"__box77-arrow\"]"}
RESULT: {"using":"xpath","value":"//*[@id=\"__box77-arrow\"]"}
COMMAND: POST /session/10905aa29ded037ab27490674a12b44a/elements - {"using":"xpath","value":"//*[@id=\"__box77-arrow\"]"}
RESULT: {"using":"xpath","value":"//*[@id=\"__box77-arrow\"]"}
COMMAND: POST /session/10905aa29ded037ab27490674a12b44a/elements - {"using":"xpath","value":"//*[@id=\"__box77-arrow\"]"}
RESULT: {"using":"xpath","value":"//*[@id=\"__box77-arrow\"]"}
COMMAND: POST /session/10905aa29ded037ab27490674a12b44a/elements - {"using":"xpath","value":"//*[@id=\"__box77-arrow\"]"}
RESULT: {"using":"xpath","value":"//*[@id=\"__box77-arrow\"]"}
COMMAND: POST /session/10905aa29ded037ab27490674a12b44a/elements - {"using":"xpath","value":"//*[@id=\"__box77-arrow\"]"}
RESULT: {"using":"xpath","value":"//*[@id=\"__box77-arrow\"]"}
COMMAND: POST /session/10905aa29ded037ab27490674a12b44a/elements - {"using":"xpath","value":"//*[@id=\"__box77-arrow\"]"}
RESULT: {"using":"xpath","value":"//*[@id=\"__box77-arrow\"]"}
COMMAND: POST /session/10905aa29ded037ab27490674a12b44a/elements - {"using":"xpath","value":"//*[@id=\"__box77-arrow\"]"}
RESULT: {"using":"xpath","value":"//*[@id=\"__box77-arrow\"]"}
COMMAND: POST /session/10905aa29ded037ab27490674a12b44a/elements - {"using":"xpath","value":"//*[@id=\"__box77-arrow\"]"}
RESULT: {"using":"xpath","value":"//*[@id=\"__box77-arrow\"]"}
COMMAND: POST /session/10905aa29ded037ab27490674a12b44a/elements - {"using":"xpath","value":"//*[@id=\"__box77-arrow\"]"}
RESULT: {"using":"xpath","value":"//*[@id=\"__box77-arrow\"]"}
COMMAND: POST /session/10905aa29ded037ab27490674a12b44a/elements - {"using":"xpath","value":"//*[@id=\"__box77-arrow\"]"}
RESULT: {"using":"xpath","value":"//*[@id=\"__box77-arrow\"]"}
COMMAND: POST /session/10905aa29ded037ab27490674a12b44a/elements - {"using":"xpath","value":"//*[@id=\"__box77-arrow\"]"}
RESULT: {"using":"xpath","value":"//*[@id=\"__box77-arrow\"]"}
COMMAND: POST /session/10905aa29ded037ab27490674a12b44a/elements - {"using":"xpath","value":"//*[@id=\"__box77-arrow\"]"}
RESULT: {"using":"xpath","value":"//*[@id=\"__box77-arrow\"]"}
COMMAND: POST /session/10905aa29ded037ab27490674a12b44a/elements - {"using":"xpath","value":"//*[@id=\"__box77-arrow\"]"}
RESULT: {"using":"xpath","value":"//*[@id=\"__box77-arrow\"]"}
COMMAND: POST /session/10905aa29ded037ab27490674a12b44a/elements - {"using":"xpath","value":"//*[@id=\"__box77-arrow\"]"}
RESULT: {"using":"xpath","value":"//*[@id=\"__box77-arrow\"]"}
COMMAND: POST /session/10905aa29ded037ab27490674a12b44a/elements - {"using":"xpath","value":"//*[@id=\"__box77-arrow\"]"}
RESULT: {"using":"xpath","value":"//*[@id=\"__box77-arrow\"]"}
COMMAND: POST /session/10905aa29ded037ab27490674a12b44a/elements - {"using":"xpath","value":"//*[@id=\"__box77-arrow\"]"}
RESULT: {"using":"xpath","value":"//*[@id=\"__box77-arrow\"]"}
COMMAND: POST /session/10905aa29ded037ab27490674a12b44a/elements - {"using":"xpath","value":"//*[@id=\"__box77-arrow\"]"}
RESULT: {"using":"xpath","value":"//*[@id=\"__box77-arrow\"]"}
COMMAND: POST /session/10905aa29ded037ab27490674a12b44a/elements - {"using":"xpath","value":"//*[@id=\"__box77-arrow\"]"}
RESULT: {"using":"xpath","value":"//*[@id=\"__box77-arrow\"]"}
COMMAND: POST /session/10905aa29ded037ab27490674a12b44a/elements - {"using":"xpath","value":"//*[@id=\"__box77-arrow\"]"}
RESULT: {"using":"xpath","value":"//*[@id=\"__box77-arrow\"]"}
COMMAND: POST /session/10905aa29ded037ab27490674a12b44a/elements - {"using":"xpath","value":"//*[@id=\"__box77-arrow\"]"}
RESULT: {"using":"xpath","value":"//*[@id=\"__box77-arrow\"]"}
COMMAND: POST /session/10905aa29ded037ab27490674a12b44a/elements - {"using":"xpath","value":"//*[@id=\"__box77-arrow\"]"}
RESULT: {"using":"xpath","value":"//*[@id=\"__box77-arrow\"]"}
COMMAND: POST /session/10905aa29ded037ab27490674a12b44a/elements - {"using":"xpath","value":"//*[@id=\"__box77-arrow\"]"}
RESULT: {"using":"xpath","value":"//*[@id=\"__box77-arrow\"]"}
COMMAND: POST /session/10905aa29ded037ab27490674a12b44a/elements - {"using":"xpath","value":"//*[@id=\"__box77-arrow\"]"}
RESULT: {"using":"xpath","value":"//*[@id=\"__box77-arrow\"]"}
COMMAND: POST /session/10905aa29ded037ab27490674a12b44a/elements - {"using":"xpath","value":"//*[@id=\"__box77-arrow\"]"}
RESULT: {"using":"xpath","value":"//*[@id=\"__box77-arrow\"]"}
COMMAND: POST /session/10905aa29ded037ab27490674a12b44a/elements - {"using":"xpath","value":"//*[@id=\"__box77-arrow\"]"}
RESULT: {"using":"xpath","value":"//*[@id=\"__box77-arrow\"]"}
COMMAND: POST /session/10905aa29ded037ab27490674a12b44a/elements - {"using":"xpath","value":"//*[@id=\"__box77-arrow\"]"}
RESULT: {"using":"xpath","value":"//*[@id=\"__box77-arrow\"]"}
COMMAND: POST /session/10905aa29ded037ab27490674a12b44a/elements - {"using":"xpath","value":"//*[@id=\"__box77-arrow\"]"}
RESULT: {"using":"xpath","value":"//*[@id=\"__box77-arrow\"]"}
COMMAND: POST /session/10905aa29ded037ab27490674a12b44a/elements - {"using":"xpath","value":"//*[@id=\"__box77-arrow\"]"}
RESULT: {"using":"xpath","value":"//*[@id=\"__box77-arrow\"]"}
COMMAND: POST /session/10905aa29ded037ab27490674a12b44a/elements - {"using":"xpath","value":"//*[@id=\"__box77-arrow\"]"}
RESULT: {"using":"xpath","value":"//*[@id=\"__box77-arrow\"]"}
COMMAND: POST /session/10905aa29ded037ab27490674a12b44a/elements - {"using":"xpath","value":"//*[@id=\"__box77-arrow\"]"}
RESULT: {"using":"xpath","value":"//*[@id=\"__box77-arrow\"]"}
COMMAND: POST /session/10905aa29ded037ab27490674a12b44a/elements - {"using":"xpath","value":"//*[@id=\"__box77-arrow\"]"}
RESULT: {"using":"xpath","value":"//*[@id=\"__box77-arrow\"]"}
COMMAND: POST /session/10905aa29ded037ab27490674a12b44a/elements - {"using":"xpath","value":"//*[@id=\"__box77-arrow\"]"}
RESULT: {"using":"xpath","value":"//*[@id=\"__box77-arrow\"]"}
COMMAND: POST /session/10905aa29ded037ab27490674a12b44a/elements - {"using":"xpath","value":"//*[@id=\"__box77-arrow\"]"}
RESULT: {"using":"xpath","value":"//*[@id=\"__box77-arrow\"]"}
COMMAND: POST /session/10905aa29ded037ab27490674a12b44a/elements - {"using":"xpath","value":"//*[@id=\"__box77-arrow\"]"}
RESULT: {"using":"xpath","value":"//*[@id=\"__box77-arrow\"]"}
COMMAND: POST /session/10905aa29ded037ab27490674a12b44a/elements - {"using":"xpath","value":"//*[@id=\"__box77-arrow\"]"}
RESULT: {"using":"xpath","value":"//*[@id=\"__box77-arrow\"]"}
COMMAND: POST /session/10905aa29ded037ab27490674a12b44a/elements - {"using":"xpath","value":"//*[@id=\"__box77-arrow\"]"}
RESULT: {"using":"xpath","value":"//*[@id=\"__box77-arrow\"]"}
COMMAND: POST /session/10905aa29ded037ab27490674a12b44a/elements - {"using":"xpath","value":"//*[@id=\"__box77-arrow\"]"}
RESULT: {"using":"xpath","value":"//*[@id=\"__box77-arrow\"]"}
COMMAND: POST /session/10905aa29ded037ab27490674a12b44a/elements - {"using":"xpath","value":"//*[@id=\"__box77-arrow\"]"}
RESULT: {"using":"xpath","value":"//*[@id=\"__box77-arrow\"]"}
COMMAND: POST /session/10905aa29ded037ab27490674a12b44a/elements - {"using":"xpath","value":"//*[@id=\"__box77-arrow\"]"}
RESULT: {"using":"xpath","value":"//*[@id=\"__box77-arrow\"]"}
COMMAND: POST /session/10905aa29ded037ab27490674a12b44a/elements - {"using":"xpath","value":"//*[@id=\"__box77-arrow\"]"}
RESULT: {"using":"xpath","value":"//*[@id=\"__box77-arrow\"]"}
COMMAND: POST /session/10905aa29ded037ab27490674a12b44a/elements - {"using":"xpath","value":"//*[@id=\"__box77-arrow\"]"}
RESULT: {"using":"xpath","value":"//*[@id=\"__box77-arrow\"]"}
COMMAND: POST /session/10905aa29ded037ab27490674a12b44a/elements - {"using":"xpath","value":"//*[@id=\"__box77-arrow\"]"}
RESULT: {"using":"xpath","value":"//*[@id=\"__box77-arrow\"]"}
COMMAND: POST /session/10905aa29ded037ab27490674a12b44a/elements - {"using":"xpath","value":"//*[@id=\"__box77-arrow\"]"}
RESULT: {"using":"xpath","value":"//*[@id=\"__box77-arrow\"]"}
COMMAND: POST /session/10905aa29ded037ab27490674a12b44a/elements - {"using":"xpath","value":"//*[@id=\"__box77-arrow\"]"}
RESULT: {"using":"xpath","value":"//*[@id=\"__box77-arrow\"]"}
COMMAND: POST /session/10905aa29ded037ab27490674a12b44a/elements - {"using":"xpath","value":"//*[@id=\"__box77-arrow\"]"}
RESULT: {"using":"xpath","value":"//*[@id=\"__box77-arrow\"]"}
COMMAND: POST /session/10905aa29ded037ab27490674a12b44a/elements - {"using":"xpath","value":"//*[@id=\"__box77-arrow\"]"}
RESULT: {"using":"xpath","value":"//*[@id=\"__box77-arrow\"]"}
COMMAND: POST /session/10905aa29ded037ab27490674a12b44a/elements - {"using":"xpath","value":"//*[@id=\"__box77-arrow\"]"}
RESULT: {"using":"xpath","value":"//*[@id=\"__box77-arrow\"]"}
COMMAND: POST /session/10905aa29ded037ab27490674a12b44a/elements - {"using":"xpath","value":"//*[@id=\"__box77-arrow\"]"}
RESULT: {"using":"xpath","value":"//*[@id=\"__box77-arrow\"]"}
COMMAND: POST /session/10905aa29ded037ab27490674a12b44a/elements - {"using":"xpath","value":"//*[@id=\"__box77-arrow\"]"}
RESULT: {"using":"xpath","value":"//*[@id=\"__box77-arrow\"]"}
COMMAND: POST /session/10905aa29ded037ab27490674a12b44a/elements - {"using":"xpath","value":"//*[@id=\"__box77-arrow\"]"}
RESULT: {"using":"xpath","value":"//*[@id=\"__box77-arrow\"]"}
COMMAND: POST /session/10905aa29ded037ab27490674a12b44a/elements - {"using":"xpath","value":"//*[@id=\"__box77-arrow\"]"}
RESULT: {"using":"xpath","value":"//*[@id=\"__box77-arrow\"]"}
COMMAND: POST /session/10905aa29ded037ab27490674a12b44a/elements - {"using":"xpath","value":"//*[@id=\"__box77-arrow\"]"}
RESULT: {"using":"xpath","value":"//*[@id=\"__box77-arrow\"]"}
COMMAND: POST /session/10905aa29ded037ab27490674a12b44a/elements - {"using":"xpath","value":"//*[@id=\"__box77-arrow\"]"}
RESULT: {"using":"xpath","value":"//*[@id=\"__box77-arrow\"]"}
COMMAND: POST /session/10905aa29ded037ab27490674a12b44a/elements - {"using":"xpath","value":"//*[@id=\"__box77-arrow\"]"}
RESULT: {"using":"xpath","value":"//*[@id=\"__box77-arrow\"]"}
COMMAND: POST /session/10905aa29ded037ab27490674a12b44a/elements - {"using":"xpath","value":"//*[@id=\"__box77-arrow\"]"}
RESULT: {"using":"xpath","value":"//*[@id=\"__box77-arrow\"]"}
COMMAND: POST /session/10905aa29ded037ab27490674a12b44a/elements - {"using":"xpath","value":"//*[@id=\"__box77-arrow\"]"}
RESULT: {"using":"xpath","value":"//*[@id=\"__box77-arrow\"]"}
COMMAND: POST /session/10905aa29ded037ab27490674a12b44a/elements - {"using":"xpath","value":"//*[@id=\"__box77-arrow\"]"}
RESULT: {"using":"xpath","value":"//*[@id=\"__box77-arrow\"]"}
COMMAND: POST /session/10905aa29ded037ab27490674a12b44a/elements - {"using":"xpath","value":"//*[@id=\"__box77-arrow\"]"}
RESULT: {"using":"xpath","value":"//*[@id=\"__box77-arrow\"]"}
COMMAND: POST /session/10905aa29ded037ab27490674a12b44a/elements - {"using":"xpath","value":"//*[@id=\"__box77-arrow\"]"}
RESULT: {"using":"xpath","value":"//*[@id=\"__box77-arrow\"]"}
COMMAND: POST /session/10905aa29ded037ab27490674a12b44a/elements - {"using":"xpath","value":"//*[@id=\"__box77-arrow\"]"}
RESULT: {"using":"xpath","value":"//*[@id=\"__box77-arrow\"]"}
COMMAND: POST /session/10905aa29ded037ab27490674a12b44a/elements - {"using":"xpath","value":"//*[@id=\"__box77-arrow\"]"}
RESULT: {"using":"xpath","value":"//*[@id=\"__box77-arrow\"]"}
COMMAND: POST /session/10905aa29ded037ab27490674a12b44a/elements - {"using":"xpath","value":"//*[@id=\"__box77-arrow\"]"}
RESULT: {"using":"xpath","value":"//*[@id=\"__box77-arrow\"]"}
COMMAND: POST /session/10905aa29ded037ab27490674a12b44a/elements - {"using":"xpath","value":"//*[@id=\"__box77-arrow\"]"}
RESULT: {"using":"xpath","value":"//*[@id=\"__box77-arrow\"]"}
COMMAND: POST /session/10905aa29ded037ab27490674a12b44a/elements - {"using":"xpath","value":"//*[@id=\"__box77-arrow\"]"}
RESULT: {"using":"xpath","value":"//*[@id=\"__box77-arrow\"]"}
COMMAND: POST /session/10905aa29ded037ab27490674a12b44a/elements - {"using":"xpath","value":"//*[@id=\"__box77-arrow\"]"}
RESULT: {"using":"xpath","value":"//*[@id=\"__box77-arrow\"]"}
COMMAND: POST /session/10905aa29ded037ab27490674a12b44a/elements - {"using":"xpath","value":"//*[@id=\"__box77-arrow\"]"}
RESULT: {"using":"xpath","value":"//*[@id=\"__box77-arrow\"]"}
COMMAND: POST /session/10905aa29ded037ab27490674a12b44a/elements - {"using":"xpath","value":"//*[@id=\"__box77-arrow\"]"}
RESULT: {"using":"xpath","value":"//*[@id=\"__box77-arrow\"]"}
COMMAND: POST /session/10905aa29ded037ab27490674a12b44a/elements - {"using":"xpath","value":"//*[@id=\"__box77-arrow\"]"}
RESULT: {"using":"xpath","value":"//*[@id=\"__box77-arrow\"]"}
COMMAND: POST /session/10905aa29ded037ab27490674a12b44a/elements - {"using":"xpath","value":"//*[@id=\"__box77-arrow\"]"}
RESULT: {"using":"xpath","value":"//*[@id=\"__box77-arrow\"]"}
COMMAND: POST /session/10905aa29ded037ab27490674a12b44a/elements - {"using":"xpath","value":"//*[@id=\"__box77-arrow\"]"}
RESULT: {"using":"xpath","value":"//*[@id=\"__box77-arrow\"]"}
COMMAND: POST /session/10905aa29ded037ab27490674a12b44a/elements - {"using":"xpath","value":"//*[@id=\"__box77-arrow\"]"}
RESULT: {"using":"xpath","value":"//*[@id=\"__box77-arrow\"]"}
COMMAND: POST /session/10905aa29ded037ab27490674a12b44a/elements - {"using":"xpath","value":"//*[@id=\"__box77-arrow\"]"}
RESULT: {"using":"xpath","value":"//*[@id=\"__box77-arrow\"]"}
COMMAND: POST /session/10905aa29ded037ab27490674a12b44a/elements - {"using":"xpath","value":"//*[@id=\"__box77-arrow\"]"}
RESULT: {"using":"xpath","value":"//*[@id=\"__box77-arrow\"]"}
COMMAND: POST /session/10905aa29ded037ab27490674a12b44a/elements - {"using":"xpath","value":"//*[@id=\"__box77-arrow\"]"}
RESULT: {"using":"xpath","value":"//*[@id=\"__box77-arrow\"]"}
COMMAND: POST /session/10905aa29ded037ab27490674a12b44a/elements - {"using":"xpath","value":"//*[@id=\"__box77-arrow\"]"}
RESULT: {"using":"xpath","value":"//*[@id=\"__box77-arrow\"]"}
COMMAND: POST /session/10905aa29ded037ab27490674a12b44a/elements - {"using":"xpath","value":"//*[@id=\"__box77-arrow\"]"}
RESULT: {"using":"xpath","value":"//*[@id=\"__box77-arrow\"]"}
COMMAND: POST /session/10905aa29ded037ab27490674a12b44a/elements - {"using":"xpath","value":"//*[@id=\"__box77-arrow\"]"}
RESULT: {"using":"xpath","value":"//*[@id=\"__box77-arrow\"]"}
COMMAND: POST /session/10905aa29ded037ab27490674a12b44a/elements - {"using":"xpath","value":"//*[@id=\"__box77-arrow\"]"}
RESULT: {"using":"xpath","value":"//*[@id=\"__box77-arrow\"]"}
COMMAND: POST /session/10905aa29ded037ab27490674a12b44a/elements - {"using":"xpath","value":"//*[@id=\"__box77-arrow\"]"}
RESULT: {"using":"xpath","value":"//*[@id=\"__box77-arrow\"]"}
COMMAND: POST /session/10905aa29ded037ab27490674a12b44a/elements - {"using":"xpath","value":"//*[@id=\"__box77-arrow\"]"}
RESULT: {"using":"xpath","value":"//*[@id=\"__box77-arrow\"]"}
COMMAND: POST /session/10905aa29ded037ab27490674a12b44a/elements - {"using":"xpath","value":"//*[@id=\"__box77-arrow\"]"}
RESULT: {"using":"xpath","value":"//*[@id=\"__box77-arrow\"]"}
COMMAND: POST /session/10905aa29ded037ab27490674a12b44a/elements - {"using":"xpath","value":"//*[@id=\"__box77-arrow\"]"}
RESULT: {"using":"xpath","value":"//*[@id=\"__box77-arrow\"]"}
COMMAND: POST /session/10905aa29ded037ab27490674a12b44a/elements - {"using":"xpath","value":"//*[@id=\"__box77-arrow\"]"}
RESULT: {"using":"xpath","value":"//*[@id=\"__box77-arrow\"]"}
COMMAND: POST /session/10905aa29ded037ab27490674a12b44a/elements - {"using":"xpath","value":"//*[@id=\"__box77-arrow\"]"}
RESULT: {"using":"xpath","value":"//*[@id=\"__box77-arrow\"]"}
COMMAND: POST /session/10905aa29ded037ab27490674a12b44a/elements - {"using":"xpath","value":"//*[@id=\"__box77-arrow\"]"}
RESULT: {"using":"xpath","value":"//*[@id=\"__box77-arrow\"]"}
COMMAND: POST /session/10905aa29ded037ab27490674a12b44a/elements - {"using":"xpath","value":"//*[@id=\"__box77-arrow\"]"}
RESULT: {"using":"xpath","value":"//*[@id=\"__box77-arrow\"]"}
COMMAND: POST /session/10905aa29ded037ab27490674a12b44a/elements - {"using":"xpath","value":"//*[@id=\"__box77-arrow\"]"}
RESULT: {"using":"xpath","value":"//*[@id=\"__box77-arrow\"]"}
COMMAND: POST /session/10905aa29ded037ab27490674a12b44a/elements - {"using":"xpath","value":"//*[@id=\"__box77-arrow\"]"}
RESULT: {"using":"xpath","value":"//*[@id=\"__box77-arrow\"]"}
COMMAND: POST /session/10905aa29ded037ab27490674a12b44a/elements - {"using":"xpath","value":"//*[@id=\"__box77-arrow\"]"}
RESULT: {"using":"xpath","value":"//*[@id=\"__box77-arrow\"]"}
COMMAND: POST /session/10905aa29ded037ab27490674a12b44a/elements - {"using":"xpath","value":"//*[@id=\"__box77-arrow\"]"}
RESULT: {"using":"xpath","value":"//*[@id=\"__box77-arrow\"]"}
COMMAND: POST /session/10905aa29ded037ab27490674a12b44a/elements - {"using":"xpath","value":"//*[@id=\"__box77-arrow\"]"}
RESULT: {"using":"xpath","value":"//*[@id=\"__box77-arrow\"]"}
COMMAND: POST /session/10905aa29ded037ab27490674a12b44a/elements - {"using":"xpath","value":"//*[@id=\"__box77-arrow\"]"}
RESULT: {"using":"xpath","value":"//*[@id=\"__box77-arrow\"]"}
COMMAND: POST /session/10905aa29ded037ab27490674a12b44a/elements - {"using":"xpath","value":"//*[@id=\"__box77-arrow\"]"}
RESULT: {"using":"xpath","value":"//*[@id=\"__box77-arrow\"]"}
COMMAND: POST /session/10905aa29ded037ab27490674a12b44a/elements - {"using":"xpath","value":"//*[@id=\"__box77-arrow\"]"}
RESULT: {"using":"xpath","value":"//*[@id=\"__box77-arrow\"]"}
COMMAND: POST /session/10905aa29ded037ab27490674a12b44a/elements - {"using":"xpath","value":"//*[@id=\"__box77-arrow\"]"}
RESULT: {"using":"xpath","value":"//*[@id=\"__box77-arrow\"]"}
COMMAND: POST /session/10905aa29ded037ab27490674a12b44a/elements - {"using":"xpath","value":"//*[@id=\"__box77-arrow\"]"}
RESULT: {"using":"xpath","value":"//*[@id=\"__box77-arrow\"]"}
COMMAND: POST /session/10905aa29ded037ab27490674a12b44a/elements - {"using":"xpath","value":"//*[@id=\"__box77-arrow\"]"}
RESULT: {"using":"xpath","value":"//*[@id=\"__box77-arrow\"]"}
COMMAND: POST /session/10905aa29ded037ab27490674a12b44a/elements - {"using":"xpath","value":"//*[@id=\"__box77-arrow\"]"}
RESULT: {"using":"xpath","value":"//*[@id=\"__box77-arrow\"]"}
COMMAND: POST /session/10905aa29ded037ab27490674a12b44a/element - {"using":"xpath","value":"//li[.//span[text()='equal to']]"}
RESULT: {"using":"xpath","value":"//li[.//span[text()='equal to']]"}
COMMAND: POST /session/10905aa29ded037ab27490674a12b44a/elements - {"using":"xpath","value":"//li[.//span[text()='equal to']]"}
RESULT: {"using":"xpath","value":"//li[.//span[text()='equal to']]"}
COMMAND: POST /session/10905aa29ded037ab27490674a12b44a/elements - {"using":"xpath","value":"//li[.//span[text()='equal to']]"}
RESULT: {"using":"xpath","value":"//li[.//span[text()='equal to']]"}
COMMAND: POST /session/10905aa29ded037ab27490674a12b44a/elements - {"using":"xpath","value":"//li[.//span[text()='equal to']]"}
RESULT: {"using":"xpath","value":"//li[.//span[text()='equal to']]"}
COMMAND: POST /session/10905aa29ded037ab27490674a12b44a/elements - {"using":"xpath","value":"//li[.//span[text()='equal to']]"}
RESULT: {"using":"xpath","value":"//li[.//span[text()='equal to']]"}
COMMAND: POST /session/10905aa29ded037ab27490674a12b44a/elements - {"using":"xpath","value":"//li[.//span[text()='equal to']]"}
RESULT: {"using":"xpath","value":"//li[.//span[text()='equal to']]"}
COMMAND: POST /session/10905aa29ded037ab27490674a12b44a/elements - {"using":"xpath","value":"//li[.//span[text()='equal to']]"}
RESULT: {"using":"xpath","value":"//li[.//span[text()='equal to']]"}
COMMAND: POST /session/10905aa29ded037ab27490674a12b44a/elements - {"using":"xpath","value":"//li[.//span[text()='equal to']]"}
RESULT: {"using":"xpath","value":"//li[.//span[text()='equal to']]"}
COMMAND: POST /session/10905aa29ded037ab27490674a12b44a/elements - {"using":"xpath","value":"//li[.//span[text()='equal to']]"}
RESULT: {"using":"xpath","value":"//li[.//span[text()='equal to']]"}
COMMAND: POST /session/10905aa29ded037ab27490674a12b44a/elements - {"using":"xpath","value":"//li[.//span[text()='equal to']]"}
RESULT: {"using":"xpath","value":"//li[.//span[text()='equal to']]"}
COMMAND: POST /session/10905aa29ded037ab27490674a12b44a/elements - {"using":"xpath","value":"//li[.//span[text()='equal to']]"}
RESULT: {"using":"xpath","value":"//li[.//span[text()='equal to']]"}
COMMAND: POST /session/10905aa29ded037ab27490674a12b44a/elements - {"using":"xpath","value":"//li[.//span[text()='equal to']]"}
RESULT: {"using":"xpath","value":"//li[.//span[text()='equal to']]"}
COMMAND: POST /session/10905aa29ded037ab27490674a12b44a/elements - {"using":"xpath","value":"//li[.//span[text()='equal to']]"}
RESULT: {"using":"xpath","value":"//li[.//span[text()='equal to']]"}
COMMAND: POST /session/10905aa29ded037ab27490674a12b44a/elements - {"using":"xpath","value":"//li[.//span[text()='equal to']]"}
RESULT: {"using":"xpath","value":"//li[.//span[text()='equal to']]"}
COMMAND: POST /session/10905aa29ded037ab27490674a12b44a/elements - {"using":"xpath","value":"//li[.//span[text()='equal to']]"}
RESULT: {"using":"xpath","value":"//li[.//span[text()='equal to']]"}
COMMAND: POST /session/10905aa29ded037ab27490674a12b44a/elements - {"using":"xpath","value":"//li[.//span[text()='equal to']]"}
RESULT: {"using":"xpath","value":"//li[.//span[text()='equal to']]"}
COMMAND: POST /session/10905aa29ded037ab27490674a12b44a/elements - {"using":"xpath","value":"//li[.//span[text()='equal to']]"}
RESULT: {"using":"xpath","value":"//li[.//span[text()='equal to']]"}
COMMAND: POST /session/10905aa29ded037ab27490674a12b44a/elements - {"using":"xpath","value":"//li[.//span[text()='equal to']]"}
RESULT: {"using":"xpath","value":"//li[.//span[text()='equal to']]"}
COMMAND: POST /session/10905aa29ded037ab27490674a12b44a/elements - {"using":"xpath","value":"//li[.//span[text()='equal to']]"}
RESULT: {"using":"xpath","value":"//li[.//span[text()='equal to']]"}
COMMAND: POST /session/10905aa29ded037ab27490674a12b44a/elements - {"using":"xpath","value":"//li[.//span[text()='equal to']]"}
RESULT: {"using":"xpath","value":"//li[.//span[text()='equal to']]"}
COMMAND: POST /session/10905aa29ded037ab27490674a12b44a/elements - {"using":"xpath","value":"//li[.//span[text()='equal to']]"}
RESULT: {"using":"xpath","value":"//li[.//span[text()='equal to']]"}
COMMAND: POST /session/10905aa29ded037ab27490674a12b44a/elements - {"using":"xpath","value":"//li[.//span[text()='equal to']]"}
RESULT: {"using":"xpath","value":"//li[.//span[text()='equal to']]"}
COMMAND: POST /session/10905aa29ded037ab27490674a12b44a/elements - {"using":"xpath","value":"//li[.//span[text()='equal to']]"}
RESULT: {"using":"xpath","value":"//li[.//span[text()='equal to']]"}
COMMAND: POST /session/10905aa29ded037ab27490674a12b44a/elements - {"using":"xpath","value":"//li[.//span[text()='equal to']]"}
RESULT: {"using":"xpath","value":"//li[.//span[text()='equal to']]"}
COMMAND: POST /session/10905aa29ded037ab27490674a12b44a/elements - {"using":"xpath","value":"//li[.//span[text()='equal to']]"}
RESULT: {"using":"xpath","value":"//li[.//span[text()='equal to']]"}
COMMAND: POST /session/10905aa29ded037ab27490674a12b44a/elements - {"using":"xpath","value":"//li[.//span[text()='equal to']]"}
RESULT: {"using":"xpath","value":"//li[.//span[text()='equal to']]"}
COMMAND: POST /session/10905aa29ded037ab27490674a12b44a/elements - {"using":"xpath","value":"//li[.//span[text()='equal to']]"}
RESULT: {"using":"xpath","value":"//li[.//span[text()='equal to']]"}
COMMAND: POST /session/10905aa29ded037ab27490674a12b44a/elements - {"using":"xpath","value":"//li[.//span[text()='equal to']]"}
RESULT: {"using":"xpath","value":"//li[.//span[text()='equal to']]"}
COMMAND: POST /session/10905aa29ded037ab27490674a12b44a/elements - {"using":"xpath","value":"//li[.//span[text()='equal to']]"}
RESULT: {"using":"xpath","value":"//li[.//span[text()='equal to']]"}
COMMAND: POST /session/10905aa29ded037ab27490674a12b44a/elements - {"using":"xpath","value":"//li[.//span[text()='equal to']]"}
RESULT: {"using":"xpath","value":"//li[.//span[text()='equal to']]"}
COMMAND: POST /session/10905aa29ded037ab27490674a12b44a/elements - {"using":"xpath","value":"//li[.//span[text()='equal to']]"}
RESULT: {"using":"xpath","value":"//li[.//span[text()='equal to']]"}
COMMAND: POST /session/10905aa29ded037ab27490674a12b44a/elements - {"using":"xpath","value":"//li[.//span[text()='equal to']]"}
RESULT: {"using":"xpath","value":"//li[.//span[text()='equal to']]"}
COMMAND: POST /session/10905aa29ded037ab27490674a12b44a/elements - {"using":"xpath","value":"//li[.//span[text()='equal to']]"}
RESULT: {"using":"xpath","value":"//li[.//span[text()='equal to']]"}
COMMAND: POST /session/10905aa29ded037ab27490674a12b44a/elements - {"using":"xpath","value":"//li[.//span[text()='equal to']]"}
RESULT: {"using":"xpath","value":"//li[.//span[text()='equal to']]"}
COMMAND: POST /session/10905aa29ded037ab27490674a12b44a/elements - {"using":"xpath","value":"//li[.//span[text()='equal to']]"}
RESULT: {"using":"xpath","value":"//li[.//span[text()='equal to']]"}
COMMAND: POST /session/10905aa29ded037ab27490674a12b44a/elements - {"using":"xpath","value":"//li[.//span[text()='equal to']]"}
RESULT: {"using":"xpath","value":"//li[.//span[text()='equal to']]"}
COMMAND: POST /session/10905aa29ded037ab27490674a12b44a/elements - {"using":"xpath","value":"//li[.//span[text()='equal to']]"}
RESULT: {"using":"xpath","value":"//li[.//span[text()='equal to']]"}
COMMAND: POST /session/10905aa29ded037ab27490674a12b44a/elements - {"using":"xpath","value":"//li[.//span[text()='equal to']]"}
RESULT: {"using":"xpath","value":"//li[.//span[text()='equal to']]"}
COMMAND: POST /session/10905aa29ded037ab27490674a12b44a/elements - {"using":"xpath","value":"//li[.//span[text()='equal to']]"}
RESULT: {"using":"xpath","value":"//li[.//span[text()='equal to']]"}
COMMAND: POST /session/10905aa29ded037ab27490674a12b44a/elements - {"using":"xpath","value":"//li[.//span[text()='equal to']]"}
RESULT: {"using":"xpath","value":"//li[.//span[text()='equal to']]"}
COMMAND: POST /session/10905aa29ded037ab27490674a12b44a/elements - {"using":"xpath","value":"//li[.//span[text()='equal to']]"}
RESULT: {"using":"xpath","value":"//li[.//span[text()='equal to']]"}
COMMAND: POST /session/10905aa29ded037ab27490674a12b44a/elements - {"using":"xpath","value":"//li[.//span[text()='equal to']]"}
RESULT: {"using":"xpath","value":"//li[.//span[text()='equal to']]"}
COMMAND: POST /session/10905aa29ded037ab27490674a12b44a/elements - {"using":"xpath","value":"//li[.//span[text()='equal to']]"}
RESULT: {"using":"xpath","value":"//li[.//span[text()='equal to']]"}
COMMAND: POST /session/10905aa29ded037ab27490674a12b44a/elements - {"using":"xpath","value":"//li[.//span[text()='equal to']]"}
RESULT: {"using":"xpath","value":"//li[.//span[text()='equal to']]"}
COMMAND: POST /session/10905aa29ded037ab27490674a12b44a/elements - {"using":"xpath","value":"//li[.//span[text()='equal to']]"}
RESULT: {"using":"xpath","value":"//li[.//span[text()='equal to']]"}
COMMAND: POST /session/10905aa29ded037ab27490674a12b44a/elements - {"using":"xpath","value":"//li[.//span[text()='equal to']]"}
RESULT: {"using":"xpath","value":"//li[.//span[text()='equal to']]"}
COMMAND: POST /session/10905aa29ded037ab27490674a12b44a/elements - {"using":"xpath","value":"//li[.//span[text()='equal to']]"}
RESULT: {"using":"xpath","value":"//li[.//span[text()='equal to']]"}
COMMAND: POST /session/10905aa29ded037ab27490674a12b44a/elements - {"using":"xpath","value":"//li[.//span[text()='equal to']]"}
RESULT: {"using":"xpath","value":"//li[.//span[text()='equal to']]"}
COMMAND: POST /session/10905aa29ded037ab27490674a12b44a/elements - {"using":"xpath","value":"//li[.//span[text()='equal to']]"}
RESULT: {"using":"xpath","value":"//li[.//span[text()='equal to']]"}
COMMAND: POST /session/10905aa29ded037ab27490674a12b44a/elements - {"using":"xpath","value":"//li[.//span[text()='equal to']]"}
RESULT: {"using":"xpath","value":"//li[.//span[text()='equal to']]"}
COMMAND: POST /session/10905aa29ded037ab27490674a12b44a/elements - {"using":"xpath","value":"//li[.//span[text()='equal to']]"}
RESULT: {"using":"xpath","value":"//li[.//span[text()='equal to']]"}
COMMAND: POST /session/10905aa29ded037ab27490674a12b44a/elements - {"using":"xpath","value":"//li[.//span[text()='equal to']]"}
RESULT: {"using":"xpath","value":"//li[.//span[text()='equal to']]"}
COMMAND: POST /session/10905aa29ded037ab27490674a12b44a/elements - {"using":"xpath","value":"//li[.//span[text()='equal to']]"}
RESULT: {"using":"xpath","value":"//li[.//span[text()='equal to']]"}
COMMAND: POST /session/10905aa29ded037ab27490674a12b44a/elements - {"using":"xpath","value":"//li[.//span[text()='equal to']]"}
RESULT: {"using":"xpath","value":"//li[.//span[text()='equal to']]"}
COMMAND: POST /session/10905aa29ded037ab27490674a12b44a/elements - {"using":"xpath","value":"//li[.//span[text()='equal to']]"}
RESULT: {"using":"xpath","value":"//li[.//span[text()='equal to']]"}
COMMAND: POST /session/10905aa29ded037ab27490674a12b44a/elements - {"using":"xpath","value":"//li[.//span[text()='equal to']]"}
RESULT: {"using":"xpath","value":"//li[.//span[text()='equal to']]"}
COMMAND: POST /session/10905aa29ded037ab27490674a12b44a/elements - {"using":"xpath","value":"//li[.//span[text()='equal to']]"}
RESULT: {"using":"xpath","value":"//li[.//span[text()='equal to']]"}
COMMAND: POST /session/10905aa29ded037ab27490674a12b44a/elements - {"using":"xpath","value":"//li[.//span[text()='equal to']]"}
RESULT: {"using":"xpath","value":"//li[.//span[text()='equal to']]"}
COMMAND: POST /session/10905aa29ded037ab27490674a12b44a/elements - {"using":"xpath","value":"//li[.//span[text()='equal to']]"}
RESULT: {"using":"xpath","value":"//li[.//span[text()='equal to']]"}
COMMAND: POST /session/10905aa29ded037ab27490674a12b44a/elements - {"using":"xpath","value":"//li[.//span[text()='equal to']]"}
RESULT: {"using":"xpath","value":"//li[.//span[text()='equal to']]"}
COMMAND: POST /session/10905aa29ded037ab27490674a12b44a/elements - {"using":"xpath","value":"//li[.//span[text()='equal to']]"}
RESULT: {"using":"xpath","value":"//li[.//span[text()='equal to']]"}
COMMAND: POST /session/10905aa29ded037ab27490674a12b44a/elements - {"using":"xpath","value":"//li[.//span[text()='equal to']]"}
RESULT: {"using":"xpath","value":"//li[.//span[text()='equal to']]"}
COMMAND: POST /session/10905aa29ded037ab27490674a12b44a/elements - {"using":"xpath","value":"//li[.//span[text()='equal to']]"}
RESULT: {"using":"xpath","value":"//li[.//span[text()='equal to']]"}
COMMAND: POST /session/10905aa29ded037ab27490674a12b44a/elements - {"using":"xpath","value":"//li[.//span[text()='equal to']]"}
RESULT: {"using":"xpath","value":"//li[.//span[text()='equal to']]"}
COMMAND: POST /session/10905aa29ded037ab27490674a12b44a/elements - {"using":"xpath","value":"//li[.//span[text()='equal to']]"}
RESULT: {"using":"xpath","value":"//li[.//span[text()='equal to']]"}
COMMAND: POST /session/10905aa29ded037ab27490674a12b44a/elements - {"using":"xpath","value":"//li[.//span[text()='equal to']]"}
RESULT: {"using":"xpath","value":"//li[.//span[text()='equal to']]"}
COMMAND: POST /session/10905aa29ded037ab27490674a12b44a/elements - {"using":"xpath","value":"//li[.//span[text()='equal to']]"}
RESULT: {"using":"xpath","value":"//li[.//span[text()='equal to']]"}
COMMAND: POST /session/10905aa29ded037ab27490674a12b44a/elements - {"using":"xpath","value":"//li[.//span[text()='equal to']]"}
RESULT: {"using":"xpath","value":"//li[.//span[text()='equal to']]"}
COMMAND: POST /session/10905aa29ded037ab27490674a12b44a/elements - {"using":"xpath","value":"//li[.//span[text()='equal to']]"}
RESULT: {"using":"xpath","value":"//li[.//span[text()='equal to']]"}
COMMAND: POST /session/10905aa29ded037ab27490674a12b44a/elements - {"using":"xpath","value":"//li[.//span[text()='equal to']]"}
RESULT: {"using":"xpath","value":"//li[.//span[text()='equal to']]"}
COMMAND: POST /session/10905aa29ded037ab27490674a12b44a/elements - {"using":"xpath","value":"//li[.//span[text()='equal to']]"}
RESULT: {"using":"xpath","value":"//li[.//span[text()='equal to']]"}
COMMAND: POST /session/10905aa29ded037ab27490674a12b44a/elements - {"using":"xpath","value":"//li[.//span[text()='equal to']]"}
RESULT: {"using":"xpath","value":"//li[.//span[text()='equal to']]"}
COMMAND: POST /session/10905aa29ded037ab27490674a12b44a/elements - {"using":"xpath","value":"//li[.//span[text()='equal to']]"}
RESULT: {"using":"xpath","value":"//li[.//span[text()='equal to']]"}
COMMAND: POST /session/10905aa29ded037ab27490674a12b44a/elements - {"using":"xpath","value":"//li[.//span[text()='equal to']]"}
RESULT: {"using":"xpath","value":"//li[.//span[text()='equal to']]"}
COMMAND: POST /session/10905aa29ded037ab27490674a12b44a/elements - {"using":"xpath","value":"//li[.//span[text()='equal to']]"}
RESULT: {"using":"xpath","value":"//li[.//span[text()='equal to']]"}
COMMAND: POST /session/10905aa29ded037ab27490674a12b44a/elements - {"using":"xpath","value":"//li[.//span[text()='equal to']]"}
RESULT: {"using":"xpath","value":"//li[.//span[text()='equal to']]"}
COMMAND: POST /session/10905aa29ded037ab27490674a12b44a/elements - {"using":"xpath","value":"//li[.//span[text()='equal to']]"}
RESULT: {"using":"xpath","value":"//li[.//span[text()='equal to']]"}
COMMAND: POST /session/10905aa29ded037ab27490674a12b44a/elements - {"using":"xpath","value":"//li[.//span[text()='equal to']]"}
RESULT: {"using":"xpath","value":"//li[.//span[text()='equal to']]"}
COMMAND: POST /session/10905aa29ded037ab27490674a12b44a/elements - {"using":"xpath","value":"//li[.//span[text()='equal to']]"}
RESULT: {"using":"xpath","value":"//li[.//span[text()='equal to']]"}
COMMAND: POST /session/10905aa29ded037ab27490674a12b44a/elements - {"using":"xpath","value":"//li[.//span[text()='equal to']]"}
RESULT: {"using":"xpath","value":"//li[.//span[text()='equal to']]"}
COMMAND: POST /session/10905aa29ded037ab27490674a12b44a/elements - {"using":"xpath","value":"//li[.//span[text()='equal to']]"}
RESULT: {"using":"xpath","value":"//li[.//span[text()='equal to']]"}
COMMAND: POST /session/10905aa29ded037ab27490674a12b44a/elements - {"using":"xpath","value":"//li[.//span[text()='equal to']]"}
RESULT: {"using":"xpath","value":"//li[.//span[text()='equal to']]"}
COMMAND: POST /session/10905aa29ded037ab27490674a12b44a/elements - {"using":"xpath","value":"//li[.//span[text()='equal to']]"}
RESULT: {"using":"xpath","value":"//li[.//span[text()='equal to']]"}
COMMAND: POST /session/10905aa29ded037ab27490674a12b44a/elements - {"using":"xpath","value":"//li[.//span[text()='equal to']]"}
RESULT: {"using":"xpath","value":"//li[.//span[text()='equal to']]"}
COMMAND: POST /session/10905aa29ded037ab27490674a12b44a/elements - {"using":"xpath","value":"//li[.//span[text()='equal to']]"}
RESULT: {"using":"xpath","value":"//li[.//span[text()='equal to']]"}
COMMAND: POST /session/10905aa29ded037ab27490674a12b44a/elements - {"using":"xpath","value":"//li[.//span[text()='equal to']]"}
RESULT: {"using":"xpath","value":"//li[.//span[text()='equal to']]"}
COMMAND: POST /session/10905aa29ded037ab27490674a12b44a/elements - {"using":"xpath","value":"//li[.//span[text()='equal to']]"}
RESULT: {"using":"xpath","value":"//li[.//span[text()='equal to']]"}
COMMAND: POST /session/10905aa29ded037ab27490674a12b44a/elements - {"using":"xpath","value":"//li[.//span[text()='equal to']]"}
RESULT: {"using":"xpath","value":"//li[.//span[text()='equal to']]"}
COMMAND: POST /session/10905aa29ded037ab27490674a12b44a/elements - {"using":"xpath","value":"//li[.//span[text()='equal to']]"}
RESULT: {"using":"xpath","value":"//li[.//span[text()='equal to']]"}
COMMAND: POST /session/10905aa29ded037ab27490674a12b44a/elements - {"using":"xpath","value":"//li[.//span[text()='equal to']]"}
RESULT: {"using":"xpath","value":"//li[.//span[text()='equal to']]"}
COMMAND: POST /session/10905aa29ded037ab27490674a12b44a/elements - {"using":"xpath","value":"//li[.//span[text()='equal to']]"}
RESULT: {"using":"xpath","value":"//li[.//span[text()='equal to']]"}
COMMAND: POST /session/10905aa29ded037ab27490674a12b44a/elements - {"using":"xpath","value":"//li[.//span[text()='equal to']]"}
RESULT: {"using":"xpath","value":"//li[.//span[text()='equal to']]"}
COMMAND: POST /session/10905aa29ded037ab27490674a12b44a/elements - {"using":"xpath","value":"//li[.//span[text()='equal to']]"}
RESULT: {"using":"xpath","value":"//li[.//span[text()='equal to']]"}
COMMAND: POST /session/10905aa29ded037ab27490674a12b44a/elements - {"using":"xpath","value":"//li[.//span[text()='equal to']]"}
RESULT: {"using":"xpath","value":"//li[.//span[text()='equal to']]"}
COMMAND: POST /session/10905aa29ded037ab27490674a12b44a/elements - {"using":"xpath","value":"//li[.//span[text()='equal to']]"}
RESULT: {"using":"xpath","value":"//li[.//span[text()='equal to']]"}
COMMAND: POST /session/10905aa29ded037ab27490674a12b44a/elements - {"using":"xpath","value":"//li[.//span[text()='equal to']]"}
RESULT: {"using":"xpath","value":"//li[.//span[text()='equal to']]"}
COMMAND: POST /session/10905aa29ded037ab27490674a12b44a/elements - {"using":"xpath","value":"//li[.//span[text()='equal to']]"}
RESULT: {"using":"xpath","value":"//li[.//span[text()='equal to']]"}
COMMAND: POST /session/10905aa29ded037ab27490674a12b44a/elements - {"using":"xpath","value":"//li[.//span[text()='equal to']]"}
RESULT: {"using":"xpath","value":"//li[.//span[text()='equal to']]"}
COMMAND: POST /session/10905aa29ded037ab27490674a12b44a/elements - {"using":"xpath","value":"//li[.//span[text()='equal to']]"}
RESULT: {"using":"xpath","value":"//li[.//span[text()='equal to']]"}
COMMAND: POST /session/10905aa29ded037ab27490674a12b44a/elements - {"using":"xpath","value":"//li[.//span[text()='equal to']]"}
RESULT: {"using":"xpath","value":"//li[.//span[text()='equal to']]"}
COMMAND: POST /session/10905aa29ded037ab27490674a12b44a/elements - {"using":"xpath","value":"//li[.//span[text()='equal to']]"}
RESULT: {"using":"xpath","value":"//li[.//span[text()='equal to']]"}
COMMAND: POST /session/10905aa29ded037ab27490674a12b44a/elements - {"using":"xpath","value":"//li[.//span[text()='equal to']]"}
RESULT: {"using":"xpath","value":"//li[.//span[text()='equal to']]"}
COMMAND: POST /session/10905aa29ded037ab27490674a12b44a/elements - {"using":"xpath","value":"//li[.//span[text()='equal to']]"}
RESULT: {"using":"xpath","value":"//li[.//span[text()='equal to']]"}
COMMAND: POST /session/10905aa29ded037ab27490674a12b44a/elements - {"using":"xpath","value":"//li[.//span[text()='equal to']]"}
RESULT: {"using":"xpath","value":"//li[.//span[text()='equal to']]"}
COMMAND: POST /session/10905aa29ded037ab27490674a12b44a/elements - {"using":"xpath","value":"//li[.//span[text()='equal to']]"}
RESULT: {"using":"xpath","value":"//li[.//span[text()='equal to']]"}
COMMAND: POST /session/10905aa29ded037ab27490674a12b44a/elements - {"using":"xpath","value":"//li[.//span[text()='equal to']]"}
RESULT: {"using":"xpath","value":"//li[.//span[text()='equal to']]"}
COMMAND: POST /session/10905aa29ded037ab27490674a12b44a/elements - {"using":"xpath","value":"//li[.//span[text()='equal to']]"}
RESULT: {"using":"xpath","value":"//li[.//span[text()='equal to']]"}
COMMAND: POST /session/10905aa29ded037ab27490674a12b44a/elements - {"using":"xpath","value":"//li[.//span[text()='equal to']]"}
RESULT: {"using":"xpath","value":"//li[.//span[text()='equal to']]"}
COMMAND: POST /session/10905aa29ded037ab27490674a12b44a/elements - {"using":"xpath","value":"//li[.//span[text()='equal to']]"}
RESULT: {"using":"xpath","value":"//li[.//span[text()='equal to']]"}
COMMAND: POST /session/10905aa29ded037ab27490674a12b44a/elements - {"using":"xpath","value":"//li[.//span[text()='equal to']]"}
RESULT: {"using":"xpath","value":"//li[.//span[text()='equal to']]"}
COMMAND: POST /session/10905aa29ded037ab27490674a12b44a/elements - {"using":"xpath","value":"//li[.//span[text()='equal to']]"}
RESULT: {"using":"xpath","value":"//li[.//span[text()='equal to']]"}
COMMAND: POST /session/10905aa29ded037ab27490674a12b44a/elements - {"using":"xpath","value":"//li[.//span[text()='equal to']]"}
RESULT: {"using":"xpath","value":"//li[.//span[text()='equal to']]"}
COMMAND: POST /session/10905aa29ded037ab27490674a12b44a/elements - {"using":"xpath","value":"//li[.//span[text()='equal to']]"}
RESULT: {"using":"xpath","value":"//li[.//span[text()='equal to']]"}
COMMAND: POST /session/10905aa29ded037ab27490674a12b44a/elements - {"using":"xpath","value":"//li[.//span[text()='equal to']]"}
RESULT: {"using":"xpath","value":"//li[.//span[text()='equal to']]"}
COMMAND: POST /session/10905aa29ded037ab27490674a12b44a/elements - {"using":"xpath","value":"//li[.//span[text()='equal to']]"}
RESULT: {"using":"xpath","value":"//li[.//span[text()='equal to']]"}
COMMAND: POST /session/10905aa29ded037ab27490674a12b44a/elements - {"using":"xpath","value":"//li[.//span[text()='equal to']]"}
RESULT: {"using":"xpath","value":"//li[.//span[text()='equal to']]"}
COMMAND: POST /session/10905aa29ded037ab27490674a12b44a/elements - {"using":"xpath","value":"//li[.//span[text()='equal to']]"}
RESULT: {"using":"xpath","value":"//li[.//span[text()='equal to']]"}
COMMAND: POST /session/10905aa29ded037ab27490674a12b44a/elements - {"using":"xpath","value":"//li[.//span[text()='equal to']]"}
RESULT: {"using":"xpath","value":"//li[.//span[text()='equal to']]"}
COMMAND: POST /session/10905aa29ded037ab27490674a12b44a/elements - {"using":"xpath","value":"//li[.//span[text()='equal to']]"}
RESULT: {"using":"xpath","value":"//li[.//span[text()='equal to']]"}
COMMAND: POST /session/10905aa29ded037ab27490674a12b44a/elements - {"using":"xpath","value":"//li[.//span[text()='equal to']]"}
RESULT: {"using":"xpath","value":"//li[.//span[text()='equal to']]"}
COMMAND: POST /session/10905aa29ded037ab27490674a12b44a/elements - {"using":"xpath","value":"//li[.//span[text()='equal to']]"}
RESULT: {"using":"xpath","value":"//li[.//span[text()='equal to']]"}
COMMAND: POST /session/10905aa29ded037ab27490674a12b44a/elements - {"using":"xpath","value":"//li[.//span[text()='equal to']]"}
COMMAND: GET /session/10905aa29ded037ab27490674a12b44a/screenshot - {}
RESULT: {"using":"xpath","value":"//li[.//span[text()='equal to']]"}
RESULT: {}
]]></system-out>
      <system-err><![CDATA[
Error: Can't call click on element with selector "//li[.//span[text()='equal to']]" because element wasn't found
    at async Context.<anonymous> (D:\a\1\s\test\specs\BTS\manage-partners.spec.js:805:9)
]]></system-err>
    </testcase>
  </testsuite>
</testsuites>