<?xml version="1.0" encoding="UTF-8"?>
<testsuites tests="6" failures="2" errors="2" skipped="0">
  <testsuite timestamp="2025-05-14T15:44:02" time="799.572" tests="5" failures="1" errors="1" skipped="0">
    <properties>
      <property name="specId" value="0" />
      <property name="suiteName" value="Create masterdata for Yard Overview - trigger provide US130988" />
      <property name="capabilities" value="chrome.136_0_7103_49.windows" />
      <property name="file" value="file:///D:/a/1/s/test/specs/R2C/yard-overview-trigger.spec.js" />
    </properties>
    <testcase classname="chrome.136_0_7103_49.windows.Create_masterdata_for_Yard_Overview_-_trigger_provide_US130988" name="Should create prerequisites yard partner site material" time="451.529">
      <system-out><![CDATA[
COMMAND: POST /session/71c44af9afc413c16551b89b0bbb4567/execute/async - {"script":"<script> [1562 bytes]","args":[{"selector":{"controlType":"sap.m.GenericTile","properties":{"header":"Manage Yards"}},"wdio_ui5_key":"sapm.GenericTile{\"header\":\"Manage Yards\"}"}]}
RESULT: {"script":"<script> [1562 bytes]","args":[{"selector":{"controlType":"sap.m.GenericTile","properties":{"header":"Manage Yards"}},"wdio_ui5_key":"sapm.GenericTile{\"header\":\"Manage Yards\"}"}]}
RESULT: undefined
COMMAND: POST /session/71c44af9afc413c16551b89b0bbb4567/element - {"using":"xpath","value":"//*[@id=\"__tile41\"]"}
RESULT: {"using":"xpath","value":"//*[@id=\"__tile41\"]"}
COMMAND: POST /session/71c44af9afc413c16551b89b0bbb4567/element/f.1C4738C400B4D4A52759E6EA90F1F38B.d.D78B713781CFEC3F1334A5B641D1C526.e.117/click - {}
RESULT: {}
COMMAND: GET /session/71c44af9afc413c16551b89b0bbb4567/screenshot - {}
RESULT: {}
COMMAND: POST /session/71c44af9afc413c16551b89b0bbb4567/elements - {"using":"xpath","value":"//span[text()='Error']"}
RESULT: {"using":"xpath","value":"//span[text()='Error']"}
COMMAND: POST /session/71c44af9afc413c16551b89b0bbb4567/execute/async - {"script":"<script> [1562 bytes]","args":[{"selector":{"controlType":"sap.ui.core.Icon","viewName":"etm.portal.ui.manageyards.view.Master","viewId":"application-manageyards-display-component---masterYard","properties":{"src":{"regex":{"source":"add"}}}},"wdio_ui5_key":"etmportal.ui.manageyards.view.Mastersap.ui.core.Icon{\"src\":{\"regex\":{\"source\":\"add\"}}}"}]}
RESULT: {"script":"<script> [1562 bytes]","args":[{"selector":{"controlType":"sap.ui.core.Icon","viewName":"etm.portal.ui.manageyards.view.Master","viewId":"application-manageyards-display-component---masterYard","properties":{"src":{"regex":{"source":"add"}}}},"wdio_ui5_key":"etmportal.ui.manageyards.view.Mastersap.ui.core.Icon{\"src\":{\"regex\":{\"source\":\"add\"}}}"}]}
RESULT: undefined
COMMAND: POST /session/71c44af9afc413c16551b89b0bbb4567/element - {"using":"xpath","value":"//*[@id=\"__button4-img\"]"}
RESULT: {"using":"xpath","value":"//*[@id=\"__button4-img\"]"}
COMMAND: POST /session/71c44af9afc413c16551b89b0bbb4567/element/f.1C4738C400B4D4A52759E6EA90F1F38B.d.D78B713781CFEC3F1334A5B641D1C526.e.164/click - {}
RESULT: {}
COMMAND: GET /session/71c44af9afc413c16551b89b0bbb4567/screenshot - {}
RESULT: {}
COMMAND: POST /session/71c44af9afc413c16551b89b0bbb4567/execute/async - {"script":"<script> [1562 bytes]","args":[{"selector":{"id":"application-manageyards-display-component---NewYard--yardId","interaction":{"idSuffix":"inner"}},"wdio_ui5_key":"applicationmanageyards-display-component---NewYard--yardId"}]}
RESULT: {"script":"<script> [1562 bytes]","args":[{"selector":{"id":"application-manageyards-display-component---NewYard--yardId","interaction":{"idSuffix":"inner"}},"wdio_ui5_key":"applicationmanageyards-display-component---NewYard--yardId"}]}
RESULT: undefined
COMMAND: POST /session/71c44af9afc413c16551b89b0bbb4567/element - {"using":"xpath","value":"//*[@id=\"application-manageyards-display-component---NewYard--addressDetailDetailsName1-inner\"]"}
RESULT: {"using":"xpath","value":"//*[@id=\"application-manageyards-display-component---NewYard--addressDetailDetailsName1-inner\"]"}
COMMAND: POST /session/71c44af9afc413c16551b89b0bbb4567/element/f.1C4738C400B4D4A52759E6EA90F1F38B.d.D78B713781CFEC3F1334A5B641D1C526.e.384/clear - {}
RESULT: {}
COMMAND: POST /session/71c44af9afc413c16551b89b0bbb4567/element/f.1C4738C400B4D4A52759E6EA90F1F38B.d.D78B713781CFEC3F1334A5B641D1C526.e.384/value - {"text":"WebdriverYardkr3yj"}
COMMAND: GET /session/71c44af9afc413c16551b89b0bbb4567/screenshot - {}
RESULT: {}
RESULT: {"text":"WebdriverYardkr3yj"}
COMMAND: POST /session/71c44af9afc413c16551b89b0bbb4567/element - {"using":"xpath","value":"//*[@id=\"application-manageyards-display-component---NewYard--addressDetailDetailsLanguage-inner\"]"}
COMMAND: GET /session/71c44af9afc413c16551b89b0bbb4567/screenshot - {}
RESULT: {"using":"xpath","value":"//*[@id=\"application-manageyards-display-component---NewYard--addressDetailDetailsLanguage-inner\"]"}
COMMAND: POST /session/71c44af9afc413c16551b89b0bbb4567/element/f.1C4738C400B4D4A52759E6EA90F1F38B.d.D78B713781CFEC3F1334A5B641D1C526.e.385/clear - {}
RESULT: {}
RESULT: {}
COMMAND: POST /session/71c44af9afc413c16551b89b0bbb4567/element/f.1C4738C400B4D4A52759E6EA90F1F38B.d.D78B713781CFEC3F1334A5B641D1C526.e.385/value - {"text":"Romanian"}
COMMAND: GET /session/71c44af9afc413c16551b89b0bbb4567/screenshot - {}
RESULT: {"text":"Romanian"}
COMMAND: POST /session/71c44af9afc413c16551b89b0bbb4567/element - {"using":"xpath","value":"//input[contains(@id ,\"application-manageyards-display-component---NewYard--addressDetailDetailsName1-inner\")]"}
COMMAND: GET /session/71c44af9afc413c16551b89b0bbb4567/screenshot - {}
RESULT: {}
RESULT: {"using":"xpath","value":"//input[contains(@id ,\"application-manageyards-display-component---NewYard--addressDetailDetailsName1-inner\")]"}
COMMAND: GET /session/71c44af9afc413c16551b89b0bbb4567/element/f.1C4738C400B4D4A52759E6EA90F1F38B.d.D78B713781CFEC3F1334A5B641D1C526.e.384/property/value - {}
RESULT: {}
RESULT: {}
COMMAND: GET /session/71c44af9afc413c16551b89b0bbb4567/screenshot - {}
RESULT: {}
COMMAND: POST /session/71c44af9afc413c16551b89b0bbb4567/element - {"using":"xpath","value":"//*[@id=\"application-manageyards-display-component---NewYard--addressDetailDetailsCity1-inner\"]"}
RESULT: {"using":"xpath","value":"//*[@id=\"application-manageyards-display-component---NewYard--addressDetailDetailsCity1-inner\"]"}
COMMAND: POST /session/71c44af9afc413c16551b89b0bbb4567/element/f.1C4738C400B4D4A52759E6EA90F1F38B.d.D78B713781CFEC3F1334A5B641D1C526.e.387/clear - {}
RESULT: {}
COMMAND: POST /session/71c44af9afc413c16551b89b0bbb4567/element/f.1C4738C400B4D4A52759E6EA90F1F38B.d.D78B713781CFEC3F1334A5B641D1C526.e.387/value - {"text":"Bucuresti"}
COMMAND: GET /session/71c44af9afc413c16551b89b0bbb4567/screenshot - {}
RESULT: {"text":"Bucuresti"}
COMMAND: GET /session/71c44af9afc413c16551b89b0bbb4567/screenshot - {}
RESULT: {}
RESULT: {}
COMMAND: POST /session/71c44af9afc413c16551b89b0bbb4567/element - {"using":"xpath","value":"//*[@id=\"application-manageyards-display-component---NewYard--addressDetailDetailsCountry-inner\"]"}
RESULT: {"using":"xpath","value":"//*[@id=\"application-manageyards-display-component---NewYard--addressDetailDetailsCountry-inner\"]"}
COMMAND: POST /session/71c44af9afc413c16551b89b0bbb4567/element/f.1C4738C400B4D4A52759E6EA90F1F38B.d.D78B713781CFEC3F1334A5B641D1C526.e.391/clear - {}
RESULT: {}
COMMAND: POST /session/71c44af9afc413c16551b89b0bbb4567/element/f.1C4738C400B4D4A52759E6EA90F1F38B.d.D78B713781CFEC3F1334A5B641D1C526.e.391/value - {"text":"Romania"}
COMMAND: GET /session/71c44af9afc413c16551b89b0bbb4567/screenshot - {}
RESULT: {"text":"Romania"}
COMMAND: GET /session/71c44af9afc413c16551b89b0bbb4567/screenshot - {}
RESULT: {}
RESULT: {}
COMMAND: POST /session/71c44af9afc413c16551b89b0bbb4567/element - {"using":"xpath","value":"//div[contains(text(), \"Commercial\")]"}
RESULT: {"using":"xpath","value":"//div[contains(text(), \"Commercial\")]"}
COMMAND: GET /session/71c44af9afc413c16551b89b0bbb4567/element/f.1C4738C400B4D4A52759E6EA90F1F38B.d.D78B713781CFEC3F1334A5B641D1C526.e.587/rect - {}
RESULT: {}
COMMAND: GET /session/71c44af9afc413c16551b89b0bbb4567/window/rect - {}
RESULT: {}
COMMAND: POST /session/71c44af9afc413c16551b89b0bbb4567/execute/sync - {"script":"<script> [92 bytes]","args":[]}
RESULT: {"script":"<script> [92 bytes]","args":[]}
COMMAND: POST /session/71c44af9afc413c16551b89b0bbb4567/actions - {"actions":[{"id":"action1","type":"wheel","parameters":{},"actions":[{"type":"scroll","x":-1841,"y":-44,"deltaX":0,"deltaY":0,"duration":0,"origin":{"element-6066-11e4-a52e-4f735466cecf":"f.1C4738C400B4D4A52759E6EA90F1F38B.d.D78B713781CFEC3F1334A5B641D1C526.e.587"}}]}]}
COMMAND: GET /session/71c44af9afc413c16551b89b0bbb4567/screenshot - {}
RESULT: {}
COMMAND: POST /session/71c44af9afc413c16551b89b0bbb4567/execute/sync - {"script":"<script> [79 bytes]","args":[{"element-6066-11e4-a52e-4f735466cecf":"f.1C4738C400B4D4A52759E6EA90F1F38B.d.D78B713781CFEC3F1334A5B641D1C526.e.587","ELEMENT":"f.1C4738C400B4D4A52759E6EA90F1F38B.d.D78B713781CFEC3F1334A5B641D1C526.e.587"},{"block":"start","inline":"nearest"}]}
RESULT: {"script":"<script> [79 bytes]","args":[{"element-6066-11e4-a52e-4f735466cecf":"f.1C4738C400B4D4A52759E6EA90F1F38B.d.D78B713781CFEC3F1334A5B641D1C526.e.587","ELEMENT":"f.1C4738C400B4D4A52759E6EA90F1F38B.d.D78B713781CFEC3F1334A5B641D1C526.e.587"},{"block":"start","inline":"nearest"}]}
COMMAND: GET /session/71c44af9afc413c16551b89b0bbb4567/screenshot - {}
RESULT: {}
COMMAND: POST /session/71c44af9afc413c16551b89b0bbb4567/execute/async - {"script":"<script> [1562 bytes]","args":[{"selector":{"id":"application-manageyards-display-component---NewYard--addressEditDetailsCostObjectCstType-arrow"},"wdio_ui5_key":"applicationmanageyards-display-component---NewYard--addressEditDetailsCostObjectCstType-arrow"}]}
RESULT: {"script":"<script> [1562 bytes]","args":[{"selector":{"id":"application-manageyards-display-component---NewYard--addressEditDetailsCostObjectCstType-arrow"},"wdio_ui5_key":"applicationmanageyards-display-component---NewYard--addressEditDetailsCostObjectCstType-arrow"}]}
RESULT: undefined
COMMAND: POST /session/71c44af9afc413c16551b89b0bbb4567/element - {"using":"xpath","value":"//*[@id=\"application-manageyards-display-component---NewYard--addressEditDetailsCostObjectCstType-arrow\"]"}
RESULT: {"using":"xpath","value":"//*[@id=\"application-manageyards-display-component---NewYard--addressEditDetailsCostObjectCstType-arrow\"]"}
COMMAND: POST /session/71c44af9afc413c16551b89b0bbb4567/element/f.1C4738C400B4D4A52759E6EA90F1F38B.d.D78B713781CFEC3F1334A5B641D1C526.e.595/click - {}
RESULT: {}
COMMAND: POST /session/71c44af9afc413c16551b89b0bbb4567/element - {"using":"xpath","value":"//span[contains(text(), \"Cost Center\")]"}
COMMAND: GET /session/71c44af9afc413c16551b89b0bbb4567/screenshot - {}
RESULT: {"using":"xpath","value":"//span[contains(text(), \"Cost Center\")]"}
COMMAND: POST /session/71c44af9afc413c16551b89b0bbb4567/element/f.1C4738C400B4D4A52759E6EA90F1F38B.d.D78B713781CFEC3F1334A5B641D1C526.e.596/click - {}
RESULT: {}
RESULT: {}
COMMAND: GET /session/71c44af9afc413c16551b89b0bbb4567/screenshot - {}
RESULT: {}
COMMAND: POST /session/71c44af9afc413c16551b89b0bbb4567/execute/async - {"script":"<script> [1562 bytes]","args":[{"selector":{"id":"application-manageyards-display-component---NewYard--addressNewCostObjectCstID-vhi"},"wdio_ui5_key":"applicationmanageyards-display-component---NewYard--addressNewCostObjectCstID-vhi"}]}
RESULT: {"script":"<script> [1562 bytes]","args":[{"selector":{"id":"application-manageyards-display-component---NewYard--addressNewCostObjectCstID-vhi"},"wdio_ui5_key":"applicationmanageyards-display-component---NewYard--addressNewCostObjectCstID-vhi"}]}
RESULT: undefined
COMMAND: POST /session/71c44af9afc413c16551b89b0bbb4567/element - {"using":"xpath","value":"//*[@id=\"application-manageyards-display-component---NewYard--addressNewCostObjectCstID-vhi\"]"}
RESULT: {"using":"xpath","value":"//*[@id=\"application-manageyards-display-component---NewYard--addressNewCostObjectCstID-vhi\"]"}
COMMAND: POST /session/71c44af9afc413c16551b89b0bbb4567/element/f.1C4738C400B4D4A52759E6EA90F1F38B.d.D78B713781CFEC3F1334A5B641D1C526.e.600/click - {}
RESULT: {}
COMMAND: GET /session/71c44af9afc413c16551b89b0bbb4567/screenshot - {}
RESULT: {}
COMMAND: POST /session/71c44af9afc413c16551b89b0bbb4567/execute/async - {"script":"<script> [1562 bytes]","args":[{"selector":{"controlType":"sap.m.SearchField","properties":{"placeholder":"Search"},"searchOpenDialogs":true,"interaction":{"idSuffix":"I"}},"wdio_ui5_key":"sapm.SearchField{\"placeholder\":\"Search\"}"}]}
RESULT: {"script":"<script> [1562 bytes]","args":[{"selector":{"controlType":"sap.m.SearchField","properties":{"placeholder":"Search"},"searchOpenDialogs":true,"interaction":{"idSuffix":"I"}},"wdio_ui5_key":"sapm.SearchField{\"placeholder\":\"Search\"}"}]}
RESULT: undefined
COMMAND: POST /session/71c44af9afc413c16551b89b0bbb4567/execute/async - {"script":"<script> [776 bytes]","args":[{"enterText":"10001013","selector":{"controlType":"sap.m.SearchField","properties":{"placeholder":"Search"},"searchOpenDialogs":true,"interaction":{"idSuffix":"I"}},"clearTextFirst":true,"interactionType":"ENTER_TEXT"}]}
RESULT: {"script":"<script> [776 bytes]","args":[{"enterText":"10001013","selector":{"controlType":"sap.m.SearchField","properties":{"placeholder":"Search"},"searchOpenDialogs":true,"interaction":{"idSuffix":"I"}},"clearTextFirst":true,"interactionType":"ENTER_TEXT"}]}
COMMAND: POST /session/71c44af9afc413c16551b89b0bbb4567/actions - {"actions":[{"id":"action2","type":"key","parameters":{},"actions":[{"type":"keyDown","value":"î€‡"},{"type":"pause","duration":10},{"type":"keyUp","value":"î€‡"}]}]}
RESULT: {"actions":[{"id":"action2","type":"key","parameters":{},"actions":[{"type":"keyDown","value":"î€‡"},{"type":"pause","duration":10},{"type":"keyUp","value":"î€‡"}]}]}
COMMAND: GET /session/71c44af9afc413c16551b89b0bbb4567/screenshot - {}
RESULT: {}
COMMAND: POST /session/71c44af9afc413c16551b89b0bbb4567/element - {"using":"xpath","value":"//span[contains(text(), \"General Management\")]"}
RESULT: {"using":"xpath","value":"//span[contains(text(), \"General Management\")]"}
COMMAND: POST /session/71c44af9afc413c16551b89b0bbb4567/element/f.1C4738C400B4D4A52759E6EA90F1F38B.d.D78B713781CFEC3F1334A5B641D1C526.e.641/click - {}
RESULT: {}
COMMAND: GET /session/71c44af9afc413c16551b89b0bbb4567/screenshot - {}
RESULT: {}
COMMAND: POST /session/71c44af9afc413c16551b89b0bbb4567/element - {"using":"xpath","value":"//bdi[contains(text(), \"OK\")]"}
RESULT: {"using":"xpath","value":"//bdi[contains(text(), \"OK\")]"}
COMMAND: POST /session/71c44af9afc413c16551b89b0bbb4567/element/f.1C4738C400B4D4A52759E6EA90F1F38B.d.D78B713781CFEC3F1334A5B641D1C526.e.642/click - {}
RESULT: {}
COMMAND: GET /session/71c44af9afc413c16551b89b0bbb4567/screenshot - {}
RESULT: {}
COMMAND: POST /session/71c44af9afc413c16551b89b0bbb4567/execute/async - {"script":"<script> [1562 bytes]","args":[{"selector":{"controlType":"sap.m.Button","viewName":"etm.portal.ui.manageyards.view.New","viewId":"application-manageyards-display-component---NewYard","i18NText":{"propertyName":"text","key":"save"},"interaction":{"idSuffix":"inner"}},"wdio_ui5_key":"etmportal.ui.manageyards.view.Newsap.m.Button{\"propertyName\":\"text\",\"key\":\"save\"}"}]}
RESULT: {"script":"<script> [1562 bytes]","args":[{"selector":{"controlType":"sap.m.Button","viewName":"etm.portal.ui.manageyards.view.New","viewId":"application-manageyards-display-component---NewYard","i18NText":{"propertyName":"text","key":"save"},"interaction":{"idSuffix":"inner"}},"wdio_ui5_key":"etmportal.ui.manageyards.view.Newsap.m.Button{\"propertyName\":\"text\",\"key\":\"save\"}"}]}
RESULT: undefined
COMMAND: POST /session/71c44af9afc413c16551b89b0bbb4567/element - {"using":"xpath","value":"//*[@id=\"__button18\"]"}
RESULT: {"using":"xpath","value":"//*[@id=\"__button18\"]"}
COMMAND: POST /session/71c44af9afc413c16551b89b0bbb4567/element/f.1C4738C400B4D4A52759E6EA90F1F38B.d.D78B713781CFEC3F1334A5B641D1C526.e.550/click - {}
RESULT: {}
COMMAND: GET /session/71c44af9afc413c16551b89b0bbb4567/screenshot - {}
RESULT: {}
COMMAND: POST /session/71c44af9afc413c16551b89b0bbb4567/element - {"using":"xpath","value":"//header/div/div[2]/div[2]/span"}
RESULT: {"using":"xpath","value":"//header/div/div[2]/div[2]/span"}
COMMAND: GET /session/71c44af9afc413c16551b89b0bbb4567/element/f.1C4738C400B4D4A52759E6EA90F1F38B.d.D78B713781CFEC3F1334A5B641D1C526.e.840/text - {}
RESULT: {}
COMMAND: POST /session/71c44af9afc413c16551b89b0bbb4567/execute/async - {"script":"<script> [1562 bytes]","args":[{"selector":{"controlType":"sap.m.OverflowToolbarButton","viewName":"etm.portal.ui.manageyards.view.Detail","viewId":"application-manageyards-display-component---detailYard","i18NText":{"propertyName":"tooltip","key":"closeColumn"},"interaction":{"idSuffix":"inner"}},"wdio_ui5_key":"etmportal.ui.manageyards.view.Detailsap.m.OverflowToolbarButton{\"propertyName\":\"tooltip\",\"key\":\"closeColumn\"}"}]}
RESULT: {"script":"<script> [1562 bytes]","args":[{"selector":{"controlType":"sap.m.OverflowToolbarButton","viewName":"etm.portal.ui.manageyards.view.Detail","viewId":"application-manageyards-display-component---detailYard","i18NText":{"propertyName":"tooltip","key":"closeColumn"},"interaction":{"idSuffix":"inner"}},"wdio_ui5_key":"etmportal.ui.manageyards.view.Detailsap.m.OverflowToolbarButton{\"propertyName\":\"tooltip\",\"key\":\"closeColumn\"}"}]}
RESULT: undefined
COMMAND: POST /session/71c44af9afc413c16551b89b0bbb4567/element - {"using":"xpath","value":"//*[@id=\"__button40\"]"}
RESULT: {"using":"xpath","value":"//*[@id=\"__button40\"]"}
COMMAND: POST /session/71c44af9afc413c16551b89b0bbb4567/element/f.1C4738C400B4D4A52759E6EA90F1F38B.d.D78B713781CFEC3F1334A5B641D1C526.e.842/click - {}
RESULT: {}
COMMAND: GET /session/71c44af9afc413c16551b89b0bbb4567/screenshot - {}
RESULT: {}
COMMAND: POST /session/71c44af9afc413c16551b89b0bbb4567/element - {"using":"css selector","value":"#shell-header-logo"}
RESULT: {"using":"css selector","value":"#shell-header-logo"}
COMMAND: POST /session/71c44af9afc413c16551b89b0bbb4567/element/f.1C4738C400B4D4A52759E6EA90F1F38B.d.D78B713781CFEC3F1334A5B641D1C526.e.119/click - {}
RESULT: {}
COMMAND: GET /session/71c44af9afc413c16551b89b0bbb4567/screenshot - {}
RESULT: {}
COMMAND: POST /session/71c44af9afc413c16551b89b0bbb4567/refresh - {}
RESULT: {}
COMMAND: GET /session/71c44af9afc413c16551b89b0bbb4567/screenshot - {}
RESULT: {}
COMMAND: POST /session/71c44af9afc413c16551b89b0bbb4567/execute/async - {"script":"<script> [189 bytes]","args":[]}
RESULT: {"script":"<script> [189 bytes]","args":[]}
COMMAND: POST /session/71c44af9afc413c16551b89b0bbb4567/execute/async - {"script":"<script> [123 bytes]","args":[]}
RESULT: {"script":"<script> [123 bytes]","args":[]}
COMMAND: POST /session/71c44af9afc413c16551b89b0bbb4567/timeouts - {"script":"<number>"}
RESULT: {"script":"<number>"}
COMMAND: GET /session/71c44af9afc413c16551b89b0bbb4567/timeouts - {}
RESULT: {}
RESULT: undefined
COMMAND: POST /session/71c44af9afc413c16551b89b0bbb4567/execute/async - {"script":"<script> [2676 bytes]","args":[]}
RESULT: {"script":"<script> [2676 bytes]","args":[]}
COMMAND: POST /session/71c44af9afc413c16551b89b0bbb4567/execute/async - {"script":"<script> [2342 bytes]","args":[{"protocol":"http","hostname":"0.0.0.0","path":"/","capabilities":{"browserName":"chrome","goog:chromeOptions":{"binary":"C:\\Program Files\\Google\\Chrome\\Application\\chrome.exe","args":["--start-maximized"]}},"logLevel":"warn","connectionRetryTimeout":120000,"connectionRetryCount":3,"logLevels":{},"enableDirectConnect":true,"strictSSL":true,"_":"65 more keys: [\"cacheDir\",\"port\",\"requestedCapabilities\",\"automationProtocol\",\"baseUrl\",\"waitforInterval\",\"waitforTimeout\",\"onReload\",\"beforeCommand\",\"afterCommand\",\"rootDir\",\"specs\",\"suites\",\"exclude\",\"groupLogsByTestSpec\",\"excludeDriverLogs\",\"bail\",\"framework\",\"reporters\",\"services\",\"maxInstances\",\"maxInstancesPerCapability\",\"injectGlobals\",\"filesToWatch\",\"execArgv\",\"runnerEnv\",\"runner\",\"shard\",\"specFileRetries\",\"specFileRetriesDelay\",\"specFileRetriesDeferred\",\"reporterSyncInterval\",\"reporterSyncTimeout\",\"cucumberFeaturesWithLineNumbers\",\"autoCompileOpts\",\"mochaOpts\",\"jasmineOpts\",\"cucumberOpts\",\"onPrepare\",\"onWorkerStart\",\"onWorkerEnd\",\"before\",\"beforeSession\",\"beforeSuite\",\"beforeHook\",\"beforeTest\",\"afterTest\",\"afterHook\",\"afterSuite\",\"afterSession\",\"after\",\"onComplete\",\"beforeAssertion\",\"afterAssertion\",\"beforeFeature\",\"beforeScenario\",\"beforeStep\",\"afterStep\",\"afterScenario\",\"afterFeature\",\"_\",\"suite\",\"$0\",\"ignoredWorkerServices\",\"wdi5\"]"}]}
RESULT: {"script":"<script> [2342 bytes]","args":[{"protocol":"http","hostname":"0.0.0.0","path":"/","capabilities":{"browserName":"chrome","goog:chromeOptions":{"binary":"C:\\Program Files\\Google\\Chrome\\Application\\chrome.exe","args":["--start-maximized"]}},"logLevel":"warn","connectionRetryTimeout":120000,"connectionRetryCount":3,"logLevels":{},"enableDirectConnect":true,"strictSSL":true,"_":"65 more keys: [\"cacheDir\",\"port\",\"requestedCapabilities\",\"automationProtocol\",\"baseUrl\",\"waitforInterval\",\"waitforTimeout\",\"onReload\",\"beforeCommand\",\"afterCommand\",\"rootDir\",\"specs\",\"suites\",\"exclude\",\"groupLogsByTestSpec\",\"excludeDriverLogs\",\"bail\",\"framework\",\"reporters\",\"services\",\"maxInstances\",\"maxInstancesPerCapability\",\"injectGlobals\",\"filesToWatch\",\"execArgv\",\"runnerEnv\",\"runner\",\"shard\",\"specFileRetries\",\"specFileRetriesDelay\",\"specFileRetriesDeferred\",\"reporterSyncInterval\",\"reporterSyncTimeout\",\"cucumberFeaturesWithLineNumbers\",\"autoCompileOpts\",\"mochaOpts\",\"jasmineOpts\",\"cucumberOpts\",\"onPrepare\",\"onWorkerStart\",\"onWorkerEnd\",\"before\",\"beforeSession\",\"beforeSuite\",\"beforeHook\",\"beforeTest\",\"afterTest\",\"afterHook\",\"afterSuite\",\"afterSession\",\"after\",\"onComplete\",\"beforeAssertion\",\"afterAssertion\",\"beforeFeature\",\"beforeScenario\",\"beforeStep\",\"afterStep\",\"afterScenario\",\"afterFeature\",\"_\",\"suite\",\"$0\",\"ignoredWorkerServices\",\"wdi5\"]"}]}
COMMAND: POST /session/71c44af9afc413c16551b89b0bbb4567/execute/async - {"script":"<script> [21126 bytes]","args":[35000]}
RESULT: {"script":"<script> [21126 bytes]","args":[35000]}
COMMAND: POST /session/71c44af9afc413c16551b89b0bbb4567/execute/async - {"script":"<script> [1562 bytes]","args":[{"selector":{"controlType":"sap.m.GenericTile","properties":{"header":"Manage Partners"}},"wdio_ui5_key":"sapm.GenericTile{\"header\":\"Manage Partners\"}"}]}
RESULT: {"script":"<script> [1562 bytes]","args":[{"selector":{"controlType":"sap.m.GenericTile","properties":{"header":"Manage Partners"}},"wdio_ui5_key":"sapm.GenericTile{\"header\":\"Manage Partners\"}"}]}
RESULT: undefined
COMMAND: POST /session/71c44af9afc413c16551b89b0bbb4567/element - {"using":"xpath","value":"//*[@id=\"__tile38\"]"}
RESULT: {"using":"xpath","value":"//*[@id=\"__tile38\"]"}
COMMAND: POST /session/71c44af9afc413c16551b89b0bbb4567/element/f.1C4738C400B4D4A52759E6EA90F1F38B.d.B4E6CDAC79D9AC826EC204C23B2D0050.e.1186/click - {}
RESULT: {}
COMMAND: GET /session/71c44af9afc413c16551b89b0bbb4567/screenshot - {}
RESULT: {}
COMMAND: POST /session/71c44af9afc413c16551b89b0bbb4567/elements - {"using":"xpath","value":"//span[text()='Error']"}
RESULT: {"using":"xpath","value":"//span[text()='Error']"}
COMMAND: POST /session/71c44af9afc413c16551b89b0bbb4567/execute/async - {"script":"<script> [1562 bytes]","args":[{"selector":{"controlType":"sap.ui.core.Icon","viewName":"etm.portal.ui.managepartners.view.Master","viewId":"application-managepartners-display-component---masterPtm","properties":{"src":{"regex":{"source":"add"}}}},"wdio_ui5_key":"etmportal.ui.managepartners.view.Mastersap.ui.core.Icon{\"src\":{\"regex\":{\"source\":\"add\"}}}"}]}
RESULT: {"script":"<script> [1562 bytes]","args":[{"selector":{"controlType":"sap.ui.core.Icon","viewName":"etm.portal.ui.managepartners.view.Master","viewId":"application-managepartners-display-component---masterPtm","properties":{"src":{"regex":{"source":"add"}}}},"wdio_ui5_key":"etmportal.ui.managepartners.view.Mastersap.ui.core.Icon{\"src\":{\"regex\":{\"source\":\"add\"}}}"}]}
RESULT: undefined
COMMAND: POST /session/71c44af9afc413c16551b89b0bbb4567/element - {"using":"xpath","value":"//*[@id=\"__button4-img\"]"}
RESULT: {"using":"xpath","value":"//*[@id=\"__button4-img\"]"}
COMMAND: POST /session/71c44af9afc413c16551b89b0bbb4567/element/f.1C4738C400B4D4A52759E6EA90F1F38B.d.B4E6CDAC79D9AC826EC204C23B2D0050.e.1245/click - {}
RESULT: {}
COMMAND: GET /session/71c44af9afc413c16551b89b0bbb4567/screenshot - {}
RESULT: {}
COMMAND: POST /session/71c44af9afc413c16551b89b0bbb4567/execute/async - {"script":"<script> [1562 bytes]","args":[{"selector":{"id":"application-managepartners-display-component---NewPartner--partnerId","interaction":{"idSuffix":"inner"}},"wdio_ui5_key":"applicationmanagepartners-display-component---NewPartner--partnerId"}]}
RESULT: {"script":"<script> [1562 bytes]","args":[{"selector":{"id":"application-managepartners-display-component---NewPartner--partnerId","interaction":{"idSuffix":"inner"}},"wdio_ui5_key":"applicationmanagepartners-display-component---NewPartner--partnerId"}]}
RESULT: undefined
COMMAND: POST /session/71c44af9afc413c16551b89b0bbb4567/execute/async - {"script":"<script> [1562 bytes]","args":[{"selector":{"id":"application-managepartners-display-component---NewPartner--addressDetailDetailsName1","interaction":{"idSuffix":"inner"}},"wdio_ui5_key":"applicationmanagepartners-display-component---NewPartner--addressDetailDetailsName1"}]}
RESULT: {"script":"<script> [1562 bytes]","args":[{"selector":{"id":"application-managepartners-display-component---NewPartner--addressDetailDetailsName1","interaction":{"idSuffix":"inner"}},"wdio_ui5_key":"applicationmanagepartners-display-component---NewPartner--addressDetailDetailsName1"}]}
RESULT: undefined
COMMAND: POST /session/71c44af9afc413c16551b89b0bbb4567/execute/async - {"script":"<script> [776 bytes]","args":[{"enterText":"WebdriverPartner74wuzl","selector":{"id":"application-managepartners-display-component---NewPartner--addressDetailDetailsName1","interaction":{"idSuffix":"inner"}},"clearTextFirst":true,"interactionType":"ENTER_TEXT"}]}
RESULT: {"script":"<script> [776 bytes]","args":[{"enterText":"WebdriverPartner74wuzl","selector":{"id":"application-managepartners-display-component---NewPartner--addressDetailDetailsName1","interaction":{"idSuffix":"inner"}},"clearTextFirst":true,"interactionType":"ENTER_TEXT"}]}
COMMAND: POST /session/71c44af9afc413c16551b89b0bbb4567/execute/async - {"script":"<script> [1562 bytes]","args":[{"selector":{"id":"application-managepartners-display-component---NewPartner--addressDetailDetailsLanguage","interaction":{"idSuffix":"inner"}},"wdio_ui5_key":"applicationmanagepartners-display-component---NewPartner--addressDetailDetailsLanguage"}]}
RESULT: {"script":"<script> [1562 bytes]","args":[{"selector":{"id":"application-managepartners-display-component---NewPartner--addressDetailDetailsLanguage","interaction":{"idSuffix":"inner"}},"wdio_ui5_key":"applicationmanagepartners-display-component---NewPartner--addressDetailDetailsLanguage"}]}
RESULT: undefined
COMMAND: POST /session/71c44af9afc413c16551b89b0bbb4567/execute/async - {"script":"<script> [776 bytes]","args":[{"enterText":"Romanian","selector":{"id":"application-managepartners-display-component---NewPartner--addressDetailDetailsLanguage","interaction":{"idSuffix":"inner"}},"clearTextFirst":true,"interactionType":"ENTER_TEXT"}]}
RESULT: {"script":"<script> [776 bytes]","args":[{"enterText":"Romanian","selector":{"id":"application-managepartners-display-component---NewPartner--addressDetailDetailsLanguage","interaction":{"idSuffix":"inner"}},"clearTextFirst":true,"interactionType":"ENTER_TEXT"}]}
COMMAND: POST /session/71c44af9afc413c16551b89b0bbb4567/element - {"using":"xpath","value":"//input[contains(@id ,\"application-managepartners-display-component---NewPartner--addressDetailDetailsName1-inner\")]"}
RESULT: {"using":"xpath","value":"//input[contains(@id ,\"application-managepartners-display-component---NewPartner--addressDetailDetailsName1-inner\")]"}
COMMAND: GET /session/71c44af9afc413c16551b89b0bbb4567/element/f.1C4738C400B4D4A52759E6EA90F1F38B.d.B4E6CDAC79D9AC826EC204C23B2D0050.e.1431/property/value - {}
RESULT: {}
COMMAND: POST /session/71c44af9afc413c16551b89b0bbb4567/execute/async - {"script":"<script> [1562 bytes]","args":[{"selector":{"id":"application-managepartners-display-component---NewPartner--addressDetailDetailsCity1","interaction":{"idSuffix":"inner"}},"wdio_ui5_key":"applicationmanagepartners-display-component---NewPartner--addressDetailDetailsCity1"}]}
COMMAND: GET /session/71c44af9afc413c16551b89b0bbb4567/screenshot - {}
RESULT: {"script":"<script> [1562 bytes]","args":[{"selector":{"id":"application-managepartners-display-component---NewPartner--addressDetailDetailsCity1","interaction":{"idSuffix":"inner"}},"wdio_ui5_key":"applicationmanagepartners-display-component---NewPartner--addressDetailDetailsCity1"}]}
RESULT: undefined
COMMAND: POST /session/71c44af9afc413c16551b89b0bbb4567/execute/async - {"script":"<script> [776 bytes]","args":[{"enterText":"Bucharest","selector":{"id":"application-managepartners-display-component---NewPartner--addressDetailDetailsCity1","interaction":{"idSuffix":"inner"}},"clearTextFirst":true,"interactionType":"ENTER_TEXT"}]}
RESULT: {}
RESULT: {"script":"<script> [776 bytes]","args":[{"enterText":"Bucharest","selector":{"id":"application-managepartners-display-component---NewPartner--addressDetailDetailsCity1","interaction":{"idSuffix":"inner"}},"clearTextFirst":true,"interactionType":"ENTER_TEXT"}]}
COMMAND: POST /session/71c44af9afc413c16551b89b0bbb4567/execute/async - {"script":"<script> [1562 bytes]","args":[{"selector":{"id":"application-managepartners-display-component---NewPartner--addressDetailDetailsCountry","interaction":{"idSuffix":"inner"}},"wdio_ui5_key":"applicationmanagepartners-display-component---NewPartner--addressDetailDetailsCountry"}]}
RESULT: {"script":"<script> [1562 bytes]","args":[{"selector":{"id":"application-managepartners-display-component---NewPartner--addressDetailDetailsCountry","interaction":{"idSuffix":"inner"}},"wdio_ui5_key":"applicationmanagepartners-display-component---NewPartner--addressDetailDetailsCountry"}]}
RESULT: undefined
COMMAND: POST /session/71c44af9afc413c16551b89b0bbb4567/execute/async - {"script":"<script> [6424 bytes]","args":[{"element-6066-11e4-a52e-4f735466cecf":"f.1C4738C400B4D4A52759E6EA90F1F38B.d.B4E6CDAC79D9AC826EC204C23B2D0050.e.1438"},"setValue",["Romania"]]}
RESULT: {"script":"<script> [6424 bytes]","args":[{"element-6066-11e4-a52e-4f735466cecf":"f.1C4738C400B4D4A52759E6EA90F1F38B.d.B4E6CDAC79D9AC826EC204C23B2D0050.e.1438"},"setValue",["Romania"]]}
COMMAND: POST /session/71c44af9afc413c16551b89b0bbb4567/execute/async - {"script":"<script> [1562 bytes]","args":[{"selector":{"id":"application-managepartners-display-component---NewPartner--partnerDetailInternal","interaction":{"idSuffix":"inner"}},"wdio_ui5_key":"applicationmanagepartners-display-component---NewPartner--partnerDetailInternal"}]}
RESULT: {"script":"<script> [1562 bytes]","args":[{"selector":{"id":"application-managepartners-display-component---NewPartner--partnerDetailInternal","interaction":{"idSuffix":"inner"}},"wdio_ui5_key":"applicationmanagepartners-display-component---NewPartner--partnerDetailInternal"}]}
RESULT: undefined
COMMAND: POST /session/71c44af9afc413c16551b89b0bbb4567/execute/async - {"script":"<script> [776 bytes]","args":[{"enterText":"External partner","selector":{"id":"application-managepartners-display-component---NewPartner--partnerDetailInternal","interaction":{"idSuffix":"inner"}},"clearTextFirst":true,"interactionType":"ENTER_TEXT"}]}
RESULT: {"script":"<script> [776 bytes]","args":[{"enterText":"External partner","selector":{"id":"application-managepartners-display-component---NewPartner--partnerDetailInternal","interaction":{"idSuffix":"inner"}},"clearTextFirst":true,"interactionType":"ENTER_TEXT"}]}
COMMAND: POST /session/71c44af9afc413c16551b89b0bbb4567/execute/async - {"script":"<script> [1562 bytes]","args":[{"selector":{"id":"application-managepartners-display-component---NewPartner--partnerDetailsCurrency","interaction":{"idSuffix":"inner"}},"wdio_ui5_key":"applicationmanagepartners-display-component---NewPartner--partnerDetailsCurrency"}]}
RESULT: {"script":"<script> [1562 bytes]","args":[{"selector":{"id":"application-managepartners-display-component---NewPartner--partnerDetailsCurrency","interaction":{"idSuffix":"inner"}},"wdio_ui5_key":"applicationmanagepartners-display-component---NewPartner--partnerDetailsCurrency"}]}
RESULT: undefined
COMMAND: POST /session/71c44af9afc413c16551b89b0bbb4567/execute/async - {"script":"<script> [776 bytes]","args":[{"enterText":"Euro","selector":{"id":"application-managepartners-display-component---NewPartner--partnerDetailsCurrency","interaction":{"idSuffix":"inner"}},"clearTextFirst":true,"interactionType":"ENTER_TEXT"}]}
RESULT: {"script":"<script> [776 bytes]","args":[{"enterText":"Euro","selector":{"id":"application-managepartners-display-component---NewPartner--partnerDetailsCurrency","interaction":{"idSuffix":"inner"}},"clearTextFirst":true,"interactionType":"ENTER_TEXT"}]}
COMMAND: POST /session/71c44af9afc413c16551b89b0bbb4567/execute/async - {"script":"<script> [1562 bytes]","args":[{"selector":{"controlType":"sap.m.Button","viewName":"etm.portal.ui.managepartners.view.NewPartner","viewId":"application-managepartners-display-component---NewPartner","properties":{"text":"Commercial"},"interaction":{"idSuffix":"BDI-content"}},"wdio_ui5_key":"etmportal.ui.managepartners.view.NewPartnersap.m.Button{\"text\":\"Commercial\"}"}]}
RESULT: {"script":"<script> [1562 bytes]","args":[{"selector":{"controlType":"sap.m.Button","viewName":"etm.portal.ui.managepartners.view.NewPartner","viewId":"application-managepartners-display-component---NewPartner","properties":{"text":"Commercial"},"interaction":{"idSuffix":"BDI-content"}},"wdio_ui5_key":"etmportal.ui.managepartners.view.NewPartnersap.m.Button{\"text\":\"Commercial\"}"}]}
RESULT: undefined
COMMAND: POST /session/71c44af9afc413c16551b89b0bbb4567/element - {"using":"xpath","value":"//*[@id=\"application-managepartners-display-component---NewPartner--ObjectPageLayout-anchBar-__section5-anchor\"]"}
RESULT: {"using":"xpath","value":"//*[@id=\"application-managepartners-display-component---NewPartner--ObjectPageLayout-anchBar-__section5-anchor\"]"}
COMMAND: POST /session/71c44af9afc413c16551b89b0bbb4567/element/f.1C4738C400B4D4A52759E6EA90F1F38B.d.B4E6CDAC79D9AC826EC204C23B2D0050.e.1675/click - {}
RESULT: {}
COMMAND: GET /session/71c44af9afc413c16551b89b0bbb4567/screenshot - {}
RESULT: {}
COMMAND: POST /session/71c44af9afc413c16551b89b0bbb4567/execute/async - {"script":"<script> [1562 bytes]","args":[{"selector":{"id":"application-managepartners-display-component---NewPartner--btnAddTableRow-img"},"wdio_ui5_key":"applicationmanagepartners-display-component---NewPartner--btnAddTableRow-img"}]}
RESULT: {"script":"<script> [1562 bytes]","args":[{"selector":{"id":"application-managepartners-display-component---NewPartner--btnAddTableRow-img"},"wdio_ui5_key":"applicationmanagepartners-display-component---NewPartner--btnAddTableRow-img"}]}
RESULT: undefined
COMMAND: POST /session/71c44af9afc413c16551b89b0bbb4567/element - {"using":"xpath","value":"//*[@id=\"application-managepartners-display-component---NewPartner--btnAddTableRow-img\"]"}
RESULT: {"using":"xpath","value":"//*[@id=\"application-managepartners-display-component---NewPartner--btnAddTableRow-img\"]"}
COMMAND: POST /session/71c44af9afc413c16551b89b0bbb4567/element/f.1C4738C400B4D4A52759E6EA90F1F38B.d.B4E6CDAC79D9AC826EC204C23B2D0050.e.1681/click - {}
RESULT: {}
COMMAND: POST /session/71c44af9afc413c16551b89b0bbb4567/element - {"using":"xpath","value":"//input[contains(@id ,\"application-managepartners-display-component---NewPartner--assignmentYard-application-managepartners-display-component---NewPartner\")]"}
COMMAND: GET /session/71c44af9afc413c16551b89b0bbb4567/screenshot - {}
RESULT: {"using":"xpath","value":"//input[contains(@id ,\"application-managepartners-display-component---NewPartner--assignmentYard-application-managepartners-display-component---NewPartner\")]"}
COMMAND: POST /session/71c44af9afc413c16551b89b0bbb4567/element/f.1C4738C400B4D4A52759E6EA90F1F38B.d.B4E6CDAC79D9AC826EC204C23B2D0050.e.1684/clear - {}
RESULT: {}
RESULT: {}
COMMAND: POST /session/71c44af9afc413c16551b89b0bbb4567/element/f.1C4738C400B4D4A52759E6EA90F1F38B.d.B4E6CDAC79D9AC826EC204C23B2D0050.e.1684/value - {"text":"WebdriverYardkr3yj"}
COMMAND: GET /session/71c44af9afc413c16551b89b0bbb4567/screenshot - {}
RESULT: {"text":"WebdriverYardkr3yj"}
COMMAND: GET /session/71c44af9afc413c16551b89b0bbb4567/screenshot - {}
RESULT: {}
RESULT: {}
COMMAND: POST /session/71c44af9afc413c16551b89b0bbb4567/execute/async - {"script":"<script> [1562 bytes]","args":[{"selector":{"controlType":"sap.m.Button","viewName":"etm.portal.ui.managepartners.view.NewPartner","viewId":"application-managepartners-display-component---NewPartner","i18NText":{"propertyName":"text","key":"save"},"interaction":{"idSuffix":"BDI-content"}},"wdio_ui5_key":"etmportal.ui.managepartners.view.NewPartnersap.m.Button{\"propertyName\":\"text\",\"key\":\"save\"}"}]}
RESULT: {"script":"<script> [1562 bytes]","args":[{"selector":{"controlType":"sap.m.Button","viewName":"etm.portal.ui.managepartners.view.NewPartner","viewId":"application-managepartners-display-component---NewPartner","i18NText":{"propertyName":"text","key":"save"},"interaction":{"idSuffix":"BDI-content"}},"wdio_ui5_key":"etmportal.ui.managepartners.view.NewPartnersap.m.Button{\"propertyName\":\"text\",\"key\":\"save\"}"}]}
RESULT: undefined
COMMAND: POST /session/71c44af9afc413c16551b89b0bbb4567/element - {"using":"xpath","value":"//*[@id=\"__button12\"]"}
RESULT: {"using":"xpath","value":"//*[@id=\"__button12\"]"}
COMMAND: POST /session/71c44af9afc413c16551b89b0bbb4567/element/f.1C4738C400B4D4A52759E6EA90F1F38B.d.B4E6CDAC79D9AC826EC204C23B2D0050.e.1595/click - {}
RESULT: {}
COMMAND: GET /session/71c44af9afc413c16551b89b0bbb4567/screenshot - {}
RESULT: {}
COMMAND: POST /session/71c44af9afc413c16551b89b0bbb4567/element - {"using":"xpath","value":"//header/div/div[2]/div[2]/span"}
RESULT: {"using":"xpath","value":"//header/div/div[2]/div[2]/span"}
COMMAND: GET /session/71c44af9afc413c16551b89b0bbb4567/element/f.1C4738C400B4D4A52759E6EA90F1F38B.d.B4E6CDAC79D9AC826EC204C23B2D0050.e.1854/text - {}
RESULT: {}
COMMAND: POST /session/71c44af9afc413c16551b89b0bbb4567/element - {"using":"xpath","value":"//header/div/div/div/div/div/div[2]/div/span"}
RESULT: {"using":"xpath","value":"//header/div/div/div/div/div/div[2]/div/span"}
COMMAND: GET /session/71c44af9afc413c16551b89b0bbb4567/element/f.1C4738C400B4D4A52759E6EA90F1F38B.d.B4E6CDAC79D9AC826EC204C23B2D0050.e.1855/text - {}
RESULT: {}
COMMAND: POST /session/71c44af9afc413c16551b89b0bbb4567/execute/async - {"script":"<script> [1562 bytes]","args":[{"selector":{"id":"application-managepartners-display-component---detailPtm--partnerType"},"wdio_ui5_key":"applicationmanagepartners-display-component---detailPtm--partnerType"}]}
RESULT: {"script":"<script> [1562 bytes]","args":[{"selector":{"id":"application-managepartners-display-component---detailPtm--partnerType"},"wdio_ui5_key":"applicationmanagepartners-display-component---detailPtm--partnerType"}]}
RESULT: undefined
COMMAND: POST /session/71c44af9afc413c16551b89b0bbb4567/execute/async - {"script":"<script> [6424 bytes]","args":[{"element-6066-11e4-a52e-4f735466cecf":"f.1C4738C400B4D4A52759E6EA90F1F38B.d.B4E6CDAC79D9AC826EC204C23B2D0050.e.1856"},"getText",[]]}
RESULT: {"script":"<script> [6424 bytes]","args":[{"element-6066-11e4-a52e-4f735466cecf":"f.1C4738C400B4D4A52759E6EA90F1F38B.d.B4E6CDAC79D9AC826EC204C23B2D0050.e.1856"},"getText",[]]}
COMMAND: POST /session/71c44af9afc413c16551b89b0bbb4567/element - {"using":"css selector","value":"#shell-header-logo"}
RESULT: {"using":"css selector","value":"#shell-header-logo"}
COMMAND: POST /session/71c44af9afc413c16551b89b0bbb4567/element/f.1C4738C400B4D4A52759E6EA90F1F38B.d.B4E6CDAC79D9AC826EC204C23B2D0050.e.1196/click - {}
RESULT: {}
COMMAND: GET /session/71c44af9afc413c16551b89b0bbb4567/screenshot - {}
RESULT: {}
COMMAND: POST /session/71c44af9afc413c16551b89b0bbb4567/execute/async - {"script":"<script> [1562 bytes]","args":[{"selector":{"controlType":"sap.m.GenericTile","properties":{"header":"Manage Sites"}},"wdio_ui5_key":"sapm.GenericTile{\"header\":\"Manage Sites\"}"}]}
RESULT: {"script":"<script> [1562 bytes]","args":[{"selector":{"controlType":"sap.m.GenericTile","properties":{"header":"Manage Sites"}},"wdio_ui5_key":"sapm.GenericTile{\"header\":\"Manage Sites\"}"}]}
RESULT: undefined
COMMAND: POST /session/71c44af9afc413c16551b89b0bbb4567/element - {"using":"xpath","value":"//*[@id=\"__tile40\"]"}
RESULT: {"using":"xpath","value":"//*[@id=\"__tile40\"]"}
COMMAND: POST /session/71c44af9afc413c16551b89b0bbb4567/element/f.1C4738C400B4D4A52759E6EA90F1F38B.d.B4E6CDAC79D9AC826EC204C23B2D0050.e.1858/click - {}
RESULT: {}
COMMAND: GET /session/71c44af9afc413c16551b89b0bbb4567/screenshot - {}
RESULT: {}
COMMAND: POST /session/71c44af9afc413c16551b89b0bbb4567/elements - {"using":"xpath","value":"//span[text()='Error']"}
RESULT: {"using":"xpath","value":"//span[text()='Error']"}
COMMAND: POST /session/71c44af9afc413c16551b89b0bbb4567/execute/async - {"script":"<script> [1562 bytes]","args":[{"selector":{"controlType":"sap.ui.core.Icon","viewName":"etm.portal.ui.managesites.view.Master","viewId":"application-managesites-display-component---masterSite","properties":{"src":{"regex":{"source":"add"}}}},"wdio_ui5_key":"etmportal.ui.managesites.view.Mastersap.ui.core.Icon{\"src\":{\"regex\":{\"source\":\"add\"}}}"}]}
RESULT: {"script":"<script> [1562 bytes]","args":[{"selector":{"controlType":"sap.ui.core.Icon","viewName":"etm.portal.ui.managesites.view.Master","viewId":"application-managesites-display-component---masterSite","properties":{"src":{"regex":{"source":"add"}}}},"wdio_ui5_key":"etmportal.ui.managesites.view.Mastersap.ui.core.Icon{\"src\":{\"regex\":{\"source\":\"add\"}}}"}]}
RESULT: undefined
COMMAND: POST /session/71c44af9afc413c16551b89b0bbb4567/element - {"using":"xpath","value":"//*[@id=\"__button48-img\"]"}
RESULT: {"using":"xpath","value":"//*[@id=\"__button48-img\"]"}
COMMAND: POST /session/71c44af9afc413c16551b89b0bbb4567/element/f.1C4738C400B4D4A52759E6EA90F1F38B.d.B4E6CDAC79D9AC826EC204C23B2D0050.e.1908/click - {}
RESULT: {}
COMMAND: POST /session/71c44af9afc413c16551b89b0bbb4567/execute/async - {"script":"<script> [1562 bytes]","args":[{"selector":{"id":"application-managesites-display-component---NewSite--siteId","interaction":{"idSuffix":"inner"}},"wdio_ui5_key":"applicationmanagesites-display-component---NewSite--siteId"}]}
COMMAND: GET /session/71c44af9afc413c16551b89b0bbb4567/screenshot - {}
RESULT: {"script":"<script> [1562 bytes]","args":[{"selector":{"id":"application-managesites-display-component---NewSite--siteId","interaction":{"idSuffix":"inner"}},"wdio_ui5_key":"applicationmanagesites-display-component---NewSite--siteId"}]}
RESULT: undefined
COMMAND: POST /session/71c44af9afc413c16551b89b0bbb4567/execute/async - {"script":"<script> [1562 bytes]","args":[{"selector":{"id":"application-managesites-display-component---NewSite--addressDetailDetailsName1","interaction":{"idSuffix":"inner"}},"wdio_ui5_key":"applicationmanagesites-display-component---NewSite--addressDetailDetailsName1"}]}
RESULT: {}
RESULT: {"script":"<script> [1562 bytes]","args":[{"selector":{"id":"application-managesites-display-component---NewSite--addressDetailDetailsName1","interaction":{"idSuffix":"inner"}},"wdio_ui5_key":"applicationmanagesites-display-component---NewSite--addressDetailDetailsName1"}]}
RESULT: undefined
COMMAND: POST /session/71c44af9afc413c16551b89b0bbb4567/execute/async - {"script":"<script> [776 bytes]","args":[{"enterText":"WebdriverSiteh18hm","selector":{"id":"application-managesites-display-component---NewSite--addressDetailDetailsName1","interaction":{"idSuffix":"inner"}},"clearTextFirst":true,"interactionType":"ENTER_TEXT"}]}
RESULT: {"script":"<script> [776 bytes]","args":[{"enterText":"WebdriverSiteh18hm","selector":{"id":"application-managesites-display-component---NewSite--addressDetailDetailsName1","interaction":{"idSuffix":"inner"}},"clearTextFirst":true,"interactionType":"ENTER_TEXT"}]}
COMMAND: POST /session/71c44af9afc413c16551b89b0bbb4567/execute/async - {"script":"<script> [1562 bytes]","args":[{"selector":{"id":"application-managesites-display-component---NewSite--addressDetailDetailsLanguage","interaction":{"idSuffix":"inner"}},"wdio_ui5_key":"applicationmanagesites-display-component---NewSite--addressDetailDetailsLanguage"}]}
RESULT: {"script":"<script> [1562 bytes]","args":[{"selector":{"id":"application-managesites-display-component---NewSite--addressDetailDetailsLanguage","interaction":{"idSuffix":"inner"}},"wdio_ui5_key":"applicationmanagesites-display-component---NewSite--addressDetailDetailsLanguage"}]}
RESULT: undefined
COMMAND: POST /session/71c44af9afc413c16551b89b0bbb4567/execute/async - {"script":"<script> [776 bytes]","args":[{"enterText":"Romanian","selector":{"id":"application-managesites-display-component---NewSite--addressDetailDetailsLanguage","interaction":{"idSuffix":"inner"}},"clearTextFirst":true,"interactionType":"ENTER_TEXT"}]}
RESULT: {"script":"<script> [776 bytes]","args":[{"enterText":"Romanian","selector":{"id":"application-managesites-display-component---NewSite--addressDetailDetailsLanguage","interaction":{"idSuffix":"inner"}},"clearTextFirst":true,"interactionType":"ENTER_TEXT"}]}
COMMAND: POST /session/71c44af9afc413c16551b89b0bbb4567/execute/async - {"script":"<script> [1562 bytes]","args":[{"selector":{"id":"application-managesites-display-component---NewSite--addressDetailDetailsCity1","interaction":{"idSuffix":"inner"}},"wdio_ui5_key":"applicationmanagesites-display-component---NewSite--addressDetailDetailsCity1"}]}
RESULT: {"script":"<script> [1562 bytes]","args":[{"selector":{"id":"application-managesites-display-component---NewSite--addressDetailDetailsCity1","interaction":{"idSuffix":"inner"}},"wdio_ui5_key":"applicationmanagesites-display-component---NewSite--addressDetailDetailsCity1"}]}
RESULT: undefined
COMMAND: POST /session/71c44af9afc413c16551b89b0bbb4567/execute/async - {"script":"<script> [776 bytes]","args":[{"enterText":"Bucharest","selector":{"id":"application-managesites-display-component---NewSite--addressDetailDetailsCity1","interaction":{"idSuffix":"inner"}},"clearTextFirst":true,"interactionType":"ENTER_TEXT"}]}
RESULT: {"script":"<script> [776 bytes]","args":[{"enterText":"Bucharest","selector":{"id":"application-managesites-display-component---NewSite--addressDetailDetailsCity1","interaction":{"idSuffix":"inner"}},"clearTextFirst":true,"interactionType":"ENTER_TEXT"}]}
COMMAND: POST /session/71c44af9afc413c16551b89b0bbb4567/execute/async - {"script":"<script> [1562 bytes]","args":[{"selector":{"id":"application-managesites-display-component---NewSite--addressDetailDetailsCountry","interaction":{"idSuffix":"inner"}},"wdio_ui5_key":"applicationmanagesites-display-component---NewSite--addressDetailDetailsCountry"}]}
RESULT: {"script":"<script> [1562 bytes]","args":[{"selector":{"id":"application-managesites-display-component---NewSite--addressDetailDetailsCountry","interaction":{"idSuffix":"inner"}},"wdio_ui5_key":"applicationmanagesites-display-component---NewSite--addressDetailDetailsCountry"}]}
RESULT: undefined
COMMAND: POST /session/71c44af9afc413c16551b89b0bbb4567/execute/async - {"script":"<script> [776 bytes]","args":[{"enterText":"Romania","selector":{"id":"application-managesites-display-component---NewSite--addressDetailDetailsCountry","interaction":{"idSuffix":"inner"}},"clearTextFirst":true,"interactionType":"ENTER_TEXT"}]}
RESULT: {"script":"<script> [776 bytes]","args":[{"enterText":"Romania","selector":{"id":"application-managesites-display-component---NewSite--addressDetailDetailsCountry","interaction":{"idSuffix":"inner"}},"clearTextFirst":true,"interactionType":"ENTER_TEXT"}]}
COMMAND: POST /session/71c44af9afc413c16551b89b0bbb4567/element - {"using":"css selector","value":"#application-managesites-display-component---NewSite--addressDetailDetailsCalendar-inner"}
RESULT: {"using":"css selector","value":"#application-managesites-display-component---NewSite--addressDetailDetailsCalendar-inner"}
COMMAND: POST /session/71c44af9afc413c16551b89b0bbb4567/element/f.1C4738C400B4D4A52759E6EA90F1F38B.d.B4E6CDAC79D9AC826EC204C23B2D0050.e.2294/clear - {}
RESULT: {}
COMMAND: POST /session/71c44af9afc413c16551b89b0bbb4567/element/f.1C4738C400B4D4A52759E6EA90F1F38B.d.B4E6CDAC79D9AC826EC204C23B2D0050.e.2294/value - {"text":"Germany"}
COMMAND: GET /session/71c44af9afc413c16551b89b0bbb4567/screenshot - {}
RESULT: {"text":"Germany"}
COMMAND: POST /session/71c44af9afc413c16551b89b0bbb4567/execute/async - {"script":"<script> [1562 bytes]","args":[{"selector":{"id":"application-managesites-display-component---NewSite--addressEditDetailsCostObjectCstType-arrow"},"wdio_ui5_key":"applicationmanagesites-display-component---NewSite--addressEditDetailsCostObjectCstType-arrow"}]}
COMMAND: GET /session/71c44af9afc413c16551b89b0bbb4567/screenshot - {}
RESULT: {}
RESULT: {"script":"<script> [1562 bytes]","args":[{"selector":{"id":"application-managesites-display-component---NewSite--addressEditDetailsCostObjectCstType-arrow"},"wdio_ui5_key":"applicationmanagesites-display-component---NewSite--addressEditDetailsCostObjectCstType-arrow"}]}
RESULT: undefined
COMMAND: POST /session/71c44af9afc413c16551b89b0bbb4567/element - {"using":"xpath","value":"//*[@id=\"application-managesites-display-component---NewSite--addressEditDetailsCostObjectCstType-arrow\"]"}
RESULT: {}
RESULT: {"using":"xpath","value":"//*[@id=\"application-managesites-display-component---NewSite--addressEditDetailsCostObjectCstType-arrow\"]"}
COMMAND: POST /session/71c44af9afc413c16551b89b0bbb4567/element/f.1C4738C400B4D4A52759E6EA90F1F38B.d.B4E6CDAC79D9AC826EC204C23B2D0050.e.2489/click - {}
RESULT: {}
COMMAND: POST /session/71c44af9afc413c16551b89b0bbb4567/element - {"using":"xpath","value":"//span[contains(text(), \"Work Breakdown Structure\")]"}
COMMAND: GET /session/71c44af9afc413c16551b89b0bbb4567/screenshot - {}
RESULT: {"using":"xpath","value":"//span[contains(text(), \"Work Breakdown Structure\")]"}
COMMAND: POST /session/71c44af9afc413c16551b89b0bbb4567/element/f.1C4738C400B4D4A52759E6EA90F1F38B.d.B4E6CDAC79D9AC826EC204C23B2D0050.e.2490/click - {}
RESULT: {}
RESULT: {}
COMMAND: GET /session/71c44af9afc413c16551b89b0bbb4567/screenshot - {}
RESULT: {}
COMMAND: POST /session/71c44af9afc413c16551b89b0bbb4567/execute/async - {"script":"<script> [1562 bytes]","args":[{"selector":{"id":"application-managesites-display-component---NewSite--addressNewCostObjectCstID-vhi"},"wdio_ui5_key":"applicationmanagesites-display-component---NewSite--addressNewCostObjectCstID-vhi"}]}
RESULT: {"script":"<script> [1562 bytes]","args":[{"selector":{"id":"application-managesites-display-component---NewSite--addressNewCostObjectCstID-vhi"},"wdio_ui5_key":"applicationmanagesites-display-component---NewSite--addressNewCostObjectCstID-vhi"}]}
RESULT: undefined
COMMAND: POST /session/71c44af9afc413c16551b89b0bbb4567/element - {"using":"xpath","value":"//*[@id=\"application-managesites-display-component---NewSite--addressNewCostObjectCstID-vhi\"]"}
RESULT: {"using":"xpath","value":"//*[@id=\"application-managesites-display-component---NewSite--addressNewCostObjectCstID-vhi\"]"}
COMMAND: POST /session/71c44af9afc413c16551b89b0bbb4567/element/f.1C4738C400B4D4A52759E6EA90F1F38B.d.B4E6CDAC79D9AC826EC204C23B2D0050.e.2495/click - {}
RESULT: {}
COMMAND: GET /session/71c44af9afc413c16551b89b0bbb4567/screenshot - {}
RESULT: {}
COMMAND: POST /session/71c44af9afc413c16551b89b0bbb4567/execute/async - {"script":"<script> [1562 bytes]","args":[{"selector":{"controlType":"sap.m.SearchField","properties":{"placeholder":"Search"},"searchOpenDialogs":true,"interaction":{"idSuffix":"I"}},"wdio_ui5_key":"sapm.SearchField{\"placeholder\":\"Search\"}"}]}
RESULT: {"script":"<script> [1562 bytes]","args":[{"selector":{"controlType":"sap.m.SearchField","properties":{"placeholder":"Search"},"searchOpenDialogs":true,"interaction":{"idSuffix":"I"}},"wdio_ui5_key":"sapm.SearchField{\"placeholder\":\"Search\"}"}]}
RESULT: undefined
COMMAND: POST /session/71c44af9afc413c16551b89b0bbb4567/execute/async - {"script":"<script> [776 bytes]","args":[{"enterText":"A1-000100-01","selector":{"controlType":"sap.m.SearchField","properties":{"placeholder":"Search"},"searchOpenDialogs":true,"interaction":{"idSuffix":"I"}},"clearTextFirst":true,"interactionType":"ENTER_TEXT"}]}
RESULT: {"script":"<script> [776 bytes]","args":[{"enterText":"A1-000100-01","selector":{"controlType":"sap.m.SearchField","properties":{"placeholder":"Search"},"searchOpenDialogs":true,"interaction":{"idSuffix":"I"}},"clearTextFirst":true,"interactionType":"ENTER_TEXT"}]}
COMMAND: POST /session/71c44af9afc413c16551b89b0bbb4567/actions - {"actions":[{"id":"action3","type":"key","parameters":{},"actions":[{"type":"keyDown","value":"î€‡"},{"type":"pause","duration":10},{"type":"keyUp","value":"î€‡"}]}]}
RESULT: {"actions":[{"id":"action3","type":"key","parameters":{},"actions":[{"type":"keyDown","value":"î€‡"},{"type":"pause","duration":10},{"type":"keyUp","value":"î€‡"}]}]}
COMMAND: GET /session/71c44af9afc413c16551b89b0bbb4567/screenshot - {}
RESULT: {}
COMMAND: POST /session/71c44af9afc413c16551b89b0bbb4567/element - {"using":"xpath","value":"//span[contains(text(), \"Template for ETO-Process\")]"}
RESULT: {"using":"xpath","value":"//span[contains(text(), \"Template for ETO-Process\")]"}
COMMAND: POST /session/71c44af9afc413c16551b89b0bbb4567/element/f.1C4738C400B4D4A52759E6EA90F1F38B.d.B4E6CDAC79D9AC826EC204C23B2D0050.e.2515/click - {}
RESULT: {}
COMMAND: GET /session/71c44af9afc413c16551b89b0bbb4567/screenshot - {}
RESULT: {}
COMMAND: POST /session/71c44af9afc413c16551b89b0bbb4567/element - {"using":"xpath","value":"//bdi[contains(text(), \"OK\")]"}
RESULT: {"using":"xpath","value":"//bdi[contains(text(), \"OK\")]"}
COMMAND: POST /session/71c44af9afc413c16551b89b0bbb4567/element/f.1C4738C400B4D4A52759E6EA90F1F38B.d.B4E6CDAC79D9AC826EC204C23B2D0050.e.2516/click - {}
RESULT: {}
COMMAND: GET /session/71c44af9afc413c16551b89b0bbb4567/screenshot - {}
RESULT: {}
COMMAND: POST /session/71c44af9afc413c16551b89b0bbb4567/element - {"using":"xpath","value":"//input[@id=\"application-managesites-display-component---NewSite--addressDetailDetailsYard-inner\"]"}
RESULT: {"using":"xpath","value":"//input[@id=\"application-managesites-display-component---NewSite--addressDetailDetailsYard-inner\"]"}
COMMAND: POST /session/71c44af9afc413c16551b89b0bbb4567/element/f.1C4738C400B4D4A52759E6EA90F1F38B.d.B4E6CDAC79D9AC826EC204C23B2D0050.e.2295/value - {"text":"WebdriverYardkr3yj"}
RESULT: {"text":"WebdriverYardkr3yj"}
COMMAND: GET /session/71c44af9afc413c16551b89b0bbb4567/screenshot - {}
RESULT: {}
COMMAND: POST /session/71c44af9afc413c16551b89b0bbb4567/actions - {"actions":[{"id":"action4","type":"key","parameters":{},"actions":[{"type":"keyDown","value":"î€‡"},{"type":"pause","duration":10},{"type":"keyUp","value":"î€‡"}]}]}
RESULT: {"actions":[{"id":"action4","type":"key","parameters":{},"actions":[{"type":"keyDown","value":"î€‡"},{"type":"pause","duration":10},{"type":"keyUp","value":"î€‡"}]}]}
COMMAND: GET /session/71c44af9afc413c16551b89b0bbb4567/screenshot - {}
RESULT: {}
COMMAND: POST /session/71c44af9afc413c16551b89b0bbb4567/element - {"using":"xpath","value":"//input[@id=\"application-managesites-display-component---NewSite--addressDetailDetailsPartner-inner\"]"}
RESULT: {"using":"xpath","value":"//input[@id=\"application-managesites-display-component---NewSite--addressDetailDetailsPartner-inner\"]"}
COMMAND: POST /session/71c44af9afc413c16551b89b0bbb4567/elements - {"using":"xpath","value":"//input[@id=\"application-managesites-display-component---NewSite--addressDetailDetailsPartner-inner\"]"}
RESULT: {"using":"xpath","value":"//input[@id=\"application-managesites-display-component---NewSite--addressDetailDetailsPartner-inner\"]"}
COMMAND: POST /session/71c44af9afc413c16551b89b0bbb4567/execute/async - {"script":"<script> [1562 bytes]","args":[{"selector":{"controlType":"sap.m.Button","viewName":"etm.portal.ui.managesites.view.NewSmartSite","viewId":"application-managesites-display-component---NewSite","properties":{"text":"Commercial"},"interaction":{"idSuffix":"BDI-content"}},"wdio_ui5_key":"etmportal.ui.managesites.view.NewSmartSitesap.m.Button{\"text\":\"Commercial\"}"}]}
RESULT: {"script":"<script> [1562 bytes]","args":[{"selector":{"controlType":"sap.m.Button","viewName":"etm.portal.ui.managesites.view.NewSmartSite","viewId":"application-managesites-display-component---NewSite","properties":{"text":"Commercial"},"interaction":{"idSuffix":"BDI-content"}},"wdio_ui5_key":"etmportal.ui.managesites.view.NewSmartSitesap.m.Button{\"text\":\"Commercial\"}"}]}
RESULT: undefined
COMMAND: POST /session/71c44af9afc413c16551b89b0bbb4567/element - {"using":"xpath","value":"//*[@id=\"application-managesites-display-component---NewSite--ObjectPageLayout-anchBar-__section29-anchor\"]"}
RESULT: {"using":"xpath","value":"//*[@id=\"application-managesites-display-component---NewSite--ObjectPageLayout-anchBar-__section29-anchor\"]"}
COMMAND: POST /session/71c44af9afc413c16551b89b0bbb4567/element/f.1C4738C400B4D4A52759E6EA90F1F38B.d.B4E6CDAC79D9AC826EC204C23B2D0050.e.2523/click - {}
RESULT: {}
COMMAND: POST /session/71c44af9afc413c16551b89b0bbb4567/execute/async - {"script":"<script> [1562 bytes]","args":[{"selector":{"controlType":"sap.m.Button","viewName":"etm.portal.ui.managesites.view.NewSmartSite","viewId":"application-managesites-display-component---NewSite","i18NText":{"propertyName":"text","key":"save"},"interaction":{"idSuffix":"BDI-content"}},"wdio_ui5_key":"etmportal.ui.managesites.view.NewSmartSitesap.m.Button{\"propertyName\":\"text\",\"key\":\"save\"}"}]}
COMMAND: GET /session/71c44af9afc413c16551b89b0bbb4567/screenshot - {}
RESULT: {"script":"<script> [1562 bytes]","args":[{"selector":{"controlType":"sap.m.Button","viewName":"etm.portal.ui.managesites.view.NewSmartSite","viewId":"application-managesites-display-component---NewSite","i18NText":{"propertyName":"text","key":"save"},"interaction":{"idSuffix":"BDI-content"}},"wdio_ui5_key":"etmportal.ui.managesites.view.NewSmartSitesap.m.Button{\"propertyName\":\"text\",\"key\":\"save\"}"}]}
RESULT: undefined
COMMAND: POST /session/71c44af9afc413c16551b89b0bbb4567/element - {"using":"xpath","value":"//*[@id=\"__button60\"]"}
RESULT: {}
RESULT: {"using":"xpath","value":"//*[@id=\"__button60\"]"}
COMMAND: POST /session/71c44af9afc413c16551b89b0bbb4567/element/f.1C4738C400B4D4A52759E6EA90F1F38B.d.B4E6CDAC79D9AC826EC204C23B2D0050.e.2426/click - {}
RESULT: {}
COMMAND: GET /session/71c44af9afc413c16551b89b0bbb4567/screenshot - {}
RESULT: {}
COMMAND: POST /session/71c44af9afc413c16551b89b0bbb4567/execute/async - {"script":"<script> [1562 bytes]","args":[{"selector":{"id":"application-managesites-display-component---detailSite--addressDetailDetailsYardText"},"wdio_ui5_key":"applicationmanagesites-display-component---detailSite--addressDetailDetailsYardText"}]}
RESULT: {"script":"<script> [1562 bytes]","args":[{"selector":{"id":"application-managesites-display-component---detailSite--addressDetailDetailsYardText"},"wdio_ui5_key":"applicationmanagesites-display-component---detailSite--addressDetailDetailsYardText"}]}
RESULT: undefined
COMMAND: POST /session/71c44af9afc413c16551b89b0bbb4567/element - {"using":"xpath","value":"//header/div/div[2]/div[2]/span"}
RESULT: {"using":"xpath","value":"//header/div/div[2]/div[2]/span"}
COMMAND: GET /session/71c44af9afc413c16551b89b0bbb4567/element/f.1C4738C400B4D4A52759E6EA90F1F38B.d.B4E6CDAC79D9AC826EC204C23B2D0050.e.2731/text - {}
RESULT: {}
COMMAND: POST /session/71c44af9afc413c16551b89b0bbb4567/element - {"using":"xpath","value":"//header/div/div/div/div/div/div[2]/div/span"}
RESULT: {"using":"xpath","value":"//header/div/div/div/div/div/div[2]/div/span"}
COMMAND: GET /session/71c44af9afc413c16551b89b0bbb4567/element/f.1C4738C400B4D4A52759E6EA90F1F38B.d.B4E6CDAC79D9AC826EC204C23B2D0050.e.2732/text - {}
RESULT: {}
COMMAND: POST /session/71c44af9afc413c16551b89b0bbb4567/element - {"using":"css selector","value":"#shell-header-logo"}
RESULT: {"using":"css selector","value":"#shell-header-logo"}
COMMAND: POST /session/71c44af9afc413c16551b89b0bbb4567/element/f.1C4738C400B4D4A52759E6EA90F1F38B.d.B4E6CDAC79D9AC826EC204C23B2D0050.e.1863/click - {}
RESULT: {}
COMMAND: GET /session/71c44af9afc413c16551b89b0bbb4567/screenshot - {}
RESULT: {}
COMMAND: POST /session/71c44af9afc413c16551b89b0bbb4567/execute/async - {"script":"<script> [1562 bytes]","args":[{"selector":{"controlType":"sap.m.GenericTile","properties":{"header":"Manage Resources"}},"wdio_ui5_key":"sapm.GenericTile{\"header\":\"Manage Resources\"}"}]}
RESULT: {"script":"<script> [1562 bytes]","args":[{"selector":{"controlType":"sap.m.GenericTile","properties":{"header":"Manage Resources"}},"wdio_ui5_key":"sapm.GenericTile{\"header\":\"Manage Resources\"}"}]}
RESULT: undefined
COMMAND: POST /session/71c44af9afc413c16551b89b0bbb4567/element - {"using":"xpath","value":"//*[@id=\"__tile39\"]"}
RESULT: {"using":"xpath","value":"//*[@id=\"__tile39\"]"}
COMMAND: POST /session/71c44af9afc413c16551b89b0bbb4567/element/f.1C4738C400B4D4A52759E6EA90F1F38B.d.B4E6CDAC79D9AC826EC204C23B2D0050.e.2734/click - {}
RESULT: {}
COMMAND: GET /session/71c44af9afc413c16551b89b0bbb4567/screenshot - {}
RESULT: {}
COMMAND: POST /session/71c44af9afc413c16551b89b0bbb4567/elements - {"using":"xpath","value":"//span[text()='Error']"}
RESULT: {"using":"xpath","value":"//span[text()='Error']"}
COMMAND: POST /session/71c44af9afc413c16551b89b0bbb4567/element - {"using":"xpath","value":"//button[@data-kt=\"addNewRUOverflowToolbarButton\"]"}
RESULT: {"using":"xpath","value":"//button[@data-kt=\"addNewRUOverflowToolbarButton\"]"}
COMMAND: POST /session/71c44af9afc413c16551b89b0bbb4567/execute/sync - {"script":"<script> [8489 bytes]","args":[{"element-6066-11e4-a52e-4f735466cecf":"f.1C4738C400B4D4A52759E6EA90F1F38B.d.B4E6CDAC79D9AC826EC204C23B2D0050.e.2776","ELEMENT":"f.1C4738C400B4D4A52759E6EA90F1F38B.d.B4E6CDAC79D9AC826EC204C23B2D0050.e.2776"}]}
RESULT: {"script":"<script> [8489 bytes]","args":[{"element-6066-11e4-a52e-4f735466cecf":"f.1C4738C400B4D4A52759E6EA90F1F38B.d.B4E6CDAC79D9AC826EC204C23B2D0050.e.2776","ELEMENT":"f.1C4738C400B4D4A52759E6EA90F1F38B.d.B4E6CDAC79D9AC826EC204C23B2D0050.e.2776"}]}
COMMAND: POST /session/71c44af9afc413c16551b89b0bbb4567/element/f.1C4738C400B4D4A52759E6EA90F1F38B.d.B4E6CDAC79D9AC826EC204C23B2D0050.e.2776/click - {}
COMMAND: GET /session/71c44af9afc413c16551b89b0bbb4567/screenshot - {}
RESULT: {}
COMMAND: POST /session/71c44af9afc413c16551b89b0bbb4567/execute/async - {"script":"<script> [1562 bytes]","args":[{"selector":{"id":"application-manageresources-display-component---newResourceUnit--TYPE-arrow"},"wdio_ui5_key":"applicationmanageresources-display-component---newResourceUnit--TYPE-arrow"}]}
COMMAND: GET /session/71c44af9afc413c16551b89b0bbb4567/screenshot - {}
RESULT: {}
RESULT: {"script":"<script> [1562 bytes]","args":[{"selector":{"id":"application-manageresources-display-component---newResourceUnit--TYPE-arrow"},"wdio_ui5_key":"applicationmanageresources-display-component---newResourceUnit--TYPE-arrow"}]}
RESULT: undefined
COMMAND: POST /session/71c44af9afc413c16551b89b0bbb4567/element - {"using":"xpath","value":"//*[@id=\"application-manageresources-display-component---newResourceUnit--TYPE-arrow\"]"}
RESULT: {}
RESULT: {"using":"xpath","value":"//*[@id=\"application-manageresources-display-component---newResourceUnit--TYPE-arrow\"]"}
COMMAND: POST /session/71c44af9afc413c16551b89b0bbb4567/element/f.1C4738C400B4D4A52759E6EA90F1F38B.d.B4E6CDAC79D9AC826EC204C23B2D0050.e.3094/click - {}
RESULT: {}
COMMAND: POST /session/71c44af9afc413c16551b89b0bbb4567/execute/async - {"script":"<script> [1562 bytes]","args":[{"selector":{"controlType":"sap.m.StandardListItem","viewName":"reusables.view.manageresources.NewResourceUnit","viewId":"application-manageresources-display-component---newResourceUnit","properties":{"title":"Material"},"searchOpenDialogs":true,"interaction":{"idSuffix":"titleText"}},"wdio_ui5_key":"reusablesview.manageresources.NewResourceUnitsap.m.StandardListItem{\"title\":\"Material\"}"}]}
COMMAND: GET /session/71c44af9afc413c16551b89b0bbb4567/screenshot - {}
RESULT: {"script":"<script> [1562 bytes]","args":[{"selector":{"controlType":"sap.m.StandardListItem","viewName":"reusables.view.manageresources.NewResourceUnit","viewId":"application-manageresources-display-component---newResourceUnit","properties":{"title":"Material"},"searchOpenDialogs":true,"interaction":{"idSuffix":"titleText"}},"wdio_ui5_key":"reusablesview.manageresources.NewResourceUnitsap.m.StandardListItem{\"title\":\"Material\"}"}]}
RESULT: undefined
COMMAND: POST /session/71c44af9afc413c16551b89b0bbb4567/element - {"using":"xpath","value":"//*[@id=\"__item905\"]"}
RESULT: {}
RESULT: {"using":"xpath","value":"//*[@id=\"__item905\"]"}
COMMAND: POST /session/71c44af9afc413c16551b89b0bbb4567/element/f.1C4738C400B4D4A52759E6EA90F1F38B.d.B4E6CDAC79D9AC826EC204C23B2D0050.e.3097/click - {}
RESULT: {}
COMMAND: POST /session/71c44af9afc413c16551b89b0bbb4567/execute/async - {"script":"<script> [1562 bytes]","args":[{"selector":{"id":"application-manageresources-display-component---newResourceUnit--SHORT_TEXT","interaction":{"idSuffix":"inner"}},"wdio_ui5_key":"applicationmanageresources-display-component---newResourceUnit--SHORT_TEXT"}]}
COMMAND: GET /session/71c44af9afc413c16551b89b0bbb4567/screenshot - {}
RESULT: {"script":"<script> [1562 bytes]","args":[{"selector":{"id":"application-manageresources-display-component---newResourceUnit--SHORT_TEXT","interaction":{"idSuffix":"inner"}},"wdio_ui5_key":"applicationmanageresources-display-component---newResourceUnit--SHORT_TEXT"}]}
RESULT: undefined
COMMAND: POST /session/71c44af9afc413c16551b89b0bbb4567/execute/async - {"script":"<script> [776 bytes]","args":[{"enterText":"WebdriverRUR2Catrci","selector":{"id":"application-manageresources-display-component---newResourceUnit--SHORT_TEXT","interaction":{"idSuffix":"inner"}},"clearTextFirst":true,"interactionType":"ENTER_TEXT"}]}
RESULT: {}
RESULT: {"script":"<script> [776 bytes]","args":[{"enterText":"WebdriverRUR2Catrci","selector":{"id":"application-manageresources-display-component---newResourceUnit--SHORT_TEXT","interaction":{"idSuffix":"inner"}},"clearTextFirst":true,"interactionType":"ENTER_TEXT"}]}
COMMAND: POST /session/71c44af9afc413c16551b89b0bbb4567/execute/async - {"script":"<script> [1562 bytes]","args":[{"selector":{"id":"application-manageresources-display-component---newResourceUnit--BASE_UNIT_OF_MEASURE-arrow"},"wdio_ui5_key":"applicationmanageresources-display-component---newResourceUnit--BASE_UNIT_OF_MEASURE-arrow"}]}
RESULT: {"script":"<script> [1562 bytes]","args":[{"selector":{"id":"application-manageresources-display-component---newResourceUnit--BASE_UNIT_OF_MEASURE-arrow"},"wdio_ui5_key":"applicationmanageresources-display-component---newResourceUnit--BASE_UNIT_OF_MEASURE-arrow"}]}
RESULT: undefined
COMMAND: POST /session/71c44af9afc413c16551b89b0bbb4567/element - {"using":"xpath","value":"//*[@id=\"application-manageresources-display-component---newResourceUnit--BASE_UNIT_OF_MEASURE-arrow\"]"}
RESULT: {"using":"xpath","value":"//*[@id=\"application-manageresources-display-component---newResourceUnit--BASE_UNIT_OF_MEASURE-arrow\"]"}
COMMAND: POST /session/71c44af9afc413c16551b89b0bbb4567/element/f.1C4738C400B4D4A52759E6EA90F1F38B.d.B4E6CDAC79D9AC826EC204C23B2D0050.e.3151/click - {}
RESULT: {}
COMMAND: POST /session/71c44af9afc413c16551b89b0bbb4567/execute/async - {"script":"<script> [1562 bytes]","args":[{"selector":{"controlType":"sap.m.StandardListItem","viewName":"reusables.view.manageresources.NewResourceUnit","viewId":"application-manageresources-display-component---newResourceUnit","properties":{"title":"Piece"},"searchOpenDialogs":true,"interaction":{"idSuffix":"titleText"}},"wdio_ui5_key":"reusablesview.manageresources.NewResourceUnitsap.m.StandardListItem{\"title\":\"Piece\"}"}]}
COMMAND: GET /session/71c44af9afc413c16551b89b0bbb4567/screenshot - {}
RESULT: {"script":"<script> [1562 bytes]","args":[{"selector":{"controlType":"sap.m.StandardListItem","viewName":"reusables.view.manageresources.NewResourceUnit","viewId":"application-manageresources-display-component---newResourceUnit","properties":{"title":"Piece"},"searchOpenDialogs":true,"interaction":{"idSuffix":"titleText"}},"wdio_ui5_key":"reusablesview.manageresources.NewResourceUnitsap.m.StandardListItem{\"title\":\"Piece\"}"}]}
RESULT: undefined
COMMAND: POST /session/71c44af9afc413c16551b89b0bbb4567/element - {"using":"xpath","value":"//*[@id=\"__item947\"]"}
RESULT: {}
RESULT: {"using":"xpath","value":"//*[@id=\"__item947\"]"}
COMMAND: POST /session/71c44af9afc413c16551b89b0bbb4567/element/f.1C4738C400B4D4A52759E6EA90F1F38B.d.B4E6CDAC79D9AC826EC204C23B2D0050.e.3153/click - {}
RESULT: {}
COMMAND: POST /session/71c44af9afc413c16551b89b0bbb4567/element - {"using":"xpath","value":"//input[contains(@id ,\"application-manageresources-display-component---newResourceUnit--SHORT_TEXT-inner\")]"}
COMMAND: GET /session/71c44af9afc413c16551b89b0bbb4567/screenshot - {}
RESULT: {"using":"xpath","value":"//input[contains(@id ,\"application-manageresources-display-component---newResourceUnit--SHORT_TEXT-inner\")]"}
COMMAND: GET /session/71c44af9afc413c16551b89b0bbb4567/element/f.1C4738C400B4D4A52759E6EA90F1F38B.d.B4E6CDAC79D9AC826EC204C23B2D0050.e.3114/property/value - {}
RESULT: {}
RESULT: {}
COMMAND: POST /session/71c44af9afc413c16551b89b0bbb4567/execute/async - {"script":"<script> [1562 bytes]","args":[{"selector":{"id":"application-manageresources-display-component---newResourceUnit--WEIGHT_UNIT-arrow"},"wdio_ui5_key":"applicationmanageresources-display-component---newResourceUnit--WEIGHT_UNIT-arrow"}]}
COMMAND: GET /session/71c44af9afc413c16551b89b0bbb4567/screenshot - {}
RESULT: {"script":"<script> [1562 bytes]","args":[{"selector":{"id":"application-manageresources-display-component---newResourceUnit--WEIGHT_UNIT-arrow"},"wdio_ui5_key":"applicationmanageresources-display-component---newResourceUnit--WEIGHT_UNIT-arrow"}]}
RESULT: undefined
COMMAND: POST /session/71c44af9afc413c16551b89b0bbb4567/element - {"using":"xpath","value":"//*[@id=\"application-manageresources-display-component---newResourceUnit--WEIGHT_UNIT-arrow\"]"}
RESULT: {}
RESULT: {"using":"xpath","value":"//*[@id=\"application-manageresources-display-component---newResourceUnit--WEIGHT_UNIT-arrow\"]"}
COMMAND: POST /session/71c44af9afc413c16551b89b0bbb4567/element/f.1C4738C400B4D4A52759E6EA90F1F38B.d.B4E6CDAC79D9AC826EC204C23B2D0050.e.3154/click - {}
RESULT: {}
COMMAND: POST /session/71c44af9afc413c16551b89b0bbb4567/execute/async - {"script":"<script> [1562 bytes]","args":[{"selector":{"controlType":"sap.m.StandardListItem","viewName":"reusables.view.manageresources.NewResourceUnit","viewId":"application-manageresources-display-component---newResourceUnit","properties":{"title":"Gram"},"searchOpenDialogs":true,"interaction":{"idSuffix":"content"}},"wdio_ui5_key":"reusablesview.manageresources.NewResourceUnitsap.m.StandardListItem{\"title\":\"Gram\"}"}]}
COMMAND: GET /session/71c44af9afc413c16551b89b0bbb4567/screenshot - {}
RESULT: {"script":"<script> [1562 bytes]","args":[{"selector":{"controlType":"sap.m.StandardListItem","viewName":"reusables.view.manageresources.NewResourceUnit","viewId":"application-manageresources-display-component---newResourceUnit","properties":{"title":"Gram"},"searchOpenDialogs":true,"interaction":{"idSuffix":"content"}},"wdio_ui5_key":"reusablesview.manageresources.NewResourceUnitsap.m.StandardListItem{\"title\":\"Gram\"}"}]}
RESULT: undefined
COMMAND: POST /session/71c44af9afc413c16551b89b0bbb4567/element - {"using":"xpath","value":"//*[@id=\"__item1012\"]"}
RESULT: {}
RESULT: {"using":"xpath","value":"//*[@id=\"__item1012\"]"}
COMMAND: POST /session/71c44af9afc413c16551b89b0bbb4567/element/f.1C4738C400B4D4A52759E6EA90F1F38B.d.B4E6CDAC79D9AC826EC204C23B2D0050.e.3156/click - {}
RESULT: {}
COMMAND: POST /session/71c44af9afc413c16551b89b0bbb4567/execute/async - {"script":"<script> [1562 bytes]","args":[{"selector":{"id":"application-manageresources-display-component---newResourceUnit--newRRUPage-OPHeaderContent-collapseBtn-img"},"wdio_ui5_key":"applicationmanageresources-display-component---newResourceUnit--newRRUPage-OPHeaderContent-collapseBtn-img"}]}
COMMAND: GET /session/71c44af9afc413c16551b89b0bbb4567/screenshot - {}
RESULT: {"script":"<script> [1562 bytes]","args":[{"selector":{"id":"application-manageresources-display-component---newResourceUnit--newRRUPage-OPHeaderContent-collapseBtn-img"},"wdio_ui5_key":"applicationmanageresources-display-component---newResourceUnit--newRRUPage-OPHeaderContent-collapseBtn-img"}]}
RESULT: undefined
COMMAND: POST /session/71c44af9afc413c16551b89b0bbb4567/element - {"using":"xpath","value":"//*[@id=\"application-manageresources-display-component---newResourceUnit--newRRUPage-OPHeaderContent-collapseBtn-img\"]"}
RESULT: {}
RESULT: {"using":"xpath","value":"//*[@id=\"application-manageresources-display-component---newResourceUnit--newRRUPage-OPHeaderContent-collapseBtn-img\"]"}
COMMAND: POST /session/71c44af9afc413c16551b89b0bbb4567/element/f.1C4738C400B4D4A52759E6EA90F1F38B.d.B4E6CDAC79D9AC826EC204C23B2D0050.e.3104/click - {}
RESULT: {}
COMMAND: GET /session/71c44af9afc413c16551b89b0bbb4567/screenshot - {}
RESULT: {}
COMMAND: POST /session/71c44af9afc413c16551b89b0bbb4567/element - {"using":"xpath","value":"(//span[contains(@id ,\"application-manageresources-display-component---newResourceUnit--DIMENSION_UNIT-arrow\")])[1]"}
RESULT: {"using":"xpath","value":"(//span[contains(@id ,\"application-manageresources-display-component---newResourceUnit--DIMENSION_UNIT-arrow\")])[1]"}
COMMAND: POST /session/71c44af9afc413c16551b89b0bbb4567/element/f.1C4738C400B4D4A52759E6EA90F1F38B.d.B4E6CDAC79D9AC826EC204C23B2D0050.e.3162/click - {}
RESULT: {}
COMMAND: GET /session/71c44af9afc413c16551b89b0bbb4567/screenshot - {}
RESULT: {}
COMMAND: POST /session/71c44af9afc413c16551b89b0bbb4567/execute/async - {"script":"<script> [1562 bytes]","args":[{"selector":{"controlType":"sap.m.StandardListItem","viewName":"reusables.view.manageresources.NewResourceUnit","viewId":"application-manageresources-display-component---newResourceUnit","properties":{"title":"Centimeter"},"searchOpenDialogs":true,"interaction":{"idSuffix":"titleText"}},"wdio_ui5_key":"reusablesview.manageresources.NewResourceUnitsap.m.StandardListItem{\"title\":\"Centimeter\"}"}]}
RESULT: {"script":"<script> [1562 bytes]","args":[{"selector":{"controlType":"sap.m.StandardListItem","viewName":"reusables.view.manageresources.NewResourceUnit","viewId":"application-manageresources-display-component---newResourceUnit","properties":{"title":"Centimeter"},"searchOpenDialogs":true,"interaction":{"idSuffix":"titleText"}},"wdio_ui5_key":"reusablesview.manageresources.NewResourceUnitsap.m.StandardListItem{\"title\":\"Centimeter\"}"}]}
RESULT: undefined
COMMAND: POST /session/71c44af9afc413c16551b89b0bbb4567/element - {"using":"xpath","value":"//*[@id=\"__item1015\"]"}
RESULT: {"using":"xpath","value":"//*[@id=\"__item1015\"]"}
COMMAND: POST /session/71c44af9afc413c16551b89b0bbb4567/element/f.1C4738C400B4D4A52759E6EA90F1F38B.d.B4E6CDAC79D9AC826EC204C23B2D0050.e.3164/click - {}
RESULT: {}
COMMAND: POST /session/71c44af9afc413c16551b89b0bbb4567/execute/async - {"script":"<script> [1562 bytes]","args":[{"selector":{"id":"application-manageresources-display-component---newResourceUnit--newRRUPage-anchBar-application-manageresources-display-component---newResourceUnit--reference-anchor","interaction":{"idSuffix":"BDI-content"}},"wdio_ui5_key":"applicationmanageresources-display-component---newResourceUnit--newRRUPage-anchBar-application-manageresources-display-component---newResourceUnit--reference-anchor"}]}
COMMAND: GET /session/71c44af9afc413c16551b89b0bbb4567/screenshot - {}
RESULT: {"script":"<script> [1562 bytes]","args":[{"selector":{"id":"application-manageresources-display-component---newResourceUnit--newRRUPage-anchBar-application-manageresources-display-component---newResourceUnit--reference-anchor","interaction":{"idSuffix":"BDI-content"}},"wdio_ui5_key":"applicationmanageresources-display-component---newResourceUnit--newRRUPage-anchBar-application-manageresources-display-component---newResourceUnit--reference-anchor"}]}
RESULT: undefined
COMMAND: POST /session/71c44af9afc413c16551b89b0bbb4567/element - {"using":"xpath","value":"//*[@id=\"application-manageresources-display-component---newResourceUnit--newRRUPage-anchBar-application-manageresources-display-component---newResourceUnit--reference-anchor\"]"}
RESULT: {}
RESULT: {"using":"xpath","value":"//*[@id=\"application-manageresources-display-component---newResourceUnit--newRRUPage-anchBar-application-manageresources-display-component---newResourceUnit--reference-anchor\"]"}
COMMAND: POST /session/71c44af9afc413c16551b89b0bbb4567/element/f.1C4738C400B4D4A52759E6EA90F1F38B.d.B4E6CDAC79D9AC826EC204C23B2D0050.e.3166/click - {}
RESULT: {}
COMMAND: POST /session/71c44af9afc413c16551b89b0bbb4567/execute/async - {"script":"<script> [1562 bytes]","args":[{"selector":{"id":"application-manageresources-display-component---newResourceUnit--PLANNING_GROUP-arrow"},"wdio_ui5_key":"applicationmanageresources-display-component---newResourceUnit--PLANNING_GROUP-arrow"}]}
COMMAND: GET /session/71c44af9afc413c16551b89b0bbb4567/screenshot - {}
RESULT: {"script":"<script> [1562 bytes]","args":[{"selector":{"id":"application-manageresources-display-component---newResourceUnit--PLANNING_GROUP-arrow"},"wdio_ui5_key":"applicationmanageresources-display-component---newResourceUnit--PLANNING_GROUP-arrow"}]}
RESULT: undefined
COMMAND: POST /session/71c44af9afc413c16551b89b0bbb4567/element - {"using":"xpath","value":"//*[@id=\"application-manageresources-display-component---newResourceUnit--PLANNING_GROUP-arrow\"]"}
RESULT: {}
RESULT: {"using":"xpath","value":"//*[@id=\"application-manageresources-display-component---newResourceUnit--PLANNING_GROUP-arrow\"]"}
COMMAND: POST /session/71c44af9afc413c16551b89b0bbb4567/element/f.1C4738C400B4D4A52759E6EA90F1F38B.d.B4E6CDAC79D9AC826EC204C23B2D0050.e.3170/click - {}
RESULT: {}
COMMAND: POST /session/71c44af9afc413c16551b89b0bbb4567/execute/async - {"script":"<script> [1562 bytes]","args":[{"selector":{"controlType":"sap.m.StandardListItem","viewName":"reusables.view.manageresources.NewResourceUnit","viewId":"application-manageresources-display-component---newResourceUnit","properties":{"title":"Heavy Equi"},"searchOpenDialogs":true,"interaction":{"idSuffix":"content"}},"wdio_ui5_key":"reusablesview.manageresources.NewResourceUnitsap.m.StandardListItem{\"title\":\"Heavy Equi\"}"}]}
COMMAND: GET /session/71c44af9afc413c16551b89b0bbb4567/screenshot - {}
RESULT: {"script":"<script> [1562 bytes]","args":[{"selector":{"controlType":"sap.m.StandardListItem","viewName":"reusables.view.manageresources.NewResourceUnit","viewId":"application-manageresources-display-component---newResourceUnit","properties":{"title":"Heavy Equi"},"searchOpenDialogs":true,"interaction":{"idSuffix":"content"}},"wdio_ui5_key":"reusablesview.manageresources.NewResourceUnitsap.m.StandardListItem{\"title\":\"Heavy Equi\"}"}]}
RESULT: undefined
COMMAND: POST /session/71c44af9afc413c16551b89b0bbb4567/element - {"using":"xpath","value":"//*[@id=\"__item1023\"]"}
RESULT: {}
RESULT: {"using":"xpath","value":"//*[@id=\"__item1023\"]"}
COMMAND: POST /session/71c44af9afc413c16551b89b0bbb4567/element/f.1C4738C400B4D4A52759E6EA90F1F38B.d.B4E6CDAC79D9AC826EC204C23B2D0050.e.3172/click - {}
RESULT: {}
COMMAND: GET /session/71c44af9afc413c16551b89b0bbb4567/screenshot - {}
RESULT: {}
COMMAND: POST /session/71c44af9afc413c16551b89b0bbb4567/execute/async - {"script":"<script> [1562 bytes]","args":[{"selector":{"id":"application-manageresources-display-component---newResourceUnit--PLANNING_INDICATOR-arrow"},"wdio_ui5_key":"applicationmanageresources-display-component---newResourceUnit--PLANNING_INDICATOR-arrow"}]}
RESULT: {"script":"<script> [1562 bytes]","args":[{"selector":{"id":"application-manageresources-display-component---newResourceUnit--PLANNING_INDICATOR-arrow"},"wdio_ui5_key":"applicationmanageresources-display-component---newResourceUnit--PLANNING_INDICATOR-arrow"}]}
RESULT: undefined
COMMAND: POST /session/71c44af9afc413c16551b89b0bbb4567/element - {"using":"xpath","value":"//*[@id=\"application-manageresources-display-component---newResourceUnit--PLANNING_INDICATOR-arrow\"]"}
RESULT: {"using":"xpath","value":"//*[@id=\"application-manageresources-display-component---newResourceUnit--PLANNING_INDICATOR-arrow\"]"}
COMMAND: POST /session/71c44af9afc413c16551b89b0bbb4567/element/f.1C4738C400B4D4A52759E6EA90F1F38B.d.B4E6CDAC79D9AC826EC204C23B2D0050.e.3173/click - {}
RESULT: {}
COMMAND: POST /session/71c44af9afc413c16551b89b0bbb4567/execute/async - {"script":"<script> [1562 bytes]","args":[{"selector":{"controlType":"sap.m.StandardListItem","viewName":"reusables.view.manageresources.NewResourceUnit","viewId":"application-manageresources-display-component---newResourceUnit","properties":{"title":"10 - infinite"},"searchOpenDialogs":true,"interaction":{"idSuffix":"content"}},"wdio_ui5_key":"reusablesview.manageresources.NewResourceUnitsap.m.StandardListItem{\"title\":\"10 - infinite\"}"}]}
COMMAND: GET /session/71c44af9afc413c16551b89b0bbb4567/screenshot - {}
RESULT: {"script":"<script> [1562 bytes]","args":[{"selector":{"controlType":"sap.m.StandardListItem","viewName":"reusables.view.manageresources.NewResourceUnit","viewId":"application-manageresources-display-component---newResourceUnit","properties":{"title":"10 - infinite"},"searchOpenDialogs":true,"interaction":{"idSuffix":"content"}},"wdio_ui5_key":"reusablesview.manageresources.NewResourceUnitsap.m.StandardListItem{\"title\":\"10 - infinite\"}"}]}
RESULT: undefined
COMMAND: POST /session/71c44af9afc413c16551b89b0bbb4567/element - {"using":"xpath","value":"//*[@id=\"__item1033\"]"}
RESULT: {}
RESULT: {"using":"xpath","value":"//*[@id=\"__item1033\"]"}
COMMAND: POST /session/71c44af9afc413c16551b89b0bbb4567/element/f.1C4738C400B4D4A52759E6EA90F1F38B.d.B4E6CDAC79D9AC826EC204C23B2D0050.e.3175/click - {}
RESULT: {}
COMMAND: GET /session/71c44af9afc413c16551b89b0bbb4567/screenshot - {}
RESULT: {}
COMMAND: POST /session/71c44af9afc413c16551b89b0bbb4567/element - {"using":"xpath","value":"//bdi[contains(text(), \"Time Segment\")]"}
RESULT: {"using":"xpath","value":"//bdi[contains(text(), \"Time Segment\")]"}
COMMAND: GET /session/71c44af9afc413c16551b89b0bbb4567/element/f.1C4738C400B4D4A52759E6EA90F1F38B.d.B4E6CDAC79D9AC826EC204C23B2D0050.e.3176/rect - {}
RESULT: {}
COMMAND: GET /session/71c44af9afc413c16551b89b0bbb4567/window/rect - {}
RESULT: {}
COMMAND: POST /session/71c44af9afc413c16551b89b0bbb4567/execute/sync - {"script":"<script> [92 bytes]","args":[]}
RESULT: {"script":"<script> [92 bytes]","args":[]}
COMMAND: POST /session/71c44af9afc413c16551b89b0bbb4567/actions - {"actions":[{"id":"action5","type":"wheel","parameters":{},"actions":[{"type":"scroll","x":-1820,"y":-21,"deltaX":0,"deltaY":0,"duration":0,"origin":{"element-6066-11e4-a52e-4f735466cecf":"f.1C4738C400B4D4A52759E6EA90F1F38B.d.B4E6CDAC79D9AC826EC204C23B2D0050.e.3176"}}]}]}
COMMAND: GET /session/71c44af9afc413c16551b89b0bbb4567/screenshot - {}
RESULT: {}
COMMAND: POST /session/71c44af9afc413c16551b89b0bbb4567/execute/sync - {"script":"<script> [79 bytes]","args":[{"element-6066-11e4-a52e-4f735466cecf":"f.1C4738C400B4D4A52759E6EA90F1F38B.d.B4E6CDAC79D9AC826EC204C23B2D0050.e.3176","ELEMENT":"f.1C4738C400B4D4A52759E6EA90F1F38B.d.B4E6CDAC79D9AC826EC204C23B2D0050.e.3176"},{"block":"start","inline":"nearest"}]}
RESULT: {"script":"<script> [79 bytes]","args":[{"element-6066-11e4-a52e-4f735466cecf":"f.1C4738C400B4D4A52759E6EA90F1F38B.d.B4E6CDAC79D9AC826EC204C23B2D0050.e.3176","ELEMENT":"f.1C4738C400B4D4A52759E6EA90F1F38B.d.B4E6CDAC79D9AC826EC204C23B2D0050.e.3176"},{"block":"start","inline":"nearest"}]}
COMMAND: GET /session/71c44af9afc413c16551b89b0bbb4567/screenshot - {}
RESULT: {}
COMMAND: POST /session/71c44af9afc413c16551b89b0bbb4567/element - {"using":"xpath","value":"//span[@id=\"application-manageresources-display-component---newResourceUnit--btnAddTimeSegment-img\"]"}
RESULT: {"using":"xpath","value":"//span[@id=\"application-manageresources-display-component---newResourceUnit--btnAddTimeSegment-img\"]"}
COMMAND: POST /session/71c44af9afc413c16551b89b0bbb4567/execute/sync - {"script":"<script> [8489 bytes]","args":[{"element-6066-11e4-a52e-4f735466cecf":"f.1C4738C400B4D4A52759E6EA90F1F38B.d.B4E6CDAC79D9AC826EC204C23B2D0050.e.3179","ELEMENT":"f.1C4738C400B4D4A52759E6EA90F1F38B.d.B4E6CDAC79D9AC826EC204C23B2D0050.e.3179"}]}
RESULT: {"script":"<script> [8489 bytes]","args":[{"element-6066-11e4-a52e-4f735466cecf":"f.1C4738C400B4D4A52759E6EA90F1F38B.d.B4E6CDAC79D9AC826EC204C23B2D0050.e.3179","ELEMENT":"f.1C4738C400B4D4A52759E6EA90F1F38B.d.B4E6CDAC79D9AC826EC204C23B2D0050.e.3179"}]}
COMMAND: POST /session/71c44af9afc413c16551b89b0bbb4567/element/f.1C4738C400B4D4A52759E6EA90F1F38B.d.B4E6CDAC79D9AC826EC204C23B2D0050.e.3179/click - {}
COMMAND: GET /session/71c44af9afc413c16551b89b0bbb4567/screenshot - {}
RESULT: {}
COMMAND: GET /session/71c44af9afc413c16551b89b0bbb4567/screenshot - {}
RESULT: {}
COMMAND: POST /session/71c44af9afc413c16551b89b0bbb4567/element - {"using":"xpath","value":"//input[@id=\"application-manageresources-display-component---newResourceUnit--idRuTSAdmin-application-manageresources-display-component---newResourceUnit--RUTimeSegment-0-inner\"]"}
RESULT: {}
RESULT: {"using":"xpath","value":"//input[@id=\"application-manageresources-display-component---newResourceUnit--idRuTSAdmin-application-manageresources-display-component---newResourceUnit--RUTimeSegment-0-inner\"]"}
COMMAND: POST /session/71c44af9afc413c16551b89b0bbb4567/element/f.1C4738C400B4D4A52759E6EA90F1F38B.d.B4E6CDAC79D9AC826EC204C23B2D0050.e.3182/clear - {}
RESULT: {}
COMMAND: POST /session/71c44af9afc413c16551b89b0bbb4567/element/f.1C4738C400B4D4A52759E6EA90F1F38B.d.B4E6CDAC79D9AC826EC204C23B2D0050.e.3182/value - {"text":"WebdriverYardkr3yj"}
COMMAND: GET /session/71c44af9afc413c16551b89b0bbb4567/screenshot - {}
RESULT: {"text":"WebdriverYardkr3yj"}
COMMAND: GET /session/71c44af9afc413c16551b89b0bbb4567/screenshot - {}
RESULT: {}
RESULT: {}
COMMAND: POST /session/71c44af9afc413c16551b89b0bbb4567/actions - {"actions":[{"id":"action6","type":"key","parameters":{},"actions":[{"type":"keyDown","value":"î€‡"},{"type":"pause","duration":10},{"type":"keyUp","value":"î€‡"}]}]}
RESULT: {"actions":[{"id":"action6","type":"key","parameters":{},"actions":[{"type":"keyDown","value":"î€‡"},{"type":"pause","duration":10},{"type":"keyUp","value":"î€‡"}]}]}
COMMAND: GET /session/71c44af9afc413c16551b89b0bbb4567/screenshot - {}
RESULT: {}
COMMAND: POST /session/71c44af9afc413c16551b89b0bbb4567/execute/async - {"script":"<script> [1562 bytes]","args":[{"selector":{"controlType":"sap.m.Button","viewName":"reusables.view.manageresources.NewResourceUnit","viewId":"application-manageresources-display-component---newResourceUnit","i18NText":{"propertyName":"tooltip","key":"save"},"interaction":{"idSuffix":"BDI-content"}},"wdio_ui5_key":"reusablesview.manageresources.NewResourceUnitsap.m.Button{\"propertyName\":\"tooltip\",\"key\":\"save\"}"}]}
RESULT: {"script":"<script> [1562 bytes]","args":[{"selector":{"controlType":"sap.m.Button","viewName":"reusables.view.manageresources.NewResourceUnit","viewId":"application-manageresources-display-component---newResourceUnit","i18NText":{"propertyName":"tooltip","key":"save"},"interaction":{"idSuffix":"BDI-content"}},"wdio_ui5_key":"reusablesview.manageresources.NewResourceUnitsap.m.Button{\"propertyName\":\"tooltip\",\"key\":\"save\"}"}]}
RESULT: undefined
COMMAND: POST /session/71c44af9afc413c16551b89b0bbb4567/element - {"using":"xpath","value":"//*[@id=\"application-manageresources-display-component---newResourceUnit--createRuButton\"]"}
RESULT: {"using":"xpath","value":"//*[@id=\"application-manageresources-display-component---newResourceUnit--createRuButton\"]"}
COMMAND: POST /session/71c44af9afc413c16551b89b0bbb4567/element/f.1C4738C400B4D4A52759E6EA90F1F38B.d.B4E6CDAC79D9AC826EC204C23B2D0050.e.3110/click - {}
RESULT: {}
COMMAND: GET /session/71c44af9afc413c16551b89b0bbb4567/screenshot - {}
RESULT: {}
COMMAND: POST /session/71c44af9afc413c16551b89b0bbb4567/execute/async - {"script":"<script> [1562 bytes]","args":[{"selector":{"controlType":"sap.m.Title","properties":{"text":"Success"},"searchOpenDialogs":true},"wdio_ui5_key":"sapm.Title{\"text\":\"Success\"}"}]}
RESULT: {"script":"<script> [1562 bytes]","args":[{"selector":{"controlType":"sap.m.Title","properties":{"text":"Success"},"searchOpenDialogs":true},"wdio_ui5_key":"sapm.Title{\"text\":\"Success\"}"}]}
RESULT: undefined
COMMAND: POST /session/71c44af9afc413c16551b89b0bbb4567/execute/async - {"script":"<script> [6424 bytes]","args":[{"element-6066-11e4-a52e-4f735466cecf":"f.1C4738C400B4D4A52759E6EA90F1F38B.d.B4E6CDAC79D9AC826EC204C23B2D0050.e.3196"},"getText",[]]}
RESULT: {"script":"<script> [6424 bytes]","args":[{"element-6066-11e4-a52e-4f735466cecf":"f.1C4738C400B4D4A52759E6EA90F1F38B.d.B4E6CDAC79D9AC826EC204C23B2D0050.e.3196"},"getText",[]]}
COMMAND: POST /session/71c44af9afc413c16551b89b0bbb4567/element - {"using":"xpath","value":"//*[contains(@id, '__text') and (contains(text(), 'successfully created') or contains(., 'successfully created'))]"}
RESULT: {"using":"xpath","value":"//*[contains(@id, '__text') and (contains(text(), 'successfully created') or contains(., 'successfully created'))]"}
COMMAND: GET /session/71c44af9afc413c16551b89b0bbb4567/element/f.1C4738C400B4D4A52759E6EA90F1F38B.d.B4E6CDAC79D9AC826EC204C23B2D0050.e.3195/text - {}
RESULT: {}
COMMAND: POST /session/71c44af9afc413c16551b89b0bbb4567/execute/async - {"script":"<script> [1562 bytes]","args":[{"selector":{"controlType":"sap.m.Button","properties":{"text":"Close"},"searchOpenDialogs":true,"interaction":{"idSuffix":"BDI-content"}},"wdio_ui5_key":"sapm.Button{\"text\":\"Close\"}"}]}
RESULT: {"script":"<script> [1562 bytes]","args":[{"selector":{"controlType":"sap.m.Button","properties":{"text":"Close"},"searchOpenDialogs":true,"interaction":{"idSuffix":"BDI-content"}},"wdio_ui5_key":"sapm.Button{\"text\":\"Close\"}"}]}
RESULT: undefined
COMMAND: POST /session/71c44af9afc413c16551b89b0bbb4567/element - {"using":"xpath","value":"//*[@id=\"__mbox-btn-0\"]"}
RESULT: {"using":"xpath","value":"//*[@id=\"__mbox-btn-0\"]"}
COMMAND: POST /session/71c44af9afc413c16551b89b0bbb4567/element/f.1C4738C400B4D4A52759E6EA90F1F38B.d.B4E6CDAC79D9AC826EC204C23B2D0050.e.3193/click - {}
RESULT: {}
COMMAND: GET /session/71c44af9afc413c16551b89b0bbb4567/screenshot - {}
RESULT: {}
COMMAND: POST /session/71c44af9afc413c16551b89b0bbb4567/execute/async - {"script":"<script> [1562 bytes]","args":[{"selector":{"controlType":"sap.ui.core.Icon","viewName":"etm.portal.ui.manageresources.view.Detail","viewId":"application-manageresources-display-component---detailRU","properties":{"src":{"regex":{"source":"overflow"}}}},"wdio_ui5_key":"etmportal.ui.manageresources.view.Detailsap.ui.core.Icon{\"src\":{\"regex\":{\"source\":\"overflow\"}}}"}]}
RESULT: {"script":"<script> [1562 bytes]","args":[{"selector":{"controlType":"sap.ui.core.Icon","viewName":"etm.portal.ui.manageresources.view.Detail","viewId":"application-manageresources-display-component---detailRU","properties":{"src":{"regex":{"source":"overflow"}}}},"wdio_ui5_key":"etmportal.ui.manageresources.view.Detailsap.ui.core.Icon{\"src\":{\"regex\":{\"source\":\"overflow\"}}}"}]}
RESULT: undefined
COMMAND: POST /session/71c44af9afc413c16551b89b0bbb4567/element - {"using":"xpath","value":"//*[@id=\"__title31-_actionsToolbar-overflowButton-img\"]"}
RESULT: {"using":"xpath","value":"//*[@id=\"__title31-_actionsToolbar-overflowButton-img\"]"}
COMMAND: POST /session/71c44af9afc413c16551b89b0bbb4567/element/f.1C4738C400B4D4A52759E6EA90F1F38B.d.B4E6CDAC79D9AC826EC204C23B2D0050.e.3227/click - {}
RESULT: {}
COMMAND: POST /session/71c44af9afc413c16551b89b0bbb4567/execute/async - {"script":"<script> [1562 bytes]","args":[{"selector":{"controlType":"sap.m.Button","viewName":"etm.portal.ui.manageresources.view.Detail","viewId":"application-manageresources-display-component---detailRU","i18NText":{"propertyName":"tooltip","key":"closeColumn"},"searchOpenDialogs":true,"interaction":{"idSuffix":"inner"}},"wdio_ui5_key":"etmportal.ui.manageresources.view.Detailsap.m.Button{\"propertyName\":\"tooltip\",\"key\":\"closeColumn\"}"}]}
COMMAND: GET /session/71c44af9afc413c16551b89b0bbb4567/screenshot - {}
RESULT: {"script":"<script> [1562 bytes]","args":[{"selector":{"controlType":"sap.m.Button","viewName":"etm.portal.ui.manageresources.view.Detail","viewId":"application-manageresources-display-component---detailRU","i18NText":{"propertyName":"tooltip","key":"closeColumn"},"searchOpenDialogs":true,"interaction":{"idSuffix":"inner"}},"wdio_ui5_key":"etmportal.ui.manageresources.view.Detailsap.m.Button{\"propertyName\":\"tooltip\",\"key\":\"closeColumn\"}"}]}
RESULT: undefined
COMMAND: POST /session/71c44af9afc413c16551b89b0bbb4567/element - {"using":"xpath","value":"//*[@id=\"__button137\"]"}
RESULT: {}
RESULT: {"using":"xpath","value":"//*[@id=\"__button137\"]"}
COMMAND: POST /session/71c44af9afc413c16551b89b0bbb4567/element/f.1C4738C400B4D4A52759E6EA90F1F38B.d.B4E6CDAC79D9AC826EC204C23B2D0050.e.3231/click - {}
RESULT: {}
COMMAND: GET /session/71c44af9afc413c16551b89b0bbb4567/screenshot - {}
RESULT: {}
COMMAND: POST /session/71c44af9afc413c16551b89b0bbb4567/refresh - {}
RESULT: {}
COMMAND: GET /session/71c44af9afc413c16551b89b0bbb4567/screenshot - {}
RESULT: {}
COMMAND: POST /session/71c44af9afc413c16551b89b0bbb4567/execute/async - {"script":"<script> [189 bytes]","args":[]}
RESULT: {"script":"<script> [189 bytes]","args":[]}
COMMAND: POST /session/71c44af9afc413c16551b89b0bbb4567/execute/async - {"script":"<script> [123 bytes]","args":[]}
RESULT: {"script":"<script> [123 bytes]","args":[]}
COMMAND: POST /session/71c44af9afc413c16551b89b0bbb4567/timeouts - {"script":"<number>"}
RESULT: {"script":"<number>"}
COMMAND: GET /session/71c44af9afc413c16551b89b0bbb4567/timeouts - {}
RESULT: {}
RESULT: undefined
COMMAND: POST /session/71c44af9afc413c16551b89b0bbb4567/execute/async - {"script":"<script> [2676 bytes]","args":[]}
RESULT: {"script":"<script> [2676 bytes]","args":[]}
COMMAND: POST /session/71c44af9afc413c16551b89b0bbb4567/execute/async - {"script":"<script> [2342 bytes]","args":[{"protocol":"http","hostname":"0.0.0.0","path":"/","capabilities":{"browserName":"chrome","goog:chromeOptions":{"binary":"C:\\Program Files\\Google\\Chrome\\Application\\chrome.exe","args":["--start-maximized"]}},"logLevel":"warn","connectionRetryTimeout":120000,"connectionRetryCount":3,"logLevels":{},"enableDirectConnect":true,"strictSSL":true,"_":"65 more keys: [\"cacheDir\",\"port\",\"requestedCapabilities\",\"automationProtocol\",\"baseUrl\",\"waitforInterval\",\"waitforTimeout\",\"onReload\",\"beforeCommand\",\"afterCommand\",\"rootDir\",\"specs\",\"suites\",\"exclude\",\"groupLogsByTestSpec\",\"excludeDriverLogs\",\"bail\",\"framework\",\"reporters\",\"services\",\"maxInstances\",\"maxInstancesPerCapability\",\"injectGlobals\",\"filesToWatch\",\"execArgv\",\"runnerEnv\",\"runner\",\"shard\",\"specFileRetries\",\"specFileRetriesDelay\",\"specFileRetriesDeferred\",\"reporterSyncInterval\",\"reporterSyncTimeout\",\"cucumberFeaturesWithLineNumbers\",\"autoCompileOpts\",\"mochaOpts\",\"jasmineOpts\",\"cucumberOpts\",\"onPrepare\",\"onWorkerStart\",\"onWorkerEnd\",\"before\",\"beforeSession\",\"beforeSuite\",\"beforeHook\",\"beforeTest\",\"afterTest\",\"afterHook\",\"afterSuite\",\"afterSession\",\"after\",\"onComplete\",\"beforeAssertion\",\"afterAssertion\",\"beforeFeature\",\"beforeScenario\",\"beforeStep\",\"afterStep\",\"afterScenario\",\"afterFeature\",\"_\",\"suite\",\"$0\",\"ignoredWorkerServices\",\"wdi5\"]"}]}
RESULT: {"script":"<script> [2342 bytes]","args":[{"protocol":"http","hostname":"0.0.0.0","path":"/","capabilities":{"browserName":"chrome","goog:chromeOptions":{"binary":"C:\\Program Files\\Google\\Chrome\\Application\\chrome.exe","args":["--start-maximized"]}},"logLevel":"warn","connectionRetryTimeout":120000,"connectionRetryCount":3,"logLevels":{},"enableDirectConnect":true,"strictSSL":true,"_":"65 more keys: [\"cacheDir\",\"port\",\"requestedCapabilities\",\"automationProtocol\",\"baseUrl\",\"waitforInterval\",\"waitforTimeout\",\"onReload\",\"beforeCommand\",\"afterCommand\",\"rootDir\",\"specs\",\"suites\",\"exclude\",\"groupLogsByTestSpec\",\"excludeDriverLogs\",\"bail\",\"framework\",\"reporters\",\"services\",\"maxInstances\",\"maxInstancesPerCapability\",\"injectGlobals\",\"filesToWatch\",\"execArgv\",\"runnerEnv\",\"runner\",\"shard\",\"specFileRetries\",\"specFileRetriesDelay\",\"specFileRetriesDeferred\",\"reporterSyncInterval\",\"reporterSyncTimeout\",\"cucumberFeaturesWithLineNumbers\",\"autoCompileOpts\",\"mochaOpts\",\"jasmineOpts\",\"cucumberOpts\",\"onPrepare\",\"onWorkerStart\",\"onWorkerEnd\",\"before\",\"beforeSession\",\"beforeSuite\",\"beforeHook\",\"beforeTest\",\"afterTest\",\"afterHook\",\"afterSuite\",\"afterSession\",\"after\",\"onComplete\",\"beforeAssertion\",\"afterAssertion\",\"beforeFeature\",\"beforeScenario\",\"beforeStep\",\"afterStep\",\"afterScenario\",\"afterFeature\",\"_\",\"suite\",\"$0\",\"ignoredWorkerServices\",\"wdi5\"]"}]}
COMMAND: POST /session/71c44af9afc413c16551b89b0bbb4567/execute/async - {"script":"<script> [21126 bytes]","args":[35000]}
RESULT: {"script":"<script> [21126 bytes]","args":[35000]}
COMMAND: POST /session/71c44af9afc413c16551b89b0bbb4567/element - {"using":"css selector","value":"#shell-header-logo"}
RESULT: {"using":"css selector","value":"#shell-header-logo"}
COMMAND: POST /session/71c44af9afc413c16551b89b0bbb4567/element/f.1C4738C400B4D4A52759E6EA90F1F38B.d.7E1EF4F6A13B1902D13A9AFDCF017F50.e.3331/click - {}
RESULT: {}
COMMAND: GET /session/71c44af9afc413c16551b89b0bbb4567/screenshot - {}
]]></system-out>
    </testcase>
    <testcase classname="chrome.136_0_7103_49.windows.Create_masterdata_for_Yard_Overview_-_trigger_provide_US130988" name="It should stock increase the resource" time="89.623">
      <system-out><![CDATA[
COMMAND: POST /session/71c44af9afc413c16551b89b0bbb4567/execute/async - {"script":"<script> [1562 bytes]","args":[{"selector":{"controlType":"sap.m.GenericTile","properties":{"header":"Manage Handovers"}},"wdio_ui5_key":"sapm.GenericTile{\"header\":\"Manage Handovers\"}"}]}
RESULT: {}
RESULT: {"script":"<script> [1562 bytes]","args":[{"selector":{"controlType":"sap.m.GenericTile","properties":{"header":"Manage Handovers"}},"wdio_ui5_key":"sapm.GenericTile{\"header\":\"Manage Handovers\"}"}]}
RESULT: undefined
COMMAND: POST /session/71c44af9afc413c16551b89b0bbb4567/element - {"using":"xpath","value":"//*[@id=\"__tile132\"]"}
RESULT: {"using":"xpath","value":"//*[@id=\"__tile132\"]"}
COMMAND: POST /session/71c44af9afc413c16551b89b0bbb4567/element/f.1C4738C400B4D4A52759E6EA90F1F38B.d.7E1EF4F6A13B1902D13A9AFDCF017F50.e.3517/click - {}
RESULT: {}
COMMAND: GET /session/71c44af9afc413c16551b89b0bbb4567/screenshot - {}
RESULT: {}
COMMAND: POST /session/71c44af9afc413c16551b89b0bbb4567/elements - {"using":"xpath","value":"//span[text()='Error']"}
RESULT: {"using":"xpath","value":"//span[text()='Error']"}
COMMAND: POST /session/71c44af9afc413c16551b89b0bbb4567/element - {"using":"xpath","value":"//button[@data-kt=\"masterHOAddButton\"]"}
RESULT: {"using":"xpath","value":"//button[@data-kt=\"masterHOAddButton\"]"}
COMMAND: POST /session/71c44af9afc413c16551b89b0bbb4567/execute/sync - {"script":"<script> [8489 bytes]","args":[{"element-6066-11e4-a52e-4f735466cecf":"f.1C4738C400B4D4A52759E6EA90F1F38B.d.7E1EF4F6A13B1902D13A9AFDCF017F50.e.3559","ELEMENT":"f.1C4738C400B4D4A52759E6EA90F1F38B.d.7E1EF4F6A13B1902D13A9AFDCF017F50.e.3559"}]}
RESULT: {"script":"<script> [8489 bytes]","args":[{"element-6066-11e4-a52e-4f735466cecf":"f.1C4738C400B4D4A52759E6EA90F1F38B.d.7E1EF4F6A13B1902D13A9AFDCF017F50.e.3559","ELEMENT":"f.1C4738C400B4D4A52759E6EA90F1F38B.d.7E1EF4F6A13B1902D13A9AFDCF017F50.e.3559"}]}
COMMAND: POST /session/71c44af9afc413c16551b89b0bbb4567/element/f.1C4738C400B4D4A52759E6EA90F1F38B.d.7E1EF4F6A13B1902D13A9AFDCF017F50.e.3559/click - {}
COMMAND: GET /session/71c44af9afc413c16551b89b0bbb4567/screenshot - {}
RESULT: {}
COMMAND: GET /session/71c44af9afc413c16551b89b0bbb4567/screenshot - {}
COMMAND: POST /session/71c44af9afc413c16551b89b0bbb4567/element - {"using":"xpath","value":"//span[contains(@id ,\"AddNewHO--typeSelect-arrow\")]"}
RESULT: {}
RESULT: {}
RESULT: {"using":"xpath","value":"//span[contains(@id ,\"AddNewHO--typeSelect-arrow\")]"}
COMMAND: POST /session/71c44af9afc413c16551b89b0bbb4567/element/f.1C4738C400B4D4A52759E6EA90F1F38B.d.7E1EF4F6A13B1902D13A9AFDCF017F50.e.3861/click - {}
RESULT: {}
COMMAND: GET /session/71c44af9afc413c16551b89b0bbb4567/screenshot - {}
RESULT: {}
COMMAND: POST /session/71c44af9afc413c16551b89b0bbb4567/element - {"using":"xpath","value":"(//li[contains(text(), \"stock increase yard\")])[1]"}
RESULT: {"using":"xpath","value":"(//li[contains(text(), \"stock increase yard\")])[1]"}
COMMAND: POST /session/71c44af9afc413c16551b89b0bbb4567/element/f.1C4738C400B4D4A52759E6EA90F1F38B.d.7E1EF4F6A13B1902D13A9AFDCF017F50.e.3862/click - {}
RESULT: {}
COMMAND: GET /session/71c44af9afc413c16551b89b0bbb4567/screenshot - {}
RESULT: {}
COMMAND: POST /session/71c44af9afc413c16551b89b0bbb4567/execute/async - {"script":"<script> [1562 bytes]","args":[{"selector":{"id":"application-managehandovers-display-component---AddNewHO--dueDate","interaction":{"idSuffix":"inner"}},"wdio_ui5_key":"applicationmanagehandovers-display-component---AddNewHO--dueDate"}]}
RESULT: {"script":"<script> [1562 bytes]","args":[{"selector":{"id":"application-managehandovers-display-component---AddNewHO--dueDate","interaction":{"idSuffix":"inner"}},"wdio_ui5_key":"applicationmanagehandovers-display-component---AddNewHO--dueDate"}]}
RESULT: undefined
COMMAND: POST /session/71c44af9afc413c16551b89b0bbb4567/execute/async - {"script":"<script> [6424 bytes]","args":[{"element-6066-11e4-a52e-4f735466cecf":"f.1C4738C400B4D4A52759E6EA90F1F38B.d.7E1EF4F6A13B1902D13A9AFDCF017F50.e.3864"},"setValue",["5/14/25"]]}
RESULT: {"script":"<script> [6424 bytes]","args":[{"element-6066-11e4-a52e-4f735466cecf":"f.1C4738C400B4D4A52759E6EA90F1F38B.d.7E1EF4F6A13B1902D13A9AFDCF017F50.e.3864"},"setValue",["5/14/25"]]}
COMMAND: POST /session/71c44af9afc413c16551b89b0bbb4567/element - {"using":"xpath","value":"//input[@id=\"generalSectionFrg--receiveYard-inner\"]"}
RESULT: {"using":"xpath","value":"//input[@id=\"generalSectionFrg--receiveYard-inner\"]"}
COMMAND: POST /session/71c44af9afc413c16551b89b0bbb4567/element/f.1C4738C400B4D4A52759E6EA90F1F38B.d.7E1EF4F6A13B1902D13A9AFDCF017F50.e.3868/clear - {}
RESULT: {}
COMMAND: POST /session/71c44af9afc413c16551b89b0bbb4567/element/f.1C4738C400B4D4A52759E6EA90F1F38B.d.7E1EF4F6A13B1902D13A9AFDCF017F50.e.3868/value - {"text":"WebdriverYardkr3yj"}
COMMAND: GET /session/71c44af9afc413c16551b89b0bbb4567/screenshot - {}
RESULT: {"text":"WebdriverYardkr3yj"}
COMMAND: GET /session/71c44af9afc413c16551b89b0bbb4567/screenshot - {}
RESULT: {}
RESULT: {}
COMMAND: POST /session/71c44af9afc413c16551b89b0bbb4567/execute/async - {"script":"<script> [1562 bytes]","args":[{"selector":{"id":"application-managehandovers-display-component---AddNewHO--ObjectPageLayout-anchBar-application-managehandovers-display-component---AddNewHO--section4-anchor","interaction":{"idSuffix":"BDI-content"}},"wdio_ui5_key":"applicationmanagehandovers-display-component---AddNewHO--ObjectPageLayout-anchBar-application-managehandovers-display-component---AddNewHO--section4-anchor"}]}
RESULT: {"script":"<script> [1562 bytes]","args":[{"selector":{"id":"application-managehandovers-display-component---AddNewHO--ObjectPageLayout-anchBar-application-managehandovers-display-component---AddNewHO--section4-anchor","interaction":{"idSuffix":"BDI-content"}},"wdio_ui5_key":"applicationmanagehandovers-display-component---AddNewHO--ObjectPageLayout-anchBar-application-managehandovers-display-component---AddNewHO--section4-anchor"}]}
RESULT: undefined
COMMAND: POST /session/71c44af9afc413c16551b89b0bbb4567/element - {"using":"xpath","value":"//*[@id=\"application-managehandovers-display-component---AddNewHO--ObjectPageLayout-anchBar-application-managehandovers-display-component---AddNewHO--section4-anchor\"]"}
RESULT: {"using":"xpath","value":"//*[@id=\"application-managehandovers-display-component---AddNewHO--ObjectPageLayout-anchBar-application-managehandovers-display-component---AddNewHO--section4-anchor\"]"}
COMMAND: POST /session/71c44af9afc413c16551b89b0bbb4567/element/f.1C4738C400B4D4A52759E6EA90F1F38B.d.7E1EF4F6A13B1902D13A9AFDCF017F50.e.3888/click - {}
RESULT: {}
COMMAND: GET /session/71c44af9afc413c16551b89b0bbb4567/screenshot - {}
RESULT: {}
COMMAND: POST /session/71c44af9afc413c16551b89b0bbb4567/element - {"using":"xpath","value":"//button[@aria-label=\"Add\"]"}
RESULT: {"using":"xpath","value":"//button[@aria-label=\"Add\"]"}
COMMAND: POST /session/71c44af9afc413c16551b89b0bbb4567/element/f.1C4738C400B4D4A52759E6EA90F1F38B.d.7E1EF4F6A13B1902D13A9AFDCF017F50.e.3892/click - {}
RESULT: {}
COMMAND: GET /session/71c44af9afc413c16551b89b0bbb4567/screenshot - {}
RESULT: {}
COMMAND: POST /session/71c44af9afc413c16551b89b0bbb4567/execute/async - {"script":"<script> [1562 bytes]","args":[{"selector":{"id":"application-managehandovers-display-component---AddNewHO--smartFilterBar-btnBasicSearch","searchOpenDialogs":true,"interaction":{"idSuffix":"I"}},"wdio_ui5_key":"applicationmanagehandovers-display-component---AddNewHO--smartFilterBar-btnBasicSearch"}]}
RESULT: {"script":"<script> [1562 bytes]","args":[{"selector":{"id":"application-managehandovers-display-component---AddNewHO--smartFilterBar-btnBasicSearch","searchOpenDialogs":true,"interaction":{"idSuffix":"I"}},"wdio_ui5_key":"applicationmanagehandovers-display-component---AddNewHO--smartFilterBar-btnBasicSearch"}]}
RESULT: undefined
COMMAND: POST /session/71c44af9afc413c16551b89b0bbb4567/execute/async - {"script":"<script> [776 bytes]","args":[{"enterText":"WebdriverRUR2Catrci","selector":{"id":"application-managehandovers-display-component---AddNewHO--smartFilterBar-btnBasicSearch","searchOpenDialogs":true,"interaction":{"idSuffix":"I"}},"clearTextFirst":true,"interactionType":"ENTER_TEXT"}]}
RESULT: {"script":"<script> [776 bytes]","args":[{"enterText":"WebdriverRUR2Catrci","selector":{"id":"application-managehandovers-display-component---AddNewHO--smartFilterBar-btnBasicSearch","searchOpenDialogs":true,"interaction":{"idSuffix":"I"}},"clearTextFirst":true,"interactionType":"ENTER_TEXT"}]}
COMMAND: POST /session/71c44af9afc413c16551b89b0bbb4567/actions - {"actions":[{"id":"action7","type":"key","parameters":{},"actions":[{"type":"keyDown","value":"î€‡"},{"type":"pause","duration":10},{"type":"keyUp","value":"î€‡"}]}]}
RESULT: {"actions":[{"id":"action7","type":"key","parameters":{},"actions":[{"type":"keyDown","value":"î€‡"},{"type":"pause","duration":10},{"type":"keyUp","value":"î€‡"}]}]}
COMMAND: POST /session/71c44af9afc413c16551b89b0bbb4567/execute/async - {"script":"<script> [1562 bytes]","args":[{"selector":{"id":"application-managehandovers-display-component---AddNewHO--popup-sa","searchOpenDialogs":true,"interaction":{"idSuffix":"CbBg"}},"wdio_ui5_key":"applicationmanagehandovers-display-component---AddNewHO--popup-sa"}]}
COMMAND: GET /session/71c44af9afc413c16551b89b0bbb4567/screenshot - {}
RESULT: {"script":"<script> [1562 bytes]","args":[{"selector":{"id":"application-managehandovers-display-component---AddNewHO--popup-sa","searchOpenDialogs":true,"interaction":{"idSuffix":"CbBg"}},"wdio_ui5_key":"applicationmanagehandovers-display-component---AddNewHO--popup-sa"}]}
RESULT: undefined
COMMAND: POST /session/71c44af9afc413c16551b89b0bbb4567/element - {"using":"xpath","value":"//*[@id=\"application-managehandovers-display-component---AddNewHO--popup-sa\"]"}
RESULT: {}
RESULT: {"using":"xpath","value":"//*[@id=\"application-managehandovers-display-component---AddNewHO--popup-sa\"]"}
COMMAND: POST /session/71c44af9afc413c16551b89b0bbb4567/element/f.1C4738C400B4D4A52759E6EA90F1F38B.d.7E1EF4F6A13B1902D13A9AFDCF017F50.e.3984/click - {}
RESULT: {}
COMMAND: GET /session/71c44af9afc413c16551b89b0bbb4567/screenshot - {}
RESULT: {}
COMMAND: POST /session/71c44af9afc413c16551b89b0bbb4567/element - {"using":"xpath","value":"//bdi[contains(text(), \"Select\")]"}
RESULT: {"using":"xpath","value":"//bdi[contains(text(), \"Select\")]"}
COMMAND: POST /session/71c44af9afc413c16551b89b0bbb4567/element/f.1C4738C400B4D4A52759E6EA90F1F38B.d.7E1EF4F6A13B1902D13A9AFDCF017F50.e.3985/click - {}
RESULT: {}
COMMAND: GET /session/71c44af9afc413c16551b89b0bbb4567/screenshot - {}
RESULT: {}
COMMAND: POST /session/71c44af9afc413c16551b89b0bbb4567/execute/async - {"script":"<script> [1562 bytes]","args":[{"selector":{"controlType":"sap.m.Input","viewName":"etm.portal.ui.managehandovers.view.AddNewHO","viewId":"application-managehandovers-display-component---AddNewHO","bindingPath":{"path":"/items/0","propertyPath":"TYPE","modelName":"hoItemsModel"},"interaction":{"idSuffix":"inner"}},"wdio_ui5_key":"etmportal.ui.managehandovers.view.AddNewHOsap.m.Input{\"path\":\"/items/0\",\"propertyPath\":\"TYPE\",\"modelName\":\"hoItemsModel\"}"}]}
RESULT: {"script":"<script> [1562 bytes]","args":[{"selector":{"controlType":"sap.m.Input","viewName":"etm.portal.ui.managehandovers.view.AddNewHO","viewId":"application-managehandovers-display-component---AddNewHO","bindingPath":{"path":"/items/0","propertyPath":"TYPE","modelName":"hoItemsModel"},"interaction":{"idSuffix":"inner"}},"wdio_ui5_key":"etmportal.ui.managehandovers.view.AddNewHOsap.m.Input{\"path\":\"/items/0\",\"propertyPath\":\"TYPE\",\"modelName\":\"hoItemsModel\"}"}]}
RESULT: undefined
COMMAND: POST /session/71c44af9afc413c16551b89b0bbb4567/execute/async - {"script":"<script> [776 bytes]","args":[{"enterText":"100","selector":{"controlType":"sap.m.Input","viewName":"etm.portal.ui.managehandovers.view.AddNewHO","viewId":"application-managehandovers-display-component---AddNewHO","bindingPath":{"path":"/items/0","propertyPath":"TYPE","modelName":"hoItemsModel"},"interaction":{"idSuffix":"inner"}},"clearTextFirst":true,"interactionType":"ENTER_TEXT"}]}
RESULT: {"script":"<script> [776 bytes]","args":[{"enterText":"100","selector":{"controlType":"sap.m.Input","viewName":"etm.portal.ui.managehandovers.view.AddNewHO","viewId":"application-managehandovers-display-component---AddNewHO","bindingPath":{"path":"/items/0","propertyPath":"TYPE","modelName":"hoItemsModel"},"interaction":{"idSuffix":"inner"}},"clearTextFirst":true,"interactionType":"ENTER_TEXT"}]}
COMMAND: POST /session/71c44af9afc413c16551b89b0bbb4567/element - {"using":"xpath","value":"//button[@data-kt=\"AddNewHOSaveButton\"]"}
RESULT: {"using":"xpath","value":"//button[@data-kt=\"AddNewHOSaveButton\"]"}
COMMAND: POST /session/71c44af9afc413c16551b89b0bbb4567/element/f.1C4738C400B4D4A52759E6EA90F1F38B.d.7E1EF4F6A13B1902D13A9AFDCF017F50.e.3990/click - {}
RESULT: {}
COMMAND: GET /session/71c44af9afc413c16551b89b0bbb4567/screenshot - {}
COMMAND: POST /session/71c44af9afc413c16551b89b0bbb4567/execute/async - {"script":"<script> [1562 bytes]","args":[{"selector":{"id":"receiptDatePicker","viewName":"etm.portal.ui.managehandovers.view.DetailExecuteHO","interaction":{"idSuffix":"inner"}},"wdio_ui5_key":"receiptDatePickeretmportal.ui.managehandovers.view.DetailExecuteHO"}]}
RESULT: {}
RESULT: {"script":"<script> [1562 bytes]","args":[{"selector":{"id":"receiptDatePicker","viewName":"etm.portal.ui.managehandovers.view.DetailExecuteHO","interaction":{"idSuffix":"inner"}},"wdio_ui5_key":"receiptDatePickeretmportal.ui.managehandovers.view.DetailExecuteHO"}]}
RESULT: undefined
COMMAND: POST /session/71c44af9afc413c16551b89b0bbb4567/execute/async - {"script":"<script> [6424 bytes]","args":[{"element-6066-11e4-a52e-4f735466cecf":"f.1C4738C400B4D4A52759E6EA90F1F38B.d.7E1EF4F6A13B1902D13A9AFDCF017F50.e.4011"},"setValue",["5/14/25"]]}
RESULT: {"script":"<script> [6424 bytes]","args":[{"element-6066-11e4-a52e-4f735466cecf":"f.1C4738C400B4D4A52759E6EA90F1F38B.d.7E1EF4F6A13B1902D13A9AFDCF017F50.e.4011"},"setValue",["5/14/25"]]}
COMMAND: POST /session/71c44af9afc413c16551b89b0bbb4567/element - {"using":"xpath","value":"//button[@data-kt=\"PickingTableConfirmAllButton\"]"}
RESULT: {"using":"xpath","value":"//button[@data-kt=\"PickingTableConfirmAllButton\"]"}
COMMAND: POST /session/71c44af9afc413c16551b89b0bbb4567/element/f.1C4738C400B4D4A52759E6EA90F1F38B.d.7E1EF4F6A13B1902D13A9AFDCF017F50.e.4025/click - {}
RESULT: {}
COMMAND: GET /session/71c44af9afc413c16551b89b0bbb4567/screenshot - {}
RESULT: {}
COMMAND: POST /session/71c44af9afc413c16551b89b0bbb4567/element - {"using":"xpath","value":"//bdi[contains(text(), \"OK\")]"}
RESULT: {"using":"xpath","value":"//bdi[contains(text(), \"OK\")]"}
COMMAND: POST /session/71c44af9afc413c16551b89b0bbb4567/element/f.1C4738C400B4D4A52759E6EA90F1F38B.d.7E1EF4F6A13B1902D13A9AFDCF017F50.e.4027/click - {}
RESULT: {}
COMMAND: GET /session/71c44af9afc413c16551b89b0bbb4567/screenshot - {}
RESULT: {}
COMMAND: POST /session/71c44af9afc413c16551b89b0bbb4567/element - {"using":"xpath","value":"(//bdi[contains(text(), \"Receive\")])[2]"}
RESULT: {"using":"xpath","value":"(//bdi[contains(text(), \"Receive\")])[2]"}
COMMAND: POST /session/71c44af9afc413c16551b89b0bbb4567/element/f.1C4738C400B4D4A52759E6EA90F1F38B.d.7E1EF4F6A13B1902D13A9AFDCF017F50.e.4029/click - {}
RESULT: {}
COMMAND: GET /session/71c44af9afc413c16551b89b0bbb4567/screenshot - {}
RESULT: {}
COMMAND: POST /session/71c44af9afc413c16551b89b0bbb4567/element - {"using":"css selector","value":"#shell-header-logo"}
RESULT: {"using":"css selector","value":"#shell-header-logo"}
COMMAND: POST /session/71c44af9afc413c16551b89b0bbb4567/element/f.1C4738C400B4D4A52759E6EA90F1F38B.d.7E1EF4F6A13B1902D13A9AFDCF017F50.e.3520/click - {}
RESULT: {}
COMMAND: GET /session/71c44af9afc413c16551b89b0bbb4567/screenshot - {}
]]></system-out>
    </testcase>
    <testcase classname="chrome.136_0_7103_49.windows.Create_masterdata_for_Yard_Overview_-_trigger_provide_US130988" name="Should create a new contract" time="71.435">
      <system-out><![CDATA[
COMMAND: POST /session/71c44af9afc413c16551b89b0bbb4567/execute/async - {"script":"<script> [1562 bytes]","args":[{"selector":{"controlType":"sap.m.GenericTile","viewName":"etm.portal.ui.managecontractstile.view.Master","i18NText":{"propertyName":"header","key":"manageContractsTileTitle"}},"wdio_ui5_key":"etmportal.ui.managecontractstile.view.Mastersap.m.GenericTile{\"propertyName\":\"header\",\"key\":\"manageContractsTileTitle\"}"}]}
RESULT: {}
RESULT: {"script":"<script> [1562 bytes]","args":[{"selector":{"controlType":"sap.m.GenericTile","viewName":"etm.portal.ui.managecontractstile.view.Master","i18NText":{"propertyName":"header","key":"manageContractsTileTitle"}},"wdio_ui5_key":"etmportal.ui.managecontractstile.view.Mastersap.m.GenericTile{\"propertyName\":\"header\",\"key\":\"manageContractsTileTitle\"}"}]}
RESULT: undefined
COMMAND: POST /session/71c44af9afc413c16551b89b0bbb4567/element - {"using":"xpath","value":"//*[@id=\"__tile130\"]"}
RESULT: {"using":"xpath","value":"//*[@id=\"__tile130\"]"}
COMMAND: POST /session/71c44af9afc413c16551b89b0bbb4567/element/f.1C4738C400B4D4A52759E6EA90F1F38B.d.7E1EF4F6A13B1902D13A9AFDCF017F50.e.4175/click - {}
RESULT: {}
COMMAND: GET /session/71c44af9afc413c16551b89b0bbb4567/screenshot - {}
RESULT: {}
COMMAND: POST /session/71c44af9afc413c16551b89b0bbb4567/element - {"using":"xpath","value":"//button[@data-kt=\"addButton\"]"}
RESULT: {"using":"xpath","value":"//button[@data-kt=\"addButton\"]"}
COMMAND: POST /session/71c44af9afc413c16551b89b0bbb4567/element/f.1C4738C400B4D4A52759E6EA90F1F38B.d.7E1EF4F6A13B1902D13A9AFDCF017F50.e.4226/click - {}
RESULT: {}
COMMAND: GET /session/71c44af9afc413c16551b89b0bbb4567/screenshot - {}
COMMAND: POST /session/71c44af9afc413c16551b89b0bbb4567/execute/async - {"script":"<script> [1562 bytes]","args":[{"selector":{"id":"application-managecontracts-display-component---AddNewContract--projectDescription","interaction":{"idSuffix":"inner"}},"wdio_ui5_key":"applicationmanagecontracts-display-component---AddNewContract--projectDescription"}]}
RESULT: {}
RESULT: {"script":"<script> [1562 bytes]","args":[{"selector":{"id":"application-managecontracts-display-component---AddNewContract--projectDescription","interaction":{"idSuffix":"inner"}},"wdio_ui5_key":"applicationmanagecontracts-display-component---AddNewContract--projectDescription"}]}
RESULT: undefined
COMMAND: POST /session/71c44af9afc413c16551b89b0bbb4567/execute/async - {"script":"<script> [776 bytes]","args":[{"enterText":"WdIOOverviewg3g9l","selector":{"id":"application-managecontracts-display-component---AddNewContract--projectDescription","interaction":{"idSuffix":"inner"}},"clearTextFirst":true,"interactionType":"ENTER_TEXT"}]}
RESULT: {"script":"<script> [776 bytes]","args":[{"enterText":"WdIOOverviewg3g9l","selector":{"id":"application-managecontracts-display-component---AddNewContract--projectDescription","interaction":{"idSuffix":"inner"}},"clearTextFirst":true,"interactionType":"ENTER_TEXT"}]}
COMMAND: POST /session/71c44af9afc413c16551b89b0bbb4567/element - {"using":"xpath","value":"//input[@id=\"application-managecontracts-display-component---AddNewContract--yardId-inner\"]"}
RESULT: {"using":"xpath","value":"//input[@id=\"application-managecontracts-display-component---AddNewContract--yardId-inner\"]"}
COMMAND: POST /session/71c44af9afc413c16551b89b0bbb4567/element/f.1C4738C400B4D4A52759E6EA90F1F38B.d.7E1EF4F6A13B1902D13A9AFDCF017F50.e.4527/clear - {}
RESULT: {}
COMMAND: POST /session/71c44af9afc413c16551b89b0bbb4567/element/f.1C4738C400B4D4A52759E6EA90F1F38B.d.7E1EF4F6A13B1902D13A9AFDCF017F50.e.4527/value - {"text":"WebdriverYardkr3yj"}
COMMAND: GET /session/71c44af9afc413c16551b89b0bbb4567/screenshot - {}
RESULT: {"text":"WebdriverYardkr3yj"}
COMMAND: GET /session/71c44af9afc413c16551b89b0bbb4567/screenshot - {}
RESULT: {}
RESULT: {}
COMMAND: POST /session/71c44af9afc413c16551b89b0bbb4567/actions - {"actions":[{"id":"action8","type":"key","parameters":{},"actions":[{"type":"keyDown","value":"î€‡"},{"type":"pause","duration":10},{"type":"keyUp","value":"î€‡"}]}]}
RESULT: {"actions":[{"id":"action8","type":"key","parameters":{},"actions":[{"type":"keyDown","value":"î€‡"},{"type":"pause","duration":10},{"type":"keyUp","value":"î€‡"}]}]}
COMMAND: GET /session/71c44af9afc413c16551b89b0bbb4567/screenshot - {}
RESULT: {}
COMMAND: POST /session/71c44af9afc413c16551b89b0bbb4567/element - {"using":"xpath","value":"//input[@id=\"application-managecontracts-display-component---AddNewContract--customerSelect-inner\"]"}
RESULT: {"using":"xpath","value":"//input[@id=\"application-managecontracts-display-component---AddNewContract--customerSelect-inner\"]"}
COMMAND: POST /session/71c44af9afc413c16551b89b0bbb4567/element/f.1C4738C400B4D4A52759E6EA90F1F38B.d.7E1EF4F6A13B1902D13A9AFDCF017F50.e.4525/clear - {}
RESULT: {}
COMMAND: POST /session/71c44af9afc413c16551b89b0bbb4567/element/f.1C4738C400B4D4A52759E6EA90F1F38B.d.7E1EF4F6A13B1902D13A9AFDCF017F50.e.4525/value - {"text":"WebdriverPartner74wuzl"}
COMMAND: GET /session/71c44af9afc413c16551b89b0bbb4567/screenshot - {}
RESULT: {"text":"WebdriverPartner74wuzl"}
COMMAND: GET /session/71c44af9afc413c16551b89b0bbb4567/screenshot - {}
RESULT: {}
RESULT: {}
COMMAND: POST /session/71c44af9afc413c16551b89b0bbb4567/actions - {"actions":[{"id":"action9","type":"key","parameters":{},"actions":[{"type":"keyDown","value":"î€‡"},{"type":"pause","duration":10},{"type":"keyUp","value":"î€‡"}]}]}
RESULT: {"actions":[{"id":"action9","type":"key","parameters":{},"actions":[{"type":"keyDown","value":"î€‡"},{"type":"pause","duration":10},{"type":"keyUp","value":"î€‡"}]}]}
COMMAND: GET /session/71c44af9afc413c16551b89b0bbb4567/screenshot - {}
RESULT: {}
COMMAND: POST /session/71c44af9afc413c16551b89b0bbb4567/element - {"using":"xpath","value":"//input[@id=\"application-managecontracts-display-component---AddNewContract--site-inner\"]"}
RESULT: {"using":"xpath","value":"//input[@id=\"application-managecontracts-display-component---AddNewContract--site-inner\"]"}
COMMAND: POST /session/71c44af9afc413c16551b89b0bbb4567/element/f.1C4738C400B4D4A52759E6EA90F1F38B.d.7E1EF4F6A13B1902D13A9AFDCF017F50.e.4526/clear - {}
RESULT: {}
COMMAND: POST /session/71c44af9afc413c16551b89b0bbb4567/element/f.1C4738C400B4D4A52759E6EA90F1F38B.d.7E1EF4F6A13B1902D13A9AFDCF017F50.e.4526/value - {"text":"WebdriverSiteh18hm"}
COMMAND: GET /session/71c44af9afc413c16551b89b0bbb4567/screenshot - {}
RESULT: {"text":"WebdriverSiteh18hm"}
COMMAND: GET /session/71c44af9afc413c16551b89b0bbb4567/screenshot - {}
RESULT: {}
RESULT: {}
COMMAND: POST /session/71c44af9afc413c16551b89b0bbb4567/actions - {"actions":[{"id":"action10","type":"key","parameters":{},"actions":[{"type":"keyDown","value":"î€‡"},{"type":"pause","duration":10},{"type":"keyUp","value":"î€‡"}]}]}
RESULT: {"actions":[{"id":"action10","type":"key","parameters":{},"actions":[{"type":"keyDown","value":"î€‡"},{"type":"pause","duration":10},{"type":"keyUp","value":"î€‡"}]}]}
COMMAND: GET /session/71c44af9afc413c16551b89b0bbb4567/screenshot - {}
RESULT: {}
COMMAND: POST /session/71c44af9afc413c16551b89b0bbb4567/element - {"using":"xpath","value":"//button[@data-kt=\"saveButton\"]"}
RESULT: {"using":"xpath","value":"//button[@data-kt=\"saveButton\"]"}
COMMAND: POST /session/71c44af9afc413c16551b89b0bbb4567/element/f.1C4738C400B4D4A52759E6EA90F1F38B.d.7E1EF4F6A13B1902D13A9AFDCF017F50.e.4559/click - {}
RESULT: {}
COMMAND: GET /session/71c44af9afc413c16551b89b0bbb4567/screenshot - {}
RESULT: {}
COMMAND: POST /session/71c44af9afc413c16551b89b0bbb4567/execute/async - {"script":"<script> [1562 bytes]","args":[{"selector":{"id":"contractDetailTitleNoExpanded","viewName":"etm.portal.ui.managecontracts.view.Detail"},"wdio_ui5_key":"contractDetailTitleNoExpandedetmportal.ui.managecontracts.view.Detail"}]}
RESULT: {"script":"<script> [1562 bytes]","args":[{"selector":{"id":"contractDetailTitleNoExpanded","viewName":"etm.portal.ui.managecontracts.view.Detail"},"wdio_ui5_key":"contractDetailTitleNoExpandedetmportal.ui.managecontracts.view.Detail"}]}
RESULT: undefined
COMMAND: POST /session/71c44af9afc413c16551b89b0bbb4567/execute/async - {"script":"<script> [6424 bytes]","args":[{"element-6066-11e4-a52e-4f735466cecf":"f.1C4738C400B4D4A52759E6EA90F1F38B.d.7E1EF4F6A13B1902D13A9AFDCF017F50.e.4629"},"getText",[]]}
RESULT: {"script":"<script> [6424 bytes]","args":[{"element-6066-11e4-a52e-4f735466cecf":"f.1C4738C400B4D4A52759E6EA90F1F38B.d.7E1EF4F6A13B1902D13A9AFDCF017F50.e.4629"},"getText",[]]}
]]></system-out>
    </testcase>
    <testcase classname="chrome.136_0_7103_49.windows.Create_masterdata_for_Yard_Overview_-_trigger_provide_US130988" name="Should add material to the contract" time="43.869">
      <system-out><![CDATA[
COMMAND: POST /session/71c44af9afc413c16551b89b0bbb4567/element - {"using":"xpath","value":"//button[@data-kt=\"contractDetailEditBtnButton\"]"}
RESULT: {"using":"xpath","value":"//button[@data-kt=\"contractDetailEditBtnButton\"]"}
COMMAND: POST /session/71c44af9afc413c16551b89b0bbb4567/element/f.1C4738C400B4D4A52759E6EA90F1F38B.d.7E1EF4F6A13B1902D13A9AFDCF017F50.e.4630/click - {}
RESULT: {}
COMMAND: GET /session/71c44af9afc413c16551b89b0bbb4567/screenshot - {}
RESULT: {}
COMMAND: POST /session/71c44af9afc413c16551b89b0bbb4567/element - {"using":"xpath","value":"(//span[contains(text(), \"Additional Addresses\")])[2]"}
RESULT: {"using":"xpath","value":"(//span[contains(text(), \"Additional Addresses\")])[2]"}
COMMAND: POST /session/71c44af9afc413c16551b89b0bbb4567/element/f.1C4738C400B4D4A52759E6EA90F1F38B.d.7E1EF4F6A13B1902D13A9AFDCF017F50.e.4687/click - {}
RESULT: {}
COMMAND: GET /session/71c44af9afc413c16551b89b0bbb4567/screenshot - {}
RESULT: {}
COMMAND: POST /session/71c44af9afc413c16551b89b0bbb4567/element - {"using":"xpath","value":"//button[@data-kt=\"btnAddTableRowOverflowToolbarButton\"]"}
RESULT: {"using":"xpath","value":"//button[@data-kt=\"btnAddTableRowOverflowToolbarButton\"]"}
COMMAND: POST /session/71c44af9afc413c16551b89b0bbb4567/element/f.1C4738C400B4D4A52759E6EA90F1F38B.d.7E1EF4F6A13B1902D13A9AFDCF017F50.e.4691/click - {}
RESULT: {}
COMMAND: GET /session/71c44af9afc413c16551b89b0bbb4567/screenshot - {}
RESULT: {}
COMMAND: POST /session/71c44af9afc413c16551b89b0bbb4567/element - {"using":"xpath","value":"//div[(text() = 'Standard Entry' or . = 'Standard Entry')]"}
RESULT: {"using":"xpath","value":"//div[(text() = 'Standard Entry' or . = 'Standard Entry')]"}
COMMAND: POST /session/71c44af9afc413c16551b89b0bbb4567/element/f.1C4738C400B4D4A52759E6EA90F1F38B.d.7E1EF4F6A13B1902D13A9AFDCF017F50.e.4693/click - {}
RESULT: {}
COMMAND: POST /session/71c44af9afc413c16551b89b0bbb4567/element - {"using":"xpath","value":"//td[6]/div/div/input[1]"}
COMMAND: GET /session/71c44af9afc413c16551b89b0bbb4567/screenshot - {}
RESULT: {"using":"xpath","value":"//td[6]/div/div/input[1]"}
COMMAND: POST /session/71c44af9afc413c16551b89b0bbb4567/element/f.1C4738C400B4D4A52759E6EA90F1F38B.d.7E1EF4F6A13B1902D13A9AFDCF017F50.e.4695/click - {}
RESULT: {}
RESULT: {}
COMMAND: POST /session/71c44af9afc413c16551b89b0bbb4567/actions - {"actions":[{"id":"action11","type":"key","parameters":{},"actions":[{"type":"keyDown","value":"î€ƒ"},{"type":"pause","duration":10},{"type":"keyUp","value":"î€ƒ"}]}]}
COMMAND: GET /session/71c44af9afc413c16551b89b0bbb4567/screenshot - {}
RESULT: {"actions":[{"id":"action11","type":"key","parameters":{},"actions":[{"type":"keyDown","value":"î€ƒ"},{"type":"pause","duration":10},{"type":"keyUp","value":"î€ƒ"}]}]}
COMMAND: POST /session/71c44af9afc413c16551b89b0bbb4567/element - {"using":"xpath","value":"//td[6]/div/div/input[1]"}
COMMAND: GET /session/71c44af9afc413c16551b89b0bbb4567/screenshot - {}
RESULT: {}
RESULT: {"using":"xpath","value":"//td[6]/div/div/input[1]"}
COMMAND: POST /session/71c44af9afc413c16551b89b0bbb4567/element/f.1C4738C400B4D4A52759E6EA90F1F38B.d.7E1EF4F6A13B1902D13A9AFDCF017F50.e.4695/clear - {}
RESULT: {}
RESULT: {}
COMMAND: POST /session/71c44af9afc413c16551b89b0bbb4567/element/f.1C4738C400B4D4A52759E6EA90F1F38B.d.7E1EF4F6A13B1902D13A9AFDCF017F50.e.4695/value - {"text":"Material"}
COMMAND: GET /session/71c44af9afc413c16551b89b0bbb4567/screenshot - {}
RESULT: {"text":"Material"}
COMMAND: GET /session/71c44af9afc413c16551b89b0bbb4567/screenshot - {}
RESULT: {}
RESULT: {}
COMMAND: POST /session/71c44af9afc413c16551b89b0bbb4567/actions - {"actions":[{"id":"action12","type":"key","parameters":{},"actions":[{"type":"keyDown","value":"î€‡"},{"type":"pause","duration":10},{"type":"keyUp","value":"î€‡"}]}]}
RESULT: {"actions":[{"id":"action12","type":"key","parameters":{},"actions":[{"type":"keyDown","value":"î€‡"},{"type":"pause","duration":10},{"type":"keyUp","value":"î€‡"}]}]}
COMMAND: GET /session/71c44af9afc413c16551b89b0bbb4567/screenshot - {}
RESULT: {}
COMMAND: POST /session/71c44af9afc413c16551b89b0bbb4567/actions - {"actions":[{"id":"action13","type":"key","parameters":{},"actions":[{"type":"keyDown","value":"î€‡"},{"type":"pause","duration":10},{"type":"keyUp","value":"î€‡"}]}]}
RESULT: {"actions":[{"id":"action13","type":"key","parameters":{},"actions":[{"type":"keyDown","value":"î€‡"},{"type":"pause","duration":10},{"type":"keyUp","value":"î€‡"}]}]}
COMMAND: POST /session/71c44af9afc413c16551b89b0bbb4567/element - {"using":"xpath","value":"//td[7]/div/div/input"}
COMMAND: GET /session/71c44af9afc413c16551b89b0bbb4567/screenshot - {}
RESULT: {"using":"xpath","value":"//td[7]/div/div/input"}
COMMAND: POST /session/71c44af9afc413c16551b89b0bbb4567/element/f.1C4738C400B4D4A52759E6EA90F1F38B.d.7E1EF4F6A13B1902D13A9AFDCF017F50.e.4708/clear - {}
RESULT: {}
RESULT: {}
COMMAND: POST /session/71c44af9afc413c16551b89b0bbb4567/element/f.1C4738C400B4D4A52759E6EA90F1F38B.d.7E1EF4F6A13B1902D13A9AFDCF017F50.e.4708/value - {"text":"WebdriverRUR2Catrci"}
COMMAND: GET /session/71c44af9afc413c16551b89b0bbb4567/screenshot - {}
RESULT: {"text":"WebdriverRUR2Catrci"}
COMMAND: GET /session/71c44af9afc413c16551b89b0bbb4567/screenshot - {}
RESULT: {}
RESULT: {}
COMMAND: POST /session/71c44af9afc413c16551b89b0bbb4567/actions - {"actions":[{"id":"action14","type":"key","parameters":{},"actions":[{"type":"keyDown","value":"î€‡"},{"type":"pause","duration":10},{"type":"keyUp","value":"î€‡"}]}]}
RESULT: {"actions":[{"id":"action14","type":"key","parameters":{},"actions":[{"type":"keyDown","value":"î€‡"},{"type":"pause","duration":10},{"type":"keyUp","value":"î€‡"}]}]}
COMMAND: GET /session/71c44af9afc413c16551b89b0bbb4567/screenshot - {}
RESULT: {}
COMMAND: POST /session/71c44af9afc413c16551b89b0bbb4567/actions - {"actions":[{"id":"action15","type":"key","parameters":{},"actions":[{"type":"keyDown","value":"î€‡"},{"type":"pause","duration":10},{"type":"keyUp","value":"î€‡"}]}]}
RESULT: {"actions":[{"id":"action15","type":"key","parameters":{},"actions":[{"type":"keyDown","value":"î€‡"},{"type":"pause","duration":10},{"type":"keyUp","value":"î€‡"}]}]}
COMMAND: GET /session/71c44af9afc413c16551b89b0bbb4567/screenshot - {}
RESULT: {}
COMMAND: POST /session/71c44af9afc413c16551b89b0bbb4567/element - {"using":"xpath","value":"(//button[@data-kt=\"saveButton\"])[2]"}
RESULT: {"using":"xpath","value":"(//button[@data-kt=\"saveButton\"])[2]"}
COMMAND: POST /session/71c44af9afc413c16551b89b0bbb4567/element/f.1C4738C400B4D4A52759E6EA90F1F38B.d.7E1EF4F6A13B1902D13A9AFDCF017F50.e.4734/click - {}
RESULT: {}
COMMAND: GET /session/71c44af9afc413c16551b89b0bbb4567/screenshot - {}
RESULT: {}
]]></system-out>
    </testcase>
  </testsuite>
  <testsuite timestamp="2025-05-14T15:57:22" time="180.631" tests="1" failures="1" errors="1" skipped="0">
    <properties>
      <property name="specId" value="0" />
      <property name="suiteName" value="Create masterdata for Yard Overview - trigger provide US130988" />
      <property name="capabilities" value="chrome.136_0_7103_49.windows" />
      <property name="file" value="file:///D:/a/1/s/test/specs/R2C/site-overview-return.spec.js" />
    </properties>
  </testsuite>
</testsuites>